<?xml version="1.0" encoding="UTF-8"?>
<testsuite xmlns:xsi="http://www.w3.org/2001/XMLSchema-instance" xsi:noNamespaceSchemaLocation="https://maven.apache.org/surefire/maven-surefire-plugin/xsd/surefire-test-report-3.0.xsd" version="3.0" name="org.apache.hadoop.ozone.om.TestOmAcls" time="26.56" tests="7" errors="0" skipped="0" failures="1">
  <properties>
    <property name="awt.toolkit" value="sun.awt.X11.XToolkit"/>
    <property name="file.encoding.pkg" value="sun.io"/>
    <property name="java.specification.version" value="1.8"/>
    <property name="log4j.configurationFile" value="auditlog.properties"/>
    <property name="sun.cpu.isalist" value=""/>
    <property name="sun.jnu.encoding" value="UTF-8"/>
    <property name="java.class.path" value="/home/runner/work/ozone/ozone/hadoop-ozone/integration-test/target/test-classes:/home/runner/work/ozone/ozone/hadoop-ozone/integration-test/target/classes:/home/runner/.m2/repository/org/apache/ozone/ozone-common/1.4.0-SNAPSHOT/ozone-common-1.4.0-SNAPSHOT.jar:/home/runner/.m2/repository/io/grpc/grpc-netty/1.48.1/grpc-netty-1.48.1.jar:/home/runner/.m2/repository/io/grpc/grpc-core/1.48.1/grpc-core-1.48.1.jar:/home/runner/.m2/repository/com/google/android/annotations/4.1.1.4/annotations-4.1.1.4.jar:/home/runner/.m2/repository/org/codehaus/mojo/animal-sniffer-annotations/1.21/animal-sniffer-annotations-1.21.jar:/home/runner/.m2/repository/com/google/errorprone/error_prone_annotations/2.2.0/error_prone_annotations-2.2.0.jar:/home/runner/.m2/repository/io/perfmark/perfmark-api/0.25.0/perfmark-api-0.25.0.jar:/home/runner/.m2/repository/io/netty/netty-codec-http2/4.1.77.Final/netty-codec-http2-4.1.77.Final.jar:/home/runner/.m2/repository/io/netty/netty-common/4.1.77.Final/netty-common-4.1.77.Final.jar:/home/runner/.m2/repository/io/netty/netty-buffer/4.1.77.Final/netty-buffer-4.1.77.Final.jar:/home/runner/.m2/repository/io/netty/netty-codec-http/4.1.77.Final/netty-codec-http-4.1.77.Final.jar:/home/runner/.m2/repository/io/netty/netty-handler-proxy/4.1.77.Final/netty-handler-proxy-4.1.77.Final.jar:/home/runner/.m2/repository/io/netty/netty-codec-socks/4.1.77.Final/netty-codec-socks-4.1.77.Final.jar:/home/runner/.m2/repository/io/netty/netty-tcnative-boringssl-static/2.0.52.Final/netty-tcnative-boringssl-static-2.0.52.Final.jar:/home/runner/.m2/repository/io/netty/netty-tcnative-classes/2.0.52.Final/netty-tcnative-classes-2.0.52.Final.jar:/home/runner/.m2/repository/io/netty/netty-tcnative-boringssl-static/2.0.52.Final/netty-tcnative-boringssl-static-2.0.52.Final-linux-x86_64.jar:/home/runner/.m2/repository/io/netty/netty-tcnative-boringssl-static/2.0.52.Final/netty-tcnative-boringssl-static-2.0.52.Final-linux-aarch_64.jar:/home/runner/.m2/repository/io/netty/netty-tcnative-boringssl-static/2.0.52.Final/netty-tcnative-boringssl-static-2.0.52.Final-osx-x86_64.jar:/home/runner/.m2/repository/io/netty/netty-tcnative-boringssl-static/2.0.52.Final/netty-tcnative-boringssl-static-2.0.52.Final-osx-aarch_64.jar:/home/runner/.m2/repository/io/netty/netty-tcnative-boringssl-static/2.0.52.Final/netty-tcnative-boringssl-static-2.0.52.Final-windows-x86_64.jar:/home/runner/.m2/repository/org/apache/commons/commons-compress/1.21/commons-compress-1.21.jar:/home/runner/.m2/repository/org/apache/ozone/hdds-common/1.4.0-SNAPSHOT/hdds-common-1.4.0-SNAPSHOT.jar:/home/runner/.m2/repository/org/apache/ozone/hdds-client/1.4.0-SNAPSHOT/hdds-client-1.4.0-SNAPSHOT.jar:/home/runner/.m2/repository/org/apache/ozone/ozone-interface-client/1.4.0-SNAPSHOT/ozone-interface-client-1.4.0-SNAPSHOT.jar:/home/runner/.m2/repository/org/apache/ozone/hdds-test-utils/1.4.0-SNAPSHOT/hdds-test-utils-1.4.0-SNAPSHOT.jar:/home/runner/.m2/repository/com/google/guava/guava/31.1-jre/guava-31.1-jre.jar:/home/runner/.m2/repository/com/google/guava/failureaccess/1.0.1/failureaccess-1.0.1.jar:/home/runner/.m2/repository/com/google/guava/listenablefuture/9999.0-empty-to-avoid-conflict-with-guava/listenablefuture-9999.0-empty-to-avoid-conflict-with-guava.jar:/home/runner/.m2/repository/com/google/code/findbugs/jsr305/3.0.0/jsr305-3.0.0.jar:/home/runner/.m2/repository/org/checkerframework/checker-qual/3.12.0/checker-qual-3.12.0.jar:/home/runner/.m2/repository/com/google/j2objc/j2objc-annotations/1.3/j2objc-annotations-1.3.jar:/home/runner/.m2/repository/commons-io/commons-io/2.11.0/commons-io-2.11.0.jar:/home/runner/.m2/repository/commons-logging/commons-logging/1.2/commons-logging-1.2.jar:/home/runner/.m2/repository/ch/qos/reload4j/reload4j/1.2.22/reload4j-1.2.22.jar:/home/runner/.m2/repository/org/slf4j/slf4j-api/1.7.36/slf4j-api-1.7.36.jar:/home/runner/.m2/repository/org/apache/ozone/hdds-server-scm/1.4.0-SNAPSHOT/hdds-server-scm-1.4.0-SNAPSHOT.jar:/home/runner/.m2/repository/org/apache/ozone/hdds-container-service/1.4.0-SNAPSHOT/hdds-container-service-1.4.0-SNAPSHOT.jar:/home/runner/.m2/repository/org/apache/ozone/hdds-hadoop-dependency-server/1.4.0-SNAPSHOT/hdds-hadoop-dependency-server-1.4.0-SNAPSHOT.jar:/home/runner/.m2/repository/org/apache/hadoop/hadoop-hdfs/3.3.4/hadoop-hdfs-3.3.4.jar:/home/runner/.m2/repository/org/eclipse/jetty/jetty-util-ajax/9.4.49.v20220914/jetty-util-ajax-9.4.49.v20220914.jar:/home/runner/.m2/repository/commons-daemon/commons-daemon/1.0.13/commons-daemon-1.0.13.jar:/home/runner/.m2/repository/org/apache/ozone/hdds-server-framework/1.4.0-SNAPSHOT/hdds-server-framework-1.4.0-SNAPSHOT.jar:/home/runner/.m2/repository/org/apache/ozone/hdds-interface-server/1.4.0-SNAPSHOT/hdds-interface-server-1.4.0-SNAPSHOT.jar:/home/runner/.m2/repository/org/apache/commons/commons-configuration2/2.1.1/commons-configuration2-2.1.1.jar:/home/runner/.m2/repository/org/apache/logging/log4j/log4j-core/2.17.1/log4j-core-2.17.1.jar:/home/runner/.m2/repository/com/lmax/disruptor/3.4.2/disruptor-3.4.2.jar:/home/runner/.m2/repository/org/eclipse/jetty/jetty-servlet/9.4.49.v20220914/jetty-servlet-9.4.49.v20220914.jar:/home/runner/.m2/repository/org/eclipse/jetty/jetty-security/9.4.49.v20220914/jetty-security-9.4.49.v20220914.jar:/home/runner/.m2/repository/org/rocksdb/rocksdbjni/7.7.3/rocksdbjni-7.7.3.jar:/home/runner/.m2/repository/io/prometheus/simpleclient_dropwizard/0.7.0/simpleclient_dropwizard-0.7.0.jar:/home/runner/.m2/repository/io/prometheus/simpleclient/0.7.0/simpleclient-0.7.0.jar:/home/runner/.m2/repository/io/prometheus/simpleclient_common/0.7.0/simpleclient_common-0.7.0.jar:/home/runner/.m2/repository/com/github/spotbugs/spotbugs-annotations/3.1.12/spotbugs-annotations-3.1.12.jar:/home/runner/.m2/repository/io/dropwizard/metrics/metrics-core/3.2.4/metrics-core-3.2.4.jar:/home/runner/.m2/repository/org/apache/commons/commons-text/1.4/commons-text-1.4.jar:/home/runner/.m2/repository/org/apache/hadoop/hadoop-hdfs-client/3.3.4/hadoop-hdfs-client-3.3.4.jar:/home/runner/.m2/repository/com/squareup/okhttp3/okhttp/4.9.3/okhttp-4.9.3.jar:/home/runner/.m2/repository/com/squareup/okio/okio/2.8.0/okio-2.8.0.jar:/home/runner/.m2/repository/org/jetbrains/kotlin/kotlin-stdlib-common/1.4.10/kotlin-stdlib-common-1.4.10.jar:/home/runner/.m2/repository/org/bouncycastle/bcprov-jdk15on/1.67/bcprov-jdk15on-1.67.jar:/home/runner/.m2/repository/com/google/protobuf/protobuf-java/2.5.0/protobuf-java-2.5.0.jar:/home/runner/.m2/repository/org/apache/ozone/ozone-manager/1.4.0-SNAPSHOT/ozone-manager-1.4.0-SNAPSHOT.jar:/home/runner/.m2/repository/org/aspectj/aspectjrt/1.9.7/aspectjrt-1.9.7.jar:/home/runner/.m2/repository/org/aspectj/aspectjweaver/1.9.7/aspectjweaver-1.9.7.jar:/home/runner/.m2/repository/org/apache/ozone/hdds-interface-client/1.4.0-SNAPSHOT/hdds-interface-client-1.4.0-SNAPSHOT.jar:/home/runner/.m2/repository/org/apache/hadoop/thirdparty/hadoop-shaded-protobuf_3_7/1.1.1/hadoop-shaded-protobuf_3_7-1.1.1.jar:/home/runner/.m2/repository/org/apache/ozone/ozone-interface-storage/1.4.0-SNAPSHOT/ozone-interface-storage-1.4.0-SNAPSHOT.jar:/home/runner/.m2/repository/org/reflections/reflections/0.9.11/reflections-0.9.11.jar:/home/runner/.m2/repository/com/sun/jersey/jersey-client/1.19/jersey-client-1.19.jar:/home/runner/.m2/repository/org/apache/ranger/ranger-intg/2.3.0/ranger-intg-2.3.0.jar:/home/runner/.m2/repository/org/apache/ranger/ranger-plugins-common/2.3.0/ranger-plugins-common-2.3.0.jar:/home/runner/.m2/repository/commons-lang/commons-lang/2.6/commons-lang-2.6.jar:/home/runner/.m2/repository/org/codehaus/jackson/jackson-jaxrs/1.9.13/jackson-jaxrs-1.9.13.jar:/home/runner/.m2/repository/org/apache/ranger/ranger-plugins-cred/2.3.0/ranger-plugins-cred-2.3.0.jar:/home/runner/.m2/repository/org/apache/ranger/ranger-plugins-audit/2.3.0/ranger-plugins-audit-2.3.0.jar:/home/runner/.m2/repository/org/eclipse/jetty/jetty-client/9.4.31.v20200723/jetty-client-9.4.31.v20200723.jar:/home/runner/.m2/repository/org/apache/httpcomponents/httpmime/4.5.6/httpmime-4.5.6.jar:/home/runner/.m2/repository/org/apache/httpcomponents/httpcore-nio/4.4.6/httpcore-nio-4.4.6.jar:/home/runner/.m2/repository/org/apache/httpcomponents/httpasyncclient/4.1.3/httpasyncclient-4.1.3.jar:/home/runner/.m2/repository/com/carrotsearch/hppc/0.8.0/hppc-0.8.0.jar:/home/runner/.m2/repository/org/apache/orc/orc-core/1.5.8/orc-core-1.5.8.jar:/home/runner/.m2/repository/net/java/dev/jna/jna/5.2.0/jna-5.2.0.jar:/home/runner/.m2/repository/net/java/dev/jna/jna-platform/5.2.0/jna-platform-5.2.0.jar:/home/runner/.m2/repository/com/kstruct/gethostname4j/0.0.2/gethostname4j-0.0.2.jar:/home/runner/.m2/repository/org/apache/ranger/ranger-plugin-classloader/2.3.0/ranger-plugin-classloader-2.3.0.jar:/home/runner/.m2/repository/org/apache/hadoop/hadoop-minikdc/3.3.4/hadoop-minikdc-3.3.4.jar:/home/runner/.m2/repository/org/apache/kerby/kerb-simplekdc/1.0.1/kerb-simplekdc-1.0.1.jar:/home/runner/.m2/repository/org/apache/kerby/kerb-client/1.0.1/kerb-client-1.0.1.jar:/home/runner/.m2/repository/org/apache/kerby/kerby-config/1.0.1/kerby-config-1.0.1.jar:/home/runner/.m2/repository/org/apache/kerby/kerb-common/1.0.1/kerb-common-1.0.1.jar:/home/runner/.m2/repository/org/apache/kerby/kerb-crypto/1.0.1/kerb-crypto-1.0.1.jar:/home/runner/.m2/repository/org/apache/kerby/kerb-util/1.0.1/kerb-util-1.0.1.jar:/home/runner/.m2/repository/org/apache/kerby/token-provider/1.0.1/token-provider-1.0.1.jar:/home/runner/.m2/repository/org/apache/kerby/kerb-admin/1.0.1/kerb-admin-1.0.1.jar:/home/runner/.m2/repository/org/apache/kerby/kerb-server/1.0.1/kerb-server-1.0.1.jar:/home/runner/.m2/repository/org/apache/kerby/kerb-identity/1.0.1/kerb-identity-1.0.1.jar:/home/runner/.m2/repository/org/apache/kerby/kerby-xdr/1.0.1/kerby-xdr-1.0.1.jar:/home/runner/.m2/repository/org/apache/ozone/ozone-s3gateway/1.4.0-SNAPSHOT/ozone-s3gateway-1.4.0-SNAPSHOT.jar:/home/runner/.m2/repository/org/javassist/javassist/3.21.0-GA/javassist-3.21.0-GA.jar:/home/runner/.m2/repository/org/jboss/weld/servlet/weld-servlet/2.4.7.Final/weld-servlet-2.4.7.Final.jar:/home/runner/.m2/repository/org/glassfish/jersey/containers/jersey-container-servlet-core/2.34/jersey-container-servlet-core-2.34.jar:/home/runner/.m2/repository/org/glassfish/hk2/external/jakarta.inject/2.6.1/jakarta.inject-2.6.1.jar:/home/runner/.m2/repository/org/glassfish/jersey/core/jersey-common/2.34/jersey-common-2.34.jar:/home/runner/.m2/repository/jakarta/ws/rs/jakarta.ws.rs-api/2.1.6/jakarta.ws.rs-api-2.1.6.jar:/home/runner/.m2/repository/org/glassfish/jersey/ext/cdi/jersey-cdi1x/2.34/jersey-cdi1x-2.34.jar:/home/runner/.m2/repository/org/glassfish/jersey/inject/jersey-hk2/2.34/jersey-hk2-2.34.jar:/home/runner/.m2/repository/org/glassfish/hk2/hk2-locator/2.6.1/hk2-locator-2.6.1.jar:/home/runner/.m2/repository/org/glassfish/jersey/media/jersey-media-jaxb/2.34/jersey-media-jaxb-2.34.jar:/home/runner/.m2/repository/org/glassfish/hk2/osgi-resource-locator/1.0.3/osgi-resource-locator-1.0.3.jar:/home/runner/.m2/repository/org/glassfish/hk2/hk2-api/2.5.0/hk2-api-2.5.0.jar:/home/runner/.m2/repository/org/glassfish/hk2/hk2-utils/2.5.0/hk2-utils-2.5.0.jar:/home/runner/.m2/repository/org/glassfish/hk2/external/aopalliance-repackaged/2.5.0/aopalliance-repackaged-2.5.0.jar:/home/runner/.m2/repository/com/fasterxml/jackson/dataformat/jackson-dataformat-xml/2.13.4/jackson-dataformat-xml-2.13.4.jar:/home/runner/.m2/repository/com/fasterxml/jackson/core/jackson-core/2.13.4/jackson-core-2.13.4.jar:/home/runner/.m2/repository/org/codehaus/woodstox/stax2-api/4.2.1/stax2-api-4.2.1.jar:/home/runner/.m2/repository/com/fasterxml/woodstox/woodstox-core/5.4.0/woodstox-core-5.4.0.jar:/home/runner/.m2/repository/com/fasterxml/jackson/module/jackson-module-jaxb-annotations/2.13.4/jackson-module-jaxb-annotations-2.13.4.jar:/home/runner/.m2/repository/jakarta/xml/bind/jakarta.xml.bind-api/2.3.3/jakarta.xml.bind-api-2.3.3.jar:/home/runner/.m2/repository/jakarta/activation/jakarta.activation-api/1.2.1/jakarta.activation-api-1.2.1.jar:/home/runner/.m2/repository/javax/enterprise/cdi-api/1.2/cdi-api-1.2.jar:/home/runner/.m2/repository/javax/el/javax.el-api/3.0.0/javax.el-api-3.0.0.jar:/home/runner/.m2/repository/javax/interceptor/javax.interceptor-api/1.2/javax.interceptor-api-1.2.jar:/home/runner/.m2/repository/javax/inject/javax.inject/1/javax.inject-1.jar:/home/runner/.m2/repository/javax/xml/bind/jaxb-api/2.3.0/jaxb-api-2.3.0.jar:/home/runner/.m2/repository/org/glassfish/jaxb/jaxb-runtime/2.3.0.1/jaxb-runtime-2.3.0.1.jar:/home/runner/.m2/repository/org/glassfish/jaxb/jaxb-core/2.3.0.1/jaxb-core-2.3.0.1.jar:/home/runner/.m2/repository/org/glassfish/jaxb/txw2/2.3.0.1/txw2-2.3.0.1.jar:/home/runner/.m2/repository/com/sun/istack/istack-commons-runtime/3.0.5/istack-commons-runtime-3.0.5.jar:/home/runner/.m2/repository/org/jvnet/staxex/stax-ex/1.7.8/stax-ex-1.7.8.jar:/home/runner/.m2/repository/com/sun/xml/fastinfoset/FastInfoset/1.2.13/FastInfoset-1.2.13.jar:/home/runner/.m2/repository/javax/activation/activation/1.1.1/activation-1.1.1.jar:/home/runner/.m2/repository/io/grpc/grpc-protobuf/1.48.1/grpc-protobuf-1.48.1.jar:/home/runner/.m2/repository/io/grpc/grpc-api/1.48.1/grpc-api-1.48.1.jar:/home/runner/.m2/repository/io/grpc/grpc-context/1.48.1/grpc-context-1.48.1.jar:/home/runner/.m2/repository/com/google/api/grpc/proto-google-common-protos/2.9.0/proto-google-common-protos-2.9.0.jar:/home/runner/.m2/repository/io/grpc/grpc-protobuf-lite/1.48.1/grpc-protobuf-lite-1.48.1.jar:/home/runner/.m2/repository/io/grpc/grpc-stub/1.48.1/grpc-stub-1.48.1.jar:/home/runner/.m2/repository/io/netty/netty-transport/4.1.77.Final/netty-transport-4.1.77.Final.jar:/home/runner/.m2/repository/io/netty/netty-resolver/4.1.77.Final/netty-resolver-4.1.77.Final.jar:/home/runner/.m2/repository/org/apache/ozone/ozone-csi/1.4.0-SNAPSHOT/ozone-csi-1.4.0-SNAPSHOT.jar:/home/runner/.m2/repository/com/google/protobuf/protobuf-java-util/3.19.6/protobuf-java-util-3.19.6.jar:/home/runner/.m2/repository/com/google/code/gson/gson/2.9.0/gson-2.9.0.jar:/home/runner/.m2/repository/org/apache/ozone/hdds-config/1.4.0-SNAPSHOT/hdds-config-1.4.0-SNAPSHOT.jar:/home/runner/.m2/repository/io/netty/netty-transport-native-epoll/4.1.77.Final/netty-transport-native-epoll-4.1.77.Final-linux-x86_64.jar:/home/runner/.m2/repository/io/netty/netty-transport-classes-epoll/4.1.77.Final/netty-transport-classes-epoll-4.1.77.Final.jar:/home/runner/.m2/repository/io/netty/netty-transport-native-unix-common/4.1.77.Final/netty-transport-native-unix-common-4.1.77.Final.jar:/home/runner/.m2/repository/org/slf4j/slf4j-reload4j/1.7.36/slf4j-reload4j-1.7.36.jar:/home/runner/.m2/repository/org/apache/ozone/ozone-recon/1.4.0-SNAPSHOT/ozone-recon-1.4.0-SNAPSHOT.jar:/home/runner/.m2/repository/org/apache/ozone/ozone-reconcodegen/1.4.0-SNAPSHOT/ozone-reconcodegen-1.4.0-SNAPSHOT.jar:/home/runner/.m2/repository/com/google/inject/extensions/guice-multibindings/4.0/guice-multibindings-4.0.jar:/home/runner/.m2/repository/com/google/inject/guice/4.0/guice-4.0.jar:/home/runner/.m2/repository/aopalliance/aopalliance/1.0/aopalliance-1.0.jar:/home/runner/.m2/repository/com/google/inject/extensions/guice-assistedinject/4.0/guice-assistedinject-4.0.jar:/home/runner/.m2/repository/com/google/inject/extensions/guice-servlet/4.0/guice-servlet-4.0.jar:/home/runner/.m2/repository/org/glassfish/jersey/containers/jersey-container-servlet/2.34/jersey-container-servlet-2.34.jar:/home/runner/.m2/repository/org/glassfish/hk2/guice-bridge/2.5.0/guice-bridge-2.5.0.jar:/home/runner/.m2/repository/org/glassfish/jersey/core/jersey-server/2.34/jersey-server-2.34.jar:/home/runner/.m2/repository/org/glassfish/jersey/core/jersey-client/2.34/jersey-client-2.34.jar:/home/runner/.m2/repository/jakarta/annotation/jakarta.annotation-api/1.3.5/jakarta.annotation-api-1.3.5.jar:/home/runner/.m2/repository/jakarta/validation/jakarta.validation-api/2.0.2/jakarta.validation-api-2.0.2.jar:/home/runner/.m2/repository/org/glassfish/jersey/media/jersey-media-json-jackson/2.34/jersey-media-json-jackson-2.34.jar:/home/runner/.m2/repository/org/glassfish/jersey/ext/jersey-entity-filtering/2.34/jersey-entity-filtering-2.34.jar:/home/runner/.m2/repository/org/jooq/jooq/3.11.10/jooq-3.11.10.jar:/home/runner/.m2/repository/org/jooq/jooq-meta/3.11.10/jooq-meta-3.11.10.jar:/home/runner/.m2/repository/org/jooq/jooq-codegen/3.11.10/jooq-codegen-3.11.10.jar:/home/runner/.m2/repository/com/jolbox/bonecp/0.8.0.RELEASE/bonecp-0.8.0.RELEASE.jar:/home/runner/.m2/repository/org/apache/derby/derby/10.14.2.0/derby-10.14.2.0.jar:/home/runner/.m2/repository/org/xerial/sqlite-jdbc/3.25.2/sqlite-jdbc-3.25.2.jar:/home/runner/.m2/repository/org/springframework/spring-jdbc/5.3.23/spring-jdbc-5.3.23.jar:/home/runner/.m2/repository/org/springframework/spring-beans/5.3.23/spring-beans-5.3.23.jar:/home/runner/.m2/repository/org/springframework/spring-core/5.3.23/spring-core-5.3.23.jar:/home/runner/.m2/repository/org/springframework/spring-jcl/5.3.23/spring-jcl-5.3.23.jar:/home/runner/.m2/repository/org/springframework/spring-tx/5.3.23/spring-tx-5.3.23.jar:/home/runner/.m2/repository/org/apache/ozone/ozone-client/1.4.0-SNAPSHOT/ozone-client-1.4.0-SNAPSHOT.jar:/home/runner/.m2/repository/org/apache/ozone/hdds-erasurecode/1.4.0-SNAPSHOT/hdds-erasurecode-1.4.0-SNAPSHOT.jar:/home/runner/.m2/repository/org/apache/ozone/ozone-filesystem/1.4.0-SNAPSHOT/ozone-filesystem-1.4.0-SNAPSHOT.jar:/home/runner/.m2/repository/org/apache/ozone/ozone-filesystem-common/1.4.0-SNAPSHOT/ozone-filesystem-common-1.4.0-SNAPSHOT.jar:/home/runner/.m2/repository/org/apache/ozone/ozone-tools/1.4.0-SNAPSHOT/ozone-tools-1.4.0-SNAPSHOT.jar:/home/runner/.m2/repository/org/apache/ratis/ratis-tools/2.4.2-8b8bdda-SNAPSHOT/ratis-tools-2.4.2-8b8bdda-SNAPSHOT.jar:/home/runner/.m2/repository/com/amazonaws/aws-java-sdk-core/1.12.261/aws-java-sdk-core-1.12.261.jar:/home/runner/.m2/repository/org/apache/httpcomponents/httpclient/4.5.13/httpclient-4.5.13.jar:/home/runner/.m2/repository/org/apache/httpcomponents/httpcore/4.4.13/httpcore-4.4.13.jar:/home/runner/.m2/repository/software/amazon/ion/ion-java/1.0.2/ion-java-1.0.2.jar:/home/runner/.m2/repository/com/fasterxml/jackson/dataformat/jackson-dataformat-cbor/2.13.4/jackson-dataformat-cbor-2.13.4.jar:/home/runner/.m2/repository/joda-time/joda-time/2.8.1/joda-time-2.8.1.jar:/home/runner/.m2/repository/com/amazonaws/aws-java-sdk-s3/1.12.261/aws-java-sdk-s3-1.12.261.jar:/home/runner/.m2/repository/com/amazonaws/aws-java-sdk-kms/1.12.261/aws-java-sdk-kms-1.12.261.jar:/home/runner/.m2/repository/com/amazonaws/jmespath-java/1.12.261/jmespath-java-1.12.261.jar:/home/runner/.m2/repository/org/kohsuke/metainf-services/metainf-services/1.8/metainf-services-1.8.jar:/home/runner/.m2/repository/org/apache/ozone/hdds-tools/1.4.0-SNAPSHOT/hdds-tools-1.4.0-SNAPSHOT.jar:/home/runner/.m2/repository/commons-cli/commons-cli/1.2/commons-cli-1.2.jar:/home/runner/.m2/repository/org/apache/commons/commons-lang3/3.7/commons-lang3-3.7.jar:/home/runner/.m2/repository/org/apache/ozone/ozone-manager/1.4.0-SNAPSHOT/ozone-manager-1.4.0-SNAPSHOT-tests.jar:/home/runner/.m2/repository/org/apache/ozone/hdds-common/1.4.0-SNAPSHOT/hdds-common-1.4.0-SNAPSHOT-tests.jar:/home/runner/.m2/repository/org/apache/ozone/hdds-hadoop-dependency-client/1.4.0-SNAPSHOT/hdds-hadoop-dependency-client-1.4.0-SNAPSHOT.jar:/home/runner/.m2/repository/info/picocli/picocli/4.6.1/picocli-4.6.1.jar:/home/runner/.m2/repository/com/fasterxml/jackson/core/jackson-annotations/2.13.4/jackson-annotations-2.13.4.jar:/home/runner/.m2/repository/com/fasterxml/jackson/datatype/jackson-datatype-jsr310/2.13.4/jackson-datatype-jsr310-2.13.4.jar:/home/runner/.m2/repository/org/apache/ozone/hdds-annotation-processing/1.4.0-SNAPSHOT/hdds-annotation-processing-1.4.0-SNAPSHOT.jar:/home/runner/.m2/repository/javax/annotation/javax.annotation-api/1.2/javax.annotation-api-1.2.jar:/home/runner/.m2/repository/org/apache/ratis/ratis-server/2.4.2-8b8bdda-SNAPSHOT/ratis-server-2.4.2-8b8bdda-SNAPSHOT.jar:/home/runner/.m2/repository/org/apache/ratis/ratis-client/2.4.2-8b8bdda-SNAPSHOT/ratis-client-2.4.2-8b8bdda-SNAPSHOT.jar:/home/runner/.m2/repository/org/apache/ratis/ratis-server-api/2.4.2-8b8bdda-SNAPSHOT/ratis-server-api-2.4.2-8b8bdda-SNAPSHOT.jar:/home/runner/.m2/repository/org/apache/ratis/ratis-metrics/2.4.2-8b8bdda-SNAPSHOT/ratis-metrics-2.4.2-8b8bdda-SNAPSHOT.jar:/home/runner/.m2/repository/org/apache/ratis/ratis-netty/2.4.2-8b8bdda-SNAPSHOT/ratis-netty-2.4.2-8b8bdda-SNAPSHOT.jar:/home/runner/.m2/repository/org/apache/ratis/ratis-grpc/2.4.2-8b8bdda-SNAPSHOT/ratis-grpc-2.4.2-8b8bdda-SNAPSHOT.jar:/home/runner/.m2/repository/org/apache/logging/log4j/log4j-api/2.17.1/log4j-api-2.17.1.jar:/home/runner/.m2/repository/org/apache/commons/commons-pool2/2.6.0/commons-pool2-2.6.0.jar:/home/runner/.m2/repository/org/bouncycastle/bcpkix-jdk15on/1.67/bcpkix-jdk15on-1.67.jar:/home/runner/.m2/repository/commons-validator/commons-validator/1.6/commons-validator-1.6.jar:/home/runner/.m2/repository/commons-beanutils/commons-beanutils/1.9.4/commons-beanutils-1.9.4.jar:/home/runner/.m2/repository/commons-digester/commons-digester/1.8.1/commons-digester-1.8.1.jar:/home/runner/.m2/repository/commons-collections/commons-collections/3.2.2/commons-collections-3.2.2.jar:/home/runner/.m2/repository/io/jaegertracing/jaeger-client/1.6.0/jaeger-client-1.6.0.jar:/home/runner/.m2/repository/io/jaegertracing/jaeger-thrift/1.6.0/jaeger-thrift-1.6.0.jar:/home/runner/.m2/repository/org/apache/thrift/libthrift/0.14.1/libthrift-0.14.1.jar:/home/runner/.m2/repository/io/jaegertracing/jaeger-core/1.6.0/jaeger-core-1.6.0.jar:/home/runner/.m2/repository/io/jaegertracing/jaeger-tracerresolver/1.6.0/jaeger-tracerresolver-1.6.0.jar:/home/runner/.m2/repository/io/opentracing/contrib/opentracing-tracerresolver/0.1.8/opentracing-tracerresolver-0.1.8.jar:/home/runner/.m2/repository/org/jetbrains/kotlin/kotlin-stdlib/1.6.21/kotlin-stdlib-1.6.21.jar:/home/runner/.m2/repository/org/jetbrains/annotations/13.0/annotations-13.0.jar:/home/runner/.m2/repository/io/opentracing/opentracing-util/0.33.0/opentracing-util-0.33.0.jar:/home/runner/.m2/repository/io/opentracing/opentracing-api/0.33.0/opentracing-api-0.33.0.jar:/home/runner/.m2/repository/io/opentracing/opentracing-noop/0.33.0/opentracing-noop-0.33.0.jar:/home/runner/.m2/repository/org/yaml/snakeyaml/1.33/snakeyaml-1.33.jar:/home/runner/.m2/repository/org/apache/ozone/hdds-interface-admin/1.4.0-SNAPSHOT/hdds-interface-admin-1.4.0-SNAPSHOT.jar:/home/runner/.m2/repository/junit/junit/4.13.1/junit-4.13.1.jar:/home/runner/.m2/repository/org/hamcrest/hamcrest-core/1.3/hamcrest-core-1.3.jar:/home/runner/.m2/repository/org/junit/jupiter/junit-jupiter-api/5.8.2/junit-jupiter-api-5.8.2.jar:/home/runner/.m2/repository/org/opentest4j/opentest4j/1.2.0/opentest4j-1.2.0.jar:/home/runner/.m2/repository/org/junit/platform/junit-platform-commons/1.8.2/junit-platform-commons-1.8.2.jar:/home/runner/.m2/repository/org/apiguardian/apiguardian-api/1.1.2/apiguardian-api-1.1.2.jar:/home/runner/.m2/repository/org/junit/jupiter/junit-jupiter-params/5.8.2/junit-jupiter-params-5.8.2.jar:/home/runner/.m2/repository/org/junit/jupiter/junit-jupiter-migrationsupport/5.8.2/junit-jupiter-migrationsupport-5.8.2.jar:/home/runner/.m2/repository/org/junit/jupiter/junit-jupiter-engine/5.8.2/junit-jupiter-engine-5.8.2.jar:/home/runner/.m2/repository/org/junit/platform/junit-platform-engine/1.8.2/junit-platform-engine-1.8.2.jar:/home/runner/.m2/repository/org/junit/vintage/junit-vintage-engine/5.8.2/junit-vintage-engine-5.8.2.jar:/home/runner/.m2/repository/org/junit/platform/junit-platform-launcher/1.8.2/junit-platform-launcher-1.8.2.jar:/home/runner/.m2/repository/org/mockito/mockito-core/2.28.2/mockito-core-2.28.2.jar:/home/runner/.m2/repository/net/bytebuddy/byte-buddy/1.9.10/byte-buddy-1.9.10.jar:/home/runner/.m2/repository/net/bytebuddy/byte-buddy-agent/1.9.10/byte-buddy-agent-1.9.10.jar:/home/runner/.m2/repository/org/objenesis/objenesis/1.0/objenesis-1.0.jar:/home/runner/.m2/repository/org/apache/hadoop/hadoop-kms/3.3.4/hadoop-kms-3.3.4.jar:/home/runner/.m2/repository/org/apache/hadoop/hadoop-auth/3.3.4/hadoop-auth-3.3.4.jar:/home/runner/.m2/repository/com/nimbusds/nimbus-jose-jwt/9.8.1/nimbus-jose-jwt-9.8.1.jar:/home/runner/.m2/repository/com/github/stephenc/jcip/jcip-annotations/1.0-1/jcip-annotations-1.0-1.jar:/home/runner/.m2/repository/net/minidev/json-smart/2.4.7/json-smart-2.4.7.jar:/home/runner/.m2/repository/net/minidev/accessors-smart/2.4.7/accessors-smart-2.4.7.jar:/home/runner/.m2/repository/org/ow2/asm/asm/5.0.4/asm-5.0.4.jar:/home/runner/.m2/repository/org/apache/zookeeper/zookeeper/3.5.6/zookeeper-3.5.6.jar:/home/runner/.m2/repository/org/apache/zookeeper/zookeeper-jute/3.5.6/zookeeper-jute-3.5.6.jar:/home/runner/.m2/repository/org/apache/yetus/audience-annotations/0.5.0/audience-annotations-0.5.0.jar:/home/runner/.m2/repository/org/apache/curator/curator-framework/4.2.0/curator-framework-4.2.0.jar:/home/runner/.m2/repository/org/apache/hadoop/thirdparty/hadoop-shaded-guava/1.1.1/hadoop-shaded-guava-1.1.1.jar:/home/runner/.m2/repository/com/sun/jersey/jersey-core/1.19/jersey-core-1.19.jar:/home/runner/.m2/repository/javax/ws/rs/jsr311-api/1.1.1/jsr311-api-1.1.1.jar:/home/runner/.m2/repository/com/sun/jersey/jersey-server/1.19/jersey-server-1.19.jar:/home/runner/.m2/repository/javax/servlet/javax.servlet-api/3.1.0/javax.servlet-api-3.1.0.jar:/home/runner/.m2/repository/org/eclipse/jetty/jetty-server/9.4.49.v20220914/jetty-server-9.4.49.v20220914.jar:/home/runner/.m2/repository/org/eclipse/jetty/jetty-http/9.4.49.v20220914/jetty-http-9.4.49.v20220914.jar:/home/runner/.m2/repository/org/eclipse/jetty/jetty-io/9.4.49.v20220914/jetty-io-9.4.49.v20220914.jar:/home/runner/.m2/repository/org/eclipse/jetty/jetty-webapp/9.4.49.v20220914/jetty-webapp-9.4.49.v20220914.jar:/home/runner/.m2/repository/org/eclipse/jetty/jetty-xml/9.4.49.v20220914/jetty-xml-9.4.49.v20220914.jar:/home/runner/.m2/repository/org/apache/hadoop/hadoop-common/3.3.4/hadoop-common-3.3.4.jar:/home/runner/.m2/repository/org/apache/commons/commons-math3/3.1.1/commons-math3-3.1.1.jar:/home/runner/.m2/repository/commons-net/commons-net/3.9.0/commons-net-3.9.0.jar:/home/runner/.m2/repository/com/sun/jersey/jersey-servlet/1.19/jersey-servlet-1.19.jar:/home/runner/.m2/repository/com/sun/jersey/jersey-json/1.19/jersey-json-1.19.jar:/home/runner/.m2/repository/org/codehaus/jettison/jettison/1.1/jettison-1.1.jar:/home/runner/.m2/repository/com/sun/xml/bind/jaxb-impl/2.2.3-1/jaxb-impl-2.2.3-1.jar:/home/runner/.m2/repository/org/codehaus/jackson/jackson-xc/1.9.2/jackson-xc-1.9.2.jar:/home/runner/.m2/repository/com/google/re2j/re2j/1.1/re2j-1.1.jar:/home/runner/.m2/repository/com/jcraft/jsch/0.1.54/jsch-0.1.54.jar:/home/runner/.m2/repository/org/apache/curator/curator-client/4.2.0/curator-client-4.2.0.jar:/home/runner/.m2/repository/org/apache/curator/curator-recipes/4.2.0/curator-recipes-4.2.0.jar:/home/runner/.m2/repository/org/apache/kerby/kerb-core/1.0.1/kerb-core-1.0.1.jar:/home/runner/.m2/repository/org/apache/kerby/kerby-pkix/1.0.1/kerby-pkix-1.0.1.jar:/home/runner/.m2/repository/org/apache/kerby/kerby-asn1/1.0.1/kerby-asn1-1.0.1.jar:/home/runner/.m2/repository/org/apache/kerby/kerby-util/1.0.1/kerby-util-1.0.1.jar:/home/runner/.m2/repository/dnsjava/dnsjava/2.1.7/dnsjava-2.1.7.jar:/home/runner/.m2/repository/org/xerial/snappy/snappy-java/1.1.8.2/snappy-java-1.1.8.2.jar:/home/runner/.m2/repository/org/eclipse/jetty/jetty-util/9.4.49.v20220914/jetty-util-9.4.49.v20220914.jar:/home/runner/.m2/repository/com/fasterxml/jackson/core/jackson-databind/2.13.4.2/jackson-databind-2.13.4.2.jar:/home/runner/.m2/repository/org/apache/hadoop/hadoop-kms/3.3.4/hadoop-kms-3.3.4-tests.jar:/home/runner/.m2/repository/org/apache/ozone/hdds-server-scm/1.4.0-SNAPSHOT/hdds-server-scm-1.4.0-SNAPSHOT-tests.jar:/home/runner/.m2/repository/org/apache/ozone/hdds-container-service/1.4.0-SNAPSHOT/hdds-container-service-1.4.0-SNAPSHOT-tests.jar:/home/runner/.m2/repository/com/github/luben/zstd-jni/1.5.2-5/zstd-jni-1.5.2-5.jar:/home/runner/.m2/repository/commons-codec/commons-codec/1.15/commons-codec-1.15.jar:/home/runner/.m2/repository/io/netty/netty-codec/4.1.77.Final/netty-codec-4.1.77.Final.jar:/home/runner/.m2/repository/io/netty/netty-handler/4.1.77.Final/netty-handler-4.1.77.Final.jar:/home/runner/.m2/repository/org/apache/ozone/hdds-hadoop-dependency-test/1.4.0-SNAPSHOT/hdds-hadoop-dependency-test-1.4.0-SNAPSHOT.jar:/home/runner/.m2/repository/org/apache/hadoop/hadoop-common/3.3.4/hadoop-common-3.3.4-tests.jar:/home/runner/.m2/repository/org/apache/hadoop/hadoop-hdfs/3.3.4/hadoop-hdfs-3.3.4-tests.jar:/home/runner/.m2/repository/org/assertj/assertj-core/3.12.2/assertj-core-3.12.2.jar:/home/runner/.m2/repository/org/apache/hadoop/hadoop-distcp/3.3.4/hadoop-distcp-3.3.4.jar:/home/runner/.m2/repository/org/apache/hadoop/hadoop-mapreduce-client-jobclient/3.3.4/hadoop-mapreduce-client-jobclient-3.3.4.jar:/home/runner/.m2/repository/org/apache/hadoop/hadoop-mapreduce-client-common/3.3.4/hadoop-mapreduce-client-common-3.3.4.jar:/home/runner/.m2/repository/org/apache/hadoop/hadoop-yarn-common/3.3.4/hadoop-yarn-common-3.3.4.jar:/home/runner/.m2/repository/org/apache/hadoop/hadoop-yarn-api/3.3.4/hadoop-yarn-api-3.3.4.jar:/home/runner/.m2/repository/com/sun/jersey/contribs/jersey-guice/1.19/jersey-guice-1.19.jar:/home/runner/.m2/repository/com/fasterxml/jackson/jaxrs/jackson-jaxrs-json-provider/2.13.4/jackson-jaxrs-json-provider-2.13.4.jar:/home/runner/.m2/repository/com/fasterxml/jackson/jaxrs/jackson-jaxrs-base/2.13.4/jackson-jaxrs-base-2.13.4.jar:/home/runner/.m2/repository/org/apache/hadoop/hadoop-yarn-client/3.3.4/hadoop-yarn-client-3.3.4.jar:/home/runner/.m2/repository/org/eclipse/jetty/websocket/websocket-client/9.4.43.v20210629/websocket-client-9.4.43.v20210629.jar:/home/runner/.m2/repository/org/eclipse/jetty/websocket/websocket-common/9.4.43.v20210629/websocket-common-9.4.43.v20210629.jar:/home/runner/.m2/repository/org/eclipse/jetty/websocket/websocket-api/9.4.43.v20210629/websocket-api-9.4.43.v20210629.jar:/home/runner/.m2/repository/org/jline/jline/3.9.0/jline-3.9.0.jar:/home/runner/.m2/repository/org/apache/hadoop/hadoop-mapreduce-client-core/3.3.4/hadoop-mapreduce-client-core-3.3.4.jar:/home/runner/.m2/repository/org/apache/avro/avro/1.7.7/avro-1.7.7.jar:/home/runner/.m2/repository/org/codehaus/jackson/jackson-core-asl/1.9.13/jackson-core-asl-1.9.13.jar:/home/runner/.m2/repository/org/codehaus/jackson/jackson-mapper-asl/1.9.13/jackson-mapper-asl-1.9.13.jar:/home/runner/.m2/repository/com/thoughtworks/paranamer/paranamer/2.3/paranamer-2.3.jar:/home/runner/.m2/repository/org/apache/hadoop/hadoop-annotations/3.3.4/hadoop-annotations-3.3.4.jar:/usr/lib/jvm/temurin-8-jdk-amd64/jre/../lib/tools.jar:/home/runner/.m2/repository/io/netty/netty/3.10.6.Final/netty-3.10.6.Final.jar:/home/runner/.m2/repository/org/apache/hadoop/hadoop-distcp/3.3.4/hadoop-distcp-3.3.4-tests.jar:/home/runner/.m2/repository/org/slf4j/jul-to-slf4j/1.7.36/jul-to-slf4j-1.7.36.jar:/home/runner/.m2/repository/org/apache/ratis/ratis-common/2.4.2-8b8bdda-SNAPSHOT/ratis-common-2.4.2-8b8bdda-SNAPSHOT.jar:/home/runner/.m2/repository/org/apache/ratis/ratis-thirdparty-misc/1.0.3/ratis-thirdparty-misc-1.0.3.jar:/home/runner/.m2/repository/org/apache/ratis/ratis-proto/2.4.2-8b8bdda-SNAPSHOT/ratis-proto-2.4.2-8b8bdda-SNAPSHOT.jar:"/>
    <property name="java.vm.vendor" value="Temurin"/>
    <property name="sun.arch.data.model" value="64"/>
    <property name="test.build.dir" value="/home/runner/work/ozone/ozone/hadoop-ozone/integration-test/target/test-dir"/>
    <property name="test.cache.data" value=""/>
    <property name="java.vendor.url" value="https://adoptium.net/"/>
    <property name="user.timezone" value="Etc/UTC"/>
    <property name="java.vm.specification.version" value="1.8"/>
    <property name="os.name" value="Linux"/>
    <property name="test.build.data" value="/home/runner/work/ozone/ozone/hadoop-ozone/integration-test/target/test-dir"/>
    <property name="sun.java.launcher" value="SUN_STANDARD"/>
    <property name="sun.boot.library.path" value="/usr/lib/jvm/temurin-8-jdk-amd64/jre/lib/amd64"/>
    <property name="sun.java.command" value="/home/runner/work/ozone/ozone/hadoop-ozone/integration-test/target/surefire/surefirebooter3299347332881791923.jar /home/runner/work/ozone/ozone/hadoop-ozone/integration-test/target/surefire 2023-01-05T09-10-26_001-jvmRun1 surefire6189460963957673963tmp surefire_407050648756036521964tmp"/>
    <property name="surefire.test.class.path" value="/home/runner/work/ozone/ozone/hadoop-ozone/integration-test/target/test-classes:/home/runner/work/ozone/ozone/hadoop-ozone/integration-test/target/classes:/home/runner/.m2/repository/org/apache/ozone/ozone-common/1.4.0-SNAPSHOT/ozone-common-1.4.0-SNAPSHOT.jar:/home/runner/.m2/repository/io/grpc/grpc-netty/1.48.1/grpc-netty-1.48.1.jar:/home/runner/.m2/repository/io/grpc/grpc-core/1.48.1/grpc-core-1.48.1.jar:/home/runner/.m2/repository/com/google/android/annotations/4.1.1.4/annotations-4.1.1.4.jar:/home/runner/.m2/repository/org/codehaus/mojo/animal-sniffer-annotations/1.21/animal-sniffer-annotations-1.21.jar:/home/runner/.m2/repository/com/google/errorprone/error_prone_annotations/2.2.0/error_prone_annotations-2.2.0.jar:/home/runner/.m2/repository/io/perfmark/perfmark-api/0.25.0/perfmark-api-0.25.0.jar:/home/runner/.m2/repository/io/netty/netty-codec-http2/4.1.77.Final/netty-codec-http2-4.1.77.Final.jar:/home/runner/.m2/repository/io/netty/netty-common/4.1.77.Final/netty-common-4.1.77.Final.jar:/home/runner/.m2/repository/io/netty/netty-buffer/4.1.77.Final/netty-buffer-4.1.77.Final.jar:/home/runner/.m2/repository/io/netty/netty-codec-http/4.1.77.Final/netty-codec-http-4.1.77.Final.jar:/home/runner/.m2/repository/io/netty/netty-handler-proxy/4.1.77.Final/netty-handler-proxy-4.1.77.Final.jar:/home/runner/.m2/repository/io/netty/netty-codec-socks/4.1.77.Final/netty-codec-socks-4.1.77.Final.jar:/home/runner/.m2/repository/io/netty/netty-tcnative-boringssl-static/2.0.52.Final/netty-tcnative-boringssl-static-2.0.52.Final.jar:/home/runner/.m2/repository/io/netty/netty-tcnative-classes/2.0.52.Final/netty-tcnative-classes-2.0.52.Final.jar:/home/runner/.m2/repository/io/netty/netty-tcnative-boringssl-static/2.0.52.Final/netty-tcnative-boringssl-static-2.0.52.Final-linux-x86_64.jar:/home/runner/.m2/repository/io/netty/netty-tcnative-boringssl-static/2.0.52.Final/netty-tcnative-boringssl-static-2.0.52.Final-linux-aarch_64.jar:/home/runner/.m2/repository/io/netty/netty-tcnative-boringssl-static/2.0.52.Final/netty-tcnative-boringssl-static-2.0.52.Final-osx-x86_64.jar:/home/runner/.m2/repository/io/netty/netty-tcnative-boringssl-static/2.0.52.Final/netty-tcnative-boringssl-static-2.0.52.Final-osx-aarch_64.jar:/home/runner/.m2/repository/io/netty/netty-tcnative-boringssl-static/2.0.52.Final/netty-tcnative-boringssl-static-2.0.52.Final-windows-x86_64.jar:/home/runner/.m2/repository/org/apache/commons/commons-compress/1.21/commons-compress-1.21.jar:/home/runner/.m2/repository/org/apache/ozone/hdds-common/1.4.0-SNAPSHOT/hdds-common-1.4.0-SNAPSHOT.jar:/home/runner/.m2/repository/org/apache/ozone/hdds-client/1.4.0-SNAPSHOT/hdds-client-1.4.0-SNAPSHOT.jar:/home/runner/.m2/repository/org/apache/ozone/ozone-interface-client/1.4.0-SNAPSHOT/ozone-interface-client-1.4.0-SNAPSHOT.jar:/home/runner/.m2/repository/org/apache/ozone/hdds-test-utils/1.4.0-SNAPSHOT/hdds-test-utils-1.4.0-SNAPSHOT.jar:/home/runner/.m2/repository/com/google/guava/guava/31.1-jre/guava-31.1-jre.jar:/home/runner/.m2/repository/com/google/guava/failureaccess/1.0.1/failureaccess-1.0.1.jar:/home/runner/.m2/repository/com/google/guava/listenablefuture/9999.0-empty-to-avoid-conflict-with-guava/listenablefuture-9999.0-empty-to-avoid-conflict-with-guava.jar:/home/runner/.m2/repository/com/google/code/findbugs/jsr305/3.0.0/jsr305-3.0.0.jar:/home/runner/.m2/repository/org/checkerframework/checker-qual/3.12.0/checker-qual-3.12.0.jar:/home/runner/.m2/repository/com/google/j2objc/j2objc-annotations/1.3/j2objc-annotations-1.3.jar:/home/runner/.m2/repository/commons-io/commons-io/2.11.0/commons-io-2.11.0.jar:/home/runner/.m2/repository/commons-logging/commons-logging/1.2/commons-logging-1.2.jar:/home/runner/.m2/repository/ch/qos/reload4j/reload4j/1.2.22/reload4j-1.2.22.jar:/home/runner/.m2/repository/org/slf4j/slf4j-api/1.7.36/slf4j-api-1.7.36.jar:/home/runner/.m2/repository/org/apache/ozone/hdds-server-scm/1.4.0-SNAPSHOT/hdds-server-scm-1.4.0-SNAPSHOT.jar:/home/runner/.m2/repository/org/apache/ozone/hdds-container-service/1.4.0-SNAPSHOT/hdds-container-service-1.4.0-SNAPSHOT.jar:/home/runner/.m2/repository/org/apache/ozone/hdds-hadoop-dependency-server/1.4.0-SNAPSHOT/hdds-hadoop-dependency-server-1.4.0-SNAPSHOT.jar:/home/runner/.m2/repository/org/apache/hadoop/hadoop-hdfs/3.3.4/hadoop-hdfs-3.3.4.jar:/home/runner/.m2/repository/org/eclipse/jetty/jetty-util-ajax/9.4.49.v20220914/jetty-util-ajax-9.4.49.v20220914.jar:/home/runner/.m2/repository/commons-daemon/commons-daemon/1.0.13/commons-daemon-1.0.13.jar:/home/runner/.m2/repository/org/apache/ozone/hdds-server-framework/1.4.0-SNAPSHOT/hdds-server-framework-1.4.0-SNAPSHOT.jar:/home/runner/.m2/repository/org/apache/ozone/hdds-interface-server/1.4.0-SNAPSHOT/hdds-interface-server-1.4.0-SNAPSHOT.jar:/home/runner/.m2/repository/org/apache/commons/commons-configuration2/2.1.1/commons-configuration2-2.1.1.jar:/home/runner/.m2/repository/org/apache/logging/log4j/log4j-core/2.17.1/log4j-core-2.17.1.jar:/home/runner/.m2/repository/com/lmax/disruptor/3.4.2/disruptor-3.4.2.jar:/home/runner/.m2/repository/org/eclipse/jetty/jetty-servlet/9.4.49.v20220914/jetty-servlet-9.4.49.v20220914.jar:/home/runner/.m2/repository/org/eclipse/jetty/jetty-security/9.4.49.v20220914/jetty-security-9.4.49.v20220914.jar:/home/runner/.m2/repository/org/rocksdb/rocksdbjni/7.7.3/rocksdbjni-7.7.3.jar:/home/runner/.m2/repository/io/prometheus/simpleclient_dropwizard/0.7.0/simpleclient_dropwizard-0.7.0.jar:/home/runner/.m2/repository/io/prometheus/simpleclient/0.7.0/simpleclient-0.7.0.jar:/home/runner/.m2/repository/io/prometheus/simpleclient_common/0.7.0/simpleclient_common-0.7.0.jar:/home/runner/.m2/repository/com/github/spotbugs/spotbugs-annotations/3.1.12/spotbugs-annotations-3.1.12.jar:/home/runner/.m2/repository/io/dropwizard/metrics/metrics-core/3.2.4/metrics-core-3.2.4.jar:/home/runner/.m2/repository/org/apache/commons/commons-text/1.4/commons-text-1.4.jar:/home/runner/.m2/repository/org/apache/hadoop/hadoop-hdfs-client/3.3.4/hadoop-hdfs-client-3.3.4.jar:/home/runner/.m2/repository/com/squareup/okhttp3/okhttp/4.9.3/okhttp-4.9.3.jar:/home/runner/.m2/repository/com/squareup/okio/okio/2.8.0/okio-2.8.0.jar:/home/runner/.m2/repository/org/jetbrains/kotlin/kotlin-stdlib-common/1.4.10/kotlin-stdlib-common-1.4.10.jar:/home/runner/.m2/repository/org/bouncycastle/bcprov-jdk15on/1.67/bcprov-jdk15on-1.67.jar:/home/runner/.m2/repository/com/google/protobuf/protobuf-java/2.5.0/protobuf-java-2.5.0.jar:/home/runner/.m2/repository/org/apache/ozone/ozone-manager/1.4.0-SNAPSHOT/ozone-manager-1.4.0-SNAPSHOT.jar:/home/runner/.m2/repository/org/aspectj/aspectjrt/1.9.7/aspectjrt-1.9.7.jar:/home/runner/.m2/repository/org/aspectj/aspectjweaver/1.9.7/aspectjweaver-1.9.7.jar:/home/runner/.m2/repository/org/apache/ozone/hdds-interface-client/1.4.0-SNAPSHOT/hdds-interface-client-1.4.0-SNAPSHOT.jar:/home/runner/.m2/repository/org/apache/hadoop/thirdparty/hadoop-shaded-protobuf_3_7/1.1.1/hadoop-shaded-protobuf_3_7-1.1.1.jar:/home/runner/.m2/repository/org/apache/ozone/ozone-interface-storage/1.4.0-SNAPSHOT/ozone-interface-storage-1.4.0-SNAPSHOT.jar:/home/runner/.m2/repository/org/reflections/reflections/0.9.11/reflections-0.9.11.jar:/home/runner/.m2/repository/com/sun/jersey/jersey-client/1.19/jersey-client-1.19.jar:/home/runner/.m2/repository/org/apache/ranger/ranger-intg/2.3.0/ranger-intg-2.3.0.jar:/home/runner/.m2/repository/org/apache/ranger/ranger-plugins-common/2.3.0/ranger-plugins-common-2.3.0.jar:/home/runner/.m2/repository/commons-lang/commons-lang/2.6/commons-lang-2.6.jar:/home/runner/.m2/repository/org/codehaus/jackson/jackson-jaxrs/1.9.13/jackson-jaxrs-1.9.13.jar:/home/runner/.m2/repository/org/apache/ranger/ranger-plugins-cred/2.3.0/ranger-plugins-cred-2.3.0.jar:/home/runner/.m2/repository/org/apache/ranger/ranger-plugins-audit/2.3.0/ranger-plugins-audit-2.3.0.jar:/home/runner/.m2/repository/org/eclipse/jetty/jetty-client/9.4.31.v20200723/jetty-client-9.4.31.v20200723.jar:/home/runner/.m2/repository/org/apache/httpcomponents/httpmime/4.5.6/httpmime-4.5.6.jar:/home/runner/.m2/repository/org/apache/httpcomponents/httpcore-nio/4.4.6/httpcore-nio-4.4.6.jar:/home/runner/.m2/repository/org/apache/httpcomponents/httpasyncclient/4.1.3/httpasyncclient-4.1.3.jar:/home/runner/.m2/repository/com/carrotsearch/hppc/0.8.0/hppc-0.8.0.jar:/home/runner/.m2/repository/org/apache/orc/orc-core/1.5.8/orc-core-1.5.8.jar:/home/runner/.m2/repository/net/java/dev/jna/jna/5.2.0/jna-5.2.0.jar:/home/runner/.m2/repository/net/java/dev/jna/jna-platform/5.2.0/jna-platform-5.2.0.jar:/home/runner/.m2/repository/com/kstruct/gethostname4j/0.0.2/gethostname4j-0.0.2.jar:/home/runner/.m2/repository/org/apache/ranger/ranger-plugin-classloader/2.3.0/ranger-plugin-classloader-2.3.0.jar:/home/runner/.m2/repository/org/apache/hadoop/hadoop-minikdc/3.3.4/hadoop-minikdc-3.3.4.jar:/home/runner/.m2/repository/org/apache/kerby/kerb-simplekdc/1.0.1/kerb-simplekdc-1.0.1.jar:/home/runner/.m2/repository/org/apache/kerby/kerb-client/1.0.1/kerb-client-1.0.1.jar:/home/runner/.m2/repository/org/apache/kerby/kerby-config/1.0.1/kerby-config-1.0.1.jar:/home/runner/.m2/repository/org/apache/kerby/kerb-common/1.0.1/kerb-common-1.0.1.jar:/home/runner/.m2/repository/org/apache/kerby/kerb-crypto/1.0.1/kerb-crypto-1.0.1.jar:/home/runner/.m2/repository/org/apache/kerby/kerb-util/1.0.1/kerb-util-1.0.1.jar:/home/runner/.m2/repository/org/apache/kerby/token-provider/1.0.1/token-provider-1.0.1.jar:/home/runner/.m2/repository/org/apache/kerby/kerb-admin/1.0.1/kerb-admin-1.0.1.jar:/home/runner/.m2/repository/org/apache/kerby/kerb-server/1.0.1/kerb-server-1.0.1.jar:/home/runner/.m2/repository/org/apache/kerby/kerb-identity/1.0.1/kerb-identity-1.0.1.jar:/home/runner/.m2/repository/org/apache/kerby/kerby-xdr/1.0.1/kerby-xdr-1.0.1.jar:/home/runner/.m2/repository/org/apache/ozone/ozone-s3gateway/1.4.0-SNAPSHOT/ozone-s3gateway-1.4.0-SNAPSHOT.jar:/home/runner/.m2/repository/org/javassist/javassist/3.21.0-GA/javassist-3.21.0-GA.jar:/home/runner/.m2/repository/org/jboss/weld/servlet/weld-servlet/2.4.7.Final/weld-servlet-2.4.7.Final.jar:/home/runner/.m2/repository/org/glassfish/jersey/containers/jersey-container-servlet-core/2.34/jersey-container-servlet-core-2.34.jar:/home/runner/.m2/repository/org/glassfish/hk2/external/jakarta.inject/2.6.1/jakarta.inject-2.6.1.jar:/home/runner/.m2/repository/org/glassfish/jersey/core/jersey-common/2.34/jersey-common-2.34.jar:/home/runner/.m2/repository/jakarta/ws/rs/jakarta.ws.rs-api/2.1.6/jakarta.ws.rs-api-2.1.6.jar:/home/runner/.m2/repository/org/glassfish/jersey/ext/cdi/jersey-cdi1x/2.34/jersey-cdi1x-2.34.jar:/home/runner/.m2/repository/org/glassfish/jersey/inject/jersey-hk2/2.34/jersey-hk2-2.34.jar:/home/runner/.m2/repository/org/glassfish/hk2/hk2-locator/2.6.1/hk2-locator-2.6.1.jar:/home/runner/.m2/repository/org/glassfish/jersey/media/jersey-media-jaxb/2.34/jersey-media-jaxb-2.34.jar:/home/runner/.m2/repository/org/glassfish/hk2/osgi-resource-locator/1.0.3/osgi-resource-locator-1.0.3.jar:/home/runner/.m2/repository/org/glassfish/hk2/hk2-api/2.5.0/hk2-api-2.5.0.jar:/home/runner/.m2/repository/org/glassfish/hk2/hk2-utils/2.5.0/hk2-utils-2.5.0.jar:/home/runner/.m2/repository/org/glassfish/hk2/external/aopalliance-repackaged/2.5.0/aopalliance-repackaged-2.5.0.jar:/home/runner/.m2/repository/com/fasterxml/jackson/dataformat/jackson-dataformat-xml/2.13.4/jackson-dataformat-xml-2.13.4.jar:/home/runner/.m2/repository/com/fasterxml/jackson/core/jackson-core/2.13.4/jackson-core-2.13.4.jar:/home/runner/.m2/repository/org/codehaus/woodstox/stax2-api/4.2.1/stax2-api-4.2.1.jar:/home/runner/.m2/repository/com/fasterxml/woodstox/woodstox-core/5.4.0/woodstox-core-5.4.0.jar:/home/runner/.m2/repository/com/fasterxml/jackson/module/jackson-module-jaxb-annotations/2.13.4/jackson-module-jaxb-annotations-2.13.4.jar:/home/runner/.m2/repository/jakarta/xml/bind/jakarta.xml.bind-api/2.3.3/jakarta.xml.bind-api-2.3.3.jar:/home/runner/.m2/repository/jakarta/activation/jakarta.activation-api/1.2.1/jakarta.activation-api-1.2.1.jar:/home/runner/.m2/repository/javax/enterprise/cdi-api/1.2/cdi-api-1.2.jar:/home/runner/.m2/repository/javax/el/javax.el-api/3.0.0/javax.el-api-3.0.0.jar:/home/runner/.m2/repository/javax/interceptor/javax.interceptor-api/1.2/javax.interceptor-api-1.2.jar:/home/runner/.m2/repository/javax/inject/javax.inject/1/javax.inject-1.jar:/home/runner/.m2/repository/javax/xml/bind/jaxb-api/2.3.0/jaxb-api-2.3.0.jar:/home/runner/.m2/repository/org/glassfish/jaxb/jaxb-runtime/2.3.0.1/jaxb-runtime-2.3.0.1.jar:/home/runner/.m2/repository/org/glassfish/jaxb/jaxb-core/2.3.0.1/jaxb-core-2.3.0.1.jar:/home/runner/.m2/repository/org/glassfish/jaxb/txw2/2.3.0.1/txw2-2.3.0.1.jar:/home/runner/.m2/repository/com/sun/istack/istack-commons-runtime/3.0.5/istack-commons-runtime-3.0.5.jar:/home/runner/.m2/repository/org/jvnet/staxex/stax-ex/1.7.8/stax-ex-1.7.8.jar:/home/runner/.m2/repository/com/sun/xml/fastinfoset/FastInfoset/1.2.13/FastInfoset-1.2.13.jar:/home/runner/.m2/repository/javax/activation/activation/1.1.1/activation-1.1.1.jar:/home/runner/.m2/repository/io/grpc/grpc-protobuf/1.48.1/grpc-protobuf-1.48.1.jar:/home/runner/.m2/repository/io/grpc/grpc-api/1.48.1/grpc-api-1.48.1.jar:/home/runner/.m2/repository/io/grpc/grpc-context/1.48.1/grpc-context-1.48.1.jar:/home/runner/.m2/repository/com/google/api/grpc/proto-google-common-protos/2.9.0/proto-google-common-protos-2.9.0.jar:/home/runner/.m2/repository/io/grpc/grpc-protobuf-lite/1.48.1/grpc-protobuf-lite-1.48.1.jar:/home/runner/.m2/repository/io/grpc/grpc-stub/1.48.1/grpc-stub-1.48.1.jar:/home/runner/.m2/repository/io/netty/netty-transport/4.1.77.Final/netty-transport-4.1.77.Final.jar:/home/runner/.m2/repository/io/netty/netty-resolver/4.1.77.Final/netty-resolver-4.1.77.Final.jar:/home/runner/.m2/repository/org/apache/ozone/ozone-csi/1.4.0-SNAPSHOT/ozone-csi-1.4.0-SNAPSHOT.jar:/home/runner/.m2/repository/com/google/protobuf/protobuf-java-util/3.19.6/protobuf-java-util-3.19.6.jar:/home/runner/.m2/repository/com/google/code/gson/gson/2.9.0/gson-2.9.0.jar:/home/runner/.m2/repository/org/apache/ozone/hdds-config/1.4.0-SNAPSHOT/hdds-config-1.4.0-SNAPSHOT.jar:/home/runner/.m2/repository/io/netty/netty-transport-native-epoll/4.1.77.Final/netty-transport-native-epoll-4.1.77.Final-linux-x86_64.jar:/home/runner/.m2/repository/io/netty/netty-transport-classes-epoll/4.1.77.Final/netty-transport-classes-epoll-4.1.77.Final.jar:/home/runner/.m2/repository/io/netty/netty-transport-native-unix-common/4.1.77.Final/netty-transport-native-unix-common-4.1.77.Final.jar:/home/runner/.m2/repository/org/slf4j/slf4j-reload4j/1.7.36/slf4j-reload4j-1.7.36.jar:/home/runner/.m2/repository/org/apache/ozone/ozone-recon/1.4.0-SNAPSHOT/ozone-recon-1.4.0-SNAPSHOT.jar:/home/runner/.m2/repository/org/apache/ozone/ozone-reconcodegen/1.4.0-SNAPSHOT/ozone-reconcodegen-1.4.0-SNAPSHOT.jar:/home/runner/.m2/repository/com/google/inject/extensions/guice-multibindings/4.0/guice-multibindings-4.0.jar:/home/runner/.m2/repository/com/google/inject/guice/4.0/guice-4.0.jar:/home/runner/.m2/repository/aopalliance/aopalliance/1.0/aopalliance-1.0.jar:/home/runner/.m2/repository/com/google/inject/extensions/guice-assistedinject/4.0/guice-assistedinject-4.0.jar:/home/runner/.m2/repository/com/google/inject/extensions/guice-servlet/4.0/guice-servlet-4.0.jar:/home/runner/.m2/repository/org/glassfish/jersey/containers/jersey-container-servlet/2.34/jersey-container-servlet-2.34.jar:/home/runner/.m2/repository/org/glassfish/hk2/guice-bridge/2.5.0/guice-bridge-2.5.0.jar:/home/runner/.m2/repository/org/glassfish/jersey/core/jersey-server/2.34/jersey-server-2.34.jar:/home/runner/.m2/repository/org/glassfish/jersey/core/jersey-client/2.34/jersey-client-2.34.jar:/home/runner/.m2/repository/jakarta/annotation/jakarta.annotation-api/1.3.5/jakarta.annotation-api-1.3.5.jar:/home/runner/.m2/repository/jakarta/validation/jakarta.validation-api/2.0.2/jakarta.validation-api-2.0.2.jar:/home/runner/.m2/repository/org/glassfish/jersey/media/jersey-media-json-jackson/2.34/jersey-media-json-jackson-2.34.jar:/home/runner/.m2/repository/org/glassfish/jersey/ext/jersey-entity-filtering/2.34/jersey-entity-filtering-2.34.jar:/home/runner/.m2/repository/org/jooq/jooq/3.11.10/jooq-3.11.10.jar:/home/runner/.m2/repository/org/jooq/jooq-meta/3.11.10/jooq-meta-3.11.10.jar:/home/runner/.m2/repository/org/jooq/jooq-codegen/3.11.10/jooq-codegen-3.11.10.jar:/home/runner/.m2/repository/com/jolbox/bonecp/0.8.0.RELEASE/bonecp-0.8.0.RELEASE.jar:/home/runner/.m2/repository/org/apache/derby/derby/10.14.2.0/derby-10.14.2.0.jar:/home/runner/.m2/repository/org/xerial/sqlite-jdbc/3.25.2/sqlite-jdbc-3.25.2.jar:/home/runner/.m2/repository/org/springframework/spring-jdbc/5.3.23/spring-jdbc-5.3.23.jar:/home/runner/.m2/repository/org/springframework/spring-beans/5.3.23/spring-beans-5.3.23.jar:/home/runner/.m2/repository/org/springframework/spring-core/5.3.23/spring-core-5.3.23.jar:/home/runner/.m2/repository/org/springframework/spring-jcl/5.3.23/spring-jcl-5.3.23.jar:/home/runner/.m2/repository/org/springframework/spring-tx/5.3.23/spring-tx-5.3.23.jar:/home/runner/.m2/repository/org/apache/ozone/ozone-client/1.4.0-SNAPSHOT/ozone-client-1.4.0-SNAPSHOT.jar:/home/runner/.m2/repository/org/apache/ozone/hdds-erasurecode/1.4.0-SNAPSHOT/hdds-erasurecode-1.4.0-SNAPSHOT.jar:/home/runner/.m2/repository/org/apache/ozone/ozone-filesystem/1.4.0-SNAPSHOT/ozone-filesystem-1.4.0-SNAPSHOT.jar:/home/runner/.m2/repository/org/apache/ozone/ozone-filesystem-common/1.4.0-SNAPSHOT/ozone-filesystem-common-1.4.0-SNAPSHOT.jar:/home/runner/.m2/repository/org/apache/ozone/ozone-tools/1.4.0-SNAPSHOT/ozone-tools-1.4.0-SNAPSHOT.jar:/home/runner/.m2/repository/org/apache/ratis/ratis-tools/2.4.2-8b8bdda-SNAPSHOT/ratis-tools-2.4.2-8b8bdda-SNAPSHOT.jar:/home/runner/.m2/repository/com/amazonaws/aws-java-sdk-core/1.12.261/aws-java-sdk-core-1.12.261.jar:/home/runner/.m2/repository/org/apache/httpcomponents/httpclient/4.5.13/httpclient-4.5.13.jar:/home/runner/.m2/repository/org/apache/httpcomponents/httpcore/4.4.13/httpcore-4.4.13.jar:/home/runner/.m2/repository/software/amazon/ion/ion-java/1.0.2/ion-java-1.0.2.jar:/home/runner/.m2/repository/com/fasterxml/jackson/dataformat/jackson-dataformat-cbor/2.13.4/jackson-dataformat-cbor-2.13.4.jar:/home/runner/.m2/repository/joda-time/joda-time/2.8.1/joda-time-2.8.1.jar:/home/runner/.m2/repository/com/amazonaws/aws-java-sdk-s3/1.12.261/aws-java-sdk-s3-1.12.261.jar:/home/runner/.m2/repository/com/amazonaws/aws-java-sdk-kms/1.12.261/aws-java-sdk-kms-1.12.261.jar:/home/runner/.m2/repository/com/amazonaws/jmespath-java/1.12.261/jmespath-java-1.12.261.jar:/home/runner/.m2/repository/org/kohsuke/metainf-services/metainf-services/1.8/metainf-services-1.8.jar:/home/runner/.m2/repository/org/apache/ozone/hdds-tools/1.4.0-SNAPSHOT/hdds-tools-1.4.0-SNAPSHOT.jar:/home/runner/.m2/repository/commons-cli/commons-cli/1.2/commons-cli-1.2.jar:/home/runner/.m2/repository/org/apache/commons/commons-lang3/3.7/commons-lang3-3.7.jar:/home/runner/.m2/repository/org/apache/ozone/ozone-manager/1.4.0-SNAPSHOT/ozone-manager-1.4.0-SNAPSHOT-tests.jar:/home/runner/.m2/repository/org/apache/ozone/hdds-common/1.4.0-SNAPSHOT/hdds-common-1.4.0-SNAPSHOT-tests.jar:/home/runner/.m2/repository/org/apache/ozone/hdds-hadoop-dependency-client/1.4.0-SNAPSHOT/hdds-hadoop-dependency-client-1.4.0-SNAPSHOT.jar:/home/runner/.m2/repository/info/picocli/picocli/4.6.1/picocli-4.6.1.jar:/home/runner/.m2/repository/com/fasterxml/jackson/core/jackson-annotations/2.13.4/jackson-annotations-2.13.4.jar:/home/runner/.m2/repository/com/fasterxml/jackson/datatype/jackson-datatype-jsr310/2.13.4/jackson-datatype-jsr310-2.13.4.jar:/home/runner/.m2/repository/org/apache/ozone/hdds-annotation-processing/1.4.0-SNAPSHOT/hdds-annotation-processing-1.4.0-SNAPSHOT.jar:/home/runner/.m2/repository/javax/annotation/javax.annotation-api/1.2/javax.annotation-api-1.2.jar:/home/runner/.m2/repository/org/apache/ratis/ratis-server/2.4.2-8b8bdda-SNAPSHOT/ratis-server-2.4.2-8b8bdda-SNAPSHOT.jar:/home/runner/.m2/repository/org/apache/ratis/ratis-client/2.4.2-8b8bdda-SNAPSHOT/ratis-client-2.4.2-8b8bdda-SNAPSHOT.jar:/home/runner/.m2/repository/org/apache/ratis/ratis-server-api/2.4.2-8b8bdda-SNAPSHOT/ratis-server-api-2.4.2-8b8bdda-SNAPSHOT.jar:/home/runner/.m2/repository/org/apache/ratis/ratis-metrics/2.4.2-8b8bdda-SNAPSHOT/ratis-metrics-2.4.2-8b8bdda-SNAPSHOT.jar:/home/runner/.m2/repository/org/apache/ratis/ratis-netty/2.4.2-8b8bdda-SNAPSHOT/ratis-netty-2.4.2-8b8bdda-SNAPSHOT.jar:/home/runner/.m2/repository/org/apache/ratis/ratis-grpc/2.4.2-8b8bdda-SNAPSHOT/ratis-grpc-2.4.2-8b8bdda-SNAPSHOT.jar:/home/runner/.m2/repository/org/apache/logging/log4j/log4j-api/2.17.1/log4j-api-2.17.1.jar:/home/runner/.m2/repository/org/apache/commons/commons-pool2/2.6.0/commons-pool2-2.6.0.jar:/home/runner/.m2/repository/org/bouncycastle/bcpkix-jdk15on/1.67/bcpkix-jdk15on-1.67.jar:/home/runner/.m2/repository/commons-validator/commons-validator/1.6/commons-validator-1.6.jar:/home/runner/.m2/repository/commons-beanutils/commons-beanutils/1.9.4/commons-beanutils-1.9.4.jar:/home/runner/.m2/repository/commons-digester/commons-digester/1.8.1/commons-digester-1.8.1.jar:/home/runner/.m2/repository/commons-collections/commons-collections/3.2.2/commons-collections-3.2.2.jar:/home/runner/.m2/repository/io/jaegertracing/jaeger-client/1.6.0/jaeger-client-1.6.0.jar:/home/runner/.m2/repository/io/jaegertracing/jaeger-thrift/1.6.0/jaeger-thrift-1.6.0.jar:/home/runner/.m2/repository/org/apache/thrift/libthrift/0.14.1/libthrift-0.14.1.jar:/home/runner/.m2/repository/io/jaegertracing/jaeger-core/1.6.0/jaeger-core-1.6.0.jar:/home/runner/.m2/repository/io/jaegertracing/jaeger-tracerresolver/1.6.0/jaeger-tracerresolver-1.6.0.jar:/home/runner/.m2/repository/io/opentracing/contrib/opentracing-tracerresolver/0.1.8/opentracing-tracerresolver-0.1.8.jar:/home/runner/.m2/repository/org/jetbrains/kotlin/kotlin-stdlib/1.6.21/kotlin-stdlib-1.6.21.jar:/home/runner/.m2/repository/org/jetbrains/annotations/13.0/annotations-13.0.jar:/home/runner/.m2/repository/io/opentracing/opentracing-util/0.33.0/opentracing-util-0.33.0.jar:/home/runner/.m2/repository/io/opentracing/opentracing-api/0.33.0/opentracing-api-0.33.0.jar:/home/runner/.m2/repository/io/opentracing/opentracing-noop/0.33.0/opentracing-noop-0.33.0.jar:/home/runner/.m2/repository/org/yaml/snakeyaml/1.33/snakeyaml-1.33.jar:/home/runner/.m2/repository/org/apache/ozone/hdds-interface-admin/1.4.0-SNAPSHOT/hdds-interface-admin-1.4.0-SNAPSHOT.jar:/home/runner/.m2/repository/junit/junit/4.13.1/junit-4.13.1.jar:/home/runner/.m2/repository/org/hamcrest/hamcrest-core/1.3/hamcrest-core-1.3.jar:/home/runner/.m2/repository/org/junit/jupiter/junit-jupiter-api/5.8.2/junit-jupiter-api-5.8.2.jar:/home/runner/.m2/repository/org/opentest4j/opentest4j/1.2.0/opentest4j-1.2.0.jar:/home/runner/.m2/repository/org/junit/platform/junit-platform-commons/1.8.2/junit-platform-commons-1.8.2.jar:/home/runner/.m2/repository/org/apiguardian/apiguardian-api/1.1.2/apiguardian-api-1.1.2.jar:/home/runner/.m2/repository/org/junit/jupiter/junit-jupiter-params/5.8.2/junit-jupiter-params-5.8.2.jar:/home/runner/.m2/repository/org/junit/jupiter/junit-jupiter-migrationsupport/5.8.2/junit-jupiter-migrationsupport-5.8.2.jar:/home/runner/.m2/repository/org/junit/jupiter/junit-jupiter-engine/5.8.2/junit-jupiter-engine-5.8.2.jar:/home/runner/.m2/repository/org/junit/platform/junit-platform-engine/1.8.2/junit-platform-engine-1.8.2.jar:/home/runner/.m2/repository/org/junit/vintage/junit-vintage-engine/5.8.2/junit-vintage-engine-5.8.2.jar:/home/runner/.m2/repository/org/junit/platform/junit-platform-launcher/1.8.2/junit-platform-launcher-1.8.2.jar:/home/runner/.m2/repository/org/mockito/mockito-core/2.28.2/mockito-core-2.28.2.jar:/home/runner/.m2/repository/net/bytebuddy/byte-buddy/1.9.10/byte-buddy-1.9.10.jar:/home/runner/.m2/repository/net/bytebuddy/byte-buddy-agent/1.9.10/byte-buddy-agent-1.9.10.jar:/home/runner/.m2/repository/org/objenesis/objenesis/1.0/objenesis-1.0.jar:/home/runner/.m2/repository/org/apache/hadoop/hadoop-kms/3.3.4/hadoop-kms-3.3.4.jar:/home/runner/.m2/repository/org/apache/hadoop/hadoop-auth/3.3.4/hadoop-auth-3.3.4.jar:/home/runner/.m2/repository/com/nimbusds/nimbus-jose-jwt/9.8.1/nimbus-jose-jwt-9.8.1.jar:/home/runner/.m2/repository/com/github/stephenc/jcip/jcip-annotations/1.0-1/jcip-annotations-1.0-1.jar:/home/runner/.m2/repository/net/minidev/json-smart/2.4.7/json-smart-2.4.7.jar:/home/runner/.m2/repository/net/minidev/accessors-smart/2.4.7/accessors-smart-2.4.7.jar:/home/runner/.m2/repository/org/ow2/asm/asm/5.0.4/asm-5.0.4.jar:/home/runner/.m2/repository/org/apache/zookeeper/zookeeper/3.5.6/zookeeper-3.5.6.jar:/home/runner/.m2/repository/org/apache/zookeeper/zookeeper-jute/3.5.6/zookeeper-jute-3.5.6.jar:/home/runner/.m2/repository/org/apache/yetus/audience-annotations/0.5.0/audience-annotations-0.5.0.jar:/home/runner/.m2/repository/org/apache/curator/curator-framework/4.2.0/curator-framework-4.2.0.jar:/home/runner/.m2/repository/org/apache/hadoop/thirdparty/hadoop-shaded-guava/1.1.1/hadoop-shaded-guava-1.1.1.jar:/home/runner/.m2/repository/com/sun/jersey/jersey-core/1.19/jersey-core-1.19.jar:/home/runner/.m2/repository/javax/ws/rs/jsr311-api/1.1.1/jsr311-api-1.1.1.jar:/home/runner/.m2/repository/com/sun/jersey/jersey-server/1.19/jersey-server-1.19.jar:/home/runner/.m2/repository/javax/servlet/javax.servlet-api/3.1.0/javax.servlet-api-3.1.0.jar:/home/runner/.m2/repository/org/eclipse/jetty/jetty-server/9.4.49.v20220914/jetty-server-9.4.49.v20220914.jar:/home/runner/.m2/repository/org/eclipse/jetty/jetty-http/9.4.49.v20220914/jetty-http-9.4.49.v20220914.jar:/home/runner/.m2/repository/org/eclipse/jetty/jetty-io/9.4.49.v20220914/jetty-io-9.4.49.v20220914.jar:/home/runner/.m2/repository/org/eclipse/jetty/jetty-webapp/9.4.49.v20220914/jetty-webapp-9.4.49.v20220914.jar:/home/runner/.m2/repository/org/eclipse/jetty/jetty-xml/9.4.49.v20220914/jetty-xml-9.4.49.v20220914.jar:/home/runner/.m2/repository/org/apache/hadoop/hadoop-common/3.3.4/hadoop-common-3.3.4.jar:/home/runner/.m2/repository/org/apache/commons/commons-math3/3.1.1/commons-math3-3.1.1.jar:/home/runner/.m2/repository/commons-net/commons-net/3.9.0/commons-net-3.9.0.jar:/home/runner/.m2/repository/com/sun/jersey/jersey-servlet/1.19/jersey-servlet-1.19.jar:/home/runner/.m2/repository/com/sun/jersey/jersey-json/1.19/jersey-json-1.19.jar:/home/runner/.m2/repository/org/codehaus/jettison/jettison/1.1/jettison-1.1.jar:/home/runner/.m2/repository/com/sun/xml/bind/jaxb-impl/2.2.3-1/jaxb-impl-2.2.3-1.jar:/home/runner/.m2/repository/org/codehaus/jackson/jackson-xc/1.9.2/jackson-xc-1.9.2.jar:/home/runner/.m2/repository/com/google/re2j/re2j/1.1/re2j-1.1.jar:/home/runner/.m2/repository/com/jcraft/jsch/0.1.54/jsch-0.1.54.jar:/home/runner/.m2/repository/org/apache/curator/curator-client/4.2.0/curator-client-4.2.0.jar:/home/runner/.m2/repository/org/apache/curator/curator-recipes/4.2.0/curator-recipes-4.2.0.jar:/home/runner/.m2/repository/org/apache/kerby/kerb-core/1.0.1/kerb-core-1.0.1.jar:/home/runner/.m2/repository/org/apache/kerby/kerby-pkix/1.0.1/kerby-pkix-1.0.1.jar:/home/runner/.m2/repository/org/apache/kerby/kerby-asn1/1.0.1/kerby-asn1-1.0.1.jar:/home/runner/.m2/repository/org/apache/kerby/kerby-util/1.0.1/kerby-util-1.0.1.jar:/home/runner/.m2/repository/dnsjava/dnsjava/2.1.7/dnsjava-2.1.7.jar:/home/runner/.m2/repository/org/xerial/snappy/snappy-java/1.1.8.2/snappy-java-1.1.8.2.jar:/home/runner/.m2/repository/org/eclipse/jetty/jetty-util/9.4.49.v20220914/jetty-util-9.4.49.v20220914.jar:/home/runner/.m2/repository/com/fasterxml/jackson/core/jackson-databind/2.13.4.2/jackson-databind-2.13.4.2.jar:/home/runner/.m2/repository/org/apache/hadoop/hadoop-kms/3.3.4/hadoop-kms-3.3.4-tests.jar:/home/runner/.m2/repository/org/apache/ozone/hdds-server-scm/1.4.0-SNAPSHOT/hdds-server-scm-1.4.0-SNAPSHOT-tests.jar:/home/runner/.m2/repository/org/apache/ozone/hdds-container-service/1.4.0-SNAPSHOT/hdds-container-service-1.4.0-SNAPSHOT-tests.jar:/home/runner/.m2/repository/com/github/luben/zstd-jni/1.5.2-5/zstd-jni-1.5.2-5.jar:/home/runner/.m2/repository/commons-codec/commons-codec/1.15/commons-codec-1.15.jar:/home/runner/.m2/repository/io/netty/netty-codec/4.1.77.Final/netty-codec-4.1.77.Final.jar:/home/runner/.m2/repository/io/netty/netty-handler/4.1.77.Final/netty-handler-4.1.77.Final.jar:/home/runner/.m2/repository/org/apache/ozone/hdds-hadoop-dependency-test/1.4.0-SNAPSHOT/hdds-hadoop-dependency-test-1.4.0-SNAPSHOT.jar:/home/runner/.m2/repository/org/apache/hadoop/hadoop-common/3.3.4/hadoop-common-3.3.4-tests.jar:/home/runner/.m2/repository/org/apache/hadoop/hadoop-hdfs/3.3.4/hadoop-hdfs-3.3.4-tests.jar:/home/runner/.m2/repository/org/assertj/assertj-core/3.12.2/assertj-core-3.12.2.jar:/home/runner/.m2/repository/org/apache/hadoop/hadoop-distcp/3.3.4/hadoop-distcp-3.3.4.jar:/home/runner/.m2/repository/org/apache/hadoop/hadoop-mapreduce-client-jobclient/3.3.4/hadoop-mapreduce-client-jobclient-3.3.4.jar:/home/runner/.m2/repository/org/apache/hadoop/hadoop-mapreduce-client-common/3.3.4/hadoop-mapreduce-client-common-3.3.4.jar:/home/runner/.m2/repository/org/apache/hadoop/hadoop-yarn-common/3.3.4/hadoop-yarn-common-3.3.4.jar:/home/runner/.m2/repository/org/apache/hadoop/hadoop-yarn-api/3.3.4/hadoop-yarn-api-3.3.4.jar:/home/runner/.m2/repository/com/sun/jersey/contribs/jersey-guice/1.19/jersey-guice-1.19.jar:/home/runner/.m2/repository/com/fasterxml/jackson/jaxrs/jackson-jaxrs-json-provider/2.13.4/jackson-jaxrs-json-provider-2.13.4.jar:/home/runner/.m2/repository/com/fasterxml/jackson/jaxrs/jackson-jaxrs-base/2.13.4/jackson-jaxrs-base-2.13.4.jar:/home/runner/.m2/repository/org/apache/hadoop/hadoop-yarn-client/3.3.4/hadoop-yarn-client-3.3.4.jar:/home/runner/.m2/repository/org/eclipse/jetty/websocket/websocket-client/9.4.43.v20210629/websocket-client-9.4.43.v20210629.jar:/home/runner/.m2/repository/org/eclipse/jetty/websocket/websocket-common/9.4.43.v20210629/websocket-common-9.4.43.v20210629.jar:/home/runner/.m2/repository/org/eclipse/jetty/websocket/websocket-api/9.4.43.v20210629/websocket-api-9.4.43.v20210629.jar:/home/runner/.m2/repository/org/jline/jline/3.9.0/jline-3.9.0.jar:/home/runner/.m2/repository/org/apache/hadoop/hadoop-mapreduce-client-core/3.3.4/hadoop-mapreduce-client-core-3.3.4.jar:/home/runner/.m2/repository/org/apache/avro/avro/1.7.7/avro-1.7.7.jar:/home/runner/.m2/repository/org/codehaus/jackson/jackson-core-asl/1.9.13/jackson-core-asl-1.9.13.jar:/home/runner/.m2/repository/org/codehaus/jackson/jackson-mapper-asl/1.9.13/jackson-mapper-asl-1.9.13.jar:/home/runner/.m2/repository/com/thoughtworks/paranamer/paranamer/2.3/paranamer-2.3.jar:/home/runner/.m2/repository/org/apache/hadoop/hadoop-annotations/3.3.4/hadoop-annotations-3.3.4.jar:/usr/lib/jvm/temurin-8-jdk-amd64/jre/../lib/tools.jar:/home/runner/.m2/repository/io/netty/netty/3.10.6.Final/netty-3.10.6.Final.jar:/home/runner/.m2/repository/org/apache/hadoop/hadoop-distcp/3.3.4/hadoop-distcp-3.3.4-tests.jar:/home/runner/.m2/repository/org/slf4j/jul-to-slf4j/1.7.36/jul-to-slf4j-1.7.36.jar:/home/runner/.m2/repository/org/apache/ratis/ratis-common/2.4.2-8b8bdda-SNAPSHOT/ratis-common-2.4.2-8b8bdda-SNAPSHOT.jar:/home/runner/.m2/repository/org/apache/ratis/ratis-thirdparty-misc/1.0.3/ratis-thirdparty-misc-1.0.3.jar:/home/runner/.m2/repository/org/apache/ratis/ratis-proto/2.4.2-8b8bdda-SNAPSHOT/ratis-proto-2.4.2-8b8bdda-SNAPSHOT.jar:"/>
    <property name="sun.cpu.endian" value="little"/>
    <property name="user.home" value="/home/runner"/>
    <property name="user.language" value="en"/>
    <property name="java.specification.vendor" value="Oracle Corporation"/>
    <property name="java.home" value="/usr/lib/jvm/temurin-8-jdk-amd64/jre"/>
    <property name="java.security.krb5.conf" value="/home/runner/work/ozone/ozone/hadoop-ozone/integration-test/target/test-classes/krb5.conf"/>
    <property name="basedir" value="/home/runner/work/ozone/ozone/hadoop-ozone/integration-test"/>
    <property name="file.separator" value="/"/>
    <property name="line.separator" value="&#10;"/>
    <property name="java.vm.specification.vendor" value="Oracle Corporation"/>
    <property name="java.specification.name" value="Java Platform API Specification"/>
    <property name="java.awt.graphicsenv" value="sun.awt.X11GraphicsEnvironment"/>
    <property name="skip.installnpx" value="true"/>
    <property name="surefire.real.class.path" value="/home/runner/work/ozone/ozone/hadoop-ozone/integration-test/target/surefire/surefirebooter3299347332881791923.jar:/home/runner/.m2/repository/org/jacoco/org.jacoco.agent/0.8.5/org.jacoco.agent-0.8.5-runtime.jar"/>
    <property name="hadoop.log.dir" value="/home/runner/work/ozone/ozone/hadoop-ozone/integration-test/target/log"/>
    <property name="sun.boot.class.path" value="/usr/lib/jvm/temurin-8-jdk-amd64/jre/lib/resources.jar:/usr/lib/jvm/temurin-8-jdk-amd64/jre/lib/rt.jar:/usr/lib/jvm/temurin-8-jdk-amd64/jre/lib/sunrsasign.jar:/usr/lib/jvm/temurin-8-jdk-amd64/jre/lib/jsse.jar:/usr/lib/jvm/temurin-8-jdk-amd64/jre/lib/jce.jar:/usr/lib/jvm/temurin-8-jdk-amd64/jre/lib/charsets.jar:/usr/lib/jvm/temurin-8-jdk-amd64/jre/lib/jfr.jar:/usr/lib/jvm/temurin-8-jdk-amd64/jre/classes"/>
    <property name="sun.management.compiler" value="HotSpot 64-Bit Tiered Compilers"/>
    <property name="skip.npx" value="true"/>
    <property name="java.runtime.version" value="1.8.0_352-b08"/>
    <property name="java.net.preferIPv4Stack" value="true"/>
    <property name="user.name" value="runner"/>
    <property name="path.separator" value=":"/>
    <property name="java.security.egd" value="file:///dev/urandom"/>
    <property name="os.version" value="5.15.0-1023-azure"/>
    <property name="java.endorsed.dirs" value="/usr/lib/jvm/temurin-8-jdk-amd64/jre/lib/endorsed"/>
    <property name="java.runtime.name" value="OpenJDK Runtime Environment"/>
    <property name="file.encoding" value="UTF-8"/>
    <property name="java.vm.name" value="OpenJDK 64-Bit Server VM"/>
    <property name="test.build.webapps" value=""/>
    <property name="localRepository" value="/home/runner/.m2/repository"/>
    <property name="jetty.git.hash" value="4231a3b2e4cb8548a412a789936d640a97b1aa0a"/>
    <property name="java.vendor.url.bug" value="https://github.com/adoptium/adoptium-support/issues"/>
    <property name="java.io.tmpdir" value="/tmp"/>
    <property name="require.test.libhadoop" value=""/>
    <property name="java.version" value="1.8.0_352"/>
    <property name="user.dir" value="/home/runner/work/ozone/ozone/hadoop-ozone/integration-test"/>
    <property name="os.arch" value="amd64"/>
    <property name="java.vm.specification.name" value="Java Virtual Machine Specification"/>
    <property name="test.build.classes" value="/home/runner/work/ozone/ozone/hadoop-ozone/integration-test/target/test-classes"/>
    <property name="java.awt.printerjob" value="sun.print.PSPrinterJob"/>
    <property name="sun.os.patch.level" value="unknown"/>
    <property name="org.apache.ratis.thirdparty.io.netty.allocator.useCacheForAllThreads" value="false"/>
    <property name="hadoop.tmp.dir" value="/home/runner/work/ozone/ozone/hadoop-ozone/integration-test/target/tmp"/>
    <property name="java.library.path" value="/usr/java/packages/lib/amd64:/usr/lib64:/lib64:/lib:/usr/lib"/>
    <property name="java.vm.info" value="mixed mode"/>
    <property name="java.vendor" value="Temurin"/>
    <property name="java.vm.version" value="25.352-b08"/>
    <property name="java.specification.maintenance.version" value="4"/>
    <property name="java.ext.dirs" value="/usr/lib/jvm/temurin-8-jdk-amd64/jre/lib/ext:/usr/java/packages/lib/ext"/>
    <property name="sun.io.unicode.encoding" value="UnicodeLittle"/>
    <property name="java.class.version" value="52.0"/>
  </properties>
  <testcase name="testCreateVolumePermissionDenied" classname="org.apache.hadoop.ozone.om.TestOmAcls" time="0.957">
    <system-out><![CDATA[2023-01-05 09:38:36,282 [main] WARN  server.ServerUtils (ServerUtils.java:getScmDbDir(148)) - ozone.scm.db.dirs is not configured. We recommend adding this setting. Falling back to ozone.metadata.dirs instead.
2023-01-05 09:38:36,385 [main] WARN  server.ServerUtils (ServerUtils.java:getScmDbDir(148)) - ozone.scm.db.dirs is not configured. We recommend adding this setting. Falling back to ozone.metadata.dirs instead.
2023-01-05 09:38:36,388 [main] INFO  ha.SCMHANodeDetails (SCMHANodeDetails.java:loadSCMHAConfig(209)) - ServiceID for StorageContainerManager is null
2023-01-05 09:38:36,398 [main] WARN  ha.SCMHANodeDetails (SCMHANodeDetails.java:validateSCMHAConfig(182)) - Invalid config ozone.scm.ratis.enable. The config was not specified, but the default value true conflicts with the expected config value false. Falling back to the expected value. Current State of SCM: SCM is running in Non-HA without Ratis Ratis SCM -> Non Ratis SCM or Non HA SCM -> HA SCM is not supported
2023-01-05 09:38:36,399 [main] INFO  ha.SCMHANodeDetails (SCMHANodeDetails.java:loadSCMHAConfig(214)) - ozone.scm.default.service.id is not defined, falling back to ozone.scm.service.ids to find serviceID for StorageContainerManager if it is HA enabled cluster
2023-01-05 09:38:36,891 [main] WARN  utils.HAUtils (HAUtils.java:getMetaDir(342)) - ozone.scm.db.dirs is not configured. We recommend adding this setting. Falling back to ozone.metadata.dirs instead.
2023-01-05 09:38:37,030 [main] WARN  db.DBStoreBuilder (DBStoreBuilder.java:applyDBDefinition(144)) - ozone.scm.db.dirs is not configured. We recommend adding this setting. Falling back to ozone.metadata.dirs instead.
2023-01-05 09:38:37,292 [main] INFO  net.NodeSchemaLoader (NodeSchemaLoader.java:loadSchemaFromFile(129)) - Loading schema from [jar:file:/home/runner/.m2/repository/org/apache/ozone/hdds-common/1.4.0-SNAPSHOT/hdds-common-1.4.0-SNAPSHOT.jar!/network-topology-default.xml]
2023-01-05 09:38:37,294 [main] INFO  net.NodeSchemaLoader (NodeSchemaLoader.java:loadSchema(176)) - Loading network topology layer schema file
2023-01-05 09:38:37,336 [main] INFO  metrics.MetricRegistries (MetricRegistriesLoader.java:load(64)) - Loaded MetricRegistries class org.apache.ratis.metrics.impl.MetricRegistriesImpl
2023-01-05 09:38:37,341 [main] INFO  upgrade.AbstractLayoutVersionManager (AbstractLayoutVersionManager.java:init(83)) - Initializing Layout version manager with metadata layout = DATANODE_SCHEMA_V3 (version = 4), software layout = DATANODE_SCHEMA_V3 (version = 4)
2023-01-05 09:38:37,582 [main] INFO  reflections.Reflections (Reflections.java:scan(232)) - Reflections took 152 ms to scan 7 urls, producing 146 keys and 350 values 
2023-01-05 09:38:37,687 [main] INFO  ha.SequenceIdGenerator (SequenceIdGenerator.java:upgradeToSequenceId(349)) - upgrade localId to 111677748019200000
2023-01-05 09:38:37,687 [main] INFO  ha.SequenceIdGenerator (SequenceIdGenerator.java:upgradeToSequenceId(359)) - upgrade delTxnId to 0
2023-01-05 09:38:37,692 [main] INFO  ha.SequenceIdGenerator (SequenceIdGenerator.java:upgradeToSequenceId(376)) - upgrade containerId to 0
2023-01-05 09:38:37,694 [main] INFO  ha.SequenceIdGenerator (SequenceIdGenerator.java:<init>(220)) - Init the HA SequenceIdGenerator.
2023-01-05 09:38:37,742 [main] WARN  server.ServerUtils (ServerUtils.java:sanitizeUserArgs(73)) - ozone.scm.stale.node.interval value = 300000 is larger than max = 100000 based on the key value of ozone.scm.heartbeat.thread.interval, reset to the max value 100000.
2023-01-05 09:38:37,742 [main] WARN  server.ServerUtils (ServerUtils.java:sanitizeUserArgs(73)) - ozone.scm.stale.node.interval value = 300000 is larger than max = 100000 based on the key value of ozone.scm.heartbeat.thread.interval, reset to the max value 100000.
2023-01-05 09:38:37,749 [main] INFO  node.SCMNodeManager (SCMNodeManager.java:<init>(149)) - Entering startup safe mode.
2023-01-05 09:38:37,815 [main] INFO  algorithms.ContainerPlacementPolicyFactory (ContainerPlacementPolicyFactory.java:getPolicyInternal(86)) - Create container placement policy of type org.apache.hadoop.hdds.scm.container.placement.algorithms.SCMContainerPlacementRandom
2023-01-05 09:38:37,818 [main] INFO  algorithms.ContainerPlacementPolicyFactory (ContainerPlacementPolicyFactory.java:getPolicyInternal(86)) - Create container placement policy of type org.apache.hadoop.hdds.scm.container.placement.algorithms.SCMContainerPlacementRackScatter
2023-01-05 09:38:37,834 [main] INFO  pipeline.PipelineStateManagerImpl (PipelineStateManagerImpl.java:initialize(78)) - No pipeline exists in current db
2023-01-05 09:38:37,869 [main] INFO  algorithms.LeaderChoosePolicyFactory (LeaderChoosePolicyFactory.java:getPolicy(57)) - Create leader choose policy of type org.apache.hadoop.hdds.scm.pipeline.leader.choose.algorithms.MinLeaderCountChoosePolicy
2023-01-05 09:38:37,869 [main] INFO  algorithms.ContainerPlacementPolicyFactory (ContainerPlacementPolicyFactory.java:getPolicyInternal(86)) - Create container placement policy of type org.apache.hadoop.hdds.scm.container.placement.algorithms.SCMContainerPlacementRackScatter
2023-01-05 09:38:37,875 [main] INFO  ha.SCMServiceManager (SCMServiceManager.java:register(42)) - Registering service BackgroundPipelineCreator.
2023-01-05 09:38:37,875 [main] INFO  pipeline.BackgroundPipelineCreator (BackgroundPipelineCreator.java:start(124)) - Starting RatisPipelineUtilsThread.
2023-01-05 09:38:37,881 [main] INFO  BackgroundPipelineScrubber (BackgroundSCMService.java:start(68)) - Starting BackgroundPipelineScrubber Service.
2023-01-05 09:38:37,882 [main] INFO  ha.SCMServiceManager (SCMServiceManager.java:register(42)) - Registering service BackgroundPipelineScrubber.
2023-01-05 09:38:37,892 [main] INFO  ExpiredContainerReplicaOpScrubber (BackgroundSCMService.java:start(68)) - Starting ExpiredContainerReplicaOpScrubber Service.
2023-01-05 09:38:37,892 [main] INFO  ha.SCMServiceManager (SCMServiceManager.java:register(42)) - Registering service ExpiredContainerReplicaOpScrubber.
2023-01-05 09:38:37,933 [main] INFO  algorithms.PipelineChoosePolicyFactory (PipelineChoosePolicyFactory.java:createPipelineChoosePolicyFromClass(73)) - Create pipeline choose policy of type org.apache.hadoop.hdds.scm.pipeline.choose.algorithms.RandomPipelineChoosePolicy
2023-01-05 09:38:37,949 [main] INFO  ha.SCMServiceManager (SCMServiceManager.java:register(42)) - Registering service SCMBlockDeletingService.
2023-01-05 09:38:38,002 [main] INFO  replication.ReplicationManager (ReplicationManager.java:start(261)) - Starting Replication Monitor Thread.
2023-01-05 09:38:38,010 [main] INFO  ha.SCMServiceManager (SCMServiceManager.java:register(42)) - Registering service ReplicationManager.
2023-01-05 09:38:38,015 [ReplicationMonitor] INFO  replication.ReplicationManager (ReplicationManager.java:processAll(330)) - Replication Manager is not ready to run until 3000ms after safemode exit
2023-01-05 09:38:38,021 [main] INFO  safemode.ContainerSafeModeRule (ContainerSafeModeRule.java:<init>(89)) - containers with one replica threshold count 0
2023-01-05 09:38:38,025 [main] INFO  safemode.HealthyPipelineSafeModeRule (HealthyPipelineSafeModeRule.java:initializeRule(169)) - Total pipeline count is 0, healthy pipeline threshold count is 1
2023-01-05 09:38:38,032 [main] INFO  safemode.OneReplicaPipelineSafeModeRule (OneReplicaPipelineSafeModeRule.java:initializeRule(180)) - Total pipeline count is 0, pipeline's with at least one datanode reported threshold count is 0
2023-01-05 09:38:38,389 [main] INFO  audit.AuditLogger (AuditLogger.java:refreshDebugCmdSet(126)) - Refresh DebugCmdSet for SCMAudit to [].
2023-01-05 09:38:38,418 [main] INFO  ipc.CallQueueManager (CallQueueManager.java:<init>(90)) - Using callQueue: class java.util.concurrent.LinkedBlockingQueue, queueCapacity: 2000, scheduler: class org.apache.hadoop.ipc.DefaultRpcScheduler, ipcBackoff: false.
2023-01-05 09:38:38,457 [Socket Reader #1 for port 0] INFO  ipc.Server (Server.java:run(1273)) - Starting Socket Reader #1 for port 0
2023-01-05 09:38:38,511 [Listener at 0.0.0.0/33345] INFO  audit.AuditLogger (AuditLogger.java:refreshDebugCmdSet(126)) - Refresh DebugCmdSet for SCMAudit to [].
2023-01-05 09:38:38,516 [Listener at 0.0.0.0/33345] INFO  ipc.CallQueueManager (CallQueueManager.java:<init>(90)) - Using callQueue: class java.util.concurrent.LinkedBlockingQueue, queueCapacity: 2000, scheduler: class org.apache.hadoop.ipc.DefaultRpcScheduler, ipcBackoff: false.
2023-01-05 09:38:38,518 [Socket Reader #1 for port 0] INFO  ipc.Server (Server.java:run(1273)) - Starting Socket Reader #1 for port 0
2023-01-05 09:38:38,569 [Listener at 0.0.0.0/42027] INFO  audit.AuditLogger (AuditLogger.java:refreshDebugCmdSet(126)) - Refresh DebugCmdSet for SCMAudit to [].
2023-01-05 09:38:38,581 [Listener at 0.0.0.0/42027] INFO  ipc.CallQueueManager (CallQueueManager.java:<init>(90)) - Using callQueue: class java.util.concurrent.LinkedBlockingQueue, queueCapacity: 2000, scheduler: class org.apache.hadoop.ipc.DefaultRpcScheduler, ipcBackoff: false.
2023-01-05 09:38:38,582 [Socket Reader #1 for port 0] INFO  ipc.Server (Server.java:run(1273)) - Starting Socket Reader #1 for port 0
2023-01-05 09:38:38,753 [Listener at 0.0.0.0/32805] INFO  ha.SCMServiceManager (SCMServiceManager.java:register(42)) - Registering service ContainerBalancer.
2023-01-05 09:38:38,754 [Listener at 0.0.0.0/32805] INFO  server.StorageContainerManager (StorageContainerManager.java:<init>(398)) - 
Container Balancer status:
Key                            Value
Running                        true
Container Balancer Configuration values:
Key                                                Value
Threshold                                          10
Max Datanodes to Involve per Iteration(percent)    20
Max Size to Move per Iteration                     500GB
Max Size Entering Target per Iteration             26GB
Max Size Leaving Source per Iteration              26GB

2023-01-05 09:38:38,755 [Listener at 0.0.0.0/32805] INFO  ha.SCMContext (SCMContext.java:updateSafeModeStatus(228)) - Update SafeModeStatus from SafeModeStatus{safeModeStatus=true, preCheckPassed=false} to SafeModeStatus{safeModeStatus=true, preCheckPassed=false}.
2023-01-05 09:38:38,757 [Listener at 0.0.0.0/32805] INFO  server.StorageContainerManager (StorageContainerManager.java:start(1423)) - StorageContainerLocationProtocol RPC server is listening at /0.0.0.0:32805
2023-01-05 09:38:38,811 [Listener at 0.0.0.0/32805] WARN  impl.MetricsConfig (MetricsConfig.java:loadFirst(136)) - Cannot locate configuration: tried hadoop-metrics2-storagecontainermanager.properties,hadoop-metrics2.properties
2023-01-05 09:38:38,823 [Listener at 0.0.0.0/32805] INFO  impl.MetricsSystemImpl (MetricsSystemImpl.java:startTimer(378)) - Scheduled Metric snapshot period at 10 second(s).
2023-01-05 09:38:38,824 [Listener at 0.0.0.0/32805] INFO  impl.MetricsSystemImpl (MetricsSystemImpl.java:start(191)) - StorageContainerManager metrics system started
2023-01-05 09:38:39,050 [Listener at 0.0.0.0/32805] INFO  server.SCMClientProtocolServer (SCMClientProtocolServer.java:start(170)) - RPC server for Client  is listening at /0.0.0.0:32805
2023-01-05 09:38:39,055 [IPC Server Responder] INFO  ipc.Server (Server.java:run(1512)) - IPC Server Responder: starting
2023-01-05 09:38:39,057 [IPC Server listener on 0] INFO  ipc.Server (Server.java:run(1352)) - IPC Server listener on 0: starting
2023-01-05 09:38:39,060 [Listener at 0.0.0.0/32805] INFO  server.StorageContainerManager (StorageContainerManager.java:start(1437)) - ScmBlockLocationProtocol RPC server is listening at /0.0.0.0:42027
2023-01-05 09:38:39,061 [Listener at 0.0.0.0/32805] INFO  server.SCMBlockProtocolServer (SCMBlockProtocolServer.java:start(152)) - RPC server for Block Protocol is listening at /0.0.0.0:42027
2023-01-05 09:38:39,061 [IPC Server Responder] INFO  ipc.Server (Server.java:run(1512)) - IPC Server Responder: starting
2023-01-05 09:38:39,062 [IPC Server listener on 0] INFO  ipc.Server (Server.java:run(1352)) - IPC Server listener on 0: starting
2023-01-05 09:38:39,064 [Listener at 0.0.0.0/32805] INFO  server.SCMDatanodeProtocolServer (SCMDatanodeProtocolServer.java:start(194)) - ScmDatanodeProtocol RPC server for DataNodes is listening at /0.0.0.0:33345
2023-01-05 09:38:39,065 [IPC Server Responder] INFO  ipc.Server (Server.java:run(1512)) - IPC Server Responder: starting
2023-01-05 09:38:39,066 [IPC Server listener on 0] INFO  ipc.Server (Server.java:run(1352)) - IPC Server listener on 0: starting
2023-01-05 09:38:39,084 [org.apache.hadoop.util.JvmPauseMonitor$Monitor@8d23cd8] INFO  util.JvmPauseMonitor (JvmPauseMonitor.java:run(188)) - Starting JVM pause monitor
2023-01-05 09:38:39,098 [Listener at 0.0.0.0/32805] INFO  http.BaseHttpServer (BaseHttpServer.java:newHttpServer2BuilderForOzone(213)) - Starting Web-server for scm at: http://0.0.0.0:0
2023-01-05 09:38:39,098 [Listener at 0.0.0.0/32805] INFO  http.BaseHttpServer (BaseHttpServer.java:<init>(108)) - Hadoop Security Enabled: false Ozone Security Enabled: false Ozone HTTP Security Enabled: false 
2023-01-05 09:38:39,132 [Listener at 0.0.0.0/32805] INFO  util.log (Log.java:initialized(170)) - Logging initialized @4141ms to org.eclipse.jetty.util.log.Slf4jLog
2023-01-05 09:38:39,244 [Listener at 0.0.0.0/32805] WARN  server.AuthenticationFilter (AuthenticationFilter.java:constructSecretProvider(240)) - Unable to initialize FileSignerSecretProvider, falling back to use random secrets. Reason: Could not read signature secret file: /home/runner/hadoop-http-auth-signature-secret
2023-01-05 09:38:39,252 [Listener at 0.0.0.0/32805] WARN  http.HttpRequestLog (HttpRequestLog.java:getRequestLog(103)) - Jetty request log can only be enabled using Log4j
2023-01-05 09:38:39,262 [Listener at 0.0.0.0/32805] INFO  http.HttpServer2 (HttpServer2.java:addGlobalFilter(1031)) - Added global filter 'safety' (class=org.apache.hadoop.hdds.server.http.HttpServer2$QuotingInputFilter)
2023-01-05 09:38:39,264 [Listener at 0.0.0.0/32805] INFO  http.HttpServer2 (HttpServer2.java:addFilter(1007)) - Added filter static_user_filter (class=org.apache.hadoop.http.lib.StaticUserWebFilter$StaticUserFilter) to context scm
2023-01-05 09:38:39,264 [Listener at 0.0.0.0/32805] INFO  http.HttpServer2 (HttpServer2.java:addFilter(1015)) - Added filter static_user_filter (class=org.apache.hadoop.http.lib.StaticUserWebFilter$StaticUserFilter) to context static
2023-01-05 09:38:39,265 [Listener at 0.0.0.0/32805] INFO  http.HttpServer2 (HttpServer2.java:addFilter(1015)) - Added filter static_user_filter (class=org.apache.hadoop.http.lib.StaticUserWebFilter$StaticUserFilter) to context logs
2023-01-05 09:38:39,307 [Listener at 0.0.0.0/32805] INFO  http.HttpServer2 (HttpServer2.java:bindListener(1250)) - Jetty bound to port 35101
2023-01-05 09:38:39,308 [Listener at 0.0.0.0/32805] INFO  server.Server (Server.java:doStart(375)) - jetty-9.4.49.v20220914; built: 2022-09-14T01:07:36.601Z; git: 4231a3b2e4cb8548a412a789936d640a97b1aa0a; jvm 1.8.0_352-b08
2023-01-05 09:38:39,373 [Listener at 0.0.0.0/32805] INFO  server.session (DefaultSessionIdManager.java:doStart(334)) - DefaultSessionIdManager workerName=node0
2023-01-05 09:38:39,374 [Listener at 0.0.0.0/32805] INFO  server.session (DefaultSessionIdManager.java:doStart(339)) - No SessionScavenger set, using defaults
2023-01-05 09:38:39,375 [Listener at 0.0.0.0/32805] INFO  server.session (HouseKeeper.java:startScavenging(132)) - node0 Scavenging every 660000ms
2023-01-05 09:38:39,394 [Listener at 0.0.0.0/32805] INFO  handler.ContextHandler (ContextHandler.java:doStart(921)) - Started o.e.j.s.ServletContextHandler@7ca8f5d7{logs,/logs,file:///home/runner/work/ozone/ozone/hadoop-ozone/integration-test/target/log,AVAILABLE}
2023-01-05 09:38:39,395 [Listener at 0.0.0.0/32805] INFO  handler.ContextHandler (ContextHandler.java:doStart(921)) - Started o.e.j.s.ServletContextHandler@733e3c19{static,/static,file:///home/runner/work/ozone/ozone/hadoop-ozone/integration-test/target/test-classes/webapps/static,AVAILABLE}
2023-01-05 09:38:39,454 [Listener at 0.0.0.0/32805] INFO  handler.ContextHandler (ContextHandler.java:doStart(921)) - Started o.e.j.w.WebAppContext@758ac46{scm,/,file:///home/runner/work/ozone/ozone/hadoop-ozone/integration-test/target/test-classes/webapps/scm/,AVAILABLE}{file:/home/runner/work/ozone/ozone/hadoop-ozone/integration-test/target/test-classes/webapps/scm}
2023-01-05 09:38:39,468 [Listener at 0.0.0.0/32805] INFO  server.AbstractConnector (AbstractConnector.java:doStart(333)) - Started ServerConnector@3a36da5e{HTTP/1.1, (http/1.1)}{0.0.0.0:35101}
2023-01-05 09:38:39,468 [Listener at 0.0.0.0/32805] INFO  server.Server (Server.java:doStart(415)) - Started @4477ms
2023-01-05 09:38:39,472 [Listener at 0.0.0.0/32805] INFO  impl.MetricsSinkAdapter (MetricsSinkAdapter.java:start(204)) - Sink prometheus started
2023-01-05 09:38:39,472 [Listener at 0.0.0.0/32805] INFO  impl.MetricsSystemImpl (MetricsSystemImpl.java:registerSink(305)) - Registered sink prometheus
2023-01-05 09:38:39,474 [Listener at 0.0.0.0/32805] INFO  http.BaseHttpServer (BaseHttpServer.java:updateConnectorAddress(333)) - HTTP server of scm listening at http://0.0.0.0:35101
2023-01-05 09:38:39,476 [Listener at 0.0.0.0/32805] WARN  server.ServerUtils (ServerUtils.java:getDBPath(225)) - ozone.om.db.dirs is not configured. We recommend adding this setting. Falling back to ozone.metadata.dirs instead.
2023-01-05 09:38:39,553 [Listener at 0.0.0.0/32805] INFO  audit.AuditLogger (AuditLogger.java:refreshDebugCmdSet(126)) - Refresh DebugCmdSet for OMAudit to [].
2023-01-05 09:38:39,634 [Listener at 0.0.0.0/32805] INFO  ha.OMHANodeDetails (OMHANodeDetails.java:loadOMHAConfig(115)) - ozone.om.internal.service.id is not defined, falling back to ozone.om.service.ids to find serviceID for OzoneManager if it is HA enabled cluster
2023-01-05 09:38:39,639 [Listener at 0.0.0.0/32805] INFO  ha.OMHANodeDetails (OMHANodeDetails.java:loadOMHAConfig(226)) - Configuration does not have ozone.om.address set. Falling back to the default OM address /127.0.0.1:0
2023-01-05 09:38:39,639 [Listener at 0.0.0.0/32805] INFO  ha.OMHANodeDetails (OMHANodeDetails.java:getOMNodeDetailsForNonHA(254)) - OM Service ID is not set. Setting it to the default ID: omServiceIdDefault
2023-01-05 09:38:39,639 [Listener at 0.0.0.0/32805] INFO  ha.OMHANodeDetails (OMHANodeDetails.java:getOMNodeDetailsForNonHA(261)) - OM Node ID is not set. Setting it to the default ID: om1
2023-01-05 09:38:39,643 [Listener at 0.0.0.0/32805] WARN  server.ServerUtils (ServerUtils.java:getDBPath(225)) - ozone.om.db.dirs is not configured. We recommend adding this setting. Falling back to ozone.metadata.dirs instead.
2023-01-05 09:38:39,645 [Listener at 0.0.0.0/32805] INFO  upgrade.AbstractLayoutVersionManager (AbstractLayoutVersionManager.java:init(83)) - Initializing Layout version manager with metadata layout = MULTITENANCY_SCHEMA (version = 3), software layout = MULTITENANCY_SCHEMA (version = 3)
2023-01-05 09:38:39,729 [Listener at 0.0.0.0/32805] INFO  reflections.Reflections (Reflections.java:scan(232)) - Reflections took 77 ms to scan 2 urls, producing 155 keys and 429 values [using 2 cores]
2023-01-05 09:38:39,734 [Listener at 0.0.0.0/32805] INFO  upgrade.OMLayoutVersionManager (OMLayoutVersionManager.java:lambda$0(115)) - Skipping Upgrade Action MockOmUpgradeAction since it has been finalized.
2023-01-05 09:38:39,735 [Listener at 0.0.0.0/32805] WARN  server.ServerUtils (ServerUtils.java:getDBPath(225)) - ozone.om.db.dirs is not configured. We recommend adding this setting. Falling back to ozone.metadata.dirs instead.
2023-01-05 09:38:39,912 [Listener at 0.0.0.0/32805] INFO  proxy.SCMBlockLocationFailoverProxyProvider (SCMBlockLocationFailoverProxyProvider.java:<init>(114)) - Created block location fail-over proxy with 1 nodes: [nodeId=scmNodeId,nodeAddress=/0.0.0.0:42027]
2023-01-05 09:38:39,943 [Listener at 0.0.0.0/32805] INFO  proxy.SCMBlockLocationFailoverProxyProvider (SCMBlockLocationFailoverProxyProvider.java:<init>(114)) - Created block location fail-over proxy with 1 nodes: [nodeId=scmNodeId,nodeAddress=/0.0.0.0:42027]
2023-01-05 09:38:40,163 | INFO  | SCMAudit | user=runner | ip=10.1.0.15 | op=GET_SCM_INFO null | ret=SUCCESS |  
2023-01-05 09:38:40,188 [Listener at 0.0.0.0/32805] WARN  server.ServerUtils (ServerUtils.java:getDBPath(225)) - ozone.om.db.dirs is not configured. We recommend adding this setting. Falling back to ozone.metadata.dirs instead.
2023-01-05 09:38:40,194 [Listener at 0.0.0.0/32805] INFO  codec.OmKeyInfoCodec (OmKeyInfoCodec.java:<init>(49)) - OmKeyInfoCodec ignorePipeline = true
2023-01-05 09:38:40,195 [Listener at 0.0.0.0/32805] INFO  codec.RepeatedOmKeyInfoCodec (RepeatedOmKeyInfoCodec.java:<init>(41)) - RepeatedOmKeyInfoCodec ignorePipeline = true
2023-01-05 09:38:40,363 [Listener at 0.0.0.0/32805] INFO  om.OzoneManager (OzoneManager.java:instantiateServices(716)) - S3 Multi-Tenancy is disabled
2023-01-05 09:38:40,438 [Listener at 0.0.0.0/32805] INFO  om.OzoneManager (OzoneManager.java:addS3GVolumeToDB(4286)) - Created Volume s3v With Owner runner required for S3Gateway operations.
2023-01-05 09:38:40,492 [Listener at 0.0.0.0/32805] WARN  server.ServerUtils (ServerUtils.java:getDefaultRatisDirectory(237)) - Storage directory for Ratis is not configured. It is a good idea to map this to an SSD disk. Falling back to ozone.metadata.dirs
2023-01-05 09:38:40,494 [Listener at 0.0.0.0/32805] WARN  utils.OzoneManagerRatisUtils (OzoneManagerRatisUtils.java:getOMRatisSnapshotDirectory(434)) - ozone.om.ratis.snapshot.dir is not configured. Falling back to ozone.metadata.dirs config
2023-01-05 09:38:40,515 [Listener at 0.0.0.0/32805] WARN  server.ServerUtils (ServerUtils.java:getDefaultRatisDirectory(237)) - Storage directory for Ratis is not configured. It is a good idea to map this to an SSD disk. Falling back to ozone.metadata.dirs
2023-01-05 09:38:40,554 [Listener at 0.0.0.0/32805] INFO  ratis.OzoneManagerRatisServer (OzoneManagerRatisServer.java:<init>(160)) - Instantiating OM Ratis server with groupID: omServiceIdDefault and peers: localhost:9872
2023-01-05 09:38:40,564 [Listener at 0.0.0.0/32805] INFO  ratis.OzoneManagerStateMachine (OzoneManagerStateMachine.java:loadSnapshotInfoFromDB(636)) - LastAppliedIndex is set from TransactionInfo from OM DB as (t:0, i:~)
2023-01-05 09:38:40,620 [Listener at 0.0.0.0/32805] INFO  server.RaftServer (ConfUtils.java:logGet(46)) - raft.rpc.type = GRPC (default)
2023-01-05 09:38:40,710 [Listener at 0.0.0.0/32805] INFO  grpc.GrpcConfigKeys (ConfUtils.java:logFallback(53)) - raft.grpc.admin.host = null (fallback to raft.grpc.server.host)
2023-01-05 09:38:40,711 [Listener at 0.0.0.0/32805] INFO  grpc.GrpcConfigKeys (ConfUtils.java:logFallback(53)) - raft.grpc.admin.port = 9872 (fallback to raft.grpc.server.port)
2023-01-05 09:38:40,712 [Listener at 0.0.0.0/32805] INFO  grpc.GrpcConfigKeys (ConfUtils.java:logFallback(53)) - raft.grpc.client.host = null (fallback to raft.grpc.server.host)
2023-01-05 09:38:40,712 [Listener at 0.0.0.0/32805] INFO  grpc.GrpcConfigKeys (ConfUtils.java:logFallback(53)) - raft.grpc.client.port = 9872 (fallback to raft.grpc.server.port)
2023-01-05 09:38:40,712 [Listener at 0.0.0.0/32805] INFO  grpc.GrpcConfigKeys (ConfUtils.java:logGet(46)) - raft.grpc.server.host = null (default)
2023-01-05 09:38:40,713 [Listener at 0.0.0.0/32805] INFO  grpc.GrpcConfigKeys (ConfUtils.java:logGet(46)) - raft.grpc.server.port = 9872 (custom)
2023-01-05 09:38:40,713 [Listener at 0.0.0.0/32805] INFO  server.GrpcService (ConfUtils.java:logGet(46)) - raft.grpc.message.size.max = 33554432 (custom)
2023-01-05 09:38:40,714 [Listener at 0.0.0.0/32805] INFO  server.RaftServerConfigKeys (ConfUtils.java:logGet(46)) - raft.server.log.appender.buffer.byte-limit = 33554432 (custom)
2023-01-05 09:38:40,715 [Listener at 0.0.0.0/32805] INFO  server.GrpcService (ConfUtils.java:logGet(46)) - raft.grpc.flow.control.window = 1MB (=1048576) (default)
2023-01-05 09:38:40,716 [Listener at 0.0.0.0/32805] INFO  server.RaftServerConfigKeys (ConfUtils.java:logGet(46)) - raft.server.rpc.request.timeout = 3000ms (default)
2023-01-05 09:38:40,732 [Listener at 0.0.0.0/32805] INFO  grpc.GrpcConfigKeys (ConfUtils.java:logGet(46)) - raft.grpc.server.heartbeat.channel = true (default)
2023-01-05 09:38:40,735 [Listener at 0.0.0.0/32805] INFO  grpc.GrpcConfigKeys (ConfUtils.java:logGet(46)) - raft.grpc.server.async.request.thread.pool.cached = true (default)
2023-01-05 09:38:40,736 [Listener at 0.0.0.0/32805] INFO  grpc.GrpcConfigKeys (ConfUtils.java:logGet(46)) - raft.grpc.server.async.request.thread.pool.size = 32 (default)
2023-01-05 09:38:41,048 [Listener at 0.0.0.0/32805] INFO  impl.DataStreamServerImpl (ConfUtils.java:logGet(46)) - raft.datastream.type = NETTY (custom)
2023-01-05 09:38:41,071 [Listener at 0.0.0.0/32805] INFO  server.RaftServerConfigKeys (ConfUtils.java:logGet(46)) - raft.server.data-stream.async.request.thread.pool.cached = false (default)
2023-01-05 09:38:41,072 [Listener at 0.0.0.0/32805] INFO  server.RaftServerConfigKeys (ConfUtils.java:logGet(46)) - raft.server.data-stream.async.request.thread.pool.size = 32 (default)
2023-01-05 09:38:41,072 [Listener at 0.0.0.0/32805] INFO  server.RaftServerConfigKeys (ConfUtils.java:logGet(46)) - raft.server.data-stream.async.write.thread.pool.size = 16 (default)
2023-01-05 09:38:41,073 [Listener at 0.0.0.0/32805] INFO  server.RaftServerConfigKeys (ConfUtils.java:logGet(46)) - raft.server.data-stream.client.pool.size = 10 (default)
2023-01-05 09:38:41,077 [Listener at 0.0.0.0/32805] INFO  netty.NettyConfigKeys$DataStream (ConfUtils.java:logGet(46)) - raft.netty.dataStream.server.use-epoll = false (default)
2023-01-05 09:38:41,078 [Listener at 0.0.0.0/32805] INFO  netty.NettyConfigKeys$DataStream (ConfUtils.java:logGet(46)) - raft.netty.dataStream.server.boss-group.size = 0 (default)
2023-01-05 09:38:41,085 [Listener at 0.0.0.0/32805] INFO  netty.NettyConfigKeys$DataStream (ConfUtils.java:logGet(46)) - raft.netty.dataStream.server.worker-group.size = 0 (default)
2023-01-05 09:38:41,086 [Listener at 0.0.0.0/32805] INFO  netty.NettyConfigKeys$DataStream (ConfUtils.java:logGet(46)) - raft.netty.dataStream.server.tls.conf = null (default)
2023-01-05 09:38:41,087 [Listener at 0.0.0.0/32805] INFO  netty.NettyConfigKeys$DataStream (ConfUtils.java:logGet(46)) - raft.netty.dataStream.host = null (default)
2023-01-05 09:38:41,088 [Listener at 0.0.0.0/32805] INFO  netty.NettyConfigKeys$DataStream (ConfUtils.java:logGet(46)) - raft.netty.dataStream.port = 0 (default)
2023-01-05 09:38:41,136 [Listener at 0.0.0.0/32805] INFO  server.RaftServerConfigKeys (ConfUtils.java:logGet(46)) - raft.server.threadpool.proxy.cached = true (default)
2023-01-05 09:38:41,137 [Listener at 0.0.0.0/32805] INFO  server.RaftServerConfigKeys (ConfUtils.java:logGet(46)) - raft.server.threadpool.proxy.size = 0 (default)
2023-01-05 09:38:41,137 [Listener at 0.0.0.0/32805] INFO  server.RaftServerConfigKeys (ConfUtils.java:logGet(46)) - raft.server.rpc.slowness.timeout = 120s (custom)
2023-01-05 09:38:41,137 [Listener at 0.0.0.0/32805] INFO  server.RaftServerConfigKeys (ConfUtils.java:logGet(46)) - raft.server.leaderelection.leader.step-down.wait-time = 10s (default)
2023-01-05 09:38:41,142 [Listener at 0.0.0.0/32805] INFO  server.RaftServerConfigKeys (ConfUtils.java:logGet(46)) - raft.server.storage.dir = [/home/runner/work/ozone/ozone/hadoop-ozone/integration-test/target/test-dir/MiniOzoneClusterImpl-b4cfd215-9b0e-48e6-9461-0a101ded37cf/ozone-meta/ratis] (custom)
2023-01-05 09:38:41,167 [Listener at 0.0.0.0/32805] INFO  server.RaftServer (RaftServerProxy.java:addNew(96)) - om1: addNew group-C5BA1605619E:[om1|rpc:localhost:9872|priority:0|startupRole:FOLLOWER] returns group-C5BA1605619E:java.util.concurrent.CompletableFuture@70fc5fec[Not completed]
2023-01-05 09:38:41,167 [Listener at 0.0.0.0/32805] INFO  om.OzoneManager (OzoneManager.java:initializeRatisServer(1981)) - OzoneManager Ratis server initialized at port 9872
2023-01-05 09:38:41,176 [om1-NettyServerStreamRpc-bossGroup--thread1] INFO  logging.LoggingHandler (AbstractInternalLogger.java:log(148)) - [id: 0x787bb27b] REGISTERED
2023-01-05 09:38:41,177 [om1-NettyServerStreamRpc-bossGroup--thread1] INFO  logging.LoggingHandler (AbstractInternalLogger.java:log(148)) - [id: 0x787bb27b] BIND: 0.0.0.0/0.0.0.0:0
2023-01-05 09:38:41,182 [om1-NettyServerStreamRpc-bossGroup--thread1] INFO  logging.LoggingHandler (AbstractInternalLogger.java:log(148)) - [id: 0x787bb27b, L:/0:0:0:0:0:0:0:0:34665] ACTIVE
2023-01-05 09:38:41,194 [pool-54-thread-1] INFO  server.RaftServer$Division (RaftServerImpl.java:<init>(195)) - om1: new RaftServerImpl for group-C5BA1605619E:[om1|rpc:localhost:9872|priority:0|startupRole:FOLLOWER] with OzoneManagerStateMachine:uninitialized
2023-01-05 09:38:41,198 [Listener at 0.0.0.0/32805] INFO  om.OzoneManager (OzoneManager.java:getRpcServer(1106)) - Creating RPC Server
2023-01-05 09:38:41,196 [pool-54-thread-1] INFO  server.RaftServerConfigKeys (ConfUtils.java:logGet(46)) - raft.server.rpc.timeout.min = 1s (custom)
2023-01-05 09:38:41,198 [pool-54-thread-1] INFO  server.RaftServerConfigKeys (ConfUtils.java:logGet(46)) - raft.server.rpc.timeout.max = 1200ms (custom)
2023-01-05 09:38:41,199 [pool-54-thread-1] INFO  server.RaftServerConfigKeys (ConfUtils.java:logGet(46)) - raft.server.rpc.sleep.time = 25ms (default)
2023-01-05 09:38:41,199 [pool-54-thread-1] INFO  server.RaftServerConfigKeys (ConfUtils.java:logGet(46)) - raft.server.rpc.slowness.timeout = 120s (custom)
2023-01-05 09:38:41,199 [pool-54-thread-1] INFO  server.RaftServerConfigKeys (ConfUtils.java:logGet(46)) - raft.server.leaderelection.leader.step-down.wait-time = 10s (default)
2023-01-05 09:38:41,199 [pool-54-thread-1] INFO  server.RaftServerConfigKeys (ConfUtils.java:logGet(46)) - raft.server.sleep.deviation.threshold = 300ms (default)
2023-01-05 09:38:41,216 [pool-54-thread-1] INFO  server.RaftServer$Division (ServerState.java:<init>(118)) - om1@group-C5BA1605619E: ConfigurationManager, init=-1: peers:[om1|rpc:localhost:9872|priority:0|startupRole:FOLLOWER]|listeners:[], old=null, confs=<EMPTY_MAP>
2023-01-05 09:38:41,219 [pool-54-thread-1] INFO  server.RaftServerConfigKeys (ConfUtils.java:logGet(46)) - raft.server.storage.dir = [/home/runner/work/ozone/ozone/hadoop-ozone/integration-test/target/test-dir/MiniOzoneClusterImpl-b4cfd215-9b0e-48e6-9461-0a101ded37cf/ozone-meta/ratis] (custom)
2023-01-05 09:38:41,231 [pool-54-thread-1] INFO  server.RaftServerConfigKeys (ConfUtils.java:logGet(46)) - raft.server.log.corruption.policy = EXCEPTION (default)
2023-01-05 09:38:41,232 [pool-54-thread-1] INFO  server.RaftServerConfigKeys (ConfUtils.java:logGet(46)) - raft.server.storage.free-space.min = 0MB (=0) (default)
2023-01-05 09:38:41,248 [pool-54-thread-1] INFO  server.RaftServerConfigKeys (ConfUtils.java:logGet(46)) - raft.server.notification.no-leader.timeout = 120s (custom)
2023-01-05 09:38:41,253 [pool-54-thread-1] INFO  server.RaftServerConfigKeys (ConfUtils.java:logGet(46)) - raft.server.retrycache.expirytime = 300s (custom)
2023-01-05 09:38:41,254 [pool-54-thread-1] INFO  server.RaftServerConfigKeys (ConfUtils.java:logGet(46)) - raft.server.retrycache.statistics.expirytime = 100μs (default)
2023-01-05 09:38:41,400 [pool-54-thread-1] INFO  server.RaftServerConfigKeys (ConfUtils.java:logGet(46)) - raft.server.log.appender.install.snapshot.enabled = false (custom)
2023-01-05 09:38:41,402 [pool-54-thread-1] INFO  server.RaftServerConfigKeys (ConfUtils.java:logGet(46)) - raft.server.threadpool.server.cached = true (default)
2023-01-05 09:38:41,403 [pool-54-thread-1] INFO  server.RaftServerConfigKeys (ConfUtils.java:logGet(46)) - raft.server.threadpool.server.size = 0 (default)
2023-01-05 09:38:41,405 [pool-54-thread-1] INFO  server.RaftServerConfigKeys (ConfUtils.java:logGet(46)) - raft.server.threadpool.client.cached = true (default)
2023-01-05 09:38:41,408 [pool-54-thread-1] INFO  server.RaftServerConfigKeys (ConfUtils.java:logGet(46)) - raft.server.threadpool.client.size = 0 (default)
2023-01-05 09:38:41,931 [Listener at 0.0.0.0/32805] INFO  reflections.Reflections (Reflections.java:scan(232)) - Reflections took 652 ms to scan 19 urls, producing 67 keys and 4533 values [using 2 cores]
2023-01-05 09:38:42,294 [Listener at 0.0.0.0/32805] INFO  ipc.CallQueueManager (CallQueueManager.java:<init>(90)) - Using callQueue: class java.util.concurrent.LinkedBlockingQueue, queueCapacity: 2000, scheduler: class org.apache.hadoop.ipc.DefaultRpcScheduler, ipcBackoff: false.
2023-01-05 09:38:42,295 [Socket Reader #1 for port 0] INFO  ipc.Server (Server.java:run(1273)) - Starting Socket Reader #1 for port 0
2023-01-05 09:38:42,331 [Listener at 127.0.0.1/37423] INFO  impl.MetricsSystemImpl (MetricsSystemImpl.java:init(158)) - OzoneManager metrics system started (again)
2023-01-05 09:38:42,344 [Listener at 127.0.0.1/37423] INFO  om.OzoneManager (OzoneManager.java:start(1488)) - OzoneManager RPC server is listening at localhost/127.0.0.1:37423
2023-01-05 09:38:42,344 [Listener at 127.0.0.1/37423] INFO  ratis.OzoneManagerRatisServer (OzoneManagerRatisServer.java:start(555)) - Starting OzoneManagerRatisServer om1 at port 9872
2023-01-05 09:38:42,348 [om1-impl-thread1] INFO  storage.RaftStorageDirectory (RaftStorageDirectoryImpl.java:analyzeStorage(137)) - The storage directory /home/runner/work/ozone/ozone/hadoop-ozone/integration-test/target/test-dir/MiniOzoneClusterImpl-b4cfd215-9b0e-48e6-9461-0a101ded37cf/ozone-meta/ratis/bf265839-605b-3f16-9796-c5ba1605619e does not exist. Creating ...
2023-01-05 09:38:42,352 [om1-impl-thread1] INFO  storage.RaftStorageDirectory (RaftStorageDirectoryImpl.java:tryLock(231)) - Lock on /home/runner/work/ozone/ozone/hadoop-ozone/integration-test/target/test-dir/MiniOzoneClusterImpl-b4cfd215-9b0e-48e6-9461-0a101ded37cf/ozone-meta/ratis/bf265839-605b-3f16-9796-c5ba1605619e/in_use.lock acquired by nodename 61261@fv-az459-169
2023-01-05 09:38:42,358 [om1-impl-thread1] INFO  storage.RaftStorage (RaftStorageImpl.java:format(96)) - Storage directory /home/runner/work/ozone/ozone/hadoop-ozone/integration-test/target/test-dir/MiniOzoneClusterImpl-b4cfd215-9b0e-48e6-9461-0a101ded37cf/ozone-meta/ratis/bf265839-605b-3f16-9796-c5ba1605619e has been successfully formatted.
2023-01-05 09:38:42,360 [om1-impl-thread1] INFO  server.RaftServerConfigKeys (ConfUtils.java:logGet(46)) - raft.server.log.use.memory = false (default)
2023-01-05 09:38:42,367 [om1-impl-thread1] INFO  server.RaftServerConfigKeys (ConfUtils.java:logGet(46)) - raft.server.log.purge.gap = 1000000 (custom)
2023-01-05 09:38:42,368 [om1-impl-thread1] INFO  server.RaftServerConfigKeys (ConfUtils.java:logGet(46)) - raft.server.log.appender.buffer.byte-limit = 33554432 (custom)
2023-01-05 09:38:42,370 [om1-impl-thread1] INFO  server.RaftServerConfigKeys (ConfUtils.java:logGet(46)) - raft.server.log.statemachine.data.read.timeout = 1000ms (default)
2023-01-05 09:38:42,370 [om1-impl-thread1] INFO  server.RaftServerConfigKeys (ConfUtils.java:logGet(46)) - raft.server.log.purge.preservation.log.num = 0 (default)
2023-01-05 09:38:42,373 [om1-impl-thread1] INFO  server.RaftServerConfigKeys (ConfUtils.java:logGet(46)) - raft.server.log.segment.size.max = 4194304 (custom)
2023-01-05 09:38:42,378 [om1-impl-thread1] INFO  server.RaftServerConfigKeys (ConfUtils.java:logGet(46)) - raft.server.log.segment.cache.num.max = 2 (custom)
2023-01-05 09:38:42,379 [om1-impl-thread1] INFO  server.RaftServerConfigKeys (ConfUtils.java:logGet(46)) - raft.server.log.segment.cache.size.max = 200MB (=209715200) (default)
2023-01-05 09:38:42,385 [om1-impl-thread1] INFO  segmented.SegmentedRaftLogWorker (SegmentedRaftLogWorker.java:<init>(189)) - new om1@group-C5BA1605619E-SegmentedRaftLogWorker for RaftStorageImpl:Storage Directory /home/runner/work/ozone/ozone/hadoop-ozone/integration-test/target/test-dir/MiniOzoneClusterImpl-b4cfd215-9b0e-48e6-9461-0a101ded37cf/ozone-meta/ratis/bf265839-605b-3f16-9796-c5ba1605619e
2023-01-05 09:38:42,385 [om1-impl-thread1] INFO  server.RaftServerConfigKeys (ConfUtils.java:logGet(46)) - raft.server.log.queue.byte-limit = 64MB (=67108864) (default)
2023-01-05 09:38:42,386 [om1-impl-thread1] INFO  server.RaftServerConfigKeys (ConfUtils.java:logGet(46)) - raft.server.log.queue.element-limit = 4096 (default)
2023-01-05 09:38:42,386 [om1-impl-thread1] INFO  server.RaftServerConfigKeys (ConfUtils.java:logGet(46)) - raft.server.log.segment.size.max = 4194304 (custom)
2023-01-05 09:38:42,387 [om1-impl-thread1] INFO  server.RaftServerConfigKeys (ConfUtils.java:logGet(46)) - raft.server.log.preallocated.size = 4194304 (custom)
2023-01-05 09:38:42,387 [om1-impl-thread1] INFO  server.RaftServerConfigKeys (ConfUtils.java:logGet(46)) - raft.server.log.force.sync.num = 128 (default)
2023-01-05 09:38:42,388 [om1-impl-thread1] INFO  server.RaftServerConfigKeys (ConfUtils.java:logGet(46)) - raft.server.log.statemachine.data.sync = true (default)
2023-01-05 09:38:42,388 [om1-impl-thread1] INFO  server.RaftServerConfigKeys (ConfUtils.java:logGet(46)) - raft.server.log.statemachine.data.sync.timeout = 10s (default)
2023-01-05 09:38:42,389 [om1-impl-thread1] INFO  server.RaftServerConfigKeys (ConfUtils.java:logGet(46)) - raft.server.log.statemachine.data.sync.timeout.retry = -1 (default)
2023-01-05 09:38:42,397 [om1-impl-thread1] INFO  server.RaftServerConfigKeys (ConfUtils.java:logGet(46)) - raft.server.log.write.buffer.size = 64KB (=65536) (default)
2023-01-05 09:38:42,397 [om1-impl-thread1] INFO  server.RaftServerConfigKeys (ConfUtils.java:logGet(46)) - raft.server.log.appender.buffer.byte-limit = 33554432 (custom)
2023-01-05 09:38:42,402 [om1-impl-thread1] INFO  server.RaftServerConfigKeys (ConfUtils.java:logGet(46)) - raft.server.log.unsafe-flush.enabled = false (default)
2023-01-05 09:38:42,402 [om1-impl-thread1] INFO  server.RaftServerConfigKeys (ConfUtils.java:logGet(46)) - raft.server.log.async-flush.enabled = false (default)
2023-01-05 09:38:42,403 [om1-impl-thread1] INFO  server.RaftServerConfigKeys (ConfUtils.java:logGet(46)) - raft.server.log.statemachine.data.caching.enabled = false (default)
2023-01-05 09:38:42,409 [om1-impl-thread1] INFO  segmented.SegmentedRaftLogWorker (SegmentedRaftLogWorker.java:lambda$new$0(135)) - om1@group-C5BA1605619E-SegmentedRaftLogWorker: flushIndex: setUnconditionally 0 -> -1
2023-01-05 09:38:42,410 [om1-impl-thread1] INFO  segmented.SegmentedRaftLogWorker (SegmentedRaftLogWorker.java:lambda$new$0(135)) - om1@group-C5BA1605619E-SegmentedRaftLogWorker: safeCacheEvictIndex: setUnconditionally 0 -> -1
2023-01-05 09:38:42,411 [om1-impl-thread1] INFO  server.RaftServer$Division (RaftServerImpl.java:start(334)) - om1@group-C5BA1605619E: start as a follower, conf=-1: peers:[om1|rpc:localhost:9872|priority:0|startupRole:FOLLOWER]|listeners:[], old=null
2023-01-05 09:38:42,412 [om1-impl-thread1] INFO  server.RaftServer$Division (RaftServerImpl.java:setRole(321)) - om1@group-C5BA1605619E: changes role from      null to FOLLOWER at term 0 for startAsFollower
2023-01-05 09:38:42,413 [om1-impl-thread1] INFO  impl.RoleInfo (RoleInfo.java:updateAndGet(139)) - om1: start om1@group-C5BA1605619E-FollowerState
2023-01-05 09:38:42,415 [om1-impl-thread1] INFO  util.JmxRegister (JmxRegister.java:tryRegister(44)) - Successfully registered JMX Bean with object name Ratis:service=RaftServer,group=group-C5BA1605619E,id=om1
2023-01-05 09:38:42,417 [om1-impl-thread1] INFO  server.RaftServerConfigKeys (ConfUtils.java:logGet(46)) - raft.server.snapshot.auto.trigger.enabled = true (custom)
2023-01-05 09:38:42,418 [om1-impl-thread1] INFO  server.RaftServerConfigKeys (ConfUtils.java:logGet(46)) - raft.server.snapshot.auto.trigger.threshold = 400000 (default)
2023-01-05 09:38:42,418 [om1-impl-thread1] INFO  server.RaftServerConfigKeys (ConfUtils.java:logGet(46)) - raft.server.snapshot.retention.file.num = -1 (default)
2023-01-05 09:38:42,419 [om1-impl-thread1] INFO  server.RaftServerConfigKeys (ConfUtils.java:logGet(46)) - raft.server.log.purge.upto.snapshot.index = true (custom)
2023-01-05 09:38:42,422 [om1@group-C5BA1605619E-FollowerState] INFO  server.RaftServerConfigKeys (ConfUtils.java:logFallback(53)) - raft.server.rpc.first-election.timeout.min = 1s (fallback to raft.server.rpc.timeout.min)
2023-01-05 09:38:42,424 [om1@group-C5BA1605619E-FollowerState] INFO  server.RaftServerConfigKeys (ConfUtils.java:logFallback(53)) - raft.server.rpc.first-election.timeout.max = 1200ms (fallback to raft.server.rpc.timeout.max)
2023-01-05 09:38:42,424 [Listener at 127.0.0.1/37423] INFO  server.RaftServer (RaftServerProxy.java:startImpl(393)) - om1: start RPC server
2023-01-05 09:38:42,442 [Listener at 127.0.0.1/37423] INFO  server.GrpcService (GrpcService.java:startImpl(262)) - om1: GrpcService started, listening on 9872
2023-01-05 09:38:42,445 [Listener at 127.0.0.1/37423] INFO  om.OzoneManager (OzoneManager.java:start(1504)) - Version File has different layout version (3) than OM DB (null). That is expected if this OM has never been finalized to a newer layout version.
2023-01-05 09:38:42,447 [JvmPauseMonitor0] INFO  util.JvmPauseMonitor (JvmPauseMonitor.java:run(105)) - JvmPauseMonitor-om1: Started
2023-01-05 09:38:42,463 [Listener at 127.0.0.1/37423] INFO  http.BaseHttpServer (BaseHttpServer.java:newHttpServer2BuilderForOzone(213)) - Starting Web-server for ozoneManager at: http://0.0.0.0:0
2023-01-05 09:38:42,463 [Listener at 127.0.0.1/37423] INFO  http.BaseHttpServer (BaseHttpServer.java:<init>(108)) - Hadoop Security Enabled: false Ozone Security Enabled: false Ozone HTTP Security Enabled: false 
2023-01-05 09:38:42,464 [Listener at 127.0.0.1/37423] WARN  server.AuthenticationFilter (AuthenticationFilter.java:constructSecretProvider(240)) - Unable to initialize FileSignerSecretProvider, falling back to use random secrets. Reason: Could not read signature secret file: /home/runner/hadoop-http-auth-signature-secret
2023-01-05 09:38:42,472 [Listener at 127.0.0.1/37423] WARN  http.HttpRequestLog (HttpRequestLog.java:getRequestLog(103)) - Jetty request log can only be enabled using Log4j
2023-01-05 09:38:42,475 [Listener at 127.0.0.1/37423] INFO  http.HttpServer2 (HttpServer2.java:addGlobalFilter(1031)) - Added global filter 'safety' (class=org.apache.hadoop.hdds.server.http.HttpServer2$QuotingInputFilter)
2023-01-05 09:38:42,476 [Listener at 127.0.0.1/37423] INFO  http.HttpServer2 (HttpServer2.java:addFilter(1007)) - Added filter static_user_filter (class=org.apache.hadoop.http.lib.StaticUserWebFilter$StaticUserFilter) to context ozoneManager
2023-01-05 09:38:42,476 [Listener at 127.0.0.1/37423] INFO  http.HttpServer2 (HttpServer2.java:addFilter(1015)) - Added filter static_user_filter (class=org.apache.hadoop.http.lib.StaticUserWebFilter$StaticUserFilter) to context logs
2023-01-05 09:38:42,476 [Listener at 127.0.0.1/37423] INFO  http.HttpServer2 (HttpServer2.java:addFilter(1015)) - Added filter static_user_filter (class=org.apache.hadoop.http.lib.StaticUserWebFilter$StaticUserFilter) to context static
2023-01-05 09:38:42,478 [Listener at 127.0.0.1/37423] INFO  http.HttpServer2 (HttpServer2.java:bindListener(1250)) - Jetty bound to port 36479
2023-01-05 09:38:42,478 [Listener at 127.0.0.1/37423] INFO  server.Server (Server.java:doStart(375)) - jetty-9.4.49.v20220914; built: 2022-09-14T01:07:36.601Z; git: 4231a3b2e4cb8548a412a789936d640a97b1aa0a; jvm 1.8.0_352-b08
2023-01-05 09:38:42,485 [Listener at 127.0.0.1/37423] INFO  server.session (DefaultSessionIdManager.java:doStart(334)) - DefaultSessionIdManager workerName=node0
2023-01-05 09:38:42,485 [Listener at 127.0.0.1/37423] INFO  server.session (DefaultSessionIdManager.java:doStart(339)) - No SessionScavenger set, using defaults
2023-01-05 09:38:42,485 [Listener at 127.0.0.1/37423] INFO  server.session (HouseKeeper.java:startScavenging(132)) - node0 Scavenging every 600000ms
2023-01-05 09:38:42,487 [Listener at 127.0.0.1/37423] INFO  handler.ContextHandler (ContextHandler.java:doStart(921)) - Started o.e.j.s.ServletContextHandler@7c47f5b0{logs,/logs,file:///home/runner/work/ozone/ozone/hadoop-ozone/integration-test/target/log,AVAILABLE}
2023-01-05 09:38:42,487 [Listener at 127.0.0.1/37423] INFO  handler.ContextHandler (ContextHandler.java:doStart(921)) - Started o.e.j.s.ServletContextHandler@e447d2d{static,/static,file:///home/runner/work/ozone/ozone/hadoop-ozone/integration-test/target/test-classes/webapps/static,AVAILABLE}
2023-01-05 09:38:42,493 [Listener at 127.0.0.1/37423] INFO  handler.ContextHandler (ContextHandler.java:doStart(921)) - Started o.e.j.w.WebAppContext@25dc4d01{ozoneManager,/,file:///home/runner/work/ozone/ozone/hadoop-ozone/integration-test/target/test-classes/webapps/ozoneManager/,AVAILABLE}{file:/home/runner/work/ozone/ozone/hadoop-ozone/integration-test/target/test-classes/webapps/ozoneManager}
2023-01-05 09:38:42,499 [Listener at 127.0.0.1/37423] INFO  server.AbstractConnector (AbstractConnector.java:doStart(333)) - Started ServerConnector@2a6dab20{HTTP/1.1, (http/1.1)}{0.0.0.0:36479}
2023-01-05 09:38:42,499 [Listener at 127.0.0.1/37423] INFO  server.Server (Server.java:doStart(415)) - Started @7508ms
2023-01-05 09:38:42,499 [Listener at 127.0.0.1/37423] WARN  impl.MetricsSystemImpl (MetricsSystemImpl.java:register(279)) - Sink prometheus already exists!
2023-01-05 09:38:42,500 [Listener at 127.0.0.1/37423] INFO  http.BaseHttpServer (BaseHttpServer.java:updateConnectorAddress(333)) - HTTP server of ozoneManager listening at http://0.0.0.0:36479
2023-01-05 09:38:42,500 [IPC Server Responder] INFO  ipc.Server (Server.java:run(1512)) - IPC Server Responder: starting
2023-01-05 09:38:42,501 [IPC Server listener on 0] INFO  ipc.Server (Server.java:run(1352)) - IPC Server listener on 0: starting
2023-01-05 09:38:42,504 [Listener at 127.0.0.1/37423] INFO  om.OzoneManager (OzoneManager.java:startTrashEmptier(1925)) - Trash Interval set to 0. Files deleted won't move to trash
2023-01-05 09:38:42,518 [org.apache.hadoop.util.JvmPauseMonitor$Monitor@8880259] INFO  util.JvmPauseMonitor (JvmPauseMonitor.java:run(188)) - Starting JVM pause monitor
2023-01-05 09:38:42,646 [Listener at 127.0.0.1/37423] WARN  impl.MetricRegistriesImpl (MetricRegistriesImpl.java:addReporterRegistration(111)) - New reporters are added after registries were created. Some metrics will be missing from the reporter. Please add reporter before adding any new registry.
2023-01-05 09:38:42,646 [Listener at 127.0.0.1/37423] WARN  impl.MetricRegistriesImpl (MetricRegistriesImpl.java:addReporterRegistration(111)) - New reporters are added after registries were created. Some metrics will be missing from the reporter. Please add reporter before adding any new registry.
2023-01-05 09:38:42,646 [Listener at 127.0.0.1/37423] INFO  impl.MetricsSystemImpl (MetricsSystemImpl.java:init(158)) - HddsDatanode metrics system started (again)
2023-01-05 09:38:42,668 [Listener at 127.0.0.1/37423] INFO  ozone.HddsDatanodeService (HddsDatanodeService.java:start(228)) - HddsDatanodeService host:fv-az459-169.msq0az1vewme3jsxyslsv0htic.jx.internal.cloudapp.net ip:10.1.0.15
2023-01-05 09:38:42,700 [Listener at 127.0.0.1/37423] INFO  upgrade.AbstractLayoutVersionManager (AbstractLayoutVersionManager.java:init(83)) - Initializing Layout version manager with metadata layout = DATANODE_SCHEMA_V3 (version = 4), software layout = DATANODE_SCHEMA_V3 (version = 4)
2023-01-05 09:38:42,752 [Listener at 127.0.0.1/37423] INFO  reflections.Reflections (Reflections.java:scan(232)) - Reflections took 49 ms to scan 7 urls, producing 146 keys and 350 values 
2023-01-05 09:38:42,759 [Listener at 127.0.0.1/37423] INFO  statemachine.DatanodeStateMachine (DatanodeStateMachine.java:getEndPointTaskThreadPoolSize(248)) - Datanode State Machine Task Thread Pool size 2
2023-01-05 09:38:42,819 [Listener at 127.0.0.1/37423] INFO  volume.HddsVolume (HddsVolume.java:<init>(117)) - Creating HddsVolume: /home/runner/work/ozone/ozone/hadoop-ozone/integration-test/target/test-dir/MiniOzoneClusterImpl-b4cfd215-9b0e-48e6-9461-0a101ded37cf/datanode-0/data-0/containers/hdds of storage type : DISK capacity : 9223372036854775807
2023-01-05 09:38:42,821 [Listener at 127.0.0.1/37423] INFO  volume.MutableVolumeSet (MutableVolumeSet.java:initializeVolumeSet(174)) - Added Volume : /home/runner/work/ozone/ozone/hadoop-ozone/integration-test/target/test-dir/MiniOzoneClusterImpl-b4cfd215-9b0e-48e6-9461-0a101ded37cf/datanode-0/data-0/containers/hdds to VolumeSet
2023-01-05 09:38:42,822 [Listener at 127.0.0.1/37423] INFO  volume.ThrottledAsyncChecker (ThrottledAsyncChecker.java:schedule(141)) - Scheduling a check for /home/runner/work/ozone/ozone/hadoop-ozone/integration-test/target/test-dir/MiniOzoneClusterImpl-b4cfd215-9b0e-48e6-9461-0a101ded37cf/datanode-0/data-0/containers/hdds
2023-01-05 09:38:42,841 [Listener at 127.0.0.1/37423] INFO  volume.StorageVolumeChecker (StorageVolumeChecker.java:checkAllVolumes(202)) - Scheduled health check for volume /home/runner/work/ozone/ozone/hadoop-ozone/integration-test/target/test-dir/MiniOzoneClusterImpl-b4cfd215-9b0e-48e6-9461-0a101ded37cf/datanode-0/data-0/containers/hdds
2023-01-05 09:38:42,860 [Listener at 127.0.0.1/37423] INFO  volume.MutableVolumeSet (MutableVolumeSet.java:initializeVolumeSet(174)) - Added Volume : /home/runner/work/ozone/ozone/hadoop-ozone/integration-test/target/test-dir/MiniOzoneClusterImpl-b4cfd215-9b0e-48e6-9461-0a101ded37cf/datanode-0/data/ratis to VolumeSet
2023-01-05 09:38:42,860 [Listener at 127.0.0.1/37423] INFO  volume.ThrottledAsyncChecker (ThrottledAsyncChecker.java:schedule(141)) - Scheduling a check for /home/runner/work/ozone/ozone/hadoop-ozone/integration-test/target/test-dir/MiniOzoneClusterImpl-b4cfd215-9b0e-48e6-9461-0a101ded37cf/datanode-0/data/ratis
2023-01-05 09:38:42,861 [Listener at 127.0.0.1/37423] INFO  volume.StorageVolumeChecker (StorageVolumeChecker.java:checkAllVolumes(202)) - Scheduled health check for volume /home/runner/work/ozone/ozone/hadoop-ozone/integration-test/target/test-dir/MiniOzoneClusterImpl-b4cfd215-9b0e-48e6-9461-0a101ded37cf/datanode-0/data/ratis
2023-01-05 09:38:42,885 [Thread-136] INFO  ozoneimpl.ContainerReader (ContainerReader.java:readVolume(175)) - Finish verifying containers on volume /home/runner/work/ozone/ozone/hadoop-ozone/integration-test/target/test-dir/MiniOzoneClusterImpl-b4cfd215-9b0e-48e6-9461-0a101ded37cf/datanode-0/data-0/containers/hdds
2023-01-05 09:38:42,887 [Listener at 127.0.0.1/37423] INFO  ozoneimpl.OzoneContainer (OzoneContainer.java:buildContainerSet(301)) - Build ContainerSet costs 0s
2023-01-05 09:38:42,939 [Listener at 127.0.0.1/37423] INFO  audit.AuditLogger (AuditLogger.java:refreshDebugCmdSet(126)) - Refresh DebugCmdSet for DNAudit to [].
2023-01-05 09:38:42,970 [Listener at 127.0.0.1/37423] INFO  server.RaftServer (ConfUtils.java:logGet(46)) - raft.rpc.type = GRPC (default)
2023-01-05 09:38:42,973 [Listener at 127.0.0.1/37423] INFO  grpc.GrpcConfigKeys (ConfUtils.java:logFallback(53)) - raft.grpc.admin.host = null (fallback to raft.grpc.server.host)
2023-01-05 09:38:42,975 [Listener at 127.0.0.1/37423] INFO  grpc.GrpcConfigKeys (ConfUtils.java:logGet(46)) - raft.grpc.admin.port = 0 (custom)
2023-01-05 09:38:42,979 [Listener at 127.0.0.1/37423] INFO  grpc.GrpcConfigKeys (ConfUtils.java:logFallback(53)) - raft.grpc.client.host = null (fallback to raft.grpc.server.host)
2023-01-05 09:38:42,979 [Listener at 127.0.0.1/37423] INFO  grpc.GrpcConfigKeys (ConfUtils.java:logGet(46)) - raft.grpc.client.port = 0 (custom)
2023-01-05 09:38:42,979 [Listener at 127.0.0.1/37423] INFO  grpc.GrpcConfigKeys (ConfUtils.java:logGet(46)) - raft.grpc.server.host = null (default)
2023-01-05 09:38:42,979 [Listener at 127.0.0.1/37423] INFO  grpc.GrpcConfigKeys (ConfUtils.java:logGet(46)) - raft.grpc.server.port = 0 (default)
2023-01-05 09:38:42,979 [Listener at 127.0.0.1/37423] INFO  server.GrpcService (ConfUtils.java:logGet(46)) - raft.grpc.message.size.max = 32MB (=33554432) (custom)
2023-01-05 09:38:42,979 [Listener at 127.0.0.1/37423] INFO  server.RaftServerConfigKeys (ConfUtils.java:logGet(46)) - raft.server.log.appender.buffer.byte-limit = 33554432 (custom)
2023-01-05 09:38:42,980 [Listener at 127.0.0.1/37423] INFO  server.GrpcService (ConfUtils.java:logGet(46)) - raft.grpc.flow.control.window = 5MB (=5242880) (custom)
2023-01-05 09:38:42,980 [Listener at 127.0.0.1/37423] INFO  server.RaftServerConfigKeys (ConfUtils.java:logGet(46)) - raft.server.rpc.request.timeout = 60s (custom)
2023-01-05 09:38:42,980 [Listener at 127.0.0.1/37423] INFO  grpc.GrpcConfigKeys (ConfUtils.java:logGet(46)) - raft.grpc.server.heartbeat.channel = true (default)
2023-01-05 09:38:42,980 [Listener at 127.0.0.1/37423] INFO  grpc.GrpcConfigKeys (ConfUtils.java:logGet(46)) - raft.grpc.server.async.request.thread.pool.cached = true (default)
2023-01-05 09:38:42,980 [Listener at 127.0.0.1/37423] INFO  grpc.GrpcConfigKeys (ConfUtils.java:logGet(46)) - raft.grpc.server.async.request.thread.pool.size = 32 (default)
2023-01-05 09:38:42,981 [Listener at 127.0.0.1/37423] INFO  impl.DataStreamServerImpl (ConfUtils.java:logGet(46)) - raft.datastream.type = NETTY (custom)
2023-01-05 09:38:42,982 [Listener at 127.0.0.1/37423] INFO  server.RaftServerConfigKeys (ConfUtils.java:logGet(46)) - raft.server.data-stream.async.request.thread.pool.cached = false (default)
2023-01-05 09:38:42,982 [Listener at 127.0.0.1/37423] INFO  server.RaftServerConfigKeys (ConfUtils.java:logGet(46)) - raft.server.data-stream.async.request.thread.pool.size = 20 (custom)
2023-01-05 09:38:42,982 [Listener at 127.0.0.1/37423] INFO  server.RaftServerConfigKeys (ConfUtils.java:logGet(46)) - raft.server.data-stream.async.write.thread.pool.size = 16 (default)
2023-01-05 09:38:42,982 [Listener at 127.0.0.1/37423] INFO  server.RaftServerConfigKeys (ConfUtils.java:logGet(46)) - raft.server.data-stream.client.pool.size = 10 (default)
2023-01-05 09:38:42,982 [Listener at 127.0.0.1/37423] INFO  netty.NettyConfigKeys$DataStream (ConfUtils.java:logGet(46)) - raft.netty.dataStream.server.use-epoll = false (default)
2023-01-05 09:38:42,982 [Listener at 127.0.0.1/37423] INFO  netty.NettyConfigKeys$DataStream (ConfUtils.java:logGet(46)) - raft.netty.dataStream.server.boss-group.size = 0 (default)
2023-01-05 09:38:42,983 [Listener at 127.0.0.1/37423] INFO  netty.NettyConfigKeys$DataStream (ConfUtils.java:logGet(46)) - raft.netty.dataStream.server.worker-group.size = 0 (default)
2023-01-05 09:38:42,999 [Listener at 127.0.0.1/37423] INFO  netty.NettyConfigKeys$DataStream (ConfUtils.java:logGet(46)) - raft.netty.dataStream.server.tls.conf = null (default)
2023-01-05 09:38:42,999 [Listener at 127.0.0.1/37423] INFO  netty.NettyConfigKeys$DataStream (ConfUtils.java:logGet(46)) - raft.netty.dataStream.host = null (default)
2023-01-05 09:38:42,999 [Listener at 127.0.0.1/37423] INFO  netty.NettyConfigKeys$DataStream (ConfUtils.java:logGet(46)) - raft.netty.dataStream.port = 0 (default)
2023-01-05 09:38:43,000 [Listener at 127.0.0.1/37423] INFO  server.RaftServerConfigKeys (ConfUtils.java:logGet(46)) - raft.server.threadpool.proxy.cached = true (default)
2023-01-05 09:38:43,000 [Listener at 127.0.0.1/37423] INFO  server.RaftServerConfigKeys (ConfUtils.java:logGet(46)) - raft.server.threadpool.proxy.size = 0 (default)
2023-01-05 09:38:43,000 [Listener at 127.0.0.1/37423] INFO  server.RaftServerConfigKeys (ConfUtils.java:logGet(46)) - raft.server.rpc.slowness.timeout = 300s (custom)
2023-01-05 09:38:43,000 [Listener at 127.0.0.1/37423] INFO  server.RaftServerConfigKeys (ConfUtils.java:logGet(46)) - raft.server.leaderelection.leader.step-down.wait-time = 10s (default)
2023-01-05 09:38:43,001 [Listener at 127.0.0.1/37423] INFO  server.RaftServerConfigKeys (ConfUtils.java:logGet(46)) - raft.server.storage.dir = [/home/runner/work/ozone/ozone/hadoop-ozone/integration-test/target/test-dir/MiniOzoneClusterImpl-b4cfd215-9b0e-48e6-9461-0a101ded37cf/datanode-0/data/ratis] (custom)
2023-01-05 09:38:43,006 [990d1a38-ec81-4b28-afef-59db27651b98-NettyServerStreamRpc-bossGroup--thread1] INFO  logging.LoggingHandler (AbstractInternalLogger.java:log(148)) - [id: 0x8fe9a5b5] REGISTERED
2023-01-05 09:38:43,006 [990d1a38-ec81-4b28-afef-59db27651b98-NettyServerStreamRpc-bossGroup--thread1] INFO  logging.LoggingHandler (AbstractInternalLogger.java:log(148)) - [id: 0x8fe9a5b5] BIND: 0.0.0.0/0.0.0.0:0
2023-01-05 09:38:43,007 [990d1a38-ec81-4b28-afef-59db27651b98-NettyServerStreamRpc-bossGroup--thread1] INFO  logging.LoggingHandler (AbstractInternalLogger.java:log(148)) - [id: 0x8fe9a5b5, L:/0:0:0:0:0:0:0:0:41075] ACTIVE
2023-01-05 09:38:43,027 [Listener at 127.0.0.1/37423] INFO  server.XceiverServerGrpc (XceiverServerGrpc.java:<init>(132)) - GrpcServer channel type EpollServerSocketChannel
2023-01-05 09:38:43,094 [Listener at 127.0.0.1/37423] INFO  http.BaseHttpServer (BaseHttpServer.java:newHttpServer2BuilderForOzone(213)) - Starting Web-server for hddsDatanode at: http://0.0.0.0:0
2023-01-05 09:38:43,094 [Listener at 127.0.0.1/37423] INFO  http.BaseHttpServer (BaseHttpServer.java:<init>(108)) - Hadoop Security Enabled: false Ozone Security Enabled: false Ozone HTTP Security Enabled: false 
2023-01-05 09:38:43,096 [Listener at 127.0.0.1/37423] WARN  server.AuthenticationFilter (AuthenticationFilter.java:constructSecretProvider(240)) - Unable to initialize FileSignerSecretProvider, falling back to use random secrets. Reason: Could not read signature secret file: /home/runner/hadoop-http-auth-signature-secret
2023-01-05 09:38:43,096 [Listener at 127.0.0.1/37423] WARN  http.HttpRequestLog (HttpRequestLog.java:getRequestLog(103)) - Jetty request log can only be enabled using Log4j
2023-01-05 09:38:43,098 [Listener at 127.0.0.1/37423] INFO  http.HttpServer2 (HttpServer2.java:addGlobalFilter(1031)) - Added global filter 'safety' (class=org.apache.hadoop.hdds.server.http.HttpServer2$QuotingInputFilter)
2023-01-05 09:38:43,099 [Listener at 127.0.0.1/37423] INFO  http.HttpServer2 (HttpServer2.java:addFilter(1007)) - Added filter static_user_filter (class=org.apache.hadoop.http.lib.StaticUserWebFilter$StaticUserFilter) to context hddsDatanode
2023-01-05 09:38:43,099 [Listener at 127.0.0.1/37423] INFO  http.HttpServer2 (HttpServer2.java:addFilter(1015)) - Added filter static_user_filter (class=org.apache.hadoop.http.lib.StaticUserWebFilter$StaticUserFilter) to context static
2023-01-05 09:38:43,099 [Listener at 127.0.0.1/37423] INFO  http.HttpServer2 (HttpServer2.java:addFilter(1015)) - Added filter static_user_filter (class=org.apache.hadoop.http.lib.StaticUserWebFilter$StaticUserFilter) to context logs
2023-01-05 09:38:43,100 [Listener at 127.0.0.1/37423] INFO  http.HttpServer2 (HttpServer2.java:bindListener(1250)) - Jetty bound to port 34827
2023-01-05 09:38:43,100 [Listener at 127.0.0.1/37423] INFO  server.Server (Server.java:doStart(375)) - jetty-9.4.49.v20220914; built: 2022-09-14T01:07:36.601Z; git: 4231a3b2e4cb8548a412a789936d640a97b1aa0a; jvm 1.8.0_352-b08
2023-01-05 09:38:43,108 [Listener at 127.0.0.1/37423] INFO  server.session (DefaultSessionIdManager.java:doStart(334)) - DefaultSessionIdManager workerName=node0
2023-01-05 09:38:43,108 [Listener at 127.0.0.1/37423] INFO  server.session (DefaultSessionIdManager.java:doStart(339)) - No SessionScavenger set, using defaults
2023-01-05 09:38:43,108 [Listener at 127.0.0.1/37423] INFO  server.session (HouseKeeper.java:startScavenging(132)) - node0 Scavenging every 660000ms
2023-01-05 09:38:43,109 [Listener at 127.0.0.1/37423] INFO  handler.ContextHandler (ContextHandler.java:doStart(921)) - Started o.e.j.s.ServletContextHandler@15b41f41{logs,/logs,file:///home/runner/work/ozone/ozone/hadoop-ozone/integration-test/target/log,AVAILABLE}
2023-01-05 09:38:43,110 [Listener at 127.0.0.1/37423] INFO  handler.ContextHandler (ContextHandler.java:doStart(921)) - Started o.e.j.s.ServletContextHandler@57901cc1{static,/static,jar:file:/home/runner/.m2/repository/org/apache/ozone/hdds-container-service/1.4.0-SNAPSHOT/hdds-container-service-1.4.0-SNAPSHOT.jar!/webapps/static,AVAILABLE}
2023-01-05 09:38:43,316 [Listener at 127.0.0.1/37423] INFO  handler.ContextHandler (ContextHandler.java:doStart(921)) - Started o.e.j.w.WebAppContext@7d4f6072{hddsDatanode,/,file:///tmp/jetty-0_0_0_0-34827-hdds-container-service-1_4_0-SNAPSHOT_jar-_-any-3551154736275081434/webapp/,AVAILABLE}{jar:file:/home/runner/.m2/repository/org/apache/ozone/hdds-container-service/1.4.0-SNAPSHOT/hdds-container-service-1.4.0-SNAPSHOT.jar!/webapps/hddsDatanode}
2023-01-05 09:38:43,317 [Listener at 127.0.0.1/37423] INFO  server.AbstractConnector (AbstractConnector.java:doStart(333)) - Started ServerConnector@27f3c057{HTTP/1.1, (http/1.1)}{0.0.0.0:34827}
2023-01-05 09:38:43,318 [Listener at 127.0.0.1/37423] INFO  server.Server (Server.java:doStart(415)) - Started @8326ms
2023-01-05 09:38:43,318 [Listener at 127.0.0.1/37423] WARN  impl.MetricsSystemImpl (MetricsSystemImpl.java:register(279)) - Sink prometheus already exists!
2023-01-05 09:38:43,318 [Listener at 127.0.0.1/37423] INFO  http.BaseHttpServer (BaseHttpServer.java:updateConnectorAddress(333)) - HTTP server of hddsDatanode listening at http://0.0.0.0:34827
2023-01-05 09:38:43,320 [Listener at 127.0.0.1/37423] WARN  impl.MetricRegistriesImpl (MetricRegistriesImpl.java:addReporterRegistration(111)) - New reporters are added after registries were created. Some metrics will be missing from the reporter. Please add reporter before adding any new registry.
2023-01-05 09:38:43,320 [Listener at 127.0.0.1/37423] WARN  impl.MetricRegistriesImpl (MetricRegistriesImpl.java:addReporterRegistration(111)) - New reporters are added after registries were created. Some metrics will be missing from the reporter. Please add reporter before adding any new registry.
2023-01-05 09:38:43,320 [Listener at 127.0.0.1/37423] INFO  impl.MetricsSystemImpl (MetricsSystemImpl.java:init(158)) - HddsDatanode metrics system started (again)
2023-01-05 09:38:43,326 [Datanode State Machine Daemon Thread] INFO  statemachine.DatanodeStateMachine (DatanodeStateMachine.java:lambda$startDaemon$0(508)) - Ozone container server started.
2023-01-05 09:38:43,345 [org.apache.hadoop.util.JvmPauseMonitor$Monitor@4ca8a846] INFO  util.JvmPauseMonitor (JvmPauseMonitor.java:run(188)) - Starting JVM pause monitor
2023-01-05 09:38:43,351 [Listener at 127.0.0.1/37423] INFO  ozone.HddsDatanodeService (HddsDatanodeService.java:start(228)) - HddsDatanodeService host:fv-az459-169.msq0az1vewme3jsxyslsv0htic.jx.internal.cloudapp.net ip:10.1.0.15
2023-01-05 09:38:43,383 [Listener at 127.0.0.1/37423] INFO  upgrade.AbstractLayoutVersionManager (AbstractLayoutVersionManager.java:init(83)) - Initializing Layout version manager with metadata layout = DATANODE_SCHEMA_V3 (version = 4), software layout = DATANODE_SCHEMA_V3 (version = 4)
2023-01-05 09:38:43,459 [Datanode State Machine Task Thread - 0] INFO  datanode.InitDatanodeState (InitDatanodeState.java:persistContainerDatanodeDetails(138)) - DatanodeDetails is persisted to /home/runner/work/ozone/ozone/hadoop-ozone/integration-test/target/test-dir/MiniOzoneClusterImpl-b4cfd215-9b0e-48e6-9461-0a101ded37cf/datanode-0/meta/datanode.id
2023-01-05 09:38:43,510 [Listener at 127.0.0.1/37423] INFO  reflections.Reflections (Reflections.java:scan(232)) - Reflections took 125 ms to scan 7 urls, producing 146 keys and 350 values 
2023-01-05 09:38:43,512 [Listener at 127.0.0.1/37423] INFO  statemachine.DatanodeStateMachine (DatanodeStateMachine.java:getEndPointTaskThreadPoolSize(248)) - Datanode State Machine Task Thread Pool size 2
2023-01-05 09:38:43,514 [Listener at 127.0.0.1/37423] INFO  volume.HddsVolume (HddsVolume.java:<init>(117)) - Creating HddsVolume: /home/runner/work/ozone/ozone/hadoop-ozone/integration-test/target/test-dir/MiniOzoneClusterImpl-b4cfd215-9b0e-48e6-9461-0a101ded37cf/datanode-1/data-0/containers/hdds of storage type : DISK capacity : 9223372036854775807
2023-01-05 09:38:43,515 [Listener at 127.0.0.1/37423] INFO  volume.MutableVolumeSet (MutableVolumeSet.java:initializeVolumeSet(174)) - Added Volume : /home/runner/work/ozone/ozone/hadoop-ozone/integration-test/target/test-dir/MiniOzoneClusterImpl-b4cfd215-9b0e-48e6-9461-0a101ded37cf/datanode-1/data-0/containers/hdds to VolumeSet
2023-01-05 09:38:43,515 [Listener at 127.0.0.1/37423] INFO  volume.ThrottledAsyncChecker (ThrottledAsyncChecker.java:schedule(141)) - Scheduling a check for /home/runner/work/ozone/ozone/hadoop-ozone/integration-test/target/test-dir/MiniOzoneClusterImpl-b4cfd215-9b0e-48e6-9461-0a101ded37cf/datanode-1/data-0/containers/hdds
2023-01-05 09:38:43,515 [Listener at 127.0.0.1/37423] INFO  volume.StorageVolumeChecker (StorageVolumeChecker.java:checkAllVolumes(202)) - Scheduled health check for volume /home/runner/work/ozone/ozone/hadoop-ozone/integration-test/target/test-dir/MiniOzoneClusterImpl-b4cfd215-9b0e-48e6-9461-0a101ded37cf/datanode-1/data-0/containers/hdds
2023-01-05 09:38:43,530 [Listener at 127.0.0.1/37423] INFO  volume.MutableVolumeSet (MutableVolumeSet.java:initializeVolumeSet(174)) - Added Volume : /home/runner/work/ozone/ozone/hadoop-ozone/integration-test/target/test-dir/MiniOzoneClusterImpl-b4cfd215-9b0e-48e6-9461-0a101ded37cf/datanode-1/data/ratis to VolumeSet
2023-01-05 09:38:43,530 [Listener at 127.0.0.1/37423] INFO  volume.ThrottledAsyncChecker (ThrottledAsyncChecker.java:schedule(141)) - Scheduling a check for /home/runner/work/ozone/ozone/hadoop-ozone/integration-test/target/test-dir/MiniOzoneClusterImpl-b4cfd215-9b0e-48e6-9461-0a101ded37cf/datanode-1/data/ratis
2023-01-05 09:38:43,532 [Listener at 127.0.0.1/37423] INFO  volume.StorageVolumeChecker (StorageVolumeChecker.java:checkAllVolumes(202)) - Scheduled health check for volume /home/runner/work/ozone/ozone/hadoop-ozone/integration-test/target/test-dir/MiniOzoneClusterImpl-b4cfd215-9b0e-48e6-9461-0a101ded37cf/datanode-1/data/ratis
2023-01-05 09:38:43,544 [Thread-150] INFO  ozoneimpl.ContainerReader (ContainerReader.java:readVolume(175)) - Finish verifying containers on volume /home/runner/work/ozone/ozone/hadoop-ozone/integration-test/target/test-dir/MiniOzoneClusterImpl-b4cfd215-9b0e-48e6-9461-0a101ded37cf/datanode-1/data-0/containers/hdds
2023-01-05 09:38:43,545 [Listener at 127.0.0.1/37423] INFO  ozoneimpl.OzoneContainer (OzoneContainer.java:buildContainerSet(301)) - Build ContainerSet costs 0s
2023-01-05 09:38:43,549 [Listener at 127.0.0.1/37423] INFO  server.RaftServer (ConfUtils.java:logGet(46)) - raft.rpc.type = GRPC (default)
2023-01-05 09:38:43,549 [Listener at 127.0.0.1/37423] INFO  grpc.GrpcConfigKeys (ConfUtils.java:logFallback(53)) - raft.grpc.admin.host = null (fallback to raft.grpc.server.host)
2023-01-05 09:38:43,549 [Listener at 127.0.0.1/37423] INFO  grpc.GrpcConfigKeys (ConfUtils.java:logGet(46)) - raft.grpc.admin.port = 0 (custom)
2023-01-05 09:38:43,550 [Listener at 127.0.0.1/37423] INFO  grpc.GrpcConfigKeys (ConfUtils.java:logFallback(53)) - raft.grpc.client.host = null (fallback to raft.grpc.server.host)
2023-01-05 09:38:43,550 [Listener at 127.0.0.1/37423] INFO  grpc.GrpcConfigKeys (ConfUtils.java:logGet(46)) - raft.grpc.client.port = 0 (custom)
2023-01-05 09:38:43,550 [Listener at 127.0.0.1/37423] INFO  grpc.GrpcConfigKeys (ConfUtils.java:logGet(46)) - raft.grpc.server.host = null (default)
2023-01-05 09:38:43,550 [Listener at 127.0.0.1/37423] INFO  grpc.GrpcConfigKeys (ConfUtils.java:logGet(46)) - raft.grpc.server.port = 0 (default)
2023-01-05 09:38:43,550 [Listener at 127.0.0.1/37423] INFO  server.GrpcService (ConfUtils.java:logGet(46)) - raft.grpc.message.size.max = 32MB (=33554432) (custom)
2023-01-05 09:38:43,550 [Listener at 127.0.0.1/37423] INFO  server.RaftServerConfigKeys (ConfUtils.java:logGet(46)) - raft.server.log.appender.buffer.byte-limit = 33554432 (custom)
2023-01-05 09:38:43,550 [Listener at 127.0.0.1/37423] INFO  server.GrpcService (ConfUtils.java:logGet(46)) - raft.grpc.flow.control.window = 5MB (=5242880) (custom)
2023-01-05 09:38:43,550 [Listener at 127.0.0.1/37423] INFO  server.RaftServerConfigKeys (ConfUtils.java:logGet(46)) - raft.server.rpc.request.timeout = 60s (custom)
2023-01-05 09:38:43,551 [Listener at 127.0.0.1/37423] INFO  grpc.GrpcConfigKeys (ConfUtils.java:logGet(46)) - raft.grpc.server.heartbeat.channel = true (default)
2023-01-05 09:38:43,551 [Listener at 127.0.0.1/37423] INFO  grpc.GrpcConfigKeys (ConfUtils.java:logGet(46)) - raft.grpc.server.async.request.thread.pool.cached = true (default)
2023-01-05 09:38:43,551 [Listener at 127.0.0.1/37423] INFO  grpc.GrpcConfigKeys (ConfUtils.java:logGet(46)) - raft.grpc.server.async.request.thread.pool.size = 32 (default)
2023-01-05 09:38:43,552 [Listener at 127.0.0.1/37423] INFO  impl.DataStreamServerImpl (ConfUtils.java:logGet(46)) - raft.datastream.type = NETTY (custom)
2023-01-05 09:38:43,552 [Listener at 127.0.0.1/37423] INFO  server.RaftServerConfigKeys (ConfUtils.java:logGet(46)) - raft.server.data-stream.async.request.thread.pool.cached = false (default)
2023-01-05 09:38:43,553 [Listener at 127.0.0.1/37423] INFO  server.RaftServerConfigKeys (ConfUtils.java:logGet(46)) - raft.server.data-stream.async.request.thread.pool.size = 20 (custom)
2023-01-05 09:38:43,553 [Listener at 127.0.0.1/37423] INFO  server.RaftServerConfigKeys (ConfUtils.java:logGet(46)) - raft.server.data-stream.async.write.thread.pool.size = 16 (default)
2023-01-05 09:38:43,553 [Listener at 127.0.0.1/37423] INFO  server.RaftServerConfigKeys (ConfUtils.java:logGet(46)) - raft.server.data-stream.client.pool.size = 10 (default)
2023-01-05 09:38:43,553 [Listener at 127.0.0.1/37423] INFO  netty.NettyConfigKeys$DataStream (ConfUtils.java:logGet(46)) - raft.netty.dataStream.server.use-epoll = false (default)
2023-01-05 09:38:43,553 [Listener at 127.0.0.1/37423] INFO  netty.NettyConfigKeys$DataStream (ConfUtils.java:logGet(46)) - raft.netty.dataStream.server.boss-group.size = 0 (default)
2023-01-05 09:38:43,554 [Listener at 127.0.0.1/37423] INFO  netty.NettyConfigKeys$DataStream (ConfUtils.java:logGet(46)) - raft.netty.dataStream.server.worker-group.size = 0 (default)
2023-01-05 09:38:43,554 [Listener at 127.0.0.1/37423] INFO  netty.NettyConfigKeys$DataStream (ConfUtils.java:logGet(46)) - raft.netty.dataStream.server.tls.conf = null (default)
2023-01-05 09:38:43,554 [Listener at 127.0.0.1/37423] INFO  netty.NettyConfigKeys$DataStream (ConfUtils.java:logGet(46)) - raft.netty.dataStream.host = null (default)
2023-01-05 09:38:43,554 [Listener at 127.0.0.1/37423] INFO  netty.NettyConfigKeys$DataStream (ConfUtils.java:logGet(46)) - raft.netty.dataStream.port = 0 (default)
2023-01-05 09:38:43,555 [Listener at 127.0.0.1/37423] INFO  server.RaftServerConfigKeys (ConfUtils.java:logGet(46)) - raft.server.threadpool.proxy.cached = true (default)
2023-01-05 09:38:43,555 [Listener at 127.0.0.1/37423] INFO  server.RaftServerConfigKeys (ConfUtils.java:logGet(46)) - raft.server.threadpool.proxy.size = 0 (default)
2023-01-05 09:38:43,555 [Listener at 127.0.0.1/37423] INFO  server.RaftServerConfigKeys (ConfUtils.java:logGet(46)) - raft.server.rpc.slowness.timeout = 300s (custom)
2023-01-05 09:38:43,555 [Listener at 127.0.0.1/37423] INFO  server.RaftServerConfigKeys (ConfUtils.java:logGet(46)) - raft.server.leaderelection.leader.step-down.wait-time = 10s (default)
2023-01-05 09:38:43,555 [Listener at 127.0.0.1/37423] INFO  server.RaftServerConfigKeys (ConfUtils.java:logGet(46)) - raft.server.storage.dir = [/home/runner/work/ozone/ozone/hadoop-ozone/integration-test/target/test-dir/MiniOzoneClusterImpl-b4cfd215-9b0e-48e6-9461-0a101ded37cf/datanode-1/data/ratis] (custom)
2023-01-05 09:38:43,559 [f6bfd639-f08e-437c-ab3a-d66c7a0f1667-NettyServerStreamRpc-bossGroup--thread1] INFO  logging.LoggingHandler (AbstractInternalLogger.java:log(148)) - [id: 0x11efd043] REGISTERED
2023-01-05 09:38:43,559 [f6bfd639-f08e-437c-ab3a-d66c7a0f1667-NettyServerStreamRpc-bossGroup--thread1] INFO  logging.LoggingHandler (AbstractInternalLogger.java:log(148)) - [id: 0x11efd043] BIND: 0.0.0.0/0.0.0.0:0
2023-01-05 09:38:43,560 [f6bfd639-f08e-437c-ab3a-d66c7a0f1667-NettyServerStreamRpc-bossGroup--thread1] INFO  logging.LoggingHandler (AbstractInternalLogger.java:log(148)) - [id: 0x11efd043, L:/0:0:0:0:0:0:0:0:45565] ACTIVE
2023-01-05 09:38:43,561 [Listener at 127.0.0.1/37423] INFO  server.XceiverServerGrpc (XceiverServerGrpc.java:<init>(132)) - GrpcServer channel type EpollServerSocketChannel
2023-01-05 09:38:43,565 [Listener at 127.0.0.1/37423] INFO  http.BaseHttpServer (BaseHttpServer.java:newHttpServer2BuilderForOzone(213)) - Starting Web-server for hddsDatanode at: http://0.0.0.0:0
2023-01-05 09:38:43,565 [Listener at 127.0.0.1/37423] INFO  http.BaseHttpServer (BaseHttpServer.java:<init>(108)) - Hadoop Security Enabled: false Ozone Security Enabled: false Ozone HTTP Security Enabled: false 
2023-01-05 09:38:43,567 [Listener at 127.0.0.1/37423] WARN  server.AuthenticationFilter (AuthenticationFilter.java:constructSecretProvider(240)) - Unable to initialize FileSignerSecretProvider, falling back to use random secrets. Reason: Could not read signature secret file: /home/runner/hadoop-http-auth-signature-secret
2023-01-05 09:38:43,567 [Listener at 127.0.0.1/37423] WARN  http.HttpRequestLog (HttpRequestLog.java:getRequestLog(103)) - Jetty request log can only be enabled using Log4j
2023-01-05 09:38:43,569 [Listener at 127.0.0.1/37423] INFO  http.HttpServer2 (HttpServer2.java:addGlobalFilter(1031)) - Added global filter 'safety' (class=org.apache.hadoop.hdds.server.http.HttpServer2$QuotingInputFilter)
2023-01-05 09:38:43,569 [Listener at 127.0.0.1/37423] INFO  http.HttpServer2 (HttpServer2.java:addFilter(1007)) - Added filter static_user_filter (class=org.apache.hadoop.http.lib.StaticUserWebFilter$StaticUserFilter) to context hddsDatanode
2023-01-05 09:38:43,570 [Listener at 127.0.0.1/37423] INFO  http.HttpServer2 (HttpServer2.java:addFilter(1015)) - Added filter static_user_filter (class=org.apache.hadoop.http.lib.StaticUserWebFilter$StaticUserFilter) to context static
2023-01-05 09:38:43,570 [Listener at 127.0.0.1/37423] INFO  http.HttpServer2 (HttpServer2.java:addFilter(1015)) - Added filter static_user_filter (class=org.apache.hadoop.http.lib.StaticUserWebFilter$StaticUserFilter) to context logs
2023-01-05 09:38:43,570 [Listener at 127.0.0.1/37423] INFO  http.HttpServer2 (HttpServer2.java:bindListener(1250)) - Jetty bound to port 44157
2023-01-05 09:38:43,571 [Listener at 127.0.0.1/37423] INFO  server.Server (Server.java:doStart(375)) - jetty-9.4.49.v20220914; built: 2022-09-14T01:07:36.601Z; git: 4231a3b2e4cb8548a412a789936d640a97b1aa0a; jvm 1.8.0_352-b08
2023-01-05 09:38:43,574 [Listener at 127.0.0.1/37423] INFO  server.session (DefaultSessionIdManager.java:doStart(334)) - DefaultSessionIdManager workerName=node0
2023-01-05 09:38:43,574 [Listener at 127.0.0.1/37423] INFO  server.session (DefaultSessionIdManager.java:doStart(339)) - No SessionScavenger set, using defaults
2023-01-05 09:38:43,575 [Listener at 127.0.0.1/37423] INFO  server.session (HouseKeeper.java:startScavenging(132)) - node0 Scavenging every 660000ms
2023-01-05 09:38:43,576 [Listener at 127.0.0.1/37423] INFO  handler.ContextHandler (ContextHandler.java:doStart(921)) - Started o.e.j.s.ServletContextHandler@7e4656dc{logs,/logs,file:///home/runner/work/ozone/ozone/hadoop-ozone/integration-test/target/log,AVAILABLE}
2023-01-05 09:38:43,576 [Listener at 127.0.0.1/37423] INFO  handler.ContextHandler (ContextHandler.java:doStart(921)) - Started o.e.j.s.ServletContextHandler@2e365bd3{static,/static,jar:file:/home/runner/.m2/repository/org/apache/ozone/hdds-container-service/1.4.0-SNAPSHOT/hdds-container-service-1.4.0-SNAPSHOT.jar!/webapps/static,AVAILABLE}
2023-01-05 09:38:43,606 [om1@group-C5BA1605619E-FollowerState] INFO  impl.FollowerState (FollowerState.java:run(143)) - om1@group-C5BA1605619E-FollowerState: change to CANDIDATE, lastRpcElapsedTime:1193139898ns, electionTimeout:1181ms
2023-01-05 09:38:43,607 [om1@group-C5BA1605619E-FollowerState] INFO  impl.RoleInfo (RoleInfo.java:shutdownFollowerState(110)) - om1: shutdown om1@group-C5BA1605619E-FollowerState
2023-01-05 09:38:43,608 [om1@group-C5BA1605619E-FollowerState] INFO  server.RaftServer$Division (RaftServerImpl.java:setRole(321)) - om1@group-C5BA1605619E: changes role from  FOLLOWER to CANDIDATE at term 0 for changeToCandidate
2023-01-05 09:38:43,611 [om1@group-C5BA1605619E-FollowerState] INFO  server.RaftServerConfigKeys (ConfUtils.java:logGet(46)) - raft.server.leaderelection.pre-vote = false (custom)
2023-01-05 09:38:43,611 [om1@group-C5BA1605619E-FollowerState] INFO  impl.RoleInfo (RoleInfo.java:updateAndGet(139)) - om1: start om1@group-C5BA1605619E-LeaderElection1
2023-01-05 09:38:43,621 [om1@group-C5BA1605619E-LeaderElection1] INFO  impl.LeaderElection (LeaderElection.java:askForVotes(312)) - om1@group-C5BA1605619E-LeaderElection1 ELECTION round 0: submit vote requests at term 1 for -1: peers:[om1|rpc:localhost:9872|priority:0|startupRole:FOLLOWER]|listeners:[], old=null
2023-01-05 09:38:43,623 [om1@group-C5BA1605619E-LeaderElection1] INFO  impl.LeaderElection (LeaderElection.java:askForVotes(314)) - om1@group-C5BA1605619E-LeaderElection1 ELECTION round 0: result PASSED (term=1)
2023-01-05 09:38:43,625 [om1@group-C5BA1605619E-LeaderElection1] INFO  impl.RoleInfo (RoleInfo.java:shutdownLeaderElection(130)) - om1: shutdown om1@group-C5BA1605619E-LeaderElection1
2023-01-05 09:38:43,629 [om1@group-C5BA1605619E-LeaderElection1] INFO  server.RaftServer$Division (RaftServerImpl.java:setRole(321)) - om1@group-C5BA1605619E: changes role from CANDIDATE to LEADER at term 1 for changeToLeader
2023-01-05 09:38:43,630 [om1@group-C5BA1605619E-LeaderElection1] INFO  server.RaftServer$Division (ServerState.java:setLeader(313)) - om1@group-C5BA1605619E: change Leader from null to om1 at term 1 for becomeLeader, leader elected after 2382ms
2023-01-05 09:38:43,643 [om1@group-C5BA1605619E-LeaderElection1] INFO  server.RaftServerConfigKeys (ConfUtils.java:logGet(46)) - raft.server.staging.catchup.gap = 1000 (default)
2023-01-05 09:38:43,653 [om1@group-C5BA1605619E-LeaderElection1] INFO  server.RaftServerConfigKeys (ConfUtils.java:logGet(46)) - raft.server.write.element-limit = 4096 (default)
2023-01-05 09:38:43,654 [om1@group-C5BA1605619E-LeaderElection1] INFO  server.RaftServerConfigKeys (ConfUtils.java:logGet(46)) - raft.server.write.byte-limit = 64MB (=67108864) (default)
2023-01-05 09:38:43,665 [om1@group-C5BA1605619E-LeaderElection1] INFO  server.RaftServerConfigKeys (ConfUtils.java:logGet(46)) - raft.server.watch.timeout = 10s (default)
2023-01-05 09:38:43,666 [om1@group-C5BA1605619E-LeaderElection1] INFO  server.RaftServerConfigKeys (ConfUtils.java:logGet(46)) - raft.server.watch.timeout.denomination = 1s (default)
2023-01-05 09:38:43,667 [om1@group-C5BA1605619E-LeaderElection1] INFO  server.RaftServerConfigKeys (ConfUtils.java:logGet(46)) - raft.server.watch.element-limit = 65536 (default)
2023-01-05 09:38:43,679 [om1@group-C5BA1605619E-LeaderElection1] INFO  server.RaftServerConfigKeys (ConfUtils.java:logGet(46)) - raft.server.write.element-limit = 4096 (default)
2023-01-05 09:38:43,682 [om1@group-C5BA1605619E-LeaderElection1] INFO  server.RaftServerConfigKeys (ConfUtils.java:logGet(46)) - raft.server.write.follower.gap.ratio.max = -1.0 (default)
2023-01-05 09:38:43,689 [om1@group-C5BA1605619E-LeaderElection1] INFO  impl.RoleInfo (RoleInfo.java:updateAndGet(139)) - om1: start om1@group-C5BA1605619E-LeaderStateImpl
2023-01-05 09:38:43,742 [om1@group-C5BA1605619E-LeaderElection1] INFO  segmented.SegmentedRaftLogWorker (SegmentedRaftLogWorker.java:startLogSegment(452)) - om1@group-C5BA1605619E-SegmentedRaftLogWorker: Starting segment from index:0
2023-01-05 09:38:43,782 [Listener at 127.0.0.1/37423] INFO  handler.ContextHandler (ContextHandler.java:doStart(921)) - Started o.e.j.w.WebAppContext@7be0330c{hddsDatanode,/,file:///tmp/jetty-0_0_0_0-44157-hdds-container-service-1_4_0-SNAPSHOT_jar-_-any-335554095139053364/webapp/,AVAILABLE}{jar:file:/home/runner/.m2/repository/org/apache/ozone/hdds-container-service/1.4.0-SNAPSHOT/hdds-container-service-1.4.0-SNAPSHOT.jar!/webapps/hddsDatanode}
2023-01-05 09:38:43,788 [Listener at 127.0.0.1/37423] INFO  server.AbstractConnector (AbstractConnector.java:doStart(333)) - Started ServerConnector@62dd6bb5{HTTP/1.1, (http/1.1)}{0.0.0.0:44157}
2023-01-05 09:38:43,788 [Listener at 127.0.0.1/37423] INFO  server.Server (Server.java:doStart(415)) - Started @8797ms
2023-01-05 09:38:43,788 [Listener at 127.0.0.1/37423] WARN  impl.MetricsSystemImpl (MetricsSystemImpl.java:register(279)) - Sink prometheus already exists!
2023-01-05 09:38:43,789 [Listener at 127.0.0.1/37423] INFO  http.BaseHttpServer (BaseHttpServer.java:updateConnectorAddress(333)) - HTTP server of hddsDatanode listening at http://0.0.0.0:44157
2023-01-05 09:38:43,799 [Listener at 127.0.0.1/37423] WARN  impl.MetricRegistriesImpl (MetricRegistriesImpl.java:addReporterRegistration(111)) - New reporters are added after registries were created. Some metrics will be missing from the reporter. Please add reporter before adding any new registry.
2023-01-05 09:38:43,800 [Listener at 127.0.0.1/37423] WARN  impl.MetricRegistriesImpl (MetricRegistriesImpl.java:addReporterRegistration(111)) - New reporters are added after registries were created. Some metrics will be missing from the reporter. Please add reporter before adding any new registry.
2023-01-05 09:38:43,800 [Listener at 127.0.0.1/37423] INFO  impl.MetricsSystemImpl (MetricsSystemImpl.java:init(158)) - HddsDatanode metrics system started (again)
2023-01-05 09:38:43,802 [Datanode State Machine Daemon Thread] INFO  statemachine.DatanodeStateMachine (DatanodeStateMachine.java:lambda$startDaemon$0(508)) - Ozone container server started.
2023-01-05 09:38:43,828 [Listener at 127.0.0.1/37423] INFO  ozone.HddsDatanodeService (HddsDatanodeService.java:start(228)) - HddsDatanodeService host:fv-az459-169.msq0az1vewme3jsxyslsv0htic.jx.internal.cloudapp.net ip:10.1.0.15
2023-01-05 09:38:43,839 [org.apache.hadoop.util.JvmPauseMonitor$Monitor@6e9b3ab8] INFO  util.JvmPauseMonitor (JvmPauseMonitor.java:run(188)) - Starting JVM pause monitor
2023-01-05 09:38:43,852 [Listener at 127.0.0.1/37423] INFO  upgrade.AbstractLayoutVersionManager (AbstractLayoutVersionManager.java:init(83)) - Initializing Layout version manager with metadata layout = DATANODE_SCHEMA_V3 (version = 4), software layout = DATANODE_SCHEMA_V3 (version = 4)
2023-01-05 09:38:43,860 [om1@group-C5BA1605619E-LeaderElection1] INFO  server.RaftServer$Division (ServerState.java:setRaftConf(430)) - om1@group-C5BA1605619E: set configuration 0: peers:[om1|rpc:localhost:9872|admin:|client:|dataStream:|priority:0|startupRole:FOLLOWER]|listeners:[], old=null
2023-01-05 09:38:43,873 [Datanode State Machine Task Thread - 0] INFO  datanode.InitDatanodeState (InitDatanodeState.java:persistContainerDatanodeDetails(138)) - DatanodeDetails is persisted to /home/runner/work/ozone/ozone/hadoop-ozone/integration-test/target/test-dir/MiniOzoneClusterImpl-b4cfd215-9b0e-48e6-9461-0a101ded37cf/datanode-1/meta/datanode.id
2023-01-05 09:38:43,919 [Listener at 127.0.0.1/37423] INFO  reflections.Reflections (Reflections.java:scan(232)) - Reflections took 66 ms to scan 7 urls, producing 146 keys and 350 values 
2023-01-05 09:38:43,923 [Listener at 127.0.0.1/37423] INFO  statemachine.DatanodeStateMachine (DatanodeStateMachine.java:getEndPointTaskThreadPoolSize(248)) - Datanode State Machine Task Thread Pool size 2
2023-01-05 09:38:43,931 [Listener at 127.0.0.1/37423] INFO  volume.HddsVolume (HddsVolume.java:<init>(117)) - Creating HddsVolume: /home/runner/work/ozone/ozone/hadoop-ozone/integration-test/target/test-dir/MiniOzoneClusterImpl-b4cfd215-9b0e-48e6-9461-0a101ded37cf/datanode-2/data-0/containers/hdds of storage type : DISK capacity : 9223372036854775807
2023-01-05 09:38:43,931 [Listener at 127.0.0.1/37423] INFO  volume.MutableVolumeSet (MutableVolumeSet.java:initializeVolumeSet(174)) - Added Volume : /home/runner/work/ozone/ozone/hadoop-ozone/integration-test/target/test-dir/MiniOzoneClusterImpl-b4cfd215-9b0e-48e6-9461-0a101ded37cf/datanode-2/data-0/containers/hdds to VolumeSet
2023-01-05 09:38:43,931 [Listener at 127.0.0.1/37423] INFO  volume.ThrottledAsyncChecker (ThrottledAsyncChecker.java:schedule(141)) - Scheduling a check for /home/runner/work/ozone/ozone/hadoop-ozone/integration-test/target/test-dir/MiniOzoneClusterImpl-b4cfd215-9b0e-48e6-9461-0a101ded37cf/datanode-2/data-0/containers/hdds
2023-01-05 09:38:43,939 [Listener at 127.0.0.1/37423] INFO  volume.StorageVolumeChecker (StorageVolumeChecker.java:checkAllVolumes(202)) - Scheduled health check for volume /home/runner/work/ozone/ozone/hadoop-ozone/integration-test/target/test-dir/MiniOzoneClusterImpl-b4cfd215-9b0e-48e6-9461-0a101ded37cf/datanode-2/data-0/containers/hdds
2023-01-05 09:38:43,947 [om1@group-C5BA1605619E-SegmentedRaftLogWorker] INFO  segmented.SegmentedRaftLogWorker (SegmentedRaftLogWorker.java:execute(656)) - om1@group-C5BA1605619E-SegmentedRaftLogWorker: created new log segment /home/runner/work/ozone/ozone/hadoop-ozone/integration-test/target/test-dir/MiniOzoneClusterImpl-b4cfd215-9b0e-48e6-9461-0a101ded37cf/ozone-meta/ratis/bf265839-605b-3f16-9796-c5ba1605619e/current/log_inprogress_0
2023-01-05 09:38:43,974 [Listener at 127.0.0.1/37423] INFO  volume.MutableVolumeSet (MutableVolumeSet.java:initializeVolumeSet(174)) - Added Volume : /home/runner/work/ozone/ozone/hadoop-ozone/integration-test/target/test-dir/MiniOzoneClusterImpl-b4cfd215-9b0e-48e6-9461-0a101ded37cf/datanode-2/data/ratis to VolumeSet
2023-01-05 09:38:43,974 [Listener at 127.0.0.1/37423] INFO  volume.ThrottledAsyncChecker (ThrottledAsyncChecker.java:schedule(141)) - Scheduling a check for /home/runner/work/ozone/ozone/hadoop-ozone/integration-test/target/test-dir/MiniOzoneClusterImpl-b4cfd215-9b0e-48e6-9461-0a101ded37cf/datanode-2/data/ratis
2023-01-05 09:38:43,974 [Listener at 127.0.0.1/37423] INFO  volume.StorageVolumeChecker (StorageVolumeChecker.java:checkAllVolumes(202)) - Scheduled health check for volume /home/runner/work/ozone/ozone/hadoop-ozone/integration-test/target/test-dir/MiniOzoneClusterImpl-b4cfd215-9b0e-48e6-9461-0a101ded37cf/datanode-2/data/ratis
2023-01-05 09:38:44,011 [Thread-166] INFO  ozoneimpl.ContainerReader (ContainerReader.java:readVolume(175)) - Finish verifying containers on volume /home/runner/work/ozone/ozone/hadoop-ozone/integration-test/target/test-dir/MiniOzoneClusterImpl-b4cfd215-9b0e-48e6-9461-0a101ded37cf/datanode-2/data-0/containers/hdds
2023-01-05 09:38:44,011 [Listener at 127.0.0.1/37423] INFO  ozoneimpl.OzoneContainer (OzoneContainer.java:buildContainerSet(301)) - Build ContainerSet costs 0s
2023-01-05 09:38:44,014 [Listener at 127.0.0.1/37423] INFO  server.RaftServer (ConfUtils.java:logGet(46)) - raft.rpc.type = GRPC (default)
2023-01-05 09:38:44,016 [Listener at 127.0.0.1/37423] INFO  grpc.GrpcConfigKeys (ConfUtils.java:logFallback(53)) - raft.grpc.admin.host = null (fallback to raft.grpc.server.host)
2023-01-05 09:38:44,017 [Listener at 127.0.0.1/37423] INFO  grpc.GrpcConfigKeys (ConfUtils.java:logGet(46)) - raft.grpc.admin.port = 0 (custom)
2023-01-05 09:38:44,017 [Listener at 127.0.0.1/37423] INFO  grpc.GrpcConfigKeys (ConfUtils.java:logFallback(53)) - raft.grpc.client.host = null (fallback to raft.grpc.server.host)
2023-01-05 09:38:44,017 [Listener at 127.0.0.1/37423] INFO  grpc.GrpcConfigKeys (ConfUtils.java:logGet(46)) - raft.grpc.client.port = 0 (custom)
2023-01-05 09:38:44,017 [Listener at 127.0.0.1/37423] INFO  grpc.GrpcConfigKeys (ConfUtils.java:logGet(46)) - raft.grpc.server.host = null (default)
2023-01-05 09:38:44,017 [Listener at 127.0.0.1/37423] INFO  grpc.GrpcConfigKeys (ConfUtils.java:logGet(46)) - raft.grpc.server.port = 0 (default)
2023-01-05 09:38:44,017 [Listener at 127.0.0.1/37423] INFO  server.GrpcService (ConfUtils.java:logGet(46)) - raft.grpc.message.size.max = 32MB (=33554432) (custom)
2023-01-05 09:38:44,017 [Listener at 127.0.0.1/37423] INFO  server.RaftServerConfigKeys (ConfUtils.java:logGet(46)) - raft.server.log.appender.buffer.byte-limit = 33554432 (custom)
2023-01-05 09:38:44,017 [Listener at 127.0.0.1/37423] INFO  server.GrpcService (ConfUtils.java:logGet(46)) - raft.grpc.flow.control.window = 5MB (=5242880) (custom)
2023-01-05 09:38:44,018 [Listener at 127.0.0.1/37423] INFO  server.RaftServerConfigKeys (ConfUtils.java:logGet(46)) - raft.server.rpc.request.timeout = 60s (custom)
2023-01-05 09:38:44,018 [Listener at 127.0.0.1/37423] INFO  grpc.GrpcConfigKeys (ConfUtils.java:logGet(46)) - raft.grpc.server.heartbeat.channel = true (default)
2023-01-05 09:38:44,018 [Listener at 127.0.0.1/37423] INFO  grpc.GrpcConfigKeys (ConfUtils.java:logGet(46)) - raft.grpc.server.async.request.thread.pool.cached = true (default)
2023-01-05 09:38:44,018 [Listener at 127.0.0.1/37423] INFO  grpc.GrpcConfigKeys (ConfUtils.java:logGet(46)) - raft.grpc.server.async.request.thread.pool.size = 32 (default)
2023-01-05 09:38:44,020 [Listener at 127.0.0.1/37423] INFO  impl.DataStreamServerImpl (ConfUtils.java:logGet(46)) - raft.datastream.type = NETTY (custom)
2023-01-05 09:38:44,020 [Listener at 127.0.0.1/37423] INFO  server.RaftServerConfigKeys (ConfUtils.java:logGet(46)) - raft.server.data-stream.async.request.thread.pool.cached = false (default)
2023-01-05 09:38:44,020 [Listener at 127.0.0.1/37423] INFO  server.RaftServerConfigKeys (ConfUtils.java:logGet(46)) - raft.server.data-stream.async.request.thread.pool.size = 20 (custom)
2023-01-05 09:38:44,020 [Listener at 127.0.0.1/37423] INFO  server.RaftServerConfigKeys (ConfUtils.java:logGet(46)) - raft.server.data-stream.async.write.thread.pool.size = 16 (default)
2023-01-05 09:38:44,021 [Listener at 127.0.0.1/37423] INFO  server.RaftServerConfigKeys (ConfUtils.java:logGet(46)) - raft.server.data-stream.client.pool.size = 10 (default)
2023-01-05 09:38:44,021 [Listener at 127.0.0.1/37423] INFO  netty.NettyConfigKeys$DataStream (ConfUtils.java:logGet(46)) - raft.netty.dataStream.server.use-epoll = false (default)
2023-01-05 09:38:44,021 [Listener at 127.0.0.1/37423] INFO  netty.NettyConfigKeys$DataStream (ConfUtils.java:logGet(46)) - raft.netty.dataStream.server.boss-group.size = 0 (default)
2023-01-05 09:38:44,022 [Listener at 127.0.0.1/37423] INFO  netty.NettyConfigKeys$DataStream (ConfUtils.java:logGet(46)) - raft.netty.dataStream.server.worker-group.size = 0 (default)
2023-01-05 09:38:44,024 [Listener at 127.0.0.1/37423] INFO  netty.NettyConfigKeys$DataStream (ConfUtils.java:logGet(46)) - raft.netty.dataStream.server.tls.conf = null (default)
2023-01-05 09:38:44,024 [Listener at 127.0.0.1/37423] INFO  netty.NettyConfigKeys$DataStream (ConfUtils.java:logGet(46)) - raft.netty.dataStream.host = null (default)
2023-01-05 09:38:44,024 [Listener at 127.0.0.1/37423] INFO  netty.NettyConfigKeys$DataStream (ConfUtils.java:logGet(46)) - raft.netty.dataStream.port = 0 (default)
2023-01-05 09:38:44,031 [Listener at 127.0.0.1/37423] INFO  server.RaftServerConfigKeys (ConfUtils.java:logGet(46)) - raft.server.threadpool.proxy.cached = true (default)
2023-01-05 09:38:44,031 [Listener at 127.0.0.1/37423] INFO  server.RaftServerConfigKeys (ConfUtils.java:logGet(46)) - raft.server.threadpool.proxy.size = 0 (default)
2023-01-05 09:38:44,031 [Listener at 127.0.0.1/37423] INFO  server.RaftServerConfigKeys (ConfUtils.java:logGet(46)) - raft.server.rpc.slowness.timeout = 300s (custom)
2023-01-05 09:38:44,031 [Listener at 127.0.0.1/37423] INFO  server.RaftServerConfigKeys (ConfUtils.java:logGet(46)) - raft.server.leaderelection.leader.step-down.wait-time = 10s (default)
2023-01-05 09:38:44,031 [Listener at 127.0.0.1/37423] INFO  server.RaftServerConfigKeys (ConfUtils.java:logGet(46)) - raft.server.storage.dir = [/home/runner/work/ozone/ozone/hadoop-ozone/integration-test/target/test-dir/MiniOzoneClusterImpl-b4cfd215-9b0e-48e6-9461-0a101ded37cf/datanode-2/data/ratis] (custom)
2023-01-05 09:38:44,035 [e52e8f62-614f-4bab-8a16-f8f5fa61eddd-NettyServerStreamRpc-bossGroup--thread1] INFO  logging.LoggingHandler (AbstractInternalLogger.java:log(148)) - [id: 0xba6656b2] REGISTERED
2023-01-05 09:38:44,036 [e52e8f62-614f-4bab-8a16-f8f5fa61eddd-NettyServerStreamRpc-bossGroup--thread1] INFO  logging.LoggingHandler (AbstractInternalLogger.java:log(148)) - [id: 0xba6656b2] BIND: 0.0.0.0/0.0.0.0:0
2023-01-05 09:38:44,036 [e52e8f62-614f-4bab-8a16-f8f5fa61eddd-NettyServerStreamRpc-bossGroup--thread1] INFO  logging.LoggingHandler (AbstractInternalLogger.java:log(148)) - [id: 0xba6656b2, L:/0:0:0:0:0:0:0:0:45529] ACTIVE
2023-01-05 09:38:44,037 [Listener at 127.0.0.1/37423] INFO  server.XceiverServerGrpc (XceiverServerGrpc.java:<init>(132)) - GrpcServer channel type EpollServerSocketChannel
2023-01-05 09:38:44,040 [Listener at 127.0.0.1/37423] INFO  http.BaseHttpServer (BaseHttpServer.java:newHttpServer2BuilderForOzone(213)) - Starting Web-server for hddsDatanode at: http://0.0.0.0:0
2023-01-05 09:38:44,041 [Listener at 127.0.0.1/37423] INFO  http.BaseHttpServer (BaseHttpServer.java:<init>(108)) - Hadoop Security Enabled: false Ozone Security Enabled: false Ozone HTTP Security Enabled: false 
2023-01-05 09:38:44,042 [Listener at 127.0.0.1/37423] WARN  server.AuthenticationFilter (AuthenticationFilter.java:constructSecretProvider(240)) - Unable to initialize FileSignerSecretProvider, falling back to use random secrets. Reason: Could not read signature secret file: /home/runner/hadoop-http-auth-signature-secret
2023-01-05 09:38:44,043 [Listener at 127.0.0.1/37423] WARN  http.HttpRequestLog (HttpRequestLog.java:getRequestLog(103)) - Jetty request log can only be enabled using Log4j
2023-01-05 09:38:44,044 [Listener at 127.0.0.1/37423] INFO  http.HttpServer2 (HttpServer2.java:addGlobalFilter(1031)) - Added global filter 'safety' (class=org.apache.hadoop.hdds.server.http.HttpServer2$QuotingInputFilter)
2023-01-05 09:38:44,045 [Listener at 127.0.0.1/37423] INFO  http.HttpServer2 (HttpServer2.java:addFilter(1007)) - Added filter static_user_filter (class=org.apache.hadoop.http.lib.StaticUserWebFilter$StaticUserFilter) to context hddsDatanode
2023-01-05 09:38:44,045 [Listener at 127.0.0.1/37423] INFO  http.HttpServer2 (HttpServer2.java:addFilter(1015)) - Added filter static_user_filter (class=org.apache.hadoop.http.lib.StaticUserWebFilter$StaticUserFilter) to context logs
2023-01-05 09:38:44,045 [Listener at 127.0.0.1/37423] INFO  http.HttpServer2 (HttpServer2.java:addFilter(1015)) - Added filter static_user_filter (class=org.apache.hadoop.http.lib.StaticUserWebFilter$StaticUserFilter) to context static
2023-01-05 09:38:44,046 [Listener at 127.0.0.1/37423] INFO  http.HttpServer2 (HttpServer2.java:bindListener(1250)) - Jetty bound to port 33695
2023-01-05 09:38:44,046 [Listener at 127.0.0.1/37423] INFO  server.Server (Server.java:doStart(375)) - jetty-9.4.49.v20220914; built: 2022-09-14T01:07:36.601Z; git: 4231a3b2e4cb8548a412a789936d640a97b1aa0a; jvm 1.8.0_352-b08
2023-01-05 09:38:44,048 [Listener at 127.0.0.1/37423] INFO  server.session (DefaultSessionIdManager.java:doStart(334)) - DefaultSessionIdManager workerName=node0
2023-01-05 09:38:44,049 [Listener at 127.0.0.1/37423] INFO  server.session (DefaultSessionIdManager.java:doStart(339)) - No SessionScavenger set, using defaults
2023-01-05 09:38:44,049 [Listener at 127.0.0.1/37423] INFO  server.session (HouseKeeper.java:startScavenging(132)) - node0 Scavenging every 600000ms
2023-01-05 09:38:44,049 [Listener at 127.0.0.1/37423] INFO  handler.ContextHandler (ContextHandler.java:doStart(921)) - Started o.e.j.s.ServletContextHandler@546df3ad{logs,/logs,file:///home/runner/work/ozone/ozone/hadoop-ozone/integration-test/target/log,AVAILABLE}
2023-01-05 09:38:44,050 [Listener at 127.0.0.1/37423] INFO  handler.ContextHandler (ContextHandler.java:doStart(921)) - Started o.e.j.s.ServletContextHandler@27c173ea{static,/static,jar:file:/home/runner/.m2/repository/org/apache/ozone/hdds-container-service/1.4.0-SNAPSHOT/hdds-container-service-1.4.0-SNAPSHOT.jar!/webapps/static,AVAILABLE}
2023-01-05 09:38:44,129 [om1@group-C5BA1605619E-StateMachineUpdater] INFO  ratis.OzoneManagerStateMachine (OzoneManagerStateMachine.java:notifyConfigurationChanged(192)) - Received Configuration change notification from Ratis. New Peer list:
[id: "om1"
address: "localhost:9872"
startupRole: FOLLOWER
]
2023-01-05 09:38:44,272 [Listener at 127.0.0.1/37423] INFO  handler.ContextHandler (ContextHandler.java:doStart(921)) - Started o.e.j.w.WebAppContext@1b83579c{hddsDatanode,/,file:///tmp/jetty-0_0_0_0-33695-hdds-container-service-1_4_0-SNAPSHOT_jar-_-any-741788236215542900/webapp/,AVAILABLE}{jar:file:/home/runner/.m2/repository/org/apache/ozone/hdds-container-service/1.4.0-SNAPSHOT/hdds-container-service-1.4.0-SNAPSHOT.jar!/webapps/hddsDatanode}
2023-01-05 09:38:44,273 [Listener at 127.0.0.1/37423] INFO  server.AbstractConnector (AbstractConnector.java:doStart(333)) - Started ServerConnector@1c712e55{HTTP/1.1, (http/1.1)}{0.0.0.0:33695}
2023-01-05 09:38:44,274 [Listener at 127.0.0.1/37423] INFO  server.Server (Server.java:doStart(415)) - Started @9283ms
2023-01-05 09:38:44,274 [Listener at 127.0.0.1/37423] WARN  impl.MetricsSystemImpl (MetricsSystemImpl.java:register(279)) - Sink prometheus already exists!
2023-01-05 09:38:44,274 [Listener at 127.0.0.1/37423] INFO  http.BaseHttpServer (BaseHttpServer.java:updateConnectorAddress(333)) - HTTP server of hddsDatanode listening at http://0.0.0.0:33695
2023-01-05 09:38:44,280 [Datanode State Machine Daemon Thread] INFO  statemachine.DatanodeStateMachine (DatanodeStateMachine.java:lambda$startDaemon$0(508)) - Ozone container server started.
2023-01-05 09:38:44,283 [Listener at 127.0.0.1/37423] INFO  ozone.MiniOzoneClusterImpl (MiniOzoneClusterImpl.java:lambda$waitForClusterToBeReady$0(217)) - Waiting for nodes to be ready. Got 0 of 3 DN Heartbeats.
2023-01-05 09:38:44,283 [Listener at 127.0.0.1/37423] INFO  ozone.MiniOzoneClusterImpl (MiniOzoneClusterImpl.java:lambda$waitForClusterToBeReady$0(220)) - Waiting for cluster to exit safe mode
2023-01-05 09:38:44,283 [Listener at 127.0.0.1/37423] INFO  ozone.MiniOzoneClusterImpl (MiniOzoneClusterImpl.java:lambda$waitForClusterToBeReady$0(222)) - SCM became leader
2023-01-05 09:38:44,297 [org.apache.hadoop.util.JvmPauseMonitor$Monitor@56a2b0dd] INFO  util.JvmPauseMonitor (JvmPauseMonitor.java:run(188)) - Starting JVM pause monitor
2023-01-05 09:38:44,301 [Datanode State Machine Task Thread - 0] INFO  datanode.InitDatanodeState (InitDatanodeState.java:persistContainerDatanodeDetails(138)) - DatanodeDetails is persisted to /home/runner/work/ozone/ozone/hadoop-ozone/integration-test/target/test-dir/MiniOzoneClusterImpl-b4cfd215-9b0e-48e6-9461-0a101ded37cf/datanode-2/meta/datanode.id
2023-01-05 09:38:45,283 [Listener at 127.0.0.1/37423] INFO  ozone.MiniOzoneClusterImpl (MiniOzoneClusterImpl.java:lambda$waitForClusterToBeReady$0(217)) - Waiting for nodes to be ready. Got 0 of 3 DN Heartbeats.
2023-01-05 09:38:45,284 [Listener at 127.0.0.1/37423] INFO  ozone.MiniOzoneClusterImpl (MiniOzoneClusterImpl.java:lambda$waitForClusterToBeReady$0(220)) - Waiting for cluster to exit safe mode
2023-01-05 09:38:45,284 [Listener at 127.0.0.1/37423] INFO  ozone.MiniOzoneClusterImpl (MiniOzoneClusterImpl.java:lambda$waitForClusterToBeReady$0(222)) - SCM became leader
2023-01-05 09:38:45,409 | INFO  | SCMAudit | user=runner | ip=10.1.0.15 | op=GET_VERSION null | ret=SUCCESS |  
2023-01-05 09:38:45,465 [EndpointStateMachine task thread for /0.0.0.0:33345 - 0 ] INFO  utils.DatanodeStoreCache (DatanodeStoreCache.java:addDB(58)) - Added db /home/runner/work/ozone/ozone/hadoop-ozone/integration-test/target/test-dir/MiniOzoneClusterImpl-b4cfd215-9b0e-48e6-9461-0a101ded37cf/datanode-0/data-0/containers/hdds/b4cfd215-9b0e-48e6-9461-0a101ded37cf/DS-392e49f1-2b95-4b94-a093-09984c3befb8/container.db to cache
2023-01-05 09:38:45,465 [EndpointStateMachine task thread for /0.0.0.0:33345 - 0 ] INFO  volume.HddsVolume (HddsVolume.java:createDbStore(307)) - SchemaV3 db is created and loaded at /home/runner/work/ozone/ozone/hadoop-ozone/integration-test/target/test-dir/MiniOzoneClusterImpl-b4cfd215-9b0e-48e6-9461-0a101ded37cf/datanode-0/data-0/containers/hdds/b4cfd215-9b0e-48e6-9461-0a101ded37cf/DS-392e49f1-2b95-4b94-a093-09984c3befb8/container.db for volume DS-392e49f1-2b95-4b94-a093-09984c3befb8
2023-01-05 09:38:45,467 [EndpointStateMachine task thread for /0.0.0.0:33345 - 0 ] INFO  ozoneimpl.OzoneContainer (OzoneContainer.java:start(395)) - Attempting to start container services.
2023-01-05 09:38:45,468 [EndpointStateMachine task thread for /0.0.0.0:33345 - 0 ] INFO  ozoneimpl.OzoneContainer (OzoneContainer.java:startContainerScrub(312)) - Scheduled background container scanners and the on-demand container scanner have been disabled.
2023-01-05 09:38:45,470 [EndpointStateMachine task thread for /0.0.0.0:33345 - 0 ] INFO  replication.ReplicationServer (ReplicationServer.java:start(106)) - ReplicationServer is started using port 35425
2023-01-05 09:38:45,472 [EndpointStateMachine task thread for /0.0.0.0:33345 - 0 ] INFO  ratis.XceiverServerRatis (XceiverServerRatis.java:start(517)) - Starting XceiverServerRatis 990d1a38-ec81-4b28-afef-59db27651b98
2023-01-05 09:38:45,481 [EndpointStateMachine task thread for /0.0.0.0:33345 - 0 ] INFO  server.RaftServer (RaftServerProxy.java:startImpl(393)) - 990d1a38-ec81-4b28-afef-59db27651b98: start RPC server
2023-01-05 09:38:45,487 [EndpointStateMachine task thread for /0.0.0.0:33345 - 0 ] INFO  server.GrpcService (GrpcService.java:startImpl(262)) - 990d1a38-ec81-4b28-afef-59db27651b98: GrpcService started, listening on 38013
2023-01-05 09:38:45,490 [EndpointStateMachine task thread for /0.0.0.0:33345 - 0 ] INFO  ratis.XceiverServerRatis (XceiverServerRatis.java:getRealPort(543)) - XceiverServerRatis 990d1a38-ec81-4b28-afef-59db27651b98 is started using port 38013 for RATIS
2023-01-05 09:38:45,491 [EndpointStateMachine task thread for /0.0.0.0:33345 - 0 ] INFO  ratis.XceiverServerRatis (XceiverServerRatis.java:getRealPort(543)) - XceiverServerRatis 990d1a38-ec81-4b28-afef-59db27651b98 is started using port 38013 for RATIS_ADMIN
2023-01-05 09:38:45,491 [EndpointStateMachine task thread for /0.0.0.0:33345 - 0 ] INFO  ratis.XceiverServerRatis (XceiverServerRatis.java:getRealPort(543)) - XceiverServerRatis 990d1a38-ec81-4b28-afef-59db27651b98 is started using port 38013 for RATIS_SERVER
2023-01-05 09:38:45,491 [EndpointStateMachine task thread for /0.0.0.0:33345 - 0 ] INFO  ratis.XceiverServerRatis (XceiverServerRatis.java:getRealPort(543)) - XceiverServerRatis 990d1a38-ec81-4b28-afef-59db27651b98 is started using port 41075 for RATIS_DATASTREAM
2023-01-05 09:38:45,491 [JvmPauseMonitor1] INFO  util.JvmPauseMonitor (JvmPauseMonitor.java:run(105)) - JvmPauseMonitor-990d1a38-ec81-4b28-afef-59db27651b98: Started
2023-01-05 09:38:45,496 [EndpointStateMachine task thread for /0.0.0.0:33345 - 0 ] INFO  server.XceiverServerGrpc (XceiverServerGrpc.java:start(180)) - XceiverServerGrpc 990d1a38-ec81-4b28-afef-59db27651b98 is started using port 38051
2023-01-05 09:38:45,841 | INFO  | SCMAudit | user=runner | ip=10.1.0.15 | op=GET_VERSION null | ret=SUCCESS |  
2023-01-05 09:38:45,874 [EndpointStateMachine task thread for /0.0.0.0:33345 - 0 ] INFO  utils.DatanodeStoreCache (DatanodeStoreCache.java:addDB(58)) - Added db /home/runner/work/ozone/ozone/hadoop-ozone/integration-test/target/test-dir/MiniOzoneClusterImpl-b4cfd215-9b0e-48e6-9461-0a101ded37cf/datanode-1/data-0/containers/hdds/b4cfd215-9b0e-48e6-9461-0a101ded37cf/DS-518b4f0a-18fd-424f-a6d0-ed35f7275b14/container.db to cache
2023-01-05 09:38:45,875 [EndpointStateMachine task thread for /0.0.0.0:33345 - 0 ] INFO  volume.HddsVolume (HddsVolume.java:createDbStore(307)) - SchemaV3 db is created and loaded at /home/runner/work/ozone/ozone/hadoop-ozone/integration-test/target/test-dir/MiniOzoneClusterImpl-b4cfd215-9b0e-48e6-9461-0a101ded37cf/datanode-1/data-0/containers/hdds/b4cfd215-9b0e-48e6-9461-0a101ded37cf/DS-518b4f0a-18fd-424f-a6d0-ed35f7275b14/container.db for volume DS-518b4f0a-18fd-424f-a6d0-ed35f7275b14
2023-01-05 09:38:45,875 [EndpointStateMachine task thread for /0.0.0.0:33345 - 0 ] INFO  ozoneimpl.OzoneContainer (OzoneContainer.java:start(395)) - Attempting to start container services.
2023-01-05 09:38:45,875 [EndpointStateMachine task thread for /0.0.0.0:33345 - 0 ] INFO  ozoneimpl.OzoneContainer (OzoneContainer.java:startContainerScrub(312)) - Scheduled background container scanners and the on-demand container scanner have been disabled.
2023-01-05 09:38:45,881 [EndpointStateMachine task thread for /0.0.0.0:33345 - 0 ] INFO  replication.ReplicationServer (ReplicationServer.java:start(106)) - ReplicationServer is started using port 44533
2023-01-05 09:38:45,881 [EndpointStateMachine task thread for /0.0.0.0:33345 - 0 ] INFO  ratis.XceiverServerRatis (XceiverServerRatis.java:start(517)) - Starting XceiverServerRatis f6bfd639-f08e-437c-ab3a-d66c7a0f1667
2023-01-05 09:38:45,888 [EndpointStateMachine task thread for /0.0.0.0:33345 - 0 ] INFO  server.RaftServer (RaftServerProxy.java:startImpl(393)) - f6bfd639-f08e-437c-ab3a-d66c7a0f1667: start RPC server
2023-01-05 09:38:45,890 [EndpointStateMachine task thread for /0.0.0.0:33345 - 0 ] INFO  server.GrpcService (GrpcService.java:startImpl(262)) - f6bfd639-f08e-437c-ab3a-d66c7a0f1667: GrpcService started, listening on 34483
2023-01-05 09:38:45,890 [EndpointStateMachine task thread for /0.0.0.0:33345 - 0 ] INFO  ratis.XceiverServerRatis (XceiverServerRatis.java:getRealPort(543)) - XceiverServerRatis f6bfd639-f08e-437c-ab3a-d66c7a0f1667 is started using port 34483 for RATIS
2023-01-05 09:38:45,890 [EndpointStateMachine task thread for /0.0.0.0:33345 - 0 ] INFO  ratis.XceiverServerRatis (XceiverServerRatis.java:getRealPort(543)) - XceiverServerRatis f6bfd639-f08e-437c-ab3a-d66c7a0f1667 is started using port 34483 for RATIS_ADMIN
2023-01-05 09:38:45,890 [EndpointStateMachine task thread for /0.0.0.0:33345 - 0 ] INFO  ratis.XceiverServerRatis (XceiverServerRatis.java:getRealPort(543)) - XceiverServerRatis f6bfd639-f08e-437c-ab3a-d66c7a0f1667 is started using port 34483 for RATIS_SERVER
2023-01-05 09:38:45,890 [EndpointStateMachine task thread for /0.0.0.0:33345 - 0 ] INFO  ratis.XceiverServerRatis (XceiverServerRatis.java:getRealPort(543)) - XceiverServerRatis f6bfd639-f08e-437c-ab3a-d66c7a0f1667 is started using port 45565 for RATIS_DATASTREAM
2023-01-05 09:38:45,899 [JvmPauseMonitor2] INFO  util.JvmPauseMonitor (JvmPauseMonitor.java:run(105)) - JvmPauseMonitor-f6bfd639-f08e-437c-ab3a-d66c7a0f1667: Started
2023-01-05 09:38:45,903 [EndpointStateMachine task thread for /0.0.0.0:33345 - 0 ] INFO  server.XceiverServerGrpc (XceiverServerGrpc.java:start(180)) - XceiverServerGrpc f6bfd639-f08e-437c-ab3a-d66c7a0f1667 is started using port 45395
2023-01-05 09:38:46,284 [Listener at 127.0.0.1/37423] INFO  ozone.MiniOzoneClusterImpl (MiniOzoneClusterImpl.java:lambda$waitForClusterToBeReady$0(217)) - Waiting for nodes to be ready. Got 0 of 3 DN Heartbeats.
2023-01-05 09:38:46,284 [Listener at 127.0.0.1/37423] INFO  ozone.MiniOzoneClusterImpl (MiniOzoneClusterImpl.java:lambda$waitForClusterToBeReady$0(220)) - Waiting for cluster to exit safe mode
2023-01-05 09:38:46,284 [Listener at 127.0.0.1/37423] INFO  ozone.MiniOzoneClusterImpl (MiniOzoneClusterImpl.java:lambda$waitForClusterToBeReady$0(222)) - SCM became leader
2023-01-05 09:38:46,298 | INFO  | SCMAudit | user=runner | ip=10.1.0.15 | op=GET_VERSION null | ret=SUCCESS |  
2023-01-05 09:38:46,327 [EndpointStateMachine task thread for /0.0.0.0:33345 - 0 ] INFO  utils.DatanodeStoreCache (DatanodeStoreCache.java:addDB(58)) - Added db /home/runner/work/ozone/ozone/hadoop-ozone/integration-test/target/test-dir/MiniOzoneClusterImpl-b4cfd215-9b0e-48e6-9461-0a101ded37cf/datanode-2/data-0/containers/hdds/b4cfd215-9b0e-48e6-9461-0a101ded37cf/DS-c5dd738e-b3ff-4ab0-81d6-6391592180b6/container.db to cache
2023-01-05 09:38:46,327 [EndpointStateMachine task thread for /0.0.0.0:33345 - 0 ] INFO  volume.HddsVolume (HddsVolume.java:createDbStore(307)) - SchemaV3 db is created and loaded at /home/runner/work/ozone/ozone/hadoop-ozone/integration-test/target/test-dir/MiniOzoneClusterImpl-b4cfd215-9b0e-48e6-9461-0a101ded37cf/datanode-2/data-0/containers/hdds/b4cfd215-9b0e-48e6-9461-0a101ded37cf/DS-c5dd738e-b3ff-4ab0-81d6-6391592180b6/container.db for volume DS-c5dd738e-b3ff-4ab0-81d6-6391592180b6
2023-01-05 09:38:46,327 [EndpointStateMachine task thread for /0.0.0.0:33345 - 0 ] INFO  ozoneimpl.OzoneContainer (OzoneContainer.java:start(395)) - Attempting to start container services.
2023-01-05 09:38:46,327 [EndpointStateMachine task thread for /0.0.0.0:33345 - 0 ] INFO  ozoneimpl.OzoneContainer (OzoneContainer.java:startContainerScrub(312)) - Scheduled background container scanners and the on-demand container scanner have been disabled.
2023-01-05 09:38:46,329 [EndpointStateMachine task thread for /0.0.0.0:33345 - 0 ] INFO  replication.ReplicationServer (ReplicationServer.java:start(106)) - ReplicationServer is started using port 37973
2023-01-05 09:38:46,330 [EndpointStateMachine task thread for /0.0.0.0:33345 - 0 ] INFO  ratis.XceiverServerRatis (XceiverServerRatis.java:start(517)) - Starting XceiverServerRatis e52e8f62-614f-4bab-8a16-f8f5fa61eddd
2023-01-05 09:38:46,339 [EndpointStateMachine task thread for /0.0.0.0:33345 - 0 ] INFO  server.RaftServer (RaftServerProxy.java:startImpl(393)) - e52e8f62-614f-4bab-8a16-f8f5fa61eddd: start RPC server
2023-01-05 09:38:46,340 [EndpointStateMachine task thread for /0.0.0.0:33345 - 0 ] INFO  server.GrpcService (GrpcService.java:startImpl(262)) - e52e8f62-614f-4bab-8a16-f8f5fa61eddd: GrpcService started, listening on 32835
2023-01-05 09:38:46,343 [EndpointStateMachine task thread for /0.0.0.0:33345 - 0 ] INFO  ratis.XceiverServerRatis (XceiverServerRatis.java:getRealPort(543)) - XceiverServerRatis e52e8f62-614f-4bab-8a16-f8f5fa61eddd is started using port 32835 for RATIS
2023-01-05 09:38:46,343 [EndpointStateMachine task thread for /0.0.0.0:33345 - 0 ] INFO  ratis.XceiverServerRatis (XceiverServerRatis.java:getRealPort(543)) - XceiverServerRatis e52e8f62-614f-4bab-8a16-f8f5fa61eddd is started using port 32835 for RATIS_ADMIN
2023-01-05 09:38:46,343 [EndpointStateMachine task thread for /0.0.0.0:33345 - 0 ] INFO  ratis.XceiverServerRatis (XceiverServerRatis.java:getRealPort(543)) - XceiverServerRatis e52e8f62-614f-4bab-8a16-f8f5fa61eddd is started using port 32835 for RATIS_SERVER
2023-01-05 09:38:46,343 [EndpointStateMachine task thread for /0.0.0.0:33345 - 0 ] INFO  ratis.XceiverServerRatis (XceiverServerRatis.java:getRealPort(543)) - XceiverServerRatis e52e8f62-614f-4bab-8a16-f8f5fa61eddd is started using port 45529 for RATIS_DATASTREAM
2023-01-05 09:38:46,350 [JvmPauseMonitor3] INFO  util.JvmPauseMonitor (JvmPauseMonitor.java:run(105)) - JvmPauseMonitor-e52e8f62-614f-4bab-8a16-f8f5fa61eddd: Started
2023-01-05 09:38:46,353 [EndpointStateMachine task thread for /0.0.0.0:33345 - 0 ] INFO  server.XceiverServerGrpc (XceiverServerGrpc.java:start(180)) - XceiverServerGrpc e52e8f62-614f-4bab-8a16-f8f5fa61eddd is started using port 38611
2023-01-05 09:38:47,285 [Listener at 127.0.0.1/37423] INFO  ozone.MiniOzoneClusterImpl (MiniOzoneClusterImpl.java:lambda$waitForClusterToBeReady$0(217)) - Waiting for nodes to be ready. Got 0 of 3 DN Heartbeats.
2023-01-05 09:38:47,285 [Listener at 127.0.0.1/37423] INFO  ozone.MiniOzoneClusterImpl (MiniOzoneClusterImpl.java:lambda$waitForClusterToBeReady$0(220)) - Waiting for cluster to exit safe mode
2023-01-05 09:38:47,285 [Listener at 127.0.0.1/37423] INFO  ozone.MiniOzoneClusterImpl (MiniOzoneClusterImpl.java:lambda$waitForClusterToBeReady$0(222)) - SCM became leader
2023-01-05 09:38:47,378 [IPC Server handler 1 on default port 33345] INFO  net.NetworkTopologyImpl (NetworkTopologyImpl.java:add(112)) - Added a new node: /default-rack/990d1a38-ec81-4b28-afef-59db27651b98
2023-01-05 09:38:47,380 [IPC Server handler 1 on default port 33345] INFO  node.SCMNodeManager (SCMNodeManager.java:register(397)) - Registered Data node : 990d1a38-ec81-4b28-afef-59db27651b98{ip: 10.1.0.15, host: fv-az459-169.msq0az1vewme3jsxyslsv0htic.jx.internal.cloudapp.net, ports: [REPLICATION=35425, RATIS=38013, RATIS_ADMIN=38013, RATIS_SERVER=38013, RATIS_DATASTREAM=41075, STANDALONE=38051], networkLocation: /default-rack, certSerialId: null, persistedOpState: null, persistedOpStateExpiryEpochSec: 0}
2023-01-05 09:38:47,384 [EventQueue-NodeRegistrationContainerReportForContainerSafeModeRule] INFO  safemode.SCMSafeModeManager (SCMSafeModeManager.java:validateSafeModeExitRules(200)) - ContainerSafeModeRule rule is successfully validated
2023-01-05 09:38:47,385 [EventQueue-NodeRegistrationContainerReportForDataNodeSafeModeRule] INFO  safemode.SCMSafeModeManager (DataNodeSafeModeRule.java:process(71)) - SCM in safe mode. 1 DataNodes registered, 3 required.
2023-01-05 09:38:47,385 [EventQueue-NewNodeForNewNodeHandler] INFO  pipeline.BackgroundPipelineCreator (BackgroundPipelineCreator.java:notifyEventTriggered(276)) - trigger a one-shot run on RatisPipelineUtilsThread.
2023-01-05 09:38:47,389 [EventQueue-PipelineReportForOneReplicaPipelineSafeModeRule] INFO  safemode.SCMSafeModeManager (SCMSafeModeManager.java:validateSafeModeExitRules(200)) - AtleastOneDatanodeReportedRule rule is successfully validated
2023-01-05 09:38:47,394 [RatisPipelineUtilsThread - 0] INFO  pipeline.RatisPipelineProvider (RatisPipelineProvider.java:lambda$create$0(206)) - Sending CreatePipelineCommand for pipeline:PipelineID=724a5233-e8e8-4bdc-b877-e6abdc2a7e83 to datanode:990d1a38-ec81-4b28-afef-59db27651b98
2023-01-05 09:38:47,395 | INFO  | SCMAudit | user=runner | ip=10.1.0.15 | op=REGISTER {datanodeDetails=990d1a38-ec81-4b28-afef-59db27651b98{ip: 10.1.0.15, host: fv-az459-169.msq0az1vewme3jsxyslsv0htic.jx.internal.cloudapp.net, ports: [REPLICATION=35425, RATIS=38013, RATIS_ADMIN=38013, RATIS_SERVER=38013, RATIS_DATASTREAM=41075, STANDALONE=38051], networkLocation: /default-rack, certSerialId: null, persistedOpState: null, persistedOpStateExpiryEpochSec: 0}} | ret=SUCCESS |  
2023-01-05 09:38:47,405 [RatisPipelineUtilsThread - 0] INFO  pipeline.PipelineStateManagerImpl (PipelineStateManagerImpl.java:addPipeline(103)) - Created pipeline Pipeline[ Id: 724a5233-e8e8-4bdc-b877-e6abdc2a7e83, Nodes: 990d1a38-ec81-4b28-afef-59db27651b98{ip: 10.1.0.15, host: fv-az459-169.msq0az1vewme3jsxyslsv0htic.jx.internal.cloudapp.net, ports: [REPLICATION=35425, RATIS=38013, RATIS_ADMIN=38013, RATIS_SERVER=38013, RATIS_DATASTREAM=41075, STANDALONE=38051], networkLocation: /default-rack, certSerialId: null, persistedOpState: IN_SERVICE, persistedOpStateExpiryEpochSec: 0}, ReplicationConfig: RATIS/ONE, State:ALLOCATED, leaderId:, CreationTimestamp2023-01-05T09:38:47.393Z[Etc/UTC]].
2023-01-05 09:38:47,842 [IPC Server handler 15 on default port 33345] INFO  net.NetworkTopologyImpl (NetworkTopologyImpl.java:add(112)) - Added a new node: /default-rack/f6bfd639-f08e-437c-ab3a-d66c7a0f1667
2023-01-05 09:38:47,842 [IPC Server handler 15 on default port 33345] INFO  node.SCMNodeManager (SCMNodeManager.java:register(397)) - Registered Data node : f6bfd639-f08e-437c-ab3a-d66c7a0f1667{ip: 10.1.0.15, host: fv-az459-169.msq0az1vewme3jsxyslsv0htic.jx.internal.cloudapp.net, ports: [REPLICATION=44533, RATIS=34483, RATIS_ADMIN=34483, RATIS_SERVER=34483, RATIS_DATASTREAM=45565, STANDALONE=45395], networkLocation: /default-rack, certSerialId: null, persistedOpState: null, persistedOpStateExpiryEpochSec: 0}
2023-01-05 09:38:47,843 | INFO  | SCMAudit | user=runner | ip=10.1.0.15 | op=REGISTER {datanodeDetails=f6bfd639-f08e-437c-ab3a-d66c7a0f1667{ip: 10.1.0.15, host: fv-az459-169.msq0az1vewme3jsxyslsv0htic.jx.internal.cloudapp.net, ports: [REPLICATION=44533, RATIS=34483, RATIS_ADMIN=34483, RATIS_SERVER=34483, RATIS_DATASTREAM=45565, STANDALONE=45395], networkLocation: /default-rack, certSerialId: null, persistedOpState: null, persistedOpStateExpiryEpochSec: 0}} | ret=SUCCESS |  
2023-01-05 09:38:47,843 [EventQueue-NewNodeForNewNodeHandler] INFO  pipeline.BackgroundPipelineCreator (BackgroundPipelineCreator.java:notifyEventTriggered(276)) - trigger a one-shot run on RatisPipelineUtilsThread.
2023-01-05 09:38:47,843 [EventQueue-NodeRegistrationContainerReportForDataNodeSafeModeRule] INFO  safemode.SCMSafeModeManager (DataNodeSafeModeRule.java:process(71)) - SCM in safe mode. 2 DataNodes registered, 3 required.
2023-01-05 09:38:47,845 [RatisPipelineUtilsThread - 0] INFO  pipeline.RatisPipelineProvider (RatisPipelineProvider.java:lambda$create$0(206)) - Sending CreatePipelineCommand for pipeline:PipelineID=e5f90b5d-72d2-496d-8c74-e0dd2bd10eb4 to datanode:f6bfd639-f08e-437c-ab3a-d66c7a0f1667
2023-01-05 09:38:47,845 [RatisPipelineUtilsThread - 0] INFO  pipeline.PipelineStateManagerImpl (PipelineStateManagerImpl.java:addPipeline(103)) - Created pipeline Pipeline[ Id: e5f90b5d-72d2-496d-8c74-e0dd2bd10eb4, Nodes: f6bfd639-f08e-437c-ab3a-d66c7a0f1667{ip: 10.1.0.15, host: fv-az459-169.msq0az1vewme3jsxyslsv0htic.jx.internal.cloudapp.net, ports: [REPLICATION=44533, RATIS=34483, RATIS_ADMIN=34483, RATIS_SERVER=34483, RATIS_DATASTREAM=45565, STANDALONE=45395], networkLocation: /default-rack, certSerialId: null, persistedOpState: IN_SERVICE, persistedOpStateExpiryEpochSec: 0}, ReplicationConfig: RATIS/ONE, State:ALLOCATED, leaderId:, CreationTimestamp2023-01-05T09:38:47.845Z[Etc/UTC]].
2023-01-05 09:38:48,285 [Listener at 127.0.0.1/37423] INFO  ozone.MiniOzoneClusterImpl (MiniOzoneClusterImpl.java:lambda$waitForClusterToBeReady$0(217)) - Waiting for nodes to be ready. Got 2 of 3 DN Heartbeats.
2023-01-05 09:38:48,286 [Listener at 127.0.0.1/37423] INFO  ozone.MiniOzoneClusterImpl (MiniOzoneClusterImpl.java:lambda$waitForClusterToBeReady$0(220)) - Waiting for cluster to exit safe mode
2023-01-05 09:38:48,286 [Listener at 127.0.0.1/37423] INFO  ozone.MiniOzoneClusterImpl (MiniOzoneClusterImpl.java:lambda$waitForClusterToBeReady$0(222)) - SCM became leader
2023-01-05 09:38:48,299 [IPC Server handler 0 on default port 33345] INFO  net.NetworkTopologyImpl (NetworkTopologyImpl.java:add(112)) - Added a new node: /default-rack/e52e8f62-614f-4bab-8a16-f8f5fa61eddd
2023-01-05 09:38:48,300 [IPC Server handler 0 on default port 33345] INFO  node.SCMNodeManager (SCMNodeManager.java:register(397)) - Registered Data node : e52e8f62-614f-4bab-8a16-f8f5fa61eddd{ip: 10.1.0.15, host: fv-az459-169.msq0az1vewme3jsxyslsv0htic.jx.internal.cloudapp.net, ports: [REPLICATION=37973, RATIS=32835, RATIS_ADMIN=32835, RATIS_SERVER=32835, RATIS_DATASTREAM=45529, STANDALONE=38611], networkLocation: /default-rack, certSerialId: null, persistedOpState: null, persistedOpStateExpiryEpochSec: 0}
2023-01-05 09:38:48,300 | INFO  | SCMAudit | user=runner | ip=10.1.0.15 | op=REGISTER {datanodeDetails=e52e8f62-614f-4bab-8a16-f8f5fa61eddd{ip: 10.1.0.15, host: fv-az459-169.msq0az1vewme3jsxyslsv0htic.jx.internal.cloudapp.net, ports: [REPLICATION=37973, RATIS=32835, RATIS_ADMIN=32835, RATIS_SERVER=32835, RATIS_DATASTREAM=45529, STANDALONE=38611], networkLocation: /default-rack, certSerialId: null, persistedOpState: null, persistedOpStateExpiryEpochSec: 0}} | ret=SUCCESS |  
2023-01-05 09:38:48,301 [EventQueue-NewNodeForNewNodeHandler] INFO  pipeline.BackgroundPipelineCreator (BackgroundPipelineCreator.java:notifyEventTriggered(276)) - trigger a one-shot run on RatisPipelineUtilsThread.
2023-01-05 09:38:48,301 [EventQueue-NodeRegistrationContainerReportForDataNodeSafeModeRule] INFO  safemode.SCMSafeModeManager (DataNodeSafeModeRule.java:process(71)) - SCM in safe mode. 3 DataNodes registered, 3 required.
2023-01-05 09:38:48,301 [EventQueue-NodeRegistrationContainerReportForDataNodeSafeModeRule] INFO  safemode.SCMSafeModeManager (SCMSafeModeManager.java:validateSafeModeExitRules(200)) - DataNodeSafeModeRule rule is successfully validated
2023-01-05 09:38:48,301 [EventQueue-NodeRegistrationContainerReportForDataNodeSafeModeRule] INFO  safemode.SCMSafeModeManager (SCMSafeModeManager.java:completePreCheck(229)) - All SCM safe mode pre check rules have passed
2023-01-05 09:38:48,301 [EventQueue-NodeRegistrationContainerReportForDataNodeSafeModeRule] INFO  ha.SCMContext (SCMContext.java:updateSafeModeStatus(228)) - Update SafeModeStatus from SafeModeStatus{safeModeStatus=true, preCheckPassed=false} to SafeModeStatus{safeModeStatus=true, preCheckPassed=true}.
2023-01-05 09:38:48,301 [EventQueue-NodeRegistrationContainerReportForDataNodeSafeModeRule] INFO  pipeline.BackgroundPipelineCreator (BackgroundPipelineCreator.java:notifyEventTriggered(276)) - trigger a one-shot run on RatisPipelineUtilsThread.
2023-01-05 09:38:48,302 [RatisPipelineUtilsThread - 0] INFO  pipeline.RatisPipelineProvider (RatisPipelineProvider.java:lambda$create$0(206)) - Sending CreatePipelineCommand for pipeline:PipelineID=a0066395-a434-4539-865c-fbfa52682a5d to datanode:e52e8f62-614f-4bab-8a16-f8f5fa61eddd
2023-01-05 09:38:48,303 [RatisPipelineUtilsThread - 0] INFO  pipeline.PipelineStateManagerImpl (PipelineStateManagerImpl.java:addPipeline(103)) - Created pipeline Pipeline[ Id: a0066395-a434-4539-865c-fbfa52682a5d, Nodes: e52e8f62-614f-4bab-8a16-f8f5fa61eddd{ip: 10.1.0.15, host: fv-az459-169.msq0az1vewme3jsxyslsv0htic.jx.internal.cloudapp.net, ports: [REPLICATION=37973, RATIS=32835, RATIS_ADMIN=32835, RATIS_SERVER=32835, RATIS_DATASTREAM=45529, STANDALONE=38611], networkLocation: /default-rack, certSerialId: null, persistedOpState: IN_SERVICE, persistedOpStateExpiryEpochSec: 0}, ReplicationConfig: RATIS/ONE, State:ALLOCATED, leaderId:, CreationTimestamp2023-01-05T09:38:48.302Z[Etc/UTC]].
2023-01-05 09:38:48,308 [RatisPipelineUtilsThread - 0] INFO  pipeline.RatisPipelineProvider (RatisPipelineProvider.java:lambda$create$0(206)) - Sending CreatePipelineCommand for pipeline:PipelineID=83043037-19a9-4d46-a2aa-c97e1ce4ecf8 to datanode:e52e8f62-614f-4bab-8a16-f8f5fa61eddd
2023-01-05 09:38:48,308 [RatisPipelineUtilsThread - 0] INFO  pipeline.RatisPipelineProvider (RatisPipelineProvider.java:lambda$create$0(206)) - Sending CreatePipelineCommand for pipeline:PipelineID=83043037-19a9-4d46-a2aa-c97e1ce4ecf8 to datanode:990d1a38-ec81-4b28-afef-59db27651b98
2023-01-05 09:38:48,308 [RatisPipelineUtilsThread - 0] INFO  pipeline.RatisPipelineProvider (RatisPipelineProvider.java:lambda$create$0(206)) - Sending CreatePipelineCommand for pipeline:PipelineID=83043037-19a9-4d46-a2aa-c97e1ce4ecf8 to datanode:f6bfd639-f08e-437c-ab3a-d66c7a0f1667
2023-01-05 09:38:48,309 [RatisPipelineUtilsThread - 0] INFO  pipeline.PipelineStateManagerImpl (PipelineStateManagerImpl.java:addPipeline(103)) - Created pipeline Pipeline[ Id: 83043037-19a9-4d46-a2aa-c97e1ce4ecf8, Nodes: e52e8f62-614f-4bab-8a16-f8f5fa61eddd{ip: 10.1.0.15, host: fv-az459-169.msq0az1vewme3jsxyslsv0htic.jx.internal.cloudapp.net, ports: [REPLICATION=37973, RATIS=32835, RATIS_ADMIN=32835, RATIS_SERVER=32835, RATIS_DATASTREAM=45529, STANDALONE=38611], networkLocation: /default-rack, certSerialId: null, persistedOpState: IN_SERVICE, persistedOpStateExpiryEpochSec: 0}990d1a38-ec81-4b28-afef-59db27651b98{ip: 10.1.0.15, host: fv-az459-169.msq0az1vewme3jsxyslsv0htic.jx.internal.cloudapp.net, ports: [REPLICATION=35425, RATIS=38013, RATIS_ADMIN=38013, RATIS_SERVER=38013, RATIS_DATASTREAM=41075, STANDALONE=38051], networkLocation: /default-rack, certSerialId: null, persistedOpState: IN_SERVICE, persistedOpStateExpiryEpochSec: 0}f6bfd639-f08e-437c-ab3a-d66c7a0f1667{ip: 10.1.0.15, host: fv-az459-169.msq0az1vewme3jsxyslsv0htic.jx.internal.cloudapp.net, ports: [REPLICATION=44533, RATIS=34483, RATIS_ADMIN=34483, RATIS_SERVER=34483, RATIS_DATASTREAM=45565, STANDALONE=45395], networkLocation: /default-rack, certSerialId: null, persistedOpState: IN_SERVICE, persistedOpStateExpiryEpochSec: 0}, ReplicationConfig: RATIS/THREE, State:ALLOCATED, leaderId:, CreationTimestamp2023-01-05T09:38:48.308Z[Etc/UTC]].
2023-01-05 09:38:48,310 [RatisPipelineUtilsThread - 0] INFO  pipeline.RatisPipelineProvider (RatisPipelineProvider.java:lambda$create$0(206)) - Sending CreatePipelineCommand for pipeline:PipelineID=a7876653-673e-4d23-890a-c1dfa7ce67bb to datanode:990d1a38-ec81-4b28-afef-59db27651b98
2023-01-05 09:38:48,311 [RatisPipelineUtilsThread - 0] INFO  pipeline.RatisPipelineProvider (RatisPipelineProvider.java:lambda$create$0(206)) - Sending CreatePipelineCommand for pipeline:PipelineID=a7876653-673e-4d23-890a-c1dfa7ce67bb to datanode:f6bfd639-f08e-437c-ab3a-d66c7a0f1667
2023-01-05 09:38:48,311 [RatisPipelineUtilsThread - 0] INFO  pipeline.RatisPipelineProvider (RatisPipelineProvider.java:lambda$create$0(206)) - Sending CreatePipelineCommand for pipeline:PipelineID=a7876653-673e-4d23-890a-c1dfa7ce67bb to datanode:e52e8f62-614f-4bab-8a16-f8f5fa61eddd
2023-01-05 09:38:48,311 [RatisPipelineUtilsThread - 0] INFO  pipeline.PipelineStateManagerImpl (PipelineStateManagerImpl.java:addPipeline(103)) - Created pipeline Pipeline[ Id: a7876653-673e-4d23-890a-c1dfa7ce67bb, Nodes: 990d1a38-ec81-4b28-afef-59db27651b98{ip: 10.1.0.15, host: fv-az459-169.msq0az1vewme3jsxyslsv0htic.jx.internal.cloudapp.net, ports: [REPLICATION=35425, RATIS=38013, RATIS_ADMIN=38013, RATIS_SERVER=38013, RATIS_DATASTREAM=41075, STANDALONE=38051], networkLocation: /default-rack, certSerialId: null, persistedOpState: IN_SERVICE, persistedOpStateExpiryEpochSec: 0}f6bfd639-f08e-437c-ab3a-d66c7a0f1667{ip: 10.1.0.15, host: fv-az459-169.msq0az1vewme3jsxyslsv0htic.jx.internal.cloudapp.net, ports: [REPLICATION=44533, RATIS=34483, RATIS_ADMIN=34483, RATIS_SERVER=34483, RATIS_DATASTREAM=45565, STANDALONE=45395], networkLocation: /default-rack, certSerialId: null, persistedOpState: IN_SERVICE, persistedOpStateExpiryEpochSec: 0}e52e8f62-614f-4bab-8a16-f8f5fa61eddd{ip: 10.1.0.15, host: fv-az459-169.msq0az1vewme3jsxyslsv0htic.jx.internal.cloudapp.net, ports: [REPLICATION=37973, RATIS=32835, RATIS_ADMIN=32835, RATIS_SERVER=32835, RATIS_DATASTREAM=45529, STANDALONE=38611], networkLocation: /default-rack, certSerialId: null, persistedOpState: IN_SERVICE, persistedOpStateExpiryEpochSec: 0}, ReplicationConfig: RATIS/THREE, State:ALLOCATED, leaderId:, CreationTimestamp2023-01-05T09:38:48.310Z[Etc/UTC]].
2023-01-05 09:38:48,312 [RatisPipelineUtilsThread - 0] INFO  pipeline.PipelineManagerImpl (PipelineManagerImpl.java:recordMetricsForPipeline(826)) - Pipeline: PipelineID=a7876653-673e-4d23-890a-c1dfa7ce67bb contains same datanodes as previous pipelines: PipelineID=83043037-19a9-4d46-a2aa-c97e1ce4ecf8 nodeIds: 990d1a38-ec81-4b28-afef-59db27651b98, f6bfd639-f08e-437c-ab3a-d66c7a0f1667, e52e8f62-614f-4bab-8a16-f8f5fa61eddd
2023-01-05 09:38:48,314 [RatisPipelineUtilsThread - 0] WARN  pipeline.PipelinePlacementPolicy (PipelinePlacementPolicy.java:filterViableNodes(158)) - Pipeline creation failed due to no sufficient healthy datanodes. Required 3. Found 0.
2023-01-05 09:38:48,317 [RatisPipelineUtilsThread - 0] WARN  pipeline.PipelinePlacementPolicy (PipelinePlacementPolicy.java:filterViableNodes(158)) - Pipeline creation failed due to no sufficient healthy datanodes. Required 3. Found 0.
2023-01-05 09:38:49,286 [Listener at 127.0.0.1/37423] INFO  ozone.MiniOzoneClusterImpl (MiniOzoneClusterImpl.java:lambda$waitForClusterToBeReady$0(217)) - Nodes are ready. Got 3 of 3 DN Heartbeats.
2023-01-05 09:38:49,287 [Listener at 127.0.0.1/37423] INFO  ozone.MiniOzoneClusterImpl (MiniOzoneClusterImpl.java:lambda$waitForClusterToBeReady$0(220)) - Waiting for cluster to exit safe mode
2023-01-05 09:38:49,287 [Listener at 127.0.0.1/37423] INFO  ozone.MiniOzoneClusterImpl (MiniOzoneClusterImpl.java:lambda$waitForClusterToBeReady$0(222)) - SCM became leader
2023-01-05 09:38:49,363 [EventQueue-CommandQueueReportForCommandQueueReportHandler] WARN  events.EventQueue (EventQueue.java:fireEvent(216)) - No event handler registered for event TypedEvent{payloadType=DatanodeDetails, name='Datanode_Command_Queue_Updated'}
2023-01-05 09:38:49,431 | INFO  | SCMAudit | user=runner | ip=10.1.0.15 | op=SEND_HEARTBEAT {datanodeUUID=990d1a38-ec81-4b28-afef-59db27651b98, term=-1, command=[commandType: createPipelineCommand createPipelineCommandProto { pipelineID { id: "724a5233-e8e8-4bdc-b877-e6abdc2a7e83" uuid128 { mostSigBits: 8235485251504720860 leastSigBits: -5154397622694674813 } } type: RATIS factor: ONE datanode { uuid: "990d1a38-ec81-4b28-afef-59db27651b98" ipAddress: "10.1.0.15" hostName: "fv-az459-169.msq0az1vewme3jsxyslsv0htic.jx.internal.cloudapp.net" ports { name: "REPLICATION" value: 35425 } ports { name: "RATIS" value: 38013 } ports { name: "RATIS_ADMIN" value: 38013 } ports { name: "RATIS_SERVER" value: 38013 } ports { name: "RATIS_DATASTREAM" value: 41075 } ports { name: "STANDALONE" value: 38051 } networkName: "990d1a38-ec81-4b28-afef-59db27651b98" networkLocation: "/default-rack" persistedOpState: IN_SERVICE persistedOpStateExpiry: 0 uuid128 { mostSigBits: -7418244179420951768 leastSigBits: -5769293799844668520 } } cmdId: 1672911527395 priority: 1 } term: -1 encodedToken: "" deadlineMsSinceEpoch: 0 , commandType: createPipelineCommand createPipelineCommandProto { pipelineID { id: "83043037-19a9-4d46-a2aa-c97e1ce4ecf8" uuid128 { mostSigBits: -9006020341622289082 leastSigBits: -6725341550036587272 } } type: RATIS factor: THREE datanode { uuid: "e52e8f62-614f-4bab-8a16-f8f5fa61eddd" ipAddress: "10.1.0.15" hostName: "fv-az459-169.msq0az1vewme3jsxyslsv0htic.jx.internal.cloudapp.net" ports { name: "REPLICATION" value: 37973 } ports { name: "RATIS" value: 32835 } ports { name: "RATIS_ADMIN" value: 32835 } ports { name: "RATIS_SERVER" value: 32835 } ports { name: "RATIS_DATASTREAM" value: 45529 } ports { name: "STANDALONE" value: 38611 } networkName: "e52e8f62-614f-4bab-8a16-f8f5fa61eddd" networkLocation: "/default-rack" persistedOpState: IN_SERVICE persistedOpStateExpiry: 0 uuid128 { mostSigBits: -1932449537393210453 leastSigBits: -8496329911636464163 } } datanode { uuid: "990d1a38-ec81-4b28-afef-59db27651b98" ipAddress: "10.1.0.15" hostName: "fv-az459-169.msq0az1vewme3jsxyslsv0htic.jx.internal.cloudapp.net" ports { name: "REPLICATION" value: 35425 } ports { name: "RATIS" value: 38013 } ports { name: "RATIS_ADMIN" value: 38013 } ports { name: "RATIS_SERVER" value: 38013 } ports { name: "RATIS_DATASTREAM" value: 41075 } ports { name: "STANDALONE" value: 38051 } networkName: "990d1a38-ec81-4b28-afef-59db27651b98" networkLocation: "/default-rack" persistedOpState: IN_SERVICE persistedOpStateExpiry: 0 uuid128 { mostSigBits: -7418244179420951768 leastSigBits: -5769293799844668520 } } datanode { uuid: "f6bfd639-f08e-437c-ab3a-d66c7a0f1667" ipAddress: "10.1.0.15" hostName: "fv-az459-169.msq0az1vewme3jsxyslsv0htic.jx.internal.cloudapp.net" ports { name: "REPLICATION" value: 44533 } ports { name: "RATIS" value: 34483 } ports { name: "RATIS_ADMIN" value: 34483 } ports { name: "RATIS_SERVER" value: 34483 } ports { name: "RATIS_DATASTREAM" value: 45565 } ports { name: "STANDALONE" value: 45395 } networkName: "f6bfd639-f08e-437c-ab3a-d66c7a0f1667" networkLocation: "/default-rack" persistedOpState: IN_SERVICE persistedOpStateExpiry: 0 uuid128 { mostSigBits: -666578675490208900 leastSigBits: -6108334183182035353 } } cmdId: 1672911527398 priority: 0 priority: 1 priority: 0 } term: -1 encodedToken: "" deadlineMsSinceEpoch: 0 , commandType: createPipelineCommand createPipelineCommandProto { pipelineID { id: "a7876653-673e-4d23-890a-c1dfa7ce67bb" uuid128 { mostSigBits: -6375014239119192797 leastSigBits: -8571825774409128005 } } type: RATIS factor: THREE datanode { uuid: "990d1a38-ec81-4b28-afef-59db27651b98" ipAddress: "10.1.0.15" hostName: "fv-az459-169.msq0az1vewme3jsxyslsv0htic.jx.internal.cloudapp.net" ports { name: "REPLICATION" value: 35425 } ports { name: "RATIS" value: 38013 } ports { name: "RATIS_ADMIN" value: 38013 } ports { name: "RATIS_SERVER" value: 38013 } ports { name: "RATIS_DATASTREAM" value: 41075 } ports { name: "STANDALONE" value: 38051 } networkName: "990d1a38-ec81-4b28-afef-59db27651b98" networkLocation: "/default-rack" persistedOpState: IN_SERVICE persistedOpStateExpiry: 0 uuid128 { mostSigBits: -7418244179420951768 leastSigBits: -5769293799844668520 } } datanode { uuid: "f6bfd639-f08e-437c-ab3a-d66c7a0f1667" ipAddress: "10.1.0.15" hostName: "fv-az459-169.msq0az1vewme3jsxyslsv0htic.jx.internal.cloudapp.net" ports { name: "REPLICATION" value: 44533 } ports { name: "RATIS" value: 34483 } ports { name: "RATIS_ADMIN" value: 34483 } ports { name: "RATIS_SERVER" value: 34483 } ports { name: "RATIS_DATASTREAM" value: 45565 } ports { name: "STANDALONE" value: 45395 } networkName: "f6bfd639-f08e-437c-ab3a-d66c7a0f1667" networkLocation: "/default-rack" persistedOpState: IN_SERVICE persistedOpStateExpiry: 0 uuid128 { mostSigBits: -666578675490208900 leastSigBits: -6108334183182035353 } } datanode { uuid: "e52e8f62-614f-4bab-8a16-f8f5fa61eddd" ipAddress: "10.1.0.15" hostName: "fv-az459-169.msq0az1vewme3jsxyslsv0htic.jx.internal.cloudapp.net" ports { name: "REPLICATION" value: 37973 } ports { name: "RATIS" value: 32835 } ports { name: "RATIS_ADMIN" value: 32835 } ports { name: "RATIS_SERVER" value: 32835 } ports { name: "RATIS_DATASTREAM" value: 45529 } ports { name: "STANDALONE" value: 38611 } networkName: "e52e8f62-614f-4bab-8a16-f8f5fa61eddd" networkLocation: "/default-rack" persistedOpState: IN_SERVICE persistedOpStateExpiry: 0 uuid128 { mostSigBits: -1932449537393210453 leastSigBits: -8496329911636464163 } } cmdId: 1672911527399 priority: 0 priority: 0 priority: 1 } term: -1 encodedToken: "" deadlineMsSinceEpoch: 0 ]} | ret=SUCCESS |  
2023-01-05 09:38:49,843 [EventQueue-CommandQueueReportForCommandQueueReportHandler] WARN  events.EventQueue (EventQueue.java:fireEvent(216)) - No event handler registered for event TypedEvent{payloadType=DatanodeDetails, name='Datanode_Command_Queue_Updated'}
2023-01-05 09:38:49,846 | INFO  | SCMAudit | user=runner | ip=10.1.0.15 | op=SEND_HEARTBEAT {datanodeUUID=f6bfd639-f08e-437c-ab3a-d66c7a0f1667, term=-1, command=[commandType: createPipelineCommand createPipelineCommandProto { pipelineID { id: "e5f90b5d-72d2-496d-8c74-e0dd2bd10eb4" uuid128 { mostSigBits: -1875455273836852883 leastSigBits: -8325782570573689164 } } type: RATIS factor: ONE datanode { uuid: "f6bfd639-f08e-437c-ab3a-d66c7a0f1667" ipAddress: "10.1.0.15" hostName: "fv-az459-169.msq0az1vewme3jsxyslsv0htic.jx.internal.cloudapp.net" ports { name: "REPLICATION" value: 44533 } ports { name: "RATIS" value: 34483 } ports { name: "RATIS_ADMIN" value: 34483 } ports { name: "RATIS_SERVER" value: 34483 } ports { name: "RATIS_DATASTREAM" value: 45565 } ports { name: "STANDALONE" value: 45395 } networkName: "f6bfd639-f08e-437c-ab3a-d66c7a0f1667" networkLocation: "/default-rack" persistedOpState: IN_SERVICE persistedOpStateExpiry: 0 uuid128 { mostSigBits: -666578675490208900 leastSigBits: -6108334183182035353 } } cmdId: 1672911527396 priority: 1 } term: -1 encodedToken: "" deadlineMsSinceEpoch: 0 , commandType: createPipelineCommand createPipelineCommandProto { pipelineID { id: "83043037-19a9-4d46-a2aa-c97e1ce4ecf8" uuid128 { mostSigBits: -9006020341622289082 leastSigBits: -6725341550036587272 } } type: RATIS factor: THREE datanode { uuid: "e52e8f62-614f-4bab-8a16-f8f5fa61eddd" ipAddress: "10.1.0.15" hostName: "fv-az459-169.msq0az1vewme3jsxyslsv0htic.jx.internal.cloudapp.net" ports { name: "REPLICATION" value: 37973 } ports { name: "RATIS" value: 32835 } ports { name: "RATIS_ADMIN" value: 32835 } ports { name: "RATIS_SERVER" value: 32835 } ports { name: "RATIS_DATASTREAM" value: 45529 } ports { name: "STANDALONE" value: 38611 } networkName: "e52e8f62-614f-4bab-8a16-f8f5fa61eddd" networkLocation: "/default-rack" persistedOpState: IN_SERVICE persistedOpStateExpiry: 0 uuid128 { mostSigBits: -1932449537393210453 leastSigBits: -8496329911636464163 } } datanode { uuid: "990d1a38-ec81-4b28-afef-59db27651b98" ipAddress: "10.1.0.15" hostName: "fv-az459-169.msq0az1vewme3jsxyslsv0htic.jx.internal.cloudapp.net" ports { name: "REPLICATION" value: 35425 } ports { name: "RATIS" value: 38013 } ports { name: "RATIS_ADMIN" value: 38013 } ports { name: "RATIS_SERVER" value: 38013 } ports { name: "RATIS_DATASTREAM" value: 41075 } ports { name: "STANDALONE" value: 38051 } networkName: "990d1a38-ec81-4b28-afef-59db27651b98" networkLocation: "/default-rack" persistedOpState: IN_SERVICE persistedOpStateExpiry: 0 uuid128 { mostSigBits: -7418244179420951768 leastSigBits: -5769293799844668520 } } datanode { uuid: "f6bfd639-f08e-437c-ab3a-d66c7a0f1667" ipAddress: "10.1.0.15" hostName: "fv-az459-169.msq0az1vewme3jsxyslsv0htic.jx.internal.cloudapp.net" ports { name: "REPLICATION" value: 44533 } ports { name: "RATIS" value: 34483 } ports { name: "RATIS_ADMIN" value: 34483 } ports { name: "RATIS_SERVER" value: 34483 } ports { name: "RATIS_DATASTREAM" value: 45565 } ports { name: "STANDALONE" value: 45395 } networkName: "f6bfd639-f08e-437c-ab3a-d66c7a0f1667" networkLocation: "/default-rack" persistedOpState: IN_SERVICE persistedOpStateExpiry: 0 uuid128 { mostSigBits: -666578675490208900 leastSigBits: -6108334183182035353 } } cmdId: 1672911527398 priority: 0 priority: 1 priority: 0 } term: -1 encodedToken: "" deadlineMsSinceEpoch: 0 , commandType: createPipelineCommand createPipelineCommandProto { pipelineID { id: "a7876653-673e-4d23-890a-c1dfa7ce67bb" uuid128 { mostSigBits: -6375014239119192797 leastSigBits: -8571825774409128005 } } type: RATIS factor: THREE datanode { uuid: "990d1a38-ec81-4b28-afef-59db27651b98" ipAddress: "10.1.0.15" hostName: "fv-az459-169.msq0az1vewme3jsxyslsv0htic.jx.internal.cloudapp.net" ports { name: "REPLICATION" value: 35425 } ports { name: "RATIS" value: 38013 } ports { name: "RATIS_ADMIN" value: 38013 } ports { name: "RATIS_SERVER" value: 38013 } ports { name: "RATIS_DATASTREAM" value: 41075 } ports { name: "STANDALONE" value: 38051 } networkName: "990d1a38-ec81-4b28-afef-59db27651b98" networkLocation: "/default-rack" persistedOpState: IN_SERVICE persistedOpStateExpiry: 0 uuid128 { mostSigBits: -7418244179420951768 leastSigBits: -5769293799844668520 } } datanode { uuid: "f6bfd639-f08e-437c-ab3a-d66c7a0f1667" ipAddress: "10.1.0.15" hostName: "fv-az459-169.msq0az1vewme3jsxyslsv0htic.jx.internal.cloudapp.net" ports { name: "REPLICATION" value: 44533 } ports { name: "RATIS" value: 34483 } ports { name: "RATIS_ADMIN" value: 34483 } ports { name: "RATIS_SERVER" value: 34483 } ports { name: "RATIS_DATASTREAM" value: 45565 } ports { name: "STANDALONE" value: 45395 } networkName: "f6bfd639-f08e-437c-ab3a-d66c7a0f1667" networkLocation: "/default-rack" persistedOpState: IN_SERVICE persistedOpStateExpiry: 0 uuid128 { mostSigBits: -666578675490208900 leastSigBits: -6108334183182035353 } } datanode { uuid: "e52e8f62-614f-4bab-8a16-f8f5fa61eddd" ipAddress: "10.1.0.15" hostName: "fv-az459-169.msq0az1vewme3jsxyslsv0htic.jx.internal.cloudapp.net" ports { name: "REPLICATION" value: 37973 } ports { name: "RATIS" value: 32835 } ports { name: "RATIS_ADMIN" value: 32835 } ports { name: "RATIS_SERVER" value: 32835 } ports { name: "RATIS_DATASTREAM" value: 45529 } ports { name: "STANDALONE" value: 38611 } networkName: "e52e8f62-614f-4bab-8a16-f8f5fa61eddd" networkLocation: "/default-rack" persistedOpState: IN_SERVICE persistedOpStateExpiry: 0 uuid128 { mostSigBits: -1932449537393210453 leastSigBits: -8496329911636464163 } } cmdId: 1672911527399 priority: 0 priority: 0 priority: 1 } term: -1 encodedToken: "" deadlineMsSinceEpoch: 0 ]} | ret=SUCCESS |  
2023-01-05 09:38:50,287 [Listener at 127.0.0.1/37423] INFO  ozone.MiniOzoneClusterImpl (MiniOzoneClusterImpl.java:lambda$waitForClusterToBeReady$0(217)) - Nodes are ready. Got 3 of 3 DN Heartbeats.
2023-01-05 09:38:50,288 [Listener at 127.0.0.1/37423] INFO  ozone.MiniOzoneClusterImpl (MiniOzoneClusterImpl.java:lambda$waitForClusterToBeReady$0(220)) - Waiting for cluster to exit safe mode
2023-01-05 09:38:50,288 [Listener at 127.0.0.1/37423] INFO  ozone.MiniOzoneClusterImpl (MiniOzoneClusterImpl.java:lambda$waitForClusterToBeReady$0(222)) - SCM became leader
2023-01-05 09:38:50,301 [EventQueue-CommandQueueReportForCommandQueueReportHandler] WARN  events.EventQueue (EventQueue.java:fireEvent(216)) - No event handler registered for event TypedEvent{payloadType=DatanodeDetails, name='Datanode_Command_Queue_Updated'}
2023-01-05 09:38:50,304 | INFO  | SCMAudit | user=runner | ip=10.1.0.15 | op=SEND_HEARTBEAT {datanodeUUID=e52e8f62-614f-4bab-8a16-f8f5fa61eddd, term=-1, command=[commandType: createPipelineCommand createPipelineCommandProto { pipelineID { id: "a0066395-a434-4539-865c-fbfa52682a5d" uuid128 { mostSigBits: -6915730683424651975 leastSigBits: -8764853722226873763 } } type: RATIS factor: ONE datanode { uuid: "e52e8f62-614f-4bab-8a16-f8f5fa61eddd" ipAddress: "10.1.0.15" hostName: "fv-az459-169.msq0az1vewme3jsxyslsv0htic.jx.internal.cloudapp.net" ports { name: "REPLICATION" value: 37973 } ports { name: "RATIS" value: 32835 } ports { name: "RATIS_ADMIN" value: 32835 } ports { name: "RATIS_SERVER" value: 32835 } ports { name: "RATIS_DATASTREAM" value: 45529 } ports { name: "STANDALONE" value: 38611 } networkName: "e52e8f62-614f-4bab-8a16-f8f5fa61eddd" networkLocation: "/default-rack" persistedOpState: IN_SERVICE persistedOpStateExpiry: 0 uuid128 { mostSigBits: -1932449537393210453 leastSigBits: -8496329911636464163 } } cmdId: 1672911527397 priority: 1 } term: -1 encodedToken: "" deadlineMsSinceEpoch: 0 , commandType: createPipelineCommand createPipelineCommandProto { pipelineID { id: "83043037-19a9-4d46-a2aa-c97e1ce4ecf8" uuid128 { mostSigBits: -9006020341622289082 leastSigBits: -6725341550036587272 } } type: RATIS factor: THREE datanode { uuid: "e52e8f62-614f-4bab-8a16-f8f5fa61eddd" ipAddress: "10.1.0.15" hostName: "fv-az459-169.msq0az1vewme3jsxyslsv0htic.jx.internal.cloudapp.net" ports { name: "REPLICATION" value: 37973 } ports { name: "RATIS" value: 32835 } ports { name: "RATIS_ADMIN" value: 32835 } ports { name: "RATIS_SERVER" value: 32835 } ports { name: "RATIS_DATASTREAM" value: 45529 } ports { name: "STANDALONE" value: 38611 } networkName: "e52e8f62-614f-4bab-8a16-f8f5fa61eddd" networkLocation: "/default-rack" persistedOpState: IN_SERVICE persistedOpStateExpiry: 0 uuid128 { mostSigBits: -1932449537393210453 leastSigBits: -8496329911636464163 } } datanode { uuid: "990d1a38-ec81-4b28-afef-59db27651b98" ipAddress: "10.1.0.15" hostName: "fv-az459-169.msq0az1vewme3jsxyslsv0htic.jx.internal.cloudapp.net" ports { name: "REPLICATION" value: 35425 } ports { name: "RATIS" value: 38013 } ports { name: "RATIS_ADMIN" value: 38013 } ports { name: "RATIS_SERVER" value: 38013 } ports { name: "RATIS_DATASTREAM" value: 41075 } ports { name: "STANDALONE" value: 38051 } networkName: "990d1a38-ec81-4b28-afef-59db27651b98" networkLocation: "/default-rack" persistedOpState: IN_SERVICE persistedOpStateExpiry: 0 uuid128 { mostSigBits: -7418244179420951768 leastSigBits: -5769293799844668520 } } datanode { uuid: "f6bfd639-f08e-437c-ab3a-d66c7a0f1667" ipAddress: "10.1.0.15" hostName: "fv-az459-169.msq0az1vewme3jsxyslsv0htic.jx.internal.cloudapp.net" ports { name: "REPLICATION" value: 44533 } ports { name: "RATIS" value: 34483 } ports { name: "RATIS_ADMIN" value: 34483 } ports { name: "RATIS_SERVER" value: 34483 } ports { name: "RATIS_DATASTREAM" value: 45565 } ports { name: "STANDALONE" value: 45395 } networkName: "f6bfd639-f08e-437c-ab3a-d66c7a0f1667" networkLocation: "/default-rack" persistedOpState: IN_SERVICE persistedOpStateExpiry: 0 uuid128 { mostSigBits: -666578675490208900 leastSigBits: -6108334183182035353 } } cmdId: 1672911527398 priority: 0 priority: 1 priority: 0 } term: -1 encodedToken: "" deadlineMsSinceEpoch: 0 , commandType: createPipelineCommand createPipelineCommandProto { pipelineID { id: "a7876653-673e-4d23-890a-c1dfa7ce67bb" uuid128 { mostSigBits: -6375014239119192797 leastSigBits: -8571825774409128005 } } type: RATIS factor: THREE datanode { uuid: "990d1a38-ec81-4b28-afef-59db27651b98" ipAddress: "10.1.0.15" hostName: "fv-az459-169.msq0az1vewme3jsxyslsv0htic.jx.internal.cloudapp.net" ports { name: "REPLICATION" value: 35425 } ports { name: "RATIS" value: 38013 } ports { name: "RATIS_ADMIN" value: 38013 } ports { name: "RATIS_SERVER" value: 38013 } ports { name: "RATIS_DATASTREAM" value: 41075 } ports { name: "STANDALONE" value: 38051 } networkName: "990d1a38-ec81-4b28-afef-59db27651b98" networkLocation: "/default-rack" persistedOpState: IN_SERVICE persistedOpStateExpiry: 0 uuid128 { mostSigBits: -7418244179420951768 leastSigBits: -5769293799844668520 } } datanode { uuid: "f6bfd639-f08e-437c-ab3a-d66c7a0f1667" ipAddress: "10.1.0.15" hostName: "fv-az459-169.msq0az1vewme3jsxyslsv0htic.jx.internal.cloudapp.net" ports { name: "REPLICATION" value: 44533 } ports { name: "RATIS" value: 34483 } ports { name: "RATIS_ADMIN" value: 34483 } ports { name: "RATIS_SERVER" value: 34483 } ports { name: "RATIS_DATASTREAM" value: 45565 } ports { name: "STANDALONE" value: 45395 } networkName: "f6bfd639-f08e-437c-ab3a-d66c7a0f1667" networkLocation: "/default-rack" persistedOpState: IN_SERVICE persistedOpStateExpiry: 0 uuid128 { mostSigBits: -666578675490208900 leastSigBits: -6108334183182035353 } } datanode { uuid: "e52e8f62-614f-4bab-8a16-f8f5fa61eddd" ipAddress: "10.1.0.15" hostName: "fv-az459-169.msq0az1vewme3jsxyslsv0htic.jx.internal.cloudapp.net" ports { name: "REPLICATION" value: 37973 } ports { name: "RATIS" value: 32835 } ports { name: "RATIS_ADMIN" value: 32835 } ports { name: "RATIS_SERVER" value: 32835 } ports { name: "RATIS_DATASTREAM" value: 45529 } ports { name: "STANDALONE" value: 38611 } networkName: "e52e8f62-614f-4bab-8a16-f8f5fa61eddd" networkLocation: "/default-rack" persistedOpState: IN_SERVICE persistedOpStateExpiry: 0 uuid128 { mostSigBits: -1932449537393210453 leastSigBits: -8496329911636464163 } } cmdId: 1672911527399 priority: 0 priority: 0 priority: 1 } term: -1 encodedToken: "" deadlineMsSinceEpoch: 0 ]} | ret=SUCCESS |  
2023-01-05 09:38:50,354 | INFO  | SCMAudit | user=runner | ip=10.1.0.15 | op=SEND_HEARTBEAT {datanodeUUID=990d1a38-ec81-4b28-afef-59db27651b98, term=-1, command=[]} | ret=SUCCESS |  
2023-01-05 09:38:50,354 [EventQueue-CommandQueueReportForCommandQueueReportHandler] WARN  events.EventQueue (EventQueue.java:fireEvent(216)) - No event handler registered for event TypedEvent{payloadType=DatanodeDetails, name='Datanode_Command_Queue_Updated'}
2023-01-05 09:38:50,378 [Command processor thread] INFO  server.RaftServer (RaftServerProxy.java:addNew(96)) - 990d1a38-ec81-4b28-afef-59db27651b98: addNew group-E6ABDC2A7E83:[990d1a38-ec81-4b28-afef-59db27651b98|rpc:10.1.0.15:38013|dataStream:10.1.0.15:41075|priority:1|startupRole:FOLLOWER] returns group-E6ABDC2A7E83:java.util.concurrent.CompletableFuture@2e62d6f3[Not completed]
2023-01-05 09:38:50,392 [pool-71-thread-1] INFO  server.RaftServer$Division (RaftServerImpl.java:<init>(195)) - 990d1a38-ec81-4b28-afef-59db27651b98: new RaftServerImpl for group-E6ABDC2A7E83:[990d1a38-ec81-4b28-afef-59db27651b98|rpc:10.1.0.15:38013|dataStream:10.1.0.15:41075|priority:1|startupRole:FOLLOWER] with ContainerStateMachine:uninitialized
2023-01-05 09:38:50,392 [pool-71-thread-1] INFO  server.RaftServerConfigKeys (ConfUtils.java:logGet(46)) - raft.server.rpc.timeout.min = 5s (custom)
2023-01-05 09:38:50,392 [pool-71-thread-1] INFO  server.RaftServerConfigKeys (ConfUtils.java:logGet(46)) - raft.server.rpc.timeout.max = 5200ms (custom)
2023-01-05 09:38:50,392 [pool-71-thread-1] INFO  server.RaftServerConfigKeys (ConfUtils.java:logGet(46)) - raft.server.rpc.sleep.time = 25ms (default)
2023-01-05 09:38:50,392 [pool-71-thread-1] INFO  server.RaftServerConfigKeys (ConfUtils.java:logGet(46)) - raft.server.rpc.slowness.timeout = 300s (custom)
2023-01-05 09:38:50,392 [pool-71-thread-1] INFO  server.RaftServerConfigKeys (ConfUtils.java:logGet(46)) - raft.server.leaderelection.leader.step-down.wait-time = 10s (default)
2023-01-05 09:38:50,392 [pool-71-thread-1] INFO  server.RaftServerConfigKeys (ConfUtils.java:logGet(46)) - raft.server.sleep.deviation.threshold = 300ms (default)
2023-01-05 09:38:50,392 [pool-71-thread-1] INFO  server.RaftServer$Division (ServerState.java:<init>(118)) - 990d1a38-ec81-4b28-afef-59db27651b98@group-E6ABDC2A7E83: ConfigurationManager, init=-1: peers:[990d1a38-ec81-4b28-afef-59db27651b98|rpc:10.1.0.15:38013|dataStream:10.1.0.15:41075|priority:1|startupRole:FOLLOWER]|listeners:[], old=null, confs=<EMPTY_MAP>
2023-01-05 09:38:50,392 [pool-71-thread-1] INFO  server.RaftServerConfigKeys (ConfUtils.java:logGet(46)) - raft.server.storage.dir = [/home/runner/work/ozone/ozone/hadoop-ozone/integration-test/target/test-dir/MiniOzoneClusterImpl-b4cfd215-9b0e-48e6-9461-0a101ded37cf/datanode-0/data/ratis] (custom)
2023-01-05 09:38:50,393 [pool-71-thread-1] INFO  server.RaftServerConfigKeys (ConfUtils.java:logGet(46)) - raft.server.log.corruption.policy = EXCEPTION (default)
2023-01-05 09:38:50,393 [pool-71-thread-1] INFO  server.RaftServerConfigKeys (ConfUtils.java:logGet(46)) - raft.server.storage.free-space.min = 0MB (=0) (default)
2023-01-05 09:38:50,393 [pool-71-thread-1] INFO  server.RaftServerConfigKeys (ConfUtils.java:logGet(46)) - raft.server.notification.no-leader.timeout = 300s (custom)
2023-01-05 09:38:50,393 [pool-71-thread-1] INFO  server.RaftServerConfigKeys (ConfUtils.java:logGet(46)) - raft.server.retrycache.expirytime = 600000ms (custom)
2023-01-05 09:38:50,393 [pool-71-thread-1] INFO  server.RaftServerConfigKeys (ConfUtils.java:logGet(46)) - raft.server.retrycache.statistics.expirytime = 100μs (default)
2023-01-05 09:38:50,398 [pool-71-thread-1] INFO  server.RaftServerConfigKeys (ConfUtils.java:logGet(46)) - raft.server.log.appender.install.snapshot.enabled = false (custom)
2023-01-05 09:38:50,398 [pool-71-thread-1] INFO  server.RaftServerConfigKeys (ConfUtils.java:logGet(46)) - raft.server.threadpool.server.cached = true (default)
2023-01-05 09:38:50,398 [pool-71-thread-1] INFO  server.RaftServerConfigKeys (ConfUtils.java:logGet(46)) - raft.server.threadpool.server.size = 0 (default)
2023-01-05 09:38:50,398 [pool-71-thread-1] INFO  server.RaftServerConfigKeys (ConfUtils.java:logGet(46)) - raft.server.threadpool.client.cached = true (default)
2023-01-05 09:38:50,398 [pool-71-thread-1] INFO  server.RaftServerConfigKeys (ConfUtils.java:logGet(46)) - raft.server.threadpool.client.size = 0 (default)
2023-01-05 09:38:50,398 [pool-71-thread-1] INFO  storage.RaftStorageDirectory (RaftStorageDirectoryImpl.java:analyzeStorage(137)) - The storage directory /home/runner/work/ozone/ozone/hadoop-ozone/integration-test/target/test-dir/MiniOzoneClusterImpl-b4cfd215-9b0e-48e6-9461-0a101ded37cf/datanode-0/data/ratis/724a5233-e8e8-4bdc-b877-e6abdc2a7e83 does not exist. Creating ...
2023-01-05 09:38:50,400 [pool-71-thread-1] INFO  storage.RaftStorageDirectory (RaftStorageDirectoryImpl.java:tryLock(231)) - Lock on /home/runner/work/ozone/ozone/hadoop-ozone/integration-test/target/test-dir/MiniOzoneClusterImpl-b4cfd215-9b0e-48e6-9461-0a101ded37cf/datanode-0/data/ratis/724a5233-e8e8-4bdc-b877-e6abdc2a7e83/in_use.lock acquired by nodename 61261@fv-az459-169
2023-01-05 09:38:50,401 [pool-71-thread-1] INFO  storage.RaftStorage (RaftStorageImpl.java:format(96)) - Storage directory /home/runner/work/ozone/ozone/hadoop-ozone/integration-test/target/test-dir/MiniOzoneClusterImpl-b4cfd215-9b0e-48e6-9461-0a101ded37cf/datanode-0/data/ratis/724a5233-e8e8-4bdc-b877-e6abdc2a7e83 has been successfully formatted.
2023-01-05 09:38:50,406 [pool-71-thread-1] INFO  ratis.ContainerStateMachine (ContainerStateMachine.java:loadSnapshot(240)) - group-E6ABDC2A7E83: The snapshot info is null. Setting the last applied indexto:(t:0, i:~)
2023-01-05 09:38:50,406 [pool-71-thread-1] INFO  server.RaftServerConfigKeys (ConfUtils.java:logGet(46)) - raft.server.log.use.memory = false (default)
2023-01-05 09:38:50,407 [pool-71-thread-1] INFO  server.RaftServerConfigKeys (ConfUtils.java:logGet(46)) - raft.server.log.purge.gap = 1000000 (custom)
2023-01-05 09:38:50,407 [pool-71-thread-1] INFO  server.RaftServerConfigKeys (ConfUtils.java:logGet(46)) - raft.server.log.appender.buffer.byte-limit = 33554432 (custom)
2023-01-05 09:38:50,407 [pool-71-thread-1] INFO  server.RaftServerConfigKeys (ConfUtils.java:logGet(46)) - raft.server.log.statemachine.data.read.timeout = 1000ms (default)
2023-01-05 09:38:50,407 [pool-71-thread-1] INFO  server.RaftServerConfigKeys (ConfUtils.java:logGet(46)) - raft.server.log.purge.preservation.log.num = 0 (default)
2023-01-05 09:38:50,407 [pool-71-thread-1] INFO  server.RaftServerConfigKeys (ConfUtils.java:logGet(46)) - raft.server.log.segment.size.max = 1048576 (custom)
2023-01-05 09:38:50,408 [pool-71-thread-1] INFO  server.RaftServerConfigKeys (ConfUtils.java:logGet(46)) - raft.server.log.segment.cache.num.max = 2 (custom)
2023-01-05 09:38:50,408 [pool-71-thread-1] INFO  server.RaftServerConfigKeys (ConfUtils.java:logGet(46)) - raft.server.log.segment.cache.size.max = 200MB (=209715200) (default)
2023-01-05 09:38:50,408 [pool-71-thread-1] INFO  segmented.SegmentedRaftLogWorker (SegmentedRaftLogWorker.java:<init>(189)) - new 990d1a38-ec81-4b28-afef-59db27651b98@group-E6ABDC2A7E83-SegmentedRaftLogWorker for RaftStorageImpl:Storage Directory /home/runner/work/ozone/ozone/hadoop-ozone/integration-test/target/test-dir/MiniOzoneClusterImpl-b4cfd215-9b0e-48e6-9461-0a101ded37cf/datanode-0/data/ratis/724a5233-e8e8-4bdc-b877-e6abdc2a7e83
2023-01-05 09:38:50,408 [pool-71-thread-1] INFO  server.RaftServerConfigKeys (ConfUtils.java:logGet(46)) - raft.server.log.queue.byte-limit = 4294967296 (custom)
2023-01-05 09:38:50,408 [pool-71-thread-1] INFO  server.RaftServerConfigKeys (ConfUtils.java:logGet(46)) - raft.server.log.queue.element-limit = 1024 (custom)
2023-01-05 09:38:50,408 [pool-71-thread-1] INFO  server.RaftServerConfigKeys (ConfUtils.java:logGet(46)) - raft.server.log.segment.size.max = 1048576 (custom)
2023-01-05 09:38:50,408 [pool-71-thread-1] INFO  server.RaftServerConfigKeys (ConfUtils.java:logGet(46)) - raft.server.log.preallocated.size = 16384 (custom)
2023-01-05 09:38:50,408 [pool-71-thread-1] INFO  server.RaftServerConfigKeys (ConfUtils.java:logGet(46)) - raft.server.log.force.sync.num = 128 (default)
2023-01-05 09:38:50,408 [pool-71-thread-1] INFO  server.RaftServerConfigKeys (ConfUtils.java:logGet(46)) - raft.server.log.statemachine.data.sync = true (default)
2023-01-05 09:38:50,408 [pool-71-thread-1] INFO  server.RaftServerConfigKeys (ConfUtils.java:logGet(46)) - raft.server.log.statemachine.data.sync.timeout = 10s (default)
2023-01-05 09:38:50,408 [pool-71-thread-1] INFO  server.RaftServerConfigKeys (ConfUtils.java:logGet(46)) - raft.server.log.statemachine.data.sync.timeout.retry = -1 (default)
2023-01-05 09:38:50,409 [pool-71-thread-1] INFO  server.RaftServerConfigKeys (ConfUtils.java:logGet(46)) - raft.server.log.write.buffer.size = 1048576 (custom)
2023-01-05 09:38:50,410 [pool-71-thread-1] INFO  server.RaftServerConfigKeys (ConfUtils.java:logGet(46)) - raft.server.log.appender.buffer.byte-limit = 33554432 (custom)
2023-01-05 09:38:50,415 [pool-71-thread-1] INFO  server.RaftServerConfigKeys (ConfUtils.java:logGet(46)) - raft.server.log.unsafe-flush.enabled = false (default)
2023-01-05 09:38:50,415 [pool-71-thread-1] INFO  server.RaftServerConfigKeys (ConfUtils.java:logGet(46)) - raft.server.log.async-flush.enabled = false (default)
2023-01-05 09:38:50,415 [pool-71-thread-1] INFO  server.RaftServerConfigKeys (ConfUtils.java:logGet(46)) - raft.server.log.statemachine.data.caching.enabled = true (custom)
2023-01-05 09:38:50,416 [pool-71-thread-1] INFO  segmented.SegmentedRaftLogWorker (SegmentedRaftLogWorker.java:lambda$new$0(135)) - 990d1a38-ec81-4b28-afef-59db27651b98@group-E6ABDC2A7E83-SegmentedRaftLogWorker: flushIndex: setUnconditionally 0 -> -1
2023-01-05 09:38:50,416 [pool-71-thread-1] INFO  segmented.SegmentedRaftLogWorker (SegmentedRaftLogWorker.java:lambda$new$0(135)) - 990d1a38-ec81-4b28-afef-59db27651b98@group-E6ABDC2A7E83-SegmentedRaftLogWorker: safeCacheEvictIndex: setUnconditionally 0 -> -1
2023-01-05 09:38:50,416 [pool-71-thread-1] INFO  server.RaftServer$Division (RaftServerImpl.java:start(334)) - 990d1a38-ec81-4b28-afef-59db27651b98@group-E6ABDC2A7E83: start as a follower, conf=-1: peers:[990d1a38-ec81-4b28-afef-59db27651b98|rpc:10.1.0.15:38013|dataStream:10.1.0.15:41075|priority:1|startupRole:FOLLOWER]|listeners:[], old=null
2023-01-05 09:38:50,416 [pool-71-thread-1] INFO  server.RaftServer$Division (RaftServerImpl.java:setRole(321)) - 990d1a38-ec81-4b28-afef-59db27651b98@group-E6ABDC2A7E83: changes role from      null to FOLLOWER at term 0 for startAsFollower
2023-01-05 09:38:50,416 [pool-71-thread-1] INFO  impl.RoleInfo (RoleInfo.java:updateAndGet(139)) - 990d1a38-ec81-4b28-afef-59db27651b98: start 990d1a38-ec81-4b28-afef-59db27651b98@group-E6ABDC2A7E83-FollowerState
2023-01-05 09:38:50,416 [pool-71-thread-1] INFO  util.JmxRegister (JmxRegister.java:tryRegister(44)) - Successfully registered JMX Bean with object name Ratis:service=RaftServer,group=group-E6ABDC2A7E83,id=990d1a38-ec81-4b28-afef-59db27651b98
2023-01-05 09:38:50,416 [pool-71-thread-1] INFO  server.RaftServerConfigKeys (ConfUtils.java:logGet(46)) - raft.server.snapshot.auto.trigger.enabled = true (custom)
2023-01-05 09:38:50,416 [pool-71-thread-1] INFO  server.RaftServerConfigKeys (ConfUtils.java:logGet(46)) - raft.server.snapshot.auto.trigger.threshold = 10000 (custom)
2023-01-05 09:38:50,417 [pool-71-thread-1] INFO  server.RaftServerConfigKeys (ConfUtils.java:logGet(46)) - raft.server.snapshot.retention.file.num = 5 (custom)
2023-01-05 09:38:50,417 [pool-71-thread-1] INFO  server.RaftServerConfigKeys (ConfUtils.java:logGet(46)) - raft.server.log.purge.upto.snapshot.index = false (default)
2023-01-05 09:38:50,417 [990d1a38-ec81-4b28-afef-59db27651b98@group-E6ABDC2A7E83-FollowerState] INFO  server.RaftServerConfigKeys (ConfUtils.java:logFallback(53)) - raft.server.rpc.first-election.timeout.min = 5s (fallback to raft.server.rpc.timeout.min)
2023-01-05 09:38:50,417 [990d1a38-ec81-4b28-afef-59db27651b98@group-E6ABDC2A7E83-FollowerState] INFO  server.RaftServerConfigKeys (ConfUtils.java:logFallback(53)) - raft.server.rpc.first-election.timeout.max = 5200ms (fallback to raft.server.rpc.timeout.max)
2023-01-05 09:38:50,431 | INFO  | SCMAudit | user=runner | ip=10.1.0.15 | op=SEND_HEARTBEAT {datanodeUUID=990d1a38-ec81-4b28-afef-59db27651b98, term=-1, command=[]} | ret=SUCCESS |  
2023-01-05 09:38:50,431 [Command processor thread] INFO  ratis.XceiverServerRatis (XceiverServerRatis.java:addGroup(806)) - Created group PipelineID=724a5233-e8e8-4bdc-b877-e6abdc2a7e83
2023-01-05 09:38:50,432 [EventQueue-CommandQueueReportForCommandQueueReportHandler] WARN  events.EventQueue (EventQueue.java:fireEvent(216)) - No event handler registered for event TypedEvent{payloadType=DatanodeDetails, name='Datanode_Command_Queue_Updated'}
2023-01-05 09:38:50,433 [Command processor thread] INFO  commandhandler.CreatePipelineCommandHandler (CreatePipelineCommandHandler.java:handle(113)) - Created Pipeline RATIS ONE PipelineID=724a5233-e8e8-4bdc-b877-e6abdc2a7e83.
2023-01-05 09:38:50,433 [Command processor thread] INFO  server.RaftServer (RaftServerProxy.java:addNew(96)) - 990d1a38-ec81-4b28-afef-59db27651b98: addNew group-C97E1CE4ECF8:[e52e8f62-614f-4bab-8a16-f8f5fa61eddd|rpc:10.1.0.15:32835|dataStream:10.1.0.15:45529|priority:0|startupRole:FOLLOWER, 990d1a38-ec81-4b28-afef-59db27651b98|rpc:10.1.0.15:38013|dataStream:10.1.0.15:41075|priority:1|startupRole:FOLLOWER, f6bfd639-f08e-437c-ab3a-d66c7a0f1667|rpc:10.1.0.15:34483|dataStream:10.1.0.15:45565|priority:0|startupRole:FOLLOWER] returns group-C97E1CE4ECF8:java.util.concurrent.CompletableFuture@470135aa[Not completed]
2023-01-05 09:38:50,432 [EventQueue-PipelineReportForPipelineReportHandler] INFO  pipeline.PipelineManagerImpl (PipelineManagerImpl.java:openPipeline(367)) - Pipeline Pipeline[ Id: 724a5233-e8e8-4bdc-b877-e6abdc2a7e83, Nodes: 990d1a38-ec81-4b28-afef-59db27651b98{ip: 10.1.0.15, host: fv-az459-169.msq0az1vewme3jsxyslsv0htic.jx.internal.cloudapp.net, ports: [REPLICATION=35425, RATIS=38013, RATIS_ADMIN=38013, RATIS_SERVER=38013, RATIS_DATASTREAM=41075, STANDALONE=38051], networkLocation: /default-rack, certSerialId: null, persistedOpState: IN_SERVICE, persistedOpStateExpiryEpochSec: 0}, ReplicationConfig: RATIS/ONE, State:ALLOCATED, leaderId:990d1a38-ec81-4b28-afef-59db27651b98, CreationTimestamp2023-01-05T09:38:47.393Z[Etc/UTC]] moved to OPEN state
2023-01-05 09:38:50,440 [EventQueue-OpenPipelineForHealthyPipelineSafeModeRule] INFO  safemode.SCMSafeModeManager (HealthyPipelineSafeModeRule.java:process(137)) - SCM in safe mode. Healthy pipelines reported count is 0, required healthy pipeline reported count is 1
2023-01-05 09:38:50,443 [pool-71-thread-1] INFO  server.RaftServer$Division (RaftServerImpl.java:<init>(195)) - 990d1a38-ec81-4b28-afef-59db27651b98: new RaftServerImpl for group-C97E1CE4ECF8:[e52e8f62-614f-4bab-8a16-f8f5fa61eddd|rpc:10.1.0.15:32835|dataStream:10.1.0.15:45529|priority:0|startupRole:FOLLOWER, 990d1a38-ec81-4b28-afef-59db27651b98|rpc:10.1.0.15:38013|dataStream:10.1.0.15:41075|priority:1|startupRole:FOLLOWER, f6bfd639-f08e-437c-ab3a-d66c7a0f1667|rpc:10.1.0.15:34483|dataStream:10.1.0.15:45565|priority:0|startupRole:FOLLOWER] with ContainerStateMachine:uninitialized
2023-01-05 09:38:50,444 [pool-71-thread-1] INFO  server.RaftServerConfigKeys (ConfUtils.java:logGet(46)) - raft.server.rpc.timeout.min = 5s (custom)
2023-01-05 09:38:50,444 [pool-71-thread-1] INFO  server.RaftServerConfigKeys (ConfUtils.java:logGet(46)) - raft.server.rpc.timeout.max = 5200ms (custom)
2023-01-05 09:38:50,445 [pool-71-thread-1] INFO  server.RaftServerConfigKeys (ConfUtils.java:logGet(46)) - raft.server.rpc.sleep.time = 25ms (default)
2023-01-05 09:38:50,445 [pool-71-thread-1] INFO  server.RaftServerConfigKeys (ConfUtils.java:logGet(46)) - raft.server.rpc.slowness.timeout = 300s (custom)
2023-01-05 09:38:50,445 [pool-71-thread-1] INFO  server.RaftServerConfigKeys (ConfUtils.java:logGet(46)) - raft.server.leaderelection.leader.step-down.wait-time = 10s (default)
2023-01-05 09:38:50,445 [pool-71-thread-1] INFO  server.RaftServerConfigKeys (ConfUtils.java:logGet(46)) - raft.server.sleep.deviation.threshold = 300ms (default)
2023-01-05 09:38:50,445 [pool-71-thread-1] INFO  server.RaftServer$Division (ServerState.java:<init>(118)) - 990d1a38-ec81-4b28-afef-59db27651b98@group-C97E1CE4ECF8: ConfigurationManager, init=-1: peers:[e52e8f62-614f-4bab-8a16-f8f5fa61eddd|rpc:10.1.0.15:32835|dataStream:10.1.0.15:45529|priority:0|startupRole:FOLLOWER, 990d1a38-ec81-4b28-afef-59db27651b98|rpc:10.1.0.15:38013|dataStream:10.1.0.15:41075|priority:1|startupRole:FOLLOWER, f6bfd639-f08e-437c-ab3a-d66c7a0f1667|rpc:10.1.0.15:34483|dataStream:10.1.0.15:45565|priority:0|startupRole:FOLLOWER]|listeners:[], old=null, confs=<EMPTY_MAP>
2023-01-05 09:38:50,445 [pool-71-thread-1] INFO  server.RaftServerConfigKeys (ConfUtils.java:logGet(46)) - raft.server.storage.dir = [/home/runner/work/ozone/ozone/hadoop-ozone/integration-test/target/test-dir/MiniOzoneClusterImpl-b4cfd215-9b0e-48e6-9461-0a101ded37cf/datanode-0/data/ratis] (custom)
2023-01-05 09:38:50,445 [pool-71-thread-1] INFO  server.RaftServerConfigKeys (ConfUtils.java:logGet(46)) - raft.server.log.corruption.policy = EXCEPTION (default)
2023-01-05 09:38:50,446 [pool-71-thread-1] INFO  server.RaftServerConfigKeys (ConfUtils.java:logGet(46)) - raft.server.storage.free-space.min = 0MB (=0) (default)
2023-01-05 09:38:50,446 [pool-71-thread-1] INFO  server.RaftServerConfigKeys (ConfUtils.java:logGet(46)) - raft.server.notification.no-leader.timeout = 300s (custom)
2023-01-05 09:38:50,446 [pool-71-thread-1] INFO  server.RaftServerConfigKeys (ConfUtils.java:logGet(46)) - raft.server.retrycache.expirytime = 600000ms (custom)
2023-01-05 09:38:50,446 [pool-71-thread-1] INFO  server.RaftServerConfigKeys (ConfUtils.java:logGet(46)) - raft.server.retrycache.statistics.expirytime = 100μs (default)
2023-01-05 09:38:50,449 [pool-71-thread-1] INFO  server.RaftServerConfigKeys (ConfUtils.java:logGet(46)) - raft.server.log.appender.install.snapshot.enabled = false (custom)
2023-01-05 09:38:50,449 [pool-71-thread-1] INFO  server.RaftServerConfigKeys (ConfUtils.java:logGet(46)) - raft.server.threadpool.server.cached = true (default)
2023-01-05 09:38:50,449 [pool-71-thread-1] INFO  server.RaftServerConfigKeys (ConfUtils.java:logGet(46)) - raft.server.threadpool.server.size = 0 (default)
2023-01-05 09:38:50,449 [pool-71-thread-1] INFO  server.RaftServerConfigKeys (ConfUtils.java:logGet(46)) - raft.server.threadpool.client.cached = true (default)
2023-01-05 09:38:50,449 [pool-71-thread-1] INFO  server.RaftServerConfigKeys (ConfUtils.java:logGet(46)) - raft.server.threadpool.client.size = 0 (default)
2023-01-05 09:38:50,449 [pool-71-thread-1] INFO  storage.RaftStorageDirectory (RaftStorageDirectoryImpl.java:analyzeStorage(137)) - The storage directory /home/runner/work/ozone/ozone/hadoop-ozone/integration-test/target/test-dir/MiniOzoneClusterImpl-b4cfd215-9b0e-48e6-9461-0a101ded37cf/datanode-0/data/ratis/83043037-19a9-4d46-a2aa-c97e1ce4ecf8 does not exist. Creating ...
2023-01-05 09:38:50,450 [pool-71-thread-1] INFO  storage.RaftStorageDirectory (RaftStorageDirectoryImpl.java:tryLock(231)) - Lock on /home/runner/work/ozone/ozone/hadoop-ozone/integration-test/target/test-dir/MiniOzoneClusterImpl-b4cfd215-9b0e-48e6-9461-0a101ded37cf/datanode-0/data/ratis/83043037-19a9-4d46-a2aa-c97e1ce4ecf8/in_use.lock acquired by nodename 61261@fv-az459-169
2023-01-05 09:38:50,451 [pool-71-thread-1] INFO  storage.RaftStorage (RaftStorageImpl.java:format(96)) - Storage directory /home/runner/work/ozone/ozone/hadoop-ozone/integration-test/target/test-dir/MiniOzoneClusterImpl-b4cfd215-9b0e-48e6-9461-0a101ded37cf/datanode-0/data/ratis/83043037-19a9-4d46-a2aa-c97e1ce4ecf8 has been successfully formatted.
2023-01-05 09:38:50,452 [pool-71-thread-1] INFO  ratis.ContainerStateMachine (ContainerStateMachine.java:loadSnapshot(240)) - group-C97E1CE4ECF8: The snapshot info is null. Setting the last applied indexto:(t:0, i:~)
2023-01-05 09:38:50,454 | INFO  | SCMAudit | user=runner | ip=10.1.0.15 | op=SEND_HEARTBEAT {datanodeUUID=990d1a38-ec81-4b28-afef-59db27651b98, term=-1, command=[]} | ret=SUCCESS |  
2023-01-05 09:38:50,452 [pool-71-thread-1] INFO  server.RaftServerConfigKeys (ConfUtils.java:logGet(46)) - raft.server.log.use.memory = false (default)
2023-01-05 09:38:50,454 [EventQueue-OpenPipelineForHealthyPipelineSafeModeRule] INFO  safemode.SCMSafeModeManager (HealthyPipelineSafeModeRule.java:process(137)) - SCM in safe mode. Healthy pipelines reported count is 0, required healthy pipeline reported count is 1
2023-01-05 09:38:50,454 [EventQueue-CommandQueueReportForCommandQueueReportHandler] WARN  events.EventQueue (EventQueue.java:fireEvent(216)) - No event handler registered for event TypedEvent{payloadType=DatanodeDetails, name='Datanode_Command_Queue_Updated'}
2023-01-05 09:38:50,458 [pool-71-thread-1] INFO  server.RaftServerConfigKeys (ConfUtils.java:logGet(46)) - raft.server.log.purge.gap = 1000000 (custom)
2023-01-05 09:38:50,458 [pool-71-thread-1] INFO  server.RaftServerConfigKeys (ConfUtils.java:logGet(46)) - raft.server.log.appender.buffer.byte-limit = 33554432 (custom)
2023-01-05 09:38:50,458 [pool-71-thread-1] INFO  server.RaftServerConfigKeys (ConfUtils.java:logGet(46)) - raft.server.log.statemachine.data.read.timeout = 1000ms (default)
2023-01-05 09:38:50,458 [pool-71-thread-1] INFO  server.RaftServerConfigKeys (ConfUtils.java:logGet(46)) - raft.server.log.purge.preservation.log.num = 0 (default)
2023-01-05 09:38:50,462 [pool-71-thread-1] INFO  server.RaftServerConfigKeys (ConfUtils.java:logGet(46)) - raft.server.log.segment.size.max = 1048576 (custom)
2023-01-05 09:38:50,464 [pool-71-thread-1] INFO  server.RaftServerConfigKeys (ConfUtils.java:logGet(46)) - raft.server.log.segment.cache.num.max = 2 (custom)
2023-01-05 09:38:50,464 [pool-71-thread-1] INFO  server.RaftServerConfigKeys (ConfUtils.java:logGet(46)) - raft.server.log.segment.cache.size.max = 200MB (=209715200) (default)
2023-01-05 09:38:50,464 [pool-71-thread-1] INFO  segmented.SegmentedRaftLogWorker (SegmentedRaftLogWorker.java:<init>(189)) - new 990d1a38-ec81-4b28-afef-59db27651b98@group-C97E1CE4ECF8-SegmentedRaftLogWorker for RaftStorageImpl:Storage Directory /home/runner/work/ozone/ozone/hadoop-ozone/integration-test/target/test-dir/MiniOzoneClusterImpl-b4cfd215-9b0e-48e6-9461-0a101ded37cf/datanode-0/data/ratis/83043037-19a9-4d46-a2aa-c97e1ce4ecf8
2023-01-05 09:38:50,464 [pool-71-thread-1] INFO  server.RaftServerConfigKeys (ConfUtils.java:logGet(46)) - raft.server.log.queue.byte-limit = 4294967296 (custom)
2023-01-05 09:38:50,465 [pool-71-thread-1] INFO  server.RaftServerConfigKeys (ConfUtils.java:logGet(46)) - raft.server.log.queue.element-limit = 1024 (custom)
2023-01-05 09:38:50,465 [pool-71-thread-1] INFO  server.RaftServerConfigKeys (ConfUtils.java:logGet(46)) - raft.server.log.segment.size.max = 1048576 (custom)
2023-01-05 09:38:50,465 [pool-71-thread-1] INFO  server.RaftServerConfigKeys (ConfUtils.java:logGet(46)) - raft.server.log.preallocated.size = 16384 (custom)
2023-01-05 09:38:50,465 [pool-71-thread-1] INFO  server.RaftServerConfigKeys (ConfUtils.java:logGet(46)) - raft.server.log.force.sync.num = 128 (default)
2023-01-05 09:38:50,465 [pool-71-thread-1] INFO  server.RaftServerConfigKeys (ConfUtils.java:logGet(46)) - raft.server.log.statemachine.data.sync = true (default)
2023-01-05 09:38:50,465 [pool-71-thread-1] INFO  server.RaftServerConfigKeys (ConfUtils.java:logGet(46)) - raft.server.log.statemachine.data.sync.timeout = 10s (default)
2023-01-05 09:38:50,465 [pool-71-thread-1] INFO  server.RaftServerConfigKeys (ConfUtils.java:logGet(46)) - raft.server.log.statemachine.data.sync.timeout.retry = -1 (default)
2023-01-05 09:38:50,467 [pool-71-thread-1] INFO  server.RaftServerConfigKeys (ConfUtils.java:logGet(46)) - raft.server.log.write.buffer.size = 1048576 (custom)
2023-01-05 09:38:50,469 [pool-71-thread-1] INFO  server.RaftServerConfigKeys (ConfUtils.java:logGet(46)) - raft.server.log.appender.buffer.byte-limit = 33554432 (custom)
2023-01-05 09:38:50,475 [pool-71-thread-1] INFO  server.RaftServerConfigKeys (ConfUtils.java:logGet(46)) - raft.server.log.unsafe-flush.enabled = false (default)
2023-01-05 09:38:50,475 [pool-71-thread-1] INFO  server.RaftServerConfigKeys (ConfUtils.java:logGet(46)) - raft.server.log.async-flush.enabled = false (default)
2023-01-05 09:38:50,475 [pool-71-thread-1] INFO  server.RaftServerConfigKeys (ConfUtils.java:logGet(46)) - raft.server.log.statemachine.data.caching.enabled = true (custom)
2023-01-05 09:38:50,475 [pool-71-thread-1] INFO  segmented.SegmentedRaftLogWorker (SegmentedRaftLogWorker.java:lambda$new$0(135)) - 990d1a38-ec81-4b28-afef-59db27651b98@group-C97E1CE4ECF8-SegmentedRaftLogWorker: flushIndex: setUnconditionally 0 -> -1
2023-01-05 09:38:50,475 [pool-71-thread-1] INFO  segmented.SegmentedRaftLogWorker (SegmentedRaftLogWorker.java:lambda$new$0(135)) - 990d1a38-ec81-4b28-afef-59db27651b98@group-C97E1CE4ECF8-SegmentedRaftLogWorker: safeCacheEvictIndex: setUnconditionally 0 -> -1
2023-01-05 09:38:50,475 [pool-71-thread-1] INFO  server.RaftServer$Division (RaftServerImpl.java:start(334)) - 990d1a38-ec81-4b28-afef-59db27651b98@group-C97E1CE4ECF8: start as a follower, conf=-1: peers:[e52e8f62-614f-4bab-8a16-f8f5fa61eddd|rpc:10.1.0.15:32835|dataStream:10.1.0.15:45529|priority:0|startupRole:FOLLOWER, 990d1a38-ec81-4b28-afef-59db27651b98|rpc:10.1.0.15:38013|dataStream:10.1.0.15:41075|priority:1|startupRole:FOLLOWER, f6bfd639-f08e-437c-ab3a-d66c7a0f1667|rpc:10.1.0.15:34483|dataStream:10.1.0.15:45565|priority:0|startupRole:FOLLOWER]|listeners:[], old=null
2023-01-05 09:38:50,476 [pool-71-thread-1] INFO  server.RaftServer$Division (RaftServerImpl.java:setRole(321)) - 990d1a38-ec81-4b28-afef-59db27651b98@group-C97E1CE4ECF8: changes role from      null to FOLLOWER at term 0 for startAsFollower
2023-01-05 09:38:50,476 [pool-71-thread-1] INFO  impl.RoleInfo (RoleInfo.java:updateAndGet(139)) - 990d1a38-ec81-4b28-afef-59db27651b98: start 990d1a38-ec81-4b28-afef-59db27651b98@group-C97E1CE4ECF8-FollowerState
2023-01-05 09:38:50,476 [990d1a38-ec81-4b28-afef-59db27651b98@group-C97E1CE4ECF8-FollowerState] INFO  server.RaftServerConfigKeys (ConfUtils.java:logFallback(53)) - raft.server.rpc.first-election.timeout.min = 5s (fallback to raft.server.rpc.timeout.min)
2023-01-05 09:38:50,477 [pool-71-thread-1] INFO  util.JmxRegister (JmxRegister.java:tryRegister(44)) - Successfully registered JMX Bean with object name Ratis:service=RaftServer,group=group-C97E1CE4ECF8,id=990d1a38-ec81-4b28-afef-59db27651b98
2023-01-05 09:38:50,477 [990d1a38-ec81-4b28-afef-59db27651b98@group-C97E1CE4ECF8-FollowerState] INFO  server.RaftServerConfigKeys (ConfUtils.java:logFallback(53)) - raft.server.rpc.first-election.timeout.max = 5200ms (fallback to raft.server.rpc.timeout.max)
2023-01-05 09:38:50,477 [pool-71-thread-1] INFO  server.RaftServerConfigKeys (ConfUtils.java:logGet(46)) - raft.server.snapshot.auto.trigger.enabled = true (custom)
2023-01-05 09:38:50,477 [pool-71-thread-1] INFO  server.RaftServerConfigKeys (ConfUtils.java:logGet(46)) - raft.server.snapshot.auto.trigger.threshold = 10000 (custom)
2023-01-05 09:38:50,477 [pool-71-thread-1] INFO  server.RaftServerConfigKeys (ConfUtils.java:logGet(46)) - raft.server.snapshot.retention.file.num = 5 (custom)
2023-01-05 09:38:50,477 [pool-71-thread-1] INFO  server.RaftServerConfigKeys (ConfUtils.java:logGet(46)) - raft.server.log.purge.upto.snapshot.index = false (default)
2023-01-05 09:38:50,478 [Command processor thread] INFO  ratis.XceiverServerRatis (XceiverServerRatis.java:addGroup(806)) - Created group PipelineID=83043037-19a9-4d46-a2aa-c97e1ce4ecf8
2023-01-05 09:38:50,895 | INFO  | SCMAudit | user=runner | ip=10.1.0.15 | op=SEND_HEARTBEAT {datanodeUUID=f6bfd639-f08e-437c-ab3a-d66c7a0f1667, term=-1, command=[]} | ret=SUCCESS |  
2023-01-05 09:38:50,895 [EventQueue-CommandQueueReportForCommandQueueReportHandler] WARN  events.EventQueue (EventQueue.java:fireEvent(216)) - No event handler registered for event TypedEvent{payloadType=DatanodeDetails, name='Datanode_Command_Queue_Updated'}
2023-01-05 09:38:50,896 [Command processor thread] INFO  server.RaftServer (RaftServerProxy.java:addNew(96)) - f6bfd639-f08e-437c-ab3a-d66c7a0f1667: addNew group-E0DD2BD10EB4:[f6bfd639-f08e-437c-ab3a-d66c7a0f1667|rpc:10.1.0.15:34483|dataStream:10.1.0.15:45565|priority:1|startupRole:FOLLOWER] returns group-E0DD2BD10EB4:java.util.concurrent.CompletableFuture@11a3f3bb[Not completed]
2023-01-05 09:38:50,905 [pool-94-thread-1] INFO  server.RaftServer$Division (RaftServerImpl.java:<init>(195)) - f6bfd639-f08e-437c-ab3a-d66c7a0f1667: new RaftServerImpl for group-E0DD2BD10EB4:[f6bfd639-f08e-437c-ab3a-d66c7a0f1667|rpc:10.1.0.15:34483|dataStream:10.1.0.15:45565|priority:1|startupRole:FOLLOWER] with ContainerStateMachine:uninitialized
2023-01-05 09:38:50,905 [pool-94-thread-1] INFO  server.RaftServerConfigKeys (ConfUtils.java:logGet(46)) - raft.server.rpc.timeout.min = 5s (custom)
2023-01-05 09:38:50,905 [pool-94-thread-1] INFO  server.RaftServerConfigKeys (ConfUtils.java:logGet(46)) - raft.server.rpc.timeout.max = 5200ms (custom)
2023-01-05 09:38:50,905 [pool-94-thread-1] INFO  server.RaftServerConfigKeys (ConfUtils.java:logGet(46)) - raft.server.rpc.sleep.time = 25ms (default)
2023-01-05 09:38:50,906 [pool-94-thread-1] INFO  server.RaftServerConfigKeys (ConfUtils.java:logGet(46)) - raft.server.rpc.slowness.timeout = 300s (custom)
2023-01-05 09:38:50,906 [pool-94-thread-1] INFO  server.RaftServerConfigKeys (ConfUtils.java:logGet(46)) - raft.server.leaderelection.leader.step-down.wait-time = 10s (default)
2023-01-05 09:38:50,906 [pool-94-thread-1] INFO  server.RaftServerConfigKeys (ConfUtils.java:logGet(46)) - raft.server.sleep.deviation.threshold = 300ms (default)
2023-01-05 09:38:50,906 [pool-94-thread-1] INFO  server.RaftServer$Division (ServerState.java:<init>(118)) - f6bfd639-f08e-437c-ab3a-d66c7a0f1667@group-E0DD2BD10EB4: ConfigurationManager, init=-1: peers:[f6bfd639-f08e-437c-ab3a-d66c7a0f1667|rpc:10.1.0.15:34483|dataStream:10.1.0.15:45565|priority:1|startupRole:FOLLOWER]|listeners:[], old=null, confs=<EMPTY_MAP>
2023-01-05 09:38:50,906 [pool-94-thread-1] INFO  server.RaftServerConfigKeys (ConfUtils.java:logGet(46)) - raft.server.storage.dir = [/home/runner/work/ozone/ozone/hadoop-ozone/integration-test/target/test-dir/MiniOzoneClusterImpl-b4cfd215-9b0e-48e6-9461-0a101ded37cf/datanode-1/data/ratis] (custom)
2023-01-05 09:38:50,906 [pool-94-thread-1] INFO  server.RaftServerConfigKeys (ConfUtils.java:logGet(46)) - raft.server.log.corruption.policy = EXCEPTION (default)
2023-01-05 09:38:50,906 [pool-94-thread-1] INFO  server.RaftServerConfigKeys (ConfUtils.java:logGet(46)) - raft.server.storage.free-space.min = 0MB (=0) (default)
2023-01-05 09:38:50,907 [pool-94-thread-1] INFO  server.RaftServerConfigKeys (ConfUtils.java:logGet(46)) - raft.server.notification.no-leader.timeout = 300s (custom)
2023-01-05 09:38:50,907 [pool-94-thread-1] INFO  server.RaftServerConfigKeys (ConfUtils.java:logGet(46)) - raft.server.retrycache.expirytime = 600000ms (custom)
2023-01-05 09:38:50,907 [pool-94-thread-1] INFO  server.RaftServerConfigKeys (ConfUtils.java:logGet(46)) - raft.server.retrycache.statistics.expirytime = 100μs (default)
2023-01-05 09:38:50,911 [pool-94-thread-1] INFO  server.RaftServerConfigKeys (ConfUtils.java:logGet(46)) - raft.server.log.appender.install.snapshot.enabled = false (custom)
2023-01-05 09:38:50,911 [pool-94-thread-1] INFO  server.RaftServerConfigKeys (ConfUtils.java:logGet(46)) - raft.server.threadpool.server.cached = true (default)
2023-01-05 09:38:50,911 [pool-94-thread-1] INFO  server.RaftServerConfigKeys (ConfUtils.java:logGet(46)) - raft.server.threadpool.server.size = 0 (default)
2023-01-05 09:38:50,911 [pool-94-thread-1] INFO  server.RaftServerConfigKeys (ConfUtils.java:logGet(46)) - raft.server.threadpool.client.cached = true (default)
2023-01-05 09:38:50,911 [pool-94-thread-1] INFO  server.RaftServerConfigKeys (ConfUtils.java:logGet(46)) - raft.server.threadpool.client.size = 0 (default)
2023-01-05 09:38:50,911 [pool-94-thread-1] INFO  storage.RaftStorageDirectory (RaftStorageDirectoryImpl.java:analyzeStorage(137)) - The storage directory /home/runner/work/ozone/ozone/hadoop-ozone/integration-test/target/test-dir/MiniOzoneClusterImpl-b4cfd215-9b0e-48e6-9461-0a101ded37cf/datanode-1/data/ratis/e5f90b5d-72d2-496d-8c74-e0dd2bd10eb4 does not exist. Creating ...
2023-01-05 09:38:50,913 [pool-94-thread-1] INFO  storage.RaftStorageDirectory (RaftStorageDirectoryImpl.java:tryLock(231)) - Lock on /home/runner/work/ozone/ozone/hadoop-ozone/integration-test/target/test-dir/MiniOzoneClusterImpl-b4cfd215-9b0e-48e6-9461-0a101ded37cf/datanode-1/data/ratis/e5f90b5d-72d2-496d-8c74-e0dd2bd10eb4/in_use.lock acquired by nodename 61261@fv-az459-169
2023-01-05 09:38:50,915 [pool-94-thread-1] INFO  storage.RaftStorage (RaftStorageImpl.java:format(96)) - Storage directory /home/runner/work/ozone/ozone/hadoop-ozone/integration-test/target/test-dir/MiniOzoneClusterImpl-b4cfd215-9b0e-48e6-9461-0a101ded37cf/datanode-1/data/ratis/e5f90b5d-72d2-496d-8c74-e0dd2bd10eb4 has been successfully formatted.
2023-01-05 09:38:50,917 [pool-94-thread-1] INFO  ratis.ContainerStateMachine (ContainerStateMachine.java:loadSnapshot(240)) - group-E0DD2BD10EB4: The snapshot info is null. Setting the last applied indexto:(t:0, i:~)
2023-01-05 09:38:50,919 [pool-94-thread-1] INFO  server.RaftServerConfigKeys (ConfUtils.java:logGet(46)) - raft.server.log.use.memory = false (default)
2023-01-05 09:38:50,919 [pool-94-thread-1] INFO  server.RaftServerConfigKeys (ConfUtils.java:logGet(46)) - raft.server.log.purge.gap = 1000000 (custom)
2023-01-05 09:38:50,919 [pool-94-thread-1] INFO  server.RaftServerConfigKeys (ConfUtils.java:logGet(46)) - raft.server.log.appender.buffer.byte-limit = 33554432 (custom)
2023-01-05 09:38:50,919 [pool-94-thread-1] INFO  server.RaftServerConfigKeys (ConfUtils.java:logGet(46)) - raft.server.log.statemachine.data.read.timeout = 1000ms (default)
2023-01-05 09:38:50,919 [pool-94-thread-1] INFO  server.RaftServerConfigKeys (ConfUtils.java:logGet(46)) - raft.server.log.purge.preservation.log.num = 0 (default)
2023-01-05 09:38:50,920 [pool-94-thread-1] INFO  server.RaftServerConfigKeys (ConfUtils.java:logGet(46)) - raft.server.log.segment.size.max = 1048576 (custom)
2023-01-05 09:38:50,921 | INFO  | SCMAudit | user=runner | ip=10.1.0.15 | op=SEND_HEARTBEAT {datanodeUUID=f6bfd639-f08e-437c-ab3a-d66c7a0f1667, term=-1, command=[]} | ret=SUCCESS |  
2023-01-05 09:38:50,921 [EventQueue-CommandQueueReportForCommandQueueReportHandler] WARN  events.EventQueue (EventQueue.java:fireEvent(216)) - No event handler registered for event TypedEvent{payloadType=DatanodeDetails, name='Datanode_Command_Queue_Updated'}
2023-01-05 09:38:50,923 [EventQueue-PipelineReportForPipelineReportHandler] INFO  pipeline.PipelineManagerImpl (PipelineManagerImpl.java:openPipeline(367)) - Pipeline Pipeline[ Id: e5f90b5d-72d2-496d-8c74-e0dd2bd10eb4, Nodes: f6bfd639-f08e-437c-ab3a-d66c7a0f1667{ip: 10.1.0.15, host: fv-az459-169.msq0az1vewme3jsxyslsv0htic.jx.internal.cloudapp.net, ports: [REPLICATION=44533, RATIS=34483, RATIS_ADMIN=34483, RATIS_SERVER=34483, RATIS_DATASTREAM=45565, STANDALONE=45395], networkLocation: /default-rack, certSerialId: null, persistedOpState: IN_SERVICE, persistedOpStateExpiryEpochSec: 0}, ReplicationConfig: RATIS/ONE, State:ALLOCATED, leaderId:f6bfd639-f08e-437c-ab3a-d66c7a0f1667, CreationTimestamp2023-01-05T09:38:47.845Z[Etc/UTC]] moved to OPEN state
2023-01-05 09:38:50,923 [EventQueue-OpenPipelineForHealthyPipelineSafeModeRule] INFO  safemode.SCMSafeModeManager (HealthyPipelineSafeModeRule.java:process(137)) - SCM in safe mode. Healthy pipelines reported count is 0, required healthy pipeline reported count is 1
2023-01-05 09:38:50,925 [pool-94-thread-1] INFO  server.RaftServerConfigKeys (ConfUtils.java:logGet(46)) - raft.server.log.segment.cache.num.max = 2 (custom)
2023-01-05 09:38:50,926 [pool-94-thread-1] INFO  server.RaftServerConfigKeys (ConfUtils.java:logGet(46)) - raft.server.log.segment.cache.size.max = 200MB (=209715200) (default)
2023-01-05 09:38:50,926 [pool-94-thread-1] INFO  segmented.SegmentedRaftLogWorker (SegmentedRaftLogWorker.java:<init>(189)) - new f6bfd639-f08e-437c-ab3a-d66c7a0f1667@group-E0DD2BD10EB4-SegmentedRaftLogWorker for RaftStorageImpl:Storage Directory /home/runner/work/ozone/ozone/hadoop-ozone/integration-test/target/test-dir/MiniOzoneClusterImpl-b4cfd215-9b0e-48e6-9461-0a101ded37cf/datanode-1/data/ratis/e5f90b5d-72d2-496d-8c74-e0dd2bd10eb4
2023-01-05 09:38:50,926 [pool-94-thread-1] INFO  server.RaftServerConfigKeys (ConfUtils.java:logGet(46)) - raft.server.log.queue.byte-limit = 4294967296 (custom)
2023-01-05 09:38:50,926 [pool-94-thread-1] INFO  server.RaftServerConfigKeys (ConfUtils.java:logGet(46)) - raft.server.log.queue.element-limit = 1024 (custom)
2023-01-05 09:38:50,926 [pool-94-thread-1] INFO  server.RaftServerConfigKeys (ConfUtils.java:logGet(46)) - raft.server.log.segment.size.max = 1048576 (custom)
2023-01-05 09:38:50,927 [pool-94-thread-1] INFO  server.RaftServerConfigKeys (ConfUtils.java:logGet(46)) - raft.server.log.preallocated.size = 16384 (custom)
2023-01-05 09:38:50,927 [pool-94-thread-1] INFO  server.RaftServerConfigKeys (ConfUtils.java:logGet(46)) - raft.server.log.force.sync.num = 128 (default)
2023-01-05 09:38:50,927 [pool-94-thread-1] INFO  server.RaftServerConfigKeys (ConfUtils.java:logGet(46)) - raft.server.log.statemachine.data.sync = true (default)
2023-01-05 09:38:50,927 [pool-94-thread-1] INFO  server.RaftServerConfigKeys (ConfUtils.java:logGet(46)) - raft.server.log.statemachine.data.sync.timeout = 10s (default)
2023-01-05 09:38:50,927 [pool-94-thread-1] INFO  server.RaftServerConfigKeys (ConfUtils.java:logGet(46)) - raft.server.log.statemachine.data.sync.timeout.retry = -1 (default)
2023-01-05 09:38:50,930 [pool-94-thread-1] INFO  server.RaftServerConfigKeys (ConfUtils.java:logGet(46)) - raft.server.log.write.buffer.size = 1048576 (custom)
2023-01-05 09:38:50,930 [pool-94-thread-1] INFO  server.RaftServerConfigKeys (ConfUtils.java:logGet(46)) - raft.server.log.appender.buffer.byte-limit = 33554432 (custom)
2023-01-05 09:38:50,944 [pool-94-thread-1] INFO  server.RaftServerConfigKeys (ConfUtils.java:logGet(46)) - raft.server.log.unsafe-flush.enabled = false (default)
2023-01-05 09:38:50,944 [pool-94-thread-1] INFO  server.RaftServerConfigKeys (ConfUtils.java:logGet(46)) - raft.server.log.async-flush.enabled = false (default)
2023-01-05 09:38:50,944 [pool-94-thread-1] INFO  server.RaftServerConfigKeys (ConfUtils.java:logGet(46)) - raft.server.log.statemachine.data.caching.enabled = true (custom)
2023-01-05 09:38:50,947 [pool-94-thread-1] INFO  segmented.SegmentedRaftLogWorker (SegmentedRaftLogWorker.java:lambda$new$0(135)) - f6bfd639-f08e-437c-ab3a-d66c7a0f1667@group-E0DD2BD10EB4-SegmentedRaftLogWorker: flushIndex: setUnconditionally 0 -> -1
2023-01-05 09:38:50,947 [pool-94-thread-1] INFO  segmented.SegmentedRaftLogWorker (SegmentedRaftLogWorker.java:lambda$new$0(135)) - f6bfd639-f08e-437c-ab3a-d66c7a0f1667@group-E0DD2BD10EB4-SegmentedRaftLogWorker: safeCacheEvictIndex: setUnconditionally 0 -> -1
2023-01-05 09:38:50,954 [pool-94-thread-1] INFO  server.RaftServer$Division (RaftServerImpl.java:start(334)) - f6bfd639-f08e-437c-ab3a-d66c7a0f1667@group-E0DD2BD10EB4: start as a follower, conf=-1: peers:[f6bfd639-f08e-437c-ab3a-d66c7a0f1667|rpc:10.1.0.15:34483|dataStream:10.1.0.15:45565|priority:1|startupRole:FOLLOWER]|listeners:[], old=null
2023-01-05 09:38:50,954 [pool-94-thread-1] INFO  server.RaftServer$Division (RaftServerImpl.java:setRole(321)) - f6bfd639-f08e-437c-ab3a-d66c7a0f1667@group-E0DD2BD10EB4: changes role from      null to FOLLOWER at term 0 for startAsFollower
2023-01-05 09:38:50,954 [pool-94-thread-1] INFO  impl.RoleInfo (RoleInfo.java:updateAndGet(139)) - f6bfd639-f08e-437c-ab3a-d66c7a0f1667: start f6bfd639-f08e-437c-ab3a-d66c7a0f1667@group-E0DD2BD10EB4-FollowerState
2023-01-05 09:38:50,959 [pool-94-thread-1] INFO  util.JmxRegister (JmxRegister.java:tryRegister(44)) - Successfully registered JMX Bean with object name Ratis:service=RaftServer,group=group-E0DD2BD10EB4,id=f6bfd639-f08e-437c-ab3a-d66c7a0f1667
2023-01-05 09:38:50,961 [pool-94-thread-1] INFO  server.RaftServerConfigKeys (ConfUtils.java:logGet(46)) - raft.server.snapshot.auto.trigger.enabled = true (custom)
2023-01-05 09:38:50,961 [pool-94-thread-1] INFO  server.RaftServerConfigKeys (ConfUtils.java:logGet(46)) - raft.server.snapshot.auto.trigger.threshold = 10000 (custom)
2023-01-05 09:38:50,962 [pool-94-thread-1] INFO  server.RaftServerConfigKeys (ConfUtils.java:logGet(46)) - raft.server.snapshot.retention.file.num = 5 (custom)
2023-01-05 09:38:50,962 [pool-94-thread-1] INFO  server.RaftServerConfigKeys (ConfUtils.java:logGet(46)) - raft.server.log.purge.upto.snapshot.index = false (default)
2023-01-05 09:38:50,962 [f6bfd639-f08e-437c-ab3a-d66c7a0f1667@group-E0DD2BD10EB4-FollowerState] INFO  server.RaftServerConfigKeys (ConfUtils.java:logFallback(53)) - raft.server.rpc.first-election.timeout.min = 5s (fallback to raft.server.rpc.timeout.min)
2023-01-05 09:38:50,963 [f6bfd639-f08e-437c-ab3a-d66c7a0f1667@group-E0DD2BD10EB4-FollowerState] INFO  server.RaftServerConfigKeys (ConfUtils.java:logFallback(53)) - raft.server.rpc.first-election.timeout.max = 5200ms (fallback to raft.server.rpc.timeout.max)
2023-01-05 09:38:50,963 [Command processor thread] INFO  ratis.XceiverServerRatis (XceiverServerRatis.java:addGroup(806)) - Created group PipelineID=e5f90b5d-72d2-496d-8c74-e0dd2bd10eb4
2023-01-05 09:38:50,963 [Command processor thread] INFO  commandhandler.CreatePipelineCommandHandler (CreatePipelineCommandHandler.java:handle(113)) - Created Pipeline RATIS ONE PipelineID=e5f90b5d-72d2-496d-8c74-e0dd2bd10eb4.
2023-01-05 09:38:50,964 [Command processor thread] INFO  server.RaftServer (RaftServerProxy.java:addNew(96)) - f6bfd639-f08e-437c-ab3a-d66c7a0f1667: addNew group-C97E1CE4ECF8:[e52e8f62-614f-4bab-8a16-f8f5fa61eddd|rpc:10.1.0.15:32835|dataStream:10.1.0.15:45529|priority:0|startupRole:FOLLOWER, 990d1a38-ec81-4b28-afef-59db27651b98|rpc:10.1.0.15:38013|dataStream:10.1.0.15:41075|priority:1|startupRole:FOLLOWER, f6bfd639-f08e-437c-ab3a-d66c7a0f1667|rpc:10.1.0.15:34483|dataStream:10.1.0.15:45565|priority:0|startupRole:FOLLOWER] returns group-C97E1CE4ECF8:java.util.concurrent.CompletableFuture@159c6557[Not completed]
2023-01-05 09:38:50,965 [pool-94-thread-1] INFO  server.RaftServer$Division (RaftServerImpl.java:<init>(195)) - f6bfd639-f08e-437c-ab3a-d66c7a0f1667: new RaftServerImpl for group-C97E1CE4ECF8:[e52e8f62-614f-4bab-8a16-f8f5fa61eddd|rpc:10.1.0.15:32835|dataStream:10.1.0.15:45529|priority:0|startupRole:FOLLOWER, 990d1a38-ec81-4b28-afef-59db27651b98|rpc:10.1.0.15:38013|dataStream:10.1.0.15:41075|priority:1|startupRole:FOLLOWER, f6bfd639-f08e-437c-ab3a-d66c7a0f1667|rpc:10.1.0.15:34483|dataStream:10.1.0.15:45565|priority:0|startupRole:FOLLOWER] with ContainerStateMachine:uninitialized
2023-01-05 09:38:50,965 [pool-94-thread-1] INFO  server.RaftServerConfigKeys (ConfUtils.java:logGet(46)) - raft.server.rpc.timeout.min = 5s (custom)
2023-01-05 09:38:50,965 [pool-94-thread-1] INFO  server.RaftServerConfigKeys (ConfUtils.java:logGet(46)) - raft.server.rpc.timeout.max = 5200ms (custom)
2023-01-05 09:38:50,965 [pool-94-thread-1] INFO  server.RaftServerConfigKeys (ConfUtils.java:logGet(46)) - raft.server.rpc.sleep.time = 25ms (default)
2023-01-05 09:38:50,966 [pool-94-thread-1] INFO  server.RaftServerConfigKeys (ConfUtils.java:logGet(46)) - raft.server.rpc.slowness.timeout = 300s (custom)
2023-01-05 09:38:50,966 [pool-94-thread-1] INFO  server.RaftServerConfigKeys (ConfUtils.java:logGet(46)) - raft.server.leaderelection.leader.step-down.wait-time = 10s (default)
2023-01-05 09:38:50,966 [pool-94-thread-1] INFO  server.RaftServerConfigKeys (ConfUtils.java:logGet(46)) - raft.server.sleep.deviation.threshold = 300ms (default)
2023-01-05 09:38:50,966 [pool-94-thread-1] INFO  server.RaftServer$Division (ServerState.java:<init>(118)) - f6bfd639-f08e-437c-ab3a-d66c7a0f1667@group-C97E1CE4ECF8: ConfigurationManager, init=-1: peers:[e52e8f62-614f-4bab-8a16-f8f5fa61eddd|rpc:10.1.0.15:32835|dataStream:10.1.0.15:45529|priority:0|startupRole:FOLLOWER, 990d1a38-ec81-4b28-afef-59db27651b98|rpc:10.1.0.15:38013|dataStream:10.1.0.15:41075|priority:1|startupRole:FOLLOWER, f6bfd639-f08e-437c-ab3a-d66c7a0f1667|rpc:10.1.0.15:34483|dataStream:10.1.0.15:45565|priority:0|startupRole:FOLLOWER]|listeners:[], old=null, confs=<EMPTY_MAP>
2023-01-05 09:38:50,966 [pool-94-thread-1] INFO  server.RaftServerConfigKeys (ConfUtils.java:logGet(46)) - raft.server.storage.dir = [/home/runner/work/ozone/ozone/hadoop-ozone/integration-test/target/test-dir/MiniOzoneClusterImpl-b4cfd215-9b0e-48e6-9461-0a101ded37cf/datanode-1/data/ratis] (custom)
2023-01-05 09:38:50,966 [pool-94-thread-1] INFO  server.RaftServerConfigKeys (ConfUtils.java:logGet(46)) - raft.server.log.corruption.policy = EXCEPTION (default)
2023-01-05 09:38:50,966 [pool-94-thread-1] INFO  server.RaftServerConfigKeys (ConfUtils.java:logGet(46)) - raft.server.storage.free-space.min = 0MB (=0) (default)
2023-01-05 09:38:50,966 [pool-94-thread-1] INFO  server.RaftServerConfigKeys (ConfUtils.java:logGet(46)) - raft.server.notification.no-leader.timeout = 300s (custom)
2023-01-05 09:38:50,966 [pool-94-thread-1] INFO  server.RaftServerConfigKeys (ConfUtils.java:logGet(46)) - raft.server.retrycache.expirytime = 600000ms (custom)
2023-01-05 09:38:50,966 [pool-94-thread-1] INFO  server.RaftServerConfigKeys (ConfUtils.java:logGet(46)) - raft.server.retrycache.statistics.expirytime = 100μs (default)
2023-01-05 09:38:50,967 [pool-94-thread-1] INFO  server.RaftServerConfigKeys (ConfUtils.java:logGet(46)) - raft.server.log.appender.install.snapshot.enabled = false (custom)
2023-01-05 09:38:50,967 [pool-94-thread-1] INFO  server.RaftServerConfigKeys (ConfUtils.java:logGet(46)) - raft.server.threadpool.server.cached = true (default)
2023-01-05 09:38:50,967 [pool-94-thread-1] INFO  server.RaftServerConfigKeys (ConfUtils.java:logGet(46)) - raft.server.threadpool.server.size = 0 (default)
2023-01-05 09:38:50,968 [pool-94-thread-1] INFO  server.RaftServerConfigKeys (ConfUtils.java:logGet(46)) - raft.server.threadpool.client.cached = true (default)
2023-01-05 09:38:50,968 [pool-94-thread-1] INFO  server.RaftServerConfigKeys (ConfUtils.java:logGet(46)) - raft.server.threadpool.client.size = 0 (default)
2023-01-05 09:38:50,968 [pool-94-thread-1] INFO  storage.RaftStorageDirectory (RaftStorageDirectoryImpl.java:analyzeStorage(137)) - The storage directory /home/runner/work/ozone/ozone/hadoop-ozone/integration-test/target/test-dir/MiniOzoneClusterImpl-b4cfd215-9b0e-48e6-9461-0a101ded37cf/datanode-1/data/ratis/83043037-19a9-4d46-a2aa-c97e1ce4ecf8 does not exist. Creating ...
2023-01-05 09:38:50,973 [pool-94-thread-1] INFO  storage.RaftStorageDirectory (RaftStorageDirectoryImpl.java:tryLock(231)) - Lock on /home/runner/work/ozone/ozone/hadoop-ozone/integration-test/target/test-dir/MiniOzoneClusterImpl-b4cfd215-9b0e-48e6-9461-0a101ded37cf/datanode-1/data/ratis/83043037-19a9-4d46-a2aa-c97e1ce4ecf8/in_use.lock acquired by nodename 61261@fv-az459-169
2023-01-05 09:38:50,974 [pool-94-thread-1] INFO  storage.RaftStorage (RaftStorageImpl.java:format(96)) - Storage directory /home/runner/work/ozone/ozone/hadoop-ozone/integration-test/target/test-dir/MiniOzoneClusterImpl-b4cfd215-9b0e-48e6-9461-0a101ded37cf/datanode-1/data/ratis/83043037-19a9-4d46-a2aa-c97e1ce4ecf8 has been successfully formatted.
2023-01-05 09:38:50,976 [pool-94-thread-1] INFO  ratis.ContainerStateMachine (ContainerStateMachine.java:loadSnapshot(240)) - group-C97E1CE4ECF8: The snapshot info is null. Setting the last applied indexto:(t:0, i:~)
2023-01-05 09:38:50,977 [pool-94-thread-1] INFO  server.RaftServerConfigKeys (ConfUtils.java:logGet(46)) - raft.server.log.use.memory = false (default)
2023-01-05 09:38:50,977 [pool-94-thread-1] INFO  server.RaftServerConfigKeys (ConfUtils.java:logGet(46)) - raft.server.log.purge.gap = 1000000 (custom)
2023-01-05 09:38:50,977 [pool-94-thread-1] INFO  server.RaftServerConfigKeys (ConfUtils.java:logGet(46)) - raft.server.log.appender.buffer.byte-limit = 33554432 (custom)
2023-01-05 09:38:50,977 [pool-94-thread-1] INFO  server.RaftServerConfigKeys (ConfUtils.java:logGet(46)) - raft.server.log.statemachine.data.read.timeout = 1000ms (default)
2023-01-05 09:38:50,977 [pool-94-thread-1] INFO  server.RaftServerConfigKeys (ConfUtils.java:logGet(46)) - raft.server.log.purge.preservation.log.num = 0 (default)
2023-01-05 09:38:50,977 [EventQueue-CommandQueueReportForCommandQueueReportHandler] WARN  events.EventQueue (EventQueue.java:fireEvent(216)) - No event handler registered for event TypedEvent{payloadType=DatanodeDetails, name='Datanode_Command_Queue_Updated'}
2023-01-05 09:38:50,980 [EventQueue-OpenPipelineForHealthyPipelineSafeModeRule] INFO  safemode.SCMSafeModeManager (HealthyPipelineSafeModeRule.java:process(137)) - SCM in safe mode. Healthy pipelines reported count is 0, required healthy pipeline reported count is 1
2023-01-05 09:38:50,980 | INFO  | SCMAudit | user=runner | ip=10.1.0.15 | op=SEND_HEARTBEAT {datanodeUUID=f6bfd639-f08e-437c-ab3a-d66c7a0f1667, term=-1, command=[]} | ret=SUCCESS |  
2023-01-05 09:38:50,981 [pool-94-thread-1] INFO  server.RaftServerConfigKeys (ConfUtils.java:logGet(46)) - raft.server.log.segment.size.max = 1048576 (custom)
2023-01-05 09:38:50,981 [pool-94-thread-1] INFO  server.RaftServerConfigKeys (ConfUtils.java:logGet(46)) - raft.server.log.segment.cache.num.max = 2 (custom)
2023-01-05 09:38:50,981 [pool-94-thread-1] INFO  server.RaftServerConfigKeys (ConfUtils.java:logGet(46)) - raft.server.log.segment.cache.size.max = 200MB (=209715200) (default)
2023-01-05 09:38:50,982 [pool-94-thread-1] INFO  segmented.SegmentedRaftLogWorker (SegmentedRaftLogWorker.java:<init>(189)) - new f6bfd639-f08e-437c-ab3a-d66c7a0f1667@group-C97E1CE4ECF8-SegmentedRaftLogWorker for RaftStorageImpl:Storage Directory /home/runner/work/ozone/ozone/hadoop-ozone/integration-test/target/test-dir/MiniOzoneClusterImpl-b4cfd215-9b0e-48e6-9461-0a101ded37cf/datanode-1/data/ratis/83043037-19a9-4d46-a2aa-c97e1ce4ecf8
2023-01-05 09:38:50,982 [pool-94-thread-1] INFO  server.RaftServerConfigKeys (ConfUtils.java:logGet(46)) - raft.server.log.queue.byte-limit = 4294967296 (custom)
2023-01-05 09:38:50,982 [pool-94-thread-1] INFO  server.RaftServerConfigKeys (ConfUtils.java:logGet(46)) - raft.server.log.queue.element-limit = 1024 (custom)
2023-01-05 09:38:50,982 [pool-94-thread-1] INFO  server.RaftServerConfigKeys (ConfUtils.java:logGet(46)) - raft.server.log.segment.size.max = 1048576 (custom)
2023-01-05 09:38:50,982 [pool-94-thread-1] INFO  server.RaftServerConfigKeys (ConfUtils.java:logGet(46)) - raft.server.log.preallocated.size = 16384 (custom)
2023-01-05 09:38:50,982 [pool-94-thread-1] INFO  server.RaftServerConfigKeys (ConfUtils.java:logGet(46)) - raft.server.log.force.sync.num = 128 (default)
2023-01-05 09:38:50,982 [pool-94-thread-1] INFO  server.RaftServerConfigKeys (ConfUtils.java:logGet(46)) - raft.server.log.statemachine.data.sync = true (default)
2023-01-05 09:38:50,982 [pool-94-thread-1] INFO  server.RaftServerConfigKeys (ConfUtils.java:logGet(46)) - raft.server.log.statemachine.data.sync.timeout = 10s (default)
2023-01-05 09:38:50,982 [pool-94-thread-1] INFO  server.RaftServerConfigKeys (ConfUtils.java:logGet(46)) - raft.server.log.statemachine.data.sync.timeout.retry = -1 (default)
2023-01-05 09:38:50,985 [pool-94-thread-1] INFO  server.RaftServerConfigKeys (ConfUtils.java:logGet(46)) - raft.server.log.write.buffer.size = 1048576 (custom)
2023-01-05 09:38:50,985 [pool-94-thread-1] INFO  server.RaftServerConfigKeys (ConfUtils.java:logGet(46)) - raft.server.log.appender.buffer.byte-limit = 33554432 (custom)
2023-01-05 09:38:50,996 [pool-94-thread-1] INFO  server.RaftServerConfigKeys (ConfUtils.java:logGet(46)) - raft.server.log.unsafe-flush.enabled = false (default)
2023-01-05 09:38:50,997 [pool-94-thread-1] INFO  server.RaftServerConfigKeys (ConfUtils.java:logGet(46)) - raft.server.log.async-flush.enabled = false (default)
2023-01-05 09:38:50,997 [pool-94-thread-1] INFO  server.RaftServerConfigKeys (ConfUtils.java:logGet(46)) - raft.server.log.statemachine.data.caching.enabled = true (custom)
2023-01-05 09:38:50,997 [pool-94-thread-1] INFO  segmented.SegmentedRaftLogWorker (SegmentedRaftLogWorker.java:lambda$new$0(135)) - f6bfd639-f08e-437c-ab3a-d66c7a0f1667@group-C97E1CE4ECF8-SegmentedRaftLogWorker: flushIndex: setUnconditionally 0 -> -1
2023-01-05 09:38:50,997 [pool-94-thread-1] INFO  segmented.SegmentedRaftLogWorker (SegmentedRaftLogWorker.java:lambda$new$0(135)) - f6bfd639-f08e-437c-ab3a-d66c7a0f1667@group-C97E1CE4ECF8-SegmentedRaftLogWorker: safeCacheEvictIndex: setUnconditionally 0 -> -1
2023-01-05 09:38:51,003 [pool-94-thread-1] INFO  server.RaftServer$Division (RaftServerImpl.java:start(334)) - f6bfd639-f08e-437c-ab3a-d66c7a0f1667@group-C97E1CE4ECF8: start as a follower, conf=-1: peers:[e52e8f62-614f-4bab-8a16-f8f5fa61eddd|rpc:10.1.0.15:32835|dataStream:10.1.0.15:45529|priority:0|startupRole:FOLLOWER, 990d1a38-ec81-4b28-afef-59db27651b98|rpc:10.1.0.15:38013|dataStream:10.1.0.15:41075|priority:1|startupRole:FOLLOWER, f6bfd639-f08e-437c-ab3a-d66c7a0f1667|rpc:10.1.0.15:34483|dataStream:10.1.0.15:45565|priority:0|startupRole:FOLLOWER]|listeners:[], old=null
2023-01-05 09:38:51,003 [pool-94-thread-1] INFO  server.RaftServer$Division (RaftServerImpl.java:setRole(321)) - f6bfd639-f08e-437c-ab3a-d66c7a0f1667@group-C97E1CE4ECF8: changes role from      null to FOLLOWER at term 0 for startAsFollower
2023-01-05 09:38:51,003 [pool-94-thread-1] INFO  impl.RoleInfo (RoleInfo.java:updateAndGet(139)) - f6bfd639-f08e-437c-ab3a-d66c7a0f1667: start f6bfd639-f08e-437c-ab3a-d66c7a0f1667@group-C97E1CE4ECF8-FollowerState
2023-01-05 09:38:51,007 [pool-94-thread-1] INFO  util.JmxRegister (JmxRegister.java:tryRegister(44)) - Successfully registered JMX Bean with object name Ratis:service=RaftServer,group=group-C97E1CE4ECF8,id=f6bfd639-f08e-437c-ab3a-d66c7a0f1667
2023-01-05 09:38:51,007 [pool-94-thread-1] INFO  server.RaftServerConfigKeys (ConfUtils.java:logGet(46)) - raft.server.snapshot.auto.trigger.enabled = true (custom)
2023-01-05 09:38:51,007 [f6bfd639-f08e-437c-ab3a-d66c7a0f1667@group-C97E1CE4ECF8-FollowerState] INFO  server.RaftServerConfigKeys (ConfUtils.java:logFallback(53)) - raft.server.rpc.first-election.timeout.min = 5s (fallback to raft.server.rpc.timeout.min)
2023-01-05 09:38:51,007 [pool-94-thread-1] INFO  server.RaftServerConfigKeys (ConfUtils.java:logGet(46)) - raft.server.snapshot.auto.trigger.threshold = 10000 (custom)
2023-01-05 09:38:51,008 [pool-94-thread-1] INFO  server.RaftServerConfigKeys (ConfUtils.java:logGet(46)) - raft.server.snapshot.retention.file.num = 5 (custom)
2023-01-05 09:38:51,008 [pool-94-thread-1] INFO  server.RaftServerConfigKeys (ConfUtils.java:logGet(46)) - raft.server.log.purge.upto.snapshot.index = false (default)
2023-01-05 09:38:51,008 [f6bfd639-f08e-437c-ab3a-d66c7a0f1667@group-C97E1CE4ECF8-FollowerState] INFO  server.RaftServerConfigKeys (ConfUtils.java:logFallback(53)) - raft.server.rpc.first-election.timeout.max = 5200ms (fallback to raft.server.rpc.timeout.max)
2023-01-05 09:38:51,013 [Command processor thread] INFO  ratis.XceiverServerRatis (XceiverServerRatis.java:addGroup(806)) - Created group PipelineID=83043037-19a9-4d46-a2aa-c97e1ce4ecf8
2023-01-05 09:38:51,288 [Listener at 127.0.0.1/37423] INFO  ozone.MiniOzoneClusterImpl (MiniOzoneClusterImpl.java:lambda$waitForClusterToBeReady$0(217)) - Nodes are ready. Got 3 of 3 DN Heartbeats.
2023-01-05 09:38:51,288 [Listener at 127.0.0.1/37423] INFO  ozone.MiniOzoneClusterImpl (MiniOzoneClusterImpl.java:lambda$waitForClusterToBeReady$0(220)) - Waiting for cluster to exit safe mode
2023-01-05 09:38:51,289 [Listener at 127.0.0.1/37423] INFO  ozone.MiniOzoneClusterImpl (MiniOzoneClusterImpl.java:lambda$waitForClusterToBeReady$0(222)) - SCM became leader
2023-01-05 09:38:51,299 | INFO  | SCMAudit | user=runner | ip=10.1.0.15 | op=SEND_HEARTBEAT {datanodeUUID=e52e8f62-614f-4bab-8a16-f8f5fa61eddd, term=-1, command=[]} | ret=SUCCESS |  
2023-01-05 09:38:51,299 [EventQueue-CommandQueueReportForCommandQueueReportHandler] WARN  events.EventQueue (EventQueue.java:fireEvent(216)) - No event handler registered for event TypedEvent{payloadType=DatanodeDetails, name='Datanode_Command_Queue_Updated'}
2023-01-05 09:38:51,300 [Command processor thread] INFO  server.RaftServer (RaftServerProxy.java:addNew(96)) - e52e8f62-614f-4bab-8a16-f8f5fa61eddd: addNew group-FBFA52682A5D:[e52e8f62-614f-4bab-8a16-f8f5fa61eddd|rpc:10.1.0.15:32835|dataStream:10.1.0.15:45529|priority:1|startupRole:FOLLOWER] returns group-FBFA52682A5D:java.util.concurrent.CompletableFuture@42dc34cd[Not completed]
2023-01-05 09:38:51,308 [grpc-default-executor-1] INFO  server.RaftServer (RaftServerProxy.java:addNew(96)) - e52e8f62-614f-4bab-8a16-f8f5fa61eddd: addNew group-C97E1CE4ECF8:[e52e8f62-614f-4bab-8a16-f8f5fa61eddd|rpc:10.1.0.15:32835|dataStream:10.1.0.15:45529|priority:0|startupRole:FOLLOWER, 990d1a38-ec81-4b28-afef-59db27651b98|rpc:10.1.0.15:38013|dataStream:10.1.0.15:41075|priority:1|startupRole:FOLLOWER, f6bfd639-f08e-437c-ab3a-d66c7a0f1667|rpc:10.1.0.15:34483|dataStream:10.1.0.15:45565|priority:0|startupRole:FOLLOWER] returns group-C97E1CE4ECF8:java.util.concurrent.CompletableFuture@33cce2cc[Not completed]
2023-01-05 09:38:51,311 [pool-117-thread-1] INFO  server.RaftServer$Division (RaftServerImpl.java:<init>(195)) - e52e8f62-614f-4bab-8a16-f8f5fa61eddd: new RaftServerImpl for group-FBFA52682A5D:[e52e8f62-614f-4bab-8a16-f8f5fa61eddd|rpc:10.1.0.15:32835|dataStream:10.1.0.15:45529|priority:1|startupRole:FOLLOWER] with ContainerStateMachine:uninitialized
2023-01-05 09:38:51,311 [pool-117-thread-1] INFO  server.RaftServerConfigKeys (ConfUtils.java:logGet(46)) - raft.server.rpc.timeout.min = 5s (custom)
2023-01-05 09:38:51,311 [pool-117-thread-1] INFO  server.RaftServerConfigKeys (ConfUtils.java:logGet(46)) - raft.server.rpc.timeout.max = 5200ms (custom)
2023-01-05 09:38:51,311 [pool-117-thread-1] INFO  server.RaftServerConfigKeys (ConfUtils.java:logGet(46)) - raft.server.rpc.sleep.time = 25ms (default)
2023-01-05 09:38:51,311 [pool-117-thread-1] INFO  server.RaftServerConfigKeys (ConfUtils.java:logGet(46)) - raft.server.rpc.slowness.timeout = 300s (custom)
2023-01-05 09:38:51,311 [pool-117-thread-1] INFO  server.RaftServerConfigKeys (ConfUtils.java:logGet(46)) - raft.server.leaderelection.leader.step-down.wait-time = 10s (default)
2023-01-05 09:38:51,311 [pool-117-thread-1] INFO  server.RaftServerConfigKeys (ConfUtils.java:logGet(46)) - raft.server.sleep.deviation.threshold = 300ms (default)
2023-01-05 09:38:51,311 [pool-117-thread-1] INFO  server.RaftServer$Division (ServerState.java:<init>(118)) - e52e8f62-614f-4bab-8a16-f8f5fa61eddd@group-FBFA52682A5D: ConfigurationManager, init=-1: peers:[e52e8f62-614f-4bab-8a16-f8f5fa61eddd|rpc:10.1.0.15:32835|dataStream:10.1.0.15:45529|priority:1|startupRole:FOLLOWER]|listeners:[], old=null, confs=<EMPTY_MAP>
2023-01-05 09:38:51,312 [pool-117-thread-1] INFO  server.RaftServerConfigKeys (ConfUtils.java:logGet(46)) - raft.server.storage.dir = [/home/runner/work/ozone/ozone/hadoop-ozone/integration-test/target/test-dir/MiniOzoneClusterImpl-b4cfd215-9b0e-48e6-9461-0a101ded37cf/datanode-2/data/ratis] (custom)
2023-01-05 09:38:51,312 [pool-117-thread-1] INFO  server.RaftServerConfigKeys (ConfUtils.java:logGet(46)) - raft.server.log.corruption.policy = EXCEPTION (default)
2023-01-05 09:38:51,312 [pool-117-thread-1] INFO  server.RaftServerConfigKeys (ConfUtils.java:logGet(46)) - raft.server.storage.free-space.min = 0MB (=0) (default)
2023-01-05 09:38:51,312 [pool-117-thread-1] INFO  server.RaftServerConfigKeys (ConfUtils.java:logGet(46)) - raft.server.notification.no-leader.timeout = 300s (custom)
2023-01-05 09:38:51,312 [pool-117-thread-1] INFO  server.RaftServerConfigKeys (ConfUtils.java:logGet(46)) - raft.server.retrycache.expirytime = 600000ms (custom)
2023-01-05 09:38:51,312 [pool-117-thread-1] INFO  server.RaftServerConfigKeys (ConfUtils.java:logGet(46)) - raft.server.retrycache.statistics.expirytime = 100μs (default)
2023-01-05 09:38:51,321 [pool-117-thread-1] INFO  server.RaftServerConfigKeys (ConfUtils.java:logGet(46)) - raft.server.log.appender.install.snapshot.enabled = false (custom)
2023-01-05 09:38:51,321 [pool-117-thread-1] INFO  server.RaftServerConfigKeys (ConfUtils.java:logGet(46)) - raft.server.threadpool.server.cached = true (default)
2023-01-05 09:38:51,321 [pool-117-thread-1] INFO  server.RaftServerConfigKeys (ConfUtils.java:logGet(46)) - raft.server.threadpool.server.size = 0 (default)
2023-01-05 09:38:51,321 [pool-117-thread-1] INFO  server.RaftServerConfigKeys (ConfUtils.java:logGet(46)) - raft.server.threadpool.client.cached = true (default)
2023-01-05 09:38:51,321 [pool-117-thread-1] INFO  server.RaftServerConfigKeys (ConfUtils.java:logGet(46)) - raft.server.threadpool.client.size = 0 (default)
2023-01-05 09:38:51,322 [pool-117-thread-1] INFO  server.RaftServer$Division (RaftServerImpl.java:<init>(195)) - e52e8f62-614f-4bab-8a16-f8f5fa61eddd: new RaftServerImpl for group-C97E1CE4ECF8:[e52e8f62-614f-4bab-8a16-f8f5fa61eddd|rpc:10.1.0.15:32835|dataStream:10.1.0.15:45529|priority:0|startupRole:FOLLOWER, 990d1a38-ec81-4b28-afef-59db27651b98|rpc:10.1.0.15:38013|dataStream:10.1.0.15:41075|priority:1|startupRole:FOLLOWER, f6bfd639-f08e-437c-ab3a-d66c7a0f1667|rpc:10.1.0.15:34483|dataStream:10.1.0.15:45565|priority:0|startupRole:FOLLOWER] with ContainerStateMachine:uninitialized
2023-01-05 09:38:51,328 [pool-117-thread-1] INFO  server.RaftServerConfigKeys (ConfUtils.java:logGet(46)) - raft.server.rpc.timeout.min = 5s (custom)
2023-01-05 09:38:51,328 [pool-117-thread-1] INFO  server.RaftServerConfigKeys (ConfUtils.java:logGet(46)) - raft.server.rpc.timeout.max = 5200ms (custom)
2023-01-05 09:38:51,328 [pool-117-thread-1] INFO  server.RaftServerConfigKeys (ConfUtils.java:logGet(46)) - raft.server.rpc.sleep.time = 25ms (default)
2023-01-05 09:38:51,328 [pool-117-thread-1] INFO  server.RaftServerConfigKeys (ConfUtils.java:logGet(46)) - raft.server.rpc.slowness.timeout = 300s (custom)
2023-01-05 09:38:51,328 [pool-117-thread-1] INFO  server.RaftServerConfigKeys (ConfUtils.java:logGet(46)) - raft.server.leaderelection.leader.step-down.wait-time = 10s (default)
2023-01-05 09:38:51,328 [pool-117-thread-1] INFO  server.RaftServerConfigKeys (ConfUtils.java:logGet(46)) - raft.server.sleep.deviation.threshold = 300ms (default)
2023-01-05 09:38:51,328 [pool-117-thread-1] INFO  server.RaftServer$Division (ServerState.java:<init>(118)) - e52e8f62-614f-4bab-8a16-f8f5fa61eddd@group-C97E1CE4ECF8: ConfigurationManager, init=-1: peers:[e52e8f62-614f-4bab-8a16-f8f5fa61eddd|rpc:10.1.0.15:32835|dataStream:10.1.0.15:45529|priority:0|startupRole:FOLLOWER, 990d1a38-ec81-4b28-afef-59db27651b98|rpc:10.1.0.15:38013|dataStream:10.1.0.15:41075|priority:1|startupRole:FOLLOWER, f6bfd639-f08e-437c-ab3a-d66c7a0f1667|rpc:10.1.0.15:34483|dataStream:10.1.0.15:45565|priority:0|startupRole:FOLLOWER]|listeners:[], old=null, confs=<EMPTY_MAP>
2023-01-05 09:38:51,328 [pool-117-thread-1] INFO  server.RaftServerConfigKeys (ConfUtils.java:logGet(46)) - raft.server.storage.dir = [/home/runner/work/ozone/ozone/hadoop-ozone/integration-test/target/test-dir/MiniOzoneClusterImpl-b4cfd215-9b0e-48e6-9461-0a101ded37cf/datanode-2/data/ratis] (custom)
2023-01-05 09:38:51,328 [pool-117-thread-1] INFO  server.RaftServerConfigKeys (ConfUtils.java:logGet(46)) - raft.server.log.corruption.policy = EXCEPTION (default)
2023-01-05 09:38:51,328 [pool-117-thread-1] INFO  server.RaftServerConfigKeys (ConfUtils.java:logGet(46)) - raft.server.storage.free-space.min = 0MB (=0) (default)
2023-01-05 09:38:51,328 [pool-117-thread-1] INFO  server.RaftServerConfigKeys (ConfUtils.java:logGet(46)) - raft.server.notification.no-leader.timeout = 300s (custom)
2023-01-05 09:38:51,329 [pool-117-thread-1] INFO  server.RaftServerConfigKeys (ConfUtils.java:logGet(46)) - raft.server.retrycache.expirytime = 600000ms (custom)
2023-01-05 09:38:51,329 [pool-117-thread-1] INFO  server.RaftServerConfigKeys (ConfUtils.java:logGet(46)) - raft.server.retrycache.statistics.expirytime = 100μs (default)
2023-01-05 09:38:51,334 [pool-117-thread-1] INFO  server.RaftServerConfigKeys (ConfUtils.java:logGet(46)) - raft.server.log.appender.install.snapshot.enabled = false (custom)
2023-01-05 09:38:51,334 [pool-117-thread-1] INFO  server.RaftServerConfigKeys (ConfUtils.java:logGet(46)) - raft.server.threadpool.server.cached = true (default)
2023-01-05 09:38:51,334 [pool-117-thread-1] INFO  server.RaftServerConfigKeys (ConfUtils.java:logGet(46)) - raft.server.threadpool.server.size = 0 (default)
2023-01-05 09:38:51,334 [pool-117-thread-1] INFO  server.RaftServerConfigKeys (ConfUtils.java:logGet(46)) - raft.server.threadpool.client.cached = true (default)
2023-01-05 09:38:51,334 [pool-117-thread-1] INFO  server.RaftServerConfigKeys (ConfUtils.java:logGet(46)) - raft.server.threadpool.client.size = 0 (default)
2023-01-05 09:38:51,334 [pool-117-thread-1] INFO  storage.RaftStorageDirectory (RaftStorageDirectoryImpl.java:analyzeStorage(137)) - The storage directory /home/runner/work/ozone/ozone/hadoop-ozone/integration-test/target/test-dir/MiniOzoneClusterImpl-b4cfd215-9b0e-48e6-9461-0a101ded37cf/datanode-2/data/ratis/a0066395-a434-4539-865c-fbfa52682a5d does not exist. Creating ...
2023-01-05 09:38:51,338 [pool-117-thread-1] INFO  storage.RaftStorageDirectory (RaftStorageDirectoryImpl.java:tryLock(231)) - Lock on /home/runner/work/ozone/ozone/hadoop-ozone/integration-test/target/test-dir/MiniOzoneClusterImpl-b4cfd215-9b0e-48e6-9461-0a101ded37cf/datanode-2/data/ratis/a0066395-a434-4539-865c-fbfa52682a5d/in_use.lock acquired by nodename 61261@fv-az459-169
2023-01-05 09:38:51,339 [pool-117-thread-1] INFO  storage.RaftStorage (RaftStorageImpl.java:format(96)) - Storage directory /home/runner/work/ozone/ozone/hadoop-ozone/integration-test/target/test-dir/MiniOzoneClusterImpl-b4cfd215-9b0e-48e6-9461-0a101ded37cf/datanode-2/data/ratis/a0066395-a434-4539-865c-fbfa52682a5d has been successfully formatted.
2023-01-05 09:38:51,340 [pool-117-thread-1] INFO  ratis.ContainerStateMachine (ContainerStateMachine.java:loadSnapshot(240)) - group-FBFA52682A5D: The snapshot info is null. Setting the last applied indexto:(t:0, i:~)
2023-01-05 09:38:51,340 [pool-117-thread-1] INFO  server.RaftServerConfigKeys (ConfUtils.java:logGet(46)) - raft.server.log.use.memory = false (default)
2023-01-05 09:38:51,340 [pool-117-thread-1] INFO  server.RaftServerConfigKeys (ConfUtils.java:logGet(46)) - raft.server.log.purge.gap = 1000000 (custom)
2023-01-05 09:38:51,340 [pool-117-thread-1] INFO  server.RaftServerConfigKeys (ConfUtils.java:logGet(46)) - raft.server.log.appender.buffer.byte-limit = 33554432 (custom)
2023-01-05 09:38:51,340 [pool-117-thread-1] INFO  server.RaftServerConfigKeys (ConfUtils.java:logGet(46)) - raft.server.log.statemachine.data.read.timeout = 1000ms (default)
2023-01-05 09:38:51,340 [pool-117-thread-1] INFO  server.RaftServerConfigKeys (ConfUtils.java:logGet(46)) - raft.server.log.purge.preservation.log.num = 0 (default)
2023-01-05 09:38:51,340 [pool-117-thread-1] INFO  server.RaftServerConfigKeys (ConfUtils.java:logGet(46)) - raft.server.log.segment.size.max = 1048576 (custom)
2023-01-05 09:38:51,342 | INFO  | SCMAudit | user=runner | ip=10.1.0.15 | op=SEND_HEARTBEAT {datanodeUUID=e52e8f62-614f-4bab-8a16-f8f5fa61eddd, term=-1, command=[]} | ret=SUCCESS |  
2023-01-05 09:38:51,343 [EventQueue-CommandQueueReportForCommandQueueReportHandler] WARN  events.EventQueue (EventQueue.java:fireEvent(216)) - No event handler registered for event TypedEvent{payloadType=DatanodeDetails, name='Datanode_Command_Queue_Updated'}
2023-01-05 09:38:51,343 [EventQueue-PipelineReportForPipelineReportHandler] INFO  pipeline.PipelineManagerImpl (PipelineManagerImpl.java:openPipeline(367)) - Pipeline Pipeline[ Id: a0066395-a434-4539-865c-fbfa52682a5d, Nodes: e52e8f62-614f-4bab-8a16-f8f5fa61eddd{ip: 10.1.0.15, host: fv-az459-169.msq0az1vewme3jsxyslsv0htic.jx.internal.cloudapp.net, ports: [REPLICATION=37973, RATIS=32835, RATIS_ADMIN=32835, RATIS_SERVER=32835, RATIS_DATASTREAM=45529, STANDALONE=38611], networkLocation: /default-rack, certSerialId: null, persistedOpState: IN_SERVICE, persistedOpStateExpiryEpochSec: 0}, ReplicationConfig: RATIS/ONE, State:ALLOCATED, leaderId:e52e8f62-614f-4bab-8a16-f8f5fa61eddd, CreationTimestamp2023-01-05T09:38:48.302Z[Etc/UTC]] moved to OPEN state
2023-01-05 09:38:51,346 [EventQueue-OpenPipelineForHealthyPipelineSafeModeRule] INFO  safemode.SCMSafeModeManager (HealthyPipelineSafeModeRule.java:process(137)) - SCM in safe mode. Healthy pipelines reported count is 0, required healthy pipeline reported count is 1
2023-01-05 09:38:51,347 [pool-117-thread-1] INFO  server.RaftServerConfigKeys (ConfUtils.java:logGet(46)) - raft.server.log.segment.cache.num.max = 2 (custom)
2023-01-05 09:38:51,348 [pool-117-thread-1] INFO  server.RaftServerConfigKeys (ConfUtils.java:logGet(46)) - raft.server.log.segment.cache.size.max = 200MB (=209715200) (default)
2023-01-05 09:38:51,348 [pool-117-thread-1] INFO  segmented.SegmentedRaftLogWorker (SegmentedRaftLogWorker.java:<init>(189)) - new e52e8f62-614f-4bab-8a16-f8f5fa61eddd@group-FBFA52682A5D-SegmentedRaftLogWorker for RaftStorageImpl:Storage Directory /home/runner/work/ozone/ozone/hadoop-ozone/integration-test/target/test-dir/MiniOzoneClusterImpl-b4cfd215-9b0e-48e6-9461-0a101ded37cf/datanode-2/data/ratis/a0066395-a434-4539-865c-fbfa52682a5d
2023-01-05 09:38:51,348 [pool-117-thread-1] INFO  server.RaftServerConfigKeys (ConfUtils.java:logGet(46)) - raft.server.log.queue.byte-limit = 4294967296 (custom)
2023-01-05 09:38:51,348 [pool-117-thread-1] INFO  server.RaftServerConfigKeys (ConfUtils.java:logGet(46)) - raft.server.log.queue.element-limit = 1024 (custom)
2023-01-05 09:38:51,348 [pool-117-thread-1] INFO  server.RaftServerConfigKeys (ConfUtils.java:logGet(46)) - raft.server.log.segment.size.max = 1048576 (custom)
2023-01-05 09:38:51,348 [pool-117-thread-1] INFO  server.RaftServerConfigKeys (ConfUtils.java:logGet(46)) - raft.server.log.preallocated.size = 16384 (custom)
2023-01-05 09:38:51,348 [pool-117-thread-1] INFO  server.RaftServerConfigKeys (ConfUtils.java:logGet(46)) - raft.server.log.force.sync.num = 128 (default)
2023-01-05 09:38:51,348 [pool-117-thread-1] INFO  server.RaftServerConfigKeys (ConfUtils.java:logGet(46)) - raft.server.log.statemachine.data.sync = true (default)
2023-01-05 09:38:51,348 [pool-117-thread-1] INFO  server.RaftServerConfigKeys (ConfUtils.java:logGet(46)) - raft.server.log.statemachine.data.sync.timeout = 10s (default)
2023-01-05 09:38:51,348 [pool-117-thread-1] INFO  server.RaftServerConfigKeys (ConfUtils.java:logGet(46)) - raft.server.log.statemachine.data.sync.timeout.retry = -1 (default)
2023-01-05 09:38:51,349 [pool-117-thread-1] INFO  server.RaftServerConfigKeys (ConfUtils.java:logGet(46)) - raft.server.log.write.buffer.size = 1048576 (custom)
2023-01-05 09:38:51,349 [pool-117-thread-1] INFO  server.RaftServerConfigKeys (ConfUtils.java:logGet(46)) - raft.server.log.appender.buffer.byte-limit = 33554432 (custom)
2023-01-05 09:38:51,367 [pool-117-thread-1] INFO  server.RaftServerConfigKeys (ConfUtils.java:logGet(46)) - raft.server.log.unsafe-flush.enabled = false (default)
2023-01-05 09:38:51,367 [pool-117-thread-1] INFO  server.RaftServerConfigKeys (ConfUtils.java:logGet(46)) - raft.server.log.async-flush.enabled = false (default)
2023-01-05 09:38:51,367 [pool-117-thread-1] INFO  server.RaftServerConfigKeys (ConfUtils.java:logGet(46)) - raft.server.log.statemachine.data.caching.enabled = true (custom)
2023-01-05 09:38:51,367 [pool-117-thread-1] INFO  segmented.SegmentedRaftLogWorker (SegmentedRaftLogWorker.java:lambda$new$0(135)) - e52e8f62-614f-4bab-8a16-f8f5fa61eddd@group-FBFA52682A5D-SegmentedRaftLogWorker: flushIndex: setUnconditionally 0 -> -1
2023-01-05 09:38:51,367 [pool-117-thread-1] INFO  segmented.SegmentedRaftLogWorker (SegmentedRaftLogWorker.java:lambda$new$0(135)) - e52e8f62-614f-4bab-8a16-f8f5fa61eddd@group-FBFA52682A5D-SegmentedRaftLogWorker: safeCacheEvictIndex: setUnconditionally 0 -> -1
2023-01-05 09:38:51,372 [pool-117-thread-1] INFO  server.RaftServer$Division (RaftServerImpl.java:start(334)) - e52e8f62-614f-4bab-8a16-f8f5fa61eddd@group-FBFA52682A5D: start as a follower, conf=-1: peers:[e52e8f62-614f-4bab-8a16-f8f5fa61eddd|rpc:10.1.0.15:32835|dataStream:10.1.0.15:45529|priority:1|startupRole:FOLLOWER]|listeners:[], old=null
2023-01-05 09:38:51,372 [pool-117-thread-1] INFO  server.RaftServer$Division (RaftServerImpl.java:setRole(321)) - e52e8f62-614f-4bab-8a16-f8f5fa61eddd@group-FBFA52682A5D: changes role from      null to FOLLOWER at term 0 for startAsFollower
2023-01-05 09:38:51,372 [pool-117-thread-1] INFO  impl.RoleInfo (RoleInfo.java:updateAndGet(139)) - e52e8f62-614f-4bab-8a16-f8f5fa61eddd: start e52e8f62-614f-4bab-8a16-f8f5fa61eddd@group-FBFA52682A5D-FollowerState
2023-01-05 09:38:51,395 [pool-117-thread-1] INFO  util.JmxRegister (JmxRegister.java:tryRegister(44)) - Successfully registered JMX Bean with object name Ratis:service=RaftServer,group=group-FBFA52682A5D,id=e52e8f62-614f-4bab-8a16-f8f5fa61eddd
2023-01-05 09:38:51,395 [pool-117-thread-1] INFO  server.RaftServerConfigKeys (ConfUtils.java:logGet(46)) - raft.server.snapshot.auto.trigger.enabled = true (custom)
2023-01-05 09:38:51,395 [pool-117-thread-1] INFO  server.RaftServerConfigKeys (ConfUtils.java:logGet(46)) - raft.server.snapshot.auto.trigger.threshold = 10000 (custom)
2023-01-05 09:38:51,395 [pool-117-thread-1] INFO  server.RaftServerConfigKeys (ConfUtils.java:logGet(46)) - raft.server.snapshot.retention.file.num = 5 (custom)
2023-01-05 09:38:51,395 [pool-117-thread-1] INFO  server.RaftServerConfigKeys (ConfUtils.java:logGet(46)) - raft.server.log.purge.upto.snapshot.index = false (default)
2023-01-05 09:38:51,396 [e52e8f62-614f-4bab-8a16-f8f5fa61eddd@group-FBFA52682A5D-FollowerState] INFO  server.RaftServerConfigKeys (ConfUtils.java:logFallback(53)) - raft.server.rpc.first-election.timeout.min = 5s (fallback to raft.server.rpc.timeout.min)
2023-01-05 09:38:51,396 [e52e8f62-614f-4bab-8a16-f8f5fa61eddd@group-FBFA52682A5D-FollowerState] INFO  server.RaftServerConfigKeys (ConfUtils.java:logFallback(53)) - raft.server.rpc.first-election.timeout.max = 5200ms (fallback to raft.server.rpc.timeout.max)
2023-01-05 09:38:51,398 [pool-117-thread-1] INFO  storage.RaftStorageDirectory (RaftStorageDirectoryImpl.java:analyzeStorage(137)) - The storage directory /home/runner/work/ozone/ozone/hadoop-ozone/integration-test/target/test-dir/MiniOzoneClusterImpl-b4cfd215-9b0e-48e6-9461-0a101ded37cf/datanode-2/data/ratis/83043037-19a9-4d46-a2aa-c97e1ce4ecf8 does not exist. Creating ...
2023-01-05 09:38:51,399 [Command processor thread] INFO  ratis.XceiverServerRatis (XceiverServerRatis.java:addGroup(806)) - Created group PipelineID=a0066395-a434-4539-865c-fbfa52682a5d
2023-01-05 09:38:51,399 [Command processor thread] INFO  commandhandler.CreatePipelineCommandHandler (CreatePipelineCommandHandler.java:handle(113)) - Created Pipeline RATIS ONE PipelineID=a0066395-a434-4539-865c-fbfa52682a5d.
2023-01-05 09:38:51,399 [Command processor thread] INFO  server.RaftServer (RaftServerProxy.java:addNew(96)) - e52e8f62-614f-4bab-8a16-f8f5fa61eddd: addNew group-C1DFA7CE67BB:[e52e8f62-614f-4bab-8a16-f8f5fa61eddd|rpc:10.1.0.15:32835|dataStream:10.1.0.15:45529|priority:1|startupRole:FOLLOWER, 990d1a38-ec81-4b28-afef-59db27651b98|rpc:10.1.0.15:38013|dataStream:10.1.0.15:41075|priority:0|startupRole:FOLLOWER, f6bfd639-f08e-437c-ab3a-d66c7a0f1667|rpc:10.1.0.15:34483|dataStream:10.1.0.15:45565|priority:0|startupRole:FOLLOWER] returns group-C1DFA7CE67BB:java.util.concurrent.CompletableFuture@46e3a84e[Not completed]
2023-01-05 09:38:51,400 [pool-117-thread-1] INFO  storage.RaftStorageDirectory (RaftStorageDirectoryImpl.java:tryLock(231)) - Lock on /home/runner/work/ozone/ozone/hadoop-ozone/integration-test/target/test-dir/MiniOzoneClusterImpl-b4cfd215-9b0e-48e6-9461-0a101ded37cf/datanode-2/data/ratis/83043037-19a9-4d46-a2aa-c97e1ce4ecf8/in_use.lock acquired by nodename 61261@fv-az459-169
2023-01-05 09:38:51,402 [pool-117-thread-1] INFO  storage.RaftStorage (RaftStorageImpl.java:format(96)) - Storage directory /home/runner/work/ozone/ozone/hadoop-ozone/integration-test/target/test-dir/MiniOzoneClusterImpl-b4cfd215-9b0e-48e6-9461-0a101ded37cf/datanode-2/data/ratis/83043037-19a9-4d46-a2aa-c97e1ce4ecf8 has been successfully formatted.
2023-01-05 09:38:51,402 [pool-117-thread-1] INFO  ratis.ContainerStateMachine (ContainerStateMachine.java:loadSnapshot(240)) - group-C97E1CE4ECF8: The snapshot info is null. Setting the last applied indexto:(t:0, i:~)
2023-01-05 09:38:51,402 [pool-117-thread-1] INFO  server.RaftServerConfigKeys (ConfUtils.java:logGet(46)) - raft.server.log.use.memory = false (default)
2023-01-05 09:38:51,402 [pool-117-thread-1] INFO  server.RaftServerConfigKeys (ConfUtils.java:logGet(46)) - raft.server.log.purge.gap = 1000000 (custom)
2023-01-05 09:38:51,402 [pool-117-thread-1] INFO  server.RaftServerConfigKeys (ConfUtils.java:logGet(46)) - raft.server.log.appender.buffer.byte-limit = 33554432 (custom)
2023-01-05 09:38:51,402 [pool-117-thread-1] INFO  server.RaftServerConfigKeys (ConfUtils.java:logGet(46)) - raft.server.log.statemachine.data.read.timeout = 1000ms (default)
2023-01-05 09:38:51,402 [pool-117-thread-1] INFO  server.RaftServerConfigKeys (ConfUtils.java:logGet(46)) - raft.server.log.purge.preservation.log.num = 0 (default)
2023-01-05 09:38:51,404 | INFO  | SCMAudit | user=runner | ip=10.1.0.15 | op=SEND_HEARTBEAT {datanodeUUID=e52e8f62-614f-4bab-8a16-f8f5fa61eddd, term=-1, command=[]} | ret=SUCCESS |  
2023-01-05 09:38:51,402 [pool-117-thread-1] INFO  server.RaftServerConfigKeys (ConfUtils.java:logGet(46)) - raft.server.log.segment.size.max = 1048576 (custom)
2023-01-05 09:38:51,405 [EventQueue-CommandQueueReportForCommandQueueReportHandler] WARN  events.EventQueue (EventQueue.java:fireEvent(216)) - No event handler registered for event TypedEvent{payloadType=DatanodeDetails, name='Datanode_Command_Queue_Updated'}
2023-01-05 09:38:51,407 [EventQueue-OpenPipelineForHealthyPipelineSafeModeRule] INFO  safemode.SCMSafeModeManager (HealthyPipelineSafeModeRule.java:process(137)) - SCM in safe mode. Healthy pipelines reported count is 0, required healthy pipeline reported count is 1
2023-01-05 09:38:51,407 [pool-117-thread-1] INFO  server.RaftServerConfigKeys (ConfUtils.java:logGet(46)) - raft.server.log.segment.cache.num.max = 2 (custom)
2023-01-05 09:38:51,407 [pool-117-thread-1] INFO  server.RaftServerConfigKeys (ConfUtils.java:logGet(46)) - raft.server.log.segment.cache.size.max = 200MB (=209715200) (default)
2023-01-05 09:38:51,407 [pool-117-thread-1] INFO  segmented.SegmentedRaftLogWorker (SegmentedRaftLogWorker.java:<init>(189)) - new e52e8f62-614f-4bab-8a16-f8f5fa61eddd@group-C97E1CE4ECF8-SegmentedRaftLogWorker for RaftStorageImpl:Storage Directory /home/runner/work/ozone/ozone/hadoop-ozone/integration-test/target/test-dir/MiniOzoneClusterImpl-b4cfd215-9b0e-48e6-9461-0a101ded37cf/datanode-2/data/ratis/83043037-19a9-4d46-a2aa-c97e1ce4ecf8
2023-01-05 09:38:51,407 [pool-117-thread-1] INFO  server.RaftServerConfigKeys (ConfUtils.java:logGet(46)) - raft.server.log.queue.byte-limit = 4294967296 (custom)
2023-01-05 09:38:51,407 [pool-117-thread-1] INFO  server.RaftServerConfigKeys (ConfUtils.java:logGet(46)) - raft.server.log.queue.element-limit = 1024 (custom)
2023-01-05 09:38:51,407 [pool-117-thread-1] INFO  server.RaftServerConfigKeys (ConfUtils.java:logGet(46)) - raft.server.log.segment.size.max = 1048576 (custom)
2023-01-05 09:38:51,407 [pool-117-thread-1] INFO  server.RaftServerConfigKeys (ConfUtils.java:logGet(46)) - raft.server.log.preallocated.size = 16384 (custom)
2023-01-05 09:38:51,407 [pool-117-thread-1] INFO  server.RaftServerConfigKeys (ConfUtils.java:logGet(46)) - raft.server.log.force.sync.num = 128 (default)
2023-01-05 09:38:51,407 [pool-117-thread-1] INFO  server.RaftServerConfigKeys (ConfUtils.java:logGet(46)) - raft.server.log.statemachine.data.sync = true (default)
2023-01-05 09:38:51,407 [pool-117-thread-1] INFO  server.RaftServerConfigKeys (ConfUtils.java:logGet(46)) - raft.server.log.statemachine.data.sync.timeout = 10s (default)
2023-01-05 09:38:51,407 [pool-117-thread-1] INFO  server.RaftServerConfigKeys (ConfUtils.java:logGet(46)) - raft.server.log.statemachine.data.sync.timeout.retry = -1 (default)
2023-01-05 09:38:51,408 [pool-117-thread-1] INFO  server.RaftServerConfigKeys (ConfUtils.java:logGet(46)) - raft.server.log.write.buffer.size = 1048576 (custom)
2023-01-05 09:38:51,409 [pool-117-thread-1] INFO  server.RaftServerConfigKeys (ConfUtils.java:logGet(46)) - raft.server.log.appender.buffer.byte-limit = 33554432 (custom)
2023-01-05 09:38:51,421 [pool-117-thread-1] INFO  server.RaftServerConfigKeys (ConfUtils.java:logGet(46)) - raft.server.log.unsafe-flush.enabled = false (default)
2023-01-05 09:38:51,430 [pool-117-thread-1] INFO  server.RaftServerConfigKeys (ConfUtils.java:logGet(46)) - raft.server.log.async-flush.enabled = false (default)
2023-01-05 09:38:51,430 [pool-117-thread-1] INFO  server.RaftServerConfigKeys (ConfUtils.java:logGet(46)) - raft.server.log.statemachine.data.caching.enabled = true (custom)
2023-01-05 09:38:51,430 [pool-117-thread-1] INFO  segmented.SegmentedRaftLogWorker (SegmentedRaftLogWorker.java:lambda$new$0(135)) - e52e8f62-614f-4bab-8a16-f8f5fa61eddd@group-C97E1CE4ECF8-SegmentedRaftLogWorker: flushIndex: setUnconditionally 0 -> -1
2023-01-05 09:38:51,430 [pool-117-thread-1] INFO  segmented.SegmentedRaftLogWorker (SegmentedRaftLogWorker.java:lambda$new$0(135)) - e52e8f62-614f-4bab-8a16-f8f5fa61eddd@group-C97E1CE4ECF8-SegmentedRaftLogWorker: safeCacheEvictIndex: setUnconditionally 0 -> -1
2023-01-05 09:38:51,436 [pool-117-thread-1] INFO  server.RaftServer$Division (RaftServerImpl.java:start(334)) - e52e8f62-614f-4bab-8a16-f8f5fa61eddd@group-C97E1CE4ECF8: start as a follower, conf=-1: peers:[e52e8f62-614f-4bab-8a16-f8f5fa61eddd|rpc:10.1.0.15:32835|dataStream:10.1.0.15:45529|priority:0|startupRole:FOLLOWER, 990d1a38-ec81-4b28-afef-59db27651b98|rpc:10.1.0.15:38013|dataStream:10.1.0.15:41075|priority:1|startupRole:FOLLOWER, f6bfd639-f08e-437c-ab3a-d66c7a0f1667|rpc:10.1.0.15:34483|dataStream:10.1.0.15:45565|priority:0|startupRole:FOLLOWER]|listeners:[], old=null
2023-01-05 09:38:51,436 [pool-117-thread-1] INFO  server.RaftServer$Division (RaftServerImpl.java:setRole(321)) - e52e8f62-614f-4bab-8a16-f8f5fa61eddd@group-C97E1CE4ECF8: changes role from      null to FOLLOWER at term 0 for startAsFollower
2023-01-05 09:38:51,436 [pool-117-thread-1] INFO  impl.RoleInfo (RoleInfo.java:updateAndGet(139)) - e52e8f62-614f-4bab-8a16-f8f5fa61eddd: start e52e8f62-614f-4bab-8a16-f8f5fa61eddd@group-C97E1CE4ECF8-FollowerState
2023-01-05 09:38:51,437 [pool-117-thread-1] INFO  util.JmxRegister (JmxRegister.java:tryRegister(44)) - Successfully registered JMX Bean with object name Ratis:service=RaftServer,group=group-C97E1CE4ECF8,id=e52e8f62-614f-4bab-8a16-f8f5fa61eddd
2023-01-05 09:38:51,437 [pool-117-thread-1] INFO  server.RaftServerConfigKeys (ConfUtils.java:logGet(46)) - raft.server.snapshot.auto.trigger.enabled = true (custom)
2023-01-05 09:38:51,437 [pool-117-thread-1] INFO  server.RaftServerConfigKeys (ConfUtils.java:logGet(46)) - raft.server.snapshot.auto.trigger.threshold = 10000 (custom)
2023-01-05 09:38:51,437 [pool-117-thread-1] INFO  server.RaftServerConfigKeys (ConfUtils.java:logGet(46)) - raft.server.snapshot.retention.file.num = 5 (custom)
2023-01-05 09:38:51,437 [pool-117-thread-1] INFO  server.RaftServerConfigKeys (ConfUtils.java:logGet(46)) - raft.server.log.purge.upto.snapshot.index = false (default)
2023-01-05 09:38:51,437 [e52e8f62-614f-4bab-8a16-f8f5fa61eddd@group-C97E1CE4ECF8-FollowerState] INFO  server.RaftServerConfigKeys (ConfUtils.java:logFallback(53)) - raft.server.rpc.first-election.timeout.min = 5s (fallback to raft.server.rpc.timeout.min)
2023-01-05 09:38:51,457 [e52e8f62-614f-4bab-8a16-f8f5fa61eddd@group-C97E1CE4ECF8-FollowerState] INFO  server.RaftServerConfigKeys (ConfUtils.java:logFallback(53)) - raft.server.rpc.first-election.timeout.max = 5200ms (fallback to raft.server.rpc.timeout.max)
2023-01-05 09:38:51,447 [pool-117-thread-1] INFO  server.RaftServer$Division (RaftServerImpl.java:<init>(195)) - e52e8f62-614f-4bab-8a16-f8f5fa61eddd: new RaftServerImpl for group-C1DFA7CE67BB:[e52e8f62-614f-4bab-8a16-f8f5fa61eddd|rpc:10.1.0.15:32835|dataStream:10.1.0.15:45529|priority:1|startupRole:FOLLOWER, 990d1a38-ec81-4b28-afef-59db27651b98|rpc:10.1.0.15:38013|dataStream:10.1.0.15:41075|priority:0|startupRole:FOLLOWER, f6bfd639-f08e-437c-ab3a-d66c7a0f1667|rpc:10.1.0.15:34483|dataStream:10.1.0.15:45565|priority:0|startupRole:FOLLOWER] with ContainerStateMachine:uninitialized
2023-01-05 09:38:51,457 [pool-117-thread-1] INFO  server.RaftServerConfigKeys (ConfUtils.java:logGet(46)) - raft.server.rpc.timeout.min = 5s (custom)
2023-01-05 09:38:51,457 [pool-117-thread-1] INFO  server.RaftServerConfigKeys (ConfUtils.java:logGet(46)) - raft.server.rpc.timeout.max = 5200ms (custom)
2023-01-05 09:38:51,457 [pool-117-thread-1] INFO  server.RaftServerConfigKeys (ConfUtils.java:logGet(46)) - raft.server.rpc.sleep.time = 25ms (default)
2023-01-05 09:38:51,457 [pool-117-thread-1] INFO  server.RaftServerConfigKeys (ConfUtils.java:logGet(46)) - raft.server.rpc.slowness.timeout = 300s (custom)
2023-01-05 09:38:51,457 [pool-117-thread-1] INFO  server.RaftServerConfigKeys (ConfUtils.java:logGet(46)) - raft.server.leaderelection.leader.step-down.wait-time = 10s (default)
2023-01-05 09:38:51,457 [pool-117-thread-1] INFO  server.RaftServerConfigKeys (ConfUtils.java:logGet(46)) - raft.server.sleep.deviation.threshold = 300ms (default)
2023-01-05 09:38:51,457 [pool-117-thread-1] INFO  server.RaftServer$Division (ServerState.java:<init>(118)) - e52e8f62-614f-4bab-8a16-f8f5fa61eddd@group-C1DFA7CE67BB: ConfigurationManager, init=-1: peers:[e52e8f62-614f-4bab-8a16-f8f5fa61eddd|rpc:10.1.0.15:32835|dataStream:10.1.0.15:45529|priority:1|startupRole:FOLLOWER, 990d1a38-ec81-4b28-afef-59db27651b98|rpc:10.1.0.15:38013|dataStream:10.1.0.15:41075|priority:0|startupRole:FOLLOWER, f6bfd639-f08e-437c-ab3a-d66c7a0f1667|rpc:10.1.0.15:34483|dataStream:10.1.0.15:45565|priority:0|startupRole:FOLLOWER]|listeners:[], old=null, confs=<EMPTY_MAP>
2023-01-05 09:38:51,457 [pool-117-thread-1] INFO  server.RaftServerConfigKeys (ConfUtils.java:logGet(46)) - raft.server.storage.dir = [/home/runner/work/ozone/ozone/hadoop-ozone/integration-test/target/test-dir/MiniOzoneClusterImpl-b4cfd215-9b0e-48e6-9461-0a101ded37cf/datanode-2/data/ratis] (custom)
2023-01-05 09:38:51,457 [pool-117-thread-1] INFO  server.RaftServerConfigKeys (ConfUtils.java:logGet(46)) - raft.server.log.corruption.policy = EXCEPTION (default)
2023-01-05 09:38:51,457 [pool-117-thread-1] INFO  server.RaftServerConfigKeys (ConfUtils.java:logGet(46)) - raft.server.storage.free-space.min = 0MB (=0) (default)
2023-01-05 09:38:51,458 [pool-117-thread-1] INFO  server.RaftServerConfigKeys (ConfUtils.java:logGet(46)) - raft.server.notification.no-leader.timeout = 300s (custom)
2023-01-05 09:38:51,458 [pool-117-thread-1] INFO  server.RaftServerConfigKeys (ConfUtils.java:logGet(46)) - raft.server.retrycache.expirytime = 600000ms (custom)
2023-01-05 09:38:51,458 [pool-117-thread-1] INFO  server.RaftServerConfigKeys (ConfUtils.java:logGet(46)) - raft.server.retrycache.statistics.expirytime = 100μs (default)
2023-01-05 09:38:51,458 [pool-117-thread-1] INFO  server.RaftServerConfigKeys (ConfUtils.java:logGet(46)) - raft.server.log.appender.install.snapshot.enabled = false (custom)
2023-01-05 09:38:51,459 [pool-117-thread-1] INFO  server.RaftServerConfigKeys (ConfUtils.java:logGet(46)) - raft.server.threadpool.server.cached = true (default)
2023-01-05 09:38:51,460 [pool-117-thread-1] INFO  server.RaftServerConfigKeys (ConfUtils.java:logGet(46)) - raft.server.threadpool.server.size = 0 (default)
2023-01-05 09:38:51,460 [pool-117-thread-1] INFO  server.RaftServerConfigKeys (ConfUtils.java:logGet(46)) - raft.server.threadpool.client.cached = true (default)
2023-01-05 09:38:51,460 [pool-117-thread-1] INFO  server.RaftServerConfigKeys (ConfUtils.java:logGet(46)) - raft.server.threadpool.client.size = 0 (default)
2023-01-05 09:38:51,460 [pool-117-thread-1] INFO  storage.RaftStorageDirectory (RaftStorageDirectoryImpl.java:analyzeStorage(137)) - The storage directory /home/runner/work/ozone/ozone/hadoop-ozone/integration-test/target/test-dir/MiniOzoneClusterImpl-b4cfd215-9b0e-48e6-9461-0a101ded37cf/datanode-2/data/ratis/a7876653-673e-4d23-890a-c1dfa7ce67bb does not exist. Creating ...
2023-01-05 09:38:51,461 [pool-117-thread-1] INFO  storage.RaftStorageDirectory (RaftStorageDirectoryImpl.java:tryLock(231)) - Lock on /home/runner/work/ozone/ozone/hadoop-ozone/integration-test/target/test-dir/MiniOzoneClusterImpl-b4cfd215-9b0e-48e6-9461-0a101ded37cf/datanode-2/data/ratis/a7876653-673e-4d23-890a-c1dfa7ce67bb/in_use.lock acquired by nodename 61261@fv-az459-169
2023-01-05 09:38:51,464 [pool-117-thread-1] INFO  storage.RaftStorage (RaftStorageImpl.java:format(96)) - Storage directory /home/runner/work/ozone/ozone/hadoop-ozone/integration-test/target/test-dir/MiniOzoneClusterImpl-b4cfd215-9b0e-48e6-9461-0a101ded37cf/datanode-2/data/ratis/a7876653-673e-4d23-890a-c1dfa7ce67bb has been successfully formatted.
2023-01-05 09:38:51,464 [pool-117-thread-1] INFO  ratis.ContainerStateMachine (ContainerStateMachine.java:loadSnapshot(240)) - group-C1DFA7CE67BB: The snapshot info is null. Setting the last applied indexto:(t:0, i:~)
2023-01-05 09:38:51,464 [pool-117-thread-1] INFO  server.RaftServerConfigKeys (ConfUtils.java:logGet(46)) - raft.server.log.use.memory = false (default)
2023-01-05 09:38:51,464 [pool-117-thread-1] INFO  server.RaftServerConfigKeys (ConfUtils.java:logGet(46)) - raft.server.log.purge.gap = 1000000 (custom)
2023-01-05 09:38:51,464 [pool-117-thread-1] INFO  server.RaftServerConfigKeys (ConfUtils.java:logGet(46)) - raft.server.log.appender.buffer.byte-limit = 33554432 (custom)
2023-01-05 09:38:51,464 [pool-117-thread-1] INFO  server.RaftServerConfigKeys (ConfUtils.java:logGet(46)) - raft.server.log.statemachine.data.read.timeout = 1000ms (default)
2023-01-05 09:38:51,464 [pool-117-thread-1] INFO  server.RaftServerConfigKeys (ConfUtils.java:logGet(46)) - raft.server.log.purge.preservation.log.num = 0 (default)
2023-01-05 09:38:51,465 [pool-117-thread-1] INFO  server.RaftServerConfigKeys (ConfUtils.java:logGet(46)) - raft.server.log.segment.size.max = 1048576 (custom)
2023-01-05 09:38:51,465 [pool-117-thread-1] INFO  server.RaftServerConfigKeys (ConfUtils.java:logGet(46)) - raft.server.log.segment.cache.num.max = 2 (custom)
2023-01-05 09:38:51,465 [pool-117-thread-1] INFO  server.RaftServerConfigKeys (ConfUtils.java:logGet(46)) - raft.server.log.segment.cache.size.max = 200MB (=209715200) (default)
2023-01-05 09:38:51,465 [pool-117-thread-1] INFO  segmented.SegmentedRaftLogWorker (SegmentedRaftLogWorker.java:<init>(189)) - new e52e8f62-614f-4bab-8a16-f8f5fa61eddd@group-C1DFA7CE67BB-SegmentedRaftLogWorker for RaftStorageImpl:Storage Directory /home/runner/work/ozone/ozone/hadoop-ozone/integration-test/target/test-dir/MiniOzoneClusterImpl-b4cfd215-9b0e-48e6-9461-0a101ded37cf/datanode-2/data/ratis/a7876653-673e-4d23-890a-c1dfa7ce67bb
2023-01-05 09:38:51,465 [pool-117-thread-1] INFO  server.RaftServerConfigKeys (ConfUtils.java:logGet(46)) - raft.server.log.queue.byte-limit = 4294967296 (custom)
2023-01-05 09:38:51,465 [pool-117-thread-1] INFO  server.RaftServerConfigKeys (ConfUtils.java:logGet(46)) - raft.server.log.queue.element-limit = 1024 (custom)
2023-01-05 09:38:51,465 [pool-117-thread-1] INFO  server.RaftServerConfigKeys (ConfUtils.java:logGet(46)) - raft.server.log.segment.size.max = 1048576 (custom)
2023-01-05 09:38:51,465 [pool-117-thread-1] INFO  server.RaftServerConfigKeys (ConfUtils.java:logGet(46)) - raft.server.log.preallocated.size = 16384 (custom)
2023-01-05 09:38:51,465 [pool-117-thread-1] INFO  server.RaftServerConfigKeys (ConfUtils.java:logGet(46)) - raft.server.log.force.sync.num = 128 (default)
2023-01-05 09:38:51,465 [pool-117-thread-1] INFO  server.RaftServerConfigKeys (ConfUtils.java:logGet(46)) - raft.server.log.statemachine.data.sync = true (default)
2023-01-05 09:38:51,465 [pool-117-thread-1] INFO  server.RaftServerConfigKeys (ConfUtils.java:logGet(46)) - raft.server.log.statemachine.data.sync.timeout = 10s (default)
2023-01-05 09:38:51,465 [pool-117-thread-1] INFO  server.RaftServerConfigKeys (ConfUtils.java:logGet(46)) - raft.server.log.statemachine.data.sync.timeout.retry = -1 (default)
2023-01-05 09:38:51,466 [pool-117-thread-1] INFO  server.RaftServerConfigKeys (ConfUtils.java:logGet(46)) - raft.server.log.write.buffer.size = 1048576 (custom)
2023-01-05 09:38:51,466 [pool-117-thread-1] INFO  server.RaftServerConfigKeys (ConfUtils.java:logGet(46)) - raft.server.log.appender.buffer.byte-limit = 33554432 (custom)
2023-01-05 09:38:51,468 | INFO  | SCMAudit | user=runner | ip=10.1.0.15 | op=SEND_HEARTBEAT {datanodeUUID=990d1a38-ec81-4b28-afef-59db27651b98, term=-1, command=[]} | ret=SUCCESS |  
2023-01-05 09:38:51,467 [Command processor thread] INFO  commandhandler.CreatePipelineCommandHandler (CreatePipelineCommandHandler.java:handle(113)) - Created Pipeline RATIS THREE PipelineID=83043037-19a9-4d46-a2aa-c97e1ce4ecf8.
2023-01-05 09:38:51,473 [Command processor thread] INFO  server.RaftServer (RaftServerProxy.java:addNew(96)) - 990d1a38-ec81-4b28-afef-59db27651b98: addNew group-C1DFA7CE67BB:[e52e8f62-614f-4bab-8a16-f8f5fa61eddd|rpc:10.1.0.15:32835|dataStream:10.1.0.15:45529|priority:1|startupRole:FOLLOWER, 990d1a38-ec81-4b28-afef-59db27651b98|rpc:10.1.0.15:38013|dataStream:10.1.0.15:41075|priority:0|startupRole:FOLLOWER, f6bfd639-f08e-437c-ab3a-d66c7a0f1667|rpc:10.1.0.15:34483|dataStream:10.1.0.15:45565|priority:0|startupRole:FOLLOWER] returns group-C1DFA7CE67BB:java.util.concurrent.CompletableFuture@14c11f8e[Not completed]
2023-01-05 09:38:51,468 [EventQueue-CommandQueueReportForCommandQueueReportHandler] WARN  events.EventQueue (EventQueue.java:fireEvent(216)) - No event handler registered for event TypedEvent{payloadType=DatanodeDetails, name='Datanode_Command_Queue_Updated'}
2023-01-05 09:38:51,473 | INFO  | SCMAudit | user=runner | ip=10.1.0.15 | op=SEND_HEARTBEAT {datanodeUUID=e52e8f62-614f-4bab-8a16-f8f5fa61eddd, term=-1, command=[]} | ret=SUCCESS |  
2023-01-05 09:38:51,475 [pool-71-thread-1] INFO  server.RaftServer$Division (RaftServerImpl.java:<init>(195)) - 990d1a38-ec81-4b28-afef-59db27651b98: new RaftServerImpl for group-C1DFA7CE67BB:[e52e8f62-614f-4bab-8a16-f8f5fa61eddd|rpc:10.1.0.15:32835|dataStream:10.1.0.15:45529|priority:1|startupRole:FOLLOWER, 990d1a38-ec81-4b28-afef-59db27651b98|rpc:10.1.0.15:38013|dataStream:10.1.0.15:41075|priority:0|startupRole:FOLLOWER, f6bfd639-f08e-437c-ab3a-d66c7a0f1667|rpc:10.1.0.15:34483|dataStream:10.1.0.15:45565|priority:0|startupRole:FOLLOWER] with ContainerStateMachine:uninitialized
2023-01-05 09:38:51,483 [pool-71-thread-1] INFO  server.RaftServerConfigKeys (ConfUtils.java:logGet(46)) - raft.server.rpc.timeout.min = 5s (custom)
2023-01-05 09:38:51,483 [pool-71-thread-1] INFO  server.RaftServerConfigKeys (ConfUtils.java:logGet(46)) - raft.server.rpc.timeout.max = 5200ms (custom)
2023-01-05 09:38:51,483 [pool-71-thread-1] INFO  server.RaftServerConfigKeys (ConfUtils.java:logGet(46)) - raft.server.rpc.sleep.time = 25ms (default)
2023-01-05 09:38:51,483 [pool-71-thread-1] INFO  server.RaftServerConfigKeys (ConfUtils.java:logGet(46)) - raft.server.rpc.slowness.timeout = 300s (custom)
2023-01-05 09:38:51,483 [pool-71-thread-1] INFO  server.RaftServerConfigKeys (ConfUtils.java:logGet(46)) - raft.server.leaderelection.leader.step-down.wait-time = 10s (default)
2023-01-05 09:38:51,483 [pool-71-thread-1] INFO  server.RaftServerConfigKeys (ConfUtils.java:logGet(46)) - raft.server.sleep.deviation.threshold = 300ms (default)
2023-01-05 09:38:51,483 [pool-71-thread-1] INFO  server.RaftServer$Division (ServerState.java:<init>(118)) - 990d1a38-ec81-4b28-afef-59db27651b98@group-C1DFA7CE67BB: ConfigurationManager, init=-1: peers:[e52e8f62-614f-4bab-8a16-f8f5fa61eddd|rpc:10.1.0.15:32835|dataStream:10.1.0.15:45529|priority:1|startupRole:FOLLOWER, 990d1a38-ec81-4b28-afef-59db27651b98|rpc:10.1.0.15:38013|dataStream:10.1.0.15:41075|priority:0|startupRole:FOLLOWER, f6bfd639-f08e-437c-ab3a-d66c7a0f1667|rpc:10.1.0.15:34483|dataStream:10.1.0.15:45565|priority:0|startupRole:FOLLOWER]|listeners:[], old=null, confs=<EMPTY_MAP>
2023-01-05 09:38:51,483 [pool-71-thread-1] INFO  server.RaftServerConfigKeys (ConfUtils.java:logGet(46)) - raft.server.storage.dir = [/home/runner/work/ozone/ozone/hadoop-ozone/integration-test/target/test-dir/MiniOzoneClusterImpl-b4cfd215-9b0e-48e6-9461-0a101ded37cf/datanode-0/data/ratis] (custom)
2023-01-05 09:38:51,483 [pool-71-thread-1] INFO  server.RaftServerConfigKeys (ConfUtils.java:logGet(46)) - raft.server.log.corruption.policy = EXCEPTION (default)
2023-01-05 09:38:51,483 [pool-71-thread-1] INFO  server.RaftServerConfigKeys (ConfUtils.java:logGet(46)) - raft.server.storage.free-space.min = 0MB (=0) (default)
2023-01-05 09:38:51,484 [pool-71-thread-1] INFO  server.RaftServerConfigKeys (ConfUtils.java:logGet(46)) - raft.server.notification.no-leader.timeout = 300s (custom)
2023-01-05 09:38:51,477 [EventQueue-CommandQueueReportForCommandQueueReportHandler] WARN  events.EventQueue (EventQueue.java:fireEvent(216)) - No event handler registered for event TypedEvent{payloadType=DatanodeDetails, name='Datanode_Command_Queue_Updated'}
2023-01-05 09:38:51,475 [EventQueue-OpenPipelineForHealthyPipelineSafeModeRule] INFO  safemode.SCMSafeModeManager (HealthyPipelineSafeModeRule.java:process(137)) - SCM in safe mode. Healthy pipelines reported count is 0, required healthy pipeline reported count is 1
2023-01-05 09:38:51,484 [pool-117-thread-1] INFO  server.RaftServerConfigKeys (ConfUtils.java:logGet(46)) - raft.server.log.unsafe-flush.enabled = false (default)
2023-01-05 09:38:51,484 [pool-71-thread-1] INFO  server.RaftServerConfigKeys (ConfUtils.java:logGet(46)) - raft.server.retrycache.expirytime = 600000ms (custom)
2023-01-05 09:38:51,485 [pool-71-thread-1] INFO  server.RaftServerConfigKeys (ConfUtils.java:logGet(46)) - raft.server.retrycache.statistics.expirytime = 100μs (default)
2023-01-05 09:38:51,487 [pool-71-thread-1] INFO  server.RaftServerConfigKeys (ConfUtils.java:logGet(46)) - raft.server.log.appender.install.snapshot.enabled = false (custom)
2023-01-05 09:38:51,487 [pool-71-thread-1] INFO  server.RaftServerConfigKeys (ConfUtils.java:logGet(46)) - raft.server.threadpool.server.cached = true (default)
2023-01-05 09:38:51,487 [pool-71-thread-1] INFO  server.RaftServerConfigKeys (ConfUtils.java:logGet(46)) - raft.server.threadpool.server.size = 0 (default)
2023-01-05 09:38:51,487 [pool-71-thread-1] INFO  server.RaftServerConfigKeys (ConfUtils.java:logGet(46)) - raft.server.threadpool.client.cached = true (default)
2023-01-05 09:38:51,487 [pool-71-thread-1] INFO  server.RaftServerConfigKeys (ConfUtils.java:logGet(46)) - raft.server.threadpool.client.size = 0 (default)
2023-01-05 09:38:51,488 [pool-71-thread-1] INFO  storage.RaftStorageDirectory (RaftStorageDirectoryImpl.java:analyzeStorage(137)) - The storage directory /home/runner/work/ozone/ozone/hadoop-ozone/integration-test/target/test-dir/MiniOzoneClusterImpl-b4cfd215-9b0e-48e6-9461-0a101ded37cf/datanode-0/data/ratis/a7876653-673e-4d23-890a-c1dfa7ce67bb does not exist. Creating ...
2023-01-05 09:38:51,489 [pool-117-thread-1] INFO  server.RaftServerConfigKeys (ConfUtils.java:logGet(46)) - raft.server.log.async-flush.enabled = false (default)
2023-01-05 09:38:51,489 [pool-117-thread-1] INFO  server.RaftServerConfigKeys (ConfUtils.java:logGet(46)) - raft.server.log.statemachine.data.caching.enabled = true (custom)
2023-01-05 09:38:51,489 [pool-117-thread-1] INFO  segmented.SegmentedRaftLogWorker (SegmentedRaftLogWorker.java:lambda$new$0(135)) - e52e8f62-614f-4bab-8a16-f8f5fa61eddd@group-C1DFA7CE67BB-SegmentedRaftLogWorker: flushIndex: setUnconditionally 0 -> -1
2023-01-05 09:38:51,489 [pool-117-thread-1] INFO  segmented.SegmentedRaftLogWorker (SegmentedRaftLogWorker.java:lambda$new$0(135)) - e52e8f62-614f-4bab-8a16-f8f5fa61eddd@group-C1DFA7CE67BB-SegmentedRaftLogWorker: safeCacheEvictIndex: setUnconditionally 0 -> -1
2023-01-05 09:38:51,489 [pool-117-thread-1] INFO  server.RaftServer$Division (RaftServerImpl.java:start(334)) - e52e8f62-614f-4bab-8a16-f8f5fa61eddd@group-C1DFA7CE67BB: start as a follower, conf=-1: peers:[e52e8f62-614f-4bab-8a16-f8f5fa61eddd|rpc:10.1.0.15:32835|dataStream:10.1.0.15:45529|priority:1|startupRole:FOLLOWER, 990d1a38-ec81-4b28-afef-59db27651b98|rpc:10.1.0.15:38013|dataStream:10.1.0.15:41075|priority:0|startupRole:FOLLOWER, f6bfd639-f08e-437c-ab3a-d66c7a0f1667|rpc:10.1.0.15:34483|dataStream:10.1.0.15:45565|priority:0|startupRole:FOLLOWER]|listeners:[], old=null
2023-01-05 09:38:51,489 [pool-117-thread-1] INFO  server.RaftServer$Division (RaftServerImpl.java:setRole(321)) - e52e8f62-614f-4bab-8a16-f8f5fa61eddd@group-C1DFA7CE67BB: changes role from      null to FOLLOWER at term 0 for startAsFollower
2023-01-05 09:38:51,489 [pool-117-thread-1] INFO  impl.RoleInfo (RoleInfo.java:updateAndGet(139)) - e52e8f62-614f-4bab-8a16-f8f5fa61eddd: start e52e8f62-614f-4bab-8a16-f8f5fa61eddd@group-C1DFA7CE67BB-FollowerState
2023-01-05 09:38:51,490 [pool-71-thread-1] INFO  storage.RaftStorageDirectory (RaftStorageDirectoryImpl.java:tryLock(231)) - Lock on /home/runner/work/ozone/ozone/hadoop-ozone/integration-test/target/test-dir/MiniOzoneClusterImpl-b4cfd215-9b0e-48e6-9461-0a101ded37cf/datanode-0/data/ratis/a7876653-673e-4d23-890a-c1dfa7ce67bb/in_use.lock acquired by nodename 61261@fv-az459-169
2023-01-05 09:38:51,490 [pool-117-thread-1] INFO  util.JmxRegister (JmxRegister.java:tryRegister(44)) - Successfully registered JMX Bean with object name Ratis:service=RaftServer,group=group-C1DFA7CE67BB,id=e52e8f62-614f-4bab-8a16-f8f5fa61eddd
2023-01-05 09:38:51,496 [pool-117-thread-1] INFO  server.RaftServerConfigKeys (ConfUtils.java:logGet(46)) - raft.server.snapshot.auto.trigger.enabled = true (custom)
2023-01-05 09:38:51,496 [pool-117-thread-1] INFO  server.RaftServerConfigKeys (ConfUtils.java:logGet(46)) - raft.server.snapshot.auto.trigger.threshold = 10000 (custom)
2023-01-05 09:38:51,496 [pool-117-thread-1] INFO  server.RaftServerConfigKeys (ConfUtils.java:logGet(46)) - raft.server.snapshot.retention.file.num = 5 (custom)
2023-01-05 09:38:51,496 [pool-117-thread-1] INFO  server.RaftServerConfigKeys (ConfUtils.java:logGet(46)) - raft.server.log.purge.upto.snapshot.index = false (default)
2023-01-05 09:38:51,499 [pool-71-thread-1] INFO  storage.RaftStorage (RaftStorageImpl.java:format(96)) - Storage directory /home/runner/work/ozone/ozone/hadoop-ozone/integration-test/target/test-dir/MiniOzoneClusterImpl-b4cfd215-9b0e-48e6-9461-0a101ded37cf/datanode-0/data/ratis/a7876653-673e-4d23-890a-c1dfa7ce67bb has been successfully formatted.
2023-01-05 09:38:51,502 [Command processor thread] INFO  ratis.XceiverServerRatis (XceiverServerRatis.java:addGroup(806)) - Created group PipelineID=a7876653-673e-4d23-890a-c1dfa7ce67bb
2023-01-05 09:38:51,508 [e52e8f62-614f-4bab-8a16-f8f5fa61eddd@group-C1DFA7CE67BB-FollowerState] INFO  server.RaftServerConfigKeys (ConfUtils.java:logFallback(53)) - raft.server.rpc.first-election.timeout.min = 5s (fallback to raft.server.rpc.timeout.min)
2023-01-05 09:38:51,509 [e52e8f62-614f-4bab-8a16-f8f5fa61eddd@group-C1DFA7CE67BB-FollowerState] INFO  server.RaftServerConfigKeys (ConfUtils.java:logFallback(53)) - raft.server.rpc.first-election.timeout.max = 5200ms (fallback to raft.server.rpc.timeout.max)
2023-01-05 09:38:51,509 [pool-71-thread-1] INFO  ratis.ContainerStateMachine (ContainerStateMachine.java:loadSnapshot(240)) - group-C1DFA7CE67BB: The snapshot info is null. Setting the last applied indexto:(t:0, i:~)
2023-01-05 09:38:51,510 [pool-71-thread-1] INFO  server.RaftServerConfigKeys (ConfUtils.java:logGet(46)) - raft.server.log.use.memory = false (default)
2023-01-05 09:38:51,510 [pool-71-thread-1] INFO  server.RaftServerConfigKeys (ConfUtils.java:logGet(46)) - raft.server.log.purge.gap = 1000000 (custom)
2023-01-05 09:38:51,510 [pool-71-thread-1] INFO  server.RaftServerConfigKeys (ConfUtils.java:logGet(46)) - raft.server.log.appender.buffer.byte-limit = 33554432 (custom)
2023-01-05 09:38:51,510 [pool-71-thread-1] INFO  server.RaftServerConfigKeys (ConfUtils.java:logGet(46)) - raft.server.log.statemachine.data.read.timeout = 1000ms (default)
2023-01-05 09:38:51,510 [pool-71-thread-1] INFO  server.RaftServerConfigKeys (ConfUtils.java:logGet(46)) - raft.server.log.purge.preservation.log.num = 0 (default)
2023-01-05 09:38:51,510 [pool-71-thread-1] INFO  server.RaftServerConfigKeys (ConfUtils.java:logGet(46)) - raft.server.log.segment.size.max = 1048576 (custom)
2023-01-05 09:38:51,510 [pool-71-thread-1] INFO  server.RaftServerConfigKeys (ConfUtils.java:logGet(46)) - raft.server.log.segment.cache.num.max = 2 (custom)
2023-01-05 09:38:51,510 [pool-71-thread-1] INFO  server.RaftServerConfigKeys (ConfUtils.java:logGet(46)) - raft.server.log.segment.cache.size.max = 200MB (=209715200) (default)
2023-01-05 09:38:51,510 [pool-71-thread-1] INFO  segmented.SegmentedRaftLogWorker (SegmentedRaftLogWorker.java:<init>(189)) - new 990d1a38-ec81-4b28-afef-59db27651b98@group-C1DFA7CE67BB-SegmentedRaftLogWorker for RaftStorageImpl:Storage Directory /home/runner/work/ozone/ozone/hadoop-ozone/integration-test/target/test-dir/MiniOzoneClusterImpl-b4cfd215-9b0e-48e6-9461-0a101ded37cf/datanode-0/data/ratis/a7876653-673e-4d23-890a-c1dfa7ce67bb
2023-01-05 09:38:51,510 [pool-71-thread-1] INFO  server.RaftServerConfigKeys (ConfUtils.java:logGet(46)) - raft.server.log.queue.byte-limit = 4294967296 (custom)
2023-01-05 09:38:51,510 [pool-71-thread-1] INFO  server.RaftServerConfigKeys (ConfUtils.java:logGet(46)) - raft.server.log.queue.element-limit = 1024 (custom)
2023-01-05 09:38:51,511 [pool-71-thread-1] INFO  server.RaftServerConfigKeys (ConfUtils.java:logGet(46)) - raft.server.log.segment.size.max = 1048576 (custom)
2023-01-05 09:38:51,511 [pool-71-thread-1] INFO  server.RaftServerConfigKeys (ConfUtils.java:logGet(46)) - raft.server.log.preallocated.size = 16384 (custom)
2023-01-05 09:38:51,511 [pool-71-thread-1] INFO  server.RaftServerConfigKeys (ConfUtils.java:logGet(46)) - raft.server.log.force.sync.num = 128 (default)
2023-01-05 09:38:51,511 [pool-71-thread-1] INFO  server.RaftServerConfigKeys (ConfUtils.java:logGet(46)) - raft.server.log.statemachine.data.sync = true (default)
2023-01-05 09:38:51,511 [pool-71-thread-1] INFO  server.RaftServerConfigKeys (ConfUtils.java:logGet(46)) - raft.server.log.statemachine.data.sync.timeout = 10s (default)
2023-01-05 09:38:51,511 [pool-71-thread-1] INFO  server.RaftServerConfigKeys (ConfUtils.java:logGet(46)) - raft.server.log.statemachine.data.sync.timeout.retry = -1 (default)
2023-01-05 09:38:51,512 [pool-71-thread-1] INFO  server.RaftServerConfigKeys (ConfUtils.java:logGet(46)) - raft.server.log.write.buffer.size = 1048576 (custom)
2023-01-05 09:38:51,512 [pool-71-thread-1] INFO  server.RaftServerConfigKeys (ConfUtils.java:logGet(46)) - raft.server.log.appender.buffer.byte-limit = 33554432 (custom)
2023-01-05 09:38:51,525 [pool-71-thread-1] INFO  server.RaftServerConfigKeys (ConfUtils.java:logGet(46)) - raft.server.log.unsafe-flush.enabled = false (default)
2023-01-05 09:38:51,526 [pool-71-thread-1] INFO  server.RaftServerConfigKeys (ConfUtils.java:logGet(46)) - raft.server.log.async-flush.enabled = false (default)
2023-01-05 09:38:51,526 [pool-71-thread-1] INFO  server.RaftServerConfigKeys (ConfUtils.java:logGet(46)) - raft.server.log.statemachine.data.caching.enabled = true (custom)
2023-01-05 09:38:51,526 [pool-71-thread-1] INFO  segmented.SegmentedRaftLogWorker (SegmentedRaftLogWorker.java:lambda$new$0(135)) - 990d1a38-ec81-4b28-afef-59db27651b98@group-C1DFA7CE67BB-SegmentedRaftLogWorker: flushIndex: setUnconditionally 0 -> -1
2023-01-05 09:38:51,526 [pool-71-thread-1] INFO  segmented.SegmentedRaftLogWorker (SegmentedRaftLogWorker.java:lambda$new$0(135)) - 990d1a38-ec81-4b28-afef-59db27651b98@group-C1DFA7CE67BB-SegmentedRaftLogWorker: safeCacheEvictIndex: setUnconditionally 0 -> -1
2023-01-05 09:38:51,526 [pool-71-thread-1] INFO  server.RaftServer$Division (RaftServerImpl.java:start(334)) - 990d1a38-ec81-4b28-afef-59db27651b98@group-C1DFA7CE67BB: start as a follower, conf=-1: peers:[e52e8f62-614f-4bab-8a16-f8f5fa61eddd|rpc:10.1.0.15:32835|dataStream:10.1.0.15:45529|priority:1|startupRole:FOLLOWER, 990d1a38-ec81-4b28-afef-59db27651b98|rpc:10.1.0.15:38013|dataStream:10.1.0.15:41075|priority:0|startupRole:FOLLOWER, f6bfd639-f08e-437c-ab3a-d66c7a0f1667|rpc:10.1.0.15:34483|dataStream:10.1.0.15:45565|priority:0|startupRole:FOLLOWER]|listeners:[], old=null
2023-01-05 09:38:51,526 [pool-71-thread-1] INFO  server.RaftServer$Division (RaftServerImpl.java:setRole(321)) - 990d1a38-ec81-4b28-afef-59db27651b98@group-C1DFA7CE67BB: changes role from      null to FOLLOWER at term 0 for startAsFollower
2023-01-05 09:38:51,527 | INFO  | SCMAudit | user=runner | ip=10.1.0.15 | op=SEND_HEARTBEAT {datanodeUUID=990d1a38-ec81-4b28-afef-59db27651b98, term=-1, command=[]} | ret=SUCCESS |  
2023-01-05 09:38:51,527 [EventQueue-OpenPipelineForHealthyPipelineSafeModeRule] INFO  safemode.SCMSafeModeManager (HealthyPipelineSafeModeRule.java:process(137)) - SCM in safe mode. Healthy pipelines reported count is 0, required healthy pipeline reported count is 1
2023-01-05 09:38:51,536 [pool-71-thread-1] INFO  impl.RoleInfo (RoleInfo.java:updateAndGet(139)) - 990d1a38-ec81-4b28-afef-59db27651b98: start 990d1a38-ec81-4b28-afef-59db27651b98@group-C1DFA7CE67BB-FollowerState
2023-01-05 09:38:51,529 [EventQueue-CommandQueueReportForCommandQueueReportHandler] WARN  events.EventQueue (EventQueue.java:fireEvent(216)) - No event handler registered for event TypedEvent{payloadType=DatanodeDetails, name='Datanode_Command_Queue_Updated'}
2023-01-05 09:38:51,537 [pool-71-thread-1] INFO  util.JmxRegister (JmxRegister.java:tryRegister(44)) - Successfully registered JMX Bean with object name Ratis:service=RaftServer,group=group-C1DFA7CE67BB,id=990d1a38-ec81-4b28-afef-59db27651b98
2023-01-05 09:38:51,537 [pool-71-thread-1] INFO  server.RaftServerConfigKeys (ConfUtils.java:logGet(46)) - raft.server.snapshot.auto.trigger.enabled = true (custom)
2023-01-05 09:38:51,537 [pool-71-thread-1] INFO  server.RaftServerConfigKeys (ConfUtils.java:logGet(46)) - raft.server.snapshot.auto.trigger.threshold = 10000 (custom)
2023-01-05 09:38:51,537 [pool-71-thread-1] INFO  server.RaftServerConfigKeys (ConfUtils.java:logGet(46)) - raft.server.snapshot.retention.file.num = 5 (custom)
2023-01-05 09:38:51,537 [pool-71-thread-1] INFO  server.RaftServerConfigKeys (ConfUtils.java:logGet(46)) - raft.server.log.purge.upto.snapshot.index = false (default)
2023-01-05 09:38:51,538 [990d1a38-ec81-4b28-afef-59db27651b98@group-C1DFA7CE67BB-FollowerState] INFO  server.RaftServerConfigKeys (ConfUtils.java:logFallback(53)) - raft.server.rpc.first-election.timeout.min = 5s (fallback to raft.server.rpc.timeout.min)
2023-01-05 09:38:51,538 [990d1a38-ec81-4b28-afef-59db27651b98@group-C1DFA7CE67BB-FollowerState] INFO  server.RaftServerConfigKeys (ConfUtils.java:logFallback(53)) - raft.server.rpc.first-election.timeout.max = 5200ms (fallback to raft.server.rpc.timeout.max)
2023-01-05 09:38:51,538 [Command processor thread] INFO  ratis.XceiverServerRatis (XceiverServerRatis.java:addGroup(806)) - Created group PipelineID=a7876653-673e-4d23-890a-c1dfa7ce67bb
2023-01-05 09:38:51,560 [grpc-default-executor-0] INFO  server.RaftServer (RaftServerProxy.java:addNew(96)) - f6bfd639-f08e-437c-ab3a-d66c7a0f1667: addNew group-C1DFA7CE67BB:[e52e8f62-614f-4bab-8a16-f8f5fa61eddd|rpc:10.1.0.15:32835|dataStream:10.1.0.15:45529|priority:1|startupRole:FOLLOWER, 990d1a38-ec81-4b28-afef-59db27651b98|rpc:10.1.0.15:38013|dataStream:10.1.0.15:41075|priority:0|startupRole:FOLLOWER, f6bfd639-f08e-437c-ab3a-d66c7a0f1667|rpc:10.1.0.15:34483|dataStream:10.1.0.15:45565|priority:0|startupRole:FOLLOWER] returns group-C1DFA7CE67BB:java.util.concurrent.CompletableFuture@573509bb[Not completed]
2023-01-05 09:38:51,561 [pool-94-thread-1] INFO  server.RaftServer$Division (RaftServerImpl.java:<init>(195)) - f6bfd639-f08e-437c-ab3a-d66c7a0f1667: new RaftServerImpl for group-C1DFA7CE67BB:[e52e8f62-614f-4bab-8a16-f8f5fa61eddd|rpc:10.1.0.15:32835|dataStream:10.1.0.15:45529|priority:1|startupRole:FOLLOWER, 990d1a38-ec81-4b28-afef-59db27651b98|rpc:10.1.0.15:38013|dataStream:10.1.0.15:41075|priority:0|startupRole:FOLLOWER, f6bfd639-f08e-437c-ab3a-d66c7a0f1667|rpc:10.1.0.15:34483|dataStream:10.1.0.15:45565|priority:0|startupRole:FOLLOWER] with ContainerStateMachine:uninitialized
2023-01-05 09:38:51,561 [pool-94-thread-1] INFO  server.RaftServerConfigKeys (ConfUtils.java:logGet(46)) - raft.server.rpc.timeout.min = 5s (custom)
2023-01-05 09:38:51,561 [pool-94-thread-1] INFO  server.RaftServerConfigKeys (ConfUtils.java:logGet(46)) - raft.server.rpc.timeout.max = 5200ms (custom)
2023-01-05 09:38:51,561 [pool-94-thread-1] INFO  server.RaftServerConfigKeys (ConfUtils.java:logGet(46)) - raft.server.rpc.sleep.time = 25ms (default)
2023-01-05 09:38:51,561 [pool-94-thread-1] INFO  server.RaftServerConfigKeys (ConfUtils.java:logGet(46)) - raft.server.rpc.slowness.timeout = 300s (custom)
2023-01-05 09:38:51,561 [pool-94-thread-1] INFO  server.RaftServerConfigKeys (ConfUtils.java:logGet(46)) - raft.server.leaderelection.leader.step-down.wait-time = 10s (default)
2023-01-05 09:38:51,561 [pool-94-thread-1] INFO  server.RaftServerConfigKeys (ConfUtils.java:logGet(46)) - raft.server.sleep.deviation.threshold = 300ms (default)
2023-01-05 09:38:51,562 [pool-94-thread-1] INFO  server.RaftServer$Division (ServerState.java:<init>(118)) - f6bfd639-f08e-437c-ab3a-d66c7a0f1667@group-C1DFA7CE67BB: ConfigurationManager, init=-1: peers:[e52e8f62-614f-4bab-8a16-f8f5fa61eddd|rpc:10.1.0.15:32835|dataStream:10.1.0.15:45529|priority:1|startupRole:FOLLOWER, 990d1a38-ec81-4b28-afef-59db27651b98|rpc:10.1.0.15:38013|dataStream:10.1.0.15:41075|priority:0|startupRole:FOLLOWER, f6bfd639-f08e-437c-ab3a-d66c7a0f1667|rpc:10.1.0.15:34483|dataStream:10.1.0.15:45565|priority:0|startupRole:FOLLOWER]|listeners:[], old=null, confs=<EMPTY_MAP>
2023-01-05 09:38:51,562 [pool-94-thread-1] INFO  server.RaftServerConfigKeys (ConfUtils.java:logGet(46)) - raft.server.storage.dir = [/home/runner/work/ozone/ozone/hadoop-ozone/integration-test/target/test-dir/MiniOzoneClusterImpl-b4cfd215-9b0e-48e6-9461-0a101ded37cf/datanode-1/data/ratis] (custom)
2023-01-05 09:38:51,562 [pool-94-thread-1] INFO  server.RaftServerConfigKeys (ConfUtils.java:logGet(46)) - raft.server.log.corruption.policy = EXCEPTION (default)
2023-01-05 09:38:51,562 [pool-94-thread-1] INFO  server.RaftServerConfigKeys (ConfUtils.java:logGet(46)) - raft.server.storage.free-space.min = 0MB (=0) (default)
2023-01-05 09:38:51,562 [pool-94-thread-1] INFO  server.RaftServerConfigKeys (ConfUtils.java:logGet(46)) - raft.server.notification.no-leader.timeout = 300s (custom)
2023-01-05 09:38:51,562 [pool-94-thread-1] INFO  server.RaftServerConfigKeys (ConfUtils.java:logGet(46)) - raft.server.retrycache.expirytime = 600000ms (custom)
2023-01-05 09:38:51,562 [pool-94-thread-1] INFO  server.RaftServerConfigKeys (ConfUtils.java:logGet(46)) - raft.server.retrycache.statistics.expirytime = 100μs (default)
2023-01-05 09:38:51,563 [pool-94-thread-1] INFO  server.RaftServerConfigKeys (ConfUtils.java:logGet(46)) - raft.server.log.appender.install.snapshot.enabled = false (custom)
2023-01-05 09:38:51,563 [pool-94-thread-1] INFO  server.RaftServerConfigKeys (ConfUtils.java:logGet(46)) - raft.server.threadpool.server.cached = true (default)
2023-01-05 09:38:51,563 [pool-94-thread-1] INFO  server.RaftServerConfigKeys (ConfUtils.java:logGet(46)) - raft.server.threadpool.server.size = 0 (default)
2023-01-05 09:38:51,563 [pool-94-thread-1] INFO  server.RaftServerConfigKeys (ConfUtils.java:logGet(46)) - raft.server.threadpool.client.cached = true (default)
2023-01-05 09:38:51,563 [pool-94-thread-1] INFO  server.RaftServerConfigKeys (ConfUtils.java:logGet(46)) - raft.server.threadpool.client.size = 0 (default)
2023-01-05 09:38:51,563 [pool-94-thread-1] INFO  storage.RaftStorageDirectory (RaftStorageDirectoryImpl.java:analyzeStorage(137)) - The storage directory /home/runner/work/ozone/ozone/hadoop-ozone/integration-test/target/test-dir/MiniOzoneClusterImpl-b4cfd215-9b0e-48e6-9461-0a101ded37cf/datanode-1/data/ratis/a7876653-673e-4d23-890a-c1dfa7ce67bb does not exist. Creating ...
2023-01-05 09:38:51,565 [pool-94-thread-1] INFO  storage.RaftStorageDirectory (RaftStorageDirectoryImpl.java:tryLock(231)) - Lock on /home/runner/work/ozone/ozone/hadoop-ozone/integration-test/target/test-dir/MiniOzoneClusterImpl-b4cfd215-9b0e-48e6-9461-0a101ded37cf/datanode-1/data/ratis/a7876653-673e-4d23-890a-c1dfa7ce67bb/in_use.lock acquired by nodename 61261@fv-az459-169
2023-01-05 09:38:51,569 [pool-94-thread-1] INFO  storage.RaftStorage (RaftStorageImpl.java:format(96)) - Storage directory /home/runner/work/ozone/ozone/hadoop-ozone/integration-test/target/test-dir/MiniOzoneClusterImpl-b4cfd215-9b0e-48e6-9461-0a101ded37cf/datanode-1/data/ratis/a7876653-673e-4d23-890a-c1dfa7ce67bb has been successfully formatted.
2023-01-05 09:38:51,570 [pool-94-thread-1] INFO  ratis.ContainerStateMachine (ContainerStateMachine.java:loadSnapshot(240)) - group-C1DFA7CE67BB: The snapshot info is null. Setting the last applied indexto:(t:0, i:~)
2023-01-05 09:38:51,570 [pool-94-thread-1] INFO  server.RaftServerConfigKeys (ConfUtils.java:logGet(46)) - raft.server.log.use.memory = false (default)
2023-01-05 09:38:51,570 [pool-94-thread-1] INFO  server.RaftServerConfigKeys (ConfUtils.java:logGet(46)) - raft.server.log.purge.gap = 1000000 (custom)
2023-01-05 09:38:51,570 [pool-94-thread-1] INFO  server.RaftServerConfigKeys (ConfUtils.java:logGet(46)) - raft.server.log.appender.buffer.byte-limit = 33554432 (custom)
2023-01-05 09:38:51,570 [pool-94-thread-1] INFO  server.RaftServerConfigKeys (ConfUtils.java:logGet(46)) - raft.server.log.statemachine.data.read.timeout = 1000ms (default)
2023-01-05 09:38:51,570 [pool-94-thread-1] INFO  server.RaftServerConfigKeys (ConfUtils.java:logGet(46)) - raft.server.log.purge.preservation.log.num = 0 (default)
2023-01-05 09:38:51,571 [pool-94-thread-1] INFO  server.RaftServerConfigKeys (ConfUtils.java:logGet(46)) - raft.server.log.segment.size.max = 1048576 (custom)
2023-01-05 09:38:51,571 [pool-94-thread-1] INFO  server.RaftServerConfigKeys (ConfUtils.java:logGet(46)) - raft.server.log.segment.cache.num.max = 2 (custom)
2023-01-05 09:38:51,571 [pool-94-thread-1] INFO  server.RaftServerConfigKeys (ConfUtils.java:logGet(46)) - raft.server.log.segment.cache.size.max = 200MB (=209715200) (default)
2023-01-05 09:38:51,571 [pool-94-thread-1] INFO  segmented.SegmentedRaftLogWorker (SegmentedRaftLogWorker.java:<init>(189)) - new f6bfd639-f08e-437c-ab3a-d66c7a0f1667@group-C1DFA7CE67BB-SegmentedRaftLogWorker for RaftStorageImpl:Storage Directory /home/runner/work/ozone/ozone/hadoop-ozone/integration-test/target/test-dir/MiniOzoneClusterImpl-b4cfd215-9b0e-48e6-9461-0a101ded37cf/datanode-1/data/ratis/a7876653-673e-4d23-890a-c1dfa7ce67bb
2023-01-05 09:38:51,571 [pool-94-thread-1] INFO  server.RaftServerConfigKeys (ConfUtils.java:logGet(46)) - raft.server.log.queue.byte-limit = 4294967296 (custom)
2023-01-05 09:38:51,571 [pool-94-thread-1] INFO  server.RaftServerConfigKeys (ConfUtils.java:logGet(46)) - raft.server.log.queue.element-limit = 1024 (custom)
2023-01-05 09:38:51,571 [pool-94-thread-1] INFO  server.RaftServerConfigKeys (ConfUtils.java:logGet(46)) - raft.server.log.segment.size.max = 1048576 (custom)
2023-01-05 09:38:51,571 [pool-94-thread-1] INFO  server.RaftServerConfigKeys (ConfUtils.java:logGet(46)) - raft.server.log.preallocated.size = 16384 (custom)
2023-01-05 09:38:51,571 [pool-94-thread-1] INFO  server.RaftServerConfigKeys (ConfUtils.java:logGet(46)) - raft.server.log.force.sync.num = 128 (default)
2023-01-05 09:38:51,571 [pool-94-thread-1] INFO  server.RaftServerConfigKeys (ConfUtils.java:logGet(46)) - raft.server.log.statemachine.data.sync = true (default)
2023-01-05 09:38:51,571 [pool-94-thread-1] INFO  server.RaftServerConfigKeys (ConfUtils.java:logGet(46)) - raft.server.log.statemachine.data.sync.timeout = 10s (default)
2023-01-05 09:38:51,571 [pool-94-thread-1] INFO  server.RaftServerConfigKeys (ConfUtils.java:logGet(46)) - raft.server.log.statemachine.data.sync.timeout.retry = -1 (default)
2023-01-05 09:38:51,572 [pool-94-thread-1] INFO  server.RaftServerConfigKeys (ConfUtils.java:logGet(46)) - raft.server.log.write.buffer.size = 1048576 (custom)
2023-01-05 09:38:51,573 [pool-94-thread-1] INFO  server.RaftServerConfigKeys (ConfUtils.java:logGet(46)) - raft.server.log.appender.buffer.byte-limit = 33554432 (custom)
2023-01-05 09:38:51,578 [pool-94-thread-1] INFO  server.RaftServerConfigKeys (ConfUtils.java:logGet(46)) - raft.server.log.unsafe-flush.enabled = false (default)
2023-01-05 09:38:51,578 [pool-94-thread-1] INFO  server.RaftServerConfigKeys (ConfUtils.java:logGet(46)) - raft.server.log.async-flush.enabled = false (default)
2023-01-05 09:38:51,578 [pool-94-thread-1] INFO  server.RaftServerConfigKeys (ConfUtils.java:logGet(46)) - raft.server.log.statemachine.data.caching.enabled = true (custom)
2023-01-05 09:38:51,581 | INFO  | SCMAudit | user=runner | ip=10.1.0.15 | op=SEND_HEARTBEAT {datanodeUUID=f6bfd639-f08e-437c-ab3a-d66c7a0f1667, term=-1, command=[]} | ret=SUCCESS |  
2023-01-05 09:38:51,578 [pool-94-thread-1] INFO  segmented.SegmentedRaftLogWorker (SegmentedRaftLogWorker.java:lambda$new$0(135)) - f6bfd639-f08e-437c-ab3a-d66c7a0f1667@group-C1DFA7CE67BB-SegmentedRaftLogWorker: flushIndex: setUnconditionally 0 -> -1
2023-01-05 09:38:51,588 [pool-94-thread-1] INFO  segmented.SegmentedRaftLogWorker (SegmentedRaftLogWorker.java:lambda$new$0(135)) - f6bfd639-f08e-437c-ab3a-d66c7a0f1667@group-C1DFA7CE67BB-SegmentedRaftLogWorker: safeCacheEvictIndex: setUnconditionally 0 -> -1
2023-01-05 09:38:51,588 [pool-94-thread-1] INFO  server.RaftServer$Division (RaftServerImpl.java:start(334)) - f6bfd639-f08e-437c-ab3a-d66c7a0f1667@group-C1DFA7CE67BB: start as a follower, conf=-1: peers:[e52e8f62-614f-4bab-8a16-f8f5fa61eddd|rpc:10.1.0.15:32835|dataStream:10.1.0.15:45529|priority:1|startupRole:FOLLOWER, 990d1a38-ec81-4b28-afef-59db27651b98|rpc:10.1.0.15:38013|dataStream:10.1.0.15:41075|priority:0|startupRole:FOLLOWER, f6bfd639-f08e-437c-ab3a-d66c7a0f1667|rpc:10.1.0.15:34483|dataStream:10.1.0.15:45565|priority:0|startupRole:FOLLOWER]|listeners:[], old=null
2023-01-05 09:38:51,588 [pool-94-thread-1] INFO  server.RaftServer$Division (RaftServerImpl.java:setRole(321)) - f6bfd639-f08e-437c-ab3a-d66c7a0f1667@group-C1DFA7CE67BB: changes role from      null to FOLLOWER at term 0 for startAsFollower
2023-01-05 09:38:51,588 [pool-94-thread-1] INFO  impl.RoleInfo (RoleInfo.java:updateAndGet(139)) - f6bfd639-f08e-437c-ab3a-d66c7a0f1667: start f6bfd639-f08e-437c-ab3a-d66c7a0f1667@group-C1DFA7CE67BB-FollowerState
2023-01-05 09:38:51,581 [EventQueue-OpenPipelineForHealthyPipelineSafeModeRule] INFO  safemode.SCMSafeModeManager (HealthyPipelineSafeModeRule.java:process(137)) - SCM in safe mode. Healthy pipelines reported count is 0, required healthy pipeline reported count is 1
2023-01-05 09:38:51,598 [f6bfd639-f08e-437c-ab3a-d66c7a0f1667@group-C1DFA7CE67BB-FollowerState] INFO  server.RaftServerConfigKeys (ConfUtils.java:logFallback(53)) - raft.server.rpc.first-election.timeout.min = 5s (fallback to raft.server.rpc.timeout.min)
2023-01-05 09:38:51,601 [f6bfd639-f08e-437c-ab3a-d66c7a0f1667@group-C1DFA7CE67BB-FollowerState] INFO  server.RaftServerConfigKeys (ConfUtils.java:logFallback(53)) - raft.server.rpc.first-election.timeout.max = 5200ms (fallback to raft.server.rpc.timeout.max)
2023-01-05 09:38:51,581 [EventQueue-CommandQueueReportForCommandQueueReportHandler] WARN  events.EventQueue (EventQueue.java:fireEvent(216)) - No event handler registered for event TypedEvent{payloadType=DatanodeDetails, name='Datanode_Command_Queue_Updated'}
2023-01-05 09:38:51,591 [pool-94-thread-1] INFO  util.JmxRegister (JmxRegister.java:tryRegister(44)) - Successfully registered JMX Bean with object name Ratis:service=RaftServer,group=group-C1DFA7CE67BB,id=f6bfd639-f08e-437c-ab3a-d66c7a0f1667
2023-01-05 09:38:51,602 [pool-94-thread-1] INFO  server.RaftServerConfigKeys (ConfUtils.java:logGet(46)) - raft.server.snapshot.auto.trigger.enabled = true (custom)
2023-01-05 09:38:51,602 [pool-94-thread-1] INFO  server.RaftServerConfigKeys (ConfUtils.java:logGet(46)) - raft.server.snapshot.auto.trigger.threshold = 10000 (custom)
2023-01-05 09:38:51,602 [pool-94-thread-1] INFO  server.RaftServerConfigKeys (ConfUtils.java:logGet(46)) - raft.server.snapshot.retention.file.num = 5 (custom)
2023-01-05 09:38:51,603 [pool-94-thread-1] INFO  server.RaftServerConfigKeys (ConfUtils.java:logGet(46)) - raft.server.log.purge.upto.snapshot.index = false (default)
2023-01-05 09:38:51,656 [Command processor thread] INFO  commandhandler.CreatePipelineCommandHandler (CreatePipelineCommandHandler.java:handle(113)) - Created Pipeline RATIS THREE PipelineID=83043037-19a9-4d46-a2aa-c97e1ce4ecf8.
2023-01-05 09:38:51,683 [Command processor thread] INFO  commandhandler.CreatePipelineCommandHandler (CreatePipelineCommandHandler.java:handle(113)) - Created Pipeline RATIS THREE PipelineID=a7876653-673e-4d23-890a-c1dfa7ce67bb.
2023-01-05 09:38:51,690 [Command processor thread] INFO  commandhandler.CreatePipelineCommandHandler (CreatePipelineCommandHandler.java:handle(113)) - Created Pipeline RATIS THREE PipelineID=a7876653-673e-4d23-890a-c1dfa7ce67bb.
2023-01-05 09:38:52,289 [Listener at 127.0.0.1/37423] INFO  ozone.MiniOzoneClusterImpl (MiniOzoneClusterImpl.java:lambda$waitForClusterToBeReady$0(217)) - Nodes are ready. Got 3 of 3 DN Heartbeats.
2023-01-05 09:38:52,289 [Listener at 127.0.0.1/37423] INFO  ozone.MiniOzoneClusterImpl (MiniOzoneClusterImpl.java:lambda$waitForClusterToBeReady$0(220)) - Waiting for cluster to exit safe mode
2023-01-05 09:38:52,289 [Listener at 127.0.0.1/37423] INFO  ozone.MiniOzoneClusterImpl (MiniOzoneClusterImpl.java:lambda$waitForClusterToBeReady$0(222)) - SCM became leader
2023-01-05 09:38:52,469 | INFO  | SCMAudit | user=runner | ip=10.1.0.15 | op=SEND_HEARTBEAT {datanodeUUID=e52e8f62-614f-4bab-8a16-f8f5fa61eddd, term=-1, command=[]} | ret=SUCCESS |  
2023-01-05 09:38:52,470 [EventQueue-CommandQueueReportForCommandQueueReportHandler] WARN  events.EventQueue (EventQueue.java:fireEvent(216)) - No event handler registered for event TypedEvent{payloadType=DatanodeDetails, name='Datanode_Command_Queue_Updated'}
2023-01-05 09:38:52,513 | INFO  | SCMAudit | user=runner | ip=10.1.0.15 | op=SEND_HEARTBEAT {datanodeUUID=990d1a38-ec81-4b28-afef-59db27651b98, term=-1, command=[]} | ret=SUCCESS |  
2023-01-05 09:38:52,513 [EventQueue-CommandQueueReportForCommandQueueReportHandler] WARN  events.EventQueue (EventQueue.java:fireEvent(216)) - No event handler registered for event TypedEvent{payloadType=DatanodeDetails, name='Datanode_Command_Queue_Updated'}
2023-01-05 09:38:52,571 [EventQueue-CommandQueueReportForCommandQueueReportHandler] WARN  events.EventQueue (EventQueue.java:fireEvent(216)) - No event handler registered for event TypedEvent{payloadType=DatanodeDetails, name='Datanode_Command_Queue_Updated'}
2023-01-05 09:38:52,571 | INFO  | SCMAudit | user=runner | ip=10.1.0.15 | op=SEND_HEARTBEAT {datanodeUUID=f6bfd639-f08e-437c-ab3a-d66c7a0f1667, term=-1, command=[]} | ret=SUCCESS |  
2023-01-05 09:38:53,289 [Listener at 127.0.0.1/37423] INFO  ozone.MiniOzoneClusterImpl (MiniOzoneClusterImpl.java:lambda$waitForClusterToBeReady$0(217)) - Nodes are ready. Got 3 of 3 DN Heartbeats.
2023-01-05 09:38:53,290 [Listener at 127.0.0.1/37423] INFO  ozone.MiniOzoneClusterImpl (MiniOzoneClusterImpl.java:lambda$waitForClusterToBeReady$0(220)) - Waiting for cluster to exit safe mode
2023-01-05 09:38:53,290 [Listener at 127.0.0.1/37423] INFO  ozone.MiniOzoneClusterImpl (MiniOzoneClusterImpl.java:lambda$waitForClusterToBeReady$0(222)) - SCM became leader
2023-01-05 09:38:53,469 [EventQueue-CommandQueueReportForCommandQueueReportHandler] WARN  events.EventQueue (EventQueue.java:fireEvent(216)) - No event handler registered for event TypedEvent{payloadType=DatanodeDetails, name='Datanode_Command_Queue_Updated'}
2023-01-05 09:38:53,469 | INFO  | SCMAudit | user=runner | ip=10.1.0.15 | op=SEND_HEARTBEAT {datanodeUUID=e52e8f62-614f-4bab-8a16-f8f5fa61eddd, term=-1, command=[]} | ret=SUCCESS |  
2023-01-05 09:38:53,513 | INFO  | SCMAudit | user=runner | ip=10.1.0.15 | op=SEND_HEARTBEAT {datanodeUUID=990d1a38-ec81-4b28-afef-59db27651b98, term=-1, command=[]} | ret=SUCCESS |  
2023-01-05 09:38:53,513 [EventQueue-CommandQueueReportForCommandQueueReportHandler] WARN  events.EventQueue (EventQueue.java:fireEvent(216)) - No event handler registered for event TypedEvent{payloadType=DatanodeDetails, name='Datanode_Command_Queue_Updated'}
2023-01-05 09:38:53,573 [EventQueue-CommandQueueReportForCommandQueueReportHandler] WARN  events.EventQueue (EventQueue.java:fireEvent(216)) - No event handler registered for event TypedEvent{payloadType=DatanodeDetails, name='Datanode_Command_Queue_Updated'}
2023-01-05 09:38:53,573 | INFO  | SCMAudit | user=runner | ip=10.1.0.15 | op=SEND_HEARTBEAT {datanodeUUID=f6bfd639-f08e-437c-ab3a-d66c7a0f1667, term=-1, command=[]} | ret=SUCCESS |  
2023-01-05 09:38:54,290 [Listener at 127.0.0.1/37423] INFO  ozone.MiniOzoneClusterImpl (MiniOzoneClusterImpl.java:lambda$waitForClusterToBeReady$0(217)) - Nodes are ready. Got 3 of 3 DN Heartbeats.
2023-01-05 09:38:54,290 [Listener at 127.0.0.1/37423] INFO  ozone.MiniOzoneClusterImpl (MiniOzoneClusterImpl.java:lambda$waitForClusterToBeReady$0(220)) - Waiting for cluster to exit safe mode
2023-01-05 09:38:54,290 [Listener at 127.0.0.1/37423] INFO  ozone.MiniOzoneClusterImpl (MiniOzoneClusterImpl.java:lambda$waitForClusterToBeReady$0(222)) - SCM became leader
2023-01-05 09:38:54,470 | INFO  | SCMAudit | user=runner | ip=10.1.0.15 | op=SEND_HEARTBEAT {datanodeUUID=e52e8f62-614f-4bab-8a16-f8f5fa61eddd, term=-1, command=[]} | ret=SUCCESS |  
2023-01-05 09:38:54,470 [EventQueue-CommandQueueReportForCommandQueueReportHandler] WARN  events.EventQueue (EventQueue.java:fireEvent(216)) - No event handler registered for event TypedEvent{payloadType=DatanodeDetails, name='Datanode_Command_Queue_Updated'}
2023-01-05 09:38:54,513 | INFO  | SCMAudit | user=runner | ip=10.1.0.15 | op=SEND_HEARTBEAT {datanodeUUID=990d1a38-ec81-4b28-afef-59db27651b98, term=-1, command=[]} | ret=SUCCESS |  
2023-01-05 09:38:54,513 [EventQueue-CommandQueueReportForCommandQueueReportHandler] WARN  events.EventQueue (EventQueue.java:fireEvent(216)) - No event handler registered for event TypedEvent{payloadType=DatanodeDetails, name='Datanode_Command_Queue_Updated'}
2023-01-05 09:38:54,572 | INFO  | SCMAudit | user=runner | ip=10.1.0.15 | op=SEND_HEARTBEAT {datanodeUUID=f6bfd639-f08e-437c-ab3a-d66c7a0f1667, term=-1, command=[]} | ret=SUCCESS |  
2023-01-05 09:38:54,573 [EventQueue-CommandQueueReportForCommandQueueReportHandler] WARN  events.EventQueue (EventQueue.java:fireEvent(216)) - No event handler registered for event TypedEvent{payloadType=DatanodeDetails, name='Datanode_Command_Queue_Updated'}
2023-01-05 09:38:55,291 [Listener at 127.0.0.1/37423] INFO  ozone.MiniOzoneClusterImpl (MiniOzoneClusterImpl.java:lambda$waitForClusterToBeReady$0(217)) - Nodes are ready. Got 3 of 3 DN Heartbeats.
2023-01-05 09:38:55,291 [Listener at 127.0.0.1/37423] INFO  ozone.MiniOzoneClusterImpl (MiniOzoneClusterImpl.java:lambda$waitForClusterToBeReady$0(220)) - Waiting for cluster to exit safe mode
2023-01-05 09:38:55,291 [Listener at 127.0.0.1/37423] INFO  ozone.MiniOzoneClusterImpl (MiniOzoneClusterImpl.java:lambda$waitForClusterToBeReady$0(222)) - SCM became leader
2023-01-05 09:38:55,447 [990d1a38-ec81-4b28-afef-59db27651b98@group-E6ABDC2A7E83-FollowerState] INFO  impl.FollowerState (FollowerState.java:run(143)) - 990d1a38-ec81-4b28-afef-59db27651b98@group-E6ABDC2A7E83-FollowerState: change to CANDIDATE, lastRpcElapsedTime:5030543380ns, electionTimeout:5029ms
2023-01-05 09:38:55,447 [990d1a38-ec81-4b28-afef-59db27651b98@group-E6ABDC2A7E83-FollowerState] INFO  impl.RoleInfo (RoleInfo.java:shutdownFollowerState(110)) - 990d1a38-ec81-4b28-afef-59db27651b98: shutdown 990d1a38-ec81-4b28-afef-59db27651b98@group-E6ABDC2A7E83-FollowerState
2023-01-05 09:38:55,447 [990d1a38-ec81-4b28-afef-59db27651b98@group-E6ABDC2A7E83-FollowerState] INFO  server.RaftServer$Division (RaftServerImpl.java:setRole(321)) - 990d1a38-ec81-4b28-afef-59db27651b98@group-E6ABDC2A7E83: changes role from  FOLLOWER to CANDIDATE at term 0 for changeToCandidate
2023-01-05 09:38:55,448 [990d1a38-ec81-4b28-afef-59db27651b98@group-E6ABDC2A7E83-FollowerState] INFO  server.RaftServerConfigKeys (ConfUtils.java:logGet(46)) - raft.server.leaderelection.pre-vote = false (custom)
2023-01-05 09:38:55,448 [990d1a38-ec81-4b28-afef-59db27651b98@group-E6ABDC2A7E83-FollowerState] INFO  impl.RoleInfo (RoleInfo.java:updateAndGet(139)) - 990d1a38-ec81-4b28-afef-59db27651b98: start 990d1a38-ec81-4b28-afef-59db27651b98@group-E6ABDC2A7E83-LeaderElection2
2023-01-05 09:38:55,454 [990d1a38-ec81-4b28-afef-59db27651b98@group-E6ABDC2A7E83-LeaderElection2] INFO  impl.LeaderElection (LeaderElection.java:askForVotes(312)) - 990d1a38-ec81-4b28-afef-59db27651b98@group-E6ABDC2A7E83-LeaderElection2 ELECTION round 0: submit vote requests at term 1 for -1: peers:[990d1a38-ec81-4b28-afef-59db27651b98|rpc:10.1.0.15:38013|dataStream:10.1.0.15:41075|priority:1|startupRole:FOLLOWER]|listeners:[], old=null
2023-01-05 09:38:55,454 [990d1a38-ec81-4b28-afef-59db27651b98@group-E6ABDC2A7E83-LeaderElection2] INFO  impl.LeaderElection (LeaderElection.java:askForVotes(314)) - 990d1a38-ec81-4b28-afef-59db27651b98@group-E6ABDC2A7E83-LeaderElection2 ELECTION round 0: result PASSED (term=1)
2023-01-05 09:38:55,454 [990d1a38-ec81-4b28-afef-59db27651b98@group-E6ABDC2A7E83-LeaderElection2] INFO  impl.RoleInfo (RoleInfo.java:shutdownLeaderElection(130)) - 990d1a38-ec81-4b28-afef-59db27651b98: shutdown 990d1a38-ec81-4b28-afef-59db27651b98@group-E6ABDC2A7E83-LeaderElection2
2023-01-05 09:38:55,454 [990d1a38-ec81-4b28-afef-59db27651b98@group-E6ABDC2A7E83-LeaderElection2] INFO  server.RaftServer$Division (RaftServerImpl.java:setRole(321)) - 990d1a38-ec81-4b28-afef-59db27651b98@group-E6ABDC2A7E83: changes role from CANDIDATE to LEADER at term 1 for changeToLeader
2023-01-05 09:38:55,454 [990d1a38-ec81-4b28-afef-59db27651b98@group-E6ABDC2A7E83-LeaderElection2] INFO  ratis.XceiverServerRatis (XceiverServerRatis.java:handleLeaderChangedNotification(904)) - Leader change notification received for group: group-E6ABDC2A7E83 with new leaderId: 990d1a38-ec81-4b28-afef-59db27651b98
2023-01-05 09:38:55,454 [990d1a38-ec81-4b28-afef-59db27651b98@group-E6ABDC2A7E83-LeaderElection2] INFO  server.RaftServer$Division (ServerState.java:setLeader(313)) - 990d1a38-ec81-4b28-afef-59db27651b98@group-E6ABDC2A7E83: change Leader from null to 990d1a38-ec81-4b28-afef-59db27651b98 at term 1 for becomeLeader, leader elected after 5061ms
2023-01-05 09:38:55,454 [990d1a38-ec81-4b28-afef-59db27651b98@group-E6ABDC2A7E83-LeaderElection2] INFO  server.RaftServerConfigKeys (ConfUtils.java:logGet(46)) - raft.server.staging.catchup.gap = 1000 (default)
2023-01-05 09:38:55,455 [990d1a38-ec81-4b28-afef-59db27651b98@group-E6ABDC2A7E83-LeaderElection2] INFO  server.RaftServerConfigKeys (ConfUtils.java:logGet(46)) - raft.server.write.element-limit = 1024 (custom)
2023-01-05 09:38:55,455 [990d1a38-ec81-4b28-afef-59db27651b98@group-E6ABDC2A7E83-LeaderElection2] INFO  server.RaftServerConfigKeys (ConfUtils.java:logGet(46)) - raft.server.write.byte-limit = 1024 M (=1073741824) (custom)
2023-01-05 09:38:55,455 [990d1a38-ec81-4b28-afef-59db27651b98@group-E6ABDC2A7E83-LeaderElection2] INFO  server.RaftServerConfigKeys (ConfUtils.java:logGet(46)) - raft.server.watch.timeout = 180s (custom)
2023-01-05 09:38:55,455 [990d1a38-ec81-4b28-afef-59db27651b98@group-E6ABDC2A7E83-LeaderElection2] INFO  server.RaftServerConfigKeys (ConfUtils.java:logGet(46)) - raft.server.watch.timeout.denomination = 1s (default)
2023-01-05 09:38:55,456 [990d1a38-ec81-4b28-afef-59db27651b98@group-E6ABDC2A7E83-LeaderElection2] INFO  server.RaftServerConfigKeys (ConfUtils.java:logGet(46)) - raft.server.watch.element-limit = 65536 (default)
2023-01-05 09:38:55,456 [990d1a38-ec81-4b28-afef-59db27651b98@group-E6ABDC2A7E83-LeaderElection2] INFO  server.RaftServerConfigKeys (ConfUtils.java:logGet(46)) - raft.server.write.element-limit = 1024 (custom)
2023-01-05 09:38:55,456 [990d1a38-ec81-4b28-afef-59db27651b98@group-E6ABDC2A7E83-LeaderElection2] INFO  server.RaftServerConfigKeys (ConfUtils.java:logGet(46)) - raft.server.write.follower.gap.ratio.max = -1.0 (default)
2023-01-05 09:38:55,456 [990d1a38-ec81-4b28-afef-59db27651b98@group-E6ABDC2A7E83-LeaderElection2] INFO  impl.RoleInfo (RoleInfo.java:updateAndGet(139)) - 990d1a38-ec81-4b28-afef-59db27651b98: start 990d1a38-ec81-4b28-afef-59db27651b98@group-E6ABDC2A7E83-LeaderStateImpl
2023-01-05 09:38:55,457 [990d1a38-ec81-4b28-afef-59db27651b98@group-E6ABDC2A7E83-LeaderElection2] INFO  segmented.SegmentedRaftLogWorker (SegmentedRaftLogWorker.java:startLogSegment(452)) - 990d1a38-ec81-4b28-afef-59db27651b98@group-E6ABDC2A7E83-SegmentedRaftLogWorker: Starting segment from index:0
2023-01-05 09:38:55,458 | INFO  | SCMAudit | user=runner | ip=10.1.0.15 | op=SEND_HEARTBEAT {datanodeUUID=990d1a38-ec81-4b28-afef-59db27651b98, term=-1, command=[]} | ret=SUCCESS |  
2023-01-05 09:38:55,458 [EventQueue-CommandQueueReportForCommandQueueReportHandler] WARN  events.EventQueue (EventQueue.java:fireEvent(216)) - No event handler registered for event TypedEvent{payloadType=DatanodeDetails, name='Datanode_Command_Queue_Updated'}
2023-01-05 09:38:55,459 [EventQueue-OpenPipelineForHealthyPipelineSafeModeRule] INFO  safemode.SCMSafeModeManager (HealthyPipelineSafeModeRule.java:process(137)) - SCM in safe mode. Healthy pipelines reported count is 0, required healthy pipeline reported count is 1
2023-01-05 09:38:55,459 [990d1a38-ec81-4b28-afef-59db27651b98@group-E6ABDC2A7E83-SegmentedRaftLogWorker] INFO  segmented.SegmentedRaftLogWorker (SegmentedRaftLogWorker.java:execute(656)) - 990d1a38-ec81-4b28-afef-59db27651b98@group-E6ABDC2A7E83-SegmentedRaftLogWorker: created new log segment /home/runner/work/ozone/ozone/hadoop-ozone/integration-test/target/test-dir/MiniOzoneClusterImpl-b4cfd215-9b0e-48e6-9461-0a101ded37cf/datanode-0/data/ratis/724a5233-e8e8-4bdc-b877-e6abdc2a7e83/current/log_inprogress_0
2023-01-05 09:38:55,465 [990d1a38-ec81-4b28-afef-59db27651b98@group-E6ABDC2A7E83-LeaderElection2] INFO  server.RaftServer$Division (ServerState.java:setRaftConf(430)) - 990d1a38-ec81-4b28-afef-59db27651b98@group-E6ABDC2A7E83: set configuration 0: peers:[990d1a38-ec81-4b28-afef-59db27651b98|rpc:10.1.0.15:38013|dataStream:10.1.0.15:41075|priority:1|startupRole:FOLLOWER]|listeners:[], old=null
2023-01-05 09:38:55,468 | INFO  | SCMAudit | user=runner | ip=10.1.0.15 | op=SEND_HEARTBEAT {datanodeUUID=e52e8f62-614f-4bab-8a16-f8f5fa61eddd, term=-1, command=[]} | ret=SUCCESS |  
2023-01-05 09:38:55,469 [EventQueue-CommandQueueReportForCommandQueueReportHandler] WARN  events.EventQueue (EventQueue.java:fireEvent(216)) - No event handler registered for event TypedEvent{payloadType=DatanodeDetails, name='Datanode_Command_Queue_Updated'}
2023-01-05 09:38:55,567 [990d1a38-ec81-4b28-afef-59db27651b98@group-C97E1CE4ECF8-FollowerState] INFO  impl.FollowerState (FollowerState.java:run(143)) - 990d1a38-ec81-4b28-afef-59db27651b98@group-C97E1CE4ECF8-FollowerState: change to CANDIDATE, lastRpcElapsedTime:5091264162ns, electionTimeout:5090ms
2023-01-05 09:38:55,568 [990d1a38-ec81-4b28-afef-59db27651b98@group-C97E1CE4ECF8-FollowerState] INFO  impl.RoleInfo (RoleInfo.java:shutdownFollowerState(110)) - 990d1a38-ec81-4b28-afef-59db27651b98: shutdown 990d1a38-ec81-4b28-afef-59db27651b98@group-C97E1CE4ECF8-FollowerState
2023-01-05 09:38:55,568 [990d1a38-ec81-4b28-afef-59db27651b98@group-C97E1CE4ECF8-FollowerState] INFO  server.RaftServer$Division (RaftServerImpl.java:setRole(321)) - 990d1a38-ec81-4b28-afef-59db27651b98@group-C97E1CE4ECF8: changes role from  FOLLOWER to CANDIDATE at term 0 for changeToCandidate
2023-01-05 09:38:55,569 [990d1a38-ec81-4b28-afef-59db27651b98@group-C97E1CE4ECF8-FollowerState] INFO  server.RaftServerConfigKeys (ConfUtils.java:logGet(46)) - raft.server.leaderelection.pre-vote = false (custom)
2023-01-05 09:38:55,569 [990d1a38-ec81-4b28-afef-59db27651b98@group-C97E1CE4ECF8-FollowerState] INFO  impl.RoleInfo (RoleInfo.java:updateAndGet(139)) - 990d1a38-ec81-4b28-afef-59db27651b98: start 990d1a38-ec81-4b28-afef-59db27651b98@group-C97E1CE4ECF8-LeaderElection3
2023-01-05 09:38:55,571 | INFO  | SCMAudit | user=runner | ip=10.1.0.15 | op=SEND_HEARTBEAT {datanodeUUID=f6bfd639-f08e-437c-ab3a-d66c7a0f1667, term=-1, command=[]} | ret=SUCCESS |  
2023-01-05 09:38:55,572 [EventQueue-CommandQueueReportForCommandQueueReportHandler] WARN  events.EventQueue (EventQueue.java:fireEvent(216)) - No event handler registered for event TypedEvent{payloadType=DatanodeDetails, name='Datanode_Command_Queue_Updated'}
2023-01-05 09:38:55,575 [990d1a38-ec81-4b28-afef-59db27651b98@group-C97E1CE4ECF8-LeaderElection3] INFO  impl.LeaderElection (LeaderElection.java:askForVotes(312)) - 990d1a38-ec81-4b28-afef-59db27651b98@group-C97E1CE4ECF8-LeaderElection3 ELECTION round 0: submit vote requests at term 1 for -1: peers:[e52e8f62-614f-4bab-8a16-f8f5fa61eddd|rpc:10.1.0.15:32835|dataStream:10.1.0.15:45529|priority:0|startupRole:FOLLOWER, 990d1a38-ec81-4b28-afef-59db27651b98|rpc:10.1.0.15:38013|dataStream:10.1.0.15:41075|priority:1|startupRole:FOLLOWER, f6bfd639-f08e-437c-ab3a-d66c7a0f1667|rpc:10.1.0.15:34483|dataStream:10.1.0.15:45565|priority:0|startupRole:FOLLOWER]|listeners:[], old=null
2023-01-05 09:38:55,585 [990d1a38-ec81-4b28-afef-59db27651b98@group-C97E1CE4ECF8-LeaderElection3-1] INFO  server.GrpcServerProtocolClient (GrpcServerProtocolClient.java:<init>(63)) - Build channel for e52e8f62-614f-4bab-8a16-f8f5fa61eddd
2023-01-05 09:38:55,589 [990d1a38-ec81-4b28-afef-59db27651b98@group-C97E1CE4ECF8-LeaderElection3] INFO  server.RaftServerConfigKeys (ConfUtils.java:logFallback(53)) - raft.server.rpc.first-election.timeout.min = 5s (fallback to raft.server.rpc.timeout.min)
2023-01-05 09:38:55,590 [990d1a38-ec81-4b28-afef-59db27651b98@group-C97E1CE4ECF8-LeaderElection3] INFO  server.RaftServerConfigKeys (ConfUtils.java:logFallback(53)) - raft.server.rpc.first-election.timeout.max = 5200ms (fallback to raft.server.rpc.timeout.max)
2023-01-05 09:38:55,589 [990d1a38-ec81-4b28-afef-59db27651b98@group-C97E1CE4ECF8-LeaderElection3-2] INFO  server.GrpcServerProtocolClient (GrpcServerProtocolClient.java:<init>(63)) - Build channel for f6bfd639-f08e-437c-ab3a-d66c7a0f1667
2023-01-05 09:38:55,611 [grpc-default-executor-0] INFO  server.RaftServer$Division (RaftServerImpl.java:requestVote(1218)) - e52e8f62-614f-4bab-8a16-f8f5fa61eddd@group-C97E1CE4ECF8: receive requestVote(ELECTION, 990d1a38-ec81-4b28-afef-59db27651b98, group-C97E1CE4ECF8, 1, (t:0, i:0))
2023-01-05 09:38:55,613 [grpc-default-executor-0] INFO  impl.VoteContext (VoteContext.java:log(49)) - e52e8f62-614f-4bab-8a16-f8f5fa61eddd@group-C97E1CE4ECF8-FOLLOWER: accept ELECTION from 990d1a38-ec81-4b28-afef-59db27651b98: our priority 0 <= candidate's priority 1
2023-01-05 09:38:55,613 [grpc-default-executor-0] INFO  server.RaftServer$Division (RaftServerImpl.java:setRole(321)) - e52e8f62-614f-4bab-8a16-f8f5fa61eddd@group-C97E1CE4ECF8: changes role from  FOLLOWER to FOLLOWER at term 1 for candidate:990d1a38-ec81-4b28-afef-59db27651b98
2023-01-05 09:38:55,613 [grpc-default-executor-0] INFO  impl.RoleInfo (RoleInfo.java:shutdownFollowerState(110)) - e52e8f62-614f-4bab-8a16-f8f5fa61eddd: shutdown e52e8f62-614f-4bab-8a16-f8f5fa61eddd@group-C97E1CE4ECF8-FollowerState
2023-01-05 09:38:55,614 [e52e8f62-614f-4bab-8a16-f8f5fa61eddd@group-C97E1CE4ECF8-FollowerState] INFO  impl.FollowerState (FollowerState.java:run(152)) - e52e8f62-614f-4bab-8a16-f8f5fa61eddd@group-C97E1CE4ECF8-FollowerState was interrupted
2023-01-05 09:38:55,614 [grpc-default-executor-0] INFO  impl.RoleInfo (RoleInfo.java:updateAndGet(139)) - e52e8f62-614f-4bab-8a16-f8f5fa61eddd: start e52e8f62-614f-4bab-8a16-f8f5fa61eddd@group-C97E1CE4ECF8-FollowerState
2023-01-05 09:38:55,619 [grpc-default-executor-1] INFO  server.RaftServer$Division (RaftServerImpl.java:requestVote(1218)) - f6bfd639-f08e-437c-ab3a-d66c7a0f1667@group-C97E1CE4ECF8: receive requestVote(ELECTION, 990d1a38-ec81-4b28-afef-59db27651b98, group-C97E1CE4ECF8, 1, (t:0, i:0))
2023-01-05 09:38:55,619 [grpc-default-executor-1] INFO  impl.VoteContext (VoteContext.java:log(49)) - f6bfd639-f08e-437c-ab3a-d66c7a0f1667@group-C97E1CE4ECF8-FOLLOWER: accept ELECTION from 990d1a38-ec81-4b28-afef-59db27651b98: our priority 0 <= candidate's priority 1
2023-01-05 09:38:55,620 [grpc-default-executor-1] INFO  server.RaftServer$Division (RaftServerImpl.java:setRole(321)) - f6bfd639-f08e-437c-ab3a-d66c7a0f1667@group-C97E1CE4ECF8: changes role from  FOLLOWER to FOLLOWER at term 1 for candidate:990d1a38-ec81-4b28-afef-59db27651b98
2023-01-05 09:38:55,620 [grpc-default-executor-1] INFO  impl.RoleInfo (RoleInfo.java:shutdownFollowerState(110)) - f6bfd639-f08e-437c-ab3a-d66c7a0f1667: shutdown f6bfd639-f08e-437c-ab3a-d66c7a0f1667@group-C97E1CE4ECF8-FollowerState
2023-01-05 09:38:55,620 [f6bfd639-f08e-437c-ab3a-d66c7a0f1667@group-C97E1CE4ECF8-FollowerState] INFO  impl.FollowerState (FollowerState.java:run(152)) - f6bfd639-f08e-437c-ab3a-d66c7a0f1667@group-C97E1CE4ECF8-FollowerState was interrupted
2023-01-05 09:38:55,622 [e52e8f62-614f-4bab-8a16-f8f5fa61eddd@group-C97E1CE4ECF8-FollowerState] INFO  server.RaftServerConfigKeys (ConfUtils.java:logFallback(53)) - raft.server.rpc.first-election.timeout.min = 5s (fallback to raft.server.rpc.timeout.min)
2023-01-05 09:38:55,622 [e52e8f62-614f-4bab-8a16-f8f5fa61eddd@group-C97E1CE4ECF8-FollowerState] INFO  server.RaftServerConfigKeys (ConfUtils.java:logFallback(53)) - raft.server.rpc.first-election.timeout.max = 5200ms (fallback to raft.server.rpc.timeout.max)
2023-01-05 09:38:55,622 [grpc-default-executor-1] INFO  impl.RoleInfo (RoleInfo.java:updateAndGet(139)) - f6bfd639-f08e-437c-ab3a-d66c7a0f1667: start f6bfd639-f08e-437c-ab3a-d66c7a0f1667@group-C97E1CE4ECF8-FollowerState
2023-01-05 09:38:55,627 [grpc-default-executor-0] INFO  server.RaftServer$Division (RaftServerImpl.java:requestVote(1251)) - e52e8f62-614f-4bab-8a16-f8f5fa61eddd@group-C97E1CE4ECF8 replies to ELECTION vote request: 990d1a38-ec81-4b28-afef-59db27651b98<-e52e8f62-614f-4bab-8a16-f8f5fa61eddd#0:OK-t1. Peer's state: e52e8f62-614f-4bab-8a16-f8f5fa61eddd@group-C97E1CE4ECF8:t1, leader=null, voted=990d1a38-ec81-4b28-afef-59db27651b98, raftlog=Memoized:e52e8f62-614f-4bab-8a16-f8f5fa61eddd@group-C97E1CE4ECF8-SegmentedRaftLog:OPENED:c-1, conf=-1: peers:[e52e8f62-614f-4bab-8a16-f8f5fa61eddd|rpc:10.1.0.15:32835|dataStream:10.1.0.15:45529|priority:0|startupRole:FOLLOWER, 990d1a38-ec81-4b28-afef-59db27651b98|rpc:10.1.0.15:38013|dataStream:10.1.0.15:41075|priority:1|startupRole:FOLLOWER, f6bfd639-f08e-437c-ab3a-d66c7a0f1667|rpc:10.1.0.15:34483|dataStream:10.1.0.15:45565|priority:0|startupRole:FOLLOWER]|listeners:[], old=null
2023-01-05 09:38:55,635 [f6bfd639-f08e-437c-ab3a-d66c7a0f1667@group-C97E1CE4ECF8-FollowerState] INFO  server.RaftServerConfigKeys (ConfUtils.java:logFallback(53)) - raft.server.rpc.first-election.timeout.min = 5s (fallback to raft.server.rpc.timeout.min)
2023-01-05 09:38:55,635 [f6bfd639-f08e-437c-ab3a-d66c7a0f1667@group-C97E1CE4ECF8-FollowerState] INFO  server.RaftServerConfigKeys (ConfUtils.java:logFallback(53)) - raft.server.rpc.first-election.timeout.max = 5200ms (fallback to raft.server.rpc.timeout.max)
2023-01-05 09:38:55,636 [grpc-default-executor-1] INFO  server.RaftServer$Division (RaftServerImpl.java:requestVote(1251)) - f6bfd639-f08e-437c-ab3a-d66c7a0f1667@group-C97E1CE4ECF8 replies to ELECTION vote request: 990d1a38-ec81-4b28-afef-59db27651b98<-f6bfd639-f08e-437c-ab3a-d66c7a0f1667#0:OK-t1. Peer's state: f6bfd639-f08e-437c-ab3a-d66c7a0f1667@group-C97E1CE4ECF8:t1, leader=null, voted=990d1a38-ec81-4b28-afef-59db27651b98, raftlog=Memoized:f6bfd639-f08e-437c-ab3a-d66c7a0f1667@group-C97E1CE4ECF8-SegmentedRaftLog:OPENED:c-1, conf=-1: peers:[e52e8f62-614f-4bab-8a16-f8f5fa61eddd|rpc:10.1.0.15:32835|dataStream:10.1.0.15:45529|priority:0|startupRole:FOLLOWER, 990d1a38-ec81-4b28-afef-59db27651b98|rpc:10.1.0.15:38013|dataStream:10.1.0.15:41075|priority:1|startupRole:FOLLOWER, f6bfd639-f08e-437c-ab3a-d66c7a0f1667|rpc:10.1.0.15:34483|dataStream:10.1.0.15:45565|priority:0|startupRole:FOLLOWER]|listeners:[], old=null
2023-01-05 09:38:55,638 [990d1a38-ec81-4b28-afef-59db27651b98@group-C97E1CE4ECF8-LeaderElection3] INFO  impl.LeaderElection (LeaderElection.java:logAndReturn(90)) - 990d1a38-ec81-4b28-afef-59db27651b98@group-C97E1CE4ECF8-LeaderElection3: ELECTION PASSED received 1 response(s) and 0 exception(s):
2023-01-05 09:38:55,638 [990d1a38-ec81-4b28-afef-59db27651b98@group-C97E1CE4ECF8-LeaderElection3] INFO  impl.LeaderElection (LeaderElection.java:logAndReturn(94)) -   Response 0: 990d1a38-ec81-4b28-afef-59db27651b98<-e52e8f62-614f-4bab-8a16-f8f5fa61eddd#0:OK-t1
2023-01-05 09:38:55,638 [990d1a38-ec81-4b28-afef-59db27651b98@group-C97E1CE4ECF8-LeaderElection3] INFO  impl.LeaderElection (LeaderElection.java:askForVotes(314)) - 990d1a38-ec81-4b28-afef-59db27651b98@group-C97E1CE4ECF8-LeaderElection3 ELECTION round 0: result PASSED
2023-01-05 09:38:55,638 [990d1a38-ec81-4b28-afef-59db27651b98@group-C97E1CE4ECF8-LeaderElection3] INFO  impl.RoleInfo (RoleInfo.java:shutdownLeaderElection(130)) - 990d1a38-ec81-4b28-afef-59db27651b98: shutdown 990d1a38-ec81-4b28-afef-59db27651b98@group-C97E1CE4ECF8-LeaderElection3
2023-01-05 09:38:55,638 [990d1a38-ec81-4b28-afef-59db27651b98@group-C97E1CE4ECF8-LeaderElection3] INFO  server.RaftServer$Division (RaftServerImpl.java:setRole(321)) - 990d1a38-ec81-4b28-afef-59db27651b98@group-C97E1CE4ECF8: changes role from CANDIDATE to LEADER at term 1 for changeToLeader
2023-01-05 09:38:55,638 [990d1a38-ec81-4b28-afef-59db27651b98@group-C97E1CE4ECF8-LeaderElection3] INFO  ratis.XceiverServerRatis (XceiverServerRatis.java:handleLeaderChangedNotification(904)) - Leader change notification received for group: group-C97E1CE4ECF8 with new leaderId: 990d1a38-ec81-4b28-afef-59db27651b98
2023-01-05 09:38:55,639 [990d1a38-ec81-4b28-afef-59db27651b98@group-C97E1CE4ECF8-LeaderElection3] INFO  server.RaftServer$Division (ServerState.java:setLeader(313)) - 990d1a38-ec81-4b28-afef-59db27651b98@group-C97E1CE4ECF8: change Leader from null to 990d1a38-ec81-4b28-afef-59db27651b98 at term 1 for becomeLeader, leader elected after 5192ms
2023-01-05 09:38:55,639 [990d1a38-ec81-4b28-afef-59db27651b98@group-C97E1CE4ECF8-LeaderElection3] INFO  server.RaftServerConfigKeys (ConfUtils.java:logGet(46)) - raft.server.staging.catchup.gap = 1000 (default)
2023-01-05 09:38:55,639 [990d1a38-ec81-4b28-afef-59db27651b98@group-C97E1CE4ECF8-LeaderElection3] INFO  server.RaftServerConfigKeys (ConfUtils.java:logGet(46)) - raft.server.write.element-limit = 1024 (custom)
2023-01-05 09:38:55,639 [990d1a38-ec81-4b28-afef-59db27651b98@group-C97E1CE4ECF8-LeaderElection3] INFO  server.RaftServerConfigKeys (ConfUtils.java:logGet(46)) - raft.server.write.byte-limit = 1024 M (=1073741824) (custom)
2023-01-05 09:38:55,639 [990d1a38-ec81-4b28-afef-59db27651b98@group-C97E1CE4ECF8-LeaderElection3] INFO  server.RaftServerConfigKeys (ConfUtils.java:logGet(46)) - raft.server.watch.timeout = 180s (custom)
2023-01-05 09:38:55,639 [990d1a38-ec81-4b28-afef-59db27651b98@group-C97E1CE4ECF8-LeaderElection3] INFO  server.RaftServerConfigKeys (ConfUtils.java:logGet(46)) - raft.server.watch.timeout.denomination = 1s (default)
2023-01-05 09:38:55,639 [990d1a38-ec81-4b28-afef-59db27651b98@group-C97E1CE4ECF8-LeaderElection3] INFO  server.RaftServerConfigKeys (ConfUtils.java:logGet(46)) - raft.server.watch.element-limit = 65536 (default)
2023-01-05 09:38:55,639 [990d1a38-ec81-4b28-afef-59db27651b98@group-C97E1CE4ECF8-LeaderElection3] INFO  server.RaftServerConfigKeys (ConfUtils.java:logGet(46)) - raft.server.write.element-limit = 1024 (custom)
2023-01-05 09:38:55,639 [990d1a38-ec81-4b28-afef-59db27651b98@group-C97E1CE4ECF8-LeaderElection3] INFO  server.RaftServerConfigKeys (ConfUtils.java:logGet(46)) - raft.server.write.follower.gap.ratio.max = -1.0 (default)
2023-01-05 09:38:55,643 [EventQueue-CommandQueueReportForCommandQueueReportHandler] WARN  events.EventQueue (EventQueue.java:fireEvent(216)) - No event handler registered for event TypedEvent{payloadType=DatanodeDetails, name='Datanode_Command_Queue_Updated'}
2023-01-05 09:38:55,643 | INFO  | SCMAudit | user=runner | ip=10.1.0.15 | op=SEND_HEARTBEAT {datanodeUUID=990d1a38-ec81-4b28-afef-59db27651b98, term=-1, command=[]} | ret=SUCCESS |  
2023-01-05 09:38:55,644 [EventQueue-PipelineReportForPipelineReportHandler] INFO  pipeline.PipelineManagerImpl (PipelineManagerImpl.java:openPipeline(367)) - Pipeline Pipeline[ Id: 83043037-19a9-4d46-a2aa-c97e1ce4ecf8, Nodes: e52e8f62-614f-4bab-8a16-f8f5fa61eddd{ip: 10.1.0.15, host: fv-az459-169.msq0az1vewme3jsxyslsv0htic.jx.internal.cloudapp.net, ports: [REPLICATION=37973, RATIS=32835, RATIS_ADMIN=32835, RATIS_SERVER=32835, RATIS_DATASTREAM=45529, STANDALONE=38611], networkLocation: /default-rack, certSerialId: null, persistedOpState: IN_SERVICE, persistedOpStateExpiryEpochSec: 0}990d1a38-ec81-4b28-afef-59db27651b98{ip: 10.1.0.15, host: fv-az459-169.msq0az1vewme3jsxyslsv0htic.jx.internal.cloudapp.net, ports: [REPLICATION=35425, RATIS=38013, RATIS_ADMIN=38013, RATIS_SERVER=38013, RATIS_DATASTREAM=41075, STANDALONE=38051], networkLocation: /default-rack, certSerialId: null, persistedOpState: IN_SERVICE, persistedOpStateExpiryEpochSec: 0}f6bfd639-f08e-437c-ab3a-d66c7a0f1667{ip: 10.1.0.15, host: fv-az459-169.msq0az1vewme3jsxyslsv0htic.jx.internal.cloudapp.net, ports: [REPLICATION=44533, RATIS=34483, RATIS_ADMIN=34483, RATIS_SERVER=34483, RATIS_DATASTREAM=45565, STANDALONE=45395], networkLocation: /default-rack, certSerialId: null, persistedOpState: IN_SERVICE, persistedOpStateExpiryEpochSec: 0}, ReplicationConfig: RATIS/THREE, State:ALLOCATED, leaderId:990d1a38-ec81-4b28-afef-59db27651b98, CreationTimestamp2023-01-05T09:38:48.308Z[Etc/UTC]] moved to OPEN state
2023-01-05 09:38:55,645 [EventQueue-OpenPipelineForHealthyPipelineSafeModeRule] INFO  safemode.SCMSafeModeManager (HealthyPipelineSafeModeRule.java:process(137)) - SCM in safe mode. Healthy pipelines reported count is 1, required healthy pipeline reported count is 1
2023-01-05 09:38:55,645 [EventQueue-OpenPipelineForHealthyPipelineSafeModeRule] INFO  safemode.SCMSafeModeManager (SCMSafeModeManager.java:validateSafeModeExitRules(200)) - HealthyPipelineSafeModeRule rule is successfully validated
2023-01-05 09:38:55,645 [EventQueue-OpenPipelineForHealthyPipelineSafeModeRule] INFO  safemode.SCMSafeModeManager (SCMSafeModeManager.java:validateSafeModeExitRules(215)) - ScmSafeModeManager, all rules are successfully validated
2023-01-05 09:38:55,645 [EventQueue-OpenPipelineForHealthyPipelineSafeModeRule] INFO  safemode.SCMSafeModeManager (SCMSafeModeManager.java:exitSafeMode(244)) - SCM exiting safe mode.
2023-01-05 09:38:55,645 [EventQueue-OpenPipelineForHealthyPipelineSafeModeRule] INFO  ha.SCMContext (SCMContext.java:updateSafeModeStatus(228)) - Update SafeModeStatus from SafeModeStatus{safeModeStatus=true, preCheckPassed=true} to SafeModeStatus{safeModeStatus=false, preCheckPassed=true}.
2023-01-05 09:38:55,645 [EventQueue-OpenPipelineForHealthyPipelineSafeModeRule] INFO  pipeline.BackgroundPipelineCreator (BackgroundPipelineCreator.java:notifyStatusChanged(254)) - Service BackgroundPipelineCreator transitions to RUNNING.
2023-01-05 09:38:55,645 [EventQueue-OpenPipelineForHealthyPipelineSafeModeRule] INFO  BackgroundPipelineScrubber (BackgroundSCMService.java:notifyStatusChanged(82)) - Service BackgroundPipelineScrubber transitions to RUNNING.
2023-01-05 09:38:55,645 [EventQueue-OpenPipelineForHealthyPipelineSafeModeRule] INFO  ExpiredContainerReplicaOpScrubber (BackgroundSCMService.java:notifyStatusChanged(82)) - Service ExpiredContainerReplicaOpScrubber transitions to RUNNING.
2023-01-05 09:38:55,645 [EventQueue-OpenPipelineForHealthyPipelineSafeModeRule] INFO  replication.ReplicationManager (ReplicationManager.java:notifyStatusChanged(918)) - Service ReplicationManager transitions to RUNNING.
2023-01-05 09:38:55,650 [EventQueue-OpenPipelineForHealthyPipelineSafeModeRule] WARN  balancer.ContainerBalancer (ContainerBalancer.java:shouldRun(131)) - Could not find persisted configuration for ContainerBalancer when checking if ContainerBalancer should run. ContainerBalancer should not run now.
2023-01-05 09:38:55,658 [990d1a38-ec81-4b28-afef-59db27651b98@group-C97E1CE4ECF8-LeaderElection3] INFO  server.RaftServerConfigKeys (ConfUtils.java:logGet(46)) - raft.server.log.appender.snapshot.chunk.size.max = 16MB (=16777216) (default)
2023-01-05 09:38:55,658 [990d1a38-ec81-4b28-afef-59db27651b98@group-C97E1CE4ECF8-LeaderElection3] INFO  server.RaftServerConfigKeys (ConfUtils.java:logGet(46)) - raft.server.log.appender.buffer.byte-limit = 33554432 (custom)
2023-01-05 09:38:55,659 [990d1a38-ec81-4b28-afef-59db27651b98@group-C97E1CE4ECF8-LeaderElection3] INFO  server.RaftServerConfigKeys (ConfUtils.java:logGet(46)) - raft.server.log.appender.buffer.element-limit = 1 (custom)
2023-01-05 09:38:55,661 [990d1a38-ec81-4b28-afef-59db27651b98@group-C97E1CE4ECF8-LeaderElection3] INFO  grpc.GrpcConfigKeys (ConfUtils.java:logGet(46)) - raft.grpc.server.leader.outstanding.appends.max = 128 (default)
2023-01-05 09:38:55,662 [990d1a38-ec81-4b28-afef-59db27651b98@group-C97E1CE4ECF8-LeaderElection3] INFO  server.RaftServerConfigKeys (ConfUtils.java:logGet(46)) - raft.server.rpc.request.timeout = 60s (custom)
2023-01-05 09:38:55,662 [990d1a38-ec81-4b28-afef-59db27651b98@group-C97E1CE4ECF8-LeaderElection3] INFO  server.RaftServerConfigKeys (ConfUtils.java:logGet(46)) - raft.server.log.appender.install.snapshot.enabled = false (custom)
2023-01-05 09:38:55,662 [990d1a38-ec81-4b28-afef-59db27651b98@group-C97E1CE4ECF8-LeaderElection3] INFO  grpc.GrpcConfigKeys (ConfUtils.java:logGet(46)) - raft.grpc.server.heartbeat.channel = true (default)
2023-01-05 09:38:55,662 [990d1a38-ec81-4b28-afef-59db27651b98@group-C97E1CE4ECF8-LeaderElection3] INFO  server.RaftServerConfigKeys (ConfUtils.java:logGet(46)) - raft.server.log.appender.wait-time.min = 10ms (default)
2023-01-05 09:38:55,664 [990d1a38-ec81-4b28-afef-59db27651b98@group-C97E1CE4ECF8-LeaderElection3] INFO  server.RaftServerConfigKeys (ConfUtils.java:logGet(46)) - raft.server.log.appender.snapshot.chunk.size.max = 16MB (=16777216) (default)
2023-01-05 09:38:55,664 [990d1a38-ec81-4b28-afef-59db27651b98@group-C97E1CE4ECF8-LeaderElection3] INFO  server.RaftServerConfigKeys (ConfUtils.java:logGet(46)) - raft.server.log.appender.buffer.byte-limit = 33554432 (custom)
2023-01-05 09:38:55,664 [990d1a38-ec81-4b28-afef-59db27651b98@group-C97E1CE4ECF8-LeaderElection3] INFO  server.RaftServerConfigKeys (ConfUtils.java:logGet(46)) - raft.server.log.appender.buffer.element-limit = 1 (custom)
2023-01-05 09:38:55,664 [990d1a38-ec81-4b28-afef-59db27651b98@group-C97E1CE4ECF8-LeaderElection3] INFO  grpc.GrpcConfigKeys (ConfUtils.java:logGet(46)) - raft.grpc.server.leader.outstanding.appends.max = 128 (default)
2023-01-05 09:38:55,664 [990d1a38-ec81-4b28-afef-59db27651b98@group-C97E1CE4ECF8-LeaderElection3] INFO  server.RaftServerConfigKeys (ConfUtils.java:logGet(46)) - raft.server.rpc.request.timeout = 60s (custom)
2023-01-05 09:38:55,664 [990d1a38-ec81-4b28-afef-59db27651b98@group-C97E1CE4ECF8-LeaderElection3] INFO  server.RaftServerConfigKeys (ConfUtils.java:logGet(46)) - raft.server.log.appender.install.snapshot.enabled = false (custom)
2023-01-05 09:38:55,664 [990d1a38-ec81-4b28-afef-59db27651b98@group-C97E1CE4ECF8-LeaderElection3] INFO  grpc.GrpcConfigKeys (ConfUtils.java:logGet(46)) - raft.grpc.server.heartbeat.channel = true (default)
2023-01-05 09:38:55,664 [990d1a38-ec81-4b28-afef-59db27651b98@group-C97E1CE4ECF8-LeaderElection3] INFO  server.RaftServerConfigKeys (ConfUtils.java:logGet(46)) - raft.server.log.appender.wait-time.min = 10ms (default)
2023-01-05 09:38:55,665 [990d1a38-ec81-4b28-afef-59db27651b98@group-C97E1CE4ECF8-LeaderElection3] INFO  impl.RoleInfo (RoleInfo.java:updateAndGet(139)) - 990d1a38-ec81-4b28-afef-59db27651b98: start 990d1a38-ec81-4b28-afef-59db27651b98@group-C97E1CE4ECF8-LeaderStateImpl
2023-01-05 09:38:55,666 [990d1a38-ec81-4b28-afef-59db27651b98@group-C97E1CE4ECF8-LeaderElection3] INFO  segmented.SegmentedRaftLogWorker (SegmentedRaftLogWorker.java:startLogSegment(452)) - 990d1a38-ec81-4b28-afef-59db27651b98@group-C97E1CE4ECF8-SegmentedRaftLogWorker: Starting segment from index:0
2023-01-05 09:38:55,667 [990d1a38-ec81-4b28-afef-59db27651b98@group-C97E1CE4ECF8-SegmentedRaftLogWorker] INFO  segmented.SegmentedRaftLogWorker (SegmentedRaftLogWorker.java:execute(656)) - 990d1a38-ec81-4b28-afef-59db27651b98@group-C97E1CE4ECF8-SegmentedRaftLogWorker: created new log segment /home/runner/work/ozone/ozone/hadoop-ozone/integration-test/target/test-dir/MiniOzoneClusterImpl-b4cfd215-9b0e-48e6-9461-0a101ded37cf/datanode-0/data/ratis/83043037-19a9-4d46-a2aa-c97e1ce4ecf8/current/log_inprogress_0
2023-01-05 09:38:55,678 [990d1a38-ec81-4b28-afef-59db27651b98@group-C97E1CE4ECF8-LeaderElection3] INFO  server.RaftServer$Division (ServerState.java:setRaftConf(430)) - 990d1a38-ec81-4b28-afef-59db27651b98@group-C97E1CE4ECF8: set configuration 0: peers:[e52e8f62-614f-4bab-8a16-f8f5fa61eddd|rpc:10.1.0.15:32835|dataStream:10.1.0.15:45529|priority:0|startupRole:FOLLOWER, 990d1a38-ec81-4b28-afef-59db27651b98|rpc:10.1.0.15:38013|dataStream:10.1.0.15:41075|priority:1|startupRole:FOLLOWER, f6bfd639-f08e-437c-ab3a-d66c7a0f1667|rpc:10.1.0.15:34483|dataStream:10.1.0.15:45565|priority:0|startupRole:FOLLOWER]|listeners:[], old=null
2023-01-05 09:38:55,743 [e52e8f62-614f-4bab-8a16-f8f5fa61eddd-server-thread2] INFO  ratis.XceiverServerRatis (XceiverServerRatis.java:handleLeaderChangedNotification(904)) - Leader change notification received for group: group-C97E1CE4ECF8 with new leaderId: 990d1a38-ec81-4b28-afef-59db27651b98
2023-01-05 09:38:55,743 [f6bfd639-f08e-437c-ab3a-d66c7a0f1667-server-thread1] INFO  ratis.XceiverServerRatis (XceiverServerRatis.java:handleLeaderChangedNotification(904)) - Leader change notification received for group: group-C97E1CE4ECF8 with new leaderId: 990d1a38-ec81-4b28-afef-59db27651b98
2023-01-05 09:38:55,743 [f6bfd639-f08e-437c-ab3a-d66c7a0f1667-server-thread1] INFO  server.RaftServer$Division (ServerState.java:setLeader(313)) - f6bfd639-f08e-437c-ab3a-d66c7a0f1667@group-C97E1CE4ECF8: change Leader from null to 990d1a38-ec81-4b28-afef-59db27651b98 at term 1 for appendEntries, leader elected after 4776ms
2023-01-05 09:38:55,743 [e52e8f62-614f-4bab-8a16-f8f5fa61eddd-server-thread2] INFO  server.RaftServer$Division (ServerState.java:setLeader(313)) - e52e8f62-614f-4bab-8a16-f8f5fa61eddd@group-C97E1CE4ECF8: change Leader from null to 990d1a38-ec81-4b28-afef-59db27651b98 at term 1 for appendEntries, leader elected after 4414ms
2023-01-05 09:38:55,746 [f6bfd639-f08e-437c-ab3a-d66c7a0f1667-server-thread1] INFO  server.RaftServer$Division (ServerState.java:setRaftConf(430)) - f6bfd639-f08e-437c-ab3a-d66c7a0f1667@group-C97E1CE4ECF8: set configuration 0: peers:[e52e8f62-614f-4bab-8a16-f8f5fa61eddd|rpc:10.1.0.15:32835|dataStream:10.1.0.15:45529|priority:0|startupRole:FOLLOWER, 990d1a38-ec81-4b28-afef-59db27651b98|rpc:10.1.0.15:38013|dataStream:10.1.0.15:41075|priority:1|startupRole:FOLLOWER, f6bfd639-f08e-437c-ab3a-d66c7a0f1667|rpc:10.1.0.15:34483|dataStream:10.1.0.15:45565|priority:0|startupRole:FOLLOWER]|listeners:[], old=null
2023-01-05 09:38:55,746 [e52e8f62-614f-4bab-8a16-f8f5fa61eddd-server-thread2] INFO  server.RaftServer$Division (ServerState.java:setRaftConf(430)) - e52e8f62-614f-4bab-8a16-f8f5fa61eddd@group-C97E1CE4ECF8: set configuration 0: peers:[e52e8f62-614f-4bab-8a16-f8f5fa61eddd|rpc:10.1.0.15:32835|dataStream:10.1.0.15:45529|priority:0|startupRole:FOLLOWER, 990d1a38-ec81-4b28-afef-59db27651b98|rpc:10.1.0.15:38013|dataStream:10.1.0.15:41075|priority:1|startupRole:FOLLOWER, f6bfd639-f08e-437c-ab3a-d66c7a0f1667|rpc:10.1.0.15:34483|dataStream:10.1.0.15:45565|priority:0|startupRole:FOLLOWER]|listeners:[], old=null
2023-01-05 09:38:55,746 [e52e8f62-614f-4bab-8a16-f8f5fa61eddd-server-thread2] INFO  segmented.SegmentedRaftLogWorker (SegmentedRaftLogWorker.java:startLogSegment(452)) - e52e8f62-614f-4bab-8a16-f8f5fa61eddd@group-C97E1CE4ECF8-SegmentedRaftLogWorker: Starting segment from index:0
2023-01-05 09:38:55,746 [f6bfd639-f08e-437c-ab3a-d66c7a0f1667-server-thread1] INFO  segmented.SegmentedRaftLogWorker (SegmentedRaftLogWorker.java:startLogSegment(452)) - f6bfd639-f08e-437c-ab3a-d66c7a0f1667@group-C97E1CE4ECF8-SegmentedRaftLogWorker: Starting segment from index:0
2023-01-05 09:38:55,750 [e52e8f62-614f-4bab-8a16-f8f5fa61eddd@group-C97E1CE4ECF8-SegmentedRaftLogWorker] INFO  segmented.SegmentedRaftLogWorker (SegmentedRaftLogWorker.java:execute(656)) - e52e8f62-614f-4bab-8a16-f8f5fa61eddd@group-C97E1CE4ECF8-SegmentedRaftLogWorker: created new log segment /home/runner/work/ozone/ozone/hadoop-ozone/integration-test/target/test-dir/MiniOzoneClusterImpl-b4cfd215-9b0e-48e6-9461-0a101ded37cf/datanode-2/data/ratis/83043037-19a9-4d46-a2aa-c97e1ce4ecf8/current/log_inprogress_0
2023-01-05 09:38:55,755 [f6bfd639-f08e-437c-ab3a-d66c7a0f1667@group-C97E1CE4ECF8-SegmentedRaftLogWorker] INFO  segmented.SegmentedRaftLogWorker (SegmentedRaftLogWorker.java:execute(656)) - f6bfd639-f08e-437c-ab3a-d66c7a0f1667@group-C97E1CE4ECF8-SegmentedRaftLogWorker: created new log segment /home/runner/work/ozone/ozone/hadoop-ozone/integration-test/target/test-dir/MiniOzoneClusterImpl-b4cfd215-9b0e-48e6-9461-0a101ded37cf/datanode-1/data/ratis/83043037-19a9-4d46-a2aa-c97e1ce4ecf8/current/log_inprogress_0
2023-01-05 09:38:56,144 [f6bfd639-f08e-437c-ab3a-d66c7a0f1667@group-E0DD2BD10EB4-FollowerState] INFO  impl.FollowerState (FollowerState.java:run(143)) - f6bfd639-f08e-437c-ab3a-d66c7a0f1667@group-E0DD2BD10EB4-FollowerState: change to CANDIDATE, lastRpcElapsedTime:5189511370ns, electionTimeout:5181ms
2023-01-05 09:38:56,144 [f6bfd639-f08e-437c-ab3a-d66c7a0f1667@group-E0DD2BD10EB4-FollowerState] INFO  impl.RoleInfo (RoleInfo.java:shutdownFollowerState(110)) - f6bfd639-f08e-437c-ab3a-d66c7a0f1667: shutdown f6bfd639-f08e-437c-ab3a-d66c7a0f1667@group-E0DD2BD10EB4-FollowerState
2023-01-05 09:38:56,145 [f6bfd639-f08e-437c-ab3a-d66c7a0f1667@group-E0DD2BD10EB4-FollowerState] INFO  server.RaftServer$Division (RaftServerImpl.java:setRole(321)) - f6bfd639-f08e-437c-ab3a-d66c7a0f1667@group-E0DD2BD10EB4: changes role from  FOLLOWER to CANDIDATE at term 0 for changeToCandidate
2023-01-05 09:38:56,145 [f6bfd639-f08e-437c-ab3a-d66c7a0f1667@group-E0DD2BD10EB4-FollowerState] INFO  server.RaftServerConfigKeys (ConfUtils.java:logGet(46)) - raft.server.leaderelection.pre-vote = false (custom)
2023-01-05 09:38:56,145 [f6bfd639-f08e-437c-ab3a-d66c7a0f1667@group-E0DD2BD10EB4-FollowerState] INFO  impl.RoleInfo (RoleInfo.java:updateAndGet(139)) - f6bfd639-f08e-437c-ab3a-d66c7a0f1667: start f6bfd639-f08e-437c-ab3a-d66c7a0f1667@group-E0DD2BD10EB4-LeaderElection4
2023-01-05 09:38:56,149 [f6bfd639-f08e-437c-ab3a-d66c7a0f1667@group-E0DD2BD10EB4-LeaderElection4] INFO  impl.LeaderElection (LeaderElection.java:askForVotes(312)) - f6bfd639-f08e-437c-ab3a-d66c7a0f1667@group-E0DD2BD10EB4-LeaderElection4 ELECTION round 0: submit vote requests at term 1 for -1: peers:[f6bfd639-f08e-437c-ab3a-d66c7a0f1667|rpc:10.1.0.15:34483|dataStream:10.1.0.15:45565|priority:1|startupRole:FOLLOWER]|listeners:[], old=null
2023-01-05 09:38:56,150 [f6bfd639-f08e-437c-ab3a-d66c7a0f1667@group-E0DD2BD10EB4-LeaderElection4] INFO  impl.LeaderElection (LeaderElection.java:askForVotes(314)) - f6bfd639-f08e-437c-ab3a-d66c7a0f1667@group-E0DD2BD10EB4-LeaderElection4 ELECTION round 0: result PASSED (term=1)
2023-01-05 09:38:56,150 [f6bfd639-f08e-437c-ab3a-d66c7a0f1667@group-E0DD2BD10EB4-LeaderElection4] INFO  impl.RoleInfo (RoleInfo.java:shutdownLeaderElection(130)) - f6bfd639-f08e-437c-ab3a-d66c7a0f1667: shutdown f6bfd639-f08e-437c-ab3a-d66c7a0f1667@group-E0DD2BD10EB4-LeaderElection4
2023-01-05 09:38:56,150 [f6bfd639-f08e-437c-ab3a-d66c7a0f1667@group-E0DD2BD10EB4-LeaderElection4] INFO  server.RaftServer$Division (RaftServerImpl.java:setRole(321)) - f6bfd639-f08e-437c-ab3a-d66c7a0f1667@group-E0DD2BD10EB4: changes role from CANDIDATE to LEADER at term 1 for changeToLeader
2023-01-05 09:38:56,150 [f6bfd639-f08e-437c-ab3a-d66c7a0f1667@group-E0DD2BD10EB4-LeaderElection4] INFO  ratis.XceiverServerRatis (XceiverServerRatis.java:handleLeaderChangedNotification(904)) - Leader change notification received for group: group-E0DD2BD10EB4 with new leaderId: f6bfd639-f08e-437c-ab3a-d66c7a0f1667
2023-01-05 09:38:56,150 [f6bfd639-f08e-437c-ab3a-d66c7a0f1667@group-E0DD2BD10EB4-LeaderElection4] INFO  server.RaftServer$Division (ServerState.java:setLeader(313)) - f6bfd639-f08e-437c-ab3a-d66c7a0f1667@group-E0DD2BD10EB4: change Leader from null to f6bfd639-f08e-437c-ab3a-d66c7a0f1667 at term 1 for becomeLeader, leader elected after 5243ms
2023-01-05 09:38:56,150 [f6bfd639-f08e-437c-ab3a-d66c7a0f1667@group-E0DD2BD10EB4-LeaderElection4] INFO  server.RaftServerConfigKeys (ConfUtils.java:logGet(46)) - raft.server.staging.catchup.gap = 1000 (default)
2023-01-05 09:38:56,152 | INFO  | SCMAudit | user=runner | ip=10.1.0.15 | op=SEND_HEARTBEAT {datanodeUUID=f6bfd639-f08e-437c-ab3a-d66c7a0f1667, term=-1, command=[]} | ret=SUCCESS |  
2023-01-05 09:38:56,153 [EventQueue-CommandQueueReportForCommandQueueReportHandler] WARN  events.EventQueue (EventQueue.java:fireEvent(216)) - No event handler registered for event TypedEvent{payloadType=DatanodeDetails, name='Datanode_Command_Queue_Updated'}
2023-01-05 09:38:56,154 [f6bfd639-f08e-437c-ab3a-d66c7a0f1667@group-E0DD2BD10EB4-LeaderElection4] INFO  server.RaftServerConfigKeys (ConfUtils.java:logGet(46)) - raft.server.write.element-limit = 1024 (custom)
2023-01-05 09:38:56,154 [f6bfd639-f08e-437c-ab3a-d66c7a0f1667@group-E0DD2BD10EB4-LeaderElection4] INFO  server.RaftServerConfigKeys (ConfUtils.java:logGet(46)) - raft.server.write.byte-limit = 1024 M (=1073741824) (custom)
2023-01-05 09:38:56,155 [f6bfd639-f08e-437c-ab3a-d66c7a0f1667@group-E0DD2BD10EB4-LeaderElection4] INFO  server.RaftServerConfigKeys (ConfUtils.java:logGet(46)) - raft.server.watch.timeout = 180s (custom)
2023-01-05 09:38:56,155 [f6bfd639-f08e-437c-ab3a-d66c7a0f1667@group-E0DD2BD10EB4-LeaderElection4] INFO  server.RaftServerConfigKeys (ConfUtils.java:logGet(46)) - raft.server.watch.timeout.denomination = 1s (default)
2023-01-05 09:38:56,155 [f6bfd639-f08e-437c-ab3a-d66c7a0f1667@group-E0DD2BD10EB4-LeaderElection4] INFO  server.RaftServerConfigKeys (ConfUtils.java:logGet(46)) - raft.server.watch.element-limit = 65536 (default)
2023-01-05 09:38:56,155 [f6bfd639-f08e-437c-ab3a-d66c7a0f1667@group-E0DD2BD10EB4-LeaderElection4] INFO  server.RaftServerConfigKeys (ConfUtils.java:logGet(46)) - raft.server.write.element-limit = 1024 (custom)
2023-01-05 09:38:56,155 [f6bfd639-f08e-437c-ab3a-d66c7a0f1667@group-E0DD2BD10EB4-LeaderElection4] INFO  server.RaftServerConfigKeys (ConfUtils.java:logGet(46)) - raft.server.write.follower.gap.ratio.max = -1.0 (default)
2023-01-05 09:38:56,155 [f6bfd639-f08e-437c-ab3a-d66c7a0f1667@group-E0DD2BD10EB4-LeaderElection4] INFO  impl.RoleInfo (RoleInfo.java:updateAndGet(139)) - f6bfd639-f08e-437c-ab3a-d66c7a0f1667: start f6bfd639-f08e-437c-ab3a-d66c7a0f1667@group-E0DD2BD10EB4-LeaderStateImpl
2023-01-05 09:38:56,155 [f6bfd639-f08e-437c-ab3a-d66c7a0f1667@group-E0DD2BD10EB4-LeaderElection4] INFO  segmented.SegmentedRaftLogWorker (SegmentedRaftLogWorker.java:startLogSegment(452)) - f6bfd639-f08e-437c-ab3a-d66c7a0f1667@group-E0DD2BD10EB4-SegmentedRaftLogWorker: Starting segment from index:0
2023-01-05 09:38:56,156 [f6bfd639-f08e-437c-ab3a-d66c7a0f1667@group-E0DD2BD10EB4-SegmentedRaftLogWorker] INFO  segmented.SegmentedRaftLogWorker (SegmentedRaftLogWorker.java:execute(656)) - f6bfd639-f08e-437c-ab3a-d66c7a0f1667@group-E0DD2BD10EB4-SegmentedRaftLogWorker: created new log segment /home/runner/work/ozone/ozone/hadoop-ozone/integration-test/target/test-dir/MiniOzoneClusterImpl-b4cfd215-9b0e-48e6-9461-0a101ded37cf/datanode-1/data/ratis/e5f90b5d-72d2-496d-8c74-e0dd2bd10eb4/current/log_inprogress_0
2023-01-05 09:38:56,157 [f6bfd639-f08e-437c-ab3a-d66c7a0f1667@group-E0DD2BD10EB4-LeaderElection4] INFO  server.RaftServer$Division (ServerState.java:setRaftConf(430)) - f6bfd639-f08e-437c-ab3a-d66c7a0f1667@group-E0DD2BD10EB4: set configuration 0: peers:[f6bfd639-f08e-437c-ab3a-d66c7a0f1667|rpc:10.1.0.15:34483|dataStream:10.1.0.15:45565|priority:1|startupRole:FOLLOWER]|listeners:[], old=null
2023-01-05 09:38:56,291 [Listener at 127.0.0.1/37423] INFO  ozone.MiniOzoneClusterImpl (MiniOzoneClusterImpl.java:lambda$waitForClusterToBeReady$0(217)) - Nodes are ready. Got 3 of 3 DN Heartbeats.
2023-01-05 09:38:56,291 [Listener at 127.0.0.1/37423] INFO  ozone.MiniOzoneClusterImpl (MiniOzoneClusterImpl.java:lambda$waitForClusterToBeReady$0(220)) - Cluster exits safe mode
2023-01-05 09:38:56,291 [Listener at 127.0.0.1/37423] INFO  ozone.MiniOzoneClusterImpl (MiniOzoneClusterImpl.java:lambda$waitForClusterToBeReady$0(222)) - SCM became leader
2023-01-05 09:38:56,638 [f6bfd639-f08e-437c-ab3a-d66c7a0f1667@group-C1DFA7CE67BB-FollowerState] INFO  impl.FollowerState (FollowerState.java:run(143)) - f6bfd639-f08e-437c-ab3a-d66c7a0f1667@group-C1DFA7CE67BB-FollowerState: change to CANDIDATE, lastRpcElapsedTime:5049553067ns, electionTimeout:5001ms
2023-01-05 09:38:56,638 [f6bfd639-f08e-437c-ab3a-d66c7a0f1667@group-C1DFA7CE67BB-FollowerState] INFO  impl.RoleInfo (RoleInfo.java:shutdownFollowerState(110)) - f6bfd639-f08e-437c-ab3a-d66c7a0f1667: shutdown f6bfd639-f08e-437c-ab3a-d66c7a0f1667@group-C1DFA7CE67BB-FollowerState
2023-01-05 09:38:56,638 [f6bfd639-f08e-437c-ab3a-d66c7a0f1667@group-C1DFA7CE67BB-FollowerState] INFO  server.RaftServer$Division (RaftServerImpl.java:setRole(321)) - f6bfd639-f08e-437c-ab3a-d66c7a0f1667@group-C1DFA7CE67BB: changes role from  FOLLOWER to CANDIDATE at term 0 for changeToCandidate
2023-01-05 09:38:56,638 [f6bfd639-f08e-437c-ab3a-d66c7a0f1667@group-C1DFA7CE67BB-FollowerState] INFO  server.RaftServerConfigKeys (ConfUtils.java:logGet(46)) - raft.server.leaderelection.pre-vote = false (custom)
2023-01-05 09:38:56,638 [f6bfd639-f08e-437c-ab3a-d66c7a0f1667@group-C1DFA7CE67BB-FollowerState] INFO  impl.RoleInfo (RoleInfo.java:updateAndGet(139)) - f6bfd639-f08e-437c-ab3a-d66c7a0f1667: start f6bfd639-f08e-437c-ab3a-d66c7a0f1667@group-C1DFA7CE67BB-LeaderElection5
2023-01-05 09:38:56,639 [e52e8f62-614f-4bab-8a16-f8f5fa61eddd@group-C1DFA7CE67BB-FollowerState] INFO  impl.FollowerState (FollowerState.java:run(143)) - e52e8f62-614f-4bab-8a16-f8f5fa61eddd@group-C1DFA7CE67BB-FollowerState: change to CANDIDATE, lastRpcElapsedTime:5149174835ns, electionTimeout:5041ms
2023-01-05 09:38:56,639 [e52e8f62-614f-4bab-8a16-f8f5fa61eddd@group-C1DFA7CE67BB-FollowerState] INFO  impl.RoleInfo (RoleInfo.java:shutdownFollowerState(110)) - e52e8f62-614f-4bab-8a16-f8f5fa61eddd: shutdown e52e8f62-614f-4bab-8a16-f8f5fa61eddd@group-C1DFA7CE67BB-FollowerState
2023-01-05 09:38:56,639 [e52e8f62-614f-4bab-8a16-f8f5fa61eddd@group-C1DFA7CE67BB-FollowerState] INFO  server.RaftServer$Division (RaftServerImpl.java:setRole(321)) - e52e8f62-614f-4bab-8a16-f8f5fa61eddd@group-C1DFA7CE67BB: changes role from  FOLLOWER to CANDIDATE at term 0 for changeToCandidate
2023-01-05 09:38:56,639 [e52e8f62-614f-4bab-8a16-f8f5fa61eddd@group-C1DFA7CE67BB-FollowerState] INFO  server.RaftServerConfigKeys (ConfUtils.java:logGet(46)) - raft.server.leaderelection.pre-vote = false (custom)
2023-01-05 09:38:56,639 [e52e8f62-614f-4bab-8a16-f8f5fa61eddd@group-C1DFA7CE67BB-FollowerState] INFO  impl.RoleInfo (RoleInfo.java:updateAndGet(139)) - e52e8f62-614f-4bab-8a16-f8f5fa61eddd: start e52e8f62-614f-4bab-8a16-f8f5fa61eddd@group-C1DFA7CE67BB-LeaderElection6
2023-01-05 09:38:56,645 [e52e8f62-614f-4bab-8a16-f8f5fa61eddd@group-FBFA52682A5D-FollowerState] INFO  impl.FollowerState (FollowerState.java:run(143)) - e52e8f62-614f-4bab-8a16-f8f5fa61eddd@group-FBFA52682A5D-FollowerState: change to CANDIDATE, lastRpcElapsedTime:5272225109ns, electionTimeout:5071ms
2023-01-05 09:38:56,645 [e52e8f62-614f-4bab-8a16-f8f5fa61eddd@group-FBFA52682A5D-FollowerState] INFO  impl.RoleInfo (RoleInfo.java:shutdownFollowerState(110)) - e52e8f62-614f-4bab-8a16-f8f5fa61eddd: shutdown e52e8f62-614f-4bab-8a16-f8f5fa61eddd@group-FBFA52682A5D-FollowerState
2023-01-05 09:38:56,645 [e52e8f62-614f-4bab-8a16-f8f5fa61eddd@group-FBFA52682A5D-FollowerState] INFO  server.RaftServer$Division (RaftServerImpl.java:setRole(321)) - e52e8f62-614f-4bab-8a16-f8f5fa61eddd@group-FBFA52682A5D: changes role from  FOLLOWER to CANDIDATE at term 0 for changeToCandidate
2023-01-05 09:38:56,645 [e52e8f62-614f-4bab-8a16-f8f5fa61eddd@group-FBFA52682A5D-FollowerState] INFO  server.RaftServerConfigKeys (ConfUtils.java:logGet(46)) - raft.server.leaderelection.pre-vote = false (custom)
2023-01-05 09:38:56,645 [e52e8f62-614f-4bab-8a16-f8f5fa61eddd@group-FBFA52682A5D-FollowerState] INFO  impl.RoleInfo (RoleInfo.java:updateAndGet(139)) - e52e8f62-614f-4bab-8a16-f8f5fa61eddd: start e52e8f62-614f-4bab-8a16-f8f5fa61eddd@group-FBFA52682A5D-LeaderElection7
2023-01-05 09:38:56,659 | INFO  | SCMAudit | user=runner | ip=10.1.0.15 | op=SEND_HEARTBEAT {datanodeUUID=990d1a38-ec81-4b28-afef-59db27651b98, term=-1, command=[]} | ret=SUCCESS |  
2023-01-05 09:38:56,659 [EventQueue-CommandQueueReportForCommandQueueReportHandler] WARN  events.EventQueue (EventQueue.java:fireEvent(216)) - No event handler registered for event TypedEvent{payloadType=DatanodeDetails, name='Datanode_Command_Queue_Updated'}
2023-01-05 09:38:56,660 [e52e8f62-614f-4bab-8a16-f8f5fa61eddd@group-C1DFA7CE67BB-LeaderElection6] INFO  impl.LeaderElection (LeaderElection.java:askForVotes(312)) - e52e8f62-614f-4bab-8a16-f8f5fa61eddd@group-C1DFA7CE67BB-LeaderElection6 ELECTION round 0: submit vote requests at term 1 for -1: peers:[e52e8f62-614f-4bab-8a16-f8f5fa61eddd|rpc:10.1.0.15:32835|dataStream:10.1.0.15:45529|priority:1|startupRole:FOLLOWER, 990d1a38-ec81-4b28-afef-59db27651b98|rpc:10.1.0.15:38013|dataStream:10.1.0.15:41075|priority:0|startupRole:FOLLOWER, f6bfd639-f08e-437c-ab3a-d66c7a0f1667|rpc:10.1.0.15:34483|dataStream:10.1.0.15:45565|priority:0|startupRole:FOLLOWER]|listeners:[], old=null
2023-01-05 09:38:56,666 [e52e8f62-614f-4bab-8a16-f8f5fa61eddd@group-FBFA52682A5D-LeaderElection7] INFO  impl.LeaderElection (LeaderElection.java:askForVotes(312)) - e52e8f62-614f-4bab-8a16-f8f5fa61eddd@group-FBFA52682A5D-LeaderElection7 ELECTION round 0: submit vote requests at term 1 for -1: peers:[e52e8f62-614f-4bab-8a16-f8f5fa61eddd|rpc:10.1.0.15:32835|dataStream:10.1.0.15:45529|priority:1|startupRole:FOLLOWER]|listeners:[], old=null
2023-01-05 09:38:56,666 [JvmPauseMonitor1] WARN  util.JvmPauseMonitor (JvmPauseMonitor.java:detectPause(126)) - JvmPauseMonitor-990d1a38-ec81-4b28-afef-59db27651b98: Detected pause in JVM or host machine (eg GC): pause of approximately 145341801ns.
GC pool 'PS MarkSweep' had collection(s): count=1 time=256ms
GC pool 'PS Scavenge' had collection(s): count=1 time=67ms
2023-01-05 09:38:56,673 [e52e8f62-614f-4bab-8a16-f8f5fa61eddd@group-C1DFA7CE67BB-LeaderElection6-2] INFO  server.GrpcServerProtocolClient (GrpcServerProtocolClient.java:<init>(63)) - Build channel for f6bfd639-f08e-437c-ab3a-d66c7a0f1667
2023-01-05 09:38:56,671 [e52e8f62-614f-4bab-8a16-f8f5fa61eddd@group-C1DFA7CE67BB-LeaderElection6] INFO  server.RaftServerConfigKeys (ConfUtils.java:logFallback(53)) - raft.server.rpc.first-election.timeout.min = 5s (fallback to raft.server.rpc.timeout.min)
2023-01-05 09:38:56,673 [e52e8f62-614f-4bab-8a16-f8f5fa61eddd@group-C1DFA7CE67BB-LeaderElection6] INFO  server.RaftServerConfigKeys (ConfUtils.java:logFallback(53)) - raft.server.rpc.first-election.timeout.max = 5200ms (fallback to raft.server.rpc.timeout.max)
2023-01-05 09:38:56,674 [EventQueue-CommandQueueReportForCommandQueueReportHandler] WARN  events.EventQueue (EventQueue.java:fireEvent(216)) - No event handler registered for event TypedEvent{payloadType=DatanodeDetails, name='Datanode_Command_Queue_Updated'}
2023-01-05 09:38:56,674 | INFO  | SCMAudit | user=runner | ip=10.1.0.15 | op=SEND_HEARTBEAT {datanodeUUID=e52e8f62-614f-4bab-8a16-f8f5fa61eddd, term=-1, command=[]} | ret=SUCCESS |  
2023-01-05 09:38:56,666 [JvmPauseMonitor0] WARN  util.JvmPauseMonitor (JvmPauseMonitor.java:detectPause(126)) - JvmPauseMonitor-om1: Detected pause in JVM or host machine (eg GC): pause of approximately 189006900ns.
GC pool 'PS MarkSweep' had collection(s): count=1 time=256ms
GC pool 'PS Scavenge' had collection(s): count=1 time=67ms
2023-01-05 09:38:56,668 [e52e8f62-614f-4bab-8a16-f8f5fa61eddd@group-C1DFA7CE67BB-LeaderElection6-1] INFO  server.GrpcServerProtocolClient (GrpcServerProtocolClient.java:<init>(63)) - Build channel for 990d1a38-ec81-4b28-afef-59db27651b98
2023-01-05 09:38:56,667 [f6bfd639-f08e-437c-ab3a-d66c7a0f1667@group-C1DFA7CE67BB-LeaderElection5] INFO  impl.LeaderElection (LeaderElection.java:askForVotes(312)) - f6bfd639-f08e-437c-ab3a-d66c7a0f1667@group-C1DFA7CE67BB-LeaderElection5 ELECTION round 0: submit vote requests at term 1 for -1: peers:[e52e8f62-614f-4bab-8a16-f8f5fa61eddd|rpc:10.1.0.15:32835|dataStream:10.1.0.15:45529|priority:1|startupRole:FOLLOWER, 990d1a38-ec81-4b28-afef-59db27651b98|rpc:10.1.0.15:38013|dataStream:10.1.0.15:41075|priority:0|startupRole:FOLLOWER, f6bfd639-f08e-437c-ab3a-d66c7a0f1667|rpc:10.1.0.15:34483|dataStream:10.1.0.15:45565|priority:0|startupRole:FOLLOWER]|listeners:[], old=null
2023-01-05 09:38:56,666 [JvmPauseMonitor3] WARN  util.JvmPauseMonitor (JvmPauseMonitor.java:detectPause(126)) - JvmPauseMonitor-e52e8f62-614f-4bab-8a16-f8f5fa61eddd: Detected pause in JVM or host machine (eg GC): pause of approximately 261659964ns.
GC pool 'PS MarkSweep' had collection(s): count=1 time=256ms
GC pool 'PS Scavenge' had collection(s): count=1 time=67ms
2023-01-05 09:38:56,666 [e52e8f62-614f-4bab-8a16-f8f5fa61eddd@group-FBFA52682A5D-LeaderElection7] INFO  impl.LeaderElection (LeaderElection.java:askForVotes(314)) - e52e8f62-614f-4bab-8a16-f8f5fa61eddd@group-FBFA52682A5D-LeaderElection7 ELECTION round 0: result PASSED (term=1)
2023-01-05 09:38:56,681 [e52e8f62-614f-4bab-8a16-f8f5fa61eddd@group-FBFA52682A5D-LeaderElection7] INFO  impl.RoleInfo (RoleInfo.java:shutdownLeaderElection(130)) - e52e8f62-614f-4bab-8a16-f8f5fa61eddd: shutdown e52e8f62-614f-4bab-8a16-f8f5fa61eddd@group-FBFA52682A5D-LeaderElection7
2023-01-05 09:38:56,681 [e52e8f62-614f-4bab-8a16-f8f5fa61eddd@group-FBFA52682A5D-LeaderElection7] INFO  server.RaftServer$Division (RaftServerImpl.java:setRole(321)) - e52e8f62-614f-4bab-8a16-f8f5fa61eddd@group-FBFA52682A5D: changes role from CANDIDATE to LEADER at term 1 for changeToLeader
2023-01-05 09:38:56,681 [e52e8f62-614f-4bab-8a16-f8f5fa61eddd@group-FBFA52682A5D-LeaderElection7] INFO  ratis.XceiverServerRatis (XceiverServerRatis.java:handleLeaderChangedNotification(904)) - Leader change notification received for group: group-FBFA52682A5D with new leaderId: e52e8f62-614f-4bab-8a16-f8f5fa61eddd
2023-01-05 09:38:56,666 [JvmPauseMonitor2] WARN  util.JvmPauseMonitor (JvmPauseMonitor.java:detectPause(126)) - JvmPauseMonitor-f6bfd639-f08e-437c-ab3a-d66c7a0f1667: Detected pause in JVM or host machine (eg GC): pause of approximately 237930947ns.
GC pool 'PS MarkSweep' had collection(s): count=1 time=256ms
GC pool 'PS Scavenge' had collection(s): count=1 time=67ms
2023-01-05 09:38:56,682 [f6bfd639-f08e-437c-ab3a-d66c7a0f1667@group-C1DFA7CE67BB-LeaderElection5] INFO  server.RaftServerConfigKeys (ConfUtils.java:logFallback(53)) - raft.server.rpc.first-election.timeout.min = 5s (fallback to raft.server.rpc.timeout.min)
2023-01-05 09:38:56,682 [f6bfd639-f08e-437c-ab3a-d66c7a0f1667@group-C1DFA7CE67BB-LeaderElection5] INFO  server.RaftServerConfigKeys (ConfUtils.java:logFallback(53)) - raft.server.rpc.first-election.timeout.max = 5200ms (fallback to raft.server.rpc.timeout.max)
2023-01-05 09:38:56,682 [e52e8f62-614f-4bab-8a16-f8f5fa61eddd@group-FBFA52682A5D-LeaderElection7] INFO  server.RaftServer$Division (ServerState.java:setLeader(313)) - e52e8f62-614f-4bab-8a16-f8f5fa61eddd@group-FBFA52682A5D: change Leader from null to e52e8f62-614f-4bab-8a16-f8f5fa61eddd at term 1 for becomeLeader, leader elected after 5369ms
2023-01-05 09:38:56,682 [e52e8f62-614f-4bab-8a16-f8f5fa61eddd@group-FBFA52682A5D-LeaderElection7] INFO  server.RaftServerConfigKeys (ConfUtils.java:logGet(46)) - raft.server.staging.catchup.gap = 1000 (default)
2023-01-05 09:38:56,688 [e52e8f62-614f-4bab-8a16-f8f5fa61eddd@group-FBFA52682A5D-LeaderElection7] INFO  server.RaftServerConfigKeys (ConfUtils.java:logGet(46)) - raft.server.write.element-limit = 1024 (custom)
2023-01-05 09:38:56,688 [e52e8f62-614f-4bab-8a16-f8f5fa61eddd@group-FBFA52682A5D-LeaderElection7] INFO  server.RaftServerConfigKeys (ConfUtils.java:logGet(46)) - raft.server.write.byte-limit = 1024 M (=1073741824) (custom)
2023-01-05 09:38:56,688 [e52e8f62-614f-4bab-8a16-f8f5fa61eddd@group-FBFA52682A5D-LeaderElection7] INFO  server.RaftServerConfigKeys (ConfUtils.java:logGet(46)) - raft.server.watch.timeout = 180s (custom)
2023-01-05 09:38:56,689 [e52e8f62-614f-4bab-8a16-f8f5fa61eddd@group-FBFA52682A5D-LeaderElection7] INFO  server.RaftServerConfigKeys (ConfUtils.java:logGet(46)) - raft.server.watch.timeout.denomination = 1s (default)
2023-01-05 09:38:56,689 [e52e8f62-614f-4bab-8a16-f8f5fa61eddd@group-FBFA52682A5D-LeaderElection7] INFO  server.RaftServerConfigKeys (ConfUtils.java:logGet(46)) - raft.server.watch.element-limit = 65536 (default)
2023-01-05 09:38:56,689 [e52e8f62-614f-4bab-8a16-f8f5fa61eddd@group-FBFA52682A5D-LeaderElection7] INFO  server.RaftServerConfigKeys (ConfUtils.java:logGet(46)) - raft.server.write.element-limit = 1024 (custom)
2023-01-05 09:38:56,689 [e52e8f62-614f-4bab-8a16-f8f5fa61eddd@group-FBFA52682A5D-LeaderElection7] INFO  server.RaftServerConfigKeys (ConfUtils.java:logGet(46)) - raft.server.write.follower.gap.ratio.max = -1.0 (default)
2023-01-05 09:38:56,689 | INFO  | SCMAudit | user=runner | ip=10.1.0.15 | op=SEND_HEARTBEAT {datanodeUUID=e52e8f62-614f-4bab-8a16-f8f5fa61eddd, term=-1, command=[]} | ret=SUCCESS |  
2023-01-05 09:38:56,689 [e52e8f62-614f-4bab-8a16-f8f5fa61eddd@group-FBFA52682A5D-LeaderElection7] INFO  impl.RoleInfo (RoleInfo.java:updateAndGet(139)) - e52e8f62-614f-4bab-8a16-f8f5fa61eddd: start e52e8f62-614f-4bab-8a16-f8f5fa61eddd@group-FBFA52682A5D-LeaderStateImpl
2023-01-05 09:38:56,689 [e52e8f62-614f-4bab-8a16-f8f5fa61eddd@group-FBFA52682A5D-LeaderElection7] INFO  segmented.SegmentedRaftLogWorker (SegmentedRaftLogWorker.java:startLogSegment(452)) - e52e8f62-614f-4bab-8a16-f8f5fa61eddd@group-FBFA52682A5D-SegmentedRaftLogWorker: Starting segment from index:0
2023-01-05 09:38:56,689 [EventQueue-CommandQueueReportForCommandQueueReportHandler] WARN  events.EventQueue (EventQueue.java:fireEvent(216)) - No event handler registered for event TypedEvent{payloadType=DatanodeDetails, name='Datanode_Command_Queue_Updated'}
2023-01-05 09:38:56,691 [e52e8f62-614f-4bab-8a16-f8f5fa61eddd@group-FBFA52682A5D-SegmentedRaftLogWorker] INFO  segmented.SegmentedRaftLogWorker (SegmentedRaftLogWorker.java:execute(656)) - e52e8f62-614f-4bab-8a16-f8f5fa61eddd@group-FBFA52682A5D-SegmentedRaftLogWorker: created new log segment /home/runner/work/ozone/ozone/hadoop-ozone/integration-test/target/test-dir/MiniOzoneClusterImpl-b4cfd215-9b0e-48e6-9461-0a101ded37cf/datanode-2/data/ratis/a0066395-a434-4539-865c-fbfa52682a5d/current/log_inprogress_0
2023-01-05 09:38:56,703 [f6bfd639-f08e-437c-ab3a-d66c7a0f1667@group-C1DFA7CE67BB-LeaderElection5-2] INFO  server.GrpcServerProtocolClient (GrpcServerProtocolClient.java:<init>(63)) - Build channel for 990d1a38-ec81-4b28-afef-59db27651b98
2023-01-05 09:38:56,705 [990d1a38-ec81-4b28-afef-59db27651b98@group-C1DFA7CE67BB-FollowerState] INFO  impl.FollowerState (FollowerState.java:run(143)) - 990d1a38-ec81-4b28-afef-59db27651b98@group-C1DFA7CE67BB-FollowerState: change to CANDIDATE, lastRpcElapsedTime:5169371240ns, electionTimeout:5167ms
2023-01-05 09:38:56,705 [990d1a38-ec81-4b28-afef-59db27651b98@group-C1DFA7CE67BB-FollowerState] INFO  impl.RoleInfo (RoleInfo.java:shutdownFollowerState(110)) - 990d1a38-ec81-4b28-afef-59db27651b98: shutdown 990d1a38-ec81-4b28-afef-59db27651b98@group-C1DFA7CE67BB-FollowerState
2023-01-05 09:38:56,705 [990d1a38-ec81-4b28-afef-59db27651b98@group-C1DFA7CE67BB-FollowerState] INFO  server.RaftServer$Division (RaftServerImpl.java:setRole(321)) - 990d1a38-ec81-4b28-afef-59db27651b98@group-C1DFA7CE67BB: changes role from  FOLLOWER to CANDIDATE at term 0 for changeToCandidate
2023-01-05 09:38:56,705 [e52e8f62-614f-4bab-8a16-f8f5fa61eddd@group-FBFA52682A5D-LeaderElection7] INFO  server.RaftServer$Division (ServerState.java:setRaftConf(430)) - e52e8f62-614f-4bab-8a16-f8f5fa61eddd@group-FBFA52682A5D: set configuration 0: peers:[e52e8f62-614f-4bab-8a16-f8f5fa61eddd|rpc:10.1.0.15:32835|dataStream:10.1.0.15:45529|priority:1|startupRole:FOLLOWER]|listeners:[], old=null
2023-01-05 09:38:56,706 [f6bfd639-f08e-437c-ab3a-d66c7a0f1667@group-C1DFA7CE67BB-LeaderElection5-1] INFO  server.GrpcServerProtocolClient (GrpcServerProtocolClient.java:<init>(63)) - Build channel for e52e8f62-614f-4bab-8a16-f8f5fa61eddd
2023-01-05 09:38:56,711 [990d1a38-ec81-4b28-afef-59db27651b98@group-C1DFA7CE67BB-FollowerState] INFO  server.RaftServerConfigKeys (ConfUtils.java:logGet(46)) - raft.server.leaderelection.pre-vote = false (custom)
2023-01-05 09:38:56,711 [990d1a38-ec81-4b28-afef-59db27651b98@group-C1DFA7CE67BB-FollowerState] INFO  impl.RoleInfo (RoleInfo.java:updateAndGet(139)) - 990d1a38-ec81-4b28-afef-59db27651b98: start 990d1a38-ec81-4b28-afef-59db27651b98@group-C1DFA7CE67BB-LeaderElection8
2023-01-05 09:38:56,743 [990d1a38-ec81-4b28-afef-59db27651b98@group-C1DFA7CE67BB-LeaderElection8] INFO  impl.LeaderElection (LeaderElection.java:askForVotes(312)) - 990d1a38-ec81-4b28-afef-59db27651b98@group-C1DFA7CE67BB-LeaderElection8 ELECTION round 0: submit vote requests at term 1 for -1: peers:[e52e8f62-614f-4bab-8a16-f8f5fa61eddd|rpc:10.1.0.15:32835|dataStream:10.1.0.15:45529|priority:1|startupRole:FOLLOWER, 990d1a38-ec81-4b28-afef-59db27651b98|rpc:10.1.0.15:38013|dataStream:10.1.0.15:41075|priority:0|startupRole:FOLLOWER, f6bfd639-f08e-437c-ab3a-d66c7a0f1667|rpc:10.1.0.15:34483|dataStream:10.1.0.15:45565|priority:0|startupRole:FOLLOWER]|listeners:[], old=null
2023-01-05 09:38:56,755 [grpc-default-executor-0] INFO  server.RaftServer$Division (RaftServerImpl.java:requestVote(1218)) - 990d1a38-ec81-4b28-afef-59db27651b98@group-C1DFA7CE67BB: receive requestVote(ELECTION, f6bfd639-f08e-437c-ab3a-d66c7a0f1667, group-C1DFA7CE67BB, 1, (t:0, i:0))
2023-01-05 09:38:56,755 [grpc-default-executor-5] INFO  server.RaftServer$Division (RaftServerImpl.java:requestVote(1218)) - f6bfd639-f08e-437c-ab3a-d66c7a0f1667@group-C1DFA7CE67BB: receive requestVote(ELECTION, e52e8f62-614f-4bab-8a16-f8f5fa61eddd, group-C1DFA7CE67BB, 1, (t:0, i:0))
2023-01-05 09:38:56,758 [grpc-default-executor-5] INFO  impl.VoteContext (VoteContext.java:log(49)) - f6bfd639-f08e-437c-ab3a-d66c7a0f1667@group-C1DFA7CE67BB-CANDIDATE: reject ELECTION from e52e8f62-614f-4bab-8a16-f8f5fa61eddd: already has voted for f6bfd639-f08e-437c-ab3a-d66c7a0f1667 at current term 1
2023-01-05 09:38:56,758 [grpc-default-executor-5] INFO  server.RaftServer$Division (RaftServerImpl.java:requestVote(1251)) - f6bfd639-f08e-437c-ab3a-d66c7a0f1667@group-C1DFA7CE67BB replies to ELECTION vote request: e52e8f62-614f-4bab-8a16-f8f5fa61eddd<-f6bfd639-f08e-437c-ab3a-d66c7a0f1667#0:FAIL-t1. Peer's state: f6bfd639-f08e-437c-ab3a-d66c7a0f1667@group-C1DFA7CE67BB:t1, leader=null, voted=f6bfd639-f08e-437c-ab3a-d66c7a0f1667, raftlog=Memoized:f6bfd639-f08e-437c-ab3a-d66c7a0f1667@group-C1DFA7CE67BB-SegmentedRaftLog:OPENED:c-1, conf=-1: peers:[e52e8f62-614f-4bab-8a16-f8f5fa61eddd|rpc:10.1.0.15:32835|dataStream:10.1.0.15:45529|priority:1|startupRole:FOLLOWER, 990d1a38-ec81-4b28-afef-59db27651b98|rpc:10.1.0.15:38013|dataStream:10.1.0.15:41075|priority:0|startupRole:FOLLOWER, f6bfd639-f08e-437c-ab3a-d66c7a0f1667|rpc:10.1.0.15:34483|dataStream:10.1.0.15:45565|priority:0|startupRole:FOLLOWER]|listeners:[], old=null
2023-01-05 09:38:56,755 [grpc-default-executor-2] INFO  server.RaftServer$Division (RaftServerImpl.java:requestVote(1218)) - 990d1a38-ec81-4b28-afef-59db27651b98@group-C1DFA7CE67BB: receive requestVote(ELECTION, e52e8f62-614f-4bab-8a16-f8f5fa61eddd, group-C1DFA7CE67BB, 1, (t:0, i:0))
2023-01-05 09:38:56,755 [grpc-default-executor-3] INFO  server.RaftServer$Division (RaftServerImpl.java:requestVote(1218)) - e52e8f62-614f-4bab-8a16-f8f5fa61eddd@group-C1DFA7CE67BB: receive requestVote(ELECTION, f6bfd639-f08e-437c-ab3a-d66c7a0f1667, group-C1DFA7CE67BB, 1, (t:0, i:0))
2023-01-05 09:38:56,763 [grpc-default-executor-3] INFO  impl.VoteContext (VoteContext.java:log(49)) - e52e8f62-614f-4bab-8a16-f8f5fa61eddd@group-C1DFA7CE67BB-CANDIDATE: reject ELECTION from f6bfd639-f08e-437c-ab3a-d66c7a0f1667: already has voted for e52e8f62-614f-4bab-8a16-f8f5fa61eddd at current term 1
2023-01-05 09:38:56,763 [grpc-default-executor-3] INFO  server.RaftServer$Division (RaftServerImpl.java:requestVote(1251)) - e52e8f62-614f-4bab-8a16-f8f5fa61eddd@group-C1DFA7CE67BB replies to ELECTION vote request: f6bfd639-f08e-437c-ab3a-d66c7a0f1667<-e52e8f62-614f-4bab-8a16-f8f5fa61eddd#0:FAIL-t1. Peer's state: e52e8f62-614f-4bab-8a16-f8f5fa61eddd@group-C1DFA7CE67BB:t1, leader=null, voted=e52e8f62-614f-4bab-8a16-f8f5fa61eddd, raftlog=Memoized:e52e8f62-614f-4bab-8a16-f8f5fa61eddd@group-C1DFA7CE67BB-SegmentedRaftLog:OPENED:c-1, conf=-1: peers:[e52e8f62-614f-4bab-8a16-f8f5fa61eddd|rpc:10.1.0.15:32835|dataStream:10.1.0.15:45529|priority:1|startupRole:FOLLOWER, 990d1a38-ec81-4b28-afef-59db27651b98|rpc:10.1.0.15:38013|dataStream:10.1.0.15:41075|priority:0|startupRole:FOLLOWER, f6bfd639-f08e-437c-ab3a-d66c7a0f1667|rpc:10.1.0.15:34483|dataStream:10.1.0.15:45565|priority:0|startupRole:FOLLOWER]|listeners:[], old=null
2023-01-05 09:38:56,764 [grpc-default-executor-5] INFO  server.RaftServer$Division (RaftServerImpl.java:requestVote(1218)) - e52e8f62-614f-4bab-8a16-f8f5fa61eddd@group-C1DFA7CE67BB: receive requestVote(ELECTION, 990d1a38-ec81-4b28-afef-59db27651b98, group-C1DFA7CE67BB, 1, (t:0, i:0))
2023-01-05 09:38:56,764 [grpc-default-executor-5] INFO  impl.VoteContext (VoteContext.java:log(49)) - e52e8f62-614f-4bab-8a16-f8f5fa61eddd@group-C1DFA7CE67BB-CANDIDATE: reject ELECTION from 990d1a38-ec81-4b28-afef-59db27651b98: already has voted for e52e8f62-614f-4bab-8a16-f8f5fa61eddd at current term 1
2023-01-05 09:38:56,764 [grpc-default-executor-5] INFO  server.RaftServer$Division (RaftServerImpl.java:requestVote(1251)) - e52e8f62-614f-4bab-8a16-f8f5fa61eddd@group-C1DFA7CE67BB replies to ELECTION vote request: 990d1a38-ec81-4b28-afef-59db27651b98<-e52e8f62-614f-4bab-8a16-f8f5fa61eddd#0:FAIL-t1. Peer's state: e52e8f62-614f-4bab-8a16-f8f5fa61eddd@group-C1DFA7CE67BB:t1, leader=null, voted=e52e8f62-614f-4bab-8a16-f8f5fa61eddd, raftlog=Memoized:e52e8f62-614f-4bab-8a16-f8f5fa61eddd@group-C1DFA7CE67BB-SegmentedRaftLog:OPENED:c-1, conf=-1: peers:[e52e8f62-614f-4bab-8a16-f8f5fa61eddd|rpc:10.1.0.15:32835|dataStream:10.1.0.15:45529|priority:1|startupRole:FOLLOWER, 990d1a38-ec81-4b28-afef-59db27651b98|rpc:10.1.0.15:38013|dataStream:10.1.0.15:41075|priority:0|startupRole:FOLLOWER, f6bfd639-f08e-437c-ab3a-d66c7a0f1667|rpc:10.1.0.15:34483|dataStream:10.1.0.15:45565|priority:0|startupRole:FOLLOWER]|listeners:[], old=null
2023-01-05 09:38:56,755 [grpc-default-executor-0] INFO  impl.VoteContext (VoteContext.java:log(49)) - 990d1a38-ec81-4b28-afef-59db27651b98@group-C1DFA7CE67BB-CANDIDATE: reject ELECTION from f6bfd639-f08e-437c-ab3a-d66c7a0f1667: already has voted for 990d1a38-ec81-4b28-afef-59db27651b98 at current term 1
2023-01-05 09:38:56,761 [990d1a38-ec81-4b28-afef-59db27651b98@group-C1DFA7CE67BB-LeaderElection8] INFO  server.RaftServerConfigKeys (ConfUtils.java:logFallback(53)) - raft.server.rpc.first-election.timeout.min = 5s (fallback to raft.server.rpc.timeout.min)
2023-01-05 09:38:56,769 [f6bfd639-f08e-437c-ab3a-d66c7a0f1667@group-C1DFA7CE67BB-LeaderElection5] INFO  impl.LeaderElection (LeaderElection.java:logAndReturn(90)) - f6bfd639-f08e-437c-ab3a-d66c7a0f1667@group-C1DFA7CE67BB-LeaderElection5: ELECTION REJECTED received 1 response(s) and 0 exception(s):
2023-01-05 09:38:56,771 [f6bfd639-f08e-437c-ab3a-d66c7a0f1667@group-C1DFA7CE67BB-LeaderElection5] INFO  impl.LeaderElection (LeaderElection.java:logAndReturn(94)) -   Response 0: f6bfd639-f08e-437c-ab3a-d66c7a0f1667<-e52e8f62-614f-4bab-8a16-f8f5fa61eddd#0:FAIL-t1
2023-01-05 09:38:56,769 [grpc-default-executor-0] INFO  server.RaftServer$Division (RaftServerImpl.java:requestVote(1251)) - 990d1a38-ec81-4b28-afef-59db27651b98@group-C1DFA7CE67BB replies to ELECTION vote request: f6bfd639-f08e-437c-ab3a-d66c7a0f1667<-990d1a38-ec81-4b28-afef-59db27651b98#0:FAIL-t1. Peer's state: 990d1a38-ec81-4b28-afef-59db27651b98@group-C1DFA7CE67BB:t1, leader=null, voted=990d1a38-ec81-4b28-afef-59db27651b98, raftlog=Memoized:990d1a38-ec81-4b28-afef-59db27651b98@group-C1DFA7CE67BB-SegmentedRaftLog:OPENED:c-1, conf=-1: peers:[e52e8f62-614f-4bab-8a16-f8f5fa61eddd|rpc:10.1.0.15:32835|dataStream:10.1.0.15:45529|priority:1|startupRole:FOLLOWER, 990d1a38-ec81-4b28-afef-59db27651b98|rpc:10.1.0.15:38013|dataStream:10.1.0.15:41075|priority:0|startupRole:FOLLOWER, f6bfd639-f08e-437c-ab3a-d66c7a0f1667|rpc:10.1.0.15:34483|dataStream:10.1.0.15:45565|priority:0|startupRole:FOLLOWER]|listeners:[], old=null
2023-01-05 09:38:56,771 [f6bfd639-f08e-437c-ab3a-d66c7a0f1667@group-C1DFA7CE67BB-LeaderElection5] INFO  impl.LeaderElection (LeaderElection.java:askForVotes(314)) - f6bfd639-f08e-437c-ab3a-d66c7a0f1667@group-C1DFA7CE67BB-LeaderElection5 ELECTION round 0: result REJECTED
2023-01-05 09:38:56,771 [grpc-default-executor-2] INFO  impl.VoteContext (VoteContext.java:log(49)) - 990d1a38-ec81-4b28-afef-59db27651b98@group-C1DFA7CE67BB-CANDIDATE: reject ELECTION from e52e8f62-614f-4bab-8a16-f8f5fa61eddd: already has voted for 990d1a38-ec81-4b28-afef-59db27651b98 at current term 1
2023-01-05 09:38:56,775 [grpc-default-executor-2] INFO  server.RaftServer$Division (RaftServerImpl.java:requestVote(1251)) - 990d1a38-ec81-4b28-afef-59db27651b98@group-C1DFA7CE67BB replies to ELECTION vote request: e52e8f62-614f-4bab-8a16-f8f5fa61eddd<-990d1a38-ec81-4b28-afef-59db27651b98#0:FAIL-t1. Peer's state: 990d1a38-ec81-4b28-afef-59db27651b98@group-C1DFA7CE67BB:t1, leader=null, voted=990d1a38-ec81-4b28-afef-59db27651b98, raftlog=Memoized:990d1a38-ec81-4b28-afef-59db27651b98@group-C1DFA7CE67BB-SegmentedRaftLog:OPENED:c-1, conf=-1: peers:[e52e8f62-614f-4bab-8a16-f8f5fa61eddd|rpc:10.1.0.15:32835|dataStream:10.1.0.15:45529|priority:1|startupRole:FOLLOWER, 990d1a38-ec81-4b28-afef-59db27651b98|rpc:10.1.0.15:38013|dataStream:10.1.0.15:41075|priority:0|startupRole:FOLLOWER, f6bfd639-f08e-437c-ab3a-d66c7a0f1667|rpc:10.1.0.15:34483|dataStream:10.1.0.15:45565|priority:0|startupRole:FOLLOWER]|listeners:[], old=null
2023-01-05 09:38:56,771 [990d1a38-ec81-4b28-afef-59db27651b98@group-C1DFA7CE67BB-LeaderElection8] INFO  server.RaftServerConfigKeys (ConfUtils.java:logFallback(53)) - raft.server.rpc.first-election.timeout.max = 5200ms (fallback to raft.server.rpc.timeout.max)
2023-01-05 09:38:56,775 [990d1a38-ec81-4b28-afef-59db27651b98@group-C1DFA7CE67BB-LeaderElection8] INFO  impl.LeaderElection (LeaderElection.java:logAndReturn(90)) - 990d1a38-ec81-4b28-afef-59db27651b98@group-C1DFA7CE67BB-LeaderElection8: ELECTION REJECTED received 1 response(s) and 0 exception(s):
2023-01-05 09:38:56,775 [990d1a38-ec81-4b28-afef-59db27651b98@group-C1DFA7CE67BB-LeaderElection8] INFO  impl.LeaderElection (LeaderElection.java:logAndReturn(94)) -   Response 0: 990d1a38-ec81-4b28-afef-59db27651b98<-e52e8f62-614f-4bab-8a16-f8f5fa61eddd#0:FAIL-t1
2023-01-05 09:38:56,775 [990d1a38-ec81-4b28-afef-59db27651b98@group-C1DFA7CE67BB-LeaderElection8] INFO  impl.LeaderElection (LeaderElection.java:askForVotes(314)) - 990d1a38-ec81-4b28-afef-59db27651b98@group-C1DFA7CE67BB-LeaderElection8 ELECTION round 0: result REJECTED
2023-01-05 09:38:56,775 [990d1a38-ec81-4b28-afef-59db27651b98@group-C1DFA7CE67BB-LeaderElection8] INFO  server.RaftServer$Division (RaftServerImpl.java:setRole(321)) - 990d1a38-ec81-4b28-afef-59db27651b98@group-C1DFA7CE67BB: changes role from CANDIDATE to FOLLOWER at term 1 for REJECTED
2023-01-05 09:38:56,775 [990d1a38-ec81-4b28-afef-59db27651b98@group-C1DFA7CE67BB-LeaderElection8] INFO  impl.RoleInfo (RoleInfo.java:shutdownLeaderElection(130)) - 990d1a38-ec81-4b28-afef-59db27651b98: shutdown 990d1a38-ec81-4b28-afef-59db27651b98@group-C1DFA7CE67BB-LeaderElection8
2023-01-05 09:38:56,776 [990d1a38-ec81-4b28-afef-59db27651b98@group-C1DFA7CE67BB-LeaderElection8] INFO  impl.RoleInfo (RoleInfo.java:updateAndGet(139)) - 990d1a38-ec81-4b28-afef-59db27651b98: start 990d1a38-ec81-4b28-afef-59db27651b98@group-C1DFA7CE67BB-FollowerState
2023-01-05 09:38:56,772 [grpc-default-executor-3] INFO  server.RaftServer$Division (RaftServerImpl.java:requestVote(1218)) - f6bfd639-f08e-437c-ab3a-d66c7a0f1667@group-C1DFA7CE67BB: receive requestVote(ELECTION, 990d1a38-ec81-4b28-afef-59db27651b98, group-C1DFA7CE67BB, 1, (t:0, i:0))
2023-01-05 09:38:56,772 [f6bfd639-f08e-437c-ab3a-d66c7a0f1667@group-C1DFA7CE67BB-LeaderElection5] INFO  server.RaftServer$Division (RaftServerImpl.java:setRole(321)) - f6bfd639-f08e-437c-ab3a-d66c7a0f1667@group-C1DFA7CE67BB: changes role from CANDIDATE to FOLLOWER at term 1 for REJECTED
2023-01-05 09:38:56,779 [f6bfd639-f08e-437c-ab3a-d66c7a0f1667@group-C1DFA7CE67BB-LeaderElection5] INFO  impl.RoleInfo (RoleInfo.java:shutdownLeaderElection(130)) - f6bfd639-f08e-437c-ab3a-d66c7a0f1667: shutdown f6bfd639-f08e-437c-ab3a-d66c7a0f1667@group-C1DFA7CE67BB-LeaderElection5
2023-01-05 09:38:56,780 [f6bfd639-f08e-437c-ab3a-d66c7a0f1667@group-C1DFA7CE67BB-LeaderElection5] INFO  impl.RoleInfo (RoleInfo.java:updateAndGet(139)) - f6bfd639-f08e-437c-ab3a-d66c7a0f1667: start f6bfd639-f08e-437c-ab3a-d66c7a0f1667@group-C1DFA7CE67BB-FollowerState
2023-01-05 09:38:56,780 [e52e8f62-614f-4bab-8a16-f8f5fa61eddd@group-C1DFA7CE67BB-LeaderElection6] INFO  impl.LeaderElection (LeaderElection.java:logAndReturn(90)) - e52e8f62-614f-4bab-8a16-f8f5fa61eddd@group-C1DFA7CE67BB-LeaderElection6: ELECTION REJECTED received 2 response(s) and 0 exception(s):
2023-01-05 09:38:56,780 [e52e8f62-614f-4bab-8a16-f8f5fa61eddd@group-C1DFA7CE67BB-LeaderElection6] INFO  impl.LeaderElection (LeaderElection.java:logAndReturn(94)) -   Response 0: e52e8f62-614f-4bab-8a16-f8f5fa61eddd<-990d1a38-ec81-4b28-afef-59db27651b98#0:FAIL-t1
2023-01-05 09:38:56,780 [e52e8f62-614f-4bab-8a16-f8f5fa61eddd@group-C1DFA7CE67BB-LeaderElection6] INFO  impl.LeaderElection (LeaderElection.java:logAndReturn(94)) -   Response 1: e52e8f62-614f-4bab-8a16-f8f5fa61eddd<-f6bfd639-f08e-437c-ab3a-d66c7a0f1667#0:FAIL-t1
2023-01-05 09:38:56,779 [990d1a38-ec81-4b28-afef-59db27651b98@group-C1DFA7CE67BB-FollowerState] INFO  server.RaftServerConfigKeys (ConfUtils.java:logFallback(53)) - raft.server.rpc.first-election.timeout.min = 5s (fallback to raft.server.rpc.timeout.min)
2023-01-05 09:38:56,781 [990d1a38-ec81-4b28-afef-59db27651b98@group-C1DFA7CE67BB-FollowerState] INFO  server.RaftServerConfigKeys (ConfUtils.java:logFallback(53)) - raft.server.rpc.first-election.timeout.max = 5200ms (fallback to raft.server.rpc.timeout.max)
2023-01-05 09:38:56,781 [e52e8f62-614f-4bab-8a16-f8f5fa61eddd@group-C1DFA7CE67BB-LeaderElection6] INFO  impl.LeaderElection (LeaderElection.java:askForVotes(314)) - e52e8f62-614f-4bab-8a16-f8f5fa61eddd@group-C1DFA7CE67BB-LeaderElection6 ELECTION round 0: result REJECTED
2023-01-05 09:38:56,781 [e52e8f62-614f-4bab-8a16-f8f5fa61eddd@group-C1DFA7CE67BB-LeaderElection6] INFO  server.RaftServer$Division (RaftServerImpl.java:setRole(321)) - e52e8f62-614f-4bab-8a16-f8f5fa61eddd@group-C1DFA7CE67BB: changes role from CANDIDATE to FOLLOWER at term 1 for REJECTED
2023-01-05 09:38:56,781 [grpc-default-executor-3] INFO  impl.VoteContext (VoteContext.java:log(49)) - f6bfd639-f08e-437c-ab3a-d66c7a0f1667@group-C1DFA7CE67BB-FOLLOWER: reject ELECTION from 990d1a38-ec81-4b28-afef-59db27651b98: already has voted for f6bfd639-f08e-437c-ab3a-d66c7a0f1667 at current term 1
2023-01-05 09:38:56,781 [e52e8f62-614f-4bab-8a16-f8f5fa61eddd@group-C1DFA7CE67BB-LeaderElection6] INFO  impl.RoleInfo (RoleInfo.java:shutdownLeaderElection(130)) - e52e8f62-614f-4bab-8a16-f8f5fa61eddd: shutdown e52e8f62-614f-4bab-8a16-f8f5fa61eddd@group-C1DFA7CE67BB-LeaderElection6
2023-01-05 09:38:56,781 [grpc-default-executor-3] INFO  server.RaftServer$Division (RaftServerImpl.java:requestVote(1251)) - f6bfd639-f08e-437c-ab3a-d66c7a0f1667@group-C1DFA7CE67BB replies to ELECTION vote request: 990d1a38-ec81-4b28-afef-59db27651b98<-f6bfd639-f08e-437c-ab3a-d66c7a0f1667#0:FAIL-t1. Peer's state: f6bfd639-f08e-437c-ab3a-d66c7a0f1667@group-C1DFA7CE67BB:t1, leader=null, voted=f6bfd639-f08e-437c-ab3a-d66c7a0f1667, raftlog=Memoized:f6bfd639-f08e-437c-ab3a-d66c7a0f1667@group-C1DFA7CE67BB-SegmentedRaftLog:OPENED:c-1, conf=-1: peers:[e52e8f62-614f-4bab-8a16-f8f5fa61eddd|rpc:10.1.0.15:32835|dataStream:10.1.0.15:45529|priority:1|startupRole:FOLLOWER, 990d1a38-ec81-4b28-afef-59db27651b98|rpc:10.1.0.15:38013|dataStream:10.1.0.15:41075|priority:0|startupRole:FOLLOWER, f6bfd639-f08e-437c-ab3a-d66c7a0f1667|rpc:10.1.0.15:34483|dataStream:10.1.0.15:45565|priority:0|startupRole:FOLLOWER]|listeners:[], old=null
2023-01-05 09:38:56,781 [e52e8f62-614f-4bab-8a16-f8f5fa61eddd@group-C1DFA7CE67BB-LeaderElection6] INFO  impl.RoleInfo (RoleInfo.java:updateAndGet(139)) - e52e8f62-614f-4bab-8a16-f8f5fa61eddd: start e52e8f62-614f-4bab-8a16-f8f5fa61eddd@group-C1DFA7CE67BB-FollowerState
2023-01-05 09:38:56,784 [f6bfd639-f08e-437c-ab3a-d66c7a0f1667@group-C1DFA7CE67BB-FollowerState] INFO  server.RaftServerConfigKeys (ConfUtils.java:logFallback(53)) - raft.server.rpc.first-election.timeout.min = 5s (fallback to raft.server.rpc.timeout.min)
2023-01-05 09:38:56,797 [f6bfd639-f08e-437c-ab3a-d66c7a0f1667@group-C1DFA7CE67BB-FollowerState] INFO  server.RaftServerConfigKeys (ConfUtils.java:logFallback(53)) - raft.server.rpc.first-election.timeout.max = 5200ms (fallback to raft.server.rpc.timeout.max)
2023-01-05 09:38:56,797 [e52e8f62-614f-4bab-8a16-f8f5fa61eddd@group-C1DFA7CE67BB-FollowerState] INFO  server.RaftServerConfigKeys (ConfUtils.java:logFallback(53)) - raft.server.rpc.first-election.timeout.min = 5s (fallback to raft.server.rpc.timeout.min)
2023-01-05 09:38:56,797 [e52e8f62-614f-4bab-8a16-f8f5fa61eddd@group-C1DFA7CE67BB-FollowerState] INFO  server.RaftServerConfigKeys (ConfUtils.java:logFallback(53)) - raft.server.rpc.first-election.timeout.max = 5200ms (fallback to raft.server.rpc.timeout.max)
2023-01-05 09:38:57,152 | INFO  | SCMAudit | user=runner | ip=10.1.0.15 | op=SEND_HEARTBEAT {datanodeUUID=f6bfd639-f08e-437c-ab3a-d66c7a0f1667, term=-1, command=[]} | ret=SUCCESS |  
2023-01-05 09:38:57,152 [EventQueue-CommandQueueReportForCommandQueueReportHandler] WARN  events.EventQueue (EventQueue.java:fireEvent(216)) - No event handler registered for event TypedEvent{payloadType=DatanodeDetails, name='Datanode_Command_Queue_Updated'}
2023-01-05 09:38:57,157 | INFO  | OMAudit | user=runner | ip=127.0.0.1 | op=GET_SERVICE_LIST {} | ret=SUCCESS |  
2023-01-05 09:38:57,183 [Time-limited test] INFO  rpc.RpcClient (RpcClient.java:createVolume(474)) - Creating Volume: volume32692, with user49831 as owner and space quota set to -1 bytes, counts quota set to -1
2023-01-05 09:38:57,235 [OM StateMachine ApplyTransaction Thread - 0] WARN  om.OzoneManager (OzoneManager.java:checkAcls(2464)) - User runner doesn't have CREATE permission to access volume Volume:volume32692 
2023-01-05 09:38:57,239 | ERROR | OMAudit | user=runner | ip=127.0.0.1 | op=CREATE_VOLUME {admin=admin93105, owner=user49831, volume=volume32692, creationTime=1672911537189, modificationTime=1672911537189, quotaInBytes=-1, quotaInNamespace=-1, usedNamespace=0, objectID=-9223372036854775552, updateID=1} | ret=FAILURE | PERMISSION_DENIED org.apache.hadoop.ozone.om.exceptions.OMException: User runner doesn't have CREATE permission to access volume Volume:volume32692 
	at org.apache.hadoop.ozone.om.OzoneManager.checkAcls(OzoneManager.java:2467)
	at org.apache.hadoop.ozone.om.OzoneManager.checkAcls(OzoneManager.java:2442) 
2023-01-05 09:38:57,240 [OM StateMachine ApplyTransaction Thread - 0] ERROR volume.OMVolumeCreateRequest (OMVolumeCreateRequest.java:validateAndUpdateCache(198)) - Volume creation failed for user:user49831 volume:volume32692
PERMISSION_DENIED org.apache.hadoop.ozone.om.exceptions.OMException: User runner doesn't have CREATE permission to access volume Volume:volume32692 
	at org.apache.hadoop.ozone.om.OzoneManager.checkAcls(OzoneManager.java:2467)
	at org.apache.hadoop.ozone.om.OzoneManager.checkAcls(OzoneManager.java:2442)
	at org.apache.hadoop.ozone.om.OzoneAclUtils.checkAllAcls(OzoneAclUtils.java:108)
	at org.apache.hadoop.ozone.om.request.OMClientRequest.checkAcls(OMClientRequest.java:360)
	at org.apache.hadoop.ozone.om.request.OMClientRequest.checkAcls(OMClientRequest.java:215)
	at org.apache.hadoop.ozone.om.request.volume.OMVolumeCreateRequest.validateAndUpdateCache(OMVolumeCreateRequest.java:136)
	at org.apache.hadoop.ozone.protocolPB.OzoneManagerRequestHandler.handleWriteRequest(OzoneManagerRequestHandler.java:311)
	at org.apache.hadoop.ozone.om.ratis.OzoneManagerStateMachine.runCommand(OzoneManagerStateMachine.java:533)
	at org.apache.hadoop.ozone.om.ratis.OzoneManagerStateMachine.lambda$1(OzoneManagerStateMachine.java:324)
	at java.util.concurrent.CompletableFuture$AsyncSupply.run(CompletableFuture.java:1604)
	at java.util.concurrent.ThreadPoolExecutor.runWorker(ThreadPoolExecutor.java:1149)
	at java.util.concurrent.ThreadPoolExecutor$Worker.run(ThreadPoolExecutor.java:624)
	at java.lang.Thread.run(Thread.java:750)
]]></system-out>
  </testcase>
  <testcase name="testReadVolumePermissionDenied" classname="org.apache.hadoop.ozone.om.TestOmAcls" time="0.091">
    <system-out><![CDATA[2023-01-05 09:38:57,265 | INFO  | OMAudit | user=runner | ip=127.0.0.1 | op=GET_SERVICE_LIST {} | ret=SUCCESS |  
2023-01-05 09:38:57,279 [Time-limited test] INFO  rpc.RpcClient (RpcClient.java:createVolume(474)) - Creating Volume: volume46170, with user83298 as owner and space quota set to -1 bytes, counts quota set to -1
2023-01-05 09:38:57,294 | INFO  | OMAudit | user=runner | ip=127.0.0.1 | op=CREATE_VOLUME {admin=admin29998, owner=user83298, volume=volume46170, creationTime=1672911537281, modificationTime=1672911537281, quotaInBytes=-1, quotaInNamespace=-1, usedNamespace=0, objectID=-9223372036854775040, updateID=3} | ret=SUCCESS |  
2023-01-05 09:38:57,295 [OM StateMachine ApplyTransaction Thread - 0] INFO  volume.OMVolumeCreateRequest (OMVolumeCreateRequest.java:validateAndUpdateCache(195)) - created volume:volume46170 for user:user83298
2023-01-05 09:38:57,304 | INFO  | OMAudit | user=runner | ip=127.0.0.1 | op=READ_VOLUME {volume=volume46170} | ret=SUCCESS |  
2023-01-05 09:38:57,309 [Time-limited test] INFO  rpc.RpcClient (RpcClient.java:createBucket(693)) - Creating Bucket: volume46170/bucket66191, with bucket layout LEGACY, runner as owner, Versioning false, Storage Type set to DISK and Encryption set to false 
2023-01-05 09:38:57,327 | INFO  | OMAudit | user=runner | ip=127.0.0.1 | op=CREATE_BUCKET {volume=volume46170, bucket=bucket66191, bucketLayout=LEGACY, gdprEnabled=null, acls=[user:runner:a[ACCESS], group:docker:a[ACCESS], group:adm:a[ACCESS], group:systemd-journal:a[ACCESS]], isVersionEnabled=false, storageType=DISK, creationTime=1672911537319, bucketEncryptionKey=null, modificationTime=1672911537319, usedBytes=0, usedNamespace=0} | ret=SUCCESS |  
2023-01-05 09:38:57,327 [OM StateMachine ApplyTransaction Thread - 0] INFO  bucket.OMBucketCreateRequest (OMBucketCreateRequest.java:validateAndUpdateCache(260)) - created bucket: bucket66191 of layout LEGACY in volume: volume46170
2023-01-05 09:38:57,334 | INFO  | OMAudit | user=runner | ip=127.0.0.1 | op=READ_BUCKET {volume=volume46170, bucket=bucket66191} | ret=SUCCESS |  
2023-01-05 09:38:57,341 | INFO  | OMAudit | user=runner | ip=127.0.0.1 | op=GET_SERVICE_LIST {} | ret=SUCCESS |  
2023-01-05 09:38:57,344 [IPC Server handler 11 on default port 37423] WARN  om.OzoneManager (OzoneManager.java:checkAcls(2464)) - User runner doesn't have READ permission to access volume Volume:volume46170 
2023-01-05 09:38:57,344 | ERROR | OMAudit | user=runner | ip=127.0.0.1 | op=READ_VOLUME {volume=volume46170} | ret=FAILURE | PERMISSION_DENIED org.apache.hadoop.ozone.om.exceptions.OMException: User runner doesn't have READ permission to access volume Volume:volume46170 
	at org.apache.hadoop.ozone.om.OzoneManager.checkAcls(OzoneManager.java:2467)
	at org.apache.hadoop.ozone.om.OzoneManager.checkAcls(OzoneManager.java:2442) 
]]></system-out>
  </testcase>
  <testcase name="testCreateBucketPermissionDenied" classname="org.apache.hadoop.ozone.om.TestOmAcls" time="0.035">
    <system-out><![CDATA[2023-01-05 09:38:57,352 | INFO  | OMAudit | user=runner | ip=127.0.0.1 | op=GET_SERVICE_LIST {} | ret=SUCCESS |  
2023-01-05 09:38:57,366 [Time-limited test] INFO  rpc.RpcClient (RpcClient.java:createVolume(474)) - Creating Volume: volume85213, with user15114 as owner and space quota set to -1 bytes, counts quota set to -1
2023-01-05 09:38:57,369 | INFO  | OMAudit | user=runner | ip=127.0.0.1 | op=CREATE_VOLUME {admin=admin65435, owner=user15114, volume=volume85213, creationTime=1672911537367, modificationTime=1672911537367, quotaInBytes=-1, quotaInNamespace=-1, usedNamespace=0, objectID=-9223372036854774016, updateID=7} | ret=SUCCESS |  
2023-01-05 09:38:57,370 [OM StateMachine ApplyTransaction Thread - 0] INFO  volume.OMVolumeCreateRequest (OMVolumeCreateRequest.java:validateAndUpdateCache(195)) - created volume:volume85213 for user:user15114
2023-01-05 09:38:57,373 | INFO  | OMAudit | user=runner | ip=127.0.0.1 | op=READ_VOLUME {volume=volume85213} | ret=SUCCESS |  
2023-01-05 09:38:57,374 [Time-limited test] INFO  rpc.RpcClient (RpcClient.java:createBucket(693)) - Creating Bucket: volume85213/bucket09958, with bucket layout LEGACY, runner as owner, Versioning false, Storage Type set to DISK and Encryption set to false 
2023-01-05 09:38:57,380 [OM StateMachine ApplyTransaction Thread - 0] WARN  om.OzoneManager (OzoneManager.java:checkAcls(2464)) - User runner doesn't have CREATE permission to access bucket Volume:volume85213 Bucket:bucket09958 
2023-01-05 09:38:57,380 | ERROR | OMAudit | user=runner | ip=127.0.0.1 | op=CREATE_BUCKET {volume=volume85213, bucket=bucket09958, bucketLayout=LEGACY, gdprEnabled=null, acls=[user:runner:a[ACCESS], group:docker:a[ACCESS], group:adm:a[ACCESS], group:systemd-journal:a[ACCESS]], isVersionEnabled=false, storageType=DISK, creationTime=1672911537375, bucketEncryptionKey=null, modificationTime=1672911537375, usedBytes=0, usedNamespace=0} | ret=FAILURE | PERMISSION_DENIED org.apache.hadoop.ozone.om.exceptions.OMException: User runner doesn't have CREATE permission to access bucket Volume:volume85213 Bucket:bucket09958 
	at org.apache.hadoop.ozone.om.OzoneManager.checkAcls(OzoneManager.java:2467)
	at org.apache.hadoop.ozone.om.OzoneManager.checkAcls(OzoneManager.java:2442) 
2023-01-05 09:38:57,380 [OM StateMachine ApplyTransaction Thread - 0] ERROR bucket.OMBucketCreateRequest (OMBucketCreateRequest.java:validateAndUpdateCache(272)) - Bucket creation failed for bucket:bucket09958 in volume:volume85213
PERMISSION_DENIED org.apache.hadoop.ozone.om.exceptions.OMException: User runner doesn't have CREATE permission to access bucket Volume:volume85213 Bucket:bucket09958 
	at org.apache.hadoop.ozone.om.OzoneManager.checkAcls(OzoneManager.java:2467)
	at org.apache.hadoop.ozone.om.OzoneManager.checkAcls(OzoneManager.java:2442)
	at org.apache.hadoop.ozone.om.OzoneAclUtils.checkAllAcls(OzoneAclUtils.java:128)
	at org.apache.hadoop.ozone.om.request.OMClientRequest.checkAcls(OMClientRequest.java:360)
	at org.apache.hadoop.ozone.om.request.OMClientRequest.checkAcls(OMClientRequest.java:215)
	at org.apache.hadoop.ozone.om.request.bucket.OMBucketCreateRequest.validateAndUpdateCache(OMBucketCreateRequest.java:185)
	at org.apache.hadoop.ozone.protocolPB.OzoneManagerRequestHandler.handleWriteRequest(OzoneManagerRequestHandler.java:311)
	at org.apache.hadoop.ozone.om.ratis.OzoneManagerStateMachine.runCommand(OzoneManagerStateMachine.java:533)
	at org.apache.hadoop.ozone.om.ratis.OzoneManagerStateMachine.lambda$1(OzoneManagerStateMachine.java:324)
	at java.util.concurrent.CompletableFuture$AsyncSupply.run(CompletableFuture.java:1604)
	at java.util.concurrent.ThreadPoolExecutor.runWorker(ThreadPoolExecutor.java:1149)
	at java.util.concurrent.ThreadPoolExecutor$Worker.run(ThreadPoolExecutor.java:624)
	at java.lang.Thread.run(Thread.java:750)
]]></system-out>
  </testcase>
  <testcase name="testSetACLPermissionDenied" classname="org.apache.hadoop.ozone.om.TestOmAcls" time="0.058">
    <system-out><![CDATA[2023-01-05 09:38:57,394 | INFO  | OMAudit | user=runner | ip=127.0.0.1 | op=GET_SERVICE_LIST {} | ret=SUCCESS |  
2023-01-05 09:38:57,410 [Time-limited test] INFO  rpc.RpcClient (RpcClient.java:createVolume(474)) - Creating Volume: volume08242, with user16327 as owner and space quota set to -1 bytes, counts quota set to -1
2023-01-05 09:38:57,416 | INFO  | OMAudit | user=runner | ip=127.0.0.1 | op=CREATE_VOLUME {admin=admin63372, owner=user16327, volume=volume08242, creationTime=1672911537413, modificationTime=1672911537413, quotaInBytes=-1, quotaInNamespace=-1, usedNamespace=0, objectID=-9223372036854772992, updateID=11} | ret=SUCCESS |  
2023-01-05 09:38:57,416 [OM StateMachine ApplyTransaction Thread - 0] INFO  volume.OMVolumeCreateRequest (OMVolumeCreateRequest.java:validateAndUpdateCache(195)) - created volume:volume08242 for user:user16327
2023-01-05 09:38:57,420 | INFO  | OMAudit | user=runner | ip=127.0.0.1 | op=READ_VOLUME {volume=volume08242} | ret=SUCCESS |  
2023-01-05 09:38:57,421 [Time-limited test] INFO  rpc.RpcClient (RpcClient.java:createBucket(693)) - Creating Bucket: volume08242/bucket21513, with bucket layout LEGACY, runner as owner, Versioning false, Storage Type set to DISK and Encryption set to false 
2023-01-05 09:38:57,424 | INFO  | OMAudit | user=runner | ip=127.0.0.1 | op=CREATE_BUCKET {volume=volume08242, bucket=bucket21513, bucketLayout=LEGACY, gdprEnabled=null, acls=[user:runner:a[ACCESS], group:docker:a[ACCESS], group:adm:a[ACCESS], group:systemd-journal:a[ACCESS]], isVersionEnabled=false, storageType=DISK, creationTime=1672911537422, bucketEncryptionKey=null, modificationTime=1672911537422, usedBytes=0, usedNamespace=0} | ret=SUCCESS |  
2023-01-05 09:38:57,424 [OM StateMachine ApplyTransaction Thread - 0] INFO  bucket.OMBucketCreateRequest (OMBucketCreateRequest.java:validateAndUpdateCache(260)) - created bucket: bucket21513 of layout LEGACY in volume: volume08242
2023-01-05 09:38:57,426 | INFO  | OMAudit | user=runner | ip=127.0.0.1 | op=READ_BUCKET {volume=volume08242, bucket=bucket21513} | ret=SUCCESS |  
2023-01-05 09:38:57,438 [OM StateMachine ApplyTransaction Thread - 0] WARN  om.OzoneManager (OzoneManager.java:checkAcls(2464)) - User runner doesn't have WRITE_ACL permission to access bucket Volume:volume08242 Bucket:bucket21513 
2023-01-05 09:38:57,439 | ERROR | OMAudit | user=runner | ip=127.0.0.1 | op=SET_ACL {resourceType=bucket, storageType=ozone, volume=volume08242, bucket=bucket21513, key=null, acl=[]} | ret=FAILURE | PERMISSION_DENIED org.apache.hadoop.ozone.om.exceptions.OMException: User runner doesn't have WRITE_ACL permission to access bucket Volume:volume08242 Bucket:bucket21513 
	at org.apache.hadoop.ozone.om.OzoneManager.checkAcls(OzoneManager.java:2467)
	at org.apache.hadoop.ozone.om.OzoneManager.checkAcls(OzoneManager.java:2442) 
2023-01-05 09:38:57,439 [OM StateMachine ApplyTransaction Thread - 0] ERROR acl.OMBucketSetAclRequest (OMBucketSetAclRequest.java:onComplete(136)) - Set acl [] for path /volume08242/bucket21513 failed!
PERMISSION_DENIED org.apache.hadoop.ozone.om.exceptions.OMException: User runner doesn't have WRITE_ACL permission to access bucket Volume:volume08242 Bucket:bucket21513 
	at org.apache.hadoop.ozone.om.OzoneManager.checkAcls(OzoneManager.java:2467)
	at org.apache.hadoop.ozone.om.OzoneManager.checkAcls(OzoneManager.java:2442)
	at org.apache.hadoop.ozone.om.OzoneAclUtils.checkAllAcls(OzoneAclUtils.java:128)
	at org.apache.hadoop.ozone.om.request.OMClientRequest.checkAcls(OMClientRequest.java:360)
	at org.apache.hadoop.ozone.om.request.OMClientRequest.checkAcls(OMClientRequest.java:215)
	at org.apache.hadoop.ozone.om.request.bucket.acl.OMBucketAclRequest.validateAndUpdateCache(OMBucketAclRequest.java:98)
	at org.apache.hadoop.ozone.om.request.bucket.acl.OMBucketSetAclRequest.validateAndUpdateCache(OMBucketSetAclRequest.java:146)
	at org.apache.hadoop.ozone.protocolPB.OzoneManagerRequestHandler.handleWriteRequest(OzoneManagerRequestHandler.java:311)
	at org.apache.hadoop.ozone.om.ratis.OzoneManagerStateMachine.runCommand(OzoneManagerStateMachine.java:533)
	at org.apache.hadoop.ozone.om.ratis.OzoneManagerStateMachine.lambda$1(OzoneManagerStateMachine.java:324)
	at java.util.concurrent.CompletableFuture$AsyncSupply.run(CompletableFuture.java:1604)
	at java.util.concurrent.ThreadPoolExecutor.runWorker(ThreadPoolExecutor.java:1149)
	at java.util.concurrent.ThreadPoolExecutor$Worker.run(ThreadPoolExecutor.java:624)
	at java.lang.Thread.run(Thread.java:750)
]]></system-out>
  </testcase>
  <testcase name="testReadBucketPermissionDenied" classname="org.apache.hadoop.ozone.om.TestOmAcls" time="0.044">
    <failure type="java.lang.AssertionError"><![CDATA[java.lang.AssertionError: Audit log file doesn't contain the message with params  event=READ_BUCKET result=FAILURE
	at org.apache.hadoop.ozone.audit.AuditLogTestUtils.verifyAuditLog(AuditLogTestUtils.java:68)
	at org.apache.hadoop.ozone.om.TestOmAcls.testReadBucketPermissionDenied(TestOmAcls.java:170)
	at sun.reflect.NativeMethodAccessorImpl.invoke0(Native Method)
	at sun.reflect.NativeMethodAccessorImpl.invoke(NativeMethodAccessorImpl.java:62)
	at sun.reflect.DelegatingMethodAccessorImpl.invoke(DelegatingMethodAccessorImpl.java:43)
	at java.lang.reflect.Method.invoke(Method.java:498)
	at org.junit.runners.model.FrameworkMethod$1.runReflectiveCall(FrameworkMethod.java:59)
	at org.junit.internal.runners.model.ReflectiveCallable.run(ReflectiveCallable.java:12)
	at org.junit.runners.model.FrameworkMethod.invokeExplosively(FrameworkMethod.java:56)
	at org.junit.internal.runners.statements.InvokeMethod.evaluate(InvokeMethod.java:17)
	at org.junit.internal.runners.statements.RunBefores.evaluate(RunBefores.java:26)
	at org.junit.internal.runners.statements.FailOnTimeout$CallableStatement.call(FailOnTimeout.java:288)
	at org.junit.internal.runners.statements.FailOnTimeout$CallableStatement.call(FailOnTimeout.java:282)
	at java.util.concurrent.FutureTask.run(FutureTask.java:266)
	at java.lang.Thread.run(Thread.java:750)
]]></failure>
    <system-out><![CDATA[2023-01-05 09:38:57,446 | INFO  | OMAudit | user=runner | ip=127.0.0.1 | op=GET_SERVICE_LIST {} | ret=SUCCESS |  
2023-01-05 09:38:57,457 [Time-limited test] INFO  rpc.RpcClient (RpcClient.java:createVolume(474)) - Creating Volume: volume12717, with user22461 as owner and space quota set to -1 bytes, counts quota set to -1
2023-01-05 09:38:57,462 | INFO  | OMAudit | user=runner | ip=127.0.0.1 | op=CREATE_VOLUME {admin=admin73272, owner=user22461, volume=volume12717, creationTime=1672911537459, modificationTime=1672911537459, quotaInBytes=-1, quotaInNamespace=-1, usedNamespace=0, objectID=-9223372036854771456, updateID=17} | ret=SUCCESS |  
2023-01-05 09:38:57,462 [OM StateMachine ApplyTransaction Thread - 0] INFO  volume.OMVolumeCreateRequest (OMVolumeCreateRequest.java:validateAndUpdateCache(195)) - created volume:volume12717 for user:user22461
2023-01-05 09:38:57,467 | INFO  | OMAudit | user=runner | ip=127.0.0.1 | op=READ_VOLUME {volume=volume12717} | ret=SUCCESS |  
2023-01-05 09:38:57,468 [Time-limited test] INFO  rpc.RpcClient (RpcClient.java:createBucket(693)) - Creating Bucket: volume12717/bucket03427, with bucket layout LEGACY, runner as owner, Versioning false, Storage Type set to DISK and Encryption set to false 
2023-01-05 09:38:57,472 | INFO  | OMAudit | user=runner | ip=127.0.0.1 | op=CREATE_BUCKET {volume=volume12717, bucket=bucket03427, bucketLayout=LEGACY, gdprEnabled=null, acls=[user:runner:a[ACCESS], group:docker:a[ACCESS], group:adm:a[ACCESS], group:systemd-journal:a[ACCESS]], isVersionEnabled=false, storageType=DISK, creationTime=1672911537469, bucketEncryptionKey=null, modificationTime=1672911537469, usedBytes=0, usedNamespace=0} | ret=SUCCESS |  
2023-01-05 09:38:57,472 [OM StateMachine ApplyTransaction Thread - 0] INFO  bucket.OMBucketCreateRequest (OMBucketCreateRequest.java:validateAndUpdateCache(260)) - created bucket: bucket03427 of layout LEGACY in volume: volume12717
2023-01-05 09:38:57,474 | INFO  | OMAudit | user=runner | ip=127.0.0.1 | op=READ_BUCKET {volume=volume12717, bucket=bucket03427} | ret=SUCCESS |  
2023-01-05 09:38:57,478 | INFO  | OMAudit | user=runner | ip=127.0.0.1 | op=GET_SERVICE_LIST {} | ret=SUCCESS |  
2023-01-05 09:38:57,480 | INFO  | OMAudit | user=runner | ip=127.0.0.1 | op=READ_VOLUME {volume=volume12717} | ret=SUCCESS |  
2023-01-05 09:38:57,482 [IPC Server handler 9 on default port 37423] WARN  om.OzoneManager (OzoneManager.java:checkAcls(2464)) - User runner doesn't have READ permission to access bucket Volume:volume12717 Bucket:bucket03427 
2023-01-05 09:38:57,482 | ERROR | OMAudit | user=runner | ip=127.0.0.1 | op=READ_BUCKET {volume=volume12717, bucket=bucket03427} | ret=FAILURE | PERMISSION_DENIED org.apache.hadoop.ozone.om.exceptions.OMException: User runner doesn't have READ permission to access bucket Volume:volume12717 Bucket:bucket03427 
	at org.apache.hadoop.ozone.om.OzoneManager.checkAcls(OzoneManager.java:2467)
	at org.apache.hadoop.ozone.om.OzoneManager.checkAcls(OzoneManager.java:2442) 
]]></system-out>
  </testcase>
  <testcase name="testReadKeyPermissionDenied" classname="org.apache.hadoop.ozone.om.TestOmAcls" time="0.457">
    <system-out><![CDATA[2023-01-05 09:38:57,496 | INFO  | OMAudit | user=runner | ip=127.0.0.1 | op=GET_SERVICE_LIST {} | ret=SUCCESS |  
2023-01-05 09:38:57,507 [Time-limited test] INFO  rpc.RpcClient (RpcClient.java:createVolume(474)) - Creating Volume: volume15252, with user95092 as owner and space quota set to -1 bytes, counts quota set to -1
2023-01-05 09:38:57,512 | INFO  | OMAudit | user=runner | ip=127.0.0.1 | op=CREATE_VOLUME {admin=admin32881, owner=user95092, volume=volume15252, creationTime=1672911537509, modificationTime=1672911537509, quotaInBytes=-1, quotaInNamespace=-1, usedNamespace=0, objectID=-9223372036854770432, updateID=21} | ret=SUCCESS |  
2023-01-05 09:38:57,512 [OM StateMachine ApplyTransaction Thread - 0] INFO  volume.OMVolumeCreateRequest (OMVolumeCreateRequest.java:validateAndUpdateCache(195)) - created volume:volume15252 for user:user95092
2023-01-05 09:38:57,515 | INFO  | OMAudit | user=runner | ip=127.0.0.1 | op=READ_VOLUME {volume=volume15252} | ret=SUCCESS |  
2023-01-05 09:38:57,516 [Time-limited test] INFO  rpc.RpcClient (RpcClient.java:createBucket(693)) - Creating Bucket: volume15252/bucket55280, with bucket layout LEGACY, runner as owner, Versioning false, Storage Type set to DISK and Encryption set to false 
2023-01-05 09:38:57,519 | INFO  | OMAudit | user=runner | ip=127.0.0.1 | op=CREATE_BUCKET {volume=volume15252, bucket=bucket55280, bucketLayout=LEGACY, gdprEnabled=null, acls=[user:runner:a[ACCESS], group:docker:a[ACCESS], group:adm:a[ACCESS], group:systemd-journal:a[ACCESS]], isVersionEnabled=false, storageType=DISK, creationTime=1672911537517, bucketEncryptionKey=null, modificationTime=1672911537517, usedBytes=0, usedNamespace=0} | ret=SUCCESS |  
2023-01-05 09:38:57,520 [OM StateMachine ApplyTransaction Thread - 0] INFO  bucket.OMBucketCreateRequest (OMBucketCreateRequest.java:validateAndUpdateCache(260)) - created bucket: bucket55280 of layout LEGACY in volume: volume15252
2023-01-05 09:38:57,521 | INFO  | OMAudit | user=runner | ip=127.0.0.1 | op=READ_BUCKET {volume=volume15252, bucket=bucket55280} | ret=SUCCESS |  
2023-01-05 09:38:57,546 | INFO  | OMAudit | user=runner | ip=127.0.0.1 | op=READ_BUCKET {volume=volume15252, bucket=bucket55280} | ret=SUCCESS |  
2023-01-05 09:38:57,565 [IPC Server handler 0 on default port 42027] INFO  ha.SequenceIdGenerator (SequenceIdGenerator.java:getNextId(128)) - Allocate a batch for containerId, change lastId from 0 to 1000.
2023-01-05 09:38:57,575 [IPC Server handler 0 on default port 42027] WARN  ha.SequenceIdGenerator (SequenceIdGenerator.java:allocateBatch(237)) - Failed to allocate a batch for localId, expected lastId is 0, actual lastId is 111677748019200000.
2023-01-05 09:38:57,575 [IPC Server handler 0 on default port 42027] INFO  ha.SequenceIdGenerator (SequenceIdGenerator.java:getNextId(128)) - Allocate a batch for localId, change lastId from 111677748019200000 to 111677748019201000.
2023-01-05 09:38:57,577 | INFO  | SCMAudit | user=runner | ip=10.1.0.15 | op=ALLOCATE_BLOCK {replication=RATIS/ONE, owner=om1, size=4194304, num=1} | ret=SUCCESS |  
2023-01-05 09:38:57,617 | INFO  | OMAudit | user=runner | ip=127.0.0.1 | op=ALLOCATE_KEY {volume=volume15252, bucket=bucket55280, key=testKey, dataSize=11, replicationType=RATIS, replicationFactor=ONE} | ret=SUCCESS |  
2023-01-05 09:38:57,642 | INFO  | SCMAudit | user=runner | ip=10.1.0.15 | op=SEND_HEARTBEAT {datanodeUUID=990d1a38-ec81-4b28-afef-59db27651b98, term=-1, command=[]} | ret=SUCCESS |  
2023-01-05 09:38:57,644 [EventQueue-CommandQueueReportForCommandQueueReportHandler] WARN  events.EventQueue (EventQueue.java:fireEvent(216)) - No event handler registered for event TypedEvent{payloadType=DatanodeDetails, name='Datanode_Command_Queue_Updated'}
2023-01-05 09:38:57,657 [Time-limited test] INFO  impl.MetricsSystemImpl (MetricsSystemImpl.java:init(158)) - XceiverClientMetrics metrics system started (again)
2023-01-05 09:38:57,683 [EventQueue-CommandQueueReportForCommandQueueReportHandler] WARN  events.EventQueue (EventQueue.java:fireEvent(216)) - No event handler registered for event TypedEvent{payloadType=DatanodeDetails, name='Datanode_Command_Queue_Updated'}
2023-01-05 09:38:57,683 | INFO  | SCMAudit | user=runner | ip=10.1.0.15 | op=SEND_HEARTBEAT {datanodeUUID=e52e8f62-614f-4bab-8a16-f8f5fa61eddd, term=-1, command=[]} | ret=SUCCESS |  
2023-01-05 09:38:57,835 | INFO  | SCMAudit | user=runner | ip=10.1.0.15 | op=SEND_HEARTBEAT {datanodeUUID=f6bfd639-f08e-437c-ab3a-d66c7a0f1667, term=-1, command=[]} | ret=SUCCESS |  
2023-01-05 09:38:57,842 [EventQueue-CommandQueueReportForCommandQueueReportHandler] WARN  events.EventQueue (EventQueue.java:fireEvent(216)) - No event handler registered for event TypedEvent{payloadType=DatanodeDetails, name='Datanode_Command_Queue_Updated'}
2023-01-05 09:38:57,939 | INFO  | OMAudit | user=runner | ip=127.0.0.1 | op=COMMIT_KEY {volume=volume15252, bucket=bucket55280, key=testKey, dataSize=11, replicationType=RATIS, replicationFactor=ONE} | ret=SUCCESS |  
2023-01-05 09:38:57,945 [IPC Server handler 3 on default port 37423] WARN  om.OzoneManager (OzoneManager.java:checkAcls(2464)) - User runner doesn't have READ permission to access key Volume:volume15252 Bucket:bucket55280 Key:testKey
2023-01-05 09:38:57,945 | ERROR | OMAudit | user=runner | ip=127.0.0.1 | op=READ_KEY {volume=volume15252, bucket=bucket55280, key=testKey, dataSize=0, replicationConfig=null} | ret=FAILURE | PERMISSION_DENIED org.apache.hadoop.ozone.om.exceptions.OMException: User runner doesn't have READ permission to access key Volume:volume15252 Bucket:bucket55280 Key:testKey
	at org.apache.hadoop.ozone.om.OzoneManager.checkAcls(OzoneManager.java:2467)
	at org.apache.hadoop.ozone.om.OzoneManager.checkAcls(OzoneManager.java:2442) 
]]></system-out>
  </testcase>
  <testcase name="testCreateKeyPermissionDenied" classname="org.apache.hadoop.ozone.om.TestOmAcls" time="0.05">
    <system-out><![CDATA[2023-01-05 09:38:57,957 | INFO  | OMAudit | user=runner | ip=127.0.0.1 | op=GET_SERVICE_LIST {} | ret=SUCCESS |  
2023-01-05 09:38:57,971 [Time-limited test] INFO  rpc.RpcClient (RpcClient.java:createVolume(474)) - Creating Volume: volume49627, with user09459 as owner and space quota set to -1 bytes, counts quota set to -1
2023-01-05 09:38:57,976 | INFO  | OMAudit | user=runner | ip=127.0.0.1 | op=CREATE_VOLUME {admin=admin56573, owner=user09459, volume=volume49627, creationTime=1672911537973, modificationTime=1672911537973, quotaInBytes=-1, quotaInNamespace=-1, usedNamespace=0, objectID=-9223372036854768384, updateID=29} | ret=SUCCESS |  
2023-01-05 09:38:57,976 [OM StateMachine ApplyTransaction Thread - 0] INFO  volume.OMVolumeCreateRequest (OMVolumeCreateRequest.java:validateAndUpdateCache(195)) - created volume:volume49627 for user:user09459
2023-01-05 09:38:57,979 | INFO  | OMAudit | user=runner | ip=127.0.0.1 | op=READ_VOLUME {volume=volume49627} | ret=SUCCESS |  
2023-01-05 09:38:57,980 [Time-limited test] INFO  rpc.RpcClient (RpcClient.java:createBucket(693)) - Creating Bucket: volume49627/bucket00145, with bucket layout LEGACY, runner as owner, Versioning false, Storage Type set to DISK and Encryption set to false 
2023-01-05 09:38:57,984 | INFO  | OMAudit | user=runner | ip=127.0.0.1 | op=CREATE_BUCKET {volume=volume49627, bucket=bucket00145, bucketLayout=LEGACY, gdprEnabled=null, acls=[user:runner:a[ACCESS], group:docker:a[ACCESS], group:adm:a[ACCESS], group:systemd-journal:a[ACCESS]], isVersionEnabled=false, storageType=DISK, creationTime=1672911537981, bucketEncryptionKey=null, modificationTime=1672911537981, usedBytes=0, usedNamespace=0} | ret=SUCCESS |  
2023-01-05 09:38:57,984 [OM StateMachine ApplyTransaction Thread - 0] INFO  bucket.OMBucketCreateRequest (OMBucketCreateRequest.java:validateAndUpdateCache(260)) - created bucket: bucket00145 of layout LEGACY in volume: volume49627
2023-01-05 09:38:57,986 | INFO  | OMAudit | user=runner | ip=127.0.0.1 | op=READ_BUCKET {volume=volume49627, bucket=bucket00145} | ret=SUCCESS |  
2023-01-05 09:38:57,989 | INFO  | OMAudit | user=runner | ip=127.0.0.1 | op=READ_BUCKET {volume=volume49627, bucket=bucket00145} | ret=SUCCESS |  
2023-01-05 09:38:57,992 | INFO  | SCMAudit | user=runner | ip=10.1.0.15 | op=ALLOCATE_BLOCK {replication=RATIS/ONE, owner=om1, size=4194304, num=1} | ret=SUCCESS |  
2023-01-05 09:38:57,996 [OM StateMachine ApplyTransaction Thread - 0] WARN  om.OzoneManager (OzoneManager.java:checkAcls(2464)) - User runner doesn't have CREATE permission to access key Volume:volume49627 Bucket:bucket00145 Key:testKey
2023-01-05 09:38:57,996 | ERROR | OMAudit | user=runner | ip=127.0.0.1 | op=ALLOCATE_KEY {volume=volume49627, bucket=bucket00145, key=testKey, dataSize=11, replicationType=RATIS, replicationFactor=ONE} | ret=FAILURE | PERMISSION_DENIED org.apache.hadoop.ozone.om.exceptions.OMException: User runner doesn't have CREATE permission to access key Volume:volume49627 Bucket:bucket00145 Key:testKey
	at org.apache.hadoop.ozone.om.OzoneManager.checkAcls(OzoneManager.java:2467)
	at org.apache.hadoop.ozone.om.OzoneManager.checkAcls(OzoneManager.java:2442) 
2023-01-05 09:38:57,996 [OM StateMachine ApplyTransaction Thread - 0] ERROR key.OMKeyCreateRequest (OMKeyCreateRequest.java:logResult(382)) - Key creation failed. Volume:volume49627, Bucket:bucket00145, Key:testKey. 
PERMISSION_DENIED org.apache.hadoop.ozone.om.exceptions.OMException: User runner doesn't have CREATE permission to access key Volume:volume49627 Bucket:bucket00145 Key:testKey
	at org.apache.hadoop.ozone.om.OzoneManager.checkAcls(OzoneManager.java:2467)
	at org.apache.hadoop.ozone.om.OzoneManager.checkAcls(OzoneManager.java:2442)
	at org.apache.hadoop.ozone.om.OzoneAclUtils.checkAllAcls(OzoneAclUtils.java:128)
	at org.apache.hadoop.ozone.om.request.OMClientRequest.checkAcls(OMClientRequest.java:360)
	at org.apache.hadoop.ozone.om.request.OMClientRequest.checkAcls(OMClientRequest.java:215)
	at org.apache.hadoop.ozone.om.request.key.OMKeyRequest.checkKeyAcls(OMKeyRequest.java:342)
	at org.apache.hadoop.ozone.om.request.key.OMKeyCreateRequest.validateAndUpdateCache(OMKeyCreateRequest.java:221)
	at org.apache.hadoop.ozone.protocolPB.OzoneManagerRequestHandler.handleWriteRequest(OzoneManagerRequestHandler.java:311)
	at org.apache.hadoop.ozone.om.ratis.OzoneManagerStateMachine.runCommand(OzoneManagerStateMachine.java:533)
	at org.apache.hadoop.ozone.om.ratis.OzoneManagerStateMachine.lambda$1(OzoneManagerStateMachine.java:324)
	at java.util.concurrent.CompletableFuture$AsyncSupply.run(CompletableFuture.java:1604)
	at java.util.concurrent.ThreadPoolExecutor.runWorker(ThreadPoolExecutor.java:1149)
	at java.util.concurrent.ThreadPoolExecutor$Worker.run(ThreadPoolExecutor.java:624)
	at java.lang.Thread.run(Thread.java:750)
]]></system-out>
  </testcase>
</testsuite>