<?xml version="1.0" encoding="UTF-8"?>
<testsuite xmlns:xsi="http://www.w3.org/2001/XMLSchema-instance" xsi:noNamespaceSchemaLocation="https://maven.apache.org/surefire/maven-surefire-plugin/xsd/surefire-test-report.xsd" name="org.apache.hadoop.ozone.om.TestOMRatisSnapshots" time="112.295" tests="3" errors="0" skipped="0" failures="1">
  <properties>
    <property name="awt.toolkit" value="sun.awt.X11.XToolkit"/>
    <property name="file.encoding.pkg" value="sun.io"/>
    <property name="java.specification.version" value="1.8"/>
    <property name="sun.cpu.isalist" value=""/>
    <property name="sun.jnu.encoding" value="ANSI_X3.4-1968"/>
    <property name="java.class.path" value="/github/workspace/mnt/ozone/hadoop-ozone/integration-test/target/test-classes:/github/workspace/mnt/ozone/hadoop-ozone/integration-test/target/classes:/home/user/.m2/repository/org/apache/hadoop/hadoop-ozone-common/1.1.0-SNAPSHOT/hadoop-ozone-common-1.1.0-SNAPSHOT.jar:/home/user/.m2/repository/org/apache/commons/commons-compress/1.4.1/commons-compress-1.4.1.jar:/home/user/.m2/repository/org/tukaani/xz/1.0/xz-1.0.jar:/home/user/.m2/repository/org/apache/hadoop/hadoop-hdds-common/1.1.0-SNAPSHOT/hadoop-hdds-common-1.1.0-SNAPSHOT.jar:/home/user/.m2/repository/org/apache/hadoop/hadoop-hdds-client/1.1.0-SNAPSHOT/hadoop-hdds-client-1.1.0-SNAPSHOT.jar:/home/user/.m2/repository/org/apache/hadoop/hadoop-ozone-interface-client/1.1.0-SNAPSHOT/hadoop-ozone-interface-client-1.1.0-SNAPSHOT.jar:/home/user/.m2/repository/org/apache/hadoop/hadoop-hdds-test-utils/1.1.0-SNAPSHOT/hadoop-hdds-test-utils-1.1.0-SNAPSHOT.jar:/home/user/.m2/repository/com/google/guava/guava/28.2-jre/guava-28.2-jre.jar:/home/user/.m2/repository/com/google/guava/failureaccess/1.0.1/failureaccess-1.0.1.jar:/home/user/.m2/repository/com/google/guava/listenablefuture/9999.0-empty-to-avoid-conflict-with-guava/listenablefuture-9999.0-empty-to-avoid-conflict-with-guava.jar:/home/user/.m2/repository/com/google/code/findbugs/jsr305/3.0.0/jsr305-3.0.0.jar:/home/user/.m2/repository/org/checkerframework/checker-qual/2.10.0/checker-qual-2.10.0.jar:/home/user/.m2/repository/com/google/errorprone/error_prone_annotations/2.2.0/error_prone_annotations-2.2.0.jar:/home/user/.m2/repository/com/google/j2objc/j2objc-annotations/1.3/j2objc-annotations-1.3.jar:/home/user/.m2/repository/commons-io/commons-io/2.5/commons-io-2.5.jar:/home/user/.m2/repository/commons-logging/commons-logging/1.2/commons-logging-1.2.jar:/home/user/.m2/repository/log4j/log4j/1.2.17/log4j-1.2.17.jar:/home/user/.m2/repository/org/slf4j/slf4j-api/1.7.30/slf4j-api-1.7.30.jar:/home/user/.m2/repository/org/apache/hadoop/hadoop-hdds-server-scm/1.1.0-SNAPSHOT/hadoop-hdds-server-scm-1.1.0-SNAPSHOT.jar:/home/user/.m2/repository/org/apache/hadoop/hadoop-hdds-container-service/1.1.0-SNAPSHOT/hadoop-hdds-container-service-1.1.0-SNAPSHOT.jar:/home/user/.m2/repository/org/apache/hadoop/hadoop-hdds-hadoop-dependency-server/1.1.0-SNAPSHOT/hadoop-hdds-hadoop-dependency-server-1.1.0-SNAPSHOT.jar:/home/user/.m2/repository/org/apache/hadoop/hadoop-hdfs/3.2.1/hadoop-hdfs-3.2.1.jar:/home/user/.m2/repository/org/apache/hadoop/hadoop-hdds-server-framework/1.1.0-SNAPSHOT/hadoop-hdds-server-framework-1.1.0-SNAPSHOT.jar:/home/user/.m2/repository/org/apache/hadoop/hadoop-hdds-interface-server/1.1.0-SNAPSHOT/hadoop-hdds-interface-server-1.1.0-SNAPSHOT.jar:/home/user/.m2/repository/org/apache/hadoop/hadoop-hdds-interface-admin/1.1.0-SNAPSHOT/hadoop-hdds-interface-admin-1.1.0-SNAPSHOT.jar:/home/user/.m2/repository/org/eclipse/jetty/jetty-servlet/9.4.34.v20201102/jetty-servlet-9.4.34.v20201102.jar:/home/user/.m2/repository/org/eclipse/jetty/jetty-security/9.4.34.v20201102/jetty-security-9.4.34.v20201102.jar:/home/user/.m2/repository/org/rocksdb/rocksdbjni/6.8.1/rocksdbjni-6.8.1.jar:/home/user/.m2/repository/io/prometheus/simpleclient_dropwizard/0.7.0/simpleclient_dropwizard-0.7.0.jar:/home/user/.m2/repository/io/prometheus/simpleclient/0.7.0/simpleclient-0.7.0.jar:/home/user/.m2/repository/io/prometheus/simpleclient_common/0.7.0/simpleclient_common-0.7.0.jar:/home/user/.m2/repository/com/fasterxml/jackson/datatype/jackson-datatype-jsr310/2.10.3/jackson-datatype-jsr310-2.10.3.jar:/home/user/.m2/repository/io/dropwizard/metrics/metrics-core/3.2.4/metrics-core-3.2.4.jar:/home/user/.m2/repository/org/apache/hadoop/hadoop-hdfs-client/3.2.1/hadoop-hdfs-client-3.2.1.jar:/home/user/.m2/repository/org/bouncycastle/bcprov-jdk15on/1.67/bcprov-jdk15on-1.67.jar:/home/user/.m2/repository/org/apache/hadoop/hadoop-ozone-ozone-manager/1.1.0-SNAPSHOT/hadoop-ozone-ozone-manager-1.1.0-SNAPSHOT.jar:/home/user/.m2/repository/org/apache/hadoop/hadoop-hdds-interface-client/1.1.0-SNAPSHOT/hadoop-hdds-interface-client-1.1.0-SNAPSHOT.jar:/home/user/.m2/repository/org/apache/ratis/ratis-thirdparty-misc/0.6.0-SNAPSHOT/ratis-thirdparty-misc-0.6.0-SNAPSHOT.jar:/home/user/.m2/repository/org/apache/hadoop/hadoop-ozone-interface-storage/1.1.0-SNAPSHOT/hadoop-ozone-interface-storage-1.1.0-SNAPSHOT.jar:/home/user/.m2/repository/org/apache/hadoop/hadoop-minikdc/3.2.1/hadoop-minikdc-3.2.1.jar:/home/user/.m2/repository/org/apache/kerby/kerb-simplekdc/1.0.1/kerb-simplekdc-1.0.1.jar:/home/user/.m2/repository/org/apache/kerby/kerb-client/1.0.1/kerb-client-1.0.1.jar:/home/user/.m2/repository/org/apache/kerby/kerby-config/1.0.1/kerby-config-1.0.1.jar:/home/user/.m2/repository/org/apache/kerby/kerb-core/1.0.1/kerb-core-1.0.1.jar:/home/user/.m2/repository/org/apache/kerby/kerby-pkix/1.0.1/kerby-pkix-1.0.1.jar:/home/user/.m2/repository/org/apache/kerby/kerby-asn1/1.0.1/kerby-asn1-1.0.1.jar:/home/user/.m2/repository/org/apache/kerby/kerby-util/1.0.1/kerby-util-1.0.1.jar:/home/user/.m2/repository/org/apache/kerby/kerb-common/1.0.1/kerb-common-1.0.1.jar:/home/user/.m2/repository/org/apache/kerby/kerb-crypto/1.0.1/kerb-crypto-1.0.1.jar:/home/user/.m2/repository/org/apache/kerby/kerb-util/1.0.1/kerb-util-1.0.1.jar:/home/user/.m2/repository/org/apache/kerby/token-provider/1.0.1/token-provider-1.0.1.jar:/home/user/.m2/repository/org/apache/kerby/kerb-admin/1.0.1/kerb-admin-1.0.1.jar:/home/user/.m2/repository/org/apache/kerby/kerb-server/1.0.1/kerb-server-1.0.1.jar:/home/user/.m2/repository/org/apache/kerby/kerb-identity/1.0.1/kerb-identity-1.0.1.jar:/home/user/.m2/repository/org/apache/kerby/kerby-xdr/1.0.1/kerby-xdr-1.0.1.jar:/home/user/.m2/repository/org/slf4j/slf4j-log4j12/1.7.30/slf4j-log4j12-1.7.30.jar:/home/user/.m2/repository/org/apache/hadoop/hadoop-ozone-s3gateway/1.1.0-SNAPSHOT/hadoop-ozone-s3gateway-1.1.0-SNAPSHOT.jar:/home/user/.m2/repository/org/jboss/weld/servlet/weld-servlet/2.4.7.Final/weld-servlet-2.4.7.Final.jar:/home/user/.m2/repository/org/glassfish/jersey/containers/jersey-container-servlet-core/2.27/jersey-container-servlet-core-2.27.jar:/home/user/.m2/repository/org/glassfish/hk2/external/javax.inject/2.5.0-b42/javax.inject-2.5.0-b42.jar:/home/user/.m2/repository/org/glassfish/jersey/core/jersey-common/2.27/jersey-common-2.27.jar:/home/user/.m2/repository/org/glassfish/hk2/osgi-resource-locator/1.0.1/osgi-resource-locator-1.0.1.jar:/home/user/.m2/repository/javax/ws/rs/javax.ws.rs-api/2.1/javax.ws.rs-api-2.1.jar:/home/user/.m2/repository/org/glassfish/jersey/ext/cdi/jersey-cdi1x/2.27/jersey-cdi1x-2.27.jar:/home/user/.m2/repository/org/glassfish/jersey/inject/jersey-hk2/2.27/jersey-hk2-2.27.jar:/home/user/.m2/repository/org/glassfish/hk2/hk2-locator/2.5.0-b42/hk2-locator-2.5.0-b42.jar:/home/user/.m2/repository/org/javassist/javassist/3.22.0-CR2/javassist-3.22.0-CR2.jar:/home/user/.m2/repository/org/glassfish/hk2/hk2-api/2.5.0/hk2-api-2.5.0.jar:/home/user/.m2/repository/org/glassfish/hk2/external/jakarta.inject/2.5.0/jakarta.inject-2.5.0.jar:/home/user/.m2/repository/org/glassfish/hk2/hk2-utils/2.5.0/hk2-utils-2.5.0.jar:/home/user/.m2/repository/jakarta/annotation/jakarta.annotation-api/1.3.4/jakarta.annotation-api-1.3.4.jar:/home/user/.m2/repository/org/glassfish/hk2/external/aopalliance-repackaged/2.5.0/aopalliance-repackaged-2.5.0.jar:/home/user/.m2/repository/com/fasterxml/jackson/dataformat/jackson-dataformat-xml/2.10.3/jackson-dataformat-xml-2.10.3.jar:/home/user/.m2/repository/com/fasterxml/jackson/core/jackson-core/2.10.3/jackson-core-2.10.3.jar:/home/user/.m2/repository/com/fasterxml/jackson/module/jackson-module-jaxb-annotations/2.10.3/jackson-module-jaxb-annotations-2.10.3.jar:/home/user/.m2/repository/jakarta/xml/bind/jakarta.xml.bind-api/2.3.2/jakarta.xml.bind-api-2.3.2.jar:/home/user/.m2/repository/jakarta/activation/jakarta.activation-api/1.2.1/jakarta.activation-api-1.2.1.jar:/home/user/.m2/repository/org/codehaus/woodstox/stax2-api/3.1.4/stax2-api-3.1.4.jar:/home/user/.m2/repository/com/fasterxml/woodstox/woodstox-core/5.0.3/woodstox-core-5.0.3.jar:/home/user/.m2/repository/javax/enterprise/cdi-api/1.2/cdi-api-1.2.jar:/home/user/.m2/repository/javax/el/javax.el-api/3.0.0/javax.el-api-3.0.0.jar:/home/user/.m2/repository/javax/interceptor/javax.interceptor-api/1.2/javax.interceptor-api-1.2.jar:/home/user/.m2/repository/javax/inject/javax.inject/1/javax.inject-1.jar:/home/user/.m2/repository/com/sun/xml/bind/jaxb-impl/2.3.0.1/jaxb-impl-2.3.0.1.jar:/home/user/.m2/repository/com/sun/xml/bind/jaxb-core/2.3.0.1/jaxb-core-2.3.0.1.jar:/home/user/.m2/repository/javax/xml/bind/jaxb-api/2.3.0/jaxb-api-2.3.0.jar:/home/user/.m2/repository/javax/activation/activation/1.1.1/activation-1.1.1.jar:/home/user/.m2/repository/org/apache/hadoop/hadoop-ozone-csi/1.1.0-SNAPSHOT/hadoop-ozone-csi-1.1.0-SNAPSHOT.jar:/home/user/.m2/repository/com/google/protobuf/protobuf-java-util/3.11.0/protobuf-java-util-3.11.0.jar:/home/user/.m2/repository/com/google/code/gson/gson/2.2.4/gson-2.2.4.jar:/home/user/.m2/repository/org/apache/hadoop/hadoop-hdds-config/1.1.0-SNAPSHOT/hadoop-hdds-config-1.1.0-SNAPSHOT.jar:/home/user/.m2/repository/com/google/protobuf/protobuf-java/2.5.0/protobuf-java-2.5.0.jar:/home/user/.m2/repository/io/grpc/grpc-netty/1.29.0/grpc-netty-1.29.0.jar:/home/user/.m2/repository/io/grpc/grpc-core/1.29.0/grpc-core-1.29.0.jar:/home/user/.m2/repository/com/google/android/annotations/4.1.1.4/annotations-4.1.1.4.jar:/home/user/.m2/repository/io/perfmark/perfmark-api/0.19.0/perfmark-api-0.19.0.jar:/home/user/.m2/repository/io/netty/netty-codec-http2/4.1.48.Final/netty-codec-http2-4.1.48.Final.jar:/home/user/.m2/repository/io/netty/netty-codec/4.1.48.Final/netty-codec-4.1.48.Final.jar:/home/user/.m2/repository/io/netty/netty-handler/4.1.48.Final/netty-handler-4.1.48.Final.jar:/home/user/.m2/repository/io/netty/netty-codec-http/4.1.48.Final/netty-codec-http-4.1.48.Final.jar:/home/user/.m2/repository/io/netty/netty-handler-proxy/4.1.48.Final/netty-handler-proxy-4.1.48.Final.jar:/home/user/.m2/repository/io/netty/netty-codec-socks/4.1.48.Final/netty-codec-socks-4.1.48.Final.jar:/home/user/.m2/repository/io/netty/netty-transport-native-epoll/4.1.48.Final/netty-transport-native-epoll-4.1.48.Final.jar:/home/user/.m2/repository/io/netty/netty-common/4.1.48.Final/netty-common-4.1.48.Final.jar:/home/user/.m2/repository/io/netty/netty-buffer/4.1.48.Final/netty-buffer-4.1.48.Final.jar:/home/user/.m2/repository/io/netty/netty-transport/4.1.48.Final/netty-transport-4.1.48.Final.jar:/home/user/.m2/repository/io/netty/netty-resolver/4.1.48.Final/netty-resolver-4.1.48.Final.jar:/home/user/.m2/repository/io/netty/netty-transport-native-unix-common/4.1.48.Final/netty-transport-native-unix-common-4.1.48.Final.jar:/home/user/.m2/repository/io/grpc/grpc-protobuf/1.29.0/grpc-protobuf-1.29.0.jar:/home/user/.m2/repository/io/grpc/grpc-api/1.29.0/grpc-api-1.29.0.jar:/home/user/.m2/repository/io/grpc/grpc-context/1.29.0/grpc-context-1.29.0.jar:/home/user/.m2/repository/org/codehaus/mojo/animal-sniffer-annotations/1.18/animal-sniffer-annotations-1.18.jar:/home/user/.m2/repository/com/google/api/grpc/proto-google-common-protos/1.17.0/proto-google-common-protos-1.17.0.jar:/home/user/.m2/repository/io/grpc/grpc-protobuf-lite/1.29.0/grpc-protobuf-lite-1.29.0.jar:/home/user/.m2/repository/io/grpc/grpc-stub/1.29.0/grpc-stub-1.29.0.jar:/home/user/.m2/repository/org/apache/hadoop/hadoop-ozone-recon/1.1.0-SNAPSHOT/hadoop-ozone-recon-1.1.0-SNAPSHOT.jar:/home/user/.m2/repository/org/apache/hadoop/hadoop-ozone-reconcodegen/1.1.0-SNAPSHOT/hadoop-ozone-reconcodegen-1.1.0-SNAPSHOT.jar:/home/user/.m2/repository/com/google/inject/extensions/guice-multibindings/4.0/guice-multibindings-4.0.jar:/home/user/.m2/repository/com/google/inject/guice/4.0/guice-4.0.jar:/home/user/.m2/repository/aopalliance/aopalliance/1.0/aopalliance-1.0.jar:/home/user/.m2/repository/com/google/inject/extensions/guice-assistedinject/4.0/guice-assistedinject-4.0.jar:/home/user/.m2/repository/com/google/inject/extensions/guice-servlet/4.0/guice-servlet-4.0.jar:/home/user/.m2/repository/org/glassfish/jersey/containers/jersey-container-servlet/2.27/jersey-container-servlet-2.27.jar:/home/user/.m2/repository/org/glassfish/hk2/guice-bridge/2.5.0/guice-bridge-2.5.0.jar:/home/user/.m2/repository/org/glassfish/jersey/core/jersey-server/2.27/jersey-server-2.27.jar:/home/user/.m2/repository/org/glassfish/jersey/core/jersey-client/2.27/jersey-client-2.27.jar:/home/user/.m2/repository/org/glassfish/jersey/media/jersey-media-jaxb/2.27/jersey-media-jaxb-2.27.jar:/home/user/.m2/repository/javax/validation/validation-api/1.1.0.Final/validation-api-1.1.0.Final.jar:/home/user/.m2/repository/org/glassfish/jersey/media/jersey-media-json-jackson/2.27/jersey-media-json-jackson-2.27.jar:/home/user/.m2/repository/org/glassfish/jersey/ext/jersey-entity-filtering/2.27/jersey-entity-filtering-2.27.jar:/home/user/.m2/repository/org/jooq/jooq/3.11.10/jooq-3.11.10.jar:/home/user/.m2/repository/org/jooq/jooq-meta/3.11.10/jooq-meta-3.11.10.jar:/home/user/.m2/repository/org/jooq/jooq-codegen/3.11.10/jooq-codegen-3.11.10.jar:/home/user/.m2/repository/com/jolbox/bonecp/0.8.0.RELEASE/bonecp-0.8.0.RELEASE.jar:/home/user/.m2/repository/org/apache/derby/derby/10.14.2.0/derby-10.14.2.0.jar:/home/user/.m2/repository/org/xerial/sqlite-jdbc/3.25.2/sqlite-jdbc-3.25.2.jar:/home/user/.m2/repository/org/springframework/spring-jdbc/5.2.11.RELEASE/spring-jdbc-5.2.11.RELEASE.jar:/home/user/.m2/repository/org/springframework/spring-beans/5.2.11.RELEASE/spring-beans-5.2.11.RELEASE.jar:/home/user/.m2/repository/org/springframework/spring-core/5.2.11.RELEASE/spring-core-5.2.11.RELEASE.jar:/home/user/.m2/repository/org/springframework/spring-jcl/5.2.11.RELEASE/spring-jcl-5.2.11.RELEASE.jar:/home/user/.m2/repository/org/springframework/spring-tx/5.2.11.RELEASE/spring-tx-5.2.11.RELEASE.jar:/home/user/.m2/repository/org/apache/hadoop/hadoop-ozone-client/1.1.0-SNAPSHOT/hadoop-ozone-client-1.1.0-SNAPSHOT.jar:/home/user/.m2/repository/org/apache/hadoop/hadoop-ozone-filesystem/1.1.0-SNAPSHOT/hadoop-ozone-filesystem-1.1.0-SNAPSHOT.jar:/home/user/.m2/repository/org/apache/hadoop/hadoop-ozone-filesystem-common/1.1.0-SNAPSHOT/hadoop-ozone-filesystem-common-1.1.0-SNAPSHOT.jar:/home/user/.m2/repository/org/apache/hadoop/hadoop-ozone-tools/1.1.0-SNAPSHOT/hadoop-ozone-tools-1.1.0-SNAPSHOT.jar:/home/user/.m2/repository/org/apache/ratis/ratis-tools/1.1.0-35f17fa-SNAPSHOT/ratis-tools-1.1.0-35f17fa-SNAPSHOT.jar:/home/user/.m2/repository/org/apache/ratis/ratis-proto/1.1.0-35f17fa-SNAPSHOT/ratis-proto-1.1.0-35f17fa-SNAPSHOT.jar:/home/user/.m2/repository/org/apache/ratis/ratis-common/1.1.0-35f17fa-SNAPSHOT/ratis-common-1.1.0-35f17fa-SNAPSHOT.jar:/home/user/.m2/repository/com/amazonaws/aws-java-sdk-core/1.11.901/aws-java-sdk-core-1.11.901.jar:/home/user/.m2/repository/org/apache/httpcomponents/httpclient/4.5.13/httpclient-4.5.13.jar:/home/user/.m2/repository/org/apache/httpcomponents/httpcore/4.4.13/httpcore-4.4.13.jar:/home/user/.m2/repository/software/amazon/ion/ion-java/1.0.2/ion-java-1.0.2.jar:/home/user/.m2/repository/com/fasterxml/jackson/dataformat/jackson-dataformat-cbor/2.10.3/jackson-dataformat-cbor-2.10.3.jar:/home/user/.m2/repository/joda-time/joda-time/2.8.1/joda-time-2.8.1.jar:/home/user/.m2/repository/com/amazonaws/aws-java-sdk-s3/1.11.901/aws-java-sdk-s3-1.11.901.jar:/home/user/.m2/repository/com/amazonaws/aws-java-sdk-kms/1.11.901/aws-java-sdk-kms-1.11.901.jar:/home/user/.m2/repository/com/amazonaws/jmespath-java/1.11.901/jmespath-java-1.11.901.jar:/home/user/.m2/repository/org/kohsuke/metainf-services/metainf-services/1.8/metainf-services-1.8.jar:/home/user/.m2/repository/org/apache/hadoop/hadoop-hdds-tools/1.1.0-SNAPSHOT/hadoop-hdds-tools-1.1.0-SNAPSHOT.jar:/home/user/.m2/repository/commons-cli/commons-cli/1.2/commons-cli-1.2.jar:/home/user/.m2/repository/org/apache/commons/commons-lang3/3.7/commons-lang3-3.7.jar:/home/user/.m2/repository/org/apache/hadoop/hadoop-ozone-ozone-manager/1.1.0-SNAPSHOT/hadoop-ozone-ozone-manager-1.1.0-SNAPSHOT-tests.jar:/home/user/.m2/repository/org/apache/hadoop/hadoop-hdds-common/1.1.0-SNAPSHOT/hadoop-hdds-common-1.1.0-SNAPSHOT-tests.jar:/home/user/.m2/repository/org/apache/hadoop/hadoop-hdds-hadoop-dependency-client/1.1.0-SNAPSHOT/hadoop-hdds-hadoop-dependency-client-1.1.0-SNAPSHOT.jar:/home/user/.m2/repository/info/picocli/picocli/4.4.0/picocli-4.4.0.jar:/home/user/.m2/repository/com/fasterxml/jackson/core/jackson-annotations/2.10.3/jackson-annotations-2.10.3.jar:/home/user/.m2/repository/javax/annotation/javax.annotation-api/1.2/javax.annotation-api-1.2.jar:/home/user/.m2/repository/org/fusesource/leveldbjni/leveldbjni-all/1.8/leveldbjni-all-1.8.jar:/home/user/.m2/repository/org/apache/ratis/ratis-server/1.1.0-35f17fa-SNAPSHOT/ratis-server-1.1.0-35f17fa-SNAPSHOT.jar:/home/user/.m2/repository/org/apache/ratis/ratis-client/1.1.0-35f17fa-SNAPSHOT/ratis-client-1.1.0-35f17fa-SNAPSHOT.jar:/home/user/.m2/repository/org/apache/ratis/ratis-server-api/1.1.0-35f17fa-SNAPSHOT/ratis-server-api-1.1.0-35f17fa-SNAPSHOT.jar:/home/user/.m2/repository/org/apache/ratis/ratis-metrics/1.1.0-35f17fa-SNAPSHOT/ratis-metrics-1.1.0-35f17fa-SNAPSHOT.jar:/home/user/.m2/repository/org/apache/ratis/ratis-netty/1.1.0-35f17fa-SNAPSHOT/ratis-netty-1.1.0-35f17fa-SNAPSHOT.jar:/home/user/.m2/repository/org/apache/ratis/ratis-grpc/1.1.0-35f17fa-SNAPSHOT/ratis-grpc-1.1.0-35f17fa-SNAPSHOT.jar:/home/user/.m2/repository/org/apache/logging/log4j/log4j-api/2.13.3/log4j-api-2.13.3.jar:/home/user/.m2/repository/org/apache/logging/log4j/log4j-core/2.13.3/log4j-core-2.13.3.jar:/home/user/.m2/repository/com/lmax/disruptor/3.4.2/disruptor-3.4.2.jar:/home/user/.m2/repository/org/apache/commons/commons-pool2/2.6.0/commons-pool2-2.6.0.jar:/home/user/.m2/repository/org/bouncycastle/bcpkix-jdk15on/1.67/bcpkix-jdk15on-1.67.jar:/home/user/.m2/repository/commons-validator/commons-validator/1.6/commons-validator-1.6.jar:/home/user/.m2/repository/commons-beanutils/commons-beanutils/1.9.4/commons-beanutils-1.9.4.jar:/home/user/.m2/repository/commons-digester/commons-digester/1.8.1/commons-digester-1.8.1.jar:/home/user/.m2/repository/commons-collections/commons-collections/3.2.2/commons-collections-3.2.2.jar:/home/user/.m2/repository/io/jaegertracing/jaeger-client/1.2.0/jaeger-client-1.2.0.jar:/home/user/.m2/repository/io/jaegertracing/jaeger-thrift/1.2.0/jaeger-thrift-1.2.0.jar:/home/user/.m2/repository/org/apache/thrift/libthrift/0.13.0/libthrift-0.13.0.jar:/home/user/.m2/repository/com/squareup/okhttp3/okhttp/4.2.2/okhttp-4.2.2.jar:/home/user/.m2/repository/com/squareup/okio/okio/2.2.2/okio-2.2.2.jar:/home/user/.m2/repository/org/jetbrains/kotlin/kotlin-stdlib/1.3.50/kotlin-stdlib-1.3.50.jar:/home/user/.m2/repository/org/jetbrains/kotlin/kotlin-stdlib-common/1.3.50/kotlin-stdlib-common-1.3.50.jar:/home/user/.m2/repository/org/jetbrains/annotations/13.0/annotations-13.0.jar:/home/user/.m2/repository/io/jaegertracing/jaeger-core/1.2.0/jaeger-core-1.2.0.jar:/home/user/.m2/repository/io/jaegertracing/jaeger-tracerresolver/1.2.0/jaeger-tracerresolver-1.2.0.jar:/home/user/.m2/repository/io/opentracing/contrib/opentracing-tracerresolver/0.1.8/opentracing-tracerresolver-0.1.8.jar:/home/user/.m2/repository/io/opentracing/opentracing-util/0.33.0/opentracing-util-0.33.0.jar:/home/user/.m2/repository/io/opentracing/opentracing-api/0.33.0/opentracing-api-0.33.0.jar:/home/user/.m2/repository/io/opentracing/opentracing-noop/0.33.0/opentracing-noop-0.33.0.jar:/home/user/.m2/repository/org/yaml/snakeyaml/1.26/snakeyaml-1.26.jar:/home/user/.m2/repository/junit/junit/4.11/junit-4.11.jar:/home/user/.m2/repository/org/hamcrest/hamcrest-core/1.3/hamcrest-core-1.3.jar:/home/user/.m2/repository/org/openjdk/jmh/jmh-core/1.19/jmh-core-1.19.jar:/home/user/.m2/repository/net/sf/jopt-simple/jopt-simple/4.6/jopt-simple-4.6.jar:/home/user/.m2/repository/org/apache/commons/commons-math3/3.1.1/commons-math3-3.1.1.jar:/home/user/.m2/repository/org/openjdk/jmh/jmh-generator-annprocess/1.19/jmh-generator-annprocess-1.19.jar:/home/user/.m2/repository/org/mockito/mockito-all/1.8.5/mockito-all-1.8.5.jar:/home/user/.m2/repository/org/apache/hadoop/hadoop-kms/3.2.1/hadoop-kms-3.2.1.jar:/home/user/.m2/repository/org/apache/hadoop/hadoop-auth/3.2.1/hadoop-auth-3.2.1.jar:/home/user/.m2/repository/com/nimbusds/nimbus-jose-jwt/7.9/nimbus-jose-jwt-7.9.jar:/home/user/.m2/repository/com/github/stephenc/jcip/jcip-annotations/1.0-1/jcip-annotations-1.0-1.jar:/home/user/.m2/repository/net/minidev/json-smart/2.3/json-smart-2.3.jar:/home/user/.m2/repository/net/minidev/accessors-smart/1.2/accessors-smart-1.2.jar:/home/user/.m2/repository/org/ow2/asm/asm/5.0.4/asm-5.0.4.jar:/home/user/.m2/repository/org/apache/zookeeper/zookeeper/3.4.13/zookeeper-3.4.13.jar:/home/user/.m2/repository/org/apache/yetus/audience-annotations/0.5.0/audience-annotations-0.5.0.jar:/home/user/.m2/repository/org/apache/curator/curator-framework/2.13.0/curator-framework-2.13.0.jar:/home/user/.m2/repository/com/sun/jersey/jersey-core/1.19/jersey-core-1.19.jar:/home/user/.m2/repository/javax/ws/rs/jsr311-api/1.1.1/jsr311-api-1.1.1.jar:/home/user/.m2/repository/com/sun/jersey/jersey-server/1.19/jersey-server-1.19.jar:/home/user/.m2/repository/javax/servlet/javax.servlet-api/3.1.0/javax.servlet-api-3.1.0.jar:/home/user/.m2/repository/org/eclipse/jetty/jetty-server/9.4.34.v20201102/jetty-server-9.4.34.v20201102.jar:/home/user/.m2/repository/org/eclipse/jetty/jetty-http/9.4.34.v20201102/jetty-http-9.4.34.v20201102.jar:/home/user/.m2/repository/org/eclipse/jetty/jetty-io/9.4.34.v20201102/jetty-io-9.4.34.v20201102.jar:/home/user/.m2/repository/org/eclipse/jetty/jetty-webapp/9.4.34.v20201102/jetty-webapp-9.4.34.v20201102.jar:/home/user/.m2/repository/org/eclipse/jetty/jetty-xml/9.4.34.v20201102/jetty-xml-9.4.34.v20201102.jar:/home/user/.m2/repository/org/apache/hadoop/hadoop-common/3.2.1/hadoop-common-3.2.1.jar:/home/user/.m2/repository/commons-net/commons-net/3.6/commons-net-3.6.jar:/home/user/.m2/repository/com/sun/jersey/jersey-servlet/1.19/jersey-servlet-1.19.jar:/home/user/.m2/repository/com/sun/jersey/jersey-json/1.19/jersey-json-1.19.jar:/home/user/.m2/repository/org/codehaus/jettison/jettison/1.1/jettison-1.1.jar:/home/user/.m2/repository/org/codehaus/jackson/jackson-jaxrs/1.9.2/jackson-jaxrs-1.9.2.jar:/home/user/.m2/repository/org/codehaus/jackson/jackson-xc/1.9.2/jackson-xc-1.9.2.jar:/home/user/.m2/repository/org/apache/commons/commons-configuration2/2.1.1/commons-configuration2-2.1.1.jar:/home/user/.m2/repository/org/apache/commons/commons-text/1.4/commons-text-1.4.jar:/home/user/.m2/repository/com/google/re2j/re2j/1.1/re2j-1.1.jar:/home/user/.m2/repository/com/jcraft/jsch/0.1.54/jsch-0.1.54.jar:/home/user/.m2/repository/org/apache/curator/curator-client/2.13.0/curator-client-2.13.0.jar:/home/user/.m2/repository/org/apache/curator/curator-recipes/2.13.0/curator-recipes-2.13.0.jar:/home/user/.m2/repository/dnsjava/dnsjava/2.1.7/dnsjava-2.1.7.jar:/home/user/.m2/repository/org/slf4j/jul-to-slf4j/1.7.30/jul-to-slf4j-1.7.30.jar:/home/user/.m2/repository/org/eclipse/jetty/jetty-util/9.4.34.v20201102/jetty-util-9.4.34.v20201102.jar:/home/user/.m2/repository/com/fasterxml/jackson/core/jackson-databind/2.10.3/jackson-databind-2.10.3.jar:/home/user/.m2/repository/org/apache/hadoop/hadoop-kms/3.2.1/hadoop-kms-3.2.1-tests.jar:/home/user/.m2/repository/org/apache/hadoop/hadoop-hdds-server-scm/1.1.0-SNAPSHOT/hadoop-hdds-server-scm-1.1.0-SNAPSHOT-tests.jar:/home/user/.m2/repository/org/apache/hadoop/hadoop-hdds-container-service/1.1.0-SNAPSHOT/hadoop-hdds-container-service-1.1.0-SNAPSHOT-tests.jar:/home/user/.m2/repository/commons-codec/commons-codec/1.11/commons-codec-1.11.jar:/home/user/.m2/repository/org/apache/hadoop/hadoop-hdds-hadoop-dependency-test/1.1.0-SNAPSHOT/hadoop-hdds-hadoop-dependency-test-1.1.0-SNAPSHOT.jar:/home/user/.m2/repository/org/apache/hadoop/hadoop-common/3.2.1/hadoop-common-3.2.1-tests.jar:/home/user/.m2/repository/org/apache/hadoop/hadoop-hdfs/3.2.1/hadoop-hdfs-3.2.1-tests.jar:/home/user/.m2/repository/org/eclipse/jetty/jetty-util-ajax/9.4.34.v20201102/jetty-util-ajax-9.4.34.v20201102.jar:/home/user/.m2/repository/commons-daemon/commons-daemon/1.0.13/commons-daemon-1.0.13.jar:/home/user/.m2/repository/io/netty/netty/3.10.5.Final/netty-3.10.5.Final.jar:/home/user/.m2/repository/io/netty/netty-all/4.1.48.Final/netty-all-4.1.48.Final.jar:/home/user/.m2/repository/org/apache/htrace/htrace-core4/4.1.0-incubating/htrace-core4-4.1.0-incubating.jar:/home/user/.m2/repository/org/apache/hadoop/hadoop-distcp/3.2.1/hadoop-distcp-3.2.1.jar:/home/user/.m2/repository/org/apache/hadoop/hadoop-mapreduce-client-jobclient/3.2.1/hadoop-mapreduce-client-jobclient-3.2.1.jar:/home/user/.m2/repository/org/apache/hadoop/hadoop-mapreduce-client-common/3.2.1/hadoop-mapreduce-client-common-3.2.1.jar:/home/user/.m2/repository/org/apache/hadoop/hadoop-yarn-common/3.2.1/hadoop-yarn-common-3.2.1.jar:/home/user/.m2/repository/org/apache/hadoop/hadoop-yarn-api/3.2.1/hadoop-yarn-api-3.2.1.jar:/home/user/.m2/repository/com/sun/jersey/jersey-client/1.19/jersey-client-1.19.jar:/home/user/.m2/repository/com/sun/jersey/contribs/jersey-guice/1.19/jersey-guice-1.19.jar:/home/user/.m2/repository/com/fasterxml/jackson/jaxrs/jackson-jaxrs-json-provider/2.10.3/jackson-jaxrs-json-provider-2.10.3.jar:/home/user/.m2/repository/com/fasterxml/jackson/jaxrs/jackson-jaxrs-base/2.10.3/jackson-jaxrs-base-2.10.3.jar:/home/user/.m2/repository/org/apache/hadoop/hadoop-yarn-client/3.2.1/hadoop-yarn-client-3.2.1.jar:/home/user/.m2/repository/org/apache/hadoop/hadoop-mapreduce-client-core/3.2.1/hadoop-mapreduce-client-core-3.2.1.jar:/home/user/.m2/repository/org/apache/avro/avro/1.7.7/avro-1.7.7.jar:/home/user/.m2/repository/org/codehaus/jackson/jackson-core-asl/1.9.13/jackson-core-asl-1.9.13.jar:/home/user/.m2/repository/org/codehaus/jackson/jackson-mapper-asl/1.9.13/jackson-mapper-asl-1.9.13.jar:/home/user/.m2/repository/com/thoughtworks/paranamer/paranamer/2.3/paranamer-2.3.jar:/home/user/.m2/repository/org/xerial/snappy/snappy-java/1.0.5/snappy-java-1.0.5.jar:/home/user/.m2/repository/org/apache/hadoop/hadoop-annotations/3.2.1/hadoop-annotations-3.2.1.jar:/usr/lib/jvm/java-1.8.0-openjdk-1.8.0.232.b09-0.el7_7.x86_64/jre/../lib/tools.jar:/home/user/.m2/repository/org/apache/hadoop/hadoop-distcp/3.2.1/hadoop-distcp-3.2.1-tests.jar:"/>
    <property name="java.vm.vendor" value="Oracle Corporation"/>
    <property name="sun.arch.data.model" value="64"/>
    <property name="test.build.dir" value="/github/workspace/mnt/ozone/hadoop-ozone/integration-test/target/test-dir"/>
    <property name="test.cache.data" value=""/>
    <property name="java.vendor.url" value="http://java.oracle.com/"/>
    <property name="user.timezone" value=""/>
    <property name="java.vm.specification.version" value="1.8"/>
    <property name="os.name" value="Linux"/>
    <property name="test.build.data" value="/github/workspace/mnt/ozone/hadoop-ozone/integration-test/target/test-dir"/>
    <property name="user.country" value="US"/>
    <property name="sun.java.launcher" value="SUN_STANDARD"/>
    <property name="sun.boot.library.path" value="/usr/lib/jvm/java-1.8.0-openjdk-1.8.0.232.b09-0.el7_7.x86_64/jre/lib/amd64"/>
    <property name="sun.java.command" value="/github/workspace/mnt/ozone/hadoop-ozone/integration-test/target/surefire/surefirebooter8614523668369321799.jar /github/workspace/mnt/ozone/hadoop-ozone/integration-test/target/surefire 2021-01-13T13-26-52_975-jvmRun1 surefire582357458928190181tmp surefire_498832143945518431398tmp"/>
    <property name="surefire.test.class.path" value="/github/workspace/mnt/ozone/hadoop-ozone/integration-test/target/test-classes:/github/workspace/mnt/ozone/hadoop-ozone/integration-test/target/classes:/home/user/.m2/repository/org/apache/hadoop/hadoop-ozone-common/1.1.0-SNAPSHOT/hadoop-ozone-common-1.1.0-SNAPSHOT.jar:/home/user/.m2/repository/org/apache/commons/commons-compress/1.4.1/commons-compress-1.4.1.jar:/home/user/.m2/repository/org/tukaani/xz/1.0/xz-1.0.jar:/home/user/.m2/repository/org/apache/hadoop/hadoop-hdds-common/1.1.0-SNAPSHOT/hadoop-hdds-common-1.1.0-SNAPSHOT.jar:/home/user/.m2/repository/org/apache/hadoop/hadoop-hdds-client/1.1.0-SNAPSHOT/hadoop-hdds-client-1.1.0-SNAPSHOT.jar:/home/user/.m2/repository/org/apache/hadoop/hadoop-ozone-interface-client/1.1.0-SNAPSHOT/hadoop-ozone-interface-client-1.1.0-SNAPSHOT.jar:/home/user/.m2/repository/org/apache/hadoop/hadoop-hdds-test-utils/1.1.0-SNAPSHOT/hadoop-hdds-test-utils-1.1.0-SNAPSHOT.jar:/home/user/.m2/repository/com/google/guava/guava/28.2-jre/guava-28.2-jre.jar:/home/user/.m2/repository/com/google/guava/failureaccess/1.0.1/failureaccess-1.0.1.jar:/home/user/.m2/repository/com/google/guava/listenablefuture/9999.0-empty-to-avoid-conflict-with-guava/listenablefuture-9999.0-empty-to-avoid-conflict-with-guava.jar:/home/user/.m2/repository/com/google/code/findbugs/jsr305/3.0.0/jsr305-3.0.0.jar:/home/user/.m2/repository/org/checkerframework/checker-qual/2.10.0/checker-qual-2.10.0.jar:/home/user/.m2/repository/com/google/errorprone/error_prone_annotations/2.2.0/error_prone_annotations-2.2.0.jar:/home/user/.m2/repository/com/google/j2objc/j2objc-annotations/1.3/j2objc-annotations-1.3.jar:/home/user/.m2/repository/commons-io/commons-io/2.5/commons-io-2.5.jar:/home/user/.m2/repository/commons-logging/commons-logging/1.2/commons-logging-1.2.jar:/home/user/.m2/repository/log4j/log4j/1.2.17/log4j-1.2.17.jar:/home/user/.m2/repository/org/slf4j/slf4j-api/1.7.30/slf4j-api-1.7.30.jar:/home/user/.m2/repository/org/apache/hadoop/hadoop-hdds-server-scm/1.1.0-SNAPSHOT/hadoop-hdds-server-scm-1.1.0-SNAPSHOT.jar:/home/user/.m2/repository/org/apache/hadoop/hadoop-hdds-container-service/1.1.0-SNAPSHOT/hadoop-hdds-container-service-1.1.0-SNAPSHOT.jar:/home/user/.m2/repository/org/apache/hadoop/hadoop-hdds-hadoop-dependency-server/1.1.0-SNAPSHOT/hadoop-hdds-hadoop-dependency-server-1.1.0-SNAPSHOT.jar:/home/user/.m2/repository/org/apache/hadoop/hadoop-hdfs/3.2.1/hadoop-hdfs-3.2.1.jar:/home/user/.m2/repository/org/apache/hadoop/hadoop-hdds-server-framework/1.1.0-SNAPSHOT/hadoop-hdds-server-framework-1.1.0-SNAPSHOT.jar:/home/user/.m2/repository/org/apache/hadoop/hadoop-hdds-interface-server/1.1.0-SNAPSHOT/hadoop-hdds-interface-server-1.1.0-SNAPSHOT.jar:/home/user/.m2/repository/org/apache/hadoop/hadoop-hdds-interface-admin/1.1.0-SNAPSHOT/hadoop-hdds-interface-admin-1.1.0-SNAPSHOT.jar:/home/user/.m2/repository/org/eclipse/jetty/jetty-servlet/9.4.34.v20201102/jetty-servlet-9.4.34.v20201102.jar:/home/user/.m2/repository/org/eclipse/jetty/jetty-security/9.4.34.v20201102/jetty-security-9.4.34.v20201102.jar:/home/user/.m2/repository/org/rocksdb/rocksdbjni/6.8.1/rocksdbjni-6.8.1.jar:/home/user/.m2/repository/io/prometheus/simpleclient_dropwizard/0.7.0/simpleclient_dropwizard-0.7.0.jar:/home/user/.m2/repository/io/prometheus/simpleclient/0.7.0/simpleclient-0.7.0.jar:/home/user/.m2/repository/io/prometheus/simpleclient_common/0.7.0/simpleclient_common-0.7.0.jar:/home/user/.m2/repository/com/fasterxml/jackson/datatype/jackson-datatype-jsr310/2.10.3/jackson-datatype-jsr310-2.10.3.jar:/home/user/.m2/repository/io/dropwizard/metrics/metrics-core/3.2.4/metrics-core-3.2.4.jar:/home/user/.m2/repository/org/apache/hadoop/hadoop-hdfs-client/3.2.1/hadoop-hdfs-client-3.2.1.jar:/home/user/.m2/repository/org/bouncycastle/bcprov-jdk15on/1.67/bcprov-jdk15on-1.67.jar:/home/user/.m2/repository/org/apache/hadoop/hadoop-ozone-ozone-manager/1.1.0-SNAPSHOT/hadoop-ozone-ozone-manager-1.1.0-SNAPSHOT.jar:/home/user/.m2/repository/org/apache/hadoop/hadoop-hdds-interface-client/1.1.0-SNAPSHOT/hadoop-hdds-interface-client-1.1.0-SNAPSHOT.jar:/home/user/.m2/repository/org/apache/ratis/ratis-thirdparty-misc/0.6.0-SNAPSHOT/ratis-thirdparty-misc-0.6.0-SNAPSHOT.jar:/home/user/.m2/repository/org/apache/hadoop/hadoop-ozone-interface-storage/1.1.0-SNAPSHOT/hadoop-ozone-interface-storage-1.1.0-SNAPSHOT.jar:/home/user/.m2/repository/org/apache/hadoop/hadoop-minikdc/3.2.1/hadoop-minikdc-3.2.1.jar:/home/user/.m2/repository/org/apache/kerby/kerb-simplekdc/1.0.1/kerb-simplekdc-1.0.1.jar:/home/user/.m2/repository/org/apache/kerby/kerb-client/1.0.1/kerb-client-1.0.1.jar:/home/user/.m2/repository/org/apache/kerby/kerby-config/1.0.1/kerby-config-1.0.1.jar:/home/user/.m2/repository/org/apache/kerby/kerb-core/1.0.1/kerb-core-1.0.1.jar:/home/user/.m2/repository/org/apache/kerby/kerby-pkix/1.0.1/kerby-pkix-1.0.1.jar:/home/user/.m2/repository/org/apache/kerby/kerby-asn1/1.0.1/kerby-asn1-1.0.1.jar:/home/user/.m2/repository/org/apache/kerby/kerby-util/1.0.1/kerby-util-1.0.1.jar:/home/user/.m2/repository/org/apache/kerby/kerb-common/1.0.1/kerb-common-1.0.1.jar:/home/user/.m2/repository/org/apache/kerby/kerb-crypto/1.0.1/kerb-crypto-1.0.1.jar:/home/user/.m2/repository/org/apache/kerby/kerb-util/1.0.1/kerb-util-1.0.1.jar:/home/user/.m2/repository/org/apache/kerby/token-provider/1.0.1/token-provider-1.0.1.jar:/home/user/.m2/repository/org/apache/kerby/kerb-admin/1.0.1/kerb-admin-1.0.1.jar:/home/user/.m2/repository/org/apache/kerby/kerb-server/1.0.1/kerb-server-1.0.1.jar:/home/user/.m2/repository/org/apache/kerby/kerb-identity/1.0.1/kerb-identity-1.0.1.jar:/home/user/.m2/repository/org/apache/kerby/kerby-xdr/1.0.1/kerby-xdr-1.0.1.jar:/home/user/.m2/repository/org/slf4j/slf4j-log4j12/1.7.30/slf4j-log4j12-1.7.30.jar:/home/user/.m2/repository/org/apache/hadoop/hadoop-ozone-s3gateway/1.1.0-SNAPSHOT/hadoop-ozone-s3gateway-1.1.0-SNAPSHOT.jar:/home/user/.m2/repository/org/jboss/weld/servlet/weld-servlet/2.4.7.Final/weld-servlet-2.4.7.Final.jar:/home/user/.m2/repository/org/glassfish/jersey/containers/jersey-container-servlet-core/2.27/jersey-container-servlet-core-2.27.jar:/home/user/.m2/repository/org/glassfish/hk2/external/javax.inject/2.5.0-b42/javax.inject-2.5.0-b42.jar:/home/user/.m2/repository/org/glassfish/jersey/core/jersey-common/2.27/jersey-common-2.27.jar:/home/user/.m2/repository/org/glassfish/hk2/osgi-resource-locator/1.0.1/osgi-resource-locator-1.0.1.jar:/home/user/.m2/repository/javax/ws/rs/javax.ws.rs-api/2.1/javax.ws.rs-api-2.1.jar:/home/user/.m2/repository/org/glassfish/jersey/ext/cdi/jersey-cdi1x/2.27/jersey-cdi1x-2.27.jar:/home/user/.m2/repository/org/glassfish/jersey/inject/jersey-hk2/2.27/jersey-hk2-2.27.jar:/home/user/.m2/repository/org/glassfish/hk2/hk2-locator/2.5.0-b42/hk2-locator-2.5.0-b42.jar:/home/user/.m2/repository/org/javassist/javassist/3.22.0-CR2/javassist-3.22.0-CR2.jar:/home/user/.m2/repository/org/glassfish/hk2/hk2-api/2.5.0/hk2-api-2.5.0.jar:/home/user/.m2/repository/org/glassfish/hk2/external/jakarta.inject/2.5.0/jakarta.inject-2.5.0.jar:/home/user/.m2/repository/org/glassfish/hk2/hk2-utils/2.5.0/hk2-utils-2.5.0.jar:/home/user/.m2/repository/jakarta/annotation/jakarta.annotation-api/1.3.4/jakarta.annotation-api-1.3.4.jar:/home/user/.m2/repository/org/glassfish/hk2/external/aopalliance-repackaged/2.5.0/aopalliance-repackaged-2.5.0.jar:/home/user/.m2/repository/com/fasterxml/jackson/dataformat/jackson-dataformat-xml/2.10.3/jackson-dataformat-xml-2.10.3.jar:/home/user/.m2/repository/com/fasterxml/jackson/core/jackson-core/2.10.3/jackson-core-2.10.3.jar:/home/user/.m2/repository/com/fasterxml/jackson/module/jackson-module-jaxb-annotations/2.10.3/jackson-module-jaxb-annotations-2.10.3.jar:/home/user/.m2/repository/jakarta/xml/bind/jakarta.xml.bind-api/2.3.2/jakarta.xml.bind-api-2.3.2.jar:/home/user/.m2/repository/jakarta/activation/jakarta.activation-api/1.2.1/jakarta.activation-api-1.2.1.jar:/home/user/.m2/repository/org/codehaus/woodstox/stax2-api/3.1.4/stax2-api-3.1.4.jar:/home/user/.m2/repository/com/fasterxml/woodstox/woodstox-core/5.0.3/woodstox-core-5.0.3.jar:/home/user/.m2/repository/javax/enterprise/cdi-api/1.2/cdi-api-1.2.jar:/home/user/.m2/repository/javax/el/javax.el-api/3.0.0/javax.el-api-3.0.0.jar:/home/user/.m2/repository/javax/interceptor/javax.interceptor-api/1.2/javax.interceptor-api-1.2.jar:/home/user/.m2/repository/javax/inject/javax.inject/1/javax.inject-1.jar:/home/user/.m2/repository/com/sun/xml/bind/jaxb-impl/2.3.0.1/jaxb-impl-2.3.0.1.jar:/home/user/.m2/repository/com/sun/xml/bind/jaxb-core/2.3.0.1/jaxb-core-2.3.0.1.jar:/home/user/.m2/repository/javax/xml/bind/jaxb-api/2.3.0/jaxb-api-2.3.0.jar:/home/user/.m2/repository/javax/activation/activation/1.1.1/activation-1.1.1.jar:/home/user/.m2/repository/org/apache/hadoop/hadoop-ozone-csi/1.1.0-SNAPSHOT/hadoop-ozone-csi-1.1.0-SNAPSHOT.jar:/home/user/.m2/repository/com/google/protobuf/protobuf-java-util/3.11.0/protobuf-java-util-3.11.0.jar:/home/user/.m2/repository/com/google/code/gson/gson/2.2.4/gson-2.2.4.jar:/home/user/.m2/repository/org/apache/hadoop/hadoop-hdds-config/1.1.0-SNAPSHOT/hadoop-hdds-config-1.1.0-SNAPSHOT.jar:/home/user/.m2/repository/com/google/protobuf/protobuf-java/2.5.0/protobuf-java-2.5.0.jar:/home/user/.m2/repository/io/grpc/grpc-netty/1.29.0/grpc-netty-1.29.0.jar:/home/user/.m2/repository/io/grpc/grpc-core/1.29.0/grpc-core-1.29.0.jar:/home/user/.m2/repository/com/google/android/annotations/4.1.1.4/annotations-4.1.1.4.jar:/home/user/.m2/repository/io/perfmark/perfmark-api/0.19.0/perfmark-api-0.19.0.jar:/home/user/.m2/repository/io/netty/netty-codec-http2/4.1.48.Final/netty-codec-http2-4.1.48.Final.jar:/home/user/.m2/repository/io/netty/netty-codec/4.1.48.Final/netty-codec-4.1.48.Final.jar:/home/user/.m2/repository/io/netty/netty-handler/4.1.48.Final/netty-handler-4.1.48.Final.jar:/home/user/.m2/repository/io/netty/netty-codec-http/4.1.48.Final/netty-codec-http-4.1.48.Final.jar:/home/user/.m2/repository/io/netty/netty-handler-proxy/4.1.48.Final/netty-handler-proxy-4.1.48.Final.jar:/home/user/.m2/repository/io/netty/netty-codec-socks/4.1.48.Final/netty-codec-socks-4.1.48.Final.jar:/home/user/.m2/repository/io/netty/netty-transport-native-epoll/4.1.48.Final/netty-transport-native-epoll-4.1.48.Final.jar:/home/user/.m2/repository/io/netty/netty-common/4.1.48.Final/netty-common-4.1.48.Final.jar:/home/user/.m2/repository/io/netty/netty-buffer/4.1.48.Final/netty-buffer-4.1.48.Final.jar:/home/user/.m2/repository/io/netty/netty-transport/4.1.48.Final/netty-transport-4.1.48.Final.jar:/home/user/.m2/repository/io/netty/netty-resolver/4.1.48.Final/netty-resolver-4.1.48.Final.jar:/home/user/.m2/repository/io/netty/netty-transport-native-unix-common/4.1.48.Final/netty-transport-native-unix-common-4.1.48.Final.jar:/home/user/.m2/repository/io/grpc/grpc-protobuf/1.29.0/grpc-protobuf-1.29.0.jar:/home/user/.m2/repository/io/grpc/grpc-api/1.29.0/grpc-api-1.29.0.jar:/home/user/.m2/repository/io/grpc/grpc-context/1.29.0/grpc-context-1.29.0.jar:/home/user/.m2/repository/org/codehaus/mojo/animal-sniffer-annotations/1.18/animal-sniffer-annotations-1.18.jar:/home/user/.m2/repository/com/google/api/grpc/proto-google-common-protos/1.17.0/proto-google-common-protos-1.17.0.jar:/home/user/.m2/repository/io/grpc/grpc-protobuf-lite/1.29.0/grpc-protobuf-lite-1.29.0.jar:/home/user/.m2/repository/io/grpc/grpc-stub/1.29.0/grpc-stub-1.29.0.jar:/home/user/.m2/repository/org/apache/hadoop/hadoop-ozone-recon/1.1.0-SNAPSHOT/hadoop-ozone-recon-1.1.0-SNAPSHOT.jar:/home/user/.m2/repository/org/apache/hadoop/hadoop-ozone-reconcodegen/1.1.0-SNAPSHOT/hadoop-ozone-reconcodegen-1.1.0-SNAPSHOT.jar:/home/user/.m2/repository/com/google/inject/extensions/guice-multibindings/4.0/guice-multibindings-4.0.jar:/home/user/.m2/repository/com/google/inject/guice/4.0/guice-4.0.jar:/home/user/.m2/repository/aopalliance/aopalliance/1.0/aopalliance-1.0.jar:/home/user/.m2/repository/com/google/inject/extensions/guice-assistedinject/4.0/guice-assistedinject-4.0.jar:/home/user/.m2/repository/com/google/inject/extensions/guice-servlet/4.0/guice-servlet-4.0.jar:/home/user/.m2/repository/org/glassfish/jersey/containers/jersey-container-servlet/2.27/jersey-container-servlet-2.27.jar:/home/user/.m2/repository/org/glassfish/hk2/guice-bridge/2.5.0/guice-bridge-2.5.0.jar:/home/user/.m2/repository/org/glassfish/jersey/core/jersey-server/2.27/jersey-server-2.27.jar:/home/user/.m2/repository/org/glassfish/jersey/core/jersey-client/2.27/jersey-client-2.27.jar:/home/user/.m2/repository/org/glassfish/jersey/media/jersey-media-jaxb/2.27/jersey-media-jaxb-2.27.jar:/home/user/.m2/repository/javax/validation/validation-api/1.1.0.Final/validation-api-1.1.0.Final.jar:/home/user/.m2/repository/org/glassfish/jersey/media/jersey-media-json-jackson/2.27/jersey-media-json-jackson-2.27.jar:/home/user/.m2/repository/org/glassfish/jersey/ext/jersey-entity-filtering/2.27/jersey-entity-filtering-2.27.jar:/home/user/.m2/repository/org/jooq/jooq/3.11.10/jooq-3.11.10.jar:/home/user/.m2/repository/org/jooq/jooq-meta/3.11.10/jooq-meta-3.11.10.jar:/home/user/.m2/repository/org/jooq/jooq-codegen/3.11.10/jooq-codegen-3.11.10.jar:/home/user/.m2/repository/com/jolbox/bonecp/0.8.0.RELEASE/bonecp-0.8.0.RELEASE.jar:/home/user/.m2/repository/org/apache/derby/derby/10.14.2.0/derby-10.14.2.0.jar:/home/user/.m2/repository/org/xerial/sqlite-jdbc/3.25.2/sqlite-jdbc-3.25.2.jar:/home/user/.m2/repository/org/springframework/spring-jdbc/5.2.11.RELEASE/spring-jdbc-5.2.11.RELEASE.jar:/home/user/.m2/repository/org/springframework/spring-beans/5.2.11.RELEASE/spring-beans-5.2.11.RELEASE.jar:/home/user/.m2/repository/org/springframework/spring-core/5.2.11.RELEASE/spring-core-5.2.11.RELEASE.jar:/home/user/.m2/repository/org/springframework/spring-jcl/5.2.11.RELEASE/spring-jcl-5.2.11.RELEASE.jar:/home/user/.m2/repository/org/springframework/spring-tx/5.2.11.RELEASE/spring-tx-5.2.11.RELEASE.jar:/home/user/.m2/repository/org/apache/hadoop/hadoop-ozone-client/1.1.0-SNAPSHOT/hadoop-ozone-client-1.1.0-SNAPSHOT.jar:/home/user/.m2/repository/org/apache/hadoop/hadoop-ozone-filesystem/1.1.0-SNAPSHOT/hadoop-ozone-filesystem-1.1.0-SNAPSHOT.jar:/home/user/.m2/repository/org/apache/hadoop/hadoop-ozone-filesystem-common/1.1.0-SNAPSHOT/hadoop-ozone-filesystem-common-1.1.0-SNAPSHOT.jar:/home/user/.m2/repository/org/apache/hadoop/hadoop-ozone-tools/1.1.0-SNAPSHOT/hadoop-ozone-tools-1.1.0-SNAPSHOT.jar:/home/user/.m2/repository/org/apache/ratis/ratis-tools/1.1.0-35f17fa-SNAPSHOT/ratis-tools-1.1.0-35f17fa-SNAPSHOT.jar:/home/user/.m2/repository/org/apache/ratis/ratis-proto/1.1.0-35f17fa-SNAPSHOT/ratis-proto-1.1.0-35f17fa-SNAPSHOT.jar:/home/user/.m2/repository/org/apache/ratis/ratis-common/1.1.0-35f17fa-SNAPSHOT/ratis-common-1.1.0-35f17fa-SNAPSHOT.jar:/home/user/.m2/repository/com/amazonaws/aws-java-sdk-core/1.11.901/aws-java-sdk-core-1.11.901.jar:/home/user/.m2/repository/org/apache/httpcomponents/httpclient/4.5.13/httpclient-4.5.13.jar:/home/user/.m2/repository/org/apache/httpcomponents/httpcore/4.4.13/httpcore-4.4.13.jar:/home/user/.m2/repository/software/amazon/ion/ion-java/1.0.2/ion-java-1.0.2.jar:/home/user/.m2/repository/com/fasterxml/jackson/dataformat/jackson-dataformat-cbor/2.10.3/jackson-dataformat-cbor-2.10.3.jar:/home/user/.m2/repository/joda-time/joda-time/2.8.1/joda-time-2.8.1.jar:/home/user/.m2/repository/com/amazonaws/aws-java-sdk-s3/1.11.901/aws-java-sdk-s3-1.11.901.jar:/home/user/.m2/repository/com/amazonaws/aws-java-sdk-kms/1.11.901/aws-java-sdk-kms-1.11.901.jar:/home/user/.m2/repository/com/amazonaws/jmespath-java/1.11.901/jmespath-java-1.11.901.jar:/home/user/.m2/repository/org/kohsuke/metainf-services/metainf-services/1.8/metainf-services-1.8.jar:/home/user/.m2/repository/org/apache/hadoop/hadoop-hdds-tools/1.1.0-SNAPSHOT/hadoop-hdds-tools-1.1.0-SNAPSHOT.jar:/home/user/.m2/repository/commons-cli/commons-cli/1.2/commons-cli-1.2.jar:/home/user/.m2/repository/org/apache/commons/commons-lang3/3.7/commons-lang3-3.7.jar:/home/user/.m2/repository/org/apache/hadoop/hadoop-ozone-ozone-manager/1.1.0-SNAPSHOT/hadoop-ozone-ozone-manager-1.1.0-SNAPSHOT-tests.jar:/home/user/.m2/repository/org/apache/hadoop/hadoop-hdds-common/1.1.0-SNAPSHOT/hadoop-hdds-common-1.1.0-SNAPSHOT-tests.jar:/home/user/.m2/repository/org/apache/hadoop/hadoop-hdds-hadoop-dependency-client/1.1.0-SNAPSHOT/hadoop-hdds-hadoop-dependency-client-1.1.0-SNAPSHOT.jar:/home/user/.m2/repository/info/picocli/picocli/4.4.0/picocli-4.4.0.jar:/home/user/.m2/repository/com/fasterxml/jackson/core/jackson-annotations/2.10.3/jackson-annotations-2.10.3.jar:/home/user/.m2/repository/javax/annotation/javax.annotation-api/1.2/javax.annotation-api-1.2.jar:/home/user/.m2/repository/org/fusesource/leveldbjni/leveldbjni-all/1.8/leveldbjni-all-1.8.jar:/home/user/.m2/repository/org/apache/ratis/ratis-server/1.1.0-35f17fa-SNAPSHOT/ratis-server-1.1.0-35f17fa-SNAPSHOT.jar:/home/user/.m2/repository/org/apache/ratis/ratis-client/1.1.0-35f17fa-SNAPSHOT/ratis-client-1.1.0-35f17fa-SNAPSHOT.jar:/home/user/.m2/repository/org/apache/ratis/ratis-server-api/1.1.0-35f17fa-SNAPSHOT/ratis-server-api-1.1.0-35f17fa-SNAPSHOT.jar:/home/user/.m2/repository/org/apache/ratis/ratis-metrics/1.1.0-35f17fa-SNAPSHOT/ratis-metrics-1.1.0-35f17fa-SNAPSHOT.jar:/home/user/.m2/repository/org/apache/ratis/ratis-netty/1.1.0-35f17fa-SNAPSHOT/ratis-netty-1.1.0-35f17fa-SNAPSHOT.jar:/home/user/.m2/repository/org/apache/ratis/ratis-grpc/1.1.0-35f17fa-SNAPSHOT/ratis-grpc-1.1.0-35f17fa-SNAPSHOT.jar:/home/user/.m2/repository/org/apache/logging/log4j/log4j-api/2.13.3/log4j-api-2.13.3.jar:/home/user/.m2/repository/org/apache/logging/log4j/log4j-core/2.13.3/log4j-core-2.13.3.jar:/home/user/.m2/repository/com/lmax/disruptor/3.4.2/disruptor-3.4.2.jar:/home/user/.m2/repository/org/apache/commons/commons-pool2/2.6.0/commons-pool2-2.6.0.jar:/home/user/.m2/repository/org/bouncycastle/bcpkix-jdk15on/1.67/bcpkix-jdk15on-1.67.jar:/home/user/.m2/repository/commons-validator/commons-validator/1.6/commons-validator-1.6.jar:/home/user/.m2/repository/commons-beanutils/commons-beanutils/1.9.4/commons-beanutils-1.9.4.jar:/home/user/.m2/repository/commons-digester/commons-digester/1.8.1/commons-digester-1.8.1.jar:/home/user/.m2/repository/commons-collections/commons-collections/3.2.2/commons-collections-3.2.2.jar:/home/user/.m2/repository/io/jaegertracing/jaeger-client/1.2.0/jaeger-client-1.2.0.jar:/home/user/.m2/repository/io/jaegertracing/jaeger-thrift/1.2.0/jaeger-thrift-1.2.0.jar:/home/user/.m2/repository/org/apache/thrift/libthrift/0.13.0/libthrift-0.13.0.jar:/home/user/.m2/repository/com/squareup/okhttp3/okhttp/4.2.2/okhttp-4.2.2.jar:/home/user/.m2/repository/com/squareup/okio/okio/2.2.2/okio-2.2.2.jar:/home/user/.m2/repository/org/jetbrains/kotlin/kotlin-stdlib/1.3.50/kotlin-stdlib-1.3.50.jar:/home/user/.m2/repository/org/jetbrains/kotlin/kotlin-stdlib-common/1.3.50/kotlin-stdlib-common-1.3.50.jar:/home/user/.m2/repository/org/jetbrains/annotations/13.0/annotations-13.0.jar:/home/user/.m2/repository/io/jaegertracing/jaeger-core/1.2.0/jaeger-core-1.2.0.jar:/home/user/.m2/repository/io/jaegertracing/jaeger-tracerresolver/1.2.0/jaeger-tracerresolver-1.2.0.jar:/home/user/.m2/repository/io/opentracing/contrib/opentracing-tracerresolver/0.1.8/opentracing-tracerresolver-0.1.8.jar:/home/user/.m2/repository/io/opentracing/opentracing-util/0.33.0/opentracing-util-0.33.0.jar:/home/user/.m2/repository/io/opentracing/opentracing-api/0.33.0/opentracing-api-0.33.0.jar:/home/user/.m2/repository/io/opentracing/opentracing-noop/0.33.0/opentracing-noop-0.33.0.jar:/home/user/.m2/repository/org/yaml/snakeyaml/1.26/snakeyaml-1.26.jar:/home/user/.m2/repository/junit/junit/4.11/junit-4.11.jar:/home/user/.m2/repository/org/hamcrest/hamcrest-core/1.3/hamcrest-core-1.3.jar:/home/user/.m2/repository/org/openjdk/jmh/jmh-core/1.19/jmh-core-1.19.jar:/home/user/.m2/repository/net/sf/jopt-simple/jopt-simple/4.6/jopt-simple-4.6.jar:/home/user/.m2/repository/org/apache/commons/commons-math3/3.1.1/commons-math3-3.1.1.jar:/home/user/.m2/repository/org/openjdk/jmh/jmh-generator-annprocess/1.19/jmh-generator-annprocess-1.19.jar:/home/user/.m2/repository/org/mockito/mockito-all/1.8.5/mockito-all-1.8.5.jar:/home/user/.m2/repository/org/apache/hadoop/hadoop-kms/3.2.1/hadoop-kms-3.2.1.jar:/home/user/.m2/repository/org/apache/hadoop/hadoop-auth/3.2.1/hadoop-auth-3.2.1.jar:/home/user/.m2/repository/com/nimbusds/nimbus-jose-jwt/7.9/nimbus-jose-jwt-7.9.jar:/home/user/.m2/repository/com/github/stephenc/jcip/jcip-annotations/1.0-1/jcip-annotations-1.0-1.jar:/home/user/.m2/repository/net/minidev/json-smart/2.3/json-smart-2.3.jar:/home/user/.m2/repository/net/minidev/accessors-smart/1.2/accessors-smart-1.2.jar:/home/user/.m2/repository/org/ow2/asm/asm/5.0.4/asm-5.0.4.jar:/home/user/.m2/repository/org/apache/zookeeper/zookeeper/3.4.13/zookeeper-3.4.13.jar:/home/user/.m2/repository/org/apache/yetus/audience-annotations/0.5.0/audience-annotations-0.5.0.jar:/home/user/.m2/repository/org/apache/curator/curator-framework/2.13.0/curator-framework-2.13.0.jar:/home/user/.m2/repository/com/sun/jersey/jersey-core/1.19/jersey-core-1.19.jar:/home/user/.m2/repository/javax/ws/rs/jsr311-api/1.1.1/jsr311-api-1.1.1.jar:/home/user/.m2/repository/com/sun/jersey/jersey-server/1.19/jersey-server-1.19.jar:/home/user/.m2/repository/javax/servlet/javax.servlet-api/3.1.0/javax.servlet-api-3.1.0.jar:/home/user/.m2/repository/org/eclipse/jetty/jetty-server/9.4.34.v20201102/jetty-server-9.4.34.v20201102.jar:/home/user/.m2/repository/org/eclipse/jetty/jetty-http/9.4.34.v20201102/jetty-http-9.4.34.v20201102.jar:/home/user/.m2/repository/org/eclipse/jetty/jetty-io/9.4.34.v20201102/jetty-io-9.4.34.v20201102.jar:/home/user/.m2/repository/org/eclipse/jetty/jetty-webapp/9.4.34.v20201102/jetty-webapp-9.4.34.v20201102.jar:/home/user/.m2/repository/org/eclipse/jetty/jetty-xml/9.4.34.v20201102/jetty-xml-9.4.34.v20201102.jar:/home/user/.m2/repository/org/apache/hadoop/hadoop-common/3.2.1/hadoop-common-3.2.1.jar:/home/user/.m2/repository/commons-net/commons-net/3.6/commons-net-3.6.jar:/home/user/.m2/repository/com/sun/jersey/jersey-servlet/1.19/jersey-servlet-1.19.jar:/home/user/.m2/repository/com/sun/jersey/jersey-json/1.19/jersey-json-1.19.jar:/home/user/.m2/repository/org/codehaus/jettison/jettison/1.1/jettison-1.1.jar:/home/user/.m2/repository/org/codehaus/jackson/jackson-jaxrs/1.9.2/jackson-jaxrs-1.9.2.jar:/home/user/.m2/repository/org/codehaus/jackson/jackson-xc/1.9.2/jackson-xc-1.9.2.jar:/home/user/.m2/repository/org/apache/commons/commons-configuration2/2.1.1/commons-configuration2-2.1.1.jar:/home/user/.m2/repository/org/apache/commons/commons-text/1.4/commons-text-1.4.jar:/home/user/.m2/repository/com/google/re2j/re2j/1.1/re2j-1.1.jar:/home/user/.m2/repository/com/jcraft/jsch/0.1.54/jsch-0.1.54.jar:/home/user/.m2/repository/org/apache/curator/curator-client/2.13.0/curator-client-2.13.0.jar:/home/user/.m2/repository/org/apache/curator/curator-recipes/2.13.0/curator-recipes-2.13.0.jar:/home/user/.m2/repository/dnsjava/dnsjava/2.1.7/dnsjava-2.1.7.jar:/home/user/.m2/repository/org/slf4j/jul-to-slf4j/1.7.30/jul-to-slf4j-1.7.30.jar:/home/user/.m2/repository/org/eclipse/jetty/jetty-util/9.4.34.v20201102/jetty-util-9.4.34.v20201102.jar:/home/user/.m2/repository/com/fasterxml/jackson/core/jackson-databind/2.10.3/jackson-databind-2.10.3.jar:/home/user/.m2/repository/org/apache/hadoop/hadoop-kms/3.2.1/hadoop-kms-3.2.1-tests.jar:/home/user/.m2/repository/org/apache/hadoop/hadoop-hdds-server-scm/1.1.0-SNAPSHOT/hadoop-hdds-server-scm-1.1.0-SNAPSHOT-tests.jar:/home/user/.m2/repository/org/apache/hadoop/hadoop-hdds-container-service/1.1.0-SNAPSHOT/hadoop-hdds-container-service-1.1.0-SNAPSHOT-tests.jar:/home/user/.m2/repository/commons-codec/commons-codec/1.11/commons-codec-1.11.jar:/home/user/.m2/repository/org/apache/hadoop/hadoop-hdds-hadoop-dependency-test/1.1.0-SNAPSHOT/hadoop-hdds-hadoop-dependency-test-1.1.0-SNAPSHOT.jar:/home/user/.m2/repository/org/apache/hadoop/hadoop-common/3.2.1/hadoop-common-3.2.1-tests.jar:/home/user/.m2/repository/org/apache/hadoop/hadoop-hdfs/3.2.1/hadoop-hdfs-3.2.1-tests.jar:/home/user/.m2/repository/org/eclipse/jetty/jetty-util-ajax/9.4.34.v20201102/jetty-util-ajax-9.4.34.v20201102.jar:/home/user/.m2/repository/commons-daemon/commons-daemon/1.0.13/commons-daemon-1.0.13.jar:/home/user/.m2/repository/io/netty/netty/3.10.5.Final/netty-3.10.5.Final.jar:/home/user/.m2/repository/io/netty/netty-all/4.1.48.Final/netty-all-4.1.48.Final.jar:/home/user/.m2/repository/org/apache/htrace/htrace-core4/4.1.0-incubating/htrace-core4-4.1.0-incubating.jar:/home/user/.m2/repository/org/apache/hadoop/hadoop-distcp/3.2.1/hadoop-distcp-3.2.1.jar:/home/user/.m2/repository/org/apache/hadoop/hadoop-mapreduce-client-jobclient/3.2.1/hadoop-mapreduce-client-jobclient-3.2.1.jar:/home/user/.m2/repository/org/apache/hadoop/hadoop-mapreduce-client-common/3.2.1/hadoop-mapreduce-client-common-3.2.1.jar:/home/user/.m2/repository/org/apache/hadoop/hadoop-yarn-common/3.2.1/hadoop-yarn-common-3.2.1.jar:/home/user/.m2/repository/org/apache/hadoop/hadoop-yarn-api/3.2.1/hadoop-yarn-api-3.2.1.jar:/home/user/.m2/repository/com/sun/jersey/jersey-client/1.19/jersey-client-1.19.jar:/home/user/.m2/repository/com/sun/jersey/contribs/jersey-guice/1.19/jersey-guice-1.19.jar:/home/user/.m2/repository/com/fasterxml/jackson/jaxrs/jackson-jaxrs-json-provider/2.10.3/jackson-jaxrs-json-provider-2.10.3.jar:/home/user/.m2/repository/com/fasterxml/jackson/jaxrs/jackson-jaxrs-base/2.10.3/jackson-jaxrs-base-2.10.3.jar:/home/user/.m2/repository/org/apache/hadoop/hadoop-yarn-client/3.2.1/hadoop-yarn-client-3.2.1.jar:/home/user/.m2/repository/org/apache/hadoop/hadoop-mapreduce-client-core/3.2.1/hadoop-mapreduce-client-core-3.2.1.jar:/home/user/.m2/repository/org/apache/avro/avro/1.7.7/avro-1.7.7.jar:/home/user/.m2/repository/org/codehaus/jackson/jackson-core-asl/1.9.13/jackson-core-asl-1.9.13.jar:/home/user/.m2/repository/org/codehaus/jackson/jackson-mapper-asl/1.9.13/jackson-mapper-asl-1.9.13.jar:/home/user/.m2/repository/com/thoughtworks/paranamer/paranamer/2.3/paranamer-2.3.jar:/home/user/.m2/repository/org/xerial/snappy/snappy-java/1.0.5/snappy-java-1.0.5.jar:/home/user/.m2/repository/org/apache/hadoop/hadoop-annotations/3.2.1/hadoop-annotations-3.2.1.jar:/usr/lib/jvm/java-1.8.0-openjdk-1.8.0.232.b09-0.el7_7.x86_64/jre/../lib/tools.jar:/home/user/.m2/repository/org/apache/hadoop/hadoop-distcp/3.2.1/hadoop-distcp-3.2.1-tests.jar:"/>
    <property name="sun.cpu.endian" value="little"/>
    <property name="user.home" value="/home/user"/>
    <property name="user.language" value="en"/>
    <property name="java.specification.vendor" value="Oracle Corporation"/>
    <property name="java.home" value="/usr/lib/jvm/java-1.8.0-openjdk-1.8.0.232.b09-0.el7_7.x86_64/jre"/>
    <property name="java.security.krb5.conf" value="/github/workspace/mnt/ozone/hadoop-ozone/integration-test/target/test-classes/krb5.conf"/>
    <property name="basedir" value="/github/workspace/mnt/ozone/hadoop-ozone/integration-test"/>
    <property name="file.separator" value="/"/>
    <property name="line.separator" value="&#10;"/>
    <property name="java.vm.specification.vendor" value="Oracle Corporation"/>
    <property name="java.specification.name" value="Java Platform API Specification"/>
    <property name="java.awt.graphicsenv" value="sun.awt.X11GraphicsEnvironment"/>
    <property name="skip.installnpx" value="true"/>
    <property name="surefire.real.class.path" value="/github/workspace/mnt/ozone/hadoop-ozone/integration-test/target/surefire/surefirebooter8614523668369321799.jar:/home/user/.m2/repository/org/jacoco/org.jacoco.agent/0.8.5/org.jacoco.agent-0.8.5-runtime.jar"/>
    <property name="hadoop.log.dir" value="/github/workspace/mnt/ozone/hadoop-ozone/integration-test/target/log"/>
    <property name="sun.boot.class.path" value="/usr/lib/jvm/java-1.8.0-openjdk-1.8.0.232.b09-0.el7_7.x86_64/jre/lib/resources.jar:/usr/lib/jvm/java-1.8.0-openjdk-1.8.0.232.b09-0.el7_7.x86_64/jre/lib/rt.jar:/usr/lib/jvm/java-1.8.0-openjdk-1.8.0.232.b09-0.el7_7.x86_64/jre/lib/sunrsasign.jar:/usr/lib/jvm/java-1.8.0-openjdk-1.8.0.232.b09-0.el7_7.x86_64/jre/lib/jsse.jar:/usr/lib/jvm/java-1.8.0-openjdk-1.8.0.232.b09-0.el7_7.x86_64/jre/lib/jce.jar:/usr/lib/jvm/java-1.8.0-openjdk-1.8.0.232.b09-0.el7_7.x86_64/jre/lib/charsets.jar:/usr/lib/jvm/java-1.8.0-openjdk-1.8.0.232.b09-0.el7_7.x86_64/jre/lib/jfr.jar:/usr/lib/jvm/java-1.8.0-openjdk-1.8.0.232.b09-0.el7_7.x86_64/jre/classes"/>
    <property name="sun.management.compiler" value="HotSpot 64-Bit Tiered Compilers"/>
    <property name="skip.npx" value="true"/>
    <property name="java.runtime.version" value="1.8.0_232-b09"/>
    <property name="java.net.preferIPv4Stack" value="true"/>
    <property name="user.name" value="jenkins1001"/>
    <property name="path.separator" value=":"/>
    <property name="java.security.egd" value="file:///dev/urandom"/>
    <property name="os.version" value="5.4.0-1032-azure"/>
    <property name="java.endorsed.dirs" value="/usr/lib/jvm/java-1.8.0-openjdk-1.8.0.232.b09-0.el7_7.x86_64/jre/lib/endorsed"/>
    <property name="java.runtime.name" value="OpenJDK Runtime Environment"/>
    <property name="file.encoding" value="ANSI_X3.4-1968"/>
    <property name="java.vm.name" value="OpenJDK 64-Bit Server VM"/>
    <property name="test.build.webapps" value=""/>
    <property name="localRepository" value="/home/user/.m2/repository"/>
    <property name="java.vendor.url.bug" value="http://bugreport.sun.com/bugreport/"/>
    <property name="java.io.tmpdir" value="/tmp"/>
    <property name="require.test.libhadoop" value=""/>
    <property name="java.version" value="1.8.0_232"/>
    <property name="user.dir" value="/github/workspace/mnt/ozone/hadoop-ozone/integration-test"/>
    <property name="os.arch" value="amd64"/>
    <property name="java.vm.specification.name" value="Java Virtual Machine Specification"/>
    <property name="test.build.classes" value="/github/workspace/mnt/ozone/hadoop-ozone/integration-test/target/test-classes"/>
    <property name="java.awt.printerjob" value="sun.print.PSPrinterJob"/>
    <property name="sun.os.patch.level" value="unknown"/>
    <property name="hadoop.tmp.dir" value="/github/workspace/mnt/ozone/hadoop-ozone/integration-test/target/tmp"/>
    <property name="java.library.path" value="/usr/lib:/usr/java/packages/lib/amd64:/usr/lib64:/lib64:/lib:/usr/lib"/>
    <property name="java.vm.info" value="mixed mode"/>
    <property name="java.vendor" value="Oracle Corporation"/>
    <property name="java.vm.version" value="25.232-b09"/>
    <property name="java.ext.dirs" value="/usr/lib/jvm/java-1.8.0-openjdk-1.8.0.232.b09-0.el7_7.x86_64/jre/lib/ext:/usr/java/packages/lib/ext"/>
    <property name="sun.io.unicode.encoding" value="UnicodeLittle"/>
    <property name="java.class.version" value="52.0"/>
  </properties>
  <testcase name="testInstallSnapshot" classname="org.apache.hadoop.ozone.om.TestOMRatisSnapshots" time="46.819">
    <failure type="java.lang.AssertionError">java.lang.AssertionError
	at org.junit.Assert.fail(Assert.java:86)
	at org.junit.Assert.assertTrue(Assert.java:41)
	at org.junit.Assert.assertTrue(Assert.java:52)
	at org.apache.hadoop.ozone.om.TestOMRatisSnapshots.testInstallSnapshot(TestOMRatisSnapshots.java:172)
	at sun.reflect.NativeMethodAccessorImpl.invoke0(Native Method)
	at sun.reflect.NativeMethodAccessorImpl.invoke(NativeMethodAccessorImpl.java:62)
	at sun.reflect.DelegatingMethodAccessorImpl.invoke(DelegatingMethodAccessorImpl.java:43)
	at java.lang.reflect.Method.invoke(Method.java:498)
	at org.junit.runners.model.FrameworkMethod$1.runReflectiveCall(FrameworkMethod.java:47)
	at org.junit.internal.runners.model.ReflectiveCallable.run(ReflectiveCallable.java:12)
	at org.junit.runners.model.FrameworkMethod.invokeExplosively(FrameworkMethod.java:44)
	at org.junit.internal.runners.statements.InvokeMethod.evaluate(InvokeMethod.java:17)
	at org.junit.internal.runners.statements.RunBefores.evaluate(RunBefores.java:26)
	at org.junit.internal.runners.statements.RunAfters.evaluate(RunAfters.java:27)
	at org.junit.rules.ExpectedException$ExpectedExceptionStatement.evaluate(ExpectedException.java:168)
	at org.junit.internal.runners.statements.FailOnTimeout$StatementThread.run(FailOnTimeout.java:74)
</failure>
    <system-out><![CDATA[2021-01-13 14:09:47,660 [Thread-1] WARN  server.ServerUtils (ServerUtils.java:getScmDbDir(148)) - ozone.scm.db.dirs is not configured. We recommend adding this setting. Falling back to ozone.metadata.dirs instead.
2021-01-13 14:09:47,729 [Thread-1] WARN  server.ServerUtils (ServerUtils.java:getScmDbDir(148)) - ozone.scm.db.dirs is not configured. We recommend adding this setting. Falling back to ozone.metadata.dirs instead.
2021-01-13 14:09:47,854 [Thread-1] WARN  db.DBStoreBuilder (DBStoreBuilder.java:applyDBDefinition(145)) - ozone.scm.db.dirs is not configured. We recommend adding this setting. Falling back to ozone.metadata.dirs instead.
2021-01-13 14:09:48,007 [Thread-1] INFO  net.NodeSchemaLoader (NodeSchemaLoader.java:loadSchemaFromFile(126)) - Loading file from sun.misc.CompoundEnumeration@51582276
2021-01-13 14:09:48,008 [Thread-1] INFO  net.NodeSchemaLoader (NodeSchemaLoader.java:loadSchema(172)) - Loading network topology layer schema file
2021-01-13 14:09:48,106 [Thread-1] WARN  server.ServerUtils (ServerUtils.java:sanitizeUserArgs(73)) - ozone.scm.stale.node.interval value = 300000 is larger than max = 100000 based on the key value of ozone.scm.heartbeat.thread.interval, reset to the max value 100000.
2021-01-13 14:09:48,107 [Thread-1] WARN  server.ServerUtils (ServerUtils.java:sanitizeUserArgs(73)) - ozone.scm.stale.node.interval value = 300000 is larger than max = 100000 based on the key value of ozone.scm.heartbeat.thread.interval, reset to the max value 100000.
2021-01-13 14:09:48,110 [Thread-1] INFO  node.SCMNodeManager (SCMNodeManager.java:<init>(123)) - Entering startup safe mode.
2021-01-13 14:09:48,217 [Thread-1] INFO  algorithms.ContainerPlacementPolicyFactory (ContainerPlacementPolicyFactory.java:getPolicy(60)) - Create container placement policy of type org.apache.hadoop.hdds.scm.container.placement.algorithms.SCMContainerPlacementRandom
2021-01-13 14:09:48,242 [Thread-1] INFO  algorithms.LeaderChoosePolicyFactory (LeaderChoosePolicyFactory.java:getPolicy(57)) - Create leader choose policy of type org.apache.hadoop.hdds.scm.pipeline.leader.choose.algorithms.MinLeaderCountChoosePolicy
2021-01-13 14:09:48,242 [Thread-1] INFO  pipeline.SCMPipelineManager (SCMPipelineManager.java:initializePipelineState(161)) - No pipeline exists in current db
2021-01-13 14:09:48,266 [Thread-1] INFO  algorithms.PipelineChoosePolicyFactory (PipelineChoosePolicyFactory.java:createPipelineChoosePolicyFromClass(75)) - Create pipeline choose policy of type org.apache.hadoop.hdds.scm.pipeline.choose.algorithms.RandomPipelineChoosePolicy
2021-01-13 14:09:48,319 [Thread-1] INFO  safemode.HealthyPipelineSafeModeRule (HealthyPipelineSafeModeRule.java:<init>(89)) - Total pipeline count is 0, healthy pipeline threshold count is 0
2021-01-13 14:09:48,322 [Thread-1] INFO  safemode.OneReplicaPipelineSafeModeRule (OneReplicaPipelineSafeModeRule.java:<init>(85)) - Total pipeline count is 0, pipeline's with at least one datanode reported threshold count is 0
2021-01-13 14:09:48,815 [Thread-1] INFO  ipc.CallQueueManager (CallQueueManager.java:<init>(84)) - Using callQueue: class java.util.concurrent.LinkedBlockingQueue, queueCapacity: 2000, scheduler: class org.apache.hadoop.ipc.DefaultRpcScheduler, ipcBackoff: false.
2021-01-13 14:09:48,837 [Socket Reader #1 for port 0] INFO  ipc.Server (Server.java:run(1219)) - Starting Socket Reader #1 for port 0
2021-01-13 14:09:48,867 [Listener at 0.0.0.0/36333] INFO  ipc.CallQueueManager (CallQueueManager.java:<init>(84)) - Using callQueue: class java.util.concurrent.LinkedBlockingQueue, queueCapacity: 2000, scheduler: class org.apache.hadoop.ipc.DefaultRpcScheduler, ipcBackoff: false.
2021-01-13 14:09:48,870 [Socket Reader #1 for port 0] INFO  ipc.Server (Server.java:run(1219)) - Starting Socket Reader #1 for port 0
2021-01-13 14:09:48,887 [Listener at 0.0.0.0/42189] INFO  ipc.CallQueueManager (CallQueueManager.java:<init>(84)) - Using callQueue: class java.util.concurrent.LinkedBlockingQueue, queueCapacity: 2000, scheduler: class org.apache.hadoop.ipc.DefaultRpcScheduler, ipcBackoff: false.
2021-01-13 14:09:48,888 [Socket Reader #1 for port 0] INFO  ipc.Server (Server.java:run(1219)) - Starting Socket Reader #1 for port 0
2021-01-13 14:09:48,907 [Listener at 0.0.0.0/35823] INFO  http.BaseHttpServer (BaseHttpServer.java:newHttpServer2BuilderForOzone(207)) - Starting Web-server for scm at: http://0.0.0.0:0
2021-01-13 14:09:48,907 [Listener at 0.0.0.0/35823] INFO  http.BaseHttpServer (BaseHttpServer.java:<init>(106)) - Hadoop Security Enabled: false Ozone Security Enabled: false Ozone HTTP Security Enabled: false 
2021-01-13 14:09:48,934 [Listener at 0.0.0.0/35823] INFO  util.log (Log.java:initialized(169)) - Logging initialized @2291ms to org.eclipse.jetty.util.log.Slf4jLog
2021-01-13 14:09:49,060 [Listener at 0.0.0.0/35823] INFO  server.AuthenticationFilter (AuthenticationFilter.java:constructSecretProvider(240)) - Unable to initialize FileSignerSecretProvider, falling back to use random secrets.
2021-01-13 14:09:49,075 [Listener at 0.0.0.0/35823] WARN  http.HttpRequestLog (HttpRequestLog.java:getRequestLog(103)) - Jetty request log can only be enabled using Log4j
2021-01-13 14:09:49,082 [Listener at 0.0.0.0/35823] INFO  http.HttpServer2 (HttpServer2.java:addGlobalFilter(1020)) - Added global filter 'safety' (class=org.apache.hadoop.hdds.server.http.HttpServer2$QuotingInputFilter)
2021-01-13 14:09:49,085 [Listener at 0.0.0.0/35823] INFO  http.HttpServer2 (HttpServer2.java:addFilter(996)) - Added filter static_user_filter (class=org.apache.hadoop.http.lib.StaticUserWebFilter$StaticUserFilter) to context scm
2021-01-13 14:09:49,085 [Listener at 0.0.0.0/35823] INFO  http.HttpServer2 (HttpServer2.java:addFilter(1004)) - Added filter static_user_filter (class=org.apache.hadoop.http.lib.StaticUserWebFilter$StaticUserFilter) to context static
2021-01-13 14:09:49,085 [Listener at 0.0.0.0/35823] INFO  http.HttpServer2 (HttpServer2.java:addFilter(1004)) - Added filter static_user_filter (class=org.apache.hadoop.http.lib.StaticUserWebFilter$StaticUserFilter) to context logs
2021-01-13 14:09:49,153 [Listener at 0.0.0.0/35823] INFO  server.StorageContainerManager (StorageContainerManager.java:start(789)) - StorageContainerLocationProtocol RPC server is listening at /0.0.0.0:35823
2021-01-13 14:09:49,199 [Listener at 0.0.0.0/35823] WARN  impl.MetricsConfig (MetricsConfig.java:loadFirst(134)) - Cannot locate configuration: tried hadoop-metrics2-storagecontainermanager.properties,hadoop-metrics2.properties
2021-01-13 14:09:49,211 [Listener at 0.0.0.0/35823] INFO  impl.MetricsSystemImpl (MetricsSystemImpl.java:startTimer(374)) - Scheduled Metric snapshot period at 10 second(s).
2021-01-13 14:09:49,211 [Listener at 0.0.0.0/35823] INFO  impl.MetricsSystemImpl (MetricsSystemImpl.java:start(191)) - StorageContainerManager metrics system started
2021-01-13 14:09:49,415 [Listener at 0.0.0.0/35823] INFO  server.SCMClientProtocolServer (SCMClientProtocolServer.java:start(159)) - RPC server for Client  is listening at /0.0.0.0:35823
2021-01-13 14:09:49,416 [IPC Server Responder] INFO  ipc.Server (Server.java:run(1460)) - IPC Server Responder: starting
2021-01-13 14:09:49,416 [IPC Server listener on 0] INFO  ipc.Server (Server.java:run(1298)) - IPC Server listener on 0: starting
2021-01-13 14:09:49,420 [Listener at 0.0.0.0/35823] INFO  server.StorageContainerManager (StorageContainerManager.java:start(801)) - ScmBlockLocationProtocol RPC server is listening at /0.0.0.0:42189
2021-01-13 14:09:49,421 [Listener at 0.0.0.0/35823] INFO  server.SCMBlockProtocolServer (SCMBlockProtocolServer.java:start(150)) - RPC server for Block Protocol is listening at /0.0.0.0:42189
2021-01-13 14:09:49,421 [IPC Server Responder] INFO  ipc.Server (Server.java:run(1460)) - IPC Server Responder: starting
2021-01-13 14:09:49,421 [IPC Server listener on 0] INFO  ipc.Server (Server.java:run(1298)) - IPC Server listener on 0: starting
2021-01-13 14:09:49,423 [Listener at 0.0.0.0/35823] INFO  server.StorageContainerManager (StorageContainerManager.java:start(807)) - ScmDatanodeProtocl RPC server is listening at /0.0.0.0:36333
2021-01-13 14:09:49,423 [Listener at 0.0.0.0/35823] INFO  server.SCMDatanodeProtocolServer (SCMDatanodeProtocolServer.java:start(174)) - RPC server for DataNodes is listening at /0.0.0.0:36333
2021-01-13 14:09:49,426 [IPC Server Responder] INFO  ipc.Server (Server.java:run(1460)) - IPC Server Responder: starting
2021-01-13 14:09:49,426 [IPC Server listener on 0] INFO  ipc.Server (Server.java:run(1298)) - IPC Server listener on 0: starting
2021-01-13 14:09:49,429 [Listener at 0.0.0.0/35823] INFO  http.HttpServer2 (HttpServer2.java:bindListener(1238)) - Jetty bound to port 46875
2021-01-13 14:09:49,431 [Listener at 0.0.0.0/35823] INFO  server.Server (Server.java:doStart(375)) - jetty-9.4.34.v20201102; built: 2020-11-02T14:15:39.302Z; git: e46af88704a893fc12cb0e3bf46e2c7b48a009e7; jvm 1.8.0_232-b09
2021-01-13 14:09:49,457 [Listener at 0.0.0.0/35823] INFO  server.session (DefaultSessionIdManager.java:doStart(334)) - DefaultSessionIdManager workerName=node0
2021-01-13 14:09:49,457 [Listener at 0.0.0.0/35823] INFO  server.session (DefaultSessionIdManager.java:doStart(339)) - No SessionScavenger set, using defaults
2021-01-13 14:09:49,459 [Listener at 0.0.0.0/35823] INFO  server.session (HouseKeeper.java:startScavenging(132)) - node0 Scavenging every 660000ms
2021-01-13 14:09:49,474 [Listener at 0.0.0.0/35823] INFO  handler.ContextHandler (ContextHandler.java:doStart(916)) - Started o.e.j.s.ServletContextHandler@5d954848{logs,/logs,file:///github/workspace/mnt/ozone/hadoop-ozone/integration-test/target/log,AVAILABLE}
2021-01-13 14:09:49,474 [Listener at 0.0.0.0/35823] INFO  handler.ContextHandler (ContextHandler.java:doStart(916)) - Started o.e.j.s.ServletContextHandler@73ef175{static,/static,file:///github/workspace/mnt/ozone/hadoop-ozone/integration-test/target/test-classes/webapps/static,AVAILABLE}
2021-01-13 14:09:49,521 [Listener at 0.0.0.0/35823] INFO  handler.ContextHandler (ContextHandler.java:doStart(916)) - Started o.e.j.w.WebAppContext@313c57cd{scm,/,file:///github/workspace/mnt/ozone/hadoop-ozone/integration-test/target/test-classes/webapps/scm/,AVAILABLE}{file:/github/workspace/mnt/ozone/hadoop-ozone/integration-test/target/test-classes/webapps/scm}
2021-01-13 14:09:49,530 [Listener at 0.0.0.0/35823] INFO  server.AbstractConnector (AbstractConnector.java:doStart(331)) - Started ServerConnector@44c986a{HTTP/1.1, (http/1.1)}{0.0.0.0:46875}
2021-01-13 14:09:49,530 [Listener at 0.0.0.0/35823] INFO  server.Server (Server.java:doStart(415)) - Started @2887ms
2021-01-13 14:09:49,532 [Listener at 0.0.0.0/35823] INFO  impl.MetricsSinkAdapter (MetricsSinkAdapter.java:start(204)) - Sink prometheus started
2021-01-13 14:09:49,532 [Listener at 0.0.0.0/35823] INFO  impl.MetricsSystemImpl (MetricsSystemImpl.java:registerSink(301)) - Registered sink prometheus
2021-01-13 14:09:49,536 [Listener at 0.0.0.0/35823] INFO  http.BaseHttpServer (BaseHttpServer.java:updateConnectorAddress(327)) - HTTP server of scm listening at http://0.0.0.0:46875
2021-01-13 14:09:49,554 [Listener at 0.0.0.0/35823] WARN  server.ServerUtils (ServerUtils.java:getDBPath(225)) - ozone.om.db.dirs is not configured. We recommend adding this setting. Falling back to ozone.metadata.dirs instead.
2021-01-13 14:09:49,556 [org.apache.hadoop.util.JvmPauseMonitor$Monitor@5b3f634] INFO  util.JvmPauseMonitor (JvmPauseMonitor.java:run(188)) - Starting JVM pause monitor
2021-01-13 14:09:49,655 [Listener at 0.0.0.0/35823] INFO  ha.OMHANodeDetails (OMHANodeDetails.java:loadOMHAConfig(110)) - ServiceID for OzoneManager is om-service-test1
2021-01-13 14:09:49,658 [Listener at 0.0.0.0/35823] INFO  ha.OMHANodeDetails (OMHANodeDetails.java:loadOMHAConfig(186)) - Found matching OM address with OMServiceId: om-service-test1, OMNodeId: omNode-1, RPC Address: localhost:10216 and Ratis port: 10220
2021-01-13 14:09:49,658 [Listener at 0.0.0.0/35823] INFO  ha.OMHANodeDetails (OMHANodeDetails.java:setOMNodeSpecificConfigs(311)) - Setting configuration key ozone.om.http-address with value of key ozone.om.http-address.omNode-1: 127.0.0.1:10218
2021-01-13 14:09:49,658 [Listener at 0.0.0.0/35823] INFO  ha.OMHANodeDetails (OMHANodeDetails.java:setOMNodeSpecificConfigs(311)) - Setting configuration key ozone.om.https-address with value of key ozone.om.https-address.omNode-1: 127.0.0.1:10219
2021-01-13 14:09:49,658 [Listener at 0.0.0.0/35823] INFO  ha.OMHANodeDetails (OMHANodeDetails.java:setOMNodeSpecificConfigs(311)) - Setting configuration key ozone.om.address with value of key ozone.om.address.omNode-1: 127.0.0.1:10216
2021-01-13 14:09:49,659 [Listener at 0.0.0.0/35823] WARN  server.ServerUtils (ServerUtils.java:getDBPath(225)) - ozone.om.db.dirs is not configured. We recommend adding this setting. Falling back to ozone.metadata.dirs instead.
2021-01-13 14:09:49,659 [Listener at 0.0.0.0/35823] WARN  server.ServerUtils (ServerUtils.java:getDBPath(225)) - ozone.om.db.dirs is not configured. We recommend adding this setting. Falling back to ozone.metadata.dirs instead.
2021-01-13 14:09:50,374 [Listener at 0.0.0.0/35823] WARN  server.ServerUtils (ServerUtils.java:getDBPath(225)) - ozone.om.db.dirs is not configured. We recommend adding this setting. Falling back to ozone.metadata.dirs instead.
2021-01-13 14:09:50,380 [Listener at 0.0.0.0/35823] INFO  codec.OmKeyInfoCodec (OmKeyInfoCodec.java:<init>(41)) - OmKeyInfoCodec ignorePipeline = true
2021-01-13 14:09:50,381 [Listener at 0.0.0.0/35823] INFO  codec.RepeatedOmKeyInfoCodec (RepeatedOmKeyInfoCodec.java:<init>(40)) - RepeatedOmKeyInfoCodec ignorePipeline = true
2021-01-13 14:09:50,501 [Listener at 0.0.0.0/35823] INFO  om.OzoneManager (OzoneManager.java:addS3GVolumeToDB(3738)) - Created Volume s3v With Owner jenkins1001 required for S3Gateway operations.
2021-01-13 14:09:50,505 [Listener at 0.0.0.0/35823] WARN  server.ServerUtils (ServerUtils.java:getDefaultRatisDirectory(237)) - Storage directory for Ratis is not configured. It is a good idea to map this to an SSD disk. Falling back to ozone.metadata.dirs
2021-01-13 14:09:50,505 [Listener at 0.0.0.0/35823] WARN  ratis.OzoneManagerRatisServer (OzoneManagerRatisServer.java:getOMRatisSnapshotDirectory(638)) - ozone.om.ratis.snapshot.dir is not configured. Falling back to ozone.metadata.dirs config
2021-01-13 14:09:50,506 [Listener at 0.0.0.0/35823] INFO  snapshot.OzoneManagerSnapshotProvider (OzoneManagerSnapshotProvider.java:<init>(77)) - Initializing OM Snapshot Provider
2021-01-13 14:09:50,598 [Listener at 0.0.0.0/35823] INFO  metrics.MetricRegistries (MetricRegistriesLoader.java:load(64)) - Loaded MetricRegistries class org.apache.ratis.metrics.impl.MetricRegistriesImpl
2021-01-13 14:09:50,634 [Listener at 0.0.0.0/35823] WARN  server.ServerUtils (ServerUtils.java:getDefaultRatisDirectory(237)) - Storage directory for Ratis is not configured. It is a good idea to map this to an SSD disk. Falling back to ozone.metadata.dirs
2021-01-13 14:09:50,657 [Listener at 0.0.0.0/35823] INFO  ratis.OzoneManagerRatisServer (OzoneManagerRatisServer.java:<init>(280)) - Instantiating OM Ratis server with GroupID: om-service-test1 and Raft Peers: localhost:10220, localhost:10226, localhost:10232
2021-01-13 14:09:50,667 [Listener at 0.0.0.0/35823] INFO  ratis.OzoneManagerStateMachine (OzoneManagerStateMachine.java:loadSnapshotInfoFromDB(518)) - LastAppliedIndex is set from TransactionInfo from OM DB as (t:0, i:~)
2021-01-13 14:09:50,696 [Listener at 0.0.0.0/35823] INFO  server.RaftServer (ConfUtils.java:logGet(44)) - raft.rpc.type = GRPC (default)
2021-01-13 14:09:50,747 [Listener at 0.0.0.0/35823] INFO  grpc.GrpcFactory (GrpcFactory.java:checkPooledByteBufAllocatorUseCacheForAllThreads(48)) - PERFORMANCE WARNING: useCacheForAllThreads is true that may cause Netty to create a lot garbage objects and, as a result, trigger GC.
	It is recommended to disable useCacheForAllThreads by setting -Dorg.apache.ratis.thirdparty.io.netty.allocator.useCacheForAllThreads=false in command line.
2021-01-13 14:09:50,752 [Listener at 0.0.0.0/35823] INFO  grpc.GrpcConfigKeys (ConfUtils.java:logGet(44)) - raft.grpc.server.port = 10220 (custom)
2021-01-13 14:09:50,752 [Listener at 0.0.0.0/35823] INFO  server.GrpcService (ConfUtils.java:logGet(44)) - raft.grpc.message.size.max = 33554432 (custom)
2021-01-13 14:09:50,754 [Listener at 0.0.0.0/35823] INFO  server.RaftServerConfigKeys (ConfUtils.java:logGet(44)) - raft.server.log.appender.buffer.byte-limit = 33554432 (custom)
2021-01-13 14:09:50,754 [Listener at 0.0.0.0/35823] INFO  server.GrpcService (ConfUtils.java:logGet(44)) - raft.grpc.flow.control.window = 1MB (=1048576) (default)
2021-01-13 14:09:50,755 [Listener at 0.0.0.0/35823] INFO  server.RaftServerConfigKeys (ConfUtils.java:logGet(44)) - raft.server.rpc.request.timeout = 3000ms (default)
2021-01-13 14:09:50,916 [Listener at 0.0.0.0/35823] INFO  impl.DataStreamServerImpl (ConfUtils.java:logGet(44)) - raft.datastream.type = DISABLED (default)
2021-01-13 14:09:50,918 [Listener at 0.0.0.0/35823] INFO  server.RaftServerConfigKeys (ConfUtils.java:logGet(44)) - raft.server.rpc.slowness.timeout = 2s (custom)
2021-01-13 14:09:50,919 [Listener at 0.0.0.0/35823] INFO  server.RaftServerConfigKeys (ConfUtils.java:logGet(44)) - raft.server.leaderelection.leader.step-down.wait-time = 10s (default)
2021-01-13 14:09:50,930 [Listener at 0.0.0.0/35823] INFO  server.RaftServerConfigKeys (ConfUtils.java:logGet(44)) - raft.server.storage.dir = [/github/workspace/mnt/ozone/hadoop-ozone/integration-test/target/test-dir/MiniOzoneClusterImpl-9fde871d-63de-45ae-a394-6b80eb19d1dd/omNode-1/ratis] (custom)
2021-01-13 14:09:50,937 [Listener at 0.0.0.0/35823] INFO  server.RaftServer (RaftServerProxy.java:addNew(95)) - omNode-1: addNew group-523986131536:[omNode-3|rpc:localhost:10232|priority:0, omNode-1|rpc:localhost:10220|priority:0, omNode-2|rpc:localhost:10226|priority:0] returns group-523986131536:java.util.concurrent.CompletableFuture@5b2f3ce2[Not completed]
2021-01-13 14:09:50,937 [Listener at 0.0.0.0/35823] INFO  om.OzoneManager (OzoneManager.java:initializeRatisServer(1332)) - OzoneManager Ratis server initialized at port 10220
2021-01-13 14:09:50,948 [Listener at 0.0.0.0/35823] INFO  ipc.CallQueueManager (CallQueueManager.java:<init>(84)) - Using callQueue: class java.util.concurrent.LinkedBlockingQueue, queueCapacity: 2000, scheduler: class org.apache.hadoop.ipc.DefaultRpcScheduler, ipcBackoff: false.
2021-01-13 14:09:50,958 [Socket Reader #1 for port 10216] INFO  ipc.Server (Server.java:run(1219)) - Starting Socket Reader #1 for port 10216
2021-01-13 14:09:50,972 [pool-25-thread-1] INFO  server.RaftServer$Division (RaftServerImpl.java:<init>(179)) - omNode-1: new RaftServerImpl for group-523986131536:[omNode-3|rpc:localhost:10232|priority:0, omNode-1|rpc:localhost:10220|priority:0, omNode-2|rpc:localhost:10226|priority:0] with OzoneManagerStateMachine:uninitialized
2021-01-13 14:09:50,974 [pool-25-thread-1] INFO  server.RaftServerConfigKeys (ConfUtils.java:logGet(44)) - raft.server.rpc.timeout.min = 1s (custom)
2021-01-13 14:09:50,979 [pool-25-thread-1] INFO  server.RaftServerConfigKeys (ConfUtils.java:logGet(44)) - raft.server.rpc.timeout.max = 1200ms (custom)
2021-01-13 14:09:50,979 [pool-25-thread-1] INFO  server.RaftServerConfigKeys (ConfUtils.java:logGet(44)) - raft.server.rpc.sleep.time = 25ms (default)
2021-01-13 14:09:50,979 [pool-25-thread-1] INFO  server.RaftServerConfigKeys (ConfUtils.java:logGet(44)) - raft.server.rpc.slowness.timeout = 2s (custom)
2021-01-13 14:09:50,980 [pool-25-thread-1] INFO  server.RaftServerConfigKeys (ConfUtils.java:logGet(44)) - raft.server.leaderelection.leader.step-down.wait-time = 10s (default)
2021-01-13 14:09:50,980 [pool-25-thread-1] INFO  server.RaftServerConfigKeys (ConfUtils.java:logGet(44)) - raft.server.sleep.deviation.threshold = 300ms (default)
2021-01-13 14:09:50,980 [pool-25-thread-1] INFO  server.RaftServerConfigKeys (ConfUtils.java:logGet(44)) - raft.server.log.appender.install.snapshot.enabled = false (custom)
2021-01-13 14:09:50,995 [pool-25-thread-1] INFO  server.RaftServer$Division (ServerState.java:<init>(103)) - omNode-1@group-523986131536: ConfigurationManager, init=-1: [omNode-3|rpc:localhost:10232|priority:0, omNode-1|rpc:localhost:10220|priority:0, omNode-2|rpc:localhost:10226|priority:0], old=null, confs=<EMPTY_MAP>
2021-01-13 14:09:50,995 [pool-25-thread-1] INFO  server.RaftServerConfigKeys (ConfUtils.java:logGet(44)) - raft.server.storage.dir = [/github/workspace/mnt/ozone/hadoop-ozone/integration-test/target/test-dir/MiniOzoneClusterImpl-9fde871d-63de-45ae-a394-6b80eb19d1dd/omNode-1/ratis] (custom)
2021-01-13 14:09:51,000 [pool-25-thread-1] INFO  server.RaftServerConfigKeys (ConfUtils.java:logGet(44)) - raft.server.log.corruption.policy = EXCEPTION (default)
2021-01-13 14:09:51,001 [pool-25-thread-1] INFO  storage.RaftStorageDirectory (RaftStorageDirectoryImpl.java:analyzeStorage(132)) - The storage directory /github/workspace/mnt/ozone/hadoop-ozone/integration-test/target/test-dir/MiniOzoneClusterImpl-9fde871d-63de-45ae-a394-6b80eb19d1dd/omNode-1/ratis/c9bc4cf4-3bc3-3c60-a66b-523986131536 does not exist. Creating ...
2021-01-13 14:09:51,009 [Listener at 127.0.0.1/10216] INFO  impl.MetricsSystemImpl (MetricsSystemImpl.java:init(158)) - OzoneManager metrics system started (again)
2021-01-13 14:09:51,011 [Listener at 127.0.0.1/10216] INFO  om.OzoneManager (OzoneManager.java:start(1160)) - OzoneManager RPC server is listening at localhost/127.0.0.1:10216
2021-01-13 14:09:51,011 [Listener at 127.0.0.1/10216] INFO  ratis.OzoneManagerRatisServer (OzoneManagerRatisServer.java:start(377)) - Starting OzoneManagerRatisServer omNode-1 at port 10220
2021-01-13 14:09:51,018 [pool-25-thread-1] INFO  storage.RaftStorageDirectory (RaftStorageDirectoryImpl.java:tryLock(215)) - Lock on /github/workspace/mnt/ozone/hadoop-ozone/integration-test/target/test-dir/MiniOzoneClusterImpl-9fde871d-63de-45ae-a394-6b80eb19d1dd/omNode-1/ratis/c9bc4cf4-3bc3-3c60-a66b-523986131536/in_use.lock acquired by nodename 4782@2a0ae80d829d
2021-01-13 14:09:51,025 [pool-25-thread-1] INFO  storage.RaftStorage (RaftStorageImpl.java:format(87)) - Storage directory /github/workspace/mnt/ozone/hadoop-ozone/integration-test/target/test-dir/MiniOzoneClusterImpl-9fde871d-63de-45ae-a394-6b80eb19d1dd/omNode-1/ratis/c9bc4cf4-3bc3-3c60-a66b-523986131536 has been successfully formatted.
2021-01-13 14:09:51,027 [pool-25-thread-1] ERROR storage.RaftStorage (RaftStorageImpl.java:readRaftConfiguration(147)) - Failed reading configuration from file:/github/workspace/mnt/ozone/hadoop-ozone/integration-test/target/test-dir/MiniOzoneClusterImpl-9fde871d-63de-45ae-a394-6b80eb19d1dd/omNode-1/ratis/c9bc4cf4-3bc3-3c60-a66b-523986131536/current/raft-meta.conf
java.io.FileNotFoundException: /github/workspace/mnt/ozone/hadoop-ozone/integration-test/target/test-dir/MiniOzoneClusterImpl-9fde871d-63de-45ae-a394-6b80eb19d1dd/omNode-1/ratis/c9bc4cf4-3bc3-3c60-a66b-523986131536/current/raft-meta.conf (No such file or directory)
	at java.io.FileInputStream.open0(Native Method)
	at java.io.FileInputStream.open(FileInputStream.java:195)
	at java.io.FileInputStream.<init>(FileInputStream.java:138)
	at org.apache.ratis.server.storage.RaftStorageImpl.readRaftConfiguration(RaftStorageImpl.java:143)
	at org.apache.ratis.server.impl.ServerState.<init>(ServerState.java:113)
	at org.apache.ratis.server.impl.RaftServerImpl.<init>(RaftServerImpl.java:192)
	at org.apache.ratis.server.impl.RaftServerProxy.lambda$newRaftServerImpl$4(RaftServerProxy.java:266)
	at java.util.concurrent.CompletableFuture$AsyncSupply.run(CompletableFuture.java:1604)
	at java.util.concurrent.ThreadPoolExecutor.runWorker(ThreadPoolExecutor.java:1149)
	at java.util.concurrent.ThreadPoolExecutor$Worker.run(ThreadPoolExecutor.java:624)
	at java.lang.Thread.run(Thread.java:748)
2021-01-13 14:09:51,029 [pool-25-thread-1] INFO  server.RaftServerConfigKeys (ConfUtils.java:logGet(44)) - raft.server.notification.no-leader.timeout = 2s (custom)
2021-01-13 14:09:51,060 [pool-25-thread-1] INFO  server.RaftServerConfigKeys (ConfUtils.java:logGet(44)) - raft.server.log.use.memory = false (default)
2021-01-13 14:09:51,069 [pool-25-thread-1] INFO  server.RaftServerConfigKeys (ConfUtils.java:logGet(44)) - raft.server.log.purge.gap = 50 (custom)
2021-01-13 14:09:51,069 [pool-25-thread-1] INFO  server.RaftServerConfigKeys (ConfUtils.java:logGet(44)) - raft.server.log.appender.buffer.byte-limit = 33554432 (custom)
2021-01-13 14:09:51,074 [pool-25-thread-1] INFO  metrics.RatisMetrics (RatisMetrics.java:lambda$create$0(36)) - Creating Metrics Registry : ratis.log_worker.omNode-1@group-523986131536
2021-01-13 14:09:51,081 [pool-25-thread-1] INFO  server.RaftServerConfigKeys (ConfUtils.java:logGet(44)) - raft.server.log.segment.size.max = 4194304 (custom)
2021-01-13 14:09:51,088 [pool-25-thread-1] INFO  server.RaftServerConfigKeys (ConfUtils.java:logGet(44)) - raft.server.log.segment.cache.num.max = 2 (custom)
2021-01-13 14:09:51,089 [pool-25-thread-1] INFO  server.RaftServerConfigKeys (ConfUtils.java:logGet(44)) - raft.server.log.segment.cache.size.max = 200MB (=209715200) (default)
2021-01-13 14:09:51,094 [pool-25-thread-1] INFO  segmented.SegmentedRaftLogWorker (SegmentedRaftLogWorker.java:<init>(181)) - new omNode-1@group-523986131536-SegmentedRaftLogWorker for RaftStorageImpl:Storage Directory /github/workspace/mnt/ozone/hadoop-ozone/integration-test/target/test-dir/MiniOzoneClusterImpl-9fde871d-63de-45ae-a394-6b80eb19d1dd/omNode-1/ratis/c9bc4cf4-3bc3-3c60-a66b-523986131536
2021-01-13 14:09:51,095 [pool-25-thread-1] INFO  server.RaftServerConfigKeys (ConfUtils.java:logGet(44)) - raft.server.log.queue.byte-limit = 64MB (=67108864) (default)
2021-01-13 14:09:51,095 [pool-25-thread-1] INFO  server.RaftServerConfigKeys (ConfUtils.java:logGet(44)) - raft.server.log.queue.element-limit = 4096 (default)
2021-01-13 14:09:51,096 [pool-25-thread-1] INFO  server.RaftServerConfigKeys (ConfUtils.java:logGet(44)) - raft.server.log.segment.size.max = 4194304 (custom)
2021-01-13 14:09:51,096 [pool-25-thread-1] INFO  server.RaftServerConfigKeys (ConfUtils.java:logGet(44)) - raft.server.log.preallocated.size = 4194304 (custom)
2021-01-13 14:09:51,097 [pool-25-thread-1] INFO  server.RaftServerConfigKeys (ConfUtils.java:logGet(44)) - raft.server.log.force.sync.num = 128 (default)
2021-01-13 14:09:51,098 [pool-25-thread-1] INFO  server.RaftServerConfigKeys (ConfUtils.java:logGet(44)) - raft.server.log.statemachine.data.sync = true (default)
2021-01-13 14:09:51,098 [pool-25-thread-1] INFO  server.RaftServerConfigKeys (ConfUtils.java:logGet(44)) - raft.server.log.statemachine.data.sync.timeout = 10s (default)
2021-01-13 14:09:51,099 [pool-25-thread-1] INFO  server.RaftServerConfigKeys (ConfUtils.java:logGet(44)) - raft.server.log.statemachine.data.sync.timeout.retry = -1 (default)
2021-01-13 14:09:51,107 [pool-25-thread-1] INFO  server.RaftServerConfigKeys (ConfUtils.java:logGet(44)) - raft.server.log.write.buffer.size = 64KB (=65536) (default)
2021-01-13 14:09:51,107 [pool-25-thread-1] INFO  server.RaftServerConfigKeys (ConfUtils.java:logGet(44)) - raft.server.log.statemachine.data.caching.enabled = false (default)
2021-01-13 14:09:51,113 [pool-25-thread-1] INFO  segmented.SegmentedRaftLogWorker (SegmentedRaftLogWorker.java:lambda$new$0(132)) - omNode-1@group-523986131536-SegmentedRaftLogWorker: flushIndex: setUnconditionally 0 -> -1
2021-01-13 14:09:51,114 [pool-25-thread-1] INFO  segmented.SegmentedRaftLogWorker (SegmentedRaftLogWorker.java:lambda$new$0(132)) - omNode-1@group-523986131536-SegmentedRaftLogWorker: safeCacheEvictIndex: setUnconditionally 0 -> -1
2021-01-13 14:09:51,118 [pool-25-thread-1] INFO  server.RaftServerConfigKeys (ConfUtils.java:logGet(44)) - raft.server.snapshot.auto.trigger.enabled = true (custom)
2021-01-13 14:09:51,118 [pool-25-thread-1] INFO  server.RaftServerConfigKeys (ConfUtils.java:logGet(44)) - raft.server.snapshot.auto.trigger.threshold = 50 (custom)
2021-01-13 14:09:51,119 [pool-25-thread-1] INFO  server.RaftServerConfigKeys (ConfUtils.java:logGet(44)) - raft.server.snapshot.retention.file.num = -1 (default)
2021-01-13 14:09:51,120 [pool-25-thread-1] INFO  server.RaftServerConfigKeys (ConfUtils.java:logGet(44)) - raft.server.log.purge.upto.snapshot.index = true (custom)
2021-01-13 14:09:51,121 [pool-25-thread-1] INFO  server.RaftServerConfigKeys (ConfUtils.java:logGet(44)) - raft.server.retrycache.expirytime = 300s (custom)
2021-01-13 14:09:51,121 [pool-25-thread-1] INFO  server.RaftServerConfigKeys (ConfUtils.java:logGet(44)) - raft.server.retrycache.statistics.expirytime = 100?s (default)
2021-01-13 14:09:51,140 [pool-25-thread-1] INFO  metrics.RatisMetrics (RatisMetrics.java:lambda$create$0(36)) - Creating Metrics Registry : ratis.leader_election.omNode-1@group-523986131536
2021-01-13 14:09:51,143 [pool-25-thread-1] INFO  metrics.RatisMetrics (RatisMetrics.java:lambda$create$0(36)) - Creating Metrics Registry : ratis.server.omNode-1@group-523986131536
2021-01-13 14:09:51,150 [Listener at 127.0.0.1/10216] INFO  server.RaftServer$Division (RaftServerImpl.java:start(294)) - omNode-1@group-523986131536: start as a follower, conf=-1: [omNode-3|rpc:localhost:10232|priority:0, omNode-1|rpc:localhost:10220|priority:0, omNode-2|rpc:localhost:10226|priority:0], old=null
2021-01-13 14:09:51,151 [Listener at 127.0.0.1/10216] INFO  server.RaftServer$Division (RaftServerImpl.java:setRole(283)) - omNode-1@group-523986131536: changes role from      null to FOLLOWER at term 0 for startAsFollower
2021-01-13 14:09:51,152 [Listener at 127.0.0.1/10216] INFO  impl.RoleInfo (RoleInfo.java:updateAndGet(130)) - omNode-1: start omNode-1@group-523986131536-FollowerState
2021-01-13 14:09:51,155 [Listener at 127.0.0.1/10216] INFO  util.JmxRegister (JmxRegister.java:tryRegister(44)) - Successfully registered JMX Bean with object name Ratis:service=RaftServer,group=group-523986131536,id=omNode-1
2021-01-13 14:09:51,161 [Listener at 127.0.0.1/10216] INFO  metrics.RatisMetrics (RatisMetrics.java:lambda$create$0(36)) - Creating Metrics Registry : ratis.state_machine.omNode-1@group-523986131536
2021-01-13 14:09:51,166 [Listener at 127.0.0.1/10216] INFO  server.RaftServer (RaftServerProxy.java:lambda$start$5(372)) - omNode-1: start RPC server
2021-01-13 14:09:51,220 [Listener at 127.0.0.1/10216] INFO  server.GrpcService (GrpcService.java:startImpl(176)) - omNode-1: GrpcService started, listening on 0.0.0.0/0.0.0.0:10220
2021-01-13 14:09:51,226 [org.apache.ratis.util.JvmPauseMonitor$$Lambda$305/857005348@596a5660] INFO  util.JvmPauseMonitor (JvmPauseMonitor.java:run(103)) - JvmPauseMonitor-omNode-1: Started
2021-01-13 14:09:51,238 [Listener at 127.0.0.1/10216] INFO  http.BaseHttpServer (BaseHttpServer.java:newHttpServer2BuilderForOzone(207)) - Starting Web-server for ozoneManager at: http://0.0.0.0:10218
2021-01-13 14:09:51,238 [Listener at 127.0.0.1/10216] INFO  http.BaseHttpServer (BaseHttpServer.java:<init>(106)) - Hadoop Security Enabled: false Ozone Security Enabled: false Ozone HTTP Security Enabled: false 
2021-01-13 14:09:51,239 [Listener at 127.0.0.1/10216] INFO  server.AuthenticationFilter (AuthenticationFilter.java:constructSecretProvider(240)) - Unable to initialize FileSignerSecretProvider, falling back to use random secrets.
2021-01-13 14:09:51,244 [Listener at 127.0.0.1/10216] WARN  http.HttpRequestLog (HttpRequestLog.java:getRequestLog(103)) - Jetty request log can only be enabled using Log4j
2021-01-13 14:09:51,246 [Listener at 127.0.0.1/10216] INFO  http.HttpServer2 (HttpServer2.java:addGlobalFilter(1020)) - Added global filter 'safety' (class=org.apache.hadoop.hdds.server.http.HttpServer2$QuotingInputFilter)
2021-01-13 14:09:51,247 [Listener at 127.0.0.1/10216] INFO  http.HttpServer2 (HttpServer2.java:addFilter(996)) - Added filter static_user_filter (class=org.apache.hadoop.http.lib.StaticUserWebFilter$StaticUserFilter) to context ozoneManager
2021-01-13 14:09:51,250 [Listener at 127.0.0.1/10216] INFO  http.HttpServer2 (HttpServer2.java:addFilter(1004)) - Added filter static_user_filter (class=org.apache.hadoop.http.lib.StaticUserWebFilter$StaticUserFilter) to context logs
2021-01-13 14:09:51,250 [Listener at 127.0.0.1/10216] INFO  http.HttpServer2 (HttpServer2.java:addFilter(1004)) - Added filter static_user_filter (class=org.apache.hadoop.http.lib.StaticUserWebFilter$StaticUserFilter) to context static
2021-01-13 14:09:51,254 [Listener at 127.0.0.1/10216] INFO  http.HttpServer2 (HttpServer2.java:bindListener(1238)) - Jetty bound to port 10218
2021-01-13 14:09:51,254 [Listener at 127.0.0.1/10216] INFO  server.Server (Server.java:doStart(375)) - jetty-9.4.34.v20201102; built: 2020-11-02T14:15:39.302Z; git: e46af88704a893fc12cb0e3bf46e2c7b48a009e7; jvm 1.8.0_232-b09
2021-01-13 14:09:51,266 [Listener at 127.0.0.1/10216] INFO  server.session (DefaultSessionIdManager.java:doStart(334)) - DefaultSessionIdManager workerName=node0
2021-01-13 14:09:51,267 [Listener at 127.0.0.1/10216] INFO  server.session (DefaultSessionIdManager.java:doStart(339)) - No SessionScavenger set, using defaults
2021-01-13 14:09:51,267 [Listener at 127.0.0.1/10216] INFO  server.session (HouseKeeper.java:startScavenging(132)) - node0 Scavenging every 600000ms
2021-01-13 14:09:51,268 [Listener at 127.0.0.1/10216] INFO  handler.ContextHandler (ContextHandler.java:doStart(916)) - Started o.e.j.s.ServletContextHandler@3bc6dfc6{logs,/logs,file:///github/workspace/mnt/ozone/hadoop-ozone/integration-test/target/log,AVAILABLE}
2021-01-13 14:09:51,268 [Listener at 127.0.0.1/10216] INFO  handler.ContextHandler (ContextHandler.java:doStart(916)) - Started o.e.j.s.ServletContextHandler@775c0aa6{static,/static,file:///github/workspace/mnt/ozone/hadoop-ozone/integration-test/target/test-classes/webapps/static,AVAILABLE}
2021-01-13 14:09:51,273 [Listener at 127.0.0.1/10216] INFO  handler.ContextHandler (ContextHandler.java:doStart(916)) - Started o.e.j.w.WebAppContext@5411a80a{ozoneManager,/,file:///github/workspace/mnt/ozone/hadoop-ozone/integration-test/target/test-classes/webapps/ozoneManager/,AVAILABLE}{file:/github/workspace/mnt/ozone/hadoop-ozone/integration-test/target/test-classes/webapps/ozoneManager}
2021-01-13 14:09:51,275 [Listener at 127.0.0.1/10216] INFO  server.AbstractConnector (AbstractConnector.java:doStart(331)) - Started ServerConnector@4a35cf22{HTTP/1.1, (http/1.1)}{0.0.0.0:10218}
2021-01-13 14:09:51,275 [Listener at 127.0.0.1/10216] INFO  server.Server (Server.java:doStart(415)) - Started @4632ms
2021-01-13 14:09:51,275 [Listener at 127.0.0.1/10216] WARN  impl.MetricsSystemImpl (MetricsSystemImpl.java:register(276)) - Sink prometheus already exists!
2021-01-13 14:09:52,305 [Thread-99] INFO  impl.FollowerState (FollowerState.java:run(133)) - omNode-1@group-523986131536-FollowerState: change to CANDIDATE, lastRpcElapsedTime:1153511900ns, electionTimeout:1130ms
2021-01-13 14:09:52,307 [Thread-99] INFO  impl.RoleInfo (RoleInfo.java:shutdownFollowerState(108)) - omNode-1: shutdown omNode-1@group-523986131536-FollowerState
2021-01-13 14:09:52,307 [Thread-99] INFO  server.RaftServer$Division (RaftServerImpl.java:setRole(283)) - omNode-1@group-523986131536: changes role from  FOLLOWER to CANDIDATE at term 0 for changeToCandidate
2021-01-13 14:09:52,309 [Thread-99] INFO  impl.RoleInfo (RoleInfo.java:updateAndGet(130)) - omNode-1: start omNode-1@group-523986131536-LeaderElection1
2021-01-13 14:09:52,311 [omNode-1@group-523986131536-LeaderElection1] INFO  impl.LeaderElection (LeaderElection.java:askForPreVotes(259)) - omNode-1@group-523986131536-LeaderElection1: begin a pre-vote at term 0 for -1: [omNode-3|rpc:localhost:10232|priority:0, omNode-1|rpc:localhost:10220|priority:0, omNode-2|rpc:localhost:10226|priority:0], old=null
2021-01-13 14:09:52,531 [omNode-1@group-523986131536-LeaderElection1] INFO  impl.LeaderElection (LogUtils.java:infoOrTrace(137)) - omNode-1@group-523986131536-LeaderElection1 got exception when requesting votes: java.util.concurrent.ExecutionException: org.apache.ratis.thirdparty.io.grpc.StatusRuntimeException: UNAVAILABLE: io exception
2021-01-13 14:09:52,531 [omNode-1@group-523986131536-LeaderElection1] INFO  impl.LeaderElection (LogUtils.java:infoOrTrace(137)) - omNode-1@group-523986131536-LeaderElection1 got exception when requesting votes: java.util.concurrent.ExecutionException: org.apache.ratis.thirdparty.io.grpc.StatusRuntimeException: UNAVAILABLE: io exception
2021-01-13 14:09:52,533 [omNode-1@group-523986131536-LeaderElection1] INFO  impl.LeaderElection (LeaderElection.java:logAndReturn(68)) - omNode-1@group-523986131536-LeaderElection1: Pre-vote  REJECTED received 0 response(s):[]
2021-01-13 14:09:52,533 [omNode-1@group-523986131536-LeaderElection1] INFO  impl.LeaderElection (LogUtils.java:infoOrTrace(137)) -   Exception 0: java.util.concurrent.ExecutionException: org.apache.ratis.thirdparty.io.grpc.StatusRuntimeException: UNAVAILABLE: io exception
2021-01-13 14:09:52,534 [omNode-1@group-523986131536-LeaderElection1] INFO  impl.LeaderElection (LogUtils.java:infoOrTrace(137)) -   Exception 1: java.util.concurrent.ExecutionException: org.apache.ratis.thirdparty.io.grpc.StatusRuntimeException: UNAVAILABLE: io exception
2021-01-13 14:09:52,534 [omNode-1@group-523986131536-LeaderElection1] INFO  impl.LeaderElection (LeaderElection.java:askForPreVotes(261)) - omNode-1@group-523986131536-LeaderElection1 pre-vote result is REJECTED.
2021-01-13 14:09:52,535 [omNode-1@group-523986131536-LeaderElection1] INFO  server.RaftServer$Division (RaftServerImpl.java:setRole(283)) - omNode-1@group-523986131536: changes role from CANDIDATE to FOLLOWER at term 0 for REJECTED
2021-01-13 14:09:52,536 [omNode-1@group-523986131536-LeaderElection1] INFO  impl.RoleInfo (RoleInfo.java:shutdownLeaderElection(121)) - omNode-1: shutdown omNode-1@group-523986131536-LeaderElection1
2021-01-13 14:09:52,536 [omNode-1@group-523986131536-LeaderElection1] INFO  impl.RoleInfo (RoleInfo.java:updateAndGet(130)) - omNode-1: start omNode-1@group-523986131536-FollowerState
2021-01-13 14:09:53,544 [Thread-114] INFO  impl.FollowerState (FollowerState.java:run(133)) - omNode-1@group-523986131536-FollowerState: change to CANDIDATE, lastRpcElapsedTime:1008015058ns, electionTimeout:1002ms
2021-01-13 14:09:53,545 [Thread-114] INFO  impl.RoleInfo (RoleInfo.java:shutdownFollowerState(108)) - omNode-1: shutdown omNode-1@group-523986131536-FollowerState
2021-01-13 14:09:53,545 [Thread-114] INFO  server.RaftServer$Division (RaftServerImpl.java:setRole(283)) - omNode-1@group-523986131536: changes role from  FOLLOWER to CANDIDATE at term 0 for changeToCandidate
2021-01-13 14:09:53,566 [Thread-114] INFO  impl.RoleInfo (RoleInfo.java:updateAndGet(130)) - omNode-1: start omNode-1@group-523986131536-LeaderElection2
2021-01-13 14:09:53,569 [omNode-1@group-523986131536-LeaderElection2] INFO  impl.LeaderElection (LeaderElection.java:askForPreVotes(259)) - omNode-1@group-523986131536-LeaderElection2: begin a pre-vote at term 0 for -1: [omNode-3|rpc:localhost:10232|priority:0, omNode-1|rpc:localhost:10220|priority:0, omNode-2|rpc:localhost:10226|priority:0], old=null
2021-01-13 14:09:53,578 [omNode-1@group-523986131536-LeaderElection2] INFO  impl.LeaderElection (LogUtils.java:infoOrTrace(137)) - omNode-1@group-523986131536-LeaderElection2 got exception when requesting votes: java.util.concurrent.ExecutionException: org.apache.ratis.thirdparty.io.grpc.StatusRuntimeException: UNAVAILABLE: io exception
2021-01-13 14:09:53,579 [omNode-1@group-523986131536-LeaderElection2] INFO  impl.LeaderElection (LogUtils.java:infoOrTrace(137)) - omNode-1@group-523986131536-LeaderElection2 got exception when requesting votes: java.util.concurrent.ExecutionException: org.apache.ratis.thirdparty.io.grpc.StatusRuntimeException: UNAVAILABLE: io exception
2021-01-13 14:09:53,579 [omNode-1@group-523986131536-LeaderElection2] INFO  impl.LeaderElection (LeaderElection.java:logAndReturn(68)) - omNode-1@group-523986131536-LeaderElection2: Pre-vote  REJECTED received 0 response(s):[]
2021-01-13 14:09:53,579 [omNode-1@group-523986131536-LeaderElection2] INFO  impl.LeaderElection (LogUtils.java:infoOrTrace(137)) -   Exception 0: java.util.concurrent.ExecutionException: org.apache.ratis.thirdparty.io.grpc.StatusRuntimeException: UNAVAILABLE: io exception
2021-01-13 14:09:53,579 [omNode-1@group-523986131536-LeaderElection2] INFO  impl.LeaderElection (LogUtils.java:infoOrTrace(137)) -   Exception 1: java.util.concurrent.ExecutionException: org.apache.ratis.thirdparty.io.grpc.StatusRuntimeException: UNAVAILABLE: io exception
2021-01-13 14:09:53,579 [omNode-1@group-523986131536-LeaderElection2] INFO  impl.LeaderElection (LeaderElection.java:askForPreVotes(261)) - omNode-1@group-523986131536-LeaderElection2 pre-vote result is REJECTED.
2021-01-13 14:09:53,580 [omNode-1@group-523986131536-LeaderElection2] INFO  server.RaftServer$Division (RaftServerImpl.java:setRole(283)) - omNode-1@group-523986131536: changes role from CANDIDATE to FOLLOWER at term 0 for REJECTED
2021-01-13 14:09:53,580 [omNode-1@group-523986131536-LeaderElection2] INFO  impl.RoleInfo (RoleInfo.java:shutdownLeaderElection(121)) - omNode-1: shutdown omNode-1@group-523986131536-LeaderElection2
2021-01-13 14:09:53,580 [omNode-1@group-523986131536-LeaderElection2] INFO  impl.RoleInfo (RoleInfo.java:updateAndGet(130)) - omNode-1: start omNode-1@group-523986131536-FollowerState
2021-01-13 14:09:54,720 [Thread-118] INFO  impl.FollowerState (FollowerState.java:run(133)) - omNode-1@group-523986131536-FollowerState: change to CANDIDATE, lastRpcElapsedTime:1139973158ns, electionTimeout:1139ms
2021-01-13 14:09:54,720 [Thread-118] INFO  impl.RoleInfo (RoleInfo.java:shutdownFollowerState(108)) - omNode-1: shutdown omNode-1@group-523986131536-FollowerState
2021-01-13 14:09:54,720 [Thread-118] INFO  server.RaftServer$Division (RaftServerImpl.java:setRole(283)) - omNode-1@group-523986131536: changes role from  FOLLOWER to CANDIDATE at term 0 for changeToCandidate
2021-01-13 14:09:54,721 [Thread-118] INFO  impl.RoleInfo (RoleInfo.java:updateAndGet(130)) - omNode-1: start omNode-1@group-523986131536-LeaderElection3
2021-01-13 14:09:54,721 [omNode-1@group-523986131536-LeaderElection3] INFO  impl.LeaderElection (LeaderElection.java:askForPreVotes(259)) - omNode-1@group-523986131536-LeaderElection3: begin a pre-vote at term 0 for -1: [omNode-3|rpc:localhost:10232|priority:0, omNode-1|rpc:localhost:10220|priority:0, omNode-2|rpc:localhost:10226|priority:0], old=null
2021-01-13 14:09:54,723 [omNode-1@group-523986131536-LeaderElection3] INFO  impl.LeaderElection (LogUtils.java:infoOrTrace(137)) - omNode-1@group-523986131536-LeaderElection3 got exception when requesting votes: java.util.concurrent.ExecutionException: org.apache.ratis.thirdparty.io.grpc.StatusRuntimeException: UNAVAILABLE: io exception
2021-01-13 14:09:54,723 [omNode-1@group-523986131536-LeaderElection3] INFO  impl.LeaderElection (LogUtils.java:infoOrTrace(137)) - omNode-1@group-523986131536-LeaderElection3 got exception when requesting votes: java.util.concurrent.ExecutionException: org.apache.ratis.thirdparty.io.grpc.StatusRuntimeException: UNAVAILABLE: io exception
2021-01-13 14:09:54,724 [omNode-1@group-523986131536-LeaderElection3] INFO  impl.LeaderElection (LeaderElection.java:logAndReturn(68)) - omNode-1@group-523986131536-LeaderElection3: Pre-vote  REJECTED received 0 response(s):[]
2021-01-13 14:09:54,724 [omNode-1@group-523986131536-LeaderElection3] INFO  impl.LeaderElection (LogUtils.java:infoOrTrace(137)) -   Exception 0: java.util.concurrent.ExecutionException: org.apache.ratis.thirdparty.io.grpc.StatusRuntimeException: UNAVAILABLE: io exception
2021-01-13 14:09:54,724 [omNode-1@group-523986131536-LeaderElection3] INFO  impl.LeaderElection (LogUtils.java:infoOrTrace(137)) -   Exception 1: java.util.concurrent.ExecutionException: org.apache.ratis.thirdparty.io.grpc.StatusRuntimeException: UNAVAILABLE: io exception
2021-01-13 14:09:54,724 [omNode-1@group-523986131536-LeaderElection3] INFO  impl.LeaderElection (LeaderElection.java:askForPreVotes(261)) - omNode-1@group-523986131536-LeaderElection3 pre-vote result is REJECTED.
2021-01-13 14:09:54,724 [omNode-1@group-523986131536-LeaderElection3] INFO  server.RaftServer$Division (RaftServerImpl.java:setRole(283)) - omNode-1@group-523986131536: changes role from CANDIDATE to FOLLOWER at term 0 for REJECTED
2021-01-13 14:09:54,724 [omNode-1@group-523986131536-LeaderElection3] INFO  impl.RoleInfo (RoleInfo.java:shutdownLeaderElection(121)) - omNode-1: shutdown omNode-1@group-523986131536-LeaderElection3
2021-01-13 14:09:54,724 [omNode-1@group-523986131536-LeaderElection3] INFO  impl.RoleInfo (RoleInfo.java:updateAndGet(130)) - omNode-1: start omNode-1@group-523986131536-FollowerState
2021-01-13 14:09:55,900 [Thread-122] INFO  impl.FollowerState (FollowerState.java:run(133)) - omNode-1@group-523986131536-FollowerState: change to CANDIDATE, lastRpcElapsedTime:1175432766ns, electionTimeout:1172ms
2021-01-13 14:09:55,900 [Thread-122] INFO  impl.RoleInfo (RoleInfo.java:shutdownFollowerState(108)) - omNode-1: shutdown omNode-1@group-523986131536-FollowerState
2021-01-13 14:09:55,900 [Thread-122] INFO  server.RaftServer$Division (RaftServerImpl.java:setRole(283)) - omNode-1@group-523986131536: changes role from  FOLLOWER to CANDIDATE at term 0 for changeToCandidate
2021-01-13 14:09:55,901 [Thread-122] INFO  impl.RoleInfo (RoleInfo.java:updateAndGet(130)) - omNode-1: start omNode-1@group-523986131536-LeaderElection4
2021-01-13 14:09:55,906 [omNode-1@group-523986131536-LeaderElection4] INFO  impl.LeaderElection (LeaderElection.java:askForPreVotes(259)) - omNode-1@group-523986131536-LeaderElection4: begin a pre-vote at term 0 for -1: [omNode-3|rpc:localhost:10232|priority:0, omNode-1|rpc:localhost:10220|priority:0, omNode-2|rpc:localhost:10226|priority:0], old=null
2021-01-13 14:09:55,906 [omNode-1@group-523986131536-LeaderElection4] INFO  impl.LeaderElection (LogUtils.java:infoOrTrace(137)) - omNode-1@group-523986131536-LeaderElection4 got exception when requesting votes: java.util.concurrent.ExecutionException: org.apache.ratis.thirdparty.io.grpc.StatusRuntimeException: UNAVAILABLE: io exception
2021-01-13 14:09:55,908 [omNode-1@group-523986131536-LeaderElection4] INFO  impl.LeaderElection (LogUtils.java:infoOrTrace(137)) - omNode-1@group-523986131536-LeaderElection4 got exception when requesting votes: java.util.concurrent.ExecutionException: org.apache.ratis.thirdparty.io.grpc.StatusRuntimeException: UNAVAILABLE: io exception
2021-01-13 14:09:55,908 [omNode-1@group-523986131536-LeaderElection4] INFO  impl.LeaderElection (LeaderElection.java:logAndReturn(68)) - omNode-1@group-523986131536-LeaderElection4: Pre-vote  REJECTED received 0 response(s):[]
2021-01-13 14:09:55,908 [omNode-1@group-523986131536-LeaderElection4] INFO  impl.LeaderElection (LogUtils.java:infoOrTrace(137)) -   Exception 0: java.util.concurrent.ExecutionException: org.apache.ratis.thirdparty.io.grpc.StatusRuntimeException: UNAVAILABLE: io exception
2021-01-13 14:09:55,908 [omNode-1@group-523986131536-LeaderElection4] INFO  impl.LeaderElection (LogUtils.java:infoOrTrace(137)) -   Exception 1: java.util.concurrent.ExecutionException: org.apache.ratis.thirdparty.io.grpc.StatusRuntimeException: UNAVAILABLE: io exception
2021-01-13 14:09:55,908 [omNode-1@group-523986131536-LeaderElection4] INFO  impl.LeaderElection (LeaderElection.java:askForPreVotes(261)) - omNode-1@group-523986131536-LeaderElection4 pre-vote result is REJECTED.
2021-01-13 14:09:55,909 [omNode-1@group-523986131536-LeaderElection4] INFO  server.RaftServer$Division (RaftServerImpl.java:setRole(283)) - omNode-1@group-523986131536: changes role from CANDIDATE to FOLLOWER at term 0 for REJECTED
2021-01-13 14:09:55,909 [omNode-1@group-523986131536-LeaderElection4] INFO  impl.RoleInfo (RoleInfo.java:shutdownLeaderElection(121)) - omNode-1: shutdown omNode-1@group-523986131536-LeaderElection4
2021-01-13 14:09:55,909 [omNode-1@group-523986131536-LeaderElection4] INFO  impl.RoleInfo (RoleInfo.java:updateAndGet(130)) - omNode-1: start omNode-1@group-523986131536-FollowerState
2021-01-13 14:09:56,283 [Listener at 127.0.0.1/10216] INFO  http.BaseHttpServer (BaseHttpServer.java:updateConnectorAddress(327)) - HTTP server of ozoneManager listening at http://0.0.0.0:10218
2021-01-13 14:09:56,284 [IPC Server Responder] INFO  ipc.Server (Server.java:run(1460)) - IPC Server Responder: starting
2021-01-13 14:09:56,284 [IPC Server listener on 10216] INFO  ipc.Server (Server.java:run(1298)) - IPC Server listener on 10216: starting
2021-01-13 14:09:56,286 [Listener at 127.0.0.1/10216] INFO  om.OzoneManager (OzoneManager.java:startTrashEmptier(1281)) - Trash Interval set to 0. Files deleted will not move to trash
2021-01-13 14:09:56,287 [Listener at 127.0.0.1/10216] INFO  ozone.MiniOzoneHAClusterImpl (MiniOzoneHAClusterImpl.java:createOMService(380)) - Started OzoneManager RPC server at localhost/127.0.0.1:10216
2021-01-13 14:09:56,287 [org.apache.hadoop.util.JvmPauseMonitor$Monitor@7b783bb] INFO  util.JvmPauseMonitor (JvmPauseMonitor.java:run(188)) - Starting JVM pause monitor
2021-01-13 14:09:56,288 [Listener at 127.0.0.1/10216] WARN  server.ServerUtils (ServerUtils.java:getDBPath(225)) - ozone.om.db.dirs is not configured. We recommend adding this setting. Falling back to ozone.metadata.dirs instead.
2021-01-13 14:09:56,294 [Listener at 127.0.0.1/10216] INFO  ha.OMHANodeDetails (OMHANodeDetails.java:loadOMHAConfig(110)) - ServiceID for OzoneManager is om-service-test1
2021-01-13 14:09:56,295 [Listener at 127.0.0.1/10216] INFO  ha.OMHANodeDetails (OMHANodeDetails.java:loadOMHAConfig(186)) - Found matching OM address with OMServiceId: om-service-test1, OMNodeId: omNode-2, RPC Address: localhost:10222 and Ratis port: 10226
2021-01-13 14:09:56,295 [Listener at 127.0.0.1/10216] INFO  ha.OMHANodeDetails (OMHANodeDetails.java:setOMNodeSpecificConfigs(311)) - Setting configuration key ozone.om.http-address with value of key ozone.om.http-address.omNode-2: 127.0.0.1:10224
2021-01-13 14:09:56,295 [Listener at 127.0.0.1/10216] INFO  ha.OMHANodeDetails (OMHANodeDetails.java:setOMNodeSpecificConfigs(311)) - Setting configuration key ozone.om.https-address with value of key ozone.om.https-address.omNode-2: 127.0.0.1:10225
2021-01-13 14:09:56,295 [Listener at 127.0.0.1/10216] INFO  ha.OMHANodeDetails (OMHANodeDetails.java:setOMNodeSpecificConfigs(311)) - Setting configuration key ozone.om.address with value of key ozone.om.address.omNode-2: 127.0.0.1:10222
2021-01-13 14:09:56,296 [Listener at 127.0.0.1/10216] WARN  server.ServerUtils (ServerUtils.java:getDBPath(225)) - ozone.om.db.dirs is not configured. We recommend adding this setting. Falling back to ozone.metadata.dirs instead.
2021-01-13 14:09:56,296 [Listener at 127.0.0.1/10216] WARN  server.ServerUtils (ServerUtils.java:getDBPath(225)) - ozone.om.db.dirs is not configured. We recommend adding this setting. Falling back to ozone.metadata.dirs instead.
2021-01-13 14:09:56,299 [Listener at 127.0.0.1/10216] WARN  server.ServerUtils (ServerUtils.java:getDBPath(225)) - ozone.om.db.dirs is not configured. We recommend adding this setting. Falling back to ozone.metadata.dirs instead.
2021-01-13 14:09:56,300 [Listener at 127.0.0.1/10216] INFO  codec.OmKeyInfoCodec (OmKeyInfoCodec.java:<init>(41)) - OmKeyInfoCodec ignorePipeline = true
2021-01-13 14:09:56,300 [Listener at 127.0.0.1/10216] INFO  codec.RepeatedOmKeyInfoCodec (RepeatedOmKeyInfoCodec.java:<init>(40)) - RepeatedOmKeyInfoCodec ignorePipeline = true
2021-01-13 14:09:56,352 [Listener at 127.0.0.1/10216] INFO  om.OzoneManager (OzoneManager.java:addS3GVolumeToDB(3738)) - Created Volume s3v With Owner jenkins1001 required for S3Gateway operations.
2021-01-13 14:09:56,353 [Listener at 127.0.0.1/10216] WARN  server.ServerUtils (ServerUtils.java:getDefaultRatisDirectory(237)) - Storage directory for Ratis is not configured. It is a good idea to map this to an SSD disk. Falling back to ozone.metadata.dirs
2021-01-13 14:09:56,353 [Listener at 127.0.0.1/10216] WARN  ratis.OzoneManagerRatisServer (OzoneManagerRatisServer.java:getOMRatisSnapshotDirectory(638)) - ozone.om.ratis.snapshot.dir is not configured. Falling back to ozone.metadata.dirs config
2021-01-13 14:09:56,353 [Listener at 127.0.0.1/10216] INFO  snapshot.OzoneManagerSnapshotProvider (OzoneManagerSnapshotProvider.java:<init>(77)) - Initializing OM Snapshot Provider
2021-01-13 14:09:56,354 [Listener at 127.0.0.1/10216] WARN  server.ServerUtils (ServerUtils.java:getDefaultRatisDirectory(237)) - Storage directory for Ratis is not configured. It is a good idea to map this to an SSD disk. Falling back to ozone.metadata.dirs
2021-01-13 14:09:56,355 [Listener at 127.0.0.1/10216] INFO  ratis.OzoneManagerRatisServer (OzoneManagerRatisServer.java:<init>(280)) - Instantiating OM Ratis server with GroupID: om-service-test1 and Raft Peers: localhost:10226, localhost:10220, localhost:10232
2021-01-13 14:09:56,356 [Listener at 127.0.0.1/10216] INFO  ratis.OzoneManagerStateMachine (OzoneManagerStateMachine.java:loadSnapshotInfoFromDB(518)) - LastAppliedIndex is set from TransactionInfo from OM DB as (t:0, i:~)
2021-01-13 14:09:56,356 [Listener at 127.0.0.1/10216] INFO  server.RaftServer (ConfUtils.java:logGet(44)) - raft.rpc.type = GRPC (default)
2021-01-13 14:09:56,356 [Listener at 127.0.0.1/10216] INFO  grpc.GrpcFactory (GrpcFactory.java:checkPooledByteBufAllocatorUseCacheForAllThreads(48)) - PERFORMANCE WARNING: useCacheForAllThreads is true that may cause Netty to create a lot garbage objects and, as a result, trigger GC.
	It is recommended to disable useCacheForAllThreads by setting -Dorg.apache.ratis.thirdparty.io.netty.allocator.useCacheForAllThreads=false in command line.
2021-01-13 14:09:56,356 [Listener at 127.0.0.1/10216] INFO  grpc.GrpcConfigKeys (ConfUtils.java:logGet(44)) - raft.grpc.server.port = 10226 (custom)
2021-01-13 14:09:56,356 [Listener at 127.0.0.1/10216] INFO  server.GrpcService (ConfUtils.java:logGet(44)) - raft.grpc.message.size.max = 33554432 (custom)
2021-01-13 14:09:56,356 [Listener at 127.0.0.1/10216] INFO  server.RaftServerConfigKeys (ConfUtils.java:logGet(44)) - raft.server.log.appender.buffer.byte-limit = 33554432 (custom)
2021-01-13 14:09:56,357 [Listener at 127.0.0.1/10216] INFO  server.GrpcService (ConfUtils.java:logGet(44)) - raft.grpc.flow.control.window = 1MB (=1048576) (default)
2021-01-13 14:09:56,357 [Listener at 127.0.0.1/10216] INFO  server.RaftServerConfigKeys (ConfUtils.java:logGet(44)) - raft.server.rpc.request.timeout = 3000ms (default)
2021-01-13 14:09:56,358 [Listener at 127.0.0.1/10216] INFO  impl.DataStreamServerImpl (ConfUtils.java:logGet(44)) - raft.datastream.type = DISABLED (default)
2021-01-13 14:09:56,358 [Listener at 127.0.0.1/10216] INFO  server.RaftServerConfigKeys (ConfUtils.java:logGet(44)) - raft.server.rpc.slowness.timeout = 2s (custom)
2021-01-13 14:09:56,358 [Listener at 127.0.0.1/10216] INFO  server.RaftServerConfigKeys (ConfUtils.java:logGet(44)) - raft.server.leaderelection.leader.step-down.wait-time = 10s (default)
2021-01-13 14:09:56,358 [Listener at 127.0.0.1/10216] INFO  server.RaftServerConfigKeys (ConfUtils.java:logGet(44)) - raft.server.storage.dir = [/github/workspace/mnt/ozone/hadoop-ozone/integration-test/target/test-dir/MiniOzoneClusterImpl-9fde871d-63de-45ae-a394-6b80eb19d1dd/omNode-2/ratis] (custom)
2021-01-13 14:09:56,362 [Listener at 127.0.0.1/10216] INFO  server.RaftServer (RaftServerProxy.java:addNew(95)) - omNode-2: addNew group-523986131536:[omNode-3|rpc:localhost:10232|priority:0, omNode-1|rpc:localhost:10220|priority:0, omNode-2|rpc:localhost:10226|priority:0] returns group-523986131536:java.util.concurrent.CompletableFuture@3c58f8cd[Not completed]
2021-01-13 14:09:56,362 [Listener at 127.0.0.1/10216] INFO  om.OzoneManager (OzoneManager.java:initializeRatisServer(1332)) - OzoneManager Ratis server initialized at port 10226
2021-01-13 14:09:56,363 [Listener at 127.0.0.1/10216] INFO  ipc.CallQueueManager (CallQueueManager.java:<init>(84)) - Using callQueue: class java.util.concurrent.LinkedBlockingQueue, queueCapacity: 2000, scheduler: class org.apache.hadoop.ipc.DefaultRpcScheduler, ipcBackoff: false.
2021-01-13 14:09:56,367 [Socket Reader #1 for port 10222] INFO  ipc.Server (Server.java:run(1219)) - Starting Socket Reader #1 for port 10222
2021-01-13 14:09:56,367 [pool-42-thread-1] INFO  server.RaftServer$Division (RaftServerImpl.java:<init>(179)) - omNode-2: new RaftServerImpl for group-523986131536:[omNode-3|rpc:localhost:10232|priority:0, omNode-1|rpc:localhost:10220|priority:0, omNode-2|rpc:localhost:10226|priority:0] with OzoneManagerStateMachine:uninitialized
2021-01-13 14:09:56,376 [pool-42-thread-1] INFO  server.RaftServerConfigKeys (ConfUtils.java:logGet(44)) - raft.server.rpc.timeout.min = 1s (custom)
2021-01-13 14:09:56,376 [pool-42-thread-1] INFO  server.RaftServerConfigKeys (ConfUtils.java:logGet(44)) - raft.server.rpc.timeout.max = 1200ms (custom)
2021-01-13 14:09:56,377 [pool-42-thread-1] INFO  server.RaftServerConfigKeys (ConfUtils.java:logGet(44)) - raft.server.rpc.sleep.time = 25ms (default)
2021-01-13 14:09:56,382 [pool-42-thread-1] INFO  server.RaftServerConfigKeys (ConfUtils.java:logGet(44)) - raft.server.rpc.slowness.timeout = 2s (custom)
2021-01-13 14:09:56,382 [pool-42-thread-1] INFO  server.RaftServerConfigKeys (ConfUtils.java:logGet(44)) - raft.server.leaderelection.leader.step-down.wait-time = 10s (default)
2021-01-13 14:09:56,383 [pool-42-thread-1] INFO  server.RaftServerConfigKeys (ConfUtils.java:logGet(44)) - raft.server.sleep.deviation.threshold = 300ms (default)
2021-01-13 14:09:56,383 [pool-42-thread-1] INFO  server.RaftServerConfigKeys (ConfUtils.java:logGet(44)) - raft.server.log.appender.install.snapshot.enabled = false (custom)
2021-01-13 14:09:56,383 [pool-42-thread-1] INFO  server.RaftServer$Division (ServerState.java:<init>(103)) - omNode-2@group-523986131536: ConfigurationManager, init=-1: [omNode-3|rpc:localhost:10232|priority:0, omNode-1|rpc:localhost:10220|priority:0, omNode-2|rpc:localhost:10226|priority:0], old=null, confs=<EMPTY_MAP>
2021-01-13 14:09:56,383 [pool-42-thread-1] INFO  server.RaftServerConfigKeys (ConfUtils.java:logGet(44)) - raft.server.storage.dir = [/github/workspace/mnt/ozone/hadoop-ozone/integration-test/target/test-dir/MiniOzoneClusterImpl-9fde871d-63de-45ae-a394-6b80eb19d1dd/omNode-2/ratis] (custom)
2021-01-13 14:09:56,383 [pool-42-thread-1] INFO  server.RaftServerConfigKeys (ConfUtils.java:logGet(44)) - raft.server.log.corruption.policy = EXCEPTION (default)
2021-01-13 14:09:56,383 [pool-42-thread-1] INFO  storage.RaftStorageDirectory (RaftStorageDirectoryImpl.java:analyzeStorage(132)) - The storage directory /github/workspace/mnt/ozone/hadoop-ozone/integration-test/target/test-dir/MiniOzoneClusterImpl-9fde871d-63de-45ae-a394-6b80eb19d1dd/omNode-2/ratis/c9bc4cf4-3bc3-3c60-a66b-523986131536 does not exist. Creating ...
2021-01-13 14:09:56,386 [pool-42-thread-1] INFO  storage.RaftStorageDirectory (RaftStorageDirectoryImpl.java:tryLock(215)) - Lock on /github/workspace/mnt/ozone/hadoop-ozone/integration-test/target/test-dir/MiniOzoneClusterImpl-9fde871d-63de-45ae-a394-6b80eb19d1dd/omNode-2/ratis/c9bc4cf4-3bc3-3c60-a66b-523986131536/in_use.lock acquired by nodename 4782@2a0ae80d829d
2021-01-13 14:09:56,387 [pool-42-thread-1] INFO  storage.RaftStorage (RaftStorageImpl.java:format(87)) - Storage directory /github/workspace/mnt/ozone/hadoop-ozone/integration-test/target/test-dir/MiniOzoneClusterImpl-9fde871d-63de-45ae-a394-6b80eb19d1dd/omNode-2/ratis/c9bc4cf4-3bc3-3c60-a66b-523986131536 has been successfully formatted.
2021-01-13 14:09:56,387 [pool-42-thread-1] ERROR storage.RaftStorage (RaftStorageImpl.java:readRaftConfiguration(147)) - Failed reading configuration from file:/github/workspace/mnt/ozone/hadoop-ozone/integration-test/target/test-dir/MiniOzoneClusterImpl-9fde871d-63de-45ae-a394-6b80eb19d1dd/omNode-2/ratis/c9bc4cf4-3bc3-3c60-a66b-523986131536/current/raft-meta.conf
java.io.FileNotFoundException: /github/workspace/mnt/ozone/hadoop-ozone/integration-test/target/test-dir/MiniOzoneClusterImpl-9fde871d-63de-45ae-a394-6b80eb19d1dd/omNode-2/ratis/c9bc4cf4-3bc3-3c60-a66b-523986131536/current/raft-meta.conf (No such file or directory)
	at java.io.FileInputStream.open0(Native Method)
	at java.io.FileInputStream.open(FileInputStream.java:195)
	at java.io.FileInputStream.<init>(FileInputStream.java:138)
	at org.apache.ratis.server.storage.RaftStorageImpl.readRaftConfiguration(RaftStorageImpl.java:143)
	at org.apache.ratis.server.impl.ServerState.<init>(ServerState.java:113)
	at org.apache.ratis.server.impl.RaftServerImpl.<init>(RaftServerImpl.java:192)
	at org.apache.ratis.server.impl.RaftServerProxy.lambda$newRaftServerImpl$4(RaftServerProxy.java:266)
	at java.util.concurrent.CompletableFuture$AsyncSupply.run(CompletableFuture.java:1604)
	at java.util.concurrent.ThreadPoolExecutor.runWorker(ThreadPoolExecutor.java:1149)
	at java.util.concurrent.ThreadPoolExecutor$Worker.run(ThreadPoolExecutor.java:624)
	at java.lang.Thread.run(Thread.java:748)
2021-01-13 14:09:56,388 [pool-42-thread-1] INFO  server.RaftServerConfigKeys (ConfUtils.java:logGet(44)) - raft.server.notification.no-leader.timeout = 2s (custom)
2021-01-13 14:09:56,388 [pool-42-thread-1] INFO  server.RaftServerConfigKeys (ConfUtils.java:logGet(44)) - raft.server.log.use.memory = false (default)
2021-01-13 14:09:56,388 [pool-42-thread-1] INFO  server.RaftServerConfigKeys (ConfUtils.java:logGet(44)) - raft.server.log.purge.gap = 50 (custom)
2021-01-13 14:09:56,388 [pool-42-thread-1] INFO  server.RaftServerConfigKeys (ConfUtils.java:logGet(44)) - raft.server.log.appender.buffer.byte-limit = 33554432 (custom)
2021-01-13 14:09:56,388 [pool-42-thread-1] INFO  metrics.RatisMetrics (RatisMetrics.java:lambda$create$0(36)) - Creating Metrics Registry : ratis.log_worker.omNode-2@group-523986131536
2021-01-13 14:09:56,388 [pool-42-thread-1] INFO  server.RaftServerConfigKeys (ConfUtils.java:logGet(44)) - raft.server.log.segment.size.max = 4194304 (custom)
2021-01-13 14:09:56,389 [pool-42-thread-1] INFO  server.RaftServerConfigKeys (ConfUtils.java:logGet(44)) - raft.server.log.segment.cache.num.max = 2 (custom)
2021-01-13 14:09:56,389 [pool-42-thread-1] INFO  server.RaftServerConfigKeys (ConfUtils.java:logGet(44)) - raft.server.log.segment.cache.size.max = 200MB (=209715200) (default)
2021-01-13 14:09:56,389 [Listener at 127.0.0.1/10222] INFO  impl.MetricsSystemImpl (MetricsSystemImpl.java:init(158)) - OzoneManager metrics system started (again)
2021-01-13 14:09:56,389 [pool-42-thread-1] INFO  segmented.SegmentedRaftLogWorker (SegmentedRaftLogWorker.java:<init>(181)) - new omNode-2@group-523986131536-SegmentedRaftLogWorker for RaftStorageImpl:Storage Directory /github/workspace/mnt/ozone/hadoop-ozone/integration-test/target/test-dir/MiniOzoneClusterImpl-9fde871d-63de-45ae-a394-6b80eb19d1dd/omNode-2/ratis/c9bc4cf4-3bc3-3c60-a66b-523986131536
2021-01-13 14:09:56,390 [pool-42-thread-1] INFO  server.RaftServerConfigKeys (ConfUtils.java:logGet(44)) - raft.server.log.queue.byte-limit = 64MB (=67108864) (default)
2021-01-13 14:09:56,390 [pool-42-thread-1] INFO  server.RaftServerConfigKeys (ConfUtils.java:logGet(44)) - raft.server.log.queue.element-limit = 4096 (default)
2021-01-13 14:09:56,390 [pool-42-thread-1] INFO  server.RaftServerConfigKeys (ConfUtils.java:logGet(44)) - raft.server.log.segment.size.max = 4194304 (custom)
2021-01-13 14:09:56,390 [pool-42-thread-1] INFO  server.RaftServerConfigKeys (ConfUtils.java:logGet(44)) - raft.server.log.preallocated.size = 4194304 (custom)
2021-01-13 14:09:56,390 [pool-42-thread-1] INFO  server.RaftServerConfigKeys (ConfUtils.java:logGet(44)) - raft.server.log.force.sync.num = 128 (default)
2021-01-13 14:09:56,390 [pool-42-thread-1] INFO  server.RaftServerConfigKeys (ConfUtils.java:logGet(44)) - raft.server.log.statemachine.data.sync = true (default)
2021-01-13 14:09:56,390 [pool-42-thread-1] INFO  server.RaftServerConfigKeys (ConfUtils.java:logGet(44)) - raft.server.log.statemachine.data.sync.timeout = 10s (default)
2021-01-13 14:09:56,391 [pool-42-thread-1] INFO  server.RaftServerConfigKeys (ConfUtils.java:logGet(44)) - raft.server.log.statemachine.data.sync.timeout.retry = -1 (default)
2021-01-13 14:09:56,391 [Listener at 127.0.0.1/10222] INFO  om.OzoneManager (OzoneManager.java:start(1160)) - OzoneManager RPC server is listening at localhost/127.0.0.1:10222
2021-01-13 14:09:56,391 [Listener at 127.0.0.1/10222] INFO  ratis.OzoneManagerRatisServer (OzoneManagerRatisServer.java:start(377)) - Starting OzoneManagerRatisServer omNode-2 at port 10226
2021-01-13 14:09:56,391 [pool-42-thread-1] INFO  server.RaftServerConfigKeys (ConfUtils.java:logGet(44)) - raft.server.log.write.buffer.size = 64KB (=65536) (default)
2021-01-13 14:09:56,391 [pool-42-thread-1] INFO  server.RaftServerConfigKeys (ConfUtils.java:logGet(44)) - raft.server.log.statemachine.data.caching.enabled = false (default)
2021-01-13 14:09:56,392 [pool-42-thread-1] INFO  segmented.SegmentedRaftLogWorker (SegmentedRaftLogWorker.java:lambda$new$0(132)) - omNode-2@group-523986131536-SegmentedRaftLogWorker: flushIndex: setUnconditionally 0 -> -1
2021-01-13 14:09:56,392 [pool-42-thread-1] INFO  segmented.SegmentedRaftLogWorker (SegmentedRaftLogWorker.java:lambda$new$0(132)) - omNode-2@group-523986131536-SegmentedRaftLogWorker: safeCacheEvictIndex: setUnconditionally 0 -> -1
2021-01-13 14:09:56,392 [pool-42-thread-1] INFO  server.RaftServerConfigKeys (ConfUtils.java:logGet(44)) - raft.server.snapshot.auto.trigger.enabled = true (custom)
2021-01-13 14:09:56,392 [pool-42-thread-1] INFO  server.RaftServerConfigKeys (ConfUtils.java:logGet(44)) - raft.server.snapshot.auto.trigger.threshold = 50 (custom)
2021-01-13 14:09:56,392 [pool-42-thread-1] INFO  server.RaftServerConfigKeys (ConfUtils.java:logGet(44)) - raft.server.snapshot.retention.file.num = -1 (default)
2021-01-13 14:09:56,392 [pool-42-thread-1] INFO  server.RaftServerConfigKeys (ConfUtils.java:logGet(44)) - raft.server.log.purge.upto.snapshot.index = true (custom)
2021-01-13 14:09:56,393 [pool-42-thread-1] INFO  server.RaftServerConfigKeys (ConfUtils.java:logGet(44)) - raft.server.retrycache.expirytime = 300s (custom)
2021-01-13 14:09:56,393 [pool-42-thread-1] INFO  server.RaftServerConfigKeys (ConfUtils.java:logGet(44)) - raft.server.retrycache.statistics.expirytime = 100?s (default)
2021-01-13 14:09:56,393 [pool-42-thread-1] INFO  metrics.RatisMetrics (RatisMetrics.java:lambda$create$0(36)) - Creating Metrics Registry : ratis.leader_election.omNode-2@group-523986131536
2021-01-13 14:09:56,393 [pool-42-thread-1] INFO  metrics.RatisMetrics (RatisMetrics.java:lambda$create$0(36)) - Creating Metrics Registry : ratis.server.omNode-2@group-523986131536
2021-01-13 14:09:56,394 [Listener at 127.0.0.1/10222] INFO  server.RaftServer$Division (RaftServerImpl.java:start(294)) - omNode-2@group-523986131536: start as a follower, conf=-1: [omNode-3|rpc:localhost:10232|priority:0, omNode-1|rpc:localhost:10220|priority:0, omNode-2|rpc:localhost:10226|priority:0], old=null
2021-01-13 14:09:56,394 [Listener at 127.0.0.1/10222] INFO  server.RaftServer$Division (RaftServerImpl.java:setRole(283)) - omNode-2@group-523986131536: changes role from      null to FOLLOWER at term 0 for startAsFollower
2021-01-13 14:09:56,395 [Listener at 127.0.0.1/10222] INFO  impl.RoleInfo (RoleInfo.java:updateAndGet(130)) - omNode-2: start omNode-2@group-523986131536-FollowerState
2021-01-13 14:09:56,398 [Listener at 127.0.0.1/10222] INFO  util.JmxRegister (JmxRegister.java:tryRegister(44)) - Successfully registered JMX Bean with object name Ratis:service=RaftServer,group=group-523986131536,id=omNode-2
2021-01-13 14:09:56,398 [Listener at 127.0.0.1/10222] INFO  metrics.RatisMetrics (RatisMetrics.java:lambda$create$0(36)) - Creating Metrics Registry : ratis.state_machine.omNode-2@group-523986131536
2021-01-13 14:09:56,402 [Listener at 127.0.0.1/10222] INFO  server.RaftServer (RaftServerProxy.java:lambda$start$5(372)) - omNode-2: start RPC server
2021-01-13 14:09:56,403 [Listener at 127.0.0.1/10222] INFO  server.GrpcService (GrpcService.java:startImpl(176)) - omNode-2: GrpcService started, listening on 0.0.0.0/0.0.0.0:10226
2021-01-13 14:09:56,404 [org.apache.ratis.util.JvmPauseMonitor$$Lambda$305/857005348@2295e6b4] INFO  util.JvmPauseMonitor (JvmPauseMonitor.java:run(103)) - JvmPauseMonitor-omNode-2: Started
2021-01-13 14:09:56,408 [Listener at 127.0.0.1/10222] INFO  http.BaseHttpServer (BaseHttpServer.java:newHttpServer2BuilderForOzone(207)) - Starting Web-server for ozoneManager at: http://0.0.0.0:10224
2021-01-13 14:09:56,408 [Listener at 127.0.0.1/10222] INFO  http.BaseHttpServer (BaseHttpServer.java:<init>(106)) - Hadoop Security Enabled: false Ozone Security Enabled: false Ozone HTTP Security Enabled: false 
2021-01-13 14:09:56,409 [Listener at 127.0.0.1/10222] INFO  server.AuthenticationFilter (AuthenticationFilter.java:constructSecretProvider(240)) - Unable to initialize FileSignerSecretProvider, falling back to use random secrets.
2021-01-13 14:09:56,410 [Listener at 127.0.0.1/10222] WARN  http.HttpRequestLog (HttpRequestLog.java:getRequestLog(103)) - Jetty request log can only be enabled using Log4j
2021-01-13 14:09:56,411 [Listener at 127.0.0.1/10222] INFO  http.HttpServer2 (HttpServer2.java:addGlobalFilter(1020)) - Added global filter 'safety' (class=org.apache.hadoop.hdds.server.http.HttpServer2$QuotingInputFilter)
2021-01-13 14:09:56,412 [Listener at 127.0.0.1/10222] INFO  http.HttpServer2 (HttpServer2.java:addFilter(996)) - Added filter static_user_filter (class=org.apache.hadoop.http.lib.StaticUserWebFilter$StaticUserFilter) to context ozoneManager
2021-01-13 14:09:56,412 [Listener at 127.0.0.1/10222] INFO  http.HttpServer2 (HttpServer2.java:addFilter(1004)) - Added filter static_user_filter (class=org.apache.hadoop.http.lib.StaticUserWebFilter$StaticUserFilter) to context static
2021-01-13 14:09:56,412 [Listener at 127.0.0.1/10222] INFO  http.HttpServer2 (HttpServer2.java:addFilter(1004)) - Added filter static_user_filter (class=org.apache.hadoop.http.lib.StaticUserWebFilter$StaticUserFilter) to context logs
2021-01-13 14:09:56,413 [Listener at 127.0.0.1/10222] INFO  http.HttpServer2 (HttpServer2.java:bindListener(1238)) - Jetty bound to port 10224
2021-01-13 14:09:56,413 [Listener at 127.0.0.1/10222] INFO  server.Server (Server.java:doStart(375)) - jetty-9.4.34.v20201102; built: 2020-11-02T14:15:39.302Z; git: e46af88704a893fc12cb0e3bf46e2c7b48a009e7; jvm 1.8.0_232-b09
2021-01-13 14:09:56,418 [Listener at 127.0.0.1/10222] INFO  server.session (DefaultSessionIdManager.java:doStart(334)) - DefaultSessionIdManager workerName=node0
2021-01-13 14:09:56,418 [Listener at 127.0.0.1/10222] INFO  server.session (DefaultSessionIdManager.java:doStart(339)) - No SessionScavenger set, using defaults
2021-01-13 14:09:56,418 [Listener at 127.0.0.1/10222] INFO  server.session (HouseKeeper.java:startScavenging(132)) - node0 Scavenging every 660000ms
2021-01-13 14:09:56,419 [Listener at 127.0.0.1/10222] INFO  handler.ContextHandler (ContextHandler.java:doStart(916)) - Started o.e.j.s.ServletContextHandler@52e91a25{logs,/logs,file:///github/workspace/mnt/ozone/hadoop-ozone/integration-test/target/log,AVAILABLE}
2021-01-13 14:09:56,419 [Listener at 127.0.0.1/10222] INFO  handler.ContextHandler (ContextHandler.java:doStart(916)) - Started o.e.j.s.ServletContextHandler@303c7dd4{static,/static,file:///github/workspace/mnt/ozone/hadoop-ozone/integration-test/target/test-classes/webapps/static,AVAILABLE}
2021-01-13 14:09:56,423 [Listener at 127.0.0.1/10222] INFO  handler.ContextHandler (ContextHandler.java:doStart(916)) - Started o.e.j.w.WebAppContext@134bff98{ozoneManager,/,file:///github/workspace/mnt/ozone/hadoop-ozone/integration-test/target/test-classes/webapps/ozoneManager/,AVAILABLE}{file:/github/workspace/mnt/ozone/hadoop-ozone/integration-test/target/test-classes/webapps/ozoneManager}
2021-01-13 14:09:56,424 [Listener at 127.0.0.1/10222] INFO  server.AbstractConnector (AbstractConnector.java:doStart(331)) - Started ServerConnector@7ae03dc3{HTTP/1.1, (http/1.1)}{0.0.0.0:10224}
2021-01-13 14:09:56,425 [Listener at 127.0.0.1/10222] INFO  server.Server (Server.java:doStart(415)) - Started @9781ms
2021-01-13 14:09:56,425 [Listener at 127.0.0.1/10222] WARN  impl.MetricsSystemImpl (MetricsSystemImpl.java:register(276)) - Sink prometheus already exists!
2021-01-13 14:09:56,427 [Listener at 127.0.0.1/10222] INFO  http.BaseHttpServer (BaseHttpServer.java:updateConnectorAddress(327)) - HTTP server of ozoneManager listening at http://0.0.0.0:10224
2021-01-13 14:09:56,430 [IPC Server Responder] INFO  ipc.Server (Server.java:run(1460)) - IPC Server Responder: starting
2021-01-13 14:09:56,434 [IPC Server listener on 10222] INFO  ipc.Server (Server.java:run(1298)) - IPC Server listener on 10222: starting
2021-01-13 14:09:56,437 [Listener at 127.0.0.1/10222] INFO  om.OzoneManager (OzoneManager.java:startTrashEmptier(1281)) - Trash Interval set to 0. Files deleted will not move to trash
2021-01-13 14:09:56,439 [Listener at 127.0.0.1/10222] INFO  ozone.MiniOzoneHAClusterImpl (MiniOzoneHAClusterImpl.java:createOMService(380)) - Started OzoneManager RPC server at localhost/127.0.0.1:10222
2021-01-13 14:09:56,439 [org.apache.hadoop.util.JvmPauseMonitor$Monitor@6abc87de] INFO  util.JvmPauseMonitor (JvmPauseMonitor.java:run(188)) - Starting JVM pause monitor
2021-01-13 14:09:56,441 [Listener at 127.0.0.1/10222] WARN  server.ServerUtils (ServerUtils.java:getDBPath(225)) - ozone.om.db.dirs is not configured. We recommend adding this setting. Falling back to ozone.metadata.dirs instead.
2021-01-13 14:09:56,443 [Listener at 127.0.0.1/10222] INFO  ha.OMHANodeDetails (OMHANodeDetails.java:loadOMHAConfig(110)) - ServiceID for OzoneManager is om-service-test1
2021-01-13 14:09:56,444 [Listener at 127.0.0.1/10222] INFO  ha.OMHANodeDetails (OMHANodeDetails.java:loadOMHAConfig(186)) - Found matching OM address with OMServiceId: om-service-test1, OMNodeId: omNode-3, RPC Address: localhost:10228 and Ratis port: 10232
2021-01-13 14:09:56,444 [Listener at 127.0.0.1/10222] INFO  ha.OMHANodeDetails (OMHANodeDetails.java:setOMNodeSpecificConfigs(311)) - Setting configuration key ozone.om.http-address with value of key ozone.om.http-address.omNode-3: 127.0.0.1:10230
2021-01-13 14:09:56,444 [Listener at 127.0.0.1/10222] INFO  ha.OMHANodeDetails (OMHANodeDetails.java:setOMNodeSpecificConfigs(311)) - Setting configuration key ozone.om.https-address with value of key ozone.om.https-address.omNode-3: 127.0.0.1:10231
2021-01-13 14:09:56,444 [Listener at 127.0.0.1/10222] INFO  ha.OMHANodeDetails (OMHANodeDetails.java:setOMNodeSpecificConfigs(311)) - Setting configuration key ozone.om.address with value of key ozone.om.address.omNode-3: 127.0.0.1:10228
2021-01-13 14:09:56,444 [Listener at 127.0.0.1/10222] WARN  server.ServerUtils (ServerUtils.java:getDBPath(225)) - ozone.om.db.dirs is not configured. We recommend adding this setting. Falling back to ozone.metadata.dirs instead.
2021-01-13 14:09:56,444 [Listener at 127.0.0.1/10222] WARN  server.ServerUtils (ServerUtils.java:getDBPath(225)) - ozone.om.db.dirs is not configured. We recommend adding this setting. Falling back to ozone.metadata.dirs instead.
2021-01-13 14:09:56,447 [Listener at 127.0.0.1/10222] WARN  server.ServerUtils (ServerUtils.java:getDBPath(225)) - ozone.om.db.dirs is not configured. We recommend adding this setting. Falling back to ozone.metadata.dirs instead.
2021-01-13 14:09:56,448 [Listener at 127.0.0.1/10222] INFO  codec.OmKeyInfoCodec (OmKeyInfoCodec.java:<init>(41)) - OmKeyInfoCodec ignorePipeline = true
2021-01-13 14:09:56,448 [Listener at 127.0.0.1/10222] INFO  codec.RepeatedOmKeyInfoCodec (RepeatedOmKeyInfoCodec.java:<init>(40)) - RepeatedOmKeyInfoCodec ignorePipeline = true
2021-01-13 14:09:56,494 [Listener at 127.0.0.1/10222] INFO  om.OzoneManager (OzoneManager.java:addS3GVolumeToDB(3738)) - Created Volume s3v With Owner jenkins1001 required for S3Gateway operations.
2021-01-13 14:09:56,494 [Listener at 127.0.0.1/10222] WARN  server.ServerUtils (ServerUtils.java:getDefaultRatisDirectory(237)) - Storage directory for Ratis is not configured. It is a good idea to map this to an SSD disk. Falling back to ozone.metadata.dirs
2021-01-13 14:09:56,494 [Listener at 127.0.0.1/10222] WARN  ratis.OzoneManagerRatisServer (OzoneManagerRatisServer.java:getOMRatisSnapshotDirectory(638)) - ozone.om.ratis.snapshot.dir is not configured. Falling back to ozone.metadata.dirs config
2021-01-13 14:09:56,495 [Listener at 127.0.0.1/10222] INFO  snapshot.OzoneManagerSnapshotProvider (OzoneManagerSnapshotProvider.java:<init>(77)) - Initializing OM Snapshot Provider
2021-01-13 14:09:56,496 [Listener at 127.0.0.1/10222] WARN  server.ServerUtils (ServerUtils.java:getDefaultRatisDirectory(237)) - Storage directory for Ratis is not configured. It is a good idea to map this to an SSD disk. Falling back to ozone.metadata.dirs
2021-01-13 14:09:56,498 [Listener at 127.0.0.1/10222] INFO  ratis.OzoneManagerRatisServer (OzoneManagerRatisServer.java:<init>(280)) - Instantiating OM Ratis server with GroupID: om-service-test1 and Raft Peers: localhost:10232, localhost:10220, localhost:10226
2021-01-13 14:09:56,498 [Listener at 127.0.0.1/10222] INFO  ratis.OzoneManagerStateMachine (OzoneManagerStateMachine.java:loadSnapshotInfoFromDB(518)) - LastAppliedIndex is set from TransactionInfo from OM DB as (t:0, i:~)
2021-01-13 14:09:56,498 [Listener at 127.0.0.1/10222] INFO  server.RaftServer (ConfUtils.java:logGet(44)) - raft.rpc.type = GRPC (default)
2021-01-13 14:09:56,498 [Listener at 127.0.0.1/10222] INFO  grpc.GrpcFactory (GrpcFactory.java:checkPooledByteBufAllocatorUseCacheForAllThreads(48)) - PERFORMANCE WARNING: useCacheForAllThreads is true that may cause Netty to create a lot garbage objects and, as a result, trigger GC.
	It is recommended to disable useCacheForAllThreads by setting -Dorg.apache.ratis.thirdparty.io.netty.allocator.useCacheForAllThreads=false in command line.
2021-01-13 14:09:56,498 [Listener at 127.0.0.1/10222] INFO  grpc.GrpcConfigKeys (ConfUtils.java:logGet(44)) - raft.grpc.server.port = 10232 (custom)
2021-01-13 14:09:56,499 [Listener at 127.0.0.1/10222] INFO  server.GrpcService (ConfUtils.java:logGet(44)) - raft.grpc.message.size.max = 33554432 (custom)
2021-01-13 14:09:56,499 [Listener at 127.0.0.1/10222] INFO  server.RaftServerConfigKeys (ConfUtils.java:logGet(44)) - raft.server.log.appender.buffer.byte-limit = 33554432 (custom)
2021-01-13 14:09:56,499 [Listener at 127.0.0.1/10222] INFO  server.GrpcService (ConfUtils.java:logGet(44)) - raft.grpc.flow.control.window = 1MB (=1048576) (default)
2021-01-13 14:09:56,499 [Listener at 127.0.0.1/10222] INFO  server.RaftServerConfigKeys (ConfUtils.java:logGet(44)) - raft.server.rpc.request.timeout = 3000ms (default)
2021-01-13 14:09:56,500 [Listener at 127.0.0.1/10222] INFO  impl.DataStreamServerImpl (ConfUtils.java:logGet(44)) - raft.datastream.type = DISABLED (default)
2021-01-13 14:09:56,500 [Listener at 127.0.0.1/10222] INFO  server.RaftServerConfigKeys (ConfUtils.java:logGet(44)) - raft.server.rpc.slowness.timeout = 2s (custom)
2021-01-13 14:09:56,500 [Listener at 127.0.0.1/10222] INFO  server.RaftServerConfigKeys (ConfUtils.java:logGet(44)) - raft.server.leaderelection.leader.step-down.wait-time = 10s (default)
2021-01-13 14:09:56,500 [Listener at 127.0.0.1/10222] INFO  server.RaftServerConfigKeys (ConfUtils.java:logGet(44)) - raft.server.storage.dir = [/github/workspace/mnt/ozone/hadoop-ozone/integration-test/target/test-dir/MiniOzoneClusterImpl-9fde871d-63de-45ae-a394-6b80eb19d1dd/omNode-3/ratis] (custom)
2021-01-13 14:09:56,501 [Listener at 127.0.0.1/10222] INFO  server.RaftServer (RaftServerProxy.java:addNew(95)) - omNode-3: addNew group-523986131536:[omNode-3|rpc:localhost:10232|priority:0, omNode-1|rpc:localhost:10220|priority:0, omNode-2|rpc:localhost:10226|priority:0] returns group-523986131536:java.util.concurrent.CompletableFuture@fadce25[Not completed]
2021-01-13 14:09:56,501 [Listener at 127.0.0.1/10222] INFO  om.OzoneManager (OzoneManager.java:initializeRatisServer(1332)) - OzoneManager Ratis server initialized at port 10232
2021-01-13 14:09:56,502 [Listener at 127.0.0.1/10222] INFO  ipc.CallQueueManager (CallQueueManager.java:<init>(84)) - Using callQueue: class java.util.concurrent.LinkedBlockingQueue, queueCapacity: 2000, scheduler: class org.apache.hadoop.ipc.DefaultRpcScheduler, ipcBackoff: false.
2021-01-13 14:09:56,503 [pool-57-thread-1] INFO  server.RaftServer$Division (RaftServerImpl.java:<init>(179)) - omNode-3: new RaftServerImpl for group-523986131536:[omNode-3|rpc:localhost:10232|priority:0, omNode-1|rpc:localhost:10220|priority:0, omNode-2|rpc:localhost:10226|priority:0] with OzoneManagerStateMachine:uninitialized
2021-01-13 14:09:56,503 [pool-57-thread-1] INFO  server.RaftServerConfigKeys (ConfUtils.java:logGet(44)) - raft.server.rpc.timeout.min = 1s (custom)
2021-01-13 14:09:56,504 [pool-57-thread-1] INFO  server.RaftServerConfigKeys (ConfUtils.java:logGet(44)) - raft.server.rpc.timeout.max = 1200ms (custom)
2021-01-13 14:09:56,504 [pool-57-thread-1] INFO  server.RaftServerConfigKeys (ConfUtils.java:logGet(44)) - raft.server.rpc.sleep.time = 25ms (default)
2021-01-13 14:09:56,504 [pool-57-thread-1] INFO  server.RaftServerConfigKeys (ConfUtils.java:logGet(44)) - raft.server.rpc.slowness.timeout = 2s (custom)
2021-01-13 14:09:56,504 [pool-57-thread-1] INFO  server.RaftServerConfigKeys (ConfUtils.java:logGet(44)) - raft.server.leaderelection.leader.step-down.wait-time = 10s (default)
2021-01-13 14:09:56,504 [pool-57-thread-1] INFO  server.RaftServerConfigKeys (ConfUtils.java:logGet(44)) - raft.server.sleep.deviation.threshold = 300ms (default)
2021-01-13 14:09:56,504 [pool-57-thread-1] INFO  server.RaftServerConfigKeys (ConfUtils.java:logGet(44)) - raft.server.log.appender.install.snapshot.enabled = false (custom)
2021-01-13 14:09:56,505 [pool-57-thread-1] INFO  server.RaftServer$Division (ServerState.java:<init>(103)) - omNode-3@group-523986131536: ConfigurationManager, init=-1: [omNode-3|rpc:localhost:10232|priority:0, omNode-1|rpc:localhost:10220|priority:0, omNode-2|rpc:localhost:10226|priority:0], old=null, confs=<EMPTY_MAP>
2021-01-13 14:09:56,505 [pool-57-thread-1] INFO  server.RaftServerConfigKeys (ConfUtils.java:logGet(44)) - raft.server.storage.dir = [/github/workspace/mnt/ozone/hadoop-ozone/integration-test/target/test-dir/MiniOzoneClusterImpl-9fde871d-63de-45ae-a394-6b80eb19d1dd/omNode-3/ratis] (custom)
2021-01-13 14:09:56,505 [pool-57-thread-1] INFO  server.RaftServerConfigKeys (ConfUtils.java:logGet(44)) - raft.server.log.corruption.policy = EXCEPTION (default)
2021-01-13 14:09:56,505 [pool-57-thread-1] INFO  storage.RaftStorageDirectory (RaftStorageDirectoryImpl.java:analyzeStorage(132)) - The storage directory /github/workspace/mnt/ozone/hadoop-ozone/integration-test/target/test-dir/MiniOzoneClusterImpl-9fde871d-63de-45ae-a394-6b80eb19d1dd/omNode-3/ratis/c9bc4cf4-3bc3-3c60-a66b-523986131536 does not exist. Creating ...
2021-01-13 14:09:56,505 [Socket Reader #1 for port 10228] INFO  ipc.Server (Server.java:run(1219)) - Starting Socket Reader #1 for port 10228
2021-01-13 14:09:56,510 [pool-57-thread-1] INFO  storage.RaftStorageDirectory (RaftStorageDirectoryImpl.java:tryLock(215)) - Lock on /github/workspace/mnt/ozone/hadoop-ozone/integration-test/target/test-dir/MiniOzoneClusterImpl-9fde871d-63de-45ae-a394-6b80eb19d1dd/omNode-3/ratis/c9bc4cf4-3bc3-3c60-a66b-523986131536/in_use.lock acquired by nodename 4782@2a0ae80d829d
2021-01-13 14:09:56,523 [pool-57-thread-1] INFO  storage.RaftStorage (RaftStorageImpl.java:format(87)) - Storage directory /github/workspace/mnt/ozone/hadoop-ozone/integration-test/target/test-dir/MiniOzoneClusterImpl-9fde871d-63de-45ae-a394-6b80eb19d1dd/omNode-3/ratis/c9bc4cf4-3bc3-3c60-a66b-523986131536 has been successfully formatted.
2021-01-13 14:09:56,523 [pool-57-thread-1] ERROR storage.RaftStorage (RaftStorageImpl.java:readRaftConfiguration(147)) - Failed reading configuration from file:/github/workspace/mnt/ozone/hadoop-ozone/integration-test/target/test-dir/MiniOzoneClusterImpl-9fde871d-63de-45ae-a394-6b80eb19d1dd/omNode-3/ratis/c9bc4cf4-3bc3-3c60-a66b-523986131536/current/raft-meta.conf
java.io.FileNotFoundException: /github/workspace/mnt/ozone/hadoop-ozone/integration-test/target/test-dir/MiniOzoneClusterImpl-9fde871d-63de-45ae-a394-6b80eb19d1dd/omNode-3/ratis/c9bc4cf4-3bc3-3c60-a66b-523986131536/current/raft-meta.conf (No such file or directory)
	at java.io.FileInputStream.open0(Native Method)
	at java.io.FileInputStream.open(FileInputStream.java:195)
	at java.io.FileInputStream.<init>(FileInputStream.java:138)
	at org.apache.ratis.server.storage.RaftStorageImpl.readRaftConfiguration(RaftStorageImpl.java:143)
	at org.apache.ratis.server.impl.ServerState.<init>(ServerState.java:113)
	at org.apache.ratis.server.impl.RaftServerImpl.<init>(RaftServerImpl.java:192)
	at org.apache.ratis.server.impl.RaftServerProxy.lambda$newRaftServerImpl$4(RaftServerProxy.java:266)
	at java.util.concurrent.CompletableFuture$AsyncSupply.run(CompletableFuture.java:1604)
	at java.util.concurrent.ThreadPoolExecutor.runWorker(ThreadPoolExecutor.java:1149)
	at java.util.concurrent.ThreadPoolExecutor$Worker.run(ThreadPoolExecutor.java:624)
	at java.lang.Thread.run(Thread.java:748)
2021-01-13 14:09:56,523 [pool-57-thread-1] INFO  server.RaftServerConfigKeys (ConfUtils.java:logGet(44)) - raft.server.notification.no-leader.timeout = 2s (custom)
2021-01-13 14:09:56,523 [pool-57-thread-1] INFO  server.RaftServerConfigKeys (ConfUtils.java:logGet(44)) - raft.server.log.use.memory = false (default)
2021-01-13 14:09:56,526 [pool-57-thread-1] INFO  server.RaftServerConfigKeys (ConfUtils.java:logGet(44)) - raft.server.log.purge.gap = 50 (custom)
2021-01-13 14:09:56,526 [pool-57-thread-1] INFO  server.RaftServerConfigKeys (ConfUtils.java:logGet(44)) - raft.server.log.appender.buffer.byte-limit = 33554432 (custom)
2021-01-13 14:09:56,526 [pool-57-thread-1] INFO  metrics.RatisMetrics (RatisMetrics.java:lambda$create$0(36)) - Creating Metrics Registry : ratis.log_worker.omNode-3@group-523986131536
2021-01-13 14:09:56,526 [pool-57-thread-1] INFO  server.RaftServerConfigKeys (ConfUtils.java:logGet(44)) - raft.server.log.segment.size.max = 4194304 (custom)
2021-01-13 14:09:56,527 [pool-57-thread-1] INFO  server.RaftServerConfigKeys (ConfUtils.java:logGet(44)) - raft.server.log.segment.cache.num.max = 2 (custom)
2021-01-13 14:09:56,527 [pool-57-thread-1] INFO  server.RaftServerConfigKeys (ConfUtils.java:logGet(44)) - raft.server.log.segment.cache.size.max = 200MB (=209715200) (default)
2021-01-13 14:09:56,528 [pool-57-thread-1] INFO  segmented.SegmentedRaftLogWorker (SegmentedRaftLogWorker.java:<init>(181)) - new omNode-3@group-523986131536-SegmentedRaftLogWorker for RaftStorageImpl:Storage Directory /github/workspace/mnt/ozone/hadoop-ozone/integration-test/target/test-dir/MiniOzoneClusterImpl-9fde871d-63de-45ae-a394-6b80eb19d1dd/omNode-3/ratis/c9bc4cf4-3bc3-3c60-a66b-523986131536
2021-01-13 14:09:56,528 [pool-57-thread-1] INFO  server.RaftServerConfigKeys (ConfUtils.java:logGet(44)) - raft.server.log.queue.byte-limit = 64MB (=67108864) (default)
2021-01-13 14:09:56,528 [pool-57-thread-1] INFO  server.RaftServerConfigKeys (ConfUtils.java:logGet(44)) - raft.server.log.queue.element-limit = 4096 (default)
2021-01-13 14:09:56,528 [pool-57-thread-1] INFO  server.RaftServerConfigKeys (ConfUtils.java:logGet(44)) - raft.server.log.segment.size.max = 4194304 (custom)
2021-01-13 14:09:56,528 [pool-57-thread-1] INFO  server.RaftServerConfigKeys (ConfUtils.java:logGet(44)) - raft.server.log.preallocated.size = 4194304 (custom)
2021-01-13 14:09:56,528 [pool-57-thread-1] INFO  server.RaftServerConfigKeys (ConfUtils.java:logGet(44)) - raft.server.log.force.sync.num = 128 (default)
2021-01-13 14:09:56,528 [pool-57-thread-1] INFO  server.RaftServerConfigKeys (ConfUtils.java:logGet(44)) - raft.server.log.statemachine.data.sync = true (default)
2021-01-13 14:09:56,528 [pool-57-thread-1] INFO  server.RaftServerConfigKeys (ConfUtils.java:logGet(44)) - raft.server.log.statemachine.data.sync.timeout = 10s (default)
2021-01-13 14:09:56,528 [pool-57-thread-1] INFO  server.RaftServerConfigKeys (ConfUtils.java:logGet(44)) - raft.server.log.statemachine.data.sync.timeout.retry = -1 (default)
2021-01-13 14:09:56,529 [pool-57-thread-1] INFO  server.RaftServerConfigKeys (ConfUtils.java:logGet(44)) - raft.server.log.write.buffer.size = 64KB (=65536) (default)
2021-01-13 14:09:56,529 [pool-57-thread-1] INFO  server.RaftServerConfigKeys (ConfUtils.java:logGet(44)) - raft.server.log.statemachine.data.caching.enabled = false (default)
2021-01-13 14:09:56,530 [pool-57-thread-1] INFO  segmented.SegmentedRaftLogWorker (SegmentedRaftLogWorker.java:lambda$new$0(132)) - omNode-3@group-523986131536-SegmentedRaftLogWorker: flushIndex: setUnconditionally 0 -> -1
2021-01-13 14:09:56,530 [pool-57-thread-1] INFO  segmented.SegmentedRaftLogWorker (SegmentedRaftLogWorker.java:lambda$new$0(132)) - omNode-3@group-523986131536-SegmentedRaftLogWorker: safeCacheEvictIndex: setUnconditionally 0 -> -1
2021-01-13 14:09:56,534 [pool-57-thread-1] INFO  server.RaftServerConfigKeys (ConfUtils.java:logGet(44)) - raft.server.snapshot.auto.trigger.enabled = true (custom)
2021-01-13 14:09:56,535 [pool-57-thread-1] INFO  server.RaftServerConfigKeys (ConfUtils.java:logGet(44)) - raft.server.snapshot.auto.trigger.threshold = 50 (custom)
2021-01-13 14:09:56,535 [pool-57-thread-1] INFO  server.RaftServerConfigKeys (ConfUtils.java:logGet(44)) - raft.server.snapshot.retention.file.num = -1 (default)
2021-01-13 14:09:56,535 [pool-57-thread-1] INFO  server.RaftServerConfigKeys (ConfUtils.java:logGet(44)) - raft.server.log.purge.upto.snapshot.index = true (custom)
2021-01-13 14:09:56,535 [pool-57-thread-1] INFO  server.RaftServerConfigKeys (ConfUtils.java:logGet(44)) - raft.server.retrycache.expirytime = 300s (custom)
2021-01-13 14:09:56,535 [pool-57-thread-1] INFO  server.RaftServerConfigKeys (ConfUtils.java:logGet(44)) - raft.server.retrycache.statistics.expirytime = 100?s (default)
2021-01-13 14:09:56,535 [pool-57-thread-1] INFO  metrics.RatisMetrics (RatisMetrics.java:lambda$create$0(36)) - Creating Metrics Registry : ratis.leader_election.omNode-3@group-523986131536
2021-01-13 14:09:56,536 [pool-57-thread-1] INFO  metrics.RatisMetrics (RatisMetrics.java:lambda$create$0(36)) - Creating Metrics Registry : ratis.server.omNode-3@group-523986131536
2021-01-13 14:09:56,541 [Listener at 127.0.0.1/10228] INFO  ozone.MiniOzoneHAClusterImpl (MiniOzoneHAClusterImpl.java:createOMService(384)) - Intialized OzoneManager at localhost/127.0.0.1:10228. This OM is currently inactive (not running).
2021-01-13 14:09:56,682 [Listener at 127.0.0.1/10228] INFO  impl.MetricsSystemImpl (MetricsSystemImpl.java:init(158)) - HddsDatanode metrics system started (again)
2021-01-13 14:09:56,687 [Listener at 127.0.0.1/10228] INFO  ozone.HddsDatanodeService (HddsDatanodeService.java:start(215)) - HddsDatanodeService host:2a0ae80d829d ip:172.17.0.2
2021-01-13 14:09:56,748 [Listener at 127.0.0.1/10228] INFO  volume.HddsVolume (HddsVolume.java:<init>(176)) - Creating Volume: /github/workspace/mnt/ozone/hadoop-ozone/integration-test/target/test-dir/MiniOzoneClusterImpl-9fde871d-63de-45ae-a394-6b80eb19d1dd/datanode-0/data-0/containers/hdds of storage type : DISK and capacity : 9223372036854775807
2021-01-13 14:09:56,750 [Listener at 127.0.0.1/10228] INFO  volume.MutableVolumeSet (MutableVolumeSet.java:initializeVolumeSet(179)) - Added Volume : /github/workspace/mnt/ozone/hadoop-ozone/integration-test/target/test-dir/MiniOzoneClusterImpl-9fde871d-63de-45ae-a394-6b80eb19d1dd/datanode-0/data-0/containers/hdds to VolumeSet
2021-01-13 14:09:56,751 [Listener at 127.0.0.1/10228] INFO  volume.ThrottledAsyncChecker (ThrottledAsyncChecker.java:schedule(141)) - Scheduling a check for /github/workspace/mnt/ozone/hadoop-ozone/integration-test/target/test-dir/MiniOzoneClusterImpl-9fde871d-63de-45ae-a394-6b80eb19d1dd/datanode-0/data-0/containers/hdds
2021-01-13 14:09:56,771 [Listener at 127.0.0.1/10228] INFO  volume.HddsVolumeChecker (HddsVolumeChecker.java:checkAllVolumes(200)) - Scheduled health check for volume /github/workspace/mnt/ozone/hadoop-ozone/integration-test/target/test-dir/MiniOzoneClusterImpl-9fde871d-63de-45ae-a394-6b80eb19d1dd/datanode-0/data-0/containers/hdds
2021-01-13 14:09:56,792 [Thread-191] INFO  ozoneimpl.ContainerReader (ContainerReader.java:readVolume(123)) - Start to verify containers on volume /github/workspace/mnt/ozone/hadoop-ozone/integration-test/target/test-dir/MiniOzoneClusterImpl-9fde871d-63de-45ae-a394-6b80eb19d1dd/datanode-0/data-0/containers/hdds
2021-01-13 14:09:56,792 [Thread-191] INFO  ozoneimpl.ContainerReader (ContainerReader.java:readVolume(148)) - Finish verifying containers on volume /github/workspace/mnt/ozone/hadoop-ozone/integration-test/target/test-dir/MiniOzoneClusterImpl-9fde871d-63de-45ae-a394-6b80eb19d1dd/datanode-0/data-0/containers/hdds
2021-01-13 14:09:56,792 [Listener at 127.0.0.1/10228] INFO  ozoneimpl.OzoneContainer (OzoneContainer.java:buildContainerSet(206)) - Build ContainerSet costs 0s
2021-01-13 14:09:56,856 [Listener at 127.0.0.1/10228] INFO  server.RaftServer (ConfUtils.java:logGet(44)) - raft.rpc.type = GRPC (default)
2021-01-13 14:09:56,856 [Listener at 127.0.0.1/10228] INFO  grpc.GrpcFactory (GrpcFactory.java:checkPooledByteBufAllocatorUseCacheForAllThreads(48)) - PERFORMANCE WARNING: useCacheForAllThreads is true that may cause Netty to create a lot garbage objects and, as a result, trigger GC.
	It is recommended to disable useCacheForAllThreads by setting -Dorg.apache.ratis.thirdparty.io.netty.allocator.useCacheForAllThreads=false in command line.
2021-01-13 14:09:56,857 [Listener at 127.0.0.1/10228] INFO  grpc.GrpcConfigKeys (ConfUtils.java:logGet(44)) - raft.grpc.server.port = 0 (default)
2021-01-13 14:09:56,857 [Listener at 127.0.0.1/10228] INFO  server.GrpcService (ConfUtils.java:logGet(44)) - raft.grpc.message.size.max = 32MB (=33554432) (custom)
2021-01-13 14:09:56,857 [Listener at 127.0.0.1/10228] INFO  server.RaftServerConfigKeys (ConfUtils.java:logGet(44)) - raft.server.log.appender.buffer.byte-limit = 33554432 (custom)
2021-01-13 14:09:56,857 [Listener at 127.0.0.1/10228] INFO  server.GrpcService (ConfUtils.java:logGet(44)) - raft.grpc.flow.control.window = 5MB (=5242880) (custom)
2021-01-13 14:09:56,857 [Listener at 127.0.0.1/10228] INFO  server.RaftServerConfigKeys (ConfUtils.java:logGet(44)) - raft.server.rpc.request.timeout = 60s (custom)
2021-01-13 14:09:56,858 [Listener at 127.0.0.1/10228] INFO  impl.DataStreamServerImpl (ConfUtils.java:logGet(44)) - raft.datastream.type = DISABLED (default)
2021-01-13 14:09:56,859 [Listener at 127.0.0.1/10228] INFO  server.RaftServerConfigKeys (ConfUtils.java:logGet(44)) - raft.server.rpc.slowness.timeout = 300s (custom)
2021-01-13 14:09:56,859 [Listener at 127.0.0.1/10228] INFO  server.RaftServerConfigKeys (ConfUtils.java:logGet(44)) - raft.server.leaderelection.leader.step-down.wait-time = 10s (default)
2021-01-13 14:09:56,859 [Listener at 127.0.0.1/10228] INFO  server.RaftServerConfigKeys (ConfUtils.java:logGet(44)) - raft.server.storage.dir = [/github/workspace/mnt/ozone/hadoop-ozone/integration-test/target/test-dir/MiniOzoneClusterImpl-9fde871d-63de-45ae-a394-6b80eb19d1dd/datanode-0/data/ratis] (custom)
2021-01-13 14:09:56,919 [Listener at 127.0.0.1/10228] INFO  http.BaseHttpServer (BaseHttpServer.java:newHttpServer2BuilderForOzone(207)) - Starting Web-server for hddsDatanode at: http://0.0.0.0:0
2021-01-13 14:09:56,919 [Listener at 127.0.0.1/10228] INFO  http.BaseHttpServer (BaseHttpServer.java:<init>(106)) - Hadoop Security Enabled: false Ozone Security Enabled: false Ozone HTTP Security Enabled: false 
2021-01-13 14:09:56,921 [Listener at 127.0.0.1/10228] INFO  server.AuthenticationFilter (AuthenticationFilter.java:constructSecretProvider(240)) - Unable to initialize FileSignerSecretProvider, falling back to use random secrets.
2021-01-13 14:09:56,921 [Listener at 127.0.0.1/10228] WARN  http.HttpRequestLog (HttpRequestLog.java:getRequestLog(103)) - Jetty request log can only be enabled using Log4j
2021-01-13 14:09:56,922 [Listener at 127.0.0.1/10228] INFO  http.HttpServer2 (HttpServer2.java:addGlobalFilter(1020)) - Added global filter 'safety' (class=org.apache.hadoop.hdds.server.http.HttpServer2$QuotingInputFilter)
2021-01-13 14:09:56,923 [Listener at 127.0.0.1/10228] INFO  http.HttpServer2 (HttpServer2.java:addFilter(996)) - Added filter static_user_filter (class=org.apache.hadoop.http.lib.StaticUserWebFilter$StaticUserFilter) to context hddsDatanode
2021-01-13 14:09:56,923 [Listener at 127.0.0.1/10228] INFO  http.HttpServer2 (HttpServer2.java:addFilter(1004)) - Added filter static_user_filter (class=org.apache.hadoop.http.lib.StaticUserWebFilter$StaticUserFilter) to context logs
2021-01-13 14:09:56,923 [Listener at 127.0.0.1/10228] INFO  http.HttpServer2 (HttpServer2.java:addFilter(1004)) - Added filter static_user_filter (class=org.apache.hadoop.http.lib.StaticUserWebFilter$StaticUserFilter) to context static
2021-01-13 14:09:56,924 [Listener at 127.0.0.1/10228] INFO  http.HttpServer2 (HttpServer2.java:bindListener(1238)) - Jetty bound to port 38709
2021-01-13 14:09:56,924 [Listener at 127.0.0.1/10228] INFO  server.Server (Server.java:doStart(375)) - jetty-9.4.34.v20201102; built: 2020-11-02T14:15:39.302Z; git: e46af88704a893fc12cb0e3bf46e2c7b48a009e7; jvm 1.8.0_232-b09
2021-01-13 14:09:56,959 [Thread-126] INFO  impl.FollowerState (FollowerState.java:run(133)) - omNode-1@group-523986131536-FollowerState: change to CANDIDATE, lastRpcElapsedTime:1049804485ns, electionTimeout:1049ms
2021-01-13 14:09:56,959 [Thread-126] INFO  impl.RoleInfo (RoleInfo.java:shutdownFollowerState(108)) - omNode-1: shutdown omNode-1@group-523986131536-FollowerState
2021-01-13 14:09:56,959 [Thread-126] INFO  server.RaftServer$Division (RaftServerImpl.java:setRole(283)) - omNode-1@group-523986131536: changes role from  FOLLOWER to CANDIDATE at term 0 for changeToCandidate
2021-01-13 14:09:56,962 [Listener at 127.0.0.1/10228] INFO  server.session (DefaultSessionIdManager.java:doStart(334)) - DefaultSessionIdManager workerName=node0
2021-01-13 14:09:56,962 [Listener at 127.0.0.1/10228] INFO  server.session (DefaultSessionIdManager.java:doStart(339)) - No SessionScavenger set, using defaults
2021-01-13 14:09:56,963 [Listener at 127.0.0.1/10228] INFO  server.session (HouseKeeper.java:startScavenging(132)) - node0 Scavenging every 600000ms
2021-01-13 14:09:56,964 [Listener at 127.0.0.1/10228] INFO  handler.ContextHandler (ContextHandler.java:doStart(916)) - Started o.e.j.s.ServletContextHandler@37eff0af{logs,/logs,file:///github/workspace/mnt/ozone/hadoop-ozone/integration-test/target/log,AVAILABLE}
2021-01-13 14:09:56,964 [Listener at 127.0.0.1/10228] INFO  handler.ContextHandler (ContextHandler.java:doStart(916)) - Started o.e.j.s.ServletContextHandler@79113a98{static,/static,jar:file:/home/user/.m2/repository/org/apache/hadoop/hadoop-hdds-container-service/1.1.0-SNAPSHOT/hadoop-hdds-container-service-1.1.0-SNAPSHOT.jar!/webapps/static,AVAILABLE}
2021-01-13 14:09:56,970 [Thread-126] INFO  impl.RoleInfo (RoleInfo.java:updateAndGet(130)) - omNode-1: start omNode-1@group-523986131536-LeaderElection5
2021-01-13 14:09:56,985 [omNode-1@group-523986131536-LeaderElection5] INFO  impl.LeaderElection (LeaderElection.java:askForPreVotes(259)) - omNode-1@group-523986131536-LeaderElection5: begin a pre-vote at term 0 for -1: [omNode-3|rpc:localhost:10232|priority:0, omNode-1|rpc:localhost:10220|priority:0, omNode-2|rpc:localhost:10226|priority:0], old=null
2021-01-13 14:09:57,010 [omNode-1@group-523986131536-LeaderElection5] INFO  impl.LeaderElection (LogUtils.java:infoOrTrace(137)) - omNode-1@group-523986131536-LeaderElection5 got exception when requesting votes: java.util.concurrent.ExecutionException: org.apache.ratis.thirdparty.io.grpc.StatusRuntimeException: UNAVAILABLE: io exception
2021-01-13 14:09:57,014 [omNode-1@group-523986131536-LeaderElection5] INFO  impl.LeaderElection (LogUtils.java:infoOrTrace(137)) - omNode-1@group-523986131536-LeaderElection5 got exception when requesting votes: java.util.concurrent.ExecutionException: org.apache.ratis.thirdparty.io.grpc.StatusRuntimeException: UNAVAILABLE: io exception
2021-01-13 14:09:57,014 [omNode-1@group-523986131536-LeaderElection5] INFO  impl.LeaderElection (LeaderElection.java:logAndReturn(68)) - omNode-1@group-523986131536-LeaderElection5: Pre-vote  REJECTED received 0 response(s):[]
2021-01-13 14:09:57,014 [omNode-1@group-523986131536-LeaderElection5] INFO  impl.LeaderElection (LogUtils.java:infoOrTrace(137)) -   Exception 0: java.util.concurrent.ExecutionException: org.apache.ratis.thirdparty.io.grpc.StatusRuntimeException: UNAVAILABLE: io exception
2021-01-13 14:09:57,014 [omNode-1@group-523986131536-LeaderElection5] INFO  impl.LeaderElection (LogUtils.java:infoOrTrace(137)) -   Exception 1: java.util.concurrent.ExecutionException: org.apache.ratis.thirdparty.io.grpc.StatusRuntimeException: UNAVAILABLE: io exception
2021-01-13 14:09:57,014 [omNode-1@group-523986131536-LeaderElection5] INFO  impl.LeaderElection (LeaderElection.java:askForPreVotes(261)) - omNode-1@group-523986131536-LeaderElection5 pre-vote result is REJECTED.
2021-01-13 14:09:57,016 [omNode-1@group-523986131536-LeaderElection5] INFO  server.RaftServer$Division (RaftServerImpl.java:setRole(283)) - omNode-1@group-523986131536: changes role from CANDIDATE to FOLLOWER at term 0 for REJECTED
2021-01-13 14:09:57,016 [omNode-1@group-523986131536-LeaderElection5] INFO  impl.RoleInfo (RoleInfo.java:shutdownLeaderElection(121)) - omNode-1: shutdown omNode-1@group-523986131536-LeaderElection5
2021-01-13 14:09:57,016 [omNode-1@group-523986131536-LeaderElection5] INFO  impl.RoleInfo (RoleInfo.java:updateAndGet(130)) - omNode-1: start omNode-1@group-523986131536-FollowerState
2021-01-13 14:09:57,148 [Listener at 127.0.0.1/10228] INFO  handler.ContextHandler (ContextHandler.java:doStart(916)) - Started o.e.j.w.WebAppContext@82a3a05{hddsDatanode,/,file:///tmp/jetty-0_0_0_0-38709-hadoop-hdds-container-service-1_1_0-SNAPSHOT_jar-_-any-5734836099646561122/webapp/,AVAILABLE}{jar:file:/home/user/.m2/repository/org/apache/hadoop/hadoop-hdds-container-service/1.1.0-SNAPSHOT/hadoop-hdds-container-service-1.1.0-SNAPSHOT.jar!/webapps/hddsDatanode}
2021-01-13 14:09:57,152 [Listener at 127.0.0.1/10228] INFO  server.AbstractConnector (AbstractConnector.java:doStart(331)) - Started ServerConnector@136507d2{HTTP/1.1, (http/1.1)}{0.0.0.0:38709}
2021-01-13 14:09:57,152 [Listener at 127.0.0.1/10228] INFO  server.Server (Server.java:doStart(415)) - Started @10509ms
2021-01-13 14:09:57,152 [Listener at 127.0.0.1/10228] WARN  impl.MetricsSystemImpl (MetricsSystemImpl.java:register(276)) - Sink prometheus already exists!
2021-01-13 14:09:57,161 [Listener at 127.0.0.1/10228] INFO  http.BaseHttpServer (BaseHttpServer.java:updateConnectorAddress(327)) - HTTP server of hddsDatanode listening at http://0.0.0.0:38709
2021-01-13 14:09:57,167 [Listener at 127.0.0.1/10228] INFO  impl.MetricsSystemImpl (MetricsSystemImpl.java:init(158)) - HddsDatanode metrics system started (again)
2021-01-13 14:09:57,169 [Listener at 127.0.0.1/10228] INFO  ozone.HddsDatanodeService (HddsDatanodeService.java:start(215)) - HddsDatanodeService host:2a0ae80d829d ip:172.17.0.2
2021-01-13 14:09:57,171 [Listener at 127.0.0.1/10228] INFO  volume.HddsVolume (HddsVolume.java:<init>(176)) - Creating Volume: /github/workspace/mnt/ozone/hadoop-ozone/integration-test/target/test-dir/MiniOzoneClusterImpl-9fde871d-63de-45ae-a394-6b80eb19d1dd/datanode-1/data-0/containers/hdds of storage type : DISK and capacity : 9223372036854775807
2021-01-13 14:09:57,171 [Listener at 127.0.0.1/10228] INFO  volume.MutableVolumeSet (MutableVolumeSet.java:initializeVolumeSet(179)) - Added Volume : /github/workspace/mnt/ozone/hadoop-ozone/integration-test/target/test-dir/MiniOzoneClusterImpl-9fde871d-63de-45ae-a394-6b80eb19d1dd/datanode-1/data-0/containers/hdds to VolumeSet
2021-01-13 14:09:57,171 [Listener at 127.0.0.1/10228] INFO  volume.ThrottledAsyncChecker (ThrottledAsyncChecker.java:schedule(141)) - Scheduling a check for /github/workspace/mnt/ozone/hadoop-ozone/integration-test/target/test-dir/MiniOzoneClusterImpl-9fde871d-63de-45ae-a394-6b80eb19d1dd/datanode-1/data-0/containers/hdds
2021-01-13 14:09:57,172 [Listener at 127.0.0.1/10228] INFO  volume.HddsVolumeChecker (HddsVolumeChecker.java:checkAllVolumes(200)) - Scheduled health check for volume /github/workspace/mnt/ozone/hadoop-ozone/integration-test/target/test-dir/MiniOzoneClusterImpl-9fde871d-63de-45ae-a394-6b80eb19d1dd/datanode-1/data-0/containers/hdds
2021-01-13 14:09:57,192 [org.apache.hadoop.util.JvmPauseMonitor$Monitor@718e9131] INFO  util.JvmPauseMonitor (JvmPauseMonitor.java:run(188)) - Starting JVM pause monitor
2021-01-13 14:09:57,200 [Thread-206] INFO  ozoneimpl.ContainerReader (ContainerReader.java:readVolume(123)) - Start to verify containers on volume /github/workspace/mnt/ozone/hadoop-ozone/integration-test/target/test-dir/MiniOzoneClusterImpl-9fde871d-63de-45ae-a394-6b80eb19d1dd/datanode-1/data-0/containers/hdds
2021-01-13 14:09:57,200 [Thread-206] INFO  ozoneimpl.ContainerReader (ContainerReader.java:readVolume(148)) - Finish verifying containers on volume /github/workspace/mnt/ozone/hadoop-ozone/integration-test/target/test-dir/MiniOzoneClusterImpl-9fde871d-63de-45ae-a394-6b80eb19d1dd/datanode-1/data-0/containers/hdds
2021-01-13 14:09:57,200 [Listener at 127.0.0.1/10228] INFO  ozoneimpl.OzoneContainer (OzoneContainer.java:buildContainerSet(206)) - Build ContainerSet costs 0s
2021-01-13 14:09:57,203 [Listener at 127.0.0.1/10228] INFO  server.RaftServer (ConfUtils.java:logGet(44)) - raft.rpc.type = GRPC (default)
2021-01-13 14:09:57,203 [Listener at 127.0.0.1/10228] INFO  grpc.GrpcFactory (GrpcFactory.java:checkPooledByteBufAllocatorUseCacheForAllThreads(48)) - PERFORMANCE WARNING: useCacheForAllThreads is true that may cause Netty to create a lot garbage objects and, as a result, trigger GC.
	It is recommended to disable useCacheForAllThreads by setting -Dorg.apache.ratis.thirdparty.io.netty.allocator.useCacheForAllThreads=false in command line.
2021-01-13 14:09:57,204 [Listener at 127.0.0.1/10228] INFO  grpc.GrpcConfigKeys (ConfUtils.java:logGet(44)) - raft.grpc.server.port = 0 (default)
2021-01-13 14:09:57,204 [Listener at 127.0.0.1/10228] INFO  server.GrpcService (ConfUtils.java:logGet(44)) - raft.grpc.message.size.max = 32MB (=33554432) (custom)
2021-01-13 14:09:57,204 [Listener at 127.0.0.1/10228] INFO  server.RaftServerConfigKeys (ConfUtils.java:logGet(44)) - raft.server.log.appender.buffer.byte-limit = 33554432 (custom)
2021-01-13 14:09:57,204 [Listener at 127.0.0.1/10228] INFO  server.GrpcService (ConfUtils.java:logGet(44)) - raft.grpc.flow.control.window = 5MB (=5242880) (custom)
2021-01-13 14:09:57,204 [Listener at 127.0.0.1/10228] INFO  server.RaftServerConfigKeys (ConfUtils.java:logGet(44)) - raft.server.rpc.request.timeout = 60s (custom)
2021-01-13 14:09:57,205 [Listener at 127.0.0.1/10228] INFO  impl.DataStreamServerImpl (ConfUtils.java:logGet(44)) - raft.datastream.type = DISABLED (default)
2021-01-13 14:09:57,205 [Listener at 127.0.0.1/10228] INFO  server.RaftServerConfigKeys (ConfUtils.java:logGet(44)) - raft.server.rpc.slowness.timeout = 300s (custom)
2021-01-13 14:09:57,205 [Listener at 127.0.0.1/10228] INFO  server.RaftServerConfigKeys (ConfUtils.java:logGet(44)) - raft.server.leaderelection.leader.step-down.wait-time = 10s (default)
2021-01-13 14:09:57,205 [Listener at 127.0.0.1/10228] INFO  server.RaftServerConfigKeys (ConfUtils.java:logGet(44)) - raft.server.storage.dir = [/github/workspace/mnt/ozone/hadoop-ozone/integration-test/target/test-dir/MiniOzoneClusterImpl-9fde871d-63de-45ae-a394-6b80eb19d1dd/datanode-1/data/ratis] (custom)
2021-01-13 14:09:57,272 [Listener at 127.0.0.1/10228] INFO  http.BaseHttpServer (BaseHttpServer.java:newHttpServer2BuilderForOzone(207)) - Starting Web-server for hddsDatanode at: http://0.0.0.0:0
2021-01-13 14:09:57,272 [Listener at 127.0.0.1/10228] INFO  http.BaseHttpServer (BaseHttpServer.java:<init>(106)) - Hadoop Security Enabled: false Ozone Security Enabled: false Ozone HTTP Security Enabled: false 
2021-01-13 14:09:57,273 [Listener at 127.0.0.1/10228] INFO  server.AuthenticationFilter (AuthenticationFilter.java:constructSecretProvider(240)) - Unable to initialize FileSignerSecretProvider, falling back to use random secrets.
2021-01-13 14:09:57,277 [Listener at 127.0.0.1/10228] WARN  http.HttpRequestLog (HttpRequestLog.java:getRequestLog(103)) - Jetty request log can only be enabled using Log4j
2021-01-13 14:09:57,277 [Listener at 127.0.0.1/10228] INFO  http.HttpServer2 (HttpServer2.java:addGlobalFilter(1020)) - Added global filter 'safety' (class=org.apache.hadoop.hdds.server.http.HttpServer2$QuotingInputFilter)
2021-01-13 14:09:57,278 [Listener at 127.0.0.1/10228] INFO  http.HttpServer2 (HttpServer2.java:addFilter(996)) - Added filter static_user_filter (class=org.apache.hadoop.http.lib.StaticUserWebFilter$StaticUserFilter) to context hddsDatanode
2021-01-13 14:09:57,278 [Listener at 127.0.0.1/10228] INFO  http.HttpServer2 (HttpServer2.java:addFilter(1004)) - Added filter static_user_filter (class=org.apache.hadoop.http.lib.StaticUserWebFilter$StaticUserFilter) to context static
2021-01-13 14:09:57,279 [Listener at 127.0.0.1/10228] INFO  http.HttpServer2 (HttpServer2.java:addFilter(1004)) - Added filter static_user_filter (class=org.apache.hadoop.http.lib.StaticUserWebFilter$StaticUserFilter) to context logs
2021-01-13 14:09:57,279 [Listener at 127.0.0.1/10228] INFO  http.HttpServer2 (HttpServer2.java:bindListener(1238)) - Jetty bound to port 42223
2021-01-13 14:09:57,279 [Listener at 127.0.0.1/10228] INFO  server.Server (Server.java:doStart(375)) - jetty-9.4.34.v20201102; built: 2020-11-02T14:15:39.302Z; git: e46af88704a893fc12cb0e3bf46e2c7b48a009e7; jvm 1.8.0_232-b09
2021-01-13 14:09:57,290 [Listener at 127.0.0.1/10228] INFO  server.session (DefaultSessionIdManager.java:doStart(334)) - DefaultSessionIdManager workerName=node0
2021-01-13 14:09:57,290 [Listener at 127.0.0.1/10228] INFO  server.session (DefaultSessionIdManager.java:doStart(339)) - No SessionScavenger set, using defaults
2021-01-13 14:09:57,290 [Listener at 127.0.0.1/10228] INFO  server.session (HouseKeeper.java:startScavenging(132)) - node0 Scavenging every 660000ms
2021-01-13 14:09:57,292 [Listener at 127.0.0.1/10228] INFO  handler.ContextHandler (ContextHandler.java:doStart(916)) - Started o.e.j.s.ServletContextHandler@5c37eecf{logs,/logs,file:///github/workspace/mnt/ozone/hadoop-ozone/integration-test/target/log,AVAILABLE}
2021-01-13 14:09:57,293 [Listener at 127.0.0.1/10228] INFO  handler.ContextHandler (ContextHandler.java:doStart(916)) - Started o.e.j.s.ServletContextHandler@36b951cd{static,/static,jar:file:/home/user/.m2/repository/org/apache/hadoop/hadoop-hdds-container-service/1.1.0-SNAPSHOT/hadoop-hdds-container-service-1.1.0-SNAPSHOT.jar!/webapps/static,AVAILABLE}
2021-01-13 14:09:57,360 [Datanode State Machine Task Thread - 0] INFO  datanode.InitDatanodeState (InitDatanodeState.java:persistContainerDatanodeDetails(145)) - DatanodeDetails is persisted to /github/workspace/mnt/ozone/hadoop-ozone/integration-test/target/test-dir/MiniOzoneClusterImpl-9fde871d-63de-45ae-a394-6b80eb19d1dd/datanode-0/meta/datanode.id
2021-01-13 14:09:57,487 [Listener at 127.0.0.1/10228] INFO  handler.ContextHandler (ContextHandler.java:doStart(916)) - Started o.e.j.w.WebAppContext@7856e9aa{hddsDatanode,/,file:///tmp/jetty-0_0_0_0-42223-hadoop-hdds-container-service-1_1_0-SNAPSHOT_jar-_-any-1022199760648117232/webapp/,AVAILABLE}{jar:file:/home/user/.m2/repository/org/apache/hadoop/hadoop-hdds-container-service/1.1.0-SNAPSHOT/hadoop-hdds-container-service-1.1.0-SNAPSHOT.jar!/webapps/hddsDatanode}
2021-01-13 14:09:57,488 [Listener at 127.0.0.1/10228] INFO  server.AbstractConnector (AbstractConnector.java:doStart(331)) - Started ServerConnector@d150a22{HTTP/1.1, (http/1.1)}{0.0.0.0:42223}
2021-01-13 14:09:57,493 [Listener at 127.0.0.1/10228] INFO  server.Server (Server.java:doStart(415)) - Started @10850ms
2021-01-13 14:09:57,493 [Listener at 127.0.0.1/10228] WARN  impl.MetricsSystemImpl (MetricsSystemImpl.java:register(276)) - Sink prometheus already exists!
2021-01-13 14:09:57,497 [Listener at 127.0.0.1/10228] INFO  http.BaseHttpServer (BaseHttpServer.java:updateConnectorAddress(327)) - HTTP server of hddsDatanode listening at http://0.0.0.0:42223
2021-01-13 14:09:57,497 [Listener at 127.0.0.1/10228] INFO  impl.MetricsSystemImpl (MetricsSystemImpl.java:init(158)) - HddsDatanode metrics system started (again)
2021-01-13 14:09:57,499 [Listener at 127.0.0.1/10228] INFO  ozone.HddsDatanodeService (HddsDatanodeService.java:start(215)) - HddsDatanodeService host:2a0ae80d829d ip:172.17.0.2
2021-01-13 14:09:57,514 [org.apache.hadoop.util.JvmPauseMonitor$Monitor@34f0f5] INFO  util.JvmPauseMonitor (JvmPauseMonitor.java:run(188)) - Starting JVM pause monitor
2021-01-13 14:09:57,514 [Listener at 127.0.0.1/10228] INFO  volume.HddsVolume (HddsVolume.java:<init>(176)) - Creating Volume: /github/workspace/mnt/ozone/hadoop-ozone/integration-test/target/test-dir/MiniOzoneClusterImpl-9fde871d-63de-45ae-a394-6b80eb19d1dd/datanode-2/data-0/containers/hdds of storage type : DISK and capacity : 9223372036854775807
2021-01-13 14:09:57,514 [Listener at 127.0.0.1/10228] INFO  volume.MutableVolumeSet (MutableVolumeSet.java:initializeVolumeSet(179)) - Added Volume : /github/workspace/mnt/ozone/hadoop-ozone/integration-test/target/test-dir/MiniOzoneClusterImpl-9fde871d-63de-45ae-a394-6b80eb19d1dd/datanode-2/data-0/containers/hdds to VolumeSet
2021-01-13 14:09:57,514 [Listener at 127.0.0.1/10228] INFO  volume.ThrottledAsyncChecker (ThrottledAsyncChecker.java:schedule(141)) - Scheduling a check for /github/workspace/mnt/ozone/hadoop-ozone/integration-test/target/test-dir/MiniOzoneClusterImpl-9fde871d-63de-45ae-a394-6b80eb19d1dd/datanode-2/data-0/containers/hdds
2021-01-13 14:09:57,516 [Listener at 127.0.0.1/10228] INFO  volume.HddsVolumeChecker (HddsVolumeChecker.java:checkAllVolumes(200)) - Scheduled health check for volume /github/workspace/mnt/ozone/hadoop-ozone/integration-test/target/test-dir/MiniOzoneClusterImpl-9fde871d-63de-45ae-a394-6b80eb19d1dd/datanode-2/data-0/containers/hdds
2021-01-13 14:09:57,529 [Datanode State Machine Task Thread - 0] INFO  datanode.InitDatanodeState (InitDatanodeState.java:persistContainerDatanodeDetails(145)) - DatanodeDetails is persisted to /github/workspace/mnt/ozone/hadoop-ozone/integration-test/target/test-dir/MiniOzoneClusterImpl-9fde871d-63de-45ae-a394-6b80eb19d1dd/datanode-1/meta/datanode.id
2021-01-13 14:09:57,541 [Thread-217] INFO  ozoneimpl.ContainerReader (ContainerReader.java:readVolume(123)) - Start to verify containers on volume /github/workspace/mnt/ozone/hadoop-ozone/integration-test/target/test-dir/MiniOzoneClusterImpl-9fde871d-63de-45ae-a394-6b80eb19d1dd/datanode-2/data-0/containers/hdds
2021-01-13 14:09:57,541 [Thread-217] INFO  ozoneimpl.ContainerReader (ContainerReader.java:readVolume(148)) - Finish verifying containers on volume /github/workspace/mnt/ozone/hadoop-ozone/integration-test/target/test-dir/MiniOzoneClusterImpl-9fde871d-63de-45ae-a394-6b80eb19d1dd/datanode-2/data-0/containers/hdds
2021-01-13 14:09:57,541 [Listener at 127.0.0.1/10228] INFO  ozoneimpl.OzoneContainer (OzoneContainer.java:buildContainerSet(206)) - Build ContainerSet costs 0s
2021-01-13 14:09:57,545 [Listener at 127.0.0.1/10228] INFO  server.RaftServer (ConfUtils.java:logGet(44)) - raft.rpc.type = GRPC (default)
2021-01-13 14:09:57,547 [Listener at 127.0.0.1/10228] INFO  grpc.GrpcFactory (GrpcFactory.java:checkPooledByteBufAllocatorUseCacheForAllThreads(48)) - PERFORMANCE WARNING: useCacheForAllThreads is true that may cause Netty to create a lot garbage objects and, as a result, trigger GC.
	It is recommended to disable useCacheForAllThreads by setting -Dorg.apache.ratis.thirdparty.io.netty.allocator.useCacheForAllThreads=false in command line.
2021-01-13 14:09:57,547 [Listener at 127.0.0.1/10228] INFO  grpc.GrpcConfigKeys (ConfUtils.java:logGet(44)) - raft.grpc.server.port = 0 (default)
2021-01-13 14:09:57,548 [Listener at 127.0.0.1/10228] INFO  server.GrpcService (ConfUtils.java:logGet(44)) - raft.grpc.message.size.max = 32MB (=33554432) (custom)
2021-01-13 14:09:57,548 [Listener at 127.0.0.1/10228] INFO  server.RaftServerConfigKeys (ConfUtils.java:logGet(44)) - raft.server.log.appender.buffer.byte-limit = 33554432 (custom)
2021-01-13 14:09:57,548 [Listener at 127.0.0.1/10228] INFO  server.GrpcService (ConfUtils.java:logGet(44)) - raft.grpc.flow.control.window = 5MB (=5242880) (custom)
2021-01-13 14:09:57,548 [Listener at 127.0.0.1/10228] INFO  server.RaftServerConfigKeys (ConfUtils.java:logGet(44)) - raft.server.rpc.request.timeout = 60s (custom)
2021-01-13 14:09:57,549 [Listener at 127.0.0.1/10228] INFO  impl.DataStreamServerImpl (ConfUtils.java:logGet(44)) - raft.datastream.type = DISABLED (default)
2021-01-13 14:09:57,549 [Listener at 127.0.0.1/10228] INFO  server.RaftServerConfigKeys (ConfUtils.java:logGet(44)) - raft.server.rpc.slowness.timeout = 300s (custom)
2021-01-13 14:09:57,549 [Listener at 127.0.0.1/10228] INFO  server.RaftServerConfigKeys (ConfUtils.java:logGet(44)) - raft.server.leaderelection.leader.step-down.wait-time = 10s (default)
2021-01-13 14:09:57,553 [Listener at 127.0.0.1/10228] INFO  server.RaftServerConfigKeys (ConfUtils.java:logGet(44)) - raft.server.storage.dir = [/github/workspace/mnt/ozone/hadoop-ozone/integration-test/target/test-dir/MiniOzoneClusterImpl-9fde871d-63de-45ae-a394-6b80eb19d1dd/datanode-2/data/ratis] (custom)
2021-01-13 14:09:57,553 [Thread-153] INFO  impl.FollowerState (FollowerState.java:run(133)) - omNode-2@group-523986131536-FollowerState: change to CANDIDATE, lastRpcElapsedTime:1159065117ns, electionTimeout:1148ms
2021-01-13 14:09:57,555 [Thread-153] INFO  impl.RoleInfo (RoleInfo.java:shutdownFollowerState(108)) - omNode-2: shutdown omNode-2@group-523986131536-FollowerState
2021-01-13 14:09:57,555 [Thread-153] INFO  server.RaftServer$Division (RaftServerImpl.java:setRole(283)) - omNode-2@group-523986131536: changes role from  FOLLOWER to CANDIDATE at term 0 for changeToCandidate
2021-01-13 14:09:57,555 [Thread-153] INFO  impl.RoleInfo (RoleInfo.java:updateAndGet(130)) - omNode-2: start omNode-2@group-523986131536-LeaderElection6
2021-01-13 14:09:57,559 [omNode-2@group-523986131536-LeaderElection6] INFO  impl.LeaderElection (LeaderElection.java:askForPreVotes(259)) - omNode-2@group-523986131536-LeaderElection6: begin a pre-vote at term 0 for -1: [omNode-3|rpc:localhost:10232|priority:0, omNode-1|rpc:localhost:10220|priority:0, omNode-2|rpc:localhost:10226|priority:0], old=null
2021-01-13 14:09:57,565 [Listener at 127.0.0.1/10228] INFO  http.BaseHttpServer (BaseHttpServer.java:newHttpServer2BuilderForOzone(207)) - Starting Web-server for hddsDatanode at: http://0.0.0.0:0
2021-01-13 14:09:57,565 [Listener at 127.0.0.1/10228] INFO  http.BaseHttpServer (BaseHttpServer.java:<init>(106)) - Hadoop Security Enabled: false Ozone Security Enabled: false Ozone HTTP Security Enabled: false 
2021-01-13 14:09:57,567 [Listener at 127.0.0.1/10228] INFO  server.AuthenticationFilter (AuthenticationFilter.java:constructSecretProvider(240)) - Unable to initialize FileSignerSecretProvider, falling back to use random secrets.
2021-01-13 14:09:57,569 [Listener at 127.0.0.1/10228] WARN  http.HttpRequestLog (HttpRequestLog.java:getRequestLog(103)) - Jetty request log can only be enabled using Log4j
2021-01-13 14:09:57,571 [Listener at 127.0.0.1/10228] INFO  http.HttpServer2 (HttpServer2.java:addGlobalFilter(1020)) - Added global filter 'safety' (class=org.apache.hadoop.hdds.server.http.HttpServer2$QuotingInputFilter)
2021-01-13 14:09:57,578 [omNode-2@group-523986131536-LeaderElection6] INFO  impl.LeaderElection (LogUtils.java:infoOrTrace(137)) - omNode-2@group-523986131536-LeaderElection6 got exception when requesting votes: java.util.concurrent.ExecutionException: org.apache.ratis.thirdparty.io.grpc.StatusRuntimeException: UNAVAILABLE: io exception
2021-01-13 14:09:57,579 [Listener at 127.0.0.1/10228] INFO  http.HttpServer2 (HttpServer2.java:addFilter(996)) - Added filter static_user_filter (class=org.apache.hadoop.http.lib.StaticUserWebFilter$StaticUserFilter) to context hddsDatanode
2021-01-13 14:09:57,581 [Listener at 127.0.0.1/10228] INFO  http.HttpServer2 (HttpServer2.java:addFilter(1004)) - Added filter static_user_filter (class=org.apache.hadoop.http.lib.StaticUserWebFilter$StaticUserFilter) to context logs
2021-01-13 14:09:57,582 [Listener at 127.0.0.1/10228] INFO  http.HttpServer2 (HttpServer2.java:addFilter(1004)) - Added filter static_user_filter (class=org.apache.hadoop.http.lib.StaticUserWebFilter$StaticUserFilter) to context static
2021-01-13 14:09:57,582 [Listener at 127.0.0.1/10228] INFO  http.HttpServer2 (HttpServer2.java:bindListener(1238)) - Jetty bound to port 46135
2021-01-13 14:09:57,586 [Listener at 127.0.0.1/10228] INFO  server.Server (Server.java:doStart(375)) - jetty-9.4.34.v20201102; built: 2020-11-02T14:15:39.302Z; git: e46af88704a893fc12cb0e3bf46e2c7b48a009e7; jvm 1.8.0_232-b09
2021-01-13 14:09:57,601 [Listener at 127.0.0.1/10228] INFO  server.session (DefaultSessionIdManager.java:doStart(334)) - DefaultSessionIdManager workerName=node0
2021-01-13 14:09:57,601 [Listener at 127.0.0.1/10228] INFO  server.session (DefaultSessionIdManager.java:doStart(339)) - No SessionScavenger set, using defaults
2021-01-13 14:09:57,601 [Listener at 127.0.0.1/10228] INFO  server.session (HouseKeeper.java:startScavenging(132)) - node0 Scavenging every 600000ms
2021-01-13 14:09:57,602 [Listener at 127.0.0.1/10228] INFO  handler.ContextHandler (ContextHandler.java:doStart(916)) - Started o.e.j.s.ServletContextHandler@556d58e8{logs,/logs,file:///github/workspace/mnt/ozone/hadoop-ozone/integration-test/target/log,AVAILABLE}
2021-01-13 14:09:57,603 [Listener at 127.0.0.1/10228] INFO  handler.ContextHandler (ContextHandler.java:doStart(916)) - Started o.e.j.s.ServletContextHandler@21672122{static,/static,jar:file:/home/user/.m2/repository/org/apache/hadoop/hadoop-hdds-container-service/1.1.0-SNAPSHOT/hadoop-hdds-container-service-1.1.0-SNAPSHOT.jar!/webapps/static,AVAILABLE}
2021-01-13 14:09:57,700 [grpc-default-executor-1] INFO  metrics.RatisMetrics (RatisMetrics.java:lambda$create$0(36)) - Creating Metrics Registry : ratis.server_message_metrics.omNode-1
2021-01-13 14:09:57,707 [grpc-default-executor-1] INFO  server.RaftServer$Division (RaftServerImpl.java:requestPreVote(1060)) - omNode-1@group-523986131536: receive preVote(omNode-2, group-523986131536, 0, (t:0, i:~))
2021-01-13 14:09:57,709 [grpc-default-executor-1] INFO  server.RaftServer$Division (RaftServerImpl.java:requestPreVote(1081)) - omNode-1@group-523986131536 role: FOLLOWER allow pre-vote from:omNode-2
2021-01-13 14:09:57,715 [grpc-default-executor-1] INFO  server.RaftServer$Division (RaftServerImpl.java:requestPreVote(1099)) - omNode-1@group-523986131536 replies to pre-vote request: omNode-2<-omNode-1#0:OK-t0. Peer's state: omNode-1@group-523986131536:t0, leader=null, voted=, raftlog=omNode-1@group-523986131536-SegmentedRaftLog:OPENED:c-1,f-1,i0, conf=-1: [omNode-3|rpc:localhost:10232|priority:0, omNode-1|rpc:localhost:10220|priority:0, omNode-2|rpc:localhost:10226|priority:0], old=null
2021-01-13 14:09:57,734 [omNode-2@group-523986131536-LeaderElection6] INFO  impl.LeaderElection (LeaderElection.java:logAndReturn(68)) - omNode-2@group-523986131536-LeaderElection6: Pre-vote  PASSED received 1 response(s):[omNode-2<-omNode-1#0:OK-t0]
2021-01-13 14:09:57,734 [omNode-2@group-523986131536-LeaderElection6] INFO  impl.LeaderElection (LogUtils.java:infoOrTrace(137)) -   Exception 0: java.util.concurrent.ExecutionException: org.apache.ratis.thirdparty.io.grpc.StatusRuntimeException: UNAVAILABLE: io exception
2021-01-13 14:09:57,734 [omNode-2@group-523986131536-LeaderElection6] INFO  impl.LeaderElection (LeaderElection.java:askForPreVotes(261)) - omNode-2@group-523986131536-LeaderElection6 pre-vote result is PASSED.
2021-01-13 14:09:57,739 [omNode-2@group-523986131536-LeaderElection6] INFO  impl.LeaderElection (LeaderElection.java:askForVotes(308)) - omNode-2@group-523986131536-LeaderElection6: begin an election at term 1 for -1: [omNode-3|rpc:localhost:10232|priority:0, omNode-1|rpc:localhost:10220|priority:0, omNode-2|rpc:localhost:10226|priority:0], old=null
2021-01-13 14:09:57,739 [omNode-2@group-523986131536-LeaderElection6] INFO  impl.LeaderElection (LogUtils.java:infoOrTrace(137)) - omNode-2@group-523986131536-LeaderElection6 got exception when requesting votes: java.util.concurrent.ExecutionException: org.apache.ratis.thirdparty.io.grpc.StatusRuntimeException: UNAVAILABLE: io exception
2021-01-13 14:09:57,744 [grpc-default-executor-1] INFO  server.RaftServer$Division (RaftServerImpl.java:setRole(283)) - omNode-1@group-523986131536: changes role from  FOLLOWER to FOLLOWER at term 1 for recognizeCandidate:omNode-2
2021-01-13 14:09:57,745 [grpc-default-executor-1] INFO  impl.RoleInfo (RoleInfo.java:shutdownFollowerState(108)) - omNode-1: shutdown omNode-1@group-523986131536-FollowerState
2021-01-13 14:09:57,745 [grpc-default-executor-1] INFO  impl.RoleInfo (RoleInfo.java:updateAndGet(130)) - omNode-1: start omNode-1@group-523986131536-FollowerState
2021-01-13 14:09:57,745 [Thread-203] INFO  impl.FollowerState (FollowerState.java:run(142)) - omNode-1@group-523986131536-FollowerState was interrupted: {}
java.lang.InterruptedException: sleep interrupted
	at java.lang.Thread.sleep(Native Method)
	at java.lang.Thread.sleep(Thread.java:340)
	at java.util.concurrent.TimeUnit.sleep(TimeUnit.java:386)
	at org.apache.ratis.util.TimeDuration.sleep(TimeDuration.java:324)
	at org.apache.ratis.util.TimeDuration.sleep(TimeDuration.java:309)
	at org.apache.ratis.server.impl.FollowerState.run(FollowerState.java:117)
2021-01-13 14:09:57,746 [grpc-default-executor-1] INFO  server.RaftServer$Division (RaftServerImpl.java:requestVote(1137)) -  FOLLOWER omNode-1@group-523986131536:t1, leader=null, voted=null, raftlog=omNode-1@group-523986131536-SegmentedRaftLog:OPENED:c-1,f-1,i0, conf=-1: [omNode-3|rpc:localhost:10232|priority:0, omNode-1|rpc:localhost:10220|priority:0, omNode-2|rpc:localhost:10226|priority:0], old=null RUNNING priority:0 candidate:omNode-2|rpc:localhost:10226|priority:0 candidatePriority:0 compare:0
2021-01-13 14:09:57,760 [omNode-2@group-523986131536-LeaderElection6] INFO  impl.LeaderElection (LeaderElection.java:logAndReturn(68)) - omNode-2@group-523986131536-LeaderElection6: Election  PASSED received 1 response(s):[omNode-2<-omNode-1#0:OK-t1]
2021-01-13 14:09:57,760 [omNode-2@group-523986131536-LeaderElection6] INFO  impl.LeaderElection (LogUtils.java:infoOrTrace(137)) -   Exception 0: java.util.concurrent.ExecutionException: org.apache.ratis.thirdparty.io.grpc.StatusRuntimeException: UNAVAILABLE: io exception
2021-01-13 14:09:57,760 [omNode-2@group-523986131536-LeaderElection6] INFO  impl.RoleInfo (RoleInfo.java:shutdownLeaderElection(121)) - omNode-2: shutdown omNode-2@group-523986131536-LeaderElection6
2021-01-13 14:09:57,760 [omNode-2@group-523986131536-LeaderElection6] INFO  server.RaftServer$Division (RaftServerImpl.java:setRole(283)) - omNode-2@group-523986131536: changes role from CANDIDATE to LEADER at term 1 for changeToLeader
2021-01-13 14:09:57,760 [omNode-2@group-523986131536-LeaderElection6] INFO  server.RaftServer$Division (ServerState.java:setLeader(249)) - omNode-2@group-523986131536: change Leader from null to omNode-2 at term 1 for becomeLeader, leader elected after 1372ms
2021-01-13 14:09:57,769 [omNode-2@group-523986131536-LeaderElection6] INFO  server.RaftServerConfigKeys (ConfUtils.java:logGet(44)) - raft.server.staging.catchup.gap = 1000 (default)
2021-01-13 14:09:57,774 [omNode-2@group-523986131536-LeaderElection6] INFO  metrics.RatisMetrics (RatisMetrics.java:lambda$create$0(36)) - Creating Metrics Registry : ratis.log_appender.omNode-2@group-523986131536
2021-01-13 14:09:57,777 [omNode-2@group-523986131536-LeaderElection6] INFO  server.RaftServerConfigKeys (ConfUtils.java:logGet(44)) - raft.server.write.element-limit = 4096 (default)
2021-01-13 14:09:57,778 [omNode-2@group-523986131536-LeaderElection6] INFO  server.RaftServerConfigKeys (ConfUtils.java:logGet(44)) - raft.server.write.byte-limit = 64MB (=67108864) (default)
2021-01-13 14:09:57,793 [omNode-2@group-523986131536-LeaderElection6] INFO  server.RaftServerConfigKeys (ConfUtils.java:logGet(44)) - raft.server.watch.timeout = 10s (default)
2021-01-13 14:09:57,793 [omNode-2@group-523986131536-LeaderElection6] INFO  server.RaftServerConfigKeys (ConfUtils.java:logGet(44)) - raft.server.watch.timeout.denomination = 1s (default)
2021-01-13 14:09:57,794 [omNode-2@group-523986131536-LeaderElection6] INFO  server.RaftServerConfigKeys (ConfUtils.java:logGet(44)) - raft.server.watch.element-limit = 65536 (default)
2021-01-13 14:09:57,805 [omNode-2@group-523986131536-LeaderElection6] INFO  server.RaftServerConfigKeys (ConfUtils.java:logGet(44)) - raft.server.log.appender.snapshot.chunk.size.max = 16MB (=16777216) (default)
2021-01-13 14:09:57,805 [omNode-2@group-523986131536-LeaderElection6] INFO  server.RaftServerConfigKeys (ConfUtils.java:logGet(44)) - raft.server.log.appender.buffer.byte-limit = 33554432 (custom)
2021-01-13 14:09:57,806 [omNode-2@group-523986131536-LeaderElection6] INFO  server.RaftServerConfigKeys (ConfUtils.java:logGet(44)) - raft.server.log.appender.buffer.element-limit = 1024 (custom)
2021-01-13 14:09:57,808 [omNode-2@group-523986131536-LeaderElection6] INFO  grpc.GrpcConfigKeys (ConfUtils.java:logGet(44)) - raft.grpc.server.leader.outstanding.appends.max = 128 (default)
2021-01-13 14:09:57,809 [omNode-2@group-523986131536-LeaderElection6] INFO  server.RaftServerConfigKeys (ConfUtils.java:logGet(44)) - raft.server.rpc.request.timeout = 3000ms (default)
2021-01-13 14:09:57,809 [omNode-2@group-523986131536-LeaderElection6] INFO  server.RaftServerConfigKeys (ConfUtils.java:logGet(44)) - raft.server.log.appender.install.snapshot.enabled = false (custom)
2021-01-13 14:09:57,809 [omNode-2@group-523986131536-LeaderElection6] INFO  metrics.RatisMetrics (RatisMetrics.java:lambda$create$0(36)) - Creating Metrics Registry : ratis_grpc.log_appender.omNode-2@group-523986131536
2021-01-13 14:09:57,819 [omNode-2@group-523986131536-LeaderElection6] INFO  server.RaftServerConfigKeys (ConfUtils.java:logGet(44)) - raft.server.log.appender.snapshot.chunk.size.max = 16MB (=16777216) (default)
2021-01-13 14:09:57,824 [omNode-2@group-523986131536-LeaderElection6] INFO  server.RaftServerConfigKeys (ConfUtils.java:logGet(44)) - raft.server.log.appender.buffer.byte-limit = 33554432 (custom)
2021-01-13 14:09:57,824 [omNode-2@group-523986131536-LeaderElection6] INFO  server.RaftServerConfigKeys (ConfUtils.java:logGet(44)) - raft.server.log.appender.buffer.element-limit = 1024 (custom)
2021-01-13 14:09:57,824 [omNode-2@group-523986131536-LeaderElection6] INFO  grpc.GrpcConfigKeys (ConfUtils.java:logGet(44)) - raft.grpc.server.leader.outstanding.appends.max = 128 (default)
2021-01-13 14:09:57,825 [omNode-2@group-523986131536-LeaderElection6] INFO  server.RaftServerConfigKeys (ConfUtils.java:logGet(44)) - raft.server.rpc.request.timeout = 3000ms (default)
2021-01-13 14:09:57,825 [omNode-2@group-523986131536-LeaderElection6] INFO  server.RaftServerConfigKeys (ConfUtils.java:logGet(44)) - raft.server.log.appender.install.snapshot.enabled = false (custom)
2021-01-13 14:09:57,829 [omNode-2@group-523986131536-LeaderElection6] INFO  impl.RoleInfo (RoleInfo.java:updateAndGet(130)) - omNode-2: start omNode-2@group-523986131536-LeaderStateImpl
2021-01-13 14:09:57,836 [Listener at 127.0.0.1/10228] INFO  handler.ContextHandler (ContextHandler.java:doStart(916)) - Started o.e.j.w.WebAppContext@43bb9754{hddsDatanode,/,file:///tmp/jetty-0_0_0_0-46135-hadoop-hdds-container-service-1_1_0-SNAPSHOT_jar-_-any-6751625974430248871/webapp/,AVAILABLE}{jar:file:/home/user/.m2/repository/org/apache/hadoop/hadoop-hdds-container-service/1.1.0-SNAPSHOT/hadoop-hdds-container-service-1.1.0-SNAPSHOT.jar!/webapps/hddsDatanode}
2021-01-13 14:09:57,840 [Listener at 127.0.0.1/10228] INFO  server.AbstractConnector (AbstractConnector.java:doStart(331)) - Started ServerConnector@2f12b1ad{HTTP/1.1, (http/1.1)}{0.0.0.0:46135}
2021-01-13 14:09:57,840 [Listener at 127.0.0.1/10228] INFO  server.Server (Server.java:doStart(415)) - Started @11197ms
2021-01-13 14:09:57,841 [Listener at 127.0.0.1/10228] WARN  impl.MetricsSystemImpl (MetricsSystemImpl.java:register(276)) - Sink prometheus already exists!
2021-01-13 14:09:57,845 [Listener at 127.0.0.1/10228] INFO  http.BaseHttpServer (BaseHttpServer.java:updateConnectorAddress(327)) - HTTP server of hddsDatanode listening at http://0.0.0.0:46135
2021-01-13 14:09:57,847 [omNode-2@group-523986131536-LeaderElection6] INFO  segmented.SegmentedRaftLogWorker (SegmentedRaftLogWorker.java:startLogSegment(392)) - omNode-2@group-523986131536-SegmentedRaftLogWorker: Starting segment from index:0
2021-01-13 14:09:57,852 [Listener at 127.0.0.1/10228] INFO  ozone.MiniOzoneClusterImpl (MiniOzoneClusterImpl.java:lambda$waitForClusterToBeReady$0(179)) - Waiting for nodes to be ready. Got 0 of 3 DN Heartbeats.
2021-01-13 14:09:57,852 [Listener at 127.0.0.1/10228] INFO  ozone.MiniOzoneClusterImpl (MiniOzoneClusterImpl.java:lambda$waitForClusterToBeReady$0(182)) - Waiting for cluster to exit safe mode
2021-01-13 14:09:57,883 [org.apache.hadoop.util.JvmPauseMonitor$Monitor@22124b6b] INFO  util.JvmPauseMonitor (JvmPauseMonitor.java:run(188)) - Starting JVM pause monitor
2021-01-13 14:09:57,896 [Datanode State Machine Task Thread - 0] INFO  datanode.InitDatanodeState (InitDatanodeState.java:persistContainerDatanodeDetails(145)) - DatanodeDetails is persisted to /github/workspace/mnt/ozone/hadoop-ozone/integration-test/target/test-dir/MiniOzoneClusterImpl-9fde871d-63de-45ae-a394-6b80eb19d1dd/datanode-2/meta/datanode.id
2021-01-13 14:09:57,913 [omNode-2@group-523986131536-LeaderElection6] INFO  server.RaftServer$Division (ServerState.java:setRaftConf(368)) - omNode-2@group-523986131536: set configuration 0: [omNode-3|rpc:localhost:10232|dataStream:|priority:0, omNode-1|rpc:localhost:10220|dataStream:|priority:0, omNode-2|rpc:localhost:10226|dataStream:|priority:0], old=null
2021-01-13 14:09:57,926 [grpc-default-executor-1] WARN  server.GrpcLogAppender (LogUtils.java:warn(122)) - omNode-2@group-523986131536->omNode-3-AppendLogResponseHandler: Failed appendEntries: org.apache.ratis.thirdparty.io.grpc.StatusRuntimeException: UNAVAILABLE: io exception
2021-01-13 14:09:57,935 [grpc-default-executor-1] WARN  server.GrpcLogAppender (GrpcLogAppender.java:resetClient(111)) - omNode-2@group-523986131536->omNode-3-GrpcLogAppender: Leader has not got in touch with Follower omNode-2@group-523986131536->omNode-3(c-1,m0,n0, attendVote=true, lastRpcSendTime=7, lastRpcResponseTime=1338) yet, just keep nextIndex unchanged and retry.
2021-01-13 14:09:57,953 [grpc-default-executor-2] WARN  server.GrpcLogAppender (LogUtils.java:warn(122)) - omNode-2@group-523986131536->omNode-3-AppendLogResponseHandler: Failed appendEntries: org.apache.ratis.thirdparty.io.grpc.StatusRuntimeException: UNAVAILABLE: io exception
2021-01-13 14:09:57,958 [grpc-default-executor-1] INFO  server.RaftServer$Division (ServerState.java:setLeader(249)) - omNode-1@group-523986131536: change Leader from null to omNode-2 at term 1 for appendEntries, leader elected after 6929ms
2021-01-13 14:09:57,962 [grpc-default-executor-2] WARN  server.GrpcLogAppender (GrpcLogAppender.java:resetClient(111)) - omNode-2@group-523986131536->omNode-3-GrpcLogAppender: Leader has not got in touch with Follower omNode-2@group-523986131536->omNode-3(c-1,m0,n1, attendVote=true, lastRpcSendTime=18, lastRpcResponseTime=1365) yet, just keep nextIndex unchanged and retry.
2021-01-13 14:09:57,991 [grpc-default-executor-1] INFO  server.RaftServer$Division (ServerState.java:setRaftConf(368)) - omNode-1@group-523986131536: set configuration 0: [omNode-3|rpc:localhost:10232|dataStream:|priority:0, omNode-1|rpc:localhost:10220|dataStream:|priority:0, omNode-2|rpc:localhost:10226|dataStream:|priority:0], old=null
2021-01-13 14:09:57,992 [grpc-default-executor-1] INFO  segmented.SegmentedRaftLogWorker (SegmentedRaftLogWorker.java:startLogSegment(392)) - omNode-1@group-523986131536-SegmentedRaftLogWorker: Starting segment from index:0
2021-01-13 14:09:58,122 [omNode-1@group-523986131536-SegmentedRaftLogWorker] INFO  segmented.SegmentedRaftLogWorker (SegmentedRaftLogWorker.java:execute(599)) - omNode-1@group-523986131536-SegmentedRaftLogWorker: created new log segment /github/workspace/mnt/ozone/hadoop-ozone/integration-test/target/test-dir/MiniOzoneClusterImpl-9fde871d-63de-45ae-a394-6b80eb19d1dd/omNode-1/ratis/c9bc4cf4-3bc3-3c60-a66b-523986131536/current/log_inprogress_0
2021-01-13 14:09:58,122 [omNode-2@group-523986131536-SegmentedRaftLogWorker] INFO  segmented.SegmentedRaftLogWorker (SegmentedRaftLogWorker.java:execute(599)) - omNode-2@group-523986131536-SegmentedRaftLogWorker: created new log segment /github/workspace/mnt/ozone/hadoop-ozone/integration-test/target/test-dir/MiniOzoneClusterImpl-9fde871d-63de-45ae-a394-6b80eb19d1dd/omNode-2/ratis/c9bc4cf4-3bc3-3c60-a66b-523986131536/current/log_inprogress_0
2021-01-13 14:09:58,444 [grpc-default-executor-1] WARN  server.GrpcLogAppender (LogUtils.java:warn(122)) - omNode-2@group-523986131536->omNode-3-AppendLogResponseHandler: Failed appendEntries: org.apache.ratis.thirdparty.io.grpc.StatusRuntimeException: UNAVAILABLE: io exception
2021-01-13 14:09:58,446 [grpc-default-executor-1] WARN  server.GrpcLogAppender (GrpcLogAppender.java:resetClient(111)) - omNode-2@group-523986131536->omNode-3-GrpcLogAppender: Leader has not got in touch with Follower omNode-2@group-523986131536->omNode-3(c-1,m0,n1, attendVote=true, lastRpcSendTime=501, lastRpcResponseTime=1848) yet, just keep nextIndex unchanged and retry.
2021-01-13 14:09:58,853 [Listener at 127.0.0.1/10228] INFO  ozone.MiniOzoneClusterImpl (MiniOzoneClusterImpl.java:lambda$waitForClusterToBeReady$0(179)) - Waiting for nodes to be ready. Got 0 of 3 DN Heartbeats.
2021-01-13 14:09:58,853 [Listener at 127.0.0.1/10228] INFO  ozone.MiniOzoneClusterImpl (MiniOzoneClusterImpl.java:lambda$waitForClusterToBeReady$0(182)) - Waiting for cluster to exit safe mode
2021-01-13 14:09:58,947 [grpc-default-executor-1] WARN  server.GrpcLogAppender (LogUtils.java:warn(122)) - omNode-2@group-523986131536->omNode-3-AppendLogResponseHandler: Failed appendEntries: org.apache.ratis.thirdparty.io.grpc.StatusRuntimeException: UNAVAILABLE: io exception
2021-01-13 14:09:58,948 [grpc-default-executor-1] WARN  server.GrpcLogAppender (GrpcLogAppender.java:resetClient(111)) - omNode-2@group-523986131536->omNode-3-GrpcLogAppender: Leader has not got in touch with Follower omNode-2@group-523986131536->omNode-3(c-1,m0,n1, attendVote=true, lastRpcSendTime=501, lastRpcResponseTime=2350) yet, just keep nextIndex unchanged and retry.
2021-01-13 14:09:59,354 [EndpointStateMachine task thread for /0.0.0.0:36333 - 0 ] INFO  ozoneimpl.OzoneContainer (OzoneContainer.java:start(255)) - Attempting to start container services.
2021-01-13 14:09:59,356 [EndpointStateMachine task thread for /0.0.0.0:36333 - 0 ] INFO  ozoneimpl.OzoneContainer (OzoneContainer.java:startContainerScrub(219)) - Background container scanner has been disabled.
2021-01-13 14:09:59,360 [EndpointStateMachine task thread for /0.0.0.0:36333 - 0 ] INFO  replication.ReplicationServer (ReplicationServer.java:start(111)) - ReplicationServer is started using port 46451
2021-01-13 14:09:59,361 [EndpointStateMachine task thread for /0.0.0.0:36333 - 0 ] INFO  ratis.XceiverServerRatis (XceiverServerRatis.java:start(455)) - Starting XceiverServerRatis 55d81cbb-fb85-4082-808b-6966013a4e6d at port 0
2021-01-13 14:09:59,362 [EndpointStateMachine task thread for /0.0.0.0:36333 - 0 ] INFO  server.RaftServer (RaftServerProxy.java:lambda$start$5(372)) - 55d81cbb-fb85-4082-808b-6966013a4e6d: start RPC server
2021-01-13 14:09:59,370 [EndpointStateMachine task thread for /0.0.0.0:36333 - 0 ] INFO  server.GrpcService (GrpcService.java:startImpl(176)) - 55d81cbb-fb85-4082-808b-6966013a4e6d: GrpcService started, listening on 0.0.0.0/0.0.0.0:36461
2021-01-13 14:09:59,371 [EndpointStateMachine task thread for /0.0.0.0:36333 - 0 ] INFO  ratis.XceiverServerRatis (XceiverServerRatis.java:start(467)) - XceiverServerRatis 55d81cbb-fb85-4082-808b-6966013a4e6d is started using port 36461
2021-01-13 14:09:59,376 [org.apache.ratis.util.JvmPauseMonitor$$Lambda$305/857005348@b78a0c9] INFO  util.JvmPauseMonitor (JvmPauseMonitor.java:run(103)) - JvmPauseMonitor-55d81cbb-fb85-4082-808b-6966013a4e6d: Started
2021-01-13 14:09:59,381 [EndpointStateMachine task thread for /0.0.0.0:36333 - 0 ] INFO  server.XceiverServerGrpc (XceiverServerGrpc.java:start(139)) - XceiverServerGrpc 55d81cbb-fb85-4082-808b-6966013a4e6d is started using port 39101
2021-01-13 14:09:59,449 [grpc-default-executor-1] WARN  server.GrpcLogAppender (LogUtils.java:warn(122)) - omNode-2@group-523986131536->omNode-3-AppendLogResponseHandler: Failed appendEntries: org.apache.ratis.thirdparty.io.grpc.StatusRuntimeException: UNAVAILABLE: io exception
2021-01-13 14:09:59,450 [grpc-default-executor-1] WARN  server.GrpcLogAppender (GrpcLogAppender.java:resetClient(111)) - omNode-2@group-523986131536->omNode-3-GrpcLogAppender: Leader has not got in touch with Follower omNode-2@group-523986131536->omNode-3(c-1,m0,n1, attendVote=true, lastRpcSendTime=501, lastRpcResponseTime=2852) yet, just keep nextIndex unchanged and retry.
2021-01-13 14:09:59,536 [EndpointStateMachine task thread for /0.0.0.0:36333 - 0 ] INFO  ozoneimpl.OzoneContainer (OzoneContainer.java:start(255)) - Attempting to start container services.
2021-01-13 14:09:59,537 [EndpointStateMachine task thread for /0.0.0.0:36333 - 0 ] INFO  ozoneimpl.OzoneContainer (OzoneContainer.java:startContainerScrub(219)) - Background container scanner has been disabled.
2021-01-13 14:09:59,539 [EndpointStateMachine task thread for /0.0.0.0:36333 - 0 ] INFO  replication.ReplicationServer (ReplicationServer.java:start(111)) - ReplicationServer is started using port 42573
2021-01-13 14:09:59,539 [EndpointStateMachine task thread for /0.0.0.0:36333 - 0 ] INFO  ratis.XceiverServerRatis (XceiverServerRatis.java:start(455)) - Starting XceiverServerRatis ecce6ce4-ded5-4171-a4f3-4bb4b5b9b0b9 at port 0
2021-01-13 14:09:59,586 [EndpointStateMachine task thread for /0.0.0.0:36333 - 0 ] INFO  server.RaftServer (RaftServerProxy.java:lambda$start$5(372)) - ecce6ce4-ded5-4171-a4f3-4bb4b5b9b0b9: start RPC server
2021-01-13 14:09:59,595 [EndpointStateMachine task thread for /0.0.0.0:36333 - 0 ] INFO  server.GrpcService (GrpcService.java:startImpl(176)) - ecce6ce4-ded5-4171-a4f3-4bb4b5b9b0b9: GrpcService started, listening on 0.0.0.0/0.0.0.0:41353
2021-01-13 14:09:59,597 [EndpointStateMachine task thread for /0.0.0.0:36333 - 0 ] INFO  ratis.XceiverServerRatis (XceiverServerRatis.java:start(467)) - XceiverServerRatis ecce6ce4-ded5-4171-a4f3-4bb4b5b9b0b9 is started using port 41353
2021-01-13 14:09:59,598 [EndpointStateMachine task thread for /0.0.0.0:36333 - 0 ] INFO  server.XceiverServerGrpc (XceiverServerGrpc.java:start(139)) - XceiverServerGrpc ecce6ce4-ded5-4171-a4f3-4bb4b5b9b0b9 is started using port 43543
2021-01-13 14:09:59,606 [org.apache.ratis.util.JvmPauseMonitor$$Lambda$305/857005348@7fd071ff] INFO  util.JvmPauseMonitor (JvmPauseMonitor.java:run(103)) - JvmPauseMonitor-ecce6ce4-ded5-4171-a4f3-4bb4b5b9b0b9: Started
2021-01-13 14:09:59,853 [Listener at 127.0.0.1/10228] INFO  ozone.MiniOzoneClusterImpl (MiniOzoneClusterImpl.java:lambda$waitForClusterToBeReady$0(179)) - Waiting for nodes to be ready. Got 0 of 3 DN Heartbeats.
2021-01-13 14:09:59,853 [Listener at 127.0.0.1/10228] INFO  ozone.MiniOzoneClusterImpl (MiniOzoneClusterImpl.java:lambda$waitForClusterToBeReady$0(182)) - Waiting for cluster to exit safe mode
2021-01-13 14:09:59,890 [EndpointStateMachine task thread for /0.0.0.0:36333 - 0 ] INFO  ozoneimpl.OzoneContainer (OzoneContainer.java:start(255)) - Attempting to start container services.
2021-01-13 14:09:59,891 [EndpointStateMachine task thread for /0.0.0.0:36333 - 0 ] INFO  ozoneimpl.OzoneContainer (OzoneContainer.java:startContainerScrub(219)) - Background container scanner has been disabled.
2021-01-13 14:09:59,892 [EndpointStateMachine task thread for /0.0.0.0:36333 - 0 ] INFO  replication.ReplicationServer (ReplicationServer.java:start(111)) - ReplicationServer is started using port 45089
2021-01-13 14:09:59,892 [EndpointStateMachine task thread for /0.0.0.0:36333 - 0 ] INFO  ratis.XceiverServerRatis (XceiverServerRatis.java:start(455)) - Starting XceiverServerRatis 88355522-ea7b-442e-ab24-a07389f97d94 at port 0
2021-01-13 14:09:59,894 [EndpointStateMachine task thread for /0.0.0.0:36333 - 0 ] INFO  server.RaftServer (RaftServerProxy.java:lambda$start$5(372)) - 88355522-ea7b-442e-ab24-a07389f97d94: start RPC server
2021-01-13 14:09:59,898 [EndpointStateMachine task thread for /0.0.0.0:36333 - 0 ] INFO  server.GrpcService (GrpcService.java:startImpl(176)) - 88355522-ea7b-442e-ab24-a07389f97d94: GrpcService started, listening on 0.0.0.0/0.0.0.0:34069
2021-01-13 14:09:59,906 [EndpointStateMachine task thread for /0.0.0.0:36333 - 0 ] INFO  ratis.XceiverServerRatis (XceiverServerRatis.java:start(467)) - XceiverServerRatis 88355522-ea7b-442e-ab24-a07389f97d94 is started using port 34069
2021-01-13 14:09:59,906 [org.apache.ratis.util.JvmPauseMonitor$$Lambda$305/857005348@2ebd5015] INFO  util.JvmPauseMonitor (JvmPauseMonitor.java:run(103)) - JvmPauseMonitor-88355522-ea7b-442e-ab24-a07389f97d94: Started
2021-01-13 14:09:59,907 [EndpointStateMachine task thread for /0.0.0.0:36333 - 0 ] INFO  server.XceiverServerGrpc (XceiverServerGrpc.java:start(139)) - XceiverServerGrpc 88355522-ea7b-442e-ab24-a07389f97d94 is started using port 36753
2021-01-13 14:09:59,954 [grpc-default-executor-1] WARN  server.GrpcLogAppender (LogUtils.java:warn(122)) - omNode-2@group-523986131536->omNode-3-AppendLogResponseHandler: Failed appendEntries: org.apache.ratis.thirdparty.io.grpc.StatusRuntimeException: UNAVAILABLE: io exception
2021-01-13 14:09:59,956 [grpc-default-executor-1] WARN  server.GrpcLogAppender (GrpcLogAppender.java:resetClient(111)) - omNode-2@group-523986131536->omNode-3-GrpcLogAppender: Leader has not got in touch with Follower omNode-2@group-523986131536->omNode-3(c-1,m0,n1, attendVote=true, lastRpcSendTime=1, lastRpcResponseTime=3358) yet, just keep nextIndex unchanged and retry.
2021-01-13 14:10:00,454 [grpc-default-executor-1] WARN  server.GrpcLogAppender (LogUtils.java:warn(122)) - omNode-2@group-523986131536->omNode-3-AppendLogResponseHandler: Failed appendEntries: org.apache.ratis.thirdparty.io.grpc.StatusRuntimeException: UNAVAILABLE: io exception
2021-01-13 14:10:00,455 [grpc-default-executor-1] WARN  server.GrpcLogAppender (GrpcLogAppender.java:resetClient(111)) - omNode-2@group-523986131536->omNode-3-GrpcLogAppender: Leader has not got in touch with Follower omNode-2@group-523986131536->omNode-3(c-1,m0,n1, attendVote=true, lastRpcSendTime=1, lastRpcResponseTime=3857) yet, just keep nextIndex unchanged and retry.
2021-01-13 14:10:00,854 [Listener at 127.0.0.1/10228] INFO  ozone.MiniOzoneClusterImpl (MiniOzoneClusterImpl.java:lambda$waitForClusterToBeReady$0(179)) - Waiting for nodes to be ready. Got 0 of 3 DN Heartbeats.
2021-01-13 14:10:00,854 [Listener at 127.0.0.1/10228] INFO  ozone.MiniOzoneClusterImpl (MiniOzoneClusterImpl.java:lambda$waitForClusterToBeReady$0(182)) - Waiting for cluster to exit safe mode
2021-01-13 14:10:00,954 [grpc-default-executor-1] WARN  server.GrpcLogAppender (LogUtils.java:warn(122)) - omNode-2@group-523986131536->omNode-3-AppendLogResponseHandler: Failed appendEntries: org.apache.ratis.thirdparty.io.grpc.StatusRuntimeException: UNAVAILABLE: io exception
2021-01-13 14:10:00,956 [grpc-default-executor-1] WARN  server.GrpcLogAppender (GrpcLogAppender.java:resetClient(111)) - omNode-2@group-523986131536->omNode-3-GrpcLogAppender: Leader has not got in touch with Follower omNode-2@group-523986131536->omNode-3(c-1,m0,n1, attendVote=true, lastRpcSendTime=1, lastRpcResponseTime=4358) yet, just keep nextIndex unchanged and retry.
2021-01-13 14:10:01,246 [IPC Server handler 4 on default port 36333] INFO  net.NetworkTopologyImpl (NetworkTopologyImpl.java:add(111)) - Added a new node: /default-rack/55d81cbb-fb85-4082-808b-6966013a4e6d
2021-01-13 14:10:01,250 [IPC Server handler 4 on default port 36333] INFO  node.SCMNodeManager (SCMNodeManager.java:register(341)) - Registered Data node : 55d81cbb-fb85-4082-808b-6966013a4e6d{ip: 172.17.0.2, host: 2a0ae80d829d, networkLocation: /default-rack, certSerialId: null, persistedOpState: IN_SERVICE, persistedOpStateExpiryEpochSec: 0}
2021-01-13 14:10:01,255 [EventQueue-NodeRegistrationContainerReportForDataNodeSafeModeRule] INFO  safemode.SCMSafeModeManager (DataNodeSafeModeRule.java:process(71)) - SCM in safe mode. 1 DataNodes registered, 1 required.
2021-01-13 14:10:01,255 [EventQueue-NodeRegistrationContainerReportForDataNodeSafeModeRule] INFO  safemode.SCMSafeModeManager (SCMSafeModeManager.java:validateSafeModeExitRules(214)) - DataNodeSafeModeRule rule is successfully validated
2021-01-13 14:10:01,255 [EventQueue-NodeRegistrationContainerReportForDataNodeSafeModeRule] INFO  safemode.SCMSafeModeManager (SCMSafeModeManager.java:completePreCheck(242)) - All SCM safe mode pre check rules have passed
2021-01-13 14:10:01,262 [EventQueue-NodeRegistrationContainerReportForContainerSafeModeRule] INFO  safemode.SCMSafeModeManager (SCMSafeModeManager.java:validateSafeModeExitRules(214)) - ContainerSafeModeRule rule is successfully validated
2021-01-13 14:10:01,265 [RatisPipelineUtilsThread] INFO  pipeline.RatisPipelineProvider (RatisPipelineProvider.java:lambda$create$0(161)) - Sending CreatePipelineCommand for pipeline:PipelineID=2527a03d-2dad-435c-b284-3562b720d7c9 to datanode:55d81cbb-fb85-4082-808b-6966013a4e6d
2021-01-13 14:10:01,266 [EventQueue-PipelineReportForOneReplicaPipelineSafeModeRule] INFO  safemode.SCMSafeModeManager (SCMSafeModeManager.java:validateSafeModeExitRules(214)) - AtleastOneDatanodeReportedRule rule is successfully validated
2021-01-13 14:10:01,278 [RatisPipelineUtilsThread] INFO  pipeline.PipelineStateManager (PipelineStateManager.java:addPipeline(54)) - Created pipeline Pipeline[ Id: 2527a03d-2dad-435c-b284-3562b720d7c9, Nodes: 55d81cbb-fb85-4082-808b-6966013a4e6d{ip: 172.17.0.2, host: 2a0ae80d829d, networkLocation: /default-rack, certSerialId: null, persistedOpState: IN_SERVICE, persistedOpStateExpiryEpochSec: 0}, Type:RATIS, Factor:ONE, State:ALLOCATED, leaderId:, CreationTimestamp2021-01-13T14:10:01.262Z]
2021-01-13 14:10:01,281 [RatisPipelineUtilsThread] WARN  pipeline.PipelinePlacementPolicy (PipelinePlacementPolicy.java:filterViableNodes(142)) - Pipeline creation failed due to no sufficient healthy datanodes. Required 3. Found 1.
2021-01-13 14:10:01,455 [grpc-default-executor-1] WARN  server.GrpcLogAppender (LogUtils.java:warn(122)) - omNode-2@group-523986131536->omNode-3-AppendLogResponseHandler: Failed appendEntries: org.apache.ratis.thirdparty.io.grpc.StatusRuntimeException: UNAVAILABLE: io exception
2021-01-13 14:10:01,456 [grpc-default-executor-1] WARN  server.GrpcLogAppender (GrpcLogAppender.java:resetClient(111)) - omNode-2@group-523986131536->omNode-3-GrpcLogAppender: Leader has not got in touch with Follower omNode-2@group-523986131536->omNode-3(c-1,m0,n1, attendVote=true, lastRpcSendTime=0, lastRpcResponseTime=4858) yet, just keep nextIndex unchanged and retry.
2021-01-13 14:10:01,522 [IPC Server handler 1 on default port 36333] INFO  net.NetworkTopologyImpl (NetworkTopologyImpl.java:add(111)) - Added a new node: /default-rack/ecce6ce4-ded5-4171-a4f3-4bb4b5b9b0b9
2021-01-13 14:10:01,522 [IPC Server handler 1 on default port 36333] INFO  node.SCMNodeManager (SCMNodeManager.java:register(341)) - Registered Data node : ecce6ce4-ded5-4171-a4f3-4bb4b5b9b0b9{ip: 172.17.0.2, host: 2a0ae80d829d, networkLocation: /default-rack, certSerialId: null, persistedOpState: IN_SERVICE, persistedOpStateExpiryEpochSec: 0}
2021-01-13 14:10:01,523 [EventQueue-NodeRegistrationContainerReportForDataNodeSafeModeRule] INFO  safemode.SCMSafeModeManager (SCMSafeModeManager.java:validateSafeModeExitRules(214)) - DataNodeSafeModeRule rule is successfully validated
2021-01-13 14:10:01,523 [EventQueue-NodeRegistrationContainerReportForContainerSafeModeRule] INFO  safemode.SCMSafeModeManager (SCMSafeModeManager.java:validateSafeModeExitRules(214)) - ContainerSafeModeRule rule is successfully validated
2021-01-13 14:10:01,523 [EventQueue-PipelineReportForOneReplicaPipelineSafeModeRule] INFO  safemode.SCMSafeModeManager (SCMSafeModeManager.java:validateSafeModeExitRules(214)) - AtleastOneDatanodeReportedRule rule is successfully validated
2021-01-13 14:10:01,535 [RatisPipelineUtilsThread] INFO  pipeline.RatisPipelineProvider (RatisPipelineProvider.java:lambda$create$0(161)) - Sending CreatePipelineCommand for pipeline:PipelineID=e1682861-6b14-4756-a547-9613495f631c to datanode:ecce6ce4-ded5-4171-a4f3-4bb4b5b9b0b9
2021-01-13 14:10:01,535 [RatisPipelineUtilsThread] INFO  pipeline.PipelineStateManager (PipelineStateManager.java:addPipeline(54)) - Created pipeline Pipeline[ Id: e1682861-6b14-4756-a547-9613495f631c, Nodes: ecce6ce4-ded5-4171-a4f3-4bb4b5b9b0b9{ip: 172.17.0.2, host: 2a0ae80d829d, networkLocation: /default-rack, certSerialId: null, persistedOpState: IN_SERVICE, persistedOpStateExpiryEpochSec: 0}, Type:RATIS, Factor:ONE, State:ALLOCATED, leaderId:, CreationTimestamp2021-01-13T14:10:01.535Z]
2021-01-13 14:10:01,536 [RatisPipelineUtilsThread] WARN  pipeline.PipelinePlacementPolicy (PipelinePlacementPolicy.java:filterViableNodes(142)) - Pipeline creation failed due to no sufficient healthy datanodes. Required 3. Found 2.
2021-01-13 14:10:01,854 [Listener at 127.0.0.1/10228] INFO  ozone.MiniOzoneClusterImpl (MiniOzoneClusterImpl.java:lambda$waitForClusterToBeReady$0(179)) - Waiting for nodes to be ready. Got 2 of 3 DN Heartbeats.
2021-01-13 14:10:01,854 [Listener at 127.0.0.1/10228] INFO  ozone.MiniOzoneClusterImpl (MiniOzoneClusterImpl.java:lambda$waitForClusterToBeReady$0(182)) - Waiting for cluster to exit safe mode
2021-01-13 14:10:01,885 [IPC Server handler 2 on default port 36333] INFO  net.NetworkTopologyImpl (NetworkTopologyImpl.java:add(111)) - Added a new node: /default-rack/88355522-ea7b-442e-ab24-a07389f97d94
2021-01-13 14:10:01,885 [IPC Server handler 2 on default port 36333] INFO  node.SCMNodeManager (SCMNodeManager.java:register(341)) - Registered Data node : 88355522-ea7b-442e-ab24-a07389f97d94{ip: 172.17.0.2, host: 2a0ae80d829d, networkLocation: /default-rack, certSerialId: null, persistedOpState: IN_SERVICE, persistedOpStateExpiryEpochSec: 0}
2021-01-13 14:10:01,886 [EventQueue-PipelineReportForOneReplicaPipelineSafeModeRule] INFO  safemode.SCMSafeModeManager (SCMSafeModeManager.java:validateSafeModeExitRules(214)) - AtleastOneDatanodeReportedRule rule is successfully validated
2021-01-13 14:10:01,887 [EventQueue-NodeRegistrationContainerReportForContainerSafeModeRule] INFO  safemode.SCMSafeModeManager (SCMSafeModeManager.java:validateSafeModeExitRules(214)) - ContainerSafeModeRule rule is successfully validated
2021-01-13 14:10:01,887 [EventQueue-NodeRegistrationContainerReportForDataNodeSafeModeRule] INFO  safemode.SCMSafeModeManager (SCMSafeModeManager.java:validateSafeModeExitRules(214)) - DataNodeSafeModeRule rule is successfully validated
2021-01-13 14:10:01,887 [RatisPipelineUtilsThread] INFO  pipeline.RatisPipelineProvider (RatisPipelineProvider.java:lambda$create$0(161)) - Sending CreatePipelineCommand for pipeline:PipelineID=514aee39-0aee-42f7-8bc2-851d516367dc to datanode:88355522-ea7b-442e-ab24-a07389f97d94
2021-01-13 14:10:01,888 [RatisPipelineUtilsThread] INFO  pipeline.PipelineStateManager (PipelineStateManager.java:addPipeline(54)) - Created pipeline Pipeline[ Id: 514aee39-0aee-42f7-8bc2-851d516367dc, Nodes: 88355522-ea7b-442e-ab24-a07389f97d94{ip: 172.17.0.2, host: 2a0ae80d829d, networkLocation: /default-rack, certSerialId: null, persistedOpState: IN_SERVICE, persistedOpStateExpiryEpochSec: 0}, Type:RATIS, Factor:ONE, State:ALLOCATED, leaderId:, CreationTimestamp2021-01-13T14:10:01.887Z]
2021-01-13 14:10:01,890 [RatisPipelineUtilsThread] INFO  pipeline.RatisPipelineProvider (RatisPipelineProvider.java:lambda$create$0(161)) - Sending CreatePipelineCommand for pipeline:PipelineID=405a2968-de9b-4577-b1bf-55716bb7855f to datanode:88355522-ea7b-442e-ab24-a07389f97d94
2021-01-13 14:10:01,891 [RatisPipelineUtilsThread] INFO  pipeline.RatisPipelineProvider (RatisPipelineProvider.java:lambda$create$0(161)) - Sending CreatePipelineCommand for pipeline:PipelineID=405a2968-de9b-4577-b1bf-55716bb7855f to datanode:ecce6ce4-ded5-4171-a4f3-4bb4b5b9b0b9
2021-01-13 14:10:01,891 [RatisPipelineUtilsThread] INFO  pipeline.RatisPipelineProvider (RatisPipelineProvider.java:lambda$create$0(161)) - Sending CreatePipelineCommand for pipeline:PipelineID=405a2968-de9b-4577-b1bf-55716bb7855f to datanode:55d81cbb-fb85-4082-808b-6966013a4e6d
2021-01-13 14:10:01,891 [RatisPipelineUtilsThread] INFO  pipeline.PipelineStateManager (PipelineStateManager.java:addPipeline(54)) - Created pipeline Pipeline[ Id: 405a2968-de9b-4577-b1bf-55716bb7855f, Nodes: 88355522-ea7b-442e-ab24-a07389f97d94{ip: 172.17.0.2, host: 2a0ae80d829d, networkLocation: /default-rack, certSerialId: null, persistedOpState: IN_SERVICE, persistedOpStateExpiryEpochSec: 0}ecce6ce4-ded5-4171-a4f3-4bb4b5b9b0b9{ip: 172.17.0.2, host: 2a0ae80d829d, networkLocation: /default-rack, certSerialId: null, persistedOpState: IN_SERVICE, persistedOpStateExpiryEpochSec: 0}55d81cbb-fb85-4082-808b-6966013a4e6d{ip: 172.17.0.2, host: 2a0ae80d829d, networkLocation: /default-rack, certSerialId: null, persistedOpState: IN_SERVICE, persistedOpStateExpiryEpochSec: 0}, Type:RATIS, Factor:THREE, State:ALLOCATED, leaderId:, CreationTimestamp2021-01-13T14:10:01.890Z]
2021-01-13 14:10:01,892 [RatisPipelineUtilsThread] INFO  pipeline.RatisPipelineProvider (RatisPipelineProvider.java:lambda$create$0(161)) - Sending CreatePipelineCommand for pipeline:PipelineID=828aff4f-d459-43a2-8e02-88be978d30f7 to datanode:88355522-ea7b-442e-ab24-a07389f97d94
2021-01-13 14:10:01,892 [RatisPipelineUtilsThread] INFO  pipeline.RatisPipelineProvider (RatisPipelineProvider.java:lambda$create$0(161)) - Sending CreatePipelineCommand for pipeline:PipelineID=828aff4f-d459-43a2-8e02-88be978d30f7 to datanode:ecce6ce4-ded5-4171-a4f3-4bb4b5b9b0b9
2021-01-13 14:10:01,892 [RatisPipelineUtilsThread] INFO  pipeline.RatisPipelineProvider (RatisPipelineProvider.java:lambda$create$0(161)) - Sending CreatePipelineCommand for pipeline:PipelineID=828aff4f-d459-43a2-8e02-88be978d30f7 to datanode:55d81cbb-fb85-4082-808b-6966013a4e6d
2021-01-13 14:10:01,892 [RatisPipelineUtilsThread] INFO  pipeline.PipelineStateManager (PipelineStateManager.java:addPipeline(54)) - Created pipeline Pipeline[ Id: 828aff4f-d459-43a2-8e02-88be978d30f7, Nodes: 88355522-ea7b-442e-ab24-a07389f97d94{ip: 172.17.0.2, host: 2a0ae80d829d, networkLocation: /default-rack, certSerialId: null, persistedOpState: IN_SERVICE, persistedOpStateExpiryEpochSec: 0}ecce6ce4-ded5-4171-a4f3-4bb4b5b9b0b9{ip: 172.17.0.2, host: 2a0ae80d829d, networkLocation: /default-rack, certSerialId: null, persistedOpState: IN_SERVICE, persistedOpStateExpiryEpochSec: 0}55d81cbb-fb85-4082-808b-6966013a4e6d{ip: 172.17.0.2, host: 2a0ae80d829d, networkLocation: /default-rack, certSerialId: null, persistedOpState: IN_SERVICE, persistedOpStateExpiryEpochSec: 0}, Type:RATIS, Factor:THREE, State:ALLOCATED, leaderId:, CreationTimestamp2021-01-13T14:10:01.892Z]
2021-01-13 14:10:01,893 [RatisPipelineUtilsThread] INFO  pipeline.SCMPipelineManager (SCMPipelineManager.java:recordMetricsForPipeline(243)) - Pipeline: PipelineID=828aff4f-d459-43a2-8e02-88be978d30f7 contains same datanodes as previous pipelines: PipelineID=405a2968-de9b-4577-b1bf-55716bb7855f nodeIds: 88355522-ea7b-442e-ab24-a07389f97d94, ecce6ce4-ded5-4171-a4f3-4bb4b5b9b0b9, 55d81cbb-fb85-4082-808b-6966013a4e6d
2021-01-13 14:10:01,955 [grpc-default-executor-1] WARN  server.GrpcLogAppender (LogUtils.java:warn(122)) - omNode-2@group-523986131536->omNode-3-AppendLogResponseHandler: Failed appendEntries: org.apache.ratis.thirdparty.io.grpc.StatusRuntimeException: UNAVAILABLE: io exception
2021-01-13 14:10:01,957 [grpc-default-executor-1] WARN  server.GrpcLogAppender (GrpcLogAppender.java:resetClient(111)) - omNode-2@group-523986131536->omNode-3-GrpcLogAppender: Leader has not got in touch with Follower omNode-2@group-523986131536->omNode-3(c-1,m0,n1, attendVote=true, lastRpcSendTime=1, lastRpcResponseTime=5359) yet, just keep nextIndex unchanged and retry.
2021-01-13 14:10:02,456 [grpc-default-executor-1] WARN  server.GrpcLogAppender (LogUtils.java:warn(122)) - omNode-2@group-523986131536->omNode-3-AppendLogResponseHandler: Failed appendEntries: org.apache.ratis.thirdparty.io.grpc.StatusRuntimeException: UNAVAILABLE: io exception
2021-01-13 14:10:02,457 [grpc-default-executor-1] WARN  server.GrpcLogAppender (GrpcLogAppender.java:resetClient(111)) - omNode-2@group-523986131536->omNode-3-GrpcLogAppender: Leader has not got in touch with Follower omNode-2@group-523986131536->omNode-3(c-1,m0,n1, attendVote=true, lastRpcSendTime=1, lastRpcResponseTime=5859) yet, just keep nextIndex unchanged and retry.
2021-01-13 14:10:02,855 [Listener at 127.0.0.1/10228] INFO  ozone.MiniOzoneClusterImpl (MiniOzoneClusterImpl.java:lambda$waitForClusterToBeReady$0(179)) - Nodes are ready. Got 3 of 3 DN Heartbeats.
2021-01-13 14:10:02,855 [Listener at 127.0.0.1/10228] INFO  ozone.MiniOzoneClusterImpl (MiniOzoneClusterImpl.java:lambda$waitForClusterToBeReady$0(182)) - Waiting for cluster to exit safe mode
2021-01-13 14:10:02,956 [grpc-default-executor-1] WARN  server.GrpcLogAppender (LogUtils.java:warn(122)) - omNode-2@group-523986131536->omNode-3-AppendLogResponseHandler: Failed appendEntries: org.apache.ratis.thirdparty.io.grpc.StatusRuntimeException: UNAVAILABLE: io exception
2021-01-13 14:10:02,957 [grpc-default-executor-1] WARN  server.GrpcLogAppender (GrpcLogAppender.java:resetClient(111)) - omNode-2@group-523986131536->omNode-3-GrpcLogAppender: Leader has not got in touch with Follower omNode-2@group-523986131536->omNode-3(c-1,m0,n1, attendVote=true, lastRpcSendTime=0, lastRpcResponseTime=6359) yet, just keep nextIndex unchanged and retry.
2021-01-13 14:10:03,459 [grpc-default-executor-1] WARN  server.GrpcLogAppender (LogUtils.java:warn(122)) - omNode-2@group-523986131536->omNode-3-AppendLogResponseHandler: Failed appendEntries: org.apache.ratis.thirdparty.io.grpc.StatusRuntimeException: UNAVAILABLE: io exception
2021-01-13 14:10:03,460 [grpc-default-executor-1] WARN  server.GrpcLogAppender (GrpcLogAppender.java:resetClient(111)) - omNode-2@group-523986131536->omNode-3-GrpcLogAppender: Leader has not got in touch with Follower omNode-2@group-523986131536->omNode-3(c-1,m0,n1, attendVote=true, lastRpcSendTime=504, lastRpcResponseTime=6862) yet, just keep nextIndex unchanged and retry.
2021-01-13 14:10:03,855 [Listener at 127.0.0.1/10228] INFO  ozone.MiniOzoneClusterImpl (MiniOzoneClusterImpl.java:lambda$waitForClusterToBeReady$0(179)) - Nodes are ready. Got 3 of 3 DN Heartbeats.
2021-01-13 14:10:03,855 [Listener at 127.0.0.1/10228] INFO  ozone.MiniOzoneClusterImpl (MiniOzoneClusterImpl.java:lambda$waitForClusterToBeReady$0(182)) - Waiting for cluster to exit safe mode
2021-01-13 14:10:03,967 [grpc-default-executor-1] WARN  server.GrpcLogAppender (LogUtils.java:warn(122)) - omNode-2@group-523986131536->omNode-3-AppendLogResponseHandler: Failed appendEntries: org.apache.ratis.thirdparty.io.grpc.StatusRuntimeException: UNAVAILABLE: io exception
2021-01-13 14:10:03,968 [grpc-default-executor-1] WARN  server.GrpcLogAppender (GrpcLogAppender.java:resetClient(111)) - omNode-2@group-523986131536->omNode-3-GrpcLogAppender: Leader has not got in touch with Follower omNode-2@group-523986131536->omNode-3(c-1,m0,n1, attendVote=true, lastRpcSendTime=1, lastRpcResponseTime=7371) yet, just keep nextIndex unchanged and retry.
2021-01-13 14:10:04,230 [Command processor thread] INFO  server.RaftServer (RaftServerProxy.java:addNew(95)) - 55d81cbb-fb85-4082-808b-6966013a4e6d: addNew group-3562B720D7C9:[55d81cbb-fb85-4082-808b-6966013a4e6d|rpc:172.17.0.2:36461|priority:1] returns group-3562B720D7C9:java.util.concurrent.CompletableFuture@5c4b6886[Not completed]
2021-01-13 14:10:04,265 [pool-67-thread-1] INFO  server.RaftServer$Division (RaftServerImpl.java:<init>(179)) - 55d81cbb-fb85-4082-808b-6966013a4e6d: new RaftServerImpl for group-3562B720D7C9:[55d81cbb-fb85-4082-808b-6966013a4e6d|rpc:172.17.0.2:36461|priority:1] with ContainerStateMachine:uninitialized
2021-01-13 14:10:04,266 [pool-67-thread-1] INFO  server.RaftServerConfigKeys (ConfUtils.java:logGet(44)) - raft.server.rpc.timeout.min = 5s (custom)
2021-01-13 14:10:04,266 [pool-67-thread-1] INFO  server.RaftServerConfigKeys (ConfUtils.java:logGet(44)) - raft.server.rpc.timeout.max = 5200ms (custom)
2021-01-13 14:10:04,266 [pool-67-thread-1] INFO  server.RaftServerConfigKeys (ConfUtils.java:logGet(44)) - raft.server.rpc.sleep.time = 25ms (default)
2021-01-13 14:10:04,266 [pool-67-thread-1] INFO  server.RaftServerConfigKeys (ConfUtils.java:logGet(44)) - raft.server.rpc.slowness.timeout = 300s (custom)
2021-01-13 14:10:04,267 [pool-67-thread-1] INFO  server.RaftServerConfigKeys (ConfUtils.java:logGet(44)) - raft.server.leaderelection.leader.step-down.wait-time = 10s (default)
2021-01-13 14:10:04,267 [pool-67-thread-1] INFO  server.RaftServerConfigKeys (ConfUtils.java:logGet(44)) - raft.server.sleep.deviation.threshold = 300ms (default)
2021-01-13 14:10:04,267 [pool-67-thread-1] INFO  server.RaftServerConfigKeys (ConfUtils.java:logGet(44)) - raft.server.log.appender.install.snapshot.enabled = false (custom)
2021-01-13 14:10:04,267 [pool-67-thread-1] INFO  server.RaftServer$Division (ServerState.java:<init>(103)) - 55d81cbb-fb85-4082-808b-6966013a4e6d@group-3562B720D7C9: ConfigurationManager, init=-1: [55d81cbb-fb85-4082-808b-6966013a4e6d|rpc:172.17.0.2:36461|priority:1], old=null, confs=<EMPTY_MAP>
2021-01-13 14:10:04,267 [pool-67-thread-1] INFO  server.RaftServerConfigKeys (ConfUtils.java:logGet(44)) - raft.server.storage.dir = [/github/workspace/mnt/ozone/hadoop-ozone/integration-test/target/test-dir/MiniOzoneClusterImpl-9fde871d-63de-45ae-a394-6b80eb19d1dd/datanode-0/data/ratis] (custom)
2021-01-13 14:10:04,267 [pool-67-thread-1] INFO  server.RaftServerConfigKeys (ConfUtils.java:logGet(44)) - raft.server.log.corruption.policy = EXCEPTION (default)
2021-01-13 14:10:04,267 [pool-67-thread-1] INFO  storage.RaftStorageDirectory (RaftStorageDirectoryImpl.java:analyzeStorage(132)) - The storage directory /github/workspace/mnt/ozone/hadoop-ozone/integration-test/target/test-dir/MiniOzoneClusterImpl-9fde871d-63de-45ae-a394-6b80eb19d1dd/datanode-0/data/ratis/2527a03d-2dad-435c-b284-3562b720d7c9 does not exist. Creating ...
2021-01-13 14:10:04,268 [pool-67-thread-1] INFO  storage.RaftStorageDirectory (RaftStorageDirectoryImpl.java:tryLock(215)) - Lock on /github/workspace/mnt/ozone/hadoop-ozone/integration-test/target/test-dir/MiniOzoneClusterImpl-9fde871d-63de-45ae-a394-6b80eb19d1dd/datanode-0/data/ratis/2527a03d-2dad-435c-b284-3562b720d7c9/in_use.lock acquired by nodename 4782@2a0ae80d829d
2021-01-13 14:10:04,269 [pool-67-thread-1] INFO  storage.RaftStorage (RaftStorageImpl.java:format(87)) - Storage directory /github/workspace/mnt/ozone/hadoop-ozone/integration-test/target/test-dir/MiniOzoneClusterImpl-9fde871d-63de-45ae-a394-6b80eb19d1dd/datanode-0/data/ratis/2527a03d-2dad-435c-b284-3562b720d7c9 has been successfully formatted.
2021-01-13 14:10:04,273 [pool-67-thread-1] INFO  ratis.ContainerStateMachine (ContainerStateMachine.java:loadSnapshot(223)) - group-3562B720D7C9: The snapshot info is null. Setting the last applied indexto:(t:0, i:~)
2021-01-13 14:10:04,274 [pool-67-thread-1] ERROR storage.RaftStorage (RaftStorageImpl.java:readRaftConfiguration(147)) - Failed reading configuration from file:/github/workspace/mnt/ozone/hadoop-ozone/integration-test/target/test-dir/MiniOzoneClusterImpl-9fde871d-63de-45ae-a394-6b80eb19d1dd/datanode-0/data/ratis/2527a03d-2dad-435c-b284-3562b720d7c9/current/raft-meta.conf
java.io.FileNotFoundException: /github/workspace/mnt/ozone/hadoop-ozone/integration-test/target/test-dir/MiniOzoneClusterImpl-9fde871d-63de-45ae-a394-6b80eb19d1dd/datanode-0/data/ratis/2527a03d-2dad-435c-b284-3562b720d7c9/current/raft-meta.conf (No such file or directory)
	at java.io.FileInputStream.open0(Native Method)
	at java.io.FileInputStream.open(FileInputStream.java:195)
	at java.io.FileInputStream.<init>(FileInputStream.java:138)
	at org.apache.ratis.server.storage.RaftStorageImpl.readRaftConfiguration(RaftStorageImpl.java:143)
	at org.apache.ratis.server.impl.ServerState.<init>(ServerState.java:113)
	at org.apache.ratis.server.impl.RaftServerImpl.<init>(RaftServerImpl.java:192)
	at org.apache.ratis.server.impl.RaftServerProxy.lambda$newRaftServerImpl$4(RaftServerProxy.java:266)
	at java.util.concurrent.CompletableFuture$AsyncSupply.run(CompletableFuture.java:1604)
	at java.util.concurrent.ThreadPoolExecutor.runWorker(ThreadPoolExecutor.java:1149)
	at java.util.concurrent.ThreadPoolExecutor$Worker.run(ThreadPoolExecutor.java:624)
	at java.lang.Thread.run(Thread.java:748)
2021-01-13 14:10:04,274 [pool-67-thread-1] INFO  server.RaftServerConfigKeys (ConfUtils.java:logGet(44)) - raft.server.notification.no-leader.timeout = 300s (custom)
2021-01-13 14:10:04,274 [pool-67-thread-1] INFO  server.RaftServerConfigKeys (ConfUtils.java:logGet(44)) - raft.server.log.use.memory = false (default)
2021-01-13 14:10:04,275 [pool-67-thread-1] INFO  server.RaftServerConfigKeys (ConfUtils.java:logGet(44)) - raft.server.log.purge.gap = 1000000 (custom)
2021-01-13 14:10:04,275 [pool-67-thread-1] INFO  server.RaftServerConfigKeys (ConfUtils.java:logGet(44)) - raft.server.log.appender.buffer.byte-limit = 33554432 (custom)
2021-01-13 14:10:04,275 [pool-67-thread-1] INFO  metrics.RatisMetrics (RatisMetrics.java:lambda$create$0(36)) - Creating Metrics Registry : ratis.log_worker.55d81cbb-fb85-4082-808b-6966013a4e6d@group-3562B720D7C9
2021-01-13 14:10:04,278 [pool-67-thread-1] INFO  server.RaftServerConfigKeys (ConfUtils.java:logGet(44)) - raft.server.log.segment.size.max = 1048576 (custom)
2021-01-13 14:10:04,278 [pool-67-thread-1] INFO  server.RaftServerConfigKeys (ConfUtils.java:logGet(44)) - raft.server.log.segment.cache.num.max = 2 (custom)
2021-01-13 14:10:04,279 [pool-67-thread-1] INFO  server.RaftServerConfigKeys (ConfUtils.java:logGet(44)) - raft.server.log.segment.cache.size.max = 200MB (=209715200) (default)
2021-01-13 14:10:04,279 [pool-67-thread-1] INFO  segmented.SegmentedRaftLogWorker (SegmentedRaftLogWorker.java:<init>(181)) - new 55d81cbb-fb85-4082-808b-6966013a4e6d@group-3562B720D7C9-SegmentedRaftLogWorker for RaftStorageImpl:Storage Directory /github/workspace/mnt/ozone/hadoop-ozone/integration-test/target/test-dir/MiniOzoneClusterImpl-9fde871d-63de-45ae-a394-6b80eb19d1dd/datanode-0/data/ratis/2527a03d-2dad-435c-b284-3562b720d7c9
2021-01-13 14:10:04,279 [pool-67-thread-1] INFO  server.RaftServerConfigKeys (ConfUtils.java:logGet(44)) - raft.server.log.queue.byte-limit = 2147483647 (custom)
2021-01-13 14:10:04,279 [pool-67-thread-1] INFO  server.RaftServerConfigKeys (ConfUtils.java:logGet(44)) - raft.server.log.queue.element-limit = 1024 (custom)
2021-01-13 14:10:04,279 [pool-67-thread-1] INFO  server.RaftServerConfigKeys (ConfUtils.java:logGet(44)) - raft.server.log.segment.size.max = 1048576 (custom)
2021-01-13 14:10:04,279 [pool-67-thread-1] INFO  server.RaftServerConfigKeys (ConfUtils.java:logGet(44)) - raft.server.log.preallocated.size = 16384 (custom)
2021-01-13 14:10:04,279 [pool-67-thread-1] INFO  server.RaftServerConfigKeys (ConfUtils.java:logGet(44)) - raft.server.log.force.sync.num = 128 (default)
2021-01-13 14:10:04,279 [pool-67-thread-1] INFO  server.RaftServerConfigKeys (ConfUtils.java:logGet(44)) - raft.server.log.statemachine.data.sync = true (default)
2021-01-13 14:10:04,279 [pool-67-thread-1] INFO  server.RaftServerConfigKeys (ConfUtils.java:logGet(44)) - raft.server.log.statemachine.data.sync.timeout = 10s (default)
2021-01-13 14:10:04,279 [pool-67-thread-1] INFO  server.RaftServerConfigKeys (ConfUtils.java:logGet(44)) - raft.server.log.statemachine.data.sync.timeout.retry = -1 (default)
2021-01-13 14:10:04,282 [pool-67-thread-1] INFO  server.RaftServerConfigKeys (ConfUtils.java:logGet(44)) - raft.server.log.write.buffer.size = 1048576 (custom)
2021-01-13 14:10:04,283 [pool-67-thread-1] INFO  server.RaftServerConfigKeys (ConfUtils.java:logGet(44)) - raft.server.log.statemachine.data.caching.enabled = true (custom)
2021-01-13 14:10:04,284 [pool-67-thread-1] INFO  segmented.SegmentedRaftLogWorker (SegmentedRaftLogWorker.java:lambda$new$0(132)) - 55d81cbb-fb85-4082-808b-6966013a4e6d@group-3562B720D7C9-SegmentedRaftLogWorker: flushIndex: setUnconditionally 0 -> -1
2021-01-13 14:10:04,284 [pool-67-thread-1] INFO  segmented.SegmentedRaftLogWorker (SegmentedRaftLogWorker.java:lambda$new$0(132)) - 55d81cbb-fb85-4082-808b-6966013a4e6d@group-3562B720D7C9-SegmentedRaftLogWorker: safeCacheEvictIndex: setUnconditionally 0 -> -1
2021-01-13 14:10:04,284 [pool-67-thread-1] INFO  server.RaftServerConfigKeys (ConfUtils.java:logGet(44)) - raft.server.snapshot.auto.trigger.enabled = true (custom)
2021-01-13 14:10:04,284 [pool-67-thread-1] INFO  server.RaftServerConfigKeys (ConfUtils.java:logGet(44)) - raft.server.snapshot.auto.trigger.threshold = 10000 (custom)
2021-01-13 14:10:04,284 [pool-67-thread-1] INFO  server.RaftServerConfigKeys (ConfUtils.java:logGet(44)) - raft.server.snapshot.retention.file.num = 5 (custom)
2021-01-13 14:10:04,284 [pool-67-thread-1] INFO  server.RaftServerConfigKeys (ConfUtils.java:logGet(44)) - raft.server.log.purge.upto.snapshot.index = false (default)
2021-01-13 14:10:04,284 [pool-67-thread-1] INFO  server.RaftServerConfigKeys (ConfUtils.java:logGet(44)) - raft.server.retrycache.expirytime = 600000ms (custom)
2021-01-13 14:10:04,285 [pool-67-thread-1] INFO  server.RaftServerConfigKeys (ConfUtils.java:logGet(44)) - raft.server.retrycache.statistics.expirytime = 100?s (default)
2021-01-13 14:10:04,285 [pool-67-thread-1] INFO  metrics.RatisMetrics (RatisMetrics.java:lambda$create$0(36)) - Creating Metrics Registry : ratis.leader_election.55d81cbb-fb85-4082-808b-6966013a4e6d@group-3562B720D7C9
2021-01-13 14:10:04,285 [pool-67-thread-1] INFO  metrics.RatisMetrics (RatisMetrics.java:lambda$create$0(36)) - Creating Metrics Registry : ratis.server.55d81cbb-fb85-4082-808b-6966013a4e6d@group-3562B720D7C9
2021-01-13 14:10:04,286 [pool-67-thread-1] INFO  server.RaftServer$Division (RaftServerImpl.java:start(294)) - 55d81cbb-fb85-4082-808b-6966013a4e6d@group-3562B720D7C9: start as a follower, conf=-1: [55d81cbb-fb85-4082-808b-6966013a4e6d|rpc:172.17.0.2:36461|priority:1], old=null
2021-01-13 14:10:04,286 [pool-67-thread-1] INFO  server.RaftServer$Division (RaftServerImpl.java:setRole(283)) - 55d81cbb-fb85-4082-808b-6966013a4e6d@group-3562B720D7C9: changes role from      null to FOLLOWER at term 0 for startAsFollower
2021-01-13 14:10:04,286 [pool-67-thread-1] INFO  impl.RoleInfo (RoleInfo.java:updateAndGet(130)) - 55d81cbb-fb85-4082-808b-6966013a4e6d: start 55d81cbb-fb85-4082-808b-6966013a4e6d@group-3562B720D7C9-FollowerState
2021-01-13 14:10:04,291 [pool-67-thread-1] INFO  util.JmxRegister (JmxRegister.java:tryRegister(44)) - Successfully registered JMX Bean with object name Ratis:service=RaftServer,group=group-3562B720D7C9,id=55d81cbb-fb85-4082-808b-6966013a4e6d
2021-01-13 14:10:04,294 [pool-67-thread-1] INFO  metrics.RatisMetrics (RatisMetrics.java:lambda$create$0(36)) - Creating Metrics Registry : ratis.state_machine.55d81cbb-fb85-4082-808b-6966013a4e6d@group-3562B720D7C9
2021-01-13 14:10:04,305 [Command processor thread] INFO  commandhandler.CreatePipelineCommandHandler (CreatePipelineCommandHandler.java:handle(106)) - Created Pipeline RATIS ONE PipelineID=2527a03d-2dad-435c-b284-3562b720d7c9.
2021-01-13 14:10:04,306 [Command processor thread] INFO  server.RaftServer (RaftServerProxy.java:addNew(95)) - 55d81cbb-fb85-4082-808b-6966013a4e6d: addNew group-55716BB7855F:[88355522-ea7b-442e-ab24-a07389f97d94|rpc:172.17.0.2:34069|priority:1, 55d81cbb-fb85-4082-808b-6966013a4e6d|rpc:172.17.0.2:36461|priority:0, ecce6ce4-ded5-4171-a4f3-4bb4b5b9b0b9|rpc:172.17.0.2:41353|priority:0] returns group-55716BB7855F:java.util.concurrent.CompletableFuture@14edf44d[Not completed]
2021-01-13 14:10:04,307 [EventQueue-PipelineReportForPipelineReportHandler] INFO  pipeline.PipelineStateManager (PipelineStateManager.java:openPipeline(132)) - Pipeline Pipeline[ Id: 2527a03d-2dad-435c-b284-3562b720d7c9, Nodes: 55d81cbb-fb85-4082-808b-6966013a4e6d{ip: 172.17.0.2, host: 2a0ae80d829d, networkLocation: /default-rack, certSerialId: null, persistedOpState: IN_SERVICE, persistedOpStateExpiryEpochSec: 0}, Type:RATIS, Factor:ONE, State:ALLOCATED, leaderId:55d81cbb-fb85-4082-808b-6966013a4e6d, CreationTimestamp2021-01-13T14:10:01.262Z] moved to OPEN state
2021-01-13 14:10:04,311 [pool-67-thread-1] INFO  server.RaftServer$Division (RaftServerImpl.java:<init>(179)) - 55d81cbb-fb85-4082-808b-6966013a4e6d: new RaftServerImpl for group-55716BB7855F:[88355522-ea7b-442e-ab24-a07389f97d94|rpc:172.17.0.2:34069|priority:1, 55d81cbb-fb85-4082-808b-6966013a4e6d|rpc:172.17.0.2:36461|priority:0, ecce6ce4-ded5-4171-a4f3-4bb4b5b9b0b9|rpc:172.17.0.2:41353|priority:0] with ContainerStateMachine:uninitialized
2021-01-13 14:10:04,311 [pool-67-thread-1] INFO  server.RaftServerConfigKeys (ConfUtils.java:logGet(44)) - raft.server.rpc.timeout.min = 5s (custom)
2021-01-13 14:10:04,311 [pool-67-thread-1] INFO  server.RaftServerConfigKeys (ConfUtils.java:logGet(44)) - raft.server.rpc.timeout.max = 5200ms (custom)
2021-01-13 14:10:04,311 [pool-67-thread-1] INFO  server.RaftServerConfigKeys (ConfUtils.java:logGet(44)) - raft.server.rpc.sleep.time = 25ms (default)
2021-01-13 14:10:04,311 [pool-67-thread-1] INFO  server.RaftServerConfigKeys (ConfUtils.java:logGet(44)) - raft.server.rpc.slowness.timeout = 300s (custom)
2021-01-13 14:10:04,311 [pool-67-thread-1] INFO  server.RaftServerConfigKeys (ConfUtils.java:logGet(44)) - raft.server.leaderelection.leader.step-down.wait-time = 10s (default)
2021-01-13 14:10:04,311 [pool-67-thread-1] INFO  server.RaftServerConfigKeys (ConfUtils.java:logGet(44)) - raft.server.sleep.deviation.threshold = 300ms (default)
2021-01-13 14:10:04,311 [pool-67-thread-1] INFO  server.RaftServerConfigKeys (ConfUtils.java:logGet(44)) - raft.server.log.appender.install.snapshot.enabled = false (custom)
2021-01-13 14:10:04,311 [pool-67-thread-1] INFO  server.RaftServer$Division (ServerState.java:<init>(103)) - 55d81cbb-fb85-4082-808b-6966013a4e6d@group-55716BB7855F: ConfigurationManager, init=-1: [88355522-ea7b-442e-ab24-a07389f97d94|rpc:172.17.0.2:34069|priority:1, 55d81cbb-fb85-4082-808b-6966013a4e6d|rpc:172.17.0.2:36461|priority:0, ecce6ce4-ded5-4171-a4f3-4bb4b5b9b0b9|rpc:172.17.0.2:41353|priority:0], old=null, confs=<EMPTY_MAP>
2021-01-13 14:10:04,311 [pool-67-thread-1] INFO  server.RaftServerConfigKeys (ConfUtils.java:logGet(44)) - raft.server.storage.dir = [/github/workspace/mnt/ozone/hadoop-ozone/integration-test/target/test-dir/MiniOzoneClusterImpl-9fde871d-63de-45ae-a394-6b80eb19d1dd/datanode-0/data/ratis] (custom)
2021-01-13 14:10:04,312 [pool-67-thread-1] INFO  server.RaftServerConfigKeys (ConfUtils.java:logGet(44)) - raft.server.log.corruption.policy = EXCEPTION (default)
2021-01-13 14:10:04,312 [pool-67-thread-1] INFO  storage.RaftStorageDirectory (RaftStorageDirectoryImpl.java:analyzeStorage(132)) - The storage directory /github/workspace/mnt/ozone/hadoop-ozone/integration-test/target/test-dir/MiniOzoneClusterImpl-9fde871d-63de-45ae-a394-6b80eb19d1dd/datanode-0/data/ratis/405a2968-de9b-4577-b1bf-55716bb7855f does not exist. Creating ...
2021-01-13 14:10:04,312 [EventQueue-PipelineReportForOneReplicaPipelineSafeModeRule] INFO  safemode.SCMSafeModeManager (SCMSafeModeManager.java:validateSafeModeExitRules(214)) - AtleastOneDatanodeReportedRule rule is successfully validated
2021-01-13 14:10:04,313 [pool-67-thread-1] INFO  storage.RaftStorageDirectory (RaftStorageDirectoryImpl.java:tryLock(215)) - Lock on /github/workspace/mnt/ozone/hadoop-ozone/integration-test/target/test-dir/MiniOzoneClusterImpl-9fde871d-63de-45ae-a394-6b80eb19d1dd/datanode-0/data/ratis/405a2968-de9b-4577-b1bf-55716bb7855f/in_use.lock acquired by nodename 4782@2a0ae80d829d
2021-01-13 14:10:04,318 [EventQueue-OpenPipelineForHealthyPipelineSafeModeRule] INFO  safemode.SCMSafeModeManager (HealthyPipelineSafeModeRule.java:process(128)) - SCM in safe mode. Healthy pipelines reported count is 0, required healthy pipeline reported count is 1
2021-01-13 14:10:04,319 [pool-67-thread-1] INFO  storage.RaftStorage (RaftStorageImpl.java:format(87)) - Storage directory /github/workspace/mnt/ozone/hadoop-ozone/integration-test/target/test-dir/MiniOzoneClusterImpl-9fde871d-63de-45ae-a394-6b80eb19d1dd/datanode-0/data/ratis/405a2968-de9b-4577-b1bf-55716bb7855f has been successfully formatted.
2021-01-13 14:10:04,319 [pool-67-thread-1] INFO  ratis.ContainerStateMachine (ContainerStateMachine.java:loadSnapshot(223)) - group-55716BB7855F: The snapshot info is null. Setting the last applied indexto:(t:0, i:~)
2021-01-13 14:10:04,319 [pool-67-thread-1] ERROR storage.RaftStorage (RaftStorageImpl.java:readRaftConfiguration(147)) - Failed reading configuration from file:/github/workspace/mnt/ozone/hadoop-ozone/integration-test/target/test-dir/MiniOzoneClusterImpl-9fde871d-63de-45ae-a394-6b80eb19d1dd/datanode-0/data/ratis/405a2968-de9b-4577-b1bf-55716bb7855f/current/raft-meta.conf
java.io.FileNotFoundException: /github/workspace/mnt/ozone/hadoop-ozone/integration-test/target/test-dir/MiniOzoneClusterImpl-9fde871d-63de-45ae-a394-6b80eb19d1dd/datanode-0/data/ratis/405a2968-de9b-4577-b1bf-55716bb7855f/current/raft-meta.conf (No such file or directory)
	at java.io.FileInputStream.open0(Native Method)
	at java.io.FileInputStream.open(FileInputStream.java:195)
	at java.io.FileInputStream.<init>(FileInputStream.java:138)
	at org.apache.ratis.server.storage.RaftStorageImpl.readRaftConfiguration(RaftStorageImpl.java:143)
	at org.apache.ratis.server.impl.ServerState.<init>(ServerState.java:113)
	at org.apache.ratis.server.impl.RaftServerImpl.<init>(RaftServerImpl.java:192)
	at org.apache.ratis.server.impl.RaftServerProxy.lambda$newRaftServerImpl$4(RaftServerProxy.java:266)
	at java.util.concurrent.CompletableFuture$AsyncSupply.run(CompletableFuture.java:1604)
	at java.util.concurrent.ThreadPoolExecutor.runWorker(ThreadPoolExecutor.java:1149)
	at java.util.concurrent.ThreadPoolExecutor$Worker.run(ThreadPoolExecutor.java:624)
	at java.lang.Thread.run(Thread.java:748)
2021-01-13 14:10:04,319 [pool-67-thread-1] INFO  server.RaftServerConfigKeys (ConfUtils.java:logGet(44)) - raft.server.notification.no-leader.timeout = 300s (custom)
2021-01-13 14:10:04,319 [pool-67-thread-1] INFO  server.RaftServerConfigKeys (ConfUtils.java:logGet(44)) - raft.server.log.use.memory = false (default)
2021-01-13 14:10:04,320 [pool-67-thread-1] INFO  server.RaftServerConfigKeys (ConfUtils.java:logGet(44)) - raft.server.log.purge.gap = 1000000 (custom)
2021-01-13 14:10:04,320 [pool-67-thread-1] INFO  server.RaftServerConfigKeys (ConfUtils.java:logGet(44)) - raft.server.log.appender.buffer.byte-limit = 33554432 (custom)
2021-01-13 14:10:04,320 [pool-67-thread-1] INFO  metrics.RatisMetrics (RatisMetrics.java:lambda$create$0(36)) - Creating Metrics Registry : ratis.log_worker.55d81cbb-fb85-4082-808b-6966013a4e6d@group-55716BB7855F
2021-01-13 14:10:04,320 [pool-67-thread-1] INFO  server.RaftServerConfigKeys (ConfUtils.java:logGet(44)) - raft.server.log.segment.size.max = 1048576 (custom)
2021-01-13 14:10:04,320 [pool-67-thread-1] INFO  server.RaftServerConfigKeys (ConfUtils.java:logGet(44)) - raft.server.log.segment.cache.num.max = 2 (custom)
2021-01-13 14:10:04,320 [pool-67-thread-1] INFO  server.RaftServerConfigKeys (ConfUtils.java:logGet(44)) - raft.server.log.segment.cache.size.max = 200MB (=209715200) (default)
2021-01-13 14:10:04,321 [pool-67-thread-1] INFO  segmented.SegmentedRaftLogWorker (SegmentedRaftLogWorker.java:<init>(181)) - new 55d81cbb-fb85-4082-808b-6966013a4e6d@group-55716BB7855F-SegmentedRaftLogWorker for RaftStorageImpl:Storage Directory /github/workspace/mnt/ozone/hadoop-ozone/integration-test/target/test-dir/MiniOzoneClusterImpl-9fde871d-63de-45ae-a394-6b80eb19d1dd/datanode-0/data/ratis/405a2968-de9b-4577-b1bf-55716bb7855f
2021-01-13 14:10:04,321 [pool-67-thread-1] INFO  server.RaftServerConfigKeys (ConfUtils.java:logGet(44)) - raft.server.log.queue.byte-limit = 2147483647 (custom)
2021-01-13 14:10:04,321 [pool-67-thread-1] INFO  server.RaftServerConfigKeys (ConfUtils.java:logGet(44)) - raft.server.log.queue.element-limit = 1024 (custom)
2021-01-13 14:10:04,321 [pool-67-thread-1] INFO  server.RaftServerConfigKeys (ConfUtils.java:logGet(44)) - raft.server.log.segment.size.max = 1048576 (custom)
2021-01-13 14:10:04,321 [pool-67-thread-1] INFO  server.RaftServerConfigKeys (ConfUtils.java:logGet(44)) - raft.server.log.preallocated.size = 16384 (custom)
2021-01-13 14:10:04,321 [pool-67-thread-1] INFO  server.RaftServerConfigKeys (ConfUtils.java:logGet(44)) - raft.server.log.force.sync.num = 128 (default)
2021-01-13 14:10:04,321 [pool-67-thread-1] INFO  server.RaftServerConfigKeys (ConfUtils.java:logGet(44)) - raft.server.log.statemachine.data.sync = true (default)
2021-01-13 14:10:04,321 [pool-67-thread-1] INFO  server.RaftServerConfigKeys (ConfUtils.java:logGet(44)) - raft.server.log.statemachine.data.sync.timeout = 10s (default)
2021-01-13 14:10:04,321 [pool-67-thread-1] INFO  server.RaftServerConfigKeys (ConfUtils.java:logGet(44)) - raft.server.log.statemachine.data.sync.timeout.retry = -1 (default)
2021-01-13 14:10:04,323 [pool-67-thread-1] INFO  server.RaftServerConfigKeys (ConfUtils.java:logGet(44)) - raft.server.log.write.buffer.size = 1048576 (custom)
2021-01-13 14:10:04,324 [pool-67-thread-1] INFO  server.RaftServerConfigKeys (ConfUtils.java:logGet(44)) - raft.server.log.statemachine.data.caching.enabled = true (custom)
2021-01-13 14:10:04,324 [pool-67-thread-1] INFO  segmented.SegmentedRaftLogWorker (SegmentedRaftLogWorker.java:lambda$new$0(132)) - 55d81cbb-fb85-4082-808b-6966013a4e6d@group-55716BB7855F-SegmentedRaftLogWorker: flushIndex: setUnconditionally 0 -> -1
2021-01-13 14:10:04,324 [pool-67-thread-1] INFO  segmented.SegmentedRaftLogWorker (SegmentedRaftLogWorker.java:lambda$new$0(132)) - 55d81cbb-fb85-4082-808b-6966013a4e6d@group-55716BB7855F-SegmentedRaftLogWorker: safeCacheEvictIndex: setUnconditionally 0 -> -1
2021-01-13 14:10:04,326 [pool-67-thread-1] INFO  server.RaftServerConfigKeys (ConfUtils.java:logGet(44)) - raft.server.snapshot.auto.trigger.enabled = true (custom)
2021-01-13 14:10:04,326 [pool-67-thread-1] INFO  server.RaftServerConfigKeys (ConfUtils.java:logGet(44)) - raft.server.snapshot.auto.trigger.threshold = 10000 (custom)
2021-01-13 14:10:04,326 [pool-67-thread-1] INFO  server.RaftServerConfigKeys (ConfUtils.java:logGet(44)) - raft.server.snapshot.retention.file.num = 5 (custom)
2021-01-13 14:10:04,326 [pool-67-thread-1] INFO  server.RaftServerConfigKeys (ConfUtils.java:logGet(44)) - raft.server.log.purge.upto.snapshot.index = false (default)
2021-01-13 14:10:04,326 [pool-67-thread-1] INFO  server.RaftServerConfigKeys (ConfUtils.java:logGet(44)) - raft.server.retrycache.expirytime = 600000ms (custom)
2021-01-13 14:10:04,326 [pool-67-thread-1] INFO  server.RaftServerConfigKeys (ConfUtils.java:logGet(44)) - raft.server.retrycache.statistics.expirytime = 100?s (default)
2021-01-13 14:10:04,326 [pool-67-thread-1] INFO  metrics.RatisMetrics (RatisMetrics.java:lambda$create$0(36)) - Creating Metrics Registry : ratis.leader_election.55d81cbb-fb85-4082-808b-6966013a4e6d@group-55716BB7855F
2021-01-13 14:10:04,327 [EventQueue-OpenPipelineForHealthyPipelineSafeModeRule] INFO  safemode.SCMSafeModeManager (HealthyPipelineSafeModeRule.java:process(128)) - SCM in safe mode. Healthy pipelines reported count is 0, required healthy pipeline reported count is 1
2021-01-13 14:10:04,327 [EventQueue-PipelineReportForOneReplicaPipelineSafeModeRule] INFO  safemode.SCMSafeModeManager (SCMSafeModeManager.java:validateSafeModeExitRules(214)) - AtleastOneDatanodeReportedRule rule is successfully validated
2021-01-13 14:10:04,329 [pool-67-thread-1] INFO  metrics.RatisMetrics (RatisMetrics.java:lambda$create$0(36)) - Creating Metrics Registry : ratis.server.55d81cbb-fb85-4082-808b-6966013a4e6d@group-55716BB7855F
2021-01-13 14:10:04,330 [pool-67-thread-1] INFO  server.RaftServer$Division (RaftServerImpl.java:start(294)) - 55d81cbb-fb85-4082-808b-6966013a4e6d@group-55716BB7855F: start as a follower, conf=-1: [88355522-ea7b-442e-ab24-a07389f97d94|rpc:172.17.0.2:34069|priority:1, 55d81cbb-fb85-4082-808b-6966013a4e6d|rpc:172.17.0.2:36461|priority:0, ecce6ce4-ded5-4171-a4f3-4bb4b5b9b0b9|rpc:172.17.0.2:41353|priority:0], old=null
2021-01-13 14:10:04,335 [pool-67-thread-1] INFO  server.RaftServer$Division (RaftServerImpl.java:setRole(283)) - 55d81cbb-fb85-4082-808b-6966013a4e6d@group-55716BB7855F: changes role from      null to FOLLOWER at term 0 for startAsFollower
2021-01-13 14:10:04,335 [pool-67-thread-1] INFO  impl.RoleInfo (RoleInfo.java:updateAndGet(130)) - 55d81cbb-fb85-4082-808b-6966013a4e6d: start 55d81cbb-fb85-4082-808b-6966013a4e6d@group-55716BB7855F-FollowerState
2021-01-13 14:10:04,339 [pool-67-thread-1] INFO  util.JmxRegister (JmxRegister.java:tryRegister(44)) - Successfully registered JMX Bean with object name Ratis:service=RaftServer,group=group-55716BB7855F,id=55d81cbb-fb85-4082-808b-6966013a4e6d
2021-01-13 14:10:04,340 [pool-67-thread-1] INFO  metrics.RatisMetrics (RatisMetrics.java:lambda$create$0(36)) - Creating Metrics Registry : ratis.state_machine.55d81cbb-fb85-4082-808b-6966013a4e6d@group-55716BB7855F
2021-01-13 14:10:04,378 [Command processor thread] INFO  metrics.RatisMetrics (RatisMetrics.java:lambda$create$0(36)) - Creating Metrics Registry : ratis.client_message_metrics.client-69DCB7AB3FFB->88355522-ea7b-442e-ab24-a07389f97d94
2021-01-13 14:10:04,412 [grpc-default-executor-1] INFO  metrics.RatisMetrics (RatisMetrics.java:lambda$create$0(36)) - Creating Metrics Registry : ratis.server_message_metrics.88355522-ea7b-442e-ab24-a07389f97d94
2021-01-13 14:10:04,434 [grpc-default-executor-1] INFO  server.RaftServer (RaftServerProxy.java:addNew(95)) - 88355522-ea7b-442e-ab24-a07389f97d94: addNew group-55716BB7855F:[88355522-ea7b-442e-ab24-a07389f97d94|rpc:172.17.0.2:34069|dataStream:|priority:1, 55d81cbb-fb85-4082-808b-6966013a4e6d|rpc:172.17.0.2:36461|dataStream:|priority:0, ecce6ce4-ded5-4171-a4f3-4bb4b5b9b0b9|rpc:172.17.0.2:41353|dataStream:|priority:0] returns group-55716BB7855F:java.util.concurrent.CompletableFuture@22636b3a[Not completed]
2021-01-13 14:10:04,469 [pool-99-thread-1] INFO  server.RaftServer$Division (RaftServerImpl.java:<init>(179)) - 88355522-ea7b-442e-ab24-a07389f97d94: new RaftServerImpl for group-55716BB7855F:[88355522-ea7b-442e-ab24-a07389f97d94|rpc:172.17.0.2:34069|dataStream:|priority:1, 55d81cbb-fb85-4082-808b-6966013a4e6d|rpc:172.17.0.2:36461|dataStream:|priority:0, ecce6ce4-ded5-4171-a4f3-4bb4b5b9b0b9|rpc:172.17.0.2:41353|dataStream:|priority:0] with ContainerStateMachine:uninitialized
2021-01-13 14:10:04,479 [grpc-default-executor-1] WARN  server.GrpcLogAppender (LogUtils.java:warn(122)) - omNode-2@group-523986131536->omNode-3-AppendLogResponseHandler: Failed appendEntries: org.apache.ratis.thirdparty.io.grpc.StatusRuntimeException: UNAVAILABLE: io exception
2021-01-13 14:10:04,480 [grpc-default-executor-1] WARN  server.GrpcLogAppender (GrpcLogAppender.java:resetClient(111)) - omNode-2@group-523986131536->omNode-3-GrpcLogAppender: Leader has not got in touch with Follower omNode-2@group-523986131536->omNode-3(c-1,m0,n1, attendVote=true, lastRpcSendTime=512, lastRpcResponseTime=7882) yet, just keep nextIndex unchanged and retry.
2021-01-13 14:10:04,486 [pool-99-thread-1] INFO  server.RaftServerConfigKeys (ConfUtils.java:logGet(44)) - raft.server.rpc.timeout.min = 5s (custom)
2021-01-13 14:10:04,486 [pool-99-thread-1] INFO  server.RaftServerConfigKeys (ConfUtils.java:logGet(44)) - raft.server.rpc.timeout.max = 5200ms (custom)
2021-01-13 14:10:04,486 [pool-99-thread-1] INFO  server.RaftServerConfigKeys (ConfUtils.java:logGet(44)) - raft.server.rpc.sleep.time = 25ms (default)
2021-01-13 14:10:04,486 [pool-99-thread-1] INFO  server.RaftServerConfigKeys (ConfUtils.java:logGet(44)) - raft.server.rpc.slowness.timeout = 300s (custom)
2021-01-13 14:10:04,486 [pool-99-thread-1] INFO  server.RaftServerConfigKeys (ConfUtils.java:logGet(44)) - raft.server.leaderelection.leader.step-down.wait-time = 10s (default)
2021-01-13 14:10:04,486 [pool-99-thread-1] INFO  server.RaftServerConfigKeys (ConfUtils.java:logGet(44)) - raft.server.sleep.deviation.threshold = 300ms (default)
2021-01-13 14:10:04,486 [pool-99-thread-1] INFO  server.RaftServerConfigKeys (ConfUtils.java:logGet(44)) - raft.server.log.appender.install.snapshot.enabled = false (custom)
2021-01-13 14:10:04,486 [pool-99-thread-1] INFO  server.RaftServer$Division (ServerState.java:<init>(103)) - 88355522-ea7b-442e-ab24-a07389f97d94@group-55716BB7855F: ConfigurationManager, init=-1: [88355522-ea7b-442e-ab24-a07389f97d94|rpc:172.17.0.2:34069|dataStream:|priority:1, 55d81cbb-fb85-4082-808b-6966013a4e6d|rpc:172.17.0.2:36461|dataStream:|priority:0, ecce6ce4-ded5-4171-a4f3-4bb4b5b9b0b9|rpc:172.17.0.2:41353|dataStream:|priority:0], old=null, confs=<EMPTY_MAP>
2021-01-13 14:10:04,486 [pool-99-thread-1] INFO  server.RaftServerConfigKeys (ConfUtils.java:logGet(44)) - raft.server.storage.dir = [/github/workspace/mnt/ozone/hadoop-ozone/integration-test/target/test-dir/MiniOzoneClusterImpl-9fde871d-63de-45ae-a394-6b80eb19d1dd/datanode-2/data/ratis] (custom)
2021-01-13 14:10:04,487 [pool-99-thread-1] INFO  server.RaftServerConfigKeys (ConfUtils.java:logGet(44)) - raft.server.log.corruption.policy = EXCEPTION (default)
2021-01-13 14:10:04,487 [pool-99-thread-1] INFO  storage.RaftStorageDirectory (RaftStorageDirectoryImpl.java:analyzeStorage(132)) - The storage directory /github/workspace/mnt/ozone/hadoop-ozone/integration-test/target/test-dir/MiniOzoneClusterImpl-9fde871d-63de-45ae-a394-6b80eb19d1dd/datanode-2/data/ratis/405a2968-de9b-4577-b1bf-55716bb7855f does not exist. Creating ...
2021-01-13 14:10:04,490 [pool-99-thread-1] INFO  storage.RaftStorageDirectory (RaftStorageDirectoryImpl.java:tryLock(215)) - Lock on /github/workspace/mnt/ozone/hadoop-ozone/integration-test/target/test-dir/MiniOzoneClusterImpl-9fde871d-63de-45ae-a394-6b80eb19d1dd/datanode-2/data/ratis/405a2968-de9b-4577-b1bf-55716bb7855f/in_use.lock acquired by nodename 4782@2a0ae80d829d
2021-01-13 14:10:04,492 [pool-99-thread-1] INFO  storage.RaftStorage (RaftStorageImpl.java:format(87)) - Storage directory /github/workspace/mnt/ozone/hadoop-ozone/integration-test/target/test-dir/MiniOzoneClusterImpl-9fde871d-63de-45ae-a394-6b80eb19d1dd/datanode-2/data/ratis/405a2968-de9b-4577-b1bf-55716bb7855f has been successfully formatted.
2021-01-13 14:10:04,492 [pool-99-thread-1] INFO  ratis.ContainerStateMachine (ContainerStateMachine.java:loadSnapshot(223)) - group-55716BB7855F: The snapshot info is null. Setting the last applied indexto:(t:0, i:~)
2021-01-13 14:10:04,506 [pool-99-thread-1] ERROR storage.RaftStorage (RaftStorageImpl.java:readRaftConfiguration(147)) - Failed reading configuration from file:/github/workspace/mnt/ozone/hadoop-ozone/integration-test/target/test-dir/MiniOzoneClusterImpl-9fde871d-63de-45ae-a394-6b80eb19d1dd/datanode-2/data/ratis/405a2968-de9b-4577-b1bf-55716bb7855f/current/raft-meta.conf
java.io.FileNotFoundException: /github/workspace/mnt/ozone/hadoop-ozone/integration-test/target/test-dir/MiniOzoneClusterImpl-9fde871d-63de-45ae-a394-6b80eb19d1dd/datanode-2/data/ratis/405a2968-de9b-4577-b1bf-55716bb7855f/current/raft-meta.conf (No such file or directory)
	at java.io.FileInputStream.open0(Native Method)
	at java.io.FileInputStream.open(FileInputStream.java:195)
	at java.io.FileInputStream.<init>(FileInputStream.java:138)
	at org.apache.ratis.server.storage.RaftStorageImpl.readRaftConfiguration(RaftStorageImpl.java:143)
	at org.apache.ratis.server.impl.ServerState.<init>(ServerState.java:113)
	at org.apache.ratis.server.impl.RaftServerImpl.<init>(RaftServerImpl.java:192)
	at org.apache.ratis.server.impl.RaftServerProxy.lambda$newRaftServerImpl$4(RaftServerProxy.java:266)
	at java.util.concurrent.CompletableFuture$AsyncSupply.run(CompletableFuture.java:1604)
	at java.util.concurrent.ThreadPoolExecutor.runWorker(ThreadPoolExecutor.java:1149)
	at java.util.concurrent.ThreadPoolExecutor$Worker.run(ThreadPoolExecutor.java:624)
	at java.lang.Thread.run(Thread.java:748)
2021-01-13 14:10:04,506 [pool-99-thread-1] INFO  server.RaftServerConfigKeys (ConfUtils.java:logGet(44)) - raft.server.notification.no-leader.timeout = 300s (custom)
2021-01-13 14:10:04,506 [pool-99-thread-1] INFO  server.RaftServerConfigKeys (ConfUtils.java:logGet(44)) - raft.server.log.use.memory = false (default)
2021-01-13 14:10:04,506 [pool-99-thread-1] INFO  server.RaftServerConfigKeys (ConfUtils.java:logGet(44)) - raft.server.log.purge.gap = 1000000 (custom)
2021-01-13 14:10:04,506 [pool-99-thread-1] INFO  server.RaftServerConfigKeys (ConfUtils.java:logGet(44)) - raft.server.log.appender.buffer.byte-limit = 33554432 (custom)
2021-01-13 14:10:04,506 [pool-99-thread-1] INFO  metrics.RatisMetrics (RatisMetrics.java:lambda$create$0(36)) - Creating Metrics Registry : ratis.log_worker.88355522-ea7b-442e-ab24-a07389f97d94@group-55716BB7855F
2021-01-13 14:10:04,507 [pool-99-thread-1] INFO  server.RaftServerConfigKeys (ConfUtils.java:logGet(44)) - raft.server.log.segment.size.max = 1048576 (custom)
2021-01-13 14:10:04,507 [pool-99-thread-1] INFO  server.RaftServerConfigKeys (ConfUtils.java:logGet(44)) - raft.server.log.segment.cache.num.max = 2 (custom)
2021-01-13 14:10:04,507 [pool-99-thread-1] INFO  server.RaftServerConfigKeys (ConfUtils.java:logGet(44)) - raft.server.log.segment.cache.size.max = 200MB (=209715200) (default)
2021-01-13 14:10:04,507 [pool-99-thread-1] INFO  segmented.SegmentedRaftLogWorker (SegmentedRaftLogWorker.java:<init>(181)) - new 88355522-ea7b-442e-ab24-a07389f97d94@group-55716BB7855F-SegmentedRaftLogWorker for RaftStorageImpl:Storage Directory /github/workspace/mnt/ozone/hadoop-ozone/integration-test/target/test-dir/MiniOzoneClusterImpl-9fde871d-63de-45ae-a394-6b80eb19d1dd/datanode-2/data/ratis/405a2968-de9b-4577-b1bf-55716bb7855f
2021-01-13 14:10:04,507 [pool-99-thread-1] INFO  server.RaftServerConfigKeys (ConfUtils.java:logGet(44)) - raft.server.log.queue.byte-limit = 2147483647 (custom)
2021-01-13 14:10:04,507 [pool-99-thread-1] INFO  server.RaftServerConfigKeys (ConfUtils.java:logGet(44)) - raft.server.log.queue.element-limit = 1024 (custom)
2021-01-13 14:10:04,507 [pool-99-thread-1] INFO  server.RaftServerConfigKeys (ConfUtils.java:logGet(44)) - raft.server.log.segment.size.max = 1048576 (custom)
2021-01-13 14:10:04,507 [pool-99-thread-1] INFO  server.RaftServerConfigKeys (ConfUtils.java:logGet(44)) - raft.server.log.preallocated.size = 16384 (custom)
2021-01-13 14:10:04,507 [pool-99-thread-1] INFO  server.RaftServerConfigKeys (ConfUtils.java:logGet(44)) - raft.server.log.force.sync.num = 128 (default)
2021-01-13 14:10:04,507 [pool-99-thread-1] INFO  server.RaftServerConfigKeys (ConfUtils.java:logGet(44)) - raft.server.log.statemachine.data.sync = true (default)
2021-01-13 14:10:04,508 [pool-99-thread-1] INFO  server.RaftServerConfigKeys (ConfUtils.java:logGet(44)) - raft.server.log.statemachine.data.sync.timeout = 10s (default)
2021-01-13 14:10:04,508 [pool-99-thread-1] INFO  server.RaftServerConfigKeys (ConfUtils.java:logGet(44)) - raft.server.log.statemachine.data.sync.timeout.retry = -1 (default)
2021-01-13 14:10:04,508 [pool-99-thread-1] INFO  server.RaftServerConfigKeys (ConfUtils.java:logGet(44)) - raft.server.log.write.buffer.size = 1048576 (custom)
2021-01-13 14:10:04,508 [EventQueue-PipelineReportForOneReplicaPipelineSafeModeRule] INFO  safemode.SCMSafeModeManager (SCMSafeModeManager.java:validateSafeModeExitRules(214)) - AtleastOneDatanodeReportedRule rule is successfully validated
2021-01-13 14:10:04,509 [pool-99-thread-1] INFO  server.RaftServerConfigKeys (ConfUtils.java:logGet(44)) - raft.server.log.statemachine.data.caching.enabled = true (custom)
2021-01-13 14:10:04,510 [pool-99-thread-1] INFO  segmented.SegmentedRaftLogWorker (SegmentedRaftLogWorker.java:lambda$new$0(132)) - 88355522-ea7b-442e-ab24-a07389f97d94@group-55716BB7855F-SegmentedRaftLogWorker: flushIndex: setUnconditionally 0 -> -1
2021-01-13 14:10:04,510 [pool-99-thread-1] INFO  segmented.SegmentedRaftLogWorker (SegmentedRaftLogWorker.java:lambda$new$0(132)) - 88355522-ea7b-442e-ab24-a07389f97d94@group-55716BB7855F-SegmentedRaftLogWorker: safeCacheEvictIndex: setUnconditionally 0 -> -1
2021-01-13 14:10:04,522 [pool-99-thread-1] INFO  server.RaftServerConfigKeys (ConfUtils.java:logGet(44)) - raft.server.snapshot.auto.trigger.enabled = true (custom)
2021-01-13 14:10:04,522 [pool-99-thread-1] INFO  server.RaftServerConfigKeys (ConfUtils.java:logGet(44)) - raft.server.snapshot.auto.trigger.threshold = 10000 (custom)
2021-01-13 14:10:04,522 [pool-99-thread-1] INFO  server.RaftServerConfigKeys (ConfUtils.java:logGet(44)) - raft.server.snapshot.retention.file.num = 5 (custom)
2021-01-13 14:10:04,522 [pool-99-thread-1] INFO  server.RaftServerConfigKeys (ConfUtils.java:logGet(44)) - raft.server.log.purge.upto.snapshot.index = false (default)
2021-01-13 14:10:04,522 [pool-99-thread-1] INFO  server.RaftServerConfigKeys (ConfUtils.java:logGet(44)) - raft.server.retrycache.expirytime = 600000ms (custom)
2021-01-13 14:10:04,522 [pool-99-thread-1] INFO  server.RaftServerConfigKeys (ConfUtils.java:logGet(44)) - raft.server.retrycache.statistics.expirytime = 100?s (default)
2021-01-13 14:10:04,522 [pool-99-thread-1] INFO  metrics.RatisMetrics (RatisMetrics.java:lambda$create$0(36)) - Creating Metrics Registry : ratis.leader_election.88355522-ea7b-442e-ab24-a07389f97d94@group-55716BB7855F
2021-01-13 14:10:04,523 [pool-99-thread-1] INFO  metrics.RatisMetrics (RatisMetrics.java:lambda$create$0(36)) - Creating Metrics Registry : ratis.server.88355522-ea7b-442e-ab24-a07389f97d94@group-55716BB7855F
2021-01-13 14:10:04,523 [pool-99-thread-1] INFO  server.RaftServer$Division (RaftServerImpl.java:start(294)) - 88355522-ea7b-442e-ab24-a07389f97d94@group-55716BB7855F: start as a follower, conf=-1: [88355522-ea7b-442e-ab24-a07389f97d94|rpc:172.17.0.2:34069|dataStream:|priority:1, 55d81cbb-fb85-4082-808b-6966013a4e6d|rpc:172.17.0.2:36461|dataStream:|priority:0, ecce6ce4-ded5-4171-a4f3-4bb4b5b9b0b9|rpc:172.17.0.2:41353|dataStream:|priority:0], old=null
2021-01-13 14:10:04,523 [pool-99-thread-1] INFO  server.RaftServer$Division (RaftServerImpl.java:setRole(283)) - 88355522-ea7b-442e-ab24-a07389f97d94@group-55716BB7855F: changes role from      null to FOLLOWER at term 0 for startAsFollower
2021-01-13 14:10:04,524 [pool-99-thread-1] INFO  impl.RoleInfo (RoleInfo.java:updateAndGet(130)) - 88355522-ea7b-442e-ab24-a07389f97d94: start 88355522-ea7b-442e-ab24-a07389f97d94@group-55716BB7855F-FollowerState
2021-01-13 14:10:04,534 [pool-99-thread-1] INFO  util.JmxRegister (JmxRegister.java:tryRegister(44)) - Successfully registered JMX Bean with object name Ratis:service=RaftServer,group=group-55716BB7855F,id=88355522-ea7b-442e-ab24-a07389f97d94
2021-01-13 14:10:04,534 [pool-99-thread-1] INFO  metrics.RatisMetrics (RatisMetrics.java:lambda$create$0(36)) - Creating Metrics Registry : ratis.state_machine.88355522-ea7b-442e-ab24-a07389f97d94@group-55716BB7855F
2021-01-13 14:10:04,559 [Command processor thread] INFO  server.RaftServer (RaftServerProxy.java:addNew(95)) - ecce6ce4-ded5-4171-a4f3-4bb4b5b9b0b9: addNew group-9613495F631C:[ecce6ce4-ded5-4171-a4f3-4bb4b5b9b0b9|rpc:172.17.0.2:41353|priority:1] returns group-9613495F631C:java.util.concurrent.CompletableFuture@19b7ffef[Not completed]
2021-01-13 14:10:04,638 [Command processor thread] INFO  metrics.RatisMetrics (RatisMetrics.java:lambda$create$0(36)) - Creating Metrics Registry : ratis.client_message_metrics.client-27EB8DEDA501->ecce6ce4-ded5-4171-a4f3-4bb4b5b9b0b9
2021-01-13 14:10:04,658 [grpc-default-executor-1] INFO  metrics.RatisMetrics (RatisMetrics.java:lambda$create$0(36)) - Creating Metrics Registry : ratis.server_message_metrics.ecce6ce4-ded5-4171-a4f3-4bb4b5b9b0b9
2021-01-13 14:10:04,670 [grpc-default-executor-1] INFO  server.RaftServer (RaftServerProxy.java:addNew(95)) - ecce6ce4-ded5-4171-a4f3-4bb4b5b9b0b9: addNew group-55716BB7855F:[88355522-ea7b-442e-ab24-a07389f97d94|rpc:172.17.0.2:34069|dataStream:|priority:1, 55d81cbb-fb85-4082-808b-6966013a4e6d|rpc:172.17.0.2:36461|dataStream:|priority:0, ecce6ce4-ded5-4171-a4f3-4bb4b5b9b0b9|rpc:172.17.0.2:41353|dataStream:|priority:0] returns group-55716BB7855F:java.util.concurrent.CompletableFuture@bc05d1e[Not completed]
2021-01-13 14:10:04,677 [pool-82-thread-1] INFO  server.RaftServer$Division (RaftServerImpl.java:<init>(179)) - ecce6ce4-ded5-4171-a4f3-4bb4b5b9b0b9: new RaftServerImpl for group-9613495F631C:[ecce6ce4-ded5-4171-a4f3-4bb4b5b9b0b9|rpc:172.17.0.2:41353|priority:1] with ContainerStateMachine:uninitialized
2021-01-13 14:10:04,678 [pool-82-thread-1] INFO  server.RaftServerConfigKeys (ConfUtils.java:logGet(44)) - raft.server.rpc.timeout.min = 5s (custom)
2021-01-13 14:10:04,678 [pool-82-thread-1] INFO  server.RaftServerConfigKeys (ConfUtils.java:logGet(44)) - raft.server.rpc.timeout.max = 5200ms (custom)
2021-01-13 14:10:04,678 [pool-82-thread-1] INFO  server.RaftServerConfigKeys (ConfUtils.java:logGet(44)) - raft.server.rpc.sleep.time = 25ms (default)
2021-01-13 14:10:04,678 [pool-82-thread-1] INFO  server.RaftServerConfigKeys (ConfUtils.java:logGet(44)) - raft.server.rpc.slowness.timeout = 300s (custom)
2021-01-13 14:10:04,678 [pool-82-thread-1] INFO  server.RaftServerConfigKeys (ConfUtils.java:logGet(44)) - raft.server.leaderelection.leader.step-down.wait-time = 10s (default)
2021-01-13 14:10:04,678 [pool-82-thread-1] INFO  server.RaftServerConfigKeys (ConfUtils.java:logGet(44)) - raft.server.sleep.deviation.threshold = 300ms (default)
2021-01-13 14:10:04,678 [pool-82-thread-1] INFO  server.RaftServerConfigKeys (ConfUtils.java:logGet(44)) - raft.server.log.appender.install.snapshot.enabled = false (custom)
2021-01-13 14:10:04,678 [pool-82-thread-1] INFO  server.RaftServer$Division (ServerState.java:<init>(103)) - ecce6ce4-ded5-4171-a4f3-4bb4b5b9b0b9@group-9613495F631C: ConfigurationManager, init=-1: [ecce6ce4-ded5-4171-a4f3-4bb4b5b9b0b9|rpc:172.17.0.2:41353|priority:1], old=null, confs=<EMPTY_MAP>
2021-01-13 14:10:04,679 [pool-82-thread-1] INFO  server.RaftServerConfigKeys (ConfUtils.java:logGet(44)) - raft.server.storage.dir = [/github/workspace/mnt/ozone/hadoop-ozone/integration-test/target/test-dir/MiniOzoneClusterImpl-9fde871d-63de-45ae-a394-6b80eb19d1dd/datanode-1/data/ratis] (custom)
2021-01-13 14:10:04,679 [pool-82-thread-1] INFO  server.RaftServerConfigKeys (ConfUtils.java:logGet(44)) - raft.server.log.corruption.policy = EXCEPTION (default)
2021-01-13 14:10:04,679 [pool-82-thread-1] INFO  storage.RaftStorageDirectory (RaftStorageDirectoryImpl.java:analyzeStorage(132)) - The storage directory /github/workspace/mnt/ozone/hadoop-ozone/integration-test/target/test-dir/MiniOzoneClusterImpl-9fde871d-63de-45ae-a394-6b80eb19d1dd/datanode-1/data/ratis/e1682861-6b14-4756-a547-9613495f631c does not exist. Creating ...
2021-01-13 14:10:04,680 [pool-82-thread-1] INFO  storage.RaftStorageDirectory (RaftStorageDirectoryImpl.java:tryLock(215)) - Lock on /github/workspace/mnt/ozone/hadoop-ozone/integration-test/target/test-dir/MiniOzoneClusterImpl-9fde871d-63de-45ae-a394-6b80eb19d1dd/datanode-1/data/ratis/e1682861-6b14-4756-a547-9613495f631c/in_use.lock acquired by nodename 4782@2a0ae80d829d
2021-01-13 14:10:04,681 [pool-82-thread-1] INFO  storage.RaftStorage (RaftStorageImpl.java:format(87)) - Storage directory /github/workspace/mnt/ozone/hadoop-ozone/integration-test/target/test-dir/MiniOzoneClusterImpl-9fde871d-63de-45ae-a394-6b80eb19d1dd/datanode-1/data/ratis/e1682861-6b14-4756-a547-9613495f631c has been successfully formatted.
2021-01-13 14:10:04,682 [pool-82-thread-1] INFO  ratis.ContainerStateMachine (ContainerStateMachine.java:loadSnapshot(223)) - group-9613495F631C: The snapshot info is null. Setting the last applied indexto:(t:0, i:~)
2021-01-13 14:10:04,682 [pool-82-thread-1] ERROR storage.RaftStorage (RaftStorageImpl.java:readRaftConfiguration(147)) - Failed reading configuration from file:/github/workspace/mnt/ozone/hadoop-ozone/integration-test/target/test-dir/MiniOzoneClusterImpl-9fde871d-63de-45ae-a394-6b80eb19d1dd/datanode-1/data/ratis/e1682861-6b14-4756-a547-9613495f631c/current/raft-meta.conf
java.io.FileNotFoundException: /github/workspace/mnt/ozone/hadoop-ozone/integration-test/target/test-dir/MiniOzoneClusterImpl-9fde871d-63de-45ae-a394-6b80eb19d1dd/datanode-1/data/ratis/e1682861-6b14-4756-a547-9613495f631c/current/raft-meta.conf (No such file or directory)
	at java.io.FileInputStream.open0(Native Method)
	at java.io.FileInputStream.open(FileInputStream.java:195)
	at java.io.FileInputStream.<init>(FileInputStream.java:138)
	at org.apache.ratis.server.storage.RaftStorageImpl.readRaftConfiguration(RaftStorageImpl.java:143)
	at org.apache.ratis.server.impl.ServerState.<init>(ServerState.java:113)
	at org.apache.ratis.server.impl.RaftServerImpl.<init>(RaftServerImpl.java:192)
	at org.apache.ratis.server.impl.RaftServerProxy.lambda$newRaftServerImpl$4(RaftServerProxy.java:266)
	at java.util.concurrent.CompletableFuture$AsyncSupply.run(CompletableFuture.java:1604)
	at java.util.concurrent.ThreadPoolExecutor.runWorker(ThreadPoolExecutor.java:1149)
	at java.util.concurrent.ThreadPoolExecutor$Worker.run(ThreadPoolExecutor.java:624)
	at java.lang.Thread.run(Thread.java:748)
2021-01-13 14:10:04,682 [pool-82-thread-1] INFO  server.RaftServerConfigKeys (ConfUtils.java:logGet(44)) - raft.server.notification.no-leader.timeout = 300s (custom)
2021-01-13 14:10:04,682 [pool-82-thread-1] INFO  server.RaftServerConfigKeys (ConfUtils.java:logGet(44)) - raft.server.log.use.memory = false (default)
2021-01-13 14:10:04,682 [pool-82-thread-1] INFO  server.RaftServerConfigKeys (ConfUtils.java:logGet(44)) - raft.server.log.purge.gap = 1000000 (custom)
2021-01-13 14:10:04,682 [pool-82-thread-1] INFO  server.RaftServerConfigKeys (ConfUtils.java:logGet(44)) - raft.server.log.appender.buffer.byte-limit = 33554432 (custom)
2021-01-13 14:10:04,682 [pool-82-thread-1] INFO  metrics.RatisMetrics (RatisMetrics.java:lambda$create$0(36)) - Creating Metrics Registry : ratis.log_worker.ecce6ce4-ded5-4171-a4f3-4bb4b5b9b0b9@group-9613495F631C
2021-01-13 14:10:04,682 [pool-82-thread-1] INFO  server.RaftServerConfigKeys (ConfUtils.java:logGet(44)) - raft.server.log.segment.size.max = 1048576 (custom)
2021-01-13 14:10:04,683 [pool-82-thread-1] INFO  server.RaftServerConfigKeys (ConfUtils.java:logGet(44)) - raft.server.log.segment.cache.num.max = 2 (custom)
2021-01-13 14:10:04,683 [pool-82-thread-1] INFO  server.RaftServerConfigKeys (ConfUtils.java:logGet(44)) - raft.server.log.segment.cache.size.max = 200MB (=209715200) (default)
2021-01-13 14:10:04,683 [pool-82-thread-1] INFO  segmented.SegmentedRaftLogWorker (SegmentedRaftLogWorker.java:<init>(181)) - new ecce6ce4-ded5-4171-a4f3-4bb4b5b9b0b9@group-9613495F631C-SegmentedRaftLogWorker for RaftStorageImpl:Storage Directory /github/workspace/mnt/ozone/hadoop-ozone/integration-test/target/test-dir/MiniOzoneClusterImpl-9fde871d-63de-45ae-a394-6b80eb19d1dd/datanode-1/data/ratis/e1682861-6b14-4756-a547-9613495f631c
2021-01-13 14:10:04,683 [pool-82-thread-1] INFO  server.RaftServerConfigKeys (ConfUtils.java:logGet(44)) - raft.server.log.queue.byte-limit = 2147483647 (custom)
2021-01-13 14:10:04,683 [pool-82-thread-1] INFO  server.RaftServerConfigKeys (ConfUtils.java:logGet(44)) - raft.server.log.queue.element-limit = 1024 (custom)
2021-01-13 14:10:04,683 [pool-82-thread-1] INFO  server.RaftServerConfigKeys (ConfUtils.java:logGet(44)) - raft.server.log.segment.size.max = 1048576 (custom)
2021-01-13 14:10:04,683 [pool-82-thread-1] INFO  server.RaftServerConfigKeys (ConfUtils.java:logGet(44)) - raft.server.log.preallocated.size = 16384 (custom)
2021-01-13 14:10:04,683 [pool-82-thread-1] INFO  server.RaftServerConfigKeys (ConfUtils.java:logGet(44)) - raft.server.log.force.sync.num = 128 (default)
2021-01-13 14:10:04,683 [pool-82-thread-1] INFO  server.RaftServerConfigKeys (ConfUtils.java:logGet(44)) - raft.server.log.statemachine.data.sync = true (default)
2021-01-13 14:10:04,683 [pool-82-thread-1] INFO  server.RaftServerConfigKeys (ConfUtils.java:logGet(44)) - raft.server.log.statemachine.data.sync.timeout = 10s (default)
2021-01-13 14:10:04,683 [pool-82-thread-1] INFO  server.RaftServerConfigKeys (ConfUtils.java:logGet(44)) - raft.server.log.statemachine.data.sync.timeout.retry = -1 (default)
2021-01-13 14:10:04,684 [pool-82-thread-1] INFO  server.RaftServerConfigKeys (ConfUtils.java:logGet(44)) - raft.server.log.write.buffer.size = 1048576 (custom)
2021-01-13 14:10:04,684 [pool-82-thread-1] INFO  server.RaftServerConfigKeys (ConfUtils.java:logGet(44)) - raft.server.log.statemachine.data.caching.enabled = true (custom)
2021-01-13 14:10:04,684 [pool-82-thread-1] INFO  segmented.SegmentedRaftLogWorker (SegmentedRaftLogWorker.java:lambda$new$0(132)) - ecce6ce4-ded5-4171-a4f3-4bb4b5b9b0b9@group-9613495F631C-SegmentedRaftLogWorker: flushIndex: setUnconditionally 0 -> -1
2021-01-13 14:10:04,684 [pool-82-thread-1] INFO  segmented.SegmentedRaftLogWorker (SegmentedRaftLogWorker.java:lambda$new$0(132)) - ecce6ce4-ded5-4171-a4f3-4bb4b5b9b0b9@group-9613495F631C-SegmentedRaftLogWorker: safeCacheEvictIndex: setUnconditionally 0 -> -1
2021-01-13 14:10:04,690 [pool-82-thread-1] INFO  server.RaftServerConfigKeys (ConfUtils.java:logGet(44)) - raft.server.snapshot.auto.trigger.enabled = true (custom)
2021-01-13 14:10:04,690 [pool-82-thread-1] INFO  server.RaftServerConfigKeys (ConfUtils.java:logGet(44)) - raft.server.snapshot.auto.trigger.threshold = 10000 (custom)
2021-01-13 14:10:04,690 [pool-82-thread-1] INFO  server.RaftServerConfigKeys (ConfUtils.java:logGet(44)) - raft.server.snapshot.retention.file.num = 5 (custom)
2021-01-13 14:10:04,690 [pool-82-thread-1] INFO  server.RaftServerConfigKeys (ConfUtils.java:logGet(44)) - raft.server.log.purge.upto.snapshot.index = false (default)
2021-01-13 14:10:04,690 [pool-82-thread-1] INFO  server.RaftServerConfigKeys (ConfUtils.java:logGet(44)) - raft.server.retrycache.expirytime = 600000ms (custom)
2021-01-13 14:10:04,690 [pool-82-thread-1] INFO  server.RaftServerConfigKeys (ConfUtils.java:logGet(44)) - raft.server.retrycache.statistics.expirytime = 100?s (default)
2021-01-13 14:10:04,690 [pool-82-thread-1] INFO  metrics.RatisMetrics (RatisMetrics.java:lambda$create$0(36)) - Creating Metrics Registry : ratis.leader_election.ecce6ce4-ded5-4171-a4f3-4bb4b5b9b0b9@group-9613495F631C
2021-01-13 14:10:04,690 [pool-82-thread-1] INFO  metrics.RatisMetrics (RatisMetrics.java:lambda$create$0(36)) - Creating Metrics Registry : ratis.server.ecce6ce4-ded5-4171-a4f3-4bb4b5b9b0b9@group-9613495F631C
2021-01-13 14:10:04,692 [pool-82-thread-1] INFO  server.RaftServer$Division (RaftServerImpl.java:<init>(179)) - ecce6ce4-ded5-4171-a4f3-4bb4b5b9b0b9: new RaftServerImpl for group-55716BB7855F:[88355522-ea7b-442e-ab24-a07389f97d94|rpc:172.17.0.2:34069|dataStream:|priority:1, 55d81cbb-fb85-4082-808b-6966013a4e6d|rpc:172.17.0.2:36461|dataStream:|priority:0, ecce6ce4-ded5-4171-a4f3-4bb4b5b9b0b9|rpc:172.17.0.2:41353|dataStream:|priority:0] with ContainerStateMachine:uninitialized
2021-01-13 14:10:04,692 [pool-82-thread-1] INFO  server.RaftServerConfigKeys (ConfUtils.java:logGet(44)) - raft.server.rpc.timeout.min = 5s (custom)
2021-01-13 14:10:04,692 [pool-82-thread-1] INFO  server.RaftServerConfigKeys (ConfUtils.java:logGet(44)) - raft.server.rpc.timeout.max = 5200ms (custom)
2021-01-13 14:10:04,692 [pool-82-thread-1] INFO  server.RaftServerConfigKeys (ConfUtils.java:logGet(44)) - raft.server.rpc.sleep.time = 25ms (default)
2021-01-13 14:10:04,692 [pool-82-thread-1] INFO  server.RaftServerConfigKeys (ConfUtils.java:logGet(44)) - raft.server.rpc.slowness.timeout = 300s (custom)
2021-01-13 14:10:04,692 [pool-82-thread-1] INFO  server.RaftServerConfigKeys (ConfUtils.java:logGet(44)) - raft.server.leaderelection.leader.step-down.wait-time = 10s (default)
2021-01-13 14:10:04,692 [pool-82-thread-1] INFO  server.RaftServerConfigKeys (ConfUtils.java:logGet(44)) - raft.server.sleep.deviation.threshold = 300ms (default)
2021-01-13 14:10:04,692 [pool-82-thread-1] INFO  server.RaftServerConfigKeys (ConfUtils.java:logGet(44)) - raft.server.log.appender.install.snapshot.enabled = false (custom)
2021-01-13 14:10:04,692 [pool-82-thread-1] INFO  server.RaftServer$Division (ServerState.java:<init>(103)) - ecce6ce4-ded5-4171-a4f3-4bb4b5b9b0b9@group-55716BB7855F: ConfigurationManager, init=-1: [88355522-ea7b-442e-ab24-a07389f97d94|rpc:172.17.0.2:34069|dataStream:|priority:1, 55d81cbb-fb85-4082-808b-6966013a4e6d|rpc:172.17.0.2:36461|dataStream:|priority:0, ecce6ce4-ded5-4171-a4f3-4bb4b5b9b0b9|rpc:172.17.0.2:41353|dataStream:|priority:0], old=null, confs=<EMPTY_MAP>
2021-01-13 14:10:04,693 [pool-82-thread-1] INFO  server.RaftServerConfigKeys (ConfUtils.java:logGet(44)) - raft.server.storage.dir = [/github/workspace/mnt/ozone/hadoop-ozone/integration-test/target/test-dir/MiniOzoneClusterImpl-9fde871d-63de-45ae-a394-6b80eb19d1dd/datanode-1/data/ratis] (custom)
2021-01-13 14:10:04,693 [pool-82-thread-1] INFO  server.RaftServerConfigKeys (ConfUtils.java:logGet(44)) - raft.server.log.corruption.policy = EXCEPTION (default)
2021-01-13 14:10:04,693 [pool-82-thread-1] INFO  storage.RaftStorageDirectory (RaftStorageDirectoryImpl.java:analyzeStorage(132)) - The storage directory /github/workspace/mnt/ozone/hadoop-ozone/integration-test/target/test-dir/MiniOzoneClusterImpl-9fde871d-63de-45ae-a394-6b80eb19d1dd/datanode-1/data/ratis/405a2968-de9b-4577-b1bf-55716bb7855f does not exist. Creating ...
2021-01-13 14:10:04,700 [pool-82-thread-1] INFO  storage.RaftStorageDirectory (RaftStorageDirectoryImpl.java:tryLock(215)) - Lock on /github/workspace/mnt/ozone/hadoop-ozone/integration-test/target/test-dir/MiniOzoneClusterImpl-9fde871d-63de-45ae-a394-6b80eb19d1dd/datanode-1/data/ratis/405a2968-de9b-4577-b1bf-55716bb7855f/in_use.lock acquired by nodename 4782@2a0ae80d829d
2021-01-13 14:10:04,701 [EventQueue-PipelineReportForPipelineReportHandler] INFO  pipeline.PipelineStateManager (PipelineStateManager.java:openPipeline(132)) - Pipeline Pipeline[ Id: e1682861-6b14-4756-a547-9613495f631c, Nodes: ecce6ce4-ded5-4171-a4f3-4bb4b5b9b0b9{ip: 172.17.0.2, host: 2a0ae80d829d, networkLocation: /default-rack, certSerialId: null, persistedOpState: IN_SERVICE, persistedOpStateExpiryEpochSec: 0}, Type:RATIS, Factor:ONE, State:ALLOCATED, leaderId:ecce6ce4-ded5-4171-a4f3-4bb4b5b9b0b9, CreationTimestamp2021-01-13T14:10:01.535Z] moved to OPEN state
2021-01-13 14:10:04,702 [EventQueue-PipelineReportForOneReplicaPipelineSafeModeRule] INFO  safemode.SCMSafeModeManager (SCMSafeModeManager.java:validateSafeModeExitRules(214)) - AtleastOneDatanodeReportedRule rule is successfully validated
2021-01-13 14:10:04,702 [EventQueue-OpenPipelineForHealthyPipelineSafeModeRule] INFO  safemode.SCMSafeModeManager (HealthyPipelineSafeModeRule.java:process(128)) - SCM in safe mode. Healthy pipelines reported count is 0, required healthy pipeline reported count is 1
2021-01-13 14:10:04,706 [pool-82-thread-1] INFO  storage.RaftStorage (RaftStorageImpl.java:format(87)) - Storage directory /github/workspace/mnt/ozone/hadoop-ozone/integration-test/target/test-dir/MiniOzoneClusterImpl-9fde871d-63de-45ae-a394-6b80eb19d1dd/datanode-1/data/ratis/405a2968-de9b-4577-b1bf-55716bb7855f has been successfully formatted.
2021-01-13 14:10:04,710 [pool-82-thread-1] INFO  ratis.ContainerStateMachine (ContainerStateMachine.java:loadSnapshot(223)) - group-55716BB7855F: The snapshot info is null. Setting the last applied indexto:(t:0, i:~)
2021-01-13 14:10:04,710 [pool-82-thread-1] ERROR storage.RaftStorage (RaftStorageImpl.java:readRaftConfiguration(147)) - Failed reading configuration from file:/github/workspace/mnt/ozone/hadoop-ozone/integration-test/target/test-dir/MiniOzoneClusterImpl-9fde871d-63de-45ae-a394-6b80eb19d1dd/datanode-1/data/ratis/405a2968-de9b-4577-b1bf-55716bb7855f/current/raft-meta.conf
java.io.FileNotFoundException: /github/workspace/mnt/ozone/hadoop-ozone/integration-test/target/test-dir/MiniOzoneClusterImpl-9fde871d-63de-45ae-a394-6b80eb19d1dd/datanode-1/data/ratis/405a2968-de9b-4577-b1bf-55716bb7855f/current/raft-meta.conf (No such file or directory)
	at java.io.FileInputStream.open0(Native Method)
	at java.io.FileInputStream.open(FileInputStream.java:195)
	at java.io.FileInputStream.<init>(FileInputStream.java:138)
	at org.apache.ratis.server.storage.RaftStorageImpl.readRaftConfiguration(RaftStorageImpl.java:143)
	at org.apache.ratis.server.impl.ServerState.<init>(ServerState.java:113)
	at org.apache.ratis.server.impl.RaftServerImpl.<init>(RaftServerImpl.java:192)
	at org.apache.ratis.server.impl.RaftServerProxy.lambda$newRaftServerImpl$4(RaftServerProxy.java:266)
	at java.util.concurrent.CompletableFuture$AsyncSupply.run(CompletableFuture.java:1604)
	at java.util.concurrent.ThreadPoolExecutor.runWorker(ThreadPoolExecutor.java:1149)
	at java.util.concurrent.ThreadPoolExecutor$Worker.run(ThreadPoolExecutor.java:624)
	at java.lang.Thread.run(Thread.java:748)
2021-01-13 14:10:04,711 [pool-82-thread-1] INFO  server.RaftServerConfigKeys (ConfUtils.java:logGet(44)) - raft.server.notification.no-leader.timeout = 300s (custom)
2021-01-13 14:10:04,711 [pool-82-thread-1] INFO  server.RaftServerConfigKeys (ConfUtils.java:logGet(44)) - raft.server.log.use.memory = false (default)
2021-01-13 14:10:04,711 [pool-82-thread-1] INFO  server.RaftServerConfigKeys (ConfUtils.java:logGet(44)) - raft.server.log.purge.gap = 1000000 (custom)
2021-01-13 14:10:04,711 [pool-82-thread-1] INFO  server.RaftServerConfigKeys (ConfUtils.java:logGet(44)) - raft.server.log.appender.buffer.byte-limit = 33554432 (custom)
2021-01-13 14:10:04,711 [pool-82-thread-1] INFO  metrics.RatisMetrics (RatisMetrics.java:lambda$create$0(36)) - Creating Metrics Registry : ratis.log_worker.ecce6ce4-ded5-4171-a4f3-4bb4b5b9b0b9@group-55716BB7855F
2021-01-13 14:10:04,711 [pool-82-thread-1] INFO  server.RaftServerConfigKeys (ConfUtils.java:logGet(44)) - raft.server.log.segment.size.max = 1048576 (custom)
2021-01-13 14:10:04,711 [pool-82-thread-1] INFO  server.RaftServerConfigKeys (ConfUtils.java:logGet(44)) - raft.server.log.segment.cache.num.max = 2 (custom)
2021-01-13 14:10:04,712 [pool-82-thread-1] INFO  server.RaftServerConfigKeys (ConfUtils.java:logGet(44)) - raft.server.log.segment.cache.size.max = 200MB (=209715200) (default)
2021-01-13 14:10:04,712 [pool-82-thread-1] INFO  segmented.SegmentedRaftLogWorker (SegmentedRaftLogWorker.java:<init>(181)) - new ecce6ce4-ded5-4171-a4f3-4bb4b5b9b0b9@group-55716BB7855F-SegmentedRaftLogWorker for RaftStorageImpl:Storage Directory /github/workspace/mnt/ozone/hadoop-ozone/integration-test/target/test-dir/MiniOzoneClusterImpl-9fde871d-63de-45ae-a394-6b80eb19d1dd/datanode-1/data/ratis/405a2968-de9b-4577-b1bf-55716bb7855f
2021-01-13 14:10:04,712 [pool-82-thread-1] INFO  server.RaftServerConfigKeys (ConfUtils.java:logGet(44)) - raft.server.log.queue.byte-limit = 2147483647 (custom)
2021-01-13 14:10:04,712 [pool-82-thread-1] INFO  server.RaftServerConfigKeys (ConfUtils.java:logGet(44)) - raft.server.log.queue.element-limit = 1024 (custom)
2021-01-13 14:10:04,712 [pool-82-thread-1] INFO  server.RaftServerConfigKeys (ConfUtils.java:logGet(44)) - raft.server.log.segment.size.max = 1048576 (custom)
2021-01-13 14:10:04,712 [pool-82-thread-1] INFO  server.RaftServerConfigKeys (ConfUtils.java:logGet(44)) - raft.server.log.preallocated.size = 16384 (custom)
2021-01-13 14:10:04,715 [pool-82-thread-1] INFO  server.RaftServerConfigKeys (ConfUtils.java:logGet(44)) - raft.server.log.force.sync.num = 128 (default)
2021-01-13 14:10:04,715 [pool-82-thread-1] INFO  server.RaftServerConfigKeys (ConfUtils.java:logGet(44)) - raft.server.log.statemachine.data.sync = true (default)
2021-01-13 14:10:04,715 [pool-82-thread-1] INFO  server.RaftServerConfigKeys (ConfUtils.java:logGet(44)) - raft.server.log.statemachine.data.sync.timeout = 10s (default)
2021-01-13 14:10:04,715 [pool-82-thread-1] INFO  server.RaftServerConfigKeys (ConfUtils.java:logGet(44)) - raft.server.log.statemachine.data.sync.timeout.retry = -1 (default)
2021-01-13 14:10:04,716 [pool-82-thread-1] INFO  server.RaftServerConfigKeys (ConfUtils.java:logGet(44)) - raft.server.log.write.buffer.size = 1048576 (custom)
2021-01-13 14:10:04,717 [pool-82-thread-1] INFO  server.RaftServerConfigKeys (ConfUtils.java:logGet(44)) - raft.server.log.statemachine.data.caching.enabled = true (custom)
2021-01-13 14:10:04,717 [pool-82-thread-1] INFO  segmented.SegmentedRaftLogWorker (SegmentedRaftLogWorker.java:lambda$new$0(132)) - ecce6ce4-ded5-4171-a4f3-4bb4b5b9b0b9@group-55716BB7855F-SegmentedRaftLogWorker: flushIndex: setUnconditionally 0 -> -1
2021-01-13 14:10:04,717 [pool-82-thread-1] INFO  segmented.SegmentedRaftLogWorker (SegmentedRaftLogWorker.java:lambda$new$0(132)) - ecce6ce4-ded5-4171-a4f3-4bb4b5b9b0b9@group-55716BB7855F-SegmentedRaftLogWorker: safeCacheEvictIndex: setUnconditionally 0 -> -1
2021-01-13 14:10:04,722 [pool-82-thread-1] INFO  server.RaftServerConfigKeys (ConfUtils.java:logGet(44)) - raft.server.snapshot.auto.trigger.enabled = true (custom)
2021-01-13 14:10:04,722 [pool-82-thread-1] INFO  server.RaftServerConfigKeys (ConfUtils.java:logGet(44)) - raft.server.snapshot.auto.trigger.threshold = 10000 (custom)
2021-01-13 14:10:04,722 [pool-82-thread-1] INFO  server.RaftServerConfigKeys (ConfUtils.java:logGet(44)) - raft.server.snapshot.retention.file.num = 5 (custom)
2021-01-13 14:10:04,722 [pool-82-thread-1] INFO  server.RaftServerConfigKeys (ConfUtils.java:logGet(44)) - raft.server.log.purge.upto.snapshot.index = false (default)
2021-01-13 14:10:04,722 [pool-82-thread-1] INFO  server.RaftServerConfigKeys (ConfUtils.java:logGet(44)) - raft.server.retrycache.expirytime = 600000ms (custom)
2021-01-13 14:10:04,722 [pool-82-thread-1] INFO  server.RaftServerConfigKeys (ConfUtils.java:logGet(44)) - raft.server.retrycache.statistics.expirytime = 100?s (default)
2021-01-13 14:10:04,722 [pool-82-thread-1] INFO  metrics.RatisMetrics (RatisMetrics.java:lambda$create$0(36)) - Creating Metrics Registry : ratis.leader_election.ecce6ce4-ded5-4171-a4f3-4bb4b5b9b0b9@group-55716BB7855F
2021-01-13 14:10:04,723 [pool-82-thread-1] INFO  metrics.RatisMetrics (RatisMetrics.java:lambda$create$0(36)) - Creating Metrics Registry : ratis.server.ecce6ce4-ded5-4171-a4f3-4bb4b5b9b0b9@group-55716BB7855F
2021-01-13 14:10:04,724 [pool-82-thread-1] INFO  server.RaftServer$Division (RaftServerImpl.java:start(294)) - ecce6ce4-ded5-4171-a4f3-4bb4b5b9b0b9@group-9613495F631C: start as a follower, conf=-1: [ecce6ce4-ded5-4171-a4f3-4bb4b5b9b0b9|rpc:172.17.0.2:41353|priority:1], old=null
2021-01-13 14:10:04,724 [pool-82-thread-1] INFO  server.RaftServer$Division (RaftServerImpl.java:setRole(283)) - ecce6ce4-ded5-4171-a4f3-4bb4b5b9b0b9@group-9613495F631C: changes role from      null to FOLLOWER at term 0 for startAsFollower
2021-01-13 14:10:04,725 [pool-82-thread-1] INFO  impl.RoleInfo (RoleInfo.java:updateAndGet(130)) - ecce6ce4-ded5-4171-a4f3-4bb4b5b9b0b9: start ecce6ce4-ded5-4171-a4f3-4bb4b5b9b0b9@group-9613495F631C-FollowerState
2021-01-13 14:10:04,725 [pool-82-thread-1] INFO  util.JmxRegister (JmxRegister.java:tryRegister(44)) - Successfully registered JMX Bean with object name Ratis:service=RaftServer,group=group-9613495F631C,id=ecce6ce4-ded5-4171-a4f3-4bb4b5b9b0b9
2021-01-13 14:10:04,725 [pool-82-thread-1] INFO  metrics.RatisMetrics (RatisMetrics.java:lambda$create$0(36)) - Creating Metrics Registry : ratis.state_machine.ecce6ce4-ded5-4171-a4f3-4bb4b5b9b0b9@group-9613495F631C
2021-01-13 14:10:04,726 [pool-82-thread-1] INFO  server.RaftServer$Division (RaftServerImpl.java:start(294)) - ecce6ce4-ded5-4171-a4f3-4bb4b5b9b0b9@group-55716BB7855F: start as a follower, conf=-1: [88355522-ea7b-442e-ab24-a07389f97d94|rpc:172.17.0.2:34069|dataStream:|priority:1, 55d81cbb-fb85-4082-808b-6966013a4e6d|rpc:172.17.0.2:36461|dataStream:|priority:0, ecce6ce4-ded5-4171-a4f3-4bb4b5b9b0b9|rpc:172.17.0.2:41353|dataStream:|priority:0], old=null
2021-01-13 14:10:04,726 [pool-82-thread-1] INFO  server.RaftServer$Division (RaftServerImpl.java:setRole(283)) - ecce6ce4-ded5-4171-a4f3-4bb4b5b9b0b9@group-55716BB7855F: changes role from      null to FOLLOWER at term 0 for startAsFollower
2021-01-13 14:10:04,726 [pool-82-thread-1] INFO  impl.RoleInfo (RoleInfo.java:updateAndGet(130)) - ecce6ce4-ded5-4171-a4f3-4bb4b5b9b0b9: start ecce6ce4-ded5-4171-a4f3-4bb4b5b9b0b9@group-55716BB7855F-FollowerState
2021-01-13 14:10:04,726 [pool-82-thread-1] INFO  util.JmxRegister (JmxRegister.java:tryRegister(44)) - Successfully registered JMX Bean with object name Ratis:service=RaftServer,group=group-55716BB7855F,id=ecce6ce4-ded5-4171-a4f3-4bb4b5b9b0b9
2021-01-13 14:10:04,726 [EventQueue-PipelineReportForOneReplicaPipelineSafeModeRule] INFO  safemode.SCMSafeModeManager (SCMSafeModeManager.java:validateSafeModeExitRules(214)) - AtleastOneDatanodeReportedRule rule is successfully validated
2021-01-13 14:10:04,726 [pool-82-thread-1] INFO  metrics.RatisMetrics (RatisMetrics.java:lambda$create$0(36)) - Creating Metrics Registry : ratis.state_machine.ecce6ce4-ded5-4171-a4f3-4bb4b5b9b0b9@group-55716BB7855F
2021-01-13 14:10:04,726 [Command processor thread] INFO  commandhandler.CreatePipelineCommandHandler (CreatePipelineCommandHandler.java:handle(106)) - Created Pipeline RATIS ONE PipelineID=e1682861-6b14-4756-a547-9613495f631c.
2021-01-13 14:10:04,746 [Command processor thread] INFO  server.RaftServer (RaftServerProxy.java:addNew(95)) - ecce6ce4-ded5-4171-a4f3-4bb4b5b9b0b9: addNew group-88BE978D30F7:[88355522-ea7b-442e-ab24-a07389f97d94|rpc:172.17.0.2:34069|priority:0, 55d81cbb-fb85-4082-808b-6966013a4e6d|rpc:172.17.0.2:36461|priority:0, ecce6ce4-ded5-4171-a4f3-4bb4b5b9b0b9|rpc:172.17.0.2:41353|priority:1] returns group-88BE978D30F7:java.util.concurrent.CompletableFuture@1d887801[Not completed]
2021-01-13 14:10:04,751 [pool-82-thread-1] INFO  server.RaftServer$Division (RaftServerImpl.java:<init>(179)) - ecce6ce4-ded5-4171-a4f3-4bb4b5b9b0b9: new RaftServerImpl for group-88BE978D30F7:[88355522-ea7b-442e-ab24-a07389f97d94|rpc:172.17.0.2:34069|priority:0, 55d81cbb-fb85-4082-808b-6966013a4e6d|rpc:172.17.0.2:36461|priority:0, ecce6ce4-ded5-4171-a4f3-4bb4b5b9b0b9|rpc:172.17.0.2:41353|priority:1] with ContainerStateMachine:uninitialized
2021-01-13 14:10:04,751 [pool-82-thread-1] INFO  server.RaftServerConfigKeys (ConfUtils.java:logGet(44)) - raft.server.rpc.timeout.min = 5s (custom)
2021-01-13 14:10:04,751 [pool-82-thread-1] INFO  server.RaftServerConfigKeys (ConfUtils.java:logGet(44)) - raft.server.rpc.timeout.max = 5200ms (custom)
2021-01-13 14:10:04,751 [pool-82-thread-1] INFO  server.RaftServerConfigKeys (ConfUtils.java:logGet(44)) - raft.server.rpc.sleep.time = 25ms (default)
2021-01-13 14:10:04,751 [pool-82-thread-1] INFO  server.RaftServerConfigKeys (ConfUtils.java:logGet(44)) - raft.server.rpc.slowness.timeout = 300s (custom)
2021-01-13 14:10:04,751 [pool-82-thread-1] INFO  server.RaftServerConfigKeys (ConfUtils.java:logGet(44)) - raft.server.leaderelection.leader.step-down.wait-time = 10s (default)
2021-01-13 14:10:04,751 [pool-82-thread-1] INFO  server.RaftServerConfigKeys (ConfUtils.java:logGet(44)) - raft.server.sleep.deviation.threshold = 300ms (default)
2021-01-13 14:10:04,751 [pool-82-thread-1] INFO  server.RaftServerConfigKeys (ConfUtils.java:logGet(44)) - raft.server.log.appender.install.snapshot.enabled = false (custom)
2021-01-13 14:10:04,751 [pool-82-thread-1] INFO  server.RaftServer$Division (ServerState.java:<init>(103)) - ecce6ce4-ded5-4171-a4f3-4bb4b5b9b0b9@group-88BE978D30F7: ConfigurationManager, init=-1: [88355522-ea7b-442e-ab24-a07389f97d94|rpc:172.17.0.2:34069|priority:0, 55d81cbb-fb85-4082-808b-6966013a4e6d|rpc:172.17.0.2:36461|priority:0, ecce6ce4-ded5-4171-a4f3-4bb4b5b9b0b9|rpc:172.17.0.2:41353|priority:1], old=null, confs=<EMPTY_MAP>
2021-01-13 14:10:04,751 [pool-82-thread-1] INFO  server.RaftServerConfigKeys (ConfUtils.java:logGet(44)) - raft.server.storage.dir = [/github/workspace/mnt/ozone/hadoop-ozone/integration-test/target/test-dir/MiniOzoneClusterImpl-9fde871d-63de-45ae-a394-6b80eb19d1dd/datanode-1/data/ratis] (custom)
2021-01-13 14:10:04,751 [EventQueue-OpenPipelineForHealthyPipelineSafeModeRule] INFO  safemode.SCMSafeModeManager (HealthyPipelineSafeModeRule.java:process(128)) - SCM in safe mode. Healthy pipelines reported count is 0, required healthy pipeline reported count is 1
2021-01-13 14:10:04,762 [pool-82-thread-1] INFO  server.RaftServerConfigKeys (ConfUtils.java:logGet(44)) - raft.server.log.corruption.policy = EXCEPTION (default)
2021-01-13 14:10:04,762 [pool-82-thread-1] INFO  storage.RaftStorageDirectory (RaftStorageDirectoryImpl.java:analyzeStorage(132)) - The storage directory /github/workspace/mnt/ozone/hadoop-ozone/integration-test/target/test-dir/MiniOzoneClusterImpl-9fde871d-63de-45ae-a394-6b80eb19d1dd/datanode-1/data/ratis/828aff4f-d459-43a2-8e02-88be978d30f7 does not exist. Creating ...
2021-01-13 14:10:04,768 [pool-82-thread-1] INFO  storage.RaftStorageDirectory (RaftStorageDirectoryImpl.java:tryLock(215)) - Lock on /github/workspace/mnt/ozone/hadoop-ozone/integration-test/target/test-dir/MiniOzoneClusterImpl-9fde871d-63de-45ae-a394-6b80eb19d1dd/datanode-1/data/ratis/828aff4f-d459-43a2-8e02-88be978d30f7/in_use.lock acquired by nodename 4782@2a0ae80d829d
2021-01-13 14:10:04,770 [pool-82-thread-1] INFO  storage.RaftStorage (RaftStorageImpl.java:format(87)) - Storage directory /github/workspace/mnt/ozone/hadoop-ozone/integration-test/target/test-dir/MiniOzoneClusterImpl-9fde871d-63de-45ae-a394-6b80eb19d1dd/datanode-1/data/ratis/828aff4f-d459-43a2-8e02-88be978d30f7 has been successfully formatted.
2021-01-13 14:10:04,778 [pool-82-thread-1] INFO  ratis.ContainerStateMachine (ContainerStateMachine.java:loadSnapshot(223)) - group-88BE978D30F7: The snapshot info is null. Setting the last applied indexto:(t:0, i:~)
2021-01-13 14:10:04,778 [pool-82-thread-1] ERROR storage.RaftStorage (RaftStorageImpl.java:readRaftConfiguration(147)) - Failed reading configuration from file:/github/workspace/mnt/ozone/hadoop-ozone/integration-test/target/test-dir/MiniOzoneClusterImpl-9fde871d-63de-45ae-a394-6b80eb19d1dd/datanode-1/data/ratis/828aff4f-d459-43a2-8e02-88be978d30f7/current/raft-meta.conf
java.io.FileNotFoundException: /github/workspace/mnt/ozone/hadoop-ozone/integration-test/target/test-dir/MiniOzoneClusterImpl-9fde871d-63de-45ae-a394-6b80eb19d1dd/datanode-1/data/ratis/828aff4f-d459-43a2-8e02-88be978d30f7/current/raft-meta.conf (No such file or directory)
	at java.io.FileInputStream.open0(Native Method)
	at java.io.FileInputStream.open(FileInputStream.java:195)
	at java.io.FileInputStream.<init>(FileInputStream.java:138)
	at org.apache.ratis.server.storage.RaftStorageImpl.readRaftConfiguration(RaftStorageImpl.java:143)
	at org.apache.ratis.server.impl.ServerState.<init>(ServerState.java:113)
	at org.apache.ratis.server.impl.RaftServerImpl.<init>(RaftServerImpl.java:192)
	at org.apache.ratis.server.impl.RaftServerProxy.lambda$newRaftServerImpl$4(RaftServerProxy.java:266)
	at java.util.concurrent.CompletableFuture$AsyncSupply.run(CompletableFuture.java:1604)
	at java.util.concurrent.ThreadPoolExecutor.runWorker(ThreadPoolExecutor.java:1149)
	at java.util.concurrent.ThreadPoolExecutor$Worker.run(ThreadPoolExecutor.java:624)
	at java.lang.Thread.run(Thread.java:748)
2021-01-13 14:10:04,778 [pool-82-thread-1] INFO  server.RaftServerConfigKeys (ConfUtils.java:logGet(44)) - raft.server.notification.no-leader.timeout = 300s (custom)
2021-01-13 14:10:04,778 [pool-82-thread-1] INFO  server.RaftServerConfigKeys (ConfUtils.java:logGet(44)) - raft.server.log.use.memory = false (default)
2021-01-13 14:10:04,778 [pool-82-thread-1] INFO  server.RaftServerConfigKeys (ConfUtils.java:logGet(44)) - raft.server.log.purge.gap = 1000000 (custom)
2021-01-13 14:10:04,778 [pool-82-thread-1] INFO  server.RaftServerConfigKeys (ConfUtils.java:logGet(44)) - raft.server.log.appender.buffer.byte-limit = 33554432 (custom)
2021-01-13 14:10:04,778 [pool-82-thread-1] INFO  metrics.RatisMetrics (RatisMetrics.java:lambda$create$0(36)) - Creating Metrics Registry : ratis.log_worker.ecce6ce4-ded5-4171-a4f3-4bb4b5b9b0b9@group-88BE978D30F7
2021-01-13 14:10:04,779 [pool-82-thread-1] INFO  server.RaftServerConfigKeys (ConfUtils.java:logGet(44)) - raft.server.log.segment.size.max = 1048576 (custom)
2021-01-13 14:10:04,779 [pool-82-thread-1] INFO  server.RaftServerConfigKeys (ConfUtils.java:logGet(44)) - raft.server.log.segment.cache.num.max = 2 (custom)
2021-01-13 14:10:04,779 [pool-82-thread-1] INFO  server.RaftServerConfigKeys (ConfUtils.java:logGet(44)) - raft.server.log.segment.cache.size.max = 200MB (=209715200) (default)
2021-01-13 14:10:04,779 [pool-82-thread-1] INFO  segmented.SegmentedRaftLogWorker (SegmentedRaftLogWorker.java:<init>(181)) - new ecce6ce4-ded5-4171-a4f3-4bb4b5b9b0b9@group-88BE978D30F7-SegmentedRaftLogWorker for RaftStorageImpl:Storage Directory /github/workspace/mnt/ozone/hadoop-ozone/integration-test/target/test-dir/MiniOzoneClusterImpl-9fde871d-63de-45ae-a394-6b80eb19d1dd/datanode-1/data/ratis/828aff4f-d459-43a2-8e02-88be978d30f7
2021-01-13 14:10:04,779 [pool-82-thread-1] INFO  server.RaftServerConfigKeys (ConfUtils.java:logGet(44)) - raft.server.log.queue.byte-limit = 2147483647 (custom)
2021-01-13 14:10:04,779 [pool-82-thread-1] INFO  server.RaftServerConfigKeys (ConfUtils.java:logGet(44)) - raft.server.log.queue.element-limit = 1024 (custom)
2021-01-13 14:10:04,779 [pool-82-thread-1] INFO  server.RaftServerConfigKeys (ConfUtils.java:logGet(44)) - raft.server.log.segment.size.max = 1048576 (custom)
2021-01-13 14:10:04,779 [pool-82-thread-1] INFO  server.RaftServerConfigKeys (ConfUtils.java:logGet(44)) - raft.server.log.preallocated.size = 16384 (custom)
2021-01-13 14:10:04,779 [pool-82-thread-1] INFO  server.RaftServerConfigKeys (ConfUtils.java:logGet(44)) - raft.server.log.force.sync.num = 128 (default)
2021-01-13 14:10:04,779 [pool-82-thread-1] INFO  server.RaftServerConfigKeys (ConfUtils.java:logGet(44)) - raft.server.log.statemachine.data.sync = true (default)
2021-01-13 14:10:04,779 [pool-82-thread-1] INFO  server.RaftServerConfigKeys (ConfUtils.java:logGet(44)) - raft.server.log.statemachine.data.sync.timeout = 10s (default)
2021-01-13 14:10:04,779 [pool-82-thread-1] INFO  server.RaftServerConfigKeys (ConfUtils.java:logGet(44)) - raft.server.log.statemachine.data.sync.timeout.retry = -1 (default)
2021-01-13 14:10:04,780 [pool-82-thread-1] INFO  server.RaftServerConfigKeys (ConfUtils.java:logGet(44)) - raft.server.log.write.buffer.size = 1048576 (custom)
2021-01-13 14:10:04,799 [pool-82-thread-1] INFO  server.RaftServerConfigKeys (ConfUtils.java:logGet(44)) - raft.server.log.statemachine.data.caching.enabled = true (custom)
2021-01-13 14:10:04,800 [pool-82-thread-1] INFO  segmented.SegmentedRaftLogWorker (SegmentedRaftLogWorker.java:lambda$new$0(132)) - ecce6ce4-ded5-4171-a4f3-4bb4b5b9b0b9@group-88BE978D30F7-SegmentedRaftLogWorker: flushIndex: setUnconditionally 0 -> -1
2021-01-13 14:10:04,800 [pool-82-thread-1] INFO  segmented.SegmentedRaftLogWorker (SegmentedRaftLogWorker.java:lambda$new$0(132)) - ecce6ce4-ded5-4171-a4f3-4bb4b5b9b0b9@group-88BE978D30F7-SegmentedRaftLogWorker: safeCacheEvictIndex: setUnconditionally 0 -> -1
2021-01-13 14:10:04,800 [Command processor thread] INFO  commandhandler.CreatePipelineCommandHandler (CreatePipelineCommandHandler.java:handle(106)) - Created Pipeline RATIS THREE PipelineID=405a2968-de9b-4577-b1bf-55716bb7855f.
2021-01-13 14:10:04,801 [Command processor thread] INFO  server.RaftServer (RaftServerProxy.java:addNew(95)) - 55d81cbb-fb85-4082-808b-6966013a4e6d: addNew group-88BE978D30F7:[88355522-ea7b-442e-ab24-a07389f97d94|rpc:172.17.0.2:34069|priority:0, 55d81cbb-fb85-4082-808b-6966013a4e6d|rpc:172.17.0.2:36461|priority:0, ecce6ce4-ded5-4171-a4f3-4bb4b5b9b0b9|rpc:172.17.0.2:41353|priority:1] returns group-88BE978D30F7:java.util.concurrent.CompletableFuture@692320a7[Not completed]
2021-01-13 14:10:04,802 [EventQueue-PipelineReportForOneReplicaPipelineSafeModeRule] INFO  safemode.SCMSafeModeManager (SCMSafeModeManager.java:validateSafeModeExitRules(214)) - AtleastOneDatanodeReportedRule rule is successfully validated
2021-01-13 14:10:04,802 [EventQueue-OpenPipelineForHealthyPipelineSafeModeRule] INFO  safemode.SCMSafeModeManager (HealthyPipelineSafeModeRule.java:process(128)) - SCM in safe mode. Healthy pipelines reported count is 0, required healthy pipeline reported count is 1
2021-01-13 14:10:04,803 [pool-67-thread-1] INFO  server.RaftServer$Division (RaftServerImpl.java:<init>(179)) - 55d81cbb-fb85-4082-808b-6966013a4e6d: new RaftServerImpl for group-88BE978D30F7:[88355522-ea7b-442e-ab24-a07389f97d94|rpc:172.17.0.2:34069|priority:0, 55d81cbb-fb85-4082-808b-6966013a4e6d|rpc:172.17.0.2:36461|priority:0, ecce6ce4-ded5-4171-a4f3-4bb4b5b9b0b9|rpc:172.17.0.2:41353|priority:1] with ContainerStateMachine:uninitialized
2021-01-13 14:10:04,803 [pool-67-thread-1] INFO  server.RaftServerConfigKeys (ConfUtils.java:logGet(44)) - raft.server.rpc.timeout.min = 5s (custom)
2021-01-13 14:10:04,803 [pool-67-thread-1] INFO  server.RaftServerConfigKeys (ConfUtils.java:logGet(44)) - raft.server.rpc.timeout.max = 5200ms (custom)
2021-01-13 14:10:04,803 [pool-67-thread-1] INFO  server.RaftServerConfigKeys (ConfUtils.java:logGet(44)) - raft.server.rpc.sleep.time = 25ms (default)
2021-01-13 14:10:04,803 [pool-67-thread-1] INFO  server.RaftServerConfigKeys (ConfUtils.java:logGet(44)) - raft.server.rpc.slowness.timeout = 300s (custom)
2021-01-13 14:10:04,803 [pool-67-thread-1] INFO  server.RaftServerConfigKeys (ConfUtils.java:logGet(44)) - raft.server.leaderelection.leader.step-down.wait-time = 10s (default)
2021-01-13 14:10:04,803 [pool-67-thread-1] INFO  server.RaftServerConfigKeys (ConfUtils.java:logGet(44)) - raft.server.sleep.deviation.threshold = 300ms (default)
2021-01-13 14:10:04,803 [pool-67-thread-1] INFO  server.RaftServerConfigKeys (ConfUtils.java:logGet(44)) - raft.server.log.appender.install.snapshot.enabled = false (custom)
2021-01-13 14:10:04,804 [pool-67-thread-1] INFO  server.RaftServer$Division (ServerState.java:<init>(103)) - 55d81cbb-fb85-4082-808b-6966013a4e6d@group-88BE978D30F7: ConfigurationManager, init=-1: [88355522-ea7b-442e-ab24-a07389f97d94|rpc:172.17.0.2:34069|priority:0, 55d81cbb-fb85-4082-808b-6966013a4e6d|rpc:172.17.0.2:36461|priority:0, ecce6ce4-ded5-4171-a4f3-4bb4b5b9b0b9|rpc:172.17.0.2:41353|priority:1], old=null, confs=<EMPTY_MAP>
2021-01-13 14:10:04,804 [pool-67-thread-1] INFO  server.RaftServerConfigKeys (ConfUtils.java:logGet(44)) - raft.server.storage.dir = [/github/workspace/mnt/ozone/hadoop-ozone/integration-test/target/test-dir/MiniOzoneClusterImpl-9fde871d-63de-45ae-a394-6b80eb19d1dd/datanode-0/data/ratis] (custom)
2021-01-13 14:10:04,804 [pool-67-thread-1] INFO  server.RaftServerConfigKeys (ConfUtils.java:logGet(44)) - raft.server.log.corruption.policy = EXCEPTION (default)
2021-01-13 14:10:04,804 [pool-67-thread-1] INFO  storage.RaftStorageDirectory (RaftStorageDirectoryImpl.java:analyzeStorage(132)) - The storage directory /github/workspace/mnt/ozone/hadoop-ozone/integration-test/target/test-dir/MiniOzoneClusterImpl-9fde871d-63de-45ae-a394-6b80eb19d1dd/datanode-0/data/ratis/828aff4f-d459-43a2-8e02-88be978d30f7 does not exist. Creating ...
2021-01-13 14:10:04,805 [pool-67-thread-1] INFO  storage.RaftStorageDirectory (RaftStorageDirectoryImpl.java:tryLock(215)) - Lock on /github/workspace/mnt/ozone/hadoop-ozone/integration-test/target/test-dir/MiniOzoneClusterImpl-9fde871d-63de-45ae-a394-6b80eb19d1dd/datanode-0/data/ratis/828aff4f-d459-43a2-8e02-88be978d30f7/in_use.lock acquired by nodename 4782@2a0ae80d829d
2021-01-13 14:10:04,806 [pool-67-thread-1] INFO  storage.RaftStorage (RaftStorageImpl.java:format(87)) - Storage directory /github/workspace/mnt/ozone/hadoop-ozone/integration-test/target/test-dir/MiniOzoneClusterImpl-9fde871d-63de-45ae-a394-6b80eb19d1dd/datanode-0/data/ratis/828aff4f-d459-43a2-8e02-88be978d30f7 has been successfully formatted.
2021-01-13 14:10:04,810 [pool-82-thread-1] INFO  server.RaftServerConfigKeys (ConfUtils.java:logGet(44)) - raft.server.snapshot.auto.trigger.enabled = true (custom)
2021-01-13 14:10:04,810 [pool-82-thread-1] INFO  server.RaftServerConfigKeys (ConfUtils.java:logGet(44)) - raft.server.snapshot.auto.trigger.threshold = 10000 (custom)
2021-01-13 14:10:04,810 [pool-82-thread-1] INFO  server.RaftServerConfigKeys (ConfUtils.java:logGet(44)) - raft.server.snapshot.retention.file.num = 5 (custom)
2021-01-13 14:10:04,810 [pool-82-thread-1] INFO  server.RaftServerConfigKeys (ConfUtils.java:logGet(44)) - raft.server.log.purge.upto.snapshot.index = false (default)
2021-01-13 14:10:04,810 [pool-82-thread-1] INFO  server.RaftServerConfigKeys (ConfUtils.java:logGet(44)) - raft.server.retrycache.expirytime = 600000ms (custom)
2021-01-13 14:10:04,810 [pool-82-thread-1] INFO  server.RaftServerConfigKeys (ConfUtils.java:logGet(44)) - raft.server.retrycache.statistics.expirytime = 100?s (default)
2021-01-13 14:10:04,810 [pool-82-thread-1] INFO  metrics.RatisMetrics (RatisMetrics.java:lambda$create$0(36)) - Creating Metrics Registry : ratis.leader_election.ecce6ce4-ded5-4171-a4f3-4bb4b5b9b0b9@group-88BE978D30F7
2021-01-13 14:10:04,811 [pool-82-thread-1] INFO  metrics.RatisMetrics (RatisMetrics.java:lambda$create$0(36)) - Creating Metrics Registry : ratis.server.ecce6ce4-ded5-4171-a4f3-4bb4b5b9b0b9@group-88BE978D30F7
2021-01-13 14:10:04,811 [pool-82-thread-1] INFO  server.RaftServer$Division (RaftServerImpl.java:start(294)) - ecce6ce4-ded5-4171-a4f3-4bb4b5b9b0b9@group-88BE978D30F7: start as a follower, conf=-1: [88355522-ea7b-442e-ab24-a07389f97d94|rpc:172.17.0.2:34069|priority:0, 55d81cbb-fb85-4082-808b-6966013a4e6d|rpc:172.17.0.2:36461|priority:0, ecce6ce4-ded5-4171-a4f3-4bb4b5b9b0b9|rpc:172.17.0.2:41353|priority:1], old=null
2021-01-13 14:10:04,811 [pool-82-thread-1] INFO  server.RaftServer$Division (RaftServerImpl.java:setRole(283)) - ecce6ce4-ded5-4171-a4f3-4bb4b5b9b0b9@group-88BE978D30F7: changes role from      null to FOLLOWER at term 0 for startAsFollower
2021-01-13 14:10:04,811 [pool-82-thread-1] INFO  impl.RoleInfo (RoleInfo.java:updateAndGet(130)) - ecce6ce4-ded5-4171-a4f3-4bb4b5b9b0b9: start ecce6ce4-ded5-4171-a4f3-4bb4b5b9b0b9@group-88BE978D30F7-FollowerState
2021-01-13 14:10:04,818 [pool-82-thread-1] INFO  util.JmxRegister (JmxRegister.java:tryRegister(44)) - Successfully registered JMX Bean with object name Ratis:service=RaftServer,group=group-88BE978D30F7,id=ecce6ce4-ded5-4171-a4f3-4bb4b5b9b0b9
2021-01-13 14:10:04,818 [pool-82-thread-1] INFO  metrics.RatisMetrics (RatisMetrics.java:lambda$create$0(36)) - Creating Metrics Registry : ratis.state_machine.ecce6ce4-ded5-4171-a4f3-4bb4b5b9b0b9@group-88BE978D30F7
2021-01-13 14:10:04,822 [pool-67-thread-1] INFO  ratis.ContainerStateMachine (ContainerStateMachine.java:loadSnapshot(223)) - group-88BE978D30F7: The snapshot info is null. Setting the last applied indexto:(t:0, i:~)
2021-01-13 14:10:04,822 [pool-67-thread-1] ERROR storage.RaftStorage (RaftStorageImpl.java:readRaftConfiguration(147)) - Failed reading configuration from file:/github/workspace/mnt/ozone/hadoop-ozone/integration-test/target/test-dir/MiniOzoneClusterImpl-9fde871d-63de-45ae-a394-6b80eb19d1dd/datanode-0/data/ratis/828aff4f-d459-43a2-8e02-88be978d30f7/current/raft-meta.conf
java.io.FileNotFoundException: /github/workspace/mnt/ozone/hadoop-ozone/integration-test/target/test-dir/MiniOzoneClusterImpl-9fde871d-63de-45ae-a394-6b80eb19d1dd/datanode-0/data/ratis/828aff4f-d459-43a2-8e02-88be978d30f7/current/raft-meta.conf (No such file or directory)
	at java.io.FileInputStream.open0(Native Method)
	at java.io.FileInputStream.open(FileInputStream.java:195)
	at java.io.FileInputStream.<init>(FileInputStream.java:138)
	at org.apache.ratis.server.storage.RaftStorageImpl.readRaftConfiguration(RaftStorageImpl.java:143)
	at org.apache.ratis.server.impl.ServerState.<init>(ServerState.java:113)
	at org.apache.ratis.server.impl.RaftServerImpl.<init>(RaftServerImpl.java:192)
	at org.apache.ratis.server.impl.RaftServerProxy.lambda$newRaftServerImpl$4(RaftServerProxy.java:266)
	at java.util.concurrent.CompletableFuture$AsyncSupply.run(CompletableFuture.java:1604)
	at java.util.concurrent.ThreadPoolExecutor.runWorker(ThreadPoolExecutor.java:1149)
	at java.util.concurrent.ThreadPoolExecutor$Worker.run(ThreadPoolExecutor.java:624)
	at java.lang.Thread.run(Thread.java:748)
2021-01-13 14:10:04,822 [pool-67-thread-1] INFO  server.RaftServerConfigKeys (ConfUtils.java:logGet(44)) - raft.server.notification.no-leader.timeout = 300s (custom)
2021-01-13 14:10:04,822 [pool-67-thread-1] INFO  server.RaftServerConfigKeys (ConfUtils.java:logGet(44)) - raft.server.log.use.memory = false (default)
2021-01-13 14:10:04,822 [pool-67-thread-1] INFO  server.RaftServerConfigKeys (ConfUtils.java:logGet(44)) - raft.server.log.purge.gap = 1000000 (custom)
2021-01-13 14:10:04,822 [pool-67-thread-1] INFO  server.RaftServerConfigKeys (ConfUtils.java:logGet(44)) - raft.server.log.appender.buffer.byte-limit = 33554432 (custom)
2021-01-13 14:10:04,823 [pool-67-thread-1] INFO  metrics.RatisMetrics (RatisMetrics.java:lambda$create$0(36)) - Creating Metrics Registry : ratis.log_worker.55d81cbb-fb85-4082-808b-6966013a4e6d@group-88BE978D30F7
2021-01-13 14:10:04,823 [pool-67-thread-1] INFO  server.RaftServerConfigKeys (ConfUtils.java:logGet(44)) - raft.server.log.segment.size.max = 1048576 (custom)
2021-01-13 14:10:04,823 [pool-67-thread-1] INFO  server.RaftServerConfigKeys (ConfUtils.java:logGet(44)) - raft.server.log.segment.cache.num.max = 2 (custom)
2021-01-13 14:10:04,823 [pool-67-thread-1] INFO  server.RaftServerConfigKeys (ConfUtils.java:logGet(44)) - raft.server.log.segment.cache.size.max = 200MB (=209715200) (default)
2021-01-13 14:10:04,823 [pool-67-thread-1] INFO  segmented.SegmentedRaftLogWorker (SegmentedRaftLogWorker.java:<init>(181)) - new 55d81cbb-fb85-4082-808b-6966013a4e6d@group-88BE978D30F7-SegmentedRaftLogWorker for RaftStorageImpl:Storage Directory /github/workspace/mnt/ozone/hadoop-ozone/integration-test/target/test-dir/MiniOzoneClusterImpl-9fde871d-63de-45ae-a394-6b80eb19d1dd/datanode-0/data/ratis/828aff4f-d459-43a2-8e02-88be978d30f7
2021-01-13 14:10:04,823 [pool-67-thread-1] INFO  server.RaftServerConfigKeys (ConfUtils.java:logGet(44)) - raft.server.log.queue.byte-limit = 2147483647 (custom)
2021-01-13 14:10:04,823 [pool-67-thread-1] INFO  server.RaftServerConfigKeys (ConfUtils.java:logGet(44)) - raft.server.log.queue.element-limit = 1024 (custom)
2021-01-13 14:10:04,823 [pool-67-thread-1] INFO  server.RaftServerConfigKeys (ConfUtils.java:logGet(44)) - raft.server.log.segment.size.max = 1048576 (custom)
2021-01-13 14:10:04,823 [pool-67-thread-1] INFO  server.RaftServerConfigKeys (ConfUtils.java:logGet(44)) - raft.server.log.preallocated.size = 16384 (custom)
2021-01-13 14:10:04,823 [pool-67-thread-1] INFO  server.RaftServerConfigKeys (ConfUtils.java:logGet(44)) - raft.server.log.force.sync.num = 128 (default)
2021-01-13 14:10:04,823 [pool-67-thread-1] INFO  server.RaftServerConfigKeys (ConfUtils.java:logGet(44)) - raft.server.log.statemachine.data.sync = true (default)
2021-01-13 14:10:04,823 [pool-67-thread-1] INFO  server.RaftServerConfigKeys (ConfUtils.java:logGet(44)) - raft.server.log.statemachine.data.sync.timeout = 10s (default)
2021-01-13 14:10:04,823 [pool-67-thread-1] INFO  server.RaftServerConfigKeys (ConfUtils.java:logGet(44)) - raft.server.log.statemachine.data.sync.timeout.retry = -1 (default)
2021-01-13 14:10:04,842 [pool-67-thread-1] INFO  server.RaftServerConfigKeys (ConfUtils.java:logGet(44)) - raft.server.log.write.buffer.size = 1048576 (custom)
2021-01-13 14:10:04,843 [pool-67-thread-1] INFO  server.RaftServerConfigKeys (ConfUtils.java:logGet(44)) - raft.server.log.statemachine.data.caching.enabled = true (custom)
2021-01-13 14:10:04,843 [pool-67-thread-1] INFO  segmented.SegmentedRaftLogWorker (SegmentedRaftLogWorker.java:lambda$new$0(132)) - 55d81cbb-fb85-4082-808b-6966013a4e6d@group-88BE978D30F7-SegmentedRaftLogWorker: flushIndex: setUnconditionally 0 -> -1
2021-01-13 14:10:04,843 [pool-67-thread-1] INFO  segmented.SegmentedRaftLogWorker (SegmentedRaftLogWorker.java:lambda$new$0(132)) - 55d81cbb-fb85-4082-808b-6966013a4e6d@group-88BE978D30F7-SegmentedRaftLogWorker: safeCacheEvictIndex: setUnconditionally 0 -> -1
2021-01-13 14:10:04,845 [EventQueue-PipelineReportForOneReplicaPipelineSafeModeRule] INFO  safemode.SCMSafeModeManager (SCMSafeModeManager.java:validateSafeModeExitRules(214)) - AtleastOneDatanodeReportedRule rule is successfully validated
2021-01-13 14:10:04,845 [EventQueue-OpenPipelineForHealthyPipelineSafeModeRule] INFO  safemode.SCMSafeModeManager (HealthyPipelineSafeModeRule.java:process(128)) - SCM in safe mode. Healthy pipelines reported count is 0, required healthy pipeline reported count is 1
2021-01-13 14:10:04,848 [pool-67-thread-1] INFO  server.RaftServerConfigKeys (ConfUtils.java:logGet(44)) - raft.server.snapshot.auto.trigger.enabled = true (custom)
2021-01-13 14:10:04,848 [pool-67-thread-1] INFO  server.RaftServerConfigKeys (ConfUtils.java:logGet(44)) - raft.server.snapshot.auto.trigger.threshold = 10000 (custom)
2021-01-13 14:10:04,848 [pool-67-thread-1] INFO  server.RaftServerConfigKeys (ConfUtils.java:logGet(44)) - raft.server.snapshot.retention.file.num = 5 (custom)
2021-01-13 14:10:04,848 [pool-67-thread-1] INFO  server.RaftServerConfigKeys (ConfUtils.java:logGet(44)) - raft.server.log.purge.upto.snapshot.index = false (default)
2021-01-13 14:10:04,848 [pool-67-thread-1] INFO  server.RaftServerConfigKeys (ConfUtils.java:logGet(44)) - raft.server.retrycache.expirytime = 600000ms (custom)
2021-01-13 14:10:04,848 [pool-67-thread-1] INFO  server.RaftServerConfigKeys (ConfUtils.java:logGet(44)) - raft.server.retrycache.statistics.expirytime = 100?s (default)
2021-01-13 14:10:04,848 [pool-67-thread-1] INFO  metrics.RatisMetrics (RatisMetrics.java:lambda$create$0(36)) - Creating Metrics Registry : ratis.leader_election.55d81cbb-fb85-4082-808b-6966013a4e6d@group-88BE978D30F7
2021-01-13 14:10:04,849 [pool-67-thread-1] INFO  metrics.RatisMetrics (RatisMetrics.java:lambda$create$0(36)) - Creating Metrics Registry : ratis.server.55d81cbb-fb85-4082-808b-6966013a4e6d@group-88BE978D30F7
2021-01-13 14:10:04,849 [pool-67-thread-1] INFO  server.RaftServer$Division (RaftServerImpl.java:start(294)) - 55d81cbb-fb85-4082-808b-6966013a4e6d@group-88BE978D30F7: start as a follower, conf=-1: [88355522-ea7b-442e-ab24-a07389f97d94|rpc:172.17.0.2:34069|priority:0, 55d81cbb-fb85-4082-808b-6966013a4e6d|rpc:172.17.0.2:36461|priority:0, ecce6ce4-ded5-4171-a4f3-4bb4b5b9b0b9|rpc:172.17.0.2:41353|priority:1], old=null
2021-01-13 14:10:04,849 [pool-67-thread-1] INFO  server.RaftServer$Division (RaftServerImpl.java:setRole(283)) - 55d81cbb-fb85-4082-808b-6966013a4e6d@group-88BE978D30F7: changes role from      null to FOLLOWER at term 0 for startAsFollower
2021-01-13 14:10:04,849 [pool-67-thread-1] INFO  impl.RoleInfo (RoleInfo.java:updateAndGet(130)) - 55d81cbb-fb85-4082-808b-6966013a4e6d: start 55d81cbb-fb85-4082-808b-6966013a4e6d@group-88BE978D30F7-FollowerState
2021-01-13 14:10:04,854 [pool-67-thread-1] INFO  util.JmxRegister (JmxRegister.java:tryRegister(44)) - Successfully registered JMX Bean with object name Ratis:service=RaftServer,group=group-88BE978D30F7,id=55d81cbb-fb85-4082-808b-6966013a4e6d
2021-01-13 14:10:04,854 [pool-67-thread-1] INFO  metrics.RatisMetrics (RatisMetrics.java:lambda$create$0(36)) - Creating Metrics Registry : ratis.state_machine.55d81cbb-fb85-4082-808b-6966013a4e6d@group-88BE978D30F7
2021-01-13 14:10:04,856 [Listener at 127.0.0.1/10228] INFO  ozone.MiniOzoneClusterImpl (MiniOzoneClusterImpl.java:lambda$waitForClusterToBeReady$0(179)) - Nodes are ready. Got 3 of 3 DN Heartbeats.
2021-01-13 14:10:04,856 [Listener at 127.0.0.1/10228] INFO  ozone.MiniOzoneClusterImpl (MiniOzoneClusterImpl.java:lambda$waitForClusterToBeReady$0(182)) - Waiting for cluster to exit safe mode
2021-01-13 14:10:04,865 [Command processor thread] INFO  metrics.RatisMetrics (RatisMetrics.java:lambda$create$0(36)) - Creating Metrics Registry : ratis.client_message_metrics.client-769461CE5C87->88355522-ea7b-442e-ab24-a07389f97d94
2021-01-13 14:10:04,876 [Command processor thread] INFO  metrics.RatisMetrics (RatisMetrics.java:lambda$create$0(36)) - Creating Metrics Registry : ratis.client_message_metrics.client-D6EFEDA10CD7->88355522-ea7b-442e-ab24-a07389f97d94
2021-01-13 14:10:04,883 [Command processor thread] INFO  server.RaftServer (RaftServerProxy.java:addNew(95)) - 88355522-ea7b-442e-ab24-a07389f97d94: addNew group-851D516367DC:[88355522-ea7b-442e-ab24-a07389f97d94|rpc:172.17.0.2:34069|priority:1] returns group-851D516367DC:java.util.concurrent.CompletableFuture@53863193[Not completed]
2021-01-13 14:10:04,885 [pool-99-thread-1] INFO  server.RaftServer$Division (RaftServerImpl.java:<init>(179)) - 88355522-ea7b-442e-ab24-a07389f97d94: new RaftServerImpl for group-851D516367DC:[88355522-ea7b-442e-ab24-a07389f97d94|rpc:172.17.0.2:34069|priority:1] with ContainerStateMachine:uninitialized
2021-01-13 14:10:04,885 [pool-99-thread-1] INFO  server.RaftServerConfigKeys (ConfUtils.java:logGet(44)) - raft.server.rpc.timeout.min = 5s (custom)
2021-01-13 14:10:04,885 [pool-99-thread-1] INFO  server.RaftServerConfigKeys (ConfUtils.java:logGet(44)) - raft.server.rpc.timeout.max = 5200ms (custom)
2021-01-13 14:10:04,885 [pool-99-thread-1] INFO  server.RaftServerConfigKeys (ConfUtils.java:logGet(44)) - raft.server.rpc.sleep.time = 25ms (default)
2021-01-13 14:10:04,885 [pool-99-thread-1] INFO  server.RaftServerConfigKeys (ConfUtils.java:logGet(44)) - raft.server.rpc.slowness.timeout = 300s (custom)
2021-01-13 14:10:04,885 [pool-99-thread-1] INFO  server.RaftServerConfigKeys (ConfUtils.java:logGet(44)) - raft.server.leaderelection.leader.step-down.wait-time = 10s (default)
2021-01-13 14:10:04,885 [pool-99-thread-1] INFO  server.RaftServerConfigKeys (ConfUtils.java:logGet(44)) - raft.server.sleep.deviation.threshold = 300ms (default)
2021-01-13 14:10:04,885 [pool-99-thread-1] INFO  server.RaftServerConfigKeys (ConfUtils.java:logGet(44)) - raft.server.log.appender.install.snapshot.enabled = false (custom)
2021-01-13 14:10:04,885 [pool-99-thread-1] INFO  server.RaftServer$Division (ServerState.java:<init>(103)) - 88355522-ea7b-442e-ab24-a07389f97d94@group-851D516367DC: ConfigurationManager, init=-1: [88355522-ea7b-442e-ab24-a07389f97d94|rpc:172.17.0.2:34069|priority:1], old=null, confs=<EMPTY_MAP>
2021-01-13 14:10:04,885 [pool-99-thread-1] INFO  server.RaftServerConfigKeys (ConfUtils.java:logGet(44)) - raft.server.storage.dir = [/github/workspace/mnt/ozone/hadoop-ozone/integration-test/target/test-dir/MiniOzoneClusterImpl-9fde871d-63de-45ae-a394-6b80eb19d1dd/datanode-2/data/ratis] (custom)
2021-01-13 14:10:04,885 [pool-99-thread-1] INFO  server.RaftServerConfigKeys (ConfUtils.java:logGet(44)) - raft.server.log.corruption.policy = EXCEPTION (default)
2021-01-13 14:10:04,885 [pool-99-thread-1] INFO  storage.RaftStorageDirectory (RaftStorageDirectoryImpl.java:analyzeStorage(132)) - The storage directory /github/workspace/mnt/ozone/hadoop-ozone/integration-test/target/test-dir/MiniOzoneClusterImpl-9fde871d-63de-45ae-a394-6b80eb19d1dd/datanode-2/data/ratis/514aee39-0aee-42f7-8bc2-851d516367dc does not exist. Creating ...
2021-01-13 14:10:04,887 [pool-99-thread-1] INFO  storage.RaftStorageDirectory (RaftStorageDirectoryImpl.java:tryLock(215)) - Lock on /github/workspace/mnt/ozone/hadoop-ozone/integration-test/target/test-dir/MiniOzoneClusterImpl-9fde871d-63de-45ae-a394-6b80eb19d1dd/datanode-2/data/ratis/514aee39-0aee-42f7-8bc2-851d516367dc/in_use.lock acquired by nodename 4782@2a0ae80d829d
2021-01-13 14:10:04,894 [pool-99-thread-1] INFO  storage.RaftStorage (RaftStorageImpl.java:format(87)) - Storage directory /github/workspace/mnt/ozone/hadoop-ozone/integration-test/target/test-dir/MiniOzoneClusterImpl-9fde871d-63de-45ae-a394-6b80eb19d1dd/datanode-2/data/ratis/514aee39-0aee-42f7-8bc2-851d516367dc has been successfully formatted.
2021-01-13 14:10:04,895 [pool-99-thread-1] INFO  ratis.ContainerStateMachine (ContainerStateMachine.java:loadSnapshot(223)) - group-851D516367DC: The snapshot info is null. Setting the last applied indexto:(t:0, i:~)
2021-01-13 14:10:04,895 [pool-99-thread-1] ERROR storage.RaftStorage (RaftStorageImpl.java:readRaftConfiguration(147)) - Failed reading configuration from file:/github/workspace/mnt/ozone/hadoop-ozone/integration-test/target/test-dir/MiniOzoneClusterImpl-9fde871d-63de-45ae-a394-6b80eb19d1dd/datanode-2/data/ratis/514aee39-0aee-42f7-8bc2-851d516367dc/current/raft-meta.conf
java.io.FileNotFoundException: /github/workspace/mnt/ozone/hadoop-ozone/integration-test/target/test-dir/MiniOzoneClusterImpl-9fde871d-63de-45ae-a394-6b80eb19d1dd/datanode-2/data/ratis/514aee39-0aee-42f7-8bc2-851d516367dc/current/raft-meta.conf (No such file or directory)
	at java.io.FileInputStream.open0(Native Method)
	at java.io.FileInputStream.open(FileInputStream.java:195)
	at java.io.FileInputStream.<init>(FileInputStream.java:138)
	at org.apache.ratis.server.storage.RaftStorageImpl.readRaftConfiguration(RaftStorageImpl.java:143)
	at org.apache.ratis.server.impl.ServerState.<init>(ServerState.java:113)
	at org.apache.ratis.server.impl.RaftServerImpl.<init>(RaftServerImpl.java:192)
	at org.apache.ratis.server.impl.RaftServerProxy.lambda$newRaftServerImpl$4(RaftServerProxy.java:266)
	at java.util.concurrent.CompletableFuture$AsyncSupply.run(CompletableFuture.java:1604)
	at java.util.concurrent.ThreadPoolExecutor.runWorker(ThreadPoolExecutor.java:1149)
	at java.util.concurrent.ThreadPoolExecutor$Worker.run(ThreadPoolExecutor.java:624)
	at java.lang.Thread.run(Thread.java:748)
2021-01-13 14:10:04,895 [pool-99-thread-1] INFO  server.RaftServerConfigKeys (ConfUtils.java:logGet(44)) - raft.server.notification.no-leader.timeout = 300s (custom)
2021-01-13 14:10:04,895 [pool-99-thread-1] INFO  server.RaftServerConfigKeys (ConfUtils.java:logGet(44)) - raft.server.log.use.memory = false (default)
2021-01-13 14:10:04,896 [pool-99-thread-1] INFO  server.RaftServerConfigKeys (ConfUtils.java:logGet(44)) - raft.server.log.purge.gap = 1000000 (custom)
2021-01-13 14:10:04,896 [pool-99-thread-1] INFO  server.RaftServerConfigKeys (ConfUtils.java:logGet(44)) - raft.server.log.appender.buffer.byte-limit = 33554432 (custom)
2021-01-13 14:10:04,896 [pool-99-thread-1] INFO  metrics.RatisMetrics (RatisMetrics.java:lambda$create$0(36)) - Creating Metrics Registry : ratis.log_worker.88355522-ea7b-442e-ab24-a07389f97d94@group-851D516367DC
2021-01-13 14:10:04,897 [pool-99-thread-1] INFO  server.RaftServerConfigKeys (ConfUtils.java:logGet(44)) - raft.server.log.segment.size.max = 1048576 (custom)
2021-01-13 14:10:04,897 [EventQueue-PipelineReportForPipelineReportHandler] INFO  pipeline.PipelineStateManager (PipelineStateManager.java:openPipeline(132)) - Pipeline Pipeline[ Id: 514aee39-0aee-42f7-8bc2-851d516367dc, Nodes: 88355522-ea7b-442e-ab24-a07389f97d94{ip: 172.17.0.2, host: 2a0ae80d829d, networkLocation: /default-rack, certSerialId: null, persistedOpState: IN_SERVICE, persistedOpStateExpiryEpochSec: 0}, Type:RATIS, Factor:ONE, State:ALLOCATED, leaderId:88355522-ea7b-442e-ab24-a07389f97d94, CreationTimestamp2021-01-13T14:10:01.887Z] moved to OPEN state
2021-01-13 14:10:04,897 [pool-99-thread-1] INFO  server.RaftServerConfigKeys (ConfUtils.java:logGet(44)) - raft.server.log.segment.cache.num.max = 2 (custom)
2021-01-13 14:10:04,897 [pool-99-thread-1] INFO  server.RaftServerConfigKeys (ConfUtils.java:logGet(44)) - raft.server.log.segment.cache.size.max = 200MB (=209715200) (default)
2021-01-13 14:10:04,897 [pool-99-thread-1] INFO  segmented.SegmentedRaftLogWorker (SegmentedRaftLogWorker.java:<init>(181)) - new 88355522-ea7b-442e-ab24-a07389f97d94@group-851D516367DC-SegmentedRaftLogWorker for RaftStorageImpl:Storage Directory /github/workspace/mnt/ozone/hadoop-ozone/integration-test/target/test-dir/MiniOzoneClusterImpl-9fde871d-63de-45ae-a394-6b80eb19d1dd/datanode-2/data/ratis/514aee39-0aee-42f7-8bc2-851d516367dc
2021-01-13 14:10:04,897 [pool-99-thread-1] INFO  server.RaftServerConfigKeys (ConfUtils.java:logGet(44)) - raft.server.log.queue.byte-limit = 2147483647 (custom)
2021-01-13 14:10:04,897 [EventQueue-OpenPipelineForHealthyPipelineSafeModeRule] INFO  safemode.SCMSafeModeManager (HealthyPipelineSafeModeRule.java:process(128)) - SCM in safe mode. Healthy pipelines reported count is 0, required healthy pipeline reported count is 1
2021-01-13 14:10:04,897 [EventQueue-PipelineReportForOneReplicaPipelineSafeModeRule] INFO  safemode.SCMSafeModeManager (SCMSafeModeManager.java:validateSafeModeExitRules(214)) - AtleastOneDatanodeReportedRule rule is successfully validated
2021-01-13 14:10:04,898 [grpc-default-executor-1] INFO  server.RaftServer (RaftServerProxy.java:addNew(95)) - 88355522-ea7b-442e-ab24-a07389f97d94: addNew group-88BE978D30F7:[88355522-ea7b-442e-ab24-a07389f97d94|rpc:172.17.0.2:34069|dataStream:|priority:0, 55d81cbb-fb85-4082-808b-6966013a4e6d|rpc:172.17.0.2:36461|dataStream:|priority:0, ecce6ce4-ded5-4171-a4f3-4bb4b5b9b0b9|rpc:172.17.0.2:41353|dataStream:|priority:1] returns group-88BE978D30F7:java.util.concurrent.CompletableFuture@59d75c8a[Not completed]
2021-01-13 14:10:04,899 [pool-99-thread-1] INFO  server.RaftServerConfigKeys (ConfUtils.java:logGet(44)) - raft.server.log.queue.element-limit = 1024 (custom)
2021-01-13 14:10:04,899 [pool-99-thread-1] INFO  server.RaftServerConfigKeys (ConfUtils.java:logGet(44)) - raft.server.log.segment.size.max = 1048576 (custom)
2021-01-13 14:10:04,899 [pool-99-thread-1] INFO  server.RaftServerConfigKeys (ConfUtils.java:logGet(44)) - raft.server.log.preallocated.size = 16384 (custom)
2021-01-13 14:10:04,899 [pool-99-thread-1] INFO  server.RaftServerConfigKeys (ConfUtils.java:logGet(44)) - raft.server.log.force.sync.num = 128 (default)
2021-01-13 14:10:04,899 [pool-99-thread-1] INFO  server.RaftServerConfigKeys (ConfUtils.java:logGet(44)) - raft.server.log.statemachine.data.sync = true (default)
2021-01-13 14:10:04,899 [pool-99-thread-1] INFO  server.RaftServerConfigKeys (ConfUtils.java:logGet(44)) - raft.server.log.statemachine.data.sync.timeout = 10s (default)
2021-01-13 14:10:04,900 [pool-99-thread-1] INFO  server.RaftServerConfigKeys (ConfUtils.java:logGet(44)) - raft.server.log.statemachine.data.sync.timeout.retry = -1 (default)
2021-01-13 14:10:04,917 [pool-99-thread-1] INFO  server.RaftServerConfigKeys (ConfUtils.java:logGet(44)) - raft.server.log.write.buffer.size = 1048576 (custom)
2021-01-13 14:10:04,917 [pool-99-thread-1] INFO  server.RaftServerConfigKeys (ConfUtils.java:logGet(44)) - raft.server.log.statemachine.data.caching.enabled = true (custom)
2021-01-13 14:10:04,918 [pool-99-thread-1] INFO  segmented.SegmentedRaftLogWorker (SegmentedRaftLogWorker.java:lambda$new$0(132)) - 88355522-ea7b-442e-ab24-a07389f97d94@group-851D516367DC-SegmentedRaftLogWorker: flushIndex: setUnconditionally 0 -> -1
2021-01-13 14:10:04,918 [pool-99-thread-1] INFO  segmented.SegmentedRaftLogWorker (SegmentedRaftLogWorker.java:lambda$new$0(132)) - 88355522-ea7b-442e-ab24-a07389f97d94@group-851D516367DC-SegmentedRaftLogWorker: safeCacheEvictIndex: setUnconditionally 0 -> -1
2021-01-13 14:10:04,918 [pool-99-thread-1] INFO  server.RaftServerConfigKeys (ConfUtils.java:logGet(44)) - raft.server.snapshot.auto.trigger.enabled = true (custom)
2021-01-13 14:10:04,919 [pool-99-thread-1] INFO  server.RaftServerConfigKeys (ConfUtils.java:logGet(44)) - raft.server.snapshot.auto.trigger.threshold = 10000 (custom)
2021-01-13 14:10:04,922 [pool-99-thread-1] INFO  server.RaftServerConfigKeys (ConfUtils.java:logGet(44)) - raft.server.snapshot.retention.file.num = 5 (custom)
2021-01-13 14:10:04,922 [pool-99-thread-1] INFO  server.RaftServerConfigKeys (ConfUtils.java:logGet(44)) - raft.server.log.purge.upto.snapshot.index = false (default)
2021-01-13 14:10:04,922 [pool-99-thread-1] INFO  server.RaftServerConfigKeys (ConfUtils.java:logGet(44)) - raft.server.retrycache.expirytime = 600000ms (custom)
2021-01-13 14:10:04,922 [pool-99-thread-1] INFO  server.RaftServerConfigKeys (ConfUtils.java:logGet(44)) - raft.server.retrycache.statistics.expirytime = 100?s (default)
2021-01-13 14:10:04,928 [pool-99-thread-1] INFO  metrics.RatisMetrics (RatisMetrics.java:lambda$create$0(36)) - Creating Metrics Registry : ratis.leader_election.88355522-ea7b-442e-ab24-a07389f97d94@group-851D516367DC
2021-01-13 14:10:04,928 [pool-99-thread-1] INFO  metrics.RatisMetrics (RatisMetrics.java:lambda$create$0(36)) - Creating Metrics Registry : ratis.server.88355522-ea7b-442e-ab24-a07389f97d94@group-851D516367DC
2021-01-13 14:10:04,930 [pool-99-thread-1] INFO  server.RaftServer$Division (RaftServerImpl.java:<init>(179)) - 88355522-ea7b-442e-ab24-a07389f97d94: new RaftServerImpl for group-88BE978D30F7:[88355522-ea7b-442e-ab24-a07389f97d94|rpc:172.17.0.2:34069|dataStream:|priority:0, 55d81cbb-fb85-4082-808b-6966013a4e6d|rpc:172.17.0.2:36461|dataStream:|priority:0, ecce6ce4-ded5-4171-a4f3-4bb4b5b9b0b9|rpc:172.17.0.2:41353|dataStream:|priority:1] with ContainerStateMachine:uninitialized
2021-01-13 14:10:04,930 [pool-99-thread-1] INFO  server.RaftServerConfigKeys (ConfUtils.java:logGet(44)) - raft.server.rpc.timeout.min = 5s (custom)
2021-01-13 14:10:04,930 [pool-99-thread-1] INFO  server.RaftServerConfigKeys (ConfUtils.java:logGet(44)) - raft.server.rpc.timeout.max = 5200ms (custom)
2021-01-13 14:10:04,930 [pool-99-thread-1] INFO  server.RaftServerConfigKeys (ConfUtils.java:logGet(44)) - raft.server.rpc.sleep.time = 25ms (default)
2021-01-13 14:10:04,930 [pool-99-thread-1] INFO  server.RaftServerConfigKeys (ConfUtils.java:logGet(44)) - raft.server.rpc.slowness.timeout = 300s (custom)
2021-01-13 14:10:04,930 [pool-99-thread-1] INFO  server.RaftServerConfigKeys (ConfUtils.java:logGet(44)) - raft.server.leaderelection.leader.step-down.wait-time = 10s (default)
2021-01-13 14:10:04,930 [pool-99-thread-1] INFO  server.RaftServerConfigKeys (ConfUtils.java:logGet(44)) - raft.server.sleep.deviation.threshold = 300ms (default)
2021-01-13 14:10:04,930 [pool-99-thread-1] INFO  server.RaftServerConfigKeys (ConfUtils.java:logGet(44)) - raft.server.log.appender.install.snapshot.enabled = false (custom)
2021-01-13 14:10:04,930 [pool-99-thread-1] INFO  server.RaftServer$Division (ServerState.java:<init>(103)) - 88355522-ea7b-442e-ab24-a07389f97d94@group-88BE978D30F7: ConfigurationManager, init=-1: [88355522-ea7b-442e-ab24-a07389f97d94|rpc:172.17.0.2:34069|dataStream:|priority:0, 55d81cbb-fb85-4082-808b-6966013a4e6d|rpc:172.17.0.2:36461|dataStream:|priority:0, ecce6ce4-ded5-4171-a4f3-4bb4b5b9b0b9|rpc:172.17.0.2:41353|dataStream:|priority:1], old=null, confs=<EMPTY_MAP>
2021-01-13 14:10:04,930 [pool-99-thread-1] INFO  server.RaftServerConfigKeys (ConfUtils.java:logGet(44)) - raft.server.storage.dir = [/github/workspace/mnt/ozone/hadoop-ozone/integration-test/target/test-dir/MiniOzoneClusterImpl-9fde871d-63de-45ae-a394-6b80eb19d1dd/datanode-2/data/ratis] (custom)
2021-01-13 14:10:04,931 [pool-99-thread-1] INFO  server.RaftServerConfigKeys (ConfUtils.java:logGet(44)) - raft.server.log.corruption.policy = EXCEPTION (default)
2021-01-13 14:10:04,931 [pool-99-thread-1] INFO  storage.RaftStorageDirectory (RaftStorageDirectoryImpl.java:analyzeStorage(132)) - The storage directory /github/workspace/mnt/ozone/hadoop-ozone/integration-test/target/test-dir/MiniOzoneClusterImpl-9fde871d-63de-45ae-a394-6b80eb19d1dd/datanode-2/data/ratis/828aff4f-d459-43a2-8e02-88be978d30f7 does not exist. Creating ...
2021-01-13 14:10:04,934 [pool-99-thread-1] INFO  storage.RaftStorageDirectory (RaftStorageDirectoryImpl.java:tryLock(215)) - Lock on /github/workspace/mnt/ozone/hadoop-ozone/integration-test/target/test-dir/MiniOzoneClusterImpl-9fde871d-63de-45ae-a394-6b80eb19d1dd/datanode-2/data/ratis/828aff4f-d459-43a2-8e02-88be978d30f7/in_use.lock acquired by nodename 4782@2a0ae80d829d
2021-01-13 14:10:04,945 [pool-99-thread-1] INFO  storage.RaftStorage (RaftStorageImpl.java:format(87)) - Storage directory /github/workspace/mnt/ozone/hadoop-ozone/integration-test/target/test-dir/MiniOzoneClusterImpl-9fde871d-63de-45ae-a394-6b80eb19d1dd/datanode-2/data/ratis/828aff4f-d459-43a2-8e02-88be978d30f7 has been successfully formatted.
2021-01-13 14:10:04,945 [pool-99-thread-1] INFO  ratis.ContainerStateMachine (ContainerStateMachine.java:loadSnapshot(223)) - group-88BE978D30F7: The snapshot info is null. Setting the last applied indexto:(t:0, i:~)
2021-01-13 14:10:04,945 [pool-99-thread-1] ERROR storage.RaftStorage (RaftStorageImpl.java:readRaftConfiguration(147)) - Failed reading configuration from file:/github/workspace/mnt/ozone/hadoop-ozone/integration-test/target/test-dir/MiniOzoneClusterImpl-9fde871d-63de-45ae-a394-6b80eb19d1dd/datanode-2/data/ratis/828aff4f-d459-43a2-8e02-88be978d30f7/current/raft-meta.conf
java.io.FileNotFoundException: /github/workspace/mnt/ozone/hadoop-ozone/integration-test/target/test-dir/MiniOzoneClusterImpl-9fde871d-63de-45ae-a394-6b80eb19d1dd/datanode-2/data/ratis/828aff4f-d459-43a2-8e02-88be978d30f7/current/raft-meta.conf (No such file or directory)
	at java.io.FileInputStream.open0(Native Method)
	at java.io.FileInputStream.open(FileInputStream.java:195)
	at java.io.FileInputStream.<init>(FileInputStream.java:138)
	at org.apache.ratis.server.storage.RaftStorageImpl.readRaftConfiguration(RaftStorageImpl.java:143)
	at org.apache.ratis.server.impl.ServerState.<init>(ServerState.java:113)
	at org.apache.ratis.server.impl.RaftServerImpl.<init>(RaftServerImpl.java:192)
	at org.apache.ratis.server.impl.RaftServerProxy.lambda$newRaftServerImpl$4(RaftServerProxy.java:266)
	at java.util.concurrent.CompletableFuture$AsyncSupply.run(CompletableFuture.java:1604)
	at java.util.concurrent.ThreadPoolExecutor.runWorker(ThreadPoolExecutor.java:1149)
	at java.util.concurrent.ThreadPoolExecutor$Worker.run(ThreadPoolExecutor.java:624)
	at java.lang.Thread.run(Thread.java:748)
2021-01-13 14:10:04,945 [pool-99-thread-1] INFO  server.RaftServerConfigKeys (ConfUtils.java:logGet(44)) - raft.server.notification.no-leader.timeout = 300s (custom)
2021-01-13 14:10:04,945 [pool-99-thread-1] INFO  server.RaftServerConfigKeys (ConfUtils.java:logGet(44)) - raft.server.log.use.memory = false (default)
2021-01-13 14:10:04,945 [pool-99-thread-1] INFO  server.RaftServerConfigKeys (ConfUtils.java:logGet(44)) - raft.server.log.purge.gap = 1000000 (custom)
2021-01-13 14:10:04,945 [pool-99-thread-1] INFO  server.RaftServerConfigKeys (ConfUtils.java:logGet(44)) - raft.server.log.appender.buffer.byte-limit = 33554432 (custom)
2021-01-13 14:10:04,976 [pool-99-thread-1] INFO  metrics.RatisMetrics (RatisMetrics.java:lambda$create$0(36)) - Creating Metrics Registry : ratis.log_worker.88355522-ea7b-442e-ab24-a07389f97d94@group-88BE978D30F7
2021-01-13 14:10:04,976 [pool-99-thread-1] INFO  server.RaftServerConfigKeys (ConfUtils.java:logGet(44)) - raft.server.log.segment.size.max = 1048576 (custom)
2021-01-13 14:10:04,976 [pool-99-thread-1] INFO  server.RaftServerConfigKeys (ConfUtils.java:logGet(44)) - raft.server.log.segment.cache.num.max = 2 (custom)
2021-01-13 14:10:04,976 [pool-99-thread-1] INFO  server.RaftServerConfigKeys (ConfUtils.java:logGet(44)) - raft.server.log.segment.cache.size.max = 200MB (=209715200) (default)
2021-01-13 14:10:04,976 [pool-99-thread-1] INFO  segmented.SegmentedRaftLogWorker (SegmentedRaftLogWorker.java:<init>(181)) - new 88355522-ea7b-442e-ab24-a07389f97d94@group-88BE978D30F7-SegmentedRaftLogWorker for RaftStorageImpl:Storage Directory /github/workspace/mnt/ozone/hadoop-ozone/integration-test/target/test-dir/MiniOzoneClusterImpl-9fde871d-63de-45ae-a394-6b80eb19d1dd/datanode-2/data/ratis/828aff4f-d459-43a2-8e02-88be978d30f7
2021-01-13 14:10:04,977 [pool-99-thread-1] INFO  server.RaftServerConfigKeys (ConfUtils.java:logGet(44)) - raft.server.log.queue.byte-limit = 2147483647 (custom)
2021-01-13 14:10:04,977 [pool-99-thread-1] INFO  server.RaftServerConfigKeys (ConfUtils.java:logGet(44)) - raft.server.log.queue.element-limit = 1024 (custom)
2021-01-13 14:10:04,977 [EventQueue-PipelineReportForOneReplicaPipelineSafeModeRule] INFO  safemode.SCMSafeModeManager (SCMSafeModeManager.java:validateSafeModeExitRules(214)) - AtleastOneDatanodeReportedRule rule is successfully validated
2021-01-13 14:10:04,977 [pool-99-thread-1] INFO  server.RaftServerConfigKeys (ConfUtils.java:logGet(44)) - raft.server.log.segment.size.max = 1048576 (custom)
2021-01-13 14:10:04,977 [pool-99-thread-1] INFO  server.RaftServerConfigKeys (ConfUtils.java:logGet(44)) - raft.server.log.preallocated.size = 16384 (custom)
2021-01-13 14:10:04,977 [pool-99-thread-1] INFO  server.RaftServerConfigKeys (ConfUtils.java:logGet(44)) - raft.server.log.force.sync.num = 128 (default)
2021-01-13 14:10:04,977 [pool-99-thread-1] INFO  server.RaftServerConfigKeys (ConfUtils.java:logGet(44)) - raft.server.log.statemachine.data.sync = true (default)
2021-01-13 14:10:04,977 [pool-99-thread-1] INFO  server.RaftServerConfigKeys (ConfUtils.java:logGet(44)) - raft.server.log.statemachine.data.sync.timeout = 10s (default)
2021-01-13 14:10:04,977 [EventQueue-OpenPipelineForHealthyPipelineSafeModeRule] INFO  safemode.SCMSafeModeManager (HealthyPipelineSafeModeRule.java:process(128)) - SCM in safe mode. Healthy pipelines reported count is 0, required healthy pipeline reported count is 1
2021-01-13 14:10:04,977 [pool-99-thread-1] INFO  server.RaftServerConfigKeys (ConfUtils.java:logGet(44)) - raft.server.log.statemachine.data.sync.timeout.retry = -1 (default)
2021-01-13 14:10:04,978 [pool-99-thread-1] INFO  server.RaftServerConfigKeys (ConfUtils.java:logGet(44)) - raft.server.log.write.buffer.size = 1048576 (custom)
2021-01-13 14:10:04,978 [pool-99-thread-1] INFO  server.RaftServerConfigKeys (ConfUtils.java:logGet(44)) - raft.server.log.statemachine.data.caching.enabled = true (custom)
2021-01-13 14:10:04,978 [pool-99-thread-1] INFO  segmented.SegmentedRaftLogWorker (SegmentedRaftLogWorker.java:lambda$new$0(132)) - 88355522-ea7b-442e-ab24-a07389f97d94@group-88BE978D30F7-SegmentedRaftLogWorker: flushIndex: setUnconditionally 0 -> -1
2021-01-13 14:10:04,978 [pool-99-thread-1] INFO  segmented.SegmentedRaftLogWorker (SegmentedRaftLogWorker.java:lambda$new$0(132)) - 88355522-ea7b-442e-ab24-a07389f97d94@group-88BE978D30F7-SegmentedRaftLogWorker: safeCacheEvictIndex: setUnconditionally 0 -> -1
2021-01-13 14:10:04,981 [pool-99-thread-1] INFO  server.RaftServerConfigKeys (ConfUtils.java:logGet(44)) - raft.server.snapshot.auto.trigger.enabled = true (custom)
2021-01-13 14:10:04,981 [pool-99-thread-1] INFO  server.RaftServerConfigKeys (ConfUtils.java:logGet(44)) - raft.server.snapshot.auto.trigger.threshold = 10000 (custom)
2021-01-13 14:10:04,981 [pool-99-thread-1] INFO  server.RaftServerConfigKeys (ConfUtils.java:logGet(44)) - raft.server.snapshot.retention.file.num = 5 (custom)
2021-01-13 14:10:04,981 [pool-99-thread-1] INFO  server.RaftServerConfigKeys (ConfUtils.java:logGet(44)) - raft.server.log.purge.upto.snapshot.index = false (default)
2021-01-13 14:10:04,981 [pool-99-thread-1] INFO  server.RaftServerConfigKeys (ConfUtils.java:logGet(44)) - raft.server.retrycache.expirytime = 600000ms (custom)
2021-01-13 14:10:04,981 [pool-99-thread-1] INFO  server.RaftServerConfigKeys (ConfUtils.java:logGet(44)) - raft.server.retrycache.statistics.expirytime = 100?s (default)
2021-01-13 14:10:04,981 [pool-99-thread-1] INFO  metrics.RatisMetrics (RatisMetrics.java:lambda$create$0(36)) - Creating Metrics Registry : ratis.leader_election.88355522-ea7b-442e-ab24-a07389f97d94@group-88BE978D30F7
2021-01-13 14:10:04,982 [pool-99-thread-1] INFO  metrics.RatisMetrics (RatisMetrics.java:lambda$create$0(36)) - Creating Metrics Registry : ratis.server.88355522-ea7b-442e-ab24-a07389f97d94@group-88BE978D30F7
2021-01-13 14:10:04,982 [pool-99-thread-1] INFO  server.RaftServer$Division (RaftServerImpl.java:start(294)) - 88355522-ea7b-442e-ab24-a07389f97d94@group-851D516367DC: start as a follower, conf=-1: [88355522-ea7b-442e-ab24-a07389f97d94|rpc:172.17.0.2:34069|priority:1], old=null
2021-01-13 14:10:04,982 [pool-99-thread-1] INFO  server.RaftServer$Division (RaftServerImpl.java:setRole(283)) - 88355522-ea7b-442e-ab24-a07389f97d94@group-851D516367DC: changes role from      null to FOLLOWER at term 0 for startAsFollower
2021-01-13 14:10:04,982 [pool-99-thread-1] INFO  impl.RoleInfo (RoleInfo.java:updateAndGet(130)) - 88355522-ea7b-442e-ab24-a07389f97d94: start 88355522-ea7b-442e-ab24-a07389f97d94@group-851D516367DC-FollowerState
2021-01-13 14:10:04,986 [pool-99-thread-1] INFO  util.JmxRegister (JmxRegister.java:tryRegister(44)) - Successfully registered JMX Bean with object name Ratis:service=RaftServer,group=group-851D516367DC,id=88355522-ea7b-442e-ab24-a07389f97d94
2021-01-13 14:10:04,986 [pool-99-thread-1] INFO  metrics.RatisMetrics (RatisMetrics.java:lambda$create$0(36)) - Creating Metrics Registry : ratis.state_machine.88355522-ea7b-442e-ab24-a07389f97d94@group-851D516367DC
2021-01-13 14:10:04,986 [grpc-default-executor-2] WARN  server.GrpcLogAppender (LogUtils.java:warn(122)) - omNode-2@group-523986131536->omNode-3-AppendLogResponseHandler: Failed appendEntries: org.apache.ratis.thirdparty.io.grpc.StatusRuntimeException: UNAVAILABLE: io exception
2021-01-13 14:10:04,987 [grpc-default-executor-2] WARN  server.GrpcLogAppender (GrpcLogAppender.java:resetClient(111)) - omNode-2@group-523986131536->omNode-3-GrpcLogAppender: Leader has not got in touch with Follower omNode-2@group-523986131536->omNode-3(c-1,m0,n1, attendVote=true, lastRpcSendTime=506, lastRpcResponseTime=8389) yet, just keep nextIndex unchanged and retry.
2021-01-13 14:10:04,989 [pool-99-thread-1] INFO  server.RaftServer$Division (RaftServerImpl.java:start(294)) - 88355522-ea7b-442e-ab24-a07389f97d94@group-88BE978D30F7: start as a follower, conf=-1: [88355522-ea7b-442e-ab24-a07389f97d94|rpc:172.17.0.2:34069|dataStream:|priority:0, 55d81cbb-fb85-4082-808b-6966013a4e6d|rpc:172.17.0.2:36461|dataStream:|priority:0, ecce6ce4-ded5-4171-a4f3-4bb4b5b9b0b9|rpc:172.17.0.2:41353|dataStream:|priority:1], old=null
2021-01-13 14:10:04,989 [pool-99-thread-1] INFO  server.RaftServer$Division (RaftServerImpl.java:setRole(283)) - 88355522-ea7b-442e-ab24-a07389f97d94@group-88BE978D30F7: changes role from      null to FOLLOWER at term 0 for startAsFollower
2021-01-13 14:10:04,989 [pool-99-thread-1] INFO  impl.RoleInfo (RoleInfo.java:updateAndGet(130)) - 88355522-ea7b-442e-ab24-a07389f97d94: start 88355522-ea7b-442e-ab24-a07389f97d94@group-88BE978D30F7-FollowerState
2021-01-13 14:10:04,989 [Command processor thread] INFO  commandhandler.CreatePipelineCommandHandler (CreatePipelineCommandHandler.java:handle(106)) - Created Pipeline RATIS ONE PipelineID=514aee39-0aee-42f7-8bc2-851d516367dc.
2021-01-13 14:10:04,994 [pool-99-thread-1] INFO  util.JmxRegister (JmxRegister.java:tryRegister(44)) - Successfully registered JMX Bean with object name Ratis:service=RaftServer,group=group-88BE978D30F7,id=88355522-ea7b-442e-ab24-a07389f97d94
2021-01-13 14:10:04,994 [pool-99-thread-1] INFO  metrics.RatisMetrics (RatisMetrics.java:lambda$create$0(36)) - Creating Metrics Registry : ratis.state_machine.88355522-ea7b-442e-ab24-a07389f97d94@group-88BE978D30F7
2021-01-13 14:10:05,020 [Command processor thread] INFO  metrics.RatisMetrics (RatisMetrics.java:lambda$create$0(36)) - Creating Metrics Registry : ratis.client_message_metrics.client-594C250E9CCE->ecce6ce4-ded5-4171-a4f3-4bb4b5b9b0b9
2021-01-13 14:10:05,028 [Command processor thread] INFO  metrics.RatisMetrics (RatisMetrics.java:lambda$create$0(36)) - Creating Metrics Registry : ratis.client_message_metrics.client-C9A260EAE75F->55d81cbb-fb85-4082-808b-6966013a4e6d
2021-01-13 14:10:05,040 [grpc-default-executor-2] INFO  metrics.RatisMetrics (RatisMetrics.java:lambda$create$0(36)) - Creating Metrics Registry : ratis.server_message_metrics.55d81cbb-fb85-4082-808b-6966013a4e6d
2021-01-13 14:10:05,082 [Command processor thread] INFO  commandhandler.CreatePipelineCommandHandler (CreatePipelineCommandHandler.java:handle(106)) - Created Pipeline RATIS THREE PipelineID=828aff4f-d459-43a2-8e02-88be978d30f7.
2021-01-13 14:10:05,093 [Command processor thread] INFO  commandhandler.CreatePipelineCommandHandler (CreatePipelineCommandHandler.java:handle(106)) - Created Pipeline RATIS THREE PipelineID=828aff4f-d459-43a2-8e02-88be978d30f7.
2021-01-13 14:10:05,515 [grpc-default-executor-1] WARN  server.GrpcLogAppender (LogUtils.java:warn(122)) - omNode-2@group-523986131536->omNode-3-AppendLogResponseHandler: Failed appendEntries: org.apache.ratis.thirdparty.io.grpc.StatusRuntimeException: UNAVAILABLE: io exception
2021-01-13 14:10:05,515 [grpc-default-executor-1] WARN  server.GrpcLogAppender (GrpcLogAppender.java:resetClient(111)) - omNode-2@group-523986131536->omNode-3-GrpcLogAppender: Leader has not got in touch with Follower omNode-2@group-523986131536->omNode-3(c-1,m0,n1, attendVote=true, lastRpcSendTime=0, lastRpcResponseTime=8917) yet, just keep nextIndex unchanged and retry.
2021-01-13 14:10:05,784 [EventQueue-PipelineReportForOneReplicaPipelineSafeModeRule] INFO  safemode.SCMSafeModeManager (SCMSafeModeManager.java:validateSafeModeExitRules(214)) - AtleastOneDatanodeReportedRule rule is successfully validated
2021-01-13 14:10:05,784 [EventQueue-OpenPipelineForHealthyPipelineSafeModeRule] INFO  safemode.SCMSafeModeManager (HealthyPipelineSafeModeRule.java:process(128)) - SCM in safe mode. Healthy pipelines reported count is 0, required healthy pipeline reported count is 1
2021-01-13 14:10:05,824 [EventQueue-PipelineReportForOneReplicaPipelineSafeModeRule] INFO  safemode.SCMSafeModeManager (SCMSafeModeManager.java:validateSafeModeExitRules(214)) - AtleastOneDatanodeReportedRule rule is successfully validated
2021-01-13 14:10:05,824 [EventQueue-OpenPipelineForHealthyPipelineSafeModeRule] INFO  safemode.SCMSafeModeManager (HealthyPipelineSafeModeRule.java:process(128)) - SCM in safe mode. Healthy pipelines reported count is 0, required healthy pipeline reported count is 1
2021-01-13 14:10:05,856 [Listener at 127.0.0.1/10228] INFO  ozone.MiniOzoneClusterImpl (MiniOzoneClusterImpl.java:lambda$waitForClusterToBeReady$0(179)) - Nodes are ready. Got 3 of 3 DN Heartbeats.
2021-01-13 14:10:05,856 [Listener at 127.0.0.1/10228] INFO  ozone.MiniOzoneClusterImpl (MiniOzoneClusterImpl.java:lambda$waitForClusterToBeReady$0(182)) - Waiting for cluster to exit safe mode
2021-01-13 14:10:05,948 [EventQueue-PipelineReportForOneReplicaPipelineSafeModeRule] INFO  safemode.SCMSafeModeManager (SCMSafeModeManager.java:validateSafeModeExitRules(214)) - AtleastOneDatanodeReportedRule rule is successfully validated
2021-01-13 14:10:05,948 [EventQueue-OpenPipelineForHealthyPipelineSafeModeRule] INFO  safemode.SCMSafeModeManager (HealthyPipelineSafeModeRule.java:process(128)) - SCM in safe mode. Healthy pipelines reported count is 0, required healthy pipeline reported count is 1
2021-01-13 14:10:06,015 [grpc-default-executor-1] WARN  server.GrpcLogAppender (LogUtils.java:warn(122)) - omNode-2@group-523986131536->omNode-3-AppendLogResponseHandler: Failed appendEntries: org.apache.ratis.thirdparty.io.grpc.StatusRuntimeException: UNAVAILABLE: io exception
2021-01-13 14:10:06,016 [grpc-default-executor-1] WARN  server.GrpcLogAppender (GrpcLogAppender.java:resetClient(111)) - omNode-2@group-523986131536->omNode-3-GrpcLogAppender: Leader has not got in touch with Follower omNode-2@group-523986131536->omNode-3(c-1,m0,n1, attendVote=true, lastRpcSendTime=0, lastRpcResponseTime=9418) yet, just keep nextIndex unchanged and retry.
2021-01-13 14:10:06,515 [grpc-default-executor-1] WARN  server.GrpcLogAppender (LogUtils.java:warn(122)) - omNode-2@group-523986131536->omNode-3-AppendLogResponseHandler: Failed appendEntries: org.apache.ratis.thirdparty.io.grpc.StatusRuntimeException: UNAVAILABLE: io exception
2021-01-13 14:10:06,516 [grpc-default-executor-1] WARN  server.GrpcLogAppender (GrpcLogAppender.java:resetClient(111)) - omNode-2@group-523986131536->omNode-3-GrpcLogAppender: Leader has not got in touch with Follower omNode-2@group-523986131536->omNode-3(c-1,m0,n1, attendVote=true, lastRpcSendTime=0, lastRpcResponseTime=9918) yet, just keep nextIndex unchanged and retry.
2021-01-13 14:10:06,780 [EventQueue-PipelineReportForOneReplicaPipelineSafeModeRule] INFO  safemode.SCMSafeModeManager (SCMSafeModeManager.java:validateSafeModeExitRules(214)) - AtleastOneDatanodeReportedRule rule is successfully validated
2021-01-13 14:10:06,780 [EventQueue-OpenPipelineForHealthyPipelineSafeModeRule] INFO  safemode.SCMSafeModeManager (HealthyPipelineSafeModeRule.java:process(128)) - SCM in safe mode. Healthy pipelines reported count is 0, required healthy pipeline reported count is 1
2021-01-13 14:10:06,833 [EventQueue-PipelineReportForOneReplicaPipelineSafeModeRule] INFO  safemode.SCMSafeModeManager (SCMSafeModeManager.java:validateSafeModeExitRules(214)) - AtleastOneDatanodeReportedRule rule is successfully validated
2021-01-13 14:10:06,833 [EventQueue-OpenPipelineForHealthyPipelineSafeModeRule] INFO  safemode.SCMSafeModeManager (HealthyPipelineSafeModeRule.java:process(128)) - SCM in safe mode. Healthy pipelines reported count is 0, required healthy pipeline reported count is 1
2021-01-13 14:10:06,857 [Listener at 127.0.0.1/10228] INFO  ozone.MiniOzoneClusterImpl (MiniOzoneClusterImpl.java:lambda$waitForClusterToBeReady$0(179)) - Nodes are ready. Got 3 of 3 DN Heartbeats.
2021-01-13 14:10:06,857 [Listener at 127.0.0.1/10228] INFO  ozone.MiniOzoneClusterImpl (MiniOzoneClusterImpl.java:lambda$waitForClusterToBeReady$0(182)) - Waiting for cluster to exit safe mode
2021-01-13 14:10:06,948 [EventQueue-PipelineReportForOneReplicaPipelineSafeModeRule] INFO  safemode.SCMSafeModeManager (SCMSafeModeManager.java:validateSafeModeExitRules(214)) - AtleastOneDatanodeReportedRule rule is successfully validated
2021-01-13 14:10:06,948 [EventQueue-OpenPipelineForHealthyPipelineSafeModeRule] INFO  safemode.SCMSafeModeManager (HealthyPipelineSafeModeRule.java:process(128)) - SCM in safe mode. Healthy pipelines reported count is 0, required healthy pipeline reported count is 1
2021-01-13 14:10:07,016 [grpc-default-executor-1] WARN  server.GrpcLogAppender (LogUtils.java:warn(122)) - omNode-2@group-523986131536->omNode-3-AppendLogResponseHandler: Failed appendEntries: org.apache.ratis.thirdparty.io.grpc.StatusRuntimeException: UNAVAILABLE: io exception
2021-01-13 14:10:07,017 [grpc-default-executor-1] WARN  server.GrpcLogAppender (GrpcLogAppender.java:resetClient(111)) - omNode-2@group-523986131536->omNode-3-GrpcLogAppender: Leader has not got in touch with Follower omNode-2@group-523986131536->omNode-3(c-1,m0,n1, attendVote=true, lastRpcSendTime=0, lastRpcResponseTime=10419) yet, just keep nextIndex unchanged and retry.
2021-01-13 14:10:07,516 [grpc-default-executor-1] WARN  server.GrpcLogAppender (LogUtils.java:warn(122)) - omNode-2@group-523986131536->omNode-3-AppendLogResponseHandler: Failed appendEntries: org.apache.ratis.thirdparty.io.grpc.StatusRuntimeException: UNAVAILABLE: io exception
2021-01-13 14:10:07,517 [grpc-default-executor-1] WARN  server.GrpcLogAppender (GrpcLogAppender.java:resetClient(111)) - omNode-2@group-523986131536->omNode-3-GrpcLogAppender: Leader has not got in touch with Follower omNode-2@group-523986131536->omNode-3(c-1,m0,n1, attendVote=true, lastRpcSendTime=1, lastRpcResponseTime=10919) yet, just keep nextIndex unchanged and retry.
2021-01-13 14:10:07,783 [EventQueue-PipelineReportForOneReplicaPipelineSafeModeRule] INFO  safemode.SCMSafeModeManager (SCMSafeModeManager.java:validateSafeModeExitRules(214)) - AtleastOneDatanodeReportedRule rule is successfully validated
2021-01-13 14:10:07,783 [EventQueue-OpenPipelineForHealthyPipelineSafeModeRule] INFO  safemode.SCMSafeModeManager (HealthyPipelineSafeModeRule.java:process(128)) - SCM in safe mode. Healthy pipelines reported count is 0, required healthy pipeline reported count is 1
2021-01-13 14:10:07,831 [EventQueue-PipelineReportForOneReplicaPipelineSafeModeRule] INFO  safemode.SCMSafeModeManager (SCMSafeModeManager.java:validateSafeModeExitRules(214)) - AtleastOneDatanodeReportedRule rule is successfully validated
2021-01-13 14:10:07,831 [EventQueue-OpenPipelineForHealthyPipelineSafeModeRule] INFO  safemode.SCMSafeModeManager (HealthyPipelineSafeModeRule.java:process(128)) - SCM in safe mode. Healthy pipelines reported count is 0, required healthy pipeline reported count is 1
2021-01-13 14:10:07,857 [Listener at 127.0.0.1/10228] INFO  ozone.MiniOzoneClusterImpl (MiniOzoneClusterImpl.java:lambda$waitForClusterToBeReady$0(179)) - Nodes are ready. Got 3 of 3 DN Heartbeats.
2021-01-13 14:10:07,857 [Listener at 127.0.0.1/10228] INFO  ozone.MiniOzoneClusterImpl (MiniOzoneClusterImpl.java:lambda$waitForClusterToBeReady$0(182)) - Waiting for cluster to exit safe mode
2021-01-13 14:10:07,950 [EventQueue-PipelineReportForOneReplicaPipelineSafeModeRule] INFO  safemode.SCMSafeModeManager (SCMSafeModeManager.java:validateSafeModeExitRules(214)) - AtleastOneDatanodeReportedRule rule is successfully validated
2021-01-13 14:10:07,950 [EventQueue-OpenPipelineForHealthyPipelineSafeModeRule] INFO  safemode.SCMSafeModeManager (HealthyPipelineSafeModeRule.java:process(128)) - SCM in safe mode. Healthy pipelines reported count is 0, required healthy pipeline reported count is 1
2021-01-13 14:10:08,017 [grpc-default-executor-1] WARN  server.GrpcLogAppender (LogUtils.java:warn(122)) - omNode-2@group-523986131536->omNode-3-AppendLogResponseHandler: Failed appendEntries: org.apache.ratis.thirdparty.io.grpc.StatusRuntimeException: UNAVAILABLE: io exception
2021-01-13 14:10:08,018 [grpc-default-executor-1] WARN  server.GrpcLogAppender (GrpcLogAppender.java:resetClient(111)) - omNode-2@group-523986131536->omNode-3-GrpcLogAppender: Leader has not got in touch with Follower omNode-2@group-523986131536->omNode-3(c-1,m0,n1, attendVote=true, lastRpcSendTime=501, lastRpcResponseTime=11420) yet, just keep nextIndex unchanged and retry.
2021-01-13 14:10:08,518 [grpc-default-executor-1] WARN  server.GrpcLogAppender (LogUtils.java:warn(122)) - omNode-2@group-523986131536->omNode-3-AppendLogResponseHandler: Failed appendEntries: org.apache.ratis.thirdparty.io.grpc.StatusRuntimeException: UNAVAILABLE: io exception
2021-01-13 14:10:08,519 [grpc-default-executor-1] WARN  server.GrpcLogAppender (GrpcLogAppender.java:resetClient(111)) - omNode-2@group-523986131536->omNode-3-GrpcLogAppender: Leader has not got in touch with Follower omNode-2@group-523986131536->omNode-3(c-1,m0,n1, attendVote=true, lastRpcSendTime=0, lastRpcResponseTime=11921) yet, just keep nextIndex unchanged and retry.
2021-01-13 14:10:08,787 [EventQueue-PipelineReportForOneReplicaPipelineSafeModeRule] INFO  safemode.SCMSafeModeManager (SCMSafeModeManager.java:validateSafeModeExitRules(214)) - AtleastOneDatanodeReportedRule rule is successfully validated
2021-01-13 14:10:08,787 [EventQueue-OpenPipelineForHealthyPipelineSafeModeRule] INFO  safemode.SCMSafeModeManager (HealthyPipelineSafeModeRule.java:process(128)) - SCM in safe mode. Healthy pipelines reported count is 0, required healthy pipeline reported count is 1
2021-01-13 14:10:08,829 [EventQueue-PipelineReportForOneReplicaPipelineSafeModeRule] INFO  safemode.SCMSafeModeManager (SCMSafeModeManager.java:validateSafeModeExitRules(214)) - AtleastOneDatanodeReportedRule rule is successfully validated
2021-01-13 14:10:08,829 [EventQueue-OpenPipelineForHealthyPipelineSafeModeRule] INFO  safemode.SCMSafeModeManager (HealthyPipelineSafeModeRule.java:process(128)) - SCM in safe mode. Healthy pipelines reported count is 0, required healthy pipeline reported count is 1
2021-01-13 14:10:08,858 [Listener at 127.0.0.1/10228] INFO  ozone.MiniOzoneClusterImpl (MiniOzoneClusterImpl.java:lambda$waitForClusterToBeReady$0(179)) - Nodes are ready. Got 3 of 3 DN Heartbeats.
2021-01-13 14:10:08,858 [Listener at 127.0.0.1/10228] INFO  ozone.MiniOzoneClusterImpl (MiniOzoneClusterImpl.java:lambda$waitForClusterToBeReady$0(182)) - Waiting for cluster to exit safe mode
2021-01-13 14:10:08,956 [EventQueue-PipelineReportForOneReplicaPipelineSafeModeRule] INFO  safemode.SCMSafeModeManager (SCMSafeModeManager.java:validateSafeModeExitRules(214)) - AtleastOneDatanodeReportedRule rule is successfully validated
2021-01-13 14:10:08,956 [EventQueue-OpenPipelineForHealthyPipelineSafeModeRule] INFO  safemode.SCMSafeModeManager (HealthyPipelineSafeModeRule.java:process(128)) - SCM in safe mode. Healthy pipelines reported count is 0, required healthy pipeline reported count is 1
2021-01-13 14:10:09,019 [grpc-default-executor-1] WARN  server.GrpcLogAppender (LogUtils.java:warn(122)) - omNode-2@group-523986131536->omNode-3-AppendLogResponseHandler: Failed appendEntries: org.apache.ratis.thirdparty.io.grpc.StatusRuntimeException: UNAVAILABLE: io exception
2021-01-13 14:10:09,019 [grpc-default-executor-1] WARN  server.GrpcLogAppender (GrpcLogAppender.java:resetClient(111)) - omNode-2@group-523986131536->omNode-3-GrpcLogAppender: Leader has not got in touch with Follower omNode-2@group-523986131536->omNode-3(c-1,m0,n1, attendVote=true, lastRpcSendTime=0, lastRpcResponseTime=12421) yet, just keep nextIndex unchanged and retry.
2021-01-13 14:10:09,366 [Thread-273] INFO  impl.FollowerState (FollowerState.java:run(133)) - 55d81cbb-fb85-4082-808b-6966013a4e6d@group-55716BB7855F-FollowerState: change to CANDIDATE, lastRpcElapsedTime:5031165064ns, electionTimeout:5025ms
2021-01-13 14:10:09,366 [Thread-273] INFO  impl.RoleInfo (RoleInfo.java:shutdownFollowerState(108)) - 55d81cbb-fb85-4082-808b-6966013a4e6d: shutdown 55d81cbb-fb85-4082-808b-6966013a4e6d@group-55716BB7855F-FollowerState
2021-01-13 14:10:09,367 [Thread-273] INFO  server.RaftServer$Division (RaftServerImpl.java:setRole(283)) - 55d81cbb-fb85-4082-808b-6966013a4e6d@group-55716BB7855F: changes role from  FOLLOWER to CANDIDATE at term 0 for changeToCandidate
2021-01-13 14:10:09,367 [Thread-273] INFO  impl.RoleInfo (RoleInfo.java:updateAndGet(130)) - 55d81cbb-fb85-4082-808b-6966013a4e6d: start 55d81cbb-fb85-4082-808b-6966013a4e6d@group-55716BB7855F-LeaderElection7
2021-01-13 14:10:09,370 [55d81cbb-fb85-4082-808b-6966013a4e6d@group-55716BB7855F-LeaderElection7] INFO  impl.LeaderElection (LeaderElection.java:askForPreVotes(259)) - 55d81cbb-fb85-4082-808b-6966013a4e6d@group-55716BB7855F-LeaderElection7: begin a pre-vote at term 0 for -1: [88355522-ea7b-442e-ab24-a07389f97d94|rpc:172.17.0.2:34069|priority:1, 55d81cbb-fb85-4082-808b-6966013a4e6d|rpc:172.17.0.2:36461|priority:0, ecce6ce4-ded5-4171-a4f3-4bb4b5b9b0b9|rpc:172.17.0.2:41353|priority:0], old=null
2021-01-13 14:10:09,383 [grpc-default-executor-1] INFO  server.RaftServer$Division (RaftServerImpl.java:requestPreVote(1060)) - 88355522-ea7b-442e-ab24-a07389f97d94@group-55716BB7855F: receive preVote(55d81cbb-fb85-4082-808b-6966013a4e6d, group-55716BB7855F, 0, (t:0, i:0))
2021-01-13 14:10:09,383 [grpc-default-executor-1] INFO  server.RaftServer$Division (RaftServerImpl.java:requestPreVote(1083)) - 88355522-ea7b-442e-ab24-a07389f97d94@group-55716BB7855F role: FOLLOWER reject pre-vote from:55d81cbb-fb85-4082-808b-6966013a4e6d because compare:0 isCurrentLeaderValid:false
2021-01-13 14:10:09,383 [grpc-default-executor-1] INFO  server.RaftServer$Division (RaftServerImpl.java:requestPreVote(1099)) - 88355522-ea7b-442e-ab24-a07389f97d94@group-55716BB7855F replies to pre-vote request: 55d81cbb-fb85-4082-808b-6966013a4e6d<-88355522-ea7b-442e-ab24-a07389f97d94#0:FAIL-t0. Peer's state: 88355522-ea7b-442e-ab24-a07389f97d94@group-55716BB7855F:t0, leader=null, voted=, raftlog=88355522-ea7b-442e-ab24-a07389f97d94@group-55716BB7855F-SegmentedRaftLog:OPENED:c-1,f-1,i0, conf=-1: [88355522-ea7b-442e-ab24-a07389f97d94|rpc:172.17.0.2:34069|dataStream:|priority:1, 55d81cbb-fb85-4082-808b-6966013a4e6d|rpc:172.17.0.2:36461|dataStream:|priority:0, ecce6ce4-ded5-4171-a4f3-4bb4b5b9b0b9|rpc:172.17.0.2:41353|dataStream:|priority:0], old=null
2021-01-13 14:10:09,385 [55d81cbb-fb85-4082-808b-6966013a4e6d@group-55716BB7855F-LeaderElection7] INFO  impl.LeaderElection (LeaderElection.java:logAndReturn(68)) - 55d81cbb-fb85-4082-808b-6966013a4e6d@group-55716BB7855F-LeaderElection7: Pre-vote  REJECTED received 1 response(s):[55d81cbb-fb85-4082-808b-6966013a4e6d<-88355522-ea7b-442e-ab24-a07389f97d94#0:FAIL-t0]
2021-01-13 14:10:09,386 [55d81cbb-fb85-4082-808b-6966013a4e6d@group-55716BB7855F-LeaderElection7] INFO  impl.LeaderElection (LeaderElection.java:askForPreVotes(261)) - 55d81cbb-fb85-4082-808b-6966013a4e6d@group-55716BB7855F-LeaderElection7 pre-vote result is REJECTED.
2021-01-13 14:10:09,386 [55d81cbb-fb85-4082-808b-6966013a4e6d@group-55716BB7855F-LeaderElection7] INFO  server.RaftServer$Division (RaftServerImpl.java:setRole(283)) - 55d81cbb-fb85-4082-808b-6966013a4e6d@group-55716BB7855F: changes role from CANDIDATE to FOLLOWER at term 0 for REJECTED
2021-01-13 14:10:09,386 [55d81cbb-fb85-4082-808b-6966013a4e6d@group-55716BB7855F-LeaderElection7] INFO  impl.RoleInfo (RoleInfo.java:shutdownLeaderElection(121)) - 55d81cbb-fb85-4082-808b-6966013a4e6d: shutdown 55d81cbb-fb85-4082-808b-6966013a4e6d@group-55716BB7855F-LeaderElection7
2021-01-13 14:10:09,386 [55d81cbb-fb85-4082-808b-6966013a4e6d@group-55716BB7855F-LeaderElection7] INFO  impl.RoleInfo (RoleInfo.java:updateAndGet(130)) - 55d81cbb-fb85-4082-808b-6966013a4e6d: start 55d81cbb-fb85-4082-808b-6966013a4e6d@group-55716BB7855F-FollowerState
2021-01-13 14:10:09,401 [grpc-default-executor-1] INFO  server.RaftServer$Division (RaftServerImpl.java:requestPreVote(1060)) - ecce6ce4-ded5-4171-a4f3-4bb4b5b9b0b9@group-55716BB7855F: receive preVote(55d81cbb-fb85-4082-808b-6966013a4e6d, group-55716BB7855F, 0, (t:0, i:0))
2021-01-13 14:10:09,403 [grpc-default-executor-1] INFO  server.RaftServer$Division (RaftServerImpl.java:requestPreVote(1081)) - ecce6ce4-ded5-4171-a4f3-4bb4b5b9b0b9@group-55716BB7855F role: FOLLOWER allow pre-vote from:55d81cbb-fb85-4082-808b-6966013a4e6d
2021-01-13 14:10:09,403 [grpc-default-executor-1] INFO  server.RaftServer$Division (RaftServerImpl.java:requestPreVote(1099)) - ecce6ce4-ded5-4171-a4f3-4bb4b5b9b0b9@group-55716BB7855F replies to pre-vote request: 55d81cbb-fb85-4082-808b-6966013a4e6d<-ecce6ce4-ded5-4171-a4f3-4bb4b5b9b0b9#0:OK-t0. Peer's state: ecce6ce4-ded5-4171-a4f3-4bb4b5b9b0b9@group-55716BB7855F:t0, leader=null, voted=, raftlog=ecce6ce4-ded5-4171-a4f3-4bb4b5b9b0b9@group-55716BB7855F-SegmentedRaftLog:OPENED:c-1,f-1,i0, conf=-1: [88355522-ea7b-442e-ab24-a07389f97d94|rpc:172.17.0.2:34069|dataStream:|priority:1, 55d81cbb-fb85-4082-808b-6966013a4e6d|rpc:172.17.0.2:36461|dataStream:|priority:0, ecce6ce4-ded5-4171-a4f3-4bb4b5b9b0b9|rpc:172.17.0.2:41353|dataStream:|priority:0], old=null
2021-01-13 14:10:09,416 [Thread-270] INFO  impl.FollowerState (FollowerState.java:run(133)) - 55d81cbb-fb85-4082-808b-6966013a4e6d@group-3562B720D7C9-FollowerState: change to CANDIDATE, lastRpcElapsedTime:5129847463ns, electionTimeout:5116ms
2021-01-13 14:10:09,416 [Thread-270] INFO  impl.RoleInfo (RoleInfo.java:shutdownFollowerState(108)) - 55d81cbb-fb85-4082-808b-6966013a4e6d: shutdown 55d81cbb-fb85-4082-808b-6966013a4e6d@group-3562B720D7C9-FollowerState
2021-01-13 14:10:09,416 [Thread-270] INFO  server.RaftServer$Division (RaftServerImpl.java:setRole(283)) - 55d81cbb-fb85-4082-808b-6966013a4e6d@group-3562B720D7C9: changes role from  FOLLOWER to CANDIDATE at term 0 for changeToCandidate
2021-01-13 14:10:09,417 [Thread-270] INFO  impl.RoleInfo (RoleInfo.java:updateAndGet(130)) - 55d81cbb-fb85-4082-808b-6966013a4e6d: start 55d81cbb-fb85-4082-808b-6966013a4e6d@group-3562B720D7C9-LeaderElection8
2021-01-13 14:10:09,429 [55d81cbb-fb85-4082-808b-6966013a4e6d@group-3562B720D7C9-LeaderElection8] INFO  impl.LeaderElection (LeaderElection.java:askForPreVotes(259)) - 55d81cbb-fb85-4082-808b-6966013a4e6d@group-3562B720D7C9-LeaderElection8: begin a pre-vote at term 0 for -1: [55d81cbb-fb85-4082-808b-6966013a4e6d|rpc:172.17.0.2:36461|priority:1], old=null
2021-01-13 14:10:09,430 [55d81cbb-fb85-4082-808b-6966013a4e6d@group-3562B720D7C9-LeaderElection8] INFO  impl.LeaderElection (LeaderElection.java:askForPreVotes(261)) - 55d81cbb-fb85-4082-808b-6966013a4e6d@group-3562B720D7C9-LeaderElection8 pre-vote result is PASSED.
2021-01-13 14:10:09,431 [55d81cbb-fb85-4082-808b-6966013a4e6d@group-3562B720D7C9-LeaderElection8] INFO  impl.LeaderElection (LeaderElection.java:askForVotes(308)) - 55d81cbb-fb85-4082-808b-6966013a4e6d@group-3562B720D7C9-LeaderElection8: begin an election at term 1 for -1: [55d81cbb-fb85-4082-808b-6966013a4e6d|rpc:172.17.0.2:36461|priority:1], old=null
2021-01-13 14:10:09,431 [55d81cbb-fb85-4082-808b-6966013a4e6d@group-3562B720D7C9-LeaderElection8] INFO  impl.RoleInfo (RoleInfo.java:shutdownLeaderElection(121)) - 55d81cbb-fb85-4082-808b-6966013a4e6d: shutdown 55d81cbb-fb85-4082-808b-6966013a4e6d@group-3562B720D7C9-LeaderElection8
2021-01-13 14:10:09,431 [55d81cbb-fb85-4082-808b-6966013a4e6d@group-3562B720D7C9-LeaderElection8] INFO  server.RaftServer$Division (RaftServerImpl.java:setRole(283)) - 55d81cbb-fb85-4082-808b-6966013a4e6d@group-3562B720D7C9: changes role from CANDIDATE to LEADER at term 1 for changeToLeader
2021-01-13 14:10:09,432 [55d81cbb-fb85-4082-808b-6966013a4e6d@group-3562B720D7C9-LeaderElection8] INFO  ratis.XceiverServerRatis (XceiverServerRatis.java:handleLeaderChangedNotification(868)) - Leader change notification received for group: group-3562B720D7C9 with new leaderId: 55d81cbb-fb85-4082-808b-6966013a4e6d
2021-01-13 14:10:09,433 [55d81cbb-fb85-4082-808b-6966013a4e6d@group-3562B720D7C9-LeaderElection8] INFO  server.RaftServer$Division (ServerState.java:setLeader(249)) - 55d81cbb-fb85-4082-808b-6966013a4e6d@group-3562B720D7C9: change Leader from null to 55d81cbb-fb85-4082-808b-6966013a4e6d at term 1 for becomeLeader, leader elected after 5156ms
2021-01-13 14:10:09,436 [EventQueue-OpenPipelineForHealthyPipelineSafeModeRule] INFO  safemode.SCMSafeModeManager (HealthyPipelineSafeModeRule.java:process(128)) - SCM in safe mode. Healthy pipelines reported count is 0, required healthy pipeline reported count is 1
2021-01-13 14:10:09,436 [EventQueue-PipelineReportForOneReplicaPipelineSafeModeRule] INFO  safemode.SCMSafeModeManager (SCMSafeModeManager.java:validateSafeModeExitRules(214)) - AtleastOneDatanodeReportedRule rule is successfully validated
2021-01-13 14:10:09,437 [55d81cbb-fb85-4082-808b-6966013a4e6d@group-3562B720D7C9-LeaderElection8] INFO  server.RaftServerConfigKeys (ConfUtils.java:logGet(44)) - raft.server.staging.catchup.gap = 1000 (default)
2021-01-13 14:10:09,437 [55d81cbb-fb85-4082-808b-6966013a4e6d@group-3562B720D7C9-LeaderElection8] INFO  metrics.RatisMetrics (RatisMetrics.java:lambda$create$0(36)) - Creating Metrics Registry : ratis.log_appender.55d81cbb-fb85-4082-808b-6966013a4e6d@group-3562B720D7C9
2021-01-13 14:10:09,437 [55d81cbb-fb85-4082-808b-6966013a4e6d@group-3562B720D7C9-LeaderElection8] INFO  server.RaftServerConfigKeys (ConfUtils.java:logGet(44)) - raft.server.write.element-limit = 1024 (custom)
2021-01-13 14:10:09,437 [55d81cbb-fb85-4082-808b-6966013a4e6d@group-3562B720D7C9-LeaderElection8] INFO  server.RaftServerConfigKeys (ConfUtils.java:logGet(44)) - raft.server.write.byte-limit = 1073741824 (custom)
2021-01-13 14:10:09,438 [55d81cbb-fb85-4082-808b-6966013a4e6d@group-3562B720D7C9-LeaderElection8] INFO  server.RaftServerConfigKeys (ConfUtils.java:logGet(44)) - raft.server.watch.timeout = 180s (custom)
2021-01-13 14:10:09,438 [55d81cbb-fb85-4082-808b-6966013a4e6d@group-3562B720D7C9-LeaderElection8] INFO  server.RaftServerConfigKeys (ConfUtils.java:logGet(44)) - raft.server.watch.timeout.denomination = 1s (default)
2021-01-13 14:10:09,438 [55d81cbb-fb85-4082-808b-6966013a4e6d@group-3562B720D7C9-LeaderElection8] INFO  server.RaftServerConfigKeys (ConfUtils.java:logGet(44)) - raft.server.watch.element-limit = 65536 (default)
2021-01-13 14:10:09,438 [55d81cbb-fb85-4082-808b-6966013a4e6d@group-3562B720D7C9-LeaderElection8] INFO  impl.RoleInfo (RoleInfo.java:updateAndGet(130)) - 55d81cbb-fb85-4082-808b-6966013a4e6d: start 55d81cbb-fb85-4082-808b-6966013a4e6d@group-3562B720D7C9-LeaderStateImpl
2021-01-13 14:10:09,439 [55d81cbb-fb85-4082-808b-6966013a4e6d@group-3562B720D7C9-LeaderElection8] INFO  segmented.SegmentedRaftLogWorker (SegmentedRaftLogWorker.java:startLogSegment(392)) - 55d81cbb-fb85-4082-808b-6966013a4e6d@group-3562B720D7C9-SegmentedRaftLogWorker: Starting segment from index:0
2021-01-13 14:10:09,440 [55d81cbb-fb85-4082-808b-6966013a4e6d@group-3562B720D7C9-SegmentedRaftLogWorker] INFO  segmented.SegmentedRaftLogWorker (SegmentedRaftLogWorker.java:execute(599)) - 55d81cbb-fb85-4082-808b-6966013a4e6d@group-3562B720D7C9-SegmentedRaftLogWorker: created new log segment /github/workspace/mnt/ozone/hadoop-ozone/integration-test/target/test-dir/MiniOzoneClusterImpl-9fde871d-63de-45ae-a394-6b80eb19d1dd/datanode-0/data/ratis/2527a03d-2dad-435c-b284-3562b720d7c9/current/log_inprogress_0
2021-01-13 14:10:09,446 [55d81cbb-fb85-4082-808b-6966013a4e6d@group-3562B720D7C9-LeaderElection8] INFO  server.RaftServer$Division (ServerState.java:setRaftConf(368)) - 55d81cbb-fb85-4082-808b-6966013a4e6d@group-3562B720D7C9: set configuration 0: [55d81cbb-fb85-4082-808b-6966013a4e6d|rpc:172.17.0.2:36461|dataStream:|priority:1], old=null
2021-01-13 14:10:09,522 [grpc-default-executor-1] WARN  server.GrpcLogAppender (LogUtils.java:warn(122)) - omNode-2@group-523986131536->omNode-3-AppendLogResponseHandler: Failed appendEntries: org.apache.ratis.thirdparty.io.grpc.StatusRuntimeException: UNAVAILABLE: io exception
2021-01-13 14:10:09,523 [grpc-default-executor-1] WARN  server.GrpcLogAppender (GrpcLogAppender.java:resetClient(111)) - omNode-2@group-523986131536->omNode-3-GrpcLogAppender: Leader has not got in touch with Follower omNode-2@group-523986131536->omNode-3(c-1,m0,n1, attendVote=true, lastRpcSendTime=0, lastRpcResponseTime=12925) yet, just keep nextIndex unchanged and retry.
2021-01-13 14:10:09,694 [Thread-275] INFO  impl.FollowerState (FollowerState.java:run(133)) - 88355522-ea7b-442e-ab24-a07389f97d94@group-55716BB7855F-FollowerState: change to CANDIDATE, lastRpcElapsedTime:5170710087ns, electionTimeout:5156ms
2021-01-13 14:10:09,695 [Thread-275] INFO  impl.RoleInfo (RoleInfo.java:shutdownFollowerState(108)) - 88355522-ea7b-442e-ab24-a07389f97d94: shutdown 88355522-ea7b-442e-ab24-a07389f97d94@group-55716BB7855F-FollowerState
2021-01-13 14:10:09,695 [Thread-275] INFO  server.RaftServer$Division (RaftServerImpl.java:setRole(283)) - 88355522-ea7b-442e-ab24-a07389f97d94@group-55716BB7855F: changes role from  FOLLOWER to CANDIDATE at term 0 for changeToCandidate
2021-01-13 14:10:09,695 [Thread-275] INFO  impl.RoleInfo (RoleInfo.java:updateAndGet(130)) - 88355522-ea7b-442e-ab24-a07389f97d94: start 88355522-ea7b-442e-ab24-a07389f97d94@group-55716BB7855F-LeaderElection9
2021-01-13 14:10:09,699 [88355522-ea7b-442e-ab24-a07389f97d94@group-55716BB7855F-LeaderElection9] INFO  impl.LeaderElection (LeaderElection.java:askForPreVotes(259)) - 88355522-ea7b-442e-ab24-a07389f97d94@group-55716BB7855F-LeaderElection9: begin a pre-vote at term 0 for -1: [88355522-ea7b-442e-ab24-a07389f97d94|rpc:172.17.0.2:34069|dataStream:|priority:1, 55d81cbb-fb85-4082-808b-6966013a4e6d|rpc:172.17.0.2:36461|dataStream:|priority:0, ecce6ce4-ded5-4171-a4f3-4bb4b5b9b0b9|rpc:172.17.0.2:41353|dataStream:|priority:0], old=null
2021-01-13 14:10:09,721 [grpc-default-executor-1] INFO  server.RaftServer$Division (RaftServerImpl.java:requestPreVote(1060)) - 55d81cbb-fb85-4082-808b-6966013a4e6d@group-55716BB7855F: receive preVote(88355522-ea7b-442e-ab24-a07389f97d94, group-55716BB7855F, 0, (t:0, i:0))
2021-01-13 14:10:09,721 [grpc-default-executor-1] INFO  server.RaftServer$Division (RaftServerImpl.java:requestPreVote(1081)) - 55d81cbb-fb85-4082-808b-6966013a4e6d@group-55716BB7855F role: FOLLOWER allow pre-vote from:88355522-ea7b-442e-ab24-a07389f97d94
2021-01-13 14:10:09,721 [grpc-default-executor-1] INFO  server.RaftServer$Division (RaftServerImpl.java:requestPreVote(1099)) - 55d81cbb-fb85-4082-808b-6966013a4e6d@group-55716BB7855F replies to pre-vote request: 88355522-ea7b-442e-ab24-a07389f97d94<-55d81cbb-fb85-4082-808b-6966013a4e6d#0:OK-t0. Peer's state: 55d81cbb-fb85-4082-808b-6966013a4e6d@group-55716BB7855F:t0, leader=null, voted=, raftlog=55d81cbb-fb85-4082-808b-6966013a4e6d@group-55716BB7855F-SegmentedRaftLog:OPENED:c-1,f-1,i0, conf=-1: [88355522-ea7b-442e-ab24-a07389f97d94|rpc:172.17.0.2:34069|priority:1, 55d81cbb-fb85-4082-808b-6966013a4e6d|rpc:172.17.0.2:36461|priority:0, ecce6ce4-ded5-4171-a4f3-4bb4b5b9b0b9|rpc:172.17.0.2:41353|priority:0], old=null
2021-01-13 14:10:09,739 [grpc-default-executor-1] INFO  server.RaftServer$Division (RaftServerImpl.java:requestPreVote(1060)) - ecce6ce4-ded5-4171-a4f3-4bb4b5b9b0b9@group-55716BB7855F: receive preVote(88355522-ea7b-442e-ab24-a07389f97d94, group-55716BB7855F, 0, (t:0, i:0))
2021-01-13 14:10:09,739 [grpc-default-executor-1] INFO  server.RaftServer$Division (RaftServerImpl.java:requestPreVote(1081)) - ecce6ce4-ded5-4171-a4f3-4bb4b5b9b0b9@group-55716BB7855F role: FOLLOWER allow pre-vote from:88355522-ea7b-442e-ab24-a07389f97d94
2021-01-13 14:10:09,739 [grpc-default-executor-1] INFO  server.RaftServer$Division (RaftServerImpl.java:requestPreVote(1099)) - ecce6ce4-ded5-4171-a4f3-4bb4b5b9b0b9@group-55716BB7855F replies to pre-vote request: 88355522-ea7b-442e-ab24-a07389f97d94<-ecce6ce4-ded5-4171-a4f3-4bb4b5b9b0b9#0:OK-t0. Peer's state: ecce6ce4-ded5-4171-a4f3-4bb4b5b9b0b9@group-55716BB7855F:t0, leader=null, voted=, raftlog=ecce6ce4-ded5-4171-a4f3-4bb4b5b9b0b9@group-55716BB7855F-SegmentedRaftLog:OPENED:c-1,f-1,i0, conf=-1: [88355522-ea7b-442e-ab24-a07389f97d94|rpc:172.17.0.2:34069|dataStream:|priority:1, 55d81cbb-fb85-4082-808b-6966013a4e6d|rpc:172.17.0.2:36461|dataStream:|priority:0, ecce6ce4-ded5-4171-a4f3-4bb4b5b9b0b9|rpc:172.17.0.2:41353|dataStream:|priority:0], old=null
2021-01-13 14:10:09,739 [88355522-ea7b-442e-ab24-a07389f97d94@group-55716BB7855F-LeaderElection9] INFO  impl.LeaderElection (LeaderElection.java:logAndReturn(68)) - 88355522-ea7b-442e-ab24-a07389f97d94@group-55716BB7855F-LeaderElection9: Pre-vote  PASSED received 1 response(s):[88355522-ea7b-442e-ab24-a07389f97d94<-55d81cbb-fb85-4082-808b-6966013a4e6d#0:OK-t0]
2021-01-13 14:10:09,742 [88355522-ea7b-442e-ab24-a07389f97d94@group-55716BB7855F-LeaderElection9] INFO  impl.LeaderElection (LeaderElection.java:askForPreVotes(261)) - 88355522-ea7b-442e-ab24-a07389f97d94@group-55716BB7855F-LeaderElection9 pre-vote result is PASSED.
2021-01-13 14:10:09,750 [88355522-ea7b-442e-ab24-a07389f97d94@group-55716BB7855F-LeaderElection9] INFO  impl.LeaderElection (LeaderElection.java:askForVotes(308)) - 88355522-ea7b-442e-ab24-a07389f97d94@group-55716BB7855F-LeaderElection9: begin an election at term 1 for -1: [88355522-ea7b-442e-ab24-a07389f97d94|rpc:172.17.0.2:34069|dataStream:|priority:1, 55d81cbb-fb85-4082-808b-6966013a4e6d|rpc:172.17.0.2:36461|dataStream:|priority:0, ecce6ce4-ded5-4171-a4f3-4bb4b5b9b0b9|rpc:172.17.0.2:41353|dataStream:|priority:0], old=null
2021-01-13 14:10:09,759 [grpc-default-executor-1] INFO  server.RaftServer$Division (RaftServerImpl.java:setRole(283)) - 55d81cbb-fb85-4082-808b-6966013a4e6d@group-55716BB7855F: changes role from  FOLLOWER to FOLLOWER at term 1 for recognizeCandidate:88355522-ea7b-442e-ab24-a07389f97d94
2021-01-13 14:10:09,760 [grpc-default-executor-1] INFO  impl.RoleInfo (RoleInfo.java:shutdownFollowerState(108)) - 55d81cbb-fb85-4082-808b-6966013a4e6d: shutdown 55d81cbb-fb85-4082-808b-6966013a4e6d@group-55716BB7855F-FollowerState
2021-01-13 14:10:09,760 [grpc-default-executor-1] INFO  impl.RoleInfo (RoleInfo.java:updateAndGet(130)) - 55d81cbb-fb85-4082-808b-6966013a4e6d: start 55d81cbb-fb85-4082-808b-6966013a4e6d@group-55716BB7855F-FollowerState
2021-01-13 14:10:09,760 [Thread-310] INFO  impl.FollowerState (FollowerState.java:run(142)) - 55d81cbb-fb85-4082-808b-6966013a4e6d@group-55716BB7855F-FollowerState was interrupted: {}
java.lang.InterruptedException: sleep interrupted
	at java.lang.Thread.sleep(Native Method)
	at java.lang.Thread.sleep(Thread.java:340)
	at java.util.concurrent.TimeUnit.sleep(TimeUnit.java:386)
	at org.apache.ratis.util.TimeDuration.sleep(TimeDuration.java:324)
	at org.apache.ratis.util.TimeDuration.sleep(TimeDuration.java:309)
	at org.apache.ratis.server.impl.FollowerState.run(FollowerState.java:117)
2021-01-13 14:10:09,761 [grpc-default-executor-1] INFO  server.RaftServer$Division (RaftServerImpl.java:requestVote(1137)) -  FOLLOWER 55d81cbb-fb85-4082-808b-6966013a4e6d@group-55716BB7855F:t1, leader=null, voted=null, raftlog=55d81cbb-fb85-4082-808b-6966013a4e6d@group-55716BB7855F-SegmentedRaftLog:OPENED:c-1,f-1,i0, conf=-1: [88355522-ea7b-442e-ab24-a07389f97d94|rpc:172.17.0.2:34069|priority:1, 55d81cbb-fb85-4082-808b-6966013a4e6d|rpc:172.17.0.2:36461|priority:0, ecce6ce4-ded5-4171-a4f3-4bb4b5b9b0b9|rpc:172.17.0.2:41353|priority:0], old=null RUNNING priority:0 candidate:88355522-ea7b-442e-ab24-a07389f97d94|rpc:172.17.0.2:34069|priority:1 candidatePriority:1 compare:0
2021-01-13 14:10:09,769 [grpc-default-executor-2] INFO  server.RaftServer$Division (RaftServerImpl.java:setRole(283)) - ecce6ce4-ded5-4171-a4f3-4bb4b5b9b0b9@group-55716BB7855F: changes role from  FOLLOWER to FOLLOWER at term 1 for recognizeCandidate:88355522-ea7b-442e-ab24-a07389f97d94
2021-01-13 14:10:09,769 [grpc-default-executor-2] INFO  impl.RoleInfo (RoleInfo.java:shutdownFollowerState(108)) - ecce6ce4-ded5-4171-a4f3-4bb4b5b9b0b9: shutdown ecce6ce4-ded5-4171-a4f3-4bb4b5b9b0b9@group-55716BB7855F-FollowerState
2021-01-13 14:10:09,769 [grpc-default-executor-2] INFO  impl.RoleInfo (RoleInfo.java:updateAndGet(130)) - ecce6ce4-ded5-4171-a4f3-4bb4b5b9b0b9: start ecce6ce4-ded5-4171-a4f3-4bb4b5b9b0b9@group-55716BB7855F-FollowerState
2021-01-13 14:10:09,770 [grpc-default-executor-2] INFO  server.RaftServer$Division (RaftServerImpl.java:requestVote(1137)) -  FOLLOWER ecce6ce4-ded5-4171-a4f3-4bb4b5b9b0b9@group-55716BB7855F:t1, leader=null, voted=null, raftlog=ecce6ce4-ded5-4171-a4f3-4bb4b5b9b0b9@group-55716BB7855F-SegmentedRaftLog:OPENED:c-1,f-1,i0, conf=-1: [88355522-ea7b-442e-ab24-a07389f97d94|rpc:172.17.0.2:34069|dataStream:|priority:1, 55d81cbb-fb85-4082-808b-6966013a4e6d|rpc:172.17.0.2:36461|dataStream:|priority:0, ecce6ce4-ded5-4171-a4f3-4bb4b5b9b0b9|rpc:172.17.0.2:41353|dataStream:|priority:0], old=null RUNNING priority:0 candidate:88355522-ea7b-442e-ab24-a07389f97d94|rpc:172.17.0.2:34069|dataStream:|priority:1 candidatePriority:1 compare:0
2021-01-13 14:10:09,770 [Thread-280] INFO  impl.FollowerState (FollowerState.java:run(142)) - ecce6ce4-ded5-4171-a4f3-4bb4b5b9b0b9@group-55716BB7855F-FollowerState was interrupted: {}
java.lang.InterruptedException: sleep interrupted
	at java.lang.Thread.sleep(Native Method)
	at java.lang.Thread.sleep(Thread.java:340)
	at java.util.concurrent.TimeUnit.sleep(TimeUnit.java:386)
	at org.apache.ratis.util.TimeDuration.sleep(TimeDuration.java:324)
	at org.apache.ratis.util.TimeDuration.sleep(TimeDuration.java:309)
	at org.apache.ratis.server.impl.FollowerState.run(FollowerState.java:117)
2021-01-13 14:10:09,778 [88355522-ea7b-442e-ab24-a07389f97d94@group-55716BB7855F-LeaderElection9] INFO  impl.LeaderElection (LeaderElection.java:logAndReturn(68)) - 88355522-ea7b-442e-ab24-a07389f97d94@group-55716BB7855F-LeaderElection9: Election  PASSED received 1 response(s):[88355522-ea7b-442e-ab24-a07389f97d94<-55d81cbb-fb85-4082-808b-6966013a4e6d#0:OK-t1]
2021-01-13 14:10:09,784 [EventQueue-PipelineReportForOneReplicaPipelineSafeModeRule] INFO  safemode.SCMSafeModeManager (SCMSafeModeManager.java:validateSafeModeExitRules(214)) - AtleastOneDatanodeReportedRule rule is successfully validated
2021-01-13 14:10:09,784 [EventQueue-OpenPipelineForHealthyPipelineSafeModeRule] INFO  safemode.SCMSafeModeManager (HealthyPipelineSafeModeRule.java:process(128)) - SCM in safe mode. Healthy pipelines reported count is 0, required healthy pipeline reported count is 1
2021-01-13 14:10:09,786 [88355522-ea7b-442e-ab24-a07389f97d94@group-55716BB7855F-LeaderElection9] INFO  impl.RoleInfo (RoleInfo.java:shutdownLeaderElection(121)) - 88355522-ea7b-442e-ab24-a07389f97d94: shutdown 88355522-ea7b-442e-ab24-a07389f97d94@group-55716BB7855F-LeaderElection9
2021-01-13 14:10:09,786 [88355522-ea7b-442e-ab24-a07389f97d94@group-55716BB7855F-LeaderElection9] INFO  server.RaftServer$Division (RaftServerImpl.java:setRole(283)) - 88355522-ea7b-442e-ab24-a07389f97d94@group-55716BB7855F: changes role from CANDIDATE to LEADER at term 1 for changeToLeader
2021-01-13 14:10:09,786 [88355522-ea7b-442e-ab24-a07389f97d94@group-55716BB7855F-LeaderElection9] INFO  ratis.XceiverServerRatis (XceiverServerRatis.java:handleLeaderChangedNotification(868)) - Leader change notification received for group: group-55716BB7855F with new leaderId: 88355522-ea7b-442e-ab24-a07389f97d94
2021-01-13 14:10:09,786 [88355522-ea7b-442e-ab24-a07389f97d94@group-55716BB7855F-LeaderElection9] INFO  server.RaftServer$Division (ServerState.java:setLeader(249)) - 88355522-ea7b-442e-ab24-a07389f97d94@group-55716BB7855F: change Leader from null to 88355522-ea7b-442e-ab24-a07389f97d94 at term 1 for becomeLeader, leader elected after 5279ms
2021-01-13 14:10:09,786 [88355522-ea7b-442e-ab24-a07389f97d94@group-55716BB7855F-LeaderElection9] INFO  server.RaftServerConfigKeys (ConfUtils.java:logGet(44)) - raft.server.staging.catchup.gap = 1000 (default)
2021-01-13 14:10:09,786 [88355522-ea7b-442e-ab24-a07389f97d94@group-55716BB7855F-LeaderElection9] INFO  metrics.RatisMetrics (RatisMetrics.java:lambda$create$0(36)) - Creating Metrics Registry : ratis.log_appender.88355522-ea7b-442e-ab24-a07389f97d94@group-55716BB7855F
2021-01-13 14:10:09,786 [88355522-ea7b-442e-ab24-a07389f97d94@group-55716BB7855F-LeaderElection9] INFO  server.RaftServerConfigKeys (ConfUtils.java:logGet(44)) - raft.server.write.element-limit = 1024 (custom)
2021-01-13 14:10:09,786 [88355522-ea7b-442e-ab24-a07389f97d94@group-55716BB7855F-LeaderElection9] INFO  server.RaftServerConfigKeys (ConfUtils.java:logGet(44)) - raft.server.write.byte-limit = 1073741824 (custom)
2021-01-13 14:10:09,787 [88355522-ea7b-442e-ab24-a07389f97d94@group-55716BB7855F-LeaderElection9] INFO  server.RaftServerConfigKeys (ConfUtils.java:logGet(44)) - raft.server.watch.timeout = 180s (custom)
2021-01-13 14:10:09,790 [88355522-ea7b-442e-ab24-a07389f97d94@group-55716BB7855F-LeaderElection9] INFO  server.RaftServerConfigKeys (ConfUtils.java:logGet(44)) - raft.server.watch.timeout.denomination = 1s (default)
2021-01-13 14:10:09,790 [88355522-ea7b-442e-ab24-a07389f97d94@group-55716BB7855F-LeaderElection9] INFO  server.RaftServerConfigKeys (ConfUtils.java:logGet(44)) - raft.server.watch.element-limit = 65536 (default)
2021-01-13 14:10:09,794 [EventQueue-PipelineReportForPipelineReportHandler] INFO  pipeline.PipelineStateManager (PipelineStateManager.java:openPipeline(132)) - Pipeline Pipeline[ Id: 405a2968-de9b-4577-b1bf-55716bb7855f, Nodes: 88355522-ea7b-442e-ab24-a07389f97d94{ip: 172.17.0.2, host: 2a0ae80d829d, networkLocation: /default-rack, certSerialId: null, persistedOpState: IN_SERVICE, persistedOpStateExpiryEpochSec: 0}ecce6ce4-ded5-4171-a4f3-4bb4b5b9b0b9{ip: 172.17.0.2, host: 2a0ae80d829d, networkLocation: /default-rack, certSerialId: null, persistedOpState: IN_SERVICE, persistedOpStateExpiryEpochSec: 0}55d81cbb-fb85-4082-808b-6966013a4e6d{ip: 172.17.0.2, host: 2a0ae80d829d, networkLocation: /default-rack, certSerialId: null, persistedOpState: IN_SERVICE, persistedOpStateExpiryEpochSec: 0}, Type:RATIS, Factor:THREE, State:ALLOCATED, leaderId:88355522-ea7b-442e-ab24-a07389f97d94, CreationTimestamp2021-01-13T14:10:01.890Z] moved to OPEN state
2021-01-13 14:10:09,795 [88355522-ea7b-442e-ab24-a07389f97d94@group-55716BB7855F-LeaderElection9] INFO  server.RaftServerConfigKeys (ConfUtils.java:logGet(44)) - raft.server.log.appender.snapshot.chunk.size.max = 16MB (=16777216) (default)
2021-01-13 14:10:09,795 [88355522-ea7b-442e-ab24-a07389f97d94@group-55716BB7855F-LeaderElection9] INFO  server.RaftServerConfigKeys (ConfUtils.java:logGet(44)) - raft.server.log.appender.buffer.byte-limit = 33554432 (custom)
2021-01-13 14:10:09,795 [EventQueue-PipelineReportForOneReplicaPipelineSafeModeRule] INFO  safemode.SCMSafeModeManager (SCMSafeModeManager.java:validateSafeModeExitRules(214)) - AtleastOneDatanodeReportedRule rule is successfully validated
2021-01-13 14:10:09,796 [EventQueue-OpenPipelineForHealthyPipelineSafeModeRule] INFO  safemode.SCMSafeModeManager (HealthyPipelineSafeModeRule.java:process(128)) - SCM in safe mode. Healthy pipelines reported count is 1, required healthy pipeline reported count is 1
2021-01-13 14:10:09,795 [88355522-ea7b-442e-ab24-a07389f97d94@group-55716BB7855F-LeaderElection9] INFO  server.RaftServerConfigKeys (ConfUtils.java:logGet(44)) - raft.server.log.appender.buffer.element-limit = 1 (custom)
2021-01-13 14:10:09,797 [EventQueue-OpenPipelineForHealthyPipelineSafeModeRule] INFO  safemode.SCMSafeModeManager (SCMSafeModeManager.java:validateSafeModeExitRules(214)) - HealthyPipelineSafeModeRule rule is successfully validated
2021-01-13 14:10:09,797 [88355522-ea7b-442e-ab24-a07389f97d94@group-55716BB7855F-LeaderElection9] INFO  grpc.GrpcConfigKeys (ConfUtils.java:logGet(44)) - raft.grpc.server.leader.outstanding.appends.max = 128 (default)
2021-01-13 14:10:09,797 [EventQueue-OpenPipelineForHealthyPipelineSafeModeRule] INFO  safemode.SCMSafeModeManager (SCMSafeModeManager.java:validateSafeModeExitRules(228)) - ScmSafeModeManager, all rules are successfully validated
2021-01-13 14:10:09,797 [88355522-ea7b-442e-ab24-a07389f97d94@group-55716BB7855F-LeaderElection9] INFO  server.RaftServerConfigKeys (ConfUtils.java:logGet(44)) - raft.server.rpc.request.timeout = 60s (custom)
2021-01-13 14:10:09,797 [88355522-ea7b-442e-ab24-a07389f97d94@group-55716BB7855F-LeaderElection9] INFO  server.RaftServerConfigKeys (ConfUtils.java:logGet(44)) - raft.server.log.appender.install.snapshot.enabled = false (custom)
2021-01-13 14:10:09,797 [EventQueue-OpenPipelineForHealthyPipelineSafeModeRule] INFO  safemode.SCMSafeModeManager (SCMSafeModeManager.java:exitSafeMode(257)) - SCM exiting safe mode.
2021-01-13 14:10:09,797 [88355522-ea7b-442e-ab24-a07389f97d94@group-55716BB7855F-LeaderElection9] INFO  metrics.RatisMetrics (RatisMetrics.java:lambda$create$0(36)) - Creating Metrics Registry : ratis_grpc.log_appender.88355522-ea7b-442e-ab24-a07389f97d94@group-55716BB7855F
2021-01-13 14:10:09,802 [88355522-ea7b-442e-ab24-a07389f97d94@group-55716BB7855F-LeaderElection9] INFO  server.RaftServerConfigKeys (ConfUtils.java:logGet(44)) - raft.server.log.appender.snapshot.chunk.size.max = 16MB (=16777216) (default)
2021-01-13 14:10:09,802 [88355522-ea7b-442e-ab24-a07389f97d94@group-55716BB7855F-LeaderElection9] INFO  server.RaftServerConfigKeys (ConfUtils.java:logGet(44)) - raft.server.log.appender.buffer.byte-limit = 33554432 (custom)
2021-01-13 14:10:09,802 [88355522-ea7b-442e-ab24-a07389f97d94@group-55716BB7855F-LeaderElection9] INFO  server.RaftServerConfigKeys (ConfUtils.java:logGet(44)) - raft.server.log.appender.buffer.element-limit = 1 (custom)
2021-01-13 14:10:09,802 [88355522-ea7b-442e-ab24-a07389f97d94@group-55716BB7855F-LeaderElection9] INFO  grpc.GrpcConfigKeys (ConfUtils.java:logGet(44)) - raft.grpc.server.leader.outstanding.appends.max = 128 (default)
2021-01-13 14:10:09,802 [88355522-ea7b-442e-ab24-a07389f97d94@group-55716BB7855F-LeaderElection9] INFO  server.RaftServerConfigKeys (ConfUtils.java:logGet(44)) - raft.server.rpc.request.timeout = 60s (custom)
2021-01-13 14:10:09,802 [88355522-ea7b-442e-ab24-a07389f97d94@group-55716BB7855F-LeaderElection9] INFO  server.RaftServerConfigKeys (ConfUtils.java:logGet(44)) - raft.server.log.appender.install.snapshot.enabled = false (custom)
2021-01-13 14:10:09,803 [88355522-ea7b-442e-ab24-a07389f97d94@group-55716BB7855F-LeaderElection9] INFO  impl.RoleInfo (RoleInfo.java:updateAndGet(130)) - 88355522-ea7b-442e-ab24-a07389f97d94: start 88355522-ea7b-442e-ab24-a07389f97d94@group-55716BB7855F-LeaderStateImpl
2021-01-13 14:10:09,803 [88355522-ea7b-442e-ab24-a07389f97d94@group-55716BB7855F-LeaderElection9] INFO  segmented.SegmentedRaftLogWorker (SegmentedRaftLogWorker.java:startLogSegment(392)) - 88355522-ea7b-442e-ab24-a07389f97d94@group-55716BB7855F-SegmentedRaftLogWorker: Starting segment from index:0
2021-01-13 14:10:09,805 [88355522-ea7b-442e-ab24-a07389f97d94@group-55716BB7855F-SegmentedRaftLogWorker] INFO  segmented.SegmentedRaftLogWorker (SegmentedRaftLogWorker.java:execute(599)) - 88355522-ea7b-442e-ab24-a07389f97d94@group-55716BB7855F-SegmentedRaftLogWorker: created new log segment /github/workspace/mnt/ozone/hadoop-ozone/integration-test/target/test-dir/MiniOzoneClusterImpl-9fde871d-63de-45ae-a394-6b80eb19d1dd/datanode-2/data/ratis/405a2968-de9b-4577-b1bf-55716bb7855f/current/log_inprogress_0
2021-01-13 14:10:09,806 [88355522-ea7b-442e-ab24-a07389f97d94@group-55716BB7855F-LeaderElection9] INFO  server.RaftServer$Division (ServerState.java:setRaftConf(368)) - 88355522-ea7b-442e-ab24-a07389f97d94@group-55716BB7855F: set configuration 0: [88355522-ea7b-442e-ab24-a07389f97d94|rpc:172.17.0.2:34069|dataStream:|priority:1, 55d81cbb-fb85-4082-808b-6966013a4e6d|rpc:172.17.0.2:36461|dataStream:|priority:0, ecce6ce4-ded5-4171-a4f3-4bb4b5b9b0b9|rpc:172.17.0.2:41353|dataStream:|priority:0], old=null
2021-01-13 14:10:09,814 [grpc-default-executor-0] INFO  ratis.XceiverServerRatis (XceiverServerRatis.java:handleLeaderChangedNotification(868)) - Leader change notification received for group: group-55716BB7855F with new leaderId: 88355522-ea7b-442e-ab24-a07389f97d94
2021-01-13 14:10:09,815 [grpc-default-executor-0] INFO  server.RaftServer$Division (ServerState.java:setLeader(249)) - ecce6ce4-ded5-4171-a4f3-4bb4b5b9b0b9@group-55716BB7855F: change Leader from null to 88355522-ea7b-442e-ab24-a07389f97d94 at term 1 for appendEntries, leader elected after 5103ms
2021-01-13 14:10:09,819 [Thread-279] INFO  impl.FollowerState (FollowerState.java:run(133)) - ecce6ce4-ded5-4171-a4f3-4bb4b5b9b0b9@group-9613495F631C-FollowerState: change to CANDIDATE, lastRpcElapsedTime:5094880658ns, electionTimeout:5094ms
2021-01-13 14:10:09,820 [Thread-279] INFO  impl.RoleInfo (RoleInfo.java:shutdownFollowerState(108)) - ecce6ce4-ded5-4171-a4f3-4bb4b5b9b0b9: shutdown ecce6ce4-ded5-4171-a4f3-4bb4b5b9b0b9@group-9613495F631C-FollowerState
2021-01-13 14:10:09,820 [Thread-279] INFO  server.RaftServer$Division (RaftServerImpl.java:setRole(283)) - ecce6ce4-ded5-4171-a4f3-4bb4b5b9b0b9@group-9613495F631C: changes role from  FOLLOWER to CANDIDATE at term 0 for changeToCandidate
2021-01-13 14:10:09,821 [grpc-default-executor-0] INFO  server.RaftServer$Division (ServerState.java:setRaftConf(368)) - ecce6ce4-ded5-4171-a4f3-4bb4b5b9b0b9@group-55716BB7855F: set configuration 0: [88355522-ea7b-442e-ab24-a07389f97d94|rpc:172.17.0.2:34069|dataStream:|priority:1, 55d81cbb-fb85-4082-808b-6966013a4e6d|rpc:172.17.0.2:36461|dataStream:|priority:0, ecce6ce4-ded5-4171-a4f3-4bb4b5b9b0b9|rpc:172.17.0.2:41353|dataStream:|priority:0], old=null
2021-01-13 14:10:09,821 [grpc-default-executor-0] INFO  segmented.SegmentedRaftLogWorker (SegmentedRaftLogWorker.java:startLogSegment(392)) - ecce6ce4-ded5-4171-a4f3-4bb4b5b9b0b9@group-55716BB7855F-SegmentedRaftLogWorker: Starting segment from index:0
2021-01-13 14:10:09,823 [grpc-default-executor-3] INFO  ratis.XceiverServerRatis (XceiverServerRatis.java:handleLeaderChangedNotification(868)) - Leader change notification received for group: group-55716BB7855F with new leaderId: 88355522-ea7b-442e-ab24-a07389f97d94
2021-01-13 14:10:09,823 [ecce6ce4-ded5-4171-a4f3-4bb4b5b9b0b9@group-55716BB7855F-SegmentedRaftLogWorker] INFO  segmented.SegmentedRaftLogWorker (SegmentedRaftLogWorker.java:execute(599)) - ecce6ce4-ded5-4171-a4f3-4bb4b5b9b0b9@group-55716BB7855F-SegmentedRaftLogWorker: created new log segment /github/workspace/mnt/ozone/hadoop-ozone/integration-test/target/test-dir/MiniOzoneClusterImpl-9fde871d-63de-45ae-a394-6b80eb19d1dd/datanode-1/data/ratis/405a2968-de9b-4577-b1bf-55716bb7855f/current/log_inprogress_0
2021-01-13 14:10:09,824 [grpc-default-executor-3] INFO  server.RaftServer$Division (ServerState.java:setLeader(249)) - 55d81cbb-fb85-4082-808b-6966013a4e6d@group-55716BB7855F: change Leader from null to 88355522-ea7b-442e-ab24-a07389f97d94 at term 1 for appendEntries, leader elected after 5503ms
2021-01-13 14:10:09,829 [Thread-279] INFO  impl.RoleInfo (RoleInfo.java:updateAndGet(130)) - ecce6ce4-ded5-4171-a4f3-4bb4b5b9b0b9: start ecce6ce4-ded5-4171-a4f3-4bb4b5b9b0b9@group-9613495F631C-LeaderElection10
2021-01-13 14:10:09,846 [ecce6ce4-ded5-4171-a4f3-4bb4b5b9b0b9@group-9613495F631C-LeaderElection10] INFO  impl.LeaderElection (LeaderElection.java:askForPreVotes(259)) - ecce6ce4-ded5-4171-a4f3-4bb4b5b9b0b9@group-9613495F631C-LeaderElection10: begin a pre-vote at term 0 for -1: [ecce6ce4-ded5-4171-a4f3-4bb4b5b9b0b9|rpc:172.17.0.2:41353|priority:1], old=null
2021-01-13 14:10:09,846 [ecce6ce4-ded5-4171-a4f3-4bb4b5b9b0b9@group-9613495F631C-LeaderElection10] INFO  impl.LeaderElection (LeaderElection.java:askForPreVotes(261)) - ecce6ce4-ded5-4171-a4f3-4bb4b5b9b0b9@group-9613495F631C-LeaderElection10 pre-vote result is PASSED.
2021-01-13 14:10:09,848 [ecce6ce4-ded5-4171-a4f3-4bb4b5b9b0b9@group-9613495F631C-LeaderElection10] INFO  impl.LeaderElection (LeaderElection.java:askForVotes(308)) - ecce6ce4-ded5-4171-a4f3-4bb4b5b9b0b9@group-9613495F631C-LeaderElection10: begin an election at term 1 for -1: [ecce6ce4-ded5-4171-a4f3-4bb4b5b9b0b9|rpc:172.17.0.2:41353|priority:1], old=null
2021-01-13 14:10:09,848 [ecce6ce4-ded5-4171-a4f3-4bb4b5b9b0b9@group-9613495F631C-LeaderElection10] INFO  impl.RoleInfo (RoleInfo.java:shutdownLeaderElection(121)) - ecce6ce4-ded5-4171-a4f3-4bb4b5b9b0b9: shutdown ecce6ce4-ded5-4171-a4f3-4bb4b5b9b0b9@group-9613495F631C-LeaderElection10
2021-01-13 14:10:09,848 [ecce6ce4-ded5-4171-a4f3-4bb4b5b9b0b9@group-9613495F631C-LeaderElection10] INFO  server.RaftServer$Division (RaftServerImpl.java:setRole(283)) - ecce6ce4-ded5-4171-a4f3-4bb4b5b9b0b9@group-9613495F631C: changes role from CANDIDATE to LEADER at term 1 for changeToLeader
2021-01-13 14:10:09,848 [ecce6ce4-ded5-4171-a4f3-4bb4b5b9b0b9@group-9613495F631C-LeaderElection10] INFO  ratis.XceiverServerRatis (XceiverServerRatis.java:handleLeaderChangedNotification(868)) - Leader change notification received for group: group-9613495F631C with new leaderId: ecce6ce4-ded5-4171-a4f3-4bb4b5b9b0b9
2021-01-13 14:10:09,848 [ecce6ce4-ded5-4171-a4f3-4bb4b5b9b0b9@group-9613495F631C-LeaderElection10] INFO  server.RaftServer$Division (ServerState.java:setLeader(249)) - ecce6ce4-ded5-4171-a4f3-4bb4b5b9b0b9@group-9613495F631C: change Leader from null to ecce6ce4-ded5-4171-a4f3-4bb4b5b9b0b9 at term 1 for becomeLeader, leader elected after 5165ms
2021-01-13 14:10:09,848 [ecce6ce4-ded5-4171-a4f3-4bb4b5b9b0b9@group-9613495F631C-LeaderElection10] INFO  server.RaftServerConfigKeys (ConfUtils.java:logGet(44)) - raft.server.staging.catchup.gap = 1000 (default)
2021-01-13 14:10:09,848 [ecce6ce4-ded5-4171-a4f3-4bb4b5b9b0b9@group-9613495F631C-LeaderElection10] INFO  metrics.RatisMetrics (RatisMetrics.java:lambda$create$0(36)) - Creating Metrics Registry : ratis.log_appender.ecce6ce4-ded5-4171-a4f3-4bb4b5b9b0b9@group-9613495F631C
2021-01-13 14:10:09,848 [ecce6ce4-ded5-4171-a4f3-4bb4b5b9b0b9@group-9613495F631C-LeaderElection10] INFO  server.RaftServerConfigKeys (ConfUtils.java:logGet(44)) - raft.server.write.element-limit = 1024 (custom)
2021-01-13 14:10:09,848 [ecce6ce4-ded5-4171-a4f3-4bb4b5b9b0b9@group-9613495F631C-LeaderElection10] INFO  server.RaftServerConfigKeys (ConfUtils.java:logGet(44)) - raft.server.write.byte-limit = 1073741824 (custom)
2021-01-13 14:10:09,849 [ecce6ce4-ded5-4171-a4f3-4bb4b5b9b0b9@group-9613495F631C-LeaderElection10] INFO  server.RaftServerConfigKeys (ConfUtils.java:logGet(44)) - raft.server.watch.timeout = 180s (custom)
2021-01-13 14:10:09,849 [ecce6ce4-ded5-4171-a4f3-4bb4b5b9b0b9@group-9613495F631C-LeaderElection10] INFO  server.RaftServerConfigKeys (ConfUtils.java:logGet(44)) - raft.server.watch.timeout.denomination = 1s (default)
2021-01-13 14:10:09,849 [ecce6ce4-ded5-4171-a4f3-4bb4b5b9b0b9@group-9613495F631C-LeaderElection10] INFO  server.RaftServerConfigKeys (ConfUtils.java:logGet(44)) - raft.server.watch.element-limit = 65536 (default)
2021-01-13 14:10:09,849 [ecce6ce4-ded5-4171-a4f3-4bb4b5b9b0b9@group-9613495F631C-LeaderElection10] INFO  impl.RoleInfo (RoleInfo.java:updateAndGet(130)) - ecce6ce4-ded5-4171-a4f3-4bb4b5b9b0b9: start ecce6ce4-ded5-4171-a4f3-4bb4b5b9b0b9@group-9613495F631C-LeaderStateImpl
2021-01-13 14:10:09,849 [ecce6ce4-ded5-4171-a4f3-4bb4b5b9b0b9@group-9613495F631C-LeaderElection10] INFO  segmented.SegmentedRaftLogWorker (SegmentedRaftLogWorker.java:startLogSegment(392)) - ecce6ce4-ded5-4171-a4f3-4bb4b5b9b0b9@group-9613495F631C-SegmentedRaftLogWorker: Starting segment from index:0
2021-01-13 14:10:09,858 [Listener at 127.0.0.1/10228] INFO  ozone.MiniOzoneClusterImpl (MiniOzoneClusterImpl.java:lambda$waitForClusterToBeReady$0(179)) - Nodes are ready. Got 3 of 3 DN Heartbeats.
2021-01-13 14:10:09,858 [Listener at 127.0.0.1/10228] INFO  ozone.MiniOzoneClusterImpl (MiniOzoneClusterImpl.java:lambda$waitForClusterToBeReady$0(182)) - Cluster exits safe mode
2021-01-13 14:10:09,863 [ecce6ce4-ded5-4171-a4f3-4bb4b5b9b0b9@group-9613495F631C-SegmentedRaftLogWorker] INFO  segmented.SegmentedRaftLogWorker (SegmentedRaftLogWorker.java:execute(599)) - ecce6ce4-ded5-4171-a4f3-4bb4b5b9b0b9@group-9613495F631C-SegmentedRaftLogWorker: created new log segment /github/workspace/mnt/ozone/hadoop-ozone/integration-test/target/test-dir/MiniOzoneClusterImpl-9fde871d-63de-45ae-a394-6b80eb19d1dd/datanode-1/data/ratis/e1682861-6b14-4756-a547-9613495f631c/current/log_inprogress_0
2021-01-13 14:10:09,871 [grpc-default-executor-0] INFO  server.RaftServer$Division (ServerState.java:setRaftConf(368)) - 55d81cbb-fb85-4082-808b-6966013a4e6d@group-55716BB7855F: set configuration 0: [88355522-ea7b-442e-ab24-a07389f97d94|rpc:172.17.0.2:34069|dataStream:|priority:1, 55d81cbb-fb85-4082-808b-6966013a4e6d|rpc:172.17.0.2:36461|dataStream:|priority:0, ecce6ce4-ded5-4171-a4f3-4bb4b5b9b0b9|rpc:172.17.0.2:41353|dataStream:|priority:0], old=null
2021-01-13 14:10:09,871 [grpc-default-executor-0] INFO  segmented.SegmentedRaftLogWorker (SegmentedRaftLogWorker.java:startLogSegment(392)) - 55d81cbb-fb85-4082-808b-6966013a4e6d@group-55716BB7855F-SegmentedRaftLogWorker: Starting segment from index:0
2021-01-13 14:10:09,876 [ecce6ce4-ded5-4171-a4f3-4bb4b5b9b0b9@group-9613495F631C-LeaderElection10] INFO  server.RaftServer$Division (ServerState.java:setRaftConf(368)) - ecce6ce4-ded5-4171-a4f3-4bb4b5b9b0b9@group-9613495F631C: set configuration 0: [ecce6ce4-ded5-4171-a4f3-4bb4b5b9b0b9|rpc:172.17.0.2:41353|dataStream:|priority:1], old=null
2021-01-13 14:10:09,881 [55d81cbb-fb85-4082-808b-6966013a4e6d@group-55716BB7855F-SegmentedRaftLogWorker] INFO  segmented.SegmentedRaftLogWorker (SegmentedRaftLogWorker.java:execute(599)) - 55d81cbb-fb85-4082-808b-6966013a4e6d@group-55716BB7855F-SegmentedRaftLogWorker: created new log segment /github/workspace/mnt/ozone/hadoop-ozone/integration-test/target/test-dir/MiniOzoneClusterImpl-9fde871d-63de-45ae-a394-6b80eb19d1dd/datanode-0/data/ratis/405a2968-de9b-4577-b1bf-55716bb7855f/current/log_inprogress_0
2021-01-13 14:10:09,901 [Thread-285] INFO  impl.FollowerState (FollowerState.java:run(133)) - ecce6ce4-ded5-4171-a4f3-4bb4b5b9b0b9@group-88BE978D30F7-FollowerState: change to CANDIDATE, lastRpcElapsedTime:5089611641ns, electionTimeout:5083ms
2021-01-13 14:10:09,901 [Thread-285] INFO  impl.RoleInfo (RoleInfo.java:shutdownFollowerState(108)) - ecce6ce4-ded5-4171-a4f3-4bb4b5b9b0b9: shutdown ecce6ce4-ded5-4171-a4f3-4bb4b5b9b0b9@group-88BE978D30F7-FollowerState
2021-01-13 14:10:09,901 [Thread-285] INFO  server.RaftServer$Division (RaftServerImpl.java:setRole(283)) - ecce6ce4-ded5-4171-a4f3-4bb4b5b9b0b9@group-88BE978D30F7: changes role from  FOLLOWER to CANDIDATE at term 0 for changeToCandidate
2021-01-13 14:10:09,901 [Thread-285] INFO  impl.RoleInfo (RoleInfo.java:updateAndGet(130)) - ecce6ce4-ded5-4171-a4f3-4bb4b5b9b0b9: start ecce6ce4-ded5-4171-a4f3-4bb4b5b9b0b9@group-88BE978D30F7-LeaderElection11
2021-01-13 14:10:09,919 [ecce6ce4-ded5-4171-a4f3-4bb4b5b9b0b9@group-88BE978D30F7-LeaderElection11] INFO  impl.LeaderElection (LeaderElection.java:askForPreVotes(259)) - ecce6ce4-ded5-4171-a4f3-4bb4b5b9b0b9@group-88BE978D30F7-LeaderElection11: begin a pre-vote at term 0 for -1: [88355522-ea7b-442e-ab24-a07389f97d94|rpc:172.17.0.2:34069|priority:0, 55d81cbb-fb85-4082-808b-6966013a4e6d|rpc:172.17.0.2:36461|priority:0, ecce6ce4-ded5-4171-a4f3-4bb4b5b9b0b9|rpc:172.17.0.2:41353|priority:1], old=null
2021-01-13 14:10:09,955 [Thread-287] INFO  impl.FollowerState (FollowerState.java:run(133)) - 55d81cbb-fb85-4082-808b-6966013a4e6d@group-88BE978D30F7-FollowerState: change to CANDIDATE, lastRpcElapsedTime:5105216588ns, electionTimeout:5099ms
2021-01-13 14:10:09,955 [Thread-287] INFO  impl.RoleInfo (RoleInfo.java:shutdownFollowerState(108)) - 55d81cbb-fb85-4082-808b-6966013a4e6d: shutdown 55d81cbb-fb85-4082-808b-6966013a4e6d@group-88BE978D30F7-FollowerState
2021-01-13 14:10:09,955 [Thread-287] INFO  server.RaftServer$Division (RaftServerImpl.java:setRole(283)) - 55d81cbb-fb85-4082-808b-6966013a4e6d@group-88BE978D30F7: changes role from  FOLLOWER to CANDIDATE at term 0 for changeToCandidate
2021-01-13 14:10:09,955 [Thread-287] INFO  impl.RoleInfo (RoleInfo.java:updateAndGet(130)) - 55d81cbb-fb85-4082-808b-6966013a4e6d: start 55d81cbb-fb85-4082-808b-6966013a4e6d@group-88BE978D30F7-LeaderElection12
2021-01-13 14:10:09,955 [grpc-default-executor-0] INFO  server.RaftServer$Division (RaftServerImpl.java:requestPreVote(1060)) - 88355522-ea7b-442e-ab24-a07389f97d94@group-88BE978D30F7: receive preVote(ecce6ce4-ded5-4171-a4f3-4bb4b5b9b0b9, group-88BE978D30F7, 0, (t:0, i:0))
2021-01-13 14:10:09,955 [grpc-default-executor-0] INFO  server.RaftServer$Division (RaftServerImpl.java:requestPreVote(1081)) - 88355522-ea7b-442e-ab24-a07389f97d94@group-88BE978D30F7 role: FOLLOWER allow pre-vote from:ecce6ce4-ded5-4171-a4f3-4bb4b5b9b0b9
2021-01-13 14:10:09,955 [grpc-default-executor-0] INFO  server.RaftServer$Division (RaftServerImpl.java:requestPreVote(1099)) - 88355522-ea7b-442e-ab24-a07389f97d94@group-88BE978D30F7 replies to pre-vote request: ecce6ce4-ded5-4171-a4f3-4bb4b5b9b0b9<-88355522-ea7b-442e-ab24-a07389f97d94#0:OK-t0. Peer's state: 88355522-ea7b-442e-ab24-a07389f97d94@group-88BE978D30F7:t0, leader=null, voted=, raftlog=88355522-ea7b-442e-ab24-a07389f97d94@group-88BE978D30F7-SegmentedRaftLog:OPENED:c-1,f-1,i0, conf=-1: [88355522-ea7b-442e-ab24-a07389f97d94|rpc:172.17.0.2:34069|dataStream:|priority:0, 55d81cbb-fb85-4082-808b-6966013a4e6d|rpc:172.17.0.2:36461|dataStream:|priority:0, ecce6ce4-ded5-4171-a4f3-4bb4b5b9b0b9|rpc:172.17.0.2:41353|dataStream:|priority:1], old=null
2021-01-13 14:10:09,972 [ecce6ce4-ded5-4171-a4f3-4bb4b5b9b0b9@group-88BE978D30F7-LeaderElection11] INFO  impl.LeaderElection (LeaderElection.java:logAndReturn(68)) - ecce6ce4-ded5-4171-a4f3-4bb4b5b9b0b9@group-88BE978D30F7-LeaderElection11: Pre-vote  PASSED received 1 response(s):[ecce6ce4-ded5-4171-a4f3-4bb4b5b9b0b9<-88355522-ea7b-442e-ab24-a07389f97d94#0:OK-t0]
2021-01-13 14:10:09,972 [ecce6ce4-ded5-4171-a4f3-4bb4b5b9b0b9@group-88BE978D30F7-LeaderElection11] INFO  impl.LeaderElection (LeaderElection.java:askForPreVotes(261)) - ecce6ce4-ded5-4171-a4f3-4bb4b5b9b0b9@group-88BE978D30F7-LeaderElection11 pre-vote result is PASSED.
2021-01-13 14:10:09,974 [ecce6ce4-ded5-4171-a4f3-4bb4b5b9b0b9@group-88BE978D30F7-LeaderElection11] INFO  impl.LeaderElection (LeaderElection.java:askForVotes(308)) - ecce6ce4-ded5-4171-a4f3-4bb4b5b9b0b9@group-88BE978D30F7-LeaderElection11: begin an election at term 1 for -1: [88355522-ea7b-442e-ab24-a07389f97d94|rpc:172.17.0.2:34069|priority:0, 55d81cbb-fb85-4082-808b-6966013a4e6d|rpc:172.17.0.2:36461|priority:0, ecce6ce4-ded5-4171-a4f3-4bb4b5b9b0b9|rpc:172.17.0.2:41353|priority:1], old=null
2021-01-13 14:10:09,976 [55d81cbb-fb85-4082-808b-6966013a4e6d@group-88BE978D30F7-LeaderElection12] INFO  impl.LeaderElection (LeaderElection.java:askForPreVotes(259)) - 55d81cbb-fb85-4082-808b-6966013a4e6d@group-88BE978D30F7-LeaderElection12: begin a pre-vote at term 0 for -1: [88355522-ea7b-442e-ab24-a07389f97d94|rpc:172.17.0.2:34069|priority:0, 55d81cbb-fb85-4082-808b-6966013a4e6d|rpc:172.17.0.2:36461|priority:0, ecce6ce4-ded5-4171-a4f3-4bb4b5b9b0b9|rpc:172.17.0.2:41353|priority:1], old=null
2021-01-13 14:10:09,990 [grpc-default-executor-0] INFO  server.RaftServer$Division (RaftServerImpl.java:requestPreVote(1060)) - 55d81cbb-fb85-4082-808b-6966013a4e6d@group-88BE978D30F7: receive preVote(ecce6ce4-ded5-4171-a4f3-4bb4b5b9b0b9, group-88BE978D30F7, 0, (t:0, i:0))
2021-01-13 14:10:09,990 [grpc-default-executor-0] INFO  server.RaftServer$Division (RaftServerImpl.java:requestPreVote(1081)) - 55d81cbb-fb85-4082-808b-6966013a4e6d@group-88BE978D30F7 role:CANDIDATE allow pre-vote from:ecce6ce4-ded5-4171-a4f3-4bb4b5b9b0b9
2021-01-13 14:10:09,990 [grpc-default-executor-0] INFO  server.RaftServer$Division (RaftServerImpl.java:requestPreVote(1099)) - 55d81cbb-fb85-4082-808b-6966013a4e6d@group-88BE978D30F7 replies to pre-vote request: ecce6ce4-ded5-4171-a4f3-4bb4b5b9b0b9<-55d81cbb-fb85-4082-808b-6966013a4e6d#0:OK-t0. Peer's state: 55d81cbb-fb85-4082-808b-6966013a4e6d@group-88BE978D30F7:t0, leader=null, voted=, raftlog=55d81cbb-fb85-4082-808b-6966013a4e6d@group-88BE978D30F7-SegmentedRaftLog:OPENED:c-1,f-1,i0, conf=-1: [88355522-ea7b-442e-ab24-a07389f97d94|rpc:172.17.0.2:34069|priority:0, 55d81cbb-fb85-4082-808b-6966013a4e6d|rpc:172.17.0.2:36461|priority:0, ecce6ce4-ded5-4171-a4f3-4bb4b5b9b0b9|rpc:172.17.0.2:41353|priority:1], old=null
2021-01-13 14:10:09,991 [grpc-default-executor-3] INFO  server.RaftServer$Division (RaftServerImpl.java:setRole(283)) - 55d81cbb-fb85-4082-808b-6966013a4e6d@group-88BE978D30F7: changes role from CANDIDATE to FOLLOWER at term 1 for recognizeCandidate:ecce6ce4-ded5-4171-a4f3-4bb4b5b9b0b9
2021-01-13 14:10:09,991 [grpc-default-executor-3] INFO  impl.RoleInfo (RoleInfo.java:shutdownLeaderElection(121)) - 55d81cbb-fb85-4082-808b-6966013a4e6d: shutdown 55d81cbb-fb85-4082-808b-6966013a4e6d@group-88BE978D30F7-LeaderElection12
2021-01-13 14:10:09,993 [55d81cbb-fb85-4082-808b-6966013a4e6d@group-88BE978D30F7-LeaderElection12] INFO  impl.LeaderElection (LeaderElection.java:logAndReturn(68)) - 55d81cbb-fb85-4082-808b-6966013a4e6d@group-88BE978D30F7-LeaderElection12: Pre-vote  REJECTED received 0 response(s):[]
2021-01-13 14:10:10,001 [55d81cbb-fb85-4082-808b-6966013a4e6d@group-88BE978D30F7-LeaderElection12] INFO  impl.LeaderElection (LeaderElection.java:askForPreVotes(261)) - 55d81cbb-fb85-4082-808b-6966013a4e6d@group-88BE978D30F7-LeaderElection12 pre-vote result is REJECTED.
2021-01-13 14:10:10,000 [grpc-default-executor-1] INFO  server.RaftServer$Division (RaftServerImpl.java:setRole(283)) - 88355522-ea7b-442e-ab24-a07389f97d94@group-88BE978D30F7: changes role from  FOLLOWER to FOLLOWER at term 1 for recognizeCandidate:ecce6ce4-ded5-4171-a4f3-4bb4b5b9b0b9
2021-01-13 14:10:10,001 [grpc-default-executor-1] INFO  impl.RoleInfo (RoleInfo.java:shutdownFollowerState(108)) - 88355522-ea7b-442e-ab24-a07389f97d94: shutdown 88355522-ea7b-442e-ab24-a07389f97d94@group-88BE978D30F7-FollowerState
2021-01-13 14:10:10,001 [grpc-default-executor-1] INFO  impl.RoleInfo (RoleInfo.java:updateAndGet(130)) - 88355522-ea7b-442e-ab24-a07389f97d94: start 88355522-ea7b-442e-ab24-a07389f97d94@group-88BE978D30F7-FollowerState
2021-01-13 14:10:10,001 [Thread-293] INFO  impl.FollowerState (FollowerState.java:run(142)) - 88355522-ea7b-442e-ab24-a07389f97d94@group-88BE978D30F7-FollowerState was interrupted: {}
java.lang.InterruptedException: sleep interrupted
	at java.lang.Thread.sleep(Native Method)
	at java.lang.Thread.sleep(Thread.java:340)
	at java.util.concurrent.TimeUnit.sleep(TimeUnit.java:386)
	at org.apache.ratis.util.TimeDuration.sleep(TimeDuration.java:324)
	at org.apache.ratis.util.TimeDuration.sleep(TimeDuration.java:309)
	at org.apache.ratis.server.impl.FollowerState.run(FollowerState.java:117)
2021-01-13 14:10:10,000 [grpc-default-executor-3] INFO  impl.RoleInfo (RoleInfo.java:updateAndGet(130)) - 55d81cbb-fb85-4082-808b-6966013a4e6d: start 55d81cbb-fb85-4082-808b-6966013a4e6d@group-88BE978D30F7-FollowerState
2021-01-13 14:10:10,004 [grpc-default-executor-1] INFO  server.RaftServer$Division (RaftServerImpl.java:requestVote(1137)) -  FOLLOWER 88355522-ea7b-442e-ab24-a07389f97d94@group-88BE978D30F7:t1, leader=null, voted=null, raftlog=88355522-ea7b-442e-ab24-a07389f97d94@group-88BE978D30F7-SegmentedRaftLog:OPENED:c-1,f-1,i0, conf=-1: [88355522-ea7b-442e-ab24-a07389f97d94|rpc:172.17.0.2:34069|dataStream:|priority:0, 55d81cbb-fb85-4082-808b-6966013a4e6d|rpc:172.17.0.2:36461|dataStream:|priority:0, ecce6ce4-ded5-4171-a4f3-4bb4b5b9b0b9|rpc:172.17.0.2:41353|dataStream:|priority:1], old=null RUNNING priority:0 candidate:ecce6ce4-ded5-4171-a4f3-4bb4b5b9b0b9|rpc:172.17.0.2:41353|dataStream:|priority:1 candidatePriority:1 compare:0
2021-01-13 14:10:10,007 [ecce6ce4-ded5-4171-a4f3-4bb4b5b9b0b9@group-88BE978D30F7-LeaderElection11] INFO  impl.LeaderElection (LeaderElection.java:logAndReturn(68)) - ecce6ce4-ded5-4171-a4f3-4bb4b5b9b0b9@group-88BE978D30F7-LeaderElection11: Election  PASSED received 1 response(s):[ecce6ce4-ded5-4171-a4f3-4bb4b5b9b0b9<-88355522-ea7b-442e-ab24-a07389f97d94#0:OK-t1]
2021-01-13 14:10:10,007 [ecce6ce4-ded5-4171-a4f3-4bb4b5b9b0b9@group-88BE978D30F7-LeaderElection11] INFO  impl.RoleInfo (RoleInfo.java:shutdownLeaderElection(121)) - ecce6ce4-ded5-4171-a4f3-4bb4b5b9b0b9: shutdown ecce6ce4-ded5-4171-a4f3-4bb4b5b9b0b9@group-88BE978D30F7-LeaderElection11
2021-01-13 14:10:10,007 [ecce6ce4-ded5-4171-a4f3-4bb4b5b9b0b9@group-88BE978D30F7-LeaderElection11] INFO  server.RaftServer$Division (RaftServerImpl.java:setRole(283)) - ecce6ce4-ded5-4171-a4f3-4bb4b5b9b0b9@group-88BE978D30F7: changes role from CANDIDATE to LEADER at term 1 for changeToLeader
2021-01-13 14:10:10,007 [ecce6ce4-ded5-4171-a4f3-4bb4b5b9b0b9@group-88BE978D30F7-LeaderElection11] INFO  ratis.XceiverServerRatis (XceiverServerRatis.java:handleLeaderChangedNotification(868)) - Leader change notification received for group: group-88BE978D30F7 with new leaderId: ecce6ce4-ded5-4171-a4f3-4bb4b5b9b0b9
2021-01-13 14:10:10,007 [ecce6ce4-ded5-4171-a4f3-4bb4b5b9b0b9@group-88BE978D30F7-LeaderElection11] INFO  server.RaftServer$Division (ServerState.java:setLeader(249)) - ecce6ce4-ded5-4171-a4f3-4bb4b5b9b0b9@group-88BE978D30F7: change Leader from null to ecce6ce4-ded5-4171-a4f3-4bb4b5b9b0b9 at term 1 for becomeLeader, leader elected after 5228ms
2021-01-13 14:10:10,007 [ecce6ce4-ded5-4171-a4f3-4bb4b5b9b0b9@group-88BE978D30F7-LeaderElection11] INFO  server.RaftServerConfigKeys (ConfUtils.java:logGet(44)) - raft.server.staging.catchup.gap = 1000 (default)
2021-01-13 14:10:10,007 [ecce6ce4-ded5-4171-a4f3-4bb4b5b9b0b9@group-88BE978D30F7-LeaderElection11] INFO  metrics.RatisMetrics (RatisMetrics.java:lambda$create$0(36)) - Creating Metrics Registry : ratis.log_appender.ecce6ce4-ded5-4171-a4f3-4bb4b5b9b0b9@group-88BE978D30F7
2021-01-13 14:10:10,007 [ecce6ce4-ded5-4171-a4f3-4bb4b5b9b0b9@group-88BE978D30F7-LeaderElection11] INFO  server.RaftServerConfigKeys (ConfUtils.java:logGet(44)) - raft.server.write.element-limit = 1024 (custom)
2021-01-13 14:10:10,007 [ecce6ce4-ded5-4171-a4f3-4bb4b5b9b0b9@group-88BE978D30F7-LeaderElection11] INFO  server.RaftServerConfigKeys (ConfUtils.java:logGet(44)) - raft.server.write.byte-limit = 1073741824 (custom)
2021-01-13 14:10:10,008 [ecce6ce4-ded5-4171-a4f3-4bb4b5b9b0b9@group-88BE978D30F7-LeaderElection11] INFO  server.RaftServerConfigKeys (ConfUtils.java:logGet(44)) - raft.server.watch.timeout = 180s (custom)
2021-01-13 14:10:10,008 [ecce6ce4-ded5-4171-a4f3-4bb4b5b9b0b9@group-88BE978D30F7-LeaderElection11] INFO  server.RaftServerConfigKeys (ConfUtils.java:logGet(44)) - raft.server.watch.timeout.denomination = 1s (default)
2021-01-13 14:10:10,008 [ecce6ce4-ded5-4171-a4f3-4bb4b5b9b0b9@group-88BE978D30F7-LeaderElection11] INFO  server.RaftServerConfigKeys (ConfUtils.java:logGet(44)) - raft.server.watch.element-limit = 65536 (default)
2021-01-13 14:10:10,008 [ecce6ce4-ded5-4171-a4f3-4bb4b5b9b0b9@group-88BE978D30F7-LeaderElection11] INFO  server.RaftServerConfigKeys (ConfUtils.java:logGet(44)) - raft.server.log.appender.snapshot.chunk.size.max = 16MB (=16777216) (default)
2021-01-13 14:10:10,008 [ecce6ce4-ded5-4171-a4f3-4bb4b5b9b0b9@group-88BE978D30F7-LeaderElection11] INFO  server.RaftServerConfigKeys (ConfUtils.java:logGet(44)) - raft.server.log.appender.buffer.byte-limit = 33554432 (custom)
2021-01-13 14:10:10,008 [ecce6ce4-ded5-4171-a4f3-4bb4b5b9b0b9@group-88BE978D30F7-LeaderElection11] INFO  server.RaftServerConfigKeys (ConfUtils.java:logGet(44)) - raft.server.log.appender.buffer.element-limit = 1 (custom)
2021-01-13 14:10:10,008 [ecce6ce4-ded5-4171-a4f3-4bb4b5b9b0b9@group-88BE978D30F7-LeaderElection11] INFO  grpc.GrpcConfigKeys (ConfUtils.java:logGet(44)) - raft.grpc.server.leader.outstanding.appends.max = 128 (default)
2021-01-13 14:10:10,008 [ecce6ce4-ded5-4171-a4f3-4bb4b5b9b0b9@group-88BE978D30F7-LeaderElection11] INFO  server.RaftServerConfigKeys (ConfUtils.java:logGet(44)) - raft.server.rpc.request.timeout = 60s (custom)
2021-01-13 14:10:10,008 [ecce6ce4-ded5-4171-a4f3-4bb4b5b9b0b9@group-88BE978D30F7-LeaderElection11] INFO  server.RaftServerConfigKeys (ConfUtils.java:logGet(44)) - raft.server.log.appender.install.snapshot.enabled = false (custom)
2021-01-13 14:10:10,008 [ecce6ce4-ded5-4171-a4f3-4bb4b5b9b0b9@group-88BE978D30F7-LeaderElection11] INFO  metrics.RatisMetrics (RatisMetrics.java:lambda$create$0(36)) - Creating Metrics Registry : ratis_grpc.log_appender.ecce6ce4-ded5-4171-a4f3-4bb4b5b9b0b9@group-88BE978D30F7
2021-01-13 14:10:10,009 [ecce6ce4-ded5-4171-a4f3-4bb4b5b9b0b9@group-88BE978D30F7-LeaderElection11] INFO  server.RaftServerConfigKeys (ConfUtils.java:logGet(44)) - raft.server.log.appender.snapshot.chunk.size.max = 16MB (=16777216) (default)
2021-01-13 14:10:10,009 [ecce6ce4-ded5-4171-a4f3-4bb4b5b9b0b9@group-88BE978D30F7-LeaderElection11] INFO  server.RaftServerConfigKeys (ConfUtils.java:logGet(44)) - raft.server.log.appender.buffer.byte-limit = 33554432 (custom)
2021-01-13 14:10:10,009 [ecce6ce4-ded5-4171-a4f3-4bb4b5b9b0b9@group-88BE978D30F7-LeaderElection11] INFO  server.RaftServerConfigKeys (ConfUtils.java:logGet(44)) - raft.server.log.appender.buffer.element-limit = 1 (custom)
2021-01-13 14:10:10,009 [ecce6ce4-ded5-4171-a4f3-4bb4b5b9b0b9@group-88BE978D30F7-LeaderElection11] INFO  grpc.GrpcConfigKeys (ConfUtils.java:logGet(44)) - raft.grpc.server.leader.outstanding.appends.max = 128 (default)
2021-01-13 14:10:10,009 [ecce6ce4-ded5-4171-a4f3-4bb4b5b9b0b9@group-88BE978D30F7-LeaderElection11] INFO  server.RaftServerConfigKeys (ConfUtils.java:logGet(44)) - raft.server.rpc.request.timeout = 60s (custom)
2021-01-13 14:10:10,009 [ecce6ce4-ded5-4171-a4f3-4bb4b5b9b0b9@group-88BE978D30F7-LeaderElection11] INFO  server.RaftServerConfigKeys (ConfUtils.java:logGet(44)) - raft.server.log.appender.install.snapshot.enabled = false (custom)
2021-01-13 14:10:10,011 [ecce6ce4-ded5-4171-a4f3-4bb4b5b9b0b9@group-88BE978D30F7-LeaderElection11] INFO  impl.RoleInfo (RoleInfo.java:updateAndGet(130)) - ecce6ce4-ded5-4171-a4f3-4bb4b5b9b0b9: start ecce6ce4-ded5-4171-a4f3-4bb4b5b9b0b9@group-88BE978D30F7-LeaderStateImpl
2021-01-13 14:10:10,012 [ecce6ce4-ded5-4171-a4f3-4bb4b5b9b0b9@group-88BE978D30F7-LeaderElection11] INFO  segmented.SegmentedRaftLogWorker (SegmentedRaftLogWorker.java:startLogSegment(392)) - ecce6ce4-ded5-4171-a4f3-4bb4b5b9b0b9@group-88BE978D30F7-SegmentedRaftLogWorker: Starting segment from index:0
2021-01-13 14:10:10,016 [grpc-default-executor-1] INFO  server.RaftServer$Division (RaftServerImpl.java:requestPreVote(1060)) - 88355522-ea7b-442e-ab24-a07389f97d94@group-88BE978D30F7: receive preVote(55d81cbb-fb85-4082-808b-6966013a4e6d, group-88BE978D30F7, 0, (t:0, i:0))
2021-01-13 14:10:10,017 [grpc-default-executor-1] INFO  server.RaftServer$Division (RaftServerImpl.java:requestPreVote(1081)) - 88355522-ea7b-442e-ab24-a07389f97d94@group-88BE978D30F7 role: FOLLOWER allow pre-vote from:55d81cbb-fb85-4082-808b-6966013a4e6d
2021-01-13 14:10:10,017 [grpc-default-executor-1] INFO  server.RaftServer$Division (RaftServerImpl.java:requestPreVote(1099)) - 88355522-ea7b-442e-ab24-a07389f97d94@group-88BE978D30F7 replies to pre-vote request: 55d81cbb-fb85-4082-808b-6966013a4e6d<-88355522-ea7b-442e-ab24-a07389f97d94#0:OK-t1. Peer's state: 88355522-ea7b-442e-ab24-a07389f97d94@group-88BE978D30F7:t1, leader=null, voted=ecce6ce4-ded5-4171-a4f3-4bb4b5b9b0b9, raftlog=88355522-ea7b-442e-ab24-a07389f97d94@group-88BE978D30F7-SegmentedRaftLog:OPENED:c-1,f-1,i0, conf=-1: [88355522-ea7b-442e-ab24-a07389f97d94|rpc:172.17.0.2:34069|dataStream:|priority:0, 55d81cbb-fb85-4082-808b-6966013a4e6d|rpc:172.17.0.2:36461|dataStream:|priority:0, ecce6ce4-ded5-4171-a4f3-4bb4b5b9b0b9|rpc:172.17.0.2:41353|dataStream:|priority:1], old=null
2021-01-13 14:10:10,019 [Thread-291] INFO  impl.FollowerState (FollowerState.java:run(133)) - 88355522-ea7b-442e-ab24-a07389f97d94@group-851D516367DC-FollowerState: change to CANDIDATE, lastRpcElapsedTime:5036530580ns, electionTimeout:5030ms
2021-01-13 14:10:10,019 [Thread-291] INFO  impl.RoleInfo (RoleInfo.java:shutdownFollowerState(108)) - 88355522-ea7b-442e-ab24-a07389f97d94: shutdown 88355522-ea7b-442e-ab24-a07389f97d94@group-851D516367DC-FollowerState
2021-01-13 14:10:10,019 [Thread-291] INFO  server.RaftServer$Division (RaftServerImpl.java:setRole(283)) - 88355522-ea7b-442e-ab24-a07389f97d94@group-851D516367DC: changes role from  FOLLOWER to CANDIDATE at term 0 for changeToCandidate
2021-01-13 14:10:10,019 [Thread-291] INFO  impl.RoleInfo (RoleInfo.java:updateAndGet(130)) - 88355522-ea7b-442e-ab24-a07389f97d94: start 88355522-ea7b-442e-ab24-a07389f97d94@group-851D516367DC-LeaderElection13
2021-01-13 14:10:10,019 [EventQueue-PipelineReportForPipelineReportHandler] INFO  pipeline.PipelineStateManager (PipelineStateManager.java:openPipeline(132)) - Pipeline Pipeline[ Id: 828aff4f-d459-43a2-8e02-88be978d30f7, Nodes: 88355522-ea7b-442e-ab24-a07389f97d94{ip: 172.17.0.2, host: 2a0ae80d829d, networkLocation: /default-rack, certSerialId: null, persistedOpState: IN_SERVICE, persistedOpStateExpiryEpochSec: 0}ecce6ce4-ded5-4171-a4f3-4bb4b5b9b0b9{ip: 172.17.0.2, host: 2a0ae80d829d, networkLocation: /default-rack, certSerialId: null, persistedOpState: IN_SERVICE, persistedOpStateExpiryEpochSec: 0}55d81cbb-fb85-4082-808b-6966013a4e6d{ip: 172.17.0.2, host: 2a0ae80d829d, networkLocation: /default-rack, certSerialId: null, persistedOpState: IN_SERVICE, persistedOpStateExpiryEpochSec: 0}, Type:RATIS, Factor:THREE, State:ALLOCATED, leaderId:ecce6ce4-ded5-4171-a4f3-4bb4b5b9b0b9, CreationTimestamp2021-01-13T14:10:01.892Z] moved to OPEN state
2021-01-13 14:10:10,052 [grpc-default-executor-1] INFO  server.RaftServer$Division (RaftServerImpl.java:requestPreVote(1060)) - ecce6ce4-ded5-4171-a4f3-4bb4b5b9b0b9@group-88BE978D30F7: receive preVote(55d81cbb-fb85-4082-808b-6966013a4e6d, group-88BE978D30F7, 0, (t:0, i:0))
2021-01-13 14:10:10,052 [88355522-ea7b-442e-ab24-a07389f97d94@group-851D516367DC-LeaderElection13] INFO  impl.LeaderElection (LeaderElection.java:askForPreVotes(259)) - 88355522-ea7b-442e-ab24-a07389f97d94@group-851D516367DC-LeaderElection13: begin a pre-vote at term 0 for -1: [88355522-ea7b-442e-ab24-a07389f97d94|rpc:172.17.0.2:34069|priority:1], old=null
2021-01-13 14:10:10,056 [88355522-ea7b-442e-ab24-a07389f97d94@group-851D516367DC-LeaderElection13] INFO  impl.LeaderElection (LeaderElection.java:askForPreVotes(261)) - 88355522-ea7b-442e-ab24-a07389f97d94@group-851D516367DC-LeaderElection13 pre-vote result is PASSED.
2021-01-13 14:10:10,056 [grpc-default-executor-4] INFO  ratis.XceiverServerRatis (XceiverServerRatis.java:handleLeaderChangedNotification(868)) - Leader change notification received for group: group-88BE978D30F7 with new leaderId: ecce6ce4-ded5-4171-a4f3-4bb4b5b9b0b9
2021-01-13 14:10:10,056 [grpc-default-executor-4] INFO  server.RaftServer$Division (ServerState.java:setLeader(249)) - 88355522-ea7b-442e-ab24-a07389f97d94@group-88BE978D30F7: change Leader from null to ecce6ce4-ded5-4171-a4f3-4bb4b5b9b0b9 at term 1 for appendEntries, leader elected after 5110ms
2021-01-13 14:10:10,052 [grpc-default-executor-3] INFO  server.RaftServer$Division (RaftServerImpl.java:requestVote(1137)) -  FOLLOWER 55d81cbb-fb85-4082-808b-6966013a4e6d@group-88BE978D30F7:t1, leader=null, voted=null, raftlog=55d81cbb-fb85-4082-808b-6966013a4e6d@group-88BE978D30F7-SegmentedRaftLog:OPENED:c-1,f-1,i0, conf=-1: [88355522-ea7b-442e-ab24-a07389f97d94|rpc:172.17.0.2:34069|priority:0, 55d81cbb-fb85-4082-808b-6966013a4e6d|rpc:172.17.0.2:36461|priority:0, ecce6ce4-ded5-4171-a4f3-4bb4b5b9b0b9|rpc:172.17.0.2:41353|priority:1], old=null RUNNING priority:0 candidate:ecce6ce4-ded5-4171-a4f3-4bb4b5b9b0b9|rpc:172.17.0.2:41353|priority:1 candidatePriority:1 compare:0
2021-01-13 14:10:10,057 [88355522-ea7b-442e-ab24-a07389f97d94@group-851D516367DC-LeaderElection13] INFO  impl.LeaderElection (LeaderElection.java:askForVotes(308)) - 88355522-ea7b-442e-ab24-a07389f97d94@group-851D516367DC-LeaderElection13: begin an election at term 1 for -1: [88355522-ea7b-442e-ab24-a07389f97d94|rpc:172.17.0.2:34069|priority:1], old=null
2021-01-13 14:10:10,057 [88355522-ea7b-442e-ab24-a07389f97d94@group-851D516367DC-LeaderElection13] INFO  impl.RoleInfo (RoleInfo.java:shutdownLeaderElection(121)) - 88355522-ea7b-442e-ab24-a07389f97d94: shutdown 88355522-ea7b-442e-ab24-a07389f97d94@group-851D516367DC-LeaderElection13
2021-01-13 14:10:10,058 [88355522-ea7b-442e-ab24-a07389f97d94@group-851D516367DC-LeaderElection13] INFO  server.RaftServer$Division (RaftServerImpl.java:setRole(283)) - 88355522-ea7b-442e-ab24-a07389f97d94@group-851D516367DC: changes role from CANDIDATE to LEADER at term 1 for changeToLeader
2021-01-13 14:10:10,058 [88355522-ea7b-442e-ab24-a07389f97d94@group-851D516367DC-LeaderElection13] INFO  ratis.XceiverServerRatis (XceiverServerRatis.java:handleLeaderChangedNotification(868)) - Leader change notification received for group: group-851D516367DC with new leaderId: 88355522-ea7b-442e-ab24-a07389f97d94
2021-01-13 14:10:10,058 [88355522-ea7b-442e-ab24-a07389f97d94@group-851D516367DC-LeaderElection13] INFO  server.RaftServer$Division (ServerState.java:setLeader(249)) - 88355522-ea7b-442e-ab24-a07389f97d94@group-851D516367DC: change Leader from null to 88355522-ea7b-442e-ab24-a07389f97d94 at term 1 for becomeLeader, leader elected after 5162ms
2021-01-13 14:10:10,058 [88355522-ea7b-442e-ab24-a07389f97d94@group-851D516367DC-LeaderElection13] INFO  server.RaftServerConfigKeys (ConfUtils.java:logGet(44)) - raft.server.staging.catchup.gap = 1000 (default)
2021-01-13 14:10:10,058 [88355522-ea7b-442e-ab24-a07389f97d94@group-851D516367DC-LeaderElection13] INFO  metrics.RatisMetrics (RatisMetrics.java:lambda$create$0(36)) - Creating Metrics Registry : ratis.log_appender.88355522-ea7b-442e-ab24-a07389f97d94@group-851D516367DC
2021-01-13 14:10:10,058 [88355522-ea7b-442e-ab24-a07389f97d94@group-851D516367DC-LeaderElection13] INFO  server.RaftServerConfigKeys (ConfUtils.java:logGet(44)) - raft.server.write.element-limit = 1024 (custom)
2021-01-13 14:10:10,039 [ecce6ce4-ded5-4171-a4f3-4bb4b5b9b0b9@group-88BE978D30F7-SegmentedRaftLogWorker] INFO  segmented.SegmentedRaftLogWorker (SegmentedRaftLogWorker.java:execute(599)) - ecce6ce4-ded5-4171-a4f3-4bb4b5b9b0b9@group-88BE978D30F7-SegmentedRaftLogWorker: created new log segment /github/workspace/mnt/ozone/hadoop-ozone/integration-test/target/test-dir/MiniOzoneClusterImpl-9fde871d-63de-45ae-a394-6b80eb19d1dd/datanode-1/data/ratis/828aff4f-d459-43a2-8e02-88be978d30f7/current/log_inprogress_0
2021-01-13 14:10:10,023 [grpc-default-executor-0] WARN  server.GrpcLogAppender (LogUtils.java:warn(122)) - omNode-2@group-523986131536->omNode-3-AppendLogResponseHandler: Failed appendEntries: org.apache.ratis.thirdparty.io.grpc.StatusRuntimeException: UNAVAILABLE: io exception
2021-01-13 14:10:10,063 [grpc-default-executor-0] WARN  server.GrpcLogAppender (GrpcLogAppender.java:resetClient(111)) - omNode-2@group-523986131536->omNode-3-GrpcLogAppender: Leader has not got in touch with Follower omNode-2@group-523986131536->omNode-3(c-1,m0,n1, attendVote=true, lastRpcSendTime=40, lastRpcResponseTime=13466) yet, just keep nextIndex unchanged and retry.
2021-01-13 14:10:10,058 [88355522-ea7b-442e-ab24-a07389f97d94@group-851D516367DC-LeaderElection13] INFO  server.RaftServerConfigKeys (ConfUtils.java:logGet(44)) - raft.server.write.byte-limit = 1073741824 (custom)
2021-01-13 14:10:10,064 [88355522-ea7b-442e-ab24-a07389f97d94@group-851D516367DC-LeaderElection13] INFO  server.RaftServerConfigKeys (ConfUtils.java:logGet(44)) - raft.server.watch.timeout = 180s (custom)
2021-01-13 14:10:10,064 [88355522-ea7b-442e-ab24-a07389f97d94@group-851D516367DC-LeaderElection13] INFO  server.RaftServerConfigKeys (ConfUtils.java:logGet(44)) - raft.server.watch.timeout.denomination = 1s (default)
2021-01-13 14:10:10,064 [88355522-ea7b-442e-ab24-a07389f97d94@group-851D516367DC-LeaderElection13] INFO  server.RaftServerConfigKeys (ConfUtils.java:logGet(44)) - raft.server.watch.element-limit = 65536 (default)
2021-01-13 14:10:10,064 [88355522-ea7b-442e-ab24-a07389f97d94@group-851D516367DC-LeaderElection13] INFO  impl.RoleInfo (RoleInfo.java:updateAndGet(130)) - 88355522-ea7b-442e-ab24-a07389f97d94: start 88355522-ea7b-442e-ab24-a07389f97d94@group-851D516367DC-LeaderStateImpl
2021-01-13 14:10:10,064 [88355522-ea7b-442e-ab24-a07389f97d94@group-851D516367DC-LeaderElection13] INFO  segmented.SegmentedRaftLogWorker (SegmentedRaftLogWorker.java:startLogSegment(392)) - 88355522-ea7b-442e-ab24-a07389f97d94@group-851D516367DC-SegmentedRaftLogWorker: Starting segment from index:0
2021-01-13 14:10:10,052 [ecce6ce4-ded5-4171-a4f3-4bb4b5b9b0b9@group-88BE978D30F7-LeaderElection11] INFO  server.RaftServer$Division (ServerState.java:setRaftConf(368)) - ecce6ce4-ded5-4171-a4f3-4bb4b5b9b0b9@group-88BE978D30F7: set configuration 0: [88355522-ea7b-442e-ab24-a07389f97d94|rpc:172.17.0.2:34069|dataStream:|priority:0, 55d81cbb-fb85-4082-808b-6966013a4e6d|rpc:172.17.0.2:36461|dataStream:|priority:0, ecce6ce4-ded5-4171-a4f3-4bb4b5b9b0b9|rpc:172.17.0.2:41353|dataStream:|priority:1], old=null
2021-01-13 14:10:10,065 [grpc-default-executor-1] INFO  server.RaftServer$Division (RaftServerImpl.java:requestPreVote(1099)) - ecce6ce4-ded5-4171-a4f3-4bb4b5b9b0b9@group-88BE978D30F7 replies to pre-vote request: 55d81cbb-fb85-4082-808b-6966013a4e6d<-ecce6ce4-ded5-4171-a4f3-4bb4b5b9b0b9#0:FAIL-t1. Peer's state: ecce6ce4-ded5-4171-a4f3-4bb4b5b9b0b9@group-88BE978D30F7:t1, leader=ecce6ce4-ded5-4171-a4f3-4bb4b5b9b0b9, voted=ecce6ce4-ded5-4171-a4f3-4bb4b5b9b0b9, raftlog=ecce6ce4-ded5-4171-a4f3-4bb4b5b9b0b9@group-88BE978D30F7-SegmentedRaftLog:OPENED:c-1,f0,i0, conf=0: [88355522-ea7b-442e-ab24-a07389f97d94|rpc:172.17.0.2:34069|dataStream:|priority:0, 55d81cbb-fb85-4082-808b-6966013a4e6d|rpc:172.17.0.2:36461|dataStream:|priority:0, ecce6ce4-ded5-4171-a4f3-4bb4b5b9b0b9|rpc:172.17.0.2:41353|dataStream:|priority:1], old=null
2021-01-13 14:10:10,073 [88355522-ea7b-442e-ab24-a07389f97d94@group-851D516367DC-LeaderElection13] INFO  server.RaftServer$Division (ServerState.java:setRaftConf(368)) - 88355522-ea7b-442e-ab24-a07389f97d94@group-851D516367DC: set configuration 0: [88355522-ea7b-442e-ab24-a07389f97d94|rpc:172.17.0.2:34069|dataStream:|priority:1], old=null
2021-01-13 14:10:10,075 [88355522-ea7b-442e-ab24-a07389f97d94@group-851D516367DC-SegmentedRaftLogWorker] INFO  segmented.SegmentedRaftLogWorker (SegmentedRaftLogWorker.java:execute(599)) - 88355522-ea7b-442e-ab24-a07389f97d94@group-851D516367DC-SegmentedRaftLogWorker: created new log segment /github/workspace/mnt/ozone/hadoop-ozone/integration-test/target/test-dir/MiniOzoneClusterImpl-9fde871d-63de-45ae-a394-6b80eb19d1dd/datanode-2/data/ratis/514aee39-0aee-42f7-8bc2-851d516367dc/current/log_inprogress_0
2021-01-13 14:10:10,077 [grpc-default-executor-5] INFO  ratis.XceiverServerRatis (XceiverServerRatis.java:handleLeaderChangedNotification(868)) - Leader change notification received for group: group-88BE978D30F7 with new leaderId: ecce6ce4-ded5-4171-a4f3-4bb4b5b9b0b9
2021-01-13 14:10:10,091 [grpc-default-executor-5] INFO  server.RaftServer$Division (ServerState.java:setLeader(249)) - 55d81cbb-fb85-4082-808b-6966013a4e6d@group-88BE978D30F7: change Leader from null to ecce6ce4-ded5-4171-a4f3-4bb4b5b9b0b9 at term 1 for appendEntries, leader elected after 5255ms
2021-01-13 14:10:10,091 [grpc-default-executor-3] INFO  server.RaftServer$Division (ServerState.java:setRaftConf(368)) - 88355522-ea7b-442e-ab24-a07389f97d94@group-88BE978D30F7: set configuration 0: [88355522-ea7b-442e-ab24-a07389f97d94|rpc:172.17.0.2:34069|dataStream:|priority:0, 55d81cbb-fb85-4082-808b-6966013a4e6d|rpc:172.17.0.2:36461|dataStream:|priority:0, ecce6ce4-ded5-4171-a4f3-4bb4b5b9b0b9|rpc:172.17.0.2:41353|dataStream:|priority:1], old=null
2021-01-13 14:10:10,092 [grpc-default-executor-3] INFO  segmented.SegmentedRaftLogWorker (SegmentedRaftLogWorker.java:startLogSegment(392)) - 88355522-ea7b-442e-ab24-a07389f97d94@group-88BE978D30F7-SegmentedRaftLogWorker: Starting segment from index:0
2021-01-13 14:10:10,102 [88355522-ea7b-442e-ab24-a07389f97d94@group-88BE978D30F7-SegmentedRaftLogWorker] INFO  segmented.SegmentedRaftLogWorker (SegmentedRaftLogWorker.java:execute(599)) - 88355522-ea7b-442e-ab24-a07389f97d94@group-88BE978D30F7-SegmentedRaftLogWorker: created new log segment /github/workspace/mnt/ozone/hadoop-ozone/integration-test/target/test-dir/MiniOzoneClusterImpl-9fde871d-63de-45ae-a394-6b80eb19d1dd/datanode-2/data/ratis/828aff4f-d459-43a2-8e02-88be978d30f7/current/log_inprogress_0
2021-01-13 14:10:10,106 [grpc-default-executor-5] INFO  server.RaftServer$Division (ServerState.java:setRaftConf(368)) - 55d81cbb-fb85-4082-808b-6966013a4e6d@group-88BE978D30F7: set configuration 0: [88355522-ea7b-442e-ab24-a07389f97d94|rpc:172.17.0.2:34069|dataStream:|priority:0, 55d81cbb-fb85-4082-808b-6966013a4e6d|rpc:172.17.0.2:36461|dataStream:|priority:0, ecce6ce4-ded5-4171-a4f3-4bb4b5b9b0b9|rpc:172.17.0.2:41353|dataStream:|priority:1], old=null
2021-01-13 14:10:10,106 [grpc-default-executor-5] INFO  segmented.SegmentedRaftLogWorker (SegmentedRaftLogWorker.java:startLogSegment(392)) - 55d81cbb-fb85-4082-808b-6966013a4e6d@group-88BE978D30F7-SegmentedRaftLogWorker: Starting segment from index:0
2021-01-13 14:10:10,113 [55d81cbb-fb85-4082-808b-6966013a4e6d@group-88BE978D30F7-SegmentedRaftLogWorker] INFO  segmented.SegmentedRaftLogWorker (SegmentedRaftLogWorker.java:execute(599)) - 55d81cbb-fb85-4082-808b-6966013a4e6d@group-88BE978D30F7-SegmentedRaftLogWorker: created new log segment /github/workspace/mnt/ozone/hadoop-ozone/integration-test/target/test-dir/MiniOzoneClusterImpl-9fde871d-63de-45ae-a394-6b80eb19d1dd/datanode-0/data/ratis/828aff4f-d459-43a2-8e02-88be978d30f7/current/log_inprogress_0
2021-01-13 14:10:10,361 [IPC Server handler 0 on default port 10216] INFO  ipc.Server (Server.java:logException(2976)) - IPC Server handler 0 on default port 10216, call Call#41 Retry#0 org.apache.hadoop.ozone.om.protocol.OzoneManagerProtocol.submitRequest from 127.0.0.1:36226
org.apache.hadoop.ozone.om.exceptions.OMNotLeaderException: OM:omNode-1 is not the leader. Could not determine the leader node.
	at org.apache.hadoop.ozone.protocolPB.OzoneManagerProtocolServerSideTranslatorPB.createNotLeaderException(OzoneManagerProtocolServerSideTranslatorPB.java:202)
	at org.apache.hadoop.ozone.protocolPB.OzoneManagerProtocolServerSideTranslatorPB.createLeaderErrorException(OzoneManagerProtocolServerSideTranslatorPB.java:215)
	at org.apache.hadoop.ozone.protocolPB.OzoneManagerProtocolServerSideTranslatorPB.submitReadRequestToOM(OzoneManagerProtocolServerSideTranslatorPB.java:192)
	at org.apache.hadoop.ozone.protocolPB.OzoneManagerProtocolServerSideTranslatorPB.processRequest(OzoneManagerProtocolServerSideTranslatorPB.java:132)
	at org.apache.hadoop.hdds.server.OzoneProtocolMessageDispatcher.processRequest(OzoneProtocolMessageDispatcher.java:87)
	at org.apache.hadoop.ozone.protocolPB.OzoneManagerProtocolServerSideTranslatorPB.submitRequest(OzoneManagerProtocolServerSideTranslatorPB.java:122)
	at org.apache.hadoop.ozone.protocol.proto.OzoneManagerProtocolProtos$OzoneManagerService$2.callBlockingMethod(OzoneManagerProtocolProtos.java)
	at org.apache.hadoop.ipc.ProtobufRpcEngine$Server$ProtoBufRpcInvoker.call(ProtobufRpcEngine.java:528)
	at org.apache.hadoop.ipc.RPC$Server.call(RPC.java:1070)
	at org.apache.hadoop.ipc.Server$RpcCall.run(Server.java:999)
	at org.apache.hadoop.ipc.Server$RpcCall.run(Server.java:927)
	at java.security.AccessController.doPrivileged(Native Method)
	at javax.security.auth.Subject.doAs(Subject.java:422)
	at org.apache.hadoop.security.UserGroupInformation.doAs(UserGroupInformation.java:1730)
	at org.apache.hadoop.ipc.Server$Handler.run(Server.java:2915)
2021-01-13 14:10:10,523 [grpc-default-executor-5] WARN  server.GrpcLogAppender (LogUtils.java:warn(122)) - omNode-2@group-523986131536->omNode-3-AppendLogResponseHandler: Failed appendEntries: org.apache.ratis.thirdparty.io.grpc.StatusRuntimeException: UNAVAILABLE: io exception
2021-01-13 14:10:10,524 [grpc-default-executor-5] WARN  server.GrpcLogAppender (GrpcLogAppender.java:resetClient(111)) - omNode-2@group-523986131536->omNode-3-GrpcLogAppender: Leader has not got in touch with Follower omNode-2@group-523986131536->omNode-3(c-1,m0,n1, attendVote=true, lastRpcSendTime=501, lastRpcResponseTime=13926) yet, just keep nextIndex unchanged and retry.
2021-01-13 14:10:10,711 [Listener at 127.0.0.1/10228] INFO  rpc.RpcClient (RpcClient.java:createVolume(273)) - Creating Volume: volume40013, with user98657 as owner.
2021-01-13 14:10:10,807 [grpc-default-executor-5] WARN  server.GrpcLogAppender (LogUtils.java:warn(122)) - omNode-2@group-523986131536->omNode-3-AppendLogResponseHandler: Failed appendEntries: org.apache.ratis.thirdparty.io.grpc.StatusRuntimeException: UNAVAILABLE: io exception
2021-01-13 14:10:10,808 [grpc-default-executor-5] WARN  server.GrpcLogAppender (GrpcLogAppender.java:resetClient(111)) - omNode-2@group-523986131536->omNode-3-GrpcLogAppender: Leader has not got in touch with Follower omNode-2@group-523986131536->omNode-3(c-1,m0,n2, attendVote=true, lastRpcSendTime=0, lastRpcResponseTime=14210) yet, just keep nextIndex unchanged and retry.
2021-01-13 14:10:10,829 [grpc-default-executor-5] WARN  server.GrpcLogAppender (LogUtils.java:warn(122)) - omNode-2@group-523986131536->omNode-3-AppendLogResponseHandler: Failed appendEntries: org.apache.ratis.thirdparty.io.grpc.StatusRuntimeException: UNAVAILABLE: io exception
2021-01-13 14:10:10,830 [grpc-default-executor-5] WARN  server.GrpcLogAppender (GrpcLogAppender.java:resetClient(111)) - omNode-2@group-523986131536->omNode-3-GrpcLogAppender: Leader has not got in touch with Follower omNode-2@group-523986131536->omNode-3(c-1,m0,n3, attendVote=true, lastRpcSendTime=22, lastRpcResponseTime=14232) yet, just keep nextIndex unchanged and retry.
2021-01-13 14:10:10,849 [OM StateMachine ApplyTransaction Thread - 0] INFO  volume.OMVolumeCreateRequest (OMVolumeCreateRequest.java:validateAndUpdateCache(196)) - created volume:volume40013 for user:user98657
2021-01-13 14:10:10,849 [OM StateMachine ApplyTransaction Thread - 0] INFO  volume.OMVolumeCreateRequest (OMVolumeCreateRequest.java:validateAndUpdateCache(196)) - created volume:volume40013 for user:user98657
2021-01-13 14:10:10,890 [Listener at 127.0.0.1/10228] INFO  rpc.RpcClient (RpcClient.java:createBucket(429)) - Creating Bucket: volume40013/bucket67565, with Versioning false and Storage Type set to DISK and Encryption set to false 
2021-01-13 14:10:10,904 [grpc-default-executor-5] WARN  server.GrpcLogAppender (LogUtils.java:warn(122)) - omNode-2@group-523986131536->omNode-3-AppendLogResponseHandler: Failed appendEntries: org.apache.ratis.thirdparty.io.grpc.StatusRuntimeException: UNAVAILABLE: io exception
2021-01-13 14:10:10,905 [grpc-default-executor-5] WARN  server.GrpcLogAppender (GrpcLogAppender.java:resetClient(111)) - omNode-2@group-523986131536->omNode-3-GrpcLogAppender: Leader has not got in touch with Follower omNode-2@group-523986131536->omNode-3(c-1,m0,n4, attendVote=true, lastRpcSendTime=73, lastRpcResponseTime=14307) yet, just keep nextIndex unchanged and retry.
2021-01-13 14:10:10,922 [grpc-default-executor-5] WARN  server.GrpcLogAppender (LogUtils.java:warn(122)) - omNode-2@group-523986131536->omNode-3-AppendLogResponseHandler: Failed appendEntries: org.apache.ratis.thirdparty.io.grpc.StatusRuntimeException: UNAVAILABLE: io exception
2021-01-13 14:10:10,923 [grpc-default-executor-5] WARN  server.GrpcLogAppender (GrpcLogAppender.java:resetClient(111)) - omNode-2@group-523986131536->omNode-3-GrpcLogAppender: Leader has not got in touch with Follower omNode-2@group-523986131536->omNode-3(c-1,m0,n5, attendVote=true, lastRpcSendTime=17, lastRpcResponseTime=14325) yet, just keep nextIndex unchanged and retry.
2021-01-13 14:10:11,026 [IPC Server handler 2 on default port 42189] INFO  pipeline.PipelineStateManager (PipelineStateManager.java:addPipeline(54)) - Created pipeline Pipeline[ Id: 53c03221-7bc1-45c9-9494-dd0bb1d0690b, Nodes: 88355522-ea7b-442e-ab24-a07389f97d94{ip: 172.17.0.2, host: 2a0ae80d829d, networkLocation: /default-rack, certSerialId: null, persistedOpState: IN_SERVICE, persistedOpStateExpiryEpochSec: 0}, Type:STAND_ALONE, Factor:ONE, State:OPEN, leaderId:, CreationTimestamp2021-01-13T14:10:11.026Z]
2021-01-13 14:10:11,090 [grpc-default-executor-5] WARN  server.GrpcLogAppender (LogUtils.java:warn(122)) - omNode-2@group-523986131536->omNode-3-AppendLogResponseHandler: Failed appendEntries: org.apache.ratis.thirdparty.io.grpc.StatusRuntimeException: UNAVAILABLE: io exception
2021-01-13 14:10:11,091 [grpc-default-executor-5] WARN  server.GrpcLogAppender (GrpcLogAppender.java:resetClient(111)) - omNode-2@group-523986131536->omNode-3-GrpcLogAppender: Leader has not got in touch with Follower omNode-2@group-523986131536->omNode-3(c-1,m0,n6, attendVote=true, lastRpcSendTime=0, lastRpcResponseTime=14493) yet, just keep nextIndex unchanged and retry.
2021-01-13 14:10:11,102 [grpc-default-executor-5] WARN  server.GrpcLogAppender (LogUtils.java:warn(122)) - omNode-2@group-523986131536->omNode-3-AppendLogResponseHandler: Failed appendEntries: org.apache.ratis.thirdparty.io.grpc.StatusRuntimeException: UNAVAILABLE: io exception
2021-01-13 14:10:11,103 [grpc-default-executor-5] WARN  server.GrpcLogAppender (GrpcLogAppender.java:resetClient(111)) - omNode-2@group-523986131536->omNode-3-GrpcLogAppender: Leader has not got in touch with Follower omNode-2@group-523986131536->omNode-3(c-1,m0,n7, attendVote=true, lastRpcSendTime=12, lastRpcResponseTime=14505) yet, just keep nextIndex unchanged and retry.
2021-01-13 14:10:11,193 [Listener at 127.0.0.1/10228] INFO  impl.MetricsSystemImpl (MetricsSystemImpl.java:init(158)) - XceiverClientMetrics metrics system started (again)
2021-01-13 14:10:11,605 [grpc-default-executor-5] WARN  server.GrpcLogAppender (LogUtils.java:warn(122)) - omNode-2@group-523986131536->omNode-3-AppendLogResponseHandler: Failed appendEntries: org.apache.ratis.thirdparty.io.grpc.StatusRuntimeException: UNAVAILABLE: io exception
2021-01-13 14:10:11,605 [grpc-default-executor-5] WARN  server.GrpcLogAppender (GrpcLogAppender.java:resetClient(111)) - omNode-2@group-523986131536->omNode-3-GrpcLogAppender: Leader has not got in touch with Follower omNode-2@group-523986131536->omNode-3(c-1,m0,n7, attendVote=true, lastRpcSendTime=0, lastRpcResponseTime=15008) yet, just keep nextIndex unchanged and retry.
2021-01-13 14:10:11,630 [grpc-default-executor-5] WARN  server.GrpcLogAppender (LogUtils.java:warn(122)) - omNode-2@group-523986131536->omNode-3-AppendLogResponseHandler: Failed appendEntries: org.apache.ratis.thirdparty.io.grpc.StatusRuntimeException: UNAVAILABLE: io exception
2021-01-13 14:10:11,631 [grpc-default-executor-5] WARN  server.GrpcLogAppender (GrpcLogAppender.java:resetClient(111)) - omNode-2@group-523986131536->omNode-3-GrpcLogAppender: Leader has not got in touch with Follower omNode-2@group-523986131536->omNode-3(c-1,m0,n8, attendVote=true, lastRpcSendTime=26, lastRpcResponseTime=15033) yet, just keep nextIndex unchanged and retry.
2021-01-13 14:10:11,633 [grpc-default-executor-5] WARN  server.GrpcLogAppender (LogUtils.java:warn(122)) - omNode-2@group-523986131536->omNode-3-AppendLogResponseHandler: Failed appendEntries: org.apache.ratis.thirdparty.io.grpc.StatusRuntimeException: UNAVAILABLE: io exception
2021-01-13 14:10:11,635 [grpc-default-executor-5] WARN  server.GrpcLogAppender (GrpcLogAppender.java:resetClient(111)) - omNode-2@group-523986131536->omNode-3-GrpcLogAppender: Leader has not got in touch with Follower omNode-2@group-523986131536->omNode-3(c-1,m0,n9, attendVote=true, lastRpcSendTime=2, lastRpcResponseTime=15037) yet, just keep nextIndex unchanged and retry.
2021-01-13 14:10:11,745 [grpc-default-executor-5] WARN  server.GrpcLogAppender (LogUtils.java:warn(122)) - omNode-2@group-523986131536->omNode-3-AppendLogResponseHandler: Failed appendEntries: org.apache.ratis.thirdparty.io.grpc.StatusRuntimeException: UNAVAILABLE: io exception
2021-01-13 14:10:11,746 [grpc-default-executor-5] WARN  server.GrpcLogAppender (GrpcLogAppender.java:resetClient(111)) - omNode-2@group-523986131536->omNode-3-GrpcLogAppender: Leader has not got in touch with Follower omNode-2@group-523986131536->omNode-3(c-1,m0,n10, attendVote=true, lastRpcSendTime=108, lastRpcResponseTime=15148) yet, just keep nextIndex unchanged and retry.
2021-01-13 14:10:11,762 [grpc-default-executor-5] WARN  server.GrpcLogAppender (LogUtils.java:warn(122)) - omNode-2@group-523986131536->omNode-3-AppendLogResponseHandler: Failed appendEntries: org.apache.ratis.thirdparty.io.grpc.StatusRuntimeException: UNAVAILABLE: io exception
2021-01-13 14:10:11,763 [grpc-default-executor-5] WARN  server.GrpcLogAppender (GrpcLogAppender.java:resetClient(111)) - omNode-2@group-523986131536->omNode-3-GrpcLogAppender: Leader has not got in touch with Follower omNode-2@group-523986131536->omNode-3(c-1,m0,n11, attendVote=true, lastRpcSendTime=16, lastRpcResponseTime=15165) yet, just keep nextIndex unchanged and retry.
2021-01-13 14:10:11,822 [grpc-default-executor-4] WARN  server.GrpcLogAppender (LogUtils.java:warn(122)) - omNode-2@group-523986131536->omNode-3-AppendLogResponseHandler: Failed appendEntries: org.apache.ratis.thirdparty.io.grpc.StatusRuntimeException: UNAVAILABLE: io exception
2021-01-13 14:10:11,823 [grpc-default-executor-4] WARN  server.GrpcLogAppender (GrpcLogAppender.java:resetClient(111)) - omNode-2@group-523986131536->omNode-3-GrpcLogAppender: Leader has not got in touch with Follower omNode-2@group-523986131536->omNode-3(c-1,m0,n12, attendVote=true, lastRpcSendTime=58, lastRpcResponseTime=15225) yet, just keep nextIndex unchanged and retry.
2021-01-13 14:10:11,830 [grpc-default-executor-4] WARN  server.GrpcLogAppender (LogUtils.java:warn(122)) - omNode-2@group-523986131536->omNode-3-AppendLogResponseHandler: Failed appendEntries: org.apache.ratis.thirdparty.io.grpc.StatusRuntimeException: UNAVAILABLE: io exception
2021-01-13 14:10:11,831 [grpc-default-executor-4] WARN  server.GrpcLogAppender (GrpcLogAppender.java:resetClient(111)) - omNode-2@group-523986131536->omNode-3-GrpcLogAppender: Leader has not got in touch with Follower omNode-2@group-523986131536->omNode-3(c-1,m0,n13, attendVote=true, lastRpcSendTime=7, lastRpcResponseTime=15233) yet, just keep nextIndex unchanged and retry.
2021-01-13 14:10:11,957 [grpc-default-executor-5] WARN  server.GrpcLogAppender (LogUtils.java:warn(122)) - omNode-2@group-523986131536->omNode-3-AppendLogResponseHandler: Failed appendEntries: org.apache.ratis.thirdparty.io.grpc.StatusRuntimeException: UNAVAILABLE: io exception
2021-01-13 14:10:11,957 [grpc-default-executor-5] WARN  server.GrpcLogAppender (GrpcLogAppender.java:resetClient(111)) - omNode-2@group-523986131536->omNode-3-GrpcLogAppender: Leader has not got in touch with Follower omNode-2@group-523986131536->omNode-3(c-1,m0,n14, attendVote=true, lastRpcSendTime=0, lastRpcResponseTime=15360) yet, just keep nextIndex unchanged and retry.
2021-01-13 14:10:11,959 [grpc-default-executor-4] WARN  server.GrpcLogAppender (LogUtils.java:warn(122)) - omNode-2@group-523986131536->omNode-3-AppendLogResponseHandler: Failed appendEntries: org.apache.ratis.thirdparty.io.grpc.StatusRuntimeException: UNAVAILABLE: io exception
2021-01-13 14:10:11,960 [grpc-default-executor-4] WARN  server.GrpcLogAppender (GrpcLogAppender.java:resetClient(111)) - omNode-2@group-523986131536->omNode-3-GrpcLogAppender: Leader has not got in touch with Follower omNode-2@group-523986131536->omNode-3(c-1,m0,n15, attendVote=true, lastRpcSendTime=2, lastRpcResponseTime=15362) yet, just keep nextIndex unchanged and retry.
2021-01-13 14:10:11,981 [grpc-default-executor-4] WARN  server.GrpcLogAppender (LogUtils.java:warn(122)) - omNode-2@group-523986131536->omNode-3-AppendLogResponseHandler: Failed appendEntries: org.apache.ratis.thirdparty.io.grpc.StatusRuntimeException: UNAVAILABLE: io exception
2021-01-13 14:10:11,982 [grpc-default-executor-4] WARN  server.GrpcLogAppender (GrpcLogAppender.java:resetClient(111)) - omNode-2@group-523986131536->omNode-3-GrpcLogAppender: Leader has not got in touch with Follower omNode-2@group-523986131536->omNode-3(c-1,m0,n16, attendVote=true, lastRpcSendTime=21, lastRpcResponseTime=15384) yet, just keep nextIndex unchanged and retry.
2021-01-13 14:10:11,988 [grpc-default-executor-4] WARN  server.GrpcLogAppender (LogUtils.java:warn(122)) - omNode-2@group-523986131536->omNode-3-AppendLogResponseHandler: Failed appendEntries: org.apache.ratis.thirdparty.io.grpc.StatusRuntimeException: UNAVAILABLE: io exception
2021-01-13 14:10:11,989 [grpc-default-executor-4] WARN  server.GrpcLogAppender (GrpcLogAppender.java:resetClient(111)) - omNode-2@group-523986131536->omNode-3-GrpcLogAppender: Leader has not got in touch with Follower omNode-2@group-523986131536->omNode-3(c-1,m0,n17, attendVote=true, lastRpcSendTime=0, lastRpcResponseTime=15391) yet, just keep nextIndex unchanged and retry.
2021-01-13 14:10:12,098 [grpc-default-executor-4] WARN  server.GrpcLogAppender (LogUtils.java:warn(122)) - omNode-2@group-523986131536->omNode-3-AppendLogResponseHandler: Failed appendEntries: org.apache.ratis.thirdparty.io.grpc.StatusRuntimeException: UNAVAILABLE: io exception
2021-01-13 14:10:12,099 [grpc-default-executor-4] WARN  server.GrpcLogAppender (GrpcLogAppender.java:resetClient(111)) - omNode-2@group-523986131536->omNode-3-GrpcLogAppender: Leader has not got in touch with Follower omNode-2@group-523986131536->omNode-3(c-1,m0,n18, attendVote=true, lastRpcSendTime=110, lastRpcResponseTime=15501) yet, just keep nextIndex unchanged and retry.
2021-01-13 14:10:12,105 [grpc-default-executor-5] WARN  server.GrpcLogAppender (LogUtils.java:warn(122)) - omNode-2@group-523986131536->omNode-3-AppendLogResponseHandler: Failed appendEntries: org.apache.ratis.thirdparty.io.grpc.StatusRuntimeException: UNAVAILABLE: io exception
2021-01-13 14:10:12,106 [grpc-default-executor-5] WARN  server.GrpcLogAppender (GrpcLogAppender.java:resetClient(111)) - omNode-2@group-523986131536->omNode-3-GrpcLogAppender: Leader has not got in touch with Follower omNode-2@group-523986131536->omNode-3(c-1,m0,n19, attendVote=true, lastRpcSendTime=1, lastRpcResponseTime=15508) yet, just keep nextIndex unchanged and retry.
2021-01-13 14:10:12,132 [grpc-default-executor-4] WARN  server.GrpcLogAppender (LogUtils.java:warn(122)) - omNode-2@group-523986131536->omNode-3-AppendLogResponseHandler: Failed appendEntries: org.apache.ratis.thirdparty.io.grpc.StatusRuntimeException: UNAVAILABLE: io exception
2021-01-13 14:10:12,133 [grpc-default-executor-4] WARN  server.GrpcLogAppender (GrpcLogAppender.java:resetClient(111)) - omNode-2@group-523986131536->omNode-3-GrpcLogAppender: Leader has not got in touch with Follower omNode-2@group-523986131536->omNode-3(c-1,m0,n20, attendVote=true, lastRpcSendTime=27, lastRpcResponseTime=15535) yet, just keep nextIndex unchanged and retry.
2021-01-13 14:10:12,139 [grpc-default-executor-4] WARN  server.GrpcLogAppender (LogUtils.java:warn(122)) - omNode-2@group-523986131536->omNode-3-AppendLogResponseHandler: Failed appendEntries: org.apache.ratis.thirdparty.io.grpc.StatusRuntimeException: UNAVAILABLE: io exception
2021-01-13 14:10:12,140 [grpc-default-executor-4] WARN  server.GrpcLogAppender (GrpcLogAppender.java:resetClient(111)) - omNode-2@group-523986131536->omNode-3-GrpcLogAppender: Leader has not got in touch with Follower omNode-2@group-523986131536->omNode-3(c-1,m0,n21, attendVote=true, lastRpcSendTime=5, lastRpcResponseTime=15542) yet, just keep nextIndex unchanged and retry.
2021-01-13 14:10:12,248 [grpc-default-executor-4] WARN  server.GrpcLogAppender (LogUtils.java:warn(122)) - omNode-2@group-523986131536->omNode-3-AppendLogResponseHandler: Failed appendEntries: org.apache.ratis.thirdparty.io.grpc.StatusRuntimeException: UNAVAILABLE: io exception
2021-01-13 14:10:12,248 [grpc-default-executor-4] WARN  server.GrpcLogAppender (GrpcLogAppender.java:resetClient(111)) - omNode-2@group-523986131536->omNode-3-GrpcLogAppender: Leader has not got in touch with Follower omNode-2@group-523986131536->omNode-3(c-1,m0,n22, attendVote=true, lastRpcSendTime=0, lastRpcResponseTime=15651) yet, just keep nextIndex unchanged and retry.
2021-01-13 14:10:12,260 [grpc-default-executor-4] WARN  server.GrpcLogAppender (LogUtils.java:warn(122)) - omNode-2@group-523986131536->omNode-3-AppendLogResponseHandler: Failed appendEntries: org.apache.ratis.thirdparty.io.grpc.StatusRuntimeException: UNAVAILABLE: io exception
2021-01-13 14:10:12,261 [grpc-default-executor-4] WARN  server.GrpcLogAppender (GrpcLogAppender.java:resetClient(111)) - omNode-2@group-523986131536->omNode-3-GrpcLogAppender: Leader has not got in touch with Follower omNode-2@group-523986131536->omNode-3(c-1,m0,n23, attendVote=true, lastRpcSendTime=13, lastRpcResponseTime=15663) yet, just keep nextIndex unchanged and retry.
2021-01-13 14:10:12,300 [grpc-default-executor-5] WARN  server.GrpcLogAppender (LogUtils.java:warn(122)) - omNode-2@group-523986131536->omNode-3-AppendLogResponseHandler: Failed appendEntries: org.apache.ratis.thirdparty.io.grpc.StatusRuntimeException: UNAVAILABLE: io exception
2021-01-13 14:10:12,300 [grpc-default-executor-5] WARN  server.GrpcLogAppender (GrpcLogAppender.java:resetClient(111)) - omNode-2@group-523986131536->omNode-3-GrpcLogAppender: Leader has not got in touch with Follower omNode-2@group-523986131536->omNode-3(c-1,m0,n24, attendVote=true, lastRpcSendTime=0, lastRpcResponseTime=15703) yet, just keep nextIndex unchanged and retry.
2021-01-13 14:10:12,308 [grpc-default-executor-4] WARN  server.GrpcLogAppender (LogUtils.java:warn(122)) - omNode-2@group-523986131536->omNode-3-AppendLogResponseHandler: Failed appendEntries: org.apache.ratis.thirdparty.io.grpc.StatusRuntimeException: UNAVAILABLE: io exception
2021-01-13 14:10:12,309 [grpc-default-executor-4] WARN  server.GrpcLogAppender (GrpcLogAppender.java:resetClient(111)) - omNode-2@group-523986131536->omNode-3-GrpcLogAppender: Leader has not got in touch with Follower omNode-2@group-523986131536->omNode-3(c-1,m0,n25, attendVote=true, lastRpcSendTime=0, lastRpcResponseTime=15711) yet, just keep nextIndex unchanged and retry.
2021-01-13 14:10:12,412 [grpc-default-executor-4] WARN  server.GrpcLogAppender (LogUtils.java:warn(122)) - omNode-2@group-523986131536->omNode-3-AppendLogResponseHandler: Failed appendEntries: org.apache.ratis.thirdparty.io.grpc.StatusRuntimeException: UNAVAILABLE: io exception
2021-01-13 14:10:12,413 [grpc-default-executor-4] WARN  server.GrpcLogAppender (GrpcLogAppender.java:resetClient(111)) - omNode-2@group-523986131536->omNode-3-GrpcLogAppender: Leader has not got in touch with Follower omNode-2@group-523986131536->omNode-3(c-1,m0,n26, attendVote=true, lastRpcSendTime=0, lastRpcResponseTime=15815) yet, just keep nextIndex unchanged and retry.
2021-01-13 14:10:12,417 [grpc-default-executor-5] WARN  server.GrpcLogAppender (LogUtils.java:warn(122)) - omNode-2@group-523986131536->omNode-3-AppendLogResponseHandler: Failed appendEntries: org.apache.ratis.thirdparty.io.grpc.StatusRuntimeException: UNAVAILABLE: io exception
2021-01-13 14:10:12,418 [grpc-default-executor-5] WARN  server.GrpcLogAppender (GrpcLogAppender.java:resetClient(111)) - omNode-2@group-523986131536->omNode-3-GrpcLogAppender: Leader has not got in touch with Follower omNode-2@group-523986131536->omNode-3(c-1,m0,n27, attendVote=true, lastRpcSendTime=5, lastRpcResponseTime=15820) yet, just keep nextIndex unchanged and retry.
2021-01-13 14:10:12,442 [grpc-default-executor-4] WARN  server.GrpcLogAppender (LogUtils.java:warn(122)) - omNode-2@group-523986131536->omNode-3-AppendLogResponseHandler: Failed appendEntries: org.apache.ratis.thirdparty.io.grpc.StatusRuntimeException: UNAVAILABLE: io exception
2021-01-13 14:10:12,444 [grpc-default-executor-4] WARN  server.GrpcLogAppender (GrpcLogAppender.java:resetClient(111)) - omNode-2@group-523986131536->omNode-3-GrpcLogAppender: Leader has not got in touch with Follower omNode-2@group-523986131536->omNode-3(c-1,m0,n28, attendVote=true, lastRpcSendTime=25, lastRpcResponseTime=15846) yet, just keep nextIndex unchanged and retry.
2021-01-13 14:10:12,448 [grpc-default-executor-4] WARN  server.GrpcLogAppender (LogUtils.java:warn(122)) - omNode-2@group-523986131536->omNode-3-AppendLogResponseHandler: Failed appendEntries: org.apache.ratis.thirdparty.io.grpc.StatusRuntimeException: UNAVAILABLE: io exception
2021-01-13 14:10:12,448 [grpc-default-executor-4] WARN  server.GrpcLogAppender (GrpcLogAppender.java:resetClient(111)) - omNode-2@group-523986131536->omNode-3-GrpcLogAppender: Leader has not got in touch with Follower omNode-2@group-523986131536->omNode-3(c-1,m0,n29, attendVote=true, lastRpcSendTime=4, lastRpcResponseTime=15851) yet, just keep nextIndex unchanged and retry.
2021-01-13 14:10:12,556 [grpc-default-executor-4] WARN  server.GrpcLogAppender (LogUtils.java:warn(122)) - omNode-2@group-523986131536->omNode-3-AppendLogResponseHandler: Failed appendEntries: org.apache.ratis.thirdparty.io.grpc.StatusRuntimeException: UNAVAILABLE: io exception
2021-01-13 14:10:12,557 [grpc-default-executor-4] WARN  server.GrpcLogAppender (GrpcLogAppender.java:resetClient(111)) - omNode-2@group-523986131536->omNode-3-GrpcLogAppender: Leader has not got in touch with Follower omNode-2@group-523986131536->omNode-3(c-1,m0,n30, attendVote=true, lastRpcSendTime=107, lastRpcResponseTime=15959) yet, just keep nextIndex unchanged and retry.
2021-01-13 14:10:12,564 [grpc-default-executor-5] WARN  server.GrpcLogAppender (LogUtils.java:warn(122)) - omNode-2@group-523986131536->omNode-3-AppendLogResponseHandler: Failed appendEntries: org.apache.ratis.thirdparty.io.grpc.StatusRuntimeException: UNAVAILABLE: io exception
2021-01-13 14:10:12,564 [grpc-default-executor-5] WARN  server.GrpcLogAppender (GrpcLogAppender.java:resetClient(111)) - omNode-2@group-523986131536->omNode-3-GrpcLogAppender: Leader has not got in touch with Follower omNode-2@group-523986131536->omNode-3(c-1,m0,n31, attendVote=true, lastRpcSendTime=2, lastRpcResponseTime=15966) yet, just keep nextIndex unchanged and retry.
2021-01-13 14:10:12,588 [grpc-default-executor-4] WARN  server.GrpcLogAppender (LogUtils.java:warn(122)) - omNode-2@group-523986131536->omNode-3-AppendLogResponseHandler: Failed appendEntries: org.apache.ratis.thirdparty.io.grpc.StatusRuntimeException: UNAVAILABLE: io exception
2021-01-13 14:10:12,589 [grpc-default-executor-4] WARN  server.GrpcLogAppender (GrpcLogAppender.java:resetClient(111)) - omNode-2@group-523986131536->omNode-3-GrpcLogAppender: Leader has not got in touch with Follower omNode-2@group-523986131536->omNode-3(c-1,m0,n32, attendVote=true, lastRpcSendTime=0, lastRpcResponseTime=15991) yet, just keep nextIndex unchanged and retry.
2021-01-13 14:10:12,593 [grpc-default-executor-4] WARN  server.GrpcLogAppender (LogUtils.java:warn(122)) - omNode-2@group-523986131536->omNode-3-AppendLogResponseHandler: Failed appendEntries: org.apache.ratis.thirdparty.io.grpc.StatusRuntimeException: UNAVAILABLE: io exception
2021-01-13 14:10:12,593 [grpc-default-executor-4] WARN  server.GrpcLogAppender (GrpcLogAppender.java:resetClient(111)) - omNode-2@group-523986131536->omNode-3-GrpcLogAppender: Leader has not got in touch with Follower omNode-2@group-523986131536->omNode-3(c-1,m0,n33, attendVote=true, lastRpcSendTime=1, lastRpcResponseTime=15995) yet, just keep nextIndex unchanged and retry.
2021-01-13 14:10:12,705 [grpc-default-executor-4] WARN  server.GrpcLogAppender (LogUtils.java:warn(122)) - omNode-2@group-523986131536->omNode-3-AppendLogResponseHandler: Failed appendEntries: org.apache.ratis.thirdparty.io.grpc.StatusRuntimeException: UNAVAILABLE: io exception
2021-01-13 14:10:12,706 [grpc-default-executor-4] WARN  server.GrpcLogAppender (GrpcLogAppender.java:resetClient(111)) - omNode-2@group-523986131536->omNode-3-GrpcLogAppender: Leader has not got in touch with Follower omNode-2@group-523986131536->omNode-3(c-1,m0,n34, attendVote=true, lastRpcSendTime=0, lastRpcResponseTime=16108) yet, just keep nextIndex unchanged and retry.
2021-01-13 14:10:12,714 [grpc-default-executor-4] WARN  server.GrpcLogAppender (LogUtils.java:warn(122)) - omNode-2@group-523986131536->omNode-3-AppendLogResponseHandler: Failed appendEntries: org.apache.ratis.thirdparty.io.grpc.StatusRuntimeException: UNAVAILABLE: io exception
2021-01-13 14:10:12,715 [grpc-default-executor-4] WARN  server.GrpcLogAppender (GrpcLogAppender.java:resetClient(111)) - omNode-2@group-523986131536->omNode-3-GrpcLogAppender: Leader has not got in touch with Follower omNode-2@group-523986131536->omNode-3(c-1,m0,n35, attendVote=true, lastRpcSendTime=0, lastRpcResponseTime=16117) yet, just keep nextIndex unchanged and retry.
2021-01-13 14:10:12,741 [grpc-default-executor-4] WARN  server.GrpcLogAppender (LogUtils.java:warn(122)) - omNode-2@group-523986131536->omNode-3-AppendLogResponseHandler: Failed appendEntries: org.apache.ratis.thirdparty.io.grpc.StatusRuntimeException: UNAVAILABLE: io exception
2021-01-13 14:10:12,741 [grpc-default-executor-4] WARN  server.GrpcLogAppender (GrpcLogAppender.java:resetClient(111)) - omNode-2@group-523986131536->omNode-3-GrpcLogAppender: Leader has not got in touch with Follower omNode-2@group-523986131536->omNode-3(c-1,m0,n36, attendVote=true, lastRpcSendTime=1, lastRpcResponseTime=16144) yet, just keep nextIndex unchanged and retry.
2021-01-13 14:10:12,746 [grpc-default-executor-4] WARN  server.GrpcLogAppender (LogUtils.java:warn(122)) - omNode-2@group-523986131536->omNode-3-AppendLogResponseHandler: Failed appendEntries: org.apache.ratis.thirdparty.io.grpc.StatusRuntimeException: UNAVAILABLE: io exception
2021-01-13 14:10:12,747 [grpc-default-executor-4] WARN  server.GrpcLogAppender (GrpcLogAppender.java:resetClient(111)) - omNode-2@group-523986131536->omNode-3-GrpcLogAppender: Leader has not got in touch with Follower omNode-2@group-523986131536->omNode-3(c-1,m0,n37, attendVote=true, lastRpcSendTime=1, lastRpcResponseTime=16149) yet, just keep nextIndex unchanged and retry.
2021-01-13 14:10:12,806 [EventQueue-Delayed safe mode statusForReplicationManager] INFO  container.ReplicationManager (ReplicationManager.java:start(186)) - Starting Replication Monitor Thread.
2021-01-13 14:10:12,810 [ReplicationMonitor] INFO  container.ReplicationManager (ReplicationManager.java:run(250)) - Replication Monitor Thread took 2 milliseconds for processing 2 containers.
2021-01-13 14:10:12,854 [grpc-default-executor-4] WARN  server.GrpcLogAppender (LogUtils.java:warn(122)) - omNode-2@group-523986131536->omNode-3-AppendLogResponseHandler: Failed appendEntries: org.apache.ratis.thirdparty.io.grpc.StatusRuntimeException: UNAVAILABLE: io exception
2021-01-13 14:10:12,855 [grpc-default-executor-4] WARN  server.GrpcLogAppender (GrpcLogAppender.java:resetClient(111)) - omNode-2@group-523986131536->omNode-3-GrpcLogAppender: Leader has not got in touch with Follower omNode-2@group-523986131536->omNode-3(c-1,m0,n38, attendVote=true, lastRpcSendTime=109, lastRpcResponseTime=16257) yet, just keep nextIndex unchanged and retry.
2021-01-13 14:10:12,866 [grpc-default-executor-4] WARN  server.GrpcLogAppender (LogUtils.java:warn(122)) - omNode-2@group-523986131536->omNode-3-AppendLogResponseHandler: Failed appendEntries: org.apache.ratis.thirdparty.io.grpc.StatusRuntimeException: UNAVAILABLE: io exception
2021-01-13 14:10:12,867 [grpc-default-executor-4] WARN  server.GrpcLogAppender (GrpcLogAppender.java:resetClient(111)) - omNode-2@group-523986131536->omNode-3-GrpcLogAppender: Leader has not got in touch with Follower omNode-2@group-523986131536->omNode-3(c-1,m0,n39, attendVote=true, lastRpcSendTime=12, lastRpcResponseTime=16269) yet, just keep nextIndex unchanged and retry.
2021-01-13 14:10:12,898 [grpc-default-executor-4] WARN  server.GrpcLogAppender (LogUtils.java:warn(122)) - omNode-2@group-523986131536->omNode-3-AppendLogResponseHandler: Failed appendEntries: org.apache.ratis.thirdparty.io.grpc.StatusRuntimeException: UNAVAILABLE: io exception
2021-01-13 14:10:12,899 [grpc-default-executor-4] WARN  server.GrpcLogAppender (GrpcLogAppender.java:resetClient(111)) - omNode-2@group-523986131536->omNode-3-GrpcLogAppender: Leader has not got in touch with Follower omNode-2@group-523986131536->omNode-3(c-1,m0,n40, attendVote=true, lastRpcSendTime=30, lastRpcResponseTime=16301) yet, just keep nextIndex unchanged and retry.
2021-01-13 14:10:12,904 [grpc-default-executor-4] WARN  server.GrpcLogAppender (LogUtils.java:warn(122)) - omNode-2@group-523986131536->omNode-3-AppendLogResponseHandler: Failed appendEntries: org.apache.ratis.thirdparty.io.grpc.StatusRuntimeException: UNAVAILABLE: io exception
2021-01-13 14:10:12,905 [grpc-default-executor-4] WARN  server.GrpcLogAppender (GrpcLogAppender.java:resetClient(111)) - omNode-2@group-523986131536->omNode-3-GrpcLogAppender: Leader has not got in touch with Follower omNode-2@group-523986131536->omNode-3(c-1,m0,n41, attendVote=true, lastRpcSendTime=6, lastRpcResponseTime=16307) yet, just keep nextIndex unchanged and retry.
2021-01-13 14:10:13,018 [grpc-default-executor-4] WARN  server.GrpcLogAppender (LogUtils.java:warn(122)) - omNode-2@group-523986131536->omNode-3-AppendLogResponseHandler: Failed appendEntries: org.apache.ratis.thirdparty.io.grpc.StatusRuntimeException: UNAVAILABLE: io exception
2021-01-13 14:10:13,019 [grpc-default-executor-4] WARN  server.GrpcLogAppender (GrpcLogAppender.java:resetClient(111)) - omNode-2@group-523986131536->omNode-3-GrpcLogAppender: Leader has not got in touch with Follower omNode-2@group-523986131536->omNode-3(c-1,m0,n42, attendVote=true, lastRpcSendTime=0, lastRpcResponseTime=16421) yet, just keep nextIndex unchanged and retry.
2021-01-13 14:10:13,026 [grpc-default-executor-4] WARN  server.GrpcLogAppender (LogUtils.java:warn(122)) - omNode-2@group-523986131536->omNode-3-AppendLogResponseHandler: Failed appendEntries: org.apache.ratis.thirdparty.io.grpc.StatusRuntimeException: UNAVAILABLE: io exception
2021-01-13 14:10:13,027 [grpc-default-executor-4] WARN  server.GrpcLogAppender (GrpcLogAppender.java:resetClient(111)) - omNode-2@group-523986131536->omNode-3-GrpcLogAppender: Leader has not got in touch with Follower omNode-2@group-523986131536->omNode-3(c-1,m0,n43, attendVote=true, lastRpcSendTime=8, lastRpcResponseTime=16429) yet, just keep nextIndex unchanged and retry.
2021-01-13 14:10:13,049 [grpc-default-executor-3] WARN  server.GrpcLogAppender (LogUtils.java:warn(122)) - omNode-2@group-523986131536->omNode-3-AppendLogResponseHandler: Failed appendEntries: org.apache.ratis.thirdparty.io.grpc.StatusRuntimeException: UNAVAILABLE: io exception
2021-01-13 14:10:13,050 [grpc-default-executor-3] WARN  server.GrpcLogAppender (GrpcLogAppender.java:resetClient(111)) - omNode-2@group-523986131536->omNode-3-GrpcLogAppender: Leader has not got in touch with Follower omNode-2@group-523986131536->omNode-3(c-1,m0,n44, attendVote=true, lastRpcSendTime=22, lastRpcResponseTime=16452) yet, just keep nextIndex unchanged and retry.
2021-01-13 14:10:13,055 [grpc-default-executor-3] WARN  server.GrpcLogAppender (LogUtils.java:warn(122)) - omNode-2@group-523986131536->omNode-3-AppendLogResponseHandler: Failed appendEntries: org.apache.ratis.thirdparty.io.grpc.StatusRuntimeException: UNAVAILABLE: io exception
2021-01-13 14:10:13,056 [grpc-default-executor-3] WARN  server.GrpcLogAppender (GrpcLogAppender.java:resetClient(111)) - omNode-2@group-523986131536->omNode-3-GrpcLogAppender: Leader has not got in touch with Follower omNode-2@group-523986131536->omNode-3(c-1,m0,n45, attendVote=true, lastRpcSendTime=5, lastRpcResponseTime=16458) yet, just keep nextIndex unchanged and retry.
2021-01-13 14:10:13,163 [grpc-default-executor-3] WARN  server.GrpcLogAppender (LogUtils.java:warn(122)) - omNode-2@group-523986131536->omNode-3-AppendLogResponseHandler: Failed appendEntries: org.apache.ratis.thirdparty.io.grpc.StatusRuntimeException: UNAVAILABLE: io exception
2021-01-13 14:10:13,163 [grpc-default-executor-3] WARN  server.GrpcLogAppender (GrpcLogAppender.java:resetClient(111)) - omNode-2@group-523986131536->omNode-3-GrpcLogAppender: Leader has not got in touch with Follower omNode-2@group-523986131536->omNode-3(c-1,m0,n46, attendVote=true, lastRpcSendTime=107, lastRpcResponseTime=16566) yet, just keep nextIndex unchanged and retry.
2021-01-13 14:10:13,169 [grpc-default-executor-3] WARN  server.GrpcLogAppender (LogUtils.java:warn(122)) - omNode-2@group-523986131536->omNode-3-AppendLogResponseHandler: Failed appendEntries: org.apache.ratis.thirdparty.io.grpc.StatusRuntimeException: UNAVAILABLE: io exception
2021-01-13 14:10:13,170 [grpc-default-executor-3] WARN  server.GrpcLogAppender (GrpcLogAppender.java:resetClient(111)) - omNode-2@group-523986131536->omNode-3-GrpcLogAppender: Leader has not got in touch with Follower omNode-2@group-523986131536->omNode-3(c-1,m0,n47, attendVote=true, lastRpcSendTime=1, lastRpcResponseTime=16572) yet, just keep nextIndex unchanged and retry.
2021-01-13 14:10:13,190 [grpc-default-executor-3] WARN  server.GrpcLogAppender (LogUtils.java:warn(122)) - omNode-2@group-523986131536->omNode-3-AppendLogResponseHandler: Failed appendEntries: org.apache.ratis.thirdparty.io.grpc.StatusRuntimeException: UNAVAILABLE: io exception
2021-01-13 14:10:13,191 [grpc-default-executor-3] WARN  server.GrpcLogAppender (GrpcLogAppender.java:resetClient(111)) - omNode-2@group-523986131536->omNode-3-GrpcLogAppender: Leader has not got in touch with Follower omNode-2@group-523986131536->omNode-3(c-1,m0,n48, attendVote=true, lastRpcSendTime=2, lastRpcResponseTime=16593) yet, just keep nextIndex unchanged and retry.
2021-01-13 14:10:13,198 [grpc-default-executor-3] WARN  server.GrpcLogAppender (LogUtils.java:warn(122)) - omNode-2@group-523986131536->omNode-3-AppendLogResponseHandler: Failed appendEntries: org.apache.ratis.thirdparty.io.grpc.StatusRuntimeException: UNAVAILABLE: io exception
2021-01-13 14:10:13,199 [grpc-default-executor-3] WARN  server.GrpcLogAppender (GrpcLogAppender.java:resetClient(111)) - omNode-2@group-523986131536->omNode-3-GrpcLogAppender: Leader has not got in touch with Follower omNode-2@group-523986131536->omNode-3(c-1,m0,n49, attendVote=true, lastRpcSendTime=0, lastRpcResponseTime=16601) yet, just keep nextIndex unchanged and retry.
2021-01-13 14:10:13,304 [grpc-default-executor-3] WARN  server.GrpcLogAppender (LogUtils.java:warn(122)) - omNode-2@group-523986131536->omNode-3-AppendLogResponseHandler: Failed appendEntries: org.apache.ratis.thirdparty.io.grpc.StatusRuntimeException: UNAVAILABLE: io exception
2021-01-13 14:10:13,305 [grpc-default-executor-3] WARN  server.GrpcLogAppender (GrpcLogAppender.java:resetClient(111)) - omNode-2@group-523986131536->omNode-3-GrpcLogAppender: Leader has not got in touch with Follower omNode-2@group-523986131536->omNode-3(c-1,m0,n50, attendVote=true, lastRpcSendTime=1, lastRpcResponseTime=16707) yet, just keep nextIndex unchanged and retry.
2021-01-13 14:10:13,313 [grpc-default-executor-3] WARN  server.GrpcLogAppender (LogUtils.java:warn(122)) - omNode-2@group-523986131536->omNode-3-AppendLogResponseHandler: Failed appendEntries: org.apache.ratis.thirdparty.io.grpc.StatusRuntimeException: UNAVAILABLE: io exception
2021-01-13 14:10:13,314 [omNode-2@group-523986131536-StateMachineUpdater] INFO  ratis.OzoneManagerStateMachine (OzoneManagerStateMachine.java:takeSnapshot(345)) - Current Snapshot Index (t:1, i:49)
2021-01-13 14:10:13,317 [grpc-default-executor-3] WARN  server.GrpcLogAppender (GrpcLogAppender.java:resetClient(111)) - omNode-2@group-523986131536->omNode-3-GrpcLogAppender: Leader has not got in touch with Follower omNode-2@group-523986131536->omNode-3(c-1,m0,n51, attendVote=true, lastRpcSendTime=3, lastRpcResponseTime=16719) yet, just keep nextIndex unchanged and retry.
2021-01-13 14:10:13,318 [omNode-2@group-523986131536-StateMachineUpdater] INFO  impl.StateMachineUpdater (StateMachineUpdater.java:takeSnapshot(279)) - omNode-2@group-523986131536-StateMachineUpdater: Took a snapshot at index 49
2021-01-13 14:10:13,318 [omNode-2@group-523986131536-StateMachineUpdater] INFO  impl.StateMachineUpdater (StateMachineUpdater.java:lambda$new$0(88)) - omNode-2@group-523986131536-StateMachineUpdater: snapshotIndex: updateIncreasingly -1 -> 49
2021-01-13 14:10:13,318 [omNode-2@group-523986131536-StateMachineUpdater] INFO  raftlog.RaftLog (RaftLogBase.java:purge(306)) - omNode-2@group-523986131536-SegmentedRaftLog: purge 49
2021-01-13 14:10:13,319 [omNode-2@group-523986131536-StateMachineUpdater] INFO  raftlog.RaftLog (RaftLogBase.java:lambda$new$0(53)) - omNode-2@group-523986131536-SegmentedRaftLog: snapshotIndex: updateIncreasingly -1 -> 49
2021-01-13 14:10:13,319 [omNode-2@group-523986131536-StateMachineUpdater] INFO  raftlog.RaftLog (RaftLogBase.java:lambda$new$0(53)) - omNode-2@group-523986131536-SegmentedRaftLog: purgeIndex: updateToMax old=-1, new=49, updated? true
2021-01-13 14:10:13,330 [omNode-1@group-523986131536-StateMachineUpdater] INFO  ratis.OzoneManagerStateMachine (OzoneManagerStateMachine.java:takeSnapshot(345)) - Current Snapshot Index (t:1, i:49)
2021-01-13 14:10:13,330 [omNode-1@group-523986131536-StateMachineUpdater] INFO  impl.StateMachineUpdater (StateMachineUpdater.java:takeSnapshot(279)) - omNode-1@group-523986131536-StateMachineUpdater: Took a snapshot at index 49
2021-01-13 14:10:13,331 [omNode-1@group-523986131536-StateMachineUpdater] INFO  impl.StateMachineUpdater (StateMachineUpdater.java:lambda$new$0(88)) - omNode-1@group-523986131536-StateMachineUpdater: snapshotIndex: updateIncreasingly -1 -> 49
2021-01-13 14:10:13,331 [omNode-1@group-523986131536-StateMachineUpdater] INFO  raftlog.RaftLog (RaftLogBase.java:purge(306)) - omNode-1@group-523986131536-SegmentedRaftLog: purge 49
2021-01-13 14:10:13,333 [omNode-1@group-523986131536-StateMachineUpdater] INFO  raftlog.RaftLog (RaftLogBase.java:lambda$new$0(53)) - omNode-1@group-523986131536-SegmentedRaftLog: snapshotIndex: updateIncreasingly -1 -> 49
2021-01-13 14:10:13,333 [omNode-1@group-523986131536-StateMachineUpdater] INFO  raftlog.RaftLog (RaftLogBase.java:lambda$new$0(53)) - omNode-1@group-523986131536-SegmentedRaftLog: purgeIndex: updateToMax old=-1, new=49, updated? true
2021-01-13 14:10:13,336 [grpc-default-executor-3] WARN  server.GrpcLogAppender (LogUtils.java:warn(122)) - omNode-2@group-523986131536->omNode-3-AppendLogResponseHandler: Failed appendEntries: org.apache.ratis.thirdparty.io.grpc.StatusRuntimeException: UNAVAILABLE: io exception
2021-01-13 14:10:13,336 [grpc-default-executor-3] WARN  server.GrpcLogAppender (GrpcLogAppender.java:resetClient(111)) - omNode-2@group-523986131536->omNode-3-GrpcLogAppender: Leader has not got in touch with Follower omNode-2@group-523986131536->omNode-3(c-1,m0,n52, attendVote=true, lastRpcSendTime=0, lastRpcResponseTime=16738) yet, just keep nextIndex unchanged and retry.
2021-01-13 14:10:13,339 [grpc-default-executor-3] WARN  server.GrpcLogAppender (LogUtils.java:warn(122)) - omNode-2@group-523986131536->omNode-3-AppendLogResponseHandler: Failed appendEntries: org.apache.ratis.thirdparty.io.grpc.StatusRuntimeException: UNAVAILABLE: io exception
2021-01-13 14:10:13,341 [grpc-default-executor-3] WARN  server.GrpcLogAppender (GrpcLogAppender.java:resetClient(111)) - omNode-2@group-523986131536->omNode-3-GrpcLogAppender: Leader has not got in touch with Follower omNode-2@group-523986131536->omNode-3(c-1,m0,n53, attendVote=true, lastRpcSendTime=1, lastRpcResponseTime=16743) yet, just keep nextIndex unchanged and retry.
2021-01-13 14:10:13,450 [grpc-default-executor-3] WARN  server.GrpcLogAppender (LogUtils.java:warn(122)) - omNode-2@group-523986131536->omNode-3-AppendLogResponseHandler: Failed appendEntries: org.apache.ratis.thirdparty.io.grpc.StatusRuntimeException: UNAVAILABLE: io exception
2021-01-13 14:10:13,450 [grpc-default-executor-3] WARN  server.GrpcLogAppender (GrpcLogAppender.java:resetClient(111)) - omNode-2@group-523986131536->omNode-3-GrpcLogAppender: Leader has not got in touch with Follower omNode-2@group-523986131536->omNode-3(c-1,m0,n54, attendVote=true, lastRpcSendTime=0, lastRpcResponseTime=16853) yet, just keep nextIndex unchanged and retry.
2021-01-13 14:10:13,460 [grpc-default-executor-3] WARN  server.GrpcLogAppender (LogUtils.java:warn(122)) - omNode-2@group-523986131536->omNode-3-AppendLogResponseHandler: Failed appendEntries: org.apache.ratis.thirdparty.io.grpc.StatusRuntimeException: UNAVAILABLE: io exception
2021-01-13 14:10:13,461 [grpc-default-executor-3] WARN  server.GrpcLogAppender (GrpcLogAppender.java:resetClient(111)) - omNode-2@group-523986131536->omNode-3-GrpcLogAppender: Leader has not got in touch with Follower omNode-2@group-523986131536->omNode-3(c-1,m0,n55, attendVote=true, lastRpcSendTime=3, lastRpcResponseTime=16863) yet, just keep nextIndex unchanged and retry.
2021-01-13 14:10:13,485 [grpc-default-executor-5] WARN  server.GrpcLogAppender (LogUtils.java:warn(122)) - omNode-2@group-523986131536->omNode-3-AppendLogResponseHandler: Failed appendEntries: org.apache.ratis.thirdparty.io.grpc.StatusRuntimeException: UNAVAILABLE: io exception
2021-01-13 14:10:13,485 [grpc-default-executor-5] WARN  server.GrpcLogAppender (GrpcLogAppender.java:resetClient(111)) - omNode-2@group-523986131536->omNode-3-GrpcLogAppender: Leader has not got in touch with Follower omNode-2@group-523986131536->omNode-3(c-1,m0,n56, attendVote=true, lastRpcSendTime=0, lastRpcResponseTime=16887) yet, just keep nextIndex unchanged and retry.
2021-01-13 14:10:13,492 [grpc-default-executor-5] WARN  server.GrpcLogAppender (LogUtils.java:warn(122)) - omNode-2@group-523986131536->omNode-3-AppendLogResponseHandler: Failed appendEntries: org.apache.ratis.thirdparty.io.grpc.StatusRuntimeException: UNAVAILABLE: io exception
2021-01-13 14:10:13,493 [grpc-default-executor-5] WARN  server.GrpcLogAppender (GrpcLogAppender.java:resetClient(111)) - omNode-2@group-523986131536->omNode-3-GrpcLogAppender: Leader has not got in touch with Follower omNode-2@group-523986131536->omNode-3(c-1,m0,n57, attendVote=true, lastRpcSendTime=0, lastRpcResponseTime=16895) yet, just keep nextIndex unchanged and retry.
2021-01-13 14:10:13,597 [grpc-default-executor-5] WARN  server.GrpcLogAppender (LogUtils.java:warn(122)) - omNode-2@group-523986131536->omNode-3-AppendLogResponseHandler: Failed appendEntries: org.apache.ratis.thirdparty.io.grpc.StatusRuntimeException: UNAVAILABLE: io exception
2021-01-13 14:10:13,598 [grpc-default-executor-5] WARN  server.GrpcLogAppender (GrpcLogAppender.java:resetClient(111)) - omNode-2@group-523986131536->omNode-3-GrpcLogAppender: Leader has not got in touch with Follower omNode-2@group-523986131536->omNode-3(c-1,m0,n58, attendVote=true, lastRpcSendTime=106, lastRpcResponseTime=17000) yet, just keep nextIndex unchanged and retry.
2021-01-13 14:10:13,603 [grpc-default-executor-5] WARN  server.GrpcLogAppender (LogUtils.java:warn(122)) - omNode-2@group-523986131536->omNode-3-AppendLogResponseHandler: Failed appendEntries: org.apache.ratis.thirdparty.io.grpc.StatusRuntimeException: UNAVAILABLE: io exception
2021-01-13 14:10:13,604 [grpc-default-executor-5] WARN  server.GrpcLogAppender (GrpcLogAppender.java:resetClient(111)) - omNode-2@group-523986131536->omNode-3-GrpcLogAppender: Leader has not got in touch with Follower omNode-2@group-523986131536->omNode-3(c-1,m0,n59, attendVote=true, lastRpcSendTime=5, lastRpcResponseTime=17006) yet, just keep nextIndex unchanged and retry.
2021-01-13 14:10:13,630 [grpc-default-executor-5] WARN  server.GrpcLogAppender (LogUtils.java:warn(122)) - omNode-2@group-523986131536->omNode-3-AppendLogResponseHandler: Failed appendEntries: org.apache.ratis.thirdparty.io.grpc.StatusRuntimeException: UNAVAILABLE: io exception
2021-01-13 14:10:13,631 [grpc-default-executor-5] WARN  server.GrpcLogAppender (GrpcLogAppender.java:resetClient(111)) - omNode-2@group-523986131536->omNode-3-GrpcLogAppender: Leader has not got in touch with Follower omNode-2@group-523986131536->omNode-3(c-1,m0,n60, attendVote=true, lastRpcSendTime=0, lastRpcResponseTime=17033) yet, just keep nextIndex unchanged and retry.
2021-01-13 14:10:13,635 [grpc-default-executor-5] WARN  server.GrpcLogAppender (LogUtils.java:warn(122)) - omNode-2@group-523986131536->omNode-3-AppendLogResponseHandler: Failed appendEntries: org.apache.ratis.thirdparty.io.grpc.StatusRuntimeException: UNAVAILABLE: io exception
2021-01-13 14:10:13,635 [grpc-default-executor-5] WARN  server.GrpcLogAppender (GrpcLogAppender.java:resetClient(111)) - omNode-2@group-523986131536->omNode-3-GrpcLogAppender: Leader has not got in touch with Follower omNode-2@group-523986131536->omNode-3(c-1,m0,n61, attendVote=true, lastRpcSendTime=1, lastRpcResponseTime=17037) yet, just keep nextIndex unchanged and retry.
2021-01-13 14:10:13,742 [grpc-default-executor-5] WARN  server.GrpcLogAppender (LogUtils.java:warn(122)) - omNode-2@group-523986131536->omNode-3-AppendLogResponseHandler: Failed appendEntries: org.apache.ratis.thirdparty.io.grpc.StatusRuntimeException: UNAVAILABLE: io exception
2021-01-13 14:10:13,742 [grpc-default-executor-5] WARN  server.GrpcLogAppender (GrpcLogAppender.java:resetClient(111)) - omNode-2@group-523986131536->omNode-3-GrpcLogAppender: Leader has not got in touch with Follower omNode-2@group-523986131536->omNode-3(c-1,m0,n62, attendVote=true, lastRpcSendTime=0, lastRpcResponseTime=17144) yet, just keep nextIndex unchanged and retry.
2021-01-13 14:10:13,751 [grpc-default-executor-5] WARN  server.GrpcLogAppender (LogUtils.java:warn(122)) - omNode-2@group-523986131536->omNode-3-AppendLogResponseHandler: Failed appendEntries: org.apache.ratis.thirdparty.io.grpc.StatusRuntimeException: UNAVAILABLE: io exception
2021-01-13 14:10:13,752 [grpc-default-executor-5] WARN  server.GrpcLogAppender (GrpcLogAppender.java:resetClient(111)) - omNode-2@group-523986131536->omNode-3-GrpcLogAppender: Leader has not got in touch with Follower omNode-2@group-523986131536->omNode-3(c-1,m0,n63, attendVote=true, lastRpcSendTime=4, lastRpcResponseTime=17154) yet, just keep nextIndex unchanged and retry.
2021-01-13 14:10:13,776 [grpc-default-executor-5] WARN  server.GrpcLogAppender (LogUtils.java:warn(122)) - omNode-2@group-523986131536->omNode-3-AppendLogResponseHandler: Failed appendEntries: org.apache.ratis.thirdparty.io.grpc.StatusRuntimeException: UNAVAILABLE: io exception
2021-01-13 14:10:13,777 [grpc-default-executor-5] WARN  server.GrpcLogAppender (GrpcLogAppender.java:resetClient(111)) - omNode-2@group-523986131536->omNode-3-GrpcLogAppender: Leader has not got in touch with Follower omNode-2@group-523986131536->omNode-3(c-1,m0,n64, attendVote=true, lastRpcSendTime=28, lastRpcResponseTime=17179) yet, just keep nextIndex unchanged and retry.
2021-01-13 14:10:13,784 [grpc-default-executor-5] WARN  server.GrpcLogAppender (LogUtils.java:warn(122)) - omNode-2@group-523986131536->omNode-3-AppendLogResponseHandler: Failed appendEntries: org.apache.ratis.thirdparty.io.grpc.StatusRuntimeException: UNAVAILABLE: io exception
2021-01-13 14:10:13,785 [grpc-default-executor-5] WARN  server.GrpcLogAppender (GrpcLogAppender.java:resetClient(111)) - omNode-2@group-523986131536->omNode-3-GrpcLogAppender: Leader has not got in touch with Follower omNode-2@group-523986131536->omNode-3(c-1,m0,n65, attendVote=true, lastRpcSendTime=0, lastRpcResponseTime=17187) yet, just keep nextIndex unchanged and retry.
2021-01-13 14:10:13,892 [grpc-default-executor-5] WARN  server.GrpcLogAppender (LogUtils.java:warn(122)) - omNode-2@group-523986131536->omNode-3-AppendLogResponseHandler: Failed appendEntries: org.apache.ratis.thirdparty.io.grpc.StatusRuntimeException: UNAVAILABLE: io exception
2021-01-13 14:10:13,892 [grpc-default-executor-5] WARN  server.GrpcLogAppender (GrpcLogAppender.java:resetClient(111)) - omNode-2@group-523986131536->omNode-3-GrpcLogAppender: Leader has not got in touch with Follower omNode-2@group-523986131536->omNode-3(c-1,m0,n66, attendVote=true, lastRpcSendTime=0, lastRpcResponseTime=17294) yet, just keep nextIndex unchanged and retry.
2021-01-13 14:10:13,896 [grpc-default-executor-5] WARN  server.GrpcLogAppender (LogUtils.java:warn(122)) - omNode-2@group-523986131536->omNode-3-AppendLogResponseHandler: Failed appendEntries: org.apache.ratis.thirdparty.io.grpc.StatusRuntimeException: UNAVAILABLE: io exception
2021-01-13 14:10:13,896 [grpc-default-executor-5] WARN  server.GrpcLogAppender (GrpcLogAppender.java:resetClient(111)) - omNode-2@group-523986131536->omNode-3-GrpcLogAppender: Leader has not got in touch with Follower omNode-2@group-523986131536->omNode-3(c-1,m0,n67, attendVote=true, lastRpcSendTime=4, lastRpcResponseTime=17299) yet, just keep nextIndex unchanged and retry.
2021-01-13 14:10:13,917 [grpc-default-executor-5] WARN  server.GrpcLogAppender (LogUtils.java:warn(122)) - omNode-2@group-523986131536->omNode-3-AppendLogResponseHandler: Failed appendEntries: org.apache.ratis.thirdparty.io.grpc.StatusRuntimeException: UNAVAILABLE: io exception
2021-01-13 14:10:13,919 [grpc-default-executor-5] WARN  server.GrpcLogAppender (GrpcLogAppender.java:resetClient(111)) - omNode-2@group-523986131536->omNode-3-GrpcLogAppender: Leader has not got in touch with Follower omNode-2@group-523986131536->omNode-3(c-1,m0,n68, attendVote=true, lastRpcSendTime=21, lastRpcResponseTime=17321) yet, just keep nextIndex unchanged and retry.
2021-01-13 14:10:13,925 [grpc-default-executor-5] WARN  server.GrpcLogAppender (LogUtils.java:warn(122)) - omNode-2@group-523986131536->omNode-3-AppendLogResponseHandler: Failed appendEntries: org.apache.ratis.thirdparty.io.grpc.StatusRuntimeException: UNAVAILABLE: io exception
2021-01-13 14:10:13,926 [grpc-default-executor-5] WARN  server.GrpcLogAppender (GrpcLogAppender.java:resetClient(111)) - omNode-2@group-523986131536->omNode-3-GrpcLogAppender: Leader has not got in touch with Follower omNode-2@group-523986131536->omNode-3(c-1,m0,n69, attendVote=true, lastRpcSendTime=0, lastRpcResponseTime=17328) yet, just keep nextIndex unchanged and retry.
2021-01-13 14:10:14,025 [grpc-default-executor-3] WARN  server.GrpcLogAppender (LogUtils.java:warn(122)) - omNode-2@group-523986131536->omNode-3-AppendLogResponseHandler: Failed appendEntries: org.apache.ratis.thirdparty.io.grpc.StatusRuntimeException: UNAVAILABLE: io exception
2021-01-13 14:10:14,027 [grpc-default-executor-3] WARN  server.GrpcLogAppender (GrpcLogAppender.java:resetClient(111)) - omNode-2@group-523986131536->omNode-3-GrpcLogAppender: Leader has not got in touch with Follower omNode-2@group-523986131536->omNode-3(c-1,m0,n70, attendVote=true, lastRpcSendTime=101, lastRpcResponseTime=17429) yet, just keep nextIndex unchanged and retry.
2021-01-13 14:10:14,031 [grpc-default-executor-3] WARN  server.GrpcLogAppender (LogUtils.java:warn(122)) - omNode-2@group-523986131536->omNode-3-AppendLogResponseHandler: Failed appendEntries: org.apache.ratis.thirdparty.io.grpc.StatusRuntimeException: UNAVAILABLE: io exception
2021-01-13 14:10:14,031 [grpc-default-executor-3] WARN  server.GrpcLogAppender (GrpcLogAppender.java:resetClient(111)) - omNode-2@group-523986131536->omNode-3-GrpcLogAppender: Leader has not got in touch with Follower omNode-2@group-523986131536->omNode-3(c-1,m0,n71, attendVote=true, lastRpcSendTime=4, lastRpcResponseTime=17433) yet, just keep nextIndex unchanged and retry.
2021-01-13 14:10:14,056 [grpc-default-executor-3] WARN  server.GrpcLogAppender (LogUtils.java:warn(122)) - omNode-2@group-523986131536->omNode-3-AppendLogResponseHandler: Failed appendEntries: org.apache.ratis.thirdparty.io.grpc.StatusRuntimeException: UNAVAILABLE: io exception
2021-01-13 14:10:14,056 [grpc-default-executor-3] WARN  server.GrpcLogAppender (GrpcLogAppender.java:resetClient(111)) - omNode-2@group-523986131536->omNode-3-GrpcLogAppender: Leader has not got in touch with Follower omNode-2@group-523986131536->omNode-3(c-1,m0,n72, attendVote=true, lastRpcSendTime=23, lastRpcResponseTime=17459) yet, just keep nextIndex unchanged and retry.
2021-01-13 14:10:14,064 [grpc-default-executor-3] WARN  server.GrpcLogAppender (LogUtils.java:warn(122)) - omNode-2@group-523986131536->omNode-3-AppendLogResponseHandler: Failed appendEntries: org.apache.ratis.thirdparty.io.grpc.StatusRuntimeException: UNAVAILABLE: io exception
2021-01-13 14:10:14,065 [grpc-default-executor-3] WARN  server.GrpcLogAppender (GrpcLogAppender.java:resetClient(111)) - omNode-2@group-523986131536->omNode-3-GrpcLogAppender: Leader has not got in touch with Follower omNode-2@group-523986131536->omNode-3(c-1,m0,n73, attendVote=true, lastRpcSendTime=0, lastRpcResponseTime=17467) yet, just keep nextIndex unchanged and retry.
2021-01-13 14:10:14,172 [grpc-default-executor-5] WARN  server.GrpcLogAppender (LogUtils.java:warn(122)) - omNode-2@group-523986131536->omNode-3-AppendLogResponseHandler: Failed appendEntries: org.apache.ratis.thirdparty.io.grpc.StatusRuntimeException: UNAVAILABLE: io exception
2021-01-13 14:10:14,173 [grpc-default-executor-5] WARN  server.GrpcLogAppender (GrpcLogAppender.java:resetClient(111)) - omNode-2@group-523986131536->omNode-3-GrpcLogAppender: Leader has not got in touch with Follower omNode-2@group-523986131536->omNode-3(c-1,m0,n74, attendVote=true, lastRpcSendTime=1, lastRpcResponseTime=17575) yet, just keep nextIndex unchanged and retry.
2021-01-13 14:10:14,179 [grpc-default-executor-5] WARN  server.GrpcLogAppender (LogUtils.java:warn(122)) - omNode-2@group-523986131536->omNode-3-AppendLogResponseHandler: Failed appendEntries: org.apache.ratis.thirdparty.io.grpc.StatusRuntimeException: UNAVAILABLE: io exception
2021-01-13 14:10:14,180 [grpc-default-executor-5] WARN  server.GrpcLogAppender (GrpcLogAppender.java:resetClient(111)) - omNode-2@group-523986131536->omNode-3-GrpcLogAppender: Leader has not got in touch with Follower omNode-2@group-523986131536->omNode-3(c-1,m0,n75, attendVote=true, lastRpcSendTime=0, lastRpcResponseTime=17582) yet, just keep nextIndex unchanged and retry.
2021-01-13 14:10:14,194 [grpc-default-executor-3] WARN  server.GrpcLogAppender (LogUtils.java:warn(122)) - omNode-2@group-523986131536->omNode-3-AppendLogResponseHandler: Failed appendEntries: org.apache.ratis.thirdparty.io.grpc.StatusRuntimeException: UNAVAILABLE: io exception
2021-01-13 14:10:14,195 [grpc-default-executor-3] WARN  server.GrpcLogAppender (GrpcLogAppender.java:resetClient(111)) - omNode-2@group-523986131536->omNode-3-GrpcLogAppender: Leader has not got in touch with Follower omNode-2@group-523986131536->omNode-3(c-1,m0,n76, attendVote=true, lastRpcSendTime=15, lastRpcResponseTime=17597) yet, just keep nextIndex unchanged and retry.
2021-01-13 14:10:14,200 [grpc-default-executor-3] WARN  server.GrpcLogAppender (LogUtils.java:warn(122)) - omNode-2@group-523986131536->omNode-3-AppendLogResponseHandler: Failed appendEntries: org.apache.ratis.thirdparty.io.grpc.StatusRuntimeException: UNAVAILABLE: io exception
2021-01-13 14:10:14,200 [grpc-default-executor-3] WARN  server.GrpcLogAppender (GrpcLogAppender.java:resetClient(111)) - omNode-2@group-523986131536->omNode-3-GrpcLogAppender: Leader has not got in touch with Follower omNode-2@group-523986131536->omNode-3(c-1,m0,n77, attendVote=true, lastRpcSendTime=4, lastRpcResponseTime=17602) yet, just keep nextIndex unchanged and retry.
2021-01-13 14:10:14,307 [grpc-default-executor-3] WARN  server.GrpcLogAppender (LogUtils.java:warn(122)) - omNode-2@group-523986131536->omNode-3-AppendLogResponseHandler: Failed appendEntries: org.apache.ratis.thirdparty.io.grpc.StatusRuntimeException: UNAVAILABLE: io exception
2021-01-13 14:10:14,308 [grpc-default-executor-3] WARN  server.GrpcLogAppender (GrpcLogAppender.java:resetClient(111)) - omNode-2@group-523986131536->omNode-3-GrpcLogAppender: Leader has not got in touch with Follower omNode-2@group-523986131536->omNode-3(c-1,m0,n78, attendVote=true, lastRpcSendTime=107, lastRpcResponseTime=17710) yet, just keep nextIndex unchanged and retry.
2021-01-13 14:10:14,316 [grpc-default-executor-3] WARN  server.GrpcLogAppender (LogUtils.java:warn(122)) - omNode-2@group-523986131536->omNode-3-AppendLogResponseHandler: Failed appendEntries: org.apache.ratis.thirdparty.io.grpc.StatusRuntimeException: UNAVAILABLE: io exception
2021-01-13 14:10:14,316 [grpc-default-executor-3] WARN  server.GrpcLogAppender (GrpcLogAppender.java:resetClient(111)) - omNode-2@group-523986131536->omNode-3-GrpcLogAppender: Leader has not got in touch with Follower omNode-2@group-523986131536->omNode-3(c-1,m0,n79, attendVote=true, lastRpcSendTime=0, lastRpcResponseTime=17718) yet, just keep nextIndex unchanged and retry.
2021-01-13 14:10:14,336 [grpc-default-executor-5] WARN  server.GrpcLogAppender (LogUtils.java:warn(122)) - omNode-2@group-523986131536->omNode-3-AppendLogResponseHandler: Failed appendEntries: org.apache.ratis.thirdparty.io.grpc.StatusRuntimeException: UNAVAILABLE: io exception
2021-01-13 14:10:14,337 [grpc-default-executor-5] WARN  server.GrpcLogAppender (GrpcLogAppender.java:resetClient(111)) - omNode-2@group-523986131536->omNode-3-GrpcLogAppender: Leader has not got in touch with Follower omNode-2@group-523986131536->omNode-3(c-1,m0,n80, attendVote=true, lastRpcSendTime=21, lastRpcResponseTime=17739) yet, just keep nextIndex unchanged and retry.
2021-01-13 14:10:14,344 [grpc-default-executor-5] WARN  server.GrpcLogAppender (LogUtils.java:warn(122)) - omNode-2@group-523986131536->omNode-3-AppendLogResponseHandler: Failed appendEntries: org.apache.ratis.thirdparty.io.grpc.StatusRuntimeException: UNAVAILABLE: io exception
2021-01-13 14:10:14,344 [grpc-default-executor-5] WARN  server.GrpcLogAppender (GrpcLogAppender.java:resetClient(111)) - omNode-2@group-523986131536->omNode-3-GrpcLogAppender: Leader has not got in touch with Follower omNode-2@group-523986131536->omNode-3(c-1,m0,n81, attendVote=true, lastRpcSendTime=7, lastRpcResponseTime=17747) yet, just keep nextIndex unchanged and retry.
2021-01-13 14:10:14,448 [grpc-default-executor-5] WARN  server.GrpcLogAppender (LogUtils.java:warn(122)) - omNode-2@group-523986131536->omNode-3-AppendLogResponseHandler: Failed appendEntries: org.apache.ratis.thirdparty.io.grpc.StatusRuntimeException: UNAVAILABLE: io exception
2021-01-13 14:10:14,449 [grpc-default-executor-5] WARN  server.GrpcLogAppender (GrpcLogAppender.java:resetClient(111)) - omNode-2@group-523986131536->omNode-3-GrpcLogAppender: Leader has not got in touch with Follower omNode-2@group-523986131536->omNode-3(c-1,m0,n82, attendVote=true, lastRpcSendTime=104, lastRpcResponseTime=17851) yet, just keep nextIndex unchanged and retry.
2021-01-13 14:10:14,460 [grpc-default-executor-5] WARN  server.GrpcLogAppender (LogUtils.java:warn(122)) - omNode-2@group-523986131536->omNode-3-AppendLogResponseHandler: Failed appendEntries: org.apache.ratis.thirdparty.io.grpc.StatusRuntimeException: UNAVAILABLE: io exception
2021-01-13 14:10:14,461 [grpc-default-executor-5] WARN  server.GrpcLogAppender (GrpcLogAppender.java:resetClient(111)) - omNode-2@group-523986131536->omNode-3-GrpcLogAppender: Leader has not got in touch with Follower omNode-2@group-523986131536->omNode-3(c-1,m0,n83, attendVote=true, lastRpcSendTime=0, lastRpcResponseTime=17863) yet, just keep nextIndex unchanged and retry.
2021-01-13 14:10:14,476 [grpc-default-executor-5] WARN  server.GrpcLogAppender (LogUtils.java:warn(122)) - omNode-2@group-523986131536->omNode-3-AppendLogResponseHandler: Failed appendEntries: org.apache.ratis.thirdparty.io.grpc.StatusRuntimeException: UNAVAILABLE: io exception
2021-01-13 14:10:14,477 [grpc-default-executor-5] WARN  server.GrpcLogAppender (GrpcLogAppender.java:resetClient(111)) - omNode-2@group-523986131536->omNode-3-GrpcLogAppender: Leader has not got in touch with Follower omNode-2@group-523986131536->omNode-3(c-1,m0,n84, attendVote=true, lastRpcSendTime=17, lastRpcResponseTime=17879) yet, just keep nextIndex unchanged and retry.
2021-01-13 14:10:14,483 [grpc-default-executor-5] WARN  server.GrpcLogAppender (LogUtils.java:warn(122)) - omNode-2@group-523986131536->omNode-3-AppendLogResponseHandler: Failed appendEntries: org.apache.ratis.thirdparty.io.grpc.StatusRuntimeException: UNAVAILABLE: io exception
2021-01-13 14:10:14,483 [grpc-default-executor-5] WARN  server.GrpcLogAppender (GrpcLogAppender.java:resetClient(111)) - omNode-2@group-523986131536->omNode-3-GrpcLogAppender: Leader has not got in touch with Follower omNode-2@group-523986131536->omNode-3(c-1,m0,n85, attendVote=true, lastRpcSendTime=5, lastRpcResponseTime=17885) yet, just keep nextIndex unchanged and retry.
2021-01-13 14:10:14,589 [grpc-default-executor-5] WARN  server.GrpcLogAppender (LogUtils.java:warn(122)) - omNode-2@group-523986131536->omNode-3-AppendLogResponseHandler: Failed appendEntries: org.apache.ratis.thirdparty.io.grpc.StatusRuntimeException: UNAVAILABLE: io exception
2021-01-13 14:10:14,590 [grpc-default-executor-5] WARN  server.GrpcLogAppender (GrpcLogAppender.java:resetClient(111)) - omNode-2@group-523986131536->omNode-3-GrpcLogAppender: Leader has not got in touch with Follower omNode-2@group-523986131536->omNode-3(c-1,m0,n86, attendVote=true, lastRpcSendTime=106, lastRpcResponseTime=17992) yet, just keep nextIndex unchanged and retry.
2021-01-13 14:10:14,602 [grpc-default-executor-5] WARN  server.GrpcLogAppender (LogUtils.java:warn(122)) - omNode-2@group-523986131536->omNode-3-AppendLogResponseHandler: Failed appendEntries: org.apache.ratis.thirdparty.io.grpc.StatusRuntimeException: UNAVAILABLE: io exception
2021-01-13 14:10:14,603 [grpc-default-executor-5] WARN  server.GrpcLogAppender (GrpcLogAppender.java:resetClient(111)) - omNode-2@group-523986131536->omNode-3-GrpcLogAppender: Leader has not got in touch with Follower omNode-2@group-523986131536->omNode-3(c-1,m0,n87, attendVote=true, lastRpcSendTime=0, lastRpcResponseTime=18005) yet, just keep nextIndex unchanged and retry.
2021-01-13 14:10:14,627 [grpc-default-executor-5] WARN  server.GrpcLogAppender (LogUtils.java:warn(122)) - omNode-2@group-523986131536->omNode-3-AppendLogResponseHandler: Failed appendEntries: org.apache.ratis.thirdparty.io.grpc.StatusRuntimeException: UNAVAILABLE: io exception
2021-01-13 14:10:14,628 [grpc-default-executor-5] WARN  server.GrpcLogAppender (GrpcLogAppender.java:resetClient(111)) - omNode-2@group-523986131536->omNode-3-GrpcLogAppender: Leader has not got in touch with Follower omNode-2@group-523986131536->omNode-3(c-1,m0,n88, attendVote=true, lastRpcSendTime=0, lastRpcResponseTime=18030) yet, just keep nextIndex unchanged and retry.
2021-01-13 14:10:14,635 [grpc-default-executor-5] WARN  server.GrpcLogAppender (LogUtils.java:warn(122)) - omNode-2@group-523986131536->omNode-3-AppendLogResponseHandler: Failed appendEntries: org.apache.ratis.thirdparty.io.grpc.StatusRuntimeException: UNAVAILABLE: io exception
2021-01-13 14:10:14,636 [grpc-default-executor-5] WARN  server.GrpcLogAppender (GrpcLogAppender.java:resetClient(111)) - omNode-2@group-523986131536->omNode-3-GrpcLogAppender: Leader has not got in touch with Follower omNode-2@group-523986131536->omNode-3(c-1,m0,n89, attendVote=true, lastRpcSendTime=0, lastRpcResponseTime=18038) yet, just keep nextIndex unchanged and retry.
2021-01-13 14:10:14,745 [grpc-default-executor-3] WARN  server.GrpcLogAppender (LogUtils.java:warn(122)) - omNode-2@group-523986131536->omNode-3-AppendLogResponseHandler: Failed appendEntries: org.apache.ratis.thirdparty.io.grpc.StatusRuntimeException: UNAVAILABLE: io exception
2021-01-13 14:10:14,746 [grpc-default-executor-3] WARN  server.GrpcLogAppender (GrpcLogAppender.java:resetClient(111)) - omNode-2@group-523986131536->omNode-3-GrpcLogAppender: Leader has not got in touch with Follower omNode-2@group-523986131536->omNode-3(c-1,m0,n90, attendVote=true, lastRpcSendTime=110, lastRpcResponseTime=18148) yet, just keep nextIndex unchanged and retry.
2021-01-13 14:10:14,752 [grpc-default-executor-3] WARN  server.GrpcLogAppender (LogUtils.java:warn(122)) - omNode-2@group-523986131536->omNode-3-AppendLogResponseHandler: Failed appendEntries: org.apache.ratis.thirdparty.io.grpc.StatusRuntimeException: UNAVAILABLE: io exception
2021-01-13 14:10:14,753 [grpc-default-executor-3] WARN  server.GrpcLogAppender (GrpcLogAppender.java:resetClient(111)) - omNode-2@group-523986131536->omNode-3-GrpcLogAppender: Leader has not got in touch with Follower omNode-2@group-523986131536->omNode-3(c-1,m0,n91, attendVote=true, lastRpcSendTime=5, lastRpcResponseTime=18155) yet, just keep nextIndex unchanged and retry.
2021-01-13 14:10:14,767 [grpc-default-executor-3] WARN  server.GrpcLogAppender (LogUtils.java:warn(122)) - omNode-2@group-523986131536->omNode-3-AppendLogResponseHandler: Failed appendEntries: org.apache.ratis.thirdparty.io.grpc.StatusRuntimeException: UNAVAILABLE: io exception
2021-01-13 14:10:14,768 [grpc-default-executor-3] WARN  server.GrpcLogAppender (GrpcLogAppender.java:resetClient(111)) - omNode-2@group-523986131536->omNode-3-GrpcLogAppender: Leader has not got in touch with Follower omNode-2@group-523986131536->omNode-3(c-1,m0,n92, attendVote=true, lastRpcSendTime=14, lastRpcResponseTime=18170) yet, just keep nextIndex unchanged and retry.
2021-01-13 14:10:14,774 [grpc-default-executor-3] WARN  server.GrpcLogAppender (LogUtils.java:warn(122)) - omNode-2@group-523986131536->omNode-3-AppendLogResponseHandler: Failed appendEntries: org.apache.ratis.thirdparty.io.grpc.StatusRuntimeException: UNAVAILABLE: io exception
2021-01-13 14:10:14,777 [grpc-default-executor-3] WARN  server.GrpcLogAppender (GrpcLogAppender.java:resetClient(111)) - omNode-2@group-523986131536->omNode-3-GrpcLogAppender: Leader has not got in touch with Follower omNode-2@group-523986131536->omNode-3(c-1,m0,n93, attendVote=true, lastRpcSendTime=1, lastRpcResponseTime=18179) yet, just keep nextIndex unchanged and retry.
2021-01-13 14:10:14,878 [grpc-default-executor-3] WARN  server.GrpcLogAppender (LogUtils.java:warn(122)) - omNode-2@group-523986131536->omNode-3-AppendLogResponseHandler: Failed appendEntries: org.apache.ratis.thirdparty.io.grpc.StatusRuntimeException: UNAVAILABLE: io exception
2021-01-13 14:10:14,879 [grpc-default-executor-3] WARN  server.GrpcLogAppender (GrpcLogAppender.java:resetClient(111)) - omNode-2@group-523986131536->omNode-3-GrpcLogAppender: Leader has not got in touch with Follower omNode-2@group-523986131536->omNode-3(c-1,m0,n94, attendVote=true, lastRpcSendTime=0, lastRpcResponseTime=18281) yet, just keep nextIndex unchanged and retry.
2021-01-13 14:10:14,889 [grpc-default-executor-3] WARN  server.GrpcLogAppender (LogUtils.java:warn(122)) - omNode-2@group-523986131536->omNode-3-AppendLogResponseHandler: Failed appendEntries: org.apache.ratis.thirdparty.io.grpc.StatusRuntimeException: UNAVAILABLE: io exception
2021-01-13 14:10:14,890 [grpc-default-executor-3] WARN  server.GrpcLogAppender (GrpcLogAppender.java:resetClient(111)) - omNode-2@group-523986131536->omNode-3-GrpcLogAppender: Leader has not got in touch with Follower omNode-2@group-523986131536->omNode-3(c-1,m0,n95, attendVote=true, lastRpcSendTime=3, lastRpcResponseTime=18292) yet, just keep nextIndex unchanged and retry.
2021-01-13 14:10:14,908 [grpc-default-executor-4] WARN  server.GrpcLogAppender (LogUtils.java:warn(122)) - omNode-2@group-523986131536->omNode-3-AppendLogResponseHandler: Failed appendEntries: org.apache.ratis.thirdparty.io.grpc.StatusRuntimeException: UNAVAILABLE: io exception
2021-01-13 14:10:14,909 [grpc-default-executor-4] WARN  server.GrpcLogAppender (GrpcLogAppender.java:resetClient(111)) - omNode-2@group-523986131536->omNode-3-GrpcLogAppender: Leader has not got in touch with Follower omNode-2@group-523986131536->omNode-3(c-1,m0,n96, attendVote=true, lastRpcSendTime=0, lastRpcResponseTime=18311) yet, just keep nextIndex unchanged and retry.
2021-01-13 14:10:14,913 [grpc-default-executor-3] WARN  server.GrpcLogAppender (LogUtils.java:warn(122)) - omNode-2@group-523986131536->omNode-3-AppendLogResponseHandler: Failed appendEntries: org.apache.ratis.thirdparty.io.grpc.StatusRuntimeException: UNAVAILABLE: io exception
2021-01-13 14:10:14,913 [grpc-default-executor-3] WARN  server.GrpcLogAppender (GrpcLogAppender.java:resetClient(111)) - omNode-2@group-523986131536->omNode-3-GrpcLogAppender: Leader has not got in touch with Follower omNode-2@group-523986131536->omNode-3(c-1,m0,n97, attendVote=true, lastRpcSendTime=0, lastRpcResponseTime=18315) yet, just keep nextIndex unchanged and retry.
2021-01-13 14:10:15,018 [grpc-default-executor-3] WARN  server.GrpcLogAppender (LogUtils.java:warn(122)) - omNode-2@group-523986131536->omNode-3-AppendLogResponseHandler: Failed appendEntries: org.apache.ratis.thirdparty.io.grpc.StatusRuntimeException: UNAVAILABLE: io exception
2021-01-13 14:10:15,019 [grpc-default-executor-3] WARN  server.GrpcLogAppender (GrpcLogAppender.java:resetClient(111)) - omNode-2@group-523986131536->omNode-3-GrpcLogAppender: Leader has not got in touch with Follower omNode-2@group-523986131536->omNode-3(c-1,m0,n98, attendVote=true, lastRpcSendTime=105, lastRpcResponseTime=18421) yet, just keep nextIndex unchanged and retry.
2021-01-13 14:10:15,026 [grpc-default-executor-3] WARN  server.GrpcLogAppender (LogUtils.java:warn(122)) - omNode-2@group-523986131536->omNode-3-AppendLogResponseHandler: Failed appendEntries: org.apache.ratis.thirdparty.io.grpc.StatusRuntimeException: UNAVAILABLE: io exception
2021-01-13 14:10:15,027 [grpc-default-executor-3] WARN  server.GrpcLogAppender (GrpcLogAppender.java:resetClient(111)) - omNode-2@group-523986131536->omNode-3-GrpcLogAppender: Leader has not got in touch with Follower omNode-2@group-523986131536->omNode-3(c-1,m0,n99, attendVote=true, lastRpcSendTime=1, lastRpcResponseTime=18429) yet, just keep nextIndex unchanged and retry.
2021-01-13 14:10:15,048 [grpc-default-executor-3] WARN  server.GrpcLogAppender (LogUtils.java:warn(122)) - omNode-2@group-523986131536->omNode-3-AppendLogResponseHandler: Failed appendEntries: org.apache.ratis.thirdparty.io.grpc.StatusRuntimeException: UNAVAILABLE: io exception
2021-01-13 14:10:15,049 [grpc-default-executor-3] WARN  server.GrpcLogAppender (GrpcLogAppender.java:resetClient(111)) - omNode-2@group-523986131536->omNode-3-GrpcLogAppender: Leader has not got in touch with Follower omNode-2@group-523986131536->omNode-3(c-1,m0,n100, attendVote=true, lastRpcSendTime=24, lastRpcResponseTime=18451) yet, just keep nextIndex unchanged and retry.
2021-01-13 14:10:15,055 [omNode-1@group-523986131536-StateMachineUpdater] INFO  ratis.OzoneManagerStateMachine (OzoneManagerStateMachine.java:takeSnapshot(345)) - Current Snapshot Index (t:1, i:99)
2021-01-13 14:10:15,055 [grpc-default-executor-3] WARN  server.GrpcLogAppender (LogUtils.java:warn(122)) - omNode-2@group-523986131536->omNode-3-AppendLogResponseHandler: Failed appendEntries: org.apache.ratis.thirdparty.io.grpc.StatusRuntimeException: UNAVAILABLE: io exception
2021-01-13 14:10:15,055 [omNode-1@group-523986131536-StateMachineUpdater] INFO  impl.StateMachineUpdater (StateMachineUpdater.java:takeSnapshot(279)) - omNode-1@group-523986131536-StateMachineUpdater: Took a snapshot at index 99
2021-01-13 14:10:15,055 [omNode-1@group-523986131536-StateMachineUpdater] INFO  impl.StateMachineUpdater (StateMachineUpdater.java:lambda$new$0(88)) - omNode-1@group-523986131536-StateMachineUpdater: snapshotIndex: updateIncreasingly 49 -> 99
2021-01-13 14:10:15,055 [omNode-1@group-523986131536-StateMachineUpdater] INFO  raftlog.RaftLog (RaftLogBase.java:purge(306)) - omNode-1@group-523986131536-SegmentedRaftLog: purge 99
2021-01-13 14:10:15,055 [omNode-1@group-523986131536-StateMachineUpdater] INFO  raftlog.RaftLog (RaftLogBase.java:lambda$new$0(53)) - omNode-1@group-523986131536-SegmentedRaftLog: snapshotIndex: updateIncreasingly 49 -> 99
2021-01-13 14:10:15,055 [omNode-1@group-523986131536-StateMachineUpdater] INFO  raftlog.RaftLog (RaftLogBase.java:lambda$new$0(53)) - omNode-1@group-523986131536-SegmentedRaftLog: purgeIndex: updateToMax old=49, new=99, updated? true
2021-01-13 14:10:15,056 [grpc-default-executor-3] WARN  server.GrpcLogAppender (GrpcLogAppender.java:resetClient(111)) - omNode-2@group-523986131536->omNode-3-GrpcLogAppender: Leader has not got in touch with Follower omNode-2@group-523986131536->omNode-3(c-1,m0,n101, attendVote=true, lastRpcSendTime=5, lastRpcResponseTime=18458) yet, just keep nextIndex unchanged and retry.
2021-01-13 14:10:15,057 [omNode-2@group-523986131536-StateMachineUpdater] INFO  ratis.OzoneManagerStateMachine (OzoneManagerStateMachine.java:takeSnapshot(345)) - Current Snapshot Index (t:1, i:99)
2021-01-13 14:10:15,057 [omNode-2@group-523986131536-StateMachineUpdater] INFO  impl.StateMachineUpdater (StateMachineUpdater.java:takeSnapshot(279)) - omNode-2@group-523986131536-StateMachineUpdater: Took a snapshot at index 99
2021-01-13 14:10:15,057 [omNode-2@group-523986131536-StateMachineUpdater] INFO  impl.StateMachineUpdater (StateMachineUpdater.java:lambda$new$0(88)) - omNode-2@group-523986131536-StateMachineUpdater: snapshotIndex: updateIncreasingly 49 -> 99
2021-01-13 14:10:15,057 [omNode-2@group-523986131536-StateMachineUpdater] INFO  raftlog.RaftLog (RaftLogBase.java:purge(306)) - omNode-2@group-523986131536-SegmentedRaftLog: purge 99
2021-01-13 14:10:15,057 [omNode-2@group-523986131536-StateMachineUpdater] INFO  raftlog.RaftLog (RaftLogBase.java:lambda$new$0(53)) - omNode-2@group-523986131536-SegmentedRaftLog: snapshotIndex: updateIncreasingly 49 -> 99
2021-01-13 14:10:15,057 [omNode-2@group-523986131536-StateMachineUpdater] INFO  raftlog.RaftLog (RaftLogBase.java:lambda$new$0(53)) - omNode-2@group-523986131536-SegmentedRaftLog: purgeIndex: updateToMax old=49, new=99, updated? true
2021-01-13 14:10:15,161 [grpc-default-executor-3] WARN  server.GrpcLogAppender (LogUtils.java:warn(122)) - omNode-2@group-523986131536->omNode-3-AppendLogResponseHandler: Failed appendEntries: org.apache.ratis.thirdparty.io.grpc.StatusRuntimeException: UNAVAILABLE: io exception
2021-01-13 14:10:15,162 [grpc-default-executor-3] WARN  server.GrpcLogAppender (GrpcLogAppender.java:resetClient(111)) - omNode-2@group-523986131536->omNode-3-GrpcLogAppender: Leader has not got in touch with Follower omNode-2@group-523986131536->omNode-3(c-1,m0,n102, attendVote=true, lastRpcSendTime=0, lastRpcResponseTime=18564) yet, just keep nextIndex unchanged and retry.
2021-01-13 14:10:15,165 [grpc-default-executor-4] WARN  server.GrpcLogAppender (LogUtils.java:warn(122)) - omNode-2@group-523986131536->omNode-3-AppendLogResponseHandler: Failed appendEntries: org.apache.ratis.thirdparty.io.grpc.StatusRuntimeException: UNAVAILABLE: io exception
2021-01-13 14:10:15,165 [grpc-default-executor-4] WARN  server.GrpcLogAppender (GrpcLogAppender.java:resetClient(111)) - omNode-2@group-523986131536->omNode-3-GrpcLogAppender: Leader has not got in touch with Follower omNode-2@group-523986131536->omNode-3(c-1,m0,n103, attendVote=true, lastRpcSendTime=0, lastRpcResponseTime=18567) yet, just keep nextIndex unchanged and retry.
2021-01-13 14:10:15,181 [grpc-default-executor-4] WARN  server.GrpcLogAppender (LogUtils.java:warn(122)) - omNode-2@group-523986131536->omNode-3-AppendLogResponseHandler: Failed appendEntries: org.apache.ratis.thirdparty.io.grpc.StatusRuntimeException: UNAVAILABLE: io exception
2021-01-13 14:10:15,181 [grpc-default-executor-4] WARN  server.GrpcLogAppender (GrpcLogAppender.java:resetClient(111)) - omNode-2@group-523986131536->omNode-3-GrpcLogAppender: Leader has not got in touch with Follower omNode-2@group-523986131536->omNode-3(c-1,m0,n104, attendVote=true, lastRpcSendTime=0, lastRpcResponseTime=18584) yet, just keep nextIndex unchanged and retry.
2021-01-13 14:10:15,185 [grpc-default-executor-4] WARN  server.GrpcLogAppender (LogUtils.java:warn(122)) - omNode-2@group-523986131536->omNode-3-AppendLogResponseHandler: Failed appendEntries: org.apache.ratis.thirdparty.io.grpc.StatusRuntimeException: UNAVAILABLE: io exception
2021-01-13 14:10:15,186 [grpc-default-executor-4] WARN  server.GrpcLogAppender (GrpcLogAppender.java:resetClient(111)) - omNode-2@group-523986131536->omNode-3-GrpcLogAppender: Leader has not got in touch with Follower omNode-2@group-523986131536->omNode-3(c-1,m0,n105, attendVote=true, lastRpcSendTime=1, lastRpcResponseTime=18588) yet, just keep nextIndex unchanged and retry.
2021-01-13 14:10:15,292 [grpc-default-executor-4] WARN  server.GrpcLogAppender (LogUtils.java:warn(122)) - omNode-2@group-523986131536->omNode-3-AppendLogResponseHandler: Failed appendEntries: org.apache.ratis.thirdparty.io.grpc.StatusRuntimeException: UNAVAILABLE: io exception
2021-01-13 14:10:15,293 [grpc-default-executor-4] WARN  server.GrpcLogAppender (GrpcLogAppender.java:resetClient(111)) - omNode-2@group-523986131536->omNode-3-GrpcLogAppender: Leader has not got in touch with Follower omNode-2@group-523986131536->omNode-3(c-1,m0,n106, attendVote=true, lastRpcSendTime=0, lastRpcResponseTime=18695) yet, just keep nextIndex unchanged and retry.
2021-01-13 14:10:15,302 [grpc-default-executor-5] WARN  server.GrpcLogAppender (LogUtils.java:warn(122)) - omNode-2@group-523986131536->omNode-3-AppendLogResponseHandler: Failed appendEntries: org.apache.ratis.thirdparty.io.grpc.StatusRuntimeException: UNAVAILABLE: io exception
2021-01-13 14:10:15,302 [grpc-default-executor-5] WARN  server.GrpcLogAppender (GrpcLogAppender.java:resetClient(111)) - omNode-2@group-523986131536->omNode-3-GrpcLogAppender: Leader has not got in touch with Follower omNode-2@group-523986131536->omNode-3(c-1,m0,n107, attendVote=true, lastRpcSendTime=10, lastRpcResponseTime=18705) yet, just keep nextIndex unchanged and retry.
2021-01-13 14:10:15,314 [grpc-default-executor-5] WARN  server.GrpcLogAppender (LogUtils.java:warn(122)) - omNode-2@group-523986131536->omNode-3-AppendLogResponseHandler: Failed appendEntries: org.apache.ratis.thirdparty.io.grpc.StatusRuntimeException: UNAVAILABLE: io exception
2021-01-13 14:10:15,314 [grpc-default-executor-5] WARN  server.GrpcLogAppender (GrpcLogAppender.java:resetClient(111)) - omNode-2@group-523986131536->omNode-3-GrpcLogAppender: Leader has not got in touch with Follower omNode-2@group-523986131536->omNode-3(c-1,m0,n108, attendVote=true, lastRpcSendTime=11, lastRpcResponseTime=18716) yet, just keep nextIndex unchanged and retry.
2021-01-13 14:10:15,319 [grpc-default-executor-5] WARN  server.GrpcLogAppender (LogUtils.java:warn(122)) - omNode-2@group-523986131536->omNode-3-AppendLogResponseHandler: Failed appendEntries: org.apache.ratis.thirdparty.io.grpc.StatusRuntimeException: UNAVAILABLE: io exception
2021-01-13 14:10:15,319 [grpc-default-executor-5] WARN  server.GrpcLogAppender (GrpcLogAppender.java:resetClient(111)) - omNode-2@group-523986131536->omNode-3-GrpcLogAppender: Leader has not got in touch with Follower omNode-2@group-523986131536->omNode-3(c-1,m0,n109, attendVote=true, lastRpcSendTime=0, lastRpcResponseTime=18722) yet, just keep nextIndex unchanged and retry.
2021-01-13 14:10:15,425 [grpc-default-executor-4] WARN  server.GrpcLogAppender (LogUtils.java:warn(122)) - omNode-2@group-523986131536->omNode-3-AppendLogResponseHandler: Failed appendEntries: org.apache.ratis.thirdparty.io.grpc.StatusRuntimeException: UNAVAILABLE: io exception
2021-01-13 14:10:15,425 [grpc-default-executor-4] WARN  server.GrpcLogAppender (GrpcLogAppender.java:resetClient(111)) - omNode-2@group-523986131536->omNode-3-GrpcLogAppender: Leader has not got in touch with Follower omNode-2@group-523986131536->omNode-3(c-1,m0,n110, attendVote=true, lastRpcSendTime=1, lastRpcResponseTime=18828) yet, just keep nextIndex unchanged and retry.
2021-01-13 14:10:15,434 [grpc-default-executor-4] WARN  server.GrpcLogAppender (LogUtils.java:warn(122)) - omNode-2@group-523986131536->omNode-3-AppendLogResponseHandler: Failed appendEntries: org.apache.ratis.thirdparty.io.grpc.StatusRuntimeException: UNAVAILABLE: io exception
2021-01-13 14:10:15,435 [grpc-default-executor-4] WARN  server.GrpcLogAppender (GrpcLogAppender.java:resetClient(111)) - omNode-2@group-523986131536->omNode-3-GrpcLogAppender: Leader has not got in touch with Follower omNode-2@group-523986131536->omNode-3(c-1,m0,n111, attendVote=true, lastRpcSendTime=10, lastRpcResponseTime=18837) yet, just keep nextIndex unchanged and retry.
2021-01-13 14:10:15,452 [grpc-default-executor-4] WARN  server.GrpcLogAppender (LogUtils.java:warn(122)) - omNode-2@group-523986131536->omNode-3-AppendLogResponseHandler: Failed appendEntries: org.apache.ratis.thirdparty.io.grpc.StatusRuntimeException: UNAVAILABLE: io exception
2021-01-13 14:10:15,452 [grpc-default-executor-4] WARN  server.GrpcLogAppender (GrpcLogAppender.java:resetClient(111)) - omNode-2@group-523986131536->omNode-3-GrpcLogAppender: Leader has not got in touch with Follower omNode-2@group-523986131536->omNode-3(c-1,m0,n112, attendVote=true, lastRpcSendTime=16, lastRpcResponseTime=18854) yet, just keep nextIndex unchanged and retry.
2021-01-13 14:10:15,458 [grpc-default-executor-4] WARN  server.GrpcLogAppender (LogUtils.java:warn(122)) - omNode-2@group-523986131536->omNode-3-AppendLogResponseHandler: Failed appendEntries: org.apache.ratis.thirdparty.io.grpc.StatusRuntimeException: UNAVAILABLE: io exception
2021-01-13 14:10:15,458 [grpc-default-executor-4] WARN  server.GrpcLogAppender (GrpcLogAppender.java:resetClient(111)) - omNode-2@group-523986131536->omNode-3-GrpcLogAppender: Leader has not got in touch with Follower omNode-2@group-523986131536->omNode-3(c-1,m0,n113, attendVote=true, lastRpcSendTime=4, lastRpcResponseTime=18860) yet, just keep nextIndex unchanged and retry.
2021-01-13 14:10:15,564 [grpc-default-executor-4] WARN  server.GrpcLogAppender (LogUtils.java:warn(122)) - omNode-2@group-523986131536->omNode-3-AppendLogResponseHandler: Failed appendEntries: org.apache.ratis.thirdparty.io.grpc.StatusRuntimeException: UNAVAILABLE: io exception
2021-01-13 14:10:15,565 [grpc-default-executor-4] WARN  server.GrpcLogAppender (GrpcLogAppender.java:resetClient(111)) - omNode-2@group-523986131536->omNode-3-GrpcLogAppender: Leader has not got in touch with Follower omNode-2@group-523986131536->omNode-3(c-1,m0,n114, attendVote=true, lastRpcSendTime=0, lastRpcResponseTime=18967) yet, just keep nextIndex unchanged and retry.
2021-01-13 14:10:15,573 [grpc-default-executor-4] WARN  server.GrpcLogAppender (LogUtils.java:warn(122)) - omNode-2@group-523986131536->omNode-3-AppendLogResponseHandler: Failed appendEntries: org.apache.ratis.thirdparty.io.grpc.StatusRuntimeException: UNAVAILABLE: io exception
2021-01-13 14:10:15,574 [grpc-default-executor-4] WARN  server.GrpcLogAppender (GrpcLogAppender.java:resetClient(111)) - omNode-2@group-523986131536->omNode-3-GrpcLogAppender: Leader has not got in touch with Follower omNode-2@group-523986131536->omNode-3(c-1,m0,n115, attendVote=true, lastRpcSendTime=1, lastRpcResponseTime=18976) yet, just keep nextIndex unchanged and retry.
2021-01-13 14:10:15,592 [grpc-default-executor-5] WARN  server.GrpcLogAppender (LogUtils.java:warn(122)) - omNode-2@group-523986131536->omNode-3-AppendLogResponseHandler: Failed appendEntries: org.apache.ratis.thirdparty.io.grpc.StatusRuntimeException: UNAVAILABLE: io exception
2021-01-13 14:10:15,593 [grpc-default-executor-5] WARN  server.GrpcLogAppender (GrpcLogAppender.java:resetClient(111)) - omNode-2@group-523986131536->omNode-3-GrpcLogAppender: Leader has not got in touch with Follower omNode-2@group-523986131536->omNode-3(c-1,m0,n116, attendVote=true, lastRpcSendTime=0, lastRpcResponseTime=18995) yet, just keep nextIndex unchanged and retry.
2021-01-13 14:10:15,598 [grpc-default-executor-5] WARN  server.GrpcLogAppender (LogUtils.java:warn(122)) - omNode-2@group-523986131536->omNode-3-AppendLogResponseHandler: Failed appendEntries: org.apache.ratis.thirdparty.io.grpc.StatusRuntimeException: UNAVAILABLE: io exception
2021-01-13 14:10:15,599 [grpc-default-executor-5] WARN  server.GrpcLogAppender (GrpcLogAppender.java:resetClient(111)) - omNode-2@group-523986131536->omNode-3-GrpcLogAppender: Leader has not got in touch with Follower omNode-2@group-523986131536->omNode-3(c-1,m0,n117, attendVote=true, lastRpcSendTime=4, lastRpcResponseTime=19001) yet, just keep nextIndex unchanged and retry.
2021-01-13 14:10:15,704 [grpc-default-executor-5] WARN  server.GrpcLogAppender (LogUtils.java:warn(122)) - omNode-2@group-523986131536->omNode-3-AppendLogResponseHandler: Failed appendEntries: org.apache.ratis.thirdparty.io.grpc.StatusRuntimeException: UNAVAILABLE: io exception
2021-01-13 14:10:15,705 [grpc-default-executor-5] WARN  server.GrpcLogAppender (GrpcLogAppender.java:resetClient(111)) - omNode-2@group-523986131536->omNode-3-GrpcLogAppender: Leader has not got in touch with Follower omNode-2@group-523986131536->omNode-3(c-1,m0,n118, attendVote=true, lastRpcSendTime=110, lastRpcResponseTime=19107) yet, just keep nextIndex unchanged and retry.
2021-01-13 14:10:15,719 [grpc-default-executor-5] WARN  server.GrpcLogAppender (LogUtils.java:warn(122)) - omNode-2@group-523986131536->omNode-3-AppendLogResponseHandler: Failed appendEntries: org.apache.ratis.thirdparty.io.grpc.StatusRuntimeException: UNAVAILABLE: io exception
2021-01-13 14:10:15,720 [grpc-default-executor-5] WARN  server.GrpcLogAppender (GrpcLogAppender.java:resetClient(111)) - omNode-2@group-523986131536->omNode-3-GrpcLogAppender: Leader has not got in touch with Follower omNode-2@group-523986131536->omNode-3(c-1,m0,n119, attendVote=true, lastRpcSendTime=3, lastRpcResponseTime=19122) yet, just keep nextIndex unchanged and retry.
2021-01-13 14:10:15,733 [grpc-default-executor-5] WARN  server.GrpcLogAppender (LogUtils.java:warn(122)) - omNode-2@group-523986131536->omNode-3-AppendLogResponseHandler: Failed appendEntries: org.apache.ratis.thirdparty.io.grpc.StatusRuntimeException: UNAVAILABLE: io exception
2021-01-13 14:10:15,733 [grpc-default-executor-5] WARN  server.GrpcLogAppender (GrpcLogAppender.java:resetClient(111)) - omNode-2@group-523986131536->omNode-3-GrpcLogAppender: Leader has not got in touch with Follower omNode-2@group-523986131536->omNode-3(c-1,m0,n120, attendVote=true, lastRpcSendTime=0, lastRpcResponseTime=19136) yet, just keep nextIndex unchanged and retry.
2021-01-13 14:10:15,738 [grpc-default-executor-5] WARN  server.GrpcLogAppender (LogUtils.java:warn(122)) - omNode-2@group-523986131536->omNode-3-AppendLogResponseHandler: Failed appendEntries: org.apache.ratis.thirdparty.io.grpc.StatusRuntimeException: UNAVAILABLE: io exception
2021-01-13 14:10:15,739 [grpc-default-executor-5] WARN  server.GrpcLogAppender (GrpcLogAppender.java:resetClient(111)) - omNode-2@group-523986131536->omNode-3-GrpcLogAppender: Leader has not got in touch with Follower omNode-2@group-523986131536->omNode-3(c-1,m0,n121, attendVote=true, lastRpcSendTime=2, lastRpcResponseTime=19141) yet, just keep nextIndex unchanged and retry.
2021-01-13 14:10:15,842 [grpc-default-executor-5] WARN  server.GrpcLogAppender (LogUtils.java:warn(122)) - omNode-2@group-523986131536->omNode-3-AppendLogResponseHandler: Failed appendEntries: org.apache.ratis.thirdparty.io.grpc.StatusRuntimeException: UNAVAILABLE: io exception
2021-01-13 14:10:15,842 [grpc-default-executor-5] WARN  server.GrpcLogAppender (GrpcLogAppender.java:resetClient(111)) - omNode-2@group-523986131536->omNode-3-GrpcLogAppender: Leader has not got in touch with Follower omNode-2@group-523986131536->omNode-3(c-1,m0,n122, attendVote=true, lastRpcSendTime=0, lastRpcResponseTime=19244) yet, just keep nextIndex unchanged and retry.
2021-01-13 14:10:15,851 [grpc-default-executor-5] WARN  server.GrpcLogAppender (LogUtils.java:warn(122)) - omNode-2@group-523986131536->omNode-3-AppendLogResponseHandler: Failed appendEntries: org.apache.ratis.thirdparty.io.grpc.StatusRuntimeException: UNAVAILABLE: io exception
2021-01-13 14:10:15,852 [grpc-default-executor-5] WARN  server.GrpcLogAppender (GrpcLogAppender.java:resetClient(111)) - omNode-2@group-523986131536->omNode-3-GrpcLogAppender: Leader has not got in touch with Follower omNode-2@group-523986131536->omNode-3(c-1,m0,n123, attendVote=true, lastRpcSendTime=10, lastRpcResponseTime=19254) yet, just keep nextIndex unchanged and retry.
2021-01-13 14:10:15,873 [grpc-default-executor-4] WARN  server.GrpcLogAppender (LogUtils.java:warn(122)) - omNode-2@group-523986131536->omNode-3-AppendLogResponseHandler: Failed appendEntries: org.apache.ratis.thirdparty.io.grpc.StatusRuntimeException: UNAVAILABLE: io exception
2021-01-13 14:10:15,874 [grpc-default-executor-4] WARN  server.GrpcLogAppender (GrpcLogAppender.java:resetClient(111)) - omNode-2@group-523986131536->omNode-3-GrpcLogAppender: Leader has not got in touch with Follower omNode-2@group-523986131536->omNode-3(c-1,m0,n124, attendVote=true, lastRpcSendTime=0, lastRpcResponseTime=19276) yet, just keep nextIndex unchanged and retry.
2021-01-13 14:10:15,876 [grpc-default-executor-5] WARN  server.GrpcLogAppender (LogUtils.java:warn(122)) - omNode-2@group-523986131536->omNode-3-AppendLogResponseHandler: Failed appendEntries: org.apache.ratis.thirdparty.io.grpc.StatusRuntimeException: UNAVAILABLE: io exception
2021-01-13 14:10:15,877 [grpc-default-executor-5] WARN  server.GrpcLogAppender (GrpcLogAppender.java:resetClient(111)) - omNode-2@group-523986131536->omNode-3-GrpcLogAppender: Leader has not got in touch with Follower omNode-2@group-523986131536->omNode-3(c-1,m0,n125, attendVote=true, lastRpcSendTime=1, lastRpcResponseTime=19279) yet, just keep nextIndex unchanged and retry.
2021-01-13 14:10:15,981 [grpc-default-executor-5] WARN  server.GrpcLogAppender (LogUtils.java:warn(122)) - omNode-2@group-523986131536->omNode-3-AppendLogResponseHandler: Failed appendEntries: org.apache.ratis.thirdparty.io.grpc.StatusRuntimeException: UNAVAILABLE: io exception
2021-01-13 14:10:15,981 [grpc-default-executor-5] WARN  server.GrpcLogAppender (GrpcLogAppender.java:resetClient(111)) - omNode-2@group-523986131536->omNode-3-GrpcLogAppender: Leader has not got in touch with Follower omNode-2@group-523986131536->omNode-3(c-1,m0,n126, attendVote=true, lastRpcSendTime=0, lastRpcResponseTime=19383) yet, just keep nextIndex unchanged and retry.
2021-01-13 14:10:15,993 [grpc-default-executor-5] WARN  server.GrpcLogAppender (LogUtils.java:warn(122)) - omNode-2@group-523986131536->omNode-3-AppendLogResponseHandler: Failed appendEntries: org.apache.ratis.thirdparty.io.grpc.StatusRuntimeException: UNAVAILABLE: io exception
2021-01-13 14:10:15,993 [grpc-default-executor-5] WARN  server.GrpcLogAppender (GrpcLogAppender.java:resetClient(111)) - omNode-2@group-523986131536->omNode-3-GrpcLogAppender: Leader has not got in touch with Follower omNode-2@group-523986131536->omNode-3(c-1,m0,n127, attendVote=true, lastRpcSendTime=6, lastRpcResponseTime=19395) yet, just keep nextIndex unchanged and retry.
2021-01-13 14:10:16,005 [grpc-default-executor-5] WARN  server.GrpcLogAppender (LogUtils.java:warn(122)) - omNode-2@group-523986131536->omNode-3-AppendLogResponseHandler: Failed appendEntries: org.apache.ratis.thirdparty.io.grpc.StatusRuntimeException: UNAVAILABLE: io exception
2021-01-13 14:10:16,006 [grpc-default-executor-5] WARN  server.GrpcLogAppender (GrpcLogAppender.java:resetClient(111)) - omNode-2@group-523986131536->omNode-3-GrpcLogAppender: Leader has not got in touch with Follower omNode-2@group-523986131536->omNode-3(c-1,m0,n128, attendVote=true, lastRpcSendTime=1, lastRpcResponseTime=19409) yet, just keep nextIndex unchanged and retry.
2021-01-13 14:10:16,011 [grpc-default-executor-5] WARN  server.GrpcLogAppender (LogUtils.java:warn(122)) - omNode-2@group-523986131536->omNode-3-AppendLogResponseHandler: Failed appendEntries: org.apache.ratis.thirdparty.io.grpc.StatusRuntimeException: UNAVAILABLE: io exception
2021-01-13 14:10:16,015 [grpc-default-executor-5] WARN  server.GrpcLogAppender (GrpcLogAppender.java:resetClient(111)) - omNode-2@group-523986131536->omNode-3-GrpcLogAppender: Leader has not got in touch with Follower omNode-2@group-523986131536->omNode-3(c-1,m0,n129, attendVote=true, lastRpcSendTime=4, lastRpcResponseTime=19417) yet, just keep nextIndex unchanged and retry.
2021-01-13 14:10:16,115 [grpc-default-executor-5] WARN  server.GrpcLogAppender (LogUtils.java:warn(122)) - omNode-2@group-523986131536->omNode-3-AppendLogResponseHandler: Failed appendEntries: org.apache.ratis.thirdparty.io.grpc.StatusRuntimeException: UNAVAILABLE: io exception
2021-01-13 14:10:16,116 [grpc-default-executor-5] WARN  server.GrpcLogAppender (GrpcLogAppender.java:resetClient(111)) - omNode-2@group-523986131536->omNode-3-GrpcLogAppender: Leader has not got in touch with Follower omNode-2@group-523986131536->omNode-3(c-1,m0,n130, attendVote=true, lastRpcSendTime=0, lastRpcResponseTime=19518) yet, just keep nextIndex unchanged and retry.
2021-01-13 14:10:16,124 [grpc-default-executor-5] WARN  server.GrpcLogAppender (LogUtils.java:warn(122)) - omNode-2@group-523986131536->omNode-3-AppendLogResponseHandler: Failed appendEntries: org.apache.ratis.thirdparty.io.grpc.StatusRuntimeException: UNAVAILABLE: io exception
2021-01-13 14:10:16,124 [grpc-default-executor-5] WARN  server.GrpcLogAppender (GrpcLogAppender.java:resetClient(111)) - omNode-2@group-523986131536->omNode-3-GrpcLogAppender: Leader has not got in touch with Follower omNode-2@group-523986131536->omNode-3(c-1,m0,n131, attendVote=true, lastRpcSendTime=9, lastRpcResponseTime=19527) yet, just keep nextIndex unchanged and retry.
2021-01-13 14:10:16,138 [grpc-default-executor-3] WARN  server.GrpcLogAppender (LogUtils.java:warn(122)) - omNode-2@group-523986131536->omNode-3-AppendLogResponseHandler: Failed appendEntries: org.apache.ratis.thirdparty.io.grpc.StatusRuntimeException: UNAVAILABLE: io exception
2021-01-13 14:10:16,140 [grpc-default-executor-3] WARN  server.GrpcLogAppender (GrpcLogAppender.java:resetClient(111)) - omNode-2@group-523986131536->omNode-3-GrpcLogAppender: Leader has not got in touch with Follower omNode-2@group-523986131536->omNode-3(c-1,m0,n132, attendVote=true, lastRpcSendTime=1, lastRpcResponseTime=19542) yet, just keep nextIndex unchanged and retry.
2021-01-13 14:10:16,147 [grpc-default-executor-3] WARN  server.GrpcLogAppender (LogUtils.java:warn(122)) - omNode-2@group-523986131536->omNode-3-AppendLogResponseHandler: Failed appendEntries: org.apache.ratis.thirdparty.io.grpc.StatusRuntimeException: UNAVAILABLE: io exception
2021-01-13 14:10:16,148 [grpc-default-executor-3] WARN  server.GrpcLogAppender (GrpcLogAppender.java:resetClient(111)) - omNode-2@group-523986131536->omNode-3-GrpcLogAppender: Leader has not got in touch with Follower omNode-2@group-523986131536->omNode-3(c-1,m0,n133, attendVote=true, lastRpcSendTime=0, lastRpcResponseTime=19550) yet, just keep nextIndex unchanged and retry.
2021-01-13 14:10:16,254 [grpc-default-executor-3] WARN  server.GrpcLogAppender (LogUtils.java:warn(122)) - omNode-2@group-523986131536->omNode-3-AppendLogResponseHandler: Failed appendEntries: org.apache.ratis.thirdparty.io.grpc.StatusRuntimeException: UNAVAILABLE: io exception
2021-01-13 14:10:16,254 [grpc-default-executor-3] WARN  server.GrpcLogAppender (GrpcLogAppender.java:resetClient(111)) - omNode-2@group-523986131536->omNode-3-GrpcLogAppender: Leader has not got in touch with Follower omNode-2@group-523986131536->omNode-3(c-1,m0,n134, attendVote=true, lastRpcSendTime=0, lastRpcResponseTime=19657) yet, just keep nextIndex unchanged and retry.
2021-01-13 14:10:16,259 [grpc-default-executor-5] WARN  server.GrpcLogAppender (LogUtils.java:warn(122)) - omNode-2@group-523986131536->omNode-3-AppendLogResponseHandler: Failed appendEntries: org.apache.ratis.thirdparty.io.grpc.StatusRuntimeException: UNAVAILABLE: io exception
2021-01-13 14:10:16,259 [grpc-default-executor-5] WARN  server.GrpcLogAppender (GrpcLogAppender.java:resetClient(111)) - omNode-2@group-523986131536->omNode-3-GrpcLogAppender: Leader has not got in touch with Follower omNode-2@group-523986131536->omNode-3(c-1,m0,n135, attendVote=true, lastRpcSendTime=5, lastRpcResponseTime=19661) yet, just keep nextIndex unchanged and retry.
2021-01-13 14:10:16,273 [grpc-default-executor-5] WARN  server.GrpcLogAppender (LogUtils.java:warn(122)) - omNode-2@group-523986131536->omNode-3-AppendLogResponseHandler: Failed appendEntries: org.apache.ratis.thirdparty.io.grpc.StatusRuntimeException: UNAVAILABLE: io exception
2021-01-13 14:10:16,274 [grpc-default-executor-5] WARN  server.GrpcLogAppender (GrpcLogAppender.java:resetClient(111)) - omNode-2@group-523986131536->omNode-3-GrpcLogAppender: Leader has not got in touch with Follower omNode-2@group-523986131536->omNode-3(c-1,m0,n136, attendVote=true, lastRpcSendTime=0, lastRpcResponseTime=19676) yet, just keep nextIndex unchanged and retry.
2021-01-13 14:10:16,279 [grpc-default-executor-5] WARN  server.GrpcLogAppender (LogUtils.java:warn(122)) - omNode-2@group-523986131536->omNode-3-AppendLogResponseHandler: Failed appendEntries: org.apache.ratis.thirdparty.io.grpc.StatusRuntimeException: UNAVAILABLE: io exception
2021-01-13 14:10:16,279 [grpc-default-executor-5] WARN  server.GrpcLogAppender (GrpcLogAppender.java:resetClient(111)) - omNode-2@group-523986131536->omNode-3-GrpcLogAppender: Leader has not got in touch with Follower omNode-2@group-523986131536->omNode-3(c-1,m0,n137, attendVote=true, lastRpcSendTime=0, lastRpcResponseTime=19681) yet, just keep nextIndex unchanged and retry.
2021-01-13 14:10:16,384 [grpc-default-executor-5] WARN  server.GrpcLogAppender (LogUtils.java:warn(122)) - omNode-2@group-523986131536->omNode-3-AppendLogResponseHandler: Failed appendEntries: org.apache.ratis.thirdparty.io.grpc.StatusRuntimeException: UNAVAILABLE: io exception
2021-01-13 14:10:16,385 [grpc-default-executor-5] WARN  server.GrpcLogAppender (GrpcLogAppender.java:resetClient(111)) - omNode-2@group-523986131536->omNode-3-GrpcLogAppender: Leader has not got in touch with Follower omNode-2@group-523986131536->omNode-3(c-1,m0,n138, attendVote=true, lastRpcSendTime=106, lastRpcResponseTime=19787) yet, just keep nextIndex unchanged and retry.
2021-01-13 14:10:16,389 [grpc-default-executor-5] WARN  server.GrpcLogAppender (LogUtils.java:warn(122)) - omNode-2@group-523986131536->omNode-3-AppendLogResponseHandler: Failed appendEntries: org.apache.ratis.thirdparty.io.grpc.StatusRuntimeException: UNAVAILABLE: io exception
2021-01-13 14:10:16,389 [grpc-default-executor-5] WARN  server.GrpcLogAppender (GrpcLogAppender.java:resetClient(111)) - omNode-2@group-523986131536->omNode-3-GrpcLogAppender: Leader has not got in touch with Follower omNode-2@group-523986131536->omNode-3(c-1,m0,n139, attendVote=true, lastRpcSendTime=1, lastRpcResponseTime=19791) yet, just keep nextIndex unchanged and retry.
2021-01-13 14:10:16,404 [grpc-default-executor-5] WARN  server.GrpcLogAppender (LogUtils.java:warn(122)) - omNode-2@group-523986131536->omNode-3-AppendLogResponseHandler: Failed appendEntries: org.apache.ratis.thirdparty.io.grpc.StatusRuntimeException: UNAVAILABLE: io exception
2021-01-13 14:10:16,404 [grpc-default-executor-5] WARN  server.GrpcLogAppender (GrpcLogAppender.java:resetClient(111)) - omNode-2@group-523986131536->omNode-3-GrpcLogAppender: Leader has not got in touch with Follower omNode-2@group-523986131536->omNode-3(c-1,m0,n140, attendVote=true, lastRpcSendTime=0, lastRpcResponseTime=19806) yet, just keep nextIndex unchanged and retry.
2021-01-13 14:10:16,412 [grpc-default-executor-5] WARN  server.GrpcLogAppender (LogUtils.java:warn(122)) - omNode-2@group-523986131536->omNode-3-AppendLogResponseHandler: Failed appendEntries: org.apache.ratis.thirdparty.io.grpc.StatusRuntimeException: UNAVAILABLE: io exception
2021-01-13 14:10:16,413 [grpc-default-executor-5] WARN  server.GrpcLogAppender (GrpcLogAppender.java:resetClient(111)) - omNode-2@group-523986131536->omNode-3-GrpcLogAppender: Leader has not got in touch with Follower omNode-2@group-523986131536->omNode-3(c-1,m0,n141, attendVote=true, lastRpcSendTime=0, lastRpcResponseTime=19815) yet, just keep nextIndex unchanged and retry.
2021-01-13 14:10:16,514 [grpc-default-executor-3] WARN  server.GrpcLogAppender (LogUtils.java:warn(122)) - omNode-2@group-523986131536->omNode-3-AppendLogResponseHandler: Failed appendEntries: org.apache.ratis.thirdparty.io.grpc.StatusRuntimeException: UNAVAILABLE: io exception
2021-01-13 14:10:16,515 [grpc-default-executor-3] WARN  server.GrpcLogAppender (GrpcLogAppender.java:resetClient(111)) - omNode-2@group-523986131536->omNode-3-GrpcLogAppender: Leader has not got in touch with Follower omNode-2@group-523986131536->omNode-3(c-1,m0,n142, attendVote=true, lastRpcSendTime=103, lastRpcResponseTime=19917) yet, just keep nextIndex unchanged and retry.
2021-01-13 14:10:16,518 [grpc-default-executor-3] WARN  server.GrpcLogAppender (LogUtils.java:warn(122)) - omNode-2@group-523986131536->omNode-3-AppendLogResponseHandler: Failed appendEntries: org.apache.ratis.thirdparty.io.grpc.StatusRuntimeException: UNAVAILABLE: io exception
2021-01-13 14:10:16,518 [grpc-default-executor-3] WARN  server.GrpcLogAppender (GrpcLogAppender.java:resetClient(111)) - omNode-2@group-523986131536->omNode-3-GrpcLogAppender: Leader has not got in touch with Follower omNode-2@group-523986131536->omNode-3(c-1,m0,n143, attendVote=true, lastRpcSendTime=0, lastRpcResponseTime=19920) yet, just keep nextIndex unchanged and retry.
2021-01-13 14:10:16,537 [grpc-default-executor-5] WARN  server.GrpcLogAppender (LogUtils.java:warn(122)) - omNode-2@group-523986131536->omNode-3-AppendLogResponseHandler: Failed appendEntries: org.apache.ratis.thirdparty.io.grpc.StatusRuntimeException: UNAVAILABLE: io exception
2021-01-13 14:10:16,538 [grpc-default-executor-5] WARN  server.GrpcLogAppender (GrpcLogAppender.java:resetClient(111)) - omNode-2@group-523986131536->omNode-3-GrpcLogAppender: Leader has not got in touch with Follower omNode-2@group-523986131536->omNode-3(c-1,m0,n144, attendVote=true, lastRpcSendTime=0, lastRpcResponseTime=19940) yet, just keep nextIndex unchanged and retry.
2021-01-13 14:10:16,544 [grpc-default-executor-4] WARN  server.GrpcLogAppender (LogUtils.java:warn(122)) - omNode-2@group-523986131536->omNode-3-AppendLogResponseHandler: Failed appendEntries: org.apache.ratis.thirdparty.io.grpc.StatusRuntimeException: UNAVAILABLE: io exception
2021-01-13 14:10:16,544 [grpc-default-executor-4] WARN  server.GrpcLogAppender (GrpcLogAppender.java:resetClient(111)) - omNode-2@group-523986131536->omNode-3-GrpcLogAppender: Leader has not got in touch with Follower omNode-2@group-523986131536->omNode-3(c-1,m0,n145, attendVote=true, lastRpcSendTime=0, lastRpcResponseTime=19946) yet, just keep nextIndex unchanged and retry.
2021-01-13 14:10:16,652 [grpc-default-executor-5] WARN  server.GrpcLogAppender (LogUtils.java:warn(122)) - omNode-2@group-523986131536->omNode-3-AppendLogResponseHandler: Failed appendEntries: org.apache.ratis.thirdparty.io.grpc.StatusRuntimeException: UNAVAILABLE: io exception
2021-01-13 14:10:16,653 [grpc-default-executor-5] WARN  server.GrpcLogAppender (GrpcLogAppender.java:resetClient(111)) - omNode-2@group-523986131536->omNode-3-GrpcLogAppender: Leader has not got in touch with Follower omNode-2@group-523986131536->omNode-3(c-1,m0,n146, attendVote=true, lastRpcSendTime=2, lastRpcResponseTime=20055) yet, just keep nextIndex unchanged and retry.
2021-01-13 14:10:16,659 [grpc-default-executor-5] WARN  server.GrpcLogAppender (LogUtils.java:warn(122)) - omNode-2@group-523986131536->omNode-3-AppendLogResponseHandler: Failed appendEntries: org.apache.ratis.thirdparty.io.grpc.StatusRuntimeException: UNAVAILABLE: io exception
2021-01-13 14:10:16,659 [grpc-default-executor-5] WARN  server.GrpcLogAppender (GrpcLogAppender.java:resetClient(111)) - omNode-2@group-523986131536->omNode-3-GrpcLogAppender: Leader has not got in touch with Follower omNode-2@group-523986131536->omNode-3(c-1,m0,n147, attendVote=true, lastRpcSendTime=2, lastRpcResponseTime=20061) yet, just keep nextIndex unchanged and retry.
2021-01-13 14:10:16,677 [grpc-default-executor-4] WARN  server.GrpcLogAppender (LogUtils.java:warn(122)) - omNode-2@group-523986131536->omNode-3-AppendLogResponseHandler: Failed appendEntries: org.apache.ratis.thirdparty.io.grpc.StatusRuntimeException: UNAVAILABLE: io exception
2021-01-13 14:10:16,678 [grpc-default-executor-4] WARN  server.GrpcLogAppender (GrpcLogAppender.java:resetClient(111)) - omNode-2@group-523986131536->omNode-3-GrpcLogAppender: Leader has not got in touch with Follower omNode-2@group-523986131536->omNode-3(c-1,m0,n148, attendVote=true, lastRpcSendTime=21, lastRpcResponseTime=20080) yet, just keep nextIndex unchanged and retry.
2021-01-13 14:10:16,682 [grpc-default-executor-4] WARN  server.GrpcLogAppender (LogUtils.java:warn(122)) - omNode-2@group-523986131536->omNode-3-AppendLogResponseHandler: Failed appendEntries: org.apache.ratis.thirdparty.io.grpc.StatusRuntimeException: UNAVAILABLE: io exception
2021-01-13 14:10:16,683 [grpc-default-executor-4] WARN  server.GrpcLogAppender (GrpcLogAppender.java:resetClient(111)) - omNode-2@group-523986131536->omNode-3-GrpcLogAppender: Leader has not got in touch with Follower omNode-2@group-523986131536->omNode-3(c-1,m0,n149, attendVote=true, lastRpcSendTime=1, lastRpcResponseTime=20085) yet, just keep nextIndex unchanged and retry.
2021-01-13 14:10:16,791 [grpc-default-executor-4] WARN  server.GrpcLogAppender (LogUtils.java:warn(122)) - omNode-2@group-523986131536->omNode-3-AppendLogResponseHandler: Failed appendEntries: org.apache.ratis.thirdparty.io.grpc.StatusRuntimeException: UNAVAILABLE: io exception
2021-01-13 14:10:16,792 [grpc-default-executor-4] WARN  server.GrpcLogAppender (GrpcLogAppender.java:resetClient(111)) - omNode-2@group-523986131536->omNode-3-GrpcLogAppender: Leader has not got in touch with Follower omNode-2@group-523986131536->omNode-3(c-1,m0,n150, attendVote=true, lastRpcSendTime=0, lastRpcResponseTime=20194) yet, just keep nextIndex unchanged and retry.
2021-01-13 14:10:16,796 [omNode-2@group-523986131536-StateMachineUpdater] INFO  ratis.OzoneManagerStateMachine (OzoneManagerStateMachine.java:takeSnapshot(345)) - Current Snapshot Index (t:1, i:148)
2021-01-13 14:10:16,796 [omNode-2@group-523986131536-StateMachineUpdater] INFO  impl.StateMachineUpdater (StateMachineUpdater.java:takeSnapshot(279)) - omNode-2@group-523986131536-StateMachineUpdater: Took a snapshot at index 148
2021-01-13 14:10:16,796 [omNode-2@group-523986131536-StateMachineUpdater] INFO  impl.StateMachineUpdater (StateMachineUpdater.java:lambda$new$0(88)) - omNode-2@group-523986131536-StateMachineUpdater: snapshotIndex: updateIncreasingly 99 -> 148
2021-01-13 14:10:16,798 [grpc-default-executor-5] WARN  server.GrpcLogAppender (LogUtils.java:warn(122)) - omNode-2@group-523986131536->omNode-3-AppendLogResponseHandler: Failed appendEntries: org.apache.ratis.thirdparty.io.grpc.StatusRuntimeException: UNAVAILABLE: io exception
2021-01-13 14:10:16,798 [grpc-default-executor-5] WARN  server.GrpcLogAppender (GrpcLogAppender.java:resetClient(111)) - omNode-2@group-523986131536->omNode-3-GrpcLogAppender: Leader has not got in touch with Follower omNode-2@group-523986131536->omNode-3(c-1,m0,n151, attendVote=true, lastRpcSendTime=2, lastRpcResponseTime=20200) yet, just keep nextIndex unchanged and retry.
2021-01-13 14:10:16,809 [omNode-1@group-523986131536-StateMachineUpdater] INFO  ratis.OzoneManagerStateMachine (OzoneManagerStateMachine.java:takeSnapshot(345)) - Current Snapshot Index (t:1, i:149)
2021-01-13 14:10:16,809 [omNode-1@group-523986131536-StateMachineUpdater] INFO  impl.StateMachineUpdater (StateMachineUpdater.java:takeSnapshot(279)) - omNode-1@group-523986131536-StateMachineUpdater: Took a snapshot at index 149
2021-01-13 14:10:16,809 [omNode-1@group-523986131536-StateMachineUpdater] INFO  impl.StateMachineUpdater (StateMachineUpdater.java:lambda$new$0(88)) - omNode-1@group-523986131536-StateMachineUpdater: snapshotIndex: updateIncreasingly 99 -> 149
2021-01-13 14:10:16,809 [omNode-1@group-523986131536-StateMachineUpdater] INFO  raftlog.RaftLog (RaftLogBase.java:purge(306)) - omNode-1@group-523986131536-SegmentedRaftLog: purge 149
2021-01-13 14:10:16,809 [omNode-1@group-523986131536-StateMachineUpdater] INFO  raftlog.RaftLog (RaftLogBase.java:lambda$new$0(53)) - omNode-1@group-523986131536-SegmentedRaftLog: snapshotIndex: updateIncreasingly 99 -> 149
2021-01-13 14:10:16,809 [omNode-1@group-523986131536-StateMachineUpdater] INFO  raftlog.RaftLog (RaftLogBase.java:lambda$new$0(53)) - omNode-1@group-523986131536-SegmentedRaftLog: purgeIndex: updateToMax old=99, new=149, updated? true
2021-01-13 14:10:16,816 [grpc-default-executor-5] WARN  server.GrpcLogAppender (LogUtils.java:warn(122)) - omNode-2@group-523986131536->omNode-3-AppendLogResponseHandler: Failed appendEntries: org.apache.ratis.thirdparty.io.grpc.StatusRuntimeException: UNAVAILABLE: io exception
2021-01-13 14:10:16,816 [grpc-default-executor-5] WARN  server.GrpcLogAppender (GrpcLogAppender.java:resetClient(111)) - omNode-2@group-523986131536->omNode-3-GrpcLogAppender: Leader has not got in touch with Follower omNode-2@group-523986131536->omNode-3(c-1,m0,n152, attendVote=true, lastRpcSendTime=0, lastRpcResponseTime=20218) yet, just keep nextIndex unchanged and retry.
2021-01-13 14:10:16,823 [grpc-default-executor-5] WARN  server.GrpcLogAppender (LogUtils.java:warn(122)) - omNode-2@group-523986131536->omNode-3-AppendLogResponseHandler: Failed appendEntries: org.apache.ratis.thirdparty.io.grpc.StatusRuntimeException: UNAVAILABLE: io exception
2021-01-13 14:10:16,824 [grpc-default-executor-5] WARN  server.GrpcLogAppender (GrpcLogAppender.java:resetClient(111)) - omNode-2@group-523986131536->omNode-3-GrpcLogAppender: Leader has not got in touch with Follower omNode-2@group-523986131536->omNode-3(c-1,m0,n153, attendVote=true, lastRpcSendTime=8, lastRpcResponseTime=20226) yet, just keep nextIndex unchanged and retry.
2021-01-13 14:10:16,931 [grpc-default-executor-5] WARN  server.GrpcLogAppender (LogUtils.java:warn(122)) - omNode-2@group-523986131536->omNode-3-AppendLogResponseHandler: Failed appendEntries: org.apache.ratis.thirdparty.io.grpc.StatusRuntimeException: UNAVAILABLE: io exception
2021-01-13 14:10:16,932 [grpc-default-executor-5] WARN  server.GrpcLogAppender (GrpcLogAppender.java:resetClient(111)) - omNode-2@group-523986131536->omNode-3-GrpcLogAppender: Leader has not got in touch with Follower omNode-2@group-523986131536->omNode-3(c-1,m0,n154, attendVote=true, lastRpcSendTime=0, lastRpcResponseTime=20334) yet, just keep nextIndex unchanged and retry.
2021-01-13 14:10:16,934 [grpc-default-executor-4] WARN  server.GrpcLogAppender (LogUtils.java:warn(122)) - omNode-2@group-523986131536->omNode-3-AppendLogResponseHandler: Failed appendEntries: org.apache.ratis.thirdparty.io.grpc.StatusRuntimeException: UNAVAILABLE: io exception
2021-01-13 14:10:16,934 [grpc-default-executor-4] WARN  server.GrpcLogAppender (GrpcLogAppender.java:resetClient(111)) - omNode-2@group-523986131536->omNode-3-GrpcLogAppender: Leader has not got in touch with Follower omNode-2@group-523986131536->omNode-3(c-1,m0,n155, attendVote=true, lastRpcSendTime=0, lastRpcResponseTime=20336) yet, just keep nextIndex unchanged and retry.
2021-01-13 14:10:16,954 [grpc-default-executor-3] WARN  server.GrpcLogAppender (LogUtils.java:warn(122)) - omNode-2@group-523986131536->omNode-3-AppendLogResponseHandler: Failed appendEntries: org.apache.ratis.thirdparty.io.grpc.StatusRuntimeException: UNAVAILABLE: io exception
2021-01-13 14:10:16,955 [grpc-default-executor-3] WARN  server.GrpcLogAppender (GrpcLogAppender.java:resetClient(111)) - omNode-2@group-523986131536->omNode-3-GrpcLogAppender: Leader has not got in touch with Follower omNode-2@group-523986131536->omNode-3(c-1,m0,n156, attendVote=true, lastRpcSendTime=20, lastRpcResponseTime=20357) yet, just keep nextIndex unchanged and retry.
2021-01-13 14:10:16,958 [grpc-default-executor-3] WARN  server.GrpcLogAppender (LogUtils.java:warn(122)) - omNode-2@group-523986131536->omNode-3-AppendLogResponseHandler: Failed appendEntries: org.apache.ratis.thirdparty.io.grpc.StatusRuntimeException: UNAVAILABLE: io exception
2021-01-13 14:10:16,958 [grpc-default-executor-3] WARN  server.GrpcLogAppender (GrpcLogAppender.java:resetClient(111)) - omNode-2@group-523986131536->omNode-3-GrpcLogAppender: Leader has not got in touch with Follower omNode-2@group-523986131536->omNode-3(c-1,m0,n157, attendVote=true, lastRpcSendTime=1, lastRpcResponseTime=20360) yet, just keep nextIndex unchanged and retry.
2021-01-13 14:10:17,066 [grpc-default-executor-3] WARN  server.GrpcLogAppender (LogUtils.java:warn(122)) - omNode-2@group-523986131536->omNode-3-AppendLogResponseHandler: Failed appendEntries: org.apache.ratis.thirdparty.io.grpc.StatusRuntimeException: UNAVAILABLE: io exception
2021-01-13 14:10:17,067 [grpc-default-executor-3] WARN  server.GrpcLogAppender (GrpcLogAppender.java:resetClient(111)) - omNode-2@group-523986131536->omNode-3-GrpcLogAppender: Leader has not got in touch with Follower omNode-2@group-523986131536->omNode-3(c-1,m0,n158, attendVote=true, lastRpcSendTime=0, lastRpcResponseTime=20469) yet, just keep nextIndex unchanged and retry.
2021-01-13 14:10:17,071 [grpc-default-executor-3] WARN  server.GrpcLogAppender (LogUtils.java:warn(122)) - omNode-2@group-523986131536->omNode-3-AppendLogResponseHandler: Failed appendEntries: org.apache.ratis.thirdparty.io.grpc.StatusRuntimeException: UNAVAILABLE: io exception
2021-01-13 14:10:17,072 [grpc-default-executor-3] WARN  server.GrpcLogAppender (GrpcLogAppender.java:resetClient(111)) - omNode-2@group-523986131536->omNode-3-GrpcLogAppender: Leader has not got in touch with Follower omNode-2@group-523986131536->omNode-3(c-1,m0,n159, attendVote=true, lastRpcSendTime=1, lastRpcResponseTime=20474) yet, just keep nextIndex unchanged and retry.
2021-01-13 14:10:17,083 [grpc-default-executor-3] WARN  server.GrpcLogAppender (LogUtils.java:warn(122)) - omNode-2@group-523986131536->omNode-3-AppendLogResponseHandler: Failed appendEntries: org.apache.ratis.thirdparty.io.grpc.StatusRuntimeException: UNAVAILABLE: io exception
2021-01-13 14:10:17,084 [grpc-default-executor-3] WARN  server.GrpcLogAppender (GrpcLogAppender.java:resetClient(111)) - omNode-2@group-523986131536->omNode-3-GrpcLogAppender: Leader has not got in touch with Follower omNode-2@group-523986131536->omNode-3(c-1,m0,n160, attendVote=true, lastRpcSendTime=0, lastRpcResponseTime=20486) yet, just keep nextIndex unchanged and retry.
2021-01-13 14:10:17,089 [grpc-default-executor-4] WARN  server.GrpcLogAppender (LogUtils.java:warn(122)) - omNode-2@group-523986131536->omNode-3-AppendLogResponseHandler: Failed appendEntries: org.apache.ratis.thirdparty.io.grpc.StatusRuntimeException: UNAVAILABLE: io exception
2021-01-13 14:10:17,089 [grpc-default-executor-4] WARN  server.GrpcLogAppender (GrpcLogAppender.java:resetClient(111)) - omNode-2@group-523986131536->omNode-3-GrpcLogAppender: Leader has not got in touch with Follower omNode-2@group-523986131536->omNode-3(c-1,m0,n161, attendVote=true, lastRpcSendTime=1, lastRpcResponseTime=20491) yet, just keep nextIndex unchanged and retry.
2021-01-13 14:10:17,198 [grpc-default-executor-3] WARN  server.GrpcLogAppender (LogUtils.java:warn(122)) - omNode-2@group-523986131536->omNode-3-AppendLogResponseHandler: Failed appendEntries: org.apache.ratis.thirdparty.io.grpc.StatusRuntimeException: UNAVAILABLE: io exception
2021-01-13 14:10:17,198 [grpc-default-executor-3] WARN  server.GrpcLogAppender (GrpcLogAppender.java:resetClient(111)) - omNode-2@group-523986131536->omNode-3-GrpcLogAppender: Leader has not got in touch with Follower omNode-2@group-523986131536->omNode-3(c-1,m0,n162, attendVote=true, lastRpcSendTime=0, lastRpcResponseTime=20601) yet, just keep nextIndex unchanged and retry.
2021-01-13 14:10:17,205 [grpc-default-executor-4] WARN  server.GrpcLogAppender (LogUtils.java:warn(122)) - omNode-2@group-523986131536->omNode-3-AppendLogResponseHandler: Failed appendEntries: org.apache.ratis.thirdparty.io.grpc.StatusRuntimeException: UNAVAILABLE: io exception
2021-01-13 14:10:17,205 [grpc-default-executor-4] WARN  server.GrpcLogAppender (GrpcLogAppender.java:resetClient(111)) - omNode-2@group-523986131536->omNode-3-GrpcLogAppender: Leader has not got in touch with Follower omNode-2@group-523986131536->omNode-3(c-1,m0,n163, attendVote=true, lastRpcSendTime=0, lastRpcResponseTime=20607) yet, just keep nextIndex unchanged and retry.
2021-01-13 14:10:17,216 [grpc-default-executor-3] WARN  server.GrpcLogAppender (LogUtils.java:warn(122)) - omNode-2@group-523986131536->omNode-3-AppendLogResponseHandler: Failed appendEntries: org.apache.ratis.thirdparty.io.grpc.StatusRuntimeException: UNAVAILABLE: io exception
2021-01-13 14:10:17,216 [grpc-default-executor-3] WARN  server.GrpcLogAppender (GrpcLogAppender.java:resetClient(111)) - omNode-2@group-523986131536->omNode-3-GrpcLogAppender: Leader has not got in touch with Follower omNode-2@group-523986131536->omNode-3(c-1,m0,n164, attendVote=true, lastRpcSendTime=0, lastRpcResponseTime=20618) yet, just keep nextIndex unchanged and retry.
2021-01-13 14:10:17,226 [grpc-default-executor-3] WARN  server.GrpcLogAppender (LogUtils.java:warn(122)) - omNode-2@group-523986131536->omNode-3-AppendLogResponseHandler: Failed appendEntries: org.apache.ratis.thirdparty.io.grpc.StatusRuntimeException: UNAVAILABLE: io exception
2021-01-13 14:10:17,230 [grpc-default-executor-3] WARN  server.GrpcLogAppender (GrpcLogAppender.java:resetClient(111)) - omNode-2@group-523986131536->omNode-3-GrpcLogAppender: Leader has not got in touch with Follower omNode-2@group-523986131536->omNode-3(c-1,m0,n165, attendVote=true, lastRpcSendTime=0, lastRpcResponseTime=20633) yet, just keep nextIndex unchanged and retry.
2021-01-13 14:10:17,337 [grpc-default-executor-3] WARN  server.GrpcLogAppender (LogUtils.java:warn(122)) - omNode-2@group-523986131536->omNode-3-AppendLogResponseHandler: Failed appendEntries: org.apache.ratis.thirdparty.io.grpc.StatusRuntimeException: UNAVAILABLE: io exception
2021-01-13 14:10:17,339 [grpc-default-executor-3] WARN  server.GrpcLogAppender (GrpcLogAppender.java:resetClient(111)) - omNode-2@group-523986131536->omNode-3-GrpcLogAppender: Leader has not got in touch with Follower omNode-2@group-523986131536->omNode-3(c-1,m0,n166, attendVote=true, lastRpcSendTime=2, lastRpcResponseTime=20741) yet, just keep nextIndex unchanged and retry.
2021-01-13 14:10:17,343 [grpc-default-executor-3] WARN  server.GrpcLogAppender (LogUtils.java:warn(122)) - omNode-2@group-523986131536->omNode-3-AppendLogResponseHandler: Failed appendEntries: org.apache.ratis.thirdparty.io.grpc.StatusRuntimeException: UNAVAILABLE: io exception
2021-01-13 14:10:17,344 [grpc-default-executor-3] WARN  server.GrpcLogAppender (GrpcLogAppender.java:resetClient(111)) - omNode-2@group-523986131536->omNode-3-GrpcLogAppender: Leader has not got in touch with Follower omNode-2@group-523986131536->omNode-3(c-1,m0,n167, attendVote=true, lastRpcSendTime=2, lastRpcResponseTime=20746) yet, just keep nextIndex unchanged and retry.
2021-01-13 14:10:17,360 [grpc-default-executor-3] WARN  server.GrpcLogAppender (LogUtils.java:warn(122)) - omNode-2@group-523986131536->omNode-3-AppendLogResponseHandler: Failed appendEntries: org.apache.ratis.thirdparty.io.grpc.StatusRuntimeException: UNAVAILABLE: io exception
2021-01-13 14:10:17,360 [grpc-default-executor-3] WARN  server.GrpcLogAppender (GrpcLogAppender.java:resetClient(111)) - omNode-2@group-523986131536->omNode-3-GrpcLogAppender: Leader has not got in touch with Follower omNode-2@group-523986131536->omNode-3(c-1,m0,n168, attendVote=true, lastRpcSendTime=2, lastRpcResponseTime=20763) yet, just keep nextIndex unchanged and retry.
2021-01-13 14:10:17,364 [grpc-default-executor-3] WARN  server.GrpcLogAppender (LogUtils.java:warn(122)) - omNode-2@group-523986131536->omNode-3-AppendLogResponseHandler: Failed appendEntries: org.apache.ratis.thirdparty.io.grpc.StatusRuntimeException: UNAVAILABLE: io exception
2021-01-13 14:10:17,364 [grpc-default-executor-3] WARN  server.GrpcLogAppender (GrpcLogAppender.java:resetClient(111)) - omNode-2@group-523986131536->omNode-3-GrpcLogAppender: Leader has not got in touch with Follower omNode-2@group-523986131536->omNode-3(c-1,m0,n169, attendVote=true, lastRpcSendTime=1, lastRpcResponseTime=20766) yet, just keep nextIndex unchanged and retry.
2021-01-13 14:10:17,473 [grpc-default-executor-3] WARN  server.GrpcLogAppender (LogUtils.java:warn(122)) - omNode-2@group-523986131536->omNode-3-AppendLogResponseHandler: Failed appendEntries: org.apache.ratis.thirdparty.io.grpc.StatusRuntimeException: UNAVAILABLE: io exception
2021-01-13 14:10:17,473 [grpc-default-executor-3] WARN  server.GrpcLogAppender (GrpcLogAppender.java:resetClient(111)) - omNode-2@group-523986131536->omNode-3-GrpcLogAppender: Leader has not got in touch with Follower omNode-2@group-523986131536->omNode-3(c-1,m0,n170, attendVote=true, lastRpcSendTime=0, lastRpcResponseTime=20875) yet, just keep nextIndex unchanged and retry.
2021-01-13 14:10:17,480 [grpc-default-executor-3] WARN  server.GrpcLogAppender (LogUtils.java:warn(122)) - omNode-2@group-523986131536->omNode-3-AppendLogResponseHandler: Failed appendEntries: org.apache.ratis.thirdparty.io.grpc.StatusRuntimeException: UNAVAILABLE: io exception
2021-01-13 14:10:17,481 [grpc-default-executor-3] WARN  server.GrpcLogAppender (GrpcLogAppender.java:resetClient(111)) - omNode-2@group-523986131536->omNode-3-GrpcLogAppender: Leader has not got in touch with Follower omNode-2@group-523986131536->omNode-3(c-1,m0,n171, attendVote=true, lastRpcSendTime=8, lastRpcResponseTime=20883) yet, just keep nextIndex unchanged and retry.
2021-01-13 14:10:17,497 [grpc-default-executor-3] WARN  server.GrpcLogAppender (LogUtils.java:warn(122)) - omNode-2@group-523986131536->omNode-3-AppendLogResponseHandler: Failed appendEntries: org.apache.ratis.thirdparty.io.grpc.StatusRuntimeException: UNAVAILABLE: io exception
2021-01-13 14:10:17,497 [grpc-default-executor-3] WARN  server.GrpcLogAppender (GrpcLogAppender.java:resetClient(111)) - omNode-2@group-523986131536->omNode-3-GrpcLogAppender: Leader has not got in touch with Follower omNode-2@group-523986131536->omNode-3(c-1,m0,n172, attendVote=true, lastRpcSendTime=16, lastRpcResponseTime=20900) yet, just keep nextIndex unchanged and retry.
2021-01-13 14:10:17,499 [grpc-default-executor-3] WARN  server.GrpcLogAppender (LogUtils.java:warn(122)) - omNode-2@group-523986131536->omNode-3-AppendLogResponseHandler: Failed appendEntries: org.apache.ratis.thirdparty.io.grpc.StatusRuntimeException: UNAVAILABLE: io exception
2021-01-13 14:10:17,500 [grpc-default-executor-3] WARN  server.GrpcLogAppender (GrpcLogAppender.java:resetClient(111)) - omNode-2@group-523986131536->omNode-3-GrpcLogAppender: Leader has not got in touch with Follower omNode-2@group-523986131536->omNode-3(c-1,m0,n173, attendVote=true, lastRpcSendTime=1, lastRpcResponseTime=20902) yet, just keep nextIndex unchanged and retry.
2021-01-13 14:10:17,604 [grpc-default-executor-3] WARN  server.GrpcLogAppender (LogUtils.java:warn(122)) - omNode-2@group-523986131536->omNode-3-AppendLogResponseHandler: Failed appendEntries: org.apache.ratis.thirdparty.io.grpc.StatusRuntimeException: UNAVAILABLE: io exception
2021-01-13 14:10:17,605 [grpc-default-executor-3] WARN  server.GrpcLogAppender (GrpcLogAppender.java:resetClient(111)) - omNode-2@group-523986131536->omNode-3-GrpcLogAppender: Leader has not got in touch with Follower omNode-2@group-523986131536->omNode-3(c-1,m0,n174, attendVote=true, lastRpcSendTime=0, lastRpcResponseTime=21007) yet, just keep nextIndex unchanged and retry.
2021-01-13 14:10:17,617 [grpc-default-executor-5] WARN  server.GrpcLogAppender (LogUtils.java:warn(122)) - omNode-2@group-523986131536->omNode-3-AppendLogResponseHandler: Failed appendEntries: org.apache.ratis.thirdparty.io.grpc.StatusRuntimeException: UNAVAILABLE: io exception
2021-01-13 14:10:17,618 [grpc-default-executor-5] WARN  server.GrpcLogAppender (GrpcLogAppender.java:resetClient(111)) - omNode-2@group-523986131536->omNode-3-GrpcLogAppender: Leader has not got in touch with Follower omNode-2@group-523986131536->omNode-3(c-1,m0,n175, attendVote=true, lastRpcSendTime=0, lastRpcResponseTime=21020) yet, just keep nextIndex unchanged and retry.
2021-01-13 14:10:17,619 [grpc-default-executor-5] WARN  server.GrpcLogAppender (LogUtils.java:warn(122)) - omNode-2@group-523986131536->omNode-3-AppendLogResponseHandler: Failed appendEntries: org.apache.ratis.thirdparty.io.grpc.StatusRuntimeException: UNAVAILABLE: io exception
2021-01-13 14:10:17,619 [grpc-default-executor-5] WARN  server.GrpcLogAppender (GrpcLogAppender.java:resetClient(111)) - omNode-2@group-523986131536->omNode-3-GrpcLogAppender: Leader has not got in touch with Follower omNode-2@group-523986131536->omNode-3(c-1,m0,n176, attendVote=true, lastRpcSendTime=1, lastRpcResponseTime=21021) yet, just keep nextIndex unchanged and retry.
2021-01-13 14:10:17,629 [grpc-default-executor-5] WARN  server.GrpcLogAppender (LogUtils.java:warn(122)) - omNode-2@group-523986131536->omNode-3-AppendLogResponseHandler: Failed appendEntries: org.apache.ratis.thirdparty.io.grpc.StatusRuntimeException: UNAVAILABLE: io exception
2021-01-13 14:10:17,630 [grpc-default-executor-5] WARN  server.GrpcLogAppender (GrpcLogAppender.java:resetClient(111)) - omNode-2@group-523986131536->omNode-3-GrpcLogAppender: Leader has not got in touch with Follower omNode-2@group-523986131536->omNode-3(c-1,m0,n177, attendVote=true, lastRpcSendTime=1, lastRpcResponseTime=21033) yet, just keep nextIndex unchanged and retry.
2021-01-13 14:10:17,738 [grpc-default-executor-5] WARN  server.GrpcLogAppender (LogUtils.java:warn(122)) - omNode-2@group-523986131536->omNode-3-AppendLogResponseHandler: Failed appendEntries: org.apache.ratis.thirdparty.io.grpc.StatusRuntimeException: UNAVAILABLE: io exception
2021-01-13 14:10:17,738 [grpc-default-executor-5] WARN  server.GrpcLogAppender (GrpcLogAppender.java:resetClient(111)) - omNode-2@group-523986131536->omNode-3-GrpcLogAppender: Leader has not got in touch with Follower omNode-2@group-523986131536->omNode-3(c-1,m0,n178, attendVote=true, lastRpcSendTime=0, lastRpcResponseTime=21140) yet, just keep nextIndex unchanged and retry.
2021-01-13 14:10:17,740 [grpc-default-executor-3] WARN  server.GrpcLogAppender (LogUtils.java:warn(122)) - omNode-2@group-523986131536->omNode-3-AppendLogResponseHandler: Failed appendEntries: org.apache.ratis.thirdparty.io.grpc.StatusRuntimeException: UNAVAILABLE: io exception
2021-01-13 14:10:17,741 [grpc-default-executor-3] WARN  server.GrpcLogAppender (GrpcLogAppender.java:resetClient(111)) - omNode-2@group-523986131536->omNode-3-GrpcLogAppender: Leader has not got in touch with Follower omNode-2@group-523986131536->omNode-3(c-1,m0,n179, attendVote=true, lastRpcSendTime=0, lastRpcResponseTime=21143) yet, just keep nextIndex unchanged and retry.
2021-01-13 14:10:17,760 [grpc-default-executor-3] WARN  server.GrpcLogAppender (LogUtils.java:warn(122)) - omNode-2@group-523986131536->omNode-3-AppendLogResponseHandler: Failed appendEntries: org.apache.ratis.thirdparty.io.grpc.StatusRuntimeException: UNAVAILABLE: io exception
2021-01-13 14:10:17,761 [grpc-default-executor-3] WARN  server.GrpcLogAppender (GrpcLogAppender.java:resetClient(111)) - omNode-2@group-523986131536->omNode-3-GrpcLogAppender: Leader has not got in touch with Follower omNode-2@group-523986131536->omNode-3(c-1,m0,n180, attendVote=true, lastRpcSendTime=0, lastRpcResponseTime=21163) yet, just keep nextIndex unchanged and retry.
2021-01-13 14:10:17,770 [grpc-default-executor-5] WARN  server.GrpcLogAppender (LogUtils.java:warn(122)) - omNode-2@group-523986131536->omNode-3-AppendLogResponseHandler: Failed appendEntries: org.apache.ratis.thirdparty.io.grpc.StatusRuntimeException: UNAVAILABLE: io exception
2021-01-13 14:10:17,771 [grpc-default-executor-5] WARN  server.GrpcLogAppender (GrpcLogAppender.java:resetClient(111)) - omNode-2@group-523986131536->omNode-3-GrpcLogAppender: Leader has not got in touch with Follower omNode-2@group-523986131536->omNode-3(c-1,m0,n181, attendVote=true, lastRpcSendTime=0, lastRpcResponseTime=21173) yet, just keep nextIndex unchanged and retry.
2021-01-13 14:10:17,878 [grpc-default-executor-5] WARN  server.GrpcLogAppender (LogUtils.java:warn(122)) - omNode-2@group-523986131536->omNode-3-AppendLogResponseHandler: Failed appendEntries: org.apache.ratis.thirdparty.io.grpc.StatusRuntimeException: UNAVAILABLE: io exception
2021-01-13 14:10:17,878 [grpc-default-executor-5] WARN  server.GrpcLogAppender (GrpcLogAppender.java:resetClient(111)) - omNode-2@group-523986131536->omNode-3-GrpcLogAppender: Leader has not got in touch with Follower omNode-2@group-523986131536->omNode-3(c-1,m0,n182, attendVote=true, lastRpcSendTime=0, lastRpcResponseTime=21280) yet, just keep nextIndex unchanged and retry.
2021-01-13 14:10:17,888 [grpc-default-executor-5] WARN  server.GrpcLogAppender (LogUtils.java:warn(122)) - omNode-2@group-523986131536->omNode-3-AppendLogResponseHandler: Failed appendEntries: org.apache.ratis.thirdparty.io.grpc.StatusRuntimeException: UNAVAILABLE: io exception
2021-01-13 14:10:17,889 [grpc-default-executor-5] WARN  server.GrpcLogAppender (GrpcLogAppender.java:resetClient(111)) - omNode-2@group-523986131536->omNode-3-GrpcLogAppender: Leader has not got in touch with Follower omNode-2@group-523986131536->omNode-3(c-1,m0,n183, attendVote=true, lastRpcSendTime=1, lastRpcResponseTime=21291) yet, just keep nextIndex unchanged and retry.
2021-01-13 14:10:17,903 [grpc-default-executor-3] WARN  server.GrpcLogAppender (LogUtils.java:warn(122)) - omNode-2@group-523986131536->omNode-3-AppendLogResponseHandler: Failed appendEntries: org.apache.ratis.thirdparty.io.grpc.StatusRuntimeException: UNAVAILABLE: io exception
2021-01-13 14:10:17,903 [grpc-default-executor-3] WARN  server.GrpcLogAppender (GrpcLogAppender.java:resetClient(111)) - omNode-2@group-523986131536->omNode-3-GrpcLogAppender: Leader has not got in touch with Follower omNode-2@group-523986131536->omNode-3(c-1,m0,n184, attendVote=true, lastRpcSendTime=0, lastRpcResponseTime=21305) yet, just keep nextIndex unchanged and retry.
2021-01-13 14:10:17,908 [grpc-default-executor-5] WARN  server.GrpcLogAppender (LogUtils.java:warn(122)) - omNode-2@group-523986131536->omNode-3-AppendLogResponseHandler: Failed appendEntries: org.apache.ratis.thirdparty.io.grpc.StatusRuntimeException: UNAVAILABLE: io exception
2021-01-13 14:10:17,909 [grpc-default-executor-5] WARN  server.GrpcLogAppender (GrpcLogAppender.java:resetClient(111)) - omNode-2@group-523986131536->omNode-3-GrpcLogAppender: Leader has not got in touch with Follower omNode-2@group-523986131536->omNode-3(c-1,m0,n185, attendVote=true, lastRpcSendTime=0, lastRpcResponseTime=21311) yet, just keep nextIndex unchanged and retry.
2021-01-13 14:10:18,013 [grpc-default-executor-5] WARN  server.GrpcLogAppender (LogUtils.java:warn(122)) - omNode-2@group-523986131536->omNode-3-AppendLogResponseHandler: Failed appendEntries: org.apache.ratis.thirdparty.io.grpc.StatusRuntimeException: UNAVAILABLE: io exception
2021-01-13 14:10:18,014 [grpc-default-executor-5] WARN  server.GrpcLogAppender (GrpcLogAppender.java:resetClient(111)) - omNode-2@group-523986131536->omNode-3-GrpcLogAppender: Leader has not got in touch with Follower omNode-2@group-523986131536->omNode-3(c-1,m0,n186, attendVote=true, lastRpcSendTime=1, lastRpcResponseTime=21416) yet, just keep nextIndex unchanged and retry.
2021-01-13 14:10:18,020 [grpc-default-executor-5] WARN  server.GrpcLogAppender (LogUtils.java:warn(122)) - omNode-2@group-523986131536->omNode-3-AppendLogResponseHandler: Failed appendEntries: org.apache.ratis.thirdparty.io.grpc.StatusRuntimeException: UNAVAILABLE: io exception
2021-01-13 14:10:18,020 [grpc-default-executor-5] WARN  server.GrpcLogAppender (GrpcLogAppender.java:resetClient(111)) - omNode-2@group-523986131536->omNode-3-GrpcLogAppender: Leader has not got in touch with Follower omNode-2@group-523986131536->omNode-3(c-1,m0,n187, attendVote=true, lastRpcSendTime=0, lastRpcResponseTime=21422) yet, just keep nextIndex unchanged and retry.
2021-01-13 14:10:18,052 [grpc-default-executor-3] WARN  server.GrpcLogAppender (LogUtils.java:warn(122)) - omNode-2@group-523986131536->omNode-3-AppendLogResponseHandler: Failed appendEntries: org.apache.ratis.thirdparty.io.grpc.StatusRuntimeException: UNAVAILABLE: io exception
2021-01-13 14:10:18,053 [grpc-default-executor-3] WARN  server.GrpcLogAppender (GrpcLogAppender.java:resetClient(111)) - omNode-2@group-523986131536->omNode-3-GrpcLogAppender: Leader has not got in touch with Follower omNode-2@group-523986131536->omNode-3(c-1,m0,n188, attendVote=true, lastRpcSendTime=33, lastRpcResponseTime=21455) yet, just keep nextIndex unchanged and retry.
2021-01-13 14:10:18,062 [grpc-default-executor-3] WARN  server.GrpcLogAppender (LogUtils.java:warn(122)) - omNode-2@group-523986131536->omNode-3-AppendLogResponseHandler: Failed appendEntries: org.apache.ratis.thirdparty.io.grpc.StatusRuntimeException: UNAVAILABLE: io exception
2021-01-13 14:10:18,062 [grpc-default-executor-3] WARN  server.GrpcLogAppender (GrpcLogAppender.java:resetClient(111)) - omNode-2@group-523986131536->omNode-3-GrpcLogAppender: Leader has not got in touch with Follower omNode-2@group-523986131536->omNode-3(c-1,m0,n189, attendVote=true, lastRpcSendTime=0, lastRpcResponseTime=21464) yet, just keep nextIndex unchanged and retry.
2021-01-13 14:10:18,163 [grpc-default-executor-3] WARN  server.GrpcLogAppender (LogUtils.java:warn(122)) - omNode-2@group-523986131536->omNode-3-AppendLogResponseHandler: Failed appendEntries: org.apache.ratis.thirdparty.io.grpc.StatusRuntimeException: UNAVAILABLE: io exception
2021-01-13 14:10:18,164 [grpc-default-executor-3] WARN  server.GrpcLogAppender (GrpcLogAppender.java:resetClient(111)) - omNode-2@group-523986131536->omNode-3-GrpcLogAppender: Leader has not got in touch with Follower omNode-2@group-523986131536->omNode-3(c-1,m0,n190, attendVote=true, lastRpcSendTime=0, lastRpcResponseTime=21566) yet, just keep nextIndex unchanged and retry.
2021-01-13 14:10:18,168 [grpc-default-executor-5] WARN  server.GrpcLogAppender (LogUtils.java:warn(122)) - omNode-2@group-523986131536->omNode-3-AppendLogResponseHandler: Failed appendEntries: org.apache.ratis.thirdparty.io.grpc.StatusRuntimeException: UNAVAILABLE: io exception
2021-01-13 14:10:18,169 [grpc-default-executor-5] WARN  server.GrpcLogAppender (GrpcLogAppender.java:resetClient(111)) - omNode-2@group-523986131536->omNode-3-GrpcLogAppender: Leader has not got in touch with Follower omNode-2@group-523986131536->omNode-3(c-1,m0,n191, attendVote=true, lastRpcSendTime=0, lastRpcResponseTime=21571) yet, just keep nextIndex unchanged and retry.
2021-01-13 14:10:18,184 [grpc-default-executor-3] WARN  server.GrpcLogAppender (LogUtils.java:warn(122)) - omNode-2@group-523986131536->omNode-3-AppendLogResponseHandler: Failed appendEntries: org.apache.ratis.thirdparty.io.grpc.StatusRuntimeException: UNAVAILABLE: io exception
2021-01-13 14:10:18,185 [grpc-default-executor-3] WARN  server.GrpcLogAppender (GrpcLogAppender.java:resetClient(111)) - omNode-2@group-523986131536->omNode-3-GrpcLogAppender: Leader has not got in touch with Follower omNode-2@group-523986131536->omNode-3(c-1,m0,n192, attendVote=true, lastRpcSendTime=0, lastRpcResponseTime=21587) yet, just keep nextIndex unchanged and retry.
2021-01-13 14:10:18,190 [grpc-default-executor-3] WARN  server.GrpcLogAppender (LogUtils.java:warn(122)) - omNode-2@group-523986131536->omNode-3-AppendLogResponseHandler: Failed appendEntries: org.apache.ratis.thirdparty.io.grpc.StatusRuntimeException: UNAVAILABLE: io exception
2021-01-13 14:10:18,191 [grpc-default-executor-3] WARN  server.GrpcLogAppender (GrpcLogAppender.java:resetClient(111)) - omNode-2@group-523986131536->omNode-3-GrpcLogAppender: Leader has not got in touch with Follower omNode-2@group-523986131536->omNode-3(c-1,m0,n193, attendVote=true, lastRpcSendTime=6, lastRpcResponseTime=21593) yet, just keep nextIndex unchanged and retry.
2021-01-13 14:10:18,297 [grpc-default-executor-3] WARN  server.GrpcLogAppender (LogUtils.java:warn(122)) - omNode-2@group-523986131536->omNode-3-AppendLogResponseHandler: Failed appendEntries: org.apache.ratis.thirdparty.io.grpc.StatusRuntimeException: UNAVAILABLE: io exception
2021-01-13 14:10:18,298 [grpc-default-executor-3] WARN  server.GrpcLogAppender (GrpcLogAppender.java:resetClient(111)) - omNode-2@group-523986131536->omNode-3-GrpcLogAppender: Leader has not got in touch with Follower omNode-2@group-523986131536->omNode-3(c-1,m0,n194, attendVote=true, lastRpcSendTime=106, lastRpcResponseTime=21700) yet, just keep nextIndex unchanged and retry.
2021-01-13 14:10:18,305 [grpc-default-executor-3] WARN  server.GrpcLogAppender (LogUtils.java:warn(122)) - omNode-2@group-523986131536->omNode-3-AppendLogResponseHandler: Failed appendEntries: org.apache.ratis.thirdparty.io.grpc.StatusRuntimeException: UNAVAILABLE: io exception
2021-01-13 14:10:18,306 [grpc-default-executor-3] WARN  server.GrpcLogAppender (GrpcLogAppender.java:resetClient(111)) - omNode-2@group-523986131536->omNode-3-GrpcLogAppender: Leader has not got in touch with Follower omNode-2@group-523986131536->omNode-3(c-1,m0,n195, attendVote=true, lastRpcSendTime=7, lastRpcResponseTime=21708) yet, just keep nextIndex unchanged and retry.
2021-01-13 14:10:18,332 [grpc-default-executor-3] WARN  server.GrpcLogAppender (LogUtils.java:warn(122)) - omNode-2@group-523986131536->omNode-3-AppendLogResponseHandler: Failed appendEntries: org.apache.ratis.thirdparty.io.grpc.StatusRuntimeException: UNAVAILABLE: io exception
2021-01-13 14:10:18,332 [grpc-default-executor-3] WARN  server.GrpcLogAppender (GrpcLogAppender.java:resetClient(111)) - omNode-2@group-523986131536->omNode-3-GrpcLogAppender: Leader has not got in touch with Follower omNode-2@group-523986131536->omNode-3(c-1,m0,n196, attendVote=true, lastRpcSendTime=0, lastRpcResponseTime=21735) yet, just keep nextIndex unchanged and retry.
2021-01-13 14:10:18,338 [grpc-default-executor-3] WARN  server.GrpcLogAppender (LogUtils.java:warn(122)) - omNode-2@group-523986131536->omNode-3-AppendLogResponseHandler: Failed appendEntries: org.apache.ratis.thirdparty.io.grpc.StatusRuntimeException: UNAVAILABLE: io exception
2021-01-13 14:10:18,339 [grpc-default-executor-3] WARN  server.GrpcLogAppender (GrpcLogAppender.java:resetClient(111)) - omNode-2@group-523986131536->omNode-3-GrpcLogAppender: Leader has not got in touch with Follower omNode-2@group-523986131536->omNode-3(c-1,m0,n197, attendVote=true, lastRpcSendTime=6, lastRpcResponseTime=21741) yet, just keep nextIndex unchanged and retry.
2021-01-13 14:10:18,445 [grpc-default-executor-3] WARN  server.GrpcLogAppender (LogUtils.java:warn(122)) - omNode-2@group-523986131536->omNode-3-AppendLogResponseHandler: Failed appendEntries: org.apache.ratis.thirdparty.io.grpc.StatusRuntimeException: UNAVAILABLE: io exception
2021-01-13 14:10:18,446 [grpc-default-executor-3] WARN  server.GrpcLogAppender (GrpcLogAppender.java:resetClient(111)) - omNode-2@group-523986131536->omNode-3-GrpcLogAppender: Leader has not got in touch with Follower omNode-2@group-523986131536->omNode-3(c-1,m0,n198, attendVote=true, lastRpcSendTime=0, lastRpcResponseTime=21848) yet, just keep nextIndex unchanged and retry.
2021-01-13 14:10:18,456 [grpc-default-executor-3] WARN  server.GrpcLogAppender (LogUtils.java:warn(122)) - omNode-2@group-523986131536->omNode-3-AppendLogResponseHandler: Failed appendEntries: org.apache.ratis.thirdparty.io.grpc.StatusRuntimeException: UNAVAILABLE: io exception
2021-01-13 14:10:18,457 [grpc-default-executor-3] WARN  server.GrpcLogAppender (GrpcLogAppender.java:resetClient(111)) - omNode-2@group-523986131536->omNode-3-GrpcLogAppender: Leader has not got in touch with Follower omNode-2@group-523986131536->omNode-3(c-1,m0,n199, attendVote=true, lastRpcSendTime=11, lastRpcResponseTime=21859) yet, just keep nextIndex unchanged and retry.
2021-01-13 14:10:18,471 [grpc-default-executor-5] WARN  server.GrpcLogAppender (LogUtils.java:warn(122)) - omNode-2@group-523986131536->omNode-3-AppendLogResponseHandler: Failed appendEntries: org.apache.ratis.thirdparty.io.grpc.StatusRuntimeException: UNAVAILABLE: io exception
2021-01-13 14:10:18,472 [grpc-default-executor-5] WARN  server.GrpcLogAppender (GrpcLogAppender.java:resetClient(111)) - omNode-2@group-523986131536->omNode-3-GrpcLogAppender: Leader has not got in touch with Follower omNode-2@group-523986131536->omNode-3(c-1,m0,n200, attendVote=true, lastRpcSendTime=13, lastRpcResponseTime=21874) yet, just keep nextIndex unchanged and retry.
2021-01-13 14:10:18,472 [omNode-2@group-523986131536-StateMachineUpdater] INFO  ratis.OzoneManagerStateMachine (OzoneManagerStateMachine.java:takeSnapshot(345)) - Current Snapshot Index (t:1, i:198)
2021-01-13 14:10:18,473 [omNode-2@group-523986131536-StateMachineUpdater] INFO  impl.StateMachineUpdater (StateMachineUpdater.java:takeSnapshot(279)) - omNode-2@group-523986131536-StateMachineUpdater: Took a snapshot at index 198
2021-01-13 14:10:18,473 [omNode-2@group-523986131536-StateMachineUpdater] INFO  impl.StateMachineUpdater (StateMachineUpdater.java:lambda$new$0(88)) - omNode-2@group-523986131536-StateMachineUpdater: snapshotIndex: updateIncreasingly 148 -> 198
2021-01-13 14:10:18,473 [omNode-2@group-523986131536-StateMachineUpdater] INFO  raftlog.RaftLog (RaftLogBase.java:purge(306)) - omNode-2@group-523986131536-SegmentedRaftLog: purge 198
2021-01-13 14:10:18,473 [omNode-2@group-523986131536-StateMachineUpdater] INFO  raftlog.RaftLog (RaftLogBase.java:lambda$new$0(53)) - omNode-2@group-523986131536-SegmentedRaftLog: snapshotIndex: updateIncreasingly 99 -> 198
2021-01-13 14:10:18,473 [omNode-2@group-523986131536-StateMachineUpdater] INFO  raftlog.RaftLog (RaftLogBase.java:lambda$new$0(53)) - omNode-2@group-523986131536-SegmentedRaftLog: purgeIndex: updateToMax old=99, new=198, updated? true
2021-01-13 14:10:18,479 [grpc-default-executor-3] WARN  server.GrpcLogAppender (LogUtils.java:warn(122)) - omNode-2@group-523986131536->omNode-3-AppendLogResponseHandler: Failed appendEntries: org.apache.ratis.thirdparty.io.grpc.StatusRuntimeException: UNAVAILABLE: io exception
2021-01-13 14:10:18,480 [grpc-default-executor-3] WARN  server.GrpcLogAppender (GrpcLogAppender.java:resetClient(111)) - omNode-2@group-523986131536->omNode-3-GrpcLogAppender: Leader has not got in touch with Follower omNode-2@group-523986131536->omNode-3(c-1,m0,n201, attendVote=true, lastRpcSendTime=8, lastRpcResponseTime=21882) yet, just keep nextIndex unchanged and retry.
2021-01-13 14:10:18,482 [omNode-1@group-523986131536-StateMachineUpdater] INFO  ratis.OzoneManagerStateMachine (OzoneManagerStateMachine.java:takeSnapshot(345)) - Current Snapshot Index (t:1, i:199)
2021-01-13 14:10:18,482 [omNode-1@group-523986131536-StateMachineUpdater] INFO  impl.StateMachineUpdater (StateMachineUpdater.java:takeSnapshot(279)) - omNode-1@group-523986131536-StateMachineUpdater: Took a snapshot at index 199
2021-01-13 14:10:18,482 [omNode-1@group-523986131536-StateMachineUpdater] INFO  impl.StateMachineUpdater (StateMachineUpdater.java:lambda$new$0(88)) - omNode-1@group-523986131536-StateMachineUpdater: snapshotIndex: updateIncreasingly 149 -> 199
2021-01-13 14:10:18,482 [omNode-1@group-523986131536-StateMachineUpdater] INFO  raftlog.RaftLog (RaftLogBase.java:purge(306)) - omNode-1@group-523986131536-SegmentedRaftLog: purge 199
2021-01-13 14:10:18,482 [omNode-1@group-523986131536-StateMachineUpdater] INFO  raftlog.RaftLog (RaftLogBase.java:lambda$new$0(53)) - omNode-1@group-523986131536-SegmentedRaftLog: snapshotIndex: updateIncreasingly 149 -> 199
2021-01-13 14:10:18,482 [omNode-1@group-523986131536-StateMachineUpdater] INFO  raftlog.RaftLog (RaftLogBase.java:lambda$new$0(53)) - omNode-1@group-523986131536-SegmentedRaftLog: purgeIndex: updateToMax old=149, new=199, updated? true
2021-01-13 14:10:18,595 [Listener at 127.0.0.1/10228] INFO  db.RDBCheckpointManager (RDBCheckpointManager.java:createCheckpoint(86)) - Created checkpoint at /github/workspace/mnt/ozone/hadoop-ozone/integration-test/target/test-dir/MiniOzoneClusterImpl-9fde871d-63de-45ae-a394-6b80eb19d1dd/omNode-2/db.checkpoints/rdb_rdb_checkpoint_1610547018581 in 14 milliseconds
2021-01-13 14:10:18,597 [Listener at 127.0.0.1/10228] INFO  impl.MetricsSystemImpl (MetricsSystemImpl.java:init(158)) - OzoneManager metrics system started (again)
2021-01-13 14:10:18,599 [Listener at 127.0.0.1/10228] INFO  om.OzoneManager (OzoneManager.java:start(1160)) - OzoneManager RPC server is listening at localhost/127.0.0.1:10228
2021-01-13 14:10:18,599 [Listener at 127.0.0.1/10228] INFO  ratis.OzoneManagerRatisServer (OzoneManagerRatisServer.java:start(377)) - Starting OzoneManagerRatisServer omNode-3 at port 10232
2021-01-13 14:10:18,599 [Listener at 127.0.0.1/10228] INFO  server.RaftServer$Division (RaftServerImpl.java:start(294)) - omNode-3@group-523986131536: start as a follower, conf=-1: [omNode-3|rpc:localhost:10232|priority:0, omNode-1|rpc:localhost:10220|priority:0, omNode-2|rpc:localhost:10226|priority:0], old=null
2021-01-13 14:10:18,599 [Listener at 127.0.0.1/10228] INFO  server.RaftServer$Division (RaftServerImpl.java:setRole(283)) - omNode-3@group-523986131536: changes role from      null to FOLLOWER at term 0 for startAsFollower
2021-01-13 14:10:18,599 [Listener at 127.0.0.1/10228] INFO  impl.RoleInfo (RoleInfo.java:updateAndGet(130)) - omNode-3: start omNode-3@group-523986131536-FollowerState
2021-01-13 14:10:18,605 [Listener at 127.0.0.1/10228] INFO  util.JmxRegister (JmxRegister.java:tryRegister(44)) - Successfully registered JMX Bean with object name Ratis:service=RaftServer,group=group-523986131536,id=omNode-3
2021-01-13 14:10:18,605 [Listener at 127.0.0.1/10228] INFO  metrics.RatisMetrics (RatisMetrics.java:lambda$create$0(36)) - Creating Metrics Registry : ratis.state_machine.omNode-3@group-523986131536
2021-01-13 14:10:18,610 [Listener at 127.0.0.1/10228] INFO  server.RaftServer (RaftServerProxy.java:lambda$start$5(372)) - omNode-3: start RPC server
2021-01-13 14:10:18,610 [Listener at 127.0.0.1/10228] INFO  server.GrpcService (GrpcService.java:startImpl(176)) - omNode-3: GrpcService started, listening on 0.0.0.0/0.0.0.0:10232
2021-01-13 14:10:18,613 [org.apache.ratis.util.JvmPauseMonitor$$Lambda$305/857005348@29700719] INFO  util.JvmPauseMonitor (JvmPauseMonitor.java:run(103)) - JvmPauseMonitor-omNode-3: Started
2021-01-13 14:10:18,618 [Listener at 127.0.0.1/10228] INFO  http.BaseHttpServer (BaseHttpServer.java:newHttpServer2BuilderForOzone(207)) - Starting Web-server for ozoneManager at: http://0.0.0.0:10230
2021-01-13 14:10:18,618 [Listener at 127.0.0.1/10228] INFO  http.BaseHttpServer (BaseHttpServer.java:<init>(106)) - Hadoop Security Enabled: false Ozone Security Enabled: false Ozone HTTP Security Enabled: false 
2021-01-13 14:10:18,620 [Listener at 127.0.0.1/10228] INFO  server.AuthenticationFilter (AuthenticationFilter.java:constructSecretProvider(240)) - Unable to initialize FileSignerSecretProvider, falling back to use random secrets.
2021-01-13 14:10:18,621 [Listener at 127.0.0.1/10228] WARN  http.HttpRequestLog (HttpRequestLog.java:getRequestLog(103)) - Jetty request log can only be enabled using Log4j
2021-01-13 14:10:18,622 [Listener at 127.0.0.1/10228] INFO  http.HttpServer2 (HttpServer2.java:addGlobalFilter(1020)) - Added global filter 'safety' (class=org.apache.hadoop.hdds.server.http.HttpServer2$QuotingInputFilter)
2021-01-13 14:10:18,623 [Listener at 127.0.0.1/10228] INFO  http.HttpServer2 (HttpServer2.java:addFilter(996)) - Added filter static_user_filter (class=org.apache.hadoop.http.lib.StaticUserWebFilter$StaticUserFilter) to context ozoneManager
2021-01-13 14:10:18,623 [Listener at 127.0.0.1/10228] INFO  http.HttpServer2 (HttpServer2.java:addFilter(1004)) - Added filter static_user_filter (class=org.apache.hadoop.http.lib.StaticUserWebFilter$StaticUserFilter) to context static
2021-01-13 14:10:18,623 [Listener at 127.0.0.1/10228] INFO  http.HttpServer2 (HttpServer2.java:addFilter(1004)) - Added filter static_user_filter (class=org.apache.hadoop.http.lib.StaticUserWebFilter$StaticUserFilter) to context logs
2021-01-13 14:10:18,624 [Listener at 127.0.0.1/10228] INFO  http.HttpServer2 (HttpServer2.java:bindListener(1238)) - Jetty bound to port 10230
2021-01-13 14:10:18,624 [Listener at 127.0.0.1/10228] INFO  server.Server (Server.java:doStart(375)) - jetty-9.4.34.v20201102; built: 2020-11-02T14:15:39.302Z; git: e46af88704a893fc12cb0e3bf46e2c7b48a009e7; jvm 1.8.0_232-b09
2021-01-13 14:10:18,626 [Listener at 127.0.0.1/10228] INFO  server.session (DefaultSessionIdManager.java:doStart(334)) - DefaultSessionIdManager workerName=node0
2021-01-13 14:10:18,626 [Listener at 127.0.0.1/10228] INFO  server.session (DefaultSessionIdManager.java:doStart(339)) - No SessionScavenger set, using defaults
2021-01-13 14:10:18,627 [Listener at 127.0.0.1/10228] INFO  server.session (HouseKeeper.java:startScavenging(132)) - node0 Scavenging every 660000ms
2021-01-13 14:10:18,627 [Listener at 127.0.0.1/10228] INFO  handler.ContextHandler (ContextHandler.java:doStart(916)) - Started o.e.j.s.ServletContextHandler@541b4443{logs,/logs,file:///github/workspace/mnt/ozone/hadoop-ozone/integration-test/target/log,AVAILABLE}
2021-01-13 14:10:18,627 [Listener at 127.0.0.1/10228] INFO  handler.ContextHandler (ContextHandler.java:doStart(916)) - Started o.e.j.s.ServletContextHandler@7119345f{static,/static,file:///github/workspace/mnt/ozone/hadoop-ozone/integration-test/target/test-classes/webapps/static,AVAILABLE}
2021-01-13 14:10:18,635 [Listener at 127.0.0.1/10228] INFO  handler.ContextHandler (ContextHandler.java:doStart(916)) - Started o.e.j.w.WebAppContext@49418b26{ozoneManager,/,file:///github/workspace/mnt/ozone/hadoop-ozone/integration-test/target/test-classes/webapps/ozoneManager/,AVAILABLE}{file:/github/workspace/mnt/ozone/hadoop-ozone/integration-test/target/test-classes/webapps/ozoneManager}
2021-01-13 14:10:18,638 [Listener at 127.0.0.1/10228] INFO  server.AbstractConnector (AbstractConnector.java:doStart(331)) - Started ServerConnector@6b92f6dd{HTTP/1.1, (http/1.1)}{0.0.0.0:10230}
2021-01-13 14:10:18,638 [Listener at 127.0.0.1/10228] INFO  server.Server (Server.java:doStart(415)) - Started @31995ms
2021-01-13 14:10:18,638 [Listener at 127.0.0.1/10228] WARN  impl.MetricsSystemImpl (MetricsSystemImpl.java:register(276)) - Sink prometheus already exists!
2021-01-13 14:10:18,980 [grpc-default-executor-3] WARN  server.GrpcLogAppender (LogUtils.java:warn(122)) - omNode-2@group-523986131536->omNode-3-AppendLogResponseHandler: Failed appendEntries: org.apache.ratis.thirdparty.io.grpc.StatusRuntimeException: UNAVAILABLE: io exception
2021-01-13 14:10:18,981 [grpc-default-executor-3] WARN  server.GrpcLogAppender (GrpcLogAppender.java:resetClient(111)) - omNode-2@group-523986131536->omNode-3-GrpcLogAppender: Leader has not got in touch with Follower omNode-2@group-523986131536->omNode-3(c-1,m0,n201, attendVote=true, lastRpcSendTime=0, lastRpcResponseTime=22383) yet, just keep nextIndex unchanged and retry.
2021-01-13 14:10:19,482 [grpc-default-executor-3] INFO  metrics.RatisMetrics (RatisMetrics.java:lambda$create$0(36)) - Creating Metrics Registry : ratis.server_message_metrics.omNode-3
2021-01-13 14:10:19,484 [grpc-default-executor-3] INFO  server.RaftServer$Division (ServerState.java:setLeader(249)) - omNode-3@group-523986131536: change Leader from null to omNode-2 at term 1 for appendEntries, leader elected after 22960ms
2021-01-13 14:10:19,484 [grpc-default-executor-3] INFO  server.RaftServer$Division (RaftServerImpl.java:checkInconsistentAppendEntries(1403)) - omNode-3@group-523986131536: Failed appendEntries as previous log entry ((t:1, i:200)) is not found
2021-01-13 14:10:19,485 [grpc-default-executor-3] INFO  server.RaftServer$Division (RaftServerImpl.java:checkInconsistentAppendEntries(1369)) - omNode-3@group-523986131536: inconsistency entries. Reply:omNode-2<-omNode-3#23476361:FAIL-t0,INCONSISTENCY,nextIndex=1,followerCommit=-1
2021-01-13 14:10:19,487 [grpc-default-executor-3] INFO  leader.FollowerInfo (FollowerInfoImpl.java:lambda$new$0(46)) - omNode-2@group-523986131536->omNode-3: nextIndex: updateUnconditionally 201 -> 1
2021-01-13 14:10:19,497 [grpc-default-executor-4] INFO  server.RaftServer$Division (RaftServerImpl.java:checkInconsistentAppendEntries(1403)) - omNode-3@group-523986131536: Failed appendEntries as previous log entry ((t:1, i:0)) is not found
2021-01-13 14:10:19,497 [grpc-default-executor-4] INFO  server.RaftServer$Division (RaftServerImpl.java:checkInconsistentAppendEntries(1369)) - omNode-3@group-523986131536: inconsistency entries. Reply:omNode-2<-omNode-3#23476362:FAIL-t1,INCONSISTENCY,nextIndex=0,followerCommit=-1
2021-01-13 14:10:19,499 [grpc-default-executor-5] INFO  leader.FollowerInfo (FollowerInfoImpl.java:lambda$new$0(46)) - omNode-2@group-523986131536->omNode-3: nextIndex: updateUnconditionally 201 -> 0
2021-01-13 14:10:19,503 [grpc-default-executor-4] INFO  server.RaftServer$Division (ServerState.java:setRaftConf(368)) - omNode-3@group-523986131536: set configuration 0: [omNode-3|rpc:localhost:10232|dataStream:|priority:0, omNode-1|rpc:localhost:10220|dataStream:|priority:0, omNode-2|rpc:localhost:10226|dataStream:|priority:0], old=null
2021-01-13 14:10:19,503 [grpc-default-executor-4] INFO  segmented.SegmentedRaftLogWorker (SegmentedRaftLogWorker.java:startLogSegment(392)) - omNode-3@group-523986131536-SegmentedRaftLogWorker: Starting segment from index:0
2021-01-13 14:10:19,511 [omNode-3@group-523986131536-SegmentedRaftLogWorker] INFO  segmented.SegmentedRaftLogWorker (SegmentedRaftLogWorker.java:execute(599)) - omNode-3@group-523986131536-SegmentedRaftLogWorker: created new log segment /github/workspace/mnt/ozone/hadoop-ozone/integration-test/target/test-dir/MiniOzoneClusterImpl-9fde871d-63de-45ae-a394-6b80eb19d1dd/omNode-3/ratis/c9bc4cf4-3bc3-3c60-a66b-523986131536/current/log_inprogress_0
2021-01-13 14:10:19,530 [OM StateMachine ApplyTransaction Thread - 0] INFO  volume.OMVolumeCreateRequest (OMVolumeCreateRequest.java:validateAndUpdateCache(196)) - created volume:volume40013 for user:user98657
2021-01-13 14:10:19,592 [omNode-3@group-523986131536-StateMachineUpdater] INFO  ratis.OzoneManagerStateMachine (OzoneManagerStateMachine.java:takeSnapshot(345)) - Current Snapshot Index (t:1, i:200)
2021-01-13 14:10:19,593 [omNode-3@group-523986131536-StateMachineUpdater] INFO  impl.StateMachineUpdater (StateMachineUpdater.java:takeSnapshot(279)) - omNode-3@group-523986131536-StateMachineUpdater: Took a snapshot at index 200
2021-01-13 14:10:19,593 [omNode-3@group-523986131536-StateMachineUpdater] INFO  impl.StateMachineUpdater (StateMachineUpdater.java:lambda$new$0(88)) - omNode-3@group-523986131536-StateMachineUpdater: snapshotIndex: updateIncreasingly -1 -> 200
2021-01-13 14:10:19,593 [omNode-3@group-523986131536-StateMachineUpdater] INFO  raftlog.RaftLog (RaftLogBase.java:purge(306)) - omNode-3@group-523986131536-SegmentedRaftLog: purge 200
2021-01-13 14:10:19,593 [omNode-3@group-523986131536-StateMachineUpdater] INFO  raftlog.RaftLog (RaftLogBase.java:lambda$new$0(53)) - omNode-3@group-523986131536-SegmentedRaftLog: snapshotIndex: updateIncreasingly -1 -> 200
2021-01-13 14:10:19,593 [omNode-3@group-523986131536-StateMachineUpdater] INFO  raftlog.RaftLog (RaftLogBase.java:lambda$new$0(53)) - omNode-3@group-523986131536-SegmentedRaftLog: purgeIndex: updateToMax old=-1, new=200, updated? true
2021-01-13 14:10:23,643 [Listener at 127.0.0.1/10228] INFO  http.BaseHttpServer (BaseHttpServer.java:updateConnectorAddress(327)) - HTTP server of ozoneManager listening at http://0.0.0.0:10230
2021-01-13 14:10:23,644 [IPC Server Responder] INFO  ipc.Server (Server.java:run(1460)) - IPC Server Responder: starting
2021-01-13 14:10:23,644 [IPC Server listener on 10228] INFO  ipc.Server (Server.java:run(1298)) - IPC Server listener on 10228: starting
2021-01-13 14:10:23,652 [Listener at 127.0.0.1/10228] INFO  om.OzoneManager (OzoneManager.java:startTrashEmptier(1281)) - Trash Interval set to 0. Files deleted will not move to trash
2021-01-13 14:10:23,652 [org.apache.hadoop.util.JvmPauseMonitor$Monitor@330715fa] INFO  util.JvmPauseMonitor (JvmPauseMonitor.java:run(188)) - Starting JVM pause monitor
2021-01-13 14:10:23,652 [Listener at 127.0.0.1/10228] INFO  ozone.MiniOzoneClusterImpl (MiniOzoneClusterImpl.java:shutdown(389)) - Shutting down the Mini Ozone Cluster
2021-01-13 14:10:23,653 [Listener at 127.0.0.1/10228] INFO  ozone.MiniOzoneHAClusterImpl (MiniOzoneHAClusterImpl.java:stop(230)) - Stopping the OzoneManager omNode-3
2021-01-13 14:10:23,653 [Listener at 127.0.0.1/10228] INFO  ipc.Server (Server.java:stop(3359)) - Stopping server on 10228
2021-01-13 14:10:23,656 [IPC Server Responder] INFO  ipc.Server (Server.java:run(1465)) - Stopping IPC Server Responder
2021-01-13 14:10:23,657 [IPC Server listener on 10228] INFO  ipc.Server (Server.java:run(1330)) - Stopping IPC Server listener on 10228
2021-01-13 14:10:23,657 [Listener at 127.0.0.1/10228] INFO  server.RaftServer (RaftServerProxy.java:lambda$close$6(389)) - omNode-3: close
2021-01-13 14:10:23,659 [Listener at 127.0.0.1/10228] INFO  server.RaftServer$Division (RaftServerImpl.java:lambda$close$4(405)) - omNode-3@group-523986131536: shutdown
2021-01-13 14:10:23,659 [Listener at 127.0.0.1/10228] INFO  util.JmxRegister (JmxRegister.java:unregister(73)) - Successfully un-registered JMX Bean with object name Ratis:service=RaftServer,group=group-523986131536,id=omNode-3
2021-01-13 14:10:23,659 [Listener at 127.0.0.1/10228] INFO  impl.RoleInfo (RoleInfo.java:shutdownFollowerState(108)) - omNode-3: shutdown omNode-3@group-523986131536-FollowerState
2021-01-13 14:10:23,660 [Thread-575] INFO  impl.FollowerState (FollowerState.java:run(142)) - omNode-3@group-523986131536-FollowerState was interrupted: {}
java.lang.InterruptedException: sleep interrupted
	at java.lang.Thread.sleep(Native Method)
	at java.lang.Thread.sleep(Thread.java:340)
	at java.util.concurrent.TimeUnit.sleep(TimeUnit.java:386)
	at org.apache.ratis.util.TimeDuration.sleep(TimeDuration.java:324)
	at org.apache.ratis.util.TimeDuration.sleep(TimeDuration.java:309)
	at org.apache.ratis.server.impl.FollowerState.run(FollowerState.java:117)
2021-01-13 14:10:23,660 [omNode-3@group-523986131536-StateMachineUpdater] INFO  metrics.RatisMetrics (RatisMetrics.java:unregister(43)) - Unregistering Metrics Registry : ratis.state_machine.omNode-3@group-523986131536
2021-01-13 14:10:23,661 [Listener at 127.0.0.1/10228] INFO  impl.StateMachineUpdater (StateMachineUpdater.java:stopAndJoin(148)) - omNode-3@group-523986131536-StateMachineUpdater: set stopIndex = 200
2021-01-13 14:10:23,661 [Listener at 127.0.0.1/10228] INFO  server.RaftServer$Division (ServerState.java:close(400)) - omNode-3@group-523986131536: closes. applyIndex: 200
2021-01-13 14:10:23,662 [omNode-3@group-523986131536-SegmentedRaftLogWorker] INFO  segmented.SegmentedRaftLogWorker (SegmentedRaftLogWorker.java:run(326)) - omNode-3@group-523986131536-SegmentedRaftLogWorker was interrupted, exiting. There are 0 tasks remaining in the queue.
2021-01-13 14:10:23,663 [Listener at 127.0.0.1/10228] INFO  segmented.SegmentedRaftLogWorker (SegmentedRaftLogWorker.java:close(236)) - omNode-3@group-523986131536-SegmentedRaftLogWorker close()
2021-01-13 14:10:23,664 [Listener at 127.0.0.1/10228] INFO  metrics.RatisMetrics (RatisMetrics.java:unregister(43)) - Unregistering Metrics Registry : ratis.log_worker.omNode-3@group-523986131536
2021-01-13 14:10:23,664 [Listener at 127.0.0.1/10228] INFO  metrics.RatisMetrics (RatisMetrics.java:unregister(43)) - Unregistering Metrics Registry : ratis.leader_election.omNode-3@group-523986131536
2021-01-13 14:10:23,664 [Listener at 127.0.0.1/10228] INFO  metrics.RatisMetrics (RatisMetrics.java:unregister(43)) - Unregistering Metrics Registry : ratis.server.omNode-3@group-523986131536
2021-01-13 14:10:23,665 [Listener at 127.0.0.1/10228] INFO  server.GrpcService (GrpcService.java:closeImpl(183)) - omNode-3: shutdown server with port 10232 now
2021-01-13 14:10:23,668 [Listener at 127.0.0.1/10228] INFO  server.GrpcService (GrpcService.java:closeImpl(192)) - omNode-3: shutdown server with port 10232 successfully
2021-01-13 14:10:23,670 [grpc-default-executor-4] WARN  server.GrpcServerProtocolService (LogUtils.java:warn(122)) - omNode-3: installSnapshot onError, lastRequest: omNode-2->omNode-3#23476364-t1,previous=(t:0, i:0),leaderCommit=200,initializing? true,entries: size=201, first=(t:1, i:0), CONFIGURATIONENTRY: org.apache.ratis.thirdparty.io.grpc.StatusRuntimeException: CANCELLED: cancelled before receiving half close
2021-01-13 14:10:23,670 [org.apache.ratis.util.JvmPauseMonitor$$Lambda$305/857005348@29700719] INFO  util.JvmPauseMonitor (JvmPauseMonitor.java:run(109)) - JvmPauseMonitor-omNode-3: Stopped
2021-01-13 14:10:23,670 [Listener at 127.0.0.1/10228] INFO  ratis.OzoneManagerDoubleBuffer (OzoneManagerDoubleBuffer.java:stop(425)) - Stopping OMDoubleBuffer flush thread
2021-01-13 14:10:23,670 [OMDoubleBufferFlushThread] INFO  ratis.OzoneManagerDoubleBuffer (OzoneManagerDoubleBuffer.java:flushTransactions(352)) - OMDoubleBuffer flush thread OMDoubleBufferFlushThread is interrupted and will exit. OMDoubleBufferFlushThread
2021-01-13 14:10:23,670 [Listener at 127.0.0.1/10228] INFO  ratis.OzoneManagerStateMachine (HadoopExecutors.java:shutdown(118)) - Gracefully shutting down executor service. Waiting max 5 SECONDS
2021-01-13 14:10:23,671 [Listener at 127.0.0.1/10228] INFO  ratis.OzoneManagerStateMachine (HadoopExecutors.java:shutdown(129)) - Succesfully shutdown executor service
2021-01-13 14:10:23,671 [Listener at 127.0.0.1/10228] INFO  ratis.OzoneManagerStateMachine (HadoopExecutors.java:shutdown(118)) - Gracefully shutting down executor service. Waiting max 5 SECONDS
2021-01-13 14:10:23,671 [Listener at 127.0.0.1/10228] INFO  ratis.OzoneManagerStateMachine (HadoopExecutors.java:shutdown(129)) - Succesfully shutdown executor service
2021-01-13 14:10:23,671 [Listener at 127.0.0.1/10228] INFO  utils.BackgroundService (BackgroundService.java:shutdown(132)) - Shutting down service KeyDeletingService
2021-01-13 14:10:23,676 [grpc-default-executor-4] WARN  server.GrpcLogAppender (LogUtils.java:warn(122)) - omNode-2@group-523986131536->omNode-3-AppendLogResponseHandler: Failed appendEntries: org.apache.ratis.thirdparty.io.grpc.StatusRuntimeException: CANCELLED: HTTP/2 error code: CANCEL
Received Rst Stream
2021-01-13 14:10:23,676 [grpc-default-executor-4] INFO  leader.FollowerInfo (FollowerInfoImpl.java:lambda$new$0(46)) - omNode-2@group-523986131536->omNode-3: nextIndex: updateUnconditionally 201 -> 200
2021-01-13 14:10:23,677 [grpc-nio-worker-ELG-3-1] WARN  nio.NioEventLoop (NioEventLoop.java:unexpectedSelectorWakeup(554)) - Selector.select() returned prematurely 512 times in a row; rebuilding Selector org.apache.ratis.thirdparty.io.netty.channel.nio.SelectedSelectionKeySetSelector@16b827dd.
2021-01-13 14:10:23,678 [grpc-nio-worker-ELG-3-1] INFO  nio.NioEventLoop (NioEventLoop.java:rebuildSelector0(430)) - Migrated 9 channel(s) to the new Selector.
2021-01-13 14:10:23,680 [Listener at 127.0.0.1/10228] INFO  handler.ContextHandler (ContextHandler.java:doStop(1154)) - Stopped o.e.j.w.WebAppContext@49418b26{ozoneManager,/,null,STOPPED}{file:/github/workspace/mnt/ozone/hadoop-ozone/integration-test/target/test-classes/webapps/ozoneManager}
2021-01-13 14:10:23,683 [grpc-default-executor-5] WARN  server.GrpcLogAppender (LogUtils.java:warn(122)) - omNode-2@group-523986131536->omNode-3-AppendLogResponseHandler: Failed appendEntries: org.apache.ratis.thirdparty.io.grpc.StatusRuntimeException: UNAVAILABLE: io exception
2021-01-13 14:10:23,684 [grpc-default-executor-5] INFO  leader.FollowerInfo (FollowerInfoImpl.java:lambda$new$0(46)) - omNode-2@group-523986131536->omNode-3: nextIndex: updateUnconditionally 201 -> 200
2021-01-13 14:10:23,693 [Listener at 127.0.0.1/10228] INFO  server.AbstractConnector (AbstractConnector.java:doStop(381)) - Stopped ServerConnector@6b92f6dd{HTTP/1.1, (http/1.1)}{0.0.0.0:10230}
2021-01-13 14:10:23,694 [Listener at 127.0.0.1/10228] INFO  server.session (HouseKeeper.java:stopScavenging(149)) - node0 Stopped scavenging
2021-01-13 14:10:23,695 [Listener at 127.0.0.1/10228] INFO  handler.ContextHandler (ContextHandler.java:doStop(1154)) - Stopped o.e.j.s.ServletContextHandler@7119345f{static,/static,file:///github/workspace/mnt/ozone/hadoop-ozone/integration-test/target/test-classes/webapps/static,STOPPED}
2021-01-13 14:10:23,696 [Listener at 127.0.0.1/10228] INFO  handler.ContextHandler (ContextHandler.java:doStop(1154)) - Stopped o.e.j.s.ServletContextHandler@541b4443{logs,/logs,file:///github/workspace/mnt/ozone/hadoop-ozone/integration-test/target/log,STOPPED}
2021-01-13 14:10:23,698 [Listener at 127.0.0.1/10228] INFO  ozone.MiniOzoneHAClusterImpl (MiniOzoneHAClusterImpl.java:stop(230)) - Stopping the OzoneManager omNode-1
2021-01-13 14:10:23,699 [Listener at 127.0.0.1/10228] INFO  ipc.Server (Server.java:stop(3359)) - Stopping server on 10216
2021-01-13 14:10:23,701 [IPC Server listener on 10216] INFO  ipc.Server (Server.java:run(1330)) - Stopping IPC Server listener on 10216
2021-01-13 14:10:23,701 [IPC Server Responder] INFO  ipc.Server (Server.java:run(1465)) - Stopping IPC Server Responder
2021-01-13 14:10:23,701 [Listener at 127.0.0.1/10228] INFO  server.RaftServer (RaftServerProxy.java:lambda$close$6(389)) - omNode-1: close
2021-01-13 14:10:23,701 [Listener at 127.0.0.1/10228] INFO  server.RaftServer$Division (RaftServerImpl.java:lambda$close$4(405)) - omNode-1@group-523986131536: shutdown
2021-01-13 14:10:23,701 [Listener at 127.0.0.1/10228] INFO  util.JmxRegister (JmxRegister.java:unregister(73)) - Successfully un-registered JMX Bean with object name Ratis:service=RaftServer,group=group-523986131536,id=omNode-1
2021-01-13 14:10:23,701 [Listener at 127.0.0.1/10228] INFO  impl.RoleInfo (RoleInfo.java:shutdownFollowerState(108)) - omNode-1: shutdown omNode-1@group-523986131536-FollowerState
2021-01-13 14:10:23,702 [Thread-231] INFO  impl.FollowerState (FollowerState.java:run(142)) - omNode-1@group-523986131536-FollowerState was interrupted: {}
java.lang.InterruptedException: sleep interrupted
	at java.lang.Thread.sleep(Native Method)
	at java.lang.Thread.sleep(Thread.java:340)
	at java.util.concurrent.TimeUnit.sleep(TimeUnit.java:386)
	at org.apache.ratis.util.TimeDuration.sleep(TimeDuration.java:324)
	at org.apache.ratis.util.TimeDuration.sleep(TimeDuration.java:309)
	at org.apache.ratis.server.impl.FollowerState.run(FollowerState.java:117)
2021-01-13 14:10:23,702 [omNode-1@group-523986131536-StateMachineUpdater] INFO  ratis.OzoneManagerStateMachine (OzoneManagerStateMachine.java:takeSnapshot(345)) - Current Snapshot Index (t:1, i:200)
2021-01-13 14:10:23,702 [omNode-1@group-523986131536-StateMachineUpdater] INFO  impl.StateMachineUpdater (StateMachineUpdater.java:takeSnapshot(279)) - omNode-1@group-523986131536-StateMachineUpdater: Took a snapshot at index 200
2021-01-13 14:10:23,702 [omNode-1@group-523986131536-StateMachineUpdater] INFO  impl.StateMachineUpdater (StateMachineUpdater.java:lambda$new$0(88)) - omNode-1@group-523986131536-StateMachineUpdater: snapshotIndex: updateIncreasingly 199 -> 200
2021-01-13 14:10:23,702 [omNode-1@group-523986131536-StateMachineUpdater] INFO  metrics.RatisMetrics (RatisMetrics.java:unregister(43)) - Unregistering Metrics Registry : ratis.state_machine.omNode-1@group-523986131536
2021-01-13 14:10:23,703 [Listener at 127.0.0.1/10228] INFO  impl.StateMachineUpdater (StateMachineUpdater.java:stopAndJoin(148)) - omNode-1@group-523986131536-StateMachineUpdater: set stopIndex = 200
2021-01-13 14:10:23,703 [Listener at 127.0.0.1/10228] INFO  server.RaftServer$Division (ServerState.java:close(400)) - omNode-1@group-523986131536: closes. applyIndex: 200
2021-01-13 14:10:23,703 [omNode-1@group-523986131536-SegmentedRaftLogWorker] INFO  segmented.SegmentedRaftLogWorker (SegmentedRaftLogWorker.java:run(326)) - omNode-1@group-523986131536-SegmentedRaftLogWorker was interrupted, exiting. There are 0 tasks remaining in the queue.
2021-01-13 14:10:23,705 [Listener at 127.0.0.1/10228] INFO  segmented.SegmentedRaftLogWorker (SegmentedRaftLogWorker.java:close(236)) - omNode-1@group-523986131536-SegmentedRaftLogWorker close()
2021-01-13 14:10:23,710 [Listener at 127.0.0.1/10228] INFO  metrics.RatisMetrics (RatisMetrics.java:unregister(43)) - Unregistering Metrics Registry : ratis.log_worker.omNode-1@group-523986131536
2021-01-13 14:10:23,710 [Listener at 127.0.0.1/10228] INFO  metrics.RatisMetrics (RatisMetrics.java:unregister(43)) - Unregistering Metrics Registry : ratis.leader_election.omNode-1@group-523986131536
2021-01-13 14:10:23,711 [Listener at 127.0.0.1/10228] INFO  metrics.RatisMetrics (RatisMetrics.java:unregister(43)) - Unregistering Metrics Registry : ratis.server.omNode-1@group-523986131536
2021-01-13 14:10:23,711 [Listener at 127.0.0.1/10228] INFO  server.GrpcService (GrpcService.java:closeImpl(183)) - omNode-1: shutdown server with port 10220 now
2021-01-13 14:10:23,714 [grpc-default-executor-5] WARN  server.GrpcServerProtocolService (LogUtils.java:warn(122)) - omNode-1: installSnapshot onError, lastRequest: omNode-2->omNode-1#950-t1,previous=(t:1, i:199),leaderCommit=199,initializing? true,entries: size=1, first=(t:1, i:200), METADATAENTRY(c:199): org.apache.ratis.thirdparty.io.grpc.StatusRuntimeException: CANCELLED: cancelled before receiving half close
2021-01-13 14:10:23,714 [grpc-default-executor-5] WARN  server.GrpcLogAppender (LogUtils.java:warn(122)) - omNode-2@group-523986131536->omNode-1-AppendLogResponseHandler: Failed appendEntries: org.apache.ratis.thirdparty.io.grpc.StatusRuntimeException: CANCELLED: HTTP/2 error code: CANCEL
Received Rst Stream
2021-01-13 14:10:23,715 [grpc-default-executor-5] INFO  leader.FollowerInfo (FollowerInfoImpl.java:lambda$new$0(46)) - omNode-2@group-523986131536->omNode-1: nextIndex: updateUnconditionally 201 -> 200
2021-01-13 14:10:23,717 [Listener at 127.0.0.1/10228] INFO  server.GrpcService (GrpcService.java:closeImpl(192)) - omNode-1: shutdown server with port 10220 successfully
2021-01-13 14:10:23,717 [org.apache.ratis.util.JvmPauseMonitor$$Lambda$305/857005348@596a5660] INFO  util.JvmPauseMonitor (JvmPauseMonitor.java:run(109)) - JvmPauseMonitor-omNode-1: Stopped
2021-01-13 14:10:23,717 [Listener at 127.0.0.1/10228] INFO  ratis.OzoneManagerDoubleBuffer (OzoneManagerDoubleBuffer.java:stop(425)) - Stopping OMDoubleBuffer flush thread
2021-01-13 14:10:23,717 [OMDoubleBufferFlushThread] INFO  ratis.OzoneManagerDoubleBuffer (OzoneManagerDoubleBuffer.java:flushTransactions(352)) - OMDoubleBuffer flush thread OMDoubleBufferFlushThread is interrupted and will exit. OMDoubleBufferFlushThread
2021-01-13 14:10:23,717 [Listener at 127.0.0.1/10228] INFO  ratis.OzoneManagerStateMachine (HadoopExecutors.java:shutdown(118)) - Gracefully shutting down executor service. Waiting max 5 SECONDS
2021-01-13 14:10:23,717 [Listener at 127.0.0.1/10228] INFO  ratis.OzoneManagerStateMachine (HadoopExecutors.java:shutdown(129)) - Succesfully shutdown executor service
2021-01-13 14:10:23,717 [Listener at 127.0.0.1/10228] INFO  ratis.OzoneManagerStateMachine (HadoopExecutors.java:shutdown(118)) - Gracefully shutting down executor service. Waiting max 5 SECONDS
2021-01-13 14:10:23,717 [Listener at 127.0.0.1/10228] INFO  ratis.OzoneManagerStateMachine (HadoopExecutors.java:shutdown(129)) - Succesfully shutdown executor service
2021-01-13 14:10:23,718 [Listener at 127.0.0.1/10228] INFO  utils.BackgroundService (BackgroundService.java:shutdown(132)) - Shutting down service KeyDeletingService
2021-01-13 14:10:23,725 [Listener at 127.0.0.1/10228] INFO  handler.ContextHandler (ContextHandler.java:doStop(1154)) - Stopped o.e.j.w.WebAppContext@5411a80a{ozoneManager,/,null,STOPPED}{file:/github/workspace/mnt/ozone/hadoop-ozone/integration-test/target/test-classes/webapps/ozoneManager}
2021-01-13 14:10:23,725 [grpc-default-executor-4] WARN  server.GrpcLogAppender (LogUtils.java:warn(122)) - omNode-2@group-523986131536->omNode-1-AppendLogResponseHandler: Failed appendEntries: org.apache.ratis.thirdparty.io.grpc.StatusRuntimeException: UNAVAILABLE: io exception
2021-01-13 14:10:23,726 [grpc-default-executor-4] INFO  leader.FollowerInfo (FollowerInfoImpl.java:lambda$new$0(46)) - omNode-2@group-523986131536->omNode-1: nextIndex: updateUnconditionally 201 -> 200
2021-01-13 14:10:23,726 [Listener at 127.0.0.1/10228] INFO  server.AbstractConnector (AbstractConnector.java:doStop(381)) - Stopped ServerConnector@4a35cf22{HTTP/1.1, (http/1.1)}{0.0.0.0:10218}
2021-01-13 14:10:23,726 [Listener at 127.0.0.1/10228] INFO  server.session (HouseKeeper.java:stopScavenging(149)) - node0 Stopped scavenging
2021-01-13 14:10:23,726 [Listener at 127.0.0.1/10228] INFO  handler.ContextHandler (ContextHandler.java:doStop(1154)) - Stopped o.e.j.s.ServletContextHandler@775c0aa6{static,/static,file:///github/workspace/mnt/ozone/hadoop-ozone/integration-test/target/test-classes/webapps/static,STOPPED}
2021-01-13 14:10:23,727 [Listener at 127.0.0.1/10228] INFO  handler.ContextHandler (ContextHandler.java:doStop(1154)) - Stopped o.e.j.s.ServletContextHandler@3bc6dfc6{logs,/logs,file:///github/workspace/mnt/ozone/hadoop-ozone/integration-test/target/log,STOPPED}
2021-01-13 14:10:23,734 [Listener at 127.0.0.1/10228] INFO  ozone.MiniOzoneHAClusterImpl (MiniOzoneHAClusterImpl.java:stop(230)) - Stopping the OzoneManager omNode-2
2021-01-13 14:10:23,734 [Listener at 127.0.0.1/10228] INFO  ipc.Server (Server.java:stop(3359)) - Stopping server on 10222
2021-01-13 14:10:23,736 [IPC Server listener on 10222] INFO  ipc.Server (Server.java:run(1330)) - Stopping IPC Server listener on 10222
2021-01-13 14:10:23,737 [IPC Server Responder] INFO  ipc.Server (Server.java:run(1465)) - Stopping IPC Server Responder
2021-01-13 14:10:23,737 [Listener at 127.0.0.1/10228] INFO  server.RaftServer (RaftServerProxy.java:lambda$close$6(389)) - omNode-2: close
2021-01-13 14:10:23,737 [Listener at 127.0.0.1/10228] INFO  server.RaftServer$Division (RaftServerImpl.java:lambda$close$4(405)) - omNode-2@group-523986131536: shutdown
2021-01-13 14:10:23,737 [Listener at 127.0.0.1/10228] INFO  util.JmxRegister (JmxRegister.java:unregister(73)) - Successfully un-registered JMX Bean with object name Ratis:service=RaftServer,group=group-523986131536,id=omNode-2
2021-01-13 14:10:23,737 [Listener at 127.0.0.1/10228] INFO  impl.RoleInfo (RoleInfo.java:shutdownLeaderState(91)) - omNode-2: shutdown omNode-2@group-523986131536-LeaderStateImpl
2021-01-13 14:10:23,738 [Listener at 127.0.0.1/10228] INFO  metrics.RatisMetrics (RatisMetrics.java:unregister(43)) - Unregistering Metrics Registry : ratis_grpc.log_appender.omNode-2@group-523986131536
2021-01-13 14:10:23,739 [Listener at 127.0.0.1/10228] INFO  metrics.RatisMetrics (RatisMetrics.java:unregister(43)) - Unregistering Metrics Registry : ratis_grpc.log_appender.omNode-2@group-523986131536
2021-01-13 14:10:23,739 [omNode-2@group-523986131536->omNode-3-GrpcLogAppender-LogAppenderDaemon] WARN  server.GrpcLogAppender (GrpcLogAppender.java:mayWait(175)) - omNode-2@group-523986131536->omNode-3-GrpcLogAppender: Wait interrupted by java.lang.InterruptedException
2021-01-13 14:10:23,739 [omNode-2@group-523986131536->omNode-1-GrpcLogAppender-LogAppenderDaemon] WARN  server.GrpcLogAppender (GrpcLogAppender.java:mayWait(175)) - omNode-2@group-523986131536->omNode-1-GrpcLogAppender: Wait interrupted by java.lang.InterruptedException
2021-01-13 14:10:23,740 [Listener at 127.0.0.1/10228] INFO  impl.PendingRequests (PendingRequests.java:sendNotLeaderResponses(249)) - omNode-2@group-523986131536-PendingRequests: sendNotLeaderResponses
2021-01-13 14:10:23,741 [Listener at 127.0.0.1/10228] INFO  metrics.RatisMetrics (RatisMetrics.java:unregister(43)) - Unregistering Metrics Registry : ratis.log_appender.omNode-2@group-523986131536
2021-01-13 14:10:23,742 [Listener at 127.0.0.1/10228] INFO  metrics.RatisMetrics (RatisMetrics.java:unregister(43)) - Unregistering Metrics Registry : ratis.server.omNode-2@group-523986131536
2021-01-13 14:10:23,742 [Listener at 127.0.0.1/10228] INFO  impl.StateMachineUpdater (StateMachineUpdater.java:stopAndJoin(148)) - omNode-2@group-523986131536-StateMachineUpdater: set stopIndex = 200
2021-01-13 14:10:23,742 [omNode-2@group-523986131536-StateMachineUpdater] INFO  ratis.OzoneManagerStateMachine (OzoneManagerStateMachine.java:takeSnapshot(345)) - Current Snapshot Index (t:1, i:200)
2021-01-13 14:10:23,742 [omNode-2@group-523986131536-StateMachineUpdater] INFO  impl.StateMachineUpdater (StateMachineUpdater.java:takeSnapshot(279)) - omNode-2@group-523986131536-StateMachineUpdater: Took a snapshot at index 200
2021-01-13 14:10:23,742 [omNode-2@group-523986131536-StateMachineUpdater] INFO  impl.StateMachineUpdater (StateMachineUpdater.java:lambda$new$0(88)) - omNode-2@group-523986131536-StateMachineUpdater: snapshotIndex: updateIncreasingly 198 -> 200
2021-01-13 14:10:23,742 [omNode-2@group-523986131536-StateMachineUpdater] INFO  metrics.RatisMetrics (RatisMetrics.java:unregister(43)) - Unregistering Metrics Registry : ratis.state_machine.omNode-2@group-523986131536
2021-01-13 14:10:23,742 [Listener at 127.0.0.1/10228] INFO  server.RaftServer$Division (ServerState.java:close(400)) - omNode-2@group-523986131536: closes. applyIndex: 200
2021-01-13 14:10:23,743 [omNode-2@group-523986131536-SegmentedRaftLogWorker] INFO  segmented.SegmentedRaftLogWorker (SegmentedRaftLogWorker.java:run(326)) - omNode-2@group-523986131536-SegmentedRaftLogWorker was interrupted, exiting. There are 0 tasks remaining in the queue.
2021-01-13 14:10:23,744 [Listener at 127.0.0.1/10228] INFO  segmented.SegmentedRaftLogWorker (SegmentedRaftLogWorker.java:close(236)) - omNode-2@group-523986131536-SegmentedRaftLogWorker close()
2021-01-13 14:10:23,744 [Listener at 127.0.0.1/10228] INFO  metrics.RatisMetrics (RatisMetrics.java:unregister(43)) - Unregistering Metrics Registry : ratis.log_worker.omNode-2@group-523986131536
2021-01-13 14:10:23,744 [Listener at 127.0.0.1/10228] INFO  metrics.RatisMetrics (RatisMetrics.java:unregister(43)) - Unregistering Metrics Registry : ratis.leader_election.omNode-2@group-523986131536
2021-01-13 14:10:23,744 [Listener at 127.0.0.1/10228] INFO  metrics.RatisMetrics (RatisMetrics.java:unregister(43)) - Unregistering Metrics Registry : ratis.server.omNode-2@group-523986131536
2021-01-13 14:10:23,744 [Listener at 127.0.0.1/10228] INFO  server.GrpcService (GrpcService.java:closeImpl(183)) - omNode-2: shutdown server with port 10226 now
2021-01-13 14:10:23,751 [Listener at 127.0.0.1/10228] INFO  server.GrpcService (GrpcService.java:closeImpl(192)) - omNode-2: shutdown server with port 10226 successfully
2021-01-13 14:10:23,751 [org.apache.ratis.util.JvmPauseMonitor$$Lambda$305/857005348@2295e6b4] INFO  util.JvmPauseMonitor (JvmPauseMonitor.java:run(109)) - JvmPauseMonitor-omNode-2: Stopped
2021-01-13 14:10:23,751 [Listener at 127.0.0.1/10228] INFO  ratis.OzoneManagerDoubleBuffer (OzoneManagerDoubleBuffer.java:stop(425)) - Stopping OMDoubleBuffer flush thread
2021-01-13 14:10:23,751 [OMDoubleBufferFlushThread] INFO  ratis.OzoneManagerDoubleBuffer (OzoneManagerDoubleBuffer.java:flushTransactions(352)) - OMDoubleBuffer flush thread OMDoubleBufferFlushThread is interrupted and will exit. OMDoubleBufferFlushThread
2021-01-13 14:10:23,752 [Listener at 127.0.0.1/10228] INFO  ratis.OzoneManagerStateMachine (HadoopExecutors.java:shutdown(118)) - Gracefully shutting down executor service. Waiting max 5 SECONDS
2021-01-13 14:10:23,753 [Listener at 127.0.0.1/10228] INFO  ratis.OzoneManagerStateMachine (HadoopExecutors.java:shutdown(129)) - Succesfully shutdown executor service
2021-01-13 14:10:23,753 [Listener at 127.0.0.1/10228] INFO  ratis.OzoneManagerStateMachine (HadoopExecutors.java:shutdown(118)) - Gracefully shutting down executor service. Waiting max 5 SECONDS
2021-01-13 14:10:23,754 [Listener at 127.0.0.1/10228] INFO  ratis.OzoneManagerStateMachine (HadoopExecutors.java:shutdown(129)) - Succesfully shutdown executor service
2021-01-13 14:10:23,754 [Listener at 127.0.0.1/10228] INFO  utils.BackgroundService (BackgroundService.java:shutdown(132)) - Shutting down service KeyDeletingService
2021-01-13 14:10:23,755 [Listener at 127.0.0.1/10228] INFO  handler.ContextHandler (ContextHandler.java:doStop(1154)) - Stopped o.e.j.w.WebAppContext@134bff98{ozoneManager,/,null,STOPPED}{file:/github/workspace/mnt/ozone/hadoop-ozone/integration-test/target/test-classes/webapps/ozoneManager}
2021-01-13 14:10:23,755 [Listener at 127.0.0.1/10228] INFO  server.AbstractConnector (AbstractConnector.java:doStop(381)) - Stopped ServerConnector@7ae03dc3{HTTP/1.1, (http/1.1)}{0.0.0.0:10224}
2021-01-13 14:10:23,755 [Listener at 127.0.0.1/10228] INFO  server.session (HouseKeeper.java:stopScavenging(149)) - node0 Stopped scavenging
2021-01-13 14:10:23,755 [Listener at 127.0.0.1/10228] INFO  handler.ContextHandler (ContextHandler.java:doStop(1154)) - Stopped o.e.j.s.ServletContextHandler@303c7dd4{static,/static,file:///github/workspace/mnt/ozone/hadoop-ozone/integration-test/target/test-classes/webapps/static,STOPPED}
2021-01-13 14:10:23,756 [Listener at 127.0.0.1/10228] INFO  handler.ContextHandler (ContextHandler.java:doStop(1154)) - Stopped o.e.j.s.ServletContextHandler@52e91a25{logs,/logs,file:///github/workspace/mnt/ozone/hadoop-ozone/integration-test/target/log,STOPPED}
2021-01-13 14:10:23,758 [Listener at 127.0.0.1/10228] INFO  ozone.MiniOzoneClusterImpl (MiniOzoneClusterImpl.java:stop(404)) - Stopping the Mini Ozone Cluster
2021-01-13 14:10:23,758 [Listener at 127.0.0.1/10228] INFO  ozone.MiniOzoneClusterImpl (MiniOzoneClusterImpl.java:stopDatanodes(463)) - Stopping the HddsDatanodes
2021-01-13 14:10:24,015 [Datanode State Machine Thread - 0] INFO  statemachine.DatanodeStateMachine (DatanodeStateMachine.java:lambda$startDaemon$0(408)) - Ozone container server started.
2021-01-13 14:10:24,446 [Datanode State Machine Thread - 0] INFO  statemachine.DatanodeStateMachine (DatanodeStateMachine.java:lambda$startDaemon$0(408)) - Ozone container server started.
2021-01-13 14:10:28,760 [ForkJoinPool.commonPool-worker-0] INFO  ozoneimpl.OzoneContainer (OzoneContainer.java:stop(273)) - Attempting to stop container services.
2021-01-13 14:10:28,760 [Listener at 127.0.0.1/10228] INFO  ozoneimpl.OzoneContainer (OzoneContainer.java:stop(273)) - Attempting to stop container services.
2021-01-13 14:10:28,761 [ForkJoinPool.commonPool-worker-0] INFO  server.RaftServer (RaftServerProxy.java:lambda$close$6(389)) - 55d81cbb-fb85-4082-808b-6966013a4e6d: close
2021-01-13 14:10:28,761 [ForkJoinPool.commonPool-worker-0] INFO  server.RaftServer$Division (RaftServerImpl.java:lambda$close$4(405)) - 55d81cbb-fb85-4082-808b-6966013a4e6d@group-3562B720D7C9: shutdown
2021-01-13 14:10:28,761 [ForkJoinPool.commonPool-worker-0] INFO  util.JmxRegister (JmxRegister.java:unregister(73)) - Successfully un-registered JMX Bean with object name Ratis:service=RaftServer,group=group-3562B720D7C9,id=55d81cbb-fb85-4082-808b-6966013a4e6d
2021-01-13 14:10:28,762 [ForkJoinPool.commonPool-worker-0] INFO  impl.RoleInfo (RoleInfo.java:shutdownLeaderState(91)) - 55d81cbb-fb85-4082-808b-6966013a4e6d: shutdown 55d81cbb-fb85-4082-808b-6966013a4e6d@group-3562B720D7C9-LeaderStateImpl
2021-01-13 14:10:28,762 [ForkJoinPool.commonPool-worker-0] INFO  impl.PendingRequests (PendingRequests.java:sendNotLeaderResponses(249)) - 55d81cbb-fb85-4082-808b-6966013a4e6d@group-3562B720D7C9-PendingRequests: sendNotLeaderResponses
2021-01-13 14:10:28,762 [ForkJoinPool.commonPool-worker-0] INFO  metrics.RatisMetrics (RatisMetrics.java:unregister(43)) - Unregistering Metrics Registry : ratis.log_appender.55d81cbb-fb85-4082-808b-6966013a4e6d@group-3562B720D7C9
2021-01-13 14:10:28,762 [ForkJoinPool.commonPool-worker-0] INFO  metrics.RatisMetrics (RatisMetrics.java:unregister(43)) - Unregistering Metrics Registry : ratis.server.55d81cbb-fb85-4082-808b-6966013a4e6d@group-3562B720D7C9
2021-01-13 14:10:28,762 [Listener at 127.0.0.1/10228] INFO  server.RaftServer (RaftServerProxy.java:lambda$close$6(389)) - ecce6ce4-ded5-4171-a4f3-4bb4b5b9b0b9: close
2021-01-13 14:10:28,762 [Listener at 127.0.0.1/10228] INFO  server.RaftServer$Division (RaftServerImpl.java:lambda$close$4(405)) - ecce6ce4-ded5-4171-a4f3-4bb4b5b9b0b9@group-55716BB7855F: shutdown
2021-01-13 14:10:28,763 [Listener at 127.0.0.1/10228] INFO  util.JmxRegister (JmxRegister.java:unregister(73)) - Successfully un-registered JMX Bean with object name Ratis:service=RaftServer,group=group-55716BB7855F,id=ecce6ce4-ded5-4171-a4f3-4bb4b5b9b0b9
2021-01-13 14:10:28,763 [Listener at 127.0.0.1/10228] INFO  impl.RoleInfo (RoleInfo.java:shutdownFollowerState(108)) - ecce6ce4-ded5-4171-a4f3-4bb4b5b9b0b9: shutdown ecce6ce4-ded5-4171-a4f3-4bb4b5b9b0b9@group-55716BB7855F-FollowerState
2021-01-13 14:10:28,763 [Listener at 127.0.0.1/10228] INFO  impl.StateMachineUpdater (StateMachineUpdater.java:stopAndJoin(148)) - ecce6ce4-ded5-4171-a4f3-4bb4b5b9b0b9@group-55716BB7855F-StateMachineUpdater: set stopIndex = 0
2021-01-13 14:10:28,763 [ecce6ce4-ded5-4171-a4f3-4bb4b5b9b0b9@group-55716BB7855F-StateMachineUpdater] INFO  ratis.ContainerStateMachine (ContainerStateMachine.java:takeSnapshot(291)) - group-55716BB7855F: Taking a snapshot at:(t:1, i:0) file /github/workspace/mnt/ozone/hadoop-ozone/integration-test/target/test-dir/MiniOzoneClusterImpl-9fde871d-63de-45ae-a394-6b80eb19d1dd/datanode-1/data/ratis/405a2968-de9b-4577-b1bf-55716bb7855f/sm/snapshot.1_0
2021-01-13 14:10:28,762 [ForkJoinPool.commonPool-worker-0] INFO  impl.StateMachineUpdater (StateMachineUpdater.java:stopAndJoin(148)) - 55d81cbb-fb85-4082-808b-6966013a4e6d@group-3562B720D7C9-StateMachineUpdater: set stopIndex = 0
2021-01-13 14:10:28,763 [Thread-319] INFO  impl.FollowerState (FollowerState.java:run(142)) - ecce6ce4-ded5-4171-a4f3-4bb4b5b9b0b9@group-55716BB7855F-FollowerState was interrupted: {}
java.lang.InterruptedException: sleep interrupted
	at java.lang.Thread.sleep(Native Method)
	at java.lang.Thread.sleep(Thread.java:340)
	at java.util.concurrent.TimeUnit.sleep(TimeUnit.java:386)
	at org.apache.ratis.util.TimeDuration.sleep(TimeDuration.java:324)
	at org.apache.ratis.util.TimeDuration.sleep(TimeDuration.java:309)
	at org.apache.ratis.server.impl.FollowerState.run(FollowerState.java:117)
2021-01-13 14:10:28,763 [55d81cbb-fb85-4082-808b-6966013a4e6d@group-3562B720D7C9-StateMachineUpdater] INFO  ratis.ContainerStateMachine (ContainerStateMachine.java:takeSnapshot(291)) - group-3562B720D7C9: Taking a snapshot at:(t:1, i:0) file /github/workspace/mnt/ozone/hadoop-ozone/integration-test/target/test-dir/MiniOzoneClusterImpl-9fde871d-63de-45ae-a394-6b80eb19d1dd/datanode-0/data/ratis/2527a03d-2dad-435c-b284-3562b720d7c9/sm/snapshot.1_0
2021-01-13 14:10:28,822 [ecce6ce4-ded5-4171-a4f3-4bb4b5b9b0b9@group-55716BB7855F-StateMachineUpdater] INFO  ratis.ContainerStateMachine (ContainerStateMachine.java:takeSnapshot(302)) - group-55716BB7855F: Finished taking a snapshot at:(t:1, i:0) file:/github/workspace/mnt/ozone/hadoop-ozone/integration-test/target/test-dir/MiniOzoneClusterImpl-9fde871d-63de-45ae-a394-6b80eb19d1dd/datanode-1/data/ratis/405a2968-de9b-4577-b1bf-55716bb7855f/sm/snapshot.1_0 took: 59 ms
2021-01-13 14:10:28,823 [ecce6ce4-ded5-4171-a4f3-4bb4b5b9b0b9@group-55716BB7855F-StateMachineUpdater] INFO  impl.StateMachineUpdater (StateMachineUpdater.java:takeSnapshot(279)) - ecce6ce4-ded5-4171-a4f3-4bb4b5b9b0b9@group-55716BB7855F-StateMachineUpdater: Took a snapshot at index 0
2021-01-13 14:10:28,823 [ecce6ce4-ded5-4171-a4f3-4bb4b5b9b0b9@group-55716BB7855F-StateMachineUpdater] INFO  impl.StateMachineUpdater (StateMachineUpdater.java:lambda$new$0(88)) - ecce6ce4-ded5-4171-a4f3-4bb4b5b9b0b9@group-55716BB7855F-StateMachineUpdater: snapshotIndex: updateIncreasingly -1 -> 0
2021-01-13 14:10:28,825 [55d81cbb-fb85-4082-808b-6966013a4e6d@group-3562B720D7C9-StateMachineUpdater] INFO  ratis.ContainerStateMachine (ContainerStateMachine.java:takeSnapshot(302)) - group-3562B720D7C9: Finished taking a snapshot at:(t:1, i:0) file:/github/workspace/mnt/ozone/hadoop-ozone/integration-test/target/test-dir/MiniOzoneClusterImpl-9fde871d-63de-45ae-a394-6b80eb19d1dd/datanode-0/data/ratis/2527a03d-2dad-435c-b284-3562b720d7c9/sm/snapshot.1_0 took: 62 ms
2021-01-13 14:10:28,826 [ecce6ce4-ded5-4171-a4f3-4bb4b5b9b0b9@group-55716BB7855F-StateMachineUpdater] INFO  metrics.RatisMetrics (RatisMetrics.java:unregister(43)) - Unregistering Metrics Registry : ratis.state_machine.ecce6ce4-ded5-4171-a4f3-4bb4b5b9b0b9@group-55716BB7855F
2021-01-13 14:10:28,826 [Listener at 127.0.0.1/10228] INFO  server.RaftServer$Division (ServerState.java:close(400)) - ecce6ce4-ded5-4171-a4f3-4bb4b5b9b0b9@group-55716BB7855F: closes. applyIndex: 0
2021-01-13 14:10:28,826 [55d81cbb-fb85-4082-808b-6966013a4e6d@group-3562B720D7C9-StateMachineUpdater] INFO  impl.StateMachineUpdater (StateMachineUpdater.java:takeSnapshot(279)) - 55d81cbb-fb85-4082-808b-6966013a4e6d@group-3562B720D7C9-StateMachineUpdater: Took a snapshot at index 0
2021-01-13 14:10:28,826 [ecce6ce4-ded5-4171-a4f3-4bb4b5b9b0b9@group-55716BB7855F-SegmentedRaftLogWorker] INFO  segmented.SegmentedRaftLogWorker (SegmentedRaftLogWorker.java:run(326)) - ecce6ce4-ded5-4171-a4f3-4bb4b5b9b0b9@group-55716BB7855F-SegmentedRaftLogWorker was interrupted, exiting. There are 0 tasks remaining in the queue.
2021-01-13 14:10:28,826 [Listener at 127.0.0.1/10228] INFO  segmented.SegmentedRaftLogWorker (SegmentedRaftLogWorker.java:close(236)) - ecce6ce4-ded5-4171-a4f3-4bb4b5b9b0b9@group-55716BB7855F-SegmentedRaftLogWorker close()
2021-01-13 14:10:28,826 [55d81cbb-fb85-4082-808b-6966013a4e6d@group-3562B720D7C9-StateMachineUpdater] INFO  impl.StateMachineUpdater (StateMachineUpdater.java:lambda$new$0(88)) - 55d81cbb-fb85-4082-808b-6966013a4e6d@group-3562B720D7C9-StateMachineUpdater: snapshotIndex: updateIncreasingly -1 -> 0
2021-01-13 14:10:28,827 [Listener at 127.0.0.1/10228] INFO  metrics.RatisMetrics (RatisMetrics.java:unregister(43)) - Unregistering Metrics Registry : ratis.log_worker.ecce6ce4-ded5-4171-a4f3-4bb4b5b9b0b9@group-55716BB7855F
2021-01-13 14:10:28,827 [55d81cbb-fb85-4082-808b-6966013a4e6d@group-3562B720D7C9-StateMachineUpdater] INFO  metrics.RatisMetrics (RatisMetrics.java:unregister(43)) - Unregistering Metrics Registry : ratis.state_machine.55d81cbb-fb85-4082-808b-6966013a4e6d@group-3562B720D7C9
2021-01-13 14:10:28,827 [Listener at 127.0.0.1/10228] INFO  metrics.RatisMetrics (RatisMetrics.java:unregister(43)) - Unregistering Metrics Registry : ratis.leader_election.ecce6ce4-ded5-4171-a4f3-4bb4b5b9b0b9@group-55716BB7855F
2021-01-13 14:10:28,828 [Listener at 127.0.0.1/10228] INFO  metrics.RatisMetrics (RatisMetrics.java:unregister(43)) - Unregistering Metrics Registry : ratis.server.ecce6ce4-ded5-4171-a4f3-4bb4b5b9b0b9@group-55716BB7855F
2021-01-13 14:10:28,828 [Listener at 127.0.0.1/10228] INFO  server.RaftServer$Division (RaftServerImpl.java:lambda$close$4(405)) - ecce6ce4-ded5-4171-a4f3-4bb4b5b9b0b9@group-88BE978D30F7: shutdown
2021-01-13 14:10:28,828 [Listener at 127.0.0.1/10228] INFO  util.JmxRegister (JmxRegister.java:unregister(73)) - Successfully un-registered JMX Bean with object name Ratis:service=RaftServer,group=group-88BE978D30F7,id=ecce6ce4-ded5-4171-a4f3-4bb4b5b9b0b9
2021-01-13 14:10:28,828 [Listener at 127.0.0.1/10228] INFO  impl.RoleInfo (RoleInfo.java:shutdownLeaderState(91)) - ecce6ce4-ded5-4171-a4f3-4bb4b5b9b0b9: shutdown ecce6ce4-ded5-4171-a4f3-4bb4b5b9b0b9@group-88BE978D30F7-LeaderStateImpl
2021-01-13 14:10:28,828 [Listener at 127.0.0.1/10228] INFO  metrics.RatisMetrics (RatisMetrics.java:unregister(43)) - Unregistering Metrics Registry : ratis_grpc.log_appender.ecce6ce4-ded5-4171-a4f3-4bb4b5b9b0b9@group-88BE978D30F7
2021-01-13 14:10:28,828 [Listener at 127.0.0.1/10228] INFO  metrics.RatisMetrics (RatisMetrics.java:unregister(43)) - Unregistering Metrics Registry : ratis_grpc.log_appender.ecce6ce4-ded5-4171-a4f3-4bb4b5b9b0b9@group-88BE978D30F7
2021-01-13 14:10:28,828 [ecce6ce4-ded5-4171-a4f3-4bb4b5b9b0b9@group-88BE978D30F7->55d81cbb-fb85-4082-808b-6966013a4e6d-GrpcLogAppender-LogAppenderDaemon] WARN  server.GrpcLogAppender (GrpcLogAppender.java:mayWait(175)) - ecce6ce4-ded5-4171-a4f3-4bb4b5b9b0b9@group-88BE978D30F7->55d81cbb-fb85-4082-808b-6966013a4e6d-GrpcLogAppender: Wait interrupted by java.lang.InterruptedException
2021-01-13 14:10:28,828 [ecce6ce4-ded5-4171-a4f3-4bb4b5b9b0b9@group-88BE978D30F7->88355522-ea7b-442e-ab24-a07389f97d94-GrpcLogAppender-LogAppenderDaemon] WARN  server.GrpcLogAppender (GrpcLogAppender.java:mayWait(175)) - ecce6ce4-ded5-4171-a4f3-4bb4b5b9b0b9@group-88BE978D30F7->88355522-ea7b-442e-ab24-a07389f97d94-GrpcLogAppender: Wait interrupted by java.lang.InterruptedException
2021-01-13 14:10:28,828 [Listener at 127.0.0.1/10228] INFO  impl.PendingRequests (PendingRequests.java:sendNotLeaderResponses(249)) - ecce6ce4-ded5-4171-a4f3-4bb4b5b9b0b9@group-88BE978D30F7-PendingRequests: sendNotLeaderResponses
2021-01-13 14:10:28,828 [ForkJoinPool.commonPool-worker-0] INFO  server.RaftServer$Division (ServerState.java:close(400)) - 55d81cbb-fb85-4082-808b-6966013a4e6d@group-3562B720D7C9: closes. applyIndex: 0
2021-01-13 14:10:28,830 [55d81cbb-fb85-4082-808b-6966013a4e6d@group-3562B720D7C9-SegmentedRaftLogWorker] INFO  segmented.SegmentedRaftLogWorker (SegmentedRaftLogWorker.java:run(326)) - 55d81cbb-fb85-4082-808b-6966013a4e6d@group-3562B720D7C9-SegmentedRaftLogWorker was interrupted, exiting. There are 0 tasks remaining in the queue.
2021-01-13 14:10:28,830 [Listener at 127.0.0.1/10228] INFO  metrics.RatisMetrics (RatisMetrics.java:unregister(43)) - Unregistering Metrics Registry : ratis.log_appender.ecce6ce4-ded5-4171-a4f3-4bb4b5b9b0b9@group-88BE978D30F7
2021-01-13 14:10:28,830 [grpc-default-executor-5] INFO  server.GrpcServerProtocolService (GrpcServerProtocolService.java:onCompleted(138)) - 55d81cbb-fb85-4082-808b-6966013a4e6d: Completed APPEND_ENTRIES, lastRequest: ecce6ce4-ded5-4171-a4f3-4bb4b5b9b0b9->55d81cbb-fb85-4082-808b-6966013a4e6d#1-t1,previous=(t:0, i:0),leaderCommit=-1,initializing? true,entries: size=1, first=(t:1, i:0), CONFIGURATIONENTRY
2021-01-13 14:10:28,830 [ForkJoinPool.commonPool-worker-0] INFO  segmented.SegmentedRaftLogWorker (SegmentedRaftLogWorker.java:close(236)) - 55d81cbb-fb85-4082-808b-6966013a4e6d@group-3562B720D7C9-SegmentedRaftLogWorker close()
2021-01-13 14:10:28,830 [Listener at 127.0.0.1/10228] INFO  metrics.RatisMetrics (RatisMetrics.java:unregister(43)) - Unregistering Metrics Registry : ratis.server.ecce6ce4-ded5-4171-a4f3-4bb4b5b9b0b9@group-88BE978D30F7
2021-01-13 14:10:28,830 [grpc-default-executor-4] INFO  server.GrpcServerProtocolService (GrpcServerProtocolService.java:onCompleted(138)) - 88355522-ea7b-442e-ab24-a07389f97d94: Completed APPEND_ENTRIES, lastRequest: ecce6ce4-ded5-4171-a4f3-4bb4b5b9b0b9->88355522-ea7b-442e-ab24-a07389f97d94#1-t1,previous=(t:0, i:0),leaderCommit=-1,initializing? true,entries: size=1, first=(t:1, i:0), CONFIGURATIONENTRY
2021-01-13 14:10:28,831 [ForkJoinPool.commonPool-worker-0] INFO  metrics.RatisMetrics (RatisMetrics.java:unregister(43)) - Unregistering Metrics Registry : ratis.log_worker.55d81cbb-fb85-4082-808b-6966013a4e6d@group-3562B720D7C9
2021-01-13 14:10:28,831 [ForkJoinPool.commonPool-worker-0] INFO  metrics.RatisMetrics (RatisMetrics.java:unregister(43)) - Unregistering Metrics Registry : ratis.leader_election.55d81cbb-fb85-4082-808b-6966013a4e6d@group-3562B720D7C9
2021-01-13 14:10:28,832 [ForkJoinPool.commonPool-worker-0] INFO  metrics.RatisMetrics (RatisMetrics.java:unregister(43)) - Unregistering Metrics Registry : ratis.server.55d81cbb-fb85-4082-808b-6966013a4e6d@group-3562B720D7C9
2021-01-13 14:10:28,832 [ForkJoinPool.commonPool-worker-0] INFO  server.RaftServer$Division (RaftServerImpl.java:lambda$close$4(405)) - 55d81cbb-fb85-4082-808b-6966013a4e6d@group-55716BB7855F: shutdown
2021-01-13 14:10:28,832 [ForkJoinPool.commonPool-worker-0] INFO  util.JmxRegister (JmxRegister.java:unregister(73)) - Successfully un-registered JMX Bean with object name Ratis:service=RaftServer,group=group-55716BB7855F,id=55d81cbb-fb85-4082-808b-6966013a4e6d
2021-01-13 14:10:28,832 [ForkJoinPool.commonPool-worker-0] INFO  impl.RoleInfo (RoleInfo.java:shutdownFollowerState(108)) - 55d81cbb-fb85-4082-808b-6966013a4e6d: shutdown 55d81cbb-fb85-4082-808b-6966013a4e6d@group-55716BB7855F-FollowerState
2021-01-13 14:10:28,832 [ForkJoinPool.commonPool-worker-0] INFO  impl.StateMachineUpdater (StateMachineUpdater.java:stopAndJoin(148)) - 55d81cbb-fb85-4082-808b-6966013a4e6d@group-55716BB7855F-StateMachineUpdater: set stopIndex = 0
2021-01-13 14:10:28,832 [Thread-318] INFO  impl.FollowerState (FollowerState.java:run(142)) - 55d81cbb-fb85-4082-808b-6966013a4e6d@group-55716BB7855F-FollowerState was interrupted: {}
java.lang.InterruptedException: sleep interrupted
	at java.lang.Thread.sleep(Native Method)
	at java.lang.Thread.sleep(Thread.java:340)
	at java.util.concurrent.TimeUnit.sleep(TimeUnit.java:386)
	at org.apache.ratis.util.TimeDuration.sleep(TimeDuration.java:324)
	at org.apache.ratis.util.TimeDuration.sleep(TimeDuration.java:309)
	at org.apache.ratis.server.impl.FollowerState.run(FollowerState.java:117)
2021-01-13 14:10:28,832 [55d81cbb-fb85-4082-808b-6966013a4e6d@group-55716BB7855F-StateMachineUpdater] INFO  ratis.ContainerStateMachine (ContainerStateMachine.java:takeSnapshot(291)) - group-55716BB7855F: Taking a snapshot at:(t:1, i:0) file /github/workspace/mnt/ozone/hadoop-ozone/integration-test/target/test-dir/MiniOzoneClusterImpl-9fde871d-63de-45ae-a394-6b80eb19d1dd/datanode-0/data/ratis/405a2968-de9b-4577-b1bf-55716bb7855f/sm/snapshot.1_0
2021-01-13 14:10:28,832 [grpc-default-executor-3] INFO  server.GrpcLogAppender (GrpcLogAppender.java:onCompleted(344)) - ecce6ce4-ded5-4171-a4f3-4bb4b5b9b0b9@group-88BE978D30F7->88355522-ea7b-442e-ab24-a07389f97d94-AppendLogResponseHandler: follower responses appendEntries COMPLETED
2021-01-13 14:10:28,833 [grpc-default-executor-3] INFO  leader.FollowerInfo (FollowerInfoImpl.java:lambda$new$0(46)) - ecce6ce4-ded5-4171-a4f3-4bb4b5b9b0b9@group-88BE978D30F7->88355522-ea7b-442e-ab24-a07389f97d94: nextIndex: updateUnconditionally 1 -> 0
2021-01-13 14:10:28,833 [grpc-default-executor-4] INFO  server.GrpcLogAppender (GrpcLogAppender.java:onCompleted(344)) - ecce6ce4-ded5-4171-a4f3-4bb4b5b9b0b9@group-88BE978D30F7->55d81cbb-fb85-4082-808b-6966013a4e6d-AppendLogResponseHandler: follower responses appendEntries COMPLETED
2021-01-13 14:10:28,833 [grpc-default-executor-4] INFO  leader.FollowerInfo (FollowerInfoImpl.java:lambda$new$0(46)) - ecce6ce4-ded5-4171-a4f3-4bb4b5b9b0b9@group-88BE978D30F7->55d81cbb-fb85-4082-808b-6966013a4e6d: nextIndex: updateUnconditionally 1 -> 0
2021-01-13 14:10:28,833 [55d81cbb-fb85-4082-808b-6966013a4e6d@group-55716BB7855F-StateMachineUpdater] INFO  ratis.ContainerStateMachine (ContainerStateMachine.java:takeSnapshot(302)) - group-55716BB7855F: Finished taking a snapshot at:(t:1, i:0) file:/github/workspace/mnt/ozone/hadoop-ozone/integration-test/target/test-dir/MiniOzoneClusterImpl-9fde871d-63de-45ae-a394-6b80eb19d1dd/datanode-0/data/ratis/405a2968-de9b-4577-b1bf-55716bb7855f/sm/snapshot.1_0 took: 1 ms
2021-01-13 14:10:28,833 [55d81cbb-fb85-4082-808b-6966013a4e6d@group-55716BB7855F-StateMachineUpdater] INFO  impl.StateMachineUpdater (StateMachineUpdater.java:takeSnapshot(279)) - 55d81cbb-fb85-4082-808b-6966013a4e6d@group-55716BB7855F-StateMachineUpdater: Took a snapshot at index 0
2021-01-13 14:10:28,833 [55d81cbb-fb85-4082-808b-6966013a4e6d@group-55716BB7855F-StateMachineUpdater] INFO  impl.StateMachineUpdater (StateMachineUpdater.java:lambda$new$0(88)) - 55d81cbb-fb85-4082-808b-6966013a4e6d@group-55716BB7855F-StateMachineUpdater: snapshotIndex: updateIncreasingly -1 -> 0
2021-01-13 14:10:28,833 [55d81cbb-fb85-4082-808b-6966013a4e6d@group-55716BB7855F-StateMachineUpdater] INFO  metrics.RatisMetrics (RatisMetrics.java:unregister(43)) - Unregistering Metrics Registry : ratis.state_machine.55d81cbb-fb85-4082-808b-6966013a4e6d@group-55716BB7855F
2021-01-13 14:10:28,833 [ForkJoinPool.commonPool-worker-0] INFO  server.RaftServer$Division (ServerState.java:close(400)) - 55d81cbb-fb85-4082-808b-6966013a4e6d@group-55716BB7855F: closes. applyIndex: 0
2021-01-13 14:10:28,834 [55d81cbb-fb85-4082-808b-6966013a4e6d@group-55716BB7855F-SegmentedRaftLogWorker] INFO  segmented.SegmentedRaftLogWorker (SegmentedRaftLogWorker.java:run(326)) - 55d81cbb-fb85-4082-808b-6966013a4e6d@group-55716BB7855F-SegmentedRaftLogWorker was interrupted, exiting. There are 0 tasks remaining in the queue.
2021-01-13 14:10:28,834 [Listener at 127.0.0.1/10228] INFO  impl.StateMachineUpdater (StateMachineUpdater.java:stopAndJoin(148)) - ecce6ce4-ded5-4171-a4f3-4bb4b5b9b0b9@group-88BE978D30F7-StateMachineUpdater: set stopIndex = 0
2021-01-13 14:10:28,834 [ForkJoinPool.commonPool-worker-0] INFO  segmented.SegmentedRaftLogWorker (SegmentedRaftLogWorker.java:close(236)) - 55d81cbb-fb85-4082-808b-6966013a4e6d@group-55716BB7855F-SegmentedRaftLogWorker close()
2021-01-13 14:10:28,834 [ecce6ce4-ded5-4171-a4f3-4bb4b5b9b0b9@group-88BE978D30F7-StateMachineUpdater] INFO  ratis.ContainerStateMachine (ContainerStateMachine.java:takeSnapshot(291)) - group-88BE978D30F7: Taking a snapshot at:(t:1, i:0) file /github/workspace/mnt/ozone/hadoop-ozone/integration-test/target/test-dir/MiniOzoneClusterImpl-9fde871d-63de-45ae-a394-6b80eb19d1dd/datanode-1/data/ratis/828aff4f-d459-43a2-8e02-88be978d30f7/sm/snapshot.1_0
2021-01-13 14:10:28,834 [ForkJoinPool.commonPool-worker-0] INFO  metrics.RatisMetrics (RatisMetrics.java:unregister(43)) - Unregistering Metrics Registry : ratis.log_worker.55d81cbb-fb85-4082-808b-6966013a4e6d@group-55716BB7855F
2021-01-13 14:10:28,835 [ForkJoinPool.commonPool-worker-0] INFO  metrics.RatisMetrics (RatisMetrics.java:unregister(43)) - Unregistering Metrics Registry : ratis.leader_election.55d81cbb-fb85-4082-808b-6966013a4e6d@group-55716BB7855F
2021-01-13 14:10:28,835 [ForkJoinPool.commonPool-worker-0] INFO  metrics.RatisMetrics (RatisMetrics.java:unregister(43)) - Unregistering Metrics Registry : ratis.server.55d81cbb-fb85-4082-808b-6966013a4e6d@group-55716BB7855F
2021-01-13 14:10:28,835 [ForkJoinPool.commonPool-worker-0] INFO  server.RaftServer$Division (RaftServerImpl.java:lambda$close$4(405)) - 55d81cbb-fb85-4082-808b-6966013a4e6d@group-88BE978D30F7: shutdown
2021-01-13 14:10:28,835 [ForkJoinPool.commonPool-worker-0] INFO  util.JmxRegister (JmxRegister.java:unregister(73)) - Successfully un-registered JMX Bean with object name Ratis:service=RaftServer,group=group-88BE978D30F7,id=55d81cbb-fb85-4082-808b-6966013a4e6d
2021-01-13 14:10:28,835 [ForkJoinPool.commonPool-worker-0] INFO  impl.RoleInfo (RoleInfo.java:shutdownFollowerState(108)) - 55d81cbb-fb85-4082-808b-6966013a4e6d: shutdown 55d81cbb-fb85-4082-808b-6966013a4e6d@group-88BE978D30F7-FollowerState
2021-01-13 14:10:28,835 [ecce6ce4-ded5-4171-a4f3-4bb4b5b9b0b9@group-88BE978D30F7-StateMachineUpdater] INFO  ratis.ContainerStateMachine (ContainerStateMachine.java:takeSnapshot(302)) - group-88BE978D30F7: Finished taking a snapshot at:(t:1, i:0) file:/github/workspace/mnt/ozone/hadoop-ozone/integration-test/target/test-dir/MiniOzoneClusterImpl-9fde871d-63de-45ae-a394-6b80eb19d1dd/datanode-1/data/ratis/828aff4f-d459-43a2-8e02-88be978d30f7/sm/snapshot.1_0 took: 1 ms
2021-01-13 14:10:28,835 [ecce6ce4-ded5-4171-a4f3-4bb4b5b9b0b9@group-88BE978D30F7-StateMachineUpdater] INFO  impl.StateMachineUpdater (StateMachineUpdater.java:takeSnapshot(279)) - ecce6ce4-ded5-4171-a4f3-4bb4b5b9b0b9@group-88BE978D30F7-StateMachineUpdater: Took a snapshot at index 0
2021-01-13 14:10:28,835 [55d81cbb-fb85-4082-808b-6966013a4e6d@group-88BE978D30F7-StateMachineUpdater] INFO  ratis.ContainerStateMachine (ContainerStateMachine.java:takeSnapshot(291)) - group-88BE978D30F7: Taking a snapshot at:(t:1, i:0) file /github/workspace/mnt/ozone/hadoop-ozone/integration-test/target/test-dir/MiniOzoneClusterImpl-9fde871d-63de-45ae-a394-6b80eb19d1dd/datanode-0/data/ratis/828aff4f-d459-43a2-8e02-88be978d30f7/sm/snapshot.1_0
2021-01-13 14:10:28,835 [Thread-341] INFO  impl.FollowerState (FollowerState.java:run(142)) - 55d81cbb-fb85-4082-808b-6966013a4e6d@group-88BE978D30F7-FollowerState was interrupted: {}
java.lang.InterruptedException: sleep interrupted
	at java.lang.Thread.sleep(Native Method)
	at java.lang.Thread.sleep(Thread.java:340)
	at java.util.concurrent.TimeUnit.sleep(TimeUnit.java:386)
	at org.apache.ratis.util.TimeDuration.sleep(TimeDuration.java:324)
	at org.apache.ratis.util.TimeDuration.sleep(TimeDuration.java:309)
	at org.apache.ratis.server.impl.FollowerState.run(FollowerState.java:117)
2021-01-13 14:10:28,835 [ecce6ce4-ded5-4171-a4f3-4bb4b5b9b0b9@group-88BE978D30F7-StateMachineUpdater] INFO  impl.StateMachineUpdater (StateMachineUpdater.java:lambda$new$0(88)) - ecce6ce4-ded5-4171-a4f3-4bb4b5b9b0b9@group-88BE978D30F7-StateMachineUpdater: snapshotIndex: updateIncreasingly -1 -> 0
2021-01-13 14:10:28,836 [ForkJoinPool.commonPool-worker-0] INFO  impl.StateMachineUpdater (StateMachineUpdater.java:stopAndJoin(148)) - 55d81cbb-fb85-4082-808b-6966013a4e6d@group-88BE978D30F7-StateMachineUpdater: set stopIndex = 0
2021-01-13 14:10:28,836 [ecce6ce4-ded5-4171-a4f3-4bb4b5b9b0b9@group-88BE978D30F7-StateMachineUpdater] INFO  metrics.RatisMetrics (RatisMetrics.java:unregister(43)) - Unregistering Metrics Registry : ratis.state_machine.ecce6ce4-ded5-4171-a4f3-4bb4b5b9b0b9@group-88BE978D30F7
2021-01-13 14:10:28,836 [Listener at 127.0.0.1/10228] INFO  server.RaftServer$Division (ServerState.java:close(400)) - ecce6ce4-ded5-4171-a4f3-4bb4b5b9b0b9@group-88BE978D30F7: closes. applyIndex: 0
2021-01-13 14:10:28,836 [ecce6ce4-ded5-4171-a4f3-4bb4b5b9b0b9@group-88BE978D30F7-SegmentedRaftLogWorker] INFO  segmented.SegmentedRaftLogWorker (SegmentedRaftLogWorker.java:run(326)) - ecce6ce4-ded5-4171-a4f3-4bb4b5b9b0b9@group-88BE978D30F7-SegmentedRaftLogWorker was interrupted, exiting. There are 0 tasks remaining in the queue.
2021-01-13 14:10:28,836 [Listener at 127.0.0.1/10228] INFO  segmented.SegmentedRaftLogWorker (SegmentedRaftLogWorker.java:close(236)) - ecce6ce4-ded5-4171-a4f3-4bb4b5b9b0b9@group-88BE978D30F7-SegmentedRaftLogWorker close()
2021-01-13 14:10:28,836 [55d81cbb-fb85-4082-808b-6966013a4e6d@group-88BE978D30F7-StateMachineUpdater] INFO  ratis.ContainerStateMachine (ContainerStateMachine.java:takeSnapshot(302)) - group-88BE978D30F7: Finished taking a snapshot at:(t:1, i:0) file:/github/workspace/mnt/ozone/hadoop-ozone/integration-test/target/test-dir/MiniOzoneClusterImpl-9fde871d-63de-45ae-a394-6b80eb19d1dd/datanode-0/data/ratis/828aff4f-d459-43a2-8e02-88be978d30f7/sm/snapshot.1_0 took: 2 ms
2021-01-13 14:10:28,837 [55d81cbb-fb85-4082-808b-6966013a4e6d@group-88BE978D30F7-StateMachineUpdater] INFO  impl.StateMachineUpdater (StateMachineUpdater.java:takeSnapshot(279)) - 55d81cbb-fb85-4082-808b-6966013a4e6d@group-88BE978D30F7-StateMachineUpdater: Took a snapshot at index 0
2021-01-13 14:10:28,841 [55d81cbb-fb85-4082-808b-6966013a4e6d@group-88BE978D30F7-StateMachineUpdater] INFO  impl.StateMachineUpdater (StateMachineUpdater.java:lambda$new$0(88)) - 55d81cbb-fb85-4082-808b-6966013a4e6d@group-88BE978D30F7-StateMachineUpdater: snapshotIndex: updateIncreasingly -1 -> 0
2021-01-13 14:10:28,841 [55d81cbb-fb85-4082-808b-6966013a4e6d@group-88BE978D30F7-StateMachineUpdater] INFO  metrics.RatisMetrics (RatisMetrics.java:unregister(43)) - Unregistering Metrics Registry : ratis.state_machine.55d81cbb-fb85-4082-808b-6966013a4e6d@group-88BE978D30F7
2021-01-13 14:10:28,841 [ForkJoinPool.commonPool-worker-0] INFO  server.RaftServer$Division (ServerState.java:close(400)) - 55d81cbb-fb85-4082-808b-6966013a4e6d@group-88BE978D30F7: closes. applyIndex: 0
2021-01-13 14:10:28,837 [Listener at 127.0.0.1/10228] INFO  metrics.RatisMetrics (RatisMetrics.java:unregister(43)) - Unregistering Metrics Registry : ratis.log_worker.ecce6ce4-ded5-4171-a4f3-4bb4b5b9b0b9@group-88BE978D30F7
2021-01-13 14:10:28,841 [Listener at 127.0.0.1/10228] INFO  metrics.RatisMetrics (RatisMetrics.java:unregister(43)) - Unregistering Metrics Registry : ratis.leader_election.ecce6ce4-ded5-4171-a4f3-4bb4b5b9b0b9@group-88BE978D30F7
2021-01-13 14:10:28,841 [Listener at 127.0.0.1/10228] INFO  metrics.RatisMetrics (RatisMetrics.java:unregister(43)) - Unregistering Metrics Registry : ratis.server.ecce6ce4-ded5-4171-a4f3-4bb4b5b9b0b9@group-88BE978D30F7
2021-01-13 14:10:28,842 [Listener at 127.0.0.1/10228] INFO  server.RaftServer$Division (RaftServerImpl.java:lambda$close$4(405)) - ecce6ce4-ded5-4171-a4f3-4bb4b5b9b0b9@group-9613495F631C: shutdown
2021-01-13 14:10:28,842 [Listener at 127.0.0.1/10228] INFO  util.JmxRegister (JmxRegister.java:unregister(73)) - Successfully un-registered JMX Bean with object name Ratis:service=RaftServer,group=group-9613495F631C,id=ecce6ce4-ded5-4171-a4f3-4bb4b5b9b0b9
2021-01-13 14:10:28,842 [Listener at 127.0.0.1/10228] INFO  impl.RoleInfo (RoleInfo.java:shutdownLeaderState(91)) - ecce6ce4-ded5-4171-a4f3-4bb4b5b9b0b9: shutdown ecce6ce4-ded5-4171-a4f3-4bb4b5b9b0b9@group-9613495F631C-LeaderStateImpl
2021-01-13 14:10:28,842 [Listener at 127.0.0.1/10228] INFO  impl.PendingRequests (PendingRequests.java:sendNotLeaderResponses(249)) - ecce6ce4-ded5-4171-a4f3-4bb4b5b9b0b9@group-9613495F631C-PendingRequests: sendNotLeaderResponses
2021-01-13 14:10:28,842 [55d81cbb-fb85-4082-808b-6966013a4e6d@group-88BE978D30F7-SegmentedRaftLogWorker] INFO  segmented.SegmentedRaftLogWorker (SegmentedRaftLogWorker.java:run(326)) - 55d81cbb-fb85-4082-808b-6966013a4e6d@group-88BE978D30F7-SegmentedRaftLogWorker was interrupted, exiting. There are 0 tasks remaining in the queue.
2021-01-13 14:10:28,842 [ForkJoinPool.commonPool-worker-0] INFO  segmented.SegmentedRaftLogWorker (SegmentedRaftLogWorker.java:close(236)) - 55d81cbb-fb85-4082-808b-6966013a4e6d@group-88BE978D30F7-SegmentedRaftLogWorker close()
2021-01-13 14:10:28,847 [ForkJoinPool.commonPool-worker-0] INFO  metrics.RatisMetrics (RatisMetrics.java:unregister(43)) - Unregistering Metrics Registry : ratis.log_worker.55d81cbb-fb85-4082-808b-6966013a4e6d@group-88BE978D30F7
2021-01-13 14:10:28,847 [ForkJoinPool.commonPool-worker-0] INFO  metrics.RatisMetrics (RatisMetrics.java:unregister(43)) - Unregistering Metrics Registry : ratis.leader_election.55d81cbb-fb85-4082-808b-6966013a4e6d@group-88BE978D30F7
2021-01-13 14:10:28,847 [ForkJoinPool.commonPool-worker-0] INFO  metrics.RatisMetrics (RatisMetrics.java:unregister(43)) - Unregistering Metrics Registry : ratis.server.55d81cbb-fb85-4082-808b-6966013a4e6d@group-88BE978D30F7
2021-01-13 14:10:28,847 [ForkJoinPool.commonPool-worker-0] INFO  server.GrpcService (GrpcService.java:closeImpl(183)) - 55d81cbb-fb85-4082-808b-6966013a4e6d: shutdown server with port 36461 now
2021-01-13 14:10:28,848 [grpc-default-executor-3] WARN  server.GrpcServerProtocolService (LogUtils.java:warn(122)) - 55d81cbb-fb85-4082-808b-6966013a4e6d: installSnapshot onError, lastRequest: 88355522-ea7b-442e-ab24-a07389f97d94->55d81cbb-fb85-4082-808b-6966013a4e6d#1-t1,previous=(t:0, i:0),leaderCommit=-1,initializing? true,entries: size=1, first=(t:1, i:0), CONFIGURATIONENTRY: org.apache.ratis.thirdparty.io.grpc.StatusRuntimeException: CANCELLED: cancelled before receiving half close
2021-01-13 14:10:28,848 [grpc-default-executor-3] WARN  server.GrpcLogAppender (LogUtils.java:warn(122)) - 88355522-ea7b-442e-ab24-a07389f97d94@group-55716BB7855F->55d81cbb-fb85-4082-808b-6966013a4e6d-AppendLogResponseHandler: Failed appendEntries: org.apache.ratis.thirdparty.io.grpc.StatusRuntimeException: CANCELLED: HTTP/2 error code: CANCEL
Received Rst Stream
2021-01-13 14:10:28,848 [grpc-default-executor-3] WARN  server.GrpcLogAppender (GrpcLogAppender.java:resetClient(111)) - 88355522-ea7b-442e-ab24-a07389f97d94@group-55716BB7855F->55d81cbb-fb85-4082-808b-6966013a4e6d-GrpcLogAppender: Leader has not got in touch with Follower 88355522-ea7b-442e-ab24-a07389f97d94@group-55716BB7855F->55d81cbb-fb85-4082-808b-6966013a4e6d(c0,m0,n1, attendVote=true, lastRpcSendTime=1428, lastRpcResponseTime=1426) yet, just keep nextIndex unchanged and retry.
2021-01-13 14:10:28,854 [Listener at 127.0.0.1/10228] INFO  metrics.RatisMetrics (RatisMetrics.java:unregister(43)) - Unregistering Metrics Registry : ratis.log_appender.ecce6ce4-ded5-4171-a4f3-4bb4b5b9b0b9@group-9613495F631C
2021-01-13 14:10:28,854 [Listener at 127.0.0.1/10228] INFO  metrics.RatisMetrics (RatisMetrics.java:unregister(43)) - Unregistering Metrics Registry : ratis.server.ecce6ce4-ded5-4171-a4f3-4bb4b5b9b0b9@group-9613495F631C
2021-01-13 14:10:28,854 [Listener at 127.0.0.1/10228] INFO  impl.StateMachineUpdater (StateMachineUpdater.java:stopAndJoin(148)) - ecce6ce4-ded5-4171-a4f3-4bb4b5b9b0b9@group-9613495F631C-StateMachineUpdater: set stopIndex = 0
2021-01-13 14:10:28,854 [ecce6ce4-ded5-4171-a4f3-4bb4b5b9b0b9@group-9613495F631C-StateMachineUpdater] INFO  ratis.ContainerStateMachine (ContainerStateMachine.java:takeSnapshot(291)) - group-9613495F631C: Taking a snapshot at:(t:1, i:0) file /github/workspace/mnt/ozone/hadoop-ozone/integration-test/target/test-dir/MiniOzoneClusterImpl-9fde871d-63de-45ae-a394-6b80eb19d1dd/datanode-1/data/ratis/e1682861-6b14-4756-a547-9613495f631c/sm/snapshot.1_0
2021-01-13 14:10:28,855 [ecce6ce4-ded5-4171-a4f3-4bb4b5b9b0b9@group-9613495F631C-StateMachineUpdater] INFO  ratis.ContainerStateMachine (ContainerStateMachine.java:takeSnapshot(302)) - group-9613495F631C: Finished taking a snapshot at:(t:1, i:0) file:/github/workspace/mnt/ozone/hadoop-ozone/integration-test/target/test-dir/MiniOzoneClusterImpl-9fde871d-63de-45ae-a394-6b80eb19d1dd/datanode-1/data/ratis/e1682861-6b14-4756-a547-9613495f631c/sm/snapshot.1_0 took: 1 ms
2021-01-13 14:10:28,865 [ecce6ce4-ded5-4171-a4f3-4bb4b5b9b0b9@group-9613495F631C-StateMachineUpdater] INFO  impl.StateMachineUpdater (StateMachineUpdater.java:takeSnapshot(279)) - ecce6ce4-ded5-4171-a4f3-4bb4b5b9b0b9@group-9613495F631C-StateMachineUpdater: Took a snapshot at index 0
2021-01-13 14:10:28,865 [ecce6ce4-ded5-4171-a4f3-4bb4b5b9b0b9@group-9613495F631C-StateMachineUpdater] INFO  impl.StateMachineUpdater (StateMachineUpdater.java:lambda$new$0(88)) - ecce6ce4-ded5-4171-a4f3-4bb4b5b9b0b9@group-9613495F631C-StateMachineUpdater: snapshotIndex: updateIncreasingly -1 -> 0
2021-01-13 14:10:28,865 [ecce6ce4-ded5-4171-a4f3-4bb4b5b9b0b9@group-9613495F631C-StateMachineUpdater] INFO  metrics.RatisMetrics (RatisMetrics.java:unregister(43)) - Unregistering Metrics Registry : ratis.state_machine.ecce6ce4-ded5-4171-a4f3-4bb4b5b9b0b9@group-9613495F631C
2021-01-13 14:10:28,865 [Listener at 127.0.0.1/10228] INFO  server.RaftServer$Division (ServerState.java:close(400)) - ecce6ce4-ded5-4171-a4f3-4bb4b5b9b0b9@group-9613495F631C: closes. applyIndex: 0
2021-01-13 14:10:28,866 [ecce6ce4-ded5-4171-a4f3-4bb4b5b9b0b9@group-9613495F631C-SegmentedRaftLogWorker] INFO  segmented.SegmentedRaftLogWorker (SegmentedRaftLogWorker.java:run(326)) - ecce6ce4-ded5-4171-a4f3-4bb4b5b9b0b9@group-9613495F631C-SegmentedRaftLogWorker was interrupted, exiting. There are 0 tasks remaining in the queue.
2021-01-13 14:10:28,866 [Listener at 127.0.0.1/10228] INFO  segmented.SegmentedRaftLogWorker (SegmentedRaftLogWorker.java:close(236)) - ecce6ce4-ded5-4171-a4f3-4bb4b5b9b0b9@group-9613495F631C-SegmentedRaftLogWorker close()
2021-01-13 14:10:28,882 [Listener at 127.0.0.1/10228] INFO  metrics.RatisMetrics (RatisMetrics.java:unregister(43)) - Unregistering Metrics Registry : ratis.log_worker.ecce6ce4-ded5-4171-a4f3-4bb4b5b9b0b9@group-9613495F631C
2021-01-13 14:10:28,882 [Listener at 127.0.0.1/10228] INFO  metrics.RatisMetrics (RatisMetrics.java:unregister(43)) - Unregistering Metrics Registry : ratis.leader_election.ecce6ce4-ded5-4171-a4f3-4bb4b5b9b0b9@group-9613495F631C
2021-01-13 14:10:28,883 [Listener at 127.0.0.1/10228] INFO  metrics.RatisMetrics (RatisMetrics.java:unregister(43)) - Unregistering Metrics Registry : ratis.server.ecce6ce4-ded5-4171-a4f3-4bb4b5b9b0b9@group-9613495F631C
2021-01-13 14:10:28,883 [Listener at 127.0.0.1/10228] INFO  server.GrpcService (GrpcService.java:closeImpl(183)) - ecce6ce4-ded5-4171-a4f3-4bb4b5b9b0b9: shutdown server with port 41353 now
2021-01-13 14:10:28,884 [grpc-default-executor-4] WARN  server.GrpcServerProtocolService (LogUtils.java:warn(122)) - ecce6ce4-ded5-4171-a4f3-4bb4b5b9b0b9: installSnapshot onError, lastRequest: 88355522-ea7b-442e-ab24-a07389f97d94->ecce6ce4-ded5-4171-a4f3-4bb4b5b9b0b9#1-t1,previous=(t:0, i:0),leaderCommit=-1,initializing? true,entries: size=1, first=(t:1, i:0), CONFIGURATIONENTRY: org.apache.ratis.thirdparty.io.grpc.StatusRuntimeException: CANCELLED: cancelled before receiving half close
2021-01-13 14:10:28,884 [grpc-default-executor-4] WARN  server.GrpcLogAppender (LogUtils.java:warn(122)) - 88355522-ea7b-442e-ab24-a07389f97d94@group-55716BB7855F->ecce6ce4-ded5-4171-a4f3-4bb4b5b9b0b9-AppendLogResponseHandler: Failed appendEntries: org.apache.ratis.thirdparty.io.grpc.StatusRuntimeException: CANCELLED: HTTP/2 error code: CANCEL
Received Rst Stream
2021-01-13 14:10:28,884 [grpc-default-executor-4] WARN  server.GrpcLogAppender (GrpcLogAppender.java:resetClient(111)) - 88355522-ea7b-442e-ab24-a07389f97d94@group-55716BB7855F->ecce6ce4-ded5-4171-a4f3-4bb4b5b9b0b9-GrpcLogAppender: Leader has not got in touch with Follower 88355522-ea7b-442e-ab24-a07389f97d94@group-55716BB7855F->ecce6ce4-ded5-4171-a4f3-4bb4b5b9b0b9(c0,m0,n1, attendVote=true, lastRpcSendTime=1514, lastRpcResponseTime=1513) yet, just keep nextIndex unchanged and retry.
2021-01-13 14:10:28,911 [ForkJoinPool.commonPool-worker-0] INFO  server.GrpcService (GrpcService.java:closeImpl(192)) - 55d81cbb-fb85-4082-808b-6966013a4e6d: shutdown server with port 36461 successfully
2021-01-13 14:10:28,912 [org.apache.ratis.util.JvmPauseMonitor$$Lambda$305/857005348@b78a0c9] INFO  util.JvmPauseMonitor (JvmPauseMonitor.java:run(109)) - JvmPauseMonitor-55d81cbb-fb85-4082-808b-6966013a4e6d: Stopped
2021-01-13 14:10:28,926 [ForkJoinPool.commonPool-worker-0] INFO  utils.BackgroundService (BackgroundService.java:shutdown(132)) - Shutting down service BlockDeletingService
2021-01-13 14:10:28,926 [Listener at 127.0.0.1/10228] INFO  server.GrpcService (GrpcService.java:closeImpl(192)) - ecce6ce4-ded5-4171-a4f3-4bb4b5b9b0b9: shutdown server with port 41353 successfully
2021-01-13 14:10:28,927 [org.apache.ratis.util.JvmPauseMonitor$$Lambda$305/857005348@7fd071ff] INFO  util.JvmPauseMonitor (JvmPauseMonitor.java:run(109)) - JvmPauseMonitor-ecce6ce4-ded5-4171-a4f3-4bb4b5b9b0b9: Stopped
2021-01-13 14:10:28,928 [ForkJoinPool.commonPool-worker-0] INFO  statemachine.DatanodeStateMachine (DatanodeStateMachine.java:stopDaemon(461)) - Ozone container server stopped.
2021-01-13 14:10:28,929 [Listener at 127.0.0.1/10228] INFO  utils.BackgroundService (BackgroundService.java:shutdown(132)) - Shutting down service BlockDeletingService
2021-01-13 14:10:28,944 [Listener at 127.0.0.1/10228] INFO  statemachine.DatanodeStateMachine (DatanodeStateMachine.java:stopDaemon(461)) - Ozone container server stopped.
2021-01-13 14:10:28,970 [ForkJoinPool.commonPool-worker-0] INFO  handler.ContextHandler (ContextHandler.java:doStop(1154)) - Stopped o.e.j.w.WebAppContext@82a3a05{hddsDatanode,/,null,STOPPED}{jar:file:/home/user/.m2/repository/org/apache/hadoop/hadoop-hdds-container-service/1.1.0-SNAPSHOT/hadoop-hdds-container-service-1.1.0-SNAPSHOT.jar!/webapps/hddsDatanode}
2021-01-13 14:10:28,971 [ForkJoinPool.commonPool-worker-0] INFO  server.AbstractConnector (AbstractConnector.java:doStop(381)) - Stopped ServerConnector@136507d2{HTTP/1.1, (http/1.1)}{0.0.0.0:0}
2021-01-13 14:10:28,971 [ForkJoinPool.commonPool-worker-0] INFO  server.session (HouseKeeper.java:stopScavenging(149)) - node0 Stopped scavenging
2021-01-13 14:10:28,972 [ForkJoinPool.commonPool-worker-0] INFO  handler.ContextHandler (ContextHandler.java:doStop(1154)) - Stopped o.e.j.s.ServletContextHandler@79113a98{static,/static,jar:file:/home/user/.m2/repository/org/apache/hadoop/hadoop-hdds-container-service/1.1.0-SNAPSHOT/hadoop-hdds-container-service-1.1.0-SNAPSHOT.jar!/webapps/static,STOPPED}
2021-01-13 14:10:28,972 [Listener at 127.0.0.1/10228] INFO  handler.ContextHandler (ContextHandler.java:doStop(1154)) - Stopped o.e.j.w.WebAppContext@7856e9aa{hddsDatanode,/,null,STOPPED}{jar:file:/home/user/.m2/repository/org/apache/hadoop/hadoop-hdds-container-service/1.1.0-SNAPSHOT/hadoop-hdds-container-service-1.1.0-SNAPSHOT.jar!/webapps/hddsDatanode}
2021-01-13 14:10:28,986 [Listener at 127.0.0.1/10228] INFO  server.AbstractConnector (AbstractConnector.java:doStop(381)) - Stopped ServerConnector@d150a22{HTTP/1.1, (http/1.1)}{0.0.0.0:0}
2021-01-13 14:10:28,986 [Listener at 127.0.0.1/10228] INFO  server.session (HouseKeeper.java:stopScavenging(149)) - node0 Stopped scavenging
2021-01-13 14:10:28,986 [Listener at 127.0.0.1/10228] INFO  handler.ContextHandler (ContextHandler.java:doStop(1154)) - Stopped o.e.j.s.ServletContextHandler@36b951cd{static,/static,jar:file:/home/user/.m2/repository/org/apache/hadoop/hadoop-hdds-container-service/1.1.0-SNAPSHOT/hadoop-hdds-container-service-1.1.0-SNAPSHOT.jar!/webapps/static,STOPPED}
2021-01-13 14:10:28,987 [ForkJoinPool.commonPool-worker-0] INFO  handler.ContextHandler (ContextHandler.java:doStop(1154)) - Stopped o.e.j.s.ServletContextHandler@37eff0af{logs,/logs,file:///github/workspace/mnt/ozone/hadoop-ozone/integration-test/target/log,STOPPED}
2021-01-13 14:10:28,989 [Listener at 127.0.0.1/10228] INFO  handler.ContextHandler (ContextHandler.java:doStop(1154)) - Stopped o.e.j.s.ServletContextHandler@5c37eecf{logs,/logs,file:///github/workspace/mnt/ozone/hadoop-ozone/integration-test/target/log,STOPPED}
2021-01-13 14:10:29,804 [Datanode State Machine Thread - 0] INFO  statemachine.DatanodeStateMachine (DatanodeStateMachine.java:lambda$startDaemon$0(408)) - Ozone container server started.
2021-01-13 14:10:29,873 [grpc-default-executor-4] WARN  server.GrpcLogAppender (LogUtils.java:warn(122)) - 88355522-ea7b-442e-ab24-a07389f97d94@group-55716BB7855F->ecce6ce4-ded5-4171-a4f3-4bb4b5b9b0b9-AppendLogResponseHandler: Failed appendEntries: org.apache.ratis.thirdparty.io.grpc.StatusRuntimeException: UNAVAILABLE: io exception
2021-01-13 14:10:29,874 [grpc-default-executor-4] WARN  server.GrpcLogAppender (GrpcLogAppender.java:resetClient(111)) - 88355522-ea7b-442e-ab24-a07389f97d94@group-55716BB7855F->ecce6ce4-ded5-4171-a4f3-4bb4b5b9b0b9-GrpcLogAppender: Leader has not got in touch with Follower 88355522-ea7b-442e-ab24-a07389f97d94@group-55716BB7855F->ecce6ce4-ded5-4171-a4f3-4bb4b5b9b0b9(c0,m0,n1, attendVote=true, lastRpcSendTime=0, lastRpcResponseTime=2502) yet, just keep nextIndex unchanged and retry.
2021-01-13 14:10:29,924 [grpc-default-executor-3] WARN  server.GrpcLogAppender (LogUtils.java:warn(122)) - 88355522-ea7b-442e-ab24-a07389f97d94@group-55716BB7855F->55d81cbb-fb85-4082-808b-6966013a4e6d-AppendLogResponseHandler: Failed appendEntries: org.apache.ratis.thirdparty.io.grpc.StatusRuntimeException: UNAVAILABLE: io exception
2021-01-13 14:10:29,924 [grpc-default-executor-3] WARN  server.GrpcLogAppender (GrpcLogAppender.java:resetClient(111)) - 88355522-ea7b-442e-ab24-a07389f97d94@group-55716BB7855F->55d81cbb-fb85-4082-808b-6966013a4e6d-GrpcLogAppender: Leader has not got in touch with Follower 88355522-ea7b-442e-ab24-a07389f97d94@group-55716BB7855F->55d81cbb-fb85-4082-808b-6966013a4e6d(c0,m0,n1, attendVote=true, lastRpcSendTime=1, lastRpcResponseTime=2502) yet, just keep nextIndex unchanged and retry.
2021-01-13 14:10:32,373 [grpc-default-executor-3] WARN  server.GrpcLogAppender (LogUtils.java:warn(122)) - 88355522-ea7b-442e-ab24-a07389f97d94@group-55716BB7855F->ecce6ce4-ded5-4171-a4f3-4bb4b5b9b0b9-AppendLogResponseHandler: Failed appendEntries: org.apache.ratis.thirdparty.io.grpc.StatusRuntimeException: UNAVAILABLE: io exception
2021-01-13 14:10:32,374 [grpc-default-executor-3] WARN  server.GrpcLogAppender (GrpcLogAppender.java:resetClient(111)) - 88355522-ea7b-442e-ab24-a07389f97d94@group-55716BB7855F->ecce6ce4-ded5-4171-a4f3-4bb4b5b9b0b9-GrpcLogAppender: Leader has not got in touch with Follower 88355522-ea7b-442e-ab24-a07389f97d94@group-55716BB7855F->ecce6ce4-ded5-4171-a4f3-4bb4b5b9b0b9(c0,m0,n1, attendVote=true, lastRpcSendTime=0, lastRpcResponseTime=5003) yet, just keep nextIndex unchanged and retry.
2021-01-13 14:10:32,423 [grpc-default-executor-3] WARN  server.GrpcLogAppender (LogUtils.java:warn(122)) - 88355522-ea7b-442e-ab24-a07389f97d94@group-55716BB7855F->55d81cbb-fb85-4082-808b-6966013a4e6d-AppendLogResponseHandler: Failed appendEntries: org.apache.ratis.thirdparty.io.grpc.StatusRuntimeException: UNAVAILABLE: io exception
2021-01-13 14:10:32,423 [grpc-default-executor-3] WARN  server.GrpcLogAppender (GrpcLogAppender.java:resetClient(111)) - 88355522-ea7b-442e-ab24-a07389f97d94@group-55716BB7855F->55d81cbb-fb85-4082-808b-6966013a4e6d-GrpcLogAppender: Leader has not got in touch with Follower 88355522-ea7b-442e-ab24-a07389f97d94@group-55716BB7855F->55d81cbb-fb85-4082-808b-6966013a4e6d(c0,m0,n1, attendVote=true, lastRpcSendTime=2501, lastRpcResponseTime=5001) yet, just keep nextIndex unchanged and retry.
2021-01-13 14:10:33,988 [ForkJoinPool.commonPool-worker-0] INFO  ozoneimpl.OzoneContainer (OzoneContainer.java:stop(273)) - Attempting to stop container services.
2021-01-13 14:10:33,989 [ForkJoinPool.commonPool-worker-0] INFO  server.RaftServer (RaftServerProxy.java:lambda$close$6(389)) - 88355522-ea7b-442e-ab24-a07389f97d94: close
2021-01-13 14:10:33,989 [ForkJoinPool.commonPool-worker-0] INFO  server.RaftServer$Division (RaftServerImpl.java:lambda$close$4(405)) - 88355522-ea7b-442e-ab24-a07389f97d94@group-55716BB7855F: shutdown
2021-01-13 14:10:33,989 [ForkJoinPool.commonPool-worker-0] INFO  util.JmxRegister (JmxRegister.java:unregister(73)) - Successfully un-registered JMX Bean with object name Ratis:service=RaftServer,group=group-55716BB7855F,id=88355522-ea7b-442e-ab24-a07389f97d94
2021-01-13 14:10:33,990 [ForkJoinPool.commonPool-worker-0] INFO  impl.RoleInfo (RoleInfo.java:shutdownLeaderState(91)) - 88355522-ea7b-442e-ab24-a07389f97d94: shutdown 88355522-ea7b-442e-ab24-a07389f97d94@group-55716BB7855F-LeaderStateImpl
2021-01-13 14:10:33,990 [ForkJoinPool.commonPool-worker-0] INFO  metrics.RatisMetrics (RatisMetrics.java:unregister(43)) - Unregistering Metrics Registry : ratis_grpc.log_appender.88355522-ea7b-442e-ab24-a07389f97d94@group-55716BB7855F
2021-01-13 14:10:33,990 [ForkJoinPool.commonPool-worker-0] INFO  metrics.RatisMetrics (RatisMetrics.java:unregister(43)) - Unregistering Metrics Registry : ratis_grpc.log_appender.88355522-ea7b-442e-ab24-a07389f97d94@group-55716BB7855F
2021-01-13 14:10:33,990 [ForkJoinPool.commonPool-worker-0] INFO  impl.PendingRequests (PendingRequests.java:sendNotLeaderResponses(249)) - 88355522-ea7b-442e-ab24-a07389f97d94@group-55716BB7855F-PendingRequests: sendNotLeaderResponses
2021-01-13 14:10:33,991 [ForkJoinPool.commonPool-worker-0] INFO  metrics.RatisMetrics (RatisMetrics.java:unregister(43)) - Unregistering Metrics Registry : ratis.log_appender.88355522-ea7b-442e-ab24-a07389f97d94@group-55716BB7855F
2021-01-13 14:10:33,991 [ForkJoinPool.commonPool-worker-0] INFO  metrics.RatisMetrics (RatisMetrics.java:unregister(43)) - Unregistering Metrics Registry : ratis.server.88355522-ea7b-442e-ab24-a07389f97d94@group-55716BB7855F
2021-01-13 14:10:33,991 [ForkJoinPool.commonPool-worker-0] INFO  impl.StateMachineUpdater (StateMachineUpdater.java:stopAndJoin(148)) - 88355522-ea7b-442e-ab24-a07389f97d94@group-55716BB7855F-StateMachineUpdater: set stopIndex = 0
2021-01-13 14:10:33,991 [88355522-ea7b-442e-ab24-a07389f97d94@group-55716BB7855F-StateMachineUpdater] INFO  ratis.ContainerStateMachine (ContainerStateMachine.java:takeSnapshot(291)) - group-55716BB7855F: Taking a snapshot at:(t:1, i:0) file /github/workspace/mnt/ozone/hadoop-ozone/integration-test/target/test-dir/MiniOzoneClusterImpl-9fde871d-63de-45ae-a394-6b80eb19d1dd/datanode-2/data/ratis/405a2968-de9b-4577-b1bf-55716bb7855f/sm/snapshot.1_0
2021-01-13 14:10:33,992 [88355522-ea7b-442e-ab24-a07389f97d94@group-55716BB7855F-StateMachineUpdater] INFO  ratis.ContainerStateMachine (ContainerStateMachine.java:takeSnapshot(302)) - group-55716BB7855F: Finished taking a snapshot at:(t:1, i:0) file:/github/workspace/mnt/ozone/hadoop-ozone/integration-test/target/test-dir/MiniOzoneClusterImpl-9fde871d-63de-45ae-a394-6b80eb19d1dd/datanode-2/data/ratis/405a2968-de9b-4577-b1bf-55716bb7855f/sm/snapshot.1_0 took: 1 ms
2021-01-13 14:10:33,992 [88355522-ea7b-442e-ab24-a07389f97d94@group-55716BB7855F-StateMachineUpdater] INFO  impl.StateMachineUpdater (StateMachineUpdater.java:takeSnapshot(279)) - 88355522-ea7b-442e-ab24-a07389f97d94@group-55716BB7855F-StateMachineUpdater: Took a snapshot at index 0
2021-01-13 14:10:33,992 [88355522-ea7b-442e-ab24-a07389f97d94@group-55716BB7855F-StateMachineUpdater] INFO  impl.StateMachineUpdater (StateMachineUpdater.java:lambda$new$0(88)) - 88355522-ea7b-442e-ab24-a07389f97d94@group-55716BB7855F-StateMachineUpdater: snapshotIndex: updateIncreasingly -1 -> 0
2021-01-13 14:10:33,992 [88355522-ea7b-442e-ab24-a07389f97d94@group-55716BB7855F-StateMachineUpdater] INFO  metrics.RatisMetrics (RatisMetrics.java:unregister(43)) - Unregistering Metrics Registry : ratis.state_machine.88355522-ea7b-442e-ab24-a07389f97d94@group-55716BB7855F
2021-01-13 14:10:33,993 [ForkJoinPool.commonPool-worker-0] INFO  server.RaftServer$Division (ServerState.java:close(400)) - 88355522-ea7b-442e-ab24-a07389f97d94@group-55716BB7855F: closes. applyIndex: 0
2021-01-13 14:10:33,993 [88355522-ea7b-442e-ab24-a07389f97d94@group-55716BB7855F-SegmentedRaftLogWorker] INFO  segmented.SegmentedRaftLogWorker (SegmentedRaftLogWorker.java:run(326)) - 88355522-ea7b-442e-ab24-a07389f97d94@group-55716BB7855F-SegmentedRaftLogWorker was interrupted, exiting. There are 0 tasks remaining in the queue.
2021-01-13 14:10:33,993 [ForkJoinPool.commonPool-worker-0] INFO  segmented.SegmentedRaftLogWorker (SegmentedRaftLogWorker.java:close(236)) - 88355522-ea7b-442e-ab24-a07389f97d94@group-55716BB7855F-SegmentedRaftLogWorker close()
2021-01-13 14:10:33,994 [ForkJoinPool.commonPool-worker-0] INFO  metrics.RatisMetrics (RatisMetrics.java:unregister(43)) - Unregistering Metrics Registry : ratis.log_worker.88355522-ea7b-442e-ab24-a07389f97d94@group-55716BB7855F
2021-01-13 14:10:33,994 [ForkJoinPool.commonPool-worker-0] INFO  metrics.RatisMetrics (RatisMetrics.java:unregister(43)) - Unregistering Metrics Registry : ratis.leader_election.88355522-ea7b-442e-ab24-a07389f97d94@group-55716BB7855F
2021-01-13 14:10:33,994 [ForkJoinPool.commonPool-worker-0] INFO  metrics.RatisMetrics (RatisMetrics.java:unregister(43)) - Unregistering Metrics Registry : ratis.server.88355522-ea7b-442e-ab24-a07389f97d94@group-55716BB7855F
2021-01-13 14:10:33,994 [ForkJoinPool.commonPool-worker-0] INFO  server.RaftServer$Division (RaftServerImpl.java:lambda$close$4(405)) - 88355522-ea7b-442e-ab24-a07389f97d94@group-88BE978D30F7: shutdown
2021-01-13 14:10:33,994 [ForkJoinPool.commonPool-worker-0] INFO  util.JmxRegister (JmxRegister.java:unregister(73)) - Successfully un-registered JMX Bean with object name Ratis:service=RaftServer,group=group-88BE978D30F7,id=88355522-ea7b-442e-ab24-a07389f97d94
2021-01-13 14:10:33,994 [ForkJoinPool.commonPool-worker-0] INFO  impl.RoleInfo (RoleInfo.java:shutdownFollowerState(108)) - 88355522-ea7b-442e-ab24-a07389f97d94: shutdown 88355522-ea7b-442e-ab24-a07389f97d94@group-88BE978D30F7-FollowerState
2021-01-13 14:10:33,995 [ForkJoinPool.commonPool-worker-0] INFO  impl.StateMachineUpdater (StateMachineUpdater.java:stopAndJoin(148)) - 88355522-ea7b-442e-ab24-a07389f97d94@group-88BE978D30F7-StateMachineUpdater: set stopIndex = 0
2021-01-13 14:10:33,995 [88355522-ea7b-442e-ab24-a07389f97d94@group-88BE978D30F7-StateMachineUpdater] INFO  ratis.ContainerStateMachine (ContainerStateMachine.java:takeSnapshot(291)) - group-88BE978D30F7: Taking a snapshot at:(t:1, i:0) file /github/workspace/mnt/ozone/hadoop-ozone/integration-test/target/test-dir/MiniOzoneClusterImpl-9fde871d-63de-45ae-a394-6b80eb19d1dd/datanode-2/data/ratis/828aff4f-d459-43a2-8e02-88be978d30f7/sm/snapshot.1_0
2021-01-13 14:10:33,995 [Thread-343] INFO  impl.FollowerState (FollowerState.java:run(142)) - 88355522-ea7b-442e-ab24-a07389f97d94@group-88BE978D30F7-FollowerState was interrupted: {}
java.lang.InterruptedException: sleep interrupted
	at java.lang.Thread.sleep(Native Method)
	at java.lang.Thread.sleep(Thread.java:340)
	at java.util.concurrent.TimeUnit.sleep(TimeUnit.java:386)
	at org.apache.ratis.util.TimeDuration.sleep(TimeDuration.java:324)
	at org.apache.ratis.util.TimeDuration.sleep(TimeDuration.java:309)
	at org.apache.ratis.server.impl.FollowerState.run(FollowerState.java:117)
2021-01-13 14:10:33,996 [88355522-ea7b-442e-ab24-a07389f97d94@group-88BE978D30F7-StateMachineUpdater] INFO  ratis.ContainerStateMachine (ContainerStateMachine.java:takeSnapshot(302)) - group-88BE978D30F7: Finished taking a snapshot at:(t:1, i:0) file:/github/workspace/mnt/ozone/hadoop-ozone/integration-test/target/test-dir/MiniOzoneClusterImpl-9fde871d-63de-45ae-a394-6b80eb19d1dd/datanode-2/data/ratis/828aff4f-d459-43a2-8e02-88be978d30f7/sm/snapshot.1_0 took: 1 ms
2021-01-13 14:10:33,997 [88355522-ea7b-442e-ab24-a07389f97d94@group-88BE978D30F7-StateMachineUpdater] INFO  impl.StateMachineUpdater (StateMachineUpdater.java:takeSnapshot(279)) - 88355522-ea7b-442e-ab24-a07389f97d94@group-88BE978D30F7-StateMachineUpdater: Took a snapshot at index 0
2021-01-13 14:10:33,997 [88355522-ea7b-442e-ab24-a07389f97d94@group-88BE978D30F7-StateMachineUpdater] INFO  impl.StateMachineUpdater (StateMachineUpdater.java:lambda$new$0(88)) - 88355522-ea7b-442e-ab24-a07389f97d94@group-88BE978D30F7-StateMachineUpdater: snapshotIndex: updateIncreasingly -1 -> 0
2021-01-13 14:10:33,997 [88355522-ea7b-442e-ab24-a07389f97d94@group-88BE978D30F7-StateMachineUpdater] INFO  metrics.RatisMetrics (RatisMetrics.java:unregister(43)) - Unregistering Metrics Registry : ratis.state_machine.88355522-ea7b-442e-ab24-a07389f97d94@group-88BE978D30F7
2021-01-13 14:10:33,997 [ForkJoinPool.commonPool-worker-0] INFO  server.RaftServer$Division (ServerState.java:close(400)) - 88355522-ea7b-442e-ab24-a07389f97d94@group-88BE978D30F7: closes. applyIndex: 0
2021-01-13 14:10:33,997 [88355522-ea7b-442e-ab24-a07389f97d94@group-88BE978D30F7-SegmentedRaftLogWorker] INFO  segmented.SegmentedRaftLogWorker (SegmentedRaftLogWorker.java:run(326)) - 88355522-ea7b-442e-ab24-a07389f97d94@group-88BE978D30F7-SegmentedRaftLogWorker was interrupted, exiting. There are 0 tasks remaining in the queue.
2021-01-13 14:10:33,997 [ForkJoinPool.commonPool-worker-0] INFO  segmented.SegmentedRaftLogWorker (SegmentedRaftLogWorker.java:close(236)) - 88355522-ea7b-442e-ab24-a07389f97d94@group-88BE978D30F7-SegmentedRaftLogWorker close()
2021-01-13 14:10:33,998 [ForkJoinPool.commonPool-worker-0] INFO  metrics.RatisMetrics (RatisMetrics.java:unregister(43)) - Unregistering Metrics Registry : ratis.log_worker.88355522-ea7b-442e-ab24-a07389f97d94@group-88BE978D30F7
2021-01-13 14:10:33,998 [ForkJoinPool.commonPool-worker-0] INFO  metrics.RatisMetrics (RatisMetrics.java:unregister(43)) - Unregistering Metrics Registry : ratis.leader_election.88355522-ea7b-442e-ab24-a07389f97d94@group-88BE978D30F7
2021-01-13 14:10:33,998 [ForkJoinPool.commonPool-worker-0] INFO  metrics.RatisMetrics (RatisMetrics.java:unregister(43)) - Unregistering Metrics Registry : ratis.server.88355522-ea7b-442e-ab24-a07389f97d94@group-88BE978D30F7
2021-01-13 14:10:33,998 [ForkJoinPool.commonPool-worker-0] INFO  server.RaftServer$Division (RaftServerImpl.java:lambda$close$4(405)) - 88355522-ea7b-442e-ab24-a07389f97d94@group-851D516367DC: shutdown
2021-01-13 14:10:33,998 [ForkJoinPool.commonPool-worker-0] INFO  util.JmxRegister (JmxRegister.java:unregister(73)) - Successfully un-registered JMX Bean with object name Ratis:service=RaftServer,group=group-851D516367DC,id=88355522-ea7b-442e-ab24-a07389f97d94
2021-01-13 14:10:33,998 [ForkJoinPool.commonPool-worker-0] INFO  impl.RoleInfo (RoleInfo.java:shutdownLeaderState(91)) - 88355522-ea7b-442e-ab24-a07389f97d94: shutdown 88355522-ea7b-442e-ab24-a07389f97d94@group-851D516367DC-LeaderStateImpl
2021-01-13 14:10:33,998 [ForkJoinPool.commonPool-worker-0] INFO  impl.PendingRequests (PendingRequests.java:sendNotLeaderResponses(249)) - 88355522-ea7b-442e-ab24-a07389f97d94@group-851D516367DC-PendingRequests: sendNotLeaderResponses
2021-01-13 14:10:33,999 [ForkJoinPool.commonPool-worker-0] INFO  metrics.RatisMetrics (RatisMetrics.java:unregister(43)) - Unregistering Metrics Registry : ratis.log_appender.88355522-ea7b-442e-ab24-a07389f97d94@group-851D516367DC
2021-01-13 14:10:33,999 [ForkJoinPool.commonPool-worker-0] INFO  metrics.RatisMetrics (RatisMetrics.java:unregister(43)) - Unregistering Metrics Registry : ratis.server.88355522-ea7b-442e-ab24-a07389f97d94@group-851D516367DC
2021-01-13 14:10:33,999 [ForkJoinPool.commonPool-worker-0] INFO  impl.StateMachineUpdater (StateMachineUpdater.java:stopAndJoin(148)) - 88355522-ea7b-442e-ab24-a07389f97d94@group-851D516367DC-StateMachineUpdater: set stopIndex = 0
2021-01-13 14:10:33,999 [88355522-ea7b-442e-ab24-a07389f97d94@group-851D516367DC-StateMachineUpdater] INFO  ratis.ContainerStateMachine (ContainerStateMachine.java:takeSnapshot(291)) - group-851D516367DC: Taking a snapshot at:(t:1, i:0) file /github/workspace/mnt/ozone/hadoop-ozone/integration-test/target/test-dir/MiniOzoneClusterImpl-9fde871d-63de-45ae-a394-6b80eb19d1dd/datanode-2/data/ratis/514aee39-0aee-42f7-8bc2-851d516367dc/sm/snapshot.1_0
2021-01-13 14:10:34,000 [88355522-ea7b-442e-ab24-a07389f97d94@group-851D516367DC-StateMachineUpdater] INFO  ratis.ContainerStateMachine (ContainerStateMachine.java:takeSnapshot(302)) - group-851D516367DC: Finished taking a snapshot at:(t:1, i:0) file:/github/workspace/mnt/ozone/hadoop-ozone/integration-test/target/test-dir/MiniOzoneClusterImpl-9fde871d-63de-45ae-a394-6b80eb19d1dd/datanode-2/data/ratis/514aee39-0aee-42f7-8bc2-851d516367dc/sm/snapshot.1_0 took: 1 ms
2021-01-13 14:10:34,000 [88355522-ea7b-442e-ab24-a07389f97d94@group-851D516367DC-StateMachineUpdater] INFO  impl.StateMachineUpdater (StateMachineUpdater.java:takeSnapshot(279)) - 88355522-ea7b-442e-ab24-a07389f97d94@group-851D516367DC-StateMachineUpdater: Took a snapshot at index 0
2021-01-13 14:10:34,000 [88355522-ea7b-442e-ab24-a07389f97d94@group-851D516367DC-StateMachineUpdater] INFO  impl.StateMachineUpdater (StateMachineUpdater.java:lambda$new$0(88)) - 88355522-ea7b-442e-ab24-a07389f97d94@group-851D516367DC-StateMachineUpdater: snapshotIndex: updateIncreasingly -1 -> 0
2021-01-13 14:10:34,000 [88355522-ea7b-442e-ab24-a07389f97d94@group-851D516367DC-StateMachineUpdater] INFO  metrics.RatisMetrics (RatisMetrics.java:unregister(43)) - Unregistering Metrics Registry : ratis.state_machine.88355522-ea7b-442e-ab24-a07389f97d94@group-851D516367DC
2021-01-13 14:10:34,001 [ForkJoinPool.commonPool-worker-0] INFO  server.RaftServer$Division (ServerState.java:close(400)) - 88355522-ea7b-442e-ab24-a07389f97d94@group-851D516367DC: closes. applyIndex: 0
2021-01-13 14:10:34,001 [88355522-ea7b-442e-ab24-a07389f97d94@group-851D516367DC-SegmentedRaftLogWorker] INFO  segmented.SegmentedRaftLogWorker (SegmentedRaftLogWorker.java:run(326)) - 88355522-ea7b-442e-ab24-a07389f97d94@group-851D516367DC-SegmentedRaftLogWorker was interrupted, exiting. There are 0 tasks remaining in the queue.
2021-01-13 14:10:34,001 [ForkJoinPool.commonPool-worker-0] INFO  segmented.SegmentedRaftLogWorker (SegmentedRaftLogWorker.java:close(236)) - 88355522-ea7b-442e-ab24-a07389f97d94@group-851D516367DC-SegmentedRaftLogWorker close()
2021-01-13 14:10:34,005 [ForkJoinPool.commonPool-worker-0] INFO  metrics.RatisMetrics (RatisMetrics.java:unregister(43)) - Unregistering Metrics Registry : ratis.log_worker.88355522-ea7b-442e-ab24-a07389f97d94@group-851D516367DC
2021-01-13 14:10:34,005 [ForkJoinPool.commonPool-worker-0] INFO  metrics.RatisMetrics (RatisMetrics.java:unregister(43)) - Unregistering Metrics Registry : ratis.leader_election.88355522-ea7b-442e-ab24-a07389f97d94@group-851D516367DC
2021-01-13 14:10:34,005 [ForkJoinPool.commonPool-worker-0] INFO  metrics.RatisMetrics (RatisMetrics.java:unregister(43)) - Unregistering Metrics Registry : ratis.server.88355522-ea7b-442e-ab24-a07389f97d94@group-851D516367DC
2021-01-13 14:10:34,005 [ForkJoinPool.commonPool-worker-0] INFO  server.GrpcService (GrpcService.java:closeImpl(183)) - 88355522-ea7b-442e-ab24-a07389f97d94: shutdown server with port 34069 now
2021-01-13 14:10:34,007 [ForkJoinPool.commonPool-worker-0] INFO  server.GrpcService (GrpcService.java:closeImpl(192)) - 88355522-ea7b-442e-ab24-a07389f97d94: shutdown server with port 34069 successfully
2021-01-13 14:10:34,007 [org.apache.ratis.util.JvmPauseMonitor$$Lambda$305/857005348@2ebd5015] INFO  util.JvmPauseMonitor (JvmPauseMonitor.java:run(109)) - JvmPauseMonitor-88355522-ea7b-442e-ab24-a07389f97d94: Stopped
2021-01-13 14:10:34,010 [ForkJoinPool.commonPool-worker-0] INFO  utils.BackgroundService (BackgroundService.java:shutdown(132)) - Shutting down service BlockDeletingService
2021-01-13 14:10:34,011 [ForkJoinPool.commonPool-worker-0] INFO  statemachine.DatanodeStateMachine (DatanodeStateMachine.java:stopDaemon(461)) - Ozone container server stopped.
2021-01-13 14:10:34,020 [ForkJoinPool.commonPool-worker-0] INFO  handler.ContextHandler (ContextHandler.java:doStop(1154)) - Stopped o.e.j.w.WebAppContext@43bb9754{hddsDatanode,/,null,STOPPED}{jar:file:/home/user/.m2/repository/org/apache/hadoop/hadoop-hdds-container-service/1.1.0-SNAPSHOT/hadoop-hdds-container-service-1.1.0-SNAPSHOT.jar!/webapps/hddsDatanode}
2021-01-13 14:10:34,021 [ForkJoinPool.commonPool-worker-0] INFO  server.AbstractConnector (AbstractConnector.java:doStop(381)) - Stopped ServerConnector@2f12b1ad{HTTP/1.1, (http/1.1)}{0.0.0.0:0}
2021-01-13 14:10:34,021 [ForkJoinPool.commonPool-worker-0] INFO  server.session (HouseKeeper.java:stopScavenging(149)) - node0 Stopped scavenging
2021-01-13 14:10:34,021 [ForkJoinPool.commonPool-worker-0] INFO  handler.ContextHandler (ContextHandler.java:doStop(1154)) - Stopped o.e.j.s.ServletContextHandler@21672122{static,/static,jar:file:/home/user/.m2/repository/org/apache/hadoop/hadoop-hdds-container-service/1.1.0-SNAPSHOT/hadoop-hdds-container-service-1.1.0-SNAPSHOT.jar!/webapps/static,STOPPED}
2021-01-13 14:10:34,022 [ForkJoinPool.commonPool-worker-0] INFO  handler.ContextHandler (ContextHandler.java:doStop(1154)) - Stopped o.e.j.s.ServletContextHandler@556d58e8{logs,/logs,file:///github/workspace/mnt/ozone/hadoop-ozone/integration-test/target/log,STOPPED}
2021-01-13 14:10:34,023 [Listener at 127.0.0.1/10228] INFO  ozone.MiniOzoneClusterImpl (MiniOzoneClusterImpl.java:stopSCM(478)) - Stopping the StorageContainerManager
2021-01-13 14:10:34,023 [Listener at 127.0.0.1/10228] INFO  server.StorageContainerManager (StorageContainerManager.java:stop(832)) - Stopping Replication Manager Service.
2021-01-13 14:10:34,023 [Listener at 127.0.0.1/10228] INFO  container.ReplicationManager (ReplicationManager.java:stop(227)) - Stopping Replication Monitor Thread.
2021-01-13 14:10:34,023 [Listener at 127.0.0.1/10228] INFO  server.StorageContainerManager (StorageContainerManager.java:stop(839)) - Stopping the Datanode Admin Monitor.
2021-01-13 14:10:34,023 [Listener at 127.0.0.1/10228] INFO  server.StorageContainerManager (StorageContainerManager.java:stop(846)) - Stopping Lease Manager of the command watchers
2021-01-13 14:10:34,023 [Listener at 127.0.0.1/10228] INFO  server.StorageContainerManager (StorageContainerManager.java:stop(853)) - Stopping datanode service RPC server
2021-01-13 14:10:34,023 [Listener at 127.0.0.1/10228] INFO  server.SCMDatanodeProtocolServer (SCMDatanodeProtocolServer.java:stop(369)) - Stopping the RPC server for DataNodes
2021-01-13 14:10:34,023 [Listener at 127.0.0.1/10228] INFO  ipc.Server (Server.java:stop(3359)) - Stopping server on 36333
2021-01-13 14:10:34,025 [IPC Server Responder] INFO  ipc.Server (Server.java:run(1465)) - Stopping IPC Server Responder
2021-01-13 14:10:34,025 [IPC Server listener on 0] INFO  ipc.Server (Server.java:run(1330)) - Stopping IPC Server listener on 0
2021-01-13 14:10:34,118 [SCM Heartbeat Processing Thread - 0] WARN  node.NodeStateManager (NodeStateManager.java:scheduleNextHealthCheck(688)) - Current Thread is interrupted, shutting down HB processing thread for Node Manager.
2021-01-13 14:10:34,118 [Listener at 127.0.0.1/10228] INFO  server.StorageContainerManager (StorageContainerManager.java:stop(861)) - Stopping block service RPC server
2021-01-13 14:10:34,119 [Listener at 127.0.0.1/10228] INFO  server.SCMBlockProtocolServer (SCMBlockProtocolServer.java:stop(159)) - Stopping the RPC server for Block Protocol
2021-01-13 14:10:34,119 [Listener at 127.0.0.1/10228] INFO  ipc.Server (Server.java:stop(3359)) - Stopping server on 42189
2021-01-13 14:10:34,120 [IPC Server Responder] INFO  ipc.Server (Server.java:run(1465)) - Stopping IPC Server Responder
2021-01-13 14:10:34,120 [Listener at 127.0.0.1/10228] INFO  server.StorageContainerManager (StorageContainerManager.java:stop(868)) - Stopping the StorageContainerLocationProtocol RPC server
2021-01-13 14:10:34,120 [IPC Server listener on 0] INFO  ipc.Server (Server.java:run(1330)) - Stopping IPC Server listener on 0
2021-01-13 14:10:34,120 [Listener at 127.0.0.1/10228] INFO  server.SCMClientProtocolServer (SCMClientProtocolServer.java:stop(168)) - Stopping the RPC server for Client Protocol
2021-01-13 14:10:34,120 [Listener at 127.0.0.1/10228] INFO  ipc.Server (Server.java:stop(3359)) - Stopping server on 35823
2021-01-13 14:10:34,123 [IPC Server listener on 0] INFO  ipc.Server (Server.java:run(1330)) - Stopping IPC Server listener on 0
2021-01-13 14:10:34,123 [IPC Server Responder] INFO  ipc.Server (Server.java:run(1465)) - Stopping IPC Server Responder
2021-01-13 14:10:34,123 [Listener at 127.0.0.1/10228] INFO  server.StorageContainerManager (StorageContainerManager.java:stop(875)) - Stopping Storage Container Manager HTTP server.
2021-01-13 14:10:34,123 [Listener at 127.0.0.1/10228] INFO  handler.ContextHandler (ContextHandler.java:doStop(1154)) - Stopped o.e.j.w.WebAppContext@313c57cd{scm,/,null,STOPPED}{file:/github/workspace/mnt/ozone/hadoop-ozone/integration-test/target/test-classes/webapps/scm}
2021-01-13 14:10:34,124 [Listener at 127.0.0.1/10228] INFO  server.AbstractConnector (AbstractConnector.java:doStop(381)) - Stopped ServerConnector@44c986a{HTTP/1.1, (http/1.1)}{0.0.0.0:0}
2021-01-13 14:10:34,124 [Listener at 127.0.0.1/10228] INFO  server.session (HouseKeeper.java:stopScavenging(149)) - node0 Stopped scavenging
2021-01-13 14:10:34,124 [Listener at 127.0.0.1/10228] INFO  handler.ContextHandler (ContextHandler.java:doStop(1154)) - Stopped o.e.j.s.ServletContextHandler@73ef175{static,/static,file:///github/workspace/mnt/ozone/hadoop-ozone/integration-test/target/test-classes/webapps/static,STOPPED}
2021-01-13 14:10:34,124 [Listener at 127.0.0.1/10228] INFO  handler.ContextHandler (ContextHandler.java:doStop(1154)) - Stopped o.e.j.s.ServletContextHandler@5d954848{logs,/logs,file:///github/workspace/mnt/ozone/hadoop-ozone/integration-test/target/log,STOPPED}
2021-01-13 14:10:34,128 [Listener at 127.0.0.1/10228] INFO  server.StorageContainerManager (StorageContainerManager.java:stop(886)) - Stopping Block Manager Service.
2021-01-13 14:10:34,128 [Listener at 127.0.0.1/10228] INFO  utils.BackgroundService (BackgroundService.java:shutdown(132)) - Shutting down service SCMBlockDeletingService
2021-01-13 14:10:34,128 [Listener at 127.0.0.1/10228] INFO  utils.BackgroundService (BackgroundService.java:shutdown(132)) - Shutting down service SCMBlockDeletingService
2021-01-13 14:10:34,129 [Listener at 127.0.0.1/10228] INFO  server.StorageContainerManager (StorageContainerManager.java:stop(911)) - Stopping SCM Event Queue.
2021-01-13 14:10:34,133 [Listener at 127.0.0.1/10228] INFO  impl.MetricsSystemImpl (MetricsSystemImpl.java:stop(210)) - Stopping OzoneManager metrics system...
2021-01-13 14:10:34,137 [prometheus] INFO  impl.MetricsSinkAdapter (MetricsSinkAdapter.java:publishMetricsFromQueue(141)) - prometheus thread interrupted.
2021-01-13 14:10:34,137 [Listener at 127.0.0.1/10228] INFO  impl.MetricsSystemImpl (MetricsSystemImpl.java:stop(216)) - OzoneManager metrics system stopped.
]]></system-out>
  </testcase>
  <testcase name="testInstallOldCheckpointFailure" classname="org.apache.hadoop.ozone.om.TestOMRatisSnapshots" time="34.42"/>
  <testcase name="testInstallCorruptedCheckpointFailure" classname="org.apache.hadoop.ozone.om.TestOMRatisSnapshots" time="30.892"/>
</testsuite>