<?xml version="1.0" encoding="UTF-8"?>
<testsuite xmlns:xsi="http://www.w3.org/2001/XMLSchema-instance" xsi:noNamespaceSchemaLocation="https://maven.apache.org/surefire/maven-surefire-plugin/xsd/surefire-test-report.xsd" name="org.apache.hadoop.ozone.client.rpc.TestDeleteWithSlowFollower" time="28.302" tests="1" errors="0" skipped="0" failures="1">
  <properties>
    <property name="awt.toolkit" value="sun.awt.X11.XToolkit"/>
    <property name="file.encoding.pkg" value="sun.io"/>
    <property name="java.specification.version" value="1.8"/>
    <property name="sun.cpu.isalist" value=""/>
    <property name="sun.jnu.encoding" value="ANSI_X3.4-1968"/>
    <property name="java.class.path" value="/github/workspace/mnt/ozone/hadoop-ozone/integration-test/target/test-classes:/github/workspace/mnt/ozone/hadoop-ozone/integration-test/target/classes:/home/user/.m2/repository/org/apache/hadoop/hadoop-ozone-common/0.6.0-SNAPSHOT/hadoop-ozone-common-0.6.0-SNAPSHOT.jar:/home/user/.m2/repository/org/apache/commons/commons-compress/1.4.1/commons-compress-1.4.1.jar:/home/user/.m2/repository/org/tukaani/xz/1.0/xz-1.0.jar:/home/user/.m2/repository/org/apache/hadoop/hadoop-hdds-common/0.6.0-SNAPSHOT/hadoop-hdds-common-0.6.0-SNAPSHOT.jar:/home/user/.m2/repository/org/apache/hadoop/hadoop-hdds-hadoop-dependency-client/0.6.0-SNAPSHOT/hadoop-hdds-hadoop-dependency-client-0.6.0-SNAPSHOT.jar:/home/user/.m2/repository/info/picocli/picocli/3.9.6/picocli-3.9.6.jar:/home/user/.m2/repository/com/fasterxml/jackson/core/jackson-annotations/2.10.3/jackson-annotations-2.10.3.jar:/home/user/.m2/repository/javax/annotation/javax.annotation-api/1.2/javax.annotation-api-1.2.jar:/home/user/.m2/repository/org/apache/ratis/ratis-server/0.6.0-6ab75ae-SNAPSHOT/ratis-server-0.6.0-6ab75ae-SNAPSHOT.jar:/home/user/.m2/repository/org/apache/ratis/ratis-client/0.6.0-6ab75ae-SNAPSHOT/ratis-client-0.6.0-6ab75ae-SNAPSHOT.jar:/home/user/.m2/repository/org/apache/ratis/ratis-metrics/0.6.0-6ab75ae-SNAPSHOT/ratis-metrics-0.6.0-6ab75ae-SNAPSHOT.jar:/home/user/.m2/repository/org/apache/ratis/ratis-netty/0.6.0-6ab75ae-SNAPSHOT/ratis-netty-0.6.0-6ab75ae-SNAPSHOT.jar:/home/user/.m2/repository/org/apache/ratis/ratis-grpc/0.6.0-6ab75ae-SNAPSHOT/ratis-grpc-0.6.0-6ab75ae-SNAPSHOT.jar:/home/user/.m2/repository/org/apache/logging/log4j/log4j-api/2.11.0/log4j-api-2.11.0.jar:/home/user/.m2/repository/org/apache/logging/log4j/log4j-core/2.11.0/log4j-core-2.11.0.jar:/home/user/.m2/repository/com/lmax/disruptor/3.4.2/disruptor-3.4.2.jar:/home/user/.m2/repository/org/apache/commons/commons-pool2/2.6.0/commons-pool2-2.6.0.jar:/home/user/.m2/repository/org/bouncycastle/bcpkix-jdk15on/1.60/bcpkix-jdk15on-1.60.jar:/home/user/.m2/repository/commons-validator/commons-validator/1.6/commons-validator-1.6.jar:/home/user/.m2/repository/commons-digester/commons-digester/1.8.1/commons-digester-1.8.1.jar:/home/user/.m2/repository/io/jaegertracing/jaeger-client/1.2.0/jaeger-client-1.2.0.jar:/home/user/.m2/repository/io/jaegertracing/jaeger-thrift/1.2.0/jaeger-thrift-1.2.0.jar:/home/user/.m2/repository/org/apache/thrift/libthrift/0.13.0/libthrift-0.13.0.jar:/home/user/.m2/repository/com/squareup/okhttp3/okhttp/4.2.2/okhttp-4.2.2.jar:/home/user/.m2/repository/com/squareup/okio/okio/2.2.2/okio-2.2.2.jar:/home/user/.m2/repository/org/jetbrains/kotlin/kotlin-stdlib/1.3.50/kotlin-stdlib-1.3.50.jar:/home/user/.m2/repository/org/jetbrains/kotlin/kotlin-stdlib-common/1.3.50/kotlin-stdlib-common-1.3.50.jar:/home/user/.m2/repository/org/jetbrains/annotations/13.0/annotations-13.0.jar:/home/user/.m2/repository/io/jaegertracing/jaeger-core/1.2.0/jaeger-core-1.2.0.jar:/home/user/.m2/repository/io/jaegertracing/jaeger-tracerresolver/1.2.0/jaeger-tracerresolver-1.2.0.jar:/home/user/.m2/repository/io/opentracing/contrib/opentracing-tracerresolver/0.1.8/opentracing-tracerresolver-0.1.8.jar:/home/user/.m2/repository/io/opentracing/opentracing-util/0.33.0/opentracing-util-0.33.0.jar:/home/user/.m2/repository/io/opentracing/opentracing-api/0.33.0/opentracing-api-0.33.0.jar:/home/user/.m2/repository/io/opentracing/opentracing-noop/0.33.0/opentracing-noop-0.33.0.jar:/home/user/.m2/repository/org/apache/hadoop/hadoop-hdds-client/0.6.0-SNAPSHOT/hadoop-hdds-client-0.6.0-SNAPSHOT.jar:/home/user/.m2/repository/org/apache/hadoop/hadoop-ozone-interface-client/0.6.0-SNAPSHOT/hadoop-ozone-interface-client-0.6.0-SNAPSHOT.jar:/home/user/.m2/repository/org/apache/hadoop/hadoop-hdds-test-utils/0.6.0-SNAPSHOT/hadoop-hdds-test-utils-0.6.0-SNAPSHOT.jar:/home/user/.m2/repository/com/google/guava/guava/28.2-jre/guava-28.2-jre.jar:/home/user/.m2/repository/com/google/guava/failureaccess/1.0.1/failureaccess-1.0.1.jar:/home/user/.m2/repository/com/google/guava/listenablefuture/9999.0-empty-to-avoid-conflict-with-guava/listenablefuture-9999.0-empty-to-avoid-conflict-with-guava.jar:/home/user/.m2/repository/com/google/code/findbugs/jsr305/3.0.0/jsr305-3.0.0.jar:/home/user/.m2/repository/org/checkerframework/checker-qual/2.10.0/checker-qual-2.10.0.jar:/home/user/.m2/repository/com/google/errorprone/error_prone_annotations/2.2.0/error_prone_annotations-2.2.0.jar:/home/user/.m2/repository/com/google/j2objc/j2objc-annotations/1.3/j2objc-annotations-1.3.jar:/home/user/.m2/repository/commons-io/commons-io/2.5/commons-io-2.5.jar:/home/user/.m2/repository/commons-logging/commons-logging/1.2/commons-logging-1.2.jar:/home/user/.m2/repository/log4j/log4j/1.2.17/log4j-1.2.17.jar:/home/user/.m2/repository/org/slf4j/slf4j-api/1.7.25/slf4j-api-1.7.25.jar:/home/user/.m2/repository/org/apache/hadoop/hadoop-hdds-server-scm/0.6.0-SNAPSHOT/hadoop-hdds-server-scm-0.6.0-SNAPSHOT.jar:/home/user/.m2/repository/org/apache/hadoop/hadoop-hdds-container-service/0.6.0-SNAPSHOT/hadoop-hdds-container-service-0.6.0-SNAPSHOT.jar:/home/user/.m2/repository/org/apache/hadoop/hadoop-hdds-hadoop-dependency-server/0.6.0-SNAPSHOT/hadoop-hdds-hadoop-dependency-server-0.6.0-SNAPSHOT.jar:/home/user/.m2/repository/org/apache/hadoop/hadoop-hdds-server-framework/0.6.0-SNAPSHOT/hadoop-hdds-server-framework-0.6.0-SNAPSHOT.jar:/home/user/.m2/repository/org/apache/hadoop/hadoop-hdds-interface-server/0.6.0-SNAPSHOT/hadoop-hdds-interface-server-0.6.0-SNAPSHOT.jar:/home/user/.m2/repository/org/apache/hadoop/hadoop-hdds-interface-admin/0.6.0-SNAPSHOT/hadoop-hdds-interface-admin-0.6.0-SNAPSHOT.jar:/home/user/.m2/repository/org/rocksdb/rocksdbjni/6.8.1/rocksdbjni-6.8.1.jar:/home/user/.m2/repository/io/prometheus/simpleclient_dropwizard/0.7.0/simpleclient_dropwizard-0.7.0.jar:/home/user/.m2/repository/io/prometheus/simpleclient/0.7.0/simpleclient-0.7.0.jar:/home/user/.m2/repository/io/prometheus/simpleclient_common/0.7.0/simpleclient_common-0.7.0.jar:/home/user/.m2/repository/com/fasterxml/jackson/datatype/jackson-datatype-jsr310/2.10.3/jackson-datatype-jsr310-2.10.3.jar:/home/user/.m2/repository/org/apache/hadoop/hadoop-hdds-docs/0.6.0-SNAPSHOT/hadoop-hdds-docs-0.6.0-SNAPSHOT.jar:/home/user/.m2/repository/io/dropwizard/metrics/metrics-core/3.2.4/metrics-core-3.2.4.jar:/home/user/.m2/repository/org/apache/hadoop/hadoop-hdfs-client/3.2.1/hadoop-hdfs-client-3.2.1.jar:/home/user/.m2/repository/org/bouncycastle/bcprov-jdk15on/1.60/bcprov-jdk15on-1.60.jar:/home/user/.m2/repository/org/apache/hadoop/hadoop-ozone-ozone-manager/0.6.0-SNAPSHOT/hadoop-ozone-ozone-manager-0.6.0-SNAPSHOT.jar:/home/user/.m2/repository/org/apache/hadoop/hadoop-hdds-interface-client/0.6.0-SNAPSHOT/hadoop-hdds-interface-client-0.6.0-SNAPSHOT.jar:/home/user/.m2/repository/org/apache/ratis/ratis-thirdparty-misc/0.4.0/ratis-thirdparty-misc-0.4.0.jar:/home/user/.m2/repository/org/apache/hadoop/hadoop-minikdc/3.2.1/hadoop-minikdc-3.2.1.jar:/home/user/.m2/repository/org/apache/kerby/kerb-simplekdc/1.0.1/kerb-simplekdc-1.0.1.jar:/home/user/.m2/repository/org/apache/kerby/kerb-client/1.0.1/kerb-client-1.0.1.jar:/home/user/.m2/repository/org/apache/kerby/kerby-config/1.0.1/kerby-config-1.0.1.jar:/home/user/.m2/repository/org/apache/kerby/kerb-core/1.0.1/kerb-core-1.0.1.jar:/home/user/.m2/repository/org/apache/kerby/kerby-pkix/1.0.1/kerby-pkix-1.0.1.jar:/home/user/.m2/repository/org/apache/kerby/kerby-asn1/1.0.1/kerby-asn1-1.0.1.jar:/home/user/.m2/repository/org/apache/kerby/kerby-util/1.0.1/kerby-util-1.0.1.jar:/home/user/.m2/repository/org/apache/kerby/kerb-common/1.0.1/kerb-common-1.0.1.jar:/home/user/.m2/repository/org/apache/kerby/kerb-crypto/1.0.1/kerb-crypto-1.0.1.jar:/home/user/.m2/repository/org/apache/kerby/kerb-util/1.0.1/kerb-util-1.0.1.jar:/home/user/.m2/repository/org/apache/kerby/token-provider/1.0.1/token-provider-1.0.1.jar:/home/user/.m2/repository/org/apache/kerby/kerb-admin/1.0.1/kerb-admin-1.0.1.jar:/home/user/.m2/repository/org/apache/kerby/kerb-server/1.0.1/kerb-server-1.0.1.jar:/home/user/.m2/repository/org/apache/kerby/kerb-identity/1.0.1/kerb-identity-1.0.1.jar:/home/user/.m2/repository/org/apache/kerby/kerby-xdr/1.0.1/kerby-xdr-1.0.1.jar:/home/user/.m2/repository/org/slf4j/slf4j-log4j12/1.7.25/slf4j-log4j12-1.7.25.jar:/home/user/.m2/repository/org/apache/hadoop/hadoop-ozone-s3gateway/0.6.0-SNAPSHOT/hadoop-ozone-s3gateway-0.6.0-SNAPSHOT.jar:/home/user/.m2/repository/org/jboss/weld/servlet/weld-servlet/2.4.7.Final/weld-servlet-2.4.7.Final.jar:/home/user/.m2/repository/org/glassfish/jersey/containers/jersey-container-servlet-core/2.27/jersey-container-servlet-core-2.27.jar:/home/user/.m2/repository/org/glassfish/hk2/external/javax.inject/2.5.0-b42/javax.inject-2.5.0-b42.jar:/home/user/.m2/repository/org/glassfish/jersey/core/jersey-common/2.27/jersey-common-2.27.jar:/home/user/.m2/repository/org/glassfish/hk2/osgi-resource-locator/1.0.1/osgi-resource-locator-1.0.1.jar:/home/user/.m2/repository/javax/ws/rs/javax.ws.rs-api/2.1/javax.ws.rs-api-2.1.jar:/home/user/.m2/repository/org/glassfish/jersey/ext/cdi/jersey-cdi1x/2.27/jersey-cdi1x-2.27.jar:/home/user/.m2/repository/org/glassfish/jersey/inject/jersey-hk2/2.27/jersey-hk2-2.27.jar:/home/user/.m2/repository/org/glassfish/hk2/hk2-locator/2.5.0-b42/hk2-locator-2.5.0-b42.jar:/home/user/.m2/repository/org/javassist/javassist/3.22.0-CR2/javassist-3.22.0-CR2.jar:/home/user/.m2/repository/org/glassfish/hk2/hk2-api/2.5.0/hk2-api-2.5.0.jar:/home/user/.m2/repository/org/glassfish/hk2/external/jakarta.inject/2.5.0/jakarta.inject-2.5.0.jar:/home/user/.m2/repository/org/glassfish/hk2/hk2-utils/2.5.0/hk2-utils-2.5.0.jar:/home/user/.m2/repository/jakarta/annotation/jakarta.annotation-api/1.3.4/jakarta.annotation-api-1.3.4.jar:/home/user/.m2/repository/org/glassfish/hk2/external/aopalliance-repackaged/2.5.0/aopalliance-repackaged-2.5.0.jar:/home/user/.m2/repository/com/fasterxml/jackson/dataformat/jackson-dataformat-xml/2.10.3/jackson-dataformat-xml-2.10.3.jar:/home/user/.m2/repository/com/fasterxml/jackson/core/jackson-core/2.10.3/jackson-core-2.10.3.jar:/home/user/.m2/repository/com/fasterxml/jackson/module/jackson-module-jaxb-annotations/2.10.3/jackson-module-jaxb-annotations-2.10.3.jar:/home/user/.m2/repository/jakarta/xml/bind/jakarta.xml.bind-api/2.3.2/jakarta.xml.bind-api-2.3.2.jar:/home/user/.m2/repository/jakarta/activation/jakarta.activation-api/1.2.1/jakarta.activation-api-1.2.1.jar:/home/user/.m2/repository/org/codehaus/woodstox/stax2-api/3.1.4/stax2-api-3.1.4.jar:/home/user/.m2/repository/com/fasterxml/woodstox/woodstox-core/5.0.3/woodstox-core-5.0.3.jar:/home/user/.m2/repository/javax/enterprise/cdi-api/1.2/cdi-api-1.2.jar:/home/user/.m2/repository/javax/el/javax.el-api/3.0.0/javax.el-api-3.0.0.jar:/home/user/.m2/repository/javax/interceptor/javax.interceptor-api/1.2/javax.interceptor-api-1.2.jar:/home/user/.m2/repository/javax/inject/javax.inject/1/javax.inject-1.jar:/home/user/.m2/repository/com/sun/xml/bind/jaxb-impl/2.3.0.1/jaxb-impl-2.3.0.1.jar:/home/user/.m2/repository/com/sun/xml/bind/jaxb-core/2.3.0.1/jaxb-core-2.3.0.1.jar:/home/user/.m2/repository/javax/xml/bind/jaxb-api/2.3.0/jaxb-api-2.3.0.jar:/home/user/.m2/repository/javax/activation/activation/1.1.1/activation-1.1.1.jar:/home/user/.m2/repository/org/apache/hadoop/hadoop-ozone-csi/0.6.0-SNAPSHOT/hadoop-ozone-csi-0.6.0-SNAPSHOT.jar:/home/user/.m2/repository/com/google/protobuf/protobuf-java-util/3.11.0/protobuf-java-util-3.11.0.jar:/home/user/.m2/repository/com/google/code/gson/gson/2.2.4/gson-2.2.4.jar:/home/user/.m2/repository/org/apache/hadoop/hadoop-hdds-config/0.6.0-SNAPSHOT/hadoop-hdds-config-0.6.0-SNAPSHOT.jar:/home/user/.m2/repository/com/google/protobuf/protobuf-java/2.5.0/protobuf-java-2.5.0.jar:/home/user/.m2/repository/io/grpc/grpc-netty/1.29.0/grpc-netty-1.29.0.jar:/home/user/.m2/repository/io/grpc/grpc-core/1.29.0/grpc-core-1.29.0.jar:/home/user/.m2/repository/com/google/android/annotations/4.1.1.4/annotations-4.1.1.4.jar:/home/user/.m2/repository/io/perfmark/perfmark-api/0.19.0/perfmark-api-0.19.0.jar:/home/user/.m2/repository/io/netty/netty-codec-http2/4.1.48.Final/netty-codec-http2-4.1.48.Final.jar:/home/user/.m2/repository/io/netty/netty-codec/4.1.48.Final/netty-codec-4.1.48.Final.jar:/home/user/.m2/repository/io/netty/netty-handler/4.1.48.Final/netty-handler-4.1.48.Final.jar:/home/user/.m2/repository/io/netty/netty-codec-http/4.1.48.Final/netty-codec-http-4.1.48.Final.jar:/home/user/.m2/repository/io/netty/netty-handler-proxy/4.1.48.Final/netty-handler-proxy-4.1.48.Final.jar:/home/user/.m2/repository/io/netty/netty-codec-socks/4.1.48.Final/netty-codec-socks-4.1.48.Final.jar:/home/user/.m2/repository/io/netty/netty-transport-native-epoll/4.1.48.Final/netty-transport-native-epoll-4.1.48.Final.jar:/home/user/.m2/repository/io/netty/netty-common/4.1.48.Final/netty-common-4.1.48.Final.jar:/home/user/.m2/repository/io/netty/netty-buffer/4.1.48.Final/netty-buffer-4.1.48.Final.jar:/home/user/.m2/repository/io/netty/netty-transport/4.1.48.Final/netty-transport-4.1.48.Final.jar:/home/user/.m2/repository/io/netty/netty-resolver/4.1.48.Final/netty-resolver-4.1.48.Final.jar:/home/user/.m2/repository/io/netty/netty-transport-native-unix-common/4.1.48.Final/netty-transport-native-unix-common-4.1.48.Final.jar:/home/user/.m2/repository/io/grpc/grpc-protobuf/1.29.0/grpc-protobuf-1.29.0.jar:/home/user/.m2/repository/io/grpc/grpc-api/1.29.0/grpc-api-1.29.0.jar:/home/user/.m2/repository/io/grpc/grpc-context/1.29.0/grpc-context-1.29.0.jar:/home/user/.m2/repository/org/codehaus/mojo/animal-sniffer-annotations/1.18/animal-sniffer-annotations-1.18.jar:/home/user/.m2/repository/com/google/api/grpc/proto-google-common-protos/1.17.0/proto-google-common-protos-1.17.0.jar:/home/user/.m2/repository/io/grpc/grpc-protobuf-lite/1.29.0/grpc-protobuf-lite-1.29.0.jar:/home/user/.m2/repository/io/grpc/grpc-stub/1.29.0/grpc-stub-1.29.0.jar:/home/user/.m2/repository/org/apache/hadoop/hadoop-ozone-recon/0.6.0-SNAPSHOT/hadoop-ozone-recon-0.6.0-SNAPSHOT.jar:/home/user/.m2/repository/org/apache/hadoop/hadoop-ozone-reconcodegen/0.6.0-SNAPSHOT/hadoop-ozone-reconcodegen-0.6.0-SNAPSHOT.jar:/home/user/.m2/repository/com/google/inject/extensions/guice-multibindings/4.0/guice-multibindings-4.0.jar:/home/user/.m2/repository/com/google/inject/guice/4.0/guice-4.0.jar:/home/user/.m2/repository/aopalliance/aopalliance/1.0/aopalliance-1.0.jar:/home/user/.m2/repository/com/google/inject/extensions/guice-assistedinject/4.0/guice-assistedinject-4.0.jar:/home/user/.m2/repository/com/google/inject/extensions/guice-servlet/4.0/guice-servlet-4.0.jar:/home/user/.m2/repository/org/glassfish/jersey/containers/jersey-container-servlet/2.27/jersey-container-servlet-2.27.jar:/home/user/.m2/repository/org/glassfish/hk2/guice-bridge/2.5.0/guice-bridge-2.5.0.jar:/home/user/.m2/repository/org/glassfish/jersey/core/jersey-server/2.27/jersey-server-2.27.jar:/home/user/.m2/repository/org/glassfish/jersey/core/jersey-client/2.27/jersey-client-2.27.jar:/home/user/.m2/repository/org/glassfish/jersey/media/jersey-media-jaxb/2.27/jersey-media-jaxb-2.27.jar:/home/user/.m2/repository/javax/validation/validation-api/1.1.0.Final/validation-api-1.1.0.Final.jar:/home/user/.m2/repository/org/glassfish/jersey/media/jersey-media-json-jackson/2.27/jersey-media-json-jackson-2.27.jar:/home/user/.m2/repository/org/glassfish/jersey/ext/jersey-entity-filtering/2.27/jersey-entity-filtering-2.27.jar:/home/user/.m2/repository/org/jooq/jooq/3.11.10/jooq-3.11.10.jar:/home/user/.m2/repository/org/jooq/jooq-meta/3.11.10/jooq-meta-3.11.10.jar:/home/user/.m2/repository/org/jooq/jooq-codegen/3.11.10/jooq-codegen-3.11.10.jar:/home/user/.m2/repository/com/jolbox/bonecp/0.8.0.RELEASE/bonecp-0.8.0.RELEASE.jar:/home/user/.m2/repository/org/apache/derby/derby/10.14.2.0/derby-10.14.2.0.jar:/home/user/.m2/repository/org/xerial/sqlite-jdbc/3.25.2/sqlite-jdbc-3.25.2.jar:/home/user/.m2/repository/org/springframework/spring-jdbc/5.2.5.RELEASE/spring-jdbc-5.2.5.RELEASE.jar:/home/user/.m2/repository/org/springframework/spring-beans/5.2.5.RELEASE/spring-beans-5.2.5.RELEASE.jar:/home/user/.m2/repository/org/springframework/spring-core/5.2.5.RELEASE/spring-core-5.2.5.RELEASE.jar:/home/user/.m2/repository/org/springframework/spring-jcl/5.2.5.RELEASE/spring-jcl-5.2.5.RELEASE.jar:/home/user/.m2/repository/org/springframework/spring-tx/5.2.5.RELEASE/spring-tx-5.2.5.RELEASE.jar:/home/user/.m2/repository/org/apache/hadoop/hadoop-ozone-client/0.6.0-SNAPSHOT/hadoop-ozone-client-0.6.0-SNAPSHOT.jar:/home/user/.m2/repository/org/apache/hadoop/hadoop-ozone-filesystem/0.6.0-SNAPSHOT/hadoop-ozone-filesystem-0.6.0-SNAPSHOT.jar:/home/user/.m2/repository/org/apache/hadoop/hadoop-ozone-filesystem-common/0.6.0-SNAPSHOT/hadoop-ozone-filesystem-common-0.6.0-SNAPSHOT.jar:/home/user/.m2/repository/org/apache/hadoop/hadoop-ozone-tools/0.6.0-SNAPSHOT/hadoop-ozone-tools-0.6.0-SNAPSHOT.jar:/home/user/.m2/repository/org/apache/hadoop/hadoop-hdfs/3.2.1/hadoop-hdfs-3.2.1.jar:/home/user/.m2/repository/org/apache/ratis/ratis-tools/0.6.0-6ab75ae-SNAPSHOT/ratis-tools-0.6.0-6ab75ae-SNAPSHOT.jar:/home/user/.m2/repository/org/apache/ratis/ratis-proto/0.6.0-6ab75ae-SNAPSHOT/ratis-proto-0.6.0-6ab75ae-SNAPSHOT.jar:/home/user/.m2/repository/org/apache/ratis/ratis-common/0.6.0-6ab75ae-SNAPSHOT/ratis-common-0.6.0-6ab75ae-SNAPSHOT.jar:/home/user/.m2/repository/com/amazonaws/aws-java-sdk-core/1.11.615/aws-java-sdk-core-1.11.615.jar:/home/user/.m2/repository/org/apache/httpcomponents/httpclient/4.5.2/httpclient-4.5.2.jar:/home/user/.m2/repository/org/apache/httpcomponents/httpcore/4.4.4/httpcore-4.4.4.jar:/home/user/.m2/repository/software/amazon/ion/ion-java/1.0.2/ion-java-1.0.2.jar:/home/user/.m2/repository/com/fasterxml/jackson/dataformat/jackson-dataformat-cbor/2.10.3/jackson-dataformat-cbor-2.10.3.jar:/home/user/.m2/repository/joda-time/joda-time/2.8.1/joda-time-2.8.1.jar:/home/user/.m2/repository/com/amazonaws/aws-java-sdk-s3/1.11.615/aws-java-sdk-s3-1.11.615.jar:/home/user/.m2/repository/com/amazonaws/aws-java-sdk-kms/1.11.615/aws-java-sdk-kms-1.11.615.jar:/home/user/.m2/repository/com/amazonaws/jmespath-java/1.11.615/jmespath-java-1.11.615.jar:/home/user/.m2/repository/org/apache/hadoop/hadoop-hdds-tools/0.6.0-SNAPSHOT/hadoop-hdds-tools-0.6.0-SNAPSHOT.jar:/home/user/.m2/repository/commons-cli/commons-cli/1.2/commons-cli-1.2.jar:/home/user/.m2/repository/org/apache/commons/commons-lang3/3.7/commons-lang3-3.7.jar:/home/user/.m2/repository/org/apache/hadoop/hadoop-ozone-ozone-manager/0.6.0-SNAPSHOT/hadoop-ozone-ozone-manager-0.6.0-SNAPSHOT-tests.jar:/home/user/.m2/repository/junit/junit/4.11/junit-4.11.jar:/home/user/.m2/repository/org/hamcrest/hamcrest-core/1.3/hamcrest-core-1.3.jar:/home/user/.m2/repository/org/openjdk/jmh/jmh-core/1.19/jmh-core-1.19.jar:/home/user/.m2/repository/net/sf/jopt-simple/jopt-simple/4.6/jopt-simple-4.6.jar:/home/user/.m2/repository/org/apache/commons/commons-math3/3.1.1/commons-math3-3.1.1.jar:/home/user/.m2/repository/org/openjdk/jmh/jmh-generator-annprocess/1.19/jmh-generator-annprocess-1.19.jar:/home/user/.m2/repository/org/mockito/mockito-all/1.8.5/mockito-all-1.8.5.jar:/home/user/.m2/repository/org/apache/hadoop/hadoop-kms/3.2.1/hadoop-kms-3.2.1.jar:/home/user/.m2/repository/org/apache/hadoop/hadoop-auth/3.2.1/hadoop-auth-3.2.1.jar:/home/user/.m2/repository/com/nimbusds/nimbus-jose-jwt/7.9/nimbus-jose-jwt-7.9.jar:/home/user/.m2/repository/com/github/stephenc/jcip/jcip-annotations/1.0-1/jcip-annotations-1.0-1.jar:/home/user/.m2/repository/net/minidev/json-smart/2.3/json-smart-2.3.jar:/home/user/.m2/repository/net/minidev/accessors-smart/1.2/accessors-smart-1.2.jar:/home/user/.m2/repository/org/ow2/asm/asm/5.0.4/asm-5.0.4.jar:/home/user/.m2/repository/org/apache/zookeeper/zookeeper/3.4.13/zookeeper-3.4.13.jar:/home/user/.m2/repository/org/apache/yetus/audience-annotations/0.5.0/audience-annotations-0.5.0.jar:/home/user/.m2/repository/org/apache/curator/curator-framework/2.13.0/curator-framework-2.13.0.jar:/home/user/.m2/repository/com/sun/jersey/jersey-core/1.19/jersey-core-1.19.jar:/home/user/.m2/repository/javax/ws/rs/jsr311-api/1.1.1/jsr311-api-1.1.1.jar:/home/user/.m2/repository/com/sun/jersey/jersey-server/1.19/jersey-server-1.19.jar:/home/user/.m2/repository/javax/servlet/javax.servlet-api/3.1.0/javax.servlet-api-3.1.0.jar:/home/user/.m2/repository/org/eclipse/jetty/jetty-server/9.4.26.v20200117/jetty-server-9.4.26.v20200117.jar:/home/user/.m2/repository/org/eclipse/jetty/jetty-http/9.4.26.v20200117/jetty-http-9.4.26.v20200117.jar:/home/user/.m2/repository/org/eclipse/jetty/jetty-io/9.4.26.v20200117/jetty-io-9.4.26.v20200117.jar:/home/user/.m2/repository/org/eclipse/jetty/jetty-webapp/9.4.26.v20200117/jetty-webapp-9.4.26.v20200117.jar:/home/user/.m2/repository/org/eclipse/jetty/jetty-xml/9.4.26.v20200117/jetty-xml-9.4.26.v20200117.jar:/home/user/.m2/repository/org/eclipse/jetty/jetty-servlet/9.4.26.v20200117/jetty-servlet-9.4.26.v20200117.jar:/home/user/.m2/repository/org/eclipse/jetty/jetty-security/9.4.26.v20200117/jetty-security-9.4.26.v20200117.jar:/home/user/.m2/repository/org/apache/hadoop/hadoop-common/3.2.1/hadoop-common-3.2.1.jar:/home/user/.m2/repository/commons-net/commons-net/3.6/commons-net-3.6.jar:/home/user/.m2/repository/commons-collections/commons-collections/3.2.2/commons-collections-3.2.2.jar:/home/user/.m2/repository/com/sun/jersey/jersey-servlet/1.19/jersey-servlet-1.19.jar:/home/user/.m2/repository/com/sun/jersey/jersey-json/1.19/jersey-json-1.19.jar:/home/user/.m2/repository/org/codehaus/jettison/jettison/1.1/jettison-1.1.jar:/home/user/.m2/repository/org/codehaus/jackson/jackson-jaxrs/1.9.2/jackson-jaxrs-1.9.2.jar:/home/user/.m2/repository/org/codehaus/jackson/jackson-xc/1.9.2/jackson-xc-1.9.2.jar:/home/user/.m2/repository/commons-beanutils/commons-beanutils/1.9.4/commons-beanutils-1.9.4.jar:/home/user/.m2/repository/org/apache/commons/commons-configuration2/2.1.1/commons-configuration2-2.1.1.jar:/home/user/.m2/repository/org/apache/commons/commons-text/1.4/commons-text-1.4.jar:/home/user/.m2/repository/com/google/re2j/re2j/1.1/re2j-1.1.jar:/home/user/.m2/repository/com/jcraft/jsch/0.1.54/jsch-0.1.54.jar:/home/user/.m2/repository/org/apache/curator/curator-client/2.13.0/curator-client-2.13.0.jar:/home/user/.m2/repository/org/apache/curator/curator-recipes/2.13.0/curator-recipes-2.13.0.jar:/home/user/.m2/repository/dnsjava/dnsjava/2.1.7/dnsjava-2.1.7.jar:/home/user/.m2/repository/org/slf4j/jul-to-slf4j/1.7.25/jul-to-slf4j-1.7.25.jar:/home/user/.m2/repository/org/eclipse/jetty/jetty-util/9.4.26.v20200117/jetty-util-9.4.26.v20200117.jar:/home/user/.m2/repository/com/fasterxml/jackson/core/jackson-databind/2.10.3/jackson-databind-2.10.3.jar:/home/user/.m2/repository/org/apache/hadoop/hadoop-kms/3.2.1/hadoop-kms-3.2.1-tests.jar:/home/user/.m2/repository/org/apache/hadoop/hadoop-hdds-server-scm/0.6.0-SNAPSHOT/hadoop-hdds-server-scm-0.6.0-SNAPSHOT-tests.jar:/home/user/.m2/repository/org/apache/hadoop/hadoop-hdds-container-service/0.6.0-SNAPSHOT/hadoop-hdds-container-service-0.6.0-SNAPSHOT-tests.jar:/home/user/.m2/repository/org/apache/hadoop/hadoop-hdds-common/0.6.0-SNAPSHOT/hadoop-hdds-common-0.6.0-SNAPSHOT-tests.jar:/home/user/.m2/repository/org/yaml/snakeyaml/1.16/snakeyaml-1.16.jar:/home/user/.m2/repository/org/apache/hadoop/hadoop-hdds-hadoop-dependency-test/0.6.0-SNAPSHOT/hadoop-hdds-hadoop-dependency-test-0.6.0-SNAPSHOT.jar:/home/user/.m2/repository/org/apache/hadoop/hadoop-common/3.2.1/hadoop-common-3.2.1-tests.jar:/home/user/.m2/repository/javax/servlet/jsp/jsp-api/2.1/jsp-api-2.1.jar:/home/user/.m2/repository/org/apache/hadoop/hadoop-hdfs/3.2.1/hadoop-hdfs-3.2.1-tests.jar:/home/user/.m2/repository/org/eclipse/jetty/jetty-util-ajax/9.4.26.v20200117/jetty-util-ajax-9.4.26.v20200117.jar:/home/user/.m2/repository/commons-codec/commons-codec/1.11/commons-codec-1.11.jar:/home/user/.m2/repository/commons-daemon/commons-daemon/1.0.13/commons-daemon-1.0.13.jar:/home/user/.m2/repository/io/netty/netty/3.10.5.Final/netty-3.10.5.Final.jar:/home/user/.m2/repository/io/netty/netty-all/4.1.48.Final/netty-all-4.1.48.Final.jar:/home/user/.m2/repository/org/apache/htrace/htrace-core4/4.1.0-incubating/htrace-core4-4.1.0-incubating.jar:/home/user/.m2/repository/org/fusesource/leveldbjni/leveldbjni-all/1.8/leveldbjni-all-1.8.jar:/home/user/.m2/repository/org/apache/hadoop/hadoop-distcp/3.2.1/hadoop-distcp-3.2.1.jar:/home/user/.m2/repository/org/apache/hadoop/hadoop-mapreduce-client-jobclient/3.2.1/hadoop-mapreduce-client-jobclient-3.2.1.jar:/home/user/.m2/repository/org/apache/hadoop/hadoop-mapreduce-client-common/3.2.1/hadoop-mapreduce-client-common-3.2.1.jar:/home/user/.m2/repository/org/apache/hadoop/hadoop-yarn-common/3.2.1/hadoop-yarn-common-3.2.1.jar:/home/user/.m2/repository/org/apache/hadoop/hadoop-yarn-api/3.2.1/hadoop-yarn-api-3.2.1.jar:/home/user/.m2/repository/com/sun/jersey/jersey-client/1.19/jersey-client-1.19.jar:/home/user/.m2/repository/com/sun/jersey/contribs/jersey-guice/1.19/jersey-guice-1.19.jar:/home/user/.m2/repository/com/fasterxml/jackson/jaxrs/jackson-jaxrs-json-provider/2.10.3/jackson-jaxrs-json-provider-2.10.3.jar:/home/user/.m2/repository/com/fasterxml/jackson/jaxrs/jackson-jaxrs-base/2.10.3/jackson-jaxrs-base-2.10.3.jar:/home/user/.m2/repository/org/apache/hadoop/hadoop-yarn-client/3.2.1/hadoop-yarn-client-3.2.1.jar:/home/user/.m2/repository/org/apache/hadoop/hadoop-mapreduce-client-core/3.2.1/hadoop-mapreduce-client-core-3.2.1.jar:/home/user/.m2/repository/org/apache/avro/avro/1.7.7/avro-1.7.7.jar:/home/user/.m2/repository/org/codehaus/jackson/jackson-core-asl/1.9.13/jackson-core-asl-1.9.13.jar:/home/user/.m2/repository/org/codehaus/jackson/jackson-mapper-asl/1.9.13/jackson-mapper-asl-1.9.13.jar:/home/user/.m2/repository/com/thoughtworks/paranamer/paranamer/2.3/paranamer-2.3.jar:/home/user/.m2/repository/org/xerial/snappy/snappy-java/1.0.5/snappy-java-1.0.5.jar:/home/user/.m2/repository/org/apache/hadoop/hadoop-annotations/3.2.1/hadoop-annotations-3.2.1.jar:/usr/lib/jvm/java-1.8.0-openjdk-1.8.0.232.b09-0.el7_7.x86_64/jre/../lib/tools.jar:/home/user/.m2/repository/org/apache/hadoop/hadoop-distcp/3.2.1/hadoop-distcp-3.2.1-tests.jar:"/>
    <property name="java.vm.vendor" value="Oracle Corporation"/>
    <property name="sun.arch.data.model" value="64"/>
    <property name="test.build.dir" value="/github/workspace/mnt/ozone/hadoop-ozone/integration-test/target/test-dir"/>
    <property name="test.cache.data" value=""/>
    <property name="java.vendor.url" value="http://java.oracle.com/"/>
    <property name="user.timezone" value=""/>
    <property name="java.vm.specification.version" value="1.8"/>
    <property name="os.name" value="Linux"/>
    <property name="test.build.data" value="/github/workspace/mnt/ozone/hadoop-ozone/integration-test/target/test-dir"/>
    <property name="user.country" value="US"/>
    <property name="sun.java.launcher" value="SUN_STANDARD"/>
    <property name="sun.boot.library.path" value="/usr/lib/jvm/java-1.8.0-openjdk-1.8.0.232.b09-0.el7_7.x86_64/jre/lib/amd64"/>
    <property name="sun.java.command" value="/github/workspace/mnt/ozone/hadoop-ozone/integration-test/target/surefire/surefirebooter3547625848254589831.jar /github/workspace/mnt/ozone/hadoop-ozone/integration-test/target/surefire 2020-07-14T00-58-24_979-jvmRun1 surefire6955890641968380990tmp surefire_138436828589859264860tmp"/>
    <property name="surefire.test.class.path" value="/github/workspace/mnt/ozone/hadoop-ozone/integration-test/target/test-classes:/github/workspace/mnt/ozone/hadoop-ozone/integration-test/target/classes:/home/user/.m2/repository/org/apache/hadoop/hadoop-ozone-common/0.6.0-SNAPSHOT/hadoop-ozone-common-0.6.0-SNAPSHOT.jar:/home/user/.m2/repository/org/apache/commons/commons-compress/1.4.1/commons-compress-1.4.1.jar:/home/user/.m2/repository/org/tukaani/xz/1.0/xz-1.0.jar:/home/user/.m2/repository/org/apache/hadoop/hadoop-hdds-common/0.6.0-SNAPSHOT/hadoop-hdds-common-0.6.0-SNAPSHOT.jar:/home/user/.m2/repository/org/apache/hadoop/hadoop-hdds-hadoop-dependency-client/0.6.0-SNAPSHOT/hadoop-hdds-hadoop-dependency-client-0.6.0-SNAPSHOT.jar:/home/user/.m2/repository/info/picocli/picocli/3.9.6/picocli-3.9.6.jar:/home/user/.m2/repository/com/fasterxml/jackson/core/jackson-annotations/2.10.3/jackson-annotations-2.10.3.jar:/home/user/.m2/repository/javax/annotation/javax.annotation-api/1.2/javax.annotation-api-1.2.jar:/home/user/.m2/repository/org/apache/ratis/ratis-server/0.6.0-6ab75ae-SNAPSHOT/ratis-server-0.6.0-6ab75ae-SNAPSHOT.jar:/home/user/.m2/repository/org/apache/ratis/ratis-client/0.6.0-6ab75ae-SNAPSHOT/ratis-client-0.6.0-6ab75ae-SNAPSHOT.jar:/home/user/.m2/repository/org/apache/ratis/ratis-metrics/0.6.0-6ab75ae-SNAPSHOT/ratis-metrics-0.6.0-6ab75ae-SNAPSHOT.jar:/home/user/.m2/repository/org/apache/ratis/ratis-netty/0.6.0-6ab75ae-SNAPSHOT/ratis-netty-0.6.0-6ab75ae-SNAPSHOT.jar:/home/user/.m2/repository/org/apache/ratis/ratis-grpc/0.6.0-6ab75ae-SNAPSHOT/ratis-grpc-0.6.0-6ab75ae-SNAPSHOT.jar:/home/user/.m2/repository/org/apache/logging/log4j/log4j-api/2.11.0/log4j-api-2.11.0.jar:/home/user/.m2/repository/org/apache/logging/log4j/log4j-core/2.11.0/log4j-core-2.11.0.jar:/home/user/.m2/repository/com/lmax/disruptor/3.4.2/disruptor-3.4.2.jar:/home/user/.m2/repository/org/apache/commons/commons-pool2/2.6.0/commons-pool2-2.6.0.jar:/home/user/.m2/repository/org/bouncycastle/bcpkix-jdk15on/1.60/bcpkix-jdk15on-1.60.jar:/home/user/.m2/repository/commons-validator/commons-validator/1.6/commons-validator-1.6.jar:/home/user/.m2/repository/commons-digester/commons-digester/1.8.1/commons-digester-1.8.1.jar:/home/user/.m2/repository/io/jaegertracing/jaeger-client/1.2.0/jaeger-client-1.2.0.jar:/home/user/.m2/repository/io/jaegertracing/jaeger-thrift/1.2.0/jaeger-thrift-1.2.0.jar:/home/user/.m2/repository/org/apache/thrift/libthrift/0.13.0/libthrift-0.13.0.jar:/home/user/.m2/repository/com/squareup/okhttp3/okhttp/4.2.2/okhttp-4.2.2.jar:/home/user/.m2/repository/com/squareup/okio/okio/2.2.2/okio-2.2.2.jar:/home/user/.m2/repository/org/jetbrains/kotlin/kotlin-stdlib/1.3.50/kotlin-stdlib-1.3.50.jar:/home/user/.m2/repository/org/jetbrains/kotlin/kotlin-stdlib-common/1.3.50/kotlin-stdlib-common-1.3.50.jar:/home/user/.m2/repository/org/jetbrains/annotations/13.0/annotations-13.0.jar:/home/user/.m2/repository/io/jaegertracing/jaeger-core/1.2.0/jaeger-core-1.2.0.jar:/home/user/.m2/repository/io/jaegertracing/jaeger-tracerresolver/1.2.0/jaeger-tracerresolver-1.2.0.jar:/home/user/.m2/repository/io/opentracing/contrib/opentracing-tracerresolver/0.1.8/opentracing-tracerresolver-0.1.8.jar:/home/user/.m2/repository/io/opentracing/opentracing-util/0.33.0/opentracing-util-0.33.0.jar:/home/user/.m2/repository/io/opentracing/opentracing-api/0.33.0/opentracing-api-0.33.0.jar:/home/user/.m2/repository/io/opentracing/opentracing-noop/0.33.0/opentracing-noop-0.33.0.jar:/home/user/.m2/repository/org/apache/hadoop/hadoop-hdds-client/0.6.0-SNAPSHOT/hadoop-hdds-client-0.6.0-SNAPSHOT.jar:/home/user/.m2/repository/org/apache/hadoop/hadoop-ozone-interface-client/0.6.0-SNAPSHOT/hadoop-ozone-interface-client-0.6.0-SNAPSHOT.jar:/home/user/.m2/repository/org/apache/hadoop/hadoop-hdds-test-utils/0.6.0-SNAPSHOT/hadoop-hdds-test-utils-0.6.0-SNAPSHOT.jar:/home/user/.m2/repository/com/google/guava/guava/28.2-jre/guava-28.2-jre.jar:/home/user/.m2/repository/com/google/guava/failureaccess/1.0.1/failureaccess-1.0.1.jar:/home/user/.m2/repository/com/google/guava/listenablefuture/9999.0-empty-to-avoid-conflict-with-guava/listenablefuture-9999.0-empty-to-avoid-conflict-with-guava.jar:/home/user/.m2/repository/com/google/code/findbugs/jsr305/3.0.0/jsr305-3.0.0.jar:/home/user/.m2/repository/org/checkerframework/checker-qual/2.10.0/checker-qual-2.10.0.jar:/home/user/.m2/repository/com/google/errorprone/error_prone_annotations/2.2.0/error_prone_annotations-2.2.0.jar:/home/user/.m2/repository/com/google/j2objc/j2objc-annotations/1.3/j2objc-annotations-1.3.jar:/home/user/.m2/repository/commons-io/commons-io/2.5/commons-io-2.5.jar:/home/user/.m2/repository/commons-logging/commons-logging/1.2/commons-logging-1.2.jar:/home/user/.m2/repository/log4j/log4j/1.2.17/log4j-1.2.17.jar:/home/user/.m2/repository/org/slf4j/slf4j-api/1.7.25/slf4j-api-1.7.25.jar:/home/user/.m2/repository/org/apache/hadoop/hadoop-hdds-server-scm/0.6.0-SNAPSHOT/hadoop-hdds-server-scm-0.6.0-SNAPSHOT.jar:/home/user/.m2/repository/org/apache/hadoop/hadoop-hdds-container-service/0.6.0-SNAPSHOT/hadoop-hdds-container-service-0.6.0-SNAPSHOT.jar:/home/user/.m2/repository/org/apache/hadoop/hadoop-hdds-hadoop-dependency-server/0.6.0-SNAPSHOT/hadoop-hdds-hadoop-dependency-server-0.6.0-SNAPSHOT.jar:/home/user/.m2/repository/org/apache/hadoop/hadoop-hdds-server-framework/0.6.0-SNAPSHOT/hadoop-hdds-server-framework-0.6.0-SNAPSHOT.jar:/home/user/.m2/repository/org/apache/hadoop/hadoop-hdds-interface-server/0.6.0-SNAPSHOT/hadoop-hdds-interface-server-0.6.0-SNAPSHOT.jar:/home/user/.m2/repository/org/apache/hadoop/hadoop-hdds-interface-admin/0.6.0-SNAPSHOT/hadoop-hdds-interface-admin-0.6.0-SNAPSHOT.jar:/home/user/.m2/repository/org/rocksdb/rocksdbjni/6.8.1/rocksdbjni-6.8.1.jar:/home/user/.m2/repository/io/prometheus/simpleclient_dropwizard/0.7.0/simpleclient_dropwizard-0.7.0.jar:/home/user/.m2/repository/io/prometheus/simpleclient/0.7.0/simpleclient-0.7.0.jar:/home/user/.m2/repository/io/prometheus/simpleclient_common/0.7.0/simpleclient_common-0.7.0.jar:/home/user/.m2/repository/com/fasterxml/jackson/datatype/jackson-datatype-jsr310/2.10.3/jackson-datatype-jsr310-2.10.3.jar:/home/user/.m2/repository/org/apache/hadoop/hadoop-hdds-docs/0.6.0-SNAPSHOT/hadoop-hdds-docs-0.6.0-SNAPSHOT.jar:/home/user/.m2/repository/io/dropwizard/metrics/metrics-core/3.2.4/metrics-core-3.2.4.jar:/home/user/.m2/repository/org/apache/hadoop/hadoop-hdfs-client/3.2.1/hadoop-hdfs-client-3.2.1.jar:/home/user/.m2/repository/org/bouncycastle/bcprov-jdk15on/1.60/bcprov-jdk15on-1.60.jar:/home/user/.m2/repository/org/apache/hadoop/hadoop-ozone-ozone-manager/0.6.0-SNAPSHOT/hadoop-ozone-ozone-manager-0.6.0-SNAPSHOT.jar:/home/user/.m2/repository/org/apache/hadoop/hadoop-hdds-interface-client/0.6.0-SNAPSHOT/hadoop-hdds-interface-client-0.6.0-SNAPSHOT.jar:/home/user/.m2/repository/org/apache/ratis/ratis-thirdparty-misc/0.4.0/ratis-thirdparty-misc-0.4.0.jar:/home/user/.m2/repository/org/apache/hadoop/hadoop-minikdc/3.2.1/hadoop-minikdc-3.2.1.jar:/home/user/.m2/repository/org/apache/kerby/kerb-simplekdc/1.0.1/kerb-simplekdc-1.0.1.jar:/home/user/.m2/repository/org/apache/kerby/kerb-client/1.0.1/kerb-client-1.0.1.jar:/home/user/.m2/repository/org/apache/kerby/kerby-config/1.0.1/kerby-config-1.0.1.jar:/home/user/.m2/repository/org/apache/kerby/kerb-core/1.0.1/kerb-core-1.0.1.jar:/home/user/.m2/repository/org/apache/kerby/kerby-pkix/1.0.1/kerby-pkix-1.0.1.jar:/home/user/.m2/repository/org/apache/kerby/kerby-asn1/1.0.1/kerby-asn1-1.0.1.jar:/home/user/.m2/repository/org/apache/kerby/kerby-util/1.0.1/kerby-util-1.0.1.jar:/home/user/.m2/repository/org/apache/kerby/kerb-common/1.0.1/kerb-common-1.0.1.jar:/home/user/.m2/repository/org/apache/kerby/kerb-crypto/1.0.1/kerb-crypto-1.0.1.jar:/home/user/.m2/repository/org/apache/kerby/kerb-util/1.0.1/kerb-util-1.0.1.jar:/home/user/.m2/repository/org/apache/kerby/token-provider/1.0.1/token-provider-1.0.1.jar:/home/user/.m2/repository/org/apache/kerby/kerb-admin/1.0.1/kerb-admin-1.0.1.jar:/home/user/.m2/repository/org/apache/kerby/kerb-server/1.0.1/kerb-server-1.0.1.jar:/home/user/.m2/repository/org/apache/kerby/kerb-identity/1.0.1/kerb-identity-1.0.1.jar:/home/user/.m2/repository/org/apache/kerby/kerby-xdr/1.0.1/kerby-xdr-1.0.1.jar:/home/user/.m2/repository/org/slf4j/slf4j-log4j12/1.7.25/slf4j-log4j12-1.7.25.jar:/home/user/.m2/repository/org/apache/hadoop/hadoop-ozone-s3gateway/0.6.0-SNAPSHOT/hadoop-ozone-s3gateway-0.6.0-SNAPSHOT.jar:/home/user/.m2/repository/org/jboss/weld/servlet/weld-servlet/2.4.7.Final/weld-servlet-2.4.7.Final.jar:/home/user/.m2/repository/org/glassfish/jersey/containers/jersey-container-servlet-core/2.27/jersey-container-servlet-core-2.27.jar:/home/user/.m2/repository/org/glassfish/hk2/external/javax.inject/2.5.0-b42/javax.inject-2.5.0-b42.jar:/home/user/.m2/repository/org/glassfish/jersey/core/jersey-common/2.27/jersey-common-2.27.jar:/home/user/.m2/repository/org/glassfish/hk2/osgi-resource-locator/1.0.1/osgi-resource-locator-1.0.1.jar:/home/user/.m2/repository/javax/ws/rs/javax.ws.rs-api/2.1/javax.ws.rs-api-2.1.jar:/home/user/.m2/repository/org/glassfish/jersey/ext/cdi/jersey-cdi1x/2.27/jersey-cdi1x-2.27.jar:/home/user/.m2/repository/org/glassfish/jersey/inject/jersey-hk2/2.27/jersey-hk2-2.27.jar:/home/user/.m2/repository/org/glassfish/hk2/hk2-locator/2.5.0-b42/hk2-locator-2.5.0-b42.jar:/home/user/.m2/repository/org/javassist/javassist/3.22.0-CR2/javassist-3.22.0-CR2.jar:/home/user/.m2/repository/org/glassfish/hk2/hk2-api/2.5.0/hk2-api-2.5.0.jar:/home/user/.m2/repository/org/glassfish/hk2/external/jakarta.inject/2.5.0/jakarta.inject-2.5.0.jar:/home/user/.m2/repository/org/glassfish/hk2/hk2-utils/2.5.0/hk2-utils-2.5.0.jar:/home/user/.m2/repository/jakarta/annotation/jakarta.annotation-api/1.3.4/jakarta.annotation-api-1.3.4.jar:/home/user/.m2/repository/org/glassfish/hk2/external/aopalliance-repackaged/2.5.0/aopalliance-repackaged-2.5.0.jar:/home/user/.m2/repository/com/fasterxml/jackson/dataformat/jackson-dataformat-xml/2.10.3/jackson-dataformat-xml-2.10.3.jar:/home/user/.m2/repository/com/fasterxml/jackson/core/jackson-core/2.10.3/jackson-core-2.10.3.jar:/home/user/.m2/repository/com/fasterxml/jackson/module/jackson-module-jaxb-annotations/2.10.3/jackson-module-jaxb-annotations-2.10.3.jar:/home/user/.m2/repository/jakarta/xml/bind/jakarta.xml.bind-api/2.3.2/jakarta.xml.bind-api-2.3.2.jar:/home/user/.m2/repository/jakarta/activation/jakarta.activation-api/1.2.1/jakarta.activation-api-1.2.1.jar:/home/user/.m2/repository/org/codehaus/woodstox/stax2-api/3.1.4/stax2-api-3.1.4.jar:/home/user/.m2/repository/com/fasterxml/woodstox/woodstox-core/5.0.3/woodstox-core-5.0.3.jar:/home/user/.m2/repository/javax/enterprise/cdi-api/1.2/cdi-api-1.2.jar:/home/user/.m2/repository/javax/el/javax.el-api/3.0.0/javax.el-api-3.0.0.jar:/home/user/.m2/repository/javax/interceptor/javax.interceptor-api/1.2/javax.interceptor-api-1.2.jar:/home/user/.m2/repository/javax/inject/javax.inject/1/javax.inject-1.jar:/home/user/.m2/repository/com/sun/xml/bind/jaxb-impl/2.3.0.1/jaxb-impl-2.3.0.1.jar:/home/user/.m2/repository/com/sun/xml/bind/jaxb-core/2.3.0.1/jaxb-core-2.3.0.1.jar:/home/user/.m2/repository/javax/xml/bind/jaxb-api/2.3.0/jaxb-api-2.3.0.jar:/home/user/.m2/repository/javax/activation/activation/1.1.1/activation-1.1.1.jar:/home/user/.m2/repository/org/apache/hadoop/hadoop-ozone-csi/0.6.0-SNAPSHOT/hadoop-ozone-csi-0.6.0-SNAPSHOT.jar:/home/user/.m2/repository/com/google/protobuf/protobuf-java-util/3.11.0/protobuf-java-util-3.11.0.jar:/home/user/.m2/repository/com/google/code/gson/gson/2.2.4/gson-2.2.4.jar:/home/user/.m2/repository/org/apache/hadoop/hadoop-hdds-config/0.6.0-SNAPSHOT/hadoop-hdds-config-0.6.0-SNAPSHOT.jar:/home/user/.m2/repository/com/google/protobuf/protobuf-java/2.5.0/protobuf-java-2.5.0.jar:/home/user/.m2/repository/io/grpc/grpc-netty/1.29.0/grpc-netty-1.29.0.jar:/home/user/.m2/repository/io/grpc/grpc-core/1.29.0/grpc-core-1.29.0.jar:/home/user/.m2/repository/com/google/android/annotations/4.1.1.4/annotations-4.1.1.4.jar:/home/user/.m2/repository/io/perfmark/perfmark-api/0.19.0/perfmark-api-0.19.0.jar:/home/user/.m2/repository/io/netty/netty-codec-http2/4.1.48.Final/netty-codec-http2-4.1.48.Final.jar:/home/user/.m2/repository/io/netty/netty-codec/4.1.48.Final/netty-codec-4.1.48.Final.jar:/home/user/.m2/repository/io/netty/netty-handler/4.1.48.Final/netty-handler-4.1.48.Final.jar:/home/user/.m2/repository/io/netty/netty-codec-http/4.1.48.Final/netty-codec-http-4.1.48.Final.jar:/home/user/.m2/repository/io/netty/netty-handler-proxy/4.1.48.Final/netty-handler-proxy-4.1.48.Final.jar:/home/user/.m2/repository/io/netty/netty-codec-socks/4.1.48.Final/netty-codec-socks-4.1.48.Final.jar:/home/user/.m2/repository/io/netty/netty-transport-native-epoll/4.1.48.Final/netty-transport-native-epoll-4.1.48.Final.jar:/home/user/.m2/repository/io/netty/netty-common/4.1.48.Final/netty-common-4.1.48.Final.jar:/home/user/.m2/repository/io/netty/netty-buffer/4.1.48.Final/netty-buffer-4.1.48.Final.jar:/home/user/.m2/repository/io/netty/netty-transport/4.1.48.Final/netty-transport-4.1.48.Final.jar:/home/user/.m2/repository/io/netty/netty-resolver/4.1.48.Final/netty-resolver-4.1.48.Final.jar:/home/user/.m2/repository/io/netty/netty-transport-native-unix-common/4.1.48.Final/netty-transport-native-unix-common-4.1.48.Final.jar:/home/user/.m2/repository/io/grpc/grpc-protobuf/1.29.0/grpc-protobuf-1.29.0.jar:/home/user/.m2/repository/io/grpc/grpc-api/1.29.0/grpc-api-1.29.0.jar:/home/user/.m2/repository/io/grpc/grpc-context/1.29.0/grpc-context-1.29.0.jar:/home/user/.m2/repository/org/codehaus/mojo/animal-sniffer-annotations/1.18/animal-sniffer-annotations-1.18.jar:/home/user/.m2/repository/com/google/api/grpc/proto-google-common-protos/1.17.0/proto-google-common-protos-1.17.0.jar:/home/user/.m2/repository/io/grpc/grpc-protobuf-lite/1.29.0/grpc-protobuf-lite-1.29.0.jar:/home/user/.m2/repository/io/grpc/grpc-stub/1.29.0/grpc-stub-1.29.0.jar:/home/user/.m2/repository/org/apache/hadoop/hadoop-ozone-recon/0.6.0-SNAPSHOT/hadoop-ozone-recon-0.6.0-SNAPSHOT.jar:/home/user/.m2/repository/org/apache/hadoop/hadoop-ozone-reconcodegen/0.6.0-SNAPSHOT/hadoop-ozone-reconcodegen-0.6.0-SNAPSHOT.jar:/home/user/.m2/repository/com/google/inject/extensions/guice-multibindings/4.0/guice-multibindings-4.0.jar:/home/user/.m2/repository/com/google/inject/guice/4.0/guice-4.0.jar:/home/user/.m2/repository/aopalliance/aopalliance/1.0/aopalliance-1.0.jar:/home/user/.m2/repository/com/google/inject/extensions/guice-assistedinject/4.0/guice-assistedinject-4.0.jar:/home/user/.m2/repository/com/google/inject/extensions/guice-servlet/4.0/guice-servlet-4.0.jar:/home/user/.m2/repository/org/glassfish/jersey/containers/jersey-container-servlet/2.27/jersey-container-servlet-2.27.jar:/home/user/.m2/repository/org/glassfish/hk2/guice-bridge/2.5.0/guice-bridge-2.5.0.jar:/home/user/.m2/repository/org/glassfish/jersey/core/jersey-server/2.27/jersey-server-2.27.jar:/home/user/.m2/repository/org/glassfish/jersey/core/jersey-client/2.27/jersey-client-2.27.jar:/home/user/.m2/repository/org/glassfish/jersey/media/jersey-media-jaxb/2.27/jersey-media-jaxb-2.27.jar:/home/user/.m2/repository/javax/validation/validation-api/1.1.0.Final/validation-api-1.1.0.Final.jar:/home/user/.m2/repository/org/glassfish/jersey/media/jersey-media-json-jackson/2.27/jersey-media-json-jackson-2.27.jar:/home/user/.m2/repository/org/glassfish/jersey/ext/jersey-entity-filtering/2.27/jersey-entity-filtering-2.27.jar:/home/user/.m2/repository/org/jooq/jooq/3.11.10/jooq-3.11.10.jar:/home/user/.m2/repository/org/jooq/jooq-meta/3.11.10/jooq-meta-3.11.10.jar:/home/user/.m2/repository/org/jooq/jooq-codegen/3.11.10/jooq-codegen-3.11.10.jar:/home/user/.m2/repository/com/jolbox/bonecp/0.8.0.RELEASE/bonecp-0.8.0.RELEASE.jar:/home/user/.m2/repository/org/apache/derby/derby/10.14.2.0/derby-10.14.2.0.jar:/home/user/.m2/repository/org/xerial/sqlite-jdbc/3.25.2/sqlite-jdbc-3.25.2.jar:/home/user/.m2/repository/org/springframework/spring-jdbc/5.2.5.RELEASE/spring-jdbc-5.2.5.RELEASE.jar:/home/user/.m2/repository/org/springframework/spring-beans/5.2.5.RELEASE/spring-beans-5.2.5.RELEASE.jar:/home/user/.m2/repository/org/springframework/spring-core/5.2.5.RELEASE/spring-core-5.2.5.RELEASE.jar:/home/user/.m2/repository/org/springframework/spring-jcl/5.2.5.RELEASE/spring-jcl-5.2.5.RELEASE.jar:/home/user/.m2/repository/org/springframework/spring-tx/5.2.5.RELEASE/spring-tx-5.2.5.RELEASE.jar:/home/user/.m2/repository/org/apache/hadoop/hadoop-ozone-client/0.6.0-SNAPSHOT/hadoop-ozone-client-0.6.0-SNAPSHOT.jar:/home/user/.m2/repository/org/apache/hadoop/hadoop-ozone-filesystem/0.6.0-SNAPSHOT/hadoop-ozone-filesystem-0.6.0-SNAPSHOT.jar:/home/user/.m2/repository/org/apache/hadoop/hadoop-ozone-filesystem-common/0.6.0-SNAPSHOT/hadoop-ozone-filesystem-common-0.6.0-SNAPSHOT.jar:/home/user/.m2/repository/org/apache/hadoop/hadoop-ozone-tools/0.6.0-SNAPSHOT/hadoop-ozone-tools-0.6.0-SNAPSHOT.jar:/home/user/.m2/repository/org/apache/hadoop/hadoop-hdfs/3.2.1/hadoop-hdfs-3.2.1.jar:/home/user/.m2/repository/org/apache/ratis/ratis-tools/0.6.0-6ab75ae-SNAPSHOT/ratis-tools-0.6.0-6ab75ae-SNAPSHOT.jar:/home/user/.m2/repository/org/apache/ratis/ratis-proto/0.6.0-6ab75ae-SNAPSHOT/ratis-proto-0.6.0-6ab75ae-SNAPSHOT.jar:/home/user/.m2/repository/org/apache/ratis/ratis-common/0.6.0-6ab75ae-SNAPSHOT/ratis-common-0.6.0-6ab75ae-SNAPSHOT.jar:/home/user/.m2/repository/com/amazonaws/aws-java-sdk-core/1.11.615/aws-java-sdk-core-1.11.615.jar:/home/user/.m2/repository/org/apache/httpcomponents/httpclient/4.5.2/httpclient-4.5.2.jar:/home/user/.m2/repository/org/apache/httpcomponents/httpcore/4.4.4/httpcore-4.4.4.jar:/home/user/.m2/repository/software/amazon/ion/ion-java/1.0.2/ion-java-1.0.2.jar:/home/user/.m2/repository/com/fasterxml/jackson/dataformat/jackson-dataformat-cbor/2.10.3/jackson-dataformat-cbor-2.10.3.jar:/home/user/.m2/repository/joda-time/joda-time/2.8.1/joda-time-2.8.1.jar:/home/user/.m2/repository/com/amazonaws/aws-java-sdk-s3/1.11.615/aws-java-sdk-s3-1.11.615.jar:/home/user/.m2/repository/com/amazonaws/aws-java-sdk-kms/1.11.615/aws-java-sdk-kms-1.11.615.jar:/home/user/.m2/repository/com/amazonaws/jmespath-java/1.11.615/jmespath-java-1.11.615.jar:/home/user/.m2/repository/org/apache/hadoop/hadoop-hdds-tools/0.6.0-SNAPSHOT/hadoop-hdds-tools-0.6.0-SNAPSHOT.jar:/home/user/.m2/repository/commons-cli/commons-cli/1.2/commons-cli-1.2.jar:/home/user/.m2/repository/org/apache/commons/commons-lang3/3.7/commons-lang3-3.7.jar:/home/user/.m2/repository/org/apache/hadoop/hadoop-ozone-ozone-manager/0.6.0-SNAPSHOT/hadoop-ozone-ozone-manager-0.6.0-SNAPSHOT-tests.jar:/home/user/.m2/repository/junit/junit/4.11/junit-4.11.jar:/home/user/.m2/repository/org/hamcrest/hamcrest-core/1.3/hamcrest-core-1.3.jar:/home/user/.m2/repository/org/openjdk/jmh/jmh-core/1.19/jmh-core-1.19.jar:/home/user/.m2/repository/net/sf/jopt-simple/jopt-simple/4.6/jopt-simple-4.6.jar:/home/user/.m2/repository/org/apache/commons/commons-math3/3.1.1/commons-math3-3.1.1.jar:/home/user/.m2/repository/org/openjdk/jmh/jmh-generator-annprocess/1.19/jmh-generator-annprocess-1.19.jar:/home/user/.m2/repository/org/mockito/mockito-all/1.8.5/mockito-all-1.8.5.jar:/home/user/.m2/repository/org/apache/hadoop/hadoop-kms/3.2.1/hadoop-kms-3.2.1.jar:/home/user/.m2/repository/org/apache/hadoop/hadoop-auth/3.2.1/hadoop-auth-3.2.1.jar:/home/user/.m2/repository/com/nimbusds/nimbus-jose-jwt/7.9/nimbus-jose-jwt-7.9.jar:/home/user/.m2/repository/com/github/stephenc/jcip/jcip-annotations/1.0-1/jcip-annotations-1.0-1.jar:/home/user/.m2/repository/net/minidev/json-smart/2.3/json-smart-2.3.jar:/home/user/.m2/repository/net/minidev/accessors-smart/1.2/accessors-smart-1.2.jar:/home/user/.m2/repository/org/ow2/asm/asm/5.0.4/asm-5.0.4.jar:/home/user/.m2/repository/org/apache/zookeeper/zookeeper/3.4.13/zookeeper-3.4.13.jar:/home/user/.m2/repository/org/apache/yetus/audience-annotations/0.5.0/audience-annotations-0.5.0.jar:/home/user/.m2/repository/org/apache/curator/curator-framework/2.13.0/curator-framework-2.13.0.jar:/home/user/.m2/repository/com/sun/jersey/jersey-core/1.19/jersey-core-1.19.jar:/home/user/.m2/repository/javax/ws/rs/jsr311-api/1.1.1/jsr311-api-1.1.1.jar:/home/user/.m2/repository/com/sun/jersey/jersey-server/1.19/jersey-server-1.19.jar:/home/user/.m2/repository/javax/servlet/javax.servlet-api/3.1.0/javax.servlet-api-3.1.0.jar:/home/user/.m2/repository/org/eclipse/jetty/jetty-server/9.4.26.v20200117/jetty-server-9.4.26.v20200117.jar:/home/user/.m2/repository/org/eclipse/jetty/jetty-http/9.4.26.v20200117/jetty-http-9.4.26.v20200117.jar:/home/user/.m2/repository/org/eclipse/jetty/jetty-io/9.4.26.v20200117/jetty-io-9.4.26.v20200117.jar:/home/user/.m2/repository/org/eclipse/jetty/jetty-webapp/9.4.26.v20200117/jetty-webapp-9.4.26.v20200117.jar:/home/user/.m2/repository/org/eclipse/jetty/jetty-xml/9.4.26.v20200117/jetty-xml-9.4.26.v20200117.jar:/home/user/.m2/repository/org/eclipse/jetty/jetty-servlet/9.4.26.v20200117/jetty-servlet-9.4.26.v20200117.jar:/home/user/.m2/repository/org/eclipse/jetty/jetty-security/9.4.26.v20200117/jetty-security-9.4.26.v20200117.jar:/home/user/.m2/repository/org/apache/hadoop/hadoop-common/3.2.1/hadoop-common-3.2.1.jar:/home/user/.m2/repository/commons-net/commons-net/3.6/commons-net-3.6.jar:/home/user/.m2/repository/commons-collections/commons-collections/3.2.2/commons-collections-3.2.2.jar:/home/user/.m2/repository/com/sun/jersey/jersey-servlet/1.19/jersey-servlet-1.19.jar:/home/user/.m2/repository/com/sun/jersey/jersey-json/1.19/jersey-json-1.19.jar:/home/user/.m2/repository/org/codehaus/jettison/jettison/1.1/jettison-1.1.jar:/home/user/.m2/repository/org/codehaus/jackson/jackson-jaxrs/1.9.2/jackson-jaxrs-1.9.2.jar:/home/user/.m2/repository/org/codehaus/jackson/jackson-xc/1.9.2/jackson-xc-1.9.2.jar:/home/user/.m2/repository/commons-beanutils/commons-beanutils/1.9.4/commons-beanutils-1.9.4.jar:/home/user/.m2/repository/org/apache/commons/commons-configuration2/2.1.1/commons-configuration2-2.1.1.jar:/home/user/.m2/repository/org/apache/commons/commons-text/1.4/commons-text-1.4.jar:/home/user/.m2/repository/com/google/re2j/re2j/1.1/re2j-1.1.jar:/home/user/.m2/repository/com/jcraft/jsch/0.1.54/jsch-0.1.54.jar:/home/user/.m2/repository/org/apache/curator/curator-client/2.13.0/curator-client-2.13.0.jar:/home/user/.m2/repository/org/apache/curator/curator-recipes/2.13.0/curator-recipes-2.13.0.jar:/home/user/.m2/repository/dnsjava/dnsjava/2.1.7/dnsjava-2.1.7.jar:/home/user/.m2/repository/org/slf4j/jul-to-slf4j/1.7.25/jul-to-slf4j-1.7.25.jar:/home/user/.m2/repository/org/eclipse/jetty/jetty-util/9.4.26.v20200117/jetty-util-9.4.26.v20200117.jar:/home/user/.m2/repository/com/fasterxml/jackson/core/jackson-databind/2.10.3/jackson-databind-2.10.3.jar:/home/user/.m2/repository/org/apache/hadoop/hadoop-kms/3.2.1/hadoop-kms-3.2.1-tests.jar:/home/user/.m2/repository/org/apache/hadoop/hadoop-hdds-server-scm/0.6.0-SNAPSHOT/hadoop-hdds-server-scm-0.6.0-SNAPSHOT-tests.jar:/home/user/.m2/repository/org/apache/hadoop/hadoop-hdds-container-service/0.6.0-SNAPSHOT/hadoop-hdds-container-service-0.6.0-SNAPSHOT-tests.jar:/home/user/.m2/repository/org/apache/hadoop/hadoop-hdds-common/0.6.0-SNAPSHOT/hadoop-hdds-common-0.6.0-SNAPSHOT-tests.jar:/home/user/.m2/repository/org/yaml/snakeyaml/1.16/snakeyaml-1.16.jar:/home/user/.m2/repository/org/apache/hadoop/hadoop-hdds-hadoop-dependency-test/0.6.0-SNAPSHOT/hadoop-hdds-hadoop-dependency-test-0.6.0-SNAPSHOT.jar:/home/user/.m2/repository/org/apache/hadoop/hadoop-common/3.2.1/hadoop-common-3.2.1-tests.jar:/home/user/.m2/repository/javax/servlet/jsp/jsp-api/2.1/jsp-api-2.1.jar:/home/user/.m2/repository/org/apache/hadoop/hadoop-hdfs/3.2.1/hadoop-hdfs-3.2.1-tests.jar:/home/user/.m2/repository/org/eclipse/jetty/jetty-util-ajax/9.4.26.v20200117/jetty-util-ajax-9.4.26.v20200117.jar:/home/user/.m2/repository/commons-codec/commons-codec/1.11/commons-codec-1.11.jar:/home/user/.m2/repository/commons-daemon/commons-daemon/1.0.13/commons-daemon-1.0.13.jar:/home/user/.m2/repository/io/netty/netty/3.10.5.Final/netty-3.10.5.Final.jar:/home/user/.m2/repository/io/netty/netty-all/4.1.48.Final/netty-all-4.1.48.Final.jar:/home/user/.m2/repository/org/apache/htrace/htrace-core4/4.1.0-incubating/htrace-core4-4.1.0-incubating.jar:/home/user/.m2/repository/org/fusesource/leveldbjni/leveldbjni-all/1.8/leveldbjni-all-1.8.jar:/home/user/.m2/repository/org/apache/hadoop/hadoop-distcp/3.2.1/hadoop-distcp-3.2.1.jar:/home/user/.m2/repository/org/apache/hadoop/hadoop-mapreduce-client-jobclient/3.2.1/hadoop-mapreduce-client-jobclient-3.2.1.jar:/home/user/.m2/repository/org/apache/hadoop/hadoop-mapreduce-client-common/3.2.1/hadoop-mapreduce-client-common-3.2.1.jar:/home/user/.m2/repository/org/apache/hadoop/hadoop-yarn-common/3.2.1/hadoop-yarn-common-3.2.1.jar:/home/user/.m2/repository/org/apache/hadoop/hadoop-yarn-api/3.2.1/hadoop-yarn-api-3.2.1.jar:/home/user/.m2/repository/com/sun/jersey/jersey-client/1.19/jersey-client-1.19.jar:/home/user/.m2/repository/com/sun/jersey/contribs/jersey-guice/1.19/jersey-guice-1.19.jar:/home/user/.m2/repository/com/fasterxml/jackson/jaxrs/jackson-jaxrs-json-provider/2.10.3/jackson-jaxrs-json-provider-2.10.3.jar:/home/user/.m2/repository/com/fasterxml/jackson/jaxrs/jackson-jaxrs-base/2.10.3/jackson-jaxrs-base-2.10.3.jar:/home/user/.m2/repository/org/apache/hadoop/hadoop-yarn-client/3.2.1/hadoop-yarn-client-3.2.1.jar:/home/user/.m2/repository/org/apache/hadoop/hadoop-mapreduce-client-core/3.2.1/hadoop-mapreduce-client-core-3.2.1.jar:/home/user/.m2/repository/org/apache/avro/avro/1.7.7/avro-1.7.7.jar:/home/user/.m2/repository/org/codehaus/jackson/jackson-core-asl/1.9.13/jackson-core-asl-1.9.13.jar:/home/user/.m2/repository/org/codehaus/jackson/jackson-mapper-asl/1.9.13/jackson-mapper-asl-1.9.13.jar:/home/user/.m2/repository/com/thoughtworks/paranamer/paranamer/2.3/paranamer-2.3.jar:/home/user/.m2/repository/org/xerial/snappy/snappy-java/1.0.5/snappy-java-1.0.5.jar:/home/user/.m2/repository/org/apache/hadoop/hadoop-annotations/3.2.1/hadoop-annotations-3.2.1.jar:/usr/lib/jvm/java-1.8.0-openjdk-1.8.0.232.b09-0.el7_7.x86_64/jre/../lib/tools.jar:/home/user/.m2/repository/org/apache/hadoop/hadoop-distcp/3.2.1/hadoop-distcp-3.2.1-tests.jar:"/>
    <property name="sun.cpu.endian" value="little"/>
    <property name="user.home" value="/home/user"/>
    <property name="user.language" value="en"/>
    <property name="java.specification.vendor" value="Oracle Corporation"/>
    <property name="java.home" value="/usr/lib/jvm/java-1.8.0-openjdk-1.8.0.232.b09-0.el7_7.x86_64/jre"/>
    <property name="java.security.krb5.conf" value="/github/workspace/mnt/ozone/hadoop-ozone/integration-test/target/test-classes/krb5.conf"/>
    <property name="basedir" value="/github/workspace/mnt/ozone/hadoop-ozone/integration-test"/>
    <property name="file.separator" value="/"/>
    <property name="line.separator" value="&#10;"/>
    <property name="java.vm.specification.vendor" value="Oracle Corporation"/>
    <property name="java.specification.name" value="Java Platform API Specification"/>
    <property name="java.awt.graphicsenv" value="sun.awt.X11GraphicsEnvironment"/>
    <property name="skip.installnpx" value="true"/>
    <property name="surefire.real.class.path" value="/github/workspace/mnt/ozone/hadoop-ozone/integration-test/target/surefire/surefirebooter3547625848254589831.jar:/home/user/.m2/repository/org/jacoco/org.jacoco.agent/0.8.5/org.jacoco.agent-0.8.5-runtime.jar"/>
    <property name="hadoop.log.dir" value="/github/workspace/mnt/ozone/hadoop-ozone/integration-test/target/log"/>
    <property name="sun.boot.class.path" value="/usr/lib/jvm/java-1.8.0-openjdk-1.8.0.232.b09-0.el7_7.x86_64/jre/lib/resources.jar:/usr/lib/jvm/java-1.8.0-openjdk-1.8.0.232.b09-0.el7_7.x86_64/jre/lib/rt.jar:/usr/lib/jvm/java-1.8.0-openjdk-1.8.0.232.b09-0.el7_7.x86_64/jre/lib/sunrsasign.jar:/usr/lib/jvm/java-1.8.0-openjdk-1.8.0.232.b09-0.el7_7.x86_64/jre/lib/jsse.jar:/usr/lib/jvm/java-1.8.0-openjdk-1.8.0.232.b09-0.el7_7.x86_64/jre/lib/jce.jar:/usr/lib/jvm/java-1.8.0-openjdk-1.8.0.232.b09-0.el7_7.x86_64/jre/lib/charsets.jar:/usr/lib/jvm/java-1.8.0-openjdk-1.8.0.232.b09-0.el7_7.x86_64/jre/lib/jfr.jar:/usr/lib/jvm/java-1.8.0-openjdk-1.8.0.232.b09-0.el7_7.x86_64/jre/classes"/>
    <property name="sun.management.compiler" value="HotSpot 64-Bit Tiered Compilers"/>
    <property name="skip.npx" value="true"/>
    <property name="java.runtime.version" value="1.8.0_232-b09"/>
    <property name="java.net.preferIPv4Stack" value="true"/>
    <property name="user.name" value="jenkins1001"/>
    <property name="path.separator" value=":"/>
    <property name="java.security.egd" value="file:///dev/urandom"/>
    <property name="os.version" value="5.3.0-1031-azure"/>
    <property name="java.endorsed.dirs" value="/usr/lib/jvm/java-1.8.0-openjdk-1.8.0.232.b09-0.el7_7.x86_64/jre/lib/endorsed"/>
    <property name="java.runtime.name" value="OpenJDK Runtime Environment"/>
    <property name="file.encoding" value="ANSI_X3.4-1968"/>
    <property name="java.vm.name" value="OpenJDK 64-Bit Server VM"/>
    <property name="test.build.webapps" value=""/>
    <property name="localRepository" value="/home/user/.m2/repository"/>
    <property name="java.vendor.url.bug" value="http://bugreport.sun.com/bugreport/"/>
    <property name="java.io.tmpdir" value="/tmp"/>
    <property name="require.test.libhadoop" value=""/>
    <property name="java.version" value="1.8.0_232"/>
    <property name="user.dir" value="/github/workspace/mnt/ozone/hadoop-ozone/integration-test"/>
    <property name="os.arch" value="amd64"/>
    <property name="java.vm.specification.name" value="Java Virtual Machine Specification"/>
    <property name="test.build.classes" value="/github/workspace/mnt/ozone/hadoop-ozone/integration-test/target/test-classes"/>
    <property name="java.awt.printerjob" value="sun.print.PSPrinterJob"/>
    <property name="sun.os.patch.level" value="unknown"/>
    <property name="hadoop.tmp.dir" value="/github/workspace/mnt/ozone/hadoop-ozone/integration-test/target/tmp"/>
    <property name="java.library.path" value="/usr/lib:/usr/java/packages/lib/amd64:/usr/lib64:/lib64:/lib:/usr/lib"/>
    <property name="java.vm.info" value="mixed mode"/>
    <property name="java.vendor" value="Oracle Corporation"/>
    <property name="java.vm.version" value="25.232-b09"/>
    <property name="java.ext.dirs" value="/usr/lib/jvm/java-1.8.0-openjdk-1.8.0.232.b09-0.el7_7.x86_64/jre/lib/ext:/usr/java/packages/lib/ext"/>
    <property name="sun.io.unicode.encoding" value="UnicodeLittle"/>
    <property name="java.class.version" value="52.0"/>
  </properties>
  <testcase name="testDeleteKeyWithSlowFollower" classname="org.apache.hadoop.ozone.client.rpc.TestDeleteWithSlowFollower" time="0.147">
    <failure type="java.lang.AssertionError">java.lang.AssertionError
	at org.junit.Assert.fail(Assert.java:86)
	at org.junit.Assert.assertTrue(Assert.java:41)
	at org.junit.Assert.assertNotNull(Assert.java:621)
	at org.junit.Assert.assertNotNull(Assert.java:631)
	at org.apache.hadoop.ozone.client.rpc.TestDeleteWithSlowFollower.testDeleteKeyWithSlowFollower(TestDeleteWithSlowFollower.java:216)
	at sun.reflect.NativeMethodAccessorImpl.invoke0(Native Method)
	at sun.reflect.NativeMethodAccessorImpl.invoke(NativeMethodAccessorImpl.java:62)
	at sun.reflect.DelegatingMethodAccessorImpl.invoke(DelegatingMethodAccessorImpl.java:43)
	at java.lang.reflect.Method.invoke(Method.java:498)
	at org.junit.runners.model.FrameworkMethod$1.runReflectiveCall(FrameworkMethod.java:47)
	at org.junit.internal.runners.model.ReflectiveCallable.run(ReflectiveCallable.java:12)
	at org.junit.runners.model.FrameworkMethod.invokeExplosively(FrameworkMethod.java:44)
	at org.junit.internal.runners.statements.InvokeMethod.evaluate(InvokeMethod.java:17)
	at org.junit.runners.ParentRunner.runLeaf(ParentRunner.java:271)
	at org.junit.runners.BlockJUnit4ClassRunner.runChild(BlockJUnit4ClassRunner.java:70)
	at org.junit.runners.BlockJUnit4ClassRunner.runChild(BlockJUnit4ClassRunner.java:50)
	at org.junit.runners.ParentRunner$3.run(ParentRunner.java:238)
	at org.junit.runners.ParentRunner$1.schedule(ParentRunner.java:63)
	at org.junit.runners.ParentRunner.runChildren(ParentRunner.java:236)
	at org.junit.runners.ParentRunner.access$000(ParentRunner.java:53)
	at org.junit.runners.ParentRunner$2.evaluate(ParentRunner.java:229)
	at org.junit.internal.runners.statements.RunBefores.evaluate(RunBefores.java:26)
	at org.junit.internal.runners.statements.RunAfters.evaluate(RunAfters.java:27)
	at org.junit.runners.ParentRunner.run(ParentRunner.java:309)
	at org.apache.maven.surefire.junit4.JUnit4Provider.execute(JUnit4Provider.java:365)
	at org.apache.maven.surefire.junit4.JUnit4Provider.executeWithRerun(JUnit4Provider.java:273)
	at org.apache.maven.surefire.junit4.JUnit4Provider.executeTestSet(JUnit4Provider.java:238)
	at org.apache.maven.surefire.junit4.JUnit4Provider.invoke(JUnit4Provider.java:159)
	at org.apache.maven.surefire.booter.ForkedBooter.invokeProviderInSameClassLoader(ForkedBooter.java:384)
	at org.apache.maven.surefire.booter.ForkedBooter.runSuitesInProcess(ForkedBooter.java:345)
	at org.apache.maven.surefire.booter.ForkedBooter.execute(ForkedBooter.java:126)
	at org.apache.maven.surefire.booter.ForkedBooter.main(ForkedBooter.java:418)
</failure>
    <system-out><![CDATA[2020-07-14 01:24:36,479 [main] WARN  server.ServerUtils (ServerUtils.java:getScmDbDir(148)) - ozone.scm.db.dirs is not configured. We recommend adding this setting. Falling back to ozone.metadata.dirs instead.
2020-07-14 01:24:36,580 [main] WARN  server.ServerUtils (ServerUtils.java:getScmDbDir(148)) - ozone.scm.db.dirs is not configured. We recommend adding this setting. Falling back to ozone.metadata.dirs instead.
2020-07-14 01:24:36,730 [main] WARN  db.DBStoreBuilder (DBStoreBuilder.java:createDBStoreBuilder(277)) - ozone.scm.db.dirs is not configured. We recommend adding this setting. Falling back to ozone.metadata.dirs instead.
2020-07-14 01:24:36,883 [main] INFO  net.NodeSchemaLoader (NodeSchemaLoader.java:loadSchemaFromFile(126)) - Loading file from sun.misc.CompoundEnumeration@f9879ac
2020-07-14 01:24:36,885 [main] INFO  net.NodeSchemaLoader (NodeSchemaLoader.java:loadSchema(172)) - Loading network topology layer schema file
2020-07-14 01:24:36,962 [main] WARN  server.ServerUtils (ServerUtils.java:sanitizeUserArgs(73)) - ozone.scm.stale.node.interval value = 1000000 is larger than max = 100000 based on the key value of ozone.scm.heartbeat.thread.interval, reset to the max value 100000.
2020-07-14 01:24:36,963 [main] WARN  server.ServerUtils (ServerUtils.java:sanitizeUserArgs(73)) - ozone.scm.stale.node.interval value = 1000000 is larger than max = 100000 based on the key value of ozone.scm.heartbeat.thread.interval, reset to the max value 100000.
2020-07-14 01:24:36,966 [main] INFO  node.SCMNodeManager (SCMNodeManager.java:<init>(116)) - Entering startup safe mode.
2020-07-14 01:24:37,129 [main] INFO  algorithms.ContainerPlacementPolicyFactory (ContainerPlacementPolicyFactory.java:getPolicy(60)) - Create container placement policy of type org.apache.hadoop.hdds.scm.container.placement.algorithms.SCMContainerPlacementRandom
2020-07-14 01:24:37,161 [main] INFO  pipeline.SCMPipelineManager (SCMPipelineManager.java:initializePipelineState(158)) - No pipeline exists in current db
2020-07-14 01:24:37,258 [main] INFO  safemode.HealthyPipelineSafeModeRule (HealthyPipelineSafeModeRule.java:<init>(89)) - Total pipeline count is 0, healthy pipeline threshold count is 0
2020-07-14 01:24:37,263 [main] INFO  safemode.OneReplicaPipelineSafeModeRule (OneReplicaPipelineSafeModeRule.java:<init>(79)) - Total pipeline count is 0, pipeline's with at least one datanode reported threshold count is 0
2020-07-14 01:24:37,305 [RatisPipelineUtilsThread] ERROR pipeline.SCMPipelineManager (SCMPipelineManager.java:createPipeline(222)) - Failed to create pipeline of type RATIS and factor ONE. Exception: Cannot create pipeline of factor 1 using 0 nodes. Used 0 nodes. Healthy nodes 0
2020-07-14 01:24:37,614 [main] INFO  ipc.CallQueueManager (CallQueueManager.java:<init>(84)) - Using callQueue: class java.util.concurrent.LinkedBlockingQueue, queueCapacity: 2000, scheduler: class org.apache.hadoop.ipc.DefaultRpcScheduler, ipcBackoff: false.
2020-07-14 01:24:37,636 [Socket Reader #1 for port 0] INFO  ipc.Server (Server.java:run(1219)) - Starting Socket Reader #1 for port 0
2020-07-14 01:24:37,661 [Listener at 0.0.0.0/33973] INFO  ipc.CallQueueManager (CallQueueManager.java:<init>(84)) - Using callQueue: class java.util.concurrent.LinkedBlockingQueue, queueCapacity: 2000, scheduler: class org.apache.hadoop.ipc.DefaultRpcScheduler, ipcBackoff: false.
2020-07-14 01:24:37,663 [Socket Reader #1 for port 0] INFO  ipc.Server (Server.java:run(1219)) - Starting Socket Reader #1 for port 0
2020-07-14 01:24:37,675 [Listener at 0.0.0.0/38219] INFO  ipc.CallQueueManager (CallQueueManager.java:<init>(84)) - Using callQueue: class java.util.concurrent.LinkedBlockingQueue, queueCapacity: 2000, scheduler: class org.apache.hadoop.ipc.DefaultRpcScheduler, ipcBackoff: false.
2020-07-14 01:24:37,676 [Socket Reader #1 for port 0] INFO  ipc.Server (Server.java:run(1219)) - Starting Socket Reader #1 for port 0
2020-07-14 01:24:37,698 [Listener at 0.0.0.0/33771] INFO  http.BaseHttpServer (BaseHttpServer.java:newHttpServer2BuilderForOzone(207)) - Starting Web-server for scm at: http://0.0.0.0:0
2020-07-14 01:24:37,698 [Listener at 0.0.0.0/33771] INFO  http.BaseHttpServer (BaseHttpServer.java:<init>(106)) - Hadoop Security Enabled: false Ozone Security Enabled: false Ozone HTTP Security Enabled: false 
2020-07-14 01:24:37,735 [Listener at 0.0.0.0/33771] INFO  util.log (Log.java:initialized(169)) - Logging initialized @2284ms to org.eclipse.jetty.util.log.Slf4jLog
2020-07-14 01:24:37,865 [Listener at 0.0.0.0/33771] INFO  server.AuthenticationFilter (AuthenticationFilter.java:constructSecretProvider(240)) - Unable to initialize FileSignerSecretProvider, falling back to use random secrets.
2020-07-14 01:24:37,880 [Listener at 0.0.0.0/33771] WARN  http.HttpRequestLog (HttpRequestLog.java:getRequestLog(103)) - Jetty request log can only be enabled using Log4j
2020-07-14 01:24:37,884 [Listener at 0.0.0.0/33771] INFO  http.HttpServer2 (HttpServer2.java:addGlobalFilter(998)) - Added global filter 'safety' (class=org.apache.hadoop.hdds.server.http.HttpServer2$QuotingInputFilter)
2020-07-14 01:24:37,886 [Listener at 0.0.0.0/33771] INFO  http.HttpServer2 (HttpServer2.java:addFilter(974)) - Added filter static_user_filter (class=org.apache.hadoop.http.lib.StaticUserWebFilter$StaticUserFilter) to context scm
2020-07-14 01:24:37,886 [Listener at 0.0.0.0/33771] INFO  http.HttpServer2 (HttpServer2.java:addFilter(982)) - Added filter static_user_filter (class=org.apache.hadoop.http.lib.StaticUserWebFilter$StaticUserFilter) to context static
2020-07-14 01:24:37,887 [Listener at 0.0.0.0/33771] INFO  http.HttpServer2 (HttpServer2.java:addFilter(982)) - Added filter static_user_filter (class=org.apache.hadoop.http.lib.StaticUserWebFilter$StaticUserFilter) to context logs
2020-07-14 01:24:37,927 [Listener at 0.0.0.0/33771] INFO  server.StorageContainerManager (StorageContainerManager.java:start(784)) - StorageContainerLocationProtocol RPC server is listening at /0.0.0.0:33771
2020-07-14 01:24:37,973 [Listener at 0.0.0.0/33771] WARN  impl.MetricsConfig (MetricsConfig.java:loadFirst(134)) - Cannot locate configuration: tried hadoop-metrics2-storagecontainermanager.properties,hadoop-metrics2.properties
2020-07-14 01:24:37,985 [Listener at 0.0.0.0/33771] INFO  impl.MetricsSystemImpl (MetricsSystemImpl.java:startTimer(374)) - Scheduled Metric snapshot period at 10 second(s).
2020-07-14 01:24:37,986 [Listener at 0.0.0.0/33771] INFO  impl.MetricsSystemImpl (MetricsSystemImpl.java:start(191)) - StorageContainerManager metrics system started
2020-07-14 01:24:38,215 [Listener at 0.0.0.0/33771] INFO  server.SCMClientProtocolServer (SCMClientProtocolServer.java:start(156)) - RPC server for Client  is listening at /0.0.0.0:33771
2020-07-14 01:24:38,216 [IPC Server Responder] INFO  ipc.Server (Server.java:run(1460)) - IPC Server Responder: starting
2020-07-14 01:24:38,217 [IPC Server listener on 0] INFO  ipc.Server (Server.java:run(1298)) - IPC Server listener on 0: starting
2020-07-14 01:24:38,225 [Listener at 0.0.0.0/33771] INFO  server.StorageContainerManager (StorageContainerManager.java:start(796)) - ScmBlockLocationProtocol RPC server is listening at /0.0.0.0:38219
2020-07-14 01:24:38,226 [Listener at 0.0.0.0/33771] INFO  server.SCMBlockProtocolServer (SCMBlockProtocolServer.java:start(149)) - RPC server for Block Protocol is listening at /0.0.0.0:38219
2020-07-14 01:24:38,226 [IPC Server Responder] INFO  ipc.Server (Server.java:run(1460)) - IPC Server Responder: starting
2020-07-14 01:24:38,226 [IPC Server listener on 0] INFO  ipc.Server (Server.java:run(1298)) - IPC Server listener on 0: starting
2020-07-14 01:24:38,230 [Listener at 0.0.0.0/33771] INFO  server.StorageContainerManager (StorageContainerManager.java:start(802)) - ScmDatanodeProtocl RPC server is listening at /0.0.0.0:33973
2020-07-14 01:24:38,230 [Listener at 0.0.0.0/33771] INFO  server.SCMDatanodeProtocolServer (SCMDatanodeProtocolServer.java:start(172)) - RPC server for DataNodes is listening at /0.0.0.0:33973
2020-07-14 01:24:38,231 [IPC Server Responder] INFO  ipc.Server (Server.java:run(1460)) - IPC Server Responder: starting
2020-07-14 01:24:38,231 [IPC Server listener on 0] INFO  ipc.Server (Server.java:run(1298)) - IPC Server listener on 0: starting
2020-07-14 01:24:38,237 [Listener at 0.0.0.0/33771] INFO  http.HttpServer2 (HttpServer2.java:bindListener(1216)) - Jetty bound to port 42557
2020-07-14 01:24:38,239 [Listener at 0.0.0.0/33771] INFO  server.Server (Server.java:doStart(359)) - jetty-9.4.26.v20200117; built: 2020-01-17T12:35:33.676Z; git: 7b38981d25d14afb4a12ff1f2596756144edf695; jvm 1.8.0_232-b09
2020-07-14 01:24:38,264 [Listener at 0.0.0.0/33771] INFO  server.session (DefaultSessionIdManager.java:doStart(333)) - DefaultSessionIdManager workerName=node0
2020-07-14 01:24:38,265 [Listener at 0.0.0.0/33771] INFO  server.session (DefaultSessionIdManager.java:doStart(338)) - No SessionScavenger set, using defaults
2020-07-14 01:24:38,266 [Listener at 0.0.0.0/33771] INFO  server.session (HouseKeeper.java:startScavenging(140)) - node0 Scavenging every 600000ms
2020-07-14 01:24:38,278 [Listener at 0.0.0.0/33771] INFO  handler.ContextHandler (ContextHandler.java:doStart(825)) - Started o.e.j.s.ServletContextHandler@32d418a9{logs,/logs,file:///github/workspace/mnt/ozone/hadoop-ozone/integration-test/target/log,AVAILABLE}
2020-07-14 01:24:38,278 [Listener at 0.0.0.0/33771] INFO  handler.ContextHandler (ContextHandler.java:doStart(825)) - Started o.e.j.s.ServletContextHandler@45e6d1e0{static,/static,file:///github/workspace/mnt/ozone/hadoop-ozone/integration-test/target/test-classes/webapps/static,AVAILABLE}
2020-07-14 01:24:38,314 [Listener at 0.0.0.0/33771] INFO  handler.ContextHandler (ContextHandler.java:doStart(825)) - Started o.e.j.w.WebAppContext@5a14e60d{scm,/,file:///github/workspace/mnt/ozone/hadoop-ozone/integration-test/target/test-classes/webapps/scm/,AVAILABLE}{file:/github/workspace/mnt/ozone/hadoop-ozone/integration-test/target/test-classes/webapps/scm}
2020-07-14 01:24:38,320 [Listener at 0.0.0.0/33771] INFO  server.AbstractConnector (AbstractConnector.java:doStart(330)) - Started ServerConnector@e700eba{HTTP/1.1,[http/1.1]}{0.0.0.0:42557}
2020-07-14 01:24:38,320 [Listener at 0.0.0.0/33771] INFO  server.Server (Server.java:doStart(399)) - Started @2870ms
2020-07-14 01:24:38,324 [Listener at 0.0.0.0/33771] INFO  impl.MetricsSinkAdapter (MetricsSinkAdapter.java:start(204)) - Sink prometheus started
2020-07-14 01:24:38,324 [Listener at 0.0.0.0/33771] INFO  impl.MetricsSystemImpl (MetricsSystemImpl.java:registerSink(301)) - Registered sink prometheus
2020-07-14 01:24:38,328 [Listener at 0.0.0.0/33771] INFO  http.BaseHttpServer (BaseHttpServer.java:updateConnectorAddress(327)) - HTTP server of scm listening at http://0.0.0.0:42557
2020-07-14 01:24:38,336 [Listener at 0.0.0.0/33771] WARN  server.ServerUtils (ServerUtils.java:getDBPath(225)) - ozone.om.db.dirs is not configured. We recommend adding this setting. Falling back to ozone.metadata.dirs instead.
2020-07-14 01:24:38,338 [org.apache.hadoop.util.JvmPauseMonitor$Monitor@1c98b4eb] INFO  util.JvmPauseMonitor (JvmPauseMonitor.java:run(188)) - Starting JVM pause monitor
2020-07-14 01:24:38,427 [Listener at 0.0.0.0/33771] INFO  ha.OMHANodeDetails (OMHANodeDetails.java:loadOMHAConfig(104)) - ozone.om.internal.service.id is not defined, falling back to ozone.om.service.ids to find serviceID for OzoneManager if it is HA enabled cluster
2020-07-14 01:24:38,429 [Listener at 0.0.0.0/33771] INFO  ha.OMHANodeDetails (OMHANodeDetails.java:loadOMHAConfig(213)) - Configuration either no ozone.om.address set. Falling back to the default OM address /127.0.0.1:0
2020-07-14 01:24:38,430 [Listener at 0.0.0.0/33771] INFO  ha.OMHANodeDetails (OMHANodeDetails.java:getOMNodeDetails(241)) - OM Service ID is not set. Setting it to the default ID: omServiceIdDefault
2020-07-14 01:24:38,431 [Listener at 0.0.0.0/33771] WARN  server.ServerUtils (ServerUtils.java:getDBPath(225)) - ozone.om.db.dirs is not configured. We recommend adding this setting. Falling back to ozone.metadata.dirs instead.
2020-07-14 01:24:38,432 [Listener at 0.0.0.0/33771] WARN  server.ServerUtils (ServerUtils.java:getDBPath(225)) - ozone.om.db.dirs is not configured. We recommend adding this setting. Falling back to ozone.metadata.dirs instead.
2020-07-14 01:24:39,089 [Listener at 0.0.0.0/33771] WARN  server.ServerUtils (ServerUtils.java:getDBPath(225)) - ozone.om.db.dirs is not configured. We recommend adding this setting. Falling back to ozone.metadata.dirs instead.
2020-07-14 01:24:39,205 [Listener at 0.0.0.0/33771] INFO  ipc.CallQueueManager (CallQueueManager.java:<init>(84)) - Using callQueue: class java.util.concurrent.LinkedBlockingQueue, queueCapacity: 2000, scheduler: class org.apache.hadoop.ipc.DefaultRpcScheduler, ipcBackoff: false.
2020-07-14 01:24:39,208 [Socket Reader #1 for port 0] INFO  ipc.Server (Server.java:run(1219)) - Starting Socket Reader #1 for port 0
2020-07-14 01:24:39,232 [Listener at 127.0.0.1/42259] INFO  impl.MetricsSystemImpl (MetricsSystemImpl.java:init(158)) - OzoneManager metrics system started (again)
2020-07-14 01:24:39,234 [Listener at 127.0.0.1/42259] INFO  om.OzoneManager (OzoneManager.java:start(1085)) - OzoneManager RPC server is listening at localhost/127.0.0.1:42259
2020-07-14 01:24:39,250 [IPC Server Responder] INFO  ipc.Server (Server.java:run(1460)) - IPC Server Responder: starting
2020-07-14 01:24:39,251 [IPC Server listener on 0] INFO  ipc.Server (Server.java:run(1298)) - IPC Server listener on 0: starting
2020-07-14 01:24:39,266 [Listener at 127.0.0.1/42259] INFO  http.BaseHttpServer (BaseHttpServer.java:newHttpServer2BuilderForOzone(207)) - Starting Web-server for ozoneManager at: http://0.0.0.0:0
2020-07-14 01:24:39,267 [Listener at 127.0.0.1/42259] INFO  http.BaseHttpServer (BaseHttpServer.java:<init>(106)) - Hadoop Security Enabled: false Ozone Security Enabled: false Ozone HTTP Security Enabled: false 
2020-07-14 01:24:39,268 [Listener at 127.0.0.1/42259] INFO  server.AuthenticationFilter (AuthenticationFilter.java:constructSecretProvider(240)) - Unable to initialize FileSignerSecretProvider, falling back to use random secrets.
2020-07-14 01:24:39,269 [Listener at 127.0.0.1/42259] WARN  http.HttpRequestLog (HttpRequestLog.java:getRequestLog(103)) - Jetty request log can only be enabled using Log4j
2020-07-14 01:24:39,270 [Listener at 127.0.0.1/42259] INFO  http.HttpServer2 (HttpServer2.java:addGlobalFilter(998)) - Added global filter 'safety' (class=org.apache.hadoop.hdds.server.http.HttpServer2$QuotingInputFilter)
2020-07-14 01:24:39,271 [Listener at 127.0.0.1/42259] INFO  http.HttpServer2 (HttpServer2.java:addFilter(974)) - Added filter static_user_filter (class=org.apache.hadoop.http.lib.StaticUserWebFilter$StaticUserFilter) to context ozoneManager
2020-07-14 01:24:39,271 [Listener at 127.0.0.1/42259] INFO  http.HttpServer2 (HttpServer2.java:addFilter(982)) - Added filter static_user_filter (class=org.apache.hadoop.http.lib.StaticUserWebFilter$StaticUserFilter) to context logs
2020-07-14 01:24:39,271 [Listener at 127.0.0.1/42259] INFO  http.HttpServer2 (HttpServer2.java:addFilter(982)) - Added filter static_user_filter (class=org.apache.hadoop.http.lib.StaticUserWebFilter$StaticUserFilter) to context static
2020-07-14 01:24:39,274 [Listener at 127.0.0.1/42259] INFO  http.HttpServer2 (HttpServer2.java:bindListener(1216)) - Jetty bound to port 35263
2020-07-14 01:24:39,274 [Listener at 127.0.0.1/42259] INFO  server.Server (Server.java:doStart(359)) - jetty-9.4.26.v20200117; built: 2020-01-17T12:35:33.676Z; git: 7b38981d25d14afb4a12ff1f2596756144edf695; jvm 1.8.0_232-b09
2020-07-14 01:24:39,276 [Listener at 127.0.0.1/42259] INFO  server.session (DefaultSessionIdManager.java:doStart(333)) - DefaultSessionIdManager workerName=node0
2020-07-14 01:24:39,276 [Listener at 127.0.0.1/42259] INFO  server.session (DefaultSessionIdManager.java:doStart(338)) - No SessionScavenger set, using defaults
2020-07-14 01:24:39,276 [Listener at 127.0.0.1/42259] INFO  server.session (HouseKeeper.java:startScavenging(140)) - node0 Scavenging every 660000ms
2020-07-14 01:24:39,278 [Listener at 127.0.0.1/42259] INFO  handler.ContextHandler (ContextHandler.java:doStart(825)) - Started o.e.j.s.ServletContextHandler@6a0ee80{logs,/logs,file:///github/workspace/mnt/ozone/hadoop-ozone/integration-test/target/log,AVAILABLE}
2020-07-14 01:24:39,278 [Listener at 127.0.0.1/42259] INFO  handler.ContextHandler (ContextHandler.java:doStart(825)) - Started o.e.j.s.ServletContextHandler@25c16cf7{static,/static,file:///github/workspace/mnt/ozone/hadoop-ozone/integration-test/target/test-classes/webapps/static,AVAILABLE}
2020-07-14 01:24:39,282 [Listener at 127.0.0.1/42259] INFO  handler.ContextHandler (ContextHandler.java:doStart(825)) - Started o.e.j.w.WebAppContext@14fe085b{ozoneManager,/,file:///github/workspace/mnt/ozone/hadoop-ozone/integration-test/target/test-classes/webapps/ozoneManager/,AVAILABLE}{file:/github/workspace/mnt/ozone/hadoop-ozone/integration-test/target/test-classes/webapps/ozoneManager}
2020-07-14 01:24:39,283 [Listener at 127.0.0.1/42259] INFO  server.AbstractConnector (AbstractConnector.java:doStart(330)) - Started ServerConnector@55202ba6{HTTP/1.1,[http/1.1]}{0.0.0.0:35263}
2020-07-14 01:24:39,284 [Listener at 127.0.0.1/42259] INFO  server.Server (Server.java:doStart(399)) - Started @3833ms
2020-07-14 01:24:39,284 [Listener at 127.0.0.1/42259] WARN  impl.MetricsSystemImpl (MetricsSystemImpl.java:register(276)) - Sink prometheus already exists!
2020-07-14 01:24:39,287 [Listener at 127.0.0.1/42259] INFO  http.BaseHttpServer (BaseHttpServer.java:updateConnectorAddress(327)) - HTTP server of ozoneManager listening at http://0.0.0.0:35263
2020-07-14 01:24:39,300 [org.apache.hadoop.util.JvmPauseMonitor$Monitor@2ae88712] INFO  util.JvmPauseMonitor (JvmPauseMonitor.java:run(188)) - Starting JVM pause monitor
2020-07-14 01:24:39,397 [Listener at 127.0.0.1/42259] INFO  metrics.MetricRegistries (MetricRegistriesLoader.java:load(64)) - Loaded MetricRegistries class org.apache.ratis.metrics.impl.MetricRegistriesImpl
2020-07-14 01:24:39,398 [Listener at 127.0.0.1/42259] INFO  impl.MetricsSystemImpl (MetricsSystemImpl.java:init(158)) - HddsDatanode metrics system started (again)
2020-07-14 01:24:39,402 [Listener at 127.0.0.1/42259] INFO  ozone.HddsDatanodeService (HddsDatanodeService.java:start(197)) - HddsDatanodeService host:12942b6ca6eb ip:172.17.0.2
2020-07-14 01:24:39,457 [Listener at 127.0.0.1/42259] INFO  volume.HddsVolume (HddsVolume.java:<init>(176)) - Creating Volume: /github/workspace/mnt/ozone/hadoop-ozone/integration-test/target/test-dir/MiniOzoneClusterImpl-31a00113-e241-4501-9bb7-5ef6f7363805/datanode-0/data-0/containers/hdds of storage type : DISK and capacity : 9223372036854775807
2020-07-14 01:24:39,459 [Listener at 127.0.0.1/42259] INFO  volume.MutableVolumeSet (MutableVolumeSet.java:initializeVolumeSet(181)) - Added Volume : /github/workspace/mnt/ozone/hadoop-ozone/integration-test/target/test-dir/MiniOzoneClusterImpl-31a00113-e241-4501-9bb7-5ef6f7363805/datanode-0/data-0/containers/hdds to VolumeSet
2020-07-14 01:24:39,463 [Listener at 127.0.0.1/42259] INFO  volume.ThrottledAsyncChecker (ThrottledAsyncChecker.java:schedule(141)) - Scheduling a check for /github/workspace/mnt/ozone/hadoop-ozone/integration-test/target/test-dir/MiniOzoneClusterImpl-31a00113-e241-4501-9bb7-5ef6f7363805/datanode-0/data-0/containers/hdds
2020-07-14 01:24:39,486 [Listener at 127.0.0.1/42259] INFO  volume.HddsVolumeChecker (HddsVolumeChecker.java:checkAllVolumes(200)) - Scheduled health check for volume /github/workspace/mnt/ozone/hadoop-ozone/integration-test/target/test-dir/MiniOzoneClusterImpl-31a00113-e241-4501-9bb7-5ef6f7363805/datanode-0/data-0/containers/hdds
2020-07-14 01:24:39,635 [Listener at 127.0.0.1/42259] INFO  impl.RaftServerProxy (ConfUtils.java:logGet(44)) - raft.rpc.type = GRPC (default)
2020-07-14 01:24:39,699 [Listener at 127.0.0.1/42259] INFO  grpc.GrpcFactory (GrpcFactory.java:checkPooledByteBufAllocatorUseCacheForAllThreads(45)) - PERFORMANCE WARNING: useCacheForAllThreads is true that may cause Netty to create a lot garbage objects and, as a result, trigger GC.
	It is recommended to disable useCacheForAllThreads by setting -Dorg.apache.ratis.thirdparty.io.netty.allocator.useCacheForAllThreads=false in command line.
2020-07-14 01:24:39,703 [Listener at 127.0.0.1/42259] INFO  grpc.GrpcConfigKeys (ConfUtils.java:logGet(44)) - raft.grpc.server.port = 0 (default)
2020-07-14 01:24:39,704 [Listener at 127.0.0.1/42259] INFO  server.GrpcService (ConfUtils.java:logGet(44)) - raft.grpc.message.size.max = 32MB (=33554432) (custom)
2020-07-14 01:24:39,705 [Listener at 127.0.0.1/42259] INFO  server.RaftServerConfigKeys (ConfUtils.java:logGet(44)) - raft.server.log.appender.buffer.byte-limit = 33554432 (custom)
2020-07-14 01:24:39,705 [Listener at 127.0.0.1/42259] INFO  server.GrpcService (ConfUtils.java:logGet(44)) - raft.grpc.flow.control.window = 5MB (=5242880) (custom)
2020-07-14 01:24:39,706 [Listener at 127.0.0.1/42259] INFO  server.RaftServerConfigKeys (ConfUtils.java:logGet(44)) - raft.server.rpc.request.timeout = 3000ms (default)
2020-07-14 01:24:39,881 [Listener at 127.0.0.1/42259] INFO  server.RaftServerConfigKeys (ConfUtils.java:logGet(44)) - raft.server.storage.dir = [/github/workspace/mnt/ozone/hadoop-ozone/integration-test/target/test-dir/MiniOzoneClusterImpl-31a00113-e241-4501-9bb7-5ef6f7363805/datanode-0/data/ratis] (custom)
2020-07-14 01:24:39,973 [Listener at 127.0.0.1/42259] INFO  http.BaseHttpServer (BaseHttpServer.java:newHttpServer2BuilderForOzone(207)) - Starting Web-server for hddsDatanode at: http://0.0.0.0:0
2020-07-14 01:24:39,974 [Listener at 127.0.0.1/42259] INFO  http.BaseHttpServer (BaseHttpServer.java:<init>(106)) - Hadoop Security Enabled: false Ozone Security Enabled: false Ozone HTTP Security Enabled: false 
2020-07-14 01:24:39,975 [Listener at 127.0.0.1/42259] INFO  server.AuthenticationFilter (AuthenticationFilter.java:constructSecretProvider(240)) - Unable to initialize FileSignerSecretProvider, falling back to use random secrets.
2020-07-14 01:24:39,975 [Listener at 127.0.0.1/42259] WARN  http.HttpRequestLog (HttpRequestLog.java:getRequestLog(103)) - Jetty request log can only be enabled using Log4j
2020-07-14 01:24:39,976 [Listener at 127.0.0.1/42259] INFO  http.HttpServer2 (HttpServer2.java:addGlobalFilter(998)) - Added global filter 'safety' (class=org.apache.hadoop.hdds.server.http.HttpServer2$QuotingInputFilter)
2020-07-14 01:24:39,977 [Listener at 127.0.0.1/42259] INFO  http.HttpServer2 (HttpServer2.java:addFilter(974)) - Added filter static_user_filter (class=org.apache.hadoop.http.lib.StaticUserWebFilter$StaticUserFilter) to context hddsDatanode
2020-07-14 01:24:39,977 [Listener at 127.0.0.1/42259] INFO  http.HttpServer2 (HttpServer2.java:addFilter(982)) - Added filter static_user_filter (class=org.apache.hadoop.http.lib.StaticUserWebFilter$StaticUserFilter) to context logs
2020-07-14 01:24:39,978 [Listener at 127.0.0.1/42259] INFO  http.HttpServer2 (HttpServer2.java:addFilter(982)) - Added filter static_user_filter (class=org.apache.hadoop.http.lib.StaticUserWebFilter$StaticUserFilter) to context static
2020-07-14 01:24:39,978 [Listener at 127.0.0.1/42259] INFO  http.HttpServer2 (HttpServer2.java:bindListener(1216)) - Jetty bound to port 37661
2020-07-14 01:24:39,978 [Listener at 127.0.0.1/42259] INFO  server.Server (Server.java:doStart(359)) - jetty-9.4.26.v20200117; built: 2020-01-17T12:35:33.676Z; git: 7b38981d25d14afb4a12ff1f2596756144edf695; jvm 1.8.0_232-b09
2020-07-14 01:24:39,985 [Listener at 127.0.0.1/42259] INFO  server.session (DefaultSessionIdManager.java:doStart(333)) - DefaultSessionIdManager workerName=node0
2020-07-14 01:24:39,985 [Listener at 127.0.0.1/42259] INFO  server.session (DefaultSessionIdManager.java:doStart(338)) - No SessionScavenger set, using defaults
2020-07-14 01:24:39,985 [Listener at 127.0.0.1/42259] INFO  server.session (HouseKeeper.java:startScavenging(140)) - node0 Scavenging every 600000ms
2020-07-14 01:24:39,986 [Listener at 127.0.0.1/42259] INFO  handler.ContextHandler (ContextHandler.java:doStart(825)) - Started o.e.j.s.ServletContextHandler@23973547{logs,/logs,file:///github/workspace/mnt/ozone/hadoop-ozone/integration-test/target/log,AVAILABLE}
2020-07-14 01:24:39,986 [Listener at 127.0.0.1/42259] INFO  handler.ContextHandler (ContextHandler.java:doStart(825)) - Started o.e.j.s.ServletContextHandler@7b6558aa{static,/static,jar:file:/home/user/.m2/repository/org/apache/hadoop/hadoop-hdds-container-service/0.6.0-SNAPSHOT/hadoop-hdds-container-service-0.6.0-SNAPSHOT.jar!/webapps/static,AVAILABLE}
2020-07-14 01:24:40,005 [Listener at 127.0.0.1/42259] INFO  handler.ContextHandler (ContextHandler.java:doStart(825)) - Started o.e.j.w.WebAppContext@3a8cc099{hddsDatanode,/,file:///tmp/jetty-0_0_0_0-37661-hadoop-hdds-container-service-0_6_0-SNAPSHOT_jar-_-any-2024445466939921325.dir/webapp/,AVAILABLE}{jar:file:/home/user/.m2/repository/org/apache/hadoop/hadoop-hdds-container-service/0.6.0-SNAPSHOT/hadoop-hdds-container-service-0.6.0-SNAPSHOT.jar!/webapps/hddsDatanode}
2020-07-14 01:24:40,007 [Listener at 127.0.0.1/42259] INFO  server.AbstractConnector (AbstractConnector.java:doStart(330)) - Started ServerConnector@15f3f9cf{HTTP/1.1,[http/1.1]}{0.0.0.0:37661}
2020-07-14 01:24:40,007 [Listener at 127.0.0.1/42259] INFO  server.Server (Server.java:doStart(399)) - Started @4557ms
2020-07-14 01:24:40,007 [Listener at 127.0.0.1/42259] WARN  impl.MetricsSystemImpl (MetricsSystemImpl.java:register(276)) - Sink prometheus already exists!
2020-07-14 01:24:40,010 [Listener at 127.0.0.1/42259] INFO  http.BaseHttpServer (BaseHttpServer.java:updateConnectorAddress(327)) - HTTP server of hddsDatanode listening at http://0.0.0.0:37661
2020-07-14 01:24:40,010 [Listener at 127.0.0.1/42259] INFO  impl.MetricsSystemImpl (MetricsSystemImpl.java:init(158)) - HddsDatanode metrics system started (again)
2020-07-14 01:24:40,012 [Listener at 127.0.0.1/42259] INFO  ozone.HddsDatanodeService (HddsDatanodeService.java:start(197)) - HddsDatanodeService host:12942b6ca6eb ip:172.17.0.2
2020-07-14 01:24:40,014 [Listener at 127.0.0.1/42259] INFO  volume.HddsVolume (HddsVolume.java:<init>(176)) - Creating Volume: /github/workspace/mnt/ozone/hadoop-ozone/integration-test/target/test-dir/MiniOzoneClusterImpl-31a00113-e241-4501-9bb7-5ef6f7363805/datanode-1/data-0/containers/hdds of storage type : DISK and capacity : 9223372036854775807
2020-07-14 01:24:40,014 [Listener at 127.0.0.1/42259] INFO  volume.MutableVolumeSet (MutableVolumeSet.java:initializeVolumeSet(181)) - Added Volume : /github/workspace/mnt/ozone/hadoop-ozone/integration-test/target/test-dir/MiniOzoneClusterImpl-31a00113-e241-4501-9bb7-5ef6f7363805/datanode-1/data-0/containers/hdds to VolumeSet
2020-07-14 01:24:40,014 [Listener at 127.0.0.1/42259] INFO  volume.ThrottledAsyncChecker (ThrottledAsyncChecker.java:schedule(141)) - Scheduling a check for /github/workspace/mnt/ozone/hadoop-ozone/integration-test/target/test-dir/MiniOzoneClusterImpl-31a00113-e241-4501-9bb7-5ef6f7363805/datanode-1/data-0/containers/hdds
2020-07-14 01:24:40,015 [Listener at 127.0.0.1/42259] INFO  volume.HddsVolumeChecker (HddsVolumeChecker.java:checkAllVolumes(200)) - Scheduled health check for volume /github/workspace/mnt/ozone/hadoop-ozone/integration-test/target/test-dir/MiniOzoneClusterImpl-31a00113-e241-4501-9bb7-5ef6f7363805/datanode-1/data-0/containers/hdds
2020-07-14 01:24:40,031 [org.apache.hadoop.util.JvmPauseMonitor$Monitor@535a38c7] INFO  util.JvmPauseMonitor (JvmPauseMonitor.java:run(188)) - Starting JVM pause monitor
2020-07-14 01:24:40,055 [Listener at 127.0.0.1/42259] INFO  impl.RaftServerProxy (ConfUtils.java:logGet(44)) - raft.rpc.type = GRPC (default)
2020-07-14 01:24:40,055 [Listener at 127.0.0.1/42259] INFO  grpc.GrpcFactory (GrpcFactory.java:checkPooledByteBufAllocatorUseCacheForAllThreads(45)) - PERFORMANCE WARNING: useCacheForAllThreads is true that may cause Netty to create a lot garbage objects and, as a result, trigger GC.
	It is recommended to disable useCacheForAllThreads by setting -Dorg.apache.ratis.thirdparty.io.netty.allocator.useCacheForAllThreads=false in command line.
2020-07-14 01:24:40,056 [Listener at 127.0.0.1/42259] INFO  grpc.GrpcConfigKeys (ConfUtils.java:logGet(44)) - raft.grpc.server.port = 0 (default)
2020-07-14 01:24:40,056 [Listener at 127.0.0.1/42259] INFO  server.GrpcService (ConfUtils.java:logGet(44)) - raft.grpc.message.size.max = 32MB (=33554432) (custom)
2020-07-14 01:24:40,056 [Listener at 127.0.0.1/42259] INFO  server.RaftServerConfigKeys (ConfUtils.java:logGet(44)) - raft.server.log.appender.buffer.byte-limit = 33554432 (custom)
2020-07-14 01:24:40,056 [Listener at 127.0.0.1/42259] INFO  server.GrpcService (ConfUtils.java:logGet(44)) - raft.grpc.flow.control.window = 5MB (=5242880) (custom)
2020-07-14 01:24:40,057 [Listener at 127.0.0.1/42259] INFO  server.RaftServerConfigKeys (ConfUtils.java:logGet(44)) - raft.server.rpc.request.timeout = 3000ms (default)
2020-07-14 01:24:40,058 [Listener at 127.0.0.1/42259] INFO  server.RaftServerConfigKeys (ConfUtils.java:logGet(44)) - raft.server.storage.dir = [/github/workspace/mnt/ozone/hadoop-ozone/integration-test/target/test-dir/MiniOzoneClusterImpl-31a00113-e241-4501-9bb7-5ef6f7363805/datanode-1/data/ratis] (custom)
2020-07-14 01:24:40,071 [Listener at 127.0.0.1/42259] INFO  http.BaseHttpServer (BaseHttpServer.java:newHttpServer2BuilderForOzone(207)) - Starting Web-server for hddsDatanode at: http://0.0.0.0:0
2020-07-14 01:24:40,071 [Listener at 127.0.0.1/42259] INFO  http.BaseHttpServer (BaseHttpServer.java:<init>(106)) - Hadoop Security Enabled: false Ozone Security Enabled: false Ozone HTTP Security Enabled: false 
2020-07-14 01:24:40,073 [Listener at 127.0.0.1/42259] INFO  server.AuthenticationFilter (AuthenticationFilter.java:constructSecretProvider(240)) - Unable to initialize FileSignerSecretProvider, falling back to use random secrets.
2020-07-14 01:24:40,084 [Listener at 127.0.0.1/42259] WARN  http.HttpRequestLog (HttpRequestLog.java:getRequestLog(103)) - Jetty request log can only be enabled using Log4j
2020-07-14 01:24:40,085 [Listener at 127.0.0.1/42259] INFO  http.HttpServer2 (HttpServer2.java:addGlobalFilter(998)) - Added global filter 'safety' (class=org.apache.hadoop.hdds.server.http.HttpServer2$QuotingInputFilter)
2020-07-14 01:24:40,086 [Listener at 127.0.0.1/42259] INFO  http.HttpServer2 (HttpServer2.java:addFilter(974)) - Added filter static_user_filter (class=org.apache.hadoop.http.lib.StaticUserWebFilter$StaticUserFilter) to context hddsDatanode
2020-07-14 01:24:40,086 [Listener at 127.0.0.1/42259] INFO  http.HttpServer2 (HttpServer2.java:addFilter(982)) - Added filter static_user_filter (class=org.apache.hadoop.http.lib.StaticUserWebFilter$StaticUserFilter) to context static
2020-07-14 01:24:40,086 [Listener at 127.0.0.1/42259] INFO  http.HttpServer2 (HttpServer2.java:addFilter(982)) - Added filter static_user_filter (class=org.apache.hadoop.http.lib.StaticUserWebFilter$StaticUserFilter) to context logs
2020-07-14 01:24:40,087 [Listener at 127.0.0.1/42259] INFO  http.HttpServer2 (HttpServer2.java:bindListener(1216)) - Jetty bound to port 41501
2020-07-14 01:24:40,087 [Listener at 127.0.0.1/42259] INFO  server.Server (Server.java:doStart(359)) - jetty-9.4.26.v20200117; built: 2020-01-17T12:35:33.676Z; git: 7b38981d25d14afb4a12ff1f2596756144edf695; jvm 1.8.0_232-b09
2020-07-14 01:24:40,146 [Listener at 127.0.0.1/42259] INFO  server.session (DefaultSessionIdManager.java:doStart(333)) - DefaultSessionIdManager workerName=node0
2020-07-14 01:24:40,146 [Listener at 127.0.0.1/42259] INFO  server.session (DefaultSessionIdManager.java:doStart(338)) - No SessionScavenger set, using defaults
2020-07-14 01:24:40,146 [Listener at 127.0.0.1/42259] INFO  server.session (HouseKeeper.java:startScavenging(140)) - node0 Scavenging every 660000ms
2020-07-14 01:24:40,150 [Listener at 127.0.0.1/42259] INFO  handler.ContextHandler (ContextHandler.java:doStart(825)) - Started o.e.j.s.ServletContextHandler@11c372e9{logs,/logs,file:///github/workspace/mnt/ozone/hadoop-ozone/integration-test/target/log,AVAILABLE}
2020-07-14 01:24:40,150 [Listener at 127.0.0.1/42259] INFO  handler.ContextHandler (ContextHandler.java:doStart(825)) - Started o.e.j.s.ServletContextHandler@73418044{static,/static,jar:file:/home/user/.m2/repository/org/apache/hadoop/hadoop-hdds-container-service/0.6.0-SNAPSHOT/hadoop-hdds-container-service-0.6.0-SNAPSHOT.jar!/webapps/static,AVAILABLE}
2020-07-14 01:24:40,157 [Datanode State Machine Thread - 0] INFO  datanode.InitDatanodeState (InitDatanodeState.java:persistContainerDatanodeDetails(145)) - DatanodeDetails is persisted to /github/workspace/mnt/ozone/hadoop-ozone/integration-test/target/test-dir/MiniOzoneClusterImpl-31a00113-e241-4501-9bb7-5ef6f7363805/datanode-0/meta/datanode.id
2020-07-14 01:24:40,176 [Listener at 127.0.0.1/42259] INFO  handler.ContextHandler (ContextHandler.java:doStart(825)) - Started o.e.j.w.WebAppContext@592fbd8{hddsDatanode,/,file:///tmp/jetty-0_0_0_0-41501-hadoop-hdds-container-service-0_6_0-SNAPSHOT_jar-_-any-6029708852242668066.dir/webapp/,AVAILABLE}{jar:file:/home/user/.m2/repository/org/apache/hadoop/hadoop-hdds-container-service/0.6.0-SNAPSHOT/hadoop-hdds-container-service-0.6.0-SNAPSHOT.jar!/webapps/hddsDatanode}
2020-07-14 01:24:40,177 [Listener at 127.0.0.1/42259] INFO  server.AbstractConnector (AbstractConnector.java:doStart(330)) - Started ServerConnector@52d68eb9{HTTP/1.1,[http/1.1]}{0.0.0.0:41501}
2020-07-14 01:24:40,178 [Listener at 127.0.0.1/42259] INFO  server.Server (Server.java:doStart(399)) - Started @4728ms
2020-07-14 01:24:40,178 [Listener at 127.0.0.1/42259] WARN  impl.MetricsSystemImpl (MetricsSystemImpl.java:register(276)) - Sink prometheus already exists!
2020-07-14 01:24:40,181 [Listener at 127.0.0.1/42259] INFO  http.BaseHttpServer (BaseHttpServer.java:updateConnectorAddress(327)) - HTTP server of hddsDatanode listening at http://0.0.0.0:41501
2020-07-14 01:24:40,182 [Listener at 127.0.0.1/42259] INFO  impl.MetricsSystemImpl (MetricsSystemImpl.java:init(158)) - HddsDatanode metrics system started (again)
2020-07-14 01:24:40,183 [Listener at 127.0.0.1/42259] INFO  ozone.HddsDatanodeService (HddsDatanodeService.java:start(197)) - HddsDatanodeService host:12942b6ca6eb ip:172.17.0.2
2020-07-14 01:24:40,185 [Listener at 127.0.0.1/42259] INFO  volume.HddsVolume (HddsVolume.java:<init>(176)) - Creating Volume: /github/workspace/mnt/ozone/hadoop-ozone/integration-test/target/test-dir/MiniOzoneClusterImpl-31a00113-e241-4501-9bb7-5ef6f7363805/datanode-2/data-0/containers/hdds of storage type : DISK and capacity : 9223372036854775807
2020-07-14 01:24:40,185 [Listener at 127.0.0.1/42259] INFO  volume.MutableVolumeSet (MutableVolumeSet.java:initializeVolumeSet(181)) - Added Volume : /github/workspace/mnt/ozone/hadoop-ozone/integration-test/target/test-dir/MiniOzoneClusterImpl-31a00113-e241-4501-9bb7-5ef6f7363805/datanode-2/data-0/containers/hdds to VolumeSet
2020-07-14 01:24:40,185 [Listener at 127.0.0.1/42259] INFO  volume.ThrottledAsyncChecker (ThrottledAsyncChecker.java:schedule(141)) - Scheduling a check for /github/workspace/mnt/ozone/hadoop-ozone/integration-test/target/test-dir/MiniOzoneClusterImpl-31a00113-e241-4501-9bb7-5ef6f7363805/datanode-2/data-0/containers/hdds
2020-07-14 01:24:40,188 [Listener at 127.0.0.1/42259] INFO  volume.HddsVolumeChecker (HddsVolumeChecker.java:checkAllVolumes(200)) - Scheduled health check for volume /github/workspace/mnt/ozone/hadoop-ozone/integration-test/target/test-dir/MiniOzoneClusterImpl-31a00113-e241-4501-9bb7-5ef6f7363805/datanode-2/data-0/containers/hdds
2020-07-14 01:24:40,226 [org.apache.hadoop.util.JvmPauseMonitor$Monitor@55573205] INFO  util.JvmPauseMonitor (JvmPauseMonitor.java:run(188)) - Starting JVM pause monitor
2020-07-14 01:24:40,231 [Listener at 127.0.0.1/42259] INFO  impl.RaftServerProxy (ConfUtils.java:logGet(44)) - raft.rpc.type = GRPC (default)
2020-07-14 01:24:40,232 [Listener at 127.0.0.1/42259] INFO  grpc.GrpcFactory (GrpcFactory.java:checkPooledByteBufAllocatorUseCacheForAllThreads(45)) - PERFORMANCE WARNING: useCacheForAllThreads is true that may cause Netty to create a lot garbage objects and, as a result, trigger GC.
	It is recommended to disable useCacheForAllThreads by setting -Dorg.apache.ratis.thirdparty.io.netty.allocator.useCacheForAllThreads=false in command line.
2020-07-14 01:24:40,233 [Listener at 127.0.0.1/42259] INFO  grpc.GrpcConfigKeys (ConfUtils.java:logGet(44)) - raft.grpc.server.port = 0 (default)
2020-07-14 01:24:40,233 [Listener at 127.0.0.1/42259] INFO  server.GrpcService (ConfUtils.java:logGet(44)) - raft.grpc.message.size.max = 32MB (=33554432) (custom)
2020-07-14 01:24:40,233 [Listener at 127.0.0.1/42259] INFO  server.RaftServerConfigKeys (ConfUtils.java:logGet(44)) - raft.server.log.appender.buffer.byte-limit = 33554432 (custom)
2020-07-14 01:24:40,233 [Listener at 127.0.0.1/42259] INFO  server.GrpcService (ConfUtils.java:logGet(44)) - raft.grpc.flow.control.window = 5MB (=5242880) (custom)
2020-07-14 01:24:40,234 [Listener at 127.0.0.1/42259] INFO  server.RaftServerConfigKeys (ConfUtils.java:logGet(44)) - raft.server.rpc.request.timeout = 3000ms (default)
2020-07-14 01:24:40,235 [Listener at 127.0.0.1/42259] INFO  server.RaftServerConfigKeys (ConfUtils.java:logGet(44)) - raft.server.storage.dir = [/github/workspace/mnt/ozone/hadoop-ozone/integration-test/target/test-dir/MiniOzoneClusterImpl-31a00113-e241-4501-9bb7-5ef6f7363805/datanode-2/data/ratis] (custom)
2020-07-14 01:24:40,245 [Datanode State Machine Thread - 0] INFO  datanode.InitDatanodeState (InitDatanodeState.java:persistContainerDatanodeDetails(145)) - DatanodeDetails is persisted to /github/workspace/mnt/ozone/hadoop-ozone/integration-test/target/test-dir/MiniOzoneClusterImpl-31a00113-e241-4501-9bb7-5ef6f7363805/datanode-1/meta/datanode.id
2020-07-14 01:24:40,248 [Listener at 127.0.0.1/42259] INFO  http.BaseHttpServer (BaseHttpServer.java:newHttpServer2BuilderForOzone(207)) - Starting Web-server for hddsDatanode at: http://0.0.0.0:0
2020-07-14 01:24:40,249 [Listener at 127.0.0.1/42259] INFO  http.BaseHttpServer (BaseHttpServer.java:<init>(106)) - Hadoop Security Enabled: false Ozone Security Enabled: false Ozone HTTP Security Enabled: false 
2020-07-14 01:24:40,250 [Listener at 127.0.0.1/42259] INFO  server.AuthenticationFilter (AuthenticationFilter.java:constructSecretProvider(240)) - Unable to initialize FileSignerSecretProvider, falling back to use random secrets.
2020-07-14 01:24:40,259 [Listener at 127.0.0.1/42259] WARN  http.HttpRequestLog (HttpRequestLog.java:getRequestLog(103)) - Jetty request log can only be enabled using Log4j
2020-07-14 01:24:40,260 [Listener at 127.0.0.1/42259] INFO  http.HttpServer2 (HttpServer2.java:addGlobalFilter(998)) - Added global filter 'safety' (class=org.apache.hadoop.hdds.server.http.HttpServer2$QuotingInputFilter)
2020-07-14 01:24:40,261 [Listener at 127.0.0.1/42259] INFO  http.HttpServer2 (HttpServer2.java:addFilter(974)) - Added filter static_user_filter (class=org.apache.hadoop.http.lib.StaticUserWebFilter$StaticUserFilter) to context hddsDatanode
2020-07-14 01:24:40,261 [Listener at 127.0.0.1/42259] INFO  http.HttpServer2 (HttpServer2.java:addFilter(982)) - Added filter static_user_filter (class=org.apache.hadoop.http.lib.StaticUserWebFilter$StaticUserFilter) to context logs
2020-07-14 01:24:40,261 [Listener at 127.0.0.1/42259] INFO  http.HttpServer2 (HttpServer2.java:addFilter(982)) - Added filter static_user_filter (class=org.apache.hadoop.http.lib.StaticUserWebFilter$StaticUserFilter) to context static
2020-07-14 01:24:40,263 [Listener at 127.0.0.1/42259] INFO  http.HttpServer2 (HttpServer2.java:bindListener(1216)) - Jetty bound to port 41445
2020-07-14 01:24:40,263 [Listener at 127.0.0.1/42259] INFO  server.Server (Server.java:doStart(359)) - jetty-9.4.26.v20200117; built: 2020-01-17T12:35:33.676Z; git: 7b38981d25d14afb4a12ff1f2596756144edf695; jvm 1.8.0_232-b09
2020-07-14 01:24:40,272 [Listener at 127.0.0.1/42259] INFO  server.session (DefaultSessionIdManager.java:doStart(333)) - DefaultSessionIdManager workerName=node0
2020-07-14 01:24:40,273 [Listener at 127.0.0.1/42259] INFO  server.session (DefaultSessionIdManager.java:doStart(338)) - No SessionScavenger set, using defaults
2020-07-14 01:24:40,273 [Listener at 127.0.0.1/42259] INFO  server.session (HouseKeeper.java:startScavenging(140)) - node0 Scavenging every 600000ms
2020-07-14 01:24:40,274 [Listener at 127.0.0.1/42259] INFO  handler.ContextHandler (ContextHandler.java:doStart(825)) - Started o.e.j.s.ServletContextHandler@4ed7db72{logs,/logs,file:///github/workspace/mnt/ozone/hadoop-ozone/integration-test/target/log,AVAILABLE}
2020-07-14 01:24:40,274 [Listener at 127.0.0.1/42259] INFO  handler.ContextHandler (ContextHandler.java:doStart(825)) - Started o.e.j.s.ServletContextHandler@3e866323{static,/static,jar:file:/home/user/.m2/repository/org/apache/hadoop/hadoop-hdds-container-service/0.6.0-SNAPSHOT/hadoop-hdds-container-service-0.6.0-SNAPSHOT.jar!/webapps/static,AVAILABLE}
2020-07-14 01:24:40,293 [Listener at 127.0.0.1/42259] INFO  handler.ContextHandler (ContextHandler.java:doStart(825)) - Started o.e.j.w.WebAppContext@21f7c0be{hddsDatanode,/,file:///tmp/jetty-0_0_0_0-41445-hadoop-hdds-container-service-0_6_0-SNAPSHOT_jar-_-any-5032048245596411130.dir/webapp/,AVAILABLE}{jar:file:/home/user/.m2/repository/org/apache/hadoop/hadoop-hdds-container-service/0.6.0-SNAPSHOT/hadoop-hdds-container-service-0.6.0-SNAPSHOT.jar!/webapps/hddsDatanode}
2020-07-14 01:24:40,295 [Listener at 127.0.0.1/42259] INFO  server.AbstractConnector (AbstractConnector.java:doStart(330)) - Started ServerConnector@2f98859a{HTTP/1.1,[http/1.1]}{0.0.0.0:41445}
2020-07-14 01:24:40,295 [Listener at 127.0.0.1/42259] INFO  server.Server (Server.java:doStart(399)) - Started @4845ms
2020-07-14 01:24:40,296 [Listener at 127.0.0.1/42259] WARN  impl.MetricsSystemImpl (MetricsSystemImpl.java:register(276)) - Sink prometheus already exists!
2020-07-14 01:24:40,298 [Listener at 127.0.0.1/42259] INFO  http.BaseHttpServer (BaseHttpServer.java:updateConnectorAddress(327)) - HTTP server of hddsDatanode listening at http://0.0.0.0:41445
2020-07-14 01:24:40,299 [Listener at 127.0.0.1/42259] INFO  ozone.MiniOzoneClusterImpl (MiniOzoneClusterImpl.java:lambda$waitForClusterToBeReady$0(177)) - Waiting for nodes to be ready. Got 0 of 3 DN Heartbeats.
2020-07-14 01:24:40,299 [Listener at 127.0.0.1/42259] INFO  ozone.MiniOzoneClusterImpl (MiniOzoneClusterImpl.java:lambda$waitForClusterToBeReady$0(180)) - Waiting for cluster to exit safe mode
2020-07-14 01:24:40,312 [org.apache.hadoop.util.JvmPauseMonitor$Monitor@705dd2c3] INFO  util.JvmPauseMonitor (JvmPauseMonitor.java:run(188)) - Starting JVM pause monitor
2020-07-14 01:24:40,314 [Datanode State Machine Thread - 0] INFO  datanode.InitDatanodeState (InitDatanodeState.java:persistContainerDatanodeDetails(145)) - DatanodeDetails is persisted to /github/workspace/mnt/ozone/hadoop-ozone/integration-test/target/test-dir/MiniOzoneClusterImpl-31a00113-e241-4501-9bb7-5ef6f7363805/datanode-2/meta/datanode.id
2020-07-14 01:24:41,300 [Listener at 127.0.0.1/42259] INFO  ozone.MiniOzoneClusterImpl (MiniOzoneClusterImpl.java:lambda$waitForClusterToBeReady$0(177)) - Waiting for nodes to be ready. Got 0 of 3 DN Heartbeats.
2020-07-14 01:24:41,300 [Listener at 127.0.0.1/42259] INFO  ozone.MiniOzoneClusterImpl (MiniOzoneClusterImpl.java:lambda$waitForClusterToBeReady$0(180)) - Waiting for cluster to exit safe mode
2020-07-14 01:24:42,091 [Datanode State Machine Thread - 0] INFO  ozoneimpl.OzoneContainer (OzoneContainer.java:start(232)) - Attempting to start container services.
2020-07-14 01:24:42,092 [Datanode State Machine Thread - 0] INFO  ozoneimpl.OzoneContainer (OzoneContainer.java:startContainerScrub(196)) - Background container scanner has been disabled.
2020-07-14 01:24:42,092 [Datanode State Machine Thread - 0] INFO  ratis.XceiverServerRatis (XceiverServerRatis.java:start(425)) - Starting XceiverServerRatis dbde6606-63c7-4466-8c6c-a94dae6a6896 at port 0
2020-07-14 01:24:42,101 [Datanode State Machine Thread - 0] INFO  impl.RaftServerProxy (RaftServerProxy.java:lambda$start$3(304)) - dbde6606-63c7-4466-8c6c-a94dae6a6896: start RPC server
2020-07-14 01:24:42,159 [Datanode State Machine Thread - 0] INFO  server.GrpcService (GrpcService.java:startImpl(160)) - dbde6606-63c7-4466-8c6c-a94dae6a6896: GrpcService started, listening on 0.0.0.0/0.0.0.0:43975
2020-07-14 01:24:42,159 [Datanode State Machine Thread - 0] INFO  ratis.XceiverServerRatis (XceiverServerRatis.java:start(437)) - XceiverServerRatis dbde6606-63c7-4466-8c6c-a94dae6a6896 is started using port 43975
2020-07-14 01:24:42,162 [Datanode State Machine Thread - 0] INFO  server.XceiverServerGrpc (XceiverServerGrpc.java:start(145)) - XceiverServerGrpc dbde6606-63c7-4466-8c6c-a94dae6a6896 is started using port 44969
2020-07-14 01:24:42,221 [Datanode State Machine Thread - 0] INFO  ozoneimpl.OzoneContainer (OzoneContainer.java:start(232)) - Attempting to start container services.
2020-07-14 01:24:42,224 [Datanode State Machine Thread - 0] INFO  ozoneimpl.OzoneContainer (OzoneContainer.java:startContainerScrub(196)) - Background container scanner has been disabled.
2020-07-14 01:24:42,224 [Datanode State Machine Thread - 0] INFO  ratis.XceiverServerRatis (XceiverServerRatis.java:start(425)) - Starting XceiverServerRatis 5ef51406-0285-4d9b-8c48-bf2d62cee264 at port 0
2020-07-14 01:24:42,232 [Datanode State Machine Thread - 0] INFO  impl.RaftServerProxy (RaftServerProxy.java:lambda$start$3(304)) - 5ef51406-0285-4d9b-8c48-bf2d62cee264: start RPC server
2020-07-14 01:24:42,236 [Datanode State Machine Thread - 0] INFO  server.GrpcService (GrpcService.java:startImpl(160)) - 5ef51406-0285-4d9b-8c48-bf2d62cee264: GrpcService started, listening on 0.0.0.0/0.0.0.0:43759
2020-07-14 01:24:42,237 [Datanode State Machine Thread - 0] INFO  ratis.XceiverServerRatis (XceiverServerRatis.java:start(437)) - XceiverServerRatis 5ef51406-0285-4d9b-8c48-bf2d62cee264 is started using port 43759
2020-07-14 01:24:42,239 [Datanode State Machine Thread - 0] INFO  server.XceiverServerGrpc (XceiverServerGrpc.java:start(145)) - XceiverServerGrpc 5ef51406-0285-4d9b-8c48-bf2d62cee264 is started using port 43569
2020-07-14 01:24:42,300 [Listener at 127.0.0.1/42259] INFO  ozone.MiniOzoneClusterImpl (MiniOzoneClusterImpl.java:lambda$waitForClusterToBeReady$0(177)) - Waiting for nodes to be ready. Got 0 of 3 DN Heartbeats.
2020-07-14 01:24:42,300 [Listener at 127.0.0.1/42259] INFO  ozone.MiniOzoneClusterImpl (MiniOzoneClusterImpl.java:lambda$waitForClusterToBeReady$0(180)) - Waiting for cluster to exit safe mode
2020-07-14 01:24:42,316 [Datanode State Machine Thread - 0] INFO  ozoneimpl.OzoneContainer (OzoneContainer.java:start(232)) - Attempting to start container services.
2020-07-14 01:24:42,316 [Datanode State Machine Thread - 0] INFO  ozoneimpl.OzoneContainer (OzoneContainer.java:startContainerScrub(196)) - Background container scanner has been disabled.
2020-07-14 01:24:42,316 [Datanode State Machine Thread - 0] INFO  ratis.XceiverServerRatis (XceiverServerRatis.java:start(425)) - Starting XceiverServerRatis a25077fe-07bb-4d24-852a-2756038b5eee at port 0
2020-07-14 01:24:42,318 [Datanode State Machine Thread - 0] INFO  impl.RaftServerProxy (RaftServerProxy.java:lambda$start$3(304)) - a25077fe-07bb-4d24-852a-2756038b5eee: start RPC server
2020-07-14 01:24:42,336 [Datanode State Machine Thread - 0] INFO  server.GrpcService (GrpcService.java:startImpl(160)) - a25077fe-07bb-4d24-852a-2756038b5eee: GrpcService started, listening on 0.0.0.0/0.0.0.0:43751
2020-07-14 01:24:42,336 [Datanode State Machine Thread - 0] INFO  ratis.XceiverServerRatis (XceiverServerRatis.java:start(437)) - XceiverServerRatis a25077fe-07bb-4d24-852a-2756038b5eee is started using port 43751
2020-07-14 01:24:42,337 [Datanode State Machine Thread - 0] INFO  server.XceiverServerGrpc (XceiverServerGrpc.java:start(145)) - XceiverServerGrpc a25077fe-07bb-4d24-852a-2756038b5eee is started using port 46877
2020-07-14 01:24:43,301 [Listener at 127.0.0.1/42259] INFO  ozone.MiniOzoneClusterImpl (MiniOzoneClusterImpl.java:lambda$waitForClusterToBeReady$0(177)) - Waiting for nodes to be ready. Got 0 of 3 DN Heartbeats.
2020-07-14 01:24:43,301 [Listener at 127.0.0.1/42259] INFO  ozone.MiniOzoneClusterImpl (MiniOzoneClusterImpl.java:lambda$waitForClusterToBeReady$0(180)) - Waiting for cluster to exit safe mode
2020-07-14 01:24:44,053 [IPC Server handler 1 on default port 33973] INFO  net.NetworkTopology (NetworkTopologyImpl.java:add(111)) - Added a new node: /default-rack/dbde6606-63c7-4466-8c6c-a94dae6a6896
2020-07-14 01:24:44,054 [IPC Server handler 1 on default port 33973] INFO  node.SCMNodeManager (SCMNodeManager.java:register(273)) - Registered Data node : dbde6606-63c7-4466-8c6c-a94dae6a6896{ip: 172.17.0.2, host: 12942b6ca6eb, networkLocation: /default-rack, certSerialId: null}
2020-07-14 01:24:44,059 [EventQueue-NodeRegistrationContainerReportForContainerSafeModeRule] INFO  safemode.SCMSafeModeManager (SCMSafeModeManager.java:validateSafeModeExitRules(214)) - ContainerSafeModeRule rule is successfully validated
2020-07-14 01:24:44,060 [EventQueue-NodeRegistrationContainerReportForDataNodeSafeModeRule] INFO  safemode.SCMSafeModeManager (DataNodeSafeModeRule.java:process(71)) - SCM in safe mode. 1 DataNodes registered, 1 required.
2020-07-14 01:24:44,060 [EventQueue-NodeRegistrationContainerReportForDataNodeSafeModeRule] INFO  safemode.SCMSafeModeManager (SCMSafeModeManager.java:validateSafeModeExitRules(214)) - DataNodeSafeModeRule rule is successfully validated
2020-07-14 01:24:44,060 [EventQueue-NodeRegistrationContainerReportForDataNodeSafeModeRule] INFO  safemode.SCMSafeModeManager (SCMSafeModeManager.java:completePreCheck(242)) - All SCM safe mode pre check rules have passed
2020-07-14 01:24:44,069 [RatisPipelineUtilsThread] INFO  pipeline.RatisPipelineProvider (RatisPipelineProvider.java:lambda$create$0(138)) - Sending CreatePipelineCommand for pipeline:PipelineID=b3383345-d476-4728-a464-6e5f76f803b9 to datanode:dbde6606-63c7-4466-8c6c-a94dae6a6896
2020-07-14 01:24:44,082 [RatisPipelineUtilsThread] INFO  pipeline.PipelineStateManager (PipelineStateManager.java:addPipeline(54)) - Created pipeline Pipeline[ Id: b3383345-d476-4728-a464-6e5f76f803b9, Nodes: dbde6606-63c7-4466-8c6c-a94dae6a6896{ip: 172.17.0.2, host: 12942b6ca6eb, networkLocation: /default-rack, certSerialId: null}, Type:RATIS, Factor:ONE, State:ALLOCATED, leaderId:, CreationTimestamp2020-07-14T01:24:44.066Z]
2020-07-14 01:24:44,085 [RatisPipelineUtilsThread] ERROR pipeline.SCMPipelineManager (SCMPipelineManager.java:createPipeline(222)) - Failed to create pipeline of type RATIS and factor ONE. Exception: Cannot create pipeline of factor 1 using 0 nodes. Used 1 nodes. Healthy nodes 1
2020-07-14 01:24:44,085 [RatisPipelineUtilsThread] WARN  pipeline.PipelinePlacementPolicy (PipelinePlacementPolicy.java:filterViableNodes(133)) - Pipeline creation failed due to no sufficient healthy datanodes. Required 3. Found 1.
2020-07-14 01:24:44,085 [RatisPipelineUtilsThread] ERROR pipeline.SCMPipelineManager (SCMPipelineManager.java:createPipeline(222)) - Failed to create pipeline of type RATIS and factor THREE. Exception: Pipeline creation failed due to no sufficient healthy datanodes. Required 3. Found 1.
2020-07-14 01:24:44,218 [IPC Server handler 2 on default port 33973] INFO  net.NetworkTopology (NetworkTopologyImpl.java:add(111)) - Added a new node: /default-rack/5ef51406-0285-4d9b-8c48-bf2d62cee264
2020-07-14 01:24:44,218 [IPC Server handler 2 on default port 33973] INFO  node.SCMNodeManager (SCMNodeManager.java:register(273)) - Registered Data node : 5ef51406-0285-4d9b-8c48-bf2d62cee264{ip: 172.17.0.2, host: 12942b6ca6eb, networkLocation: /default-rack, certSerialId: null}
2020-07-14 01:24:44,218 [EventQueue-NodeRegistrationContainerReportForContainerSafeModeRule] INFO  safemode.SCMSafeModeManager (SCMSafeModeManager.java:validateSafeModeExitRules(214)) - ContainerSafeModeRule rule is successfully validated
2020-07-14 01:24:44,219 [EventQueue-NodeRegistrationContainerReportForDataNodeSafeModeRule] INFO  safemode.SCMSafeModeManager (SCMSafeModeManager.java:validateSafeModeExitRules(214)) - DataNodeSafeModeRule rule is successfully validated
2020-07-14 01:24:44,221 [RatisPipelineUtilsThread] INFO  pipeline.RatisPipelineProvider (RatisPipelineProvider.java:lambda$create$0(138)) - Sending CreatePipelineCommand for pipeline:PipelineID=d1408ffb-6354-4cf9-8f76-44ffae0ed245 to datanode:5ef51406-0285-4d9b-8c48-bf2d62cee264
2020-07-14 01:24:44,222 [RatisPipelineUtilsThread] INFO  pipeline.PipelineStateManager (PipelineStateManager.java:addPipeline(54)) - Created pipeline Pipeline[ Id: d1408ffb-6354-4cf9-8f76-44ffae0ed245, Nodes: 5ef51406-0285-4d9b-8c48-bf2d62cee264{ip: 172.17.0.2, host: 12942b6ca6eb, networkLocation: /default-rack, certSerialId: null}, Type:RATIS, Factor:ONE, State:ALLOCATED, leaderId:, CreationTimestamp2020-07-14T01:24:44.221Z]
2020-07-14 01:24:44,222 [RatisPipelineUtilsThread] ERROR pipeline.SCMPipelineManager (SCMPipelineManager.java:createPipeline(222)) - Failed to create pipeline of type RATIS and factor ONE. Exception: Cannot create pipeline of factor 1 using 0 nodes. Used 2 nodes. Healthy nodes 2
2020-07-14 01:24:44,222 [RatisPipelineUtilsThread] WARN  pipeline.PipelinePlacementPolicy (PipelinePlacementPolicy.java:filterViableNodes(133)) - Pipeline creation failed due to no sufficient healthy datanodes. Required 3. Found 2.
2020-07-14 01:24:44,222 [RatisPipelineUtilsThread] ERROR pipeline.SCMPipelineManager (SCMPipelineManager.java:createPipeline(222)) - Failed to create pipeline of type RATIS and factor THREE. Exception: Pipeline creation failed due to no sufficient healthy datanodes. Required 3. Found 2.
2020-07-14 01:24:44,301 [Listener at 127.0.0.1/42259] INFO  ozone.MiniOzoneClusterImpl (MiniOzoneClusterImpl.java:lambda$waitForClusterToBeReady$0(177)) - Waiting for nodes to be ready. Got 2 of 3 DN Heartbeats.
2020-07-14 01:24:44,301 [Listener at 127.0.0.1/42259] INFO  ozone.MiniOzoneClusterImpl (MiniOzoneClusterImpl.java:lambda$waitForClusterToBeReady$0(180)) - Waiting for cluster to exit safe mode
2020-07-14 01:24:44,314 [IPC Server handler 0 on default port 33973] INFO  net.NetworkTopology (NetworkTopologyImpl.java:add(111)) - Added a new node: /default-rack/a25077fe-07bb-4d24-852a-2756038b5eee
2020-07-14 01:24:44,314 [IPC Server handler 0 on default port 33973] INFO  node.SCMNodeManager (SCMNodeManager.java:register(273)) - Registered Data node : a25077fe-07bb-4d24-852a-2756038b5eee{ip: 172.17.0.2, host: 12942b6ca6eb, networkLocation: /default-rack, certSerialId: null}
2020-07-14 01:24:44,315 [RatisPipelineUtilsThread] INFO  pipeline.RatisPipelineProvider (RatisPipelineProvider.java:lambda$create$0(138)) - Sending CreatePipelineCommand for pipeline:PipelineID=9d833387-a051-43e8-8498-c677e94f832a to datanode:a25077fe-07bb-4d24-852a-2756038b5eee
2020-07-14 01:24:44,315 [EventQueue-NodeRegistrationContainerReportForContainerSafeModeRule] INFO  safemode.SCMSafeModeManager (SCMSafeModeManager.java:validateSafeModeExitRules(214)) - ContainerSafeModeRule rule is successfully validated
2020-07-14 01:24:44,315 [EventQueue-NodeRegistrationContainerReportForDataNodeSafeModeRule] INFO  safemode.SCMSafeModeManager (SCMSafeModeManager.java:validateSafeModeExitRules(214)) - DataNodeSafeModeRule rule is successfully validated
2020-07-14 01:24:44,315 [RatisPipelineUtilsThread] INFO  pipeline.PipelineStateManager (PipelineStateManager.java:addPipeline(54)) - Created pipeline Pipeline[ Id: 9d833387-a051-43e8-8498-c677e94f832a, Nodes: a25077fe-07bb-4d24-852a-2756038b5eee{ip: 172.17.0.2, host: 12942b6ca6eb, networkLocation: /default-rack, certSerialId: null}, Type:RATIS, Factor:ONE, State:ALLOCATED, leaderId:, CreationTimestamp2020-07-14T01:24:44.315Z]
2020-07-14 01:24:44,316 [RatisPipelineUtilsThread] ERROR pipeline.SCMPipelineManager (SCMPipelineManager.java:createPipeline(222)) - Failed to create pipeline of type RATIS and factor ONE. Exception: Cannot create pipeline of factor 1 using 0 nodes. Used 3 nodes. Healthy nodes 3
2020-07-14 01:24:44,322 [RatisPipelineUtilsThread] INFO  pipeline.RatisPipelineProvider (RatisPipelineProvider.java:lambda$create$0(138)) - Sending CreatePipelineCommand for pipeline:PipelineID=2288e787-514f-4a46-b9b9-adc960a4f596 to datanode:5ef51406-0285-4d9b-8c48-bf2d62cee264
2020-07-14 01:24:44,322 [RatisPipelineUtilsThread] INFO  pipeline.RatisPipelineProvider (RatisPipelineProvider.java:lambda$create$0(138)) - Sending CreatePipelineCommand for pipeline:PipelineID=2288e787-514f-4a46-b9b9-adc960a4f596 to datanode:dbde6606-63c7-4466-8c6c-a94dae6a6896
2020-07-14 01:24:44,322 [RatisPipelineUtilsThread] INFO  pipeline.RatisPipelineProvider (RatisPipelineProvider.java:lambda$create$0(138)) - Sending CreatePipelineCommand for pipeline:PipelineID=2288e787-514f-4a46-b9b9-adc960a4f596 to datanode:a25077fe-07bb-4d24-852a-2756038b5eee
2020-07-14 01:24:44,323 [RatisPipelineUtilsThread] INFO  pipeline.PipelineStateManager (PipelineStateManager.java:addPipeline(54)) - Created pipeline Pipeline[ Id: 2288e787-514f-4a46-b9b9-adc960a4f596, Nodes: 5ef51406-0285-4d9b-8c48-bf2d62cee264{ip: 172.17.0.2, host: 12942b6ca6eb, networkLocation: /default-rack, certSerialId: null}dbde6606-63c7-4466-8c6c-a94dae6a6896{ip: 172.17.0.2, host: 12942b6ca6eb, networkLocation: /default-rack, certSerialId: null}a25077fe-07bb-4d24-852a-2756038b5eee{ip: 172.17.0.2, host: 12942b6ca6eb, networkLocation: /default-rack, certSerialId: null}, Type:RATIS, Factor:THREE, State:ALLOCATED, leaderId:, CreationTimestamp2020-07-14T01:24:44.322Z]
2020-07-14 01:24:44,323 [RatisPipelineUtilsThread] ERROR pipeline.SCMPipelineManager (SCMPipelineManager.java:createPipeline(222)) - Failed to create pipeline of type RATIS and factor THREE. Exception: Pipeline creation failed because nodes are engaged in other pipelines and every node can only be engaged in max 2 pipelines. Required 3. Found 0
2020-07-14 01:24:45,301 [Listener at 127.0.0.1/42259] INFO  ozone.MiniOzoneClusterImpl (MiniOzoneClusterImpl.java:lambda$waitForClusterToBeReady$0(177)) - Nodes are ready. Got 3 of 3 DN Heartbeats.
2020-07-14 01:24:45,302 [Listener at 127.0.0.1/42259] INFO  ozone.MiniOzoneClusterImpl (MiniOzoneClusterImpl.java:lambda$waitForClusterToBeReady$0(180)) - Waiting for cluster to exit safe mode
2020-07-14 01:24:46,302 [Listener at 127.0.0.1/42259] INFO  ozone.MiniOzoneClusterImpl (MiniOzoneClusterImpl.java:lambda$waitForClusterToBeReady$0(177)) - Nodes are ready. Got 3 of 3 DN Heartbeats.
2020-07-14 01:24:46,302 [Listener at 127.0.0.1/42259] INFO  ozone.MiniOzoneClusterImpl (MiniOzoneClusterImpl.java:lambda$waitForClusterToBeReady$0(180)) - Waiting for cluster to exit safe mode
2020-07-14 01:24:47,051 [Command processor thread] INFO  impl.RaftServerProxy (RaftServerProxy.java:addNew(89)) - dbde6606-63c7-4466-8c6c-a94dae6a6896: addNew group-6E5F76F803B9:[dbde6606-63c7-4466-8c6c-a94dae6a6896:172.17.0.2:43975] returns group-6E5F76F803B9:java.util.concurrent.CompletableFuture@6b3c86be[Not completed]
2020-07-14 01:24:47,069 [pool-33-thread-1] INFO  impl.RaftServerImpl (RaftServerImpl.java:<init>(99)) - dbde6606-63c7-4466-8c6c-a94dae6a6896: new RaftServerImpl for group-6E5F76F803B9:[dbde6606-63c7-4466-8c6c-a94dae6a6896:172.17.0.2:43975] with ContainerStateMachine:uninitialized
2020-07-14 01:24:47,070 [pool-33-thread-1] INFO  server.RaftServerConfigKeys (ConfUtils.java:logGet(44)) - raft.server.rpc.timeout.min = 5s (custom)
2020-07-14 01:24:47,071 [pool-33-thread-1] INFO  server.RaftServerConfigKeys (ConfUtils.java:logGet(44)) - raft.server.rpc.timeout.max = 5200ms (custom)
2020-07-14 01:24:47,074 [pool-33-thread-1] INFO  server.RaftServerConfigKeys (ConfUtils.java:logGet(44)) - raft.server.rpcslowness.timeout = 1000000ms (custom)
2020-07-14 01:24:47,076 [pool-33-thread-1] INFO  server.RaftServerConfigKeys (ConfUtils.java:logGet(44)) - raft.server.sleep.deviation.threshold = 300 (default)
2020-07-14 01:24:47,078 [pool-33-thread-1] INFO  server.RaftServerConfigKeys (ConfUtils.java:logGet(44)) - raft.server.log.appender.install.snapshot.enabled = false (custom)
2020-07-14 01:24:47,084 [pool-33-thread-1] INFO  impl.RaftServerImpl (ServerState.java:<init>(103)) - dbde6606-63c7-4466-8c6c-a94dae6a6896@group-6E5F76F803B9: ConfigurationManager, init=-1: [dbde6606-63c7-4466-8c6c-a94dae6a6896:172.17.0.2:43975], old=null, confs=<EMPTY_MAP>
2020-07-14 01:24:47,084 [pool-33-thread-1] INFO  server.RaftServerConfigKeys (ConfUtils.java:logGet(44)) - raft.server.storage.dir = [/github/workspace/mnt/ozone/hadoop-ozone/integration-test/target/test-dir/MiniOzoneClusterImpl-31a00113-e241-4501-9bb7-5ef6f7363805/datanode-0/data/ratis] (custom)
2020-07-14 01:24:47,089 [pool-33-thread-1] INFO  server.RaftServerConfigKeys (ConfUtils.java:logGet(44)) - raft.server.log.corruption.policy = EXCEPTION (default)
2020-07-14 01:24:47,091 [pool-33-thread-1] INFO  storage.RaftStorageDirectory (RaftStorageDirectory.java:analyzeStorage(261)) - The storage directory /github/workspace/mnt/ozone/hadoop-ozone/integration-test/target/test-dir/MiniOzoneClusterImpl-31a00113-e241-4501-9bb7-5ef6f7363805/datanode-0/data/ratis/b3383345-d476-4728-a464-6e5f76f803b9 does not exist. Creating ...
2020-07-14 01:24:47,097 [pool-33-thread-1] INFO  storage.RaftStorageDirectory (RaftStorageDirectory.java:tryLock(343)) - Lock on /github/workspace/mnt/ozone/hadoop-ozone/integration-test/target/test-dir/MiniOzoneClusterImpl-31a00113-e241-4501-9bb7-5ef6f7363805/datanode-0/data/ratis/b3383345-d476-4728-a464-6e5f76f803b9/in_use.lock acquired by nodename 27141@12942b6ca6eb
2020-07-14 01:24:47,100 [pool-33-thread-1] INFO  storage.RaftStorage (RaftStorage.java:format(84)) - Storage directory /github/workspace/mnt/ozone/hadoop-ozone/integration-test/target/test-dir/MiniOzoneClusterImpl-31a00113-e241-4501-9bb7-5ef6f7363805/datanode-0/data/ratis/b3383345-d476-4728-a464-6e5f76f803b9 has been successfully formatted.
2020-07-14 01:24:47,103 [pool-33-thread-1] INFO  ratis.ContainerStateMachine (ContainerStateMachine.java:loadSnapshot(225)) - group-6E5F76F803B9: The snapshot info is null. Setting the last applied indexto:(t:0, i:~)
2020-07-14 01:24:47,103 [pool-33-thread-1] INFO  server.RaftServerConfigKeys (ConfUtils.java:logGet(44)) - raft.server.notification.no-leader.timeout = 60s (default)
2020-07-14 01:24:47,105 [EventQueue-PipelineReportForPipelineReportHandler] INFO  pipeline.PipelineStateManager (PipelineStateManager.java:openPipeline(131)) - Pipeline Pipeline[ Id: b3383345-d476-4728-a464-6e5f76f803b9, Nodes: dbde6606-63c7-4466-8c6c-a94dae6a6896{ip: 172.17.0.2, host: 12942b6ca6eb, networkLocation: /default-rack, certSerialId: null}, Type:RATIS, Factor:ONE, State:ALLOCATED, leaderId:dbde6606-63c7-4466-8c6c-a94dae6a6896, CreationTimestamp2020-07-14T01:24:44.066Z] moved to OPEN state
2020-07-14 01:24:47,110 [EventQueue-OpenPipelineForOneReplicaPipelineSafeModeRule] INFO  safemode.SCMSafeModeManager (SCMSafeModeManager.java:validateSafeModeExitRules(214)) - AtleastOneDatanodeReportedRule rule is successfully validated
2020-07-14 01:24:47,112 [EventQueue-OpenPipelineForHealthyPipelineSafeModeRule] INFO  safemode.SCMSafeModeManager (HealthyPipelineSafeModeRule.java:process(129)) - SCM in safe mode. Healthy pipelines reported count is 0, required healthy pipeline reported count is 1
2020-07-14 01:24:47,116 [pool-33-thread-1] INFO  server.RaftServerConfigKeys (ConfUtils.java:logGet(44)) - raft.server.log.use.memory = false (default)
2020-07-14 01:24:47,121 [pool-33-thread-1] INFO  server.RaftServerConfigKeys (ConfUtils.java:logGet(44)) - raft.server.log.purge.gap = 1000000 (custom)
2020-07-14 01:24:47,121 [pool-33-thread-1] INFO  server.RaftServerConfigKeys (ConfUtils.java:logGet(44)) - raft.server.log.appender.buffer.byte-limit = 33554432 (custom)
2020-07-14 01:24:47,123 [pool-33-thread-1] INFO  server.RaftServerConfigKeys (ConfUtils.java:logGet(44)) - raft.server.log.segment.size.max = 1048576 (custom)
2020-07-14 01:24:47,125 [pool-33-thread-1] INFO  metrics.RatisMetrics (RatisMetrics.java:lambda$create$0(36)) - Creating Metrics Registry : ratis.log_worker.dbde6606-63c7-4466-8c6c-a94dae6a6896@group-6E5F76F803B9
2020-07-14 01:24:47,134 [pool-33-thread-1] INFO  server.RaftServerConfigKeys (ConfUtils.java:logGet(44)) - raft.server.log.segment.cache.num.max = 2 (custom)
2020-07-14 01:24:47,139 [pool-33-thread-1] INFO  segmented.SegmentedRaftLogWorker (SegmentedRaftLogWorker.java:<init>(180)) - new dbde6606-63c7-4466-8c6c-a94dae6a6896@group-6E5F76F803B9-SegmentedRaftLogWorker for RaftStorage:Storage Directory /github/workspace/mnt/ozone/hadoop-ozone/integration-test/target/test-dir/MiniOzoneClusterImpl-31a00113-e241-4501-9bb7-5ef6f7363805/datanode-0/data/ratis/b3383345-d476-4728-a464-6e5f76f803b9
2020-07-14 01:24:47,139 [pool-33-thread-1] INFO  server.RaftServerConfigKeys (ConfUtils.java:logGet(44)) - raft.server.log.queue.byte-limit = 2147483647 (custom)
2020-07-14 01:24:47,140 [pool-33-thread-1] INFO  server.RaftServerConfigKeys (ConfUtils.java:logGet(44)) - raft.server.log.queue.element-limit = 1024 (custom)
2020-07-14 01:24:47,141 [pool-33-thread-1] INFO  server.RaftServerConfigKeys (ConfUtils.java:logGet(44)) - raft.server.log.segment.size.max = 1048576 (custom)
2020-07-14 01:24:47,141 [pool-33-thread-1] INFO  server.RaftServerConfigKeys (ConfUtils.java:logGet(44)) - raft.server.log.preallocated.size = 16384 (custom)
2020-07-14 01:24:47,141 [pool-33-thread-1] INFO  server.RaftServerConfigKeys (ConfUtils.java:logGet(44)) - raft.server.log.write.buffer.size = 1048576 (custom)
2020-07-14 01:24:47,142 [pool-33-thread-1] INFO  server.RaftServerConfigKeys (ConfUtils.java:logGet(44)) - raft.server.log.force.sync.num = 128 (default)
2020-07-14 01:24:47,143 [pool-33-thread-1] INFO  server.RaftServerConfigKeys (ConfUtils.java:logGet(44)) - raft.server.log.statemachine.data.sync = true (default)
2020-07-14 01:24:47,143 [pool-33-thread-1] INFO  server.RaftServerConfigKeys (ConfUtils.java:logGet(44)) - raft.server.log.statemachine.data.sync.timeout = 10s (default)
2020-07-14 01:24:47,143 [pool-33-thread-1] INFO  server.RaftServerConfigKeys (ConfUtils.java:logGet(44)) - raft.server.log.statemachine.data.sync.timeout.retry = -1 (default)
2020-07-14 01:24:47,156 [pool-33-thread-1] INFO  server.RaftServerConfigKeys (ConfUtils.java:logGet(44)) - raft.server.log.statemachine.data.caching.enabled = true (custom)
2020-07-14 01:24:47,161 [pool-33-thread-1] INFO  segmented.SegmentedRaftLogWorker (SegmentedRaftLogWorker.java:lambda$new$0(129)) - dbde6606-63c7-4466-8c6c-a94dae6a6896@group-6E5F76F803B9-SegmentedRaftLogWorker: flushIndex: setUnconditionally 0 -> -1
2020-07-14 01:24:47,161 [pool-33-thread-1] INFO  segmented.SegmentedRaftLogWorker (SegmentedRaftLogWorker.java:lambda$new$0(129)) - dbde6606-63c7-4466-8c6c-a94dae6a6896@group-6E5F76F803B9-SegmentedRaftLogWorker: safeCacheEvictIndex: setUnconditionally 0 -> -1
2020-07-14 01:24:47,166 [pool-33-thread-1] INFO  server.RaftServerConfigKeys (ConfUtils.java:logGet(44)) - raft.server.snapshot.auto.trigger.enabled = true (custom)
2020-07-14 01:24:47,166 [pool-33-thread-1] INFO  server.RaftServerConfigKeys (ConfUtils.java:logGet(44)) - raft.server.snapshot.auto.trigger.threshold = 10000 (custom)
2020-07-14 01:24:47,167 [pool-33-thread-1] INFO  server.RaftServerConfigKeys (ConfUtils.java:logGet(44)) - raft.server.snapshot.retention.file.num = 5 (custom)
2020-07-14 01:24:47,167 [pool-33-thread-1] INFO  server.RaftServerConfigKeys (ConfUtils.java:logGet(44)) - raft.server.log.purge.upto.snapshot.index = false (default)
2020-07-14 01:24:47,168 [pool-33-thread-1] INFO  server.RaftServerConfigKeys (ConfUtils.java:logGet(44)) - raft.server.retrycache.expirytime = 600000ms (custom)
2020-07-14 01:24:47,187 [pool-33-thread-1] INFO  metrics.RatisMetrics (RatisMetrics.java:lambda$create$0(36)) - Creating Metrics Registry : ratis.leader_election.dbde6606-63c7-4466-8c6c-a94dae6a6896@group-6E5F76F803B9
2020-07-14 01:24:47,193 [pool-33-thread-1] INFO  metrics.RatisMetrics (RatisMetrics.java:lambda$create$0(36)) - Creating Metrics Registry : ratis.server.dbde6606-63c7-4466-8c6c-a94dae6a6896@group-6E5F76F803B9
2020-07-14 01:24:47,197 [pool-33-thread-1] INFO  impl.RaftServerImpl (RaftServerImpl.java:start(186)) - dbde6606-63c7-4466-8c6c-a94dae6a6896@group-6E5F76F803B9: start as a follower, conf=-1: [dbde6606-63c7-4466-8c6c-a94dae6a6896:172.17.0.2:43975], old=null
2020-07-14 01:24:47,200 [pool-33-thread-1] INFO  impl.RaftServerImpl (RaftServerImpl.java:setRole(175)) - dbde6606-63c7-4466-8c6c-a94dae6a6896@group-6E5F76F803B9: changes role from      null to FOLLOWER at term 0 for startAsFollower
2020-07-14 01:24:47,201 [pool-33-thread-1] INFO  impl.RoleInfo (RoleInfo.java:updateAndGet(143)) - dbde6606-63c7-4466-8c6c-a94dae6a6896: start FollowerState
2020-07-14 01:24:47,203 [pool-33-thread-1] INFO  util.JmxRegister (JmxRegister.java:tryRegister(44)) - Successfully registered JMX Bean with object name Ratis:service=RaftServer,group=group-6E5F76F803B9,id=dbde6606-63c7-4466-8c6c-a94dae6a6896
2020-07-14 01:24:47,212 [pool-33-thread-1] INFO  metrics.RatisMetrics (RatisMetrics.java:lambda$create$0(36)) - Creating Metrics Registry : ratis.state_machine.dbde6606-63c7-4466-8c6c-a94dae6a6896@group-6E5F76F803B9
2020-07-14 01:24:47,232 [Command processor thread] INFO  impl.RaftServerProxy (RaftServerProxy.java:addNew(89)) - 5ef51406-0285-4d9b-8c48-bf2d62cee264: addNew group-44FFAE0ED245:[5ef51406-0285-4d9b-8c48-bf2d62cee264:172.17.0.2:43759] returns group-44FFAE0ED245:java.util.concurrent.CompletableFuture@2e379629[Not completed]
2020-07-14 01:24:47,236 [Command processor thread] INFO  commandhandler.CreatePipelineCommandHandler (CreatePipelineCommandHandler.java:handle(109)) - Created Pipeline RATIS ONE #id: "b3383345-d476-4728-a464-6e5f76f803b9"
uuid128 {
  mostSigBits: -5532615767214373080
  leastSigBits: -6601029797521390663
}
.
2020-07-14 01:24:47,237 [Command processor thread] INFO  impl.RaftServerProxy (RaftServerProxy.java:addNew(89)) - dbde6606-63c7-4466-8c6c-a94dae6a6896: addNew group-ADC960A4F596:[5ef51406-0285-4d9b-8c48-bf2d62cee264:172.17.0.2:43759, a25077fe-07bb-4d24-852a-2756038b5eee:172.17.0.2:43751, dbde6606-63c7-4466-8c6c-a94dae6a6896:172.17.0.2:43975] returns group-ADC960A4F596:java.util.concurrent.CompletableFuture@797c34e6[Not completed]
2020-07-14 01:24:47,244 [pool-48-thread-1] INFO  impl.RaftServerImpl (RaftServerImpl.java:<init>(99)) - 5ef51406-0285-4d9b-8c48-bf2d62cee264: new RaftServerImpl for group-44FFAE0ED245:[5ef51406-0285-4d9b-8c48-bf2d62cee264:172.17.0.2:43759] with ContainerStateMachine:uninitialized
2020-07-14 01:24:47,245 [pool-48-thread-1] INFO  server.RaftServerConfigKeys (ConfUtils.java:logGet(44)) - raft.server.rpc.timeout.min = 5s (custom)
2020-07-14 01:24:47,245 [pool-48-thread-1] INFO  server.RaftServerConfigKeys (ConfUtils.java:logGet(44)) - raft.server.rpc.timeout.max = 5200ms (custom)
2020-07-14 01:24:47,245 [pool-48-thread-1] INFO  server.RaftServerConfigKeys (ConfUtils.java:logGet(44)) - raft.server.rpcslowness.timeout = 1000000ms (custom)
2020-07-14 01:24:47,245 [pool-48-thread-1] INFO  server.RaftServerConfigKeys (ConfUtils.java:logGet(44)) - raft.server.sleep.deviation.threshold = 300 (default)
2020-07-14 01:24:47,245 [pool-48-thread-1] INFO  server.RaftServerConfigKeys (ConfUtils.java:logGet(44)) - raft.server.log.appender.install.snapshot.enabled = false (custom)
2020-07-14 01:24:47,245 [pool-48-thread-1] INFO  impl.RaftServerImpl (ServerState.java:<init>(103)) - 5ef51406-0285-4d9b-8c48-bf2d62cee264@group-44FFAE0ED245: ConfigurationManager, init=-1: [5ef51406-0285-4d9b-8c48-bf2d62cee264:172.17.0.2:43759], old=null, confs=<EMPTY_MAP>
2020-07-14 01:24:47,245 [pool-48-thread-1] INFO  server.RaftServerConfigKeys (ConfUtils.java:logGet(44)) - raft.server.storage.dir = [/github/workspace/mnt/ozone/hadoop-ozone/integration-test/target/test-dir/MiniOzoneClusterImpl-31a00113-e241-4501-9bb7-5ef6f7363805/datanode-1/data/ratis] (custom)
2020-07-14 01:24:47,245 [pool-48-thread-1] INFO  server.RaftServerConfigKeys (ConfUtils.java:logGet(44)) - raft.server.log.corruption.policy = EXCEPTION (default)
2020-07-14 01:24:47,246 [pool-48-thread-1] INFO  storage.RaftStorageDirectory (RaftStorageDirectory.java:analyzeStorage(261)) - The storage directory /github/workspace/mnt/ozone/hadoop-ozone/integration-test/target/test-dir/MiniOzoneClusterImpl-31a00113-e241-4501-9bb7-5ef6f7363805/datanode-1/data/ratis/d1408ffb-6354-4cf9-8f76-44ffae0ed245 does not exist. Creating ...
2020-07-14 01:24:47,251 [pool-33-thread-1] INFO  impl.RaftServerImpl (RaftServerImpl.java:<init>(99)) - dbde6606-63c7-4466-8c6c-a94dae6a6896: new RaftServerImpl for group-ADC960A4F596:[5ef51406-0285-4d9b-8c48-bf2d62cee264:172.17.0.2:43759, a25077fe-07bb-4d24-852a-2756038b5eee:172.17.0.2:43751, dbde6606-63c7-4466-8c6c-a94dae6a6896:172.17.0.2:43975] with ContainerStateMachine:uninitialized
2020-07-14 01:24:47,251 [pool-33-thread-1] INFO  server.RaftServerConfigKeys (ConfUtils.java:logGet(44)) - raft.server.rpc.timeout.min = 5s (custom)
2020-07-14 01:24:47,251 [pool-33-thread-1] INFO  server.RaftServerConfigKeys (ConfUtils.java:logGet(44)) - raft.server.rpc.timeout.max = 5200ms (custom)
2020-07-14 01:24:47,251 [pool-33-thread-1] INFO  server.RaftServerConfigKeys (ConfUtils.java:logGet(44)) - raft.server.rpcslowness.timeout = 1000000ms (custom)
2020-07-14 01:24:47,251 [pool-33-thread-1] INFO  server.RaftServerConfigKeys (ConfUtils.java:logGet(44)) - raft.server.sleep.deviation.threshold = 300 (default)
2020-07-14 01:24:47,251 [pool-33-thread-1] INFO  server.RaftServerConfigKeys (ConfUtils.java:logGet(44)) - raft.server.log.appender.install.snapshot.enabled = false (custom)
2020-07-14 01:24:47,251 [pool-33-thread-1] INFO  impl.RaftServerImpl (ServerState.java:<init>(103)) - dbde6606-63c7-4466-8c6c-a94dae6a6896@group-ADC960A4F596: ConfigurationManager, init=-1: [5ef51406-0285-4d9b-8c48-bf2d62cee264:172.17.0.2:43759, a25077fe-07bb-4d24-852a-2756038b5eee:172.17.0.2:43751, dbde6606-63c7-4466-8c6c-a94dae6a6896:172.17.0.2:43975], old=null, confs=<EMPTY_MAP>
2020-07-14 01:24:47,252 [pool-33-thread-1] INFO  server.RaftServerConfigKeys (ConfUtils.java:logGet(44)) - raft.server.storage.dir = [/github/workspace/mnt/ozone/hadoop-ozone/integration-test/target/test-dir/MiniOzoneClusterImpl-31a00113-e241-4501-9bb7-5ef6f7363805/datanode-0/data/ratis] (custom)
2020-07-14 01:24:47,252 [pool-33-thread-1] INFO  server.RaftServerConfigKeys (ConfUtils.java:logGet(44)) - raft.server.log.corruption.policy = EXCEPTION (default)
2020-07-14 01:24:47,252 [pool-33-thread-1] INFO  storage.RaftStorageDirectory (RaftStorageDirectory.java:analyzeStorage(261)) - The storage directory /github/workspace/mnt/ozone/hadoop-ozone/integration-test/target/test-dir/MiniOzoneClusterImpl-31a00113-e241-4501-9bb7-5ef6f7363805/datanode-0/data/ratis/2288e787-514f-4a46-b9b9-adc960a4f596 does not exist. Creating ...
2020-07-14 01:24:47,252 [pool-48-thread-1] INFO  storage.RaftStorageDirectory (RaftStorageDirectory.java:tryLock(343)) - Lock on /github/workspace/mnt/ozone/hadoop-ozone/integration-test/target/test-dir/MiniOzoneClusterImpl-31a00113-e241-4501-9bb7-5ef6f7363805/datanode-1/data/ratis/d1408ffb-6354-4cf9-8f76-44ffae0ed245/in_use.lock acquired by nodename 27141@12942b6ca6eb
2020-07-14 01:24:47,254 [pool-33-thread-1] INFO  storage.RaftStorageDirectory (RaftStorageDirectory.java:tryLock(343)) - Lock on /github/workspace/mnt/ozone/hadoop-ozone/integration-test/target/test-dir/MiniOzoneClusterImpl-31a00113-e241-4501-9bb7-5ef6f7363805/datanode-0/data/ratis/2288e787-514f-4a46-b9b9-adc960a4f596/in_use.lock acquired by nodename 27141@12942b6ca6eb
2020-07-14 01:24:47,254 [pool-48-thread-1] INFO  storage.RaftStorage (RaftStorage.java:format(84)) - Storage directory /github/workspace/mnt/ozone/hadoop-ozone/integration-test/target/test-dir/MiniOzoneClusterImpl-31a00113-e241-4501-9bb7-5ef6f7363805/datanode-1/data/ratis/d1408ffb-6354-4cf9-8f76-44ffae0ed245 has been successfully formatted.
2020-07-14 01:24:47,255 [pool-48-thread-1] INFO  ratis.ContainerStateMachine (ContainerStateMachine.java:loadSnapshot(225)) - group-44FFAE0ED245: The snapshot info is null. Setting the last applied indexto:(t:0, i:~)
2020-07-14 01:24:47,256 [pool-48-thread-1] INFO  server.RaftServerConfigKeys (ConfUtils.java:logGet(44)) - raft.server.notification.no-leader.timeout = 60s (default)
2020-07-14 01:24:47,256 [pool-48-thread-1] INFO  server.RaftServerConfigKeys (ConfUtils.java:logGet(44)) - raft.server.log.use.memory = false (default)
2020-07-14 01:24:47,256 [pool-48-thread-1] INFO  server.RaftServerConfigKeys (ConfUtils.java:logGet(44)) - raft.server.log.purge.gap = 1000000 (custom)
2020-07-14 01:24:47,256 [pool-48-thread-1] INFO  server.RaftServerConfigKeys (ConfUtils.java:logGet(44)) - raft.server.log.appender.buffer.byte-limit = 33554432 (custom)
2020-07-14 01:24:47,256 [EventQueue-PipelineReportForPipelineReportHandler] INFO  pipeline.PipelineStateManager (PipelineStateManager.java:openPipeline(131)) - Pipeline Pipeline[ Id: d1408ffb-6354-4cf9-8f76-44ffae0ed245, Nodes: 5ef51406-0285-4d9b-8c48-bf2d62cee264{ip: 172.17.0.2, host: 12942b6ca6eb, networkLocation: /default-rack, certSerialId: null}, Type:RATIS, Factor:ONE, State:ALLOCATED, leaderId:5ef51406-0285-4d9b-8c48-bf2d62cee264, CreationTimestamp2020-07-14T01:24:44.221Z] moved to OPEN state
2020-07-14 01:24:47,264 [EventQueue-OpenPipelineForOneReplicaPipelineSafeModeRule] INFO  safemode.SCMSafeModeManager (SCMSafeModeManager.java:validateSafeModeExitRules(214)) - AtleastOneDatanodeReportedRule rule is successfully validated
2020-07-14 01:24:47,264 [EventQueue-OpenPipelineForHealthyPipelineSafeModeRule] INFO  safemode.SCMSafeModeManager (HealthyPipelineSafeModeRule.java:process(129)) - SCM in safe mode. Healthy pipelines reported count is 0, required healthy pipeline reported count is 1
2020-07-14 01:24:47,265 [pool-48-thread-1] INFO  server.RaftServerConfigKeys (ConfUtils.java:logGet(44)) - raft.server.log.segment.size.max = 1048576 (custom)
2020-07-14 01:24:47,265 [pool-48-thread-1] INFO  metrics.RatisMetrics (RatisMetrics.java:lambda$create$0(36)) - Creating Metrics Registry : ratis.log_worker.5ef51406-0285-4d9b-8c48-bf2d62cee264@group-44FFAE0ED245
2020-07-14 01:24:47,265 [pool-33-thread-1] INFO  storage.RaftStorage (RaftStorage.java:format(84)) - Storage directory /github/workspace/mnt/ozone/hadoop-ozone/integration-test/target/test-dir/MiniOzoneClusterImpl-31a00113-e241-4501-9bb7-5ef6f7363805/datanode-0/data/ratis/2288e787-514f-4a46-b9b9-adc960a4f596 has been successfully formatted.
2020-07-14 01:24:47,265 [pool-48-thread-1] INFO  server.RaftServerConfigKeys (ConfUtils.java:logGet(44)) - raft.server.log.segment.cache.num.max = 2 (custom)
2020-07-14 01:24:47,265 [pool-33-thread-1] INFO  ratis.ContainerStateMachine (ContainerStateMachine.java:loadSnapshot(225)) - group-ADC960A4F596: The snapshot info is null. Setting the last applied indexto:(t:0, i:~)
2020-07-14 01:24:47,266 [pool-33-thread-1] INFO  server.RaftServerConfigKeys (ConfUtils.java:logGet(44)) - raft.server.notification.no-leader.timeout = 60s (default)
2020-07-14 01:24:47,266 [pool-33-thread-1] INFO  server.RaftServerConfigKeys (ConfUtils.java:logGet(44)) - raft.server.log.use.memory = false (default)
2020-07-14 01:24:47,266 [pool-48-thread-1] INFO  segmented.SegmentedRaftLogWorker (SegmentedRaftLogWorker.java:<init>(180)) - new 5ef51406-0285-4d9b-8c48-bf2d62cee264@group-44FFAE0ED245-SegmentedRaftLogWorker for RaftStorage:Storage Directory /github/workspace/mnt/ozone/hadoop-ozone/integration-test/target/test-dir/MiniOzoneClusterImpl-31a00113-e241-4501-9bb7-5ef6f7363805/datanode-1/data/ratis/d1408ffb-6354-4cf9-8f76-44ffae0ed245
2020-07-14 01:24:47,266 [pool-33-thread-1] INFO  server.RaftServerConfigKeys (ConfUtils.java:logGet(44)) - raft.server.log.purge.gap = 1000000 (custom)
2020-07-14 01:24:47,266 [pool-33-thread-1] INFO  server.RaftServerConfigKeys (ConfUtils.java:logGet(44)) - raft.server.log.appender.buffer.byte-limit = 33554432 (custom)
2020-07-14 01:24:47,267 [pool-33-thread-1] INFO  server.RaftServerConfigKeys (ConfUtils.java:logGet(44)) - raft.server.log.segment.size.max = 1048576 (custom)
2020-07-14 01:24:47,267 [pool-33-thread-1] INFO  metrics.RatisMetrics (RatisMetrics.java:lambda$create$0(36)) - Creating Metrics Registry : ratis.log_worker.dbde6606-63c7-4466-8c6c-a94dae6a6896@group-ADC960A4F596
2020-07-14 01:24:47,267 [pool-48-thread-1] INFO  server.RaftServerConfigKeys (ConfUtils.java:logGet(44)) - raft.server.log.queue.byte-limit = 2147483647 (custom)
2020-07-14 01:24:47,267 [pool-48-thread-1] INFO  server.RaftServerConfigKeys (ConfUtils.java:logGet(44)) - raft.server.log.queue.element-limit = 1024 (custom)
2020-07-14 01:24:47,267 [pool-33-thread-1] INFO  server.RaftServerConfigKeys (ConfUtils.java:logGet(44)) - raft.server.log.segment.cache.num.max = 2 (custom)
2020-07-14 01:24:47,268 [pool-48-thread-1] INFO  server.RaftServerConfigKeys (ConfUtils.java:logGet(44)) - raft.server.log.segment.size.max = 1048576 (custom)
2020-07-14 01:24:47,268 [pool-33-thread-1] INFO  segmented.SegmentedRaftLogWorker (SegmentedRaftLogWorker.java:<init>(180)) - new dbde6606-63c7-4466-8c6c-a94dae6a6896@group-ADC960A4F596-SegmentedRaftLogWorker for RaftStorage:Storage Directory /github/workspace/mnt/ozone/hadoop-ozone/integration-test/target/test-dir/MiniOzoneClusterImpl-31a00113-e241-4501-9bb7-5ef6f7363805/datanode-0/data/ratis/2288e787-514f-4a46-b9b9-adc960a4f596
2020-07-14 01:24:47,268 [pool-48-thread-1] INFO  server.RaftServerConfigKeys (ConfUtils.java:logGet(44)) - raft.server.log.preallocated.size = 16384 (custom)
2020-07-14 01:24:47,268 [pool-33-thread-1] INFO  server.RaftServerConfigKeys (ConfUtils.java:logGet(44)) - raft.server.log.queue.byte-limit = 2147483647 (custom)
2020-07-14 01:24:47,268 [pool-48-thread-1] INFO  server.RaftServerConfigKeys (ConfUtils.java:logGet(44)) - raft.server.log.write.buffer.size = 1048576 (custom)
2020-07-14 01:24:47,268 [pool-48-thread-1] INFO  server.RaftServerConfigKeys (ConfUtils.java:logGet(44)) - raft.server.log.force.sync.num = 128 (default)
2020-07-14 01:24:47,268 [pool-33-thread-1] INFO  server.RaftServerConfigKeys (ConfUtils.java:logGet(44)) - raft.server.log.queue.element-limit = 1024 (custom)
2020-07-14 01:24:47,269 [pool-48-thread-1] INFO  server.RaftServerConfigKeys (ConfUtils.java:logGet(44)) - raft.server.log.statemachine.data.sync = true (default)
2020-07-14 01:24:47,269 [pool-48-thread-1] INFO  server.RaftServerConfigKeys (ConfUtils.java:logGet(44)) - raft.server.log.statemachine.data.sync.timeout = 10s (default)
2020-07-14 01:24:47,269 [pool-48-thread-1] INFO  server.RaftServerConfigKeys (ConfUtils.java:logGet(44)) - raft.server.log.statemachine.data.sync.timeout.retry = -1 (default)
2020-07-14 01:24:47,269 [pool-33-thread-1] INFO  server.RaftServerConfigKeys (ConfUtils.java:logGet(44)) - raft.server.log.segment.size.max = 1048576 (custom)
2020-07-14 01:24:47,270 [pool-48-thread-1] INFO  server.RaftServerConfigKeys (ConfUtils.java:logGet(44)) - raft.server.log.statemachine.data.caching.enabled = true (custom)
2020-07-14 01:24:47,272 [pool-33-thread-1] INFO  server.RaftServerConfigKeys (ConfUtils.java:logGet(44)) - raft.server.log.preallocated.size = 16384 (custom)
2020-07-14 01:24:47,272 [pool-33-thread-1] INFO  server.RaftServerConfigKeys (ConfUtils.java:logGet(44)) - raft.server.log.write.buffer.size = 1048576 (custom)
2020-07-14 01:24:47,272 [pool-48-thread-1] INFO  segmented.SegmentedRaftLogWorker (SegmentedRaftLogWorker.java:lambda$new$0(129)) - 5ef51406-0285-4d9b-8c48-bf2d62cee264@group-44FFAE0ED245-SegmentedRaftLogWorker: flushIndex: setUnconditionally 0 -> -1
2020-07-14 01:24:47,272 [pool-33-thread-1] INFO  server.RaftServerConfigKeys (ConfUtils.java:logGet(44)) - raft.server.log.force.sync.num = 128 (default)
2020-07-14 01:24:47,272 [pool-48-thread-1] INFO  segmented.SegmentedRaftLogWorker (SegmentedRaftLogWorker.java:lambda$new$0(129)) - 5ef51406-0285-4d9b-8c48-bf2d62cee264@group-44FFAE0ED245-SegmentedRaftLogWorker: safeCacheEvictIndex: setUnconditionally 0 -> -1
2020-07-14 01:24:47,273 [pool-33-thread-1] INFO  server.RaftServerConfigKeys (ConfUtils.java:logGet(44)) - raft.server.log.statemachine.data.sync = true (default)
2020-07-14 01:24:47,273 [pool-33-thread-1] INFO  server.RaftServerConfigKeys (ConfUtils.java:logGet(44)) - raft.server.log.statemachine.data.sync.timeout = 10s (default)
2020-07-14 01:24:47,273 [pool-33-thread-1] INFO  server.RaftServerConfigKeys (ConfUtils.java:logGet(44)) - raft.server.log.statemachine.data.sync.timeout.retry = -1 (default)
2020-07-14 01:24:47,276 [pool-48-thread-1] INFO  server.RaftServerConfigKeys (ConfUtils.java:logGet(44)) - raft.server.snapshot.auto.trigger.enabled = true (custom)
2020-07-14 01:24:47,276 [pool-48-thread-1] INFO  server.RaftServerConfigKeys (ConfUtils.java:logGet(44)) - raft.server.snapshot.auto.trigger.threshold = 10000 (custom)
2020-07-14 01:24:47,277 [pool-48-thread-1] INFO  server.RaftServerConfigKeys (ConfUtils.java:logGet(44)) - raft.server.snapshot.retention.file.num = 5 (custom)
2020-07-14 01:24:47,277 [pool-48-thread-1] INFO  server.RaftServerConfigKeys (ConfUtils.java:logGet(44)) - raft.server.log.purge.upto.snapshot.index = false (default)
2020-07-14 01:24:47,277 [pool-48-thread-1] INFO  server.RaftServerConfigKeys (ConfUtils.java:logGet(44)) - raft.server.retrycache.expirytime = 600000ms (custom)
2020-07-14 01:24:47,277 [pool-48-thread-1] INFO  metrics.RatisMetrics (RatisMetrics.java:lambda$create$0(36)) - Creating Metrics Registry : ratis.leader_election.5ef51406-0285-4d9b-8c48-bf2d62cee264@group-44FFAE0ED245
2020-07-14 01:24:47,277 [pool-33-thread-1] INFO  server.RaftServerConfigKeys (ConfUtils.java:logGet(44)) - raft.server.log.statemachine.data.caching.enabled = true (custom)
2020-07-14 01:24:47,278 [pool-33-thread-1] INFO  segmented.SegmentedRaftLogWorker (SegmentedRaftLogWorker.java:lambda$new$0(129)) - dbde6606-63c7-4466-8c6c-a94dae6a6896@group-ADC960A4F596-SegmentedRaftLogWorker: flushIndex: setUnconditionally 0 -> -1
2020-07-14 01:24:47,278 [pool-33-thread-1] INFO  segmented.SegmentedRaftLogWorker (SegmentedRaftLogWorker.java:lambda$new$0(129)) - dbde6606-63c7-4466-8c6c-a94dae6a6896@group-ADC960A4F596-SegmentedRaftLogWorker: safeCacheEvictIndex: setUnconditionally 0 -> -1
2020-07-14 01:24:47,278 [pool-48-thread-1] INFO  metrics.RatisMetrics (RatisMetrics.java:lambda$create$0(36)) - Creating Metrics Registry : ratis.server.5ef51406-0285-4d9b-8c48-bf2d62cee264@group-44FFAE0ED245
2020-07-14 01:24:47,279 [pool-48-thread-1] INFO  impl.RaftServerImpl (RaftServerImpl.java:start(186)) - 5ef51406-0285-4d9b-8c48-bf2d62cee264@group-44FFAE0ED245: start as a follower, conf=-1: [5ef51406-0285-4d9b-8c48-bf2d62cee264:172.17.0.2:43759], old=null
2020-07-14 01:24:47,279 [pool-48-thread-1] INFO  impl.RaftServerImpl (RaftServerImpl.java:setRole(175)) - 5ef51406-0285-4d9b-8c48-bf2d62cee264@group-44FFAE0ED245: changes role from      null to FOLLOWER at term 0 for startAsFollower
2020-07-14 01:24:47,280 [pool-48-thread-1] INFO  impl.RoleInfo (RoleInfo.java:updateAndGet(143)) - 5ef51406-0285-4d9b-8c48-bf2d62cee264: start FollowerState
2020-07-14 01:24:47,280 [pool-33-thread-1] INFO  server.RaftServerConfigKeys (ConfUtils.java:logGet(44)) - raft.server.snapshot.auto.trigger.enabled = true (custom)
2020-07-14 01:24:47,281 [pool-33-thread-1] INFO  server.RaftServerConfigKeys (ConfUtils.java:logGet(44)) - raft.server.snapshot.auto.trigger.threshold = 10000 (custom)
2020-07-14 01:24:47,281 [pool-33-thread-1] INFO  server.RaftServerConfigKeys (ConfUtils.java:logGet(44)) - raft.server.snapshot.retention.file.num = 5 (custom)
2020-07-14 01:24:47,281 [pool-33-thread-1] INFO  server.RaftServerConfigKeys (ConfUtils.java:logGet(44)) - raft.server.log.purge.upto.snapshot.index = false (default)
2020-07-14 01:24:47,282 [pool-33-thread-1] INFO  server.RaftServerConfigKeys (ConfUtils.java:logGet(44)) - raft.server.retrycache.expirytime = 600000ms (custom)
2020-07-14 01:24:47,282 [pool-33-thread-1] INFO  metrics.RatisMetrics (RatisMetrics.java:lambda$create$0(36)) - Creating Metrics Registry : ratis.leader_election.dbde6606-63c7-4466-8c6c-a94dae6a6896@group-ADC960A4F596
2020-07-14 01:24:47,282 [pool-33-thread-1] INFO  metrics.RatisMetrics (RatisMetrics.java:lambda$create$0(36)) - Creating Metrics Registry : ratis.server.dbde6606-63c7-4466-8c6c-a94dae6a6896@group-ADC960A4F596
2020-07-14 01:24:47,283 [pool-33-thread-1] INFO  impl.RaftServerImpl (RaftServerImpl.java:start(186)) - dbde6606-63c7-4466-8c6c-a94dae6a6896@group-ADC960A4F596: start as a follower, conf=-1: [5ef51406-0285-4d9b-8c48-bf2d62cee264:172.17.0.2:43759, a25077fe-07bb-4d24-852a-2756038b5eee:172.17.0.2:43751, dbde6606-63c7-4466-8c6c-a94dae6a6896:172.17.0.2:43975], old=null
2020-07-14 01:24:47,283 [pool-33-thread-1] INFO  impl.RaftServerImpl (RaftServerImpl.java:setRole(175)) - dbde6606-63c7-4466-8c6c-a94dae6a6896@group-ADC960A4F596: changes role from      null to FOLLOWER at term 0 for startAsFollower
2020-07-14 01:24:47,283 [pool-33-thread-1] INFO  impl.RoleInfo (RoleInfo.java:updateAndGet(143)) - dbde6606-63c7-4466-8c6c-a94dae6a6896: start FollowerState
2020-07-14 01:24:47,281 [pool-48-thread-1] INFO  util.JmxRegister (JmxRegister.java:tryRegister(44)) - Successfully registered JMX Bean with object name Ratis:service=RaftServer,group=group-44FFAE0ED245,id=5ef51406-0285-4d9b-8c48-bf2d62cee264
2020-07-14 01:24:47,283 [pool-48-thread-1] INFO  metrics.RatisMetrics (RatisMetrics.java:lambda$create$0(36)) - Creating Metrics Registry : ratis.state_machine.5ef51406-0285-4d9b-8c48-bf2d62cee264@group-44FFAE0ED245
2020-07-14 01:24:47,284 [pool-33-thread-1] INFO  util.JmxRegister (JmxRegister.java:tryRegister(44)) - Successfully registered JMX Bean with object name Ratis:service=RaftServer,group=group-ADC960A4F596,id=dbde6606-63c7-4466-8c6c-a94dae6a6896
2020-07-14 01:24:47,284 [pool-33-thread-1] INFO  metrics.RatisMetrics (RatisMetrics.java:lambda$create$0(36)) - Creating Metrics Registry : ratis.state_machine.dbde6606-63c7-4466-8c6c-a94dae6a6896@group-ADC960A4F596
2020-07-14 01:24:47,293 [Command processor thread] INFO  commandhandler.CreatePipelineCommandHandler (CreatePipelineCommandHandler.java:handle(109)) - Created Pipeline RATIS ONE #id: "d1408ffb-6354-4cf9-8f76-44ffae0ed245"
uuid128 {
  mostSigBits: -3368534211407098631
  leastSigBits: -8109218214106443195
}
.
2020-07-14 01:24:47,294 [Command processor thread] INFO  impl.RaftServerProxy (RaftServerProxy.java:addNew(89)) - 5ef51406-0285-4d9b-8c48-bf2d62cee264: addNew group-ADC960A4F596:[5ef51406-0285-4d9b-8c48-bf2d62cee264:172.17.0.2:43759, a25077fe-07bb-4d24-852a-2756038b5eee:172.17.0.2:43751, dbde6606-63c7-4466-8c6c-a94dae6a6896:172.17.0.2:43975] returns group-ADC960A4F596:java.util.concurrent.CompletableFuture@2a080737[Not completed]
2020-07-14 01:24:47,295 [pool-48-thread-1] INFO  impl.RaftServerImpl (RaftServerImpl.java:<init>(99)) - 5ef51406-0285-4d9b-8c48-bf2d62cee264: new RaftServerImpl for group-ADC960A4F596:[5ef51406-0285-4d9b-8c48-bf2d62cee264:172.17.0.2:43759, a25077fe-07bb-4d24-852a-2756038b5eee:172.17.0.2:43751, dbde6606-63c7-4466-8c6c-a94dae6a6896:172.17.0.2:43975] with ContainerStateMachine:uninitialized
2020-07-14 01:24:47,295 [pool-48-thread-1] INFO  server.RaftServerConfigKeys (ConfUtils.java:logGet(44)) - raft.server.rpc.timeout.min = 5s (custom)
2020-07-14 01:24:47,295 [pool-48-thread-1] INFO  server.RaftServerConfigKeys (ConfUtils.java:logGet(44)) - raft.server.rpc.timeout.max = 5200ms (custom)
2020-07-14 01:24:47,296 [pool-48-thread-1] INFO  server.RaftServerConfigKeys (ConfUtils.java:logGet(44)) - raft.server.rpcslowness.timeout = 1000000ms (custom)
2020-07-14 01:24:47,296 [pool-48-thread-1] INFO  server.RaftServerConfigKeys (ConfUtils.java:logGet(44)) - raft.server.sleep.deviation.threshold = 300 (default)
2020-07-14 01:24:47,296 [pool-48-thread-1] INFO  server.RaftServerConfigKeys (ConfUtils.java:logGet(44)) - raft.server.log.appender.install.snapshot.enabled = false (custom)
2020-07-14 01:24:47,296 [pool-48-thread-1] INFO  impl.RaftServerImpl (ServerState.java:<init>(103)) - 5ef51406-0285-4d9b-8c48-bf2d62cee264@group-ADC960A4F596: ConfigurationManager, init=-1: [5ef51406-0285-4d9b-8c48-bf2d62cee264:172.17.0.2:43759, a25077fe-07bb-4d24-852a-2756038b5eee:172.17.0.2:43751, dbde6606-63c7-4466-8c6c-a94dae6a6896:172.17.0.2:43975], old=null, confs=<EMPTY_MAP>
2020-07-14 01:24:47,296 [pool-48-thread-1] INFO  server.RaftServerConfigKeys (ConfUtils.java:logGet(44)) - raft.server.storage.dir = [/github/workspace/mnt/ozone/hadoop-ozone/integration-test/target/test-dir/MiniOzoneClusterImpl-31a00113-e241-4501-9bb7-5ef6f7363805/datanode-1/data/ratis] (custom)
2020-07-14 01:24:47,296 [pool-48-thread-1] INFO  server.RaftServerConfigKeys (ConfUtils.java:logGet(44)) - raft.server.log.corruption.policy = EXCEPTION (default)
2020-07-14 01:24:47,296 [pool-48-thread-1] INFO  storage.RaftStorageDirectory (RaftStorageDirectory.java:analyzeStorage(261)) - The storage directory /github/workspace/mnt/ozone/hadoop-ozone/integration-test/target/test-dir/MiniOzoneClusterImpl-31a00113-e241-4501-9bb7-5ef6f7363805/datanode-1/data/ratis/2288e787-514f-4a46-b9b9-adc960a4f596 does not exist. Creating ...
2020-07-14 01:24:47,298 [pool-48-thread-1] INFO  storage.RaftStorageDirectory (RaftStorageDirectory.java:tryLock(343)) - Lock on /github/workspace/mnt/ozone/hadoop-ozone/integration-test/target/test-dir/MiniOzoneClusterImpl-31a00113-e241-4501-9bb7-5ef6f7363805/datanode-1/data/ratis/2288e787-514f-4a46-b9b9-adc960a4f596/in_use.lock acquired by nodename 27141@12942b6ca6eb
2020-07-14 01:24:47,301 [pool-48-thread-1] INFO  storage.RaftStorage (RaftStorage.java:format(84)) - Storage directory /github/workspace/mnt/ozone/hadoop-ozone/integration-test/target/test-dir/MiniOzoneClusterImpl-31a00113-e241-4501-9bb7-5ef6f7363805/datanode-1/data/ratis/2288e787-514f-4a46-b9b9-adc960a4f596 has been successfully formatted.
2020-07-14 01:24:47,301 [pool-48-thread-1] INFO  ratis.ContainerStateMachine (ContainerStateMachine.java:loadSnapshot(225)) - group-ADC960A4F596: The snapshot info is null. Setting the last applied indexto:(t:0, i:~)
2020-07-14 01:24:47,302 [pool-48-thread-1] INFO  server.RaftServerConfigKeys (ConfUtils.java:logGet(44)) - raft.server.notification.no-leader.timeout = 60s (default)
2020-07-14 01:24:47,302 [pool-48-thread-1] INFO  server.RaftServerConfigKeys (ConfUtils.java:logGet(44)) - raft.server.log.use.memory = false (default)
2020-07-14 01:24:47,302 [pool-48-thread-1] INFO  server.RaftServerConfigKeys (ConfUtils.java:logGet(44)) - raft.server.log.purge.gap = 1000000 (custom)
2020-07-14 01:24:47,302 [pool-48-thread-1] INFO  server.RaftServerConfigKeys (ConfUtils.java:logGet(44)) - raft.server.log.appender.buffer.byte-limit = 33554432 (custom)
2020-07-14 01:24:47,302 [pool-48-thread-1] INFO  server.RaftServerConfigKeys (ConfUtils.java:logGet(44)) - raft.server.log.segment.size.max = 1048576 (custom)
2020-07-14 01:24:47,302 [pool-48-thread-1] INFO  metrics.RatisMetrics (RatisMetrics.java:lambda$create$0(36)) - Creating Metrics Registry : ratis.log_worker.5ef51406-0285-4d9b-8c48-bf2d62cee264@group-ADC960A4F596
2020-07-14 01:24:47,303 [pool-48-thread-1] INFO  server.RaftServerConfigKeys (ConfUtils.java:logGet(44)) - raft.server.log.segment.cache.num.max = 2 (custom)
2020-07-14 01:24:47,303 [Listener at 127.0.0.1/42259] INFO  ozone.MiniOzoneClusterImpl (MiniOzoneClusterImpl.java:lambda$waitForClusterToBeReady$0(177)) - Nodes are ready. Got 3 of 3 DN Heartbeats.
2020-07-14 01:24:47,303 [Listener at 127.0.0.1/42259] INFO  ozone.MiniOzoneClusterImpl (MiniOzoneClusterImpl.java:lambda$waitForClusterToBeReady$0(180)) - Waiting for cluster to exit safe mode
2020-07-14 01:24:47,303 [pool-48-thread-1] INFO  segmented.SegmentedRaftLogWorker (SegmentedRaftLogWorker.java:<init>(180)) - new 5ef51406-0285-4d9b-8c48-bf2d62cee264@group-ADC960A4F596-SegmentedRaftLogWorker for RaftStorage:Storage Directory /github/workspace/mnt/ozone/hadoop-ozone/integration-test/target/test-dir/MiniOzoneClusterImpl-31a00113-e241-4501-9bb7-5ef6f7363805/datanode-1/data/ratis/2288e787-514f-4a46-b9b9-adc960a4f596
2020-07-14 01:24:47,303 [pool-48-thread-1] INFO  server.RaftServerConfigKeys (ConfUtils.java:logGet(44)) - raft.server.log.queue.byte-limit = 2147483647 (custom)
2020-07-14 01:24:47,303 [pool-48-thread-1] INFO  server.RaftServerConfigKeys (ConfUtils.java:logGet(44)) - raft.server.log.queue.element-limit = 1024 (custom)
2020-07-14 01:24:47,303 [pool-48-thread-1] INFO  server.RaftServerConfigKeys (ConfUtils.java:logGet(44)) - raft.server.log.segment.size.max = 1048576 (custom)
2020-07-14 01:24:47,303 [pool-48-thread-1] INFO  server.RaftServerConfigKeys (ConfUtils.java:logGet(44)) - raft.server.log.preallocated.size = 16384 (custom)
2020-07-14 01:24:47,303 [pool-48-thread-1] INFO  server.RaftServerConfigKeys (ConfUtils.java:logGet(44)) - raft.server.log.write.buffer.size = 1048576 (custom)
2020-07-14 01:24:47,304 [pool-48-thread-1] INFO  server.RaftServerConfigKeys (ConfUtils.java:logGet(44)) - raft.server.log.force.sync.num = 128 (default)
2020-07-14 01:24:47,304 [pool-48-thread-1] INFO  server.RaftServerConfigKeys (ConfUtils.java:logGet(44)) - raft.server.log.statemachine.data.sync = true (default)
2020-07-14 01:24:47,304 [pool-48-thread-1] INFO  server.RaftServerConfigKeys (ConfUtils.java:logGet(44)) - raft.server.log.statemachine.data.sync.timeout = 10s (default)
2020-07-14 01:24:47,304 [pool-48-thread-1] INFO  server.RaftServerConfigKeys (ConfUtils.java:logGet(44)) - raft.server.log.statemachine.data.sync.timeout.retry = -1 (default)
2020-07-14 01:24:47,305 [pool-48-thread-1] INFO  server.RaftServerConfigKeys (ConfUtils.java:logGet(44)) - raft.server.log.statemachine.data.caching.enabled = true (custom)
2020-07-14 01:24:47,305 [pool-48-thread-1] INFO  segmented.SegmentedRaftLogWorker (SegmentedRaftLogWorker.java:lambda$new$0(129)) - 5ef51406-0285-4d9b-8c48-bf2d62cee264@group-ADC960A4F596-SegmentedRaftLogWorker: flushIndex: setUnconditionally 0 -> -1
2020-07-14 01:24:47,305 [pool-48-thread-1] INFO  segmented.SegmentedRaftLogWorker (SegmentedRaftLogWorker.java:lambda$new$0(129)) - 5ef51406-0285-4d9b-8c48-bf2d62cee264@group-ADC960A4F596-SegmentedRaftLogWorker: safeCacheEvictIndex: setUnconditionally 0 -> -1
2020-07-14 01:24:47,314 [pool-48-thread-1] INFO  server.RaftServerConfigKeys (ConfUtils.java:logGet(44)) - raft.server.snapshot.auto.trigger.enabled = true (custom)
2020-07-14 01:24:47,314 [Command processor thread] INFO  impl.RaftServerProxy (RaftServerProxy.java:addNew(89)) - a25077fe-07bb-4d24-852a-2756038b5eee: addNew group-C677E94F832A:[a25077fe-07bb-4d24-852a-2756038b5eee:172.17.0.2:43751] returns group-C677E94F832A:java.util.concurrent.CompletableFuture@4222ce65[Not completed]
2020-07-14 01:24:47,314 [pool-48-thread-1] INFO  server.RaftServerConfigKeys (ConfUtils.java:logGet(44)) - raft.server.snapshot.auto.trigger.threshold = 10000 (custom)
2020-07-14 01:24:47,314 [pool-48-thread-1] INFO  server.RaftServerConfigKeys (ConfUtils.java:logGet(44)) - raft.server.snapshot.retention.file.num = 5 (custom)
2020-07-14 01:24:47,314 [pool-48-thread-1] INFO  server.RaftServerConfigKeys (ConfUtils.java:logGet(44)) - raft.server.log.purge.upto.snapshot.index = false (default)
2020-07-14 01:24:47,314 [pool-48-thread-1] INFO  server.RaftServerConfigKeys (ConfUtils.java:logGet(44)) - raft.server.retrycache.expirytime = 600000ms (custom)
2020-07-14 01:24:47,314 [pool-48-thread-1] INFO  metrics.RatisMetrics (RatisMetrics.java:lambda$create$0(36)) - Creating Metrics Registry : ratis.leader_election.5ef51406-0285-4d9b-8c48-bf2d62cee264@group-ADC960A4F596
2020-07-14 01:24:47,315 [pool-48-thread-1] INFO  metrics.RatisMetrics (RatisMetrics.java:lambda$create$0(36)) - Creating Metrics Registry : ratis.server.5ef51406-0285-4d9b-8c48-bf2d62cee264@group-ADC960A4F596
2020-07-14 01:24:47,316 [pool-48-thread-1] INFO  impl.RaftServerImpl (RaftServerImpl.java:start(186)) - 5ef51406-0285-4d9b-8c48-bf2d62cee264@group-ADC960A4F596: start as a follower, conf=-1: [5ef51406-0285-4d9b-8c48-bf2d62cee264:172.17.0.2:43759, a25077fe-07bb-4d24-852a-2756038b5eee:172.17.0.2:43751, dbde6606-63c7-4466-8c6c-a94dae6a6896:172.17.0.2:43975], old=null
2020-07-14 01:24:47,316 [pool-48-thread-1] INFO  impl.RaftServerImpl (RaftServerImpl.java:setRole(175)) - 5ef51406-0285-4d9b-8c48-bf2d62cee264@group-ADC960A4F596: changes role from      null to FOLLOWER at term 0 for startAsFollower
2020-07-14 01:24:47,316 [pool-48-thread-1] INFO  impl.RoleInfo (RoleInfo.java:updateAndGet(143)) - 5ef51406-0285-4d9b-8c48-bf2d62cee264: start FollowerState
2020-07-14 01:24:47,318 [pool-63-thread-1] INFO  impl.RaftServerImpl (RaftServerImpl.java:<init>(99)) - a25077fe-07bb-4d24-852a-2756038b5eee: new RaftServerImpl for group-C677E94F832A:[a25077fe-07bb-4d24-852a-2756038b5eee:172.17.0.2:43751] with ContainerStateMachine:uninitialized
2020-07-14 01:24:47,318 [pool-63-thread-1] INFO  server.RaftServerConfigKeys (ConfUtils.java:logGet(44)) - raft.server.rpc.timeout.min = 5s (custom)
2020-07-14 01:24:47,318 [pool-63-thread-1] INFO  server.RaftServerConfigKeys (ConfUtils.java:logGet(44)) - raft.server.rpc.timeout.max = 5200ms (custom)
2020-07-14 01:24:47,318 [pool-63-thread-1] INFO  server.RaftServerConfigKeys (ConfUtils.java:logGet(44)) - raft.server.rpcslowness.timeout = 1000000ms (custom)
2020-07-14 01:24:47,318 [pool-63-thread-1] INFO  server.RaftServerConfigKeys (ConfUtils.java:logGet(44)) - raft.server.sleep.deviation.threshold = 300 (default)
2020-07-14 01:24:47,318 [pool-63-thread-1] INFO  server.RaftServerConfigKeys (ConfUtils.java:logGet(44)) - raft.server.log.appender.install.snapshot.enabled = false (custom)
2020-07-14 01:24:47,318 [pool-63-thread-1] INFO  impl.RaftServerImpl (ServerState.java:<init>(103)) - a25077fe-07bb-4d24-852a-2756038b5eee@group-C677E94F832A: ConfigurationManager, init=-1: [a25077fe-07bb-4d24-852a-2756038b5eee:172.17.0.2:43751], old=null, confs=<EMPTY_MAP>
2020-07-14 01:24:47,319 [pool-63-thread-1] INFO  server.RaftServerConfigKeys (ConfUtils.java:logGet(44)) - raft.server.storage.dir = [/github/workspace/mnt/ozone/hadoop-ozone/integration-test/target/test-dir/MiniOzoneClusterImpl-31a00113-e241-4501-9bb7-5ef6f7363805/datanode-2/data/ratis] (custom)
2020-07-14 01:24:47,319 [pool-63-thread-1] INFO  server.RaftServerConfigKeys (ConfUtils.java:logGet(44)) - raft.server.log.corruption.policy = EXCEPTION (default)
2020-07-14 01:24:47,319 [pool-63-thread-1] INFO  storage.RaftStorageDirectory (RaftStorageDirectory.java:analyzeStorage(261)) - The storage directory /github/workspace/mnt/ozone/hadoop-ozone/integration-test/target/test-dir/MiniOzoneClusterImpl-31a00113-e241-4501-9bb7-5ef6f7363805/datanode-2/data/ratis/9d833387-a051-43e8-8498-c677e94f832a does not exist. Creating ...
2020-07-14 01:24:47,325 [pool-48-thread-1] INFO  util.JmxRegister (JmxRegister.java:tryRegister(44)) - Successfully registered JMX Bean with object name Ratis:service=RaftServer,group=group-ADC960A4F596,id=5ef51406-0285-4d9b-8c48-bf2d62cee264
2020-07-14 01:24:47,329 [pool-48-thread-1] INFO  metrics.RatisMetrics (RatisMetrics.java:lambda$create$0(36)) - Creating Metrics Registry : ratis.state_machine.5ef51406-0285-4d9b-8c48-bf2d62cee264@group-ADC960A4F596
2020-07-14 01:24:47,332 [pool-63-thread-1] INFO  storage.RaftStorageDirectory (RaftStorageDirectory.java:tryLock(343)) - Lock on /github/workspace/mnt/ozone/hadoop-ozone/integration-test/target/test-dir/MiniOzoneClusterImpl-31a00113-e241-4501-9bb7-5ef6f7363805/datanode-2/data/ratis/9d833387-a051-43e8-8498-c677e94f832a/in_use.lock acquired by nodename 27141@12942b6ca6eb
2020-07-14 01:24:47,338 [pool-63-thread-1] INFO  storage.RaftStorage (RaftStorage.java:format(84)) - Storage directory /github/workspace/mnt/ozone/hadoop-ozone/integration-test/target/test-dir/MiniOzoneClusterImpl-31a00113-e241-4501-9bb7-5ef6f7363805/datanode-2/data/ratis/9d833387-a051-43e8-8498-c677e94f832a has been successfully formatted.
2020-07-14 01:24:47,342 [pool-63-thread-1] INFO  ratis.ContainerStateMachine (ContainerStateMachine.java:loadSnapshot(225)) - group-C677E94F832A: The snapshot info is null. Setting the last applied indexto:(t:0, i:~)
2020-07-14 01:24:47,342 [pool-63-thread-1] INFO  server.RaftServerConfigKeys (ConfUtils.java:logGet(44)) - raft.server.notification.no-leader.timeout = 60s (default)
2020-07-14 01:24:47,342 [pool-63-thread-1] INFO  server.RaftServerConfigKeys (ConfUtils.java:logGet(44)) - raft.server.log.use.memory = false (default)
2020-07-14 01:24:47,342 [pool-63-thread-1] INFO  server.RaftServerConfigKeys (ConfUtils.java:logGet(44)) - raft.server.log.purge.gap = 1000000 (custom)
2020-07-14 01:24:47,342 [pool-63-thread-1] INFO  server.RaftServerConfigKeys (ConfUtils.java:logGet(44)) - raft.server.log.appender.buffer.byte-limit = 33554432 (custom)
2020-07-14 01:24:47,342 [pool-63-thread-1] INFO  server.RaftServerConfigKeys (ConfUtils.java:logGet(44)) - raft.server.log.segment.size.max = 1048576 (custom)
2020-07-14 01:24:47,342 [pool-63-thread-1] INFO  metrics.RatisMetrics (RatisMetrics.java:lambda$create$0(36)) - Creating Metrics Registry : ratis.log_worker.a25077fe-07bb-4d24-852a-2756038b5eee@group-C677E94F832A
2020-07-14 01:24:47,343 [pool-63-thread-1] INFO  server.RaftServerConfigKeys (ConfUtils.java:logGet(44)) - raft.server.log.segment.cache.num.max = 2 (custom)
2020-07-14 01:24:47,343 [pool-63-thread-1] INFO  segmented.SegmentedRaftLogWorker (SegmentedRaftLogWorker.java:<init>(180)) - new a25077fe-07bb-4d24-852a-2756038b5eee@group-C677E94F832A-SegmentedRaftLogWorker for RaftStorage:Storage Directory /github/workspace/mnt/ozone/hadoop-ozone/integration-test/target/test-dir/MiniOzoneClusterImpl-31a00113-e241-4501-9bb7-5ef6f7363805/datanode-2/data/ratis/9d833387-a051-43e8-8498-c677e94f832a
2020-07-14 01:24:47,343 [pool-63-thread-1] INFO  server.RaftServerConfigKeys (ConfUtils.java:logGet(44)) - raft.server.log.queue.byte-limit = 2147483647 (custom)
2020-07-14 01:24:47,343 [pool-63-thread-1] INFO  server.RaftServerConfigKeys (ConfUtils.java:logGet(44)) - raft.server.log.queue.element-limit = 1024 (custom)
2020-07-14 01:24:47,343 [pool-63-thread-1] INFO  server.RaftServerConfigKeys (ConfUtils.java:logGet(44)) - raft.server.log.segment.size.max = 1048576 (custom)
2020-07-14 01:24:47,343 [pool-63-thread-1] INFO  server.RaftServerConfigKeys (ConfUtils.java:logGet(44)) - raft.server.log.preallocated.size = 16384 (custom)
2020-07-14 01:24:47,343 [pool-63-thread-1] INFO  server.RaftServerConfigKeys (ConfUtils.java:logGet(44)) - raft.server.log.write.buffer.size = 1048576 (custom)
2020-07-14 01:24:47,343 [pool-63-thread-1] INFO  server.RaftServerConfigKeys (ConfUtils.java:logGet(44)) - raft.server.log.force.sync.num = 128 (default)
2020-07-14 01:24:47,343 [pool-63-thread-1] INFO  server.RaftServerConfigKeys (ConfUtils.java:logGet(44)) - raft.server.log.statemachine.data.sync = true (default)
2020-07-14 01:24:47,344 [pool-63-thread-1] INFO  server.RaftServerConfigKeys (ConfUtils.java:logGet(44)) - raft.server.log.statemachine.data.sync.timeout = 10s (default)
2020-07-14 01:24:47,344 [pool-63-thread-1] INFO  server.RaftServerConfigKeys (ConfUtils.java:logGet(44)) - raft.server.log.statemachine.data.sync.timeout.retry = -1 (default)
2020-07-14 01:24:47,346 [EventQueue-PipelineReportForPipelineReportHandler] INFO  pipeline.PipelineStateManager (PipelineStateManager.java:openPipeline(131)) - Pipeline Pipeline[ Id: 9d833387-a051-43e8-8498-c677e94f832a, Nodes: a25077fe-07bb-4d24-852a-2756038b5eee{ip: 172.17.0.2, host: 12942b6ca6eb, networkLocation: /default-rack, certSerialId: null}, Type:RATIS, Factor:ONE, State:ALLOCATED, leaderId:a25077fe-07bb-4d24-852a-2756038b5eee, CreationTimestamp2020-07-14T01:24:44.315Z] moved to OPEN state
2020-07-14 01:24:47,346 [EventQueue-OpenPipelineForOneReplicaPipelineSafeModeRule] INFO  safemode.SCMSafeModeManager (SCMSafeModeManager.java:validateSafeModeExitRules(214)) - AtleastOneDatanodeReportedRule rule is successfully validated
2020-07-14 01:24:47,346 [EventQueue-OpenPipelineForHealthyPipelineSafeModeRule] INFO  safemode.SCMSafeModeManager (HealthyPipelineSafeModeRule.java:process(129)) - SCM in safe mode. Healthy pipelines reported count is 0, required healthy pipeline reported count is 1
2020-07-14 01:24:47,349 [pool-63-thread-1] INFO  server.RaftServerConfigKeys (ConfUtils.java:logGet(44)) - raft.server.log.statemachine.data.caching.enabled = true (custom)
2020-07-14 01:24:47,349 [pool-63-thread-1] INFO  segmented.SegmentedRaftLogWorker (SegmentedRaftLogWorker.java:lambda$new$0(129)) - a25077fe-07bb-4d24-852a-2756038b5eee@group-C677E94F832A-SegmentedRaftLogWorker: flushIndex: setUnconditionally 0 -> -1
2020-07-14 01:24:47,349 [pool-63-thread-1] INFO  segmented.SegmentedRaftLogWorker (SegmentedRaftLogWorker.java:lambda$new$0(129)) - a25077fe-07bb-4d24-852a-2756038b5eee@group-C677E94F832A-SegmentedRaftLogWorker: safeCacheEvictIndex: setUnconditionally 0 -> -1
2020-07-14 01:24:47,349 [pool-63-thread-1] INFO  server.RaftServerConfigKeys (ConfUtils.java:logGet(44)) - raft.server.snapshot.auto.trigger.enabled = true (custom)
2020-07-14 01:24:47,349 [pool-63-thread-1] INFO  server.RaftServerConfigKeys (ConfUtils.java:logGet(44)) - raft.server.snapshot.auto.trigger.threshold = 10000 (custom)
2020-07-14 01:24:47,350 [pool-63-thread-1] INFO  server.RaftServerConfigKeys (ConfUtils.java:logGet(44)) - raft.server.snapshot.retention.file.num = 5 (custom)
2020-07-14 01:24:47,350 [pool-63-thread-1] INFO  server.RaftServerConfigKeys (ConfUtils.java:logGet(44)) - raft.server.log.purge.upto.snapshot.index = false (default)
2020-07-14 01:24:47,350 [pool-63-thread-1] INFO  server.RaftServerConfigKeys (ConfUtils.java:logGet(44)) - raft.server.retrycache.expirytime = 600000ms (custom)
2020-07-14 01:24:47,350 [pool-63-thread-1] INFO  metrics.RatisMetrics (RatisMetrics.java:lambda$create$0(36)) - Creating Metrics Registry : ratis.leader_election.a25077fe-07bb-4d24-852a-2756038b5eee@group-C677E94F832A
2020-07-14 01:24:47,350 [pool-63-thread-1] INFO  metrics.RatisMetrics (RatisMetrics.java:lambda$create$0(36)) - Creating Metrics Registry : ratis.server.a25077fe-07bb-4d24-852a-2756038b5eee@group-C677E94F832A
2020-07-14 01:24:47,351 [pool-63-thread-1] INFO  impl.RaftServerImpl (RaftServerImpl.java:start(186)) - a25077fe-07bb-4d24-852a-2756038b5eee@group-C677E94F832A: start as a follower, conf=-1: [a25077fe-07bb-4d24-852a-2756038b5eee:172.17.0.2:43751], old=null
2020-07-14 01:24:47,351 [pool-63-thread-1] INFO  impl.RaftServerImpl (RaftServerImpl.java:setRole(175)) - a25077fe-07bb-4d24-852a-2756038b5eee@group-C677E94F832A: changes role from      null to FOLLOWER at term 0 for startAsFollower
2020-07-14 01:24:47,351 [pool-63-thread-1] INFO  impl.RoleInfo (RoleInfo.java:updateAndGet(143)) - a25077fe-07bb-4d24-852a-2756038b5eee: start FollowerState
2020-07-14 01:24:47,357 [pool-63-thread-1] INFO  util.JmxRegister (JmxRegister.java:tryRegister(44)) - Successfully registered JMX Bean with object name Ratis:service=RaftServer,group=group-C677E94F832A,id=a25077fe-07bb-4d24-852a-2756038b5eee
2020-07-14 01:24:47,357 [pool-63-thread-1] INFO  metrics.RatisMetrics (RatisMetrics.java:lambda$create$0(36)) - Creating Metrics Registry : ratis.state_machine.a25077fe-07bb-4d24-852a-2756038b5eee@group-C677E94F832A
2020-07-14 01:24:47,360 [Command processor thread] INFO  commandhandler.CreatePipelineCommandHandler (CreatePipelineCommandHandler.java:handle(109)) - Created Pipeline RATIS ONE #id: "9d833387-a051-43e8-8498-c677e94f832a"
uuid128 {
  mostSigBits: -7096771930202487832
  leastSigBits: -8892139245925334230
}
.
2020-07-14 01:24:47,361 [Command processor thread] INFO  impl.RaftServerProxy (RaftServerProxy.java:addNew(89)) - a25077fe-07bb-4d24-852a-2756038b5eee: addNew group-ADC960A4F596:[5ef51406-0285-4d9b-8c48-bf2d62cee264:172.17.0.2:43759, a25077fe-07bb-4d24-852a-2756038b5eee:172.17.0.2:43751, dbde6606-63c7-4466-8c6c-a94dae6a6896:172.17.0.2:43975] returns group-ADC960A4F596:java.util.concurrent.CompletableFuture@461d42f9[Not completed]
2020-07-14 01:24:47,365 [pool-63-thread-1] INFO  impl.RaftServerImpl (RaftServerImpl.java:<init>(99)) - a25077fe-07bb-4d24-852a-2756038b5eee: new RaftServerImpl for group-ADC960A4F596:[5ef51406-0285-4d9b-8c48-bf2d62cee264:172.17.0.2:43759, a25077fe-07bb-4d24-852a-2756038b5eee:172.17.0.2:43751, dbde6606-63c7-4466-8c6c-a94dae6a6896:172.17.0.2:43975] with ContainerStateMachine:uninitialized
2020-07-14 01:24:47,365 [pool-63-thread-1] INFO  server.RaftServerConfigKeys (ConfUtils.java:logGet(44)) - raft.server.rpc.timeout.min = 5s (custom)
2020-07-14 01:24:47,372 [pool-63-thread-1] INFO  server.RaftServerConfigKeys (ConfUtils.java:logGet(44)) - raft.server.rpc.timeout.max = 5200ms (custom)
2020-07-14 01:24:47,372 [pool-63-thread-1] INFO  server.RaftServerConfigKeys (ConfUtils.java:logGet(44)) - raft.server.rpcslowness.timeout = 1000000ms (custom)
2020-07-14 01:24:47,373 [pool-63-thread-1] INFO  server.RaftServerConfigKeys (ConfUtils.java:logGet(44)) - raft.server.sleep.deviation.threshold = 300 (default)
2020-07-14 01:24:47,373 [pool-63-thread-1] INFO  server.RaftServerConfigKeys (ConfUtils.java:logGet(44)) - raft.server.log.appender.install.snapshot.enabled = false (custom)
2020-07-14 01:24:47,373 [pool-63-thread-1] INFO  impl.RaftServerImpl (ServerState.java:<init>(103)) - a25077fe-07bb-4d24-852a-2756038b5eee@group-ADC960A4F596: ConfigurationManager, init=-1: [5ef51406-0285-4d9b-8c48-bf2d62cee264:172.17.0.2:43759, a25077fe-07bb-4d24-852a-2756038b5eee:172.17.0.2:43751, dbde6606-63c7-4466-8c6c-a94dae6a6896:172.17.0.2:43975], old=null, confs=<EMPTY_MAP>
2020-07-14 01:24:47,373 [pool-63-thread-1] INFO  server.RaftServerConfigKeys (ConfUtils.java:logGet(44)) - raft.server.storage.dir = [/github/workspace/mnt/ozone/hadoop-ozone/integration-test/target/test-dir/MiniOzoneClusterImpl-31a00113-e241-4501-9bb7-5ef6f7363805/datanode-2/data/ratis] (custom)
2020-07-14 01:24:47,373 [pool-63-thread-1] INFO  server.RaftServerConfigKeys (ConfUtils.java:logGet(44)) - raft.server.log.corruption.policy = EXCEPTION (default)
2020-07-14 01:24:47,374 [pool-63-thread-1] INFO  storage.RaftStorageDirectory (RaftStorageDirectory.java:analyzeStorage(261)) - The storage directory /github/workspace/mnt/ozone/hadoop-ozone/integration-test/target/test-dir/MiniOzoneClusterImpl-31a00113-e241-4501-9bb7-5ef6f7363805/datanode-2/data/ratis/2288e787-514f-4a46-b9b9-adc960a4f596 does not exist. Creating ...
2020-07-14 01:24:47,376 [pool-63-thread-1] INFO  storage.RaftStorageDirectory (RaftStorageDirectory.java:tryLock(343)) - Lock on /github/workspace/mnt/ozone/hadoop-ozone/integration-test/target/test-dir/MiniOzoneClusterImpl-31a00113-e241-4501-9bb7-5ef6f7363805/datanode-2/data/ratis/2288e787-514f-4a46-b9b9-adc960a4f596/in_use.lock acquired by nodename 27141@12942b6ca6eb
2020-07-14 01:24:47,381 [pool-63-thread-1] INFO  storage.RaftStorage (RaftStorage.java:format(84)) - Storage directory /github/workspace/mnt/ozone/hadoop-ozone/integration-test/target/test-dir/MiniOzoneClusterImpl-31a00113-e241-4501-9bb7-5ef6f7363805/datanode-2/data/ratis/2288e787-514f-4a46-b9b9-adc960a4f596 has been successfully formatted.
2020-07-14 01:24:47,381 [pool-63-thread-1] INFO  ratis.ContainerStateMachine (ContainerStateMachine.java:loadSnapshot(225)) - group-ADC960A4F596: The snapshot info is null. Setting the last applied indexto:(t:0, i:~)
2020-07-14 01:24:47,381 [pool-63-thread-1] INFO  server.RaftServerConfigKeys (ConfUtils.java:logGet(44)) - raft.server.notification.no-leader.timeout = 60s (default)
2020-07-14 01:24:47,382 [pool-63-thread-1] INFO  server.RaftServerConfigKeys (ConfUtils.java:logGet(44)) - raft.server.log.use.memory = false (default)
2020-07-14 01:24:47,382 [pool-63-thread-1] INFO  server.RaftServerConfigKeys (ConfUtils.java:logGet(44)) - raft.server.log.purge.gap = 1000000 (custom)
2020-07-14 01:24:47,382 [pool-63-thread-1] INFO  server.RaftServerConfigKeys (ConfUtils.java:logGet(44)) - raft.server.log.appender.buffer.byte-limit = 33554432 (custom)
2020-07-14 01:24:47,382 [pool-63-thread-1] INFO  server.RaftServerConfigKeys (ConfUtils.java:logGet(44)) - raft.server.log.segment.size.max = 1048576 (custom)
2020-07-14 01:24:47,382 [pool-63-thread-1] INFO  metrics.RatisMetrics (RatisMetrics.java:lambda$create$0(36)) - Creating Metrics Registry : ratis.log_worker.a25077fe-07bb-4d24-852a-2756038b5eee@group-ADC960A4F596
2020-07-14 01:24:47,382 [pool-63-thread-1] INFO  server.RaftServerConfigKeys (ConfUtils.java:logGet(44)) - raft.server.log.segment.cache.num.max = 2 (custom)
2020-07-14 01:24:47,382 [pool-63-thread-1] INFO  segmented.SegmentedRaftLogWorker (SegmentedRaftLogWorker.java:<init>(180)) - new a25077fe-07bb-4d24-852a-2756038b5eee@group-ADC960A4F596-SegmentedRaftLogWorker for RaftStorage:Storage Directory /github/workspace/mnt/ozone/hadoop-ozone/integration-test/target/test-dir/MiniOzoneClusterImpl-31a00113-e241-4501-9bb7-5ef6f7363805/datanode-2/data/ratis/2288e787-514f-4a46-b9b9-adc960a4f596
2020-07-14 01:24:47,382 [pool-63-thread-1] INFO  server.RaftServerConfigKeys (ConfUtils.java:logGet(44)) - raft.server.log.queue.byte-limit = 2147483647 (custom)
2020-07-14 01:24:47,383 [pool-63-thread-1] INFO  server.RaftServerConfigKeys (ConfUtils.java:logGet(44)) - raft.server.log.queue.element-limit = 1024 (custom)
2020-07-14 01:24:47,383 [pool-63-thread-1] INFO  server.RaftServerConfigKeys (ConfUtils.java:logGet(44)) - raft.server.log.segment.size.max = 1048576 (custom)
2020-07-14 01:24:47,383 [pool-63-thread-1] INFO  server.RaftServerConfigKeys (ConfUtils.java:logGet(44)) - raft.server.log.preallocated.size = 16384 (custom)
2020-07-14 01:24:47,383 [pool-63-thread-1] INFO  server.RaftServerConfigKeys (ConfUtils.java:logGet(44)) - raft.server.log.write.buffer.size = 1048576 (custom)
2020-07-14 01:24:47,383 [pool-63-thread-1] INFO  server.RaftServerConfigKeys (ConfUtils.java:logGet(44)) - raft.server.log.force.sync.num = 128 (default)
2020-07-14 01:24:47,383 [pool-63-thread-1] INFO  server.RaftServerConfigKeys (ConfUtils.java:logGet(44)) - raft.server.log.statemachine.data.sync = true (default)
2020-07-14 01:24:47,383 [pool-63-thread-1] INFO  server.RaftServerConfigKeys (ConfUtils.java:logGet(44)) - raft.server.log.statemachine.data.sync.timeout = 10s (default)
2020-07-14 01:24:47,383 [pool-63-thread-1] INFO  server.RaftServerConfigKeys (ConfUtils.java:logGet(44)) - raft.server.log.statemachine.data.sync.timeout.retry = -1 (default)
2020-07-14 01:24:47,388 [pool-63-thread-1] INFO  server.RaftServerConfigKeys (ConfUtils.java:logGet(44)) - raft.server.log.statemachine.data.caching.enabled = true (custom)
2020-07-14 01:24:47,388 [pool-63-thread-1] INFO  segmented.SegmentedRaftLogWorker (SegmentedRaftLogWorker.java:lambda$new$0(129)) - a25077fe-07bb-4d24-852a-2756038b5eee@group-ADC960A4F596-SegmentedRaftLogWorker: flushIndex: setUnconditionally 0 -> -1
2020-07-14 01:24:47,388 [pool-63-thread-1] INFO  segmented.SegmentedRaftLogWorker (SegmentedRaftLogWorker.java:lambda$new$0(129)) - a25077fe-07bb-4d24-852a-2756038b5eee@group-ADC960A4F596-SegmentedRaftLogWorker: safeCacheEvictIndex: setUnconditionally 0 -> -1
2020-07-14 01:24:47,396 [pool-63-thread-1] INFO  server.RaftServerConfigKeys (ConfUtils.java:logGet(44)) - raft.server.snapshot.auto.trigger.enabled = true (custom)
2020-07-14 01:24:47,396 [pool-63-thread-1] INFO  server.RaftServerConfigKeys (ConfUtils.java:logGet(44)) - raft.server.snapshot.auto.trigger.threshold = 10000 (custom)
2020-07-14 01:24:47,397 [pool-63-thread-1] INFO  server.RaftServerConfigKeys (ConfUtils.java:logGet(44)) - raft.server.snapshot.retention.file.num = 5 (custom)
2020-07-14 01:24:47,397 [pool-63-thread-1] INFO  server.RaftServerConfigKeys (ConfUtils.java:logGet(44)) - raft.server.log.purge.upto.snapshot.index = false (default)
2020-07-14 01:24:47,397 [pool-63-thread-1] INFO  server.RaftServerConfigKeys (ConfUtils.java:logGet(44)) - raft.server.retrycache.expirytime = 600000ms (custom)
2020-07-14 01:24:47,397 [pool-63-thread-1] INFO  metrics.RatisMetrics (RatisMetrics.java:lambda$create$0(36)) - Creating Metrics Registry : ratis.leader_election.a25077fe-07bb-4d24-852a-2756038b5eee@group-ADC960A4F596
2020-07-14 01:24:47,397 [pool-63-thread-1] INFO  metrics.RatisMetrics (RatisMetrics.java:lambda$create$0(36)) - Creating Metrics Registry : ratis.server.a25077fe-07bb-4d24-852a-2756038b5eee@group-ADC960A4F596
2020-07-14 01:24:47,398 [pool-63-thread-1] INFO  impl.RaftServerImpl (RaftServerImpl.java:start(186)) - a25077fe-07bb-4d24-852a-2756038b5eee@group-ADC960A4F596: start as a follower, conf=-1: [5ef51406-0285-4d9b-8c48-bf2d62cee264:172.17.0.2:43759, a25077fe-07bb-4d24-852a-2756038b5eee:172.17.0.2:43751, dbde6606-63c7-4466-8c6c-a94dae6a6896:172.17.0.2:43975], old=null
2020-07-14 01:24:47,398 [pool-63-thread-1] INFO  impl.RaftServerImpl (RaftServerImpl.java:setRole(175)) - a25077fe-07bb-4d24-852a-2756038b5eee@group-ADC960A4F596: changes role from      null to FOLLOWER at term 0 for startAsFollower
2020-07-14 01:24:47,398 [pool-63-thread-1] INFO  impl.RoleInfo (RoleInfo.java:updateAndGet(143)) - a25077fe-07bb-4d24-852a-2756038b5eee: start FollowerState
2020-07-14 01:24:47,399 [pool-63-thread-1] INFO  util.JmxRegister (JmxRegister.java:tryRegister(44)) - Successfully registered JMX Bean with object name Ratis:service=RaftServer,group=group-ADC960A4F596,id=a25077fe-07bb-4d24-852a-2756038b5eee
2020-07-14 01:24:47,399 [pool-63-thread-1] INFO  metrics.RatisMetrics (RatisMetrics.java:lambda$create$0(36)) - Creating Metrics Registry : ratis.state_machine.a25077fe-07bb-4d24-852a-2756038b5eee@group-ADC960A4F596
2020-07-14 01:24:48,006 [Command processor thread] INFO  commandhandler.CreatePipelineCommandHandler (CreatePipelineCommandHandler.java:handle(109)) - Created Pipeline RATIS THREE #id: "2288e787-514f-4a46-b9b9-adc960a4f596"
uuid128 {
  mostSigBits: 2488493362492951110
  leastSigBits: -5063825225579956842
}
.
2020-07-14 01:24:48,018 [Command processor thread] INFO  commandhandler.CreatePipelineCommandHandler (CreatePipelineCommandHandler.java:handle(109)) - Created Pipeline RATIS THREE #id: "2288e787-514f-4a46-b9b9-adc960a4f596"
uuid128 {
  mostSigBits: 2488493362492951110
  leastSigBits: -5063825225579956842
}
.
2020-07-14 01:24:48,021 [Command processor thread] INFO  commandhandler.CreatePipelineCommandHandler (CreatePipelineCommandHandler.java:handle(109)) - Created Pipeline RATIS THREE #id: "2288e787-514f-4a46-b9b9-adc960a4f596"
uuid128 {
  mostSigBits: 2488493362492951110
  leastSigBits: -5063825225579956842
}
.
2020-07-14 01:24:48,303 [Listener at 127.0.0.1/42259] INFO  ozone.MiniOzoneClusterImpl (MiniOzoneClusterImpl.java:lambda$waitForClusterToBeReady$0(177)) - Nodes are ready. Got 3 of 3 DN Heartbeats.
2020-07-14 01:24:48,303 [Listener at 127.0.0.1/42259] INFO  ozone.MiniOzoneClusterImpl (MiniOzoneClusterImpl.java:lambda$waitForClusterToBeReady$0(180)) - Waiting for cluster to exit safe mode
2020-07-14 01:24:49,304 [Listener at 127.0.0.1/42259] INFO  ozone.MiniOzoneClusterImpl (MiniOzoneClusterImpl.java:lambda$waitForClusterToBeReady$0(177)) - Nodes are ready. Got 3 of 3 DN Heartbeats.
2020-07-14 01:24:49,304 [Listener at 127.0.0.1/42259] INFO  ozone.MiniOzoneClusterImpl (MiniOzoneClusterImpl.java:lambda$waitForClusterToBeReady$0(180)) - Waiting for cluster to exit safe mode
2020-07-14 01:24:50,304 [Listener at 127.0.0.1/42259] INFO  ozone.MiniOzoneClusterImpl (MiniOzoneClusterImpl.java:lambda$waitForClusterToBeReady$0(177)) - Nodes are ready. Got 3 of 3 DN Heartbeats.
2020-07-14 01:24:50,304 [Listener at 127.0.0.1/42259] INFO  ozone.MiniOzoneClusterImpl (MiniOzoneClusterImpl.java:lambda$waitForClusterToBeReady$0(180)) - Waiting for cluster to exit safe mode
2020-07-14 01:24:51,304 [Listener at 127.0.0.1/42259] INFO  ozone.MiniOzoneClusterImpl (MiniOzoneClusterImpl.java:lambda$waitForClusterToBeReady$0(177)) - Nodes are ready. Got 3 of 3 DN Heartbeats.
2020-07-14 01:24:51,305 [Listener at 127.0.0.1/42259] INFO  ozone.MiniOzoneClusterImpl (MiniOzoneClusterImpl.java:lambda$waitForClusterToBeReady$0(180)) - Waiting for cluster to exit safe mode
2020-07-14 01:24:52,302 [Thread-194] INFO  impl.FollowerState (FollowerState.java:run(108)) - 5ef51406-0285-4d9b-8c48-bf2d62cee264@group-44FFAE0ED245-FollowerState: change to CANDIDATE, lastRpcTime:5022ms, electionTimeout:5021ms
2020-07-14 01:24:52,304 [Thread-194] INFO  impl.RoleInfo (RoleInfo.java:shutdownFollowerState(121)) - 5ef51406-0285-4d9b-8c48-bf2d62cee264: shutdown FollowerState
2020-07-14 01:24:52,304 [Thread-194] INFO  impl.RaftServerImpl (RaftServerImpl.java:setRole(175)) - 5ef51406-0285-4d9b-8c48-bf2d62cee264@group-44FFAE0ED245: changes role from  FOLLOWER to CANDIDATE at term 0 for changeToCandidate
2020-07-14 01:24:52,305 [Listener at 127.0.0.1/42259] INFO  ozone.MiniOzoneClusterImpl (MiniOzoneClusterImpl.java:lambda$waitForClusterToBeReady$0(177)) - Nodes are ready. Got 3 of 3 DN Heartbeats.
2020-07-14 01:24:52,305 [Listener at 127.0.0.1/42259] INFO  ozone.MiniOzoneClusterImpl (MiniOzoneClusterImpl.java:lambda$waitForClusterToBeReady$0(180)) - Waiting for cluster to exit safe mode
2020-07-14 01:24:52,306 [Thread-194] INFO  impl.RoleInfo (RoleInfo.java:updateAndGet(143)) - 5ef51406-0285-4d9b-8c48-bf2d62cee264: start LeaderElection
2020-07-14 01:24:52,309 [5ef51406-0285-4d9b-8c48-bf2d62cee264@group-44FFAE0ED245-LeaderElection1] INFO  impl.LeaderElection (LeaderElection.java:askForVotes(206)) - 5ef51406-0285-4d9b-8c48-bf2d62cee264@group-44FFAE0ED245-LeaderElection1: begin an election at term 1 for -1: [5ef51406-0285-4d9b-8c48-bf2d62cee264:172.17.0.2:43759], old=null
2020-07-14 01:24:52,310 [5ef51406-0285-4d9b-8c48-bf2d62cee264@group-44FFAE0ED245-LeaderElection1] INFO  impl.RoleInfo (RoleInfo.java:shutdownLeaderElection(134)) - 5ef51406-0285-4d9b-8c48-bf2d62cee264: shutdown LeaderElection
2020-07-14 01:24:52,310 [5ef51406-0285-4d9b-8c48-bf2d62cee264@group-44FFAE0ED245-LeaderElection1] INFO  impl.RaftServerImpl (RaftServerImpl.java:setRole(175)) - 5ef51406-0285-4d9b-8c48-bf2d62cee264@group-44FFAE0ED245: changes role from CANDIDATE to LEADER at term 1 for changeToLeader
2020-07-14 01:24:52,310 [5ef51406-0285-4d9b-8c48-bf2d62cee264@group-44FFAE0ED245-LeaderElection1] INFO  ratis.XceiverServerRatis (XceiverServerRatis.java:handleLeaderChangedNotification(762)) - Leader change notification received for group: group-44FFAE0ED245 with new leaderId: 5ef51406-0285-4d9b-8c48-bf2d62cee264
2020-07-14 01:24:52,311 [5ef51406-0285-4d9b-8c48-bf2d62cee264@group-44FFAE0ED245-LeaderElection1] INFO  impl.RaftServerImpl (ServerState.java:setLeader(255)) - 5ef51406-0285-4d9b-8c48-bf2d62cee264@group-44FFAE0ED245: change Leader from null to 5ef51406-0285-4d9b-8c48-bf2d62cee264 at term 1 for becomeLeader, leader elected after 5054ms
2020-07-14 01:24:52,314 [5ef51406-0285-4d9b-8c48-bf2d62cee264@group-44FFAE0ED245-LeaderElection1] INFO  server.RaftServerConfigKeys (ConfUtils.java:logGet(44)) - raft.server.staging.catchup.gap = 1000 (default)
2020-07-14 01:24:52,314 [5ef51406-0285-4d9b-8c48-bf2d62cee264@group-44FFAE0ED245-LeaderElection1] INFO  server.RaftServerConfigKeys (ConfUtils.java:logGet(44)) - raft.server.rpc.sleep.time = 25ms (default)
2020-07-14 01:24:52,316 [5ef51406-0285-4d9b-8c48-bf2d62cee264@group-44FFAE0ED245-LeaderElection1] INFO  metrics.RatisMetrics (RatisMetrics.java:lambda$create$0(36)) - Creating Metrics Registry : ratis.log_appender.5ef51406-0285-4d9b-8c48-bf2d62cee264@group-44FFAE0ED245
2020-07-14 01:24:52,317 [5ef51406-0285-4d9b-8c48-bf2d62cee264@group-44FFAE0ED245-LeaderElection1] INFO  server.RaftServerConfigKeys (ConfUtils.java:logGet(44)) - raft.server.write.element-limit = 1024 (custom)
2020-07-14 01:24:52,318 [5ef51406-0285-4d9b-8c48-bf2d62cee264@group-44FFAE0ED245-LeaderElection1] INFO  server.RaftServerConfigKeys (ConfUtils.java:logGet(44)) - raft.server.write.byte-limit = 1073741824 (custom)
2020-07-14 01:24:52,323 [5ef51406-0285-4d9b-8c48-bf2d62cee264@group-44FFAE0ED245-LeaderElection1] INFO  server.RaftServerConfigKeys (ConfUtils.java:logGet(44)) - raft.server.watch.timeout = 3000ms (custom)
2020-07-14 01:24:52,323 [5ef51406-0285-4d9b-8c48-bf2d62cee264@group-44FFAE0ED245-LeaderElection1] INFO  server.RaftServerConfigKeys (ConfUtils.java:logGet(44)) - raft.server.watch.timeout.denomination = 1s (default)
2020-07-14 01:24:52,324 [5ef51406-0285-4d9b-8c48-bf2d62cee264@group-44FFAE0ED245-LeaderElection1] INFO  server.RaftServerConfigKeys (ConfUtils.java:logGet(44)) - raft.server.watch.element-limit = 65536 (default)
2020-07-14 01:24:52,329 [5ef51406-0285-4d9b-8c48-bf2d62cee264@group-44FFAE0ED245-LeaderElection1] INFO  impl.RoleInfo (RoleInfo.java:updateAndGet(143)) - 5ef51406-0285-4d9b-8c48-bf2d62cee264: start LeaderState
2020-07-14 01:24:52,343 [5ef51406-0285-4d9b-8c48-bf2d62cee264@group-44FFAE0ED245-LeaderElection1] INFO  segmented.SegmentedRaftLogWorker (SegmentedRaftLogWorker.java:startLogSegment(397)) - 5ef51406-0285-4d9b-8c48-bf2d62cee264@group-44FFAE0ED245-SegmentedRaftLogWorker: Starting segment from index:0
2020-07-14 01:24:52,353 [5ef51406-0285-4d9b-8c48-bf2d62cee264@group-44FFAE0ED245-LeaderElection1] INFO  impl.RaftServerImpl (ServerState.java:setRaftConf(356)) - 5ef51406-0285-4d9b-8c48-bf2d62cee264@group-44FFAE0ED245: set configuration 0: [5ef51406-0285-4d9b-8c48-bf2d62cee264:172.17.0.2:43759], old=null at 0
2020-07-14 01:24:52,387 [Thread-198] INFO  impl.FollowerState (FollowerState.java:run(108)) - 5ef51406-0285-4d9b-8c48-bf2d62cee264@group-ADC960A4F596-FollowerState: change to CANDIDATE, lastRpcTime:5070ms, electionTimeout:5062ms
2020-07-14 01:24:52,387 [Thread-198] INFO  impl.RoleInfo (RoleInfo.java:shutdownFollowerState(121)) - 5ef51406-0285-4d9b-8c48-bf2d62cee264: shutdown FollowerState
2020-07-14 01:24:52,387 [Thread-198] INFO  impl.RaftServerImpl (RaftServerImpl.java:setRole(175)) - 5ef51406-0285-4d9b-8c48-bf2d62cee264@group-ADC960A4F596: changes role from  FOLLOWER to CANDIDATE at term 0 for changeToCandidate
2020-07-14 01:24:52,388 [Thread-198] INFO  impl.RoleInfo (RoleInfo.java:updateAndGet(143)) - 5ef51406-0285-4d9b-8c48-bf2d62cee264: start LeaderElection
2020-07-14 01:24:52,395 [5ef51406-0285-4d9b-8c48-bf2d62cee264@group-ADC960A4F596-LeaderElection2] INFO  impl.LeaderElection (LeaderElection.java:askForVotes(206)) - 5ef51406-0285-4d9b-8c48-bf2d62cee264@group-ADC960A4F596-LeaderElection2: begin an election at term 1 for -1: [5ef51406-0285-4d9b-8c48-bf2d62cee264:172.17.0.2:43759, a25077fe-07bb-4d24-852a-2756038b5eee:172.17.0.2:43751, dbde6606-63c7-4466-8c6c-a94dae6a6896:172.17.0.2:43975], old=null
2020-07-14 01:24:52,409 [Thread-191] INFO  impl.FollowerState (FollowerState.java:run(108)) - dbde6606-63c7-4466-8c6c-a94dae6a6896@group-6E5F76F803B9-FollowerState: change to CANDIDATE, lastRpcTime:5208ms, electionTimeout:5198ms
2020-07-14 01:24:52,409 [Thread-191] INFO  impl.RoleInfo (RoleInfo.java:shutdownFollowerState(121)) - dbde6606-63c7-4466-8c6c-a94dae6a6896: shutdown FollowerState
2020-07-14 01:24:52,410 [Thread-191] INFO  impl.RaftServerImpl (RaftServerImpl.java:setRole(175)) - dbde6606-63c7-4466-8c6c-a94dae6a6896@group-6E5F76F803B9: changes role from  FOLLOWER to CANDIDATE at term 0 for changeToCandidate
2020-07-14 01:24:52,411 [Thread-191] INFO  impl.RoleInfo (RoleInfo.java:updateAndGet(143)) - dbde6606-63c7-4466-8c6c-a94dae6a6896: start LeaderElection
2020-07-14 01:24:52,437 [dbde6606-63c7-4466-8c6c-a94dae6a6896@group-6E5F76F803B9-LeaderElection3] INFO  impl.LeaderElection (LeaderElection.java:askForVotes(206)) - dbde6606-63c7-4466-8c6c-a94dae6a6896@group-6E5F76F803B9-LeaderElection3: begin an election at term 1 for -1: [dbde6606-63c7-4466-8c6c-a94dae6a6896:172.17.0.2:43975], old=null
2020-07-14 01:24:52,437 [dbde6606-63c7-4466-8c6c-a94dae6a6896@group-6E5F76F803B9-LeaderElection3] INFO  impl.RoleInfo (RoleInfo.java:shutdownLeaderElection(134)) - dbde6606-63c7-4466-8c6c-a94dae6a6896: shutdown LeaderElection
2020-07-14 01:24:52,437 [dbde6606-63c7-4466-8c6c-a94dae6a6896@group-6E5F76F803B9-LeaderElection3] INFO  impl.RaftServerImpl (RaftServerImpl.java:setRole(175)) - dbde6606-63c7-4466-8c6c-a94dae6a6896@group-6E5F76F803B9: changes role from CANDIDATE to LEADER at term 1 for changeToLeader
2020-07-14 01:24:52,437 [dbde6606-63c7-4466-8c6c-a94dae6a6896@group-6E5F76F803B9-LeaderElection3] INFO  ratis.XceiverServerRatis (XceiverServerRatis.java:handleLeaderChangedNotification(762)) - Leader change notification received for group: group-6E5F76F803B9 with new leaderId: dbde6606-63c7-4466-8c6c-a94dae6a6896
2020-07-14 01:24:52,437 [dbde6606-63c7-4466-8c6c-a94dae6a6896@group-6E5F76F803B9-LeaderElection3] INFO  impl.RaftServerImpl (ServerState.java:setLeader(255)) - dbde6606-63c7-4466-8c6c-a94dae6a6896@group-6E5F76F803B9: change Leader from null to dbde6606-63c7-4466-8c6c-a94dae6a6896 at term 1 for becomeLeader, leader elected after 5334ms
2020-07-14 01:24:52,438 [dbde6606-63c7-4466-8c6c-a94dae6a6896@group-6E5F76F803B9-LeaderElection3] INFO  server.RaftServerConfigKeys (ConfUtils.java:logGet(44)) - raft.server.staging.catchup.gap = 1000 (default)
2020-07-14 01:24:52,438 [dbde6606-63c7-4466-8c6c-a94dae6a6896@group-6E5F76F803B9-LeaderElection3] INFO  server.RaftServerConfigKeys (ConfUtils.java:logGet(44)) - raft.server.rpc.sleep.time = 25ms (default)
2020-07-14 01:24:52,438 [dbde6606-63c7-4466-8c6c-a94dae6a6896@group-6E5F76F803B9-LeaderElection3] INFO  metrics.RatisMetrics (RatisMetrics.java:lambda$create$0(36)) - Creating Metrics Registry : ratis.log_appender.dbde6606-63c7-4466-8c6c-a94dae6a6896@group-6E5F76F803B9
2020-07-14 01:24:52,438 [dbde6606-63c7-4466-8c6c-a94dae6a6896@group-6E5F76F803B9-LeaderElection3] INFO  server.RaftServerConfigKeys (ConfUtils.java:logGet(44)) - raft.server.write.element-limit = 1024 (custom)
2020-07-14 01:24:52,438 [dbde6606-63c7-4466-8c6c-a94dae6a6896@group-6E5F76F803B9-LeaderElection3] INFO  server.RaftServerConfigKeys (ConfUtils.java:logGet(44)) - raft.server.write.byte-limit = 1073741824 (custom)
2020-07-14 01:24:52,438 [dbde6606-63c7-4466-8c6c-a94dae6a6896@group-6E5F76F803B9-LeaderElection3] INFO  server.RaftServerConfigKeys (ConfUtils.java:logGet(44)) - raft.server.watch.timeout = 3000ms (custom)
2020-07-14 01:24:52,438 [dbde6606-63c7-4466-8c6c-a94dae6a6896@group-6E5F76F803B9-LeaderElection3] INFO  server.RaftServerConfigKeys (ConfUtils.java:logGet(44)) - raft.server.watch.timeout.denomination = 1s (default)
2020-07-14 01:24:52,438 [dbde6606-63c7-4466-8c6c-a94dae6a6896@group-6E5F76F803B9-LeaderElection3] INFO  server.RaftServerConfigKeys (ConfUtils.java:logGet(44)) - raft.server.watch.element-limit = 65536 (default)
2020-07-14 01:24:52,438 [Thread-203] INFO  impl.FollowerState (FollowerState.java:run(108)) - a25077fe-07bb-4d24-852a-2756038b5eee@group-ADC960A4F596-FollowerState: change to CANDIDATE, lastRpcTime:5040ms, electionTimeout:5034ms
2020-07-14 01:24:52,439 [dbde6606-63c7-4466-8c6c-a94dae6a6896@group-6E5F76F803B9-LeaderElection3] INFO  impl.RoleInfo (RoleInfo.java:updateAndGet(143)) - dbde6606-63c7-4466-8c6c-a94dae6a6896: start LeaderState
2020-07-14 01:24:52,439 [Thread-203] INFO  impl.RoleInfo (RoleInfo.java:shutdownFollowerState(121)) - a25077fe-07bb-4d24-852a-2756038b5eee: shutdown FollowerState
2020-07-14 01:24:52,439 [Thread-203] INFO  impl.RaftServerImpl (RaftServerImpl.java:setRole(175)) - a25077fe-07bb-4d24-852a-2756038b5eee@group-ADC960A4F596: changes role from  FOLLOWER to CANDIDATE at term 0 for changeToCandidate
2020-07-14 01:24:52,439 [Thread-203] INFO  impl.RoleInfo (RoleInfo.java:updateAndGet(143)) - a25077fe-07bb-4d24-852a-2756038b5eee: start LeaderElection
2020-07-14 01:24:52,439 [dbde6606-63c7-4466-8c6c-a94dae6a6896@group-6E5F76F803B9-LeaderElection3] INFO  segmented.SegmentedRaftLogWorker (SegmentedRaftLogWorker.java:startLogSegment(397)) - dbde6606-63c7-4466-8c6c-a94dae6a6896@group-6E5F76F803B9-SegmentedRaftLogWorker: Starting segment from index:0
2020-07-14 01:24:52,448 [dbde6606-63c7-4466-8c6c-a94dae6a6896@group-6E5F76F803B9-LeaderElection3] INFO  impl.RaftServerImpl (ServerState.java:setRaftConf(356)) - dbde6606-63c7-4466-8c6c-a94dae6a6896@group-6E5F76F803B9: set configuration 0: [dbde6606-63c7-4466-8c6c-a94dae6a6896:172.17.0.2:43975], old=null at 0
2020-07-14 01:24:52,458 [Thread-201] INFO  impl.FollowerState (FollowerState.java:run(108)) - a25077fe-07bb-4d24-852a-2756038b5eee@group-C677E94F832A-FollowerState: change to CANDIDATE, lastRpcTime:5106ms, electionTimeout:5098ms
2020-07-14 01:24:52,458 [Thread-201] INFO  impl.RoleInfo (RoleInfo.java:shutdownFollowerState(121)) - a25077fe-07bb-4d24-852a-2756038b5eee: shutdown FollowerState
2020-07-14 01:24:52,459 [Thread-201] INFO  impl.RaftServerImpl (RaftServerImpl.java:setRole(175)) - a25077fe-07bb-4d24-852a-2756038b5eee@group-C677E94F832A: changes role from  FOLLOWER to CANDIDATE at term 0 for changeToCandidate
2020-07-14 01:24:52,459 [Thread-201] INFO  impl.RoleInfo (RoleInfo.java:updateAndGet(143)) - a25077fe-07bb-4d24-852a-2756038b5eee: start LeaderElection
2020-07-14 01:24:52,462 [a25077fe-07bb-4d24-852a-2756038b5eee@group-ADC960A4F596-LeaderElection4] INFO  impl.LeaderElection (LeaderElection.java:askForVotes(206)) - a25077fe-07bb-4d24-852a-2756038b5eee@group-ADC960A4F596-LeaderElection4: begin an election at term 1 for -1: [5ef51406-0285-4d9b-8c48-bf2d62cee264:172.17.0.2:43759, a25077fe-07bb-4d24-852a-2756038b5eee:172.17.0.2:43751, dbde6606-63c7-4466-8c6c-a94dae6a6896:172.17.0.2:43975], old=null
2020-07-14 01:24:52,462 [grpc-default-executor-2] DEBUG impl.RaftServerImpl (RaftServerImpl.java:requestVote(821)) - a25077fe-07bb-4d24-852a-2756038b5eee@group-ADC960A4F596: receive requestVote(5ef51406-0285-4d9b-8c48-bf2d62cee264, group-ADC960A4F596, 1, (t:0, i:0))
2020-07-14 01:24:52,467 [grpc-default-executor-2] DEBUG impl.RaftServerImpl (RaftServerImpl.java:requestVote(853)) - a25077fe-07bb-4d24-852a-2756038b5eee@group-ADC960A4F596 replies to vote request: 5ef51406-0285-4d9b-8c48-bf2d62cee264<-a25077fe-07bb-4d24-852a-2756038b5eee#0:FAIL-t1. Peer's state: a25077fe-07bb-4d24-852a-2756038b5eee@group-ADC960A4F596:t1, leader=null, voted=a25077fe-07bb-4d24-852a-2756038b5eee, raftlog=a25077fe-07bb-4d24-852a-2756038b5eee@group-ADC960A4F596-SegmentedRaftLog:OPENED:c-1,f-1,i0, conf=-1: [5ef51406-0285-4d9b-8c48-bf2d62cee264:172.17.0.2:43759, a25077fe-07bb-4d24-852a-2756038b5eee:172.17.0.2:43751, dbde6606-63c7-4466-8c6c-a94dae6a6896:172.17.0.2:43975], old=null
2020-07-14 01:24:52,476 [Thread-196] INFO  impl.FollowerState (FollowerState.java:run(108)) - dbde6606-63c7-4466-8c6c-a94dae6a6896@group-ADC960A4F596-FollowerState: change to CANDIDATE, lastRpcTime:5192ms, electionTimeout:5190ms
2020-07-14 01:24:52,478 [Thread-196] INFO  impl.RoleInfo (RoleInfo.java:shutdownFollowerState(121)) - dbde6606-63c7-4466-8c6c-a94dae6a6896: shutdown FollowerState
2020-07-14 01:24:52,478 [Thread-196] INFO  impl.RaftServerImpl (RaftServerImpl.java:setRole(175)) - dbde6606-63c7-4466-8c6c-a94dae6a6896@group-ADC960A4F596: changes role from  FOLLOWER to CANDIDATE at term 0 for changeToCandidate
2020-07-14 01:24:52,478 [Thread-196] INFO  impl.RoleInfo (RoleInfo.java:updateAndGet(143)) - dbde6606-63c7-4466-8c6c-a94dae6a6896: start LeaderElection
2020-07-14 01:24:52,479 [dbde6606-63c7-4466-8c6c-a94dae6a6896@group-6E5F76F803B9-SegmentedRaftLogWorker] INFO  segmented.SegmentedRaftLogWorker (SegmentedRaftLogWorker.java:execute(596)) - dbde6606-63c7-4466-8c6c-a94dae6a6896@group-6E5F76F803B9-SegmentedRaftLogWorker: created new log segment /github/workspace/mnt/ozone/hadoop-ozone/integration-test/target/test-dir/MiniOzoneClusterImpl-31a00113-e241-4501-9bb7-5ef6f7363805/datanode-0/data/ratis/b3383345-d476-4728-a464-6e5f76f803b9/current/log_inprogress_0
2020-07-14 01:24:52,488 [grpc-default-executor-2] DEBUG impl.RaftServerImpl (RaftServerImpl.java:requestVote(821)) - dbde6606-63c7-4466-8c6c-a94dae6a6896@group-ADC960A4F596: receive requestVote(5ef51406-0285-4d9b-8c48-bf2d62cee264, group-ADC960A4F596, 1, (t:0, i:0))
2020-07-14 01:24:52,480 [5ef51406-0285-4d9b-8c48-bf2d62cee264@group-44FFAE0ED245-SegmentedRaftLogWorker] INFO  segmented.SegmentedRaftLogWorker (SegmentedRaftLogWorker.java:execute(596)) - 5ef51406-0285-4d9b-8c48-bf2d62cee264@group-44FFAE0ED245-SegmentedRaftLogWorker: created new log segment /github/workspace/mnt/ozone/hadoop-ozone/integration-test/target/test-dir/MiniOzoneClusterImpl-31a00113-e241-4501-9bb7-5ef6f7363805/datanode-1/data/ratis/d1408ffb-6354-4cf9-8f76-44ffae0ed245/current/log_inprogress_0
2020-07-14 01:24:52,489 [a25077fe-07bb-4d24-852a-2756038b5eee@group-C677E94F832A-LeaderElection5] INFO  impl.LeaderElection (LeaderElection.java:askForVotes(206)) - a25077fe-07bb-4d24-852a-2756038b5eee@group-C677E94F832A-LeaderElection5: begin an election at term 1 for -1: [a25077fe-07bb-4d24-852a-2756038b5eee:172.17.0.2:43751], old=null
2020-07-14 01:24:52,495 [a25077fe-07bb-4d24-852a-2756038b5eee@group-C677E94F832A-LeaderElection5] INFO  impl.RoleInfo (RoleInfo.java:shutdownLeaderElection(134)) - a25077fe-07bb-4d24-852a-2756038b5eee: shutdown LeaderElection
2020-07-14 01:24:52,495 [a25077fe-07bb-4d24-852a-2756038b5eee@group-C677E94F832A-LeaderElection5] INFO  impl.RaftServerImpl (RaftServerImpl.java:setRole(175)) - a25077fe-07bb-4d24-852a-2756038b5eee@group-C677E94F832A: changes role from CANDIDATE to LEADER at term 1 for changeToLeader
2020-07-14 01:24:52,495 [a25077fe-07bb-4d24-852a-2756038b5eee@group-C677E94F832A-LeaderElection5] INFO  ratis.XceiverServerRatis (XceiverServerRatis.java:handleLeaderChangedNotification(762)) - Leader change notification received for group: group-C677E94F832A with new leaderId: a25077fe-07bb-4d24-852a-2756038b5eee
2020-07-14 01:24:52,496 [a25077fe-07bb-4d24-852a-2756038b5eee@group-C677E94F832A-LeaderElection5] INFO  impl.RaftServerImpl (ServerState.java:setLeader(255)) - a25077fe-07bb-4d24-852a-2756038b5eee@group-C677E94F832A: change Leader from null to a25077fe-07bb-4d24-852a-2756038b5eee at term 1 for becomeLeader, leader elected after 5153ms
2020-07-14 01:24:52,496 [a25077fe-07bb-4d24-852a-2756038b5eee@group-C677E94F832A-LeaderElection5] INFO  server.RaftServerConfigKeys (ConfUtils.java:logGet(44)) - raft.server.staging.catchup.gap = 1000 (default)
2020-07-14 01:24:52,496 [a25077fe-07bb-4d24-852a-2756038b5eee@group-C677E94F832A-LeaderElection5] INFO  server.RaftServerConfigKeys (ConfUtils.java:logGet(44)) - raft.server.rpc.sleep.time = 25ms (default)
2020-07-14 01:24:52,496 [a25077fe-07bb-4d24-852a-2756038b5eee@group-C677E94F832A-LeaderElection5] INFO  metrics.RatisMetrics (RatisMetrics.java:lambda$create$0(36)) - Creating Metrics Registry : ratis.log_appender.a25077fe-07bb-4d24-852a-2756038b5eee@group-C677E94F832A
2020-07-14 01:24:52,496 [a25077fe-07bb-4d24-852a-2756038b5eee@group-C677E94F832A-LeaderElection5] INFO  server.RaftServerConfigKeys (ConfUtils.java:logGet(44)) - raft.server.write.element-limit = 1024 (custom)
2020-07-14 01:24:52,498 [a25077fe-07bb-4d24-852a-2756038b5eee@group-C677E94F832A-LeaderElection5] INFO  server.RaftServerConfigKeys (ConfUtils.java:logGet(44)) - raft.server.write.byte-limit = 1073741824 (custom)
2020-07-14 01:24:52,498 [a25077fe-07bb-4d24-852a-2756038b5eee@group-C677E94F832A-LeaderElection5] INFO  server.RaftServerConfigKeys (ConfUtils.java:logGet(44)) - raft.server.watch.timeout = 3000ms (custom)
2020-07-14 01:24:52,498 [a25077fe-07bb-4d24-852a-2756038b5eee@group-C677E94F832A-LeaderElection5] INFO  server.RaftServerConfigKeys (ConfUtils.java:logGet(44)) - raft.server.watch.timeout.denomination = 1s (default)
2020-07-14 01:24:52,498 [a25077fe-07bb-4d24-852a-2756038b5eee@group-C677E94F832A-LeaderElection5] INFO  server.RaftServerConfigKeys (ConfUtils.java:logGet(44)) - raft.server.watch.element-limit = 65536 (default)
2020-07-14 01:24:52,498 [a25077fe-07bb-4d24-852a-2756038b5eee@group-C677E94F832A-LeaderElection5] INFO  impl.RoleInfo (RoleInfo.java:updateAndGet(143)) - a25077fe-07bb-4d24-852a-2756038b5eee: start LeaderState
2020-07-14 01:24:52,499 [a25077fe-07bb-4d24-852a-2756038b5eee@group-C677E94F832A-LeaderElection5] INFO  segmented.SegmentedRaftLogWorker (SegmentedRaftLogWorker.java:startLogSegment(397)) - a25077fe-07bb-4d24-852a-2756038b5eee@group-C677E94F832A-SegmentedRaftLogWorker: Starting segment from index:0
2020-07-14 01:24:52,502 [grpc-default-executor-2] INFO  impl.RaftServerImpl (RaftServerImpl.java:setRole(175)) - dbde6606-63c7-4466-8c6c-a94dae6a6896@group-ADC960A4F596: changes role from CANDIDATE to FOLLOWER at term 1 for recognizeCandidate:5ef51406-0285-4d9b-8c48-bf2d62cee264
2020-07-14 01:24:52,502 [grpc-default-executor-2] INFO  impl.RoleInfo (RoleInfo.java:shutdownLeaderElection(134)) - dbde6606-63c7-4466-8c6c-a94dae6a6896: shutdown LeaderElection
2020-07-14 01:24:52,502 [a25077fe-07bb-4d24-852a-2756038b5eee@group-C677E94F832A-SegmentedRaftLogWorker] INFO  segmented.SegmentedRaftLogWorker (SegmentedRaftLogWorker.java:execute(596)) - a25077fe-07bb-4d24-852a-2756038b5eee@group-C677E94F832A-SegmentedRaftLogWorker: created new log segment /github/workspace/mnt/ozone/hadoop-ozone/integration-test/target/test-dir/MiniOzoneClusterImpl-31a00113-e241-4501-9bb7-5ef6f7363805/datanode-2/data/ratis/9d833387-a051-43e8-8498-c677e94f832a/current/log_inprogress_0
2020-07-14 01:24:52,503 [a25077fe-07bb-4d24-852a-2756038b5eee@group-C677E94F832A-LeaderElection5] INFO  impl.RaftServerImpl (ServerState.java:setRaftConf(356)) - a25077fe-07bb-4d24-852a-2756038b5eee@group-C677E94F832A: set configuration 0: [a25077fe-07bb-4d24-852a-2756038b5eee:172.17.0.2:43751], old=null at 0
2020-07-14 01:24:52,508 [grpc-default-executor-2] INFO  impl.RoleInfo (RoleInfo.java:updateAndGet(143)) - dbde6606-63c7-4466-8c6c-a94dae6a6896: start FollowerState
2020-07-14 01:24:52,516 [grpc-default-executor-1] DEBUG impl.RaftServerImpl (RaftServerImpl.java:requestVote(821)) - dbde6606-63c7-4466-8c6c-a94dae6a6896@group-ADC960A4F596: receive requestVote(a25077fe-07bb-4d24-852a-2756038b5eee, group-ADC960A4F596, 1, (t:0, i:0))
2020-07-14 01:24:52,520 [grpc-default-executor-0] DEBUG impl.RaftServerImpl (RaftServerImpl.java:requestVote(821)) - 5ef51406-0285-4d9b-8c48-bf2d62cee264@group-ADC960A4F596: receive requestVote(a25077fe-07bb-4d24-852a-2756038b5eee, group-ADC960A4F596, 1, (t:0, i:0))
2020-07-14 01:24:52,520 [grpc-default-executor-0] DEBUG impl.RaftServerImpl (RaftServerImpl.java:requestVote(853)) - 5ef51406-0285-4d9b-8c48-bf2d62cee264@group-ADC960A4F596 replies to vote request: a25077fe-07bb-4d24-852a-2756038b5eee<-5ef51406-0285-4d9b-8c48-bf2d62cee264#0:FAIL-t1. Peer's state: 5ef51406-0285-4d9b-8c48-bf2d62cee264@group-ADC960A4F596:t1, leader=null, voted=5ef51406-0285-4d9b-8c48-bf2d62cee264, raftlog=5ef51406-0285-4d9b-8c48-bf2d62cee264@group-ADC960A4F596-SegmentedRaftLog:OPENED:c-1,f-1,i0, conf=-1: [5ef51406-0285-4d9b-8c48-bf2d62cee264:172.17.0.2:43759, a25077fe-07bb-4d24-852a-2756038b5eee:172.17.0.2:43751, dbde6606-63c7-4466-8c6c-a94dae6a6896:172.17.0.2:43975], old=null
2020-07-14 01:24:52,522 [grpc-default-executor-2] DEBUG impl.RaftServerImpl (RaftServerImpl.java:requestVote(853)) - dbde6606-63c7-4466-8c6c-a94dae6a6896@group-ADC960A4F596 replies to vote request: 5ef51406-0285-4d9b-8c48-bf2d62cee264<-dbde6606-63c7-4466-8c6c-a94dae6a6896#0:FAIL-t1. Peer's state: dbde6606-63c7-4466-8c6c-a94dae6a6896@group-ADC960A4F596:t1, leader=null, voted=null, raftlog=dbde6606-63c7-4466-8c6c-a94dae6a6896@group-ADC960A4F596-SegmentedRaftLog:OPENED:c-1,f-1,i0, conf=-1: [5ef51406-0285-4d9b-8c48-bf2d62cee264:172.17.0.2:43759, a25077fe-07bb-4d24-852a-2756038b5eee:172.17.0.2:43751, dbde6606-63c7-4466-8c6c-a94dae6a6896:172.17.0.2:43975], old=null
2020-07-14 01:24:52,523 [grpc-default-executor-1] INFO  impl.RaftServerImpl (RaftServerImpl.java:setRole(175)) - dbde6606-63c7-4466-8c6c-a94dae6a6896@group-ADC960A4F596: changes role from  FOLLOWER to FOLLOWER at term 1 for recognizeCandidate:a25077fe-07bb-4d24-852a-2756038b5eee
2020-07-14 01:24:52,523 [grpc-default-executor-1] INFO  impl.RoleInfo (RoleInfo.java:shutdownFollowerState(121)) - dbde6606-63c7-4466-8c6c-a94dae6a6896: shutdown FollowerState
2020-07-14 01:24:52,523 [grpc-default-executor-1] INFO  impl.RoleInfo (RoleInfo.java:updateAndGet(143)) - dbde6606-63c7-4466-8c6c-a94dae6a6896: start FollowerState
2020-07-14 01:24:52,524 [Thread-232] INFO  impl.FollowerState (FollowerState.java:run(117)) - dbde6606-63c7-4466-8c6c-a94dae6a6896@group-ADC960A4F596-FollowerState was interrupted: java.lang.InterruptedException: sleep interrupted
2020-07-14 01:24:52,534 [5ef51406-0285-4d9b-8c48-bf2d62cee264@group-ADC960A4F596-LeaderElection2] INFO  impl.LeaderElection (LeaderElection.java:logAndReturn(61)) - 5ef51406-0285-4d9b-8c48-bf2d62cee264@group-ADC960A4F596-LeaderElection2: Election REJECTED; received 2 response(s) [5ef51406-0285-4d9b-8c48-bf2d62cee264<-a25077fe-07bb-4d24-852a-2756038b5eee#0:FAIL-t1, 5ef51406-0285-4d9b-8c48-bf2d62cee264<-dbde6606-63c7-4466-8c6c-a94dae6a6896#0:FAIL-t1] and 0 exception(s); 5ef51406-0285-4d9b-8c48-bf2d62cee264@group-ADC960A4F596:t1, leader=null, voted=5ef51406-0285-4d9b-8c48-bf2d62cee264, raftlog=5ef51406-0285-4d9b-8c48-bf2d62cee264@group-ADC960A4F596-SegmentedRaftLog:OPENED:c-1,f-1,i0, conf=-1: [5ef51406-0285-4d9b-8c48-bf2d62cee264:172.17.0.2:43759, a25077fe-07bb-4d24-852a-2756038b5eee:172.17.0.2:43751, dbde6606-63c7-4466-8c6c-a94dae6a6896:172.17.0.2:43975], old=null
2020-07-14 01:24:52,534 [grpc-default-executor-1] DEBUG impl.RaftServerImpl (RaftServerImpl.java:requestVote(853)) - dbde6606-63c7-4466-8c6c-a94dae6a6896@group-ADC960A4F596 replies to vote request: a25077fe-07bb-4d24-852a-2756038b5eee<-dbde6606-63c7-4466-8c6c-a94dae6a6896#0:OK-t1. Peer's state: dbde6606-63c7-4466-8c6c-a94dae6a6896@group-ADC960A4F596:t1, leader=null, voted=a25077fe-07bb-4d24-852a-2756038b5eee, raftlog=dbde6606-63c7-4466-8c6c-a94dae6a6896@group-ADC960A4F596-SegmentedRaftLog:OPENED:c-1,f-1,i0, conf=-1: [5ef51406-0285-4d9b-8c48-bf2d62cee264:172.17.0.2:43759, a25077fe-07bb-4d24-852a-2756038b5eee:172.17.0.2:43751, dbde6606-63c7-4466-8c6c-a94dae6a6896:172.17.0.2:43975], old=null
2020-07-14 01:24:52,535 [5ef51406-0285-4d9b-8c48-bf2d62cee264@group-ADC960A4F596-LeaderElection2] INFO  impl.RaftServerImpl (RaftServerImpl.java:setRole(175)) - 5ef51406-0285-4d9b-8c48-bf2d62cee264@group-ADC960A4F596: changes role from CANDIDATE to FOLLOWER at term 1 for DISCOVERED_A_NEW_TERM
2020-07-14 01:24:52,538 [a25077fe-07bb-4d24-852a-2756038b5eee@group-ADC960A4F596-LeaderElection4] INFO  impl.LeaderElection (LeaderElection.java:logAndReturn(61)) - a25077fe-07bb-4d24-852a-2756038b5eee@group-ADC960A4F596-LeaderElection4: Election PASSED; received 2 response(s) [a25077fe-07bb-4d24-852a-2756038b5eee<-5ef51406-0285-4d9b-8c48-bf2d62cee264#0:FAIL-t1, a25077fe-07bb-4d24-852a-2756038b5eee<-dbde6606-63c7-4466-8c6c-a94dae6a6896#0:OK-t1] and 0 exception(s); a25077fe-07bb-4d24-852a-2756038b5eee@group-ADC960A4F596:t1, leader=null, voted=a25077fe-07bb-4d24-852a-2756038b5eee, raftlog=a25077fe-07bb-4d24-852a-2756038b5eee@group-ADC960A4F596-SegmentedRaftLog:OPENED:c-1,f-1,i0, conf=-1: [5ef51406-0285-4d9b-8c48-bf2d62cee264:172.17.0.2:43759, a25077fe-07bb-4d24-852a-2756038b5eee:172.17.0.2:43751, dbde6606-63c7-4466-8c6c-a94dae6a6896:172.17.0.2:43975], old=null
2020-07-14 01:24:52,539 [a25077fe-07bb-4d24-852a-2756038b5eee@group-ADC960A4F596-LeaderElection4] INFO  impl.RoleInfo (RoleInfo.java:shutdownLeaderElection(134)) - a25077fe-07bb-4d24-852a-2756038b5eee: shutdown LeaderElection
2020-07-14 01:24:52,536 [dbde6606-63c7-4466-8c6c-a94dae6a6896@group-ADC960A4F596-LeaderElection6] INFO  impl.LeaderElection (LeaderElection.java:askForVotes(206)) - dbde6606-63c7-4466-8c6c-a94dae6a6896@group-ADC960A4F596-LeaderElection6: begin an election at term 2 for -1: [5ef51406-0285-4d9b-8c48-bf2d62cee264:172.17.0.2:43759, a25077fe-07bb-4d24-852a-2756038b5eee:172.17.0.2:43751, dbde6606-63c7-4466-8c6c-a94dae6a6896:172.17.0.2:43975], old=null
2020-07-14 01:24:52,539 [a25077fe-07bb-4d24-852a-2756038b5eee@group-ADC960A4F596-LeaderElection4] INFO  impl.RaftServerImpl (RaftServerImpl.java:setRole(175)) - a25077fe-07bb-4d24-852a-2756038b5eee@group-ADC960A4F596: changes role from CANDIDATE to LEADER at term 1 for changeToLeader
2020-07-14 01:24:52,540 [a25077fe-07bb-4d24-852a-2756038b5eee@group-ADC960A4F596-LeaderElection4] INFO  ratis.XceiverServerRatis (XceiverServerRatis.java:handleLeaderChangedNotification(762)) - Leader change notification received for group: group-ADC960A4F596 with new leaderId: a25077fe-07bb-4d24-852a-2756038b5eee
2020-07-14 01:24:52,539 [5ef51406-0285-4d9b-8c48-bf2d62cee264@group-ADC960A4F596-LeaderElection2] INFO  impl.RoleInfo (RoleInfo.java:shutdownLeaderElection(134)) - 5ef51406-0285-4d9b-8c48-bf2d62cee264: shutdown LeaderElection
2020-07-14 01:24:52,546 [dbde6606-63c7-4466-8c6c-a94dae6a6896@group-ADC960A4F596-LeaderElection6] INFO  impl.LeaderElection (LeaderElection.java:logAndReturn(61)) - dbde6606-63c7-4466-8c6c-a94dae6a6896@group-ADC960A4F596-LeaderElection6: Election REJECTED; received 0 response(s) [] and 0 exception(s); dbde6606-63c7-4466-8c6c-a94dae6a6896@group-ADC960A4F596:t2, leader=null, voted=dbde6606-63c7-4466-8c6c-a94dae6a6896, raftlog=dbde6606-63c7-4466-8c6c-a94dae6a6896@group-ADC960A4F596-SegmentedRaftLog:OPENED:c-1,f-1,i0, conf=-1: [5ef51406-0285-4d9b-8c48-bf2d62cee264:172.17.0.2:43759, a25077fe-07bb-4d24-852a-2756038b5eee:172.17.0.2:43751, dbde6606-63c7-4466-8c6c-a94dae6a6896:172.17.0.2:43975], old=null
2020-07-14 01:24:52,547 [5ef51406-0285-4d9b-8c48-bf2d62cee264@group-ADC960A4F596-LeaderElection2] INFO  impl.RoleInfo (RoleInfo.java:updateAndGet(143)) - 5ef51406-0285-4d9b-8c48-bf2d62cee264: start FollowerState
2020-07-14 01:24:52,547 [a25077fe-07bb-4d24-852a-2756038b5eee@group-ADC960A4F596-LeaderElection4] INFO  impl.RaftServerImpl (ServerState.java:setLeader(255)) - a25077fe-07bb-4d24-852a-2756038b5eee@group-ADC960A4F596: change Leader from null to a25077fe-07bb-4d24-852a-2756038b5eee at term 1 for becomeLeader, leader elected after 5158ms
2020-07-14 01:24:52,548 [a25077fe-07bb-4d24-852a-2756038b5eee@group-ADC960A4F596-LeaderElection4] INFO  server.RaftServerConfigKeys (ConfUtils.java:logGet(44)) - raft.server.staging.catchup.gap = 1000 (default)
2020-07-14 01:24:52,548 [a25077fe-07bb-4d24-852a-2756038b5eee@group-ADC960A4F596-LeaderElection4] INFO  server.RaftServerConfigKeys (ConfUtils.java:logGet(44)) - raft.server.rpc.sleep.time = 25ms (default)
2020-07-14 01:24:52,548 [a25077fe-07bb-4d24-852a-2756038b5eee@group-ADC960A4F596-LeaderElection4] INFO  metrics.RatisMetrics (RatisMetrics.java:lambda$create$0(36)) - Creating Metrics Registry : ratis.log_appender.a25077fe-07bb-4d24-852a-2756038b5eee@group-ADC960A4F596
2020-07-14 01:24:52,549 [a25077fe-07bb-4d24-852a-2756038b5eee@group-ADC960A4F596-LeaderElection4] INFO  server.RaftServerConfigKeys (ConfUtils.java:logGet(44)) - raft.server.write.element-limit = 1024 (custom)
2020-07-14 01:24:52,549 [a25077fe-07bb-4d24-852a-2756038b5eee@group-ADC960A4F596-LeaderElection4] INFO  server.RaftServerConfigKeys (ConfUtils.java:logGet(44)) - raft.server.write.byte-limit = 1073741824 (custom)
2020-07-14 01:24:52,549 [a25077fe-07bb-4d24-852a-2756038b5eee@group-ADC960A4F596-LeaderElection4] INFO  server.RaftServerConfigKeys (ConfUtils.java:logGet(44)) - raft.server.watch.timeout = 3000ms (custom)
2020-07-14 01:24:52,549 [a25077fe-07bb-4d24-852a-2756038b5eee@group-ADC960A4F596-LeaderElection4] INFO  server.RaftServerConfigKeys (ConfUtils.java:logGet(44)) - raft.server.watch.timeout.denomination = 1s (default)
2020-07-14 01:24:52,549 [a25077fe-07bb-4d24-852a-2756038b5eee@group-ADC960A4F596-LeaderElection4] INFO  server.RaftServerConfigKeys (ConfUtils.java:logGet(44)) - raft.server.watch.element-limit = 65536 (default)
2020-07-14 01:24:52,551 [EventQueue-PipelineReportForPipelineReportHandler] INFO  pipeline.PipelineStateManager (PipelineStateManager.java:openPipeline(131)) - Pipeline Pipeline[ Id: 2288e787-514f-4a46-b9b9-adc960a4f596, Nodes: 5ef51406-0285-4d9b-8c48-bf2d62cee264{ip: 172.17.0.2, host: 12942b6ca6eb, networkLocation: /default-rack, certSerialId: null}dbde6606-63c7-4466-8c6c-a94dae6a6896{ip: 172.17.0.2, host: 12942b6ca6eb, networkLocation: /default-rack, certSerialId: null}a25077fe-07bb-4d24-852a-2756038b5eee{ip: 172.17.0.2, host: 12942b6ca6eb, networkLocation: /default-rack, certSerialId: null}, Type:RATIS, Factor:THREE, State:ALLOCATED, leaderId:a25077fe-07bb-4d24-852a-2756038b5eee, CreationTimestamp2020-07-14T01:24:44.322Z] moved to OPEN state
2020-07-14 01:24:52,551 [EventQueue-OpenPipelineForOneReplicaPipelineSafeModeRule] INFO  safemode.SCMSafeModeManager (SCMSafeModeManager.java:validateSafeModeExitRules(214)) - AtleastOneDatanodeReportedRule rule is successfully validated
2020-07-14 01:24:52,551 [EventQueue-OpenPipelineForHealthyPipelineSafeModeRule] INFO  safemode.SCMSafeModeManager (HealthyPipelineSafeModeRule.java:process(129)) - SCM in safe mode. Healthy pipelines reported count is 1, required healthy pipeline reported count is 1
2020-07-14 01:24:52,553 [EventQueue-OpenPipelineForHealthyPipelineSafeModeRule] INFO  safemode.SCMSafeModeManager (SCMSafeModeManager.java:validateSafeModeExitRules(214)) - HealthyPipelineSafeModeRule rule is successfully validated
2020-07-14 01:24:52,553 [EventQueue-OpenPipelineForHealthyPipelineSafeModeRule] INFO  safemode.SCMSafeModeManager (SCMSafeModeManager.java:validateSafeModeExitRules(228)) - ScmSafeModeManager, all rules are successfully validated
2020-07-14 01:24:52,554 [EventQueue-OpenPipelineForHealthyPipelineSafeModeRule] INFO  safemode.SCMSafeModeManager (SCMSafeModeManager.java:exitSafeMode(257)) - SCM exiting safe mode.
2020-07-14 01:24:52,554 [a25077fe-07bb-4d24-852a-2756038b5eee@group-ADC960A4F596-LeaderElection4] INFO  server.RaftServerConfigKeys (ConfUtils.java:logGet(44)) - raft.server.log.appender.snapshot.chunk.size.max = 16MB (=16777216) (default)
2020-07-14 01:24:52,554 [a25077fe-07bb-4d24-852a-2756038b5eee@group-ADC960A4F596-LeaderElection4] INFO  server.RaftServerConfigKeys (ConfUtils.java:logGet(44)) - raft.server.log.appender.buffer.byte-limit = 33554432 (custom)
2020-07-14 01:24:52,555 [a25077fe-07bb-4d24-852a-2756038b5eee@group-ADC960A4F596-LeaderElection4] INFO  server.RaftServerConfigKeys (ConfUtils.java:logGet(44)) - raft.server.log.appender.buffer.element-limit = 1 (custom)
2020-07-14 01:24:52,563 [a25077fe-07bb-4d24-852a-2756038b5eee@group-ADC960A4F596-LeaderElection4] INFO  grpc.GrpcConfigKeys (ConfUtils.java:logGet(44)) - raft.grpc.server.leader.outstanding.appends.max = 128 (default)
2020-07-14 01:24:52,563 [a25077fe-07bb-4d24-852a-2756038b5eee@group-ADC960A4F596-LeaderElection4] INFO  server.RaftServerConfigKeys (ConfUtils.java:logGet(44)) - raft.server.rpc.request.timeout = 3000ms (default)
2020-07-14 01:24:52,563 [a25077fe-07bb-4d24-852a-2756038b5eee@group-ADC960A4F596-LeaderElection4] INFO  server.RaftServerConfigKeys (ConfUtils.java:logGet(44)) - raft.server.log.appender.install.snapshot.enabled = false (custom)
2020-07-14 01:24:52,564 [a25077fe-07bb-4d24-852a-2756038b5eee@group-ADC960A4F596-LeaderElection4] INFO  metrics.RatisMetrics (RatisMetrics.java:lambda$create$0(36)) - Creating Metrics Registry : ratis_grpc.log_appender.a25077fe-07bb-4d24-852a-2756038b5eee@group-ADC960A4F596
2020-07-14 01:24:52,569 [grpc-default-executor-1] DEBUG impl.RaftServerImpl (RaftServerImpl.java:requestVote(821)) - 5ef51406-0285-4d9b-8c48-bf2d62cee264@group-ADC960A4F596: receive requestVote(dbde6606-63c7-4466-8c6c-a94dae6a6896, group-ADC960A4F596, 2, (t:0, i:0))
2020-07-14 01:24:52,569 [grpc-default-executor-1] INFO  impl.RaftServerImpl (RaftServerImpl.java:setRole(175)) - 5ef51406-0285-4d9b-8c48-bf2d62cee264@group-ADC960A4F596: changes role from  FOLLOWER to FOLLOWER at term 2 for recognizeCandidate:dbde6606-63c7-4466-8c6c-a94dae6a6896
2020-07-14 01:24:52,569 [grpc-default-executor-1] INFO  impl.RoleInfo (RoleInfo.java:shutdownFollowerState(121)) - 5ef51406-0285-4d9b-8c48-bf2d62cee264: shutdown FollowerState
2020-07-14 01:24:52,569 [grpc-default-executor-1] INFO  impl.RoleInfo (RoleInfo.java:updateAndGet(143)) - 5ef51406-0285-4d9b-8c48-bf2d62cee264: start FollowerState
2020-07-14 01:24:52,570 [Thread-235] INFO  impl.FollowerState (FollowerState.java:run(117)) - 5ef51406-0285-4d9b-8c48-bf2d62cee264@group-ADC960A4F596-FollowerState was interrupted: java.lang.InterruptedException: sleep interrupted
2020-07-14 01:24:52,571 [grpc-default-executor-2] DEBUG impl.RaftServerImpl (RaftServerImpl.java:requestVote(821)) - a25077fe-07bb-4d24-852a-2756038b5eee@group-ADC960A4F596: receive requestVote(dbde6606-63c7-4466-8c6c-a94dae6a6896, group-ADC960A4F596, 2, (t:0, i:0))
2020-07-14 01:24:52,571 [grpc-default-executor-1] DEBUG impl.RaftServerImpl (RaftServerImpl.java:requestVote(853)) - 5ef51406-0285-4d9b-8c48-bf2d62cee264@group-ADC960A4F596 replies to vote request: dbde6606-63c7-4466-8c6c-a94dae6a6896<-5ef51406-0285-4d9b-8c48-bf2d62cee264#0:OK-t2. Peer's state: 5ef51406-0285-4d9b-8c48-bf2d62cee264@group-ADC960A4F596:t2, leader=null, voted=dbde6606-63c7-4466-8c6c-a94dae6a6896, raftlog=5ef51406-0285-4d9b-8c48-bf2d62cee264@group-ADC960A4F596-SegmentedRaftLog:OPENED:c-1,f-1,i0, conf=-1: [5ef51406-0285-4d9b-8c48-bf2d62cee264:172.17.0.2:43759, a25077fe-07bb-4d24-852a-2756038b5eee:172.17.0.2:43751, dbde6606-63c7-4466-8c6c-a94dae6a6896:172.17.0.2:43975], old=null
2020-07-14 01:24:52,578 [a25077fe-07bb-4d24-852a-2756038b5eee@group-ADC960A4F596-LeaderElection4] INFO  server.RaftServerConfigKeys (ConfUtils.java:logGet(44)) - raft.server.log.appender.snapshot.chunk.size.max = 16MB (=16777216) (default)
2020-07-14 01:24:52,579 [a25077fe-07bb-4d24-852a-2756038b5eee@group-ADC960A4F596-LeaderElection4] INFO  server.RaftServerConfigKeys (ConfUtils.java:logGet(44)) - raft.server.log.appender.buffer.byte-limit = 33554432 (custom)
2020-07-14 01:24:52,579 [a25077fe-07bb-4d24-852a-2756038b5eee@group-ADC960A4F596-LeaderElection4] INFO  server.RaftServerConfigKeys (ConfUtils.java:logGet(44)) - raft.server.log.appender.buffer.element-limit = 1 (custom)
2020-07-14 01:24:52,579 [a25077fe-07bb-4d24-852a-2756038b5eee@group-ADC960A4F596-LeaderElection4] INFO  grpc.GrpcConfigKeys (ConfUtils.java:logGet(44)) - raft.grpc.server.leader.outstanding.appends.max = 128 (default)
2020-07-14 01:24:52,579 [a25077fe-07bb-4d24-852a-2756038b5eee@group-ADC960A4F596-LeaderElection4] INFO  server.RaftServerConfigKeys (ConfUtils.java:logGet(44)) - raft.server.rpc.request.timeout = 3000ms (default)
2020-07-14 01:24:52,579 [a25077fe-07bb-4d24-852a-2756038b5eee@group-ADC960A4F596-LeaderElection4] INFO  server.RaftServerConfigKeys (ConfUtils.java:logGet(44)) - raft.server.log.appender.install.snapshot.enabled = false (custom)
2020-07-14 01:24:52,581 [a25077fe-07bb-4d24-852a-2756038b5eee@group-ADC960A4F596-LeaderElection4] INFO  impl.RoleInfo (RoleInfo.java:updateAndGet(143)) - a25077fe-07bb-4d24-852a-2756038b5eee: start LeaderState
2020-07-14 01:24:52,582 [a25077fe-07bb-4d24-852a-2756038b5eee@group-ADC960A4F596-LeaderElection4] INFO  segmented.SegmentedRaftLogWorker (SegmentedRaftLogWorker.java:startLogSegment(397)) - a25077fe-07bb-4d24-852a-2756038b5eee@group-ADC960A4F596-SegmentedRaftLogWorker: Starting segment from index:0
2020-07-14 01:24:52,584 [a25077fe-07bb-4d24-852a-2756038b5eee@group-ADC960A4F596-SegmentedRaftLogWorker] INFO  segmented.SegmentedRaftLogWorker (SegmentedRaftLogWorker.java:execute(596)) - a25077fe-07bb-4d24-852a-2756038b5eee@group-ADC960A4F596-SegmentedRaftLogWorker: created new log segment /github/workspace/mnt/ozone/hadoop-ozone/integration-test/target/test-dir/MiniOzoneClusterImpl-31a00113-e241-4501-9bb7-5ef6f7363805/datanode-2/data/ratis/2288e787-514f-4a46-b9b9-adc960a4f596/current/log_inprogress_0
2020-07-14 01:24:52,594 [a25077fe-07bb-4d24-852a-2756038b5eee@group-ADC960A4F596-LeaderElection4] INFO  impl.RaftServerImpl (ServerState.java:setRaftConf(356)) - a25077fe-07bb-4d24-852a-2756038b5eee@group-ADC960A4F596: set configuration 0: [5ef51406-0285-4d9b-8c48-bf2d62cee264:172.17.0.2:43759, a25077fe-07bb-4d24-852a-2756038b5eee:172.17.0.2:43751, dbde6606-63c7-4466-8c6c-a94dae6a6896:172.17.0.2:43975], old=null at 0
2020-07-14 01:24:52,619 [grpc-default-executor-0] DEBUG impl.RaftServerImpl (RaftServerImpl.java:appendEntriesAsync(990)) - 5ef51406-0285-4d9b-8c48-bf2d62cee264@group-ADC960A4F596: Not recognize a25077fe-07bb-4d24-852a-2756038b5eee (term=1) as leader, state: 5ef51406-0285-4d9b-8c48-bf2d62cee264@group-ADC960A4F596:t2, leader=null, voted=dbde6606-63c7-4466-8c6c-a94dae6a6896, raftlog=5ef51406-0285-4d9b-8c48-bf2d62cee264@group-ADC960A4F596-SegmentedRaftLog:OPENED:c-1,f-1,i0, conf=-1: [5ef51406-0285-4d9b-8c48-bf2d62cee264:172.17.0.2:43759, a25077fe-07bb-4d24-852a-2756038b5eee:172.17.0.2:43751, dbde6606-63c7-4466-8c6c-a94dae6a6896:172.17.0.2:43975], old=null reply: a25077fe-07bb-4d24-852a-2756038b5eee<-5ef51406-0285-4d9b-8c48-bf2d62cee264#0:FAIL,NOT_LEADER,nextIndex:1,term:2,followerCommit:-1
2020-07-14 01:24:52,621 [grpc-default-executor-2] INFO  impl.RaftServerImpl (ServerState.java:setLeader(255)) - a25077fe-07bb-4d24-852a-2756038b5eee@group-ADC960A4F596: change Leader from a25077fe-07bb-4d24-852a-2756038b5eee to null at term 2 for updateCurrentTerm
2020-07-14 01:24:52,621 [grpc-default-executor-2] INFO  impl.RaftServerImpl (RaftServerImpl.java:setRole(175)) - a25077fe-07bb-4d24-852a-2756038b5eee@group-ADC960A4F596: changes role from    LEADER to FOLLOWER at term 2 for recognizeCandidate:dbde6606-63c7-4466-8c6c-a94dae6a6896
2020-07-14 01:24:52,621 [grpc-default-executor-2] INFO  impl.RoleInfo (RoleInfo.java:shutdownLeaderState(104)) - a25077fe-07bb-4d24-852a-2756038b5eee: shutdown LeaderState
2020-07-14 01:24:52,622 [grpc-default-executor-2] INFO  metrics.RatisMetrics (RatisMetrics.java:unregister(43)) - Unregistering Metrics Registry : ratis_grpc.log_appender.a25077fe-07bb-4d24-852a-2756038b5eee@group-ADC960A4F596
2020-07-14 01:24:52,622 [grpc-default-executor-0] DEBUG server.GrpcLogAppender (GrpcLogAppender.java:onNext(257)) - a25077fe-07bb-4d24-852a-2756038b5eee@group-ADC960A4F596->5ef51406-0285-4d9b-8c48-bf2d62cee264-AppendLogResponseHandler: received the first reply a25077fe-07bb-4d24-852a-2756038b5eee<-5ef51406-0285-4d9b-8c48-bf2d62cee264#0:FAIL,NOT_LEADER,nextIndex:1,term:2,followerCommit:-1, request=AppendEntriesRequest:cid=0,entriesCount=0,lastEntry=null
2020-07-14 01:24:52,629 [grpc-default-executor-1] DEBUG impl.RaftServerImpl (RaftServerImpl.java:appendEntriesAsync(990)) - dbde6606-63c7-4466-8c6c-a94dae6a6896@group-ADC960A4F596: Not recognize a25077fe-07bb-4d24-852a-2756038b5eee (term=1) as leader, state: dbde6606-63c7-4466-8c6c-a94dae6a6896@group-ADC960A4F596:t2, leader=null, voted=dbde6606-63c7-4466-8c6c-a94dae6a6896, raftlog=dbde6606-63c7-4466-8c6c-a94dae6a6896@group-ADC960A4F596-SegmentedRaftLog:OPENED:c-1,f-1,i0, conf=-1: [5ef51406-0285-4d9b-8c48-bf2d62cee264:172.17.0.2:43759, a25077fe-07bb-4d24-852a-2756038b5eee:172.17.0.2:43751, dbde6606-63c7-4466-8c6c-a94dae6a6896:172.17.0.2:43975], old=null reply: a25077fe-07bb-4d24-852a-2756038b5eee<-dbde6606-63c7-4466-8c6c-a94dae6a6896#0:FAIL,NOT_LEADER,nextIndex:1,term:2,followerCommit:-1
2020-07-14 01:24:52,632 [grpc-default-executor-2] INFO  metrics.RatisMetrics (RatisMetrics.java:unregister(43)) - Unregistering Metrics Registry : ratis_grpc.log_appender.a25077fe-07bb-4d24-852a-2756038b5eee@group-ADC960A4F596
2020-07-14 01:24:52,633 [org.apache.ratis.server.impl.LogAppender$AppenderDaemon$$Lambda$462/1953262811@6be52d96] WARN  server.GrpcLogAppender (GrpcLogAppender.java:mayWait(153)) - a25077fe-07bb-4d24-852a-2756038b5eee@group-ADC960A4F596->5ef51406-0285-4d9b-8c48-bf2d62cee264-GrpcLogAppender: Wait interrupted by java.lang.InterruptedException
2020-07-14 01:24:52,635 [org.apache.ratis.server.impl.LogAppender$AppenderDaemon$$Lambda$462/1953262811@50ab70ea] WARN  server.GrpcLogAppender (GrpcLogAppender.java:mayWait(153)) - a25077fe-07bb-4d24-852a-2756038b5eee@group-ADC960A4F596->dbde6606-63c7-4466-8c6c-a94dae6a6896-GrpcLogAppender: Wait interrupted by java.lang.InterruptedException
2020-07-14 01:24:52,634 [grpc-default-executor-2] INFO  impl.PendingRequests (PendingRequests.java:sendNotLeaderResponses(249)) - a25077fe-07bb-4d24-852a-2756038b5eee@group-ADC960A4F596-PendingRequests: sendNotLeaderResponses
2020-07-14 01:24:52,634 [grpc-default-executor-1] DEBUG impl.RaftServerImpl (RaftServerImpl.java:logAppendEntries(928)) - dbde6606-63c7-4466-8c6c-a94dae6a6896@group-ADC960A4F596: receive appendEntries(a25077fe-07bb-4d24-852a-2756038b5eee, 1, null, 0, false, commits[a25077fe-07bb-4d24-852a-2756038b5eee:c0, 5ef51406-0285-4d9b-8c48-bf2d62cee264:c-1, dbde6606-63c7-4466-8c6c-a94dae6a6896:c-1], entries: (t:1, i:0), CONFIGURATIONENTRY
2020-07-14 01:24:52,636 [grpc-default-executor-1] DEBUG impl.RaftServerImpl (RaftServerImpl.java:appendEntriesAsync(990)) - dbde6606-63c7-4466-8c6c-a94dae6a6896@group-ADC960A4F596: Not recognize a25077fe-07bb-4d24-852a-2756038b5eee (term=1) as leader, state: dbde6606-63c7-4466-8c6c-a94dae6a6896@group-ADC960A4F596:t2, leader=null, voted=dbde6606-63c7-4466-8c6c-a94dae6a6896, raftlog=dbde6606-63c7-4466-8c6c-a94dae6a6896@group-ADC960A4F596-SegmentedRaftLog:OPENED:c-1,f-1,i0, conf=-1: [5ef51406-0285-4d9b-8c48-bf2d62cee264:172.17.0.2:43759, a25077fe-07bb-4d24-852a-2756038b5eee:172.17.0.2:43751, dbde6606-63c7-4466-8c6c-a94dae6a6896:172.17.0.2:43975], old=null reply: a25077fe-07bb-4d24-852a-2756038b5eee<-dbde6606-63c7-4466-8c6c-a94dae6a6896#1:FAIL,NOT_LEADER,nextIndex:1,term:2,followerCommit:-1
2020-07-14 01:24:52,636 [grpc-default-executor-2] INFO  metrics.RatisMetrics (RatisMetrics.java:unregister(43)) - Unregistering Metrics Registry : ratis.log_appender.a25077fe-07bb-4d24-852a-2756038b5eee@group-ADC960A4F596
2020-07-14 01:24:52,637 [grpc-default-executor-2] INFO  metrics.RatisMetrics (RatisMetrics.java:unregister(43)) - Unregistering Metrics Registry : ratis.server.a25077fe-07bb-4d24-852a-2756038b5eee@group-ADC960A4F596
2020-07-14 01:24:52,637 [grpc-default-executor-3] DEBUG impl.RaftServerImpl (RaftServerImpl.java:logAppendEntries(928)) - 5ef51406-0285-4d9b-8c48-bf2d62cee264@group-ADC960A4F596: receive appendEntries(a25077fe-07bb-4d24-852a-2756038b5eee, 1, null, 0, false, commits[a25077fe-07bb-4d24-852a-2756038b5eee:c0, 5ef51406-0285-4d9b-8c48-bf2d62cee264:c-1, dbde6606-63c7-4466-8c6c-a94dae6a6896:c-1], entries: (t:1, i:0), CONFIGURATIONENTRY
2020-07-14 01:24:52,637 [grpc-default-executor-2] INFO  impl.RoleInfo (RoleInfo.java:updateAndGet(143)) - a25077fe-07bb-4d24-852a-2756038b5eee: start FollowerState
2020-07-14 01:24:52,638 [grpc-default-executor-3] DEBUG impl.RaftServerImpl (RaftServerImpl.java:appendEntriesAsync(990)) - 5ef51406-0285-4d9b-8c48-bf2d62cee264@group-ADC960A4F596: Not recognize a25077fe-07bb-4d24-852a-2756038b5eee (term=1) as leader, state: 5ef51406-0285-4d9b-8c48-bf2d62cee264@group-ADC960A4F596:t2, leader=null, voted=dbde6606-63c7-4466-8c6c-a94dae6a6896, raftlog=5ef51406-0285-4d9b-8c48-bf2d62cee264@group-ADC960A4F596-SegmentedRaftLog:OPENED:c-1,f-1,i0, conf=-1: [5ef51406-0285-4d9b-8c48-bf2d62cee264:172.17.0.2:43759, a25077fe-07bb-4d24-852a-2756038b5eee:172.17.0.2:43751, dbde6606-63c7-4466-8c6c-a94dae6a6896:172.17.0.2:43975], old=null reply: a25077fe-07bb-4d24-852a-2756038b5eee<-5ef51406-0285-4d9b-8c48-bf2d62cee264#1:FAIL,NOT_LEADER,nextIndex:1,term:2,followerCommit:-1
2020-07-14 01:24:52,640 [grpc-default-executor-1] INFO  server.GrpcServerProtocolService (GrpcServerProtocolService.java:onCompleted(138)) - dbde6606-63c7-4466-8c6c-a94dae6a6896: Completed APPEND_ENTRIES, lastRequest: a25077fe-07bb-4d24-852a-2756038b5eee->dbde6606-63c7-4466-8c6c-a94dae6a6896#1-t1, previous=(t:0, i:0), leaderCommit=0, initializing? false, entries: size=1, first=(t:1, i:0), CONFIGURATIONENTRY
2020-07-14 01:24:52,641 [grpc-default-executor-3] INFO  server.GrpcServerProtocolService (GrpcServerProtocolService.java:onCompleted(138)) - 5ef51406-0285-4d9b-8c48-bf2d62cee264: Completed APPEND_ENTRIES, lastRequest: a25077fe-07bb-4d24-852a-2756038b5eee->5ef51406-0285-4d9b-8c48-bf2d62cee264#1-t1, previous=(t:0, i:0), leaderCommit=0, initializing? false, entries: size=1, first=(t:1, i:0), CONFIGURATIONENTRY
2020-07-14 01:24:52,643 [grpc-default-executor-2] DEBUG impl.RaftServerImpl (RaftServerImpl.java:requestVote(853)) - a25077fe-07bb-4d24-852a-2756038b5eee@group-ADC960A4F596 replies to vote request: dbde6606-63c7-4466-8c6c-a94dae6a6896<-a25077fe-07bb-4d24-852a-2756038b5eee#0:FAIL-t2. Peer's state: a25077fe-07bb-4d24-852a-2756038b5eee@group-ADC960A4F596:t2, leader=null, voted=null, raftlog=a25077fe-07bb-4d24-852a-2756038b5eee@group-ADC960A4F596-SegmentedRaftLog:OPENED:c0,f0,i0, conf=0: [5ef51406-0285-4d9b-8c48-bf2d62cee264:172.17.0.2:43759, a25077fe-07bb-4d24-852a-2756038b5eee:172.17.0.2:43751, dbde6606-63c7-4466-8c6c-a94dae6a6896:172.17.0.2:43975], old=null
2020-07-14 01:24:52,644 [grpc-default-executor-2] DEBUG server.GrpcLogAppender (GrpcLogAppender.java:onNext(257)) - a25077fe-07bb-4d24-852a-2756038b5eee@group-ADC960A4F596->5ef51406-0285-4d9b-8c48-bf2d62cee264-AppendLogResponseHandler: received a reply a25077fe-07bb-4d24-852a-2756038b5eee<-5ef51406-0285-4d9b-8c48-bf2d62cee264#1:FAIL,NOT_LEADER,nextIndex:1,term:2,followerCommit:-1, request=AppendEntriesRequest:cid=1,entriesCount=1,lastEntry=(t:1, i:0)
2020-07-14 01:24:52,644 [grpc-default-executor-2] INFO  server.GrpcLogAppender (GrpcLogAppender.java:onCompleted(319)) - a25077fe-07bb-4d24-852a-2756038b5eee@group-ADC960A4F596->5ef51406-0285-4d9b-8c48-bf2d62cee264-AppendLogResponseHandler: follower responses appendEntries COMPLETED
2020-07-14 01:24:52,645 [grpc-default-executor-4] DEBUG server.GrpcLogAppender (GrpcLogAppender.java:onNext(257)) - a25077fe-07bb-4d24-852a-2756038b5eee@group-ADC960A4F596->dbde6606-63c7-4466-8c6c-a94dae6a6896-AppendLogResponseHandler: received the first reply a25077fe-07bb-4d24-852a-2756038b5eee<-dbde6606-63c7-4466-8c6c-a94dae6a6896#0:FAIL,NOT_LEADER,nextIndex:1,term:2,followerCommit:-1, request=AppendEntriesRequest:cid=0,entriesCount=0,lastEntry=null
2020-07-14 01:24:52,653 [grpc-default-executor-2] INFO  impl.FollowerInfo (FollowerInfo.java:lambda$new$0(51)) - a25077fe-07bb-4d24-852a-2756038b5eee@group-ADC960A4F596->5ef51406-0285-4d9b-8c48-bf2d62cee264: nextIndex: updateUnconditionally 1 -> 0
2020-07-14 01:24:52,657 [grpc-default-executor-4] DEBUG server.GrpcLogAppender (GrpcLogAppender.java:onNext(257)) - a25077fe-07bb-4d24-852a-2756038b5eee@group-ADC960A4F596->dbde6606-63c7-4466-8c6c-a94dae6a6896-AppendLogResponseHandler: received a reply a25077fe-07bb-4d24-852a-2756038b5eee<-dbde6606-63c7-4466-8c6c-a94dae6a6896#1:FAIL,NOT_LEADER,nextIndex:1,term:2,followerCommit:-1, request=AppendEntriesRequest:cid=1,entriesCount=1,lastEntry=(t:1, i:0)
2020-07-14 01:24:52,657 [grpc-default-executor-4] INFO  server.GrpcLogAppender (GrpcLogAppender.java:onCompleted(319)) - a25077fe-07bb-4d24-852a-2756038b5eee@group-ADC960A4F596->dbde6606-63c7-4466-8c6c-a94dae6a6896-AppendLogResponseHandler: follower responses appendEntries COMPLETED
2020-07-14 01:24:52,660 [grpc-default-executor-4] INFO  impl.FollowerInfo (FollowerInfo.java:lambda$new$0(51)) - a25077fe-07bb-4d24-852a-2756038b5eee@group-ADC960A4F596->dbde6606-63c7-4466-8c6c-a94dae6a6896: nextIndex: updateUnconditionally 1 -> 0
2020-07-14 01:24:53,305 [Listener at 127.0.0.1/42259] INFO  ozone.MiniOzoneClusterImpl (MiniOzoneClusterImpl.java:lambda$waitForClusterToBeReady$0(177)) - Nodes are ready. Got 3 of 3 DN Heartbeats.
2020-07-14 01:24:53,305 [Listener at 127.0.0.1/42259] INFO  ozone.MiniOzoneClusterImpl (MiniOzoneClusterImpl.java:lambda$waitForClusterToBeReady$0(180)) - Cluster exits safe mode
2020-07-14 01:24:53,850 [Listener at 127.0.0.1/42259] INFO  rpc.RpcClient (RpcClient.java:createVolume(313)) - Creating Volume: testcontainerstatemachinefailures, with jenkins1001 as owner.
2020-07-14 01:24:53,922 [IPC Server handler 1 on default port 42259] INFO  volume.OMVolumeCreateRequest (OMVolumeCreateRequest.java:validateAndUpdateCache(195)) - created volume:testcontainerstatemachinefailures for user:jenkins1001
2020-07-14 01:24:53,939 [Listener at 127.0.0.1/42259] INFO  rpc.RpcClient (RpcClient.java:createBucket(456)) - Creating Bucket: testcontainerstatemachinefailures/testcontainerstatemachinefailures, with Versioning false and Storage Type set to DISK and Encryption set to false 
2020-07-14 01:24:54,077 [Listener at 127.0.0.1/42259] INFO  impl.MetricsSystemImpl (MetricsSystemImpl.java:init(158)) - XceiverClientMetrics metrics system started (again)
]]></system-out>
    <system-err><![CDATA[ERROR StatusLogger No Log4j 2 configuration file found. Using default configuration (logging only errors to the console), or user programmatically provided configurations. Set system property 'log4j2.debug' to show Log4j 2 internal initialization logging. See https://logging.apache.org/log4j/2.x/manual/configuration.html for instructions on how to configure Log4j 2
]]></system-err>
  </testcase>
</testsuite>