<?xml version="1.0" encoding="UTF-8"?>
<testsuite xmlns:xsi="http://www.w3.org/2001/XMLSchema-instance" xsi:noNamespaceSchemaLocation="https://maven.apache.org/surefire/maven-surefire-plugin/xsd/surefire-test-report.xsd" name="org.apache.hadoop.ozone.client.rpc.TestWatchForCommit" time="201.947" tests="4" errors="1" skipped="0" failures="0">
  <properties>
    <property name="awt.toolkit" value="sun.awt.X11.XToolkit"/>
    <property name="file.encoding.pkg" value="sun.io"/>
    <property name="java.specification.version" value="1.8"/>
    <property name="sun.cpu.isalist" value=""/>
    <property name="sun.jnu.encoding" value="UTF-8"/>
    <property name="java.class.path" value="/home/runner/work/ozone/ozone/mnt/ozone/hadoop-ozone/integration-test/target/test-classes:/home/runner/work/ozone/ozone/mnt/ozone/hadoop-ozone/integration-test/target/classes:/home/runner/.m2/repository/org/apache/ozone/ozone-common/1.2.0-SNAPSHOT/ozone-common-1.2.0-SNAPSHOT.jar:/home/runner/.m2/repository/org/apache/commons/commons-compress/1.20/commons-compress-1.20.jar:/home/runner/.m2/repository/org/apache/ozone/hdds-common/1.2.0-SNAPSHOT/hdds-common-1.2.0-SNAPSHOT.jar:/home/runner/.m2/repository/org/apache/ozone/hdds-client/1.2.0-SNAPSHOT/hdds-client-1.2.0-SNAPSHOT.jar:/home/runner/.m2/repository/org/apache/ozone/ozone-interface-client/1.2.0-SNAPSHOT/ozone-interface-client-1.2.0-SNAPSHOT.jar:/home/runner/.m2/repository/org/apache/ozone/hdds-test-utils/1.2.0-SNAPSHOT/hdds-test-utils-1.2.0-SNAPSHOT.jar:/home/runner/.m2/repository/com/google/guava/guava/30.1.1-jre/guava-30.1.1-jre.jar:/home/runner/.m2/repository/com/google/guava/failureaccess/1.0.1/failureaccess-1.0.1.jar:/home/runner/.m2/repository/com/google/guava/listenablefuture/9999.0-empty-to-avoid-conflict-with-guava/listenablefuture-9999.0-empty-to-avoid-conflict-with-guava.jar:/home/runner/.m2/repository/com/google/code/findbugs/jsr305/3.0.0/jsr305-3.0.0.jar:/home/runner/.m2/repository/org/checkerframework/checker-qual/3.8.0/checker-qual-3.8.0.jar:/home/runner/.m2/repository/com/google/errorprone/error_prone_annotations/2.2.0/error_prone_annotations-2.2.0.jar:/home/runner/.m2/repository/com/google/j2objc/j2objc-annotations/1.3/j2objc-annotations-1.3.jar:/home/runner/.m2/repository/commons-io/commons-io/2.8.0/commons-io-2.8.0.jar:/home/runner/.m2/repository/commons-logging/commons-logging/1.2/commons-logging-1.2.jar:/home/runner/.m2/repository/log4j/log4j/1.2.17/log4j-1.2.17.jar:/home/runner/.m2/repository/org/slf4j/slf4j-api/1.7.30/slf4j-api-1.7.30.jar:/home/runner/.m2/repository/org/apache/ozone/hdds-server-scm/1.2.0-SNAPSHOT/hdds-server-scm-1.2.0-SNAPSHOT.jar:/home/runner/.m2/repository/org/apache/ozone/hdds-container-service/1.2.0-SNAPSHOT/hdds-container-service-1.2.0-SNAPSHOT.jar:/home/runner/.m2/repository/org/apache/ozone/hdds-hadoop-dependency-server/1.2.0-SNAPSHOT/hdds-hadoop-dependency-server-1.2.0-SNAPSHOT.jar:/home/runner/.m2/repository/org/apache/hadoop/hadoop-hdfs/3.2.2/hadoop-hdfs-3.2.2.jar:/home/runner/.m2/repository/org/apache/ozone/hdds-server-framework/1.2.0-SNAPSHOT/hdds-server-framework-1.2.0-SNAPSHOT.jar:/home/runner/.m2/repository/org/apache/ozone/hdds-interface-server/1.2.0-SNAPSHOT/hdds-interface-server-1.2.0-SNAPSHOT.jar:/home/runner/.m2/repository/org/eclipse/jetty/jetty-servlet/9.4.35.v20201120/jetty-servlet-9.4.35.v20201120.jar:/home/runner/.m2/repository/org/eclipse/jetty/jetty-security/9.4.35.v20201120/jetty-security-9.4.35.v20201120.jar:/home/runner/.m2/repository/org/rocksdb/rocksdbjni/6.20.3/rocksdbjni-6.20.3.jar:/home/runner/.m2/repository/io/prometheus/simpleclient_dropwizard/0.7.0/simpleclient_dropwizard-0.7.0.jar:/home/runner/.m2/repository/io/prometheus/simpleclient/0.7.0/simpleclient-0.7.0.jar:/home/runner/.m2/repository/io/prometheus/simpleclient_common/0.7.0/simpleclient_common-0.7.0.jar:/home/runner/.m2/repository/com/fasterxml/jackson/datatype/jackson-datatype-jsr310/2.12.1/jackson-datatype-jsr310-2.12.1.jar:/home/runner/.m2/repository/io/dropwizard/metrics/metrics-core/3.2.4/metrics-core-3.2.4.jar:/home/runner/.m2/repository/org/apache/hadoop/hadoop-hdfs-client/3.2.2/hadoop-hdfs-client-3.2.2.jar:/home/runner/.m2/repository/org/bouncycastle/bcprov-jdk15on/1.67/bcprov-jdk15on-1.67.jar:/home/runner/.m2/repository/com/google/protobuf/protobuf-java/2.5.0/protobuf-java-2.5.0.jar:/home/runner/.m2/repository/org/apache/ozone/ozone-manager/1.2.0-SNAPSHOT/ozone-manager-1.2.0-SNAPSHOT.jar:/home/runner/.m2/repository/org/apache/ozone/hdds-interface-client/1.2.0-SNAPSHOT/hdds-interface-client-1.2.0-SNAPSHOT.jar:/home/runner/.m2/repository/org/apache/ratis/ratis-thirdparty-misc/0.7.0-a398b19-SNAPSHOT/ratis-thirdparty-misc-0.7.0-a398b19-SNAPSHOT.jar:/home/runner/.m2/repository/org/apache/ozone/ozone-interface-storage/1.2.0-SNAPSHOT/ozone-interface-storage-1.2.0-SNAPSHOT.jar:/home/runner/.m2/repository/org/apache/hadoop/hadoop-minikdc/3.2.2/hadoop-minikdc-3.2.2.jar:/home/runner/.m2/repository/org/apache/kerby/kerb-simplekdc/1.0.1/kerb-simplekdc-1.0.1.jar:/home/runner/.m2/repository/org/apache/kerby/kerb-client/1.0.1/kerb-client-1.0.1.jar:/home/runner/.m2/repository/org/apache/kerby/kerby-config/1.0.1/kerby-config-1.0.1.jar:/home/runner/.m2/repository/org/apache/kerby/kerb-core/1.0.1/kerb-core-1.0.1.jar:/home/runner/.m2/repository/org/apache/kerby/kerby-pkix/1.0.1/kerby-pkix-1.0.1.jar:/home/runner/.m2/repository/org/apache/kerby/kerby-asn1/1.0.1/kerby-asn1-1.0.1.jar:/home/runner/.m2/repository/org/apache/kerby/kerby-util/1.0.1/kerby-util-1.0.1.jar:/home/runner/.m2/repository/org/apache/kerby/kerb-common/1.0.1/kerb-common-1.0.1.jar:/home/runner/.m2/repository/org/apache/kerby/kerb-crypto/1.0.1/kerb-crypto-1.0.1.jar:/home/runner/.m2/repository/org/apache/kerby/kerb-util/1.0.1/kerb-util-1.0.1.jar:/home/runner/.m2/repository/org/apache/kerby/token-provider/1.0.1/token-provider-1.0.1.jar:/home/runner/.m2/repository/org/apache/kerby/kerb-admin/1.0.1/kerb-admin-1.0.1.jar:/home/runner/.m2/repository/org/apache/kerby/kerb-server/1.0.1/kerb-server-1.0.1.jar:/home/runner/.m2/repository/org/apache/kerby/kerb-identity/1.0.1/kerb-identity-1.0.1.jar:/home/runner/.m2/repository/org/apache/kerby/kerby-xdr/1.0.1/kerby-xdr-1.0.1.jar:/home/runner/.m2/repository/org/slf4j/slf4j-log4j12/1.7.30/slf4j-log4j12-1.7.30.jar:/home/runner/.m2/repository/org/apache/ozone/ozone-s3gateway/1.2.0-SNAPSHOT/ozone-s3gateway-1.2.0-SNAPSHOT.jar:/home/runner/.m2/repository/org/jboss/weld/servlet/weld-servlet/2.4.7.Final/weld-servlet-2.4.7.Final.jar:/home/runner/.m2/repository/org/glassfish/jersey/containers/jersey-container-servlet-core/2.33/jersey-container-servlet-core-2.33.jar:/home/runner/.m2/repository/org/glassfish/hk2/external/jakarta.inject/2.6.1/jakarta.inject-2.6.1.jar:/home/runner/.m2/repository/org/glassfish/jersey/core/jersey-common/2.33/jersey-common-2.33.jar:/home/runner/.m2/repository/jakarta/ws/rs/jakarta.ws.rs-api/2.1.6/jakarta.ws.rs-api-2.1.6.jar:/home/runner/.m2/repository/org/glassfish/jersey/ext/cdi/jersey-cdi1x/2.33/jersey-cdi1x-2.33.jar:/home/runner/.m2/repository/org/glassfish/jersey/inject/jersey-hk2/2.33/jersey-hk2-2.33.jar:/home/runner/.m2/repository/org/glassfish/hk2/hk2-locator/2.6.1/hk2-locator-2.6.1.jar:/home/runner/.m2/repository/org/javassist/javassist/3.25.0-GA/javassist-3.25.0-GA.jar:/home/runner/.m2/repository/org/glassfish/jersey/media/jersey-media-jaxb/2.33/jersey-media-jaxb-2.33.jar:/home/runner/.m2/repository/org/glassfish/hk2/osgi-resource-locator/1.0.3/osgi-resource-locator-1.0.3.jar:/home/runner/.m2/repository/org/glassfish/hk2/hk2-api/2.5.0/hk2-api-2.5.0.jar:/home/runner/.m2/repository/org/glassfish/hk2/hk2-utils/2.5.0/hk2-utils-2.5.0.jar:/home/runner/.m2/repository/org/glassfish/hk2/external/aopalliance-repackaged/2.5.0/aopalliance-repackaged-2.5.0.jar:/home/runner/.m2/repository/com/fasterxml/jackson/dataformat/jackson-dataformat-xml/2.12.1/jackson-dataformat-xml-2.12.1.jar:/home/runner/.m2/repository/com/fasterxml/jackson/core/jackson-core/2.12.1/jackson-core-2.12.1.jar:/home/runner/.m2/repository/com/fasterxml/jackson/module/jackson-module-jaxb-annotations/2.12.1/jackson-module-jaxb-annotations-2.12.1.jar:/home/runner/.m2/repository/jakarta/xml/bind/jakarta.xml.bind-api/2.3.2/jakarta.xml.bind-api-2.3.2.jar:/home/runner/.m2/repository/jakarta/activation/jakarta.activation-api/1.2.1/jakarta.activation-api-1.2.1.jar:/home/runner/.m2/repository/org/codehaus/woodstox/stax2-api/3.1.4/stax2-api-3.1.4.jar:/home/runner/.m2/repository/com/fasterxml/woodstox/woodstox-core/5.0.3/woodstox-core-5.0.3.jar:/home/runner/.m2/repository/javax/enterprise/cdi-api/1.2/cdi-api-1.2.jar:/home/runner/.m2/repository/javax/el/javax.el-api/3.0.0/javax.el-api-3.0.0.jar:/home/runner/.m2/repository/javax/interceptor/javax.interceptor-api/1.2/javax.interceptor-api-1.2.jar:/home/runner/.m2/repository/javax/inject/javax.inject/1/javax.inject-1.jar:/home/runner/.m2/repository/javax/xml/bind/jaxb-api/2.3.0/jaxb-api-2.3.0.jar:/home/runner/.m2/repository/org/glassfish/jaxb/jaxb-runtime/2.3.0.1/jaxb-runtime-2.3.0.1.jar:/home/runner/.m2/repository/org/glassfish/jaxb/jaxb-core/2.3.0.1/jaxb-core-2.3.0.1.jar:/home/runner/.m2/repository/org/glassfish/jaxb/txw2/2.3.0.1/txw2-2.3.0.1.jar:/home/runner/.m2/repository/com/sun/istack/istack-commons-runtime/3.0.5/istack-commons-runtime-3.0.5.jar:/home/runner/.m2/repository/org/jvnet/staxex/stax-ex/1.7.8/stax-ex-1.7.8.jar:/home/runner/.m2/repository/com/sun/xml/fastinfoset/FastInfoset/1.2.13/FastInfoset-1.2.13.jar:/home/runner/.m2/repository/javax/activation/activation/1.1.1/activation-1.1.1.jar:/home/runner/.m2/repository/org/apache/ozone/ozone-csi/1.2.0-SNAPSHOT/ozone-csi-1.2.0-SNAPSHOT.jar:/home/runner/.m2/repository/com/google/protobuf/protobuf-java-util/3.12.0/protobuf-java-util-3.12.0.jar:/home/runner/.m2/repository/com/google/code/gson/gson/2.2.4/gson-2.2.4.jar:/home/runner/.m2/repository/org/apache/ozone/hdds-config/1.2.0-SNAPSHOT/hdds-config-1.2.0-SNAPSHOT.jar:/home/runner/.m2/repository/io/grpc/grpc-netty/1.33.0/grpc-netty-1.33.0.jar:/home/runner/.m2/repository/io/grpc/grpc-core/1.33.0/grpc-core-1.33.0.jar:/home/runner/.m2/repository/com/google/android/annotations/4.1.1.4/annotations-4.1.1.4.jar:/home/runner/.m2/repository/io/netty/netty-codec-http2/4.1.63.Final/netty-codec-http2-4.1.63.Final.jar:/home/runner/.m2/repository/io/netty/netty-codec-http/4.1.63.Final/netty-codec-http-4.1.63.Final.jar:/home/runner/.m2/repository/io/netty/netty-handler-proxy/4.1.63.Final/netty-handler-proxy-4.1.63.Final.jar:/home/runner/.m2/repository/io/netty/netty-codec-socks/4.1.63.Final/netty-codec-socks-4.1.63.Final.jar:/home/runner/.m2/repository/io/perfmark/perfmark-api/0.19.0/perfmark-api-0.19.0.jar:/home/runner/.m2/repository/org/codehaus/mojo/animal-sniffer-annotations/1.18/animal-sniffer-annotations-1.18.jar:/home/runner/.m2/repository/io/netty/netty-transport-native-epoll/4.1.63.Final/netty-transport-native-epoll-4.1.63.Final.jar:/home/runner/.m2/repository/io/netty/netty-common/4.1.63.Final/netty-common-4.1.63.Final.jar:/home/runner/.m2/repository/io/netty/netty-buffer/4.1.63.Final/netty-buffer-4.1.63.Final.jar:/home/runner/.m2/repository/io/netty/netty-transport-native-unix-common/4.1.63.Final/netty-transport-native-unix-common-4.1.63.Final.jar:/home/runner/.m2/repository/io/grpc/grpc-protobuf/1.33.0/grpc-protobuf-1.33.0.jar:/home/runner/.m2/repository/io/grpc/grpc-api/1.33.0/grpc-api-1.33.0.jar:/home/runner/.m2/repository/io/grpc/grpc-context/1.33.0/grpc-context-1.33.0.jar:/home/runner/.m2/repository/com/google/api/grpc/proto-google-common-protos/1.17.0/proto-google-common-protos-1.17.0.jar:/home/runner/.m2/repository/io/grpc/grpc-protobuf-lite/1.33.0/grpc-protobuf-lite-1.33.0.jar:/home/runner/.m2/repository/io/grpc/grpc-stub/1.33.0/grpc-stub-1.33.0.jar:/home/runner/.m2/repository/org/apache/ozone/ozone-recon/1.2.0-SNAPSHOT/ozone-recon-1.2.0-SNAPSHOT.jar:/home/runner/.m2/repository/org/apache/ozone/ozone-reconcodegen/1.2.0-SNAPSHOT/ozone-reconcodegen-1.2.0-SNAPSHOT.jar:/home/runner/.m2/repository/com/google/inject/extensions/guice-multibindings/4.0/guice-multibindings-4.0.jar:/home/runner/.m2/repository/com/google/inject/guice/4.0/guice-4.0.jar:/home/runner/.m2/repository/aopalliance/aopalliance/1.0/aopalliance-1.0.jar:/home/runner/.m2/repository/com/google/inject/extensions/guice-assistedinject/4.0/guice-assistedinject-4.0.jar:/home/runner/.m2/repository/com/google/inject/extensions/guice-servlet/4.0/guice-servlet-4.0.jar:/home/runner/.m2/repository/org/glassfish/jersey/containers/jersey-container-servlet/2.33/jersey-container-servlet-2.33.jar:/home/runner/.m2/repository/org/glassfish/hk2/guice-bridge/2.5.0/guice-bridge-2.5.0.jar:/home/runner/.m2/repository/org/glassfish/jersey/core/jersey-server/2.33/jersey-server-2.33.jar:/home/runner/.m2/repository/org/glassfish/jersey/core/jersey-client/2.33/jersey-client-2.33.jar:/home/runner/.m2/repository/jakarta/annotation/jakarta.annotation-api/1.3.5/jakarta.annotation-api-1.3.5.jar:/home/runner/.m2/repository/jakarta/validation/jakarta.validation-api/2.0.2/jakarta.validation-api-2.0.2.jar:/home/runner/.m2/repository/org/glassfish/jersey/media/jersey-media-json-jackson/2.33/jersey-media-json-jackson-2.33.jar:/home/runner/.m2/repository/org/glassfish/jersey/ext/jersey-entity-filtering/2.33/jersey-entity-filtering-2.33.jar:/home/runner/.m2/repository/org/jooq/jooq/3.11.10/jooq-3.11.10.jar:/home/runner/.m2/repository/org/jooq/jooq-meta/3.11.10/jooq-meta-3.11.10.jar:/home/runner/.m2/repository/org/jooq/jooq-codegen/3.11.10/jooq-codegen-3.11.10.jar:/home/runner/.m2/repository/com/jolbox/bonecp/0.8.0.RELEASE/bonecp-0.8.0.RELEASE.jar:/home/runner/.m2/repository/org/apache/derby/derby/10.14.2.0/derby-10.14.2.0.jar:/home/runner/.m2/repository/org/xerial/sqlite-jdbc/3.25.2/sqlite-jdbc-3.25.2.jar:/home/runner/.m2/repository/org/springframework/spring-jdbc/5.2.11.RELEASE/spring-jdbc-5.2.11.RELEASE.jar:/home/runner/.m2/repository/org/springframework/spring-beans/5.2.11.RELEASE/spring-beans-5.2.11.RELEASE.jar:/home/runner/.m2/repository/org/springframework/spring-core/5.2.11.RELEASE/spring-core-5.2.11.RELEASE.jar:/home/runner/.m2/repository/org/springframework/spring-jcl/5.2.11.RELEASE/spring-jcl-5.2.11.RELEASE.jar:/home/runner/.m2/repository/org/springframework/spring-tx/5.2.11.RELEASE/spring-tx-5.2.11.RELEASE.jar:/home/runner/.m2/repository/org/apache/ozone/ozone-client/1.2.0-SNAPSHOT/ozone-client-1.2.0-SNAPSHOT.jar:/home/runner/.m2/repository/org/apache/ozone/ozone-filesystem/1.2.0-SNAPSHOT/ozone-filesystem-1.2.0-SNAPSHOT.jar:/home/runner/.m2/repository/org/apache/ozone/ozone-filesystem-common/1.2.0-SNAPSHOT/ozone-filesystem-common-1.2.0-SNAPSHOT.jar:/home/runner/.m2/repository/org/apache/ozone/ozone-tools/1.2.0-SNAPSHOT/ozone-tools-1.2.0-SNAPSHOT.jar:/home/runner/.m2/repository/org/apache/ratis/ratis-tools/2.1.0-ff8aa66-SNAPSHOT/ratis-tools-2.1.0-ff8aa66-SNAPSHOT.jar:/home/runner/.m2/repository/org/apache/ratis/ratis-proto/2.1.0-ff8aa66-SNAPSHOT/ratis-proto-2.1.0-ff8aa66-SNAPSHOT.jar:/home/runner/.m2/repository/org/apache/ratis/ratis-common/2.1.0-ff8aa66-SNAPSHOT/ratis-common-2.1.0-ff8aa66-SNAPSHOT.jar:/home/runner/.m2/repository/com/amazonaws/aws-java-sdk-core/1.11.901/aws-java-sdk-core-1.11.901.jar:/home/runner/.m2/repository/org/apache/httpcomponents/httpclient/4.5.13/httpclient-4.5.13.jar:/home/runner/.m2/repository/org/apache/httpcomponents/httpcore/4.4.13/httpcore-4.4.13.jar:/home/runner/.m2/repository/software/amazon/ion/ion-java/1.0.2/ion-java-1.0.2.jar:/home/runner/.m2/repository/com/fasterxml/jackson/dataformat/jackson-dataformat-cbor/2.12.1/jackson-dataformat-cbor-2.12.1.jar:/home/runner/.m2/repository/joda-time/joda-time/2.8.1/joda-time-2.8.1.jar:/home/runner/.m2/repository/com/amazonaws/aws-java-sdk-s3/1.11.901/aws-java-sdk-s3-1.11.901.jar:/home/runner/.m2/repository/com/amazonaws/aws-java-sdk-kms/1.11.901/aws-java-sdk-kms-1.11.901.jar:/home/runner/.m2/repository/com/amazonaws/jmespath-java/1.11.901/jmespath-java-1.11.901.jar:/home/runner/.m2/repository/org/kohsuke/metainf-services/metainf-services/1.8/metainf-services-1.8.jar:/home/runner/.m2/repository/org/apache/ozone/hdds-tools/1.2.0-SNAPSHOT/hdds-tools-1.2.0-SNAPSHOT.jar:/home/runner/.m2/repository/commons-cli/commons-cli/1.2/commons-cli-1.2.jar:/home/runner/.m2/repository/org/apache/commons/commons-lang3/3.7/commons-lang3-3.7.jar:/home/runner/.m2/repository/org/apache/ozone/ozone-manager/1.2.0-SNAPSHOT/ozone-manager-1.2.0-SNAPSHOT-tests.jar:/home/runner/.m2/repository/org/apache/ozone/hdds-common/1.2.0-SNAPSHOT/hdds-common-1.2.0-SNAPSHOT-tests.jar:/home/runner/.m2/repository/org/apache/ozone/hdds-hadoop-dependency-client/1.2.0-SNAPSHOT/hdds-hadoop-dependency-client-1.2.0-SNAPSHOT.jar:/home/runner/.m2/repository/info/picocli/picocli/4.4.0/picocli-4.4.0.jar:/home/runner/.m2/repository/com/fasterxml/jackson/core/jackson-annotations/2.12.1/jackson-annotations-2.12.1.jar:/home/runner/.m2/repository/javax/annotation/javax.annotation-api/1.2/javax.annotation-api-1.2.jar:/home/runner/.m2/repository/org/apache/ratis/ratis-server/2.1.0-ff8aa66-SNAPSHOT/ratis-server-2.1.0-ff8aa66-SNAPSHOT.jar:/home/runner/.m2/repository/org/apache/ratis/ratis-client/2.1.0-ff8aa66-SNAPSHOT/ratis-client-2.1.0-ff8aa66-SNAPSHOT.jar:/home/runner/.m2/repository/org/apache/ratis/ratis-server-api/2.1.0-ff8aa66-SNAPSHOT/ratis-server-api-2.1.0-ff8aa66-SNAPSHOT.jar:/home/runner/.m2/repository/org/apache/ratis/ratis-metrics/2.1.0-ff8aa66-SNAPSHOT/ratis-metrics-2.1.0-ff8aa66-SNAPSHOT.jar:/home/runner/.m2/repository/org/apache/ratis/ratis-netty/2.1.0-ff8aa66-SNAPSHOT/ratis-netty-2.1.0-ff8aa66-SNAPSHOT.jar:/home/runner/.m2/repository/org/apache/ratis/ratis-grpc/2.1.0-ff8aa66-SNAPSHOT/ratis-grpc-2.1.0-ff8aa66-SNAPSHOT.jar:/home/runner/.m2/repository/org/apache/logging/log4j/log4j-api/2.13.3/log4j-api-2.13.3.jar:/home/runner/.m2/repository/org/apache/logging/log4j/log4j-core/2.13.3/log4j-core-2.13.3.jar:/home/runner/.m2/repository/com/lmax/disruptor/3.4.2/disruptor-3.4.2.jar:/home/runner/.m2/repository/org/apache/commons/commons-pool2/2.6.0/commons-pool2-2.6.0.jar:/home/runner/.m2/repository/org/bouncycastle/bcpkix-jdk15on/1.67/bcpkix-jdk15on-1.67.jar:/home/runner/.m2/repository/commons-validator/commons-validator/1.6/commons-validator-1.6.jar:/home/runner/.m2/repository/commons-beanutils/commons-beanutils/1.9.4/commons-beanutils-1.9.4.jar:/home/runner/.m2/repository/commons-digester/commons-digester/1.8.1/commons-digester-1.8.1.jar:/home/runner/.m2/repository/commons-collections/commons-collections/3.2.2/commons-collections-3.2.2.jar:/home/runner/.m2/repository/io/jaegertracing/jaeger-client/1.6.0/jaeger-client-1.6.0.jar:/home/runner/.m2/repository/io/jaegertracing/jaeger-thrift/1.6.0/jaeger-thrift-1.6.0.jar:/home/runner/.m2/repository/org/apache/thrift/libthrift/0.14.1/libthrift-0.14.1.jar:/home/runner/.m2/repository/com/squareup/okhttp3/okhttp/4.9.0/okhttp-4.9.0.jar:/home/runner/.m2/repository/com/squareup/okio/okio/2.8.0/okio-2.8.0.jar:/home/runner/.m2/repository/io/jaegertracing/jaeger-core/1.6.0/jaeger-core-1.6.0.jar:/home/runner/.m2/repository/io/jaegertracing/jaeger-tracerresolver/1.6.0/jaeger-tracerresolver-1.6.0.jar:/home/runner/.m2/repository/io/opentracing/contrib/opentracing-tracerresolver/0.1.8/opentracing-tracerresolver-0.1.8.jar:/home/runner/.m2/repository/org/jetbrains/kotlin/kotlin-stdlib/1.4.31/kotlin-stdlib-1.4.31.jar:/home/runner/.m2/repository/org/jetbrains/kotlin/kotlin-stdlib-common/1.4.31/kotlin-stdlib-common-1.4.31.jar:/home/runner/.m2/repository/org/jetbrains/annotations/13.0/annotations-13.0.jar:/home/runner/.m2/repository/io/opentracing/opentracing-util/0.33.0/opentracing-util-0.33.0.jar:/home/runner/.m2/repository/io/opentracing/opentracing-api/0.33.0/opentracing-api-0.33.0.jar:/home/runner/.m2/repository/io/opentracing/opentracing-noop/0.33.0/opentracing-noop-0.33.0.jar:/home/runner/.m2/repository/org/yaml/snakeyaml/1.26/snakeyaml-1.26.jar:/home/runner/.m2/repository/org/apache/ozone/hdds-interface-admin/1.2.0-SNAPSHOT/hdds-interface-admin-1.2.0-SNAPSHOT.jar:/home/runner/.m2/repository/junit/junit/4.13.1/junit-4.13.1.jar:/home/runner/.m2/repository/org/hamcrest/hamcrest-core/1.3/hamcrest-core-1.3.jar:/home/runner/.m2/repository/org/junit/jupiter/junit-jupiter-api/5.7.0/junit-jupiter-api-5.7.0.jar:/home/runner/.m2/repository/org/apiguardian/apiguardian-api/1.1.0/apiguardian-api-1.1.0.jar:/home/runner/.m2/repository/org/opentest4j/opentest4j/1.2.0/opentest4j-1.2.0.jar:/home/runner/.m2/repository/org/junit/platform/junit-platform-commons/1.7.0/junit-platform-commons-1.7.0.jar:/home/runner/.m2/repository/org/junit/jupiter/junit-jupiter-engine/5.7.0/junit-jupiter-engine-5.7.0.jar:/home/runner/.m2/repository/org/junit/platform/junit-platform-engine/1.7.0/junit-platform-engine-1.7.0.jar:/home/runner/.m2/repository/org/junit/vintage/junit-vintage-engine/5.7.0/junit-vintage-engine-5.7.0.jar:/home/runner/.m2/repository/org/junit/platform/junit-platform-launcher/1.7.0/junit-platform-launcher-1.7.0.jar:/home/runner/.m2/repository/org/openjdk/jmh/jmh-core/1.19/jmh-core-1.19.jar:/home/runner/.m2/repository/net/sf/jopt-simple/jopt-simple/4.6/jopt-simple-4.6.jar:/home/runner/.m2/repository/org/apache/commons/commons-math3/3.1.1/commons-math3-3.1.1.jar:/home/runner/.m2/repository/org/openjdk/jmh/jmh-generator-annprocess/1.19/jmh-generator-annprocess-1.19.jar:/home/runner/.m2/repository/org/mockito/mockito-all/1.8.5/mockito-all-1.8.5.jar:/home/runner/.m2/repository/org/apache/hadoop/hadoop-kms/3.2.2/hadoop-kms-3.2.2.jar:/home/runner/.m2/repository/org/apache/hadoop/hadoop-auth/3.2.2/hadoop-auth-3.2.2.jar:/home/runner/.m2/repository/com/nimbusds/nimbus-jose-jwt/7.9/nimbus-jose-jwt-7.9.jar:/home/runner/.m2/repository/com/github/stephenc/jcip/jcip-annotations/1.0-1/jcip-annotations-1.0-1.jar:/home/runner/.m2/repository/net/minidev/json-smart/2.3/json-smart-2.3.jar:/home/runner/.m2/repository/net/minidev/accessors-smart/1.2/accessors-smart-1.2.jar:/home/runner/.m2/repository/org/ow2/asm/asm/5.0.4/asm-5.0.4.jar:/home/runner/.m2/repository/org/apache/zookeeper/zookeeper/3.4.13/zookeeper-3.4.13.jar:/home/runner/.m2/repository/org/apache/yetus/audience-annotations/0.5.0/audience-annotations-0.5.0.jar:/home/runner/.m2/repository/org/apache/curator/curator-framework/2.13.0/curator-framework-2.13.0.jar:/home/runner/.m2/repository/com/sun/jersey/jersey-core/1.19/jersey-core-1.19.jar:/home/runner/.m2/repository/javax/ws/rs/jsr311-api/1.1.1/jsr311-api-1.1.1.jar:/home/runner/.m2/repository/com/sun/jersey/jersey-server/1.19/jersey-server-1.19.jar:/home/runner/.m2/repository/javax/servlet/javax.servlet-api/3.1.0/javax.servlet-api-3.1.0.jar:/home/runner/.m2/repository/org/eclipse/jetty/jetty-server/9.4.35.v20201120/jetty-server-9.4.35.v20201120.jar:/home/runner/.m2/repository/org/eclipse/jetty/jetty-http/9.4.35.v20201120/jetty-http-9.4.35.v20201120.jar:/home/runner/.m2/repository/org/eclipse/jetty/jetty-io/9.4.35.v20201120/jetty-io-9.4.35.v20201120.jar:/home/runner/.m2/repository/org/eclipse/jetty/jetty-webapp/9.4.35.v20201120/jetty-webapp-9.4.35.v20201120.jar:/home/runner/.m2/repository/org/eclipse/jetty/jetty-xml/9.4.35.v20201120/jetty-xml-9.4.35.v20201120.jar:/home/runner/.m2/repository/org/apache/hadoop/hadoop-common/3.2.2/hadoop-common-3.2.2.jar:/home/runner/.m2/repository/commons-net/commons-net/3.6/commons-net-3.6.jar:/home/runner/.m2/repository/javax/activation/javax.activation-api/1.2.0/javax.activation-api-1.2.0.jar:/home/runner/.m2/repository/com/sun/jersey/jersey-servlet/1.19/jersey-servlet-1.19.jar:/home/runner/.m2/repository/com/sun/jersey/jersey-json/1.19/jersey-json-1.19.jar:/home/runner/.m2/repository/org/codehaus/jettison/jettison/1.1/jettison-1.1.jar:/home/runner/.m2/repository/com/sun/xml/bind/jaxb-impl/2.2.3-1/jaxb-impl-2.2.3-1.jar:/home/runner/.m2/repository/org/codehaus/jackson/jackson-jaxrs/1.9.2/jackson-jaxrs-1.9.2.jar:/home/runner/.m2/repository/org/codehaus/jackson/jackson-xc/1.9.2/jackson-xc-1.9.2.jar:/home/runner/.m2/repository/org/apache/commons/commons-configuration2/2.1.1/commons-configuration2-2.1.1.jar:/home/runner/.m2/repository/org/apache/commons/commons-text/1.4/commons-text-1.4.jar:/home/runner/.m2/repository/com/google/re2j/re2j/1.1/re2j-1.1.jar:/home/runner/.m2/repository/com/jcraft/jsch/0.1.54/jsch-0.1.54.jar:/home/runner/.m2/repository/org/apache/curator/curator-client/2.13.0/curator-client-2.13.0.jar:/home/runner/.m2/repository/org/apache/curator/curator-recipes/2.13.0/curator-recipes-2.13.0.jar:/home/runner/.m2/repository/dnsjava/dnsjava/2.1.7/dnsjava-2.1.7.jar:/home/runner/.m2/repository/org/slf4j/jul-to-slf4j/1.7.30/jul-to-slf4j-1.7.30.jar:/home/runner/.m2/repository/org/eclipse/jetty/jetty-util/9.4.35.v20201120/jetty-util-9.4.35.v20201120.jar:/home/runner/.m2/repository/com/fasterxml/jackson/core/jackson-databind/2.12.1/jackson-databind-2.12.1.jar:/home/runner/.m2/repository/org/apache/hadoop/hadoop-kms/3.2.2/hadoop-kms-3.2.2-tests.jar:/home/runner/.m2/repository/org/apache/ozone/hdds-server-scm/1.2.0-SNAPSHOT/hdds-server-scm-1.2.0-SNAPSHOT-tests.jar:/home/runner/.m2/repository/org/apache/ozone/hdds-container-service/1.2.0-SNAPSHOT/hdds-container-service-1.2.0-SNAPSHOT-tests.jar:/home/runner/.m2/repository/commons-codec/commons-codec/1.11/commons-codec-1.11.jar:/home/runner/.m2/repository/io/netty/netty-transport/4.1.63.Final/netty-transport-4.1.63.Final.jar:/home/runner/.m2/repository/io/netty/netty-resolver/4.1.63.Final/netty-resolver-4.1.63.Final.jar:/home/runner/.m2/repository/io/netty/netty-codec/4.1.63.Final/netty-codec-4.1.63.Final.jar:/home/runner/.m2/repository/io/netty/netty-handler/4.1.63.Final/netty-handler-4.1.63.Final.jar:/home/runner/.m2/repository/org/apache/ozone/hdds-hadoop-dependency-test/1.2.0-SNAPSHOT/hdds-hadoop-dependency-test-1.2.0-SNAPSHOT.jar:/home/runner/.m2/repository/org/apache/hadoop/hadoop-common/3.2.2/hadoop-common-3.2.2-tests.jar:/home/runner/.m2/repository/org/apache/hadoop/hadoop-hdfs/3.2.2/hadoop-hdfs-3.2.2-tests.jar:/home/runner/.m2/repository/org/eclipse/jetty/jetty-util-ajax/9.4.35.v20201120/jetty-util-ajax-9.4.35.v20201120.jar:/home/runner/.m2/repository/commons-daemon/commons-daemon/1.0.13/commons-daemon-1.0.13.jar:/home/runner/.m2/repository/io/netty/netty/3.10.6.Final/netty-3.10.6.Final.jar:/home/runner/.m2/repository/io/netty/netty-all/4.1.63.Final/netty-all-4.1.63.Final.jar:/home/runner/.m2/repository/org/apache/htrace/htrace-core4/4.1.0-incubating/htrace-core4-4.1.0-incubating.jar:/home/runner/.m2/repository/org/fusesource/leveldbjni/leveldbjni-all/1.8/leveldbjni-all-1.8.jar:/home/runner/.m2/repository/org/apache/hadoop/hadoop-distcp/3.2.2/hadoop-distcp-3.2.2.jar:/home/runner/.m2/repository/org/apache/hadoop/hadoop-mapreduce-client-jobclient/3.2.2/hadoop-mapreduce-client-jobclient-3.2.2.jar:/home/runner/.m2/repository/org/apache/hadoop/hadoop-mapreduce-client-common/3.2.2/hadoop-mapreduce-client-common-3.2.2.jar:/home/runner/.m2/repository/org/apache/hadoop/hadoop-yarn-common/3.2.2/hadoop-yarn-common-3.2.2.jar:/home/runner/.m2/repository/org/apache/hadoop/hadoop-yarn-api/3.2.2/hadoop-yarn-api-3.2.2.jar:/home/runner/.m2/repository/com/sun/jersey/jersey-client/1.19/jersey-client-1.19.jar:/home/runner/.m2/repository/com/sun/jersey/contribs/jersey-guice/1.19/jersey-guice-1.19.jar:/home/runner/.m2/repository/com/fasterxml/jackson/jaxrs/jackson-jaxrs-json-provider/2.12.1/jackson-jaxrs-json-provider-2.12.1.jar:/home/runner/.m2/repository/com/fasterxml/jackson/jaxrs/jackson-jaxrs-base/2.12.1/jackson-jaxrs-base-2.12.1.jar:/home/runner/.m2/repository/org/apache/hadoop/hadoop-yarn-client/3.2.2/hadoop-yarn-client-3.2.2.jar:/home/runner/.m2/repository/org/apache/hadoop/hadoop-mapreduce-client-core/3.2.2/hadoop-mapreduce-client-core-3.2.2.jar:/home/runner/.m2/repository/org/apache/avro/avro/1.7.7/avro-1.7.7.jar:/home/runner/.m2/repository/org/codehaus/jackson/jackson-core-asl/1.9.13/jackson-core-asl-1.9.13.jar:/home/runner/.m2/repository/org/codehaus/jackson/jackson-mapper-asl/1.9.13/jackson-mapper-asl-1.9.13.jar:/home/runner/.m2/repository/com/thoughtworks/paranamer/paranamer/2.3/paranamer-2.3.jar:/home/runner/.m2/repository/org/xerial/snappy/snappy-java/1.0.5/snappy-java-1.0.5.jar:/home/runner/.m2/repository/org/apache/hadoop/hadoop-annotations/3.2.2/hadoop-annotations-3.2.2.jar:/usr/lib/jvm/adoptopenjdk-8-hotspot-amd64/jre/../lib/tools.jar:/home/runner/.m2/repository/org/apache/hadoop/hadoop-distcp/3.2.2/hadoop-distcp-3.2.2-tests.jar:"/>
    <property name="java.vm.vendor" value="AdoptOpenJDK"/>
    <property name="sun.arch.data.model" value="64"/>
    <property name="test.build.dir" value="/home/runner/work/ozone/ozone/mnt/ozone/hadoop-ozone/integration-test/target/test-dir"/>
    <property name="test.cache.data" value=""/>
    <property name="java.vendor.url" value="https://adoptopenjdk.net/"/>
    <property name="user.timezone" value=""/>
    <property name="java.vm.specification.version" value="1.8"/>
    <property name="os.name" value="Linux"/>
    <property name="test.build.data" value="/home/runner/work/ozone/ozone/mnt/ozone/hadoop-ozone/integration-test/target/test-dir"/>
    <property name="sun.java.launcher" value="SUN_STANDARD"/>
    <property name="sun.boot.library.path" value="/usr/lib/jvm/adoptopenjdk-8-hotspot-amd64/jre/lib/amd64"/>
    <property name="sun.java.command" value="/home/runner/work/ozone/ozone/mnt/ozone/hadoop-ozone/integration-test/target/surefire/surefirebooter2167395715128570383.jar /home/runner/work/ozone/ozone/mnt/ozone/hadoop-ozone/integration-test/target/surefire 2021-06-23T17-55-53_505-jvmRun1 surefire6528681123892386958tmp surefire_236382121001677851434tmp"/>
    <property name="surefire.test.class.path" value="/home/runner/work/ozone/ozone/mnt/ozone/hadoop-ozone/integration-test/target/test-classes:/home/runner/work/ozone/ozone/mnt/ozone/hadoop-ozone/integration-test/target/classes:/home/runner/.m2/repository/org/apache/ozone/ozone-common/1.2.0-SNAPSHOT/ozone-common-1.2.0-SNAPSHOT.jar:/home/runner/.m2/repository/org/apache/commons/commons-compress/1.20/commons-compress-1.20.jar:/home/runner/.m2/repository/org/apache/ozone/hdds-common/1.2.0-SNAPSHOT/hdds-common-1.2.0-SNAPSHOT.jar:/home/runner/.m2/repository/org/apache/ozone/hdds-client/1.2.0-SNAPSHOT/hdds-client-1.2.0-SNAPSHOT.jar:/home/runner/.m2/repository/org/apache/ozone/ozone-interface-client/1.2.0-SNAPSHOT/ozone-interface-client-1.2.0-SNAPSHOT.jar:/home/runner/.m2/repository/org/apache/ozone/hdds-test-utils/1.2.0-SNAPSHOT/hdds-test-utils-1.2.0-SNAPSHOT.jar:/home/runner/.m2/repository/com/google/guava/guava/30.1.1-jre/guava-30.1.1-jre.jar:/home/runner/.m2/repository/com/google/guava/failureaccess/1.0.1/failureaccess-1.0.1.jar:/home/runner/.m2/repository/com/google/guava/listenablefuture/9999.0-empty-to-avoid-conflict-with-guava/listenablefuture-9999.0-empty-to-avoid-conflict-with-guava.jar:/home/runner/.m2/repository/com/google/code/findbugs/jsr305/3.0.0/jsr305-3.0.0.jar:/home/runner/.m2/repository/org/checkerframework/checker-qual/3.8.0/checker-qual-3.8.0.jar:/home/runner/.m2/repository/com/google/errorprone/error_prone_annotations/2.2.0/error_prone_annotations-2.2.0.jar:/home/runner/.m2/repository/com/google/j2objc/j2objc-annotations/1.3/j2objc-annotations-1.3.jar:/home/runner/.m2/repository/commons-io/commons-io/2.8.0/commons-io-2.8.0.jar:/home/runner/.m2/repository/commons-logging/commons-logging/1.2/commons-logging-1.2.jar:/home/runner/.m2/repository/log4j/log4j/1.2.17/log4j-1.2.17.jar:/home/runner/.m2/repository/org/slf4j/slf4j-api/1.7.30/slf4j-api-1.7.30.jar:/home/runner/.m2/repository/org/apache/ozone/hdds-server-scm/1.2.0-SNAPSHOT/hdds-server-scm-1.2.0-SNAPSHOT.jar:/home/runner/.m2/repository/org/apache/ozone/hdds-container-service/1.2.0-SNAPSHOT/hdds-container-service-1.2.0-SNAPSHOT.jar:/home/runner/.m2/repository/org/apache/ozone/hdds-hadoop-dependency-server/1.2.0-SNAPSHOT/hdds-hadoop-dependency-server-1.2.0-SNAPSHOT.jar:/home/runner/.m2/repository/org/apache/hadoop/hadoop-hdfs/3.2.2/hadoop-hdfs-3.2.2.jar:/home/runner/.m2/repository/org/apache/ozone/hdds-server-framework/1.2.0-SNAPSHOT/hdds-server-framework-1.2.0-SNAPSHOT.jar:/home/runner/.m2/repository/org/apache/ozone/hdds-interface-server/1.2.0-SNAPSHOT/hdds-interface-server-1.2.0-SNAPSHOT.jar:/home/runner/.m2/repository/org/eclipse/jetty/jetty-servlet/9.4.35.v20201120/jetty-servlet-9.4.35.v20201120.jar:/home/runner/.m2/repository/org/eclipse/jetty/jetty-security/9.4.35.v20201120/jetty-security-9.4.35.v20201120.jar:/home/runner/.m2/repository/org/rocksdb/rocksdbjni/6.20.3/rocksdbjni-6.20.3.jar:/home/runner/.m2/repository/io/prometheus/simpleclient_dropwizard/0.7.0/simpleclient_dropwizard-0.7.0.jar:/home/runner/.m2/repository/io/prometheus/simpleclient/0.7.0/simpleclient-0.7.0.jar:/home/runner/.m2/repository/io/prometheus/simpleclient_common/0.7.0/simpleclient_common-0.7.0.jar:/home/runner/.m2/repository/com/fasterxml/jackson/datatype/jackson-datatype-jsr310/2.12.1/jackson-datatype-jsr310-2.12.1.jar:/home/runner/.m2/repository/io/dropwizard/metrics/metrics-core/3.2.4/metrics-core-3.2.4.jar:/home/runner/.m2/repository/org/apache/hadoop/hadoop-hdfs-client/3.2.2/hadoop-hdfs-client-3.2.2.jar:/home/runner/.m2/repository/org/bouncycastle/bcprov-jdk15on/1.67/bcprov-jdk15on-1.67.jar:/home/runner/.m2/repository/com/google/protobuf/protobuf-java/2.5.0/protobuf-java-2.5.0.jar:/home/runner/.m2/repository/org/apache/ozone/ozone-manager/1.2.0-SNAPSHOT/ozone-manager-1.2.0-SNAPSHOT.jar:/home/runner/.m2/repository/org/apache/ozone/hdds-interface-client/1.2.0-SNAPSHOT/hdds-interface-client-1.2.0-SNAPSHOT.jar:/home/runner/.m2/repository/org/apache/ratis/ratis-thirdparty-misc/0.7.0-a398b19-SNAPSHOT/ratis-thirdparty-misc-0.7.0-a398b19-SNAPSHOT.jar:/home/runner/.m2/repository/org/apache/ozone/ozone-interface-storage/1.2.0-SNAPSHOT/ozone-interface-storage-1.2.0-SNAPSHOT.jar:/home/runner/.m2/repository/org/apache/hadoop/hadoop-minikdc/3.2.2/hadoop-minikdc-3.2.2.jar:/home/runner/.m2/repository/org/apache/kerby/kerb-simplekdc/1.0.1/kerb-simplekdc-1.0.1.jar:/home/runner/.m2/repository/org/apache/kerby/kerb-client/1.0.1/kerb-client-1.0.1.jar:/home/runner/.m2/repository/org/apache/kerby/kerby-config/1.0.1/kerby-config-1.0.1.jar:/home/runner/.m2/repository/org/apache/kerby/kerb-core/1.0.1/kerb-core-1.0.1.jar:/home/runner/.m2/repository/org/apache/kerby/kerby-pkix/1.0.1/kerby-pkix-1.0.1.jar:/home/runner/.m2/repository/org/apache/kerby/kerby-asn1/1.0.1/kerby-asn1-1.0.1.jar:/home/runner/.m2/repository/org/apache/kerby/kerby-util/1.0.1/kerby-util-1.0.1.jar:/home/runner/.m2/repository/org/apache/kerby/kerb-common/1.0.1/kerb-common-1.0.1.jar:/home/runner/.m2/repository/org/apache/kerby/kerb-crypto/1.0.1/kerb-crypto-1.0.1.jar:/home/runner/.m2/repository/org/apache/kerby/kerb-util/1.0.1/kerb-util-1.0.1.jar:/home/runner/.m2/repository/org/apache/kerby/token-provider/1.0.1/token-provider-1.0.1.jar:/home/runner/.m2/repository/org/apache/kerby/kerb-admin/1.0.1/kerb-admin-1.0.1.jar:/home/runner/.m2/repository/org/apache/kerby/kerb-server/1.0.1/kerb-server-1.0.1.jar:/home/runner/.m2/repository/org/apache/kerby/kerb-identity/1.0.1/kerb-identity-1.0.1.jar:/home/runner/.m2/repository/org/apache/kerby/kerby-xdr/1.0.1/kerby-xdr-1.0.1.jar:/home/runner/.m2/repository/org/slf4j/slf4j-log4j12/1.7.30/slf4j-log4j12-1.7.30.jar:/home/runner/.m2/repository/org/apache/ozone/ozone-s3gateway/1.2.0-SNAPSHOT/ozone-s3gateway-1.2.0-SNAPSHOT.jar:/home/runner/.m2/repository/org/jboss/weld/servlet/weld-servlet/2.4.7.Final/weld-servlet-2.4.7.Final.jar:/home/runner/.m2/repository/org/glassfish/jersey/containers/jersey-container-servlet-core/2.33/jersey-container-servlet-core-2.33.jar:/home/runner/.m2/repository/org/glassfish/hk2/external/jakarta.inject/2.6.1/jakarta.inject-2.6.1.jar:/home/runner/.m2/repository/org/glassfish/jersey/core/jersey-common/2.33/jersey-common-2.33.jar:/home/runner/.m2/repository/jakarta/ws/rs/jakarta.ws.rs-api/2.1.6/jakarta.ws.rs-api-2.1.6.jar:/home/runner/.m2/repository/org/glassfish/jersey/ext/cdi/jersey-cdi1x/2.33/jersey-cdi1x-2.33.jar:/home/runner/.m2/repository/org/glassfish/jersey/inject/jersey-hk2/2.33/jersey-hk2-2.33.jar:/home/runner/.m2/repository/org/glassfish/hk2/hk2-locator/2.6.1/hk2-locator-2.6.1.jar:/home/runner/.m2/repository/org/javassist/javassist/3.25.0-GA/javassist-3.25.0-GA.jar:/home/runner/.m2/repository/org/glassfish/jersey/media/jersey-media-jaxb/2.33/jersey-media-jaxb-2.33.jar:/home/runner/.m2/repository/org/glassfish/hk2/osgi-resource-locator/1.0.3/osgi-resource-locator-1.0.3.jar:/home/runner/.m2/repository/org/glassfish/hk2/hk2-api/2.5.0/hk2-api-2.5.0.jar:/home/runner/.m2/repository/org/glassfish/hk2/hk2-utils/2.5.0/hk2-utils-2.5.0.jar:/home/runner/.m2/repository/org/glassfish/hk2/external/aopalliance-repackaged/2.5.0/aopalliance-repackaged-2.5.0.jar:/home/runner/.m2/repository/com/fasterxml/jackson/dataformat/jackson-dataformat-xml/2.12.1/jackson-dataformat-xml-2.12.1.jar:/home/runner/.m2/repository/com/fasterxml/jackson/core/jackson-core/2.12.1/jackson-core-2.12.1.jar:/home/runner/.m2/repository/com/fasterxml/jackson/module/jackson-module-jaxb-annotations/2.12.1/jackson-module-jaxb-annotations-2.12.1.jar:/home/runner/.m2/repository/jakarta/xml/bind/jakarta.xml.bind-api/2.3.2/jakarta.xml.bind-api-2.3.2.jar:/home/runner/.m2/repository/jakarta/activation/jakarta.activation-api/1.2.1/jakarta.activation-api-1.2.1.jar:/home/runner/.m2/repository/org/codehaus/woodstox/stax2-api/3.1.4/stax2-api-3.1.4.jar:/home/runner/.m2/repository/com/fasterxml/woodstox/woodstox-core/5.0.3/woodstox-core-5.0.3.jar:/home/runner/.m2/repository/javax/enterprise/cdi-api/1.2/cdi-api-1.2.jar:/home/runner/.m2/repository/javax/el/javax.el-api/3.0.0/javax.el-api-3.0.0.jar:/home/runner/.m2/repository/javax/interceptor/javax.interceptor-api/1.2/javax.interceptor-api-1.2.jar:/home/runner/.m2/repository/javax/inject/javax.inject/1/javax.inject-1.jar:/home/runner/.m2/repository/javax/xml/bind/jaxb-api/2.3.0/jaxb-api-2.3.0.jar:/home/runner/.m2/repository/org/glassfish/jaxb/jaxb-runtime/2.3.0.1/jaxb-runtime-2.3.0.1.jar:/home/runner/.m2/repository/org/glassfish/jaxb/jaxb-core/2.3.0.1/jaxb-core-2.3.0.1.jar:/home/runner/.m2/repository/org/glassfish/jaxb/txw2/2.3.0.1/txw2-2.3.0.1.jar:/home/runner/.m2/repository/com/sun/istack/istack-commons-runtime/3.0.5/istack-commons-runtime-3.0.5.jar:/home/runner/.m2/repository/org/jvnet/staxex/stax-ex/1.7.8/stax-ex-1.7.8.jar:/home/runner/.m2/repository/com/sun/xml/fastinfoset/FastInfoset/1.2.13/FastInfoset-1.2.13.jar:/home/runner/.m2/repository/javax/activation/activation/1.1.1/activation-1.1.1.jar:/home/runner/.m2/repository/org/apache/ozone/ozone-csi/1.2.0-SNAPSHOT/ozone-csi-1.2.0-SNAPSHOT.jar:/home/runner/.m2/repository/com/google/protobuf/protobuf-java-util/3.12.0/protobuf-java-util-3.12.0.jar:/home/runner/.m2/repository/com/google/code/gson/gson/2.2.4/gson-2.2.4.jar:/home/runner/.m2/repository/org/apache/ozone/hdds-config/1.2.0-SNAPSHOT/hdds-config-1.2.0-SNAPSHOT.jar:/home/runner/.m2/repository/io/grpc/grpc-netty/1.33.0/grpc-netty-1.33.0.jar:/home/runner/.m2/repository/io/grpc/grpc-core/1.33.0/grpc-core-1.33.0.jar:/home/runner/.m2/repository/com/google/android/annotations/4.1.1.4/annotations-4.1.1.4.jar:/home/runner/.m2/repository/io/netty/netty-codec-http2/4.1.63.Final/netty-codec-http2-4.1.63.Final.jar:/home/runner/.m2/repository/io/netty/netty-codec-http/4.1.63.Final/netty-codec-http-4.1.63.Final.jar:/home/runner/.m2/repository/io/netty/netty-handler-proxy/4.1.63.Final/netty-handler-proxy-4.1.63.Final.jar:/home/runner/.m2/repository/io/netty/netty-codec-socks/4.1.63.Final/netty-codec-socks-4.1.63.Final.jar:/home/runner/.m2/repository/io/perfmark/perfmark-api/0.19.0/perfmark-api-0.19.0.jar:/home/runner/.m2/repository/org/codehaus/mojo/animal-sniffer-annotations/1.18/animal-sniffer-annotations-1.18.jar:/home/runner/.m2/repository/io/netty/netty-transport-native-epoll/4.1.63.Final/netty-transport-native-epoll-4.1.63.Final.jar:/home/runner/.m2/repository/io/netty/netty-common/4.1.63.Final/netty-common-4.1.63.Final.jar:/home/runner/.m2/repository/io/netty/netty-buffer/4.1.63.Final/netty-buffer-4.1.63.Final.jar:/home/runner/.m2/repository/io/netty/netty-transport-native-unix-common/4.1.63.Final/netty-transport-native-unix-common-4.1.63.Final.jar:/home/runner/.m2/repository/io/grpc/grpc-protobuf/1.33.0/grpc-protobuf-1.33.0.jar:/home/runner/.m2/repository/io/grpc/grpc-api/1.33.0/grpc-api-1.33.0.jar:/home/runner/.m2/repository/io/grpc/grpc-context/1.33.0/grpc-context-1.33.0.jar:/home/runner/.m2/repository/com/google/api/grpc/proto-google-common-protos/1.17.0/proto-google-common-protos-1.17.0.jar:/home/runner/.m2/repository/io/grpc/grpc-protobuf-lite/1.33.0/grpc-protobuf-lite-1.33.0.jar:/home/runner/.m2/repository/io/grpc/grpc-stub/1.33.0/grpc-stub-1.33.0.jar:/home/runner/.m2/repository/org/apache/ozone/ozone-recon/1.2.0-SNAPSHOT/ozone-recon-1.2.0-SNAPSHOT.jar:/home/runner/.m2/repository/org/apache/ozone/ozone-reconcodegen/1.2.0-SNAPSHOT/ozone-reconcodegen-1.2.0-SNAPSHOT.jar:/home/runner/.m2/repository/com/google/inject/extensions/guice-multibindings/4.0/guice-multibindings-4.0.jar:/home/runner/.m2/repository/com/google/inject/guice/4.0/guice-4.0.jar:/home/runner/.m2/repository/aopalliance/aopalliance/1.0/aopalliance-1.0.jar:/home/runner/.m2/repository/com/google/inject/extensions/guice-assistedinject/4.0/guice-assistedinject-4.0.jar:/home/runner/.m2/repository/com/google/inject/extensions/guice-servlet/4.0/guice-servlet-4.0.jar:/home/runner/.m2/repository/org/glassfish/jersey/containers/jersey-container-servlet/2.33/jersey-container-servlet-2.33.jar:/home/runner/.m2/repository/org/glassfish/hk2/guice-bridge/2.5.0/guice-bridge-2.5.0.jar:/home/runner/.m2/repository/org/glassfish/jersey/core/jersey-server/2.33/jersey-server-2.33.jar:/home/runner/.m2/repository/org/glassfish/jersey/core/jersey-client/2.33/jersey-client-2.33.jar:/home/runner/.m2/repository/jakarta/annotation/jakarta.annotation-api/1.3.5/jakarta.annotation-api-1.3.5.jar:/home/runner/.m2/repository/jakarta/validation/jakarta.validation-api/2.0.2/jakarta.validation-api-2.0.2.jar:/home/runner/.m2/repository/org/glassfish/jersey/media/jersey-media-json-jackson/2.33/jersey-media-json-jackson-2.33.jar:/home/runner/.m2/repository/org/glassfish/jersey/ext/jersey-entity-filtering/2.33/jersey-entity-filtering-2.33.jar:/home/runner/.m2/repository/org/jooq/jooq/3.11.10/jooq-3.11.10.jar:/home/runner/.m2/repository/org/jooq/jooq-meta/3.11.10/jooq-meta-3.11.10.jar:/home/runner/.m2/repository/org/jooq/jooq-codegen/3.11.10/jooq-codegen-3.11.10.jar:/home/runner/.m2/repository/com/jolbox/bonecp/0.8.0.RELEASE/bonecp-0.8.0.RELEASE.jar:/home/runner/.m2/repository/org/apache/derby/derby/10.14.2.0/derby-10.14.2.0.jar:/home/runner/.m2/repository/org/xerial/sqlite-jdbc/3.25.2/sqlite-jdbc-3.25.2.jar:/home/runner/.m2/repository/org/springframework/spring-jdbc/5.2.11.RELEASE/spring-jdbc-5.2.11.RELEASE.jar:/home/runner/.m2/repository/org/springframework/spring-beans/5.2.11.RELEASE/spring-beans-5.2.11.RELEASE.jar:/home/runner/.m2/repository/org/springframework/spring-core/5.2.11.RELEASE/spring-core-5.2.11.RELEASE.jar:/home/runner/.m2/repository/org/springframework/spring-jcl/5.2.11.RELEASE/spring-jcl-5.2.11.RELEASE.jar:/home/runner/.m2/repository/org/springframework/spring-tx/5.2.11.RELEASE/spring-tx-5.2.11.RELEASE.jar:/home/runner/.m2/repository/org/apache/ozone/ozone-client/1.2.0-SNAPSHOT/ozone-client-1.2.0-SNAPSHOT.jar:/home/runner/.m2/repository/org/apache/ozone/ozone-filesystem/1.2.0-SNAPSHOT/ozone-filesystem-1.2.0-SNAPSHOT.jar:/home/runner/.m2/repository/org/apache/ozone/ozone-filesystem-common/1.2.0-SNAPSHOT/ozone-filesystem-common-1.2.0-SNAPSHOT.jar:/home/runner/.m2/repository/org/apache/ozone/ozone-tools/1.2.0-SNAPSHOT/ozone-tools-1.2.0-SNAPSHOT.jar:/home/runner/.m2/repository/org/apache/ratis/ratis-tools/2.1.0-ff8aa66-SNAPSHOT/ratis-tools-2.1.0-ff8aa66-SNAPSHOT.jar:/home/runner/.m2/repository/org/apache/ratis/ratis-proto/2.1.0-ff8aa66-SNAPSHOT/ratis-proto-2.1.0-ff8aa66-SNAPSHOT.jar:/home/runner/.m2/repository/org/apache/ratis/ratis-common/2.1.0-ff8aa66-SNAPSHOT/ratis-common-2.1.0-ff8aa66-SNAPSHOT.jar:/home/runner/.m2/repository/com/amazonaws/aws-java-sdk-core/1.11.901/aws-java-sdk-core-1.11.901.jar:/home/runner/.m2/repository/org/apache/httpcomponents/httpclient/4.5.13/httpclient-4.5.13.jar:/home/runner/.m2/repository/org/apache/httpcomponents/httpcore/4.4.13/httpcore-4.4.13.jar:/home/runner/.m2/repository/software/amazon/ion/ion-java/1.0.2/ion-java-1.0.2.jar:/home/runner/.m2/repository/com/fasterxml/jackson/dataformat/jackson-dataformat-cbor/2.12.1/jackson-dataformat-cbor-2.12.1.jar:/home/runner/.m2/repository/joda-time/joda-time/2.8.1/joda-time-2.8.1.jar:/home/runner/.m2/repository/com/amazonaws/aws-java-sdk-s3/1.11.901/aws-java-sdk-s3-1.11.901.jar:/home/runner/.m2/repository/com/amazonaws/aws-java-sdk-kms/1.11.901/aws-java-sdk-kms-1.11.901.jar:/home/runner/.m2/repository/com/amazonaws/jmespath-java/1.11.901/jmespath-java-1.11.901.jar:/home/runner/.m2/repository/org/kohsuke/metainf-services/metainf-services/1.8/metainf-services-1.8.jar:/home/runner/.m2/repository/org/apache/ozone/hdds-tools/1.2.0-SNAPSHOT/hdds-tools-1.2.0-SNAPSHOT.jar:/home/runner/.m2/repository/commons-cli/commons-cli/1.2/commons-cli-1.2.jar:/home/runner/.m2/repository/org/apache/commons/commons-lang3/3.7/commons-lang3-3.7.jar:/home/runner/.m2/repository/org/apache/ozone/ozone-manager/1.2.0-SNAPSHOT/ozone-manager-1.2.0-SNAPSHOT-tests.jar:/home/runner/.m2/repository/org/apache/ozone/hdds-common/1.2.0-SNAPSHOT/hdds-common-1.2.0-SNAPSHOT-tests.jar:/home/runner/.m2/repository/org/apache/ozone/hdds-hadoop-dependency-client/1.2.0-SNAPSHOT/hdds-hadoop-dependency-client-1.2.0-SNAPSHOT.jar:/home/runner/.m2/repository/info/picocli/picocli/4.4.0/picocli-4.4.0.jar:/home/runner/.m2/repository/com/fasterxml/jackson/core/jackson-annotations/2.12.1/jackson-annotations-2.12.1.jar:/home/runner/.m2/repository/javax/annotation/javax.annotation-api/1.2/javax.annotation-api-1.2.jar:/home/runner/.m2/repository/org/apache/ratis/ratis-server/2.1.0-ff8aa66-SNAPSHOT/ratis-server-2.1.0-ff8aa66-SNAPSHOT.jar:/home/runner/.m2/repository/org/apache/ratis/ratis-client/2.1.0-ff8aa66-SNAPSHOT/ratis-client-2.1.0-ff8aa66-SNAPSHOT.jar:/home/runner/.m2/repository/org/apache/ratis/ratis-server-api/2.1.0-ff8aa66-SNAPSHOT/ratis-server-api-2.1.0-ff8aa66-SNAPSHOT.jar:/home/runner/.m2/repository/org/apache/ratis/ratis-metrics/2.1.0-ff8aa66-SNAPSHOT/ratis-metrics-2.1.0-ff8aa66-SNAPSHOT.jar:/home/runner/.m2/repository/org/apache/ratis/ratis-netty/2.1.0-ff8aa66-SNAPSHOT/ratis-netty-2.1.0-ff8aa66-SNAPSHOT.jar:/home/runner/.m2/repository/org/apache/ratis/ratis-grpc/2.1.0-ff8aa66-SNAPSHOT/ratis-grpc-2.1.0-ff8aa66-SNAPSHOT.jar:/home/runner/.m2/repository/org/apache/logging/log4j/log4j-api/2.13.3/log4j-api-2.13.3.jar:/home/runner/.m2/repository/org/apache/logging/log4j/log4j-core/2.13.3/log4j-core-2.13.3.jar:/home/runner/.m2/repository/com/lmax/disruptor/3.4.2/disruptor-3.4.2.jar:/home/runner/.m2/repository/org/apache/commons/commons-pool2/2.6.0/commons-pool2-2.6.0.jar:/home/runner/.m2/repository/org/bouncycastle/bcpkix-jdk15on/1.67/bcpkix-jdk15on-1.67.jar:/home/runner/.m2/repository/commons-validator/commons-validator/1.6/commons-validator-1.6.jar:/home/runner/.m2/repository/commons-beanutils/commons-beanutils/1.9.4/commons-beanutils-1.9.4.jar:/home/runner/.m2/repository/commons-digester/commons-digester/1.8.1/commons-digester-1.8.1.jar:/home/runner/.m2/repository/commons-collections/commons-collections/3.2.2/commons-collections-3.2.2.jar:/home/runner/.m2/repository/io/jaegertracing/jaeger-client/1.6.0/jaeger-client-1.6.0.jar:/home/runner/.m2/repository/io/jaegertracing/jaeger-thrift/1.6.0/jaeger-thrift-1.6.0.jar:/home/runner/.m2/repository/org/apache/thrift/libthrift/0.14.1/libthrift-0.14.1.jar:/home/runner/.m2/repository/com/squareup/okhttp3/okhttp/4.9.0/okhttp-4.9.0.jar:/home/runner/.m2/repository/com/squareup/okio/okio/2.8.0/okio-2.8.0.jar:/home/runner/.m2/repository/io/jaegertracing/jaeger-core/1.6.0/jaeger-core-1.6.0.jar:/home/runner/.m2/repository/io/jaegertracing/jaeger-tracerresolver/1.6.0/jaeger-tracerresolver-1.6.0.jar:/home/runner/.m2/repository/io/opentracing/contrib/opentracing-tracerresolver/0.1.8/opentracing-tracerresolver-0.1.8.jar:/home/runner/.m2/repository/org/jetbrains/kotlin/kotlin-stdlib/1.4.31/kotlin-stdlib-1.4.31.jar:/home/runner/.m2/repository/org/jetbrains/kotlin/kotlin-stdlib-common/1.4.31/kotlin-stdlib-common-1.4.31.jar:/home/runner/.m2/repository/org/jetbrains/annotations/13.0/annotations-13.0.jar:/home/runner/.m2/repository/io/opentracing/opentracing-util/0.33.0/opentracing-util-0.33.0.jar:/home/runner/.m2/repository/io/opentracing/opentracing-api/0.33.0/opentracing-api-0.33.0.jar:/home/runner/.m2/repository/io/opentracing/opentracing-noop/0.33.0/opentracing-noop-0.33.0.jar:/home/runner/.m2/repository/org/yaml/snakeyaml/1.26/snakeyaml-1.26.jar:/home/runner/.m2/repository/org/apache/ozone/hdds-interface-admin/1.2.0-SNAPSHOT/hdds-interface-admin-1.2.0-SNAPSHOT.jar:/home/runner/.m2/repository/junit/junit/4.13.1/junit-4.13.1.jar:/home/runner/.m2/repository/org/hamcrest/hamcrest-core/1.3/hamcrest-core-1.3.jar:/home/runner/.m2/repository/org/junit/jupiter/junit-jupiter-api/5.7.0/junit-jupiter-api-5.7.0.jar:/home/runner/.m2/repository/org/apiguardian/apiguardian-api/1.1.0/apiguardian-api-1.1.0.jar:/home/runner/.m2/repository/org/opentest4j/opentest4j/1.2.0/opentest4j-1.2.0.jar:/home/runner/.m2/repository/org/junit/platform/junit-platform-commons/1.7.0/junit-platform-commons-1.7.0.jar:/home/runner/.m2/repository/org/junit/jupiter/junit-jupiter-engine/5.7.0/junit-jupiter-engine-5.7.0.jar:/home/runner/.m2/repository/org/junit/platform/junit-platform-engine/1.7.0/junit-platform-engine-1.7.0.jar:/home/runner/.m2/repository/org/junit/vintage/junit-vintage-engine/5.7.0/junit-vintage-engine-5.7.0.jar:/home/runner/.m2/repository/org/junit/platform/junit-platform-launcher/1.7.0/junit-platform-launcher-1.7.0.jar:/home/runner/.m2/repository/org/openjdk/jmh/jmh-core/1.19/jmh-core-1.19.jar:/home/runner/.m2/repository/net/sf/jopt-simple/jopt-simple/4.6/jopt-simple-4.6.jar:/home/runner/.m2/repository/org/apache/commons/commons-math3/3.1.1/commons-math3-3.1.1.jar:/home/runner/.m2/repository/org/openjdk/jmh/jmh-generator-annprocess/1.19/jmh-generator-annprocess-1.19.jar:/home/runner/.m2/repository/org/mockito/mockito-all/1.8.5/mockito-all-1.8.5.jar:/home/runner/.m2/repository/org/apache/hadoop/hadoop-kms/3.2.2/hadoop-kms-3.2.2.jar:/home/runner/.m2/repository/org/apache/hadoop/hadoop-auth/3.2.2/hadoop-auth-3.2.2.jar:/home/runner/.m2/repository/com/nimbusds/nimbus-jose-jwt/7.9/nimbus-jose-jwt-7.9.jar:/home/runner/.m2/repository/com/github/stephenc/jcip/jcip-annotations/1.0-1/jcip-annotations-1.0-1.jar:/home/runner/.m2/repository/net/minidev/json-smart/2.3/json-smart-2.3.jar:/home/runner/.m2/repository/net/minidev/accessors-smart/1.2/accessors-smart-1.2.jar:/home/runner/.m2/repository/org/ow2/asm/asm/5.0.4/asm-5.0.4.jar:/home/runner/.m2/repository/org/apache/zookeeper/zookeeper/3.4.13/zookeeper-3.4.13.jar:/home/runner/.m2/repository/org/apache/yetus/audience-annotations/0.5.0/audience-annotations-0.5.0.jar:/home/runner/.m2/repository/org/apache/curator/curator-framework/2.13.0/curator-framework-2.13.0.jar:/home/runner/.m2/repository/com/sun/jersey/jersey-core/1.19/jersey-core-1.19.jar:/home/runner/.m2/repository/javax/ws/rs/jsr311-api/1.1.1/jsr311-api-1.1.1.jar:/home/runner/.m2/repository/com/sun/jersey/jersey-server/1.19/jersey-server-1.19.jar:/home/runner/.m2/repository/javax/servlet/javax.servlet-api/3.1.0/javax.servlet-api-3.1.0.jar:/home/runner/.m2/repository/org/eclipse/jetty/jetty-server/9.4.35.v20201120/jetty-server-9.4.35.v20201120.jar:/home/runner/.m2/repository/org/eclipse/jetty/jetty-http/9.4.35.v20201120/jetty-http-9.4.35.v20201120.jar:/home/runner/.m2/repository/org/eclipse/jetty/jetty-io/9.4.35.v20201120/jetty-io-9.4.35.v20201120.jar:/home/runner/.m2/repository/org/eclipse/jetty/jetty-webapp/9.4.35.v20201120/jetty-webapp-9.4.35.v20201120.jar:/home/runner/.m2/repository/org/eclipse/jetty/jetty-xml/9.4.35.v20201120/jetty-xml-9.4.35.v20201120.jar:/home/runner/.m2/repository/org/apache/hadoop/hadoop-common/3.2.2/hadoop-common-3.2.2.jar:/home/runner/.m2/repository/commons-net/commons-net/3.6/commons-net-3.6.jar:/home/runner/.m2/repository/javax/activation/javax.activation-api/1.2.0/javax.activation-api-1.2.0.jar:/home/runner/.m2/repository/com/sun/jersey/jersey-servlet/1.19/jersey-servlet-1.19.jar:/home/runner/.m2/repository/com/sun/jersey/jersey-json/1.19/jersey-json-1.19.jar:/home/runner/.m2/repository/org/codehaus/jettison/jettison/1.1/jettison-1.1.jar:/home/runner/.m2/repository/com/sun/xml/bind/jaxb-impl/2.2.3-1/jaxb-impl-2.2.3-1.jar:/home/runner/.m2/repository/org/codehaus/jackson/jackson-jaxrs/1.9.2/jackson-jaxrs-1.9.2.jar:/home/runner/.m2/repository/org/codehaus/jackson/jackson-xc/1.9.2/jackson-xc-1.9.2.jar:/home/runner/.m2/repository/org/apache/commons/commons-configuration2/2.1.1/commons-configuration2-2.1.1.jar:/home/runner/.m2/repository/org/apache/commons/commons-text/1.4/commons-text-1.4.jar:/home/runner/.m2/repository/com/google/re2j/re2j/1.1/re2j-1.1.jar:/home/runner/.m2/repository/com/jcraft/jsch/0.1.54/jsch-0.1.54.jar:/home/runner/.m2/repository/org/apache/curator/curator-client/2.13.0/curator-client-2.13.0.jar:/home/runner/.m2/repository/org/apache/curator/curator-recipes/2.13.0/curator-recipes-2.13.0.jar:/home/runner/.m2/repository/dnsjava/dnsjava/2.1.7/dnsjava-2.1.7.jar:/home/runner/.m2/repository/org/slf4j/jul-to-slf4j/1.7.30/jul-to-slf4j-1.7.30.jar:/home/runner/.m2/repository/org/eclipse/jetty/jetty-util/9.4.35.v20201120/jetty-util-9.4.35.v20201120.jar:/home/runner/.m2/repository/com/fasterxml/jackson/core/jackson-databind/2.12.1/jackson-databind-2.12.1.jar:/home/runner/.m2/repository/org/apache/hadoop/hadoop-kms/3.2.2/hadoop-kms-3.2.2-tests.jar:/home/runner/.m2/repository/org/apache/ozone/hdds-server-scm/1.2.0-SNAPSHOT/hdds-server-scm-1.2.0-SNAPSHOT-tests.jar:/home/runner/.m2/repository/org/apache/ozone/hdds-container-service/1.2.0-SNAPSHOT/hdds-container-service-1.2.0-SNAPSHOT-tests.jar:/home/runner/.m2/repository/commons-codec/commons-codec/1.11/commons-codec-1.11.jar:/home/runner/.m2/repository/io/netty/netty-transport/4.1.63.Final/netty-transport-4.1.63.Final.jar:/home/runner/.m2/repository/io/netty/netty-resolver/4.1.63.Final/netty-resolver-4.1.63.Final.jar:/home/runner/.m2/repository/io/netty/netty-codec/4.1.63.Final/netty-codec-4.1.63.Final.jar:/home/runner/.m2/repository/io/netty/netty-handler/4.1.63.Final/netty-handler-4.1.63.Final.jar:/home/runner/.m2/repository/org/apache/ozone/hdds-hadoop-dependency-test/1.2.0-SNAPSHOT/hdds-hadoop-dependency-test-1.2.0-SNAPSHOT.jar:/home/runner/.m2/repository/org/apache/hadoop/hadoop-common/3.2.2/hadoop-common-3.2.2-tests.jar:/home/runner/.m2/repository/org/apache/hadoop/hadoop-hdfs/3.2.2/hadoop-hdfs-3.2.2-tests.jar:/home/runner/.m2/repository/org/eclipse/jetty/jetty-util-ajax/9.4.35.v20201120/jetty-util-ajax-9.4.35.v20201120.jar:/home/runner/.m2/repository/commons-daemon/commons-daemon/1.0.13/commons-daemon-1.0.13.jar:/home/runner/.m2/repository/io/netty/netty/3.10.6.Final/netty-3.10.6.Final.jar:/home/runner/.m2/repository/io/netty/netty-all/4.1.63.Final/netty-all-4.1.63.Final.jar:/home/runner/.m2/repository/org/apache/htrace/htrace-core4/4.1.0-incubating/htrace-core4-4.1.0-incubating.jar:/home/runner/.m2/repository/org/fusesource/leveldbjni/leveldbjni-all/1.8/leveldbjni-all-1.8.jar:/home/runner/.m2/repository/org/apache/hadoop/hadoop-distcp/3.2.2/hadoop-distcp-3.2.2.jar:/home/runner/.m2/repository/org/apache/hadoop/hadoop-mapreduce-client-jobclient/3.2.2/hadoop-mapreduce-client-jobclient-3.2.2.jar:/home/runner/.m2/repository/org/apache/hadoop/hadoop-mapreduce-client-common/3.2.2/hadoop-mapreduce-client-common-3.2.2.jar:/home/runner/.m2/repository/org/apache/hadoop/hadoop-yarn-common/3.2.2/hadoop-yarn-common-3.2.2.jar:/home/runner/.m2/repository/org/apache/hadoop/hadoop-yarn-api/3.2.2/hadoop-yarn-api-3.2.2.jar:/home/runner/.m2/repository/com/sun/jersey/jersey-client/1.19/jersey-client-1.19.jar:/home/runner/.m2/repository/com/sun/jersey/contribs/jersey-guice/1.19/jersey-guice-1.19.jar:/home/runner/.m2/repository/com/fasterxml/jackson/jaxrs/jackson-jaxrs-json-provider/2.12.1/jackson-jaxrs-json-provider-2.12.1.jar:/home/runner/.m2/repository/com/fasterxml/jackson/jaxrs/jackson-jaxrs-base/2.12.1/jackson-jaxrs-base-2.12.1.jar:/home/runner/.m2/repository/org/apache/hadoop/hadoop-yarn-client/3.2.2/hadoop-yarn-client-3.2.2.jar:/home/runner/.m2/repository/org/apache/hadoop/hadoop-mapreduce-client-core/3.2.2/hadoop-mapreduce-client-core-3.2.2.jar:/home/runner/.m2/repository/org/apache/avro/avro/1.7.7/avro-1.7.7.jar:/home/runner/.m2/repository/org/codehaus/jackson/jackson-core-asl/1.9.13/jackson-core-asl-1.9.13.jar:/home/runner/.m2/repository/org/codehaus/jackson/jackson-mapper-asl/1.9.13/jackson-mapper-asl-1.9.13.jar:/home/runner/.m2/repository/com/thoughtworks/paranamer/paranamer/2.3/paranamer-2.3.jar:/home/runner/.m2/repository/org/xerial/snappy/snappy-java/1.0.5/snappy-java-1.0.5.jar:/home/runner/.m2/repository/org/apache/hadoop/hadoop-annotations/3.2.2/hadoop-annotations-3.2.2.jar:/usr/lib/jvm/adoptopenjdk-8-hotspot-amd64/jre/../lib/tools.jar:/home/runner/.m2/repository/org/apache/hadoop/hadoop-distcp/3.2.2/hadoop-distcp-3.2.2-tests.jar:"/>
    <property name="sun.cpu.endian" value="little"/>
    <property name="user.home" value="/home/runner"/>
    <property name="user.language" value="en"/>
    <property name="java.specification.vendor" value="Oracle Corporation"/>
    <property name="java.home" value="/usr/lib/jvm/adoptopenjdk-8-hotspot-amd64/jre"/>
    <property name="java.security.krb5.conf" value="/home/runner/work/ozone/ozone/mnt/ozone/hadoop-ozone/integration-test/target/test-classes/krb5.conf"/>
    <property name="basedir" value="/home/runner/work/ozone/ozone/mnt/ozone/hadoop-ozone/integration-test"/>
    <property name="file.separator" value="/"/>
    <property name="line.separator" value="&#10;"/>
    <property name="java.vm.specification.vendor" value="Oracle Corporation"/>
    <property name="java.specification.name" value="Java Platform API Specification"/>
    <property name="java.awt.graphicsenv" value="sun.awt.X11GraphicsEnvironment"/>
    <property name="skip.installnpx" value="true"/>
    <property name="surefire.real.class.path" value="/home/runner/work/ozone/ozone/mnt/ozone/hadoop-ozone/integration-test/target/surefire/surefirebooter2167395715128570383.jar:/home/runner/.m2/repository/org/jacoco/org.jacoco.agent/0.8.5/org.jacoco.agent-0.8.5-runtime.jar"/>
    <property name="hadoop.log.dir" value="/home/runner/work/ozone/ozone/mnt/ozone/hadoop-ozone/integration-test/target/log"/>
    <property name="sun.boot.class.path" value="/usr/lib/jvm/adoptopenjdk-8-hotspot-amd64/jre/lib/resources.jar:/usr/lib/jvm/adoptopenjdk-8-hotspot-amd64/jre/lib/rt.jar:/usr/lib/jvm/adoptopenjdk-8-hotspot-amd64/jre/lib/sunrsasign.jar:/usr/lib/jvm/adoptopenjdk-8-hotspot-amd64/jre/lib/jsse.jar:/usr/lib/jvm/adoptopenjdk-8-hotspot-amd64/jre/lib/jce.jar:/usr/lib/jvm/adoptopenjdk-8-hotspot-amd64/jre/lib/charsets.jar:/usr/lib/jvm/adoptopenjdk-8-hotspot-amd64/jre/lib/jfr.jar:/usr/lib/jvm/adoptopenjdk-8-hotspot-amd64/jre/classes"/>
    <property name="sun.management.compiler" value="HotSpot 64-Bit Tiered Compilers"/>
    <property name="skip.npx" value="true"/>
    <property name="java.runtime.version" value="1.8.0_292-b10"/>
    <property name="java.net.preferIPv4Stack" value="true"/>
    <property name="user.name" value="runner"/>
    <property name="path.separator" value=":"/>
    <property name="java.security.egd" value="file:///dev/urandom"/>
    <property name="os.version" value="5.4.0-1049-azure"/>
    <property name="java.endorsed.dirs" value="/usr/lib/jvm/adoptopenjdk-8-hotspot-amd64/jre/lib/endorsed"/>
    <property name="java.runtime.name" value="OpenJDK Runtime Environment"/>
    <property name="file.encoding" value="UTF-8"/>
    <property name="java.vm.name" value="OpenJDK 64-Bit Server VM"/>
    <property name="test.build.webapps" value=""/>
    <property name="localRepository" value="/home/runner/.m2/repository"/>
    <property name="java.vendor.url.bug" value="https://github.com/AdoptOpenJDK/openjdk-support/issues"/>
    <property name="java.io.tmpdir" value="/tmp"/>
    <property name="require.test.libhadoop" value=""/>
    <property name="java.version" value="1.8.0_292"/>
    <property name="user.dir" value="/home/runner/work/ozone/ozone/mnt/ozone/hadoop-ozone/integration-test"/>
    <property name="os.arch" value="amd64"/>
    <property name="java.vm.specification.name" value="Java Virtual Machine Specification"/>
    <property name="test.build.classes" value="/home/runner/work/ozone/ozone/mnt/ozone/hadoop-ozone/integration-test/target/test-classes"/>
    <property name="java.awt.printerjob" value="sun.print.PSPrinterJob"/>
    <property name="sun.os.patch.level" value="unknown"/>
    <property name="hadoop.tmp.dir" value="/home/runner/work/ozone/ozone/mnt/ozone/hadoop-ozone/integration-test/target/tmp"/>
    <property name="java.library.path" value="/usr/java/packages/lib/amd64:/usr/lib64:/lib64:/lib:/usr/lib"/>
    <property name="java.vm.info" value="mixed mode"/>
    <property name="java.vendor" value="AdoptOpenJDK"/>
    <property name="java.vm.version" value="25.292-b10"/>
    <property name="java.ext.dirs" value="/usr/lib/jvm/adoptopenjdk-8-hotspot-amd64/jre/lib/ext:/usr/java/packages/lib/ext"/>
    <property name="sun.io.unicode.encoding" value="UnicodeLittle"/>
    <property name="java.class.version" value="52.0"/>
  </properties>
  <testcase name="testWatchForCommitWithKeyWrite" classname="org.apache.hadoop.ozone.client.rpc.TestWatchForCommit" time="62.132"/>
  <testcase name="testWatchForCommitForRetryfailure" classname="org.apache.hadoop.ozone.client.rpc.TestWatchForCommit" time="55.86">
    <error message="org.apache.ratis.protocol.exceptions.AlreadyClosedException: SlidingWindow$Client:client-4D0718C8846F-&gt;RAFT is closed." type="java.util.concurrent.ExecutionException">java.util.concurrent.ExecutionException: org.apache.ratis.protocol.exceptions.AlreadyClosedException: SlidingWindow$Client:client-4D0718C8846F->RAFT is closed.
	at java.util.concurrent.CompletableFuture.reportGet(CompletableFuture.java:357)
	at java.util.concurrent.CompletableFuture.get(CompletableFuture.java:1908)
	at org.apache.hadoop.ozone.client.rpc.TestWatchForCommit.testWatchForCommitForRetryfailure(TestWatchForCommit.java:265)
	at sun.reflect.NativeMethodAccessorImpl.invoke0(Native Method)
	at sun.reflect.NativeMethodAccessorImpl.invoke(NativeMethodAccessorImpl.java:62)
	at sun.reflect.DelegatingMethodAccessorImpl.invoke(DelegatingMethodAccessorImpl.java:43)
	at java.lang.reflect.Method.invoke(Method.java:498)
	at org.junit.runners.model.FrameworkMethod$1.runReflectiveCall(FrameworkMethod.java:59)
	at org.junit.internal.runners.model.ReflectiveCallable.run(ReflectiveCallable.java:12)
	at org.junit.runners.model.FrameworkMethod.invokeExplosively(FrameworkMethod.java:56)
	at org.junit.internal.runners.statements.InvokeMethod.evaluate(InvokeMethod.java:17)
	at org.junit.internal.runners.statements.RunBefores.evaluate(RunBefores.java:26)
	at org.junit.internal.runners.statements.RunAfters.evaluate(RunAfters.java:27)
	at org.junit.runners.ParentRunner$3.evaluate(ParentRunner.java:306)
	at org.junit.runners.BlockJUnit4ClassRunner$1.evaluate(BlockJUnit4ClassRunner.java:100)
	at org.junit.runners.ParentRunner.runLeaf(ParentRunner.java:366)
	at org.junit.runners.BlockJUnit4ClassRunner.runChild(BlockJUnit4ClassRunner.java:103)
	at org.junit.runners.BlockJUnit4ClassRunner.runChild(BlockJUnit4ClassRunner.java:63)
	at org.junit.runners.ParentRunner$4.run(ParentRunner.java:331)
	at org.junit.runners.ParentRunner$1.schedule(ParentRunner.java:79)
	at org.junit.runners.ParentRunner.runChildren(ParentRunner.java:329)
	at org.junit.runners.ParentRunner.access$100(ParentRunner.java:66)
	at org.junit.runners.ParentRunner$2.evaluate(ParentRunner.java:293)
	at org.junit.runners.ParentRunner$3.evaluate(ParentRunner.java:306)
	at org.junit.runners.ParentRunner.run(ParentRunner.java:413)
	at org.junit.runner.JUnitCore.run(JUnitCore.java:137)
	at org.junit.runner.JUnitCore.run(JUnitCore.java:115)
	at org.junit.vintage.engine.execution.RunnerExecutor.execute(RunnerExecutor.java:43)
	at java.util.stream.ForEachOps$ForEachOp$OfRef.accept(ForEachOps.java:183)
	at java.util.stream.ReferencePipeline$3$1.accept(ReferencePipeline.java:193)
	at java.util.Iterator.forEachRemaining(Iterator.java:116)
	at java.util.Spliterators$IteratorSpliterator.forEachRemaining(Spliterators.java:1801)
	at java.util.stream.AbstractPipeline.copyInto(AbstractPipeline.java:482)
	at java.util.stream.AbstractPipeline.wrapAndCopyInto(AbstractPipeline.java:472)
	at java.util.stream.ForEachOps$ForEachOp.evaluateSequential(ForEachOps.java:150)
	at java.util.stream.ForEachOps$ForEachOp$OfRef.evaluateSequential(ForEachOps.java:173)
	at java.util.stream.AbstractPipeline.evaluate(AbstractPipeline.java:234)
	at java.util.stream.ReferencePipeline.forEach(ReferencePipeline.java:485)
	at org.junit.vintage.engine.VintageTestEngine.executeAllChildren(VintageTestEngine.java:82)
	at org.junit.vintage.engine.VintageTestEngine.execute(VintageTestEngine.java:73)
	at org.junit.platform.launcher.core.EngineExecutionOrchestrator.execute(EngineExecutionOrchestrator.java:108)
	at org.junit.platform.launcher.core.EngineExecutionOrchestrator.execute(EngineExecutionOrchestrator.java:88)
	at org.junit.platform.launcher.core.EngineExecutionOrchestrator.lambda$execute$0(EngineExecutionOrchestrator.java:54)
	at org.junit.platform.launcher.core.EngineExecutionOrchestrator.withInterceptedStreams(EngineExecutionOrchestrator.java:67)
	at org.junit.platform.launcher.core.EngineExecutionOrchestrator.execute(EngineExecutionOrchestrator.java:52)
	at org.junit.platform.launcher.core.DefaultLauncher.execute(DefaultLauncher.java:96)
	at org.junit.platform.launcher.core.DefaultLauncher.execute(DefaultLauncher.java:75)
	at org.apache.maven.surefire.junitplatform.JUnitPlatformProvider.invokeAllTests(JUnitPlatformProvider.java:142)
	at org.apache.maven.surefire.junitplatform.JUnitPlatformProvider.invoke(JUnitPlatformProvider.java:113)
	at org.apache.maven.surefire.booter.ForkedBooter.invokeProviderInSameClassLoader(ForkedBooter.java:384)
	at org.apache.maven.surefire.booter.ForkedBooter.runSuitesInProcess(ForkedBooter.java:345)
	at org.apache.maven.surefire.booter.ForkedBooter.execute(ForkedBooter.java:126)
	at org.apache.maven.surefire.booter.ForkedBooter.main(ForkedBooter.java:418)
Caused by: org.apache.ratis.protocol.exceptions.AlreadyClosedException: SlidingWindow$Client:client-4D0718C8846F->RAFT is closed.
	at org.apache.ratis.util.SlidingWindow$Client.alreadyClosed(SlidingWindow.java:378)
	at org.apache.ratis.util.SlidingWindow$Client.fail(SlidingWindow.java:366)
	at org.apache.ratis.client.impl.OrderedAsync.failAllAsyncRequests(OrderedAsync.java:148)
	at org.apache.ratis.client.impl.OrderedAsync.handleAsyncRetryFailure(OrderedAsync.java:152)
	at org.apache.ratis.client.impl.OrderedAsync.lambda$sendRequest$10(OrderedAsync.java:252)
	at java.util.concurrent.CompletableFuture.uniExceptionally(CompletableFuture.java:884)
	at java.util.concurrent.CompletableFuture$UniExceptionally.tryFire(CompletableFuture.java:866)
	at java.util.concurrent.CompletableFuture.postComplete(CompletableFuture.java:488)
	at java.util.concurrent.CompletableFuture.completeExceptionally(CompletableFuture.java:1990)
	at org.apache.ratis.grpc.client.GrpcClientProtocolClient$AsyncStreamObservers.completeReplyExceptionally(GrpcClientProtocolClient.java:388)
	at org.apache.ratis.grpc.client.GrpcClientProtocolClient$AsyncStreamObservers.access$000(GrpcClientProtocolClient.java:294)
	at org.apache.ratis.grpc.client.GrpcClientProtocolClient$AsyncStreamObservers$1.onNext(GrpcClientProtocolClient.java:308)
	at org.apache.ratis.grpc.client.GrpcClientProtocolClient$AsyncStreamObservers$1.onNext(GrpcClientProtocolClient.java:299)
	at org.apache.ratis.thirdparty.io.grpc.stub.ClientCalls$StreamObserverToCallListenerAdapter.onMessage(ClientCalls.java:465)
	at org.apache.ratis.thirdparty.io.grpc.ForwardingClientCallListener.onMessage(ForwardingClientCallListener.java:33)
	at org.apache.ratis.thirdparty.io.grpc.internal.DelayedClientCall$DelayedListener.onMessage(DelayedClientCall.java:447)
	at org.apache.ratis.thirdparty.io.grpc.internal.ClientCallImpl$ClientStreamListenerImpl$1MessagesAvailable.runInternal(ClientCallImpl.java:715)
	at org.apache.ratis.thirdparty.io.grpc.internal.ClientCallImpl$ClientStreamListenerImpl$1MessagesAvailable.runInContext(ClientCallImpl.java:700)
	at org.apache.ratis.thirdparty.io.grpc.internal.ContextRunnable.run(ContextRunnable.java:37)
	at org.apache.ratis.thirdparty.io.grpc.internal.SerializingExecutor.run(SerializingExecutor.java:123)
	at java.util.concurrent.ThreadPoolExecutor.runWorker(ThreadPoolExecutor.java:1149)
	at java.util.concurrent.ThreadPoolExecutor$Worker.run(ThreadPoolExecutor.java:624)
	at java.lang.Thread.run(Thread.java:748)
Caused by: org.apache.ratis.protocol.exceptions.RaftRetryFailureException: Failed RaftClientRequest:client-4D0718C8846F->e477ba1d-11c9-4e24-a1b5-67f71d65ae03@group-DD3CD69E62EB, cid=44, seq=1*, Watch(0), null for 3 attempts with RequestTypeDependentRetryPolicy{WRITE->org.apache.ratis.retry.ExceptionDependentRetry@4a9cf439, WATCH->org.apache.ratis.retry.ExceptionDependentRetry@16aaa2a0}
	at org.apache.ratis.client.impl.RaftClientImpl.noMoreRetries(RaftClientImpl.java:254)
	... 20 more
Caused by: org.apache.ratis.protocol.exceptions.NotLeaderException: Server e477ba1d-11c9-4e24-a1b5-67f71d65ae03@group-DD3CD69E62EB is not the leader
	at org.apache.ratis.client.impl.ClientProtoUtils.toRaftClientReply(ClientProtoUtils.java:368)
	at org.apache.ratis.grpc.client.GrpcClientProtocolClient$AsyncStreamObservers$1.onNext(GrpcClientProtocolClient.java:304)
	... 11 more
</error>
    <system-out><![CDATA[2021-06-23 18:53:51,545 [Listener at 127.0.0.1/44623] WARN  server.ServerUtils (ServerUtils.java:getScmDbDir(148)) - ozone.scm.db.dirs is not configured. We recommend adding this setting. Falling back to ozone.metadata.dirs instead.
2021-06-23 18:53:51,547 [Listener at 127.0.0.1/44623] INFO  ha.SCMHANodeDetails (SCMHANodeDetails.java:loadSCMHAConfig(157)) - ServiceID for StorageContainerManager is null
2021-06-23 18:53:51,547 [Listener at 127.0.0.1/44623] INFO  ha.SCMHANodeDetails (SCMHANodeDetails.java:loadSCMHAConfig(162)) - ozone.scm.default.service.id is not defined, falling back to ozone.scm.service.ids to find serviceID for StorageContainerManager if it is HA enabled cluster
2021-06-23 18:53:51,548 [Listener at 127.0.0.1/44623] WARN  server.ServerUtils (ServerUtils.java:getScmDbDir(148)) - ozone.scm.db.dirs is not configured. We recommend adding this setting. Falling back to ozone.metadata.dirs instead.
2021-06-23 18:53:51,548 [Listener at 127.0.0.1/44623] WARN  utils.HAUtils (HAUtils.java:getMetaDir(342)) - ozone.scm.db.dirs is not configured. We recommend adding this setting. Falling back to ozone.metadata.dirs instead.
2021-06-23 18:53:51,549 [Listener at 127.0.0.1/44623] WARN  db.DBStoreBuilder (DBStoreBuilder.java:applyDBDefinition(145)) - ozone.scm.db.dirs is not configured. We recommend adding this setting. Falling back to ozone.metadata.dirs instead.
2021-06-23 18:53:51,622 [Listener at 127.0.0.1/44623] INFO  net.NodeSchemaLoader (NodeSchemaLoader.java:loadSchemaFromFile(129)) - Loading schema from [jar:file:/home/runner/.m2/repository/org/apache/ozone/hdds-common/1.2.0-SNAPSHOT/hdds-common-1.2.0-SNAPSHOT.jar!/network-topology-default.xml]
2021-06-23 18:53:51,622 [Listener at 127.0.0.1/44623] INFO  net.NodeSchemaLoader (NodeSchemaLoader.java:loadSchema(176)) - Loading network topology layer schema file
2021-06-23 18:53:51,626 [Listener at 127.0.0.1/44623] INFO  ha.SequenceIdGenerator (SequenceIdGenerator.java:upgradeToSequenceId(327)) - upgrade localId to 107544261427200000
2021-06-23 18:53:51,627 [Listener at 127.0.0.1/44623] INFO  ha.SequenceIdGenerator (SequenceIdGenerator.java:upgradeToSequenceId(337)) - upgrade delTxnId to 0
2021-06-23 18:53:51,627 [Listener at 127.0.0.1/44623] INFO  ha.SequenceIdGenerator (SequenceIdGenerator.java:upgradeToSequenceId(351)) - upgrade containerId to 0
2021-06-23 18:53:51,627 [Listener at 127.0.0.1/44623] INFO  ha.SequenceIdGenerator (SequenceIdGenerator.java:<init>(217)) - Init the HA SequenceIdGenerator.
2021-06-23 18:53:51,628 [Listener at 127.0.0.1/44623] INFO  node.SCMNodeManager (SCMNodeManager.java:<init>(125)) - Entering startup safe mode.
2021-06-23 18:53:51,628 [Listener at 127.0.0.1/44623] INFO  algorithms.ContainerPlacementPolicyFactory (ContainerPlacementPolicyFactory.java:getPolicy(60)) - Create container placement policy of type org.apache.hadoop.hdds.scm.container.placement.algorithms.SCMContainerPlacementRandom
2021-06-23 18:53:51,629 [Listener at 127.0.0.1/44623] INFO  pipeline.PipelineStateManager (PipelineStateManagerV2Impl.java:initialize(78)) - No pipeline exists in current db
2021-06-23 18:53:51,629 [Listener at 127.0.0.1/44623] INFO  algorithms.LeaderChoosePolicyFactory (LeaderChoosePolicyFactory.java:getPolicy(57)) - Create leader choose policy of type org.apache.hadoop.hdds.scm.pipeline.leader.choose.algorithms.MinLeaderCountChoosePolicy
2021-06-23 18:53:51,629 [Listener at 127.0.0.1/44623] INFO  ha.SCMServiceManager (SCMServiceManager.java:register(43)) - Registering service BackgroundPipelineCreator.
2021-06-23 18:53:51,629 [Listener at 127.0.0.1/44623] INFO  pipeline.BackgroundPipelineCreator (BackgroundPipelineCreatorV2.java:start(130)) - Starting RatisPipelineUtilsThread.
2021-06-23 18:53:51,630 [Listener at 127.0.0.1/44623] INFO  algorithms.PipelineChoosePolicyFactory (PipelineChoosePolicyFactory.java:createPipelineChoosePolicyFromClass(73)) - Create pipeline choose policy of type org.apache.hadoop.hdds.scm.pipeline.choose.algorithms.RandomPipelineChoosePolicy
2021-06-23 18:53:51,630 [Listener at 127.0.0.1/44623] INFO  ha.SCMServiceManager (SCMServiceManager.java:register(43)) - Registering service SCMBlockDeletingService.
2021-06-23 18:53:51,630 [Listener at 127.0.0.1/44623] INFO  ha.SCMServiceManager (SCMServiceManager.java:register(43)) - Registering service ReplicationManager.
2021-06-23 18:53:51,630 [Listener at 127.0.0.1/44623] INFO  container.ReplicationManager (ReplicationManager.java:start(219)) - Starting Replication Monitor Thread.
2021-06-23 18:53:51,631 [Listener at 127.0.0.1/44623] INFO  safemode.ContainerSafeModeRule (ContainerSafeModeRule.java:<init>(89)) - containers with one replica threshold count 0
2021-06-23 18:53:51,631 [Listener at 127.0.0.1/44623] INFO  safemode.HealthyPipelineSafeModeRule (HealthyPipelineSafeModeRule.java:initializeRule(156)) - Total pipeline count is 0, healthy pipeline threshold count is 1
2021-06-23 18:53:51,631 [Listener at 127.0.0.1/44623] INFO  safemode.OneReplicaPipelineSafeModeRule (OneReplicaPipelineSafeModeRule.java:initializeRule(180)) - Total pipeline count is 0, pipeline's with at least one datanode reported threshold count is 0
2021-06-23 18:53:51,635 [Listener at 127.0.0.1/44623] INFO  ipc.CallQueueManager (CallQueueManager.java:<init>(85)) - Using callQueue: class java.util.concurrent.LinkedBlockingQueue, queueCapacity: 2000, scheduler: class org.apache.hadoop.ipc.DefaultRpcScheduler, ipcBackoff: false.
2021-06-23 18:53:51,636 [Socket Reader #1 for port 0] INFO  ipc.Server (Server.java:run(1255)) - Starting Socket Reader #1 for port 0
2021-06-23 18:53:51,637 [Listener at 0.0.0.0/40343] INFO  ipc.CallQueueManager (CallQueueManager.java:<init>(85)) - Using callQueue: class java.util.concurrent.LinkedBlockingQueue, queueCapacity: 2000, scheduler: class org.apache.hadoop.ipc.DefaultRpcScheduler, ipcBackoff: false.
2021-06-23 18:53:51,639 [Socket Reader #1 for port 0] INFO  ipc.Server (Server.java:run(1255)) - Starting Socket Reader #1 for port 0
2021-06-23 18:53:51,639 [Listener at 0.0.0.0/46529] INFO  ipc.CallQueueManager (CallQueueManager.java:<init>(85)) - Using callQueue: class java.util.concurrent.LinkedBlockingQueue, queueCapacity: 2000, scheduler: class org.apache.hadoop.ipc.DefaultRpcScheduler, ipcBackoff: false.
2021-06-23 18:53:51,640 [Socket Reader #1 for port 0] INFO  ipc.Server (Server.java:run(1255)) - Starting Socket Reader #1 for port 0
2021-06-23 18:53:51,641 [Listener at 0.0.0.0/37365] INFO  server.StorageContainerManager (StorageContainerManager.java:<init>(420)) - 
Container Balancer status:
Key                            Value
Running                        true
Container Balancer Configuration values:
Key                            Value
Threshold                      0.1
Max Datanodes to Balance       5
Max Size to Move               10737418240B

2021-06-23 18:53:51,642 [Listener at 0.0.0.0/37365] WARN  events.EventQueue (EventQueue.java:fireEvent(185)) - No event handler registered for event TypedEvent{payloadType=SafeModeStatus, name='Safe mode status'}
2021-06-23 18:53:51,642 [Listener at 0.0.0.0/37365] INFO  ha.SCMContext (SCMContext.java:updateSafeModeStatus(208)) - Update SafeModeStatus from SafeModeStatus{safeModeStatus=true, preCheckPassed=false} to SafeModeStatus{safeModeStatus=true, preCheckPassed=false}.
2021-06-23 18:53:51,642 [Listener at 0.0.0.0/37365] INFO  server.StorageContainerManager (StorageContainerManager.java:start(1207)) - StorageContainerLocationProtocol RPC server is listening at /0.0.0.0:37365
2021-06-23 18:53:51,643 [Listener at 0.0.0.0/37365] WARN  impl.MetricsConfig (MetricsConfig.java:loadFirst(136)) - Cannot locate configuration: tried hadoop-metrics2-storagecontainermanager.properties,hadoop-metrics2.properties
2021-06-23 18:53:51,648 [ReplicationMonitor] INFO  container.ReplicationManager (ReplicationManager.java:run(283)) - Replication Monitor Thread took 0 milliseconds for processing 0 containers.
2021-06-23 18:53:51,648 [Listener at 0.0.0.0/37365] INFO  impl.MetricsSystemImpl (MetricsSystemImpl.java:startTimer(378)) - Scheduled Metric snapshot period at 10 second(s).
2021-06-23 18:53:51,649 [Listener at 0.0.0.0/37365] INFO  impl.MetricsSystemImpl (MetricsSystemImpl.java:start(191)) - StorageContainerManager metrics system started
2021-06-23 18:53:51,663 [Listener at 0.0.0.0/37365] INFO  impl.MetricsSinkAdapter (MetricsSinkAdapter.java:start(204)) - Sink prometheus started
2021-06-23 18:53:51,663 [Listener at 0.0.0.0/37365] INFO  impl.MetricsSystemImpl (MetricsSystemImpl.java:registerSink(305)) - Registered sink prometheus
2021-06-23 18:53:51,666 [Listener at 0.0.0.0/37365] INFO  server.SCMClientProtocolServer (SCMClientProtocolServer.java:start(163)) - RPC server for Client  is listening at /0.0.0.0:37365
2021-06-23 18:53:51,666 [IPC Server Responder] INFO  ipc.Server (Server.java:run(1497)) - IPC Server Responder: starting
2021-06-23 18:53:51,668 [IPC Server listener on 0] INFO  ipc.Server (Server.java:run(1334)) - IPC Server listener on 0: starting
2021-06-23 18:53:51,673 [Listener at 0.0.0.0/37365] INFO  server.StorageContainerManager (StorageContainerManager.java:start(1222)) - ScmBlockLocationProtocol RPC server is listening at /0.0.0.0:46529
2021-06-23 18:53:51,673 [Listener at 0.0.0.0/37365] INFO  server.SCMBlockProtocolServer (SCMBlockProtocolServer.java:start(151)) - RPC server for Block Protocol is listening at /0.0.0.0:46529
2021-06-23 18:53:51,674 [IPC Server Responder] INFO  ipc.Server (Server.java:run(1497)) - IPC Server Responder: starting
2021-06-23 18:53:51,676 [IPC Server listener on 0] INFO  ipc.Server (Server.java:run(1334)) - IPC Server listener on 0: starting
2021-06-23 18:53:51,682 [Listener at 0.0.0.0/37365] INFO  server.StorageContainerManager (StorageContainerManager.java:start(1228)) - ScmDatanodeProtocl RPC server is listening at /0.0.0.0:40343
2021-06-23 18:53:51,682 [Listener at 0.0.0.0/37365] INFO  server.SCMDatanodeProtocolServer (SCMDatanodeProtocolServer.java:start(177)) - RPC server for DataNodes is listening at /0.0.0.0:40343
2021-06-23 18:53:51,682 [IPC Server Responder] INFO  ipc.Server (Server.java:run(1497)) - IPC Server Responder: starting
2021-06-23 18:53:51,682 [IPC Server listener on 0] INFO  ipc.Server (Server.java:run(1334)) - IPC Server listener on 0: starting
2021-06-23 18:53:51,690 [org.apache.hadoop.util.JvmPauseMonitor$Monitor@61284400] INFO  util.JvmPauseMonitor (JvmPauseMonitor.java:run(188)) - Starting JVM pause monitor
2021-06-23 18:53:51,691 [Listener at 0.0.0.0/37365] INFO  http.BaseHttpServer (BaseHttpServer.java:newHttpServer2BuilderForOzone(209)) - Starting Web-server for scm at: http://0.0.0.0:0
2021-06-23 18:53:51,691 [Listener at 0.0.0.0/37365] INFO  http.BaseHttpServer (BaseHttpServer.java:<init>(107)) - Hadoop Security Enabled: false Ozone Security Enabled: false Ozone HTTP Security Enabled: false 
2021-06-23 18:53:51,692 [Listener at 0.0.0.0/37365] INFO  server.AuthenticationFilter (AuthenticationFilter.java:constructSecretProvider(240)) - Unable to initialize FileSignerSecretProvider, falling back to use random secrets.
2021-06-23 18:53:51,693 [Listener at 0.0.0.0/37365] WARN  http.HttpRequestLog (HttpRequestLog.java:getRequestLog(103)) - Jetty request log can only be enabled using Log4j
2021-06-23 18:53:51,694 [Listener at 0.0.0.0/37365] INFO  http.HttpServer2 (HttpServer2.java:addGlobalFilter(1020)) - Added global filter 'safety' (class=org.apache.hadoop.hdds.server.http.HttpServer2$QuotingInputFilter)
2021-06-23 18:53:51,694 [Listener at 0.0.0.0/37365] INFO  http.HttpServer2 (HttpServer2.java:addFilter(996)) - Added filter static_user_filter (class=org.apache.hadoop.http.lib.StaticUserWebFilter$StaticUserFilter) to context scm
2021-06-23 18:53:51,694 [Listener at 0.0.0.0/37365] INFO  http.HttpServer2 (HttpServer2.java:addFilter(1004)) - Added filter static_user_filter (class=org.apache.hadoop.http.lib.StaticUserWebFilter$StaticUserFilter) to context logs
2021-06-23 18:53:51,694 [Listener at 0.0.0.0/37365] INFO  http.HttpServer2 (HttpServer2.java:addFilter(1004)) - Added filter static_user_filter (class=org.apache.hadoop.http.lib.StaticUserWebFilter$StaticUserFilter) to context static
2021-06-23 18:53:51,695 [Listener at 0.0.0.0/37365] INFO  http.HttpServer2 (HttpServer2.java:bindListener(1238)) - Jetty bound to port 39495
2021-06-23 18:53:51,695 [Listener at 0.0.0.0/37365] INFO  server.Server (Server.java:doStart(375)) - jetty-9.4.35.v20201120; built: 2020-11-20T21:17:03.964Z; git: bdc54f03a5e0a7e280fab27f55c3c75ee8da89fb; jvm 1.8.0_292-b10
2021-06-23 18:53:51,696 [Listener at 0.0.0.0/37365] INFO  server.session (DefaultSessionIdManager.java:doStart(334)) - DefaultSessionIdManager workerName=node0
2021-06-23 18:53:51,697 [Listener at 0.0.0.0/37365] INFO  server.session (DefaultSessionIdManager.java:doStart(339)) - No SessionScavenger set, using defaults
2021-06-23 18:53:51,697 [Listener at 0.0.0.0/37365] INFO  server.session (HouseKeeper.java:startScavenging(132)) - node0 Scavenging every 600000ms
2021-06-23 18:53:51,698 [Listener at 0.0.0.0/37365] INFO  handler.ContextHandler (ContextHandler.java:doStart(916)) - Started o.e.j.s.ServletContextHandler@52972465{logs,/logs,file:///home/runner/work/ozone/ozone/mnt/ozone/hadoop-ozone/integration-test/target/log,AVAILABLE}
2021-06-23 18:53:51,699 [Listener at 0.0.0.0/37365] INFO  handler.ContextHandler (ContextHandler.java:doStart(916)) - Started o.e.j.s.ServletContextHandler@2393ef6e{static,/static,file:///home/runner/work/ozone/ozone/mnt/ozone/hadoop-ozone/integration-test/target/test-classes/webapps/static,AVAILABLE}
2021-06-23 18:53:51,702 [Listener at 0.0.0.0/37365] INFO  handler.ContextHandler (ContextHandler.java:doStart(916)) - Started o.e.j.w.WebAppContext@3f1870bc{scm,/,file:///home/runner/work/ozone/ozone/mnt/ozone/hadoop-ozone/integration-test/target/test-classes/webapps/scm/,AVAILABLE}{file:/home/runner/work/ozone/ozone/mnt/ozone/hadoop-ozone/integration-test/target/test-classes/webapps/scm}
2021-06-23 18:53:51,703 [Listener at 0.0.0.0/37365] INFO  server.AbstractConnector (AbstractConnector.java:doStart(331)) - Started ServerConnector@7169c184{HTTP/1.1, (http/1.1)}{0.0.0.0:39495}
2021-06-23 18:53:51,704 [Listener at 0.0.0.0/37365] INFO  server.Server (Server.java:doStart(415)) - Started @63319ms
2021-06-23 18:53:51,704 [Listener at 0.0.0.0/37365] WARN  impl.MetricsSystemImpl (MetricsSystemImpl.java:register(279)) - Sink prometheus already exists!
2021-06-23 18:53:51,704 [Listener at 0.0.0.0/37365] INFO  http.BaseHttpServer (BaseHttpServer.java:updateConnectorAddress(329)) - HTTP server of scm listening at http://0.0.0.0:39495
2021-06-23 18:53:51,704 [Listener at 0.0.0.0/37365] WARN  server.ServerUtils (ServerUtils.java:getDBPath(225)) - ozone.om.db.dirs is not configured. We recommend adding this setting. Falling back to ozone.metadata.dirs instead.
2021-06-23 18:53:51,706 [Listener at 0.0.0.0/37365] INFO  ha.OMHANodeDetails (OMHANodeDetails.java:loadOMHAConfig(105)) - ozone.om.internal.service.id is not defined, falling back to ozone.om.service.ids to find serviceID for OzoneManager if it is HA enabled cluster
2021-06-23 18:53:51,706 [Listener at 0.0.0.0/37365] INFO  ha.OMHANodeDetails (OMHANodeDetails.java:loadOMHAConfig(212)) - Configuration does not have ozone.om.address set. Falling back to the default OM address /127.0.0.1:0
2021-06-23 18:53:51,706 [Listener at 0.0.0.0/37365] INFO  ha.OMHANodeDetails (OMHANodeDetails.java:getOMNodeDetails(240)) - OM Service ID is not set. Setting it to the default ID: omServiceIdDefault
2021-06-23 18:53:51,706 [Listener at 0.0.0.0/37365] INFO  ha.OMHANodeDetails (OMHANodeDetails.java:getOMNodeDetails(247)) - OM Node ID is not set. Setting it to the default ID: om1
2021-06-23 18:53:51,706 [Listener at 0.0.0.0/37365] WARN  server.ServerUtils (ServerUtils.java:getDBPath(225)) - ozone.om.db.dirs is not configured. We recommend adding this setting. Falling back to ozone.metadata.dirs instead.
2021-06-23 18:53:51,707 [Listener at 0.0.0.0/37365] WARN  server.ServerUtils (ServerUtils.java:getDBPath(225)) - ozone.om.db.dirs is not configured. We recommend adding this setting. Falling back to ozone.metadata.dirs instead.
2021-06-23 18:53:51,720 [Listener at 0.0.0.0/37365] WARN  server.ServerUtils (ServerUtils.java:getDBPath(225)) - ozone.om.db.dirs is not configured. We recommend adding this setting. Falling back to ozone.metadata.dirs instead.
2021-06-23 18:53:51,721 [Listener at 0.0.0.0/37365] INFO  codec.OmKeyInfoCodec (OmKeyInfoCodec.java:<init>(51)) - OmKeyInfoCodec ignorePipeline = true
2021-06-23 18:53:51,721 [Listener at 0.0.0.0/37365] INFO  codec.RepeatedOmKeyInfoCodec (RepeatedOmKeyInfoCodec.java:<init>(42)) - RepeatedOmKeyInfoCodec ignorePipeline = true
2021-06-23 18:53:51,827 [Listener at 0.0.0.0/37365] INFO  om.OzoneManager (OzoneManager.java:addS3GVolumeToDB(3804)) - Created Volume s3v With Owner runner required for S3Gateway operations.
2021-06-23 18:53:51,827 [Listener at 0.0.0.0/37365] WARN  server.ServerUtils (ServerUtils.java:getDefaultRatisDirectory(237)) - Storage directory for Ratis is not configured. It is a good idea to map this to an SSD disk. Falling back to ozone.metadata.dirs
2021-06-23 18:53:51,828 [Listener at 0.0.0.0/37365] WARN  ratis.OzoneManagerRatisServer (OzoneManagerRatisServer.java:getOMRatisSnapshotDirectory(634)) - ozone.om.ratis.snapshot.dir is not configured. Falling back to ozone.metadata.dirs config
2021-06-23 18:53:51,828 [Listener at 0.0.0.0/37365] WARN  server.ServerUtils (ServerUtils.java:getDefaultRatisDirectory(237)) - Storage directory for Ratis is not configured. It is a good idea to map this to an SSD disk. Falling back to ozone.metadata.dirs
2021-06-23 18:53:51,829 [Listener at 0.0.0.0/37365] INFO  ratis.OzoneManagerRatisServer (OzoneManagerRatisServer.java:<init>(288)) - Instantiating OM Ratis server with GroupID: omServiceIdDefault and Raft Peers: localhost:9872
2021-06-23 18:53:51,829 [Listener at 0.0.0.0/37365] INFO  ratis.OzoneManagerStateMachine (OzoneManagerStateMachine.java:loadSnapshotInfoFromDB(520)) - LastAppliedIndex is set from TransactionInfo from OM DB as (t:0, i:~)
2021-06-23 18:53:51,833 [Listener at 0.0.0.0/37365] INFO  server.RaftServer (ConfUtils.java:logGet(44)) - raft.rpc.type = GRPC (default)
2021-06-23 18:53:51,834 [Listener at 0.0.0.0/37365] INFO  grpc.GrpcFactory (GrpcFactory.java:checkPooledByteBufAllocatorUseCacheForAllThreads(48)) - PERFORMANCE WARNING: useCacheForAllThreads is true that may cause Netty to create a lot garbage objects and, as a result, trigger GC.
	It is recommended to disable useCacheForAllThreads by setting -Dorg.apache.ratis.thirdparty.io.netty.allocator.useCacheForAllThreads=false in command line.
2021-06-23 18:53:51,834 [Listener at 0.0.0.0/37365] INFO  grpc.GrpcConfigKeys (ConfUtils.java:logGet(44)) - raft.grpc.admin.port = -1 (default)
2021-06-23 18:53:51,834 [Listener at 0.0.0.0/37365] INFO  grpc.GrpcConfigKeys (ConfUtils.java:logGet(44)) - raft.grpc.server.port = 9872 (custom)
2021-06-23 18:53:51,834 [Listener at 0.0.0.0/37365] INFO  grpc.GrpcConfigKeys (ConfUtils.java:logGet(44)) - raft.grpc.client.port = -1 (default)
2021-06-23 18:53:51,834 [Listener at 0.0.0.0/37365] INFO  grpc.GrpcConfigKeys (ConfUtils.java:logGet(44)) - raft.grpc.server.port = 9872 (custom)
2021-06-23 18:53:51,834 [Listener at 0.0.0.0/37365] INFO  grpc.GrpcConfigKeys (ConfUtils.java:logGet(44)) - raft.grpc.server.port = 9872 (custom)
2021-06-23 18:53:51,835 [Listener at 0.0.0.0/37365] INFO  server.GrpcService (ConfUtils.java:logGet(44)) - raft.grpc.message.size.max = 33554432 (custom)
2021-06-23 18:53:51,835 [Listener at 0.0.0.0/37365] INFO  server.RaftServerConfigKeys (ConfUtils.java:logGet(44)) - raft.server.log.appender.buffer.byte-limit = 33554432 (custom)
2021-06-23 18:53:51,835 [Listener at 0.0.0.0/37365] INFO  server.GrpcService (ConfUtils.java:logGet(44)) - raft.grpc.flow.control.window = 1MB (=1048576) (default)
2021-06-23 18:53:51,835 [Listener at 0.0.0.0/37365] INFO  server.RaftServerConfigKeys (ConfUtils.java:logGet(44)) - raft.server.rpc.request.timeout = 3000ms (default)
2021-06-23 18:53:51,836 [Listener at 0.0.0.0/37365] INFO  impl.DataStreamServerImpl (ConfUtils.java:logGet(44)) - raft.datastream.type = DISABLED (default)
2021-06-23 18:53:51,837 [Listener at 0.0.0.0/37365] INFO  server.RaftServerConfigKeys (ConfUtils.java:logGet(44)) - raft.server.rpc.slowness.timeout = 120s (custom)
2021-06-23 18:53:51,837 [Listener at 0.0.0.0/37365] INFO  server.RaftServerConfigKeys (ConfUtils.java:logGet(44)) - raft.server.leaderelection.leader.step-down.wait-time = 10s (default)
2021-06-23 18:53:51,837 [Listener at 0.0.0.0/37365] INFO  server.RaftServerConfigKeys (ConfUtils.java:logGet(44)) - raft.server.storage.dir = [/home/runner/work/ozone/ozone/mnt/ozone/hadoop-ozone/integration-test/target/test-dir/MiniOzoneClusterImpl-2ba833d5-1ba9-439d-9c86-26ba043c4450/ozone-meta/ratis] (custom)
2021-06-23 18:53:51,837 [Listener at 0.0.0.0/37365] INFO  server.RaftServer (RaftServerProxy.java:addNew(95)) - om1: addNew group-C5BA1605619E:[om1|rpc:localhost:9872|priority:0] returns group-C5BA1605619E:java.util.concurrent.CompletableFuture@6f45a719[Not completed]
2021-06-23 18:53:51,837 [Listener at 0.0.0.0/37365] INFO  om.OzoneManager (OzoneManager.java:initializeRatisServer(1311)) - OzoneManager Ratis server initialized at port 9872
2021-06-23 18:53:51,837 [pool-280-thread-1] INFO  server.RaftServer$Division (RaftServerImpl.java:<init>(180)) - om1: new RaftServerImpl for group-C5BA1605619E:[om1|rpc:localhost:9872|priority:0] with OzoneManagerStateMachine:uninitialized
2021-06-23 18:53:51,838 [pool-280-thread-1] INFO  server.RaftServerConfigKeys (ConfUtils.java:logGet(44)) - raft.server.rpc.timeout.min = 1s (custom)
2021-06-23 18:53:51,838 [pool-280-thread-1] INFO  server.RaftServerConfigKeys (ConfUtils.java:logGet(44)) - raft.server.rpc.timeout.max = 1200ms (custom)
2021-06-23 18:53:51,839 [pool-280-thread-1] INFO  server.RaftServerConfigKeys (ConfUtils.java:logGet(44)) - raft.server.rpc.sleep.time = 25ms (default)
2021-06-23 18:53:51,839 [pool-280-thread-1] INFO  server.RaftServerConfigKeys (ConfUtils.java:logGet(44)) - raft.server.rpc.slowness.timeout = 120s (custom)
2021-06-23 18:53:51,839 [pool-280-thread-1] INFO  server.RaftServerConfigKeys (ConfUtils.java:logGet(44)) - raft.server.leaderelection.leader.step-down.wait-time = 10s (default)
2021-06-23 18:53:51,839 [pool-280-thread-1] INFO  server.RaftServerConfigKeys (ConfUtils.java:logGet(44)) - raft.server.sleep.deviation.threshold = 300ms (default)
2021-06-23 18:53:51,839 [pool-280-thread-1] INFO  server.RaftServerConfigKeys (ConfUtils.java:logGet(44)) - raft.server.log.appender.install.snapshot.enabled = false (custom)
2021-06-23 18:53:51,839 [pool-280-thread-1] INFO  server.RaftServer$Division (ServerState.java:<init>(105)) - om1@group-C5BA1605619E: ConfigurationManager, init=-1: [om1|rpc:localhost:9872|priority:0], old=null, confs=<EMPTY_MAP>
2021-06-23 18:53:51,839 [pool-280-thread-1] INFO  server.RaftServerConfigKeys (ConfUtils.java:logGet(44)) - raft.server.storage.dir = [/home/runner/work/ozone/ozone/mnt/ozone/hadoop-ozone/integration-test/target/test-dir/MiniOzoneClusterImpl-2ba833d5-1ba9-439d-9c86-26ba043c4450/ozone-meta/ratis] (custom)
2021-06-23 18:53:51,839 [Listener at 0.0.0.0/37365] INFO  ipc.CallQueueManager (CallQueueManager.java:<init>(85)) - Using callQueue: class java.util.concurrent.LinkedBlockingQueue, queueCapacity: 2000, scheduler: class org.apache.hadoop.ipc.DefaultRpcScheduler, ipcBackoff: false.
2021-06-23 18:53:51,839 [pool-280-thread-1] INFO  server.RaftServerConfigKeys (ConfUtils.java:logGet(44)) - raft.server.log.corruption.policy = EXCEPTION (default)
2021-06-23 18:53:51,839 [pool-280-thread-1] INFO  storage.RaftStorageDirectory (RaftStorageDirectoryImpl.java:analyzeStorage(132)) - The storage directory /home/runner/work/ozone/ozone/mnt/ozone/hadoop-ozone/integration-test/target/test-dir/MiniOzoneClusterImpl-2ba833d5-1ba9-439d-9c86-26ba043c4450/ozone-meta/ratis/bf265839-605b-3f16-9796-c5ba1605619e does not exist. Creating ...
2021-06-23 18:53:51,840 [Socket Reader #1 for port 0] INFO  ipc.Server (Server.java:run(1255)) - Starting Socket Reader #1 for port 0
2021-06-23 18:53:51,844 [pool-280-thread-1] INFO  storage.RaftStorageDirectory (RaftStorageDirectoryImpl.java:tryLock(215)) - Lock on /home/runner/work/ozone/ozone/mnt/ozone/hadoop-ozone/integration-test/target/test-dir/MiniOzoneClusterImpl-2ba833d5-1ba9-439d-9c86-26ba043c4450/ozone-meta/ratis/bf265839-605b-3f16-9796-c5ba1605619e/in_use.lock acquired by nodename 19615@fv-az291-331
2021-06-23 18:53:51,845 [pool-280-thread-1] INFO  storage.RaftStorage (RaftStorageImpl.java:format(87)) - Storage directory /home/runner/work/ozone/ozone/mnt/ozone/hadoop-ozone/integration-test/target/test-dir/MiniOzoneClusterImpl-2ba833d5-1ba9-439d-9c86-26ba043c4450/ozone-meta/ratis/bf265839-605b-3f16-9796-c5ba1605619e has been successfully formatted.
2021-06-23 18:53:51,845 [pool-280-thread-1] INFO  server.RaftServerConfigKeys (ConfUtils.java:logGet(44)) - raft.server.notification.no-leader.timeout = 120s (custom)
2021-06-23 18:53:51,845 [pool-280-thread-1] INFO  server.RaftServerConfigKeys (ConfUtils.java:logGet(44)) - raft.server.log.use.memory = false (default)
2021-06-23 18:53:51,845 [pool-280-thread-1] INFO  server.RaftServerConfigKeys (ConfUtils.java:logGet(44)) - raft.server.log.purge.gap = 1000000 (custom)
2021-06-23 18:53:51,845 [pool-280-thread-1] INFO  server.RaftServerConfigKeys (ConfUtils.java:logGet(44)) - raft.server.log.appender.buffer.byte-limit = 33554432 (custom)
2021-06-23 18:53:51,845 [pool-280-thread-1] INFO  metrics.RatisMetrics (RatisMetrics.java:lambda$create$0(36)) - Creating Metrics Registry : ratis.log_worker.om1@group-C5BA1605619E
2021-06-23 18:53:51,845 [pool-280-thread-1] INFO  server.RaftServerConfigKeys (ConfUtils.java:logGet(44)) - raft.server.log.segment.size.max = 4194304 (custom)
2021-06-23 18:53:51,846 [pool-280-thread-1] INFO  server.RaftServerConfigKeys (ConfUtils.java:logGet(44)) - raft.server.log.segment.cache.num.max = 2 (custom)
2021-06-23 18:53:51,846 [pool-280-thread-1] INFO  server.RaftServerConfigKeys (ConfUtils.java:logGet(44)) - raft.server.log.segment.cache.size.max = 200MB (=209715200) (default)
2021-06-23 18:53:51,846 [pool-280-thread-1] INFO  segmented.SegmentedRaftLogWorker (SegmentedRaftLogWorker.java:<init>(182)) - new om1@group-C5BA1605619E-SegmentedRaftLogWorker for RaftStorageImpl:Storage Directory /home/runner/work/ozone/ozone/mnt/ozone/hadoop-ozone/integration-test/target/test-dir/MiniOzoneClusterImpl-2ba833d5-1ba9-439d-9c86-26ba043c4450/ozone-meta/ratis/bf265839-605b-3f16-9796-c5ba1605619e
2021-06-23 18:53:51,846 [pool-280-thread-1] INFO  server.RaftServerConfigKeys (ConfUtils.java:logGet(44)) - raft.server.log.queue.byte-limit = 64MB (=67108864) (default)
2021-06-23 18:53:51,846 [pool-280-thread-1] INFO  server.RaftServerConfigKeys (ConfUtils.java:logGet(44)) - raft.server.log.queue.element-limit = 4096 (default)
2021-06-23 18:53:51,846 [pool-280-thread-1] INFO  server.RaftServerConfigKeys (ConfUtils.java:logGet(44)) - raft.server.log.segment.size.max = 4194304 (custom)
2021-06-23 18:53:51,846 [pool-280-thread-1] INFO  server.RaftServerConfigKeys (ConfUtils.java:logGet(44)) - raft.server.log.preallocated.size = 4194304 (custom)
2021-06-23 18:53:51,846 [pool-280-thread-1] INFO  server.RaftServerConfigKeys (ConfUtils.java:logGet(44)) - raft.server.log.force.sync.num = 128 (default)
2021-06-23 18:53:51,846 [pool-280-thread-1] INFO  server.RaftServerConfigKeys (ConfUtils.java:logGet(44)) - raft.server.log.statemachine.data.sync = true (default)
2021-06-23 18:53:51,846 [pool-280-thread-1] INFO  server.RaftServerConfigKeys (ConfUtils.java:logGet(44)) - raft.server.log.statemachine.data.sync.timeout = 10s (default)
2021-06-23 18:53:51,846 [pool-280-thread-1] INFO  server.RaftServerConfigKeys (ConfUtils.java:logGet(44)) - raft.server.log.statemachine.data.sync.timeout.retry = -1 (default)
2021-06-23 18:53:51,847 [pool-280-thread-1] INFO  server.RaftServerConfigKeys (ConfUtils.java:logGet(44)) - raft.server.log.write.buffer.size = 64KB (=65536) (default)
2021-06-23 18:53:51,847 [pool-280-thread-1] INFO  server.RaftServerConfigKeys (ConfUtils.java:logGet(44)) - raft.server.log.statemachine.data.caching.enabled = false (default)
2021-06-23 18:53:51,847 [pool-280-thread-1] INFO  segmented.SegmentedRaftLogWorker (SegmentedRaftLogWorker.java:lambda$new$0(133)) - om1@group-C5BA1605619E-SegmentedRaftLogWorker: flushIndex: setUnconditionally 0 -> -1
2021-06-23 18:53:51,847 [pool-280-thread-1] INFO  segmented.SegmentedRaftLogWorker (SegmentedRaftLogWorker.java:lambda$new$0(133)) - om1@group-C5BA1605619E-SegmentedRaftLogWorker: safeCacheEvictIndex: setUnconditionally 0 -> -1
2021-06-23 18:53:51,847 [pool-280-thread-1] INFO  server.RaftServerConfigKeys (ConfUtils.java:logGet(44)) - raft.server.snapshot.auto.trigger.enabled = true (custom)
2021-06-23 18:53:51,847 [pool-280-thread-1] INFO  server.RaftServerConfigKeys (ConfUtils.java:logGet(44)) - raft.server.snapshot.auto.trigger.threshold = 400000 (default)
2021-06-23 18:53:51,847 [pool-280-thread-1] INFO  server.RaftServerConfigKeys (ConfUtils.java:logGet(44)) - raft.server.snapshot.retention.file.num = -1 (default)
2021-06-23 18:53:51,847 [pool-280-thread-1] INFO  server.RaftServerConfigKeys (ConfUtils.java:logGet(44)) - raft.server.log.purge.upto.snapshot.index = true (custom)
2021-06-23 18:53:51,848 [pool-280-thread-1] INFO  server.RaftServerConfigKeys (ConfUtils.java:logGet(44)) - raft.server.retrycache.expirytime = 300s (custom)
2021-06-23 18:53:51,848 [pool-280-thread-1] INFO  server.RaftServerConfigKeys (ConfUtils.java:logGet(44)) - raft.server.retrycache.statistics.expirytime = 100μs (default)
2021-06-23 18:53:51,848 [pool-280-thread-1] INFO  metrics.RatisMetrics (RatisMetrics.java:lambda$create$0(36)) - Creating Metrics Registry : ratis.leader_election.om1@group-C5BA1605619E
2021-06-23 18:53:51,848 [pool-280-thread-1] INFO  metrics.RatisMetrics (RatisMetrics.java:lambda$create$0(36)) - Creating Metrics Registry : ratis.server.om1@group-C5BA1605619E
2021-06-23 18:53:51,861 [Listener at 127.0.0.1/35407] INFO  om.OzoneManager (OzoneManager.java:initFSOLayout(3896)) - Configured ozone.om.metadata.layout=SIMPLE and disabled optimized OM FS operations
2021-06-23 18:53:51,861 [Listener at 127.0.0.1/35407] INFO  impl.MetricsSystemImpl (MetricsSystemImpl.java:init(158)) - OzoneManager metrics system started (again)
2021-06-23 18:53:51,862 [Listener at 127.0.0.1/35407] INFO  om.OzoneManager (OzoneManager.java:start(1113)) - OzoneManager RPC server is listening at localhost/127.0.0.1:35407
2021-06-23 18:53:51,862 [Listener at 127.0.0.1/35407] INFO  ratis.OzoneManagerRatisServer (OzoneManagerRatisServer.java:start(388)) - Starting OzoneManagerRatisServer om1 at port 9872
2021-06-23 18:53:51,862 [Listener at 127.0.0.1/35407] INFO  server.RaftServer$Division (RaftServerImpl.java:start(295)) - om1@group-C5BA1605619E: start as a follower, conf=-1: [om1|rpc:localhost:9872|priority:0], old=null
2021-06-23 18:53:51,862 [Listener at 127.0.0.1/35407] INFO  server.RaftServer$Division (RaftServerImpl.java:setRole(284)) - om1@group-C5BA1605619E: changes role from      null to FOLLOWER at term 0 for startAsFollower
2021-06-23 18:53:51,863 [Listener at 127.0.0.1/35407] INFO  impl.RoleInfo (RoleInfo.java:updateAndGet(130)) - om1: start om1@group-C5BA1605619E-FollowerState
2021-06-23 18:53:51,869 [Listener at 127.0.0.1/35407] INFO  util.JmxRegister (JmxRegister.java:tryRegister(44)) - Successfully registered JMX Bean with object name Ratis:service=RaftServer,group=group-C5BA1605619E,id=om1
2021-06-23 18:53:51,869 [Listener at 127.0.0.1/35407] INFO  metrics.RatisMetrics (RatisMetrics.java:lambda$create$0(36)) - Creating Metrics Registry : ratis.state_machine.om1@group-C5BA1605619E
2021-06-23 18:53:51,869 [Listener at 127.0.0.1/35407] INFO  server.RaftServer (RaftServerProxy.java:lambda$start$5(374)) - om1: start RPC server
2021-06-23 18:53:51,870 [Listener at 127.0.0.1/35407] INFO  server.GrpcService (GrpcService.java:startImpl(253)) - om1: GrpcService started, listening on 9872
2021-06-23 18:53:51,870 [org.apache.ratis.util.JvmPauseMonitor$$Lambda$513/1463400452@34b312d8] INFO  util.JvmPauseMonitor (JvmPauseMonitor.java:run(103)) - JvmPauseMonitor-om1: Started
2021-06-23 18:53:51,876 [Listener at 127.0.0.1/35407] INFO  http.BaseHttpServer (BaseHttpServer.java:newHttpServer2BuilderForOzone(209)) - Starting Web-server for ozoneManager at: http://0.0.0.0:0
2021-06-23 18:53:51,876 [Listener at 127.0.0.1/35407] INFO  http.BaseHttpServer (BaseHttpServer.java:<init>(107)) - Hadoop Security Enabled: false Ozone Security Enabled: false Ozone HTTP Security Enabled: false 
2021-06-23 18:53:51,877 [Listener at 127.0.0.1/35407] INFO  server.AuthenticationFilter (AuthenticationFilter.java:constructSecretProvider(240)) - Unable to initialize FileSignerSecretProvider, falling back to use random secrets.
2021-06-23 18:53:51,878 [Listener at 127.0.0.1/35407] WARN  http.HttpRequestLog (HttpRequestLog.java:getRequestLog(103)) - Jetty request log can only be enabled using Log4j
2021-06-23 18:53:51,879 [Listener at 127.0.0.1/35407] INFO  http.HttpServer2 (HttpServer2.java:addGlobalFilter(1020)) - Added global filter 'safety' (class=org.apache.hadoop.hdds.server.http.HttpServer2$QuotingInputFilter)
2021-06-23 18:53:51,879 [Listener at 127.0.0.1/35407] INFO  http.HttpServer2 (HttpServer2.java:addFilter(996)) - Added filter static_user_filter (class=org.apache.hadoop.http.lib.StaticUserWebFilter$StaticUserFilter) to context ozoneManager
2021-06-23 18:53:51,879 [Listener at 127.0.0.1/35407] INFO  http.HttpServer2 (HttpServer2.java:addFilter(1004)) - Added filter static_user_filter (class=org.apache.hadoop.http.lib.StaticUserWebFilter$StaticUserFilter) to context static
2021-06-23 18:53:51,879 [Listener at 127.0.0.1/35407] INFO  http.HttpServer2 (HttpServer2.java:addFilter(1004)) - Added filter static_user_filter (class=org.apache.hadoop.http.lib.StaticUserWebFilter$StaticUserFilter) to context logs
2021-06-23 18:53:51,880 [Listener at 127.0.0.1/35407] INFO  http.HttpServer2 (HttpServer2.java:bindListener(1238)) - Jetty bound to port 42577
2021-06-23 18:53:51,880 [Listener at 127.0.0.1/35407] INFO  server.Server (Server.java:doStart(375)) - jetty-9.4.35.v20201120; built: 2020-11-20T21:17:03.964Z; git: bdc54f03a5e0a7e280fab27f55c3c75ee8da89fb; jvm 1.8.0_292-b10
2021-06-23 18:53:51,886 [Listener at 127.0.0.1/35407] INFO  server.session (DefaultSessionIdManager.java:doStart(334)) - DefaultSessionIdManager workerName=node0
2021-06-23 18:53:51,886 [Listener at 127.0.0.1/35407] INFO  server.session (DefaultSessionIdManager.java:doStart(339)) - No SessionScavenger set, using defaults
2021-06-23 18:53:51,886 [Listener at 127.0.0.1/35407] INFO  server.session (HouseKeeper.java:startScavenging(132)) - node0 Scavenging every 660000ms
2021-06-23 18:53:51,887 [Listener at 127.0.0.1/35407] INFO  handler.ContextHandler (ContextHandler.java:doStart(916)) - Started o.e.j.s.ServletContextHandler@6e0ae02d{logs,/logs,file:///home/runner/work/ozone/ozone/mnt/ozone/hadoop-ozone/integration-test/target/log,AVAILABLE}
2021-06-23 18:53:51,887 [Listener at 127.0.0.1/35407] INFO  handler.ContextHandler (ContextHandler.java:doStart(916)) - Started o.e.j.s.ServletContextHandler@d64aeb0{static,/static,file:///home/runner/work/ozone/ozone/mnt/ozone/hadoop-ozone/integration-test/target/test-classes/webapps/static,AVAILABLE}
2021-06-23 18:53:51,890 [Listener at 127.0.0.1/35407] INFO  handler.ContextHandler (ContextHandler.java:doStart(916)) - Started o.e.j.w.WebAppContext@3fa4fe1f{ozoneManager,/,file:///home/runner/work/ozone/ozone/mnt/ozone/hadoop-ozone/integration-test/target/test-classes/webapps/ozoneManager/,AVAILABLE}{file:/home/runner/work/ozone/ozone/mnt/ozone/hadoop-ozone/integration-test/target/test-classes/webapps/ozoneManager}
2021-06-23 18:53:51,891 [Listener at 127.0.0.1/35407] INFO  server.AbstractConnector (AbstractConnector.java:doStart(331)) - Started ServerConnector@38c2bbd3{HTTP/1.1, (http/1.1)}{0.0.0.0:42577}
2021-06-23 18:53:51,891 [Listener at 127.0.0.1/35407] INFO  server.Server (Server.java:doStart(415)) - Started @63506ms
2021-06-23 18:53:51,891 [Listener at 127.0.0.1/35407] WARN  impl.MetricsSystemImpl (MetricsSystemImpl.java:register(279)) - Sink prometheus already exists!
2021-06-23 18:53:51,892 [Listener at 127.0.0.1/35407] INFO  http.BaseHttpServer (BaseHttpServer.java:updateConnectorAddress(329)) - HTTP server of ozoneManager listening at http://0.0.0.0:42577
2021-06-23 18:53:51,892 [IPC Server Responder] INFO  ipc.Server (Server.java:run(1497)) - IPC Server Responder: starting
2021-06-23 18:53:51,896 [IPC Server listener on 0] INFO  ipc.Server (Server.java:run(1334)) - IPC Server listener on 0: starting
2021-06-23 18:53:51,910 [Listener at 127.0.0.1/35407] INFO  om.OzoneManager (OzoneManager.java:startTrashEmptier(1251)) - Trash Interval set to 0. Files deleted will not move to trash
2021-06-23 18:53:51,911 [org.apache.hadoop.util.JvmPauseMonitor$Monitor@311fd276] INFO  util.JvmPauseMonitor (JvmPauseMonitor.java:run(188)) - Starting JVM pause monitor
2021-06-23 18:53:51,933 [Listener at 127.0.0.1/35407] INFO  impl.MetricsSystemImpl (MetricsSystemImpl.java:init(158)) - HddsDatanode metrics system started (again)
2021-06-23 18:53:51,935 [Listener at 127.0.0.1/35407] INFO  ozone.HddsDatanodeService (HddsDatanodeService.java:start(221)) - HddsDatanodeService host:fv-az291-331.wgnan5asplgejimfprtllbpdch.jx.internal.cloudapp.net ip:10.1.0.43
2021-06-23 18:53:51,959 [Listener at 127.0.0.1/35407] INFO  volume.HddsVolume (HddsVolume.java:<init>(119)) - Creating HddsVolume: /home/runner/work/ozone/ozone/mnt/ozone/hadoop-ozone/integration-test/target/test-dir/MiniOzoneClusterImpl-2ba833d5-1ba9-439d-9c86-26ba043c4450/datanode-0/data-0/containers/hdds of storage type : DISK capacity : 9223372036854775807
2021-06-23 18:53:51,959 [Listener at 127.0.0.1/35407] INFO  volume.MutableVolumeSet (MutableVolumeSet.java:initializeVolumeSet(181)) - Added Volume : /home/runner/work/ozone/ozone/mnt/ozone/hadoop-ozone/integration-test/target/test-dir/MiniOzoneClusterImpl-2ba833d5-1ba9-439d-9c86-26ba043c4450/datanode-0/data-0/containers/hdds to VolumeSet
2021-06-23 18:53:51,959 [Listener at 127.0.0.1/35407] INFO  volume.ThrottledAsyncChecker (ThrottledAsyncChecker.java:schedule(141)) - Scheduling a check for /home/runner/work/ozone/ozone/mnt/ozone/hadoop-ozone/integration-test/target/test-dir/MiniOzoneClusterImpl-2ba833d5-1ba9-439d-9c86-26ba043c4450/datanode-0/data-0/containers/hdds
2021-06-23 18:53:51,960 [Listener at 127.0.0.1/35407] INFO  volume.StorageVolumeChecker (StorageVolumeChecker.java:checkAllVolumes(201)) - Scheduled health check for volume /home/runner/work/ozone/ozone/mnt/ozone/hadoop-ozone/integration-test/target/test-dir/MiniOzoneClusterImpl-2ba833d5-1ba9-439d-9c86-26ba043c4450/datanode-0/data-0/containers/hdds
2021-06-23 18:53:51,975 [Listener at 127.0.0.1/35407] INFO  volume.MutableVolumeSet (MutableVolumeSet.java:initializeVolumeSet(181)) - Added Volume : /home/runner/work/ozone/ozone/mnt/ozone/hadoop-ozone/integration-test/target/test-dir/MiniOzoneClusterImpl-2ba833d5-1ba9-439d-9c86-26ba043c4450/datanode-0/data/ratis to VolumeSet
2021-06-23 18:53:51,986 [Listener at 127.0.0.1/35407] INFO  ozoneimpl.ContainerReader (ContainerReader.java:<init>(98)) - Running in upgrade mode:true
2021-06-23 18:53:51,987 [Thread-678] INFO  ozoneimpl.ContainerReader (ContainerReader.java:readVolume(142)) - Start to verify containers on volume /home/runner/work/ozone/ozone/mnt/ozone/hadoop-ozone/integration-test/target/test-dir/MiniOzoneClusterImpl-2ba833d5-1ba9-439d-9c86-26ba043c4450/datanode-0/data-0/containers/hdds
2021-06-23 18:53:51,987 [Thread-678] INFO  ozoneimpl.ContainerReader (ContainerReader.java:readVolume(174)) - Finish verifying containers on volume /home/runner/work/ozone/ozone/mnt/ozone/hadoop-ozone/integration-test/target/test-dir/MiniOzoneClusterImpl-2ba833d5-1ba9-439d-9c86-26ba043c4450/datanode-0/data-0/containers/hdds
2021-06-23 18:53:51,988 [Listener at 127.0.0.1/35407] INFO  ozoneimpl.OzoneContainer (OzoneContainer.java:buildContainerSet(237)) - Build ContainerSet costs 0s
2021-06-23 18:53:51,989 [Listener at 127.0.0.1/35407] INFO  server.RaftServer (ConfUtils.java:logGet(44)) - raft.rpc.type = GRPC (default)
2021-06-23 18:53:51,989 [Listener at 127.0.0.1/35407] INFO  grpc.GrpcFactory (GrpcFactory.java:checkPooledByteBufAllocatorUseCacheForAllThreads(48)) - PERFORMANCE WARNING: useCacheForAllThreads is true that may cause Netty to create a lot garbage objects and, as a result, trigger GC.
	It is recommended to disable useCacheForAllThreads by setting -Dorg.apache.ratis.thirdparty.io.netty.allocator.useCacheForAllThreads=false in command line.
2021-06-23 18:53:51,989 [Listener at 127.0.0.1/35407] INFO  grpc.GrpcConfigKeys (ConfUtils.java:logGet(44)) - raft.grpc.admin.port = 0 (custom)
2021-06-23 18:53:51,989 [Listener at 127.0.0.1/35407] INFO  grpc.GrpcConfigKeys (ConfUtils.java:logGet(44)) - raft.grpc.client.port = 0 (custom)
2021-06-23 18:53:51,990 [Listener at 127.0.0.1/35407] INFO  grpc.GrpcConfigKeys (ConfUtils.java:logGet(44)) - raft.grpc.server.port = 0 (default)
2021-06-23 18:53:51,990 [Listener at 127.0.0.1/35407] INFO  server.GrpcService (ConfUtils.java:logGet(44)) - raft.grpc.message.size.max = 32MB (=33554432) (custom)
2021-06-23 18:53:51,990 [Listener at 127.0.0.1/35407] INFO  server.RaftServerConfigKeys (ConfUtils.java:logGet(44)) - raft.server.log.appender.buffer.byte-limit = 33554432 (custom)
2021-06-23 18:53:51,990 [Listener at 127.0.0.1/35407] INFO  server.GrpcService (ConfUtils.java:logGet(44)) - raft.grpc.flow.control.window = 5MB (=5242880) (custom)
2021-06-23 18:53:51,990 [Listener at 127.0.0.1/35407] INFO  server.RaftServerConfigKeys (ConfUtils.java:logGet(44)) - raft.server.rpc.request.timeout = 3000ms (default)
2021-06-23 18:53:51,991 [Listener at 127.0.0.1/35407] INFO  impl.DataStreamServerImpl (ConfUtils.java:logGet(44)) - raft.datastream.type = DISABLED (default)
2021-06-23 18:53:51,991 [Listener at 127.0.0.1/35407] INFO  server.RaftServerConfigKeys (ConfUtils.java:logGet(44)) - raft.server.rpc.slowness.timeout = 300000ms (custom)
2021-06-23 18:53:51,991 [Listener at 127.0.0.1/35407] INFO  server.RaftServerConfigKeys (ConfUtils.java:logGet(44)) - raft.server.leaderelection.leader.step-down.wait-time = 10s (default)
2021-06-23 18:53:51,991 [Listener at 127.0.0.1/35407] INFO  server.RaftServerConfigKeys (ConfUtils.java:logGet(44)) - raft.server.storage.dir = [/home/runner/work/ozone/ozone/mnt/ozone/hadoop-ozone/integration-test/target/test-dir/MiniOzoneClusterImpl-2ba833d5-1ba9-439d-9c86-26ba043c4450/datanode-0/data/ratis] (custom)
2021-06-23 18:53:51,994 [Listener at 127.0.0.1/35407] INFO  http.BaseHttpServer (BaseHttpServer.java:newHttpServer2BuilderForOzone(209)) - Starting Web-server for hddsDatanode at: http://0.0.0.0:0
2021-06-23 18:53:51,994 [Listener at 127.0.0.1/35407] INFO  http.BaseHttpServer (BaseHttpServer.java:<init>(107)) - Hadoop Security Enabled: false Ozone Security Enabled: false Ozone HTTP Security Enabled: false 
2021-06-23 18:53:51,995 [Listener at 127.0.0.1/35407] INFO  server.AuthenticationFilter (AuthenticationFilter.java:constructSecretProvider(240)) - Unable to initialize FileSignerSecretProvider, falling back to use random secrets.
2021-06-23 18:53:51,995 [Listener at 127.0.0.1/35407] WARN  http.HttpRequestLog (HttpRequestLog.java:getRequestLog(103)) - Jetty request log can only be enabled using Log4j
2021-06-23 18:53:51,996 [Listener at 127.0.0.1/35407] INFO  http.HttpServer2 (HttpServer2.java:addGlobalFilter(1020)) - Added global filter 'safety' (class=org.apache.hadoop.hdds.server.http.HttpServer2$QuotingInputFilter)
2021-06-23 18:53:51,996 [Listener at 127.0.0.1/35407] INFO  http.HttpServer2 (HttpServer2.java:addFilter(996)) - Added filter static_user_filter (class=org.apache.hadoop.http.lib.StaticUserWebFilter$StaticUserFilter) to context hddsDatanode
2021-06-23 18:53:51,996 [Listener at 127.0.0.1/35407] INFO  http.HttpServer2 (HttpServer2.java:addFilter(1004)) - Added filter static_user_filter (class=org.apache.hadoop.http.lib.StaticUserWebFilter$StaticUserFilter) to context static
2021-06-23 18:53:51,996 [Listener at 127.0.0.1/35407] INFO  http.HttpServer2 (HttpServer2.java:addFilter(1004)) - Added filter static_user_filter (class=org.apache.hadoop.http.lib.StaticUserWebFilter$StaticUserFilter) to context logs
2021-06-23 18:53:51,997 [Listener at 127.0.0.1/35407] INFO  http.HttpServer2 (HttpServer2.java:bindListener(1238)) - Jetty bound to port 40377
2021-06-23 18:53:51,997 [Listener at 127.0.0.1/35407] INFO  server.Server (Server.java:doStart(375)) - jetty-9.4.35.v20201120; built: 2020-11-20T21:17:03.964Z; git: bdc54f03a5e0a7e280fab27f55c3c75ee8da89fb; jvm 1.8.0_292-b10
2021-06-23 18:53:52,000 [Listener at 127.0.0.1/35407] INFO  server.session (DefaultSessionIdManager.java:doStart(334)) - DefaultSessionIdManager workerName=node0
2021-06-23 18:53:52,000 [Listener at 127.0.0.1/35407] INFO  server.session (DefaultSessionIdManager.java:doStart(339)) - No SessionScavenger set, using defaults
2021-06-23 18:53:52,001 [Listener at 127.0.0.1/35407] INFO  server.session (HouseKeeper.java:startScavenging(132)) - node0 Scavenging every 600000ms
2021-06-23 18:53:52,004 [Listener at 127.0.0.1/35407] INFO  handler.ContextHandler (ContextHandler.java:doStart(916)) - Started o.e.j.s.ServletContextHandler@1d9a7487{logs,/logs,file:///home/runner/work/ozone/ozone/mnt/ozone/hadoop-ozone/integration-test/target/log,AVAILABLE}
2021-06-23 18:53:52,004 [Listener at 127.0.0.1/35407] INFO  handler.ContextHandler (ContextHandler.java:doStart(916)) - Started o.e.j.s.ServletContextHandler@1b759662{static,/static,jar:file:/home/runner/.m2/repository/org/apache/ozone/hdds-container-service/1.2.0-SNAPSHOT/hdds-container-service-1.2.0-SNAPSHOT.jar!/webapps/static,AVAILABLE}
2021-06-23 18:53:52,040 [Listener at 127.0.0.1/35407] INFO  handler.ContextHandler (ContextHandler.java:doStart(916)) - Started o.e.j.w.WebAppContext@3779b701{hddsDatanode,/,file:///tmp/jetty-0_0_0_0-40377-hdds-container-service-1_2_0-SNAPSHOT_jar-_-any-2801938110944825220/webapp/,AVAILABLE}{jar:file:/home/runner/.m2/repository/org/apache/ozone/hdds-container-service/1.2.0-SNAPSHOT/hdds-container-service-1.2.0-SNAPSHOT.jar!/webapps/hddsDatanode}
2021-06-23 18:53:52,041 [Listener at 127.0.0.1/35407] INFO  server.AbstractConnector (AbstractConnector.java:doStart(331)) - Started ServerConnector@7d85318a{HTTP/1.1, (http/1.1)}{0.0.0.0:40377}
2021-06-23 18:53:52,042 [Listener at 127.0.0.1/35407] INFO  server.Server (Server.java:doStart(415)) - Started @63657ms
2021-06-23 18:53:52,042 [Listener at 127.0.0.1/35407] WARN  impl.MetricsSystemImpl (MetricsSystemImpl.java:register(279)) - Sink prometheus already exists!
2021-06-23 18:53:52,043 [Listener at 127.0.0.1/35407] INFO  http.BaseHttpServer (BaseHttpServer.java:updateConnectorAddress(329)) - HTTP server of hddsDatanode listening at http://0.0.0.0:40377
2021-06-23 18:53:52,048 [Listener at 127.0.0.1/35407] INFO  impl.MetricsSystemImpl (MetricsSystemImpl.java:init(158)) - HddsDatanode metrics system started (again)
2021-06-23 18:53:52,054 [Datanode State Machine Task Thread - 0] INFO  datanode.InitDatanodeState (InitDatanodeState.java:persistContainerDatanodeDetails(145)) - DatanodeDetails is persisted to /home/runner/work/ozone/ozone/mnt/ozone/hadoop-ozone/integration-test/target/test-dir/MiniOzoneClusterImpl-2ba833d5-1ba9-439d-9c86-26ba043c4450/datanode-0/meta/datanode.id
2021-06-23 18:53:52,055 [Listener at 127.0.0.1/35407] INFO  ozone.HddsDatanodeService (HddsDatanodeService.java:start(221)) - HddsDatanodeService host:fv-az291-331.wgnan5asplgejimfprtllbpdch.jx.internal.cloudapp.net ip:10.1.0.43
2021-06-23 18:53:52,056 [org.apache.hadoop.util.JvmPauseMonitor$Monitor@26f3580e] INFO  util.JvmPauseMonitor (JvmPauseMonitor.java:run(188)) - Starting JVM pause monitor
2021-06-23 18:53:52,073 [Listener at 127.0.0.1/35407] INFO  volume.HddsVolume (HddsVolume.java:<init>(119)) - Creating HddsVolume: /home/runner/work/ozone/ozone/mnt/ozone/hadoop-ozone/integration-test/target/test-dir/MiniOzoneClusterImpl-2ba833d5-1ba9-439d-9c86-26ba043c4450/datanode-1/data-0/containers/hdds of storage type : DISK capacity : 9223372036854775807
2021-06-23 18:53:52,073 [Listener at 127.0.0.1/35407] INFO  volume.MutableVolumeSet (MutableVolumeSet.java:initializeVolumeSet(181)) - Added Volume : /home/runner/work/ozone/ozone/mnt/ozone/hadoop-ozone/integration-test/target/test-dir/MiniOzoneClusterImpl-2ba833d5-1ba9-439d-9c86-26ba043c4450/datanode-1/data-0/containers/hdds to VolumeSet
2021-06-23 18:53:52,073 [Listener at 127.0.0.1/35407] INFO  volume.ThrottledAsyncChecker (ThrottledAsyncChecker.java:schedule(141)) - Scheduling a check for /home/runner/work/ozone/ozone/mnt/ozone/hadoop-ozone/integration-test/target/test-dir/MiniOzoneClusterImpl-2ba833d5-1ba9-439d-9c86-26ba043c4450/datanode-1/data-0/containers/hdds
2021-06-23 18:53:52,074 [Listener at 127.0.0.1/35407] INFO  volume.StorageVolumeChecker (StorageVolumeChecker.java:checkAllVolumes(201)) - Scheduled health check for volume /home/runner/work/ozone/ozone/mnt/ozone/hadoop-ozone/integration-test/target/test-dir/MiniOzoneClusterImpl-2ba833d5-1ba9-439d-9c86-26ba043c4450/datanode-1/data-0/containers/hdds
2021-06-23 18:53:52,085 [Listener at 127.0.0.1/35407] INFO  volume.MutableVolumeSet (MutableVolumeSet.java:initializeVolumeSet(181)) - Added Volume : /home/runner/work/ozone/ozone/mnt/ozone/hadoop-ozone/integration-test/target/test-dir/MiniOzoneClusterImpl-2ba833d5-1ba9-439d-9c86-26ba043c4450/datanode-1/data/ratis to VolumeSet
2021-06-23 18:53:52,094 [Listener at 127.0.0.1/35407] INFO  ozoneimpl.ContainerReader (ContainerReader.java:<init>(98)) - Running in upgrade mode:true
2021-06-23 18:53:52,094 [Thread-689] INFO  ozoneimpl.ContainerReader (ContainerReader.java:readVolume(142)) - Start to verify containers on volume /home/runner/work/ozone/ozone/mnt/ozone/hadoop-ozone/integration-test/target/test-dir/MiniOzoneClusterImpl-2ba833d5-1ba9-439d-9c86-26ba043c4450/datanode-1/data-0/containers/hdds
2021-06-23 18:53:52,094 [Thread-689] INFO  ozoneimpl.ContainerReader (ContainerReader.java:readVolume(174)) - Finish verifying containers on volume /home/runner/work/ozone/ozone/mnt/ozone/hadoop-ozone/integration-test/target/test-dir/MiniOzoneClusterImpl-2ba833d5-1ba9-439d-9c86-26ba043c4450/datanode-1/data-0/containers/hdds
2021-06-23 18:53:52,094 [Listener at 127.0.0.1/35407] INFO  ozoneimpl.OzoneContainer (OzoneContainer.java:buildContainerSet(237)) - Build ContainerSet costs 0s
2021-06-23 18:53:52,096 [Listener at 127.0.0.1/35407] INFO  server.RaftServer (ConfUtils.java:logGet(44)) - raft.rpc.type = GRPC (default)
2021-06-23 18:53:52,096 [Listener at 127.0.0.1/35407] INFO  grpc.GrpcFactory (GrpcFactory.java:checkPooledByteBufAllocatorUseCacheForAllThreads(48)) - PERFORMANCE WARNING: useCacheForAllThreads is true that may cause Netty to create a lot garbage objects and, as a result, trigger GC.
	It is recommended to disable useCacheForAllThreads by setting -Dorg.apache.ratis.thirdparty.io.netty.allocator.useCacheForAllThreads=false in command line.
2021-06-23 18:53:52,096 [Listener at 127.0.0.1/35407] INFO  grpc.GrpcConfigKeys (ConfUtils.java:logGet(44)) - raft.grpc.admin.port = 0 (custom)
2021-06-23 18:53:52,097 [Listener at 127.0.0.1/35407] INFO  grpc.GrpcConfigKeys (ConfUtils.java:logGet(44)) - raft.grpc.client.port = 0 (custom)
2021-06-23 18:53:52,097 [Listener at 127.0.0.1/35407] INFO  grpc.GrpcConfigKeys (ConfUtils.java:logGet(44)) - raft.grpc.server.port = 0 (default)
2021-06-23 18:53:52,097 [Listener at 127.0.0.1/35407] INFO  server.GrpcService (ConfUtils.java:logGet(44)) - raft.grpc.message.size.max = 32MB (=33554432) (custom)
2021-06-23 18:53:52,097 [Listener at 127.0.0.1/35407] INFO  server.RaftServerConfigKeys (ConfUtils.java:logGet(44)) - raft.server.log.appender.buffer.byte-limit = 33554432 (custom)
2021-06-23 18:53:52,097 [Listener at 127.0.0.1/35407] INFO  server.GrpcService (ConfUtils.java:logGet(44)) - raft.grpc.flow.control.window = 5MB (=5242880) (custom)
2021-06-23 18:53:52,097 [Listener at 127.0.0.1/35407] INFO  server.RaftServerConfigKeys (ConfUtils.java:logGet(44)) - raft.server.rpc.request.timeout = 3000ms (default)
2021-06-23 18:53:52,098 [Listener at 127.0.0.1/35407] INFO  impl.DataStreamServerImpl (ConfUtils.java:logGet(44)) - raft.datastream.type = DISABLED (default)
2021-06-23 18:53:52,098 [Listener at 127.0.0.1/35407] INFO  server.RaftServerConfigKeys (ConfUtils.java:logGet(44)) - raft.server.rpc.slowness.timeout = 300000ms (custom)
2021-06-23 18:53:52,098 [Listener at 127.0.0.1/35407] INFO  server.RaftServerConfigKeys (ConfUtils.java:logGet(44)) - raft.server.leaderelection.leader.step-down.wait-time = 10s (default)
2021-06-23 18:53:52,099 [Listener at 127.0.0.1/35407] INFO  server.RaftServerConfigKeys (ConfUtils.java:logGet(44)) - raft.server.storage.dir = [/home/runner/work/ozone/ozone/mnt/ozone/hadoop-ozone/integration-test/target/test-dir/MiniOzoneClusterImpl-2ba833d5-1ba9-439d-9c86-26ba043c4450/datanode-1/data/ratis] (custom)
2021-06-23 18:53:52,101 [Listener at 127.0.0.1/35407] INFO  http.BaseHttpServer (BaseHttpServer.java:newHttpServer2BuilderForOzone(209)) - Starting Web-server for hddsDatanode at: http://0.0.0.0:0
2021-06-23 18:53:52,101 [Listener at 127.0.0.1/35407] INFO  http.BaseHttpServer (BaseHttpServer.java:<init>(107)) - Hadoop Security Enabled: false Ozone Security Enabled: false Ozone HTTP Security Enabled: false 
2021-06-23 18:53:52,102 [Listener at 127.0.0.1/35407] INFO  server.AuthenticationFilter (AuthenticationFilter.java:constructSecretProvider(240)) - Unable to initialize FileSignerSecretProvider, falling back to use random secrets.
2021-06-23 18:53:52,102 [Listener at 127.0.0.1/35407] WARN  http.HttpRequestLog (HttpRequestLog.java:getRequestLog(103)) - Jetty request log can only be enabled using Log4j
2021-06-23 18:53:52,103 [Listener at 127.0.0.1/35407] INFO  http.HttpServer2 (HttpServer2.java:addGlobalFilter(1020)) - Added global filter 'safety' (class=org.apache.hadoop.hdds.server.http.HttpServer2$QuotingInputFilter)
2021-06-23 18:53:52,104 [Listener at 127.0.0.1/35407] INFO  http.HttpServer2 (HttpServer2.java:addFilter(996)) - Added filter static_user_filter (class=org.apache.hadoop.http.lib.StaticUserWebFilter$StaticUserFilter) to context hddsDatanode
2021-06-23 18:53:52,104 [Listener at 127.0.0.1/35407] INFO  http.HttpServer2 (HttpServer2.java:addFilter(1004)) - Added filter static_user_filter (class=org.apache.hadoop.http.lib.StaticUserWebFilter$StaticUserFilter) to context static
2021-06-23 18:53:52,104 [Listener at 127.0.0.1/35407] INFO  http.HttpServer2 (HttpServer2.java:addFilter(1004)) - Added filter static_user_filter (class=org.apache.hadoop.http.lib.StaticUserWebFilter$StaticUserFilter) to context logs
2021-06-23 18:53:52,104 [Listener at 127.0.0.1/35407] INFO  http.HttpServer2 (HttpServer2.java:bindListener(1238)) - Jetty bound to port 33203
2021-06-23 18:53:52,104 [Listener at 127.0.0.1/35407] INFO  server.Server (Server.java:doStart(375)) - jetty-9.4.35.v20201120; built: 2020-11-20T21:17:03.964Z; git: bdc54f03a5e0a7e280fab27f55c3c75ee8da89fb; jvm 1.8.0_292-b10
2021-06-23 18:53:52,105 [Listener at 127.0.0.1/35407] INFO  server.session (DefaultSessionIdManager.java:doStart(334)) - DefaultSessionIdManager workerName=node0
2021-06-23 18:53:52,106 [Listener at 127.0.0.1/35407] INFO  server.session (DefaultSessionIdManager.java:doStart(339)) - No SessionScavenger set, using defaults
2021-06-23 18:53:52,106 [Listener at 127.0.0.1/35407] INFO  server.session (HouseKeeper.java:startScavenging(132)) - node0 Scavenging every 660000ms
2021-06-23 18:53:52,106 [Listener at 127.0.0.1/35407] INFO  handler.ContextHandler (ContextHandler.java:doStart(916)) - Started o.e.j.s.ServletContextHandler@2419f457{logs,/logs,file:///home/runner/work/ozone/ozone/mnt/ozone/hadoop-ozone/integration-test/target/log,AVAILABLE}
2021-06-23 18:53:52,107 [Listener at 127.0.0.1/35407] INFO  handler.ContextHandler (ContextHandler.java:doStart(916)) - Started o.e.j.s.ServletContextHandler@78c93cdc{static,/static,jar:file:/home/runner/.m2/repository/org/apache/ozone/hdds-container-service/1.2.0-SNAPSHOT/hdds-container-service-1.2.0-SNAPSHOT.jar!/webapps/static,AVAILABLE}
2021-06-23 18:53:52,144 [Listener at 127.0.0.1/35407] INFO  handler.ContextHandler (ContextHandler.java:doStart(916)) - Started o.e.j.w.WebAppContext@33587cb8{hddsDatanode,/,file:///tmp/jetty-0_0_0_0-33203-hdds-container-service-1_2_0-SNAPSHOT_jar-_-any-6019736747267814059/webapp/,AVAILABLE}{jar:file:/home/runner/.m2/repository/org/apache/ozone/hdds-container-service/1.2.0-SNAPSHOT/hdds-container-service-1.2.0-SNAPSHOT.jar!/webapps/hddsDatanode}
2021-06-23 18:53:52,145 [Listener at 127.0.0.1/35407] INFO  server.AbstractConnector (AbstractConnector.java:doStart(331)) - Started ServerConnector@77dbb932{HTTP/1.1, (http/1.1)}{0.0.0.0:33203}
2021-06-23 18:53:52,146 [Listener at 127.0.0.1/35407] INFO  server.Server (Server.java:doStart(415)) - Started @63761ms
2021-06-23 18:53:52,146 [Listener at 127.0.0.1/35407] WARN  impl.MetricsSystemImpl (MetricsSystemImpl.java:register(279)) - Sink prometheus already exists!
2021-06-23 18:53:52,147 [Listener at 127.0.0.1/35407] INFO  http.BaseHttpServer (BaseHttpServer.java:updateConnectorAddress(329)) - HTTP server of hddsDatanode listening at http://0.0.0.0:33203
2021-06-23 18:53:52,147 [Listener at 127.0.0.1/35407] INFO  impl.MetricsSystemImpl (MetricsSystemImpl.java:init(158)) - HddsDatanode metrics system started (again)
2021-06-23 18:53:52,149 [Listener at 127.0.0.1/35407] INFO  ozone.HddsDatanodeService (HddsDatanodeService.java:start(221)) - HddsDatanodeService host:fv-az291-331.wgnan5asplgejimfprtllbpdch.jx.internal.cloudapp.net ip:10.1.0.43
2021-06-23 18:53:52,156 [org.apache.hadoop.util.JvmPauseMonitor$Monitor@71f7839f] INFO  util.JvmPauseMonitor (JvmPauseMonitor.java:run(188)) - Starting JVM pause monitor
2021-06-23 18:53:52,159 [Datanode State Machine Task Thread - 0] INFO  datanode.InitDatanodeState (InitDatanodeState.java:persistContainerDatanodeDetails(145)) - DatanodeDetails is persisted to /home/runner/work/ozone/ozone/mnt/ozone/hadoop-ozone/integration-test/target/test-dir/MiniOzoneClusterImpl-2ba833d5-1ba9-439d-9c86-26ba043c4450/datanode-1/meta/datanode.id
2021-06-23 18:53:52,167 [Listener at 127.0.0.1/35407] INFO  volume.HddsVolume (HddsVolume.java:<init>(119)) - Creating HddsVolume: /home/runner/work/ozone/ozone/mnt/ozone/hadoop-ozone/integration-test/target/test-dir/MiniOzoneClusterImpl-2ba833d5-1ba9-439d-9c86-26ba043c4450/datanode-2/data-0/containers/hdds of storage type : DISK capacity : 9223372036854775807
2021-06-23 18:53:52,167 [Listener at 127.0.0.1/35407] INFO  volume.MutableVolumeSet (MutableVolumeSet.java:initializeVolumeSet(181)) - Added Volume : /home/runner/work/ozone/ozone/mnt/ozone/hadoop-ozone/integration-test/target/test-dir/MiniOzoneClusterImpl-2ba833d5-1ba9-439d-9c86-26ba043c4450/datanode-2/data-0/containers/hdds to VolumeSet
2021-06-23 18:53:52,167 [Listener at 127.0.0.1/35407] INFO  volume.ThrottledAsyncChecker (ThrottledAsyncChecker.java:schedule(141)) - Scheduling a check for /home/runner/work/ozone/ozone/mnt/ozone/hadoop-ozone/integration-test/target/test-dir/MiniOzoneClusterImpl-2ba833d5-1ba9-439d-9c86-26ba043c4450/datanode-2/data-0/containers/hdds
2021-06-23 18:53:52,168 [Listener at 127.0.0.1/35407] INFO  volume.StorageVolumeChecker (StorageVolumeChecker.java:checkAllVolumes(201)) - Scheduled health check for volume /home/runner/work/ozone/ozone/mnt/ozone/hadoop-ozone/integration-test/target/test-dir/MiniOzoneClusterImpl-2ba833d5-1ba9-439d-9c86-26ba043c4450/datanode-2/data-0/containers/hdds
2021-06-23 18:53:52,178 [Listener at 127.0.0.1/35407] INFO  volume.MutableVolumeSet (MutableVolumeSet.java:initializeVolumeSet(181)) - Added Volume : /home/runner/work/ozone/ozone/mnt/ozone/hadoop-ozone/integration-test/target/test-dir/MiniOzoneClusterImpl-2ba833d5-1ba9-439d-9c86-26ba043c4450/datanode-2/data/ratis to VolumeSet
2021-06-23 18:53:52,189 [Listener at 127.0.0.1/35407] INFO  ozoneimpl.ContainerReader (ContainerReader.java:<init>(98)) - Running in upgrade mode:true
2021-06-23 18:53:52,199 [Thread-700] INFO  ozoneimpl.ContainerReader (ContainerReader.java:readVolume(142)) - Start to verify containers on volume /home/runner/work/ozone/ozone/mnt/ozone/hadoop-ozone/integration-test/target/test-dir/MiniOzoneClusterImpl-2ba833d5-1ba9-439d-9c86-26ba043c4450/datanode-2/data-0/containers/hdds
2021-06-23 18:53:52,200 [Thread-700] INFO  ozoneimpl.ContainerReader (ContainerReader.java:readVolume(174)) - Finish verifying containers on volume /home/runner/work/ozone/ozone/mnt/ozone/hadoop-ozone/integration-test/target/test-dir/MiniOzoneClusterImpl-2ba833d5-1ba9-439d-9c86-26ba043c4450/datanode-2/data-0/containers/hdds
2021-06-23 18:53:52,200 [Listener at 127.0.0.1/35407] INFO  ozoneimpl.OzoneContainer (OzoneContainer.java:buildContainerSet(237)) - Build ContainerSet costs 0s
2021-06-23 18:53:52,201 [Listener at 127.0.0.1/35407] INFO  server.RaftServer (ConfUtils.java:logGet(44)) - raft.rpc.type = GRPC (default)
2021-06-23 18:53:52,202 [Listener at 127.0.0.1/35407] INFO  grpc.GrpcFactory (GrpcFactory.java:checkPooledByteBufAllocatorUseCacheForAllThreads(48)) - PERFORMANCE WARNING: useCacheForAllThreads is true that may cause Netty to create a lot garbage objects and, as a result, trigger GC.
	It is recommended to disable useCacheForAllThreads by setting -Dorg.apache.ratis.thirdparty.io.netty.allocator.useCacheForAllThreads=false in command line.
2021-06-23 18:53:52,202 [Listener at 127.0.0.1/35407] INFO  grpc.GrpcConfigKeys (ConfUtils.java:logGet(44)) - raft.grpc.admin.port = 0 (custom)
2021-06-23 18:53:52,202 [Listener at 127.0.0.1/35407] INFO  grpc.GrpcConfigKeys (ConfUtils.java:logGet(44)) - raft.grpc.client.port = 0 (custom)
2021-06-23 18:53:52,202 [Listener at 127.0.0.1/35407] INFO  grpc.GrpcConfigKeys (ConfUtils.java:logGet(44)) - raft.grpc.server.port = 0 (default)
2021-06-23 18:53:52,202 [Listener at 127.0.0.1/35407] INFO  server.GrpcService (ConfUtils.java:logGet(44)) - raft.grpc.message.size.max = 32MB (=33554432) (custom)
2021-06-23 18:53:52,202 [Listener at 127.0.0.1/35407] INFO  server.RaftServerConfigKeys (ConfUtils.java:logGet(44)) - raft.server.log.appender.buffer.byte-limit = 33554432 (custom)
2021-06-23 18:53:52,202 [Listener at 127.0.0.1/35407] INFO  server.GrpcService (ConfUtils.java:logGet(44)) - raft.grpc.flow.control.window = 5MB (=5242880) (custom)
2021-06-23 18:53:52,202 [Listener at 127.0.0.1/35407] INFO  server.RaftServerConfigKeys (ConfUtils.java:logGet(44)) - raft.server.rpc.request.timeout = 3000ms (default)
2021-06-23 18:53:52,203 [Listener at 127.0.0.1/35407] INFO  impl.DataStreamServerImpl (ConfUtils.java:logGet(44)) - raft.datastream.type = DISABLED (default)
2021-06-23 18:53:52,204 [Listener at 127.0.0.1/35407] INFO  server.RaftServerConfigKeys (ConfUtils.java:logGet(44)) - raft.server.rpc.slowness.timeout = 300000ms (custom)
2021-06-23 18:53:52,204 [Listener at 127.0.0.1/35407] INFO  server.RaftServerConfigKeys (ConfUtils.java:logGet(44)) - raft.server.leaderelection.leader.step-down.wait-time = 10s (default)
2021-06-23 18:53:52,204 [Listener at 127.0.0.1/35407] INFO  server.RaftServerConfigKeys (ConfUtils.java:logGet(44)) - raft.server.storage.dir = [/home/runner/work/ozone/ozone/mnt/ozone/hadoop-ozone/integration-test/target/test-dir/MiniOzoneClusterImpl-2ba833d5-1ba9-439d-9c86-26ba043c4450/datanode-2/data/ratis] (custom)
2021-06-23 18:53:52,206 [Listener at 127.0.0.1/35407] INFO  http.BaseHttpServer (BaseHttpServer.java:newHttpServer2BuilderForOzone(209)) - Starting Web-server for hddsDatanode at: http://0.0.0.0:0
2021-06-23 18:53:52,207 [Listener at 127.0.0.1/35407] INFO  http.BaseHttpServer (BaseHttpServer.java:<init>(107)) - Hadoop Security Enabled: false Ozone Security Enabled: false Ozone HTTP Security Enabled: false 
2021-06-23 18:53:52,208 [Listener at 127.0.0.1/35407] INFO  server.AuthenticationFilter (AuthenticationFilter.java:constructSecretProvider(240)) - Unable to initialize FileSignerSecretProvider, falling back to use random secrets.
2021-06-23 18:53:52,208 [Listener at 127.0.0.1/35407] WARN  http.HttpRequestLog (HttpRequestLog.java:getRequestLog(103)) - Jetty request log can only be enabled using Log4j
2021-06-23 18:53:52,209 [Listener at 127.0.0.1/35407] INFO  http.HttpServer2 (HttpServer2.java:addGlobalFilter(1020)) - Added global filter 'safety' (class=org.apache.hadoop.hdds.server.http.HttpServer2$QuotingInputFilter)
2021-06-23 18:53:52,209 [Listener at 127.0.0.1/35407] INFO  http.HttpServer2 (HttpServer2.java:addFilter(996)) - Added filter static_user_filter (class=org.apache.hadoop.http.lib.StaticUserWebFilter$StaticUserFilter) to context hddsDatanode
2021-06-23 18:53:52,209 [Listener at 127.0.0.1/35407] INFO  http.HttpServer2 (HttpServer2.java:addFilter(1004)) - Added filter static_user_filter (class=org.apache.hadoop.http.lib.StaticUserWebFilter$StaticUserFilter) to context logs
2021-06-23 18:53:52,209 [Listener at 127.0.0.1/35407] INFO  http.HttpServer2 (HttpServer2.java:addFilter(1004)) - Added filter static_user_filter (class=org.apache.hadoop.http.lib.StaticUserWebFilter$StaticUserFilter) to context static
2021-06-23 18:53:52,210 [Listener at 127.0.0.1/35407] INFO  http.HttpServer2 (HttpServer2.java:bindListener(1238)) - Jetty bound to port 45587
2021-06-23 18:53:52,210 [Listener at 127.0.0.1/35407] INFO  server.Server (Server.java:doStart(375)) - jetty-9.4.35.v20201120; built: 2020-11-20T21:17:03.964Z; git: bdc54f03a5e0a7e280fab27f55c3c75ee8da89fb; jvm 1.8.0_292-b10
2021-06-23 18:53:52,216 [Listener at 127.0.0.1/35407] INFO  server.session (DefaultSessionIdManager.java:doStart(334)) - DefaultSessionIdManager workerName=node0
2021-06-23 18:53:52,216 [Listener at 127.0.0.1/35407] INFO  server.session (DefaultSessionIdManager.java:doStart(339)) - No SessionScavenger set, using defaults
2021-06-23 18:53:52,216 [Listener at 127.0.0.1/35407] INFO  server.session (HouseKeeper.java:startScavenging(132)) - node0 Scavenging every 660000ms
2021-06-23 18:53:52,217 [Listener at 127.0.0.1/35407] INFO  handler.ContextHandler (ContextHandler.java:doStart(916)) - Started o.e.j.s.ServletContextHandler@1839f0c4{logs,/logs,file:///home/runner/work/ozone/ozone/mnt/ozone/hadoop-ozone/integration-test/target/log,AVAILABLE}
2021-06-23 18:53:52,218 [Listener at 127.0.0.1/35407] INFO  handler.ContextHandler (ContextHandler.java:doStart(916)) - Started o.e.j.s.ServletContextHandler@31aacbd7{static,/static,jar:file:/home/runner/.m2/repository/org/apache/ozone/hdds-container-service/1.2.0-SNAPSHOT/hdds-container-service-1.2.0-SNAPSHOT.jar!/webapps/static,AVAILABLE}
2021-06-23 18:53:52,258 [Listener at 127.0.0.1/35407] INFO  handler.ContextHandler (ContextHandler.java:doStart(916)) - Started o.e.j.w.WebAppContext@7864ec9e{hddsDatanode,/,file:///tmp/jetty-0_0_0_0-45587-hdds-container-service-1_2_0-SNAPSHOT_jar-_-any-5352155048006103135/webapp/,AVAILABLE}{jar:file:/home/runner/.m2/repository/org/apache/ozone/hdds-container-service/1.2.0-SNAPSHOT/hdds-container-service-1.2.0-SNAPSHOT.jar!/webapps/hddsDatanode}
2021-06-23 18:53:52,259 [Listener at 127.0.0.1/35407] INFO  server.AbstractConnector (AbstractConnector.java:doStart(331)) - Started ServerConnector@371ce753{HTTP/1.1, (http/1.1)}{0.0.0.0:45587}
2021-06-23 18:53:52,260 [Listener at 127.0.0.1/35407] INFO  server.Server (Server.java:doStart(415)) - Started @63875ms
2021-06-23 18:53:52,260 [Listener at 127.0.0.1/35407] WARN  impl.MetricsSystemImpl (MetricsSystemImpl.java:register(279)) - Sink prometheus already exists!
2021-06-23 18:53:52,260 [Listener at 127.0.0.1/35407] INFO  http.BaseHttpServer (BaseHttpServer.java:updateConnectorAddress(329)) - HTTP server of hddsDatanode listening at http://0.0.0.0:45587
2021-06-23 18:53:52,261 [Listener at 127.0.0.1/35407] INFO  impl.MetricsSystemImpl (MetricsSystemImpl.java:init(158)) - HddsDatanode metrics system started (again)
2021-06-23 18:53:52,263 [Listener at 127.0.0.1/35407] INFO  ozone.HddsDatanodeService (HddsDatanodeService.java:start(221)) - HddsDatanodeService host:fv-az291-331.wgnan5asplgejimfprtllbpdch.jx.internal.cloudapp.net ip:10.1.0.43
2021-06-23 18:53:52,266 [org.apache.hadoop.util.JvmPauseMonitor$Monitor@67f6a3ee] INFO  util.JvmPauseMonitor (JvmPauseMonitor.java:run(188)) - Starting JVM pause monitor
2021-06-23 18:53:52,267 [Datanode State Machine Task Thread - 0] INFO  datanode.InitDatanodeState (InitDatanodeState.java:persistContainerDatanodeDetails(145)) - DatanodeDetails is persisted to /home/runner/work/ozone/ozone/mnt/ozone/hadoop-ozone/integration-test/target/test-dir/MiniOzoneClusterImpl-2ba833d5-1ba9-439d-9c86-26ba043c4450/datanode-2/meta/datanode.id
2021-06-23 18:53:52,282 [Listener at 127.0.0.1/35407] INFO  volume.HddsVolume (HddsVolume.java:<init>(119)) - Creating HddsVolume: /home/runner/work/ozone/ozone/mnt/ozone/hadoop-ozone/integration-test/target/test-dir/MiniOzoneClusterImpl-2ba833d5-1ba9-439d-9c86-26ba043c4450/datanode-3/data-0/containers/hdds of storage type : DISK capacity : 9223372036854775807
2021-06-23 18:53:52,282 [Listener at 127.0.0.1/35407] INFO  volume.MutableVolumeSet (MutableVolumeSet.java:initializeVolumeSet(181)) - Added Volume : /home/runner/work/ozone/ozone/mnt/ozone/hadoop-ozone/integration-test/target/test-dir/MiniOzoneClusterImpl-2ba833d5-1ba9-439d-9c86-26ba043c4450/datanode-3/data-0/containers/hdds to VolumeSet
2021-06-23 18:53:52,283 [Listener at 127.0.0.1/35407] INFO  volume.ThrottledAsyncChecker (ThrottledAsyncChecker.java:schedule(141)) - Scheduling a check for /home/runner/work/ozone/ozone/mnt/ozone/hadoop-ozone/integration-test/target/test-dir/MiniOzoneClusterImpl-2ba833d5-1ba9-439d-9c86-26ba043c4450/datanode-3/data-0/containers/hdds
2021-06-23 18:53:52,283 [Listener at 127.0.0.1/35407] INFO  volume.StorageVolumeChecker (StorageVolumeChecker.java:checkAllVolumes(201)) - Scheduled health check for volume /home/runner/work/ozone/ozone/mnt/ozone/hadoop-ozone/integration-test/target/test-dir/MiniOzoneClusterImpl-2ba833d5-1ba9-439d-9c86-26ba043c4450/datanode-3/data-0/containers/hdds
2021-06-23 18:53:52,294 [Listener at 127.0.0.1/35407] INFO  volume.MutableVolumeSet (MutableVolumeSet.java:initializeVolumeSet(181)) - Added Volume : /home/runner/work/ozone/ozone/mnt/ozone/hadoop-ozone/integration-test/target/test-dir/MiniOzoneClusterImpl-2ba833d5-1ba9-439d-9c86-26ba043c4450/datanode-3/data/ratis to VolumeSet
2021-06-23 18:53:52,305 [Listener at 127.0.0.1/35407] INFO  ozoneimpl.ContainerReader (ContainerReader.java:<init>(98)) - Running in upgrade mode:true
2021-06-23 18:53:52,305 [Thread-711] INFO  ozoneimpl.ContainerReader (ContainerReader.java:readVolume(142)) - Start to verify containers on volume /home/runner/work/ozone/ozone/mnt/ozone/hadoop-ozone/integration-test/target/test-dir/MiniOzoneClusterImpl-2ba833d5-1ba9-439d-9c86-26ba043c4450/datanode-3/data-0/containers/hdds
2021-06-23 18:53:52,305 [Thread-711] INFO  ozoneimpl.ContainerReader (ContainerReader.java:readVolume(174)) - Finish verifying containers on volume /home/runner/work/ozone/ozone/mnt/ozone/hadoop-ozone/integration-test/target/test-dir/MiniOzoneClusterImpl-2ba833d5-1ba9-439d-9c86-26ba043c4450/datanode-3/data-0/containers/hdds
2021-06-23 18:53:52,305 [Listener at 127.0.0.1/35407] INFO  ozoneimpl.OzoneContainer (OzoneContainer.java:buildContainerSet(237)) - Build ContainerSet costs 0s
2021-06-23 18:53:52,309 [Listener at 127.0.0.1/35407] INFO  server.RaftServer (ConfUtils.java:logGet(44)) - raft.rpc.type = GRPC (default)
2021-06-23 18:53:52,309 [Listener at 127.0.0.1/35407] INFO  grpc.GrpcFactory (GrpcFactory.java:checkPooledByteBufAllocatorUseCacheForAllThreads(48)) - PERFORMANCE WARNING: useCacheForAllThreads is true that may cause Netty to create a lot garbage objects and, as a result, trigger GC.
	It is recommended to disable useCacheForAllThreads by setting -Dorg.apache.ratis.thirdparty.io.netty.allocator.useCacheForAllThreads=false in command line.
2021-06-23 18:53:52,310 [Listener at 127.0.0.1/35407] INFO  grpc.GrpcConfigKeys (ConfUtils.java:logGet(44)) - raft.grpc.admin.port = 0 (custom)
2021-06-23 18:53:52,310 [Listener at 127.0.0.1/35407] INFO  grpc.GrpcConfigKeys (ConfUtils.java:logGet(44)) - raft.grpc.client.port = 0 (custom)
2021-06-23 18:53:52,310 [Listener at 127.0.0.1/35407] INFO  grpc.GrpcConfigKeys (ConfUtils.java:logGet(44)) - raft.grpc.server.port = 0 (default)
2021-06-23 18:53:52,310 [Listener at 127.0.0.1/35407] INFO  server.GrpcService (ConfUtils.java:logGet(44)) - raft.grpc.message.size.max = 32MB (=33554432) (custom)
2021-06-23 18:53:52,310 [Listener at 127.0.0.1/35407] INFO  server.RaftServerConfigKeys (ConfUtils.java:logGet(44)) - raft.server.log.appender.buffer.byte-limit = 33554432 (custom)
2021-06-23 18:53:52,310 [Listener at 127.0.0.1/35407] INFO  server.GrpcService (ConfUtils.java:logGet(44)) - raft.grpc.flow.control.window = 5MB (=5242880) (custom)
2021-06-23 18:53:52,311 [Listener at 127.0.0.1/35407] INFO  server.RaftServerConfigKeys (ConfUtils.java:logGet(44)) - raft.server.rpc.request.timeout = 3000ms (default)
2021-06-23 18:53:52,312 [Listener at 127.0.0.1/35407] INFO  impl.DataStreamServerImpl (ConfUtils.java:logGet(44)) - raft.datastream.type = DISABLED (default)
2021-06-23 18:53:52,312 [Listener at 127.0.0.1/35407] INFO  server.RaftServerConfigKeys (ConfUtils.java:logGet(44)) - raft.server.rpc.slowness.timeout = 300000ms (custom)
2021-06-23 18:53:52,312 [Listener at 127.0.0.1/35407] INFO  server.RaftServerConfigKeys (ConfUtils.java:logGet(44)) - raft.server.leaderelection.leader.step-down.wait-time = 10s (default)
2021-06-23 18:53:52,312 [Listener at 127.0.0.1/35407] INFO  server.RaftServerConfigKeys (ConfUtils.java:logGet(44)) - raft.server.storage.dir = [/home/runner/work/ozone/ozone/mnt/ozone/hadoop-ozone/integration-test/target/test-dir/MiniOzoneClusterImpl-2ba833d5-1ba9-439d-9c86-26ba043c4450/datanode-3/data/ratis] (custom)
2021-06-23 18:53:52,315 [Listener at 127.0.0.1/35407] INFO  http.BaseHttpServer (BaseHttpServer.java:newHttpServer2BuilderForOzone(209)) - Starting Web-server for hddsDatanode at: http://0.0.0.0:0
2021-06-23 18:53:52,315 [Listener at 127.0.0.1/35407] INFO  http.BaseHttpServer (BaseHttpServer.java:<init>(107)) - Hadoop Security Enabled: false Ozone Security Enabled: false Ozone HTTP Security Enabled: false 
2021-06-23 18:53:52,316 [Listener at 127.0.0.1/35407] INFO  server.AuthenticationFilter (AuthenticationFilter.java:constructSecretProvider(240)) - Unable to initialize FileSignerSecretProvider, falling back to use random secrets.
2021-06-23 18:53:52,319 [Listener at 127.0.0.1/35407] WARN  http.HttpRequestLog (HttpRequestLog.java:getRequestLog(103)) - Jetty request log can only be enabled using Log4j
2021-06-23 18:53:52,320 [Listener at 127.0.0.1/35407] INFO  http.HttpServer2 (HttpServer2.java:addGlobalFilter(1020)) - Added global filter 'safety' (class=org.apache.hadoop.hdds.server.http.HttpServer2$QuotingInputFilter)
2021-06-23 18:53:52,320 [Listener at 127.0.0.1/35407] INFO  http.HttpServer2 (HttpServer2.java:addFilter(996)) - Added filter static_user_filter (class=org.apache.hadoop.http.lib.StaticUserWebFilter$StaticUserFilter) to context hddsDatanode
2021-06-23 18:53:52,321 [Listener at 127.0.0.1/35407] INFO  http.HttpServer2 (HttpServer2.java:addFilter(1004)) - Added filter static_user_filter (class=org.apache.hadoop.http.lib.StaticUserWebFilter$StaticUserFilter) to context static
2021-06-23 18:53:52,321 [Listener at 127.0.0.1/35407] INFO  http.HttpServer2 (HttpServer2.java:addFilter(1004)) - Added filter static_user_filter (class=org.apache.hadoop.http.lib.StaticUserWebFilter$StaticUserFilter) to context logs
2021-06-23 18:53:52,321 [Listener at 127.0.0.1/35407] INFO  http.HttpServer2 (HttpServer2.java:bindListener(1238)) - Jetty bound to port 37119
2021-06-23 18:53:52,322 [Listener at 127.0.0.1/35407] INFO  server.Server (Server.java:doStart(375)) - jetty-9.4.35.v20201120; built: 2020-11-20T21:17:03.964Z; git: bdc54f03a5e0a7e280fab27f55c3c75ee8da89fb; jvm 1.8.0_292-b10
2021-06-23 18:53:52,324 [Listener at 127.0.0.1/35407] INFO  server.session (DefaultSessionIdManager.java:doStart(334)) - DefaultSessionIdManager workerName=node0
2021-06-23 18:53:52,324 [Listener at 127.0.0.1/35407] INFO  server.session (DefaultSessionIdManager.java:doStart(339)) - No SessionScavenger set, using defaults
2021-06-23 18:53:52,324 [Listener at 127.0.0.1/35407] INFO  server.session (HouseKeeper.java:startScavenging(132)) - node0 Scavenging every 660000ms
2021-06-23 18:53:52,325 [Listener at 127.0.0.1/35407] INFO  handler.ContextHandler (ContextHandler.java:doStart(916)) - Started o.e.j.s.ServletContextHandler@4ddb5db0{logs,/logs,file:///home/runner/work/ozone/ozone/mnt/ozone/hadoop-ozone/integration-test/target/log,AVAILABLE}
2021-06-23 18:53:52,325 [Listener at 127.0.0.1/35407] INFO  handler.ContextHandler (ContextHandler.java:doStart(916)) - Started o.e.j.s.ServletContextHandler@402e4e9b{static,/static,jar:file:/home/runner/.m2/repository/org/apache/ozone/hdds-container-service/1.2.0-SNAPSHOT/hdds-container-service-1.2.0-SNAPSHOT.jar!/webapps/static,AVAILABLE}
2021-06-23 18:53:52,368 [Listener at 127.0.0.1/35407] INFO  handler.ContextHandler (ContextHandler.java:doStart(916)) - Started o.e.j.w.WebAppContext@2c1ee7be{hddsDatanode,/,file:///tmp/jetty-0_0_0_0-37119-hdds-container-service-1_2_0-SNAPSHOT_jar-_-any-6403039920116733671/webapp/,AVAILABLE}{jar:file:/home/runner/.m2/repository/org/apache/ozone/hdds-container-service/1.2.0-SNAPSHOT/hdds-container-service-1.2.0-SNAPSHOT.jar!/webapps/hddsDatanode}
2021-06-23 18:53:52,369 [Listener at 127.0.0.1/35407] INFO  server.AbstractConnector (AbstractConnector.java:doStart(331)) - Started ServerConnector@69d92f73{HTTP/1.1, (http/1.1)}{0.0.0.0:37119}
2021-06-23 18:53:52,369 [Listener at 127.0.0.1/35407] INFO  server.Server (Server.java:doStart(415)) - Started @63984ms
2021-06-23 18:53:52,369 [Listener at 127.0.0.1/35407] WARN  impl.MetricsSystemImpl (MetricsSystemImpl.java:register(279)) - Sink prometheus already exists!
2021-06-23 18:53:52,370 [Listener at 127.0.0.1/35407] INFO  http.BaseHttpServer (BaseHttpServer.java:updateConnectorAddress(329)) - HTTP server of hddsDatanode listening at http://0.0.0.0:37119
2021-06-23 18:53:52,372 [Listener at 127.0.0.1/35407] INFO  impl.MetricsSystemImpl (MetricsSystemImpl.java:init(158)) - HddsDatanode metrics system started (again)
2021-06-23 18:53:52,378 [Listener at 127.0.0.1/35407] INFO  ozone.HddsDatanodeService (HddsDatanodeService.java:start(221)) - HddsDatanodeService host:fv-az291-331.wgnan5asplgejimfprtllbpdch.jx.internal.cloudapp.net ip:10.1.0.43
2021-06-23 18:53:52,384 [org.apache.hadoop.util.JvmPauseMonitor$Monitor@4f8d18fe] INFO  util.JvmPauseMonitor (JvmPauseMonitor.java:run(188)) - Starting JVM pause monitor
2021-06-23 18:53:52,385 [Datanode State Machine Task Thread - 0] INFO  datanode.InitDatanodeState (InitDatanodeState.java:persistContainerDatanodeDetails(145)) - DatanodeDetails is persisted to /home/runner/work/ozone/ozone/mnt/ozone/hadoop-ozone/integration-test/target/test-dir/MiniOzoneClusterImpl-2ba833d5-1ba9-439d-9c86-26ba043c4450/datanode-3/meta/datanode.id
2021-06-23 18:53:52,397 [Listener at 127.0.0.1/35407] INFO  volume.HddsVolume (HddsVolume.java:<init>(119)) - Creating HddsVolume: /home/runner/work/ozone/ozone/mnt/ozone/hadoop-ozone/integration-test/target/test-dir/MiniOzoneClusterImpl-2ba833d5-1ba9-439d-9c86-26ba043c4450/datanode-4/data-0/containers/hdds of storage type : DISK capacity : 9223372036854775807
2021-06-23 18:53:52,398 [Listener at 127.0.0.1/35407] INFO  volume.MutableVolumeSet (MutableVolumeSet.java:initializeVolumeSet(181)) - Added Volume : /home/runner/work/ozone/ozone/mnt/ozone/hadoop-ozone/integration-test/target/test-dir/MiniOzoneClusterImpl-2ba833d5-1ba9-439d-9c86-26ba043c4450/datanode-4/data-0/containers/hdds to VolumeSet
2021-06-23 18:53:52,398 [Listener at 127.0.0.1/35407] INFO  volume.ThrottledAsyncChecker (ThrottledAsyncChecker.java:schedule(141)) - Scheduling a check for /home/runner/work/ozone/ozone/mnt/ozone/hadoop-ozone/integration-test/target/test-dir/MiniOzoneClusterImpl-2ba833d5-1ba9-439d-9c86-26ba043c4450/datanode-4/data-0/containers/hdds
2021-06-23 18:53:52,398 [Listener at 127.0.0.1/35407] INFO  volume.StorageVolumeChecker (StorageVolumeChecker.java:checkAllVolumes(201)) - Scheduled health check for volume /home/runner/work/ozone/ozone/mnt/ozone/hadoop-ozone/integration-test/target/test-dir/MiniOzoneClusterImpl-2ba833d5-1ba9-439d-9c86-26ba043c4450/datanode-4/data-0/containers/hdds
2021-06-23 18:53:52,412 [Listener at 127.0.0.1/35407] INFO  volume.MutableVolumeSet (MutableVolumeSet.java:initializeVolumeSet(181)) - Added Volume : /home/runner/work/ozone/ozone/mnt/ozone/hadoop-ozone/integration-test/target/test-dir/MiniOzoneClusterImpl-2ba833d5-1ba9-439d-9c86-26ba043c4450/datanode-4/data/ratis to VolumeSet
2021-06-23 18:53:52,422 [Listener at 127.0.0.1/35407] INFO  ozoneimpl.ContainerReader (ContainerReader.java:<init>(98)) - Running in upgrade mode:true
2021-06-23 18:53:52,423 [Thread-722] INFO  ozoneimpl.ContainerReader (ContainerReader.java:readVolume(142)) - Start to verify containers on volume /home/runner/work/ozone/ozone/mnt/ozone/hadoop-ozone/integration-test/target/test-dir/MiniOzoneClusterImpl-2ba833d5-1ba9-439d-9c86-26ba043c4450/datanode-4/data-0/containers/hdds
2021-06-23 18:53:52,423 [Thread-722] INFO  ozoneimpl.ContainerReader (ContainerReader.java:readVolume(174)) - Finish verifying containers on volume /home/runner/work/ozone/ozone/mnt/ozone/hadoop-ozone/integration-test/target/test-dir/MiniOzoneClusterImpl-2ba833d5-1ba9-439d-9c86-26ba043c4450/datanode-4/data-0/containers/hdds
2021-06-23 18:53:52,423 [Listener at 127.0.0.1/35407] INFO  ozoneimpl.OzoneContainer (OzoneContainer.java:buildContainerSet(237)) - Build ContainerSet costs 0s
2021-06-23 18:53:52,425 [Listener at 127.0.0.1/35407] INFO  server.RaftServer (ConfUtils.java:logGet(44)) - raft.rpc.type = GRPC (default)
2021-06-23 18:53:52,425 [Listener at 127.0.0.1/35407] INFO  grpc.GrpcFactory (GrpcFactory.java:checkPooledByteBufAllocatorUseCacheForAllThreads(48)) - PERFORMANCE WARNING: useCacheForAllThreads is true that may cause Netty to create a lot garbage objects and, as a result, trigger GC.
	It is recommended to disable useCacheForAllThreads by setting -Dorg.apache.ratis.thirdparty.io.netty.allocator.useCacheForAllThreads=false in command line.
2021-06-23 18:53:52,426 [Listener at 127.0.0.1/35407] INFO  grpc.GrpcConfigKeys (ConfUtils.java:logGet(44)) - raft.grpc.admin.port = 0 (custom)
2021-06-23 18:53:52,426 [Listener at 127.0.0.1/35407] INFO  grpc.GrpcConfigKeys (ConfUtils.java:logGet(44)) - raft.grpc.client.port = 0 (custom)
2021-06-23 18:53:52,426 [Listener at 127.0.0.1/35407] INFO  grpc.GrpcConfigKeys (ConfUtils.java:logGet(44)) - raft.grpc.server.port = 0 (default)
2021-06-23 18:53:52,427 [Listener at 127.0.0.1/35407] INFO  server.GrpcService (ConfUtils.java:logGet(44)) - raft.grpc.message.size.max = 32MB (=33554432) (custom)
2021-06-23 18:53:52,427 [Listener at 127.0.0.1/35407] INFO  server.RaftServerConfigKeys (ConfUtils.java:logGet(44)) - raft.server.log.appender.buffer.byte-limit = 33554432 (custom)
2021-06-23 18:53:52,427 [Listener at 127.0.0.1/35407] INFO  server.GrpcService (ConfUtils.java:logGet(44)) - raft.grpc.flow.control.window = 5MB (=5242880) (custom)
2021-06-23 18:53:52,427 [Listener at 127.0.0.1/35407] INFO  server.RaftServerConfigKeys (ConfUtils.java:logGet(44)) - raft.server.rpc.request.timeout = 3000ms (default)
2021-06-23 18:53:52,429 [Listener at 127.0.0.1/35407] INFO  impl.DataStreamServerImpl (ConfUtils.java:logGet(44)) - raft.datastream.type = DISABLED (default)
2021-06-23 18:53:52,429 [Listener at 127.0.0.1/35407] INFO  server.RaftServerConfigKeys (ConfUtils.java:logGet(44)) - raft.server.rpc.slowness.timeout = 300000ms (custom)
2021-06-23 18:53:52,429 [Listener at 127.0.0.1/35407] INFO  server.RaftServerConfigKeys (ConfUtils.java:logGet(44)) - raft.server.leaderelection.leader.step-down.wait-time = 10s (default)
2021-06-23 18:53:52,430 [Listener at 127.0.0.1/35407] INFO  server.RaftServerConfigKeys (ConfUtils.java:logGet(44)) - raft.server.storage.dir = [/home/runner/work/ozone/ozone/mnt/ozone/hadoop-ozone/integration-test/target/test-dir/MiniOzoneClusterImpl-2ba833d5-1ba9-439d-9c86-26ba043c4450/datanode-4/data/ratis] (custom)
2021-06-23 18:53:52,432 [Listener at 127.0.0.1/35407] INFO  http.BaseHttpServer (BaseHttpServer.java:newHttpServer2BuilderForOzone(209)) - Starting Web-server for hddsDatanode at: http://0.0.0.0:0
2021-06-23 18:53:52,432 [Listener at 127.0.0.1/35407] INFO  http.BaseHttpServer (BaseHttpServer.java:<init>(107)) - Hadoop Security Enabled: false Ozone Security Enabled: false Ozone HTTP Security Enabled: false 
2021-06-23 18:53:52,433 [Listener at 127.0.0.1/35407] INFO  server.AuthenticationFilter (AuthenticationFilter.java:constructSecretProvider(240)) - Unable to initialize FileSignerSecretProvider, falling back to use random secrets.
2021-06-23 18:53:52,434 [Listener at 127.0.0.1/35407] WARN  http.HttpRequestLog (HttpRequestLog.java:getRequestLog(103)) - Jetty request log can only be enabled using Log4j
2021-06-23 18:53:52,435 [Listener at 127.0.0.1/35407] INFO  http.HttpServer2 (HttpServer2.java:addGlobalFilter(1020)) - Added global filter 'safety' (class=org.apache.hadoop.hdds.server.http.HttpServer2$QuotingInputFilter)
2021-06-23 18:53:52,437 [Listener at 127.0.0.1/35407] INFO  http.HttpServer2 (HttpServer2.java:addFilter(996)) - Added filter static_user_filter (class=org.apache.hadoop.http.lib.StaticUserWebFilter$StaticUserFilter) to context hddsDatanode
2021-06-23 18:53:52,437 [Listener at 127.0.0.1/35407] INFO  http.HttpServer2 (HttpServer2.java:addFilter(1004)) - Added filter static_user_filter (class=org.apache.hadoop.http.lib.StaticUserWebFilter$StaticUserFilter) to context logs
2021-06-23 18:53:52,437 [Listener at 127.0.0.1/35407] INFO  http.HttpServer2 (HttpServer2.java:addFilter(1004)) - Added filter static_user_filter (class=org.apache.hadoop.http.lib.StaticUserWebFilter$StaticUserFilter) to context static
2021-06-23 18:53:52,438 [Listener at 127.0.0.1/35407] INFO  http.HttpServer2 (HttpServer2.java:bindListener(1238)) - Jetty bound to port 38593
2021-06-23 18:53:52,438 [Listener at 127.0.0.1/35407] INFO  server.Server (Server.java:doStart(375)) - jetty-9.4.35.v20201120; built: 2020-11-20T21:17:03.964Z; git: bdc54f03a5e0a7e280fab27f55c3c75ee8da89fb; jvm 1.8.0_292-b10
2021-06-23 18:53:52,444 [Listener at 127.0.0.1/35407] INFO  server.session (DefaultSessionIdManager.java:doStart(334)) - DefaultSessionIdManager workerName=node0
2021-06-23 18:53:52,444 [Listener at 127.0.0.1/35407] INFO  server.session (DefaultSessionIdManager.java:doStart(339)) - No SessionScavenger set, using defaults
2021-06-23 18:53:52,444 [Listener at 127.0.0.1/35407] INFO  server.session (HouseKeeper.java:startScavenging(132)) - node0 Scavenging every 660000ms
2021-06-23 18:53:52,445 [Listener at 127.0.0.1/35407] INFO  handler.ContextHandler (ContextHandler.java:doStart(916)) - Started o.e.j.s.ServletContextHandler@413d8c78{logs,/logs,file:///home/runner/work/ozone/ozone/mnt/ozone/hadoop-ozone/integration-test/target/log,AVAILABLE}
2021-06-23 18:53:52,445 [Listener at 127.0.0.1/35407] INFO  handler.ContextHandler (ContextHandler.java:doStart(916)) - Started o.e.j.s.ServletContextHandler@5175d07d{static,/static,jar:file:/home/runner/.m2/repository/org/apache/ozone/hdds-container-service/1.2.0-SNAPSHOT/hdds-container-service-1.2.0-SNAPSHOT.jar!/webapps/static,AVAILABLE}
2021-06-23 18:53:52,490 [Listener at 127.0.0.1/35407] INFO  handler.ContextHandler (ContextHandler.java:doStart(916)) - Started o.e.j.w.WebAppContext@1ad30f6e{hddsDatanode,/,file:///tmp/jetty-0_0_0_0-38593-hdds-container-service-1_2_0-SNAPSHOT_jar-_-any-3060498457148623943/webapp/,AVAILABLE}{jar:file:/home/runner/.m2/repository/org/apache/ozone/hdds-container-service/1.2.0-SNAPSHOT/hdds-container-service-1.2.0-SNAPSHOT.jar!/webapps/hddsDatanode}
2021-06-23 18:53:52,492 [Listener at 127.0.0.1/35407] INFO  server.AbstractConnector (AbstractConnector.java:doStart(331)) - Started ServerConnector@3aabf6ae{HTTP/1.1, (http/1.1)}{0.0.0.0:38593}
2021-06-23 18:53:52,492 [Listener at 127.0.0.1/35407] INFO  server.Server (Server.java:doStart(415)) - Started @64107ms
2021-06-23 18:53:52,492 [Listener at 127.0.0.1/35407] WARN  impl.MetricsSystemImpl (MetricsSystemImpl.java:register(279)) - Sink prometheus already exists!
2021-06-23 18:53:52,493 [Listener at 127.0.0.1/35407] INFO  http.BaseHttpServer (BaseHttpServer.java:updateConnectorAddress(329)) - HTTP server of hddsDatanode listening at http://0.0.0.0:38593
2021-06-23 18:53:52,493 [Listener at 127.0.0.1/35407] INFO  impl.MetricsSystemImpl (MetricsSystemImpl.java:init(158)) - HddsDatanode metrics system started (again)
2021-06-23 18:53:52,496 [Listener at 127.0.0.1/35407] INFO  ozone.HddsDatanodeService (HddsDatanodeService.java:start(221)) - HddsDatanodeService host:fv-az291-331.wgnan5asplgejimfprtllbpdch.jx.internal.cloudapp.net ip:10.1.0.43
2021-06-23 18:53:52,504 [org.apache.hadoop.util.JvmPauseMonitor$Monitor@7fb7103a] INFO  util.JvmPauseMonitor (JvmPauseMonitor.java:run(188)) - Starting JVM pause monitor
2021-06-23 18:53:52,509 [Datanode State Machine Task Thread - 0] INFO  datanode.InitDatanodeState (InitDatanodeState.java:persistContainerDatanodeDetails(145)) - DatanodeDetails is persisted to /home/runner/work/ozone/ozone/mnt/ozone/hadoop-ozone/integration-test/target/test-dir/MiniOzoneClusterImpl-2ba833d5-1ba9-439d-9c86-26ba043c4450/datanode-4/meta/datanode.id
2021-06-23 18:53:52,516 [Listener at 127.0.0.1/35407] INFO  volume.HddsVolume (HddsVolume.java:<init>(119)) - Creating HddsVolume: /home/runner/work/ozone/ozone/mnt/ozone/hadoop-ozone/integration-test/target/test-dir/MiniOzoneClusterImpl-2ba833d5-1ba9-439d-9c86-26ba043c4450/datanode-5/data-0/containers/hdds of storage type : DISK capacity : 9223372036854775807
2021-06-23 18:53:52,516 [Listener at 127.0.0.1/35407] INFO  volume.MutableVolumeSet (MutableVolumeSet.java:initializeVolumeSet(181)) - Added Volume : /home/runner/work/ozone/ozone/mnt/ozone/hadoop-ozone/integration-test/target/test-dir/MiniOzoneClusterImpl-2ba833d5-1ba9-439d-9c86-26ba043c4450/datanode-5/data-0/containers/hdds to VolumeSet
2021-06-23 18:53:52,516 [Listener at 127.0.0.1/35407] INFO  volume.ThrottledAsyncChecker (ThrottledAsyncChecker.java:schedule(141)) - Scheduling a check for /home/runner/work/ozone/ozone/mnt/ozone/hadoop-ozone/integration-test/target/test-dir/MiniOzoneClusterImpl-2ba833d5-1ba9-439d-9c86-26ba043c4450/datanode-5/data-0/containers/hdds
2021-06-23 18:53:52,517 [Listener at 127.0.0.1/35407] INFO  volume.StorageVolumeChecker (StorageVolumeChecker.java:checkAllVolumes(201)) - Scheduled health check for volume /home/runner/work/ozone/ozone/mnt/ozone/hadoop-ozone/integration-test/target/test-dir/MiniOzoneClusterImpl-2ba833d5-1ba9-439d-9c86-26ba043c4450/datanode-5/data-0/containers/hdds
2021-06-23 18:53:52,530 [Listener at 127.0.0.1/35407] INFO  volume.MutableVolumeSet (MutableVolumeSet.java:initializeVolumeSet(181)) - Added Volume : /home/runner/work/ozone/ozone/mnt/ozone/hadoop-ozone/integration-test/target/test-dir/MiniOzoneClusterImpl-2ba833d5-1ba9-439d-9c86-26ba043c4450/datanode-5/data/ratis to VolumeSet
2021-06-23 18:53:52,542 [Listener at 127.0.0.1/35407] INFO  ozoneimpl.ContainerReader (ContainerReader.java:<init>(98)) - Running in upgrade mode:true
2021-06-23 18:53:52,543 [Thread-733] INFO  ozoneimpl.ContainerReader (ContainerReader.java:readVolume(142)) - Start to verify containers on volume /home/runner/work/ozone/ozone/mnt/ozone/hadoop-ozone/integration-test/target/test-dir/MiniOzoneClusterImpl-2ba833d5-1ba9-439d-9c86-26ba043c4450/datanode-5/data-0/containers/hdds
2021-06-23 18:53:52,544 [Thread-733] INFO  ozoneimpl.ContainerReader (ContainerReader.java:readVolume(174)) - Finish verifying containers on volume /home/runner/work/ozone/ozone/mnt/ozone/hadoop-ozone/integration-test/target/test-dir/MiniOzoneClusterImpl-2ba833d5-1ba9-439d-9c86-26ba043c4450/datanode-5/data-0/containers/hdds
2021-06-23 18:53:52,544 [Listener at 127.0.0.1/35407] INFO  ozoneimpl.OzoneContainer (OzoneContainer.java:buildContainerSet(237)) - Build ContainerSet costs 0s
2021-06-23 18:53:52,546 [Listener at 127.0.0.1/35407] INFO  server.RaftServer (ConfUtils.java:logGet(44)) - raft.rpc.type = GRPC (default)
2021-06-23 18:53:52,546 [Listener at 127.0.0.1/35407] INFO  grpc.GrpcFactory (GrpcFactory.java:checkPooledByteBufAllocatorUseCacheForAllThreads(48)) - PERFORMANCE WARNING: useCacheForAllThreads is true that may cause Netty to create a lot garbage objects and, as a result, trigger GC.
	It is recommended to disable useCacheForAllThreads by setting -Dorg.apache.ratis.thirdparty.io.netty.allocator.useCacheForAllThreads=false in command line.
2021-06-23 18:53:52,546 [Listener at 127.0.0.1/35407] INFO  grpc.GrpcConfigKeys (ConfUtils.java:logGet(44)) - raft.grpc.admin.port = 0 (custom)
2021-06-23 18:53:52,546 [Listener at 127.0.0.1/35407] INFO  grpc.GrpcConfigKeys (ConfUtils.java:logGet(44)) - raft.grpc.client.port = 0 (custom)
2021-06-23 18:53:52,546 [Listener at 127.0.0.1/35407] INFO  grpc.GrpcConfigKeys (ConfUtils.java:logGet(44)) - raft.grpc.server.port = 0 (default)
2021-06-23 18:53:52,547 [Listener at 127.0.0.1/35407] INFO  server.GrpcService (ConfUtils.java:logGet(44)) - raft.grpc.message.size.max = 32MB (=33554432) (custom)
2021-06-23 18:53:52,547 [Listener at 127.0.0.1/35407] INFO  server.RaftServerConfigKeys (ConfUtils.java:logGet(44)) - raft.server.log.appender.buffer.byte-limit = 33554432 (custom)
2021-06-23 18:53:52,547 [Listener at 127.0.0.1/35407] INFO  server.GrpcService (ConfUtils.java:logGet(44)) - raft.grpc.flow.control.window = 5MB (=5242880) (custom)
2021-06-23 18:53:52,547 [Listener at 127.0.0.1/35407] INFO  server.RaftServerConfigKeys (ConfUtils.java:logGet(44)) - raft.server.rpc.request.timeout = 3000ms (default)
2021-06-23 18:53:52,548 [Listener at 127.0.0.1/35407] INFO  impl.DataStreamServerImpl (ConfUtils.java:logGet(44)) - raft.datastream.type = DISABLED (default)
2021-06-23 18:53:52,548 [Listener at 127.0.0.1/35407] INFO  server.RaftServerConfigKeys (ConfUtils.java:logGet(44)) - raft.server.rpc.slowness.timeout = 300000ms (custom)
2021-06-23 18:53:52,549 [Listener at 127.0.0.1/35407] INFO  server.RaftServerConfigKeys (ConfUtils.java:logGet(44)) - raft.server.leaderelection.leader.step-down.wait-time = 10s (default)
2021-06-23 18:53:52,549 [Listener at 127.0.0.1/35407] INFO  server.RaftServerConfigKeys (ConfUtils.java:logGet(44)) - raft.server.storage.dir = [/home/runner/work/ozone/ozone/mnt/ozone/hadoop-ozone/integration-test/target/test-dir/MiniOzoneClusterImpl-2ba833d5-1ba9-439d-9c86-26ba043c4450/datanode-5/data/ratis] (custom)
2021-06-23 18:53:52,551 [Listener at 127.0.0.1/35407] INFO  http.BaseHttpServer (BaseHttpServer.java:newHttpServer2BuilderForOzone(209)) - Starting Web-server for hddsDatanode at: http://0.0.0.0:0
2021-06-23 18:53:52,552 [Listener at 127.0.0.1/35407] INFO  http.BaseHttpServer (BaseHttpServer.java:<init>(107)) - Hadoop Security Enabled: false Ozone Security Enabled: false Ozone HTTP Security Enabled: false 
2021-06-23 18:53:52,552 [Listener at 127.0.0.1/35407] INFO  server.AuthenticationFilter (AuthenticationFilter.java:constructSecretProvider(240)) - Unable to initialize FileSignerSecretProvider, falling back to use random secrets.
2021-06-23 18:53:52,555 [Listener at 127.0.0.1/35407] WARN  http.HttpRequestLog (HttpRequestLog.java:getRequestLog(103)) - Jetty request log can only be enabled using Log4j
2021-06-23 18:53:52,556 [Listener at 127.0.0.1/35407] INFO  http.HttpServer2 (HttpServer2.java:addGlobalFilter(1020)) - Added global filter 'safety' (class=org.apache.hadoop.hdds.server.http.HttpServer2$QuotingInputFilter)
2021-06-23 18:53:52,557 [Listener at 127.0.0.1/35407] INFO  http.HttpServer2 (HttpServer2.java:addFilter(996)) - Added filter static_user_filter (class=org.apache.hadoop.http.lib.StaticUserWebFilter$StaticUserFilter) to context hddsDatanode
2021-06-23 18:53:52,557 [Listener at 127.0.0.1/35407] INFO  http.HttpServer2 (HttpServer2.java:addFilter(1004)) - Added filter static_user_filter (class=org.apache.hadoop.http.lib.StaticUserWebFilter$StaticUserFilter) to context logs
2021-06-23 18:53:52,557 [Listener at 127.0.0.1/35407] INFO  http.HttpServer2 (HttpServer2.java:addFilter(1004)) - Added filter static_user_filter (class=org.apache.hadoop.http.lib.StaticUserWebFilter$StaticUserFilter) to context static
2021-06-23 18:53:52,558 [Listener at 127.0.0.1/35407] INFO  http.HttpServer2 (HttpServer2.java:bindListener(1238)) - Jetty bound to port 39759
2021-06-23 18:53:52,558 [Listener at 127.0.0.1/35407] INFO  server.Server (Server.java:doStart(375)) - jetty-9.4.35.v20201120; built: 2020-11-20T21:17:03.964Z; git: bdc54f03a5e0a7e280fab27f55c3c75ee8da89fb; jvm 1.8.0_292-b10
2021-06-23 18:53:52,564 [Listener at 127.0.0.1/35407] INFO  server.session (DefaultSessionIdManager.java:doStart(334)) - DefaultSessionIdManager workerName=node0
2021-06-23 18:53:52,564 [Listener at 127.0.0.1/35407] INFO  server.session (DefaultSessionIdManager.java:doStart(339)) - No SessionScavenger set, using defaults
2021-06-23 18:53:52,565 [Listener at 127.0.0.1/35407] INFO  server.session (HouseKeeper.java:startScavenging(132)) - node0 Scavenging every 600000ms
2021-06-23 18:53:52,565 [Listener at 127.0.0.1/35407] INFO  handler.ContextHandler (ContextHandler.java:doStart(916)) - Started o.e.j.s.ServletContextHandler@91b587b{logs,/logs,file:///home/runner/work/ozone/ozone/mnt/ozone/hadoop-ozone/integration-test/target/log,AVAILABLE}
2021-06-23 18:53:52,566 [Listener at 127.0.0.1/35407] INFO  handler.ContextHandler (ContextHandler.java:doStart(916)) - Started o.e.j.s.ServletContextHandler@7d63b66b{static,/static,jar:file:/home/runner/.m2/repository/org/apache/ozone/hdds-container-service/1.2.0-SNAPSHOT/hdds-container-service-1.2.0-SNAPSHOT.jar!/webapps/static,AVAILABLE}
2021-06-23 18:53:52,609 [Listener at 127.0.0.1/35407] INFO  handler.ContextHandler (ContextHandler.java:doStart(916)) - Started o.e.j.w.WebAppContext@1a4f2ec3{hddsDatanode,/,file:///tmp/jetty-0_0_0_0-39759-hdds-container-service-1_2_0-SNAPSHOT_jar-_-any-5866618576877013158/webapp/,AVAILABLE}{jar:file:/home/runner/.m2/repository/org/apache/ozone/hdds-container-service/1.2.0-SNAPSHOT/hdds-container-service-1.2.0-SNAPSHOT.jar!/webapps/hddsDatanode}
2021-06-23 18:53:52,611 [Listener at 127.0.0.1/35407] INFO  server.AbstractConnector (AbstractConnector.java:doStart(331)) - Started ServerConnector@1834b71b{HTTP/1.1, (http/1.1)}{0.0.0.0:39759}
2021-06-23 18:53:52,611 [Listener at 127.0.0.1/35407] INFO  server.Server (Server.java:doStart(415)) - Started @64226ms
2021-06-23 18:53:52,611 [Listener at 127.0.0.1/35407] WARN  impl.MetricsSystemImpl (MetricsSystemImpl.java:register(279)) - Sink prometheus already exists!
2021-06-23 18:53:52,612 [Listener at 127.0.0.1/35407] INFO  http.BaseHttpServer (BaseHttpServer.java:updateConnectorAddress(329)) - HTTP server of hddsDatanode listening at http://0.0.0.0:39759
2021-06-23 18:53:52,613 [Listener at 127.0.0.1/35407] INFO  impl.MetricsSystemImpl (MetricsSystemImpl.java:init(158)) - HddsDatanode metrics system started (again)
2021-06-23 18:53:52,616 [Listener at 127.0.0.1/35407] INFO  ozone.HddsDatanodeService (HddsDatanodeService.java:start(221)) - HddsDatanodeService host:fv-az291-331.wgnan5asplgejimfprtllbpdch.jx.internal.cloudapp.net ip:10.1.0.43
2021-06-23 18:53:52,623 [org.apache.hadoop.util.JvmPauseMonitor$Monitor@3434ee9e] INFO  util.JvmPauseMonitor (JvmPauseMonitor.java:run(188)) - Starting JVM pause monitor
2021-06-23 18:53:52,625 [Datanode State Machine Task Thread - 0] INFO  datanode.InitDatanodeState (InitDatanodeState.java:persistContainerDatanodeDetails(145)) - DatanodeDetails is persisted to /home/runner/work/ozone/ozone/mnt/ozone/hadoop-ozone/integration-test/target/test-dir/MiniOzoneClusterImpl-2ba833d5-1ba9-439d-9c86-26ba043c4450/datanode-5/meta/datanode.id
2021-06-23 18:53:52,645 [Listener at 127.0.0.1/35407] INFO  volume.HddsVolume (HddsVolume.java:<init>(119)) - Creating HddsVolume: /home/runner/work/ozone/ozone/mnt/ozone/hadoop-ozone/integration-test/target/test-dir/MiniOzoneClusterImpl-2ba833d5-1ba9-439d-9c86-26ba043c4450/datanode-6/data-0/containers/hdds of storage type : DISK capacity : 9223372036854775807
2021-06-23 18:53:52,646 [Listener at 127.0.0.1/35407] INFO  volume.MutableVolumeSet (MutableVolumeSet.java:initializeVolumeSet(181)) - Added Volume : /home/runner/work/ozone/ozone/mnt/ozone/hadoop-ozone/integration-test/target/test-dir/MiniOzoneClusterImpl-2ba833d5-1ba9-439d-9c86-26ba043c4450/datanode-6/data-0/containers/hdds to VolumeSet
2021-06-23 18:53:52,646 [Listener at 127.0.0.1/35407] INFO  volume.ThrottledAsyncChecker (ThrottledAsyncChecker.java:schedule(141)) - Scheduling a check for /home/runner/work/ozone/ozone/mnt/ozone/hadoop-ozone/integration-test/target/test-dir/MiniOzoneClusterImpl-2ba833d5-1ba9-439d-9c86-26ba043c4450/datanode-6/data-0/containers/hdds
2021-06-23 18:53:52,650 [Listener at 127.0.0.1/35407] INFO  volume.StorageVolumeChecker (StorageVolumeChecker.java:checkAllVolumes(201)) - Scheduled health check for volume /home/runner/work/ozone/ozone/mnt/ozone/hadoop-ozone/integration-test/target/test-dir/MiniOzoneClusterImpl-2ba833d5-1ba9-439d-9c86-26ba043c4450/datanode-6/data-0/containers/hdds
2021-06-23 18:53:52,663 [Listener at 127.0.0.1/35407] INFO  volume.MutableVolumeSet (MutableVolumeSet.java:initializeVolumeSet(181)) - Added Volume : /home/runner/work/ozone/ozone/mnt/ozone/hadoop-ozone/integration-test/target/test-dir/MiniOzoneClusterImpl-2ba833d5-1ba9-439d-9c86-26ba043c4450/datanode-6/data/ratis to VolumeSet
2021-06-23 18:53:52,675 [Listener at 127.0.0.1/35407] INFO  ozoneimpl.ContainerReader (ContainerReader.java:<init>(98)) - Running in upgrade mode:true
2021-06-23 18:53:52,676 [Thread-744] INFO  ozoneimpl.ContainerReader (ContainerReader.java:readVolume(142)) - Start to verify containers on volume /home/runner/work/ozone/ozone/mnt/ozone/hadoop-ozone/integration-test/target/test-dir/MiniOzoneClusterImpl-2ba833d5-1ba9-439d-9c86-26ba043c4450/datanode-6/data-0/containers/hdds
2021-06-23 18:53:52,676 [Thread-744] INFO  ozoneimpl.ContainerReader (ContainerReader.java:readVolume(174)) - Finish verifying containers on volume /home/runner/work/ozone/ozone/mnt/ozone/hadoop-ozone/integration-test/target/test-dir/MiniOzoneClusterImpl-2ba833d5-1ba9-439d-9c86-26ba043c4450/datanode-6/data-0/containers/hdds
2021-06-23 18:53:52,676 [Listener at 127.0.0.1/35407] INFO  ozoneimpl.OzoneContainer (OzoneContainer.java:buildContainerSet(237)) - Build ContainerSet costs 0s
2021-06-23 18:53:52,679 [Listener at 127.0.0.1/35407] INFO  server.RaftServer (ConfUtils.java:logGet(44)) - raft.rpc.type = GRPC (default)
2021-06-23 18:53:52,679 [Listener at 127.0.0.1/35407] INFO  grpc.GrpcFactory (GrpcFactory.java:checkPooledByteBufAllocatorUseCacheForAllThreads(48)) - PERFORMANCE WARNING: useCacheForAllThreads is true that may cause Netty to create a lot garbage objects and, as a result, trigger GC.
	It is recommended to disable useCacheForAllThreads by setting -Dorg.apache.ratis.thirdparty.io.netty.allocator.useCacheForAllThreads=false in command line.
2021-06-23 18:53:52,679 [Listener at 127.0.0.1/35407] INFO  grpc.GrpcConfigKeys (ConfUtils.java:logGet(44)) - raft.grpc.admin.port = 0 (custom)
2021-06-23 18:53:52,679 [Listener at 127.0.0.1/35407] INFO  grpc.GrpcConfigKeys (ConfUtils.java:logGet(44)) - raft.grpc.client.port = 0 (custom)
2021-06-23 18:53:52,679 [Listener at 127.0.0.1/35407] INFO  grpc.GrpcConfigKeys (ConfUtils.java:logGet(44)) - raft.grpc.server.port = 0 (default)
2021-06-23 18:53:52,679 [Listener at 127.0.0.1/35407] INFO  server.GrpcService (ConfUtils.java:logGet(44)) - raft.grpc.message.size.max = 32MB (=33554432) (custom)
2021-06-23 18:53:52,680 [Listener at 127.0.0.1/35407] INFO  server.RaftServerConfigKeys (ConfUtils.java:logGet(44)) - raft.server.log.appender.buffer.byte-limit = 33554432 (custom)
2021-06-23 18:53:52,680 [Listener at 127.0.0.1/35407] INFO  server.GrpcService (ConfUtils.java:logGet(44)) - raft.grpc.flow.control.window = 5MB (=5242880) (custom)
2021-06-23 18:53:52,680 [Listener at 127.0.0.1/35407] INFO  server.RaftServerConfigKeys (ConfUtils.java:logGet(44)) - raft.server.rpc.request.timeout = 3000ms (default)
2021-06-23 18:53:52,681 [Listener at 127.0.0.1/35407] INFO  impl.DataStreamServerImpl (ConfUtils.java:logGet(44)) - raft.datastream.type = DISABLED (default)
2021-06-23 18:53:52,681 [Listener at 127.0.0.1/35407] INFO  server.RaftServerConfigKeys (ConfUtils.java:logGet(44)) - raft.server.rpc.slowness.timeout = 300000ms (custom)
2021-06-23 18:53:52,681 [Listener at 127.0.0.1/35407] INFO  server.RaftServerConfigKeys (ConfUtils.java:logGet(44)) - raft.server.leaderelection.leader.step-down.wait-time = 10s (default)
2021-06-23 18:53:52,682 [Listener at 127.0.0.1/35407] INFO  server.RaftServerConfigKeys (ConfUtils.java:logGet(44)) - raft.server.storage.dir = [/home/runner/work/ozone/ozone/mnt/ozone/hadoop-ozone/integration-test/target/test-dir/MiniOzoneClusterImpl-2ba833d5-1ba9-439d-9c86-26ba043c4450/datanode-6/data/ratis] (custom)
2021-06-23 18:53:52,686 [Listener at 127.0.0.1/35407] INFO  http.BaseHttpServer (BaseHttpServer.java:newHttpServer2BuilderForOzone(209)) - Starting Web-server for hddsDatanode at: http://0.0.0.0:0
2021-06-23 18:53:52,686 [Listener at 127.0.0.1/35407] INFO  http.BaseHttpServer (BaseHttpServer.java:<init>(107)) - Hadoop Security Enabled: false Ozone Security Enabled: false Ozone HTTP Security Enabled: false 
2021-06-23 18:53:52,687 [Listener at 127.0.0.1/35407] INFO  server.AuthenticationFilter (AuthenticationFilter.java:constructSecretProvider(240)) - Unable to initialize FileSignerSecretProvider, falling back to use random secrets.
2021-06-23 18:53:52,687 [Listener at 127.0.0.1/35407] WARN  http.HttpRequestLog (HttpRequestLog.java:getRequestLog(103)) - Jetty request log can only be enabled using Log4j
2021-06-23 18:53:52,689 [Listener at 127.0.0.1/35407] INFO  http.HttpServer2 (HttpServer2.java:addGlobalFilter(1020)) - Added global filter 'safety' (class=org.apache.hadoop.hdds.server.http.HttpServer2$QuotingInputFilter)
2021-06-23 18:53:52,689 [Listener at 127.0.0.1/35407] INFO  http.HttpServer2 (HttpServer2.java:addFilter(996)) - Added filter static_user_filter (class=org.apache.hadoop.http.lib.StaticUserWebFilter$StaticUserFilter) to context hddsDatanode
2021-06-23 18:53:52,689 [Listener at 127.0.0.1/35407] INFO  http.HttpServer2 (HttpServer2.java:addFilter(1004)) - Added filter static_user_filter (class=org.apache.hadoop.http.lib.StaticUserWebFilter$StaticUserFilter) to context static
2021-06-23 18:53:52,689 [Listener at 127.0.0.1/35407] INFO  http.HttpServer2 (HttpServer2.java:addFilter(1004)) - Added filter static_user_filter (class=org.apache.hadoop.http.lib.StaticUserWebFilter$StaticUserFilter) to context logs
2021-06-23 18:53:52,690 [Listener at 127.0.0.1/35407] INFO  http.HttpServer2 (HttpServer2.java:bindListener(1238)) - Jetty bound to port 44809
2021-06-23 18:53:52,690 [Listener at 127.0.0.1/35407] INFO  server.Server (Server.java:doStart(375)) - jetty-9.4.35.v20201120; built: 2020-11-20T21:17:03.964Z; git: bdc54f03a5e0a7e280fab27f55c3c75ee8da89fb; jvm 1.8.0_292-b10
2021-06-23 18:53:52,696 [Listener at 127.0.0.1/35407] INFO  server.session (DefaultSessionIdManager.java:doStart(334)) - DefaultSessionIdManager workerName=node0
2021-06-23 18:53:52,697 [Listener at 127.0.0.1/35407] INFO  server.session (DefaultSessionIdManager.java:doStart(339)) - No SessionScavenger set, using defaults
2021-06-23 18:53:52,697 [Listener at 127.0.0.1/35407] INFO  server.session (HouseKeeper.java:startScavenging(132)) - node0 Scavenging every 600000ms
2021-06-23 18:53:52,700 [Listener at 127.0.0.1/35407] INFO  handler.ContextHandler (ContextHandler.java:doStart(916)) - Started o.e.j.s.ServletContextHandler@23ece5f3{logs,/logs,file:///home/runner/work/ozone/ozone/mnt/ozone/hadoop-ozone/integration-test/target/log,AVAILABLE}
2021-06-23 18:53:52,700 [Listener at 127.0.0.1/35407] INFO  handler.ContextHandler (ContextHandler.java:doStart(916)) - Started o.e.j.s.ServletContextHandler@6b475c1e{static,/static,jar:file:/home/runner/.m2/repository/org/apache/ozone/hdds-container-service/1.2.0-SNAPSHOT/hdds-container-service-1.2.0-SNAPSHOT.jar!/webapps/static,AVAILABLE}
2021-06-23 18:53:52,744 [Listener at 127.0.0.1/35407] INFO  handler.ContextHandler (ContextHandler.java:doStart(916)) - Started o.e.j.w.WebAppContext@65786553{hddsDatanode,/,file:///tmp/jetty-0_0_0_0-44809-hdds-container-service-1_2_0-SNAPSHOT_jar-_-any-7824598205662280179/webapp/,AVAILABLE}{jar:file:/home/runner/.m2/repository/org/apache/ozone/hdds-container-service/1.2.0-SNAPSHOT/hdds-container-service-1.2.0-SNAPSHOT.jar!/webapps/hddsDatanode}
2021-06-23 18:53:52,745 [Listener at 127.0.0.1/35407] INFO  server.AbstractConnector (AbstractConnector.java:doStart(331)) - Started ServerConnector@6bd9d056{HTTP/1.1, (http/1.1)}{0.0.0.0:44809}
2021-06-23 18:53:52,746 [Listener at 127.0.0.1/35407] INFO  server.Server (Server.java:doStart(415)) - Started @64361ms
2021-06-23 18:53:52,746 [Listener at 127.0.0.1/35407] WARN  impl.MetricsSystemImpl (MetricsSystemImpl.java:register(279)) - Sink prometheus already exists!
2021-06-23 18:53:52,746 [Listener at 127.0.0.1/35407] INFO  http.BaseHttpServer (BaseHttpServer.java:updateConnectorAddress(329)) - HTTP server of hddsDatanode listening at http://0.0.0.0:44809
2021-06-23 18:53:52,747 [Listener at 127.0.0.1/35407] INFO  impl.MetricsSystemImpl (MetricsSystemImpl.java:init(158)) - HddsDatanode metrics system started (again)
2021-06-23 18:53:52,750 [Listener at 127.0.0.1/35407] INFO  ozone.HddsDatanodeService (HddsDatanodeService.java:start(221)) - HddsDatanodeService host:fv-az291-331.wgnan5asplgejimfprtllbpdch.jx.internal.cloudapp.net ip:10.1.0.43
2021-06-23 18:53:52,764 [org.apache.hadoop.util.JvmPauseMonitor$Monitor@6bf68dab] INFO  util.JvmPauseMonitor (JvmPauseMonitor.java:run(188)) - Starting JVM pause monitor
2021-06-23 18:53:52,773 [Datanode State Machine Task Thread - 0] INFO  datanode.InitDatanodeState (InitDatanodeState.java:persistContainerDatanodeDetails(145)) - DatanodeDetails is persisted to /home/runner/work/ozone/ozone/mnt/ozone/hadoop-ozone/integration-test/target/test-dir/MiniOzoneClusterImpl-2ba833d5-1ba9-439d-9c86-26ba043c4450/datanode-6/meta/datanode.id
2021-06-23 18:53:52,784 [Listener at 127.0.0.1/35407] INFO  volume.HddsVolume (HddsVolume.java:<init>(119)) - Creating HddsVolume: /home/runner/work/ozone/ozone/mnt/ozone/hadoop-ozone/integration-test/target/test-dir/MiniOzoneClusterImpl-2ba833d5-1ba9-439d-9c86-26ba043c4450/datanode-7/data-0/containers/hdds of storage type : DISK capacity : 9223372036854775807
2021-06-23 18:53:52,784 [Listener at 127.0.0.1/35407] INFO  volume.MutableVolumeSet (MutableVolumeSet.java:initializeVolumeSet(181)) - Added Volume : /home/runner/work/ozone/ozone/mnt/ozone/hadoop-ozone/integration-test/target/test-dir/MiniOzoneClusterImpl-2ba833d5-1ba9-439d-9c86-26ba043c4450/datanode-7/data-0/containers/hdds to VolumeSet
2021-06-23 18:53:52,784 [Listener at 127.0.0.1/35407] INFO  volume.ThrottledAsyncChecker (ThrottledAsyncChecker.java:schedule(141)) - Scheduling a check for /home/runner/work/ozone/ozone/mnt/ozone/hadoop-ozone/integration-test/target/test-dir/MiniOzoneClusterImpl-2ba833d5-1ba9-439d-9c86-26ba043c4450/datanode-7/data-0/containers/hdds
2021-06-23 18:53:52,785 [Listener at 127.0.0.1/35407] INFO  volume.StorageVolumeChecker (StorageVolumeChecker.java:checkAllVolumes(201)) - Scheduled health check for volume /home/runner/work/ozone/ozone/mnt/ozone/hadoop-ozone/integration-test/target/test-dir/MiniOzoneClusterImpl-2ba833d5-1ba9-439d-9c86-26ba043c4450/datanode-7/data-0/containers/hdds
2021-06-23 18:53:52,802 [Listener at 127.0.0.1/35407] INFO  volume.MutableVolumeSet (MutableVolumeSet.java:initializeVolumeSet(181)) - Added Volume : /home/runner/work/ozone/ozone/mnt/ozone/hadoop-ozone/integration-test/target/test-dir/MiniOzoneClusterImpl-2ba833d5-1ba9-439d-9c86-26ba043c4450/datanode-7/data/ratis to VolumeSet
2021-06-23 18:53:52,814 [Listener at 127.0.0.1/35407] INFO  ozoneimpl.ContainerReader (ContainerReader.java:<init>(98)) - Running in upgrade mode:true
2021-06-23 18:53:52,814 [Thread-755] INFO  ozoneimpl.ContainerReader (ContainerReader.java:readVolume(142)) - Start to verify containers on volume /home/runner/work/ozone/ozone/mnt/ozone/hadoop-ozone/integration-test/target/test-dir/MiniOzoneClusterImpl-2ba833d5-1ba9-439d-9c86-26ba043c4450/datanode-7/data-0/containers/hdds
2021-06-23 18:53:52,814 [Thread-755] INFO  ozoneimpl.ContainerReader (ContainerReader.java:readVolume(174)) - Finish verifying containers on volume /home/runner/work/ozone/ozone/mnt/ozone/hadoop-ozone/integration-test/target/test-dir/MiniOzoneClusterImpl-2ba833d5-1ba9-439d-9c86-26ba043c4450/datanode-7/data-0/containers/hdds
2021-06-23 18:53:52,814 [Listener at 127.0.0.1/35407] INFO  ozoneimpl.OzoneContainer (OzoneContainer.java:buildContainerSet(237)) - Build ContainerSet costs 0s
2021-06-23 18:53:52,816 [Listener at 127.0.0.1/35407] INFO  server.RaftServer (ConfUtils.java:logGet(44)) - raft.rpc.type = GRPC (default)
2021-06-23 18:53:52,817 [Listener at 127.0.0.1/35407] INFO  grpc.GrpcFactory (GrpcFactory.java:checkPooledByteBufAllocatorUseCacheForAllThreads(48)) - PERFORMANCE WARNING: useCacheForAllThreads is true that may cause Netty to create a lot garbage objects and, as a result, trigger GC.
	It is recommended to disable useCacheForAllThreads by setting -Dorg.apache.ratis.thirdparty.io.netty.allocator.useCacheForAllThreads=false in command line.
2021-06-23 18:53:52,818 [Listener at 127.0.0.1/35407] INFO  grpc.GrpcConfigKeys (ConfUtils.java:logGet(44)) - raft.grpc.admin.port = 0 (custom)
2021-06-23 18:53:52,818 [Listener at 127.0.0.1/35407] INFO  grpc.GrpcConfigKeys (ConfUtils.java:logGet(44)) - raft.grpc.client.port = 0 (custom)
2021-06-23 18:53:52,818 [Listener at 127.0.0.1/35407] INFO  grpc.GrpcConfigKeys (ConfUtils.java:logGet(44)) - raft.grpc.server.port = 0 (default)
2021-06-23 18:53:52,818 [Listener at 127.0.0.1/35407] INFO  server.GrpcService (ConfUtils.java:logGet(44)) - raft.grpc.message.size.max = 32MB (=33554432) (custom)
2021-06-23 18:53:52,818 [Listener at 127.0.0.1/35407] INFO  server.RaftServerConfigKeys (ConfUtils.java:logGet(44)) - raft.server.log.appender.buffer.byte-limit = 33554432 (custom)
2021-06-23 18:53:52,819 [Listener at 127.0.0.1/35407] INFO  server.GrpcService (ConfUtils.java:logGet(44)) - raft.grpc.flow.control.window = 5MB (=5242880) (custom)
2021-06-23 18:53:52,819 [Listener at 127.0.0.1/35407] INFO  server.RaftServerConfigKeys (ConfUtils.java:logGet(44)) - raft.server.rpc.request.timeout = 3000ms (default)
2021-06-23 18:53:52,820 [Listener at 127.0.0.1/35407] INFO  impl.DataStreamServerImpl (ConfUtils.java:logGet(44)) - raft.datastream.type = DISABLED (default)
2021-06-23 18:53:52,820 [Listener at 127.0.0.1/35407] INFO  server.RaftServerConfigKeys (ConfUtils.java:logGet(44)) - raft.server.rpc.slowness.timeout = 300000ms (custom)
2021-06-23 18:53:52,821 [Listener at 127.0.0.1/35407] INFO  server.RaftServerConfigKeys (ConfUtils.java:logGet(44)) - raft.server.leaderelection.leader.step-down.wait-time = 10s (default)
2021-06-23 18:53:52,821 [Listener at 127.0.0.1/35407] INFO  server.RaftServerConfigKeys (ConfUtils.java:logGet(44)) - raft.server.storage.dir = [/home/runner/work/ozone/ozone/mnt/ozone/hadoop-ozone/integration-test/target/test-dir/MiniOzoneClusterImpl-2ba833d5-1ba9-439d-9c86-26ba043c4450/datanode-7/data/ratis] (custom)
2021-06-23 18:53:52,824 [Listener at 127.0.0.1/35407] INFO  http.BaseHttpServer (BaseHttpServer.java:newHttpServer2BuilderForOzone(209)) - Starting Web-server for hddsDatanode at: http://0.0.0.0:0
2021-06-23 18:53:52,824 [Listener at 127.0.0.1/35407] INFO  http.BaseHttpServer (BaseHttpServer.java:<init>(107)) - Hadoop Security Enabled: false Ozone Security Enabled: false Ozone HTTP Security Enabled: false 
2021-06-23 18:53:52,828 [Listener at 127.0.0.1/35407] INFO  server.AuthenticationFilter (AuthenticationFilter.java:constructSecretProvider(240)) - Unable to initialize FileSignerSecretProvider, falling back to use random secrets.
2021-06-23 18:53:52,828 [Listener at 127.0.0.1/35407] WARN  http.HttpRequestLog (HttpRequestLog.java:getRequestLog(103)) - Jetty request log can only be enabled using Log4j
2021-06-23 18:53:52,829 [Listener at 127.0.0.1/35407] INFO  http.HttpServer2 (HttpServer2.java:addGlobalFilter(1020)) - Added global filter 'safety' (class=org.apache.hadoop.hdds.server.http.HttpServer2$QuotingInputFilter)
2021-06-23 18:53:52,830 [Listener at 127.0.0.1/35407] INFO  http.HttpServer2 (HttpServer2.java:addFilter(996)) - Added filter static_user_filter (class=org.apache.hadoop.http.lib.StaticUserWebFilter$StaticUserFilter) to context hddsDatanode
2021-06-23 18:53:52,830 [Listener at 127.0.0.1/35407] INFO  http.HttpServer2 (HttpServer2.java:addFilter(1004)) - Added filter static_user_filter (class=org.apache.hadoop.http.lib.StaticUserWebFilter$StaticUserFilter) to context static
2021-06-23 18:53:52,830 [Listener at 127.0.0.1/35407] INFO  http.HttpServer2 (HttpServer2.java:addFilter(1004)) - Added filter static_user_filter (class=org.apache.hadoop.http.lib.StaticUserWebFilter$StaticUserFilter) to context logs
2021-06-23 18:53:52,831 [Listener at 127.0.0.1/35407] INFO  http.HttpServer2 (HttpServer2.java:bindListener(1238)) - Jetty bound to port 39089
2021-06-23 18:53:52,831 [Listener at 127.0.0.1/35407] INFO  server.Server (Server.java:doStart(375)) - jetty-9.4.35.v20201120; built: 2020-11-20T21:17:03.964Z; git: bdc54f03a5e0a7e280fab27f55c3c75ee8da89fb; jvm 1.8.0_292-b10
2021-06-23 18:53:52,833 [Listener at 127.0.0.1/35407] INFO  server.session (DefaultSessionIdManager.java:doStart(334)) - DefaultSessionIdManager workerName=node0
2021-06-23 18:53:52,833 [Listener at 127.0.0.1/35407] INFO  server.session (DefaultSessionIdManager.java:doStart(339)) - No SessionScavenger set, using defaults
2021-06-23 18:53:52,834 [Listener at 127.0.0.1/35407] INFO  server.session (HouseKeeper.java:startScavenging(132)) - node0 Scavenging every 600000ms
2021-06-23 18:53:52,835 [Listener at 127.0.0.1/35407] INFO  handler.ContextHandler (ContextHandler.java:doStart(916)) - Started o.e.j.s.ServletContextHandler@419ffde3{logs,/logs,file:///home/runner/work/ozone/ozone/mnt/ozone/hadoop-ozone/integration-test/target/log,AVAILABLE}
2021-06-23 18:53:52,835 [Listener at 127.0.0.1/35407] INFO  handler.ContextHandler (ContextHandler.java:doStart(916)) - Started o.e.j.s.ServletContextHandler@61b0d0e6{static,/static,jar:file:/home/runner/.m2/repository/org/apache/ozone/hdds-container-service/1.2.0-SNAPSHOT/hdds-container-service-1.2.0-SNAPSHOT.jar!/webapps/static,AVAILABLE}
2021-06-23 18:53:52,879 [Listener at 127.0.0.1/35407] INFO  handler.ContextHandler (ContextHandler.java:doStart(916)) - Started o.e.j.w.WebAppContext@7acec6db{hddsDatanode,/,file:///tmp/jetty-0_0_0_0-39089-hdds-container-service-1_2_0-SNAPSHOT_jar-_-any-7070421093237216476/webapp/,AVAILABLE}{jar:file:/home/runner/.m2/repository/org/apache/ozone/hdds-container-service/1.2.0-SNAPSHOT/hdds-container-service-1.2.0-SNAPSHOT.jar!/webapps/hddsDatanode}
2021-06-23 18:53:52,882 [Listener at 127.0.0.1/35407] INFO  server.AbstractConnector (AbstractConnector.java:doStart(331)) - Started ServerConnector@6f54230a{HTTP/1.1, (http/1.1)}{0.0.0.0:39089}
2021-06-23 18:53:52,883 [Listener at 127.0.0.1/35407] INFO  server.Server (Server.java:doStart(415)) - Started @64498ms
2021-06-23 18:53:52,883 [Listener at 127.0.0.1/35407] WARN  impl.MetricsSystemImpl (MetricsSystemImpl.java:register(279)) - Sink prometheus already exists!
2021-06-23 18:53:52,883 [Listener at 127.0.0.1/35407] INFO  http.BaseHttpServer (BaseHttpServer.java:updateConnectorAddress(329)) - HTTP server of hddsDatanode listening at http://0.0.0.0:39089
2021-06-23 18:53:52,884 [Listener at 127.0.0.1/35407] INFO  impl.MetricsSystemImpl (MetricsSystemImpl.java:init(158)) - HddsDatanode metrics system started (again)
2021-06-23 18:53:52,889 [Listener at 127.0.0.1/35407] INFO  ozone.HddsDatanodeService (HddsDatanodeService.java:start(221)) - HddsDatanodeService host:fv-az291-331.wgnan5asplgejimfprtllbpdch.jx.internal.cloudapp.net ip:10.1.0.43
2021-06-23 18:53:52,892 [org.apache.hadoop.util.JvmPauseMonitor$Monitor@3d3a0f79] INFO  util.JvmPauseMonitor (JvmPauseMonitor.java:run(188)) - Starting JVM pause monitor
2021-06-23 18:53:52,894 [Datanode State Machine Task Thread - 0] INFO  datanode.InitDatanodeState (InitDatanodeState.java:persistContainerDatanodeDetails(145)) - DatanodeDetails is persisted to /home/runner/work/ozone/ozone/mnt/ozone/hadoop-ozone/integration-test/target/test-dir/MiniOzoneClusterImpl-2ba833d5-1ba9-439d-9c86-26ba043c4450/datanode-7/meta/datanode.id
2021-06-23 18:53:52,908 [Listener at 127.0.0.1/35407] INFO  volume.HddsVolume (HddsVolume.java:<init>(119)) - Creating HddsVolume: /home/runner/work/ozone/ozone/mnt/ozone/hadoop-ozone/integration-test/target/test-dir/MiniOzoneClusterImpl-2ba833d5-1ba9-439d-9c86-26ba043c4450/datanode-8/data-0/containers/hdds of storage type : DISK capacity : 9223372036854775807
2021-06-23 18:53:52,908 [Listener at 127.0.0.1/35407] INFO  volume.MutableVolumeSet (MutableVolumeSet.java:initializeVolumeSet(181)) - Added Volume : /home/runner/work/ozone/ozone/mnt/ozone/hadoop-ozone/integration-test/target/test-dir/MiniOzoneClusterImpl-2ba833d5-1ba9-439d-9c86-26ba043c4450/datanode-8/data-0/containers/hdds to VolumeSet
2021-06-23 18:53:52,908 [Listener at 127.0.0.1/35407] INFO  volume.ThrottledAsyncChecker (ThrottledAsyncChecker.java:schedule(141)) - Scheduling a check for /home/runner/work/ozone/ozone/mnt/ozone/hadoop-ozone/integration-test/target/test-dir/MiniOzoneClusterImpl-2ba833d5-1ba9-439d-9c86-26ba043c4450/datanode-8/data-0/containers/hdds
2021-06-23 18:53:52,909 [Listener at 127.0.0.1/35407] INFO  volume.StorageVolumeChecker (StorageVolumeChecker.java:checkAllVolumes(201)) - Scheduled health check for volume /home/runner/work/ozone/ozone/mnt/ozone/hadoop-ozone/integration-test/target/test-dir/MiniOzoneClusterImpl-2ba833d5-1ba9-439d-9c86-26ba043c4450/datanode-8/data-0/containers/hdds
2021-06-23 18:53:52,921 [Listener at 127.0.0.1/35407] INFO  volume.MutableVolumeSet (MutableVolumeSet.java:initializeVolumeSet(181)) - Added Volume : /home/runner/work/ozone/ozone/mnt/ozone/hadoop-ozone/integration-test/target/test-dir/MiniOzoneClusterImpl-2ba833d5-1ba9-439d-9c86-26ba043c4450/datanode-8/data/ratis to VolumeSet
2021-06-23 18:53:52,932 [Listener at 127.0.0.1/35407] INFO  ozoneimpl.ContainerReader (ContainerReader.java:<init>(98)) - Running in upgrade mode:true
2021-06-23 18:53:52,932 [Thread-766] INFO  ozoneimpl.ContainerReader (ContainerReader.java:readVolume(142)) - Start to verify containers on volume /home/runner/work/ozone/ozone/mnt/ozone/hadoop-ozone/integration-test/target/test-dir/MiniOzoneClusterImpl-2ba833d5-1ba9-439d-9c86-26ba043c4450/datanode-8/data-0/containers/hdds
2021-06-23 18:53:52,932 [Thread-766] INFO  ozoneimpl.ContainerReader (ContainerReader.java:readVolume(174)) - Finish verifying containers on volume /home/runner/work/ozone/ozone/mnt/ozone/hadoop-ozone/integration-test/target/test-dir/MiniOzoneClusterImpl-2ba833d5-1ba9-439d-9c86-26ba043c4450/datanode-8/data-0/containers/hdds
2021-06-23 18:53:52,932 [Listener at 127.0.0.1/35407] INFO  ozoneimpl.OzoneContainer (OzoneContainer.java:buildContainerSet(237)) - Build ContainerSet costs 0s
2021-06-23 18:53:52,934 [Listener at 127.0.0.1/35407] INFO  server.RaftServer (ConfUtils.java:logGet(44)) - raft.rpc.type = GRPC (default)
2021-06-23 18:53:52,934 [Listener at 127.0.0.1/35407] INFO  grpc.GrpcFactory (GrpcFactory.java:checkPooledByteBufAllocatorUseCacheForAllThreads(48)) - PERFORMANCE WARNING: useCacheForAllThreads is true that may cause Netty to create a lot garbage objects and, as a result, trigger GC.
	It is recommended to disable useCacheForAllThreads by setting -Dorg.apache.ratis.thirdparty.io.netty.allocator.useCacheForAllThreads=false in command line.
2021-06-23 18:53:52,934 [Listener at 127.0.0.1/35407] INFO  grpc.GrpcConfigKeys (ConfUtils.java:logGet(44)) - raft.grpc.admin.port = 0 (custom)
2021-06-23 18:53:52,935 [Listener at 127.0.0.1/35407] INFO  grpc.GrpcConfigKeys (ConfUtils.java:logGet(44)) - raft.grpc.client.port = 0 (custom)
2021-06-23 18:53:52,935 [Listener at 127.0.0.1/35407] INFO  grpc.GrpcConfigKeys (ConfUtils.java:logGet(44)) - raft.grpc.server.port = 0 (default)
2021-06-23 18:53:52,935 [Listener at 127.0.0.1/35407] INFO  server.GrpcService (ConfUtils.java:logGet(44)) - raft.grpc.message.size.max = 32MB (=33554432) (custom)
2021-06-23 18:53:52,935 [Listener at 127.0.0.1/35407] INFO  server.RaftServerConfigKeys (ConfUtils.java:logGet(44)) - raft.server.log.appender.buffer.byte-limit = 33554432 (custom)
2021-06-23 18:53:52,935 [Listener at 127.0.0.1/35407] INFO  server.GrpcService (ConfUtils.java:logGet(44)) - raft.grpc.flow.control.window = 5MB (=5242880) (custom)
2021-06-23 18:53:52,935 [Listener at 127.0.0.1/35407] INFO  server.RaftServerConfigKeys (ConfUtils.java:logGet(44)) - raft.server.rpc.request.timeout = 3000ms (default)
2021-06-23 18:53:52,936 [Listener at 127.0.0.1/35407] INFO  impl.DataStreamServerImpl (ConfUtils.java:logGet(44)) - raft.datastream.type = DISABLED (default)
2021-06-23 18:53:52,936 [Listener at 127.0.0.1/35407] INFO  server.RaftServerConfigKeys (ConfUtils.java:logGet(44)) - raft.server.rpc.slowness.timeout = 300000ms (custom)
2021-06-23 18:53:52,937 [Listener at 127.0.0.1/35407] INFO  server.RaftServerConfigKeys (ConfUtils.java:logGet(44)) - raft.server.leaderelection.leader.step-down.wait-time = 10s (default)
2021-06-23 18:53:52,937 [Listener at 127.0.0.1/35407] INFO  server.RaftServerConfigKeys (ConfUtils.java:logGet(44)) - raft.server.storage.dir = [/home/runner/work/ozone/ozone/mnt/ozone/hadoop-ozone/integration-test/target/test-dir/MiniOzoneClusterImpl-2ba833d5-1ba9-439d-9c86-26ba043c4450/datanode-8/data/ratis] (custom)
2021-06-23 18:53:52,939 [Listener at 127.0.0.1/35407] INFO  http.BaseHttpServer (BaseHttpServer.java:newHttpServer2BuilderForOzone(209)) - Starting Web-server for hddsDatanode at: http://0.0.0.0:0
2021-06-23 18:53:52,939 [Listener at 127.0.0.1/35407] INFO  http.BaseHttpServer (BaseHttpServer.java:<init>(107)) - Hadoop Security Enabled: false Ozone Security Enabled: false Ozone HTTP Security Enabled: false 
2021-06-23 18:53:52,944 [Listener at 127.0.0.1/35407] INFO  server.AuthenticationFilter (AuthenticationFilter.java:constructSecretProvider(240)) - Unable to initialize FileSignerSecretProvider, falling back to use random secrets.
2021-06-23 18:53:52,944 [Listener at 127.0.0.1/35407] WARN  http.HttpRequestLog (HttpRequestLog.java:getRequestLog(103)) - Jetty request log can only be enabled using Log4j
2021-06-23 18:53:52,945 [Listener at 127.0.0.1/35407] INFO  http.HttpServer2 (HttpServer2.java:addGlobalFilter(1020)) - Added global filter 'safety' (class=org.apache.hadoop.hdds.server.http.HttpServer2$QuotingInputFilter)
2021-06-23 18:53:52,946 [Listener at 127.0.0.1/35407] INFO  http.HttpServer2 (HttpServer2.java:addFilter(996)) - Added filter static_user_filter (class=org.apache.hadoop.http.lib.StaticUserWebFilter$StaticUserFilter) to context hddsDatanode
2021-06-23 18:53:52,946 [Listener at 127.0.0.1/35407] INFO  http.HttpServer2 (HttpServer2.java:addFilter(1004)) - Added filter static_user_filter (class=org.apache.hadoop.http.lib.StaticUserWebFilter$StaticUserFilter) to context static
2021-06-23 18:53:52,946 [Listener at 127.0.0.1/35407] INFO  http.HttpServer2 (HttpServer2.java:addFilter(1004)) - Added filter static_user_filter (class=org.apache.hadoop.http.lib.StaticUserWebFilter$StaticUserFilter) to context logs
2021-06-23 18:53:52,947 [Listener at 127.0.0.1/35407] INFO  http.HttpServer2 (HttpServer2.java:bindListener(1238)) - Jetty bound to port 44185
2021-06-23 18:53:52,947 [Listener at 127.0.0.1/35407] INFO  server.Server (Server.java:doStart(375)) - jetty-9.4.35.v20201120; built: 2020-11-20T21:17:03.964Z; git: bdc54f03a5e0a7e280fab27f55c3c75ee8da89fb; jvm 1.8.0_292-b10
2021-06-23 18:53:52,948 [Listener at 127.0.0.1/35407] INFO  server.session (DefaultSessionIdManager.java:doStart(334)) - DefaultSessionIdManager workerName=node0
2021-06-23 18:53:52,948 [Listener at 127.0.0.1/35407] INFO  server.session (DefaultSessionIdManager.java:doStart(339)) - No SessionScavenger set, using defaults
2021-06-23 18:53:52,949 [Listener at 127.0.0.1/35407] INFO  server.session (HouseKeeper.java:startScavenging(132)) - node0 Scavenging every 600000ms
2021-06-23 18:53:52,949 [Listener at 127.0.0.1/35407] INFO  handler.ContextHandler (ContextHandler.java:doStart(916)) - Started o.e.j.s.ServletContextHandler@19d27788{logs,/logs,file:///home/runner/work/ozone/ozone/mnt/ozone/hadoop-ozone/integration-test/target/log,AVAILABLE}
2021-06-23 18:53:52,950 [Listener at 127.0.0.1/35407] INFO  handler.ContextHandler (ContextHandler.java:doStart(916)) - Started o.e.j.s.ServletContextHandler@21f77c80{static,/static,jar:file:/home/runner/.m2/repository/org/apache/ozone/hdds-container-service/1.2.0-SNAPSHOT/hdds-container-service-1.2.0-SNAPSHOT.jar!/webapps/static,AVAILABLE}
2021-06-23 18:53:52,989 [Listener at 127.0.0.1/35407] INFO  handler.ContextHandler (ContextHandler.java:doStart(916)) - Started o.e.j.w.WebAppContext@1b8f56cd{hddsDatanode,/,file:///tmp/jetty-0_0_0_0-44185-hdds-container-service-1_2_0-SNAPSHOT_jar-_-any-7783332802425116727/webapp/,AVAILABLE}{jar:file:/home/runner/.m2/repository/org/apache/ozone/hdds-container-service/1.2.0-SNAPSHOT/hdds-container-service-1.2.0-SNAPSHOT.jar!/webapps/hddsDatanode}
2021-06-23 18:53:52,991 [Listener at 127.0.0.1/35407] INFO  server.AbstractConnector (AbstractConnector.java:doStart(331)) - Started ServerConnector@79779c55{HTTP/1.1, (http/1.1)}{0.0.0.0:44185}
2021-06-23 18:53:52,991 [Listener at 127.0.0.1/35407] INFO  server.Server (Server.java:doStart(415)) - Started @64606ms
2021-06-23 18:53:52,991 [Listener at 127.0.0.1/35407] WARN  impl.MetricsSystemImpl (MetricsSystemImpl.java:register(279)) - Sink prometheus already exists!
2021-06-23 18:53:52,992 [Listener at 127.0.0.1/35407] INFO  http.BaseHttpServer (BaseHttpServer.java:updateConnectorAddress(329)) - HTTP server of hddsDatanode listening at http://0.0.0.0:44185
2021-06-23 18:53:52,993 [Listener at 127.0.0.1/35407] INFO  ozone.MiniOzoneClusterImpl (MiniOzoneClusterImpl.java:lambda$waitForClusterToBeReady$0(227)) - Waiting for nodes to be ready. Got 0 of 9 DN Heartbeats.
2021-06-23 18:53:52,993 [Listener at 127.0.0.1/35407] INFO  ozone.MiniOzoneClusterImpl (MiniOzoneClusterImpl.java:lambda$waitForClusterToBeReady$0(230)) - Waiting for cluster to exit safe mode
2021-06-23 18:53:52,993 [Listener at 127.0.0.1/35407] INFO  ozone.MiniOzoneClusterImpl (MiniOzoneClusterImpl.java:lambda$waitForClusterToBeReady$0(232)) - SCM became leader
2021-06-23 18:53:53,006 [Datanode State Machine Task Thread - 0] INFO  datanode.InitDatanodeState (InitDatanodeState.java:persistContainerDatanodeDetails(145)) - DatanodeDetails is persisted to /home/runner/work/ozone/ozone/mnt/ozone/hadoop-ozone/integration-test/target/test-dir/MiniOzoneClusterImpl-2ba833d5-1ba9-439d-9c86-26ba043c4450/datanode-8/meta/datanode.id
2021-06-23 18:53:53,006 [org.apache.hadoop.util.JvmPauseMonitor$Monitor@442ae790] INFO  util.JvmPauseMonitor (JvmPauseMonitor.java:run(188)) - Starting JVM pause monitor
2021-06-23 18:53:53,030 [om1@group-C5BA1605619E-FollowerState] INFO  impl.FollowerState (FollowerState.java:run(134)) - om1@group-C5BA1605619E-FollowerState: change to CANDIDATE, lastRpcElapsedTime:1167252231ns, electionTimeout:1161ms
2021-06-23 18:53:53,030 [om1@group-C5BA1605619E-FollowerState] INFO  impl.RoleInfo (RoleInfo.java:shutdownFollowerState(108)) - om1: shutdown om1@group-C5BA1605619E-FollowerState
2021-06-23 18:53:53,030 [om1@group-C5BA1605619E-FollowerState] INFO  server.RaftServer$Division (RaftServerImpl.java:setRole(284)) - om1@group-C5BA1605619E: changes role from  FOLLOWER to CANDIDATE at term 0 for changeToCandidate
2021-06-23 18:53:53,030 [om1@group-C5BA1605619E-FollowerState] INFO  server.RaftServerConfigKeys (ConfUtils.java:logGet(44)) - raft.server.leaderelection.pre-vote = false (custom)
2021-06-23 18:53:53,030 [om1@group-C5BA1605619E-FollowerState] INFO  impl.RoleInfo (RoleInfo.java:updateAndGet(130)) - om1: start om1@group-C5BA1605619E-LeaderElection26
2021-06-23 18:53:53,035 [om1@group-C5BA1605619E-LeaderElection26] INFO  impl.LeaderElection (LeaderElection.java:askForVotes(306)) - om1@group-C5BA1605619E-LeaderElection26 ELECTION round 0: submit vote requests at term 1 for -1: [om1|rpc:localhost:9872|priority:0], old=null
2021-06-23 18:53:53,035 [om1@group-C5BA1605619E-LeaderElection26] INFO  impl.LeaderElection (LeaderElection.java:askForVotes(308)) - om1@group-C5BA1605619E-LeaderElection26 ELECTION round 0: result PASSED (term=1)
2021-06-23 18:53:53,035 [om1@group-C5BA1605619E-LeaderElection26] INFO  impl.RoleInfo (RoleInfo.java:shutdownLeaderElection(121)) - om1: shutdown om1@group-C5BA1605619E-LeaderElection26
2021-06-23 18:53:53,035 [om1@group-C5BA1605619E-LeaderElection26] INFO  server.RaftServer$Division (RaftServerImpl.java:setRole(284)) - om1@group-C5BA1605619E: changes role from CANDIDATE to LEADER at term 1 for changeToLeader
2021-06-23 18:53:53,035 [om1@group-C5BA1605619E-LeaderElection26] INFO  server.RaftServer$Division (ServerState.java:setLeader(271)) - om1@group-C5BA1605619E: change Leader from null to om1 at term 1 for becomeLeader, leader elected after 1190ms
2021-06-23 18:53:53,035 [om1@group-C5BA1605619E-LeaderElection26] INFO  server.RaftServerConfigKeys (ConfUtils.java:logGet(44)) - raft.server.staging.catchup.gap = 1000 (default)
2021-06-23 18:53:53,036 [om1@group-C5BA1605619E-LeaderElection26] INFO  metrics.RatisMetrics (RatisMetrics.java:lambda$create$0(36)) - Creating Metrics Registry : ratis.log_appender.om1@group-C5BA1605619E
2021-06-23 18:53:53,036 [om1@group-C5BA1605619E-LeaderElection26] INFO  server.RaftServerConfigKeys (ConfUtils.java:logGet(44)) - raft.server.write.element-limit = 4096 (default)
2021-06-23 18:53:53,036 [om1@group-C5BA1605619E-LeaderElection26] INFO  server.RaftServerConfigKeys (ConfUtils.java:logGet(44)) - raft.server.write.byte-limit = 64MB (=67108864) (default)
2021-06-23 18:53:53,036 [om1@group-C5BA1605619E-LeaderElection26] INFO  server.RaftServerConfigKeys (ConfUtils.java:logGet(44)) - raft.server.watch.timeout = 10s (default)
2021-06-23 18:53:53,036 [om1@group-C5BA1605619E-LeaderElection26] INFO  server.RaftServerConfigKeys (ConfUtils.java:logGet(44)) - raft.server.watch.timeout.denomination = 1s (default)
2021-06-23 18:53:53,036 [om1@group-C5BA1605619E-LeaderElection26] INFO  server.RaftServerConfigKeys (ConfUtils.java:logGet(44)) - raft.server.watch.element-limit = 65536 (default)
2021-06-23 18:53:53,036 [om1@group-C5BA1605619E-LeaderElection26] INFO  impl.RoleInfo (RoleInfo.java:updateAndGet(130)) - om1: start om1@group-C5BA1605619E-LeaderStateImpl
2021-06-23 18:53:53,037 [om1@group-C5BA1605619E-LeaderElection26] INFO  segmented.SegmentedRaftLogWorker (SegmentedRaftLogWorker.java:startLogSegment(394)) - om1@group-C5BA1605619E-SegmentedRaftLogWorker: Starting segment from index:0
2021-06-23 18:53:53,055 [om1@group-C5BA1605619E-SegmentedRaftLogWorker] INFO  segmented.SegmentedRaftLogWorker (SegmentedRaftLogWorker.java:execute(601)) - om1@group-C5BA1605619E-SegmentedRaftLogWorker: created new log segment /home/runner/work/ozone/ozone/mnt/ozone/hadoop-ozone/integration-test/target/test-dir/MiniOzoneClusterImpl-2ba833d5-1ba9-439d-9c86-26ba043c4450/ozone-meta/ratis/bf265839-605b-3f16-9796-c5ba1605619e/current/log_inprogress_0
2021-06-23 18:53:53,055 [om1@group-C5BA1605619E-LeaderElection26] INFO  server.RaftServer$Division (ServerState.java:setRaftConf(373)) - om1@group-C5BA1605619E: set configuration 0: [om1|rpc:localhost:9872|admin:|client:|dataStream:|priority:0], old=null
2021-06-23 18:53:53,993 [Listener at 127.0.0.1/35407] INFO  ozone.MiniOzoneClusterImpl (MiniOzoneClusterImpl.java:lambda$waitForClusterToBeReady$0(227)) - Waiting for nodes to be ready. Got 0 of 9 DN Heartbeats.
2021-06-23 18:53:53,994 [Listener at 127.0.0.1/35407] INFO  ozone.MiniOzoneClusterImpl (MiniOzoneClusterImpl.java:lambda$waitForClusterToBeReady$0(230)) - Waiting for cluster to exit safe mode
2021-06-23 18:53:53,994 [Listener at 127.0.0.1/35407] INFO  ozone.MiniOzoneClusterImpl (MiniOzoneClusterImpl.java:lambda$waitForClusterToBeReady$0(232)) - SCM became leader
2021-06-23 18:53:54,059 [EndpointStateMachine task thread for /0.0.0.0:40343 - 0 ] INFO  ozoneimpl.OzoneContainer (OzoneContainer.java:start(305)) - Attempting to start container services.
2021-06-23 18:53:54,059 [EndpointStateMachine task thread for /0.0.0.0:40343 - 0 ] INFO  ozoneimpl.OzoneContainer (OzoneContainer.java:startContainerScrub(250)) - Background container scanner has been disabled.
2021-06-23 18:53:54,061 [EndpointStateMachine task thread for /0.0.0.0:40343 - 0 ] INFO  replication.ReplicationServer (ReplicationServer.java:start(106)) - ReplicationServer is started using port 41571
2021-06-23 18:53:54,061 [EndpointStateMachine task thread for /0.0.0.0:40343 - 0 ] INFO  ratis.XceiverServerRatis (XceiverServerRatis.java:start(478)) - Starting XceiverServerRatis 4a750d61-24e5-43ec-8266-94d98c9b7420
2021-06-23 18:53:54,064 [EndpointStateMachine task thread for /0.0.0.0:40343 - 0 ] INFO  server.RaftServer (RaftServerProxy.java:lambda$start$5(374)) - 4a750d61-24e5-43ec-8266-94d98c9b7420: start RPC server
2021-06-23 18:53:54,065 [EndpointStateMachine task thread for /0.0.0.0:40343 - 0 ] INFO  server.GrpcService (GrpcService.java:startImpl(253)) - 4a750d61-24e5-43ec-8266-94d98c9b7420: GrpcService started, listening on 40063
2021-06-23 18:53:54,065 [EndpointStateMachine task thread for /0.0.0.0:40343 - 0 ] INFO  ratis.XceiverServerRatis (XceiverServerRatis.java:getRealPort(499)) - XceiverServerRatis 4a750d61-24e5-43ec-8266-94d98c9b7420 is started using port 40063 for RATIS
2021-06-23 18:53:54,065 [org.apache.ratis.util.JvmPauseMonitor$$Lambda$513/1463400452@7735c192] INFO  util.JvmPauseMonitor (JvmPauseMonitor.java:run(103)) - JvmPauseMonitor-4a750d61-24e5-43ec-8266-94d98c9b7420: Started
2021-06-23 18:53:54,065 [EndpointStateMachine task thread for /0.0.0.0:40343 - 0 ] INFO  ratis.XceiverServerRatis (XceiverServerRatis.java:getRealPort(499)) - XceiverServerRatis 4a750d61-24e5-43ec-8266-94d98c9b7420 is started using port 40063 for RATIS_ADMIN
2021-06-23 18:53:54,065 [EndpointStateMachine task thread for /0.0.0.0:40343 - 0 ] INFO  ratis.XceiverServerRatis (XceiverServerRatis.java:getRealPort(499)) - XceiverServerRatis 4a750d61-24e5-43ec-8266-94d98c9b7420 is started using port 40063 for RATIS_SERVER
2021-06-23 18:53:54,065 [EndpointStateMachine task thread for /0.0.0.0:40343 - 0 ] INFO  server.XceiverServerGrpc (XceiverServerGrpc.java:start(135)) - XceiverServerGrpc 4a750d61-24e5-43ec-8266-94d98c9b7420 is started using port 44253
2021-06-23 18:53:54,161 [EndpointStateMachine task thread for /0.0.0.0:40343 - 0 ] INFO  ozoneimpl.OzoneContainer (OzoneContainer.java:start(305)) - Attempting to start container services.
2021-06-23 18:53:54,161 [EndpointStateMachine task thread for /0.0.0.0:40343 - 0 ] INFO  ozoneimpl.OzoneContainer (OzoneContainer.java:startContainerScrub(250)) - Background container scanner has been disabled.
2021-06-23 18:53:54,162 [EndpointStateMachine task thread for /0.0.0.0:40343 - 0 ] INFO  replication.ReplicationServer (ReplicationServer.java:start(106)) - ReplicationServer is started using port 40941
2021-06-23 18:53:54,162 [EndpointStateMachine task thread for /0.0.0.0:40343 - 0 ] INFO  ratis.XceiverServerRatis (XceiverServerRatis.java:start(478)) - Starting XceiverServerRatis e477ba1d-11c9-4e24-a1b5-67f71d65ae03
2021-06-23 18:53:54,163 [EndpointStateMachine task thread for /0.0.0.0:40343 - 0 ] INFO  server.RaftServer (RaftServerProxy.java:lambda$start$5(374)) - e477ba1d-11c9-4e24-a1b5-67f71d65ae03: start RPC server
2021-06-23 18:53:54,163 [EndpointStateMachine task thread for /0.0.0.0:40343 - 0 ] INFO  server.GrpcService (GrpcService.java:startImpl(253)) - e477ba1d-11c9-4e24-a1b5-67f71d65ae03: GrpcService started, listening on 46371
2021-06-23 18:53:54,166 [EndpointStateMachine task thread for /0.0.0.0:40343 - 0 ] INFO  ratis.XceiverServerRatis (XceiverServerRatis.java:getRealPort(499)) - XceiverServerRatis e477ba1d-11c9-4e24-a1b5-67f71d65ae03 is started using port 46371 for RATIS
2021-06-23 18:53:54,166 [org.apache.ratis.util.JvmPauseMonitor$$Lambda$513/1463400452@62e511fc] INFO  util.JvmPauseMonitor (JvmPauseMonitor.java:run(103)) - JvmPauseMonitor-e477ba1d-11c9-4e24-a1b5-67f71d65ae03: Started
2021-06-23 18:53:54,166 [EndpointStateMachine task thread for /0.0.0.0:40343 - 0 ] INFO  ratis.XceiverServerRatis (XceiverServerRatis.java:getRealPort(499)) - XceiverServerRatis e477ba1d-11c9-4e24-a1b5-67f71d65ae03 is started using port 46371 for RATIS_ADMIN
2021-06-23 18:53:54,166 [EndpointStateMachine task thread for /0.0.0.0:40343 - 0 ] INFO  ratis.XceiverServerRatis (XceiverServerRatis.java:getRealPort(499)) - XceiverServerRatis e477ba1d-11c9-4e24-a1b5-67f71d65ae03 is started using port 46371 for RATIS_SERVER
2021-06-23 18:53:54,167 [EndpointStateMachine task thread for /0.0.0.0:40343 - 0 ] INFO  server.XceiverServerGrpc (XceiverServerGrpc.java:start(135)) - XceiverServerGrpc e477ba1d-11c9-4e24-a1b5-67f71d65ae03 is started using port 41615
2021-06-23 18:53:54,269 [EndpointStateMachine task thread for /0.0.0.0:40343 - 0 ] INFO  ozoneimpl.OzoneContainer (OzoneContainer.java:start(305)) - Attempting to start container services.
2021-06-23 18:53:54,270 [EndpointStateMachine task thread for /0.0.0.0:40343 - 0 ] INFO  ozoneimpl.OzoneContainer (OzoneContainer.java:startContainerScrub(250)) - Background container scanner has been disabled.
2021-06-23 18:53:54,270 [EndpointStateMachine task thread for /0.0.0.0:40343 - 0 ] INFO  replication.ReplicationServer (ReplicationServer.java:start(106)) - ReplicationServer is started using port 43231
2021-06-23 18:53:54,272 [EndpointStateMachine task thread for /0.0.0.0:40343 - 0 ] INFO  ratis.XceiverServerRatis (XceiverServerRatis.java:start(478)) - Starting XceiverServerRatis b2abd95f-4cc9-4fa4-a4ec-5bbb2a845ab6
2021-06-23 18:53:54,272 [EndpointStateMachine task thread for /0.0.0.0:40343 - 0 ] INFO  server.RaftServer (RaftServerProxy.java:lambda$start$5(374)) - b2abd95f-4cc9-4fa4-a4ec-5bbb2a845ab6: start RPC server
2021-06-23 18:53:54,275 [EndpointStateMachine task thread for /0.0.0.0:40343 - 0 ] INFO  server.GrpcService (GrpcService.java:startImpl(253)) - b2abd95f-4cc9-4fa4-a4ec-5bbb2a845ab6: GrpcService started, listening on 35929
2021-06-23 18:53:54,276 [EndpointStateMachine task thread for /0.0.0.0:40343 - 0 ] INFO  ratis.XceiverServerRatis (XceiverServerRatis.java:getRealPort(499)) - XceiverServerRatis b2abd95f-4cc9-4fa4-a4ec-5bbb2a845ab6 is started using port 35929 for RATIS
2021-06-23 18:53:54,276 [org.apache.ratis.util.JvmPauseMonitor$$Lambda$513/1463400452@171c9951] INFO  util.JvmPauseMonitor (JvmPauseMonitor.java:run(103)) - JvmPauseMonitor-b2abd95f-4cc9-4fa4-a4ec-5bbb2a845ab6: Started
2021-06-23 18:53:54,276 [EndpointStateMachine task thread for /0.0.0.0:40343 - 0 ] INFO  ratis.XceiverServerRatis (XceiverServerRatis.java:getRealPort(499)) - XceiverServerRatis b2abd95f-4cc9-4fa4-a4ec-5bbb2a845ab6 is started using port 35929 for RATIS_ADMIN
2021-06-23 18:53:54,276 [EndpointStateMachine task thread for /0.0.0.0:40343 - 0 ] INFO  ratis.XceiverServerRatis (XceiverServerRatis.java:getRealPort(499)) - XceiverServerRatis b2abd95f-4cc9-4fa4-a4ec-5bbb2a845ab6 is started using port 35929 for RATIS_SERVER
2021-06-23 18:53:54,277 [EndpointStateMachine task thread for /0.0.0.0:40343 - 0 ] INFO  server.XceiverServerGrpc (XceiverServerGrpc.java:start(135)) - XceiverServerGrpc b2abd95f-4cc9-4fa4-a4ec-5bbb2a845ab6 is started using port 33981
2021-06-23 18:53:54,386 [EndpointStateMachine task thread for /0.0.0.0:40343 - 0 ] INFO  ozoneimpl.OzoneContainer (OzoneContainer.java:start(305)) - Attempting to start container services.
2021-06-23 18:53:54,386 [EndpointStateMachine task thread for /0.0.0.0:40343 - 0 ] INFO  ozoneimpl.OzoneContainer (OzoneContainer.java:startContainerScrub(250)) - Background container scanner has been disabled.
2021-06-23 18:53:54,387 [EndpointStateMachine task thread for /0.0.0.0:40343 - 0 ] INFO  replication.ReplicationServer (ReplicationServer.java:start(106)) - ReplicationServer is started using port 38155
2021-06-23 18:53:54,388 [EndpointStateMachine task thread for /0.0.0.0:40343 - 0 ] INFO  ratis.XceiverServerRatis (XceiverServerRatis.java:start(478)) - Starting XceiverServerRatis 3b2fbf51-ff76-4a94-9ac6-cea2acf7cb68
2021-06-23 18:53:54,388 [EndpointStateMachine task thread for /0.0.0.0:40343 - 0 ] INFO  server.RaftServer (RaftServerProxy.java:lambda$start$5(374)) - 3b2fbf51-ff76-4a94-9ac6-cea2acf7cb68: start RPC server
2021-06-23 18:53:54,390 [EndpointStateMachine task thread for /0.0.0.0:40343 - 0 ] INFO  server.GrpcService (GrpcService.java:startImpl(253)) - 3b2fbf51-ff76-4a94-9ac6-cea2acf7cb68: GrpcService started, listening on 38811
2021-06-23 18:53:54,390 [EndpointStateMachine task thread for /0.0.0.0:40343 - 0 ] INFO  ratis.XceiverServerRatis (XceiverServerRatis.java:getRealPort(499)) - XceiverServerRatis 3b2fbf51-ff76-4a94-9ac6-cea2acf7cb68 is started using port 38811 for RATIS
2021-06-23 18:53:54,390 [EndpointStateMachine task thread for /0.0.0.0:40343 - 0 ] INFO  ratis.XceiverServerRatis (XceiverServerRatis.java:getRealPort(499)) - XceiverServerRatis 3b2fbf51-ff76-4a94-9ac6-cea2acf7cb68 is started using port 38811 for RATIS_ADMIN
2021-06-23 18:53:54,390 [EndpointStateMachine task thread for /0.0.0.0:40343 - 0 ] INFO  ratis.XceiverServerRatis (XceiverServerRatis.java:getRealPort(499)) - XceiverServerRatis 3b2fbf51-ff76-4a94-9ac6-cea2acf7cb68 is started using port 38811 for RATIS_SERVER
2021-06-23 18:53:54,390 [org.apache.ratis.util.JvmPauseMonitor$$Lambda$513/1463400452@abb5985] INFO  util.JvmPauseMonitor (JvmPauseMonitor.java:run(103)) - JvmPauseMonitor-3b2fbf51-ff76-4a94-9ac6-cea2acf7cb68: Started
2021-06-23 18:53:54,391 [EndpointStateMachine task thread for /0.0.0.0:40343 - 0 ] INFO  server.XceiverServerGrpc (XceiverServerGrpc.java:start(135)) - XceiverServerGrpc 3b2fbf51-ff76-4a94-9ac6-cea2acf7cb68 is started using port 38543
2021-06-23 18:53:54,507 [EndpointStateMachine task thread for /0.0.0.0:40343 - 0 ] INFO  ozoneimpl.OzoneContainer (OzoneContainer.java:start(305)) - Attempting to start container services.
2021-06-23 18:53:54,507 [EndpointStateMachine task thread for /0.0.0.0:40343 - 0 ] INFO  ozoneimpl.OzoneContainer (OzoneContainer.java:startContainerScrub(250)) - Background container scanner has been disabled.
2021-06-23 18:53:54,507 [EndpointStateMachine task thread for /0.0.0.0:40343 - 0 ] INFO  replication.ReplicationServer (ReplicationServer.java:start(106)) - ReplicationServer is started using port 40421
2021-06-23 18:53:54,509 [EndpointStateMachine task thread for /0.0.0.0:40343 - 0 ] INFO  ratis.XceiverServerRatis (XceiverServerRatis.java:start(478)) - Starting XceiverServerRatis 3a42542b-a113-4e4a-912d-bb492a802489
2021-06-23 18:53:54,509 [EndpointStateMachine task thread for /0.0.0.0:40343 - 0 ] INFO  server.RaftServer (RaftServerProxy.java:lambda$start$5(374)) - 3a42542b-a113-4e4a-912d-bb492a802489: start RPC server
2021-06-23 18:53:54,509 [EndpointStateMachine task thread for /0.0.0.0:40343 - 0 ] INFO  server.GrpcService (GrpcService.java:startImpl(253)) - 3a42542b-a113-4e4a-912d-bb492a802489: GrpcService started, listening on 38785
2021-06-23 18:53:54,510 [EndpointStateMachine task thread for /0.0.0.0:40343 - 0 ] INFO  ratis.XceiverServerRatis (XceiverServerRatis.java:getRealPort(499)) - XceiverServerRatis 3a42542b-a113-4e4a-912d-bb492a802489 is started using port 38785 for RATIS
2021-06-23 18:53:54,510 [EndpointStateMachine task thread for /0.0.0.0:40343 - 0 ] INFO  ratis.XceiverServerRatis (XceiverServerRatis.java:getRealPort(499)) - XceiverServerRatis 3a42542b-a113-4e4a-912d-bb492a802489 is started using port 38785 for RATIS_ADMIN
2021-06-23 18:53:54,510 [EndpointStateMachine task thread for /0.0.0.0:40343 - 0 ] INFO  ratis.XceiverServerRatis (XceiverServerRatis.java:getRealPort(499)) - XceiverServerRatis 3a42542b-a113-4e4a-912d-bb492a802489 is started using port 38785 for RATIS_SERVER
2021-06-23 18:53:54,510 [org.apache.ratis.util.JvmPauseMonitor$$Lambda$513/1463400452@3fbb36f8] INFO  util.JvmPauseMonitor (JvmPauseMonitor.java:run(103)) - JvmPauseMonitor-3a42542b-a113-4e4a-912d-bb492a802489: Started
2021-06-23 18:53:54,510 [EndpointStateMachine task thread for /0.0.0.0:40343 - 0 ] INFO  server.XceiverServerGrpc (XceiverServerGrpc.java:start(135)) - XceiverServerGrpc 3a42542b-a113-4e4a-912d-bb492a802489 is started using port 33371
2021-06-23 18:53:54,629 [EndpointStateMachine task thread for /0.0.0.0:40343 - 0 ] INFO  ozoneimpl.OzoneContainer (OzoneContainer.java:start(305)) - Attempting to start container services.
2021-06-23 18:53:54,629 [EndpointStateMachine task thread for /0.0.0.0:40343 - 0 ] INFO  ozoneimpl.OzoneContainer (OzoneContainer.java:startContainerScrub(250)) - Background container scanner has been disabled.
2021-06-23 18:53:54,630 [EndpointStateMachine task thread for /0.0.0.0:40343 - 0 ] INFO  replication.ReplicationServer (ReplicationServer.java:start(106)) - ReplicationServer is started using port 32833
2021-06-23 18:53:54,631 [EndpointStateMachine task thread for /0.0.0.0:40343 - 0 ] INFO  ratis.XceiverServerRatis (XceiverServerRatis.java:start(478)) - Starting XceiverServerRatis f3d5ecac-0c0e-452b-b1da-f4ba84ea556e
2021-06-23 18:53:54,632 [EndpointStateMachine task thread for /0.0.0.0:40343 - 0 ] INFO  server.RaftServer (RaftServerProxy.java:lambda$start$5(374)) - f3d5ecac-0c0e-452b-b1da-f4ba84ea556e: start RPC server
2021-06-23 18:53:54,632 [EndpointStateMachine task thread for /0.0.0.0:40343 - 0 ] INFO  server.GrpcService (GrpcService.java:startImpl(253)) - f3d5ecac-0c0e-452b-b1da-f4ba84ea556e: GrpcService started, listening on 40993
2021-06-23 18:53:54,633 [EndpointStateMachine task thread for /0.0.0.0:40343 - 0 ] INFO  ratis.XceiverServerRatis (XceiverServerRatis.java:getRealPort(499)) - XceiverServerRatis f3d5ecac-0c0e-452b-b1da-f4ba84ea556e is started using port 40993 for RATIS
2021-06-23 18:53:54,633 [org.apache.ratis.util.JvmPauseMonitor$$Lambda$513/1463400452@2ea8bbc4] INFO  util.JvmPauseMonitor (JvmPauseMonitor.java:run(103)) - JvmPauseMonitor-f3d5ecac-0c0e-452b-b1da-f4ba84ea556e: Started
2021-06-23 18:53:54,633 [EndpointStateMachine task thread for /0.0.0.0:40343 - 0 ] INFO  ratis.XceiverServerRatis (XceiverServerRatis.java:getRealPort(499)) - XceiverServerRatis f3d5ecac-0c0e-452b-b1da-f4ba84ea556e is started using port 40993 for RATIS_ADMIN
2021-06-23 18:53:54,633 [EndpointStateMachine task thread for /0.0.0.0:40343 - 0 ] INFO  ratis.XceiverServerRatis (XceiverServerRatis.java:getRealPort(499)) - XceiverServerRatis f3d5ecac-0c0e-452b-b1da-f4ba84ea556e is started using port 40993 for RATIS_SERVER
2021-06-23 18:53:54,633 [EndpointStateMachine task thread for /0.0.0.0:40343 - 0 ] INFO  server.XceiverServerGrpc (XceiverServerGrpc.java:start(135)) - XceiverServerGrpc f3d5ecac-0c0e-452b-b1da-f4ba84ea556e is started using port 37411
2021-06-23 18:53:54,769 [EndpointStateMachine task thread for /0.0.0.0:40343 - 0 ] INFO  ozoneimpl.OzoneContainer (OzoneContainer.java:start(305)) - Attempting to start container services.
2021-06-23 18:53:54,770 [EndpointStateMachine task thread for /0.0.0.0:40343 - 0 ] INFO  ozoneimpl.OzoneContainer (OzoneContainer.java:startContainerScrub(250)) - Background container scanner has been disabled.
2021-06-23 18:53:54,773 [EndpointStateMachine task thread for /0.0.0.0:40343 - 0 ] INFO  replication.ReplicationServer (ReplicationServer.java:start(106)) - ReplicationServer is started using port 40999
2021-06-23 18:53:54,774 [EndpointStateMachine task thread for /0.0.0.0:40343 - 0 ] INFO  ratis.XceiverServerRatis (XceiverServerRatis.java:start(478)) - Starting XceiverServerRatis b5670674-baf7-4651-a658-bd3fb004b3cf
2021-06-23 18:53:54,775 [EndpointStateMachine task thread for /0.0.0.0:40343 - 0 ] INFO  server.RaftServer (RaftServerProxy.java:lambda$start$5(374)) - b5670674-baf7-4651-a658-bd3fb004b3cf: start RPC server
2021-06-23 18:53:54,775 [EndpointStateMachine task thread for /0.0.0.0:40343 - 0 ] INFO  server.GrpcService (GrpcService.java:startImpl(253)) - b5670674-baf7-4651-a658-bd3fb004b3cf: GrpcService started, listening on 37311
2021-06-23 18:53:54,775 [EndpointStateMachine task thread for /0.0.0.0:40343 - 0 ] INFO  ratis.XceiverServerRatis (XceiverServerRatis.java:getRealPort(499)) - XceiverServerRatis b5670674-baf7-4651-a658-bd3fb004b3cf is started using port 37311 for RATIS
2021-06-23 18:53:54,775 [org.apache.ratis.util.JvmPauseMonitor$$Lambda$513/1463400452@36126f9f] INFO  util.JvmPauseMonitor (JvmPauseMonitor.java:run(103)) - JvmPauseMonitor-b5670674-baf7-4651-a658-bd3fb004b3cf: Started
2021-06-23 18:53:54,775 [EndpointStateMachine task thread for /0.0.0.0:40343 - 0 ] INFO  ratis.XceiverServerRatis (XceiverServerRatis.java:getRealPort(499)) - XceiverServerRatis b5670674-baf7-4651-a658-bd3fb004b3cf is started using port 37311 for RATIS_ADMIN
2021-06-23 18:53:54,775 [EndpointStateMachine task thread for /0.0.0.0:40343 - 0 ] INFO  ratis.XceiverServerRatis (XceiverServerRatis.java:getRealPort(499)) - XceiverServerRatis b5670674-baf7-4651-a658-bd3fb004b3cf is started using port 37311 for RATIS_SERVER
2021-06-23 18:53:54,776 [EndpointStateMachine task thread for /0.0.0.0:40343 - 0 ] INFO  server.XceiverServerGrpc (XceiverServerGrpc.java:start(135)) - XceiverServerGrpc b5670674-baf7-4651-a658-bd3fb004b3cf is started using port 33189
2021-06-23 18:53:54,895 [EndpointStateMachine task thread for /0.0.0.0:40343 - 0 ] INFO  ozoneimpl.OzoneContainer (OzoneContainer.java:start(305)) - Attempting to start container services.
2021-06-23 18:53:54,895 [EndpointStateMachine task thread for /0.0.0.0:40343 - 0 ] INFO  ozoneimpl.OzoneContainer (OzoneContainer.java:startContainerScrub(250)) - Background container scanner has been disabled.
2021-06-23 18:53:54,896 [EndpointStateMachine task thread for /0.0.0.0:40343 - 0 ] INFO  replication.ReplicationServer (ReplicationServer.java:start(106)) - ReplicationServer is started using port 38353
2021-06-23 18:53:54,897 [EndpointStateMachine task thread for /0.0.0.0:40343 - 0 ] INFO  ratis.XceiverServerRatis (XceiverServerRatis.java:start(478)) - Starting XceiverServerRatis c3729649-2bd6-4731-9653-79fd1afe8c9e
2021-06-23 18:53:54,898 [EndpointStateMachine task thread for /0.0.0.0:40343 - 0 ] INFO  server.RaftServer (RaftServerProxy.java:lambda$start$5(374)) - c3729649-2bd6-4731-9653-79fd1afe8c9e: start RPC server
2021-06-23 18:53:54,899 [EndpointStateMachine task thread for /0.0.0.0:40343 - 0 ] INFO  server.GrpcService (GrpcService.java:startImpl(253)) - c3729649-2bd6-4731-9653-79fd1afe8c9e: GrpcService started, listening on 39095
2021-06-23 18:53:54,899 [EndpointStateMachine task thread for /0.0.0.0:40343 - 0 ] INFO  ratis.XceiverServerRatis (XceiverServerRatis.java:getRealPort(499)) - XceiverServerRatis c3729649-2bd6-4731-9653-79fd1afe8c9e is started using port 39095 for RATIS
2021-06-23 18:53:54,899 [org.apache.ratis.util.JvmPauseMonitor$$Lambda$513/1463400452@2829e135] INFO  util.JvmPauseMonitor (JvmPauseMonitor.java:run(103)) - JvmPauseMonitor-c3729649-2bd6-4731-9653-79fd1afe8c9e: Started
2021-06-23 18:53:54,899 [EndpointStateMachine task thread for /0.0.0.0:40343 - 0 ] INFO  ratis.XceiverServerRatis (XceiverServerRatis.java:getRealPort(499)) - XceiverServerRatis c3729649-2bd6-4731-9653-79fd1afe8c9e is started using port 39095 for RATIS_ADMIN
2021-06-23 18:53:54,899 [EndpointStateMachine task thread for /0.0.0.0:40343 - 0 ] INFO  ratis.XceiverServerRatis (XceiverServerRatis.java:getRealPort(499)) - XceiverServerRatis c3729649-2bd6-4731-9653-79fd1afe8c9e is started using port 39095 for RATIS_SERVER
2021-06-23 18:53:54,901 [EndpointStateMachine task thread for /0.0.0.0:40343 - 0 ] INFO  server.XceiverServerGrpc (XceiverServerGrpc.java:start(135)) - XceiverServerGrpc c3729649-2bd6-4731-9653-79fd1afe8c9e is started using port 34587
2021-06-23 18:53:54,994 [Listener at 127.0.0.1/35407] INFO  ozone.MiniOzoneClusterImpl (MiniOzoneClusterImpl.java:lambda$waitForClusterToBeReady$0(227)) - Waiting for nodes to be ready. Got 0 of 9 DN Heartbeats.
2021-06-23 18:53:54,994 [Listener at 127.0.0.1/35407] INFO  ozone.MiniOzoneClusterImpl (MiniOzoneClusterImpl.java:lambda$waitForClusterToBeReady$0(230)) - Waiting for cluster to exit safe mode
2021-06-23 18:53:54,994 [Listener at 127.0.0.1/35407] INFO  ozone.MiniOzoneClusterImpl (MiniOzoneClusterImpl.java:lambda$waitForClusterToBeReady$0(232)) - SCM became leader
2021-06-23 18:53:55,007 [EndpointStateMachine task thread for /0.0.0.0:40343 - 0 ] INFO  ozoneimpl.OzoneContainer (OzoneContainer.java:start(305)) - Attempting to start container services.
2021-06-23 18:53:55,007 [EndpointStateMachine task thread for /0.0.0.0:40343 - 0 ] INFO  ozoneimpl.OzoneContainer (OzoneContainer.java:startContainerScrub(250)) - Background container scanner has been disabled.
2021-06-23 18:53:55,008 [EndpointStateMachine task thread for /0.0.0.0:40343 - 0 ] INFO  replication.ReplicationServer (ReplicationServer.java:start(106)) - ReplicationServer is started using port 39259
2021-06-23 18:53:55,009 [EndpointStateMachine task thread for /0.0.0.0:40343 - 0 ] INFO  ratis.XceiverServerRatis (XceiverServerRatis.java:start(478)) - Starting XceiverServerRatis 6bd27ae7-81f7-4e18-bc38-6f66a3d01c25
2021-06-23 18:53:55,010 [EndpointStateMachine task thread for /0.0.0.0:40343 - 0 ] INFO  server.RaftServer (RaftServerProxy.java:lambda$start$5(374)) - 6bd27ae7-81f7-4e18-bc38-6f66a3d01c25: start RPC server
2021-06-23 18:53:55,010 [EndpointStateMachine task thread for /0.0.0.0:40343 - 0 ] INFO  server.GrpcService (GrpcService.java:startImpl(253)) - 6bd27ae7-81f7-4e18-bc38-6f66a3d01c25: GrpcService started, listening on 36253
2021-06-23 18:53:55,010 [EndpointStateMachine task thread for /0.0.0.0:40343 - 0 ] INFO  ratis.XceiverServerRatis (XceiverServerRatis.java:getRealPort(499)) - XceiverServerRatis 6bd27ae7-81f7-4e18-bc38-6f66a3d01c25 is started using port 36253 for RATIS
2021-06-23 18:53:55,010 [EndpointStateMachine task thread for /0.0.0.0:40343 - 0 ] INFO  ratis.XceiverServerRatis (XceiverServerRatis.java:getRealPort(499)) - XceiverServerRatis 6bd27ae7-81f7-4e18-bc38-6f66a3d01c25 is started using port 36253 for RATIS_ADMIN
2021-06-23 18:53:55,010 [org.apache.ratis.util.JvmPauseMonitor$$Lambda$513/1463400452@edc2742] INFO  util.JvmPauseMonitor (JvmPauseMonitor.java:run(103)) - JvmPauseMonitor-6bd27ae7-81f7-4e18-bc38-6f66a3d01c25: Started
2021-06-23 18:53:55,010 [EndpointStateMachine task thread for /0.0.0.0:40343 - 0 ] INFO  ratis.XceiverServerRatis (XceiverServerRatis.java:getRealPort(499)) - XceiverServerRatis 6bd27ae7-81f7-4e18-bc38-6f66a3d01c25 is started using port 36253 for RATIS_SERVER
2021-06-23 18:53:55,011 [EndpointStateMachine task thread for /0.0.0.0:40343 - 0 ] INFO  server.XceiverServerGrpc (XceiverServerGrpc.java:start(135)) - XceiverServerGrpc 6bd27ae7-81f7-4e18-bc38-6f66a3d01c25 is started using port 34607
2021-06-23 18:53:55,995 [Listener at 127.0.0.1/35407] INFO  ozone.MiniOzoneClusterImpl (MiniOzoneClusterImpl.java:lambda$waitForClusterToBeReady$0(227)) - Waiting for nodes to be ready. Got 0 of 9 DN Heartbeats.
2021-06-23 18:53:55,995 [Listener at 127.0.0.1/35407] INFO  ozone.MiniOzoneClusterImpl (MiniOzoneClusterImpl.java:lambda$waitForClusterToBeReady$0(230)) - Waiting for cluster to exit safe mode
2021-06-23 18:53:55,995 [Listener at 127.0.0.1/35407] INFO  ozone.MiniOzoneClusterImpl (MiniOzoneClusterImpl.java:lambda$waitForClusterToBeReady$0(232)) - SCM became leader
2021-06-23 18:53:56,053 [IPC Server handler 4 on default port 40343] INFO  net.NetworkTopologyImpl (NetworkTopologyImpl.java:add(112)) - Added a new node: /default-rack/4a750d61-24e5-43ec-8266-94d98c9b7420
2021-06-23 18:53:56,055 [IPC Server handler 4 on default port 40343] INFO  node.SCMNodeManager (SCMNodeManager.java:register(348)) - Registered Data node : 4a750d61-24e5-43ec-8266-94d98c9b7420{ip: 10.1.0.43, host: fv-az291-331.wgnan5asplgejimfprtllbpdch.jx.internal.cloudapp.net, ports: [REPLICATION=41571, RATIS=40063, RATIS_ADMIN=40063, RATIS_SERVER=40063, STANDALONE=44253], networkLocation: /default-rack, certSerialId: null, persistedOpState: null, persistedOpStateExpiryEpochSec: 0}
2021-06-23 18:53:56,056 [EventQueue-NewNodeForNewNodeHandler] INFO  pipeline.BackgroundPipelineCreator (BackgroundPipelineCreatorV2.java:notifyEventTriggered(285)) - trigger a one-shot run on RatisPipelineUtilsThread.
2021-06-23 18:53:56,056 [RatisPipelineUtilsThread - 0] INFO  pipeline.RatisPipelineProvider (RatisPipelineProvider.java:lambda$create$0(170)) - Sending CreatePipelineCommand for pipeline:PipelineID=1dbdb0f1-9f4e-4f90-9942-fd3d70c3ee5f to datanode:4a750d61-24e5-43ec-8266-94d98c9b7420
2021-06-23 18:53:56,059 [EventQueue-NodeRegistrationContainerReportForDataNodeSafeModeRule] INFO  safemode.SCMSafeModeManager (DataNodeSafeModeRule.java:process(71)) - SCM in safe mode. 1 DataNodes registered, 3 required.
2021-06-23 18:53:56,059 [EventQueue-NodeRegistrationContainerReportForContainerSafeModeRule] INFO  safemode.SCMSafeModeManager (SCMSafeModeManager.java:validateSafeModeExitRules(204)) - ContainerSafeModeRule rule is successfully validated
2021-06-23 18:53:56,062 [RatisPipelineUtilsThread - 0] INFO  pipeline.PipelineStateManager (PipelineStateManagerV2Impl.java:addPipeline(101)) - Created pipeline Pipeline[ Id: 1dbdb0f1-9f4e-4f90-9942-fd3d70c3ee5f, Nodes: 4a750d61-24e5-43ec-8266-94d98c9b7420{ip: 10.1.0.43, host: fv-az291-331.wgnan5asplgejimfprtllbpdch.jx.internal.cloudapp.net, ports: [REPLICATION=41571, RATIS=40063, RATIS_ADMIN=40063, RATIS_SERVER=40063, STANDALONE=44253], networkLocation: /default-rack, certSerialId: null, persistedOpState: IN_SERVICE, persistedOpStateExpiryEpochSec: 0}, ReplicationConfig: RATIS/ONE, State:ALLOCATED, leaderId:, CreationTimestamp2021-06-23T18:53:56.056Z].
2021-06-23 18:53:56,062 [EventQueue-PipelineReportForOneReplicaPipelineSafeModeRule] INFO  safemode.SCMSafeModeManager (SCMSafeModeManager.java:validateSafeModeExitRules(204)) - AtleastOneDatanodeReportedRule rule is successfully validated
2021-06-23 18:53:56,157 [IPC Server handler 3 on default port 40343] INFO  net.NetworkTopologyImpl (NetworkTopologyImpl.java:add(112)) - Added a new node: /default-rack/e477ba1d-11c9-4e24-a1b5-67f71d65ae03
2021-06-23 18:53:56,157 [IPC Server handler 3 on default port 40343] INFO  node.SCMNodeManager (SCMNodeManager.java:register(348)) - Registered Data node : e477ba1d-11c9-4e24-a1b5-67f71d65ae03{ip: 10.1.0.43, host: fv-az291-331.wgnan5asplgejimfprtllbpdch.jx.internal.cloudapp.net, ports: [REPLICATION=40941, RATIS=46371, RATIS_ADMIN=46371, RATIS_SERVER=46371, STANDALONE=41615], networkLocation: /default-rack, certSerialId: null, persistedOpState: null, persistedOpStateExpiryEpochSec: 0}
2021-06-23 18:53:56,157 [EventQueue-NewNodeForNewNodeHandler] INFO  pipeline.BackgroundPipelineCreator (BackgroundPipelineCreatorV2.java:notifyEventTriggered(285)) - trigger a one-shot run on RatisPipelineUtilsThread.
2021-06-23 18:53:56,157 [EventQueue-NodeRegistrationContainerReportForDataNodeSafeModeRule] INFO  safemode.SCMSafeModeManager (DataNodeSafeModeRule.java:process(71)) - SCM in safe mode. 2 DataNodes registered, 3 required.
2021-06-23 18:53:56,158 [RatisPipelineUtilsThread - 0] INFO  pipeline.RatisPipelineProvider (RatisPipelineProvider.java:lambda$create$0(170)) - Sending CreatePipelineCommand for pipeline:PipelineID=f063a1f7-0470-4314-b181-62cef9d40f83 to datanode:e477ba1d-11c9-4e24-a1b5-67f71d65ae03
2021-06-23 18:53:56,159 [RatisPipelineUtilsThread - 0] INFO  pipeline.PipelineStateManager (PipelineStateManagerV2Impl.java:addPipeline(101)) - Created pipeline Pipeline[ Id: f063a1f7-0470-4314-b181-62cef9d40f83, Nodes: e477ba1d-11c9-4e24-a1b5-67f71d65ae03{ip: 10.1.0.43, host: fv-az291-331.wgnan5asplgejimfprtllbpdch.jx.internal.cloudapp.net, ports: [REPLICATION=40941, RATIS=46371, RATIS_ADMIN=46371, RATIS_SERVER=46371, STANDALONE=41615], networkLocation: /default-rack, certSerialId: null, persistedOpState: IN_SERVICE, persistedOpStateExpiryEpochSec: 0}, ReplicationConfig: RATIS/ONE, State:ALLOCATED, leaderId:, CreationTimestamp2021-06-23T18:53:56.158Z].
2021-06-23 18:53:56,268 [IPC Server handler 5 on default port 40343] INFO  net.NetworkTopologyImpl (NetworkTopologyImpl.java:add(112)) - Added a new node: /default-rack/b2abd95f-4cc9-4fa4-a4ec-5bbb2a845ab6
2021-06-23 18:53:56,268 [IPC Server handler 5 on default port 40343] INFO  node.SCMNodeManager (SCMNodeManager.java:register(348)) - Registered Data node : b2abd95f-4cc9-4fa4-a4ec-5bbb2a845ab6{ip: 10.1.0.43, host: fv-az291-331.wgnan5asplgejimfprtllbpdch.jx.internal.cloudapp.net, ports: [REPLICATION=43231, RATIS=35929, RATIS_ADMIN=35929, RATIS_SERVER=35929, STANDALONE=33981], networkLocation: /default-rack, certSerialId: null, persistedOpState: null, persistedOpStateExpiryEpochSec: 0}
2021-06-23 18:53:56,270 [EventQueue-NewNodeForNewNodeHandler] INFO  pipeline.BackgroundPipelineCreator (BackgroundPipelineCreatorV2.java:notifyEventTriggered(285)) - trigger a one-shot run on RatisPipelineUtilsThread.
2021-06-23 18:53:56,270 [RatisPipelineUtilsThread - 0] INFO  pipeline.RatisPipelineProvider (RatisPipelineProvider.java:lambda$create$0(170)) - Sending CreatePipelineCommand for pipeline:PipelineID=57f02850-cb1b-4437-8819-4cb0ffef757b to datanode:b2abd95f-4cc9-4fa4-a4ec-5bbb2a845ab6
2021-06-23 18:53:56,271 [RatisPipelineUtilsThread - 0] INFO  pipeline.PipelineStateManager (PipelineStateManagerV2Impl.java:addPipeline(101)) - Created pipeline Pipeline[ Id: 57f02850-cb1b-4437-8819-4cb0ffef757b, Nodes: b2abd95f-4cc9-4fa4-a4ec-5bbb2a845ab6{ip: 10.1.0.43, host: fv-az291-331.wgnan5asplgejimfprtllbpdch.jx.internal.cloudapp.net, ports: [REPLICATION=43231, RATIS=35929, RATIS_ADMIN=35929, RATIS_SERVER=35929, STANDALONE=33981], networkLocation: /default-rack, certSerialId: null, persistedOpState: IN_SERVICE, persistedOpStateExpiryEpochSec: 0}, ReplicationConfig: RATIS/ONE, State:ALLOCATED, leaderId:, CreationTimestamp2021-06-23T18:53:56.270Z].
2021-06-23 18:53:56,271 [EventQueue-NodeRegistrationContainerReportForDataNodeSafeModeRule] INFO  safemode.SCMSafeModeManager (DataNodeSafeModeRule.java:process(71)) - SCM in safe mode. 3 DataNodes registered, 3 required.
2021-06-23 18:53:56,271 [EventQueue-NodeRegistrationContainerReportForDataNodeSafeModeRule] INFO  safemode.SCMSafeModeManager (SCMSafeModeManager.java:validateSafeModeExitRules(204)) - DataNodeSafeModeRule rule is successfully validated
2021-06-23 18:53:56,271 [EventQueue-NodeRegistrationContainerReportForDataNodeSafeModeRule] INFO  safemode.SCMSafeModeManager (SCMSafeModeManager.java:completePreCheck(233)) - All SCM safe mode pre check rules have passed
2021-06-23 18:53:56,271 [EventQueue-NodeRegistrationContainerReportForDataNodeSafeModeRule] WARN  events.EventQueue (EventQueue.java:fireEvent(185)) - No event handler registered for event TypedEvent{payloadType=SafeModeStatus, name='Safe mode status'}
2021-06-23 18:53:56,271 [EventQueue-NodeRegistrationContainerReportForDataNodeSafeModeRule] INFO  ha.SCMContext (SCMContext.java:updateSafeModeStatus(208)) - Update SafeModeStatus from SafeModeStatus{safeModeStatus=true, preCheckPassed=false} to SafeModeStatus{safeModeStatus=true, preCheckPassed=true}.
2021-06-23 18:53:56,272 [EventQueue-NodeRegistrationContainerReportForDataNodeSafeModeRule] INFO  pipeline.BackgroundPipelineCreator (BackgroundPipelineCreatorV2.java:notifyEventTriggered(285)) - trigger a one-shot run on RatisPipelineUtilsThread.
2021-06-23 18:53:56,272 [RatisPipelineUtilsThread - 0] INFO  pipeline.RatisPipelineProvider (RatisPipelineProvider.java:lambda$create$0(170)) - Sending CreatePipelineCommand for pipeline:PipelineID=a388f249-99f9-4637-b8a3-dd3cd69e62eb to datanode:e477ba1d-11c9-4e24-a1b5-67f71d65ae03
2021-06-23 18:53:56,272 [RatisPipelineUtilsThread - 0] INFO  pipeline.RatisPipelineProvider (RatisPipelineProvider.java:lambda$create$0(170)) - Sending CreatePipelineCommand for pipeline:PipelineID=a388f249-99f9-4637-b8a3-dd3cd69e62eb to datanode:4a750d61-24e5-43ec-8266-94d98c9b7420
2021-06-23 18:53:56,272 [RatisPipelineUtilsThread - 0] INFO  pipeline.RatisPipelineProvider (RatisPipelineProvider.java:lambda$create$0(170)) - Sending CreatePipelineCommand for pipeline:PipelineID=a388f249-99f9-4637-b8a3-dd3cd69e62eb to datanode:b2abd95f-4cc9-4fa4-a4ec-5bbb2a845ab6
2021-06-23 18:53:56,273 [RatisPipelineUtilsThread - 0] INFO  pipeline.PipelineStateManager (PipelineStateManagerV2Impl.java:addPipeline(101)) - Created pipeline Pipeline[ Id: a388f249-99f9-4637-b8a3-dd3cd69e62eb, Nodes: e477ba1d-11c9-4e24-a1b5-67f71d65ae03{ip: 10.1.0.43, host: fv-az291-331.wgnan5asplgejimfprtllbpdch.jx.internal.cloudapp.net, ports: [REPLICATION=40941, RATIS=46371, RATIS_ADMIN=46371, RATIS_SERVER=46371, STANDALONE=41615], networkLocation: /default-rack, certSerialId: null, persistedOpState: IN_SERVICE, persistedOpStateExpiryEpochSec: 0}4a750d61-24e5-43ec-8266-94d98c9b7420{ip: 10.1.0.43, host: fv-az291-331.wgnan5asplgejimfprtllbpdch.jx.internal.cloudapp.net, ports: [REPLICATION=41571, RATIS=40063, RATIS_ADMIN=40063, RATIS_SERVER=40063, STANDALONE=44253], networkLocation: /default-rack, certSerialId: null, persistedOpState: IN_SERVICE, persistedOpStateExpiryEpochSec: 0}b2abd95f-4cc9-4fa4-a4ec-5bbb2a845ab6{ip: 10.1.0.43, host: fv-az291-331.wgnan5asplgejimfprtllbpdch.jx.internal.cloudapp.net, ports: [REPLICATION=43231, RATIS=35929, RATIS_ADMIN=35929, RATIS_SERVER=35929, STANDALONE=33981], networkLocation: /default-rack, certSerialId: null, persistedOpState: IN_SERVICE, persistedOpStateExpiryEpochSec: 0}, ReplicationConfig: RATIS/THREE, State:ALLOCATED, leaderId:, CreationTimestamp2021-06-23T18:53:56.272Z].
2021-06-23 18:53:56,384 [IPC Server handler 18 on default port 40343] INFO  net.NetworkTopologyImpl (NetworkTopologyImpl.java:add(112)) - Added a new node: /default-rack/3b2fbf51-ff76-4a94-9ac6-cea2acf7cb68
2021-06-23 18:53:56,384 [IPC Server handler 18 on default port 40343] INFO  node.SCMNodeManager (SCMNodeManager.java:register(348)) - Registered Data node : 3b2fbf51-ff76-4a94-9ac6-cea2acf7cb68{ip: 10.1.0.43, host: fv-az291-331.wgnan5asplgejimfprtllbpdch.jx.internal.cloudapp.net, ports: [REPLICATION=38155, RATIS=38811, RATIS_ADMIN=38811, RATIS_SERVER=38811, STANDALONE=38543], networkLocation: /default-rack, certSerialId: null, persistedOpState: null, persistedOpStateExpiryEpochSec: 0}
2021-06-23 18:53:56,384 [EventQueue-NewNodeForNewNodeHandler] INFO  pipeline.BackgroundPipelineCreator (BackgroundPipelineCreatorV2.java:notifyEventTriggered(285)) - trigger a one-shot run on RatisPipelineUtilsThread.
2021-06-23 18:53:56,385 [RatisPipelineUtilsThread - 0] INFO  pipeline.RatisPipelineProvider (RatisPipelineProvider.java:lambda$create$0(170)) - Sending CreatePipelineCommand for pipeline:PipelineID=439239be-4ee5-400a-8383-830f70cbbe22 to datanode:3b2fbf51-ff76-4a94-9ac6-cea2acf7cb68
2021-06-23 18:53:56,386 [RatisPipelineUtilsThread - 0] INFO  pipeline.PipelineStateManager (PipelineStateManagerV2Impl.java:addPipeline(101)) - Created pipeline Pipeline[ Id: 439239be-4ee5-400a-8383-830f70cbbe22, Nodes: 3b2fbf51-ff76-4a94-9ac6-cea2acf7cb68{ip: 10.1.0.43, host: fv-az291-331.wgnan5asplgejimfprtllbpdch.jx.internal.cloudapp.net, ports: [REPLICATION=38155, RATIS=38811, RATIS_ADMIN=38811, RATIS_SERVER=38811, STANDALONE=38543], networkLocation: /default-rack, certSerialId: null, persistedOpState: IN_SERVICE, persistedOpStateExpiryEpochSec: 0}, ReplicationConfig: RATIS/ONE, State:ALLOCATED, leaderId:, CreationTimestamp2021-06-23T18:53:56.385Z].
2021-06-23 18:53:56,505 [IPC Server handler 19 on default port 40343] INFO  net.NetworkTopologyImpl (NetworkTopologyImpl.java:add(112)) - Added a new node: /default-rack/3a42542b-a113-4e4a-912d-bb492a802489
2021-06-23 18:53:56,505 [IPC Server handler 19 on default port 40343] INFO  node.SCMNodeManager (SCMNodeManager.java:register(348)) - Registered Data node : 3a42542b-a113-4e4a-912d-bb492a802489{ip: 10.1.0.43, host: fv-az291-331.wgnan5asplgejimfprtllbpdch.jx.internal.cloudapp.net, ports: [REPLICATION=40421, RATIS=38785, RATIS_ADMIN=38785, RATIS_SERVER=38785, STANDALONE=33371], networkLocation: /default-rack, certSerialId: null, persistedOpState: null, persistedOpStateExpiryEpochSec: 0}
2021-06-23 18:53:56,505 [EventQueue-NewNodeForNewNodeHandler] INFO  pipeline.BackgroundPipelineCreator (BackgroundPipelineCreatorV2.java:notifyEventTriggered(285)) - trigger a one-shot run on RatisPipelineUtilsThread.
2021-06-23 18:53:56,506 [RatisPipelineUtilsThread - 0] INFO  pipeline.RatisPipelineProvider (RatisPipelineProvider.java:lambda$create$0(170)) - Sending CreatePipelineCommand for pipeline:PipelineID=9026efdf-d167-440b-98e8-392b48e86a6f to datanode:3a42542b-a113-4e4a-912d-bb492a802489
2021-06-23 18:53:56,506 [RatisPipelineUtilsThread - 0] INFO  pipeline.PipelineStateManager (PipelineStateManagerV2Impl.java:addPipeline(101)) - Created pipeline Pipeline[ Id: 9026efdf-d167-440b-98e8-392b48e86a6f, Nodes: 3a42542b-a113-4e4a-912d-bb492a802489{ip: 10.1.0.43, host: fv-az291-331.wgnan5asplgejimfprtllbpdch.jx.internal.cloudapp.net, ports: [REPLICATION=40421, RATIS=38785, RATIS_ADMIN=38785, RATIS_SERVER=38785, STANDALONE=33371], networkLocation: /default-rack, certSerialId: null, persistedOpState: IN_SERVICE, persistedOpStateExpiryEpochSec: 0}, ReplicationConfig: RATIS/ONE, State:ALLOCATED, leaderId:, CreationTimestamp2021-06-23T18:53:56.506Z].
2021-06-23 18:53:56,626 [IPC Server handler 8 on default port 40343] INFO  net.NetworkTopologyImpl (NetworkTopologyImpl.java:add(112)) - Added a new node: /default-rack/f3d5ecac-0c0e-452b-b1da-f4ba84ea556e
2021-06-23 18:53:56,626 [IPC Server handler 8 on default port 40343] INFO  node.SCMNodeManager (SCMNodeManager.java:register(348)) - Registered Data node : f3d5ecac-0c0e-452b-b1da-f4ba84ea556e{ip: 10.1.0.43, host: fv-az291-331.wgnan5asplgejimfprtllbpdch.jx.internal.cloudapp.net, ports: [REPLICATION=32833, RATIS=40993, RATIS_ADMIN=40993, RATIS_SERVER=40993, STANDALONE=37411], networkLocation: /default-rack, certSerialId: null, persistedOpState: null, persistedOpStateExpiryEpochSec: 0}
2021-06-23 18:53:56,626 [EventQueue-NewNodeForNewNodeHandler] INFO  pipeline.BackgroundPipelineCreator (BackgroundPipelineCreatorV2.java:notifyEventTriggered(285)) - trigger a one-shot run on RatisPipelineUtilsThread.
2021-06-23 18:53:56,627 [RatisPipelineUtilsThread - 0] INFO  pipeline.RatisPipelineProvider (RatisPipelineProvider.java:lambda$create$0(170)) - Sending CreatePipelineCommand for pipeline:PipelineID=0f2c3a2d-ab8b-4489-969e-bde01778da23 to datanode:f3d5ecac-0c0e-452b-b1da-f4ba84ea556e
2021-06-23 18:53:56,628 [RatisPipelineUtilsThread - 0] INFO  pipeline.PipelineStateManager (PipelineStateManagerV2Impl.java:addPipeline(101)) - Created pipeline Pipeline[ Id: 0f2c3a2d-ab8b-4489-969e-bde01778da23, Nodes: f3d5ecac-0c0e-452b-b1da-f4ba84ea556e{ip: 10.1.0.43, host: fv-az291-331.wgnan5asplgejimfprtllbpdch.jx.internal.cloudapp.net, ports: [REPLICATION=32833, RATIS=40993, RATIS_ADMIN=40993, RATIS_SERVER=40993, STANDALONE=37411], networkLocation: /default-rack, certSerialId: null, persistedOpState: IN_SERVICE, persistedOpStateExpiryEpochSec: 0}, ReplicationConfig: RATIS/ONE, State:ALLOCATED, leaderId:, CreationTimestamp2021-06-23T18:53:56.627Z].
2021-06-23 18:53:56,628 [RatisPipelineUtilsThread - 0] INFO  pipeline.RatisPipelineProvider (RatisPipelineProvider.java:lambda$create$0(170)) - Sending CreatePipelineCommand for pipeline:PipelineID=54f6406b-45dc-4f09-8b7b-81b64af5c7b4 to datanode:f3d5ecac-0c0e-452b-b1da-f4ba84ea556e
2021-06-23 18:53:56,628 [RatisPipelineUtilsThread - 0] INFO  pipeline.RatisPipelineProvider (RatisPipelineProvider.java:lambda$create$0(170)) - Sending CreatePipelineCommand for pipeline:PipelineID=54f6406b-45dc-4f09-8b7b-81b64af5c7b4 to datanode:3a42542b-a113-4e4a-912d-bb492a802489
2021-06-23 18:53:56,628 [RatisPipelineUtilsThread - 0] INFO  pipeline.RatisPipelineProvider (RatisPipelineProvider.java:lambda$create$0(170)) - Sending CreatePipelineCommand for pipeline:PipelineID=54f6406b-45dc-4f09-8b7b-81b64af5c7b4 to datanode:3b2fbf51-ff76-4a94-9ac6-cea2acf7cb68
2021-06-23 18:53:56,629 [RatisPipelineUtilsThread - 0] INFO  pipeline.PipelineStateManager (PipelineStateManagerV2Impl.java:addPipeline(101)) - Created pipeline Pipeline[ Id: 54f6406b-45dc-4f09-8b7b-81b64af5c7b4, Nodes: f3d5ecac-0c0e-452b-b1da-f4ba84ea556e{ip: 10.1.0.43, host: fv-az291-331.wgnan5asplgejimfprtllbpdch.jx.internal.cloudapp.net, ports: [REPLICATION=32833, RATIS=40993, RATIS_ADMIN=40993, RATIS_SERVER=40993, STANDALONE=37411], networkLocation: /default-rack, certSerialId: null, persistedOpState: IN_SERVICE, persistedOpStateExpiryEpochSec: 0}3a42542b-a113-4e4a-912d-bb492a802489{ip: 10.1.0.43, host: fv-az291-331.wgnan5asplgejimfprtllbpdch.jx.internal.cloudapp.net, ports: [REPLICATION=40421, RATIS=38785, RATIS_ADMIN=38785, RATIS_SERVER=38785, STANDALONE=33371], networkLocation: /default-rack, certSerialId: null, persistedOpState: IN_SERVICE, persistedOpStateExpiryEpochSec: 0}3b2fbf51-ff76-4a94-9ac6-cea2acf7cb68{ip: 10.1.0.43, host: fv-az291-331.wgnan5asplgejimfprtllbpdch.jx.internal.cloudapp.net, ports: [REPLICATION=38155, RATIS=38811, RATIS_ADMIN=38811, RATIS_SERVER=38811, STANDALONE=38543], networkLocation: /default-rack, certSerialId: null, persistedOpState: IN_SERVICE, persistedOpStateExpiryEpochSec: 0}, ReplicationConfig: RATIS/THREE, State:ALLOCATED, leaderId:, CreationTimestamp2021-06-23T18:53:56.628Z].
2021-06-23 18:53:56,767 [IPC Server handler 0 on default port 40343] INFO  net.NetworkTopologyImpl (NetworkTopologyImpl.java:add(112)) - Added a new node: /default-rack/b5670674-baf7-4651-a658-bd3fb004b3cf
2021-06-23 18:53:56,767 [IPC Server handler 0 on default port 40343] INFO  node.SCMNodeManager (SCMNodeManager.java:register(348)) - Registered Data node : b5670674-baf7-4651-a658-bd3fb004b3cf{ip: 10.1.0.43, host: fv-az291-331.wgnan5asplgejimfprtllbpdch.jx.internal.cloudapp.net, ports: [REPLICATION=40999, RATIS=37311, RATIS_ADMIN=37311, RATIS_SERVER=37311, STANDALONE=33189], networkLocation: /default-rack, certSerialId: null, persistedOpState: null, persistedOpStateExpiryEpochSec: 0}
2021-06-23 18:53:56,767 [EventQueue-NewNodeForNewNodeHandler] INFO  pipeline.BackgroundPipelineCreator (BackgroundPipelineCreatorV2.java:notifyEventTriggered(285)) - trigger a one-shot run on RatisPipelineUtilsThread.
2021-06-23 18:53:56,768 [RatisPipelineUtilsThread - 0] INFO  pipeline.RatisPipelineProvider (RatisPipelineProvider.java:lambda$create$0(170)) - Sending CreatePipelineCommand for pipeline:PipelineID=69abac1d-6099-4564-9181-ce9e2caf0213 to datanode:b5670674-baf7-4651-a658-bd3fb004b3cf
2021-06-23 18:53:56,768 [RatisPipelineUtilsThread - 0] INFO  pipeline.PipelineStateManager (PipelineStateManagerV2Impl.java:addPipeline(101)) - Created pipeline Pipeline[ Id: 69abac1d-6099-4564-9181-ce9e2caf0213, Nodes: b5670674-baf7-4651-a658-bd3fb004b3cf{ip: 10.1.0.43, host: fv-az291-331.wgnan5asplgejimfprtllbpdch.jx.internal.cloudapp.net, ports: [REPLICATION=40999, RATIS=37311, RATIS_ADMIN=37311, RATIS_SERVER=37311, STANDALONE=33189], networkLocation: /default-rack, certSerialId: null, persistedOpState: IN_SERVICE, persistedOpStateExpiryEpochSec: 0}, ReplicationConfig: RATIS/ONE, State:ALLOCATED, leaderId:, CreationTimestamp2021-06-23T18:53:56.768Z].
2021-06-23 18:53:56,894 [IPC Server handler 1 on default port 40343] INFO  net.NetworkTopologyImpl (NetworkTopologyImpl.java:add(112)) - Added a new node: /default-rack/c3729649-2bd6-4731-9653-79fd1afe8c9e
2021-06-23 18:53:56,894 [IPC Server handler 1 on default port 40343] INFO  node.SCMNodeManager (SCMNodeManager.java:register(348)) - Registered Data node : c3729649-2bd6-4731-9653-79fd1afe8c9e{ip: 10.1.0.43, host: fv-az291-331.wgnan5asplgejimfprtllbpdch.jx.internal.cloudapp.net, ports: [REPLICATION=38353, RATIS=39095, RATIS_ADMIN=39095, RATIS_SERVER=39095, STANDALONE=34587], networkLocation: /default-rack, certSerialId: null, persistedOpState: null, persistedOpStateExpiryEpochSec: 0}
2021-06-23 18:53:56,894 [EventQueue-NewNodeForNewNodeHandler] INFO  pipeline.BackgroundPipelineCreator (BackgroundPipelineCreatorV2.java:notifyEventTriggered(285)) - trigger a one-shot run on RatisPipelineUtilsThread.
2021-06-23 18:53:56,895 [RatisPipelineUtilsThread - 0] INFO  pipeline.RatisPipelineProvider (RatisPipelineProvider.java:lambda$create$0(170)) - Sending CreatePipelineCommand for pipeline:PipelineID=f3ce1326-5d0f-43b0-93b2-8c28114a7f16 to datanode:c3729649-2bd6-4731-9653-79fd1afe8c9e
2021-06-23 18:53:56,895 [RatisPipelineUtilsThread - 0] INFO  pipeline.PipelineStateManager (PipelineStateManagerV2Impl.java:addPipeline(101)) - Created pipeline Pipeline[ Id: f3ce1326-5d0f-43b0-93b2-8c28114a7f16, Nodes: c3729649-2bd6-4731-9653-79fd1afe8c9e{ip: 10.1.0.43, host: fv-az291-331.wgnan5asplgejimfprtllbpdch.jx.internal.cloudapp.net, ports: [REPLICATION=38353, RATIS=39095, RATIS_ADMIN=39095, RATIS_SERVER=39095, STANDALONE=34587], networkLocation: /default-rack, certSerialId: null, persistedOpState: IN_SERVICE, persistedOpStateExpiryEpochSec: 0}, ReplicationConfig: RATIS/ONE, State:ALLOCATED, leaderId:, CreationTimestamp2021-06-23T18:53:56.895Z].
2021-06-23 18:53:56,996 [Listener at 127.0.0.1/35407] INFO  ozone.MiniOzoneClusterImpl (MiniOzoneClusterImpl.java:lambda$waitForClusterToBeReady$0(227)) - Waiting for nodes to be ready. Got 8 of 9 DN Heartbeats.
2021-06-23 18:53:56,996 [Listener at 127.0.0.1/35407] INFO  ozone.MiniOzoneClusterImpl (MiniOzoneClusterImpl.java:lambda$waitForClusterToBeReady$0(230)) - Waiting for cluster to exit safe mode
2021-06-23 18:53:56,996 [Listener at 127.0.0.1/35407] INFO  ozone.MiniOzoneClusterImpl (MiniOzoneClusterImpl.java:lambda$waitForClusterToBeReady$0(232)) - SCM became leader
2021-06-23 18:53:57,005 [IPC Server handler 2 on default port 40343] INFO  net.NetworkTopologyImpl (NetworkTopologyImpl.java:add(112)) - Added a new node: /default-rack/6bd27ae7-81f7-4e18-bc38-6f66a3d01c25
2021-06-23 18:53:57,005 [IPC Server handler 2 on default port 40343] INFO  node.SCMNodeManager (SCMNodeManager.java:register(348)) - Registered Data node : 6bd27ae7-81f7-4e18-bc38-6f66a3d01c25{ip: 10.1.0.43, host: fv-az291-331.wgnan5asplgejimfprtllbpdch.jx.internal.cloudapp.net, ports: [REPLICATION=39259, RATIS=36253, RATIS_ADMIN=36253, RATIS_SERVER=36253, STANDALONE=34607], networkLocation: /default-rack, certSerialId: null, persistedOpState: null, persistedOpStateExpiryEpochSec: 0}
2021-06-23 18:53:57,005 [EventQueue-NewNodeForNewNodeHandler] INFO  pipeline.BackgroundPipelineCreator (BackgroundPipelineCreatorV2.java:notifyEventTriggered(285)) - trigger a one-shot run on RatisPipelineUtilsThread.
2021-06-23 18:53:57,007 [RatisPipelineUtilsThread - 0] INFO  pipeline.RatisPipelineProvider (RatisPipelineProvider.java:lambda$create$0(170)) - Sending CreatePipelineCommand for pipeline:PipelineID=b4a3887d-c972-409b-a2d6-940fa5e2f0d0 to datanode:6bd27ae7-81f7-4e18-bc38-6f66a3d01c25
2021-06-23 18:53:57,007 [RatisPipelineUtilsThread - 0] INFO  pipeline.PipelineStateManager (PipelineStateManagerV2Impl.java:addPipeline(101)) - Created pipeline Pipeline[ Id: b4a3887d-c972-409b-a2d6-940fa5e2f0d0, Nodes: 6bd27ae7-81f7-4e18-bc38-6f66a3d01c25{ip: 10.1.0.43, host: fv-az291-331.wgnan5asplgejimfprtllbpdch.jx.internal.cloudapp.net, ports: [REPLICATION=39259, RATIS=36253, RATIS_ADMIN=36253, RATIS_SERVER=36253, STANDALONE=34607], networkLocation: /default-rack, certSerialId: null, persistedOpState: IN_SERVICE, persistedOpStateExpiryEpochSec: 0}, ReplicationConfig: RATIS/ONE, State:ALLOCATED, leaderId:, CreationTimestamp2021-06-23T18:53:57.007Z].
2021-06-23 18:53:57,008 [RatisPipelineUtilsThread - 0] INFO  pipeline.RatisPipelineProvider (RatisPipelineProvider.java:lambda$create$0(170)) - Sending CreatePipelineCommand for pipeline:PipelineID=94502484-9e38-40d3-aad9-2de7cec348bc to datanode:b5670674-baf7-4651-a658-bd3fb004b3cf
2021-06-23 18:53:57,008 [RatisPipelineUtilsThread - 0] INFO  pipeline.RatisPipelineProvider (RatisPipelineProvider.java:lambda$create$0(170)) - Sending CreatePipelineCommand for pipeline:PipelineID=94502484-9e38-40d3-aad9-2de7cec348bc to datanode:6bd27ae7-81f7-4e18-bc38-6f66a3d01c25
2021-06-23 18:53:57,008 [RatisPipelineUtilsThread - 0] INFO  pipeline.RatisPipelineProvider (RatisPipelineProvider.java:lambda$create$0(170)) - Sending CreatePipelineCommand for pipeline:PipelineID=94502484-9e38-40d3-aad9-2de7cec348bc to datanode:c3729649-2bd6-4731-9653-79fd1afe8c9e
2021-06-23 18:53:57,008 [RatisPipelineUtilsThread - 0] INFO  pipeline.PipelineStateManager (PipelineStateManagerV2Impl.java:addPipeline(101)) - Created pipeline Pipeline[ Id: 94502484-9e38-40d3-aad9-2de7cec348bc, Nodes: b5670674-baf7-4651-a658-bd3fb004b3cf{ip: 10.1.0.43, host: fv-az291-331.wgnan5asplgejimfprtllbpdch.jx.internal.cloudapp.net, ports: [REPLICATION=40999, RATIS=37311, RATIS_ADMIN=37311, RATIS_SERVER=37311, STANDALONE=33189], networkLocation: /default-rack, certSerialId: null, persistedOpState: IN_SERVICE, persistedOpStateExpiryEpochSec: 0}6bd27ae7-81f7-4e18-bc38-6f66a3d01c25{ip: 10.1.0.43, host: fv-az291-331.wgnan5asplgejimfprtllbpdch.jx.internal.cloudapp.net, ports: [REPLICATION=39259, RATIS=36253, RATIS_ADMIN=36253, RATIS_SERVER=36253, STANDALONE=34607], networkLocation: /default-rack, certSerialId: null, persistedOpState: IN_SERVICE, persistedOpStateExpiryEpochSec: 0}c3729649-2bd6-4731-9653-79fd1afe8c9e{ip: 10.1.0.43, host: fv-az291-331.wgnan5asplgejimfprtllbpdch.jx.internal.cloudapp.net, ports: [REPLICATION=38353, RATIS=39095, RATIS_ADMIN=39095, RATIS_SERVER=39095, STANDALONE=34587], networkLocation: /default-rack, certSerialId: null, persistedOpState: IN_SERVICE, persistedOpStateExpiryEpochSec: 0}, ReplicationConfig: RATIS/THREE, State:ALLOCATED, leaderId:, CreationTimestamp2021-06-23T18:53:57.008Z].
2021-06-23 18:53:57,997 [Listener at 127.0.0.1/35407] INFO  ozone.MiniOzoneClusterImpl (MiniOzoneClusterImpl.java:lambda$waitForClusterToBeReady$0(227)) - Nodes are ready. Got 9 of 9 DN Heartbeats.
2021-06-23 18:53:57,997 [Listener at 127.0.0.1/35407] INFO  ozone.MiniOzoneClusterImpl (MiniOzoneClusterImpl.java:lambda$waitForClusterToBeReady$0(230)) - Waiting for cluster to exit safe mode
2021-06-23 18:53:57,997 [Listener at 127.0.0.1/35407] INFO  ozone.MiniOzoneClusterImpl (MiniOzoneClusterImpl.java:lambda$waitForClusterToBeReady$0(232)) - SCM became leader
2021-06-23 18:53:58,997 [Listener at 127.0.0.1/35407] INFO  ozone.MiniOzoneClusterImpl (MiniOzoneClusterImpl.java:lambda$waitForClusterToBeReady$0(227)) - Nodes are ready. Got 9 of 9 DN Heartbeats.
2021-06-23 18:53:58,998 [Listener at 127.0.0.1/35407] INFO  ozone.MiniOzoneClusterImpl (MiniOzoneClusterImpl.java:lambda$waitForClusterToBeReady$0(230)) - Waiting for cluster to exit safe mode
2021-06-23 18:53:58,998 [Listener at 127.0.0.1/35407] INFO  ozone.MiniOzoneClusterImpl (MiniOzoneClusterImpl.java:lambda$waitForClusterToBeReady$0(232)) - SCM became leader
2021-06-23 18:53:59,053 [Command processor thread] INFO  server.RaftServer (RaftServerProxy.java:addNew(95)) - 4a750d61-24e5-43ec-8266-94d98c9b7420: addNew group-FD3D70C3EE5F:[4a750d61-24e5-43ec-8266-94d98c9b7420|rpc:10.1.0.43:40063|priority:1] returns group-FD3D70C3EE5F:java.util.concurrent.CompletableFuture@4df77d36[Not completed]
2021-06-23 18:53:59,058 [pool-293-thread-1] INFO  server.RaftServer$Division (RaftServerImpl.java:<init>(180)) - 4a750d61-24e5-43ec-8266-94d98c9b7420: new RaftServerImpl for group-FD3D70C3EE5F:[4a750d61-24e5-43ec-8266-94d98c9b7420|rpc:10.1.0.43:40063|priority:1] with ContainerStateMachine:uninitialized
2021-06-23 18:53:59,058 [pool-293-thread-1] INFO  server.RaftServerConfigKeys (ConfUtils.java:logGet(44)) - raft.server.rpc.timeout.min = 5s (custom)
2021-06-23 18:53:59,058 [pool-293-thread-1] INFO  server.RaftServerConfigKeys (ConfUtils.java:logGet(44)) - raft.server.rpc.timeout.max = 5200ms (custom)
2021-06-23 18:53:59,058 [pool-293-thread-1] INFO  server.RaftServerConfigKeys (ConfUtils.java:logGet(44)) - raft.server.rpc.sleep.time = 25ms (default)
2021-06-23 18:53:59,058 [pool-293-thread-1] INFO  server.RaftServerConfigKeys (ConfUtils.java:logGet(44)) - raft.server.rpc.slowness.timeout = 300000ms (custom)
2021-06-23 18:53:59,059 [pool-293-thread-1] INFO  server.RaftServerConfigKeys (ConfUtils.java:logGet(44)) - raft.server.leaderelection.leader.step-down.wait-time = 10s (default)
2021-06-23 18:53:59,059 [pool-293-thread-1] INFO  server.RaftServerConfigKeys (ConfUtils.java:logGet(44)) - raft.server.sleep.deviation.threshold = 300ms (default)
2021-06-23 18:53:59,059 [pool-293-thread-1] INFO  server.RaftServerConfigKeys (ConfUtils.java:logGet(44)) - raft.server.log.appender.install.snapshot.enabled = false (custom)
2021-06-23 18:53:59,059 [pool-293-thread-1] INFO  server.RaftServer$Division (ServerState.java:<init>(105)) - 4a750d61-24e5-43ec-8266-94d98c9b7420@group-FD3D70C3EE5F: ConfigurationManager, init=-1: [4a750d61-24e5-43ec-8266-94d98c9b7420|rpc:10.1.0.43:40063|priority:1], old=null, confs=<EMPTY_MAP>
2021-06-23 18:53:59,059 [pool-293-thread-1] INFO  server.RaftServerConfigKeys (ConfUtils.java:logGet(44)) - raft.server.storage.dir = [/home/runner/work/ozone/ozone/mnt/ozone/hadoop-ozone/integration-test/target/test-dir/MiniOzoneClusterImpl-2ba833d5-1ba9-439d-9c86-26ba043c4450/datanode-0/data/ratis] (custom)
2021-06-23 18:53:59,059 [pool-293-thread-1] INFO  server.RaftServerConfigKeys (ConfUtils.java:logGet(44)) - raft.server.log.corruption.policy = EXCEPTION (default)
2021-06-23 18:53:59,059 [pool-293-thread-1] INFO  storage.RaftStorageDirectory (RaftStorageDirectoryImpl.java:analyzeStorage(132)) - The storage directory /home/runner/work/ozone/ozone/mnt/ozone/hadoop-ozone/integration-test/target/test-dir/MiniOzoneClusterImpl-2ba833d5-1ba9-439d-9c86-26ba043c4450/datanode-0/data/ratis/1dbdb0f1-9f4e-4f90-9942-fd3d70c3ee5f does not exist. Creating ...
2021-06-23 18:53:59,062 [pool-293-thread-1] INFO  storage.RaftStorageDirectory (RaftStorageDirectoryImpl.java:tryLock(215)) - Lock on /home/runner/work/ozone/ozone/mnt/ozone/hadoop-ozone/integration-test/target/test-dir/MiniOzoneClusterImpl-2ba833d5-1ba9-439d-9c86-26ba043c4450/datanode-0/data/ratis/1dbdb0f1-9f4e-4f90-9942-fd3d70c3ee5f/in_use.lock acquired by nodename 19615@fv-az291-331
2021-06-23 18:53:59,063 [pool-293-thread-1] INFO  storage.RaftStorage (RaftStorageImpl.java:format(87)) - Storage directory /home/runner/work/ozone/ozone/mnt/ozone/hadoop-ozone/integration-test/target/test-dir/MiniOzoneClusterImpl-2ba833d5-1ba9-439d-9c86-26ba043c4450/datanode-0/data/ratis/1dbdb0f1-9f4e-4f90-9942-fd3d70c3ee5f has been successfully formatted.
2021-06-23 18:53:59,066 [EventQueue-PipelineReportForPipelineReportHandler] INFO  pipeline.PipelineManagerV2Impl (PipelineManagerV2Impl.java:openPipeline(270)) - Pipeline Pipeline[ Id: 1dbdb0f1-9f4e-4f90-9942-fd3d70c3ee5f, Nodes: 4a750d61-24e5-43ec-8266-94d98c9b7420{ip: 10.1.0.43, host: fv-az291-331.wgnan5asplgejimfprtllbpdch.jx.internal.cloudapp.net, ports: [REPLICATION=41571, RATIS=40063, RATIS_ADMIN=40063, RATIS_SERVER=40063, STANDALONE=44253], networkLocation: /default-rack, certSerialId: null, persistedOpState: IN_SERVICE, persistedOpStateExpiryEpochSec: 0}, ReplicationConfig: RATIS/ONE, State:ALLOCATED, leaderId:4a750d61-24e5-43ec-8266-94d98c9b7420, CreationTimestamp2021-06-23T18:53:56.056Z] moved to OPEN state
2021-06-23 18:53:59,068 [pool-293-thread-1] INFO  ratis.ContainerStateMachine (ContainerStateMachine.java:loadSnapshot(223)) - group-FD3D70C3EE5F: The snapshot info is null. Setting the last applied indexto:(t:0, i:~)
2021-06-23 18:53:59,068 [pool-293-thread-1] INFO  server.RaftServerConfigKeys (ConfUtils.java:logGet(44)) - raft.server.notification.no-leader.timeout = 300000ms (custom)
2021-06-23 18:53:59,068 [pool-293-thread-1] INFO  server.RaftServerConfigKeys (ConfUtils.java:logGet(44)) - raft.server.log.use.memory = false (default)
2021-06-23 18:53:59,068 [pool-293-thread-1] INFO  server.RaftServerConfigKeys (ConfUtils.java:logGet(44)) - raft.server.log.purge.gap = 1000000 (custom)
2021-06-23 18:53:59,068 [pool-293-thread-1] INFO  server.RaftServerConfigKeys (ConfUtils.java:logGet(44)) - raft.server.log.appender.buffer.byte-limit = 33554432 (custom)
2021-06-23 18:53:59,069 [pool-293-thread-1] INFO  metrics.RatisMetrics (RatisMetrics.java:lambda$create$0(36)) - Creating Metrics Registry : ratis.log_worker.4a750d61-24e5-43ec-8266-94d98c9b7420@group-FD3D70C3EE5F
2021-06-23 18:53:59,069 [pool-293-thread-1] INFO  server.RaftServerConfigKeys (ConfUtils.java:logGet(44)) - raft.server.log.segment.size.max = 1048576 (custom)
2021-06-23 18:53:59,069 [pool-293-thread-1] INFO  server.RaftServerConfigKeys (ConfUtils.java:logGet(44)) - raft.server.log.segment.cache.num.max = 2 (custom)
2021-06-23 18:53:59,069 [pool-293-thread-1] INFO  server.RaftServerConfigKeys (ConfUtils.java:logGet(44)) - raft.server.log.segment.cache.size.max = 200MB (=209715200) (default)
2021-06-23 18:53:59,069 [pool-293-thread-1] INFO  segmented.SegmentedRaftLogWorker (SegmentedRaftLogWorker.java:<init>(182)) - new 4a750d61-24e5-43ec-8266-94d98c9b7420@group-FD3D70C3EE5F-SegmentedRaftLogWorker for RaftStorageImpl:Storage Directory /home/runner/work/ozone/ozone/mnt/ozone/hadoop-ozone/integration-test/target/test-dir/MiniOzoneClusterImpl-2ba833d5-1ba9-439d-9c86-26ba043c4450/datanode-0/data/ratis/1dbdb0f1-9f4e-4f90-9942-fd3d70c3ee5f
2021-06-23 18:53:59,070 [pool-293-thread-1] INFO  server.RaftServerConfigKeys (ConfUtils.java:logGet(44)) - raft.server.log.queue.byte-limit = 2147483647 (custom)
2021-06-23 18:53:59,070 [pool-293-thread-1] INFO  server.RaftServerConfigKeys (ConfUtils.java:logGet(44)) - raft.server.log.queue.element-limit = 1024 (custom)
2021-06-23 18:53:59,071 [EventQueue-OpenPipelineForHealthyPipelineSafeModeRule] INFO  safemode.SCMSafeModeManager (HealthyPipelineSafeModeRule.java:process(124)) - SCM in safe mode. Healthy pipelines reported count is 0, required healthy pipeline reported count is 1
2021-06-23 18:53:59,072 [pool-293-thread-1] INFO  server.RaftServerConfigKeys (ConfUtils.java:logGet(44)) - raft.server.log.segment.size.max = 1048576 (custom)
2021-06-23 18:53:59,072 [pool-293-thread-1] INFO  server.RaftServerConfigKeys (ConfUtils.java:logGet(44)) - raft.server.log.preallocated.size = 16384 (custom)
2021-06-23 18:53:59,072 [pool-293-thread-1] INFO  server.RaftServerConfigKeys (ConfUtils.java:logGet(44)) - raft.server.log.force.sync.num = 128 (default)
2021-06-23 18:53:59,072 [pool-293-thread-1] INFO  server.RaftServerConfigKeys (ConfUtils.java:logGet(44)) - raft.server.log.statemachine.data.sync = true (default)
2021-06-23 18:53:59,072 [pool-293-thread-1] INFO  server.RaftServerConfigKeys (ConfUtils.java:logGet(44)) - raft.server.log.statemachine.data.sync.timeout = 10s (default)
2021-06-23 18:53:59,073 [pool-293-thread-1] INFO  server.RaftServerConfigKeys (ConfUtils.java:logGet(44)) - raft.server.log.statemachine.data.sync.timeout.retry = -1 (default)
2021-06-23 18:53:59,074 [pool-293-thread-1] INFO  server.RaftServerConfigKeys (ConfUtils.java:logGet(44)) - raft.server.log.write.buffer.size = 1048576 (custom)
2021-06-23 18:53:59,074 [pool-293-thread-1] INFO  server.RaftServerConfigKeys (ConfUtils.java:logGet(44)) - raft.server.log.statemachine.data.caching.enabled = true (custom)
2021-06-23 18:53:59,074 [pool-293-thread-1] INFO  segmented.SegmentedRaftLogWorker (SegmentedRaftLogWorker.java:lambda$new$0(133)) - 4a750d61-24e5-43ec-8266-94d98c9b7420@group-FD3D70C3EE5F-SegmentedRaftLogWorker: flushIndex: setUnconditionally 0 -> -1
2021-06-23 18:53:59,074 [pool-293-thread-1] INFO  segmented.SegmentedRaftLogWorker (SegmentedRaftLogWorker.java:lambda$new$0(133)) - 4a750d61-24e5-43ec-8266-94d98c9b7420@group-FD3D70C3EE5F-SegmentedRaftLogWorker: safeCacheEvictIndex: setUnconditionally 0 -> -1
2021-06-23 18:53:59,075 [pool-293-thread-1] INFO  server.RaftServerConfigKeys (ConfUtils.java:logGet(44)) - raft.server.snapshot.auto.trigger.enabled = true (custom)
2021-06-23 18:53:59,075 [pool-293-thread-1] INFO  server.RaftServerConfigKeys (ConfUtils.java:logGet(44)) - raft.server.snapshot.auto.trigger.threshold = 10000 (custom)
2021-06-23 18:53:59,075 [pool-293-thread-1] INFO  server.RaftServerConfigKeys (ConfUtils.java:logGet(44)) - raft.server.snapshot.retention.file.num = 5 (custom)
2021-06-23 18:53:59,075 [pool-293-thread-1] INFO  server.RaftServerConfigKeys (ConfUtils.java:logGet(44)) - raft.server.log.purge.upto.snapshot.index = false (default)
2021-06-23 18:53:59,075 [pool-293-thread-1] INFO  server.RaftServerConfigKeys (ConfUtils.java:logGet(44)) - raft.server.retrycache.expirytime = 600000ms (custom)
2021-06-23 18:53:59,075 [pool-293-thread-1] INFO  server.RaftServerConfigKeys (ConfUtils.java:logGet(44)) - raft.server.retrycache.statistics.expirytime = 100μs (default)
2021-06-23 18:53:59,075 [pool-293-thread-1] INFO  metrics.RatisMetrics (RatisMetrics.java:lambda$create$0(36)) - Creating Metrics Registry : ratis.leader_election.4a750d61-24e5-43ec-8266-94d98c9b7420@group-FD3D70C3EE5F
2021-06-23 18:53:59,076 [pool-293-thread-1] INFO  metrics.RatisMetrics (RatisMetrics.java:lambda$create$0(36)) - Creating Metrics Registry : ratis.server.4a750d61-24e5-43ec-8266-94d98c9b7420@group-FD3D70C3EE5F
2021-06-23 18:53:59,077 [pool-293-thread-1] INFO  server.RaftServer$Division (RaftServerImpl.java:start(295)) - 4a750d61-24e5-43ec-8266-94d98c9b7420@group-FD3D70C3EE5F: start as a follower, conf=-1: [4a750d61-24e5-43ec-8266-94d98c9b7420|rpc:10.1.0.43:40063|priority:1], old=null
2021-06-23 18:53:59,077 [pool-293-thread-1] INFO  server.RaftServer$Division (RaftServerImpl.java:setRole(284)) - 4a750d61-24e5-43ec-8266-94d98c9b7420@group-FD3D70C3EE5F: changes role from      null to FOLLOWER at term 0 for startAsFollower
2021-06-23 18:53:59,077 [pool-293-thread-1] INFO  impl.RoleInfo (RoleInfo.java:updateAndGet(130)) - 4a750d61-24e5-43ec-8266-94d98c9b7420: start 4a750d61-24e5-43ec-8266-94d98c9b7420@group-FD3D70C3EE5F-FollowerState
2021-06-23 18:53:59,077 [pool-293-thread-1] INFO  util.JmxRegister (JmxRegister.java:tryRegister(44)) - Successfully registered JMX Bean with object name Ratis:service=RaftServer,group=group-FD3D70C3EE5F,id=4a750d61-24e5-43ec-8266-94d98c9b7420
2021-06-23 18:53:59,077 [pool-293-thread-1] INFO  metrics.RatisMetrics (RatisMetrics.java:lambda$create$0(36)) - Creating Metrics Registry : ratis.state_machine.4a750d61-24e5-43ec-8266-94d98c9b7420@group-FD3D70C3EE5F
2021-06-23 18:53:59,079 [Command processor thread] INFO  ratis.XceiverServerRatis (XceiverServerRatis.java:addGroup(759)) - Created group PipelineID=1dbdb0f1-9f4e-4f90-9942-fd3d70c3ee5f
2021-06-23 18:53:59,080 [Command processor thread] INFO  commandhandler.CreatePipelineCommandHandler (CreatePipelineCommandHandler.java:handle(106)) - Created Pipeline RATIS ONE PipelineID=1dbdb0f1-9f4e-4f90-9942-fd3d70c3ee5f.
2021-06-23 18:53:59,080 [Command processor thread] INFO  server.RaftServer (RaftServerProxy.java:addNew(95)) - 4a750d61-24e5-43ec-8266-94d98c9b7420: addNew group-DD3CD69E62EB:[4a750d61-24e5-43ec-8266-94d98c9b7420|rpc:10.1.0.43:40063|priority:0, e477ba1d-11c9-4e24-a1b5-67f71d65ae03|rpc:10.1.0.43:46371|priority:1, b2abd95f-4cc9-4fa4-a4ec-5bbb2a845ab6|rpc:10.1.0.43:35929|priority:0] returns group-DD3CD69E62EB:java.util.concurrent.CompletableFuture@49c8e050[Not completed]
2021-06-23 18:53:59,080 [pool-293-thread-1] INFO  server.RaftServer$Division (RaftServerImpl.java:<init>(180)) - 4a750d61-24e5-43ec-8266-94d98c9b7420: new RaftServerImpl for group-DD3CD69E62EB:[4a750d61-24e5-43ec-8266-94d98c9b7420|rpc:10.1.0.43:40063|priority:0, e477ba1d-11c9-4e24-a1b5-67f71d65ae03|rpc:10.1.0.43:46371|priority:1, b2abd95f-4cc9-4fa4-a4ec-5bbb2a845ab6|rpc:10.1.0.43:35929|priority:0] with ContainerStateMachine:uninitialized
2021-06-23 18:53:59,080 [pool-293-thread-1] INFO  server.RaftServerConfigKeys (ConfUtils.java:logGet(44)) - raft.server.rpc.timeout.min = 5s (custom)
2021-06-23 18:53:59,081 [pool-293-thread-1] INFO  server.RaftServerConfigKeys (ConfUtils.java:logGet(44)) - raft.server.rpc.timeout.max = 5200ms (custom)
2021-06-23 18:53:59,081 [pool-293-thread-1] INFO  server.RaftServerConfigKeys (ConfUtils.java:logGet(44)) - raft.server.rpc.sleep.time = 25ms (default)
2021-06-23 18:53:59,081 [pool-293-thread-1] INFO  server.RaftServerConfigKeys (ConfUtils.java:logGet(44)) - raft.server.rpc.slowness.timeout = 300000ms (custom)
2021-06-23 18:53:59,081 [pool-293-thread-1] INFO  server.RaftServerConfigKeys (ConfUtils.java:logGet(44)) - raft.server.leaderelection.leader.step-down.wait-time = 10s (default)
2021-06-23 18:53:59,081 [pool-293-thread-1] INFO  server.RaftServerConfigKeys (ConfUtils.java:logGet(44)) - raft.server.sleep.deviation.threshold = 300ms (default)
2021-06-23 18:53:59,081 [pool-293-thread-1] INFO  server.RaftServerConfigKeys (ConfUtils.java:logGet(44)) - raft.server.log.appender.install.snapshot.enabled = false (custom)
2021-06-23 18:53:59,081 [pool-293-thread-1] INFO  server.RaftServer$Division (ServerState.java:<init>(105)) - 4a750d61-24e5-43ec-8266-94d98c9b7420@group-DD3CD69E62EB: ConfigurationManager, init=-1: [4a750d61-24e5-43ec-8266-94d98c9b7420|rpc:10.1.0.43:40063|priority:0, e477ba1d-11c9-4e24-a1b5-67f71d65ae03|rpc:10.1.0.43:46371|priority:1, b2abd95f-4cc9-4fa4-a4ec-5bbb2a845ab6|rpc:10.1.0.43:35929|priority:0], old=null, confs=<EMPTY_MAP>
2021-06-23 18:53:59,081 [pool-293-thread-1] INFO  server.RaftServerConfigKeys (ConfUtils.java:logGet(44)) - raft.server.storage.dir = [/home/runner/work/ozone/ozone/mnt/ozone/hadoop-ozone/integration-test/target/test-dir/MiniOzoneClusterImpl-2ba833d5-1ba9-439d-9c86-26ba043c4450/datanode-0/data/ratis] (custom)
2021-06-23 18:53:59,081 [pool-293-thread-1] INFO  server.RaftServerConfigKeys (ConfUtils.java:logGet(44)) - raft.server.log.corruption.policy = EXCEPTION (default)
2021-06-23 18:53:59,081 [pool-293-thread-1] INFO  storage.RaftStorageDirectory (RaftStorageDirectoryImpl.java:analyzeStorage(132)) - The storage directory /home/runner/work/ozone/ozone/mnt/ozone/hadoop-ozone/integration-test/target/test-dir/MiniOzoneClusterImpl-2ba833d5-1ba9-439d-9c86-26ba043c4450/datanode-0/data/ratis/a388f249-99f9-4637-b8a3-dd3cd69e62eb does not exist. Creating ...
2021-06-23 18:53:59,082 [pool-293-thread-1] INFO  storage.RaftStorageDirectory (RaftStorageDirectoryImpl.java:tryLock(215)) - Lock on /home/runner/work/ozone/ozone/mnt/ozone/hadoop-ozone/integration-test/target/test-dir/MiniOzoneClusterImpl-2ba833d5-1ba9-439d-9c86-26ba043c4450/datanode-0/data/ratis/a388f249-99f9-4637-b8a3-dd3cd69e62eb/in_use.lock acquired by nodename 19615@fv-az291-331
2021-06-23 18:53:59,084 [pool-293-thread-1] INFO  storage.RaftStorage (RaftStorageImpl.java:format(87)) - Storage directory /home/runner/work/ozone/ozone/mnt/ozone/hadoop-ozone/integration-test/target/test-dir/MiniOzoneClusterImpl-2ba833d5-1ba9-439d-9c86-26ba043c4450/datanode-0/data/ratis/a388f249-99f9-4637-b8a3-dd3cd69e62eb has been successfully formatted.
2021-06-23 18:53:59,085 [pool-293-thread-1] INFO  ratis.ContainerStateMachine (ContainerStateMachine.java:loadSnapshot(223)) - group-DD3CD69E62EB: The snapshot info is null. Setting the last applied indexto:(t:0, i:~)
2021-06-23 18:53:59,085 [pool-293-thread-1] INFO  server.RaftServerConfigKeys (ConfUtils.java:logGet(44)) - raft.server.notification.no-leader.timeout = 300000ms (custom)
2021-06-23 18:53:59,085 [pool-293-thread-1] INFO  server.RaftServerConfigKeys (ConfUtils.java:logGet(44)) - raft.server.log.use.memory = false (default)
2021-06-23 18:53:59,085 [EventQueue-OpenPipelineForHealthyPipelineSafeModeRule] INFO  safemode.SCMSafeModeManager (HealthyPipelineSafeModeRule.java:process(124)) - SCM in safe mode. Healthy pipelines reported count is 0, required healthy pipeline reported count is 1
2021-06-23 18:53:59,086 [pool-293-thread-1] INFO  server.RaftServerConfigKeys (ConfUtils.java:logGet(44)) - raft.server.log.purge.gap = 1000000 (custom)
2021-06-23 18:53:59,086 [pool-293-thread-1] INFO  server.RaftServerConfigKeys (ConfUtils.java:logGet(44)) - raft.server.log.appender.buffer.byte-limit = 33554432 (custom)
2021-06-23 18:53:59,086 [pool-293-thread-1] INFO  metrics.RatisMetrics (RatisMetrics.java:lambda$create$0(36)) - Creating Metrics Registry : ratis.log_worker.4a750d61-24e5-43ec-8266-94d98c9b7420@group-DD3CD69E62EB
2021-06-23 18:53:59,086 [pool-293-thread-1] INFO  server.RaftServerConfigKeys (ConfUtils.java:logGet(44)) - raft.server.log.segment.size.max = 1048576 (custom)
2021-06-23 18:53:59,087 [pool-293-thread-1] INFO  server.RaftServerConfigKeys (ConfUtils.java:logGet(44)) - raft.server.log.segment.cache.num.max = 2 (custom)
2021-06-23 18:53:59,087 [pool-293-thread-1] INFO  server.RaftServerConfigKeys (ConfUtils.java:logGet(44)) - raft.server.log.segment.cache.size.max = 200MB (=209715200) (default)
2021-06-23 18:53:59,087 [pool-293-thread-1] INFO  segmented.SegmentedRaftLogWorker (SegmentedRaftLogWorker.java:<init>(182)) - new 4a750d61-24e5-43ec-8266-94d98c9b7420@group-DD3CD69E62EB-SegmentedRaftLogWorker for RaftStorageImpl:Storage Directory /home/runner/work/ozone/ozone/mnt/ozone/hadoop-ozone/integration-test/target/test-dir/MiniOzoneClusterImpl-2ba833d5-1ba9-439d-9c86-26ba043c4450/datanode-0/data/ratis/a388f249-99f9-4637-b8a3-dd3cd69e62eb
2021-06-23 18:53:59,087 [pool-293-thread-1] INFO  server.RaftServerConfigKeys (ConfUtils.java:logGet(44)) - raft.server.log.queue.byte-limit = 2147483647 (custom)
2021-06-23 18:53:59,088 [pool-293-thread-1] INFO  server.RaftServerConfigKeys (ConfUtils.java:logGet(44)) - raft.server.log.queue.element-limit = 1024 (custom)
2021-06-23 18:53:59,088 [pool-293-thread-1] INFO  server.RaftServerConfigKeys (ConfUtils.java:logGet(44)) - raft.server.log.segment.size.max = 1048576 (custom)
2021-06-23 18:53:59,088 [pool-293-thread-1] INFO  server.RaftServerConfigKeys (ConfUtils.java:logGet(44)) - raft.server.log.preallocated.size = 16384 (custom)
2021-06-23 18:53:59,088 [pool-293-thread-1] INFO  server.RaftServerConfigKeys (ConfUtils.java:logGet(44)) - raft.server.log.force.sync.num = 128 (default)
2021-06-23 18:53:59,088 [pool-293-thread-1] INFO  server.RaftServerConfigKeys (ConfUtils.java:logGet(44)) - raft.server.log.statemachine.data.sync = true (default)
2021-06-23 18:53:59,088 [pool-293-thread-1] INFO  server.RaftServerConfigKeys (ConfUtils.java:logGet(44)) - raft.server.log.statemachine.data.sync.timeout = 10s (default)
2021-06-23 18:53:59,089 [pool-293-thread-1] INFO  server.RaftServerConfigKeys (ConfUtils.java:logGet(44)) - raft.server.log.statemachine.data.sync.timeout.retry = -1 (default)
2021-06-23 18:53:59,090 [pool-293-thread-1] INFO  server.RaftServerConfigKeys (ConfUtils.java:logGet(44)) - raft.server.log.write.buffer.size = 1048576 (custom)
2021-06-23 18:53:59,090 [pool-293-thread-1] INFO  server.RaftServerConfigKeys (ConfUtils.java:logGet(44)) - raft.server.log.statemachine.data.caching.enabled = true (custom)
2021-06-23 18:53:59,090 [pool-293-thread-1] INFO  segmented.SegmentedRaftLogWorker (SegmentedRaftLogWorker.java:lambda$new$0(133)) - 4a750d61-24e5-43ec-8266-94d98c9b7420@group-DD3CD69E62EB-SegmentedRaftLogWorker: flushIndex: setUnconditionally 0 -> -1
2021-06-23 18:53:59,090 [pool-293-thread-1] INFO  segmented.SegmentedRaftLogWorker (SegmentedRaftLogWorker.java:lambda$new$0(133)) - 4a750d61-24e5-43ec-8266-94d98c9b7420@group-DD3CD69E62EB-SegmentedRaftLogWorker: safeCacheEvictIndex: setUnconditionally 0 -> -1
2021-06-23 18:53:59,091 [pool-293-thread-1] INFO  server.RaftServerConfigKeys (ConfUtils.java:logGet(44)) - raft.server.snapshot.auto.trigger.enabled = true (custom)
2021-06-23 18:53:59,091 [pool-293-thread-1] INFO  server.RaftServerConfigKeys (ConfUtils.java:logGet(44)) - raft.server.snapshot.auto.trigger.threshold = 10000 (custom)
2021-06-23 18:53:59,091 [pool-293-thread-1] INFO  server.RaftServerConfigKeys (ConfUtils.java:logGet(44)) - raft.server.snapshot.retention.file.num = 5 (custom)
2021-06-23 18:53:59,091 [pool-293-thread-1] INFO  server.RaftServerConfigKeys (ConfUtils.java:logGet(44)) - raft.server.log.purge.upto.snapshot.index = false (default)
2021-06-23 18:53:59,092 [pool-293-thread-1] INFO  server.RaftServerConfigKeys (ConfUtils.java:logGet(44)) - raft.server.retrycache.expirytime = 600000ms (custom)
2021-06-23 18:53:59,092 [pool-293-thread-1] INFO  server.RaftServerConfigKeys (ConfUtils.java:logGet(44)) - raft.server.retrycache.statistics.expirytime = 100μs (default)
2021-06-23 18:53:59,092 [pool-293-thread-1] INFO  metrics.RatisMetrics (RatisMetrics.java:lambda$create$0(36)) - Creating Metrics Registry : ratis.leader_election.4a750d61-24e5-43ec-8266-94d98c9b7420@group-DD3CD69E62EB
2021-06-23 18:53:59,092 [pool-293-thread-1] INFO  metrics.RatisMetrics (RatisMetrics.java:lambda$create$0(36)) - Creating Metrics Registry : ratis.server.4a750d61-24e5-43ec-8266-94d98c9b7420@group-DD3CD69E62EB
2021-06-23 18:53:59,093 [pool-293-thread-1] INFO  server.RaftServer$Division (RaftServerImpl.java:start(295)) - 4a750d61-24e5-43ec-8266-94d98c9b7420@group-DD3CD69E62EB: start as a follower, conf=-1: [4a750d61-24e5-43ec-8266-94d98c9b7420|rpc:10.1.0.43:40063|priority:0, e477ba1d-11c9-4e24-a1b5-67f71d65ae03|rpc:10.1.0.43:46371|priority:1, b2abd95f-4cc9-4fa4-a4ec-5bbb2a845ab6|rpc:10.1.0.43:35929|priority:0], old=null
2021-06-23 18:53:59,093 [pool-293-thread-1] INFO  server.RaftServer$Division (RaftServerImpl.java:setRole(284)) - 4a750d61-24e5-43ec-8266-94d98c9b7420@group-DD3CD69E62EB: changes role from      null to FOLLOWER at term 0 for startAsFollower
2021-06-23 18:53:59,093 [pool-293-thread-1] INFO  impl.RoleInfo (RoleInfo.java:updateAndGet(130)) - 4a750d61-24e5-43ec-8266-94d98c9b7420: start 4a750d61-24e5-43ec-8266-94d98c9b7420@group-DD3CD69E62EB-FollowerState
2021-06-23 18:53:59,096 [pool-293-thread-1] INFO  util.JmxRegister (JmxRegister.java:tryRegister(44)) - Successfully registered JMX Bean with object name Ratis:service=RaftServer,group=group-DD3CD69E62EB,id=4a750d61-24e5-43ec-8266-94d98c9b7420
2021-06-23 18:53:59,096 [pool-293-thread-1] INFO  metrics.RatisMetrics (RatisMetrics.java:lambda$create$0(36)) - Creating Metrics Registry : ratis.state_machine.4a750d61-24e5-43ec-8266-94d98c9b7420@group-DD3CD69E62EB
2021-06-23 18:53:59,097 [Command processor thread] INFO  ratis.XceiverServerRatis (XceiverServerRatis.java:addGroup(759)) - Created group PipelineID=a388f249-99f9-4637-b8a3-dd3cd69e62eb
2021-06-23 18:53:59,098 [Command processor thread] INFO  metrics.RatisMetrics (RatisMetrics.java:lambda$create$0(36)) - Creating Metrics Registry : ratis.client_message_metrics.client-1D32F5C7EB6D->e477ba1d-11c9-4e24-a1b5-67f71d65ae03
2021-06-23 18:53:59,104 [grpc-default-executor-3] INFO  metrics.RatisMetrics (RatisMetrics.java:lambda$create$0(36)) - Creating Metrics Registry : ratis.server_message_metrics.e477ba1d-11c9-4e24-a1b5-67f71d65ae03
2021-06-23 18:53:59,107 [grpc-default-executor-3] INFO  server.RaftServer (RaftServerProxy.java:addNew(95)) - e477ba1d-11c9-4e24-a1b5-67f71d65ae03: addNew group-DD3CD69E62EB:[4a750d61-24e5-43ec-8266-94d98c9b7420|rpc:10.1.0.43:40063|dataStream:|priority:0, e477ba1d-11c9-4e24-a1b5-67f71d65ae03|rpc:10.1.0.43:46371|dataStream:|priority:1, b2abd95f-4cc9-4fa4-a4ec-5bbb2a845ab6|rpc:10.1.0.43:35929|dataStream:|priority:0] returns group-DD3CD69E62EB:java.util.concurrent.CompletableFuture@176d73f1[Not completed]
2021-06-23 18:53:59,114 [pool-311-thread-1] INFO  server.RaftServer$Division (RaftServerImpl.java:<init>(180)) - e477ba1d-11c9-4e24-a1b5-67f71d65ae03: new RaftServerImpl for group-DD3CD69E62EB:[4a750d61-24e5-43ec-8266-94d98c9b7420|rpc:10.1.0.43:40063|dataStream:|priority:0, e477ba1d-11c9-4e24-a1b5-67f71d65ae03|rpc:10.1.0.43:46371|dataStream:|priority:1, b2abd95f-4cc9-4fa4-a4ec-5bbb2a845ab6|rpc:10.1.0.43:35929|dataStream:|priority:0] with ContainerStateMachine:uninitialized
2021-06-23 18:53:59,114 [pool-311-thread-1] INFO  server.RaftServerConfigKeys (ConfUtils.java:logGet(44)) - raft.server.rpc.timeout.min = 5s (custom)
2021-06-23 18:53:59,114 [pool-311-thread-1] INFO  server.RaftServerConfigKeys (ConfUtils.java:logGet(44)) - raft.server.rpc.timeout.max = 5200ms (custom)
2021-06-23 18:53:59,114 [pool-311-thread-1] INFO  server.RaftServerConfigKeys (ConfUtils.java:logGet(44)) - raft.server.rpc.sleep.time = 25ms (default)
2021-06-23 18:53:59,114 [pool-311-thread-1] INFO  server.RaftServerConfigKeys (ConfUtils.java:logGet(44)) - raft.server.rpc.slowness.timeout = 300000ms (custom)
2021-06-23 18:53:59,114 [pool-311-thread-1] INFO  server.RaftServerConfigKeys (ConfUtils.java:logGet(44)) - raft.server.leaderelection.leader.step-down.wait-time = 10s (default)
2021-06-23 18:53:59,114 [pool-311-thread-1] INFO  server.RaftServerConfigKeys (ConfUtils.java:logGet(44)) - raft.server.sleep.deviation.threshold = 300ms (default)
2021-06-23 18:53:59,114 [pool-311-thread-1] INFO  server.RaftServerConfigKeys (ConfUtils.java:logGet(44)) - raft.server.log.appender.install.snapshot.enabled = false (custom)
2021-06-23 18:53:59,114 [pool-311-thread-1] INFO  server.RaftServer$Division (ServerState.java:<init>(105)) - e477ba1d-11c9-4e24-a1b5-67f71d65ae03@group-DD3CD69E62EB: ConfigurationManager, init=-1: [4a750d61-24e5-43ec-8266-94d98c9b7420|rpc:10.1.0.43:40063|dataStream:|priority:0, e477ba1d-11c9-4e24-a1b5-67f71d65ae03|rpc:10.1.0.43:46371|dataStream:|priority:1, b2abd95f-4cc9-4fa4-a4ec-5bbb2a845ab6|rpc:10.1.0.43:35929|dataStream:|priority:0], old=null, confs=<EMPTY_MAP>
2021-06-23 18:53:59,114 [pool-311-thread-1] INFO  server.RaftServerConfigKeys (ConfUtils.java:logGet(44)) - raft.server.storage.dir = [/home/runner/work/ozone/ozone/mnt/ozone/hadoop-ozone/integration-test/target/test-dir/MiniOzoneClusterImpl-2ba833d5-1ba9-439d-9c86-26ba043c4450/datanode-1/data/ratis] (custom)
2021-06-23 18:53:59,114 [pool-311-thread-1] INFO  server.RaftServerConfigKeys (ConfUtils.java:logGet(44)) - raft.server.log.corruption.policy = EXCEPTION (default)
2021-06-23 18:53:59,115 [pool-311-thread-1] INFO  storage.RaftStorageDirectory (RaftStorageDirectoryImpl.java:analyzeStorage(132)) - The storage directory /home/runner/work/ozone/ozone/mnt/ozone/hadoop-ozone/integration-test/target/test-dir/MiniOzoneClusterImpl-2ba833d5-1ba9-439d-9c86-26ba043c4450/datanode-1/data/ratis/a388f249-99f9-4637-b8a3-dd3cd69e62eb does not exist. Creating ...
2021-06-23 18:53:59,116 [pool-311-thread-1] INFO  storage.RaftStorageDirectory (RaftStorageDirectoryImpl.java:tryLock(215)) - Lock on /home/runner/work/ozone/ozone/mnt/ozone/hadoop-ozone/integration-test/target/test-dir/MiniOzoneClusterImpl-2ba833d5-1ba9-439d-9c86-26ba043c4450/datanode-1/data/ratis/a388f249-99f9-4637-b8a3-dd3cd69e62eb/in_use.lock acquired by nodename 19615@fv-az291-331
2021-06-23 18:53:59,117 [pool-311-thread-1] INFO  storage.RaftStorage (RaftStorageImpl.java:format(87)) - Storage directory /home/runner/work/ozone/ozone/mnt/ozone/hadoop-ozone/integration-test/target/test-dir/MiniOzoneClusterImpl-2ba833d5-1ba9-439d-9c86-26ba043c4450/datanode-1/data/ratis/a388f249-99f9-4637-b8a3-dd3cd69e62eb has been successfully formatted.
2021-06-23 18:53:59,118 [pool-311-thread-1] INFO  ratis.ContainerStateMachine (ContainerStateMachine.java:loadSnapshot(223)) - group-DD3CD69E62EB: The snapshot info is null. Setting the last applied indexto:(t:0, i:~)
2021-06-23 18:53:59,118 [pool-311-thread-1] INFO  server.RaftServerConfigKeys (ConfUtils.java:logGet(44)) - raft.server.notification.no-leader.timeout = 300000ms (custom)
2021-06-23 18:53:59,118 [pool-311-thread-1] INFO  server.RaftServerConfigKeys (ConfUtils.java:logGet(44)) - raft.server.log.use.memory = false (default)
2021-06-23 18:53:59,118 [pool-311-thread-1] INFO  server.RaftServerConfigKeys (ConfUtils.java:logGet(44)) - raft.server.log.purge.gap = 1000000 (custom)
2021-06-23 18:53:59,118 [pool-311-thread-1] INFO  server.RaftServerConfigKeys (ConfUtils.java:logGet(44)) - raft.server.log.appender.buffer.byte-limit = 33554432 (custom)
2021-06-23 18:53:59,119 [pool-311-thread-1] INFO  metrics.RatisMetrics (RatisMetrics.java:lambda$create$0(36)) - Creating Metrics Registry : ratis.log_worker.e477ba1d-11c9-4e24-a1b5-67f71d65ae03@group-DD3CD69E62EB
2021-06-23 18:53:59,119 [pool-311-thread-1] INFO  server.RaftServerConfigKeys (ConfUtils.java:logGet(44)) - raft.server.log.segment.size.max = 1048576 (custom)
2021-06-23 18:53:59,119 [pool-311-thread-1] INFO  server.RaftServerConfigKeys (ConfUtils.java:logGet(44)) - raft.server.log.segment.cache.num.max = 2 (custom)
2021-06-23 18:53:59,119 [pool-311-thread-1] INFO  server.RaftServerConfigKeys (ConfUtils.java:logGet(44)) - raft.server.log.segment.cache.size.max = 200MB (=209715200) (default)
2021-06-23 18:53:59,121 [pool-311-thread-1] INFO  segmented.SegmentedRaftLogWorker (SegmentedRaftLogWorker.java:<init>(182)) - new e477ba1d-11c9-4e24-a1b5-67f71d65ae03@group-DD3CD69E62EB-SegmentedRaftLogWorker for RaftStorageImpl:Storage Directory /home/runner/work/ozone/ozone/mnt/ozone/hadoop-ozone/integration-test/target/test-dir/MiniOzoneClusterImpl-2ba833d5-1ba9-439d-9c86-26ba043c4450/datanode-1/data/ratis/a388f249-99f9-4637-b8a3-dd3cd69e62eb
2021-06-23 18:53:59,121 [pool-311-thread-1] INFO  server.RaftServerConfigKeys (ConfUtils.java:logGet(44)) - raft.server.log.queue.byte-limit = 2147483647 (custom)
2021-06-23 18:53:59,121 [pool-311-thread-1] INFO  server.RaftServerConfigKeys (ConfUtils.java:logGet(44)) - raft.server.log.queue.element-limit = 1024 (custom)
2021-06-23 18:53:59,121 [pool-311-thread-1] INFO  server.RaftServerConfigKeys (ConfUtils.java:logGet(44)) - raft.server.log.segment.size.max = 1048576 (custom)
2021-06-23 18:53:59,121 [pool-311-thread-1] INFO  server.RaftServerConfigKeys (ConfUtils.java:logGet(44)) - raft.server.log.preallocated.size = 16384 (custom)
2021-06-23 18:53:59,121 [pool-311-thread-1] INFO  server.RaftServerConfigKeys (ConfUtils.java:logGet(44)) - raft.server.log.force.sync.num = 128 (default)
2021-06-23 18:53:59,121 [pool-311-thread-1] INFO  server.RaftServerConfigKeys (ConfUtils.java:logGet(44)) - raft.server.log.statemachine.data.sync = true (default)
2021-06-23 18:53:59,121 [pool-311-thread-1] INFO  server.RaftServerConfigKeys (ConfUtils.java:logGet(44)) - raft.server.log.statemachine.data.sync.timeout = 10s (default)
2021-06-23 18:53:59,121 [pool-311-thread-1] INFO  server.RaftServerConfigKeys (ConfUtils.java:logGet(44)) - raft.server.log.statemachine.data.sync.timeout.retry = -1 (default)
2021-06-23 18:53:59,122 [pool-311-thread-1] INFO  server.RaftServerConfigKeys (ConfUtils.java:logGet(44)) - raft.server.log.write.buffer.size = 1048576 (custom)
2021-06-23 18:53:59,123 [pool-311-thread-1] INFO  server.RaftServerConfigKeys (ConfUtils.java:logGet(44)) - raft.server.log.statemachine.data.caching.enabled = true (custom)
2021-06-23 18:53:59,123 [pool-311-thread-1] INFO  segmented.SegmentedRaftLogWorker (SegmentedRaftLogWorker.java:lambda$new$0(133)) - e477ba1d-11c9-4e24-a1b5-67f71d65ae03@group-DD3CD69E62EB-SegmentedRaftLogWorker: flushIndex: setUnconditionally 0 -> -1
2021-06-23 18:53:59,123 [pool-311-thread-1] INFO  segmented.SegmentedRaftLogWorker (SegmentedRaftLogWorker.java:lambda$new$0(133)) - e477ba1d-11c9-4e24-a1b5-67f71d65ae03@group-DD3CD69E62EB-SegmentedRaftLogWorker: safeCacheEvictIndex: setUnconditionally 0 -> -1
2021-06-23 18:53:59,126 [pool-311-thread-1] INFO  server.RaftServerConfigKeys (ConfUtils.java:logGet(44)) - raft.server.snapshot.auto.trigger.enabled = true (custom)
2021-06-23 18:53:59,126 [pool-311-thread-1] INFO  server.RaftServerConfigKeys (ConfUtils.java:logGet(44)) - raft.server.snapshot.auto.trigger.threshold = 10000 (custom)
2021-06-23 18:53:59,126 [pool-311-thread-1] INFO  server.RaftServerConfigKeys (ConfUtils.java:logGet(44)) - raft.server.snapshot.retention.file.num = 5 (custom)
2021-06-23 18:53:59,126 [pool-311-thread-1] INFO  server.RaftServerConfigKeys (ConfUtils.java:logGet(44)) - raft.server.log.purge.upto.snapshot.index = false (default)
2021-06-23 18:53:59,126 [pool-311-thread-1] INFO  server.RaftServerConfigKeys (ConfUtils.java:logGet(44)) - raft.server.retrycache.expirytime = 600000ms (custom)
2021-06-23 18:53:59,126 [pool-311-thread-1] INFO  server.RaftServerConfigKeys (ConfUtils.java:logGet(44)) - raft.server.retrycache.statistics.expirytime = 100μs (default)
2021-06-23 18:53:59,133 [pool-311-thread-1] INFO  metrics.RatisMetrics (RatisMetrics.java:lambda$create$0(36)) - Creating Metrics Registry : ratis.leader_election.e477ba1d-11c9-4e24-a1b5-67f71d65ae03@group-DD3CD69E62EB
2021-06-23 18:53:59,134 [pool-311-thread-1] INFO  metrics.RatisMetrics (RatisMetrics.java:lambda$create$0(36)) - Creating Metrics Registry : ratis.server.e477ba1d-11c9-4e24-a1b5-67f71d65ae03@group-DD3CD69E62EB
2021-06-23 18:53:59,135 [pool-311-thread-1] INFO  server.RaftServer$Division (RaftServerImpl.java:start(295)) - e477ba1d-11c9-4e24-a1b5-67f71d65ae03@group-DD3CD69E62EB: start as a follower, conf=-1: [4a750d61-24e5-43ec-8266-94d98c9b7420|rpc:10.1.0.43:40063|dataStream:|priority:0, e477ba1d-11c9-4e24-a1b5-67f71d65ae03|rpc:10.1.0.43:46371|dataStream:|priority:1, b2abd95f-4cc9-4fa4-a4ec-5bbb2a845ab6|rpc:10.1.0.43:35929|dataStream:|priority:0], old=null
2021-06-23 18:53:59,135 [pool-311-thread-1] INFO  server.RaftServer$Division (RaftServerImpl.java:setRole(284)) - e477ba1d-11c9-4e24-a1b5-67f71d65ae03@group-DD3CD69E62EB: changes role from      null to FOLLOWER at term 0 for startAsFollower
2021-06-23 18:53:59,135 [pool-311-thread-1] INFO  impl.RoleInfo (RoleInfo.java:updateAndGet(130)) - e477ba1d-11c9-4e24-a1b5-67f71d65ae03: start e477ba1d-11c9-4e24-a1b5-67f71d65ae03@group-DD3CD69E62EB-FollowerState
2021-06-23 18:53:59,135 [pool-311-thread-1] INFO  util.JmxRegister (JmxRegister.java:tryRegister(44)) - Successfully registered JMX Bean with object name Ratis:service=RaftServer,group=group-DD3CD69E62EB,id=e477ba1d-11c9-4e24-a1b5-67f71d65ae03
2021-06-23 18:53:59,135 [pool-311-thread-1] INFO  metrics.RatisMetrics (RatisMetrics.java:lambda$create$0(36)) - Creating Metrics Registry : ratis.state_machine.e477ba1d-11c9-4e24-a1b5-67f71d65ae03@group-DD3CD69E62EB
2021-06-23 18:53:59,142 [Command processor thread] INFO  metrics.RatisMetrics (RatisMetrics.java:lambda$create$0(36)) - Creating Metrics Registry : ratis.client_message_metrics.client-92F2F89CF284->b2abd95f-4cc9-4fa4-a4ec-5bbb2a845ab6
2021-06-23 18:53:59,149 [grpc-default-executor-3] INFO  metrics.RatisMetrics (RatisMetrics.java:lambda$create$0(36)) - Creating Metrics Registry : ratis.server_message_metrics.b2abd95f-4cc9-4fa4-a4ec-5bbb2a845ab6
2021-06-23 18:53:59,151 [grpc-default-executor-3] INFO  server.RaftServer (RaftServerProxy.java:addNew(95)) - b2abd95f-4cc9-4fa4-a4ec-5bbb2a845ab6: addNew group-DD3CD69E62EB:[4a750d61-24e5-43ec-8266-94d98c9b7420|rpc:10.1.0.43:40063|dataStream:|priority:0, e477ba1d-11c9-4e24-a1b5-67f71d65ae03|rpc:10.1.0.43:46371|dataStream:|priority:1, b2abd95f-4cc9-4fa4-a4ec-5bbb2a845ab6|rpc:10.1.0.43:35929|dataStream:|priority:0] returns group-DD3CD69E62EB:java.util.concurrent.CompletableFuture@6a6e1f0[Not completed]
2021-06-23 18:53:59,152 [pool-329-thread-1] INFO  server.RaftServer$Division (RaftServerImpl.java:<init>(180)) - b2abd95f-4cc9-4fa4-a4ec-5bbb2a845ab6: new RaftServerImpl for group-DD3CD69E62EB:[4a750d61-24e5-43ec-8266-94d98c9b7420|rpc:10.1.0.43:40063|dataStream:|priority:0, e477ba1d-11c9-4e24-a1b5-67f71d65ae03|rpc:10.1.0.43:46371|dataStream:|priority:1, b2abd95f-4cc9-4fa4-a4ec-5bbb2a845ab6|rpc:10.1.0.43:35929|dataStream:|priority:0] with ContainerStateMachine:uninitialized
2021-06-23 18:53:59,152 [pool-329-thread-1] INFO  server.RaftServerConfigKeys (ConfUtils.java:logGet(44)) - raft.server.rpc.timeout.min = 5s (custom)
2021-06-23 18:53:59,152 [pool-329-thread-1] INFO  server.RaftServerConfigKeys (ConfUtils.java:logGet(44)) - raft.server.rpc.timeout.max = 5200ms (custom)
2021-06-23 18:53:59,152 [pool-329-thread-1] INFO  server.RaftServerConfigKeys (ConfUtils.java:logGet(44)) - raft.server.rpc.sleep.time = 25ms (default)
2021-06-23 18:53:59,153 [pool-329-thread-1] INFO  server.RaftServerConfigKeys (ConfUtils.java:logGet(44)) - raft.server.rpc.slowness.timeout = 300000ms (custom)
2021-06-23 18:53:59,153 [pool-329-thread-1] INFO  server.RaftServerConfigKeys (ConfUtils.java:logGet(44)) - raft.server.leaderelection.leader.step-down.wait-time = 10s (default)
2021-06-23 18:53:59,153 [pool-329-thread-1] INFO  server.RaftServerConfigKeys (ConfUtils.java:logGet(44)) - raft.server.sleep.deviation.threshold = 300ms (default)
2021-06-23 18:53:59,153 [pool-329-thread-1] INFO  server.RaftServerConfigKeys (ConfUtils.java:logGet(44)) - raft.server.log.appender.install.snapshot.enabled = false (custom)
2021-06-23 18:53:59,153 [pool-329-thread-1] INFO  server.RaftServer$Division (ServerState.java:<init>(105)) - b2abd95f-4cc9-4fa4-a4ec-5bbb2a845ab6@group-DD3CD69E62EB: ConfigurationManager, init=-1: [4a750d61-24e5-43ec-8266-94d98c9b7420|rpc:10.1.0.43:40063|dataStream:|priority:0, e477ba1d-11c9-4e24-a1b5-67f71d65ae03|rpc:10.1.0.43:46371|dataStream:|priority:1, b2abd95f-4cc9-4fa4-a4ec-5bbb2a845ab6|rpc:10.1.0.43:35929|dataStream:|priority:0], old=null, confs=<EMPTY_MAP>
2021-06-23 18:53:59,153 [pool-329-thread-1] INFO  server.RaftServerConfigKeys (ConfUtils.java:logGet(44)) - raft.server.storage.dir = [/home/runner/work/ozone/ozone/mnt/ozone/hadoop-ozone/integration-test/target/test-dir/MiniOzoneClusterImpl-2ba833d5-1ba9-439d-9c86-26ba043c4450/datanode-2/data/ratis] (custom)
2021-06-23 18:53:59,153 [pool-329-thread-1] INFO  server.RaftServerConfigKeys (ConfUtils.java:logGet(44)) - raft.server.log.corruption.policy = EXCEPTION (default)
2021-06-23 18:53:59,153 [pool-329-thread-1] INFO  storage.RaftStorageDirectory (RaftStorageDirectoryImpl.java:analyzeStorage(132)) - The storage directory /home/runner/work/ozone/ozone/mnt/ozone/hadoop-ozone/integration-test/target/test-dir/MiniOzoneClusterImpl-2ba833d5-1ba9-439d-9c86-26ba043c4450/datanode-2/data/ratis/a388f249-99f9-4637-b8a3-dd3cd69e62eb does not exist. Creating ...
2021-06-23 18:53:59,154 [pool-329-thread-1] INFO  storage.RaftStorageDirectory (RaftStorageDirectoryImpl.java:tryLock(215)) - Lock on /home/runner/work/ozone/ozone/mnt/ozone/hadoop-ozone/integration-test/target/test-dir/MiniOzoneClusterImpl-2ba833d5-1ba9-439d-9c86-26ba043c4450/datanode-2/data/ratis/a388f249-99f9-4637-b8a3-dd3cd69e62eb/in_use.lock acquired by nodename 19615@fv-az291-331
2021-06-23 18:53:59,155 [pool-329-thread-1] INFO  storage.RaftStorage (RaftStorageImpl.java:format(87)) - Storage directory /home/runner/work/ozone/ozone/mnt/ozone/hadoop-ozone/integration-test/target/test-dir/MiniOzoneClusterImpl-2ba833d5-1ba9-439d-9c86-26ba043c4450/datanode-2/data/ratis/a388f249-99f9-4637-b8a3-dd3cd69e62eb has been successfully formatted.
2021-06-23 18:53:59,156 [Command processor thread] INFO  server.RaftServer (RaftServerProxy.java:addNew(95)) - e477ba1d-11c9-4e24-a1b5-67f71d65ae03: addNew group-62CEF9D40F83:[e477ba1d-11c9-4e24-a1b5-67f71d65ae03|rpc:10.1.0.43:46371|priority:1] returns group-62CEF9D40F83:java.util.concurrent.CompletableFuture@30c03502[Not completed]
2021-06-23 18:53:59,157 [pool-311-thread-1] INFO  server.RaftServer$Division (RaftServerImpl.java:<init>(180)) - e477ba1d-11c9-4e24-a1b5-67f71d65ae03: new RaftServerImpl for group-62CEF9D40F83:[e477ba1d-11c9-4e24-a1b5-67f71d65ae03|rpc:10.1.0.43:46371|priority:1] with ContainerStateMachine:uninitialized
2021-06-23 18:53:59,157 [pool-311-thread-1] INFO  server.RaftServerConfigKeys (ConfUtils.java:logGet(44)) - raft.server.rpc.timeout.min = 5s (custom)
2021-06-23 18:53:59,157 [pool-311-thread-1] INFO  server.RaftServerConfigKeys (ConfUtils.java:logGet(44)) - raft.server.rpc.timeout.max = 5200ms (custom)
2021-06-23 18:53:59,157 [pool-311-thread-1] INFO  server.RaftServerConfigKeys (ConfUtils.java:logGet(44)) - raft.server.rpc.sleep.time = 25ms (default)
2021-06-23 18:53:59,157 [pool-311-thread-1] INFO  server.RaftServerConfigKeys (ConfUtils.java:logGet(44)) - raft.server.rpc.slowness.timeout = 300000ms (custom)
2021-06-23 18:53:59,157 [pool-311-thread-1] INFO  server.RaftServerConfigKeys (ConfUtils.java:logGet(44)) - raft.server.leaderelection.leader.step-down.wait-time = 10s (default)
2021-06-23 18:53:59,157 [pool-311-thread-1] INFO  server.RaftServerConfigKeys (ConfUtils.java:logGet(44)) - raft.server.sleep.deviation.threshold = 300ms (default)
2021-06-23 18:53:59,157 [pool-311-thread-1] INFO  server.RaftServerConfigKeys (ConfUtils.java:logGet(44)) - raft.server.log.appender.install.snapshot.enabled = false (custom)
2021-06-23 18:53:59,157 [pool-311-thread-1] INFO  server.RaftServer$Division (ServerState.java:<init>(105)) - e477ba1d-11c9-4e24-a1b5-67f71d65ae03@group-62CEF9D40F83: ConfigurationManager, init=-1: [e477ba1d-11c9-4e24-a1b5-67f71d65ae03|rpc:10.1.0.43:46371|priority:1], old=null, confs=<EMPTY_MAP>
2021-06-23 18:53:59,157 [pool-311-thread-1] INFO  server.RaftServerConfigKeys (ConfUtils.java:logGet(44)) - raft.server.storage.dir = [/home/runner/work/ozone/ozone/mnt/ozone/hadoop-ozone/integration-test/target/test-dir/MiniOzoneClusterImpl-2ba833d5-1ba9-439d-9c86-26ba043c4450/datanode-1/data/ratis] (custom)
2021-06-23 18:53:59,158 [pool-311-thread-1] INFO  server.RaftServerConfigKeys (ConfUtils.java:logGet(44)) - raft.server.log.corruption.policy = EXCEPTION (default)
2021-06-23 18:53:59,158 [pool-311-thread-1] INFO  storage.RaftStorageDirectory (RaftStorageDirectoryImpl.java:analyzeStorage(132)) - The storage directory /home/runner/work/ozone/ozone/mnt/ozone/hadoop-ozone/integration-test/target/test-dir/MiniOzoneClusterImpl-2ba833d5-1ba9-439d-9c86-26ba043c4450/datanode-1/data/ratis/f063a1f7-0470-4314-b181-62cef9d40f83 does not exist. Creating ...
2021-06-23 18:53:59,158 [pool-329-thread-1] INFO  ratis.ContainerStateMachine (ContainerStateMachine.java:loadSnapshot(223)) - group-DD3CD69E62EB: The snapshot info is null. Setting the last applied indexto:(t:0, i:~)
2021-06-23 18:53:59,158 [pool-329-thread-1] INFO  server.RaftServerConfigKeys (ConfUtils.java:logGet(44)) - raft.server.notification.no-leader.timeout = 300000ms (custom)
2021-06-23 18:53:59,159 [pool-311-thread-1] INFO  storage.RaftStorageDirectory (RaftStorageDirectoryImpl.java:tryLock(215)) - Lock on /home/runner/work/ozone/ozone/mnt/ozone/hadoop-ozone/integration-test/target/test-dir/MiniOzoneClusterImpl-2ba833d5-1ba9-439d-9c86-26ba043c4450/datanode-1/data/ratis/f063a1f7-0470-4314-b181-62cef9d40f83/in_use.lock acquired by nodename 19615@fv-az291-331
2021-06-23 18:53:59,160 [pool-329-thread-1] INFO  server.RaftServerConfigKeys (ConfUtils.java:logGet(44)) - raft.server.log.use.memory = false (default)
2021-06-23 18:53:59,160 [pool-329-thread-1] INFO  server.RaftServerConfigKeys (ConfUtils.java:logGet(44)) - raft.server.log.purge.gap = 1000000 (custom)
2021-06-23 18:53:59,160 [pool-329-thread-1] INFO  server.RaftServerConfigKeys (ConfUtils.java:logGet(44)) - raft.server.log.appender.buffer.byte-limit = 33554432 (custom)
2021-06-23 18:53:59,160 [pool-329-thread-1] INFO  metrics.RatisMetrics (RatisMetrics.java:lambda$create$0(36)) - Creating Metrics Registry : ratis.log_worker.b2abd95f-4cc9-4fa4-a4ec-5bbb2a845ab6@group-DD3CD69E62EB
2021-06-23 18:53:59,161 [pool-311-thread-1] INFO  storage.RaftStorage (RaftStorageImpl.java:format(87)) - Storage directory /home/runner/work/ozone/ozone/mnt/ozone/hadoop-ozone/integration-test/target/test-dir/MiniOzoneClusterImpl-2ba833d5-1ba9-439d-9c86-26ba043c4450/datanode-1/data/ratis/f063a1f7-0470-4314-b181-62cef9d40f83 has been successfully formatted.
2021-06-23 18:53:59,161 [pool-311-thread-1] INFO  ratis.ContainerStateMachine (ContainerStateMachine.java:loadSnapshot(223)) - group-62CEF9D40F83: The snapshot info is null. Setting the last applied indexto:(t:0, i:~)
2021-06-23 18:53:59,161 [pool-311-thread-1] INFO  server.RaftServerConfigKeys (ConfUtils.java:logGet(44)) - raft.server.notification.no-leader.timeout = 300000ms (custom)
2021-06-23 18:53:59,161 [pool-311-thread-1] INFO  server.RaftServerConfigKeys (ConfUtils.java:logGet(44)) - raft.server.log.use.memory = false (default)
2021-06-23 18:53:59,161 [pool-311-thread-1] INFO  server.RaftServerConfigKeys (ConfUtils.java:logGet(44)) - raft.server.log.purge.gap = 1000000 (custom)
2021-06-23 18:53:59,161 [pool-311-thread-1] INFO  server.RaftServerConfigKeys (ConfUtils.java:logGet(44)) - raft.server.log.appender.buffer.byte-limit = 33554432 (custom)
2021-06-23 18:53:59,161 [pool-311-thread-1] INFO  metrics.RatisMetrics (RatisMetrics.java:lambda$create$0(36)) - Creating Metrics Registry : ratis.log_worker.e477ba1d-11c9-4e24-a1b5-67f71d65ae03@group-62CEF9D40F83
2021-06-23 18:53:59,162 [pool-311-thread-1] INFO  server.RaftServerConfigKeys (ConfUtils.java:logGet(44)) - raft.server.log.segment.size.max = 1048576 (custom)
2021-06-23 18:53:59,162 [pool-311-thread-1] INFO  server.RaftServerConfigKeys (ConfUtils.java:logGet(44)) - raft.server.log.segment.cache.num.max = 2 (custom)
2021-06-23 18:53:59,162 [pool-311-thread-1] INFO  server.RaftServerConfigKeys (ConfUtils.java:logGet(44)) - raft.server.log.segment.cache.size.max = 200MB (=209715200) (default)
2021-06-23 18:53:59,162 [pool-311-thread-1] INFO  segmented.SegmentedRaftLogWorker (SegmentedRaftLogWorker.java:<init>(182)) - new e477ba1d-11c9-4e24-a1b5-67f71d65ae03@group-62CEF9D40F83-SegmentedRaftLogWorker for RaftStorageImpl:Storage Directory /home/runner/work/ozone/ozone/mnt/ozone/hadoop-ozone/integration-test/target/test-dir/MiniOzoneClusterImpl-2ba833d5-1ba9-439d-9c86-26ba043c4450/datanode-1/data/ratis/f063a1f7-0470-4314-b181-62cef9d40f83
2021-06-23 18:53:59,162 [pool-311-thread-1] INFO  server.RaftServerConfigKeys (ConfUtils.java:logGet(44)) - raft.server.log.queue.byte-limit = 2147483647 (custom)
2021-06-23 18:53:59,162 [pool-311-thread-1] INFO  server.RaftServerConfigKeys (ConfUtils.java:logGet(44)) - raft.server.log.queue.element-limit = 1024 (custom)
2021-06-23 18:53:59,162 [pool-311-thread-1] INFO  server.RaftServerConfigKeys (ConfUtils.java:logGet(44)) - raft.server.log.segment.size.max = 1048576 (custom)
2021-06-23 18:53:59,162 [pool-311-thread-1] INFO  server.RaftServerConfigKeys (ConfUtils.java:logGet(44)) - raft.server.log.preallocated.size = 16384 (custom)
2021-06-23 18:53:59,162 [pool-311-thread-1] INFO  server.RaftServerConfigKeys (ConfUtils.java:logGet(44)) - raft.server.log.force.sync.num = 128 (default)
2021-06-23 18:53:59,162 [pool-311-thread-1] INFO  server.RaftServerConfigKeys (ConfUtils.java:logGet(44)) - raft.server.log.statemachine.data.sync = true (default)
2021-06-23 18:53:59,163 [pool-311-thread-1] INFO  server.RaftServerConfigKeys (ConfUtils.java:logGet(44)) - raft.server.log.statemachine.data.sync.timeout = 10s (default)
2021-06-23 18:53:59,163 [pool-311-thread-1] INFO  server.RaftServerConfigKeys (ConfUtils.java:logGet(44)) - raft.server.log.statemachine.data.sync.timeout.retry = -1 (default)
2021-06-23 18:53:59,164 [pool-311-thread-1] INFO  server.RaftServerConfigKeys (ConfUtils.java:logGet(44)) - raft.server.log.write.buffer.size = 1048576 (custom)
2021-06-23 18:53:59,165 [pool-311-thread-1] INFO  server.RaftServerConfigKeys (ConfUtils.java:logGet(44)) - raft.server.log.statemachine.data.caching.enabled = true (custom)
2021-06-23 18:53:59,165 [pool-311-thread-1] INFO  segmented.SegmentedRaftLogWorker (SegmentedRaftLogWorker.java:lambda$new$0(133)) - e477ba1d-11c9-4e24-a1b5-67f71d65ae03@group-62CEF9D40F83-SegmentedRaftLogWorker: flushIndex: setUnconditionally 0 -> -1
2021-06-23 18:53:59,165 [pool-311-thread-1] INFO  segmented.SegmentedRaftLogWorker (SegmentedRaftLogWorker.java:lambda$new$0(133)) - e477ba1d-11c9-4e24-a1b5-67f71d65ae03@group-62CEF9D40F83-SegmentedRaftLogWorker: safeCacheEvictIndex: setUnconditionally 0 -> -1
2021-06-23 18:53:59,165 [pool-329-thread-1] INFO  server.RaftServerConfigKeys (ConfUtils.java:logGet(44)) - raft.server.log.segment.size.max = 1048576 (custom)
2021-06-23 18:53:59,166 [EventQueue-PipelineReportForPipelineReportHandler] INFO  pipeline.PipelineManagerV2Impl (PipelineManagerV2Impl.java:openPipeline(270)) - Pipeline Pipeline[ Id: f063a1f7-0470-4314-b181-62cef9d40f83, Nodes: e477ba1d-11c9-4e24-a1b5-67f71d65ae03{ip: 10.1.0.43, host: fv-az291-331.wgnan5asplgejimfprtllbpdch.jx.internal.cloudapp.net, ports: [REPLICATION=40941, RATIS=46371, RATIS_ADMIN=46371, RATIS_SERVER=46371, STANDALONE=41615], networkLocation: /default-rack, certSerialId: null, persistedOpState: IN_SERVICE, persistedOpStateExpiryEpochSec: 0}, ReplicationConfig: RATIS/ONE, State:ALLOCATED, leaderId:e477ba1d-11c9-4e24-a1b5-67f71d65ae03, CreationTimestamp2021-06-23T18:53:56.158Z] moved to OPEN state
2021-06-23 18:53:59,166 [EventQueue-OpenPipelineForHealthyPipelineSafeModeRule] INFO  safemode.SCMSafeModeManager (HealthyPipelineSafeModeRule.java:process(124)) - SCM in safe mode. Healthy pipelines reported count is 0, required healthy pipeline reported count is 1
2021-06-23 18:53:59,166 [pool-329-thread-1] INFO  server.RaftServerConfigKeys (ConfUtils.java:logGet(44)) - raft.server.log.segment.cache.num.max = 2 (custom)
2021-06-23 18:53:59,167 [pool-329-thread-1] INFO  server.RaftServerConfigKeys (ConfUtils.java:logGet(44)) - raft.server.log.segment.cache.size.max = 200MB (=209715200) (default)
2021-06-23 18:53:59,167 [pool-329-thread-1] INFO  segmented.SegmentedRaftLogWorker (SegmentedRaftLogWorker.java:<init>(182)) - new b2abd95f-4cc9-4fa4-a4ec-5bbb2a845ab6@group-DD3CD69E62EB-SegmentedRaftLogWorker for RaftStorageImpl:Storage Directory /home/runner/work/ozone/ozone/mnt/ozone/hadoop-ozone/integration-test/target/test-dir/MiniOzoneClusterImpl-2ba833d5-1ba9-439d-9c86-26ba043c4450/datanode-2/data/ratis/a388f249-99f9-4637-b8a3-dd3cd69e62eb
2021-06-23 18:53:59,167 [pool-329-thread-1] INFO  server.RaftServerConfigKeys (ConfUtils.java:logGet(44)) - raft.server.log.queue.byte-limit = 2147483647 (custom)
2021-06-23 18:53:59,167 [pool-329-thread-1] INFO  server.RaftServerConfigKeys (ConfUtils.java:logGet(44)) - raft.server.log.queue.element-limit = 1024 (custom)
2021-06-23 18:53:59,167 [pool-329-thread-1] INFO  server.RaftServerConfigKeys (ConfUtils.java:logGet(44)) - raft.server.log.segment.size.max = 1048576 (custom)
2021-06-23 18:53:59,167 [pool-329-thread-1] INFO  server.RaftServerConfigKeys (ConfUtils.java:logGet(44)) - raft.server.log.preallocated.size = 16384 (custom)
2021-06-23 18:53:59,167 [pool-329-thread-1] INFO  server.RaftServerConfigKeys (ConfUtils.java:logGet(44)) - raft.server.log.force.sync.num = 128 (default)
2021-06-23 18:53:59,167 [pool-329-thread-1] INFO  server.RaftServerConfigKeys (ConfUtils.java:logGet(44)) - raft.server.log.statemachine.data.sync = true (default)
2021-06-23 18:53:59,167 [pool-329-thread-1] INFO  server.RaftServerConfigKeys (ConfUtils.java:logGet(44)) - raft.server.log.statemachine.data.sync.timeout = 10s (default)
2021-06-23 18:53:59,167 [pool-329-thread-1] INFO  server.RaftServerConfigKeys (ConfUtils.java:logGet(44)) - raft.server.log.statemachine.data.sync.timeout.retry = -1 (default)
2021-06-23 18:53:59,167 [pool-311-thread-1] INFO  server.RaftServerConfigKeys (ConfUtils.java:logGet(44)) - raft.server.snapshot.auto.trigger.enabled = true (custom)
2021-06-23 18:53:59,167 [pool-311-thread-1] INFO  server.RaftServerConfigKeys (ConfUtils.java:logGet(44)) - raft.server.snapshot.auto.trigger.threshold = 10000 (custom)
2021-06-23 18:53:59,167 [pool-311-thread-1] INFO  server.RaftServerConfigKeys (ConfUtils.java:logGet(44)) - raft.server.snapshot.retention.file.num = 5 (custom)
2021-06-23 18:53:59,168 [pool-311-thread-1] INFO  server.RaftServerConfigKeys (ConfUtils.java:logGet(44)) - raft.server.log.purge.upto.snapshot.index = false (default)
2021-06-23 18:53:59,168 [pool-311-thread-1] INFO  server.RaftServerConfigKeys (ConfUtils.java:logGet(44)) - raft.server.retrycache.expirytime = 600000ms (custom)
2021-06-23 18:53:59,168 [pool-311-thread-1] INFO  server.RaftServerConfigKeys (ConfUtils.java:logGet(44)) - raft.server.retrycache.statistics.expirytime = 100μs (default)
2021-06-23 18:53:59,168 [pool-311-thread-1] INFO  metrics.RatisMetrics (RatisMetrics.java:lambda$create$0(36)) - Creating Metrics Registry : ratis.leader_election.e477ba1d-11c9-4e24-a1b5-67f71d65ae03@group-62CEF9D40F83
2021-06-23 18:53:59,168 [pool-311-thread-1] INFO  metrics.RatisMetrics (RatisMetrics.java:lambda$create$0(36)) - Creating Metrics Registry : ratis.server.e477ba1d-11c9-4e24-a1b5-67f71d65ae03@group-62CEF9D40F83
2021-06-23 18:53:59,170 [pool-311-thread-1] INFO  server.RaftServer$Division (RaftServerImpl.java:start(295)) - e477ba1d-11c9-4e24-a1b5-67f71d65ae03@group-62CEF9D40F83: start as a follower, conf=-1: [e477ba1d-11c9-4e24-a1b5-67f71d65ae03|rpc:10.1.0.43:46371|priority:1], old=null
2021-06-23 18:53:59,170 [pool-311-thread-1] INFO  server.RaftServer$Division (RaftServerImpl.java:setRole(284)) - e477ba1d-11c9-4e24-a1b5-67f71d65ae03@group-62CEF9D40F83: changes role from      null to FOLLOWER at term 0 for startAsFollower
2021-06-23 18:53:59,170 [pool-311-thread-1] INFO  impl.RoleInfo (RoleInfo.java:updateAndGet(130)) - e477ba1d-11c9-4e24-a1b5-67f71d65ae03: start e477ba1d-11c9-4e24-a1b5-67f71d65ae03@group-62CEF9D40F83-FollowerState
2021-06-23 18:53:59,172 [pool-329-thread-1] INFO  server.RaftServerConfigKeys (ConfUtils.java:logGet(44)) - raft.server.log.write.buffer.size = 1048576 (custom)
2021-06-23 18:53:59,173 [pool-329-thread-1] INFO  server.RaftServerConfigKeys (ConfUtils.java:logGet(44)) - raft.server.log.statemachine.data.caching.enabled = true (custom)
2021-06-23 18:53:59,173 [pool-329-thread-1] INFO  segmented.SegmentedRaftLogWorker (SegmentedRaftLogWorker.java:lambda$new$0(133)) - b2abd95f-4cc9-4fa4-a4ec-5bbb2a845ab6@group-DD3CD69E62EB-SegmentedRaftLogWorker: flushIndex: setUnconditionally 0 -> -1
2021-06-23 18:53:59,173 [pool-329-thread-1] INFO  segmented.SegmentedRaftLogWorker (SegmentedRaftLogWorker.java:lambda$new$0(133)) - b2abd95f-4cc9-4fa4-a4ec-5bbb2a845ab6@group-DD3CD69E62EB-SegmentedRaftLogWorker: safeCacheEvictIndex: setUnconditionally 0 -> -1
2021-06-23 18:53:59,174 [pool-311-thread-1] INFO  util.JmxRegister (JmxRegister.java:tryRegister(44)) - Successfully registered JMX Bean with object name Ratis:service=RaftServer,group=group-62CEF9D40F83,id=e477ba1d-11c9-4e24-a1b5-67f71d65ae03
2021-06-23 18:53:59,174 [pool-311-thread-1] INFO  metrics.RatisMetrics (RatisMetrics.java:lambda$create$0(36)) - Creating Metrics Registry : ratis.state_machine.e477ba1d-11c9-4e24-a1b5-67f71d65ae03@group-62CEF9D40F83
2021-06-23 18:53:59,175 [pool-329-thread-1] INFO  server.RaftServerConfigKeys (ConfUtils.java:logGet(44)) - raft.server.snapshot.auto.trigger.enabled = true (custom)
2021-06-23 18:53:59,175 [pool-329-thread-1] INFO  server.RaftServerConfigKeys (ConfUtils.java:logGet(44)) - raft.server.snapshot.auto.trigger.threshold = 10000 (custom)
2021-06-23 18:53:59,176 [pool-329-thread-1] INFO  server.RaftServerConfigKeys (ConfUtils.java:logGet(44)) - raft.server.snapshot.retention.file.num = 5 (custom)
2021-06-23 18:53:59,176 [pool-329-thread-1] INFO  server.RaftServerConfigKeys (ConfUtils.java:logGet(44)) - raft.server.log.purge.upto.snapshot.index = false (default)
2021-06-23 18:53:59,176 [pool-329-thread-1] INFO  server.RaftServerConfigKeys (ConfUtils.java:logGet(44)) - raft.server.retrycache.expirytime = 600000ms (custom)
2021-06-23 18:53:59,177 [pool-329-thread-1] INFO  server.RaftServerConfigKeys (ConfUtils.java:logGet(44)) - raft.server.retrycache.statistics.expirytime = 100μs (default)
2021-06-23 18:53:59,177 [pool-329-thread-1] INFO  metrics.RatisMetrics (RatisMetrics.java:lambda$create$0(36)) - Creating Metrics Registry : ratis.leader_election.b2abd95f-4cc9-4fa4-a4ec-5bbb2a845ab6@group-DD3CD69E62EB
2021-06-23 18:53:59,178 [pool-329-thread-1] INFO  metrics.RatisMetrics (RatisMetrics.java:lambda$create$0(36)) - Creating Metrics Registry : ratis.server.b2abd95f-4cc9-4fa4-a4ec-5bbb2a845ab6@group-DD3CD69E62EB
2021-06-23 18:53:59,179 [pool-329-thread-1] INFO  server.RaftServer$Division (RaftServerImpl.java:start(295)) - b2abd95f-4cc9-4fa4-a4ec-5bbb2a845ab6@group-DD3CD69E62EB: start as a follower, conf=-1: [4a750d61-24e5-43ec-8266-94d98c9b7420|rpc:10.1.0.43:40063|dataStream:|priority:0, e477ba1d-11c9-4e24-a1b5-67f71d65ae03|rpc:10.1.0.43:46371|dataStream:|priority:1, b2abd95f-4cc9-4fa4-a4ec-5bbb2a845ab6|rpc:10.1.0.43:35929|dataStream:|priority:0], old=null
2021-06-23 18:53:59,179 [pool-329-thread-1] INFO  server.RaftServer$Division (RaftServerImpl.java:setRole(284)) - b2abd95f-4cc9-4fa4-a4ec-5bbb2a845ab6@group-DD3CD69E62EB: changes role from      null to FOLLOWER at term 0 for startAsFollower
2021-06-23 18:53:59,179 [Command processor thread] INFO  ratis.XceiverServerRatis (XceiverServerRatis.java:addGroup(759)) - Created group PipelineID=f063a1f7-0470-4314-b181-62cef9d40f83
2021-06-23 18:53:59,179 [Command processor thread] INFO  commandhandler.CreatePipelineCommandHandler (CreatePipelineCommandHandler.java:handle(106)) - Created Pipeline RATIS ONE PipelineID=f063a1f7-0470-4314-b181-62cef9d40f83.
2021-06-23 18:53:59,180 [pool-329-thread-1] INFO  impl.RoleInfo (RoleInfo.java:updateAndGet(130)) - b2abd95f-4cc9-4fa4-a4ec-5bbb2a845ab6: start b2abd95f-4cc9-4fa4-a4ec-5bbb2a845ab6@group-DD3CD69E62EB-FollowerState
2021-06-23 18:53:59,183 [pool-329-thread-1] INFO  util.JmxRegister (JmxRegister.java:tryRegister(44)) - Successfully registered JMX Bean with object name Ratis:service=RaftServer,group=group-DD3CD69E62EB,id=b2abd95f-4cc9-4fa4-a4ec-5bbb2a845ab6
2021-06-23 18:53:59,183 [pool-329-thread-1] INFO  metrics.RatisMetrics (RatisMetrics.java:lambda$create$0(36)) - Creating Metrics Registry : ratis.state_machine.b2abd95f-4cc9-4fa4-a4ec-5bbb2a845ab6@group-DD3CD69E62EB
2021-06-23 18:53:59,188 [Command processor thread] INFO  commandhandler.CreatePipelineCommandHandler (CreatePipelineCommandHandler.java:handle(106)) - Created Pipeline RATIS THREE PipelineID=a388f249-99f9-4637-b8a3-dd3cd69e62eb.
2021-06-23 18:53:59,267 [Command processor thread] INFO  server.RaftServer (RaftServerProxy.java:addNew(95)) - b2abd95f-4cc9-4fa4-a4ec-5bbb2a845ab6: addNew group-4CB0FFEF757B:[b2abd95f-4cc9-4fa4-a4ec-5bbb2a845ab6|rpc:10.1.0.43:35929|priority:1] returns group-4CB0FFEF757B:java.util.concurrent.CompletableFuture@77832bfc[Not completed]
2021-06-23 18:53:59,269 [pool-329-thread-1] INFO  server.RaftServer$Division (RaftServerImpl.java:<init>(180)) - b2abd95f-4cc9-4fa4-a4ec-5bbb2a845ab6: new RaftServerImpl for group-4CB0FFEF757B:[b2abd95f-4cc9-4fa4-a4ec-5bbb2a845ab6|rpc:10.1.0.43:35929|priority:1] with ContainerStateMachine:uninitialized
2021-06-23 18:53:59,269 [pool-329-thread-1] INFO  server.RaftServerConfigKeys (ConfUtils.java:logGet(44)) - raft.server.rpc.timeout.min = 5s (custom)
2021-06-23 18:53:59,269 [pool-329-thread-1] INFO  server.RaftServerConfigKeys (ConfUtils.java:logGet(44)) - raft.server.rpc.timeout.max = 5200ms (custom)
2021-06-23 18:53:59,269 [pool-329-thread-1] INFO  server.RaftServerConfigKeys (ConfUtils.java:logGet(44)) - raft.server.rpc.sleep.time = 25ms (default)
2021-06-23 18:53:59,269 [pool-329-thread-1] INFO  server.RaftServerConfigKeys (ConfUtils.java:logGet(44)) - raft.server.rpc.slowness.timeout = 300000ms (custom)
2021-06-23 18:53:59,269 [pool-329-thread-1] INFO  server.RaftServerConfigKeys (ConfUtils.java:logGet(44)) - raft.server.leaderelection.leader.step-down.wait-time = 10s (default)
2021-06-23 18:53:59,269 [pool-329-thread-1] INFO  server.RaftServerConfigKeys (ConfUtils.java:logGet(44)) - raft.server.sleep.deviation.threshold = 300ms (default)
2021-06-23 18:53:59,269 [pool-329-thread-1] INFO  server.RaftServerConfigKeys (ConfUtils.java:logGet(44)) - raft.server.log.appender.install.snapshot.enabled = false (custom)
2021-06-23 18:53:59,269 [pool-329-thread-1] INFO  server.RaftServer$Division (ServerState.java:<init>(105)) - b2abd95f-4cc9-4fa4-a4ec-5bbb2a845ab6@group-4CB0FFEF757B: ConfigurationManager, init=-1: [b2abd95f-4cc9-4fa4-a4ec-5bbb2a845ab6|rpc:10.1.0.43:35929|priority:1], old=null, confs=<EMPTY_MAP>
2021-06-23 18:53:59,269 [pool-329-thread-1] INFO  server.RaftServerConfigKeys (ConfUtils.java:logGet(44)) - raft.server.storage.dir = [/home/runner/work/ozone/ozone/mnt/ozone/hadoop-ozone/integration-test/target/test-dir/MiniOzoneClusterImpl-2ba833d5-1ba9-439d-9c86-26ba043c4450/datanode-2/data/ratis] (custom)
2021-06-23 18:53:59,269 [pool-329-thread-1] INFO  server.RaftServerConfigKeys (ConfUtils.java:logGet(44)) - raft.server.log.corruption.policy = EXCEPTION (default)
2021-06-23 18:53:59,269 [pool-329-thread-1] INFO  storage.RaftStorageDirectory (RaftStorageDirectoryImpl.java:analyzeStorage(132)) - The storage directory /home/runner/work/ozone/ozone/mnt/ozone/hadoop-ozone/integration-test/target/test-dir/MiniOzoneClusterImpl-2ba833d5-1ba9-439d-9c86-26ba043c4450/datanode-2/data/ratis/57f02850-cb1b-4437-8819-4cb0ffef757b does not exist. Creating ...
2021-06-23 18:53:59,271 [pool-329-thread-1] INFO  storage.RaftStorageDirectory (RaftStorageDirectoryImpl.java:tryLock(215)) - Lock on /home/runner/work/ozone/ozone/mnt/ozone/hadoop-ozone/integration-test/target/test-dir/MiniOzoneClusterImpl-2ba833d5-1ba9-439d-9c86-26ba043c4450/datanode-2/data/ratis/57f02850-cb1b-4437-8819-4cb0ffef757b/in_use.lock acquired by nodename 19615@fv-az291-331
2021-06-23 18:53:59,272 [pool-329-thread-1] INFO  storage.RaftStorage (RaftStorageImpl.java:format(87)) - Storage directory /home/runner/work/ozone/ozone/mnt/ozone/hadoop-ozone/integration-test/target/test-dir/MiniOzoneClusterImpl-2ba833d5-1ba9-439d-9c86-26ba043c4450/datanode-2/data/ratis/57f02850-cb1b-4437-8819-4cb0ffef757b has been successfully formatted.
2021-06-23 18:53:59,272 [pool-329-thread-1] INFO  ratis.ContainerStateMachine (ContainerStateMachine.java:loadSnapshot(223)) - group-4CB0FFEF757B: The snapshot info is null. Setting the last applied indexto:(t:0, i:~)
2021-06-23 18:53:59,273 [pool-329-thread-1] INFO  server.RaftServerConfigKeys (ConfUtils.java:logGet(44)) - raft.server.notification.no-leader.timeout = 300000ms (custom)
2021-06-23 18:53:59,273 [pool-329-thread-1] INFO  server.RaftServerConfigKeys (ConfUtils.java:logGet(44)) - raft.server.log.use.memory = false (default)
2021-06-23 18:53:59,273 [pool-329-thread-1] INFO  server.RaftServerConfigKeys (ConfUtils.java:logGet(44)) - raft.server.log.purge.gap = 1000000 (custom)
2021-06-23 18:53:59,273 [pool-329-thread-1] INFO  server.RaftServerConfigKeys (ConfUtils.java:logGet(44)) - raft.server.log.appender.buffer.byte-limit = 33554432 (custom)
2021-06-23 18:53:59,273 [pool-329-thread-1] INFO  metrics.RatisMetrics (RatisMetrics.java:lambda$create$0(36)) - Creating Metrics Registry : ratis.log_worker.b2abd95f-4cc9-4fa4-a4ec-5bbb2a845ab6@group-4CB0FFEF757B
2021-06-23 18:53:59,274 [EventQueue-PipelineReportForPipelineReportHandler] INFO  pipeline.PipelineManagerV2Impl (PipelineManagerV2Impl.java:openPipeline(270)) - Pipeline Pipeline[ Id: 57f02850-cb1b-4437-8819-4cb0ffef757b, Nodes: b2abd95f-4cc9-4fa4-a4ec-5bbb2a845ab6{ip: 10.1.0.43, host: fv-az291-331.wgnan5asplgejimfprtllbpdch.jx.internal.cloudapp.net, ports: [REPLICATION=43231, RATIS=35929, RATIS_ADMIN=35929, RATIS_SERVER=35929, STANDALONE=33981], networkLocation: /default-rack, certSerialId: null, persistedOpState: IN_SERVICE, persistedOpStateExpiryEpochSec: 0}, ReplicationConfig: RATIS/ONE, State:ALLOCATED, leaderId:b2abd95f-4cc9-4fa4-a4ec-5bbb2a845ab6, CreationTimestamp2021-06-23T18:53:56.270Z] moved to OPEN state
2021-06-23 18:53:59,274 [EventQueue-OpenPipelineForHealthyPipelineSafeModeRule] INFO  safemode.SCMSafeModeManager (HealthyPipelineSafeModeRule.java:process(124)) - SCM in safe mode. Healthy pipelines reported count is 0, required healthy pipeline reported count is 1
2021-06-23 18:53:59,274 [pool-329-thread-1] INFO  server.RaftServerConfigKeys (ConfUtils.java:logGet(44)) - raft.server.log.segment.size.max = 1048576 (custom)
2021-06-23 18:53:59,275 [pool-329-thread-1] INFO  server.RaftServerConfigKeys (ConfUtils.java:logGet(44)) - raft.server.log.segment.cache.num.max = 2 (custom)
2021-06-23 18:53:59,275 [pool-329-thread-1] INFO  server.RaftServerConfigKeys (ConfUtils.java:logGet(44)) - raft.server.log.segment.cache.size.max = 200MB (=209715200) (default)
2021-06-23 18:53:59,275 [pool-329-thread-1] INFO  segmented.SegmentedRaftLogWorker (SegmentedRaftLogWorker.java:<init>(182)) - new b2abd95f-4cc9-4fa4-a4ec-5bbb2a845ab6@group-4CB0FFEF757B-SegmentedRaftLogWorker for RaftStorageImpl:Storage Directory /home/runner/work/ozone/ozone/mnt/ozone/hadoop-ozone/integration-test/target/test-dir/MiniOzoneClusterImpl-2ba833d5-1ba9-439d-9c86-26ba043c4450/datanode-2/data/ratis/57f02850-cb1b-4437-8819-4cb0ffef757b
2021-06-23 18:53:59,275 [pool-329-thread-1] INFO  server.RaftServerConfigKeys (ConfUtils.java:logGet(44)) - raft.server.log.queue.byte-limit = 2147483647 (custom)
2021-06-23 18:53:59,275 [pool-329-thread-1] INFO  server.RaftServerConfigKeys (ConfUtils.java:logGet(44)) - raft.server.log.queue.element-limit = 1024 (custom)
2021-06-23 18:53:59,275 [pool-329-thread-1] INFO  server.RaftServerConfigKeys (ConfUtils.java:logGet(44)) - raft.server.log.segment.size.max = 1048576 (custom)
2021-06-23 18:53:59,275 [pool-329-thread-1] INFO  server.RaftServerConfigKeys (ConfUtils.java:logGet(44)) - raft.server.log.preallocated.size = 16384 (custom)
2021-06-23 18:53:59,275 [pool-329-thread-1] INFO  server.RaftServerConfigKeys (ConfUtils.java:logGet(44)) - raft.server.log.force.sync.num = 128 (default)
2021-06-23 18:53:59,275 [pool-329-thread-1] INFO  server.RaftServerConfigKeys (ConfUtils.java:logGet(44)) - raft.server.log.statemachine.data.sync = true (default)
2021-06-23 18:53:59,276 [pool-329-thread-1] INFO  server.RaftServerConfigKeys (ConfUtils.java:logGet(44)) - raft.server.log.statemachine.data.sync.timeout = 10s (default)
2021-06-23 18:53:59,276 [pool-329-thread-1] INFO  server.RaftServerConfigKeys (ConfUtils.java:logGet(44)) - raft.server.log.statemachine.data.sync.timeout.retry = -1 (default)
2021-06-23 18:53:59,277 [pool-329-thread-1] INFO  server.RaftServerConfigKeys (ConfUtils.java:logGet(44)) - raft.server.log.write.buffer.size = 1048576 (custom)
2021-06-23 18:53:59,277 [pool-329-thread-1] INFO  server.RaftServerConfigKeys (ConfUtils.java:logGet(44)) - raft.server.log.statemachine.data.caching.enabled = true (custom)
2021-06-23 18:53:59,277 [pool-329-thread-1] INFO  segmented.SegmentedRaftLogWorker (SegmentedRaftLogWorker.java:lambda$new$0(133)) - b2abd95f-4cc9-4fa4-a4ec-5bbb2a845ab6@group-4CB0FFEF757B-SegmentedRaftLogWorker: flushIndex: setUnconditionally 0 -> -1
2021-06-23 18:53:59,277 [pool-329-thread-1] INFO  segmented.SegmentedRaftLogWorker (SegmentedRaftLogWorker.java:lambda$new$0(133)) - b2abd95f-4cc9-4fa4-a4ec-5bbb2a845ab6@group-4CB0FFEF757B-SegmentedRaftLogWorker: safeCacheEvictIndex: setUnconditionally 0 -> -1
2021-06-23 18:53:59,277 [pool-329-thread-1] INFO  server.RaftServerConfigKeys (ConfUtils.java:logGet(44)) - raft.server.snapshot.auto.trigger.enabled = true (custom)
2021-06-23 18:53:59,277 [pool-329-thread-1] INFO  server.RaftServerConfigKeys (ConfUtils.java:logGet(44)) - raft.server.snapshot.auto.trigger.threshold = 10000 (custom)
2021-06-23 18:53:59,277 [pool-329-thread-1] INFO  server.RaftServerConfigKeys (ConfUtils.java:logGet(44)) - raft.server.snapshot.retention.file.num = 5 (custom)
2021-06-23 18:53:59,278 [pool-329-thread-1] INFO  server.RaftServerConfigKeys (ConfUtils.java:logGet(44)) - raft.server.log.purge.upto.snapshot.index = false (default)
2021-06-23 18:53:59,278 [pool-329-thread-1] INFO  server.RaftServerConfigKeys (ConfUtils.java:logGet(44)) - raft.server.retrycache.expirytime = 600000ms (custom)
2021-06-23 18:53:59,278 [pool-329-thread-1] INFO  server.RaftServerConfigKeys (ConfUtils.java:logGet(44)) - raft.server.retrycache.statistics.expirytime = 100μs (default)
2021-06-23 18:53:59,278 [pool-329-thread-1] INFO  metrics.RatisMetrics (RatisMetrics.java:lambda$create$0(36)) - Creating Metrics Registry : ratis.leader_election.b2abd95f-4cc9-4fa4-a4ec-5bbb2a845ab6@group-4CB0FFEF757B
2021-06-23 18:53:59,278 [pool-329-thread-1] INFO  metrics.RatisMetrics (RatisMetrics.java:lambda$create$0(36)) - Creating Metrics Registry : ratis.server.b2abd95f-4cc9-4fa4-a4ec-5bbb2a845ab6@group-4CB0FFEF757B
2021-06-23 18:53:59,279 [pool-329-thread-1] INFO  server.RaftServer$Division (RaftServerImpl.java:start(295)) - b2abd95f-4cc9-4fa4-a4ec-5bbb2a845ab6@group-4CB0FFEF757B: start as a follower, conf=-1: [b2abd95f-4cc9-4fa4-a4ec-5bbb2a845ab6|rpc:10.1.0.43:35929|priority:1], old=null
2021-06-23 18:53:59,279 [pool-329-thread-1] INFO  server.RaftServer$Division (RaftServerImpl.java:setRole(284)) - b2abd95f-4cc9-4fa4-a4ec-5bbb2a845ab6@group-4CB0FFEF757B: changes role from      null to FOLLOWER at term 0 for startAsFollower
2021-06-23 18:53:59,280 [pool-329-thread-1] INFO  impl.RoleInfo (RoleInfo.java:updateAndGet(130)) - b2abd95f-4cc9-4fa4-a4ec-5bbb2a845ab6: start b2abd95f-4cc9-4fa4-a4ec-5bbb2a845ab6@group-4CB0FFEF757B-FollowerState
2021-06-23 18:53:59,280 [pool-329-thread-1] INFO  util.JmxRegister (JmxRegister.java:tryRegister(44)) - Successfully registered JMX Bean with object name Ratis:service=RaftServer,group=group-4CB0FFEF757B,id=b2abd95f-4cc9-4fa4-a4ec-5bbb2a845ab6
2021-06-23 18:53:59,280 [pool-329-thread-1] INFO  metrics.RatisMetrics (RatisMetrics.java:lambda$create$0(36)) - Creating Metrics Registry : ratis.state_machine.b2abd95f-4cc9-4fa4-a4ec-5bbb2a845ab6@group-4CB0FFEF757B
2021-06-23 18:53:59,280 [Command processor thread] INFO  ratis.XceiverServerRatis (XceiverServerRatis.java:addGroup(759)) - Created group PipelineID=57f02850-cb1b-4437-8819-4cb0ffef757b
2021-06-23 18:53:59,281 [Command processor thread] INFO  commandhandler.CreatePipelineCommandHandler (CreatePipelineCommandHandler.java:handle(106)) - Created Pipeline RATIS ONE PipelineID=57f02850-cb1b-4437-8819-4cb0ffef757b.
2021-06-23 18:53:59,385 [Command processor thread] INFO  server.RaftServer (RaftServerProxy.java:addNew(95)) - 3b2fbf51-ff76-4a94-9ac6-cea2acf7cb68: addNew group-830F70CBBE22:[3b2fbf51-ff76-4a94-9ac6-cea2acf7cb68|rpc:10.1.0.43:38811|priority:1] returns group-830F70CBBE22:java.util.concurrent.CompletableFuture@a90d7f3[Not completed]
2021-06-23 18:53:59,386 [pool-347-thread-1] INFO  server.RaftServer$Division (RaftServerImpl.java:<init>(180)) - 3b2fbf51-ff76-4a94-9ac6-cea2acf7cb68: new RaftServerImpl for group-830F70CBBE22:[3b2fbf51-ff76-4a94-9ac6-cea2acf7cb68|rpc:10.1.0.43:38811|priority:1] with ContainerStateMachine:uninitialized
2021-06-23 18:53:59,386 [pool-347-thread-1] INFO  server.RaftServerConfigKeys (ConfUtils.java:logGet(44)) - raft.server.rpc.timeout.min = 5s (custom)
2021-06-23 18:53:59,386 [pool-347-thread-1] INFO  server.RaftServerConfigKeys (ConfUtils.java:logGet(44)) - raft.server.rpc.timeout.max = 5200ms (custom)
2021-06-23 18:53:59,386 [pool-347-thread-1] INFO  server.RaftServerConfigKeys (ConfUtils.java:logGet(44)) - raft.server.rpc.sleep.time = 25ms (default)
2021-06-23 18:53:59,386 [pool-347-thread-1] INFO  server.RaftServerConfigKeys (ConfUtils.java:logGet(44)) - raft.server.rpc.slowness.timeout = 300000ms (custom)
2021-06-23 18:53:59,386 [pool-347-thread-1] INFO  server.RaftServerConfigKeys (ConfUtils.java:logGet(44)) - raft.server.leaderelection.leader.step-down.wait-time = 10s (default)
2021-06-23 18:53:59,386 [pool-347-thread-1] INFO  server.RaftServerConfigKeys (ConfUtils.java:logGet(44)) - raft.server.sleep.deviation.threshold = 300ms (default)
2021-06-23 18:53:59,386 [pool-347-thread-1] INFO  server.RaftServerConfigKeys (ConfUtils.java:logGet(44)) - raft.server.log.appender.install.snapshot.enabled = false (custom)
2021-06-23 18:53:59,386 [pool-347-thread-1] INFO  server.RaftServer$Division (ServerState.java:<init>(105)) - 3b2fbf51-ff76-4a94-9ac6-cea2acf7cb68@group-830F70CBBE22: ConfigurationManager, init=-1: [3b2fbf51-ff76-4a94-9ac6-cea2acf7cb68|rpc:10.1.0.43:38811|priority:1], old=null, confs=<EMPTY_MAP>
2021-06-23 18:53:59,387 [pool-347-thread-1] INFO  server.RaftServerConfigKeys (ConfUtils.java:logGet(44)) - raft.server.storage.dir = [/home/runner/work/ozone/ozone/mnt/ozone/hadoop-ozone/integration-test/target/test-dir/MiniOzoneClusterImpl-2ba833d5-1ba9-439d-9c86-26ba043c4450/datanode-3/data/ratis] (custom)
2021-06-23 18:53:59,387 [pool-347-thread-1] INFO  server.RaftServerConfigKeys (ConfUtils.java:logGet(44)) - raft.server.log.corruption.policy = EXCEPTION (default)
2021-06-23 18:53:59,387 [pool-347-thread-1] INFO  storage.RaftStorageDirectory (RaftStorageDirectoryImpl.java:analyzeStorage(132)) - The storage directory /home/runner/work/ozone/ozone/mnt/ozone/hadoop-ozone/integration-test/target/test-dir/MiniOzoneClusterImpl-2ba833d5-1ba9-439d-9c86-26ba043c4450/datanode-3/data/ratis/439239be-4ee5-400a-8383-830f70cbbe22 does not exist. Creating ...
2021-06-23 18:53:59,388 [pool-347-thread-1] INFO  storage.RaftStorageDirectory (RaftStorageDirectoryImpl.java:tryLock(215)) - Lock on /home/runner/work/ozone/ozone/mnt/ozone/hadoop-ozone/integration-test/target/test-dir/MiniOzoneClusterImpl-2ba833d5-1ba9-439d-9c86-26ba043c4450/datanode-3/data/ratis/439239be-4ee5-400a-8383-830f70cbbe22/in_use.lock acquired by nodename 19615@fv-az291-331
2021-06-23 18:53:59,390 [pool-347-thread-1] INFO  storage.RaftStorage (RaftStorageImpl.java:format(87)) - Storage directory /home/runner/work/ozone/ozone/mnt/ozone/hadoop-ozone/integration-test/target/test-dir/MiniOzoneClusterImpl-2ba833d5-1ba9-439d-9c86-26ba043c4450/datanode-3/data/ratis/439239be-4ee5-400a-8383-830f70cbbe22 has been successfully formatted.
2021-06-23 18:53:59,391 [pool-347-thread-1] INFO  ratis.ContainerStateMachine (ContainerStateMachine.java:loadSnapshot(223)) - group-830F70CBBE22: The snapshot info is null. Setting the last applied indexto:(t:0, i:~)
2021-06-23 18:53:59,391 [pool-347-thread-1] INFO  server.RaftServerConfigKeys (ConfUtils.java:logGet(44)) - raft.server.notification.no-leader.timeout = 300000ms (custom)
2021-06-23 18:53:59,391 [pool-347-thread-1] INFO  server.RaftServerConfigKeys (ConfUtils.java:logGet(44)) - raft.server.log.use.memory = false (default)
2021-06-23 18:53:59,391 [pool-347-thread-1] INFO  server.RaftServerConfigKeys (ConfUtils.java:logGet(44)) - raft.server.log.purge.gap = 1000000 (custom)
2021-06-23 18:53:59,391 [pool-347-thread-1] INFO  server.RaftServerConfigKeys (ConfUtils.java:logGet(44)) - raft.server.log.appender.buffer.byte-limit = 33554432 (custom)
2021-06-23 18:53:59,391 [pool-347-thread-1] INFO  metrics.RatisMetrics (RatisMetrics.java:lambda$create$0(36)) - Creating Metrics Registry : ratis.log_worker.3b2fbf51-ff76-4a94-9ac6-cea2acf7cb68@group-830F70CBBE22
2021-06-23 18:53:59,391 [EventQueue-PipelineReportForPipelineReportHandler] INFO  pipeline.PipelineManagerV2Impl (PipelineManagerV2Impl.java:openPipeline(270)) - Pipeline Pipeline[ Id: 439239be-4ee5-400a-8383-830f70cbbe22, Nodes: 3b2fbf51-ff76-4a94-9ac6-cea2acf7cb68{ip: 10.1.0.43, host: fv-az291-331.wgnan5asplgejimfprtllbpdch.jx.internal.cloudapp.net, ports: [REPLICATION=38155, RATIS=38811, RATIS_ADMIN=38811, RATIS_SERVER=38811, STANDALONE=38543], networkLocation: /default-rack, certSerialId: null, persistedOpState: IN_SERVICE, persistedOpStateExpiryEpochSec: 0}, ReplicationConfig: RATIS/ONE, State:ALLOCATED, leaderId:3b2fbf51-ff76-4a94-9ac6-cea2acf7cb68, CreationTimestamp2021-06-23T18:53:56.385Z] moved to OPEN state
2021-06-23 18:53:59,392 [pool-347-thread-1] INFO  server.RaftServerConfigKeys (ConfUtils.java:logGet(44)) - raft.server.log.segment.size.max = 1048576 (custom)
2021-06-23 18:53:59,392 [EventQueue-OpenPipelineForHealthyPipelineSafeModeRule] INFO  safemode.SCMSafeModeManager (HealthyPipelineSafeModeRule.java:process(124)) - SCM in safe mode. Healthy pipelines reported count is 0, required healthy pipeline reported count is 1
2021-06-23 18:53:59,393 [pool-347-thread-1] INFO  server.RaftServerConfigKeys (ConfUtils.java:logGet(44)) - raft.server.log.segment.cache.num.max = 2 (custom)
2021-06-23 18:53:59,393 [pool-347-thread-1] INFO  server.RaftServerConfigKeys (ConfUtils.java:logGet(44)) - raft.server.log.segment.cache.size.max = 200MB (=209715200) (default)
2021-06-23 18:53:59,393 [pool-347-thread-1] INFO  segmented.SegmentedRaftLogWorker (SegmentedRaftLogWorker.java:<init>(182)) - new 3b2fbf51-ff76-4a94-9ac6-cea2acf7cb68@group-830F70CBBE22-SegmentedRaftLogWorker for RaftStorageImpl:Storage Directory /home/runner/work/ozone/ozone/mnt/ozone/hadoop-ozone/integration-test/target/test-dir/MiniOzoneClusterImpl-2ba833d5-1ba9-439d-9c86-26ba043c4450/datanode-3/data/ratis/439239be-4ee5-400a-8383-830f70cbbe22
2021-06-23 18:53:59,393 [pool-347-thread-1] INFO  server.RaftServerConfigKeys (ConfUtils.java:logGet(44)) - raft.server.log.queue.byte-limit = 2147483647 (custom)
2021-06-23 18:53:59,393 [pool-347-thread-1] INFO  server.RaftServerConfigKeys (ConfUtils.java:logGet(44)) - raft.server.log.queue.element-limit = 1024 (custom)
2021-06-23 18:53:59,394 [pool-347-thread-1] INFO  server.RaftServerConfigKeys (ConfUtils.java:logGet(44)) - raft.server.log.segment.size.max = 1048576 (custom)
2021-06-23 18:53:59,394 [pool-347-thread-1] INFO  server.RaftServerConfigKeys (ConfUtils.java:logGet(44)) - raft.server.log.preallocated.size = 16384 (custom)
2021-06-23 18:53:59,394 [pool-347-thread-1] INFO  server.RaftServerConfigKeys (ConfUtils.java:logGet(44)) - raft.server.log.force.sync.num = 128 (default)
2021-06-23 18:53:59,394 [pool-347-thread-1] INFO  server.RaftServerConfigKeys (ConfUtils.java:logGet(44)) - raft.server.log.statemachine.data.sync = true (default)
2021-06-23 18:53:59,394 [pool-347-thread-1] INFO  server.RaftServerConfigKeys (ConfUtils.java:logGet(44)) - raft.server.log.statemachine.data.sync.timeout = 10s (default)
2021-06-23 18:53:59,394 [pool-347-thread-1] INFO  server.RaftServerConfigKeys (ConfUtils.java:logGet(44)) - raft.server.log.statemachine.data.sync.timeout.retry = -1 (default)
2021-06-23 18:53:59,395 [pool-347-thread-1] INFO  server.RaftServerConfigKeys (ConfUtils.java:logGet(44)) - raft.server.log.write.buffer.size = 1048576 (custom)
2021-06-23 18:53:59,396 [pool-347-thread-1] INFO  server.RaftServerConfigKeys (ConfUtils.java:logGet(44)) - raft.server.log.statemachine.data.caching.enabled = true (custom)
2021-06-23 18:53:59,396 [pool-347-thread-1] INFO  segmented.SegmentedRaftLogWorker (SegmentedRaftLogWorker.java:lambda$new$0(133)) - 3b2fbf51-ff76-4a94-9ac6-cea2acf7cb68@group-830F70CBBE22-SegmentedRaftLogWorker: flushIndex: setUnconditionally 0 -> -1
2021-06-23 18:53:59,396 [pool-347-thread-1] INFO  segmented.SegmentedRaftLogWorker (SegmentedRaftLogWorker.java:lambda$new$0(133)) - 3b2fbf51-ff76-4a94-9ac6-cea2acf7cb68@group-830F70CBBE22-SegmentedRaftLogWorker: safeCacheEvictIndex: setUnconditionally 0 -> -1
2021-06-23 18:53:59,396 [pool-347-thread-1] INFO  server.RaftServerConfigKeys (ConfUtils.java:logGet(44)) - raft.server.snapshot.auto.trigger.enabled = true (custom)
2021-06-23 18:53:59,397 [pool-347-thread-1] INFO  server.RaftServerConfigKeys (ConfUtils.java:logGet(44)) - raft.server.snapshot.auto.trigger.threshold = 10000 (custom)
2021-06-23 18:53:59,397 [pool-347-thread-1] INFO  server.RaftServerConfigKeys (ConfUtils.java:logGet(44)) - raft.server.snapshot.retention.file.num = 5 (custom)
2021-06-23 18:53:59,397 [pool-347-thread-1] INFO  server.RaftServerConfigKeys (ConfUtils.java:logGet(44)) - raft.server.log.purge.upto.snapshot.index = false (default)
2021-06-23 18:53:59,397 [pool-347-thread-1] INFO  server.RaftServerConfigKeys (ConfUtils.java:logGet(44)) - raft.server.retrycache.expirytime = 600000ms (custom)
2021-06-23 18:53:59,397 [pool-347-thread-1] INFO  server.RaftServerConfigKeys (ConfUtils.java:logGet(44)) - raft.server.retrycache.statistics.expirytime = 100μs (default)
2021-06-23 18:53:59,397 [pool-347-thread-1] INFO  metrics.RatisMetrics (RatisMetrics.java:lambda$create$0(36)) - Creating Metrics Registry : ratis.leader_election.3b2fbf51-ff76-4a94-9ac6-cea2acf7cb68@group-830F70CBBE22
2021-06-23 18:53:59,397 [pool-347-thread-1] INFO  metrics.RatisMetrics (RatisMetrics.java:lambda$create$0(36)) - Creating Metrics Registry : ratis.server.3b2fbf51-ff76-4a94-9ac6-cea2acf7cb68@group-830F70CBBE22
2021-06-23 18:53:59,398 [pool-347-thread-1] INFO  server.RaftServer$Division (RaftServerImpl.java:start(295)) - 3b2fbf51-ff76-4a94-9ac6-cea2acf7cb68@group-830F70CBBE22: start as a follower, conf=-1: [3b2fbf51-ff76-4a94-9ac6-cea2acf7cb68|rpc:10.1.0.43:38811|priority:1], old=null
2021-06-23 18:53:59,398 [pool-347-thread-1] INFO  server.RaftServer$Division (RaftServerImpl.java:setRole(284)) - 3b2fbf51-ff76-4a94-9ac6-cea2acf7cb68@group-830F70CBBE22: changes role from      null to FOLLOWER at term 0 for startAsFollower
2021-06-23 18:53:59,398 [pool-347-thread-1] INFO  impl.RoleInfo (RoleInfo.java:updateAndGet(130)) - 3b2fbf51-ff76-4a94-9ac6-cea2acf7cb68: start 3b2fbf51-ff76-4a94-9ac6-cea2acf7cb68@group-830F70CBBE22-FollowerState
2021-06-23 18:53:59,399 [pool-347-thread-1] INFO  util.JmxRegister (JmxRegister.java:tryRegister(44)) - Successfully registered JMX Bean with object name Ratis:service=RaftServer,group=group-830F70CBBE22,id=3b2fbf51-ff76-4a94-9ac6-cea2acf7cb68
2021-06-23 18:53:59,399 [pool-347-thread-1] INFO  metrics.RatisMetrics (RatisMetrics.java:lambda$create$0(36)) - Creating Metrics Registry : ratis.state_machine.3b2fbf51-ff76-4a94-9ac6-cea2acf7cb68@group-830F70CBBE22
2021-06-23 18:53:59,399 [Command processor thread] INFO  ratis.XceiverServerRatis (XceiverServerRatis.java:addGroup(759)) - Created group PipelineID=439239be-4ee5-400a-8383-830f70cbbe22
2021-06-23 18:53:59,400 [Command processor thread] INFO  commandhandler.CreatePipelineCommandHandler (CreatePipelineCommandHandler.java:handle(106)) - Created Pipeline RATIS ONE PipelineID=439239be-4ee5-400a-8383-830f70cbbe22.
2021-06-23 18:53:59,400 [Command processor thread] INFO  server.RaftServer (RaftServerProxy.java:addNew(95)) - 3b2fbf51-ff76-4a94-9ac6-cea2acf7cb68: addNew group-81B64AF5C7B4:[3a42542b-a113-4e4a-912d-bb492a802489|rpc:10.1.0.43:38785|priority:0, 3b2fbf51-ff76-4a94-9ac6-cea2acf7cb68|rpc:10.1.0.43:38811|priority:1, f3d5ecac-0c0e-452b-b1da-f4ba84ea556e|rpc:10.1.0.43:40993|priority:0] returns group-81B64AF5C7B4:java.util.concurrent.CompletableFuture@eaf5279[Not completed]
2021-06-23 18:53:59,400 [pool-347-thread-1] INFO  server.RaftServer$Division (RaftServerImpl.java:<init>(180)) - 3b2fbf51-ff76-4a94-9ac6-cea2acf7cb68: new RaftServerImpl for group-81B64AF5C7B4:[3a42542b-a113-4e4a-912d-bb492a802489|rpc:10.1.0.43:38785|priority:0, 3b2fbf51-ff76-4a94-9ac6-cea2acf7cb68|rpc:10.1.0.43:38811|priority:1, f3d5ecac-0c0e-452b-b1da-f4ba84ea556e|rpc:10.1.0.43:40993|priority:0] with ContainerStateMachine:uninitialized
2021-06-23 18:53:59,400 [pool-347-thread-1] INFO  server.RaftServerConfigKeys (ConfUtils.java:logGet(44)) - raft.server.rpc.timeout.min = 5s (custom)
2021-06-23 18:53:59,400 [pool-347-thread-1] INFO  server.RaftServerConfigKeys (ConfUtils.java:logGet(44)) - raft.server.rpc.timeout.max = 5200ms (custom)
2021-06-23 18:53:59,400 [pool-347-thread-1] INFO  server.RaftServerConfigKeys (ConfUtils.java:logGet(44)) - raft.server.rpc.sleep.time = 25ms (default)
2021-06-23 18:53:59,400 [pool-347-thread-1] INFO  server.RaftServerConfigKeys (ConfUtils.java:logGet(44)) - raft.server.rpc.slowness.timeout = 300000ms (custom)
2021-06-23 18:53:59,401 [pool-347-thread-1] INFO  server.RaftServerConfigKeys (ConfUtils.java:logGet(44)) - raft.server.leaderelection.leader.step-down.wait-time = 10s (default)
2021-06-23 18:53:59,401 [pool-347-thread-1] INFO  server.RaftServerConfigKeys (ConfUtils.java:logGet(44)) - raft.server.sleep.deviation.threshold = 300ms (default)
2021-06-23 18:53:59,401 [pool-347-thread-1] INFO  server.RaftServerConfigKeys (ConfUtils.java:logGet(44)) - raft.server.log.appender.install.snapshot.enabled = false (custom)
2021-06-23 18:53:59,401 [pool-347-thread-1] INFO  server.RaftServer$Division (ServerState.java:<init>(105)) - 3b2fbf51-ff76-4a94-9ac6-cea2acf7cb68@group-81B64AF5C7B4: ConfigurationManager, init=-1: [3a42542b-a113-4e4a-912d-bb492a802489|rpc:10.1.0.43:38785|priority:0, 3b2fbf51-ff76-4a94-9ac6-cea2acf7cb68|rpc:10.1.0.43:38811|priority:1, f3d5ecac-0c0e-452b-b1da-f4ba84ea556e|rpc:10.1.0.43:40993|priority:0], old=null, confs=<EMPTY_MAP>
2021-06-23 18:53:59,401 [pool-347-thread-1] INFO  server.RaftServerConfigKeys (ConfUtils.java:logGet(44)) - raft.server.storage.dir = [/home/runner/work/ozone/ozone/mnt/ozone/hadoop-ozone/integration-test/target/test-dir/MiniOzoneClusterImpl-2ba833d5-1ba9-439d-9c86-26ba043c4450/datanode-3/data/ratis] (custom)
2021-06-23 18:53:59,401 [pool-347-thread-1] INFO  server.RaftServerConfigKeys (ConfUtils.java:logGet(44)) - raft.server.log.corruption.policy = EXCEPTION (default)
2021-06-23 18:53:59,401 [pool-347-thread-1] INFO  storage.RaftStorageDirectory (RaftStorageDirectoryImpl.java:analyzeStorage(132)) - The storage directory /home/runner/work/ozone/ozone/mnt/ozone/hadoop-ozone/integration-test/target/test-dir/MiniOzoneClusterImpl-2ba833d5-1ba9-439d-9c86-26ba043c4450/datanode-3/data/ratis/54f6406b-45dc-4f09-8b7b-81b64af5c7b4 does not exist. Creating ...
2021-06-23 18:53:59,402 [pool-347-thread-1] INFO  storage.RaftStorageDirectory (RaftStorageDirectoryImpl.java:tryLock(215)) - Lock on /home/runner/work/ozone/ozone/mnt/ozone/hadoop-ozone/integration-test/target/test-dir/MiniOzoneClusterImpl-2ba833d5-1ba9-439d-9c86-26ba043c4450/datanode-3/data/ratis/54f6406b-45dc-4f09-8b7b-81b64af5c7b4/in_use.lock acquired by nodename 19615@fv-az291-331
2021-06-23 18:53:59,403 [pool-347-thread-1] INFO  storage.RaftStorage (RaftStorageImpl.java:format(87)) - Storage directory /home/runner/work/ozone/ozone/mnt/ozone/hadoop-ozone/integration-test/target/test-dir/MiniOzoneClusterImpl-2ba833d5-1ba9-439d-9c86-26ba043c4450/datanode-3/data/ratis/54f6406b-45dc-4f09-8b7b-81b64af5c7b4 has been successfully formatted.
2021-06-23 18:53:59,403 [pool-347-thread-1] INFO  ratis.ContainerStateMachine (ContainerStateMachine.java:loadSnapshot(223)) - group-81B64AF5C7B4: The snapshot info is null. Setting the last applied indexto:(t:0, i:~)
2021-06-23 18:53:59,403 [pool-347-thread-1] INFO  server.RaftServerConfigKeys (ConfUtils.java:logGet(44)) - raft.server.notification.no-leader.timeout = 300000ms (custom)
2021-06-23 18:53:59,403 [pool-347-thread-1] INFO  server.RaftServerConfigKeys (ConfUtils.java:logGet(44)) - raft.server.log.use.memory = false (default)
2021-06-23 18:53:59,404 [pool-347-thread-1] INFO  server.RaftServerConfigKeys (ConfUtils.java:logGet(44)) - raft.server.log.purge.gap = 1000000 (custom)
2021-06-23 18:53:59,404 [pool-347-thread-1] INFO  server.RaftServerConfigKeys (ConfUtils.java:logGet(44)) - raft.server.log.appender.buffer.byte-limit = 33554432 (custom)
2021-06-23 18:53:59,404 [pool-347-thread-1] INFO  metrics.RatisMetrics (RatisMetrics.java:lambda$create$0(36)) - Creating Metrics Registry : ratis.log_worker.3b2fbf51-ff76-4a94-9ac6-cea2acf7cb68@group-81B64AF5C7B4
2021-06-23 18:53:59,404 [EventQueue-OpenPipelineForHealthyPipelineSafeModeRule] INFO  safemode.SCMSafeModeManager (HealthyPipelineSafeModeRule.java:process(124)) - SCM in safe mode. Healthy pipelines reported count is 0, required healthy pipeline reported count is 1
2021-06-23 18:53:59,405 [pool-347-thread-1] INFO  server.RaftServerConfigKeys (ConfUtils.java:logGet(44)) - raft.server.log.segment.size.max = 1048576 (custom)
2021-06-23 18:53:59,405 [pool-347-thread-1] INFO  server.RaftServerConfigKeys (ConfUtils.java:logGet(44)) - raft.server.log.segment.cache.num.max = 2 (custom)
2021-06-23 18:53:59,405 [pool-347-thread-1] INFO  server.RaftServerConfigKeys (ConfUtils.java:logGet(44)) - raft.server.log.segment.cache.size.max = 200MB (=209715200) (default)
2021-06-23 18:53:59,405 [pool-347-thread-1] INFO  segmented.SegmentedRaftLogWorker (SegmentedRaftLogWorker.java:<init>(182)) - new 3b2fbf51-ff76-4a94-9ac6-cea2acf7cb68@group-81B64AF5C7B4-SegmentedRaftLogWorker for RaftStorageImpl:Storage Directory /home/runner/work/ozone/ozone/mnt/ozone/hadoop-ozone/integration-test/target/test-dir/MiniOzoneClusterImpl-2ba833d5-1ba9-439d-9c86-26ba043c4450/datanode-3/data/ratis/54f6406b-45dc-4f09-8b7b-81b64af5c7b4
2021-06-23 18:53:59,406 [pool-347-thread-1] INFO  server.RaftServerConfigKeys (ConfUtils.java:logGet(44)) - raft.server.log.queue.byte-limit = 2147483647 (custom)
2021-06-23 18:53:59,406 [pool-347-thread-1] INFO  server.RaftServerConfigKeys (ConfUtils.java:logGet(44)) - raft.server.log.queue.element-limit = 1024 (custom)
2021-06-23 18:53:59,406 [pool-347-thread-1] INFO  server.RaftServerConfigKeys (ConfUtils.java:logGet(44)) - raft.server.log.segment.size.max = 1048576 (custom)
2021-06-23 18:53:59,406 [pool-347-thread-1] INFO  server.RaftServerConfigKeys (ConfUtils.java:logGet(44)) - raft.server.log.preallocated.size = 16384 (custom)
2021-06-23 18:53:59,406 [pool-347-thread-1] INFO  server.RaftServerConfigKeys (ConfUtils.java:logGet(44)) - raft.server.log.force.sync.num = 128 (default)
2021-06-23 18:53:59,406 [pool-347-thread-1] INFO  server.RaftServerConfigKeys (ConfUtils.java:logGet(44)) - raft.server.log.statemachine.data.sync = true (default)
2021-06-23 18:53:59,406 [pool-347-thread-1] INFO  server.RaftServerConfigKeys (ConfUtils.java:logGet(44)) - raft.server.log.statemachine.data.sync.timeout = 10s (default)
2021-06-23 18:53:59,406 [pool-347-thread-1] INFO  server.RaftServerConfigKeys (ConfUtils.java:logGet(44)) - raft.server.log.statemachine.data.sync.timeout.retry = -1 (default)
2021-06-23 18:53:59,407 [pool-347-thread-1] INFO  server.RaftServerConfigKeys (ConfUtils.java:logGet(44)) - raft.server.log.write.buffer.size = 1048576 (custom)
2021-06-23 18:53:59,408 [pool-347-thread-1] INFO  server.RaftServerConfigKeys (ConfUtils.java:logGet(44)) - raft.server.log.statemachine.data.caching.enabled = true (custom)
2021-06-23 18:53:59,408 [pool-347-thread-1] INFO  segmented.SegmentedRaftLogWorker (SegmentedRaftLogWorker.java:lambda$new$0(133)) - 3b2fbf51-ff76-4a94-9ac6-cea2acf7cb68@group-81B64AF5C7B4-SegmentedRaftLogWorker: flushIndex: setUnconditionally 0 -> -1
2021-06-23 18:53:59,408 [pool-347-thread-1] INFO  segmented.SegmentedRaftLogWorker (SegmentedRaftLogWorker.java:lambda$new$0(133)) - 3b2fbf51-ff76-4a94-9ac6-cea2acf7cb68@group-81B64AF5C7B4-SegmentedRaftLogWorker: safeCacheEvictIndex: setUnconditionally 0 -> -1
2021-06-23 18:53:59,408 [pool-347-thread-1] INFO  server.RaftServerConfigKeys (ConfUtils.java:logGet(44)) - raft.server.snapshot.auto.trigger.enabled = true (custom)
2021-06-23 18:53:59,408 [pool-347-thread-1] INFO  server.RaftServerConfigKeys (ConfUtils.java:logGet(44)) - raft.server.snapshot.auto.trigger.threshold = 10000 (custom)
2021-06-23 18:53:59,409 [pool-347-thread-1] INFO  server.RaftServerConfigKeys (ConfUtils.java:logGet(44)) - raft.server.snapshot.retention.file.num = 5 (custom)
2021-06-23 18:53:59,409 [pool-347-thread-1] INFO  server.RaftServerConfigKeys (ConfUtils.java:logGet(44)) - raft.server.log.purge.upto.snapshot.index = false (default)
2021-06-23 18:53:59,409 [pool-347-thread-1] INFO  server.RaftServerConfigKeys (ConfUtils.java:logGet(44)) - raft.server.retrycache.expirytime = 600000ms (custom)
2021-06-23 18:53:59,409 [pool-347-thread-1] INFO  server.RaftServerConfigKeys (ConfUtils.java:logGet(44)) - raft.server.retrycache.statistics.expirytime = 100μs (default)
2021-06-23 18:53:59,409 [pool-347-thread-1] INFO  metrics.RatisMetrics (RatisMetrics.java:lambda$create$0(36)) - Creating Metrics Registry : ratis.leader_election.3b2fbf51-ff76-4a94-9ac6-cea2acf7cb68@group-81B64AF5C7B4
2021-06-23 18:53:59,409 [pool-347-thread-1] INFO  metrics.RatisMetrics (RatisMetrics.java:lambda$create$0(36)) - Creating Metrics Registry : ratis.server.3b2fbf51-ff76-4a94-9ac6-cea2acf7cb68@group-81B64AF5C7B4
2021-06-23 18:53:59,410 [pool-347-thread-1] INFO  server.RaftServer$Division (RaftServerImpl.java:start(295)) - 3b2fbf51-ff76-4a94-9ac6-cea2acf7cb68@group-81B64AF5C7B4: start as a follower, conf=-1: [3a42542b-a113-4e4a-912d-bb492a802489|rpc:10.1.0.43:38785|priority:0, 3b2fbf51-ff76-4a94-9ac6-cea2acf7cb68|rpc:10.1.0.43:38811|priority:1, f3d5ecac-0c0e-452b-b1da-f4ba84ea556e|rpc:10.1.0.43:40993|priority:0], old=null
2021-06-23 18:53:59,410 [pool-347-thread-1] INFO  server.RaftServer$Division (RaftServerImpl.java:setRole(284)) - 3b2fbf51-ff76-4a94-9ac6-cea2acf7cb68@group-81B64AF5C7B4: changes role from      null to FOLLOWER at term 0 for startAsFollower
2021-06-23 18:53:59,410 [pool-347-thread-1] INFO  impl.RoleInfo (RoleInfo.java:updateAndGet(130)) - 3b2fbf51-ff76-4a94-9ac6-cea2acf7cb68: start 3b2fbf51-ff76-4a94-9ac6-cea2acf7cb68@group-81B64AF5C7B4-FollowerState
2021-06-23 18:53:59,410 [pool-347-thread-1] INFO  util.JmxRegister (JmxRegister.java:tryRegister(44)) - Successfully registered JMX Bean with object name Ratis:service=RaftServer,group=group-81B64AF5C7B4,id=3b2fbf51-ff76-4a94-9ac6-cea2acf7cb68
2021-06-23 18:53:59,411 [pool-347-thread-1] INFO  metrics.RatisMetrics (RatisMetrics.java:lambda$create$0(36)) - Creating Metrics Registry : ratis.state_machine.3b2fbf51-ff76-4a94-9ac6-cea2acf7cb68@group-81B64AF5C7B4
2021-06-23 18:53:59,411 [Command processor thread] INFO  ratis.XceiverServerRatis (XceiverServerRatis.java:addGroup(759)) - Created group PipelineID=54f6406b-45dc-4f09-8b7b-81b64af5c7b4
2021-06-23 18:53:59,413 [Command processor thread] INFO  metrics.RatisMetrics (RatisMetrics.java:lambda$create$0(36)) - Creating Metrics Registry : ratis.client_message_metrics.client-515B46978E8E->f3d5ecac-0c0e-452b-b1da-f4ba84ea556e
2021-06-23 18:53:59,418 [grpc-default-executor-3] INFO  metrics.RatisMetrics (RatisMetrics.java:lambda$create$0(36)) - Creating Metrics Registry : ratis.server_message_metrics.f3d5ecac-0c0e-452b-b1da-f4ba84ea556e
2021-06-23 18:53:59,421 [grpc-default-executor-3] INFO  server.RaftServer (RaftServerProxy.java:addNew(95)) - f3d5ecac-0c0e-452b-b1da-f4ba84ea556e: addNew group-81B64AF5C7B4:[3a42542b-a113-4e4a-912d-bb492a802489|rpc:10.1.0.43:38785|dataStream:|priority:0, 3b2fbf51-ff76-4a94-9ac6-cea2acf7cb68|rpc:10.1.0.43:38811|dataStream:|priority:1, f3d5ecac-0c0e-452b-b1da-f4ba84ea556e|rpc:10.1.0.43:40993|dataStream:|priority:0] returns group-81B64AF5C7B4:java.util.concurrent.CompletableFuture@457b429e[Not completed]
2021-06-23 18:53:59,423 [pool-383-thread-1] INFO  server.RaftServer$Division (RaftServerImpl.java:<init>(180)) - f3d5ecac-0c0e-452b-b1da-f4ba84ea556e: new RaftServerImpl for group-81B64AF5C7B4:[3a42542b-a113-4e4a-912d-bb492a802489|rpc:10.1.0.43:38785|dataStream:|priority:0, 3b2fbf51-ff76-4a94-9ac6-cea2acf7cb68|rpc:10.1.0.43:38811|dataStream:|priority:1, f3d5ecac-0c0e-452b-b1da-f4ba84ea556e|rpc:10.1.0.43:40993|dataStream:|priority:0] with ContainerStateMachine:uninitialized
2021-06-23 18:53:59,423 [pool-383-thread-1] INFO  server.RaftServerConfigKeys (ConfUtils.java:logGet(44)) - raft.server.rpc.timeout.min = 5s (custom)
2021-06-23 18:53:59,423 [pool-383-thread-1] INFO  server.RaftServerConfigKeys (ConfUtils.java:logGet(44)) - raft.server.rpc.timeout.max = 5200ms (custom)
2021-06-23 18:53:59,423 [pool-383-thread-1] INFO  server.RaftServerConfigKeys (ConfUtils.java:logGet(44)) - raft.server.rpc.sleep.time = 25ms (default)
2021-06-23 18:53:59,423 [pool-383-thread-1] INFO  server.RaftServerConfigKeys (ConfUtils.java:logGet(44)) - raft.server.rpc.slowness.timeout = 300000ms (custom)
2021-06-23 18:53:59,423 [pool-383-thread-1] INFO  server.RaftServerConfigKeys (ConfUtils.java:logGet(44)) - raft.server.leaderelection.leader.step-down.wait-time = 10s (default)
2021-06-23 18:53:59,423 [pool-383-thread-1] INFO  server.RaftServerConfigKeys (ConfUtils.java:logGet(44)) - raft.server.sleep.deviation.threshold = 300ms (default)
2021-06-23 18:53:59,423 [pool-383-thread-1] INFO  server.RaftServerConfigKeys (ConfUtils.java:logGet(44)) - raft.server.log.appender.install.snapshot.enabled = false (custom)
2021-06-23 18:53:59,423 [pool-383-thread-1] INFO  server.RaftServer$Division (ServerState.java:<init>(105)) - f3d5ecac-0c0e-452b-b1da-f4ba84ea556e@group-81B64AF5C7B4: ConfigurationManager, init=-1: [3a42542b-a113-4e4a-912d-bb492a802489|rpc:10.1.0.43:38785|dataStream:|priority:0, 3b2fbf51-ff76-4a94-9ac6-cea2acf7cb68|rpc:10.1.0.43:38811|dataStream:|priority:1, f3d5ecac-0c0e-452b-b1da-f4ba84ea556e|rpc:10.1.0.43:40993|dataStream:|priority:0], old=null, confs=<EMPTY_MAP>
2021-06-23 18:53:59,423 [pool-383-thread-1] INFO  server.RaftServerConfigKeys (ConfUtils.java:logGet(44)) - raft.server.storage.dir = [/home/runner/work/ozone/ozone/mnt/ozone/hadoop-ozone/integration-test/target/test-dir/MiniOzoneClusterImpl-2ba833d5-1ba9-439d-9c86-26ba043c4450/datanode-5/data/ratis] (custom)
2021-06-23 18:53:59,423 [pool-383-thread-1] INFO  server.RaftServerConfigKeys (ConfUtils.java:logGet(44)) - raft.server.log.corruption.policy = EXCEPTION (default)
2021-06-23 18:53:59,424 [pool-383-thread-1] INFO  storage.RaftStorageDirectory (RaftStorageDirectoryImpl.java:analyzeStorage(132)) - The storage directory /home/runner/work/ozone/ozone/mnt/ozone/hadoop-ozone/integration-test/target/test-dir/MiniOzoneClusterImpl-2ba833d5-1ba9-439d-9c86-26ba043c4450/datanode-5/data/ratis/54f6406b-45dc-4f09-8b7b-81b64af5c7b4 does not exist. Creating ...
2021-06-23 18:53:59,425 [pool-383-thread-1] INFO  storage.RaftStorageDirectory (RaftStorageDirectoryImpl.java:tryLock(215)) - Lock on /home/runner/work/ozone/ozone/mnt/ozone/hadoop-ozone/integration-test/target/test-dir/MiniOzoneClusterImpl-2ba833d5-1ba9-439d-9c86-26ba043c4450/datanode-5/data/ratis/54f6406b-45dc-4f09-8b7b-81b64af5c7b4/in_use.lock acquired by nodename 19615@fv-az291-331
2021-06-23 18:53:59,427 [pool-383-thread-1] INFO  storage.RaftStorage (RaftStorageImpl.java:format(87)) - Storage directory /home/runner/work/ozone/ozone/mnt/ozone/hadoop-ozone/integration-test/target/test-dir/MiniOzoneClusterImpl-2ba833d5-1ba9-439d-9c86-26ba043c4450/datanode-5/data/ratis/54f6406b-45dc-4f09-8b7b-81b64af5c7b4 has been successfully formatted.
2021-06-23 18:53:59,427 [pool-383-thread-1] INFO  ratis.ContainerStateMachine (ContainerStateMachine.java:loadSnapshot(223)) - group-81B64AF5C7B4: The snapshot info is null. Setting the last applied indexto:(t:0, i:~)
2021-06-23 18:53:59,428 [pool-383-thread-1] INFO  server.RaftServerConfigKeys (ConfUtils.java:logGet(44)) - raft.server.notification.no-leader.timeout = 300000ms (custom)
2021-06-23 18:53:59,428 [pool-383-thread-1] INFO  server.RaftServerConfigKeys (ConfUtils.java:logGet(44)) - raft.server.log.use.memory = false (default)
2021-06-23 18:53:59,428 [pool-383-thread-1] INFO  server.RaftServerConfigKeys (ConfUtils.java:logGet(44)) - raft.server.log.purge.gap = 1000000 (custom)
2021-06-23 18:53:59,428 [pool-383-thread-1] INFO  server.RaftServerConfigKeys (ConfUtils.java:logGet(44)) - raft.server.log.appender.buffer.byte-limit = 33554432 (custom)
2021-06-23 18:53:59,428 [pool-383-thread-1] INFO  metrics.RatisMetrics (RatisMetrics.java:lambda$create$0(36)) - Creating Metrics Registry : ratis.log_worker.f3d5ecac-0c0e-452b-b1da-f4ba84ea556e@group-81B64AF5C7B4
2021-06-23 18:53:59,428 [pool-383-thread-1] INFO  server.RaftServerConfigKeys (ConfUtils.java:logGet(44)) - raft.server.log.segment.size.max = 1048576 (custom)
2021-06-23 18:53:59,429 [pool-383-thread-1] INFO  server.RaftServerConfigKeys (ConfUtils.java:logGet(44)) - raft.server.log.segment.cache.num.max = 2 (custom)
2021-06-23 18:53:59,429 [pool-383-thread-1] INFO  server.RaftServerConfigKeys (ConfUtils.java:logGet(44)) - raft.server.log.segment.cache.size.max = 200MB (=209715200) (default)
2021-06-23 18:53:59,429 [pool-383-thread-1] INFO  segmented.SegmentedRaftLogWorker (SegmentedRaftLogWorker.java:<init>(182)) - new f3d5ecac-0c0e-452b-b1da-f4ba84ea556e@group-81B64AF5C7B4-SegmentedRaftLogWorker for RaftStorageImpl:Storage Directory /home/runner/work/ozone/ozone/mnt/ozone/hadoop-ozone/integration-test/target/test-dir/MiniOzoneClusterImpl-2ba833d5-1ba9-439d-9c86-26ba043c4450/datanode-5/data/ratis/54f6406b-45dc-4f09-8b7b-81b64af5c7b4
2021-06-23 18:53:59,429 [pool-383-thread-1] INFO  server.RaftServerConfigKeys (ConfUtils.java:logGet(44)) - raft.server.log.queue.byte-limit = 2147483647 (custom)
2021-06-23 18:53:59,429 [pool-383-thread-1] INFO  server.RaftServerConfigKeys (ConfUtils.java:logGet(44)) - raft.server.log.queue.element-limit = 1024 (custom)
2021-06-23 18:53:59,429 [pool-383-thread-1] INFO  server.RaftServerConfigKeys (ConfUtils.java:logGet(44)) - raft.server.log.segment.size.max = 1048576 (custom)
2021-06-23 18:53:59,429 [pool-383-thread-1] INFO  server.RaftServerConfigKeys (ConfUtils.java:logGet(44)) - raft.server.log.preallocated.size = 16384 (custom)
2021-06-23 18:53:59,429 [pool-383-thread-1] INFO  server.RaftServerConfigKeys (ConfUtils.java:logGet(44)) - raft.server.log.force.sync.num = 128 (default)
2021-06-23 18:53:59,429 [pool-383-thread-1] INFO  server.RaftServerConfigKeys (ConfUtils.java:logGet(44)) - raft.server.log.statemachine.data.sync = true (default)
2021-06-23 18:53:59,429 [pool-383-thread-1] INFO  server.RaftServerConfigKeys (ConfUtils.java:logGet(44)) - raft.server.log.statemachine.data.sync.timeout = 10s (default)
2021-06-23 18:53:59,429 [pool-383-thread-1] INFO  server.RaftServerConfigKeys (ConfUtils.java:logGet(44)) - raft.server.log.statemachine.data.sync.timeout.retry = -1 (default)
2021-06-23 18:53:59,430 [pool-383-thread-1] INFO  server.RaftServerConfigKeys (ConfUtils.java:logGet(44)) - raft.server.log.write.buffer.size = 1048576 (custom)
2021-06-23 18:53:59,431 [pool-383-thread-1] INFO  server.RaftServerConfigKeys (ConfUtils.java:logGet(44)) - raft.server.log.statemachine.data.caching.enabled = true (custom)
2021-06-23 18:53:59,431 [pool-383-thread-1] INFO  segmented.SegmentedRaftLogWorker (SegmentedRaftLogWorker.java:lambda$new$0(133)) - f3d5ecac-0c0e-452b-b1da-f4ba84ea556e@group-81B64AF5C7B4-SegmentedRaftLogWorker: flushIndex: setUnconditionally 0 -> -1
2021-06-23 18:53:59,431 [pool-383-thread-1] INFO  segmented.SegmentedRaftLogWorker (SegmentedRaftLogWorker.java:lambda$new$0(133)) - f3d5ecac-0c0e-452b-b1da-f4ba84ea556e@group-81B64AF5C7B4-SegmentedRaftLogWorker: safeCacheEvictIndex: setUnconditionally 0 -> -1
2021-06-23 18:53:59,431 [pool-383-thread-1] INFO  server.RaftServerConfigKeys (ConfUtils.java:logGet(44)) - raft.server.snapshot.auto.trigger.enabled = true (custom)
2021-06-23 18:53:59,431 [pool-383-thread-1] INFO  server.RaftServerConfigKeys (ConfUtils.java:logGet(44)) - raft.server.snapshot.auto.trigger.threshold = 10000 (custom)
2021-06-23 18:53:59,432 [pool-383-thread-1] INFO  server.RaftServerConfigKeys (ConfUtils.java:logGet(44)) - raft.server.snapshot.retention.file.num = 5 (custom)
2021-06-23 18:53:59,432 [pool-383-thread-1] INFO  server.RaftServerConfigKeys (ConfUtils.java:logGet(44)) - raft.server.log.purge.upto.snapshot.index = false (default)
2021-06-23 18:53:59,432 [pool-383-thread-1] INFO  server.RaftServerConfigKeys (ConfUtils.java:logGet(44)) - raft.server.retrycache.expirytime = 600000ms (custom)
2021-06-23 18:53:59,432 [pool-383-thread-1] INFO  server.RaftServerConfigKeys (ConfUtils.java:logGet(44)) - raft.server.retrycache.statistics.expirytime = 100μs (default)
2021-06-23 18:53:59,432 [pool-383-thread-1] INFO  metrics.RatisMetrics (RatisMetrics.java:lambda$create$0(36)) - Creating Metrics Registry : ratis.leader_election.f3d5ecac-0c0e-452b-b1da-f4ba84ea556e@group-81B64AF5C7B4
2021-06-23 18:53:59,433 [pool-383-thread-1] INFO  metrics.RatisMetrics (RatisMetrics.java:lambda$create$0(36)) - Creating Metrics Registry : ratis.server.f3d5ecac-0c0e-452b-b1da-f4ba84ea556e@group-81B64AF5C7B4
2021-06-23 18:53:59,433 [pool-383-thread-1] INFO  server.RaftServer$Division (RaftServerImpl.java:start(295)) - f3d5ecac-0c0e-452b-b1da-f4ba84ea556e@group-81B64AF5C7B4: start as a follower, conf=-1: [3a42542b-a113-4e4a-912d-bb492a802489|rpc:10.1.0.43:38785|dataStream:|priority:0, 3b2fbf51-ff76-4a94-9ac6-cea2acf7cb68|rpc:10.1.0.43:38811|dataStream:|priority:1, f3d5ecac-0c0e-452b-b1da-f4ba84ea556e|rpc:10.1.0.43:40993|dataStream:|priority:0], old=null
2021-06-23 18:53:59,434 [pool-383-thread-1] INFO  server.RaftServer$Division (RaftServerImpl.java:setRole(284)) - f3d5ecac-0c0e-452b-b1da-f4ba84ea556e@group-81B64AF5C7B4: changes role from      null to FOLLOWER at term 0 for startAsFollower
2021-06-23 18:53:59,434 [pool-383-thread-1] INFO  impl.RoleInfo (RoleInfo.java:updateAndGet(130)) - f3d5ecac-0c0e-452b-b1da-f4ba84ea556e: start f3d5ecac-0c0e-452b-b1da-f4ba84ea556e@group-81B64AF5C7B4-FollowerState
2021-06-23 18:53:59,434 [pool-383-thread-1] INFO  util.JmxRegister (JmxRegister.java:tryRegister(44)) - Successfully registered JMX Bean with object name Ratis:service=RaftServer,group=group-81B64AF5C7B4,id=f3d5ecac-0c0e-452b-b1da-f4ba84ea556e
2021-06-23 18:53:59,434 [pool-383-thread-1] INFO  metrics.RatisMetrics (RatisMetrics.java:lambda$create$0(36)) - Creating Metrics Registry : ratis.state_machine.f3d5ecac-0c0e-452b-b1da-f4ba84ea556e@group-81B64AF5C7B4
2021-06-23 18:53:59,439 [Command processor thread] INFO  metrics.RatisMetrics (RatisMetrics.java:lambda$create$0(36)) - Creating Metrics Registry : ratis.client_message_metrics.client-45352EC0C4B9->3a42542b-a113-4e4a-912d-bb492a802489
2021-06-23 18:53:59,444 [grpc-default-executor-3] INFO  metrics.RatisMetrics (RatisMetrics.java:lambda$create$0(36)) - Creating Metrics Registry : ratis.server_message_metrics.3a42542b-a113-4e4a-912d-bb492a802489
2021-06-23 18:53:59,446 [grpc-default-executor-3] INFO  server.RaftServer (RaftServerProxy.java:addNew(95)) - 3a42542b-a113-4e4a-912d-bb492a802489: addNew group-81B64AF5C7B4:[3a42542b-a113-4e4a-912d-bb492a802489|rpc:10.1.0.43:38785|dataStream:|priority:0, 3b2fbf51-ff76-4a94-9ac6-cea2acf7cb68|rpc:10.1.0.43:38811|dataStream:|priority:1, f3d5ecac-0c0e-452b-b1da-f4ba84ea556e|rpc:10.1.0.43:40993|dataStream:|priority:0] returns group-81B64AF5C7B4:java.util.concurrent.CompletableFuture@1ee29f52[Not completed]
2021-06-23 18:53:59,447 [pool-365-thread-1] INFO  server.RaftServer$Division (RaftServerImpl.java:<init>(180)) - 3a42542b-a113-4e4a-912d-bb492a802489: new RaftServerImpl for group-81B64AF5C7B4:[3a42542b-a113-4e4a-912d-bb492a802489|rpc:10.1.0.43:38785|dataStream:|priority:0, 3b2fbf51-ff76-4a94-9ac6-cea2acf7cb68|rpc:10.1.0.43:38811|dataStream:|priority:1, f3d5ecac-0c0e-452b-b1da-f4ba84ea556e|rpc:10.1.0.43:40993|dataStream:|priority:0] with ContainerStateMachine:uninitialized
2021-06-23 18:53:59,447 [pool-365-thread-1] INFO  server.RaftServerConfigKeys (ConfUtils.java:logGet(44)) - raft.server.rpc.timeout.min = 5s (custom)
2021-06-23 18:53:59,448 [pool-365-thread-1] INFO  server.RaftServerConfigKeys (ConfUtils.java:logGet(44)) - raft.server.rpc.timeout.max = 5200ms (custom)
2021-06-23 18:53:59,448 [pool-365-thread-1] INFO  server.RaftServerConfigKeys (ConfUtils.java:logGet(44)) - raft.server.rpc.sleep.time = 25ms (default)
2021-06-23 18:53:59,448 [pool-365-thread-1] INFO  server.RaftServerConfigKeys (ConfUtils.java:logGet(44)) - raft.server.rpc.slowness.timeout = 300000ms (custom)
2021-06-23 18:53:59,448 [pool-365-thread-1] INFO  server.RaftServerConfigKeys (ConfUtils.java:logGet(44)) - raft.server.leaderelection.leader.step-down.wait-time = 10s (default)
2021-06-23 18:53:59,448 [pool-365-thread-1] INFO  server.RaftServerConfigKeys (ConfUtils.java:logGet(44)) - raft.server.sleep.deviation.threshold = 300ms (default)
2021-06-23 18:53:59,448 [pool-365-thread-1] INFO  server.RaftServerConfigKeys (ConfUtils.java:logGet(44)) - raft.server.log.appender.install.snapshot.enabled = false (custom)
2021-06-23 18:53:59,448 [pool-365-thread-1] INFO  server.RaftServer$Division (ServerState.java:<init>(105)) - 3a42542b-a113-4e4a-912d-bb492a802489@group-81B64AF5C7B4: ConfigurationManager, init=-1: [3a42542b-a113-4e4a-912d-bb492a802489|rpc:10.1.0.43:38785|dataStream:|priority:0, 3b2fbf51-ff76-4a94-9ac6-cea2acf7cb68|rpc:10.1.0.43:38811|dataStream:|priority:1, f3d5ecac-0c0e-452b-b1da-f4ba84ea556e|rpc:10.1.0.43:40993|dataStream:|priority:0], old=null, confs=<EMPTY_MAP>
2021-06-23 18:53:59,448 [pool-365-thread-1] INFO  server.RaftServerConfigKeys (ConfUtils.java:logGet(44)) - raft.server.storage.dir = [/home/runner/work/ozone/ozone/mnt/ozone/hadoop-ozone/integration-test/target/test-dir/MiniOzoneClusterImpl-2ba833d5-1ba9-439d-9c86-26ba043c4450/datanode-4/data/ratis] (custom)
2021-06-23 18:53:59,448 [pool-365-thread-1] INFO  server.RaftServerConfigKeys (ConfUtils.java:logGet(44)) - raft.server.log.corruption.policy = EXCEPTION (default)
2021-06-23 18:53:59,448 [pool-365-thread-1] INFO  storage.RaftStorageDirectory (RaftStorageDirectoryImpl.java:analyzeStorage(132)) - The storage directory /home/runner/work/ozone/ozone/mnt/ozone/hadoop-ozone/integration-test/target/test-dir/MiniOzoneClusterImpl-2ba833d5-1ba9-439d-9c86-26ba043c4450/datanode-4/data/ratis/54f6406b-45dc-4f09-8b7b-81b64af5c7b4 does not exist. Creating ...
2021-06-23 18:53:59,450 [pool-365-thread-1] INFO  storage.RaftStorageDirectory (RaftStorageDirectoryImpl.java:tryLock(215)) - Lock on /home/runner/work/ozone/ozone/mnt/ozone/hadoop-ozone/integration-test/target/test-dir/MiniOzoneClusterImpl-2ba833d5-1ba9-439d-9c86-26ba043c4450/datanode-4/data/ratis/54f6406b-45dc-4f09-8b7b-81b64af5c7b4/in_use.lock acquired by nodename 19615@fv-az291-331
2021-06-23 18:53:59,451 [pool-365-thread-1] INFO  storage.RaftStorage (RaftStorageImpl.java:format(87)) - Storage directory /home/runner/work/ozone/ozone/mnt/ozone/hadoop-ozone/integration-test/target/test-dir/MiniOzoneClusterImpl-2ba833d5-1ba9-439d-9c86-26ba043c4450/datanode-4/data/ratis/54f6406b-45dc-4f09-8b7b-81b64af5c7b4 has been successfully formatted.
2021-06-23 18:53:59,452 [pool-365-thread-1] INFO  ratis.ContainerStateMachine (ContainerStateMachine.java:loadSnapshot(223)) - group-81B64AF5C7B4: The snapshot info is null. Setting the last applied indexto:(t:0, i:~)
2021-06-23 18:53:59,452 [pool-365-thread-1] INFO  server.RaftServerConfigKeys (ConfUtils.java:logGet(44)) - raft.server.notification.no-leader.timeout = 300000ms (custom)
2021-06-23 18:53:59,452 [pool-365-thread-1] INFO  server.RaftServerConfigKeys (ConfUtils.java:logGet(44)) - raft.server.log.use.memory = false (default)
2021-06-23 18:53:59,453 [pool-365-thread-1] INFO  server.RaftServerConfigKeys (ConfUtils.java:logGet(44)) - raft.server.log.purge.gap = 1000000 (custom)
2021-06-23 18:53:59,453 [pool-365-thread-1] INFO  server.RaftServerConfigKeys (ConfUtils.java:logGet(44)) - raft.server.log.appender.buffer.byte-limit = 33554432 (custom)
2021-06-23 18:53:59,453 [pool-365-thread-1] INFO  metrics.RatisMetrics (RatisMetrics.java:lambda$create$0(36)) - Creating Metrics Registry : ratis.log_worker.3a42542b-a113-4e4a-912d-bb492a802489@group-81B64AF5C7B4
2021-06-23 18:53:59,453 [pool-365-thread-1] INFO  server.RaftServerConfigKeys (ConfUtils.java:logGet(44)) - raft.server.log.segment.size.max = 1048576 (custom)
2021-06-23 18:53:59,453 [pool-365-thread-1] INFO  server.RaftServerConfigKeys (ConfUtils.java:logGet(44)) - raft.server.log.segment.cache.num.max = 2 (custom)
2021-06-23 18:53:59,453 [pool-365-thread-1] INFO  server.RaftServerConfigKeys (ConfUtils.java:logGet(44)) - raft.server.log.segment.cache.size.max = 200MB (=209715200) (default)
2021-06-23 18:53:59,453 [pool-365-thread-1] INFO  segmented.SegmentedRaftLogWorker (SegmentedRaftLogWorker.java:<init>(182)) - new 3a42542b-a113-4e4a-912d-bb492a802489@group-81B64AF5C7B4-SegmentedRaftLogWorker for RaftStorageImpl:Storage Directory /home/runner/work/ozone/ozone/mnt/ozone/hadoop-ozone/integration-test/target/test-dir/MiniOzoneClusterImpl-2ba833d5-1ba9-439d-9c86-26ba043c4450/datanode-4/data/ratis/54f6406b-45dc-4f09-8b7b-81b64af5c7b4
2021-06-23 18:53:59,453 [pool-365-thread-1] INFO  server.RaftServerConfigKeys (ConfUtils.java:logGet(44)) - raft.server.log.queue.byte-limit = 2147483647 (custom)
2021-06-23 18:53:59,453 [pool-365-thread-1] INFO  server.RaftServerConfigKeys (ConfUtils.java:logGet(44)) - raft.server.log.queue.element-limit = 1024 (custom)
2021-06-23 18:53:59,454 [pool-365-thread-1] INFO  server.RaftServerConfigKeys (ConfUtils.java:logGet(44)) - raft.server.log.segment.size.max = 1048576 (custom)
2021-06-23 18:53:59,454 [pool-365-thread-1] INFO  server.RaftServerConfigKeys (ConfUtils.java:logGet(44)) - raft.server.log.preallocated.size = 16384 (custom)
2021-06-23 18:53:59,454 [pool-365-thread-1] INFO  server.RaftServerConfigKeys (ConfUtils.java:logGet(44)) - raft.server.log.force.sync.num = 128 (default)
2021-06-23 18:53:59,454 [pool-365-thread-1] INFO  server.RaftServerConfigKeys (ConfUtils.java:logGet(44)) - raft.server.log.statemachine.data.sync = true (default)
2021-06-23 18:53:59,454 [pool-365-thread-1] INFO  server.RaftServerConfigKeys (ConfUtils.java:logGet(44)) - raft.server.log.statemachine.data.sync.timeout = 10s (default)
2021-06-23 18:53:59,454 [pool-365-thread-1] INFO  server.RaftServerConfigKeys (ConfUtils.java:logGet(44)) - raft.server.log.statemachine.data.sync.timeout.retry = -1 (default)
2021-06-23 18:53:59,454 [pool-365-thread-1] INFO  server.RaftServerConfigKeys (ConfUtils.java:logGet(44)) - raft.server.log.write.buffer.size = 1048576 (custom)
2021-06-23 18:53:59,455 [pool-365-thread-1] INFO  server.RaftServerConfigKeys (ConfUtils.java:logGet(44)) - raft.server.log.statemachine.data.caching.enabled = true (custom)
2021-06-23 18:53:59,455 [pool-365-thread-1] INFO  segmented.SegmentedRaftLogWorker (SegmentedRaftLogWorker.java:lambda$new$0(133)) - 3a42542b-a113-4e4a-912d-bb492a802489@group-81B64AF5C7B4-SegmentedRaftLogWorker: flushIndex: setUnconditionally 0 -> -1
2021-06-23 18:53:59,455 [pool-365-thread-1] INFO  segmented.SegmentedRaftLogWorker (SegmentedRaftLogWorker.java:lambda$new$0(133)) - 3a42542b-a113-4e4a-912d-bb492a802489@group-81B64AF5C7B4-SegmentedRaftLogWorker: safeCacheEvictIndex: setUnconditionally 0 -> -1
2021-06-23 18:53:59,455 [pool-365-thread-1] INFO  server.RaftServerConfigKeys (ConfUtils.java:logGet(44)) - raft.server.snapshot.auto.trigger.enabled = true (custom)
2021-06-23 18:53:59,456 [pool-365-thread-1] INFO  server.RaftServerConfigKeys (ConfUtils.java:logGet(44)) - raft.server.snapshot.auto.trigger.threshold = 10000 (custom)
2021-06-23 18:53:59,456 [pool-365-thread-1] INFO  server.RaftServerConfigKeys (ConfUtils.java:logGet(44)) - raft.server.snapshot.retention.file.num = 5 (custom)
2021-06-23 18:53:59,456 [pool-365-thread-1] INFO  server.RaftServerConfigKeys (ConfUtils.java:logGet(44)) - raft.server.log.purge.upto.snapshot.index = false (default)
2021-06-23 18:53:59,456 [pool-365-thread-1] INFO  server.RaftServerConfigKeys (ConfUtils.java:logGet(44)) - raft.server.retrycache.expirytime = 600000ms (custom)
2021-06-23 18:53:59,456 [pool-365-thread-1] INFO  server.RaftServerConfigKeys (ConfUtils.java:logGet(44)) - raft.server.retrycache.statistics.expirytime = 100μs (default)
2021-06-23 18:53:59,456 [pool-365-thread-1] INFO  metrics.RatisMetrics (RatisMetrics.java:lambda$create$0(36)) - Creating Metrics Registry : ratis.leader_election.3a42542b-a113-4e4a-912d-bb492a802489@group-81B64AF5C7B4
2021-06-23 18:53:59,456 [pool-365-thread-1] INFO  metrics.RatisMetrics (RatisMetrics.java:lambda$create$0(36)) - Creating Metrics Registry : ratis.server.3a42542b-a113-4e4a-912d-bb492a802489@group-81B64AF5C7B4
2021-06-23 18:53:59,457 [pool-365-thread-1] INFO  server.RaftServer$Division (RaftServerImpl.java:start(295)) - 3a42542b-a113-4e4a-912d-bb492a802489@group-81B64AF5C7B4: start as a follower, conf=-1: [3a42542b-a113-4e4a-912d-bb492a802489|rpc:10.1.0.43:38785|dataStream:|priority:0, 3b2fbf51-ff76-4a94-9ac6-cea2acf7cb68|rpc:10.1.0.43:38811|dataStream:|priority:1, f3d5ecac-0c0e-452b-b1da-f4ba84ea556e|rpc:10.1.0.43:40993|dataStream:|priority:0], old=null
2021-06-23 18:53:59,457 [pool-365-thread-1] INFO  server.RaftServer$Division (RaftServerImpl.java:setRole(284)) - 3a42542b-a113-4e4a-912d-bb492a802489@group-81B64AF5C7B4: changes role from      null to FOLLOWER at term 0 for startAsFollower
2021-06-23 18:53:59,457 [pool-365-thread-1] INFO  impl.RoleInfo (RoleInfo.java:updateAndGet(130)) - 3a42542b-a113-4e4a-912d-bb492a802489: start 3a42542b-a113-4e4a-912d-bb492a802489@group-81B64AF5C7B4-FollowerState
2021-06-23 18:53:59,463 [pool-365-thread-1] INFO  util.JmxRegister (JmxRegister.java:tryRegister(44)) - Successfully registered JMX Bean with object name Ratis:service=RaftServer,group=group-81B64AF5C7B4,id=3a42542b-a113-4e4a-912d-bb492a802489
2021-06-23 18:53:59,464 [pool-365-thread-1] INFO  metrics.RatisMetrics (RatisMetrics.java:lambda$create$0(36)) - Creating Metrics Registry : ratis.state_machine.3a42542b-a113-4e4a-912d-bb492a802489@group-81B64AF5C7B4
2021-06-23 18:53:59,471 [Command processor thread] INFO  commandhandler.CreatePipelineCommandHandler (CreatePipelineCommandHandler.java:handle(106)) - Created Pipeline RATIS THREE PipelineID=54f6406b-45dc-4f09-8b7b-81b64af5c7b4.
2021-06-23 18:53:59,504 [Command processor thread] INFO  server.RaftServer (RaftServerProxy.java:addNew(95)) - 3a42542b-a113-4e4a-912d-bb492a802489: addNew group-392B48E86A6F:[3a42542b-a113-4e4a-912d-bb492a802489|rpc:10.1.0.43:38785|priority:1] returns group-392B48E86A6F:java.util.concurrent.CompletableFuture@418ff3b2[Not completed]
2021-06-23 18:53:59,505 [pool-365-thread-1] INFO  server.RaftServer$Division (RaftServerImpl.java:<init>(180)) - 3a42542b-a113-4e4a-912d-bb492a802489: new RaftServerImpl for group-392B48E86A6F:[3a42542b-a113-4e4a-912d-bb492a802489|rpc:10.1.0.43:38785|priority:1] with ContainerStateMachine:uninitialized
2021-06-23 18:53:59,505 [pool-365-thread-1] INFO  server.RaftServerConfigKeys (ConfUtils.java:logGet(44)) - raft.server.rpc.timeout.min = 5s (custom)
2021-06-23 18:53:59,505 [pool-365-thread-1] INFO  server.RaftServerConfigKeys (ConfUtils.java:logGet(44)) - raft.server.rpc.timeout.max = 5200ms (custom)
2021-06-23 18:53:59,505 [pool-365-thread-1] INFO  server.RaftServerConfigKeys (ConfUtils.java:logGet(44)) - raft.server.rpc.sleep.time = 25ms (default)
2021-06-23 18:53:59,505 [pool-365-thread-1] INFO  server.RaftServerConfigKeys (ConfUtils.java:logGet(44)) - raft.server.rpc.slowness.timeout = 300000ms (custom)
2021-06-23 18:53:59,505 [pool-365-thread-1] INFO  server.RaftServerConfigKeys (ConfUtils.java:logGet(44)) - raft.server.leaderelection.leader.step-down.wait-time = 10s (default)
2021-06-23 18:53:59,505 [pool-365-thread-1] INFO  server.RaftServerConfigKeys (ConfUtils.java:logGet(44)) - raft.server.sleep.deviation.threshold = 300ms (default)
2021-06-23 18:53:59,505 [pool-365-thread-1] INFO  server.RaftServerConfigKeys (ConfUtils.java:logGet(44)) - raft.server.log.appender.install.snapshot.enabled = false (custom)
2021-06-23 18:53:59,505 [pool-365-thread-1] INFO  server.RaftServer$Division (ServerState.java:<init>(105)) - 3a42542b-a113-4e4a-912d-bb492a802489@group-392B48E86A6F: ConfigurationManager, init=-1: [3a42542b-a113-4e4a-912d-bb492a802489|rpc:10.1.0.43:38785|priority:1], old=null, confs=<EMPTY_MAP>
2021-06-23 18:53:59,505 [pool-365-thread-1] INFO  server.RaftServerConfigKeys (ConfUtils.java:logGet(44)) - raft.server.storage.dir = [/home/runner/work/ozone/ozone/mnt/ozone/hadoop-ozone/integration-test/target/test-dir/MiniOzoneClusterImpl-2ba833d5-1ba9-439d-9c86-26ba043c4450/datanode-4/data/ratis] (custom)
2021-06-23 18:53:59,505 [pool-365-thread-1] INFO  server.RaftServerConfigKeys (ConfUtils.java:logGet(44)) - raft.server.log.corruption.policy = EXCEPTION (default)
2021-06-23 18:53:59,505 [pool-365-thread-1] INFO  storage.RaftStorageDirectory (RaftStorageDirectoryImpl.java:analyzeStorage(132)) - The storage directory /home/runner/work/ozone/ozone/mnt/ozone/hadoop-ozone/integration-test/target/test-dir/MiniOzoneClusterImpl-2ba833d5-1ba9-439d-9c86-26ba043c4450/datanode-4/data/ratis/9026efdf-d167-440b-98e8-392b48e86a6f does not exist. Creating ...
2021-06-23 18:53:59,507 [pool-365-thread-1] INFO  storage.RaftStorageDirectory (RaftStorageDirectoryImpl.java:tryLock(215)) - Lock on /home/runner/work/ozone/ozone/mnt/ozone/hadoop-ozone/integration-test/target/test-dir/MiniOzoneClusterImpl-2ba833d5-1ba9-439d-9c86-26ba043c4450/datanode-4/data/ratis/9026efdf-d167-440b-98e8-392b48e86a6f/in_use.lock acquired by nodename 19615@fv-az291-331
2021-06-23 18:53:59,509 [pool-365-thread-1] INFO  storage.RaftStorage (RaftStorageImpl.java:format(87)) - Storage directory /home/runner/work/ozone/ozone/mnt/ozone/hadoop-ozone/integration-test/target/test-dir/MiniOzoneClusterImpl-2ba833d5-1ba9-439d-9c86-26ba043c4450/datanode-4/data/ratis/9026efdf-d167-440b-98e8-392b48e86a6f has been successfully formatted.
2021-06-23 18:53:59,513 [pool-365-thread-1] INFO  ratis.ContainerStateMachine (ContainerStateMachine.java:loadSnapshot(223)) - group-392B48E86A6F: The snapshot info is null. Setting the last applied indexto:(t:0, i:~)
2021-06-23 18:53:59,514 [pool-365-thread-1] INFO  server.RaftServerConfigKeys (ConfUtils.java:logGet(44)) - raft.server.notification.no-leader.timeout = 300000ms (custom)
2021-06-23 18:53:59,514 [pool-365-thread-1] INFO  server.RaftServerConfigKeys (ConfUtils.java:logGet(44)) - raft.server.log.use.memory = false (default)
2021-06-23 18:53:59,514 [pool-365-thread-1] INFO  server.RaftServerConfigKeys (ConfUtils.java:logGet(44)) - raft.server.log.purge.gap = 1000000 (custom)
2021-06-23 18:53:59,514 [pool-365-thread-1] INFO  server.RaftServerConfigKeys (ConfUtils.java:logGet(44)) - raft.server.log.appender.buffer.byte-limit = 33554432 (custom)
2021-06-23 18:53:59,514 [EventQueue-PipelineReportForPipelineReportHandler] INFO  pipeline.PipelineManagerV2Impl (PipelineManagerV2Impl.java:openPipeline(270)) - Pipeline Pipeline[ Id: 9026efdf-d167-440b-98e8-392b48e86a6f, Nodes: 3a42542b-a113-4e4a-912d-bb492a802489{ip: 10.1.0.43, host: fv-az291-331.wgnan5asplgejimfprtllbpdch.jx.internal.cloudapp.net, ports: [REPLICATION=40421, RATIS=38785, RATIS_ADMIN=38785, RATIS_SERVER=38785, STANDALONE=33371], networkLocation: /default-rack, certSerialId: null, persistedOpState: IN_SERVICE, persistedOpStateExpiryEpochSec: 0}, ReplicationConfig: RATIS/ONE, State:ALLOCATED, leaderId:3a42542b-a113-4e4a-912d-bb492a802489, CreationTimestamp2021-06-23T18:53:56.506Z] moved to OPEN state
2021-06-23 18:53:59,514 [EventQueue-OpenPipelineForHealthyPipelineSafeModeRule] INFO  safemode.SCMSafeModeManager (HealthyPipelineSafeModeRule.java:process(124)) - SCM in safe mode. Healthy pipelines reported count is 0, required healthy pipeline reported count is 1
2021-06-23 18:53:59,514 [pool-365-thread-1] INFO  metrics.RatisMetrics (RatisMetrics.java:lambda$create$0(36)) - Creating Metrics Registry : ratis.log_worker.3a42542b-a113-4e4a-912d-bb492a802489@group-392B48E86A6F
2021-06-23 18:53:59,515 [pool-365-thread-1] INFO  server.RaftServerConfigKeys (ConfUtils.java:logGet(44)) - raft.server.log.segment.size.max = 1048576 (custom)
2021-06-23 18:53:59,515 [pool-365-thread-1] INFO  server.RaftServerConfigKeys (ConfUtils.java:logGet(44)) - raft.server.log.segment.cache.num.max = 2 (custom)
2021-06-23 18:53:59,515 [pool-365-thread-1] INFO  server.RaftServerConfigKeys (ConfUtils.java:logGet(44)) - raft.server.log.segment.cache.size.max = 200MB (=209715200) (default)
2021-06-23 18:53:59,515 [pool-365-thread-1] INFO  segmented.SegmentedRaftLogWorker (SegmentedRaftLogWorker.java:<init>(182)) - new 3a42542b-a113-4e4a-912d-bb492a802489@group-392B48E86A6F-SegmentedRaftLogWorker for RaftStorageImpl:Storage Directory /home/runner/work/ozone/ozone/mnt/ozone/hadoop-ozone/integration-test/target/test-dir/MiniOzoneClusterImpl-2ba833d5-1ba9-439d-9c86-26ba043c4450/datanode-4/data/ratis/9026efdf-d167-440b-98e8-392b48e86a6f
2021-06-23 18:53:59,515 [pool-365-thread-1] INFO  server.RaftServerConfigKeys (ConfUtils.java:logGet(44)) - raft.server.log.queue.byte-limit = 2147483647 (custom)
2021-06-23 18:53:59,516 [pool-365-thread-1] INFO  server.RaftServerConfigKeys (ConfUtils.java:logGet(44)) - raft.server.log.queue.element-limit = 1024 (custom)
2021-06-23 18:53:59,516 [pool-365-thread-1] INFO  server.RaftServerConfigKeys (ConfUtils.java:logGet(44)) - raft.server.log.segment.size.max = 1048576 (custom)
2021-06-23 18:53:59,516 [pool-365-thread-1] INFO  server.RaftServerConfigKeys (ConfUtils.java:logGet(44)) - raft.server.log.preallocated.size = 16384 (custom)
2021-06-23 18:53:59,516 [pool-365-thread-1] INFO  server.RaftServerConfigKeys (ConfUtils.java:logGet(44)) - raft.server.log.force.sync.num = 128 (default)
2021-06-23 18:53:59,516 [pool-365-thread-1] INFO  server.RaftServerConfigKeys (ConfUtils.java:logGet(44)) - raft.server.log.statemachine.data.sync = true (default)
2021-06-23 18:53:59,516 [pool-365-thread-1] INFO  server.RaftServerConfigKeys (ConfUtils.java:logGet(44)) - raft.server.log.statemachine.data.sync.timeout = 10s (default)
2021-06-23 18:53:59,516 [pool-365-thread-1] INFO  server.RaftServerConfigKeys (ConfUtils.java:logGet(44)) - raft.server.log.statemachine.data.sync.timeout.retry = -1 (default)
2021-06-23 18:53:59,517 [pool-365-thread-1] INFO  server.RaftServerConfigKeys (ConfUtils.java:logGet(44)) - raft.server.log.write.buffer.size = 1048576 (custom)
2021-06-23 18:53:59,517 [pool-365-thread-1] INFO  server.RaftServerConfigKeys (ConfUtils.java:logGet(44)) - raft.server.log.statemachine.data.caching.enabled = true (custom)
2021-06-23 18:53:59,518 [pool-365-thread-1] INFO  segmented.SegmentedRaftLogWorker (SegmentedRaftLogWorker.java:lambda$new$0(133)) - 3a42542b-a113-4e4a-912d-bb492a802489@group-392B48E86A6F-SegmentedRaftLogWorker: flushIndex: setUnconditionally 0 -> -1
2021-06-23 18:53:59,523 [pool-365-thread-1] INFO  segmented.SegmentedRaftLogWorker (SegmentedRaftLogWorker.java:lambda$new$0(133)) - 3a42542b-a113-4e4a-912d-bb492a802489@group-392B48E86A6F-SegmentedRaftLogWorker: safeCacheEvictIndex: setUnconditionally 0 -> -1
2021-06-23 18:53:59,524 [pool-365-thread-1] INFO  server.RaftServerConfigKeys (ConfUtils.java:logGet(44)) - raft.server.snapshot.auto.trigger.enabled = true (custom)
2021-06-23 18:53:59,524 [pool-365-thread-1] INFO  server.RaftServerConfigKeys (ConfUtils.java:logGet(44)) - raft.server.snapshot.auto.trigger.threshold = 10000 (custom)
2021-06-23 18:53:59,524 [pool-365-thread-1] INFO  server.RaftServerConfigKeys (ConfUtils.java:logGet(44)) - raft.server.snapshot.retention.file.num = 5 (custom)
2021-06-23 18:53:59,524 [pool-365-thread-1] INFO  server.RaftServerConfigKeys (ConfUtils.java:logGet(44)) - raft.server.log.purge.upto.snapshot.index = false (default)
2021-06-23 18:53:59,524 [pool-365-thread-1] INFO  server.RaftServerConfigKeys (ConfUtils.java:logGet(44)) - raft.server.retrycache.expirytime = 600000ms (custom)
2021-06-23 18:53:59,524 [pool-365-thread-1] INFO  server.RaftServerConfigKeys (ConfUtils.java:logGet(44)) - raft.server.retrycache.statistics.expirytime = 100μs (default)
2021-06-23 18:53:59,524 [pool-365-thread-1] INFO  metrics.RatisMetrics (RatisMetrics.java:lambda$create$0(36)) - Creating Metrics Registry : ratis.leader_election.3a42542b-a113-4e4a-912d-bb492a802489@group-392B48E86A6F
2021-06-23 18:53:59,524 [pool-365-thread-1] INFO  metrics.RatisMetrics (RatisMetrics.java:lambda$create$0(36)) - Creating Metrics Registry : ratis.server.3a42542b-a113-4e4a-912d-bb492a802489@group-392B48E86A6F
2021-06-23 18:53:59,525 [pool-365-thread-1] INFO  server.RaftServer$Division (RaftServerImpl.java:start(295)) - 3a42542b-a113-4e4a-912d-bb492a802489@group-392B48E86A6F: start as a follower, conf=-1: [3a42542b-a113-4e4a-912d-bb492a802489|rpc:10.1.0.43:38785|priority:1], old=null
2021-06-23 18:53:59,525 [pool-365-thread-1] INFO  server.RaftServer$Division (RaftServerImpl.java:setRole(284)) - 3a42542b-a113-4e4a-912d-bb492a802489@group-392B48E86A6F: changes role from      null to FOLLOWER at term 0 for startAsFollower
2021-06-23 18:53:59,525 [pool-365-thread-1] INFO  impl.RoleInfo (RoleInfo.java:updateAndGet(130)) - 3a42542b-a113-4e4a-912d-bb492a802489: start 3a42542b-a113-4e4a-912d-bb492a802489@group-392B48E86A6F-FollowerState
2021-06-23 18:53:59,525 [pool-365-thread-1] INFO  util.JmxRegister (JmxRegister.java:tryRegister(44)) - Successfully registered JMX Bean with object name Ratis:service=RaftServer,group=group-392B48E86A6F,id=3a42542b-a113-4e4a-912d-bb492a802489
2021-06-23 18:53:59,525 [pool-365-thread-1] INFO  metrics.RatisMetrics (RatisMetrics.java:lambda$create$0(36)) - Creating Metrics Registry : ratis.state_machine.3a42542b-a113-4e4a-912d-bb492a802489@group-392B48E86A6F
2021-06-23 18:53:59,526 [Command processor thread] INFO  ratis.XceiverServerRatis (XceiverServerRatis.java:addGroup(759)) - Created group PipelineID=9026efdf-d167-440b-98e8-392b48e86a6f
2021-06-23 18:53:59,526 [Command processor thread] INFO  commandhandler.CreatePipelineCommandHandler (CreatePipelineCommandHandler.java:handle(106)) - Created Pipeline RATIS ONE PipelineID=9026efdf-d167-440b-98e8-392b48e86a6f.
2021-06-23 18:53:59,625 [Command processor thread] INFO  server.RaftServer (RaftServerProxy.java:addNew(95)) - f3d5ecac-0c0e-452b-b1da-f4ba84ea556e: addNew group-BDE01778DA23:[f3d5ecac-0c0e-452b-b1da-f4ba84ea556e|rpc:10.1.0.43:40993|priority:1] returns group-BDE01778DA23:java.util.concurrent.CompletableFuture@146b077c[Not completed]
2021-06-23 18:53:59,626 [pool-383-thread-1] INFO  server.RaftServer$Division (RaftServerImpl.java:<init>(180)) - f3d5ecac-0c0e-452b-b1da-f4ba84ea556e: new RaftServerImpl for group-BDE01778DA23:[f3d5ecac-0c0e-452b-b1da-f4ba84ea556e|rpc:10.1.0.43:40993|priority:1] with ContainerStateMachine:uninitialized
2021-06-23 18:53:59,626 [pool-383-thread-1] INFO  server.RaftServerConfigKeys (ConfUtils.java:logGet(44)) - raft.server.rpc.timeout.min = 5s (custom)
2021-06-23 18:53:59,626 [pool-383-thread-1] INFO  server.RaftServerConfigKeys (ConfUtils.java:logGet(44)) - raft.server.rpc.timeout.max = 5200ms (custom)
2021-06-23 18:53:59,626 [pool-383-thread-1] INFO  server.RaftServerConfigKeys (ConfUtils.java:logGet(44)) - raft.server.rpc.sleep.time = 25ms (default)
2021-06-23 18:53:59,626 [pool-383-thread-1] INFO  server.RaftServerConfigKeys (ConfUtils.java:logGet(44)) - raft.server.rpc.slowness.timeout = 300000ms (custom)
2021-06-23 18:53:59,626 [pool-383-thread-1] INFO  server.RaftServerConfigKeys (ConfUtils.java:logGet(44)) - raft.server.leaderelection.leader.step-down.wait-time = 10s (default)
2021-06-23 18:53:59,626 [pool-383-thread-1] INFO  server.RaftServerConfigKeys (ConfUtils.java:logGet(44)) - raft.server.sleep.deviation.threshold = 300ms (default)
2021-06-23 18:53:59,626 [pool-383-thread-1] INFO  server.RaftServerConfigKeys (ConfUtils.java:logGet(44)) - raft.server.log.appender.install.snapshot.enabled = false (custom)
2021-06-23 18:53:59,626 [pool-383-thread-1] INFO  server.RaftServer$Division (ServerState.java:<init>(105)) - f3d5ecac-0c0e-452b-b1da-f4ba84ea556e@group-BDE01778DA23: ConfigurationManager, init=-1: [f3d5ecac-0c0e-452b-b1da-f4ba84ea556e|rpc:10.1.0.43:40993|priority:1], old=null, confs=<EMPTY_MAP>
2021-06-23 18:53:59,626 [pool-383-thread-1] INFO  server.RaftServerConfigKeys (ConfUtils.java:logGet(44)) - raft.server.storage.dir = [/home/runner/work/ozone/ozone/mnt/ozone/hadoop-ozone/integration-test/target/test-dir/MiniOzoneClusterImpl-2ba833d5-1ba9-439d-9c86-26ba043c4450/datanode-5/data/ratis] (custom)
2021-06-23 18:53:59,627 [pool-383-thread-1] INFO  server.RaftServerConfigKeys (ConfUtils.java:logGet(44)) - raft.server.log.corruption.policy = EXCEPTION (default)
2021-06-23 18:53:59,627 [pool-383-thread-1] INFO  storage.RaftStorageDirectory (RaftStorageDirectoryImpl.java:analyzeStorage(132)) - The storage directory /home/runner/work/ozone/ozone/mnt/ozone/hadoop-ozone/integration-test/target/test-dir/MiniOzoneClusterImpl-2ba833d5-1ba9-439d-9c86-26ba043c4450/datanode-5/data/ratis/0f2c3a2d-ab8b-4489-969e-bde01778da23 does not exist. Creating ...
2021-06-23 18:53:59,629 [pool-383-thread-1] INFO  storage.RaftStorageDirectory (RaftStorageDirectoryImpl.java:tryLock(215)) - Lock on /home/runner/work/ozone/ozone/mnt/ozone/hadoop-ozone/integration-test/target/test-dir/MiniOzoneClusterImpl-2ba833d5-1ba9-439d-9c86-26ba043c4450/datanode-5/data/ratis/0f2c3a2d-ab8b-4489-969e-bde01778da23/in_use.lock acquired by nodename 19615@fv-az291-331
2021-06-23 18:53:59,632 [pool-383-thread-1] INFO  storage.RaftStorage (RaftStorageImpl.java:format(87)) - Storage directory /home/runner/work/ozone/ozone/mnt/ozone/hadoop-ozone/integration-test/target/test-dir/MiniOzoneClusterImpl-2ba833d5-1ba9-439d-9c86-26ba043c4450/datanode-5/data/ratis/0f2c3a2d-ab8b-4489-969e-bde01778da23 has been successfully formatted.
2021-06-23 18:53:59,632 [pool-383-thread-1] INFO  ratis.ContainerStateMachine (ContainerStateMachine.java:loadSnapshot(223)) - group-BDE01778DA23: The snapshot info is null. Setting the last applied indexto:(t:0, i:~)
2021-06-23 18:53:59,632 [pool-383-thread-1] INFO  server.RaftServerConfigKeys (ConfUtils.java:logGet(44)) - raft.server.notification.no-leader.timeout = 300000ms (custom)
2021-06-23 18:53:59,632 [pool-383-thread-1] INFO  server.RaftServerConfigKeys (ConfUtils.java:logGet(44)) - raft.server.log.use.memory = false (default)
2021-06-23 18:53:59,632 [pool-383-thread-1] INFO  server.RaftServerConfigKeys (ConfUtils.java:logGet(44)) - raft.server.log.purge.gap = 1000000 (custom)
2021-06-23 18:53:59,633 [pool-383-thread-1] INFO  server.RaftServerConfigKeys (ConfUtils.java:logGet(44)) - raft.server.log.appender.buffer.byte-limit = 33554432 (custom)
2021-06-23 18:53:59,633 [pool-383-thread-1] INFO  metrics.RatisMetrics (RatisMetrics.java:lambda$create$0(36)) - Creating Metrics Registry : ratis.log_worker.f3d5ecac-0c0e-452b-b1da-f4ba84ea556e@group-BDE01778DA23
2021-06-23 18:53:59,633 [pool-383-thread-1] INFO  server.RaftServerConfigKeys (ConfUtils.java:logGet(44)) - raft.server.log.segment.size.max = 1048576 (custom)
2021-06-23 18:53:59,634 [EventQueue-PipelineReportForPipelineReportHandler] INFO  pipeline.PipelineManagerV2Impl (PipelineManagerV2Impl.java:openPipeline(270)) - Pipeline Pipeline[ Id: 0f2c3a2d-ab8b-4489-969e-bde01778da23, Nodes: f3d5ecac-0c0e-452b-b1da-f4ba84ea556e{ip: 10.1.0.43, host: fv-az291-331.wgnan5asplgejimfprtllbpdch.jx.internal.cloudapp.net, ports: [REPLICATION=32833, RATIS=40993, RATIS_ADMIN=40993, RATIS_SERVER=40993, STANDALONE=37411], networkLocation: /default-rack, certSerialId: null, persistedOpState: IN_SERVICE, persistedOpStateExpiryEpochSec: 0}, ReplicationConfig: RATIS/ONE, State:ALLOCATED, leaderId:f3d5ecac-0c0e-452b-b1da-f4ba84ea556e, CreationTimestamp2021-06-23T18:53:56.627Z] moved to OPEN state
2021-06-23 18:53:59,634 [EventQueue-OpenPipelineForHealthyPipelineSafeModeRule] INFO  safemode.SCMSafeModeManager (HealthyPipelineSafeModeRule.java:process(124)) - SCM in safe mode. Healthy pipelines reported count is 0, required healthy pipeline reported count is 1
2021-06-23 18:53:59,634 [pool-383-thread-1] INFO  server.RaftServerConfigKeys (ConfUtils.java:logGet(44)) - raft.server.log.segment.cache.num.max = 2 (custom)
2021-06-23 18:53:59,634 [pool-383-thread-1] INFO  server.RaftServerConfigKeys (ConfUtils.java:logGet(44)) - raft.server.log.segment.cache.size.max = 200MB (=209715200) (default)
2021-06-23 18:53:59,634 [pool-383-thread-1] INFO  segmented.SegmentedRaftLogWorker (SegmentedRaftLogWorker.java:<init>(182)) - new f3d5ecac-0c0e-452b-b1da-f4ba84ea556e@group-BDE01778DA23-SegmentedRaftLogWorker for RaftStorageImpl:Storage Directory /home/runner/work/ozone/ozone/mnt/ozone/hadoop-ozone/integration-test/target/test-dir/MiniOzoneClusterImpl-2ba833d5-1ba9-439d-9c86-26ba043c4450/datanode-5/data/ratis/0f2c3a2d-ab8b-4489-969e-bde01778da23
2021-06-23 18:53:59,634 [pool-383-thread-1] INFO  server.RaftServerConfigKeys (ConfUtils.java:logGet(44)) - raft.server.log.queue.byte-limit = 2147483647 (custom)
2021-06-23 18:53:59,634 [pool-383-thread-1] INFO  server.RaftServerConfigKeys (ConfUtils.java:logGet(44)) - raft.server.log.queue.element-limit = 1024 (custom)
2021-06-23 18:53:59,634 [pool-383-thread-1] INFO  server.RaftServerConfigKeys (ConfUtils.java:logGet(44)) - raft.server.log.segment.size.max = 1048576 (custom)
2021-06-23 18:53:59,635 [pool-383-thread-1] INFO  server.RaftServerConfigKeys (ConfUtils.java:logGet(44)) - raft.server.log.preallocated.size = 16384 (custom)
2021-06-23 18:53:59,635 [pool-383-thread-1] INFO  server.RaftServerConfigKeys (ConfUtils.java:logGet(44)) - raft.server.log.force.sync.num = 128 (default)
2021-06-23 18:53:59,635 [pool-383-thread-1] INFO  server.RaftServerConfigKeys (ConfUtils.java:logGet(44)) - raft.server.log.statemachine.data.sync = true (default)
2021-06-23 18:53:59,635 [pool-383-thread-1] INFO  server.RaftServerConfigKeys (ConfUtils.java:logGet(44)) - raft.server.log.statemachine.data.sync.timeout = 10s (default)
2021-06-23 18:53:59,635 [pool-383-thread-1] INFO  server.RaftServerConfigKeys (ConfUtils.java:logGet(44)) - raft.server.log.statemachine.data.sync.timeout.retry = -1 (default)
2021-06-23 18:53:59,636 [pool-383-thread-1] INFO  server.RaftServerConfigKeys (ConfUtils.java:logGet(44)) - raft.server.log.write.buffer.size = 1048576 (custom)
2021-06-23 18:53:59,636 [pool-383-thread-1] INFO  server.RaftServerConfigKeys (ConfUtils.java:logGet(44)) - raft.server.log.statemachine.data.caching.enabled = true (custom)
2021-06-23 18:53:59,637 [pool-383-thread-1] INFO  segmented.SegmentedRaftLogWorker (SegmentedRaftLogWorker.java:lambda$new$0(133)) - f3d5ecac-0c0e-452b-b1da-f4ba84ea556e@group-BDE01778DA23-SegmentedRaftLogWorker: flushIndex: setUnconditionally 0 -> -1
2021-06-23 18:53:59,637 [pool-383-thread-1] INFO  segmented.SegmentedRaftLogWorker (SegmentedRaftLogWorker.java:lambda$new$0(133)) - f3d5ecac-0c0e-452b-b1da-f4ba84ea556e@group-BDE01778DA23-SegmentedRaftLogWorker: safeCacheEvictIndex: setUnconditionally 0 -> -1
2021-06-23 18:53:59,637 [pool-383-thread-1] INFO  server.RaftServerConfigKeys (ConfUtils.java:logGet(44)) - raft.server.snapshot.auto.trigger.enabled = true (custom)
2021-06-23 18:53:59,637 [pool-383-thread-1] INFO  server.RaftServerConfigKeys (ConfUtils.java:logGet(44)) - raft.server.snapshot.auto.trigger.threshold = 10000 (custom)
2021-06-23 18:53:59,637 [pool-383-thread-1] INFO  server.RaftServerConfigKeys (ConfUtils.java:logGet(44)) - raft.server.snapshot.retention.file.num = 5 (custom)
2021-06-23 18:53:59,638 [pool-383-thread-1] INFO  server.RaftServerConfigKeys (ConfUtils.java:logGet(44)) - raft.server.log.purge.upto.snapshot.index = false (default)
2021-06-23 18:53:59,638 [pool-383-thread-1] INFO  server.RaftServerConfigKeys (ConfUtils.java:logGet(44)) - raft.server.retrycache.expirytime = 600000ms (custom)
2021-06-23 18:53:59,638 [pool-383-thread-1] INFO  server.RaftServerConfigKeys (ConfUtils.java:logGet(44)) - raft.server.retrycache.statistics.expirytime = 100μs (default)
2021-06-23 18:53:59,638 [pool-383-thread-1] INFO  metrics.RatisMetrics (RatisMetrics.java:lambda$create$0(36)) - Creating Metrics Registry : ratis.leader_election.f3d5ecac-0c0e-452b-b1da-f4ba84ea556e@group-BDE01778DA23
2021-06-23 18:53:59,638 [pool-383-thread-1] INFO  metrics.RatisMetrics (RatisMetrics.java:lambda$create$0(36)) - Creating Metrics Registry : ratis.server.f3d5ecac-0c0e-452b-b1da-f4ba84ea556e@group-BDE01778DA23
2021-06-23 18:53:59,639 [pool-383-thread-1] INFO  server.RaftServer$Division (RaftServerImpl.java:start(295)) - f3d5ecac-0c0e-452b-b1da-f4ba84ea556e@group-BDE01778DA23: start as a follower, conf=-1: [f3d5ecac-0c0e-452b-b1da-f4ba84ea556e|rpc:10.1.0.43:40993|priority:1], old=null
2021-06-23 18:53:59,639 [pool-383-thread-1] INFO  server.RaftServer$Division (RaftServerImpl.java:setRole(284)) - f3d5ecac-0c0e-452b-b1da-f4ba84ea556e@group-BDE01778DA23: changes role from      null to FOLLOWER at term 0 for startAsFollower
2021-06-23 18:53:59,639 [pool-383-thread-1] INFO  impl.RoleInfo (RoleInfo.java:updateAndGet(130)) - f3d5ecac-0c0e-452b-b1da-f4ba84ea556e: start f3d5ecac-0c0e-452b-b1da-f4ba84ea556e@group-BDE01778DA23-FollowerState
2021-06-23 18:53:59,640 [pool-383-thread-1] INFO  util.JmxRegister (JmxRegister.java:tryRegister(44)) - Successfully registered JMX Bean with object name Ratis:service=RaftServer,group=group-BDE01778DA23,id=f3d5ecac-0c0e-452b-b1da-f4ba84ea556e
2021-06-23 18:53:59,640 [pool-383-thread-1] INFO  metrics.RatisMetrics (RatisMetrics.java:lambda$create$0(36)) - Creating Metrics Registry : ratis.state_machine.f3d5ecac-0c0e-452b-b1da-f4ba84ea556e@group-BDE01778DA23
2021-06-23 18:53:59,640 [Command processor thread] INFO  ratis.XceiverServerRatis (XceiverServerRatis.java:addGroup(759)) - Created group PipelineID=0f2c3a2d-ab8b-4489-969e-bde01778da23
2021-06-23 18:53:59,640 [Command processor thread] INFO  commandhandler.CreatePipelineCommandHandler (CreatePipelineCommandHandler.java:handle(106)) - Created Pipeline RATIS ONE PipelineID=0f2c3a2d-ab8b-4489-969e-bde01778da23.
2021-06-23 18:53:59,767 [Command processor thread] INFO  server.RaftServer (RaftServerProxy.java:addNew(95)) - b5670674-baf7-4651-a658-bd3fb004b3cf: addNew group-CE9E2CAF0213:[b5670674-baf7-4651-a658-bd3fb004b3cf|rpc:10.1.0.43:37311|priority:1] returns group-CE9E2CAF0213:java.util.concurrent.CompletableFuture@61d1e00c[Not completed]
2021-06-23 18:53:59,768 [pool-401-thread-1] INFO  server.RaftServer$Division (RaftServerImpl.java:<init>(180)) - b5670674-baf7-4651-a658-bd3fb004b3cf: new RaftServerImpl for group-CE9E2CAF0213:[b5670674-baf7-4651-a658-bd3fb004b3cf|rpc:10.1.0.43:37311|priority:1] with ContainerStateMachine:uninitialized
2021-06-23 18:53:59,768 [pool-401-thread-1] INFO  server.RaftServerConfigKeys (ConfUtils.java:logGet(44)) - raft.server.rpc.timeout.min = 5s (custom)
2021-06-23 18:53:59,768 [pool-401-thread-1] INFO  server.RaftServerConfigKeys (ConfUtils.java:logGet(44)) - raft.server.rpc.timeout.max = 5200ms (custom)
2021-06-23 18:53:59,768 [pool-401-thread-1] INFO  server.RaftServerConfigKeys (ConfUtils.java:logGet(44)) - raft.server.rpc.sleep.time = 25ms (default)
2021-06-23 18:53:59,768 [pool-401-thread-1] INFO  server.RaftServerConfigKeys (ConfUtils.java:logGet(44)) - raft.server.rpc.slowness.timeout = 300000ms (custom)
2021-06-23 18:53:59,768 [pool-401-thread-1] INFO  server.RaftServerConfigKeys (ConfUtils.java:logGet(44)) - raft.server.leaderelection.leader.step-down.wait-time = 10s (default)
2021-06-23 18:53:59,768 [pool-401-thread-1] INFO  server.RaftServerConfigKeys (ConfUtils.java:logGet(44)) - raft.server.sleep.deviation.threshold = 300ms (default)
2021-06-23 18:53:59,768 [pool-401-thread-1] INFO  server.RaftServerConfigKeys (ConfUtils.java:logGet(44)) - raft.server.log.appender.install.snapshot.enabled = false (custom)
2021-06-23 18:53:59,769 [pool-401-thread-1] INFO  server.RaftServer$Division (ServerState.java:<init>(105)) - b5670674-baf7-4651-a658-bd3fb004b3cf@group-CE9E2CAF0213: ConfigurationManager, init=-1: [b5670674-baf7-4651-a658-bd3fb004b3cf|rpc:10.1.0.43:37311|priority:1], old=null, confs=<EMPTY_MAP>
2021-06-23 18:53:59,769 [pool-401-thread-1] INFO  server.RaftServerConfigKeys (ConfUtils.java:logGet(44)) - raft.server.storage.dir = [/home/runner/work/ozone/ozone/mnt/ozone/hadoop-ozone/integration-test/target/test-dir/MiniOzoneClusterImpl-2ba833d5-1ba9-439d-9c86-26ba043c4450/datanode-6/data/ratis] (custom)
2021-06-23 18:53:59,769 [pool-401-thread-1] INFO  server.RaftServerConfigKeys (ConfUtils.java:logGet(44)) - raft.server.log.corruption.policy = EXCEPTION (default)
2021-06-23 18:53:59,776 [pool-401-thread-1] INFO  storage.RaftStorageDirectory (RaftStorageDirectoryImpl.java:analyzeStorage(132)) - The storage directory /home/runner/work/ozone/ozone/mnt/ozone/hadoop-ozone/integration-test/target/test-dir/MiniOzoneClusterImpl-2ba833d5-1ba9-439d-9c86-26ba043c4450/datanode-6/data/ratis/69abac1d-6099-4564-9181-ce9e2caf0213 does not exist. Creating ...
2021-06-23 18:53:59,778 [pool-401-thread-1] INFO  storage.RaftStorageDirectory (RaftStorageDirectoryImpl.java:tryLock(215)) - Lock on /home/runner/work/ozone/ozone/mnt/ozone/hadoop-ozone/integration-test/target/test-dir/MiniOzoneClusterImpl-2ba833d5-1ba9-439d-9c86-26ba043c4450/datanode-6/data/ratis/69abac1d-6099-4564-9181-ce9e2caf0213/in_use.lock acquired by nodename 19615@fv-az291-331
2021-06-23 18:53:59,779 [pool-401-thread-1] INFO  storage.RaftStorage (RaftStorageImpl.java:format(87)) - Storage directory /home/runner/work/ozone/ozone/mnt/ozone/hadoop-ozone/integration-test/target/test-dir/MiniOzoneClusterImpl-2ba833d5-1ba9-439d-9c86-26ba043c4450/datanode-6/data/ratis/69abac1d-6099-4564-9181-ce9e2caf0213 has been successfully formatted.
2021-06-23 18:53:59,780 [pool-401-thread-1] INFO  ratis.ContainerStateMachine (ContainerStateMachine.java:loadSnapshot(223)) - group-CE9E2CAF0213: The snapshot info is null. Setting the last applied indexto:(t:0, i:~)
2021-06-23 18:53:59,781 [pool-401-thread-1] INFO  server.RaftServerConfigKeys (ConfUtils.java:logGet(44)) - raft.server.notification.no-leader.timeout = 300000ms (custom)
2021-06-23 18:53:59,781 [pool-401-thread-1] INFO  server.RaftServerConfigKeys (ConfUtils.java:logGet(44)) - raft.server.log.use.memory = false (default)
2021-06-23 18:53:59,781 [pool-401-thread-1] INFO  server.RaftServerConfigKeys (ConfUtils.java:logGet(44)) - raft.server.log.purge.gap = 1000000 (custom)
2021-06-23 18:53:59,781 [pool-401-thread-1] INFO  server.RaftServerConfigKeys (ConfUtils.java:logGet(44)) - raft.server.log.appender.buffer.byte-limit = 33554432 (custom)
2021-06-23 18:53:59,781 [pool-401-thread-1] INFO  metrics.RatisMetrics (RatisMetrics.java:lambda$create$0(36)) - Creating Metrics Registry : ratis.log_worker.b5670674-baf7-4651-a658-bd3fb004b3cf@group-CE9E2CAF0213
2021-06-23 18:53:59,781 [pool-401-thread-1] INFO  server.RaftServerConfigKeys (ConfUtils.java:logGet(44)) - raft.server.log.segment.size.max = 1048576 (custom)
2021-06-23 18:53:59,781 [EventQueue-PipelineReportForPipelineReportHandler] INFO  pipeline.PipelineManagerV2Impl (PipelineManagerV2Impl.java:openPipeline(270)) - Pipeline Pipeline[ Id: 69abac1d-6099-4564-9181-ce9e2caf0213, Nodes: b5670674-baf7-4651-a658-bd3fb004b3cf{ip: 10.1.0.43, host: fv-az291-331.wgnan5asplgejimfprtllbpdch.jx.internal.cloudapp.net, ports: [REPLICATION=40999, RATIS=37311, RATIS_ADMIN=37311, RATIS_SERVER=37311, STANDALONE=33189], networkLocation: /default-rack, certSerialId: null, persistedOpState: IN_SERVICE, persistedOpStateExpiryEpochSec: 0}, ReplicationConfig: RATIS/ONE, State:ALLOCATED, leaderId:b5670674-baf7-4651-a658-bd3fb004b3cf, CreationTimestamp2021-06-23T18:53:56.768Z] moved to OPEN state
2021-06-23 18:53:59,781 [pool-401-thread-1] INFO  server.RaftServerConfigKeys (ConfUtils.java:logGet(44)) - raft.server.log.segment.cache.num.max = 2 (custom)
2021-06-23 18:53:59,782 [pool-401-thread-1] INFO  server.RaftServerConfigKeys (ConfUtils.java:logGet(44)) - raft.server.log.segment.cache.size.max = 200MB (=209715200) (default)
2021-06-23 18:53:59,782 [pool-401-thread-1] INFO  segmented.SegmentedRaftLogWorker (SegmentedRaftLogWorker.java:<init>(182)) - new b5670674-baf7-4651-a658-bd3fb004b3cf@group-CE9E2CAF0213-SegmentedRaftLogWorker for RaftStorageImpl:Storage Directory /home/runner/work/ozone/ozone/mnt/ozone/hadoop-ozone/integration-test/target/test-dir/MiniOzoneClusterImpl-2ba833d5-1ba9-439d-9c86-26ba043c4450/datanode-6/data/ratis/69abac1d-6099-4564-9181-ce9e2caf0213
2021-06-23 18:53:59,782 [EventQueue-OpenPipelineForHealthyPipelineSafeModeRule] INFO  safemode.SCMSafeModeManager (HealthyPipelineSafeModeRule.java:process(124)) - SCM in safe mode. Healthy pipelines reported count is 0, required healthy pipeline reported count is 1
2021-06-23 18:53:59,782 [pool-401-thread-1] INFO  server.RaftServerConfigKeys (ConfUtils.java:logGet(44)) - raft.server.log.queue.byte-limit = 2147483647 (custom)
2021-06-23 18:53:59,787 [pool-401-thread-1] INFO  server.RaftServerConfigKeys (ConfUtils.java:logGet(44)) - raft.server.log.queue.element-limit = 1024 (custom)
2021-06-23 18:53:59,787 [pool-401-thread-1] INFO  server.RaftServerConfigKeys (ConfUtils.java:logGet(44)) - raft.server.log.segment.size.max = 1048576 (custom)
2021-06-23 18:53:59,788 [pool-401-thread-1] INFO  server.RaftServerConfigKeys (ConfUtils.java:logGet(44)) - raft.server.log.preallocated.size = 16384 (custom)
2021-06-23 18:53:59,788 [pool-401-thread-1] INFO  server.RaftServerConfigKeys (ConfUtils.java:logGet(44)) - raft.server.log.force.sync.num = 128 (default)
2021-06-23 18:53:59,788 [pool-401-thread-1] INFO  server.RaftServerConfigKeys (ConfUtils.java:logGet(44)) - raft.server.log.statemachine.data.sync = true (default)
2021-06-23 18:53:59,788 [pool-401-thread-1] INFO  server.RaftServerConfigKeys (ConfUtils.java:logGet(44)) - raft.server.log.statemachine.data.sync.timeout = 10s (default)
2021-06-23 18:53:59,788 [pool-401-thread-1] INFO  server.RaftServerConfigKeys (ConfUtils.java:logGet(44)) - raft.server.log.statemachine.data.sync.timeout.retry = -1 (default)
2021-06-23 18:53:59,789 [pool-401-thread-1] INFO  server.RaftServerConfigKeys (ConfUtils.java:logGet(44)) - raft.server.log.write.buffer.size = 1048576 (custom)
2021-06-23 18:53:59,790 [pool-401-thread-1] INFO  server.RaftServerConfigKeys (ConfUtils.java:logGet(44)) - raft.server.log.statemachine.data.caching.enabled = true (custom)
2021-06-23 18:53:59,790 [pool-401-thread-1] INFO  segmented.SegmentedRaftLogWorker (SegmentedRaftLogWorker.java:lambda$new$0(133)) - b5670674-baf7-4651-a658-bd3fb004b3cf@group-CE9E2CAF0213-SegmentedRaftLogWorker: flushIndex: setUnconditionally 0 -> -1
2021-06-23 18:53:59,790 [pool-401-thread-1] INFO  segmented.SegmentedRaftLogWorker (SegmentedRaftLogWorker.java:lambda$new$0(133)) - b5670674-baf7-4651-a658-bd3fb004b3cf@group-CE9E2CAF0213-SegmentedRaftLogWorker: safeCacheEvictIndex: setUnconditionally 0 -> -1
2021-06-23 18:53:59,795 [pool-401-thread-1] INFO  server.RaftServerConfigKeys (ConfUtils.java:logGet(44)) - raft.server.snapshot.auto.trigger.enabled = true (custom)
2021-06-23 18:53:59,795 [pool-401-thread-1] INFO  server.RaftServerConfigKeys (ConfUtils.java:logGet(44)) - raft.server.snapshot.auto.trigger.threshold = 10000 (custom)
2021-06-23 18:53:59,796 [pool-401-thread-1] INFO  server.RaftServerConfigKeys (ConfUtils.java:logGet(44)) - raft.server.snapshot.retention.file.num = 5 (custom)
2021-06-23 18:53:59,796 [pool-401-thread-1] INFO  server.RaftServerConfigKeys (ConfUtils.java:logGet(44)) - raft.server.log.purge.upto.snapshot.index = false (default)
2021-06-23 18:53:59,796 [pool-401-thread-1] INFO  server.RaftServerConfigKeys (ConfUtils.java:logGet(44)) - raft.server.retrycache.expirytime = 600000ms (custom)
2021-06-23 18:53:59,796 [pool-401-thread-1] INFO  server.RaftServerConfigKeys (ConfUtils.java:logGet(44)) - raft.server.retrycache.statistics.expirytime = 100μs (default)
2021-06-23 18:53:59,796 [pool-401-thread-1] INFO  metrics.RatisMetrics (RatisMetrics.java:lambda$create$0(36)) - Creating Metrics Registry : ratis.leader_election.b5670674-baf7-4651-a658-bd3fb004b3cf@group-CE9E2CAF0213
2021-06-23 18:53:59,796 [pool-401-thread-1] INFO  metrics.RatisMetrics (RatisMetrics.java:lambda$create$0(36)) - Creating Metrics Registry : ratis.server.b5670674-baf7-4651-a658-bd3fb004b3cf@group-CE9E2CAF0213
2021-06-23 18:53:59,797 [pool-401-thread-1] INFO  server.RaftServer$Division (RaftServerImpl.java:start(295)) - b5670674-baf7-4651-a658-bd3fb004b3cf@group-CE9E2CAF0213: start as a follower, conf=-1: [b5670674-baf7-4651-a658-bd3fb004b3cf|rpc:10.1.0.43:37311|priority:1], old=null
2021-06-23 18:53:59,797 [pool-401-thread-1] INFO  server.RaftServer$Division (RaftServerImpl.java:setRole(284)) - b5670674-baf7-4651-a658-bd3fb004b3cf@group-CE9E2CAF0213: changes role from      null to FOLLOWER at term 0 for startAsFollower
2021-06-23 18:53:59,797 [pool-401-thread-1] INFO  impl.RoleInfo (RoleInfo.java:updateAndGet(130)) - b5670674-baf7-4651-a658-bd3fb004b3cf: start b5670674-baf7-4651-a658-bd3fb004b3cf@group-CE9E2CAF0213-FollowerState
2021-06-23 18:53:59,797 [pool-401-thread-1] INFO  util.JmxRegister (JmxRegister.java:tryRegister(44)) - Successfully registered JMX Bean with object name Ratis:service=RaftServer,group=group-CE9E2CAF0213,id=b5670674-baf7-4651-a658-bd3fb004b3cf
2021-06-23 18:53:59,797 [pool-401-thread-1] INFO  metrics.RatisMetrics (RatisMetrics.java:lambda$create$0(36)) - Creating Metrics Registry : ratis.state_machine.b5670674-baf7-4651-a658-bd3fb004b3cf@group-CE9E2CAF0213
2021-06-23 18:53:59,798 [Command processor thread] INFO  ratis.XceiverServerRatis (XceiverServerRatis.java:addGroup(759)) - Created group PipelineID=69abac1d-6099-4564-9181-ce9e2caf0213
2021-06-23 18:53:59,798 [Command processor thread] INFO  commandhandler.CreatePipelineCommandHandler (CreatePipelineCommandHandler.java:handle(106)) - Created Pipeline RATIS ONE PipelineID=69abac1d-6099-4564-9181-ce9e2caf0213.
2021-06-23 18:53:59,798 [Command processor thread] INFO  server.RaftServer (RaftServerProxy.java:addNew(95)) - b5670674-baf7-4651-a658-bd3fb004b3cf: addNew group-2DE7CEC348BC:[6bd27ae7-81f7-4e18-bc38-6f66a3d01c25|rpc:10.1.0.43:36253|priority:1, b5670674-baf7-4651-a658-bd3fb004b3cf|rpc:10.1.0.43:37311|priority:0, c3729649-2bd6-4731-9653-79fd1afe8c9e|rpc:10.1.0.43:39095|priority:0] returns group-2DE7CEC348BC:java.util.concurrent.CompletableFuture@65ee68ee[Not completed]
2021-06-23 18:53:59,799 [pool-401-thread-1] INFO  server.RaftServer$Division (RaftServerImpl.java:<init>(180)) - b5670674-baf7-4651-a658-bd3fb004b3cf: new RaftServerImpl for group-2DE7CEC348BC:[6bd27ae7-81f7-4e18-bc38-6f66a3d01c25|rpc:10.1.0.43:36253|priority:1, b5670674-baf7-4651-a658-bd3fb004b3cf|rpc:10.1.0.43:37311|priority:0, c3729649-2bd6-4731-9653-79fd1afe8c9e|rpc:10.1.0.43:39095|priority:0] with ContainerStateMachine:uninitialized
2021-06-23 18:53:59,799 [pool-401-thread-1] INFO  server.RaftServerConfigKeys (ConfUtils.java:logGet(44)) - raft.server.rpc.timeout.min = 5s (custom)
2021-06-23 18:53:59,799 [pool-401-thread-1] INFO  server.RaftServerConfigKeys (ConfUtils.java:logGet(44)) - raft.server.rpc.timeout.max = 5200ms (custom)
2021-06-23 18:53:59,799 [pool-401-thread-1] INFO  server.RaftServerConfigKeys (ConfUtils.java:logGet(44)) - raft.server.rpc.sleep.time = 25ms (default)
2021-06-23 18:53:59,799 [pool-401-thread-1] INFO  server.RaftServerConfigKeys (ConfUtils.java:logGet(44)) - raft.server.rpc.slowness.timeout = 300000ms (custom)
2021-06-23 18:53:59,799 [pool-401-thread-1] INFO  server.RaftServerConfigKeys (ConfUtils.java:logGet(44)) - raft.server.leaderelection.leader.step-down.wait-time = 10s (default)
2021-06-23 18:53:59,799 [pool-401-thread-1] INFO  server.RaftServerConfigKeys (ConfUtils.java:logGet(44)) - raft.server.sleep.deviation.threshold = 300ms (default)
2021-06-23 18:53:59,799 [pool-401-thread-1] INFO  server.RaftServerConfigKeys (ConfUtils.java:logGet(44)) - raft.server.log.appender.install.snapshot.enabled = false (custom)
2021-06-23 18:53:59,799 [pool-401-thread-1] INFO  server.RaftServer$Division (ServerState.java:<init>(105)) - b5670674-baf7-4651-a658-bd3fb004b3cf@group-2DE7CEC348BC: ConfigurationManager, init=-1: [6bd27ae7-81f7-4e18-bc38-6f66a3d01c25|rpc:10.1.0.43:36253|priority:1, b5670674-baf7-4651-a658-bd3fb004b3cf|rpc:10.1.0.43:37311|priority:0, c3729649-2bd6-4731-9653-79fd1afe8c9e|rpc:10.1.0.43:39095|priority:0], old=null, confs=<EMPTY_MAP>
2021-06-23 18:53:59,799 [pool-401-thread-1] INFO  server.RaftServerConfigKeys (ConfUtils.java:logGet(44)) - raft.server.storage.dir = [/home/runner/work/ozone/ozone/mnt/ozone/hadoop-ozone/integration-test/target/test-dir/MiniOzoneClusterImpl-2ba833d5-1ba9-439d-9c86-26ba043c4450/datanode-6/data/ratis] (custom)
2021-06-23 18:53:59,799 [pool-401-thread-1] INFO  server.RaftServerConfigKeys (ConfUtils.java:logGet(44)) - raft.server.log.corruption.policy = EXCEPTION (default)
2021-06-23 18:53:59,799 [pool-401-thread-1] INFO  storage.RaftStorageDirectory (RaftStorageDirectoryImpl.java:analyzeStorage(132)) - The storage directory /home/runner/work/ozone/ozone/mnt/ozone/hadoop-ozone/integration-test/target/test-dir/MiniOzoneClusterImpl-2ba833d5-1ba9-439d-9c86-26ba043c4450/datanode-6/data/ratis/94502484-9e38-40d3-aad9-2de7cec348bc does not exist. Creating ...
2021-06-23 18:53:59,800 [pool-401-thread-1] INFO  storage.RaftStorageDirectory (RaftStorageDirectoryImpl.java:tryLock(215)) - Lock on /home/runner/work/ozone/ozone/mnt/ozone/hadoop-ozone/integration-test/target/test-dir/MiniOzoneClusterImpl-2ba833d5-1ba9-439d-9c86-26ba043c4450/datanode-6/data/ratis/94502484-9e38-40d3-aad9-2de7cec348bc/in_use.lock acquired by nodename 19615@fv-az291-331
2021-06-23 18:53:59,801 [pool-401-thread-1] INFO  storage.RaftStorage (RaftStorageImpl.java:format(87)) - Storage directory /home/runner/work/ozone/ozone/mnt/ozone/hadoop-ozone/integration-test/target/test-dir/MiniOzoneClusterImpl-2ba833d5-1ba9-439d-9c86-26ba043c4450/datanode-6/data/ratis/94502484-9e38-40d3-aad9-2de7cec348bc has been successfully formatted.
2021-06-23 18:53:59,802 [EventQueue-OpenPipelineForHealthyPipelineSafeModeRule] INFO  safemode.SCMSafeModeManager (HealthyPipelineSafeModeRule.java:process(124)) - SCM in safe mode. Healthy pipelines reported count is 0, required healthy pipeline reported count is 1
2021-06-23 18:53:59,802 [pool-401-thread-1] INFO  ratis.ContainerStateMachine (ContainerStateMachine.java:loadSnapshot(223)) - group-2DE7CEC348BC: The snapshot info is null. Setting the last applied indexto:(t:0, i:~)
2021-06-23 18:53:59,802 [pool-401-thread-1] INFO  server.RaftServerConfigKeys (ConfUtils.java:logGet(44)) - raft.server.notification.no-leader.timeout = 300000ms (custom)
2021-06-23 18:53:59,802 [pool-401-thread-1] INFO  server.RaftServerConfigKeys (ConfUtils.java:logGet(44)) - raft.server.log.use.memory = false (default)
2021-06-23 18:53:59,803 [pool-401-thread-1] INFO  server.RaftServerConfigKeys (ConfUtils.java:logGet(44)) - raft.server.log.purge.gap = 1000000 (custom)
2021-06-23 18:53:59,803 [pool-401-thread-1] INFO  server.RaftServerConfigKeys (ConfUtils.java:logGet(44)) - raft.server.log.appender.buffer.byte-limit = 33554432 (custom)
2021-06-23 18:53:59,803 [pool-401-thread-1] INFO  metrics.RatisMetrics (RatisMetrics.java:lambda$create$0(36)) - Creating Metrics Registry : ratis.log_worker.b5670674-baf7-4651-a658-bd3fb004b3cf@group-2DE7CEC348BC
2021-06-23 18:53:59,803 [pool-401-thread-1] INFO  server.RaftServerConfigKeys (ConfUtils.java:logGet(44)) - raft.server.log.segment.size.max = 1048576 (custom)
2021-06-23 18:53:59,803 [pool-401-thread-1] INFO  server.RaftServerConfigKeys (ConfUtils.java:logGet(44)) - raft.server.log.segment.cache.num.max = 2 (custom)
2021-06-23 18:53:59,803 [pool-401-thread-1] INFO  server.RaftServerConfigKeys (ConfUtils.java:logGet(44)) - raft.server.log.segment.cache.size.max = 200MB (=209715200) (default)
2021-06-23 18:53:59,803 [pool-401-thread-1] INFO  segmented.SegmentedRaftLogWorker (SegmentedRaftLogWorker.java:<init>(182)) - new b5670674-baf7-4651-a658-bd3fb004b3cf@group-2DE7CEC348BC-SegmentedRaftLogWorker for RaftStorageImpl:Storage Directory /home/runner/work/ozone/ozone/mnt/ozone/hadoop-ozone/integration-test/target/test-dir/MiniOzoneClusterImpl-2ba833d5-1ba9-439d-9c86-26ba043c4450/datanode-6/data/ratis/94502484-9e38-40d3-aad9-2de7cec348bc
2021-06-23 18:53:59,803 [pool-401-thread-1] INFO  server.RaftServerConfigKeys (ConfUtils.java:logGet(44)) - raft.server.log.queue.byte-limit = 2147483647 (custom)
2021-06-23 18:53:59,804 [pool-401-thread-1] INFO  server.RaftServerConfigKeys (ConfUtils.java:logGet(44)) - raft.server.log.queue.element-limit = 1024 (custom)
2021-06-23 18:53:59,804 [pool-401-thread-1] INFO  server.RaftServerConfigKeys (ConfUtils.java:logGet(44)) - raft.server.log.segment.size.max = 1048576 (custom)
2021-06-23 18:53:59,804 [pool-401-thread-1] INFO  server.RaftServerConfigKeys (ConfUtils.java:logGet(44)) - raft.server.log.preallocated.size = 16384 (custom)
2021-06-23 18:53:59,804 [pool-401-thread-1] INFO  server.RaftServerConfigKeys (ConfUtils.java:logGet(44)) - raft.server.log.force.sync.num = 128 (default)
2021-06-23 18:53:59,804 [pool-401-thread-1] INFO  server.RaftServerConfigKeys (ConfUtils.java:logGet(44)) - raft.server.log.statemachine.data.sync = true (default)
2021-06-23 18:53:59,804 [pool-401-thread-1] INFO  server.RaftServerConfigKeys (ConfUtils.java:logGet(44)) - raft.server.log.statemachine.data.sync.timeout = 10s (default)
2021-06-23 18:53:59,804 [pool-401-thread-1] INFO  server.RaftServerConfigKeys (ConfUtils.java:logGet(44)) - raft.server.log.statemachine.data.sync.timeout.retry = -1 (default)
2021-06-23 18:53:59,805 [pool-401-thread-1] INFO  server.RaftServerConfigKeys (ConfUtils.java:logGet(44)) - raft.server.log.write.buffer.size = 1048576 (custom)
2021-06-23 18:53:59,805 [pool-401-thread-1] INFO  server.RaftServerConfigKeys (ConfUtils.java:logGet(44)) - raft.server.log.statemachine.data.caching.enabled = true (custom)
2021-06-23 18:53:59,806 [pool-401-thread-1] INFO  segmented.SegmentedRaftLogWorker (SegmentedRaftLogWorker.java:lambda$new$0(133)) - b5670674-baf7-4651-a658-bd3fb004b3cf@group-2DE7CEC348BC-SegmentedRaftLogWorker: flushIndex: setUnconditionally 0 -> -1
2021-06-23 18:53:59,806 [pool-401-thread-1] INFO  segmented.SegmentedRaftLogWorker (SegmentedRaftLogWorker.java:lambda$new$0(133)) - b5670674-baf7-4651-a658-bd3fb004b3cf@group-2DE7CEC348BC-SegmentedRaftLogWorker: safeCacheEvictIndex: setUnconditionally 0 -> -1
2021-06-23 18:53:59,811 [pool-401-thread-1] INFO  server.RaftServerConfigKeys (ConfUtils.java:logGet(44)) - raft.server.snapshot.auto.trigger.enabled = true (custom)
2021-06-23 18:53:59,811 [pool-401-thread-1] INFO  server.RaftServerConfigKeys (ConfUtils.java:logGet(44)) - raft.server.snapshot.auto.trigger.threshold = 10000 (custom)
2021-06-23 18:53:59,812 [pool-401-thread-1] INFO  server.RaftServerConfigKeys (ConfUtils.java:logGet(44)) - raft.server.snapshot.retention.file.num = 5 (custom)
2021-06-23 18:53:59,812 [pool-401-thread-1] INFO  server.RaftServerConfigKeys (ConfUtils.java:logGet(44)) - raft.server.log.purge.upto.snapshot.index = false (default)
2021-06-23 18:53:59,812 [pool-401-thread-1] INFO  server.RaftServerConfigKeys (ConfUtils.java:logGet(44)) - raft.server.retrycache.expirytime = 600000ms (custom)
2021-06-23 18:53:59,812 [pool-401-thread-1] INFO  server.RaftServerConfigKeys (ConfUtils.java:logGet(44)) - raft.server.retrycache.statistics.expirytime = 100μs (default)
2021-06-23 18:53:59,812 [pool-401-thread-1] INFO  metrics.RatisMetrics (RatisMetrics.java:lambda$create$0(36)) - Creating Metrics Registry : ratis.leader_election.b5670674-baf7-4651-a658-bd3fb004b3cf@group-2DE7CEC348BC
2021-06-23 18:53:59,812 [pool-401-thread-1] INFO  metrics.RatisMetrics (RatisMetrics.java:lambda$create$0(36)) - Creating Metrics Registry : ratis.server.b5670674-baf7-4651-a658-bd3fb004b3cf@group-2DE7CEC348BC
2021-06-23 18:53:59,813 [pool-401-thread-1] INFO  server.RaftServer$Division (RaftServerImpl.java:start(295)) - b5670674-baf7-4651-a658-bd3fb004b3cf@group-2DE7CEC348BC: start as a follower, conf=-1: [6bd27ae7-81f7-4e18-bc38-6f66a3d01c25|rpc:10.1.0.43:36253|priority:1, b5670674-baf7-4651-a658-bd3fb004b3cf|rpc:10.1.0.43:37311|priority:0, c3729649-2bd6-4731-9653-79fd1afe8c9e|rpc:10.1.0.43:39095|priority:0], old=null
2021-06-23 18:53:59,813 [pool-401-thread-1] INFO  server.RaftServer$Division (RaftServerImpl.java:setRole(284)) - b5670674-baf7-4651-a658-bd3fb004b3cf@group-2DE7CEC348BC: changes role from      null to FOLLOWER at term 0 for startAsFollower
2021-06-23 18:53:59,813 [pool-401-thread-1] INFO  impl.RoleInfo (RoleInfo.java:updateAndGet(130)) - b5670674-baf7-4651-a658-bd3fb004b3cf: start b5670674-baf7-4651-a658-bd3fb004b3cf@group-2DE7CEC348BC-FollowerState
2021-06-23 18:53:59,813 [pool-401-thread-1] INFO  util.JmxRegister (JmxRegister.java:tryRegister(44)) - Successfully registered JMX Bean with object name Ratis:service=RaftServer,group=group-2DE7CEC348BC,id=b5670674-baf7-4651-a658-bd3fb004b3cf
2021-06-23 18:53:59,813 [pool-401-thread-1] INFO  metrics.RatisMetrics (RatisMetrics.java:lambda$create$0(36)) - Creating Metrics Registry : ratis.state_machine.b5670674-baf7-4651-a658-bd3fb004b3cf@group-2DE7CEC348BC
2021-06-23 18:53:59,814 [Command processor thread] INFO  ratis.XceiverServerRatis (XceiverServerRatis.java:addGroup(759)) - Created group PipelineID=94502484-9e38-40d3-aad9-2de7cec348bc
2021-06-23 18:53:59,815 [Command processor thread] INFO  metrics.RatisMetrics (RatisMetrics.java:lambda$create$0(36)) - Creating Metrics Registry : ratis.client_message_metrics.client-F7B67CD9DA9C->6bd27ae7-81f7-4e18-bc38-6f66a3d01c25
2021-06-23 18:53:59,820 [grpc-default-executor-3] INFO  metrics.RatisMetrics (RatisMetrics.java:lambda$create$0(36)) - Creating Metrics Registry : ratis.server_message_metrics.6bd27ae7-81f7-4e18-bc38-6f66a3d01c25
2021-06-23 18:53:59,822 [grpc-default-executor-3] INFO  server.RaftServer (RaftServerProxy.java:addNew(95)) - 6bd27ae7-81f7-4e18-bc38-6f66a3d01c25: addNew group-2DE7CEC348BC:[6bd27ae7-81f7-4e18-bc38-6f66a3d01c25|rpc:10.1.0.43:36253|dataStream:|priority:1, b5670674-baf7-4651-a658-bd3fb004b3cf|rpc:10.1.0.43:37311|dataStream:|priority:0, c3729649-2bd6-4731-9653-79fd1afe8c9e|rpc:10.1.0.43:39095|dataStream:|priority:0] returns group-2DE7CEC348BC:java.util.concurrent.CompletableFuture@27e5b997[Not completed]
2021-06-23 18:53:59,823 [pool-437-thread-1] INFO  server.RaftServer$Division (RaftServerImpl.java:<init>(180)) - 6bd27ae7-81f7-4e18-bc38-6f66a3d01c25: new RaftServerImpl for group-2DE7CEC348BC:[6bd27ae7-81f7-4e18-bc38-6f66a3d01c25|rpc:10.1.0.43:36253|dataStream:|priority:1, b5670674-baf7-4651-a658-bd3fb004b3cf|rpc:10.1.0.43:37311|dataStream:|priority:0, c3729649-2bd6-4731-9653-79fd1afe8c9e|rpc:10.1.0.43:39095|dataStream:|priority:0] with ContainerStateMachine:uninitialized
2021-06-23 18:53:59,823 [pool-437-thread-1] INFO  server.RaftServerConfigKeys (ConfUtils.java:logGet(44)) - raft.server.rpc.timeout.min = 5s (custom)
2021-06-23 18:53:59,824 [pool-437-thread-1] INFO  server.RaftServerConfigKeys (ConfUtils.java:logGet(44)) - raft.server.rpc.timeout.max = 5200ms (custom)
2021-06-23 18:53:59,824 [pool-437-thread-1] INFO  server.RaftServerConfigKeys (ConfUtils.java:logGet(44)) - raft.server.rpc.sleep.time = 25ms (default)
2021-06-23 18:53:59,824 [pool-437-thread-1] INFO  server.RaftServerConfigKeys (ConfUtils.java:logGet(44)) - raft.server.rpc.slowness.timeout = 300000ms (custom)
2021-06-23 18:53:59,824 [pool-437-thread-1] INFO  server.RaftServerConfigKeys (ConfUtils.java:logGet(44)) - raft.server.leaderelection.leader.step-down.wait-time = 10s (default)
2021-06-23 18:53:59,824 [pool-437-thread-1] INFO  server.RaftServerConfigKeys (ConfUtils.java:logGet(44)) - raft.server.sleep.deviation.threshold = 300ms (default)
2021-06-23 18:53:59,824 [pool-437-thread-1] INFO  server.RaftServerConfigKeys (ConfUtils.java:logGet(44)) - raft.server.log.appender.install.snapshot.enabled = false (custom)
2021-06-23 18:53:59,824 [pool-437-thread-1] INFO  server.RaftServer$Division (ServerState.java:<init>(105)) - 6bd27ae7-81f7-4e18-bc38-6f66a3d01c25@group-2DE7CEC348BC: ConfigurationManager, init=-1: [6bd27ae7-81f7-4e18-bc38-6f66a3d01c25|rpc:10.1.0.43:36253|dataStream:|priority:1, b5670674-baf7-4651-a658-bd3fb004b3cf|rpc:10.1.0.43:37311|dataStream:|priority:0, c3729649-2bd6-4731-9653-79fd1afe8c9e|rpc:10.1.0.43:39095|dataStream:|priority:0], old=null, confs=<EMPTY_MAP>
2021-06-23 18:53:59,824 [pool-437-thread-1] INFO  server.RaftServerConfigKeys (ConfUtils.java:logGet(44)) - raft.server.storage.dir = [/home/runner/work/ozone/ozone/mnt/ozone/hadoop-ozone/integration-test/target/test-dir/MiniOzoneClusterImpl-2ba833d5-1ba9-439d-9c86-26ba043c4450/datanode-8/data/ratis] (custom)
2021-06-23 18:53:59,824 [pool-437-thread-1] INFO  server.RaftServerConfigKeys (ConfUtils.java:logGet(44)) - raft.server.log.corruption.policy = EXCEPTION (default)
2021-06-23 18:53:59,824 [pool-437-thread-1] INFO  storage.RaftStorageDirectory (RaftStorageDirectoryImpl.java:analyzeStorage(132)) - The storage directory /home/runner/work/ozone/ozone/mnt/ozone/hadoop-ozone/integration-test/target/test-dir/MiniOzoneClusterImpl-2ba833d5-1ba9-439d-9c86-26ba043c4450/datanode-8/data/ratis/94502484-9e38-40d3-aad9-2de7cec348bc does not exist. Creating ...
2021-06-23 18:53:59,825 [pool-437-thread-1] INFO  storage.RaftStorageDirectory (RaftStorageDirectoryImpl.java:tryLock(215)) - Lock on /home/runner/work/ozone/ozone/mnt/ozone/hadoop-ozone/integration-test/target/test-dir/MiniOzoneClusterImpl-2ba833d5-1ba9-439d-9c86-26ba043c4450/datanode-8/data/ratis/94502484-9e38-40d3-aad9-2de7cec348bc/in_use.lock acquired by nodename 19615@fv-az291-331
2021-06-23 18:53:59,826 [pool-437-thread-1] INFO  storage.RaftStorage (RaftStorageImpl.java:format(87)) - Storage directory /home/runner/work/ozone/ozone/mnt/ozone/hadoop-ozone/integration-test/target/test-dir/MiniOzoneClusterImpl-2ba833d5-1ba9-439d-9c86-26ba043c4450/datanode-8/data/ratis/94502484-9e38-40d3-aad9-2de7cec348bc has been successfully formatted.
2021-06-23 18:53:59,828 [pool-437-thread-1] INFO  ratis.ContainerStateMachine (ContainerStateMachine.java:loadSnapshot(223)) - group-2DE7CEC348BC: The snapshot info is null. Setting the last applied indexto:(t:0, i:~)
2021-06-23 18:53:59,828 [pool-437-thread-1] INFO  server.RaftServerConfigKeys (ConfUtils.java:logGet(44)) - raft.server.notification.no-leader.timeout = 300000ms (custom)
2021-06-23 18:53:59,829 [pool-437-thread-1] INFO  server.RaftServerConfigKeys (ConfUtils.java:logGet(44)) - raft.server.log.use.memory = false (default)
2021-06-23 18:53:59,829 [pool-437-thread-1] INFO  server.RaftServerConfigKeys (ConfUtils.java:logGet(44)) - raft.server.log.purge.gap = 1000000 (custom)
2021-06-23 18:53:59,829 [pool-437-thread-1] INFO  server.RaftServerConfigKeys (ConfUtils.java:logGet(44)) - raft.server.log.appender.buffer.byte-limit = 33554432 (custom)
2021-06-23 18:53:59,829 [pool-437-thread-1] INFO  metrics.RatisMetrics (RatisMetrics.java:lambda$create$0(36)) - Creating Metrics Registry : ratis.log_worker.6bd27ae7-81f7-4e18-bc38-6f66a3d01c25@group-2DE7CEC348BC
2021-06-23 18:53:59,829 [pool-437-thread-1] INFO  server.RaftServerConfigKeys (ConfUtils.java:logGet(44)) - raft.server.log.segment.size.max = 1048576 (custom)
2021-06-23 18:53:59,829 [pool-437-thread-1] INFO  server.RaftServerConfigKeys (ConfUtils.java:logGet(44)) - raft.server.log.segment.cache.num.max = 2 (custom)
2021-06-23 18:53:59,829 [pool-437-thread-1] INFO  server.RaftServerConfigKeys (ConfUtils.java:logGet(44)) - raft.server.log.segment.cache.size.max = 200MB (=209715200) (default)
2021-06-23 18:53:59,829 [pool-437-thread-1] INFO  segmented.SegmentedRaftLogWorker (SegmentedRaftLogWorker.java:<init>(182)) - new 6bd27ae7-81f7-4e18-bc38-6f66a3d01c25@group-2DE7CEC348BC-SegmentedRaftLogWorker for RaftStorageImpl:Storage Directory /home/runner/work/ozone/ozone/mnt/ozone/hadoop-ozone/integration-test/target/test-dir/MiniOzoneClusterImpl-2ba833d5-1ba9-439d-9c86-26ba043c4450/datanode-8/data/ratis/94502484-9e38-40d3-aad9-2de7cec348bc
2021-06-23 18:53:59,830 [pool-437-thread-1] INFO  server.RaftServerConfigKeys (ConfUtils.java:logGet(44)) - raft.server.log.queue.byte-limit = 2147483647 (custom)
2021-06-23 18:53:59,830 [pool-437-thread-1] INFO  server.RaftServerConfigKeys (ConfUtils.java:logGet(44)) - raft.server.log.queue.element-limit = 1024 (custom)
2021-06-23 18:53:59,830 [pool-437-thread-1] INFO  server.RaftServerConfigKeys (ConfUtils.java:logGet(44)) - raft.server.log.segment.size.max = 1048576 (custom)
2021-06-23 18:53:59,830 [pool-437-thread-1] INFO  server.RaftServerConfigKeys (ConfUtils.java:logGet(44)) - raft.server.log.preallocated.size = 16384 (custom)
2021-06-23 18:53:59,830 [pool-437-thread-1] INFO  server.RaftServerConfigKeys (ConfUtils.java:logGet(44)) - raft.server.log.force.sync.num = 128 (default)
2021-06-23 18:53:59,830 [pool-437-thread-1] INFO  server.RaftServerConfigKeys (ConfUtils.java:logGet(44)) - raft.server.log.statemachine.data.sync = true (default)
2021-06-23 18:53:59,830 [pool-437-thread-1] INFO  server.RaftServerConfigKeys (ConfUtils.java:logGet(44)) - raft.server.log.statemachine.data.sync.timeout = 10s (default)
2021-06-23 18:53:59,830 [pool-437-thread-1] INFO  server.RaftServerConfigKeys (ConfUtils.java:logGet(44)) - raft.server.log.statemachine.data.sync.timeout.retry = -1 (default)
2021-06-23 18:53:59,831 [pool-437-thread-1] INFO  server.RaftServerConfigKeys (ConfUtils.java:logGet(44)) - raft.server.log.write.buffer.size = 1048576 (custom)
2021-06-23 18:53:59,832 [pool-437-thread-1] INFO  server.RaftServerConfigKeys (ConfUtils.java:logGet(44)) - raft.server.log.statemachine.data.caching.enabled = true (custom)
2021-06-23 18:53:59,832 [pool-437-thread-1] INFO  segmented.SegmentedRaftLogWorker (SegmentedRaftLogWorker.java:lambda$new$0(133)) - 6bd27ae7-81f7-4e18-bc38-6f66a3d01c25@group-2DE7CEC348BC-SegmentedRaftLogWorker: flushIndex: setUnconditionally 0 -> -1
2021-06-23 18:53:59,832 [pool-437-thread-1] INFO  segmented.SegmentedRaftLogWorker (SegmentedRaftLogWorker.java:lambda$new$0(133)) - 6bd27ae7-81f7-4e18-bc38-6f66a3d01c25@group-2DE7CEC348BC-SegmentedRaftLogWorker: safeCacheEvictIndex: setUnconditionally 0 -> -1
2021-06-23 18:53:59,832 [pool-437-thread-1] INFO  server.RaftServerConfigKeys (ConfUtils.java:logGet(44)) - raft.server.snapshot.auto.trigger.enabled = true (custom)
2021-06-23 18:53:59,832 [pool-437-thread-1] INFO  server.RaftServerConfigKeys (ConfUtils.java:logGet(44)) - raft.server.snapshot.auto.trigger.threshold = 10000 (custom)
2021-06-23 18:53:59,832 [pool-437-thread-1] INFO  server.RaftServerConfigKeys (ConfUtils.java:logGet(44)) - raft.server.snapshot.retention.file.num = 5 (custom)
2021-06-23 18:53:59,832 [pool-437-thread-1] INFO  server.RaftServerConfigKeys (ConfUtils.java:logGet(44)) - raft.server.log.purge.upto.snapshot.index = false (default)
2021-06-23 18:53:59,832 [pool-437-thread-1] INFO  server.RaftServerConfigKeys (ConfUtils.java:logGet(44)) - raft.server.retrycache.expirytime = 600000ms (custom)
2021-06-23 18:53:59,832 [pool-437-thread-1] INFO  server.RaftServerConfigKeys (ConfUtils.java:logGet(44)) - raft.server.retrycache.statistics.expirytime = 100μs (default)
2021-06-23 18:53:59,832 [pool-437-thread-1] INFO  metrics.RatisMetrics (RatisMetrics.java:lambda$create$0(36)) - Creating Metrics Registry : ratis.leader_election.6bd27ae7-81f7-4e18-bc38-6f66a3d01c25@group-2DE7CEC348BC
2021-06-23 18:53:59,833 [pool-437-thread-1] INFO  metrics.RatisMetrics (RatisMetrics.java:lambda$create$0(36)) - Creating Metrics Registry : ratis.server.6bd27ae7-81f7-4e18-bc38-6f66a3d01c25@group-2DE7CEC348BC
2021-06-23 18:53:59,834 [pool-437-thread-1] INFO  server.RaftServer$Division (RaftServerImpl.java:start(295)) - 6bd27ae7-81f7-4e18-bc38-6f66a3d01c25@group-2DE7CEC348BC: start as a follower, conf=-1: [6bd27ae7-81f7-4e18-bc38-6f66a3d01c25|rpc:10.1.0.43:36253|dataStream:|priority:1, b5670674-baf7-4651-a658-bd3fb004b3cf|rpc:10.1.0.43:37311|dataStream:|priority:0, c3729649-2bd6-4731-9653-79fd1afe8c9e|rpc:10.1.0.43:39095|dataStream:|priority:0], old=null
2021-06-23 18:53:59,834 [pool-437-thread-1] INFO  server.RaftServer$Division (RaftServerImpl.java:setRole(284)) - 6bd27ae7-81f7-4e18-bc38-6f66a3d01c25@group-2DE7CEC348BC: changes role from      null to FOLLOWER at term 0 for startAsFollower
2021-06-23 18:53:59,834 [pool-437-thread-1] INFO  impl.RoleInfo (RoleInfo.java:updateAndGet(130)) - 6bd27ae7-81f7-4e18-bc38-6f66a3d01c25: start 6bd27ae7-81f7-4e18-bc38-6f66a3d01c25@group-2DE7CEC348BC-FollowerState
2021-06-23 18:53:59,834 [pool-437-thread-1] INFO  util.JmxRegister (JmxRegister.java:tryRegister(44)) - Successfully registered JMX Bean with object name Ratis:service=RaftServer,group=group-2DE7CEC348BC,id=6bd27ae7-81f7-4e18-bc38-6f66a3d01c25
2021-06-23 18:53:59,834 [pool-437-thread-1] INFO  metrics.RatisMetrics (RatisMetrics.java:lambda$create$0(36)) - Creating Metrics Registry : ratis.state_machine.6bd27ae7-81f7-4e18-bc38-6f66a3d01c25@group-2DE7CEC348BC
2021-06-23 18:53:59,841 [Command processor thread] INFO  metrics.RatisMetrics (RatisMetrics.java:lambda$create$0(36)) - Creating Metrics Registry : ratis.client_message_metrics.client-CF070ABC7B89->c3729649-2bd6-4731-9653-79fd1afe8c9e
2021-06-23 18:53:59,845 [grpc-default-executor-3] INFO  metrics.RatisMetrics (RatisMetrics.java:lambda$create$0(36)) - Creating Metrics Registry : ratis.server_message_metrics.c3729649-2bd6-4731-9653-79fd1afe8c9e
2021-06-23 18:53:59,847 [grpc-default-executor-3] INFO  server.RaftServer (RaftServerProxy.java:addNew(95)) - c3729649-2bd6-4731-9653-79fd1afe8c9e: addNew group-2DE7CEC348BC:[6bd27ae7-81f7-4e18-bc38-6f66a3d01c25|rpc:10.1.0.43:36253|dataStream:|priority:1, b5670674-baf7-4651-a658-bd3fb004b3cf|rpc:10.1.0.43:37311|dataStream:|priority:0, c3729649-2bd6-4731-9653-79fd1afe8c9e|rpc:10.1.0.43:39095|dataStream:|priority:0] returns group-2DE7CEC348BC:java.util.concurrent.CompletableFuture@1375a190[Not completed]
2021-06-23 18:53:59,856 [pool-419-thread-1] INFO  server.RaftServer$Division (RaftServerImpl.java:<init>(180)) - c3729649-2bd6-4731-9653-79fd1afe8c9e: new RaftServerImpl for group-2DE7CEC348BC:[6bd27ae7-81f7-4e18-bc38-6f66a3d01c25|rpc:10.1.0.43:36253|dataStream:|priority:1, b5670674-baf7-4651-a658-bd3fb004b3cf|rpc:10.1.0.43:37311|dataStream:|priority:0, c3729649-2bd6-4731-9653-79fd1afe8c9e|rpc:10.1.0.43:39095|dataStream:|priority:0] with ContainerStateMachine:uninitialized
2021-06-23 18:53:59,856 [pool-419-thread-1] INFO  server.RaftServerConfigKeys (ConfUtils.java:logGet(44)) - raft.server.rpc.timeout.min = 5s (custom)
2021-06-23 18:53:59,856 [pool-419-thread-1] INFO  server.RaftServerConfigKeys (ConfUtils.java:logGet(44)) - raft.server.rpc.timeout.max = 5200ms (custom)
2021-06-23 18:53:59,856 [pool-419-thread-1] INFO  server.RaftServerConfigKeys (ConfUtils.java:logGet(44)) - raft.server.rpc.sleep.time = 25ms (default)
2021-06-23 18:53:59,856 [pool-419-thread-1] INFO  server.RaftServerConfigKeys (ConfUtils.java:logGet(44)) - raft.server.rpc.slowness.timeout = 300000ms (custom)
2021-06-23 18:53:59,857 [pool-419-thread-1] INFO  server.RaftServerConfigKeys (ConfUtils.java:logGet(44)) - raft.server.leaderelection.leader.step-down.wait-time = 10s (default)
2021-06-23 18:53:59,857 [pool-419-thread-1] INFO  server.RaftServerConfigKeys (ConfUtils.java:logGet(44)) - raft.server.sleep.deviation.threshold = 300ms (default)
2021-06-23 18:53:59,857 [pool-419-thread-1] INFO  server.RaftServerConfigKeys (ConfUtils.java:logGet(44)) - raft.server.log.appender.install.snapshot.enabled = false (custom)
2021-06-23 18:53:59,857 [pool-419-thread-1] INFO  server.RaftServer$Division (ServerState.java:<init>(105)) - c3729649-2bd6-4731-9653-79fd1afe8c9e@group-2DE7CEC348BC: ConfigurationManager, init=-1: [6bd27ae7-81f7-4e18-bc38-6f66a3d01c25|rpc:10.1.0.43:36253|dataStream:|priority:1, b5670674-baf7-4651-a658-bd3fb004b3cf|rpc:10.1.0.43:37311|dataStream:|priority:0, c3729649-2bd6-4731-9653-79fd1afe8c9e|rpc:10.1.0.43:39095|dataStream:|priority:0], old=null, confs=<EMPTY_MAP>
2021-06-23 18:53:59,857 [pool-419-thread-1] INFO  server.RaftServerConfigKeys (ConfUtils.java:logGet(44)) - raft.server.storage.dir = [/home/runner/work/ozone/ozone/mnt/ozone/hadoop-ozone/integration-test/target/test-dir/MiniOzoneClusterImpl-2ba833d5-1ba9-439d-9c86-26ba043c4450/datanode-7/data/ratis] (custom)
2021-06-23 18:53:59,857 [pool-419-thread-1] INFO  server.RaftServerConfigKeys (ConfUtils.java:logGet(44)) - raft.server.log.corruption.policy = EXCEPTION (default)
2021-06-23 18:53:59,857 [pool-419-thread-1] INFO  storage.RaftStorageDirectory (RaftStorageDirectoryImpl.java:analyzeStorage(132)) - The storage directory /home/runner/work/ozone/ozone/mnt/ozone/hadoop-ozone/integration-test/target/test-dir/MiniOzoneClusterImpl-2ba833d5-1ba9-439d-9c86-26ba043c4450/datanode-7/data/ratis/94502484-9e38-40d3-aad9-2de7cec348bc does not exist. Creating ...
2021-06-23 18:53:59,858 [pool-419-thread-1] INFO  storage.RaftStorageDirectory (RaftStorageDirectoryImpl.java:tryLock(215)) - Lock on /home/runner/work/ozone/ozone/mnt/ozone/hadoop-ozone/integration-test/target/test-dir/MiniOzoneClusterImpl-2ba833d5-1ba9-439d-9c86-26ba043c4450/datanode-7/data/ratis/94502484-9e38-40d3-aad9-2de7cec348bc/in_use.lock acquired by nodename 19615@fv-az291-331
2021-06-23 18:53:59,859 [pool-419-thread-1] INFO  storage.RaftStorage (RaftStorageImpl.java:format(87)) - Storage directory /home/runner/work/ozone/ozone/mnt/ozone/hadoop-ozone/integration-test/target/test-dir/MiniOzoneClusterImpl-2ba833d5-1ba9-439d-9c86-26ba043c4450/datanode-7/data/ratis/94502484-9e38-40d3-aad9-2de7cec348bc has been successfully formatted.
2021-06-23 18:53:59,860 [pool-419-thread-1] INFO  ratis.ContainerStateMachine (ContainerStateMachine.java:loadSnapshot(223)) - group-2DE7CEC348BC: The snapshot info is null. Setting the last applied indexto:(t:0, i:~)
2021-06-23 18:53:59,861 [pool-419-thread-1] INFO  server.RaftServerConfigKeys (ConfUtils.java:logGet(44)) - raft.server.notification.no-leader.timeout = 300000ms (custom)
2021-06-23 18:53:59,861 [pool-419-thread-1] INFO  server.RaftServerConfigKeys (ConfUtils.java:logGet(44)) - raft.server.log.use.memory = false (default)
2021-06-23 18:53:59,861 [pool-419-thread-1] INFO  server.RaftServerConfigKeys (ConfUtils.java:logGet(44)) - raft.server.log.purge.gap = 1000000 (custom)
2021-06-23 18:53:59,861 [pool-419-thread-1] INFO  server.RaftServerConfigKeys (ConfUtils.java:logGet(44)) - raft.server.log.appender.buffer.byte-limit = 33554432 (custom)
2021-06-23 18:53:59,861 [pool-419-thread-1] INFO  metrics.RatisMetrics (RatisMetrics.java:lambda$create$0(36)) - Creating Metrics Registry : ratis.log_worker.c3729649-2bd6-4731-9653-79fd1afe8c9e@group-2DE7CEC348BC
2021-06-23 18:53:59,863 [pool-419-thread-1] INFO  server.RaftServerConfigKeys (ConfUtils.java:logGet(44)) - raft.server.log.segment.size.max = 1048576 (custom)
2021-06-23 18:53:59,863 [pool-419-thread-1] INFO  server.RaftServerConfigKeys (ConfUtils.java:logGet(44)) - raft.server.log.segment.cache.num.max = 2 (custom)
2021-06-23 18:53:59,863 [pool-419-thread-1] INFO  server.RaftServerConfigKeys (ConfUtils.java:logGet(44)) - raft.server.log.segment.cache.size.max = 200MB (=209715200) (default)
2021-06-23 18:53:59,863 [pool-419-thread-1] INFO  segmented.SegmentedRaftLogWorker (SegmentedRaftLogWorker.java:<init>(182)) - new c3729649-2bd6-4731-9653-79fd1afe8c9e@group-2DE7CEC348BC-SegmentedRaftLogWorker for RaftStorageImpl:Storage Directory /home/runner/work/ozone/ozone/mnt/ozone/hadoop-ozone/integration-test/target/test-dir/MiniOzoneClusterImpl-2ba833d5-1ba9-439d-9c86-26ba043c4450/datanode-7/data/ratis/94502484-9e38-40d3-aad9-2de7cec348bc
2021-06-23 18:53:59,863 [pool-419-thread-1] INFO  server.RaftServerConfigKeys (ConfUtils.java:logGet(44)) - raft.server.log.queue.byte-limit = 2147483647 (custom)
2021-06-23 18:53:59,863 [pool-419-thread-1] INFO  server.RaftServerConfigKeys (ConfUtils.java:logGet(44)) - raft.server.log.queue.element-limit = 1024 (custom)
2021-06-23 18:53:59,864 [pool-419-thread-1] INFO  server.RaftServerConfigKeys (ConfUtils.java:logGet(44)) - raft.server.log.segment.size.max = 1048576 (custom)
2021-06-23 18:53:59,864 [pool-419-thread-1] INFO  server.RaftServerConfigKeys (ConfUtils.java:logGet(44)) - raft.server.log.preallocated.size = 16384 (custom)
2021-06-23 18:53:59,864 [pool-419-thread-1] INFO  server.RaftServerConfigKeys (ConfUtils.java:logGet(44)) - raft.server.log.force.sync.num = 128 (default)
2021-06-23 18:53:59,864 [pool-419-thread-1] INFO  server.RaftServerConfigKeys (ConfUtils.java:logGet(44)) - raft.server.log.statemachine.data.sync = true (default)
2021-06-23 18:53:59,864 [pool-419-thread-1] INFO  server.RaftServerConfigKeys (ConfUtils.java:logGet(44)) - raft.server.log.statemachine.data.sync.timeout = 10s (default)
2021-06-23 18:53:59,864 [pool-419-thread-1] INFO  server.RaftServerConfigKeys (ConfUtils.java:logGet(44)) - raft.server.log.statemachine.data.sync.timeout.retry = -1 (default)
2021-06-23 18:53:59,865 [pool-419-thread-1] INFO  server.RaftServerConfigKeys (ConfUtils.java:logGet(44)) - raft.server.log.write.buffer.size = 1048576 (custom)
2021-06-23 18:53:59,866 [pool-419-thread-1] INFO  server.RaftServerConfigKeys (ConfUtils.java:logGet(44)) - raft.server.log.statemachine.data.caching.enabled = true (custom)
2021-06-23 18:53:59,866 [pool-419-thread-1] INFO  segmented.SegmentedRaftLogWorker (SegmentedRaftLogWorker.java:lambda$new$0(133)) - c3729649-2bd6-4731-9653-79fd1afe8c9e@group-2DE7CEC348BC-SegmentedRaftLogWorker: flushIndex: setUnconditionally 0 -> -1
2021-06-23 18:53:59,866 [pool-419-thread-1] INFO  segmented.SegmentedRaftLogWorker (SegmentedRaftLogWorker.java:lambda$new$0(133)) - c3729649-2bd6-4731-9653-79fd1afe8c9e@group-2DE7CEC348BC-SegmentedRaftLogWorker: safeCacheEvictIndex: setUnconditionally 0 -> -1
2021-06-23 18:53:59,873 [pool-419-thread-1] INFO  server.RaftServerConfigKeys (ConfUtils.java:logGet(44)) - raft.server.snapshot.auto.trigger.enabled = true (custom)
2021-06-23 18:53:59,873 [pool-419-thread-1] INFO  server.RaftServerConfigKeys (ConfUtils.java:logGet(44)) - raft.server.snapshot.auto.trigger.threshold = 10000 (custom)
2021-06-23 18:53:59,873 [pool-419-thread-1] INFO  server.RaftServerConfigKeys (ConfUtils.java:logGet(44)) - raft.server.snapshot.retention.file.num = 5 (custom)
2021-06-23 18:53:59,873 [pool-419-thread-1] INFO  server.RaftServerConfigKeys (ConfUtils.java:logGet(44)) - raft.server.log.purge.upto.snapshot.index = false (default)
2021-06-23 18:53:59,873 [pool-419-thread-1] INFO  server.RaftServerConfigKeys (ConfUtils.java:logGet(44)) - raft.server.retrycache.expirytime = 600000ms (custom)
2021-06-23 18:53:59,874 [pool-419-thread-1] INFO  server.RaftServerConfigKeys (ConfUtils.java:logGet(44)) - raft.server.retrycache.statistics.expirytime = 100μs (default)
2021-06-23 18:53:59,874 [pool-419-thread-1] INFO  metrics.RatisMetrics (RatisMetrics.java:lambda$create$0(36)) - Creating Metrics Registry : ratis.leader_election.c3729649-2bd6-4731-9653-79fd1afe8c9e@group-2DE7CEC348BC
2021-06-23 18:53:59,875 [pool-419-thread-1] INFO  metrics.RatisMetrics (RatisMetrics.java:lambda$create$0(36)) - Creating Metrics Registry : ratis.server.c3729649-2bd6-4731-9653-79fd1afe8c9e@group-2DE7CEC348BC
2021-06-23 18:53:59,875 [pool-419-thread-1] INFO  server.RaftServer$Division (RaftServerImpl.java:start(295)) - c3729649-2bd6-4731-9653-79fd1afe8c9e@group-2DE7CEC348BC: start as a follower, conf=-1: [6bd27ae7-81f7-4e18-bc38-6f66a3d01c25|rpc:10.1.0.43:36253|dataStream:|priority:1, b5670674-baf7-4651-a658-bd3fb004b3cf|rpc:10.1.0.43:37311|dataStream:|priority:0, c3729649-2bd6-4731-9653-79fd1afe8c9e|rpc:10.1.0.43:39095|dataStream:|priority:0], old=null
2021-06-23 18:53:59,875 [pool-419-thread-1] INFO  server.RaftServer$Division (RaftServerImpl.java:setRole(284)) - c3729649-2bd6-4731-9653-79fd1afe8c9e@group-2DE7CEC348BC: changes role from      null to FOLLOWER at term 0 for startAsFollower
2021-06-23 18:53:59,876 [pool-419-thread-1] INFO  impl.RoleInfo (RoleInfo.java:updateAndGet(130)) - c3729649-2bd6-4731-9653-79fd1afe8c9e: start c3729649-2bd6-4731-9653-79fd1afe8c9e@group-2DE7CEC348BC-FollowerState
2021-06-23 18:53:59,877 [pool-419-thread-1] INFO  util.JmxRegister (JmxRegister.java:tryRegister(44)) - Successfully registered JMX Bean with object name Ratis:service=RaftServer,group=group-2DE7CEC348BC,id=c3729649-2bd6-4731-9653-79fd1afe8c9e
2021-06-23 18:53:59,877 [pool-419-thread-1] INFO  metrics.RatisMetrics (RatisMetrics.java:lambda$create$0(36)) - Creating Metrics Registry : ratis.state_machine.c3729649-2bd6-4731-9653-79fd1afe8c9e@group-2DE7CEC348BC
2021-06-23 18:53:59,886 [Command processor thread] INFO  commandhandler.CreatePipelineCommandHandler (CreatePipelineCommandHandler.java:handle(106)) - Created Pipeline RATIS THREE PipelineID=94502484-9e38-40d3-aad9-2de7cec348bc.
2021-06-23 18:53:59,892 [Command processor thread] INFO  server.RaftServer (RaftServerProxy.java:addNew(95)) - c3729649-2bd6-4731-9653-79fd1afe8c9e: addNew group-8C28114A7F16:[c3729649-2bd6-4731-9653-79fd1afe8c9e|rpc:10.1.0.43:39095|priority:1] returns group-8C28114A7F16:java.util.concurrent.CompletableFuture@72cadbff[Not completed]
2021-06-23 18:53:59,893 [pool-419-thread-1] INFO  server.RaftServer$Division (RaftServerImpl.java:<init>(180)) - c3729649-2bd6-4731-9653-79fd1afe8c9e: new RaftServerImpl for group-8C28114A7F16:[c3729649-2bd6-4731-9653-79fd1afe8c9e|rpc:10.1.0.43:39095|priority:1] with ContainerStateMachine:uninitialized
2021-06-23 18:53:59,893 [pool-419-thread-1] INFO  server.RaftServerConfigKeys (ConfUtils.java:logGet(44)) - raft.server.rpc.timeout.min = 5s (custom)
2021-06-23 18:53:59,893 [pool-419-thread-1] INFO  server.RaftServerConfigKeys (ConfUtils.java:logGet(44)) - raft.server.rpc.timeout.max = 5200ms (custom)
2021-06-23 18:53:59,893 [pool-419-thread-1] INFO  server.RaftServerConfigKeys (ConfUtils.java:logGet(44)) - raft.server.rpc.sleep.time = 25ms (default)
2021-06-23 18:53:59,893 [pool-419-thread-1] INFO  server.RaftServerConfigKeys (ConfUtils.java:logGet(44)) - raft.server.rpc.slowness.timeout = 300000ms (custom)
2021-06-23 18:53:59,893 [pool-419-thread-1] INFO  server.RaftServerConfigKeys (ConfUtils.java:logGet(44)) - raft.server.leaderelection.leader.step-down.wait-time = 10s (default)
2021-06-23 18:53:59,893 [pool-419-thread-1] INFO  server.RaftServerConfigKeys (ConfUtils.java:logGet(44)) - raft.server.sleep.deviation.threshold = 300ms (default)
2021-06-23 18:53:59,893 [pool-419-thread-1] INFO  server.RaftServerConfigKeys (ConfUtils.java:logGet(44)) - raft.server.log.appender.install.snapshot.enabled = false (custom)
2021-06-23 18:53:59,894 [pool-419-thread-1] INFO  server.RaftServer$Division (ServerState.java:<init>(105)) - c3729649-2bd6-4731-9653-79fd1afe8c9e@group-8C28114A7F16: ConfigurationManager, init=-1: [c3729649-2bd6-4731-9653-79fd1afe8c9e|rpc:10.1.0.43:39095|priority:1], old=null, confs=<EMPTY_MAP>
2021-06-23 18:53:59,894 [pool-419-thread-1] INFO  server.RaftServerConfigKeys (ConfUtils.java:logGet(44)) - raft.server.storage.dir = [/home/runner/work/ozone/ozone/mnt/ozone/hadoop-ozone/integration-test/target/test-dir/MiniOzoneClusterImpl-2ba833d5-1ba9-439d-9c86-26ba043c4450/datanode-7/data/ratis] (custom)
2021-06-23 18:53:59,894 [pool-419-thread-1] INFO  server.RaftServerConfigKeys (ConfUtils.java:logGet(44)) - raft.server.log.corruption.policy = EXCEPTION (default)
2021-06-23 18:53:59,894 [pool-419-thread-1] INFO  storage.RaftStorageDirectory (RaftStorageDirectoryImpl.java:analyzeStorage(132)) - The storage directory /home/runner/work/ozone/ozone/mnt/ozone/hadoop-ozone/integration-test/target/test-dir/MiniOzoneClusterImpl-2ba833d5-1ba9-439d-9c86-26ba043c4450/datanode-7/data/ratis/f3ce1326-5d0f-43b0-93b2-8c28114a7f16 does not exist. Creating ...
2021-06-23 18:53:59,895 [pool-419-thread-1] INFO  storage.RaftStorageDirectory (RaftStorageDirectoryImpl.java:tryLock(215)) - Lock on /home/runner/work/ozone/ozone/mnt/ozone/hadoop-ozone/integration-test/target/test-dir/MiniOzoneClusterImpl-2ba833d5-1ba9-439d-9c86-26ba043c4450/datanode-7/data/ratis/f3ce1326-5d0f-43b0-93b2-8c28114a7f16/in_use.lock acquired by nodename 19615@fv-az291-331
2021-06-23 18:53:59,896 [pool-419-thread-1] INFO  storage.RaftStorage (RaftStorageImpl.java:format(87)) - Storage directory /home/runner/work/ozone/ozone/mnt/ozone/hadoop-ozone/integration-test/target/test-dir/MiniOzoneClusterImpl-2ba833d5-1ba9-439d-9c86-26ba043c4450/datanode-7/data/ratis/f3ce1326-5d0f-43b0-93b2-8c28114a7f16 has been successfully formatted.
2021-06-23 18:53:59,898 [EventQueue-PipelineReportForPipelineReportHandler] INFO  pipeline.PipelineManagerV2Impl (PipelineManagerV2Impl.java:openPipeline(270)) - Pipeline Pipeline[ Id: f3ce1326-5d0f-43b0-93b2-8c28114a7f16, Nodes: c3729649-2bd6-4731-9653-79fd1afe8c9e{ip: 10.1.0.43, host: fv-az291-331.wgnan5asplgejimfprtllbpdch.jx.internal.cloudapp.net, ports: [REPLICATION=38353, RATIS=39095, RATIS_ADMIN=39095, RATIS_SERVER=39095, STANDALONE=34587], networkLocation: /default-rack, certSerialId: null, persistedOpState: IN_SERVICE, persistedOpStateExpiryEpochSec: 0}, ReplicationConfig: RATIS/ONE, State:ALLOCATED, leaderId:c3729649-2bd6-4731-9653-79fd1afe8c9e, CreationTimestamp2021-06-23T18:53:56.895Z] moved to OPEN state
2021-06-23 18:53:59,898 [EventQueue-OpenPipelineForHealthyPipelineSafeModeRule] INFO  safemode.SCMSafeModeManager (HealthyPipelineSafeModeRule.java:process(124)) - SCM in safe mode. Healthy pipelines reported count is 0, required healthy pipeline reported count is 1
2021-06-23 18:53:59,898 [pool-419-thread-1] INFO  ratis.ContainerStateMachine (ContainerStateMachine.java:loadSnapshot(223)) - group-8C28114A7F16: The snapshot info is null. Setting the last applied indexto:(t:0, i:~)
2021-06-23 18:53:59,898 [pool-419-thread-1] INFO  server.RaftServerConfigKeys (ConfUtils.java:logGet(44)) - raft.server.notification.no-leader.timeout = 300000ms (custom)
2021-06-23 18:53:59,898 [pool-419-thread-1] INFO  server.RaftServerConfigKeys (ConfUtils.java:logGet(44)) - raft.server.log.use.memory = false (default)
2021-06-23 18:53:59,898 [pool-419-thread-1] INFO  server.RaftServerConfigKeys (ConfUtils.java:logGet(44)) - raft.server.log.purge.gap = 1000000 (custom)
2021-06-23 18:53:59,898 [pool-419-thread-1] INFO  server.RaftServerConfigKeys (ConfUtils.java:logGet(44)) - raft.server.log.appender.buffer.byte-limit = 33554432 (custom)
2021-06-23 18:53:59,899 [pool-419-thread-1] INFO  metrics.RatisMetrics (RatisMetrics.java:lambda$create$0(36)) - Creating Metrics Registry : ratis.log_worker.c3729649-2bd6-4731-9653-79fd1afe8c9e@group-8C28114A7F16
2021-06-23 18:53:59,899 [pool-419-thread-1] INFO  server.RaftServerConfigKeys (ConfUtils.java:logGet(44)) - raft.server.log.segment.size.max = 1048576 (custom)
2021-06-23 18:53:59,899 [pool-419-thread-1] INFO  server.RaftServerConfigKeys (ConfUtils.java:logGet(44)) - raft.server.log.segment.cache.num.max = 2 (custom)
2021-06-23 18:53:59,899 [pool-419-thread-1] INFO  server.RaftServerConfigKeys (ConfUtils.java:logGet(44)) - raft.server.log.segment.cache.size.max = 200MB (=209715200) (default)
2021-06-23 18:53:59,899 [pool-419-thread-1] INFO  segmented.SegmentedRaftLogWorker (SegmentedRaftLogWorker.java:<init>(182)) - new c3729649-2bd6-4731-9653-79fd1afe8c9e@group-8C28114A7F16-SegmentedRaftLogWorker for RaftStorageImpl:Storage Directory /home/runner/work/ozone/ozone/mnt/ozone/hadoop-ozone/integration-test/target/test-dir/MiniOzoneClusterImpl-2ba833d5-1ba9-439d-9c86-26ba043c4450/datanode-7/data/ratis/f3ce1326-5d0f-43b0-93b2-8c28114a7f16
2021-06-23 18:53:59,899 [pool-419-thread-1] INFO  server.RaftServerConfigKeys (ConfUtils.java:logGet(44)) - raft.server.log.queue.byte-limit = 2147483647 (custom)
2021-06-23 18:53:59,899 [pool-419-thread-1] INFO  server.RaftServerConfigKeys (ConfUtils.java:logGet(44)) - raft.server.log.queue.element-limit = 1024 (custom)
2021-06-23 18:53:59,899 [pool-419-thread-1] INFO  server.RaftServerConfigKeys (ConfUtils.java:logGet(44)) - raft.server.log.segment.size.max = 1048576 (custom)
2021-06-23 18:53:59,899 [pool-419-thread-1] INFO  server.RaftServerConfigKeys (ConfUtils.java:logGet(44)) - raft.server.log.preallocated.size = 16384 (custom)
2021-06-23 18:53:59,899 [pool-419-thread-1] INFO  server.RaftServerConfigKeys (ConfUtils.java:logGet(44)) - raft.server.log.force.sync.num = 128 (default)
2021-06-23 18:53:59,899 [pool-419-thread-1] INFO  server.RaftServerConfigKeys (ConfUtils.java:logGet(44)) - raft.server.log.statemachine.data.sync = true (default)
2021-06-23 18:53:59,899 [pool-419-thread-1] INFO  server.RaftServerConfigKeys (ConfUtils.java:logGet(44)) - raft.server.log.statemachine.data.sync.timeout = 10s (default)
2021-06-23 18:53:59,900 [pool-419-thread-1] INFO  server.RaftServerConfigKeys (ConfUtils.java:logGet(44)) - raft.server.log.statemachine.data.sync.timeout.retry = -1 (default)
2021-06-23 18:53:59,900 [pool-419-thread-1] INFO  server.RaftServerConfigKeys (ConfUtils.java:logGet(44)) - raft.server.log.write.buffer.size = 1048576 (custom)
2021-06-23 18:53:59,901 [pool-419-thread-1] INFO  server.RaftServerConfigKeys (ConfUtils.java:logGet(44)) - raft.server.log.statemachine.data.caching.enabled = true (custom)
2021-06-23 18:53:59,901 [pool-419-thread-1] INFO  segmented.SegmentedRaftLogWorker (SegmentedRaftLogWorker.java:lambda$new$0(133)) - c3729649-2bd6-4731-9653-79fd1afe8c9e@group-8C28114A7F16-SegmentedRaftLogWorker: flushIndex: setUnconditionally 0 -> -1
2021-06-23 18:53:59,901 [pool-419-thread-1] INFO  segmented.SegmentedRaftLogWorker (SegmentedRaftLogWorker.java:lambda$new$0(133)) - c3729649-2bd6-4731-9653-79fd1afe8c9e@group-8C28114A7F16-SegmentedRaftLogWorker: safeCacheEvictIndex: setUnconditionally 0 -> -1
2021-06-23 18:53:59,901 [pool-419-thread-1] INFO  server.RaftServerConfigKeys (ConfUtils.java:logGet(44)) - raft.server.snapshot.auto.trigger.enabled = true (custom)
2021-06-23 18:53:59,901 [pool-419-thread-1] INFO  server.RaftServerConfigKeys (ConfUtils.java:logGet(44)) - raft.server.snapshot.auto.trigger.threshold = 10000 (custom)
2021-06-23 18:53:59,901 [pool-419-thread-1] INFO  server.RaftServerConfigKeys (ConfUtils.java:logGet(44)) - raft.server.snapshot.retention.file.num = 5 (custom)
2021-06-23 18:53:59,901 [pool-419-thread-1] INFO  server.RaftServerConfigKeys (ConfUtils.java:logGet(44)) - raft.server.log.purge.upto.snapshot.index = false (default)
2021-06-23 18:53:59,902 [pool-419-thread-1] INFO  server.RaftServerConfigKeys (ConfUtils.java:logGet(44)) - raft.server.retrycache.expirytime = 600000ms (custom)
2021-06-23 18:53:59,902 [pool-419-thread-1] INFO  server.RaftServerConfigKeys (ConfUtils.java:logGet(44)) - raft.server.retrycache.statistics.expirytime = 100μs (default)
2021-06-23 18:53:59,902 [pool-419-thread-1] INFO  metrics.RatisMetrics (RatisMetrics.java:lambda$create$0(36)) - Creating Metrics Registry : ratis.leader_election.c3729649-2bd6-4731-9653-79fd1afe8c9e@group-8C28114A7F16
2021-06-23 18:53:59,902 [pool-419-thread-1] INFO  metrics.RatisMetrics (RatisMetrics.java:lambda$create$0(36)) - Creating Metrics Registry : ratis.server.c3729649-2bd6-4731-9653-79fd1afe8c9e@group-8C28114A7F16
2021-06-23 18:53:59,903 [pool-419-thread-1] INFO  server.RaftServer$Division (RaftServerImpl.java:start(295)) - c3729649-2bd6-4731-9653-79fd1afe8c9e@group-8C28114A7F16: start as a follower, conf=-1: [c3729649-2bd6-4731-9653-79fd1afe8c9e|rpc:10.1.0.43:39095|priority:1], old=null
2021-06-23 18:53:59,903 [pool-419-thread-1] INFO  server.RaftServer$Division (RaftServerImpl.java:setRole(284)) - c3729649-2bd6-4731-9653-79fd1afe8c9e@group-8C28114A7F16: changes role from      null to FOLLOWER at term 0 for startAsFollower
2021-06-23 18:53:59,903 [pool-419-thread-1] INFO  impl.RoleInfo (RoleInfo.java:updateAndGet(130)) - c3729649-2bd6-4731-9653-79fd1afe8c9e: start c3729649-2bd6-4731-9653-79fd1afe8c9e@group-8C28114A7F16-FollowerState
2021-06-23 18:53:59,903 [pool-419-thread-1] INFO  util.JmxRegister (JmxRegister.java:tryRegister(44)) - Successfully registered JMX Bean with object name Ratis:service=RaftServer,group=group-8C28114A7F16,id=c3729649-2bd6-4731-9653-79fd1afe8c9e
2021-06-23 18:53:59,903 [pool-419-thread-1] INFO  metrics.RatisMetrics (RatisMetrics.java:lambda$create$0(36)) - Creating Metrics Registry : ratis.state_machine.c3729649-2bd6-4731-9653-79fd1afe8c9e@group-8C28114A7F16
2021-06-23 18:53:59,907 [Command processor thread] INFO  ratis.XceiverServerRatis (XceiverServerRatis.java:addGroup(759)) - Created group PipelineID=f3ce1326-5d0f-43b0-93b2-8c28114a7f16
2021-06-23 18:53:59,907 [Command processor thread] INFO  commandhandler.CreatePipelineCommandHandler (CreatePipelineCommandHandler.java:handle(106)) - Created Pipeline RATIS ONE PipelineID=f3ce1326-5d0f-43b0-93b2-8c28114a7f16.
2021-06-23 18:53:59,998 [Listener at 127.0.0.1/35407] INFO  ozone.MiniOzoneClusterImpl (MiniOzoneClusterImpl.java:lambda$waitForClusterToBeReady$0(227)) - Nodes are ready. Got 9 of 9 DN Heartbeats.
2021-06-23 18:53:59,998 [Listener at 127.0.0.1/35407] INFO  ozone.MiniOzoneClusterImpl (MiniOzoneClusterImpl.java:lambda$waitForClusterToBeReady$0(230)) - Waiting for cluster to exit safe mode
2021-06-23 18:53:59,998 [Listener at 127.0.0.1/35407] INFO  ozone.MiniOzoneClusterImpl (MiniOzoneClusterImpl.java:lambda$waitForClusterToBeReady$0(232)) - SCM became leader
2021-06-23 18:54:00,004 [Command processor thread] INFO  server.RaftServer (RaftServerProxy.java:addNew(95)) - 6bd27ae7-81f7-4e18-bc38-6f66a3d01c25: addNew group-940FA5E2F0D0:[6bd27ae7-81f7-4e18-bc38-6f66a3d01c25|rpc:10.1.0.43:36253|priority:1] returns group-940FA5E2F0D0:java.util.concurrent.CompletableFuture@66fec440[Not completed]
2021-06-23 18:54:00,005 [pool-437-thread-1] INFO  server.RaftServer$Division (RaftServerImpl.java:<init>(180)) - 6bd27ae7-81f7-4e18-bc38-6f66a3d01c25: new RaftServerImpl for group-940FA5E2F0D0:[6bd27ae7-81f7-4e18-bc38-6f66a3d01c25|rpc:10.1.0.43:36253|priority:1] with ContainerStateMachine:uninitialized
2021-06-23 18:54:00,005 [pool-437-thread-1] INFO  server.RaftServerConfigKeys (ConfUtils.java:logGet(44)) - raft.server.rpc.timeout.min = 5s (custom)
2021-06-23 18:54:00,005 [pool-437-thread-1] INFO  server.RaftServerConfigKeys (ConfUtils.java:logGet(44)) - raft.server.rpc.timeout.max = 5200ms (custom)
2021-06-23 18:54:00,005 [pool-437-thread-1] INFO  server.RaftServerConfigKeys (ConfUtils.java:logGet(44)) - raft.server.rpc.sleep.time = 25ms (default)
2021-06-23 18:54:00,005 [pool-437-thread-1] INFO  server.RaftServerConfigKeys (ConfUtils.java:logGet(44)) - raft.server.rpc.slowness.timeout = 300000ms (custom)
2021-06-23 18:54:00,005 [pool-437-thread-1] INFO  server.RaftServerConfigKeys (ConfUtils.java:logGet(44)) - raft.server.leaderelection.leader.step-down.wait-time = 10s (default)
2021-06-23 18:54:00,005 [pool-437-thread-1] INFO  server.RaftServerConfigKeys (ConfUtils.java:logGet(44)) - raft.server.sleep.deviation.threshold = 300ms (default)
2021-06-23 18:54:00,005 [pool-437-thread-1] INFO  server.RaftServerConfigKeys (ConfUtils.java:logGet(44)) - raft.server.log.appender.install.snapshot.enabled = false (custom)
2021-06-23 18:54:00,006 [pool-437-thread-1] INFO  server.RaftServer$Division (ServerState.java:<init>(105)) - 6bd27ae7-81f7-4e18-bc38-6f66a3d01c25@group-940FA5E2F0D0: ConfigurationManager, init=-1: [6bd27ae7-81f7-4e18-bc38-6f66a3d01c25|rpc:10.1.0.43:36253|priority:1], old=null, confs=<EMPTY_MAP>
2021-06-23 18:54:00,006 [pool-437-thread-1] INFO  server.RaftServerConfigKeys (ConfUtils.java:logGet(44)) - raft.server.storage.dir = [/home/runner/work/ozone/ozone/mnt/ozone/hadoop-ozone/integration-test/target/test-dir/MiniOzoneClusterImpl-2ba833d5-1ba9-439d-9c86-26ba043c4450/datanode-8/data/ratis] (custom)
2021-06-23 18:54:00,006 [pool-437-thread-1] INFO  server.RaftServerConfigKeys (ConfUtils.java:logGet(44)) - raft.server.log.corruption.policy = EXCEPTION (default)
2021-06-23 18:54:00,006 [pool-437-thread-1] INFO  storage.RaftStorageDirectory (RaftStorageDirectoryImpl.java:analyzeStorage(132)) - The storage directory /home/runner/work/ozone/ozone/mnt/ozone/hadoop-ozone/integration-test/target/test-dir/MiniOzoneClusterImpl-2ba833d5-1ba9-439d-9c86-26ba043c4450/datanode-8/data/ratis/b4a3887d-c972-409b-a2d6-940fa5e2f0d0 does not exist. Creating ...
2021-06-23 18:54:00,011 [pool-437-thread-1] INFO  storage.RaftStorageDirectory (RaftStorageDirectoryImpl.java:tryLock(215)) - Lock on /home/runner/work/ozone/ozone/mnt/ozone/hadoop-ozone/integration-test/target/test-dir/MiniOzoneClusterImpl-2ba833d5-1ba9-439d-9c86-26ba043c4450/datanode-8/data/ratis/b4a3887d-c972-409b-a2d6-940fa5e2f0d0/in_use.lock acquired by nodename 19615@fv-az291-331
2021-06-23 18:54:00,012 [pool-437-thread-1] INFO  storage.RaftStorage (RaftStorageImpl.java:format(87)) - Storage directory /home/runner/work/ozone/ozone/mnt/ozone/hadoop-ozone/integration-test/target/test-dir/MiniOzoneClusterImpl-2ba833d5-1ba9-439d-9c86-26ba043c4450/datanode-8/data/ratis/b4a3887d-c972-409b-a2d6-940fa5e2f0d0 has been successfully formatted.
2021-06-23 18:54:00,013 [pool-437-thread-1] INFO  ratis.ContainerStateMachine (ContainerStateMachine.java:loadSnapshot(223)) - group-940FA5E2F0D0: The snapshot info is null. Setting the last applied indexto:(t:0, i:~)
2021-06-23 18:54:00,015 [EventQueue-PipelineReportForPipelineReportHandler] INFO  pipeline.PipelineManagerV2Impl (PipelineManagerV2Impl.java:openPipeline(270)) - Pipeline Pipeline[ Id: b4a3887d-c972-409b-a2d6-940fa5e2f0d0, Nodes: 6bd27ae7-81f7-4e18-bc38-6f66a3d01c25{ip: 10.1.0.43, host: fv-az291-331.wgnan5asplgejimfprtllbpdch.jx.internal.cloudapp.net, ports: [REPLICATION=39259, RATIS=36253, RATIS_ADMIN=36253, RATIS_SERVER=36253, STANDALONE=34607], networkLocation: /default-rack, certSerialId: null, persistedOpState: IN_SERVICE, persistedOpStateExpiryEpochSec: 0}, ReplicationConfig: RATIS/ONE, State:ALLOCATED, leaderId:6bd27ae7-81f7-4e18-bc38-6f66a3d01c25, CreationTimestamp2021-06-23T18:53:57.007Z] moved to OPEN state
2021-06-23 18:54:00,015 [EventQueue-OpenPipelineForHealthyPipelineSafeModeRule] INFO  safemode.SCMSafeModeManager (HealthyPipelineSafeModeRule.java:process(124)) - SCM in safe mode. Healthy pipelines reported count is 0, required healthy pipeline reported count is 1
2021-06-23 18:54:00,016 [pool-437-thread-1] INFO  server.RaftServerConfigKeys (ConfUtils.java:logGet(44)) - raft.server.notification.no-leader.timeout = 300000ms (custom)
2021-06-23 18:54:00,016 [pool-437-thread-1] INFO  server.RaftServerConfigKeys (ConfUtils.java:logGet(44)) - raft.server.log.use.memory = false (default)
2021-06-23 18:54:00,016 [pool-437-thread-1] INFO  server.RaftServerConfigKeys (ConfUtils.java:logGet(44)) - raft.server.log.purge.gap = 1000000 (custom)
2021-06-23 18:54:00,017 [pool-437-thread-1] INFO  server.RaftServerConfigKeys (ConfUtils.java:logGet(44)) - raft.server.log.appender.buffer.byte-limit = 33554432 (custom)
2021-06-23 18:54:00,017 [pool-437-thread-1] INFO  metrics.RatisMetrics (RatisMetrics.java:lambda$create$0(36)) - Creating Metrics Registry : ratis.log_worker.6bd27ae7-81f7-4e18-bc38-6f66a3d01c25@group-940FA5E2F0D0
2021-06-23 18:54:00,017 [pool-437-thread-1] INFO  server.RaftServerConfigKeys (ConfUtils.java:logGet(44)) - raft.server.log.segment.size.max = 1048576 (custom)
2021-06-23 18:54:00,017 [pool-437-thread-1] INFO  server.RaftServerConfigKeys (ConfUtils.java:logGet(44)) - raft.server.log.segment.cache.num.max = 2 (custom)
2021-06-23 18:54:00,018 [pool-437-thread-1] INFO  server.RaftServerConfigKeys (ConfUtils.java:logGet(44)) - raft.server.log.segment.cache.size.max = 200MB (=209715200) (default)
2021-06-23 18:54:00,018 [pool-437-thread-1] INFO  segmented.SegmentedRaftLogWorker (SegmentedRaftLogWorker.java:<init>(182)) - new 6bd27ae7-81f7-4e18-bc38-6f66a3d01c25@group-940FA5E2F0D0-SegmentedRaftLogWorker for RaftStorageImpl:Storage Directory /home/runner/work/ozone/ozone/mnt/ozone/hadoop-ozone/integration-test/target/test-dir/MiniOzoneClusterImpl-2ba833d5-1ba9-439d-9c86-26ba043c4450/datanode-8/data/ratis/b4a3887d-c972-409b-a2d6-940fa5e2f0d0
2021-06-23 18:54:00,018 [pool-437-thread-1] INFO  server.RaftServerConfigKeys (ConfUtils.java:logGet(44)) - raft.server.log.queue.byte-limit = 2147483647 (custom)
2021-06-23 18:54:00,018 [pool-437-thread-1] INFO  server.RaftServerConfigKeys (ConfUtils.java:logGet(44)) - raft.server.log.queue.element-limit = 1024 (custom)
2021-06-23 18:54:00,018 [pool-437-thread-1] INFO  server.RaftServerConfigKeys (ConfUtils.java:logGet(44)) - raft.server.log.segment.size.max = 1048576 (custom)
2021-06-23 18:54:00,018 [pool-437-thread-1] INFO  server.RaftServerConfigKeys (ConfUtils.java:logGet(44)) - raft.server.log.preallocated.size = 16384 (custom)
2021-06-23 18:54:00,018 [pool-437-thread-1] INFO  server.RaftServerConfigKeys (ConfUtils.java:logGet(44)) - raft.server.log.force.sync.num = 128 (default)
2021-06-23 18:54:00,018 [pool-437-thread-1] INFO  server.RaftServerConfigKeys (ConfUtils.java:logGet(44)) - raft.server.log.statemachine.data.sync = true (default)
2021-06-23 18:54:00,018 [pool-437-thread-1] INFO  server.RaftServerConfigKeys (ConfUtils.java:logGet(44)) - raft.server.log.statemachine.data.sync.timeout = 10s (default)
2021-06-23 18:54:00,018 [pool-437-thread-1] INFO  server.RaftServerConfigKeys (ConfUtils.java:logGet(44)) - raft.server.log.statemachine.data.sync.timeout.retry = -1 (default)
2021-06-23 18:54:00,019 [pool-437-thread-1] INFO  server.RaftServerConfigKeys (ConfUtils.java:logGet(44)) - raft.server.log.write.buffer.size = 1048576 (custom)
2021-06-23 18:54:00,020 [pool-437-thread-1] INFO  server.RaftServerConfigKeys (ConfUtils.java:logGet(44)) - raft.server.log.statemachine.data.caching.enabled = true (custom)
2021-06-23 18:54:00,020 [pool-437-thread-1] INFO  segmented.SegmentedRaftLogWorker (SegmentedRaftLogWorker.java:lambda$new$0(133)) - 6bd27ae7-81f7-4e18-bc38-6f66a3d01c25@group-940FA5E2F0D0-SegmentedRaftLogWorker: flushIndex: setUnconditionally 0 -> -1
2021-06-23 18:54:00,020 [pool-437-thread-1] INFO  segmented.SegmentedRaftLogWorker (SegmentedRaftLogWorker.java:lambda$new$0(133)) - 6bd27ae7-81f7-4e18-bc38-6f66a3d01c25@group-940FA5E2F0D0-SegmentedRaftLogWorker: safeCacheEvictIndex: setUnconditionally 0 -> -1
2021-06-23 18:54:00,021 [pool-437-thread-1] INFO  server.RaftServerConfigKeys (ConfUtils.java:logGet(44)) - raft.server.snapshot.auto.trigger.enabled = true (custom)
2021-06-23 18:54:00,021 [pool-437-thread-1] INFO  server.RaftServerConfigKeys (ConfUtils.java:logGet(44)) - raft.server.snapshot.auto.trigger.threshold = 10000 (custom)
2021-06-23 18:54:00,021 [pool-437-thread-1] INFO  server.RaftServerConfigKeys (ConfUtils.java:logGet(44)) - raft.server.snapshot.retention.file.num = 5 (custom)
2021-06-23 18:54:00,021 [pool-437-thread-1] INFO  server.RaftServerConfigKeys (ConfUtils.java:logGet(44)) - raft.server.log.purge.upto.snapshot.index = false (default)
2021-06-23 18:54:00,021 [pool-437-thread-1] INFO  server.RaftServerConfigKeys (ConfUtils.java:logGet(44)) - raft.server.retrycache.expirytime = 600000ms (custom)
2021-06-23 18:54:00,021 [pool-437-thread-1] INFO  server.RaftServerConfigKeys (ConfUtils.java:logGet(44)) - raft.server.retrycache.statistics.expirytime = 100μs (default)
2021-06-23 18:54:00,021 [pool-437-thread-1] INFO  metrics.RatisMetrics (RatisMetrics.java:lambda$create$0(36)) - Creating Metrics Registry : ratis.leader_election.6bd27ae7-81f7-4e18-bc38-6f66a3d01c25@group-940FA5E2F0D0
2021-06-23 18:54:00,022 [pool-437-thread-1] INFO  metrics.RatisMetrics (RatisMetrics.java:lambda$create$0(36)) - Creating Metrics Registry : ratis.server.6bd27ae7-81f7-4e18-bc38-6f66a3d01c25@group-940FA5E2F0D0
2021-06-23 18:54:00,022 [pool-437-thread-1] INFO  server.RaftServer$Division (RaftServerImpl.java:start(295)) - 6bd27ae7-81f7-4e18-bc38-6f66a3d01c25@group-940FA5E2F0D0: start as a follower, conf=-1: [6bd27ae7-81f7-4e18-bc38-6f66a3d01c25|rpc:10.1.0.43:36253|priority:1], old=null
2021-06-23 18:54:00,022 [pool-437-thread-1] INFO  server.RaftServer$Division (RaftServerImpl.java:setRole(284)) - 6bd27ae7-81f7-4e18-bc38-6f66a3d01c25@group-940FA5E2F0D0: changes role from      null to FOLLOWER at term 0 for startAsFollower
2021-06-23 18:54:00,023 [pool-437-thread-1] INFO  impl.RoleInfo (RoleInfo.java:updateAndGet(130)) - 6bd27ae7-81f7-4e18-bc38-6f66a3d01c25: start 6bd27ae7-81f7-4e18-bc38-6f66a3d01c25@group-940FA5E2F0D0-FollowerState
2021-06-23 18:54:00,023 [pool-437-thread-1] INFO  util.JmxRegister (JmxRegister.java:tryRegister(44)) - Successfully registered JMX Bean with object name Ratis:service=RaftServer,group=group-940FA5E2F0D0,id=6bd27ae7-81f7-4e18-bc38-6f66a3d01c25
2021-06-23 18:54:00,023 [pool-437-thread-1] INFO  metrics.RatisMetrics (RatisMetrics.java:lambda$create$0(36)) - Creating Metrics Registry : ratis.state_machine.6bd27ae7-81f7-4e18-bc38-6f66a3d01c25@group-940FA5E2F0D0
2021-06-23 18:54:00,023 [Command processor thread] INFO  ratis.XceiverServerRatis (XceiverServerRatis.java:addGroup(759)) - Created group PipelineID=b4a3887d-c972-409b-a2d6-940fa5e2f0d0
2021-06-23 18:54:00,023 [Command processor thread] INFO  commandhandler.CreatePipelineCommandHandler (CreatePipelineCommandHandler.java:handle(106)) - Created Pipeline RATIS ONE PipelineID=b4a3887d-c972-409b-a2d6-940fa5e2f0d0.
2021-06-23 18:54:00,999 [Listener at 127.0.0.1/35407] INFO  ozone.MiniOzoneClusterImpl (MiniOzoneClusterImpl.java:lambda$waitForClusterToBeReady$0(227)) - Nodes are ready. Got 9 of 9 DN Heartbeats.
2021-06-23 18:54:00,999 [Listener at 127.0.0.1/35407] INFO  ozone.MiniOzoneClusterImpl (MiniOzoneClusterImpl.java:lambda$waitForClusterToBeReady$0(230)) - Waiting for cluster to exit safe mode
2021-06-23 18:54:00,999 [Listener at 127.0.0.1/35407] INFO  ozone.MiniOzoneClusterImpl (MiniOzoneClusterImpl.java:lambda$waitForClusterToBeReady$0(232)) - SCM became leader
2021-06-23 18:54:01,999 [Listener at 127.0.0.1/35407] INFO  ozone.MiniOzoneClusterImpl (MiniOzoneClusterImpl.java:lambda$waitForClusterToBeReady$0(227)) - Nodes are ready. Got 9 of 9 DN Heartbeats.
2021-06-23 18:54:02,000 [Listener at 127.0.0.1/35407] INFO  ozone.MiniOzoneClusterImpl (MiniOzoneClusterImpl.java:lambda$waitForClusterToBeReady$0(230)) - Waiting for cluster to exit safe mode
2021-06-23 18:54:02,000 [Listener at 127.0.0.1/35407] INFO  ozone.MiniOzoneClusterImpl (MiniOzoneClusterImpl.java:lambda$waitForClusterToBeReady$0(232)) - SCM became leader
2021-06-23 18:54:03,000 [Listener at 127.0.0.1/35407] INFO  ozone.MiniOzoneClusterImpl (MiniOzoneClusterImpl.java:lambda$waitForClusterToBeReady$0(227)) - Nodes are ready. Got 9 of 9 DN Heartbeats.
2021-06-23 18:54:03,000 [Listener at 127.0.0.1/35407] INFO  ozone.MiniOzoneClusterImpl (MiniOzoneClusterImpl.java:lambda$waitForClusterToBeReady$0(230)) - Waiting for cluster to exit safe mode
2021-06-23 18:54:03,001 [Listener at 127.0.0.1/35407] INFO  ozone.MiniOzoneClusterImpl (MiniOzoneClusterImpl.java:lambda$waitForClusterToBeReady$0(232)) - SCM became leader
2021-06-23 18:54:04,001 [Listener at 127.0.0.1/35407] INFO  ozone.MiniOzoneClusterImpl (MiniOzoneClusterImpl.java:lambda$waitForClusterToBeReady$0(227)) - Nodes are ready. Got 9 of 9 DN Heartbeats.
2021-06-23 18:54:04,001 [Listener at 127.0.0.1/35407] INFO  ozone.MiniOzoneClusterImpl (MiniOzoneClusterImpl.java:lambda$waitForClusterToBeReady$0(230)) - Waiting for cluster to exit safe mode
2021-06-23 18:54:04,001 [Listener at 127.0.0.1/35407] INFO  ozone.MiniOzoneClusterImpl (MiniOzoneClusterImpl.java:lambda$waitForClusterToBeReady$0(232)) - SCM became leader
2021-06-23 18:54:04,129 [4a750d61-24e5-43ec-8266-94d98c9b7420@group-DD3CD69E62EB-FollowerState] INFO  impl.FollowerState (FollowerState.java:run(134)) - 4a750d61-24e5-43ec-8266-94d98c9b7420@group-DD3CD69E62EB-FollowerState: change to CANDIDATE, lastRpcElapsedTime:5035988039ns, electionTimeout:5032ms
2021-06-23 18:54:04,129 [4a750d61-24e5-43ec-8266-94d98c9b7420@group-DD3CD69E62EB-FollowerState] INFO  impl.RoleInfo (RoleInfo.java:shutdownFollowerState(108)) - 4a750d61-24e5-43ec-8266-94d98c9b7420: shutdown 4a750d61-24e5-43ec-8266-94d98c9b7420@group-DD3CD69E62EB-FollowerState
2021-06-23 18:54:04,129 [4a750d61-24e5-43ec-8266-94d98c9b7420@group-DD3CD69E62EB-FollowerState] INFO  server.RaftServer$Division (RaftServerImpl.java:setRole(284)) - 4a750d61-24e5-43ec-8266-94d98c9b7420@group-DD3CD69E62EB: changes role from  FOLLOWER to CANDIDATE at term 0 for changeToCandidate
2021-06-23 18:54:04,131 [4a750d61-24e5-43ec-8266-94d98c9b7420@group-DD3CD69E62EB-FollowerState] INFO  server.RaftServerConfigKeys (ConfUtils.java:logGet(44)) - raft.server.leaderelection.pre-vote = false (custom)
2021-06-23 18:54:04,131 [4a750d61-24e5-43ec-8266-94d98c9b7420@group-DD3CD69E62EB-FollowerState] INFO  impl.RoleInfo (RoleInfo.java:updateAndGet(130)) - 4a750d61-24e5-43ec-8266-94d98c9b7420: start 4a750d61-24e5-43ec-8266-94d98c9b7420@group-DD3CD69E62EB-LeaderElection27
2021-06-23 18:54:04,133 [4a750d61-24e5-43ec-8266-94d98c9b7420@group-DD3CD69E62EB-LeaderElection27] INFO  impl.LeaderElection (LeaderElection.java:askForVotes(306)) - 4a750d61-24e5-43ec-8266-94d98c9b7420@group-DD3CD69E62EB-LeaderElection27 ELECTION round 0: submit vote requests at term 1 for -1: [4a750d61-24e5-43ec-8266-94d98c9b7420|rpc:10.1.0.43:40063|priority:0, e477ba1d-11c9-4e24-a1b5-67f71d65ae03|rpc:10.1.0.43:46371|priority:1, b2abd95f-4cc9-4fa4-a4ec-5bbb2a845ab6|rpc:10.1.0.43:35929|priority:0], old=null
2021-06-23 18:54:04,147 [grpc-default-executor-1] INFO  server.RaftServer$Division (RaftServerImpl.java:requestVote(1042)) - b2abd95f-4cc9-4fa4-a4ec-5bbb2a845ab6@group-DD3CD69E62EB: receive requestVote(ELECTION, 4a750d61-24e5-43ec-8266-94d98c9b7420, group-DD3CD69E62EB, 1, (t:0, i:0))
2021-06-23 18:54:04,148 [grpc-default-executor-1] INFO  impl.VoteContext (VoteContext.java:log(48)) - b2abd95f-4cc9-4fa4-a4ec-5bbb2a845ab6@group-DD3CD69E62EB-FOLLOWER: accept ELECTION from 4a750d61-24e5-43ec-8266-94d98c9b7420: our priority 0 <= candidate's priority 0
2021-06-23 18:54:04,148 [grpc-default-executor-1] INFO  server.RaftServer$Division (RaftServerImpl.java:setRole(284)) - b2abd95f-4cc9-4fa4-a4ec-5bbb2a845ab6@group-DD3CD69E62EB: changes role from  FOLLOWER to FOLLOWER at term 1 for candidate:4a750d61-24e5-43ec-8266-94d98c9b7420
2021-06-23 18:54:04,148 [grpc-default-executor-1] INFO  impl.RoleInfo (RoleInfo.java:shutdownFollowerState(108)) - b2abd95f-4cc9-4fa4-a4ec-5bbb2a845ab6: shutdown b2abd95f-4cc9-4fa4-a4ec-5bbb2a845ab6@group-DD3CD69E62EB-FollowerState
2021-06-23 18:54:04,148 [grpc-default-executor-1] INFO  impl.RoleInfo (RoleInfo.java:updateAndGet(130)) - b2abd95f-4cc9-4fa4-a4ec-5bbb2a845ab6: start b2abd95f-4cc9-4fa4-a4ec-5bbb2a845ab6@group-DD3CD69E62EB-FollowerState
2021-06-23 18:54:04,148 [b2abd95f-4cc9-4fa4-a4ec-5bbb2a845ab6@group-DD3CD69E62EB-FollowerState] INFO  impl.FollowerState (FollowerState.java:run(143)) - b2abd95f-4cc9-4fa4-a4ec-5bbb2a845ab6@group-DD3CD69E62EB-FollowerState was interrupted: {}
java.lang.InterruptedException: sleep interrupted
	at java.lang.Thread.sleep(Native Method)
	at java.lang.Thread.sleep(Thread.java:340)
	at java.util.concurrent.TimeUnit.sleep(TimeUnit.java:386)
	at org.apache.ratis.util.TimeDuration.sleep(TimeDuration.java:324)
	at org.apache.ratis.util.TimeDuration.sleep(TimeDuration.java:309)
	at org.apache.ratis.server.impl.FollowerState.run(FollowerState.java:118)
2021-06-23 18:54:04,148 [grpc-default-executor-3] INFO  server.RaftServer$Division (RaftServerImpl.java:requestVote(1042)) - e477ba1d-11c9-4e24-a1b5-67f71d65ae03@group-DD3CD69E62EB: receive requestVote(ELECTION, 4a750d61-24e5-43ec-8266-94d98c9b7420, group-DD3CD69E62EB, 1, (t:0, i:0))
2021-06-23 18:54:04,148 [grpc-default-executor-3] INFO  impl.VoteContext (VoteContext.java:log(48)) - e477ba1d-11c9-4e24-a1b5-67f71d65ae03@group-DD3CD69E62EB-FOLLOWER: reject ELECTION from 4a750d61-24e5-43ec-8266-94d98c9b7420: our priority 1 > candidate's priority 0
2021-06-23 18:54:04,148 [grpc-default-executor-3] INFO  server.RaftServer$Division (RaftServerImpl.java:setRole(284)) - e477ba1d-11c9-4e24-a1b5-67f71d65ae03@group-DD3CD69E62EB: changes role from  FOLLOWER to FOLLOWER at term 1 for candidate:4a750d61-24e5-43ec-8266-94d98c9b7420
2021-06-23 18:54:04,148 [grpc-default-executor-3] INFO  impl.RoleInfo (RoleInfo.java:shutdownFollowerState(108)) - e477ba1d-11c9-4e24-a1b5-67f71d65ae03: shutdown e477ba1d-11c9-4e24-a1b5-67f71d65ae03@group-DD3CD69E62EB-FollowerState
2021-06-23 18:54:04,151 [grpc-default-executor-3] INFO  impl.RoleInfo (RoleInfo.java:updateAndGet(130)) - e477ba1d-11c9-4e24-a1b5-67f71d65ae03: start e477ba1d-11c9-4e24-a1b5-67f71d65ae03@group-DD3CD69E62EB-FollowerState
2021-06-23 18:54:04,151 [e477ba1d-11c9-4e24-a1b5-67f71d65ae03@group-DD3CD69E62EB-FollowerState] INFO  impl.FollowerState (FollowerState.java:run(143)) - e477ba1d-11c9-4e24-a1b5-67f71d65ae03@group-DD3CD69E62EB-FollowerState was interrupted: {}
java.lang.InterruptedException: sleep interrupted
	at java.lang.Thread.sleep(Native Method)
	at java.lang.Thread.sleep(Thread.java:340)
	at java.util.concurrent.TimeUnit.sleep(TimeUnit.java:386)
	at org.apache.ratis.util.TimeDuration.sleep(TimeDuration.java:324)
	at org.apache.ratis.util.TimeDuration.sleep(TimeDuration.java:309)
	at org.apache.ratis.server.impl.FollowerState.run(FollowerState.java:118)
2021-06-23 18:54:04,152 [grpc-default-executor-1] INFO  server.RaftServer$Division (RaftServerImpl.java:requestVote(1074)) - b2abd95f-4cc9-4fa4-a4ec-5bbb2a845ab6@group-DD3CD69E62EB replies to ELECTION vote request: 4a750d61-24e5-43ec-8266-94d98c9b7420<-b2abd95f-4cc9-4fa4-a4ec-5bbb2a845ab6#0:OK-t1. Peer's state: b2abd95f-4cc9-4fa4-a4ec-5bbb2a845ab6@group-DD3CD69E62EB:t1, leader=null, voted=4a750d61-24e5-43ec-8266-94d98c9b7420, raftlog=b2abd95f-4cc9-4fa4-a4ec-5bbb2a845ab6@group-DD3CD69E62EB-SegmentedRaftLog:OPENED:c-1,f-1,i0, conf=-1: [4a750d61-24e5-43ec-8266-94d98c9b7420|rpc:10.1.0.43:40063|dataStream:|priority:0, e477ba1d-11c9-4e24-a1b5-67f71d65ae03|rpc:10.1.0.43:46371|dataStream:|priority:1, b2abd95f-4cc9-4fa4-a4ec-5bbb2a845ab6|rpc:10.1.0.43:35929|dataStream:|priority:0], old=null
2021-06-23 18:54:04,153 [grpc-default-executor-3] INFO  server.RaftServer$Division (RaftServerImpl.java:requestVote(1074)) - e477ba1d-11c9-4e24-a1b5-67f71d65ae03@group-DD3CD69E62EB replies to ELECTION vote request: 4a750d61-24e5-43ec-8266-94d98c9b7420<-e477ba1d-11c9-4e24-a1b5-67f71d65ae03#0:FAIL-t1. Peer's state: e477ba1d-11c9-4e24-a1b5-67f71d65ae03@group-DD3CD69E62EB:t1, leader=null, voted=null, raftlog=e477ba1d-11c9-4e24-a1b5-67f71d65ae03@group-DD3CD69E62EB-SegmentedRaftLog:OPENED:c-1,f-1,i0, conf=-1: [4a750d61-24e5-43ec-8266-94d98c9b7420|rpc:10.1.0.43:40063|dataStream:|priority:0, e477ba1d-11c9-4e24-a1b5-67f71d65ae03|rpc:10.1.0.43:46371|dataStream:|priority:1, b2abd95f-4cc9-4fa4-a4ec-5bbb2a845ab6|rpc:10.1.0.43:35929|dataStream:|priority:0], old=null
2021-06-23 18:54:04,155 [4a750d61-24e5-43ec-8266-94d98c9b7420@group-DD3CD69E62EB-LeaderElection27] INFO  impl.LeaderElection (LeaderElection.java:logAndReturn(89)) - 4a750d61-24e5-43ec-8266-94d98c9b7420@group-DD3CD69E62EB-LeaderElection27: ELECTION REJECTED received 2 response(s) and 0 exception(s):
2021-06-23 18:54:04,155 [4a750d61-24e5-43ec-8266-94d98c9b7420@group-DD3CD69E62EB-LeaderElection27] INFO  impl.LeaderElection (LeaderElection.java:logAndReturn(93)) -   Response 0: 4a750d61-24e5-43ec-8266-94d98c9b7420<-e477ba1d-11c9-4e24-a1b5-67f71d65ae03#0:FAIL-t1
2021-06-23 18:54:04,155 [4a750d61-24e5-43ec-8266-94d98c9b7420@group-DD3CD69E62EB-LeaderElection27] INFO  impl.LeaderElection (LeaderElection.java:logAndReturn(93)) -   Response 1: 4a750d61-24e5-43ec-8266-94d98c9b7420<-b2abd95f-4cc9-4fa4-a4ec-5bbb2a845ab6#0:OK-t1
2021-06-23 18:54:04,155 [4a750d61-24e5-43ec-8266-94d98c9b7420@group-DD3CD69E62EB-LeaderElection27] INFO  impl.LeaderElection (LeaderElection.java:askForVotes(308)) - 4a750d61-24e5-43ec-8266-94d98c9b7420@group-DD3CD69E62EB-LeaderElection27 ELECTION round 0: result REJECTED
2021-06-23 18:54:04,155 [4a750d61-24e5-43ec-8266-94d98c9b7420@group-DD3CD69E62EB-LeaderElection27] INFO  server.RaftServer$Division (RaftServerImpl.java:setRole(284)) - 4a750d61-24e5-43ec-8266-94d98c9b7420@group-DD3CD69E62EB: changes role from CANDIDATE to FOLLOWER at term 1 for REJECTED
2021-06-23 18:54:04,155 [4a750d61-24e5-43ec-8266-94d98c9b7420@group-DD3CD69E62EB-LeaderElection27] INFO  impl.RoleInfo (RoleInfo.java:shutdownLeaderElection(121)) - 4a750d61-24e5-43ec-8266-94d98c9b7420: shutdown 4a750d61-24e5-43ec-8266-94d98c9b7420@group-DD3CD69E62EB-LeaderElection27
2021-06-23 18:54:04,155 [4a750d61-24e5-43ec-8266-94d98c9b7420@group-DD3CD69E62EB-LeaderElection27] INFO  impl.RoleInfo (RoleInfo.java:updateAndGet(130)) - 4a750d61-24e5-43ec-8266-94d98c9b7420: start 4a750d61-24e5-43ec-8266-94d98c9b7420@group-DD3CD69E62EB-FollowerState
2021-06-23 18:54:04,220 [4a750d61-24e5-43ec-8266-94d98c9b7420@group-FD3D70C3EE5F-FollowerState] INFO  impl.FollowerState (FollowerState.java:run(134)) - 4a750d61-24e5-43ec-8266-94d98c9b7420@group-FD3D70C3EE5F-FollowerState: change to CANDIDATE, lastRpcElapsedTime:5142930701ns, electionTimeout:5142ms
2021-06-23 18:54:04,220 [4a750d61-24e5-43ec-8266-94d98c9b7420@group-FD3D70C3EE5F-FollowerState] INFO  impl.RoleInfo (RoleInfo.java:shutdownFollowerState(108)) - 4a750d61-24e5-43ec-8266-94d98c9b7420: shutdown 4a750d61-24e5-43ec-8266-94d98c9b7420@group-FD3D70C3EE5F-FollowerState
2021-06-23 18:54:04,220 [4a750d61-24e5-43ec-8266-94d98c9b7420@group-FD3D70C3EE5F-FollowerState] INFO  server.RaftServer$Division (RaftServerImpl.java:setRole(284)) - 4a750d61-24e5-43ec-8266-94d98c9b7420@group-FD3D70C3EE5F: changes role from  FOLLOWER to CANDIDATE at term 0 for changeToCandidate
2021-06-23 18:54:04,220 [4a750d61-24e5-43ec-8266-94d98c9b7420@group-FD3D70C3EE5F-FollowerState] INFO  server.RaftServerConfigKeys (ConfUtils.java:logGet(44)) - raft.server.leaderelection.pre-vote = false (custom)
2021-06-23 18:54:04,220 [4a750d61-24e5-43ec-8266-94d98c9b7420@group-FD3D70C3EE5F-FollowerState] INFO  impl.RoleInfo (RoleInfo.java:updateAndGet(130)) - 4a750d61-24e5-43ec-8266-94d98c9b7420: start 4a750d61-24e5-43ec-8266-94d98c9b7420@group-FD3D70C3EE5F-LeaderElection28
2021-06-23 18:54:04,223 [4a750d61-24e5-43ec-8266-94d98c9b7420@group-FD3D70C3EE5F-LeaderElection28] INFO  impl.LeaderElection (LeaderElection.java:askForVotes(306)) - 4a750d61-24e5-43ec-8266-94d98c9b7420@group-FD3D70C3EE5F-LeaderElection28 ELECTION round 0: submit vote requests at term 1 for -1: [4a750d61-24e5-43ec-8266-94d98c9b7420|rpc:10.1.0.43:40063|priority:1], old=null
2021-06-23 18:54:04,224 [4a750d61-24e5-43ec-8266-94d98c9b7420@group-FD3D70C3EE5F-LeaderElection28] INFO  impl.LeaderElection (LeaderElection.java:askForVotes(308)) - 4a750d61-24e5-43ec-8266-94d98c9b7420@group-FD3D70C3EE5F-LeaderElection28 ELECTION round 0: result PASSED (term=1)
2021-06-23 18:54:04,224 [4a750d61-24e5-43ec-8266-94d98c9b7420@group-FD3D70C3EE5F-LeaderElection28] INFO  impl.RoleInfo (RoleInfo.java:shutdownLeaderElection(121)) - 4a750d61-24e5-43ec-8266-94d98c9b7420: shutdown 4a750d61-24e5-43ec-8266-94d98c9b7420@group-FD3D70C3EE5F-LeaderElection28
2021-06-23 18:54:04,224 [4a750d61-24e5-43ec-8266-94d98c9b7420@group-FD3D70C3EE5F-LeaderElection28] INFO  server.RaftServer$Division (RaftServerImpl.java:setRole(284)) - 4a750d61-24e5-43ec-8266-94d98c9b7420@group-FD3D70C3EE5F: changes role from CANDIDATE to LEADER at term 1 for changeToLeader
2021-06-23 18:54:04,224 [4a750d61-24e5-43ec-8266-94d98c9b7420@group-FD3D70C3EE5F-LeaderElection28] INFO  ratis.XceiverServerRatis (XceiverServerRatis.java:handleLeaderChangedNotification(857)) - Leader change notification received for group: group-FD3D70C3EE5F with new leaderId: 4a750d61-24e5-43ec-8266-94d98c9b7420
2021-06-23 18:54:04,225 [4a750d61-24e5-43ec-8266-94d98c9b7420@group-FD3D70C3EE5F-LeaderElection28] INFO  server.RaftServer$Division (ServerState.java:setLeader(271)) - 4a750d61-24e5-43ec-8266-94d98c9b7420@group-FD3D70C3EE5F: change Leader from null to 4a750d61-24e5-43ec-8266-94d98c9b7420 at term 1 for becomeLeader, leader elected after 5155ms
2021-06-23 18:54:04,225 [4a750d61-24e5-43ec-8266-94d98c9b7420@group-FD3D70C3EE5F-LeaderElection28] INFO  server.RaftServerConfigKeys (ConfUtils.java:logGet(44)) - raft.server.staging.catchup.gap = 1000 (default)
2021-06-23 18:54:04,225 [EventQueue-OpenPipelineForHealthyPipelineSafeModeRule] INFO  safemode.SCMSafeModeManager (HealthyPipelineSafeModeRule.java:process(124)) - SCM in safe mode. Healthy pipelines reported count is 0, required healthy pipeline reported count is 1
2021-06-23 18:54:04,226 [4a750d61-24e5-43ec-8266-94d98c9b7420@group-FD3D70C3EE5F-LeaderElection28] INFO  metrics.RatisMetrics (RatisMetrics.java:lambda$create$0(36)) - Creating Metrics Registry : ratis.log_appender.4a750d61-24e5-43ec-8266-94d98c9b7420@group-FD3D70C3EE5F
2021-06-23 18:54:04,227 [4a750d61-24e5-43ec-8266-94d98c9b7420@group-FD3D70C3EE5F-LeaderElection28] INFO  server.RaftServerConfigKeys (ConfUtils.java:logGet(44)) - raft.server.write.element-limit = 1024 (custom)
2021-06-23 18:54:04,227 [4a750d61-24e5-43ec-8266-94d98c9b7420@group-FD3D70C3EE5F-LeaderElection28] INFO  server.RaftServerConfigKeys (ConfUtils.java:logGet(44)) - raft.server.write.byte-limit = 1073741824 (custom)
2021-06-23 18:54:04,227 [4a750d61-24e5-43ec-8266-94d98c9b7420@group-FD3D70C3EE5F-LeaderElection28] INFO  server.RaftServerConfigKeys (ConfUtils.java:logGet(44)) - raft.server.watch.timeout = 3000ms (custom)
2021-06-23 18:54:04,227 [4a750d61-24e5-43ec-8266-94d98c9b7420@group-FD3D70C3EE5F-LeaderElection28] INFO  server.RaftServerConfigKeys (ConfUtils.java:logGet(44)) - raft.server.watch.timeout.denomination = 1s (default)
2021-06-23 18:54:04,227 [4a750d61-24e5-43ec-8266-94d98c9b7420@group-FD3D70C3EE5F-LeaderElection28] INFO  server.RaftServerConfigKeys (ConfUtils.java:logGet(44)) - raft.server.watch.element-limit = 65536 (default)
2021-06-23 18:54:04,227 [4a750d61-24e5-43ec-8266-94d98c9b7420@group-FD3D70C3EE5F-LeaderElection28] INFO  impl.RoleInfo (RoleInfo.java:updateAndGet(130)) - 4a750d61-24e5-43ec-8266-94d98c9b7420: start 4a750d61-24e5-43ec-8266-94d98c9b7420@group-FD3D70C3EE5F-LeaderStateImpl
2021-06-23 18:54:04,228 [4a750d61-24e5-43ec-8266-94d98c9b7420@group-FD3D70C3EE5F-LeaderElection28] INFO  segmented.SegmentedRaftLogWorker (SegmentedRaftLogWorker.java:startLogSegment(394)) - 4a750d61-24e5-43ec-8266-94d98c9b7420@group-FD3D70C3EE5F-SegmentedRaftLogWorker: Starting segment from index:0
2021-06-23 18:54:04,229 [4a750d61-24e5-43ec-8266-94d98c9b7420@group-FD3D70C3EE5F-SegmentedRaftLogWorker] INFO  segmented.SegmentedRaftLogWorker (SegmentedRaftLogWorker.java:execute(601)) - 4a750d61-24e5-43ec-8266-94d98c9b7420@group-FD3D70C3EE5F-SegmentedRaftLogWorker: created new log segment /home/runner/work/ozone/ozone/mnt/ozone/hadoop-ozone/integration-test/target/test-dir/MiniOzoneClusterImpl-2ba833d5-1ba9-439d-9c86-26ba043c4450/datanode-0/data/ratis/1dbdb0f1-9f4e-4f90-9942-fd3d70c3ee5f/current/log_inprogress_0
2021-06-23 18:54:04,231 [4a750d61-24e5-43ec-8266-94d98c9b7420@group-FD3D70C3EE5F-LeaderElection28] INFO  server.RaftServer$Division (ServerState.java:setRaftConf(373)) - 4a750d61-24e5-43ec-8266-94d98c9b7420@group-FD3D70C3EE5F: set configuration 0: [4a750d61-24e5-43ec-8266-94d98c9b7420|rpc:10.1.0.43:40063|dataStream:|priority:1], old=null
2021-06-23 18:54:04,329 [e477ba1d-11c9-4e24-a1b5-67f71d65ae03@group-62CEF9D40F83-FollowerState] INFO  impl.FollowerState (FollowerState.java:run(134)) - e477ba1d-11c9-4e24-a1b5-67f71d65ae03@group-62CEF9D40F83-FollowerState: change to CANDIDATE, lastRpcElapsedTime:5158566983ns, electionTimeout:5154ms
2021-06-23 18:54:04,329 [e477ba1d-11c9-4e24-a1b5-67f71d65ae03@group-62CEF9D40F83-FollowerState] INFO  impl.RoleInfo (RoleInfo.java:shutdownFollowerState(108)) - e477ba1d-11c9-4e24-a1b5-67f71d65ae03: shutdown e477ba1d-11c9-4e24-a1b5-67f71d65ae03@group-62CEF9D40F83-FollowerState
2021-06-23 18:54:04,329 [e477ba1d-11c9-4e24-a1b5-67f71d65ae03@group-62CEF9D40F83-FollowerState] INFO  server.RaftServer$Division (RaftServerImpl.java:setRole(284)) - e477ba1d-11c9-4e24-a1b5-67f71d65ae03@group-62CEF9D40F83: changes role from  FOLLOWER to CANDIDATE at term 0 for changeToCandidate
2021-06-23 18:54:04,330 [e477ba1d-11c9-4e24-a1b5-67f71d65ae03@group-62CEF9D40F83-FollowerState] INFO  server.RaftServerConfigKeys (ConfUtils.java:logGet(44)) - raft.server.leaderelection.pre-vote = false (custom)
2021-06-23 18:54:04,330 [e477ba1d-11c9-4e24-a1b5-67f71d65ae03@group-62CEF9D40F83-FollowerState] INFO  impl.RoleInfo (RoleInfo.java:updateAndGet(130)) - e477ba1d-11c9-4e24-a1b5-67f71d65ae03: start e477ba1d-11c9-4e24-a1b5-67f71d65ae03@group-62CEF9D40F83-LeaderElection29
2021-06-23 18:54:04,333 [e477ba1d-11c9-4e24-a1b5-67f71d65ae03@group-62CEF9D40F83-LeaderElection29] INFO  impl.LeaderElection (LeaderElection.java:askForVotes(306)) - e477ba1d-11c9-4e24-a1b5-67f71d65ae03@group-62CEF9D40F83-LeaderElection29 ELECTION round 0: submit vote requests at term 1 for -1: [e477ba1d-11c9-4e24-a1b5-67f71d65ae03|rpc:10.1.0.43:46371|priority:1], old=null
2021-06-23 18:54:04,333 [e477ba1d-11c9-4e24-a1b5-67f71d65ae03@group-62CEF9D40F83-LeaderElection29] INFO  impl.LeaderElection (LeaderElection.java:askForVotes(308)) - e477ba1d-11c9-4e24-a1b5-67f71d65ae03@group-62CEF9D40F83-LeaderElection29 ELECTION round 0: result PASSED (term=1)
2021-06-23 18:54:04,333 [e477ba1d-11c9-4e24-a1b5-67f71d65ae03@group-62CEF9D40F83-LeaderElection29] INFO  impl.RoleInfo (RoleInfo.java:shutdownLeaderElection(121)) - e477ba1d-11c9-4e24-a1b5-67f71d65ae03: shutdown e477ba1d-11c9-4e24-a1b5-67f71d65ae03@group-62CEF9D40F83-LeaderElection29
2021-06-23 18:54:04,334 [e477ba1d-11c9-4e24-a1b5-67f71d65ae03@group-62CEF9D40F83-LeaderElection29] INFO  server.RaftServer$Division (RaftServerImpl.java:setRole(284)) - e477ba1d-11c9-4e24-a1b5-67f71d65ae03@group-62CEF9D40F83: changes role from CANDIDATE to LEADER at term 1 for changeToLeader
2021-06-23 18:54:04,334 [e477ba1d-11c9-4e24-a1b5-67f71d65ae03@group-62CEF9D40F83-LeaderElection29] INFO  ratis.XceiverServerRatis (XceiverServerRatis.java:handleLeaderChangedNotification(857)) - Leader change notification received for group: group-62CEF9D40F83 with new leaderId: e477ba1d-11c9-4e24-a1b5-67f71d65ae03
2021-06-23 18:54:04,334 [e477ba1d-11c9-4e24-a1b5-67f71d65ae03@group-62CEF9D40F83-LeaderElection29] INFO  server.RaftServer$Division (ServerState.java:setLeader(271)) - e477ba1d-11c9-4e24-a1b5-67f71d65ae03@group-62CEF9D40F83: change Leader from null to e477ba1d-11c9-4e24-a1b5-67f71d65ae03 at term 1 for becomeLeader, leader elected after 5172ms
2021-06-23 18:54:04,336 [EventQueue-OpenPipelineForHealthyPipelineSafeModeRule] INFO  safemode.SCMSafeModeManager (HealthyPipelineSafeModeRule.java:process(124)) - SCM in safe mode. Healthy pipelines reported count is 0, required healthy pipeline reported count is 1
2021-06-23 18:54:04,339 [e477ba1d-11c9-4e24-a1b5-67f71d65ae03@group-62CEF9D40F83-LeaderElection29] INFO  server.RaftServerConfigKeys (ConfUtils.java:logGet(44)) - raft.server.staging.catchup.gap = 1000 (default)
2021-06-23 18:54:04,339 [e477ba1d-11c9-4e24-a1b5-67f71d65ae03@group-62CEF9D40F83-LeaderElection29] INFO  metrics.RatisMetrics (RatisMetrics.java:lambda$create$0(36)) - Creating Metrics Registry : ratis.log_appender.e477ba1d-11c9-4e24-a1b5-67f71d65ae03@group-62CEF9D40F83
2021-06-23 18:54:04,339 [e477ba1d-11c9-4e24-a1b5-67f71d65ae03@group-62CEF9D40F83-LeaderElection29] INFO  server.RaftServerConfigKeys (ConfUtils.java:logGet(44)) - raft.server.write.element-limit = 1024 (custom)
2021-06-23 18:54:04,340 [e477ba1d-11c9-4e24-a1b5-67f71d65ae03@group-62CEF9D40F83-LeaderElection29] INFO  server.RaftServerConfigKeys (ConfUtils.java:logGet(44)) - raft.server.write.byte-limit = 1073741824 (custom)
2021-06-23 18:54:04,340 [e477ba1d-11c9-4e24-a1b5-67f71d65ae03@group-62CEF9D40F83-LeaderElection29] INFO  server.RaftServerConfigKeys (ConfUtils.java:logGet(44)) - raft.server.watch.timeout = 3000ms (custom)
2021-06-23 18:54:04,340 [e477ba1d-11c9-4e24-a1b5-67f71d65ae03@group-62CEF9D40F83-LeaderElection29] INFO  server.RaftServerConfigKeys (ConfUtils.java:logGet(44)) - raft.server.watch.timeout.denomination = 1s (default)
2021-06-23 18:54:04,340 [e477ba1d-11c9-4e24-a1b5-67f71d65ae03@group-62CEF9D40F83-LeaderElection29] INFO  server.RaftServerConfigKeys (ConfUtils.java:logGet(44)) - raft.server.watch.element-limit = 65536 (default)
2021-06-23 18:54:04,340 [e477ba1d-11c9-4e24-a1b5-67f71d65ae03@group-62CEF9D40F83-LeaderElection29] INFO  impl.RoleInfo (RoleInfo.java:updateAndGet(130)) - e477ba1d-11c9-4e24-a1b5-67f71d65ae03: start e477ba1d-11c9-4e24-a1b5-67f71d65ae03@group-62CEF9D40F83-LeaderStateImpl
2021-06-23 18:54:04,341 [e477ba1d-11c9-4e24-a1b5-67f71d65ae03@group-62CEF9D40F83-LeaderElection29] INFO  segmented.SegmentedRaftLogWorker (SegmentedRaftLogWorker.java:startLogSegment(394)) - e477ba1d-11c9-4e24-a1b5-67f71d65ae03@group-62CEF9D40F83-SegmentedRaftLogWorker: Starting segment from index:0
2021-06-23 18:54:04,343 [e477ba1d-11c9-4e24-a1b5-67f71d65ae03@group-62CEF9D40F83-SegmentedRaftLogWorker] INFO  segmented.SegmentedRaftLogWorker (SegmentedRaftLogWorker.java:execute(601)) - e477ba1d-11c9-4e24-a1b5-67f71d65ae03@group-62CEF9D40F83-SegmentedRaftLogWorker: created new log segment /home/runner/work/ozone/ozone/mnt/ozone/hadoop-ozone/integration-test/target/test-dir/MiniOzoneClusterImpl-2ba833d5-1ba9-439d-9c86-26ba043c4450/datanode-1/data/ratis/f063a1f7-0470-4314-b181-62cef9d40f83/current/log_inprogress_0
2021-06-23 18:54:04,343 [e477ba1d-11c9-4e24-a1b5-67f71d65ae03@group-62CEF9D40F83-LeaderElection29] INFO  server.RaftServer$Division (ServerState.java:setRaftConf(373)) - e477ba1d-11c9-4e24-a1b5-67f71d65ae03@group-62CEF9D40F83: set configuration 0: [e477ba1d-11c9-4e24-a1b5-67f71d65ae03|rpc:10.1.0.43:46371|dataStream:|priority:1], old=null
2021-06-23 18:54:04,478 [b2abd95f-4cc9-4fa4-a4ec-5bbb2a845ab6@group-4CB0FFEF757B-FollowerState] INFO  impl.FollowerState (FollowerState.java:run(134)) - b2abd95f-4cc9-4fa4-a4ec-5bbb2a845ab6@group-4CB0FFEF757B-FollowerState: change to CANDIDATE, lastRpcElapsedTime:5198087089ns, electionTimeout:5197ms
2021-06-23 18:54:04,478 [b2abd95f-4cc9-4fa4-a4ec-5bbb2a845ab6@group-4CB0FFEF757B-FollowerState] INFO  impl.RoleInfo (RoleInfo.java:shutdownFollowerState(108)) - b2abd95f-4cc9-4fa4-a4ec-5bbb2a845ab6: shutdown b2abd95f-4cc9-4fa4-a4ec-5bbb2a845ab6@group-4CB0FFEF757B-FollowerState
2021-06-23 18:54:04,478 [b2abd95f-4cc9-4fa4-a4ec-5bbb2a845ab6@group-4CB0FFEF757B-FollowerState] INFO  server.RaftServer$Division (RaftServerImpl.java:setRole(284)) - b2abd95f-4cc9-4fa4-a4ec-5bbb2a845ab6@group-4CB0FFEF757B: changes role from  FOLLOWER to CANDIDATE at term 0 for changeToCandidate
2021-06-23 18:54:04,479 [b2abd95f-4cc9-4fa4-a4ec-5bbb2a845ab6@group-4CB0FFEF757B-FollowerState] INFO  server.RaftServerConfigKeys (ConfUtils.java:logGet(44)) - raft.server.leaderelection.pre-vote = false (custom)
2021-06-23 18:54:04,479 [b2abd95f-4cc9-4fa4-a4ec-5bbb2a845ab6@group-4CB0FFEF757B-FollowerState] INFO  impl.RoleInfo (RoleInfo.java:updateAndGet(130)) - b2abd95f-4cc9-4fa4-a4ec-5bbb2a845ab6: start b2abd95f-4cc9-4fa4-a4ec-5bbb2a845ab6@group-4CB0FFEF757B-LeaderElection30
2021-06-23 18:54:04,490 [f3d5ecac-0c0e-452b-b1da-f4ba84ea556e@group-81B64AF5C7B4-FollowerState] INFO  impl.FollowerState (FollowerState.java:run(134)) - f3d5ecac-0c0e-452b-b1da-f4ba84ea556e@group-81B64AF5C7B4-FollowerState: change to CANDIDATE, lastRpcElapsedTime:5056398246ns, electionTimeout:5056ms
2021-06-23 18:54:04,490 [f3d5ecac-0c0e-452b-b1da-f4ba84ea556e@group-81B64AF5C7B4-FollowerState] INFO  impl.RoleInfo (RoleInfo.java:shutdownFollowerState(108)) - f3d5ecac-0c0e-452b-b1da-f4ba84ea556e: shutdown f3d5ecac-0c0e-452b-b1da-f4ba84ea556e@group-81B64AF5C7B4-FollowerState
2021-06-23 18:54:04,490 [f3d5ecac-0c0e-452b-b1da-f4ba84ea556e@group-81B64AF5C7B4-FollowerState] INFO  server.RaftServer$Division (RaftServerImpl.java:setRole(284)) - f3d5ecac-0c0e-452b-b1da-f4ba84ea556e@group-81B64AF5C7B4: changes role from  FOLLOWER to CANDIDATE at term 0 for changeToCandidate
2021-06-23 18:54:04,491 [b2abd95f-4cc9-4fa4-a4ec-5bbb2a845ab6@group-4CB0FFEF757B-LeaderElection30] INFO  impl.LeaderElection (LeaderElection.java:askForVotes(306)) - b2abd95f-4cc9-4fa4-a4ec-5bbb2a845ab6@group-4CB0FFEF757B-LeaderElection30 ELECTION round 0: submit vote requests at term 1 for -1: [b2abd95f-4cc9-4fa4-a4ec-5bbb2a845ab6|rpc:10.1.0.43:35929|priority:1], old=null
2021-06-23 18:54:04,491 [b2abd95f-4cc9-4fa4-a4ec-5bbb2a845ab6@group-4CB0FFEF757B-LeaderElection30] INFO  impl.LeaderElection (LeaderElection.java:askForVotes(308)) - b2abd95f-4cc9-4fa4-a4ec-5bbb2a845ab6@group-4CB0FFEF757B-LeaderElection30 ELECTION round 0: result PASSED (term=1)
2021-06-23 18:54:04,491 [f3d5ecac-0c0e-452b-b1da-f4ba84ea556e@group-81B64AF5C7B4-FollowerState] INFO  server.RaftServerConfigKeys (ConfUtils.java:logGet(44)) - raft.server.leaderelection.pre-vote = false (custom)
2021-06-23 18:54:04,492 [f3d5ecac-0c0e-452b-b1da-f4ba84ea556e@group-81B64AF5C7B4-FollowerState] INFO  impl.RoleInfo (RoleInfo.java:updateAndGet(130)) - f3d5ecac-0c0e-452b-b1da-f4ba84ea556e: start f3d5ecac-0c0e-452b-b1da-f4ba84ea556e@group-81B64AF5C7B4-LeaderElection31
2021-06-23 18:54:04,492 [b2abd95f-4cc9-4fa4-a4ec-5bbb2a845ab6@group-4CB0FFEF757B-LeaderElection30] INFO  impl.RoleInfo (RoleInfo.java:shutdownLeaderElection(121)) - b2abd95f-4cc9-4fa4-a4ec-5bbb2a845ab6: shutdown b2abd95f-4cc9-4fa4-a4ec-5bbb2a845ab6@group-4CB0FFEF757B-LeaderElection30
2021-06-23 18:54:04,496 [b2abd95f-4cc9-4fa4-a4ec-5bbb2a845ab6@group-4CB0FFEF757B-LeaderElection30] INFO  server.RaftServer$Division (RaftServerImpl.java:setRole(284)) - b2abd95f-4cc9-4fa4-a4ec-5bbb2a845ab6@group-4CB0FFEF757B: changes role from CANDIDATE to LEADER at term 1 for changeToLeader
2021-06-23 18:54:04,496 [b2abd95f-4cc9-4fa4-a4ec-5bbb2a845ab6@group-4CB0FFEF757B-LeaderElection30] INFO  ratis.XceiverServerRatis (XceiverServerRatis.java:handleLeaderChangedNotification(857)) - Leader change notification received for group: group-4CB0FFEF757B with new leaderId: b2abd95f-4cc9-4fa4-a4ec-5bbb2a845ab6
2021-06-23 18:54:04,497 [b2abd95f-4cc9-4fa4-a4ec-5bbb2a845ab6@group-4CB0FFEF757B-LeaderElection30] INFO  server.RaftServer$Division (ServerState.java:setLeader(271)) - b2abd95f-4cc9-4fa4-a4ec-5bbb2a845ab6@group-4CB0FFEF757B: change Leader from null to b2abd95f-4cc9-4fa4-a4ec-5bbb2a845ab6 at term 1 for becomeLeader, leader elected after 5223ms
2021-06-23 18:54:04,497 [b2abd95f-4cc9-4fa4-a4ec-5bbb2a845ab6@group-4CB0FFEF757B-LeaderElection30] INFO  server.RaftServerConfigKeys (ConfUtils.java:logGet(44)) - raft.server.staging.catchup.gap = 1000 (default)
2021-06-23 18:54:04,497 [b2abd95f-4cc9-4fa4-a4ec-5bbb2a845ab6@group-4CB0FFEF757B-LeaderElection30] INFO  metrics.RatisMetrics (RatisMetrics.java:lambda$create$0(36)) - Creating Metrics Registry : ratis.log_appender.b2abd95f-4cc9-4fa4-a4ec-5bbb2a845ab6@group-4CB0FFEF757B
2021-06-23 18:54:04,497 [b2abd95f-4cc9-4fa4-a4ec-5bbb2a845ab6@group-4CB0FFEF757B-LeaderElection30] INFO  server.RaftServerConfigKeys (ConfUtils.java:logGet(44)) - raft.server.write.element-limit = 1024 (custom)
2021-06-23 18:54:04,497 [b2abd95f-4cc9-4fa4-a4ec-5bbb2a845ab6@group-4CB0FFEF757B-LeaderElection30] INFO  server.RaftServerConfigKeys (ConfUtils.java:logGet(44)) - raft.server.write.byte-limit = 1073741824 (custom)
2021-06-23 18:54:04,497 [b2abd95f-4cc9-4fa4-a4ec-5bbb2a845ab6@group-4CB0FFEF757B-LeaderElection30] INFO  server.RaftServerConfigKeys (ConfUtils.java:logGet(44)) - raft.server.watch.timeout = 3000ms (custom)
2021-06-23 18:54:04,497 [b2abd95f-4cc9-4fa4-a4ec-5bbb2a845ab6@group-4CB0FFEF757B-LeaderElection30] INFO  server.RaftServerConfigKeys (ConfUtils.java:logGet(44)) - raft.server.watch.timeout.denomination = 1s (default)
2021-06-23 18:54:04,497 [b2abd95f-4cc9-4fa4-a4ec-5bbb2a845ab6@group-4CB0FFEF757B-LeaderElection30] INFO  server.RaftServerConfigKeys (ConfUtils.java:logGet(44)) - raft.server.watch.element-limit = 65536 (default)
2021-06-23 18:54:04,498 [b2abd95f-4cc9-4fa4-a4ec-5bbb2a845ab6@group-4CB0FFEF757B-LeaderElection30] INFO  impl.RoleInfo (RoleInfo.java:updateAndGet(130)) - b2abd95f-4cc9-4fa4-a4ec-5bbb2a845ab6: start b2abd95f-4cc9-4fa4-a4ec-5bbb2a845ab6@group-4CB0FFEF757B-LeaderStateImpl
2021-06-23 18:54:04,498 [b2abd95f-4cc9-4fa4-a4ec-5bbb2a845ab6@group-4CB0FFEF757B-LeaderElection30] INFO  segmented.SegmentedRaftLogWorker (SegmentedRaftLogWorker.java:startLogSegment(394)) - b2abd95f-4cc9-4fa4-a4ec-5bbb2a845ab6@group-4CB0FFEF757B-SegmentedRaftLogWorker: Starting segment from index:0
2021-06-23 18:54:04,499 [EventQueue-OpenPipelineForHealthyPipelineSafeModeRule] INFO  safemode.SCMSafeModeManager (HealthyPipelineSafeModeRule.java:process(124)) - SCM in safe mode. Healthy pipelines reported count is 0, required healthy pipeline reported count is 1
2021-06-23 18:54:04,499 [b2abd95f-4cc9-4fa4-a4ec-5bbb2a845ab6@group-4CB0FFEF757B-SegmentedRaftLogWorker] INFO  segmented.SegmentedRaftLogWorker (SegmentedRaftLogWorker.java:execute(601)) - b2abd95f-4cc9-4fa4-a4ec-5bbb2a845ab6@group-4CB0FFEF757B-SegmentedRaftLogWorker: created new log segment /home/runner/work/ozone/ozone/mnt/ozone/hadoop-ozone/integration-test/target/test-dir/MiniOzoneClusterImpl-2ba833d5-1ba9-439d-9c86-26ba043c4450/datanode-2/data/ratis/57f02850-cb1b-4437-8819-4cb0ffef757b/current/log_inprogress_0
2021-06-23 18:54:04,500 [f3d5ecac-0c0e-452b-b1da-f4ba84ea556e@group-81B64AF5C7B4-LeaderElection31] INFO  impl.LeaderElection (LeaderElection.java:askForVotes(306)) - f3d5ecac-0c0e-452b-b1da-f4ba84ea556e@group-81B64AF5C7B4-LeaderElection31 ELECTION round 0: submit vote requests at term 1 for -1: [3a42542b-a113-4e4a-912d-bb492a802489|rpc:10.1.0.43:38785|dataStream:|priority:0, 3b2fbf51-ff76-4a94-9ac6-cea2acf7cb68|rpc:10.1.0.43:38811|dataStream:|priority:1, f3d5ecac-0c0e-452b-b1da-f4ba84ea556e|rpc:10.1.0.43:40993|dataStream:|priority:0], old=null
2021-06-23 18:54:04,508 [b2abd95f-4cc9-4fa4-a4ec-5bbb2a845ab6@group-4CB0FFEF757B-LeaderElection30] INFO  server.RaftServer$Division (ServerState.java:setRaftConf(373)) - b2abd95f-4cc9-4fa4-a4ec-5bbb2a845ab6@group-4CB0FFEF757B: set configuration 0: [b2abd95f-4cc9-4fa4-a4ec-5bbb2a845ab6|rpc:10.1.0.43:35929|dataStream:|priority:1], old=null
2021-06-23 18:54:04,508 [3a42542b-a113-4e4a-912d-bb492a802489@group-81B64AF5C7B4-FollowerState] INFO  impl.FollowerState (FollowerState.java:run(134)) - 3a42542b-a113-4e4a-912d-bb492a802489@group-81B64AF5C7B4-FollowerState: change to CANDIDATE, lastRpcElapsedTime:5051150918ns, electionTimeout:5043ms
2021-06-23 18:54:04,508 [3a42542b-a113-4e4a-912d-bb492a802489@group-81B64AF5C7B4-FollowerState] INFO  impl.RoleInfo (RoleInfo.java:shutdownFollowerState(108)) - 3a42542b-a113-4e4a-912d-bb492a802489: shutdown 3a42542b-a113-4e4a-912d-bb492a802489@group-81B64AF5C7B4-FollowerState
2021-06-23 18:54:04,508 [3a42542b-a113-4e4a-912d-bb492a802489@group-81B64AF5C7B4-FollowerState] INFO  server.RaftServer$Division (RaftServerImpl.java:setRole(284)) - 3a42542b-a113-4e4a-912d-bb492a802489@group-81B64AF5C7B4: changes role from  FOLLOWER to CANDIDATE at term 0 for changeToCandidate
2021-06-23 18:54:04,510 [3a42542b-a113-4e4a-912d-bb492a802489@group-81B64AF5C7B4-FollowerState] INFO  server.RaftServerConfigKeys (ConfUtils.java:logGet(44)) - raft.server.leaderelection.pre-vote = false (custom)
2021-06-23 18:54:04,510 [3a42542b-a113-4e4a-912d-bb492a802489@group-81B64AF5C7B4-FollowerState] INFO  impl.RoleInfo (RoleInfo.java:updateAndGet(130)) - 3a42542b-a113-4e4a-912d-bb492a802489: start 3a42542b-a113-4e4a-912d-bb492a802489@group-81B64AF5C7B4-LeaderElection32
2021-06-23 18:54:04,532 [grpc-default-executor-3] INFO  metrics.RatisMetrics (RatisMetrics.java:lambda$create$0(36)) - Creating Metrics Registry : ratis.server_message_metrics.3b2fbf51-ff76-4a94-9ac6-cea2acf7cb68
2021-06-23 18:54:04,533 [grpc-default-executor-3] INFO  server.RaftServer$Division (RaftServerImpl.java:requestVote(1042)) - 3b2fbf51-ff76-4a94-9ac6-cea2acf7cb68@group-81B64AF5C7B4: receive requestVote(ELECTION, f3d5ecac-0c0e-452b-b1da-f4ba84ea556e, group-81B64AF5C7B4, 1, (t:0, i:0))
2021-06-23 18:54:04,533 [grpc-default-executor-3] INFO  impl.VoteContext (VoteContext.java:log(48)) - 3b2fbf51-ff76-4a94-9ac6-cea2acf7cb68@group-81B64AF5C7B4-FOLLOWER: reject ELECTION from f3d5ecac-0c0e-452b-b1da-f4ba84ea556e: our priority 1 > candidate's priority 0
2021-06-23 18:54:04,533 [grpc-default-executor-3] INFO  server.RaftServer$Division (RaftServerImpl.java:setRole(284)) - 3b2fbf51-ff76-4a94-9ac6-cea2acf7cb68@group-81B64AF5C7B4: changes role from  FOLLOWER to FOLLOWER at term 1 for candidate:f3d5ecac-0c0e-452b-b1da-f4ba84ea556e
2021-06-23 18:54:04,533 [grpc-default-executor-3] INFO  impl.RoleInfo (RoleInfo.java:shutdownFollowerState(108)) - 3b2fbf51-ff76-4a94-9ac6-cea2acf7cb68: shutdown 3b2fbf51-ff76-4a94-9ac6-cea2acf7cb68@group-81B64AF5C7B4-FollowerState
2021-06-23 18:54:04,533 [grpc-default-executor-3] INFO  impl.RoleInfo (RoleInfo.java:updateAndGet(130)) - 3b2fbf51-ff76-4a94-9ac6-cea2acf7cb68: start 3b2fbf51-ff76-4a94-9ac6-cea2acf7cb68@group-81B64AF5C7B4-FollowerState
2021-06-23 18:54:04,533 [3b2fbf51-ff76-4a94-9ac6-cea2acf7cb68@group-81B64AF5C7B4-FollowerState] INFO  impl.FollowerState (FollowerState.java:run(143)) - 3b2fbf51-ff76-4a94-9ac6-cea2acf7cb68@group-81B64AF5C7B4-FollowerState was interrupted: {}
java.lang.InterruptedException: sleep interrupted
	at java.lang.Thread.sleep(Native Method)
	at java.lang.Thread.sleep(Thread.java:340)
	at java.util.concurrent.TimeUnit.sleep(TimeUnit.java:386)
	at org.apache.ratis.util.TimeDuration.sleep(TimeDuration.java:324)
	at org.apache.ratis.util.TimeDuration.sleep(TimeDuration.java:309)
	at org.apache.ratis.server.impl.FollowerState.run(FollowerState.java:118)
2021-06-23 18:54:04,534 [3a42542b-a113-4e4a-912d-bb492a802489@group-81B64AF5C7B4-LeaderElection32] INFO  impl.LeaderElection (LeaderElection.java:askForVotes(306)) - 3a42542b-a113-4e4a-912d-bb492a802489@group-81B64AF5C7B4-LeaderElection32 ELECTION round 0: submit vote requests at term 1 for -1: [3a42542b-a113-4e4a-912d-bb492a802489|rpc:10.1.0.43:38785|dataStream:|priority:0, 3b2fbf51-ff76-4a94-9ac6-cea2acf7cb68|rpc:10.1.0.43:38811|dataStream:|priority:1, f3d5ecac-0c0e-452b-b1da-f4ba84ea556e|rpc:10.1.0.43:40993|dataStream:|priority:0], old=null
2021-06-23 18:54:04,535 [grpc-default-executor-3] INFO  server.RaftServer$Division (RaftServerImpl.java:requestVote(1074)) - 3b2fbf51-ff76-4a94-9ac6-cea2acf7cb68@group-81B64AF5C7B4 replies to ELECTION vote request: f3d5ecac-0c0e-452b-b1da-f4ba84ea556e<-3b2fbf51-ff76-4a94-9ac6-cea2acf7cb68#0:FAIL-t1. Peer's state: 3b2fbf51-ff76-4a94-9ac6-cea2acf7cb68@group-81B64AF5C7B4:t1, leader=null, voted=null, raftlog=3b2fbf51-ff76-4a94-9ac6-cea2acf7cb68@group-81B64AF5C7B4-SegmentedRaftLog:OPENED:c-1,f-1,i0, conf=-1: [3a42542b-a113-4e4a-912d-bb492a802489|rpc:10.1.0.43:38785|priority:0, 3b2fbf51-ff76-4a94-9ac6-cea2acf7cb68|rpc:10.1.0.43:38811|priority:1, f3d5ecac-0c0e-452b-b1da-f4ba84ea556e|rpc:10.1.0.43:40993|priority:0], old=null
2021-06-23 18:54:04,537 [3a42542b-a113-4e4a-912d-bb492a802489@group-392B48E86A6F-FollowerState] INFO  impl.FollowerState (FollowerState.java:run(134)) - 3a42542b-a113-4e4a-912d-bb492a802489@group-392B48E86A6F-FollowerState: change to CANDIDATE, lastRpcElapsedTime:5011771511ns, electionTimeout:5011ms
2021-06-23 18:54:04,537 [3a42542b-a113-4e4a-912d-bb492a802489@group-392B48E86A6F-FollowerState] INFO  impl.RoleInfo (RoleInfo.java:shutdownFollowerState(108)) - 3a42542b-a113-4e4a-912d-bb492a802489: shutdown 3a42542b-a113-4e4a-912d-bb492a802489@group-392B48E86A6F-FollowerState
2021-06-23 18:54:04,537 [3a42542b-a113-4e4a-912d-bb492a802489@group-392B48E86A6F-FollowerState] INFO  server.RaftServer$Division (RaftServerImpl.java:setRole(284)) - 3a42542b-a113-4e4a-912d-bb492a802489@group-392B48E86A6F: changes role from  FOLLOWER to CANDIDATE at term 0 for changeToCandidate
2021-06-23 18:54:04,538 [3a42542b-a113-4e4a-912d-bb492a802489@group-392B48E86A6F-FollowerState] INFO  server.RaftServerConfigKeys (ConfUtils.java:logGet(44)) - raft.server.leaderelection.pre-vote = false (custom)
2021-06-23 18:54:04,538 [3a42542b-a113-4e4a-912d-bb492a802489@group-392B48E86A6F-FollowerState] INFO  impl.RoleInfo (RoleInfo.java:updateAndGet(130)) - 3a42542b-a113-4e4a-912d-bb492a802489: start 3a42542b-a113-4e4a-912d-bb492a802489@group-392B48E86A6F-LeaderElection33
2021-06-23 18:54:04,546 [f3d5ecac-0c0e-452b-b1da-f4ba84ea556e@group-81B64AF5C7B4-LeaderElection31] INFO  impl.LeaderElection (LeaderElection.java:logAndReturn(89)) - f3d5ecac-0c0e-452b-b1da-f4ba84ea556e@group-81B64AF5C7B4-LeaderElection31: ELECTION REJECTED received 1 response(s) and 0 exception(s):
2021-06-23 18:54:04,546 [f3d5ecac-0c0e-452b-b1da-f4ba84ea556e@group-81B64AF5C7B4-LeaderElection31] INFO  impl.LeaderElection (LeaderElection.java:logAndReturn(93)) -   Response 0: f3d5ecac-0c0e-452b-b1da-f4ba84ea556e<-3b2fbf51-ff76-4a94-9ac6-cea2acf7cb68#0:FAIL-t1
2021-06-23 18:54:04,546 [f3d5ecac-0c0e-452b-b1da-f4ba84ea556e@group-81B64AF5C7B4-LeaderElection31] INFO  impl.LeaderElection (LeaderElection.java:askForVotes(308)) - f3d5ecac-0c0e-452b-b1da-f4ba84ea556e@group-81B64AF5C7B4-LeaderElection31 ELECTION round 0: result REJECTED
2021-06-23 18:54:04,546 [f3d5ecac-0c0e-452b-b1da-f4ba84ea556e@group-81B64AF5C7B4-LeaderElection31] INFO  server.RaftServer$Division (RaftServerImpl.java:setRole(284)) - f3d5ecac-0c0e-452b-b1da-f4ba84ea556e@group-81B64AF5C7B4: changes role from CANDIDATE to FOLLOWER at term 1 for REJECTED
2021-06-23 18:54:04,546 [f3d5ecac-0c0e-452b-b1da-f4ba84ea556e@group-81B64AF5C7B4-LeaderElection31] INFO  impl.RoleInfo (RoleInfo.java:shutdownLeaderElection(121)) - f3d5ecac-0c0e-452b-b1da-f4ba84ea556e: shutdown f3d5ecac-0c0e-452b-b1da-f4ba84ea556e@group-81B64AF5C7B4-LeaderElection31
2021-06-23 18:54:04,546 [f3d5ecac-0c0e-452b-b1da-f4ba84ea556e@group-81B64AF5C7B4-LeaderElection31] INFO  impl.RoleInfo (RoleInfo.java:updateAndGet(130)) - f3d5ecac-0c0e-452b-b1da-f4ba84ea556e: start f3d5ecac-0c0e-452b-b1da-f4ba84ea556e@group-81B64AF5C7B4-FollowerState
2021-06-23 18:54:04,547 [grpc-default-executor-3] INFO  server.RaftServer$Division (RaftServerImpl.java:requestVote(1042)) - 3b2fbf51-ff76-4a94-9ac6-cea2acf7cb68@group-81B64AF5C7B4: receive requestVote(ELECTION, 3a42542b-a113-4e4a-912d-bb492a802489, group-81B64AF5C7B4, 1, (t:0, i:0))
2021-06-23 18:54:04,547 [grpc-default-executor-3] INFO  impl.VoteContext (VoteContext.java:log(48)) - 3b2fbf51-ff76-4a94-9ac6-cea2acf7cb68@group-81B64AF5C7B4-FOLLOWER: reject ELECTION from 3a42542b-a113-4e4a-912d-bb492a802489: our priority 1 > candidate's priority 0
2021-06-23 18:54:04,547 [grpc-default-executor-3] INFO  server.RaftServer$Division (RaftServerImpl.java:setRole(284)) - 3b2fbf51-ff76-4a94-9ac6-cea2acf7cb68@group-81B64AF5C7B4: changes role from  FOLLOWER to FOLLOWER at term 1 for candidate:3a42542b-a113-4e4a-912d-bb492a802489
2021-06-23 18:54:04,547 [grpc-default-executor-3] INFO  impl.RoleInfo (RoleInfo.java:shutdownFollowerState(108)) - 3b2fbf51-ff76-4a94-9ac6-cea2acf7cb68: shutdown 3b2fbf51-ff76-4a94-9ac6-cea2acf7cb68@group-81B64AF5C7B4-FollowerState
2021-06-23 18:54:04,548 [3b2fbf51-ff76-4a94-9ac6-cea2acf7cb68@group-830F70CBBE22-FollowerState] INFO  impl.FollowerState (FollowerState.java:run(134)) - 3b2fbf51-ff76-4a94-9ac6-cea2acf7cb68@group-830F70CBBE22-FollowerState: change to CANDIDATE, lastRpcElapsedTime:5149377834ns, electionTimeout:5149ms
2021-06-23 18:54:04,548 [3b2fbf51-ff76-4a94-9ac6-cea2acf7cb68@group-830F70CBBE22-FollowerState] INFO  impl.RoleInfo (RoleInfo.java:shutdownFollowerState(108)) - 3b2fbf51-ff76-4a94-9ac6-cea2acf7cb68: shutdown 3b2fbf51-ff76-4a94-9ac6-cea2acf7cb68@group-830F70CBBE22-FollowerState
2021-06-23 18:54:04,548 [3b2fbf51-ff76-4a94-9ac6-cea2acf7cb68@group-830F70CBBE22-FollowerState] INFO  server.RaftServer$Division (RaftServerImpl.java:setRole(284)) - 3b2fbf51-ff76-4a94-9ac6-cea2acf7cb68@group-830F70CBBE22: changes role from  FOLLOWER to CANDIDATE at term 0 for changeToCandidate
2021-06-23 18:54:04,549 [grpc-default-executor-1] INFO  server.RaftServer$Division (RaftServerImpl.java:requestVote(1042)) - f3d5ecac-0c0e-452b-b1da-f4ba84ea556e@group-81B64AF5C7B4: receive requestVote(ELECTION, 3a42542b-a113-4e4a-912d-bb492a802489, group-81B64AF5C7B4, 1, (t:0, i:0))
2021-06-23 18:54:04,549 [grpc-default-executor-4] INFO  server.RaftServer$Division (RaftServerImpl.java:requestVote(1042)) - 3a42542b-a113-4e4a-912d-bb492a802489@group-81B64AF5C7B4: receive requestVote(ELECTION, f3d5ecac-0c0e-452b-b1da-f4ba84ea556e, group-81B64AF5C7B4, 1, (t:0, i:0))
2021-06-23 18:54:04,549 [grpc-default-executor-4] INFO  impl.VoteContext (VoteContext.java:log(48)) - 3a42542b-a113-4e4a-912d-bb492a802489@group-81B64AF5C7B4-CANDIDATE: reject ELECTION from f3d5ecac-0c0e-452b-b1da-f4ba84ea556e: already has voted for 3a42542b-a113-4e4a-912d-bb492a802489 at current term 1
2021-06-23 18:54:04,549 [grpc-default-executor-4] INFO  server.RaftServer$Division (RaftServerImpl.java:requestVote(1074)) - 3a42542b-a113-4e4a-912d-bb492a802489@group-81B64AF5C7B4 replies to ELECTION vote request: f3d5ecac-0c0e-452b-b1da-f4ba84ea556e<-3a42542b-a113-4e4a-912d-bb492a802489#0:FAIL-t1. Peer's state: 3a42542b-a113-4e4a-912d-bb492a802489@group-81B64AF5C7B4:t1, leader=null, voted=3a42542b-a113-4e4a-912d-bb492a802489, raftlog=3a42542b-a113-4e4a-912d-bb492a802489@group-81B64AF5C7B4-SegmentedRaftLog:OPENED:c-1,f-1,i0, conf=-1: [3a42542b-a113-4e4a-912d-bb492a802489|rpc:10.1.0.43:38785|dataStream:|priority:0, 3b2fbf51-ff76-4a94-9ac6-cea2acf7cb68|rpc:10.1.0.43:38811|dataStream:|priority:1, f3d5ecac-0c0e-452b-b1da-f4ba84ea556e|rpc:10.1.0.43:40993|dataStream:|priority:0], old=null
2021-06-23 18:54:04,554 [3b2fbf51-ff76-4a94-9ac6-cea2acf7cb68@group-81B64AF5C7B4-FollowerState] INFO  impl.FollowerState (FollowerState.java:run(143)) - 3b2fbf51-ff76-4a94-9ac6-cea2acf7cb68@group-81B64AF5C7B4-FollowerState was interrupted: {}
java.lang.InterruptedException: sleep interrupted
	at java.lang.Thread.sleep(Native Method)
	at java.lang.Thread.sleep(Thread.java:340)
	at java.util.concurrent.TimeUnit.sleep(TimeUnit.java:386)
	at org.apache.ratis.util.TimeDuration.sleep(TimeDuration.java:324)
	at org.apache.ratis.util.TimeDuration.sleep(TimeDuration.java:309)
	at org.apache.ratis.server.impl.FollowerState.run(FollowerState.java:118)
2021-06-23 18:54:04,554 [grpc-default-executor-3] INFO  impl.RoleInfo (RoleInfo.java:updateAndGet(130)) - 3b2fbf51-ff76-4a94-9ac6-cea2acf7cb68: start 3b2fbf51-ff76-4a94-9ac6-cea2acf7cb68@group-81B64AF5C7B4-FollowerState
2021-06-23 18:54:04,554 [3b2fbf51-ff76-4a94-9ac6-cea2acf7cb68@group-830F70CBBE22-FollowerState] INFO  server.RaftServerConfigKeys (ConfUtils.java:logGet(44)) - raft.server.leaderelection.pre-vote = false (custom)
2021-06-23 18:54:04,554 [3b2fbf51-ff76-4a94-9ac6-cea2acf7cb68@group-830F70CBBE22-FollowerState] INFO  impl.RoleInfo (RoleInfo.java:updateAndGet(130)) - 3b2fbf51-ff76-4a94-9ac6-cea2acf7cb68: start 3b2fbf51-ff76-4a94-9ac6-cea2acf7cb68@group-830F70CBBE22-LeaderElection34
2021-06-23 18:54:04,554 [grpc-default-executor-3] INFO  server.RaftServer$Division (RaftServerImpl.java:requestVote(1074)) - 3b2fbf51-ff76-4a94-9ac6-cea2acf7cb68@group-81B64AF5C7B4 replies to ELECTION vote request: 3a42542b-a113-4e4a-912d-bb492a802489<-3b2fbf51-ff76-4a94-9ac6-cea2acf7cb68#0:FAIL-t1. Peer's state: 3b2fbf51-ff76-4a94-9ac6-cea2acf7cb68@group-81B64AF5C7B4:t1, leader=null, voted=null, raftlog=3b2fbf51-ff76-4a94-9ac6-cea2acf7cb68@group-81B64AF5C7B4-SegmentedRaftLog:OPENED:c-1,f-1,i0, conf=-1: [3a42542b-a113-4e4a-912d-bb492a802489|rpc:10.1.0.43:38785|priority:0, 3b2fbf51-ff76-4a94-9ac6-cea2acf7cb68|rpc:10.1.0.43:38811|priority:1, f3d5ecac-0c0e-452b-b1da-f4ba84ea556e|rpc:10.1.0.43:40993|priority:0], old=null
2021-06-23 18:54:04,554 [3a42542b-a113-4e4a-912d-bb492a802489@group-392B48E86A6F-LeaderElection33] INFO  impl.LeaderElection (LeaderElection.java:askForVotes(306)) - 3a42542b-a113-4e4a-912d-bb492a802489@group-392B48E86A6F-LeaderElection33 ELECTION round 0: submit vote requests at term 1 for -1: [3a42542b-a113-4e4a-912d-bb492a802489|rpc:10.1.0.43:38785|priority:1], old=null
2021-06-23 18:54:04,554 [3a42542b-a113-4e4a-912d-bb492a802489@group-392B48E86A6F-LeaderElection33] INFO  impl.LeaderElection (LeaderElection.java:askForVotes(308)) - 3a42542b-a113-4e4a-912d-bb492a802489@group-392B48E86A6F-LeaderElection33 ELECTION round 0: result PASSED (term=1)
2021-06-23 18:54:04,554 [3a42542b-a113-4e4a-912d-bb492a802489@group-392B48E86A6F-LeaderElection33] INFO  impl.RoleInfo (RoleInfo.java:shutdownLeaderElection(121)) - 3a42542b-a113-4e4a-912d-bb492a802489: shutdown 3a42542b-a113-4e4a-912d-bb492a802489@group-392B48E86A6F-LeaderElection33
2021-06-23 18:54:04,554 [3a42542b-a113-4e4a-912d-bb492a802489@group-392B48E86A6F-LeaderElection33] INFO  server.RaftServer$Division (RaftServerImpl.java:setRole(284)) - 3a42542b-a113-4e4a-912d-bb492a802489@group-392B48E86A6F: changes role from CANDIDATE to LEADER at term 1 for changeToLeader
2021-06-23 18:54:04,554 [3a42542b-a113-4e4a-912d-bb492a802489@group-392B48E86A6F-LeaderElection33] INFO  ratis.XceiverServerRatis (XceiverServerRatis.java:handleLeaderChangedNotification(857)) - Leader change notification received for group: group-392B48E86A6F with new leaderId: 3a42542b-a113-4e4a-912d-bb492a802489
2021-06-23 18:54:04,554 [3a42542b-a113-4e4a-912d-bb492a802489@group-392B48E86A6F-LeaderElection33] INFO  server.RaftServer$Division (ServerState.java:setLeader(271)) - 3a42542b-a113-4e4a-912d-bb492a802489@group-392B48E86A6F: change Leader from null to 3a42542b-a113-4e4a-912d-bb492a802489 at term 1 for becomeLeader, leader elected after 5040ms
2021-06-23 18:54:04,554 [3a42542b-a113-4e4a-912d-bb492a802489@group-392B48E86A6F-LeaderElection33] INFO  server.RaftServerConfigKeys (ConfUtils.java:logGet(44)) - raft.server.staging.catchup.gap = 1000 (default)
2021-06-23 18:54:04,555 [3a42542b-a113-4e4a-912d-bb492a802489@group-392B48E86A6F-LeaderElection33] INFO  metrics.RatisMetrics (RatisMetrics.java:lambda$create$0(36)) - Creating Metrics Registry : ratis.log_appender.3a42542b-a113-4e4a-912d-bb492a802489@group-392B48E86A6F
2021-06-23 18:54:04,555 [3a42542b-a113-4e4a-912d-bb492a802489@group-392B48E86A6F-LeaderElection33] INFO  server.RaftServerConfigKeys (ConfUtils.java:logGet(44)) - raft.server.write.element-limit = 1024 (custom)
2021-06-23 18:54:04,555 [3a42542b-a113-4e4a-912d-bb492a802489@group-392B48E86A6F-LeaderElection33] INFO  server.RaftServerConfigKeys (ConfUtils.java:logGet(44)) - raft.server.write.byte-limit = 1073741824 (custom)
2021-06-23 18:54:04,555 [3a42542b-a113-4e4a-912d-bb492a802489@group-392B48E86A6F-LeaderElection33] INFO  server.RaftServerConfigKeys (ConfUtils.java:logGet(44)) - raft.server.watch.timeout = 3000ms (custom)
2021-06-23 18:54:04,555 [3a42542b-a113-4e4a-912d-bb492a802489@group-392B48E86A6F-LeaderElection33] INFO  server.RaftServerConfigKeys (ConfUtils.java:logGet(44)) - raft.server.watch.timeout.denomination = 1s (default)
2021-06-23 18:54:04,555 [3a42542b-a113-4e4a-912d-bb492a802489@group-392B48E86A6F-LeaderElection33] INFO  server.RaftServerConfigKeys (ConfUtils.java:logGet(44)) - raft.server.watch.element-limit = 65536 (default)
2021-06-23 18:54:04,555 [EventQueue-OpenPipelineForHealthyPipelineSafeModeRule] INFO  safemode.SCMSafeModeManager (HealthyPipelineSafeModeRule.java:process(124)) - SCM in safe mode. Healthy pipelines reported count is 0, required healthy pipeline reported count is 1
2021-06-23 18:54:04,556 [grpc-default-executor-1] INFO  impl.VoteContext (VoteContext.java:log(48)) - f3d5ecac-0c0e-452b-b1da-f4ba84ea556e@group-81B64AF5C7B4-FOLLOWER: reject ELECTION from 3a42542b-a113-4e4a-912d-bb492a802489: already has voted for f3d5ecac-0c0e-452b-b1da-f4ba84ea556e at current term 1
2021-06-23 18:54:04,556 [grpc-default-executor-1] INFO  server.RaftServer$Division (RaftServerImpl.java:requestVote(1074)) - f3d5ecac-0c0e-452b-b1da-f4ba84ea556e@group-81B64AF5C7B4 replies to ELECTION vote request: 3a42542b-a113-4e4a-912d-bb492a802489<-f3d5ecac-0c0e-452b-b1da-f4ba84ea556e#0:FAIL-t1. Peer's state: f3d5ecac-0c0e-452b-b1da-f4ba84ea556e@group-81B64AF5C7B4:t1, leader=null, voted=f3d5ecac-0c0e-452b-b1da-f4ba84ea556e, raftlog=f3d5ecac-0c0e-452b-b1da-f4ba84ea556e@group-81B64AF5C7B4-SegmentedRaftLog:OPENED:c-1,f-1,i0, conf=-1: [3a42542b-a113-4e4a-912d-bb492a802489|rpc:10.1.0.43:38785|dataStream:|priority:0, 3b2fbf51-ff76-4a94-9ac6-cea2acf7cb68|rpc:10.1.0.43:38811|dataStream:|priority:1, f3d5ecac-0c0e-452b-b1da-f4ba84ea556e|rpc:10.1.0.43:40993|dataStream:|priority:0], old=null
2021-06-23 18:54:04,559 [3a42542b-a113-4e4a-912d-bb492a802489@group-392B48E86A6F-LeaderElection33] INFO  impl.RoleInfo (RoleInfo.java:updateAndGet(130)) - 3a42542b-a113-4e4a-912d-bb492a802489: start 3a42542b-a113-4e4a-912d-bb492a802489@group-392B48E86A6F-LeaderStateImpl
2021-06-23 18:54:04,559 [3a42542b-a113-4e4a-912d-bb492a802489@group-81B64AF5C7B4-LeaderElection32] INFO  impl.LeaderElection (LeaderElection.java:logAndReturn(89)) - 3a42542b-a113-4e4a-912d-bb492a802489@group-81B64AF5C7B4-LeaderElection32: ELECTION REJECTED received 1 response(s) and 0 exception(s):
2021-06-23 18:54:04,559 [3a42542b-a113-4e4a-912d-bb492a802489@group-81B64AF5C7B4-LeaderElection32] INFO  impl.LeaderElection (LeaderElection.java:logAndReturn(93)) -   Response 0: 3a42542b-a113-4e4a-912d-bb492a802489<-3b2fbf51-ff76-4a94-9ac6-cea2acf7cb68#0:FAIL-t1
2021-06-23 18:54:04,559 [3a42542b-a113-4e4a-912d-bb492a802489@group-81B64AF5C7B4-LeaderElection32] INFO  impl.LeaderElection (LeaderElection.java:askForVotes(308)) - 3a42542b-a113-4e4a-912d-bb492a802489@group-81B64AF5C7B4-LeaderElection32 ELECTION round 0: result REJECTED
2021-06-23 18:54:04,559 [3a42542b-a113-4e4a-912d-bb492a802489@group-81B64AF5C7B4-LeaderElection32] INFO  server.RaftServer$Division (RaftServerImpl.java:setRole(284)) - 3a42542b-a113-4e4a-912d-bb492a802489@group-81B64AF5C7B4: changes role from CANDIDATE to FOLLOWER at term 1 for REJECTED
2021-06-23 18:54:04,559 [3a42542b-a113-4e4a-912d-bb492a802489@group-81B64AF5C7B4-LeaderElection32] INFO  impl.RoleInfo (RoleInfo.java:shutdownLeaderElection(121)) - 3a42542b-a113-4e4a-912d-bb492a802489: shutdown 3a42542b-a113-4e4a-912d-bb492a802489@group-81B64AF5C7B4-LeaderElection32
2021-06-23 18:54:04,559 [3a42542b-a113-4e4a-912d-bb492a802489@group-81B64AF5C7B4-LeaderElection32] INFO  impl.RoleInfo (RoleInfo.java:updateAndGet(130)) - 3a42542b-a113-4e4a-912d-bb492a802489: start 3a42542b-a113-4e4a-912d-bb492a802489@group-81B64AF5C7B4-FollowerState
2021-06-23 18:54:04,560 [3a42542b-a113-4e4a-912d-bb492a802489@group-392B48E86A6F-LeaderElection33] INFO  segmented.SegmentedRaftLogWorker (SegmentedRaftLogWorker.java:startLogSegment(394)) - 3a42542b-a113-4e4a-912d-bb492a802489@group-392B48E86A6F-SegmentedRaftLogWorker: Starting segment from index:0
2021-06-23 18:54:04,561 [3b2fbf51-ff76-4a94-9ac6-cea2acf7cb68@group-830F70CBBE22-LeaderElection34] INFO  impl.LeaderElection (LeaderElection.java:askForVotes(306)) - 3b2fbf51-ff76-4a94-9ac6-cea2acf7cb68@group-830F70CBBE22-LeaderElection34 ELECTION round 0: submit vote requests at term 1 for -1: [3b2fbf51-ff76-4a94-9ac6-cea2acf7cb68|rpc:10.1.0.43:38811|priority:1], old=null
2021-06-23 18:54:04,561 [3b2fbf51-ff76-4a94-9ac6-cea2acf7cb68@group-830F70CBBE22-LeaderElection34] INFO  impl.LeaderElection (LeaderElection.java:askForVotes(308)) - 3b2fbf51-ff76-4a94-9ac6-cea2acf7cb68@group-830F70CBBE22-LeaderElection34 ELECTION round 0: result PASSED (term=1)
2021-06-23 18:54:04,561 [3b2fbf51-ff76-4a94-9ac6-cea2acf7cb68@group-830F70CBBE22-LeaderElection34] INFO  impl.RoleInfo (RoleInfo.java:shutdownLeaderElection(121)) - 3b2fbf51-ff76-4a94-9ac6-cea2acf7cb68: shutdown 3b2fbf51-ff76-4a94-9ac6-cea2acf7cb68@group-830F70CBBE22-LeaderElection34
2021-06-23 18:54:04,561 [3b2fbf51-ff76-4a94-9ac6-cea2acf7cb68@group-830F70CBBE22-LeaderElection34] INFO  server.RaftServer$Division (RaftServerImpl.java:setRole(284)) - 3b2fbf51-ff76-4a94-9ac6-cea2acf7cb68@group-830F70CBBE22: changes role from CANDIDATE to LEADER at term 1 for changeToLeader
2021-06-23 18:54:04,561 [3b2fbf51-ff76-4a94-9ac6-cea2acf7cb68@group-830F70CBBE22-LeaderElection34] INFO  ratis.XceiverServerRatis (XceiverServerRatis.java:handleLeaderChangedNotification(857)) - Leader change notification received for group: group-830F70CBBE22 with new leaderId: 3b2fbf51-ff76-4a94-9ac6-cea2acf7cb68
2021-06-23 18:54:04,562 [3b2fbf51-ff76-4a94-9ac6-cea2acf7cb68@group-830F70CBBE22-LeaderElection34] INFO  server.RaftServer$Division (ServerState.java:setLeader(271)) - 3b2fbf51-ff76-4a94-9ac6-cea2acf7cb68@group-830F70CBBE22: change Leader from null to 3b2fbf51-ff76-4a94-9ac6-cea2acf7cb68 at term 1 for becomeLeader, leader elected after 5170ms
2021-06-23 18:54:04,562 [EventQueue-OpenPipelineForHealthyPipelineSafeModeRule] INFO  safemode.SCMSafeModeManager (HealthyPipelineSafeModeRule.java:process(124)) - SCM in safe mode. Healthy pipelines reported count is 0, required healthy pipeline reported count is 1
2021-06-23 18:54:04,563 [3b2fbf51-ff76-4a94-9ac6-cea2acf7cb68@group-830F70CBBE22-LeaderElection34] INFO  server.RaftServerConfigKeys (ConfUtils.java:logGet(44)) - raft.server.staging.catchup.gap = 1000 (default)
2021-06-23 18:54:04,563 [3a42542b-a113-4e4a-912d-bb492a802489@group-392B48E86A6F-SegmentedRaftLogWorker] INFO  segmented.SegmentedRaftLogWorker (SegmentedRaftLogWorker.java:execute(601)) - 3a42542b-a113-4e4a-912d-bb492a802489@group-392B48E86A6F-SegmentedRaftLogWorker: created new log segment /home/runner/work/ozone/ozone/mnt/ozone/hadoop-ozone/integration-test/target/test-dir/MiniOzoneClusterImpl-2ba833d5-1ba9-439d-9c86-26ba043c4450/datanode-4/data/ratis/9026efdf-d167-440b-98e8-392b48e86a6f/current/log_inprogress_0
2021-06-23 18:54:04,567 [3b2fbf51-ff76-4a94-9ac6-cea2acf7cb68@group-830F70CBBE22-LeaderElection34] INFO  metrics.RatisMetrics (RatisMetrics.java:lambda$create$0(36)) - Creating Metrics Registry : ratis.log_appender.3b2fbf51-ff76-4a94-9ac6-cea2acf7cb68@group-830F70CBBE22
2021-06-23 18:54:04,576 [3b2fbf51-ff76-4a94-9ac6-cea2acf7cb68@group-830F70CBBE22-LeaderElection34] INFO  server.RaftServerConfigKeys (ConfUtils.java:logGet(44)) - raft.server.write.element-limit = 1024 (custom)
2021-06-23 18:54:04,576 [3b2fbf51-ff76-4a94-9ac6-cea2acf7cb68@group-830F70CBBE22-LeaderElection34] INFO  server.RaftServerConfigKeys (ConfUtils.java:logGet(44)) - raft.server.write.byte-limit = 1073741824 (custom)
2021-06-23 18:54:04,576 [3b2fbf51-ff76-4a94-9ac6-cea2acf7cb68@group-830F70CBBE22-LeaderElection34] INFO  server.RaftServerConfigKeys (ConfUtils.java:logGet(44)) - raft.server.watch.timeout = 3000ms (custom)
2021-06-23 18:54:04,576 [3a42542b-a113-4e4a-912d-bb492a802489@group-392B48E86A6F-LeaderElection33] INFO  server.RaftServer$Division (ServerState.java:setRaftConf(373)) - 3a42542b-a113-4e4a-912d-bb492a802489@group-392B48E86A6F: set configuration 0: [3a42542b-a113-4e4a-912d-bb492a802489|rpc:10.1.0.43:38785|dataStream:|priority:1], old=null
2021-06-23 18:54:04,576 [3b2fbf51-ff76-4a94-9ac6-cea2acf7cb68@group-830F70CBBE22-LeaderElection34] INFO  server.RaftServerConfigKeys (ConfUtils.java:logGet(44)) - raft.server.watch.timeout.denomination = 1s (default)
2021-06-23 18:54:04,577 [3b2fbf51-ff76-4a94-9ac6-cea2acf7cb68@group-830F70CBBE22-LeaderElection34] INFO  server.RaftServerConfigKeys (ConfUtils.java:logGet(44)) - raft.server.watch.element-limit = 65536 (default)
2021-06-23 18:54:04,577 [3b2fbf51-ff76-4a94-9ac6-cea2acf7cb68@group-830F70CBBE22-LeaderElection34] INFO  impl.RoleInfo (RoleInfo.java:updateAndGet(130)) - 3b2fbf51-ff76-4a94-9ac6-cea2acf7cb68: start 3b2fbf51-ff76-4a94-9ac6-cea2acf7cb68@group-830F70CBBE22-LeaderStateImpl
2021-06-23 18:54:04,578 [3b2fbf51-ff76-4a94-9ac6-cea2acf7cb68@group-830F70CBBE22-LeaderElection34] INFO  segmented.SegmentedRaftLogWorker (SegmentedRaftLogWorker.java:startLogSegment(394)) - 3b2fbf51-ff76-4a94-9ac6-cea2acf7cb68@group-830F70CBBE22-SegmentedRaftLogWorker: Starting segment from index:0
2021-06-23 18:54:04,579 [3b2fbf51-ff76-4a94-9ac6-cea2acf7cb68@group-830F70CBBE22-SegmentedRaftLogWorker] INFO  segmented.SegmentedRaftLogWorker (SegmentedRaftLogWorker.java:execute(601)) - 3b2fbf51-ff76-4a94-9ac6-cea2acf7cb68@group-830F70CBBE22-SegmentedRaftLogWorker: created new log segment /home/runner/work/ozone/ozone/mnt/ozone/hadoop-ozone/integration-test/target/test-dir/MiniOzoneClusterImpl-2ba833d5-1ba9-439d-9c86-26ba043c4450/datanode-3/data/ratis/439239be-4ee5-400a-8383-830f70cbbe22/current/log_inprogress_0
2021-06-23 18:54:04,580 [3b2fbf51-ff76-4a94-9ac6-cea2acf7cb68@group-830F70CBBE22-LeaderElection34] INFO  server.RaftServer$Division (ServerState.java:setRaftConf(373)) - 3b2fbf51-ff76-4a94-9ac6-cea2acf7cb68@group-830F70CBBE22: set configuration 0: [3b2fbf51-ff76-4a94-9ac6-cea2acf7cb68|rpc:10.1.0.43:38811|dataStream:|priority:1], old=null
2021-06-23 18:54:04,767 [f3d5ecac-0c0e-452b-b1da-f4ba84ea556e@group-BDE01778DA23-FollowerState] INFO  impl.FollowerState (FollowerState.java:run(134)) - f3d5ecac-0c0e-452b-b1da-f4ba84ea556e@group-BDE01778DA23-FollowerState: change to CANDIDATE, lastRpcElapsedTime:5127931221ns, electionTimeout:5127ms
2021-06-23 18:54:04,767 [f3d5ecac-0c0e-452b-b1da-f4ba84ea556e@group-BDE01778DA23-FollowerState] INFO  impl.RoleInfo (RoleInfo.java:shutdownFollowerState(108)) - f3d5ecac-0c0e-452b-b1da-f4ba84ea556e: shutdown f3d5ecac-0c0e-452b-b1da-f4ba84ea556e@group-BDE01778DA23-FollowerState
2021-06-23 18:54:04,768 [f3d5ecac-0c0e-452b-b1da-f4ba84ea556e@group-BDE01778DA23-FollowerState] INFO  server.RaftServer$Division (RaftServerImpl.java:setRole(284)) - f3d5ecac-0c0e-452b-b1da-f4ba84ea556e@group-BDE01778DA23: changes role from  FOLLOWER to CANDIDATE at term 0 for changeToCandidate
2021-06-23 18:54:04,768 [f3d5ecac-0c0e-452b-b1da-f4ba84ea556e@group-BDE01778DA23-FollowerState] INFO  server.RaftServerConfigKeys (ConfUtils.java:logGet(44)) - raft.server.leaderelection.pre-vote = false (custom)
2021-06-23 18:54:04,768 [f3d5ecac-0c0e-452b-b1da-f4ba84ea556e@group-BDE01778DA23-FollowerState] INFO  impl.RoleInfo (RoleInfo.java:updateAndGet(130)) - f3d5ecac-0c0e-452b-b1da-f4ba84ea556e: start f3d5ecac-0c0e-452b-b1da-f4ba84ea556e@group-BDE01778DA23-LeaderElection35
2021-06-23 18:54:04,771 [f3d5ecac-0c0e-452b-b1da-f4ba84ea556e@group-BDE01778DA23-LeaderElection35] INFO  impl.LeaderElection (LeaderElection.java:askForVotes(306)) - f3d5ecac-0c0e-452b-b1da-f4ba84ea556e@group-BDE01778DA23-LeaderElection35 ELECTION round 0: submit vote requests at term 1 for -1: [f3d5ecac-0c0e-452b-b1da-f4ba84ea556e|rpc:10.1.0.43:40993|priority:1], old=null
2021-06-23 18:54:04,771 [f3d5ecac-0c0e-452b-b1da-f4ba84ea556e@group-BDE01778DA23-LeaderElection35] INFO  impl.LeaderElection (LeaderElection.java:askForVotes(308)) - f3d5ecac-0c0e-452b-b1da-f4ba84ea556e@group-BDE01778DA23-LeaderElection35 ELECTION round 0: result PASSED (term=1)
2021-06-23 18:54:04,771 [f3d5ecac-0c0e-452b-b1da-f4ba84ea556e@group-BDE01778DA23-LeaderElection35] INFO  impl.RoleInfo (RoleInfo.java:shutdownLeaderElection(121)) - f3d5ecac-0c0e-452b-b1da-f4ba84ea556e: shutdown f3d5ecac-0c0e-452b-b1da-f4ba84ea556e@group-BDE01778DA23-LeaderElection35
2021-06-23 18:54:04,771 [f3d5ecac-0c0e-452b-b1da-f4ba84ea556e@group-BDE01778DA23-LeaderElection35] INFO  server.RaftServer$Division (RaftServerImpl.java:setRole(284)) - f3d5ecac-0c0e-452b-b1da-f4ba84ea556e@group-BDE01778DA23: changes role from CANDIDATE to LEADER at term 1 for changeToLeader
2021-06-23 18:54:04,771 [f3d5ecac-0c0e-452b-b1da-f4ba84ea556e@group-BDE01778DA23-LeaderElection35] INFO  ratis.XceiverServerRatis (XceiverServerRatis.java:handleLeaderChangedNotification(857)) - Leader change notification received for group: group-BDE01778DA23 with new leaderId: f3d5ecac-0c0e-452b-b1da-f4ba84ea556e
2021-06-23 18:54:04,772 [f3d5ecac-0c0e-452b-b1da-f4ba84ea556e@group-BDE01778DA23-LeaderElection35] INFO  server.RaftServer$Division (ServerState.java:setLeader(271)) - f3d5ecac-0c0e-452b-b1da-f4ba84ea556e@group-BDE01778DA23: change Leader from null to f3d5ecac-0c0e-452b-b1da-f4ba84ea556e at term 1 for becomeLeader, leader elected after 5139ms
2021-06-23 18:54:04,772 [f3d5ecac-0c0e-452b-b1da-f4ba84ea556e@group-BDE01778DA23-LeaderElection35] INFO  server.RaftServerConfigKeys (ConfUtils.java:logGet(44)) - raft.server.staging.catchup.gap = 1000 (default)
2021-06-23 18:54:04,772 [f3d5ecac-0c0e-452b-b1da-f4ba84ea556e@group-BDE01778DA23-LeaderElection35] INFO  metrics.RatisMetrics (RatisMetrics.java:lambda$create$0(36)) - Creating Metrics Registry : ratis.log_appender.f3d5ecac-0c0e-452b-b1da-f4ba84ea556e@group-BDE01778DA23
2021-06-23 18:54:04,772 [f3d5ecac-0c0e-452b-b1da-f4ba84ea556e@group-BDE01778DA23-LeaderElection35] INFO  server.RaftServerConfigKeys (ConfUtils.java:logGet(44)) - raft.server.write.element-limit = 1024 (custom)
2021-06-23 18:54:04,772 [f3d5ecac-0c0e-452b-b1da-f4ba84ea556e@group-BDE01778DA23-LeaderElection35] INFO  server.RaftServerConfigKeys (ConfUtils.java:logGet(44)) - raft.server.write.byte-limit = 1073741824 (custom)
2021-06-23 18:54:04,772 [f3d5ecac-0c0e-452b-b1da-f4ba84ea556e@group-BDE01778DA23-LeaderElection35] INFO  server.RaftServerConfigKeys (ConfUtils.java:logGet(44)) - raft.server.watch.timeout = 3000ms (custom)
2021-06-23 18:54:04,772 [f3d5ecac-0c0e-452b-b1da-f4ba84ea556e@group-BDE01778DA23-LeaderElection35] INFO  server.RaftServerConfigKeys (ConfUtils.java:logGet(44)) - raft.server.watch.timeout.denomination = 1s (default)
2021-06-23 18:54:04,772 [f3d5ecac-0c0e-452b-b1da-f4ba84ea556e@group-BDE01778DA23-LeaderElection35] INFO  server.RaftServerConfigKeys (ConfUtils.java:logGet(44)) - raft.server.watch.element-limit = 65536 (default)
2021-06-23 18:54:04,773 [EventQueue-OpenPipelineForHealthyPipelineSafeModeRule] INFO  safemode.SCMSafeModeManager (HealthyPipelineSafeModeRule.java:process(124)) - SCM in safe mode. Healthy pipelines reported count is 0, required healthy pipeline reported count is 1
2021-06-23 18:54:04,773 [f3d5ecac-0c0e-452b-b1da-f4ba84ea556e@group-BDE01778DA23-LeaderElection35] INFO  impl.RoleInfo (RoleInfo.java:updateAndGet(130)) - f3d5ecac-0c0e-452b-b1da-f4ba84ea556e: start f3d5ecac-0c0e-452b-b1da-f4ba84ea556e@group-BDE01778DA23-LeaderStateImpl
2021-06-23 18:54:04,774 [f3d5ecac-0c0e-452b-b1da-f4ba84ea556e@group-BDE01778DA23-LeaderElection35] INFO  segmented.SegmentedRaftLogWorker (SegmentedRaftLogWorker.java:startLogSegment(394)) - f3d5ecac-0c0e-452b-b1da-f4ba84ea556e@group-BDE01778DA23-SegmentedRaftLogWorker: Starting segment from index:0
2021-06-23 18:54:04,780 [f3d5ecac-0c0e-452b-b1da-f4ba84ea556e@group-BDE01778DA23-LeaderElection35] INFO  server.RaftServer$Division (ServerState.java:setRaftConf(373)) - f3d5ecac-0c0e-452b-b1da-f4ba84ea556e@group-BDE01778DA23: set configuration 0: [f3d5ecac-0c0e-452b-b1da-f4ba84ea556e|rpc:10.1.0.43:40993|dataStream:|priority:1], old=null
2021-06-23 18:54:04,780 [f3d5ecac-0c0e-452b-b1da-f4ba84ea556e@group-BDE01778DA23-SegmentedRaftLogWorker] INFO  segmented.SegmentedRaftLogWorker (SegmentedRaftLogWorker.java:execute(601)) - f3d5ecac-0c0e-452b-b1da-f4ba84ea556e@group-BDE01778DA23-SegmentedRaftLogWorker: created new log segment /home/runner/work/ozone/ozone/mnt/ozone/hadoop-ozone/integration-test/target/test-dir/MiniOzoneClusterImpl-2ba833d5-1ba9-439d-9c86-26ba043c4450/datanode-5/data/ratis/0f2c3a2d-ab8b-4489-969e-bde01778da23/current/log_inprogress_0
2021-06-23 18:54:04,889 [c3729649-2bd6-4731-9653-79fd1afe8c9e@group-2DE7CEC348BC-FollowerState] INFO  impl.FollowerState (FollowerState.java:run(134)) - c3729649-2bd6-4731-9653-79fd1afe8c9e@group-2DE7CEC348BC-FollowerState: change to CANDIDATE, lastRpcElapsedTime:5013231019ns, electionTimeout:5011ms
2021-06-23 18:54:04,889 [c3729649-2bd6-4731-9653-79fd1afe8c9e@group-2DE7CEC348BC-FollowerState] INFO  impl.RoleInfo (RoleInfo.java:shutdownFollowerState(108)) - c3729649-2bd6-4731-9653-79fd1afe8c9e: shutdown c3729649-2bd6-4731-9653-79fd1afe8c9e@group-2DE7CEC348BC-FollowerState
2021-06-23 18:54:04,889 [c3729649-2bd6-4731-9653-79fd1afe8c9e@group-2DE7CEC348BC-FollowerState] INFO  server.RaftServer$Division (RaftServerImpl.java:setRole(284)) - c3729649-2bd6-4731-9653-79fd1afe8c9e@group-2DE7CEC348BC: changes role from  FOLLOWER to CANDIDATE at term 0 for changeToCandidate
2021-06-23 18:54:04,890 [c3729649-2bd6-4731-9653-79fd1afe8c9e@group-2DE7CEC348BC-FollowerState] INFO  server.RaftServerConfigKeys (ConfUtils.java:logGet(44)) - raft.server.leaderelection.pre-vote = false (custom)
2021-06-23 18:54:04,890 [c3729649-2bd6-4731-9653-79fd1afe8c9e@group-2DE7CEC348BC-FollowerState] INFO  impl.RoleInfo (RoleInfo.java:updateAndGet(130)) - c3729649-2bd6-4731-9653-79fd1afe8c9e: start c3729649-2bd6-4731-9653-79fd1afe8c9e@group-2DE7CEC348BC-LeaderElection36
2021-06-23 18:54:04,896 [c3729649-2bd6-4731-9653-79fd1afe8c9e@group-2DE7CEC348BC-LeaderElection36] INFO  impl.LeaderElection (LeaderElection.java:askForVotes(306)) - c3729649-2bd6-4731-9653-79fd1afe8c9e@group-2DE7CEC348BC-LeaderElection36 ELECTION round 0: submit vote requests at term 1 for -1: [6bd27ae7-81f7-4e18-bc38-6f66a3d01c25|rpc:10.1.0.43:36253|dataStream:|priority:1, b5670674-baf7-4651-a658-bd3fb004b3cf|rpc:10.1.0.43:37311|dataStream:|priority:0, c3729649-2bd6-4731-9653-79fd1afe8c9e|rpc:10.1.0.43:39095|dataStream:|priority:0], old=null
2021-06-23 18:54:04,904 [grpc-default-executor-1] INFO  metrics.RatisMetrics (RatisMetrics.java:lambda$create$0(36)) - Creating Metrics Registry : ratis.server_message_metrics.b5670674-baf7-4651-a658-bd3fb004b3cf
2021-06-23 18:54:04,905 [grpc-default-executor-1] INFO  server.RaftServer$Division (RaftServerImpl.java:requestVote(1042)) - b5670674-baf7-4651-a658-bd3fb004b3cf@group-2DE7CEC348BC: receive requestVote(ELECTION, c3729649-2bd6-4731-9653-79fd1afe8c9e, group-2DE7CEC348BC, 1, (t:0, i:0))
2021-06-23 18:54:04,905 [grpc-default-executor-1] INFO  impl.VoteContext (VoteContext.java:log(48)) - b5670674-baf7-4651-a658-bd3fb004b3cf@group-2DE7CEC348BC-FOLLOWER: accept ELECTION from c3729649-2bd6-4731-9653-79fd1afe8c9e: our priority 0 <= candidate's priority 0
2021-06-23 18:54:04,905 [grpc-default-executor-1] INFO  server.RaftServer$Division (RaftServerImpl.java:setRole(284)) - b5670674-baf7-4651-a658-bd3fb004b3cf@group-2DE7CEC348BC: changes role from  FOLLOWER to FOLLOWER at term 1 for candidate:c3729649-2bd6-4731-9653-79fd1afe8c9e
2021-06-23 18:54:04,906 [grpc-default-executor-1] INFO  impl.RoleInfo (RoleInfo.java:shutdownFollowerState(108)) - b5670674-baf7-4651-a658-bd3fb004b3cf: shutdown b5670674-baf7-4651-a658-bd3fb004b3cf@group-2DE7CEC348BC-FollowerState
2021-06-23 18:54:04,906 [grpc-default-executor-1] INFO  impl.RoleInfo (RoleInfo.java:updateAndGet(130)) - b5670674-baf7-4651-a658-bd3fb004b3cf: start b5670674-baf7-4651-a658-bd3fb004b3cf@group-2DE7CEC348BC-FollowerState
2021-06-23 18:54:04,906 [b5670674-baf7-4651-a658-bd3fb004b3cf@group-2DE7CEC348BC-FollowerState] INFO  impl.FollowerState (FollowerState.java:run(143)) - b5670674-baf7-4651-a658-bd3fb004b3cf@group-2DE7CEC348BC-FollowerState was interrupted: {}
java.lang.InterruptedException: sleep interrupted
	at java.lang.Thread.sleep(Native Method)
	at java.lang.Thread.sleep(Thread.java:340)
	at java.util.concurrent.TimeUnit.sleep(TimeUnit.java:386)
	at org.apache.ratis.util.TimeDuration.sleep(TimeDuration.java:324)
	at org.apache.ratis.util.TimeDuration.sleep(TimeDuration.java:309)
	at org.apache.ratis.server.impl.FollowerState.run(FollowerState.java:118)
2021-06-23 18:54:04,907 [grpc-default-executor-1] INFO  server.RaftServer$Division (RaftServerImpl.java:requestVote(1074)) - b5670674-baf7-4651-a658-bd3fb004b3cf@group-2DE7CEC348BC replies to ELECTION vote request: c3729649-2bd6-4731-9653-79fd1afe8c9e<-b5670674-baf7-4651-a658-bd3fb004b3cf#0:OK-t1. Peer's state: b5670674-baf7-4651-a658-bd3fb004b3cf@group-2DE7CEC348BC:t1, leader=null, voted=c3729649-2bd6-4731-9653-79fd1afe8c9e, raftlog=b5670674-baf7-4651-a658-bd3fb004b3cf@group-2DE7CEC348BC-SegmentedRaftLog:OPENED:c-1,f-1,i0, conf=-1: [6bd27ae7-81f7-4e18-bc38-6f66a3d01c25|rpc:10.1.0.43:36253|priority:1, b5670674-baf7-4651-a658-bd3fb004b3cf|rpc:10.1.0.43:37311|priority:0, c3729649-2bd6-4731-9653-79fd1afe8c9e|rpc:10.1.0.43:39095|priority:0], old=null
2021-06-23 18:54:04,907 [b5670674-baf7-4651-a658-bd3fb004b3cf@group-CE9E2CAF0213-FollowerState] INFO  impl.FollowerState (FollowerState.java:run(134)) - b5670674-baf7-4651-a658-bd3fb004b3cf@group-CE9E2CAF0213-FollowerState: change to CANDIDATE, lastRpcElapsedTime:5110413729ns, electionTimeout:5109ms
2021-06-23 18:54:04,907 [b5670674-baf7-4651-a658-bd3fb004b3cf@group-CE9E2CAF0213-FollowerState] INFO  impl.RoleInfo (RoleInfo.java:shutdownFollowerState(108)) - b5670674-baf7-4651-a658-bd3fb004b3cf: shutdown b5670674-baf7-4651-a658-bd3fb004b3cf@group-CE9E2CAF0213-FollowerState
2021-06-23 18:54:04,907 [b5670674-baf7-4651-a658-bd3fb004b3cf@group-CE9E2CAF0213-FollowerState] INFO  server.RaftServer$Division (RaftServerImpl.java:setRole(284)) - b5670674-baf7-4651-a658-bd3fb004b3cf@group-CE9E2CAF0213: changes role from  FOLLOWER to CANDIDATE at term 0 for changeToCandidate
2021-06-23 18:54:04,910 [b5670674-baf7-4651-a658-bd3fb004b3cf@group-CE9E2CAF0213-FollowerState] INFO  server.RaftServerConfigKeys (ConfUtils.java:logGet(44)) - raft.server.leaderelection.pre-vote = false (custom)
2021-06-23 18:54:04,910 [b5670674-baf7-4651-a658-bd3fb004b3cf@group-CE9E2CAF0213-FollowerState] INFO  impl.RoleInfo (RoleInfo.java:updateAndGet(130)) - b5670674-baf7-4651-a658-bd3fb004b3cf: start b5670674-baf7-4651-a658-bd3fb004b3cf@group-CE9E2CAF0213-LeaderElection37
2021-06-23 18:54:04,912 [grpc-default-executor-3] INFO  server.RaftServer$Division (RaftServerImpl.java:requestVote(1042)) - 6bd27ae7-81f7-4e18-bc38-6f66a3d01c25@group-2DE7CEC348BC: receive requestVote(ELECTION, c3729649-2bd6-4731-9653-79fd1afe8c9e, group-2DE7CEC348BC, 1, (t:0, i:0))
2021-06-23 18:54:04,913 [grpc-default-executor-3] INFO  impl.VoteContext (VoteContext.java:log(48)) - 6bd27ae7-81f7-4e18-bc38-6f66a3d01c25@group-2DE7CEC348BC-FOLLOWER: reject ELECTION from c3729649-2bd6-4731-9653-79fd1afe8c9e: our priority 1 > candidate's priority 0
2021-06-23 18:54:04,913 [grpc-default-executor-3] INFO  server.RaftServer$Division (RaftServerImpl.java:setRole(284)) - 6bd27ae7-81f7-4e18-bc38-6f66a3d01c25@group-2DE7CEC348BC: changes role from  FOLLOWER to FOLLOWER at term 1 for candidate:c3729649-2bd6-4731-9653-79fd1afe8c9e
2021-06-23 18:54:04,913 [grpc-default-executor-3] INFO  impl.RoleInfo (RoleInfo.java:shutdownFollowerState(108)) - 6bd27ae7-81f7-4e18-bc38-6f66a3d01c25: shutdown 6bd27ae7-81f7-4e18-bc38-6f66a3d01c25@group-2DE7CEC348BC-FollowerState
2021-06-23 18:54:04,913 [grpc-default-executor-3] INFO  impl.RoleInfo (RoleInfo.java:updateAndGet(130)) - 6bd27ae7-81f7-4e18-bc38-6f66a3d01c25: start 6bd27ae7-81f7-4e18-bc38-6f66a3d01c25@group-2DE7CEC348BC-FollowerState
2021-06-23 18:54:04,923 [6bd27ae7-81f7-4e18-bc38-6f66a3d01c25@group-2DE7CEC348BC-FollowerState] INFO  impl.FollowerState (FollowerState.java:run(143)) - 6bd27ae7-81f7-4e18-bc38-6f66a3d01c25@group-2DE7CEC348BC-FollowerState was interrupted: {}
java.lang.InterruptedException: sleep interrupted
	at java.lang.Thread.sleep(Native Method)
	at java.lang.Thread.sleep(Thread.java:340)
	at java.util.concurrent.TimeUnit.sleep(TimeUnit.java:386)
	at org.apache.ratis.util.TimeDuration.sleep(TimeDuration.java:324)
	at org.apache.ratis.util.TimeDuration.sleep(TimeDuration.java:309)
	at org.apache.ratis.server.impl.FollowerState.run(FollowerState.java:118)
2021-06-23 18:54:04,923 [grpc-default-executor-3] INFO  server.RaftServer$Division (RaftServerImpl.java:requestVote(1074)) - 6bd27ae7-81f7-4e18-bc38-6f66a3d01c25@group-2DE7CEC348BC replies to ELECTION vote request: c3729649-2bd6-4731-9653-79fd1afe8c9e<-6bd27ae7-81f7-4e18-bc38-6f66a3d01c25#0:FAIL-t1. Peer's state: 6bd27ae7-81f7-4e18-bc38-6f66a3d01c25@group-2DE7CEC348BC:t1, leader=null, voted=null, raftlog=6bd27ae7-81f7-4e18-bc38-6f66a3d01c25@group-2DE7CEC348BC-SegmentedRaftLog:OPENED:c-1,f-1,i0, conf=-1: [6bd27ae7-81f7-4e18-bc38-6f66a3d01c25|rpc:10.1.0.43:36253|dataStream:|priority:1, b5670674-baf7-4651-a658-bd3fb004b3cf|rpc:10.1.0.43:37311|dataStream:|priority:0, c3729649-2bd6-4731-9653-79fd1afe8c9e|rpc:10.1.0.43:39095|dataStream:|priority:0], old=null
2021-06-23 18:54:04,925 [b5670674-baf7-4651-a658-bd3fb004b3cf@group-CE9E2CAF0213-LeaderElection37] INFO  impl.LeaderElection (LeaderElection.java:askForVotes(306)) - b5670674-baf7-4651-a658-bd3fb004b3cf@group-CE9E2CAF0213-LeaderElection37 ELECTION round 0: submit vote requests at term 1 for -1: [b5670674-baf7-4651-a658-bd3fb004b3cf|rpc:10.1.0.43:37311|priority:1], old=null
2021-06-23 18:54:04,925 [b5670674-baf7-4651-a658-bd3fb004b3cf@group-CE9E2CAF0213-LeaderElection37] INFO  impl.LeaderElection (LeaderElection.java:askForVotes(308)) - b5670674-baf7-4651-a658-bd3fb004b3cf@group-CE9E2CAF0213-LeaderElection37 ELECTION round 0: result PASSED (term=1)
2021-06-23 18:54:04,925 [b5670674-baf7-4651-a658-bd3fb004b3cf@group-CE9E2CAF0213-LeaderElection37] INFO  impl.RoleInfo (RoleInfo.java:shutdownLeaderElection(121)) - b5670674-baf7-4651-a658-bd3fb004b3cf: shutdown b5670674-baf7-4651-a658-bd3fb004b3cf@group-CE9E2CAF0213-LeaderElection37
2021-06-23 18:54:04,925 [b5670674-baf7-4651-a658-bd3fb004b3cf@group-CE9E2CAF0213-LeaderElection37] INFO  server.RaftServer$Division (RaftServerImpl.java:setRole(284)) - b5670674-baf7-4651-a658-bd3fb004b3cf@group-CE9E2CAF0213: changes role from CANDIDATE to LEADER at term 1 for changeToLeader
2021-06-23 18:54:04,925 [b5670674-baf7-4651-a658-bd3fb004b3cf@group-CE9E2CAF0213-LeaderElection37] INFO  ratis.XceiverServerRatis (XceiverServerRatis.java:handleLeaderChangedNotification(857)) - Leader change notification received for group: group-CE9E2CAF0213 with new leaderId: b5670674-baf7-4651-a658-bd3fb004b3cf
2021-06-23 18:54:04,925 [b5670674-baf7-4651-a658-bd3fb004b3cf@group-CE9E2CAF0213-LeaderElection37] INFO  server.RaftServer$Division (ServerState.java:setLeader(271)) - b5670674-baf7-4651-a658-bd3fb004b3cf@group-CE9E2CAF0213: change Leader from null to b5670674-baf7-4651-a658-bd3fb004b3cf at term 1 for becomeLeader, leader elected after 5144ms
2021-06-23 18:54:04,925 [b5670674-baf7-4651-a658-bd3fb004b3cf@group-CE9E2CAF0213-LeaderElection37] INFO  server.RaftServerConfigKeys (ConfUtils.java:logGet(44)) - raft.server.staging.catchup.gap = 1000 (default)
2021-06-23 18:54:04,925 [b5670674-baf7-4651-a658-bd3fb004b3cf@group-CE9E2CAF0213-LeaderElection37] INFO  metrics.RatisMetrics (RatisMetrics.java:lambda$create$0(36)) - Creating Metrics Registry : ratis.log_appender.b5670674-baf7-4651-a658-bd3fb004b3cf@group-CE9E2CAF0213
2021-06-23 18:54:04,925 [b5670674-baf7-4651-a658-bd3fb004b3cf@group-CE9E2CAF0213-LeaderElection37] INFO  server.RaftServerConfigKeys (ConfUtils.java:logGet(44)) - raft.server.write.element-limit = 1024 (custom)
2021-06-23 18:54:04,925 [b5670674-baf7-4651-a658-bd3fb004b3cf@group-CE9E2CAF0213-LeaderElection37] INFO  server.RaftServerConfigKeys (ConfUtils.java:logGet(44)) - raft.server.write.byte-limit = 1073741824 (custom)
2021-06-23 18:54:04,926 [b5670674-baf7-4651-a658-bd3fb004b3cf@group-CE9E2CAF0213-LeaderElection37] INFO  server.RaftServerConfigKeys (ConfUtils.java:logGet(44)) - raft.server.watch.timeout = 3000ms (custom)
2021-06-23 18:54:04,926 [b5670674-baf7-4651-a658-bd3fb004b3cf@group-CE9E2CAF0213-LeaderElection37] INFO  server.RaftServerConfigKeys (ConfUtils.java:logGet(44)) - raft.server.watch.timeout.denomination = 1s (default)
2021-06-23 18:54:04,926 [b5670674-baf7-4651-a658-bd3fb004b3cf@group-CE9E2CAF0213-LeaderElection37] INFO  server.RaftServerConfigKeys (ConfUtils.java:logGet(44)) - raft.server.watch.element-limit = 65536 (default)
2021-06-23 18:54:04,926 [b5670674-baf7-4651-a658-bd3fb004b3cf@group-CE9E2CAF0213-LeaderElection37] INFO  impl.RoleInfo (RoleInfo.java:updateAndGet(130)) - b5670674-baf7-4651-a658-bd3fb004b3cf: start b5670674-baf7-4651-a658-bd3fb004b3cf@group-CE9E2CAF0213-LeaderStateImpl
2021-06-23 18:54:04,926 [b5670674-baf7-4651-a658-bd3fb004b3cf@group-CE9E2CAF0213-LeaderElection37] INFO  segmented.SegmentedRaftLogWorker (SegmentedRaftLogWorker.java:startLogSegment(394)) - b5670674-baf7-4651-a658-bd3fb004b3cf@group-CE9E2CAF0213-SegmentedRaftLogWorker: Starting segment from index:0
2021-06-23 18:54:04,927 [c3729649-2bd6-4731-9653-79fd1afe8c9e@group-2DE7CEC348BC-LeaderElection36] INFO  impl.LeaderElection (LeaderElection.java:logAndReturn(89)) - c3729649-2bd6-4731-9653-79fd1afe8c9e@group-2DE7CEC348BC-LeaderElection36: ELECTION REJECTED received 2 response(s) and 0 exception(s):
2021-06-23 18:54:04,927 [c3729649-2bd6-4731-9653-79fd1afe8c9e@group-2DE7CEC348BC-LeaderElection36] INFO  impl.LeaderElection (LeaderElection.java:logAndReturn(93)) -   Response 0: c3729649-2bd6-4731-9653-79fd1afe8c9e<-6bd27ae7-81f7-4e18-bc38-6f66a3d01c25#0:FAIL-t1
2021-06-23 18:54:04,927 [c3729649-2bd6-4731-9653-79fd1afe8c9e@group-2DE7CEC348BC-LeaderElection36] INFO  impl.LeaderElection (LeaderElection.java:logAndReturn(93)) -   Response 1: c3729649-2bd6-4731-9653-79fd1afe8c9e<-b5670674-baf7-4651-a658-bd3fb004b3cf#0:OK-t1
2021-06-23 18:54:04,927 [c3729649-2bd6-4731-9653-79fd1afe8c9e@group-2DE7CEC348BC-LeaderElection36] INFO  impl.LeaderElection (LeaderElection.java:askForVotes(308)) - c3729649-2bd6-4731-9653-79fd1afe8c9e@group-2DE7CEC348BC-LeaderElection36 ELECTION round 0: result REJECTED
2021-06-23 18:54:04,927 [c3729649-2bd6-4731-9653-79fd1afe8c9e@group-2DE7CEC348BC-LeaderElection36] INFO  server.RaftServer$Division (RaftServerImpl.java:setRole(284)) - c3729649-2bd6-4731-9653-79fd1afe8c9e@group-2DE7CEC348BC: changes role from CANDIDATE to FOLLOWER at term 1 for REJECTED
2021-06-23 18:54:04,927 [c3729649-2bd6-4731-9653-79fd1afe8c9e@group-2DE7CEC348BC-LeaderElection36] INFO  impl.RoleInfo (RoleInfo.java:shutdownLeaderElection(121)) - c3729649-2bd6-4731-9653-79fd1afe8c9e: shutdown c3729649-2bd6-4731-9653-79fd1afe8c9e@group-2DE7CEC348BC-LeaderElection36
2021-06-23 18:54:04,927 [c3729649-2bd6-4731-9653-79fd1afe8c9e@group-2DE7CEC348BC-LeaderElection36] INFO  impl.RoleInfo (RoleInfo.java:updateAndGet(130)) - c3729649-2bd6-4731-9653-79fd1afe8c9e: start c3729649-2bd6-4731-9653-79fd1afe8c9e@group-2DE7CEC348BC-FollowerState
2021-06-23 18:54:04,928 [b5670674-baf7-4651-a658-bd3fb004b3cf@group-CE9E2CAF0213-SegmentedRaftLogWorker] INFO  segmented.SegmentedRaftLogWorker (SegmentedRaftLogWorker.java:execute(601)) - b5670674-baf7-4651-a658-bd3fb004b3cf@group-CE9E2CAF0213-SegmentedRaftLogWorker: created new log segment /home/runner/work/ozone/ozone/mnt/ozone/hadoop-ozone/integration-test/target/test-dir/MiniOzoneClusterImpl-2ba833d5-1ba9-439d-9c86-26ba043c4450/datanode-6/data/ratis/69abac1d-6099-4564-9181-ce9e2caf0213/current/log_inprogress_0
2021-06-23 18:54:04,929 [EventQueue-OpenPipelineForHealthyPipelineSafeModeRule] INFO  safemode.SCMSafeModeManager (HealthyPipelineSafeModeRule.java:process(124)) - SCM in safe mode. Healthy pipelines reported count is 0, required healthy pipeline reported count is 1
2021-06-23 18:54:04,936 [b5670674-baf7-4651-a658-bd3fb004b3cf@group-CE9E2CAF0213-LeaderElection37] INFO  server.RaftServer$Division (ServerState.java:setRaftConf(373)) - b5670674-baf7-4651-a658-bd3fb004b3cf@group-CE9E2CAF0213: set configuration 0: [b5670674-baf7-4651-a658-bd3fb004b3cf|rpc:10.1.0.43:37311|dataStream:|priority:1], old=null
2021-06-23 18:54:05,001 [Listener at 127.0.0.1/35407] INFO  ozone.MiniOzoneClusterImpl (MiniOzoneClusterImpl.java:lambda$waitForClusterToBeReady$0(227)) - Nodes are ready. Got 9 of 9 DN Heartbeats.
2021-06-23 18:54:05,002 [Listener at 127.0.0.1/35407] INFO  ozone.MiniOzoneClusterImpl (MiniOzoneClusterImpl.java:lambda$waitForClusterToBeReady$0(230)) - Waiting for cluster to exit safe mode
2021-06-23 18:54:05,002 [Listener at 127.0.0.1/35407] INFO  ozone.MiniOzoneClusterImpl (MiniOzoneClusterImpl.java:lambda$waitForClusterToBeReady$0(232)) - SCM became leader
2021-06-23 18:54:05,065 [6bd27ae7-81f7-4e18-bc38-6f66a3d01c25@group-940FA5E2F0D0-FollowerState] INFO  impl.FollowerState (FollowerState.java:run(134)) - 6bd27ae7-81f7-4e18-bc38-6f66a3d01c25@group-940FA5E2F0D0-FollowerState: change to CANDIDATE, lastRpcElapsedTime:5042798373ns, electionTimeout:5042ms
2021-06-23 18:54:05,066 [6bd27ae7-81f7-4e18-bc38-6f66a3d01c25@group-940FA5E2F0D0-FollowerState] INFO  impl.RoleInfo (RoleInfo.java:shutdownFollowerState(108)) - 6bd27ae7-81f7-4e18-bc38-6f66a3d01c25: shutdown 6bd27ae7-81f7-4e18-bc38-6f66a3d01c25@group-940FA5E2F0D0-FollowerState
2021-06-23 18:54:05,066 [6bd27ae7-81f7-4e18-bc38-6f66a3d01c25@group-940FA5E2F0D0-FollowerState] INFO  server.RaftServer$Division (RaftServerImpl.java:setRole(284)) - 6bd27ae7-81f7-4e18-bc38-6f66a3d01c25@group-940FA5E2F0D0: changes role from  FOLLOWER to CANDIDATE at term 0 for changeToCandidate
2021-06-23 18:54:05,066 [6bd27ae7-81f7-4e18-bc38-6f66a3d01c25@group-940FA5E2F0D0-FollowerState] INFO  server.RaftServerConfigKeys (ConfUtils.java:logGet(44)) - raft.server.leaderelection.pre-vote = false (custom)
2021-06-23 18:54:05,066 [6bd27ae7-81f7-4e18-bc38-6f66a3d01c25@group-940FA5E2F0D0-FollowerState] INFO  impl.RoleInfo (RoleInfo.java:updateAndGet(130)) - 6bd27ae7-81f7-4e18-bc38-6f66a3d01c25: start 6bd27ae7-81f7-4e18-bc38-6f66a3d01c25@group-940FA5E2F0D0-LeaderElection38
2021-06-23 18:54:05,069 [6bd27ae7-81f7-4e18-bc38-6f66a3d01c25@group-940FA5E2F0D0-LeaderElection38] INFO  impl.LeaderElection (LeaderElection.java:askForVotes(306)) - 6bd27ae7-81f7-4e18-bc38-6f66a3d01c25@group-940FA5E2F0D0-LeaderElection38 ELECTION round 0: submit vote requests at term 1 for -1: [6bd27ae7-81f7-4e18-bc38-6f66a3d01c25|rpc:10.1.0.43:36253|priority:1], old=null
2021-06-23 18:54:05,069 [6bd27ae7-81f7-4e18-bc38-6f66a3d01c25@group-940FA5E2F0D0-LeaderElection38] INFO  impl.LeaderElection (LeaderElection.java:askForVotes(308)) - 6bd27ae7-81f7-4e18-bc38-6f66a3d01c25@group-940FA5E2F0D0-LeaderElection38 ELECTION round 0: result PASSED (term=1)
2021-06-23 18:54:05,069 [6bd27ae7-81f7-4e18-bc38-6f66a3d01c25@group-940FA5E2F0D0-LeaderElection38] INFO  impl.RoleInfo (RoleInfo.java:shutdownLeaderElection(121)) - 6bd27ae7-81f7-4e18-bc38-6f66a3d01c25: shutdown 6bd27ae7-81f7-4e18-bc38-6f66a3d01c25@group-940FA5E2F0D0-LeaderElection38
2021-06-23 18:54:05,069 [6bd27ae7-81f7-4e18-bc38-6f66a3d01c25@group-940FA5E2F0D0-LeaderElection38] INFO  server.RaftServer$Division (RaftServerImpl.java:setRole(284)) - 6bd27ae7-81f7-4e18-bc38-6f66a3d01c25@group-940FA5E2F0D0: changes role from CANDIDATE to LEADER at term 1 for changeToLeader
2021-06-23 18:54:05,069 [6bd27ae7-81f7-4e18-bc38-6f66a3d01c25@group-940FA5E2F0D0-LeaderElection38] INFO  ratis.XceiverServerRatis (XceiverServerRatis.java:handleLeaderChangedNotification(857)) - Leader change notification received for group: group-940FA5E2F0D0 with new leaderId: 6bd27ae7-81f7-4e18-bc38-6f66a3d01c25
2021-06-23 18:54:05,069 [6bd27ae7-81f7-4e18-bc38-6f66a3d01c25@group-940FA5E2F0D0-LeaderElection38] INFO  server.RaftServer$Division (ServerState.java:setLeader(271)) - 6bd27ae7-81f7-4e18-bc38-6f66a3d01c25@group-940FA5E2F0D0: change Leader from null to 6bd27ae7-81f7-4e18-bc38-6f66a3d01c25 at term 1 for becomeLeader, leader elected after 5056ms
2021-06-23 18:54:05,070 [6bd27ae7-81f7-4e18-bc38-6f66a3d01c25@group-940FA5E2F0D0-LeaderElection38] INFO  server.RaftServerConfigKeys (ConfUtils.java:logGet(44)) - raft.server.staging.catchup.gap = 1000 (default)
2021-06-23 18:54:05,070 [6bd27ae7-81f7-4e18-bc38-6f66a3d01c25@group-940FA5E2F0D0-LeaderElection38] INFO  metrics.RatisMetrics (RatisMetrics.java:lambda$create$0(36)) - Creating Metrics Registry : ratis.log_appender.6bd27ae7-81f7-4e18-bc38-6f66a3d01c25@group-940FA5E2F0D0
2021-06-23 18:54:05,071 [EventQueue-OpenPipelineForHealthyPipelineSafeModeRule] INFO  safemode.SCMSafeModeManager (HealthyPipelineSafeModeRule.java:process(124)) - SCM in safe mode. Healthy pipelines reported count is 0, required healthy pipeline reported count is 1
2021-06-23 18:54:05,071 [6bd27ae7-81f7-4e18-bc38-6f66a3d01c25@group-940FA5E2F0D0-LeaderElection38] INFO  server.RaftServerConfigKeys (ConfUtils.java:logGet(44)) - raft.server.write.element-limit = 1024 (custom)
2021-06-23 18:54:05,071 [6bd27ae7-81f7-4e18-bc38-6f66a3d01c25@group-940FA5E2F0D0-LeaderElection38] INFO  server.RaftServerConfigKeys (ConfUtils.java:logGet(44)) - raft.server.write.byte-limit = 1073741824 (custom)
2021-06-23 18:54:05,071 [6bd27ae7-81f7-4e18-bc38-6f66a3d01c25@group-940FA5E2F0D0-LeaderElection38] INFO  server.RaftServerConfigKeys (ConfUtils.java:logGet(44)) - raft.server.watch.timeout = 3000ms (custom)
2021-06-23 18:54:05,071 [6bd27ae7-81f7-4e18-bc38-6f66a3d01c25@group-940FA5E2F0D0-LeaderElection38] INFO  server.RaftServerConfigKeys (ConfUtils.java:logGet(44)) - raft.server.watch.timeout.denomination = 1s (default)
2021-06-23 18:54:05,071 [6bd27ae7-81f7-4e18-bc38-6f66a3d01c25@group-940FA5E2F0D0-LeaderElection38] INFO  server.RaftServerConfigKeys (ConfUtils.java:logGet(44)) - raft.server.watch.element-limit = 65536 (default)
2021-06-23 18:54:05,071 [6bd27ae7-81f7-4e18-bc38-6f66a3d01c25@group-940FA5E2F0D0-LeaderElection38] INFO  impl.RoleInfo (RoleInfo.java:updateAndGet(130)) - 6bd27ae7-81f7-4e18-bc38-6f66a3d01c25: start 6bd27ae7-81f7-4e18-bc38-6f66a3d01c25@group-940FA5E2F0D0-LeaderStateImpl
2021-06-23 18:54:05,072 [6bd27ae7-81f7-4e18-bc38-6f66a3d01c25@group-940FA5E2F0D0-LeaderElection38] INFO  segmented.SegmentedRaftLogWorker (SegmentedRaftLogWorker.java:startLogSegment(394)) - 6bd27ae7-81f7-4e18-bc38-6f66a3d01c25@group-940FA5E2F0D0-SegmentedRaftLogWorker: Starting segment from index:0
2021-06-23 18:54:05,073 [6bd27ae7-81f7-4e18-bc38-6f66a3d01c25@group-940FA5E2F0D0-LeaderElection38] INFO  server.RaftServer$Division (ServerState.java:setRaftConf(373)) - 6bd27ae7-81f7-4e18-bc38-6f66a3d01c25@group-940FA5E2F0D0: set configuration 0: [6bd27ae7-81f7-4e18-bc38-6f66a3d01c25|rpc:10.1.0.43:36253|dataStream:|priority:1], old=null
2021-06-23 18:54:05,073 [6bd27ae7-81f7-4e18-bc38-6f66a3d01c25@group-940FA5E2F0D0-SegmentedRaftLogWorker] INFO  segmented.SegmentedRaftLogWorker (SegmentedRaftLogWorker.java:execute(601)) - 6bd27ae7-81f7-4e18-bc38-6f66a3d01c25@group-940FA5E2F0D0-SegmentedRaftLogWorker: created new log segment /home/runner/work/ozone/ozone/mnt/ozone/hadoop-ozone/integration-test/target/test-dir/MiniOzoneClusterImpl-2ba833d5-1ba9-439d-9c86-26ba043c4450/datanode-8/data/ratis/b4a3887d-c972-409b-a2d6-940fa5e2f0d0/current/log_inprogress_0
2021-06-23 18:54:05,088 [c3729649-2bd6-4731-9653-79fd1afe8c9e@group-8C28114A7F16-FollowerState] INFO  impl.FollowerState (FollowerState.java:run(134)) - c3729649-2bd6-4731-9653-79fd1afe8c9e@group-8C28114A7F16-FollowerState: change to CANDIDATE, lastRpcElapsedTime:5185261122ns, electionTimeout:5184ms
2021-06-23 18:54:05,088 [c3729649-2bd6-4731-9653-79fd1afe8c9e@group-8C28114A7F16-FollowerState] INFO  impl.RoleInfo (RoleInfo.java:shutdownFollowerState(108)) - c3729649-2bd6-4731-9653-79fd1afe8c9e: shutdown c3729649-2bd6-4731-9653-79fd1afe8c9e@group-8C28114A7F16-FollowerState
2021-06-23 18:54:05,088 [c3729649-2bd6-4731-9653-79fd1afe8c9e@group-8C28114A7F16-FollowerState] INFO  server.RaftServer$Division (RaftServerImpl.java:setRole(284)) - c3729649-2bd6-4731-9653-79fd1afe8c9e@group-8C28114A7F16: changes role from  FOLLOWER to CANDIDATE at term 0 for changeToCandidate
2021-06-23 18:54:05,088 [c3729649-2bd6-4731-9653-79fd1afe8c9e@group-8C28114A7F16-FollowerState] INFO  server.RaftServerConfigKeys (ConfUtils.java:logGet(44)) - raft.server.leaderelection.pre-vote = false (custom)
2021-06-23 18:54:05,088 [c3729649-2bd6-4731-9653-79fd1afe8c9e@group-8C28114A7F16-FollowerState] INFO  impl.RoleInfo (RoleInfo.java:updateAndGet(130)) - c3729649-2bd6-4731-9653-79fd1afe8c9e: start c3729649-2bd6-4731-9653-79fd1afe8c9e@group-8C28114A7F16-LeaderElection39
2021-06-23 18:54:05,090 [c3729649-2bd6-4731-9653-79fd1afe8c9e@group-8C28114A7F16-LeaderElection39] INFO  impl.LeaderElection (LeaderElection.java:askForVotes(306)) - c3729649-2bd6-4731-9653-79fd1afe8c9e@group-8C28114A7F16-LeaderElection39 ELECTION round 0: submit vote requests at term 1 for -1: [c3729649-2bd6-4731-9653-79fd1afe8c9e|rpc:10.1.0.43:39095|priority:1], old=null
2021-06-23 18:54:05,090 [c3729649-2bd6-4731-9653-79fd1afe8c9e@group-8C28114A7F16-LeaderElection39] INFO  impl.LeaderElection (LeaderElection.java:askForVotes(308)) - c3729649-2bd6-4731-9653-79fd1afe8c9e@group-8C28114A7F16-LeaderElection39 ELECTION round 0: result PASSED (term=1)
2021-06-23 18:54:05,090 [c3729649-2bd6-4731-9653-79fd1afe8c9e@group-8C28114A7F16-LeaderElection39] INFO  impl.RoleInfo (RoleInfo.java:shutdownLeaderElection(121)) - c3729649-2bd6-4731-9653-79fd1afe8c9e: shutdown c3729649-2bd6-4731-9653-79fd1afe8c9e@group-8C28114A7F16-LeaderElection39
2021-06-23 18:54:05,090 [c3729649-2bd6-4731-9653-79fd1afe8c9e@group-8C28114A7F16-LeaderElection39] INFO  server.RaftServer$Division (RaftServerImpl.java:setRole(284)) - c3729649-2bd6-4731-9653-79fd1afe8c9e@group-8C28114A7F16: changes role from CANDIDATE to LEADER at term 1 for changeToLeader
2021-06-23 18:54:05,090 [c3729649-2bd6-4731-9653-79fd1afe8c9e@group-8C28114A7F16-LeaderElection39] INFO  ratis.XceiverServerRatis (XceiverServerRatis.java:handleLeaderChangedNotification(857)) - Leader change notification received for group: group-8C28114A7F16 with new leaderId: c3729649-2bd6-4731-9653-79fd1afe8c9e
2021-06-23 18:54:05,091 [c3729649-2bd6-4731-9653-79fd1afe8c9e@group-8C28114A7F16-LeaderElection39] INFO  server.RaftServer$Division (ServerState.java:setLeader(271)) - c3729649-2bd6-4731-9653-79fd1afe8c9e@group-8C28114A7F16: change Leader from null to c3729649-2bd6-4731-9653-79fd1afe8c9e at term 1 for becomeLeader, leader elected after 5192ms
2021-06-23 18:54:05,091 [c3729649-2bd6-4731-9653-79fd1afe8c9e@group-8C28114A7F16-LeaderElection39] INFO  server.RaftServerConfigKeys (ConfUtils.java:logGet(44)) - raft.server.staging.catchup.gap = 1000 (default)
2021-06-23 18:54:05,091 [c3729649-2bd6-4731-9653-79fd1afe8c9e@group-8C28114A7F16-LeaderElection39] INFO  metrics.RatisMetrics (RatisMetrics.java:lambda$create$0(36)) - Creating Metrics Registry : ratis.log_appender.c3729649-2bd6-4731-9653-79fd1afe8c9e@group-8C28114A7F16
2021-06-23 18:54:05,091 [c3729649-2bd6-4731-9653-79fd1afe8c9e@group-8C28114A7F16-LeaderElection39] INFO  server.RaftServerConfigKeys (ConfUtils.java:logGet(44)) - raft.server.write.element-limit = 1024 (custom)
2021-06-23 18:54:05,091 [c3729649-2bd6-4731-9653-79fd1afe8c9e@group-8C28114A7F16-LeaderElection39] INFO  server.RaftServerConfigKeys (ConfUtils.java:logGet(44)) - raft.server.write.byte-limit = 1073741824 (custom)
2021-06-23 18:54:05,091 [c3729649-2bd6-4731-9653-79fd1afe8c9e@group-8C28114A7F16-LeaderElection39] INFO  server.RaftServerConfigKeys (ConfUtils.java:logGet(44)) - raft.server.watch.timeout = 3000ms (custom)
2021-06-23 18:54:05,091 [EventQueue-OpenPipelineForHealthyPipelineSafeModeRule] INFO  safemode.SCMSafeModeManager (HealthyPipelineSafeModeRule.java:process(124)) - SCM in safe mode. Healthy pipelines reported count is 0, required healthy pipeline reported count is 1
2021-06-23 18:54:05,091 [c3729649-2bd6-4731-9653-79fd1afe8c9e@group-8C28114A7F16-LeaderElection39] INFO  server.RaftServerConfigKeys (ConfUtils.java:logGet(44)) - raft.server.watch.timeout.denomination = 1s (default)
2021-06-23 18:54:05,092 [c3729649-2bd6-4731-9653-79fd1afe8c9e@group-8C28114A7F16-LeaderElection39] INFO  server.RaftServerConfigKeys (ConfUtils.java:logGet(44)) - raft.server.watch.element-limit = 65536 (default)
2021-06-23 18:54:05,092 [c3729649-2bd6-4731-9653-79fd1afe8c9e@group-8C28114A7F16-LeaderElection39] INFO  impl.RoleInfo (RoleInfo.java:updateAndGet(130)) - c3729649-2bd6-4731-9653-79fd1afe8c9e: start c3729649-2bd6-4731-9653-79fd1afe8c9e@group-8C28114A7F16-LeaderStateImpl
2021-06-23 18:54:05,092 [c3729649-2bd6-4731-9653-79fd1afe8c9e@group-8C28114A7F16-LeaderElection39] INFO  segmented.SegmentedRaftLogWorker (SegmentedRaftLogWorker.java:startLogSegment(394)) - c3729649-2bd6-4731-9653-79fd1afe8c9e@group-8C28114A7F16-SegmentedRaftLogWorker: Starting segment from index:0
2021-06-23 18:54:05,096 [c3729649-2bd6-4731-9653-79fd1afe8c9e@group-8C28114A7F16-LeaderElection39] INFO  server.RaftServer$Division (ServerState.java:setRaftConf(373)) - c3729649-2bd6-4731-9653-79fd1afe8c9e@group-8C28114A7F16: set configuration 0: [c3729649-2bd6-4731-9653-79fd1afe8c9e|rpc:10.1.0.43:39095|dataStream:|priority:1], old=null
2021-06-23 18:54:05,097 [c3729649-2bd6-4731-9653-79fd1afe8c9e@group-8C28114A7F16-SegmentedRaftLogWorker] INFO  segmented.SegmentedRaftLogWorker (SegmentedRaftLogWorker.java:execute(601)) - c3729649-2bd6-4731-9653-79fd1afe8c9e@group-8C28114A7F16-SegmentedRaftLogWorker: created new log segment /home/runner/work/ozone/ozone/mnt/ozone/hadoop-ozone/integration-test/target/test-dir/MiniOzoneClusterImpl-2ba833d5-1ba9-439d-9c86-26ba043c4450/datanode-7/data/ratis/f3ce1326-5d0f-43b0-93b2-8c28114a7f16/current/log_inprogress_0
2021-06-23 18:54:06,002 [Listener at 127.0.0.1/35407] INFO  ozone.MiniOzoneClusterImpl (MiniOzoneClusterImpl.java:lambda$waitForClusterToBeReady$0(227)) - Nodes are ready. Got 9 of 9 DN Heartbeats.
2021-06-23 18:54:06,002 [Listener at 127.0.0.1/35407] INFO  ozone.MiniOzoneClusterImpl (MiniOzoneClusterImpl.java:lambda$waitForClusterToBeReady$0(230)) - Waiting for cluster to exit safe mode
2021-06-23 18:54:06,002 [Listener at 127.0.0.1/35407] INFO  ozone.MiniOzoneClusterImpl (MiniOzoneClusterImpl.java:lambda$waitForClusterToBeReady$0(232)) - SCM became leader
2021-06-23 18:54:07,003 [Listener at 127.0.0.1/35407] INFO  ozone.MiniOzoneClusterImpl (MiniOzoneClusterImpl.java:lambda$waitForClusterToBeReady$0(227)) - Nodes are ready. Got 9 of 9 DN Heartbeats.
2021-06-23 18:54:07,003 [Listener at 127.0.0.1/35407] INFO  ozone.MiniOzoneClusterImpl (MiniOzoneClusterImpl.java:lambda$waitForClusterToBeReady$0(230)) - Waiting for cluster to exit safe mode
2021-06-23 18:54:07,003 [Listener at 127.0.0.1/35407] INFO  ozone.MiniOzoneClusterImpl (MiniOzoneClusterImpl.java:lambda$waitForClusterToBeReady$0(232)) - SCM became leader
2021-06-23 18:54:08,003 [Listener at 127.0.0.1/35407] INFO  ozone.MiniOzoneClusterImpl (MiniOzoneClusterImpl.java:lambda$waitForClusterToBeReady$0(227)) - Nodes are ready. Got 9 of 9 DN Heartbeats.
2021-06-23 18:54:08,004 [Listener at 127.0.0.1/35407] INFO  ozone.MiniOzoneClusterImpl (MiniOzoneClusterImpl.java:lambda$waitForClusterToBeReady$0(230)) - Waiting for cluster to exit safe mode
2021-06-23 18:54:08,004 [Listener at 127.0.0.1/35407] INFO  ozone.MiniOzoneClusterImpl (MiniOzoneClusterImpl.java:lambda$waitForClusterToBeReady$0(232)) - SCM became leader
2021-06-23 18:54:09,004 [Listener at 127.0.0.1/35407] INFO  ozone.MiniOzoneClusterImpl (MiniOzoneClusterImpl.java:lambda$waitForClusterToBeReady$0(227)) - Nodes are ready. Got 9 of 9 DN Heartbeats.
2021-06-23 18:54:09,004 [Listener at 127.0.0.1/35407] INFO  ozone.MiniOzoneClusterImpl (MiniOzoneClusterImpl.java:lambda$waitForClusterToBeReady$0(230)) - Waiting for cluster to exit safe mode
2021-06-23 18:54:09,004 [Listener at 127.0.0.1/35407] INFO  ozone.MiniOzoneClusterImpl (MiniOzoneClusterImpl.java:lambda$waitForClusterToBeReady$0(232)) - SCM became leader
2021-06-23 18:54:09,163 [e477ba1d-11c9-4e24-a1b5-67f71d65ae03@group-DD3CD69E62EB-FollowerState] INFO  impl.FollowerState (FollowerState.java:run(134)) - e477ba1d-11c9-4e24-a1b5-67f71d65ae03@group-DD3CD69E62EB-FollowerState: change to CANDIDATE, lastRpcElapsedTime:5012418210ns, electionTimeout:5008ms
2021-06-23 18:54:09,163 [e477ba1d-11c9-4e24-a1b5-67f71d65ae03@group-DD3CD69E62EB-FollowerState] INFO  impl.RoleInfo (RoleInfo.java:shutdownFollowerState(108)) - e477ba1d-11c9-4e24-a1b5-67f71d65ae03: shutdown e477ba1d-11c9-4e24-a1b5-67f71d65ae03@group-DD3CD69E62EB-FollowerState
2021-06-23 18:54:09,163 [e477ba1d-11c9-4e24-a1b5-67f71d65ae03@group-DD3CD69E62EB-FollowerState] INFO  server.RaftServer$Division (RaftServerImpl.java:setRole(284)) - e477ba1d-11c9-4e24-a1b5-67f71d65ae03@group-DD3CD69E62EB: changes role from  FOLLOWER to CANDIDATE at term 1 for changeToCandidate
2021-06-23 18:54:09,164 [e477ba1d-11c9-4e24-a1b5-67f71d65ae03@group-DD3CD69E62EB-FollowerState] INFO  server.RaftServerConfigKeys (ConfUtils.java:logGet(44)) - raft.server.leaderelection.pre-vote = false (custom)
2021-06-23 18:54:09,164 [e477ba1d-11c9-4e24-a1b5-67f71d65ae03@group-DD3CD69E62EB-FollowerState] INFO  impl.RoleInfo (RoleInfo.java:updateAndGet(130)) - e477ba1d-11c9-4e24-a1b5-67f71d65ae03: start e477ba1d-11c9-4e24-a1b5-67f71d65ae03@group-DD3CD69E62EB-LeaderElection40
2021-06-23 18:54:09,166 [e477ba1d-11c9-4e24-a1b5-67f71d65ae03@group-DD3CD69E62EB-LeaderElection40] INFO  impl.LeaderElection (LeaderElection.java:askForVotes(306)) - e477ba1d-11c9-4e24-a1b5-67f71d65ae03@group-DD3CD69E62EB-LeaderElection40 ELECTION round 0: submit vote requests at term 2 for -1: [4a750d61-24e5-43ec-8266-94d98c9b7420|rpc:10.1.0.43:40063|dataStream:|priority:0, e477ba1d-11c9-4e24-a1b5-67f71d65ae03|rpc:10.1.0.43:46371|dataStream:|priority:1, b2abd95f-4cc9-4fa4-a4ec-5bbb2a845ab6|rpc:10.1.0.43:35929|dataStream:|priority:0], old=null
2021-06-23 18:54:09,172 [grpc-default-executor-3] INFO  server.RaftServer$Division (RaftServerImpl.java:requestVote(1042)) - b2abd95f-4cc9-4fa4-a4ec-5bbb2a845ab6@group-DD3CD69E62EB: receive requestVote(ELECTION, e477ba1d-11c9-4e24-a1b5-67f71d65ae03, group-DD3CD69E62EB, 2, (t:0, i:0))
2021-06-23 18:54:09,173 [grpc-default-executor-3] INFO  impl.VoteContext (VoteContext.java:log(48)) - b2abd95f-4cc9-4fa4-a4ec-5bbb2a845ab6@group-DD3CD69E62EB-FOLLOWER: accept ELECTION from e477ba1d-11c9-4e24-a1b5-67f71d65ae03: our priority 0 <= candidate's priority 1
2021-06-23 18:54:09,173 [grpc-default-executor-3] INFO  server.RaftServer$Division (RaftServerImpl.java:setRole(284)) - b2abd95f-4cc9-4fa4-a4ec-5bbb2a845ab6@group-DD3CD69E62EB: changes role from  FOLLOWER to FOLLOWER at term 2 for candidate:e477ba1d-11c9-4e24-a1b5-67f71d65ae03
2021-06-23 18:54:09,173 [grpc-default-executor-3] INFO  impl.RoleInfo (RoleInfo.java:shutdownFollowerState(108)) - b2abd95f-4cc9-4fa4-a4ec-5bbb2a845ab6: shutdown b2abd95f-4cc9-4fa4-a4ec-5bbb2a845ab6@group-DD3CD69E62EB-FollowerState
2021-06-23 18:54:09,174 [grpc-default-executor-3] INFO  impl.RoleInfo (RoleInfo.java:updateAndGet(130)) - b2abd95f-4cc9-4fa4-a4ec-5bbb2a845ab6: start b2abd95f-4cc9-4fa4-a4ec-5bbb2a845ab6@group-DD3CD69E62EB-FollowerState
2021-06-23 18:54:09,175 [grpc-default-executor-3] INFO  server.RaftServer$Division (RaftServerImpl.java:requestVote(1074)) - b2abd95f-4cc9-4fa4-a4ec-5bbb2a845ab6@group-DD3CD69E62EB replies to ELECTION vote request: e477ba1d-11c9-4e24-a1b5-67f71d65ae03<-b2abd95f-4cc9-4fa4-a4ec-5bbb2a845ab6#0:OK-t2. Peer's state: b2abd95f-4cc9-4fa4-a4ec-5bbb2a845ab6@group-DD3CD69E62EB:t2, leader=null, voted=e477ba1d-11c9-4e24-a1b5-67f71d65ae03, raftlog=b2abd95f-4cc9-4fa4-a4ec-5bbb2a845ab6@group-DD3CD69E62EB-SegmentedRaftLog:OPENED:c-1,f-1,i0, conf=-1: [4a750d61-24e5-43ec-8266-94d98c9b7420|rpc:10.1.0.43:40063|dataStream:|priority:0, e477ba1d-11c9-4e24-a1b5-67f71d65ae03|rpc:10.1.0.43:46371|dataStream:|priority:1, b2abd95f-4cc9-4fa4-a4ec-5bbb2a845ab6|rpc:10.1.0.43:35929|dataStream:|priority:0], old=null
2021-06-23 18:54:09,175 [b2abd95f-4cc9-4fa4-a4ec-5bbb2a845ab6@group-DD3CD69E62EB-FollowerState] INFO  impl.FollowerState (FollowerState.java:run(134)) - b2abd95f-4cc9-4fa4-a4ec-5bbb2a845ab6@group-DD3CD69E62EB-FollowerState: change to CANDIDATE, lastRpcElapsedTime:5023024666ns, electionTimeout:5016ms
2021-06-23 18:54:09,175 [b2abd95f-4cc9-4fa4-a4ec-5bbb2a845ab6@group-DD3CD69E62EB-FollowerState] INFO  impl.RoleInfo (RoleInfo.java:shutdownFollowerState(108)) - b2abd95f-4cc9-4fa4-a4ec-5bbb2a845ab6: shutdown b2abd95f-4cc9-4fa4-a4ec-5bbb2a845ab6@group-DD3CD69E62EB-FollowerState
2021-06-23 18:54:09,175 [b2abd95f-4cc9-4fa4-a4ec-5bbb2a845ab6@group-DD3CD69E62EB-FollowerState] INFO  server.RaftServer$Division (RaftServerImpl.java:setRole(284)) - b2abd95f-4cc9-4fa4-a4ec-5bbb2a845ab6@group-DD3CD69E62EB: changes role from  FOLLOWER to CANDIDATE at term 2 for changeToCandidate
2021-06-23 18:54:09,176 [b2abd95f-4cc9-4fa4-a4ec-5bbb2a845ab6@group-DD3CD69E62EB-FollowerState] INFO  server.RaftServerConfigKeys (ConfUtils.java:logGet(44)) - raft.server.leaderelection.pre-vote = false (custom)
2021-06-23 18:54:09,176 [b2abd95f-4cc9-4fa4-a4ec-5bbb2a845ab6@group-DD3CD69E62EB-FollowerState] INFO  impl.RoleInfo (RoleInfo.java:updateAndGet(130)) - b2abd95f-4cc9-4fa4-a4ec-5bbb2a845ab6: start b2abd95f-4cc9-4fa4-a4ec-5bbb2a845ab6@group-DD3CD69E62EB-LeaderElection41
2021-06-23 18:54:09,176 [b2abd95f-4cc9-4fa4-a4ec-5bbb2a845ab6@group-DD3CD69E62EB-FollowerState] INFO  impl.FollowerState (FollowerState.java:run(143)) - b2abd95f-4cc9-4fa4-a4ec-5bbb2a845ab6@group-DD3CD69E62EB-FollowerState was interrupted: {}
java.lang.InterruptedException: sleep interrupted
	at java.lang.Thread.sleep(Native Method)
	at java.lang.Thread.sleep(Thread.java:340)
	at java.util.concurrent.TimeUnit.sleep(TimeUnit.java:386)
	at org.apache.ratis.util.TimeDuration.sleep(TimeDuration.java:324)
	at org.apache.ratis.util.TimeDuration.sleep(TimeDuration.java:309)
	at org.apache.ratis.server.impl.FollowerState.run(FollowerState.java:118)
2021-06-23 18:54:09,177 [grpc-default-executor-3] INFO  metrics.RatisMetrics (RatisMetrics.java:lambda$create$0(36)) - Creating Metrics Registry : ratis.server_message_metrics.4a750d61-24e5-43ec-8266-94d98c9b7420
2021-06-23 18:54:09,178 [e477ba1d-11c9-4e24-a1b5-67f71d65ae03@group-DD3CD69E62EB-LeaderElection40] INFO  impl.LeaderElection (LeaderElection.java:logAndReturn(89)) - e477ba1d-11c9-4e24-a1b5-67f71d65ae03@group-DD3CD69E62EB-LeaderElection40: ELECTION PASSED received 1 response(s) and 0 exception(s):
2021-06-23 18:54:09,178 [e477ba1d-11c9-4e24-a1b5-67f71d65ae03@group-DD3CD69E62EB-LeaderElection40] INFO  impl.LeaderElection (LeaderElection.java:logAndReturn(93)) -   Response 0: e477ba1d-11c9-4e24-a1b5-67f71d65ae03<-b2abd95f-4cc9-4fa4-a4ec-5bbb2a845ab6#0:OK-t2
2021-06-23 18:54:09,178 [e477ba1d-11c9-4e24-a1b5-67f71d65ae03@group-DD3CD69E62EB-LeaderElection40] INFO  impl.LeaderElection (LeaderElection.java:askForVotes(308)) - e477ba1d-11c9-4e24-a1b5-67f71d65ae03@group-DD3CD69E62EB-LeaderElection40 ELECTION round 0: result PASSED
2021-06-23 18:54:09,178 [e477ba1d-11c9-4e24-a1b5-67f71d65ae03@group-DD3CD69E62EB-LeaderElection40] INFO  impl.RoleInfo (RoleInfo.java:shutdownLeaderElection(121)) - e477ba1d-11c9-4e24-a1b5-67f71d65ae03: shutdown e477ba1d-11c9-4e24-a1b5-67f71d65ae03@group-DD3CD69E62EB-LeaderElection40
2021-06-23 18:54:09,178 [e477ba1d-11c9-4e24-a1b5-67f71d65ae03@group-DD3CD69E62EB-LeaderElection40] INFO  server.RaftServer$Division (RaftServerImpl.java:setRole(284)) - e477ba1d-11c9-4e24-a1b5-67f71d65ae03@group-DD3CD69E62EB: changes role from CANDIDATE to LEADER at term 2 for changeToLeader
2021-06-23 18:54:09,178 [e477ba1d-11c9-4e24-a1b5-67f71d65ae03@group-DD3CD69E62EB-LeaderElection40] INFO  ratis.XceiverServerRatis (XceiverServerRatis.java:handleLeaderChangedNotification(857)) - Leader change notification received for group: group-DD3CD69E62EB with new leaderId: e477ba1d-11c9-4e24-a1b5-67f71d65ae03
2021-06-23 18:54:09,179 [e477ba1d-11c9-4e24-a1b5-67f71d65ae03@group-DD3CD69E62EB-LeaderElection40] INFO  server.RaftServer$Division (ServerState.java:setLeader(271)) - e477ba1d-11c9-4e24-a1b5-67f71d65ae03@group-DD3CD69E62EB: change Leader from null to e477ba1d-11c9-4e24-a1b5-67f71d65ae03 at term 2 for becomeLeader, leader elected after 10060ms
2021-06-23 18:54:09,179 [e477ba1d-11c9-4e24-a1b5-67f71d65ae03@group-DD3CD69E62EB-LeaderElection40] INFO  server.RaftServerConfigKeys (ConfUtils.java:logGet(44)) - raft.server.staging.catchup.gap = 1000 (default)
2021-06-23 18:54:09,179 [e477ba1d-11c9-4e24-a1b5-67f71d65ae03@group-DD3CD69E62EB-LeaderElection40] INFO  metrics.RatisMetrics (RatisMetrics.java:lambda$create$0(36)) - Creating Metrics Registry : ratis.log_appender.e477ba1d-11c9-4e24-a1b5-67f71d65ae03@group-DD3CD69E62EB
2021-06-23 18:54:09,179 [e477ba1d-11c9-4e24-a1b5-67f71d65ae03@group-DD3CD69E62EB-LeaderElection40] INFO  server.RaftServerConfigKeys (ConfUtils.java:logGet(44)) - raft.server.write.element-limit = 1024 (custom)
2021-06-23 18:54:09,179 [e477ba1d-11c9-4e24-a1b5-67f71d65ae03@group-DD3CD69E62EB-LeaderElection40] INFO  server.RaftServerConfigKeys (ConfUtils.java:logGet(44)) - raft.server.write.byte-limit = 1073741824 (custom)
2021-06-23 18:54:09,179 [e477ba1d-11c9-4e24-a1b5-67f71d65ae03@group-DD3CD69E62EB-LeaderElection40] INFO  server.RaftServerConfigKeys (ConfUtils.java:logGet(44)) - raft.server.watch.timeout = 3000ms (custom)
2021-06-23 18:54:09,179 [e477ba1d-11c9-4e24-a1b5-67f71d65ae03@group-DD3CD69E62EB-LeaderElection40] INFO  server.RaftServerConfigKeys (ConfUtils.java:logGet(44)) - raft.server.watch.timeout.denomination = 1s (default)
2021-06-23 18:54:09,179 [e477ba1d-11c9-4e24-a1b5-67f71d65ae03@group-DD3CD69E62EB-LeaderElection40] INFO  server.RaftServerConfigKeys (ConfUtils.java:logGet(44)) - raft.server.watch.element-limit = 65536 (default)
2021-06-23 18:54:09,179 [e477ba1d-11c9-4e24-a1b5-67f71d65ae03@group-DD3CD69E62EB-LeaderElection40] INFO  server.RaftServerConfigKeys (ConfUtils.java:logGet(44)) - raft.server.log.appender.snapshot.chunk.size.max = 16MB (=16777216) (default)
2021-06-23 18:54:09,180 [e477ba1d-11c9-4e24-a1b5-67f71d65ae03@group-DD3CD69E62EB-LeaderElection40] INFO  server.RaftServerConfigKeys (ConfUtils.java:logGet(44)) - raft.server.log.appender.buffer.byte-limit = 33554432 (custom)
2021-06-23 18:54:09,180 [e477ba1d-11c9-4e24-a1b5-67f71d65ae03@group-DD3CD69E62EB-LeaderElection40] INFO  server.RaftServerConfigKeys (ConfUtils.java:logGet(44)) - raft.server.log.appender.buffer.element-limit = 1 (custom)
2021-06-23 18:54:09,180 [e477ba1d-11c9-4e24-a1b5-67f71d65ae03@group-DD3CD69E62EB-LeaderElection40] INFO  grpc.GrpcConfigKeys (ConfUtils.java:logGet(44)) - raft.grpc.server.leader.outstanding.appends.max = 128 (default)
2021-06-23 18:54:09,180 [e477ba1d-11c9-4e24-a1b5-67f71d65ae03@group-DD3CD69E62EB-LeaderElection40] INFO  server.RaftServerConfigKeys (ConfUtils.java:logGet(44)) - raft.server.rpc.request.timeout = 3000ms (default)
2021-06-23 18:54:09,180 [e477ba1d-11c9-4e24-a1b5-67f71d65ae03@group-DD3CD69E62EB-LeaderElection40] INFO  server.RaftServerConfigKeys (ConfUtils.java:logGet(44)) - raft.server.log.appender.install.snapshot.enabled = false (custom)
2021-06-23 18:54:09,180 [e477ba1d-11c9-4e24-a1b5-67f71d65ae03@group-DD3CD69E62EB-LeaderElection40] INFO  metrics.RatisMetrics (RatisMetrics.java:lambda$create$0(36)) - Creating Metrics Registry : ratis_grpc.log_appender.e477ba1d-11c9-4e24-a1b5-67f71d65ae03@group-DD3CD69E62EB
2021-06-23 18:54:09,183 [EventQueue-PipelineReportForPipelineReportHandler] INFO  pipeline.PipelineManagerV2Impl (PipelineManagerV2Impl.java:openPipeline(270)) - Pipeline Pipeline[ Id: a388f249-99f9-4637-b8a3-dd3cd69e62eb, Nodes: e477ba1d-11c9-4e24-a1b5-67f71d65ae03{ip: 10.1.0.43, host: fv-az291-331.wgnan5asplgejimfprtllbpdch.jx.internal.cloudapp.net, ports: [REPLICATION=40941, RATIS=46371, RATIS_ADMIN=46371, RATIS_SERVER=46371, STANDALONE=41615], networkLocation: /default-rack, certSerialId: null, persistedOpState: IN_SERVICE, persistedOpStateExpiryEpochSec: 0}4a750d61-24e5-43ec-8266-94d98c9b7420{ip: 10.1.0.43, host: fv-az291-331.wgnan5asplgejimfprtllbpdch.jx.internal.cloudapp.net, ports: [REPLICATION=41571, RATIS=40063, RATIS_ADMIN=40063, RATIS_SERVER=40063, STANDALONE=44253], networkLocation: /default-rack, certSerialId: null, persistedOpState: IN_SERVICE, persistedOpStateExpiryEpochSec: 0}b2abd95f-4cc9-4fa4-a4ec-5bbb2a845ab6{ip: 10.1.0.43, host: fv-az291-331.wgnan5asplgejimfprtllbpdch.jx.internal.cloudapp.net, ports: [REPLICATION=43231, RATIS=35929, RATIS_ADMIN=35929, RATIS_SERVER=35929, STANDALONE=33981], networkLocation: /default-rack, certSerialId: null, persistedOpState: IN_SERVICE, persistedOpStateExpiryEpochSec: 0}, ReplicationConfig: RATIS/THREE, State:ALLOCATED, leaderId:e477ba1d-11c9-4e24-a1b5-67f71d65ae03, CreationTimestamp2021-06-23T18:53:56.272Z] moved to OPEN state
2021-06-23 18:54:09,183 [EventQueue-OpenPipelineForHealthyPipelineSafeModeRule] INFO  safemode.SCMSafeModeManager (HealthyPipelineSafeModeRule.java:process(124)) - SCM in safe mode. Healthy pipelines reported count is 1, required healthy pipeline reported count is 1
2021-06-23 18:54:09,184 [EventQueue-OpenPipelineForHealthyPipelineSafeModeRule] INFO  safemode.SCMSafeModeManager (SCMSafeModeManager.java:validateSafeModeExitRules(204)) - HealthyPipelineSafeModeRule rule is successfully validated
2021-06-23 18:54:09,184 [EventQueue-OpenPipelineForHealthyPipelineSafeModeRule] INFO  safemode.SCMSafeModeManager (SCMSafeModeManager.java:validateSafeModeExitRules(219)) - ScmSafeModeManager, all rules are successfully validated
2021-06-23 18:54:09,184 [EventQueue-OpenPipelineForHealthyPipelineSafeModeRule] INFO  safemode.SCMSafeModeManager (SCMSafeModeManager.java:exitSafeMode(248)) - SCM exiting safe mode.
2021-06-23 18:54:09,184 [EventQueue-OpenPipelineForHealthyPipelineSafeModeRule] WARN  events.EventQueue (EventQueue.java:fireEvent(185)) - No event handler registered for event TypedEvent{payloadType=SafeModeStatus, name='Safe mode status'}
2021-06-23 18:54:09,184 [EventQueue-OpenPipelineForHealthyPipelineSafeModeRule] INFO  ha.SCMContext (SCMContext.java:updateSafeModeStatus(208)) - Update SafeModeStatus from SafeModeStatus{safeModeStatus=true, preCheckPassed=true} to SafeModeStatus{safeModeStatus=false, preCheckPassed=true}.
2021-06-23 18:54:09,184 [e477ba1d-11c9-4e24-a1b5-67f71d65ae03@group-DD3CD69E62EB-LeaderElection40] INFO  server.RaftServerConfigKeys (ConfUtils.java:logGet(44)) - raft.server.log.appender.snapshot.chunk.size.max = 16MB (=16777216) (default)
2021-06-23 18:54:09,184 [e477ba1d-11c9-4e24-a1b5-67f71d65ae03@group-DD3CD69E62EB-LeaderElection40] INFO  server.RaftServerConfigKeys (ConfUtils.java:logGet(44)) - raft.server.log.appender.buffer.byte-limit = 33554432 (custom)
2021-06-23 18:54:09,184 [e477ba1d-11c9-4e24-a1b5-67f71d65ae03@group-DD3CD69E62EB-LeaderElection40] INFO  server.RaftServerConfigKeys (ConfUtils.java:logGet(44)) - raft.server.log.appender.buffer.element-limit = 1 (custom)
2021-06-23 18:54:09,184 [e477ba1d-11c9-4e24-a1b5-67f71d65ae03@group-DD3CD69E62EB-LeaderElection40] INFO  grpc.GrpcConfigKeys (ConfUtils.java:logGet(44)) - raft.grpc.server.leader.outstanding.appends.max = 128 (default)
2021-06-23 18:54:09,184 [e477ba1d-11c9-4e24-a1b5-67f71d65ae03@group-DD3CD69E62EB-LeaderElection40] INFO  server.RaftServerConfigKeys (ConfUtils.java:logGet(44)) - raft.server.rpc.request.timeout = 3000ms (default)
2021-06-23 18:54:09,184 [e477ba1d-11c9-4e24-a1b5-67f71d65ae03@group-DD3CD69E62EB-LeaderElection40] INFO  server.RaftServerConfigKeys (ConfUtils.java:logGet(44)) - raft.server.log.appender.install.snapshot.enabled = false (custom)
2021-06-23 18:54:09,184 [EventQueue-OpenPipelineForHealthyPipelineSafeModeRule] INFO  pipeline.BackgroundPipelineCreator (BackgroundPipelineCreatorV2.java:notifyStatusChanged(264)) - Service BackgroundPipelineCreator transitions to RUNNING.
2021-06-23 18:54:09,185 [e477ba1d-11c9-4e24-a1b5-67f71d65ae03@group-DD3CD69E62EB-LeaderElection40] INFO  impl.RoleInfo (RoleInfo.java:updateAndGet(130)) - e477ba1d-11c9-4e24-a1b5-67f71d65ae03: start e477ba1d-11c9-4e24-a1b5-67f71d65ae03@group-DD3CD69E62EB-LeaderStateImpl
2021-06-23 18:54:09,185 [e477ba1d-11c9-4e24-a1b5-67f71d65ae03@group-DD3CD69E62EB-LeaderElection40] INFO  segmented.SegmentedRaftLogWorker (SegmentedRaftLogWorker.java:startLogSegment(394)) - e477ba1d-11c9-4e24-a1b5-67f71d65ae03@group-DD3CD69E62EB-SegmentedRaftLogWorker: Starting segment from index:0
2021-06-23 18:54:09,186 [EventQueue-OpenPipelineForHealthyPipelineSafeModeRule] INFO  container.ReplicationManager (ReplicationManager.java:notifyStatusChanged(1282)) - Service ReplicationManager transitions to RUNNING.
2021-06-23 18:54:09,186 [grpc-default-executor-3] INFO  server.RaftServer$Division (RaftServerImpl.java:requestVote(1042)) - 4a750d61-24e5-43ec-8266-94d98c9b7420@group-DD3CD69E62EB: receive requestVote(ELECTION, e477ba1d-11c9-4e24-a1b5-67f71d65ae03, group-DD3CD69E62EB, 2, (t:0, i:0))
2021-06-23 18:54:09,186 [grpc-default-executor-3] INFO  impl.VoteContext (VoteContext.java:log(48)) - 4a750d61-24e5-43ec-8266-94d98c9b7420@group-DD3CD69E62EB-FOLLOWER: accept ELECTION from e477ba1d-11c9-4e24-a1b5-67f71d65ae03: our priority 0 <= candidate's priority 1
2021-06-23 18:54:09,186 [grpc-default-executor-3] INFO  server.RaftServer$Division (RaftServerImpl.java:setRole(284)) - 4a750d61-24e5-43ec-8266-94d98c9b7420@group-DD3CD69E62EB: changes role from  FOLLOWER to FOLLOWER at term 2 for candidate:e477ba1d-11c9-4e24-a1b5-67f71d65ae03
2021-06-23 18:54:09,186 [grpc-default-executor-3] INFO  impl.RoleInfo (RoleInfo.java:shutdownFollowerState(108)) - 4a750d61-24e5-43ec-8266-94d98c9b7420: shutdown 4a750d61-24e5-43ec-8266-94d98c9b7420@group-DD3CD69E62EB-FollowerState
2021-06-23 18:54:09,186 [e477ba1d-11c9-4e24-a1b5-67f71d65ae03@group-DD3CD69E62EB-SegmentedRaftLogWorker] INFO  segmented.SegmentedRaftLogWorker (SegmentedRaftLogWorker.java:execute(601)) - e477ba1d-11c9-4e24-a1b5-67f71d65ae03@group-DD3CD69E62EB-SegmentedRaftLogWorker: created new log segment /home/runner/work/ozone/ozone/mnt/ozone/hadoop-ozone/integration-test/target/test-dir/MiniOzoneClusterImpl-2ba833d5-1ba9-439d-9c86-26ba043c4450/datanode-1/data/ratis/a388f249-99f9-4637-b8a3-dd3cd69e62eb/current/log_inprogress_0
2021-06-23 18:54:09,195 [e477ba1d-11c9-4e24-a1b5-67f71d65ae03@group-DD3CD69E62EB-LeaderElection40] INFO  server.RaftServer$Division (ServerState.java:setRaftConf(373)) - e477ba1d-11c9-4e24-a1b5-67f71d65ae03@group-DD3CD69E62EB: set configuration 0: [4a750d61-24e5-43ec-8266-94d98c9b7420|rpc:10.1.0.43:40063|dataStream:|priority:0, e477ba1d-11c9-4e24-a1b5-67f71d65ae03|rpc:10.1.0.43:46371|dataStream:|priority:1, b2abd95f-4cc9-4fa4-a4ec-5bbb2a845ab6|rpc:10.1.0.43:35929|dataStream:|priority:0], old=null
2021-06-23 18:54:09,197 [grpc-default-executor-3] INFO  impl.RoleInfo (RoleInfo.java:updateAndGet(130)) - 4a750d61-24e5-43ec-8266-94d98c9b7420: start 4a750d61-24e5-43ec-8266-94d98c9b7420@group-DD3CD69E62EB-FollowerState
2021-06-23 18:54:09,197 [4a750d61-24e5-43ec-8266-94d98c9b7420@group-DD3CD69E62EB-FollowerState] INFO  impl.FollowerState (FollowerState.java:run(143)) - 4a750d61-24e5-43ec-8266-94d98c9b7420@group-DD3CD69E62EB-FollowerState was interrupted: {}
java.lang.InterruptedException: sleep interrupted
	at java.lang.Thread.sleep(Native Method)
	at java.lang.Thread.sleep(Thread.java:340)
	at java.util.concurrent.TimeUnit.sleep(TimeUnit.java:386)
	at org.apache.ratis.util.TimeDuration.sleep(TimeDuration.java:324)
	at org.apache.ratis.util.TimeDuration.sleep(TimeDuration.java:309)
	at org.apache.ratis.server.impl.FollowerState.run(FollowerState.java:118)
2021-06-23 18:54:09,200 [grpc-default-executor-3] INFO  server.RaftServer$Division (RaftServerImpl.java:requestVote(1074)) - 4a750d61-24e5-43ec-8266-94d98c9b7420@group-DD3CD69E62EB replies to ELECTION vote request: e477ba1d-11c9-4e24-a1b5-67f71d65ae03<-4a750d61-24e5-43ec-8266-94d98c9b7420#0:OK-t2. Peer's state: 4a750d61-24e5-43ec-8266-94d98c9b7420@group-DD3CD69E62EB:t2, leader=null, voted=e477ba1d-11c9-4e24-a1b5-67f71d65ae03, raftlog=4a750d61-24e5-43ec-8266-94d98c9b7420@group-DD3CD69E62EB-SegmentedRaftLog:OPENED:c-1,f-1,i0, conf=-1: [4a750d61-24e5-43ec-8266-94d98c9b7420|rpc:10.1.0.43:40063|priority:0, e477ba1d-11c9-4e24-a1b5-67f71d65ae03|rpc:10.1.0.43:46371|priority:1, b2abd95f-4cc9-4fa4-a4ec-5bbb2a845ab6|rpc:10.1.0.43:35929|priority:0], old=null
2021-06-23 18:54:09,200 [b2abd95f-4cc9-4fa4-a4ec-5bbb2a845ab6@group-DD3CD69E62EB-LeaderElection41] INFO  impl.LeaderElection (LeaderElection.java:askForVotes(306)) - b2abd95f-4cc9-4fa4-a4ec-5bbb2a845ab6@group-DD3CD69E62EB-LeaderElection41 ELECTION round 0: submit vote requests at term 3 for -1: [4a750d61-24e5-43ec-8266-94d98c9b7420|rpc:10.1.0.43:40063|dataStream:|priority:0, e477ba1d-11c9-4e24-a1b5-67f71d65ae03|rpc:10.1.0.43:46371|dataStream:|priority:1, b2abd95f-4cc9-4fa4-a4ec-5bbb2a845ab6|rpc:10.1.0.43:35929|dataStream:|priority:0], old=null
2021-06-23 18:54:09,204 [grpc-default-executor-1] INFO  ratis.XceiverServerRatis (XceiverServerRatis.java:handleLeaderChangedNotification(857)) - Leader change notification received for group: group-DD3CD69E62EB with new leaderId: e477ba1d-11c9-4e24-a1b5-67f71d65ae03
2021-06-23 18:54:09,204 [grpc-default-executor-1] INFO  server.RaftServer$Division (ServerState.java:setLeader(271)) - 4a750d61-24e5-43ec-8266-94d98c9b7420@group-DD3CD69E62EB: change Leader from null to e477ba1d-11c9-4e24-a1b5-67f71d65ae03 at term 2 for appendEntries, leader elected after 10118ms
2021-06-23 18:54:09,213 [grpc-default-executor-3] INFO  server.RaftServer$Division (RaftServerImpl.java:requestVote(1042)) - 4a750d61-24e5-43ec-8266-94d98c9b7420@group-DD3CD69E62EB: receive requestVote(ELECTION, b2abd95f-4cc9-4fa4-a4ec-5bbb2a845ab6, group-DD3CD69E62EB, 3, (t:0, i:0))
2021-06-23 18:54:09,213 [grpc-default-executor-1] INFO  server.RaftServer$Division (ServerState.java:setRaftConf(373)) - 4a750d61-24e5-43ec-8266-94d98c9b7420@group-DD3CD69E62EB: set configuration 0: [4a750d61-24e5-43ec-8266-94d98c9b7420|rpc:10.1.0.43:40063|dataStream:|priority:0, e477ba1d-11c9-4e24-a1b5-67f71d65ae03|rpc:10.1.0.43:46371|dataStream:|priority:1, b2abd95f-4cc9-4fa4-a4ec-5bbb2a845ab6|rpc:10.1.0.43:35929|dataStream:|priority:0], old=null
2021-06-23 18:54:09,213 [grpc-default-executor-1] INFO  segmented.SegmentedRaftLogWorker (SegmentedRaftLogWorker.java:startLogSegment(394)) - 4a750d61-24e5-43ec-8266-94d98c9b7420@group-DD3CD69E62EB-SegmentedRaftLogWorker: Starting segment from index:0
2021-06-23 18:54:09,213 [grpc-default-executor-3] INFO  impl.VoteContext (VoteContext.java:log(48)) - 4a750d61-24e5-43ec-8266-94d98c9b7420@group-DD3CD69E62EB-FOLLOWER: reject ELECTION from b2abd95f-4cc9-4fa4-a4ec-5bbb2a845ab6: our last entry (t:2, i:0) > candidate's last entry (t:0, i:0)
2021-06-23 18:54:09,214 [grpc-default-executor-3] INFO  server.RaftServer$Division (ServerState.java:setLeader(271)) - 4a750d61-24e5-43ec-8266-94d98c9b7420@group-DD3CD69E62EB: change Leader from e477ba1d-11c9-4e24-a1b5-67f71d65ae03 to null at term 3 for updateCurrentTerm
2021-06-23 18:54:09,214 [grpc-default-executor-3] INFO  server.RaftServer$Division (RaftServerImpl.java:setRole(284)) - 4a750d61-24e5-43ec-8266-94d98c9b7420@group-DD3CD69E62EB: changes role from  FOLLOWER to FOLLOWER at term 3 for candidate:b2abd95f-4cc9-4fa4-a4ec-5bbb2a845ab6
2021-06-23 18:54:09,214 [grpc-default-executor-3] INFO  impl.RoleInfo (RoleInfo.java:shutdownFollowerState(108)) - 4a750d61-24e5-43ec-8266-94d98c9b7420: shutdown 4a750d61-24e5-43ec-8266-94d98c9b7420@group-DD3CD69E62EB-FollowerState
2021-06-23 18:54:09,214 [grpc-default-executor-3] INFO  impl.RoleInfo (RoleInfo.java:updateAndGet(130)) - 4a750d61-24e5-43ec-8266-94d98c9b7420: start 4a750d61-24e5-43ec-8266-94d98c9b7420@group-DD3CD69E62EB-FollowerState
2021-06-23 18:54:09,214 [4a750d61-24e5-43ec-8266-94d98c9b7420@group-DD3CD69E62EB-FollowerState] INFO  impl.FollowerState (FollowerState.java:run(143)) - 4a750d61-24e5-43ec-8266-94d98c9b7420@group-DD3CD69E62EB-FollowerState was interrupted: {}
java.lang.InterruptedException: sleep interrupted
	at java.lang.Thread.sleep(Native Method)
	at java.lang.Thread.sleep(Thread.java:340)
	at java.util.concurrent.TimeUnit.sleep(TimeUnit.java:386)
	at org.apache.ratis.util.TimeDuration.sleep(TimeDuration.java:324)
	at org.apache.ratis.util.TimeDuration.sleep(TimeDuration.java:309)
	at org.apache.ratis.server.impl.FollowerState.run(FollowerState.java:118)
2021-06-23 18:54:09,224 [4a750d61-24e5-43ec-8266-94d98c9b7420@group-DD3CD69E62EB-SegmentedRaftLogWorker] INFO  segmented.SegmentedRaftLogWorker (SegmentedRaftLogWorker.java:execute(601)) - 4a750d61-24e5-43ec-8266-94d98c9b7420@group-DD3CD69E62EB-SegmentedRaftLogWorker: created new log segment /home/runner/work/ozone/ozone/mnt/ozone/hadoop-ozone/integration-test/target/test-dir/MiniOzoneClusterImpl-2ba833d5-1ba9-439d-9c86-26ba043c4450/datanode-0/data/ratis/a388f249-99f9-4637-b8a3-dd3cd69e62eb/current/log_inprogress_0
2021-06-23 18:54:09,224 [grpc-default-executor-3] INFO  server.RaftServer$Division (RaftServerImpl.java:requestVote(1074)) - 4a750d61-24e5-43ec-8266-94d98c9b7420@group-DD3CD69E62EB replies to ELECTION vote request: b2abd95f-4cc9-4fa4-a4ec-5bbb2a845ab6<-4a750d61-24e5-43ec-8266-94d98c9b7420#0:FAIL-t3. Peer's state: 4a750d61-24e5-43ec-8266-94d98c9b7420@group-DD3CD69E62EB:t3, leader=null, voted=null, raftlog=4a750d61-24e5-43ec-8266-94d98c9b7420@group-DD3CD69E62EB-SegmentedRaftLog:OPENED:c-1,f-1,i0, conf=0: [4a750d61-24e5-43ec-8266-94d98c9b7420|rpc:10.1.0.43:40063|dataStream:|priority:0, e477ba1d-11c9-4e24-a1b5-67f71d65ae03|rpc:10.1.0.43:46371|dataStream:|priority:1, b2abd95f-4cc9-4fa4-a4ec-5bbb2a845ab6|rpc:10.1.0.43:35929|dataStream:|priority:0], old=null
2021-06-23 18:54:09,232 [e477ba1d-11c9-4e24-a1b5-67f71d65ae03@group-DD3CD69E62EB-LeaderStateImpl] INFO  server.RaftServer$Division (ServerState.java:setLeader(271)) - e477ba1d-11c9-4e24-a1b5-67f71d65ae03@group-DD3CD69E62EB: change Leader from e477ba1d-11c9-4e24-a1b5-67f71d65ae03 to null at term 3 for updateCurrentTerm
2021-06-23 18:54:09,232 [e477ba1d-11c9-4e24-a1b5-67f71d65ae03@group-DD3CD69E62EB-LeaderStateImpl] INFO  server.RaftServer$Division (RaftServerImpl.java:setRole(284)) - e477ba1d-11c9-4e24-a1b5-67f71d65ae03@group-DD3CD69E62EB: changes role from    LEADER to FOLLOWER at term 3 for StepDownReason:HIGHER_TERM
2021-06-23 18:54:09,232 [e477ba1d-11c9-4e24-a1b5-67f71d65ae03@group-DD3CD69E62EB-LeaderStateImpl] INFO  impl.RoleInfo (RoleInfo.java:shutdownLeaderState(91)) - e477ba1d-11c9-4e24-a1b5-67f71d65ae03: shutdown e477ba1d-11c9-4e24-a1b5-67f71d65ae03@group-DD3CD69E62EB-LeaderStateImpl
2021-06-23 18:54:09,232 [e477ba1d-11c9-4e24-a1b5-67f71d65ae03@group-DD3CD69E62EB-LeaderStateImpl] INFO  metrics.RatisMetrics (RatisMetrics.java:unregister(43)) - Unregistering Metrics Registry : ratis_grpc.log_appender.e477ba1d-11c9-4e24-a1b5-67f71d65ae03@group-DD3CD69E62EB
2021-06-23 18:54:09,232 [e477ba1d-11c9-4e24-a1b5-67f71d65ae03@group-DD3CD69E62EB->4a750d61-24e5-43ec-8266-94d98c9b7420-GrpcLogAppender-LogAppenderDaemon] WARN  server.GrpcLogAppender (GrpcLogAppender.java:mayWait(175)) - e477ba1d-11c9-4e24-a1b5-67f71d65ae03@group-DD3CD69E62EB->4a750d61-24e5-43ec-8266-94d98c9b7420-GrpcLogAppender: Wait interrupted by java.lang.InterruptedException
2021-06-23 18:54:09,232 [e477ba1d-11c9-4e24-a1b5-67f71d65ae03@group-DD3CD69E62EB-LeaderStateImpl] INFO  metrics.RatisMetrics (RatisMetrics.java:unregister(43)) - Unregistering Metrics Registry : ratis_grpc.log_appender.e477ba1d-11c9-4e24-a1b5-67f71d65ae03@group-DD3CD69E62EB
2021-06-23 18:54:09,232 [e477ba1d-11c9-4e24-a1b5-67f71d65ae03@group-DD3CD69E62EB-LeaderStateImpl] INFO  impl.PendingRequests (PendingRequests.java:sendNotLeaderResponses(249)) - e477ba1d-11c9-4e24-a1b5-67f71d65ae03@group-DD3CD69E62EB-PendingRequests: sendNotLeaderResponses
2021-06-23 18:54:09,232 [e477ba1d-11c9-4e24-a1b5-67f71d65ae03@group-DD3CD69E62EB-LeaderStateImpl] INFO  metrics.RatisMetrics (RatisMetrics.java:unregister(43)) - Unregistering Metrics Registry : ratis.log_appender.e477ba1d-11c9-4e24-a1b5-67f71d65ae03@group-DD3CD69E62EB
2021-06-23 18:54:09,233 [e477ba1d-11c9-4e24-a1b5-67f71d65ae03@group-DD3CD69E62EB-LeaderStateImpl] INFO  metrics.RatisMetrics (RatisMetrics.java:unregister(43)) - Unregistering Metrics Registry : ratis.server.e477ba1d-11c9-4e24-a1b5-67f71d65ae03@group-DD3CD69E62EB
2021-06-23 18:54:09,233 [e477ba1d-11c9-4e24-a1b5-67f71d65ae03@group-DD3CD69E62EB->b2abd95f-4cc9-4fa4-a4ec-5bbb2a845ab6-GrpcLogAppender-LogAppenderDaemon] WARN  server.GrpcLogAppender (GrpcLogAppender.java:mayWait(175)) - e477ba1d-11c9-4e24-a1b5-67f71d65ae03@group-DD3CD69E62EB->b2abd95f-4cc9-4fa4-a4ec-5bbb2a845ab6-GrpcLogAppender: Wait interrupted by java.lang.InterruptedException
2021-06-23 18:54:09,234 [grpc-default-executor-4] INFO  server.GrpcServerProtocolService (GrpcServerProtocolService.java:onCompleted(140)) - 4a750d61-24e5-43ec-8266-94d98c9b7420: Completed APPEND_ENTRIES, lastRequest: e477ba1d-11c9-4e24-a1b5-67f71d65ae03->4a750d61-24e5-43ec-8266-94d98c9b7420#1-t2,previous=(t:0, i:0),leaderCommit=0,initializing? true,entries: size=1, first=(t:2, i:0), CONFIGURATIONENTRY
2021-06-23 18:54:09,234 [grpc-default-executor-0] INFO  server.GrpcServerProtocolService (GrpcServerProtocolService.java:onCompleted(140)) - b2abd95f-4cc9-4fa4-a4ec-5bbb2a845ab6: Completed APPEND_ENTRIES, lastRequest: e477ba1d-11c9-4e24-a1b5-67f71d65ae03->b2abd95f-4cc9-4fa4-a4ec-5bbb2a845ab6#1-t2,previous=(t:0, i:0),leaderCommit=0,initializing? true,entries: size=1, first=(t:2, i:0), CONFIGURATIONENTRY
2021-06-23 18:54:09,234 [grpc-default-executor-1] INFO  server.RaftServer$Division (RaftServerImpl.java:requestVote(1042)) - e477ba1d-11c9-4e24-a1b5-67f71d65ae03@group-DD3CD69E62EB: receive requestVote(ELECTION, b2abd95f-4cc9-4fa4-a4ec-5bbb2a845ab6, group-DD3CD69E62EB, 3, (t:0, i:0))
2021-06-23 18:54:09,238 [grpc-default-executor-4] INFO  server.GrpcLogAppender (GrpcLogAppender.java:onCompleted(344)) - e477ba1d-11c9-4e24-a1b5-67f71d65ae03@group-DD3CD69E62EB->4a750d61-24e5-43ec-8266-94d98c9b7420-AppendLogResponseHandler: follower responses appendEntries COMPLETED
2021-06-23 18:54:09,238 [grpc-default-executor-4] INFO  leader.FollowerInfo (FollowerInfoImpl.java:lambda$new$0(46)) - e477ba1d-11c9-4e24-a1b5-67f71d65ae03@group-DD3CD69E62EB->4a750d61-24e5-43ec-8266-94d98c9b7420: nextIndex: updateUnconditionally 1 -> 0
2021-06-23 18:54:09,238 [e477ba1d-11c9-4e24-a1b5-67f71d65ae03@group-DD3CD69E62EB-LeaderStateImpl] INFO  impl.RoleInfo (RoleInfo.java:updateAndGet(130)) - e477ba1d-11c9-4e24-a1b5-67f71d65ae03: start e477ba1d-11c9-4e24-a1b5-67f71d65ae03@group-DD3CD69E62EB-FollowerState
2021-06-23 18:54:09,244 [grpc-default-executor-1] INFO  impl.VoteContext (VoteContext.java:log(48)) - e477ba1d-11c9-4e24-a1b5-67f71d65ae03@group-DD3CD69E62EB-FOLLOWER: reject ELECTION from b2abd95f-4cc9-4fa4-a4ec-5bbb2a845ab6: our last entry (t:2, i:0) > candidate's last entry (t:0, i:0)
2021-06-23 18:54:09,244 [grpc-default-executor-1] INFO  server.RaftServer$Division (RaftServerImpl.java:setRole(284)) - e477ba1d-11c9-4e24-a1b5-67f71d65ae03@group-DD3CD69E62EB: changes role from  FOLLOWER to FOLLOWER at term 3 for candidate:b2abd95f-4cc9-4fa4-a4ec-5bbb2a845ab6
2021-06-23 18:54:09,244 [grpc-default-executor-1] INFO  impl.RoleInfo (RoleInfo.java:shutdownFollowerState(108)) - e477ba1d-11c9-4e24-a1b5-67f71d65ae03: shutdown e477ba1d-11c9-4e24-a1b5-67f71d65ae03@group-DD3CD69E62EB-FollowerState
2021-06-23 18:54:09,244 [grpc-default-executor-1] INFO  impl.RoleInfo (RoleInfo.java:updateAndGet(130)) - e477ba1d-11c9-4e24-a1b5-67f71d65ae03: start e477ba1d-11c9-4e24-a1b5-67f71d65ae03@group-DD3CD69E62EB-FollowerState
2021-06-23 18:54:09,244 [e477ba1d-11c9-4e24-a1b5-67f71d65ae03@group-DD3CD69E62EB-FollowerState] INFO  impl.FollowerState (FollowerState.java:run(143)) - e477ba1d-11c9-4e24-a1b5-67f71d65ae03@group-DD3CD69E62EB-FollowerState was interrupted: {}
java.lang.InterruptedException: sleep interrupted
	at java.lang.Thread.sleep(Native Method)
	at java.lang.Thread.sleep(Thread.java:340)
	at java.util.concurrent.TimeUnit.sleep(TimeUnit.java:386)
	at org.apache.ratis.util.TimeDuration.sleep(TimeDuration.java:324)
	at org.apache.ratis.util.TimeDuration.sleep(TimeDuration.java:309)
	at org.apache.ratis.server.impl.FollowerState.run(FollowerState.java:118)
2021-06-23 18:54:09,244 [grpc-default-executor-1] INFO  server.RaftServer$Division (RaftServerImpl.java:requestVote(1074)) - e477ba1d-11c9-4e24-a1b5-67f71d65ae03@group-DD3CD69E62EB replies to ELECTION vote request: b2abd95f-4cc9-4fa4-a4ec-5bbb2a845ab6<-e477ba1d-11c9-4e24-a1b5-67f71d65ae03#0:FAIL-t3. Peer's state: e477ba1d-11c9-4e24-a1b5-67f71d65ae03@group-DD3CD69E62EB:t3, leader=null, voted=null, raftlog=e477ba1d-11c9-4e24-a1b5-67f71d65ae03@group-DD3CD69E62EB-SegmentedRaftLog:OPENED:c0,f0,i0, conf=0: [4a750d61-24e5-43ec-8266-94d98c9b7420|rpc:10.1.0.43:40063|dataStream:|priority:0, e477ba1d-11c9-4e24-a1b5-67f71d65ae03|rpc:10.1.0.43:46371|dataStream:|priority:1, b2abd95f-4cc9-4fa4-a4ec-5bbb2a845ab6|rpc:10.1.0.43:35929|dataStream:|priority:0], old=null
2021-06-23 18:54:09,244 [grpc-default-executor-3] INFO  server.GrpcLogAppender (GrpcLogAppender.java:onCompleted(344)) - e477ba1d-11c9-4e24-a1b5-67f71d65ae03@group-DD3CD69E62EB->b2abd95f-4cc9-4fa4-a4ec-5bbb2a845ab6-AppendLogResponseHandler: follower responses appendEntries COMPLETED
2021-06-23 18:54:09,245 [grpc-default-executor-3] INFO  leader.FollowerInfo (FollowerInfoImpl.java:lambda$new$0(46)) - e477ba1d-11c9-4e24-a1b5-67f71d65ae03@group-DD3CD69E62EB->b2abd95f-4cc9-4fa4-a4ec-5bbb2a845ab6: nextIndex: updateUnconditionally 1 -> 0
2021-06-23 18:54:09,247 [b2abd95f-4cc9-4fa4-a4ec-5bbb2a845ab6@group-DD3CD69E62EB-LeaderElection41] INFO  impl.LeaderElection (LeaderElection.java:logAndReturn(89)) - b2abd95f-4cc9-4fa4-a4ec-5bbb2a845ab6@group-DD3CD69E62EB-LeaderElection41: ELECTION REJECTED received 2 response(s) and 0 exception(s):
2021-06-23 18:54:09,247 [b2abd95f-4cc9-4fa4-a4ec-5bbb2a845ab6@group-DD3CD69E62EB-LeaderElection41] INFO  impl.LeaderElection (LeaderElection.java:logAndReturn(93)) -   Response 0: b2abd95f-4cc9-4fa4-a4ec-5bbb2a845ab6<-4a750d61-24e5-43ec-8266-94d98c9b7420#0:FAIL-t3
2021-06-23 18:54:09,247 [b2abd95f-4cc9-4fa4-a4ec-5bbb2a845ab6@group-DD3CD69E62EB-LeaderElection41] INFO  impl.LeaderElection (LeaderElection.java:logAndReturn(93)) -   Response 1: b2abd95f-4cc9-4fa4-a4ec-5bbb2a845ab6<-e477ba1d-11c9-4e24-a1b5-67f71d65ae03#0:FAIL-t3
2021-06-23 18:54:09,247 [b2abd95f-4cc9-4fa4-a4ec-5bbb2a845ab6@group-DD3CD69E62EB-LeaderElection41] INFO  impl.LeaderElection (LeaderElection.java:askForVotes(308)) - b2abd95f-4cc9-4fa4-a4ec-5bbb2a845ab6@group-DD3CD69E62EB-LeaderElection41 ELECTION round 0: result REJECTED
2021-06-23 18:54:09,248 [b2abd95f-4cc9-4fa4-a4ec-5bbb2a845ab6@group-DD3CD69E62EB-LeaderElection41] INFO  server.RaftServer$Division (RaftServerImpl.java:setRole(284)) - b2abd95f-4cc9-4fa4-a4ec-5bbb2a845ab6@group-DD3CD69E62EB: changes role from CANDIDATE to FOLLOWER at term 3 for REJECTED
2021-06-23 18:54:09,248 [b2abd95f-4cc9-4fa4-a4ec-5bbb2a845ab6@group-DD3CD69E62EB-LeaderElection41] INFO  impl.RoleInfo (RoleInfo.java:shutdownLeaderElection(121)) - b2abd95f-4cc9-4fa4-a4ec-5bbb2a845ab6: shutdown b2abd95f-4cc9-4fa4-a4ec-5bbb2a845ab6@group-DD3CD69E62EB-LeaderElection41
2021-06-23 18:54:09,248 [b2abd95f-4cc9-4fa4-a4ec-5bbb2a845ab6@group-DD3CD69E62EB-LeaderElection41] INFO  impl.RoleInfo (RoleInfo.java:updateAndGet(130)) - b2abd95f-4cc9-4fa4-a4ec-5bbb2a845ab6: start b2abd95f-4cc9-4fa4-a4ec-5bbb2a845ab6@group-DD3CD69E62EB-FollowerState
2021-06-23 18:54:09,568 [3a42542b-a113-4e4a-912d-bb492a802489@group-81B64AF5C7B4-FollowerState] INFO  impl.FollowerState (FollowerState.java:run(134)) - 3a42542b-a113-4e4a-912d-bb492a802489@group-81B64AF5C7B4-FollowerState: change to CANDIDATE, lastRpcElapsedTime:5008931292ns, electionTimeout:5008ms
2021-06-23 18:54:09,568 [3a42542b-a113-4e4a-912d-bb492a802489@group-81B64AF5C7B4-FollowerState] INFO  impl.RoleInfo (RoleInfo.java:shutdownFollowerState(108)) - 3a42542b-a113-4e4a-912d-bb492a802489: shutdown 3a42542b-a113-4e4a-912d-bb492a802489@group-81B64AF5C7B4-FollowerState
2021-06-23 18:54:09,569 [3a42542b-a113-4e4a-912d-bb492a802489@group-81B64AF5C7B4-FollowerState] INFO  server.RaftServer$Division (RaftServerImpl.java:setRole(284)) - 3a42542b-a113-4e4a-912d-bb492a802489@group-81B64AF5C7B4: changes role from  FOLLOWER to CANDIDATE at term 1 for changeToCandidate
2021-06-23 18:54:09,569 [3a42542b-a113-4e4a-912d-bb492a802489@group-81B64AF5C7B4-FollowerState] INFO  server.RaftServerConfigKeys (ConfUtils.java:logGet(44)) - raft.server.leaderelection.pre-vote = false (custom)
2021-06-23 18:54:09,569 [3a42542b-a113-4e4a-912d-bb492a802489@group-81B64AF5C7B4-FollowerState] INFO  impl.RoleInfo (RoleInfo.java:updateAndGet(130)) - 3a42542b-a113-4e4a-912d-bb492a802489: start 3a42542b-a113-4e4a-912d-bb492a802489@group-81B64AF5C7B4-LeaderElection42
2021-06-23 18:54:09,570 [3a42542b-a113-4e4a-912d-bb492a802489@group-81B64AF5C7B4-LeaderElection42] INFO  impl.LeaderElection (LeaderElection.java:askForVotes(306)) - 3a42542b-a113-4e4a-912d-bb492a802489@group-81B64AF5C7B4-LeaderElection42 ELECTION round 0: submit vote requests at term 2 for -1: [3a42542b-a113-4e4a-912d-bb492a802489|rpc:10.1.0.43:38785|dataStream:|priority:0, 3b2fbf51-ff76-4a94-9ac6-cea2acf7cb68|rpc:10.1.0.43:38811|dataStream:|priority:1, f3d5ecac-0c0e-452b-b1da-f4ba84ea556e|rpc:10.1.0.43:40993|dataStream:|priority:0], old=null
2021-06-23 18:54:09,573 [grpc-default-executor-3] INFO  server.RaftServer$Division (RaftServerImpl.java:requestVote(1042)) - f3d5ecac-0c0e-452b-b1da-f4ba84ea556e@group-81B64AF5C7B4: receive requestVote(ELECTION, 3a42542b-a113-4e4a-912d-bb492a802489, group-81B64AF5C7B4, 2, (t:0, i:0))
2021-06-23 18:54:09,573 [grpc-default-executor-3] INFO  impl.VoteContext (VoteContext.java:log(48)) - f3d5ecac-0c0e-452b-b1da-f4ba84ea556e@group-81B64AF5C7B4-FOLLOWER: accept ELECTION from 3a42542b-a113-4e4a-912d-bb492a802489: our priority 0 <= candidate's priority 0
2021-06-23 18:54:09,573 [grpc-default-executor-3] INFO  server.RaftServer$Division (RaftServerImpl.java:setRole(284)) - f3d5ecac-0c0e-452b-b1da-f4ba84ea556e@group-81B64AF5C7B4: changes role from  FOLLOWER to FOLLOWER at term 2 for candidate:3a42542b-a113-4e4a-912d-bb492a802489
2021-06-23 18:54:09,573 [grpc-default-executor-3] INFO  impl.RoleInfo (RoleInfo.java:shutdownFollowerState(108)) - f3d5ecac-0c0e-452b-b1da-f4ba84ea556e: shutdown f3d5ecac-0c0e-452b-b1da-f4ba84ea556e@group-81B64AF5C7B4-FollowerState
2021-06-23 18:54:09,573 [grpc-default-executor-3] INFO  impl.RoleInfo (RoleInfo.java:updateAndGet(130)) - f3d5ecac-0c0e-452b-b1da-f4ba84ea556e: start f3d5ecac-0c0e-452b-b1da-f4ba84ea556e@group-81B64AF5C7B4-FollowerState
2021-06-23 18:54:09,574 [f3d5ecac-0c0e-452b-b1da-f4ba84ea556e@group-81B64AF5C7B4-FollowerState] INFO  impl.FollowerState (FollowerState.java:run(143)) - f3d5ecac-0c0e-452b-b1da-f4ba84ea556e@group-81B64AF5C7B4-FollowerState was interrupted: {}
java.lang.InterruptedException: sleep interrupted
	at java.lang.Thread.sleep(Native Method)
	at java.lang.Thread.sleep(Thread.java:340)
	at java.util.concurrent.TimeUnit.sleep(TimeUnit.java:386)
	at org.apache.ratis.util.TimeDuration.sleep(TimeDuration.java:324)
	at org.apache.ratis.util.TimeDuration.sleep(TimeDuration.java:309)
	at org.apache.ratis.server.impl.FollowerState.run(FollowerState.java:118)
2021-06-23 18:54:09,574 [grpc-default-executor-1] INFO  server.RaftServer$Division (RaftServerImpl.java:requestVote(1042)) - 3b2fbf51-ff76-4a94-9ac6-cea2acf7cb68@group-81B64AF5C7B4: receive requestVote(ELECTION, 3a42542b-a113-4e4a-912d-bb492a802489, group-81B64AF5C7B4, 2, (t:0, i:0))
2021-06-23 18:54:09,577 [grpc-default-executor-1] INFO  impl.VoteContext (VoteContext.java:log(48)) - 3b2fbf51-ff76-4a94-9ac6-cea2acf7cb68@group-81B64AF5C7B4-FOLLOWER: reject ELECTION from 3a42542b-a113-4e4a-912d-bb492a802489: our priority 1 > candidate's priority 0
2021-06-23 18:54:09,577 [grpc-default-executor-1] INFO  server.RaftServer$Division (RaftServerImpl.java:setRole(284)) - 3b2fbf51-ff76-4a94-9ac6-cea2acf7cb68@group-81B64AF5C7B4: changes role from  FOLLOWER to FOLLOWER at term 2 for candidate:3a42542b-a113-4e4a-912d-bb492a802489
2021-06-23 18:54:09,577 [grpc-default-executor-1] INFO  impl.RoleInfo (RoleInfo.java:shutdownFollowerState(108)) - 3b2fbf51-ff76-4a94-9ac6-cea2acf7cb68: shutdown 3b2fbf51-ff76-4a94-9ac6-cea2acf7cb68@group-81B64AF5C7B4-FollowerState
2021-06-23 18:54:09,577 [grpc-default-executor-1] INFO  impl.RoleInfo (RoleInfo.java:updateAndGet(130)) - 3b2fbf51-ff76-4a94-9ac6-cea2acf7cb68: start 3b2fbf51-ff76-4a94-9ac6-cea2acf7cb68@group-81B64AF5C7B4-FollowerState
2021-06-23 18:54:09,577 [3b2fbf51-ff76-4a94-9ac6-cea2acf7cb68@group-81B64AF5C7B4-FollowerState] INFO  impl.FollowerState (FollowerState.java:run(143)) - 3b2fbf51-ff76-4a94-9ac6-cea2acf7cb68@group-81B64AF5C7B4-FollowerState was interrupted: {}
java.lang.InterruptedException: sleep interrupted
	at java.lang.Thread.sleep(Native Method)
	at java.lang.Thread.sleep(Thread.java:340)
	at java.util.concurrent.TimeUnit.sleep(TimeUnit.java:386)
	at org.apache.ratis.util.TimeDuration.sleep(TimeDuration.java:324)
	at org.apache.ratis.util.TimeDuration.sleep(TimeDuration.java:309)
	at org.apache.ratis.server.impl.FollowerState.run(FollowerState.java:118)
2021-06-23 18:54:09,608 [grpc-default-executor-1] INFO  server.RaftServer$Division (RaftServerImpl.java:requestVote(1074)) - 3b2fbf51-ff76-4a94-9ac6-cea2acf7cb68@group-81B64AF5C7B4 replies to ELECTION vote request: 3a42542b-a113-4e4a-912d-bb492a802489<-3b2fbf51-ff76-4a94-9ac6-cea2acf7cb68#0:FAIL-t2. Peer's state: 3b2fbf51-ff76-4a94-9ac6-cea2acf7cb68@group-81B64AF5C7B4:t2, leader=null, voted=null, raftlog=3b2fbf51-ff76-4a94-9ac6-cea2acf7cb68@group-81B64AF5C7B4-SegmentedRaftLog:OPENED:c-1,f-1,i0, conf=-1: [3a42542b-a113-4e4a-912d-bb492a802489|rpc:10.1.0.43:38785|priority:0, 3b2fbf51-ff76-4a94-9ac6-cea2acf7cb68|rpc:10.1.0.43:38811|priority:1, f3d5ecac-0c0e-452b-b1da-f4ba84ea556e|rpc:10.1.0.43:40993|priority:0], old=null
2021-06-23 18:54:09,609 [3a42542b-a113-4e4a-912d-bb492a802489@group-81B64AF5C7B4-LeaderElection42] INFO  impl.LeaderElection (LeaderElection.java:logAndReturn(89)) - 3a42542b-a113-4e4a-912d-bb492a802489@group-81B64AF5C7B4-LeaderElection42: ELECTION REJECTED received 1 response(s) and 0 exception(s):
2021-06-23 18:54:09,609 [3a42542b-a113-4e4a-912d-bb492a802489@group-81B64AF5C7B4-LeaderElection42] INFO  impl.LeaderElection (LeaderElection.java:logAndReturn(93)) -   Response 0: 3a42542b-a113-4e4a-912d-bb492a802489<-3b2fbf51-ff76-4a94-9ac6-cea2acf7cb68#0:FAIL-t2
2021-06-23 18:54:09,609 [3a42542b-a113-4e4a-912d-bb492a802489@group-81B64AF5C7B4-LeaderElection42] INFO  impl.LeaderElection (LeaderElection.java:askForVotes(308)) - 3a42542b-a113-4e4a-912d-bb492a802489@group-81B64AF5C7B4-LeaderElection42 ELECTION round 0: result REJECTED
2021-06-23 18:54:09,609 [3a42542b-a113-4e4a-912d-bb492a802489@group-81B64AF5C7B4-LeaderElection42] INFO  server.RaftServer$Division (RaftServerImpl.java:setRole(284)) - 3a42542b-a113-4e4a-912d-bb492a802489@group-81B64AF5C7B4: changes role from CANDIDATE to FOLLOWER at term 2 for REJECTED
2021-06-23 18:54:09,609 [3a42542b-a113-4e4a-912d-bb492a802489@group-81B64AF5C7B4-LeaderElection42] INFO  impl.RoleInfo (RoleInfo.java:shutdownLeaderElection(121)) - 3a42542b-a113-4e4a-912d-bb492a802489: shutdown 3a42542b-a113-4e4a-912d-bb492a802489@group-81B64AF5C7B4-LeaderElection42
2021-06-23 18:54:09,609 [3a42542b-a113-4e4a-912d-bb492a802489@group-81B64AF5C7B4-LeaderElection42] INFO  impl.RoleInfo (RoleInfo.java:updateAndGet(130)) - 3a42542b-a113-4e4a-912d-bb492a802489: start 3a42542b-a113-4e4a-912d-bb492a802489@group-81B64AF5C7B4-FollowerState
2021-06-23 18:54:09,608 [grpc-default-executor-3] INFO  server.RaftServer$Division (RaftServerImpl.java:requestVote(1074)) - f3d5ecac-0c0e-452b-b1da-f4ba84ea556e@group-81B64AF5C7B4 replies to ELECTION vote request: 3a42542b-a113-4e4a-912d-bb492a802489<-f3d5ecac-0c0e-452b-b1da-f4ba84ea556e#0:OK-t2. Peer's state: f3d5ecac-0c0e-452b-b1da-f4ba84ea556e@group-81B64AF5C7B4:t2, leader=null, voted=3a42542b-a113-4e4a-912d-bb492a802489, raftlog=f3d5ecac-0c0e-452b-b1da-f4ba84ea556e@group-81B64AF5C7B4-SegmentedRaftLog:OPENED:c-1,f-1,i0, conf=-1: [3a42542b-a113-4e4a-912d-bb492a802489|rpc:10.1.0.43:38785|dataStream:|priority:0, 3b2fbf51-ff76-4a94-9ac6-cea2acf7cb68|rpc:10.1.0.43:38811|dataStream:|priority:1, f3d5ecac-0c0e-452b-b1da-f4ba84ea556e|rpc:10.1.0.43:40993|dataStream:|priority:0], old=null
2021-06-23 18:54:10,002 [c3729649-2bd6-4731-9653-79fd1afe8c9e@group-2DE7CEC348BC-FollowerState] INFO  impl.FollowerState (FollowerState.java:run(134)) - c3729649-2bd6-4731-9653-79fd1afe8c9e@group-2DE7CEC348BC-FollowerState: change to CANDIDATE, lastRpcElapsedTime:5074604036ns, electionTimeout:5065ms
2021-06-23 18:54:10,002 [c3729649-2bd6-4731-9653-79fd1afe8c9e@group-2DE7CEC348BC-FollowerState] INFO  impl.RoleInfo (RoleInfo.java:shutdownFollowerState(108)) - c3729649-2bd6-4731-9653-79fd1afe8c9e: shutdown c3729649-2bd6-4731-9653-79fd1afe8c9e@group-2DE7CEC348BC-FollowerState
2021-06-23 18:54:10,002 [c3729649-2bd6-4731-9653-79fd1afe8c9e@group-2DE7CEC348BC-FollowerState] INFO  server.RaftServer$Division (RaftServerImpl.java:setRole(284)) - c3729649-2bd6-4731-9653-79fd1afe8c9e@group-2DE7CEC348BC: changes role from  FOLLOWER to CANDIDATE at term 1 for changeToCandidate
2021-06-23 18:54:10,002 [c3729649-2bd6-4731-9653-79fd1afe8c9e@group-2DE7CEC348BC-FollowerState] INFO  server.RaftServerConfigKeys (ConfUtils.java:logGet(44)) - raft.server.leaderelection.pre-vote = false (custom)
2021-06-23 18:54:10,002 [c3729649-2bd6-4731-9653-79fd1afe8c9e@group-2DE7CEC348BC-FollowerState] INFO  impl.RoleInfo (RoleInfo.java:updateAndGet(130)) - c3729649-2bd6-4731-9653-79fd1afe8c9e: start c3729649-2bd6-4731-9653-79fd1afe8c9e@group-2DE7CEC348BC-LeaderElection43
2021-06-23 18:54:10,005 [Listener at 127.0.0.1/35407] INFO  ozone.MiniOzoneClusterImpl (MiniOzoneClusterImpl.java:lambda$waitForClusterToBeReady$0(227)) - Nodes are ready. Got 9 of 9 DN Heartbeats.
2021-06-23 18:54:10,005 [Listener at 127.0.0.1/35407] INFO  ozone.MiniOzoneClusterImpl (MiniOzoneClusterImpl.java:lambda$waitForClusterToBeReady$0(230)) - Cluster exits safe mode
2021-06-23 18:54:10,005 [Listener at 127.0.0.1/35407] INFO  ozone.MiniOzoneClusterImpl (MiniOzoneClusterImpl.java:lambda$waitForClusterToBeReady$0(232)) - SCM became leader
2021-06-23 18:54:10,005 [c3729649-2bd6-4731-9653-79fd1afe8c9e@group-2DE7CEC348BC-LeaderElection43] INFO  impl.LeaderElection (LeaderElection.java:askForVotes(306)) - c3729649-2bd6-4731-9653-79fd1afe8c9e@group-2DE7CEC348BC-LeaderElection43 ELECTION round 0: submit vote requests at term 2 for -1: [6bd27ae7-81f7-4e18-bc38-6f66a3d01c25|rpc:10.1.0.43:36253|dataStream:|priority:1, b5670674-baf7-4651-a658-bd3fb004b3cf|rpc:10.1.0.43:37311|dataStream:|priority:0, c3729649-2bd6-4731-9653-79fd1afe8c9e|rpc:10.1.0.43:39095|dataStream:|priority:0], old=null
2021-06-23 18:54:10,012 [grpc-default-executor-1] INFO  server.RaftServer$Division (RaftServerImpl.java:requestVote(1042)) - 6bd27ae7-81f7-4e18-bc38-6f66a3d01c25@group-2DE7CEC348BC: receive requestVote(ELECTION, c3729649-2bd6-4731-9653-79fd1afe8c9e, group-2DE7CEC348BC, 2, (t:0, i:0))
2021-06-23 18:54:10,014 [grpc-default-executor-1] INFO  impl.VoteContext (VoteContext.java:log(48)) - 6bd27ae7-81f7-4e18-bc38-6f66a3d01c25@group-2DE7CEC348BC-FOLLOWER: reject ELECTION from c3729649-2bd6-4731-9653-79fd1afe8c9e: our priority 1 > candidate's priority 0
2021-06-23 18:54:10,015 [grpc-default-executor-1] INFO  server.RaftServer$Division (RaftServerImpl.java:setRole(284)) - 6bd27ae7-81f7-4e18-bc38-6f66a3d01c25@group-2DE7CEC348BC: changes role from  FOLLOWER to FOLLOWER at term 2 for candidate:c3729649-2bd6-4731-9653-79fd1afe8c9e
2021-06-23 18:54:10,015 [grpc-default-executor-1] INFO  impl.RoleInfo (RoleInfo.java:shutdownFollowerState(108)) - 6bd27ae7-81f7-4e18-bc38-6f66a3d01c25: shutdown 6bd27ae7-81f7-4e18-bc38-6f66a3d01c25@group-2DE7CEC348BC-FollowerState
2021-06-23 18:54:10,015 [grpc-default-executor-1] INFO  impl.RoleInfo (RoleInfo.java:updateAndGet(130)) - 6bd27ae7-81f7-4e18-bc38-6f66a3d01c25: start 6bd27ae7-81f7-4e18-bc38-6f66a3d01c25@group-2DE7CEC348BC-FollowerState
2021-06-23 18:54:10,015 [6bd27ae7-81f7-4e18-bc38-6f66a3d01c25@group-2DE7CEC348BC-FollowerState] INFO  impl.FollowerState (FollowerState.java:run(143)) - 6bd27ae7-81f7-4e18-bc38-6f66a3d01c25@group-2DE7CEC348BC-FollowerState was interrupted: {}
java.lang.InterruptedException: sleep interrupted
	at java.lang.Thread.sleep(Native Method)
	at java.lang.Thread.sleep(Thread.java:340)
	at java.util.concurrent.TimeUnit.sleep(TimeUnit.java:386)
	at org.apache.ratis.util.TimeDuration.sleep(TimeDuration.java:324)
	at org.apache.ratis.util.TimeDuration.sleep(TimeDuration.java:309)
	at org.apache.ratis.server.impl.FollowerState.run(FollowerState.java:118)
2021-06-23 18:54:10,015 [Listener at 127.0.0.1/35407] INFO  rpc.RpcClient (RpcClient.java:createVolume(341)) - Creating Volume: watchforcommithandlingtest, with runner as owner and space quota set to -1 bytes, counts quota set to -1
2021-06-23 18:54:10,016 [grpc-default-executor-1] INFO  server.RaftServer$Division (RaftServerImpl.java:requestVote(1074)) - 6bd27ae7-81f7-4e18-bc38-6f66a3d01c25@group-2DE7CEC348BC replies to ELECTION vote request: c3729649-2bd6-4731-9653-79fd1afe8c9e<-6bd27ae7-81f7-4e18-bc38-6f66a3d01c25#0:FAIL-t2. Peer's state: 6bd27ae7-81f7-4e18-bc38-6f66a3d01c25@group-2DE7CEC348BC:t2, leader=null, voted=null, raftlog=6bd27ae7-81f7-4e18-bc38-6f66a3d01c25@group-2DE7CEC348BC-SegmentedRaftLog:OPENED:c-1,f-1,i0, conf=-1: [6bd27ae7-81f7-4e18-bc38-6f66a3d01c25|rpc:10.1.0.43:36253|dataStream:|priority:1, b5670674-baf7-4651-a658-bd3fb004b3cf|rpc:10.1.0.43:37311|dataStream:|priority:0, c3729649-2bd6-4731-9653-79fd1afe8c9e|rpc:10.1.0.43:39095|dataStream:|priority:0], old=null
2021-06-23 18:54:10,023 [c3729649-2bd6-4731-9653-79fd1afe8c9e@group-2DE7CEC348BC-LeaderElection43] INFO  impl.LeaderElection (LeaderElection.java:logAndReturn(89)) - c3729649-2bd6-4731-9653-79fd1afe8c9e@group-2DE7CEC348BC-LeaderElection43: ELECTION REJECTED received 1 response(s) and 0 exception(s):
2021-06-23 18:54:10,023 [c3729649-2bd6-4731-9653-79fd1afe8c9e@group-2DE7CEC348BC-LeaderElection43] INFO  impl.LeaderElection (LeaderElection.java:logAndReturn(93)) -   Response 0: c3729649-2bd6-4731-9653-79fd1afe8c9e<-6bd27ae7-81f7-4e18-bc38-6f66a3d01c25#0:FAIL-t2
2021-06-23 18:54:10,024 [c3729649-2bd6-4731-9653-79fd1afe8c9e@group-2DE7CEC348BC-LeaderElection43] INFO  impl.LeaderElection (LeaderElection.java:askForVotes(308)) - c3729649-2bd6-4731-9653-79fd1afe8c9e@group-2DE7CEC348BC-LeaderElection43 ELECTION round 0: result REJECTED
2021-06-23 18:54:10,024 [c3729649-2bd6-4731-9653-79fd1afe8c9e@group-2DE7CEC348BC-LeaderElection43] INFO  server.RaftServer$Division (RaftServerImpl.java:setRole(284)) - c3729649-2bd6-4731-9653-79fd1afe8c9e@group-2DE7CEC348BC: changes role from CANDIDATE to FOLLOWER at term 2 for REJECTED
2021-06-23 18:54:10,024 [c3729649-2bd6-4731-9653-79fd1afe8c9e@group-2DE7CEC348BC-LeaderElection43] INFO  impl.RoleInfo (RoleInfo.java:shutdownLeaderElection(121)) - c3729649-2bd6-4731-9653-79fd1afe8c9e: shutdown c3729649-2bd6-4731-9653-79fd1afe8c9e@group-2DE7CEC348BC-LeaderElection43
2021-06-23 18:54:10,024 [c3729649-2bd6-4731-9653-79fd1afe8c9e@group-2DE7CEC348BC-LeaderElection43] INFO  impl.RoleInfo (RoleInfo.java:updateAndGet(130)) - c3729649-2bd6-4731-9653-79fd1afe8c9e: start c3729649-2bd6-4731-9653-79fd1afe8c9e@group-2DE7CEC348BC-FollowerState
2021-06-23 18:54:10,024 [grpc-default-executor-1] INFO  server.RaftServer$Division (RaftServerImpl.java:requestVote(1042)) - b5670674-baf7-4651-a658-bd3fb004b3cf@group-2DE7CEC348BC: receive requestVote(ELECTION, c3729649-2bd6-4731-9653-79fd1afe8c9e, group-2DE7CEC348BC, 2, (t:0, i:0))
2021-06-23 18:54:10,024 [grpc-default-executor-1] INFO  impl.VoteContext (VoteContext.java:log(48)) - b5670674-baf7-4651-a658-bd3fb004b3cf@group-2DE7CEC348BC-FOLLOWER: accept ELECTION from c3729649-2bd6-4731-9653-79fd1afe8c9e: our priority 0 <= candidate's priority 0
2021-06-23 18:54:10,024 [grpc-default-executor-1] INFO  server.RaftServer$Division (RaftServerImpl.java:setRole(284)) - b5670674-baf7-4651-a658-bd3fb004b3cf@group-2DE7CEC348BC: changes role from  FOLLOWER to FOLLOWER at term 2 for candidate:c3729649-2bd6-4731-9653-79fd1afe8c9e
2021-06-23 18:54:10,024 [grpc-default-executor-1] INFO  impl.RoleInfo (RoleInfo.java:shutdownFollowerState(108)) - b5670674-baf7-4651-a658-bd3fb004b3cf: shutdown b5670674-baf7-4651-a658-bd3fb004b3cf@group-2DE7CEC348BC-FollowerState
2021-06-23 18:54:10,032 [grpc-default-executor-1] INFO  impl.RoleInfo (RoleInfo.java:updateAndGet(130)) - b5670674-baf7-4651-a658-bd3fb004b3cf: start b5670674-baf7-4651-a658-bd3fb004b3cf@group-2DE7CEC348BC-FollowerState
2021-06-23 18:54:10,032 [b5670674-baf7-4651-a658-bd3fb004b3cf@group-2DE7CEC348BC-FollowerState] INFO  impl.FollowerState (FollowerState.java:run(143)) - b5670674-baf7-4651-a658-bd3fb004b3cf@group-2DE7CEC348BC-FollowerState was interrupted: {}
java.lang.InterruptedException: sleep interrupted
	at java.lang.Thread.sleep(Native Method)
	at java.lang.Thread.sleep(Thread.java:340)
	at java.util.concurrent.TimeUnit.sleep(TimeUnit.java:386)
	at org.apache.ratis.util.TimeDuration.sleep(TimeDuration.java:324)
	at org.apache.ratis.util.TimeDuration.sleep(TimeDuration.java:309)
	at org.apache.ratis.server.impl.FollowerState.run(FollowerState.java:118)
2021-06-23 18:54:10,025 [OM StateMachine ApplyTransaction Thread - 0] INFO  volume.OMVolumeCreateRequest (OMVolumeCreateRequest.java:validateAndUpdateCache(195)) - created volume:watchforcommithandlingtest for user:runner
2021-06-23 18:54:10,034 [grpc-default-executor-1] INFO  server.RaftServer$Division (RaftServerImpl.java:requestVote(1074)) - b5670674-baf7-4651-a658-bd3fb004b3cf@group-2DE7CEC348BC replies to ELECTION vote request: c3729649-2bd6-4731-9653-79fd1afe8c9e<-b5670674-baf7-4651-a658-bd3fb004b3cf#0:OK-t2. Peer's state: b5670674-baf7-4651-a658-bd3fb004b3cf@group-2DE7CEC348BC:t2, leader=null, voted=c3729649-2bd6-4731-9653-79fd1afe8c9e, raftlog=b5670674-baf7-4651-a658-bd3fb004b3cf@group-2DE7CEC348BC-SegmentedRaftLog:OPENED:c-1,f-1,i0, conf=-1: [6bd27ae7-81f7-4e18-bc38-6f66a3d01c25|rpc:10.1.0.43:36253|priority:1, b5670674-baf7-4651-a658-bd3fb004b3cf|rpc:10.1.0.43:37311|priority:0, c3729649-2bd6-4731-9653-79fd1afe8c9e|rpc:10.1.0.43:39095|priority:0], old=null
2021-06-23 18:54:10,037 [Listener at 127.0.0.1/35407] INFO  rpc.RpcClient (RpcClient.java:createBucket(500)) - Creating Bucket: watchforcommithandlingtest/watchforcommithandlingtest, with Versioning false and Storage Type set to DISK and Encryption set to false 
2021-06-23 18:54:10,041 [Listener at 127.0.0.1/35407] INFO  ozone.MiniOzoneClusterImpl (MiniOzoneClusterImpl.java:getStorageContainerLocationClient(338)) - Creating StorageContainerLocationProtocol RPC client with address /0.0.0.0:37365
2021-06-23 18:54:10,046 [IPC Server handler 0 on default port 37365] INFO  ha.SequenceIdGenerator (SequenceIdGenerator.java:getNextId(127)) - Allocate a batch for containerId, change lastId from 0 to 1000.
2021-06-23 18:54:10,052 [Listener at 127.0.0.1/35407] INFO  metrics.RatisMetrics (RatisMetrics.java:lambda$create$0(36)) - Creating Metrics Registry : ratis.client_message_metrics.client-4D0718C8846F->e477ba1d-11c9-4e24-a1b5-67f71d65ae03
2021-06-23 18:54:14,274 [4a750d61-24e5-43ec-8266-94d98c9b7420@group-DD3CD69E62EB-FollowerState] INFO  impl.FollowerState (FollowerState.java:run(134)) - 4a750d61-24e5-43ec-8266-94d98c9b7420@group-DD3CD69E62EB-FollowerState: change to CANDIDATE, lastRpcElapsedTime:5060198255ns, electionTimeout:5043ms
2021-06-23 18:54:14,275 [4a750d61-24e5-43ec-8266-94d98c9b7420@group-DD3CD69E62EB-FollowerState] INFO  impl.RoleInfo (RoleInfo.java:shutdownFollowerState(108)) - 4a750d61-24e5-43ec-8266-94d98c9b7420: shutdown 4a750d61-24e5-43ec-8266-94d98c9b7420@group-DD3CD69E62EB-FollowerState
2021-06-23 18:54:14,275 [4a750d61-24e5-43ec-8266-94d98c9b7420@group-DD3CD69E62EB-FollowerState] INFO  server.RaftServer$Division (RaftServerImpl.java:setRole(284)) - 4a750d61-24e5-43ec-8266-94d98c9b7420@group-DD3CD69E62EB: changes role from  FOLLOWER to CANDIDATE at term 3 for changeToCandidate
2021-06-23 18:54:14,275 [4a750d61-24e5-43ec-8266-94d98c9b7420@group-DD3CD69E62EB-FollowerState] INFO  server.RaftServerConfigKeys (ConfUtils.java:logGet(44)) - raft.server.leaderelection.pre-vote = false (custom)
2021-06-23 18:54:14,275 [4a750d61-24e5-43ec-8266-94d98c9b7420@group-DD3CD69E62EB-FollowerState] INFO  impl.RoleInfo (RoleInfo.java:updateAndGet(130)) - 4a750d61-24e5-43ec-8266-94d98c9b7420: start 4a750d61-24e5-43ec-8266-94d98c9b7420@group-DD3CD69E62EB-LeaderElection44
2021-06-23 18:54:14,278 [4a750d61-24e5-43ec-8266-94d98c9b7420@group-DD3CD69E62EB-LeaderElection44] INFO  impl.LeaderElection (LeaderElection.java:askForVotes(306)) - 4a750d61-24e5-43ec-8266-94d98c9b7420@group-DD3CD69E62EB-LeaderElection44 ELECTION round 0: submit vote requests at term 4 for 0: [4a750d61-24e5-43ec-8266-94d98c9b7420|rpc:10.1.0.43:40063|dataStream:|priority:0, e477ba1d-11c9-4e24-a1b5-67f71d65ae03|rpc:10.1.0.43:46371|dataStream:|priority:1, b2abd95f-4cc9-4fa4-a4ec-5bbb2a845ab6|rpc:10.1.0.43:35929|dataStream:|priority:0], old=null
2021-06-23 18:54:14,281 [grpc-default-executor-4] INFO  server.RaftServer$Division (RaftServerImpl.java:requestVote(1042)) - e477ba1d-11c9-4e24-a1b5-67f71d65ae03@group-DD3CD69E62EB: receive requestVote(ELECTION, 4a750d61-24e5-43ec-8266-94d98c9b7420, group-DD3CD69E62EB, 4, (t:2, i:0))
2021-06-23 18:54:14,281 [grpc-default-executor-4] INFO  impl.VoteContext (VoteContext.java:log(48)) - e477ba1d-11c9-4e24-a1b5-67f71d65ae03@group-DD3CD69E62EB-FOLLOWER: reject ELECTION from 4a750d61-24e5-43ec-8266-94d98c9b7420: our priority 1 > candidate's priority 0
2021-06-23 18:54:14,281 [grpc-default-executor-4] INFO  server.RaftServer$Division (RaftServerImpl.java:setRole(284)) - e477ba1d-11c9-4e24-a1b5-67f71d65ae03@group-DD3CD69E62EB: changes role from  FOLLOWER to FOLLOWER at term 4 for candidate:4a750d61-24e5-43ec-8266-94d98c9b7420
2021-06-23 18:54:14,281 [grpc-default-executor-4] INFO  impl.RoleInfo (RoleInfo.java:shutdownFollowerState(108)) - e477ba1d-11c9-4e24-a1b5-67f71d65ae03: shutdown e477ba1d-11c9-4e24-a1b5-67f71d65ae03@group-DD3CD69E62EB-FollowerState
2021-06-23 18:54:14,281 [grpc-default-executor-4] INFO  impl.RoleInfo (RoleInfo.java:updateAndGet(130)) - e477ba1d-11c9-4e24-a1b5-67f71d65ae03: start e477ba1d-11c9-4e24-a1b5-67f71d65ae03@group-DD3CD69E62EB-FollowerState
2021-06-23 18:54:14,283 [e477ba1d-11c9-4e24-a1b5-67f71d65ae03@group-DD3CD69E62EB-FollowerState] INFO  impl.FollowerState (FollowerState.java:run(143)) - e477ba1d-11c9-4e24-a1b5-67f71d65ae03@group-DD3CD69E62EB-FollowerState was interrupted: {}
java.lang.InterruptedException: sleep interrupted
	at java.lang.Thread.sleep(Native Method)
	at java.lang.Thread.sleep(Thread.java:340)
	at java.util.concurrent.TimeUnit.sleep(TimeUnit.java:386)
	at org.apache.ratis.util.TimeDuration.sleep(TimeDuration.java:324)
	at org.apache.ratis.util.TimeDuration.sleep(TimeDuration.java:309)
	at org.apache.ratis.server.impl.FollowerState.run(FollowerState.java:118)
2021-06-23 18:54:14,281 [grpc-default-executor-3] INFO  server.RaftServer$Division (RaftServerImpl.java:requestVote(1042)) - b2abd95f-4cc9-4fa4-a4ec-5bbb2a845ab6@group-DD3CD69E62EB: receive requestVote(ELECTION, 4a750d61-24e5-43ec-8266-94d98c9b7420, group-DD3CD69E62EB, 4, (t:2, i:0))
2021-06-23 18:54:14,284 [grpc-default-executor-3] INFO  impl.VoteContext (VoteContext.java:log(48)) - b2abd95f-4cc9-4fa4-a4ec-5bbb2a845ab6@group-DD3CD69E62EB-FOLLOWER: accept ELECTION from 4a750d61-24e5-43ec-8266-94d98c9b7420: our last entry null < candidate's last entry (t:2, i:0)
2021-06-23 18:54:14,284 [grpc-default-executor-3] INFO  server.RaftServer$Division (RaftServerImpl.java:setRole(284)) - b2abd95f-4cc9-4fa4-a4ec-5bbb2a845ab6@group-DD3CD69E62EB: changes role from  FOLLOWER to FOLLOWER at term 4 for candidate:4a750d61-24e5-43ec-8266-94d98c9b7420
2021-06-23 18:54:14,284 [grpc-default-executor-3] INFO  impl.RoleInfo (RoleInfo.java:shutdownFollowerState(108)) - b2abd95f-4cc9-4fa4-a4ec-5bbb2a845ab6: shutdown b2abd95f-4cc9-4fa4-a4ec-5bbb2a845ab6@group-DD3CD69E62EB-FollowerState
2021-06-23 18:54:14,286 [grpc-default-executor-3] INFO  impl.RoleInfo (RoleInfo.java:updateAndGet(130)) - b2abd95f-4cc9-4fa4-a4ec-5bbb2a845ab6: start b2abd95f-4cc9-4fa4-a4ec-5bbb2a845ab6@group-DD3CD69E62EB-FollowerState
2021-06-23 18:54:14,286 [b2abd95f-4cc9-4fa4-a4ec-5bbb2a845ab6@group-DD3CD69E62EB-FollowerState] INFO  impl.FollowerState (FollowerState.java:run(143)) - b2abd95f-4cc9-4fa4-a4ec-5bbb2a845ab6@group-DD3CD69E62EB-FollowerState was interrupted: {}
java.lang.InterruptedException: sleep interrupted
	at java.lang.Thread.sleep(Native Method)
	at java.lang.Thread.sleep(Thread.java:340)
	at java.util.concurrent.TimeUnit.sleep(TimeUnit.java:386)
	at org.apache.ratis.util.TimeDuration.sleep(TimeDuration.java:324)
	at org.apache.ratis.util.TimeDuration.sleep(TimeDuration.java:309)
	at org.apache.ratis.server.impl.FollowerState.run(FollowerState.java:118)
2021-06-23 18:54:14,288 [grpc-default-executor-4] INFO  server.RaftServer$Division (RaftServerImpl.java:requestVote(1074)) - e477ba1d-11c9-4e24-a1b5-67f71d65ae03@group-DD3CD69E62EB replies to ELECTION vote request: 4a750d61-24e5-43ec-8266-94d98c9b7420<-e477ba1d-11c9-4e24-a1b5-67f71d65ae03#0:FAIL-t4. Peer's state: e477ba1d-11c9-4e24-a1b5-67f71d65ae03@group-DD3CD69E62EB:t4, leader=null, voted=null, raftlog=e477ba1d-11c9-4e24-a1b5-67f71d65ae03@group-DD3CD69E62EB-SegmentedRaftLog:OPENED:c0,f0,i0, conf=0: [4a750d61-24e5-43ec-8266-94d98c9b7420|rpc:10.1.0.43:40063|dataStream:|priority:0, e477ba1d-11c9-4e24-a1b5-67f71d65ae03|rpc:10.1.0.43:46371|dataStream:|priority:1, b2abd95f-4cc9-4fa4-a4ec-5bbb2a845ab6|rpc:10.1.0.43:35929|dataStream:|priority:0], old=null
2021-06-23 18:54:14,289 [4a750d61-24e5-43ec-8266-94d98c9b7420@group-DD3CD69E62EB-LeaderElection44] INFO  impl.LeaderElection (LeaderElection.java:logAndReturn(89)) - 4a750d61-24e5-43ec-8266-94d98c9b7420@group-DD3CD69E62EB-LeaderElection44: ELECTION REJECTED received 1 response(s) and 0 exception(s):
2021-06-23 18:54:14,289 [4a750d61-24e5-43ec-8266-94d98c9b7420@group-DD3CD69E62EB-LeaderElection44] INFO  impl.LeaderElection (LeaderElection.java:logAndReturn(93)) -   Response 0: 4a750d61-24e5-43ec-8266-94d98c9b7420<-e477ba1d-11c9-4e24-a1b5-67f71d65ae03#0:FAIL-t4
2021-06-23 18:54:14,289 [4a750d61-24e5-43ec-8266-94d98c9b7420@group-DD3CD69E62EB-LeaderElection44] INFO  impl.LeaderElection (LeaderElection.java:askForVotes(308)) - 4a750d61-24e5-43ec-8266-94d98c9b7420@group-DD3CD69E62EB-LeaderElection44 ELECTION round 0: result REJECTED
2021-06-23 18:54:14,289 [4a750d61-24e5-43ec-8266-94d98c9b7420@group-DD3CD69E62EB-LeaderElection44] INFO  server.RaftServer$Division (RaftServerImpl.java:setRole(284)) - 4a750d61-24e5-43ec-8266-94d98c9b7420@group-DD3CD69E62EB: changes role from CANDIDATE to FOLLOWER at term 4 for REJECTED
2021-06-23 18:54:14,289 [4a750d61-24e5-43ec-8266-94d98c9b7420@group-DD3CD69E62EB-LeaderElection44] INFO  impl.RoleInfo (RoleInfo.java:shutdownLeaderElection(121)) - 4a750d61-24e5-43ec-8266-94d98c9b7420: shutdown 4a750d61-24e5-43ec-8266-94d98c9b7420@group-DD3CD69E62EB-LeaderElection44
2021-06-23 18:54:14,289 [4a750d61-24e5-43ec-8266-94d98c9b7420@group-DD3CD69E62EB-LeaderElection44] INFO  impl.RoleInfo (RoleInfo.java:updateAndGet(130)) - 4a750d61-24e5-43ec-8266-94d98c9b7420: start 4a750d61-24e5-43ec-8266-94d98c9b7420@group-DD3CD69E62EB-FollowerState
2021-06-23 18:54:14,289 [grpc-default-executor-3] INFO  server.RaftServer$Division (RaftServerImpl.java:requestVote(1074)) - b2abd95f-4cc9-4fa4-a4ec-5bbb2a845ab6@group-DD3CD69E62EB replies to ELECTION vote request: 4a750d61-24e5-43ec-8266-94d98c9b7420<-b2abd95f-4cc9-4fa4-a4ec-5bbb2a845ab6#0:OK-t4. Peer's state: b2abd95f-4cc9-4fa4-a4ec-5bbb2a845ab6@group-DD3CD69E62EB:t4, leader=null, voted=4a750d61-24e5-43ec-8266-94d98c9b7420, raftlog=b2abd95f-4cc9-4fa4-a4ec-5bbb2a845ab6@group-DD3CD69E62EB-SegmentedRaftLog:OPENED:c-1,f-1,i0, conf=-1: [4a750d61-24e5-43ec-8266-94d98c9b7420|rpc:10.1.0.43:40063|dataStream:|priority:0, e477ba1d-11c9-4e24-a1b5-67f71d65ae03|rpc:10.1.0.43:46371|dataStream:|priority:1, b2abd95f-4cc9-4fa4-a4ec-5bbb2a845ab6|rpc:10.1.0.43:35929|dataStream:|priority:0], old=null
2021-06-23 18:54:14,614 [3b2fbf51-ff76-4a94-9ac6-cea2acf7cb68@group-81B64AF5C7B4-FollowerState] INFO  impl.FollowerState (FollowerState.java:run(134)) - 3b2fbf51-ff76-4a94-9ac6-cea2acf7cb68@group-81B64AF5C7B4-FollowerState: change to CANDIDATE, lastRpcElapsedTime:5037594037ns, electionTimeout:5007ms
2021-06-23 18:54:14,615 [3b2fbf51-ff76-4a94-9ac6-cea2acf7cb68@group-81B64AF5C7B4-FollowerState] INFO  impl.RoleInfo (RoleInfo.java:shutdownFollowerState(108)) - 3b2fbf51-ff76-4a94-9ac6-cea2acf7cb68: shutdown 3b2fbf51-ff76-4a94-9ac6-cea2acf7cb68@group-81B64AF5C7B4-FollowerState
2021-06-23 18:54:14,615 [3b2fbf51-ff76-4a94-9ac6-cea2acf7cb68@group-81B64AF5C7B4-FollowerState] INFO  server.RaftServer$Division (RaftServerImpl.java:setRole(284)) - 3b2fbf51-ff76-4a94-9ac6-cea2acf7cb68@group-81B64AF5C7B4: changes role from  FOLLOWER to CANDIDATE at term 2 for changeToCandidate
2021-06-23 18:54:14,615 [3b2fbf51-ff76-4a94-9ac6-cea2acf7cb68@group-81B64AF5C7B4-FollowerState] INFO  server.RaftServerConfigKeys (ConfUtils.java:logGet(44)) - raft.server.leaderelection.pre-vote = false (custom)
2021-06-23 18:54:14,615 [3b2fbf51-ff76-4a94-9ac6-cea2acf7cb68@group-81B64AF5C7B4-FollowerState] INFO  impl.RoleInfo (RoleInfo.java:updateAndGet(130)) - 3b2fbf51-ff76-4a94-9ac6-cea2acf7cb68: start 3b2fbf51-ff76-4a94-9ac6-cea2acf7cb68@group-81B64AF5C7B4-LeaderElection45
2021-06-23 18:54:14,617 [3b2fbf51-ff76-4a94-9ac6-cea2acf7cb68@group-81B64AF5C7B4-LeaderElection45] INFO  impl.LeaderElection (LeaderElection.java:askForVotes(306)) - 3b2fbf51-ff76-4a94-9ac6-cea2acf7cb68@group-81B64AF5C7B4-LeaderElection45 ELECTION round 0: submit vote requests at term 3 for -1: [3a42542b-a113-4e4a-912d-bb492a802489|rpc:10.1.0.43:38785|priority:0, 3b2fbf51-ff76-4a94-9ac6-cea2acf7cb68|rpc:10.1.0.43:38811|priority:1, f3d5ecac-0c0e-452b-b1da-f4ba84ea556e|rpc:10.1.0.43:40993|priority:0], old=null
2021-06-23 18:54:14,628 [grpc-default-executor-3] INFO  server.RaftServer$Division (RaftServerImpl.java:requestVote(1042)) - f3d5ecac-0c0e-452b-b1da-f4ba84ea556e@group-81B64AF5C7B4: receive requestVote(ELECTION, 3b2fbf51-ff76-4a94-9ac6-cea2acf7cb68, group-81B64AF5C7B4, 3, (t:0, i:0))
2021-06-23 18:54:14,628 [grpc-default-executor-3] INFO  impl.VoteContext (VoteContext.java:log(48)) - f3d5ecac-0c0e-452b-b1da-f4ba84ea556e@group-81B64AF5C7B4-FOLLOWER: accept ELECTION from 3b2fbf51-ff76-4a94-9ac6-cea2acf7cb68: our priority 0 <= candidate's priority 1
2021-06-23 18:54:14,628 [grpc-default-executor-3] INFO  server.RaftServer$Division (RaftServerImpl.java:setRole(284)) - f3d5ecac-0c0e-452b-b1da-f4ba84ea556e@group-81B64AF5C7B4: changes role from  FOLLOWER to FOLLOWER at term 3 for candidate:3b2fbf51-ff76-4a94-9ac6-cea2acf7cb68
2021-06-23 18:54:14,628 [grpc-default-executor-3] INFO  impl.RoleInfo (RoleInfo.java:shutdownFollowerState(108)) - f3d5ecac-0c0e-452b-b1da-f4ba84ea556e: shutdown f3d5ecac-0c0e-452b-b1da-f4ba84ea556e@group-81B64AF5C7B4-FollowerState
2021-06-23 18:54:14,629 [grpc-default-executor-3] INFO  impl.RoleInfo (RoleInfo.java:updateAndGet(130)) - f3d5ecac-0c0e-452b-b1da-f4ba84ea556e: start f3d5ecac-0c0e-452b-b1da-f4ba84ea556e@group-81B64AF5C7B4-FollowerState
2021-06-23 18:54:14,629 [f3d5ecac-0c0e-452b-b1da-f4ba84ea556e@group-81B64AF5C7B4-FollowerState] INFO  impl.FollowerState (FollowerState.java:run(143)) - f3d5ecac-0c0e-452b-b1da-f4ba84ea556e@group-81B64AF5C7B4-FollowerState was interrupted: {}
java.lang.InterruptedException: sleep interrupted
	at java.lang.Thread.sleep(Native Method)
	at java.lang.Thread.sleep(Thread.java:340)
	at java.util.concurrent.TimeUnit.sleep(TimeUnit.java:386)
	at org.apache.ratis.util.TimeDuration.sleep(TimeDuration.java:324)
	at org.apache.ratis.util.TimeDuration.sleep(TimeDuration.java:309)
	at org.apache.ratis.server.impl.FollowerState.run(FollowerState.java:118)
2021-06-23 18:54:14,634 [grpc-default-executor-3] INFO  server.RaftServer$Division (RaftServerImpl.java:requestVote(1074)) - f3d5ecac-0c0e-452b-b1da-f4ba84ea556e@group-81B64AF5C7B4 replies to ELECTION vote request: 3b2fbf51-ff76-4a94-9ac6-cea2acf7cb68<-f3d5ecac-0c0e-452b-b1da-f4ba84ea556e#0:OK-t3. Peer's state: f3d5ecac-0c0e-452b-b1da-f4ba84ea556e@group-81B64AF5C7B4:t3, leader=null, voted=3b2fbf51-ff76-4a94-9ac6-cea2acf7cb68, raftlog=f3d5ecac-0c0e-452b-b1da-f4ba84ea556e@group-81B64AF5C7B4-SegmentedRaftLog:OPENED:c-1,f-1,i0, conf=-1: [3a42542b-a113-4e4a-912d-bb492a802489|rpc:10.1.0.43:38785|dataStream:|priority:0, 3b2fbf51-ff76-4a94-9ac6-cea2acf7cb68|rpc:10.1.0.43:38811|dataStream:|priority:1, f3d5ecac-0c0e-452b-b1da-f4ba84ea556e|rpc:10.1.0.43:40993|dataStream:|priority:0], old=null
2021-06-23 18:54:14,635 [grpc-default-executor-4] INFO  server.RaftServer$Division (RaftServerImpl.java:requestVote(1042)) - 3a42542b-a113-4e4a-912d-bb492a802489@group-81B64AF5C7B4: receive requestVote(ELECTION, 3b2fbf51-ff76-4a94-9ac6-cea2acf7cb68, group-81B64AF5C7B4, 3, (t:0, i:0))
2021-06-23 18:54:14,635 [grpc-default-executor-4] INFO  impl.VoteContext (VoteContext.java:log(48)) - 3a42542b-a113-4e4a-912d-bb492a802489@group-81B64AF5C7B4-FOLLOWER: accept ELECTION from 3b2fbf51-ff76-4a94-9ac6-cea2acf7cb68: our priority 0 <= candidate's priority 1
2021-06-23 18:54:14,635 [grpc-default-executor-4] INFO  server.RaftServer$Division (RaftServerImpl.java:setRole(284)) - 3a42542b-a113-4e4a-912d-bb492a802489@group-81B64AF5C7B4: changes role from  FOLLOWER to FOLLOWER at term 3 for candidate:3b2fbf51-ff76-4a94-9ac6-cea2acf7cb68
2021-06-23 18:54:14,635 [grpc-default-executor-4] INFO  impl.RoleInfo (RoleInfo.java:shutdownFollowerState(108)) - 3a42542b-a113-4e4a-912d-bb492a802489: shutdown 3a42542b-a113-4e4a-912d-bb492a802489@group-81B64AF5C7B4-FollowerState
2021-06-23 18:54:14,635 [grpc-default-executor-4] INFO  impl.RoleInfo (RoleInfo.java:updateAndGet(130)) - 3a42542b-a113-4e4a-912d-bb492a802489: start 3a42542b-a113-4e4a-912d-bb492a802489@group-81B64AF5C7B4-FollowerState
2021-06-23 18:54:14,635 [3a42542b-a113-4e4a-912d-bb492a802489@group-81B64AF5C7B4-FollowerState] INFO  impl.FollowerState (FollowerState.java:run(143)) - 3a42542b-a113-4e4a-912d-bb492a802489@group-81B64AF5C7B4-FollowerState was interrupted: {}
java.lang.InterruptedException: sleep interrupted
	at java.lang.Thread.sleep(Native Method)
	at java.lang.Thread.sleep(Thread.java:340)
	at java.util.concurrent.TimeUnit.sleep(TimeUnit.java:386)
	at org.apache.ratis.util.TimeDuration.sleep(TimeDuration.java:324)
	at org.apache.ratis.util.TimeDuration.sleep(TimeDuration.java:309)
	at org.apache.ratis.server.impl.FollowerState.run(FollowerState.java:118)
2021-06-23 18:54:14,636 [3b2fbf51-ff76-4a94-9ac6-cea2acf7cb68@group-81B64AF5C7B4-LeaderElection45] INFO  impl.LeaderElection (LeaderElection.java:logAndReturn(89)) - 3b2fbf51-ff76-4a94-9ac6-cea2acf7cb68@group-81B64AF5C7B4-LeaderElection45: ELECTION PASSED received 1 response(s) and 0 exception(s):
2021-06-23 18:54:14,636 [3b2fbf51-ff76-4a94-9ac6-cea2acf7cb68@group-81B64AF5C7B4-LeaderElection45] INFO  impl.LeaderElection (LeaderElection.java:logAndReturn(93)) -   Response 0: 3b2fbf51-ff76-4a94-9ac6-cea2acf7cb68<-f3d5ecac-0c0e-452b-b1da-f4ba84ea556e#0:OK-t3
2021-06-23 18:54:14,636 [3b2fbf51-ff76-4a94-9ac6-cea2acf7cb68@group-81B64AF5C7B4-LeaderElection45] INFO  impl.LeaderElection (LeaderElection.java:askForVotes(308)) - 3b2fbf51-ff76-4a94-9ac6-cea2acf7cb68@group-81B64AF5C7B4-LeaderElection45 ELECTION round 0: result PASSED
2021-06-23 18:54:14,637 [3b2fbf51-ff76-4a94-9ac6-cea2acf7cb68@group-81B64AF5C7B4-LeaderElection45] INFO  impl.RoleInfo (RoleInfo.java:shutdownLeaderElection(121)) - 3b2fbf51-ff76-4a94-9ac6-cea2acf7cb68: shutdown 3b2fbf51-ff76-4a94-9ac6-cea2acf7cb68@group-81B64AF5C7B4-LeaderElection45
2021-06-23 18:54:14,637 [grpc-default-executor-4] INFO  server.RaftServer$Division (RaftServerImpl.java:requestVote(1074)) - 3a42542b-a113-4e4a-912d-bb492a802489@group-81B64AF5C7B4 replies to ELECTION vote request: 3b2fbf51-ff76-4a94-9ac6-cea2acf7cb68<-3a42542b-a113-4e4a-912d-bb492a802489#0:OK-t3. Peer's state: 3a42542b-a113-4e4a-912d-bb492a802489@group-81B64AF5C7B4:t3, leader=null, voted=3b2fbf51-ff76-4a94-9ac6-cea2acf7cb68, raftlog=3a42542b-a113-4e4a-912d-bb492a802489@group-81B64AF5C7B4-SegmentedRaftLog:OPENED:c-1,f-1,i0, conf=-1: [3a42542b-a113-4e4a-912d-bb492a802489|rpc:10.1.0.43:38785|dataStream:|priority:0, 3b2fbf51-ff76-4a94-9ac6-cea2acf7cb68|rpc:10.1.0.43:38811|dataStream:|priority:1, f3d5ecac-0c0e-452b-b1da-f4ba84ea556e|rpc:10.1.0.43:40993|dataStream:|priority:0], old=null
2021-06-23 18:54:14,637 [3b2fbf51-ff76-4a94-9ac6-cea2acf7cb68@group-81B64AF5C7B4-LeaderElection45] INFO  server.RaftServer$Division (RaftServerImpl.java:setRole(284)) - 3b2fbf51-ff76-4a94-9ac6-cea2acf7cb68@group-81B64AF5C7B4: changes role from CANDIDATE to LEADER at term 3 for changeToLeader
2021-06-23 18:54:14,637 [3b2fbf51-ff76-4a94-9ac6-cea2acf7cb68@group-81B64AF5C7B4-LeaderElection45] INFO  ratis.XceiverServerRatis (XceiverServerRatis.java:handleLeaderChangedNotification(857)) - Leader change notification received for group: group-81B64AF5C7B4 with new leaderId: 3b2fbf51-ff76-4a94-9ac6-cea2acf7cb68
2021-06-23 18:54:14,637 [3b2fbf51-ff76-4a94-9ac6-cea2acf7cb68@group-81B64AF5C7B4-LeaderElection45] INFO  server.RaftServer$Division (ServerState.java:setLeader(271)) - 3b2fbf51-ff76-4a94-9ac6-cea2acf7cb68@group-81B64AF5C7B4: change Leader from null to 3b2fbf51-ff76-4a94-9ac6-cea2acf7cb68 at term 3 for becomeLeader, leader elected after 15233ms
2021-06-23 18:54:14,637 [3b2fbf51-ff76-4a94-9ac6-cea2acf7cb68@group-81B64AF5C7B4-LeaderElection45] INFO  server.RaftServerConfigKeys (ConfUtils.java:logGet(44)) - raft.server.staging.catchup.gap = 1000 (default)
2021-06-23 18:54:14,637 [3b2fbf51-ff76-4a94-9ac6-cea2acf7cb68@group-81B64AF5C7B4-LeaderElection45] INFO  metrics.RatisMetrics (RatisMetrics.java:lambda$create$0(36)) - Creating Metrics Registry : ratis.log_appender.3b2fbf51-ff76-4a94-9ac6-cea2acf7cb68@group-81B64AF5C7B4
2021-06-23 18:54:14,638 [3b2fbf51-ff76-4a94-9ac6-cea2acf7cb68@group-81B64AF5C7B4-LeaderElection45] INFO  server.RaftServerConfigKeys (ConfUtils.java:logGet(44)) - raft.server.write.element-limit = 1024 (custom)
2021-06-23 18:54:14,638 [3b2fbf51-ff76-4a94-9ac6-cea2acf7cb68@group-81B64AF5C7B4-LeaderElection45] INFO  server.RaftServerConfigKeys (ConfUtils.java:logGet(44)) - raft.server.write.byte-limit = 1073741824 (custom)
2021-06-23 18:54:14,639 [3b2fbf51-ff76-4a94-9ac6-cea2acf7cb68@group-81B64AF5C7B4-LeaderElection45] INFO  server.RaftServerConfigKeys (ConfUtils.java:logGet(44)) - raft.server.watch.timeout = 3000ms (custom)
2021-06-23 18:54:14,639 [3b2fbf51-ff76-4a94-9ac6-cea2acf7cb68@group-81B64AF5C7B4-LeaderElection45] INFO  server.RaftServerConfigKeys (ConfUtils.java:logGet(44)) - raft.server.watch.timeout.denomination = 1s (default)
2021-06-23 18:54:14,639 [3b2fbf51-ff76-4a94-9ac6-cea2acf7cb68@group-81B64AF5C7B4-LeaderElection45] INFO  server.RaftServerConfigKeys (ConfUtils.java:logGet(44)) - raft.server.watch.element-limit = 65536 (default)
2021-06-23 18:54:14,639 [3b2fbf51-ff76-4a94-9ac6-cea2acf7cb68@group-81B64AF5C7B4-LeaderElection45] INFO  server.RaftServerConfigKeys (ConfUtils.java:logGet(44)) - raft.server.log.appender.snapshot.chunk.size.max = 16MB (=16777216) (default)
2021-06-23 18:54:14,639 [3b2fbf51-ff76-4a94-9ac6-cea2acf7cb68@group-81B64AF5C7B4-LeaderElection45] INFO  server.RaftServerConfigKeys (ConfUtils.java:logGet(44)) - raft.server.log.appender.buffer.byte-limit = 33554432 (custom)
2021-06-23 18:54:14,639 [3b2fbf51-ff76-4a94-9ac6-cea2acf7cb68@group-81B64AF5C7B4-LeaderElection45] INFO  server.RaftServerConfigKeys (ConfUtils.java:logGet(44)) - raft.server.log.appender.buffer.element-limit = 1 (custom)
2021-06-23 18:54:14,639 [3b2fbf51-ff76-4a94-9ac6-cea2acf7cb68@group-81B64AF5C7B4-LeaderElection45] INFO  grpc.GrpcConfigKeys (ConfUtils.java:logGet(44)) - raft.grpc.server.leader.outstanding.appends.max = 128 (default)
2021-06-23 18:54:14,639 [3b2fbf51-ff76-4a94-9ac6-cea2acf7cb68@group-81B64AF5C7B4-LeaderElection45] INFO  server.RaftServerConfigKeys (ConfUtils.java:logGet(44)) - raft.server.rpc.request.timeout = 3000ms (default)
2021-06-23 18:54:14,639 [3b2fbf51-ff76-4a94-9ac6-cea2acf7cb68@group-81B64AF5C7B4-LeaderElection45] INFO  server.RaftServerConfigKeys (ConfUtils.java:logGet(44)) - raft.server.log.appender.install.snapshot.enabled = false (custom)
2021-06-23 18:54:14,640 [3b2fbf51-ff76-4a94-9ac6-cea2acf7cb68@group-81B64AF5C7B4-LeaderElection45] INFO  metrics.RatisMetrics (RatisMetrics.java:lambda$create$0(36)) - Creating Metrics Registry : ratis_grpc.log_appender.3b2fbf51-ff76-4a94-9ac6-cea2acf7cb68@group-81B64AF5C7B4
2021-06-23 18:54:14,640 [3b2fbf51-ff76-4a94-9ac6-cea2acf7cb68@group-81B64AF5C7B4-LeaderElection45] INFO  server.RaftServerConfigKeys (ConfUtils.java:logGet(44)) - raft.server.log.appender.snapshot.chunk.size.max = 16MB (=16777216) (default)
2021-06-23 18:54:14,640 [3b2fbf51-ff76-4a94-9ac6-cea2acf7cb68@group-81B64AF5C7B4-LeaderElection45] INFO  server.RaftServerConfigKeys (ConfUtils.java:logGet(44)) - raft.server.log.appender.buffer.byte-limit = 33554432 (custom)
2021-06-23 18:54:14,641 [3b2fbf51-ff76-4a94-9ac6-cea2acf7cb68@group-81B64AF5C7B4-LeaderElection45] INFO  server.RaftServerConfigKeys (ConfUtils.java:logGet(44)) - raft.server.log.appender.buffer.element-limit = 1 (custom)
2021-06-23 18:54:14,641 [3b2fbf51-ff76-4a94-9ac6-cea2acf7cb68@group-81B64AF5C7B4-LeaderElection45] INFO  grpc.GrpcConfigKeys (ConfUtils.java:logGet(44)) - raft.grpc.server.leader.outstanding.appends.max = 128 (default)
2021-06-23 18:54:14,641 [3b2fbf51-ff76-4a94-9ac6-cea2acf7cb68@group-81B64AF5C7B4-LeaderElection45] INFO  server.RaftServerConfigKeys (ConfUtils.java:logGet(44)) - raft.server.rpc.request.timeout = 3000ms (default)
2021-06-23 18:54:14,641 [3b2fbf51-ff76-4a94-9ac6-cea2acf7cb68@group-81B64AF5C7B4-LeaderElection45] INFO  server.RaftServerConfigKeys (ConfUtils.java:logGet(44)) - raft.server.log.appender.install.snapshot.enabled = false (custom)
2021-06-23 18:54:14,641 [3b2fbf51-ff76-4a94-9ac6-cea2acf7cb68@group-81B64AF5C7B4-LeaderElection45] INFO  impl.RoleInfo (RoleInfo.java:updateAndGet(130)) - 3b2fbf51-ff76-4a94-9ac6-cea2acf7cb68: start 3b2fbf51-ff76-4a94-9ac6-cea2acf7cb68@group-81B64AF5C7B4-LeaderStateImpl
2021-06-23 18:54:14,642 [3b2fbf51-ff76-4a94-9ac6-cea2acf7cb68@group-81B64AF5C7B4-LeaderElection45] INFO  segmented.SegmentedRaftLogWorker (SegmentedRaftLogWorker.java:startLogSegment(394)) - 3b2fbf51-ff76-4a94-9ac6-cea2acf7cb68@group-81B64AF5C7B4-SegmentedRaftLogWorker: Starting segment from index:0
2021-06-23 18:54:14,648 [3b2fbf51-ff76-4a94-9ac6-cea2acf7cb68@group-81B64AF5C7B4-SegmentedRaftLogWorker] INFO  segmented.SegmentedRaftLogWorker (SegmentedRaftLogWorker.java:execute(601)) - 3b2fbf51-ff76-4a94-9ac6-cea2acf7cb68@group-81B64AF5C7B4-SegmentedRaftLogWorker: created new log segment /home/runner/work/ozone/ozone/mnt/ozone/hadoop-ozone/integration-test/target/test-dir/MiniOzoneClusterImpl-2ba833d5-1ba9-439d-9c86-26ba043c4450/datanode-3/data/ratis/54f6406b-45dc-4f09-8b7b-81b64af5c7b4/current/log_inprogress_0
2021-06-23 18:54:14,649 [EventQueue-PipelineReportForPipelineReportHandler] INFO  pipeline.PipelineManagerV2Impl (PipelineManagerV2Impl.java:openPipeline(270)) - Pipeline Pipeline[ Id: 54f6406b-45dc-4f09-8b7b-81b64af5c7b4, Nodes: f3d5ecac-0c0e-452b-b1da-f4ba84ea556e{ip: 10.1.0.43, host: fv-az291-331.wgnan5asplgejimfprtllbpdch.jx.internal.cloudapp.net, ports: [REPLICATION=32833, RATIS=40993, RATIS_ADMIN=40993, RATIS_SERVER=40993, STANDALONE=37411], networkLocation: /default-rack, certSerialId: null, persistedOpState: IN_SERVICE, persistedOpStateExpiryEpochSec: 0}3a42542b-a113-4e4a-912d-bb492a802489{ip: 10.1.0.43, host: fv-az291-331.wgnan5asplgejimfprtllbpdch.jx.internal.cloudapp.net, ports: [REPLICATION=40421, RATIS=38785, RATIS_ADMIN=38785, RATIS_SERVER=38785, STANDALONE=33371], networkLocation: /default-rack, certSerialId: null, persistedOpState: IN_SERVICE, persistedOpStateExpiryEpochSec: 0}3b2fbf51-ff76-4a94-9ac6-cea2acf7cb68{ip: 10.1.0.43, host: fv-az291-331.wgnan5asplgejimfprtllbpdch.jx.internal.cloudapp.net, ports: [REPLICATION=38155, RATIS=38811, RATIS_ADMIN=38811, RATIS_SERVER=38811, STANDALONE=38543], networkLocation: /default-rack, certSerialId: null, persistedOpState: IN_SERVICE, persistedOpStateExpiryEpochSec: 0}, ReplicationConfig: RATIS/THREE, State:ALLOCATED, leaderId:3b2fbf51-ff76-4a94-9ac6-cea2acf7cb68, CreationTimestamp2021-06-23T18:53:56.628Z] moved to OPEN state
2021-06-23 18:54:14,651 [grpc-default-executor-3] INFO  ratis.XceiverServerRatis (XceiverServerRatis.java:handleLeaderChangedNotification(857)) - Leader change notification received for group: group-81B64AF5C7B4 with new leaderId: 3b2fbf51-ff76-4a94-9ac6-cea2acf7cb68
2021-06-23 18:54:14,652 [grpc-default-executor-3] INFO  server.RaftServer$Division (ServerState.java:setLeader(271)) - 3a42542b-a113-4e4a-912d-bb492a802489@group-81B64AF5C7B4: change Leader from null to 3b2fbf51-ff76-4a94-9ac6-cea2acf7cb68 at term 3 for appendEntries, leader elected after 15199ms
2021-06-23 18:54:14,652 [grpc-default-executor-4] INFO  ratis.XceiverServerRatis (XceiverServerRatis.java:handleLeaderChangedNotification(857)) - Leader change notification received for group: group-81B64AF5C7B4 with new leaderId: 3b2fbf51-ff76-4a94-9ac6-cea2acf7cb68
2021-06-23 18:54:14,652 [grpc-default-executor-4] INFO  server.RaftServer$Division (ServerState.java:setLeader(271)) - f3d5ecac-0c0e-452b-b1da-f4ba84ea556e@group-81B64AF5C7B4: change Leader from null to 3b2fbf51-ff76-4a94-9ac6-cea2acf7cb68 at term 3 for appendEntries, leader elected after 15224ms
2021-06-23 18:54:14,660 [3b2fbf51-ff76-4a94-9ac6-cea2acf7cb68@group-81B64AF5C7B4-LeaderElection45] INFO  server.RaftServer$Division (ServerState.java:setRaftConf(373)) - 3b2fbf51-ff76-4a94-9ac6-cea2acf7cb68@group-81B64AF5C7B4: set configuration 0: [3a42542b-a113-4e4a-912d-bb492a802489|rpc:10.1.0.43:38785|dataStream:|priority:0, 3b2fbf51-ff76-4a94-9ac6-cea2acf7cb68|rpc:10.1.0.43:38811|dataStream:|priority:1, f3d5ecac-0c0e-452b-b1da-f4ba84ea556e|rpc:10.1.0.43:40993|dataStream:|priority:0], old=null
2021-06-23 18:54:14,661 [grpc-default-executor-3] INFO  server.RaftServer$Division (ServerState.java:setRaftConf(373)) - 3a42542b-a113-4e4a-912d-bb492a802489@group-81B64AF5C7B4: set configuration 0: [3a42542b-a113-4e4a-912d-bb492a802489|rpc:10.1.0.43:38785|dataStream:|priority:0, 3b2fbf51-ff76-4a94-9ac6-cea2acf7cb68|rpc:10.1.0.43:38811|dataStream:|priority:1, f3d5ecac-0c0e-452b-b1da-f4ba84ea556e|rpc:10.1.0.43:40993|dataStream:|priority:0], old=null
2021-06-23 18:54:14,662 [grpc-default-executor-3] INFO  segmented.SegmentedRaftLogWorker (SegmentedRaftLogWorker.java:startLogSegment(394)) - 3a42542b-a113-4e4a-912d-bb492a802489@group-81B64AF5C7B4-SegmentedRaftLogWorker: Starting segment from index:0
2021-06-23 18:54:14,663 [3a42542b-a113-4e4a-912d-bb492a802489@group-81B64AF5C7B4-SegmentedRaftLogWorker] INFO  segmented.SegmentedRaftLogWorker (SegmentedRaftLogWorker.java:execute(601)) - 3a42542b-a113-4e4a-912d-bb492a802489@group-81B64AF5C7B4-SegmentedRaftLogWorker: created new log segment /home/runner/work/ozone/ozone/mnt/ozone/hadoop-ozone/integration-test/target/test-dir/MiniOzoneClusterImpl-2ba833d5-1ba9-439d-9c86-26ba043c4450/datanode-4/data/ratis/54f6406b-45dc-4f09-8b7b-81b64af5c7b4/current/log_inprogress_0
2021-06-23 18:54:14,665 [grpc-default-executor-4] INFO  server.RaftServer$Division (ServerState.java:setRaftConf(373)) - f3d5ecac-0c0e-452b-b1da-f4ba84ea556e@group-81B64AF5C7B4: set configuration 0: [3a42542b-a113-4e4a-912d-bb492a802489|rpc:10.1.0.43:38785|dataStream:|priority:0, 3b2fbf51-ff76-4a94-9ac6-cea2acf7cb68|rpc:10.1.0.43:38811|dataStream:|priority:1, f3d5ecac-0c0e-452b-b1da-f4ba84ea556e|rpc:10.1.0.43:40993|dataStream:|priority:0], old=null
2021-06-23 18:54:14,665 [grpc-default-executor-4] INFO  segmented.SegmentedRaftLogWorker (SegmentedRaftLogWorker.java:startLogSegment(394)) - f3d5ecac-0c0e-452b-b1da-f4ba84ea556e@group-81B64AF5C7B4-SegmentedRaftLogWorker: Starting segment from index:0
2021-06-23 18:54:14,667 [f3d5ecac-0c0e-452b-b1da-f4ba84ea556e@group-81B64AF5C7B4-SegmentedRaftLogWorker] INFO  segmented.SegmentedRaftLogWorker (SegmentedRaftLogWorker.java:execute(601)) - f3d5ecac-0c0e-452b-b1da-f4ba84ea556e@group-81B64AF5C7B4-SegmentedRaftLogWorker: created new log segment /home/runner/work/ozone/ozone/mnt/ozone/hadoop-ozone/integration-test/target/test-dir/MiniOzoneClusterImpl-2ba833d5-1ba9-439d-9c86-26ba043c4450/datanode-5/data/ratis/54f6406b-45dc-4f09-8b7b-81b64af5c7b4/current/log_inprogress_0
2021-06-23 18:54:15,022 [6bd27ae7-81f7-4e18-bc38-6f66a3d01c25@group-2DE7CEC348BC-FollowerState] INFO  impl.FollowerState (FollowerState.java:run(134)) - 6bd27ae7-81f7-4e18-bc38-6f66a3d01c25@group-2DE7CEC348BC-FollowerState: change to CANDIDATE, lastRpcElapsedTime:5007007776ns, electionTimeout:5005ms
2021-06-23 18:54:15,022 [6bd27ae7-81f7-4e18-bc38-6f66a3d01c25@group-2DE7CEC348BC-FollowerState] INFO  impl.RoleInfo (RoleInfo.java:shutdownFollowerState(108)) - 6bd27ae7-81f7-4e18-bc38-6f66a3d01c25: shutdown 6bd27ae7-81f7-4e18-bc38-6f66a3d01c25@group-2DE7CEC348BC-FollowerState
2021-06-23 18:54:15,022 [6bd27ae7-81f7-4e18-bc38-6f66a3d01c25@group-2DE7CEC348BC-FollowerState] INFO  server.RaftServer$Division (RaftServerImpl.java:setRole(284)) - 6bd27ae7-81f7-4e18-bc38-6f66a3d01c25@group-2DE7CEC348BC: changes role from  FOLLOWER to CANDIDATE at term 2 for changeToCandidate
2021-06-23 18:54:15,022 [6bd27ae7-81f7-4e18-bc38-6f66a3d01c25@group-2DE7CEC348BC-FollowerState] INFO  server.RaftServerConfigKeys (ConfUtils.java:logGet(44)) - raft.server.leaderelection.pre-vote = false (custom)
2021-06-23 18:54:15,022 [6bd27ae7-81f7-4e18-bc38-6f66a3d01c25@group-2DE7CEC348BC-FollowerState] INFO  impl.RoleInfo (RoleInfo.java:updateAndGet(130)) - 6bd27ae7-81f7-4e18-bc38-6f66a3d01c25: start 6bd27ae7-81f7-4e18-bc38-6f66a3d01c25@group-2DE7CEC348BC-LeaderElection46
2021-06-23 18:54:15,026 [6bd27ae7-81f7-4e18-bc38-6f66a3d01c25@group-2DE7CEC348BC-LeaderElection46] INFO  impl.LeaderElection (LeaderElection.java:askForVotes(306)) - 6bd27ae7-81f7-4e18-bc38-6f66a3d01c25@group-2DE7CEC348BC-LeaderElection46 ELECTION round 0: submit vote requests at term 3 for -1: [6bd27ae7-81f7-4e18-bc38-6f66a3d01c25|rpc:10.1.0.43:36253|dataStream:|priority:1, b5670674-baf7-4651-a658-bd3fb004b3cf|rpc:10.1.0.43:37311|dataStream:|priority:0, c3729649-2bd6-4731-9653-79fd1afe8c9e|rpc:10.1.0.43:39095|dataStream:|priority:0], old=null
2021-06-23 18:54:15,037 [grpc-default-executor-4] INFO  server.RaftServer$Division (RaftServerImpl.java:requestVote(1042)) - c3729649-2bd6-4731-9653-79fd1afe8c9e@group-2DE7CEC348BC: receive requestVote(ELECTION, 6bd27ae7-81f7-4e18-bc38-6f66a3d01c25, group-2DE7CEC348BC, 3, (t:0, i:0))
2021-06-23 18:54:15,037 [grpc-default-executor-4] INFO  impl.VoteContext (VoteContext.java:log(48)) - c3729649-2bd6-4731-9653-79fd1afe8c9e@group-2DE7CEC348BC-FOLLOWER: accept ELECTION from 6bd27ae7-81f7-4e18-bc38-6f66a3d01c25: our priority 0 <= candidate's priority 1
2021-06-23 18:54:15,037 [grpc-default-executor-4] INFO  server.RaftServer$Division (RaftServerImpl.java:setRole(284)) - c3729649-2bd6-4731-9653-79fd1afe8c9e@group-2DE7CEC348BC: changes role from  FOLLOWER to FOLLOWER at term 3 for candidate:6bd27ae7-81f7-4e18-bc38-6f66a3d01c25
2021-06-23 18:54:15,037 [grpc-default-executor-4] INFO  impl.RoleInfo (RoleInfo.java:shutdownFollowerState(108)) - c3729649-2bd6-4731-9653-79fd1afe8c9e: shutdown c3729649-2bd6-4731-9653-79fd1afe8c9e@group-2DE7CEC348BC-FollowerState
2021-06-23 18:54:15,037 [grpc-default-executor-4] INFO  impl.RoleInfo (RoleInfo.java:updateAndGet(130)) - c3729649-2bd6-4731-9653-79fd1afe8c9e: start c3729649-2bd6-4731-9653-79fd1afe8c9e@group-2DE7CEC348BC-FollowerState
2021-06-23 18:54:15,037 [c3729649-2bd6-4731-9653-79fd1afe8c9e@group-2DE7CEC348BC-FollowerState] INFO  impl.FollowerState (FollowerState.java:run(143)) - c3729649-2bd6-4731-9653-79fd1afe8c9e@group-2DE7CEC348BC-FollowerState was interrupted: {}
java.lang.InterruptedException: sleep interrupted
	at java.lang.Thread.sleep(Native Method)
	at java.lang.Thread.sleep(Thread.java:340)
	at java.util.concurrent.TimeUnit.sleep(TimeUnit.java:386)
	at org.apache.ratis.util.TimeDuration.sleep(TimeDuration.java:324)
	at org.apache.ratis.util.TimeDuration.sleep(TimeDuration.java:309)
	at org.apache.ratis.server.impl.FollowerState.run(FollowerState.java:118)
2021-06-23 18:54:15,042 [grpc-default-executor-4] INFO  server.RaftServer$Division (RaftServerImpl.java:requestVote(1074)) - c3729649-2bd6-4731-9653-79fd1afe8c9e@group-2DE7CEC348BC replies to ELECTION vote request: 6bd27ae7-81f7-4e18-bc38-6f66a3d01c25<-c3729649-2bd6-4731-9653-79fd1afe8c9e#0:OK-t3. Peer's state: c3729649-2bd6-4731-9653-79fd1afe8c9e@group-2DE7CEC348BC:t3, leader=null, voted=6bd27ae7-81f7-4e18-bc38-6f66a3d01c25, raftlog=c3729649-2bd6-4731-9653-79fd1afe8c9e@group-2DE7CEC348BC-SegmentedRaftLog:OPENED:c-1,f-1,i0, conf=-1: [6bd27ae7-81f7-4e18-bc38-6f66a3d01c25|rpc:10.1.0.43:36253|dataStream:|priority:1, b5670674-baf7-4651-a658-bd3fb004b3cf|rpc:10.1.0.43:37311|dataStream:|priority:0, c3729649-2bd6-4731-9653-79fd1afe8c9e|rpc:10.1.0.43:39095|dataStream:|priority:0], old=null
2021-06-23 18:54:15,045 [6bd27ae7-81f7-4e18-bc38-6f66a3d01c25@group-2DE7CEC348BC-LeaderElection46] INFO  impl.LeaderElection (LeaderElection.java:logAndReturn(89)) - 6bd27ae7-81f7-4e18-bc38-6f66a3d01c25@group-2DE7CEC348BC-LeaderElection46: ELECTION PASSED received 1 response(s) and 0 exception(s):
2021-06-23 18:54:15,045 [6bd27ae7-81f7-4e18-bc38-6f66a3d01c25@group-2DE7CEC348BC-LeaderElection46] INFO  impl.LeaderElection (LeaderElection.java:logAndReturn(93)) -   Response 0: 6bd27ae7-81f7-4e18-bc38-6f66a3d01c25<-c3729649-2bd6-4731-9653-79fd1afe8c9e#0:OK-t3
2021-06-23 18:54:15,045 [6bd27ae7-81f7-4e18-bc38-6f66a3d01c25@group-2DE7CEC348BC-LeaderElection46] INFO  impl.LeaderElection (LeaderElection.java:askForVotes(308)) - 6bd27ae7-81f7-4e18-bc38-6f66a3d01c25@group-2DE7CEC348BC-LeaderElection46 ELECTION round 0: result PASSED
2021-06-23 18:54:15,045 [grpc-default-executor-3] INFO  server.RaftServer$Division (RaftServerImpl.java:requestVote(1042)) - b5670674-baf7-4651-a658-bd3fb004b3cf@group-2DE7CEC348BC: receive requestVote(ELECTION, 6bd27ae7-81f7-4e18-bc38-6f66a3d01c25, group-2DE7CEC348BC, 3, (t:0, i:0))
2021-06-23 18:54:15,045 [6bd27ae7-81f7-4e18-bc38-6f66a3d01c25@group-2DE7CEC348BC-LeaderElection46] INFO  impl.RoleInfo (RoleInfo.java:shutdownLeaderElection(121)) - 6bd27ae7-81f7-4e18-bc38-6f66a3d01c25: shutdown 6bd27ae7-81f7-4e18-bc38-6f66a3d01c25@group-2DE7CEC348BC-LeaderElection46
2021-06-23 18:54:15,047 [6bd27ae7-81f7-4e18-bc38-6f66a3d01c25@group-2DE7CEC348BC-LeaderElection46] INFO  server.RaftServer$Division (RaftServerImpl.java:setRole(284)) - 6bd27ae7-81f7-4e18-bc38-6f66a3d01c25@group-2DE7CEC348BC: changes role from CANDIDATE to LEADER at term 3 for changeToLeader
2021-06-23 18:54:15,047 [6bd27ae7-81f7-4e18-bc38-6f66a3d01c25@group-2DE7CEC348BC-LeaderElection46] INFO  ratis.XceiverServerRatis (XceiverServerRatis.java:handleLeaderChangedNotification(857)) - Leader change notification received for group: group-2DE7CEC348BC with new leaderId: 6bd27ae7-81f7-4e18-bc38-6f66a3d01c25
2021-06-23 18:54:15,046 [grpc-default-executor-3] INFO  impl.VoteContext (VoteContext.java:log(48)) - b5670674-baf7-4651-a658-bd3fb004b3cf@group-2DE7CEC348BC-FOLLOWER: accept ELECTION from 6bd27ae7-81f7-4e18-bc38-6f66a3d01c25: our priority 0 <= candidate's priority 1
2021-06-23 18:54:15,047 [grpc-default-executor-3] INFO  server.RaftServer$Division (RaftServerImpl.java:setRole(284)) - b5670674-baf7-4651-a658-bd3fb004b3cf@group-2DE7CEC348BC: changes role from  FOLLOWER to FOLLOWER at term 3 for candidate:6bd27ae7-81f7-4e18-bc38-6f66a3d01c25
2021-06-23 18:54:15,047 [grpc-default-executor-3] INFO  impl.RoleInfo (RoleInfo.java:shutdownFollowerState(108)) - b5670674-baf7-4651-a658-bd3fb004b3cf: shutdown b5670674-baf7-4651-a658-bd3fb004b3cf@group-2DE7CEC348BC-FollowerState
2021-06-23 18:54:15,047 [6bd27ae7-81f7-4e18-bc38-6f66a3d01c25@group-2DE7CEC348BC-LeaderElection46] INFO  server.RaftServer$Division (ServerState.java:setLeader(271)) - 6bd27ae7-81f7-4e18-bc38-6f66a3d01c25@group-2DE7CEC348BC: change Leader from null to 6bd27ae7-81f7-4e18-bc38-6f66a3d01c25 at term 3 for becomeLeader, leader elected after 15218ms
2021-06-23 18:54:15,048 [6bd27ae7-81f7-4e18-bc38-6f66a3d01c25@group-2DE7CEC348BC-LeaderElection46] INFO  server.RaftServerConfigKeys (ConfUtils.java:logGet(44)) - raft.server.staging.catchup.gap = 1000 (default)
2021-06-23 18:54:15,048 [b5670674-baf7-4651-a658-bd3fb004b3cf@group-2DE7CEC348BC-FollowerState] INFO  impl.FollowerState (FollowerState.java:run(143)) - b5670674-baf7-4651-a658-bd3fb004b3cf@group-2DE7CEC348BC-FollowerState was interrupted: {}
java.lang.InterruptedException: sleep interrupted
	at java.lang.Thread.sleep(Native Method)
	at java.lang.Thread.sleep(Thread.java:340)
	at java.util.concurrent.TimeUnit.sleep(TimeUnit.java:386)
	at org.apache.ratis.util.TimeDuration.sleep(TimeDuration.java:324)
	at org.apache.ratis.util.TimeDuration.sleep(TimeDuration.java:309)
	at org.apache.ratis.server.impl.FollowerState.run(FollowerState.java:118)
2021-06-23 18:54:15,047 [grpc-default-executor-3] INFO  impl.RoleInfo (RoleInfo.java:updateAndGet(130)) - b5670674-baf7-4651-a658-bd3fb004b3cf: start b5670674-baf7-4651-a658-bd3fb004b3cf@group-2DE7CEC348BC-FollowerState
2021-06-23 18:54:15,048 [6bd27ae7-81f7-4e18-bc38-6f66a3d01c25@group-2DE7CEC348BC-LeaderElection46] INFO  metrics.RatisMetrics (RatisMetrics.java:lambda$create$0(36)) - Creating Metrics Registry : ratis.log_appender.6bd27ae7-81f7-4e18-bc38-6f66a3d01c25@group-2DE7CEC348BC
2021-06-23 18:54:15,059 [grpc-default-executor-3] INFO  server.RaftServer$Division (RaftServerImpl.java:requestVote(1074)) - b5670674-baf7-4651-a658-bd3fb004b3cf@group-2DE7CEC348BC replies to ELECTION vote request: 6bd27ae7-81f7-4e18-bc38-6f66a3d01c25<-b5670674-baf7-4651-a658-bd3fb004b3cf#0:OK-t3. Peer's state: b5670674-baf7-4651-a658-bd3fb004b3cf@group-2DE7CEC348BC:t3, leader=null, voted=6bd27ae7-81f7-4e18-bc38-6f66a3d01c25, raftlog=b5670674-baf7-4651-a658-bd3fb004b3cf@group-2DE7CEC348BC-SegmentedRaftLog:OPENED:c-1,f-1,i0, conf=-1: [6bd27ae7-81f7-4e18-bc38-6f66a3d01c25|rpc:10.1.0.43:36253|priority:1, b5670674-baf7-4651-a658-bd3fb004b3cf|rpc:10.1.0.43:37311|priority:0, c3729649-2bd6-4731-9653-79fd1afe8c9e|rpc:10.1.0.43:39095|priority:0], old=null
2021-06-23 18:54:15,060 [6bd27ae7-81f7-4e18-bc38-6f66a3d01c25@group-2DE7CEC348BC-LeaderElection46] INFO  server.RaftServerConfigKeys (ConfUtils.java:logGet(44)) - raft.server.write.element-limit = 1024 (custom)
2021-06-23 18:54:15,060 [6bd27ae7-81f7-4e18-bc38-6f66a3d01c25@group-2DE7CEC348BC-LeaderElection46] INFO  server.RaftServerConfigKeys (ConfUtils.java:logGet(44)) - raft.server.write.byte-limit = 1073741824 (custom)
2021-06-23 18:54:15,060 [6bd27ae7-81f7-4e18-bc38-6f66a3d01c25@group-2DE7CEC348BC-LeaderElection46] INFO  server.RaftServerConfigKeys (ConfUtils.java:logGet(44)) - raft.server.watch.timeout = 3000ms (custom)
2021-06-23 18:54:15,060 [6bd27ae7-81f7-4e18-bc38-6f66a3d01c25@group-2DE7CEC348BC-LeaderElection46] INFO  server.RaftServerConfigKeys (ConfUtils.java:logGet(44)) - raft.server.watch.timeout.denomination = 1s (default)
2021-06-23 18:54:15,060 [6bd27ae7-81f7-4e18-bc38-6f66a3d01c25@group-2DE7CEC348BC-LeaderElection46] INFO  server.RaftServerConfigKeys (ConfUtils.java:logGet(44)) - raft.server.watch.element-limit = 65536 (default)
2021-06-23 18:54:15,060 [6bd27ae7-81f7-4e18-bc38-6f66a3d01c25@group-2DE7CEC348BC-LeaderElection46] INFO  server.RaftServerConfigKeys (ConfUtils.java:logGet(44)) - raft.server.log.appender.snapshot.chunk.size.max = 16MB (=16777216) (default)
2021-06-23 18:54:15,060 [6bd27ae7-81f7-4e18-bc38-6f66a3d01c25@group-2DE7CEC348BC-LeaderElection46] INFO  server.RaftServerConfigKeys (ConfUtils.java:logGet(44)) - raft.server.log.appender.buffer.byte-limit = 33554432 (custom)
2021-06-23 18:54:15,060 [6bd27ae7-81f7-4e18-bc38-6f66a3d01c25@group-2DE7CEC348BC-LeaderElection46] INFO  server.RaftServerConfigKeys (ConfUtils.java:logGet(44)) - raft.server.log.appender.buffer.element-limit = 1 (custom)
2021-06-23 18:54:15,060 [6bd27ae7-81f7-4e18-bc38-6f66a3d01c25@group-2DE7CEC348BC-LeaderElection46] INFO  grpc.GrpcConfigKeys (ConfUtils.java:logGet(44)) - raft.grpc.server.leader.outstanding.appends.max = 128 (default)
2021-06-23 18:54:15,061 [6bd27ae7-81f7-4e18-bc38-6f66a3d01c25@group-2DE7CEC348BC-LeaderElection46] INFO  server.RaftServerConfigKeys (ConfUtils.java:logGet(44)) - raft.server.rpc.request.timeout = 3000ms (default)
2021-06-23 18:54:15,061 [6bd27ae7-81f7-4e18-bc38-6f66a3d01c25@group-2DE7CEC348BC-LeaderElection46] INFO  server.RaftServerConfigKeys (ConfUtils.java:logGet(44)) - raft.server.log.appender.install.snapshot.enabled = false (custom)
2021-06-23 18:54:15,061 [6bd27ae7-81f7-4e18-bc38-6f66a3d01c25@group-2DE7CEC348BC-LeaderElection46] INFO  metrics.RatisMetrics (RatisMetrics.java:lambda$create$0(36)) - Creating Metrics Registry : ratis_grpc.log_appender.6bd27ae7-81f7-4e18-bc38-6f66a3d01c25@group-2DE7CEC348BC
2021-06-23 18:54:15,062 [6bd27ae7-81f7-4e18-bc38-6f66a3d01c25@group-2DE7CEC348BC-LeaderElection46] INFO  server.RaftServerConfigKeys (ConfUtils.java:logGet(44)) - raft.server.log.appender.snapshot.chunk.size.max = 16MB (=16777216) (default)
2021-06-23 18:54:15,062 [6bd27ae7-81f7-4e18-bc38-6f66a3d01c25@group-2DE7CEC348BC-LeaderElection46] INFO  server.RaftServerConfigKeys (ConfUtils.java:logGet(44)) - raft.server.log.appender.buffer.byte-limit = 33554432 (custom)
2021-06-23 18:54:15,062 [6bd27ae7-81f7-4e18-bc38-6f66a3d01c25@group-2DE7CEC348BC-LeaderElection46] INFO  server.RaftServerConfigKeys (ConfUtils.java:logGet(44)) - raft.server.log.appender.buffer.element-limit = 1 (custom)
2021-06-23 18:54:15,062 [6bd27ae7-81f7-4e18-bc38-6f66a3d01c25@group-2DE7CEC348BC-LeaderElection46] INFO  grpc.GrpcConfigKeys (ConfUtils.java:logGet(44)) - raft.grpc.server.leader.outstanding.appends.max = 128 (default)
2021-06-23 18:54:15,062 [6bd27ae7-81f7-4e18-bc38-6f66a3d01c25@group-2DE7CEC348BC-LeaderElection46] INFO  server.RaftServerConfigKeys (ConfUtils.java:logGet(44)) - raft.server.rpc.request.timeout = 3000ms (default)
2021-06-23 18:54:15,062 [6bd27ae7-81f7-4e18-bc38-6f66a3d01c25@group-2DE7CEC348BC-LeaderElection46] INFO  server.RaftServerConfigKeys (ConfUtils.java:logGet(44)) - raft.server.log.appender.install.snapshot.enabled = false (custom)
2021-06-23 18:54:15,064 [EventQueue-PipelineReportForPipelineReportHandler] INFO  pipeline.PipelineManagerV2Impl (PipelineManagerV2Impl.java:openPipeline(270)) - Pipeline Pipeline[ Id: 94502484-9e38-40d3-aad9-2de7cec348bc, Nodes: b5670674-baf7-4651-a658-bd3fb004b3cf{ip: 10.1.0.43, host: fv-az291-331.wgnan5asplgejimfprtllbpdch.jx.internal.cloudapp.net, ports: [REPLICATION=40999, RATIS=37311, RATIS_ADMIN=37311, RATIS_SERVER=37311, STANDALONE=33189], networkLocation: /default-rack, certSerialId: null, persistedOpState: IN_SERVICE, persistedOpStateExpiryEpochSec: 0}6bd27ae7-81f7-4e18-bc38-6f66a3d01c25{ip: 10.1.0.43, host: fv-az291-331.wgnan5asplgejimfprtllbpdch.jx.internal.cloudapp.net, ports: [REPLICATION=39259, RATIS=36253, RATIS_ADMIN=36253, RATIS_SERVER=36253, STANDALONE=34607], networkLocation: /default-rack, certSerialId: null, persistedOpState: IN_SERVICE, persistedOpStateExpiryEpochSec: 0}c3729649-2bd6-4731-9653-79fd1afe8c9e{ip: 10.1.0.43, host: fv-az291-331.wgnan5asplgejimfprtllbpdch.jx.internal.cloudapp.net, ports: [REPLICATION=38353, RATIS=39095, RATIS_ADMIN=39095, RATIS_SERVER=39095, STANDALONE=34587], networkLocation: /default-rack, certSerialId: null, persistedOpState: IN_SERVICE, persistedOpStateExpiryEpochSec: 0}, ReplicationConfig: RATIS/THREE, State:ALLOCATED, leaderId:6bd27ae7-81f7-4e18-bc38-6f66a3d01c25, CreationTimestamp2021-06-23T18:53:57.008Z] moved to OPEN state
2021-06-23 18:54:15,064 [6bd27ae7-81f7-4e18-bc38-6f66a3d01c25@group-2DE7CEC348BC-LeaderElection46] INFO  impl.RoleInfo (RoleInfo.java:updateAndGet(130)) - 6bd27ae7-81f7-4e18-bc38-6f66a3d01c25: start 6bd27ae7-81f7-4e18-bc38-6f66a3d01c25@group-2DE7CEC348BC-LeaderStateImpl
2021-06-23 18:54:15,065 [6bd27ae7-81f7-4e18-bc38-6f66a3d01c25@group-2DE7CEC348BC-LeaderElection46] INFO  segmented.SegmentedRaftLogWorker (SegmentedRaftLogWorker.java:startLogSegment(394)) - 6bd27ae7-81f7-4e18-bc38-6f66a3d01c25@group-2DE7CEC348BC-SegmentedRaftLogWorker: Starting segment from index:0
2021-06-23 18:54:15,067 [6bd27ae7-81f7-4e18-bc38-6f66a3d01c25@group-2DE7CEC348BC-LeaderElection46] INFO  server.RaftServer$Division (ServerState.java:setRaftConf(373)) - 6bd27ae7-81f7-4e18-bc38-6f66a3d01c25@group-2DE7CEC348BC: set configuration 0: [6bd27ae7-81f7-4e18-bc38-6f66a3d01c25|rpc:10.1.0.43:36253|dataStream:|priority:1, b5670674-baf7-4651-a658-bd3fb004b3cf|rpc:10.1.0.43:37311|dataStream:|priority:0, c3729649-2bd6-4731-9653-79fd1afe8c9e|rpc:10.1.0.43:39095|dataStream:|priority:0], old=null
2021-06-23 18:54:15,069 [grpc-default-executor-1] INFO  ratis.XceiverServerRatis (XceiverServerRatis.java:handleLeaderChangedNotification(857)) - Leader change notification received for group: group-2DE7CEC348BC with new leaderId: 6bd27ae7-81f7-4e18-bc38-6f66a3d01c25
2021-06-23 18:54:15,069 [grpc-default-executor-1] INFO  server.RaftServer$Division (ServerState.java:setLeader(271)) - c3729649-2bd6-4731-9653-79fd1afe8c9e@group-2DE7CEC348BC: change Leader from null to 6bd27ae7-81f7-4e18-bc38-6f66a3d01c25 at term 3 for appendEntries, leader elected after 15208ms
2021-06-23 18:54:15,069 [grpc-default-executor-4] INFO  ratis.XceiverServerRatis (XceiverServerRatis.java:handleLeaderChangedNotification(857)) - Leader change notification received for group: group-2DE7CEC348BC with new leaderId: 6bd27ae7-81f7-4e18-bc38-6f66a3d01c25
2021-06-23 18:54:15,069 [grpc-default-executor-4] INFO  server.RaftServer$Division (ServerState.java:setLeader(271)) - b5670674-baf7-4651-a658-bd3fb004b3cf@group-2DE7CEC348BC: change Leader from null to 6bd27ae7-81f7-4e18-bc38-6f66a3d01c25 at term 3 for appendEntries, leader elected after 15266ms
2021-06-23 18:54:15,072 [6bd27ae7-81f7-4e18-bc38-6f66a3d01c25@group-2DE7CEC348BC-SegmentedRaftLogWorker] INFO  segmented.SegmentedRaftLogWorker (SegmentedRaftLogWorker.java:execute(601)) - 6bd27ae7-81f7-4e18-bc38-6f66a3d01c25@group-2DE7CEC348BC-SegmentedRaftLogWorker: created new log segment /home/runner/work/ozone/ozone/mnt/ozone/hadoop-ozone/integration-test/target/test-dir/MiniOzoneClusterImpl-2ba833d5-1ba9-439d-9c86-26ba043c4450/datanode-8/data/ratis/94502484-9e38-40d3-aad9-2de7cec348bc/current/log_inprogress_0
2021-06-23 18:54:15,079 [grpc-default-executor-1] INFO  server.RaftServer$Division (ServerState.java:setRaftConf(373)) - c3729649-2bd6-4731-9653-79fd1afe8c9e@group-2DE7CEC348BC: set configuration 0: [6bd27ae7-81f7-4e18-bc38-6f66a3d01c25|rpc:10.1.0.43:36253|dataStream:|priority:1, b5670674-baf7-4651-a658-bd3fb004b3cf|rpc:10.1.0.43:37311|dataStream:|priority:0, c3729649-2bd6-4731-9653-79fd1afe8c9e|rpc:10.1.0.43:39095|dataStream:|priority:0], old=null
2021-06-23 18:54:15,079 [grpc-default-executor-1] INFO  segmented.SegmentedRaftLogWorker (SegmentedRaftLogWorker.java:startLogSegment(394)) - c3729649-2bd6-4731-9653-79fd1afe8c9e@group-2DE7CEC348BC-SegmentedRaftLogWorker: Starting segment from index:0
2021-06-23 18:54:15,080 [c3729649-2bd6-4731-9653-79fd1afe8c9e@group-2DE7CEC348BC-SegmentedRaftLogWorker] INFO  segmented.SegmentedRaftLogWorker (SegmentedRaftLogWorker.java:execute(601)) - c3729649-2bd6-4731-9653-79fd1afe8c9e@group-2DE7CEC348BC-SegmentedRaftLogWorker: created new log segment /home/runner/work/ozone/ozone/mnt/ozone/hadoop-ozone/integration-test/target/test-dir/MiniOzoneClusterImpl-2ba833d5-1ba9-439d-9c86-26ba043c4450/datanode-7/data/ratis/94502484-9e38-40d3-aad9-2de7cec348bc/current/log_inprogress_0
2021-06-23 18:54:15,084 [grpc-default-executor-4] INFO  server.RaftServer$Division (ServerState.java:setRaftConf(373)) - b5670674-baf7-4651-a658-bd3fb004b3cf@group-2DE7CEC348BC: set configuration 0: [6bd27ae7-81f7-4e18-bc38-6f66a3d01c25|rpc:10.1.0.43:36253|dataStream:|priority:1, b5670674-baf7-4651-a658-bd3fb004b3cf|rpc:10.1.0.43:37311|dataStream:|priority:0, c3729649-2bd6-4731-9653-79fd1afe8c9e|rpc:10.1.0.43:39095|dataStream:|priority:0], old=null
2021-06-23 18:54:15,085 [grpc-default-executor-4] INFO  segmented.SegmentedRaftLogWorker (SegmentedRaftLogWorker.java:startLogSegment(394)) - b5670674-baf7-4651-a658-bd3fb004b3cf@group-2DE7CEC348BC-SegmentedRaftLogWorker: Starting segment from index:0
2021-06-23 18:54:15,086 [b5670674-baf7-4651-a658-bd3fb004b3cf@group-2DE7CEC348BC-SegmentedRaftLogWorker] INFO  segmented.SegmentedRaftLogWorker (SegmentedRaftLogWorker.java:execute(601)) - b5670674-baf7-4651-a658-bd3fb004b3cf@group-2DE7CEC348BC-SegmentedRaftLogWorker: created new log segment /home/runner/work/ozone/ozone/mnt/ozone/hadoop-ozone/integration-test/target/test-dir/MiniOzoneClusterImpl-2ba833d5-1ba9-439d-9c86-26ba043c4450/datanode-6/data/ratis/94502484-9e38-40d3-aad9-2de7cec348bc/current/log_inprogress_0
2021-06-23 18:54:17,405 [java.util.concurrent.ThreadPoolExecutor$Worker@5dcd3f0f[State = -1, empty queue]] INFO  metrics.RatisMetrics (RatisMetrics.java:lambda$create$0(36)) - Creating Metrics Registry : ratis.client_message_metrics.client-4D0718C8846F->4a750d61-24e5-43ec-8266-94d98c9b7420
2021-06-23 18:54:19,452 [4a750d61-24e5-43ec-8266-94d98c9b7420@group-DD3CD69E62EB-FollowerState] INFO  impl.FollowerState (FollowerState.java:run(134)) - 4a750d61-24e5-43ec-8266-94d98c9b7420@group-DD3CD69E62EB-FollowerState: change to CANDIDATE, lastRpcElapsedTime:5163117591ns, electionTimeout:5162ms
2021-06-23 18:54:19,452 [4a750d61-24e5-43ec-8266-94d98c9b7420@group-DD3CD69E62EB-FollowerState] INFO  impl.RoleInfo (RoleInfo.java:shutdownFollowerState(108)) - 4a750d61-24e5-43ec-8266-94d98c9b7420: shutdown 4a750d61-24e5-43ec-8266-94d98c9b7420@group-DD3CD69E62EB-FollowerState
2021-06-23 18:54:19,453 [4a750d61-24e5-43ec-8266-94d98c9b7420@group-DD3CD69E62EB-FollowerState] INFO  server.RaftServer$Division (RaftServerImpl.java:setRole(284)) - 4a750d61-24e5-43ec-8266-94d98c9b7420@group-DD3CD69E62EB: changes role from  FOLLOWER to CANDIDATE at term 4 for changeToCandidate
2021-06-23 18:54:19,453 [4a750d61-24e5-43ec-8266-94d98c9b7420@group-DD3CD69E62EB-FollowerState] INFO  server.RaftServerConfigKeys (ConfUtils.java:logGet(44)) - raft.server.leaderelection.pre-vote = false (custom)
2021-06-23 18:54:19,453 [4a750d61-24e5-43ec-8266-94d98c9b7420@group-DD3CD69E62EB-FollowerState] INFO  impl.RoleInfo (RoleInfo.java:updateAndGet(130)) - 4a750d61-24e5-43ec-8266-94d98c9b7420: start 4a750d61-24e5-43ec-8266-94d98c9b7420@group-DD3CD69E62EB-LeaderElection47
2021-06-23 18:54:19,456 [4a750d61-24e5-43ec-8266-94d98c9b7420@group-DD3CD69E62EB-LeaderElection47] INFO  impl.LeaderElection (LeaderElection.java:askForVotes(306)) - 4a750d61-24e5-43ec-8266-94d98c9b7420@group-DD3CD69E62EB-LeaderElection47 ELECTION round 0: submit vote requests at term 5 for 0: [4a750d61-24e5-43ec-8266-94d98c9b7420|rpc:10.1.0.43:40063|dataStream:|priority:0, e477ba1d-11c9-4e24-a1b5-67f71d65ae03|rpc:10.1.0.43:46371|dataStream:|priority:1, b2abd95f-4cc9-4fa4-a4ec-5bbb2a845ab6|rpc:10.1.0.43:35929|dataStream:|priority:0], old=null
2021-06-23 18:54:19,457 [grpc-default-executor-3] INFO  server.RaftServer$Division (RaftServerImpl.java:requestVote(1042)) - e477ba1d-11c9-4e24-a1b5-67f71d65ae03@group-DD3CD69E62EB: receive requestVote(ELECTION, 4a750d61-24e5-43ec-8266-94d98c9b7420, group-DD3CD69E62EB, 5, (t:2, i:0))
2021-06-23 18:54:19,458 [grpc-default-executor-3] INFO  impl.VoteContext (VoteContext.java:log(48)) - e477ba1d-11c9-4e24-a1b5-67f71d65ae03@group-DD3CD69E62EB-FOLLOWER: reject ELECTION from 4a750d61-24e5-43ec-8266-94d98c9b7420: our priority 1 > candidate's priority 0
2021-06-23 18:54:19,458 [grpc-default-executor-3] INFO  server.RaftServer$Division (RaftServerImpl.java:setRole(284)) - e477ba1d-11c9-4e24-a1b5-67f71d65ae03@group-DD3CD69E62EB: changes role from  FOLLOWER to FOLLOWER at term 5 for candidate:4a750d61-24e5-43ec-8266-94d98c9b7420
2021-06-23 18:54:19,458 [grpc-default-executor-4] INFO  server.RaftServer$Division (RaftServerImpl.java:requestVote(1042)) - b2abd95f-4cc9-4fa4-a4ec-5bbb2a845ab6@group-DD3CD69E62EB: receive requestVote(ELECTION, 4a750d61-24e5-43ec-8266-94d98c9b7420, group-DD3CD69E62EB, 5, (t:2, i:0))
2021-06-23 18:54:19,458 [grpc-default-executor-4] INFO  impl.VoteContext (VoteContext.java:log(48)) - b2abd95f-4cc9-4fa4-a4ec-5bbb2a845ab6@group-DD3CD69E62EB-FOLLOWER: accept ELECTION from 4a750d61-24e5-43ec-8266-94d98c9b7420: our last entry null < candidate's last entry (t:2, i:0)
2021-06-23 18:54:19,458 [grpc-default-executor-4] INFO  server.RaftServer$Division (RaftServerImpl.java:setRole(284)) - b2abd95f-4cc9-4fa4-a4ec-5bbb2a845ab6@group-DD3CD69E62EB: changes role from  FOLLOWER to FOLLOWER at term 5 for candidate:4a750d61-24e5-43ec-8266-94d98c9b7420
2021-06-23 18:54:19,458 [grpc-default-executor-4] INFO  impl.RoleInfo (RoleInfo.java:shutdownFollowerState(108)) - b2abd95f-4cc9-4fa4-a4ec-5bbb2a845ab6: shutdown b2abd95f-4cc9-4fa4-a4ec-5bbb2a845ab6@group-DD3CD69E62EB-FollowerState
2021-06-23 18:54:19,458 [grpc-default-executor-4] INFO  impl.RoleInfo (RoleInfo.java:updateAndGet(130)) - b2abd95f-4cc9-4fa4-a4ec-5bbb2a845ab6: start b2abd95f-4cc9-4fa4-a4ec-5bbb2a845ab6@group-DD3CD69E62EB-FollowerState
2021-06-23 18:54:19,458 [b2abd95f-4cc9-4fa4-a4ec-5bbb2a845ab6@group-DD3CD69E62EB-FollowerState] INFO  impl.FollowerState (FollowerState.java:run(143)) - b2abd95f-4cc9-4fa4-a4ec-5bbb2a845ab6@group-DD3CD69E62EB-FollowerState was interrupted: {}
java.lang.InterruptedException: sleep interrupted
	at java.lang.Thread.sleep(Native Method)
	at java.lang.Thread.sleep(Thread.java:340)
	at java.util.concurrent.TimeUnit.sleep(TimeUnit.java:386)
	at org.apache.ratis.util.TimeDuration.sleep(TimeDuration.java:324)
	at org.apache.ratis.util.TimeDuration.sleep(TimeDuration.java:309)
	at org.apache.ratis.server.impl.FollowerState.run(FollowerState.java:118)
2021-06-23 18:54:19,458 [grpc-default-executor-3] INFO  impl.RoleInfo (RoleInfo.java:shutdownFollowerState(108)) - e477ba1d-11c9-4e24-a1b5-67f71d65ae03: shutdown e477ba1d-11c9-4e24-a1b5-67f71d65ae03@group-DD3CD69E62EB-FollowerState
2021-06-23 18:54:19,459 [grpc-default-executor-3] INFO  impl.RoleInfo (RoleInfo.java:updateAndGet(130)) - e477ba1d-11c9-4e24-a1b5-67f71d65ae03: start e477ba1d-11c9-4e24-a1b5-67f71d65ae03@group-DD3CD69E62EB-FollowerState
2021-06-23 18:54:19,459 [e477ba1d-11c9-4e24-a1b5-67f71d65ae03@group-DD3CD69E62EB-FollowerState] INFO  impl.FollowerState (FollowerState.java:run(143)) - e477ba1d-11c9-4e24-a1b5-67f71d65ae03@group-DD3CD69E62EB-FollowerState was interrupted: {}
java.lang.InterruptedException: sleep interrupted
	at java.lang.Thread.sleep(Native Method)
	at java.lang.Thread.sleep(Thread.java:340)
	at java.util.concurrent.TimeUnit.sleep(TimeUnit.java:386)
	at org.apache.ratis.util.TimeDuration.sleep(TimeDuration.java:324)
	at org.apache.ratis.util.TimeDuration.sleep(TimeDuration.java:309)
	at org.apache.ratis.server.impl.FollowerState.run(FollowerState.java:118)
2021-06-23 18:54:19,464 [grpc-default-executor-4] INFO  server.RaftServer$Division (RaftServerImpl.java:requestVote(1074)) - b2abd95f-4cc9-4fa4-a4ec-5bbb2a845ab6@group-DD3CD69E62EB replies to ELECTION vote request: 4a750d61-24e5-43ec-8266-94d98c9b7420<-b2abd95f-4cc9-4fa4-a4ec-5bbb2a845ab6#0:OK-t5. Peer's state: b2abd95f-4cc9-4fa4-a4ec-5bbb2a845ab6@group-DD3CD69E62EB:t5, leader=null, voted=4a750d61-24e5-43ec-8266-94d98c9b7420, raftlog=b2abd95f-4cc9-4fa4-a4ec-5bbb2a845ab6@group-DD3CD69E62EB-SegmentedRaftLog:OPENED:c-1,f-1,i0, conf=-1: [4a750d61-24e5-43ec-8266-94d98c9b7420|rpc:10.1.0.43:40063|dataStream:|priority:0, e477ba1d-11c9-4e24-a1b5-67f71d65ae03|rpc:10.1.0.43:46371|dataStream:|priority:1, b2abd95f-4cc9-4fa4-a4ec-5bbb2a845ab6|rpc:10.1.0.43:35929|dataStream:|priority:0], old=null
2021-06-23 18:54:19,465 [grpc-default-executor-3] INFO  server.RaftServer$Division (RaftServerImpl.java:requestVote(1074)) - e477ba1d-11c9-4e24-a1b5-67f71d65ae03@group-DD3CD69E62EB replies to ELECTION vote request: 4a750d61-24e5-43ec-8266-94d98c9b7420<-e477ba1d-11c9-4e24-a1b5-67f71d65ae03#0:FAIL-t5. Peer's state: e477ba1d-11c9-4e24-a1b5-67f71d65ae03@group-DD3CD69E62EB:t5, leader=null, voted=null, raftlog=e477ba1d-11c9-4e24-a1b5-67f71d65ae03@group-DD3CD69E62EB-SegmentedRaftLog:OPENED:c0,f0,i0, conf=0: [4a750d61-24e5-43ec-8266-94d98c9b7420|rpc:10.1.0.43:40063|dataStream:|priority:0, e477ba1d-11c9-4e24-a1b5-67f71d65ae03|rpc:10.1.0.43:46371|dataStream:|priority:1, b2abd95f-4cc9-4fa4-a4ec-5bbb2a845ab6|rpc:10.1.0.43:35929|dataStream:|priority:0], old=null
2021-06-23 18:54:19,468 [4a750d61-24e5-43ec-8266-94d98c9b7420@group-DD3CD69E62EB-LeaderElection47] INFO  impl.LeaderElection (LeaderElection.java:logAndReturn(89)) - 4a750d61-24e5-43ec-8266-94d98c9b7420@group-DD3CD69E62EB-LeaderElection47: ELECTION REJECTED received 2 response(s) and 0 exception(s):
2021-06-23 18:54:19,468 [4a750d61-24e5-43ec-8266-94d98c9b7420@group-DD3CD69E62EB-LeaderElection47] INFO  impl.LeaderElection (LeaderElection.java:logAndReturn(93)) -   Response 0: 4a750d61-24e5-43ec-8266-94d98c9b7420<-e477ba1d-11c9-4e24-a1b5-67f71d65ae03#0:FAIL-t5
2021-06-23 18:54:19,468 [4a750d61-24e5-43ec-8266-94d98c9b7420@group-DD3CD69E62EB-LeaderElection47] INFO  impl.LeaderElection (LeaderElection.java:logAndReturn(93)) -   Response 1: 4a750d61-24e5-43ec-8266-94d98c9b7420<-b2abd95f-4cc9-4fa4-a4ec-5bbb2a845ab6#0:OK-t5
2021-06-23 18:54:19,468 [4a750d61-24e5-43ec-8266-94d98c9b7420@group-DD3CD69E62EB-LeaderElection47] INFO  impl.LeaderElection (LeaderElection.java:askForVotes(308)) - 4a750d61-24e5-43ec-8266-94d98c9b7420@group-DD3CD69E62EB-LeaderElection47 ELECTION round 0: result REJECTED
2021-06-23 18:54:19,468 [4a750d61-24e5-43ec-8266-94d98c9b7420@group-DD3CD69E62EB-LeaderElection47] INFO  server.RaftServer$Division (RaftServerImpl.java:setRole(284)) - 4a750d61-24e5-43ec-8266-94d98c9b7420@group-DD3CD69E62EB: changes role from CANDIDATE to FOLLOWER at term 5 for REJECTED
2021-06-23 18:54:19,468 [4a750d61-24e5-43ec-8266-94d98c9b7420@group-DD3CD69E62EB-LeaderElection47] INFO  impl.RoleInfo (RoleInfo.java:shutdownLeaderElection(121)) - 4a750d61-24e5-43ec-8266-94d98c9b7420: shutdown 4a750d61-24e5-43ec-8266-94d98c9b7420@group-DD3CD69E62EB-LeaderElection47
2021-06-23 18:54:19,468 [4a750d61-24e5-43ec-8266-94d98c9b7420@group-DD3CD69E62EB-LeaderElection47] INFO  impl.RoleInfo (RoleInfo.java:updateAndGet(130)) - 4a750d61-24e5-43ec-8266-94d98c9b7420: start 4a750d61-24e5-43ec-8266-94d98c9b7420@group-DD3CD69E62EB-FollowerState
2021-06-23 18:54:21,984 [Listener at 127.0.0.1/35407] INFO  ozone.MiniOzoneClusterImpl (MiniOzoneClusterImpl.java:shutdown(445)) - Shutting down the Mini Ozone Cluster
2021-06-23 18:54:21,984 [Listener at 127.0.0.1/35407] INFO  ozone.MiniOzoneClusterImpl (MiniOzoneClusterImpl.java:stop(460)) - Stopping the Mini Ozone Cluster
2021-06-23 18:54:21,985 [Listener at 127.0.0.1/35407] INFO  ozone.MiniOzoneClusterImpl (MiniOzoneClusterImpl.java:stopOM(542)) - Stopping the OzoneManager
2021-06-23 18:54:21,985 [Listener at 127.0.0.1/35407] INFO  ipc.Server (Server.java:stop(3403)) - Stopping server on 35407
2021-06-23 18:54:21,988 [IPC Server listener on 0] INFO  ipc.Server (Server.java:run(1366)) - Stopping IPC Server listener on 0
2021-06-23 18:54:21,989 [IPC Server Responder] INFO  ipc.Server (Server.java:run(1502)) - Stopping IPC Server Responder
2021-06-23 18:54:21,989 [Listener at 127.0.0.1/35407] INFO  server.RaftServer (RaftServerProxy.java:lambda$close$6(391)) - om1: close
2021-06-23 18:54:21,989 [Listener at 127.0.0.1/35407] INFO  server.RaftServer$Division (RaftServerImpl.java:lambda$close$4(406)) - om1@group-C5BA1605619E: shutdown
2021-06-23 18:54:21,992 [Listener at 127.0.0.1/35407] INFO  util.JmxRegister (JmxRegister.java:unregister(73)) - Successfully un-registered JMX Bean with object name Ratis:service=RaftServer,group=group-C5BA1605619E,id=om1
2021-06-23 18:54:21,992 [Listener at 127.0.0.1/35407] INFO  impl.RoleInfo (RoleInfo.java:shutdownLeaderState(91)) - om1: shutdown om1@group-C5BA1605619E-LeaderStateImpl
2021-06-23 18:54:21,993 [Listener at 127.0.0.1/35407] INFO  impl.PendingRequests (PendingRequests.java:sendNotLeaderResponses(249)) - om1@group-C5BA1605619E-PendingRequests: sendNotLeaderResponses
2021-06-23 18:54:21,995 [Listener at 127.0.0.1/35407] INFO  metrics.RatisMetrics (RatisMetrics.java:unregister(43)) - Unregistering Metrics Registry : ratis.log_appender.om1@group-C5BA1605619E
2021-06-23 18:54:21,995 [Listener at 127.0.0.1/35407] INFO  metrics.RatisMetrics (RatisMetrics.java:unregister(43)) - Unregistering Metrics Registry : ratis.server.om1@group-C5BA1605619E
2021-06-23 18:54:21,996 [Listener at 127.0.0.1/35407] INFO  impl.StateMachineUpdater (StateMachineUpdater.java:stopAndJoin(149)) - om1@group-C5BA1605619E-StateMachineUpdater: set stopIndex = 4
2021-06-23 18:54:21,996 [om1@group-C5BA1605619E-StateMachineUpdater] INFO  ratis.OzoneManagerStateMachine (OzoneManagerStateMachine.java:takeSnapshot(347)) - Current Snapshot Index (t:1, i:4)
2021-06-23 18:54:21,998 [om1@group-C5BA1605619E-StateMachineUpdater] INFO  impl.StateMachineUpdater (StateMachineUpdater.java:takeSnapshot(281)) - om1@group-C5BA1605619E-StateMachineUpdater: Took a snapshot at index 4
2021-06-23 18:54:21,998 [om1@group-C5BA1605619E-StateMachineUpdater] INFO  impl.StateMachineUpdater (StateMachineUpdater.java:lambda$new$0(89)) - om1@group-C5BA1605619E-StateMachineUpdater: snapshotIndex: updateIncreasingly -1 -> 4
2021-06-23 18:54:21,999 [om1@group-C5BA1605619E-StateMachineUpdater] INFO  metrics.RatisMetrics (RatisMetrics.java:unregister(43)) - Unregistering Metrics Registry : ratis.state_machine.om1@group-C5BA1605619E
2021-06-23 18:54:21,999 [Listener at 127.0.0.1/35407] INFO  server.RaftServer$Division (ServerState.java:close(405)) - om1@group-C5BA1605619E: closes. applyIndex: 4
2021-06-23 18:54:21,999 [om1@group-C5BA1605619E-SegmentedRaftLogWorker] INFO  segmented.SegmentedRaftLogWorker (SegmentedRaftLogWorker.java:run(327)) - om1@group-C5BA1605619E-SegmentedRaftLogWorker was interrupted, exiting. There are 0 tasks remaining in the queue.
2021-06-23 18:54:22,001 [Listener at 127.0.0.1/35407] INFO  segmented.SegmentedRaftLogWorker (SegmentedRaftLogWorker.java:close(237)) - om1@group-C5BA1605619E-SegmentedRaftLogWorker close()
2021-06-23 18:54:22,003 [Listener at 127.0.0.1/35407] INFO  metrics.RatisMetrics (RatisMetrics.java:unregister(43)) - Unregistering Metrics Registry : ratis.log_worker.om1@group-C5BA1605619E
2021-06-23 18:54:22,003 [Listener at 127.0.0.1/35407] INFO  metrics.RatisMetrics (RatisMetrics.java:unregister(43)) - Unregistering Metrics Registry : ratis.leader_election.om1@group-C5BA1605619E
2021-06-23 18:54:22,003 [Listener at 127.0.0.1/35407] INFO  metrics.RatisMetrics (RatisMetrics.java:unregister(43)) - Unregistering Metrics Registry : ratis.server.om1@group-C5BA1605619E
2021-06-23 18:54:22,004 [Listener at 127.0.0.1/35407] INFO  server.GrpcService (GrpcService.java:closeImpl(262)) - om1: shutdown server with port 9872 now
2021-06-23 18:54:22,004 [Listener at 127.0.0.1/35407] INFO  server.GrpcService (GrpcService.java:closeImpl(271)) - om1: shutdown server with port 9872 successfully
2021-06-23 18:54:22,004 [org.apache.ratis.util.JvmPauseMonitor$$Lambda$513/1463400452@34b312d8] INFO  util.JvmPauseMonitor (JvmPauseMonitor.java:run(109)) - JvmPauseMonitor-om1: Stopped
2021-06-23 18:54:22,004 [Listener at 127.0.0.1/35407] INFO  ratis.OzoneManagerDoubleBuffer (OzoneManagerDoubleBuffer.java:stop(426)) - Stopping OMDoubleBuffer flush thread
2021-06-23 18:54:22,004 [OMDoubleBufferFlushThread] INFO  ratis.OzoneManagerDoubleBuffer (OzoneManagerDoubleBuffer.java:flushTransactions(353)) - OMDoubleBuffer flush thread OMDoubleBufferFlushThread is interrupted and will exit. OMDoubleBufferFlushThread
2021-06-23 18:54:22,006 [Listener at 127.0.0.1/35407] INFO  ratis.OzoneManagerStateMachine (HadoopExecutors.java:shutdown(118)) - Gracefully shutting down executor service. Waiting max 5 SECONDS
2021-06-23 18:54:22,006 [Listener at 127.0.0.1/35407] INFO  ratis.OzoneManagerStateMachine (HadoopExecutors.java:shutdown(129)) - Succesfully shutdown executor service
2021-06-23 18:54:22,007 [Listener at 127.0.0.1/35407] INFO  ratis.OzoneManagerStateMachine (HadoopExecutors.java:shutdown(118)) - Gracefully shutting down executor service. Waiting max 5 SECONDS
2021-06-23 18:54:22,007 [Listener at 127.0.0.1/35407] INFO  ratis.OzoneManagerStateMachine (HadoopExecutors.java:shutdown(129)) - Succesfully shutdown executor service
2021-06-23 18:54:22,007 [Listener at 127.0.0.1/35407] INFO  utils.BackgroundService (BackgroundService.java:shutdown(132)) - Shutting down service KeyDeletingService
2021-06-23 18:54:22,009 [Listener at 127.0.0.1/35407] INFO  handler.ContextHandler (ContextHandler.java:doStop(1154)) - Stopped o.e.j.w.WebAppContext@3fa4fe1f{ozoneManager,/,null,STOPPED}{file:/home/runner/work/ozone/ozone/mnt/ozone/hadoop-ozone/integration-test/target/test-classes/webapps/ozoneManager}
2021-06-23 18:54:22,010 [Listener at 127.0.0.1/35407] INFO  server.AbstractConnector (AbstractConnector.java:doStop(381)) - Stopped ServerConnector@38c2bbd3{HTTP/1.1, (http/1.1)}{0.0.0.0:0}
2021-06-23 18:54:22,010 [Listener at 127.0.0.1/35407] INFO  server.session (HouseKeeper.java:stopScavenging(149)) - node0 Stopped scavenging
2021-06-23 18:54:22,010 [Listener at 127.0.0.1/35407] INFO  handler.ContextHandler (ContextHandler.java:doStop(1154)) - Stopped o.e.j.s.ServletContextHandler@d64aeb0{static,/static,file:///home/runner/work/ozone/ozone/mnt/ozone/hadoop-ozone/integration-test/target/test-classes/webapps/static,STOPPED}
2021-06-23 18:54:22,010 [Listener at 127.0.0.1/35407] INFO  handler.ContextHandler (ContextHandler.java:doStop(1154)) - Stopped o.e.j.s.ServletContextHandler@6e0ae02d{logs,/logs,file:///home/runner/work/ozone/ozone/mnt/ozone/hadoop-ozone/integration-test/target/log,STOPPED}
2021-06-23 18:54:22,013 [Listener at 127.0.0.1/35407] INFO  ozone.MiniOzoneClusterImpl (MiniOzoneClusterImpl.java:stopDatanodes(519)) - Stopping the HddsDatanodes
2021-06-23 18:54:22,500 [Datanode State Machine Thread - 0] INFO  statemachine.DatanodeStateMachine (DatanodeStateMachine.java:lambda$startDaemon$0(430)) - Ozone container server started.
2021-06-23 18:54:22,556 [Datanode State Machine Thread - 0] INFO  statemachine.DatanodeStateMachine (DatanodeStateMachine.java:lambda$startDaemon$0(430)) - Ozone container server started.
2021-06-23 18:54:24,591 [e477ba1d-11c9-4e24-a1b5-67f71d65ae03@group-DD3CD69E62EB-FollowerState] INFO  impl.FollowerState (FollowerState.java:run(134)) - e477ba1d-11c9-4e24-a1b5-67f71d65ae03@group-DD3CD69E62EB-FollowerState: change to CANDIDATE, lastRpcElapsedTime:5132625925ns, electionTimeout:5127ms
2021-06-23 18:54:24,591 [e477ba1d-11c9-4e24-a1b5-67f71d65ae03@group-DD3CD69E62EB-FollowerState] INFO  impl.RoleInfo (RoleInfo.java:shutdownFollowerState(108)) - e477ba1d-11c9-4e24-a1b5-67f71d65ae03: shutdown e477ba1d-11c9-4e24-a1b5-67f71d65ae03@group-DD3CD69E62EB-FollowerState
2021-06-23 18:54:24,591 [e477ba1d-11c9-4e24-a1b5-67f71d65ae03@group-DD3CD69E62EB-FollowerState] INFO  server.RaftServer$Division (RaftServerImpl.java:setRole(284)) - e477ba1d-11c9-4e24-a1b5-67f71d65ae03@group-DD3CD69E62EB: changes role from  FOLLOWER to CANDIDATE at term 5 for changeToCandidate
2021-06-23 18:54:24,592 [e477ba1d-11c9-4e24-a1b5-67f71d65ae03@group-DD3CD69E62EB-FollowerState] INFO  server.RaftServerConfigKeys (ConfUtils.java:logGet(44)) - raft.server.leaderelection.pre-vote = false (custom)
2021-06-23 18:54:24,592 [e477ba1d-11c9-4e24-a1b5-67f71d65ae03@group-DD3CD69E62EB-FollowerState] INFO  impl.RoleInfo (RoleInfo.java:updateAndGet(130)) - e477ba1d-11c9-4e24-a1b5-67f71d65ae03: start e477ba1d-11c9-4e24-a1b5-67f71d65ae03@group-DD3CD69E62EB-LeaderElection48
2021-06-23 18:54:24,596 [e477ba1d-11c9-4e24-a1b5-67f71d65ae03@group-DD3CD69E62EB-LeaderElection48] INFO  impl.LeaderElection (LeaderElection.java:askForVotes(306)) - e477ba1d-11c9-4e24-a1b5-67f71d65ae03@group-DD3CD69E62EB-LeaderElection48 ELECTION round 0: submit vote requests at term 6 for 0: [4a750d61-24e5-43ec-8266-94d98c9b7420|rpc:10.1.0.43:40063|dataStream:|priority:0, e477ba1d-11c9-4e24-a1b5-67f71d65ae03|rpc:10.1.0.43:46371|dataStream:|priority:1, b2abd95f-4cc9-4fa4-a4ec-5bbb2a845ab6|rpc:10.1.0.43:35929|dataStream:|priority:0], old=null
2021-06-23 18:54:24,598 [grpc-default-executor-4] INFO  server.RaftServer$Division (RaftServerImpl.java:requestVote(1042)) - 4a750d61-24e5-43ec-8266-94d98c9b7420@group-DD3CD69E62EB: receive requestVote(ELECTION, e477ba1d-11c9-4e24-a1b5-67f71d65ae03, group-DD3CD69E62EB, 6, (t:2, i:0))
2021-06-23 18:54:24,598 [grpc-default-executor-4] INFO  impl.VoteContext (VoteContext.java:log(48)) - 4a750d61-24e5-43ec-8266-94d98c9b7420@group-DD3CD69E62EB-FOLLOWER: accept ELECTION from e477ba1d-11c9-4e24-a1b5-67f71d65ae03: our priority 0 <= candidate's priority 1
2021-06-23 18:54:24,598 [grpc-default-executor-4] INFO  server.RaftServer$Division (RaftServerImpl.java:setRole(284)) - 4a750d61-24e5-43ec-8266-94d98c9b7420@group-DD3CD69E62EB: changes role from  FOLLOWER to FOLLOWER at term 6 for candidate:e477ba1d-11c9-4e24-a1b5-67f71d65ae03
2021-06-23 18:54:24,598 [grpc-default-executor-4] INFO  impl.RoleInfo (RoleInfo.java:shutdownFollowerState(108)) - 4a750d61-24e5-43ec-8266-94d98c9b7420: shutdown 4a750d61-24e5-43ec-8266-94d98c9b7420@group-DD3CD69E62EB-FollowerState
2021-06-23 18:54:24,598 [grpc-default-executor-4] INFO  impl.RoleInfo (RoleInfo.java:updateAndGet(130)) - 4a750d61-24e5-43ec-8266-94d98c9b7420: start 4a750d61-24e5-43ec-8266-94d98c9b7420@group-DD3CD69E62EB-FollowerState
2021-06-23 18:54:24,599 [grpc-default-executor-4] INFO  server.RaftServer$Division (RaftServerImpl.java:requestVote(1074)) - 4a750d61-24e5-43ec-8266-94d98c9b7420@group-DD3CD69E62EB replies to ELECTION vote request: e477ba1d-11c9-4e24-a1b5-67f71d65ae03<-4a750d61-24e5-43ec-8266-94d98c9b7420#0:OK-t6. Peer's state: 4a750d61-24e5-43ec-8266-94d98c9b7420@group-DD3CD69E62EB:t6, leader=null, voted=e477ba1d-11c9-4e24-a1b5-67f71d65ae03, raftlog=4a750d61-24e5-43ec-8266-94d98c9b7420@group-DD3CD69E62EB-SegmentedRaftLog:OPENED:c0,f0,i0, conf=0: [4a750d61-24e5-43ec-8266-94d98c9b7420|rpc:10.1.0.43:40063|dataStream:|priority:0, e477ba1d-11c9-4e24-a1b5-67f71d65ae03|rpc:10.1.0.43:46371|dataStream:|priority:1, b2abd95f-4cc9-4fa4-a4ec-5bbb2a845ab6|rpc:10.1.0.43:35929|dataStream:|priority:0], old=null
2021-06-23 18:54:24,601 [4a750d61-24e5-43ec-8266-94d98c9b7420@group-DD3CD69E62EB-FollowerState] INFO  impl.FollowerState (FollowerState.java:run(143)) - 4a750d61-24e5-43ec-8266-94d98c9b7420@group-DD3CD69E62EB-FollowerState was interrupted: {}
java.lang.InterruptedException: sleep interrupted
	at java.lang.Thread.sleep(Native Method)
	at java.lang.Thread.sleep(Thread.java:340)
	at java.util.concurrent.TimeUnit.sleep(TimeUnit.java:386)
	at org.apache.ratis.util.TimeDuration.sleep(TimeDuration.java:324)
	at org.apache.ratis.util.TimeDuration.sleep(TimeDuration.java:309)
	at org.apache.ratis.server.impl.FollowerState.run(FollowerState.java:118)
2021-06-23 18:54:24,604 [e477ba1d-11c9-4e24-a1b5-67f71d65ae03@group-DD3CD69E62EB-LeaderElection48] INFO  impl.LeaderElection (LeaderElection.java:logAndReturn(89)) - e477ba1d-11c9-4e24-a1b5-67f71d65ae03@group-DD3CD69E62EB-LeaderElection48: ELECTION PASSED received 1 response(s) and 0 exception(s):
2021-06-23 18:54:24,604 [e477ba1d-11c9-4e24-a1b5-67f71d65ae03@group-DD3CD69E62EB-LeaderElection48] INFO  impl.LeaderElection (LeaderElection.java:logAndReturn(93)) -   Response 0: e477ba1d-11c9-4e24-a1b5-67f71d65ae03<-4a750d61-24e5-43ec-8266-94d98c9b7420#0:OK-t6
2021-06-23 18:54:24,604 [e477ba1d-11c9-4e24-a1b5-67f71d65ae03@group-DD3CD69E62EB-LeaderElection48] INFO  impl.LeaderElection (LeaderElection.java:askForVotes(308)) - e477ba1d-11c9-4e24-a1b5-67f71d65ae03@group-DD3CD69E62EB-LeaderElection48 ELECTION round 0: result PASSED
2021-06-23 18:54:24,604 [e477ba1d-11c9-4e24-a1b5-67f71d65ae03@group-DD3CD69E62EB-LeaderElection48] INFO  impl.RoleInfo (RoleInfo.java:shutdownLeaderElection(121)) - e477ba1d-11c9-4e24-a1b5-67f71d65ae03: shutdown e477ba1d-11c9-4e24-a1b5-67f71d65ae03@group-DD3CD69E62EB-LeaderElection48
2021-06-23 18:54:24,604 [e477ba1d-11c9-4e24-a1b5-67f71d65ae03@group-DD3CD69E62EB-LeaderElection48] INFO  server.RaftServer$Division (RaftServerImpl.java:setRole(284)) - e477ba1d-11c9-4e24-a1b5-67f71d65ae03@group-DD3CD69E62EB: changes role from CANDIDATE to LEADER at term 6 for changeToLeader
2021-06-23 18:54:24,604 [e477ba1d-11c9-4e24-a1b5-67f71d65ae03@group-DD3CD69E62EB-LeaderElection48] INFO  ratis.XceiverServerRatis (XceiverServerRatis.java:handleLeaderChangedNotification(857)) - Leader change notification received for group: group-DD3CD69E62EB with new leaderId: e477ba1d-11c9-4e24-a1b5-67f71d65ae03
2021-06-23 18:54:24,604 [e477ba1d-11c9-4e24-a1b5-67f71d65ae03@group-DD3CD69E62EB-LeaderElection48] INFO  server.RaftServer$Division (ServerState.java:setLeader(271)) - e477ba1d-11c9-4e24-a1b5-67f71d65ae03@group-DD3CD69E62EB: change Leader from null to e477ba1d-11c9-4e24-a1b5-67f71d65ae03 at term 6 for becomeLeader, leader elected after 15372ms
2021-06-23 18:54:24,604 [e477ba1d-11c9-4e24-a1b5-67f71d65ae03@group-DD3CD69E62EB-LeaderElection48] INFO  server.RaftServerConfigKeys (ConfUtils.java:logGet(44)) - raft.server.staging.catchup.gap = 1000 (default)
2021-06-23 18:54:24,604 [e477ba1d-11c9-4e24-a1b5-67f71d65ae03@group-DD3CD69E62EB-LeaderElection48] INFO  metrics.RatisMetrics (RatisMetrics.java:lambda$create$0(36)) - Creating Metrics Registry : ratis.log_appender.e477ba1d-11c9-4e24-a1b5-67f71d65ae03@group-DD3CD69E62EB
2021-06-23 18:54:24,604 [e477ba1d-11c9-4e24-a1b5-67f71d65ae03@group-DD3CD69E62EB-LeaderElection48] INFO  server.RaftServerConfigKeys (ConfUtils.java:logGet(44)) - raft.server.write.element-limit = 1024 (custom)
2021-06-23 18:54:24,604 [e477ba1d-11c9-4e24-a1b5-67f71d65ae03@group-DD3CD69E62EB-LeaderElection48] INFO  server.RaftServerConfigKeys (ConfUtils.java:logGet(44)) - raft.server.write.byte-limit = 1073741824 (custom)
2021-06-23 18:54:24,605 [e477ba1d-11c9-4e24-a1b5-67f71d65ae03@group-DD3CD69E62EB-LeaderElection48] INFO  server.RaftServerConfigKeys (ConfUtils.java:logGet(44)) - raft.server.watch.timeout = 3000ms (custom)
2021-06-23 18:54:24,605 [e477ba1d-11c9-4e24-a1b5-67f71d65ae03@group-DD3CD69E62EB-LeaderElection48] INFO  server.RaftServerConfigKeys (ConfUtils.java:logGet(44)) - raft.server.watch.timeout.denomination = 1s (default)
2021-06-23 18:54:24,605 [e477ba1d-11c9-4e24-a1b5-67f71d65ae03@group-DD3CD69E62EB-LeaderElection48] INFO  server.RaftServerConfigKeys (ConfUtils.java:logGet(44)) - raft.server.watch.element-limit = 65536 (default)
2021-06-23 18:54:24,605 [e477ba1d-11c9-4e24-a1b5-67f71d65ae03@group-DD3CD69E62EB-LeaderElection48] INFO  server.RaftServerConfigKeys (ConfUtils.java:logGet(44)) - raft.server.log.appender.snapshot.chunk.size.max = 16MB (=16777216) (default)
2021-06-23 18:54:24,605 [e477ba1d-11c9-4e24-a1b5-67f71d65ae03@group-DD3CD69E62EB-LeaderElection48] INFO  server.RaftServerConfigKeys (ConfUtils.java:logGet(44)) - raft.server.log.appender.buffer.byte-limit = 33554432 (custom)
2021-06-23 18:54:24,605 [e477ba1d-11c9-4e24-a1b5-67f71d65ae03@group-DD3CD69E62EB-LeaderElection48] INFO  server.RaftServerConfigKeys (ConfUtils.java:logGet(44)) - raft.server.log.appender.buffer.element-limit = 1 (custom)
2021-06-23 18:54:24,605 [e477ba1d-11c9-4e24-a1b5-67f71d65ae03@group-DD3CD69E62EB-LeaderElection48] INFO  grpc.GrpcConfigKeys (ConfUtils.java:logGet(44)) - raft.grpc.server.leader.outstanding.appends.max = 128 (default)
2021-06-23 18:54:24,605 [e477ba1d-11c9-4e24-a1b5-67f71d65ae03@group-DD3CD69E62EB-LeaderElection48] INFO  server.RaftServerConfigKeys (ConfUtils.java:logGet(44)) - raft.server.rpc.request.timeout = 3000ms (default)
2021-06-23 18:54:24,605 [e477ba1d-11c9-4e24-a1b5-67f71d65ae03@group-DD3CD69E62EB-LeaderElection48] INFO  server.RaftServerConfigKeys (ConfUtils.java:logGet(44)) - raft.server.log.appender.install.snapshot.enabled = false (custom)
2021-06-23 18:54:24,605 [e477ba1d-11c9-4e24-a1b5-67f71d65ae03@group-DD3CD69E62EB-LeaderElection48] INFO  metrics.RatisMetrics (RatisMetrics.java:lambda$create$0(36)) - Creating Metrics Registry : ratis_grpc.log_appender.e477ba1d-11c9-4e24-a1b5-67f71d65ae03@group-DD3CD69E62EB
2021-06-23 18:54:24,606 [e477ba1d-11c9-4e24-a1b5-67f71d65ae03@group-DD3CD69E62EB-LeaderElection48] INFO  server.RaftServerConfigKeys (ConfUtils.java:logGet(44)) - raft.server.log.appender.snapshot.chunk.size.max = 16MB (=16777216) (default)
2021-06-23 18:54:24,606 [e477ba1d-11c9-4e24-a1b5-67f71d65ae03@group-DD3CD69E62EB-LeaderElection48] INFO  server.RaftServerConfigKeys (ConfUtils.java:logGet(44)) - raft.server.log.appender.buffer.byte-limit = 33554432 (custom)
2021-06-23 18:54:24,606 [e477ba1d-11c9-4e24-a1b5-67f71d65ae03@group-DD3CD69E62EB-LeaderElection48] INFO  server.RaftServerConfigKeys (ConfUtils.java:logGet(44)) - raft.server.log.appender.buffer.element-limit = 1 (custom)
2021-06-23 18:54:24,606 [e477ba1d-11c9-4e24-a1b5-67f71d65ae03@group-DD3CD69E62EB-LeaderElection48] INFO  grpc.GrpcConfigKeys (ConfUtils.java:logGet(44)) - raft.grpc.server.leader.outstanding.appends.max = 128 (default)
2021-06-23 18:54:24,606 [e477ba1d-11c9-4e24-a1b5-67f71d65ae03@group-DD3CD69E62EB-LeaderElection48] INFO  server.RaftServerConfigKeys (ConfUtils.java:logGet(44)) - raft.server.rpc.request.timeout = 3000ms (default)
2021-06-23 18:54:24,606 [e477ba1d-11c9-4e24-a1b5-67f71d65ae03@group-DD3CD69E62EB-LeaderElection48] INFO  server.RaftServerConfigKeys (ConfUtils.java:logGet(44)) - raft.server.log.appender.install.snapshot.enabled = false (custom)
2021-06-23 18:54:24,607 [e477ba1d-11c9-4e24-a1b5-67f71d65ae03@group-DD3CD69E62EB-LeaderElection48] INFO  impl.RoleInfo (RoleInfo.java:updateAndGet(130)) - e477ba1d-11c9-4e24-a1b5-67f71d65ae03: start e477ba1d-11c9-4e24-a1b5-67f71d65ae03@group-DD3CD69E62EB-LeaderStateImpl
2021-06-23 18:54:24,608 [e477ba1d-11c9-4e24-a1b5-67f71d65ae03@group-DD3CD69E62EB-LeaderElection48] INFO  segmented.SegmentedRaftLogWorker (SegmentedRaftLogWorker.java:rollLogSegment(399)) - e477ba1d-11c9-4e24-a1b5-67f71d65ae03@group-DD3CD69E62EB-SegmentedRaftLogWorker: Rolling segment log-0_0 to index:0
2021-06-23 18:54:24,609 [e477ba1d-11c9-4e24-a1b5-67f71d65ae03@group-DD3CD69E62EB-SegmentedRaftLogWorker] INFO  segmented.SegmentedRaftLogWorker (SegmentedRaftLogWorker.java:execute(558)) - e477ba1d-11c9-4e24-a1b5-67f71d65ae03@group-DD3CD69E62EB-SegmentedRaftLogWorker: Rolled log segment from /home/runner/work/ozone/ozone/mnt/ozone/hadoop-ozone/integration-test/target/test-dir/MiniOzoneClusterImpl-2ba833d5-1ba9-439d-9c86-26ba043c4450/datanode-1/data/ratis/a388f249-99f9-4637-b8a3-dd3cd69e62eb/current/log_inprogress_0 to /home/runner/work/ozone/ozone/mnt/ozone/hadoop-ozone/integration-test/target/test-dir/MiniOzoneClusterImpl-2ba833d5-1ba9-439d-9c86-26ba043c4450/datanode-1/data/ratis/a388f249-99f9-4637-b8a3-dd3cd69e62eb/current/log_0-0
2021-06-23 18:54:24,611 [e477ba1d-11c9-4e24-a1b5-67f71d65ae03@group-DD3CD69E62EB-SegmentedRaftLogWorker] INFO  segmented.SegmentedRaftLogWorker (SegmentedRaftLogWorker.java:execute(601)) - e477ba1d-11c9-4e24-a1b5-67f71d65ae03@group-DD3CD69E62EB-SegmentedRaftLogWorker: created new log segment /home/runner/work/ozone/ozone/mnt/ozone/hadoop-ozone/integration-test/target/test-dir/MiniOzoneClusterImpl-2ba833d5-1ba9-439d-9c86-26ba043c4450/datanode-1/data/ratis/a388f249-99f9-4637-b8a3-dd3cd69e62eb/current/log_inprogress_1
2021-06-23 18:54:24,612 [grpc-default-executor-4] INFO  server.RaftServer$Division (RaftServerImpl.java:requestVote(1042)) - b2abd95f-4cc9-4fa4-a4ec-5bbb2a845ab6@group-DD3CD69E62EB: receive requestVote(ELECTION, e477ba1d-11c9-4e24-a1b5-67f71d65ae03, group-DD3CD69E62EB, 6, (t:2, i:0))
2021-06-23 18:54:24,612 [grpc-default-executor-4] INFO  impl.VoteContext (VoteContext.java:log(48)) - b2abd95f-4cc9-4fa4-a4ec-5bbb2a845ab6@group-DD3CD69E62EB-FOLLOWER: accept ELECTION from e477ba1d-11c9-4e24-a1b5-67f71d65ae03: our last entry null < candidate's last entry (t:2, i:0)
2021-06-23 18:54:24,612 [grpc-default-executor-4] INFO  server.RaftServer$Division (RaftServerImpl.java:setRole(284)) - b2abd95f-4cc9-4fa4-a4ec-5bbb2a845ab6@group-DD3CD69E62EB: changes role from  FOLLOWER to FOLLOWER at term 6 for candidate:e477ba1d-11c9-4e24-a1b5-67f71d65ae03
2021-06-23 18:54:24,612 [grpc-default-executor-4] INFO  impl.RoleInfo (RoleInfo.java:shutdownFollowerState(108)) - b2abd95f-4cc9-4fa4-a4ec-5bbb2a845ab6: shutdown b2abd95f-4cc9-4fa4-a4ec-5bbb2a845ab6@group-DD3CD69E62EB-FollowerState
2021-06-23 18:54:24,613 [b2abd95f-4cc9-4fa4-a4ec-5bbb2a845ab6@group-DD3CD69E62EB-FollowerState] INFO  impl.FollowerState (FollowerState.java:run(143)) - b2abd95f-4cc9-4fa4-a4ec-5bbb2a845ab6@group-DD3CD69E62EB-FollowerState was interrupted: {}
java.lang.InterruptedException: sleep interrupted
	at java.lang.Thread.sleep(Native Method)
	at java.lang.Thread.sleep(Thread.java:340)
	at java.util.concurrent.TimeUnit.sleep(TimeUnit.java:386)
	at org.apache.ratis.util.TimeDuration.sleep(TimeDuration.java:324)
	at org.apache.ratis.util.TimeDuration.sleep(TimeDuration.java:309)
	at org.apache.ratis.server.impl.FollowerState.run(FollowerState.java:118)
2021-06-23 18:54:24,614 [grpc-default-executor-1] INFO  ratis.XceiverServerRatis (XceiverServerRatis.java:handleLeaderChangedNotification(857)) - Leader change notification received for group: group-DD3CD69E62EB with new leaderId: e477ba1d-11c9-4e24-a1b5-67f71d65ae03
2021-06-23 18:54:24,614 [grpc-default-executor-1] INFO  server.RaftServer$Division (ServerState.java:setLeader(271)) - 4a750d61-24e5-43ec-8266-94d98c9b7420@group-DD3CD69E62EB: change Leader from null to e477ba1d-11c9-4e24-a1b5-67f71d65ae03 at term 6 for appendEntries, leader elected after 15400ms
2021-06-23 18:54:24,615 [grpc-default-executor-4] INFO  impl.RoleInfo (RoleInfo.java:updateAndGet(130)) - b2abd95f-4cc9-4fa4-a4ec-5bbb2a845ab6: start b2abd95f-4cc9-4fa4-a4ec-5bbb2a845ab6@group-DD3CD69E62EB-FollowerState
2021-06-23 18:54:24,615 [e477ba1d-11c9-4e24-a1b5-67f71d65ae03@group-DD3CD69E62EB-LeaderElection48] INFO  server.RaftServer$Division (ServerState.java:setRaftConf(373)) - e477ba1d-11c9-4e24-a1b5-67f71d65ae03@group-DD3CD69E62EB: set configuration 1: [4a750d61-24e5-43ec-8266-94d98c9b7420|rpc:10.1.0.43:40063|dataStream:|priority:0, e477ba1d-11c9-4e24-a1b5-67f71d65ae03|rpc:10.1.0.43:46371|dataStream:|priority:1, b2abd95f-4cc9-4fa4-a4ec-5bbb2a845ab6|rpc:10.1.0.43:35929|dataStream:|priority:0], old=null
2021-06-23 18:54:24,616 [grpc-default-executor-4] INFO  server.RaftServer$Division (RaftServerImpl.java:requestVote(1074)) - b2abd95f-4cc9-4fa4-a4ec-5bbb2a845ab6@group-DD3CD69E62EB replies to ELECTION vote request: e477ba1d-11c9-4e24-a1b5-67f71d65ae03<-b2abd95f-4cc9-4fa4-a4ec-5bbb2a845ab6#0:OK-t6. Peer's state: b2abd95f-4cc9-4fa4-a4ec-5bbb2a845ab6@group-DD3CD69E62EB:t6, leader=null, voted=e477ba1d-11c9-4e24-a1b5-67f71d65ae03, raftlog=b2abd95f-4cc9-4fa4-a4ec-5bbb2a845ab6@group-DD3CD69E62EB-SegmentedRaftLog:OPENED:c-1,f-1,i0, conf=-1: [4a750d61-24e5-43ec-8266-94d98c9b7420|rpc:10.1.0.43:40063|dataStream:|priority:0, e477ba1d-11c9-4e24-a1b5-67f71d65ae03|rpc:10.1.0.43:46371|dataStream:|priority:1, b2abd95f-4cc9-4fa4-a4ec-5bbb2a845ab6|rpc:10.1.0.43:35929|dataStream:|priority:0], old=null
2021-06-23 18:54:24,618 [grpc-default-executor-1] INFO  server.RaftServer$Division (ServerState.java:setRaftConf(373)) - 4a750d61-24e5-43ec-8266-94d98c9b7420@group-DD3CD69E62EB: set configuration 1: [4a750d61-24e5-43ec-8266-94d98c9b7420|rpc:10.1.0.43:40063|dataStream:|priority:0, e477ba1d-11c9-4e24-a1b5-67f71d65ae03|rpc:10.1.0.43:46371|dataStream:|priority:1, b2abd95f-4cc9-4fa4-a4ec-5bbb2a845ab6|rpc:10.1.0.43:35929|dataStream:|priority:0], old=null
2021-06-23 18:54:24,618 [grpc-default-executor-1] INFO  segmented.SegmentedRaftLogWorker (SegmentedRaftLogWorker.java:rollLogSegment(399)) - 4a750d61-24e5-43ec-8266-94d98c9b7420@group-DD3CD69E62EB-SegmentedRaftLogWorker: Rolling segment log-0_0 to index:0
2021-06-23 18:54:24,618 [4a750d61-24e5-43ec-8266-94d98c9b7420@group-DD3CD69E62EB-SegmentedRaftLogWorker] INFO  segmented.SegmentedRaftLogWorker (SegmentedRaftLogWorker.java:execute(558)) - 4a750d61-24e5-43ec-8266-94d98c9b7420@group-DD3CD69E62EB-SegmentedRaftLogWorker: Rolled log segment from /home/runner/work/ozone/ozone/mnt/ozone/hadoop-ozone/integration-test/target/test-dir/MiniOzoneClusterImpl-2ba833d5-1ba9-439d-9c86-26ba043c4450/datanode-0/data/ratis/a388f249-99f9-4637-b8a3-dd3cd69e62eb/current/log_inprogress_0 to /home/runner/work/ozone/ozone/mnt/ozone/hadoop-ozone/integration-test/target/test-dir/MiniOzoneClusterImpl-2ba833d5-1ba9-439d-9c86-26ba043c4450/datanode-0/data/ratis/a388f249-99f9-4637-b8a3-dd3cd69e62eb/current/log_0-0
2021-06-23 18:54:24,619 [grpc-default-executor-4] INFO  ratis.XceiverServerRatis (XceiverServerRatis.java:handleLeaderChangedNotification(857)) - Leader change notification received for group: group-DD3CD69E62EB with new leaderId: e477ba1d-11c9-4e24-a1b5-67f71d65ae03
2021-06-23 18:54:24,619 [4a750d61-24e5-43ec-8266-94d98c9b7420@group-DD3CD69E62EB-SegmentedRaftLogWorker] INFO  segmented.SegmentedRaftLogWorker (SegmentedRaftLogWorker.java:execute(601)) - 4a750d61-24e5-43ec-8266-94d98c9b7420@group-DD3CD69E62EB-SegmentedRaftLogWorker: created new log segment /home/runner/work/ozone/ozone/mnt/ozone/hadoop-ozone/integration-test/target/test-dir/MiniOzoneClusterImpl-2ba833d5-1ba9-439d-9c86-26ba043c4450/datanode-0/data/ratis/a388f249-99f9-4637-b8a3-dd3cd69e62eb/current/log_inprogress_1
2021-06-23 18:54:24,619 [grpc-default-executor-4] INFO  server.RaftServer$Division (ServerState.java:setLeader(271)) - b2abd95f-4cc9-4fa4-a4ec-5bbb2a845ab6@group-DD3CD69E62EB: change Leader from null to e477ba1d-11c9-4e24-a1b5-67f71d65ae03 at term 6 for appendEntries, leader elected after 25460ms
2021-06-23 18:54:24,620 [grpc-default-executor-4] INFO  server.RaftServer$Division (RaftServerImpl.java:checkInconsistentAppendEntries(1318)) - b2abd95f-4cc9-4fa4-a4ec-5bbb2a845ab6@group-DD3CD69E62EB: Failed appendEntries as previous log entry ((t:2, i:0)) is not found
2021-06-23 18:54:24,620 [grpc-default-executor-4] INFO  server.RaftServer$Division (RaftServerImpl.java:checkInconsistentAppendEntries(1284)) - b2abd95f-4cc9-4fa4-a4ec-5bbb2a845ab6@group-DD3CD69E62EB: inconsistency entries. Reply:e477ba1d-11c9-4e24-a1b5-67f71d65ae03<-b2abd95f-4cc9-4fa4-a4ec-5bbb2a845ab6#0:FAIL-t6,INCONSISTENCY,nextIndex=0,followerCommit=-1
2021-06-23 18:54:24,622 [grpc-default-executor-3] INFO  leader.FollowerInfo (FollowerInfoImpl.java:lambda$new$0(46)) - e477ba1d-11c9-4e24-a1b5-67f71d65ae03@group-DD3CD69E62EB->b2abd95f-4cc9-4fa4-a4ec-5bbb2a845ab6: nextIndex: updateUnconditionally 2 -> 0
2021-06-23 18:54:24,622 [grpc-default-executor-4] INFO  server.RaftServer$Division (RaftServerImpl.java:checkInconsistentAppendEntries(1318)) - b2abd95f-4cc9-4fa4-a4ec-5bbb2a845ab6@group-DD3CD69E62EB: Failed appendEntries as previous log entry ((t:2, i:0)) is not found
2021-06-23 18:54:24,622 [grpc-default-executor-4] INFO  server.RaftServer$Division (RaftServerImpl.java:checkInconsistentAppendEntries(1284)) - b2abd95f-4cc9-4fa4-a4ec-5bbb2a845ab6@group-DD3CD69E62EB: inconsistency entries. Reply:e477ba1d-11c9-4e24-a1b5-67f71d65ae03<-b2abd95f-4cc9-4fa4-a4ec-5bbb2a845ab6#1:FAIL-t6,INCONSISTENCY,nextIndex=0,followerCommit=-1
2021-06-23 18:54:24,623 [grpc-default-executor-4] INFO  leader.FollowerInfo (FollowerInfoImpl.java:lambda$new$0(46)) - e477ba1d-11c9-4e24-a1b5-67f71d65ae03@group-DD3CD69E62EB->b2abd95f-4cc9-4fa4-a4ec-5bbb2a845ab6: nextIndex: updateUnconditionally 2 -> 0
2021-06-23 18:54:24,628 [grpc-default-executor-3] INFO  server.RaftServer$Division (ServerState.java:setRaftConf(373)) - b2abd95f-4cc9-4fa4-a4ec-5bbb2a845ab6@group-DD3CD69E62EB: set configuration 0: [4a750d61-24e5-43ec-8266-94d98c9b7420|rpc:10.1.0.43:40063|dataStream:|priority:0, e477ba1d-11c9-4e24-a1b5-67f71d65ae03|rpc:10.1.0.43:46371|dataStream:|priority:1, b2abd95f-4cc9-4fa4-a4ec-5bbb2a845ab6|rpc:10.1.0.43:35929|dataStream:|priority:0], old=null
2021-06-23 18:54:24,629 [grpc-default-executor-3] INFO  segmented.SegmentedRaftLogWorker (SegmentedRaftLogWorker.java:startLogSegment(394)) - b2abd95f-4cc9-4fa4-a4ec-5bbb2a845ab6@group-DD3CD69E62EB-SegmentedRaftLogWorker: Starting segment from index:0
2021-06-23 18:54:24,630 [b2abd95f-4cc9-4fa4-a4ec-5bbb2a845ab6@group-DD3CD69E62EB-SegmentedRaftLogWorker] INFO  segmented.SegmentedRaftLogWorker (SegmentedRaftLogWorker.java:execute(601)) - b2abd95f-4cc9-4fa4-a4ec-5bbb2a845ab6@group-DD3CD69E62EB-SegmentedRaftLogWorker: created new log segment /home/runner/work/ozone/ozone/mnt/ozone/hadoop-ozone/integration-test/target/test-dir/MiniOzoneClusterImpl-2ba833d5-1ba9-439d-9c86-26ba043c4450/datanode-2/data/ratis/a388f249-99f9-4637-b8a3-dd3cd69e62eb/current/log_inprogress_0
2021-06-23 18:54:24,631 [grpc-default-executor-4] INFO  server.RaftServer$Division (ServerState.java:setRaftConf(373)) - b2abd95f-4cc9-4fa4-a4ec-5bbb2a845ab6@group-DD3CD69E62EB: set configuration 1: [4a750d61-24e5-43ec-8266-94d98c9b7420|rpc:10.1.0.43:40063|dataStream:|priority:0, e477ba1d-11c9-4e24-a1b5-67f71d65ae03|rpc:10.1.0.43:46371|dataStream:|priority:1, b2abd95f-4cc9-4fa4-a4ec-5bbb2a845ab6|rpc:10.1.0.43:35929|dataStream:|priority:0], old=null
2021-06-23 18:54:24,632 [grpc-default-executor-4] INFO  segmented.SegmentedRaftLogWorker (SegmentedRaftLogWorker.java:rollLogSegment(399)) - b2abd95f-4cc9-4fa4-a4ec-5bbb2a845ab6@group-DD3CD69E62EB-SegmentedRaftLogWorker: Rolling segment log-0_0 to index:0
2021-06-23 18:54:24,632 [grpc-default-executor-4] INFO  server.RaftServer$Division (ServerState.java:setRaftConf(373)) - b2abd95f-4cc9-4fa4-a4ec-5bbb2a845ab6@group-DD3CD69E62EB: set configuration 0: [4a750d61-24e5-43ec-8266-94d98c9b7420|rpc:10.1.0.43:40063|dataStream:|priority:0, e477ba1d-11c9-4e24-a1b5-67f71d65ae03|rpc:10.1.0.43:46371|dataStream:|priority:1, b2abd95f-4cc9-4fa4-a4ec-5bbb2a845ab6|rpc:10.1.0.43:35929|dataStream:|priority:0], old=null
2021-06-23 18:54:24,633 [b2abd95f-4cc9-4fa4-a4ec-5bbb2a845ab6@group-DD3CD69E62EB-SegmentedRaftLogWorker] INFO  segmented.SegmentedRaftLogWorker (SegmentedRaftLogWorker.java:execute(558)) - b2abd95f-4cc9-4fa4-a4ec-5bbb2a845ab6@group-DD3CD69E62EB-SegmentedRaftLogWorker: Rolled log segment from /home/runner/work/ozone/ozone/mnt/ozone/hadoop-ozone/integration-test/target/test-dir/MiniOzoneClusterImpl-2ba833d5-1ba9-439d-9c86-26ba043c4450/datanode-2/data/ratis/a388f249-99f9-4637-b8a3-dd3cd69e62eb/current/log_inprogress_0 to /home/runner/work/ozone/ozone/mnt/ozone/hadoop-ozone/integration-test/target/test-dir/MiniOzoneClusterImpl-2ba833d5-1ba9-439d-9c86-26ba043c4450/datanode-2/data/ratis/a388f249-99f9-4637-b8a3-dd3cd69e62eb/current/log_0-0
2021-06-23 18:54:24,634 [b2abd95f-4cc9-4fa4-a4ec-5bbb2a845ab6@group-DD3CD69E62EB-SegmentedRaftLogWorker] INFO  segmented.SegmentedRaftLogWorker (SegmentedRaftLogWorker.java:execute(601)) - b2abd95f-4cc9-4fa4-a4ec-5bbb2a845ab6@group-DD3CD69E62EB-SegmentedRaftLogWorker: created new log segment /home/runner/work/ozone/ozone/mnt/ozone/hadoop-ozone/integration-test/target/test-dir/MiniOzoneClusterImpl-2ba833d5-1ba9-439d-9c86-26ba043c4450/datanode-2/data/ratis/a388f249-99f9-4637-b8a3-dd3cd69e62eb/current/log_inprogress_1
2021-06-23 18:54:24,634 [grpc-default-executor-4] INFO  server.RaftServer$Division (ServerState.java:setRaftConf(373)) - b2abd95f-4cc9-4fa4-a4ec-5bbb2a845ab6@group-DD3CD69E62EB: set configuration 1: [4a750d61-24e5-43ec-8266-94d98c9b7420|rpc:10.1.0.43:40063|dataStream:|priority:0, e477ba1d-11c9-4e24-a1b5-67f71d65ae03|rpc:10.1.0.43:46371|dataStream:|priority:1, b2abd95f-4cc9-4fa4-a4ec-5bbb2a845ab6|rpc:10.1.0.43:35929|dataStream:|priority:0], old=null
2021-06-23 18:54:27,014 [ForkJoinPool.commonPool-worker-0] INFO  ozoneimpl.OzoneContainer (OzoneContainer.java:stop(326)) - Attempting to stop container services.
2021-06-23 18:54:27,014 [Listener at 127.0.0.1/35407] INFO  ozoneimpl.OzoneContainer (OzoneContainer.java:stop(326)) - Attempting to stop container services.
2021-06-23 18:54:27,015 [ForkJoinPool.commonPool-worker-0] INFO  server.RaftServer (RaftServerProxy.java:lambda$close$6(391)) - b2abd95f-4cc9-4fa4-a4ec-5bbb2a845ab6: close
2021-06-23 18:54:27,015 [ForkJoinPool.commonPool-worker-0] INFO  server.RaftServer$Division (RaftServerImpl.java:lambda$close$4(406)) - b2abd95f-4cc9-4fa4-a4ec-5bbb2a845ab6@group-4CB0FFEF757B: shutdown
2021-06-23 18:54:27,015 [Listener at 127.0.0.1/35407] INFO  server.RaftServer (RaftServerProxy.java:lambda$close$6(391)) - 3a42542b-a113-4e4a-912d-bb492a802489: close
2021-06-23 18:54:27,015 [ForkJoinPool.commonPool-worker-0] INFO  util.JmxRegister (JmxRegister.java:unregister(73)) - Successfully un-registered JMX Bean with object name Ratis:service=RaftServer,group=group-4CB0FFEF757B,id=b2abd95f-4cc9-4fa4-a4ec-5bbb2a845ab6
2021-06-23 18:54:27,015 [ForkJoinPool.commonPool-worker-0] INFO  impl.RoleInfo (RoleInfo.java:shutdownLeaderState(91)) - b2abd95f-4cc9-4fa4-a4ec-5bbb2a845ab6: shutdown b2abd95f-4cc9-4fa4-a4ec-5bbb2a845ab6@group-4CB0FFEF757B-LeaderStateImpl
2021-06-23 18:54:27,015 [Listener at 127.0.0.1/35407] INFO  server.RaftServer$Division (RaftServerImpl.java:lambda$close$4(406)) - 3a42542b-a113-4e4a-912d-bb492a802489@group-392B48E86A6F: shutdown
2021-06-23 18:54:27,015 [ForkJoinPool.commonPool-worker-0] INFO  impl.PendingRequests (PendingRequests.java:sendNotLeaderResponses(249)) - b2abd95f-4cc9-4fa4-a4ec-5bbb2a845ab6@group-4CB0FFEF757B-PendingRequests: sendNotLeaderResponses
2021-06-23 18:54:27,016 [ForkJoinPool.commonPool-worker-0] INFO  metrics.RatisMetrics (RatisMetrics.java:unregister(43)) - Unregistering Metrics Registry : ratis.log_appender.b2abd95f-4cc9-4fa4-a4ec-5bbb2a845ab6@group-4CB0FFEF757B
2021-06-23 18:54:27,016 [ForkJoinPool.commonPool-worker-0] INFO  metrics.RatisMetrics (RatisMetrics.java:unregister(43)) - Unregistering Metrics Registry : ratis.server.b2abd95f-4cc9-4fa4-a4ec-5bbb2a845ab6@group-4CB0FFEF757B
2021-06-23 18:54:27,017 [b2abd95f-4cc9-4fa4-a4ec-5bbb2a845ab6@group-4CB0FFEF757B-StateMachineUpdater] INFO  ratis.ContainerStateMachine (ContainerStateMachine.java:takeSnapshot(291)) - group-4CB0FFEF757B: Taking a snapshot at:(t:1, i:0) file /home/runner/work/ozone/ozone/mnt/ozone/hadoop-ozone/integration-test/target/test-dir/MiniOzoneClusterImpl-2ba833d5-1ba9-439d-9c86-26ba043c4450/datanode-2/data/ratis/57f02850-cb1b-4437-8819-4cb0ffef757b/sm/snapshot.1_0
2021-06-23 18:54:27,017 [ForkJoinPool.commonPool-worker-0] INFO  impl.StateMachineUpdater (StateMachineUpdater.java:stopAndJoin(149)) - b2abd95f-4cc9-4fa4-a4ec-5bbb2a845ab6@group-4CB0FFEF757B-StateMachineUpdater: set stopIndex = 0
2021-06-23 18:54:27,016 [Listener at 127.0.0.1/35407] INFO  util.JmxRegister (JmxRegister.java:unregister(73)) - Successfully un-registered JMX Bean with object name Ratis:service=RaftServer,group=group-392B48E86A6F,id=3a42542b-a113-4e4a-912d-bb492a802489
2021-06-23 18:54:27,017 [b2abd95f-4cc9-4fa4-a4ec-5bbb2a845ab6@group-4CB0FFEF757B-StateMachineUpdater] INFO  ratis.ContainerStateMachine (ContainerStateMachine.java:takeSnapshot(302)) - group-4CB0FFEF757B: Finished taking a snapshot at:(t:1, i:0) file:/home/runner/work/ozone/ozone/mnt/ozone/hadoop-ozone/integration-test/target/test-dir/MiniOzoneClusterImpl-2ba833d5-1ba9-439d-9c86-26ba043c4450/datanode-2/data/ratis/57f02850-cb1b-4437-8819-4cb0ffef757b/sm/snapshot.1_0 took: 1 ms
2021-06-23 18:54:27,018 [b2abd95f-4cc9-4fa4-a4ec-5bbb2a845ab6@group-4CB0FFEF757B-StateMachineUpdater] INFO  impl.StateMachineUpdater (StateMachineUpdater.java:takeSnapshot(281)) - b2abd95f-4cc9-4fa4-a4ec-5bbb2a845ab6@group-4CB0FFEF757B-StateMachineUpdater: Took a snapshot at index 0
2021-06-23 18:54:27,018 [b2abd95f-4cc9-4fa4-a4ec-5bbb2a845ab6@group-4CB0FFEF757B-StateMachineUpdater] INFO  impl.StateMachineUpdater (StateMachineUpdater.java:lambda$new$0(89)) - b2abd95f-4cc9-4fa4-a4ec-5bbb2a845ab6@group-4CB0FFEF757B-StateMachineUpdater: snapshotIndex: updateIncreasingly -1 -> 0
2021-06-23 18:54:27,018 [b2abd95f-4cc9-4fa4-a4ec-5bbb2a845ab6@group-4CB0FFEF757B-StateMachineUpdater] INFO  metrics.RatisMetrics (RatisMetrics.java:unregister(43)) - Unregistering Metrics Registry : ratis.state_machine.b2abd95f-4cc9-4fa4-a4ec-5bbb2a845ab6@group-4CB0FFEF757B
2021-06-23 18:54:27,017 [Listener at 127.0.0.1/35407] INFO  impl.RoleInfo (RoleInfo.java:shutdownLeaderState(91)) - 3a42542b-a113-4e4a-912d-bb492a802489: shutdown 3a42542b-a113-4e4a-912d-bb492a802489@group-392B48E86A6F-LeaderStateImpl
2021-06-23 18:54:27,018 [Listener at 127.0.0.1/35407] INFO  impl.PendingRequests (PendingRequests.java:sendNotLeaderResponses(249)) - 3a42542b-a113-4e4a-912d-bb492a802489@group-392B48E86A6F-PendingRequests: sendNotLeaderResponses
2021-06-23 18:54:27,018 [Listener at 127.0.0.1/35407] INFO  metrics.RatisMetrics (RatisMetrics.java:unregister(43)) - Unregistering Metrics Registry : ratis.log_appender.3a42542b-a113-4e4a-912d-bb492a802489@group-392B48E86A6F
2021-06-23 18:54:27,018 [Listener at 127.0.0.1/35407] INFO  metrics.RatisMetrics (RatisMetrics.java:unregister(43)) - Unregistering Metrics Registry : ratis.server.3a42542b-a113-4e4a-912d-bb492a802489@group-392B48E86A6F
2021-06-23 18:54:27,019 [ForkJoinPool.commonPool-worker-0] INFO  server.RaftServer$Division (ServerState.java:close(405)) - b2abd95f-4cc9-4fa4-a4ec-5bbb2a845ab6@group-4CB0FFEF757B: closes. applyIndex: 0
2021-06-23 18:54:27,019 [b2abd95f-4cc9-4fa4-a4ec-5bbb2a845ab6@group-4CB0FFEF757B-SegmentedRaftLogWorker] INFO  segmented.SegmentedRaftLogWorker (SegmentedRaftLogWorker.java:run(327)) - b2abd95f-4cc9-4fa4-a4ec-5bbb2a845ab6@group-4CB0FFEF757B-SegmentedRaftLogWorker was interrupted, exiting. There are 0 tasks remaining in the queue.
2021-06-23 18:54:27,020 [Listener at 127.0.0.1/35407] INFO  impl.StateMachineUpdater (StateMachineUpdater.java:stopAndJoin(149)) - 3a42542b-a113-4e4a-912d-bb492a802489@group-392B48E86A6F-StateMachineUpdater: set stopIndex = 0
2021-06-23 18:54:27,020 [3a42542b-a113-4e4a-912d-bb492a802489@group-392B48E86A6F-StateMachineUpdater] INFO  ratis.ContainerStateMachine (ContainerStateMachine.java:takeSnapshot(291)) - group-392B48E86A6F: Taking a snapshot at:(t:1, i:0) file /home/runner/work/ozone/ozone/mnt/ozone/hadoop-ozone/integration-test/target/test-dir/MiniOzoneClusterImpl-2ba833d5-1ba9-439d-9c86-26ba043c4450/datanode-4/data/ratis/9026efdf-d167-440b-98e8-392b48e86a6f/sm/snapshot.1_0
2021-06-23 18:54:27,021 [ForkJoinPool.commonPool-worker-0] INFO  segmented.SegmentedRaftLogWorker (SegmentedRaftLogWorker.java:close(237)) - b2abd95f-4cc9-4fa4-a4ec-5bbb2a845ab6@group-4CB0FFEF757B-SegmentedRaftLogWorker close()
2021-06-23 18:54:27,021 [ForkJoinPool.commonPool-worker-0] INFO  metrics.RatisMetrics (RatisMetrics.java:unregister(43)) - Unregistering Metrics Registry : ratis.log_worker.b2abd95f-4cc9-4fa4-a4ec-5bbb2a845ab6@group-4CB0FFEF757B
2021-06-23 18:54:27,021 [3a42542b-a113-4e4a-912d-bb492a802489@group-392B48E86A6F-StateMachineUpdater] INFO  ratis.ContainerStateMachine (ContainerStateMachine.java:takeSnapshot(302)) - group-392B48E86A6F: Finished taking a snapshot at:(t:1, i:0) file:/home/runner/work/ozone/ozone/mnt/ozone/hadoop-ozone/integration-test/target/test-dir/MiniOzoneClusterImpl-2ba833d5-1ba9-439d-9c86-26ba043c4450/datanode-4/data/ratis/9026efdf-d167-440b-98e8-392b48e86a6f/sm/snapshot.1_0 took: 1 ms
2021-06-23 18:54:27,022 [ForkJoinPool.commonPool-worker-0] INFO  metrics.RatisMetrics (RatisMetrics.java:unregister(43)) - Unregistering Metrics Registry : ratis.leader_election.b2abd95f-4cc9-4fa4-a4ec-5bbb2a845ab6@group-4CB0FFEF757B
2021-06-23 18:54:27,022 [3a42542b-a113-4e4a-912d-bb492a802489@group-392B48E86A6F-StateMachineUpdater] INFO  impl.StateMachineUpdater (StateMachineUpdater.java:takeSnapshot(281)) - 3a42542b-a113-4e4a-912d-bb492a802489@group-392B48E86A6F-StateMachineUpdater: Took a snapshot at index 0
2021-06-23 18:54:27,022 [3a42542b-a113-4e4a-912d-bb492a802489@group-392B48E86A6F-StateMachineUpdater] INFO  impl.StateMachineUpdater (StateMachineUpdater.java:lambda$new$0(89)) - 3a42542b-a113-4e4a-912d-bb492a802489@group-392B48E86A6F-StateMachineUpdater: snapshotIndex: updateIncreasingly -1 -> 0
2021-06-23 18:54:27,022 [ForkJoinPool.commonPool-worker-0] INFO  metrics.RatisMetrics (RatisMetrics.java:unregister(43)) - Unregistering Metrics Registry : ratis.server.b2abd95f-4cc9-4fa4-a4ec-5bbb2a845ab6@group-4CB0FFEF757B
2021-06-23 18:54:27,022 [3a42542b-a113-4e4a-912d-bb492a802489@group-392B48E86A6F-StateMachineUpdater] INFO  metrics.RatisMetrics (RatisMetrics.java:unregister(43)) - Unregistering Metrics Registry : ratis.state_machine.3a42542b-a113-4e4a-912d-bb492a802489@group-392B48E86A6F
2021-06-23 18:54:27,022 [ForkJoinPool.commonPool-worker-0] INFO  server.RaftServer$Division (RaftServerImpl.java:lambda$close$4(406)) - b2abd95f-4cc9-4fa4-a4ec-5bbb2a845ab6@group-DD3CD69E62EB: shutdown
2021-06-23 18:54:27,022 [ForkJoinPool.commonPool-worker-0] INFO  util.JmxRegister (JmxRegister.java:unregister(73)) - Successfully un-registered JMX Bean with object name Ratis:service=RaftServer,group=group-DD3CD69E62EB,id=b2abd95f-4cc9-4fa4-a4ec-5bbb2a845ab6
2021-06-23 18:54:27,022 [ForkJoinPool.commonPool-worker-0] INFO  impl.RoleInfo (RoleInfo.java:shutdownFollowerState(108)) - b2abd95f-4cc9-4fa4-a4ec-5bbb2a845ab6: shutdown b2abd95f-4cc9-4fa4-a4ec-5bbb2a845ab6@group-DD3CD69E62EB-FollowerState
2021-06-23 18:54:27,022 [b2abd95f-4cc9-4fa4-a4ec-5bbb2a845ab6@group-DD3CD69E62EB-FollowerState] INFO  impl.FollowerState (FollowerState.java:run(143)) - b2abd95f-4cc9-4fa4-a4ec-5bbb2a845ab6@group-DD3CD69E62EB-FollowerState was interrupted: {}
java.lang.InterruptedException: sleep interrupted
	at java.lang.Thread.sleep(Native Method)
	at java.lang.Thread.sleep(Thread.java:340)
	at java.util.concurrent.TimeUnit.sleep(TimeUnit.java:386)
	at org.apache.ratis.util.TimeDuration.sleep(TimeDuration.java:324)
	at org.apache.ratis.util.TimeDuration.sleep(TimeDuration.java:309)
	at org.apache.ratis.server.impl.FollowerState.run(FollowerState.java:118)
2021-06-23 18:54:27,023 [Listener at 127.0.0.1/35407] INFO  server.RaftServer$Division (ServerState.java:close(405)) - 3a42542b-a113-4e4a-912d-bb492a802489@group-392B48E86A6F: closes. applyIndex: 0
2021-06-23 18:54:27,023 [b2abd95f-4cc9-4fa4-a4ec-5bbb2a845ab6@group-DD3CD69E62EB-StateMachineUpdater] INFO  ratis.ContainerStateMachine (ContainerStateMachine.java:takeSnapshot(291)) - group-DD3CD69E62EB: Taking a snapshot at:(t:6, i:1) file /home/runner/work/ozone/ozone/mnt/ozone/hadoop-ozone/integration-test/target/test-dir/MiniOzoneClusterImpl-2ba833d5-1ba9-439d-9c86-26ba043c4450/datanode-2/data/ratis/a388f249-99f9-4637-b8a3-dd3cd69e62eb/sm/snapshot.6_1
2021-06-23 18:54:27,023 [ForkJoinPool.commonPool-worker-0] INFO  impl.StateMachineUpdater (StateMachineUpdater.java:stopAndJoin(149)) - b2abd95f-4cc9-4fa4-a4ec-5bbb2a845ab6@group-DD3CD69E62EB-StateMachineUpdater: set stopIndex = 1
2021-06-23 18:54:27,023 [3a42542b-a113-4e4a-912d-bb492a802489@group-392B48E86A6F-SegmentedRaftLogWorker] INFO  segmented.SegmentedRaftLogWorker (SegmentedRaftLogWorker.java:run(327)) - 3a42542b-a113-4e4a-912d-bb492a802489@group-392B48E86A6F-SegmentedRaftLogWorker was interrupted, exiting. There are 0 tasks remaining in the queue.
2021-06-23 18:54:27,024 [b2abd95f-4cc9-4fa4-a4ec-5bbb2a845ab6@group-DD3CD69E62EB-StateMachineUpdater] INFO  ratis.ContainerStateMachine (ContainerStateMachine.java:takeSnapshot(302)) - group-DD3CD69E62EB: Finished taking a snapshot at:(t:6, i:1) file:/home/runner/work/ozone/ozone/mnt/ozone/hadoop-ozone/integration-test/target/test-dir/MiniOzoneClusterImpl-2ba833d5-1ba9-439d-9c86-26ba043c4450/datanode-2/data/ratis/a388f249-99f9-4637-b8a3-dd3cd69e62eb/sm/snapshot.6_1 took: 1 ms
2021-06-23 18:54:27,024 [b2abd95f-4cc9-4fa4-a4ec-5bbb2a845ab6@group-DD3CD69E62EB-StateMachineUpdater] INFO  impl.StateMachineUpdater (StateMachineUpdater.java:takeSnapshot(281)) - b2abd95f-4cc9-4fa4-a4ec-5bbb2a845ab6@group-DD3CD69E62EB-StateMachineUpdater: Took a snapshot at index 1
2021-06-23 18:54:27,024 [b2abd95f-4cc9-4fa4-a4ec-5bbb2a845ab6@group-DD3CD69E62EB-StateMachineUpdater] INFO  impl.StateMachineUpdater (StateMachineUpdater.java:lambda$new$0(89)) - b2abd95f-4cc9-4fa4-a4ec-5bbb2a845ab6@group-DD3CD69E62EB-StateMachineUpdater: snapshotIndex: updateIncreasingly -1 -> 1
2021-06-23 18:54:27,024 [b2abd95f-4cc9-4fa4-a4ec-5bbb2a845ab6@group-DD3CD69E62EB-StateMachineUpdater] INFO  metrics.RatisMetrics (RatisMetrics.java:unregister(43)) - Unregistering Metrics Registry : ratis.state_machine.b2abd95f-4cc9-4fa4-a4ec-5bbb2a845ab6@group-DD3CD69E62EB
2021-06-23 18:54:27,024 [ForkJoinPool.commonPool-worker-0] INFO  server.RaftServer$Division (ServerState.java:close(405)) - b2abd95f-4cc9-4fa4-a4ec-5bbb2a845ab6@group-DD3CD69E62EB: closes. applyIndex: 1
2021-06-23 18:54:27,024 [b2abd95f-4cc9-4fa4-a4ec-5bbb2a845ab6@group-DD3CD69E62EB-SegmentedRaftLogWorker] INFO  segmented.SegmentedRaftLogWorker (SegmentedRaftLogWorker.java:run(327)) - b2abd95f-4cc9-4fa4-a4ec-5bbb2a845ab6@group-DD3CD69E62EB-SegmentedRaftLogWorker was interrupted, exiting. There are 0 tasks remaining in the queue.
2021-06-23 18:54:27,025 [ForkJoinPool.commonPool-worker-0] INFO  segmented.SegmentedRaftLogWorker (SegmentedRaftLogWorker.java:close(237)) - b2abd95f-4cc9-4fa4-a4ec-5bbb2a845ab6@group-DD3CD69E62EB-SegmentedRaftLogWorker close()
2021-06-23 18:54:27,026 [ForkJoinPool.commonPool-worker-0] INFO  metrics.RatisMetrics (RatisMetrics.java:unregister(43)) - Unregistering Metrics Registry : ratis.log_worker.b2abd95f-4cc9-4fa4-a4ec-5bbb2a845ab6@group-DD3CD69E62EB
2021-06-23 18:54:27,026 [ForkJoinPool.commonPool-worker-0] INFO  metrics.RatisMetrics (RatisMetrics.java:unregister(43)) - Unregistering Metrics Registry : ratis.leader_election.b2abd95f-4cc9-4fa4-a4ec-5bbb2a845ab6@group-DD3CD69E62EB
2021-06-23 18:54:27,026 [ForkJoinPool.commonPool-worker-0] INFO  metrics.RatisMetrics (RatisMetrics.java:unregister(43)) - Unregistering Metrics Registry : ratis.server.b2abd95f-4cc9-4fa4-a4ec-5bbb2a845ab6@group-DD3CD69E62EB
2021-06-23 18:54:27,026 [ForkJoinPool.commonPool-worker-0] INFO  server.GrpcService (GrpcService.java:closeImpl(262)) - b2abd95f-4cc9-4fa4-a4ec-5bbb2a845ab6: shutdown server with port 35929 now
2021-06-23 18:54:27,027 [grpc-default-executor-3] WARN  server.GrpcLogAppender (LogUtils.java:warn(122)) - e477ba1d-11c9-4e24-a1b5-67f71d65ae03@group-DD3CD69E62EB->b2abd95f-4cc9-4fa4-a4ec-5bbb2a845ab6-AppendLogResponseHandler: Failed appendEntries: org.apache.ratis.thirdparty.io.grpc.StatusRuntimeException: CANCELLED: HTTP/2 error code: CANCEL
Received Rst Stream
2021-06-23 18:54:27,028 [grpc-default-executor-3] INFO  leader.FollowerInfo (FollowerInfoImpl.java:lambda$new$0(46)) - e477ba1d-11c9-4e24-a1b5-67f71d65ae03@group-DD3CD69E62EB->b2abd95f-4cc9-4fa4-a4ec-5bbb2a845ab6: nextIndex: updateUnconditionally 3 -> 2
2021-06-23 18:54:27,028 [grpc-default-executor-4] WARN  server.GrpcServerProtocolService (LogUtils.java:warn(122)) - b2abd95f-4cc9-4fa4-a4ec-5bbb2a845ab6: installSnapshot onError, lastRequest: e477ba1d-11c9-4e24-a1b5-67f71d65ae03->b2abd95f-4cc9-4fa4-a4ec-5bbb2a845ab6#6-t6,previous=(t:6, i:1),leaderCommit=1,initializing? true,entries: size=1, first=(t:6, i:2), METADATAENTRY(c:1): org.apache.ratis.thirdparty.io.grpc.StatusRuntimeException: CANCELLED: client cancelled
2021-06-23 18:54:27,032 [grpc-default-executor-3] WARN  server.GrpcLogAppender (LogUtils.java:warn(122)) - e477ba1d-11c9-4e24-a1b5-67f71d65ae03@group-DD3CD69E62EB->b2abd95f-4cc9-4fa4-a4ec-5bbb2a845ab6-AppendLogResponseHandler: Failed appendEntries: org.apache.ratis.thirdparty.io.grpc.StatusRuntimeException: UNAVAILABLE: io exception
2021-06-23 18:54:27,032 [grpc-default-executor-3] INFO  leader.FollowerInfo (FollowerInfoImpl.java:lambda$new$0(46)) - e477ba1d-11c9-4e24-a1b5-67f71d65ae03@group-DD3CD69E62EB->b2abd95f-4cc9-4fa4-a4ec-5bbb2a845ab6: nextIndex: updateUnconditionally 3 -> 2
2021-06-23 18:54:27,033 [Listener at 127.0.0.1/35407] INFO  segmented.SegmentedRaftLogWorker (SegmentedRaftLogWorker.java:close(237)) - 3a42542b-a113-4e4a-912d-bb492a802489@group-392B48E86A6F-SegmentedRaftLogWorker close()
2021-06-23 18:54:27,033 [Listener at 127.0.0.1/35407] INFO  metrics.RatisMetrics (RatisMetrics.java:unregister(43)) - Unregistering Metrics Registry : ratis.log_worker.3a42542b-a113-4e4a-912d-bb492a802489@group-392B48E86A6F
2021-06-23 18:54:27,034 [Listener at 127.0.0.1/35407] INFO  metrics.RatisMetrics (RatisMetrics.java:unregister(43)) - Unregistering Metrics Registry : ratis.leader_election.3a42542b-a113-4e4a-912d-bb492a802489@group-392B48E86A6F
2021-06-23 18:54:27,034 [Listener at 127.0.0.1/35407] INFO  metrics.RatisMetrics (RatisMetrics.java:unregister(43)) - Unregistering Metrics Registry : ratis.server.3a42542b-a113-4e4a-912d-bb492a802489@group-392B48E86A6F
2021-06-23 18:54:27,034 [Listener at 127.0.0.1/35407] INFO  server.RaftServer$Division (RaftServerImpl.java:lambda$close$4(406)) - 3a42542b-a113-4e4a-912d-bb492a802489@group-81B64AF5C7B4: shutdown
2021-06-23 18:54:27,034 [Listener at 127.0.0.1/35407] INFO  util.JmxRegister (JmxRegister.java:unregister(73)) - Successfully un-registered JMX Bean with object name Ratis:service=RaftServer,group=group-81B64AF5C7B4,id=3a42542b-a113-4e4a-912d-bb492a802489
2021-06-23 18:54:27,034 [Listener at 127.0.0.1/35407] INFO  impl.RoleInfo (RoleInfo.java:shutdownFollowerState(108)) - 3a42542b-a113-4e4a-912d-bb492a802489: shutdown 3a42542b-a113-4e4a-912d-bb492a802489@group-81B64AF5C7B4-FollowerState
2021-06-23 18:54:27,034 [Listener at 127.0.0.1/35407] INFO  impl.StateMachineUpdater (StateMachineUpdater.java:stopAndJoin(149)) - 3a42542b-a113-4e4a-912d-bb492a802489@group-81B64AF5C7B4-StateMachineUpdater: set stopIndex = 0
2021-06-23 18:54:27,034 [3a42542b-a113-4e4a-912d-bb492a802489@group-81B64AF5C7B4-FollowerState] INFO  impl.FollowerState (FollowerState.java:run(143)) - 3a42542b-a113-4e4a-912d-bb492a802489@group-81B64AF5C7B4-FollowerState was interrupted: {}
java.lang.InterruptedException: sleep interrupted
	at java.lang.Thread.sleep(Native Method)
	at java.lang.Thread.sleep(Thread.java:340)
	at java.util.concurrent.TimeUnit.sleep(TimeUnit.java:386)
	at org.apache.ratis.util.TimeDuration.sleep(TimeDuration.java:324)
	at org.apache.ratis.util.TimeDuration.sleep(TimeDuration.java:309)
	at org.apache.ratis.server.impl.FollowerState.run(FollowerState.java:118)
2021-06-23 18:54:27,035 [3a42542b-a113-4e4a-912d-bb492a802489@group-81B64AF5C7B4-StateMachineUpdater] INFO  ratis.ContainerStateMachine (ContainerStateMachine.java:takeSnapshot(291)) - group-81B64AF5C7B4: Taking a snapshot at:(t:3, i:0) file /home/runner/work/ozone/ozone/mnt/ozone/hadoop-ozone/integration-test/target/test-dir/MiniOzoneClusterImpl-2ba833d5-1ba9-439d-9c86-26ba043c4450/datanode-4/data/ratis/54f6406b-45dc-4f09-8b7b-81b64af5c7b4/sm/snapshot.3_0
2021-06-23 18:54:27,036 [3a42542b-a113-4e4a-912d-bb492a802489@group-81B64AF5C7B4-StateMachineUpdater] INFO  ratis.ContainerStateMachine (ContainerStateMachine.java:takeSnapshot(302)) - group-81B64AF5C7B4: Finished taking a snapshot at:(t:3, i:0) file:/home/runner/work/ozone/ozone/mnt/ozone/hadoop-ozone/integration-test/target/test-dir/MiniOzoneClusterImpl-2ba833d5-1ba9-439d-9c86-26ba043c4450/datanode-4/data/ratis/54f6406b-45dc-4f09-8b7b-81b64af5c7b4/sm/snapshot.3_0 took: 1 ms
2021-06-23 18:54:27,036 [3a42542b-a113-4e4a-912d-bb492a802489@group-81B64AF5C7B4-StateMachineUpdater] INFO  impl.StateMachineUpdater (StateMachineUpdater.java:takeSnapshot(281)) - 3a42542b-a113-4e4a-912d-bb492a802489@group-81B64AF5C7B4-StateMachineUpdater: Took a snapshot at index 0
2021-06-23 18:54:27,036 [3a42542b-a113-4e4a-912d-bb492a802489@group-81B64AF5C7B4-StateMachineUpdater] INFO  impl.StateMachineUpdater (StateMachineUpdater.java:lambda$new$0(89)) - 3a42542b-a113-4e4a-912d-bb492a802489@group-81B64AF5C7B4-StateMachineUpdater: snapshotIndex: updateIncreasingly -1 -> 0
2021-06-23 18:54:27,036 [3a42542b-a113-4e4a-912d-bb492a802489@group-81B64AF5C7B4-StateMachineUpdater] INFO  metrics.RatisMetrics (RatisMetrics.java:unregister(43)) - Unregistering Metrics Registry : ratis.state_machine.3a42542b-a113-4e4a-912d-bb492a802489@group-81B64AF5C7B4
2021-06-23 18:54:27,036 [Listener at 127.0.0.1/35407] INFO  server.RaftServer$Division (ServerState.java:close(405)) - 3a42542b-a113-4e4a-912d-bb492a802489@group-81B64AF5C7B4: closes. applyIndex: 0
2021-06-23 18:54:27,036 [3a42542b-a113-4e4a-912d-bb492a802489@group-81B64AF5C7B4-SegmentedRaftLogWorker] INFO  segmented.SegmentedRaftLogWorker (SegmentedRaftLogWorker.java:run(327)) - 3a42542b-a113-4e4a-912d-bb492a802489@group-81B64AF5C7B4-SegmentedRaftLogWorker was interrupted, exiting. There are 0 tasks remaining in the queue.
2021-06-23 18:54:27,040 [Listener at 127.0.0.1/35407] INFO  segmented.SegmentedRaftLogWorker (SegmentedRaftLogWorker.java:close(237)) - 3a42542b-a113-4e4a-912d-bb492a802489@group-81B64AF5C7B4-SegmentedRaftLogWorker close()
2021-06-23 18:54:27,042 [ForkJoinPool.commonPool-worker-0] INFO  server.GrpcService (GrpcService.java:closeImpl(271)) - b2abd95f-4cc9-4fa4-a4ec-5bbb2a845ab6: shutdown server with port 35929 successfully
2021-06-23 18:54:27,043 [org.apache.ratis.util.JvmPauseMonitor$$Lambda$513/1463400452@171c9951] INFO  util.JvmPauseMonitor (JvmPauseMonitor.java:run(109)) - JvmPauseMonitor-b2abd95f-4cc9-4fa4-a4ec-5bbb2a845ab6: Stopped
2021-06-23 18:54:27,043 [Listener at 127.0.0.1/35407] INFO  metrics.RatisMetrics (RatisMetrics.java:unregister(43)) - Unregistering Metrics Registry : ratis.log_worker.3a42542b-a113-4e4a-912d-bb492a802489@group-81B64AF5C7B4
2021-06-23 18:54:27,044 [Listener at 127.0.0.1/35407] INFO  metrics.RatisMetrics (RatisMetrics.java:unregister(43)) - Unregistering Metrics Registry : ratis.leader_election.3a42542b-a113-4e4a-912d-bb492a802489@group-81B64AF5C7B4
2021-06-23 18:54:27,046 [ForkJoinPool.commonPool-worker-0] INFO  utils.BackgroundService (BackgroundService.java:shutdown(132)) - Shutting down service BlockDeletingService
2021-06-23 18:54:27,046 [Listener at 127.0.0.1/35407] INFO  metrics.RatisMetrics (RatisMetrics.java:unregister(43)) - Unregistering Metrics Registry : ratis.server.3a42542b-a113-4e4a-912d-bb492a802489@group-81B64AF5C7B4
2021-06-23 18:54:27,048 [ForkJoinPool.commonPool-worker-0] INFO  statemachine.DatanodeStateMachine (DatanodeStateMachine.java:stopDaemon(488)) - Ozone container server stopped.
2021-06-23 18:54:27,048 [Listener at 127.0.0.1/35407] INFO  server.GrpcService (GrpcService.java:closeImpl(262)) - 3a42542b-a113-4e4a-912d-bb492a802489: shutdown server with port 38785 now
2021-06-23 18:54:27,067 [grpc-default-executor-3] WARN  server.GrpcLogAppender (LogUtils.java:warn(122)) - 3b2fbf51-ff76-4a94-9ac6-cea2acf7cb68@group-81B64AF5C7B4->3a42542b-a113-4e4a-912d-bb492a802489-AppendLogResponseHandler: Failed appendEntries: org.apache.ratis.thirdparty.io.grpc.StatusRuntimeException: CANCELLED: HTTP/2 error code: CANCEL
Received Rst Stream
2021-06-23 18:54:27,067 [grpc-default-executor-4] WARN  server.GrpcServerProtocolService (LogUtils.java:warn(122)) - 3a42542b-a113-4e4a-912d-bb492a802489: installSnapshot onError, lastRequest: 3b2fbf51-ff76-4a94-9ac6-cea2acf7cb68->3a42542b-a113-4e4a-912d-bb492a802489#1-t3,previous=(t:0, i:0),leaderCommit=-1,initializing? true,entries: size=1, first=(t:3, i:0), CONFIGURATIONENTRY: org.apache.ratis.thirdparty.io.grpc.StatusRuntimeException: CANCELLED: client cancelled
2021-06-23 18:54:27,067 [grpc-default-executor-3] WARN  server.GrpcLogAppender (GrpcLogAppender.java:resetClient(111)) - 3b2fbf51-ff76-4a94-9ac6-cea2acf7cb68@group-81B64AF5C7B4->3a42542b-a113-4e4a-912d-bb492a802489-GrpcLogAppender: Leader has not got in touch with Follower 3b2fbf51-ff76-4a94-9ac6-cea2acf7cb68@group-81B64AF5C7B4->3a42542b-a113-4e4a-912d-bb492a802489(c0,m0,n1, attendVote=true, lastRpcSendTime=2376, lastRpcResponseTime=2375) yet, just keep nextIndex unchanged and retry.
2021-06-23 18:54:27,072 [ForkJoinPool.commonPool-worker-0] INFO  handler.ContextHandler (ContextHandler.java:doStop(1154)) - Stopped o.e.j.w.WebAppContext@7864ec9e{hddsDatanode,/,null,STOPPED}{jar:file:/home/runner/.m2/repository/org/apache/ozone/hdds-container-service/1.2.0-SNAPSHOT/hdds-container-service-1.2.0-SNAPSHOT.jar!/webapps/hddsDatanode}
2021-06-23 18:54:27,072 [Listener at 127.0.0.1/35407] INFO  server.GrpcService (GrpcService.java:closeImpl(271)) - 3a42542b-a113-4e4a-912d-bb492a802489: shutdown server with port 38785 successfully
2021-06-23 18:54:27,073 [org.apache.ratis.util.JvmPauseMonitor$$Lambda$513/1463400452@3fbb36f8] INFO  util.JvmPauseMonitor (JvmPauseMonitor.java:run(109)) - JvmPauseMonitor-3a42542b-a113-4e4a-912d-bb492a802489: Stopped
2021-06-23 18:54:27,073 [Listener at 127.0.0.1/35407] INFO  utils.BackgroundService (BackgroundService.java:shutdown(132)) - Shutting down service BlockDeletingService
2021-06-23 18:54:27,074 [ForkJoinPool.commonPool-worker-0] INFO  server.AbstractConnector (AbstractConnector.java:doStop(381)) - Stopped ServerConnector@371ce753{HTTP/1.1, (http/1.1)}{0.0.0.0:0}
2021-06-23 18:54:27,074 [ForkJoinPool.commonPool-worker-0] INFO  server.session (HouseKeeper.java:stopScavenging(149)) - node0 Stopped scavenging
2021-06-23 18:54:27,075 [ForkJoinPool.commonPool-worker-0] INFO  handler.ContextHandler (ContextHandler.java:doStop(1154)) - Stopped o.e.j.s.ServletContextHandler@31aacbd7{static,/static,jar:file:/home/runner/.m2/repository/org/apache/ozone/hdds-container-service/1.2.0-SNAPSHOT/hdds-container-service-1.2.0-SNAPSHOT.jar!/webapps/static,STOPPED}
2021-06-23 18:54:27,076 [Listener at 127.0.0.1/35407] INFO  statemachine.DatanodeStateMachine (DatanodeStateMachine.java:stopDaemon(488)) - Ozone container server stopped.
2021-06-23 18:54:27,076 [ForkJoinPool.commonPool-worker-0] INFO  handler.ContextHandler (ContextHandler.java:doStop(1154)) - Stopped o.e.j.s.ServletContextHandler@1839f0c4{logs,/logs,file:///home/runner/work/ozone/ozone/mnt/ozone/hadoop-ozone/integration-test/target/log,STOPPED}
2021-06-23 18:54:27,077 [Listener at 127.0.0.1/35407] INFO  handler.ContextHandler (ContextHandler.java:doStop(1154)) - Stopped o.e.j.w.WebAppContext@1ad30f6e{hddsDatanode,/,null,STOPPED}{jar:file:/home/runner/.m2/repository/org/apache/ozone/hdds-container-service/1.2.0-SNAPSHOT/hdds-container-service-1.2.0-SNAPSHOT.jar!/webapps/hddsDatanode}
2021-06-23 18:54:27,083 [Listener at 127.0.0.1/35407] INFO  server.AbstractConnector (AbstractConnector.java:doStop(381)) - Stopped ServerConnector@3aabf6ae{HTTP/1.1, (http/1.1)}{0.0.0.0:0}
2021-06-23 18:54:27,083 [Listener at 127.0.0.1/35407] INFO  server.session (HouseKeeper.java:stopScavenging(149)) - node0 Stopped scavenging
2021-06-23 18:54:27,084 [Listener at 127.0.0.1/35407] INFO  handler.ContextHandler (ContextHandler.java:doStop(1154)) - Stopped o.e.j.s.ServletContextHandler@5175d07d{static,/static,jar:file:/home/runner/.m2/repository/org/apache/ozone/hdds-container-service/1.2.0-SNAPSHOT/hdds-container-service-1.2.0-SNAPSHOT.jar!/webapps/static,STOPPED}
2021-06-23 18:54:27,084 [Listener at 127.0.0.1/35407] INFO  handler.ContextHandler (ContextHandler.java:doStop(1154)) - Stopped o.e.j.s.ServletContextHandler@413d8c78{logs,/logs,file:///home/runner/work/ozone/ozone/mnt/ozone/hadoop-ozone/integration-test/target/log,STOPPED}
2021-06-23 18:54:27,156 [grpc-default-executor-3] WARN  server.GrpcLogAppender (LogUtils.java:warn(122)) - e477ba1d-11c9-4e24-a1b5-67f71d65ae03@group-DD3CD69E62EB->b2abd95f-4cc9-4fa4-a4ec-5bbb2a845ab6-AppendLogResponseHandler: Failed appendEntries: org.apache.ratis.thirdparty.io.grpc.StatusRuntimeException: UNAVAILABLE: io exception
2021-06-23 18:54:27,156 [grpc-default-executor-3] INFO  leader.FollowerInfo (FollowerInfoImpl.java:lambda$new$0(46)) - e477ba1d-11c9-4e24-a1b5-67f71d65ae03@group-DD3CD69E62EB->b2abd95f-4cc9-4fa4-a4ec-5bbb2a845ab6: nextIndex: updateUnconditionally 3 -> 2
2021-06-23 18:54:27,193 [grpc-default-executor-4] WARN  server.GrpcLogAppender (LogUtils.java:warn(122)) - 3b2fbf51-ff76-4a94-9ac6-cea2acf7cb68@group-81B64AF5C7B4->3a42542b-a113-4e4a-912d-bb492a802489-AppendLogResponseHandler: Failed appendEntries: org.apache.ratis.thirdparty.io.grpc.StatusRuntimeException: UNAVAILABLE: io exception
2021-06-23 18:54:27,194 [grpc-default-executor-4] WARN  server.GrpcLogAppender (GrpcLogAppender.java:resetClient(111)) - 3b2fbf51-ff76-4a94-9ac6-cea2acf7cb68@group-81B64AF5C7B4->3a42542b-a113-4e4a-912d-bb492a802489-GrpcLogAppender: Leader has not got in touch with Follower 3b2fbf51-ff76-4a94-9ac6-cea2acf7cb68@group-81B64AF5C7B4->3a42542b-a113-4e4a-912d-bb492a802489(c0,m0,n1, attendVote=true, lastRpcSendTime=1, lastRpcResponseTime=2501) yet, just keep nextIndex unchanged and retry.
2021-06-23 18:54:27,642 [Datanode State Machine Thread - 0] INFO  statemachine.DatanodeStateMachine (DatanodeStateMachine.java:lambda$startDaemon$0(430)) - Ozone container server started.
2021-06-23 18:54:27,776 [Datanode State Machine Thread - 0] INFO  statemachine.DatanodeStateMachine (DatanodeStateMachine.java:lambda$startDaemon$0(430)) - Ozone container server started.
2021-06-23 18:54:29,658 [grpc-default-executor-4] WARN  server.GrpcLogAppender (LogUtils.java:warn(122)) - e477ba1d-11c9-4e24-a1b5-67f71d65ae03@group-DD3CD69E62EB->b2abd95f-4cc9-4fa4-a4ec-5bbb2a845ab6-AppendLogResponseHandler: Failed appendEntries: org.apache.ratis.thirdparty.io.grpc.StatusRuntimeException: UNAVAILABLE: io exception
2021-06-23 18:54:29,659 [grpc-default-executor-4] INFO  leader.FollowerInfo (FollowerInfoImpl.java:lambda$new$0(46)) - e477ba1d-11c9-4e24-a1b5-67f71d65ae03@group-DD3CD69E62EB->b2abd95f-4cc9-4fa4-a4ec-5bbb2a845ab6: nextIndex: updateUnconditionally 3 -> 2
2021-06-23 18:54:29,693 [grpc-default-executor-4] WARN  server.GrpcLogAppender (LogUtils.java:warn(122)) - 3b2fbf51-ff76-4a94-9ac6-cea2acf7cb68@group-81B64AF5C7B4->3a42542b-a113-4e4a-912d-bb492a802489-AppendLogResponseHandler: Failed appendEntries: org.apache.ratis.thirdparty.io.grpc.StatusRuntimeException: UNAVAILABLE: io exception
2021-06-23 18:54:29,694 [grpc-default-executor-4] WARN  server.GrpcLogAppender (GrpcLogAppender.java:resetClient(111)) - 3b2fbf51-ff76-4a94-9ac6-cea2acf7cb68@group-81B64AF5C7B4->3a42542b-a113-4e4a-912d-bb492a802489-GrpcLogAppender: Leader has not got in touch with Follower 3b2fbf51-ff76-4a94-9ac6-cea2acf7cb68@group-81B64AF5C7B4->3a42542b-a113-4e4a-912d-bb492a802489(c0,m0,n1, attendVote=true, lastRpcSendTime=2501, lastRpcResponseTime=5002) yet, just keep nextIndex unchanged and retry.
2021-06-23 18:54:32,081 [ForkJoinPool.commonPool-worker-0] INFO  ozoneimpl.OzoneContainer (OzoneContainer.java:stop(326)) - Attempting to stop container services.
2021-06-23 18:54:32,082 [ForkJoinPool.commonPool-worker-0] INFO  server.RaftServer (RaftServerProxy.java:lambda$close$6(391)) - 3b2fbf51-ff76-4a94-9ac6-cea2acf7cb68: close
2021-06-23 18:54:32,082 [ForkJoinPool.commonPool-worker-0] INFO  server.RaftServer$Division (RaftServerImpl.java:lambda$close$4(406)) - 3b2fbf51-ff76-4a94-9ac6-cea2acf7cb68@group-81B64AF5C7B4: shutdown
2021-06-23 18:54:32,082 [ForkJoinPool.commonPool-worker-0] INFO  util.JmxRegister (JmxRegister.java:unregister(73)) - Successfully un-registered JMX Bean with object name Ratis:service=RaftServer,group=group-81B64AF5C7B4,id=3b2fbf51-ff76-4a94-9ac6-cea2acf7cb68
2021-06-23 18:54:32,082 [ForkJoinPool.commonPool-worker-0] INFO  impl.RoleInfo (RoleInfo.java:shutdownLeaderState(91)) - 3b2fbf51-ff76-4a94-9ac6-cea2acf7cb68: shutdown 3b2fbf51-ff76-4a94-9ac6-cea2acf7cb68@group-81B64AF5C7B4-LeaderStateImpl
2021-06-23 18:54:32,082 [ForkJoinPool.commonPool-worker-0] INFO  metrics.RatisMetrics (RatisMetrics.java:unregister(43)) - Unregistering Metrics Registry : ratis_grpc.log_appender.3b2fbf51-ff76-4a94-9ac6-cea2acf7cb68@group-81B64AF5C7B4
2021-06-23 18:54:32,082 [ForkJoinPool.commonPool-worker-0] INFO  metrics.RatisMetrics (RatisMetrics.java:unregister(43)) - Unregistering Metrics Registry : ratis_grpc.log_appender.3b2fbf51-ff76-4a94-9ac6-cea2acf7cb68@group-81B64AF5C7B4
2021-06-23 18:54:32,082 [ForkJoinPool.commonPool-worker-0] INFO  impl.PendingRequests (PendingRequests.java:sendNotLeaderResponses(249)) - 3b2fbf51-ff76-4a94-9ac6-cea2acf7cb68@group-81B64AF5C7B4-PendingRequests: sendNotLeaderResponses
2021-06-23 18:54:32,082 [3b2fbf51-ff76-4a94-9ac6-cea2acf7cb68@group-81B64AF5C7B4->f3d5ecac-0c0e-452b-b1da-f4ba84ea556e-GrpcLogAppender-LogAppenderDaemon] WARN  server.GrpcLogAppender (GrpcLogAppender.java:mayWait(175)) - 3b2fbf51-ff76-4a94-9ac6-cea2acf7cb68@group-81B64AF5C7B4->f3d5ecac-0c0e-452b-b1da-f4ba84ea556e-GrpcLogAppender: Wait interrupted by java.lang.InterruptedException
2021-06-23 18:54:32,082 [ForkJoinPool.commonPool-worker-0] INFO  metrics.RatisMetrics (RatisMetrics.java:unregister(43)) - Unregistering Metrics Registry : ratis.log_appender.3b2fbf51-ff76-4a94-9ac6-cea2acf7cb68@group-81B64AF5C7B4
2021-06-23 18:54:32,083 [ForkJoinPool.commonPool-worker-0] INFO  metrics.RatisMetrics (RatisMetrics.java:unregister(43)) - Unregistering Metrics Registry : ratis.server.3b2fbf51-ff76-4a94-9ac6-cea2acf7cb68@group-81B64AF5C7B4
2021-06-23 18:54:32,083 [ForkJoinPool.commonPool-worker-0] INFO  impl.StateMachineUpdater (StateMachineUpdater.java:stopAndJoin(149)) - 3b2fbf51-ff76-4a94-9ac6-cea2acf7cb68@group-81B64AF5C7B4-StateMachineUpdater: set stopIndex = 0
2021-06-23 18:54:32,083 [grpc-default-executor-3] INFO  server.GrpcServerProtocolService (GrpcServerProtocolService.java:onCompleted(140)) - f3d5ecac-0c0e-452b-b1da-f4ba84ea556e: Completed APPEND_ENTRIES, lastRequest: 3b2fbf51-ff76-4a94-9ac6-cea2acf7cb68->f3d5ecac-0c0e-452b-b1da-f4ba84ea556e#1-t3,previous=(t:0, i:0),leaderCommit=-1,initializing? true,entries: size=1, first=(t:3, i:0), CONFIGURATIONENTRY
2021-06-23 18:54:32,083 [3b2fbf51-ff76-4a94-9ac6-cea2acf7cb68@group-81B64AF5C7B4-StateMachineUpdater] INFO  ratis.ContainerStateMachine (ContainerStateMachine.java:takeSnapshot(291)) - group-81B64AF5C7B4: Taking a snapshot at:(t:3, i:0) file /home/runner/work/ozone/ozone/mnt/ozone/hadoop-ozone/integration-test/target/test-dir/MiniOzoneClusterImpl-2ba833d5-1ba9-439d-9c86-26ba043c4450/datanode-3/data/ratis/54f6406b-45dc-4f09-8b7b-81b64af5c7b4/sm/snapshot.3_0
2021-06-23 18:54:32,084 [grpc-default-executor-4] INFO  server.GrpcLogAppender (GrpcLogAppender.java:onCompleted(344)) - 3b2fbf51-ff76-4a94-9ac6-cea2acf7cb68@group-81B64AF5C7B4->f3d5ecac-0c0e-452b-b1da-f4ba84ea556e-AppendLogResponseHandler: follower responses appendEntries COMPLETED
2021-06-23 18:54:32,084 [grpc-default-executor-4] INFO  leader.FollowerInfo (FollowerInfoImpl.java:lambda$new$0(46)) - 3b2fbf51-ff76-4a94-9ac6-cea2acf7cb68@group-81B64AF5C7B4->f3d5ecac-0c0e-452b-b1da-f4ba84ea556e: nextIndex: updateUnconditionally 1 -> 0
2021-06-23 18:54:32,085 [3b2fbf51-ff76-4a94-9ac6-cea2acf7cb68@group-81B64AF5C7B4-StateMachineUpdater] INFO  ratis.ContainerStateMachine (ContainerStateMachine.java:takeSnapshot(302)) - group-81B64AF5C7B4: Finished taking a snapshot at:(t:3, i:0) file:/home/runner/work/ozone/ozone/mnt/ozone/hadoop-ozone/integration-test/target/test-dir/MiniOzoneClusterImpl-2ba833d5-1ba9-439d-9c86-26ba043c4450/datanode-3/data/ratis/54f6406b-45dc-4f09-8b7b-81b64af5c7b4/sm/snapshot.3_0 took: 1 ms
2021-06-23 18:54:32,085 [3b2fbf51-ff76-4a94-9ac6-cea2acf7cb68@group-81B64AF5C7B4-StateMachineUpdater] INFO  impl.StateMachineUpdater (StateMachineUpdater.java:takeSnapshot(281)) - 3b2fbf51-ff76-4a94-9ac6-cea2acf7cb68@group-81B64AF5C7B4-StateMachineUpdater: Took a snapshot at index 0
2021-06-23 18:54:32,085 [3b2fbf51-ff76-4a94-9ac6-cea2acf7cb68@group-81B64AF5C7B4-StateMachineUpdater] INFO  impl.StateMachineUpdater (StateMachineUpdater.java:lambda$new$0(89)) - 3b2fbf51-ff76-4a94-9ac6-cea2acf7cb68@group-81B64AF5C7B4-StateMachineUpdater: snapshotIndex: updateIncreasingly -1 -> 0
2021-06-23 18:54:32,085 [3b2fbf51-ff76-4a94-9ac6-cea2acf7cb68@group-81B64AF5C7B4-StateMachineUpdater] INFO  metrics.RatisMetrics (RatisMetrics.java:unregister(43)) - Unregistering Metrics Registry : ratis.state_machine.3b2fbf51-ff76-4a94-9ac6-cea2acf7cb68@group-81B64AF5C7B4
2021-06-23 18:54:32,085 [ForkJoinPool.commonPool-worker-0] INFO  server.RaftServer$Division (ServerState.java:close(405)) - 3b2fbf51-ff76-4a94-9ac6-cea2acf7cb68@group-81B64AF5C7B4: closes. applyIndex: 0
2021-06-23 18:54:32,085 [3b2fbf51-ff76-4a94-9ac6-cea2acf7cb68@group-81B64AF5C7B4-SegmentedRaftLogWorker] INFO  segmented.SegmentedRaftLogWorker (SegmentedRaftLogWorker.java:run(327)) - 3b2fbf51-ff76-4a94-9ac6-cea2acf7cb68@group-81B64AF5C7B4-SegmentedRaftLogWorker was interrupted, exiting. There are 0 tasks remaining in the queue.
2021-06-23 18:54:32,087 [Listener at 127.0.0.1/35407] INFO  ozoneimpl.OzoneContainer (OzoneContainer.java:stop(326)) - Attempting to stop container services.
2021-06-23 18:54:32,087 [ForkJoinPool.commonPool-worker-0] INFO  segmented.SegmentedRaftLogWorker (SegmentedRaftLogWorker.java:close(237)) - 3b2fbf51-ff76-4a94-9ac6-cea2acf7cb68@group-81B64AF5C7B4-SegmentedRaftLogWorker close()
2021-06-23 18:54:32,087 [Listener at 127.0.0.1/35407] INFO  server.RaftServer (RaftServerProxy.java:lambda$close$6(391)) - f3d5ecac-0c0e-452b-b1da-f4ba84ea556e: close
2021-06-23 18:54:32,087 [Listener at 127.0.0.1/35407] INFO  server.RaftServer$Division (RaftServerImpl.java:lambda$close$4(406)) - f3d5ecac-0c0e-452b-b1da-f4ba84ea556e@group-81B64AF5C7B4: shutdown
2021-06-23 18:54:32,088 [Listener at 127.0.0.1/35407] INFO  util.JmxRegister (JmxRegister.java:unregister(73)) - Successfully un-registered JMX Bean with object name Ratis:service=RaftServer,group=group-81B64AF5C7B4,id=f3d5ecac-0c0e-452b-b1da-f4ba84ea556e
2021-06-23 18:54:32,088 [Listener at 127.0.0.1/35407] INFO  impl.RoleInfo (RoleInfo.java:shutdownFollowerState(108)) - f3d5ecac-0c0e-452b-b1da-f4ba84ea556e: shutdown f3d5ecac-0c0e-452b-b1da-f4ba84ea556e@group-81B64AF5C7B4-FollowerState
2021-06-23 18:54:32,088 [Listener at 127.0.0.1/35407] INFO  impl.StateMachineUpdater (StateMachineUpdater.java:stopAndJoin(149)) - f3d5ecac-0c0e-452b-b1da-f4ba84ea556e@group-81B64AF5C7B4-StateMachineUpdater: set stopIndex = 0
2021-06-23 18:54:32,088 [f3d5ecac-0c0e-452b-b1da-f4ba84ea556e@group-81B64AF5C7B4-FollowerState] INFO  impl.FollowerState (FollowerState.java:run(143)) - f3d5ecac-0c0e-452b-b1da-f4ba84ea556e@group-81B64AF5C7B4-FollowerState was interrupted: {}
java.lang.InterruptedException: sleep interrupted
	at java.lang.Thread.sleep(Native Method)
	at java.lang.Thread.sleep(Thread.java:340)
	at java.util.concurrent.TimeUnit.sleep(TimeUnit.java:386)
	at org.apache.ratis.util.TimeDuration.sleep(TimeDuration.java:324)
	at org.apache.ratis.util.TimeDuration.sleep(TimeDuration.java:309)
	at org.apache.ratis.server.impl.FollowerState.run(FollowerState.java:118)
2021-06-23 18:54:32,088 [f3d5ecac-0c0e-452b-b1da-f4ba84ea556e@group-81B64AF5C7B4-StateMachineUpdater] INFO  ratis.ContainerStateMachine (ContainerStateMachine.java:takeSnapshot(291)) - group-81B64AF5C7B4: Taking a snapshot at:(t:3, i:0) file /home/runner/work/ozone/ozone/mnt/ozone/hadoop-ozone/integration-test/target/test-dir/MiniOzoneClusterImpl-2ba833d5-1ba9-439d-9c86-26ba043c4450/datanode-5/data/ratis/54f6406b-45dc-4f09-8b7b-81b64af5c7b4/sm/snapshot.3_0
2021-06-23 18:54:32,089 [f3d5ecac-0c0e-452b-b1da-f4ba84ea556e@group-81B64AF5C7B4-StateMachineUpdater] INFO  ratis.ContainerStateMachine (ContainerStateMachine.java:takeSnapshot(302)) - group-81B64AF5C7B4: Finished taking a snapshot at:(t:3, i:0) file:/home/runner/work/ozone/ozone/mnt/ozone/hadoop-ozone/integration-test/target/test-dir/MiniOzoneClusterImpl-2ba833d5-1ba9-439d-9c86-26ba043c4450/datanode-5/data/ratis/54f6406b-45dc-4f09-8b7b-81b64af5c7b4/sm/snapshot.3_0 took: 1 ms
2021-06-23 18:54:32,089 [f3d5ecac-0c0e-452b-b1da-f4ba84ea556e@group-81B64AF5C7B4-StateMachineUpdater] INFO  impl.StateMachineUpdater (StateMachineUpdater.java:takeSnapshot(281)) - f3d5ecac-0c0e-452b-b1da-f4ba84ea556e@group-81B64AF5C7B4-StateMachineUpdater: Took a snapshot at index 0
2021-06-23 18:54:32,089 [f3d5ecac-0c0e-452b-b1da-f4ba84ea556e@group-81B64AF5C7B4-StateMachineUpdater] INFO  impl.StateMachineUpdater (StateMachineUpdater.java:lambda$new$0(89)) - f3d5ecac-0c0e-452b-b1da-f4ba84ea556e@group-81B64AF5C7B4-StateMachineUpdater: snapshotIndex: updateIncreasingly -1 -> 0
2021-06-23 18:54:32,090 [f3d5ecac-0c0e-452b-b1da-f4ba84ea556e@group-81B64AF5C7B4-StateMachineUpdater] INFO  metrics.RatisMetrics (RatisMetrics.java:unregister(43)) - Unregistering Metrics Registry : ratis.state_machine.f3d5ecac-0c0e-452b-b1da-f4ba84ea556e@group-81B64AF5C7B4
2021-06-23 18:54:32,090 [Listener at 127.0.0.1/35407] INFO  server.RaftServer$Division (ServerState.java:close(405)) - f3d5ecac-0c0e-452b-b1da-f4ba84ea556e@group-81B64AF5C7B4: closes. applyIndex: 0
2021-06-23 18:54:32,090 [f3d5ecac-0c0e-452b-b1da-f4ba84ea556e@group-81B64AF5C7B4-SegmentedRaftLogWorker] INFO  segmented.SegmentedRaftLogWorker (SegmentedRaftLogWorker.java:run(327)) - f3d5ecac-0c0e-452b-b1da-f4ba84ea556e@group-81B64AF5C7B4-SegmentedRaftLogWorker was interrupted, exiting. There are 0 tasks remaining in the queue.
2021-06-23 18:54:32,090 [ForkJoinPool.commonPool-worker-0] INFO  metrics.RatisMetrics (RatisMetrics.java:unregister(43)) - Unregistering Metrics Registry : ratis.log_worker.3b2fbf51-ff76-4a94-9ac6-cea2acf7cb68@group-81B64AF5C7B4
2021-06-23 18:54:32,090 [ForkJoinPool.commonPool-worker-0] INFO  metrics.RatisMetrics (RatisMetrics.java:unregister(43)) - Unregistering Metrics Registry : ratis.leader_election.3b2fbf51-ff76-4a94-9ac6-cea2acf7cb68@group-81B64AF5C7B4
2021-06-23 18:54:32,091 [ForkJoinPool.commonPool-worker-0] INFO  metrics.RatisMetrics (RatisMetrics.java:unregister(43)) - Unregistering Metrics Registry : ratis.server.3b2fbf51-ff76-4a94-9ac6-cea2acf7cb68@group-81B64AF5C7B4
2021-06-23 18:54:32,091 [ForkJoinPool.commonPool-worker-0] INFO  server.RaftServer$Division (RaftServerImpl.java:lambda$close$4(406)) - 3b2fbf51-ff76-4a94-9ac6-cea2acf7cb68@group-830F70CBBE22: shutdown
2021-06-23 18:54:32,091 [ForkJoinPool.commonPool-worker-0] INFO  util.JmxRegister (JmxRegister.java:unregister(73)) - Successfully un-registered JMX Bean with object name Ratis:service=RaftServer,group=group-830F70CBBE22,id=3b2fbf51-ff76-4a94-9ac6-cea2acf7cb68
2021-06-23 18:54:32,094 [ForkJoinPool.commonPool-worker-0] INFO  impl.RoleInfo (RoleInfo.java:shutdownLeaderState(91)) - 3b2fbf51-ff76-4a94-9ac6-cea2acf7cb68: shutdown 3b2fbf51-ff76-4a94-9ac6-cea2acf7cb68@group-830F70CBBE22-LeaderStateImpl
2021-06-23 18:54:32,091 [Listener at 127.0.0.1/35407] INFO  segmented.SegmentedRaftLogWorker (SegmentedRaftLogWorker.java:close(237)) - f3d5ecac-0c0e-452b-b1da-f4ba84ea556e@group-81B64AF5C7B4-SegmentedRaftLogWorker close()
2021-06-23 18:54:32,094 [Listener at 127.0.0.1/35407] INFO  metrics.RatisMetrics (RatisMetrics.java:unregister(43)) - Unregistering Metrics Registry : ratis.log_worker.f3d5ecac-0c0e-452b-b1da-f4ba84ea556e@group-81B64AF5C7B4
2021-06-23 18:54:32,095 [Listener at 127.0.0.1/35407] INFO  metrics.RatisMetrics (RatisMetrics.java:unregister(43)) - Unregistering Metrics Registry : ratis.leader_election.f3d5ecac-0c0e-452b-b1da-f4ba84ea556e@group-81B64AF5C7B4
2021-06-23 18:54:32,095 [Listener at 127.0.0.1/35407] INFO  metrics.RatisMetrics (RatisMetrics.java:unregister(43)) - Unregistering Metrics Registry : ratis.server.f3d5ecac-0c0e-452b-b1da-f4ba84ea556e@group-81B64AF5C7B4
2021-06-23 18:54:32,095 [Listener at 127.0.0.1/35407] INFO  server.RaftServer$Division (RaftServerImpl.java:lambda$close$4(406)) - f3d5ecac-0c0e-452b-b1da-f4ba84ea556e@group-BDE01778DA23: shutdown
2021-06-23 18:54:32,095 [Listener at 127.0.0.1/35407] INFO  util.JmxRegister (JmxRegister.java:unregister(73)) - Successfully un-registered JMX Bean with object name Ratis:service=RaftServer,group=group-BDE01778DA23,id=f3d5ecac-0c0e-452b-b1da-f4ba84ea556e
2021-06-23 18:54:32,095 [Listener at 127.0.0.1/35407] INFO  impl.RoleInfo (RoleInfo.java:shutdownLeaderState(91)) - f3d5ecac-0c0e-452b-b1da-f4ba84ea556e: shutdown f3d5ecac-0c0e-452b-b1da-f4ba84ea556e@group-BDE01778DA23-LeaderStateImpl
2021-06-23 18:54:32,096 [Listener at 127.0.0.1/35407] INFO  impl.PendingRequests (PendingRequests.java:sendNotLeaderResponses(249)) - f3d5ecac-0c0e-452b-b1da-f4ba84ea556e@group-BDE01778DA23-PendingRequests: sendNotLeaderResponses
2021-06-23 18:54:32,096 [Listener at 127.0.0.1/35407] INFO  metrics.RatisMetrics (RatisMetrics.java:unregister(43)) - Unregistering Metrics Registry : ratis.log_appender.f3d5ecac-0c0e-452b-b1da-f4ba84ea556e@group-BDE01778DA23
2021-06-23 18:54:32,096 [Listener at 127.0.0.1/35407] INFO  metrics.RatisMetrics (RatisMetrics.java:unregister(43)) - Unregistering Metrics Registry : ratis.server.f3d5ecac-0c0e-452b-b1da-f4ba84ea556e@group-BDE01778DA23
2021-06-23 18:54:32,096 [Listener at 127.0.0.1/35407] INFO  impl.StateMachineUpdater (StateMachineUpdater.java:stopAndJoin(149)) - f3d5ecac-0c0e-452b-b1da-f4ba84ea556e@group-BDE01778DA23-StateMachineUpdater: set stopIndex = 0
2021-06-23 18:54:32,097 [f3d5ecac-0c0e-452b-b1da-f4ba84ea556e@group-BDE01778DA23-StateMachineUpdater] INFO  ratis.ContainerStateMachine (ContainerStateMachine.java:takeSnapshot(291)) - group-BDE01778DA23: Taking a snapshot at:(t:1, i:0) file /home/runner/work/ozone/ozone/mnt/ozone/hadoop-ozone/integration-test/target/test-dir/MiniOzoneClusterImpl-2ba833d5-1ba9-439d-9c86-26ba043c4450/datanode-5/data/ratis/0f2c3a2d-ab8b-4489-969e-bde01778da23/sm/snapshot.1_0
2021-06-23 18:54:32,097 [ForkJoinPool.commonPool-worker-0] INFO  impl.PendingRequests (PendingRequests.java:sendNotLeaderResponses(249)) - 3b2fbf51-ff76-4a94-9ac6-cea2acf7cb68@group-830F70CBBE22-PendingRequests: sendNotLeaderResponses
2021-06-23 18:54:32,098 [f3d5ecac-0c0e-452b-b1da-f4ba84ea556e@group-BDE01778DA23-StateMachineUpdater] INFO  ratis.ContainerStateMachine (ContainerStateMachine.java:takeSnapshot(302)) - group-BDE01778DA23: Finished taking a snapshot at:(t:1, i:0) file:/home/runner/work/ozone/ozone/mnt/ozone/hadoop-ozone/integration-test/target/test-dir/MiniOzoneClusterImpl-2ba833d5-1ba9-439d-9c86-26ba043c4450/datanode-5/data/ratis/0f2c3a2d-ab8b-4489-969e-bde01778da23/sm/snapshot.1_0 took: 1 ms
2021-06-23 18:54:32,098 [f3d5ecac-0c0e-452b-b1da-f4ba84ea556e@group-BDE01778DA23-StateMachineUpdater] INFO  impl.StateMachineUpdater (StateMachineUpdater.java:takeSnapshot(281)) - f3d5ecac-0c0e-452b-b1da-f4ba84ea556e@group-BDE01778DA23-StateMachineUpdater: Took a snapshot at index 0
2021-06-23 18:54:32,098 [ForkJoinPool.commonPool-worker-0] INFO  metrics.RatisMetrics (RatisMetrics.java:unregister(43)) - Unregistering Metrics Registry : ratis.log_appender.3b2fbf51-ff76-4a94-9ac6-cea2acf7cb68@group-830F70CBBE22
2021-06-23 18:54:32,098 [f3d5ecac-0c0e-452b-b1da-f4ba84ea556e@group-BDE01778DA23-StateMachineUpdater] INFO  impl.StateMachineUpdater (StateMachineUpdater.java:lambda$new$0(89)) - f3d5ecac-0c0e-452b-b1da-f4ba84ea556e@group-BDE01778DA23-StateMachineUpdater: snapshotIndex: updateIncreasingly -1 -> 0
2021-06-23 18:54:32,098 [ForkJoinPool.commonPool-worker-0] INFO  metrics.RatisMetrics (RatisMetrics.java:unregister(43)) - Unregistering Metrics Registry : ratis.server.3b2fbf51-ff76-4a94-9ac6-cea2acf7cb68@group-830F70CBBE22
2021-06-23 18:54:32,098 [f3d5ecac-0c0e-452b-b1da-f4ba84ea556e@group-BDE01778DA23-StateMachineUpdater] INFO  metrics.RatisMetrics (RatisMetrics.java:unregister(43)) - Unregistering Metrics Registry : ratis.state_machine.f3d5ecac-0c0e-452b-b1da-f4ba84ea556e@group-BDE01778DA23
2021-06-23 18:54:32,099 [ForkJoinPool.commonPool-worker-0] INFO  impl.StateMachineUpdater (StateMachineUpdater.java:stopAndJoin(149)) - 3b2fbf51-ff76-4a94-9ac6-cea2acf7cb68@group-830F70CBBE22-StateMachineUpdater: set stopIndex = 0
2021-06-23 18:54:32,099 [Listener at 127.0.0.1/35407] INFO  server.RaftServer$Division (ServerState.java:close(405)) - f3d5ecac-0c0e-452b-b1da-f4ba84ea556e@group-BDE01778DA23: closes. applyIndex: 0
2021-06-23 18:54:32,099 [3b2fbf51-ff76-4a94-9ac6-cea2acf7cb68@group-830F70CBBE22-StateMachineUpdater] INFO  ratis.ContainerStateMachine (ContainerStateMachine.java:takeSnapshot(291)) - group-830F70CBBE22: Taking a snapshot at:(t:1, i:0) file /home/runner/work/ozone/ozone/mnt/ozone/hadoop-ozone/integration-test/target/test-dir/MiniOzoneClusterImpl-2ba833d5-1ba9-439d-9c86-26ba043c4450/datanode-3/data/ratis/439239be-4ee5-400a-8383-830f70cbbe22/sm/snapshot.1_0
2021-06-23 18:54:32,099 [f3d5ecac-0c0e-452b-b1da-f4ba84ea556e@group-BDE01778DA23-SegmentedRaftLogWorker] INFO  segmented.SegmentedRaftLogWorker (SegmentedRaftLogWorker.java:run(327)) - f3d5ecac-0c0e-452b-b1da-f4ba84ea556e@group-BDE01778DA23-SegmentedRaftLogWorker was interrupted, exiting. There are 0 tasks remaining in the queue.
2021-06-23 18:54:32,100 [3b2fbf51-ff76-4a94-9ac6-cea2acf7cb68@group-830F70CBBE22-StateMachineUpdater] INFO  ratis.ContainerStateMachine (ContainerStateMachine.java:takeSnapshot(302)) - group-830F70CBBE22: Finished taking a snapshot at:(t:1, i:0) file:/home/runner/work/ozone/ozone/mnt/ozone/hadoop-ozone/integration-test/target/test-dir/MiniOzoneClusterImpl-2ba833d5-1ba9-439d-9c86-26ba043c4450/datanode-3/data/ratis/439239be-4ee5-400a-8383-830f70cbbe22/sm/snapshot.1_0 took: 1 ms
2021-06-23 18:54:32,100 [Listener at 127.0.0.1/35407] INFO  segmented.SegmentedRaftLogWorker (SegmentedRaftLogWorker.java:close(237)) - f3d5ecac-0c0e-452b-b1da-f4ba84ea556e@group-BDE01778DA23-SegmentedRaftLogWorker close()
2021-06-23 18:54:32,100 [3b2fbf51-ff76-4a94-9ac6-cea2acf7cb68@group-830F70CBBE22-StateMachineUpdater] INFO  impl.StateMachineUpdater (StateMachineUpdater.java:takeSnapshot(281)) - 3b2fbf51-ff76-4a94-9ac6-cea2acf7cb68@group-830F70CBBE22-StateMachineUpdater: Took a snapshot at index 0
2021-06-23 18:54:32,100 [3b2fbf51-ff76-4a94-9ac6-cea2acf7cb68@group-830F70CBBE22-StateMachineUpdater] INFO  impl.StateMachineUpdater (StateMachineUpdater.java:lambda$new$0(89)) - 3b2fbf51-ff76-4a94-9ac6-cea2acf7cb68@group-830F70CBBE22-StateMachineUpdater: snapshotIndex: updateIncreasingly -1 -> 0
2021-06-23 18:54:32,100 [3b2fbf51-ff76-4a94-9ac6-cea2acf7cb68@group-830F70CBBE22-StateMachineUpdater] INFO  metrics.RatisMetrics (RatisMetrics.java:unregister(43)) - Unregistering Metrics Registry : ratis.state_machine.3b2fbf51-ff76-4a94-9ac6-cea2acf7cb68@group-830F70CBBE22
2021-06-23 18:54:32,101 [ForkJoinPool.commonPool-worker-0] INFO  server.RaftServer$Division (ServerState.java:close(405)) - 3b2fbf51-ff76-4a94-9ac6-cea2acf7cb68@group-830F70CBBE22: closes. applyIndex: 0
2021-06-23 18:54:32,101 [3b2fbf51-ff76-4a94-9ac6-cea2acf7cb68@group-830F70CBBE22-SegmentedRaftLogWorker] INFO  segmented.SegmentedRaftLogWorker (SegmentedRaftLogWorker.java:run(327)) - 3b2fbf51-ff76-4a94-9ac6-cea2acf7cb68@group-830F70CBBE22-SegmentedRaftLogWorker was interrupted, exiting. There are 0 tasks remaining in the queue.
2021-06-23 18:54:32,101 [Listener at 127.0.0.1/35407] INFO  metrics.RatisMetrics (RatisMetrics.java:unregister(43)) - Unregistering Metrics Registry : ratis.log_worker.f3d5ecac-0c0e-452b-b1da-f4ba84ea556e@group-BDE01778DA23
2021-06-23 18:54:32,101 [Listener at 127.0.0.1/35407] INFO  metrics.RatisMetrics (RatisMetrics.java:unregister(43)) - Unregistering Metrics Registry : ratis.leader_election.f3d5ecac-0c0e-452b-b1da-f4ba84ea556e@group-BDE01778DA23
2021-06-23 18:54:32,101 [Listener at 127.0.0.1/35407] INFO  metrics.RatisMetrics (RatisMetrics.java:unregister(43)) - Unregistering Metrics Registry : ratis.server.f3d5ecac-0c0e-452b-b1da-f4ba84ea556e@group-BDE01778DA23
2021-06-23 18:54:32,102 [Listener at 127.0.0.1/35407] INFO  server.GrpcService (GrpcService.java:closeImpl(262)) - f3d5ecac-0c0e-452b-b1da-f4ba84ea556e: shutdown server with port 40993 now
2021-06-23 18:54:32,101 [ForkJoinPool.commonPool-worker-0] INFO  segmented.SegmentedRaftLogWorker (SegmentedRaftLogWorker.java:close(237)) - 3b2fbf51-ff76-4a94-9ac6-cea2acf7cb68@group-830F70CBBE22-SegmentedRaftLogWorker close()
2021-06-23 18:54:32,102 [ForkJoinPool.commonPool-worker-0] INFO  metrics.RatisMetrics (RatisMetrics.java:unregister(43)) - Unregistering Metrics Registry : ratis.log_worker.3b2fbf51-ff76-4a94-9ac6-cea2acf7cb68@group-830F70CBBE22
2021-06-23 18:54:32,102 [ForkJoinPool.commonPool-worker-0] INFO  metrics.RatisMetrics (RatisMetrics.java:unregister(43)) - Unregistering Metrics Registry : ratis.leader_election.3b2fbf51-ff76-4a94-9ac6-cea2acf7cb68@group-830F70CBBE22
2021-06-23 18:54:32,102 [ForkJoinPool.commonPool-worker-0] INFO  metrics.RatisMetrics (RatisMetrics.java:unregister(43)) - Unregistering Metrics Registry : ratis.server.3b2fbf51-ff76-4a94-9ac6-cea2acf7cb68@group-830F70CBBE22
2021-06-23 18:54:32,103 [ForkJoinPool.commonPool-worker-0] INFO  server.GrpcService (GrpcService.java:closeImpl(262)) - 3b2fbf51-ff76-4a94-9ac6-cea2acf7cb68: shutdown server with port 38811 now
2021-06-23 18:54:32,106 [ForkJoinPool.commonPool-worker-0] INFO  server.GrpcService (GrpcService.java:closeImpl(271)) - 3b2fbf51-ff76-4a94-9ac6-cea2acf7cb68: shutdown server with port 38811 successfully
2021-06-23 18:54:32,107 [org.apache.ratis.util.JvmPauseMonitor$$Lambda$513/1463400452@abb5985] INFO  util.JvmPauseMonitor (JvmPauseMonitor.java:run(109)) - JvmPauseMonitor-3b2fbf51-ff76-4a94-9ac6-cea2acf7cb68: Stopped
2021-06-23 18:54:32,108 [Listener at 127.0.0.1/35407] INFO  server.GrpcService (GrpcService.java:closeImpl(271)) - f3d5ecac-0c0e-452b-b1da-f4ba84ea556e: shutdown server with port 40993 successfully
2021-06-23 18:54:32,108 [org.apache.ratis.util.JvmPauseMonitor$$Lambda$513/1463400452@2ea8bbc4] INFO  util.JvmPauseMonitor (JvmPauseMonitor.java:run(109)) - JvmPauseMonitor-f3d5ecac-0c0e-452b-b1da-f4ba84ea556e: Stopped
2021-06-23 18:54:32,110 [ForkJoinPool.commonPool-worker-0] INFO  utils.BackgroundService (BackgroundService.java:shutdown(132)) - Shutting down service BlockDeletingService
2021-06-23 18:54:32,116 [Listener at 127.0.0.1/35407] INFO  utils.BackgroundService (BackgroundService.java:shutdown(132)) - Shutting down service BlockDeletingService
2021-06-23 18:54:32,118 [ForkJoinPool.commonPool-worker-0] INFO  statemachine.DatanodeStateMachine (DatanodeStateMachine.java:stopDaemon(488)) - Ozone container server stopped.
2021-06-23 18:54:32,119 [Listener at 127.0.0.1/35407] INFO  statemachine.DatanodeStateMachine (DatanodeStateMachine.java:stopDaemon(488)) - Ozone container server stopped.
2021-06-23 18:54:32,120 [Listener at 127.0.0.1/35407] INFO  handler.ContextHandler (ContextHandler.java:doStop(1154)) - Stopped o.e.j.w.WebAppContext@1a4f2ec3{hddsDatanode,/,null,STOPPED}{jar:file:/home/runner/.m2/repository/org/apache/ozone/hdds-container-service/1.2.0-SNAPSHOT/hdds-container-service-1.2.0-SNAPSHOT.jar!/webapps/hddsDatanode}
2021-06-23 18:54:32,120 [Listener at 127.0.0.1/35407] INFO  server.AbstractConnector (AbstractConnector.java:doStop(381)) - Stopped ServerConnector@1834b71b{HTTP/1.1, (http/1.1)}{0.0.0.0:0}
2021-06-23 18:54:32,120 [Listener at 127.0.0.1/35407] INFO  server.session (HouseKeeper.java:stopScavenging(149)) - node0 Stopped scavenging
2021-06-23 18:54:32,121 [Listener at 127.0.0.1/35407] INFO  handler.ContextHandler (ContextHandler.java:doStop(1154)) - Stopped o.e.j.s.ServletContextHandler@7d63b66b{static,/static,jar:file:/home/runner/.m2/repository/org/apache/ozone/hdds-container-service/1.2.0-SNAPSHOT/hdds-container-service-1.2.0-SNAPSHOT.jar!/webapps/static,STOPPED}
2021-06-23 18:54:32,121 [Listener at 127.0.0.1/35407] INFO  handler.ContextHandler (ContextHandler.java:doStop(1154)) - Stopped o.e.j.s.ServletContextHandler@91b587b{logs,/logs,file:///home/runner/work/ozone/ozone/mnt/ozone/hadoop-ozone/integration-test/target/log,STOPPED}
2021-06-23 18:54:32,125 [ForkJoinPool.commonPool-worker-0] INFO  handler.ContextHandler (ContextHandler.java:doStop(1154)) - Stopped o.e.j.w.WebAppContext@2c1ee7be{hddsDatanode,/,null,STOPPED}{jar:file:/home/runner/.m2/repository/org/apache/ozone/hdds-container-service/1.2.0-SNAPSHOT/hdds-container-service-1.2.0-SNAPSHOT.jar!/webapps/hddsDatanode}
2021-06-23 18:54:32,126 [ForkJoinPool.commonPool-worker-0] INFO  server.AbstractConnector (AbstractConnector.java:doStop(381)) - Stopped ServerConnector@69d92f73{HTTP/1.1, (http/1.1)}{0.0.0.0:0}
2021-06-23 18:54:32,126 [ForkJoinPool.commonPool-worker-0] INFO  server.session (HouseKeeper.java:stopScavenging(149)) - node0 Stopped scavenging
2021-06-23 18:54:32,127 [ForkJoinPool.commonPool-worker-0] INFO  handler.ContextHandler (ContextHandler.java:doStop(1154)) - Stopped o.e.j.s.ServletContextHandler@402e4e9b{static,/static,jar:file:/home/runner/.m2/repository/org/apache/ozone/hdds-container-service/1.2.0-SNAPSHOT/hdds-container-service-1.2.0-SNAPSHOT.jar!/webapps/static,STOPPED}
2021-06-23 18:54:32,128 [ForkJoinPool.commonPool-worker-0] INFO  handler.ContextHandler (ContextHandler.java:doStop(1154)) - Stopped o.e.j.s.ServletContextHandler@4ddb5db0{logs,/logs,file:///home/runner/work/ozone/ozone/mnt/ozone/hadoop-ozone/integration-test/target/log,STOPPED}
2021-06-23 18:54:32,158 [grpc-default-executor-4] WARN  server.GrpcLogAppender (LogUtils.java:warn(122)) - e477ba1d-11c9-4e24-a1b5-67f71d65ae03@group-DD3CD69E62EB->b2abd95f-4cc9-4fa4-a4ec-5bbb2a845ab6-AppendLogResponseHandler: Failed appendEntries: org.apache.ratis.thirdparty.io.grpc.StatusRuntimeException: UNAVAILABLE: io exception
2021-06-23 18:54:32,159 [grpc-default-executor-4] INFO  leader.FollowerInfo (FollowerInfoImpl.java:lambda$new$0(46)) - e477ba1d-11c9-4e24-a1b5-67f71d65ae03@group-DD3CD69E62EB->b2abd95f-4cc9-4fa4-a4ec-5bbb2a845ab6: nextIndex: updateUnconditionally 3 -> 2
2021-06-23 18:54:32,242 [Datanode State Machine Thread - 0] INFO  statemachine.DatanodeStateMachine (DatanodeStateMachine.java:lambda$startDaemon$0(430)) - Ozone container server started.
2021-06-23 18:54:33,095 [Datanode State Machine Thread - 0] INFO  statemachine.DatanodeStateMachine (DatanodeStateMachine.java:lambda$startDaemon$0(430)) - Ozone container server started.
2021-06-23 18:54:34,660 [grpc-default-executor-4] WARN  server.GrpcLogAppender (LogUtils.java:warn(122)) - e477ba1d-11c9-4e24-a1b5-67f71d65ae03@group-DD3CD69E62EB->b2abd95f-4cc9-4fa4-a4ec-5bbb2a845ab6-AppendLogResponseHandler: Failed appendEntries: org.apache.ratis.thirdparty.io.grpc.StatusRuntimeException: UNAVAILABLE: io exception
2021-06-23 18:54:34,660 [grpc-default-executor-4] INFO  leader.FollowerInfo (FollowerInfoImpl.java:lambda$new$0(46)) - e477ba1d-11c9-4e24-a1b5-67f71d65ae03@group-DD3CD69E62EB->b2abd95f-4cc9-4fa4-a4ec-5bbb2a845ab6: nextIndex: updateUnconditionally 3 -> 2
2021-06-23 18:54:37,124 [Listener at 127.0.0.1/35407] INFO  ozoneimpl.OzoneContainer (OzoneContainer.java:stop(326)) - Attempting to stop container services.
2021-06-23 18:54:37,124 [Listener at 127.0.0.1/35407] INFO  server.RaftServer (RaftServerProxy.java:lambda$close$6(391)) - c3729649-2bd6-4731-9653-79fd1afe8c9e: close
2021-06-23 18:54:37,125 [Listener at 127.0.0.1/35407] INFO  server.RaftServer$Division (RaftServerImpl.java:lambda$close$4(406)) - c3729649-2bd6-4731-9653-79fd1afe8c9e@group-8C28114A7F16: shutdown
2021-06-23 18:54:37,125 [Listener at 127.0.0.1/35407] INFO  util.JmxRegister (JmxRegister.java:unregister(73)) - Successfully un-registered JMX Bean with object name Ratis:service=RaftServer,group=group-8C28114A7F16,id=c3729649-2bd6-4731-9653-79fd1afe8c9e
2021-06-23 18:54:37,125 [Listener at 127.0.0.1/35407] INFO  impl.RoleInfo (RoleInfo.java:shutdownLeaderState(91)) - c3729649-2bd6-4731-9653-79fd1afe8c9e: shutdown c3729649-2bd6-4731-9653-79fd1afe8c9e@group-8C28114A7F16-LeaderStateImpl
2021-06-23 18:54:37,125 [Listener at 127.0.0.1/35407] INFO  impl.PendingRequests (PendingRequests.java:sendNotLeaderResponses(249)) - c3729649-2bd6-4731-9653-79fd1afe8c9e@group-8C28114A7F16-PendingRequests: sendNotLeaderResponses
2021-06-23 18:54:37,125 [Listener at 127.0.0.1/35407] INFO  metrics.RatisMetrics (RatisMetrics.java:unregister(43)) - Unregistering Metrics Registry : ratis.log_appender.c3729649-2bd6-4731-9653-79fd1afe8c9e@group-8C28114A7F16
2021-06-23 18:54:37,125 [Listener at 127.0.0.1/35407] INFO  metrics.RatisMetrics (RatisMetrics.java:unregister(43)) - Unregistering Metrics Registry : ratis.server.c3729649-2bd6-4731-9653-79fd1afe8c9e@group-8C28114A7F16
2021-06-23 18:54:37,126 [Listener at 127.0.0.1/35407] INFO  impl.StateMachineUpdater (StateMachineUpdater.java:stopAndJoin(149)) - c3729649-2bd6-4731-9653-79fd1afe8c9e@group-8C28114A7F16-StateMachineUpdater: set stopIndex = 0
2021-06-23 18:54:37,126 [c3729649-2bd6-4731-9653-79fd1afe8c9e@group-8C28114A7F16-StateMachineUpdater] INFO  ratis.ContainerStateMachine (ContainerStateMachine.java:takeSnapshot(291)) - group-8C28114A7F16: Taking a snapshot at:(t:1, i:0) file /home/runner/work/ozone/ozone/mnt/ozone/hadoop-ozone/integration-test/target/test-dir/MiniOzoneClusterImpl-2ba833d5-1ba9-439d-9c86-26ba043c4450/datanode-7/data/ratis/f3ce1326-5d0f-43b0-93b2-8c28114a7f16/sm/snapshot.1_0
2021-06-23 18:54:37,127 [c3729649-2bd6-4731-9653-79fd1afe8c9e@group-8C28114A7F16-StateMachineUpdater] INFO  ratis.ContainerStateMachine (ContainerStateMachine.java:takeSnapshot(302)) - group-8C28114A7F16: Finished taking a snapshot at:(t:1, i:0) file:/home/runner/work/ozone/ozone/mnt/ozone/hadoop-ozone/integration-test/target/test-dir/MiniOzoneClusterImpl-2ba833d5-1ba9-439d-9c86-26ba043c4450/datanode-7/data/ratis/f3ce1326-5d0f-43b0-93b2-8c28114a7f16/sm/snapshot.1_0 took: 1 ms
2021-06-23 18:54:37,127 [c3729649-2bd6-4731-9653-79fd1afe8c9e@group-8C28114A7F16-StateMachineUpdater] INFO  impl.StateMachineUpdater (StateMachineUpdater.java:takeSnapshot(281)) - c3729649-2bd6-4731-9653-79fd1afe8c9e@group-8C28114A7F16-StateMachineUpdater: Took a snapshot at index 0
2021-06-23 18:54:37,127 [c3729649-2bd6-4731-9653-79fd1afe8c9e@group-8C28114A7F16-StateMachineUpdater] INFO  impl.StateMachineUpdater (StateMachineUpdater.java:lambda$new$0(89)) - c3729649-2bd6-4731-9653-79fd1afe8c9e@group-8C28114A7F16-StateMachineUpdater: snapshotIndex: updateIncreasingly -1 -> 0
2021-06-23 18:54:37,128 [c3729649-2bd6-4731-9653-79fd1afe8c9e@group-8C28114A7F16-StateMachineUpdater] INFO  metrics.RatisMetrics (RatisMetrics.java:unregister(43)) - Unregistering Metrics Registry : ratis.state_machine.c3729649-2bd6-4731-9653-79fd1afe8c9e@group-8C28114A7F16
2021-06-23 18:54:37,128 [Listener at 127.0.0.1/35407] INFO  server.RaftServer$Division (ServerState.java:close(405)) - c3729649-2bd6-4731-9653-79fd1afe8c9e@group-8C28114A7F16: closes. applyIndex: 0
2021-06-23 18:54:37,128 [c3729649-2bd6-4731-9653-79fd1afe8c9e@group-8C28114A7F16-SegmentedRaftLogWorker] INFO  segmented.SegmentedRaftLogWorker (SegmentedRaftLogWorker.java:run(327)) - c3729649-2bd6-4731-9653-79fd1afe8c9e@group-8C28114A7F16-SegmentedRaftLogWorker was interrupted, exiting. There are 0 tasks remaining in the queue.
2021-06-23 18:54:37,129 [ForkJoinPool.commonPool-worker-0] INFO  ozoneimpl.OzoneContainer (OzoneContainer.java:stop(326)) - Attempting to stop container services.
2021-06-23 18:54:37,129 [Listener at 127.0.0.1/35407] INFO  segmented.SegmentedRaftLogWorker (SegmentedRaftLogWorker.java:close(237)) - c3729649-2bd6-4731-9653-79fd1afe8c9e@group-8C28114A7F16-SegmentedRaftLogWorker close()
2021-06-23 18:54:37,129 [ForkJoinPool.commonPool-worker-0] INFO  server.RaftServer (RaftServerProxy.java:lambda$close$6(391)) - 4a750d61-24e5-43ec-8266-94d98c9b7420: close
2021-06-23 18:54:37,132 [ForkJoinPool.commonPool-worker-0] INFO  server.RaftServer$Division (RaftServerImpl.java:lambda$close$4(406)) - 4a750d61-24e5-43ec-8266-94d98c9b7420@group-FD3D70C3EE5F: shutdown
2021-06-23 18:54:37,132 [ForkJoinPool.commonPool-worker-0] INFO  util.JmxRegister (JmxRegister.java:unregister(73)) - Successfully un-registered JMX Bean with object name Ratis:service=RaftServer,group=group-FD3D70C3EE5F,id=4a750d61-24e5-43ec-8266-94d98c9b7420
2021-06-23 18:54:37,132 [ForkJoinPool.commonPool-worker-0] INFO  impl.RoleInfo (RoleInfo.java:shutdownLeaderState(91)) - 4a750d61-24e5-43ec-8266-94d98c9b7420: shutdown 4a750d61-24e5-43ec-8266-94d98c9b7420@group-FD3D70C3EE5F-LeaderStateImpl
2021-06-23 18:54:37,133 [ForkJoinPool.commonPool-worker-0] INFO  impl.PendingRequests (PendingRequests.java:sendNotLeaderResponses(249)) - 4a750d61-24e5-43ec-8266-94d98c9b7420@group-FD3D70C3EE5F-PendingRequests: sendNotLeaderResponses
2021-06-23 18:54:37,133 [ForkJoinPool.commonPool-worker-0] INFO  metrics.RatisMetrics (RatisMetrics.java:unregister(43)) - Unregistering Metrics Registry : ratis.log_appender.4a750d61-24e5-43ec-8266-94d98c9b7420@group-FD3D70C3EE5F
2021-06-23 18:54:37,133 [ForkJoinPool.commonPool-worker-0] INFO  metrics.RatisMetrics (RatisMetrics.java:unregister(43)) - Unregistering Metrics Registry : ratis.server.4a750d61-24e5-43ec-8266-94d98c9b7420@group-FD3D70C3EE5F
2021-06-23 18:54:37,133 [ForkJoinPool.commonPool-worker-0] INFO  impl.StateMachineUpdater (StateMachineUpdater.java:stopAndJoin(149)) - 4a750d61-24e5-43ec-8266-94d98c9b7420@group-FD3D70C3EE5F-StateMachineUpdater: set stopIndex = 0
2021-06-23 18:54:37,133 [4a750d61-24e5-43ec-8266-94d98c9b7420@group-FD3D70C3EE5F-StateMachineUpdater] INFO  ratis.ContainerStateMachine (ContainerStateMachine.java:takeSnapshot(291)) - group-FD3D70C3EE5F: Taking a snapshot at:(t:1, i:0) file /home/runner/work/ozone/ozone/mnt/ozone/hadoop-ozone/integration-test/target/test-dir/MiniOzoneClusterImpl-2ba833d5-1ba9-439d-9c86-26ba043c4450/datanode-0/data/ratis/1dbdb0f1-9f4e-4f90-9942-fd3d70c3ee5f/sm/snapshot.1_0
2021-06-23 18:54:37,134 [Listener at 127.0.0.1/35407] INFO  metrics.RatisMetrics (RatisMetrics.java:unregister(43)) - Unregistering Metrics Registry : ratis.log_worker.c3729649-2bd6-4731-9653-79fd1afe8c9e@group-8C28114A7F16
2021-06-23 18:54:37,134 [4a750d61-24e5-43ec-8266-94d98c9b7420@group-FD3D70C3EE5F-StateMachineUpdater] INFO  ratis.ContainerStateMachine (ContainerStateMachine.java:takeSnapshot(302)) - group-FD3D70C3EE5F: Finished taking a snapshot at:(t:1, i:0) file:/home/runner/work/ozone/ozone/mnt/ozone/hadoop-ozone/integration-test/target/test-dir/MiniOzoneClusterImpl-2ba833d5-1ba9-439d-9c86-26ba043c4450/datanode-0/data/ratis/1dbdb0f1-9f4e-4f90-9942-fd3d70c3ee5f/sm/snapshot.1_0 took: 0 ms
2021-06-23 18:54:37,134 [4a750d61-24e5-43ec-8266-94d98c9b7420@group-FD3D70C3EE5F-StateMachineUpdater] INFO  impl.StateMachineUpdater (StateMachineUpdater.java:takeSnapshot(281)) - 4a750d61-24e5-43ec-8266-94d98c9b7420@group-FD3D70C3EE5F-StateMachineUpdater: Took a snapshot at index 0
2021-06-23 18:54:37,134 [4a750d61-24e5-43ec-8266-94d98c9b7420@group-FD3D70C3EE5F-StateMachineUpdater] INFO  impl.StateMachineUpdater (StateMachineUpdater.java:lambda$new$0(89)) - 4a750d61-24e5-43ec-8266-94d98c9b7420@group-FD3D70C3EE5F-StateMachineUpdater: snapshotIndex: updateIncreasingly -1 -> 0
2021-06-23 18:54:37,134 [4a750d61-24e5-43ec-8266-94d98c9b7420@group-FD3D70C3EE5F-StateMachineUpdater] INFO  metrics.RatisMetrics (RatisMetrics.java:unregister(43)) - Unregistering Metrics Registry : ratis.state_machine.4a750d61-24e5-43ec-8266-94d98c9b7420@group-FD3D70C3EE5F
2021-06-23 18:54:37,134 [ForkJoinPool.commonPool-worker-0] INFO  server.RaftServer$Division (ServerState.java:close(405)) - 4a750d61-24e5-43ec-8266-94d98c9b7420@group-FD3D70C3EE5F: closes. applyIndex: 0
2021-06-23 18:54:37,135 [Listener at 127.0.0.1/35407] INFO  metrics.RatisMetrics (RatisMetrics.java:unregister(43)) - Unregistering Metrics Registry : ratis.leader_election.c3729649-2bd6-4731-9653-79fd1afe8c9e@group-8C28114A7F16
2021-06-23 18:54:37,135 [4a750d61-24e5-43ec-8266-94d98c9b7420@group-FD3D70C3EE5F-SegmentedRaftLogWorker] INFO  segmented.SegmentedRaftLogWorker (SegmentedRaftLogWorker.java:run(327)) - 4a750d61-24e5-43ec-8266-94d98c9b7420@group-FD3D70C3EE5F-SegmentedRaftLogWorker was interrupted, exiting. There are 0 tasks remaining in the queue.
2021-06-23 18:54:37,135 [ForkJoinPool.commonPool-worker-0] INFO  segmented.SegmentedRaftLogWorker (SegmentedRaftLogWorker.java:close(237)) - 4a750d61-24e5-43ec-8266-94d98c9b7420@group-FD3D70C3EE5F-SegmentedRaftLogWorker close()
2021-06-23 18:54:37,135 [ForkJoinPool.commonPool-worker-0] INFO  metrics.RatisMetrics (RatisMetrics.java:unregister(43)) - Unregistering Metrics Registry : ratis.log_worker.4a750d61-24e5-43ec-8266-94d98c9b7420@group-FD3D70C3EE5F
2021-06-23 18:54:37,135 [ForkJoinPool.commonPool-worker-0] INFO  metrics.RatisMetrics (RatisMetrics.java:unregister(43)) - Unregistering Metrics Registry : ratis.leader_election.4a750d61-24e5-43ec-8266-94d98c9b7420@group-FD3D70C3EE5F
2021-06-23 18:54:37,135 [ForkJoinPool.commonPool-worker-0] INFO  metrics.RatisMetrics (RatisMetrics.java:unregister(43)) - Unregistering Metrics Registry : ratis.server.4a750d61-24e5-43ec-8266-94d98c9b7420@group-FD3D70C3EE5F
2021-06-23 18:54:37,135 [ForkJoinPool.commonPool-worker-0] INFO  server.RaftServer$Division (RaftServerImpl.java:lambda$close$4(406)) - 4a750d61-24e5-43ec-8266-94d98c9b7420@group-DD3CD69E62EB: shutdown
2021-06-23 18:54:37,135 [ForkJoinPool.commonPool-worker-0] INFO  util.JmxRegister (JmxRegister.java:unregister(73)) - Successfully un-registered JMX Bean with object name Ratis:service=RaftServer,group=group-DD3CD69E62EB,id=4a750d61-24e5-43ec-8266-94d98c9b7420
2021-06-23 18:54:37,135 [ForkJoinPool.commonPool-worker-0] INFO  impl.RoleInfo (RoleInfo.java:shutdownFollowerState(108)) - 4a750d61-24e5-43ec-8266-94d98c9b7420: shutdown 4a750d61-24e5-43ec-8266-94d98c9b7420@group-DD3CD69E62EB-FollowerState
2021-06-23 18:54:37,136 [4a750d61-24e5-43ec-8266-94d98c9b7420@group-DD3CD69E62EB-FollowerState] INFO  impl.FollowerState (FollowerState.java:run(143)) - 4a750d61-24e5-43ec-8266-94d98c9b7420@group-DD3CD69E62EB-FollowerState was interrupted: {}
java.lang.InterruptedException: sleep interrupted
	at java.lang.Thread.sleep(Native Method)
	at java.lang.Thread.sleep(Thread.java:340)
	at java.util.concurrent.TimeUnit.sleep(TimeUnit.java:386)
	at org.apache.ratis.util.TimeDuration.sleep(TimeDuration.java:324)
	at org.apache.ratis.util.TimeDuration.sleep(TimeDuration.java:309)
	at org.apache.ratis.server.impl.FollowerState.run(FollowerState.java:118)
2021-06-23 18:54:37,136 [ForkJoinPool.commonPool-worker-0] INFO  impl.StateMachineUpdater (StateMachineUpdater.java:stopAndJoin(149)) - 4a750d61-24e5-43ec-8266-94d98c9b7420@group-DD3CD69E62EB-StateMachineUpdater: set stopIndex = 2
2021-06-23 18:54:37,136 [4a750d61-24e5-43ec-8266-94d98c9b7420@group-DD3CD69E62EB-StateMachineUpdater] INFO  ratis.ContainerStateMachine (ContainerStateMachine.java:takeSnapshot(291)) - group-DD3CD69E62EB: Taking a snapshot at:(t:6, i:2) file /home/runner/work/ozone/ozone/mnt/ozone/hadoop-ozone/integration-test/target/test-dir/MiniOzoneClusterImpl-2ba833d5-1ba9-439d-9c86-26ba043c4450/datanode-0/data/ratis/a388f249-99f9-4637-b8a3-dd3cd69e62eb/sm/snapshot.6_2
2021-06-23 18:54:37,136 [Listener at 127.0.0.1/35407] INFO  metrics.RatisMetrics (RatisMetrics.java:unregister(43)) - Unregistering Metrics Registry : ratis.server.c3729649-2bd6-4731-9653-79fd1afe8c9e@group-8C28114A7F16
2021-06-23 18:54:37,136 [Listener at 127.0.0.1/35407] INFO  server.RaftServer$Division (RaftServerImpl.java:lambda$close$4(406)) - c3729649-2bd6-4731-9653-79fd1afe8c9e@group-2DE7CEC348BC: shutdown
2021-06-23 18:54:37,136 [4a750d61-24e5-43ec-8266-94d98c9b7420@group-DD3CD69E62EB-StateMachineUpdater] INFO  ratis.ContainerStateMachine (ContainerStateMachine.java:takeSnapshot(302)) - group-DD3CD69E62EB: Finished taking a snapshot at:(t:6, i:2) file:/home/runner/work/ozone/ozone/mnt/ozone/hadoop-ozone/integration-test/target/test-dir/MiniOzoneClusterImpl-2ba833d5-1ba9-439d-9c86-26ba043c4450/datanode-0/data/ratis/a388f249-99f9-4637-b8a3-dd3cd69e62eb/sm/snapshot.6_2 took: 1 ms
2021-06-23 18:54:37,137 [4a750d61-24e5-43ec-8266-94d98c9b7420@group-DD3CD69E62EB-StateMachineUpdater] INFO  impl.StateMachineUpdater (StateMachineUpdater.java:takeSnapshot(281)) - 4a750d61-24e5-43ec-8266-94d98c9b7420@group-DD3CD69E62EB-StateMachineUpdater: Took a snapshot at index 2
2021-06-23 18:54:37,137 [4a750d61-24e5-43ec-8266-94d98c9b7420@group-DD3CD69E62EB-StateMachineUpdater] INFO  impl.StateMachineUpdater (StateMachineUpdater.java:lambda$new$0(89)) - 4a750d61-24e5-43ec-8266-94d98c9b7420@group-DD3CD69E62EB-StateMachineUpdater: snapshotIndex: updateIncreasingly -1 -> 2
2021-06-23 18:54:37,137 [4a750d61-24e5-43ec-8266-94d98c9b7420@group-DD3CD69E62EB-StateMachineUpdater] INFO  metrics.RatisMetrics (RatisMetrics.java:unregister(43)) - Unregistering Metrics Registry : ratis.state_machine.4a750d61-24e5-43ec-8266-94d98c9b7420@group-DD3CD69E62EB
2021-06-23 18:54:37,137 [ForkJoinPool.commonPool-worker-0] INFO  server.RaftServer$Division (ServerState.java:close(405)) - 4a750d61-24e5-43ec-8266-94d98c9b7420@group-DD3CD69E62EB: closes. applyIndex: 2
2021-06-23 18:54:37,137 [Listener at 127.0.0.1/35407] INFO  util.JmxRegister (JmxRegister.java:unregister(73)) - Successfully un-registered JMX Bean with object name Ratis:service=RaftServer,group=group-2DE7CEC348BC,id=c3729649-2bd6-4731-9653-79fd1afe8c9e
2021-06-23 18:54:37,137 [4a750d61-24e5-43ec-8266-94d98c9b7420@group-DD3CD69E62EB-SegmentedRaftLogWorker] INFO  segmented.SegmentedRaftLogWorker (SegmentedRaftLogWorker.java:run(327)) - 4a750d61-24e5-43ec-8266-94d98c9b7420@group-DD3CD69E62EB-SegmentedRaftLogWorker was interrupted, exiting. There are 0 tasks remaining in the queue.
2021-06-23 18:54:37,137 [ForkJoinPool.commonPool-worker-0] INFO  segmented.SegmentedRaftLogWorker (SegmentedRaftLogWorker.java:close(237)) - 4a750d61-24e5-43ec-8266-94d98c9b7420@group-DD3CD69E62EB-SegmentedRaftLogWorker close()
2021-06-23 18:54:37,138 [ForkJoinPool.commonPool-worker-0] INFO  metrics.RatisMetrics (RatisMetrics.java:unregister(43)) - Unregistering Metrics Registry : ratis.log_worker.4a750d61-24e5-43ec-8266-94d98c9b7420@group-DD3CD69E62EB
2021-06-23 18:54:37,138 [ForkJoinPool.commonPool-worker-0] INFO  metrics.RatisMetrics (RatisMetrics.java:unregister(43)) - Unregistering Metrics Registry : ratis.leader_election.4a750d61-24e5-43ec-8266-94d98c9b7420@group-DD3CD69E62EB
2021-06-23 18:54:37,138 [ForkJoinPool.commonPool-worker-0] INFO  metrics.RatisMetrics (RatisMetrics.java:unregister(43)) - Unregistering Metrics Registry : ratis.server.4a750d61-24e5-43ec-8266-94d98c9b7420@group-DD3CD69E62EB
2021-06-23 18:54:37,138 [ForkJoinPool.commonPool-worker-0] INFO  server.GrpcService (GrpcService.java:closeImpl(262)) - 4a750d61-24e5-43ec-8266-94d98c9b7420: shutdown server with port 40063 now
2021-06-23 18:54:37,138 [Listener at 127.0.0.1/35407] INFO  impl.RoleInfo (RoleInfo.java:shutdownFollowerState(108)) - c3729649-2bd6-4731-9653-79fd1afe8c9e: shutdown c3729649-2bd6-4731-9653-79fd1afe8c9e@group-2DE7CEC348BC-FollowerState
2021-06-23 18:54:37,139 [c3729649-2bd6-4731-9653-79fd1afe8c9e@group-2DE7CEC348BC-FollowerState] INFO  impl.FollowerState (FollowerState.java:run(143)) - c3729649-2bd6-4731-9653-79fd1afe8c9e@group-2DE7CEC348BC-FollowerState was interrupted: {}
java.lang.InterruptedException: sleep interrupted
	at java.lang.Thread.sleep(Native Method)
	at java.lang.Thread.sleep(Thread.java:340)
	at java.util.concurrent.TimeUnit.sleep(TimeUnit.java:386)
	at org.apache.ratis.util.TimeDuration.sleep(TimeDuration.java:324)
	at org.apache.ratis.util.TimeDuration.sleep(TimeDuration.java:309)
	at org.apache.ratis.server.impl.FollowerState.run(FollowerState.java:118)
2021-06-23 18:54:37,140 [c3729649-2bd6-4731-9653-79fd1afe8c9e@group-2DE7CEC348BC-StateMachineUpdater] INFO  ratis.ContainerStateMachine (ContainerStateMachine.java:takeSnapshot(291)) - group-2DE7CEC348BC: Taking a snapshot at:(t:3, i:0) file /home/runner/work/ozone/ozone/mnt/ozone/hadoop-ozone/integration-test/target/test-dir/MiniOzoneClusterImpl-2ba833d5-1ba9-439d-9c86-26ba043c4450/datanode-7/data/ratis/94502484-9e38-40d3-aad9-2de7cec348bc/sm/snapshot.3_0
2021-06-23 18:54:37,139 [grpc-default-executor-4] WARN  server.GrpcLogAppender (LogUtils.java:warn(122)) - e477ba1d-11c9-4e24-a1b5-67f71d65ae03@group-DD3CD69E62EB->4a750d61-24e5-43ec-8266-94d98c9b7420-AppendLogResponseHandler: Failed appendEntries: org.apache.ratis.thirdparty.io.grpc.StatusRuntimeException: CANCELLED: HTTP/2 error code: CANCEL
Received Rst Stream
2021-06-23 18:54:37,140 [grpc-default-executor-4] INFO  leader.FollowerInfo (FollowerInfoImpl.java:lambda$new$0(46)) - e477ba1d-11c9-4e24-a1b5-67f71d65ae03@group-DD3CD69E62EB->4a750d61-24e5-43ec-8266-94d98c9b7420: nextIndex: updateUnconditionally 3 -> 2
2021-06-23 18:54:37,139 [grpc-default-executor-3] WARN  server.GrpcServerProtocolService (LogUtils.java:warn(122)) - 4a750d61-24e5-43ec-8266-94d98c9b7420: installSnapshot onError, lastRequest: e477ba1d-11c9-4e24-a1b5-67f71d65ae03->4a750d61-24e5-43ec-8266-94d98c9b7420#2-t6,previous=(t:6, i:1),leaderCommit=1,initializing? true,entries: size=1, first=(t:6, i:2), METADATAENTRY(c:1): org.apache.ratis.thirdparty.io.grpc.StatusRuntimeException: CANCELLED: client cancelled
2021-06-23 18:54:37,140 [c3729649-2bd6-4731-9653-79fd1afe8c9e@group-2DE7CEC348BC-StateMachineUpdater] INFO  ratis.ContainerStateMachine (ContainerStateMachine.java:takeSnapshot(302)) - group-2DE7CEC348BC: Finished taking a snapshot at:(t:3, i:0) file:/home/runner/work/ozone/ozone/mnt/ozone/hadoop-ozone/integration-test/target/test-dir/MiniOzoneClusterImpl-2ba833d5-1ba9-439d-9c86-26ba043c4450/datanode-7/data/ratis/94502484-9e38-40d3-aad9-2de7cec348bc/sm/snapshot.3_0 took: 0 ms
2021-06-23 18:54:37,140 [c3729649-2bd6-4731-9653-79fd1afe8c9e@group-2DE7CEC348BC-StateMachineUpdater] INFO  impl.StateMachineUpdater (StateMachineUpdater.java:takeSnapshot(281)) - c3729649-2bd6-4731-9653-79fd1afe8c9e@group-2DE7CEC348BC-StateMachineUpdater: Took a snapshot at index 0
2021-06-23 18:54:37,140 [c3729649-2bd6-4731-9653-79fd1afe8c9e@group-2DE7CEC348BC-StateMachineUpdater] INFO  impl.StateMachineUpdater (StateMachineUpdater.java:lambda$new$0(89)) - c3729649-2bd6-4731-9653-79fd1afe8c9e@group-2DE7CEC348BC-StateMachineUpdater: snapshotIndex: updateIncreasingly -1 -> 0
2021-06-23 18:54:37,140 [c3729649-2bd6-4731-9653-79fd1afe8c9e@group-2DE7CEC348BC-StateMachineUpdater] INFO  metrics.RatisMetrics (RatisMetrics.java:unregister(43)) - Unregistering Metrics Registry : ratis.state_machine.c3729649-2bd6-4731-9653-79fd1afe8c9e@group-2DE7CEC348BC
2021-06-23 18:54:37,140 [Listener at 127.0.0.1/35407] INFO  impl.StateMachineUpdater (StateMachineUpdater.java:stopAndJoin(149)) - c3729649-2bd6-4731-9653-79fd1afe8c9e@group-2DE7CEC348BC-StateMachineUpdater: set stopIndex = 0
2021-06-23 18:54:37,141 [Listener at 127.0.0.1/35407] INFO  server.RaftServer$Division (ServerState.java:close(405)) - c3729649-2bd6-4731-9653-79fd1afe8c9e@group-2DE7CEC348BC: closes. applyIndex: 0
2021-06-23 18:54:37,141 [c3729649-2bd6-4731-9653-79fd1afe8c9e@group-2DE7CEC348BC-SegmentedRaftLogWorker] INFO  segmented.SegmentedRaftLogWorker (SegmentedRaftLogWorker.java:run(327)) - c3729649-2bd6-4731-9653-79fd1afe8c9e@group-2DE7CEC348BC-SegmentedRaftLogWorker was interrupted, exiting. There are 0 tasks remaining in the queue.
2021-06-23 18:54:37,141 [Listener at 127.0.0.1/35407] INFO  segmented.SegmentedRaftLogWorker (SegmentedRaftLogWorker.java:close(237)) - c3729649-2bd6-4731-9653-79fd1afe8c9e@group-2DE7CEC348BC-SegmentedRaftLogWorker close()
2021-06-23 18:54:37,141 [Listener at 127.0.0.1/35407] INFO  metrics.RatisMetrics (RatisMetrics.java:unregister(43)) - Unregistering Metrics Registry : ratis.log_worker.c3729649-2bd6-4731-9653-79fd1afe8c9e@group-2DE7CEC348BC
2021-06-23 18:54:37,142 [Listener at 127.0.0.1/35407] INFO  metrics.RatisMetrics (RatisMetrics.java:unregister(43)) - Unregistering Metrics Registry : ratis.leader_election.c3729649-2bd6-4731-9653-79fd1afe8c9e@group-2DE7CEC348BC
2021-06-23 18:54:37,143 [Listener at 127.0.0.1/35407] INFO  metrics.RatisMetrics (RatisMetrics.java:unregister(43)) - Unregistering Metrics Registry : ratis.server.c3729649-2bd6-4731-9653-79fd1afe8c9e@group-2DE7CEC348BC
2021-06-23 18:54:37,143 [Listener at 127.0.0.1/35407] INFO  server.GrpcService (GrpcService.java:closeImpl(262)) - c3729649-2bd6-4731-9653-79fd1afe8c9e: shutdown server with port 39095 now
2021-06-23 18:54:37,143 [ForkJoinPool.commonPool-worker-0] INFO  server.GrpcService (GrpcService.java:closeImpl(271)) - 4a750d61-24e5-43ec-8266-94d98c9b7420: shutdown server with port 40063 successfully
2021-06-23 18:54:37,144 [org.apache.ratis.util.JvmPauseMonitor$$Lambda$513/1463400452@7735c192] INFO  util.JvmPauseMonitor (JvmPauseMonitor.java:run(109)) - JvmPauseMonitor-4a750d61-24e5-43ec-8266-94d98c9b7420: Stopped
2021-06-23 18:54:37,145 [grpc-default-executor-4] WARN  server.GrpcServerProtocolService (LogUtils.java:warn(122)) - c3729649-2bd6-4731-9653-79fd1afe8c9e: installSnapshot onError, lastRequest: 6bd27ae7-81f7-4e18-bc38-6f66a3d01c25->c3729649-2bd6-4731-9653-79fd1afe8c9e#1-t3,previous=(t:0, i:0),leaderCommit=-1,initializing? true,entries: size=1, first=(t:3, i:0), CONFIGURATIONENTRY: org.apache.ratis.thirdparty.io.grpc.StatusRuntimeException: CANCELLED: client cancelled
2021-06-23 18:54:37,146 [grpc-default-executor-4] WARN  server.GrpcLogAppender (LogUtils.java:warn(122)) - 6bd27ae7-81f7-4e18-bc38-6f66a3d01c25@group-2DE7CEC348BC->c3729649-2bd6-4731-9653-79fd1afe8c9e-AppendLogResponseHandler: Failed appendEntries: org.apache.ratis.thirdparty.io.grpc.StatusRuntimeException: CANCELLED: HTTP/2 error code: CANCEL
Received Rst Stream
2021-06-23 18:54:37,146 [grpc-default-executor-4] WARN  server.GrpcLogAppender (GrpcLogAppender.java:resetClient(111)) - 6bd27ae7-81f7-4e18-bc38-6f66a3d01c25@group-2DE7CEC348BC->c3729649-2bd6-4731-9653-79fd1afe8c9e-GrpcLogAppender: Leader has not got in touch with Follower 6bd27ae7-81f7-4e18-bc38-6f66a3d01c25@group-2DE7CEC348BC->c3729649-2bd6-4731-9653-79fd1afe8c9e(c0,m0,n1, attendVote=true, lastRpcSendTime=2036, lastRpcResponseTime=2035) yet, just keep nextIndex unchanged and retry.
2021-06-23 18:54:37,149 [grpc-default-executor-3] WARN  server.GrpcLogAppender (LogUtils.java:warn(122)) - e477ba1d-11c9-4e24-a1b5-67f71d65ae03@group-DD3CD69E62EB->4a750d61-24e5-43ec-8266-94d98c9b7420-AppendLogResponseHandler: Failed appendEntries: org.apache.ratis.thirdparty.io.grpc.StatusRuntimeException: UNAVAILABLE: io exception
2021-06-23 18:54:37,149 [grpc-default-executor-3] INFO  leader.FollowerInfo (FollowerInfoImpl.java:lambda$new$0(46)) - e477ba1d-11c9-4e24-a1b5-67f71d65ae03@group-DD3CD69E62EB->4a750d61-24e5-43ec-8266-94d98c9b7420: nextIndex: updateUnconditionally 3 -> 2
2021-06-23 18:54:37,151 [ForkJoinPool.commonPool-worker-0] INFO  utils.BackgroundService (BackgroundService.java:shutdown(132)) - Shutting down service BlockDeletingService
2021-06-23 18:54:37,151 [Listener at 127.0.0.1/35407] INFO  server.GrpcService (GrpcService.java:closeImpl(271)) - c3729649-2bd6-4731-9653-79fd1afe8c9e: shutdown server with port 39095 successfully
2021-06-23 18:54:37,151 [org.apache.ratis.util.JvmPauseMonitor$$Lambda$513/1463400452@2829e135] INFO  util.JvmPauseMonitor (JvmPauseMonitor.java:run(109)) - JvmPauseMonitor-c3729649-2bd6-4731-9653-79fd1afe8c9e: Stopped
2021-06-23 18:54:37,156 [Listener at 127.0.0.1/35407] INFO  utils.BackgroundService (BackgroundService.java:shutdown(132)) - Shutting down service BlockDeletingService
2021-06-23 18:54:37,157 [Listener at 127.0.0.1/35407] INFO  statemachine.DatanodeStateMachine (DatanodeStateMachine.java:stopDaemon(488)) - Ozone container server stopped.
2021-06-23 18:54:37,158 [Listener at 127.0.0.1/35407] INFO  handler.ContextHandler (ContextHandler.java:doStop(1154)) - Stopped o.e.j.w.WebAppContext@7acec6db{hddsDatanode,/,null,STOPPED}{jar:file:/home/runner/.m2/repository/org/apache/ozone/hdds-container-service/1.2.0-SNAPSHOT/hdds-container-service-1.2.0-SNAPSHOT.jar!/webapps/hddsDatanode}
2021-06-23 18:54:37,164 [grpc-default-executor-3] WARN  server.GrpcLogAppender (LogUtils.java:warn(122)) - e477ba1d-11c9-4e24-a1b5-67f71d65ae03@group-DD3CD69E62EB->b2abd95f-4cc9-4fa4-a4ec-5bbb2a845ab6-AppendLogResponseHandler: Failed appendEntries: org.apache.ratis.thirdparty.io.grpc.StatusRuntimeException: UNAVAILABLE: io exception
2021-06-23 18:54:37,173 [Listener at 127.0.0.1/35407] INFO  server.AbstractConnector (AbstractConnector.java:doStop(381)) - Stopped ServerConnector@6f54230a{HTTP/1.1, (http/1.1)}{0.0.0.0:0}
2021-06-23 18:54:37,173 [Listener at 127.0.0.1/35407] INFO  server.session (HouseKeeper.java:stopScavenging(149)) - node0 Stopped scavenging
2021-06-23 18:54:37,173 [Listener at 127.0.0.1/35407] INFO  handler.ContextHandler (ContextHandler.java:doStop(1154)) - Stopped o.e.j.s.ServletContextHandler@61b0d0e6{static,/static,jar:file:/home/runner/.m2/repository/org/apache/ozone/hdds-container-service/1.2.0-SNAPSHOT/hdds-container-service-1.2.0-SNAPSHOT.jar!/webapps/static,STOPPED}
2021-06-23 18:54:37,173 [grpc-default-executor-3] INFO  leader.FollowerInfo (FollowerInfoImpl.java:lambda$new$0(46)) - e477ba1d-11c9-4e24-a1b5-67f71d65ae03@group-DD3CD69E62EB->b2abd95f-4cc9-4fa4-a4ec-5bbb2a845ab6: nextIndex: updateUnconditionally 3 -> 2
2021-06-23 18:54:37,173 [ForkJoinPool.commonPool-worker-0] INFO  statemachine.DatanodeStateMachine (DatanodeStateMachine.java:stopDaemon(488)) - Ozone container server stopped.
2021-06-23 18:54:37,173 [Listener at 127.0.0.1/35407] INFO  handler.ContextHandler (ContextHandler.java:doStop(1154)) - Stopped o.e.j.s.ServletContextHandler@419ffde3{logs,/logs,file:///home/runner/work/ozone/ozone/mnt/ozone/hadoop-ozone/integration-test/target/log,STOPPED}
2021-06-23 18:54:37,185 [ForkJoinPool.commonPool-worker-0] INFO  handler.ContextHandler (ContextHandler.java:doStop(1154)) - Stopped o.e.j.w.WebAppContext@3779b701{hddsDatanode,/,null,STOPPED}{jar:file:/home/runner/.m2/repository/org/apache/ozone/hdds-container-service/1.2.0-SNAPSHOT/hdds-container-service-1.2.0-SNAPSHOT.jar!/webapps/hddsDatanode}
2021-06-23 18:54:37,185 [ForkJoinPool.commonPool-worker-0] INFO  server.AbstractConnector (AbstractConnector.java:doStop(381)) - Stopped ServerConnector@7d85318a{HTTP/1.1, (http/1.1)}{0.0.0.0:0}
2021-06-23 18:54:37,185 [ForkJoinPool.commonPool-worker-0] INFO  server.session (HouseKeeper.java:stopScavenging(149)) - node0 Stopped scavenging
2021-06-23 18:54:37,186 [ForkJoinPool.commonPool-worker-0] INFO  handler.ContextHandler (ContextHandler.java:doStop(1154)) - Stopped o.e.j.s.ServletContextHandler@1b759662{static,/static,jar:file:/home/runner/.m2/repository/org/apache/ozone/hdds-container-service/1.2.0-SNAPSHOT/hdds-container-service-1.2.0-SNAPSHOT.jar!/webapps/static,STOPPED}
2021-06-23 18:54:37,186 [ForkJoinPool.commonPool-worker-0] INFO  handler.ContextHandler (ContextHandler.java:doStop(1154)) - Stopped o.e.j.s.ServletContextHandler@1d9a7487{logs,/logs,file:///home/runner/work/ozone/ozone/mnt/ozone/hadoop-ozone/integration-test/target/log,STOPPED}
2021-06-23 18:54:37,607 [Datanode State Machine Thread - 0] INFO  statemachine.DatanodeStateMachine (DatanodeStateMachine.java:lambda$startDaemon$0(430)) - Ozone container server started.
2021-06-23 18:54:37,612 [grpc-default-executor-4] WARN  server.GrpcLogAppender (LogUtils.java:warn(122)) - 6bd27ae7-81f7-4e18-bc38-6f66a3d01c25@group-2DE7CEC348BC->c3729649-2bd6-4731-9653-79fd1afe8c9e-AppendLogResponseHandler: Failed appendEntries: org.apache.ratis.thirdparty.io.grpc.StatusRuntimeException: UNAVAILABLE: io exception
2021-06-23 18:54:37,612 [grpc-default-executor-4] WARN  server.GrpcLogAppender (GrpcLogAppender.java:resetClient(111)) - 6bd27ae7-81f7-4e18-bc38-6f66a3d01c25@group-2DE7CEC348BC->c3729649-2bd6-4731-9653-79fd1afe8c9e-GrpcLogAppender: Leader has not got in touch with Follower 6bd27ae7-81f7-4e18-bc38-6f66a3d01c25@group-2DE7CEC348BC->c3729649-2bd6-4731-9653-79fd1afe8c9e(c0,m0,n1, attendVote=true, lastRpcSendTime=1, lastRpcResponseTime=2501) yet, just keep nextIndex unchanged and retry.
2021-06-23 18:54:38,054 [Datanode State Machine Thread - 0] INFO  statemachine.DatanodeStateMachine (DatanodeStateMachine.java:lambda$startDaemon$0(430)) - Ozone container server started.
2021-06-23 18:54:39,648 [grpc-default-executor-3] WARN  server.GrpcLogAppender (LogUtils.java:warn(122)) - e477ba1d-11c9-4e24-a1b5-67f71d65ae03@group-DD3CD69E62EB->4a750d61-24e5-43ec-8266-94d98c9b7420-AppendLogResponseHandler: Failed appendEntries: org.apache.ratis.thirdparty.io.grpc.StatusRuntimeException: UNAVAILABLE: io exception
2021-06-23 18:54:39,649 [grpc-default-executor-3] INFO  leader.FollowerInfo (FollowerInfoImpl.java:lambda$new$0(46)) - e477ba1d-11c9-4e24-a1b5-67f71d65ae03@group-DD3CD69E62EB->4a750d61-24e5-43ec-8266-94d98c9b7420: nextIndex: updateUnconditionally 3 -> 2
2021-06-23 18:54:39,692 [grpc-default-executor-3] WARN  server.GrpcLogAppender (LogUtils.java:warn(122)) - e477ba1d-11c9-4e24-a1b5-67f71d65ae03@group-DD3CD69E62EB->b2abd95f-4cc9-4fa4-a4ec-5bbb2a845ab6-AppendLogResponseHandler: Failed appendEntries: org.apache.ratis.thirdparty.io.grpc.StatusRuntimeException: UNAVAILABLE: io exception
2021-06-23 18:54:39,693 [grpc-default-executor-3] INFO  leader.FollowerInfo (FollowerInfoImpl.java:lambda$new$0(46)) - e477ba1d-11c9-4e24-a1b5-67f71d65ae03@group-DD3CD69E62EB->b2abd95f-4cc9-4fa4-a4ec-5bbb2a845ab6: nextIndex: updateUnconditionally 3 -> 2
2021-06-23 18:54:40,112 [grpc-default-executor-3] WARN  server.GrpcLogAppender (LogUtils.java:warn(122)) - 6bd27ae7-81f7-4e18-bc38-6f66a3d01c25@group-2DE7CEC348BC->c3729649-2bd6-4731-9653-79fd1afe8c9e-AppendLogResponseHandler: Failed appendEntries: org.apache.ratis.thirdparty.io.grpc.StatusRuntimeException: UNAVAILABLE: io exception
2021-06-23 18:54:40,112 [grpc-default-executor-3] WARN  server.GrpcLogAppender (GrpcLogAppender.java:resetClient(111)) - 6bd27ae7-81f7-4e18-bc38-6f66a3d01c25@group-2DE7CEC348BC->c3729649-2bd6-4731-9653-79fd1afe8c9e-GrpcLogAppender: Leader has not got in touch with Follower 6bd27ae7-81f7-4e18-bc38-6f66a3d01c25@group-2DE7CEC348BC->c3729649-2bd6-4731-9653-79fd1afe8c9e(c0,m0,n1, attendVote=true, lastRpcSendTime=0, lastRpcResponseTime=5001) yet, just keep nextIndex unchanged and retry.
2021-06-23 18:54:40,246 [e477ba1d-11c9-4e24-a1b5-67f71d65ae03@group-DD3CD69E62EB-LeaderStateImpl] WARN  server.RaftServer$Division (LeaderStateImpl.java:checkLeadership(944)) - e477ba1d-11c9-4e24-a1b5-67f71d65ae03@group-DD3CD69E62EB-LeaderStateImpl: Lost leadership on term: 6. Election timeout: 5200ms. In charge for: 15642ms. Conf: 1: [4a750d61-24e5-43ec-8266-94d98c9b7420|rpc:10.1.0.43:40063|dataStream:|priority:0, e477ba1d-11c9-4e24-a1b5-67f71d65ae03|rpc:10.1.0.43:46371|dataStream:|priority:1, b2abd95f-4cc9-4fa4-a4ec-5bbb2a845ab6|rpc:10.1.0.43:35929|dataStream:|priority:0], old=null
2021-06-23 18:54:40,247 [e477ba1d-11c9-4e24-a1b5-67f71d65ae03@group-DD3CD69E62EB-LeaderStateImpl] WARN  server.RaftServer$Division (LeaderStateImpl.java:lambda$checkLeadership$15(948)) - Follower e477ba1d-11c9-4e24-a1b5-67f71d65ae03@group-DD3CD69E62EB->4a750d61-24e5-43ec-8266-94d98c9b7420(c2,m2,n2, attendVote=true, lastRpcSendTime=598, lastRpcResponseTime=5581)
2021-06-23 18:54:40,247 [e477ba1d-11c9-4e24-a1b5-67f71d65ae03@group-DD3CD69E62EB-LeaderStateImpl] WARN  server.RaftServer$Division (LeaderStateImpl.java:lambda$checkLeadership$15(948)) - Follower e477ba1d-11c9-4e24-a1b5-67f71d65ae03@group-DD3CD69E62EB->b2abd95f-4cc9-4fa4-a4ec-5bbb2a845ab6(c1,m2,n2, attendVote=true, lastRpcSendTime=554, lastRpcResponseTime=15601)
2021-06-23 18:54:40,247 [e477ba1d-11c9-4e24-a1b5-67f71d65ae03@group-DD3CD69E62EB-LeaderStateImpl] INFO  server.RaftServer$Division (RaftServerImpl.java:setRole(284)) - e477ba1d-11c9-4e24-a1b5-67f71d65ae03@group-DD3CD69E62EB: changes role from    LEADER to FOLLOWER at term 6 for StepDownReason:LOST_MAJORITY_HEARTBEATS
2021-06-23 18:54:40,247 [e477ba1d-11c9-4e24-a1b5-67f71d65ae03@group-DD3CD69E62EB-LeaderStateImpl] INFO  impl.RoleInfo (RoleInfo.java:shutdownLeaderState(91)) - e477ba1d-11c9-4e24-a1b5-67f71d65ae03: shutdown e477ba1d-11c9-4e24-a1b5-67f71d65ae03@group-DD3CD69E62EB-LeaderStateImpl
2021-06-23 18:54:40,248 [e477ba1d-11c9-4e24-a1b5-67f71d65ae03@group-DD3CD69E62EB-LeaderStateImpl] INFO  metrics.RatisMetrics (RatisMetrics.java:unregister(43)) - Unregistering Metrics Registry : ratis_grpc.log_appender.e477ba1d-11c9-4e24-a1b5-67f71d65ae03@group-DD3CD69E62EB
2021-06-23 18:54:40,248 [e477ba1d-11c9-4e24-a1b5-67f71d65ae03@group-DD3CD69E62EB-LeaderStateImpl] INFO  metrics.RatisMetrics (RatisMetrics.java:unregister(43)) - Unregistering Metrics Registry : ratis_grpc.log_appender.e477ba1d-11c9-4e24-a1b5-67f71d65ae03@group-DD3CD69E62EB
2021-06-23 18:54:40,248 [e477ba1d-11c9-4e24-a1b5-67f71d65ae03@group-DD3CD69E62EB->4a750d61-24e5-43ec-8266-94d98c9b7420-GrpcLogAppender-LogAppenderDaemon] WARN  server.GrpcLogAppender (GrpcLogAppender.java:mayWait(175)) - e477ba1d-11c9-4e24-a1b5-67f71d65ae03@group-DD3CD69E62EB->4a750d61-24e5-43ec-8266-94d98c9b7420-GrpcLogAppender: Wait interrupted by java.lang.InterruptedException
2021-06-23 18:54:40,248 [e477ba1d-11c9-4e24-a1b5-67f71d65ae03@group-DD3CD69E62EB-LeaderStateImpl] INFO  impl.PendingRequests (PendingRequests.java:sendNotLeaderResponses(249)) - e477ba1d-11c9-4e24-a1b5-67f71d65ae03@group-DD3CD69E62EB-PendingRequests: sendNotLeaderResponses
2021-06-23 18:54:40,248 [e477ba1d-11c9-4e24-a1b5-67f71d65ae03@group-DD3CD69E62EB->b2abd95f-4cc9-4fa4-a4ec-5bbb2a845ab6-GrpcLogAppender-LogAppenderDaemon] WARN  server.GrpcLogAppender (GrpcLogAppender.java:mayWait(175)) - e477ba1d-11c9-4e24-a1b5-67f71d65ae03@group-DD3CD69E62EB->b2abd95f-4cc9-4fa4-a4ec-5bbb2a845ab6-GrpcLogAppender: Wait interrupted by java.lang.InterruptedException
2021-06-23 18:54:40,249 [e477ba1d-11c9-4e24-a1b5-67f71d65ae03@group-DD3CD69E62EB-LeaderStateImpl] INFO  metrics.RatisMetrics (RatisMetrics.java:unregister(43)) - Unregistering Metrics Registry : ratis.log_appender.e477ba1d-11c9-4e24-a1b5-67f71d65ae03@group-DD3CD69E62EB
2021-06-23 18:54:40,249 [e477ba1d-11c9-4e24-a1b5-67f71d65ae03@group-DD3CD69E62EB-LeaderStateImpl] INFO  metrics.RatisMetrics (RatisMetrics.java:unregister(43)) - Unregistering Metrics Registry : ratis.server.e477ba1d-11c9-4e24-a1b5-67f71d65ae03@group-DD3CD69E62EB
2021-06-23 18:54:40,250 [e477ba1d-11c9-4e24-a1b5-67f71d65ae03@group-DD3CD69E62EB-LeaderStateImpl] INFO  impl.RoleInfo (RoleInfo.java:updateAndGet(130)) - e477ba1d-11c9-4e24-a1b5-67f71d65ae03: start e477ba1d-11c9-4e24-a1b5-67f71d65ae03@group-DD3CD69E62EB-FollowerState
2021-06-23 18:54:42,181 [Listener at 127.0.0.1/35407] INFO  ozoneimpl.OzoneContainer (OzoneContainer.java:stop(326)) - Attempting to stop container services.
2021-06-23 18:54:42,182 [Listener at 127.0.0.1/35407] INFO  server.RaftServer (RaftServerProxy.java:lambda$close$6(391)) - 6bd27ae7-81f7-4e18-bc38-6f66a3d01c25: close
2021-06-23 18:54:42,182 [Listener at 127.0.0.1/35407] INFO  server.RaftServer$Division (RaftServerImpl.java:lambda$close$4(406)) - 6bd27ae7-81f7-4e18-bc38-6f66a3d01c25@group-940FA5E2F0D0: shutdown
2021-06-23 18:54:42,182 [Listener at 127.0.0.1/35407] INFO  util.JmxRegister (JmxRegister.java:unregister(73)) - Successfully un-registered JMX Bean with object name Ratis:service=RaftServer,group=group-940FA5E2F0D0,id=6bd27ae7-81f7-4e18-bc38-6f66a3d01c25
2021-06-23 18:54:42,182 [Listener at 127.0.0.1/35407] INFO  impl.RoleInfo (RoleInfo.java:shutdownLeaderState(91)) - 6bd27ae7-81f7-4e18-bc38-6f66a3d01c25: shutdown 6bd27ae7-81f7-4e18-bc38-6f66a3d01c25@group-940FA5E2F0D0-LeaderStateImpl
2021-06-23 18:54:42,182 [Listener at 127.0.0.1/35407] INFO  impl.PendingRequests (PendingRequests.java:sendNotLeaderResponses(249)) - 6bd27ae7-81f7-4e18-bc38-6f66a3d01c25@group-940FA5E2F0D0-PendingRequests: sendNotLeaderResponses
2021-06-23 18:54:42,183 [Listener at 127.0.0.1/35407] INFO  metrics.RatisMetrics (RatisMetrics.java:unregister(43)) - Unregistering Metrics Registry : ratis.log_appender.6bd27ae7-81f7-4e18-bc38-6f66a3d01c25@group-940FA5E2F0D0
2021-06-23 18:54:42,183 [Listener at 127.0.0.1/35407] INFO  metrics.RatisMetrics (RatisMetrics.java:unregister(43)) - Unregistering Metrics Registry : ratis.server.6bd27ae7-81f7-4e18-bc38-6f66a3d01c25@group-940FA5E2F0D0
2021-06-23 18:54:42,189 [6bd27ae7-81f7-4e18-bc38-6f66a3d01c25@group-940FA5E2F0D0-StateMachineUpdater] INFO  ratis.ContainerStateMachine (ContainerStateMachine.java:takeSnapshot(291)) - group-940FA5E2F0D0: Taking a snapshot at:(t:1, i:0) file /home/runner/work/ozone/ozone/mnt/ozone/hadoop-ozone/integration-test/target/test-dir/MiniOzoneClusterImpl-2ba833d5-1ba9-439d-9c86-26ba043c4450/datanode-8/data/ratis/b4a3887d-c972-409b-a2d6-940fa5e2f0d0/sm/snapshot.1_0
2021-06-23 18:54:42,190 [Listener at 127.0.0.1/35407] INFO  impl.StateMachineUpdater (StateMachineUpdater.java:stopAndJoin(149)) - 6bd27ae7-81f7-4e18-bc38-6f66a3d01c25@group-940FA5E2F0D0-StateMachineUpdater: set stopIndex = 0
2021-06-23 18:54:42,190 [6bd27ae7-81f7-4e18-bc38-6f66a3d01c25@group-940FA5E2F0D0-StateMachineUpdater] INFO  ratis.ContainerStateMachine (ContainerStateMachine.java:takeSnapshot(302)) - group-940FA5E2F0D0: Finished taking a snapshot at:(t:1, i:0) file:/home/runner/work/ozone/ozone/mnt/ozone/hadoop-ozone/integration-test/target/test-dir/MiniOzoneClusterImpl-2ba833d5-1ba9-439d-9c86-26ba043c4450/datanode-8/data/ratis/b4a3887d-c972-409b-a2d6-940fa5e2f0d0/sm/snapshot.1_0 took: 1 ms
2021-06-23 18:54:42,191 [6bd27ae7-81f7-4e18-bc38-6f66a3d01c25@group-940FA5E2F0D0-StateMachineUpdater] INFO  impl.StateMachineUpdater (StateMachineUpdater.java:takeSnapshot(281)) - 6bd27ae7-81f7-4e18-bc38-6f66a3d01c25@group-940FA5E2F0D0-StateMachineUpdater: Took a snapshot at index 0
2021-06-23 18:54:42,191 [6bd27ae7-81f7-4e18-bc38-6f66a3d01c25@group-940FA5E2F0D0-StateMachineUpdater] INFO  impl.StateMachineUpdater (StateMachineUpdater.java:lambda$new$0(89)) - 6bd27ae7-81f7-4e18-bc38-6f66a3d01c25@group-940FA5E2F0D0-StateMachineUpdater: snapshotIndex: updateIncreasingly -1 -> 0
2021-06-23 18:54:42,191 [6bd27ae7-81f7-4e18-bc38-6f66a3d01c25@group-940FA5E2F0D0-StateMachineUpdater] INFO  metrics.RatisMetrics (RatisMetrics.java:unregister(43)) - Unregistering Metrics Registry : ratis.state_machine.6bd27ae7-81f7-4e18-bc38-6f66a3d01c25@group-940FA5E2F0D0
2021-06-23 18:54:42,193 [Listener at 127.0.0.1/35407] INFO  server.RaftServer$Division (ServerState.java:close(405)) - 6bd27ae7-81f7-4e18-bc38-6f66a3d01c25@group-940FA5E2F0D0: closes. applyIndex: 0
2021-06-23 18:54:42,193 [6bd27ae7-81f7-4e18-bc38-6f66a3d01c25@group-940FA5E2F0D0-SegmentedRaftLogWorker] INFO  segmented.SegmentedRaftLogWorker (SegmentedRaftLogWorker.java:run(327)) - 6bd27ae7-81f7-4e18-bc38-6f66a3d01c25@group-940FA5E2F0D0-SegmentedRaftLogWorker was interrupted, exiting. There are 0 tasks remaining in the queue.
2021-06-23 18:54:42,194 [Listener at 127.0.0.1/35407] INFO  segmented.SegmentedRaftLogWorker (SegmentedRaftLogWorker.java:close(237)) - 6bd27ae7-81f7-4e18-bc38-6f66a3d01c25@group-940FA5E2F0D0-SegmentedRaftLogWorker close()
2021-06-23 18:54:42,194 [Listener at 127.0.0.1/35407] INFO  metrics.RatisMetrics (RatisMetrics.java:unregister(43)) - Unregistering Metrics Registry : ratis.log_worker.6bd27ae7-81f7-4e18-bc38-6f66a3d01c25@group-940FA5E2F0D0
2021-06-23 18:54:42,194 [Listener at 127.0.0.1/35407] INFO  metrics.RatisMetrics (RatisMetrics.java:unregister(43)) - Unregistering Metrics Registry : ratis.leader_election.6bd27ae7-81f7-4e18-bc38-6f66a3d01c25@group-940FA5E2F0D0
2021-06-23 18:54:42,194 [Listener at 127.0.0.1/35407] INFO  metrics.RatisMetrics (RatisMetrics.java:unregister(43)) - Unregistering Metrics Registry : ratis.server.6bd27ae7-81f7-4e18-bc38-6f66a3d01c25@group-940FA5E2F0D0
2021-06-23 18:54:42,194 [Listener at 127.0.0.1/35407] INFO  server.RaftServer$Division (RaftServerImpl.java:lambda$close$4(406)) - 6bd27ae7-81f7-4e18-bc38-6f66a3d01c25@group-2DE7CEC348BC: shutdown
2021-06-23 18:54:42,195 [Listener at 127.0.0.1/35407] INFO  util.JmxRegister (JmxRegister.java:unregister(73)) - Successfully un-registered JMX Bean with object name Ratis:service=RaftServer,group=group-2DE7CEC348BC,id=6bd27ae7-81f7-4e18-bc38-6f66a3d01c25
2021-06-23 18:54:42,195 [Listener at 127.0.0.1/35407] INFO  impl.RoleInfo (RoleInfo.java:shutdownLeaderState(91)) - 6bd27ae7-81f7-4e18-bc38-6f66a3d01c25: shutdown 6bd27ae7-81f7-4e18-bc38-6f66a3d01c25@group-2DE7CEC348BC-LeaderStateImpl
2021-06-23 18:54:42,195 [Listener at 127.0.0.1/35407] INFO  metrics.RatisMetrics (RatisMetrics.java:unregister(43)) - Unregistering Metrics Registry : ratis_grpc.log_appender.6bd27ae7-81f7-4e18-bc38-6f66a3d01c25@group-2DE7CEC348BC
2021-06-23 18:54:42,195 [6bd27ae7-81f7-4e18-bc38-6f66a3d01c25@group-2DE7CEC348BC->b5670674-baf7-4651-a658-bd3fb004b3cf-GrpcLogAppender-LogAppenderDaemon] WARN  server.GrpcLogAppender (GrpcLogAppender.java:mayWait(175)) - 6bd27ae7-81f7-4e18-bc38-6f66a3d01c25@group-2DE7CEC348BC->b5670674-baf7-4651-a658-bd3fb004b3cf-GrpcLogAppender: Wait interrupted by java.lang.InterruptedException
2021-06-23 18:54:42,196 [grpc-default-executor-3] INFO  server.GrpcServerProtocolService (GrpcServerProtocolService.java:onCompleted(140)) - b5670674-baf7-4651-a658-bd3fb004b3cf: Completed APPEND_ENTRIES, lastRequest: 6bd27ae7-81f7-4e18-bc38-6f66a3d01c25->b5670674-baf7-4651-a658-bd3fb004b3cf#1-t3,previous=(t:0, i:0),leaderCommit=-1,initializing? true,entries: size=1, first=(t:3, i:0), CONFIGURATIONENTRY
2021-06-23 18:54:42,197 [grpc-default-executor-4] INFO  server.GrpcLogAppender (GrpcLogAppender.java:onCompleted(344)) - 6bd27ae7-81f7-4e18-bc38-6f66a3d01c25@group-2DE7CEC348BC->b5670674-baf7-4651-a658-bd3fb004b3cf-AppendLogResponseHandler: follower responses appendEntries COMPLETED
2021-06-23 18:54:42,197 [grpc-default-executor-4] INFO  leader.FollowerInfo (FollowerInfoImpl.java:lambda$new$0(46)) - 6bd27ae7-81f7-4e18-bc38-6f66a3d01c25@group-2DE7CEC348BC->b5670674-baf7-4651-a658-bd3fb004b3cf: nextIndex: updateUnconditionally 1 -> 0
2021-06-23 18:54:42,197 [ForkJoinPool.commonPool-worker-0] INFO  ozoneimpl.OzoneContainer (OzoneContainer.java:stop(326)) - Attempting to stop container services.
2021-06-23 18:54:42,197 [ForkJoinPool.commonPool-worker-0] INFO  server.RaftServer (RaftServerProxy.java:lambda$close$6(391)) - e477ba1d-11c9-4e24-a1b5-67f71d65ae03: close
2021-06-23 18:54:42,197 [ForkJoinPool.commonPool-worker-0] INFO  server.RaftServer$Division (RaftServerImpl.java:lambda$close$4(406)) - e477ba1d-11c9-4e24-a1b5-67f71d65ae03@group-DD3CD69E62EB: shutdown
2021-06-23 18:54:42,197 [ForkJoinPool.commonPool-worker-0] INFO  util.JmxRegister (JmxRegister.java:unregister(73)) - Successfully un-registered JMX Bean with object name Ratis:service=RaftServer,group=group-DD3CD69E62EB,id=e477ba1d-11c9-4e24-a1b5-67f71d65ae03
2021-06-23 18:54:42,197 [ForkJoinPool.commonPool-worker-0] INFO  impl.RoleInfo (RoleInfo.java:shutdownFollowerState(108)) - e477ba1d-11c9-4e24-a1b5-67f71d65ae03: shutdown e477ba1d-11c9-4e24-a1b5-67f71d65ae03@group-DD3CD69E62EB-FollowerState
2021-06-23 18:54:42,197 [ForkJoinPool.commonPool-worker-0] INFO  impl.StateMachineUpdater (StateMachineUpdater.java:stopAndJoin(149)) - e477ba1d-11c9-4e24-a1b5-67f71d65ae03@group-DD3CD69E62EB-StateMachineUpdater: set stopIndex = 2
2021-06-23 18:54:42,198 [e477ba1d-11c9-4e24-a1b5-67f71d65ae03@group-DD3CD69E62EB-FollowerState] INFO  impl.FollowerState (FollowerState.java:run(143)) - e477ba1d-11c9-4e24-a1b5-67f71d65ae03@group-DD3CD69E62EB-FollowerState was interrupted: {}
java.lang.InterruptedException: sleep interrupted
	at java.lang.Thread.sleep(Native Method)
	at java.lang.Thread.sleep(Thread.java:340)
	at java.util.concurrent.TimeUnit.sleep(TimeUnit.java:386)
	at org.apache.ratis.util.TimeDuration.sleep(TimeDuration.java:324)
	at org.apache.ratis.util.TimeDuration.sleep(TimeDuration.java:309)
	at org.apache.ratis.server.impl.FollowerState.run(FollowerState.java:118)
2021-06-23 18:54:42,198 [e477ba1d-11c9-4e24-a1b5-67f71d65ae03@group-DD3CD69E62EB-StateMachineUpdater] INFO  ratis.ContainerStateMachine (ContainerStateMachine.java:takeSnapshot(291)) - group-DD3CD69E62EB: Taking a snapshot at:(t:6, i:2) file /home/runner/work/ozone/ozone/mnt/ozone/hadoop-ozone/integration-test/target/test-dir/MiniOzoneClusterImpl-2ba833d5-1ba9-439d-9c86-26ba043c4450/datanode-1/data/ratis/a388f249-99f9-4637-b8a3-dd3cd69e62eb/sm/snapshot.6_2
2021-06-23 18:54:42,198 [Listener at 127.0.0.1/35407] INFO  metrics.RatisMetrics (RatisMetrics.java:unregister(43)) - Unregistering Metrics Registry : ratis_grpc.log_appender.6bd27ae7-81f7-4e18-bc38-6f66a3d01c25@group-2DE7CEC348BC
2021-06-23 18:54:42,198 [e477ba1d-11c9-4e24-a1b5-67f71d65ae03@group-DD3CD69E62EB-StateMachineUpdater] INFO  ratis.ContainerStateMachine (ContainerStateMachine.java:takeSnapshot(302)) - group-DD3CD69E62EB: Finished taking a snapshot at:(t:6, i:2) file:/home/runner/work/ozone/ozone/mnt/ozone/hadoop-ozone/integration-test/target/test-dir/MiniOzoneClusterImpl-2ba833d5-1ba9-439d-9c86-26ba043c4450/datanode-1/data/ratis/a388f249-99f9-4637-b8a3-dd3cd69e62eb/sm/snapshot.6_2 took: 0 ms
2021-06-23 18:54:42,198 [e477ba1d-11c9-4e24-a1b5-67f71d65ae03@group-DD3CD69E62EB-StateMachineUpdater] INFO  impl.StateMachineUpdater (StateMachineUpdater.java:takeSnapshot(281)) - e477ba1d-11c9-4e24-a1b5-67f71d65ae03@group-DD3CD69E62EB-StateMachineUpdater: Took a snapshot at index 2
2021-06-23 18:54:42,198 [e477ba1d-11c9-4e24-a1b5-67f71d65ae03@group-DD3CD69E62EB-StateMachineUpdater] INFO  impl.StateMachineUpdater (StateMachineUpdater.java:lambda$new$0(89)) - e477ba1d-11c9-4e24-a1b5-67f71d65ae03@group-DD3CD69E62EB-StateMachineUpdater: snapshotIndex: updateIncreasingly -1 -> 2
2021-06-23 18:54:42,199 [e477ba1d-11c9-4e24-a1b5-67f71d65ae03@group-DD3CD69E62EB-StateMachineUpdater] INFO  metrics.RatisMetrics (RatisMetrics.java:unregister(43)) - Unregistering Metrics Registry : ratis.state_machine.e477ba1d-11c9-4e24-a1b5-67f71d65ae03@group-DD3CD69E62EB
2021-06-23 18:54:42,199 [ForkJoinPool.commonPool-worker-0] INFO  server.RaftServer$Division (ServerState.java:close(405)) - e477ba1d-11c9-4e24-a1b5-67f71d65ae03@group-DD3CD69E62EB: closes. applyIndex: 2
2021-06-23 18:54:42,199 [e477ba1d-11c9-4e24-a1b5-67f71d65ae03@group-DD3CD69E62EB-SegmentedRaftLogWorker] INFO  segmented.SegmentedRaftLogWorker (SegmentedRaftLogWorker.java:run(327)) - e477ba1d-11c9-4e24-a1b5-67f71d65ae03@group-DD3CD69E62EB-SegmentedRaftLogWorker was interrupted, exiting. There are 0 tasks remaining in the queue.
2021-06-23 18:54:42,199 [ForkJoinPool.commonPool-worker-0] INFO  segmented.SegmentedRaftLogWorker (SegmentedRaftLogWorker.java:close(237)) - e477ba1d-11c9-4e24-a1b5-67f71d65ae03@group-DD3CD69E62EB-SegmentedRaftLogWorker close()
2021-06-23 18:54:42,199 [ForkJoinPool.commonPool-worker-0] INFO  metrics.RatisMetrics (RatisMetrics.java:unregister(43)) - Unregistering Metrics Registry : ratis.log_worker.e477ba1d-11c9-4e24-a1b5-67f71d65ae03@group-DD3CD69E62EB
2021-06-23 18:54:42,199 [ForkJoinPool.commonPool-worker-0] INFO  metrics.RatisMetrics (RatisMetrics.java:unregister(43)) - Unregistering Metrics Registry : ratis.leader_election.e477ba1d-11c9-4e24-a1b5-67f71d65ae03@group-DD3CD69E62EB
2021-06-23 18:54:42,199 [ForkJoinPool.commonPool-worker-0] INFO  metrics.RatisMetrics (RatisMetrics.java:unregister(43)) - Unregistering Metrics Registry : ratis.server.e477ba1d-11c9-4e24-a1b5-67f71d65ae03@group-DD3CD69E62EB
2021-06-23 18:54:42,199 [ForkJoinPool.commonPool-worker-0] INFO  server.RaftServer$Division (RaftServerImpl.java:lambda$close$4(406)) - e477ba1d-11c9-4e24-a1b5-67f71d65ae03@group-62CEF9D40F83: shutdown
2021-06-23 18:54:42,200 [ForkJoinPool.commonPool-worker-0] INFO  util.JmxRegister (JmxRegister.java:unregister(73)) - Successfully un-registered JMX Bean with object name Ratis:service=RaftServer,group=group-62CEF9D40F83,id=e477ba1d-11c9-4e24-a1b5-67f71d65ae03
2021-06-23 18:54:42,200 [ForkJoinPool.commonPool-worker-0] INFO  impl.RoleInfo (RoleInfo.java:shutdownLeaderState(91)) - e477ba1d-11c9-4e24-a1b5-67f71d65ae03: shutdown e477ba1d-11c9-4e24-a1b5-67f71d65ae03@group-62CEF9D40F83-LeaderStateImpl
2021-06-23 18:54:42,200 [ForkJoinPool.commonPool-worker-0] INFO  impl.PendingRequests (PendingRequests.java:sendNotLeaderResponses(249)) - e477ba1d-11c9-4e24-a1b5-67f71d65ae03@group-62CEF9D40F83-PendingRequests: sendNotLeaderResponses
2021-06-23 18:54:42,200 [ForkJoinPool.commonPool-worker-0] INFO  metrics.RatisMetrics (RatisMetrics.java:unregister(43)) - Unregistering Metrics Registry : ratis.log_appender.e477ba1d-11c9-4e24-a1b5-67f71d65ae03@group-62CEF9D40F83
2021-06-23 18:54:42,200 [ForkJoinPool.commonPool-worker-0] INFO  metrics.RatisMetrics (RatisMetrics.java:unregister(43)) - Unregistering Metrics Registry : ratis.server.e477ba1d-11c9-4e24-a1b5-67f71d65ae03@group-62CEF9D40F83
2021-06-23 18:54:42,200 [e477ba1d-11c9-4e24-a1b5-67f71d65ae03@group-62CEF9D40F83-StateMachineUpdater] INFO  ratis.ContainerStateMachine (ContainerStateMachine.java:takeSnapshot(291)) - group-62CEF9D40F83: Taking a snapshot at:(t:1, i:0) file /home/runner/work/ozone/ozone/mnt/ozone/hadoop-ozone/integration-test/target/test-dir/MiniOzoneClusterImpl-2ba833d5-1ba9-439d-9c86-26ba043c4450/datanode-1/data/ratis/f063a1f7-0470-4314-b181-62cef9d40f83/sm/snapshot.1_0
2021-06-23 18:54:42,201 [ForkJoinPool.commonPool-worker-0] INFO  impl.StateMachineUpdater (StateMachineUpdater.java:stopAndJoin(149)) - e477ba1d-11c9-4e24-a1b5-67f71d65ae03@group-62CEF9D40F83-StateMachineUpdater: set stopIndex = 0
2021-06-23 18:54:42,201 [Listener at 127.0.0.1/35407] INFO  impl.PendingRequests (PendingRequests.java:sendNotLeaderResponses(249)) - 6bd27ae7-81f7-4e18-bc38-6f66a3d01c25@group-2DE7CEC348BC-PendingRequests: sendNotLeaderResponses
2021-06-23 18:54:42,201 [e477ba1d-11c9-4e24-a1b5-67f71d65ae03@group-62CEF9D40F83-StateMachineUpdater] INFO  ratis.ContainerStateMachine (ContainerStateMachine.java:takeSnapshot(302)) - group-62CEF9D40F83: Finished taking a snapshot at:(t:1, i:0) file:/home/runner/work/ozone/ozone/mnt/ozone/hadoop-ozone/integration-test/target/test-dir/MiniOzoneClusterImpl-2ba833d5-1ba9-439d-9c86-26ba043c4450/datanode-1/data/ratis/f063a1f7-0470-4314-b181-62cef9d40f83/sm/snapshot.1_0 took: 0 ms
2021-06-23 18:54:42,201 [e477ba1d-11c9-4e24-a1b5-67f71d65ae03@group-62CEF9D40F83-StateMachineUpdater] INFO  impl.StateMachineUpdater (StateMachineUpdater.java:takeSnapshot(281)) - e477ba1d-11c9-4e24-a1b5-67f71d65ae03@group-62CEF9D40F83-StateMachineUpdater: Took a snapshot at index 0
2021-06-23 18:54:42,202 [e477ba1d-11c9-4e24-a1b5-67f71d65ae03@group-62CEF9D40F83-StateMachineUpdater] INFO  impl.StateMachineUpdater (StateMachineUpdater.java:lambda$new$0(89)) - e477ba1d-11c9-4e24-a1b5-67f71d65ae03@group-62CEF9D40F83-StateMachineUpdater: snapshotIndex: updateIncreasingly -1 -> 0
2021-06-23 18:54:42,202 [e477ba1d-11c9-4e24-a1b5-67f71d65ae03@group-62CEF9D40F83-StateMachineUpdater] INFO  metrics.RatisMetrics (RatisMetrics.java:unregister(43)) - Unregistering Metrics Registry : ratis.state_machine.e477ba1d-11c9-4e24-a1b5-67f71d65ae03@group-62CEF9D40F83
2021-06-23 18:54:42,202 [ForkJoinPool.commonPool-worker-0] INFO  server.RaftServer$Division (ServerState.java:close(405)) - e477ba1d-11c9-4e24-a1b5-67f71d65ae03@group-62CEF9D40F83: closes. applyIndex: 0
2021-06-23 18:54:42,202 [Listener at 127.0.0.1/35407] INFO  metrics.RatisMetrics (RatisMetrics.java:unregister(43)) - Unregistering Metrics Registry : ratis.log_appender.6bd27ae7-81f7-4e18-bc38-6f66a3d01c25@group-2DE7CEC348BC
2021-06-23 18:54:42,202 [e477ba1d-11c9-4e24-a1b5-67f71d65ae03@group-62CEF9D40F83-SegmentedRaftLogWorker] INFO  segmented.SegmentedRaftLogWorker (SegmentedRaftLogWorker.java:run(327)) - e477ba1d-11c9-4e24-a1b5-67f71d65ae03@group-62CEF9D40F83-SegmentedRaftLogWorker was interrupted, exiting. There are 0 tasks remaining in the queue.
2021-06-23 18:54:42,202 [ForkJoinPool.commonPool-worker-0] INFO  segmented.SegmentedRaftLogWorker (SegmentedRaftLogWorker.java:close(237)) - e477ba1d-11c9-4e24-a1b5-67f71d65ae03@group-62CEF9D40F83-SegmentedRaftLogWorker close()
2021-06-23 18:54:42,202 [ForkJoinPool.commonPool-worker-0] INFO  metrics.RatisMetrics (RatisMetrics.java:unregister(43)) - Unregistering Metrics Registry : ratis.log_worker.e477ba1d-11c9-4e24-a1b5-67f71d65ae03@group-62CEF9D40F83
2021-06-23 18:54:42,202 [ForkJoinPool.commonPool-worker-0] INFO  metrics.RatisMetrics (RatisMetrics.java:unregister(43)) - Unregistering Metrics Registry : ratis.leader_election.e477ba1d-11c9-4e24-a1b5-67f71d65ae03@group-62CEF9D40F83
2021-06-23 18:54:42,203 [ForkJoinPool.commonPool-worker-0] INFO  metrics.RatisMetrics (RatisMetrics.java:unregister(43)) - Unregistering Metrics Registry : ratis.server.e477ba1d-11c9-4e24-a1b5-67f71d65ae03@group-62CEF9D40F83
2021-06-23 18:54:42,203 [ForkJoinPool.commonPool-worker-0] INFO  server.GrpcService (GrpcService.java:closeImpl(262)) - e477ba1d-11c9-4e24-a1b5-67f71d65ae03: shutdown server with port 46371 now
2021-06-23 18:54:42,202 [Listener at 127.0.0.1/35407] INFO  metrics.RatisMetrics (RatisMetrics.java:unregister(43)) - Unregistering Metrics Registry : ratis.server.6bd27ae7-81f7-4e18-bc38-6f66a3d01c25@group-2DE7CEC348BC
2021-06-23 18:54:42,204 [6bd27ae7-81f7-4e18-bc38-6f66a3d01c25@group-2DE7CEC348BC-StateMachineUpdater] INFO  ratis.ContainerStateMachine (ContainerStateMachine.java:takeSnapshot(291)) - group-2DE7CEC348BC: Taking a snapshot at:(t:3, i:0) file /home/runner/work/ozone/ozone/mnt/ozone/hadoop-ozone/integration-test/target/test-dir/MiniOzoneClusterImpl-2ba833d5-1ba9-439d-9c86-26ba043c4450/datanode-8/data/ratis/94502484-9e38-40d3-aad9-2de7cec348bc/sm/snapshot.3_0
2021-06-23 18:54:42,204 [Listener at 127.0.0.1/35407] INFO  impl.StateMachineUpdater (StateMachineUpdater.java:stopAndJoin(149)) - 6bd27ae7-81f7-4e18-bc38-6f66a3d01c25@group-2DE7CEC348BC-StateMachineUpdater: set stopIndex = 0
2021-06-23 18:54:42,204 [6bd27ae7-81f7-4e18-bc38-6f66a3d01c25@group-2DE7CEC348BC-StateMachineUpdater] INFO  ratis.ContainerStateMachine (ContainerStateMachine.java:takeSnapshot(302)) - group-2DE7CEC348BC: Finished taking a snapshot at:(t:3, i:0) file:/home/runner/work/ozone/ozone/mnt/ozone/hadoop-ozone/integration-test/target/test-dir/MiniOzoneClusterImpl-2ba833d5-1ba9-439d-9c86-26ba043c4450/datanode-8/data/ratis/94502484-9e38-40d3-aad9-2de7cec348bc/sm/snapshot.3_0 took: 1 ms
2021-06-23 18:54:42,205 [6bd27ae7-81f7-4e18-bc38-6f66a3d01c25@group-2DE7CEC348BC-StateMachineUpdater] INFO  impl.StateMachineUpdater (StateMachineUpdater.java:takeSnapshot(281)) - 6bd27ae7-81f7-4e18-bc38-6f66a3d01c25@group-2DE7CEC348BC-StateMachineUpdater: Took a snapshot at index 0
2021-06-23 18:54:42,205 [6bd27ae7-81f7-4e18-bc38-6f66a3d01c25@group-2DE7CEC348BC-StateMachineUpdater] INFO  impl.StateMachineUpdater (StateMachineUpdater.java:lambda$new$0(89)) - 6bd27ae7-81f7-4e18-bc38-6f66a3d01c25@group-2DE7CEC348BC-StateMachineUpdater: snapshotIndex: updateIncreasingly -1 -> 0
2021-06-23 18:54:42,205 [6bd27ae7-81f7-4e18-bc38-6f66a3d01c25@group-2DE7CEC348BC-StateMachineUpdater] INFO  metrics.RatisMetrics (RatisMetrics.java:unregister(43)) - Unregistering Metrics Registry : ratis.state_machine.6bd27ae7-81f7-4e18-bc38-6f66a3d01c25@group-2DE7CEC348BC
2021-06-23 18:54:42,205 [Listener at 127.0.0.1/35407] INFO  server.RaftServer$Division (ServerState.java:close(405)) - 6bd27ae7-81f7-4e18-bc38-6f66a3d01c25@group-2DE7CEC348BC: closes. applyIndex: 0
2021-06-23 18:54:42,205 [6bd27ae7-81f7-4e18-bc38-6f66a3d01c25@group-2DE7CEC348BC-SegmentedRaftLogWorker] INFO  segmented.SegmentedRaftLogWorker (SegmentedRaftLogWorker.java:run(327)) - 6bd27ae7-81f7-4e18-bc38-6f66a3d01c25@group-2DE7CEC348BC-SegmentedRaftLogWorker was interrupted, exiting. There are 0 tasks remaining in the queue.
2021-06-23 18:54:42,207 [Listener at 127.0.0.1/35407] INFO  segmented.SegmentedRaftLogWorker (SegmentedRaftLogWorker.java:close(237)) - 6bd27ae7-81f7-4e18-bc38-6f66a3d01c25@group-2DE7CEC348BC-SegmentedRaftLogWorker close()
2021-06-23 18:54:42,208 [Listener at 127.0.0.1/35407] INFO  metrics.RatisMetrics (RatisMetrics.java:unregister(43)) - Unregistering Metrics Registry : ratis.log_worker.6bd27ae7-81f7-4e18-bc38-6f66a3d01c25@group-2DE7CEC348BC
2021-06-23 18:54:42,209 [Listener at 127.0.0.1/35407] INFO  metrics.RatisMetrics (RatisMetrics.java:unregister(43)) - Unregistering Metrics Registry : ratis.leader_election.6bd27ae7-81f7-4e18-bc38-6f66a3d01c25@group-2DE7CEC348BC
2021-06-23 18:54:42,212 [ForkJoinPool.commonPool-worker-0] INFO  server.GrpcService (GrpcService.java:closeImpl(271)) - e477ba1d-11c9-4e24-a1b5-67f71d65ae03: shutdown server with port 46371 successfully
2021-06-23 18:54:42,215 [org.apache.ratis.util.JvmPauseMonitor$$Lambda$513/1463400452@62e511fc] INFO  util.JvmPauseMonitor (JvmPauseMonitor.java:run(109)) - JvmPauseMonitor-e477ba1d-11c9-4e24-a1b5-67f71d65ae03: Stopped
2021-06-23 18:54:42,215 [Listener at 127.0.0.1/35407] INFO  metrics.RatisMetrics (RatisMetrics.java:unregister(43)) - Unregistering Metrics Registry : ratis.server.6bd27ae7-81f7-4e18-bc38-6f66a3d01c25@group-2DE7CEC348BC
2021-06-23 18:54:42,217 [ForkJoinPool.commonPool-worker-0] INFO  utils.BackgroundService (BackgroundService.java:shutdown(132)) - Shutting down service BlockDeletingService
2021-06-23 18:54:42,217 [Listener at 127.0.0.1/35407] INFO  server.GrpcService (GrpcService.java:closeImpl(262)) - 6bd27ae7-81f7-4e18-bc38-6f66a3d01c25: shutdown server with port 36253 now
2021-06-23 18:54:42,219 [ForkJoinPool.commonPool-worker-0] INFO  statemachine.DatanodeStateMachine (DatanodeStateMachine.java:stopDaemon(488)) - Ozone container server stopped.
2021-06-23 18:54:42,222 [ForkJoinPool.commonPool-worker-0] INFO  handler.ContextHandler (ContextHandler.java:doStop(1154)) - Stopped o.e.j.w.WebAppContext@33587cb8{hddsDatanode,/,null,STOPPED}{jar:file:/home/runner/.m2/repository/org/apache/ozone/hdds-container-service/1.2.0-SNAPSHOT/hdds-container-service-1.2.0-SNAPSHOT.jar!/webapps/hddsDatanode}
2021-06-23 18:54:42,224 [Listener at 127.0.0.1/35407] INFO  server.GrpcService (GrpcService.java:closeImpl(271)) - 6bd27ae7-81f7-4e18-bc38-6f66a3d01c25: shutdown server with port 36253 successfully
2021-06-23 18:54:42,224 [org.apache.ratis.util.JvmPauseMonitor$$Lambda$513/1463400452@edc2742] INFO  util.JvmPauseMonitor (JvmPauseMonitor.java:run(109)) - JvmPauseMonitor-6bd27ae7-81f7-4e18-bc38-6f66a3d01c25: Stopped
2021-06-23 18:54:42,225 [ForkJoinPool.commonPool-worker-0] INFO  server.AbstractConnector (AbstractConnector.java:doStop(381)) - Stopped ServerConnector@77dbb932{HTTP/1.1, (http/1.1)}{0.0.0.0:0}
2021-06-23 18:54:42,225 [ForkJoinPool.commonPool-worker-0] INFO  server.session (HouseKeeper.java:stopScavenging(149)) - node0 Stopped scavenging
2021-06-23 18:54:42,226 [ForkJoinPool.commonPool-worker-0] INFO  handler.ContextHandler (ContextHandler.java:doStop(1154)) - Stopped o.e.j.s.ServletContextHandler@78c93cdc{static,/static,jar:file:/home/runner/.m2/repository/org/apache/ozone/hdds-container-service/1.2.0-SNAPSHOT/hdds-container-service-1.2.0-SNAPSHOT.jar!/webapps/static,STOPPED}
2021-06-23 18:54:42,227 [ForkJoinPool.commonPool-worker-0] INFO  handler.ContextHandler (ContextHandler.java:doStop(1154)) - Stopped o.e.j.s.ServletContextHandler@2419f457{logs,/logs,file:///home/runner/work/ozone/ozone/mnt/ozone/hadoop-ozone/integration-test/target/log,STOPPED}
2021-06-23 18:54:42,227 [Listener at 127.0.0.1/35407] INFO  utils.BackgroundService (BackgroundService.java:shutdown(132)) - Shutting down service BlockDeletingService
2021-06-23 18:54:42,230 [Listener at 127.0.0.1/35407] INFO  statemachine.DatanodeStateMachine (DatanodeStateMachine.java:stopDaemon(488)) - Ozone container server stopped.
2021-06-23 18:54:42,231 [Listener at 127.0.0.1/35407] INFO  handler.ContextHandler (ContextHandler.java:doStop(1154)) - Stopped o.e.j.w.WebAppContext@1b8f56cd{hddsDatanode,/,null,STOPPED}{jar:file:/home/runner/.m2/repository/org/apache/ozone/hdds-container-service/1.2.0-SNAPSHOT/hdds-container-service-1.2.0-SNAPSHOT.jar!/webapps/hddsDatanode}
2021-06-23 18:54:42,231 [Listener at 127.0.0.1/35407] INFO  server.AbstractConnector (AbstractConnector.java:doStop(381)) - Stopped ServerConnector@79779c55{HTTP/1.1, (http/1.1)}{0.0.0.0:0}
2021-06-23 18:54:42,232 [Listener at 127.0.0.1/35407] INFO  server.session (HouseKeeper.java:stopScavenging(149)) - node0 Stopped scavenging
2021-06-23 18:54:42,232 [Listener at 127.0.0.1/35407] INFO  handler.ContextHandler (ContextHandler.java:doStop(1154)) - Stopped o.e.j.s.ServletContextHandler@21f77c80{static,/static,jar:file:/home/runner/.m2/repository/org/apache/ozone/hdds-container-service/1.2.0-SNAPSHOT/hdds-container-service-1.2.0-SNAPSHOT.jar!/webapps/static,STOPPED}
2021-06-23 18:54:42,233 [Listener at 127.0.0.1/35407] INFO  handler.ContextHandler (ContextHandler.java:doStop(1154)) - Stopped o.e.j.s.ServletContextHandler@19d27788{logs,/logs,file:///home/runner/work/ozone/ozone/mnt/ozone/hadoop-ozone/integration-test/target/log,STOPPED}
2021-06-23 18:54:42,933 [Datanode State Machine Thread - 0] INFO  statemachine.DatanodeStateMachine (DatanodeStateMachine.java:lambda$startDaemon$0(430)) - Ozone container server started.
2021-06-23 18:54:45,907 [b5670674-baf7-4651-a658-bd3fb004b3cf@group-2DE7CEC348BC-FollowerState] INFO  impl.FollowerState (FollowerState.java:run(134)) - b5670674-baf7-4651-a658-bd3fb004b3cf@group-2DE7CEC348BC-FollowerState: change to CANDIDATE, lastRpcElapsedTime:5792194563ns, electionTimeout:5178ms
2021-06-23 18:54:45,908 [b5670674-baf7-4651-a658-bd3fb004b3cf@group-2DE7CEC348BC-FollowerState] INFO  impl.RoleInfo (RoleInfo.java:shutdownFollowerState(108)) - b5670674-baf7-4651-a658-bd3fb004b3cf: shutdown b5670674-baf7-4651-a658-bd3fb004b3cf@group-2DE7CEC348BC-FollowerState
2021-06-23 18:54:45,908 [b5670674-baf7-4651-a658-bd3fb004b3cf@group-2DE7CEC348BC-FollowerState] INFO  server.RaftServer$Division (RaftServerImpl.java:setRole(284)) - b5670674-baf7-4651-a658-bd3fb004b3cf@group-2DE7CEC348BC: changes role from  FOLLOWER to CANDIDATE at term 3 for changeToCandidate
2021-06-23 18:54:45,908 [b5670674-baf7-4651-a658-bd3fb004b3cf@group-2DE7CEC348BC-FollowerState] INFO  server.RaftServerConfigKeys (ConfUtils.java:logGet(44)) - raft.server.leaderelection.pre-vote = false (custom)
2021-06-23 18:54:45,908 [b5670674-baf7-4651-a658-bd3fb004b3cf@group-2DE7CEC348BC-FollowerState] INFO  impl.RoleInfo (RoleInfo.java:updateAndGet(130)) - b5670674-baf7-4651-a658-bd3fb004b3cf: start b5670674-baf7-4651-a658-bd3fb004b3cf@group-2DE7CEC348BC-LeaderElection49
2021-06-23 18:54:45,908 [b5670674-baf7-4651-a658-bd3fb004b3cf@group-2DE7CEC348BC-LeaderElection49] INFO  server.RaftServer$Division (ServerState.java:setLeader(271)) - b5670674-baf7-4651-a658-bd3fb004b3cf@group-2DE7CEC348BC: change Leader from 6bd27ae7-81f7-4e18-bc38-6f66a3d01c25 to null at term 3 for ELECTION
2021-06-23 18:54:45,910 [b5670674-baf7-4651-a658-bd3fb004b3cf@group-2DE7CEC348BC-LeaderElection49] INFO  impl.LeaderElection (LeaderElection.java:askForVotes(306)) - b5670674-baf7-4651-a658-bd3fb004b3cf@group-2DE7CEC348BC-LeaderElection49 ELECTION round 0: submit vote requests at term 4 for 0: [6bd27ae7-81f7-4e18-bc38-6f66a3d01c25|rpc:10.1.0.43:36253|dataStream:|priority:1, b5670674-baf7-4651-a658-bd3fb004b3cf|rpc:10.1.0.43:37311|dataStream:|priority:0, c3729649-2bd6-4731-9653-79fd1afe8c9e|rpc:10.1.0.43:39095|dataStream:|priority:0], old=null
2021-06-23 18:54:45,914 [b5670674-baf7-4651-a658-bd3fb004b3cf@group-2DE7CEC348BC-LeaderElection49] INFO  impl.LeaderElection (LogUtils.java:infoOrTrace(137)) - b5670674-baf7-4651-a658-bd3fb004b3cf@group-2DE7CEC348BC-LeaderElection49 got exception when requesting votes: java.util.concurrent.ExecutionException: org.apache.ratis.thirdparty.io.grpc.StatusRuntimeException: UNAVAILABLE: io exception
2021-06-23 18:54:45,914 [b5670674-baf7-4651-a658-bd3fb004b3cf@group-2DE7CEC348BC-LeaderElection49] INFO  impl.LeaderElection (LogUtils.java:infoOrTrace(137)) - b5670674-baf7-4651-a658-bd3fb004b3cf@group-2DE7CEC348BC-LeaderElection49 got exception when requesting votes: java.util.concurrent.ExecutionException: org.apache.ratis.thirdparty.io.grpc.StatusRuntimeException: UNAVAILABLE: io exception
2021-06-23 18:54:45,914 [b5670674-baf7-4651-a658-bd3fb004b3cf@group-2DE7CEC348BC-LeaderElection49] INFO  impl.LeaderElection (LeaderElection.java:logAndReturn(89)) - b5670674-baf7-4651-a658-bd3fb004b3cf@group-2DE7CEC348BC-LeaderElection49: ELECTION REJECTED received 0 response(s) and 2 exception(s):
2021-06-23 18:54:45,914 [b5670674-baf7-4651-a658-bd3fb004b3cf@group-2DE7CEC348BC-LeaderElection49] INFO  impl.LeaderElection (LogUtils.java:infoOrTrace(137)) -   Exception 0: java.util.concurrent.ExecutionException: org.apache.ratis.thirdparty.io.grpc.StatusRuntimeException: UNAVAILABLE: io exception
2021-06-23 18:54:45,914 [b5670674-baf7-4651-a658-bd3fb004b3cf@group-2DE7CEC348BC-LeaderElection49] INFO  impl.LeaderElection (LogUtils.java:infoOrTrace(137)) -   Exception 1: java.util.concurrent.ExecutionException: org.apache.ratis.thirdparty.io.grpc.StatusRuntimeException: UNAVAILABLE: io exception
2021-06-23 18:54:45,914 [b5670674-baf7-4651-a658-bd3fb004b3cf@group-2DE7CEC348BC-LeaderElection49] INFO  impl.LeaderElection (LeaderElection.java:askForVotes(308)) - b5670674-baf7-4651-a658-bd3fb004b3cf@group-2DE7CEC348BC-LeaderElection49 ELECTION round 0: result REJECTED
2021-06-23 18:54:45,914 [b5670674-baf7-4651-a658-bd3fb004b3cf@group-2DE7CEC348BC-LeaderElection49] INFO  server.RaftServer$Division (RaftServerImpl.java:setRole(284)) - b5670674-baf7-4651-a658-bd3fb004b3cf@group-2DE7CEC348BC: changes role from CANDIDATE to FOLLOWER at term 4 for REJECTED
2021-06-23 18:54:45,914 [b5670674-baf7-4651-a658-bd3fb004b3cf@group-2DE7CEC348BC-LeaderElection49] INFO  impl.RoleInfo (RoleInfo.java:shutdownLeaderElection(121)) - b5670674-baf7-4651-a658-bd3fb004b3cf: shutdown b5670674-baf7-4651-a658-bd3fb004b3cf@group-2DE7CEC348BC-LeaderElection49
2021-06-23 18:54:45,915 [b5670674-baf7-4651-a658-bd3fb004b3cf@group-2DE7CEC348BC-LeaderElection49] INFO  impl.RoleInfo (RoleInfo.java:updateAndGet(130)) - b5670674-baf7-4651-a658-bd3fb004b3cf: start b5670674-baf7-4651-a658-bd3fb004b3cf@group-2DE7CEC348BC-FollowerState
2021-06-23 18:54:47,229 [ForkJoinPool.commonPool-worker-0] INFO  ozoneimpl.OzoneContainer (OzoneContainer.java:stop(326)) - Attempting to stop container services.
2021-06-23 18:54:47,230 [ForkJoinPool.commonPool-worker-0] INFO  server.RaftServer (RaftServerProxy.java:lambda$close$6(391)) - b5670674-baf7-4651-a658-bd3fb004b3cf: close
2021-06-23 18:54:47,230 [ForkJoinPool.commonPool-worker-0] INFO  server.RaftServer$Division (RaftServerImpl.java:lambda$close$4(406)) - b5670674-baf7-4651-a658-bd3fb004b3cf@group-CE9E2CAF0213: shutdown
2021-06-23 18:54:47,230 [ForkJoinPool.commonPool-worker-0] INFO  util.JmxRegister (JmxRegister.java:unregister(73)) - Successfully un-registered JMX Bean with object name Ratis:service=RaftServer,group=group-CE9E2CAF0213,id=b5670674-baf7-4651-a658-bd3fb004b3cf
2021-06-23 18:54:47,230 [ForkJoinPool.commonPool-worker-0] INFO  impl.RoleInfo (RoleInfo.java:shutdownLeaderState(91)) - b5670674-baf7-4651-a658-bd3fb004b3cf: shutdown b5670674-baf7-4651-a658-bd3fb004b3cf@group-CE9E2CAF0213-LeaderStateImpl
2021-06-23 18:54:47,230 [ForkJoinPool.commonPool-worker-0] INFO  impl.PendingRequests (PendingRequests.java:sendNotLeaderResponses(249)) - b5670674-baf7-4651-a658-bd3fb004b3cf@group-CE9E2CAF0213-PendingRequests: sendNotLeaderResponses
2021-06-23 18:54:47,230 [ForkJoinPool.commonPool-worker-0] INFO  metrics.RatisMetrics (RatisMetrics.java:unregister(43)) - Unregistering Metrics Registry : ratis.log_appender.b5670674-baf7-4651-a658-bd3fb004b3cf@group-CE9E2CAF0213
2021-06-23 18:54:47,231 [ForkJoinPool.commonPool-worker-0] INFO  metrics.RatisMetrics (RatisMetrics.java:unregister(43)) - Unregistering Metrics Registry : ratis.server.b5670674-baf7-4651-a658-bd3fb004b3cf@group-CE9E2CAF0213
2021-06-23 18:54:47,231 [ForkJoinPool.commonPool-worker-0] INFO  impl.StateMachineUpdater (StateMachineUpdater.java:stopAndJoin(149)) - b5670674-baf7-4651-a658-bd3fb004b3cf@group-CE9E2CAF0213-StateMachineUpdater: set stopIndex = 0
2021-06-23 18:54:47,231 [b5670674-baf7-4651-a658-bd3fb004b3cf@group-CE9E2CAF0213-StateMachineUpdater] INFO  ratis.ContainerStateMachine (ContainerStateMachine.java:takeSnapshot(291)) - group-CE9E2CAF0213: Taking a snapshot at:(t:1, i:0) file /home/runner/work/ozone/ozone/mnt/ozone/hadoop-ozone/integration-test/target/test-dir/MiniOzoneClusterImpl-2ba833d5-1ba9-439d-9c86-26ba043c4450/datanode-6/data/ratis/69abac1d-6099-4564-9181-ce9e2caf0213/sm/snapshot.1_0
2021-06-23 18:54:47,232 [b5670674-baf7-4651-a658-bd3fb004b3cf@group-CE9E2CAF0213-StateMachineUpdater] INFO  ratis.ContainerStateMachine (ContainerStateMachine.java:takeSnapshot(302)) - group-CE9E2CAF0213: Finished taking a snapshot at:(t:1, i:0) file:/home/runner/work/ozone/ozone/mnt/ozone/hadoop-ozone/integration-test/target/test-dir/MiniOzoneClusterImpl-2ba833d5-1ba9-439d-9c86-26ba043c4450/datanode-6/data/ratis/69abac1d-6099-4564-9181-ce9e2caf0213/sm/snapshot.1_0 took: 0 ms
2021-06-23 18:54:47,232 [b5670674-baf7-4651-a658-bd3fb004b3cf@group-CE9E2CAF0213-StateMachineUpdater] INFO  impl.StateMachineUpdater (StateMachineUpdater.java:takeSnapshot(281)) - b5670674-baf7-4651-a658-bd3fb004b3cf@group-CE9E2CAF0213-StateMachineUpdater: Took a snapshot at index 0
2021-06-23 18:54:47,232 [b5670674-baf7-4651-a658-bd3fb004b3cf@group-CE9E2CAF0213-StateMachineUpdater] INFO  impl.StateMachineUpdater (StateMachineUpdater.java:lambda$new$0(89)) - b5670674-baf7-4651-a658-bd3fb004b3cf@group-CE9E2CAF0213-StateMachineUpdater: snapshotIndex: updateIncreasingly -1 -> 0
2021-06-23 18:54:47,233 [b5670674-baf7-4651-a658-bd3fb004b3cf@group-CE9E2CAF0213-StateMachineUpdater] INFO  metrics.RatisMetrics (RatisMetrics.java:unregister(43)) - Unregistering Metrics Registry : ratis.state_machine.b5670674-baf7-4651-a658-bd3fb004b3cf@group-CE9E2CAF0213
2021-06-23 18:54:47,233 [ForkJoinPool.commonPool-worker-0] INFO  server.RaftServer$Division (ServerState.java:close(405)) - b5670674-baf7-4651-a658-bd3fb004b3cf@group-CE9E2CAF0213: closes. applyIndex: 0
2021-06-23 18:54:47,233 [b5670674-baf7-4651-a658-bd3fb004b3cf@group-CE9E2CAF0213-SegmentedRaftLogWorker] INFO  segmented.SegmentedRaftLogWorker (SegmentedRaftLogWorker.java:run(327)) - b5670674-baf7-4651-a658-bd3fb004b3cf@group-CE9E2CAF0213-SegmentedRaftLogWorker was interrupted, exiting. There are 0 tasks remaining in the queue.
2021-06-23 18:54:47,233 [ForkJoinPool.commonPool-worker-0] INFO  segmented.SegmentedRaftLogWorker (SegmentedRaftLogWorker.java:close(237)) - b5670674-baf7-4651-a658-bd3fb004b3cf@group-CE9E2CAF0213-SegmentedRaftLogWorker close()
2021-06-23 18:54:47,233 [ForkJoinPool.commonPool-worker-0] INFO  metrics.RatisMetrics (RatisMetrics.java:unregister(43)) - Unregistering Metrics Registry : ratis.log_worker.b5670674-baf7-4651-a658-bd3fb004b3cf@group-CE9E2CAF0213
2021-06-23 18:54:47,233 [ForkJoinPool.commonPool-worker-0] INFO  metrics.RatisMetrics (RatisMetrics.java:unregister(43)) - Unregistering Metrics Registry : ratis.leader_election.b5670674-baf7-4651-a658-bd3fb004b3cf@group-CE9E2CAF0213
2021-06-23 18:54:47,234 [ForkJoinPool.commonPool-worker-0] INFO  metrics.RatisMetrics (RatisMetrics.java:unregister(43)) - Unregistering Metrics Registry : ratis.server.b5670674-baf7-4651-a658-bd3fb004b3cf@group-CE9E2CAF0213
2021-06-23 18:54:47,234 [ForkJoinPool.commonPool-worker-0] INFO  server.RaftServer$Division (RaftServerImpl.java:lambda$close$4(406)) - b5670674-baf7-4651-a658-bd3fb004b3cf@group-2DE7CEC348BC: shutdown
2021-06-23 18:54:47,234 [ForkJoinPool.commonPool-worker-0] INFO  util.JmxRegister (JmxRegister.java:unregister(73)) - Successfully un-registered JMX Bean with object name Ratis:service=RaftServer,group=group-2DE7CEC348BC,id=b5670674-baf7-4651-a658-bd3fb004b3cf
2021-06-23 18:54:47,234 [ForkJoinPool.commonPool-worker-0] INFO  impl.RoleInfo (RoleInfo.java:shutdownFollowerState(108)) - b5670674-baf7-4651-a658-bd3fb004b3cf: shutdown b5670674-baf7-4651-a658-bd3fb004b3cf@group-2DE7CEC348BC-FollowerState
2021-06-23 18:54:47,234 [b5670674-baf7-4651-a658-bd3fb004b3cf@group-2DE7CEC348BC-FollowerState] INFO  impl.FollowerState (FollowerState.java:run(143)) - b5670674-baf7-4651-a658-bd3fb004b3cf@group-2DE7CEC348BC-FollowerState was interrupted: {}
java.lang.InterruptedException: sleep interrupted
	at java.lang.Thread.sleep(Native Method)
	at java.lang.Thread.sleep(Thread.java:340)
	at java.util.concurrent.TimeUnit.sleep(TimeUnit.java:386)
	at org.apache.ratis.util.TimeDuration.sleep(TimeDuration.java:324)
	at org.apache.ratis.util.TimeDuration.sleep(TimeDuration.java:309)
	at org.apache.ratis.server.impl.FollowerState.run(FollowerState.java:118)
2021-06-23 18:54:47,234 [ForkJoinPool.commonPool-worker-0] INFO  impl.StateMachineUpdater (StateMachineUpdater.java:stopAndJoin(149)) - b5670674-baf7-4651-a658-bd3fb004b3cf@group-2DE7CEC348BC-StateMachineUpdater: set stopIndex = 0
2021-06-23 18:54:47,234 [b5670674-baf7-4651-a658-bd3fb004b3cf@group-2DE7CEC348BC-StateMachineUpdater] INFO  ratis.ContainerStateMachine (ContainerStateMachine.java:takeSnapshot(291)) - group-2DE7CEC348BC: Taking a snapshot at:(t:3, i:0) file /home/runner/work/ozone/ozone/mnt/ozone/hadoop-ozone/integration-test/target/test-dir/MiniOzoneClusterImpl-2ba833d5-1ba9-439d-9c86-26ba043c4450/datanode-6/data/ratis/94502484-9e38-40d3-aad9-2de7cec348bc/sm/snapshot.3_0
2021-06-23 18:54:47,235 [b5670674-baf7-4651-a658-bd3fb004b3cf@group-2DE7CEC348BC-StateMachineUpdater] INFO  ratis.ContainerStateMachine (ContainerStateMachine.java:takeSnapshot(302)) - group-2DE7CEC348BC: Finished taking a snapshot at:(t:3, i:0) file:/home/runner/work/ozone/ozone/mnt/ozone/hadoop-ozone/integration-test/target/test-dir/MiniOzoneClusterImpl-2ba833d5-1ba9-439d-9c86-26ba043c4450/datanode-6/data/ratis/94502484-9e38-40d3-aad9-2de7cec348bc/sm/snapshot.3_0 took: 1 ms
2021-06-23 18:54:47,235 [b5670674-baf7-4651-a658-bd3fb004b3cf@group-2DE7CEC348BC-StateMachineUpdater] INFO  impl.StateMachineUpdater (StateMachineUpdater.java:takeSnapshot(281)) - b5670674-baf7-4651-a658-bd3fb004b3cf@group-2DE7CEC348BC-StateMachineUpdater: Took a snapshot at index 0
2021-06-23 18:54:47,235 [b5670674-baf7-4651-a658-bd3fb004b3cf@group-2DE7CEC348BC-StateMachineUpdater] INFO  impl.StateMachineUpdater (StateMachineUpdater.java:lambda$new$0(89)) - b5670674-baf7-4651-a658-bd3fb004b3cf@group-2DE7CEC348BC-StateMachineUpdater: snapshotIndex: updateIncreasingly -1 -> 0
2021-06-23 18:54:47,236 [b5670674-baf7-4651-a658-bd3fb004b3cf@group-2DE7CEC348BC-StateMachineUpdater] INFO  metrics.RatisMetrics (RatisMetrics.java:unregister(43)) - Unregistering Metrics Registry : ratis.state_machine.b5670674-baf7-4651-a658-bd3fb004b3cf@group-2DE7CEC348BC
2021-06-23 18:54:47,236 [ForkJoinPool.commonPool-worker-0] INFO  server.RaftServer$Division (ServerState.java:close(405)) - b5670674-baf7-4651-a658-bd3fb004b3cf@group-2DE7CEC348BC: closes. applyIndex: 0
2021-06-23 18:54:47,236 [b5670674-baf7-4651-a658-bd3fb004b3cf@group-2DE7CEC348BC-SegmentedRaftLogWorker] INFO  segmented.SegmentedRaftLogWorker (SegmentedRaftLogWorker.java:run(327)) - b5670674-baf7-4651-a658-bd3fb004b3cf@group-2DE7CEC348BC-SegmentedRaftLogWorker was interrupted, exiting. There are 0 tasks remaining in the queue.
2021-06-23 18:54:47,236 [ForkJoinPool.commonPool-worker-0] INFO  segmented.SegmentedRaftLogWorker (SegmentedRaftLogWorker.java:close(237)) - b5670674-baf7-4651-a658-bd3fb004b3cf@group-2DE7CEC348BC-SegmentedRaftLogWorker close()
2021-06-23 18:54:47,236 [ForkJoinPool.commonPool-worker-0] INFO  metrics.RatisMetrics (RatisMetrics.java:unregister(43)) - Unregistering Metrics Registry : ratis.log_worker.b5670674-baf7-4651-a658-bd3fb004b3cf@group-2DE7CEC348BC
2021-06-23 18:54:47,236 [ForkJoinPool.commonPool-worker-0] INFO  metrics.RatisMetrics (RatisMetrics.java:unregister(43)) - Unregistering Metrics Registry : ratis.leader_election.b5670674-baf7-4651-a658-bd3fb004b3cf@group-2DE7CEC348BC
2021-06-23 18:54:47,236 [ForkJoinPool.commonPool-worker-0] INFO  metrics.RatisMetrics (RatisMetrics.java:unregister(43)) - Unregistering Metrics Registry : ratis.server.b5670674-baf7-4651-a658-bd3fb004b3cf@group-2DE7CEC348BC
2021-06-23 18:54:47,237 [ForkJoinPool.commonPool-worker-0] INFO  server.GrpcService (GrpcService.java:closeImpl(262)) - b5670674-baf7-4651-a658-bd3fb004b3cf: shutdown server with port 37311 now
2021-06-23 18:54:47,242 [ForkJoinPool.commonPool-worker-0] INFO  server.GrpcService (GrpcService.java:closeImpl(271)) - b5670674-baf7-4651-a658-bd3fb004b3cf: shutdown server with port 37311 successfully
2021-06-23 18:54:47,242 [org.apache.ratis.util.JvmPauseMonitor$$Lambda$513/1463400452@36126f9f] INFO  util.JvmPauseMonitor (JvmPauseMonitor.java:run(109)) - JvmPauseMonitor-b5670674-baf7-4651-a658-bd3fb004b3cf: Stopped
2021-06-23 18:54:47,244 [ForkJoinPool.commonPool-worker-0] INFO  utils.BackgroundService (BackgroundService.java:shutdown(132)) - Shutting down service BlockDeletingService
2021-06-23 18:54:47,251 [ForkJoinPool.commonPool-worker-0] INFO  statemachine.DatanodeStateMachine (DatanodeStateMachine.java:stopDaemon(488)) - Ozone container server stopped.
2021-06-23 18:54:47,254 [ForkJoinPool.commonPool-worker-0] INFO  handler.ContextHandler (ContextHandler.java:doStop(1154)) - Stopped o.e.j.w.WebAppContext@65786553{hddsDatanode,/,null,STOPPED}{jar:file:/home/runner/.m2/repository/org/apache/ozone/hdds-container-service/1.2.0-SNAPSHOT/hdds-container-service-1.2.0-SNAPSHOT.jar!/webapps/hddsDatanode}
2021-06-23 18:54:47,254 [ForkJoinPool.commonPool-worker-0] INFO  server.AbstractConnector (AbstractConnector.java:doStop(381)) - Stopped ServerConnector@6bd9d056{HTTP/1.1, (http/1.1)}{0.0.0.0:0}
2021-06-23 18:54:47,255 [ForkJoinPool.commonPool-worker-0] INFO  server.session (HouseKeeper.java:stopScavenging(149)) - node0 Stopped scavenging
2021-06-23 18:54:47,255 [ForkJoinPool.commonPool-worker-0] INFO  handler.ContextHandler (ContextHandler.java:doStop(1154)) - Stopped o.e.j.s.ServletContextHandler@6b475c1e{static,/static,jar:file:/home/runner/.m2/repository/org/apache/ozone/hdds-container-service/1.2.0-SNAPSHOT/hdds-container-service-1.2.0-SNAPSHOT.jar!/webapps/static,STOPPED}
2021-06-23 18:54:47,255 [ForkJoinPool.commonPool-worker-0] INFO  handler.ContextHandler (ContextHandler.java:doStop(1154)) - Stopped o.e.j.s.ServletContextHandler@23ece5f3{logs,/logs,file:///home/runner/work/ozone/ozone/mnt/ozone/hadoop-ozone/integration-test/target/log,STOPPED}
2021-06-23 18:54:47,257 [Listener at 127.0.0.1/35407] INFO  ozone.MiniOzoneClusterImpl (MiniOzoneClusterImpl.java:stopSCM(534)) - Stopping the StorageContainerManager
2021-06-23 18:54:47,257 [Listener at 127.0.0.1/35407] INFO  server.StorageContainerManager (StorageContainerManager.java:stop(1299)) - Stopping Replication Manager Service.
2021-06-23 18:54:47,257 [Listener at 127.0.0.1/35407] INFO  container.ReplicationManager (ReplicationManager.java:stop(260)) - Stopping Replication Monitor Thread.
2021-06-23 18:54:47,257 [Listener at 127.0.0.1/35407] INFO  server.StorageContainerManager (StorageContainerManager.java:stop(1306)) - Stopping the Datanode Admin Monitor.
2021-06-23 18:54:47,257 [Listener at 127.0.0.1/35407] INFO  server.StorageContainerManager (StorageContainerManager.java:stop(1313)) - Stopping Lease Manager of the command watchers
2021-06-23 18:54:47,257 [Listener at 127.0.0.1/35407] INFO  server.StorageContainerManager (StorageContainerManager.java:stop(1320)) - Stopping datanode service RPC server
2021-06-23 18:54:47,257 [Listener at 127.0.0.1/35407] INFO  server.SCMDatanodeProtocolServer (SCMDatanodeProtocolServer.java:stop(377)) - Stopping the RPC server for DataNodes
2021-06-23 18:54:47,257 [Listener at 127.0.0.1/35407] INFO  ipc.Server (Server.java:stop(3403)) - Stopping server on 40343
2021-06-23 18:54:47,260 [IPC Server Responder] INFO  ipc.Server (Server.java:run(1502)) - Stopping IPC Server Responder
2021-06-23 18:54:47,260 [IPC Server listener on 0] INFO  ipc.Server (Server.java:run(1366)) - Stopping IPC Server listener on 0
2021-06-23 18:54:47,335 [SCM Heartbeat Processing Thread - 0] WARN  node.NodeStateManager (NodeStateManager.java:scheduleNextHealthCheck(688)) - Current Thread is interrupted, shutting down HB processing thread for Node Manager.
2021-06-23 18:54:47,335 [Listener at 127.0.0.1/35407] INFO  server.StorageContainerManager (StorageContainerManager.java:stop(1328)) - Stopping block service RPC server
2021-06-23 18:54:47,335 [Listener at 127.0.0.1/35407] INFO  server.SCMBlockProtocolServer (SCMBlockProtocolServer.java:stop(160)) - Stopping the RPC server for Block Protocol
2021-06-23 18:54:47,335 [Listener at 127.0.0.1/35407] INFO  ipc.Server (Server.java:stop(3403)) - Stopping server on 46529
2021-06-23 18:54:47,337 [Listener at 127.0.0.1/35407] INFO  server.StorageContainerManager (StorageContainerManager.java:stop(1335)) - Stopping the StorageContainerLocationProtocol RPC server
2021-06-23 18:54:47,337 [Listener at 127.0.0.1/35407] INFO  server.SCMClientProtocolServer (SCMClientProtocolServer.java:stop(172)) - Stopping the RPC server for Client Protocol
2021-06-23 18:54:47,337 [Listener at 127.0.0.1/35407] INFO  ipc.Server (Server.java:stop(3403)) - Stopping server on 37365
2021-06-23 18:54:47,337 [IPC Server Responder] INFO  ipc.Server (Server.java:run(1502)) - Stopping IPC Server Responder
2021-06-23 18:54:47,337 [IPC Server listener on 0] INFO  ipc.Server (Server.java:run(1366)) - Stopping IPC Server listener on 0
2021-06-23 18:54:47,339 [Listener at 127.0.0.1/35407] INFO  server.StorageContainerManager (StorageContainerManager.java:stop(1342)) - Stopping Storage Container Manager HTTP server.
2021-06-23 18:54:47,339 [Listener at 127.0.0.1/35407] INFO  handler.ContextHandler (ContextHandler.java:doStop(1154)) - Stopped o.e.j.w.WebAppContext@3f1870bc{scm,/,null,STOPPED}{file:/home/runner/work/ozone/ozone/mnt/ozone/hadoop-ozone/integration-test/target/test-classes/webapps/scm}
2021-06-23 18:54:47,339 [IPC Server listener on 0] INFO  ipc.Server (Server.java:run(1366)) - Stopping IPC Server listener on 0
2021-06-23 18:54:47,339 [IPC Server Responder] INFO  ipc.Server (Server.java:run(1502)) - Stopping IPC Server Responder
2021-06-23 18:54:47,340 [Listener at 127.0.0.1/35407] INFO  server.AbstractConnector (AbstractConnector.java:doStop(381)) - Stopped ServerConnector@7169c184{HTTP/1.1, (http/1.1)}{0.0.0.0:0}
2021-06-23 18:54:47,340 [Listener at 127.0.0.1/35407] INFO  server.session (HouseKeeper.java:stopScavenging(149)) - node0 Stopped scavenging
2021-06-23 18:54:47,340 [Listener at 127.0.0.1/35407] INFO  handler.ContextHandler (ContextHandler.java:doStop(1154)) - Stopped o.e.j.s.ServletContextHandler@2393ef6e{static,/static,file:///home/runner/work/ozone/ozone/mnt/ozone/hadoop-ozone/integration-test/target/test-classes/webapps/static,STOPPED}
2021-06-23 18:54:47,341 [Listener at 127.0.0.1/35407] INFO  handler.ContextHandler (ContextHandler.java:doStop(1154)) - Stopped o.e.j.s.ServletContextHandler@52972465{logs,/logs,file:///home/runner/work/ozone/ozone/mnt/ozone/hadoop-ozone/integration-test/target/log,STOPPED}
2021-06-23 18:54:47,341 [Listener at 127.0.0.1/35407] INFO  server.StorageContainerManager (StorageContainerManager.java:stop(1353)) - Stopping Block Manager Service.
2021-06-23 18:54:47,341 [Listener at 127.0.0.1/35407] INFO  utils.BackgroundService (BackgroundService.java:shutdown(132)) - Shutting down service SCMBlockDeletingService
2021-06-23 18:54:47,342 [Listener at 127.0.0.1/35407] INFO  utils.BackgroundService (BackgroundService.java:shutdown(132)) - Shutting down service SCMBlockDeletingService
2021-06-23 18:54:47,342 [Listener at 127.0.0.1/35407] INFO  server.StorageContainerManager (StorageContainerManager.java:stop(1380)) - Stopping SCM Event Queue.
2021-06-23 18:54:47,346 [Listener at 127.0.0.1/35407] INFO  pipeline.BackgroundPipelineCreator (BackgroundPipelineCreatorV2.java:stop(158)) - Stopping RatisPipelineUtilsThread.
2021-06-23 18:54:47,347 [Listener at 127.0.0.1/35407] INFO  impl.MetricsSystemImpl (MetricsSystemImpl.java:stop(210)) - Stopping HddsDatanode metrics system...
2021-06-23 18:54:47,359 [prometheus] INFO  impl.MetricsSinkAdapter (MetricsSinkAdapter.java:publishMetricsFromQueue(141)) - prometheus thread interrupted.
2021-06-23 18:54:47,360 [Listener at 127.0.0.1/35407] INFO  impl.MetricsSystemImpl (MetricsSystemImpl.java:stop(216)) - HddsDatanode metrics system stopped.
]]></system-out>
    <system-err><![CDATA[Jun 23, 2021 6:54:42 PM org.apache.ratis.thirdparty.io.grpc.internal.ManagedChannelOrphanWrapper$ManagedChannelReference cleanQueue
SEVERE: *~*~*~ Channel ManagedChannelImpl{logId=480, target=10.1.0.43:46371} was not shutdown properly!!! ~*~*~*
    Make sure to call shutdown()/shutdownNow() and wait until awaitTermination() returns true.
java.lang.RuntimeException: ManagedChannel allocation site
	at org.apache.ratis.thirdparty.io.grpc.internal.ManagedChannelOrphanWrapper$ManagedChannelReference.<init>(ManagedChannelOrphanWrapper.java:93)
	at org.apache.ratis.thirdparty.io.grpc.internal.ManagedChannelOrphanWrapper.<init>(ManagedChannelOrphanWrapper.java:53)
	at org.apache.ratis.thirdparty.io.grpc.internal.ManagedChannelOrphanWrapper.<init>(ManagedChannelOrphanWrapper.java:44)
	at org.apache.ratis.thirdparty.io.grpc.internal.ManagedChannelImplBuilder.build(ManagedChannelImplBuilder.java:596)
	at org.apache.ratis.thirdparty.io.grpc.ForwardingChannelBuilder.build(ForwardingChannelBuilder.java:255)
	at org.apache.ratis.grpc.client.GrpcClientProtocolClient.buildChannel(GrpcClientProtocolClient.java:159)
	at org.apache.ratis.grpc.client.GrpcClientProtocolClient.<init>(GrpcClientProtocolClient.java:110)
	at org.apache.ratis.grpc.client.GrpcClientRpc.lambda$new$0(GrpcClientRpc.java:57)
	at org.apache.ratis.util.PeerProxyMap$PeerAndProxy.lambda$getProxy$0(PeerProxyMap.java:63)
	at org.apache.ratis.util.LifeCycle.startAndTransition(LifeCycle.java:270)
	at org.apache.ratis.util.PeerProxyMap$PeerAndProxy.getProxy(PeerProxyMap.java:62)
	at org.apache.ratis.util.PeerProxyMap.getProxy(PeerProxyMap.java:114)
	at org.apache.ratis.grpc.client.GrpcClientRpc.sendRequestAsync(GrpcClientRpc.java:67)
	at org.apache.ratis.client.impl.OrderedAsync.sendRequest(OrderedAsync.java:235)
	at org.apache.ratis.client.impl.OrderedAsync.sendRequestWithRetry(OrderedAsync.java:189)
	at org.apache.ratis.util.SlidingWindow$Client.sendOrDelayRequest(SlidingWindow.java:280)
	at org.apache.ratis.util.SlidingWindow$Client.retry(SlidingWindow.java:296)
	at org.apache.ratis.client.impl.OrderedAsync.lambda$scheduleWithTimeout$7(OrderedAsync.java:222)
	at org.apache.ratis.util.TimeoutScheduler.lambda$onTimeout$0(TimeoutScheduler.java:141)
	at org.apache.ratis.util.TimeoutScheduler.lambda$onTimeout$1(TimeoutScheduler.java:155)
	at org.apache.ratis.util.LogUtils.runAndLog(LogUtils.java:38)
	at org.apache.ratis.util.LogUtils$1.run(LogUtils.java:79)
	at java.util.concurrent.Executors$RunnableAdapter.call(Executors.java:511)
	at java.util.concurrent.FutureTask.run(FutureTask.java:266)
	at java.util.concurrent.ScheduledThreadPoolExecutor$ScheduledFutureTask.access$201(ScheduledThreadPoolExecutor.java:180)
	at java.util.concurrent.ScheduledThreadPoolExecutor$ScheduledFutureTask.run(ScheduledThreadPoolExecutor.java:293)
	at java.util.concurrent.ThreadPoolExecutor.runWorker(ThreadPoolExecutor.java:1149)
	at java.util.concurrent.ThreadPoolExecutor$Worker.run(ThreadPoolExecutor.java:624)
	at java.lang.Thread.run(Thread.java:748)

]]></system-err>
  </testcase>
  <testcase name="testWatchForCommitForGroupMismatchException" classname="org.apache.hadoop.ozone.client.rpc.TestWatchForCommit" time="40.822"/>
  <testcase name="test2WayCommitForTimeoutException" classname="org.apache.hadoop.ozone.client.rpc.TestWatchForCommit" time="43.124"/>
</testsuite>