<?xml version="1.0" encoding="UTF-8"?>
<testsuite xmlns:xsi="http://www.w3.org/2001/XMLSchema-instance" xsi:noNamespaceSchemaLocation="https://maven.apache.org/surefire/maven-surefire-plugin/xsd/surefire-test-report-3.0.xsd" version="3.0" name="org.apache.hadoop.ozone.om.snapshot.TestSnapshotDirectoryCleaningService" time="46.345" tests="1" errors="0" skipped="0" failures="1">
  <properties>
    <property name="java.specification.version" value="17"/>
    <property name="sun.jnu.encoding" value="UTF-8"/>
    <property name="java.class.path" value="/home/runner/work/ozone/ozone/hadoop-ozone/integration-test/target/test-classes:/home/runner/work/ozone/ozone/hadoop-ozone/integration-test/target/classes:/home/runner/work/ozone/ozone/hadoop-ozone/common/target/classes:/home/runner/.m2/repository/io/grpc/grpc-netty/1.58.0/grpc-netty-1.58.0.jar:/home/runner/.m2/repository/io/grpc/grpc-core/1.58.0/grpc-core-1.58.0.jar:/home/runner/.m2/repository/com/google/android/annotations/4.1.1.4/annotations-4.1.1.4.jar:/home/runner/.m2/repository/org/codehaus/mojo/animal-sniffer-annotations/1.23/animal-sniffer-annotations-1.23.jar:/home/runner/.m2/repository/io/grpc/grpc-context/1.58.0/grpc-context-1.58.0.jar:/home/runner/.m2/repository/io/grpc/grpc-util/1.58.0/grpc-util-1.58.0.jar:/home/runner/.m2/repository/com/google/errorprone/error_prone_annotations/2.2.0/error_prone_annotations-2.2.0.jar:/home/runner/.m2/repository/io/perfmark/perfmark-api/0.26.0/perfmark-api-0.26.0.jar:/home/runner/.m2/repository/io/netty/netty-codec-http2/4.1.109.Final/netty-codec-http2-4.1.109.Final.jar:/home/runner/.m2/repository/io/netty/netty-common/4.1.109.Final/netty-common-4.1.109.Final.jar:/home/runner/.m2/repository/io/netty/netty-buffer/4.1.109.Final/netty-buffer-4.1.109.Final.jar:/home/runner/.m2/repository/io/netty/netty-codec-http/4.1.109.Final/netty-codec-http-4.1.109.Final.jar:/home/runner/.m2/repository/io/netty/netty-handler-proxy/4.1.109.Final/netty-handler-proxy-4.1.109.Final.jar:/home/runner/.m2/repository/io/netty/netty-codec-socks/4.1.109.Final/netty-codec-socks-4.1.109.Final.jar:/home/runner/.m2/repository/io/netty/netty-tcnative-boringssl-static/2.0.65.Final/netty-tcnative-boringssl-static-2.0.65.Final.jar:/home/runner/.m2/repository/io/netty/netty-tcnative-classes/2.0.65.Final/netty-tcnative-classes-2.0.65.Final.jar:/home/runner/.m2/repository/io/netty/netty-tcnative-boringssl-static/2.0.65.Final/netty-tcnative-boringssl-static-2.0.65.Final-linux-x86_64.jar:/home/runner/.m2/repository/io/netty/netty-tcnative-boringssl-static/2.0.65.Final/netty-tcnative-boringssl-static-2.0.65.Final-linux-aarch_64.jar:/home/runner/.m2/repository/io/netty/netty-tcnative-boringssl-static/2.0.65.Final/netty-tcnative-boringssl-static-2.0.65.Final-osx-x86_64.jar:/home/runner/.m2/repository/io/netty/netty-tcnative-boringssl-static/2.0.65.Final/netty-tcnative-boringssl-static-2.0.65.Final-osx-aarch_64.jar:/home/runner/.m2/repository/io/netty/netty-tcnative-boringssl-static/2.0.65.Final/netty-tcnative-boringssl-static-2.0.65.Final-windows-x86_64.jar:/home/runner/.m2/repository/org/apache/commons/commons-compress/1.26.0/commons-compress-1.26.0.jar:/home/runner/work/ozone/ozone/hadoop-hdds/common/target/classes:/home/runner/work/ozone/ozone/hadoop-hdds/client/target/classes:/home/runner/work/ozone/ozone/hadoop-ozone/interface-client/target/classes:/home/runner/.m2/repository/org/apache/hadoop/hadoop-hdfs-client/3.3.6/hadoop-hdfs-client-3.3.6.jar:/home/runner/.m2/repository/com/squareup/okhttp3/okhttp/4.12.0/okhttp-4.12.0.jar:/home/runner/.m2/repository/com/squareup/okio/okio/3.6.0/okio-3.6.0.jar:/home/runner/.m2/repository/com/squareup/okio/okio-jvm/3.6.0/okio-jvm-3.6.0.jar:/home/runner/.m2/repository/org/jetbrains/kotlin/kotlin-stdlib-jdk8/1.9.24/kotlin-stdlib-jdk8-1.9.24.jar:/home/runner/.m2/repository/org/jetbrains/kotlin/kotlin-stdlib-jdk7/1.9.24/kotlin-stdlib-jdk7-1.9.24.jar:/home/runner/.m2/repository/org/jetbrains/kotlin/kotlin-stdlib-common/1.9.24/kotlin-stdlib-common-1.9.24.jar:/home/runner/work/ozone/ozone/hadoop-hdds/test-utils/target/classes:/home/runner/.m2/repository/org/assertj/assertj-core/3.26.0/assertj-core-3.26.0.jar:/home/runner/.m2/repository/net/bytebuddy/byte-buddy/1.14.16/byte-buddy-1.14.16.jar:/home/runner/.m2/repository/com/google/guava/guava/32.1.3-jre/guava-32.1.3-jre.jar:/home/runner/.m2/repository/com/google/guava/failureaccess/1.0.1/failureaccess-1.0.1.jar:/home/runner/.m2/repository/com/google/guava/listenablefuture/9999.0-empty-to-avoid-conflict-with-guava/listenablefuture-9999.0-empty-to-avoid-conflict-with-guava.jar:/home/runner/.m2/repository/org/checkerframework/checker-qual/3.37.0/checker-qual-3.37.0.jar:/home/runner/.m2/repository/com/google/j2objc/j2objc-annotations/2.8/j2objc-annotations-2.8.jar:/home/runner/.m2/repository/commons-io/commons-io/2.16.1/commons-io-2.16.1.jar:/home/runner/.m2/repository/commons-logging/commons-logging/1.2/commons-logging-1.2.jar:/home/runner/.m2/repository/org/junit/jupiter/junit-jupiter-api/5.10.2/junit-jupiter-api-5.10.2.jar:/home/runner/.m2/repository/org/opentest4j/opentest4j/1.3.0/opentest4j-1.3.0.jar:/home/runner/.m2/repository/org/junit/platform/junit-platform-commons/1.10.2/junit-platform-commons-1.10.2.jar:/home/runner/.m2/repository/ch/qos/reload4j/reload4j/1.2.25/reload4j-1.2.25.jar:/home/runner/.m2/repository/jakarta/annotation/jakarta.annotation-api/2.1.1/jakarta.annotation-api-2.1.1.jar:/home/runner/.m2/repository/org/slf4j/slf4j-api/2.0.13/slf4j-api-2.0.13.jar:/home/runner/.m2/repository/org/apache/logging/log4j/log4j-api/2.17.1/log4j-api-2.17.1.jar:/home/runner/work/ozone/ozone/hadoop-hdds/server-scm/target/classes:/home/runner/.m2/repository/com/google/protobuf/protobuf-java/2.5.0/protobuf-java-2.5.0.jar:/home/runner/work/ozone/ozone/hadoop-hdds/container-service/target/classes:/home/runner/work/ozone/ozone/hadoop-hdds/hadoop-dependency-server/target/classes:/home/runner/.m2/repository/com/nimbusds/nimbus-jose-jwt/9.37.2/nimbus-jose-jwt-9.37.2.jar:/home/runner/.m2/repository/com/github/stephenc/jcip/jcip-annotations/1.0-1/jcip-annotations-1.0-1.jar:/home/runner/.m2/repository/org/apache/hadoop/hadoop-hdfs/3.3.6/hadoop-hdfs-3.3.6.jar:/home/runner/.m2/repository/commons-daemon/commons-daemon/1.3.4/commons-daemon-1.3.4.jar:/home/runner/.m2/repository/org/apache/kerby/kerb-core/1.0.1/kerb-core-1.0.1.jar:/home/runner/.m2/repository/org/apache/kerby/kerby-pkix/1.0.1/kerby-pkix-1.0.1.jar:/home/runner/.m2/repository/org/apache/kerby/kerby-asn1/1.0.1/kerby-asn1-1.0.1.jar:/home/runner/.m2/repository/org/apache/kerby/kerby-util/1.0.1/kerby-util-1.0.1.jar:/home/runner/.m2/repository/org/apache/kerby/kerb-util/1.0.1/kerb-util-1.0.1.jar:/home/runner/.m2/repository/org/apache/kerby/kerby-config/1.0.1/kerby-config-1.0.1.jar:/home/runner/.m2/repository/org/apache/kerby/kerb-crypto/1.0.1/kerb-crypto-1.0.1.jar:/home/runner/.m2/repository/org/xerial/snappy/snappy-java/1.1.10.5/snappy-java-1.1.10.5.jar:/home/runner/work/ozone/ozone/hadoop-hdds/framework/target/classes:/home/runner/.m2/repository/org/bouncycastle/bcprov-jdk18on/1.78.1/bcprov-jdk18on-1.78.1.jar:/home/runner/.m2/repository/io/dropwizard/metrics/metrics-core/3.2.6/metrics-core-3.2.6.jar:/home/runner/.m2/repository/org/apache/commons/commons-text/1.12.0/commons-text-1.12.0.jar:/home/runner/work/ozone/ozone/hadoop-hdds/framework/target/test-classes:/home/runner/work/ozone/ozone/hadoop-hdds/interface-server/target/classes:/home/runner/work/ozone/ozone/hadoop-hdds/interface-admin/target/classes:/home/runner/work/ozone/ozone/hadoop-hdds/managed-rocksdb/target/classes:/home/runner/.m2/repository/org/rocksdb/rocksdbjni/7.7.3/rocksdbjni-7.7.3.jar:/home/runner/.m2/repository/org/slf4j/slf4j-reload4j/2.0.13/slf4j-reload4j-2.0.13.jar:/home/runner/.m2/repository/org/apache/commons/commons-configuration2/2.10.1/commons-configuration2-2.10.1.jar:/home/runner/.m2/repository/commons-fileupload/commons-fileupload/1.5/commons-fileupload-1.5.jar:/home/runner/.m2/repository/org/apache/logging/log4j/log4j-core/2.17.1/log4j-core-2.17.1.jar:/home/runner/.m2/repository/com/lmax/disruptor/3.4.4/disruptor-3.4.4.jar:/home/runner/.m2/repository/org/eclipse/jetty/jetty-util/9.4.54.v20240208/jetty-util-9.4.54.v20240208.jar:/home/runner/.m2/repository/org/eclipse/jetty/jetty-server/9.4.54.v20240208/jetty-server-9.4.54.v20240208.jar:/home/runner/.m2/repository/org/eclipse/jetty/jetty-http/9.4.54.v20240208/jetty-http-9.4.54.v20240208.jar:/home/runner/.m2/repository/org/eclipse/jetty/jetty-io/9.4.54.v20240208/jetty-io-9.4.54.v20240208.jar:/home/runner/.m2/repository/org/eclipse/jetty/jetty-servlet/9.4.54.v20240208/jetty-servlet-9.4.54.v20240208.jar:/home/runner/.m2/repository/org/eclipse/jetty/jetty-security/9.4.54.v20240208/jetty-security-9.4.54.v20240208.jar:/home/runner/.m2/repository/org/eclipse/jetty/jetty-util-ajax/9.4.54.v20240208/jetty-util-ajax-9.4.54.v20240208.jar:/home/runner/.m2/repository/org/eclipse/jetty/jetty-webapp/9.4.54.v20240208/jetty-webapp-9.4.54.v20240208.jar:/home/runner/.m2/repository/org/eclipse/jetty/jetty-xml/9.4.54.v20240208/jetty-xml-9.4.54.v20240208.jar:/home/runner/.m2/repository/org/apache/ratis/ratis-server/3.0.1/ratis-server-3.0.1.jar:/home/runner/.m2/repository/org/apache/ratis/ratis-thirdparty-misc/1.0.5/ratis-thirdparty-misc-1.0.5.jar:/home/runner/.m2/repository/org/apache/ratis/ratis-proto/3.0.1/ratis-proto-3.0.1.jar:/home/runner/.m2/repository/org/apache/ratis/ratis-common/3.0.1/ratis-common-3.0.1.jar:/home/runner/.m2/repository/org/apache/ratis/ratis-client/3.0.1/ratis-client-3.0.1.jar:/home/runner/.m2/repository/org/apache/ratis/ratis-metrics-api/3.0.1/ratis-metrics-api-3.0.1.jar:/home/runner/.m2/repository/org/apache/ratis/ratis-metrics-dropwizard3/3.0.1/ratis-metrics-dropwizard3-3.0.1.jar:/home/runner/.m2/repository/io/prometheus/simpleclient_dropwizard/0.16.0/simpleclient_dropwizard-0.16.0.jar:/home/runner/.m2/repository/io/prometheus/simpleclient/0.16.0/simpleclient-0.16.0.jar:/home/runner/.m2/repository/io/prometheus/simpleclient_common/0.16.0/simpleclient_common-0.16.0.jar:/home/runner/.m2/repository/com/fasterxml/jackson/datatype/jackson-datatype-jsr310/2.16.2/jackson-datatype-jsr310-2.16.2.jar:/home/runner/.m2/repository/com/fasterxml/jackson/core/jackson-core/2.16.2/jackson-core-2.16.2.jar:/home/runner/work/ozone/ozone/hadoop-hdds/rocksdb-checkpoint-differ/target/classes:/home/runner/.m2/repository/org/jgrapht/jgrapht-core/1.4.0/jgrapht-core-1.4.0.jar:/home/runner/.m2/repository/org/jheaps/jheaps/0.11/jheaps-0.11.jar:/home/runner/.m2/repository/org/jgrapht/jgrapht-ext/1.4.0/jgrapht-ext-1.4.0.jar:/home/runner/.m2/repository/com/github/vlsi/mxgraph/jgraphx/3.9.8.1/jgraphx-3.9.8.1.jar:/home/runner/work/ozone/ozone/hadoop-ozone/ozone-manager/target/classes:/home/runner/.m2/repository/org/aspectj/aspectjrt/1.9.7/aspectjrt-1.9.7.jar:/home/runner/.m2/repository/org/aspectj/aspectjweaver/1.9.7/aspectjweaver-1.9.7.jar:/home/runner/work/ozone/ozone/hadoop-hdds/interface-client/target/classes:/home/runner/.m2/repository/org/apache/hadoop/thirdparty/hadoop-shaded-protobuf_3_7/1.1.1/hadoop-shaded-protobuf_3_7-1.1.1.jar:/home/runner/work/ozone/ozone/hadoop-ozone/interface-storage/target/classes:/home/runner/.m2/repository/org/reflections/reflections/0.10.2/reflections-0.10.2.jar:/home/runner/.m2/repository/com/sun/jersey/jersey-client/1.19.4/jersey-client-1.19.4.jar:/home/runner/.m2/repository/org/codehaus/jackson/jackson-core-asl/1.9.13/jackson-core-asl-1.9.13.jar:/home/runner/.m2/repository/org/codehaus/jackson/jackson-mapper-asl/1.9.13/jackson-mapper-asl-1.9.13.jar:/home/runner/.m2/repository/org/codehaus/jackson/jackson-jaxrs/1.9.13/jackson-jaxrs-1.9.13.jar:/home/runner/.m2/repository/org/apache/ranger/ranger-intg/2.3.0/ranger-intg-2.3.0.jar:/home/runner/.m2/repository/org/apache/ranger/ranger-plugins-common/2.3.0/ranger-plugins-common-2.3.0.jar:/home/runner/.m2/repository/commons-lang/commons-lang/2.6/commons-lang-2.6.jar:/home/runner/.m2/repository/org/apache/ranger/ranger-plugins-cred/2.3.0/ranger-plugins-cred-2.3.0.jar:/home/runner/.m2/repository/org/apache/ranger/ranger-plugins-audit/2.3.0/ranger-plugins-audit-2.3.0.jar:/home/runner/.m2/repository/org/eclipse/jetty/jetty-client/9.4.54.v20240208/jetty-client-9.4.54.v20240208.jar:/home/runner/.m2/repository/org/apache/httpcomponents/httpmime/4.5.6/httpmime-4.5.6.jar:/home/runner/.m2/repository/org/apache/httpcomponents/httpcore-nio/4.4.16/httpcore-nio-4.4.16.jar:/home/runner/.m2/repository/org/apache/httpcomponents/httpasyncclient/4.1.3/httpasyncclient-4.1.3.jar:/home/runner/.m2/repository/com/carrotsearch/hppc/0.8.0/hppc-0.8.0.jar:/home/runner/.m2/repository/org/apache/orc/orc-core/1.5.8/orc-core-1.5.8.jar:/home/runner/.m2/repository/net/java/dev/jna/jna/5.2.0/jna-5.2.0.jar:/home/runner/.m2/repository/net/java/dev/jna/jna-platform/5.2.0/jna-platform-5.2.0.jar:/home/runner/.m2/repository/com/kstruct/gethostname4j/0.0.2/gethostname4j-0.0.2.jar:/home/runner/.m2/repository/org/apache/ranger/ranger-plugin-classloader/2.3.0/ranger-plugin-classloader-2.3.0.jar:/home/runner/work/ozone/ozone/hadoop-hdds/rocks-native/target/classes:/home/runner/.m2/repository/org/apache/hadoop/hadoop-minikdc/3.3.6/hadoop-minikdc-3.3.6.jar:/home/runner/.m2/repository/org/apache/kerby/kerb-simplekdc/1.0.1/kerb-simplekdc-1.0.1.jar:/home/runner/.m2/repository/org/apache/kerby/kerb-client/1.0.1/kerb-client-1.0.1.jar:/home/runner/.m2/repository/org/apache/kerby/kerb-common/1.0.1/kerb-common-1.0.1.jar:/home/runner/.m2/repository/org/apache/kerby/token-provider/1.0.1/token-provider-1.0.1.jar:/home/runner/.m2/repository/org/apache/kerby/kerb-admin/1.0.1/kerb-admin-1.0.1.jar:/home/runner/.m2/repository/org/apache/kerby/kerb-server/1.0.1/kerb-server-1.0.1.jar:/home/runner/.m2/repository/org/apache/kerby/kerb-identity/1.0.1/kerb-identity-1.0.1.jar:/home/runner/.m2/repository/org/apache/kerby/kerby-xdr/1.0.1/kerby-xdr-1.0.1.jar:/home/runner/.m2/repository/junit/junit/4.13.2/junit-4.13.2.jar:/home/runner/.m2/repository/org/hamcrest/hamcrest-core/1.3/hamcrest-core-1.3.jar:/home/runner/work/ozone/ozone/hadoop-ozone/s3gateway/target/classes:/home/runner/.m2/repository/org/javassist/javassist/3.30.2-GA/javassist-3.30.2-GA.jar:/home/runner/.m2/repository/org/jboss/weld/servlet/weld-servlet-shaded/3.1.9.Final/weld-servlet-shaded-3.1.9.Final.jar:/home/runner/.m2/repository/org/glassfish/jersey/containers/jersey-container-servlet-core/2.43/jersey-container-servlet-core-2.43.jar:/home/runner/.m2/repository/org/glassfish/hk2/external/jakarta.inject/2.6.1/jakarta.inject-2.6.1.jar:/home/runner/.m2/repository/org/glassfish/jersey/core/jersey-common/2.43/jersey-common-2.43.jar:/home/runner/.m2/repository/jakarta/ws/rs/jakarta.ws.rs-api/2.1.6/jakarta.ws.rs-api-2.1.6.jar:/home/runner/.m2/repository/org/glassfish/jersey/ext/cdi/jersey-cdi1x/2.43/jersey-cdi1x-2.43.jar:/home/runner/.m2/repository/org/glassfish/jersey/inject/jersey-hk2/2.43/jersey-hk2-2.43.jar:/home/runner/.m2/repository/org/glassfish/hk2/hk2-locator/2.6.1/hk2-locator-2.6.1.jar:/home/runner/.m2/repository/org/glassfish/jersey/media/jersey-media-jaxb/2.43/jersey-media-jaxb-2.43.jar:/home/runner/.m2/repository/org/glassfish/hk2/osgi-resource-locator/1.0.3/osgi-resource-locator-1.0.3.jar:/home/runner/.m2/repository/org/glassfish/hk2/hk2-api/2.6.1/hk2-api-2.6.1.jar:/home/runner/.m2/repository/org/glassfish/hk2/hk2-utils/2.6.1/hk2-utils-2.6.1.jar:/home/runner/.m2/repository/org/glassfish/hk2/external/aopalliance-repackaged/2.6.1/aopalliance-repackaged-2.6.1.jar:/home/runner/.m2/repository/com/fasterxml/jackson/dataformat/jackson-dataformat-xml/2.16.2/jackson-dataformat-xml-2.16.2.jar:/home/runner/.m2/repository/org/codehaus/woodstox/stax2-api/4.2.2/stax2-api-4.2.2.jar:/home/runner/.m2/repository/com/fasterxml/woodstox/woodstox-core/5.4.0/woodstox-core-5.4.0.jar:/home/runner/.m2/repository/com/fasterxml/jackson/module/jackson-module-jaxb-annotations/2.16.2/jackson-module-jaxb-annotations-2.16.2.jar:/home/runner/.m2/repository/javax/enterprise/cdi-api/2.0/cdi-api-2.0.jar:/home/runner/.m2/repository/javax/el/javax.el-api/3.0.0/javax.el-api-3.0.0.jar:/home/runner/.m2/repository/javax/interceptor/javax.interceptor-api/1.2/javax.interceptor-api-1.2.jar:/home/runner/.m2/repository/javax/inject/javax.inject/1/javax.inject-1.jar:/home/runner/.m2/repository/jakarta/xml/bind/jakarta.xml.bind-api/2.3.3/jakarta.xml.bind-api-2.3.3.jar:/home/runner/.m2/repository/org/glassfish/jaxb/jaxb-runtime/2.3.9/jaxb-runtime-2.3.9.jar:/home/runner/.m2/repository/org/glassfish/jaxb/txw2/2.3.9/txw2-2.3.9.jar:/home/runner/.m2/repository/com/sun/istack/istack-commons-runtime/3.0.12/istack-commons-runtime-3.0.12.jar:/home/runner/.m2/repository/com/sun/activation/jakarta.activation/1.2.2/jakarta.activation-1.2.2.jar:/home/runner/.m2/repository/jakarta/activation/jakarta.activation-api/1.2.2/jakarta.activation-api-1.2.2.jar:/home/runner/.m2/repository/io/grpc/grpc-protobuf/1.58.0/grpc-protobuf-1.58.0.jar:/home/runner/.m2/repository/com/google/api/grpc/proto-google-common-protos/2.22.0/proto-google-common-protos-2.22.0.jar:/home/runner/.m2/repository/io/grpc/grpc-protobuf-lite/1.58.0/grpc-protobuf-lite-1.58.0.jar:/home/runner/.m2/repository/io/grpc/grpc-stub/1.58.0/grpc-stub-1.58.0.jar:/home/runner/.m2/repository/io/netty/netty-transport/4.1.109.Final/netty-transport-4.1.109.Final.jar:/home/runner/.m2/repository/io/netty/netty-resolver/4.1.109.Final/netty-resolver-4.1.109.Final.jar:/home/runner/work/ozone/ozone/hadoop-ozone/csi/target/classes:/home/runner/.m2/repository/com/google/protobuf/protobuf-java-util/3.19.6/protobuf-java-util-3.19.6.jar:/home/runner/.m2/repository/com/google/code/gson/gson/2.10.1/gson-2.10.1.jar:/home/runner/work/ozone/ozone/hadoop-hdds/config/target/classes:/home/runner/.m2/repository/io/netty/netty-transport-native-epoll/4.1.109.Final/netty-transport-native-epoll-4.1.109.Final-linux-x86_64.jar:/home/runner/.m2/repository/io/netty/netty-transport-classes-epoll/4.1.109.Final/netty-transport-classes-epoll-4.1.109.Final.jar:/home/runner/.m2/repository/io/netty/netty-transport-native-unix-common/4.1.109.Final/netty-transport-native-unix-common-4.1.109.Final.jar:/home/runner/work/ozone/ozone/hadoop-ozone/recon/target/classes:/home/runner/work/ozone/ozone/hadoop-ozone/recon-codegen/target/classes:/home/runner/.m2/repository/com/google/inject/guice/6.0.0/guice-6.0.0.jar:/home/runner/.m2/repository/jakarta/inject/jakarta.inject-api/2.0.1/jakarta.inject-api-2.0.1.jar:/home/runner/.m2/repository/aopalliance/aopalliance/1.0/aopalliance-1.0.jar:/home/runner/.m2/repository/com/google/inject/extensions/guice-assistedinject/6.0.0/guice-assistedinject-6.0.0.jar:/home/runner/.m2/repository/com/google/inject/extensions/guice-servlet/6.0.0/guice-servlet-6.0.0.jar:/home/runner/.m2/repository/org/glassfish/jersey/containers/jersey-container-servlet/2.43/jersey-container-servlet-2.43.jar:/home/runner/.m2/repository/org/glassfish/hk2/guice-bridge/2.6.1/guice-bridge-2.6.1.jar:/home/runner/.m2/repository/org/glassfish/jersey/core/jersey-server/2.43/jersey-server-2.43.jar:/home/runner/.m2/repository/org/glassfish/jersey/core/jersey-client/2.43/jersey-client-2.43.jar:/home/runner/.m2/repository/jakarta/validation/jakarta.validation-api/2.0.2/jakarta.validation-api-2.0.2.jar:/home/runner/.m2/repository/org/glassfish/jersey/media/jersey-media-json-jackson/2.43/jersey-media-json-jackson-2.43.jar:/home/runner/.m2/repository/org/glassfish/jersey/ext/jersey-entity-filtering/2.43/jersey-entity-filtering-2.43.jar:/home/runner/.m2/repository/org/jooq/jooq/3.11.10/jooq-3.11.10.jar:/home/runner/.m2/repository/org/jooq/jooq-meta/3.11.10/jooq-meta-3.11.10.jar:/home/runner/.m2/repository/org/jooq/jooq-codegen/3.11.10/jooq-codegen-3.11.10.jar:/home/runner/.m2/repository/com/jolbox/bonecp/0.8.0.RELEASE/bonecp-0.8.0.RELEASE.jar:/home/runner/.m2/repository/org/apache/derby/derby/10.14.2.0/derby-10.14.2.0.jar:/home/runner/.m2/repository/org/xerial/sqlite-jdbc/3.44.1.0/sqlite-jdbc-3.44.1.0.jar:/home/runner/.m2/repository/org/springframework/spring-jdbc/5.3.34/spring-jdbc-5.3.34.jar:/home/runner/.m2/repository/org/springframework/spring-beans/5.3.34/spring-beans-5.3.34.jar:/home/runner/.m2/repository/org/springframework/spring-core/5.3.34/spring-core-5.3.34.jar:/home/runner/.m2/repository/org/springframework/spring-tx/5.3.34/spring-tx-5.3.34.jar:/home/runner/work/ozone/ozone/hadoop-ozone/client/target/classes:/home/runner/work/ozone/ozone/hadoop-hdds/erasurecode/target/classes:/home/runner/work/ozone/ozone/hadoop-ozone/ozonefs/target/classes:/home/runner/work/ozone/ozone/hadoop-ozone/ozonefs-common/target/classes:/home/runner/work/ozone/ozone/hadoop-ozone/tools/target/classes:/home/runner/.m2/repository/com/amazonaws/aws-java-sdk-core/1.12.661/aws-java-sdk-core-1.12.661.jar:/home/runner/.m2/repository/org/apache/httpcomponents/httpclient/4.5.14/httpclient-4.5.14.jar:/home/runner/.m2/repository/org/apache/httpcomponents/httpcore/4.4.16/httpcore-4.4.16.jar:/home/runner/.m2/repository/com/fasterxml/jackson/dataformat/jackson-dataformat-cbor/2.16.2/jackson-dataformat-cbor-2.16.2.jar:/home/runner/.m2/repository/joda-time/joda-time/2.12.7/joda-time-2.12.7.jar:/home/runner/.m2/repository/com/amazonaws/aws-java-sdk-s3/1.12.661/aws-java-sdk-s3-1.12.661.jar:/home/runner/.m2/repository/com/amazonaws/aws-java-sdk-kms/1.12.661/aws-java-sdk-kms-1.12.661.jar:/home/runner/.m2/repository/com/amazonaws/jmespath-java/1.12.661/jmespath-java-1.12.661.jar:/home/runner/.m2/repository/org/kohsuke/metainf-services/metainf-services/1.11/metainf-services-1.11.jar:/home/runner/work/ozone/ozone/hadoop-hdds/tools/target/classes:/home/runner/.m2/repository/org/apache/ratis/ratis-tools/3.0.1/ratis-tools-3.0.1.jar:/home/runner/.m2/repository/commons-cli/commons-cli/1.8.0/commons-cli-1.8.0.jar:/home/runner/.m2/repository/org/apache/commons/commons-lang3/3.14.0/commons-lang3-3.14.0.jar:/home/runner/work/ozone/ozone/hadoop-ozone/ozone-manager/target/test-classes:/home/runner/work/ozone/ozone/hadoop-hdds/common/target/test-classes:/home/runner/work/ozone/ozone/hadoop-hdds/hadoop-dependency-client/target/classes:/home/runner/.m2/repository/info/picocli/picocli/4.7.6/picocli-4.7.6.jar:/home/runner/.m2/repository/com/fasterxml/jackson/core/jackson-annotations/2.16.2/jackson-annotations-2.16.2.jar:/home/runner/work/ozone/ozone/hadoop-hdds/annotations/target/classes:/home/runner/.m2/repository/javax/annotation/javax.annotation-api/1.3.2/javax.annotation-api-1.3.2.jar:/home/runner/.m2/repository/org/apache/ratis/ratis-server-api/3.0.1/ratis-server-api-3.0.1.jar:/home/runner/.m2/repository/org/apache/ratis/ratis-netty/3.0.1/ratis-netty-3.0.1.jar:/home/runner/.m2/repository/org/apache/ratis/ratis-grpc/3.0.1/ratis-grpc-3.0.1.jar:/home/runner/.m2/repository/org/bouncycastle/bcpkix-jdk18on/1.78.1/bcpkix-jdk18on-1.78.1.jar:/home/runner/.m2/repository/org/bouncycastle/bcutil-jdk18on/1.78.1/bcutil-jdk18on-1.78.1.jar:/home/runner/.m2/repository/commons-validator/commons-validator/1.6/commons-validator-1.6.jar:/home/runner/.m2/repository/commons-beanutils/commons-beanutils/1.9.4/commons-beanutils-1.9.4.jar:/home/runner/.m2/repository/commons-digester/commons-digester/1.8.1/commons-digester-1.8.1.jar:/home/runner/.m2/repository/commons-collections/commons-collections/3.2.2/commons-collections-3.2.2.jar:/home/runner/.m2/repository/io/jaegertracing/jaeger-client/1.8.1/jaeger-client-1.8.1.jar:/home/runner/.m2/repository/io/jaegertracing/jaeger-thrift/1.8.1/jaeger-thrift-1.8.1.jar:/home/runner/.m2/repository/org/apache/thrift/libthrift/0.15.0/libthrift-0.15.0.jar:/home/runner/.m2/repository/io/jaegertracing/jaeger-core/1.8.1/jaeger-core-1.8.1.jar:/home/runner/.m2/repository/io/jaegertracing/jaeger-tracerresolver/1.8.1/jaeger-tracerresolver-1.8.1.jar:/home/runner/.m2/repository/io/opentracing/contrib/opentracing-tracerresolver/0.1.8/opentracing-tracerresolver-0.1.8.jar:/home/runner/.m2/repository/org/jetbrains/kotlin/kotlin-stdlib/1.9.24/kotlin-stdlib-1.9.24.jar:/home/runner/.m2/repository/org/jetbrains/annotations/13.0/annotations-13.0.jar:/home/runner/.m2/repository/io/opentracing/opentracing-util/0.33.0/opentracing-util-0.33.0.jar:/home/runner/.m2/repository/io/opentracing/opentracing-api/0.33.0/opentracing-api-0.33.0.jar:/home/runner/.m2/repository/io/opentracing/opentracing-noop/0.33.0/opentracing-noop-0.33.0.jar:/home/runner/.m2/repository/org/yaml/snakeyaml/2.0/snakeyaml-2.0.jar:/home/runner/.m2/repository/io/grpc/grpc-api/1.58.0/grpc-api-1.58.0.jar:/home/runner/.m2/repository/org/junit/platform/junit-platform-launcher/1.10.2/junit-platform-launcher-1.10.2.jar:/home/runner/.m2/repository/org/junit/platform/junit-platform-engine/1.10.2/junit-platform-engine-1.10.2.jar:/home/runner/.m2/repository/org/apiguardian/apiguardian-api/1.1.2/apiguardian-api-1.1.2.jar:/home/runner/.m2/repository/org/apache/hadoop/hadoop-kms/3.3.6/hadoop-kms-3.3.6.jar:/home/runner/.m2/repository/org/apache/hadoop/hadoop-auth/3.3.6/hadoop-auth-3.3.6.jar:/home/runner/.m2/repository/org/apache/zookeeper/zookeeper/3.8.4/zookeeper-3.8.4.jar:/home/runner/.m2/repository/org/apache/zookeeper/zookeeper-jute/3.8.4/zookeeper-jute-3.8.4.jar:/home/runner/.m2/repository/org/apache/yetus/audience-annotations/0.12.0/audience-annotations-0.12.0.jar:/home/runner/.m2/repository/org/apache/curator/curator-framework/4.2.0/curator-framework-4.2.0.jar:/home/runner/.m2/repository/org/apache/hadoop/thirdparty/hadoop-shaded-guava/1.2.0/hadoop-shaded-guava-1.2.0.jar:/home/runner/.m2/repository/com/sun/jersey/jersey-core/1.19.4/jersey-core-1.19.4.jar:/home/runner/.m2/repository/javax/ws/rs/jsr311-api/1.1.1/jsr311-api-1.1.1.jar:/home/runner/.m2/repository/com/sun/jersey/jersey-server/1.19.4/jersey-server-1.19.4.jar:/home/runner/.m2/repository/javax/servlet/javax.servlet-api/3.1.0/javax.servlet-api-3.1.0.jar:/home/runner/.m2/repository/org/apache/hadoop/hadoop-common/3.3.6/hadoop-common-3.3.6.jar:/home/runner/.m2/repository/org/apache/commons/commons-math3/3.6.1/commons-math3-3.6.1.jar:/home/runner/.m2/repository/commons-net/commons-net/3.10.0/commons-net-3.10.0.jar:/home/runner/.m2/repository/com/sun/jersey/jersey-servlet/1.19.4/jersey-servlet-1.19.4.jar:/home/runner/.m2/repository/com/github/pjfanning/jersey-json/1.20/jersey-json-1.20.jar:/home/runner/.m2/repository/org/codehaus/jettison/jettison/1.1/jettison-1.1.jar:/home/runner/.m2/repository/com/sun/xml/bind/jaxb-impl/2.2.3-1/jaxb-impl-2.2.3-1.jar:/home/runner/.m2/repository/com/google/re2j/re2j/1.7/re2j-1.7.jar:/home/runner/.m2/repository/com/jcraft/jsch/0.1.55/jsch-0.1.55.jar:/home/runner/.m2/repository/org/apache/curator/curator-client/4.2.0/curator-client-4.2.0.jar:/home/runner/.m2/repository/org/apache/curator/curator-recipes/5.2.0/curator-recipes-5.2.0.jar:/home/runner/.m2/repository/com/google/code/findbugs/jsr305/3.0.2/jsr305-3.0.2.jar:/home/runner/.m2/repository/dnsjava/dnsjava/2.1.9/dnsjava-2.1.9.jar:/home/runner/.m2/repository/com/fasterxml/jackson/core/jackson-databind/2.16.2/jackson-databind-2.16.2.jar:/home/runner/.m2/repository/org/apache/hadoop/hadoop-kms/3.3.6/hadoop-kms-3.3.6-tests.jar:/home/runner/work/ozone/ozone/hadoop-hdds/server-scm/target/test-classes:/home/runner/work/ozone/ozone/hadoop-hdds/container-service/target/test-classes:/home/runner/.m2/repository/com/github/luben/zstd-jni/1.5.6-3/zstd-jni-1.5.6-3.jar:/home/runner/.m2/repository/commons-codec/commons-codec/1.17.0/commons-codec-1.17.0.jar:/home/runner/.m2/repository/io/netty/netty-codec/4.1.109.Final/netty-codec-4.1.109.Final.jar:/home/runner/.m2/repository/io/netty/netty-handler/4.1.109.Final/netty-handler-4.1.109.Final.jar:/home/runner/work/ozone/ozone/hadoop-hdds/hadoop-dependency-test/target/classes:/home/runner/.m2/repository/org/apache/hadoop/hadoop-common/3.3.6/hadoop-common-3.3.6-tests.jar:/home/runner/.m2/repository/org/apache/hadoop/hadoop-hdfs/3.3.6/hadoop-hdfs-3.3.6-tests.jar:/home/runner/.m2/repository/org/junit/jupiter/junit-jupiter-engine/5.10.2/junit-jupiter-engine-5.10.2.jar:/home/runner/.m2/repository/org/junit/jupiter/junit-jupiter-params/5.10.2/junit-jupiter-params-5.10.2.jar:/home/runner/.m2/repository/org/mockito/mockito-core/4.11.0/mockito-core-4.11.0.jar:/home/runner/.m2/repository/net/bytebuddy/byte-buddy-agent/1.12.19/byte-buddy-agent-1.12.19.jar:/home/runner/.m2/repository/org/objenesis/objenesis/3.3/objenesis-3.3.jar:/home/runner/.m2/repository/org/mockito/mockito-inline/4.11.0/mockito-inline-4.11.0.jar:/home/runner/.m2/repository/org/mockito/mockito-junit-jupiter/4.11.0/mockito-junit-jupiter-4.11.0.jar:/home/runner/.m2/repository/org/apache/hadoop/hadoop-distcp/3.3.6/hadoop-distcp-3.3.6.jar:/home/runner/.m2/repository/org/apache/hadoop/hadoop-mapreduce-client-jobclient/3.3.6/hadoop-mapreduce-client-jobclient-3.3.6.jar:/home/runner/.m2/repository/org/apache/hadoop/hadoop-mapreduce-client-common/3.3.6/hadoop-mapreduce-client-common-3.3.6.jar:/home/runner/.m2/repository/org/apache/hadoop/hadoop-yarn-common/3.3.6/hadoop-yarn-common-3.3.6.jar:/home/runner/.m2/repository/org/apache/hadoop/hadoop-yarn-api/3.3.6/hadoop-yarn-api-3.3.6.jar:/home/runner/.m2/repository/javax/xml/bind/jaxb-api/2.2.11/jaxb-api-2.2.11.jar:/home/runner/.m2/repository/com/sun/jersey/contribs/jersey-guice/1.19.4/jersey-guice-1.19.4.jar:/home/runner/.m2/repository/com/fasterxml/jackson/jaxrs/jackson-jaxrs-json-provider/2.16.2/jackson-jaxrs-json-provider-2.16.2.jar:/home/runner/.m2/repository/com/fasterxml/jackson/jaxrs/jackson-jaxrs-base/2.16.2/jackson-jaxrs-base-2.16.2.jar:/home/runner/.m2/repository/org/apache/hadoop/hadoop-yarn-client/3.3.6/hadoop-yarn-client-3.3.6.jar:/home/runner/.m2/repository/org/eclipse/jetty/websocket/websocket-client/9.4.51.v20230217/websocket-client-9.4.51.v20230217.jar:/home/runner/.m2/repository/org/eclipse/jetty/websocket/websocket-common/9.4.51.v20230217/websocket-common-9.4.51.v20230217.jar:/home/runner/.m2/repository/org/eclipse/jetty/websocket/websocket-api/9.4.51.v20230217/websocket-api-9.4.51.v20230217.jar:/home/runner/.m2/repository/org/jline/jline/3.9.0/jline-3.9.0.jar:/home/runner/.m2/repository/org/apache/hadoop/hadoop-mapreduce-client-core/3.3.6/hadoop-mapreduce-client-core-3.3.6.jar:/home/runner/.m2/repository/org/apache/avro/avro/1.7.7/avro-1.7.7.jar:/home/runner/.m2/repository/com/thoughtworks/paranamer/paranamer/2.3/paranamer-2.3.jar:/home/runner/.m2/repository/org/apache/hadoop/hadoop-annotations/3.3.6/hadoop-annotations-3.3.6.jar:/home/runner/.m2/repository/io/netty/netty/3.10.6.Final/netty-3.10.6.Final.jar:/home/runner/.m2/repository/org/apache/hadoop/hadoop-distcp/3.3.6/hadoop-distcp-3.3.6-tests.jar:/home/runner/.m2/repository/org/hamcrest/hamcrest/2.2/hamcrest-2.2.jar:/home/runner/.m2/repository/org/slf4j/jul-to-slf4j/2.0.13/jul-to-slf4j-2.0.13.jar:/home/runner/work/ozone/ozone/hadoop-ozone/integration-test/target/gradle-enterprise/test-listeners.jar:"/>
    <property name="java.vm.vendor" value="Eclipse Adoptium"/>
    <property name="sun.arch.data.model" value="64"/>
    <property name="test.build.dir" value="/home/runner/work/ozone/ozone/hadoop-ozone/integration-test/target/test-dir"/>
    <property name="test.cache.data" value=""/>
    <property name="java.vendor.url" value="https://adoptium.net/"/>
    <property name="user.timezone" value="Etc/UTC"/>
    <property name="maven-surefire-plugin.argLineAccessArgs" value=" --add-opens java.management/com.sun.jmx.mbeanserver=ALL-UNNAMED --add-exports java.management/com.sun.jmx.mbeanserver=ALL-UNNAMED --add-opens java.base/java.nio=ALL-UNNAMED --add-opens java.base/java.lang=ALL-UNNAMED --add-opens java.base/java.lang.reflect=ALL-UNNAMED"/>
    <property name="os.name" value="Linux"/>
    <property name="java.vm.specification.version" value="17"/>
    <property name="test.build.data" value="/home/runner/work/ozone/ozone/hadoop-ozone/integration-test/target/test-dir"/>
    <property name="sun.java.launcher" value="SUN_STANDARD"/>
    <property name="sun.boot.library.path" value="/usr/lib/jvm/temurin-17-jdk-amd64/lib"/>
    <property name="sun.java.command" value="/home/runner/work/ozone/ozone/hadoop-ozone/integration-test/target/surefire/surefirebooter17025825149066123639.jar /home/runner/work/ozone/ozone/hadoop-ozone/integration-test/target/surefire 2024-06-22T09-47-01_672-jvmRun1 surefire7719714165763292713tmp surefire_133528738697833711030tmp"/>
    <property name="jdk.debug" value="release"/>
    <property name="native.lib.tmp.dir" value="/tmp"/>
    <property name="surefire.test.class.path" value="/home/runner/work/ozone/ozone/hadoop-ozone/integration-test/target/test-classes:/home/runner/work/ozone/ozone/hadoop-ozone/integration-test/target/classes:/home/runner/work/ozone/ozone/hadoop-ozone/common/target/classes:/home/runner/.m2/repository/io/grpc/grpc-netty/1.58.0/grpc-netty-1.58.0.jar:/home/runner/.m2/repository/io/grpc/grpc-core/1.58.0/grpc-core-1.58.0.jar:/home/runner/.m2/repository/com/google/android/annotations/4.1.1.4/annotations-4.1.1.4.jar:/home/runner/.m2/repository/org/codehaus/mojo/animal-sniffer-annotations/1.23/animal-sniffer-annotations-1.23.jar:/home/runner/.m2/repository/io/grpc/grpc-context/1.58.0/grpc-context-1.58.0.jar:/home/runner/.m2/repository/io/grpc/grpc-util/1.58.0/grpc-util-1.58.0.jar:/home/runner/.m2/repository/com/google/errorprone/error_prone_annotations/2.2.0/error_prone_annotations-2.2.0.jar:/home/runner/.m2/repository/io/perfmark/perfmark-api/0.26.0/perfmark-api-0.26.0.jar:/home/runner/.m2/repository/io/netty/netty-codec-http2/4.1.109.Final/netty-codec-http2-4.1.109.Final.jar:/home/runner/.m2/repository/io/netty/netty-common/4.1.109.Final/netty-common-4.1.109.Final.jar:/home/runner/.m2/repository/io/netty/netty-buffer/4.1.109.Final/netty-buffer-4.1.109.Final.jar:/home/runner/.m2/repository/io/netty/netty-codec-http/4.1.109.Final/netty-codec-http-4.1.109.Final.jar:/home/runner/.m2/repository/io/netty/netty-handler-proxy/4.1.109.Final/netty-handler-proxy-4.1.109.Final.jar:/home/runner/.m2/repository/io/netty/netty-codec-socks/4.1.109.Final/netty-codec-socks-4.1.109.Final.jar:/home/runner/.m2/repository/io/netty/netty-tcnative-boringssl-static/2.0.65.Final/netty-tcnative-boringssl-static-2.0.65.Final.jar:/home/runner/.m2/repository/io/netty/netty-tcnative-classes/2.0.65.Final/netty-tcnative-classes-2.0.65.Final.jar:/home/runner/.m2/repository/io/netty/netty-tcnative-boringssl-static/2.0.65.Final/netty-tcnative-boringssl-static-2.0.65.Final-linux-x86_64.jar:/home/runner/.m2/repository/io/netty/netty-tcnative-boringssl-static/2.0.65.Final/netty-tcnative-boringssl-static-2.0.65.Final-linux-aarch_64.jar:/home/runner/.m2/repository/io/netty/netty-tcnative-boringssl-static/2.0.65.Final/netty-tcnative-boringssl-static-2.0.65.Final-osx-x86_64.jar:/home/runner/.m2/repository/io/netty/netty-tcnative-boringssl-static/2.0.65.Final/netty-tcnative-boringssl-static-2.0.65.Final-osx-aarch_64.jar:/home/runner/.m2/repository/io/netty/netty-tcnative-boringssl-static/2.0.65.Final/netty-tcnative-boringssl-static-2.0.65.Final-windows-x86_64.jar:/home/runner/.m2/repository/org/apache/commons/commons-compress/1.26.0/commons-compress-1.26.0.jar:/home/runner/work/ozone/ozone/hadoop-hdds/common/target/classes:/home/runner/work/ozone/ozone/hadoop-hdds/client/target/classes:/home/runner/work/ozone/ozone/hadoop-ozone/interface-client/target/classes:/home/runner/.m2/repository/org/apache/hadoop/hadoop-hdfs-client/3.3.6/hadoop-hdfs-client-3.3.6.jar:/home/runner/.m2/repository/com/squareup/okhttp3/okhttp/4.12.0/okhttp-4.12.0.jar:/home/runner/.m2/repository/com/squareup/okio/okio/3.6.0/okio-3.6.0.jar:/home/runner/.m2/repository/com/squareup/okio/okio-jvm/3.6.0/okio-jvm-3.6.0.jar:/home/runner/.m2/repository/org/jetbrains/kotlin/kotlin-stdlib-jdk8/1.9.24/kotlin-stdlib-jdk8-1.9.24.jar:/home/runner/.m2/repository/org/jetbrains/kotlin/kotlin-stdlib-jdk7/1.9.24/kotlin-stdlib-jdk7-1.9.24.jar:/home/runner/.m2/repository/org/jetbrains/kotlin/kotlin-stdlib-common/1.9.24/kotlin-stdlib-common-1.9.24.jar:/home/runner/work/ozone/ozone/hadoop-hdds/test-utils/target/classes:/home/runner/.m2/repository/org/assertj/assertj-core/3.26.0/assertj-core-3.26.0.jar:/home/runner/.m2/repository/net/bytebuddy/byte-buddy/1.14.16/byte-buddy-1.14.16.jar:/home/runner/.m2/repository/com/google/guava/guava/32.1.3-jre/guava-32.1.3-jre.jar:/home/runner/.m2/repository/com/google/guava/failureaccess/1.0.1/failureaccess-1.0.1.jar:/home/runner/.m2/repository/com/google/guava/listenablefuture/9999.0-empty-to-avoid-conflict-with-guava/listenablefuture-9999.0-empty-to-avoid-conflict-with-guava.jar:/home/runner/.m2/repository/org/checkerframework/checker-qual/3.37.0/checker-qual-3.37.0.jar:/home/runner/.m2/repository/com/google/j2objc/j2objc-annotations/2.8/j2objc-annotations-2.8.jar:/home/runner/.m2/repository/commons-io/commons-io/2.16.1/commons-io-2.16.1.jar:/home/runner/.m2/repository/commons-logging/commons-logging/1.2/commons-logging-1.2.jar:/home/runner/.m2/repository/org/junit/jupiter/junit-jupiter-api/5.10.2/junit-jupiter-api-5.10.2.jar:/home/runner/.m2/repository/org/opentest4j/opentest4j/1.3.0/opentest4j-1.3.0.jar:/home/runner/.m2/repository/org/junit/platform/junit-platform-commons/1.10.2/junit-platform-commons-1.10.2.jar:/home/runner/.m2/repository/ch/qos/reload4j/reload4j/1.2.25/reload4j-1.2.25.jar:/home/runner/.m2/repository/jakarta/annotation/jakarta.annotation-api/2.1.1/jakarta.annotation-api-2.1.1.jar:/home/runner/.m2/repository/org/slf4j/slf4j-api/2.0.13/slf4j-api-2.0.13.jar:/home/runner/.m2/repository/org/apache/logging/log4j/log4j-api/2.17.1/log4j-api-2.17.1.jar:/home/runner/work/ozone/ozone/hadoop-hdds/server-scm/target/classes:/home/runner/.m2/repository/com/google/protobuf/protobuf-java/2.5.0/protobuf-java-2.5.0.jar:/home/runner/work/ozone/ozone/hadoop-hdds/container-service/target/classes:/home/runner/work/ozone/ozone/hadoop-hdds/hadoop-dependency-server/target/classes:/home/runner/.m2/repository/com/nimbusds/nimbus-jose-jwt/9.37.2/nimbus-jose-jwt-9.37.2.jar:/home/runner/.m2/repository/com/github/stephenc/jcip/jcip-annotations/1.0-1/jcip-annotations-1.0-1.jar:/home/runner/.m2/repository/org/apache/hadoop/hadoop-hdfs/3.3.6/hadoop-hdfs-3.3.6.jar:/home/runner/.m2/repository/commons-daemon/commons-daemon/1.3.4/commons-daemon-1.3.4.jar:/home/runner/.m2/repository/org/apache/kerby/kerb-core/1.0.1/kerb-core-1.0.1.jar:/home/runner/.m2/repository/org/apache/kerby/kerby-pkix/1.0.1/kerby-pkix-1.0.1.jar:/home/runner/.m2/repository/org/apache/kerby/kerby-asn1/1.0.1/kerby-asn1-1.0.1.jar:/home/runner/.m2/repository/org/apache/kerby/kerby-util/1.0.1/kerby-util-1.0.1.jar:/home/runner/.m2/repository/org/apache/kerby/kerb-util/1.0.1/kerb-util-1.0.1.jar:/home/runner/.m2/repository/org/apache/kerby/kerby-config/1.0.1/kerby-config-1.0.1.jar:/home/runner/.m2/repository/org/apache/kerby/kerb-crypto/1.0.1/kerb-crypto-1.0.1.jar:/home/runner/.m2/repository/org/xerial/snappy/snappy-java/1.1.10.5/snappy-java-1.1.10.5.jar:/home/runner/work/ozone/ozone/hadoop-hdds/framework/target/classes:/home/runner/.m2/repository/org/bouncycastle/bcprov-jdk18on/1.78.1/bcprov-jdk18on-1.78.1.jar:/home/runner/.m2/repository/io/dropwizard/metrics/metrics-core/3.2.6/metrics-core-3.2.6.jar:/home/runner/.m2/repository/org/apache/commons/commons-text/1.12.0/commons-text-1.12.0.jar:/home/runner/work/ozone/ozone/hadoop-hdds/framework/target/test-classes:/home/runner/work/ozone/ozone/hadoop-hdds/interface-server/target/classes:/home/runner/work/ozone/ozone/hadoop-hdds/interface-admin/target/classes:/home/runner/work/ozone/ozone/hadoop-hdds/managed-rocksdb/target/classes:/home/runner/.m2/repository/org/rocksdb/rocksdbjni/7.7.3/rocksdbjni-7.7.3.jar:/home/runner/.m2/repository/org/slf4j/slf4j-reload4j/2.0.13/slf4j-reload4j-2.0.13.jar:/home/runner/.m2/repository/org/apache/commons/commons-configuration2/2.10.1/commons-configuration2-2.10.1.jar:/home/runner/.m2/repository/commons-fileupload/commons-fileupload/1.5/commons-fileupload-1.5.jar:/home/runner/.m2/repository/org/apache/logging/log4j/log4j-core/2.17.1/log4j-core-2.17.1.jar:/home/runner/.m2/repository/com/lmax/disruptor/3.4.4/disruptor-3.4.4.jar:/home/runner/.m2/repository/org/eclipse/jetty/jetty-util/9.4.54.v20240208/jetty-util-9.4.54.v20240208.jar:/home/runner/.m2/repository/org/eclipse/jetty/jetty-server/9.4.54.v20240208/jetty-server-9.4.54.v20240208.jar:/home/runner/.m2/repository/org/eclipse/jetty/jetty-http/9.4.54.v20240208/jetty-http-9.4.54.v20240208.jar:/home/runner/.m2/repository/org/eclipse/jetty/jetty-io/9.4.54.v20240208/jetty-io-9.4.54.v20240208.jar:/home/runner/.m2/repository/org/eclipse/jetty/jetty-servlet/9.4.54.v20240208/jetty-servlet-9.4.54.v20240208.jar:/home/runner/.m2/repository/org/eclipse/jetty/jetty-security/9.4.54.v20240208/jetty-security-9.4.54.v20240208.jar:/home/runner/.m2/repository/org/eclipse/jetty/jetty-util-ajax/9.4.54.v20240208/jetty-util-ajax-9.4.54.v20240208.jar:/home/runner/.m2/repository/org/eclipse/jetty/jetty-webapp/9.4.54.v20240208/jetty-webapp-9.4.54.v20240208.jar:/home/runner/.m2/repository/org/eclipse/jetty/jetty-xml/9.4.54.v20240208/jetty-xml-9.4.54.v20240208.jar:/home/runner/.m2/repository/org/apache/ratis/ratis-server/3.0.1/ratis-server-3.0.1.jar:/home/runner/.m2/repository/org/apache/ratis/ratis-thirdparty-misc/1.0.5/ratis-thirdparty-misc-1.0.5.jar:/home/runner/.m2/repository/org/apache/ratis/ratis-proto/3.0.1/ratis-proto-3.0.1.jar:/home/runner/.m2/repository/org/apache/ratis/ratis-common/3.0.1/ratis-common-3.0.1.jar:/home/runner/.m2/repository/org/apache/ratis/ratis-client/3.0.1/ratis-client-3.0.1.jar:/home/runner/.m2/repository/org/apache/ratis/ratis-metrics-api/3.0.1/ratis-metrics-api-3.0.1.jar:/home/runner/.m2/repository/org/apache/ratis/ratis-metrics-dropwizard3/3.0.1/ratis-metrics-dropwizard3-3.0.1.jar:/home/runner/.m2/repository/io/prometheus/simpleclient_dropwizard/0.16.0/simpleclient_dropwizard-0.16.0.jar:/home/runner/.m2/repository/io/prometheus/simpleclient/0.16.0/simpleclient-0.16.0.jar:/home/runner/.m2/repository/io/prometheus/simpleclient_common/0.16.0/simpleclient_common-0.16.0.jar:/home/runner/.m2/repository/com/fasterxml/jackson/datatype/jackson-datatype-jsr310/2.16.2/jackson-datatype-jsr310-2.16.2.jar:/home/runner/.m2/repository/com/fasterxml/jackson/core/jackson-core/2.16.2/jackson-core-2.16.2.jar:/home/runner/work/ozone/ozone/hadoop-hdds/rocksdb-checkpoint-differ/target/classes:/home/runner/.m2/repository/org/jgrapht/jgrapht-core/1.4.0/jgrapht-core-1.4.0.jar:/home/runner/.m2/repository/org/jheaps/jheaps/0.11/jheaps-0.11.jar:/home/runner/.m2/repository/org/jgrapht/jgrapht-ext/1.4.0/jgrapht-ext-1.4.0.jar:/home/runner/.m2/repository/com/github/vlsi/mxgraph/jgraphx/3.9.8.1/jgraphx-3.9.8.1.jar:/home/runner/work/ozone/ozone/hadoop-ozone/ozone-manager/target/classes:/home/runner/.m2/repository/org/aspectj/aspectjrt/1.9.7/aspectjrt-1.9.7.jar:/home/runner/.m2/repository/org/aspectj/aspectjweaver/1.9.7/aspectjweaver-1.9.7.jar:/home/runner/work/ozone/ozone/hadoop-hdds/interface-client/target/classes:/home/runner/.m2/repository/org/apache/hadoop/thirdparty/hadoop-shaded-protobuf_3_7/1.1.1/hadoop-shaded-protobuf_3_7-1.1.1.jar:/home/runner/work/ozone/ozone/hadoop-ozone/interface-storage/target/classes:/home/runner/.m2/repository/org/reflections/reflections/0.10.2/reflections-0.10.2.jar:/home/runner/.m2/repository/com/sun/jersey/jersey-client/1.19.4/jersey-client-1.19.4.jar:/home/runner/.m2/repository/org/codehaus/jackson/jackson-core-asl/1.9.13/jackson-core-asl-1.9.13.jar:/home/runner/.m2/repository/org/codehaus/jackson/jackson-mapper-asl/1.9.13/jackson-mapper-asl-1.9.13.jar:/home/runner/.m2/repository/org/codehaus/jackson/jackson-jaxrs/1.9.13/jackson-jaxrs-1.9.13.jar:/home/runner/.m2/repository/org/apache/ranger/ranger-intg/2.3.0/ranger-intg-2.3.0.jar:/home/runner/.m2/repository/org/apache/ranger/ranger-plugins-common/2.3.0/ranger-plugins-common-2.3.0.jar:/home/runner/.m2/repository/commons-lang/commons-lang/2.6/commons-lang-2.6.jar:/home/runner/.m2/repository/org/apache/ranger/ranger-plugins-cred/2.3.0/ranger-plugins-cred-2.3.0.jar:/home/runner/.m2/repository/org/apache/ranger/ranger-plugins-audit/2.3.0/ranger-plugins-audit-2.3.0.jar:/home/runner/.m2/repository/org/eclipse/jetty/jetty-client/9.4.54.v20240208/jetty-client-9.4.54.v20240208.jar:/home/runner/.m2/repository/org/apache/httpcomponents/httpmime/4.5.6/httpmime-4.5.6.jar:/home/runner/.m2/repository/org/apache/httpcomponents/httpcore-nio/4.4.16/httpcore-nio-4.4.16.jar:/home/runner/.m2/repository/org/apache/httpcomponents/httpasyncclient/4.1.3/httpasyncclient-4.1.3.jar:/home/runner/.m2/repository/com/carrotsearch/hppc/0.8.0/hppc-0.8.0.jar:/home/runner/.m2/repository/org/apache/orc/orc-core/1.5.8/orc-core-1.5.8.jar:/home/runner/.m2/repository/net/java/dev/jna/jna/5.2.0/jna-5.2.0.jar:/home/runner/.m2/repository/net/java/dev/jna/jna-platform/5.2.0/jna-platform-5.2.0.jar:/home/runner/.m2/repository/com/kstruct/gethostname4j/0.0.2/gethostname4j-0.0.2.jar:/home/runner/.m2/repository/org/apache/ranger/ranger-plugin-classloader/2.3.0/ranger-plugin-classloader-2.3.0.jar:/home/runner/work/ozone/ozone/hadoop-hdds/rocks-native/target/classes:/home/runner/.m2/repository/org/apache/hadoop/hadoop-minikdc/3.3.6/hadoop-minikdc-3.3.6.jar:/home/runner/.m2/repository/org/apache/kerby/kerb-simplekdc/1.0.1/kerb-simplekdc-1.0.1.jar:/home/runner/.m2/repository/org/apache/kerby/kerb-client/1.0.1/kerb-client-1.0.1.jar:/home/runner/.m2/repository/org/apache/kerby/kerb-common/1.0.1/kerb-common-1.0.1.jar:/home/runner/.m2/repository/org/apache/kerby/token-provider/1.0.1/token-provider-1.0.1.jar:/home/runner/.m2/repository/org/apache/kerby/kerb-admin/1.0.1/kerb-admin-1.0.1.jar:/home/runner/.m2/repository/org/apache/kerby/kerb-server/1.0.1/kerb-server-1.0.1.jar:/home/runner/.m2/repository/org/apache/kerby/kerb-identity/1.0.1/kerb-identity-1.0.1.jar:/home/runner/.m2/repository/org/apache/kerby/kerby-xdr/1.0.1/kerby-xdr-1.0.1.jar:/home/runner/.m2/repository/junit/junit/4.13.2/junit-4.13.2.jar:/home/runner/.m2/repository/org/hamcrest/hamcrest-core/1.3/hamcrest-core-1.3.jar:/home/runner/work/ozone/ozone/hadoop-ozone/s3gateway/target/classes:/home/runner/.m2/repository/org/javassist/javassist/3.30.2-GA/javassist-3.30.2-GA.jar:/home/runner/.m2/repository/org/jboss/weld/servlet/weld-servlet-shaded/3.1.9.Final/weld-servlet-shaded-3.1.9.Final.jar:/home/runner/.m2/repository/org/glassfish/jersey/containers/jersey-container-servlet-core/2.43/jersey-container-servlet-core-2.43.jar:/home/runner/.m2/repository/org/glassfish/hk2/external/jakarta.inject/2.6.1/jakarta.inject-2.6.1.jar:/home/runner/.m2/repository/org/glassfish/jersey/core/jersey-common/2.43/jersey-common-2.43.jar:/home/runner/.m2/repository/jakarta/ws/rs/jakarta.ws.rs-api/2.1.6/jakarta.ws.rs-api-2.1.6.jar:/home/runner/.m2/repository/org/glassfish/jersey/ext/cdi/jersey-cdi1x/2.43/jersey-cdi1x-2.43.jar:/home/runner/.m2/repository/org/glassfish/jersey/inject/jersey-hk2/2.43/jersey-hk2-2.43.jar:/home/runner/.m2/repository/org/glassfish/hk2/hk2-locator/2.6.1/hk2-locator-2.6.1.jar:/home/runner/.m2/repository/org/glassfish/jersey/media/jersey-media-jaxb/2.43/jersey-media-jaxb-2.43.jar:/home/runner/.m2/repository/org/glassfish/hk2/osgi-resource-locator/1.0.3/osgi-resource-locator-1.0.3.jar:/home/runner/.m2/repository/org/glassfish/hk2/hk2-api/2.6.1/hk2-api-2.6.1.jar:/home/runner/.m2/repository/org/glassfish/hk2/hk2-utils/2.6.1/hk2-utils-2.6.1.jar:/home/runner/.m2/repository/org/glassfish/hk2/external/aopalliance-repackaged/2.6.1/aopalliance-repackaged-2.6.1.jar:/home/runner/.m2/repository/com/fasterxml/jackson/dataformat/jackson-dataformat-xml/2.16.2/jackson-dataformat-xml-2.16.2.jar:/home/runner/.m2/repository/org/codehaus/woodstox/stax2-api/4.2.2/stax2-api-4.2.2.jar:/home/runner/.m2/repository/com/fasterxml/woodstox/woodstox-core/5.4.0/woodstox-core-5.4.0.jar:/home/runner/.m2/repository/com/fasterxml/jackson/module/jackson-module-jaxb-annotations/2.16.2/jackson-module-jaxb-annotations-2.16.2.jar:/home/runner/.m2/repository/javax/enterprise/cdi-api/2.0/cdi-api-2.0.jar:/home/runner/.m2/repository/javax/el/javax.el-api/3.0.0/javax.el-api-3.0.0.jar:/home/runner/.m2/repository/javax/interceptor/javax.interceptor-api/1.2/javax.interceptor-api-1.2.jar:/home/runner/.m2/repository/javax/inject/javax.inject/1/javax.inject-1.jar:/home/runner/.m2/repository/jakarta/xml/bind/jakarta.xml.bind-api/2.3.3/jakarta.xml.bind-api-2.3.3.jar:/home/runner/.m2/repository/org/glassfish/jaxb/jaxb-runtime/2.3.9/jaxb-runtime-2.3.9.jar:/home/runner/.m2/repository/org/glassfish/jaxb/txw2/2.3.9/txw2-2.3.9.jar:/home/runner/.m2/repository/com/sun/istack/istack-commons-runtime/3.0.12/istack-commons-runtime-3.0.12.jar:/home/runner/.m2/repository/com/sun/activation/jakarta.activation/1.2.2/jakarta.activation-1.2.2.jar:/home/runner/.m2/repository/jakarta/activation/jakarta.activation-api/1.2.2/jakarta.activation-api-1.2.2.jar:/home/runner/.m2/repository/io/grpc/grpc-protobuf/1.58.0/grpc-protobuf-1.58.0.jar:/home/runner/.m2/repository/com/google/api/grpc/proto-google-common-protos/2.22.0/proto-google-common-protos-2.22.0.jar:/home/runner/.m2/repository/io/grpc/grpc-protobuf-lite/1.58.0/grpc-protobuf-lite-1.58.0.jar:/home/runner/.m2/repository/io/grpc/grpc-stub/1.58.0/grpc-stub-1.58.0.jar:/home/runner/.m2/repository/io/netty/netty-transport/4.1.109.Final/netty-transport-4.1.109.Final.jar:/home/runner/.m2/repository/io/netty/netty-resolver/4.1.109.Final/netty-resolver-4.1.109.Final.jar:/home/runner/work/ozone/ozone/hadoop-ozone/csi/target/classes:/home/runner/.m2/repository/com/google/protobuf/protobuf-java-util/3.19.6/protobuf-java-util-3.19.6.jar:/home/runner/.m2/repository/com/google/code/gson/gson/2.10.1/gson-2.10.1.jar:/home/runner/work/ozone/ozone/hadoop-hdds/config/target/classes:/home/runner/.m2/repository/io/netty/netty-transport-native-epoll/4.1.109.Final/netty-transport-native-epoll-4.1.109.Final-linux-x86_64.jar:/home/runner/.m2/repository/io/netty/netty-transport-classes-epoll/4.1.109.Final/netty-transport-classes-epoll-4.1.109.Final.jar:/home/runner/.m2/repository/io/netty/netty-transport-native-unix-common/4.1.109.Final/netty-transport-native-unix-common-4.1.109.Final.jar:/home/runner/work/ozone/ozone/hadoop-ozone/recon/target/classes:/home/runner/work/ozone/ozone/hadoop-ozone/recon-codegen/target/classes:/home/runner/.m2/repository/com/google/inject/guice/6.0.0/guice-6.0.0.jar:/home/runner/.m2/repository/jakarta/inject/jakarta.inject-api/2.0.1/jakarta.inject-api-2.0.1.jar:/home/runner/.m2/repository/aopalliance/aopalliance/1.0/aopalliance-1.0.jar:/home/runner/.m2/repository/com/google/inject/extensions/guice-assistedinject/6.0.0/guice-assistedinject-6.0.0.jar:/home/runner/.m2/repository/com/google/inject/extensions/guice-servlet/6.0.0/guice-servlet-6.0.0.jar:/home/runner/.m2/repository/org/glassfish/jersey/containers/jersey-container-servlet/2.43/jersey-container-servlet-2.43.jar:/home/runner/.m2/repository/org/glassfish/hk2/guice-bridge/2.6.1/guice-bridge-2.6.1.jar:/home/runner/.m2/repository/org/glassfish/jersey/core/jersey-server/2.43/jersey-server-2.43.jar:/home/runner/.m2/repository/org/glassfish/jersey/core/jersey-client/2.43/jersey-client-2.43.jar:/home/runner/.m2/repository/jakarta/validation/jakarta.validation-api/2.0.2/jakarta.validation-api-2.0.2.jar:/home/runner/.m2/repository/org/glassfish/jersey/media/jersey-media-json-jackson/2.43/jersey-media-json-jackson-2.43.jar:/home/runner/.m2/repository/org/glassfish/jersey/ext/jersey-entity-filtering/2.43/jersey-entity-filtering-2.43.jar:/home/runner/.m2/repository/org/jooq/jooq/3.11.10/jooq-3.11.10.jar:/home/runner/.m2/repository/org/jooq/jooq-meta/3.11.10/jooq-meta-3.11.10.jar:/home/runner/.m2/repository/org/jooq/jooq-codegen/3.11.10/jooq-codegen-3.11.10.jar:/home/runner/.m2/repository/com/jolbox/bonecp/0.8.0.RELEASE/bonecp-0.8.0.RELEASE.jar:/home/runner/.m2/repository/org/apache/derby/derby/10.14.2.0/derby-10.14.2.0.jar:/home/runner/.m2/repository/org/xerial/sqlite-jdbc/3.44.1.0/sqlite-jdbc-3.44.1.0.jar:/home/runner/.m2/repository/org/springframework/spring-jdbc/5.3.34/spring-jdbc-5.3.34.jar:/home/runner/.m2/repository/org/springframework/spring-beans/5.3.34/spring-beans-5.3.34.jar:/home/runner/.m2/repository/org/springframework/spring-core/5.3.34/spring-core-5.3.34.jar:/home/runner/.m2/repository/org/springframework/spring-tx/5.3.34/spring-tx-5.3.34.jar:/home/runner/work/ozone/ozone/hadoop-ozone/client/target/classes:/home/runner/work/ozone/ozone/hadoop-hdds/erasurecode/target/classes:/home/runner/work/ozone/ozone/hadoop-ozone/ozonefs/target/classes:/home/runner/work/ozone/ozone/hadoop-ozone/ozonefs-common/target/classes:/home/runner/work/ozone/ozone/hadoop-ozone/tools/target/classes:/home/runner/.m2/repository/com/amazonaws/aws-java-sdk-core/1.12.661/aws-java-sdk-core-1.12.661.jar:/home/runner/.m2/repository/org/apache/httpcomponents/httpclient/4.5.14/httpclient-4.5.14.jar:/home/runner/.m2/repository/org/apache/httpcomponents/httpcore/4.4.16/httpcore-4.4.16.jar:/home/runner/.m2/repository/com/fasterxml/jackson/dataformat/jackson-dataformat-cbor/2.16.2/jackson-dataformat-cbor-2.16.2.jar:/home/runner/.m2/repository/joda-time/joda-time/2.12.7/joda-time-2.12.7.jar:/home/runner/.m2/repository/com/amazonaws/aws-java-sdk-s3/1.12.661/aws-java-sdk-s3-1.12.661.jar:/home/runner/.m2/repository/com/amazonaws/aws-java-sdk-kms/1.12.661/aws-java-sdk-kms-1.12.661.jar:/home/runner/.m2/repository/com/amazonaws/jmespath-java/1.12.661/jmespath-java-1.12.661.jar:/home/runner/.m2/repository/org/kohsuke/metainf-services/metainf-services/1.11/metainf-services-1.11.jar:/home/runner/work/ozone/ozone/hadoop-hdds/tools/target/classes:/home/runner/.m2/repository/org/apache/ratis/ratis-tools/3.0.1/ratis-tools-3.0.1.jar:/home/runner/.m2/repository/commons-cli/commons-cli/1.8.0/commons-cli-1.8.0.jar:/home/runner/.m2/repository/org/apache/commons/commons-lang3/3.14.0/commons-lang3-3.14.0.jar:/home/runner/work/ozone/ozone/hadoop-ozone/ozone-manager/target/test-classes:/home/runner/work/ozone/ozone/hadoop-hdds/common/target/test-classes:/home/runner/work/ozone/ozone/hadoop-hdds/hadoop-dependency-client/target/classes:/home/runner/.m2/repository/info/picocli/picocli/4.7.6/picocli-4.7.6.jar:/home/runner/.m2/repository/com/fasterxml/jackson/core/jackson-annotations/2.16.2/jackson-annotations-2.16.2.jar:/home/runner/work/ozone/ozone/hadoop-hdds/annotations/target/classes:/home/runner/.m2/repository/javax/annotation/javax.annotation-api/1.3.2/javax.annotation-api-1.3.2.jar:/home/runner/.m2/repository/org/apache/ratis/ratis-server-api/3.0.1/ratis-server-api-3.0.1.jar:/home/runner/.m2/repository/org/apache/ratis/ratis-netty/3.0.1/ratis-netty-3.0.1.jar:/home/runner/.m2/repository/org/apache/ratis/ratis-grpc/3.0.1/ratis-grpc-3.0.1.jar:/home/runner/.m2/repository/org/bouncycastle/bcpkix-jdk18on/1.78.1/bcpkix-jdk18on-1.78.1.jar:/home/runner/.m2/repository/org/bouncycastle/bcutil-jdk18on/1.78.1/bcutil-jdk18on-1.78.1.jar:/home/runner/.m2/repository/commons-validator/commons-validator/1.6/commons-validator-1.6.jar:/home/runner/.m2/repository/commons-beanutils/commons-beanutils/1.9.4/commons-beanutils-1.9.4.jar:/home/runner/.m2/repository/commons-digester/commons-digester/1.8.1/commons-digester-1.8.1.jar:/home/runner/.m2/repository/commons-collections/commons-collections/3.2.2/commons-collections-3.2.2.jar:/home/runner/.m2/repository/io/jaegertracing/jaeger-client/1.8.1/jaeger-client-1.8.1.jar:/home/runner/.m2/repository/io/jaegertracing/jaeger-thrift/1.8.1/jaeger-thrift-1.8.1.jar:/home/runner/.m2/repository/org/apache/thrift/libthrift/0.15.0/libthrift-0.15.0.jar:/home/runner/.m2/repository/io/jaegertracing/jaeger-core/1.8.1/jaeger-core-1.8.1.jar:/home/runner/.m2/repository/io/jaegertracing/jaeger-tracerresolver/1.8.1/jaeger-tracerresolver-1.8.1.jar:/home/runner/.m2/repository/io/opentracing/contrib/opentracing-tracerresolver/0.1.8/opentracing-tracerresolver-0.1.8.jar:/home/runner/.m2/repository/org/jetbrains/kotlin/kotlin-stdlib/1.9.24/kotlin-stdlib-1.9.24.jar:/home/runner/.m2/repository/org/jetbrains/annotations/13.0/annotations-13.0.jar:/home/runner/.m2/repository/io/opentracing/opentracing-util/0.33.0/opentracing-util-0.33.0.jar:/home/runner/.m2/repository/io/opentracing/opentracing-api/0.33.0/opentracing-api-0.33.0.jar:/home/runner/.m2/repository/io/opentracing/opentracing-noop/0.33.0/opentracing-noop-0.33.0.jar:/home/runner/.m2/repository/org/yaml/snakeyaml/2.0/snakeyaml-2.0.jar:/home/runner/.m2/repository/io/grpc/grpc-api/1.58.0/grpc-api-1.58.0.jar:/home/runner/.m2/repository/org/junit/platform/junit-platform-launcher/1.10.2/junit-platform-launcher-1.10.2.jar:/home/runner/.m2/repository/org/junit/platform/junit-platform-engine/1.10.2/junit-platform-engine-1.10.2.jar:/home/runner/.m2/repository/org/apiguardian/apiguardian-api/1.1.2/apiguardian-api-1.1.2.jar:/home/runner/.m2/repository/org/apache/hadoop/hadoop-kms/3.3.6/hadoop-kms-3.3.6.jar:/home/runner/.m2/repository/org/apache/hadoop/hadoop-auth/3.3.6/hadoop-auth-3.3.6.jar:/home/runner/.m2/repository/org/apache/zookeeper/zookeeper/3.8.4/zookeeper-3.8.4.jar:/home/runner/.m2/repository/org/apache/zookeeper/zookeeper-jute/3.8.4/zookeeper-jute-3.8.4.jar:/home/runner/.m2/repository/org/apache/yetus/audience-annotations/0.12.0/audience-annotations-0.12.0.jar:/home/runner/.m2/repository/org/apache/curator/curator-framework/4.2.0/curator-framework-4.2.0.jar:/home/runner/.m2/repository/org/apache/hadoop/thirdparty/hadoop-shaded-guava/1.2.0/hadoop-shaded-guava-1.2.0.jar:/home/runner/.m2/repository/com/sun/jersey/jersey-core/1.19.4/jersey-core-1.19.4.jar:/home/runner/.m2/repository/javax/ws/rs/jsr311-api/1.1.1/jsr311-api-1.1.1.jar:/home/runner/.m2/repository/com/sun/jersey/jersey-server/1.19.4/jersey-server-1.19.4.jar:/home/runner/.m2/repository/javax/servlet/javax.servlet-api/3.1.0/javax.servlet-api-3.1.0.jar:/home/runner/.m2/repository/org/apache/hadoop/hadoop-common/3.3.6/hadoop-common-3.3.6.jar:/home/runner/.m2/repository/org/apache/commons/commons-math3/3.6.1/commons-math3-3.6.1.jar:/home/runner/.m2/repository/commons-net/commons-net/3.10.0/commons-net-3.10.0.jar:/home/runner/.m2/repository/com/sun/jersey/jersey-servlet/1.19.4/jersey-servlet-1.19.4.jar:/home/runner/.m2/repository/com/github/pjfanning/jersey-json/1.20/jersey-json-1.20.jar:/home/runner/.m2/repository/org/codehaus/jettison/jettison/1.1/jettison-1.1.jar:/home/runner/.m2/repository/com/sun/xml/bind/jaxb-impl/2.2.3-1/jaxb-impl-2.2.3-1.jar:/home/runner/.m2/repository/com/google/re2j/re2j/1.7/re2j-1.7.jar:/home/runner/.m2/repository/com/jcraft/jsch/0.1.55/jsch-0.1.55.jar:/home/runner/.m2/repository/org/apache/curator/curator-client/4.2.0/curator-client-4.2.0.jar:/home/runner/.m2/repository/org/apache/curator/curator-recipes/5.2.0/curator-recipes-5.2.0.jar:/home/runner/.m2/repository/com/google/code/findbugs/jsr305/3.0.2/jsr305-3.0.2.jar:/home/runner/.m2/repository/dnsjava/dnsjava/2.1.9/dnsjava-2.1.9.jar:/home/runner/.m2/repository/com/fasterxml/jackson/core/jackson-databind/2.16.2/jackson-databind-2.16.2.jar:/home/runner/.m2/repository/org/apache/hadoop/hadoop-kms/3.3.6/hadoop-kms-3.3.6-tests.jar:/home/runner/work/ozone/ozone/hadoop-hdds/server-scm/target/test-classes:/home/runner/work/ozone/ozone/hadoop-hdds/container-service/target/test-classes:/home/runner/.m2/repository/com/github/luben/zstd-jni/1.5.6-3/zstd-jni-1.5.6-3.jar:/home/runner/.m2/repository/commons-codec/commons-codec/1.17.0/commons-codec-1.17.0.jar:/home/runner/.m2/repository/io/netty/netty-codec/4.1.109.Final/netty-codec-4.1.109.Final.jar:/home/runner/.m2/repository/io/netty/netty-handler/4.1.109.Final/netty-handler-4.1.109.Final.jar:/home/runner/work/ozone/ozone/hadoop-hdds/hadoop-dependency-test/target/classes:/home/runner/.m2/repository/org/apache/hadoop/hadoop-common/3.3.6/hadoop-common-3.3.6-tests.jar:/home/runner/.m2/repository/org/apache/hadoop/hadoop-hdfs/3.3.6/hadoop-hdfs-3.3.6-tests.jar:/home/runner/.m2/repository/org/junit/jupiter/junit-jupiter-engine/5.10.2/junit-jupiter-engine-5.10.2.jar:/home/runner/.m2/repository/org/junit/jupiter/junit-jupiter-params/5.10.2/junit-jupiter-params-5.10.2.jar:/home/runner/.m2/repository/org/mockito/mockito-core/4.11.0/mockito-core-4.11.0.jar:/home/runner/.m2/repository/net/bytebuddy/byte-buddy-agent/1.12.19/byte-buddy-agent-1.12.19.jar:/home/runner/.m2/repository/org/objenesis/objenesis/3.3/objenesis-3.3.jar:/home/runner/.m2/repository/org/mockito/mockito-inline/4.11.0/mockito-inline-4.11.0.jar:/home/runner/.m2/repository/org/mockito/mockito-junit-jupiter/4.11.0/mockito-junit-jupiter-4.11.0.jar:/home/runner/.m2/repository/org/apache/hadoop/hadoop-distcp/3.3.6/hadoop-distcp-3.3.6.jar:/home/runner/.m2/repository/org/apache/hadoop/hadoop-mapreduce-client-jobclient/3.3.6/hadoop-mapreduce-client-jobclient-3.3.6.jar:/home/runner/.m2/repository/org/apache/hadoop/hadoop-mapreduce-client-common/3.3.6/hadoop-mapreduce-client-common-3.3.6.jar:/home/runner/.m2/repository/org/apache/hadoop/hadoop-yarn-common/3.3.6/hadoop-yarn-common-3.3.6.jar:/home/runner/.m2/repository/org/apache/hadoop/hadoop-yarn-api/3.3.6/hadoop-yarn-api-3.3.6.jar:/home/runner/.m2/repository/javax/xml/bind/jaxb-api/2.2.11/jaxb-api-2.2.11.jar:/home/runner/.m2/repository/com/sun/jersey/contribs/jersey-guice/1.19.4/jersey-guice-1.19.4.jar:/home/runner/.m2/repository/com/fasterxml/jackson/jaxrs/jackson-jaxrs-json-provider/2.16.2/jackson-jaxrs-json-provider-2.16.2.jar:/home/runner/.m2/repository/com/fasterxml/jackson/jaxrs/jackson-jaxrs-base/2.16.2/jackson-jaxrs-base-2.16.2.jar:/home/runner/.m2/repository/org/apache/hadoop/hadoop-yarn-client/3.3.6/hadoop-yarn-client-3.3.6.jar:/home/runner/.m2/repository/org/eclipse/jetty/websocket/websocket-client/9.4.51.v20230217/websocket-client-9.4.51.v20230217.jar:/home/runner/.m2/repository/org/eclipse/jetty/websocket/websocket-common/9.4.51.v20230217/websocket-common-9.4.51.v20230217.jar:/home/runner/.m2/repository/org/eclipse/jetty/websocket/websocket-api/9.4.51.v20230217/websocket-api-9.4.51.v20230217.jar:/home/runner/.m2/repository/org/jline/jline/3.9.0/jline-3.9.0.jar:/home/runner/.m2/repository/org/apache/hadoop/hadoop-mapreduce-client-core/3.3.6/hadoop-mapreduce-client-core-3.3.6.jar:/home/runner/.m2/repository/org/apache/avro/avro/1.7.7/avro-1.7.7.jar:/home/runner/.m2/repository/com/thoughtworks/paranamer/paranamer/2.3/paranamer-2.3.jar:/home/runner/.m2/repository/org/apache/hadoop/hadoop-annotations/3.3.6/hadoop-annotations-3.3.6.jar:/home/runner/.m2/repository/io/netty/netty/3.10.6.Final/netty-3.10.6.Final.jar:/home/runner/.m2/repository/org/apache/hadoop/hadoop-distcp/3.3.6/hadoop-distcp-3.3.6-tests.jar:/home/runner/.m2/repository/org/hamcrest/hamcrest/2.2/hamcrest-2.2.jar:/home/runner/.m2/repository/org/slf4j/jul-to-slf4j/2.0.13/jul-to-slf4j-2.0.13.jar:/home/runner/work/ozone/ozone/hadoop-ozone/integration-test/target/gradle-enterprise/test-listeners.jar:"/>
    <property name="sun.cpu.endian" value="little"/>
    <property name="user.home" value="/home/runner"/>
    <property name="user.language" value="en"/>
    <property name="java.specification.vendor" value="Oracle Corporation"/>
    <property name="java.version.date" value="2024-04-16"/>
    <property name="java.home" value="/usr/lib/jvm/temurin-17-jdk-amd64"/>
    <property name="java.security.krb5.conf" value="/home/runner/work/ozone/ozone/hadoop-ozone/integration-test/target/test-classes/krb5.conf"/>
    <property name="file.separator" value="/"/>
    <property name="basedir" value="/home/runner/work/ozone/ozone/hadoop-ozone/integration-test"/>
    <property name="java.vm.compressedOopsMode" value="Zero based"/>
    <property name="line.separator" value="&#10;"/>
    <property name="java.vm.specification.vendor" value="Oracle Corporation"/>
    <property name="java.specification.name" value="Java Platform API Specification"/>
    <property name="skip.installnpx" value="true"/>
    <property name="surefire.real.class.path" value="/home/runner/work/ozone/ozone/hadoop-ozone/integration-test/target/surefire/surefirebooter17025825149066123639.jar"/>
    <property name="hadoop.log.dir" value="/home/runner/work/ozone/ozone/hadoop-ozone/integration-test/target/log"/>
    <property name="sun.management.compiler" value="HotSpot 64-Bit Tiered Compilers"/>
    <property name="java.runtime.version" value="17.0.11+9"/>
    <property name="skip.npx" value="true"/>
    <property name="user.name" value="runner"/>
    <property name="java.net.preferIPv4Stack" value="true"/>
    <property name="path.separator" value=":"/>
    <property name="java.security.egd" value="file:///dev/urandom"/>
    <property name="os.version" value="5.15.0-1064-azure"/>
    <property name="java.runtime.name" value="OpenJDK Runtime Environment"/>
    <property name="com.gradle.maven.scan.extension.test.listener.junitplatform.NestedExecutionSafeDelegatingTestExecutionListener" value="2fd1433e"/>
    <property name="file.encoding" value="UTF-8"/>
    <property name="java.vm.name" value="OpenJDK 64-Bit Server VM"/>
    <property name="java.vendor.version" value="Temurin-17.0.11+9"/>
    <property name="test.build.webapps" value=""/>
    <property name="develocity.listener.surefire.forkId" value="1"/>
    <property name="localRepository" value="/home/runner/.m2/repository"/>
    <property name="java.vendor.url.bug" value="https://github.com/adoptium/adoptium-support/issues"/>
    <property name="jetty.git.hash" value="cef3fbd6d736a21e7d541a5db490381d95a2047d"/>
    <property name="java.io.tmpdir" value="/tmp"/>
    <property name="require.test.libhadoop" value=""/>
    <property name="java.version" value="17.0.11"/>
    <property name="user.dir" value="/home/runner/work/ozone/ozone/hadoop-ozone/integration-test"/>
    <property name="os.arch" value="amd64"/>
    <property name="java.vm.specification.name" value="Java Virtual Machine Specification"/>
    <property name="test.build.classes" value="/home/runner/work/ozone/ozone/hadoop-ozone/integration-test/target/test-classes"/>
    <property name="org.apache.ratis.thirdparty.io.netty.allocator.useCacheForAllThreads" value="false"/>
    <property name="native.encoding" value="UTF-8"/>
    <property name="hadoop.tmp.dir" value="/home/runner/work/ozone/ozone/hadoop-ozone/integration-test/target/tmp"/>
    <property name="java.library.path" value="/usr/java/packages/lib:/usr/lib64:/lib64:/lib:/usr/lib"/>
    <property name="java.vm.info" value="mixed mode, sharing"/>
    <property name="java.vendor" value="Eclipse Adoptium"/>
    <property name="java.vm.version" value="17.0.11+9"/>
    <property name="sun.io.unicode.encoding" value="UnicodeLittle"/>
    <property name="develocity.listener.port" value="36847"/>
    <property name="java.class.version" value="61.0"/>
  </properties>
  <testcase name="testExclusiveSizeWithDirectoryDeepClean" classname="org.apache.hadoop.ozone.om.snapshot.TestSnapshotDirectoryCleaningService" time="11.714">
    <failure type="org.opentest4j.AssertionFailedError"><![CDATA[org.opentest4j.AssertionFailedError: expected: <3> but was: <0>
	at org.junit.jupiter.api.AssertionFailureBuilder.build(AssertionFailureBuilder.java:151)
	at org.junit.jupiter.api.AssertionFailureBuilder.buildAndThrow(AssertionFailureBuilder.java:132)
	at org.junit.jupiter.api.AssertEquals.failNotEqual(AssertEquals.java:197)
	at org.junit.jupiter.api.AssertEquals.assertEquals(AssertEquals.java:182)
	at org.junit.jupiter.api.AssertEquals.assertEquals(AssertEquals.java:177)
	at org.junit.jupiter.api.Assertions.assertEquals(Assertions.java:646)
	at org.apache.hadoop.ozone.om.snapshot.TestSnapshotDirectoryCleaningService.testExclusiveSizeWithDirectoryDeepClean(TestSnapshotDirectoryCleaningService.java:242)
	at java.base/java.lang.reflect.Method.invoke(Method.java:568)
	at java.base/java.util.ArrayList.forEach(ArrayList.java:1511)
	at java.base/java.util.ArrayList.forEach(ArrayList.java:1511)
]]></failure>
    <system-out><![CDATA[2024-06-22 09:53:39,222 [main] WARN  server.ServerUtils (ServerUtils.java:getScmDbDir(143)) - ozone.scm.db.dirs is not configured. We recommend adding this setting. Falling back to ozone.metadata.dirs instead.
2024-06-22 09:53:39,410 [main] INFO  reflections.Reflections (Reflections.java:scan(219)) - Reflections took 153 ms to scan 7 urls, producing 158 keys and 370 values
2024-06-22 09:53:39,575 [main] WARN  server.ServerUtils (ServerUtils.java:getScmDbDir(143)) - ozone.scm.db.dirs is not configured. We recommend adding this setting. Falling back to ozone.metadata.dirs instead.
2024-06-22 09:53:39,579 [main] INFO  ha.SCMHANodeDetails (SCMHANodeDetails.java:loadSCMHAConfig(207)) - ServiceID for StorageContainerManager is null
2024-06-22 09:53:39,589 [main] WARN  ha.SCMHANodeDetails (SCMHANodeDetails.java:validateSCMHAConfig(180)) - Default/Configured value of config ozone.scm.ratis.enable conflicts with the expected value. Default/Configured: true. Expected: false. Falling back to the expected value. Current State of SCM: SCM is running without Ratis. Ratis SCM -> Non Ratis SCM is not supported.
2024-06-22 09:53:39,589 [main] INFO  ha.SCMHANodeDetails (SCMHANodeDetails.java:loadSCMHAConfig(212)) - ozone.scm.default.service.id is not defined, falling back to ozone.scm.service.ids to find serviceID for StorageContainerManager if it is HA enabled cluster
2024-06-22 09:53:40,132 [main] WARN  utils.HAUtils (HAUtils.java:getMetaDir(339)) - ozone.scm.db.dirs is not configured. We recommend adding this setting. Falling back to ozone.metadata.dirs instead.
2024-06-22 09:53:40,258 [main] WARN  db.DBStoreBuilder (DBStoreBuilder.java:applyDBDefinition(171)) - ozone.scm.db.dirs is not configured. We recommend adding this setting. Falling back to ozone.metadata.dirs instead.
2024-06-22 09:53:40,268 [main] INFO  utils.LeakDetector (LeakDetector.java:start(73)) - Starting leak detector thread ManagedRocksObject0.
2024-06-22 09:53:40,461 [main] INFO  net.NodeSchemaLoader (NodeSchemaLoader.java:loadSchemaFromFile(129)) - Loading schema from [file:/home/runner/work/ozone/ozone/hadoop-hdds/common/target/classes/network-topology-default.xml]
2024-06-22 09:53:40,463 [main] INFO  net.NodeSchemaLoader (NodeSchemaLoader.java:loadSchema(176)) - Loading network topology layer schema file
2024-06-22 09:53:40,512 [main] INFO  metrics.MetricRegistries (MetricRegistriesLoader.java:load(64)) - Loaded MetricRegistries class org.apache.ratis.metrics.dropwizard3.Dm3MetricRegistriesImpl
2024-06-22 09:53:40,526 [main] INFO  upgrade.AbstractLayoutVersionManager (AbstractLayoutVersionManager.java:init(83)) - Initializing Layout version manager with metadata layout = HADOOP_PRC_PORTS_IN_DATANODEDETAILS (version = 7), software layout = HADOOP_PRC_PORTS_IN_DATANODEDETAILS (version = 7)
2024-06-22 09:53:40,697 [main] INFO  ha.SequenceIdGenerator (SequenceIdGenerator.java:upgradeToSequenceId(369)) - upgrade localId to 113750153625600000
2024-06-22 09:53:40,698 [main] INFO  ha.SequenceIdGenerator (SequenceIdGenerator.java:upgradeToSequenceId(379)) - upgrade delTxnId to 0
2024-06-22 09:53:40,705 [main] INFO  ha.SequenceIdGenerator (SequenceIdGenerator.java:upgradeToSequenceId(396)) - upgrade containerId to 0
2024-06-22 09:53:40,708 [main] INFO  ha.SequenceIdGenerator (SequenceIdGenerator.java:upgradeToCertificateSequenceId(433)) - upgrade CertificateId to 2
2024-06-22 09:53:40,710 [main] INFO  ha.SequenceIdGenerator (SequenceIdGenerator.java:<init>(240)) - Init the HA SequenceIdGenerator.
2024-06-22 09:53:40,770 [main] WARN  server.ServerUtils (ServerUtils.java:sanitizeUserArgs(79)) - ozone.scm.stale.node.interval value = 300000 is larger than max = 100000 based on the key value of ozone.scm.heartbeat.thread.interval, reset to the max value 100000.
2024-06-22 09:53:40,770 [main] WARN  server.ServerUtils (ServerUtils.java:sanitizeUserArgs(79)) - ozone.scm.stale.node.interval value = 300000 is larger than max = 100000 based on the key value of ozone.scm.heartbeat.thread.interval, reset to the max value 100000.
2024-06-22 09:53:40,776 [main] INFO  node.SCMNodeManager (SCMNodeManager.java:<init>(177)) - Entering startup safe mode.
2024-06-22 09:53:40,790 [main] INFO  algorithms.ContainerPlacementPolicyFactory (ContainerPlacementPolicyFactory.java:getPolicyInternal(86)) - Create container placement policy of type org.apache.hadoop.hdds.scm.container.placement.algorithms.SCMContainerPlacementRackAware
2024-06-22 09:53:40,793 [main] INFO  algorithms.ContainerPlacementPolicyFactory (ContainerPlacementPolicyFactory.java:getPolicyInternal(86)) - Create container placement policy of type org.apache.hadoop.hdds.scm.container.placement.algorithms.SCMContainerPlacementRackScatter
2024-06-22 09:53:40,801 [main] INFO  pipeline.PipelineStateManagerImpl (PipelineStateManagerImpl.java:initialize(78)) - No pipeline exists in current db
2024-06-22 09:53:40,814 [main] INFO  algorithms.LeaderChoosePolicyFactory (LeaderChoosePolicyFactory.java:getPolicy(57)) - Create leader choose policy of type org.apache.hadoop.hdds.scm.pipeline.leader.choose.algorithms.MinLeaderCountChoosePolicy
2024-06-22 09:53:40,814 [main] INFO  algorithms.ContainerPlacementPolicyFactory (ContainerPlacementPolicyFactory.java:getPolicyInternal(86)) - Create container placement policy of type org.apache.hadoop.hdds.scm.container.placement.algorithms.SCMContainerPlacementRackScatter
2024-06-22 09:53:40,820 [main] INFO  ha.SCMServiceManager (SCMServiceManager.java:register(42)) - Registering service BackgroundPipelineCreator.
2024-06-22 09:53:40,820 [main] INFO  pipeline.BackgroundPipelineCreator (BackgroundPipelineCreator.java:start(127)) - Starting RatisPipelineUtilsThread.
2024-06-22 09:53:40,823 [main] INFO  BackgroundPipelineScrubber (BackgroundSCMService.java:start(65)) - Starting BackgroundPipelineScrubber Service.
2024-06-22 09:53:40,827 [main] INFO  ha.SCMServiceManager (SCMServiceManager.java:register(42)) - Registering service BackgroundPipelineScrubber.
2024-06-22 09:53:40,833 [main] INFO  ExpiredContainerReplicaOpScrubber (BackgroundSCMService.java:start(65)) - Starting ExpiredContainerReplicaOpScrubber Service.
2024-06-22 09:53:40,834 [main] INFO  ha.SCMServiceManager (SCMServiceManager.java:register(42)) - Registering service ExpiredContainerReplicaOpScrubber.
2024-06-22 09:53:40,856 [main] INFO  algorithms.PipelineChoosePolicyFactory (PipelineChoosePolicyFactory.java:createPipelineChoosePolicyFromClass(80)) - Create pipeline choose policy of type org.apache.hadoop.hdds.scm.pipeline.choose.algorithms.RandomPipelineChoosePolicy
2024-06-22 09:53:40,857 [main] INFO  algorithms.PipelineChoosePolicyFactory (PipelineChoosePolicyFactory.java:createPipelineChoosePolicyFromClass(80)) - Create pipeline choose policy of type org.apache.hadoop.hdds.scm.pipeline.choose.algorithms.RandomPipelineChoosePolicy
2024-06-22 09:53:40,882 [main] INFO  ha.SCMServiceManager (SCMServiceManager.java:register(42)) - Registering service SCMBlockDeletingService.
2024-06-22 09:53:40,950 [main] INFO  replication.ReplicationManager (ReplicationManager.java:start(296)) - Starting Replication Monitor Thread.
2024-06-22 09:53:40,952 [main] INFO  ha.SCMServiceManager (SCMServiceManager.java:register(42)) - Registering service ReplicationManager.
2024-06-22 09:53:40,952 [ReplicationMonitor] INFO  replication.ReplicationManager (ReplicationManager.java:processAll(373)) - Replication Manager is not ready to run until 3000ms after safemode exit
2024-06-22 09:53:40,961 [main] INFO  safemode.ContainerSafeModeRule (ContainerSafeModeRule.java:<init>(91)) - containers with one replica threshold count 0
2024-06-22 09:53:40,964 [main] INFO  safemode.HealthyPipelineSafeModeRule (HealthyPipelineSafeModeRule.java:initializeRule(176)) - Total pipeline count is 0, healthy pipeline threshold count is 1
2024-06-22 09:53:40,966 [main] INFO  safemode.OneReplicaPipelineSafeModeRule (OneReplicaPipelineSafeModeRule.java:initializeRule(193)) - Total pipeline count is 0, pipeline's with at least one datanode reported threshold count is 0
2024-06-22 09:53:41,021 [main] INFO  server.StorageContainerManager (StorageContainerManager.java:<init>(440)) - SCM start with adminUsers: [runner]
2024-06-22 09:53:41,208 [main] INFO  audit.AuditLogger (AuditLogger.java:refreshDebugCmdSet(135)) - Refresh DebugCmdSet for SCMAudit to [].
2024-06-22 09:53:41,230 [main] INFO  ipc.CallQueueManager (CallQueueManager.java:<init>(90)) - Using callQueue: class java.util.concurrent.LinkedBlockingQueue, queueCapacity: 10000, scheduler: class org.apache.hadoop.ipc.DefaultRpcScheduler, ipcBackoff: false.
2024-06-22 09:53:41,252 [main] INFO  ipc.Server (Server.java:<init>(1287)) - Listener at 0.0.0.0:15002
2024-06-22 09:53:41,254 [Socket Reader #1 for port 15002] INFO  ipc.Server (Server.java:run(1323)) - Starting Socket Reader #1 for port 15002
2024-06-22 09:53:41,299 [main] INFO  audit.AuditLogger (AuditLogger.java:refreshDebugCmdSet(135)) - Refresh DebugCmdSet for SCMAudit to [].
2024-06-22 09:53:41,304 [main] INFO  ipc.CallQueueManager (CallQueueManager.java:<init>(90)) - Using callQueue: class java.util.concurrent.LinkedBlockingQueue, queueCapacity: 10000, scheduler: class org.apache.hadoop.ipc.DefaultRpcScheduler, ipcBackoff: false.
2024-06-22 09:53:41,305 [main] INFO  ipc.Server (Server.java:<init>(1287)) - Listener at 0.0.0.0:15001
2024-06-22 09:53:41,306 [Socket Reader #1 for port 15001] INFO  ipc.Server (Server.java:run(1323)) - Starting Socket Reader #1 for port 15001
2024-06-22 09:53:41,333 [main] INFO  audit.AuditLogger (AuditLogger.java:refreshDebugCmdSet(135)) - Refresh DebugCmdSet for SCMAudit to [].
2024-06-22 09:53:41,345 [main] INFO  ipc.CallQueueManager (CallQueueManager.java:<init>(90)) - Using callQueue: class java.util.concurrent.LinkedBlockingQueue, queueCapacity: 10000, scheduler: class org.apache.hadoop.ipc.DefaultRpcScheduler, ipcBackoff: false.
2024-06-22 09:53:41,345 [main] INFO  ipc.Server (Server.java:<init>(1287)) - Listener at 0.0.0.0:15000
2024-06-22 09:53:41,346 [Socket Reader #1 for port 15000] INFO  ipc.Server (Server.java:run(1323)) - Starting Socket Reader #1 for port 15000
2024-06-22 09:53:41,400 [main] INFO  ha.SCMServiceManager (SCMServiceManager.java:register(42)) - Registering service ContainerBalancer.
2024-06-22 09:53:41,400 [main] INFO  ha.SCMContext (SCMContext.java:updateSafeModeStatus(225)) - Update SafeModeStatus from SafeModeStatus{safeModeStatus=true, preCheckPassed=false} to SafeModeStatus{safeModeStatus=true, preCheckPassed=false}.
2024-06-22 09:53:41,403 [main] INFO  server.StorageContainerManager (StorageContainerManager.java:start(1538)) - StorageContainerLocationProtocol RPC server is listening at /0.0.0.0:15000
2024-06-22 09:53:41,473 [main] WARN  impl.MetricsConfig (MetricsConfig.java:loadFirst(136)) - Cannot locate configuration: tried hadoop-metrics2-storagecontainermanager.properties,hadoop-metrics2.properties
2024-06-22 09:53:41,486 [main] INFO  impl.MetricsSystemImpl (MetricsSystemImpl.java:startTimer(378)) - Scheduled Metric snapshot period at 10 second(s).
2024-06-22 09:53:41,486 [main] INFO  impl.MetricsSystemImpl (MetricsSystemImpl.java:start(191)) - StorageContainerManager metrics system started
2024-06-22 09:53:41,693 [main] INFO  server.SCMClientProtocolServer (SCMClientProtocolServer.java:start(204)) - RPC server for Client  is listening at /0.0.0.0:15000
2024-06-22 09:53:41,694 [IPC Server Responder] INFO  ipc.Server (Server.java:run(1562)) - IPC Server Responder: starting
2024-06-22 09:53:41,699 [IPC Server listener on 15000] INFO  ipc.Server (Server.java:run(1402)) - IPC Server listener on 15000: starting
2024-06-22 09:53:41,719 [main] INFO  server.StorageContainerManager (StorageContainerManager.java:start(1551)) - ScmBlockLocationProtocol RPC server is listening at /0.0.0.0:15001
2024-06-22 09:53:41,720 [main] INFO  server.SCMBlockProtocolServer (SCMBlockProtocolServer.java:start(167)) - RPC server for Block Protocol is listening at /0.0.0.0:15001
2024-06-22 09:53:41,722 [IPC Server Responder] INFO  ipc.Server (Server.java:run(1562)) - IPC Server Responder: starting
2024-06-22 09:53:41,722 [IPC Server listener on 15001] INFO  ipc.Server (Server.java:run(1402)) - IPC Server listener on 15001: starting
2024-06-22 09:53:41,745 [main] INFO  server.SCMDatanodeProtocolServer (SCMDatanodeProtocolServer.java:start(194)) - ScmDatanodeProtocol RPC server for DataNodes is listening at /0.0.0.0:15002
2024-06-22 09:53:41,746 [IPC Server Responder] INFO  ipc.Server (Server.java:run(1562)) - IPC Server Responder: starting
2024-06-22 09:53:41,746 [IPC Server listener on 15002] INFO  ipc.Server (Server.java:run(1402)) - IPC Server listener on 15002: starting
2024-06-22 09:53:41,765 [JvmPauseMonitor0] INFO  util.JvmPauseMonitor (JvmPauseMonitor.java:run(146)) - JvmPauseMonitor-56bd1a2d-b7eb-40d2-97c0-f688edd9be28: Started
2024-06-22 09:53:41,774 [main] INFO  http.BaseHttpServer (BaseHttpServer.java:newHttpServer2BuilderForOzone(223)) - Starting Web-server for scm at: http://0.0.0.0:15003
2024-06-22 09:53:41,774 [main] INFO  http.BaseHttpServer (BaseHttpServer.java:<init>(110)) - Hadoop Security Enabled: false Ozone Security Enabled: false Ozone HTTP Security Enabled: false 
2024-06-22 09:53:41,796 [main] INFO  util.log (Log.java:initialized(170)) - Logging initialized @3791ms to org.eclipse.jetty.util.log.Slf4jLog
2024-06-22 09:53:41,870 [main] WARN  server.AuthenticationFilter (AuthenticationFilter.java:constructSecretProvider(240)) - Unable to initialize FileSignerSecretProvider, falling back to use random secrets. Reason: Could not read signature secret file: /home/runner/hadoop-http-auth-signature-secret
2024-06-22 09:53:41,875 [main] INFO  http.HttpRequestLog (HttpRequestLog.java:getRequestLog(86)) - Http request log for http.requests.scm is not defined
2024-06-22 09:53:41,880 [main] INFO  http.HttpServer2 (HttpServer2.java:addGlobalFilter(1036)) - Added global filter 'safety' (class=org.apache.hadoop.hdds.server.http.HttpServer2$QuotingInputFilter)
2024-06-22 09:53:41,883 [main] INFO  http.HttpServer2 (HttpServer2.java:addFilter(1012)) - Added filter static_user_filter (class=org.apache.hadoop.http.lib.StaticUserWebFilter$StaticUserFilter) to context scm
2024-06-22 09:53:41,883 [main] INFO  http.HttpServer2 (HttpServer2.java:addFilter(1020)) - Added filter static_user_filter (class=org.apache.hadoop.http.lib.StaticUserWebFilter$StaticUserFilter) to context static
2024-06-22 09:53:41,883 [main] INFO  http.HttpServer2 (HttpServer2.java:addFilter(1020)) - Added filter static_user_filter (class=org.apache.hadoop.http.lib.StaticUserWebFilter$StaticUserFilter) to context logs
2024-06-22 09:53:41,907 [main] INFO  http.BaseHttpServer (BaseHttpServer.java:<init>(189)) - HTTP server of scm uses base directory /home/runner/work/ozone/ozone/hadoop-ozone/integration-test/target/test-dir/MiniOzoneClusterImpl-e30f9212-6642-4e3c-bf74-b445a15ce63f/ozone-meta/webserver
2024-06-22 09:53:41,908 [main] INFO  http.HttpServer2 (HttpServer2.java:bindListener(1236)) - Jetty bound to port 15003
2024-06-22 09:53:41,910 [main] INFO  server.Server (Server.java:doStart(375)) - jetty-9.4.54.v20240208; built: 2024-02-08T19:42:39.027Z; git: cef3fbd6d736a21e7d541a5db490381d95a2047d; jvm 17.0.11+9
2024-06-22 09:53:41,927 [main] INFO  server.session (DefaultSessionIdManager.java:doStart(334)) - DefaultSessionIdManager workerName=node0
2024-06-22 09:53:41,928 [main] INFO  server.session (DefaultSessionIdManager.java:doStart(339)) - No SessionScavenger set, using defaults
2024-06-22 09:53:41,929 [main] INFO  server.session (HouseKeeper.java:startScavenging(132)) - node0 Scavenging every 660000ms
2024-06-22 09:53:41,937 [main] INFO  handler.ContextHandler (ContextHandler.java:doStart(921)) - Started o.e.j.s.ServletContextHandler@2a73a64f{logs,/logs,file:///home/runner/work/ozone/ozone/hadoop-ozone/integration-test/target/log,AVAILABLE}
2024-06-22 09:53:41,938 [main] INFO  handler.ContextHandler (ContextHandler.java:doStart(921)) - Started o.e.j.s.ServletContextHandler@52bb3dcd{static,/static,file:///home/runner/work/ozone/ozone/hadoop-ozone/integration-test/target/test-classes/webapps/static,AVAILABLE}
2024-06-22 09:53:41,971 [main] INFO  handler.ContextHandler (ContextHandler.java:doStart(921)) - Started o.e.j.w.WebAppContext@4e343265{scm,/,file:///home/runner/work/ozone/ozone/hadoop-ozone/integration-test/target/test-classes/webapps/scm/,AVAILABLE}{file:/home/runner/work/ozone/ozone/hadoop-ozone/integration-test/target/test-classes/webapps/scm}
2024-06-22 09:53:41,977 [main] INFO  server.AbstractConnector (AbstractConnector.java:doStart(333)) - Started ServerConnector@3ad558bf{HTTP/1.1, (http/1.1)}{0.0.0.0:15003}
2024-06-22 09:53:41,978 [main] INFO  server.Server (Server.java:doStart(415)) - Started @3972ms
2024-06-22 09:53:41,980 [main] INFO  impl.MetricsSinkAdapter (MetricsSinkAdapter.java:start(204)) - Sink prometheus started
2024-06-22 09:53:41,980 [main] INFO  impl.MetricsSystemImpl (MetricsSystemImpl.java:registerSink(305)) - Registered sink prometheus
2024-06-22 09:53:41,981 [main] INFO  http.BaseHttpServer (BaseHttpServer.java:updateConnectorAddress(354)) - HTTP server of scm listening at http://0.0.0.0:15003
2024-06-22 09:53:41,983 [main] WARN  server.ServerUtils (ServerUtils.java:getDBPath(299)) - ozone.om.db.dirs is not configured. We recommend adding this setting. Falling back to ozone.metadata.dirs instead.
2024-06-22 09:53:42,030 [main] INFO  audit.AuditLogger (AuditLogger.java:refreshDebugCmdSet(135)) - Refresh DebugCmdSet for OMAudit to [].
2024-06-22 09:53:42,087 [main] INFO  ha.OMHANodeDetails (OMHANodeDetails.java:loadOMHAConfig(115)) - ozone.om.internal.service.id is not defined, falling back to ozone.om.service.ids to find serviceID for OzoneManager if it is HA enabled cluster
2024-06-22 09:53:42,090 [main] INFO  ha.OMHANodeDetails (OMHANodeDetails.java:loadOMHAConfig(226)) - Configuration does not have ozone.om.address set. Falling back to the default OM address /127.0.0.1:15004
2024-06-22 09:53:42,091 [main] INFO  ha.OMHANodeDetails (OMHANodeDetails.java:getOMNodeDetailsForNonHA(254)) - OM Service ID is not set. Setting it to the default ID: omServiceIdDefault
2024-06-22 09:53:42,091 [main] INFO  ha.OMHANodeDetails (OMHANodeDetails.java:getOMNodeDetailsForNonHA(261)) - OM Node ID is not set. Setting it to the default ID: om1
2024-06-22 09:53:42,095 [main] WARN  server.ServerUtils (ServerUtils.java:getDBPath(299)) - ozone.om.db.dirs is not configured. We recommend adding this setting. Falling back to ozone.metadata.dirs instead.
2024-06-22 09:53:42,098 [main] INFO  upgrade.AbstractLayoutVersionManager (AbstractLayoutVersionManager.java:init(83)) - Initializing Layout version manager with metadata layout = QUOTA (version = 6), software layout = QUOTA (version = 6)
2024-06-22 09:53:42,169 [main] INFO  reflections.Reflections (Reflections.java:scan(219)) - Reflections took 69 ms to scan 2 urls, producing 188 keys and 545 values
2024-06-22 09:53:42,173 [main] INFO  upgrade.OMLayoutVersionManager (OMLayoutVersionManager.java:lambda$0(113)) - Skipping Upgrade Action QuotaRepairUpgradeAction since it has been finalized.
2024-06-22 09:53:42,175 [main] INFO  upgrade.OMLayoutVersionManager (OMLayoutVersionManager.java:lambda$0(113)) - Skipping Upgrade Action MockOmUpgradeAction since it has been finalized.
2024-06-22 09:53:42,176 [main] WARN  server.ServerUtils (ServerUtils.java:getDBPath(299)) - ozone.om.db.dirs is not configured. We recommend adding this setting. Falling back to ozone.metadata.dirs instead.
2024-06-22 09:53:42,290 [main] INFO  proxy.SCMBlockLocationFailoverProxyProvider (SCMBlockLocationFailoverProxyProvider.java:<init>(115)) - Created block location fail-over proxy with 1 nodes: [nodeId=scmNodeId,nodeAddress=/0.0.0.0:15001]
2024-06-22 09:53:42,318 [main] INFO  proxy.SCMBlockLocationFailoverProxyProvider (SCMBlockLocationFailoverProxyProvider.java:<init>(115)) - Created block location fail-over proxy with 1 nodes: [nodeId=scmNodeId,nodeAddress=/0.0.0.0:15001]
2024-06-22 09:53:42,449 [main] INFO  om.OzoneManager (OzoneManager.java:<init>(678)) - OM start with adminUsers: [runner]
2024-06-22 09:53:42,462 [main] WARN  server.ServerUtils (ServerUtils.java:getDBPath(299)) - ozone.om.db.dirs is not configured. We recommend adding this setting. Falling back to ozone.metadata.dirs instead.
2024-06-22 09:53:42,489 [main] INFO  helpers.OmKeyInfo (OmKeyInfo.java:getCodec(72)) - OmKeyInfo.getCodec ignorePipeline = true
2024-06-22 09:53:42,718 [main] INFO  om.OzoneManager (OzoneManager.java:instantiateServices(812)) - S3 Multi-Tenancy is disabled
2024-06-22 09:53:42,744 [main] INFO  om.OmSnapshotManager (OmSnapshotManager.java:<init>(179)) - Ozone filesystem snapshot feature is enabled.
2024-06-22 09:53:42,750 [main] WARN  server.ServerUtils (ServerUtils.java:getDBPath(299)) - ozone.om.snapshot.diff.db.dir is not configured. We recommend adding this setting. Falling back to ozone.metadata.dirs instead.
2024-06-22 09:53:42,791 [main] INFO  utils.NativeLibraryLoader (NativeLibraryLoader.java:loadLibrary(111)) - Loading Library: ozone_rocksdb_tools
2024-06-22 09:53:42,793 [main] ERROR snapshot.SnapshotDiffManager (SnapshotDiffManager.java:initNativeLibraryForEfficientDiff(287)) - Native Library for raw sst file reading loading failed.
org.apache.hadoop.hdds.utils.NativeLibraryNotLoadedException: Unable to load library ozone_rocksdb_tools from both java.library.path & resource file libozone_rocksdb_tools.so from jar.
	at org.apache.hadoop.hdds.utils.db.managed.ManagedRawSSTFileReader.loadLibrary(ManagedRawSSTFileReader.java:40)
	at org.apache.hadoop.ozone.om.snapshot.SnapshotDiffManager.initNativeLibraryForEfficientDiff(SnapshotDiffManager.java:285)
	at org.apache.hadoop.ozone.om.snapshot.SnapshotDiffManager.<init>(SnapshotDiffManager.java:259)
	at org.apache.hadoop.ozone.om.OmSnapshotManager.<init>(OmSnapshotManager.java:286)
	at org.apache.hadoop.ozone.om.OzoneManager.instantiateServices(OzoneManager.java:864)
	at org.apache.hadoop.ozone.om.OzoneManager.<init>(OzoneManager.java:688)
	at org.apache.hadoop.ozone.om.OzoneManager.createOm(OzoneManager.java:775)
	at org.apache.hadoop.ozone.MiniOzoneClusterImpl$Builder.createOM(MiniOzoneClusterImpl.java:689)
	at org.apache.hadoop.ozone.MiniOzoneClusterImpl$Builder.createAndStartSingleOM(MiniOzoneClusterImpl.java:673)
	at org.apache.hadoop.ozone.MiniOzoneClusterImpl$Builder.build(MiniOzoneClusterImpl.java:535)
	at org.apache.hadoop.ozone.om.snapshot.TestSnapshotDirectoryCleaningService.init(TestSnapshotDirectoryCleaningService.java:86)
	at java.base/jdk.internal.reflect.NativeMethodAccessorImpl.invoke0(Native Method)
	at java.base/jdk.internal.reflect.NativeMethodAccessorImpl.invoke(NativeMethodAccessorImpl.java:77)
	at java.base/jdk.internal.reflect.DelegatingMethodAccessorImpl.invoke(DelegatingMethodAccessorImpl.java:43)
	at java.base/java.lang.reflect.Method.invoke(Method.java:568)
	at org.junit.platform.commons.util.ReflectionUtils.invokeMethod(ReflectionUtils.java:728)
	at org.junit.jupiter.engine.execution.MethodInvocation.proceed(MethodInvocation.java:60)
	at org.junit.jupiter.engine.execution.InvocationInterceptorChain$ValidatingInvocation.proceed(InvocationInterceptorChain.java:131)
	at org.junit.jupiter.engine.extension.TimeoutExtension.intercept(TimeoutExtension.java:156)
	at org.junit.jupiter.engine.extension.TimeoutExtension.interceptLifecycleMethod(TimeoutExtension.java:128)
	at org.junit.jupiter.engine.extension.TimeoutExtension.interceptBeforeAllMethod(TimeoutExtension.java:70)
	at org.junit.jupiter.engine.execution.InterceptingExecutableInvoker$ReflectiveInterceptorCall.lambda$ofVoidMethod$0(InterceptingExecutableInvoker.java:103)
	at org.junit.jupiter.engine.execution.InterceptingExecutableInvoker.lambda$invoke$0(InterceptingExecutableInvoker.java:93)
	at org.junit.jupiter.engine.execution.InvocationInterceptorChain$InterceptedInvocation.proceed(InvocationInterceptorChain.java:106)
	at org.junit.jupiter.engine.execution.InvocationInterceptorChain.proceed(InvocationInterceptorChain.java:64)
	at org.junit.jupiter.engine.execution.InvocationInterceptorChain.chainAndInvoke(InvocationInterceptorChain.java:45)
	at org.junit.jupiter.engine.execution.InvocationInterceptorChain.invoke(InvocationInterceptorChain.java:37)
	at org.junit.jupiter.engine.execution.InterceptingExecutableInvoker.invoke(InterceptingExecutableInvoker.java:92)
	at org.junit.jupiter.engine.execution.InterceptingExecutableInvoker.invoke(InterceptingExecutableInvoker.java:86)
	at org.junit.jupiter.engine.descriptor.ClassBasedTestDescriptor.lambda$invokeBeforeAllMethods$13(ClassBasedTestDescriptor.java:412)
	at org.junit.platform.engine.support.hierarchical.ThrowableCollector.execute(ThrowableCollector.java:73)
	at org.junit.jupiter.engine.descriptor.ClassBasedTestDescriptor.invokeBeforeAllMethods(ClassBasedTestDescriptor.java:410)
	at org.junit.jupiter.engine.descriptor.ClassBasedTestDescriptor.before(ClassBasedTestDescriptor.java:216)
	at org.junit.jupiter.engine.descriptor.ClassBasedTestDescriptor.before(ClassBasedTestDescriptor.java:85)
	at org.junit.platform.engine.support.hierarchical.NodeTestTask.lambda$executeRecursively$6(NodeTestTask.java:148)
	at org.junit.platform.engine.support.hierarchical.ThrowableCollector.execute(ThrowableCollector.java:73)
	at org.junit.platform.engine.support.hierarchical.NodeTestTask.lambda$executeRecursively$8(NodeTestTask.java:141)
	at org.junit.platform.engine.support.hierarchical.Node.around(Node.java:137)
	at org.junit.platform.engine.support.hierarchical.NodeTestTask.lambda$executeRecursively$9(NodeTestTask.java:139)
	at org.junit.platform.engine.support.hierarchical.ThrowableCollector.execute(ThrowableCollector.java:73)
	at org.junit.platform.engine.support.hierarchical.NodeTestTask.executeRecursively(NodeTestTask.java:138)
	at org.junit.platform.engine.support.hierarchical.NodeTestTask.execute(NodeTestTask.java:95)
	at java.base/java.util.ArrayList.forEach(ArrayList.java:1511)
	at org.junit.platform.engine.support.hierarchical.SameThreadHierarchicalTestExecutorService.invokeAll(SameThreadHierarchicalTestExecutorService.java:41)
	at org.junit.platform.engine.support.hierarchical.NodeTestTask.lambda$executeRecursively$6(NodeTestTask.java:155)
	at org.junit.platform.engine.support.hierarchical.ThrowableCollector.execute(ThrowableCollector.java:73)
	at org.junit.platform.engine.support.hierarchical.NodeTestTask.lambda$executeRecursively$8(NodeTestTask.java:141)
	at org.junit.platform.engine.support.hierarchical.Node.around(Node.java:137)
	at org.junit.platform.engine.support.hierarchical.NodeTestTask.lambda$executeRecursively$9(NodeTestTask.java:139)
	at org.junit.platform.engine.support.hierarchical.ThrowableCollector.execute(ThrowableCollector.java:73)
	at org.junit.platform.engine.support.hierarchical.NodeTestTask.executeRecursively(NodeTestTask.java:138)
	at org.junit.platform.engine.support.hierarchical.NodeTestTask.execute(NodeTestTask.java:95)
	at org.junit.platform.engine.support.hierarchical.SameThreadHierarchicalTestExecutorService.submit(SameThreadHierarchicalTestExecutorService.java:35)
	at org.junit.platform.engine.support.hierarchical.HierarchicalTestExecutor.execute(HierarchicalTestExecutor.java:57)
	at org.junit.platform.engine.support.hierarchical.HierarchicalTestEngine.execute(HierarchicalTestEngine.java:54)
	at org.junit.platform.launcher.core.EngineExecutionOrchestrator.execute(EngineExecutionOrchestrator.java:198)
	at org.junit.platform.launcher.core.EngineExecutionOrchestrator.execute(EngineExecutionOrchestrator.java:169)
	at org.junit.platform.launcher.core.EngineExecutionOrchestrator.execute(EngineExecutionOrchestrator.java:93)
	at org.junit.platform.launcher.core.EngineExecutionOrchestrator.lambda$execute$0(EngineExecutionOrchestrator.java:58)
	at org.junit.platform.launcher.core.EngineExecutionOrchestrator.withInterceptedStreams(EngineExecutionOrchestrator.java:141)
	at org.junit.platform.launcher.core.EngineExecutionOrchestrator.execute(EngineExecutionOrchestrator.java:57)
	at org.junit.platform.launcher.core.DefaultLauncher.execute(DefaultLauncher.java:103)
	at org.junit.platform.launcher.core.DefaultLauncher.execute(DefaultLauncher.java:85)
	at org.junit.platform.launcher.core.DelegatingLauncher.execute(DelegatingLauncher.java:47)
	at org.junit.platform.launcher.core.SessionPerRequestLauncher.execute(SessionPerRequestLauncher.java:63)
	at org.apache.maven.surefire.junitplatform.JUnitPlatformProvider.invokeAllTests(JUnitPlatformProvider.java:154)
	at org.apache.maven.surefire.junitplatform.JUnitPlatformProvider.invoke(JUnitPlatformProvider.java:123)
	at org.apache.maven.surefire.booter.ForkedBooter.runSuitesInProcess(ForkedBooter.java:377)
	at org.apache.maven.surefire.booter.ForkedBooter.execute(ForkedBooter.java:138)
	at org.apache.maven.surefire.booter.ForkedBooter.run(ForkedBooter.java:465)
	at org.apache.maven.surefire.booter.ForkedBooter.main(ForkedBooter.java:451)
2024-06-22 09:53:42,845 [main] INFO  om.OzoneManager (OzoneManager.java:addS3GVolumeToDB(4463)) - Created Volume s3v With Owner runner required for S3Gateway operations.
2024-06-22 09:53:42,899 [main] WARN  server.ServerUtils (ServerUtils.java:getDefaultRatisDirectory(311)) - Storage directory for Ratis is not configured. It is a good idea to map this to an SSD disk. Falling back to ozone.metadata.dirs
2024-06-22 09:53:42,900 [main] WARN  utils.OzoneManagerRatisUtils (OzoneManagerRatisUtils.java:getOMRatisSnapshotDirectory(476)) - ozone.om.ratis.snapshot.dir is not configured. Falling back to ozone.metadata.dirs config
2024-06-22 09:53:42,912 [main] WARN  server.ServerUtils (ServerUtils.java:getDefaultRatisDirectory(311)) - Storage directory for Ratis is not configured. It is a good idea to map this to an SSD disk. Falling back to ozone.metadata.dirs
2024-06-22 09:53:42,931 [main] INFO  ratis.OzoneManagerRatisServer (OzoneManagerRatisServer.java:<init>(168)) - Instantiating OM Ratis server with groupID: omServiceIdDefault and peers: localhost:15007
2024-06-22 09:53:42,941 [main] INFO  ratis.OzoneManagerStateMachine (OzoneManagerStateMachine.java:loadSnapshotInfoFromDB(589)) - TransactionInfo not found in OM DB.
2024-06-22 09:53:42,987 [main] INFO  server.RaftServer (ConfUtils.java:logGet(46)) - raft.rpc.type = GRPC (default)
2024-06-22 09:53:42,994 [main] INFO  grpc.GrpcConfigKeys (ConfUtils.java:logFallback(53)) - raft.grpc.admin.host = null (fallback to raft.grpc.server.host)
2024-06-22 09:53:42,995 [main] INFO  grpc.GrpcConfigKeys (ConfUtils.java:logFallback(53)) - raft.grpc.admin.port = 15007 (fallback to raft.grpc.server.port)
2024-06-22 09:53:42,995 [main] INFO  grpc.GrpcConfigKeys (ConfUtils.java:logFallback(53)) - raft.grpc.client.host = null (fallback to raft.grpc.server.host)
2024-06-22 09:53:42,996 [main] INFO  grpc.GrpcConfigKeys (ConfUtils.java:logFallback(53)) - raft.grpc.client.port = 15007 (fallback to raft.grpc.server.port)
2024-06-22 09:53:42,996 [main] INFO  grpc.GrpcConfigKeys (ConfUtils.java:logGet(46)) - raft.grpc.server.host = null (default)
2024-06-22 09:53:42,996 [main] INFO  grpc.GrpcConfigKeys (ConfUtils.java:logGet(46)) - raft.grpc.server.port = 15007 (custom)
2024-06-22 09:53:42,997 [main] INFO  server.GrpcService (ConfUtils.java:logGet(46)) - raft.grpc.message.size.max = 4194304 (custom)
2024-06-22 09:53:42,997 [main] INFO  server.RaftServerConfigKeys (ConfUtils.java:logGet(46)) - raft.server.log.appender.buffer.byte-limit = 4194304 (custom)
2024-06-22 09:53:42,998 [main] INFO  server.GrpcService (ConfUtils.java:logGet(46)) - raft.grpc.flow.control.window = 1MB (=1048576) (default)
2024-06-22 09:53:42,998 [main] INFO  server.RaftServerConfigKeys (ConfUtils.java:logGet(46)) - raft.server.rpc.request.timeout = 3000ms (default)
2024-06-22 09:53:43,005 [main] INFO  grpc.GrpcConfigKeys (ConfUtils.java:logGet(46)) - raft.grpc.server.heartbeat.channel = true (default)
2024-06-22 09:53:43,008 [main] INFO  grpc.GrpcConfigKeys (ConfUtils.java:logGet(46)) - raft.grpc.server.async.request.thread.pool.cached = true (default)
2024-06-22 09:53:43,008 [main] INFO  grpc.GrpcConfigKeys (ConfUtils.java:logGet(46)) - raft.grpc.server.async.request.thread.pool.size = 32 (default)
2024-06-22 09:53:43,179 [main] INFO  impl.DataStreamServerImpl (ConfUtils.java:logGet(46)) - raft.datastream.type = DISABLED (default)
2024-06-22 09:53:43,181 [main] INFO  server.RaftServerConfigKeys (ConfUtils.java:logGet(46)) - raft.server.sleep.deviation.threshold = 300ms (default)
2024-06-22 09:53:43,181 [main] INFO  server.RaftServerConfigKeys (ConfUtils.java:logGet(46)) - raft.server.close.threshold = 60s (default)
2024-06-22 09:53:43,182 [main] INFO  server.RaftServerConfigKeys (ConfUtils.java:logGet(46)) - raft.server.leaderelection.leader.step-down.wait-time = 10s (default)
2024-06-22 09:53:43,183 [main] INFO  server.RaftServerConfigKeys (ConfUtils.java:logGet(46)) - raft.server.storage.dir = [/home/runner/work/ozone/ozone/hadoop-ozone/integration-test/target/test-dir/MiniOzoneClusterImpl-e30f9212-6642-4e3c-bf74-b445a15ce63f/ozone-meta/ratis] (custom)
2024-06-22 09:53:43,184 [main] INFO  server.RaftServerConfigKeys (ConfUtils.java:logGet(46)) - raft.server.threadpool.proxy.cached = true (default)
2024-06-22 09:53:43,184 [main] INFO  server.RaftServerConfigKeys (ConfUtils.java:logGet(46)) - raft.server.threadpool.proxy.size = 0 (default)
2024-06-22 09:53:43,191 [main] INFO  server.RaftServer (RaftServerProxy.java:addNew(100)) - om1: addNew group-C5BA1605619E:[om1|localhost:15007] returns group-C5BA1605619E:java.util.concurrent.CompletableFuture@2806c788[Not completed]
2024-06-22 09:53:43,191 [main] INFO  om.OzoneManager (OzoneManager.java:initializeRatisServer(2168)) - OzoneManager Ratis server initialized at port 15007
2024-06-22 09:53:43,194 [main] INFO  om.OzoneManager (OzoneManager.java:getRpcServer(1228)) - Creating RPC Server
2024-06-22 09:53:43,200 [om1-groupManagement] INFO  server.RaftServer$Division (RaftServerImpl.java:<init>(256)) - om1: new RaftServerImpl for group-C5BA1605619E:[om1|localhost:15007] with OzoneManagerStateMachine:uninitialized
2024-06-22 09:53:43,201 [om1-groupManagement] INFO  server.RaftServerConfigKeys (ConfUtils.java:logGet(46)) - raft.server.rpc.timeout.min = 1s (custom)
2024-06-22 09:53:43,201 [om1-groupManagement] INFO  server.RaftServerConfigKeys (ConfUtils.java:logGet(46)) - raft.server.rpc.timeout.max = 1200ms (custom)
2024-06-22 09:53:43,201 [om1-groupManagement] INFO  server.RaftServerConfigKeys (ConfUtils.java:logGet(46)) - raft.server.rpc.sleep.time = 25ms (default)
2024-06-22 09:53:43,201 [om1-groupManagement] INFO  server.RaftServerConfigKeys (ConfUtils.java:logGet(46)) - raft.server.rpc.slowness.timeout = 120s (custom)
2024-06-22 09:53:43,201 [om1-groupManagement] INFO  server.RaftServerConfigKeys (ConfUtils.java:logGet(46)) - raft.server.leaderelection.leader.step-down.wait-time = 10s (default)
2024-06-22 09:53:43,202 [om1-groupManagement] INFO  server.RaftServerConfigKeys (ConfUtils.java:logGet(46)) - raft.server.leaderelection.member.majority-add = false (default)
2024-06-22 09:53:43,202 [om1-groupManagement] INFO  server.RaftServerConfigKeys (ConfUtils.java:logGet(46)) - raft.server.sleep.deviation.threshold = 300ms (default)
2024-06-22 09:53:43,207 [om1-groupManagement] INFO  server.RaftServer$Division (ServerState.java:<init>(113)) - om1@group-C5BA1605619E: ConfigurationManager, init=-1: peers:[om1|localhost:15007]|listeners:[], old=null, confs=<EMPTY_MAP>
2024-06-22 09:53:43,212 [om1-groupManagement] INFO  server.RaftServerConfigKeys (ConfUtils.java:logGet(46)) - raft.server.notification.no-leader.timeout = 120s (custom)
2024-06-22 09:53:43,215 [om1-groupManagement] INFO  server.RaftServerConfigKeys (ConfUtils.java:logGet(46)) - raft.server.read.timeout = 10s (default)
2024-06-22 09:53:43,218 [om1-groupManagement] INFO  server.RaftServerConfigKeys (ConfUtils.java:logGet(46)) - raft.server.retrycache.expirytime = 300s (custom)
2024-06-22 09:53:43,219 [om1-groupManagement] INFO  server.RaftServerConfigKeys (ConfUtils.java:logGet(46)) - raft.server.retrycache.statistics.expirytime = 100ms (default)
2024-06-22 09:53:43,223 [om1-groupManagement] INFO  server.RaftServerConfigKeys (ConfUtils.java:logGet(46)) - raft.server.read.option = DEFAULT (default)
2024-06-22 09:53:43,224 [om1-groupManagement] INFO  server.RaftServerConfigKeys (ConfUtils.java:logGet(46)) - raft.server.read.read-after-write-consistent.write-index-cache.expiry-time = 60s (default)
2024-06-22 09:53:43,288 [om1-groupManagement] INFO  server.RaftServerConfigKeys (ConfUtils.java:logGet(46)) - raft.server.rpc.request.timeout = 3000ms (default)
2024-06-22 09:53:43,293 [om1-groupManagement] INFO  server.RaftServerConfigKeys (ConfUtils.java:logGet(46)) - raft.server.log.appender.install.snapshot.enabled = false (custom)
2024-06-22 09:53:43,294 [om1-groupManagement] INFO  server.RaftServerConfigKeys (ConfUtils.java:logGet(46)) - raft.server.threadpool.server.cached = true (default)
2024-06-22 09:53:43,295 [om1-groupManagement] INFO  server.RaftServerConfigKeys (ConfUtils.java:logGet(46)) - raft.server.threadpool.server.size = 0 (default)
2024-06-22 09:53:43,295 [om1-groupManagement] INFO  server.RaftServerConfigKeys (ConfUtils.java:logGet(46)) - raft.server.threadpool.client.cached = true (default)
2024-06-22 09:53:43,296 [om1-groupManagement] INFO  server.RaftServerConfigKeys (ConfUtils.java:logGet(46)) - raft.server.threadpool.client.size = 0 (default)
2024-06-22 09:53:43,908 [main] INFO  reflections.Reflections (Reflections.java:scan(219)) - Reflections took 667 ms to scan 20 urls, producing 59 keys and 6588 values
2024-06-22 09:53:44,061 [main] INFO  ipc.CallQueueManager (CallQueueManager.java:<init>(90)) - Using callQueue: class java.util.concurrent.LinkedBlockingQueue, queueCapacity: 2000, scheduler: class org.apache.hadoop.ipc.DefaultRpcScheduler, ipcBackoff: false.
2024-06-22 09:53:44,061 [main] INFO  ipc.Server (Server.java:<init>(1287)) - Listener at 127.0.0.1:15004
2024-06-22 09:53:44,062 [Socket Reader #1 for port 15004] INFO  ipc.Server (Server.java:run(1323)) - Starting Socket Reader #1 for port 15004
2024-06-22 09:53:44,088 [main] INFO  impl.MetricsSystemImpl (MetricsSystemImpl.java:init(158)) - OzoneManager metrics system started (again)
2024-06-22 09:53:44,098 [main] INFO  om.OzoneManager (OzoneManager.java:start(1650)) - OzoneManager RPC server is listening at localhost/127.0.0.1:15004
2024-06-22 09:53:44,098 [main] INFO  ratis.OzoneManagerRatisServer (OzoneManagerRatisServer.java:start(594)) - Starting OzoneManagerRatisServer om1 at port 15007
2024-06-22 09:53:44,101 [om1-impl-thread1] INFO  server.RaftServerConfigKeys (ConfUtils.java:logGet(46)) - raft.server.storage.free-space.min = 0MB (=0) (default)
2024-06-22 09:53:44,101 [om1-impl-thread1] INFO  server.RaftServerConfigKeys (ConfUtils.java:logGet(46)) - raft.server.log.corruption.policy = EXCEPTION (default)
2024-06-22 09:53:44,101 [om1-impl-thread1] INFO  server.RaftServerConfigKeys (ConfUtils.java:logGet(46)) - raft.server.storage.dir = [/home/runner/work/ozone/ozone/hadoop-ozone/integration-test/target/test-dir/MiniOzoneClusterImpl-e30f9212-6642-4e3c-bf74-b445a15ce63f/ozone-meta/ratis] (custom)
2024-06-22 09:53:44,107 [om1-impl-thread1] INFO  storage.RaftStorageDirectory (RaftStorageDirectoryImpl.java:analyzeStorage(138)) - The storage directory /home/runner/work/ozone/ozone/hadoop-ozone/integration-test/target/test-dir/MiniOzoneClusterImpl-e30f9212-6642-4e3c-bf74-b445a15ce63f/ozone-meta/ratis/bf265839-605b-3f16-9796-c5ba1605619e does not exist. Creating ...
2024-06-22 09:53:44,110 [om1-impl-thread1] INFO  storage.RaftStorageDirectory (RaftStorageDirectoryImpl.java:tryLock(228)) - Lock on /home/runner/work/ozone/ozone/hadoop-ozone/integration-test/target/test-dir/MiniOzoneClusterImpl-e30f9212-6642-4e3c-bf74-b445a15ce63f/ozone-meta/ratis/bf265839-605b-3f16-9796-c5ba1605619e/in_use.lock acquired by nodename 22061@fv-az660-705
2024-06-22 09:53:44,114 [om1-impl-thread1] INFO  storage.RaftStorage (RaftStorageImpl.java:format(99)) - Storage directory /home/runner/work/ozone/ozone/hadoop-ozone/integration-test/target/test-dir/MiniOzoneClusterImpl-e30f9212-6642-4e3c-bf74-b445a15ce63f/ozone-meta/ratis/bf265839-605b-3f16-9796-c5ba1605619e has been successfully formatted.
2024-06-22 09:53:44,115 [om1-impl-thread1] WARN  util.FileUtils (LogUtils.java:supplyAndLog(63)) - Failed to Files.newInputStream /home/runner/work/ozone/ozone/hadoop-ozone/integration-test/target/test-dir/MiniOzoneClusterImpl-e30f9212-6642-4e3c-bf74-b445a15ce63f/ozone-meta/ratis/bf265839-605b-3f16-9796-c5ba1605619e/current/raft-meta.conf with options []: java.nio.file.NoSuchFileException: /home/runner/work/ozone/ozone/hadoop-ozone/integration-test/target/test-dir/MiniOzoneClusterImpl-e30f9212-6642-4e3c-bf74-b445a15ce63f/ozone-meta/ratis/bf265839-605b-3f16-9796-c5ba1605619e/current/raft-meta.conf
2024-06-22 09:53:44,116 [om1-impl-thread1] INFO  server.RaftServerConfigKeys (ConfUtils.java:logGet(46)) - raft.server.log.use.memory = false (default)
2024-06-22 09:53:44,122 [om1-impl-thread1] INFO  server.RaftServerConfigKeys (ConfUtils.java:logGet(46)) - raft.server.log.purge.gap = 1000000 (custom)
2024-06-22 09:53:44,122 [om1-impl-thread1] INFO  server.RaftServerConfigKeys (ConfUtils.java:logGet(46)) - raft.server.log.appender.buffer.byte-limit = 4194304 (custom)
2024-06-22 09:53:44,123 [om1-impl-thread1] INFO  server.RaftServerConfigKeys (ConfUtils.java:logGet(46)) - raft.server.log.statemachine.data.read.timeout = 1000ms (default)
2024-06-22 09:53:44,124 [om1-impl-thread1] INFO  server.RaftServerConfigKeys (ConfUtils.java:logGet(46)) - raft.server.log.purge.preservation.log.num = 0 (default)
2024-06-22 09:53:44,127 [om1-impl-thread1] INFO  server.RaftServerConfigKeys (ConfUtils.java:logGet(46)) - raft.server.log.segment.size.max = 4194304 (custom)
2024-06-22 09:53:44,131 [om1-impl-thread1] INFO  server.RaftServerConfigKeys (ConfUtils.java:logGet(46)) - raft.server.log.segment.cache.num.max = 2 (custom)
2024-06-22 09:53:44,131 [om1-impl-thread1] INFO  server.RaftServerConfigKeys (ConfUtils.java:logGet(46)) - raft.server.log.segment.cache.size.max = 200MB (=209715200) (default)
2024-06-22 09:53:44,131 [om1-impl-thread1] INFO  server.RaftServerConfigKeys (ConfUtils.java:logGet(46)) - raft.server.log.appender.buffer.byte-limit = 4194304 (custom)
2024-06-22 09:53:44,133 [om1-impl-thread1] INFO  util.AwaitToRun (AwaitToRun.java:start(81)) - Thread[om1@group-C5BA1605619E-cacheEviction-AwaitToRun,5,main] started
2024-06-22 09:53:44,135 [om1-impl-thread1] INFO  segmented.SegmentedRaftLogWorker (SegmentedRaftLogWorker.java:<init>(182)) - new om1@group-C5BA1605619E-SegmentedRaftLogWorker for RaftStorageImpl:Storage Directory /home/runner/work/ozone/ozone/hadoop-ozone/integration-test/target/test-dir/MiniOzoneClusterImpl-e30f9212-6642-4e3c-bf74-b445a15ce63f/ozone-meta/ratis/bf265839-605b-3f16-9796-c5ba1605619e
2024-06-22 09:53:44,136 [om1-impl-thread1] INFO  server.RaftServerConfigKeys (ConfUtils.java:logGet(46)) - raft.server.log.queue.byte-limit = 64MB (=67108864) (default)
2024-06-22 09:53:44,136 [om1-impl-thread1] INFO  server.RaftServerConfigKeys (ConfUtils.java:logGet(46)) - raft.server.log.queue.element-limit = 4096 (default)
2024-06-22 09:53:44,137 [om1-impl-thread1] INFO  server.RaftServerConfigKeys (ConfUtils.java:logGet(46)) - raft.server.log.segment.size.max = 4194304 (custom)
2024-06-22 09:53:44,138 [om1-impl-thread1] INFO  server.RaftServerConfigKeys (ConfUtils.java:logGet(46)) - raft.server.log.preallocated.size = 4194304 (custom)
2024-06-22 09:53:44,138 [om1-impl-thread1] INFO  server.RaftServerConfigKeys (ConfUtils.java:logGet(46)) - raft.server.log.force.sync.num = 128 (default)
2024-06-22 09:53:44,138 [om1-impl-thread1] INFO  server.RaftServerConfigKeys (ConfUtils.java:logGet(46)) - raft.server.log.statemachine.data.sync = true (default)
2024-06-22 09:53:44,139 [om1-impl-thread1] INFO  server.RaftServerConfigKeys (ConfUtils.java:logGet(46)) - raft.server.log.statemachine.data.sync.timeout = 10s (default)
2024-06-22 09:53:44,139 [om1-impl-thread1] INFO  server.RaftServerConfigKeys (ConfUtils.java:logGet(46)) - raft.server.log.statemachine.data.sync.timeout.retry = -1 (default)
2024-06-22 09:53:44,141 [om1-impl-thread1] INFO  server.RaftServerConfigKeys (ConfUtils.java:logGet(46)) - raft.server.log.write.buffer.size = 4194312 (custom)
2024-06-22 09:53:44,142 [om1-impl-thread1] INFO  server.RaftServerConfigKeys (ConfUtils.java:logGet(46)) - raft.server.log.appender.buffer.byte-limit = 4194304 (custom)
2024-06-22 09:53:44,142 [om1-impl-thread1] INFO  server.RaftServerConfigKeys (ConfUtils.java:logGet(46)) - raft.server.log.unsafe-flush.enabled = false (default)
2024-06-22 09:53:44,143 [om1-impl-thread1] INFO  server.RaftServerConfigKeys (ConfUtils.java:logGet(46)) - raft.server.log.async-flush.enabled = false (default)
2024-06-22 09:53:44,143 [om1-impl-thread1] INFO  server.RaftServerConfigKeys (ConfUtils.java:logGet(46)) - raft.server.log.statemachine.data.caching.enabled = false (default)
2024-06-22 09:53:44,146 [om1-impl-thread1] INFO  segmented.SegmentedRaftLogWorker (SegmentedRaftLogWorker.java:lambda$new$0(134)) - om1@group-C5BA1605619E-SegmentedRaftLogWorker: flushIndex: setUnconditionally 0 -> -1
2024-06-22 09:53:44,146 [om1-impl-thread1] INFO  segmented.SegmentedRaftLogWorker (SegmentedRaftLogWorker.java:lambda$new$0(134)) - om1@group-C5BA1605619E-SegmentedRaftLogWorker: safeCacheEvictIndex: setUnconditionally 0 -> -1
2024-06-22 09:53:44,147 [om1-impl-thread1] INFO  server.RaftServer$Division (RaftServerImpl.java:start(396)) - om1@group-C5BA1605619E: start as a follower, conf=-1: peers:[om1|localhost:15007]|listeners:[], old=null
2024-06-22 09:53:44,147 [om1-impl-thread1] INFO  server.RaftServer$Division (RaftServerImpl.java:setRole(383)) - om1@group-C5BA1605619E: changes role from      null to FOLLOWER at term 0 for startAsFollower
2024-06-22 09:53:44,148 [om1-impl-thread1] INFO  impl.RoleInfo (RoleInfo.java:updateAndGet(139)) - om1: start om1@group-C5BA1605619E-FollowerState
2024-06-22 09:53:44,148 [om1@group-C5BA1605619E-FollowerState] INFO  server.RaftServerConfigKeys (ConfUtils.java:logFallback(53)) - raft.server.rpc.first-election.timeout.min = 1s (fallback to raft.server.rpc.timeout.min)
2024-06-22 09:53:44,149 [om1@group-C5BA1605619E-FollowerState] INFO  server.RaftServerConfigKeys (ConfUtils.java:logFallback(53)) - raft.server.rpc.first-election.timeout.max = 1200ms (fallback to raft.server.rpc.timeout.max)
2024-06-22 09:53:44,149 [om1-impl-thread1] INFO  util.JmxRegister (JmxRegister.java:tryRegister(44)) - Successfully registered JMX Bean with object name Ratis:service=RaftServer,group=group-C5BA1605619E,id=om1
2024-06-22 09:53:44,151 [om1-impl-thread1] INFO  server.RaftServerConfigKeys (ConfUtils.java:logGet(46)) - raft.server.snapshot.trigger-when-stop.enabled = true (default)
2024-06-22 09:53:44,151 [om1-impl-thread1] INFO  server.RaftServerConfigKeys (ConfUtils.java:logGet(46)) - raft.server.snapshot.auto.trigger.enabled = true (custom)
2024-06-22 09:53:44,151 [om1-impl-thread1] INFO  server.RaftServerConfigKeys (ConfUtils.java:logGet(46)) - raft.server.snapshot.auto.trigger.threshold = 400000 (default)
2024-06-22 09:53:44,152 [om1-impl-thread1] INFO  server.RaftServerConfigKeys (ConfUtils.java:logGet(46)) - raft.server.snapshot.retention.file.num = -1 (default)
2024-06-22 09:53:44,152 [om1-impl-thread1] INFO  server.RaftServerConfigKeys (ConfUtils.java:logGet(46)) - raft.server.log.purge.upto.snapshot.index = true (custom)
2024-06-22 09:53:44,155 [main] INFO  server.RaftServer (RaftServerProxy.java:startImpl(406)) - om1: start RPC server
2024-06-22 09:53:44,183 [main] INFO  server.GrpcService (GrpcService.java:startImpl(302)) - om1: GrpcService started, listening on 15007
2024-06-22 09:53:44,183 [JvmPauseMonitor1] INFO  util.JvmPauseMonitor (JvmPauseMonitor.java:run(146)) - JvmPauseMonitor-om1: Started
2024-06-22 09:53:44,184 [main] INFO  om.OzoneManager (OzoneManager.java:start(1666)) - Version File has different layout version (6) than OM DB (null). That is expected if this OM has never been finalized to a newer layout version.
2024-06-22 09:53:44,207 [main] INFO  client.ScmTopologyClient (ScmTopologyClient.java:start(72)) - Initial network topology fetched from SCM: /.
2024-06-22 09:53:44,207 [main] INFO  net.NodeSchemaLoader (NodeSchemaLoader.java:loadSchemaFromFile(129)) - Loading schema from [file:/home/runner/work/ozone/ozone/hadoop-hdds/common/target/classes/network-topology-default.xml]
2024-06-22 09:53:44,208 [main] INFO  net.NodeSchemaLoader (NodeSchemaLoader.java:loadSchema(176)) - Loading network topology layer schema file
2024-06-22 09:53:44,230 [main] INFO  http.BaseHttpServer (BaseHttpServer.java:newHttpServer2BuilderForOzone(223)) - Starting Web-server for ozoneManager at: http://0.0.0.0:15005
2024-06-22 09:53:44,230 [main] INFO  http.BaseHttpServer (BaseHttpServer.java:<init>(110)) - Hadoop Security Enabled: false Ozone Security Enabled: false Ozone HTTP Security Enabled: false 
2024-06-22 09:53:44,232 [main] WARN  server.AuthenticationFilter (AuthenticationFilter.java:constructSecretProvider(240)) - Unable to initialize FileSignerSecretProvider, falling back to use random secrets. Reason: Could not read signature secret file: /home/runner/hadoop-http-auth-signature-secret
2024-06-22 09:53:44,233 [main] INFO  http.HttpRequestLog (HttpRequestLog.java:getRequestLog(86)) - Http request log for http.requests.ozoneManager is not defined
2024-06-22 09:53:44,235 [main] INFO  http.HttpServer2 (HttpServer2.java:addGlobalFilter(1036)) - Added global filter 'safety' (class=org.apache.hadoop.hdds.server.http.HttpServer2$QuotingInputFilter)
2024-06-22 09:53:44,236 [main] INFO  http.HttpServer2 (HttpServer2.java:addFilter(1012)) - Added filter static_user_filter (class=org.apache.hadoop.http.lib.StaticUserWebFilter$StaticUserFilter) to context ozoneManager
2024-06-22 09:53:44,236 [main] INFO  http.HttpServer2 (HttpServer2.java:addFilter(1020)) - Added filter static_user_filter (class=org.apache.hadoop.http.lib.StaticUserWebFilter$StaticUserFilter) to context static
2024-06-22 09:53:44,237 [main] INFO  http.HttpServer2 (HttpServer2.java:addFilter(1020)) - Added filter static_user_filter (class=org.apache.hadoop.http.lib.StaticUserWebFilter$StaticUserFilter) to context logs
2024-06-22 09:53:44,238 [main] INFO  http.BaseHttpServer (BaseHttpServer.java:<init>(189)) - HTTP server of ozoneManager uses base directory /home/runner/work/ozone/ozone/hadoop-ozone/integration-test/target/test-dir/MiniOzoneClusterImpl-e30f9212-6642-4e3c-bf74-b445a15ce63f/ozone-meta/webserver
2024-06-22 09:53:44,240 [main] INFO  http.HttpServer2 (HttpServer2.java:bindListener(1236)) - Jetty bound to port 15005
2024-06-22 09:53:44,241 [main] INFO  server.Server (Server.java:doStart(375)) - jetty-9.4.54.v20240208; built: 2024-02-08T19:42:39.027Z; git: cef3fbd6d736a21e7d541a5db490381d95a2047d; jvm 17.0.11+9
2024-06-22 09:53:44,247 [main] INFO  server.session (DefaultSessionIdManager.java:doStart(334)) - DefaultSessionIdManager workerName=node0
2024-06-22 09:53:44,248 [main] INFO  server.session (DefaultSessionIdManager.java:doStart(339)) - No SessionScavenger set, using defaults
2024-06-22 09:53:44,248 [main] INFO  server.session (HouseKeeper.java:startScavenging(132)) - node0 Scavenging every 660000ms
2024-06-22 09:53:44,249 [main] INFO  handler.ContextHandler (ContextHandler.java:doStart(921)) - Started o.e.j.s.ServletContextHandler@5c936b5f{logs,/logs,file:///home/runner/work/ozone/ozone/hadoop-ozone/integration-test/target/log,AVAILABLE}
2024-06-22 09:53:44,249 [main] INFO  handler.ContextHandler (ContextHandler.java:doStart(921)) - Started o.e.j.s.ServletContextHandler@2baf9cd4{static,/static,file:///home/runner/work/ozone/ozone/hadoop-ozone/integration-test/target/test-classes/webapps/static,AVAILABLE}
2024-06-22 09:53:44,257 [main] INFO  handler.ContextHandler (ContextHandler.java:doStart(921)) - Started o.e.j.w.WebAppContext@1e27ed87{ozoneManager,/,file:///home/runner/work/ozone/ozone/hadoop-ozone/integration-test/target/test-classes/webapps/ozoneManager/,AVAILABLE}{file:/home/runner/work/ozone/ozone/hadoop-ozone/integration-test/target/test-classes/webapps/ozoneManager}
2024-06-22 09:53:44,259 [main] INFO  server.AbstractConnector (AbstractConnector.java:doStart(333)) - Started ServerConnector@67d99612{HTTP/1.1, (http/1.1)}{0.0.0.0:15005}
2024-06-22 09:53:44,259 [main] INFO  server.Server (Server.java:doStart(415)) - Started @6254ms
2024-06-22 09:53:44,259 [main] WARN  impl.MetricsSystemImpl (MetricsSystemImpl.java:register(279)) - Sink prometheus already exists!
2024-06-22 09:53:44,260 [main] INFO  http.BaseHttpServer (BaseHttpServer.java:updateConnectorAddress(354)) - HTTP server of ozoneManager listening at http://0.0.0.0:15005
2024-06-22 09:53:44,263 [IPC Server Responder] INFO  ipc.Server (Server.java:run(1562)) - IPC Server Responder: starting
2024-06-22 09:53:44,263 [IPC Server listener on 15004] INFO  ipc.Server (Server.java:run(1402)) - IPC Server listener on 15004: starting
2024-06-22 09:53:44,266 [main] INFO  om.OzoneManager (OzoneManager.java:startTrashEmptier(2121)) - Trash Interval set to 0. Files deleted won't move to trash
2024-06-22 09:53:44,275 [main] INFO  db.CodecBuffer (CodecBuffer.java:set(63)) - Successfully set constructor to org.apache.hadoop.hdds.utils.db.CodecBuffer$$Lambda$1142/0x00007f2214736778@2c9542eb
2024-06-22 09:53:44,358 [main] WARN  dropwizard3.Dm3MetricRegistriesImpl (Dm3MetricRegistriesImpl.java:addReporterRegistration(113)) - New reporters are added after registries were created. Some metrics will be missing from the reporter. Please add reporter before adding any new registry.
2024-06-22 09:53:44,358 [main] WARN  dropwizard3.Dm3MetricRegistriesImpl (Dm3MetricRegistriesImpl.java:addReporterRegistration(113)) - New reporters are added after registries were created. Some metrics will be missing from the reporter. Please add reporter before adding any new registry.
2024-06-22 09:53:44,359 [main] INFO  impl.MetricsSystemImpl (MetricsSystemImpl.java:init(158)) - HddsDatanode metrics system started (again)
2024-06-22 09:53:44,374 [main] INFO  ozone.HddsDatanodeService (HddsDatanodeService.java:start(237)) - HddsDatanodeService host:fv-az660-705 ip:10.1.0.16
2024-06-22 09:53:44,379 [main] INFO  upgrade.AbstractLayoutVersionManager (AbstractLayoutVersionManager.java:init(83)) - Initializing Layout version manager with metadata layout = HADOOP_PRC_PORTS_IN_DATANODEDETAILS (version = 7), software layout = HADOOP_PRC_PORTS_IN_DATANODEDETAILS (version = 7)
2024-06-22 09:53:44,381 [main] INFO  statemachine.DatanodeStateMachine (DatanodeStateMachine.java:getEndPointTaskThreadPoolSize(293)) - Datanode State Machine Task Thread Pool size 2
2024-06-22 09:53:44,427 [main] INFO  volume.HddsVolume (HddsVolume.java:<init>(126)) - Creating HddsVolume: /home/runner/work/ozone/ozone/hadoop-ozone/integration-test/target/test-dir/MiniOzoneClusterImpl-e30f9212-6642-4e3c-bf74-b445a15ce63f/ozone-meta/datanode-1/data-0/hdds of storage type : DISK capacity : 9222449699674390527
2024-06-22 09:53:44,429 [main] INFO  volume.MutableVolumeSet (MutableVolumeSet.java:initializeVolumeSet(173)) - Added Volume : /home/runner/work/ozone/ozone/hadoop-ozone/integration-test/target/test-dir/MiniOzoneClusterImpl-e30f9212-6642-4e3c-bf74-b445a15ce63f/ozone-meta/datanode-1/data-0/hdds to VolumeSet
2024-06-22 09:53:44,432 [main] INFO  volume.MutableVolumeSet (MutableVolumeSet.java:initializeVolumeSet(173)) - Added Volume : /home/runner/work/ozone/ozone/hadoop-ozone/integration-test/target/test-dir/MiniOzoneClusterImpl-e30f9212-6642-4e3c-bf74-b445a15ce63f/ozone-meta/datanode-1/ratis to VolumeSet
2024-06-22 09:53:44,435 [main] INFO  ozoneimpl.OzoneContainer (HddsVolumeUtil.java:loadAllHddsVolumeDbStore(103)) - Load 1 volumes DbStore cost: 1ms
2024-06-22 09:53:44,479 [main] INFO  audit.AuditLogger (AuditLogger.java:refreshDebugCmdSet(135)) - Refresh DebugCmdSet for DNAudit to [].
2024-06-22 09:53:44,505 [main] INFO  server.RaftServer (ConfUtils.java:logGet(46)) - raft.rpc.type = GRPC (default)
2024-06-22 09:53:44,506 [main] INFO  grpc.GrpcConfigKeys (ConfUtils.java:logFallback(53)) - raft.grpc.admin.host = null (fallback to raft.grpc.server.host)
2024-06-22 09:53:44,506 [main] INFO  grpc.GrpcConfigKeys (ConfUtils.java:logGet(46)) - raft.grpc.admin.port = 15013 (custom)
2024-06-22 09:53:44,507 [main] INFO  grpc.GrpcConfigKeys (ConfUtils.java:logFallback(53)) - raft.grpc.client.host = null (fallback to raft.grpc.server.host)
2024-06-22 09:53:44,507 [main] INFO  grpc.GrpcConfigKeys (ConfUtils.java:logGet(46)) - raft.grpc.client.port = 15012 (custom)
2024-06-22 09:53:44,507 [main] INFO  grpc.GrpcConfigKeys (ConfUtils.java:logGet(46)) - raft.grpc.server.host = null (default)
2024-06-22 09:53:44,507 [main] INFO  grpc.GrpcConfigKeys (ConfUtils.java:logGet(46)) - raft.grpc.server.port = 15014 (custom)
2024-06-22 09:53:44,508 [main] INFO  server.GrpcService (ConfUtils.java:logGet(46)) - raft.grpc.message.size.max = 32MB (=33554432) (custom)
2024-06-22 09:53:44,508 [main] INFO  server.RaftServerConfigKeys (ConfUtils.java:logGet(46)) - raft.server.log.appender.buffer.byte-limit = 8388608 (custom)
2024-06-22 09:53:44,508 [main] INFO  server.GrpcService (ConfUtils.java:logGet(46)) - raft.grpc.flow.control.window = 5MB (=5242880) (custom)
2024-06-22 09:53:44,509 [main] INFO  server.RaftServerConfigKeys (ConfUtils.java:logGet(46)) - raft.server.rpc.request.timeout = 60s (custom)
2024-06-22 09:53:44,509 [main] INFO  grpc.GrpcConfigKeys (ConfUtils.java:logGet(46)) - raft.grpc.server.heartbeat.channel = true (default)
2024-06-22 09:53:44,509 [main] INFO  grpc.GrpcConfigKeys (ConfUtils.java:logGet(46)) - raft.grpc.server.async.request.thread.pool.cached = true (default)
2024-06-22 09:53:44,509 [main] INFO  grpc.GrpcConfigKeys (ConfUtils.java:logGet(46)) - raft.grpc.server.async.request.thread.pool.size = 32 (default)
2024-06-22 09:53:44,512 [main] INFO  impl.DataStreamServerImpl (ConfUtils.java:logGet(46)) - raft.datastream.type = NETTY (custom)
2024-06-22 09:53:44,525 [main] INFO  server.RaftServerConfigKeys (ConfUtils.java:logGet(46)) - raft.server.data-stream.async.request.thread.pool.cached = false (default)
2024-06-22 09:53:44,526 [main] INFO  server.RaftServerConfigKeys (ConfUtils.java:logGet(46)) - raft.server.data-stream.async.request.thread.pool.size = 20 (custom)
2024-06-22 09:53:44,527 [main] INFO  server.RaftServerConfigKeys (ConfUtils.java:logGet(46)) - raft.server.data-stream.async.write.thread.pool.size = 16 (default)
2024-06-22 09:53:44,528 [main] INFO  netty.NettyConfigKeys$DataStream (ConfUtils.java:logGet(46)) - raft.netty.dataStream.server.channel.inactive.grace-period = 10min (default)
2024-06-22 09:53:44,528 [main] INFO  server.RaftServerConfigKeys (ConfUtils.java:logGet(46)) - raft.server.data-stream.client.pool.size = 10 (default)
2024-06-22 09:53:44,530 [main] INFO  netty.NettyConfigKeys$DataStream (ConfUtils.java:logGet(46)) - raft.netty.dataStream.server.use-epoll = true (default)
2024-06-22 09:53:44,538 [main] INFO  netty.NettyConfigKeys$DataStream (ConfUtils.java:logGet(46)) - raft.netty.dataStream.server.boss-group.size = 0 (default)
2024-06-22 09:53:44,539 [main] INFO  netty.NettyUtils (NettyUtils.java:newEventLoopGroup(69)) - Create EpollEventLoopGroup for eea743f9-1650-4764-952b-70f255484f5c-NettyServerStreamRpc-bossGroup; Thread size is 0.
2024-06-22 09:53:44,540 [main] INFO  netty.NettyConfigKeys$DataStream (ConfUtils.java:logGet(46)) - raft.netty.dataStream.server.worker-group.size = 0 (default)
2024-06-22 09:53:44,543 [main] INFO  netty.NettyUtils (NettyUtils.java:newEventLoopGroup(69)) - Create EpollEventLoopGroup for eea743f9-1650-4764-952b-70f255484f5c-NettyServerStreamRpc-workerGroup; Thread size is 0.
2024-06-22 09:53:44,544 [main] INFO  netty.NettyConfigKeys$DataStream (ConfUtils.java:logGet(46)) - raft.netty.dataStream.server.tls.conf = null (default)
2024-06-22 09:53:44,545 [main] INFO  netty.NettyConfigKeys$DataStream (ConfUtils.java:logGet(46)) - raft.netty.dataStream.host = null (default)
2024-06-22 09:53:44,546 [main] INFO  netty.NettyConfigKeys$DataStream (ConfUtils.java:logGet(46)) - raft.netty.dataStream.port = 15015 (custom)
2024-06-22 09:53:44,551 [main] INFO  server.RaftServerConfigKeys (ConfUtils.java:logGet(46)) - raft.server.sleep.deviation.threshold = 300ms (default)
2024-06-22 09:53:44,552 [main] INFO  server.RaftServerConfigKeys (ConfUtils.java:logGet(46)) - raft.server.close.threshold = 60s (default)
2024-06-22 09:53:44,552 [main] INFO  server.RaftServerConfigKeys (ConfUtils.java:logGet(46)) - raft.server.leaderelection.leader.step-down.wait-time = 10s (default)
2024-06-22 09:53:44,552 [main] INFO  server.RaftServerConfigKeys (ConfUtils.java:logGet(46)) - raft.server.storage.dir = [/home/runner/work/ozone/ozone/hadoop-ozone/integration-test/target/test-dir/MiniOzoneClusterImpl-e30f9212-6642-4e3c-bf74-b445a15ce63f/ozone-meta/datanode-1/ratis] (custom)
2024-06-22 09:53:44,552 [main] INFO  server.RaftServerConfigKeys (ConfUtils.java:logGet(46)) - raft.server.threadpool.proxy.cached = true (default)
2024-06-22 09:53:44,552 [main] INFO  server.RaftServerConfigKeys (ConfUtils.java:logGet(46)) - raft.server.threadpool.proxy.size = 0 (default)
2024-06-22 09:53:44,560 [eea743f9-1650-4764-952b-70f255484f5c-NettyServerStreamRpc-bossGroup--thread1] INFO  logging.LoggingHandler (AbstractInternalLogger.java:log(148)) - [id: 0x9b75fcaf] REGISTERED
2024-06-22 09:53:44,560 [eea743f9-1650-4764-952b-70f255484f5c-NettyServerStreamRpc-bossGroup--thread1] INFO  logging.LoggingHandler (AbstractInternalLogger.java:log(148)) - [id: 0x9b75fcaf] BIND: 0.0.0.0/0.0.0.0:15015
2024-06-22 09:53:44,561 [eea743f9-1650-4764-952b-70f255484f5c-NettyServerStreamRpc-bossGroup--thread1] INFO  logging.LoggingHandler (AbstractInternalLogger.java:log(148)) - [id: 0x9b75fcaf, L:/0.0.0.0:15015] ACTIVE
2024-06-22 09:53:44,563 [eea743f9-1650-4764-952b-70f255484f5c-impl-thread1] INFO  server.RaftServer (RaftServerProxy.java:initGroupDir(264)) - eea743f9-1650-4764-952b-70f255484f5c: found a subdirectory /home/runner/work/ozone/ozone/hadoop-ozone/integration-test/target/test-dir/MiniOzoneClusterImpl-e30f9212-6642-4e3c-bf74-b445a15ce63f/ozone-meta/datanode-1/ratis/tmp
2024-06-22 09:53:44,563 [eea743f9-1650-4764-952b-70f255484f5c-impl-thread1] INFO  server.RaftServer (RaftServerProxy.java:initGroupDir(269)) - eea743f9-1650-4764-952b-70f255484f5c: The directory /home/runner/work/ozone/ozone/hadoop-ozone/integration-test/target/test-dir/MiniOzoneClusterImpl-e30f9212-6642-4e3c-bf74-b445a15ce63f/ozone-meta/datanode-1/ratis/tmp is not a group directory; ignoring it. 
2024-06-22 09:53:44,566 [main] INFO  replication.ReplicationServer (ReplicationServer.java:<init>(86)) - Initializing replication server with thread count = 10 queue length = 4096
2024-06-22 09:53:44,588 [main] INFO  server.XceiverServerGrpc (XceiverServerGrpc.java:<init>(141)) - GrpcServer channel type EpollServerSocketChannel
2024-06-22 09:53:44,617 [main] INFO  replication.ReplicationSupervisor (ReplicationSupervisor.java:build(157)) - Initializing replication supervisor with thread count = 10
2024-06-22 09:53:44,619 [main] INFO  replication.ReplicationSupervisor (ReplicationSupervisor.java:nodeStateUpdated(312)) - Node state updated to IN_SERVICE, scaling executor pool size to 10
2024-06-22 09:53:44,665 [main] INFO  http.BaseHttpServer (BaseHttpServer.java:newHttpServer2BuilderForOzone(223)) - Starting Web-server for hddsDatanode at: http://0.0.0.0:15009
2024-06-22 09:53:44,665 [main] INFO  http.BaseHttpServer (BaseHttpServer.java:<init>(110)) - Hadoop Security Enabled: false Ozone Security Enabled: false Ozone HTTP Security Enabled: false 
2024-06-22 09:53:44,667 [main] WARN  server.AuthenticationFilter (AuthenticationFilter.java:constructSecretProvider(240)) - Unable to initialize FileSignerSecretProvider, falling back to use random secrets. Reason: Could not read signature secret file: /home/runner/hadoop-http-auth-signature-secret
2024-06-22 09:53:44,667 [main] INFO  http.HttpRequestLog (HttpRequestLog.java:getRequestLog(86)) - Http request log for http.requests.hddsDatanode is not defined
2024-06-22 09:53:44,669 [main] INFO  http.HttpServer2 (HttpServer2.java:addGlobalFilter(1036)) - Added global filter 'safety' (class=org.apache.hadoop.hdds.server.http.HttpServer2$QuotingInputFilter)
2024-06-22 09:53:44,670 [main] INFO  http.HttpServer2 (HttpServer2.java:addFilter(1012)) - Added filter static_user_filter (class=org.apache.hadoop.http.lib.StaticUserWebFilter$StaticUserFilter) to context hddsDatanode
2024-06-22 09:53:44,670 [main] INFO  http.HttpServer2 (HttpServer2.java:addFilter(1020)) - Added filter static_user_filter (class=org.apache.hadoop.http.lib.StaticUserWebFilter$StaticUserFilter) to context logs
2024-06-22 09:53:44,670 [main] INFO  http.HttpServer2 (HttpServer2.java:addFilter(1020)) - Added filter static_user_filter (class=org.apache.hadoop.http.lib.StaticUserWebFilter$StaticUserFilter) to context static
2024-06-22 09:53:44,671 [main] INFO  http.BaseHttpServer (BaseHttpServer.java:<init>(189)) - HTTP server of hddsDatanode uses base directory /home/runner/work/ozone/ozone/hadoop-ozone/integration-test/target/test-dir/MiniOzoneClusterImpl-e30f9212-6642-4e3c-bf74-b445a15ce63f/ozone-meta/datanode-1/meta/webserver
2024-06-22 09:53:44,672 [main] INFO  http.HttpServer2 (HttpServer2.java:bindListener(1236)) - Jetty bound to port 15009
2024-06-22 09:53:44,672 [main] INFO  server.Server (Server.java:doStart(375)) - jetty-9.4.54.v20240208; built: 2024-02-08T19:42:39.027Z; git: cef3fbd6d736a21e7d541a5db490381d95a2047d; jvm 17.0.11+9
2024-06-22 09:53:44,679 [main] INFO  server.session (DefaultSessionIdManager.java:doStart(334)) - DefaultSessionIdManager workerName=node0
2024-06-22 09:53:44,679 [main] INFO  server.session (DefaultSessionIdManager.java:doStart(339)) - No SessionScavenger set, using defaults
2024-06-22 09:53:44,679 [main] INFO  server.session (HouseKeeper.java:startScavenging(132)) - node0 Scavenging every 600000ms
2024-06-22 09:53:44,680 [main] INFO  handler.ContextHandler (ContextHandler.java:doStart(921)) - Started o.e.j.s.ServletContextHandler@27d40ca5{logs,/logs,file:///home/runner/work/ozone/ozone/hadoop-ozone/integration-test/target/log,AVAILABLE}
2024-06-22 09:53:44,681 [main] INFO  handler.ContextHandler (ContextHandler.java:doStart(921)) - Started o.e.j.s.ServletContextHandler@9c53820{static,/static,file:///home/runner/work/ozone/ozone/hadoop-hdds/container-service/target/classes/webapps/static,AVAILABLE}
2024-06-22 09:53:44,685 [main] INFO  handler.ContextHandler (ContextHandler.java:doStart(921)) - Started o.e.j.w.WebAppContext@46663674{hddsDatanode,/,file:///home/runner/work/ozone/ozone/hadoop-hdds/container-service/target/classes/webapps/hddsDatanode/,AVAILABLE}{file:/home/runner/work/ozone/ozone/hadoop-hdds/container-service/target/classes/webapps/hddsDatanode}
2024-06-22 09:53:44,687 [main] INFO  server.AbstractConnector (AbstractConnector.java:doStart(333)) - Started ServerConnector@fcaf12a{HTTP/1.1, (http/1.1)}{0.0.0.0:15009}
2024-06-22 09:53:44,687 [main] INFO  server.Server (Server.java:doStart(415)) - Started @6682ms
2024-06-22 09:53:44,687 [main] WARN  impl.MetricsSystemImpl (MetricsSystemImpl.java:register(279)) - Sink prometheus already exists!
2024-06-22 09:53:44,688 [main] INFO  http.BaseHttpServer (BaseHttpServer.java:updateConnectorAddress(354)) - HTTP server of hddsDatanode listening at http://0.0.0.0:15009
2024-06-22 09:53:44,690 [main] INFO  ipc.CallQueueManager (CallQueueManager.java:<init>(90)) - Using callQueue: class java.util.concurrent.LinkedBlockingQueue, queueCapacity: 100, scheduler: class org.apache.hadoop.ipc.DefaultRpcScheduler, ipcBackoff: false.
2024-06-22 09:53:44,690 [main] INFO  ipc.Server (Server.java:<init>(1287)) - Listener at 0.0.0.0:15010
2024-06-22 09:53:44,691 [Socket Reader #1 for port 15010] INFO  ipc.Server (Server.java:run(1323)) - Starting Socket Reader #1 for port 15010
2024-06-22 09:53:44,694 [main] INFO  ozone.HddsDatanodeService (HddsDatanodeService.java:start(321)) - Datanode start with admins: [runner]
2024-06-22 09:53:44,694 [main] INFO  ozone.HddsDatanodeClientProtocolServer (HddsDatanodeClientProtocolServer.java:start(77)) - RPC server for Client /0.0.0.0:15010
2024-06-22 09:53:44,694 [IPC Server Responder] INFO  ipc.Server (Server.java:run(1562)) - IPC Server Responder: starting
2024-06-22 09:53:44,694 [IPC Server listener on 15010] INFO  ipc.Server (Server.java:run(1402)) - IPC Server listener on 15010: starting
2024-06-22 09:53:44,695 [eea743f9-1650-4764-952b-70f255484f5c-DatanodeStateMachineDaemonThread] INFO  statemachine.DatanodeStateMachine (DatanodeStateMachine.java:lambda$startDaemon$1(545)) - Ozone container server started.
2024-06-22 09:53:44,697 [main] WARN  dropwizard3.Dm3MetricRegistriesImpl (Dm3MetricRegistriesImpl.java:addReporterRegistration(113)) - New reporters are added after registries were created. Some metrics will be missing from the reporter. Please add reporter before adding any new registry.
2024-06-22 09:53:44,697 [main] WARN  dropwizard3.Dm3MetricRegistriesImpl (Dm3MetricRegistriesImpl.java:addReporterRegistration(113)) - New reporters are added after registries were created. Some metrics will be missing from the reporter. Please add reporter before adding any new registry.
2024-06-22 09:53:44,697 [main] INFO  impl.MetricsSystemImpl (MetricsSystemImpl.java:init(158)) - HddsDatanode metrics system started (again)
2024-06-22 09:53:44,717 [main] INFO  ozone.HddsDatanodeService (HddsDatanodeService.java:start(237)) - HddsDatanodeService host:fv-az660-705 ip:10.1.0.16
2024-06-22 09:53:44,720 [main] INFO  upgrade.AbstractLayoutVersionManager (AbstractLayoutVersionManager.java:init(83)) - Initializing Layout version manager with metadata layout = HADOOP_PRC_PORTS_IN_DATANODEDETAILS (version = 7), software layout = HADOOP_PRC_PORTS_IN_DATANODEDETAILS (version = 7)
2024-06-22 09:53:44,723 [main] INFO  statemachine.DatanodeStateMachine (DatanodeStateMachine.java:getEndPointTaskThreadPoolSize(293)) - Datanode State Machine Task Thread Pool size 2
2024-06-22 09:53:44,736 [main] INFO  volume.HddsVolume (HddsVolume.java:<init>(126)) - Creating HddsVolume: /home/runner/work/ozone/ozone/hadoop-ozone/integration-test/target/test-dir/MiniOzoneClusterImpl-e30f9212-6642-4e3c-bf74-b445a15ce63f/ozone-meta/datanode-2/data-0/hdds of storage type : DISK capacity : 9222449699674390527
2024-06-22 09:53:44,736 [main] INFO  volume.MutableVolumeSet (MutableVolumeSet.java:initializeVolumeSet(173)) - Added Volume : /home/runner/work/ozone/ozone/hadoop-ozone/integration-test/target/test-dir/MiniOzoneClusterImpl-e30f9212-6642-4e3c-bf74-b445a15ce63f/ozone-meta/datanode-2/data-0/hdds to VolumeSet
2024-06-22 09:53:44,739 [main] INFO  volume.MutableVolumeSet (MutableVolumeSet.java:initializeVolumeSet(173)) - Added Volume : /home/runner/work/ozone/ozone/hadoop-ozone/integration-test/target/test-dir/MiniOzoneClusterImpl-e30f9212-6642-4e3c-bf74-b445a15ce63f/ozone-meta/datanode-2/ratis to VolumeSet
2024-06-22 09:53:44,747 [main] INFO  ozoneimpl.OzoneContainer (HddsVolumeUtil.java:loadAllHddsVolumeDbStore(103)) - Load 1 volumes DbStore cost: 5ms
2024-06-22 09:53:44,754 [main] INFO  server.RaftServer (ConfUtils.java:logGet(46)) - raft.rpc.type = GRPC (default)
2024-06-22 09:53:44,754 [main] INFO  grpc.GrpcConfigKeys (ConfUtils.java:logFallback(53)) - raft.grpc.admin.host = null (fallback to raft.grpc.server.host)
2024-06-22 09:53:44,754 [main] INFO  grpc.GrpcConfigKeys (ConfUtils.java:logGet(46)) - raft.grpc.admin.port = 15022 (custom)
2024-06-22 09:53:44,754 [main] INFO  grpc.GrpcConfigKeys (ConfUtils.java:logFallback(53)) - raft.grpc.client.host = null (fallback to raft.grpc.server.host)
2024-06-22 09:53:44,754 [main] INFO  grpc.GrpcConfigKeys (ConfUtils.java:logGet(46)) - raft.grpc.client.port = 15021 (custom)
2024-06-22 09:53:44,755 [main] INFO  grpc.GrpcConfigKeys (ConfUtils.java:logGet(46)) - raft.grpc.server.host = null (default)
2024-06-22 09:53:44,755 [main] INFO  grpc.GrpcConfigKeys (ConfUtils.java:logGet(46)) - raft.grpc.server.port = 15023 (custom)
2024-06-22 09:53:44,755 [main] INFO  server.GrpcService (ConfUtils.java:logGet(46)) - raft.grpc.message.size.max = 32MB (=33554432) (custom)
2024-06-22 09:53:44,756 [main] INFO  server.RaftServerConfigKeys (ConfUtils.java:logGet(46)) - raft.server.log.appender.buffer.byte-limit = 8388608 (custom)
2024-06-22 09:53:44,756 [main] INFO  server.GrpcService (ConfUtils.java:logGet(46)) - raft.grpc.flow.control.window = 5MB (=5242880) (custom)
2024-06-22 09:53:44,756 [main] INFO  server.RaftServerConfigKeys (ConfUtils.java:logGet(46)) - raft.server.rpc.request.timeout = 60s (custom)
2024-06-22 09:53:44,756 [main] INFO  grpc.GrpcConfigKeys (ConfUtils.java:logGet(46)) - raft.grpc.server.heartbeat.channel = true (default)
2024-06-22 09:53:44,756 [main] INFO  grpc.GrpcConfigKeys (ConfUtils.java:logGet(46)) - raft.grpc.server.async.request.thread.pool.cached = true (default)
2024-06-22 09:53:44,756 [main] INFO  grpc.GrpcConfigKeys (ConfUtils.java:logGet(46)) - raft.grpc.server.async.request.thread.pool.size = 32 (default)
2024-06-22 09:53:44,759 [main] INFO  impl.DataStreamServerImpl (ConfUtils.java:logGet(46)) - raft.datastream.type = NETTY (custom)
2024-06-22 09:53:44,760 [main] INFO  server.RaftServerConfigKeys (ConfUtils.java:logGet(46)) - raft.server.data-stream.async.request.thread.pool.cached = false (default)
2024-06-22 09:53:44,761 [main] INFO  server.RaftServerConfigKeys (ConfUtils.java:logGet(46)) - raft.server.data-stream.async.request.thread.pool.size = 20 (custom)
2024-06-22 09:53:44,761 [main] INFO  server.RaftServerConfigKeys (ConfUtils.java:logGet(46)) - raft.server.data-stream.async.write.thread.pool.size = 16 (default)
2024-06-22 09:53:44,761 [main] INFO  netty.NettyConfigKeys$DataStream (ConfUtils.java:logGet(46)) - raft.netty.dataStream.server.channel.inactive.grace-period = 10min (default)
2024-06-22 09:53:44,762 [main] INFO  server.RaftServerConfigKeys (ConfUtils.java:logGet(46)) - raft.server.data-stream.client.pool.size = 10 (default)
2024-06-22 09:53:44,762 [main] INFO  netty.NettyConfigKeys$DataStream (ConfUtils.java:logGet(46)) - raft.netty.dataStream.server.use-epoll = true (default)
2024-06-22 09:53:44,762 [main] INFO  netty.NettyConfigKeys$DataStream (ConfUtils.java:logGet(46)) - raft.netty.dataStream.server.boss-group.size = 0 (default)
2024-06-22 09:53:44,762 [main] INFO  netty.NettyUtils (NettyUtils.java:newEventLoopGroup(69)) - Create EpollEventLoopGroup for 788200e2-a8c6-41b6-82b9-949d8dd4f2a7-NettyServerStreamRpc-bossGroup; Thread size is 0.
2024-06-22 09:53:44,763 [main] INFO  netty.NettyConfigKeys$DataStream (ConfUtils.java:logGet(46)) - raft.netty.dataStream.server.worker-group.size = 0 (default)
2024-06-22 09:53:44,763 [main] INFO  netty.NettyUtils (NettyUtils.java:newEventLoopGroup(69)) - Create EpollEventLoopGroup for 788200e2-a8c6-41b6-82b9-949d8dd4f2a7-NettyServerStreamRpc-workerGroup; Thread size is 0.
2024-06-22 09:53:44,783 [main] INFO  netty.NettyConfigKeys$DataStream (ConfUtils.java:logGet(46)) - raft.netty.dataStream.server.tls.conf = null (default)
2024-06-22 09:53:44,784 [main] INFO  netty.NettyConfigKeys$DataStream (ConfUtils.java:logGet(46)) - raft.netty.dataStream.host = null (default)
2024-06-22 09:53:44,784 [main] INFO  netty.NettyConfigKeys$DataStream (ConfUtils.java:logGet(46)) - raft.netty.dataStream.port = 15024 (custom)
2024-06-22 09:53:44,786 [main] INFO  server.RaftServerConfigKeys (ConfUtils.java:logGet(46)) - raft.server.sleep.deviation.threshold = 300ms (default)
2024-06-22 09:53:44,786 [main] INFO  server.RaftServerConfigKeys (ConfUtils.java:logGet(46)) - raft.server.close.threshold = 60s (default)
2024-06-22 09:53:44,786 [main] INFO  server.RaftServerConfigKeys (ConfUtils.java:logGet(46)) - raft.server.leaderelection.leader.step-down.wait-time = 10s (default)
2024-06-22 09:53:44,786 [main] INFO  server.RaftServerConfigKeys (ConfUtils.java:logGet(46)) - raft.server.storage.dir = [/home/runner/work/ozone/ozone/hadoop-ozone/integration-test/target/test-dir/MiniOzoneClusterImpl-e30f9212-6642-4e3c-bf74-b445a15ce63f/ozone-meta/datanode-2/ratis] (custom)
2024-06-22 09:53:44,786 [main] INFO  server.RaftServerConfigKeys (ConfUtils.java:logGet(46)) - raft.server.threadpool.proxy.cached = true (default)
2024-06-22 09:53:44,786 [main] INFO  server.RaftServerConfigKeys (ConfUtils.java:logGet(46)) - raft.server.threadpool.proxy.size = 0 (default)
2024-06-22 09:53:44,789 [788200e2-a8c6-41b6-82b9-949d8dd4f2a7-NettyServerStreamRpc-bossGroup--thread1] INFO  logging.LoggingHandler (AbstractInternalLogger.java:log(148)) - [id: 0x531913e6] REGISTERED
2024-06-22 09:53:44,790 [788200e2-a8c6-41b6-82b9-949d8dd4f2a7-NettyServerStreamRpc-bossGroup--thread1] INFO  logging.LoggingHandler (AbstractInternalLogger.java:log(148)) - [id: 0x531913e6] BIND: 0.0.0.0/0.0.0.0:15024
2024-06-22 09:53:44,790 [788200e2-a8c6-41b6-82b9-949d8dd4f2a7-NettyServerStreamRpc-bossGroup--thread1] INFO  logging.LoggingHandler (AbstractInternalLogger.java:log(148)) - [id: 0x531913e6, L:/0.0.0.0:15024] ACTIVE
2024-06-22 09:53:44,791 [788200e2-a8c6-41b6-82b9-949d8dd4f2a7-impl-thread1] INFO  server.RaftServer (RaftServerProxy.java:initGroupDir(264)) - 788200e2-a8c6-41b6-82b9-949d8dd4f2a7: found a subdirectory /home/runner/work/ozone/ozone/hadoop-ozone/integration-test/target/test-dir/MiniOzoneClusterImpl-e30f9212-6642-4e3c-bf74-b445a15ce63f/ozone-meta/datanode-2/ratis/tmp
2024-06-22 09:53:44,794 [788200e2-a8c6-41b6-82b9-949d8dd4f2a7-impl-thread1] INFO  server.RaftServer (RaftServerProxy.java:initGroupDir(269)) - 788200e2-a8c6-41b6-82b9-949d8dd4f2a7: The directory /home/runner/work/ozone/ozone/hadoop-ozone/integration-test/target/test-dir/MiniOzoneClusterImpl-e30f9212-6642-4e3c-bf74-b445a15ce63f/ozone-meta/datanode-2/ratis/tmp is not a group directory; ignoring it. 
2024-06-22 09:53:44,795 [main] INFO  replication.ReplicationServer (ReplicationServer.java:<init>(86)) - Initializing replication server with thread count = 10 queue length = 4096
2024-06-22 09:53:44,797 [main] INFO  server.XceiverServerGrpc (XceiverServerGrpc.java:<init>(141)) - GrpcServer channel type EpollServerSocketChannel
2024-06-22 09:53:44,801 [main] INFO  replication.ReplicationSupervisor (ReplicationSupervisor.java:build(157)) - Initializing replication supervisor with thread count = 10
2024-06-22 09:53:44,801 [main] INFO  replication.ReplicationSupervisor (ReplicationSupervisor.java:nodeStateUpdated(312)) - Node state updated to IN_SERVICE, scaling executor pool size to 10
2024-06-22 09:53:44,809 [main] INFO  http.BaseHttpServer (BaseHttpServer.java:newHttpServer2BuilderForOzone(223)) - Starting Web-server for hddsDatanode at: http://0.0.0.0:15018
2024-06-22 09:53:44,809 [main] INFO  http.BaseHttpServer (BaseHttpServer.java:<init>(110)) - Hadoop Security Enabled: false Ozone Security Enabled: false Ozone HTTP Security Enabled: false 
2024-06-22 09:53:44,811 [main] WARN  server.AuthenticationFilter (AuthenticationFilter.java:constructSecretProvider(240)) - Unable to initialize FileSignerSecretProvider, falling back to use random secrets. Reason: Could not read signature secret file: /home/runner/hadoop-http-auth-signature-secret
2024-06-22 09:53:44,813 [main] INFO  http.HttpRequestLog (HttpRequestLog.java:getRequestLog(86)) - Http request log for http.requests.hddsDatanode is not defined
2024-06-22 09:53:44,817 [main] INFO  http.HttpServer2 (HttpServer2.java:addGlobalFilter(1036)) - Added global filter 'safety' (class=org.apache.hadoop.hdds.server.http.HttpServer2$QuotingInputFilter)
2024-06-22 09:53:44,819 [main] INFO  http.HttpServer2 (HttpServer2.java:addFilter(1012)) - Added filter static_user_filter (class=org.apache.hadoop.http.lib.StaticUserWebFilter$StaticUserFilter) to context hddsDatanode
2024-06-22 09:53:44,819 [main] INFO  http.HttpServer2 (HttpServer2.java:addFilter(1020)) - Added filter static_user_filter (class=org.apache.hadoop.http.lib.StaticUserWebFilter$StaticUserFilter) to context logs
2024-06-22 09:53:44,819 [main] INFO  http.HttpServer2 (HttpServer2.java:addFilter(1020)) - Added filter static_user_filter (class=org.apache.hadoop.http.lib.StaticUserWebFilter$StaticUserFilter) to context static
2024-06-22 09:53:44,820 [main] INFO  http.BaseHttpServer (BaseHttpServer.java:<init>(189)) - HTTP server of hddsDatanode uses base directory /home/runner/work/ozone/ozone/hadoop-ozone/integration-test/target/test-dir/MiniOzoneClusterImpl-e30f9212-6642-4e3c-bf74-b445a15ce63f/ozone-meta/datanode-2/meta/webserver
2024-06-22 09:53:44,821 [main] INFO  http.HttpServer2 (HttpServer2.java:bindListener(1236)) - Jetty bound to port 15018
2024-06-22 09:53:44,821 [main] INFO  server.Server (Server.java:doStart(375)) - jetty-9.4.54.v20240208; built: 2024-02-08T19:42:39.027Z; git: cef3fbd6d736a21e7d541a5db490381d95a2047d; jvm 17.0.11+9
2024-06-22 09:53:44,817 [eea743f9-1650-4764-952b-70f255484f5c-DatanodeStateMachineTaskThread-0] INFO  datanode.InitDatanodeState (InitDatanodeState.java:persistContainerDatanodeDetails(139)) - DatanodeDetails is persisted to /home/runner/work/ozone/ozone/hadoop-ozone/integration-test/target/test-dir/MiniOzoneClusterImpl-e30f9212-6642-4e3c-bf74-b445a15ce63f/ozone-meta/datanode-1/meta/datanode.id
2024-06-22 09:53:44,823 [main] INFO  server.session (DefaultSessionIdManager.java:doStart(334)) - DefaultSessionIdManager workerName=node0
2024-06-22 09:53:44,823 [main] INFO  server.session (DefaultSessionIdManager.java:doStart(339)) - No SessionScavenger set, using defaults
2024-06-22 09:53:44,824 [main] INFO  server.session (HouseKeeper.java:startScavenging(132)) - node0 Scavenging every 660000ms
2024-06-22 09:53:44,825 [main] INFO  handler.ContextHandler (ContextHandler.java:doStart(921)) - Started o.e.j.s.ServletContextHandler@6dc6608c{logs,/logs,file:///home/runner/work/ozone/ozone/hadoop-ozone/integration-test/target/log,AVAILABLE}
2024-06-22 09:53:44,825 [main] INFO  handler.ContextHandler (ContextHandler.java:doStart(921)) - Started o.e.j.s.ServletContextHandler@6317f6d{static,/static,file:///home/runner/work/ozone/ozone/hadoop-hdds/container-service/target/classes/webapps/static,AVAILABLE}
2024-06-22 09:53:44,833 [main] INFO  handler.ContextHandler (ContextHandler.java:doStart(921)) - Started o.e.j.w.WebAppContext@3519fc2a{hddsDatanode,/,file:///home/runner/work/ozone/ozone/hadoop-hdds/container-service/target/classes/webapps/hddsDatanode/,AVAILABLE}{file:/home/runner/work/ozone/ozone/hadoop-hdds/container-service/target/classes/webapps/hddsDatanode}
2024-06-22 09:53:44,834 [main] INFO  server.AbstractConnector (AbstractConnector.java:doStart(333)) - Started ServerConnector@4eab4474{HTTP/1.1, (http/1.1)}{0.0.0.0:15018}
2024-06-22 09:53:44,834 [main] INFO  server.Server (Server.java:doStart(415)) - Started @6829ms
2024-06-22 09:53:44,834 [main] WARN  impl.MetricsSystemImpl (MetricsSystemImpl.java:register(279)) - Sink prometheus already exists!
2024-06-22 09:53:44,835 [main] INFO  http.BaseHttpServer (BaseHttpServer.java:updateConnectorAddress(354)) - HTTP server of hddsDatanode listening at http://0.0.0.0:15018
2024-06-22 09:53:44,835 [main] INFO  ipc.CallQueueManager (CallQueueManager.java:<init>(90)) - Using callQueue: class java.util.concurrent.LinkedBlockingQueue, queueCapacity: 100, scheduler: class org.apache.hadoop.ipc.DefaultRpcScheduler, ipcBackoff: false.
2024-06-22 09:53:44,835 [main] INFO  ipc.Server (Server.java:<init>(1287)) - Listener at 0.0.0.0:15019
2024-06-22 09:53:44,836 [Socket Reader #1 for port 15019] INFO  ipc.Server (Server.java:run(1323)) - Starting Socket Reader #1 for port 15019
2024-06-22 09:53:44,841 [main] INFO  ozone.HddsDatanodeService (HddsDatanodeService.java:start(321)) - Datanode start with admins: [runner]
2024-06-22 09:53:44,841 [main] INFO  ozone.HddsDatanodeClientProtocolServer (HddsDatanodeClientProtocolServer.java:start(77)) - RPC server for Client /0.0.0.0:15019
2024-06-22 09:53:44,841 [IPC Server Responder] INFO  ipc.Server (Server.java:run(1562)) - IPC Server Responder: starting
2024-06-22 09:53:44,843 [IPC Server listener on 15019] INFO  ipc.Server (Server.java:run(1402)) - IPC Server listener on 15019: starting
2024-06-22 09:53:44,844 [main] WARN  dropwizard3.Dm3MetricRegistriesImpl (Dm3MetricRegistriesImpl.java:addReporterRegistration(113)) - New reporters are added after registries were created. Some metrics will be missing from the reporter. Please add reporter before adding any new registry.
2024-06-22 09:53:44,844 [main] WARN  dropwizard3.Dm3MetricRegistriesImpl (Dm3MetricRegistriesImpl.java:addReporterRegistration(113)) - New reporters are added after registries were created. Some metrics will be missing from the reporter. Please add reporter before adding any new registry.
2024-06-22 09:53:44,844 [main] INFO  impl.MetricsSystemImpl (MetricsSystemImpl.java:init(158)) - HddsDatanode metrics system started (again)
2024-06-22 09:53:44,848 [788200e2-a8c6-41b6-82b9-949d8dd4f2a7-DatanodeStateMachineDaemonThread] INFO  statemachine.DatanodeStateMachine (DatanodeStateMachine.java:lambda$startDaemon$1(545)) - Ozone container server started.
2024-06-22 09:53:44,854 [788200e2-a8c6-41b6-82b9-949d8dd4f2a7-DatanodeStateMachineTaskThread-0] INFO  datanode.InitDatanodeState (InitDatanodeState.java:persistContainerDatanodeDetails(139)) - DatanodeDetails is persisted to /home/runner/work/ozone/ozone/hadoop-ozone/integration-test/target/test-dir/MiniOzoneClusterImpl-e30f9212-6642-4e3c-bf74-b445a15ce63f/ozone-meta/datanode-2/meta/datanode.id
2024-06-22 09:53:44,862 [main] INFO  ozone.HddsDatanodeService (HddsDatanodeService.java:start(237)) - HddsDatanodeService host:fv-az660-705 ip:10.1.0.16
2024-06-22 09:53:44,865 [main] INFO  upgrade.AbstractLayoutVersionManager (AbstractLayoutVersionManager.java:init(83)) - Initializing Layout version manager with metadata layout = HADOOP_PRC_PORTS_IN_DATANODEDETAILS (version = 7), software layout = HADOOP_PRC_PORTS_IN_DATANODEDETAILS (version = 7)
2024-06-22 09:53:44,866 [main] INFO  statemachine.DatanodeStateMachine (DatanodeStateMachine.java:getEndPointTaskThreadPoolSize(293)) - Datanode State Machine Task Thread Pool size 2
2024-06-22 09:53:44,870 [main] INFO  volume.HddsVolume (HddsVolume.java:<init>(126)) - Creating HddsVolume: /home/runner/work/ozone/ozone/hadoop-ozone/integration-test/target/test-dir/MiniOzoneClusterImpl-e30f9212-6642-4e3c-bf74-b445a15ce63f/ozone-meta/datanode-3/data-0/hdds of storage type : DISK capacity : 9222449699674390527
2024-06-22 09:53:44,871 [main] INFO  volume.MutableVolumeSet (MutableVolumeSet.java:initializeVolumeSet(173)) - Added Volume : /home/runner/work/ozone/ozone/hadoop-ozone/integration-test/target/test-dir/MiniOzoneClusterImpl-e30f9212-6642-4e3c-bf74-b445a15ce63f/ozone-meta/datanode-3/data-0/hdds to VolumeSet
2024-06-22 09:53:44,873 [main] INFO  volume.MutableVolumeSet (MutableVolumeSet.java:initializeVolumeSet(173)) - Added Volume : /home/runner/work/ozone/ozone/hadoop-ozone/integration-test/target/test-dir/MiniOzoneClusterImpl-e30f9212-6642-4e3c-bf74-b445a15ce63f/ozone-meta/datanode-3/ratis to VolumeSet
2024-06-22 09:53:44,874 [main] INFO  ozoneimpl.OzoneContainer (HddsVolumeUtil.java:loadAllHddsVolumeDbStore(103)) - Load 1 volumes DbStore cost: 0ms
2024-06-22 09:53:44,879 [main] INFO  server.RaftServer (ConfUtils.java:logGet(46)) - raft.rpc.type = GRPC (default)
2024-06-22 09:53:44,880 [main] INFO  grpc.GrpcConfigKeys (ConfUtils.java:logFallback(53)) - raft.grpc.admin.host = null (fallback to raft.grpc.server.host)
2024-06-22 09:53:44,880 [main] INFO  grpc.GrpcConfigKeys (ConfUtils.java:logGet(46)) - raft.grpc.admin.port = 15031 (custom)
2024-06-22 09:53:44,881 [main] INFO  grpc.GrpcConfigKeys (ConfUtils.java:logFallback(53)) - raft.grpc.client.host = null (fallback to raft.grpc.server.host)
2024-06-22 09:53:44,881 [main] INFO  grpc.GrpcConfigKeys (ConfUtils.java:logGet(46)) - raft.grpc.client.port = 15030 (custom)
2024-06-22 09:53:44,881 [main] INFO  grpc.GrpcConfigKeys (ConfUtils.java:logGet(46)) - raft.grpc.server.host = null (default)
2024-06-22 09:53:44,882 [main] INFO  grpc.GrpcConfigKeys (ConfUtils.java:logGet(46)) - raft.grpc.server.port = 15032 (custom)
2024-06-22 09:53:44,882 [main] INFO  server.GrpcService (ConfUtils.java:logGet(46)) - raft.grpc.message.size.max = 32MB (=33554432) (custom)
2024-06-22 09:53:44,883 [main] INFO  server.RaftServerConfigKeys (ConfUtils.java:logGet(46)) - raft.server.log.appender.buffer.byte-limit = 8388608 (custom)
2024-06-22 09:53:44,883 [main] INFO  server.GrpcService (ConfUtils.java:logGet(46)) - raft.grpc.flow.control.window = 5MB (=5242880) (custom)
2024-06-22 09:53:44,884 [main] INFO  server.RaftServerConfigKeys (ConfUtils.java:logGet(46)) - raft.server.rpc.request.timeout = 60s (custom)
2024-06-22 09:53:44,884 [main] INFO  grpc.GrpcConfigKeys (ConfUtils.java:logGet(46)) - raft.grpc.server.heartbeat.channel = true (default)
2024-06-22 09:53:44,884 [main] INFO  grpc.GrpcConfigKeys (ConfUtils.java:logGet(46)) - raft.grpc.server.async.request.thread.pool.cached = true (default)
2024-06-22 09:53:44,885 [main] INFO  grpc.GrpcConfigKeys (ConfUtils.java:logGet(46)) - raft.grpc.server.async.request.thread.pool.size = 32 (default)
2024-06-22 09:53:44,888 [main] INFO  impl.DataStreamServerImpl (ConfUtils.java:logGet(46)) - raft.datastream.type = NETTY (custom)
2024-06-22 09:53:44,889 [main] INFO  server.RaftServerConfigKeys (ConfUtils.java:logGet(46)) - raft.server.data-stream.async.request.thread.pool.cached = false (default)
2024-06-22 09:53:44,890 [main] INFO  server.RaftServerConfigKeys (ConfUtils.java:logGet(46)) - raft.server.data-stream.async.request.thread.pool.size = 20 (custom)
2024-06-22 09:53:44,890 [main] INFO  server.RaftServerConfigKeys (ConfUtils.java:logGet(46)) - raft.server.data-stream.async.write.thread.pool.size = 16 (default)
2024-06-22 09:53:44,891 [main] INFO  netty.NettyConfigKeys$DataStream (ConfUtils.java:logGet(46)) - raft.netty.dataStream.server.channel.inactive.grace-period = 10min (default)
2024-06-22 09:53:44,891 [main] INFO  server.RaftServerConfigKeys (ConfUtils.java:logGet(46)) - raft.server.data-stream.client.pool.size = 10 (default)
2024-06-22 09:53:44,891 [main] INFO  netty.NettyConfigKeys$DataStream (ConfUtils.java:logGet(46)) - raft.netty.dataStream.server.use-epoll = true (default)
2024-06-22 09:53:44,892 [main] INFO  netty.NettyConfigKeys$DataStream (ConfUtils.java:logGet(46)) - raft.netty.dataStream.server.boss-group.size = 0 (default)
2024-06-22 09:53:44,892 [main] INFO  netty.NettyUtils (NettyUtils.java:newEventLoopGroup(69)) - Create EpollEventLoopGroup for 56d91bac-b32b-4010-a6ee-ca8fb4d6f013-NettyServerStreamRpc-bossGroup; Thread size is 0.
2024-06-22 09:53:44,893 [main] INFO  netty.NettyConfigKeys$DataStream (ConfUtils.java:logGet(46)) - raft.netty.dataStream.server.worker-group.size = 0 (default)
2024-06-22 09:53:44,894 [main] INFO  netty.NettyUtils (NettyUtils.java:newEventLoopGroup(69)) - Create EpollEventLoopGroup for 56d91bac-b32b-4010-a6ee-ca8fb4d6f013-NettyServerStreamRpc-workerGroup; Thread size is 0.
2024-06-22 09:53:44,895 [main] INFO  netty.NettyConfigKeys$DataStream (ConfUtils.java:logGet(46)) - raft.netty.dataStream.server.tls.conf = null (default)
2024-06-22 09:53:44,895 [main] INFO  netty.NettyConfigKeys$DataStream (ConfUtils.java:logGet(46)) - raft.netty.dataStream.host = null (default)
2024-06-22 09:53:44,896 [main] INFO  netty.NettyConfigKeys$DataStream (ConfUtils.java:logGet(46)) - raft.netty.dataStream.port = 15033 (custom)
2024-06-22 09:53:44,896 [main] INFO  server.RaftServerConfigKeys (ConfUtils.java:logGet(46)) - raft.server.sleep.deviation.threshold = 300ms (default)
2024-06-22 09:53:44,897 [56d91bac-b32b-4010-a6ee-ca8fb4d6f013-NettyServerStreamRpc-bossGroup--thread1] INFO  logging.LoggingHandler (AbstractInternalLogger.java:log(148)) - [id: 0x806cb988] REGISTERED
2024-06-22 09:53:44,897 [56d91bac-b32b-4010-a6ee-ca8fb4d6f013-NettyServerStreamRpc-bossGroup--thread1] INFO  logging.LoggingHandler (AbstractInternalLogger.java:log(148)) - [id: 0x806cb988] BIND: 0.0.0.0/0.0.0.0:15033
2024-06-22 09:53:44,897 [56d91bac-b32b-4010-a6ee-ca8fb4d6f013-NettyServerStreamRpc-bossGroup--thread1] INFO  logging.LoggingHandler (AbstractInternalLogger.java:log(148)) - [id: 0x806cb988, L:/0.0.0.0:15033] ACTIVE
2024-06-22 09:53:44,897 [main] INFO  server.RaftServerConfigKeys (ConfUtils.java:logGet(46)) - raft.server.close.threshold = 60s (default)
2024-06-22 09:53:44,898 [main] INFO  server.RaftServerConfigKeys (ConfUtils.java:logGet(46)) - raft.server.leaderelection.leader.step-down.wait-time = 10s (default)
2024-06-22 09:53:44,898 [main] INFO  server.RaftServerConfigKeys (ConfUtils.java:logGet(46)) - raft.server.storage.dir = [/home/runner/work/ozone/ozone/hadoop-ozone/integration-test/target/test-dir/MiniOzoneClusterImpl-e30f9212-6642-4e3c-bf74-b445a15ce63f/ozone-meta/datanode-3/ratis] (custom)
2024-06-22 09:53:44,898 [main] INFO  server.RaftServerConfigKeys (ConfUtils.java:logGet(46)) - raft.server.threadpool.proxy.cached = true (default)
2024-06-22 09:53:44,898 [main] INFO  server.RaftServerConfigKeys (ConfUtils.java:logGet(46)) - raft.server.threadpool.proxy.size = 0 (default)
2024-06-22 09:53:44,899 [56d91bac-b32b-4010-a6ee-ca8fb4d6f013-impl-thread1] INFO  server.RaftServer (RaftServerProxy.java:initGroupDir(264)) - 56d91bac-b32b-4010-a6ee-ca8fb4d6f013: found a subdirectory /home/runner/work/ozone/ozone/hadoop-ozone/integration-test/target/test-dir/MiniOzoneClusterImpl-e30f9212-6642-4e3c-bf74-b445a15ce63f/ozone-meta/datanode-3/ratis/tmp
2024-06-22 09:53:44,899 [56d91bac-b32b-4010-a6ee-ca8fb4d6f013-impl-thread1] INFO  server.RaftServer (RaftServerProxy.java:initGroupDir(269)) - 56d91bac-b32b-4010-a6ee-ca8fb4d6f013: The directory /home/runner/work/ozone/ozone/hadoop-ozone/integration-test/target/test-dir/MiniOzoneClusterImpl-e30f9212-6642-4e3c-bf74-b445a15ce63f/ozone-meta/datanode-3/ratis/tmp is not a group directory; ignoring it. 
2024-06-22 09:53:44,899 [main] INFO  replication.ReplicationServer (ReplicationServer.java:<init>(86)) - Initializing replication server with thread count = 10 queue length = 4096
2024-06-22 09:53:44,901 [main] INFO  server.XceiverServerGrpc (XceiverServerGrpc.java:<init>(141)) - GrpcServer channel type EpollServerSocketChannel
2024-06-22 09:53:44,905 [main] INFO  replication.ReplicationSupervisor (ReplicationSupervisor.java:build(157)) - Initializing replication supervisor with thread count = 10
2024-06-22 09:53:44,905 [main] INFO  replication.ReplicationSupervisor (ReplicationSupervisor.java:nodeStateUpdated(312)) - Node state updated to IN_SERVICE, scaling executor pool size to 10
2024-06-22 09:53:44,908 [main] INFO  http.BaseHttpServer (BaseHttpServer.java:newHttpServer2BuilderForOzone(223)) - Starting Web-server for hddsDatanode at: http://0.0.0.0:15027
2024-06-22 09:53:44,909 [main] INFO  http.BaseHttpServer (BaseHttpServer.java:<init>(110)) - Hadoop Security Enabled: false Ozone Security Enabled: false Ozone HTTP Security Enabled: false 
2024-06-22 09:53:44,910 [main] WARN  server.AuthenticationFilter (AuthenticationFilter.java:constructSecretProvider(240)) - Unable to initialize FileSignerSecretProvider, falling back to use random secrets. Reason: Could not read signature secret file: /home/runner/hadoop-http-auth-signature-secret
2024-06-22 09:53:44,911 [main] INFO  http.HttpRequestLog (HttpRequestLog.java:getRequestLog(86)) - Http request log for http.requests.hddsDatanode is not defined
2024-06-22 09:53:44,913 [main] INFO  http.HttpServer2 (HttpServer2.java:addGlobalFilter(1036)) - Added global filter 'safety' (class=org.apache.hadoop.hdds.server.http.HttpServer2$QuotingInputFilter)
2024-06-22 09:53:44,914 [main] INFO  http.HttpServer2 (HttpServer2.java:addFilter(1012)) - Added filter static_user_filter (class=org.apache.hadoop.http.lib.StaticUserWebFilter$StaticUserFilter) to context hddsDatanode
2024-06-22 09:53:44,914 [main] INFO  http.HttpServer2 (HttpServer2.java:addFilter(1020)) - Added filter static_user_filter (class=org.apache.hadoop.http.lib.StaticUserWebFilter$StaticUserFilter) to context logs
2024-06-22 09:53:44,914 [main] INFO  http.HttpServer2 (HttpServer2.java:addFilter(1020)) - Added filter static_user_filter (class=org.apache.hadoop.http.lib.StaticUserWebFilter$StaticUserFilter) to context static
2024-06-22 09:53:44,915 [main] INFO  http.BaseHttpServer (BaseHttpServer.java:<init>(189)) - HTTP server of hddsDatanode uses base directory /home/runner/work/ozone/ozone/hadoop-ozone/integration-test/target/test-dir/MiniOzoneClusterImpl-e30f9212-6642-4e3c-bf74-b445a15ce63f/ozone-meta/datanode-3/meta/webserver
2024-06-22 09:53:44,915 [main] INFO  http.HttpServer2 (HttpServer2.java:bindListener(1236)) - Jetty bound to port 15027
2024-06-22 09:53:44,916 [main] INFO  server.Server (Server.java:doStart(375)) - jetty-9.4.54.v20240208; built: 2024-02-08T19:42:39.027Z; git: cef3fbd6d736a21e7d541a5db490381d95a2047d; jvm 17.0.11+9
2024-06-22 09:53:44,926 [main] INFO  server.session (DefaultSessionIdManager.java:doStart(334)) - DefaultSessionIdManager workerName=node0
2024-06-22 09:53:44,926 [main] INFO  server.session (DefaultSessionIdManager.java:doStart(339)) - No SessionScavenger set, using defaults
2024-06-22 09:53:44,927 [main] INFO  server.session (HouseKeeper.java:startScavenging(132)) - node0 Scavenging every 660000ms
2024-06-22 09:53:44,927 [main] INFO  handler.ContextHandler (ContextHandler.java:doStart(921)) - Started o.e.j.s.ServletContextHandler@4e55d96{logs,/logs,file:///home/runner/work/ozone/ozone/hadoop-ozone/integration-test/target/log,AVAILABLE}
2024-06-22 09:53:44,928 [main] INFO  handler.ContextHandler (ContextHandler.java:doStart(921)) - Started o.e.j.s.ServletContextHandler@7408c08{static,/static,file:///home/runner/work/ozone/ozone/hadoop-hdds/container-service/target/classes/webapps/static,AVAILABLE}
2024-06-22 09:53:44,933 [main] INFO  handler.ContextHandler (ContextHandler.java:doStart(921)) - Started o.e.j.w.WebAppContext@10e7192{hddsDatanode,/,file:///home/runner/work/ozone/ozone/hadoop-hdds/container-service/target/classes/webapps/hddsDatanode/,AVAILABLE}{file:/home/runner/work/ozone/ozone/hadoop-hdds/container-service/target/classes/webapps/hddsDatanode}
2024-06-22 09:53:44,934 [main] INFO  server.AbstractConnector (AbstractConnector.java:doStart(333)) - Started ServerConnector@5aa16232{HTTP/1.1, (http/1.1)}{0.0.0.0:15027}
2024-06-22 09:53:44,934 [main] INFO  server.Server (Server.java:doStart(415)) - Started @6929ms
2024-06-22 09:53:44,934 [main] WARN  impl.MetricsSystemImpl (MetricsSystemImpl.java:register(279)) - Sink prometheus already exists!
2024-06-22 09:53:44,935 [main] INFO  http.BaseHttpServer (BaseHttpServer.java:updateConnectorAddress(354)) - HTTP server of hddsDatanode listening at http://0.0.0.0:15027
2024-06-22 09:53:44,935 [main] INFO  ipc.CallQueueManager (CallQueueManager.java:<init>(90)) - Using callQueue: class java.util.concurrent.LinkedBlockingQueue, queueCapacity: 100, scheduler: class org.apache.hadoop.ipc.DefaultRpcScheduler, ipcBackoff: false.
2024-06-22 09:53:44,935 [main] INFO  ipc.Server (Server.java:<init>(1287)) - Listener at 0.0.0.0:15028
2024-06-22 09:53:44,939 [Socket Reader #1 for port 15028] INFO  ipc.Server (Server.java:run(1323)) - Starting Socket Reader #1 for port 15028
2024-06-22 09:53:44,942 [main] INFO  ozone.HddsDatanodeService (HddsDatanodeService.java:start(321)) - Datanode start with admins: [runner]
2024-06-22 09:53:44,942 [main] INFO  ozone.HddsDatanodeClientProtocolServer (HddsDatanodeClientProtocolServer.java:start(77)) - RPC server for Client /0.0.0.0:15028
2024-06-22 09:53:44,943 [IPC Server Responder] INFO  ipc.Server (Server.java:run(1562)) - IPC Server Responder: starting
2024-06-22 09:53:44,943 [IPC Server listener on 15028] INFO  ipc.Server (Server.java:run(1402)) - IPC Server listener on 15028: starting
2024-06-22 09:53:44,944 [56d91bac-b32b-4010-a6ee-ca8fb4d6f013-DatanodeStateMachineDaemonThread] INFO  statemachine.DatanodeStateMachine (DatanodeStateMachine.java:lambda$startDaemon$1(545)) - Ozone container server started.
2024-06-22 09:53:44,945 [main] INFO  ozone.MiniOzoneClusterImpl (MiniOzoneClusterImpl.java:lambda$waitForClusterToBeReady$0(194)) - Waiting for nodes to be ready. Got 0 of 3 DN Heartbeats.
2024-06-22 09:53:44,945 [main] INFO  ozone.MiniOzoneClusterImpl (MiniOzoneClusterImpl.java:lambda$waitForClusterToBeReady$0(197)) - Waiting for cluster to exit safe mode
2024-06-22 09:53:44,945 [main] INFO  ozone.MiniOzoneClusterImpl (MiniOzoneClusterImpl.java:lambda$waitForClusterToBeReady$0(199)) - SCM became leader
2024-06-22 09:53:44,948 [56d91bac-b32b-4010-a6ee-ca8fb4d6f013-DatanodeStateMachineTaskThread-0] INFO  datanode.InitDatanodeState (InitDatanodeState.java:persistContainerDatanodeDetails(139)) - DatanodeDetails is persisted to /home/runner/work/ozone/ozone/hadoop-ozone/integration-test/target/test-dir/MiniOzoneClusterImpl-e30f9212-6642-4e3c-bf74-b445a15ce63f/ozone-meta/datanode-3/meta/datanode.id
2024-06-22 09:53:45,324 [om1@group-C5BA1605619E-FollowerState] INFO  impl.FollowerState (FollowerState.java:run(143)) - om1@group-C5BA1605619E-FollowerState: change to CANDIDATE, lastRpcElapsedTime:1176369729ns, electionTimeout:1174ms
2024-06-22 09:53:45,325 [om1@group-C5BA1605619E-FollowerState] INFO  impl.RoleInfo (RoleInfo.java:shutdownFollowerState(110)) - om1: shutdown om1@group-C5BA1605619E-FollowerState
2024-06-22 09:53:45,325 [om1@group-C5BA1605619E-FollowerState] INFO  server.RaftServer$Division (RaftServerImpl.java:setRole(383)) - om1@group-C5BA1605619E: changes role from  FOLLOWER to CANDIDATE at term 0 for changeToCandidate
2024-06-22 09:53:45,327 [om1@group-C5BA1605619E-FollowerState] INFO  server.RaftServerConfigKeys (ConfUtils.java:logGet(46)) - raft.server.leaderelection.pre-vote = true (default)
2024-06-22 09:53:45,327 [om1@group-C5BA1605619E-FollowerState] INFO  impl.RoleInfo (RoleInfo.java:updateAndGet(139)) - om1: start om1@group-C5BA1605619E-LeaderElection1
2024-06-22 09:53:45,330 [om1@group-C5BA1605619E-LeaderElection1] INFO  impl.LeaderElection (LeaderElection.java:askForVotes(321)) - om1@group-C5BA1605619E-LeaderElection1 PRE_VOTE round 0: submit vote requests at term 0 for -1: peers:[om1|localhost:15007]|listeners:[], old=null
2024-06-22 09:53:45,330 [om1@group-C5BA1605619E-LeaderElection1] INFO  impl.LeaderElection (LeaderElection.java:askForVotes(323)) - om1@group-C5BA1605619E-LeaderElection1 PRE_VOTE round 0: result PASSED (term=0)
2024-06-22 09:53:45,332 [om1@group-C5BA1605619E-LeaderElection1] INFO  impl.LeaderElection (LeaderElection.java:askForVotes(321)) - om1@group-C5BA1605619E-LeaderElection1 ELECTION round 0: submit vote requests at term 1 for -1: peers:[om1|localhost:15007]|listeners:[], old=null
2024-06-22 09:53:45,333 [om1@group-C5BA1605619E-LeaderElection1] INFO  impl.LeaderElection (LeaderElection.java:askForVotes(323)) - om1@group-C5BA1605619E-LeaderElection1 ELECTION round 0: result PASSED (term=1)
2024-06-22 09:53:45,333 [om1@group-C5BA1605619E-LeaderElection1] INFO  impl.RoleInfo (RoleInfo.java:shutdownLeaderElection(130)) - om1: shutdown om1@group-C5BA1605619E-LeaderElection1
2024-06-22 09:53:45,333 [om1@group-C5BA1605619E-LeaderElection1] INFO  server.RaftServer$Division (RaftServerImpl.java:setRole(383)) - om1@group-C5BA1605619E: changes role from CANDIDATE to LEADER at term 1 for changeToLeader
2024-06-22 09:53:45,338 [om1@group-C5BA1605619E-LeaderElection1] INFO  server.RaftServerConfigKeys (ConfUtils.java:logGet(46)) - raft.server.staging.catchup.gap = 1000 (default)
2024-06-22 09:53:45,340 [om1@group-C5BA1605619E-LeaderElection1] INFO  server.RaftServerConfigKeys (ConfUtils.java:logGet(46)) - raft.server.write.element-limit = 4096 (default)
2024-06-22 09:53:45,340 [om1@group-C5BA1605619E-LeaderElection1] INFO  server.RaftServerConfigKeys (ConfUtils.java:logGet(46)) - raft.server.write.byte-limit = 64MB (=67108864) (default)
2024-06-22 09:53:45,343 [om1@group-C5BA1605619E-LeaderElection1] INFO  server.RaftServerConfigKeys (ConfUtils.java:logGet(46)) - raft.server.watch.timeout = 10s (default)
2024-06-22 09:53:45,343 [om1@group-C5BA1605619E-LeaderElection1] INFO  server.RaftServerConfigKeys (ConfUtils.java:logGet(46)) - raft.server.watch.timeout.denomination = 1s (default)
2024-06-22 09:53:45,343 [om1@group-C5BA1605619E-LeaderElection1] INFO  server.RaftServerConfigKeys (ConfUtils.java:logGet(46)) - raft.server.watch.element-limit = 65536 (default)
2024-06-22 09:53:45,346 [om1@group-C5BA1605619E-LeaderElection1] INFO  server.RaftServerConfigKeys (ConfUtils.java:logGet(46)) - raft.server.read.leader.lease.enabled = false (default)
2024-06-22 09:53:45,348 [om1@group-C5BA1605619E-LeaderElection1] INFO  server.RaftServerConfigKeys (ConfUtils.java:logGet(46)) - raft.server.read.leader.lease.timeout.ratio = 0.9 (default)
2024-06-22 09:53:45,348 [om1@group-C5BA1605619E-LeaderElection1] INFO  server.RaftServerConfigKeys (ConfUtils.java:logGet(46)) - raft.server.rpc.timeout.min = 1s (custom)
2024-06-22 09:53:45,348 [om1@group-C5BA1605619E-LeaderElection1] INFO  server.RaftServerConfigKeys (ConfUtils.java:logGet(46)) - raft.server.write.element-limit = 4096 (default)
2024-06-22 09:53:45,349 [om1@group-C5BA1605619E-LeaderElection1] INFO  server.RaftServerConfigKeys (ConfUtils.java:logGet(46)) - raft.server.write.follower.gap.ratio.max = -1.0 (default)
2024-06-22 09:53:45,350 [om1@group-C5BA1605619E-LeaderElection1] INFO  impl.RoleInfo (RoleInfo.java:updateAndGet(139)) - om1: start om1@group-C5BA1605619E-LeaderStateImpl
2024-06-22 09:53:45,351 [om1@group-C5BA1605619E-LeaderElection1] INFO  server.RaftServer$Division (RaftServerImpl.java:setFirstElection(574)) - om1@group-C5BA1605619E: set firstElectionSinceStartup to false for becomeLeader
2024-06-22 09:53:45,353 [om1@group-C5BA1605619E-LeaderElection1] INFO  server.RaftServer$Division (ServerState.java:setLeader(269)) - om1@group-C5BA1605619E: change Leader from null to om1 at term 1 for becomeLeader, leader elected after 2138ms
2024-06-22 09:53:45,370 [om1@group-C5BA1605619E-LeaderElection1] INFO  segmented.SegmentedRaftLogWorker (SegmentedRaftLogWorker.java:startLogSegment(430)) - om1@group-C5BA1605619E-SegmentedRaftLogWorker: Starting segment from index:0
2024-06-22 09:53:45,385 [om1@group-C5BA1605619E-LeaderElection1] INFO  server.RaftServer$Division (ServerState.java:setRaftConf(386)) - om1@group-C5BA1605619E: set configuration 0: peers:[om1|localhost:15007]|listeners:[], old=null
2024-06-22 09:53:45,392 [om1@group-C5BA1605619E-SegmentedRaftLogWorker] INFO  segmented.BufferedWriteChannel (BufferedWriteChannel.java:open(62)) - open log_inprogress_0 at position 0
2024-06-22 09:53:45,400 [om1@group-C5BA1605619E-SegmentedRaftLogWorker] INFO  segmented.SegmentedRaftLogWorker (SegmentedRaftLogWorker.java:execute(634)) - om1@group-C5BA1605619E-SegmentedRaftLogWorker: created new log segment /home/runner/work/ozone/ozone/hadoop-ozone/integration-test/target/test-dir/MiniOzoneClusterImpl-e30f9212-6642-4e3c-bf74-b445a15ce63f/ozone-meta/ratis/bf265839-605b-3f16-9796-c5ba1605619e/current/log_inprogress_0
2024-06-22 09:53:45,464 [om1@group-C5BA1605619E-StateMachineUpdater] INFO  ratis.OzoneManagerStateMachine (OzoneManagerStateMachine.java:notifyConfigurationChanged(212)) - Received Configuration change notification from Ratis. New Peer list:
[id: "om1"
address: "localhost:15007"
startupRole: FOLLOWER
]
2024-06-22 09:53:45,465 [om1@group-C5BA1605619E-StateMachineUpdater] INFO  server.RaftServer$Division (LeaderStateImpl.java:isApplied(320)) - leader is ready since appliedIndex == 0 >= startIndex == 0
2024-06-22 09:53:45,946 [main] INFO  ozone.MiniOzoneClusterImpl (MiniOzoneClusterImpl.java:lambda$waitForClusterToBeReady$0(194)) - Waiting for nodes to be ready. Got 0 of 3 DN Heartbeats.
2024-06-22 09:53:45,946 [main] INFO  ozone.MiniOzoneClusterImpl (MiniOzoneClusterImpl.java:lambda$waitForClusterToBeReady$0(197)) - Waiting for cluster to exit safe mode
2024-06-22 09:53:45,946 [main] INFO  ozone.MiniOzoneClusterImpl (MiniOzoneClusterImpl.java:lambda$waitForClusterToBeReady$0(199)) - SCM became leader
2024-06-22 09:53:46,778 [eea743f9-1650-4764-952b-70f255484f5c-EndpointStateMachineTaskThread-/0.0.0.0:15002-0 ] INFO  utils.DatanodeStoreCache (DatanodeStoreCache.java:addDB(72)) - Added db /home/runner/work/ozone/ozone/hadoop-ozone/integration-test/target/test-dir/MiniOzoneClusterImpl-e30f9212-6642-4e3c-bf74-b445a15ce63f/ozone-meta/datanode-1/data-0/hdds/e30f9212-6642-4e3c-bf74-b445a15ce63f/DS-2965300e-f1d5-472b-8e51-3091c2b0f2ae/container.db to cache
2024-06-22 09:53:46,779 [eea743f9-1650-4764-952b-70f255484f5c-EndpointStateMachineTaskThread-/0.0.0.0:15002-0 ] INFO  volume.HddsVolume (HddsVolume.java:createDbStore(437)) - SchemaV3 db is created and loaded at /home/runner/work/ozone/ozone/hadoop-ozone/integration-test/target/test-dir/MiniOzoneClusterImpl-e30f9212-6642-4e3c-bf74-b445a15ce63f/ozone-meta/datanode-1/data-0/hdds/e30f9212-6642-4e3c-bf74-b445a15ce63f/DS-2965300e-f1d5-472b-8e51-3091c2b0f2ae/container.db for volume DS-2965300e-f1d5-472b-8e51-3091c2b0f2ae
2024-06-22 09:53:46,787 [eea743f9-1650-4764-952b-70f255484f5c-ContainerReader-0] INFO  ozoneimpl.ContainerReader (ContainerReader.java:readVolume(148)) - Start to verify containers on volume /home/runner/work/ozone/ozone/hadoop-ozone/integration-test/target/test-dir/MiniOzoneClusterImpl-e30f9212-6642-4e3c-bf74-b445a15ce63f/ozone-meta/datanode-1/data-0/hdds
2024-06-22 09:53:46,787 [eea743f9-1650-4764-952b-70f255484f5c-ContainerReader-0] INFO  ozoneimpl.ContainerReader (ContainerReader.java:readVolume(178)) - Finish verifying containers on volume /home/runner/work/ozone/ozone/hadoop-ozone/integration-test/target/test-dir/MiniOzoneClusterImpl-e30f9212-6642-4e3c-bf74-b445a15ce63f/ozone-meta/datanode-1/data-0/hdds
2024-06-22 09:53:46,787 [eea743f9-1650-4764-952b-70f255484f5c-EndpointStateMachineTaskThread-/0.0.0.0:15002-0 ] INFO  ozoneimpl.OzoneContainer (OzoneContainer.java:buildContainerSet(328)) - Build ContainerSet costs 0s
2024-06-22 09:53:46,788 [eea743f9-1650-4764-952b-70f255484f5c-EndpointStateMachineTaskThread-/0.0.0.0:15002-0 ] INFO  volume.ThrottledAsyncChecker (ThrottledAsyncChecker.java:schedule(141)) - Scheduling a check for /home/runner/work/ozone/ozone/hadoop-ozone/integration-test/target/test-dir/MiniOzoneClusterImpl-e30f9212-6642-4e3c-bf74-b445a15ce63f/ozone-meta/datanode-1/data-0/hdds
2024-06-22 09:53:46,793 [eea743f9-1650-4764-952b-70f255484f5c-EndpointStateMachineTaskThread-/0.0.0.0:15002-0 ] INFO  volume.StorageVolumeChecker (StorageVolumeChecker.java:checkAllVolumes(218)) - Scheduled health check for volume /home/runner/work/ozone/ozone/hadoop-ozone/integration-test/target/test-dir/MiniOzoneClusterImpl-e30f9212-6642-4e3c-bf74-b445a15ce63f/ozone-meta/datanode-1/data-0/hdds
2024-06-22 09:53:46,801 [eea743f9-1650-4764-952b-70f255484f5c-EndpointStateMachineTaskThread-/0.0.0.0:15002-0 ] INFO  volume.ThrottledAsyncChecker (ThrottledAsyncChecker.java:schedule(141)) - Scheduling a check for /home/runner/work/ozone/ozone/hadoop-ozone/integration-test/target/test-dir/MiniOzoneClusterImpl-e30f9212-6642-4e3c-bf74-b445a15ce63f/ozone-meta/datanode-1/ratis
2024-06-22 09:53:46,801 [eea743f9-1650-4764-952b-70f255484f5c-EndpointStateMachineTaskThread-/0.0.0.0:15002-0 ] INFO  volume.StorageVolumeChecker (StorageVolumeChecker.java:checkAllVolumes(218)) - Scheduled health check for volume /home/runner/work/ozone/ozone/hadoop-ozone/integration-test/target/test-dir/MiniOzoneClusterImpl-e30f9212-6642-4e3c-bf74-b445a15ce63f/ozone-meta/datanode-1/ratis
2024-06-22 09:53:46,802 [eea743f9-1650-4764-952b-70f255484f5c-EndpointStateMachineTaskThread-/0.0.0.0:15002-0 ] INFO  ozoneimpl.OzoneContainer (OzoneContainer.java:start(459)) - Attempting to start container services.
2024-06-22 09:53:46,808 [ContainerMetadataScanner] INFO  ozoneimpl.AbstractBackgroundContainerScanner (AbstractBackgroundContainerScanner.java:runIteration(87)) - Completed an iteration in 0 minutes. Number of iterations (since the data-node restart) : 1, Number of containers scanned in this iteration : 0, Number of unhealthy containers found in this iteration : 0
2024-06-22 09:53:46,810 [eea743f9-1650-4764-952b-70f255484f5c-EndpointStateMachineTaskThread-/0.0.0.0:15002-0 ] INFO  replication.ReplicationServer (ReplicationServer.java:start(142)) - ReplicationServer is started using port 15016
2024-06-22 09:53:46,810 [eea743f9-1650-4764-952b-70f255484f5c-EndpointStateMachineTaskThread-/0.0.0.0:15002-0 ] INFO  ratis.XceiverServerRatis (XceiverServerRatis.java:start(566)) - Starting XceiverServerRatis eea743f9-1650-4764-952b-70f255484f5c
2024-06-22 09:53:46,811 [ContainerDataScanner(/home/runner/work/ozone/ozone/hadoop-ozone/integration-test/target/test-dir/MiniOzoneClusterImpl-e30f9212-6642-4e3c-bf74-b445a15ce63f/ozone-meta/datanode-1/data-0/hdds)] INFO  ozoneimpl.AbstractBackgroundContainerScanner (AbstractBackgroundContainerScanner.java:runIteration(87)) - Completed an iteration in 0 minutes. Number of iterations (since the data-node restart) : 1, Number of containers scanned in this iteration : 0, Number of unhealthy containers found in this iteration : 0
2024-06-22 09:53:46,815 [eea743f9-1650-4764-952b-70f255484f5c-EndpointStateMachineTaskThread-/0.0.0.0:15002-0 ] INFO  server.RaftServer (RaftServerProxy.java:startImpl(406)) - eea743f9-1650-4764-952b-70f255484f5c: start RPC server
2024-06-22 09:53:46,816 [eea743f9-1650-4764-952b-70f255484f5c-EndpointStateMachineTaskThread-/0.0.0.0:15002-0 ] INFO  server.GrpcService (GrpcService.java:startImpl(302)) - eea743f9-1650-4764-952b-70f255484f5c: GrpcService started, listening on 15012
2024-06-22 09:53:46,816 [eea743f9-1650-4764-952b-70f255484f5c-EndpointStateMachineTaskThread-/0.0.0.0:15002-0 ] INFO  server.GrpcService (GrpcService.java:startImpl(302)) - eea743f9-1650-4764-952b-70f255484f5c: GrpcService started, listening on 15014
2024-06-22 09:53:46,816 [eea743f9-1650-4764-952b-70f255484f5c-EndpointStateMachineTaskThread-/0.0.0.0:15002-0 ] INFO  server.GrpcService (GrpcService.java:startImpl(302)) - eea743f9-1650-4764-952b-70f255484f5c: GrpcService started, listening on 15013
2024-06-22 09:53:46,819 [eea743f9-1650-4764-952b-70f255484f5c-EndpointStateMachineTaskThread-/0.0.0.0:15002-0 ] INFO  ratis.XceiverServerRatis (XceiverServerRatis.java:getRealPort(592)) - XceiverServerRatis eea743f9-1650-4764-952b-70f255484f5c is started using port 15012 for RATIS
2024-06-22 09:53:46,819 [eea743f9-1650-4764-952b-70f255484f5c-EndpointStateMachineTaskThread-/0.0.0.0:15002-0 ] INFO  ratis.XceiverServerRatis (XceiverServerRatis.java:getRealPort(592)) - XceiverServerRatis eea743f9-1650-4764-952b-70f255484f5c is started using port 15013 for RATIS_ADMIN
2024-06-22 09:53:46,819 [eea743f9-1650-4764-952b-70f255484f5c-EndpointStateMachineTaskThread-/0.0.0.0:15002-0 ] INFO  ratis.XceiverServerRatis (XceiverServerRatis.java:getRealPort(592)) - XceiverServerRatis eea743f9-1650-4764-952b-70f255484f5c is started using port 15014 for RATIS_SERVER
2024-06-22 09:53:46,819 [eea743f9-1650-4764-952b-70f255484f5c-EndpointStateMachineTaskThread-/0.0.0.0:15002-0 ] INFO  ratis.XceiverServerRatis (XceiverServerRatis.java:getRealPort(592)) - XceiverServerRatis eea743f9-1650-4764-952b-70f255484f5c is started using port 15015 for RATIS_DATASTREAM
2024-06-22 09:53:46,820 [JvmPauseMonitor2] INFO  util.JvmPauseMonitor (JvmPauseMonitor.java:run(146)) - JvmPauseMonitor-eea743f9-1650-4764-952b-70f255484f5c: Started
2024-06-22 09:53:46,827 [eea743f9-1650-4764-952b-70f255484f5c-BlockDeletingService#0] INFO  interfaces.ContainerDeletionChoosingPolicyTemplate (ContainerDeletionChoosingPolicyTemplate.java:chooseContainerForBlockDeletion(85)) - Chosen 0/5000 blocks from 0 candidate containers.
2024-06-22 09:53:46,876 [788200e2-a8c6-41b6-82b9-949d8dd4f2a7-EndpointStateMachineTaskThread-/0.0.0.0:15002-0 ] INFO  utils.DatanodeStoreCache (DatanodeStoreCache.java:addDB(72)) - Added db /home/runner/work/ozone/ozone/hadoop-ozone/integration-test/target/test-dir/MiniOzoneClusterImpl-e30f9212-6642-4e3c-bf74-b445a15ce63f/ozone-meta/datanode-2/data-0/hdds/e30f9212-6642-4e3c-bf74-b445a15ce63f/DS-99fcf3c2-a6fd-4f7e-88a6-52126d3101b7/container.db to cache
2024-06-22 09:53:46,876 [788200e2-a8c6-41b6-82b9-949d8dd4f2a7-EndpointStateMachineTaskThread-/0.0.0.0:15002-0 ] INFO  volume.HddsVolume (HddsVolume.java:createDbStore(437)) - SchemaV3 db is created and loaded at /home/runner/work/ozone/ozone/hadoop-ozone/integration-test/target/test-dir/MiniOzoneClusterImpl-e30f9212-6642-4e3c-bf74-b445a15ce63f/ozone-meta/datanode-2/data-0/hdds/e30f9212-6642-4e3c-bf74-b445a15ce63f/DS-99fcf3c2-a6fd-4f7e-88a6-52126d3101b7/container.db for volume DS-99fcf3c2-a6fd-4f7e-88a6-52126d3101b7
2024-06-22 09:53:46,878 [788200e2-a8c6-41b6-82b9-949d8dd4f2a7-ContainerReader-0] INFO  ozoneimpl.ContainerReader (ContainerReader.java:readVolume(148)) - Start to verify containers on volume /home/runner/work/ozone/ozone/hadoop-ozone/integration-test/target/test-dir/MiniOzoneClusterImpl-e30f9212-6642-4e3c-bf74-b445a15ce63f/ozone-meta/datanode-2/data-0/hdds
2024-06-22 09:53:46,878 [788200e2-a8c6-41b6-82b9-949d8dd4f2a7-ContainerReader-0] INFO  ozoneimpl.ContainerReader (ContainerReader.java:readVolume(178)) - Finish verifying containers on volume /home/runner/work/ozone/ozone/hadoop-ozone/integration-test/target/test-dir/MiniOzoneClusterImpl-e30f9212-6642-4e3c-bf74-b445a15ce63f/ozone-meta/datanode-2/data-0/hdds
2024-06-22 09:53:46,878 [788200e2-a8c6-41b6-82b9-949d8dd4f2a7-EndpointStateMachineTaskThread-/0.0.0.0:15002-0 ] INFO  ozoneimpl.OzoneContainer (OzoneContainer.java:buildContainerSet(328)) - Build ContainerSet costs 0s
2024-06-22 09:53:46,879 [788200e2-a8c6-41b6-82b9-949d8dd4f2a7-EndpointStateMachineTaskThread-/0.0.0.0:15002-0 ] INFO  volume.ThrottledAsyncChecker (ThrottledAsyncChecker.java:schedule(141)) - Scheduling a check for /home/runner/work/ozone/ozone/hadoop-ozone/integration-test/target/test-dir/MiniOzoneClusterImpl-e30f9212-6642-4e3c-bf74-b445a15ce63f/ozone-meta/datanode-2/data-0/hdds
2024-06-22 09:53:46,879 [788200e2-a8c6-41b6-82b9-949d8dd4f2a7-EndpointStateMachineTaskThread-/0.0.0.0:15002-0 ] INFO  volume.StorageVolumeChecker (StorageVolumeChecker.java:checkAllVolumes(218)) - Scheduled health check for volume /home/runner/work/ozone/ozone/hadoop-ozone/integration-test/target/test-dir/MiniOzoneClusterImpl-e30f9212-6642-4e3c-bf74-b445a15ce63f/ozone-meta/datanode-2/data-0/hdds
2024-06-22 09:53:46,880 [788200e2-a8c6-41b6-82b9-949d8dd4f2a7-EndpointStateMachineTaskThread-/0.0.0.0:15002-0 ] INFO  volume.ThrottledAsyncChecker (ThrottledAsyncChecker.java:schedule(141)) - Scheduling a check for /home/runner/work/ozone/ozone/hadoop-ozone/integration-test/target/test-dir/MiniOzoneClusterImpl-e30f9212-6642-4e3c-bf74-b445a15ce63f/ozone-meta/datanode-2/ratis
2024-06-22 09:53:46,880 [788200e2-a8c6-41b6-82b9-949d8dd4f2a7-EndpointStateMachineTaskThread-/0.0.0.0:15002-0 ] INFO  volume.StorageVolumeChecker (StorageVolumeChecker.java:checkAllVolumes(218)) - Scheduled health check for volume /home/runner/work/ozone/ozone/hadoop-ozone/integration-test/target/test-dir/MiniOzoneClusterImpl-e30f9212-6642-4e3c-bf74-b445a15ce63f/ozone-meta/datanode-2/ratis
2024-06-22 09:53:46,881 [788200e2-a8c6-41b6-82b9-949d8dd4f2a7-EndpointStateMachineTaskThread-/0.0.0.0:15002-0 ] INFO  ozoneimpl.OzoneContainer (OzoneContainer.java:start(459)) - Attempting to start container services.
2024-06-22 09:53:46,881 [788200e2-a8c6-41b6-82b9-949d8dd4f2a7-EndpointStateMachineTaskThread-/0.0.0.0:15002-0 ] WARN  ozoneimpl.OnDemandContainerDataScanner (OnDemandContainerDataScanner.java:init(75)) - Trying to initialize on demand scanner a second time on a datanode.
2024-06-22 09:53:46,882 [ContainerMetadataScanner] INFO  ozoneimpl.AbstractBackgroundContainerScanner (AbstractBackgroundContainerScanner.java:runIteration(87)) - Completed an iteration in 0 minutes. Number of iterations (since the data-node restart) : 1, Number of containers scanned in this iteration : 0, Number of unhealthy containers found in this iteration : 0
2024-06-22 09:53:46,883 [788200e2-a8c6-41b6-82b9-949d8dd4f2a7-EndpointStateMachineTaskThread-/0.0.0.0:15002-0 ] INFO  replication.ReplicationServer (ReplicationServer.java:start(142)) - ReplicationServer is started using port 15025
2024-06-22 09:53:46,883 [788200e2-a8c6-41b6-82b9-949d8dd4f2a7-EndpointStateMachineTaskThread-/0.0.0.0:15002-0 ] INFO  ratis.XceiverServerRatis (XceiverServerRatis.java:start(566)) - Starting XceiverServerRatis 788200e2-a8c6-41b6-82b9-949d8dd4f2a7
2024-06-22 09:53:46,883 [ContainerDataScanner(/home/runner/work/ozone/ozone/hadoop-ozone/integration-test/target/test-dir/MiniOzoneClusterImpl-e30f9212-6642-4e3c-bf74-b445a15ce63f/ozone-meta/datanode-2/data-0/hdds)] INFO  ozoneimpl.AbstractBackgroundContainerScanner (AbstractBackgroundContainerScanner.java:runIteration(87)) - Completed an iteration in 0 minutes. Number of iterations (since the data-node restart) : 1, Number of containers scanned in this iteration : 0, Number of unhealthy containers found in this iteration : 0
2024-06-22 09:53:46,895 [788200e2-a8c6-41b6-82b9-949d8dd4f2a7-EndpointStateMachineTaskThread-/0.0.0.0:15002-0 ] INFO  server.RaftServer (RaftServerProxy.java:startImpl(406)) - 788200e2-a8c6-41b6-82b9-949d8dd4f2a7: start RPC server
2024-06-22 09:53:46,896 [788200e2-a8c6-41b6-82b9-949d8dd4f2a7-EndpointStateMachineTaskThread-/0.0.0.0:15002-0 ] INFO  server.GrpcService (GrpcService.java:startImpl(302)) - 788200e2-a8c6-41b6-82b9-949d8dd4f2a7: GrpcService started, listening on 15021
2024-06-22 09:53:46,896 [788200e2-a8c6-41b6-82b9-949d8dd4f2a7-EndpointStateMachineTaskThread-/0.0.0.0:15002-0 ] INFO  server.GrpcService (GrpcService.java:startImpl(302)) - 788200e2-a8c6-41b6-82b9-949d8dd4f2a7: GrpcService started, listening on 15023
2024-06-22 09:53:46,897 [788200e2-a8c6-41b6-82b9-949d8dd4f2a7-EndpointStateMachineTaskThread-/0.0.0.0:15002-0 ] INFO  server.GrpcService (GrpcService.java:startImpl(302)) - 788200e2-a8c6-41b6-82b9-949d8dd4f2a7: GrpcService started, listening on 15022
2024-06-22 09:53:46,899 [788200e2-a8c6-41b6-82b9-949d8dd4f2a7-EndpointStateMachineTaskThread-/0.0.0.0:15002-0 ] INFO  ratis.XceiverServerRatis (XceiverServerRatis.java:getRealPort(592)) - XceiverServerRatis 788200e2-a8c6-41b6-82b9-949d8dd4f2a7 is started using port 15021 for RATIS
2024-06-22 09:53:46,899 [788200e2-a8c6-41b6-82b9-949d8dd4f2a7-EndpointStateMachineTaskThread-/0.0.0.0:15002-0 ] INFO  ratis.XceiverServerRatis (XceiverServerRatis.java:getRealPort(592)) - XceiverServerRatis 788200e2-a8c6-41b6-82b9-949d8dd4f2a7 is started using port 15022 for RATIS_ADMIN
2024-06-22 09:53:46,899 [788200e2-a8c6-41b6-82b9-949d8dd4f2a7-EndpointStateMachineTaskThread-/0.0.0.0:15002-0 ] INFO  ratis.XceiverServerRatis (XceiverServerRatis.java:getRealPort(592)) - XceiverServerRatis 788200e2-a8c6-41b6-82b9-949d8dd4f2a7 is started using port 15023 for RATIS_SERVER
2024-06-22 09:53:46,899 [788200e2-a8c6-41b6-82b9-949d8dd4f2a7-EndpointStateMachineTaskThread-/0.0.0.0:15002-0 ] INFO  ratis.XceiverServerRatis (XceiverServerRatis.java:getRealPort(592)) - XceiverServerRatis 788200e2-a8c6-41b6-82b9-949d8dd4f2a7 is started using port 15024 for RATIS_DATASTREAM
2024-06-22 09:53:46,899 [JvmPauseMonitor3] INFO  util.JvmPauseMonitor (JvmPauseMonitor.java:run(146)) - JvmPauseMonitor-788200e2-a8c6-41b6-82b9-949d8dd4f2a7: Started
2024-06-22 09:53:46,905 [788200e2-a8c6-41b6-82b9-949d8dd4f2a7-BlockDeletingService#0] INFO  interfaces.ContainerDeletionChoosingPolicyTemplate (ContainerDeletionChoosingPolicyTemplate.java:chooseContainerForBlockDeletion(85)) - Chosen 0/5000 blocks from 0 candidate containers.
2024-06-22 09:53:46,946 [main] INFO  ozone.MiniOzoneClusterImpl (MiniOzoneClusterImpl.java:lambda$waitForClusterToBeReady$0(194)) - Waiting for nodes to be ready. Got 0 of 3 DN Heartbeats.
2024-06-22 09:53:46,946 [main] INFO  ozone.MiniOzoneClusterImpl (MiniOzoneClusterImpl.java:lambda$waitForClusterToBeReady$0(197)) - Waiting for cluster to exit safe mode
2024-06-22 09:53:46,947 [main] INFO  ozone.MiniOzoneClusterImpl (MiniOzoneClusterImpl.java:lambda$waitForClusterToBeReady$0(199)) - SCM became leader
2024-06-22 09:53:46,966 [56d91bac-b32b-4010-a6ee-ca8fb4d6f013-EndpointStateMachineTaskThread-/0.0.0.0:15002-0 ] INFO  utils.DatanodeStoreCache (DatanodeStoreCache.java:addDB(72)) - Added db /home/runner/work/ozone/ozone/hadoop-ozone/integration-test/target/test-dir/MiniOzoneClusterImpl-e30f9212-6642-4e3c-bf74-b445a15ce63f/ozone-meta/datanode-3/data-0/hdds/e30f9212-6642-4e3c-bf74-b445a15ce63f/DS-c447f8b9-99ae-40c2-ac46-263d0c7197fe/container.db to cache
2024-06-22 09:53:46,966 [56d91bac-b32b-4010-a6ee-ca8fb4d6f013-EndpointStateMachineTaskThread-/0.0.0.0:15002-0 ] INFO  volume.HddsVolume (HddsVolume.java:createDbStore(437)) - SchemaV3 db is created and loaded at /home/runner/work/ozone/ozone/hadoop-ozone/integration-test/target/test-dir/MiniOzoneClusterImpl-e30f9212-6642-4e3c-bf74-b445a15ce63f/ozone-meta/datanode-3/data-0/hdds/e30f9212-6642-4e3c-bf74-b445a15ce63f/DS-c447f8b9-99ae-40c2-ac46-263d0c7197fe/container.db for volume DS-c447f8b9-99ae-40c2-ac46-263d0c7197fe
2024-06-22 09:53:46,967 [56d91bac-b32b-4010-a6ee-ca8fb4d6f013-ContainerReader-0] INFO  ozoneimpl.ContainerReader (ContainerReader.java:readVolume(148)) - Start to verify containers on volume /home/runner/work/ozone/ozone/hadoop-ozone/integration-test/target/test-dir/MiniOzoneClusterImpl-e30f9212-6642-4e3c-bf74-b445a15ce63f/ozone-meta/datanode-3/data-0/hdds
2024-06-22 09:53:46,968 [56d91bac-b32b-4010-a6ee-ca8fb4d6f013-ContainerReader-0] INFO  ozoneimpl.ContainerReader (ContainerReader.java:readVolume(178)) - Finish verifying containers on volume /home/runner/work/ozone/ozone/hadoop-ozone/integration-test/target/test-dir/MiniOzoneClusterImpl-e30f9212-6642-4e3c-bf74-b445a15ce63f/ozone-meta/datanode-3/data-0/hdds
2024-06-22 09:53:46,968 [56d91bac-b32b-4010-a6ee-ca8fb4d6f013-EndpointStateMachineTaskThread-/0.0.0.0:15002-0 ] INFO  ozoneimpl.OzoneContainer (OzoneContainer.java:buildContainerSet(328)) - Build ContainerSet costs 0s
2024-06-22 09:53:46,968 [56d91bac-b32b-4010-a6ee-ca8fb4d6f013-EndpointStateMachineTaskThread-/0.0.0.0:15002-0 ] INFO  volume.ThrottledAsyncChecker (ThrottledAsyncChecker.java:schedule(141)) - Scheduling a check for /home/runner/work/ozone/ozone/hadoop-ozone/integration-test/target/test-dir/MiniOzoneClusterImpl-e30f9212-6642-4e3c-bf74-b445a15ce63f/ozone-meta/datanode-3/data-0/hdds
2024-06-22 09:53:46,968 [56d91bac-b32b-4010-a6ee-ca8fb4d6f013-EndpointStateMachineTaskThread-/0.0.0.0:15002-0 ] INFO  volume.StorageVolumeChecker (StorageVolumeChecker.java:checkAllVolumes(218)) - Scheduled health check for volume /home/runner/work/ozone/ozone/hadoop-ozone/integration-test/target/test-dir/MiniOzoneClusterImpl-e30f9212-6642-4e3c-bf74-b445a15ce63f/ozone-meta/datanode-3/data-0/hdds
2024-06-22 09:53:46,970 [56d91bac-b32b-4010-a6ee-ca8fb4d6f013-EndpointStateMachineTaskThread-/0.0.0.0:15002-0 ] INFO  volume.ThrottledAsyncChecker (ThrottledAsyncChecker.java:schedule(141)) - Scheduling a check for /home/runner/work/ozone/ozone/hadoop-ozone/integration-test/target/test-dir/MiniOzoneClusterImpl-e30f9212-6642-4e3c-bf74-b445a15ce63f/ozone-meta/datanode-3/ratis
2024-06-22 09:53:46,970 [56d91bac-b32b-4010-a6ee-ca8fb4d6f013-EndpointStateMachineTaskThread-/0.0.0.0:15002-0 ] INFO  volume.StorageVolumeChecker (StorageVolumeChecker.java:checkAllVolumes(218)) - Scheduled health check for volume /home/runner/work/ozone/ozone/hadoop-ozone/integration-test/target/test-dir/MiniOzoneClusterImpl-e30f9212-6642-4e3c-bf74-b445a15ce63f/ozone-meta/datanode-3/ratis
2024-06-22 09:53:46,970 [56d91bac-b32b-4010-a6ee-ca8fb4d6f013-EndpointStateMachineTaskThread-/0.0.0.0:15002-0 ] INFO  ozoneimpl.OzoneContainer (OzoneContainer.java:start(459)) - Attempting to start container services.
2024-06-22 09:53:46,971 [56d91bac-b32b-4010-a6ee-ca8fb4d6f013-EndpointStateMachineTaskThread-/0.0.0.0:15002-0 ] WARN  ozoneimpl.OnDemandContainerDataScanner (OnDemandContainerDataScanner.java:init(75)) - Trying to initialize on demand scanner a second time on a datanode.
2024-06-22 09:53:46,971 [ContainerMetadataScanner] INFO  ozoneimpl.AbstractBackgroundContainerScanner (AbstractBackgroundContainerScanner.java:runIteration(87)) - Completed an iteration in 0 minutes. Number of iterations (since the data-node restart) : 1, Number of containers scanned in this iteration : 0, Number of unhealthy containers found in this iteration : 0
2024-06-22 09:53:46,972 [ContainerDataScanner(/home/runner/work/ozone/ozone/hadoop-ozone/integration-test/target/test-dir/MiniOzoneClusterImpl-e30f9212-6642-4e3c-bf74-b445a15ce63f/ozone-meta/datanode-3/data-0/hdds)] INFO  ozoneimpl.AbstractBackgroundContainerScanner (AbstractBackgroundContainerScanner.java:runIteration(87)) - Completed an iteration in 0 minutes. Number of iterations (since the data-node restart) : 1, Number of containers scanned in this iteration : 0, Number of unhealthy containers found in this iteration : 0
2024-06-22 09:53:46,972 [56d91bac-b32b-4010-a6ee-ca8fb4d6f013-EndpointStateMachineTaskThread-/0.0.0.0:15002-0 ] INFO  replication.ReplicationServer (ReplicationServer.java:start(142)) - ReplicationServer is started using port 15034
2024-06-22 09:53:46,972 [56d91bac-b32b-4010-a6ee-ca8fb4d6f013-EndpointStateMachineTaskThread-/0.0.0.0:15002-0 ] INFO  ratis.XceiverServerRatis (XceiverServerRatis.java:start(566)) - Starting XceiverServerRatis 56d91bac-b32b-4010-a6ee-ca8fb4d6f013
2024-06-22 09:53:46,976 [56d91bac-b32b-4010-a6ee-ca8fb4d6f013-EndpointStateMachineTaskThread-/0.0.0.0:15002-0 ] INFO  server.RaftServer (RaftServerProxy.java:startImpl(406)) - 56d91bac-b32b-4010-a6ee-ca8fb4d6f013: start RPC server
2024-06-22 09:53:46,976 [56d91bac-b32b-4010-a6ee-ca8fb4d6f013-EndpointStateMachineTaskThread-/0.0.0.0:15002-0 ] INFO  server.GrpcService (GrpcService.java:startImpl(302)) - 56d91bac-b32b-4010-a6ee-ca8fb4d6f013: GrpcService started, listening on 15030
2024-06-22 09:53:46,977 [56d91bac-b32b-4010-a6ee-ca8fb4d6f013-EndpointStateMachineTaskThread-/0.0.0.0:15002-0 ] INFO  server.GrpcService (GrpcService.java:startImpl(302)) - 56d91bac-b32b-4010-a6ee-ca8fb4d6f013: GrpcService started, listening on 15032
2024-06-22 09:53:46,978 [56d91bac-b32b-4010-a6ee-ca8fb4d6f013-EndpointStateMachineTaskThread-/0.0.0.0:15002-0 ] INFO  server.GrpcService (GrpcService.java:startImpl(302)) - 56d91bac-b32b-4010-a6ee-ca8fb4d6f013: GrpcService started, listening on 15031
2024-06-22 09:53:46,978 [56d91bac-b32b-4010-a6ee-ca8fb4d6f013-EndpointStateMachineTaskThread-/0.0.0.0:15002-0 ] INFO  ratis.XceiverServerRatis (XceiverServerRatis.java:getRealPort(592)) - XceiverServerRatis 56d91bac-b32b-4010-a6ee-ca8fb4d6f013 is started using port 15030 for RATIS
2024-06-22 09:53:46,978 [56d91bac-b32b-4010-a6ee-ca8fb4d6f013-EndpointStateMachineTaskThread-/0.0.0.0:15002-0 ] INFO  ratis.XceiverServerRatis (XceiverServerRatis.java:getRealPort(592)) - XceiverServerRatis 56d91bac-b32b-4010-a6ee-ca8fb4d6f013 is started using port 15031 for RATIS_ADMIN
2024-06-22 09:53:46,978 [56d91bac-b32b-4010-a6ee-ca8fb4d6f013-EndpointStateMachineTaskThread-/0.0.0.0:15002-0 ] INFO  ratis.XceiverServerRatis (XceiverServerRatis.java:getRealPort(592)) - XceiverServerRatis 56d91bac-b32b-4010-a6ee-ca8fb4d6f013 is started using port 15032 for RATIS_SERVER
2024-06-22 09:53:46,978 [JvmPauseMonitor4] INFO  util.JvmPauseMonitor (JvmPauseMonitor.java:run(146)) - JvmPauseMonitor-56d91bac-b32b-4010-a6ee-ca8fb4d6f013: Started
2024-06-22 09:53:46,978 [56d91bac-b32b-4010-a6ee-ca8fb4d6f013-EndpointStateMachineTaskThread-/0.0.0.0:15002-0 ] INFO  ratis.XceiverServerRatis (XceiverServerRatis.java:getRealPort(592)) - XceiverServerRatis 56d91bac-b32b-4010-a6ee-ca8fb4d6f013 is started using port 15033 for RATIS_DATASTREAM
2024-06-22 09:53:46,980 [56d91bac-b32b-4010-a6ee-ca8fb4d6f013-BlockDeletingService#0] INFO  interfaces.ContainerDeletionChoosingPolicyTemplate (ContainerDeletionChoosingPolicyTemplate.java:chooseContainerForBlockDeletion(85)) - Chosen 0/5000 blocks from 0 candidate containers.
2024-06-22 09:53:47,947 [main] INFO  ozone.MiniOzoneClusterImpl (MiniOzoneClusterImpl.java:lambda$waitForClusterToBeReady$0(194)) - Waiting for nodes to be ready. Got 0 of 3 DN Heartbeats.
2024-06-22 09:53:47,947 [main] INFO  ozone.MiniOzoneClusterImpl (MiniOzoneClusterImpl.java:lambda$waitForClusterToBeReady$0(197)) - Waiting for cluster to exit safe mode
2024-06-22 09:53:47,947 [main] INFO  ozone.MiniOzoneClusterImpl (MiniOzoneClusterImpl.java:lambda$waitForClusterToBeReady$0(199)) - SCM became leader
2024-06-22 09:53:48,722 [IPC Server handler 2 on default port 15002] INFO  net.NetworkTopologyImpl (NetworkTopologyImpl.java:add(134)) - Added a new node: /default-rack/eea743f9-1650-4764-952b-70f255484f5c
2024-06-22 09:53:48,725 [IPC Server handler 2 on default port 15002] INFO  node.SCMNodeManager (SCMNodeManager.java:register(421)) - Registered datanode: eea743f9-1650-4764-952b-70f255484f5c{ip: 127.0.0.1, host: localhost, ports: [HTTP=15009, CLIENT_RPC=15010, REPLICATION=15016, RATIS=15012, RATIS_ADMIN=15013, RATIS_SERVER=15014, RATIS_DATASTREAM=15015, STANDALONE=15011], networkLocation: /default-rack, certSerialId: null, persistedOpState: null, persistedOpStateExpiryEpochSec: 0}
2024-06-22 09:53:48,727 [EventQueue-NewNodeForNewNodeHandler] INFO  pipeline.BackgroundPipelineCreator (BackgroundPipelineCreator.java:notifyEventTriggered(280)) - trigger a one-shot run on RatisPipelineUtilsThread.
2024-06-22 09:53:48,728 [EventQueue-NodeRegistrationContainerReportForDataNodeSafeModeRule] INFO  safemode.SCMSafeModeManager (DataNodeSafeModeRule.java:process(71)) - SCM in safe mode. 1 DataNodes registered, 3 required.
2024-06-22 09:53:48,728 [EventQueue-NodeRegistrationContainerReportForContainerSafeModeRule] INFO  safemode.SCMSafeModeManager (SCMSafeModeManager.java:validateSafeModeExitRules(203)) - ContainerSafeModeRule rule is successfully validated
2024-06-22 09:53:48,730 [EventQueue-PipelineReportForOneReplicaPipelineSafeModeRule] INFO  safemode.SCMSafeModeManager (SCMSafeModeManager.java:validateSafeModeExitRules(203)) - AtleastOneDatanodeReportedRule rule is successfully validated
2024-06-22 09:53:48,733 [RatisPipelineUtilsThread-0] INFO  pipeline.RatisPipelineProvider (RatisPipelineProvider.java:lambda$create$0(205)) - Sending CreatePipelineCommand for pipeline:PipelineID=23fe3c06-75b8-4718-8388-e83a4f4a4e1d to datanode:eea743f9-1650-4764-952b-70f255484f5c
2024-06-22 09:53:48,742 [RatisPipelineUtilsThread-0] INFO  pipeline.BackgroundPipelineCreator (BackgroundPipelineCreator.java:createPipelines(236)) - Created new pipeline Pipeline[ Id: 23fe3c06-75b8-4718-8388-e83a4f4a4e1d, Nodes: eea743f9-1650-4764-952b-70f255484f5c(localhost/127.0.0.1) ReplicaIndex: 0, ReplicationConfig: RATIS/ONE, State:ALLOCATED, leaderId:, CreationTimestamp2024-06-22T09:53:48.732366166Z[Etc/UTC]]
2024-06-22 09:53:48,853 [IPC Server handler 0 on default port 15002] INFO  net.NetworkTopologyImpl (NetworkTopologyImpl.java:add(134)) - Added a new node: /default-rack/788200e2-a8c6-41b6-82b9-949d8dd4f2a7
2024-06-22 09:53:48,853 [IPC Server handler 0 on default port 15002] INFO  node.SCMNodeManager (SCMNodeManager.java:register(421)) - Registered datanode: 788200e2-a8c6-41b6-82b9-949d8dd4f2a7{ip: 127.0.0.1, host: localhost, ports: [HTTP=15018, CLIENT_RPC=15019, REPLICATION=15025, RATIS=15021, RATIS_ADMIN=15022, RATIS_SERVER=15023, RATIS_DATASTREAM=15024, STANDALONE=15020], networkLocation: /default-rack, certSerialId: null, persistedOpState: null, persistedOpStateExpiryEpochSec: 0}
2024-06-22 09:53:48,854 [EventQueue-NodeRegistrationContainerReportForDataNodeSafeModeRule] INFO  safemode.SCMSafeModeManager (DataNodeSafeModeRule.java:process(71)) - SCM in safe mode. 2 DataNodes registered, 3 required.
2024-06-22 09:53:48,854 [EventQueue-NewNodeForNewNodeHandler] INFO  pipeline.BackgroundPipelineCreator (BackgroundPipelineCreator.java:notifyEventTriggered(280)) - trigger a one-shot run on RatisPipelineUtilsThread.
2024-06-22 09:53:48,854 [RatisPipelineUtilsThread-0] INFO  pipeline.RatisPipelineProvider (RatisPipelineProvider.java:lambda$create$0(205)) - Sending CreatePipelineCommand for pipeline:PipelineID=e438ddf8-f618-4905-854c-8ef1d03ac90c to datanode:788200e2-a8c6-41b6-82b9-949d8dd4f2a7
2024-06-22 09:53:48,856 [RatisPipelineUtilsThread-0] INFO  pipeline.BackgroundPipelineCreator (BackgroundPipelineCreator.java:createPipelines(236)) - Created new pipeline Pipeline[ Id: e438ddf8-f618-4905-854c-8ef1d03ac90c, Nodes: 788200e2-a8c6-41b6-82b9-949d8dd4f2a7(localhost/127.0.0.1) ReplicaIndex: 0, ReplicationConfig: RATIS/ONE, State:ALLOCATED, leaderId:, CreationTimestamp2024-06-22T09:53:48.854928729Z[Etc/UTC]]
2024-06-22 09:53:48,947 [IPC Server handler 1 on default port 15002] INFO  net.NetworkTopologyImpl (NetworkTopologyImpl.java:add(134)) - Added a new node: /default-rack/56d91bac-b32b-4010-a6ee-ca8fb4d6f013
2024-06-22 09:53:48,948 [main] INFO  ozone.MiniOzoneClusterImpl (MiniOzoneClusterImpl.java:lambda$waitForClusterToBeReady$0(194)) - Waiting for nodes to be ready. Got 2 of 3 DN Heartbeats.
2024-06-22 09:53:48,948 [main] INFO  ozone.MiniOzoneClusterImpl (MiniOzoneClusterImpl.java:lambda$waitForClusterToBeReady$0(197)) - Waiting for cluster to exit safe mode
2024-06-22 09:53:48,948 [main] INFO  ozone.MiniOzoneClusterImpl (MiniOzoneClusterImpl.java:lambda$waitForClusterToBeReady$0(199)) - SCM became leader
2024-06-22 09:53:48,948 [IPC Server handler 1 on default port 15002] INFO  node.SCMNodeManager (SCMNodeManager.java:register(421)) - Registered datanode: 56d91bac-b32b-4010-a6ee-ca8fb4d6f013{ip: 127.0.0.1, host: localhost, ports: [HTTP=15027, CLIENT_RPC=15028, REPLICATION=15034, RATIS=15030, RATIS_ADMIN=15031, RATIS_SERVER=15032, RATIS_DATASTREAM=15033, STANDALONE=15029], networkLocation: /default-rack, certSerialId: null, persistedOpState: null, persistedOpStateExpiryEpochSec: 0}
2024-06-22 09:53:48,948 [EventQueue-NewNodeForNewNodeHandler] INFO  pipeline.BackgroundPipelineCreator (BackgroundPipelineCreator.java:notifyEventTriggered(280)) - trigger a one-shot run on RatisPipelineUtilsThread.
2024-06-22 09:53:48,948 [EventQueue-NodeRegistrationContainerReportForDataNodeSafeModeRule] INFO  safemode.SCMSafeModeManager (DataNodeSafeModeRule.java:process(71)) - SCM in safe mode. 3 DataNodes registered, 3 required.
2024-06-22 09:53:48,949 [EventQueue-NodeRegistrationContainerReportForDataNodeSafeModeRule] INFO  safemode.SCMSafeModeManager (SCMSafeModeManager.java:validateSafeModeExitRules(203)) - DataNodeSafeModeRule rule is successfully validated
2024-06-22 09:53:48,949 [EventQueue-NodeRegistrationContainerReportForDataNodeSafeModeRule] INFO  safemode.SCMSafeModeManager (SCMSafeModeManager.java:completePreCheck(232)) - All SCM safe mode pre check rules have passed
2024-06-22 09:53:48,949 [EventQueue-NodeRegistrationContainerReportForDataNodeSafeModeRule] INFO  ha.SCMContext (SCMContext.java:updateSafeModeStatus(225)) - Update SafeModeStatus from SafeModeStatus{safeModeStatus=true, preCheckPassed=false} to SafeModeStatus{safeModeStatus=true, preCheckPassed=true}.
2024-06-22 09:53:48,949 [EventQueue-NodeRegistrationContainerReportForDataNodeSafeModeRule] INFO  pipeline.BackgroundPipelineCreator (BackgroundPipelineCreator.java:notifyEventTriggered(280)) - trigger a one-shot run on RatisPipelineUtilsThread.
2024-06-22 09:53:48,950 [RatisPipelineUtilsThread-0] INFO  pipeline.RatisPipelineProvider (RatisPipelineProvider.java:lambda$create$0(205)) - Sending CreatePipelineCommand for pipeline:PipelineID=d9224c74-8130-46fe-9b4a-0fb974d50062 to datanode:56d91bac-b32b-4010-a6ee-ca8fb4d6f013
2024-06-22 09:53:48,952 [RatisPipelineUtilsThread-0] INFO  pipeline.BackgroundPipelineCreator (BackgroundPipelineCreator.java:createPipelines(236)) - Created new pipeline Pipeline[ Id: d9224c74-8130-46fe-9b4a-0fb974d50062, Nodes: 56d91bac-b32b-4010-a6ee-ca8fb4d6f013(localhost/127.0.0.1) ReplicaIndex: 0, ReplicationConfig: RATIS/ONE, State:ALLOCATED, leaderId:, CreationTimestamp2024-06-22T09:53:48.950623016Z[Etc/UTC]]
2024-06-22 09:53:48,956 [RatisPipelineUtilsThread-0] INFO  pipeline.RatisPipelineProvider (RatisPipelineProvider.java:lambda$create$0(205)) - Sending CreatePipelineCommand for pipeline:PipelineID=c35f43b3-a8fb-4e14-bd9d-b53a8c33f88f to datanode:eea743f9-1650-4764-952b-70f255484f5c
2024-06-22 09:53:48,956 [RatisPipelineUtilsThread-0] INFO  pipeline.RatisPipelineProvider (RatisPipelineProvider.java:lambda$create$0(205)) - Sending CreatePipelineCommand for pipeline:PipelineID=c35f43b3-a8fb-4e14-bd9d-b53a8c33f88f to datanode:788200e2-a8c6-41b6-82b9-949d8dd4f2a7
2024-06-22 09:53:48,956 [RatisPipelineUtilsThread-0] INFO  pipeline.RatisPipelineProvider (RatisPipelineProvider.java:lambda$create$0(205)) - Sending CreatePipelineCommand for pipeline:PipelineID=c35f43b3-a8fb-4e14-bd9d-b53a8c33f88f to datanode:56d91bac-b32b-4010-a6ee-ca8fb4d6f013
2024-06-22 09:53:48,958 [RatisPipelineUtilsThread-0] INFO  pipeline.BackgroundPipelineCreator (BackgroundPipelineCreator.java:createPipelines(236)) - Created new pipeline Pipeline[ Id: c35f43b3-a8fb-4e14-bd9d-b53a8c33f88f, Nodes: eea743f9-1650-4764-952b-70f255484f5c(localhost/127.0.0.1) ReplicaIndex: 0788200e2-a8c6-41b6-82b9-949d8dd4f2a7(localhost/127.0.0.1) ReplicaIndex: 056d91bac-b32b-4010-a6ee-ca8fb4d6f013(localhost/127.0.0.1) ReplicaIndex: 0, ReplicationConfig: RATIS/THREE, State:ALLOCATED, leaderId:, CreationTimestamp2024-06-22T09:53:48.956174980Z[Etc/UTC]]
2024-06-22 09:53:48,959 [RatisPipelineUtilsThread-0] INFO  pipeline.RatisPipelineProvider (RatisPipelineProvider.java:lambda$create$0(205)) - Sending CreatePipelineCommand for pipeline:PipelineID=b16b2f6d-834d-4b8f-8640-cb174204298d to datanode:788200e2-a8c6-41b6-82b9-949d8dd4f2a7
2024-06-22 09:53:48,959 [RatisPipelineUtilsThread-0] INFO  pipeline.RatisPipelineProvider (RatisPipelineProvider.java:lambda$create$0(205)) - Sending CreatePipelineCommand for pipeline:PipelineID=b16b2f6d-834d-4b8f-8640-cb174204298d to datanode:56d91bac-b32b-4010-a6ee-ca8fb4d6f013
2024-06-22 09:53:48,959 [RatisPipelineUtilsThread-0] INFO  pipeline.RatisPipelineProvider (RatisPipelineProvider.java:lambda$create$0(205)) - Sending CreatePipelineCommand for pipeline:PipelineID=b16b2f6d-834d-4b8f-8640-cb174204298d to datanode:eea743f9-1650-4764-952b-70f255484f5c
2024-06-22 09:53:48,962 [RatisPipelineUtilsThread-0] INFO  pipeline.PipelineManagerImpl (PipelineManagerImpl.java:recordMetricsForPipeline(916)) - Pipeline: PipelineID=b16b2f6d-834d-4b8f-8640-cb174204298d contains same datanodes as previous pipelines: PipelineID=c35f43b3-a8fb-4e14-bd9d-b53a8c33f88f nodeIds: 788200e2-a8c6-41b6-82b9-949d8dd4f2a7, 56d91bac-b32b-4010-a6ee-ca8fb4d6f013, eea743f9-1650-4764-952b-70f255484f5c
2024-06-22 09:53:48,962 [RatisPipelineUtilsThread-0] INFO  pipeline.BackgroundPipelineCreator (BackgroundPipelineCreator.java:createPipelines(236)) - Created new pipeline Pipeline[ Id: b16b2f6d-834d-4b8f-8640-cb174204298d, Nodes: 788200e2-a8c6-41b6-82b9-949d8dd4f2a7(localhost/127.0.0.1) ReplicaIndex: 056d91bac-b32b-4010-a6ee-ca8fb4d6f013(localhost/127.0.0.1) ReplicaIndex: 0eea743f9-1650-4764-952b-70f255484f5c(localhost/127.0.0.1) ReplicaIndex: 0, ReplicationConfig: RATIS/THREE, State:ALLOCATED, leaderId:, CreationTimestamp2024-06-22T09:53:48.959414348Z[Etc/UTC]]
2024-06-22 09:53:49,948 [main] INFO  ozone.MiniOzoneClusterImpl (MiniOzoneClusterImpl.java:lambda$waitForClusterToBeReady$0(194)) - Nodes are ready. Got 3 of 3 DN Heartbeats.
2024-06-22 09:53:49,949 [main] INFO  ozone.MiniOzoneClusterImpl (MiniOzoneClusterImpl.java:lambda$waitForClusterToBeReady$0(197)) - Waiting for cluster to exit safe mode
2024-06-22 09:53:49,949 [main] INFO  ozone.MiniOzoneClusterImpl (MiniOzoneClusterImpl.java:lambda$waitForClusterToBeReady$0(199)) - SCM became leader
2024-06-22 09:53:50,949 [main] INFO  ozone.MiniOzoneClusterImpl (MiniOzoneClusterImpl.java:lambda$waitForClusterToBeReady$0(194)) - Nodes are ready. Got 3 of 3 DN Heartbeats.
2024-06-22 09:53:50,949 [main] INFO  ozone.MiniOzoneClusterImpl (MiniOzoneClusterImpl.java:lambda$waitForClusterToBeReady$0(197)) - Waiting for cluster to exit safe mode
2024-06-22 09:53:50,949 [main] INFO  ozone.MiniOzoneClusterImpl (MiniOzoneClusterImpl.java:lambda$waitForClusterToBeReady$0(199)) - SCM became leader
2024-06-22 09:53:51,721 [eea743f9-1650-4764-952b-70f255484f5c-PipelineCommandHandlerThread-0] INFO  server.RaftServer (RaftServerProxy.java:addNew(100)) - eea743f9-1650-4764-952b-70f255484f5c: addNew group-E83A4F4A4E1D:[eea743f9-1650-4764-952b-70f255484f5c|127.0.0.1:15014] returns group-E83A4F4A4E1D:java.util.concurrent.CompletableFuture@75c827c0[Not completed]
2024-06-22 09:53:51,733 [eea743f9-1650-4764-952b-70f255484f5c-groupManagement] INFO  lib.Interns (Interns.java:removeEldestEntry(50)) - Metrics intern cache overflow at 2011 for MetricsSystem={MetricsSystem=MetricsInfoImpl{name=MetricsSystem, description=MetricsSystem}, MetricsSystem record=MetricsInfoImpl{name=MetricsSystem, description=MetricsSystem record}}
2024-06-22 09:53:51,735 [eea743f9-1650-4764-952b-70f255484f5c-groupManagement] INFO  server.RaftServer$Division (RaftServerImpl.java:<init>(256)) - eea743f9-1650-4764-952b-70f255484f5c: new RaftServerImpl for group-E83A4F4A4E1D:[eea743f9-1650-4764-952b-70f255484f5c|127.0.0.1:15014] with ContainerStateMachine:uninitialized
2024-06-22 09:53:51,735 [eea743f9-1650-4764-952b-70f255484f5c-groupManagement] INFO  server.RaftServerConfigKeys (ConfUtils.java:logGet(46)) - raft.server.rpc.timeout.min = 5s (custom)
2024-06-22 09:53:51,736 [eea743f9-1650-4764-952b-70f255484f5c-groupManagement] INFO  server.RaftServerConfigKeys (ConfUtils.java:logGet(46)) - raft.server.rpc.timeout.max = 5200ms (custom)
2024-06-22 09:53:51,736 [eea743f9-1650-4764-952b-70f255484f5c-groupManagement] INFO  server.RaftServerConfigKeys (ConfUtils.java:logGet(46)) - raft.server.rpc.sleep.time = 25ms (default)
2024-06-22 09:53:51,736 [eea743f9-1650-4764-952b-70f255484f5c-groupManagement] INFO  server.RaftServerConfigKeys (ConfUtils.java:logGet(46)) - raft.server.rpc.slowness.timeout = 300s (custom)
2024-06-22 09:53:51,736 [eea743f9-1650-4764-952b-70f255484f5c-groupManagement] INFO  server.RaftServerConfigKeys (ConfUtils.java:logGet(46)) - raft.server.leaderelection.leader.step-down.wait-time = 10s (default)
2024-06-22 09:53:51,736 [eea743f9-1650-4764-952b-70f255484f5c-groupManagement] INFO  server.RaftServerConfigKeys (ConfUtils.java:logGet(46)) - raft.server.leaderelection.member.majority-add = false (default)
2024-06-22 09:53:51,736 [eea743f9-1650-4764-952b-70f255484f5c-groupManagement] INFO  server.RaftServerConfigKeys (ConfUtils.java:logGet(46)) - raft.server.sleep.deviation.threshold = 300ms (default)
2024-06-22 09:53:51,736 [eea743f9-1650-4764-952b-70f255484f5c-groupManagement] INFO  server.RaftServer$Division (ServerState.java:<init>(113)) - eea743f9-1650-4764-952b-70f255484f5c@group-E83A4F4A4E1D: ConfigurationManager, init=-1: peers:[eea743f9-1650-4764-952b-70f255484f5c|127.0.0.1:15014]|listeners:[], old=null, confs=<EMPTY_MAP>
2024-06-22 09:53:51,736 [eea743f9-1650-4764-952b-70f255484f5c-groupManagement] INFO  server.RaftServerConfigKeys (ConfUtils.java:logGet(46)) - raft.server.notification.no-leader.timeout = 300s (custom)
2024-06-22 09:53:51,736 [eea743f9-1650-4764-952b-70f255484f5c-groupManagement] INFO  server.RaftServerConfigKeys (ConfUtils.java:logGet(46)) - raft.server.read.timeout = 10s (default)
2024-06-22 09:53:51,737 [eea743f9-1650-4764-952b-70f255484f5c-groupManagement] INFO  server.RaftServerConfigKeys (ConfUtils.java:logGet(46)) - raft.server.retrycache.expirytime = 600000ms (custom)
2024-06-22 09:53:51,737 [eea743f9-1650-4764-952b-70f255484f5c-groupManagement] INFO  server.RaftServerConfigKeys (ConfUtils.java:logGet(46)) - raft.server.retrycache.statistics.expirytime = 100ms (default)
2024-06-22 09:53:51,737 [eea743f9-1650-4764-952b-70f255484f5c-groupManagement] INFO  server.RaftServerConfigKeys (ConfUtils.java:logGet(46)) - raft.server.read.option = DEFAULT (default)
2024-06-22 09:53:51,737 [eea743f9-1650-4764-952b-70f255484f5c-groupManagement] INFO  server.RaftServerConfigKeys (ConfUtils.java:logGet(46)) - raft.server.read.read-after-write-consistent.write-index-cache.expiry-time = 60s (default)
2024-06-22 09:53:51,744 [eea743f9-1650-4764-952b-70f255484f5c-groupManagement] INFO  server.RaftServerConfigKeys (ConfUtils.java:logGet(46)) - raft.server.rpc.request.timeout = 60s (custom)
2024-06-22 09:53:51,744 [eea743f9-1650-4764-952b-70f255484f5c-groupManagement] INFO  server.RaftServerConfigKeys (ConfUtils.java:logGet(46)) - raft.server.log.appender.install.snapshot.enabled = false (custom)
2024-06-22 09:53:51,744 [eea743f9-1650-4764-952b-70f255484f5c-groupManagement] INFO  server.RaftServerConfigKeys (ConfUtils.java:logGet(46)) - raft.server.threadpool.server.cached = true (default)
2024-06-22 09:53:51,744 [eea743f9-1650-4764-952b-70f255484f5c-groupManagement] INFO  server.RaftServerConfigKeys (ConfUtils.java:logGet(46)) - raft.server.threadpool.server.size = 0 (default)
2024-06-22 09:53:51,744 [eea743f9-1650-4764-952b-70f255484f5c-groupManagement] INFO  server.RaftServerConfigKeys (ConfUtils.java:logGet(46)) - raft.server.threadpool.client.cached = true (default)
2024-06-22 09:53:51,744 [eea743f9-1650-4764-952b-70f255484f5c-groupManagement] INFO  server.RaftServerConfigKeys (ConfUtils.java:logGet(46)) - raft.server.threadpool.client.size = 0 (default)
2024-06-22 09:53:51,744 [eea743f9-1650-4764-952b-70f255484f5c-groupManagement] INFO  server.RaftServerConfigKeys (ConfUtils.java:logGet(46)) - raft.server.storage.free-space.min = 0MB (=0) (default)
2024-06-22 09:53:51,745 [eea743f9-1650-4764-952b-70f255484f5c-groupManagement] INFO  server.RaftServerConfigKeys (ConfUtils.java:logGet(46)) - raft.server.log.corruption.policy = EXCEPTION (default)
2024-06-22 09:53:51,745 [eea743f9-1650-4764-952b-70f255484f5c-groupManagement] INFO  server.RaftServerConfigKeys (ConfUtils.java:logGet(46)) - raft.server.storage.dir = [/home/runner/work/ozone/ozone/hadoop-ozone/integration-test/target/test-dir/MiniOzoneClusterImpl-e30f9212-6642-4e3c-bf74-b445a15ce63f/ozone-meta/datanode-1/ratis] (custom)
2024-06-22 09:53:51,745 [eea743f9-1650-4764-952b-70f255484f5c-groupManagement] INFO  storage.RaftStorageDirectory (RaftStorageDirectoryImpl.java:analyzeStorage(138)) - The storage directory /home/runner/work/ozone/ozone/hadoop-ozone/integration-test/target/test-dir/MiniOzoneClusterImpl-e30f9212-6642-4e3c-bf74-b445a15ce63f/ozone-meta/datanode-1/ratis/23fe3c06-75b8-4718-8388-e83a4f4a4e1d does not exist. Creating ...
2024-06-22 09:53:51,746 [eea743f9-1650-4764-952b-70f255484f5c-groupManagement] INFO  storage.RaftStorageDirectory (RaftStorageDirectoryImpl.java:tryLock(228)) - Lock on /home/runner/work/ozone/ozone/hadoop-ozone/integration-test/target/test-dir/MiniOzoneClusterImpl-e30f9212-6642-4e3c-bf74-b445a15ce63f/ozone-meta/datanode-1/ratis/23fe3c06-75b8-4718-8388-e83a4f4a4e1d/in_use.lock acquired by nodename 22061@fv-az660-705
2024-06-22 09:53:51,747 [eea743f9-1650-4764-952b-70f255484f5c-groupManagement] INFO  storage.RaftStorage (RaftStorageImpl.java:format(99)) - Storage directory /home/runner/work/ozone/ozone/hadoop-ozone/integration-test/target/test-dir/MiniOzoneClusterImpl-e30f9212-6642-4e3c-bf74-b445a15ce63f/ozone-meta/datanode-1/ratis/23fe3c06-75b8-4718-8388-e83a4f4a4e1d has been successfully formatted.
2024-06-22 09:53:51,748 [eea743f9-1650-4764-952b-70f255484f5c-groupManagement] WARN  util.FileUtils (LogUtils.java:supplyAndLog(63)) - Failed to Files.newInputStream /home/runner/work/ozone/ozone/hadoop-ozone/integration-test/target/test-dir/MiniOzoneClusterImpl-e30f9212-6642-4e3c-bf74-b445a15ce63f/ozone-meta/datanode-1/ratis/23fe3c06-75b8-4718-8388-e83a4f4a4e1d/current/raft-meta.conf with options []: java.nio.file.NoSuchFileException: /home/runner/work/ozone/ozone/hadoop-ozone/integration-test/target/test-dir/MiniOzoneClusterImpl-e30f9212-6642-4e3c-bf74-b445a15ce63f/ozone-meta/datanode-1/ratis/23fe3c06-75b8-4718-8388-e83a4f4a4e1d/current/raft-meta.conf
2024-06-22 09:53:51,750 [eea743f9-1650-4764-952b-70f255484f5c-groupManagement] INFO  ratis.ContainerStateMachine (ContainerStateMachine.java:loadSnapshot(287)) - group-E83A4F4A4E1D: The snapshot info is null. Setting the last applied index to:(t:0, i:~)
2024-06-22 09:53:51,750 [eea743f9-1650-4764-952b-70f255484f5c-groupManagement] INFO  server.RaftServerConfigKeys (ConfUtils.java:logGet(46)) - raft.server.log.use.memory = false (default)
2024-06-22 09:53:51,750 [eea743f9-1650-4764-952b-70f255484f5c-groupManagement] INFO  server.RaftServerConfigKeys (ConfUtils.java:logGet(46)) - raft.server.log.purge.gap = 1000000 (custom)
2024-06-22 09:53:51,750 [eea743f9-1650-4764-952b-70f255484f5c-groupManagement] INFO  server.RaftServerConfigKeys (ConfUtils.java:logGet(46)) - raft.server.log.appender.buffer.byte-limit = 8388608 (custom)
2024-06-22 09:53:51,751 [eea743f9-1650-4764-952b-70f255484f5c-groupManagement] INFO  server.RaftServerConfigKeys (ConfUtils.java:logGet(46)) - raft.server.log.statemachine.data.read.timeout = 1000ms (default)
2024-06-22 09:53:51,751 [eea743f9-1650-4764-952b-70f255484f5c-groupManagement] INFO  server.RaftServerConfigKeys (ConfUtils.java:logGet(46)) - raft.server.log.purge.preservation.log.num = 0 (default)
2024-06-22 09:53:51,754 [eea743f9-1650-4764-952b-70f255484f5c-groupManagement] INFO  server.RaftServerConfigKeys (ConfUtils.java:logGet(46)) - raft.server.log.segment.size.max = 67108864 (custom)
2024-06-22 09:53:51,755 [eea743f9-1650-4764-952b-70f255484f5c-groupManagement] INFO  server.RaftServerConfigKeys (ConfUtils.java:logGet(46)) - raft.server.log.segment.cache.num.max = 2 (custom)
2024-06-22 09:53:51,755 [eea743f9-1650-4764-952b-70f255484f5c-groupManagement] INFO  server.RaftServerConfigKeys (ConfUtils.java:logGet(46)) - raft.server.log.segment.cache.size.max = 200MB (=209715200) (default)
2024-06-22 09:53:51,755 [eea743f9-1650-4764-952b-70f255484f5c-groupManagement] INFO  server.RaftServerConfigKeys (ConfUtils.java:logGet(46)) - raft.server.log.appender.buffer.byte-limit = 8388608 (custom)
2024-06-22 09:53:51,755 [eea743f9-1650-4764-952b-70f255484f5c-groupManagement] INFO  util.AwaitToRun (AwaitToRun.java:start(81)) - Thread[eea743f9-1650-4764-952b-70f255484f5c@group-E83A4F4A4E1D-cacheEviction-AwaitToRun,5,main] started
2024-06-22 09:53:51,755 [eea743f9-1650-4764-952b-70f255484f5c-groupManagement] INFO  segmented.SegmentedRaftLogWorker (SegmentedRaftLogWorker.java:<init>(182)) - new eea743f9-1650-4764-952b-70f255484f5c@group-E83A4F4A4E1D-SegmentedRaftLogWorker for RaftStorageImpl:Storage Directory /home/runner/work/ozone/ozone/hadoop-ozone/integration-test/target/test-dir/MiniOzoneClusterImpl-e30f9212-6642-4e3c-bf74-b445a15ce63f/ozone-meta/datanode-1/ratis/23fe3c06-75b8-4718-8388-e83a4f4a4e1d
2024-06-22 09:53:51,755 [eea743f9-1650-4764-952b-70f255484f5c-groupManagement] INFO  server.RaftServerConfigKeys (ConfUtils.java:logGet(46)) - raft.server.log.queue.byte-limit = 4294967296 (custom)
2024-06-22 09:53:51,756 [eea743f9-1650-4764-952b-70f255484f5c-groupManagement] INFO  server.RaftServerConfigKeys (ConfUtils.java:logGet(46)) - raft.server.log.queue.element-limit = 1024 (custom)
2024-06-22 09:53:51,756 [eea743f9-1650-4764-952b-70f255484f5c-groupManagement] INFO  server.RaftServerConfigKeys (ConfUtils.java:logGet(46)) - raft.server.log.segment.size.max = 67108864 (custom)
2024-06-22 09:53:51,756 [eea743f9-1650-4764-952b-70f255484f5c-groupManagement] INFO  server.RaftServerConfigKeys (ConfUtils.java:logGet(46)) - raft.server.log.preallocated.size = 4194304 (custom)
2024-06-22 09:53:51,756 [eea743f9-1650-4764-952b-70f255484f5c-groupManagement] INFO  server.RaftServerConfigKeys (ConfUtils.java:logGet(46)) - raft.server.log.force.sync.num = 128 (default)
2024-06-22 09:53:51,756 [eea743f9-1650-4764-952b-70f255484f5c-groupManagement] INFO  server.RaftServerConfigKeys (ConfUtils.java:logGet(46)) - raft.server.log.statemachine.data.sync = true (default)
2024-06-22 09:53:51,756 [eea743f9-1650-4764-952b-70f255484f5c-groupManagement] INFO  server.RaftServerConfigKeys (ConfUtils.java:logGet(46)) - raft.server.log.statemachine.data.sync.timeout = 10s (default)
2024-06-22 09:53:51,756 [eea743f9-1650-4764-952b-70f255484f5c-groupManagement] INFO  server.RaftServerConfigKeys (ConfUtils.java:logGet(46)) - raft.server.log.statemachine.data.sync.timeout.retry = 30 (custom)
2024-06-22 09:53:51,757 [eea743f9-1650-4764-952b-70f255484f5c-groupManagement] INFO  server.RaftServerConfigKeys (ConfUtils.java:logGet(46)) - raft.server.log.write.buffer.size = 8388616 (custom)
2024-06-22 09:53:51,759 [eea743f9-1650-4764-952b-70f255484f5c-groupManagement] INFO  server.RaftServerConfigKeys (ConfUtils.java:logGet(46)) - raft.server.log.appender.buffer.byte-limit = 8388608 (custom)
2024-06-22 09:53:51,759 [eea743f9-1650-4764-952b-70f255484f5c-groupManagement] INFO  server.RaftServerConfigKeys (ConfUtils.java:logGet(46)) - raft.server.log.unsafe-flush.enabled = false (default)
2024-06-22 09:53:51,759 [eea743f9-1650-4764-952b-70f255484f5c-groupManagement] INFO  server.RaftServerConfigKeys (ConfUtils.java:logGet(46)) - raft.server.log.async-flush.enabled = false (default)
2024-06-22 09:53:51,759 [eea743f9-1650-4764-952b-70f255484f5c-groupManagement] INFO  server.RaftServerConfigKeys (ConfUtils.java:logGet(46)) - raft.server.log.statemachine.data.caching.enabled = true (custom)
2024-06-22 09:53:51,759 [eea743f9-1650-4764-952b-70f255484f5c-groupManagement] INFO  segmented.SegmentedRaftLogWorker (SegmentedRaftLogWorker.java:lambda$new$0(134)) - eea743f9-1650-4764-952b-70f255484f5c@group-E83A4F4A4E1D-SegmentedRaftLogWorker: flushIndex: setUnconditionally 0 -> -1
2024-06-22 09:53:51,759 [eea743f9-1650-4764-952b-70f255484f5c-groupManagement] INFO  segmented.SegmentedRaftLogWorker (SegmentedRaftLogWorker.java:lambda$new$0(134)) - eea743f9-1650-4764-952b-70f255484f5c@group-E83A4F4A4E1D-SegmentedRaftLogWorker: safeCacheEvictIndex: setUnconditionally 0 -> -1
2024-06-22 09:53:51,760 [eea743f9-1650-4764-952b-70f255484f5c-groupManagement] INFO  server.RaftServer$Division (RaftServerImpl.java:start(396)) - eea743f9-1650-4764-952b-70f255484f5c@group-E83A4F4A4E1D: start as a follower, conf=-1: peers:[eea743f9-1650-4764-952b-70f255484f5c|127.0.0.1:15014]|listeners:[], old=null
2024-06-22 09:53:51,760 [eea743f9-1650-4764-952b-70f255484f5c-groupManagement] INFO  server.RaftServer$Division (RaftServerImpl.java:setRole(383)) - eea743f9-1650-4764-952b-70f255484f5c@group-E83A4F4A4E1D: changes role from      null to FOLLOWER at term 0 for startAsFollower
2024-06-22 09:53:51,760 [eea743f9-1650-4764-952b-70f255484f5c-groupManagement] INFO  impl.RoleInfo (RoleInfo.java:updateAndGet(139)) - eea743f9-1650-4764-952b-70f255484f5c: start eea743f9-1650-4764-952b-70f255484f5c@group-E83A4F4A4E1D-FollowerState
2024-06-22 09:53:51,760 [eea743f9-1650-4764-952b-70f255484f5c-groupManagement] INFO  util.JmxRegister (JmxRegister.java:tryRegister(44)) - Successfully registered JMX Bean with object name Ratis:service=RaftServer,group=group-E83A4F4A4E1D,id=eea743f9-1650-4764-952b-70f255484f5c
2024-06-22 09:53:51,760 [eea743f9-1650-4764-952b-70f255484f5c-groupManagement] INFO  server.RaftServerConfigKeys (ConfUtils.java:logGet(46)) - raft.server.snapshot.trigger-when-stop.enabled = true (default)
2024-06-22 09:53:51,760 [eea743f9-1650-4764-952b-70f255484f5c-groupManagement] INFO  server.RaftServerConfigKeys (ConfUtils.java:logGet(46)) - raft.server.snapshot.auto.trigger.enabled = true (custom)
2024-06-22 09:53:51,760 [eea743f9-1650-4764-952b-70f255484f5c-groupManagement] INFO  server.RaftServerConfigKeys (ConfUtils.java:logGet(46)) - raft.server.snapshot.auto.trigger.threshold = 10000 (custom)
2024-06-22 09:53:51,761 [eea743f9-1650-4764-952b-70f255484f5c-groupManagement] INFO  server.RaftServerConfigKeys (ConfUtils.java:logGet(46)) - raft.server.snapshot.retention.file.num = 5 (custom)
2024-06-22 09:53:51,761 [eea743f9-1650-4764-952b-70f255484f5c-groupManagement] INFO  server.RaftServerConfigKeys (ConfUtils.java:logGet(46)) - raft.server.log.purge.upto.snapshot.index = false (default)
2024-06-22 09:53:51,762 [eea743f9-1650-4764-952b-70f255484f5c@group-E83A4F4A4E1D-FollowerState] INFO  server.RaftServerConfigKeys (ConfUtils.java:logFallback(53)) - raft.server.rpc.first-election.timeout.min = 5s (fallback to raft.server.rpc.timeout.min)
2024-06-22 09:53:51,762 [eea743f9-1650-4764-952b-70f255484f5c@group-E83A4F4A4E1D-FollowerState] INFO  server.RaftServerConfigKeys (ConfUtils.java:logFallback(53)) - raft.server.rpc.first-election.timeout.max = 5200ms (fallback to raft.server.rpc.timeout.max)
2024-06-22 09:53:51,766 [EventQueue-PipelineReportForPipelineReportHandler] INFO  pipeline.PipelineReportHandler (PipelineReportHandler.java:processPipelineReport(136)) - Opened pipeline PipelineID=23fe3c06-75b8-4718-8388-e83a4f4a4e1d
2024-06-22 09:53:51,766 [EventQueue-OpenPipelineForHealthyPipelineSafeModeRule] INFO  safemode.SCMSafeModeManager (HealthyPipelineSafeModeRule.java:process(140)) - SCM in safe mode. Healthy pipelines reported count is 0, required healthy pipeline reported count is 1
2024-06-22 09:53:51,768 [eea743f9-1650-4764-952b-70f255484f5c-PipelineCommandHandlerThread-0] INFO  ratis.XceiverServerRatis (XceiverServerRatis.java:addGroup(864)) - Created group PipelineID=23fe3c06-75b8-4718-8388-e83a4f4a4e1d
2024-06-22 09:53:51,768 [eea743f9-1650-4764-952b-70f255484f5c-PipelineCommandHandlerThread-0] INFO  commandhandler.CreatePipelineCommandHandler (CreatePipelineCommandHandler.java:lambda$handle$2(124)) - Created Pipeline RATIS ONE PipelineID=23fe3c06-75b8-4718-8388-e83a4f4a4e1d.
2024-06-22 09:53:51,769 [eea743f9-1650-4764-952b-70f255484f5c-PipelineCommandHandlerThread-0] INFO  server.RaftServer (RaftServerProxy.java:addNew(100)) - eea743f9-1650-4764-952b-70f255484f5c: addNew group-B53A8C33F88F:[eea743f9-1650-4764-952b-70f255484f5c|127.0.0.1:15014, 788200e2-a8c6-41b6-82b9-949d8dd4f2a7|127.0.0.1:15023, 56d91bac-b32b-4010-a6ee-ca8fb4d6f013|127.0.0.1:15032] returns group-B53A8C33F88F:java.util.concurrent.CompletableFuture@741fccd8[Not completed]
2024-06-22 09:53:51,770 [eea743f9-1650-4764-952b-70f255484f5c-groupManagement] INFO  server.RaftServer$Division (RaftServerImpl.java:<init>(256)) - eea743f9-1650-4764-952b-70f255484f5c: new RaftServerImpl for group-B53A8C33F88F:[eea743f9-1650-4764-952b-70f255484f5c|127.0.0.1:15014, 788200e2-a8c6-41b6-82b9-949d8dd4f2a7|127.0.0.1:15023, 56d91bac-b32b-4010-a6ee-ca8fb4d6f013|127.0.0.1:15032] with ContainerStateMachine:uninitialized
2024-06-22 09:53:51,771 [eea743f9-1650-4764-952b-70f255484f5c-groupManagement] INFO  server.RaftServerConfigKeys (ConfUtils.java:logGet(46)) - raft.server.rpc.timeout.min = 5s (custom)
2024-06-22 09:53:51,771 [eea743f9-1650-4764-952b-70f255484f5c-groupManagement] INFO  server.RaftServerConfigKeys (ConfUtils.java:logGet(46)) - raft.server.rpc.timeout.max = 5200ms (custom)
2024-06-22 09:53:51,771 [eea743f9-1650-4764-952b-70f255484f5c-groupManagement] INFO  server.RaftServerConfigKeys (ConfUtils.java:logGet(46)) - raft.server.rpc.sleep.time = 25ms (default)
2024-06-22 09:53:51,771 [eea743f9-1650-4764-952b-70f255484f5c-groupManagement] INFO  server.RaftServerConfigKeys (ConfUtils.java:logGet(46)) - raft.server.rpc.slowness.timeout = 300s (custom)
2024-06-22 09:53:51,771 [eea743f9-1650-4764-952b-70f255484f5c-groupManagement] INFO  server.RaftServerConfigKeys (ConfUtils.java:logGet(46)) - raft.server.leaderelection.leader.step-down.wait-time = 10s (default)
2024-06-22 09:53:51,771 [eea743f9-1650-4764-952b-70f255484f5c-groupManagement] INFO  server.RaftServerConfigKeys (ConfUtils.java:logGet(46)) - raft.server.leaderelection.member.majority-add = false (default)
2024-06-22 09:53:51,771 [eea743f9-1650-4764-952b-70f255484f5c-groupManagement] INFO  server.RaftServerConfigKeys (ConfUtils.java:logGet(46)) - raft.server.sleep.deviation.threshold = 300ms (default)
2024-06-22 09:53:51,771 [eea743f9-1650-4764-952b-70f255484f5c-groupManagement] INFO  server.RaftServer$Division (ServerState.java:<init>(113)) - eea743f9-1650-4764-952b-70f255484f5c@group-B53A8C33F88F: ConfigurationManager, init=-1: peers:[eea743f9-1650-4764-952b-70f255484f5c|127.0.0.1:15014, 788200e2-a8c6-41b6-82b9-949d8dd4f2a7|127.0.0.1:15023, 56d91bac-b32b-4010-a6ee-ca8fb4d6f013|127.0.0.1:15032]|listeners:[], old=null, confs=<EMPTY_MAP>
2024-06-22 09:53:51,772 [eea743f9-1650-4764-952b-70f255484f5c-groupManagement] INFO  server.RaftServerConfigKeys (ConfUtils.java:logGet(46)) - raft.server.notification.no-leader.timeout = 300s (custom)
2024-06-22 09:53:51,772 [eea743f9-1650-4764-952b-70f255484f5c-groupManagement] INFO  server.RaftServerConfigKeys (ConfUtils.java:logGet(46)) - raft.server.read.timeout = 10s (default)
2024-06-22 09:53:51,772 [eea743f9-1650-4764-952b-70f255484f5c-groupManagement] INFO  server.RaftServerConfigKeys (ConfUtils.java:logGet(46)) - raft.server.retrycache.expirytime = 600000ms (custom)
2024-06-22 09:53:51,772 [eea743f9-1650-4764-952b-70f255484f5c-groupManagement] INFO  server.RaftServerConfigKeys (ConfUtils.java:logGet(46)) - raft.server.retrycache.statistics.expirytime = 100ms (default)
2024-06-22 09:53:51,772 [eea743f9-1650-4764-952b-70f255484f5c-groupManagement] INFO  server.RaftServerConfigKeys (ConfUtils.java:logGet(46)) - raft.server.read.option = DEFAULT (default)
2024-06-22 09:53:51,772 [eea743f9-1650-4764-952b-70f255484f5c-groupManagement] INFO  server.RaftServerConfigKeys (ConfUtils.java:logGet(46)) - raft.server.read.read-after-write-consistent.write-index-cache.expiry-time = 60s (default)
2024-06-22 09:53:51,778 [eea743f9-1650-4764-952b-70f255484f5c-groupManagement] INFO  server.RaftServerConfigKeys (ConfUtils.java:logGet(46)) - raft.server.rpc.request.timeout = 60s (custom)
2024-06-22 09:53:51,778 [eea743f9-1650-4764-952b-70f255484f5c-groupManagement] INFO  server.RaftServerConfigKeys (ConfUtils.java:logGet(46)) - raft.server.log.appender.install.snapshot.enabled = false (custom)
2024-06-22 09:53:51,778 [eea743f9-1650-4764-952b-70f255484f5c-groupManagement] INFO  server.RaftServerConfigKeys (ConfUtils.java:logGet(46)) - raft.server.threadpool.server.cached = true (default)
2024-06-22 09:53:51,778 [eea743f9-1650-4764-952b-70f255484f5c-groupManagement] INFO  server.RaftServerConfigKeys (ConfUtils.java:logGet(46)) - raft.server.threadpool.server.size = 0 (default)
2024-06-22 09:53:51,778 [eea743f9-1650-4764-952b-70f255484f5c-groupManagement] INFO  server.RaftServerConfigKeys (ConfUtils.java:logGet(46)) - raft.server.threadpool.client.cached = true (default)
2024-06-22 09:53:51,778 [eea743f9-1650-4764-952b-70f255484f5c-groupManagement] INFO  server.RaftServerConfigKeys (ConfUtils.java:logGet(46)) - raft.server.threadpool.client.size = 0 (default)
2024-06-22 09:53:51,778 [eea743f9-1650-4764-952b-70f255484f5c-groupManagement] INFO  server.RaftServerConfigKeys (ConfUtils.java:logGet(46)) - raft.server.storage.free-space.min = 0MB (=0) (default)
2024-06-22 09:53:51,778 [eea743f9-1650-4764-952b-70f255484f5c-groupManagement] INFO  server.RaftServerConfigKeys (ConfUtils.java:logGet(46)) - raft.server.log.corruption.policy = EXCEPTION (default)
2024-06-22 09:53:51,778 [eea743f9-1650-4764-952b-70f255484f5c-groupManagement] INFO  server.RaftServerConfigKeys (ConfUtils.java:logGet(46)) - raft.server.storage.dir = [/home/runner/work/ozone/ozone/hadoop-ozone/integration-test/target/test-dir/MiniOzoneClusterImpl-e30f9212-6642-4e3c-bf74-b445a15ce63f/ozone-meta/datanode-1/ratis] (custom)
2024-06-22 09:53:51,779 [eea743f9-1650-4764-952b-70f255484f5c-groupManagement] INFO  storage.RaftStorageDirectory (RaftStorageDirectoryImpl.java:analyzeStorage(138)) - The storage directory /home/runner/work/ozone/ozone/hadoop-ozone/integration-test/target/test-dir/MiniOzoneClusterImpl-e30f9212-6642-4e3c-bf74-b445a15ce63f/ozone-meta/datanode-1/ratis/c35f43b3-a8fb-4e14-bd9d-b53a8c33f88f does not exist. Creating ...
2024-06-22 09:53:51,780 [eea743f9-1650-4764-952b-70f255484f5c-groupManagement] INFO  storage.RaftStorageDirectory (RaftStorageDirectoryImpl.java:tryLock(228)) - Lock on /home/runner/work/ozone/ozone/hadoop-ozone/integration-test/target/test-dir/MiniOzoneClusterImpl-e30f9212-6642-4e3c-bf74-b445a15ce63f/ozone-meta/datanode-1/ratis/c35f43b3-a8fb-4e14-bd9d-b53a8c33f88f/in_use.lock acquired by nodename 22061@fv-az660-705
2024-06-22 09:53:51,781 [eea743f9-1650-4764-952b-70f255484f5c-groupManagement] INFO  storage.RaftStorage (RaftStorageImpl.java:format(99)) - Storage directory /home/runner/work/ozone/ozone/hadoop-ozone/integration-test/target/test-dir/MiniOzoneClusterImpl-e30f9212-6642-4e3c-bf74-b445a15ce63f/ozone-meta/datanode-1/ratis/c35f43b3-a8fb-4e14-bd9d-b53a8c33f88f has been successfully formatted.
2024-06-22 09:53:51,781 [eea743f9-1650-4764-952b-70f255484f5c-groupManagement] WARN  util.FileUtils (LogUtils.java:supplyAndLog(63)) - Failed to Files.newInputStream /home/runner/work/ozone/ozone/hadoop-ozone/integration-test/target/test-dir/MiniOzoneClusterImpl-e30f9212-6642-4e3c-bf74-b445a15ce63f/ozone-meta/datanode-1/ratis/c35f43b3-a8fb-4e14-bd9d-b53a8c33f88f/current/raft-meta.conf with options []: java.nio.file.NoSuchFileException: /home/runner/work/ozone/ozone/hadoop-ozone/integration-test/target/test-dir/MiniOzoneClusterImpl-e30f9212-6642-4e3c-bf74-b445a15ce63f/ozone-meta/datanode-1/ratis/c35f43b3-a8fb-4e14-bd9d-b53a8c33f88f/current/raft-meta.conf
2024-06-22 09:53:51,781 [eea743f9-1650-4764-952b-70f255484f5c-groupManagement] INFO  ratis.ContainerStateMachine (ContainerStateMachine.java:loadSnapshot(287)) - group-B53A8C33F88F: The snapshot info is null. Setting the last applied index to:(t:0, i:~)
2024-06-22 09:53:51,782 [eea743f9-1650-4764-952b-70f255484f5c-groupManagement] INFO  server.RaftServerConfigKeys (ConfUtils.java:logGet(46)) - raft.server.log.use.memory = false (default)
2024-06-22 09:53:51,782 [eea743f9-1650-4764-952b-70f255484f5c-groupManagement] INFO  server.RaftServerConfigKeys (ConfUtils.java:logGet(46)) - raft.server.log.purge.gap = 1000000 (custom)
2024-06-22 09:53:51,782 [eea743f9-1650-4764-952b-70f255484f5c-groupManagement] INFO  server.RaftServerConfigKeys (ConfUtils.java:logGet(46)) - raft.server.log.appender.buffer.byte-limit = 8388608 (custom)
2024-06-22 09:53:51,782 [eea743f9-1650-4764-952b-70f255484f5c-groupManagement] INFO  server.RaftServerConfigKeys (ConfUtils.java:logGet(46)) - raft.server.log.statemachine.data.read.timeout = 1000ms (default)
2024-06-22 09:53:51,782 [eea743f9-1650-4764-952b-70f255484f5c-groupManagement] INFO  server.RaftServerConfigKeys (ConfUtils.java:logGet(46)) - raft.server.log.purge.preservation.log.num = 0 (default)
2024-06-22 09:53:51,784 [eea743f9-1650-4764-952b-70f255484f5c-groupManagement] INFO  server.RaftServerConfigKeys (ConfUtils.java:logGet(46)) - raft.server.log.segment.size.max = 67108864 (custom)
2024-06-22 09:53:51,785 [eea743f9-1650-4764-952b-70f255484f5c-groupManagement] INFO  server.RaftServerConfigKeys (ConfUtils.java:logGet(46)) - raft.server.log.segment.cache.num.max = 2 (custom)
2024-06-22 09:53:51,785 [eea743f9-1650-4764-952b-70f255484f5c-groupManagement] INFO  server.RaftServerConfigKeys (ConfUtils.java:logGet(46)) - raft.server.log.segment.cache.size.max = 200MB (=209715200) (default)
2024-06-22 09:53:51,785 [eea743f9-1650-4764-952b-70f255484f5c-groupManagement] INFO  server.RaftServerConfigKeys (ConfUtils.java:logGet(46)) - raft.server.log.appender.buffer.byte-limit = 8388608 (custom)
2024-06-22 09:53:51,786 [eea743f9-1650-4764-952b-70f255484f5c-groupManagement] INFO  util.AwaitToRun (AwaitToRun.java:start(81)) - Thread[eea743f9-1650-4764-952b-70f255484f5c@group-B53A8C33F88F-cacheEviction-AwaitToRun,5,main] started
2024-06-22 09:53:51,786 [eea743f9-1650-4764-952b-70f255484f5c-groupManagement] INFO  segmented.SegmentedRaftLogWorker (SegmentedRaftLogWorker.java:<init>(182)) - new eea743f9-1650-4764-952b-70f255484f5c@group-B53A8C33F88F-SegmentedRaftLogWorker for RaftStorageImpl:Storage Directory /home/runner/work/ozone/ozone/hadoop-ozone/integration-test/target/test-dir/MiniOzoneClusterImpl-e30f9212-6642-4e3c-bf74-b445a15ce63f/ozone-meta/datanode-1/ratis/c35f43b3-a8fb-4e14-bd9d-b53a8c33f88f
2024-06-22 09:53:51,786 [eea743f9-1650-4764-952b-70f255484f5c-groupManagement] INFO  server.RaftServerConfigKeys (ConfUtils.java:logGet(46)) - raft.server.log.queue.byte-limit = 4294967296 (custom)
2024-06-22 09:53:51,786 [eea743f9-1650-4764-952b-70f255484f5c-groupManagement] INFO  server.RaftServerConfigKeys (ConfUtils.java:logGet(46)) - raft.server.log.queue.element-limit = 1024 (custom)
2024-06-22 09:53:51,787 [eea743f9-1650-4764-952b-70f255484f5c-groupManagement] INFO  server.RaftServerConfigKeys (ConfUtils.java:logGet(46)) - raft.server.log.segment.size.max = 67108864 (custom)
2024-06-22 09:53:51,787 [eea743f9-1650-4764-952b-70f255484f5c-groupManagement] INFO  server.RaftServerConfigKeys (ConfUtils.java:logGet(46)) - raft.server.log.preallocated.size = 4194304 (custom)
2024-06-22 09:53:51,787 [eea743f9-1650-4764-952b-70f255484f5c-groupManagement] INFO  server.RaftServerConfigKeys (ConfUtils.java:logGet(46)) - raft.server.log.force.sync.num = 128 (default)
2024-06-22 09:53:51,787 [eea743f9-1650-4764-952b-70f255484f5c-groupManagement] INFO  server.RaftServerConfigKeys (ConfUtils.java:logGet(46)) - raft.server.log.statemachine.data.sync = true (default)
2024-06-22 09:53:51,787 [eea743f9-1650-4764-952b-70f255484f5c-groupManagement] INFO  server.RaftServerConfigKeys (ConfUtils.java:logGet(46)) - raft.server.log.statemachine.data.sync.timeout = 10s (default)
2024-06-22 09:53:51,787 [eea743f9-1650-4764-952b-70f255484f5c-groupManagement] INFO  server.RaftServerConfigKeys (ConfUtils.java:logGet(46)) - raft.server.log.statemachine.data.sync.timeout.retry = 30 (custom)
2024-06-22 09:53:51,788 [eea743f9-1650-4764-952b-70f255484f5c-groupManagement] INFO  server.RaftServerConfigKeys (ConfUtils.java:logGet(46)) - raft.server.log.write.buffer.size = 8388616 (custom)
2024-06-22 09:53:51,789 [EventQueue-OpenPipelineForHealthyPipelineSafeModeRule] INFO  safemode.SCMSafeModeManager (HealthyPipelineSafeModeRule.java:process(140)) - SCM in safe mode. Healthy pipelines reported count is 0, required healthy pipeline reported count is 1
2024-06-22 09:53:51,790 [eea743f9-1650-4764-952b-70f255484f5c-groupManagement] INFO  server.RaftServerConfigKeys (ConfUtils.java:logGet(46)) - raft.server.log.appender.buffer.byte-limit = 8388608 (custom)
2024-06-22 09:53:51,790 [eea743f9-1650-4764-952b-70f255484f5c-groupManagement] INFO  server.RaftServerConfigKeys (ConfUtils.java:logGet(46)) - raft.server.log.unsafe-flush.enabled = false (default)
2024-06-22 09:53:51,790 [eea743f9-1650-4764-952b-70f255484f5c-groupManagement] INFO  server.RaftServerConfigKeys (ConfUtils.java:logGet(46)) - raft.server.log.async-flush.enabled = false (default)
2024-06-22 09:53:51,790 [eea743f9-1650-4764-952b-70f255484f5c-groupManagement] INFO  server.RaftServerConfigKeys (ConfUtils.java:logGet(46)) - raft.server.log.statemachine.data.caching.enabled = true (custom)
2024-06-22 09:53:51,790 [eea743f9-1650-4764-952b-70f255484f5c-groupManagement] INFO  segmented.SegmentedRaftLogWorker (SegmentedRaftLogWorker.java:lambda$new$0(134)) - eea743f9-1650-4764-952b-70f255484f5c@group-B53A8C33F88F-SegmentedRaftLogWorker: flushIndex: setUnconditionally 0 -> -1
2024-06-22 09:53:51,791 [eea743f9-1650-4764-952b-70f255484f5c-groupManagement] INFO  segmented.SegmentedRaftLogWorker (SegmentedRaftLogWorker.java:lambda$new$0(134)) - eea743f9-1650-4764-952b-70f255484f5c@group-B53A8C33F88F-SegmentedRaftLogWorker: safeCacheEvictIndex: setUnconditionally 0 -> -1
2024-06-22 09:53:51,791 [eea743f9-1650-4764-952b-70f255484f5c-groupManagement] INFO  server.RaftServer$Division (RaftServerImpl.java:start(396)) - eea743f9-1650-4764-952b-70f255484f5c@group-B53A8C33F88F: start as a follower, conf=-1: peers:[eea743f9-1650-4764-952b-70f255484f5c|127.0.0.1:15014, 788200e2-a8c6-41b6-82b9-949d8dd4f2a7|127.0.0.1:15023, 56d91bac-b32b-4010-a6ee-ca8fb4d6f013|127.0.0.1:15032]|listeners:[], old=null
2024-06-22 09:53:51,791 [eea743f9-1650-4764-952b-70f255484f5c-groupManagement] INFO  server.RaftServer$Division (RaftServerImpl.java:setRole(383)) - eea743f9-1650-4764-952b-70f255484f5c@group-B53A8C33F88F: changes role from      null to FOLLOWER at term 0 for startAsFollower
2024-06-22 09:53:51,791 [eea743f9-1650-4764-952b-70f255484f5c-groupManagement] INFO  impl.RoleInfo (RoleInfo.java:updateAndGet(139)) - eea743f9-1650-4764-952b-70f255484f5c: start eea743f9-1650-4764-952b-70f255484f5c@group-B53A8C33F88F-FollowerState
2024-06-22 09:53:51,792 [eea743f9-1650-4764-952b-70f255484f5c@group-B53A8C33F88F-FollowerState] INFO  server.RaftServerConfigKeys (ConfUtils.java:logFallback(53)) - raft.server.rpc.first-election.timeout.min = 5s (fallback to raft.server.rpc.timeout.min)
2024-06-22 09:53:51,792 [eea743f9-1650-4764-952b-70f255484f5c@group-B53A8C33F88F-FollowerState] INFO  server.RaftServerConfigKeys (ConfUtils.java:logFallback(53)) - raft.server.rpc.first-election.timeout.max = 5200ms (fallback to raft.server.rpc.timeout.max)
2024-06-22 09:53:51,792 [eea743f9-1650-4764-952b-70f255484f5c-groupManagement] INFO  util.JmxRegister (JmxRegister.java:tryRegister(44)) - Successfully registered JMX Bean with object name Ratis:service=RaftServer,group=group-B53A8C33F88F,id=eea743f9-1650-4764-952b-70f255484f5c
2024-06-22 09:53:51,792 [eea743f9-1650-4764-952b-70f255484f5c-groupManagement] INFO  server.RaftServerConfigKeys (ConfUtils.java:logGet(46)) - raft.server.snapshot.trigger-when-stop.enabled = true (default)
2024-06-22 09:53:51,792 [eea743f9-1650-4764-952b-70f255484f5c-groupManagement] INFO  server.RaftServerConfigKeys (ConfUtils.java:logGet(46)) - raft.server.snapshot.auto.trigger.enabled = true (custom)
2024-06-22 09:53:51,792 [eea743f9-1650-4764-952b-70f255484f5c-groupManagement] INFO  server.RaftServerConfigKeys (ConfUtils.java:logGet(46)) - raft.server.snapshot.auto.trigger.threshold = 10000 (custom)
2024-06-22 09:53:51,792 [eea743f9-1650-4764-952b-70f255484f5c-groupManagement] INFO  server.RaftServerConfigKeys (ConfUtils.java:logGet(46)) - raft.server.snapshot.retention.file.num = 5 (custom)
2024-06-22 09:53:51,792 [eea743f9-1650-4764-952b-70f255484f5c-groupManagement] INFO  server.RaftServerConfigKeys (ConfUtils.java:logGet(46)) - raft.server.log.purge.upto.snapshot.index = false (default)
2024-06-22 09:53:51,795 [eea743f9-1650-4764-952b-70f255484f5c-PipelineCommandHandlerThread-0] INFO  ratis.XceiverServerRatis (XceiverServerRatis.java:addGroup(864)) - Created group PipelineID=c35f43b3-a8fb-4e14-bd9d-b53a8c33f88f
2024-06-22 09:53:51,852 [788200e2-a8c6-41b6-82b9-949d8dd4f2a7-PipelineCommandHandlerThread-0] INFO  server.RaftServer (RaftServerProxy.java:addNew(100)) - 788200e2-a8c6-41b6-82b9-949d8dd4f2a7: addNew group-8EF1D03AC90C:[788200e2-a8c6-41b6-82b9-949d8dd4f2a7|127.0.0.1:15023] returns group-8EF1D03AC90C:java.util.concurrent.CompletableFuture@7c232b6b[Not completed]
2024-06-22 09:53:51,855 [788200e2-a8c6-41b6-82b9-949d8dd4f2a7-groupManagement] INFO  server.RaftServer$Division (RaftServerImpl.java:<init>(256)) - 788200e2-a8c6-41b6-82b9-949d8dd4f2a7: new RaftServerImpl for group-8EF1D03AC90C:[788200e2-a8c6-41b6-82b9-949d8dd4f2a7|127.0.0.1:15023] with ContainerStateMachine:uninitialized
2024-06-22 09:53:51,855 [788200e2-a8c6-41b6-82b9-949d8dd4f2a7-groupManagement] INFO  server.RaftServerConfigKeys (ConfUtils.java:logGet(46)) - raft.server.rpc.timeout.min = 5s (custom)
2024-06-22 09:53:51,855 [788200e2-a8c6-41b6-82b9-949d8dd4f2a7-groupManagement] INFO  server.RaftServerConfigKeys (ConfUtils.java:logGet(46)) - raft.server.rpc.timeout.max = 5200ms (custom)
2024-06-22 09:53:51,855 [788200e2-a8c6-41b6-82b9-949d8dd4f2a7-groupManagement] INFO  server.RaftServerConfigKeys (ConfUtils.java:logGet(46)) - raft.server.rpc.sleep.time = 25ms (default)
2024-06-22 09:53:51,855 [788200e2-a8c6-41b6-82b9-949d8dd4f2a7-groupManagement] INFO  server.RaftServerConfigKeys (ConfUtils.java:logGet(46)) - raft.server.rpc.slowness.timeout = 300s (custom)
2024-06-22 09:53:51,855 [788200e2-a8c6-41b6-82b9-949d8dd4f2a7-groupManagement] INFO  server.RaftServerConfigKeys (ConfUtils.java:logGet(46)) - raft.server.leaderelection.leader.step-down.wait-time = 10s (default)
2024-06-22 09:53:51,855 [788200e2-a8c6-41b6-82b9-949d8dd4f2a7-groupManagement] INFO  server.RaftServerConfigKeys (ConfUtils.java:logGet(46)) - raft.server.leaderelection.member.majority-add = false (default)
2024-06-22 09:53:51,856 [788200e2-a8c6-41b6-82b9-949d8dd4f2a7-groupManagement] INFO  server.RaftServerConfigKeys (ConfUtils.java:logGet(46)) - raft.server.sleep.deviation.threshold = 300ms (default)
2024-06-22 09:53:51,856 [788200e2-a8c6-41b6-82b9-949d8dd4f2a7-groupManagement] INFO  server.RaftServer$Division (ServerState.java:<init>(113)) - 788200e2-a8c6-41b6-82b9-949d8dd4f2a7@group-8EF1D03AC90C: ConfigurationManager, init=-1: peers:[788200e2-a8c6-41b6-82b9-949d8dd4f2a7|127.0.0.1:15023]|listeners:[], old=null, confs=<EMPTY_MAP>
2024-06-22 09:53:51,856 [788200e2-a8c6-41b6-82b9-949d8dd4f2a7-groupManagement] INFO  server.RaftServerConfigKeys (ConfUtils.java:logGet(46)) - raft.server.notification.no-leader.timeout = 300s (custom)
2024-06-22 09:53:51,856 [788200e2-a8c6-41b6-82b9-949d8dd4f2a7-groupManagement] INFO  server.RaftServerConfigKeys (ConfUtils.java:logGet(46)) - raft.server.read.timeout = 10s (default)
2024-06-22 09:53:51,856 [788200e2-a8c6-41b6-82b9-949d8dd4f2a7-groupManagement] INFO  server.RaftServerConfigKeys (ConfUtils.java:logGet(46)) - raft.server.retrycache.expirytime = 600000ms (custom)
2024-06-22 09:53:51,856 [788200e2-a8c6-41b6-82b9-949d8dd4f2a7-groupManagement] INFO  server.RaftServerConfigKeys (ConfUtils.java:logGet(46)) - raft.server.retrycache.statistics.expirytime = 100ms (default)
2024-06-22 09:53:51,856 [788200e2-a8c6-41b6-82b9-949d8dd4f2a7-groupManagement] INFO  server.RaftServerConfigKeys (ConfUtils.java:logGet(46)) - raft.server.read.option = DEFAULT (default)
2024-06-22 09:53:51,856 [788200e2-a8c6-41b6-82b9-949d8dd4f2a7-groupManagement] INFO  server.RaftServerConfigKeys (ConfUtils.java:logGet(46)) - raft.server.read.read-after-write-consistent.write-index-cache.expiry-time = 60s (default)
2024-06-22 09:53:51,860 [788200e2-a8c6-41b6-82b9-949d8dd4f2a7-groupManagement] INFO  server.RaftServerConfigKeys (ConfUtils.java:logGet(46)) - raft.server.rpc.request.timeout = 60s (custom)
2024-06-22 09:53:51,860 [788200e2-a8c6-41b6-82b9-949d8dd4f2a7-groupManagement] INFO  server.RaftServerConfigKeys (ConfUtils.java:logGet(46)) - raft.server.log.appender.install.snapshot.enabled = false (custom)
2024-06-22 09:53:51,860 [788200e2-a8c6-41b6-82b9-949d8dd4f2a7-groupManagement] INFO  server.RaftServerConfigKeys (ConfUtils.java:logGet(46)) - raft.server.threadpool.server.cached = true (default)
2024-06-22 09:53:51,860 [788200e2-a8c6-41b6-82b9-949d8dd4f2a7-groupManagement] INFO  server.RaftServerConfigKeys (ConfUtils.java:logGet(46)) - raft.server.threadpool.server.size = 0 (default)
2024-06-22 09:53:51,861 [788200e2-a8c6-41b6-82b9-949d8dd4f2a7-groupManagement] INFO  server.RaftServerConfigKeys (ConfUtils.java:logGet(46)) - raft.server.threadpool.client.cached = true (default)
2024-06-22 09:53:51,861 [788200e2-a8c6-41b6-82b9-949d8dd4f2a7-groupManagement] INFO  server.RaftServerConfigKeys (ConfUtils.java:logGet(46)) - raft.server.threadpool.client.size = 0 (default)
2024-06-22 09:53:51,861 [788200e2-a8c6-41b6-82b9-949d8dd4f2a7-groupManagement] INFO  server.RaftServerConfigKeys (ConfUtils.java:logGet(46)) - raft.server.storage.free-space.min = 0MB (=0) (default)
2024-06-22 09:53:51,861 [788200e2-a8c6-41b6-82b9-949d8dd4f2a7-groupManagement] INFO  server.RaftServerConfigKeys (ConfUtils.java:logGet(46)) - raft.server.log.corruption.policy = EXCEPTION (default)
2024-06-22 09:53:51,861 [788200e2-a8c6-41b6-82b9-949d8dd4f2a7-groupManagement] INFO  server.RaftServerConfigKeys (ConfUtils.java:logGet(46)) - raft.server.storage.dir = [/home/runner/work/ozone/ozone/hadoop-ozone/integration-test/target/test-dir/MiniOzoneClusterImpl-e30f9212-6642-4e3c-bf74-b445a15ce63f/ozone-meta/datanode-2/ratis] (custom)
2024-06-22 09:53:51,861 [788200e2-a8c6-41b6-82b9-949d8dd4f2a7-groupManagement] INFO  storage.RaftStorageDirectory (RaftStorageDirectoryImpl.java:analyzeStorage(138)) - The storage directory /home/runner/work/ozone/ozone/hadoop-ozone/integration-test/target/test-dir/MiniOzoneClusterImpl-e30f9212-6642-4e3c-bf74-b445a15ce63f/ozone-meta/datanode-2/ratis/e438ddf8-f618-4905-854c-8ef1d03ac90c does not exist. Creating ...
2024-06-22 09:53:51,863 [788200e2-a8c6-41b6-82b9-949d8dd4f2a7-groupManagement] INFO  storage.RaftStorageDirectory (RaftStorageDirectoryImpl.java:tryLock(228)) - Lock on /home/runner/work/ozone/ozone/hadoop-ozone/integration-test/target/test-dir/MiniOzoneClusterImpl-e30f9212-6642-4e3c-bf74-b445a15ce63f/ozone-meta/datanode-2/ratis/e438ddf8-f618-4905-854c-8ef1d03ac90c/in_use.lock acquired by nodename 22061@fv-az660-705
2024-06-22 09:53:51,864 [788200e2-a8c6-41b6-82b9-949d8dd4f2a7-groupManagement] INFO  storage.RaftStorage (RaftStorageImpl.java:format(99)) - Storage directory /home/runner/work/ozone/ozone/hadoop-ozone/integration-test/target/test-dir/MiniOzoneClusterImpl-e30f9212-6642-4e3c-bf74-b445a15ce63f/ozone-meta/datanode-2/ratis/e438ddf8-f618-4905-854c-8ef1d03ac90c has been successfully formatted.
2024-06-22 09:53:51,864 [788200e2-a8c6-41b6-82b9-949d8dd4f2a7-groupManagement] WARN  util.FileUtils (LogUtils.java:supplyAndLog(63)) - Failed to Files.newInputStream /home/runner/work/ozone/ozone/hadoop-ozone/integration-test/target/test-dir/MiniOzoneClusterImpl-e30f9212-6642-4e3c-bf74-b445a15ce63f/ozone-meta/datanode-2/ratis/e438ddf8-f618-4905-854c-8ef1d03ac90c/current/raft-meta.conf with options []: java.nio.file.NoSuchFileException: /home/runner/work/ozone/ozone/hadoop-ozone/integration-test/target/test-dir/MiniOzoneClusterImpl-e30f9212-6642-4e3c-bf74-b445a15ce63f/ozone-meta/datanode-2/ratis/e438ddf8-f618-4905-854c-8ef1d03ac90c/current/raft-meta.conf
2024-06-22 09:53:51,865 [788200e2-a8c6-41b6-82b9-949d8dd4f2a7-groupManagement] INFO  ratis.ContainerStateMachine (ContainerStateMachine.java:loadSnapshot(287)) - group-8EF1D03AC90C: The snapshot info is null. Setting the last applied index to:(t:0, i:~)
2024-06-22 09:53:51,865 [788200e2-a8c6-41b6-82b9-949d8dd4f2a7-groupManagement] INFO  server.RaftServerConfigKeys (ConfUtils.java:logGet(46)) - raft.server.log.use.memory = false (default)
2024-06-22 09:53:51,865 [788200e2-a8c6-41b6-82b9-949d8dd4f2a7-groupManagement] INFO  server.RaftServerConfigKeys (ConfUtils.java:logGet(46)) - raft.server.log.purge.gap = 1000000 (custom)
2024-06-22 09:53:51,865 [788200e2-a8c6-41b6-82b9-949d8dd4f2a7-groupManagement] INFO  server.RaftServerConfigKeys (ConfUtils.java:logGet(46)) - raft.server.log.appender.buffer.byte-limit = 8388608 (custom)
2024-06-22 09:53:51,865 [788200e2-a8c6-41b6-82b9-949d8dd4f2a7-groupManagement] INFO  server.RaftServerConfigKeys (ConfUtils.java:logGet(46)) - raft.server.log.statemachine.data.read.timeout = 1000ms (default)
2024-06-22 09:53:51,865 [788200e2-a8c6-41b6-82b9-949d8dd4f2a7-groupManagement] INFO  server.RaftServerConfigKeys (ConfUtils.java:logGet(46)) - raft.server.log.purge.preservation.log.num = 0 (default)
2024-06-22 09:53:51,867 [788200e2-a8c6-41b6-82b9-949d8dd4f2a7-groupManagement] INFO  server.RaftServerConfigKeys (ConfUtils.java:logGet(46)) - raft.server.log.segment.size.max = 67108864 (custom)
2024-06-22 09:53:51,867 [EventQueue-PipelineReportForPipelineReportHandler] INFO  pipeline.PipelineReportHandler (PipelineReportHandler.java:processPipelineReport(136)) - Opened pipeline PipelineID=e438ddf8-f618-4905-854c-8ef1d03ac90c
2024-06-22 09:53:51,868 [EventQueue-OpenPipelineForHealthyPipelineSafeModeRule] INFO  safemode.SCMSafeModeManager (HealthyPipelineSafeModeRule.java:process(140)) - SCM in safe mode. Healthy pipelines reported count is 0, required healthy pipeline reported count is 1
2024-06-22 09:53:51,868 [788200e2-a8c6-41b6-82b9-949d8dd4f2a7-groupManagement] INFO  server.RaftServerConfigKeys (ConfUtils.java:logGet(46)) - raft.server.log.segment.cache.num.max = 2 (custom)
2024-06-22 09:53:51,868 [788200e2-a8c6-41b6-82b9-949d8dd4f2a7-groupManagement] INFO  server.RaftServerConfigKeys (ConfUtils.java:logGet(46)) - raft.server.log.segment.cache.size.max = 200MB (=209715200) (default)
2024-06-22 09:53:51,868 [788200e2-a8c6-41b6-82b9-949d8dd4f2a7-groupManagement] INFO  server.RaftServerConfigKeys (ConfUtils.java:logGet(46)) - raft.server.log.appender.buffer.byte-limit = 8388608 (custom)
2024-06-22 09:53:51,868 [788200e2-a8c6-41b6-82b9-949d8dd4f2a7-groupManagement] INFO  util.AwaitToRun (AwaitToRun.java:start(81)) - Thread[788200e2-a8c6-41b6-82b9-949d8dd4f2a7@group-8EF1D03AC90C-cacheEviction-AwaitToRun,5,main] started
2024-06-22 09:53:51,868 [788200e2-a8c6-41b6-82b9-949d8dd4f2a7-groupManagement] INFO  segmented.SegmentedRaftLogWorker (SegmentedRaftLogWorker.java:<init>(182)) - new 788200e2-a8c6-41b6-82b9-949d8dd4f2a7@group-8EF1D03AC90C-SegmentedRaftLogWorker for RaftStorageImpl:Storage Directory /home/runner/work/ozone/ozone/hadoop-ozone/integration-test/target/test-dir/MiniOzoneClusterImpl-e30f9212-6642-4e3c-bf74-b445a15ce63f/ozone-meta/datanode-2/ratis/e438ddf8-f618-4905-854c-8ef1d03ac90c
2024-06-22 09:53:51,868 [788200e2-a8c6-41b6-82b9-949d8dd4f2a7-groupManagement] INFO  server.RaftServerConfigKeys (ConfUtils.java:logGet(46)) - raft.server.log.queue.byte-limit = 4294967296 (custom)
2024-06-22 09:53:51,868 [788200e2-a8c6-41b6-82b9-949d8dd4f2a7-groupManagement] INFO  server.RaftServerConfigKeys (ConfUtils.java:logGet(46)) - raft.server.log.queue.element-limit = 1024 (custom)
2024-06-22 09:53:51,869 [788200e2-a8c6-41b6-82b9-949d8dd4f2a7-groupManagement] INFO  server.RaftServerConfigKeys (ConfUtils.java:logGet(46)) - raft.server.log.segment.size.max = 67108864 (custom)
2024-06-22 09:53:51,869 [788200e2-a8c6-41b6-82b9-949d8dd4f2a7-groupManagement] INFO  server.RaftServerConfigKeys (ConfUtils.java:logGet(46)) - raft.server.log.preallocated.size = 4194304 (custom)
2024-06-22 09:53:51,869 [788200e2-a8c6-41b6-82b9-949d8dd4f2a7-groupManagement] INFO  server.RaftServerConfigKeys (ConfUtils.java:logGet(46)) - raft.server.log.force.sync.num = 128 (default)
2024-06-22 09:53:51,869 [788200e2-a8c6-41b6-82b9-949d8dd4f2a7-groupManagement] INFO  server.RaftServerConfigKeys (ConfUtils.java:logGet(46)) - raft.server.log.statemachine.data.sync = true (default)
2024-06-22 09:53:51,869 [788200e2-a8c6-41b6-82b9-949d8dd4f2a7-groupManagement] INFO  server.RaftServerConfigKeys (ConfUtils.java:logGet(46)) - raft.server.log.statemachine.data.sync.timeout = 10s (default)
2024-06-22 09:53:51,869 [788200e2-a8c6-41b6-82b9-949d8dd4f2a7-groupManagement] INFO  server.RaftServerConfigKeys (ConfUtils.java:logGet(46)) - raft.server.log.statemachine.data.sync.timeout.retry = 30 (custom)
2024-06-22 09:53:51,869 [788200e2-a8c6-41b6-82b9-949d8dd4f2a7-groupManagement] INFO  server.RaftServerConfigKeys (ConfUtils.java:logGet(46)) - raft.server.log.write.buffer.size = 8388616 (custom)
2024-06-22 09:53:51,871 [788200e2-a8c6-41b6-82b9-949d8dd4f2a7-groupManagement] INFO  server.RaftServerConfigKeys (ConfUtils.java:logGet(46)) - raft.server.log.appender.buffer.byte-limit = 8388608 (custom)
2024-06-22 09:53:51,871 [788200e2-a8c6-41b6-82b9-949d8dd4f2a7-groupManagement] INFO  server.RaftServerConfigKeys (ConfUtils.java:logGet(46)) - raft.server.log.unsafe-flush.enabled = false (default)
2024-06-22 09:53:51,872 [788200e2-a8c6-41b6-82b9-949d8dd4f2a7-groupManagement] INFO  server.RaftServerConfigKeys (ConfUtils.java:logGet(46)) - raft.server.log.async-flush.enabled = false (default)
2024-06-22 09:53:51,872 [788200e2-a8c6-41b6-82b9-949d8dd4f2a7-groupManagement] INFO  server.RaftServerConfigKeys (ConfUtils.java:logGet(46)) - raft.server.log.statemachine.data.caching.enabled = true (custom)
2024-06-22 09:53:51,872 [788200e2-a8c6-41b6-82b9-949d8dd4f2a7-groupManagement] INFO  segmented.SegmentedRaftLogWorker (SegmentedRaftLogWorker.java:lambda$new$0(134)) - 788200e2-a8c6-41b6-82b9-949d8dd4f2a7@group-8EF1D03AC90C-SegmentedRaftLogWorker: flushIndex: setUnconditionally 0 -> -1
2024-06-22 09:53:51,872 [788200e2-a8c6-41b6-82b9-949d8dd4f2a7-groupManagement] INFO  segmented.SegmentedRaftLogWorker (SegmentedRaftLogWorker.java:lambda$new$0(134)) - 788200e2-a8c6-41b6-82b9-949d8dd4f2a7@group-8EF1D03AC90C-SegmentedRaftLogWorker: safeCacheEvictIndex: setUnconditionally 0 -> -1
2024-06-22 09:53:51,872 [788200e2-a8c6-41b6-82b9-949d8dd4f2a7-groupManagement] INFO  server.RaftServer$Division (RaftServerImpl.java:start(396)) - 788200e2-a8c6-41b6-82b9-949d8dd4f2a7@group-8EF1D03AC90C: start as a follower, conf=-1: peers:[788200e2-a8c6-41b6-82b9-949d8dd4f2a7|127.0.0.1:15023]|listeners:[], old=null
2024-06-22 09:53:51,872 [788200e2-a8c6-41b6-82b9-949d8dd4f2a7-groupManagement] INFO  server.RaftServer$Division (RaftServerImpl.java:setRole(383)) - 788200e2-a8c6-41b6-82b9-949d8dd4f2a7@group-8EF1D03AC90C: changes role from      null to FOLLOWER at term 0 for startAsFollower
2024-06-22 09:53:51,872 [788200e2-a8c6-41b6-82b9-949d8dd4f2a7-groupManagement] INFO  impl.RoleInfo (RoleInfo.java:updateAndGet(139)) - 788200e2-a8c6-41b6-82b9-949d8dd4f2a7: start 788200e2-a8c6-41b6-82b9-949d8dd4f2a7@group-8EF1D03AC90C-FollowerState
2024-06-22 09:53:51,873 [788200e2-a8c6-41b6-82b9-949d8dd4f2a7-groupManagement] INFO  util.JmxRegister (JmxRegister.java:tryRegister(44)) - Successfully registered JMX Bean with object name Ratis:service=RaftServer,group=group-8EF1D03AC90C,id=788200e2-a8c6-41b6-82b9-949d8dd4f2a7
2024-06-22 09:53:51,873 [788200e2-a8c6-41b6-82b9-949d8dd4f2a7-groupManagement] INFO  server.RaftServerConfigKeys (ConfUtils.java:logGet(46)) - raft.server.snapshot.trigger-when-stop.enabled = true (default)
2024-06-22 09:53:51,873 [788200e2-a8c6-41b6-82b9-949d8dd4f2a7-groupManagement] INFO  server.RaftServerConfigKeys (ConfUtils.java:logGet(46)) - raft.server.snapshot.auto.trigger.enabled = true (custom)
2024-06-22 09:53:51,873 [788200e2-a8c6-41b6-82b9-949d8dd4f2a7-groupManagement] INFO  server.RaftServerConfigKeys (ConfUtils.java:logGet(46)) - raft.server.snapshot.auto.trigger.threshold = 10000 (custom)
2024-06-22 09:53:51,873 [788200e2-a8c6-41b6-82b9-949d8dd4f2a7-groupManagement] INFO  server.RaftServerConfigKeys (ConfUtils.java:logGet(46)) - raft.server.snapshot.retention.file.num = 5 (custom)
2024-06-22 09:53:51,873 [788200e2-a8c6-41b6-82b9-949d8dd4f2a7-groupManagement] INFO  server.RaftServerConfigKeys (ConfUtils.java:logGet(46)) - raft.server.log.purge.upto.snapshot.index = false (default)
2024-06-22 09:53:51,874 [788200e2-a8c6-41b6-82b9-949d8dd4f2a7@group-8EF1D03AC90C-FollowerState] INFO  server.RaftServerConfigKeys (ConfUtils.java:logFallback(53)) - raft.server.rpc.first-election.timeout.min = 5s (fallback to raft.server.rpc.timeout.min)
2024-06-22 09:53:51,874 [788200e2-a8c6-41b6-82b9-949d8dd4f2a7@group-8EF1D03AC90C-FollowerState] INFO  server.RaftServerConfigKeys (ConfUtils.java:logFallback(53)) - raft.server.rpc.first-election.timeout.max = 5200ms (fallback to raft.server.rpc.timeout.max)
2024-06-22 09:53:51,874 [788200e2-a8c6-41b6-82b9-949d8dd4f2a7-PipelineCommandHandlerThread-0] INFO  ratis.XceiverServerRatis (XceiverServerRatis.java:addGroup(864)) - Created group PipelineID=e438ddf8-f618-4905-854c-8ef1d03ac90c
2024-06-22 09:53:51,874 [788200e2-a8c6-41b6-82b9-949d8dd4f2a7-PipelineCommandHandlerThread-0] INFO  commandhandler.CreatePipelineCommandHandler (CreatePipelineCommandHandler.java:lambda$handle$2(124)) - Created Pipeline RATIS ONE PipelineID=e438ddf8-f618-4905-854c-8ef1d03ac90c.
2024-06-22 09:53:51,875 [788200e2-a8c6-41b6-82b9-949d8dd4f2a7-PipelineCommandHandlerThread-0] INFO  server.RaftServer (RaftServerProxy.java:addNew(100)) - 788200e2-a8c6-41b6-82b9-949d8dd4f2a7: addNew group-B53A8C33F88F:[eea743f9-1650-4764-952b-70f255484f5c|127.0.0.1:15014, 788200e2-a8c6-41b6-82b9-949d8dd4f2a7|127.0.0.1:15023, 56d91bac-b32b-4010-a6ee-ca8fb4d6f013|127.0.0.1:15032] returns group-B53A8C33F88F:java.util.concurrent.CompletableFuture@781cb037[Not completed]
2024-06-22 09:53:51,876 [788200e2-a8c6-41b6-82b9-949d8dd4f2a7-groupManagement] INFO  server.RaftServer$Division (RaftServerImpl.java:<init>(256)) - 788200e2-a8c6-41b6-82b9-949d8dd4f2a7: new RaftServerImpl for group-B53A8C33F88F:[eea743f9-1650-4764-952b-70f255484f5c|127.0.0.1:15014, 788200e2-a8c6-41b6-82b9-949d8dd4f2a7|127.0.0.1:15023, 56d91bac-b32b-4010-a6ee-ca8fb4d6f013|127.0.0.1:15032] with ContainerStateMachine:uninitialized
2024-06-22 09:53:51,876 [788200e2-a8c6-41b6-82b9-949d8dd4f2a7-groupManagement] INFO  server.RaftServerConfigKeys (ConfUtils.java:logGet(46)) - raft.server.rpc.timeout.min = 5s (custom)
2024-06-22 09:53:51,876 [788200e2-a8c6-41b6-82b9-949d8dd4f2a7-groupManagement] INFO  server.RaftServerConfigKeys (ConfUtils.java:logGet(46)) - raft.server.rpc.timeout.max = 5200ms (custom)
2024-06-22 09:53:51,877 [788200e2-a8c6-41b6-82b9-949d8dd4f2a7-groupManagement] INFO  server.RaftServerConfigKeys (ConfUtils.java:logGet(46)) - raft.server.rpc.sleep.time = 25ms (default)
2024-06-22 09:53:51,877 [788200e2-a8c6-41b6-82b9-949d8dd4f2a7-groupManagement] INFO  server.RaftServerConfigKeys (ConfUtils.java:logGet(46)) - raft.server.rpc.slowness.timeout = 300s (custom)
2024-06-22 09:53:51,877 [788200e2-a8c6-41b6-82b9-949d8dd4f2a7-groupManagement] INFO  server.RaftServerConfigKeys (ConfUtils.java:logGet(46)) - raft.server.leaderelection.leader.step-down.wait-time = 10s (default)
2024-06-22 09:53:51,877 [788200e2-a8c6-41b6-82b9-949d8dd4f2a7-groupManagement] INFO  server.RaftServerConfigKeys (ConfUtils.java:logGet(46)) - raft.server.leaderelection.member.majority-add = false (default)
2024-06-22 09:53:51,877 [788200e2-a8c6-41b6-82b9-949d8dd4f2a7-groupManagement] INFO  server.RaftServerConfigKeys (ConfUtils.java:logGet(46)) - raft.server.sleep.deviation.threshold = 300ms (default)
2024-06-22 09:53:51,877 [788200e2-a8c6-41b6-82b9-949d8dd4f2a7-groupManagement] INFO  server.RaftServer$Division (ServerState.java:<init>(113)) - 788200e2-a8c6-41b6-82b9-949d8dd4f2a7@group-B53A8C33F88F: ConfigurationManager, init=-1: peers:[eea743f9-1650-4764-952b-70f255484f5c|127.0.0.1:15014, 788200e2-a8c6-41b6-82b9-949d8dd4f2a7|127.0.0.1:15023, 56d91bac-b32b-4010-a6ee-ca8fb4d6f013|127.0.0.1:15032]|listeners:[], old=null, confs=<EMPTY_MAP>
2024-06-22 09:53:51,877 [788200e2-a8c6-41b6-82b9-949d8dd4f2a7-groupManagement] INFO  server.RaftServerConfigKeys (ConfUtils.java:logGet(46)) - raft.server.notification.no-leader.timeout = 300s (custom)
2024-06-22 09:53:51,877 [788200e2-a8c6-41b6-82b9-949d8dd4f2a7-groupManagement] INFO  server.RaftServerConfigKeys (ConfUtils.java:logGet(46)) - raft.server.read.timeout = 10s (default)
2024-06-22 09:53:51,877 [788200e2-a8c6-41b6-82b9-949d8dd4f2a7-groupManagement] INFO  server.RaftServerConfigKeys (ConfUtils.java:logGet(46)) - raft.server.retrycache.expirytime = 600000ms (custom)
2024-06-22 09:53:51,877 [788200e2-a8c6-41b6-82b9-949d8dd4f2a7-groupManagement] INFO  server.RaftServerConfigKeys (ConfUtils.java:logGet(46)) - raft.server.retrycache.statistics.expirytime = 100ms (default)
2024-06-22 09:53:51,877 [788200e2-a8c6-41b6-82b9-949d8dd4f2a7-groupManagement] INFO  server.RaftServerConfigKeys (ConfUtils.java:logGet(46)) - raft.server.read.option = DEFAULT (default)
2024-06-22 09:53:51,877 [788200e2-a8c6-41b6-82b9-949d8dd4f2a7-groupManagement] INFO  server.RaftServerConfigKeys (ConfUtils.java:logGet(46)) - raft.server.read.read-after-write-consistent.write-index-cache.expiry-time = 60s (default)
2024-06-22 09:53:51,881 [788200e2-a8c6-41b6-82b9-949d8dd4f2a7-groupManagement] INFO  server.RaftServerConfigKeys (ConfUtils.java:logGet(46)) - raft.server.rpc.request.timeout = 60s (custom)
2024-06-22 09:53:51,881 [788200e2-a8c6-41b6-82b9-949d8dd4f2a7-groupManagement] INFO  server.RaftServerConfigKeys (ConfUtils.java:logGet(46)) - raft.server.log.appender.install.snapshot.enabled = false (custom)
2024-06-22 09:53:51,881 [788200e2-a8c6-41b6-82b9-949d8dd4f2a7-groupManagement] INFO  server.RaftServerConfigKeys (ConfUtils.java:logGet(46)) - raft.server.threadpool.server.cached = true (default)
2024-06-22 09:53:51,881 [788200e2-a8c6-41b6-82b9-949d8dd4f2a7-groupManagement] INFO  server.RaftServerConfigKeys (ConfUtils.java:logGet(46)) - raft.server.threadpool.server.size = 0 (default)
2024-06-22 09:53:51,881 [788200e2-a8c6-41b6-82b9-949d8dd4f2a7-groupManagement] INFO  server.RaftServerConfigKeys (ConfUtils.java:logGet(46)) - raft.server.threadpool.client.cached = true (default)
2024-06-22 09:53:51,881 [788200e2-a8c6-41b6-82b9-949d8dd4f2a7-groupManagement] INFO  server.RaftServerConfigKeys (ConfUtils.java:logGet(46)) - raft.server.threadpool.client.size = 0 (default)
2024-06-22 09:53:51,881 [788200e2-a8c6-41b6-82b9-949d8dd4f2a7-groupManagement] INFO  server.RaftServerConfigKeys (ConfUtils.java:logGet(46)) - raft.server.storage.free-space.min = 0MB (=0) (default)
2024-06-22 09:53:51,882 [788200e2-a8c6-41b6-82b9-949d8dd4f2a7-groupManagement] INFO  server.RaftServerConfigKeys (ConfUtils.java:logGet(46)) - raft.server.log.corruption.policy = EXCEPTION (default)
2024-06-22 09:53:51,882 [788200e2-a8c6-41b6-82b9-949d8dd4f2a7-groupManagement] INFO  server.RaftServerConfigKeys (ConfUtils.java:logGet(46)) - raft.server.storage.dir = [/home/runner/work/ozone/ozone/hadoop-ozone/integration-test/target/test-dir/MiniOzoneClusterImpl-e30f9212-6642-4e3c-bf74-b445a15ce63f/ozone-meta/datanode-2/ratis] (custom)
2024-06-22 09:53:51,882 [788200e2-a8c6-41b6-82b9-949d8dd4f2a7-groupManagement] INFO  storage.RaftStorageDirectory (RaftStorageDirectoryImpl.java:analyzeStorage(138)) - The storage directory /home/runner/work/ozone/ozone/hadoop-ozone/integration-test/target/test-dir/MiniOzoneClusterImpl-e30f9212-6642-4e3c-bf74-b445a15ce63f/ozone-meta/datanode-2/ratis/c35f43b3-a8fb-4e14-bd9d-b53a8c33f88f does not exist. Creating ...
2024-06-22 09:53:51,883 [788200e2-a8c6-41b6-82b9-949d8dd4f2a7-groupManagement] INFO  storage.RaftStorageDirectory (RaftStorageDirectoryImpl.java:tryLock(228)) - Lock on /home/runner/work/ozone/ozone/hadoop-ozone/integration-test/target/test-dir/MiniOzoneClusterImpl-e30f9212-6642-4e3c-bf74-b445a15ce63f/ozone-meta/datanode-2/ratis/c35f43b3-a8fb-4e14-bd9d-b53a8c33f88f/in_use.lock acquired by nodename 22061@fv-az660-705
2024-06-22 09:53:51,884 [788200e2-a8c6-41b6-82b9-949d8dd4f2a7-groupManagement] INFO  storage.RaftStorage (RaftStorageImpl.java:format(99)) - Storage directory /home/runner/work/ozone/ozone/hadoop-ozone/integration-test/target/test-dir/MiniOzoneClusterImpl-e30f9212-6642-4e3c-bf74-b445a15ce63f/ozone-meta/datanode-2/ratis/c35f43b3-a8fb-4e14-bd9d-b53a8c33f88f has been successfully formatted.
2024-06-22 09:53:51,884 [788200e2-a8c6-41b6-82b9-949d8dd4f2a7-groupManagement] WARN  util.FileUtils (LogUtils.java:supplyAndLog(63)) - Failed to Files.newInputStream /home/runner/work/ozone/ozone/hadoop-ozone/integration-test/target/test-dir/MiniOzoneClusterImpl-e30f9212-6642-4e3c-bf74-b445a15ce63f/ozone-meta/datanode-2/ratis/c35f43b3-a8fb-4e14-bd9d-b53a8c33f88f/current/raft-meta.conf with options []: java.nio.file.NoSuchFileException: /home/runner/work/ozone/ozone/hadoop-ozone/integration-test/target/test-dir/MiniOzoneClusterImpl-e30f9212-6642-4e3c-bf74-b445a15ce63f/ozone-meta/datanode-2/ratis/c35f43b3-a8fb-4e14-bd9d-b53a8c33f88f/current/raft-meta.conf
2024-06-22 09:53:51,884 [788200e2-a8c6-41b6-82b9-949d8dd4f2a7-groupManagement] INFO  ratis.ContainerStateMachine (ContainerStateMachine.java:loadSnapshot(287)) - group-B53A8C33F88F: The snapshot info is null. Setting the last applied index to:(t:0, i:~)
2024-06-22 09:53:51,884 [788200e2-a8c6-41b6-82b9-949d8dd4f2a7-groupManagement] INFO  server.RaftServerConfigKeys (ConfUtils.java:logGet(46)) - raft.server.log.use.memory = false (default)
2024-06-22 09:53:51,884 [788200e2-a8c6-41b6-82b9-949d8dd4f2a7-groupManagement] INFO  server.RaftServerConfigKeys (ConfUtils.java:logGet(46)) - raft.server.log.purge.gap = 1000000 (custom)
2024-06-22 09:53:51,885 [788200e2-a8c6-41b6-82b9-949d8dd4f2a7-groupManagement] INFO  server.RaftServerConfigKeys (ConfUtils.java:logGet(46)) - raft.server.log.appender.buffer.byte-limit = 8388608 (custom)
2024-06-22 09:53:51,885 [788200e2-a8c6-41b6-82b9-949d8dd4f2a7-groupManagement] INFO  server.RaftServerConfigKeys (ConfUtils.java:logGet(46)) - raft.server.log.statemachine.data.read.timeout = 1000ms (default)
2024-06-22 09:53:51,885 [788200e2-a8c6-41b6-82b9-949d8dd4f2a7-groupManagement] INFO  server.RaftServerConfigKeys (ConfUtils.java:logGet(46)) - raft.server.log.purge.preservation.log.num = 0 (default)
2024-06-22 09:53:51,886 [EventQueue-OpenPipelineForHealthyPipelineSafeModeRule] INFO  safemode.SCMSafeModeManager (HealthyPipelineSafeModeRule.java:process(140)) - SCM in safe mode. Healthy pipelines reported count is 0, required healthy pipeline reported count is 1
2024-06-22 09:53:51,887 [788200e2-a8c6-41b6-82b9-949d8dd4f2a7-groupManagement] INFO  server.RaftServerConfigKeys (ConfUtils.java:logGet(46)) - raft.server.log.segment.size.max = 67108864 (custom)
2024-06-22 09:53:51,887 [788200e2-a8c6-41b6-82b9-949d8dd4f2a7-groupManagement] INFO  server.RaftServerConfigKeys (ConfUtils.java:logGet(46)) - raft.server.log.segment.cache.num.max = 2 (custom)
2024-06-22 09:53:51,887 [788200e2-a8c6-41b6-82b9-949d8dd4f2a7-groupManagement] INFO  server.RaftServerConfigKeys (ConfUtils.java:logGet(46)) - raft.server.log.segment.cache.size.max = 200MB (=209715200) (default)
2024-06-22 09:53:51,887 [788200e2-a8c6-41b6-82b9-949d8dd4f2a7-groupManagement] INFO  server.RaftServerConfigKeys (ConfUtils.java:logGet(46)) - raft.server.log.appender.buffer.byte-limit = 8388608 (custom)
2024-06-22 09:53:51,887 [788200e2-a8c6-41b6-82b9-949d8dd4f2a7-groupManagement] INFO  util.AwaitToRun (AwaitToRun.java:start(81)) - Thread[788200e2-a8c6-41b6-82b9-949d8dd4f2a7@group-B53A8C33F88F-cacheEviction-AwaitToRun,5,main] started
2024-06-22 09:53:51,888 [788200e2-a8c6-41b6-82b9-949d8dd4f2a7-groupManagement] INFO  segmented.SegmentedRaftLogWorker (SegmentedRaftLogWorker.java:<init>(182)) - new 788200e2-a8c6-41b6-82b9-949d8dd4f2a7@group-B53A8C33F88F-SegmentedRaftLogWorker for RaftStorageImpl:Storage Directory /home/runner/work/ozone/ozone/hadoop-ozone/integration-test/target/test-dir/MiniOzoneClusterImpl-e30f9212-6642-4e3c-bf74-b445a15ce63f/ozone-meta/datanode-2/ratis/c35f43b3-a8fb-4e14-bd9d-b53a8c33f88f
2024-06-22 09:53:51,888 [788200e2-a8c6-41b6-82b9-949d8dd4f2a7-groupManagement] INFO  server.RaftServerConfigKeys (ConfUtils.java:logGet(46)) - raft.server.log.queue.byte-limit = 4294967296 (custom)
2024-06-22 09:53:51,888 [788200e2-a8c6-41b6-82b9-949d8dd4f2a7-groupManagement] INFO  server.RaftServerConfigKeys (ConfUtils.java:logGet(46)) - raft.server.log.queue.element-limit = 1024 (custom)
2024-06-22 09:53:51,888 [788200e2-a8c6-41b6-82b9-949d8dd4f2a7-groupManagement] INFO  server.RaftServerConfigKeys (ConfUtils.java:logGet(46)) - raft.server.log.segment.size.max = 67108864 (custom)
2024-06-22 09:53:51,888 [788200e2-a8c6-41b6-82b9-949d8dd4f2a7-groupManagement] INFO  server.RaftServerConfigKeys (ConfUtils.java:logGet(46)) - raft.server.log.preallocated.size = 4194304 (custom)
2024-06-22 09:53:51,888 [788200e2-a8c6-41b6-82b9-949d8dd4f2a7-groupManagement] INFO  server.RaftServerConfigKeys (ConfUtils.java:logGet(46)) - raft.server.log.force.sync.num = 128 (default)
2024-06-22 09:53:51,888 [788200e2-a8c6-41b6-82b9-949d8dd4f2a7-groupManagement] INFO  server.RaftServerConfigKeys (ConfUtils.java:logGet(46)) - raft.server.log.statemachine.data.sync = true (default)
2024-06-22 09:53:51,888 [788200e2-a8c6-41b6-82b9-949d8dd4f2a7-groupManagement] INFO  server.RaftServerConfigKeys (ConfUtils.java:logGet(46)) - raft.server.log.statemachine.data.sync.timeout = 10s (default)
2024-06-22 09:53:51,888 [788200e2-a8c6-41b6-82b9-949d8dd4f2a7-groupManagement] INFO  server.RaftServerConfigKeys (ConfUtils.java:logGet(46)) - raft.server.log.statemachine.data.sync.timeout.retry = 30 (custom)
2024-06-22 09:53:51,889 [788200e2-a8c6-41b6-82b9-949d8dd4f2a7-groupManagement] INFO  server.RaftServerConfigKeys (ConfUtils.java:logGet(46)) - raft.server.log.write.buffer.size = 8388616 (custom)
2024-06-22 09:53:51,891 [788200e2-a8c6-41b6-82b9-949d8dd4f2a7-groupManagement] INFO  server.RaftServerConfigKeys (ConfUtils.java:logGet(46)) - raft.server.log.appender.buffer.byte-limit = 8388608 (custom)
2024-06-22 09:53:51,891 [788200e2-a8c6-41b6-82b9-949d8dd4f2a7-groupManagement] INFO  server.RaftServerConfigKeys (ConfUtils.java:logGet(46)) - raft.server.log.unsafe-flush.enabled = false (default)
2024-06-22 09:53:51,891 [788200e2-a8c6-41b6-82b9-949d8dd4f2a7-groupManagement] INFO  server.RaftServerConfigKeys (ConfUtils.java:logGet(46)) - raft.server.log.async-flush.enabled = false (default)
2024-06-22 09:53:51,891 [788200e2-a8c6-41b6-82b9-949d8dd4f2a7-groupManagement] INFO  server.RaftServerConfigKeys (ConfUtils.java:logGet(46)) - raft.server.log.statemachine.data.caching.enabled = true (custom)
2024-06-22 09:53:51,891 [788200e2-a8c6-41b6-82b9-949d8dd4f2a7-groupManagement] INFO  segmented.SegmentedRaftLogWorker (SegmentedRaftLogWorker.java:lambda$new$0(134)) - 788200e2-a8c6-41b6-82b9-949d8dd4f2a7@group-B53A8C33F88F-SegmentedRaftLogWorker: flushIndex: setUnconditionally 0 -> -1
2024-06-22 09:53:51,891 [788200e2-a8c6-41b6-82b9-949d8dd4f2a7-groupManagement] INFO  segmented.SegmentedRaftLogWorker (SegmentedRaftLogWorker.java:lambda$new$0(134)) - 788200e2-a8c6-41b6-82b9-949d8dd4f2a7@group-B53A8C33F88F-SegmentedRaftLogWorker: safeCacheEvictIndex: setUnconditionally 0 -> -1
2024-06-22 09:53:51,891 [788200e2-a8c6-41b6-82b9-949d8dd4f2a7-groupManagement] INFO  server.RaftServer$Division (RaftServerImpl.java:start(396)) - 788200e2-a8c6-41b6-82b9-949d8dd4f2a7@group-B53A8C33F88F: start as a follower, conf=-1: peers:[eea743f9-1650-4764-952b-70f255484f5c|127.0.0.1:15014, 788200e2-a8c6-41b6-82b9-949d8dd4f2a7|127.0.0.1:15023, 56d91bac-b32b-4010-a6ee-ca8fb4d6f013|127.0.0.1:15032]|listeners:[], old=null
2024-06-22 09:53:51,891 [788200e2-a8c6-41b6-82b9-949d8dd4f2a7-groupManagement] INFO  server.RaftServer$Division (RaftServerImpl.java:setRole(383)) - 788200e2-a8c6-41b6-82b9-949d8dd4f2a7@group-B53A8C33F88F: changes role from      null to FOLLOWER at term 0 for startAsFollower
2024-06-22 09:53:51,892 [788200e2-a8c6-41b6-82b9-949d8dd4f2a7-groupManagement] INFO  impl.RoleInfo (RoleInfo.java:updateAndGet(139)) - 788200e2-a8c6-41b6-82b9-949d8dd4f2a7: start 788200e2-a8c6-41b6-82b9-949d8dd4f2a7@group-B53A8C33F88F-FollowerState
2024-06-22 09:53:51,894 [788200e2-a8c6-41b6-82b9-949d8dd4f2a7-groupManagement] INFO  util.JmxRegister (JmxRegister.java:tryRegister(44)) - Successfully registered JMX Bean with object name Ratis:service=RaftServer,group=group-B53A8C33F88F,id=788200e2-a8c6-41b6-82b9-949d8dd4f2a7
2024-06-22 09:53:51,894 [788200e2-a8c6-41b6-82b9-949d8dd4f2a7-groupManagement] INFO  server.RaftServerConfigKeys (ConfUtils.java:logGet(46)) - raft.server.snapshot.trigger-when-stop.enabled = true (default)
2024-06-22 09:53:51,894 [788200e2-a8c6-41b6-82b9-949d8dd4f2a7-groupManagement] INFO  server.RaftServerConfigKeys (ConfUtils.java:logGet(46)) - raft.server.snapshot.auto.trigger.enabled = true (custom)
2024-06-22 09:53:51,894 [788200e2-a8c6-41b6-82b9-949d8dd4f2a7-groupManagement] INFO  server.RaftServerConfigKeys (ConfUtils.java:logGet(46)) - raft.server.snapshot.auto.trigger.threshold = 10000 (custom)
2024-06-22 09:53:51,894 [788200e2-a8c6-41b6-82b9-949d8dd4f2a7-groupManagement] INFO  server.RaftServerConfigKeys (ConfUtils.java:logGet(46)) - raft.server.snapshot.retention.file.num = 5 (custom)
2024-06-22 09:53:51,895 [788200e2-a8c6-41b6-82b9-949d8dd4f2a7-groupManagement] INFO  server.RaftServerConfigKeys (ConfUtils.java:logGet(46)) - raft.server.log.purge.upto.snapshot.index = false (default)
2024-06-22 09:53:51,895 [788200e2-a8c6-41b6-82b9-949d8dd4f2a7-PipelineCommandHandlerThread-0] INFO  ratis.XceiverServerRatis (XceiverServerRatis.java:addGroup(864)) - Created group PipelineID=c35f43b3-a8fb-4e14-bd9d-b53a8c33f88f
2024-06-22 09:53:51,899 [788200e2-a8c6-41b6-82b9-949d8dd4f2a7@group-B53A8C33F88F-FollowerState] INFO  server.RaftServerConfigKeys (ConfUtils.java:logFallback(53)) - raft.server.rpc.first-election.timeout.min = 5s (fallback to raft.server.rpc.timeout.min)
2024-06-22 09:53:51,899 [788200e2-a8c6-41b6-82b9-949d8dd4f2a7@group-B53A8C33F88F-FollowerState] INFO  server.RaftServerConfigKeys (ConfUtils.java:logFallback(53)) - raft.server.rpc.first-election.timeout.max = 5200ms (fallback to raft.server.rpc.timeout.max)
2024-06-22 09:53:51,948 [56d91bac-b32b-4010-a6ee-ca8fb4d6f013-PipelineCommandHandlerThread-0] INFO  server.RaftServer (RaftServerProxy.java:addNew(100)) - 56d91bac-b32b-4010-a6ee-ca8fb4d6f013: addNew group-0FB974D50062:[56d91bac-b32b-4010-a6ee-ca8fb4d6f013|127.0.0.1:15032] returns group-0FB974D50062:java.util.concurrent.CompletableFuture@15fae110[Not completed]
2024-06-22 09:53:51,950 [main] INFO  ozone.MiniOzoneClusterImpl (MiniOzoneClusterImpl.java:lambda$waitForClusterToBeReady$0(194)) - Nodes are ready. Got 3 of 3 DN Heartbeats.
2024-06-22 09:53:51,950 [main] INFO  ozone.MiniOzoneClusterImpl (MiniOzoneClusterImpl.java:lambda$waitForClusterToBeReady$0(197)) - Waiting for cluster to exit safe mode
2024-06-22 09:53:51,950 [main] INFO  ozone.MiniOzoneClusterImpl (MiniOzoneClusterImpl.java:lambda$waitForClusterToBeReady$0(199)) - SCM became leader
2024-06-22 09:53:51,952 [56d91bac-b32b-4010-a6ee-ca8fb4d6f013-groupManagement] INFO  server.RaftServer$Division (RaftServerImpl.java:<init>(256)) - 56d91bac-b32b-4010-a6ee-ca8fb4d6f013: new RaftServerImpl for group-0FB974D50062:[56d91bac-b32b-4010-a6ee-ca8fb4d6f013|127.0.0.1:15032] with ContainerStateMachine:uninitialized
2024-06-22 09:53:51,952 [56d91bac-b32b-4010-a6ee-ca8fb4d6f013-groupManagement] INFO  server.RaftServerConfigKeys (ConfUtils.java:logGet(46)) - raft.server.rpc.timeout.min = 5s (custom)
2024-06-22 09:53:51,952 [56d91bac-b32b-4010-a6ee-ca8fb4d6f013-groupManagement] INFO  server.RaftServerConfigKeys (ConfUtils.java:logGet(46)) - raft.server.rpc.timeout.max = 5200ms (custom)
2024-06-22 09:53:51,952 [56d91bac-b32b-4010-a6ee-ca8fb4d6f013-groupManagement] INFO  server.RaftServerConfigKeys (ConfUtils.java:logGet(46)) - raft.server.rpc.sleep.time = 25ms (default)
2024-06-22 09:53:51,952 [56d91bac-b32b-4010-a6ee-ca8fb4d6f013-groupManagement] INFO  server.RaftServerConfigKeys (ConfUtils.java:logGet(46)) - raft.server.rpc.slowness.timeout = 300s (custom)
2024-06-22 09:53:51,952 [56d91bac-b32b-4010-a6ee-ca8fb4d6f013-groupManagement] INFO  server.RaftServerConfigKeys (ConfUtils.java:logGet(46)) - raft.server.leaderelection.leader.step-down.wait-time = 10s (default)
2024-06-22 09:53:51,952 [56d91bac-b32b-4010-a6ee-ca8fb4d6f013-groupManagement] INFO  server.RaftServerConfigKeys (ConfUtils.java:logGet(46)) - raft.server.leaderelection.member.majority-add = false (default)
2024-06-22 09:53:51,952 [56d91bac-b32b-4010-a6ee-ca8fb4d6f013-groupManagement] INFO  server.RaftServerConfigKeys (ConfUtils.java:logGet(46)) - raft.server.sleep.deviation.threshold = 300ms (default)
2024-06-22 09:53:51,952 [56d91bac-b32b-4010-a6ee-ca8fb4d6f013-groupManagement] INFO  server.RaftServer$Division (ServerState.java:<init>(113)) - 56d91bac-b32b-4010-a6ee-ca8fb4d6f013@group-0FB974D50062: ConfigurationManager, init=-1: peers:[56d91bac-b32b-4010-a6ee-ca8fb4d6f013|127.0.0.1:15032]|listeners:[], old=null, confs=<EMPTY_MAP>
2024-06-22 09:53:51,953 [56d91bac-b32b-4010-a6ee-ca8fb4d6f013-groupManagement] INFO  server.RaftServerConfigKeys (ConfUtils.java:logGet(46)) - raft.server.notification.no-leader.timeout = 300s (custom)
2024-06-22 09:53:51,953 [56d91bac-b32b-4010-a6ee-ca8fb4d6f013-groupManagement] INFO  server.RaftServerConfigKeys (ConfUtils.java:logGet(46)) - raft.server.read.timeout = 10s (default)
2024-06-22 09:53:51,953 [56d91bac-b32b-4010-a6ee-ca8fb4d6f013-groupManagement] INFO  server.RaftServerConfigKeys (ConfUtils.java:logGet(46)) - raft.server.retrycache.expirytime = 600000ms (custom)
2024-06-22 09:53:51,953 [56d91bac-b32b-4010-a6ee-ca8fb4d6f013-groupManagement] INFO  server.RaftServerConfigKeys (ConfUtils.java:logGet(46)) - raft.server.retrycache.statistics.expirytime = 100ms (default)
2024-06-22 09:53:51,953 [56d91bac-b32b-4010-a6ee-ca8fb4d6f013-groupManagement] INFO  server.RaftServerConfigKeys (ConfUtils.java:logGet(46)) - raft.server.read.option = DEFAULT (default)
2024-06-22 09:53:51,953 [56d91bac-b32b-4010-a6ee-ca8fb4d6f013-groupManagement] INFO  server.RaftServerConfigKeys (ConfUtils.java:logGet(46)) - raft.server.read.read-after-write-consistent.write-index-cache.expiry-time = 60s (default)
2024-06-22 09:53:51,961 [56d91bac-b32b-4010-a6ee-ca8fb4d6f013-groupManagement] INFO  server.RaftServerConfigKeys (ConfUtils.java:logGet(46)) - raft.server.rpc.request.timeout = 60s (custom)
2024-06-22 09:53:51,962 [56d91bac-b32b-4010-a6ee-ca8fb4d6f013-groupManagement] INFO  server.RaftServerConfigKeys (ConfUtils.java:logGet(46)) - raft.server.log.appender.install.snapshot.enabled = false (custom)
2024-06-22 09:53:51,962 [56d91bac-b32b-4010-a6ee-ca8fb4d6f013-groupManagement] INFO  server.RaftServerConfigKeys (ConfUtils.java:logGet(46)) - raft.server.threadpool.server.cached = true (default)
2024-06-22 09:53:51,962 [56d91bac-b32b-4010-a6ee-ca8fb4d6f013-groupManagement] INFO  server.RaftServerConfigKeys (ConfUtils.java:logGet(46)) - raft.server.threadpool.server.size = 0 (default)
2024-06-22 09:53:51,962 [56d91bac-b32b-4010-a6ee-ca8fb4d6f013-groupManagement] INFO  server.RaftServerConfigKeys (ConfUtils.java:logGet(46)) - raft.server.threadpool.client.cached = true (default)
2024-06-22 09:53:51,963 [56d91bac-b32b-4010-a6ee-ca8fb4d6f013-groupManagement] INFO  server.RaftServerConfigKeys (ConfUtils.java:logGet(46)) - raft.server.threadpool.client.size = 0 (default)
2024-06-22 09:53:51,963 [56d91bac-b32b-4010-a6ee-ca8fb4d6f013-groupManagement] INFO  server.RaftServerConfigKeys (ConfUtils.java:logGet(46)) - raft.server.storage.free-space.min = 0MB (=0) (default)
2024-06-22 09:53:51,963 [56d91bac-b32b-4010-a6ee-ca8fb4d6f013-groupManagement] INFO  server.RaftServerConfigKeys (ConfUtils.java:logGet(46)) - raft.server.log.corruption.policy = EXCEPTION (default)
2024-06-22 09:53:51,963 [56d91bac-b32b-4010-a6ee-ca8fb4d6f013-groupManagement] INFO  server.RaftServerConfigKeys (ConfUtils.java:logGet(46)) - raft.server.storage.dir = [/home/runner/work/ozone/ozone/hadoop-ozone/integration-test/target/test-dir/MiniOzoneClusterImpl-e30f9212-6642-4e3c-bf74-b445a15ce63f/ozone-meta/datanode-3/ratis] (custom)
2024-06-22 09:53:51,963 [56d91bac-b32b-4010-a6ee-ca8fb4d6f013-groupManagement] INFO  storage.RaftStorageDirectory (RaftStorageDirectoryImpl.java:analyzeStorage(138)) - The storage directory /home/runner/work/ozone/ozone/hadoop-ozone/integration-test/target/test-dir/MiniOzoneClusterImpl-e30f9212-6642-4e3c-bf74-b445a15ce63f/ozone-meta/datanode-3/ratis/d9224c74-8130-46fe-9b4a-0fb974d50062 does not exist. Creating ...
2024-06-22 09:53:51,964 [56d91bac-b32b-4010-a6ee-ca8fb4d6f013-groupManagement] INFO  storage.RaftStorageDirectory (RaftStorageDirectoryImpl.java:tryLock(228)) - Lock on /home/runner/work/ozone/ozone/hadoop-ozone/integration-test/target/test-dir/MiniOzoneClusterImpl-e30f9212-6642-4e3c-bf74-b445a15ce63f/ozone-meta/datanode-3/ratis/d9224c74-8130-46fe-9b4a-0fb974d50062/in_use.lock acquired by nodename 22061@fv-az660-705
2024-06-22 09:53:51,965 [56d91bac-b32b-4010-a6ee-ca8fb4d6f013-groupManagement] INFO  storage.RaftStorage (RaftStorageImpl.java:format(99)) - Storage directory /home/runner/work/ozone/ozone/hadoop-ozone/integration-test/target/test-dir/MiniOzoneClusterImpl-e30f9212-6642-4e3c-bf74-b445a15ce63f/ozone-meta/datanode-3/ratis/d9224c74-8130-46fe-9b4a-0fb974d50062 has been successfully formatted.
2024-06-22 09:53:51,966 [56d91bac-b32b-4010-a6ee-ca8fb4d6f013-groupManagement] WARN  util.FileUtils (LogUtils.java:supplyAndLog(63)) - Failed to Files.newInputStream /home/runner/work/ozone/ozone/hadoop-ozone/integration-test/target/test-dir/MiniOzoneClusterImpl-e30f9212-6642-4e3c-bf74-b445a15ce63f/ozone-meta/datanode-3/ratis/d9224c74-8130-46fe-9b4a-0fb974d50062/current/raft-meta.conf with options []: java.nio.file.NoSuchFileException: /home/runner/work/ozone/ozone/hadoop-ozone/integration-test/target/test-dir/MiniOzoneClusterImpl-e30f9212-6642-4e3c-bf74-b445a15ce63f/ozone-meta/datanode-3/ratis/d9224c74-8130-46fe-9b4a-0fb974d50062/current/raft-meta.conf
2024-06-22 09:53:51,966 [56d91bac-b32b-4010-a6ee-ca8fb4d6f013-groupManagement] INFO  ratis.ContainerStateMachine (ContainerStateMachine.java:loadSnapshot(287)) - group-0FB974D50062: The snapshot info is null. Setting the last applied index to:(t:0, i:~)
2024-06-22 09:53:51,966 [56d91bac-b32b-4010-a6ee-ca8fb4d6f013-groupManagement] INFO  server.RaftServerConfigKeys (ConfUtils.java:logGet(46)) - raft.server.log.use.memory = false (default)
2024-06-22 09:53:51,966 [56d91bac-b32b-4010-a6ee-ca8fb4d6f013-groupManagement] INFO  server.RaftServerConfigKeys (ConfUtils.java:logGet(46)) - raft.server.log.purge.gap = 1000000 (custom)
2024-06-22 09:53:51,966 [56d91bac-b32b-4010-a6ee-ca8fb4d6f013-groupManagement] INFO  server.RaftServerConfigKeys (ConfUtils.java:logGet(46)) - raft.server.log.appender.buffer.byte-limit = 8388608 (custom)
2024-06-22 09:53:51,966 [56d91bac-b32b-4010-a6ee-ca8fb4d6f013-groupManagement] INFO  server.RaftServerConfigKeys (ConfUtils.java:logGet(46)) - raft.server.log.statemachine.data.read.timeout = 1000ms (default)
2024-06-22 09:53:51,966 [56d91bac-b32b-4010-a6ee-ca8fb4d6f013-groupManagement] INFO  server.RaftServerConfigKeys (ConfUtils.java:logGet(46)) - raft.server.log.purge.preservation.log.num = 0 (default)
2024-06-22 09:53:51,969 [EventQueue-PipelineReportForPipelineReportHandler] INFO  pipeline.PipelineReportHandler (PipelineReportHandler.java:processPipelineReport(136)) - Opened pipeline PipelineID=d9224c74-8130-46fe-9b4a-0fb974d50062
2024-06-22 09:53:51,969 [EventQueue-OpenPipelineForHealthyPipelineSafeModeRule] INFO  safemode.SCMSafeModeManager (HealthyPipelineSafeModeRule.java:process(140)) - SCM in safe mode. Healthy pipelines reported count is 0, required healthy pipeline reported count is 1
2024-06-22 09:53:51,969 [56d91bac-b32b-4010-a6ee-ca8fb4d6f013-groupManagement] INFO  server.RaftServerConfigKeys (ConfUtils.java:logGet(46)) - raft.server.log.segment.size.max = 67108864 (custom)
2024-06-22 09:53:51,970 [56d91bac-b32b-4010-a6ee-ca8fb4d6f013-groupManagement] INFO  server.RaftServerConfigKeys (ConfUtils.java:logGet(46)) - raft.server.log.segment.cache.num.max = 2 (custom)
2024-06-22 09:53:51,970 [56d91bac-b32b-4010-a6ee-ca8fb4d6f013-groupManagement] INFO  server.RaftServerConfigKeys (ConfUtils.java:logGet(46)) - raft.server.log.segment.cache.size.max = 200MB (=209715200) (default)
2024-06-22 09:53:51,970 [56d91bac-b32b-4010-a6ee-ca8fb4d6f013-groupManagement] INFO  server.RaftServerConfigKeys (ConfUtils.java:logGet(46)) - raft.server.log.appender.buffer.byte-limit = 8388608 (custom)
2024-06-22 09:53:51,970 [56d91bac-b32b-4010-a6ee-ca8fb4d6f013-groupManagement] INFO  util.AwaitToRun (AwaitToRun.java:start(81)) - Thread[56d91bac-b32b-4010-a6ee-ca8fb4d6f013@group-0FB974D50062-cacheEviction-AwaitToRun,5,main] started
2024-06-22 09:53:51,970 [56d91bac-b32b-4010-a6ee-ca8fb4d6f013-groupManagement] INFO  segmented.SegmentedRaftLogWorker (SegmentedRaftLogWorker.java:<init>(182)) - new 56d91bac-b32b-4010-a6ee-ca8fb4d6f013@group-0FB974D50062-SegmentedRaftLogWorker for RaftStorageImpl:Storage Directory /home/runner/work/ozone/ozone/hadoop-ozone/integration-test/target/test-dir/MiniOzoneClusterImpl-e30f9212-6642-4e3c-bf74-b445a15ce63f/ozone-meta/datanode-3/ratis/d9224c74-8130-46fe-9b4a-0fb974d50062
2024-06-22 09:53:51,970 [56d91bac-b32b-4010-a6ee-ca8fb4d6f013-groupManagement] INFO  server.RaftServerConfigKeys (ConfUtils.java:logGet(46)) - raft.server.log.queue.byte-limit = 4294967296 (custom)
2024-06-22 09:53:51,971 [56d91bac-b32b-4010-a6ee-ca8fb4d6f013-groupManagement] INFO  server.RaftServerConfigKeys (ConfUtils.java:logGet(46)) - raft.server.log.queue.element-limit = 1024 (custom)
2024-06-22 09:53:51,971 [56d91bac-b32b-4010-a6ee-ca8fb4d6f013-groupManagement] INFO  server.RaftServerConfigKeys (ConfUtils.java:logGet(46)) - raft.server.log.segment.size.max = 67108864 (custom)
2024-06-22 09:53:51,971 [56d91bac-b32b-4010-a6ee-ca8fb4d6f013-groupManagement] INFO  server.RaftServerConfigKeys (ConfUtils.java:logGet(46)) - raft.server.log.preallocated.size = 4194304 (custom)
2024-06-22 09:53:51,971 [56d91bac-b32b-4010-a6ee-ca8fb4d6f013-groupManagement] INFO  server.RaftServerConfigKeys (ConfUtils.java:logGet(46)) - raft.server.log.force.sync.num = 128 (default)
2024-06-22 09:53:51,971 [56d91bac-b32b-4010-a6ee-ca8fb4d6f013-groupManagement] INFO  server.RaftServerConfigKeys (ConfUtils.java:logGet(46)) - raft.server.log.statemachine.data.sync = true (default)
2024-06-22 09:53:51,971 [56d91bac-b32b-4010-a6ee-ca8fb4d6f013-groupManagement] INFO  server.RaftServerConfigKeys (ConfUtils.java:logGet(46)) - raft.server.log.statemachine.data.sync.timeout = 10s (default)
2024-06-22 09:53:51,971 [56d91bac-b32b-4010-a6ee-ca8fb4d6f013-groupManagement] INFO  server.RaftServerConfigKeys (ConfUtils.java:logGet(46)) - raft.server.log.statemachine.data.sync.timeout.retry = 30 (custom)
2024-06-22 09:53:51,971 [56d91bac-b32b-4010-a6ee-ca8fb4d6f013-groupManagement] INFO  server.RaftServerConfigKeys (ConfUtils.java:logGet(46)) - raft.server.log.write.buffer.size = 8388616 (custom)
2024-06-22 09:53:51,974 [56d91bac-b32b-4010-a6ee-ca8fb4d6f013-groupManagement] INFO  server.RaftServerConfigKeys (ConfUtils.java:logGet(46)) - raft.server.log.appender.buffer.byte-limit = 8388608 (custom)
2024-06-22 09:53:51,974 [56d91bac-b32b-4010-a6ee-ca8fb4d6f013-groupManagement] INFO  server.RaftServerConfigKeys (ConfUtils.java:logGet(46)) - raft.server.log.unsafe-flush.enabled = false (default)
2024-06-22 09:53:51,974 [56d91bac-b32b-4010-a6ee-ca8fb4d6f013-groupManagement] INFO  server.RaftServerConfigKeys (ConfUtils.java:logGet(46)) - raft.server.log.async-flush.enabled = false (default)
2024-06-22 09:53:51,974 [56d91bac-b32b-4010-a6ee-ca8fb4d6f013-groupManagement] INFO  server.RaftServerConfigKeys (ConfUtils.java:logGet(46)) - raft.server.log.statemachine.data.caching.enabled = true (custom)
2024-06-22 09:53:51,974 [56d91bac-b32b-4010-a6ee-ca8fb4d6f013-groupManagement] INFO  segmented.SegmentedRaftLogWorker (SegmentedRaftLogWorker.java:lambda$new$0(134)) - 56d91bac-b32b-4010-a6ee-ca8fb4d6f013@group-0FB974D50062-SegmentedRaftLogWorker: flushIndex: setUnconditionally 0 -> -1
2024-06-22 09:53:51,974 [56d91bac-b32b-4010-a6ee-ca8fb4d6f013-groupManagement] INFO  segmented.SegmentedRaftLogWorker (SegmentedRaftLogWorker.java:lambda$new$0(134)) - 56d91bac-b32b-4010-a6ee-ca8fb4d6f013@group-0FB974D50062-SegmentedRaftLogWorker: safeCacheEvictIndex: setUnconditionally 0 -> -1
2024-06-22 09:53:51,974 [56d91bac-b32b-4010-a6ee-ca8fb4d6f013-groupManagement] INFO  server.RaftServer$Division (RaftServerImpl.java:start(396)) - 56d91bac-b32b-4010-a6ee-ca8fb4d6f013@group-0FB974D50062: start as a follower, conf=-1: peers:[56d91bac-b32b-4010-a6ee-ca8fb4d6f013|127.0.0.1:15032]|listeners:[], old=null
2024-06-22 09:53:51,974 [56d91bac-b32b-4010-a6ee-ca8fb4d6f013-groupManagement] INFO  server.RaftServer$Division (RaftServerImpl.java:setRole(383)) - 56d91bac-b32b-4010-a6ee-ca8fb4d6f013@group-0FB974D50062: changes role from      null to FOLLOWER at term 0 for startAsFollower
2024-06-22 09:53:51,975 [56d91bac-b32b-4010-a6ee-ca8fb4d6f013-groupManagement] INFO  impl.RoleInfo (RoleInfo.java:updateAndGet(139)) - 56d91bac-b32b-4010-a6ee-ca8fb4d6f013: start 56d91bac-b32b-4010-a6ee-ca8fb4d6f013@group-0FB974D50062-FollowerState
2024-06-22 09:53:51,978 [56d91bac-b32b-4010-a6ee-ca8fb4d6f013@group-0FB974D50062-FollowerState] INFO  server.RaftServerConfigKeys (ConfUtils.java:logFallback(53)) - raft.server.rpc.first-election.timeout.min = 5s (fallback to raft.server.rpc.timeout.min)
2024-06-22 09:53:51,978 [56d91bac-b32b-4010-a6ee-ca8fb4d6f013@group-0FB974D50062-FollowerState] INFO  server.RaftServerConfigKeys (ConfUtils.java:logFallback(53)) - raft.server.rpc.first-election.timeout.max = 5200ms (fallback to raft.server.rpc.timeout.max)
2024-06-22 09:53:51,978 [56d91bac-b32b-4010-a6ee-ca8fb4d6f013-groupManagement] INFO  util.JmxRegister (JmxRegister.java:tryRegister(44)) - Successfully registered JMX Bean with object name Ratis:service=RaftServer,group=group-0FB974D50062,id=56d91bac-b32b-4010-a6ee-ca8fb4d6f013
2024-06-22 09:53:51,979 [56d91bac-b32b-4010-a6ee-ca8fb4d6f013-groupManagement] INFO  server.RaftServerConfigKeys (ConfUtils.java:logGet(46)) - raft.server.snapshot.trigger-when-stop.enabled = true (default)
2024-06-22 09:53:51,979 [56d91bac-b32b-4010-a6ee-ca8fb4d6f013-groupManagement] INFO  server.RaftServerConfigKeys (ConfUtils.java:logGet(46)) - raft.server.snapshot.auto.trigger.enabled = true (custom)
2024-06-22 09:53:51,979 [56d91bac-b32b-4010-a6ee-ca8fb4d6f013-groupManagement] INFO  server.RaftServerConfigKeys (ConfUtils.java:logGet(46)) - raft.server.snapshot.auto.trigger.threshold = 10000 (custom)
2024-06-22 09:53:51,979 [56d91bac-b32b-4010-a6ee-ca8fb4d6f013-groupManagement] INFO  server.RaftServerConfigKeys (ConfUtils.java:logGet(46)) - raft.server.snapshot.retention.file.num = 5 (custom)
2024-06-22 09:53:51,979 [56d91bac-b32b-4010-a6ee-ca8fb4d6f013-groupManagement] INFO  server.RaftServerConfigKeys (ConfUtils.java:logGet(46)) - raft.server.log.purge.upto.snapshot.index = false (default)
2024-06-22 09:53:51,984 [56d91bac-b32b-4010-a6ee-ca8fb4d6f013-PipelineCommandHandlerThread-0] INFO  ratis.XceiverServerRatis (XceiverServerRatis.java:addGroup(864)) - Created group PipelineID=d9224c74-8130-46fe-9b4a-0fb974d50062
2024-06-22 09:53:51,984 [56d91bac-b32b-4010-a6ee-ca8fb4d6f013-PipelineCommandHandlerThread-0] INFO  commandhandler.CreatePipelineCommandHandler (CreatePipelineCommandHandler.java:lambda$handle$2(124)) - Created Pipeline RATIS ONE PipelineID=d9224c74-8130-46fe-9b4a-0fb974d50062.
2024-06-22 09:53:51,985 [56d91bac-b32b-4010-a6ee-ca8fb4d6f013-PipelineCommandHandlerThread-0] INFO  server.RaftServer (RaftServerProxy.java:addNew(100)) - 56d91bac-b32b-4010-a6ee-ca8fb4d6f013: addNew group-B53A8C33F88F:[eea743f9-1650-4764-952b-70f255484f5c|127.0.0.1:15014, 788200e2-a8c6-41b6-82b9-949d8dd4f2a7|127.0.0.1:15023, 56d91bac-b32b-4010-a6ee-ca8fb4d6f013|127.0.0.1:15032] returns group-B53A8C33F88F:java.util.concurrent.CompletableFuture@11c57777[Not completed]
2024-06-22 09:53:51,986 [56d91bac-b32b-4010-a6ee-ca8fb4d6f013-groupManagement] INFO  server.RaftServer$Division (RaftServerImpl.java:<init>(256)) - 56d91bac-b32b-4010-a6ee-ca8fb4d6f013: new RaftServerImpl for group-B53A8C33F88F:[eea743f9-1650-4764-952b-70f255484f5c|127.0.0.1:15014, 788200e2-a8c6-41b6-82b9-949d8dd4f2a7|127.0.0.1:15023, 56d91bac-b32b-4010-a6ee-ca8fb4d6f013|127.0.0.1:15032] with ContainerStateMachine:uninitialized
2024-06-22 09:53:51,986 [56d91bac-b32b-4010-a6ee-ca8fb4d6f013-groupManagement] INFO  server.RaftServerConfigKeys (ConfUtils.java:logGet(46)) - raft.server.rpc.timeout.min = 5s (custom)
2024-06-22 09:53:51,986 [56d91bac-b32b-4010-a6ee-ca8fb4d6f013-groupManagement] INFO  server.RaftServerConfigKeys (ConfUtils.java:logGet(46)) - raft.server.rpc.timeout.max = 5200ms (custom)
2024-06-22 09:53:51,986 [56d91bac-b32b-4010-a6ee-ca8fb4d6f013-groupManagement] INFO  server.RaftServerConfigKeys (ConfUtils.java:logGet(46)) - raft.server.rpc.sleep.time = 25ms (default)
2024-06-22 09:53:51,987 [56d91bac-b32b-4010-a6ee-ca8fb4d6f013-groupManagement] INFO  server.RaftServerConfigKeys (ConfUtils.java:logGet(46)) - raft.server.rpc.slowness.timeout = 300s (custom)
2024-06-22 09:53:51,987 [56d91bac-b32b-4010-a6ee-ca8fb4d6f013-groupManagement] INFO  server.RaftServerConfigKeys (ConfUtils.java:logGet(46)) - raft.server.leaderelection.leader.step-down.wait-time = 10s (default)
2024-06-22 09:53:51,987 [56d91bac-b32b-4010-a6ee-ca8fb4d6f013-groupManagement] INFO  server.RaftServerConfigKeys (ConfUtils.java:logGet(46)) - raft.server.leaderelection.member.majority-add = false (default)
2024-06-22 09:53:51,987 [56d91bac-b32b-4010-a6ee-ca8fb4d6f013-groupManagement] INFO  server.RaftServerConfigKeys (ConfUtils.java:logGet(46)) - raft.server.sleep.deviation.threshold = 300ms (default)
2024-06-22 09:53:51,987 [56d91bac-b32b-4010-a6ee-ca8fb4d6f013-groupManagement] INFO  server.RaftServer$Division (ServerState.java:<init>(113)) - 56d91bac-b32b-4010-a6ee-ca8fb4d6f013@group-B53A8C33F88F: ConfigurationManager, init=-1: peers:[eea743f9-1650-4764-952b-70f255484f5c|127.0.0.1:15014, 788200e2-a8c6-41b6-82b9-949d8dd4f2a7|127.0.0.1:15023, 56d91bac-b32b-4010-a6ee-ca8fb4d6f013|127.0.0.1:15032]|listeners:[], old=null, confs=<EMPTY_MAP>
2024-06-22 09:53:51,987 [56d91bac-b32b-4010-a6ee-ca8fb4d6f013-groupManagement] INFO  server.RaftServerConfigKeys (ConfUtils.java:logGet(46)) - raft.server.notification.no-leader.timeout = 300s (custom)
2024-06-22 09:53:51,987 [56d91bac-b32b-4010-a6ee-ca8fb4d6f013-groupManagement] INFO  server.RaftServerConfigKeys (ConfUtils.java:logGet(46)) - raft.server.read.timeout = 10s (default)
2024-06-22 09:53:51,987 [56d91bac-b32b-4010-a6ee-ca8fb4d6f013-groupManagement] INFO  server.RaftServerConfigKeys (ConfUtils.java:logGet(46)) - raft.server.retrycache.expirytime = 600000ms (custom)
2024-06-22 09:53:51,987 [56d91bac-b32b-4010-a6ee-ca8fb4d6f013-groupManagement] INFO  server.RaftServerConfigKeys (ConfUtils.java:logGet(46)) - raft.server.retrycache.statistics.expirytime = 100ms (default)
2024-06-22 09:53:51,987 [56d91bac-b32b-4010-a6ee-ca8fb4d6f013-groupManagement] INFO  server.RaftServerConfigKeys (ConfUtils.java:logGet(46)) - raft.server.read.option = DEFAULT (default)
2024-06-22 09:53:51,987 [56d91bac-b32b-4010-a6ee-ca8fb4d6f013-groupManagement] INFO  server.RaftServerConfigKeys (ConfUtils.java:logGet(46)) - raft.server.read.read-after-write-consistent.write-index-cache.expiry-time = 60s (default)
2024-06-22 09:53:51,989 [56d91bac-b32b-4010-a6ee-ca8fb4d6f013-groupManagement] INFO  server.RaftServerConfigKeys (ConfUtils.java:logGet(46)) - raft.server.rpc.request.timeout = 60s (custom)
2024-06-22 09:53:51,989 [56d91bac-b32b-4010-a6ee-ca8fb4d6f013-groupManagement] INFO  server.RaftServerConfigKeys (ConfUtils.java:logGet(46)) - raft.server.log.appender.install.snapshot.enabled = false (custom)
2024-06-22 09:53:51,989 [56d91bac-b32b-4010-a6ee-ca8fb4d6f013-groupManagement] INFO  server.RaftServerConfigKeys (ConfUtils.java:logGet(46)) - raft.server.threadpool.server.cached = true (default)
2024-06-22 09:53:51,989 [56d91bac-b32b-4010-a6ee-ca8fb4d6f013-groupManagement] INFO  server.RaftServerConfigKeys (ConfUtils.java:logGet(46)) - raft.server.threadpool.server.size = 0 (default)
2024-06-22 09:53:51,989 [56d91bac-b32b-4010-a6ee-ca8fb4d6f013-groupManagement] INFO  server.RaftServerConfigKeys (ConfUtils.java:logGet(46)) - raft.server.threadpool.client.cached = true (default)
2024-06-22 09:53:51,989 [56d91bac-b32b-4010-a6ee-ca8fb4d6f013-groupManagement] INFO  server.RaftServerConfigKeys (ConfUtils.java:logGet(46)) - raft.server.threadpool.client.size = 0 (default)
2024-06-22 09:53:51,989 [56d91bac-b32b-4010-a6ee-ca8fb4d6f013-groupManagement] INFO  server.RaftServerConfigKeys (ConfUtils.java:logGet(46)) - raft.server.storage.free-space.min = 0MB (=0) (default)
2024-06-22 09:53:51,990 [56d91bac-b32b-4010-a6ee-ca8fb4d6f013-groupManagement] INFO  server.RaftServerConfigKeys (ConfUtils.java:logGet(46)) - raft.server.log.corruption.policy = EXCEPTION (default)
2024-06-22 09:53:51,990 [56d91bac-b32b-4010-a6ee-ca8fb4d6f013-groupManagement] INFO  server.RaftServerConfigKeys (ConfUtils.java:logGet(46)) - raft.server.storage.dir = [/home/runner/work/ozone/ozone/hadoop-ozone/integration-test/target/test-dir/MiniOzoneClusterImpl-e30f9212-6642-4e3c-bf74-b445a15ce63f/ozone-meta/datanode-3/ratis] (custom)
2024-06-22 09:53:51,990 [56d91bac-b32b-4010-a6ee-ca8fb4d6f013-groupManagement] INFO  storage.RaftStorageDirectory (RaftStorageDirectoryImpl.java:analyzeStorage(138)) - The storage directory /home/runner/work/ozone/ozone/hadoop-ozone/integration-test/target/test-dir/MiniOzoneClusterImpl-e30f9212-6642-4e3c-bf74-b445a15ce63f/ozone-meta/datanode-3/ratis/c35f43b3-a8fb-4e14-bd9d-b53a8c33f88f does not exist. Creating ...
2024-06-22 09:53:51,992 [56d91bac-b32b-4010-a6ee-ca8fb4d6f013-groupManagement] INFO  storage.RaftStorageDirectory (RaftStorageDirectoryImpl.java:tryLock(228)) - Lock on /home/runner/work/ozone/ozone/hadoop-ozone/integration-test/target/test-dir/MiniOzoneClusterImpl-e30f9212-6642-4e3c-bf74-b445a15ce63f/ozone-meta/datanode-3/ratis/c35f43b3-a8fb-4e14-bd9d-b53a8c33f88f/in_use.lock acquired by nodename 22061@fv-az660-705
2024-06-22 09:53:51,994 [56d91bac-b32b-4010-a6ee-ca8fb4d6f013-groupManagement] INFO  storage.RaftStorage (RaftStorageImpl.java:format(99)) - Storage directory /home/runner/work/ozone/ozone/hadoop-ozone/integration-test/target/test-dir/MiniOzoneClusterImpl-e30f9212-6642-4e3c-bf74-b445a15ce63f/ozone-meta/datanode-3/ratis/c35f43b3-a8fb-4e14-bd9d-b53a8c33f88f has been successfully formatted.
2024-06-22 09:53:51,994 [56d91bac-b32b-4010-a6ee-ca8fb4d6f013-groupManagement] WARN  util.FileUtils (LogUtils.java:supplyAndLog(63)) - Failed to Files.newInputStream /home/runner/work/ozone/ozone/hadoop-ozone/integration-test/target/test-dir/MiniOzoneClusterImpl-e30f9212-6642-4e3c-bf74-b445a15ce63f/ozone-meta/datanode-3/ratis/c35f43b3-a8fb-4e14-bd9d-b53a8c33f88f/current/raft-meta.conf with options []: java.nio.file.NoSuchFileException: /home/runner/work/ozone/ozone/hadoop-ozone/integration-test/target/test-dir/MiniOzoneClusterImpl-e30f9212-6642-4e3c-bf74-b445a15ce63f/ozone-meta/datanode-3/ratis/c35f43b3-a8fb-4e14-bd9d-b53a8c33f88f/current/raft-meta.conf
2024-06-22 09:53:51,995 [56d91bac-b32b-4010-a6ee-ca8fb4d6f013-groupManagement] INFO  ratis.ContainerStateMachine (ContainerStateMachine.java:loadSnapshot(287)) - group-B53A8C33F88F: The snapshot info is null. Setting the last applied index to:(t:0, i:~)
2024-06-22 09:53:51,995 [56d91bac-b32b-4010-a6ee-ca8fb4d6f013-groupManagement] INFO  server.RaftServerConfigKeys (ConfUtils.java:logGet(46)) - raft.server.log.use.memory = false (default)
2024-06-22 09:53:51,995 [56d91bac-b32b-4010-a6ee-ca8fb4d6f013-groupManagement] INFO  server.RaftServerConfigKeys (ConfUtils.java:logGet(46)) - raft.server.log.purge.gap = 1000000 (custom)
2024-06-22 09:53:51,996 [56d91bac-b32b-4010-a6ee-ca8fb4d6f013-groupManagement] INFO  server.RaftServerConfigKeys (ConfUtils.java:logGet(46)) - raft.server.log.appender.buffer.byte-limit = 8388608 (custom)
2024-06-22 09:53:51,996 [56d91bac-b32b-4010-a6ee-ca8fb4d6f013-groupManagement] INFO  server.RaftServerConfigKeys (ConfUtils.java:logGet(46)) - raft.server.log.statemachine.data.read.timeout = 1000ms (default)
2024-06-22 09:53:51,996 [56d91bac-b32b-4010-a6ee-ca8fb4d6f013-groupManagement] INFO  server.RaftServerConfigKeys (ConfUtils.java:logGet(46)) - raft.server.log.purge.preservation.log.num = 0 (default)
2024-06-22 09:53:51,999 [56d91bac-b32b-4010-a6ee-ca8fb4d6f013-groupManagement] INFO  server.RaftServerConfigKeys (ConfUtils.java:logGet(46)) - raft.server.log.segment.size.max = 67108864 (custom)
2024-06-22 09:53:51,999 [56d91bac-b32b-4010-a6ee-ca8fb4d6f013-groupManagement] INFO  server.RaftServerConfigKeys (ConfUtils.java:logGet(46)) - raft.server.log.segment.cache.num.max = 2 (custom)
2024-06-22 09:53:52,000 [56d91bac-b32b-4010-a6ee-ca8fb4d6f013-groupManagement] INFO  server.RaftServerConfigKeys (ConfUtils.java:logGet(46)) - raft.server.log.segment.cache.size.max = 200MB (=209715200) (default)
2024-06-22 09:53:52,000 [EventQueue-OpenPipelineForHealthyPipelineSafeModeRule] INFO  safemode.SCMSafeModeManager (HealthyPipelineSafeModeRule.java:process(140)) - SCM in safe mode. Healthy pipelines reported count is 0, required healthy pipeline reported count is 1
2024-06-22 09:53:52,001 [56d91bac-b32b-4010-a6ee-ca8fb4d6f013-groupManagement] INFO  server.RaftServerConfigKeys (ConfUtils.java:logGet(46)) - raft.server.log.appender.buffer.byte-limit = 8388608 (custom)
2024-06-22 09:53:52,005 [56d91bac-b32b-4010-a6ee-ca8fb4d6f013-groupManagement] INFO  util.AwaitToRun (AwaitToRun.java:start(81)) - Thread[56d91bac-b32b-4010-a6ee-ca8fb4d6f013@group-B53A8C33F88F-cacheEviction-AwaitToRun,5,main] started
2024-06-22 09:53:52,005 [56d91bac-b32b-4010-a6ee-ca8fb4d6f013-groupManagement] INFO  segmented.SegmentedRaftLogWorker (SegmentedRaftLogWorker.java:<init>(182)) - new 56d91bac-b32b-4010-a6ee-ca8fb4d6f013@group-B53A8C33F88F-SegmentedRaftLogWorker for RaftStorageImpl:Storage Directory /home/runner/work/ozone/ozone/hadoop-ozone/integration-test/target/test-dir/MiniOzoneClusterImpl-e30f9212-6642-4e3c-bf74-b445a15ce63f/ozone-meta/datanode-3/ratis/c35f43b3-a8fb-4e14-bd9d-b53a8c33f88f
2024-06-22 09:53:52,006 [56d91bac-b32b-4010-a6ee-ca8fb4d6f013-groupManagement] INFO  server.RaftServerConfigKeys (ConfUtils.java:logGet(46)) - raft.server.log.queue.byte-limit = 4294967296 (custom)
2024-06-22 09:53:52,006 [56d91bac-b32b-4010-a6ee-ca8fb4d6f013-groupManagement] INFO  server.RaftServerConfigKeys (ConfUtils.java:logGet(46)) - raft.server.log.queue.element-limit = 1024 (custom)
2024-06-22 09:53:52,006 [56d91bac-b32b-4010-a6ee-ca8fb4d6f013-groupManagement] INFO  server.RaftServerConfigKeys (ConfUtils.java:logGet(46)) - raft.server.log.segment.size.max = 67108864 (custom)
2024-06-22 09:53:52,007 [56d91bac-b32b-4010-a6ee-ca8fb4d6f013-groupManagement] INFO  server.RaftServerConfigKeys (ConfUtils.java:logGet(46)) - raft.server.log.preallocated.size = 4194304 (custom)
2024-06-22 09:53:52,007 [56d91bac-b32b-4010-a6ee-ca8fb4d6f013-groupManagement] INFO  server.RaftServerConfigKeys (ConfUtils.java:logGet(46)) - raft.server.log.force.sync.num = 128 (default)
2024-06-22 09:53:52,007 [56d91bac-b32b-4010-a6ee-ca8fb4d6f013-groupManagement] INFO  server.RaftServerConfigKeys (ConfUtils.java:logGet(46)) - raft.server.log.statemachine.data.sync = true (default)
2024-06-22 09:53:52,007 [56d91bac-b32b-4010-a6ee-ca8fb4d6f013-groupManagement] INFO  server.RaftServerConfigKeys (ConfUtils.java:logGet(46)) - raft.server.log.statemachine.data.sync.timeout = 10s (default)
2024-06-22 09:53:52,008 [56d91bac-b32b-4010-a6ee-ca8fb4d6f013-groupManagement] INFO  server.RaftServerConfigKeys (ConfUtils.java:logGet(46)) - raft.server.log.statemachine.data.sync.timeout.retry = 30 (custom)
2024-06-22 09:53:52,008 [56d91bac-b32b-4010-a6ee-ca8fb4d6f013-groupManagement] INFO  server.RaftServerConfigKeys (ConfUtils.java:logGet(46)) - raft.server.log.write.buffer.size = 8388616 (custom)
2024-06-22 09:53:52,010 [56d91bac-b32b-4010-a6ee-ca8fb4d6f013-groupManagement] INFO  server.RaftServerConfigKeys (ConfUtils.java:logGet(46)) - raft.server.log.appender.buffer.byte-limit = 8388608 (custom)
2024-06-22 09:53:52,010 [56d91bac-b32b-4010-a6ee-ca8fb4d6f013-groupManagement] INFO  server.RaftServerConfigKeys (ConfUtils.java:logGet(46)) - raft.server.log.unsafe-flush.enabled = false (default)
2024-06-22 09:53:52,011 [56d91bac-b32b-4010-a6ee-ca8fb4d6f013-groupManagement] INFO  server.RaftServerConfigKeys (ConfUtils.java:logGet(46)) - raft.server.log.async-flush.enabled = false (default)
2024-06-22 09:53:52,011 [56d91bac-b32b-4010-a6ee-ca8fb4d6f013-groupManagement] INFO  server.RaftServerConfigKeys (ConfUtils.java:logGet(46)) - raft.server.log.statemachine.data.caching.enabled = true (custom)
2024-06-22 09:53:52,012 [56d91bac-b32b-4010-a6ee-ca8fb4d6f013-groupManagement] INFO  segmented.SegmentedRaftLogWorker (SegmentedRaftLogWorker.java:lambda$new$0(134)) - 56d91bac-b32b-4010-a6ee-ca8fb4d6f013@group-B53A8C33F88F-SegmentedRaftLogWorker: flushIndex: setUnconditionally 0 -> -1
2024-06-22 09:53:52,012 [56d91bac-b32b-4010-a6ee-ca8fb4d6f013-groupManagement] INFO  segmented.SegmentedRaftLogWorker (SegmentedRaftLogWorker.java:lambda$new$0(134)) - 56d91bac-b32b-4010-a6ee-ca8fb4d6f013@group-B53A8C33F88F-SegmentedRaftLogWorker: safeCacheEvictIndex: setUnconditionally 0 -> -1
2024-06-22 09:53:52,012 [56d91bac-b32b-4010-a6ee-ca8fb4d6f013-groupManagement] INFO  server.RaftServer$Division (RaftServerImpl.java:start(396)) - 56d91bac-b32b-4010-a6ee-ca8fb4d6f013@group-B53A8C33F88F: start as a follower, conf=-1: peers:[eea743f9-1650-4764-952b-70f255484f5c|127.0.0.1:15014, 788200e2-a8c6-41b6-82b9-949d8dd4f2a7|127.0.0.1:15023, 56d91bac-b32b-4010-a6ee-ca8fb4d6f013|127.0.0.1:15032]|listeners:[], old=null
2024-06-22 09:53:52,013 [56d91bac-b32b-4010-a6ee-ca8fb4d6f013-groupManagement] INFO  server.RaftServer$Division (RaftServerImpl.java:setRole(383)) - 56d91bac-b32b-4010-a6ee-ca8fb4d6f013@group-B53A8C33F88F: changes role from      null to FOLLOWER at term 0 for startAsFollower
2024-06-22 09:53:52,013 [56d91bac-b32b-4010-a6ee-ca8fb4d6f013-groupManagement] INFO  impl.RoleInfo (RoleInfo.java:updateAndGet(139)) - 56d91bac-b32b-4010-a6ee-ca8fb4d6f013: start 56d91bac-b32b-4010-a6ee-ca8fb4d6f013@group-B53A8C33F88F-FollowerState
2024-06-22 09:53:52,013 [56d91bac-b32b-4010-a6ee-ca8fb4d6f013@group-B53A8C33F88F-FollowerState] INFO  server.RaftServerConfigKeys (ConfUtils.java:logFallback(53)) - raft.server.rpc.first-election.timeout.min = 5s (fallback to raft.server.rpc.timeout.min)
2024-06-22 09:53:52,014 [56d91bac-b32b-4010-a6ee-ca8fb4d6f013@group-B53A8C33F88F-FollowerState] INFO  server.RaftServerConfigKeys (ConfUtils.java:logFallback(53)) - raft.server.rpc.first-election.timeout.max = 5200ms (fallback to raft.server.rpc.timeout.max)
2024-06-22 09:53:52,013 [56d91bac-b32b-4010-a6ee-ca8fb4d6f013-groupManagement] INFO  util.JmxRegister (JmxRegister.java:tryRegister(44)) - Successfully registered JMX Bean with object name Ratis:service=RaftServer,group=group-B53A8C33F88F,id=56d91bac-b32b-4010-a6ee-ca8fb4d6f013
2024-06-22 09:53:52,014 [56d91bac-b32b-4010-a6ee-ca8fb4d6f013-groupManagement] INFO  server.RaftServerConfigKeys (ConfUtils.java:logGet(46)) - raft.server.snapshot.trigger-when-stop.enabled = true (default)
2024-06-22 09:53:52,014 [56d91bac-b32b-4010-a6ee-ca8fb4d6f013-groupManagement] INFO  server.RaftServerConfigKeys (ConfUtils.java:logGet(46)) - raft.server.snapshot.auto.trigger.enabled = true (custom)
2024-06-22 09:53:52,015 [56d91bac-b32b-4010-a6ee-ca8fb4d6f013-groupManagement] INFO  server.RaftServerConfigKeys (ConfUtils.java:logGet(46)) - raft.server.snapshot.auto.trigger.threshold = 10000 (custom)
2024-06-22 09:53:52,015 [56d91bac-b32b-4010-a6ee-ca8fb4d6f013-groupManagement] INFO  server.RaftServerConfigKeys (ConfUtils.java:logGet(46)) - raft.server.snapshot.retention.file.num = 5 (custom)
2024-06-22 09:53:52,015 [56d91bac-b32b-4010-a6ee-ca8fb4d6f013-groupManagement] INFO  server.RaftServerConfigKeys (ConfUtils.java:logGet(46)) - raft.server.log.purge.upto.snapshot.index = false (default)
2024-06-22 09:53:52,017 [56d91bac-b32b-4010-a6ee-ca8fb4d6f013-PipelineCommandHandlerThread-0] INFO  ratis.XceiverServerRatis (XceiverServerRatis.java:addGroup(864)) - Created group PipelineID=c35f43b3-a8fb-4e14-bd9d-b53a8c33f88f
2024-06-22 09:53:52,146 [56d91bac-b32b-4010-a6ee-ca8fb4d6f013-PipelineCommandHandlerThread-0] INFO  commandhandler.CreatePipelineCommandHandler (CreatePipelineCommandHandler.java:lambda$handle$2(124)) - Created Pipeline RATIS THREE PipelineID=c35f43b3-a8fb-4e14-bd9d-b53a8c33f88f.
2024-06-22 09:53:52,146 [56d91bac-b32b-4010-a6ee-ca8fb4d6f013-PipelineCommandHandlerThread-0] INFO  server.RaftServer (RaftServerProxy.java:addNew(100)) - 56d91bac-b32b-4010-a6ee-ca8fb4d6f013: addNew group-CB174204298D:[eea743f9-1650-4764-952b-70f255484f5c|127.0.0.1:15014, 788200e2-a8c6-41b6-82b9-949d8dd4f2a7|127.0.0.1:15023, 56d91bac-b32b-4010-a6ee-ca8fb4d6f013|127.0.0.1:15032] returns group-CB174204298D:java.util.concurrent.CompletableFuture@10c05c64[Not completed]
2024-06-22 09:53:52,148 [56d91bac-b32b-4010-a6ee-ca8fb4d6f013-groupManagement] INFO  server.RaftServer$Division (RaftServerImpl.java:<init>(256)) - 56d91bac-b32b-4010-a6ee-ca8fb4d6f013: new RaftServerImpl for group-CB174204298D:[eea743f9-1650-4764-952b-70f255484f5c|127.0.0.1:15014, 788200e2-a8c6-41b6-82b9-949d8dd4f2a7|127.0.0.1:15023, 56d91bac-b32b-4010-a6ee-ca8fb4d6f013|127.0.0.1:15032] with ContainerStateMachine:uninitialized
2024-06-22 09:53:52,148 [56d91bac-b32b-4010-a6ee-ca8fb4d6f013-groupManagement] INFO  server.RaftServerConfigKeys (ConfUtils.java:logGet(46)) - raft.server.rpc.timeout.min = 5s (custom)
2024-06-22 09:53:52,148 [56d91bac-b32b-4010-a6ee-ca8fb4d6f013-groupManagement] INFO  server.RaftServerConfigKeys (ConfUtils.java:logGet(46)) - raft.server.rpc.timeout.max = 5200ms (custom)
2024-06-22 09:53:52,148 [56d91bac-b32b-4010-a6ee-ca8fb4d6f013-groupManagement] INFO  server.RaftServerConfigKeys (ConfUtils.java:logGet(46)) - raft.server.rpc.sleep.time = 25ms (default)
2024-06-22 09:53:52,148 [56d91bac-b32b-4010-a6ee-ca8fb4d6f013-groupManagement] INFO  server.RaftServerConfigKeys (ConfUtils.java:logGet(46)) - raft.server.rpc.slowness.timeout = 300s (custom)
2024-06-22 09:53:52,149 [56d91bac-b32b-4010-a6ee-ca8fb4d6f013-groupManagement] INFO  server.RaftServerConfigKeys (ConfUtils.java:logGet(46)) - raft.server.leaderelection.leader.step-down.wait-time = 10s (default)
2024-06-22 09:53:52,149 [56d91bac-b32b-4010-a6ee-ca8fb4d6f013-groupManagement] INFO  server.RaftServerConfigKeys (ConfUtils.java:logGet(46)) - raft.server.leaderelection.member.majority-add = false (default)
2024-06-22 09:53:52,149 [56d91bac-b32b-4010-a6ee-ca8fb4d6f013-groupManagement] INFO  server.RaftServerConfigKeys (ConfUtils.java:logGet(46)) - raft.server.sleep.deviation.threshold = 300ms (default)
2024-06-22 09:53:52,149 [56d91bac-b32b-4010-a6ee-ca8fb4d6f013-groupManagement] INFO  server.RaftServer$Division (ServerState.java:<init>(113)) - 56d91bac-b32b-4010-a6ee-ca8fb4d6f013@group-CB174204298D: ConfigurationManager, init=-1: peers:[eea743f9-1650-4764-952b-70f255484f5c|127.0.0.1:15014, 788200e2-a8c6-41b6-82b9-949d8dd4f2a7|127.0.0.1:15023, 56d91bac-b32b-4010-a6ee-ca8fb4d6f013|127.0.0.1:15032]|listeners:[], old=null, confs=<EMPTY_MAP>
2024-06-22 09:53:52,149 [56d91bac-b32b-4010-a6ee-ca8fb4d6f013-groupManagement] INFO  server.RaftServerConfigKeys (ConfUtils.java:logGet(46)) - raft.server.notification.no-leader.timeout = 300s (custom)
2024-06-22 09:53:52,149 [56d91bac-b32b-4010-a6ee-ca8fb4d6f013-groupManagement] INFO  server.RaftServerConfigKeys (ConfUtils.java:logGet(46)) - raft.server.read.timeout = 10s (default)
2024-06-22 09:53:52,149 [56d91bac-b32b-4010-a6ee-ca8fb4d6f013-groupManagement] INFO  server.RaftServerConfigKeys (ConfUtils.java:logGet(46)) - raft.server.retrycache.expirytime = 600000ms (custom)
2024-06-22 09:53:52,149 [56d91bac-b32b-4010-a6ee-ca8fb4d6f013-groupManagement] INFO  server.RaftServerConfigKeys (ConfUtils.java:logGet(46)) - raft.server.retrycache.statistics.expirytime = 100ms (default)
2024-06-22 09:53:52,150 [56d91bac-b32b-4010-a6ee-ca8fb4d6f013-groupManagement] INFO  server.RaftServerConfigKeys (ConfUtils.java:logGet(46)) - raft.server.read.option = DEFAULT (default)
2024-06-22 09:53:52,150 [56d91bac-b32b-4010-a6ee-ca8fb4d6f013-groupManagement] INFO  server.RaftServerConfigKeys (ConfUtils.java:logGet(46)) - raft.server.read.read-after-write-consistent.write-index-cache.expiry-time = 60s (default)
2024-06-22 09:53:52,153 [788200e2-a8c6-41b6-82b9-949d8dd4f2a7-PipelineCommandHandlerThread-0] INFO  commandhandler.CreatePipelineCommandHandler (CreatePipelineCommandHandler.java:lambda$handle$2(124)) - Created Pipeline RATIS THREE PipelineID=c35f43b3-a8fb-4e14-bd9d-b53a8c33f88f.
2024-06-22 09:53:52,154 [788200e2-a8c6-41b6-82b9-949d8dd4f2a7-PipelineCommandHandlerThread-0] INFO  server.RaftServer (RaftServerProxy.java:addNew(100)) - 788200e2-a8c6-41b6-82b9-949d8dd4f2a7: addNew group-CB174204298D:[eea743f9-1650-4764-952b-70f255484f5c|127.0.0.1:15014, 788200e2-a8c6-41b6-82b9-949d8dd4f2a7|127.0.0.1:15023, 56d91bac-b32b-4010-a6ee-ca8fb4d6f013|127.0.0.1:15032] returns group-CB174204298D:java.util.concurrent.CompletableFuture@61be0b41[Not completed]
2024-06-22 09:53:52,155 [56d91bac-b32b-4010-a6ee-ca8fb4d6f013-groupManagement] INFO  server.RaftServerConfigKeys (ConfUtils.java:logGet(46)) - raft.server.rpc.request.timeout = 60s (custom)
2024-06-22 09:53:52,155 [56d91bac-b32b-4010-a6ee-ca8fb4d6f013-groupManagement] INFO  server.RaftServerConfigKeys (ConfUtils.java:logGet(46)) - raft.server.log.appender.install.snapshot.enabled = false (custom)
2024-06-22 09:53:52,155 [56d91bac-b32b-4010-a6ee-ca8fb4d6f013-groupManagement] INFO  server.RaftServerConfigKeys (ConfUtils.java:logGet(46)) - raft.server.threadpool.server.cached = true (default)
2024-06-22 09:53:52,155 [56d91bac-b32b-4010-a6ee-ca8fb4d6f013-groupManagement] INFO  server.RaftServerConfigKeys (ConfUtils.java:logGet(46)) - raft.server.threadpool.server.size = 0 (default)
2024-06-22 09:53:52,155 [56d91bac-b32b-4010-a6ee-ca8fb4d6f013-groupManagement] INFO  server.RaftServerConfigKeys (ConfUtils.java:logGet(46)) - raft.server.threadpool.client.cached = true (default)
2024-06-22 09:53:52,155 [56d91bac-b32b-4010-a6ee-ca8fb4d6f013-groupManagement] INFO  server.RaftServerConfigKeys (ConfUtils.java:logGet(46)) - raft.server.threadpool.client.size = 0 (default)
2024-06-22 09:53:52,155 [56d91bac-b32b-4010-a6ee-ca8fb4d6f013-groupManagement] INFO  server.RaftServerConfigKeys (ConfUtils.java:logGet(46)) - raft.server.storage.free-space.min = 0MB (=0) (default)
2024-06-22 09:53:52,155 [788200e2-a8c6-41b6-82b9-949d8dd4f2a7-groupManagement] INFO  server.RaftServer$Division (RaftServerImpl.java:<init>(256)) - 788200e2-a8c6-41b6-82b9-949d8dd4f2a7: new RaftServerImpl for group-CB174204298D:[eea743f9-1650-4764-952b-70f255484f5c|127.0.0.1:15014, 788200e2-a8c6-41b6-82b9-949d8dd4f2a7|127.0.0.1:15023, 56d91bac-b32b-4010-a6ee-ca8fb4d6f013|127.0.0.1:15032] with ContainerStateMachine:uninitialized
2024-06-22 09:53:52,155 [56d91bac-b32b-4010-a6ee-ca8fb4d6f013-groupManagement] INFO  server.RaftServerConfigKeys (ConfUtils.java:logGet(46)) - raft.server.log.corruption.policy = EXCEPTION (default)
2024-06-22 09:53:52,155 [56d91bac-b32b-4010-a6ee-ca8fb4d6f013-groupManagement] INFO  server.RaftServerConfigKeys (ConfUtils.java:logGet(46)) - raft.server.storage.dir = [/home/runner/work/ozone/ozone/hadoop-ozone/integration-test/target/test-dir/MiniOzoneClusterImpl-e30f9212-6642-4e3c-bf74-b445a15ce63f/ozone-meta/datanode-3/ratis] (custom)
2024-06-22 09:53:52,156 [56d91bac-b32b-4010-a6ee-ca8fb4d6f013-groupManagement] INFO  storage.RaftStorageDirectory (RaftStorageDirectoryImpl.java:analyzeStorage(138)) - The storage directory /home/runner/work/ozone/ozone/hadoop-ozone/integration-test/target/test-dir/MiniOzoneClusterImpl-e30f9212-6642-4e3c-bf74-b445a15ce63f/ozone-meta/datanode-3/ratis/b16b2f6d-834d-4b8f-8640-cb174204298d does not exist. Creating ...
2024-06-22 09:53:52,155 [788200e2-a8c6-41b6-82b9-949d8dd4f2a7-groupManagement] INFO  server.RaftServerConfigKeys (ConfUtils.java:logGet(46)) - raft.server.rpc.timeout.min = 5s (custom)
2024-06-22 09:53:52,157 [788200e2-a8c6-41b6-82b9-949d8dd4f2a7-groupManagement] INFO  server.RaftServerConfigKeys (ConfUtils.java:logGet(46)) - raft.server.rpc.timeout.max = 5200ms (custom)
2024-06-22 09:53:52,157 [788200e2-a8c6-41b6-82b9-949d8dd4f2a7-groupManagement] INFO  server.RaftServerConfigKeys (ConfUtils.java:logGet(46)) - raft.server.rpc.sleep.time = 25ms (default)
2024-06-22 09:53:52,157 [788200e2-a8c6-41b6-82b9-949d8dd4f2a7-groupManagement] INFO  server.RaftServerConfigKeys (ConfUtils.java:logGet(46)) - raft.server.rpc.slowness.timeout = 300s (custom)
2024-06-22 09:53:52,157 [788200e2-a8c6-41b6-82b9-949d8dd4f2a7-groupManagement] INFO  server.RaftServerConfigKeys (ConfUtils.java:logGet(46)) - raft.server.leaderelection.leader.step-down.wait-time = 10s (default)
2024-06-22 09:53:52,157 [788200e2-a8c6-41b6-82b9-949d8dd4f2a7-groupManagement] INFO  server.RaftServerConfigKeys (ConfUtils.java:logGet(46)) - raft.server.leaderelection.member.majority-add = false (default)
2024-06-22 09:53:52,157 [788200e2-a8c6-41b6-82b9-949d8dd4f2a7-groupManagement] INFO  server.RaftServerConfigKeys (ConfUtils.java:logGet(46)) - raft.server.sleep.deviation.threshold = 300ms (default)
2024-06-22 09:53:52,157 [788200e2-a8c6-41b6-82b9-949d8dd4f2a7-groupManagement] INFO  server.RaftServer$Division (ServerState.java:<init>(113)) - 788200e2-a8c6-41b6-82b9-949d8dd4f2a7@group-CB174204298D: ConfigurationManager, init=-1: peers:[eea743f9-1650-4764-952b-70f255484f5c|127.0.0.1:15014, 788200e2-a8c6-41b6-82b9-949d8dd4f2a7|127.0.0.1:15023, 56d91bac-b32b-4010-a6ee-ca8fb4d6f013|127.0.0.1:15032]|listeners:[], old=null, confs=<EMPTY_MAP>
2024-06-22 09:53:52,157 [788200e2-a8c6-41b6-82b9-949d8dd4f2a7-groupManagement] INFO  server.RaftServerConfigKeys (ConfUtils.java:logGet(46)) - raft.server.notification.no-leader.timeout = 300s (custom)
2024-06-22 09:53:52,157 [788200e2-a8c6-41b6-82b9-949d8dd4f2a7-groupManagement] INFO  server.RaftServerConfigKeys (ConfUtils.java:logGet(46)) - raft.server.read.timeout = 10s (default)
2024-06-22 09:53:52,158 [788200e2-a8c6-41b6-82b9-949d8dd4f2a7-groupManagement] INFO  server.RaftServerConfigKeys (ConfUtils.java:logGet(46)) - raft.server.retrycache.expirytime = 600000ms (custom)
2024-06-22 09:53:52,158 [788200e2-a8c6-41b6-82b9-949d8dd4f2a7-groupManagement] INFO  server.RaftServerConfigKeys (ConfUtils.java:logGet(46)) - raft.server.retrycache.statistics.expirytime = 100ms (default)
2024-06-22 09:53:52,158 [788200e2-a8c6-41b6-82b9-949d8dd4f2a7-groupManagement] INFO  server.RaftServerConfigKeys (ConfUtils.java:logGet(46)) - raft.server.read.option = DEFAULT (default)
2024-06-22 09:53:52,158 [788200e2-a8c6-41b6-82b9-949d8dd4f2a7-groupManagement] INFO  server.RaftServerConfigKeys (ConfUtils.java:logGet(46)) - raft.server.read.read-after-write-consistent.write-index-cache.expiry-time = 60s (default)
2024-06-22 09:53:52,160 [788200e2-a8c6-41b6-82b9-949d8dd4f2a7-groupManagement] INFO  server.RaftServerConfigKeys (ConfUtils.java:logGet(46)) - raft.server.rpc.request.timeout = 60s (custom)
2024-06-22 09:53:52,160 [788200e2-a8c6-41b6-82b9-949d8dd4f2a7-groupManagement] INFO  server.RaftServerConfigKeys (ConfUtils.java:logGet(46)) - raft.server.log.appender.install.snapshot.enabled = false (custom)
2024-06-22 09:53:52,161 [788200e2-a8c6-41b6-82b9-949d8dd4f2a7-groupManagement] INFO  server.RaftServerConfigKeys (ConfUtils.java:logGet(46)) - raft.server.threadpool.server.cached = true (default)
2024-06-22 09:53:52,161 [788200e2-a8c6-41b6-82b9-949d8dd4f2a7-groupManagement] INFO  server.RaftServerConfigKeys (ConfUtils.java:logGet(46)) - raft.server.threadpool.server.size = 0 (default)
2024-06-22 09:53:52,161 [788200e2-a8c6-41b6-82b9-949d8dd4f2a7-groupManagement] INFO  server.RaftServerConfigKeys (ConfUtils.java:logGet(46)) - raft.server.threadpool.client.cached = true (default)
2024-06-22 09:53:52,161 [788200e2-a8c6-41b6-82b9-949d8dd4f2a7-groupManagement] INFO  server.RaftServerConfigKeys (ConfUtils.java:logGet(46)) - raft.server.threadpool.client.size = 0 (default)
2024-06-22 09:53:52,161 [788200e2-a8c6-41b6-82b9-949d8dd4f2a7-groupManagement] INFO  server.RaftServerConfigKeys (ConfUtils.java:logGet(46)) - raft.server.storage.free-space.min = 0MB (=0) (default)
2024-06-22 09:53:52,161 [788200e2-a8c6-41b6-82b9-949d8dd4f2a7-groupManagement] INFO  server.RaftServerConfigKeys (ConfUtils.java:logGet(46)) - raft.server.log.corruption.policy = EXCEPTION (default)
2024-06-22 09:53:52,161 [788200e2-a8c6-41b6-82b9-949d8dd4f2a7-groupManagement] INFO  server.RaftServerConfigKeys (ConfUtils.java:logGet(46)) - raft.server.storage.dir = [/home/runner/work/ozone/ozone/hadoop-ozone/integration-test/target/test-dir/MiniOzoneClusterImpl-e30f9212-6642-4e3c-bf74-b445a15ce63f/ozone-meta/datanode-2/ratis] (custom)
2024-06-22 09:53:52,161 [788200e2-a8c6-41b6-82b9-949d8dd4f2a7-groupManagement] INFO  storage.RaftStorageDirectory (RaftStorageDirectoryImpl.java:analyzeStorage(138)) - The storage directory /home/runner/work/ozone/ozone/hadoop-ozone/integration-test/target/test-dir/MiniOzoneClusterImpl-e30f9212-6642-4e3c-bf74-b445a15ce63f/ozone-meta/datanode-2/ratis/b16b2f6d-834d-4b8f-8640-cb174204298d does not exist. Creating ...
2024-06-22 09:53:52,163 [56d91bac-b32b-4010-a6ee-ca8fb4d6f013-groupManagement] INFO  storage.RaftStorageDirectory (RaftStorageDirectoryImpl.java:tryLock(228)) - Lock on /home/runner/work/ozone/ozone/hadoop-ozone/integration-test/target/test-dir/MiniOzoneClusterImpl-e30f9212-6642-4e3c-bf74-b445a15ce63f/ozone-meta/datanode-3/ratis/b16b2f6d-834d-4b8f-8640-cb174204298d/in_use.lock acquired by nodename 22061@fv-az660-705
2024-06-22 09:53:52,164 [788200e2-a8c6-41b6-82b9-949d8dd4f2a7-groupManagement] INFO  storage.RaftStorageDirectory (RaftStorageDirectoryImpl.java:tryLock(228)) - Lock on /home/runner/work/ozone/ozone/hadoop-ozone/integration-test/target/test-dir/MiniOzoneClusterImpl-e30f9212-6642-4e3c-bf74-b445a15ce63f/ozone-meta/datanode-2/ratis/b16b2f6d-834d-4b8f-8640-cb174204298d/in_use.lock acquired by nodename 22061@fv-az660-705
2024-06-22 09:53:52,165 [56d91bac-b32b-4010-a6ee-ca8fb4d6f013-groupManagement] INFO  storage.RaftStorage (RaftStorageImpl.java:format(99)) - Storage directory /home/runner/work/ozone/ozone/hadoop-ozone/integration-test/target/test-dir/MiniOzoneClusterImpl-e30f9212-6642-4e3c-bf74-b445a15ce63f/ozone-meta/datanode-3/ratis/b16b2f6d-834d-4b8f-8640-cb174204298d has been successfully formatted.
2024-06-22 09:53:52,165 [56d91bac-b32b-4010-a6ee-ca8fb4d6f013-groupManagement] WARN  util.FileUtils (LogUtils.java:supplyAndLog(63)) - Failed to Files.newInputStream /home/runner/work/ozone/ozone/hadoop-ozone/integration-test/target/test-dir/MiniOzoneClusterImpl-e30f9212-6642-4e3c-bf74-b445a15ce63f/ozone-meta/datanode-3/ratis/b16b2f6d-834d-4b8f-8640-cb174204298d/current/raft-meta.conf with options []: java.nio.file.NoSuchFileException: /home/runner/work/ozone/ozone/hadoop-ozone/integration-test/target/test-dir/MiniOzoneClusterImpl-e30f9212-6642-4e3c-bf74-b445a15ce63f/ozone-meta/datanode-3/ratis/b16b2f6d-834d-4b8f-8640-cb174204298d/current/raft-meta.conf
2024-06-22 09:53:52,165 [56d91bac-b32b-4010-a6ee-ca8fb4d6f013-groupManagement] INFO  ratis.ContainerStateMachine (ContainerStateMachine.java:loadSnapshot(287)) - group-CB174204298D: The snapshot info is null. Setting the last applied index to:(t:0, i:~)
2024-06-22 09:53:52,165 [56d91bac-b32b-4010-a6ee-ca8fb4d6f013-groupManagement] INFO  server.RaftServerConfigKeys (ConfUtils.java:logGet(46)) - raft.server.log.use.memory = false (default)
2024-06-22 09:53:52,165 [56d91bac-b32b-4010-a6ee-ca8fb4d6f013-groupManagement] INFO  server.RaftServerConfigKeys (ConfUtils.java:logGet(46)) - raft.server.log.purge.gap = 1000000 (custom)
2024-06-22 09:53:52,165 [56d91bac-b32b-4010-a6ee-ca8fb4d6f013-groupManagement] INFO  server.RaftServerConfigKeys (ConfUtils.java:logGet(46)) - raft.server.log.appender.buffer.byte-limit = 8388608 (custom)
2024-06-22 09:53:52,166 [56d91bac-b32b-4010-a6ee-ca8fb4d6f013-groupManagement] INFO  server.RaftServerConfigKeys (ConfUtils.java:logGet(46)) - raft.server.log.statemachine.data.read.timeout = 1000ms (default)
2024-06-22 09:53:52,166 [56d91bac-b32b-4010-a6ee-ca8fb4d6f013-groupManagement] INFO  server.RaftServerConfigKeys (ConfUtils.java:logGet(46)) - raft.server.log.purge.preservation.log.num = 0 (default)
2024-06-22 09:53:52,167 [EventQueue-OpenPipelineForHealthyPipelineSafeModeRule] INFO  safemode.SCMSafeModeManager (HealthyPipelineSafeModeRule.java:process(140)) - SCM in safe mode. Healthy pipelines reported count is 0, required healthy pipeline reported count is 1
2024-06-22 09:53:52,169 [56d91bac-b32b-4010-a6ee-ca8fb4d6f013-groupManagement] INFO  server.RaftServerConfigKeys (ConfUtils.java:logGet(46)) - raft.server.log.segment.size.max = 67108864 (custom)
2024-06-22 09:53:52,170 [56d91bac-b32b-4010-a6ee-ca8fb4d6f013-groupManagement] INFO  server.RaftServerConfigKeys (ConfUtils.java:logGet(46)) - raft.server.log.segment.cache.num.max = 2 (custom)
2024-06-22 09:53:52,170 [56d91bac-b32b-4010-a6ee-ca8fb4d6f013-groupManagement] INFO  server.RaftServerConfigKeys (ConfUtils.java:logGet(46)) - raft.server.log.segment.cache.size.max = 200MB (=209715200) (default)
2024-06-22 09:53:52,170 [56d91bac-b32b-4010-a6ee-ca8fb4d6f013-groupManagement] INFO  server.RaftServerConfigKeys (ConfUtils.java:logGet(46)) - raft.server.log.appender.buffer.byte-limit = 8388608 (custom)
2024-06-22 09:53:52,170 [56d91bac-b32b-4010-a6ee-ca8fb4d6f013-groupManagement] INFO  util.AwaitToRun (AwaitToRun.java:start(81)) - Thread[56d91bac-b32b-4010-a6ee-ca8fb4d6f013@group-CB174204298D-cacheEviction-AwaitToRun,5,main] started
2024-06-22 09:53:52,170 [56d91bac-b32b-4010-a6ee-ca8fb4d6f013-groupManagement] INFO  segmented.SegmentedRaftLogWorker (SegmentedRaftLogWorker.java:<init>(182)) - new 56d91bac-b32b-4010-a6ee-ca8fb4d6f013@group-CB174204298D-SegmentedRaftLogWorker for RaftStorageImpl:Storage Directory /home/runner/work/ozone/ozone/hadoop-ozone/integration-test/target/test-dir/MiniOzoneClusterImpl-e30f9212-6642-4e3c-bf74-b445a15ce63f/ozone-meta/datanode-3/ratis/b16b2f6d-834d-4b8f-8640-cb174204298d
2024-06-22 09:53:52,170 [56d91bac-b32b-4010-a6ee-ca8fb4d6f013-groupManagement] INFO  server.RaftServerConfigKeys (ConfUtils.java:logGet(46)) - raft.server.log.queue.byte-limit = 4294967296 (custom)
2024-06-22 09:53:52,170 [56d91bac-b32b-4010-a6ee-ca8fb4d6f013-groupManagement] INFO  server.RaftServerConfigKeys (ConfUtils.java:logGet(46)) - raft.server.log.queue.element-limit = 1024 (custom)
2024-06-22 09:53:52,170 [56d91bac-b32b-4010-a6ee-ca8fb4d6f013-groupManagement] INFO  server.RaftServerConfigKeys (ConfUtils.java:logGet(46)) - raft.server.log.segment.size.max = 67108864 (custom)
2024-06-22 09:53:52,171 [56d91bac-b32b-4010-a6ee-ca8fb4d6f013-groupManagement] INFO  server.RaftServerConfigKeys (ConfUtils.java:logGet(46)) - raft.server.log.preallocated.size = 4194304 (custom)
2024-06-22 09:53:52,171 [56d91bac-b32b-4010-a6ee-ca8fb4d6f013-groupManagement] INFO  server.RaftServerConfigKeys (ConfUtils.java:logGet(46)) - raft.server.log.force.sync.num = 128 (default)
2024-06-22 09:53:52,171 [56d91bac-b32b-4010-a6ee-ca8fb4d6f013-groupManagement] INFO  server.RaftServerConfigKeys (ConfUtils.java:logGet(46)) - raft.server.log.statemachine.data.sync = true (default)
2024-06-22 09:53:52,171 [56d91bac-b32b-4010-a6ee-ca8fb4d6f013-groupManagement] INFO  server.RaftServerConfigKeys (ConfUtils.java:logGet(46)) - raft.server.log.statemachine.data.sync.timeout = 10s (default)
2024-06-22 09:53:52,171 [56d91bac-b32b-4010-a6ee-ca8fb4d6f013-groupManagement] INFO  server.RaftServerConfigKeys (ConfUtils.java:logGet(46)) - raft.server.log.statemachine.data.sync.timeout.retry = 30 (custom)
2024-06-22 09:53:52,171 [56d91bac-b32b-4010-a6ee-ca8fb4d6f013-groupManagement] INFO  server.RaftServerConfigKeys (ConfUtils.java:logGet(46)) - raft.server.log.write.buffer.size = 8388616 (custom)
2024-06-22 09:53:52,172 [788200e2-a8c6-41b6-82b9-949d8dd4f2a7-groupManagement] INFO  storage.RaftStorage (RaftStorageImpl.java:format(99)) - Storage directory /home/runner/work/ozone/ozone/hadoop-ozone/integration-test/target/test-dir/MiniOzoneClusterImpl-e30f9212-6642-4e3c-bf74-b445a15ce63f/ozone-meta/datanode-2/ratis/b16b2f6d-834d-4b8f-8640-cb174204298d has been successfully formatted.
2024-06-22 09:53:52,172 [788200e2-a8c6-41b6-82b9-949d8dd4f2a7-groupManagement] WARN  util.FileUtils (LogUtils.java:supplyAndLog(63)) - Failed to Files.newInputStream /home/runner/work/ozone/ozone/hadoop-ozone/integration-test/target/test-dir/MiniOzoneClusterImpl-e30f9212-6642-4e3c-bf74-b445a15ce63f/ozone-meta/datanode-2/ratis/b16b2f6d-834d-4b8f-8640-cb174204298d/current/raft-meta.conf with options []: java.nio.file.NoSuchFileException: /home/runner/work/ozone/ozone/hadoop-ozone/integration-test/target/test-dir/MiniOzoneClusterImpl-e30f9212-6642-4e3c-bf74-b445a15ce63f/ozone-meta/datanode-2/ratis/b16b2f6d-834d-4b8f-8640-cb174204298d/current/raft-meta.conf
2024-06-22 09:53:52,173 [788200e2-a8c6-41b6-82b9-949d8dd4f2a7-groupManagement] INFO  ratis.ContainerStateMachine (ContainerStateMachine.java:loadSnapshot(287)) - group-CB174204298D: The snapshot info is null. Setting the last applied index to:(t:0, i:~)
2024-06-22 09:53:52,173 [788200e2-a8c6-41b6-82b9-949d8dd4f2a7-groupManagement] INFO  server.RaftServerConfigKeys (ConfUtils.java:logGet(46)) - raft.server.log.use.memory = false (default)
2024-06-22 09:53:52,173 [788200e2-a8c6-41b6-82b9-949d8dd4f2a7-groupManagement] INFO  server.RaftServerConfigKeys (ConfUtils.java:logGet(46)) - raft.server.log.purge.gap = 1000000 (custom)
2024-06-22 09:53:52,173 [788200e2-a8c6-41b6-82b9-949d8dd4f2a7-groupManagement] INFO  server.RaftServerConfigKeys (ConfUtils.java:logGet(46)) - raft.server.log.appender.buffer.byte-limit = 8388608 (custom)
2024-06-22 09:53:52,173 [788200e2-a8c6-41b6-82b9-949d8dd4f2a7-groupManagement] INFO  server.RaftServerConfigKeys (ConfUtils.java:logGet(46)) - raft.server.log.statemachine.data.read.timeout = 1000ms (default)
2024-06-22 09:53:52,173 [788200e2-a8c6-41b6-82b9-949d8dd4f2a7-groupManagement] INFO  server.RaftServerConfigKeys (ConfUtils.java:logGet(46)) - raft.server.log.purge.preservation.log.num = 0 (default)
2024-06-22 09:53:52,174 [EventQueue-OpenPipelineForHealthyPipelineSafeModeRule] INFO  safemode.SCMSafeModeManager (HealthyPipelineSafeModeRule.java:process(140)) - SCM in safe mode. Healthy pipelines reported count is 0, required healthy pipeline reported count is 1
2024-06-22 09:53:52,174 [56d91bac-b32b-4010-a6ee-ca8fb4d6f013-groupManagement] INFO  server.RaftServerConfigKeys (ConfUtils.java:logGet(46)) - raft.server.log.appender.buffer.byte-limit = 8388608 (custom)
2024-06-22 09:53:52,174 [56d91bac-b32b-4010-a6ee-ca8fb4d6f013-groupManagement] INFO  server.RaftServerConfigKeys (ConfUtils.java:logGet(46)) - raft.server.log.unsafe-flush.enabled = false (default)
2024-06-22 09:53:52,174 [56d91bac-b32b-4010-a6ee-ca8fb4d6f013-groupManagement] INFO  server.RaftServerConfigKeys (ConfUtils.java:logGet(46)) - raft.server.log.async-flush.enabled = false (default)
2024-06-22 09:53:52,174 [56d91bac-b32b-4010-a6ee-ca8fb4d6f013-groupManagement] INFO  server.RaftServerConfigKeys (ConfUtils.java:logGet(46)) - raft.server.log.statemachine.data.caching.enabled = true (custom)
2024-06-22 09:53:52,175 [56d91bac-b32b-4010-a6ee-ca8fb4d6f013-groupManagement] INFO  segmented.SegmentedRaftLogWorker (SegmentedRaftLogWorker.java:lambda$new$0(134)) - 56d91bac-b32b-4010-a6ee-ca8fb4d6f013@group-CB174204298D-SegmentedRaftLogWorker: flushIndex: setUnconditionally 0 -> -1
2024-06-22 09:53:52,175 [56d91bac-b32b-4010-a6ee-ca8fb4d6f013-groupManagement] INFO  segmented.SegmentedRaftLogWorker (SegmentedRaftLogWorker.java:lambda$new$0(134)) - 56d91bac-b32b-4010-a6ee-ca8fb4d6f013@group-CB174204298D-SegmentedRaftLogWorker: safeCacheEvictIndex: setUnconditionally 0 -> -1
2024-06-22 09:53:52,175 [56d91bac-b32b-4010-a6ee-ca8fb4d6f013-groupManagement] INFO  server.RaftServer$Division (RaftServerImpl.java:start(396)) - 56d91bac-b32b-4010-a6ee-ca8fb4d6f013@group-CB174204298D: start as a follower, conf=-1: peers:[eea743f9-1650-4764-952b-70f255484f5c|127.0.0.1:15014, 788200e2-a8c6-41b6-82b9-949d8dd4f2a7|127.0.0.1:15023, 56d91bac-b32b-4010-a6ee-ca8fb4d6f013|127.0.0.1:15032]|listeners:[], old=null
2024-06-22 09:53:52,175 [56d91bac-b32b-4010-a6ee-ca8fb4d6f013-groupManagement] INFO  server.RaftServer$Division (RaftServerImpl.java:setRole(383)) - 56d91bac-b32b-4010-a6ee-ca8fb4d6f013@group-CB174204298D: changes role from      null to FOLLOWER at term 0 for startAsFollower
2024-06-22 09:53:52,175 [56d91bac-b32b-4010-a6ee-ca8fb4d6f013-groupManagement] INFO  impl.RoleInfo (RoleInfo.java:updateAndGet(139)) - 56d91bac-b32b-4010-a6ee-ca8fb4d6f013: start 56d91bac-b32b-4010-a6ee-ca8fb4d6f013@group-CB174204298D-FollowerState
2024-06-22 09:53:52,176 [56d91bac-b32b-4010-a6ee-ca8fb4d6f013-groupManagement] INFO  util.JmxRegister (JmxRegister.java:tryRegister(44)) - Successfully registered JMX Bean with object name Ratis:service=RaftServer,group=group-CB174204298D,id=56d91bac-b32b-4010-a6ee-ca8fb4d6f013
2024-06-22 09:53:52,176 [56d91bac-b32b-4010-a6ee-ca8fb4d6f013-groupManagement] INFO  server.RaftServerConfigKeys (ConfUtils.java:logGet(46)) - raft.server.snapshot.trigger-when-stop.enabled = true (default)
2024-06-22 09:53:52,176 [56d91bac-b32b-4010-a6ee-ca8fb4d6f013-groupManagement] INFO  server.RaftServerConfigKeys (ConfUtils.java:logGet(46)) - raft.server.snapshot.auto.trigger.enabled = true (custom)
2024-06-22 09:53:52,176 [56d91bac-b32b-4010-a6ee-ca8fb4d6f013-groupManagement] INFO  server.RaftServerConfigKeys (ConfUtils.java:logGet(46)) - raft.server.snapshot.auto.trigger.threshold = 10000 (custom)
2024-06-22 09:53:52,176 [56d91bac-b32b-4010-a6ee-ca8fb4d6f013-groupManagement] INFO  server.RaftServerConfigKeys (ConfUtils.java:logGet(46)) - raft.server.snapshot.retention.file.num = 5 (custom)
2024-06-22 09:53:52,176 [56d91bac-b32b-4010-a6ee-ca8fb4d6f013-groupManagement] INFO  server.RaftServerConfigKeys (ConfUtils.java:logGet(46)) - raft.server.log.purge.upto.snapshot.index = false (default)
2024-06-22 09:53:52,177 [56d91bac-b32b-4010-a6ee-ca8fb4d6f013@group-CB174204298D-FollowerState] INFO  server.RaftServerConfigKeys (ConfUtils.java:logFallback(53)) - raft.server.rpc.first-election.timeout.min = 5s (fallback to raft.server.rpc.timeout.min)
2024-06-22 09:53:52,177 [56d91bac-b32b-4010-a6ee-ca8fb4d6f013@group-CB174204298D-FollowerState] INFO  server.RaftServerConfigKeys (ConfUtils.java:logFallback(53)) - raft.server.rpc.first-election.timeout.max = 5200ms (fallback to raft.server.rpc.timeout.max)
2024-06-22 09:53:52,177 [eea743f9-1650-4764-952b-70f255484f5c-PipelineCommandHandlerThread-0] INFO  commandhandler.CreatePipelineCommandHandler (CreatePipelineCommandHandler.java:lambda$handle$2(124)) - Created Pipeline RATIS THREE PipelineID=c35f43b3-a8fb-4e14-bd9d-b53a8c33f88f.
2024-06-22 09:53:52,178 [eea743f9-1650-4764-952b-70f255484f5c-PipelineCommandHandlerThread-0] INFO  server.RaftServer (RaftServerProxy.java:addNew(100)) - eea743f9-1650-4764-952b-70f255484f5c: addNew group-CB174204298D:[eea743f9-1650-4764-952b-70f255484f5c|127.0.0.1:15014, 788200e2-a8c6-41b6-82b9-949d8dd4f2a7|127.0.0.1:15023, 56d91bac-b32b-4010-a6ee-ca8fb4d6f013|127.0.0.1:15032] returns group-CB174204298D:java.util.concurrent.CompletableFuture@39b85607[Not completed]
2024-06-22 09:53:52,179 [eea743f9-1650-4764-952b-70f255484f5c-groupManagement] INFO  server.RaftServer$Division (RaftServerImpl.java:<init>(256)) - eea743f9-1650-4764-952b-70f255484f5c: new RaftServerImpl for group-CB174204298D:[eea743f9-1650-4764-952b-70f255484f5c|127.0.0.1:15014, 788200e2-a8c6-41b6-82b9-949d8dd4f2a7|127.0.0.1:15023, 56d91bac-b32b-4010-a6ee-ca8fb4d6f013|127.0.0.1:15032] with ContainerStateMachine:uninitialized
2024-06-22 09:53:52,179 [eea743f9-1650-4764-952b-70f255484f5c-groupManagement] INFO  server.RaftServerConfigKeys (ConfUtils.java:logGet(46)) - raft.server.rpc.timeout.min = 5s (custom)
2024-06-22 09:53:52,179 [eea743f9-1650-4764-952b-70f255484f5c-groupManagement] INFO  server.RaftServerConfigKeys (ConfUtils.java:logGet(46)) - raft.server.rpc.timeout.max = 5200ms (custom)
2024-06-22 09:53:52,179 [eea743f9-1650-4764-952b-70f255484f5c-groupManagement] INFO  server.RaftServerConfigKeys (ConfUtils.java:logGet(46)) - raft.server.rpc.sleep.time = 25ms (default)
2024-06-22 09:53:52,179 [eea743f9-1650-4764-952b-70f255484f5c-groupManagement] INFO  server.RaftServerConfigKeys (ConfUtils.java:logGet(46)) - raft.server.rpc.slowness.timeout = 300s (custom)
2024-06-22 09:53:52,179 [eea743f9-1650-4764-952b-70f255484f5c-groupManagement] INFO  server.RaftServerConfigKeys (ConfUtils.java:logGet(46)) - raft.server.leaderelection.leader.step-down.wait-time = 10s (default)
2024-06-22 09:53:52,179 [eea743f9-1650-4764-952b-70f255484f5c-groupManagement] INFO  server.RaftServerConfigKeys (ConfUtils.java:logGet(46)) - raft.server.leaderelection.member.majority-add = false (default)
2024-06-22 09:53:52,179 [eea743f9-1650-4764-952b-70f255484f5c-groupManagement] INFO  server.RaftServerConfigKeys (ConfUtils.java:logGet(46)) - raft.server.sleep.deviation.threshold = 300ms (default)
2024-06-22 09:53:52,179 [eea743f9-1650-4764-952b-70f255484f5c-groupManagement] INFO  server.RaftServer$Division (ServerState.java:<init>(113)) - eea743f9-1650-4764-952b-70f255484f5c@group-CB174204298D: ConfigurationManager, init=-1: peers:[eea743f9-1650-4764-952b-70f255484f5c|127.0.0.1:15014, 788200e2-a8c6-41b6-82b9-949d8dd4f2a7|127.0.0.1:15023, 56d91bac-b32b-4010-a6ee-ca8fb4d6f013|127.0.0.1:15032]|listeners:[], old=null, confs=<EMPTY_MAP>
2024-06-22 09:53:52,179 [eea743f9-1650-4764-952b-70f255484f5c-groupManagement] INFO  server.RaftServerConfigKeys (ConfUtils.java:logGet(46)) - raft.server.notification.no-leader.timeout = 300s (custom)
2024-06-22 09:53:52,180 [eea743f9-1650-4764-952b-70f255484f5c-groupManagement] INFO  server.RaftServerConfigKeys (ConfUtils.java:logGet(46)) - raft.server.read.timeout = 10s (default)
2024-06-22 09:53:52,180 [eea743f9-1650-4764-952b-70f255484f5c-groupManagement] INFO  server.RaftServerConfigKeys (ConfUtils.java:logGet(46)) - raft.server.retrycache.expirytime = 600000ms (custom)
2024-06-22 09:53:52,180 [eea743f9-1650-4764-952b-70f255484f5c-groupManagement] INFO  server.RaftServerConfigKeys (ConfUtils.java:logGet(46)) - raft.server.retrycache.statistics.expirytime = 100ms (default)
2024-06-22 09:53:52,180 [eea743f9-1650-4764-952b-70f255484f5c-groupManagement] INFO  server.RaftServerConfigKeys (ConfUtils.java:logGet(46)) - raft.server.read.option = DEFAULT (default)
2024-06-22 09:53:52,180 [eea743f9-1650-4764-952b-70f255484f5c-groupManagement] INFO  server.RaftServerConfigKeys (ConfUtils.java:logGet(46)) - raft.server.read.read-after-write-consistent.write-index-cache.expiry-time = 60s (default)
2024-06-22 09:53:52,180 [56d91bac-b32b-4010-a6ee-ca8fb4d6f013-PipelineCommandHandlerThread-0] INFO  ratis.XceiverServerRatis (XceiverServerRatis.java:addGroup(864)) - Created group PipelineID=b16b2f6d-834d-4b8f-8640-cb174204298d
2024-06-22 09:53:52,184 [eea743f9-1650-4764-952b-70f255484f5c-groupManagement] INFO  server.RaftServerConfigKeys (ConfUtils.java:logGet(46)) - raft.server.rpc.request.timeout = 60s (custom)
2024-06-22 09:53:52,184 [eea743f9-1650-4764-952b-70f255484f5c-groupManagement] INFO  server.RaftServerConfigKeys (ConfUtils.java:logGet(46)) - raft.server.log.appender.install.snapshot.enabled = false (custom)
2024-06-22 09:53:52,184 [eea743f9-1650-4764-952b-70f255484f5c-groupManagement] INFO  server.RaftServerConfigKeys (ConfUtils.java:logGet(46)) - raft.server.threadpool.server.cached = true (default)
2024-06-22 09:53:52,184 [eea743f9-1650-4764-952b-70f255484f5c-groupManagement] INFO  server.RaftServerConfigKeys (ConfUtils.java:logGet(46)) - raft.server.threadpool.server.size = 0 (default)
2024-06-22 09:53:52,184 [eea743f9-1650-4764-952b-70f255484f5c-groupManagement] INFO  server.RaftServerConfigKeys (ConfUtils.java:logGet(46)) - raft.server.threadpool.client.cached = true (default)
2024-06-22 09:53:52,184 [eea743f9-1650-4764-952b-70f255484f5c-groupManagement] INFO  server.RaftServerConfigKeys (ConfUtils.java:logGet(46)) - raft.server.threadpool.client.size = 0 (default)
2024-06-22 09:53:52,184 [eea743f9-1650-4764-952b-70f255484f5c-groupManagement] INFO  server.RaftServerConfigKeys (ConfUtils.java:logGet(46)) - raft.server.storage.free-space.min = 0MB (=0) (default)
2024-06-22 09:53:52,185 [eea743f9-1650-4764-952b-70f255484f5c-groupManagement] INFO  server.RaftServerConfigKeys (ConfUtils.java:logGet(46)) - raft.server.log.corruption.policy = EXCEPTION (default)
2024-06-22 09:53:52,185 [eea743f9-1650-4764-952b-70f255484f5c-groupManagement] INFO  server.RaftServerConfigKeys (ConfUtils.java:logGet(46)) - raft.server.storage.dir = [/home/runner/work/ozone/ozone/hadoop-ozone/integration-test/target/test-dir/MiniOzoneClusterImpl-e30f9212-6642-4e3c-bf74-b445a15ce63f/ozone-meta/datanode-1/ratis] (custom)
2024-06-22 09:53:52,185 [eea743f9-1650-4764-952b-70f255484f5c-groupManagement] INFO  storage.RaftStorageDirectory (RaftStorageDirectoryImpl.java:analyzeStorage(138)) - The storage directory /home/runner/work/ozone/ozone/hadoop-ozone/integration-test/target/test-dir/MiniOzoneClusterImpl-e30f9212-6642-4e3c-bf74-b445a15ce63f/ozone-meta/datanode-1/ratis/b16b2f6d-834d-4b8f-8640-cb174204298d does not exist. Creating ...
2024-06-22 09:53:52,187 [788200e2-a8c6-41b6-82b9-949d8dd4f2a7-groupManagement] INFO  server.RaftServerConfigKeys (ConfUtils.java:logGet(46)) - raft.server.log.segment.size.max = 67108864 (custom)
2024-06-22 09:53:52,187 [eea743f9-1650-4764-952b-70f255484f5c-groupManagement] INFO  storage.RaftStorageDirectory (RaftStorageDirectoryImpl.java:tryLock(228)) - Lock on /home/runner/work/ozone/ozone/hadoop-ozone/integration-test/target/test-dir/MiniOzoneClusterImpl-e30f9212-6642-4e3c-bf74-b445a15ce63f/ozone-meta/datanode-1/ratis/b16b2f6d-834d-4b8f-8640-cb174204298d/in_use.lock acquired by nodename 22061@fv-az660-705
2024-06-22 09:53:52,187 [788200e2-a8c6-41b6-82b9-949d8dd4f2a7-groupManagement] INFO  server.RaftServerConfigKeys (ConfUtils.java:logGet(46)) - raft.server.log.segment.cache.num.max = 2 (custom)
2024-06-22 09:53:52,187 [788200e2-a8c6-41b6-82b9-949d8dd4f2a7-groupManagement] INFO  server.RaftServerConfigKeys (ConfUtils.java:logGet(46)) - raft.server.log.segment.cache.size.max = 200MB (=209715200) (default)
2024-06-22 09:53:52,188 [788200e2-a8c6-41b6-82b9-949d8dd4f2a7-groupManagement] INFO  server.RaftServerConfigKeys (ConfUtils.java:logGet(46)) - raft.server.log.appender.buffer.byte-limit = 8388608 (custom)
2024-06-22 09:53:52,188 [eea743f9-1650-4764-952b-70f255484f5c-groupManagement] INFO  storage.RaftStorage (RaftStorageImpl.java:format(99)) - Storage directory /home/runner/work/ozone/ozone/hadoop-ozone/integration-test/target/test-dir/MiniOzoneClusterImpl-e30f9212-6642-4e3c-bf74-b445a15ce63f/ozone-meta/datanode-1/ratis/b16b2f6d-834d-4b8f-8640-cb174204298d has been successfully formatted.
2024-06-22 09:53:52,189 [eea743f9-1650-4764-952b-70f255484f5c-groupManagement] WARN  util.FileUtils (LogUtils.java:supplyAndLog(63)) - Failed to Files.newInputStream /home/runner/work/ozone/ozone/hadoop-ozone/integration-test/target/test-dir/MiniOzoneClusterImpl-e30f9212-6642-4e3c-bf74-b445a15ce63f/ozone-meta/datanode-1/ratis/b16b2f6d-834d-4b8f-8640-cb174204298d/current/raft-meta.conf with options []: java.nio.file.NoSuchFileException: /home/runner/work/ozone/ozone/hadoop-ozone/integration-test/target/test-dir/MiniOzoneClusterImpl-e30f9212-6642-4e3c-bf74-b445a15ce63f/ozone-meta/datanode-1/ratis/b16b2f6d-834d-4b8f-8640-cb174204298d/current/raft-meta.conf
2024-06-22 09:53:52,189 [eea743f9-1650-4764-952b-70f255484f5c-groupManagement] INFO  ratis.ContainerStateMachine (ContainerStateMachine.java:loadSnapshot(287)) - group-CB174204298D: The snapshot info is null. Setting the last applied index to:(t:0, i:~)
2024-06-22 09:53:52,189 [eea743f9-1650-4764-952b-70f255484f5c-groupManagement] INFO  server.RaftServerConfigKeys (ConfUtils.java:logGet(46)) - raft.server.log.use.memory = false (default)
2024-06-22 09:53:52,189 [eea743f9-1650-4764-952b-70f255484f5c-groupManagement] INFO  server.RaftServerConfigKeys (ConfUtils.java:logGet(46)) - raft.server.log.purge.gap = 1000000 (custom)
2024-06-22 09:53:52,189 [eea743f9-1650-4764-952b-70f255484f5c-groupManagement] INFO  server.RaftServerConfigKeys (ConfUtils.java:logGet(46)) - raft.server.log.appender.buffer.byte-limit = 8388608 (custom)
2024-06-22 09:53:52,189 [eea743f9-1650-4764-952b-70f255484f5c-groupManagement] INFO  server.RaftServerConfigKeys (ConfUtils.java:logGet(46)) - raft.server.log.statemachine.data.read.timeout = 1000ms (default)
2024-06-22 09:53:52,189 [eea743f9-1650-4764-952b-70f255484f5c-groupManagement] INFO  server.RaftServerConfigKeys (ConfUtils.java:logGet(46)) - raft.server.log.purge.preservation.log.num = 0 (default)
2024-06-22 09:53:52,190 [788200e2-a8c6-41b6-82b9-949d8dd4f2a7-groupManagement] INFO  util.AwaitToRun (AwaitToRun.java:start(81)) - Thread[788200e2-a8c6-41b6-82b9-949d8dd4f2a7@group-CB174204298D-cacheEviction-AwaitToRun,5,main] started
2024-06-22 09:53:52,190 [788200e2-a8c6-41b6-82b9-949d8dd4f2a7-groupManagement] INFO  segmented.SegmentedRaftLogWorker (SegmentedRaftLogWorker.java:<init>(182)) - new 788200e2-a8c6-41b6-82b9-949d8dd4f2a7@group-CB174204298D-SegmentedRaftLogWorker for RaftStorageImpl:Storage Directory /home/runner/work/ozone/ozone/hadoop-ozone/integration-test/target/test-dir/MiniOzoneClusterImpl-e30f9212-6642-4e3c-bf74-b445a15ce63f/ozone-meta/datanode-2/ratis/b16b2f6d-834d-4b8f-8640-cb174204298d
2024-06-22 09:53:52,190 [788200e2-a8c6-41b6-82b9-949d8dd4f2a7-groupManagement] INFO  server.RaftServerConfigKeys (ConfUtils.java:logGet(46)) - raft.server.log.queue.byte-limit = 4294967296 (custom)
2024-06-22 09:53:52,190 [788200e2-a8c6-41b6-82b9-949d8dd4f2a7-groupManagement] INFO  server.RaftServerConfigKeys (ConfUtils.java:logGet(46)) - raft.server.log.queue.element-limit = 1024 (custom)
2024-06-22 09:53:52,190 [788200e2-a8c6-41b6-82b9-949d8dd4f2a7-groupManagement] INFO  server.RaftServerConfigKeys (ConfUtils.java:logGet(46)) - raft.server.log.segment.size.max = 67108864 (custom)
2024-06-22 09:53:52,190 [788200e2-a8c6-41b6-82b9-949d8dd4f2a7-groupManagement] INFO  server.RaftServerConfigKeys (ConfUtils.java:logGet(46)) - raft.server.log.preallocated.size = 4194304 (custom)
2024-06-22 09:53:52,190 [788200e2-a8c6-41b6-82b9-949d8dd4f2a7-groupManagement] INFO  server.RaftServerConfigKeys (ConfUtils.java:logGet(46)) - raft.server.log.force.sync.num = 128 (default)
2024-06-22 09:53:52,190 [788200e2-a8c6-41b6-82b9-949d8dd4f2a7-groupManagement] INFO  server.RaftServerConfigKeys (ConfUtils.java:logGet(46)) - raft.server.log.statemachine.data.sync = true (default)
2024-06-22 09:53:52,190 [788200e2-a8c6-41b6-82b9-949d8dd4f2a7-groupManagement] INFO  server.RaftServerConfigKeys (ConfUtils.java:logGet(46)) - raft.server.log.statemachine.data.sync.timeout = 10s (default)
2024-06-22 09:53:52,190 [788200e2-a8c6-41b6-82b9-949d8dd4f2a7-groupManagement] INFO  server.RaftServerConfigKeys (ConfUtils.java:logGet(46)) - raft.server.log.statemachine.data.sync.timeout.retry = 30 (custom)
2024-06-22 09:53:52,191 [EventQueue-OpenPipelineForHealthyPipelineSafeModeRule] INFO  safemode.SCMSafeModeManager (HealthyPipelineSafeModeRule.java:process(140)) - SCM in safe mode. Healthy pipelines reported count is 0, required healthy pipeline reported count is 1
2024-06-22 09:53:52,191 [788200e2-a8c6-41b6-82b9-949d8dd4f2a7-groupManagement] INFO  server.RaftServerConfigKeys (ConfUtils.java:logGet(46)) - raft.server.log.write.buffer.size = 8388616 (custom)
2024-06-22 09:53:52,192 [eea743f9-1650-4764-952b-70f255484f5c-groupManagement] INFO  server.RaftServerConfigKeys (ConfUtils.java:logGet(46)) - raft.server.log.segment.size.max = 67108864 (custom)
2024-06-22 09:53:52,192 [eea743f9-1650-4764-952b-70f255484f5c-groupManagement] INFO  server.RaftServerConfigKeys (ConfUtils.java:logGet(46)) - raft.server.log.segment.cache.num.max = 2 (custom)
2024-06-22 09:53:52,192 [eea743f9-1650-4764-952b-70f255484f5c-groupManagement] INFO  server.RaftServerConfigKeys (ConfUtils.java:logGet(46)) - raft.server.log.segment.cache.size.max = 200MB (=209715200) (default)
2024-06-22 09:53:52,192 [eea743f9-1650-4764-952b-70f255484f5c-groupManagement] INFO  server.RaftServerConfigKeys (ConfUtils.java:logGet(46)) - raft.server.log.appender.buffer.byte-limit = 8388608 (custom)
2024-06-22 09:53:52,195 [788200e2-a8c6-41b6-82b9-949d8dd4f2a7-groupManagement] INFO  server.RaftServerConfigKeys (ConfUtils.java:logGet(46)) - raft.server.log.appender.buffer.byte-limit = 8388608 (custom)
2024-06-22 09:53:52,195 [788200e2-a8c6-41b6-82b9-949d8dd4f2a7-groupManagement] INFO  server.RaftServerConfigKeys (ConfUtils.java:logGet(46)) - raft.server.log.unsafe-flush.enabled = false (default)
2024-06-22 09:53:52,195 [788200e2-a8c6-41b6-82b9-949d8dd4f2a7-groupManagement] INFO  server.RaftServerConfigKeys (ConfUtils.java:logGet(46)) - raft.server.log.async-flush.enabled = false (default)
2024-06-22 09:53:52,195 [788200e2-a8c6-41b6-82b9-949d8dd4f2a7-groupManagement] INFO  server.RaftServerConfigKeys (ConfUtils.java:logGet(46)) - raft.server.log.statemachine.data.caching.enabled = true (custom)
2024-06-22 09:53:52,196 [788200e2-a8c6-41b6-82b9-949d8dd4f2a7-groupManagement] INFO  segmented.SegmentedRaftLogWorker (SegmentedRaftLogWorker.java:lambda$new$0(134)) - 788200e2-a8c6-41b6-82b9-949d8dd4f2a7@group-CB174204298D-SegmentedRaftLogWorker: flushIndex: setUnconditionally 0 -> -1
2024-06-22 09:53:52,196 [788200e2-a8c6-41b6-82b9-949d8dd4f2a7-groupManagement] INFO  segmented.SegmentedRaftLogWorker (SegmentedRaftLogWorker.java:lambda$new$0(134)) - 788200e2-a8c6-41b6-82b9-949d8dd4f2a7@group-CB174204298D-SegmentedRaftLogWorker: safeCacheEvictIndex: setUnconditionally 0 -> -1
2024-06-22 09:53:52,199 [eea743f9-1650-4764-952b-70f255484f5c-groupManagement] INFO  util.AwaitToRun (AwaitToRun.java:start(81)) - Thread[eea743f9-1650-4764-952b-70f255484f5c@group-CB174204298D-cacheEviction-AwaitToRun,5,main] started
2024-06-22 09:53:52,199 [eea743f9-1650-4764-952b-70f255484f5c-groupManagement] INFO  segmented.SegmentedRaftLogWorker (SegmentedRaftLogWorker.java:<init>(182)) - new eea743f9-1650-4764-952b-70f255484f5c@group-CB174204298D-SegmentedRaftLogWorker for RaftStorageImpl:Storage Directory /home/runner/work/ozone/ozone/hadoop-ozone/integration-test/target/test-dir/MiniOzoneClusterImpl-e30f9212-6642-4e3c-bf74-b445a15ce63f/ozone-meta/datanode-1/ratis/b16b2f6d-834d-4b8f-8640-cb174204298d
2024-06-22 09:53:52,199 [eea743f9-1650-4764-952b-70f255484f5c-groupManagement] INFO  server.RaftServerConfigKeys (ConfUtils.java:logGet(46)) - raft.server.log.queue.byte-limit = 4294967296 (custom)
2024-06-22 09:53:52,199 [eea743f9-1650-4764-952b-70f255484f5c-groupManagement] INFO  server.RaftServerConfigKeys (ConfUtils.java:logGet(46)) - raft.server.log.queue.element-limit = 1024 (custom)
2024-06-22 09:53:52,199 [eea743f9-1650-4764-952b-70f255484f5c-groupManagement] INFO  server.RaftServerConfigKeys (ConfUtils.java:logGet(46)) - raft.server.log.segment.size.max = 67108864 (custom)
2024-06-22 09:53:52,199 [eea743f9-1650-4764-952b-70f255484f5c-groupManagement] INFO  server.RaftServerConfigKeys (ConfUtils.java:logGet(46)) - raft.server.log.preallocated.size = 4194304 (custom)
2024-06-22 09:53:52,199 [eea743f9-1650-4764-952b-70f255484f5c-groupManagement] INFO  server.RaftServerConfigKeys (ConfUtils.java:logGet(46)) - raft.server.log.force.sync.num = 128 (default)
2024-06-22 09:53:52,199 [eea743f9-1650-4764-952b-70f255484f5c-groupManagement] INFO  server.RaftServerConfigKeys (ConfUtils.java:logGet(46)) - raft.server.log.statemachine.data.sync = true (default)
2024-06-22 09:53:52,199 [eea743f9-1650-4764-952b-70f255484f5c-groupManagement] INFO  server.RaftServerConfigKeys (ConfUtils.java:logGet(46)) - raft.server.log.statemachine.data.sync.timeout = 10s (default)
2024-06-22 09:53:52,200 [eea743f9-1650-4764-952b-70f255484f5c-groupManagement] INFO  server.RaftServerConfigKeys (ConfUtils.java:logGet(46)) - raft.server.log.statemachine.data.sync.timeout.retry = 30 (custom)
2024-06-22 09:53:52,200 [eea743f9-1650-4764-952b-70f255484f5c-groupManagement] INFO  server.RaftServerConfigKeys (ConfUtils.java:logGet(46)) - raft.server.log.write.buffer.size = 8388616 (custom)
2024-06-22 09:53:52,202 [eea743f9-1650-4764-952b-70f255484f5c-groupManagement] INFO  server.RaftServerConfigKeys (ConfUtils.java:logGet(46)) - raft.server.log.appender.buffer.byte-limit = 8388608 (custom)
2024-06-22 09:53:52,202 [eea743f9-1650-4764-952b-70f255484f5c-groupManagement] INFO  server.RaftServerConfigKeys (ConfUtils.java:logGet(46)) - raft.server.log.unsafe-flush.enabled = false (default)
2024-06-22 09:53:52,202 [eea743f9-1650-4764-952b-70f255484f5c-groupManagement] INFO  server.RaftServerConfigKeys (ConfUtils.java:logGet(46)) - raft.server.log.async-flush.enabled = false (default)
2024-06-22 09:53:52,202 [eea743f9-1650-4764-952b-70f255484f5c-groupManagement] INFO  server.RaftServerConfigKeys (ConfUtils.java:logGet(46)) - raft.server.log.statemachine.data.caching.enabled = true (custom)
2024-06-22 09:53:52,202 [eea743f9-1650-4764-952b-70f255484f5c-groupManagement] INFO  segmented.SegmentedRaftLogWorker (SegmentedRaftLogWorker.java:lambda$new$0(134)) - eea743f9-1650-4764-952b-70f255484f5c@group-CB174204298D-SegmentedRaftLogWorker: flushIndex: setUnconditionally 0 -> -1
2024-06-22 09:53:52,203 [eea743f9-1650-4764-952b-70f255484f5c-groupManagement] INFO  segmented.SegmentedRaftLogWorker (SegmentedRaftLogWorker.java:lambda$new$0(134)) - eea743f9-1650-4764-952b-70f255484f5c@group-CB174204298D-SegmentedRaftLogWorker: safeCacheEvictIndex: setUnconditionally 0 -> -1
2024-06-22 09:53:52,206 [788200e2-a8c6-41b6-82b9-949d8dd4f2a7-groupManagement] INFO  server.RaftServer$Division (RaftServerImpl.java:start(396)) - 788200e2-a8c6-41b6-82b9-949d8dd4f2a7@group-CB174204298D: start as a follower, conf=-1: peers:[eea743f9-1650-4764-952b-70f255484f5c|127.0.0.1:15014, 788200e2-a8c6-41b6-82b9-949d8dd4f2a7|127.0.0.1:15023, 56d91bac-b32b-4010-a6ee-ca8fb4d6f013|127.0.0.1:15032]|listeners:[], old=null
2024-06-22 09:53:52,206 [788200e2-a8c6-41b6-82b9-949d8dd4f2a7-groupManagement] INFO  server.RaftServer$Division (RaftServerImpl.java:setRole(383)) - 788200e2-a8c6-41b6-82b9-949d8dd4f2a7@group-CB174204298D: changes role from      null to FOLLOWER at term 0 for startAsFollower
2024-06-22 09:53:52,206 [788200e2-a8c6-41b6-82b9-949d8dd4f2a7-groupManagement] INFO  impl.RoleInfo (RoleInfo.java:updateAndGet(139)) - 788200e2-a8c6-41b6-82b9-949d8dd4f2a7: start 788200e2-a8c6-41b6-82b9-949d8dd4f2a7@group-CB174204298D-FollowerState
2024-06-22 09:53:52,208 [eea743f9-1650-4764-952b-70f255484f5c-groupManagement] INFO  server.RaftServer$Division (RaftServerImpl.java:start(396)) - eea743f9-1650-4764-952b-70f255484f5c@group-CB174204298D: start as a follower, conf=-1: peers:[eea743f9-1650-4764-952b-70f255484f5c|127.0.0.1:15014, 788200e2-a8c6-41b6-82b9-949d8dd4f2a7|127.0.0.1:15023, 56d91bac-b32b-4010-a6ee-ca8fb4d6f013|127.0.0.1:15032]|listeners:[], old=null
2024-06-22 09:53:52,208 [eea743f9-1650-4764-952b-70f255484f5c-groupManagement] INFO  server.RaftServer$Division (RaftServerImpl.java:setRole(383)) - eea743f9-1650-4764-952b-70f255484f5c@group-CB174204298D: changes role from      null to FOLLOWER at term 0 for startAsFollower
2024-06-22 09:53:52,208 [eea743f9-1650-4764-952b-70f255484f5c-groupManagement] INFO  impl.RoleInfo (RoleInfo.java:updateAndGet(139)) - eea743f9-1650-4764-952b-70f255484f5c: start eea743f9-1650-4764-952b-70f255484f5c@group-CB174204298D-FollowerState
2024-06-22 09:53:52,211 [788200e2-a8c6-41b6-82b9-949d8dd4f2a7-groupManagement] INFO  util.JmxRegister (JmxRegister.java:tryRegister(44)) - Successfully registered JMX Bean with object name Ratis:service=RaftServer,group=group-CB174204298D,id=788200e2-a8c6-41b6-82b9-949d8dd4f2a7
2024-06-22 09:53:52,211 [788200e2-a8c6-41b6-82b9-949d8dd4f2a7-groupManagement] INFO  server.RaftServerConfigKeys (ConfUtils.java:logGet(46)) - raft.server.snapshot.trigger-when-stop.enabled = true (default)
2024-06-22 09:53:52,211 [788200e2-a8c6-41b6-82b9-949d8dd4f2a7-groupManagement] INFO  server.RaftServerConfigKeys (ConfUtils.java:logGet(46)) - raft.server.snapshot.auto.trigger.enabled = true (custom)
2024-06-22 09:53:52,211 [788200e2-a8c6-41b6-82b9-949d8dd4f2a7-groupManagement] INFO  server.RaftServerConfigKeys (ConfUtils.java:logGet(46)) - raft.server.snapshot.auto.trigger.threshold = 10000 (custom)
2024-06-22 09:53:52,211 [788200e2-a8c6-41b6-82b9-949d8dd4f2a7-groupManagement] INFO  server.RaftServerConfigKeys (ConfUtils.java:logGet(46)) - raft.server.snapshot.retention.file.num = 5 (custom)
2024-06-22 09:53:52,211 [788200e2-a8c6-41b6-82b9-949d8dd4f2a7-groupManagement] INFO  server.RaftServerConfigKeys (ConfUtils.java:logGet(46)) - raft.server.log.purge.upto.snapshot.index = false (default)
2024-06-22 09:53:52,212 [788200e2-a8c6-41b6-82b9-949d8dd4f2a7@group-CB174204298D-FollowerState] INFO  server.RaftServerConfigKeys (ConfUtils.java:logFallback(53)) - raft.server.rpc.first-election.timeout.min = 5s (fallback to raft.server.rpc.timeout.min)
2024-06-22 09:53:52,212 [788200e2-a8c6-41b6-82b9-949d8dd4f2a7@group-CB174204298D-FollowerState] INFO  server.RaftServerConfigKeys (ConfUtils.java:logFallback(53)) - raft.server.rpc.first-election.timeout.max = 5200ms (fallback to raft.server.rpc.timeout.max)
2024-06-22 09:53:52,212 [eea743f9-1650-4764-952b-70f255484f5c-groupManagement] INFO  util.JmxRegister (JmxRegister.java:tryRegister(44)) - Successfully registered JMX Bean with object name Ratis:service=RaftServer,group=group-CB174204298D,id=eea743f9-1650-4764-952b-70f255484f5c
2024-06-22 09:53:52,212 [eea743f9-1650-4764-952b-70f255484f5c@group-CB174204298D-FollowerState] INFO  server.RaftServerConfigKeys (ConfUtils.java:logFallback(53)) - raft.server.rpc.first-election.timeout.min = 5s (fallback to raft.server.rpc.timeout.min)
2024-06-22 09:53:52,212 [eea743f9-1650-4764-952b-70f255484f5c@group-CB174204298D-FollowerState] INFO  server.RaftServerConfigKeys (ConfUtils.java:logFallback(53)) - raft.server.rpc.first-election.timeout.max = 5200ms (fallback to raft.server.rpc.timeout.max)
2024-06-22 09:53:52,212 [eea743f9-1650-4764-952b-70f255484f5c-groupManagement] INFO  server.RaftServerConfigKeys (ConfUtils.java:logGet(46)) - raft.server.snapshot.trigger-when-stop.enabled = true (default)
2024-06-22 09:53:52,212 [eea743f9-1650-4764-952b-70f255484f5c-groupManagement] INFO  server.RaftServerConfigKeys (ConfUtils.java:logGet(46)) - raft.server.snapshot.auto.trigger.enabled = true (custom)
2024-06-22 09:53:52,213 [eea743f9-1650-4764-952b-70f255484f5c-groupManagement] INFO  server.RaftServerConfigKeys (ConfUtils.java:logGet(46)) - raft.server.snapshot.auto.trigger.threshold = 10000 (custom)
2024-06-22 09:53:52,213 [eea743f9-1650-4764-952b-70f255484f5c-groupManagement] INFO  server.RaftServerConfigKeys (ConfUtils.java:logGet(46)) - raft.server.snapshot.retention.file.num = 5 (custom)
2024-06-22 09:53:52,213 [eea743f9-1650-4764-952b-70f255484f5c-groupManagement] INFO  server.RaftServerConfigKeys (ConfUtils.java:logGet(46)) - raft.server.log.purge.upto.snapshot.index = false (default)
2024-06-22 09:53:52,217 [788200e2-a8c6-41b6-82b9-949d8dd4f2a7-PipelineCommandHandlerThread-0] INFO  ratis.XceiverServerRatis (XceiverServerRatis.java:addGroup(864)) - Created group PipelineID=b16b2f6d-834d-4b8f-8640-cb174204298d
2024-06-22 09:53:52,233 [eea743f9-1650-4764-952b-70f255484f5c-PipelineCommandHandlerThread-0] INFO  ratis.XceiverServerRatis (XceiverServerRatis.java:addGroup(864)) - Created group PipelineID=b16b2f6d-834d-4b8f-8640-cb174204298d
2024-06-22 09:53:52,262 [56d91bac-b32b-4010-a6ee-ca8fb4d6f013-PipelineCommandHandlerThread-0] INFO  commandhandler.CreatePipelineCommandHandler (CreatePipelineCommandHandler.java:lambda$handle$2(124)) - Created Pipeline RATIS THREE PipelineID=b16b2f6d-834d-4b8f-8640-cb174204298d.
2024-06-22 09:53:52,277 [788200e2-a8c6-41b6-82b9-949d8dd4f2a7-PipelineCommandHandlerThread-0] INFO  commandhandler.CreatePipelineCommandHandler (CreatePipelineCommandHandler.java:lambda$handle$2(124)) - Created Pipeline RATIS THREE PipelineID=b16b2f6d-834d-4b8f-8640-cb174204298d.
2024-06-22 09:53:52,292 [eea743f9-1650-4764-952b-70f255484f5c-PipelineCommandHandlerThread-0] INFO  commandhandler.CreatePipelineCommandHandler (CreatePipelineCommandHandler.java:lambda$handle$2(124)) - Created Pipeline RATIS THREE PipelineID=b16b2f6d-834d-4b8f-8640-cb174204298d.
2024-06-22 09:53:52,950 [main] INFO  ozone.MiniOzoneClusterImpl (MiniOzoneClusterImpl.java:lambda$waitForClusterToBeReady$0(194)) - Nodes are ready. Got 3 of 3 DN Heartbeats.
2024-06-22 09:53:52,950 [main] INFO  ozone.MiniOzoneClusterImpl (MiniOzoneClusterImpl.java:lambda$waitForClusterToBeReady$0(197)) - Waiting for cluster to exit safe mode
2024-06-22 09:53:52,950 [main] INFO  ozone.MiniOzoneClusterImpl (MiniOzoneClusterImpl.java:lambda$waitForClusterToBeReady$0(199)) - SCM became leader
2024-06-22 09:53:53,951 [main] INFO  ozone.MiniOzoneClusterImpl (MiniOzoneClusterImpl.java:lambda$waitForClusterToBeReady$0(194)) - Nodes are ready. Got 3 of 3 DN Heartbeats.
2024-06-22 09:53:53,951 [main] INFO  ozone.MiniOzoneClusterImpl (MiniOzoneClusterImpl.java:lambda$waitForClusterToBeReady$0(197)) - Waiting for cluster to exit safe mode
2024-06-22 09:53:53,951 [main] INFO  ozone.MiniOzoneClusterImpl (MiniOzoneClusterImpl.java:lambda$waitForClusterToBeReady$0(199)) - SCM became leader
2024-06-22 09:53:54,951 [main] INFO  ozone.MiniOzoneClusterImpl (MiniOzoneClusterImpl.java:lambda$waitForClusterToBeReady$0(194)) - Nodes are ready. Got 3 of 3 DN Heartbeats.
2024-06-22 09:53:54,951 [main] INFO  ozone.MiniOzoneClusterImpl (MiniOzoneClusterImpl.java:lambda$waitForClusterToBeReady$0(197)) - Waiting for cluster to exit safe mode
2024-06-22 09:53:54,952 [main] INFO  ozone.MiniOzoneClusterImpl (MiniOzoneClusterImpl.java:lambda$waitForClusterToBeReady$0(199)) - SCM became leader
2024-06-22 09:53:55,952 [main] INFO  ozone.MiniOzoneClusterImpl (MiniOzoneClusterImpl.java:lambda$waitForClusterToBeReady$0(194)) - Nodes are ready. Got 3 of 3 DN Heartbeats.
2024-06-22 09:53:55,952 [main] INFO  ozone.MiniOzoneClusterImpl (MiniOzoneClusterImpl.java:lambda$waitForClusterToBeReady$0(197)) - Waiting for cluster to exit safe mode
2024-06-22 09:53:55,952 [main] INFO  ozone.MiniOzoneClusterImpl (MiniOzoneClusterImpl.java:lambda$waitForClusterToBeReady$0(199)) - SCM became leader
2024-06-22 09:53:56,822 [eea743f9-1650-4764-952b-70f255484f5c@group-B53A8C33F88F-FollowerState] INFO  impl.FollowerState (FollowerState.java:run(143)) - eea743f9-1650-4764-952b-70f255484f5c@group-B53A8C33F88F-FollowerState: change to CANDIDATE, lastRpcElapsedTime:5030719829ns, electionTimeout:5030ms
2024-06-22 09:53:56,822 [eea743f9-1650-4764-952b-70f255484f5c@group-B53A8C33F88F-FollowerState] INFO  impl.RoleInfo (RoleInfo.java:shutdownFollowerState(110)) - eea743f9-1650-4764-952b-70f255484f5c: shutdown eea743f9-1650-4764-952b-70f255484f5c@group-B53A8C33F88F-FollowerState
2024-06-22 09:53:56,822 [eea743f9-1650-4764-952b-70f255484f5c@group-B53A8C33F88F-FollowerState] INFO  server.RaftServer$Division (RaftServerImpl.java:setRole(383)) - eea743f9-1650-4764-952b-70f255484f5c@group-B53A8C33F88F: changes role from  FOLLOWER to CANDIDATE at term 0 for changeToCandidate
2024-06-22 09:53:56,822 [eea743f9-1650-4764-952b-70f255484f5c@group-B53A8C33F88F-FollowerState] INFO  server.RaftServerConfigKeys (ConfUtils.java:logGet(46)) - raft.server.leaderelection.pre-vote = true (default)
2024-06-22 09:53:56,822 [eea743f9-1650-4764-952b-70f255484f5c@group-B53A8C33F88F-FollowerState] INFO  impl.RoleInfo (RoleInfo.java:updateAndGet(139)) - eea743f9-1650-4764-952b-70f255484f5c: start eea743f9-1650-4764-952b-70f255484f5c@group-B53A8C33F88F-LeaderElection2
2024-06-22 09:53:56,823 [eea743f9-1650-4764-952b-70f255484f5c@group-B53A8C33F88F-LeaderElection2] INFO  impl.LeaderElection (LeaderElection.java:askForVotes(321)) - eea743f9-1650-4764-952b-70f255484f5c@group-B53A8C33F88F-LeaderElection2 PRE_VOTE round 0: submit vote requests at term 0 for -1: peers:[eea743f9-1650-4764-952b-70f255484f5c|127.0.0.1:15014, 788200e2-a8c6-41b6-82b9-949d8dd4f2a7|127.0.0.1:15023, 56d91bac-b32b-4010-a6ee-ca8fb4d6f013|127.0.0.1:15032]|listeners:[], old=null
2024-06-22 09:53:56,826 [eea743f9-1650-4764-952b-70f255484f5c@group-B53A8C33F88F-LeaderElection2] INFO  server.RaftServerConfigKeys (ConfUtils.java:logFallback(53)) - raft.server.rpc.first-election.timeout.min = 5s (fallback to raft.server.rpc.timeout.min)
2024-06-22 09:53:56,827 [eea743f9-1650-4764-952b-70f255484f5c@group-B53A8C33F88F-LeaderElection2] INFO  server.RaftServerConfigKeys (ConfUtils.java:logFallback(53)) - raft.server.rpc.first-election.timeout.max = 5200ms (fallback to raft.server.rpc.timeout.max)
2024-06-22 09:53:56,827 [eea743f9-1650-4764-952b-70f255484f5c@group-B53A8C33F88F-LeaderElection2-1] INFO  server.GrpcServerProtocolClient (GrpcServerProtocolClient.java:<init>(65)) - Build channel for 788200e2-a8c6-41b6-82b9-949d8dd4f2a7|127.0.0.1:15023
2024-06-22 09:53:56,827 [eea743f9-1650-4764-952b-70f255484f5c@group-B53A8C33F88F-LeaderElection2-2] INFO  server.GrpcServerProtocolClient (GrpcServerProtocolClient.java:<init>(65)) - Build channel for 56d91bac-b32b-4010-a6ee-ca8fb4d6f013|127.0.0.1:15032
2024-06-22 09:53:56,836 [grpc-default-executor-2] INFO  server.RaftServer$Division (RaftServerImpl.java:requestVote(1389)) - 56d91bac-b32b-4010-a6ee-ca8fb4d6f013@group-B53A8C33F88F: receive requestVote(PRE_VOTE, eea743f9-1650-4764-952b-70f255484f5c, group-B53A8C33F88F, 0, (t:0, i:0))
2024-06-22 09:53:56,836 [grpc-default-executor-0] INFO  server.RaftServer$Division (RaftServerImpl.java:requestVote(1389)) - 788200e2-a8c6-41b6-82b9-949d8dd4f2a7@group-B53A8C33F88F: receive requestVote(PRE_VOTE, eea743f9-1650-4764-952b-70f255484f5c, group-B53A8C33F88F, 0, (t:0, i:0))
2024-06-22 09:53:56,837 [grpc-default-executor-2] INFO  impl.VoteContext (VoteContext.java:log(49)) - 56d91bac-b32b-4010-a6ee-ca8fb4d6f013@group-B53A8C33F88F-FOLLOWER: accept PRE_VOTE from eea743f9-1650-4764-952b-70f255484f5c: our priority 0 <= candidate's priority 1
2024-06-22 09:53:56,837 [grpc-default-executor-0] INFO  impl.VoteContext (VoteContext.java:log(49)) - 788200e2-a8c6-41b6-82b9-949d8dd4f2a7@group-B53A8C33F88F-FOLLOWER: accept PRE_VOTE from eea743f9-1650-4764-952b-70f255484f5c: our priority 0 <= candidate's priority 1
2024-06-22 09:53:56,842 [grpc-default-executor-0] INFO  server.RaftServer$Division (RaftServerImpl.java:requestVote(1422)) - 788200e2-a8c6-41b6-82b9-949d8dd4f2a7@group-B53A8C33F88F replies to PRE_VOTE vote request: eea743f9-1650-4764-952b-70f255484f5c<-788200e2-a8c6-41b6-82b9-949d8dd4f2a7#0:OK-t0. Peer's state: 788200e2-a8c6-41b6-82b9-949d8dd4f2a7@group-B53A8C33F88F:t0, leader=null, voted=, raftlog=Memoized:788200e2-a8c6-41b6-82b9-949d8dd4f2a7@group-B53A8C33F88F-SegmentedRaftLog:OPENED:c-1, conf=-1: peers:[eea743f9-1650-4764-952b-70f255484f5c|127.0.0.1:15014, 788200e2-a8c6-41b6-82b9-949d8dd4f2a7|127.0.0.1:15023, 56d91bac-b32b-4010-a6ee-ca8fb4d6f013|127.0.0.1:15032]|listeners:[], old=null
2024-06-22 09:53:56,842 [grpc-default-executor-2] INFO  server.RaftServer$Division (RaftServerImpl.java:requestVote(1422)) - 56d91bac-b32b-4010-a6ee-ca8fb4d6f013@group-B53A8C33F88F replies to PRE_VOTE vote request: eea743f9-1650-4764-952b-70f255484f5c<-56d91bac-b32b-4010-a6ee-ca8fb4d6f013#0:OK-t0. Peer's state: 56d91bac-b32b-4010-a6ee-ca8fb4d6f013@group-B53A8C33F88F:t0, leader=null, voted=, raftlog=Memoized:56d91bac-b32b-4010-a6ee-ca8fb4d6f013@group-B53A8C33F88F-SegmentedRaftLog:OPENED:c-1, conf=-1: peers:[eea743f9-1650-4764-952b-70f255484f5c|127.0.0.1:15014, 788200e2-a8c6-41b6-82b9-949d8dd4f2a7|127.0.0.1:15023, 56d91bac-b32b-4010-a6ee-ca8fb4d6f013|127.0.0.1:15032]|listeners:[], old=null
2024-06-22 09:53:56,846 [eea743f9-1650-4764-952b-70f255484f5c@group-B53A8C33F88F-LeaderElection2] INFO  impl.LeaderElection (LeaderElection.java:logAndReturn(89)) - eea743f9-1650-4764-952b-70f255484f5c@group-B53A8C33F88F-LeaderElection2: PRE_VOTE PASSED received 1 response(s) and 0 exception(s):
2024-06-22 09:53:56,847 [eea743f9-1650-4764-952b-70f255484f5c@group-B53A8C33F88F-LeaderElection2] INFO  impl.LeaderElection (LeaderElection.java:logAndReturn(93)) -   Response 0: eea743f9-1650-4764-952b-70f255484f5c<-56d91bac-b32b-4010-a6ee-ca8fb4d6f013#0:OK-t0
2024-06-22 09:53:56,847 [eea743f9-1650-4764-952b-70f255484f5c@group-B53A8C33F88F-LeaderElection2] INFO  impl.LeaderElection (LeaderElection.java:askForVotes(323)) - eea743f9-1650-4764-952b-70f255484f5c@group-B53A8C33F88F-LeaderElection2 PRE_VOTE round 0: result PASSED
2024-06-22 09:53:56,850 [eea743f9-1650-4764-952b-70f255484f5c@group-B53A8C33F88F-LeaderElection2] INFO  impl.LeaderElection (LeaderElection.java:askForVotes(321)) - eea743f9-1650-4764-952b-70f255484f5c@group-B53A8C33F88F-LeaderElection2 ELECTION round 0: submit vote requests at term 1 for -1: peers:[eea743f9-1650-4764-952b-70f255484f5c|127.0.0.1:15014, 788200e2-a8c6-41b6-82b9-949d8dd4f2a7|127.0.0.1:15023, 56d91bac-b32b-4010-a6ee-ca8fb4d6f013|127.0.0.1:15032]|listeners:[], old=null
2024-06-22 09:53:56,852 [eea743f9-1650-4764-952b-70f255484f5c@group-B53A8C33F88F-LeaderElection2] INFO  server.RaftServerConfigKeys (ConfUtils.java:logFallback(53)) - raft.server.rpc.first-election.timeout.min = 5s (fallback to raft.server.rpc.timeout.min)
2024-06-22 09:53:56,852 [eea743f9-1650-4764-952b-70f255484f5c@group-B53A8C33F88F-LeaderElection2] INFO  server.RaftServerConfigKeys (ConfUtils.java:logFallback(53)) - raft.server.rpc.first-election.timeout.max = 5200ms (fallback to raft.server.rpc.timeout.max)
2024-06-22 09:53:56,853 [grpc-default-executor-2] INFO  server.RaftServer$Division (RaftServerImpl.java:requestVote(1389)) - 788200e2-a8c6-41b6-82b9-949d8dd4f2a7@group-B53A8C33F88F: receive requestVote(ELECTION, eea743f9-1650-4764-952b-70f255484f5c, group-B53A8C33F88F, 1, (t:0, i:0))
2024-06-22 09:53:56,854 [grpc-default-executor-2] INFO  impl.VoteContext (VoteContext.java:log(49)) - 788200e2-a8c6-41b6-82b9-949d8dd4f2a7@group-B53A8C33F88F-FOLLOWER: accept ELECTION from eea743f9-1650-4764-952b-70f255484f5c: our priority 0 <= candidate's priority 1
2024-06-22 09:53:56,854 [grpc-default-executor-0] INFO  server.RaftServer$Division (RaftServerImpl.java:requestVote(1389)) - 56d91bac-b32b-4010-a6ee-ca8fb4d6f013@group-B53A8C33F88F: receive requestVote(ELECTION, eea743f9-1650-4764-952b-70f255484f5c, group-B53A8C33F88F, 1, (t:0, i:0))
2024-06-22 09:53:56,854 [grpc-default-executor-2] INFO  server.RaftServer$Division (RaftServerImpl.java:setRole(383)) - 788200e2-a8c6-41b6-82b9-949d8dd4f2a7@group-B53A8C33F88F: changes role from  FOLLOWER to FOLLOWER at term 1 for candidate:eea743f9-1650-4764-952b-70f255484f5c
2024-06-22 09:53:56,854 [grpc-default-executor-0] INFO  impl.VoteContext (VoteContext.java:log(49)) - 56d91bac-b32b-4010-a6ee-ca8fb4d6f013@group-B53A8C33F88F-FOLLOWER: accept ELECTION from eea743f9-1650-4764-952b-70f255484f5c: our priority 0 <= candidate's priority 1
2024-06-22 09:53:56,855 [grpc-default-executor-2] INFO  impl.RoleInfo (RoleInfo.java:shutdownFollowerState(110)) - 788200e2-a8c6-41b6-82b9-949d8dd4f2a7: shutdown 788200e2-a8c6-41b6-82b9-949d8dd4f2a7@group-B53A8C33F88F-FollowerState
2024-06-22 09:53:56,855 [grpc-default-executor-2] INFO  impl.RoleInfo (RoleInfo.java:updateAndGet(139)) - 788200e2-a8c6-41b6-82b9-949d8dd4f2a7: start 788200e2-a8c6-41b6-82b9-949d8dd4f2a7@group-B53A8C33F88F-FollowerState
2024-06-22 09:53:56,855 [grpc-default-executor-0] INFO  server.RaftServer$Division (RaftServerImpl.java:setRole(383)) - 56d91bac-b32b-4010-a6ee-ca8fb4d6f013@group-B53A8C33F88F: changes role from  FOLLOWER to FOLLOWER at term 1 for candidate:eea743f9-1650-4764-952b-70f255484f5c
2024-06-22 09:53:56,855 [grpc-default-executor-0] INFO  impl.RoleInfo (RoleInfo.java:shutdownFollowerState(110)) - 56d91bac-b32b-4010-a6ee-ca8fb4d6f013: shutdown 56d91bac-b32b-4010-a6ee-ca8fb4d6f013@group-B53A8C33F88F-FollowerState
2024-06-22 09:53:56,855 [grpc-default-executor-0] INFO  impl.RoleInfo (RoleInfo.java:updateAndGet(139)) - 56d91bac-b32b-4010-a6ee-ca8fb4d6f013: start 56d91bac-b32b-4010-a6ee-ca8fb4d6f013@group-B53A8C33F88F-FollowerState
2024-06-22 09:53:56,855 [56d91bac-b32b-4010-a6ee-ca8fb4d6f013@group-B53A8C33F88F-FollowerState] INFO  impl.FollowerState (FollowerState.java:run(152)) - 56d91bac-b32b-4010-a6ee-ca8fb4d6f013@group-B53A8C33F88F-FollowerState was interrupted
2024-06-22 09:53:56,855 [788200e2-a8c6-41b6-82b9-949d8dd4f2a7@group-B53A8C33F88F-FollowerState] INFO  impl.FollowerState (FollowerState.java:run(152)) - 788200e2-a8c6-41b6-82b9-949d8dd4f2a7@group-B53A8C33F88F-FollowerState was interrupted
2024-06-22 09:53:56,859 [grpc-default-executor-2] INFO  server.RaftServer$Division (RaftServerImpl.java:setFirstElection(574)) - 788200e2-a8c6-41b6-82b9-949d8dd4f2a7@group-B53A8C33F88F: set firstElectionSinceStartup to false for candidate:eea743f9-1650-4764-952b-70f255484f5c
2024-06-22 09:53:56,859 [grpc-default-executor-0] INFO  server.RaftServer$Division (RaftServerImpl.java:setFirstElection(574)) - 56d91bac-b32b-4010-a6ee-ca8fb4d6f013@group-B53A8C33F88F: set firstElectionSinceStartup to false for candidate:eea743f9-1650-4764-952b-70f255484f5c
2024-06-22 09:53:56,861 [grpc-default-executor-2] INFO  server.RaftServer$Division (RaftServerImpl.java:requestVote(1422)) - 788200e2-a8c6-41b6-82b9-949d8dd4f2a7@group-B53A8C33F88F replies to ELECTION vote request: eea743f9-1650-4764-952b-70f255484f5c<-788200e2-a8c6-41b6-82b9-949d8dd4f2a7#0:OK-t1. Peer's state: 788200e2-a8c6-41b6-82b9-949d8dd4f2a7@group-B53A8C33F88F:t1, leader=null, voted=eea743f9-1650-4764-952b-70f255484f5c, raftlog=Memoized:788200e2-a8c6-41b6-82b9-949d8dd4f2a7@group-B53A8C33F88F-SegmentedRaftLog:OPENED:c-1, conf=-1: peers:[eea743f9-1650-4764-952b-70f255484f5c|127.0.0.1:15014, 788200e2-a8c6-41b6-82b9-949d8dd4f2a7|127.0.0.1:15023, 56d91bac-b32b-4010-a6ee-ca8fb4d6f013|127.0.0.1:15032]|listeners:[], old=null
2024-06-22 09:53:56,861 [grpc-default-executor-0] INFO  server.RaftServer$Division (RaftServerImpl.java:requestVote(1422)) - 56d91bac-b32b-4010-a6ee-ca8fb4d6f013@group-B53A8C33F88F replies to ELECTION vote request: eea743f9-1650-4764-952b-70f255484f5c<-56d91bac-b32b-4010-a6ee-ca8fb4d6f013#0:OK-t1. Peer's state: 56d91bac-b32b-4010-a6ee-ca8fb4d6f013@group-B53A8C33F88F:t1, leader=null, voted=eea743f9-1650-4764-952b-70f255484f5c, raftlog=Memoized:56d91bac-b32b-4010-a6ee-ca8fb4d6f013@group-B53A8C33F88F-SegmentedRaftLog:OPENED:c-1, conf=-1: peers:[eea743f9-1650-4764-952b-70f255484f5c|127.0.0.1:15014, 788200e2-a8c6-41b6-82b9-949d8dd4f2a7|127.0.0.1:15023, 56d91bac-b32b-4010-a6ee-ca8fb4d6f013|127.0.0.1:15032]|listeners:[], old=null
2024-06-22 09:53:56,862 [eea743f9-1650-4764-952b-70f255484f5c@group-B53A8C33F88F-LeaderElection2] INFO  impl.LeaderElection (LeaderElection.java:logAndReturn(89)) - eea743f9-1650-4764-952b-70f255484f5c@group-B53A8C33F88F-LeaderElection2: ELECTION PASSED received 1 response(s) and 0 exception(s):
2024-06-22 09:53:56,862 [eea743f9-1650-4764-952b-70f255484f5c@group-B53A8C33F88F-LeaderElection2] INFO  impl.LeaderElection (LeaderElection.java:logAndReturn(93)) -   Response 0: eea743f9-1650-4764-952b-70f255484f5c<-788200e2-a8c6-41b6-82b9-949d8dd4f2a7#0:OK-t1
2024-06-22 09:53:56,862 [eea743f9-1650-4764-952b-70f255484f5c@group-B53A8C33F88F-LeaderElection2] INFO  impl.LeaderElection (LeaderElection.java:askForVotes(323)) - eea743f9-1650-4764-952b-70f255484f5c@group-B53A8C33F88F-LeaderElection2 ELECTION round 0: result PASSED
2024-06-22 09:53:56,862 [eea743f9-1650-4764-952b-70f255484f5c@group-B53A8C33F88F-LeaderElection2] INFO  impl.RoleInfo (RoleInfo.java:shutdownLeaderElection(130)) - eea743f9-1650-4764-952b-70f255484f5c: shutdown eea743f9-1650-4764-952b-70f255484f5c@group-B53A8C33F88F-LeaderElection2
2024-06-22 09:53:56,862 [eea743f9-1650-4764-952b-70f255484f5c@group-B53A8C33F88F-LeaderElection2] INFO  server.RaftServer$Division (RaftServerImpl.java:setRole(383)) - eea743f9-1650-4764-952b-70f255484f5c@group-B53A8C33F88F: changes role from CANDIDATE to LEADER at term 1 for changeToLeader
2024-06-22 09:53:56,862 [eea743f9-1650-4764-952b-70f255484f5c@group-B53A8C33F88F-LeaderElection2] INFO  server.RaftServerConfigKeys (ConfUtils.java:logGet(46)) - raft.server.staging.catchup.gap = 1000 (default)
2024-06-22 09:53:56,863 [eea743f9-1650-4764-952b-70f255484f5c@group-B53A8C33F88F-LeaderElection2] INFO  server.RaftServerConfigKeys (ConfUtils.java:logGet(46)) - raft.server.write.element-limit = 1024 (custom)
2024-06-22 09:53:56,863 [eea743f9-1650-4764-952b-70f255484f5c@group-B53A8C33F88F-LeaderElection2] INFO  server.RaftServerConfigKeys (ConfUtils.java:logGet(46)) - raft.server.write.byte-limit = 1024 M (=1073741824) (custom)
2024-06-22 09:53:56,863 [eea743f9-1650-4764-952b-70f255484f5c@group-B53A8C33F88F-LeaderElection2] INFO  server.RaftServerConfigKeys (ConfUtils.java:logGet(46)) - raft.server.watch.timeout = 30s (custom)
2024-06-22 09:53:56,863 [eea743f9-1650-4764-952b-70f255484f5c@group-B53A8C33F88F-LeaderElection2] INFO  server.RaftServerConfigKeys (ConfUtils.java:logGet(46)) - raft.server.watch.timeout.denomination = 1s (default)
2024-06-22 09:53:56,863 [eea743f9-1650-4764-952b-70f255484f5c@group-B53A8C33F88F-LeaderElection2] INFO  server.RaftServerConfigKeys (ConfUtils.java:logGet(46)) - raft.server.watch.element-limit = 65536 (default)
2024-06-22 09:53:56,863 [eea743f9-1650-4764-952b-70f255484f5c@group-B53A8C33F88F-LeaderElection2] INFO  server.RaftServerConfigKeys (ConfUtils.java:logGet(46)) - raft.server.read.leader.lease.enabled = false (default)
2024-06-22 09:53:56,864 [eea743f9-1650-4764-952b-70f255484f5c@group-B53A8C33F88F-LeaderElection2] INFO  server.RaftServerConfigKeys (ConfUtils.java:logGet(46)) - raft.server.read.leader.lease.timeout.ratio = 0.9 (default)
2024-06-22 09:53:56,864 [eea743f9-1650-4764-952b-70f255484f5c@group-B53A8C33F88F-LeaderElection2] INFO  server.RaftServerConfigKeys (ConfUtils.java:logGet(46)) - raft.server.rpc.timeout.min = 5s (custom)
2024-06-22 09:53:56,864 [eea743f9-1650-4764-952b-70f255484f5c@group-B53A8C33F88F-LeaderElection2] INFO  server.RaftServerConfigKeys (ConfUtils.java:logGet(46)) - raft.server.write.element-limit = 1024 (custom)
2024-06-22 09:53:56,864 [eea743f9-1650-4764-952b-70f255484f5c@group-B53A8C33F88F-LeaderElection2] INFO  server.RaftServerConfigKeys (ConfUtils.java:logGet(46)) - raft.server.write.follower.gap.ratio.max = -1.0 (default)
2024-06-22 09:53:56,871 [eea743f9-1650-4764-952b-70f255484f5c@group-B53A8C33F88F-LeaderElection2] INFO  server.RaftServerConfigKeys (ConfUtils.java:logGet(46)) - raft.server.log.appender.snapshot.chunk.size.max = 16MB (=16777216) (default)
2024-06-22 09:53:56,871 [eea743f9-1650-4764-952b-70f255484f5c@group-B53A8C33F88F-LeaderElection2] INFO  server.RaftServerConfigKeys (ConfUtils.java:logGet(46)) - raft.server.log.appender.buffer.byte-limit = 8388608 (custom)
2024-06-22 09:53:56,872 [eea743f9-1650-4764-952b-70f255484f5c@group-B53A8C33F88F-LeaderElection2] INFO  server.RaftServerConfigKeys (ConfUtils.java:logGet(46)) - raft.server.log.appender.buffer.element-limit = 1024 (custom)
2024-06-22 09:53:56,873 [eea743f9-1650-4764-952b-70f255484f5c@group-B53A8C33F88F-LeaderElection2] INFO  server.RaftServerConfigKeys (ConfUtils.java:logGet(46)) - raft.server.log.appender.wait-time.min = 0μs (custom)
2024-06-22 09:53:56,874 [eea743f9-1650-4764-952b-70f255484f5c@group-B53A8C33F88F-LeaderElection2] INFO  grpc.GrpcConfigKeys (ConfUtils.java:logGet(46)) - raft.grpc.server.leader.outstanding.appends.max = 8 (default)
2024-06-22 09:53:56,874 [eea743f9-1650-4764-952b-70f255484f5c@group-B53A8C33F88F-LeaderElection2] INFO  server.RaftServerConfigKeys (ConfUtils.java:logGet(46)) - raft.server.rpc.request.timeout = 60s (custom)
2024-06-22 09:53:56,875 [eea743f9-1650-4764-952b-70f255484f5c@group-B53A8C33F88F-LeaderElection2] INFO  grpc.GrpcConfigKeys (ConfUtils.java:logGet(46)) - raft.grpc.server.install_snapshot.request.element-limit = 8 (default)
2024-06-22 09:53:56,875 [eea743f9-1650-4764-952b-70f255484f5c@group-B53A8C33F88F-LeaderElection2] INFO  grpc.GrpcConfigKeys (ConfUtils.java:logGet(46)) - raft.grpc.server.install_snapshot.request.timeout = 3000ms (default)
2024-06-22 09:53:56,875 [eea743f9-1650-4764-952b-70f255484f5c@group-B53A8C33F88F-LeaderElection2] INFO  grpc.GrpcConfigKeys (ConfUtils.java:logGet(46)) - raft.grpc.server.log-message.batch.duration = 5s (default)
2024-06-22 09:53:56,875 [eea743f9-1650-4764-952b-70f255484f5c@group-B53A8C33F88F-LeaderElection2] INFO  server.RaftServerConfigKeys (ConfUtils.java:logGet(46)) - raft.server.log.appender.install.snapshot.enabled = false (custom)
2024-06-22 09:53:56,875 [eea743f9-1650-4764-952b-70f255484f5c@group-B53A8C33F88F-LeaderElection2] INFO  grpc.GrpcConfigKeys (ConfUtils.java:logGet(46)) - raft.grpc.server.heartbeat.channel = true (default)
2024-06-22 09:53:56,878 [eea743f9-1650-4764-952b-70f255484f5c@group-B53A8C33F88F-LeaderElection2] INFO  server.RaftServerConfigKeys (ConfUtils.java:logGet(46)) - raft.server.log.appender.snapshot.chunk.size.max = 16MB (=16777216) (default)
2024-06-22 09:53:56,878 [eea743f9-1650-4764-952b-70f255484f5c@group-B53A8C33F88F-LeaderElection2] INFO  server.RaftServerConfigKeys (ConfUtils.java:logGet(46)) - raft.server.log.appender.buffer.byte-limit = 8388608 (custom)
2024-06-22 09:53:56,878 [eea743f9-1650-4764-952b-70f255484f5c@group-B53A8C33F88F-LeaderElection2] INFO  server.RaftServerConfigKeys (ConfUtils.java:logGet(46)) - raft.server.log.appender.buffer.element-limit = 1024 (custom)
2024-06-22 09:53:56,878 [eea743f9-1650-4764-952b-70f255484f5c@group-B53A8C33F88F-LeaderElection2] INFO  server.RaftServerConfigKeys (ConfUtils.java:logGet(46)) - raft.server.log.appender.wait-time.min = 0μs (custom)
2024-06-22 09:53:56,878 [eea743f9-1650-4764-952b-70f255484f5c@group-B53A8C33F88F-LeaderElection2] INFO  grpc.GrpcConfigKeys (ConfUtils.java:logGet(46)) - raft.grpc.server.leader.outstanding.appends.max = 8 (default)
2024-06-22 09:53:56,879 [eea743f9-1650-4764-952b-70f255484f5c@group-B53A8C33F88F-LeaderElection2] INFO  server.RaftServerConfigKeys (ConfUtils.java:logGet(46)) - raft.server.rpc.request.timeout = 60s (custom)
2024-06-22 09:53:56,879 [eea743f9-1650-4764-952b-70f255484f5c@group-B53A8C33F88F-LeaderElection2] INFO  grpc.GrpcConfigKeys (ConfUtils.java:logGet(46)) - raft.grpc.server.install_snapshot.request.element-limit = 8 (default)
2024-06-22 09:53:56,879 [eea743f9-1650-4764-952b-70f255484f5c@group-B53A8C33F88F-LeaderElection2] INFO  grpc.GrpcConfigKeys (ConfUtils.java:logGet(46)) - raft.grpc.server.install_snapshot.request.timeout = 3000ms (default)
2024-06-22 09:53:56,879 [eea743f9-1650-4764-952b-70f255484f5c@group-B53A8C33F88F-LeaderElection2] INFO  grpc.GrpcConfigKeys (ConfUtils.java:logGet(46)) - raft.grpc.server.log-message.batch.duration = 5s (default)
2024-06-22 09:53:56,879 [eea743f9-1650-4764-952b-70f255484f5c@group-B53A8C33F88F-LeaderElection2] INFO  server.RaftServerConfigKeys (ConfUtils.java:logGet(46)) - raft.server.log.appender.install.snapshot.enabled = false (custom)
2024-06-22 09:53:56,879 [eea743f9-1650-4764-952b-70f255484f5c@group-B53A8C33F88F-LeaderElection2] INFO  grpc.GrpcConfigKeys (ConfUtils.java:logGet(46)) - raft.grpc.server.heartbeat.channel = true (default)
2024-06-22 09:53:56,880 [eea743f9-1650-4764-952b-70f255484f5c@group-B53A8C33F88F-LeaderElection2] INFO  impl.RoleInfo (RoleInfo.java:updateAndGet(139)) - eea743f9-1650-4764-952b-70f255484f5c: start eea743f9-1650-4764-952b-70f255484f5c@group-B53A8C33F88F-LeaderStateImpl
2024-06-22 09:53:56,880 [eea743f9-1650-4764-952b-70f255484f5c@group-B53A8C33F88F-LeaderElection2] INFO  server.RaftServer$Division (RaftServerImpl.java:setFirstElection(574)) - eea743f9-1650-4764-952b-70f255484f5c@group-B53A8C33F88F: set firstElectionSinceStartup to false for becomeLeader
2024-06-22 09:53:56,880 [eea743f9-1650-4764-952b-70f255484f5c@group-B53A8C33F88F-LeaderElection2] INFO  ratis.XceiverServerRatis (XceiverServerRatis.java:handleLeaderChangedNotification(966)) - Leader change notification received for group: group-B53A8C33F88F with new leaderId: eea743f9-1650-4764-952b-70f255484f5c
2024-06-22 09:53:56,881 [eea743f9-1650-4764-952b-70f255484f5c@group-B53A8C33F88F-LeaderElection2] INFO  server.RaftServer$Division (ServerState.java:setLeader(269)) - eea743f9-1650-4764-952b-70f255484f5c@group-B53A8C33F88F: change Leader from null to eea743f9-1650-4764-952b-70f255484f5c at term 1 for becomeLeader, leader elected after 5108ms
2024-06-22 09:53:56,884 [eea743f9-1650-4764-952b-70f255484f5c@group-B53A8C33F88F-LeaderElection2] INFO  segmented.SegmentedRaftLogWorker (SegmentedRaftLogWorker.java:startLogSegment(430)) - eea743f9-1650-4764-952b-70f255484f5c@group-B53A8C33F88F-SegmentedRaftLogWorker: Starting segment from index:0
2024-06-22 09:53:56,884 [EventQueue-PipelineReportForPipelineReportHandler] INFO  pipeline.PipelineReportHandler (PipelineReportHandler.java:processPipelineReport(136)) - Opened pipeline PipelineID=c35f43b3-a8fb-4e14-bd9d-b53a8c33f88f
2024-06-22 09:53:56,884 [eea743f9-1650-4764-952b-70f255484f5c@group-B53A8C33F88F-SegmentedRaftLogWorker] INFO  segmented.BufferedWriteChannel (BufferedWriteChannel.java:open(62)) - open log_inprogress_0 at position 0
2024-06-22 09:53:56,884 [EventQueue-OpenPipelineForHealthyPipelineSafeModeRule] INFO  safemode.SCMSafeModeManager (HealthyPipelineSafeModeRule.java:process(140)) - SCM in safe mode. Healthy pipelines reported count is 1, required healthy pipeline reported count is 1
2024-06-22 09:53:56,886 [EventQueue-OpenPipelineForHealthyPipelineSafeModeRule] INFO  safemode.SCMSafeModeManager (SCMSafeModeManager.java:validateSafeModeExitRules(203)) - HealthyPipelineSafeModeRule rule is successfully validated
2024-06-22 09:53:56,886 [EventQueue-OpenPipelineForHealthyPipelineSafeModeRule] INFO  safemode.SCMSafeModeManager (SCMSafeModeManager.java:validateSafeModeExitRules(218)) - ScmSafeModeManager, all rules are successfully validated
2024-06-22 09:53:56,886 [EventQueue-OpenPipelineForHealthyPipelineSafeModeRule] INFO  safemode.SCMSafeModeManager (SCMSafeModeManager.java:exitSafeMode(248)) - SCM exiting safe mode.
2024-06-22 09:53:56,886 [EventQueue-OpenPipelineForHealthyPipelineSafeModeRule] INFO  ha.SCMContext (SCMContext.java:updateSafeModeStatus(225)) - Update SafeModeStatus from SafeModeStatus{safeModeStatus=true, preCheckPassed=true} to SafeModeStatus{safeModeStatus=false, preCheckPassed=true}.
2024-06-22 09:53:56,886 [EventQueue-OpenPipelineForHealthyPipelineSafeModeRule] INFO  pipeline.BackgroundPipelineCreator (BackgroundPipelineCreator.java:notifyStatusChanged(258)) - Service BackgroundPipelineCreator transitions to RUNNING.
2024-06-22 09:53:56,886 [EventQueue-OpenPipelineForHealthyPipelineSafeModeRule] INFO  BackgroundPipelineScrubber (BackgroundSCMService.java:notifyStatusChanged(79)) - Service BackgroundPipelineScrubber transitions to RUNNING.
2024-06-22 09:53:56,886 [EventQueue-OpenPipelineForHealthyPipelineSafeModeRule] INFO  ExpiredContainerReplicaOpScrubber (BackgroundSCMService.java:notifyStatusChanged(79)) - Service ExpiredContainerReplicaOpScrubber transitions to RUNNING.
2024-06-22 09:53:56,886 [EventQueue-OpenPipelineForHealthyPipelineSafeModeRule] INFO  block.SCMBlockDeletingService (SCMBlockDeletingService.java:notifyStatusChanged(247)) - notifyStatusChanged:RUNNING
2024-06-22 09:53:56,886 [EventQueue-OpenPipelineForHealthyPipelineSafeModeRule] INFO  replication.ReplicationManager (ReplicationManager.java:notifyStatusChanged(1406)) - Service ReplicationManager transitions to RUNNING.
2024-06-22 09:53:56,891 [EventQueue-OpenPipelineForHealthyPipelineSafeModeRule] WARN  balancer.ContainerBalancer (ContainerBalancer.java:shouldRun(134)) - Could not find persisted configuration for ContainerBalancer when checking if ContainerBalancer should run. ContainerBalancer should not run now.
2024-06-22 09:53:56,895 [eea743f9-1650-4764-952b-70f255484f5c@group-B53A8C33F88F-LeaderElection2] INFO  server.RaftServer$Division (ServerState.java:setRaftConf(386)) - eea743f9-1650-4764-952b-70f255484f5c@group-B53A8C33F88F: set configuration 0: peers:[eea743f9-1650-4764-952b-70f255484f5c|127.0.0.1:15014, 788200e2-a8c6-41b6-82b9-949d8dd4f2a7|127.0.0.1:15023, 56d91bac-b32b-4010-a6ee-ca8fb4d6f013|127.0.0.1:15032]|listeners:[], old=null
2024-06-22 09:53:56,899 [eea743f9-1650-4764-952b-70f255484f5c@group-B53A8C33F88F-SegmentedRaftLogWorker] INFO  segmented.SegmentedRaftLogWorker (SegmentedRaftLogWorker.java:execute(634)) - eea743f9-1650-4764-952b-70f255484f5c@group-B53A8C33F88F-SegmentedRaftLogWorker: created new log segment /home/runner/work/ozone/ozone/hadoop-ozone/integration-test/target/test-dir/MiniOzoneClusterImpl-e30f9212-6642-4e3c-bf74-b445a15ce63f/ozone-meta/datanode-1/ratis/c35f43b3-a8fb-4e14-bd9d-b53a8c33f88f/current/log_inprogress_0
2024-06-22 09:53:56,932 [56d91bac-b32b-4010-a6ee-ca8fb4d6f013-server-thread1] INFO  ratis.XceiverServerRatis (XceiverServerRatis.java:handleLeaderChangedNotification(966)) - Leader change notification received for group: group-B53A8C33F88F with new leaderId: eea743f9-1650-4764-952b-70f255484f5c
2024-06-22 09:53:56,932 [788200e2-a8c6-41b6-82b9-949d8dd4f2a7-server-thread1] INFO  ratis.XceiverServerRatis (XceiverServerRatis.java:handleLeaderChangedNotification(966)) - Leader change notification received for group: group-B53A8C33F88F with new leaderId: eea743f9-1650-4764-952b-70f255484f5c
2024-06-22 09:53:56,932 [788200e2-a8c6-41b6-82b9-949d8dd4f2a7-server-thread1] INFO  server.RaftServer$Division (ServerState.java:setLeader(269)) - 788200e2-a8c6-41b6-82b9-949d8dd4f2a7@group-B53A8C33F88F: change Leader from null to eea743f9-1650-4764-952b-70f255484f5c at term 1 for appendEntries, leader elected after 5054ms
2024-06-22 09:53:56,933 [56d91bac-b32b-4010-a6ee-ca8fb4d6f013-server-thread1] INFO  server.RaftServer$Division (ServerState.java:setLeader(269)) - 56d91bac-b32b-4010-a6ee-ca8fb4d6f013@group-B53A8C33F88F: change Leader from null to eea743f9-1650-4764-952b-70f255484f5c at term 1 for appendEntries, leader elected after 4944ms
2024-06-22 09:53:56,936 [eea743f9-1650-4764-952b-70f255484f5c@group-E83A4F4A4E1D-FollowerState] INFO  impl.FollowerState (FollowerState.java:run(143)) - eea743f9-1650-4764-952b-70f255484f5c@group-E83A4F4A4E1D-FollowerState: change to CANDIDATE, lastRpcElapsedTime:5176251969ns, electionTimeout:5174ms
2024-06-22 09:53:56,936 [eea743f9-1650-4764-952b-70f255484f5c@group-E83A4F4A4E1D-FollowerState] INFO  impl.RoleInfo (RoleInfo.java:shutdownFollowerState(110)) - eea743f9-1650-4764-952b-70f255484f5c: shutdown eea743f9-1650-4764-952b-70f255484f5c@group-E83A4F4A4E1D-FollowerState
2024-06-22 09:53:56,936 [eea743f9-1650-4764-952b-70f255484f5c@group-E83A4F4A4E1D-FollowerState] INFO  server.RaftServer$Division (RaftServerImpl.java:setRole(383)) - eea743f9-1650-4764-952b-70f255484f5c@group-E83A4F4A4E1D: changes role from  FOLLOWER to CANDIDATE at term 0 for changeToCandidate
2024-06-22 09:53:56,936 [56d91bac-b32b-4010-a6ee-ca8fb4d6f013-server-thread2] INFO  server.RaftServer$Division (ServerState.java:setRaftConf(386)) - 56d91bac-b32b-4010-a6ee-ca8fb4d6f013@group-B53A8C33F88F: set configuration 0: peers:[eea743f9-1650-4764-952b-70f255484f5c|127.0.0.1:15014, 788200e2-a8c6-41b6-82b9-949d8dd4f2a7|127.0.0.1:15023, 56d91bac-b32b-4010-a6ee-ca8fb4d6f013|127.0.0.1:15032]|listeners:[], old=null
2024-06-22 09:53:56,936 [eea743f9-1650-4764-952b-70f255484f5c@group-E83A4F4A4E1D-FollowerState] INFO  server.RaftServerConfigKeys (ConfUtils.java:logGet(46)) - raft.server.leaderelection.pre-vote = true (default)
2024-06-22 09:53:56,937 [eea743f9-1650-4764-952b-70f255484f5c@group-E83A4F4A4E1D-FollowerState] INFO  impl.RoleInfo (RoleInfo.java:updateAndGet(139)) - eea743f9-1650-4764-952b-70f255484f5c: start eea743f9-1650-4764-952b-70f255484f5c@group-E83A4F4A4E1D-LeaderElection3
2024-06-22 09:53:56,938 [56d91bac-b32b-4010-a6ee-ca8fb4d6f013-server-thread2] INFO  segmented.SegmentedRaftLogWorker (SegmentedRaftLogWorker.java:startLogSegment(430)) - 56d91bac-b32b-4010-a6ee-ca8fb4d6f013@group-B53A8C33F88F-SegmentedRaftLogWorker: Starting segment from index:0
2024-06-22 09:53:56,938 [56d91bac-b32b-4010-a6ee-ca8fb4d6f013@group-B53A8C33F88F-SegmentedRaftLogWorker] INFO  segmented.BufferedWriteChannel (BufferedWriteChannel.java:open(62)) - open log_inprogress_0 at position 0
2024-06-22 09:53:56,943 [788200e2-a8c6-41b6-82b9-949d8dd4f2a7-server-thread2] INFO  server.RaftServer$Division (ServerState.java:setRaftConf(386)) - 788200e2-a8c6-41b6-82b9-949d8dd4f2a7@group-B53A8C33F88F: set configuration 0: peers:[eea743f9-1650-4764-952b-70f255484f5c|127.0.0.1:15014, 788200e2-a8c6-41b6-82b9-949d8dd4f2a7|127.0.0.1:15023, 56d91bac-b32b-4010-a6ee-ca8fb4d6f013|127.0.0.1:15032]|listeners:[], old=null
2024-06-22 09:53:56,944 [788200e2-a8c6-41b6-82b9-949d8dd4f2a7-server-thread2] INFO  segmented.SegmentedRaftLogWorker (SegmentedRaftLogWorker.java:startLogSegment(430)) - 788200e2-a8c6-41b6-82b9-949d8dd4f2a7@group-B53A8C33F88F-SegmentedRaftLogWorker: Starting segment from index:0
2024-06-22 09:53:56,945 [788200e2-a8c6-41b6-82b9-949d8dd4f2a7@group-B53A8C33F88F-SegmentedRaftLogWorker] INFO  segmented.BufferedWriteChannel (BufferedWriteChannel.java:open(62)) - open log_inprogress_0 at position 0
2024-06-22 09:53:56,946 [56d91bac-b32b-4010-a6ee-ca8fb4d6f013@group-B53A8C33F88F-SegmentedRaftLogWorker] INFO  segmented.SegmentedRaftLogWorker (SegmentedRaftLogWorker.java:execute(634)) - 56d91bac-b32b-4010-a6ee-ca8fb4d6f013@group-B53A8C33F88F-SegmentedRaftLogWorker: created new log segment /home/runner/work/ozone/ozone/hadoop-ozone/integration-test/target/test-dir/MiniOzoneClusterImpl-e30f9212-6642-4e3c-bf74-b445a15ce63f/ozone-meta/datanode-3/ratis/c35f43b3-a8fb-4e14-bd9d-b53a8c33f88f/current/log_inprogress_0
2024-06-22 09:53:56,952 [main] INFO  ozone.MiniOzoneClusterImpl (MiniOzoneClusterImpl.java:lambda$waitForClusterToBeReady$0(194)) - Nodes are ready. Got 3 of 3 DN Heartbeats.
2024-06-22 09:53:56,953 [main] INFO  ozone.MiniOzoneClusterImpl (MiniOzoneClusterImpl.java:lambda$waitForClusterToBeReady$0(197)) - Cluster exits safe mode
2024-06-22 09:53:56,953 [main] INFO  ozone.MiniOzoneClusterImpl (MiniOzoneClusterImpl.java:lambda$waitForClusterToBeReady$0(199)) - SCM became leader
2024-06-22 09:53:56,955 [eea743f9-1650-4764-952b-70f255484f5c@group-E83A4F4A4E1D-LeaderElection3] INFO  impl.LeaderElection (LeaderElection.java:askForVotes(321)) - eea743f9-1650-4764-952b-70f255484f5c@group-E83A4F4A4E1D-LeaderElection3 PRE_VOTE round 0: submit vote requests at term 0 for -1: peers:[eea743f9-1650-4764-952b-70f255484f5c|127.0.0.1:15014]|listeners:[], old=null
2024-06-22 09:53:56,955 [eea743f9-1650-4764-952b-70f255484f5c@group-E83A4F4A4E1D-LeaderElection3] INFO  impl.LeaderElection (LeaderElection.java:askForVotes(323)) - eea743f9-1650-4764-952b-70f255484f5c@group-E83A4F4A4E1D-LeaderElection3 PRE_VOTE round 0: result PASSED (term=0)
2024-06-22 09:53:56,956 [eea743f9-1650-4764-952b-70f255484f5c@group-E83A4F4A4E1D-LeaderElection3] INFO  impl.LeaderElection (LeaderElection.java:askForVotes(321)) - eea743f9-1650-4764-952b-70f255484f5c@group-E83A4F4A4E1D-LeaderElection3 ELECTION round 0: submit vote requests at term 1 for -1: peers:[eea743f9-1650-4764-952b-70f255484f5c|127.0.0.1:15014]|listeners:[], old=null
2024-06-22 09:53:56,957 [eea743f9-1650-4764-952b-70f255484f5c@group-E83A4F4A4E1D-LeaderElection3] INFO  impl.LeaderElection (LeaderElection.java:askForVotes(323)) - eea743f9-1650-4764-952b-70f255484f5c@group-E83A4F4A4E1D-LeaderElection3 ELECTION round 0: result PASSED (term=1)
2024-06-22 09:53:56,957 [eea743f9-1650-4764-952b-70f255484f5c@group-E83A4F4A4E1D-LeaderElection3] INFO  impl.RoleInfo (RoleInfo.java:shutdownLeaderElection(130)) - eea743f9-1650-4764-952b-70f255484f5c: shutdown eea743f9-1650-4764-952b-70f255484f5c@group-E83A4F4A4E1D-LeaderElection3
2024-06-22 09:53:56,957 [eea743f9-1650-4764-952b-70f255484f5c@group-E83A4F4A4E1D-LeaderElection3] INFO  server.RaftServer$Division (RaftServerImpl.java:setRole(383)) - eea743f9-1650-4764-952b-70f255484f5c@group-E83A4F4A4E1D: changes role from CANDIDATE to LEADER at term 1 for changeToLeader
2024-06-22 09:53:56,957 [eea743f9-1650-4764-952b-70f255484f5c@group-E83A4F4A4E1D-LeaderElection3] INFO  server.RaftServerConfigKeys (ConfUtils.java:logGet(46)) - raft.server.staging.catchup.gap = 1000 (default)
2024-06-22 09:53:56,957 [eea743f9-1650-4764-952b-70f255484f5c@group-E83A4F4A4E1D-LeaderElection3] INFO  server.RaftServerConfigKeys (ConfUtils.java:logGet(46)) - raft.server.write.element-limit = 1024 (custom)
2024-06-22 09:53:56,958 [eea743f9-1650-4764-952b-70f255484f5c@group-E83A4F4A4E1D-LeaderElection3] INFO  server.RaftServerConfigKeys (ConfUtils.java:logGet(46)) - raft.server.write.byte-limit = 1024 M (=1073741824) (custom)
2024-06-22 09:53:56,958 [eea743f9-1650-4764-952b-70f255484f5c@group-E83A4F4A4E1D-LeaderElection3] INFO  server.RaftServerConfigKeys (ConfUtils.java:logGet(46)) - raft.server.watch.timeout = 30s (custom)
2024-06-22 09:53:56,958 [eea743f9-1650-4764-952b-70f255484f5c@group-E83A4F4A4E1D-LeaderElection3] INFO  server.RaftServerConfigKeys (ConfUtils.java:logGet(46)) - raft.server.watch.timeout.denomination = 1s (default)
2024-06-22 09:53:56,958 [eea743f9-1650-4764-952b-70f255484f5c@group-E83A4F4A4E1D-LeaderElection3] INFO  server.RaftServerConfigKeys (ConfUtils.java:logGet(46)) - raft.server.watch.element-limit = 65536 (default)
2024-06-22 09:53:56,958 [eea743f9-1650-4764-952b-70f255484f5c@group-E83A4F4A4E1D-LeaderElection3] INFO  server.RaftServerConfigKeys (ConfUtils.java:logGet(46)) - raft.server.read.leader.lease.enabled = false (default)
2024-06-22 09:53:56,958 [eea743f9-1650-4764-952b-70f255484f5c@group-E83A4F4A4E1D-LeaderElection3] INFO  server.RaftServerConfigKeys (ConfUtils.java:logGet(46)) - raft.server.read.leader.lease.timeout.ratio = 0.9 (default)
2024-06-22 09:53:56,958 [eea743f9-1650-4764-952b-70f255484f5c@group-E83A4F4A4E1D-LeaderElection3] INFO  server.RaftServerConfigKeys (ConfUtils.java:logGet(46)) - raft.server.rpc.timeout.min = 5s (custom)
2024-06-22 09:53:56,959 [eea743f9-1650-4764-952b-70f255484f5c@group-E83A4F4A4E1D-LeaderElection3] INFO  server.RaftServerConfigKeys (ConfUtils.java:logGet(46)) - raft.server.write.element-limit = 1024 (custom)
2024-06-22 09:53:56,959 [eea743f9-1650-4764-952b-70f255484f5c@group-E83A4F4A4E1D-LeaderElection3] INFO  server.RaftServerConfigKeys (ConfUtils.java:logGet(46)) - raft.server.write.follower.gap.ratio.max = -1.0 (default)
2024-06-22 09:53:56,959 [eea743f9-1650-4764-952b-70f255484f5c@group-E83A4F4A4E1D-LeaderElection3] INFO  impl.RoleInfo (RoleInfo.java:updateAndGet(139)) - eea743f9-1650-4764-952b-70f255484f5c: start eea743f9-1650-4764-952b-70f255484f5c@group-E83A4F4A4E1D-LeaderStateImpl
2024-06-22 09:53:56,959 [eea743f9-1650-4764-952b-70f255484f5c@group-E83A4F4A4E1D-LeaderElection3] INFO  server.RaftServer$Division (RaftServerImpl.java:setFirstElection(574)) - eea743f9-1650-4764-952b-70f255484f5c@group-E83A4F4A4E1D: set firstElectionSinceStartup to false for becomeLeader
2024-06-22 09:53:56,959 [eea743f9-1650-4764-952b-70f255484f5c@group-E83A4F4A4E1D-LeaderElection3] INFO  ratis.XceiverServerRatis (XceiverServerRatis.java:handleLeaderChangedNotification(966)) - Leader change notification received for group: group-E83A4F4A4E1D with new leaderId: eea743f9-1650-4764-952b-70f255484f5c
2024-06-22 09:53:56,959 [788200e2-a8c6-41b6-82b9-949d8dd4f2a7@group-B53A8C33F88F-SegmentedRaftLogWorker] INFO  segmented.SegmentedRaftLogWorker (SegmentedRaftLogWorker.java:execute(634)) - 788200e2-a8c6-41b6-82b9-949d8dd4f2a7@group-B53A8C33F88F-SegmentedRaftLogWorker: created new log segment /home/runner/work/ozone/ozone/hadoop-ozone/integration-test/target/test-dir/MiniOzoneClusterImpl-e30f9212-6642-4e3c-bf74-b445a15ce63f/ozone-meta/datanode-2/ratis/c35f43b3-a8fb-4e14-bd9d-b53a8c33f88f/current/log_inprogress_0
2024-06-22 09:53:56,960 [eea743f9-1650-4764-952b-70f255484f5c@group-B53A8C33F88F-StateMachineUpdater] INFO  server.RaftServer$Division (LeaderStateImpl.java:isApplied(320)) - leader is ready since appliedIndex == 0 >= startIndex == 0
2024-06-22 09:53:56,959 [eea743f9-1650-4764-952b-70f255484f5c@group-E83A4F4A4E1D-LeaderElection3] INFO  server.RaftServer$Division (ServerState.java:setLeader(269)) - eea743f9-1650-4764-952b-70f255484f5c@group-E83A4F4A4E1D: change Leader from null to eea743f9-1650-4764-952b-70f255484f5c at term 1 for becomeLeader, leader elected after 5222ms
2024-06-22 09:53:56,962 [eea743f9-1650-4764-952b-70f255484f5c@group-E83A4F4A4E1D-LeaderElection3] INFO  segmented.SegmentedRaftLogWorker (SegmentedRaftLogWorker.java:startLogSegment(430)) - eea743f9-1650-4764-952b-70f255484f5c@group-E83A4F4A4E1D-SegmentedRaftLogWorker: Starting segment from index:0
2024-06-22 09:53:56,963 [eea743f9-1650-4764-952b-70f255484f5c@group-E83A4F4A4E1D-SegmentedRaftLogWorker] INFO  segmented.BufferedWriteChannel (BufferedWriteChannel.java:open(62)) - open log_inprogress_0 at position 0
2024-06-22 09:53:56,966 [eea743f9-1650-4764-952b-70f255484f5c@group-E83A4F4A4E1D-LeaderElection3] INFO  server.RaftServer$Division (ServerState.java:setRaftConf(386)) - eea743f9-1650-4764-952b-70f255484f5c@group-E83A4F4A4E1D: set configuration 0: peers:[eea743f9-1650-4764-952b-70f255484f5c|127.0.0.1:15014]|listeners:[], old=null
2024-06-22 09:53:56,970 [eea743f9-1650-4764-952b-70f255484f5c@group-E83A4F4A4E1D-SegmentedRaftLogWorker] INFO  segmented.SegmentedRaftLogWorker (SegmentedRaftLogWorker.java:execute(634)) - eea743f9-1650-4764-952b-70f255484f5c@group-E83A4F4A4E1D-SegmentedRaftLogWorker: created new log segment /home/runner/work/ozone/ozone/hadoop-ozone/integration-test/target/test-dir/MiniOzoneClusterImpl-e30f9212-6642-4e3c-bf74-b445a15ce63f/ozone-meta/datanode-1/ratis/23fe3c06-75b8-4718-8388-e83a4f4a4e1d/current/log_inprogress_0
2024-06-22 09:53:56,972 [eea743f9-1650-4764-952b-70f255484f5c@group-E83A4F4A4E1D-StateMachineUpdater] INFO  server.RaftServer$Division (LeaderStateImpl.java:isApplied(320)) - leader is ready since appliedIndex == 0 >= startIndex == 0
2024-06-22 09:53:56,985 [56d91bac-b32b-4010-a6ee-ca8fb4d6f013@group-0FB974D50062-FollowerState] INFO  impl.FollowerState (FollowerState.java:run(143)) - 56d91bac-b32b-4010-a6ee-ca8fb4d6f013@group-0FB974D50062-FollowerState: change to CANDIDATE, lastRpcElapsedTime:5010504428ns, electionTimeout:5007ms
2024-06-22 09:53:56,985 [56d91bac-b32b-4010-a6ee-ca8fb4d6f013@group-0FB974D50062-FollowerState] INFO  impl.RoleInfo (RoleInfo.java:shutdownFollowerState(110)) - 56d91bac-b32b-4010-a6ee-ca8fb4d6f013: shutdown 56d91bac-b32b-4010-a6ee-ca8fb4d6f013@group-0FB974D50062-FollowerState
2024-06-22 09:53:56,985 [56d91bac-b32b-4010-a6ee-ca8fb4d6f013@group-0FB974D50062-FollowerState] INFO  server.RaftServer$Division (RaftServerImpl.java:setRole(383)) - 56d91bac-b32b-4010-a6ee-ca8fb4d6f013@group-0FB974D50062: changes role from  FOLLOWER to CANDIDATE at term 0 for changeToCandidate
2024-06-22 09:53:56,985 [56d91bac-b32b-4010-a6ee-ca8fb4d6f013@group-0FB974D50062-FollowerState] INFO  server.RaftServerConfigKeys (ConfUtils.java:logGet(46)) - raft.server.leaderelection.pre-vote = true (default)
2024-06-22 09:53:56,986 [56d91bac-b32b-4010-a6ee-ca8fb4d6f013@group-0FB974D50062-FollowerState] INFO  impl.RoleInfo (RoleInfo.java:updateAndGet(139)) - 56d91bac-b32b-4010-a6ee-ca8fb4d6f013: start 56d91bac-b32b-4010-a6ee-ca8fb4d6f013@group-0FB974D50062-LeaderElection4
2024-06-22 09:53:56,987 [56d91bac-b32b-4010-a6ee-ca8fb4d6f013@group-0FB974D50062-LeaderElection4] INFO  impl.LeaderElection (LeaderElection.java:askForVotes(321)) - 56d91bac-b32b-4010-a6ee-ca8fb4d6f013@group-0FB974D50062-LeaderElection4 PRE_VOTE round 0: submit vote requests at term 0 for -1: peers:[56d91bac-b32b-4010-a6ee-ca8fb4d6f013|127.0.0.1:15032]|listeners:[], old=null
2024-06-22 09:53:56,987 [56d91bac-b32b-4010-a6ee-ca8fb4d6f013@group-0FB974D50062-LeaderElection4] INFO  impl.LeaderElection (LeaderElection.java:askForVotes(323)) - 56d91bac-b32b-4010-a6ee-ca8fb4d6f013@group-0FB974D50062-LeaderElection4 PRE_VOTE round 0: result PASSED (term=0)
2024-06-22 09:53:56,989 [56d91bac-b32b-4010-a6ee-ca8fb4d6f013@group-0FB974D50062-LeaderElection4] INFO  impl.LeaderElection (LeaderElection.java:askForVotes(321)) - 56d91bac-b32b-4010-a6ee-ca8fb4d6f013@group-0FB974D50062-LeaderElection4 ELECTION round 0: submit vote requests at term 1 for -1: peers:[56d91bac-b32b-4010-a6ee-ca8fb4d6f013|127.0.0.1:15032]|listeners:[], old=null
2024-06-22 09:53:56,989 [56d91bac-b32b-4010-a6ee-ca8fb4d6f013@group-0FB974D50062-LeaderElection4] INFO  impl.LeaderElection (LeaderElection.java:askForVotes(323)) - 56d91bac-b32b-4010-a6ee-ca8fb4d6f013@group-0FB974D50062-LeaderElection4 ELECTION round 0: result PASSED (term=1)
2024-06-22 09:53:56,989 [56d91bac-b32b-4010-a6ee-ca8fb4d6f013@group-0FB974D50062-LeaderElection4] INFO  impl.RoleInfo (RoleInfo.java:shutdownLeaderElection(130)) - 56d91bac-b32b-4010-a6ee-ca8fb4d6f013: shutdown 56d91bac-b32b-4010-a6ee-ca8fb4d6f013@group-0FB974D50062-LeaderElection4
2024-06-22 09:53:56,989 [56d91bac-b32b-4010-a6ee-ca8fb4d6f013@group-0FB974D50062-LeaderElection4] INFO  server.RaftServer$Division (RaftServerImpl.java:setRole(383)) - 56d91bac-b32b-4010-a6ee-ca8fb4d6f013@group-0FB974D50062: changes role from CANDIDATE to LEADER at term 1 for changeToLeader
2024-06-22 09:53:56,990 [56d91bac-b32b-4010-a6ee-ca8fb4d6f013@group-0FB974D50062-LeaderElection4] INFO  server.RaftServerConfigKeys (ConfUtils.java:logGet(46)) - raft.server.staging.catchup.gap = 1000 (default)
2024-06-22 09:53:56,990 [56d91bac-b32b-4010-a6ee-ca8fb4d6f013@group-0FB974D50062-LeaderElection4] INFO  server.RaftServerConfigKeys (ConfUtils.java:logGet(46)) - raft.server.write.element-limit = 1024 (custom)
2024-06-22 09:53:56,991 [56d91bac-b32b-4010-a6ee-ca8fb4d6f013@group-0FB974D50062-LeaderElection4] INFO  server.RaftServerConfigKeys (ConfUtils.java:logGet(46)) - raft.server.write.byte-limit = 1024 M (=1073741824) (custom)
2024-06-22 09:53:56,991 [56d91bac-b32b-4010-a6ee-ca8fb4d6f013@group-0FB974D50062-LeaderElection4] INFO  server.RaftServerConfigKeys (ConfUtils.java:logGet(46)) - raft.server.watch.timeout = 30s (custom)
2024-06-22 09:53:56,991 [56d91bac-b32b-4010-a6ee-ca8fb4d6f013@group-0FB974D50062-LeaderElection4] INFO  server.RaftServerConfigKeys (ConfUtils.java:logGet(46)) - raft.server.watch.timeout.denomination = 1s (default)
2024-06-22 09:53:56,991 [56d91bac-b32b-4010-a6ee-ca8fb4d6f013@group-0FB974D50062-LeaderElection4] INFO  server.RaftServerConfigKeys (ConfUtils.java:logGet(46)) - raft.server.watch.element-limit = 65536 (default)
2024-06-22 09:53:56,992 [56d91bac-b32b-4010-a6ee-ca8fb4d6f013@group-0FB974D50062-LeaderElection4] INFO  server.RaftServerConfigKeys (ConfUtils.java:logGet(46)) - raft.server.read.leader.lease.enabled = false (default)
2024-06-22 09:53:56,992 [56d91bac-b32b-4010-a6ee-ca8fb4d6f013@group-0FB974D50062-LeaderElection4] INFO  server.RaftServerConfigKeys (ConfUtils.java:logGet(46)) - raft.server.read.leader.lease.timeout.ratio = 0.9 (default)
2024-06-22 09:53:56,992 [56d91bac-b32b-4010-a6ee-ca8fb4d6f013@group-0FB974D50062-LeaderElection4] INFO  server.RaftServerConfigKeys (ConfUtils.java:logGet(46)) - raft.server.rpc.timeout.min = 5s (custom)
2024-06-22 09:53:56,992 [56d91bac-b32b-4010-a6ee-ca8fb4d6f013@group-0FB974D50062-LeaderElection4] INFO  server.RaftServerConfigKeys (ConfUtils.java:logGet(46)) - raft.server.write.element-limit = 1024 (custom)
2024-06-22 09:53:56,992 [56d91bac-b32b-4010-a6ee-ca8fb4d6f013@group-0FB974D50062-LeaderElection4] INFO  server.RaftServerConfigKeys (ConfUtils.java:logGet(46)) - raft.server.write.follower.gap.ratio.max = -1.0 (default)
2024-06-22 09:53:56,992 [56d91bac-b32b-4010-a6ee-ca8fb4d6f013@group-0FB974D50062-LeaderElection4] INFO  impl.RoleInfo (RoleInfo.java:updateAndGet(139)) - 56d91bac-b32b-4010-a6ee-ca8fb4d6f013: start 56d91bac-b32b-4010-a6ee-ca8fb4d6f013@group-0FB974D50062-LeaderStateImpl
2024-06-22 09:53:56,992 [56d91bac-b32b-4010-a6ee-ca8fb4d6f013@group-0FB974D50062-LeaderElection4] INFO  server.RaftServer$Division (RaftServerImpl.java:setFirstElection(574)) - 56d91bac-b32b-4010-a6ee-ca8fb4d6f013@group-0FB974D50062: set firstElectionSinceStartup to false for becomeLeader
2024-06-22 09:53:56,992 [56d91bac-b32b-4010-a6ee-ca8fb4d6f013@group-0FB974D50062-LeaderElection4] INFO  ratis.XceiverServerRatis (XceiverServerRatis.java:handleLeaderChangedNotification(966)) - Leader change notification received for group: group-0FB974D50062 with new leaderId: 56d91bac-b32b-4010-a6ee-ca8fb4d6f013
2024-06-22 09:53:56,993 [56d91bac-b32b-4010-a6ee-ca8fb4d6f013@group-0FB974D50062-LeaderElection4] INFO  server.RaftServer$Division (ServerState.java:setLeader(269)) - 56d91bac-b32b-4010-a6ee-ca8fb4d6f013@group-0FB974D50062: change Leader from null to 56d91bac-b32b-4010-a6ee-ca8fb4d6f013 at term 1 for becomeLeader, leader elected after 5039ms
2024-06-22 09:53:56,993 [56d91bac-b32b-4010-a6ee-ca8fb4d6f013@group-0FB974D50062-LeaderElection4] INFO  segmented.SegmentedRaftLogWorker (SegmentedRaftLogWorker.java:startLogSegment(430)) - 56d91bac-b32b-4010-a6ee-ca8fb4d6f013@group-0FB974D50062-SegmentedRaftLogWorker: Starting segment from index:0
2024-06-22 09:53:56,993 [56d91bac-b32b-4010-a6ee-ca8fb4d6f013@group-0FB974D50062-LeaderElection4] INFO  server.RaftServer$Division (ServerState.java:setRaftConf(386)) - 56d91bac-b32b-4010-a6ee-ca8fb4d6f013@group-0FB974D50062: set configuration 0: peers:[56d91bac-b32b-4010-a6ee-ca8fb4d6f013|127.0.0.1:15032]|listeners:[], old=null
2024-06-22 09:53:56,994 [56d91bac-b32b-4010-a6ee-ca8fb4d6f013@group-0FB974D50062-SegmentedRaftLogWorker] INFO  segmented.BufferedWriteChannel (BufferedWriteChannel.java:open(62)) - open log_inprogress_0 at position 0
2024-06-22 09:53:57,004 [56d91bac-b32b-4010-a6ee-ca8fb4d6f013@group-0FB974D50062-SegmentedRaftLogWorker] INFO  segmented.SegmentedRaftLogWorker (SegmentedRaftLogWorker.java:execute(634)) - 56d91bac-b32b-4010-a6ee-ca8fb4d6f013@group-0FB974D50062-SegmentedRaftLogWorker: created new log segment /home/runner/work/ozone/ozone/hadoop-ozone/integration-test/target/test-dir/MiniOzoneClusterImpl-e30f9212-6642-4e3c-bf74-b445a15ce63f/ozone-meta/datanode-3/ratis/d9224c74-8130-46fe-9b4a-0fb974d50062/current/log_inprogress_0
2024-06-22 09:53:57,006 [56d91bac-b32b-4010-a6ee-ca8fb4d6f013@group-0FB974D50062-StateMachineUpdater] INFO  server.RaftServer$Division (LeaderStateImpl.java:isApplied(320)) - leader is ready since appliedIndex == 0 >= startIndex == 0
2024-06-22 09:53:57,036 [788200e2-a8c6-41b6-82b9-949d8dd4f2a7@group-8EF1D03AC90C-FollowerState] INFO  impl.FollowerState (FollowerState.java:run(143)) - 788200e2-a8c6-41b6-82b9-949d8dd4f2a7@group-8EF1D03AC90C-FollowerState: change to CANDIDATE, lastRpcElapsedTime:5163689797ns, electionTimeout:5162ms
2024-06-22 09:53:57,036 [788200e2-a8c6-41b6-82b9-949d8dd4f2a7@group-8EF1D03AC90C-FollowerState] INFO  impl.RoleInfo (RoleInfo.java:shutdownFollowerState(110)) - 788200e2-a8c6-41b6-82b9-949d8dd4f2a7: shutdown 788200e2-a8c6-41b6-82b9-949d8dd4f2a7@group-8EF1D03AC90C-FollowerState
2024-06-22 09:53:57,036 [788200e2-a8c6-41b6-82b9-949d8dd4f2a7@group-8EF1D03AC90C-FollowerState] INFO  server.RaftServer$Division (RaftServerImpl.java:setRole(383)) - 788200e2-a8c6-41b6-82b9-949d8dd4f2a7@group-8EF1D03AC90C: changes role from  FOLLOWER to CANDIDATE at term 0 for changeToCandidate
2024-06-22 09:53:57,036 [788200e2-a8c6-41b6-82b9-949d8dd4f2a7@group-8EF1D03AC90C-FollowerState] INFO  server.RaftServerConfigKeys (ConfUtils.java:logGet(46)) - raft.server.leaderelection.pre-vote = true (default)
2024-06-22 09:53:57,037 [788200e2-a8c6-41b6-82b9-949d8dd4f2a7@group-8EF1D03AC90C-FollowerState] INFO  impl.RoleInfo (RoleInfo.java:updateAndGet(139)) - 788200e2-a8c6-41b6-82b9-949d8dd4f2a7: start 788200e2-a8c6-41b6-82b9-949d8dd4f2a7@group-8EF1D03AC90C-LeaderElection5
2024-06-22 09:53:57,037 [788200e2-a8c6-41b6-82b9-949d8dd4f2a7@group-8EF1D03AC90C-LeaderElection5] INFO  impl.LeaderElection (LeaderElection.java:askForVotes(321)) - 788200e2-a8c6-41b6-82b9-949d8dd4f2a7@group-8EF1D03AC90C-LeaderElection5 PRE_VOTE round 0: submit vote requests at term 0 for -1: peers:[788200e2-a8c6-41b6-82b9-949d8dd4f2a7|127.0.0.1:15023]|listeners:[], old=null
2024-06-22 09:53:57,038 [788200e2-a8c6-41b6-82b9-949d8dd4f2a7@group-8EF1D03AC90C-LeaderElection5] INFO  impl.LeaderElection (LeaderElection.java:askForVotes(323)) - 788200e2-a8c6-41b6-82b9-949d8dd4f2a7@group-8EF1D03AC90C-LeaderElection5 PRE_VOTE round 0: result PASSED (term=0)
2024-06-22 09:53:57,040 [788200e2-a8c6-41b6-82b9-949d8dd4f2a7@group-8EF1D03AC90C-LeaderElection5] INFO  impl.LeaderElection (LeaderElection.java:askForVotes(321)) - 788200e2-a8c6-41b6-82b9-949d8dd4f2a7@group-8EF1D03AC90C-LeaderElection5 ELECTION round 0: submit vote requests at term 1 for -1: peers:[788200e2-a8c6-41b6-82b9-949d8dd4f2a7|127.0.0.1:15023]|listeners:[], old=null
2024-06-22 09:53:57,041 [788200e2-a8c6-41b6-82b9-949d8dd4f2a7@group-8EF1D03AC90C-LeaderElection5] INFO  impl.LeaderElection (LeaderElection.java:askForVotes(323)) - 788200e2-a8c6-41b6-82b9-949d8dd4f2a7@group-8EF1D03AC90C-LeaderElection5 ELECTION round 0: result PASSED (term=1)
2024-06-22 09:53:57,041 [788200e2-a8c6-41b6-82b9-949d8dd4f2a7@group-8EF1D03AC90C-LeaderElection5] INFO  impl.RoleInfo (RoleInfo.java:shutdownLeaderElection(130)) - 788200e2-a8c6-41b6-82b9-949d8dd4f2a7: shutdown 788200e2-a8c6-41b6-82b9-949d8dd4f2a7@group-8EF1D03AC90C-LeaderElection5
2024-06-22 09:53:57,041 [788200e2-a8c6-41b6-82b9-949d8dd4f2a7@group-8EF1D03AC90C-LeaderElection5] INFO  server.RaftServer$Division (RaftServerImpl.java:setRole(383)) - 788200e2-a8c6-41b6-82b9-949d8dd4f2a7@group-8EF1D03AC90C: changes role from CANDIDATE to LEADER at term 1 for changeToLeader
2024-06-22 09:53:57,042 [788200e2-a8c6-41b6-82b9-949d8dd4f2a7@group-8EF1D03AC90C-LeaderElection5] INFO  server.RaftServerConfigKeys (ConfUtils.java:logGet(46)) - raft.server.staging.catchup.gap = 1000 (default)
2024-06-22 09:53:57,043 [788200e2-a8c6-41b6-82b9-949d8dd4f2a7@group-8EF1D03AC90C-LeaderElection5] INFO  server.RaftServerConfigKeys (ConfUtils.java:logGet(46)) - raft.server.write.element-limit = 1024 (custom)
2024-06-22 09:53:57,043 [788200e2-a8c6-41b6-82b9-949d8dd4f2a7@group-8EF1D03AC90C-LeaderElection5] INFO  server.RaftServerConfigKeys (ConfUtils.java:logGet(46)) - raft.server.write.byte-limit = 1024 M (=1073741824) (custom)
2024-06-22 09:53:57,044 [788200e2-a8c6-41b6-82b9-949d8dd4f2a7@group-8EF1D03AC90C-LeaderElection5] INFO  server.RaftServerConfigKeys (ConfUtils.java:logGet(46)) - raft.server.watch.timeout = 30s (custom)
2024-06-22 09:53:57,045 [788200e2-a8c6-41b6-82b9-949d8dd4f2a7@group-8EF1D03AC90C-LeaderElection5] INFO  server.RaftServerConfigKeys (ConfUtils.java:logGet(46)) - raft.server.watch.timeout.denomination = 1s (default)
2024-06-22 09:53:57,045 [788200e2-a8c6-41b6-82b9-949d8dd4f2a7@group-8EF1D03AC90C-LeaderElection5] INFO  server.RaftServerConfigKeys (ConfUtils.java:logGet(46)) - raft.server.watch.element-limit = 65536 (default)
2024-06-22 09:53:57,045 [788200e2-a8c6-41b6-82b9-949d8dd4f2a7@group-8EF1D03AC90C-LeaderElection5] INFO  server.RaftServerConfigKeys (ConfUtils.java:logGet(46)) - raft.server.read.leader.lease.enabled = false (default)
2024-06-22 09:53:57,046 [788200e2-a8c6-41b6-82b9-949d8dd4f2a7@group-8EF1D03AC90C-LeaderElection5] INFO  server.RaftServerConfigKeys (ConfUtils.java:logGet(46)) - raft.server.read.leader.lease.timeout.ratio = 0.9 (default)
2024-06-22 09:53:57,046 [788200e2-a8c6-41b6-82b9-949d8dd4f2a7@group-8EF1D03AC90C-LeaderElection5] INFO  server.RaftServerConfigKeys (ConfUtils.java:logGet(46)) - raft.server.rpc.timeout.min = 5s (custom)
2024-06-22 09:53:57,047 [788200e2-a8c6-41b6-82b9-949d8dd4f2a7@group-8EF1D03AC90C-LeaderElection5] INFO  server.RaftServerConfigKeys (ConfUtils.java:logGet(46)) - raft.server.write.element-limit = 1024 (custom)
2024-06-22 09:53:57,047 [788200e2-a8c6-41b6-82b9-949d8dd4f2a7@group-8EF1D03AC90C-LeaderElection5] INFO  server.RaftServerConfigKeys (ConfUtils.java:logGet(46)) - raft.server.write.follower.gap.ratio.max = -1.0 (default)
2024-06-22 09:53:57,049 [788200e2-a8c6-41b6-82b9-949d8dd4f2a7@group-8EF1D03AC90C-LeaderElection5] INFO  impl.RoleInfo (RoleInfo.java:updateAndGet(139)) - 788200e2-a8c6-41b6-82b9-949d8dd4f2a7: start 788200e2-a8c6-41b6-82b9-949d8dd4f2a7@group-8EF1D03AC90C-LeaderStateImpl
2024-06-22 09:53:57,049 [788200e2-a8c6-41b6-82b9-949d8dd4f2a7@group-8EF1D03AC90C-LeaderElection5] INFO  server.RaftServer$Division (RaftServerImpl.java:setFirstElection(574)) - 788200e2-a8c6-41b6-82b9-949d8dd4f2a7@group-8EF1D03AC90C: set firstElectionSinceStartup to false for becomeLeader
2024-06-22 09:53:57,050 [788200e2-a8c6-41b6-82b9-949d8dd4f2a7@group-8EF1D03AC90C-LeaderElection5] INFO  ratis.XceiverServerRatis (XceiverServerRatis.java:handleLeaderChangedNotification(966)) - Leader change notification received for group: group-8EF1D03AC90C with new leaderId: 788200e2-a8c6-41b6-82b9-949d8dd4f2a7
2024-06-22 09:53:57,052 [788200e2-a8c6-41b6-82b9-949d8dd4f2a7@group-8EF1D03AC90C-LeaderElection5] INFO  server.RaftServer$Division (ServerState.java:setLeader(269)) - 788200e2-a8c6-41b6-82b9-949d8dd4f2a7@group-8EF1D03AC90C: change Leader from null to 788200e2-a8c6-41b6-82b9-949d8dd4f2a7 at term 1 for becomeLeader, leader elected after 5193ms
2024-06-22 09:53:57,054 [788200e2-a8c6-41b6-82b9-949d8dd4f2a7@group-8EF1D03AC90C-LeaderElection5] INFO  segmented.SegmentedRaftLogWorker (SegmentedRaftLogWorker.java:startLogSegment(430)) - 788200e2-a8c6-41b6-82b9-949d8dd4f2a7@group-8EF1D03AC90C-SegmentedRaftLogWorker: Starting segment from index:0
2024-06-22 09:53:57,055 [788200e2-a8c6-41b6-82b9-949d8dd4f2a7@group-8EF1D03AC90C-LeaderElection5] INFO  server.RaftServer$Division (ServerState.java:setRaftConf(386)) - 788200e2-a8c6-41b6-82b9-949d8dd4f2a7@group-8EF1D03AC90C: set configuration 0: peers:[788200e2-a8c6-41b6-82b9-949d8dd4f2a7|127.0.0.1:15023]|listeners:[], old=null
2024-06-22 09:53:57,055 [788200e2-a8c6-41b6-82b9-949d8dd4f2a7@group-8EF1D03AC90C-SegmentedRaftLogWorker] INFO  segmented.BufferedWriteChannel (BufferedWriteChannel.java:open(62)) - open log_inprogress_0 at position 0
2024-06-22 09:53:57,062 [788200e2-a8c6-41b6-82b9-949d8dd4f2a7@group-8EF1D03AC90C-SegmentedRaftLogWorker] INFO  segmented.SegmentedRaftLogWorker (SegmentedRaftLogWorker.java:execute(634)) - 788200e2-a8c6-41b6-82b9-949d8dd4f2a7@group-8EF1D03AC90C-SegmentedRaftLogWorker: created new log segment /home/runner/work/ozone/ozone/hadoop-ozone/integration-test/target/test-dir/MiniOzoneClusterImpl-e30f9212-6642-4e3c-bf74-b445a15ce63f/ozone-meta/datanode-2/ratis/e438ddf8-f618-4905-854c-8ef1d03ac90c/current/log_inprogress_0
2024-06-22 09:53:57,064 [788200e2-a8c6-41b6-82b9-949d8dd4f2a7@group-8EF1D03AC90C-StateMachineUpdater] INFO  server.RaftServer$Division (LeaderStateImpl.java:isApplied(320)) - leader is ready since appliedIndex == 0 >= startIndex == 0
2024-06-22 09:53:57,279 [56d91bac-b32b-4010-a6ee-ca8fb4d6f013@group-CB174204298D-FollowerState] INFO  impl.FollowerState (FollowerState.java:run(143)) - 56d91bac-b32b-4010-a6ee-ca8fb4d6f013@group-CB174204298D-FollowerState: change to CANDIDATE, lastRpcElapsedTime:5103658574ns, electionTimeout:5102ms
2024-06-22 09:53:57,279 [56d91bac-b32b-4010-a6ee-ca8fb4d6f013@group-CB174204298D-FollowerState] INFO  impl.RoleInfo (RoleInfo.java:shutdownFollowerState(110)) - 56d91bac-b32b-4010-a6ee-ca8fb4d6f013: shutdown 56d91bac-b32b-4010-a6ee-ca8fb4d6f013@group-CB174204298D-FollowerState
2024-06-22 09:53:57,279 [56d91bac-b32b-4010-a6ee-ca8fb4d6f013@group-CB174204298D-FollowerState] INFO  server.RaftServer$Division (RaftServerImpl.java:setRole(383)) - 56d91bac-b32b-4010-a6ee-ca8fb4d6f013@group-CB174204298D: changes role from  FOLLOWER to CANDIDATE at term 0 for changeToCandidate
2024-06-22 09:53:57,279 [56d91bac-b32b-4010-a6ee-ca8fb4d6f013@group-CB174204298D-FollowerState] INFO  server.RaftServerConfigKeys (ConfUtils.java:logGet(46)) - raft.server.leaderelection.pre-vote = true (default)
2024-06-22 09:53:57,280 [56d91bac-b32b-4010-a6ee-ca8fb4d6f013@group-CB174204298D-FollowerState] INFO  impl.RoleInfo (RoleInfo.java:updateAndGet(139)) - 56d91bac-b32b-4010-a6ee-ca8fb4d6f013: start 56d91bac-b32b-4010-a6ee-ca8fb4d6f013@group-CB174204298D-LeaderElection6
2024-06-22 09:53:57,280 [56d91bac-b32b-4010-a6ee-ca8fb4d6f013@group-CB174204298D-LeaderElection6] INFO  impl.LeaderElection (LeaderElection.java:askForVotes(321)) - 56d91bac-b32b-4010-a6ee-ca8fb4d6f013@group-CB174204298D-LeaderElection6 PRE_VOTE round 0: submit vote requests at term 0 for -1: peers:[eea743f9-1650-4764-952b-70f255484f5c|127.0.0.1:15014, 788200e2-a8c6-41b6-82b9-949d8dd4f2a7|127.0.0.1:15023, 56d91bac-b32b-4010-a6ee-ca8fb4d6f013|127.0.0.1:15032]|listeners:[], old=null
2024-06-22 09:53:57,281 [56d91bac-b32b-4010-a6ee-ca8fb4d6f013@group-CB174204298D-LeaderElection6-1] INFO  server.GrpcServerProtocolClient (GrpcServerProtocolClient.java:<init>(65)) - Build channel for eea743f9-1650-4764-952b-70f255484f5c|127.0.0.1:15014
2024-06-22 09:53:57,281 [56d91bac-b32b-4010-a6ee-ca8fb4d6f013@group-CB174204298D-LeaderElection6-2] INFO  server.GrpcServerProtocolClient (GrpcServerProtocolClient.java:<init>(65)) - Build channel for 788200e2-a8c6-41b6-82b9-949d8dd4f2a7|127.0.0.1:15023
2024-06-22 09:53:57,282 [56d91bac-b32b-4010-a6ee-ca8fb4d6f013@group-CB174204298D-LeaderElection6] INFO  server.RaftServerConfigKeys (ConfUtils.java:logFallback(53)) - raft.server.rpc.first-election.timeout.min = 5s (fallback to raft.server.rpc.timeout.min)
2024-06-22 09:53:57,282 [56d91bac-b32b-4010-a6ee-ca8fb4d6f013@group-CB174204298D-LeaderElection6] INFO  server.RaftServerConfigKeys (ConfUtils.java:logFallback(53)) - raft.server.rpc.first-election.timeout.max = 5200ms (fallback to raft.server.rpc.timeout.max)
2024-06-22 09:53:57,289 [grpc-default-executor-5] INFO  server.RaftServer$Division (RaftServerImpl.java:requestVote(1389)) - eea743f9-1650-4764-952b-70f255484f5c@group-CB174204298D: receive requestVote(PRE_VOTE, 56d91bac-b32b-4010-a6ee-ca8fb4d6f013, group-CB174204298D, 0, (t:0, i:0))
2024-06-22 09:53:57,289 [grpc-default-executor-5] INFO  impl.VoteContext (VoteContext.java:log(49)) - eea743f9-1650-4764-952b-70f255484f5c@group-CB174204298D-FOLLOWER: accept PRE_VOTE from 56d91bac-b32b-4010-a6ee-ca8fb4d6f013: our priority 0 <= candidate's priority 0
2024-06-22 09:53:57,290 [grpc-default-executor-5] INFO  server.RaftServer$Division (RaftServerImpl.java:requestVote(1422)) - eea743f9-1650-4764-952b-70f255484f5c@group-CB174204298D replies to PRE_VOTE vote request: 56d91bac-b32b-4010-a6ee-ca8fb4d6f013<-eea743f9-1650-4764-952b-70f255484f5c#0:OK-t0. Peer's state: eea743f9-1650-4764-952b-70f255484f5c@group-CB174204298D:t0, leader=null, voted=, raftlog=Memoized:eea743f9-1650-4764-952b-70f255484f5c@group-CB174204298D-SegmentedRaftLog:OPENED:c-1, conf=-1: peers:[eea743f9-1650-4764-952b-70f255484f5c|127.0.0.1:15014, 788200e2-a8c6-41b6-82b9-949d8dd4f2a7|127.0.0.1:15023, 56d91bac-b32b-4010-a6ee-ca8fb4d6f013|127.0.0.1:15032]|listeners:[], old=null
2024-06-22 09:53:57,292 [grpc-default-executor-5] INFO  server.RaftServer$Division (RaftServerImpl.java:requestVote(1389)) - 788200e2-a8c6-41b6-82b9-949d8dd4f2a7@group-CB174204298D: receive requestVote(PRE_VOTE, 56d91bac-b32b-4010-a6ee-ca8fb4d6f013, group-CB174204298D, 0, (t:0, i:0))
2024-06-22 09:53:57,293 [grpc-default-executor-5] INFO  impl.VoteContext (VoteContext.java:log(49)) - 788200e2-a8c6-41b6-82b9-949d8dd4f2a7@group-CB174204298D-FOLLOWER: reject PRE_VOTE from 56d91bac-b32b-4010-a6ee-ca8fb4d6f013: our priority 1 > candidate's priority 0
2024-06-22 09:53:57,293 [grpc-default-executor-5] INFO  server.RaftServer$Division (RaftServerImpl.java:requestVote(1422)) - 788200e2-a8c6-41b6-82b9-949d8dd4f2a7@group-CB174204298D replies to PRE_VOTE vote request: 56d91bac-b32b-4010-a6ee-ca8fb4d6f013<-788200e2-a8c6-41b6-82b9-949d8dd4f2a7#0:FAIL-t0. Peer's state: 788200e2-a8c6-41b6-82b9-949d8dd4f2a7@group-CB174204298D:t0, leader=null, voted=, raftlog=Memoized:788200e2-a8c6-41b6-82b9-949d8dd4f2a7@group-CB174204298D-SegmentedRaftLog:OPENED:c-1, conf=-1: peers:[eea743f9-1650-4764-952b-70f255484f5c|127.0.0.1:15014, 788200e2-a8c6-41b6-82b9-949d8dd4f2a7|127.0.0.1:15023, 56d91bac-b32b-4010-a6ee-ca8fb4d6f013|127.0.0.1:15032]|listeners:[], old=null
2024-06-22 09:53:57,294 [56d91bac-b32b-4010-a6ee-ca8fb4d6f013@group-CB174204298D-LeaderElection6] INFO  impl.LeaderElection (LeaderElection.java:logAndReturn(89)) - 56d91bac-b32b-4010-a6ee-ca8fb4d6f013@group-CB174204298D-LeaderElection6: PRE_VOTE REJECTED received 2 response(s) and 0 exception(s):
2024-06-22 09:53:57,294 [56d91bac-b32b-4010-a6ee-ca8fb4d6f013@group-CB174204298D-LeaderElection6] INFO  impl.LeaderElection (LeaderElection.java:logAndReturn(93)) -   Response 0: 56d91bac-b32b-4010-a6ee-ca8fb4d6f013<-eea743f9-1650-4764-952b-70f255484f5c#0:OK-t0
2024-06-22 09:53:57,294 [56d91bac-b32b-4010-a6ee-ca8fb4d6f013@group-CB174204298D-LeaderElection6] INFO  impl.LeaderElection (LeaderElection.java:logAndReturn(93)) -   Response 1: 56d91bac-b32b-4010-a6ee-ca8fb4d6f013<-788200e2-a8c6-41b6-82b9-949d8dd4f2a7#0:FAIL-t0
2024-06-22 09:53:57,294 [56d91bac-b32b-4010-a6ee-ca8fb4d6f013@group-CB174204298D-LeaderElection6] INFO  impl.LeaderElection (LeaderElection.java:askForVotes(323)) - 56d91bac-b32b-4010-a6ee-ca8fb4d6f013@group-CB174204298D-LeaderElection6 PRE_VOTE round 0: result REJECTED
2024-06-22 09:53:57,294 [56d91bac-b32b-4010-a6ee-ca8fb4d6f013@group-CB174204298D-LeaderElection6] INFO  server.RaftServer$Division (RaftServerImpl.java:setRole(383)) - 56d91bac-b32b-4010-a6ee-ca8fb4d6f013@group-CB174204298D: changes role from CANDIDATE to FOLLOWER at term 0 for REJECTED
2024-06-22 09:53:57,294 [56d91bac-b32b-4010-a6ee-ca8fb4d6f013@group-CB174204298D-LeaderElection6] INFO  impl.RoleInfo (RoleInfo.java:shutdownLeaderElection(130)) - 56d91bac-b32b-4010-a6ee-ca8fb4d6f013: shutdown 56d91bac-b32b-4010-a6ee-ca8fb4d6f013@group-CB174204298D-LeaderElection6
2024-06-22 09:53:57,295 [56d91bac-b32b-4010-a6ee-ca8fb4d6f013@group-CB174204298D-LeaderElection6] INFO  impl.RoleInfo (RoleInfo.java:updateAndGet(139)) - 56d91bac-b32b-4010-a6ee-ca8fb4d6f013: start 56d91bac-b32b-4010-a6ee-ca8fb4d6f013@group-CB174204298D-FollowerState
2024-06-22 09:53:57,295 [56d91bac-b32b-4010-a6ee-ca8fb4d6f013@group-CB174204298D-LeaderElection6] INFO  server.RaftServer$Division (RaftServerImpl.java:setFirstElection(574)) - 56d91bac-b32b-4010-a6ee-ca8fb4d6f013@group-CB174204298D: set firstElectionSinceStartup to false for REJECTED
2024-06-22 09:53:57,335 [eea743f9-1650-4764-952b-70f255484f5c@group-CB174204298D-FollowerState] INFO  server.RaftServerConfigKeys (ConfUtils.java:logFallback(53)) - raft.server.rpc.first-election.timeout.min = 5s (fallback to raft.server.rpc.timeout.min)
2024-06-22 09:53:57,335 [eea743f9-1650-4764-952b-70f255484f5c@group-CB174204298D-FollowerState] INFO  server.RaftServerConfigKeys (ConfUtils.java:logFallback(53)) - raft.server.rpc.first-election.timeout.max = 5200ms (fallback to raft.server.rpc.timeout.max)
2024-06-22 09:53:57,346 [main] INFO  rpc.RpcClient (RpcClient.java:createVolume(473)) - Creating Volume: volume12392, with user23335 as owner and space quota set to -1 bytes, counts quota set to -1
2024-06-22 09:53:57,358 [788200e2-a8c6-41b6-82b9-949d8dd4f2a7@group-CB174204298D-FollowerState] INFO  impl.FollowerState (FollowerState.java:run(143)) - 788200e2-a8c6-41b6-82b9-949d8dd4f2a7@group-CB174204298D-FollowerState: change to CANDIDATE, lastRpcElapsedTime:5151824056ns, electionTimeout:5146ms
2024-06-22 09:53:57,358 [788200e2-a8c6-41b6-82b9-949d8dd4f2a7@group-CB174204298D-FollowerState] INFO  impl.RoleInfo (RoleInfo.java:shutdownFollowerState(110)) - 788200e2-a8c6-41b6-82b9-949d8dd4f2a7: shutdown 788200e2-a8c6-41b6-82b9-949d8dd4f2a7@group-CB174204298D-FollowerState
2024-06-22 09:53:57,358 [788200e2-a8c6-41b6-82b9-949d8dd4f2a7@group-CB174204298D-FollowerState] INFO  server.RaftServer$Division (RaftServerImpl.java:setRole(383)) - 788200e2-a8c6-41b6-82b9-949d8dd4f2a7@group-CB174204298D: changes role from  FOLLOWER to CANDIDATE at term 0 for changeToCandidate
2024-06-22 09:53:57,359 [788200e2-a8c6-41b6-82b9-949d8dd4f2a7@group-CB174204298D-FollowerState] INFO  server.RaftServerConfigKeys (ConfUtils.java:logGet(46)) - raft.server.leaderelection.pre-vote = true (default)
2024-06-22 09:53:57,359 [788200e2-a8c6-41b6-82b9-949d8dd4f2a7@group-CB174204298D-FollowerState] INFO  impl.RoleInfo (RoleInfo.java:updateAndGet(139)) - 788200e2-a8c6-41b6-82b9-949d8dd4f2a7: start 788200e2-a8c6-41b6-82b9-949d8dd4f2a7@group-CB174204298D-LeaderElection7
2024-06-22 09:53:57,361 [788200e2-a8c6-41b6-82b9-949d8dd4f2a7@group-CB174204298D-LeaderElection7] INFO  impl.LeaderElection (LeaderElection.java:askForVotes(321)) - 788200e2-a8c6-41b6-82b9-949d8dd4f2a7@group-CB174204298D-LeaderElection7 PRE_VOTE round 0: submit vote requests at term 0 for -1: peers:[eea743f9-1650-4764-952b-70f255484f5c|127.0.0.1:15014, 788200e2-a8c6-41b6-82b9-949d8dd4f2a7|127.0.0.1:15023, 56d91bac-b32b-4010-a6ee-ca8fb4d6f013|127.0.0.1:15032]|listeners:[], old=null
2024-06-22 09:53:57,362 [788200e2-a8c6-41b6-82b9-949d8dd4f2a7@group-CB174204298D-LeaderElection7-1] INFO  server.GrpcServerProtocolClient (GrpcServerProtocolClient.java:<init>(65)) - Build channel for eea743f9-1650-4764-952b-70f255484f5c|127.0.0.1:15014
2024-06-22 09:53:57,365 [788200e2-a8c6-41b6-82b9-949d8dd4f2a7@group-CB174204298D-LeaderElection7] INFO  server.RaftServerConfigKeys (ConfUtils.java:logFallback(53)) - raft.server.rpc.first-election.timeout.min = 5s (fallback to raft.server.rpc.timeout.min)
2024-06-22 09:53:57,365 [788200e2-a8c6-41b6-82b9-949d8dd4f2a7@group-CB174204298D-LeaderElection7] INFO  server.RaftServerConfigKeys (ConfUtils.java:logFallback(53)) - raft.server.rpc.first-election.timeout.max = 5200ms (fallback to raft.server.rpc.timeout.max)
2024-06-22 09:53:57,365 [788200e2-a8c6-41b6-82b9-949d8dd4f2a7@group-CB174204298D-LeaderElection7-2] INFO  server.GrpcServerProtocolClient (GrpcServerProtocolClient.java:<init>(65)) - Build channel for 56d91bac-b32b-4010-a6ee-ca8fb4d6f013|127.0.0.1:15032
2024-06-22 09:53:57,368 [grpc-default-executor-5] INFO  server.RaftServer$Division (RaftServerImpl.java:requestVote(1389)) - eea743f9-1650-4764-952b-70f255484f5c@group-CB174204298D: receive requestVote(PRE_VOTE, 788200e2-a8c6-41b6-82b9-949d8dd4f2a7, group-CB174204298D, 0, (t:0, i:0))
2024-06-22 09:53:57,369 [grpc-default-executor-5] INFO  impl.VoteContext (VoteContext.java:log(49)) - eea743f9-1650-4764-952b-70f255484f5c@group-CB174204298D-FOLLOWER: accept PRE_VOTE from 788200e2-a8c6-41b6-82b9-949d8dd4f2a7: our priority 0 <= candidate's priority 1
2024-06-22 09:53:57,369 [grpc-default-executor-5] INFO  server.RaftServer$Division (RaftServerImpl.java:requestVote(1422)) - eea743f9-1650-4764-952b-70f255484f5c@group-CB174204298D replies to PRE_VOTE vote request: 788200e2-a8c6-41b6-82b9-949d8dd4f2a7<-eea743f9-1650-4764-952b-70f255484f5c#0:OK-t0. Peer's state: eea743f9-1650-4764-952b-70f255484f5c@group-CB174204298D:t0, leader=null, voted=, raftlog=Memoized:eea743f9-1650-4764-952b-70f255484f5c@group-CB174204298D-SegmentedRaftLog:OPENED:c-1, conf=-1: peers:[eea743f9-1650-4764-952b-70f255484f5c|127.0.0.1:15014, 788200e2-a8c6-41b6-82b9-949d8dd4f2a7|127.0.0.1:15023, 56d91bac-b32b-4010-a6ee-ca8fb4d6f013|127.0.0.1:15032]|listeners:[], old=null
2024-06-22 09:53:57,370 [788200e2-a8c6-41b6-82b9-949d8dd4f2a7@group-CB174204298D-LeaderElection7] INFO  impl.LeaderElection (LeaderElection.java:logAndReturn(89)) - 788200e2-a8c6-41b6-82b9-949d8dd4f2a7@group-CB174204298D-LeaderElection7: PRE_VOTE PASSED received 1 response(s) and 0 exception(s):
2024-06-22 09:53:57,371 [788200e2-a8c6-41b6-82b9-949d8dd4f2a7@group-CB174204298D-LeaderElection7] INFO  impl.LeaderElection (LeaderElection.java:logAndReturn(93)) -   Response 0: 788200e2-a8c6-41b6-82b9-949d8dd4f2a7<-eea743f9-1650-4764-952b-70f255484f5c#0:OK-t0
2024-06-22 09:53:57,371 [788200e2-a8c6-41b6-82b9-949d8dd4f2a7@group-CB174204298D-LeaderElection7] INFO  impl.LeaderElection (LeaderElection.java:askForVotes(323)) - 788200e2-a8c6-41b6-82b9-949d8dd4f2a7@group-CB174204298D-LeaderElection7 PRE_VOTE round 0: result PASSED
2024-06-22 09:53:57,372 [788200e2-a8c6-41b6-82b9-949d8dd4f2a7@group-CB174204298D-LeaderElection7] INFO  impl.LeaderElection (LeaderElection.java:askForVotes(321)) - 788200e2-a8c6-41b6-82b9-949d8dd4f2a7@group-CB174204298D-LeaderElection7 ELECTION round 0: submit vote requests at term 1 for -1: peers:[eea743f9-1650-4764-952b-70f255484f5c|127.0.0.1:15014, 788200e2-a8c6-41b6-82b9-949d8dd4f2a7|127.0.0.1:15023, 56d91bac-b32b-4010-a6ee-ca8fb4d6f013|127.0.0.1:15032]|listeners:[], old=null
2024-06-22 09:53:57,373 [grpc-default-executor-5] INFO  server.RaftServer$Division (RaftServerImpl.java:requestVote(1389)) - 56d91bac-b32b-4010-a6ee-ca8fb4d6f013@group-CB174204298D: receive requestVote(PRE_VOTE, 788200e2-a8c6-41b6-82b9-949d8dd4f2a7, group-CB174204298D, 0, (t:0, i:0))
2024-06-22 09:53:57,373 [grpc-default-executor-5] INFO  impl.VoteContext (VoteContext.java:log(49)) - 56d91bac-b32b-4010-a6ee-ca8fb4d6f013@group-CB174204298D-FOLLOWER: accept PRE_VOTE from 788200e2-a8c6-41b6-82b9-949d8dd4f2a7: our priority 0 <= candidate's priority 1
2024-06-22 09:53:57,373 [grpc-default-executor-5] INFO  server.RaftServer$Division (RaftServerImpl.java:requestVote(1422)) - 56d91bac-b32b-4010-a6ee-ca8fb4d6f013@group-CB174204298D replies to PRE_VOTE vote request: 788200e2-a8c6-41b6-82b9-949d8dd4f2a7<-56d91bac-b32b-4010-a6ee-ca8fb4d6f013#0:OK-t0. Peer's state: 56d91bac-b32b-4010-a6ee-ca8fb4d6f013@group-CB174204298D:t0, leader=null, voted=, raftlog=Memoized:56d91bac-b32b-4010-a6ee-ca8fb4d6f013@group-CB174204298D-SegmentedRaftLog:OPENED:c-1, conf=-1: peers:[eea743f9-1650-4764-952b-70f255484f5c|127.0.0.1:15014, 788200e2-a8c6-41b6-82b9-949d8dd4f2a7|127.0.0.1:15023, 56d91bac-b32b-4010-a6ee-ca8fb4d6f013|127.0.0.1:15032]|listeners:[], old=null
2024-06-22 09:53:57,379 [788200e2-a8c6-41b6-82b9-949d8dd4f2a7@group-CB174204298D-LeaderElection7] INFO  server.RaftServerConfigKeys (ConfUtils.java:logFallback(53)) - raft.server.rpc.first-election.timeout.min = 5s (fallback to raft.server.rpc.timeout.min)
2024-06-22 09:53:57,379 [788200e2-a8c6-41b6-82b9-949d8dd4f2a7@group-CB174204298D-LeaderElection7] INFO  server.RaftServerConfigKeys (ConfUtils.java:logFallback(53)) - raft.server.rpc.first-election.timeout.max = 5200ms (fallback to raft.server.rpc.timeout.max)
2024-06-22 09:53:57,381 [grpc-default-executor-5] INFO  server.RaftServer$Division (RaftServerImpl.java:requestVote(1389)) - eea743f9-1650-4764-952b-70f255484f5c@group-CB174204298D: receive requestVote(ELECTION, 788200e2-a8c6-41b6-82b9-949d8dd4f2a7, group-CB174204298D, 1, (t:0, i:0))
2024-06-22 09:53:57,381 [grpc-default-executor-5] INFO  impl.VoteContext (VoteContext.java:log(49)) - eea743f9-1650-4764-952b-70f255484f5c@group-CB174204298D-FOLLOWER: accept ELECTION from 788200e2-a8c6-41b6-82b9-949d8dd4f2a7: our priority 0 <= candidate's priority 1
2024-06-22 09:53:57,381 [grpc-default-executor-5] INFO  server.RaftServer$Division (RaftServerImpl.java:setRole(383)) - eea743f9-1650-4764-952b-70f255484f5c@group-CB174204298D: changes role from  FOLLOWER to FOLLOWER at term 1 for candidate:788200e2-a8c6-41b6-82b9-949d8dd4f2a7
2024-06-22 09:53:57,381 [grpc-default-executor-5] INFO  impl.RoleInfo (RoleInfo.java:shutdownFollowerState(110)) - eea743f9-1650-4764-952b-70f255484f5c: shutdown eea743f9-1650-4764-952b-70f255484f5c@group-CB174204298D-FollowerState
2024-06-22 09:53:57,381 [grpc-default-executor-5] INFO  impl.RoleInfo (RoleInfo.java:updateAndGet(139)) - eea743f9-1650-4764-952b-70f255484f5c: start eea743f9-1650-4764-952b-70f255484f5c@group-CB174204298D-FollowerState
2024-06-22 09:53:57,381 [eea743f9-1650-4764-952b-70f255484f5c@group-CB174204298D-FollowerState] INFO  impl.FollowerState (FollowerState.java:run(152)) - eea743f9-1650-4764-952b-70f255484f5c@group-CB174204298D-FollowerState was interrupted
2024-06-22 09:53:57,382 [grpc-default-executor-0] INFO  server.RaftServer$Division (RaftServerImpl.java:requestVote(1389)) - 56d91bac-b32b-4010-a6ee-ca8fb4d6f013@group-CB174204298D: receive requestVote(ELECTION, 788200e2-a8c6-41b6-82b9-949d8dd4f2a7, group-CB174204298D, 1, (t:0, i:0))
2024-06-22 09:53:57,382 [grpc-default-executor-0] INFO  impl.VoteContext (VoteContext.java:log(49)) - 56d91bac-b32b-4010-a6ee-ca8fb4d6f013@group-CB174204298D-FOLLOWER: accept ELECTION from 788200e2-a8c6-41b6-82b9-949d8dd4f2a7: our priority 0 <= candidate's priority 1
2024-06-22 09:53:57,382 [grpc-default-executor-5] INFO  server.RaftServer$Division (RaftServerImpl.java:setFirstElection(574)) - eea743f9-1650-4764-952b-70f255484f5c@group-CB174204298D: set firstElectionSinceStartup to false for candidate:788200e2-a8c6-41b6-82b9-949d8dd4f2a7
2024-06-22 09:53:57,382 [grpc-default-executor-0] INFO  server.RaftServer$Division (RaftServerImpl.java:setRole(383)) - 56d91bac-b32b-4010-a6ee-ca8fb4d6f013@group-CB174204298D: changes role from  FOLLOWER to FOLLOWER at term 1 for candidate:788200e2-a8c6-41b6-82b9-949d8dd4f2a7
2024-06-22 09:53:57,382 [grpc-default-executor-0] INFO  impl.RoleInfo (RoleInfo.java:shutdownFollowerState(110)) - 56d91bac-b32b-4010-a6ee-ca8fb4d6f013: shutdown 56d91bac-b32b-4010-a6ee-ca8fb4d6f013@group-CB174204298D-FollowerState
2024-06-22 09:53:57,382 [grpc-default-executor-0] INFO  impl.RoleInfo (RoleInfo.java:updateAndGet(139)) - 56d91bac-b32b-4010-a6ee-ca8fb4d6f013: start 56d91bac-b32b-4010-a6ee-ca8fb4d6f013@group-CB174204298D-FollowerState
2024-06-22 09:53:57,382 [56d91bac-b32b-4010-a6ee-ca8fb4d6f013@group-CB174204298D-FollowerState] INFO  impl.FollowerState (FollowerState.java:run(152)) - 56d91bac-b32b-4010-a6ee-ca8fb4d6f013@group-CB174204298D-FollowerState was interrupted
2024-06-22 09:53:57,383 [grpc-default-executor-5] INFO  server.RaftServer$Division (RaftServerImpl.java:requestVote(1422)) - eea743f9-1650-4764-952b-70f255484f5c@group-CB174204298D replies to ELECTION vote request: 788200e2-a8c6-41b6-82b9-949d8dd4f2a7<-eea743f9-1650-4764-952b-70f255484f5c#0:OK-t1. Peer's state: eea743f9-1650-4764-952b-70f255484f5c@group-CB174204298D:t1, leader=null, voted=788200e2-a8c6-41b6-82b9-949d8dd4f2a7, raftlog=Memoized:eea743f9-1650-4764-952b-70f255484f5c@group-CB174204298D-SegmentedRaftLog:OPENED:c-1, conf=-1: peers:[eea743f9-1650-4764-952b-70f255484f5c|127.0.0.1:15014, 788200e2-a8c6-41b6-82b9-949d8dd4f2a7|127.0.0.1:15023, 56d91bac-b32b-4010-a6ee-ca8fb4d6f013|127.0.0.1:15032]|listeners:[], old=null
2024-06-22 09:53:57,387 [788200e2-a8c6-41b6-82b9-949d8dd4f2a7@group-CB174204298D-LeaderElection7] INFO  impl.LeaderElection (LeaderElection.java:logAndReturn(89)) - 788200e2-a8c6-41b6-82b9-949d8dd4f2a7@group-CB174204298D-LeaderElection7: ELECTION PASSED received 1 response(s) and 0 exception(s):
2024-06-22 09:53:57,387 [788200e2-a8c6-41b6-82b9-949d8dd4f2a7@group-CB174204298D-LeaderElection7] INFO  impl.LeaderElection (LeaderElection.java:logAndReturn(93)) -   Response 0: 788200e2-a8c6-41b6-82b9-949d8dd4f2a7<-eea743f9-1650-4764-952b-70f255484f5c#0:OK-t1
2024-06-22 09:53:57,387 [788200e2-a8c6-41b6-82b9-949d8dd4f2a7@group-CB174204298D-LeaderElection7] INFO  impl.LeaderElection (LeaderElection.java:askForVotes(323)) - 788200e2-a8c6-41b6-82b9-949d8dd4f2a7@group-CB174204298D-LeaderElection7 ELECTION round 0: result PASSED
2024-06-22 09:53:57,387 [788200e2-a8c6-41b6-82b9-949d8dd4f2a7@group-CB174204298D-LeaderElection7] INFO  impl.RoleInfo (RoleInfo.java:shutdownLeaderElection(130)) - 788200e2-a8c6-41b6-82b9-949d8dd4f2a7: shutdown 788200e2-a8c6-41b6-82b9-949d8dd4f2a7@group-CB174204298D-LeaderElection7
2024-06-22 09:53:57,387 [788200e2-a8c6-41b6-82b9-949d8dd4f2a7@group-CB174204298D-LeaderElection7] INFO  server.RaftServer$Division (RaftServerImpl.java:setRole(383)) - 788200e2-a8c6-41b6-82b9-949d8dd4f2a7@group-CB174204298D: changes role from CANDIDATE to LEADER at term 1 for changeToLeader
2024-06-22 09:53:57,388 [788200e2-a8c6-41b6-82b9-949d8dd4f2a7@group-CB174204298D-LeaderElection7] INFO  server.RaftServerConfigKeys (ConfUtils.java:logGet(46)) - raft.server.staging.catchup.gap = 1000 (default)
2024-06-22 09:53:57,388 [788200e2-a8c6-41b6-82b9-949d8dd4f2a7@group-CB174204298D-LeaderElection7] INFO  server.RaftServerConfigKeys (ConfUtils.java:logGet(46)) - raft.server.write.element-limit = 1024 (custom)
2024-06-22 09:53:57,388 [788200e2-a8c6-41b6-82b9-949d8dd4f2a7@group-CB174204298D-LeaderElection7] INFO  server.RaftServerConfigKeys (ConfUtils.java:logGet(46)) - raft.server.write.byte-limit = 1024 M (=1073741824) (custom)
2024-06-22 09:53:57,388 [788200e2-a8c6-41b6-82b9-949d8dd4f2a7@group-CB174204298D-LeaderElection7] INFO  server.RaftServerConfigKeys (ConfUtils.java:logGet(46)) - raft.server.watch.timeout = 30s (custom)
2024-06-22 09:53:57,388 [788200e2-a8c6-41b6-82b9-949d8dd4f2a7@group-CB174204298D-LeaderElection7] INFO  server.RaftServerConfigKeys (ConfUtils.java:logGet(46)) - raft.server.watch.timeout.denomination = 1s (default)
2024-06-22 09:53:57,389 [788200e2-a8c6-41b6-82b9-949d8dd4f2a7@group-CB174204298D-LeaderElection7] INFO  server.RaftServerConfigKeys (ConfUtils.java:logGet(46)) - raft.server.watch.element-limit = 65536 (default)
2024-06-22 09:53:57,389 [788200e2-a8c6-41b6-82b9-949d8dd4f2a7@group-CB174204298D-LeaderElection7] INFO  server.RaftServerConfigKeys (ConfUtils.java:logGet(46)) - raft.server.read.leader.lease.enabled = false (default)
2024-06-22 09:53:57,389 [788200e2-a8c6-41b6-82b9-949d8dd4f2a7@group-CB174204298D-LeaderElection7] INFO  server.RaftServerConfigKeys (ConfUtils.java:logGet(46)) - raft.server.read.leader.lease.timeout.ratio = 0.9 (default)
2024-06-22 09:53:57,389 [788200e2-a8c6-41b6-82b9-949d8dd4f2a7@group-CB174204298D-LeaderElection7] INFO  server.RaftServerConfigKeys (ConfUtils.java:logGet(46)) - raft.server.rpc.timeout.min = 5s (custom)
2024-06-22 09:53:57,389 [788200e2-a8c6-41b6-82b9-949d8dd4f2a7@group-CB174204298D-LeaderElection7] INFO  server.RaftServerConfigKeys (ConfUtils.java:logGet(46)) - raft.server.write.element-limit = 1024 (custom)
2024-06-22 09:53:57,389 [788200e2-a8c6-41b6-82b9-949d8dd4f2a7@group-CB174204298D-LeaderElection7] INFO  server.RaftServerConfigKeys (ConfUtils.java:logGet(46)) - raft.server.write.follower.gap.ratio.max = -1.0 (default)
2024-06-22 09:53:57,390 [788200e2-a8c6-41b6-82b9-949d8dd4f2a7@group-CB174204298D-LeaderElection7] INFO  server.RaftServerConfigKeys (ConfUtils.java:logGet(46)) - raft.server.log.appender.snapshot.chunk.size.max = 16MB (=16777216) (default)
2024-06-22 09:53:57,390 [788200e2-a8c6-41b6-82b9-949d8dd4f2a7@group-CB174204298D-LeaderElection7] INFO  server.RaftServerConfigKeys (ConfUtils.java:logGet(46)) - raft.server.log.appender.buffer.byte-limit = 8388608 (custom)
2024-06-22 09:53:57,390 [788200e2-a8c6-41b6-82b9-949d8dd4f2a7@group-CB174204298D-LeaderElection7] INFO  server.RaftServerConfigKeys (ConfUtils.java:logGet(46)) - raft.server.log.appender.buffer.element-limit = 1024 (custom)
2024-06-22 09:53:57,390 [788200e2-a8c6-41b6-82b9-949d8dd4f2a7@group-CB174204298D-LeaderElection7] INFO  server.RaftServerConfigKeys (ConfUtils.java:logGet(46)) - raft.server.log.appender.wait-time.min = 0μs (custom)
2024-06-22 09:53:57,390 [788200e2-a8c6-41b6-82b9-949d8dd4f2a7@group-CB174204298D-LeaderElection7] INFO  grpc.GrpcConfigKeys (ConfUtils.java:logGet(46)) - raft.grpc.server.leader.outstanding.appends.max = 8 (default)
2024-06-22 09:53:57,390 [788200e2-a8c6-41b6-82b9-949d8dd4f2a7@group-CB174204298D-LeaderElection7] INFO  server.RaftServerConfigKeys (ConfUtils.java:logGet(46)) - raft.server.rpc.request.timeout = 60s (custom)
2024-06-22 09:53:57,390 [788200e2-a8c6-41b6-82b9-949d8dd4f2a7@group-CB174204298D-LeaderElection7] INFO  grpc.GrpcConfigKeys (ConfUtils.java:logGet(46)) - raft.grpc.server.install_snapshot.request.element-limit = 8 (default)
2024-06-22 09:53:57,390 [788200e2-a8c6-41b6-82b9-949d8dd4f2a7@group-CB174204298D-LeaderElection7] INFO  grpc.GrpcConfigKeys (ConfUtils.java:logGet(46)) - raft.grpc.server.install_snapshot.request.timeout = 3000ms (default)
2024-06-22 09:53:57,391 [788200e2-a8c6-41b6-82b9-949d8dd4f2a7@group-CB174204298D-LeaderElection7] INFO  grpc.GrpcConfigKeys (ConfUtils.java:logGet(46)) - raft.grpc.server.log-message.batch.duration = 5s (default)
2024-06-22 09:53:57,391 [788200e2-a8c6-41b6-82b9-949d8dd4f2a7@group-CB174204298D-LeaderElection7] INFO  server.RaftServerConfigKeys (ConfUtils.java:logGet(46)) - raft.server.log.appender.install.snapshot.enabled = false (custom)
2024-06-22 09:53:57,391 [788200e2-a8c6-41b6-82b9-949d8dd4f2a7@group-CB174204298D-LeaderElection7] INFO  grpc.GrpcConfigKeys (ConfUtils.java:logGet(46)) - raft.grpc.server.heartbeat.channel = true (default)
2024-06-22 09:53:57,392 [788200e2-a8c6-41b6-82b9-949d8dd4f2a7@group-CB174204298D-LeaderElection7] INFO  server.RaftServerConfigKeys (ConfUtils.java:logGet(46)) - raft.server.log.appender.snapshot.chunk.size.max = 16MB (=16777216) (default)
2024-06-22 09:53:57,392 [788200e2-a8c6-41b6-82b9-949d8dd4f2a7@group-CB174204298D-LeaderElection7] INFO  server.RaftServerConfigKeys (ConfUtils.java:logGet(46)) - raft.server.log.appender.buffer.byte-limit = 8388608 (custom)
2024-06-22 09:53:57,392 [788200e2-a8c6-41b6-82b9-949d8dd4f2a7@group-CB174204298D-LeaderElection7] INFO  server.RaftServerConfigKeys (ConfUtils.java:logGet(46)) - raft.server.log.appender.buffer.element-limit = 1024 (custom)
2024-06-22 09:53:57,393 [788200e2-a8c6-41b6-82b9-949d8dd4f2a7@group-CB174204298D-LeaderElection7] INFO  server.RaftServerConfigKeys (ConfUtils.java:logGet(46)) - raft.server.log.appender.wait-time.min = 0μs (custom)
2024-06-22 09:53:57,393 [grpc-default-executor-0] INFO  server.RaftServer$Division (RaftServerImpl.java:requestVote(1422)) - 56d91bac-b32b-4010-a6ee-ca8fb4d6f013@group-CB174204298D replies to ELECTION vote request: 788200e2-a8c6-41b6-82b9-949d8dd4f2a7<-56d91bac-b32b-4010-a6ee-ca8fb4d6f013#0:OK-t1. Peer's state: 56d91bac-b32b-4010-a6ee-ca8fb4d6f013@group-CB174204298D:t1, leader=null, voted=788200e2-a8c6-41b6-82b9-949d8dd4f2a7, raftlog=Memoized:56d91bac-b32b-4010-a6ee-ca8fb4d6f013@group-CB174204298D-SegmentedRaftLog:OPENED:c-1, conf=-1: peers:[eea743f9-1650-4764-952b-70f255484f5c|127.0.0.1:15014, 788200e2-a8c6-41b6-82b9-949d8dd4f2a7|127.0.0.1:15023, 56d91bac-b32b-4010-a6ee-ca8fb4d6f013|127.0.0.1:15032]|listeners:[], old=null
2024-06-22 09:53:57,393 [788200e2-a8c6-41b6-82b9-949d8dd4f2a7@group-CB174204298D-LeaderElection7] INFO  grpc.GrpcConfigKeys (ConfUtils.java:logGet(46)) - raft.grpc.server.leader.outstanding.appends.max = 8 (default)
2024-06-22 09:53:57,393 [788200e2-a8c6-41b6-82b9-949d8dd4f2a7@group-CB174204298D-LeaderElection7] INFO  server.RaftServerConfigKeys (ConfUtils.java:logGet(46)) - raft.server.rpc.request.timeout = 60s (custom)
2024-06-22 09:53:57,393 [788200e2-a8c6-41b6-82b9-949d8dd4f2a7@group-CB174204298D-LeaderElection7] INFO  grpc.GrpcConfigKeys (ConfUtils.java:logGet(46)) - raft.grpc.server.install_snapshot.request.element-limit = 8 (default)
2024-06-22 09:53:57,393 [788200e2-a8c6-41b6-82b9-949d8dd4f2a7@group-CB174204298D-LeaderElection7] INFO  grpc.GrpcConfigKeys (ConfUtils.java:logGet(46)) - raft.grpc.server.install_snapshot.request.timeout = 3000ms (default)
2024-06-22 09:53:57,393 [788200e2-a8c6-41b6-82b9-949d8dd4f2a7@group-CB174204298D-LeaderElection7] INFO  grpc.GrpcConfigKeys (ConfUtils.java:logGet(46)) - raft.grpc.server.log-message.batch.duration = 5s (default)
2024-06-22 09:53:57,394 [788200e2-a8c6-41b6-82b9-949d8dd4f2a7@group-CB174204298D-LeaderElection7] INFO  server.RaftServerConfigKeys (ConfUtils.java:logGet(46)) - raft.server.log.appender.install.snapshot.enabled = false (custom)
2024-06-22 09:53:57,394 [788200e2-a8c6-41b6-82b9-949d8dd4f2a7@group-CB174204298D-LeaderElection7] INFO  grpc.GrpcConfigKeys (ConfUtils.java:logGet(46)) - raft.grpc.server.heartbeat.channel = true (default)
2024-06-22 09:53:57,394 [788200e2-a8c6-41b6-82b9-949d8dd4f2a7@group-CB174204298D-LeaderElection7] INFO  impl.RoleInfo (RoleInfo.java:updateAndGet(139)) - 788200e2-a8c6-41b6-82b9-949d8dd4f2a7: start 788200e2-a8c6-41b6-82b9-949d8dd4f2a7@group-CB174204298D-LeaderStateImpl
2024-06-22 09:53:57,394 [788200e2-a8c6-41b6-82b9-949d8dd4f2a7@group-CB174204298D-LeaderElection7] INFO  server.RaftServer$Division (RaftServerImpl.java:setFirstElection(574)) - 788200e2-a8c6-41b6-82b9-949d8dd4f2a7@group-CB174204298D: set firstElectionSinceStartup to false for becomeLeader
2024-06-22 09:53:57,394 [788200e2-a8c6-41b6-82b9-949d8dd4f2a7@group-CB174204298D-LeaderElection7] INFO  ratis.XceiverServerRatis (XceiverServerRatis.java:handleLeaderChangedNotification(966)) - Leader change notification received for group: group-CB174204298D with new leaderId: 788200e2-a8c6-41b6-82b9-949d8dd4f2a7
2024-06-22 09:53:57,394 [788200e2-a8c6-41b6-82b9-949d8dd4f2a7@group-CB174204298D-LeaderElection7] INFO  server.RaftServer$Division (ServerState.java:setLeader(269)) - 788200e2-a8c6-41b6-82b9-949d8dd4f2a7@group-CB174204298D: change Leader from null to 788200e2-a8c6-41b6-82b9-949d8dd4f2a7 at term 1 for becomeLeader, leader elected after 5236ms
2024-06-22 09:53:57,395 [788200e2-a8c6-41b6-82b9-949d8dd4f2a7@group-CB174204298D-LeaderElection7] INFO  segmented.SegmentedRaftLogWorker (SegmentedRaftLogWorker.java:startLogSegment(430)) - 788200e2-a8c6-41b6-82b9-949d8dd4f2a7@group-CB174204298D-SegmentedRaftLogWorker: Starting segment from index:0
2024-06-22 09:53:57,395 [788200e2-a8c6-41b6-82b9-949d8dd4f2a7@group-CB174204298D-SegmentedRaftLogWorker] INFO  segmented.BufferedWriteChannel (BufferedWriteChannel.java:open(62)) - open log_inprogress_0 at position 0
2024-06-22 09:53:57,398 [EventQueue-PipelineReportForPipelineReportHandler] INFO  pipeline.PipelineReportHandler (PipelineReportHandler.java:processPipelineReport(136)) - Opened pipeline PipelineID=b16b2f6d-834d-4b8f-8640-cb174204298d
2024-06-22 09:53:57,400 [788200e2-a8c6-41b6-82b9-949d8dd4f2a7@group-CB174204298D-LeaderElection7] INFO  server.RaftServer$Division (ServerState.java:setRaftConf(386)) - 788200e2-a8c6-41b6-82b9-949d8dd4f2a7@group-CB174204298D: set configuration 0: peers:[eea743f9-1650-4764-952b-70f255484f5c|127.0.0.1:15014, 788200e2-a8c6-41b6-82b9-949d8dd4f2a7|127.0.0.1:15023, 56d91bac-b32b-4010-a6ee-ca8fb4d6f013|127.0.0.1:15032]|listeners:[], old=null
2024-06-22 09:53:57,404 [788200e2-a8c6-41b6-82b9-949d8dd4f2a7@group-CB174204298D-SegmentedRaftLogWorker] INFO  segmented.SegmentedRaftLogWorker (SegmentedRaftLogWorker.java:execute(634)) - 788200e2-a8c6-41b6-82b9-949d8dd4f2a7@group-CB174204298D-SegmentedRaftLogWorker: created new log segment /home/runner/work/ozone/ozone/hadoop-ozone/integration-test/target/test-dir/MiniOzoneClusterImpl-e30f9212-6642-4e3c-bf74-b445a15ce63f/ozone-meta/datanode-2/ratis/b16b2f6d-834d-4b8f-8640-cb174204298d/current/log_inprogress_0
2024-06-22 09:53:57,421 [om1-OMStateMachineApplyTransactionThread - 0] INFO  volume.OMVolumeCreateRequest (OMVolumeCreateRequest.java:validateAndUpdateCache(198)) - created volume:volume12392 for user:user23335
2024-06-22 09:53:57,425 [56d91bac-b32b-4010-a6ee-ca8fb4d6f013-server-thread1] INFO  ratis.XceiverServerRatis (XceiverServerRatis.java:handleLeaderChangedNotification(966)) - Leader change notification received for group: group-CB174204298D with new leaderId: 788200e2-a8c6-41b6-82b9-949d8dd4f2a7
2024-06-22 09:53:57,426 [56d91bac-b32b-4010-a6ee-ca8fb4d6f013-server-thread1] INFO  server.RaftServer$Division (ServerState.java:setLeader(269)) - 56d91bac-b32b-4010-a6ee-ca8fb4d6f013@group-CB174204298D: change Leader from null to 788200e2-a8c6-41b6-82b9-949d8dd4f2a7 at term 1 for appendEntries, leader elected after 5275ms
2024-06-22 09:53:57,428 [eea743f9-1650-4764-952b-70f255484f5c-server-thread1] INFO  ratis.XceiverServerRatis (XceiverServerRatis.java:handleLeaderChangedNotification(966)) - Leader change notification received for group: group-CB174204298D with new leaderId: 788200e2-a8c6-41b6-82b9-949d8dd4f2a7
2024-06-22 09:53:57,428 [eea743f9-1650-4764-952b-70f255484f5c-server-thread1] INFO  server.RaftServer$Division (ServerState.java:setLeader(269)) - eea743f9-1650-4764-952b-70f255484f5c@group-CB174204298D: change Leader from null to 788200e2-a8c6-41b6-82b9-949d8dd4f2a7 at term 1 for appendEntries, leader elected after 5248ms
2024-06-22 09:53:57,433 [main] INFO  rpc.RpcClient (RpcClient.java:createBucket(699)) - Creating Bucket: volume12392/bucket59040, with bucket layout FILE_SYSTEM_OPTIMIZED, runner as owner, Versioning false, Storage Type set to DISK and Encryption set to false, Replication Type set to server-side default replication type, Namespace Quota set to -1, Space Quota set to -1 
2024-06-22 09:53:57,444 [56d91bac-b32b-4010-a6ee-ca8fb4d6f013-server-thread2] INFO  server.RaftServer$Division (ServerState.java:setRaftConf(386)) - 56d91bac-b32b-4010-a6ee-ca8fb4d6f013@group-CB174204298D: set configuration 0: peers:[eea743f9-1650-4764-952b-70f255484f5c|127.0.0.1:15014, 788200e2-a8c6-41b6-82b9-949d8dd4f2a7|127.0.0.1:15023, 56d91bac-b32b-4010-a6ee-ca8fb4d6f013|127.0.0.1:15032]|listeners:[], old=null
2024-06-22 09:53:57,444 [56d91bac-b32b-4010-a6ee-ca8fb4d6f013-server-thread2] INFO  segmented.SegmentedRaftLogWorker (SegmentedRaftLogWorker.java:startLogSegment(430)) - 56d91bac-b32b-4010-a6ee-ca8fb4d6f013@group-CB174204298D-SegmentedRaftLogWorker: Starting segment from index:0
2024-06-22 09:53:57,445 [56d91bac-b32b-4010-a6ee-ca8fb4d6f013@group-CB174204298D-SegmentedRaftLogWorker] INFO  segmented.BufferedWriteChannel (BufferedWriteChannel.java:open(62)) - open log_inprogress_0 at position 0
2024-06-22 09:53:57,449 [om1-OMDoubleBufferFlushThread] INFO  helpers.OmKeyInfo (OmKeyInfo.java:getCodec(72)) - OmKeyInfo.getCodec ignorePipeline = true
2024-06-22 09:53:57,449 [om1-OMDoubleBufferFlushThread] INFO  helpers.OmKeyInfo (OmKeyInfo.java:getCodec(72)) - OmKeyInfo.getCodec ignorePipeline = true
2024-06-22 09:53:57,449 [om1-OMDoubleBufferFlushThread] INFO  helpers.OmKeyInfo (OmKeyInfo.java:getCodec(72)) - OmKeyInfo.getCodec ignorePipeline = true
2024-06-22 09:53:57,449 [om1-OMDoubleBufferFlushThread] INFO  helpers.OmKeyInfo (OmKeyInfo.java:getCodec(72)) - OmKeyInfo.getCodec ignorePipeline = true
2024-06-22 09:53:57,449 [om1-OMDoubleBufferFlushThread] INFO  helpers.OmKeyInfo (OmKeyInfo.java:getCodec(72)) - OmKeyInfo.getCodec ignorePipeline = true
2024-06-22 09:53:57,451 [eea743f9-1650-4764-952b-70f255484f5c-server-thread2] INFO  server.RaftServer$Division (ServerState.java:setRaftConf(386)) - eea743f9-1650-4764-952b-70f255484f5c@group-CB174204298D: set configuration 0: peers:[eea743f9-1650-4764-952b-70f255484f5c|127.0.0.1:15014, 788200e2-a8c6-41b6-82b9-949d8dd4f2a7|127.0.0.1:15023, 56d91bac-b32b-4010-a6ee-ca8fb4d6f013|127.0.0.1:15032]|listeners:[], old=null
2024-06-22 09:53:57,451 [eea743f9-1650-4764-952b-70f255484f5c-server-thread2] INFO  segmented.SegmentedRaftLogWorker (SegmentedRaftLogWorker.java:startLogSegment(430)) - eea743f9-1650-4764-952b-70f255484f5c@group-CB174204298D-SegmentedRaftLogWorker: Starting segment from index:0
2024-06-22 09:53:57,451 [eea743f9-1650-4764-952b-70f255484f5c@group-CB174204298D-SegmentedRaftLogWorker] INFO  segmented.BufferedWriteChannel (BufferedWriteChannel.java:open(62)) - open log_inprogress_0 at position 0
2024-06-22 09:53:57,455 [om1-OMStateMachineApplyTransactionThread - 0] INFO  bucket.OMBucketCreateRequest (OMBucketCreateRequest.java:validateAndUpdateCache(293)) - created bucket: bucket59040 of layout FILE_SYSTEM_OPTIMIZED in volume: volume12392
2024-06-22 09:53:57,459 [56d91bac-b32b-4010-a6ee-ca8fb4d6f013@group-CB174204298D-SegmentedRaftLogWorker] INFO  segmented.SegmentedRaftLogWorker (SegmentedRaftLogWorker.java:execute(634)) - 56d91bac-b32b-4010-a6ee-ca8fb4d6f013@group-CB174204298D-SegmentedRaftLogWorker: created new log segment /home/runner/work/ozone/ozone/hadoop-ozone/integration-test/target/test-dir/MiniOzoneClusterImpl-e30f9212-6642-4e3c-bf74-b445a15ce63f/ozone-meta/datanode-3/ratis/b16b2f6d-834d-4b8f-8640-cb174204298d/current/log_inprogress_0
2024-06-22 09:53:57,460 [eea743f9-1650-4764-952b-70f255484f5c@group-CB174204298D-SegmentedRaftLogWorker] INFO  segmented.SegmentedRaftLogWorker (SegmentedRaftLogWorker.java:execute(634)) - eea743f9-1650-4764-952b-70f255484f5c@group-CB174204298D-SegmentedRaftLogWorker: created new log segment /home/runner/work/ozone/ozone/hadoop-ozone/integration-test/target/test-dir/MiniOzoneClusterImpl-e30f9212-6642-4e3c-bf74-b445a15ce63f/ozone-meta/datanode-1/ratis/b16b2f6d-834d-4b8f-8640-cb174204298d/current/log_inprogress_0
2024-06-22 09:53:57,464 [788200e2-a8c6-41b6-82b9-949d8dd4f2a7@group-CB174204298D-StateMachineUpdater] INFO  server.RaftServer$Division (LeaderStateImpl.java:isApplied(320)) - leader is ready since appliedIndex == 0 >= startIndex == 0
2024-06-22 09:53:57,621 [IPC Server handler 18 on default port 15001] INFO  ha.SequenceIdGenerator (SequenceIdGenerator.java:getNextId(144)) - Allocate a batch for containerId, change lastId from 0 to 1000.
2024-06-22 09:53:57,627 [IPC Server handler 18 on default port 15001] WARN  ha.SequenceIdGenerator (SequenceIdGenerator.java:allocateBatch(257)) - Failed to allocate a batch for localId, expected lastId is 0, actual lastId is 113750153625600000.
2024-06-22 09:53:57,628 [IPC Server handler 18 on default port 15001] INFO  ha.SequenceIdGenerator (SequenceIdGenerator.java:getNextId(144)) - Allocate a batch for localId, change lastId from 113750153625600000 to 113750153625601000.
2024-06-22 09:53:57,685 [main] INFO  impl.MetricsSystemImpl (MetricsSystemImpl.java:init(158)) - XceiverClientMetrics metrics system started (again)
2024-06-22 09:53:57,712 [main] INFO  scm.XceiverClientRatis (XceiverClientRatis.java:<init>(139)) - WatchType ALL_COMMITTED. Majority 2, 
2024-06-22 09:53:57,983 [main] INFO  scm.XceiverClientRatis (XceiverClientRatis.java:<init>(139)) - WatchType ALL_COMMITTED. Majority 2, 
2024-06-22 09:53:58,491 [main] INFO  snapshot.TestSnapshotDirectoryCleaningService (TestSnapshotDirectoryCleaningService.java:lambda$assertTableRowCount$3(263)) - fileTable actual row count=14, expectedCount=14
2024-06-22 09:53:58,493 [main] INFO  snapshot.TestSnapshotDirectoryCleaningService (TestSnapshotDirectoryCleaningService.java:lambda$assertTableRowCount$3(263)) - directoryTable actual row count=13, expectedCount=13
2024-06-22 09:53:58,518 [om1-OMStateMachineApplyTransactionThread - 0] WARN  snapshot.OMSnapshotCreateRequest (OMSnapshotCreateRequest.java:estimateBucketDataSize(337)) - DefaultReplicationConfig is not correctly set in OmBucketInfo for volume 'volume12392' bucket 'bucket59040'. Falling back to config default 'RATIS/THREE'
2024-06-22 09:53:58,523 [om1-OMStateMachineApplyTransactionThread - 0] INFO  snapshot.OMSnapshotCreateRequest (OMSnapshotCreateRequest.java:validateAndUpdateCache(218)) - Created snapshot: 'snap1' with snapshotId: '81388da9-5cdb-4aaa-a75a-1b3e7ef6801b' under path 'volume12392/bucket59040'
2024-06-22 09:53:58,579 [om1-OMDoubleBufferFlushThread] INFO  db.RDBCheckpointManager (RDBCheckpointManager.java:createCheckpoint(89)) - Created checkpoint in rocksDB at /home/runner/work/ozone/ozone/hadoop-ozone/integration-test/target/test-dir/MiniOzoneClusterImpl-e30f9212-6642-4e3c-bf74-b445a15ce63f/ozone-meta/db.snapshots/checkpointState/om.db-81388da9-5cdb-4aaa-a75a-1b3e7ef6801b in 54 milliseconds
2024-06-22 09:53:58,583 [om1-OMDoubleBufferFlushThread] INFO  om.OmSnapshotManager (OmSnapshotManager.java:createOmSnapshotCheckpoint(499)) - Created checkpoint : /home/runner/work/ozone/ozone/hadoop-ozone/integration-test/target/test-dir/MiniOzoneClusterImpl-e30f9212-6642-4e3c-bf74-b445a15ce63f/ozone-meta/db.snapshots/checkpointState/om.db-81388da9-5cdb-4aaa-a75a-1b3e7ef6801b for snapshot snap1
2024-06-22 09:53:59,233 [om1-KeyDeletingService#0] INFO  snapshot.SnapshotCache (SnapshotCache.java:lambda$2(156)) - Loading SnapshotId: '81388da9-5cdb-4aaa-a75a-1b3e7ef6801b'
2024-06-22 09:53:59,234 [om1-KeyDeletingService#0] WARN  server.ServerUtils (ServerUtils.java:getDBPath(299)) - ozone.om.db.dirs is not configured. We recommend adding this setting. Falling back to ozone.metadata.dirs instead.
2024-06-22 09:53:59,235 [om1-KeyDeletingService#0] INFO  helpers.OmKeyInfo (OmKeyInfo.java:getCodec(72)) - OmKeyInfo.getCodec ignorePipeline = true
2024-06-22 09:53:59,273 [om1-KeyDeletingService#0] INFO  audit.AuditLogger (AuditLogger.java:refreshDebugCmdSet(135)) - Refresh DebugCmdSet for OMAudit to [].
2024-06-22 09:53:59,281 [om1-OMStateMachineApplyTransactionThread - 0] INFO  snapshot.OMSnapshotSetPropertyRequest (OMSnapshotSetPropertyRequest.java:validateAndUpdateCache(123)) - Successfully executed snapshotSetPropertyRequest: {snapshotKey: "/volume12392/bucket59040/snap1"
deepCleanedDeletedDir: true
}.
2024-06-22 09:53:59,281 [om1-OMStateMachineApplyTransactionThread - 0] INFO  snapshot.OMSnapshotSetPropertyRequest (OMSnapshotSetPropertyRequest.java:validateAndUpdateCache(123)) - Successfully executed snapshotSetPropertyRequest: {snapshotKey: "/volume12392/bucket59040/snap1"
deepCleanedDeletedKey: true
}.
2024-06-22 09:54:01,620 [main] INFO  snapshot.TestSnapshotDirectoryCleaningService (TestSnapshotDirectoryCleaningService.java:lambda$assertTableRowCount$3(263)) - deletedDirectoryTable actual row count=0, expectedCount=0
2024-06-22 09:54:01,624 [main] INFO  snapshot.TestSnapshotDirectoryCleaningService (TestSnapshotDirectoryCleaningService.java:lambda$assertTableRowCount$3(263)) - fileTable actual row count=34, expectedCount=34
2024-06-22 09:54:01,625 [main] INFO  snapshot.TestSnapshotDirectoryCleaningService (TestSnapshotDirectoryCleaningService.java:lambda$assertTableRowCount$3(263)) - directoryTable actual row count=13, expectedCount=13
2024-06-22 09:54:01,638 [main] INFO  snapshot.TestSnapshotDirectoryCleaningService (TestSnapshotDirectoryCleaningService.java:lambda$assertTableRowCount$3(263)) - deletedDirectoryTable actual row count=1, expectedCount=1
2024-06-22 09:54:01,661 [om1-OMStateMachineApplyTransactionThread - 0] WARN  snapshot.OMSnapshotCreateRequest (OMSnapshotCreateRequest.java:estimateBucketDataSize(337)) - DefaultReplicationConfig is not correctly set in OmBucketInfo for volume 'volume12392' bucket 'bucket59040'. Falling back to config default 'RATIS/THREE'
2024-06-22 09:54:01,661 [om1-OMStateMachineApplyTransactionThread - 0] INFO  snapshot.OMSnapshotCreateRequest (OMSnapshotCreateRequest.java:validateAndUpdateCache(218)) - Created snapshot: 'snap2' with snapshotId: '17f67a68-7357-4d1a-a47a-c872c009f4a6' under path 'volume12392/bucket59040'
2024-06-22 09:54:01,694 [om1-OMDoubleBufferFlushThread] INFO  db.RDBCheckpointManager (RDBCheckpointManager.java:createCheckpoint(89)) - Created checkpoint in rocksDB at /home/runner/work/ozone/ozone/hadoop-ozone/integration-test/target/test-dir/MiniOzoneClusterImpl-e30f9212-6642-4e3c-bf74-b445a15ce63f/ozone-meta/db.snapshots/checkpointState/om.db-17f67a68-7357-4d1a-a47a-c872c009f4a6 in 29 milliseconds
2024-06-22 09:54:01,695 [om1-OMDoubleBufferFlushThread] WARN  om.OmSnapshotManager (OmSnapshotManager.java:performOperationOnKeys(566)) - Took 651881 ns to find endKey. Caller is deleteKeysFromDelKeyTableInSnapshotScope
2024-06-22 09:54:01,696 [om1-OMDoubleBufferFlushThread] WARN  om.OmSnapshotManager (OmSnapshotManager.java:performOperationOnKeys(566)) - Took 568075 ns to find endKey. Caller is deleteKeysFromDelDirTableInSnapshotScope
2024-06-22 09:54:01,696 [om1-OMDoubleBufferFlushThread] INFO  om.OmSnapshotManager (OmSnapshotManager.java:createOmSnapshotCheckpoint(499)) - Created checkpoint : /home/runner/work/ozone/ozone/hadoop-ozone/integration-test/target/test-dir/MiniOzoneClusterImpl-e30f9212-6642-4e3c-bf74-b445a15ce63f/ozone-meta/db.snapshots/checkpointState/om.db-17f67a68-7357-4d1a-a47a-c872c009f4a6 for snapshot snap2
2024-06-22 09:54:01,724 [main] INFO  snapshot.TestSnapshotDirectoryCleaningService (TestSnapshotDirectoryCleaningService.java:lambda$assertTableRowCount$3(263)) - deletedTable actual row count=10, expectedCount=10
2024-06-22 09:54:01,733 [om1-KeyDeletingService#0] INFO  snapshot.SnapshotCache (SnapshotCache.java:lambda$2(156)) - Loading SnapshotId: '17f67a68-7357-4d1a-a47a-c872c009f4a6'
2024-06-22 09:54:01,733 [om1-KeyDeletingService#0] WARN  server.ServerUtils (ServerUtils.java:getDBPath(299)) - ozone.om.db.dirs is not configured. We recommend adding this setting. Falling back to ozone.metadata.dirs instead.
2024-06-22 09:54:01,734 [om1-KeyDeletingService#0] INFO  helpers.OmKeyInfo (OmKeyInfo.java:getCodec(72)) - OmKeyInfo.getCodec ignorePipeline = true
2024-06-22 09:54:01,750 [om1-OMStateMachineApplyTransactionThread - 0] WARN  snapshot.OMSnapshotCreateRequest (OMSnapshotCreateRequest.java:estimateBucketDataSize(337)) - DefaultReplicationConfig is not correctly set in OmBucketInfo for volume 'volume12392' bucket 'bucket59040'. Falling back to config default 'RATIS/THREE'
2024-06-22 09:54:01,750 [om1-OMStateMachineApplyTransactionThread - 0] INFO  snapshot.OMSnapshotCreateRequest (OMSnapshotCreateRequest.java:validateAndUpdateCache(218)) - Created snapshot: 'snap3' with snapshotId: '5e672287-06f4-4c12-bec1-5382c1a2b388' under path 'volume12392/bucket59040'
2024-06-22 09:54:01,774 [om1-KeyDeletingService#0] INFO  snapshot.SnapshotCache (SnapshotCache.java:lambda$2(156)) - Loading SnapshotId: '5e672287-06f4-4c12-bec1-5382c1a2b388'
2024-06-22 09:54:01,774 [om1-KeyDeletingService#0] WARN  server.ServerUtils (ServerUtils.java:getDBPath(299)) - ozone.om.db.dirs is not configured. We recommend adding this setting. Falling back to ozone.metadata.dirs instead.
2024-06-22 09:54:01,785 [IPC Server handler 18 on default port 15001] INFO  ha.SequenceIdGenerator (SequenceIdGenerator.java:getNextId(144)) - Allocate a batch for delTxnId, change lastId from 0 to 1000.
2024-06-22 09:54:01,831 [om1-OMStateMachineApplyTransactionThread - 0] INFO  snapshot.OMSnapshotSetPropertyRequest (OMSnapshotSetPropertyRequest.java:validateAndUpdateCache(123)) - Successfully executed snapshotSetPropertyRequest: {snapshotKey: "/volume12392/bucket59040/snap2"
deepCleanedDeletedDir: true
}.
2024-06-22 09:54:01,834 [om1-OMStateMachineApplyTransactionThread - 0] INFO  snapshot.OMSnapshotSetPropertyRequest (OMSnapshotSetPropertyRequest.java:validateAndUpdateCache(123)) - Successfully executed snapshotSetPropertyRequest: {snapshotKey: "/volume12392/bucket59040/snap1"
snapshotSize {
  exclusiveSize: 3
  exclusiveReplicatedSize: 9
}
}.
2024-06-22 09:54:04,272 [om1-OMStateMachineApplyTransactionThread - 0] INFO  snapshot.OMSnapshotSetPropertyRequest (OMSnapshotSetPropertyRequest.java:validateAndUpdateCache(123)) - Successfully executed snapshotSetPropertyRequest: {snapshotKey: "/volume12392/bucket59040/snap2"
deepCleanedDeletedDir: true
}.
2024-06-22 09:54:04,274 [om1-OMStateMachineApplyTransactionThread - 0] INFO  snapshot.OMSnapshotSetPropertyRequest (OMSnapshotSetPropertyRequest.java:validateAndUpdateCache(123)) - Successfully executed snapshotSetPropertyRequest: {snapshotKey: "/volume12392/bucket59040/snap1"
snapshotSize {
  exclusiveSize: 3
  exclusiveReplicatedSize: 9
}
}.
2024-06-22 09:54:06,771 [om1-OMStateMachineApplyTransactionThread - 0] INFO  snapshot.OMSnapshotSetPropertyRequest (OMSnapshotSetPropertyRequest.java:validateAndUpdateCache(123)) - Successfully executed snapshotSetPropertyRequest: {snapshotKey: "/volume12392/bucket59040/snap2"
deepCleanedDeletedDir: true
}.
2024-06-22 09:54:06,773 [om1-OMStateMachineApplyTransactionThread - 0] INFO  snapshot.OMSnapshotSetPropertyRequest (OMSnapshotSetPropertyRequest.java:validateAndUpdateCache(123)) - Successfully executed snapshotSetPropertyRequest: {snapshotKey: "/volume12392/bucket59040/snap1"
snapshotSize {
  exclusiveSize: 3
  exclusiveReplicatedSize: 9
}
}.
2024-06-22 09:54:09,265 [om1-OMStateMachineApplyTransactionThread - 0] INFO  snapshot.OMSnapshotSetPropertyRequest (OMSnapshotSetPropertyRequest.java:validateAndUpdateCache(123)) - Successfully executed snapshotSetPropertyRequest: {snapshotKey: "/volume12392/bucket59040/snap2"
deepCleanedDeletedDir: true
}.
2024-06-22 09:54:09,267 [om1-OMStateMachineApplyTransactionThread - 0] INFO  snapshot.OMSnapshotSetPropertyRequest (OMSnapshotSetPropertyRequest.java:validateAndUpdateCache(123)) - Successfully executed snapshotSetPropertyRequest: {snapshotKey: "/volume12392/bucket59040/snap1"
snapshotSize {
  exclusiveSize: 3
  exclusiveReplicatedSize: 9
}
}.
]]></system-out>
  </testcase>
</testsuite>