<?xml version="1.0" encoding="UTF-8"?>
<testsuite xmlns:xsi="http://www.w3.org/2001/XMLSchema-instance" xsi:noNamespaceSchemaLocation="https://maven.apache.org/surefire/maven-surefire-plugin/xsd/surefire-test-report-3.0.xsd" version="3.0" name="org.apache.hadoop.ozone.client.rpc.TestMultiBlockWritesWithDnFailures" time="353.972" tests="2" errors="1" skipped="0" failures="0">
  <properties>
    <property name="java.specification.version" value="17"/>
    <property name="sun.jnu.encoding" value="UTF-8"/>
    <property name="java.class.path" value="/home/runner/work/ozone/ozone/hadoop-ozone/integration-test/target/test-classes:/home/runner/work/ozone/ozone/hadoop-ozone/integration-test/target/classes:/home/runner/work/ozone/ozone/hadoop-ozone/common/target/classes:/home/runner/.m2/repository/io/grpc/grpc-netty/1.58.0/grpc-netty-1.58.0.jar:/home/runner/.m2/repository/io/grpc/grpc-core/1.58.0/grpc-core-1.58.0.jar:/home/runner/.m2/repository/com/google/android/annotations/4.1.1.4/annotations-4.1.1.4.jar:/home/runner/.m2/repository/org/codehaus/mojo/animal-sniffer-annotations/1.23/animal-sniffer-annotations-1.23.jar:/home/runner/.m2/repository/io/grpc/grpc-context/1.58.0/grpc-context-1.58.0.jar:/home/runner/.m2/repository/io/grpc/grpc-util/1.58.0/grpc-util-1.58.0.jar:/home/runner/.m2/repository/com/google/errorprone/error_prone_annotations/2.2.0/error_prone_annotations-2.2.0.jar:/home/runner/.m2/repository/io/perfmark/perfmark-api/0.26.0/perfmark-api-0.26.0.jar:/home/runner/.m2/repository/io/netty/netty-codec-http2/4.1.109.Final/netty-codec-http2-4.1.109.Final.jar:/home/runner/.m2/repository/io/netty/netty-common/4.1.109.Final/netty-common-4.1.109.Final.jar:/home/runner/.m2/repository/io/netty/netty-buffer/4.1.109.Final/netty-buffer-4.1.109.Final.jar:/home/runner/.m2/repository/io/netty/netty-codec-http/4.1.109.Final/netty-codec-http-4.1.109.Final.jar:/home/runner/.m2/repository/io/netty/netty-handler-proxy/4.1.109.Final/netty-handler-proxy-4.1.109.Final.jar:/home/runner/.m2/repository/io/netty/netty-codec-socks/4.1.109.Final/netty-codec-socks-4.1.109.Final.jar:/home/runner/.m2/repository/io/netty/netty-tcnative-boringssl-static/2.0.65.Final/netty-tcnative-boringssl-static-2.0.65.Final.jar:/home/runner/.m2/repository/io/netty/netty-tcnative-classes/2.0.65.Final/netty-tcnative-classes-2.0.65.Final.jar:/home/runner/.m2/repository/io/netty/netty-tcnative-boringssl-static/2.0.65.Final/netty-tcnative-boringssl-static-2.0.65.Final-linux-x86_64.jar:/home/runner/.m2/repository/io/netty/netty-tcnative-boringssl-static/2.0.65.Final/netty-tcnative-boringssl-static-2.0.65.Final-linux-aarch_64.jar:/home/runner/.m2/repository/io/netty/netty-tcnative-boringssl-static/2.0.65.Final/netty-tcnative-boringssl-static-2.0.65.Final-osx-x86_64.jar:/home/runner/.m2/repository/io/netty/netty-tcnative-boringssl-static/2.0.65.Final/netty-tcnative-boringssl-static-2.0.65.Final-osx-aarch_64.jar:/home/runner/.m2/repository/io/netty/netty-tcnative-boringssl-static/2.0.65.Final/netty-tcnative-boringssl-static-2.0.65.Final-windows-x86_64.jar:/home/runner/.m2/repository/org/apache/commons/commons-compress/1.26.0/commons-compress-1.26.0.jar:/home/runner/work/ozone/ozone/hadoop-hdds/common/target/classes:/home/runner/work/ozone/ozone/hadoop-hdds/client/target/classes:/home/runner/work/ozone/ozone/hadoop-ozone/interface-client/target/classes:/home/runner/.m2/repository/org/apache/hadoop/hadoop-hdfs-client/3.3.6/hadoop-hdfs-client-3.3.6.jar:/home/runner/.m2/repository/com/squareup/okhttp3/okhttp/4.12.0/okhttp-4.12.0.jar:/home/runner/.m2/repository/com/squareup/okio/okio/3.6.0/okio-3.6.0.jar:/home/runner/.m2/repository/com/squareup/okio/okio-jvm/3.6.0/okio-jvm-3.6.0.jar:/home/runner/.m2/repository/org/jetbrains/kotlin/kotlin-stdlib-jdk8/1.9.24/kotlin-stdlib-jdk8-1.9.24.jar:/home/runner/.m2/repository/org/jetbrains/kotlin/kotlin-stdlib-jdk7/1.9.24/kotlin-stdlib-jdk7-1.9.24.jar:/home/runner/.m2/repository/org/jetbrains/kotlin/kotlin-stdlib-common/1.9.24/kotlin-stdlib-common-1.9.24.jar:/home/runner/work/ozone/ozone/hadoop-hdds/test-utils/target/classes:/home/runner/.m2/repository/org/assertj/assertj-core/3.26.0/assertj-core-3.26.0.jar:/home/runner/.m2/repository/net/bytebuddy/byte-buddy/1.14.16/byte-buddy-1.14.16.jar:/home/runner/.m2/repository/com/google/guava/guava/32.1.3-jre/guava-32.1.3-jre.jar:/home/runner/.m2/repository/com/google/guava/failureaccess/1.0.1/failureaccess-1.0.1.jar:/home/runner/.m2/repository/com/google/guava/listenablefuture/9999.0-empty-to-avoid-conflict-with-guava/listenablefuture-9999.0-empty-to-avoid-conflict-with-guava.jar:/home/runner/.m2/repository/org/checkerframework/checker-qual/3.37.0/checker-qual-3.37.0.jar:/home/runner/.m2/repository/com/google/j2objc/j2objc-annotations/2.8/j2objc-annotations-2.8.jar:/home/runner/.m2/repository/commons-io/commons-io/2.16.1/commons-io-2.16.1.jar:/home/runner/.m2/repository/commons-logging/commons-logging/1.2/commons-logging-1.2.jar:/home/runner/.m2/repository/org/junit/jupiter/junit-jupiter-api/5.10.2/junit-jupiter-api-5.10.2.jar:/home/runner/.m2/repository/org/opentest4j/opentest4j/1.3.0/opentest4j-1.3.0.jar:/home/runner/.m2/repository/org/junit/platform/junit-platform-commons/1.10.2/junit-platform-commons-1.10.2.jar:/home/runner/.m2/repository/ch/qos/reload4j/reload4j/1.2.25/reload4j-1.2.25.jar:/home/runner/.m2/repository/jakarta/annotation/jakarta.annotation-api/2.1.1/jakarta.annotation-api-2.1.1.jar:/home/runner/.m2/repository/org/slf4j/slf4j-api/2.0.13/slf4j-api-2.0.13.jar:/home/runner/.m2/repository/org/apache/logging/log4j/log4j-api/2.17.1/log4j-api-2.17.1.jar:/home/runner/work/ozone/ozone/hadoop-hdds/server-scm/target/classes:/home/runner/.m2/repository/com/google/protobuf/protobuf-java/2.5.0/protobuf-java-2.5.0.jar:/home/runner/work/ozone/ozone/hadoop-hdds/container-service/target/classes:/home/runner/work/ozone/ozone/hadoop-hdds/hadoop-dependency-server/target/classes:/home/runner/.m2/repository/com/nimbusds/nimbus-jose-jwt/9.37.2/nimbus-jose-jwt-9.37.2.jar:/home/runner/.m2/repository/com/github/stephenc/jcip/jcip-annotations/1.0-1/jcip-annotations-1.0-1.jar:/home/runner/.m2/repository/org/apache/hadoop/hadoop-hdfs/3.3.6/hadoop-hdfs-3.3.6.jar:/home/runner/.m2/repository/commons-daemon/commons-daemon/1.3.4/commons-daemon-1.3.4.jar:/home/runner/.m2/repository/org/apache/kerby/kerb-core/1.0.1/kerb-core-1.0.1.jar:/home/runner/.m2/repository/org/apache/kerby/kerby-pkix/1.0.1/kerby-pkix-1.0.1.jar:/home/runner/.m2/repository/org/apache/kerby/kerby-asn1/1.0.1/kerby-asn1-1.0.1.jar:/home/runner/.m2/repository/org/apache/kerby/kerby-util/1.0.1/kerby-util-1.0.1.jar:/home/runner/.m2/repository/org/apache/kerby/kerb-util/1.0.1/kerb-util-1.0.1.jar:/home/runner/.m2/repository/org/apache/kerby/kerby-config/1.0.1/kerby-config-1.0.1.jar:/home/runner/.m2/repository/org/apache/kerby/kerb-crypto/1.0.1/kerb-crypto-1.0.1.jar:/home/runner/.m2/repository/org/xerial/snappy/snappy-java/1.1.10.5/snappy-java-1.1.10.5.jar:/home/runner/work/ozone/ozone/hadoop-hdds/framework/target/classes:/home/runner/.m2/repository/org/bouncycastle/bcprov-jdk18on/1.78.1/bcprov-jdk18on-1.78.1.jar:/home/runner/.m2/repository/io/dropwizard/metrics/metrics-core/3.2.6/metrics-core-3.2.6.jar:/home/runner/.m2/repository/org/apache/commons/commons-text/1.11.0/commons-text-1.11.0.jar:/home/runner/work/ozone/ozone/hadoop-hdds/framework/target/test-classes:/home/runner/work/ozone/ozone/hadoop-hdds/interface-server/target/classes:/home/runner/work/ozone/ozone/hadoop-hdds/interface-admin/target/classes:/home/runner/work/ozone/ozone/hadoop-hdds/managed-rocksdb/target/classes:/home/runner/.m2/repository/org/rocksdb/rocksdbjni/7.7.3/rocksdbjni-7.7.3.jar:/home/runner/.m2/repository/org/slf4j/slf4j-reload4j/2.0.13/slf4j-reload4j-2.0.13.jar:/home/runner/.m2/repository/org/apache/commons/commons-configuration2/2.10.1/commons-configuration2-2.10.1.jar:/home/runner/.m2/repository/commons-fileupload/commons-fileupload/1.5/commons-fileupload-1.5.jar:/home/runner/.m2/repository/org/apache/logging/log4j/log4j-core/2.17.1/log4j-core-2.17.1.jar:/home/runner/.m2/repository/com/lmax/disruptor/3.4.4/disruptor-3.4.4.jar:/home/runner/.m2/repository/org/eclipse/jetty/jetty-util/9.4.54.v20240208/jetty-util-9.4.54.v20240208.jar:/home/runner/.m2/repository/org/eclipse/jetty/jetty-server/9.4.54.v20240208/jetty-server-9.4.54.v20240208.jar:/home/runner/.m2/repository/org/eclipse/jetty/jetty-http/9.4.54.v20240208/jetty-http-9.4.54.v20240208.jar:/home/runner/.m2/repository/org/eclipse/jetty/jetty-io/9.4.54.v20240208/jetty-io-9.4.54.v20240208.jar:/home/runner/.m2/repository/org/eclipse/jetty/jetty-servlet/9.4.54.v20240208/jetty-servlet-9.4.54.v20240208.jar:/home/runner/.m2/repository/org/eclipse/jetty/jetty-security/9.4.54.v20240208/jetty-security-9.4.54.v20240208.jar:/home/runner/.m2/repository/org/eclipse/jetty/jetty-util-ajax/9.4.54.v20240208/jetty-util-ajax-9.4.54.v20240208.jar:/home/runner/.m2/repository/org/eclipse/jetty/jetty-webapp/9.4.54.v20240208/jetty-webapp-9.4.54.v20240208.jar:/home/runner/.m2/repository/org/eclipse/jetty/jetty-xml/9.4.54.v20240208/jetty-xml-9.4.54.v20240208.jar:/home/runner/.m2/repository/org/apache/ratis/ratis-server/3.0.1/ratis-server-3.0.1.jar:/home/runner/.m2/repository/org/apache/ratis/ratis-thirdparty-misc/1.0.5/ratis-thirdparty-misc-1.0.5.jar:/home/runner/.m2/repository/org/apache/ratis/ratis-proto/3.0.1/ratis-proto-3.0.1.jar:/home/runner/.m2/repository/org/apache/ratis/ratis-common/3.0.1/ratis-common-3.0.1.jar:/home/runner/.m2/repository/org/apache/ratis/ratis-client/3.0.1/ratis-client-3.0.1.jar:/home/runner/.m2/repository/org/apache/ratis/ratis-metrics-api/3.0.1/ratis-metrics-api-3.0.1.jar:/home/runner/.m2/repository/org/apache/ratis/ratis-metrics-dropwizard3/3.0.1/ratis-metrics-dropwizard3-3.0.1.jar:/home/runner/.m2/repository/io/prometheus/simpleclient_dropwizard/0.16.0/simpleclient_dropwizard-0.16.0.jar:/home/runner/.m2/repository/io/prometheus/simpleclient/0.16.0/simpleclient-0.16.0.jar:/home/runner/.m2/repository/io/prometheus/simpleclient_common/0.16.0/simpleclient_common-0.16.0.jar:/home/runner/.m2/repository/com/fasterxml/jackson/datatype/jackson-datatype-jsr310/2.16.2/jackson-datatype-jsr310-2.16.2.jar:/home/runner/.m2/repository/com/fasterxml/jackson/core/jackson-core/2.16.2/jackson-core-2.16.2.jar:/home/runner/work/ozone/ozone/hadoop-hdds/rocksdb-checkpoint-differ/target/classes:/home/runner/.m2/repository/org/jgrapht/jgrapht-core/1.4.0/jgrapht-core-1.4.0.jar:/home/runner/.m2/repository/org/jheaps/jheaps/0.11/jheaps-0.11.jar:/home/runner/.m2/repository/org/jgrapht/jgrapht-ext/1.4.0/jgrapht-ext-1.4.0.jar:/home/runner/.m2/repository/com/github/vlsi/mxgraph/jgraphx/3.9.8.1/jgraphx-3.9.8.1.jar:/home/runner/work/ozone/ozone/hadoop-ozone/ozone-manager/target/classes:/home/runner/.m2/repository/org/aspectj/aspectjrt/1.9.7/aspectjrt-1.9.7.jar:/home/runner/.m2/repository/org/aspectj/aspectjweaver/1.9.7/aspectjweaver-1.9.7.jar:/home/runner/work/ozone/ozone/hadoop-hdds/interface-client/target/classes:/home/runner/.m2/repository/org/apache/hadoop/thirdparty/hadoop-shaded-protobuf_3_7/1.1.1/hadoop-shaded-protobuf_3_7-1.1.1.jar:/home/runner/work/ozone/ozone/hadoop-ozone/interface-storage/target/classes:/home/runner/.m2/repository/org/reflections/reflections/0.10.2/reflections-0.10.2.jar:/home/runner/.m2/repository/com/sun/jersey/jersey-client/1.19.4/jersey-client-1.19.4.jar:/home/runner/.m2/repository/org/codehaus/jackson/jackson-core-asl/1.9.13/jackson-core-asl-1.9.13.jar:/home/runner/.m2/repository/org/codehaus/jackson/jackson-mapper-asl/1.9.13/jackson-mapper-asl-1.9.13.jar:/home/runner/.m2/repository/org/codehaus/jackson/jackson-jaxrs/1.9.13/jackson-jaxrs-1.9.13.jar:/home/runner/.m2/repository/org/apache/ranger/ranger-intg/2.3.0/ranger-intg-2.3.0.jar:/home/runner/.m2/repository/org/apache/ranger/ranger-plugins-common/2.3.0/ranger-plugins-common-2.3.0.jar:/home/runner/.m2/repository/commons-lang/commons-lang/2.6/commons-lang-2.6.jar:/home/runner/.m2/repository/org/apache/ranger/ranger-plugins-cred/2.3.0/ranger-plugins-cred-2.3.0.jar:/home/runner/.m2/repository/org/apache/ranger/ranger-plugins-audit/2.3.0/ranger-plugins-audit-2.3.0.jar:/home/runner/.m2/repository/org/eclipse/jetty/jetty-client/9.4.54.v20240208/jetty-client-9.4.54.v20240208.jar:/home/runner/.m2/repository/org/apache/httpcomponents/httpmime/4.5.6/httpmime-4.5.6.jar:/home/runner/.m2/repository/org/apache/httpcomponents/httpcore-nio/4.4.16/httpcore-nio-4.4.16.jar:/home/runner/.m2/repository/org/apache/httpcomponents/httpasyncclient/4.1.3/httpasyncclient-4.1.3.jar:/home/runner/.m2/repository/com/carrotsearch/hppc/0.8.0/hppc-0.8.0.jar:/home/runner/.m2/repository/org/apache/orc/orc-core/1.5.8/orc-core-1.5.8.jar:/home/runner/.m2/repository/net/java/dev/jna/jna/5.2.0/jna-5.2.0.jar:/home/runner/.m2/repository/net/java/dev/jna/jna-platform/5.2.0/jna-platform-5.2.0.jar:/home/runner/.m2/repository/com/kstruct/gethostname4j/0.0.2/gethostname4j-0.0.2.jar:/home/runner/.m2/repository/org/apache/ranger/ranger-plugin-classloader/2.3.0/ranger-plugin-classloader-2.3.0.jar:/home/runner/work/ozone/ozone/hadoop-hdds/rocks-native/target/classes:/home/runner/.m2/repository/org/apache/hadoop/hadoop-minikdc/3.3.6/hadoop-minikdc-3.3.6.jar:/home/runner/.m2/repository/org/apache/kerby/kerb-simplekdc/1.0.1/kerb-simplekdc-1.0.1.jar:/home/runner/.m2/repository/org/apache/kerby/kerb-client/1.0.1/kerb-client-1.0.1.jar:/home/runner/.m2/repository/org/apache/kerby/kerb-common/1.0.1/kerb-common-1.0.1.jar:/home/runner/.m2/repository/org/apache/kerby/token-provider/1.0.1/token-provider-1.0.1.jar:/home/runner/.m2/repository/org/apache/kerby/kerb-admin/1.0.1/kerb-admin-1.0.1.jar:/home/runner/.m2/repository/org/apache/kerby/kerb-server/1.0.1/kerb-server-1.0.1.jar:/home/runner/.m2/repository/org/apache/kerby/kerb-identity/1.0.1/kerb-identity-1.0.1.jar:/home/runner/.m2/repository/org/apache/kerby/kerby-xdr/1.0.1/kerby-xdr-1.0.1.jar:/home/runner/.m2/repository/junit/junit/4.13.2/junit-4.13.2.jar:/home/runner/.m2/repository/org/hamcrest/hamcrest-core/1.3/hamcrest-core-1.3.jar:/home/runner/work/ozone/ozone/hadoop-ozone/s3gateway/target/classes:/home/runner/.m2/repository/org/javassist/javassist/3.30.2-GA/javassist-3.30.2-GA.jar:/home/runner/.m2/repository/org/jboss/weld/servlet/weld-servlet-shaded/3.1.9.Final/weld-servlet-shaded-3.1.9.Final.jar:/home/runner/.m2/repository/org/glassfish/jersey/containers/jersey-container-servlet-core/2.43/jersey-container-servlet-core-2.43.jar:/home/runner/.m2/repository/org/glassfish/hk2/external/jakarta.inject/2.6.1/jakarta.inject-2.6.1.jar:/home/runner/.m2/repository/org/glassfish/jersey/core/jersey-common/2.43/jersey-common-2.43.jar:/home/runner/.m2/repository/jakarta/ws/rs/jakarta.ws.rs-api/2.1.6/jakarta.ws.rs-api-2.1.6.jar:/home/runner/.m2/repository/org/glassfish/jersey/ext/cdi/jersey-cdi1x/2.43/jersey-cdi1x-2.43.jar:/home/runner/.m2/repository/org/glassfish/jersey/inject/jersey-hk2/2.43/jersey-hk2-2.43.jar:/home/runner/.m2/repository/org/glassfish/hk2/hk2-locator/2.6.1/hk2-locator-2.6.1.jar:/home/runner/.m2/repository/org/glassfish/jersey/media/jersey-media-jaxb/2.43/jersey-media-jaxb-2.43.jar:/home/runner/.m2/repository/org/glassfish/hk2/osgi-resource-locator/1.0.3/osgi-resource-locator-1.0.3.jar:/home/runner/.m2/repository/org/glassfish/hk2/hk2-api/2.6.1/hk2-api-2.6.1.jar:/home/runner/.m2/repository/org/glassfish/hk2/hk2-utils/2.6.1/hk2-utils-2.6.1.jar:/home/runner/.m2/repository/org/glassfish/hk2/external/aopalliance-repackaged/2.6.1/aopalliance-repackaged-2.6.1.jar:/home/runner/.m2/repository/com/fasterxml/jackson/dataformat/jackson-dataformat-xml/2.16.2/jackson-dataformat-xml-2.16.2.jar:/home/runner/.m2/repository/org/codehaus/woodstox/stax2-api/4.2.2/stax2-api-4.2.2.jar:/home/runner/.m2/repository/com/fasterxml/woodstox/woodstox-core/5.4.0/woodstox-core-5.4.0.jar:/home/runner/.m2/repository/com/fasterxml/jackson/module/jackson-module-jaxb-annotations/2.16.2/jackson-module-jaxb-annotations-2.16.2.jar:/home/runner/.m2/repository/javax/enterprise/cdi-api/2.0/cdi-api-2.0.jar:/home/runner/.m2/repository/javax/el/javax.el-api/3.0.0/javax.el-api-3.0.0.jar:/home/runner/.m2/repository/javax/interceptor/javax.interceptor-api/1.2/javax.interceptor-api-1.2.jar:/home/runner/.m2/repository/javax/inject/javax.inject/1/javax.inject-1.jar:/home/runner/.m2/repository/jakarta/xml/bind/jakarta.xml.bind-api/2.3.3/jakarta.xml.bind-api-2.3.3.jar:/home/runner/.m2/repository/org/glassfish/jaxb/jaxb-runtime/2.3.9/jaxb-runtime-2.3.9.jar:/home/runner/.m2/repository/org/glassfish/jaxb/txw2/2.3.9/txw2-2.3.9.jar:/home/runner/.m2/repository/com/sun/istack/istack-commons-runtime/3.0.12/istack-commons-runtime-3.0.12.jar:/home/runner/.m2/repository/com/sun/activation/jakarta.activation/1.2.2/jakarta.activation-1.2.2.jar:/home/runner/.m2/repository/jakarta/activation/jakarta.activation-api/1.2.2/jakarta.activation-api-1.2.2.jar:/home/runner/.m2/repository/io/grpc/grpc-protobuf/1.58.0/grpc-protobuf-1.58.0.jar:/home/runner/.m2/repository/com/google/api/grpc/proto-google-common-protos/2.22.0/proto-google-common-protos-2.22.0.jar:/home/runner/.m2/repository/io/grpc/grpc-protobuf-lite/1.58.0/grpc-protobuf-lite-1.58.0.jar:/home/runner/.m2/repository/io/grpc/grpc-stub/1.58.0/grpc-stub-1.58.0.jar:/home/runner/.m2/repository/io/netty/netty-transport/4.1.109.Final/netty-transport-4.1.109.Final.jar:/home/runner/.m2/repository/io/netty/netty-resolver/4.1.109.Final/netty-resolver-4.1.109.Final.jar:/home/runner/work/ozone/ozone/hadoop-ozone/csi/target/classes:/home/runner/.m2/repository/com/google/protobuf/protobuf-java-util/3.19.6/protobuf-java-util-3.19.6.jar:/home/runner/.m2/repository/com/google/code/gson/gson/2.10.1/gson-2.10.1.jar:/home/runner/work/ozone/ozone/hadoop-hdds/config/target/classes:/home/runner/.m2/repository/io/netty/netty-transport-native-epoll/4.1.109.Final/netty-transport-native-epoll-4.1.109.Final-linux-x86_64.jar:/home/runner/.m2/repository/io/netty/netty-transport-classes-epoll/4.1.109.Final/netty-transport-classes-epoll-4.1.109.Final.jar:/home/runner/.m2/repository/io/netty/netty-transport-native-unix-common/4.1.109.Final/netty-transport-native-unix-common-4.1.109.Final.jar:/home/runner/work/ozone/ozone/hadoop-ozone/recon/target/classes:/home/runner/work/ozone/ozone/hadoop-ozone/recon-codegen/target/classes:/home/runner/.m2/repository/com/google/inject/guice/6.0.0/guice-6.0.0.jar:/home/runner/.m2/repository/jakarta/inject/jakarta.inject-api/2.0.1/jakarta.inject-api-2.0.1.jar:/home/runner/.m2/repository/aopalliance/aopalliance/1.0/aopalliance-1.0.jar:/home/runner/.m2/repository/com/google/inject/extensions/guice-assistedinject/6.0.0/guice-assistedinject-6.0.0.jar:/home/runner/.m2/repository/com/google/inject/extensions/guice-servlet/6.0.0/guice-servlet-6.0.0.jar:/home/runner/.m2/repository/org/glassfish/jersey/containers/jersey-container-servlet/2.43/jersey-container-servlet-2.43.jar:/home/runner/.m2/repository/org/glassfish/hk2/guice-bridge/2.6.1/guice-bridge-2.6.1.jar:/home/runner/.m2/repository/org/glassfish/jersey/core/jersey-server/2.43/jersey-server-2.43.jar:/home/runner/.m2/repository/org/glassfish/jersey/core/jersey-client/2.43/jersey-client-2.43.jar:/home/runner/.m2/repository/jakarta/validation/jakarta.validation-api/2.0.2/jakarta.validation-api-2.0.2.jar:/home/runner/.m2/repository/org/glassfish/jersey/media/jersey-media-json-jackson/2.43/jersey-media-json-jackson-2.43.jar:/home/runner/.m2/repository/org/glassfish/jersey/ext/jersey-entity-filtering/2.43/jersey-entity-filtering-2.43.jar:/home/runner/.m2/repository/org/jooq/jooq/3.11.10/jooq-3.11.10.jar:/home/runner/.m2/repository/org/jooq/jooq-meta/3.11.10/jooq-meta-3.11.10.jar:/home/runner/.m2/repository/org/jooq/jooq-codegen/3.11.10/jooq-codegen-3.11.10.jar:/home/runner/.m2/repository/com/jolbox/bonecp/0.8.0.RELEASE/bonecp-0.8.0.RELEASE.jar:/home/runner/.m2/repository/org/apache/derby/derby/10.14.2.0/derby-10.14.2.0.jar:/home/runner/.m2/repository/org/xerial/sqlite-jdbc/3.44.1.0/sqlite-jdbc-3.44.1.0.jar:/home/runner/.m2/repository/org/springframework/spring-jdbc/5.3.34/spring-jdbc-5.3.34.jar:/home/runner/.m2/repository/org/springframework/spring-beans/5.3.34/spring-beans-5.3.34.jar:/home/runner/.m2/repository/org/springframework/spring-core/5.3.34/spring-core-5.3.34.jar:/home/runner/.m2/repository/org/springframework/spring-tx/5.3.34/spring-tx-5.3.34.jar:/home/runner/work/ozone/ozone/hadoop-ozone/client/target/classes:/home/runner/work/ozone/ozone/hadoop-hdds/erasurecode/target/classes:/home/runner/work/ozone/ozone/hadoop-ozone/ozonefs/target/classes:/home/runner/work/ozone/ozone/hadoop-ozone/ozonefs-common/target/classes:/home/runner/work/ozone/ozone/hadoop-ozone/tools/target/classes:/home/runner/.m2/repository/com/amazonaws/aws-java-sdk-core/1.12.661/aws-java-sdk-core-1.12.661.jar:/home/runner/.m2/repository/org/apache/httpcomponents/httpclient/4.5.14/httpclient-4.5.14.jar:/home/runner/.m2/repository/org/apache/httpcomponents/httpcore/4.4.16/httpcore-4.4.16.jar:/home/runner/.m2/repository/com/fasterxml/jackson/dataformat/jackson-dataformat-cbor/2.16.2/jackson-dataformat-cbor-2.16.2.jar:/home/runner/.m2/repository/joda-time/joda-time/2.12.7/joda-time-2.12.7.jar:/home/runner/.m2/repository/com/amazonaws/aws-java-sdk-s3/1.12.661/aws-java-sdk-s3-1.12.661.jar:/home/runner/.m2/repository/com/amazonaws/aws-java-sdk-kms/1.12.661/aws-java-sdk-kms-1.12.661.jar:/home/runner/.m2/repository/com/amazonaws/jmespath-java/1.12.661/jmespath-java-1.12.661.jar:/home/runner/.m2/repository/org/kohsuke/metainf-services/metainf-services/1.11/metainf-services-1.11.jar:/home/runner/work/ozone/ozone/hadoop-hdds/tools/target/classes:/home/runner/.m2/repository/org/apache/ratis/ratis-tools/3.0.1/ratis-tools-3.0.1.jar:/home/runner/.m2/repository/commons-cli/commons-cli/1.8.0/commons-cli-1.8.0.jar:/home/runner/.m2/repository/org/apache/commons/commons-lang3/3.14.0/commons-lang3-3.14.0.jar:/home/runner/work/ozone/ozone/hadoop-ozone/ozone-manager/target/test-classes:/home/runner/work/ozone/ozone/hadoop-hdds/common/target/test-classes:/home/runner/work/ozone/ozone/hadoop-hdds/hadoop-dependency-client/target/classes:/home/runner/.m2/repository/info/picocli/picocli/4.7.6/picocli-4.7.6.jar:/home/runner/.m2/repository/com/fasterxml/jackson/core/jackson-annotations/2.16.2/jackson-annotations-2.16.2.jar:/home/runner/work/ozone/ozone/hadoop-hdds/annotations/target/classes:/home/runner/.m2/repository/javax/annotation/javax.annotation-api/1.3.2/javax.annotation-api-1.3.2.jar:/home/runner/.m2/repository/org/apache/ratis/ratis-server-api/3.0.1/ratis-server-api-3.0.1.jar:/home/runner/.m2/repository/org/apache/ratis/ratis-netty/3.0.1/ratis-netty-3.0.1.jar:/home/runner/.m2/repository/org/apache/ratis/ratis-grpc/3.0.1/ratis-grpc-3.0.1.jar:/home/runner/.m2/repository/org/bouncycastle/bcpkix-jdk18on/1.78.1/bcpkix-jdk18on-1.78.1.jar:/home/runner/.m2/repository/org/bouncycastle/bcutil-jdk18on/1.78.1/bcutil-jdk18on-1.78.1.jar:/home/runner/.m2/repository/commons-validator/commons-validator/1.6/commons-validator-1.6.jar:/home/runner/.m2/repository/commons-beanutils/commons-beanutils/1.9.4/commons-beanutils-1.9.4.jar:/home/runner/.m2/repository/commons-digester/commons-digester/1.8.1/commons-digester-1.8.1.jar:/home/runner/.m2/repository/commons-collections/commons-collections/3.2.2/commons-collections-3.2.2.jar:/home/runner/.m2/repository/io/jaegertracing/jaeger-client/1.8.1/jaeger-client-1.8.1.jar:/home/runner/.m2/repository/io/jaegertracing/jaeger-thrift/1.8.1/jaeger-thrift-1.8.1.jar:/home/runner/.m2/repository/org/apache/thrift/libthrift/0.15.0/libthrift-0.15.0.jar:/home/runner/.m2/repository/io/jaegertracing/jaeger-core/1.8.1/jaeger-core-1.8.1.jar:/home/runner/.m2/repository/io/jaegertracing/jaeger-tracerresolver/1.8.1/jaeger-tracerresolver-1.8.1.jar:/home/runner/.m2/repository/io/opentracing/contrib/opentracing-tracerresolver/0.1.8/opentracing-tracerresolver-0.1.8.jar:/home/runner/.m2/repository/org/jetbrains/kotlin/kotlin-stdlib/1.9.24/kotlin-stdlib-1.9.24.jar:/home/runner/.m2/repository/org/jetbrains/annotations/13.0/annotations-13.0.jar:/home/runner/.m2/repository/io/opentracing/opentracing-util/0.33.0/opentracing-util-0.33.0.jar:/home/runner/.m2/repository/io/opentracing/opentracing-api/0.33.0/opentracing-api-0.33.0.jar:/home/runner/.m2/repository/io/opentracing/opentracing-noop/0.33.0/opentracing-noop-0.33.0.jar:/home/runner/.m2/repository/org/yaml/snakeyaml/2.0/snakeyaml-2.0.jar:/home/runner/.m2/repository/io/grpc/grpc-api/1.58.0/grpc-api-1.58.0.jar:/home/runner/.m2/repository/org/junit/platform/junit-platform-launcher/1.10.2/junit-platform-launcher-1.10.2.jar:/home/runner/.m2/repository/org/junit/platform/junit-platform-engine/1.10.2/junit-platform-engine-1.10.2.jar:/home/runner/.m2/repository/org/apiguardian/apiguardian-api/1.1.2/apiguardian-api-1.1.2.jar:/home/runner/.m2/repository/org/apache/hadoop/hadoop-kms/3.3.6/hadoop-kms-3.3.6.jar:/home/runner/.m2/repository/org/apache/hadoop/hadoop-auth/3.3.6/hadoop-auth-3.3.6.jar:/home/runner/.m2/repository/org/apache/zookeeper/zookeeper/3.8.4/zookeeper-3.8.4.jar:/home/runner/.m2/repository/org/apache/zookeeper/zookeeper-jute/3.8.4/zookeeper-jute-3.8.4.jar:/home/runner/.m2/repository/org/apache/yetus/audience-annotations/0.12.0/audience-annotations-0.12.0.jar:/home/runner/.m2/repository/org/apache/curator/curator-framework/4.2.0/curator-framework-4.2.0.jar:/home/runner/.m2/repository/org/apache/hadoop/thirdparty/hadoop-shaded-guava/1.2.0/hadoop-shaded-guava-1.2.0.jar:/home/runner/.m2/repository/com/sun/jersey/jersey-core/1.19.4/jersey-core-1.19.4.jar:/home/runner/.m2/repository/javax/ws/rs/jsr311-api/1.1.1/jsr311-api-1.1.1.jar:/home/runner/.m2/repository/com/sun/jersey/jersey-server/1.19.4/jersey-server-1.19.4.jar:/home/runner/.m2/repository/javax/servlet/javax.servlet-api/3.1.0/javax.servlet-api-3.1.0.jar:/home/runner/.m2/repository/org/apache/hadoop/hadoop-common/3.3.6/hadoop-common-3.3.6.jar:/home/runner/.m2/repository/org/apache/commons/commons-math3/3.6.1/commons-math3-3.6.1.jar:/home/runner/.m2/repository/commons-net/commons-net/3.10.0/commons-net-3.10.0.jar:/home/runner/.m2/repository/com/sun/jersey/jersey-servlet/1.19.4/jersey-servlet-1.19.4.jar:/home/runner/.m2/repository/com/github/pjfanning/jersey-json/1.20/jersey-json-1.20.jar:/home/runner/.m2/repository/org/codehaus/jettison/jettison/1.1/jettison-1.1.jar:/home/runner/.m2/repository/com/sun/xml/bind/jaxb-impl/2.2.3-1/jaxb-impl-2.2.3-1.jar:/home/runner/.m2/repository/com/google/re2j/re2j/1.7/re2j-1.7.jar:/home/runner/.m2/repository/com/jcraft/jsch/0.1.55/jsch-0.1.55.jar:/home/runner/.m2/repository/org/apache/curator/curator-client/4.2.0/curator-client-4.2.0.jar:/home/runner/.m2/repository/org/apache/curator/curator-recipes/5.2.0/curator-recipes-5.2.0.jar:/home/runner/.m2/repository/com/google/code/findbugs/jsr305/3.0.2/jsr305-3.0.2.jar:/home/runner/.m2/repository/dnsjava/dnsjava/2.1.9/dnsjava-2.1.9.jar:/home/runner/.m2/repository/com/fasterxml/jackson/core/jackson-databind/2.16.2/jackson-databind-2.16.2.jar:/home/runner/.m2/repository/org/apache/hadoop/hadoop-kms/3.3.6/hadoop-kms-3.3.6-tests.jar:/home/runner/work/ozone/ozone/hadoop-hdds/server-scm/target/test-classes:/home/runner/work/ozone/ozone/hadoop-hdds/container-service/target/test-classes:/home/runner/.m2/repository/com/github/luben/zstd-jni/1.5.6-3/zstd-jni-1.5.6-3.jar:/home/runner/.m2/repository/commons-codec/commons-codec/1.17.0/commons-codec-1.17.0.jar:/home/runner/.m2/repository/io/netty/netty-codec/4.1.109.Final/netty-codec-4.1.109.Final.jar:/home/runner/.m2/repository/io/netty/netty-handler/4.1.109.Final/netty-handler-4.1.109.Final.jar:/home/runner/work/ozone/ozone/hadoop-hdds/hadoop-dependency-test/target/classes:/home/runner/.m2/repository/org/apache/hadoop/hadoop-common/3.3.6/hadoop-common-3.3.6-tests.jar:/home/runner/.m2/repository/org/apache/hadoop/hadoop-hdfs/3.3.6/hadoop-hdfs-3.3.6-tests.jar:/home/runner/.m2/repository/org/junit/jupiter/junit-jupiter-engine/5.10.2/junit-jupiter-engine-5.10.2.jar:/home/runner/.m2/repository/org/junit/jupiter/junit-jupiter-params/5.10.2/junit-jupiter-params-5.10.2.jar:/home/runner/.m2/repository/org/mockito/mockito-core/4.11.0/mockito-core-4.11.0.jar:/home/runner/.m2/repository/net/bytebuddy/byte-buddy-agent/1.12.19/byte-buddy-agent-1.12.19.jar:/home/runner/.m2/repository/org/objenesis/objenesis/3.3/objenesis-3.3.jar:/home/runner/.m2/repository/org/mockito/mockito-inline/4.11.0/mockito-inline-4.11.0.jar:/home/runner/.m2/repository/org/mockito/mockito-junit-jupiter/4.11.0/mockito-junit-jupiter-4.11.0.jar:/home/runner/.m2/repository/org/apache/hadoop/hadoop-distcp/3.3.6/hadoop-distcp-3.3.6.jar:/home/runner/.m2/repository/org/apache/hadoop/hadoop-mapreduce-client-jobclient/3.3.6/hadoop-mapreduce-client-jobclient-3.3.6.jar:/home/runner/.m2/repository/org/apache/hadoop/hadoop-mapreduce-client-common/3.3.6/hadoop-mapreduce-client-common-3.3.6.jar:/home/runner/.m2/repository/org/apache/hadoop/hadoop-yarn-common/3.3.6/hadoop-yarn-common-3.3.6.jar:/home/runner/.m2/repository/org/apache/hadoop/hadoop-yarn-api/3.3.6/hadoop-yarn-api-3.3.6.jar:/home/runner/.m2/repository/javax/xml/bind/jaxb-api/2.2.11/jaxb-api-2.2.11.jar:/home/runner/.m2/repository/com/sun/jersey/contribs/jersey-guice/1.19.4/jersey-guice-1.19.4.jar:/home/runner/.m2/repository/com/fasterxml/jackson/jaxrs/jackson-jaxrs-json-provider/2.16.2/jackson-jaxrs-json-provider-2.16.2.jar:/home/runner/.m2/repository/com/fasterxml/jackson/jaxrs/jackson-jaxrs-base/2.16.2/jackson-jaxrs-base-2.16.2.jar:/home/runner/.m2/repository/org/apache/hadoop/hadoop-yarn-client/3.3.6/hadoop-yarn-client-3.3.6.jar:/home/runner/.m2/repository/org/eclipse/jetty/websocket/websocket-client/9.4.51.v20230217/websocket-client-9.4.51.v20230217.jar:/home/runner/.m2/repository/org/eclipse/jetty/websocket/websocket-common/9.4.51.v20230217/websocket-common-9.4.51.v20230217.jar:/home/runner/.m2/repository/org/eclipse/jetty/websocket/websocket-api/9.4.51.v20230217/websocket-api-9.4.51.v20230217.jar:/home/runner/.m2/repository/org/jline/jline/3.9.0/jline-3.9.0.jar:/home/runner/.m2/repository/org/apache/hadoop/hadoop-mapreduce-client-core/3.3.6/hadoop-mapreduce-client-core-3.3.6.jar:/home/runner/.m2/repository/org/apache/avro/avro/1.7.7/avro-1.7.7.jar:/home/runner/.m2/repository/com/thoughtworks/paranamer/paranamer/2.3/paranamer-2.3.jar:/home/runner/.m2/repository/org/apache/hadoop/hadoop-annotations/3.3.6/hadoop-annotations-3.3.6.jar:/home/runner/.m2/repository/io/netty/netty/3.10.6.Final/netty-3.10.6.Final.jar:/home/runner/.m2/repository/org/apache/hadoop/hadoop-distcp/3.3.6/hadoop-distcp-3.3.6-tests.jar:/home/runner/.m2/repository/org/hamcrest/hamcrest/2.2/hamcrest-2.2.jar:/home/runner/.m2/repository/org/slf4j/jul-to-slf4j/2.0.13/jul-to-slf4j-2.0.13.jar:/home/runner/work/ozone/ozone/hadoop-ozone/integration-test/target/gradle-enterprise/test-listeners.jar:"/>
    <property name="java.vm.vendor" value="Eclipse Adoptium"/>
    <property name="sun.arch.data.model" value="64"/>
    <property name="test.build.dir" value="/home/runner/work/ozone/ozone/hadoop-ozone/integration-test/target/test-dir"/>
    <property name="test.cache.data" value=""/>
    <property name="java.vendor.url" value="https://adoptium.net/"/>
    <property name="user.timezone" value="Etc/UTC"/>
    <property name="maven-surefire-plugin.argLineAccessArgs" value=" --add-opens java.management/com.sun.jmx.mbeanserver=ALL-UNNAMED --add-exports java.management/com.sun.jmx.mbeanserver=ALL-UNNAMED --add-opens java.base/java.nio=ALL-UNNAMED --add-opens java.base/java.lang=ALL-UNNAMED --add-opens java.base/java.lang.reflect=ALL-UNNAMED"/>
    <property name="os.name" value="Linux"/>
    <property name="java.vm.specification.version" value="17"/>
    <property name="test.build.data" value="/home/runner/work/ozone/ozone/hadoop-ozone/integration-test/target/test-dir"/>
    <property name="sun.java.launcher" value="SUN_STANDARD"/>
    <property name="sun.boot.library.path" value="/usr/lib/jvm/temurin-17-jdk-amd64/lib"/>
    <property name="sun.java.command" value="/home/runner/work/ozone/ozone/hadoop-ozone/integration-test/target/surefire/surefirebooter1520319919025048666.jar /home/runner/work/ozone/ozone/hadoop-ozone/integration-test/target/surefire 2024-06-12T07-19-43_318-jvmRun1 surefire7223645878127068151tmp surefire_2113534394147818829321tmp"/>
    <property name="jdk.debug" value="release"/>
    <property name="native.lib.tmp.dir" value="/tmp"/>
    <property name="surefire.test.class.path" value="/home/runner/work/ozone/ozone/hadoop-ozone/integration-test/target/test-classes:/home/runner/work/ozone/ozone/hadoop-ozone/integration-test/target/classes:/home/runner/work/ozone/ozone/hadoop-ozone/common/target/classes:/home/runner/.m2/repository/io/grpc/grpc-netty/1.58.0/grpc-netty-1.58.0.jar:/home/runner/.m2/repository/io/grpc/grpc-core/1.58.0/grpc-core-1.58.0.jar:/home/runner/.m2/repository/com/google/android/annotations/4.1.1.4/annotations-4.1.1.4.jar:/home/runner/.m2/repository/org/codehaus/mojo/animal-sniffer-annotations/1.23/animal-sniffer-annotations-1.23.jar:/home/runner/.m2/repository/io/grpc/grpc-context/1.58.0/grpc-context-1.58.0.jar:/home/runner/.m2/repository/io/grpc/grpc-util/1.58.0/grpc-util-1.58.0.jar:/home/runner/.m2/repository/com/google/errorprone/error_prone_annotations/2.2.0/error_prone_annotations-2.2.0.jar:/home/runner/.m2/repository/io/perfmark/perfmark-api/0.26.0/perfmark-api-0.26.0.jar:/home/runner/.m2/repository/io/netty/netty-codec-http2/4.1.109.Final/netty-codec-http2-4.1.109.Final.jar:/home/runner/.m2/repository/io/netty/netty-common/4.1.109.Final/netty-common-4.1.109.Final.jar:/home/runner/.m2/repository/io/netty/netty-buffer/4.1.109.Final/netty-buffer-4.1.109.Final.jar:/home/runner/.m2/repository/io/netty/netty-codec-http/4.1.109.Final/netty-codec-http-4.1.109.Final.jar:/home/runner/.m2/repository/io/netty/netty-handler-proxy/4.1.109.Final/netty-handler-proxy-4.1.109.Final.jar:/home/runner/.m2/repository/io/netty/netty-codec-socks/4.1.109.Final/netty-codec-socks-4.1.109.Final.jar:/home/runner/.m2/repository/io/netty/netty-tcnative-boringssl-static/2.0.65.Final/netty-tcnative-boringssl-static-2.0.65.Final.jar:/home/runner/.m2/repository/io/netty/netty-tcnative-classes/2.0.65.Final/netty-tcnative-classes-2.0.65.Final.jar:/home/runner/.m2/repository/io/netty/netty-tcnative-boringssl-static/2.0.65.Final/netty-tcnative-boringssl-static-2.0.65.Final-linux-x86_64.jar:/home/runner/.m2/repository/io/netty/netty-tcnative-boringssl-static/2.0.65.Final/netty-tcnative-boringssl-static-2.0.65.Final-linux-aarch_64.jar:/home/runner/.m2/repository/io/netty/netty-tcnative-boringssl-static/2.0.65.Final/netty-tcnative-boringssl-static-2.0.65.Final-osx-x86_64.jar:/home/runner/.m2/repository/io/netty/netty-tcnative-boringssl-static/2.0.65.Final/netty-tcnative-boringssl-static-2.0.65.Final-osx-aarch_64.jar:/home/runner/.m2/repository/io/netty/netty-tcnative-boringssl-static/2.0.65.Final/netty-tcnative-boringssl-static-2.0.65.Final-windows-x86_64.jar:/home/runner/.m2/repository/org/apache/commons/commons-compress/1.26.0/commons-compress-1.26.0.jar:/home/runner/work/ozone/ozone/hadoop-hdds/common/target/classes:/home/runner/work/ozone/ozone/hadoop-hdds/client/target/classes:/home/runner/work/ozone/ozone/hadoop-ozone/interface-client/target/classes:/home/runner/.m2/repository/org/apache/hadoop/hadoop-hdfs-client/3.3.6/hadoop-hdfs-client-3.3.6.jar:/home/runner/.m2/repository/com/squareup/okhttp3/okhttp/4.12.0/okhttp-4.12.0.jar:/home/runner/.m2/repository/com/squareup/okio/okio/3.6.0/okio-3.6.0.jar:/home/runner/.m2/repository/com/squareup/okio/okio-jvm/3.6.0/okio-jvm-3.6.0.jar:/home/runner/.m2/repository/org/jetbrains/kotlin/kotlin-stdlib-jdk8/1.9.24/kotlin-stdlib-jdk8-1.9.24.jar:/home/runner/.m2/repository/org/jetbrains/kotlin/kotlin-stdlib-jdk7/1.9.24/kotlin-stdlib-jdk7-1.9.24.jar:/home/runner/.m2/repository/org/jetbrains/kotlin/kotlin-stdlib-common/1.9.24/kotlin-stdlib-common-1.9.24.jar:/home/runner/work/ozone/ozone/hadoop-hdds/test-utils/target/classes:/home/runner/.m2/repository/org/assertj/assertj-core/3.26.0/assertj-core-3.26.0.jar:/home/runner/.m2/repository/net/bytebuddy/byte-buddy/1.14.16/byte-buddy-1.14.16.jar:/home/runner/.m2/repository/com/google/guava/guava/32.1.3-jre/guava-32.1.3-jre.jar:/home/runner/.m2/repository/com/google/guava/failureaccess/1.0.1/failureaccess-1.0.1.jar:/home/runner/.m2/repository/com/google/guava/listenablefuture/9999.0-empty-to-avoid-conflict-with-guava/listenablefuture-9999.0-empty-to-avoid-conflict-with-guava.jar:/home/runner/.m2/repository/org/checkerframework/checker-qual/3.37.0/checker-qual-3.37.0.jar:/home/runner/.m2/repository/com/google/j2objc/j2objc-annotations/2.8/j2objc-annotations-2.8.jar:/home/runner/.m2/repository/commons-io/commons-io/2.16.1/commons-io-2.16.1.jar:/home/runner/.m2/repository/commons-logging/commons-logging/1.2/commons-logging-1.2.jar:/home/runner/.m2/repository/org/junit/jupiter/junit-jupiter-api/5.10.2/junit-jupiter-api-5.10.2.jar:/home/runner/.m2/repository/org/opentest4j/opentest4j/1.3.0/opentest4j-1.3.0.jar:/home/runner/.m2/repository/org/junit/platform/junit-platform-commons/1.10.2/junit-platform-commons-1.10.2.jar:/home/runner/.m2/repository/ch/qos/reload4j/reload4j/1.2.25/reload4j-1.2.25.jar:/home/runner/.m2/repository/jakarta/annotation/jakarta.annotation-api/2.1.1/jakarta.annotation-api-2.1.1.jar:/home/runner/.m2/repository/org/slf4j/slf4j-api/2.0.13/slf4j-api-2.0.13.jar:/home/runner/.m2/repository/org/apache/logging/log4j/log4j-api/2.17.1/log4j-api-2.17.1.jar:/home/runner/work/ozone/ozone/hadoop-hdds/server-scm/target/classes:/home/runner/.m2/repository/com/google/protobuf/protobuf-java/2.5.0/protobuf-java-2.5.0.jar:/home/runner/work/ozone/ozone/hadoop-hdds/container-service/target/classes:/home/runner/work/ozone/ozone/hadoop-hdds/hadoop-dependency-server/target/classes:/home/runner/.m2/repository/com/nimbusds/nimbus-jose-jwt/9.37.2/nimbus-jose-jwt-9.37.2.jar:/home/runner/.m2/repository/com/github/stephenc/jcip/jcip-annotations/1.0-1/jcip-annotations-1.0-1.jar:/home/runner/.m2/repository/org/apache/hadoop/hadoop-hdfs/3.3.6/hadoop-hdfs-3.3.6.jar:/home/runner/.m2/repository/commons-daemon/commons-daemon/1.3.4/commons-daemon-1.3.4.jar:/home/runner/.m2/repository/org/apache/kerby/kerb-core/1.0.1/kerb-core-1.0.1.jar:/home/runner/.m2/repository/org/apache/kerby/kerby-pkix/1.0.1/kerby-pkix-1.0.1.jar:/home/runner/.m2/repository/org/apache/kerby/kerby-asn1/1.0.1/kerby-asn1-1.0.1.jar:/home/runner/.m2/repository/org/apache/kerby/kerby-util/1.0.1/kerby-util-1.0.1.jar:/home/runner/.m2/repository/org/apache/kerby/kerb-util/1.0.1/kerb-util-1.0.1.jar:/home/runner/.m2/repository/org/apache/kerby/kerby-config/1.0.1/kerby-config-1.0.1.jar:/home/runner/.m2/repository/org/apache/kerby/kerb-crypto/1.0.1/kerb-crypto-1.0.1.jar:/home/runner/.m2/repository/org/xerial/snappy/snappy-java/1.1.10.5/snappy-java-1.1.10.5.jar:/home/runner/work/ozone/ozone/hadoop-hdds/framework/target/classes:/home/runner/.m2/repository/org/bouncycastle/bcprov-jdk18on/1.78.1/bcprov-jdk18on-1.78.1.jar:/home/runner/.m2/repository/io/dropwizard/metrics/metrics-core/3.2.6/metrics-core-3.2.6.jar:/home/runner/.m2/repository/org/apache/commons/commons-text/1.11.0/commons-text-1.11.0.jar:/home/runner/work/ozone/ozone/hadoop-hdds/framework/target/test-classes:/home/runner/work/ozone/ozone/hadoop-hdds/interface-server/target/classes:/home/runner/work/ozone/ozone/hadoop-hdds/interface-admin/target/classes:/home/runner/work/ozone/ozone/hadoop-hdds/managed-rocksdb/target/classes:/home/runner/.m2/repository/org/rocksdb/rocksdbjni/7.7.3/rocksdbjni-7.7.3.jar:/home/runner/.m2/repository/org/slf4j/slf4j-reload4j/2.0.13/slf4j-reload4j-2.0.13.jar:/home/runner/.m2/repository/org/apache/commons/commons-configuration2/2.10.1/commons-configuration2-2.10.1.jar:/home/runner/.m2/repository/commons-fileupload/commons-fileupload/1.5/commons-fileupload-1.5.jar:/home/runner/.m2/repository/org/apache/logging/log4j/log4j-core/2.17.1/log4j-core-2.17.1.jar:/home/runner/.m2/repository/com/lmax/disruptor/3.4.4/disruptor-3.4.4.jar:/home/runner/.m2/repository/org/eclipse/jetty/jetty-util/9.4.54.v20240208/jetty-util-9.4.54.v20240208.jar:/home/runner/.m2/repository/org/eclipse/jetty/jetty-server/9.4.54.v20240208/jetty-server-9.4.54.v20240208.jar:/home/runner/.m2/repository/org/eclipse/jetty/jetty-http/9.4.54.v20240208/jetty-http-9.4.54.v20240208.jar:/home/runner/.m2/repository/org/eclipse/jetty/jetty-io/9.4.54.v20240208/jetty-io-9.4.54.v20240208.jar:/home/runner/.m2/repository/org/eclipse/jetty/jetty-servlet/9.4.54.v20240208/jetty-servlet-9.4.54.v20240208.jar:/home/runner/.m2/repository/org/eclipse/jetty/jetty-security/9.4.54.v20240208/jetty-security-9.4.54.v20240208.jar:/home/runner/.m2/repository/org/eclipse/jetty/jetty-util-ajax/9.4.54.v20240208/jetty-util-ajax-9.4.54.v20240208.jar:/home/runner/.m2/repository/org/eclipse/jetty/jetty-webapp/9.4.54.v20240208/jetty-webapp-9.4.54.v20240208.jar:/home/runner/.m2/repository/org/eclipse/jetty/jetty-xml/9.4.54.v20240208/jetty-xml-9.4.54.v20240208.jar:/home/runner/.m2/repository/org/apache/ratis/ratis-server/3.0.1/ratis-server-3.0.1.jar:/home/runner/.m2/repository/org/apache/ratis/ratis-thirdparty-misc/1.0.5/ratis-thirdparty-misc-1.0.5.jar:/home/runner/.m2/repository/org/apache/ratis/ratis-proto/3.0.1/ratis-proto-3.0.1.jar:/home/runner/.m2/repository/org/apache/ratis/ratis-common/3.0.1/ratis-common-3.0.1.jar:/home/runner/.m2/repository/org/apache/ratis/ratis-client/3.0.1/ratis-client-3.0.1.jar:/home/runner/.m2/repository/org/apache/ratis/ratis-metrics-api/3.0.1/ratis-metrics-api-3.0.1.jar:/home/runner/.m2/repository/org/apache/ratis/ratis-metrics-dropwizard3/3.0.1/ratis-metrics-dropwizard3-3.0.1.jar:/home/runner/.m2/repository/io/prometheus/simpleclient_dropwizard/0.16.0/simpleclient_dropwizard-0.16.0.jar:/home/runner/.m2/repository/io/prometheus/simpleclient/0.16.0/simpleclient-0.16.0.jar:/home/runner/.m2/repository/io/prometheus/simpleclient_common/0.16.0/simpleclient_common-0.16.0.jar:/home/runner/.m2/repository/com/fasterxml/jackson/datatype/jackson-datatype-jsr310/2.16.2/jackson-datatype-jsr310-2.16.2.jar:/home/runner/.m2/repository/com/fasterxml/jackson/core/jackson-core/2.16.2/jackson-core-2.16.2.jar:/home/runner/work/ozone/ozone/hadoop-hdds/rocksdb-checkpoint-differ/target/classes:/home/runner/.m2/repository/org/jgrapht/jgrapht-core/1.4.0/jgrapht-core-1.4.0.jar:/home/runner/.m2/repository/org/jheaps/jheaps/0.11/jheaps-0.11.jar:/home/runner/.m2/repository/org/jgrapht/jgrapht-ext/1.4.0/jgrapht-ext-1.4.0.jar:/home/runner/.m2/repository/com/github/vlsi/mxgraph/jgraphx/3.9.8.1/jgraphx-3.9.8.1.jar:/home/runner/work/ozone/ozone/hadoop-ozone/ozone-manager/target/classes:/home/runner/.m2/repository/org/aspectj/aspectjrt/1.9.7/aspectjrt-1.9.7.jar:/home/runner/.m2/repository/org/aspectj/aspectjweaver/1.9.7/aspectjweaver-1.9.7.jar:/home/runner/work/ozone/ozone/hadoop-hdds/interface-client/target/classes:/home/runner/.m2/repository/org/apache/hadoop/thirdparty/hadoop-shaded-protobuf_3_7/1.1.1/hadoop-shaded-protobuf_3_7-1.1.1.jar:/home/runner/work/ozone/ozone/hadoop-ozone/interface-storage/target/classes:/home/runner/.m2/repository/org/reflections/reflections/0.10.2/reflections-0.10.2.jar:/home/runner/.m2/repository/com/sun/jersey/jersey-client/1.19.4/jersey-client-1.19.4.jar:/home/runner/.m2/repository/org/codehaus/jackson/jackson-core-asl/1.9.13/jackson-core-asl-1.9.13.jar:/home/runner/.m2/repository/org/codehaus/jackson/jackson-mapper-asl/1.9.13/jackson-mapper-asl-1.9.13.jar:/home/runner/.m2/repository/org/codehaus/jackson/jackson-jaxrs/1.9.13/jackson-jaxrs-1.9.13.jar:/home/runner/.m2/repository/org/apache/ranger/ranger-intg/2.3.0/ranger-intg-2.3.0.jar:/home/runner/.m2/repository/org/apache/ranger/ranger-plugins-common/2.3.0/ranger-plugins-common-2.3.0.jar:/home/runner/.m2/repository/commons-lang/commons-lang/2.6/commons-lang-2.6.jar:/home/runner/.m2/repository/org/apache/ranger/ranger-plugins-cred/2.3.0/ranger-plugins-cred-2.3.0.jar:/home/runner/.m2/repository/org/apache/ranger/ranger-plugins-audit/2.3.0/ranger-plugins-audit-2.3.0.jar:/home/runner/.m2/repository/org/eclipse/jetty/jetty-client/9.4.54.v20240208/jetty-client-9.4.54.v20240208.jar:/home/runner/.m2/repository/org/apache/httpcomponents/httpmime/4.5.6/httpmime-4.5.6.jar:/home/runner/.m2/repository/org/apache/httpcomponents/httpcore-nio/4.4.16/httpcore-nio-4.4.16.jar:/home/runner/.m2/repository/org/apache/httpcomponents/httpasyncclient/4.1.3/httpasyncclient-4.1.3.jar:/home/runner/.m2/repository/com/carrotsearch/hppc/0.8.0/hppc-0.8.0.jar:/home/runner/.m2/repository/org/apache/orc/orc-core/1.5.8/orc-core-1.5.8.jar:/home/runner/.m2/repository/net/java/dev/jna/jna/5.2.0/jna-5.2.0.jar:/home/runner/.m2/repository/net/java/dev/jna/jna-platform/5.2.0/jna-platform-5.2.0.jar:/home/runner/.m2/repository/com/kstruct/gethostname4j/0.0.2/gethostname4j-0.0.2.jar:/home/runner/.m2/repository/org/apache/ranger/ranger-plugin-classloader/2.3.0/ranger-plugin-classloader-2.3.0.jar:/home/runner/work/ozone/ozone/hadoop-hdds/rocks-native/target/classes:/home/runner/.m2/repository/org/apache/hadoop/hadoop-minikdc/3.3.6/hadoop-minikdc-3.3.6.jar:/home/runner/.m2/repository/org/apache/kerby/kerb-simplekdc/1.0.1/kerb-simplekdc-1.0.1.jar:/home/runner/.m2/repository/org/apache/kerby/kerb-client/1.0.1/kerb-client-1.0.1.jar:/home/runner/.m2/repository/org/apache/kerby/kerb-common/1.0.1/kerb-common-1.0.1.jar:/home/runner/.m2/repository/org/apache/kerby/token-provider/1.0.1/token-provider-1.0.1.jar:/home/runner/.m2/repository/org/apache/kerby/kerb-admin/1.0.1/kerb-admin-1.0.1.jar:/home/runner/.m2/repository/org/apache/kerby/kerb-server/1.0.1/kerb-server-1.0.1.jar:/home/runner/.m2/repository/org/apache/kerby/kerb-identity/1.0.1/kerb-identity-1.0.1.jar:/home/runner/.m2/repository/org/apache/kerby/kerby-xdr/1.0.1/kerby-xdr-1.0.1.jar:/home/runner/.m2/repository/junit/junit/4.13.2/junit-4.13.2.jar:/home/runner/.m2/repository/org/hamcrest/hamcrest-core/1.3/hamcrest-core-1.3.jar:/home/runner/work/ozone/ozone/hadoop-ozone/s3gateway/target/classes:/home/runner/.m2/repository/org/javassist/javassist/3.30.2-GA/javassist-3.30.2-GA.jar:/home/runner/.m2/repository/org/jboss/weld/servlet/weld-servlet-shaded/3.1.9.Final/weld-servlet-shaded-3.1.9.Final.jar:/home/runner/.m2/repository/org/glassfish/jersey/containers/jersey-container-servlet-core/2.43/jersey-container-servlet-core-2.43.jar:/home/runner/.m2/repository/org/glassfish/hk2/external/jakarta.inject/2.6.1/jakarta.inject-2.6.1.jar:/home/runner/.m2/repository/org/glassfish/jersey/core/jersey-common/2.43/jersey-common-2.43.jar:/home/runner/.m2/repository/jakarta/ws/rs/jakarta.ws.rs-api/2.1.6/jakarta.ws.rs-api-2.1.6.jar:/home/runner/.m2/repository/org/glassfish/jersey/ext/cdi/jersey-cdi1x/2.43/jersey-cdi1x-2.43.jar:/home/runner/.m2/repository/org/glassfish/jersey/inject/jersey-hk2/2.43/jersey-hk2-2.43.jar:/home/runner/.m2/repository/org/glassfish/hk2/hk2-locator/2.6.1/hk2-locator-2.6.1.jar:/home/runner/.m2/repository/org/glassfish/jersey/media/jersey-media-jaxb/2.43/jersey-media-jaxb-2.43.jar:/home/runner/.m2/repository/org/glassfish/hk2/osgi-resource-locator/1.0.3/osgi-resource-locator-1.0.3.jar:/home/runner/.m2/repository/org/glassfish/hk2/hk2-api/2.6.1/hk2-api-2.6.1.jar:/home/runner/.m2/repository/org/glassfish/hk2/hk2-utils/2.6.1/hk2-utils-2.6.1.jar:/home/runner/.m2/repository/org/glassfish/hk2/external/aopalliance-repackaged/2.6.1/aopalliance-repackaged-2.6.1.jar:/home/runner/.m2/repository/com/fasterxml/jackson/dataformat/jackson-dataformat-xml/2.16.2/jackson-dataformat-xml-2.16.2.jar:/home/runner/.m2/repository/org/codehaus/woodstox/stax2-api/4.2.2/stax2-api-4.2.2.jar:/home/runner/.m2/repository/com/fasterxml/woodstox/woodstox-core/5.4.0/woodstox-core-5.4.0.jar:/home/runner/.m2/repository/com/fasterxml/jackson/module/jackson-module-jaxb-annotations/2.16.2/jackson-module-jaxb-annotations-2.16.2.jar:/home/runner/.m2/repository/javax/enterprise/cdi-api/2.0/cdi-api-2.0.jar:/home/runner/.m2/repository/javax/el/javax.el-api/3.0.0/javax.el-api-3.0.0.jar:/home/runner/.m2/repository/javax/interceptor/javax.interceptor-api/1.2/javax.interceptor-api-1.2.jar:/home/runner/.m2/repository/javax/inject/javax.inject/1/javax.inject-1.jar:/home/runner/.m2/repository/jakarta/xml/bind/jakarta.xml.bind-api/2.3.3/jakarta.xml.bind-api-2.3.3.jar:/home/runner/.m2/repository/org/glassfish/jaxb/jaxb-runtime/2.3.9/jaxb-runtime-2.3.9.jar:/home/runner/.m2/repository/org/glassfish/jaxb/txw2/2.3.9/txw2-2.3.9.jar:/home/runner/.m2/repository/com/sun/istack/istack-commons-runtime/3.0.12/istack-commons-runtime-3.0.12.jar:/home/runner/.m2/repository/com/sun/activation/jakarta.activation/1.2.2/jakarta.activation-1.2.2.jar:/home/runner/.m2/repository/jakarta/activation/jakarta.activation-api/1.2.2/jakarta.activation-api-1.2.2.jar:/home/runner/.m2/repository/io/grpc/grpc-protobuf/1.58.0/grpc-protobuf-1.58.0.jar:/home/runner/.m2/repository/com/google/api/grpc/proto-google-common-protos/2.22.0/proto-google-common-protos-2.22.0.jar:/home/runner/.m2/repository/io/grpc/grpc-protobuf-lite/1.58.0/grpc-protobuf-lite-1.58.0.jar:/home/runner/.m2/repository/io/grpc/grpc-stub/1.58.0/grpc-stub-1.58.0.jar:/home/runner/.m2/repository/io/netty/netty-transport/4.1.109.Final/netty-transport-4.1.109.Final.jar:/home/runner/.m2/repository/io/netty/netty-resolver/4.1.109.Final/netty-resolver-4.1.109.Final.jar:/home/runner/work/ozone/ozone/hadoop-ozone/csi/target/classes:/home/runner/.m2/repository/com/google/protobuf/protobuf-java-util/3.19.6/protobuf-java-util-3.19.6.jar:/home/runner/.m2/repository/com/google/code/gson/gson/2.10.1/gson-2.10.1.jar:/home/runner/work/ozone/ozone/hadoop-hdds/config/target/classes:/home/runner/.m2/repository/io/netty/netty-transport-native-epoll/4.1.109.Final/netty-transport-native-epoll-4.1.109.Final-linux-x86_64.jar:/home/runner/.m2/repository/io/netty/netty-transport-classes-epoll/4.1.109.Final/netty-transport-classes-epoll-4.1.109.Final.jar:/home/runner/.m2/repository/io/netty/netty-transport-native-unix-common/4.1.109.Final/netty-transport-native-unix-common-4.1.109.Final.jar:/home/runner/work/ozone/ozone/hadoop-ozone/recon/target/classes:/home/runner/work/ozone/ozone/hadoop-ozone/recon-codegen/target/classes:/home/runner/.m2/repository/com/google/inject/guice/6.0.0/guice-6.0.0.jar:/home/runner/.m2/repository/jakarta/inject/jakarta.inject-api/2.0.1/jakarta.inject-api-2.0.1.jar:/home/runner/.m2/repository/aopalliance/aopalliance/1.0/aopalliance-1.0.jar:/home/runner/.m2/repository/com/google/inject/extensions/guice-assistedinject/6.0.0/guice-assistedinject-6.0.0.jar:/home/runner/.m2/repository/com/google/inject/extensions/guice-servlet/6.0.0/guice-servlet-6.0.0.jar:/home/runner/.m2/repository/org/glassfish/jersey/containers/jersey-container-servlet/2.43/jersey-container-servlet-2.43.jar:/home/runner/.m2/repository/org/glassfish/hk2/guice-bridge/2.6.1/guice-bridge-2.6.1.jar:/home/runner/.m2/repository/org/glassfish/jersey/core/jersey-server/2.43/jersey-server-2.43.jar:/home/runner/.m2/repository/org/glassfish/jersey/core/jersey-client/2.43/jersey-client-2.43.jar:/home/runner/.m2/repository/jakarta/validation/jakarta.validation-api/2.0.2/jakarta.validation-api-2.0.2.jar:/home/runner/.m2/repository/org/glassfish/jersey/media/jersey-media-json-jackson/2.43/jersey-media-json-jackson-2.43.jar:/home/runner/.m2/repository/org/glassfish/jersey/ext/jersey-entity-filtering/2.43/jersey-entity-filtering-2.43.jar:/home/runner/.m2/repository/org/jooq/jooq/3.11.10/jooq-3.11.10.jar:/home/runner/.m2/repository/org/jooq/jooq-meta/3.11.10/jooq-meta-3.11.10.jar:/home/runner/.m2/repository/org/jooq/jooq-codegen/3.11.10/jooq-codegen-3.11.10.jar:/home/runner/.m2/repository/com/jolbox/bonecp/0.8.0.RELEASE/bonecp-0.8.0.RELEASE.jar:/home/runner/.m2/repository/org/apache/derby/derby/10.14.2.0/derby-10.14.2.0.jar:/home/runner/.m2/repository/org/xerial/sqlite-jdbc/3.44.1.0/sqlite-jdbc-3.44.1.0.jar:/home/runner/.m2/repository/org/springframework/spring-jdbc/5.3.34/spring-jdbc-5.3.34.jar:/home/runner/.m2/repository/org/springframework/spring-beans/5.3.34/spring-beans-5.3.34.jar:/home/runner/.m2/repository/org/springframework/spring-core/5.3.34/spring-core-5.3.34.jar:/home/runner/.m2/repository/org/springframework/spring-tx/5.3.34/spring-tx-5.3.34.jar:/home/runner/work/ozone/ozone/hadoop-ozone/client/target/classes:/home/runner/work/ozone/ozone/hadoop-hdds/erasurecode/target/classes:/home/runner/work/ozone/ozone/hadoop-ozone/ozonefs/target/classes:/home/runner/work/ozone/ozone/hadoop-ozone/ozonefs-common/target/classes:/home/runner/work/ozone/ozone/hadoop-ozone/tools/target/classes:/home/runner/.m2/repository/com/amazonaws/aws-java-sdk-core/1.12.661/aws-java-sdk-core-1.12.661.jar:/home/runner/.m2/repository/org/apache/httpcomponents/httpclient/4.5.14/httpclient-4.5.14.jar:/home/runner/.m2/repository/org/apache/httpcomponents/httpcore/4.4.16/httpcore-4.4.16.jar:/home/runner/.m2/repository/com/fasterxml/jackson/dataformat/jackson-dataformat-cbor/2.16.2/jackson-dataformat-cbor-2.16.2.jar:/home/runner/.m2/repository/joda-time/joda-time/2.12.7/joda-time-2.12.7.jar:/home/runner/.m2/repository/com/amazonaws/aws-java-sdk-s3/1.12.661/aws-java-sdk-s3-1.12.661.jar:/home/runner/.m2/repository/com/amazonaws/aws-java-sdk-kms/1.12.661/aws-java-sdk-kms-1.12.661.jar:/home/runner/.m2/repository/com/amazonaws/jmespath-java/1.12.661/jmespath-java-1.12.661.jar:/home/runner/.m2/repository/org/kohsuke/metainf-services/metainf-services/1.11/metainf-services-1.11.jar:/home/runner/work/ozone/ozone/hadoop-hdds/tools/target/classes:/home/runner/.m2/repository/org/apache/ratis/ratis-tools/3.0.1/ratis-tools-3.0.1.jar:/home/runner/.m2/repository/commons-cli/commons-cli/1.8.0/commons-cli-1.8.0.jar:/home/runner/.m2/repository/org/apache/commons/commons-lang3/3.14.0/commons-lang3-3.14.0.jar:/home/runner/work/ozone/ozone/hadoop-ozone/ozone-manager/target/test-classes:/home/runner/work/ozone/ozone/hadoop-hdds/common/target/test-classes:/home/runner/work/ozone/ozone/hadoop-hdds/hadoop-dependency-client/target/classes:/home/runner/.m2/repository/info/picocli/picocli/4.7.6/picocli-4.7.6.jar:/home/runner/.m2/repository/com/fasterxml/jackson/core/jackson-annotations/2.16.2/jackson-annotations-2.16.2.jar:/home/runner/work/ozone/ozone/hadoop-hdds/annotations/target/classes:/home/runner/.m2/repository/javax/annotation/javax.annotation-api/1.3.2/javax.annotation-api-1.3.2.jar:/home/runner/.m2/repository/org/apache/ratis/ratis-server-api/3.0.1/ratis-server-api-3.0.1.jar:/home/runner/.m2/repository/org/apache/ratis/ratis-netty/3.0.1/ratis-netty-3.0.1.jar:/home/runner/.m2/repository/org/apache/ratis/ratis-grpc/3.0.1/ratis-grpc-3.0.1.jar:/home/runner/.m2/repository/org/bouncycastle/bcpkix-jdk18on/1.78.1/bcpkix-jdk18on-1.78.1.jar:/home/runner/.m2/repository/org/bouncycastle/bcutil-jdk18on/1.78.1/bcutil-jdk18on-1.78.1.jar:/home/runner/.m2/repository/commons-validator/commons-validator/1.6/commons-validator-1.6.jar:/home/runner/.m2/repository/commons-beanutils/commons-beanutils/1.9.4/commons-beanutils-1.9.4.jar:/home/runner/.m2/repository/commons-digester/commons-digester/1.8.1/commons-digester-1.8.1.jar:/home/runner/.m2/repository/commons-collections/commons-collections/3.2.2/commons-collections-3.2.2.jar:/home/runner/.m2/repository/io/jaegertracing/jaeger-client/1.8.1/jaeger-client-1.8.1.jar:/home/runner/.m2/repository/io/jaegertracing/jaeger-thrift/1.8.1/jaeger-thrift-1.8.1.jar:/home/runner/.m2/repository/org/apache/thrift/libthrift/0.15.0/libthrift-0.15.0.jar:/home/runner/.m2/repository/io/jaegertracing/jaeger-core/1.8.1/jaeger-core-1.8.1.jar:/home/runner/.m2/repository/io/jaegertracing/jaeger-tracerresolver/1.8.1/jaeger-tracerresolver-1.8.1.jar:/home/runner/.m2/repository/io/opentracing/contrib/opentracing-tracerresolver/0.1.8/opentracing-tracerresolver-0.1.8.jar:/home/runner/.m2/repository/org/jetbrains/kotlin/kotlin-stdlib/1.9.24/kotlin-stdlib-1.9.24.jar:/home/runner/.m2/repository/org/jetbrains/annotations/13.0/annotations-13.0.jar:/home/runner/.m2/repository/io/opentracing/opentracing-util/0.33.0/opentracing-util-0.33.0.jar:/home/runner/.m2/repository/io/opentracing/opentracing-api/0.33.0/opentracing-api-0.33.0.jar:/home/runner/.m2/repository/io/opentracing/opentracing-noop/0.33.0/opentracing-noop-0.33.0.jar:/home/runner/.m2/repository/org/yaml/snakeyaml/2.0/snakeyaml-2.0.jar:/home/runner/.m2/repository/io/grpc/grpc-api/1.58.0/grpc-api-1.58.0.jar:/home/runner/.m2/repository/org/junit/platform/junit-platform-launcher/1.10.2/junit-platform-launcher-1.10.2.jar:/home/runner/.m2/repository/org/junit/platform/junit-platform-engine/1.10.2/junit-platform-engine-1.10.2.jar:/home/runner/.m2/repository/org/apiguardian/apiguardian-api/1.1.2/apiguardian-api-1.1.2.jar:/home/runner/.m2/repository/org/apache/hadoop/hadoop-kms/3.3.6/hadoop-kms-3.3.6.jar:/home/runner/.m2/repository/org/apache/hadoop/hadoop-auth/3.3.6/hadoop-auth-3.3.6.jar:/home/runner/.m2/repository/org/apache/zookeeper/zookeeper/3.8.4/zookeeper-3.8.4.jar:/home/runner/.m2/repository/org/apache/zookeeper/zookeeper-jute/3.8.4/zookeeper-jute-3.8.4.jar:/home/runner/.m2/repository/org/apache/yetus/audience-annotations/0.12.0/audience-annotations-0.12.0.jar:/home/runner/.m2/repository/org/apache/curator/curator-framework/4.2.0/curator-framework-4.2.0.jar:/home/runner/.m2/repository/org/apache/hadoop/thirdparty/hadoop-shaded-guava/1.2.0/hadoop-shaded-guava-1.2.0.jar:/home/runner/.m2/repository/com/sun/jersey/jersey-core/1.19.4/jersey-core-1.19.4.jar:/home/runner/.m2/repository/javax/ws/rs/jsr311-api/1.1.1/jsr311-api-1.1.1.jar:/home/runner/.m2/repository/com/sun/jersey/jersey-server/1.19.4/jersey-server-1.19.4.jar:/home/runner/.m2/repository/javax/servlet/javax.servlet-api/3.1.0/javax.servlet-api-3.1.0.jar:/home/runner/.m2/repository/org/apache/hadoop/hadoop-common/3.3.6/hadoop-common-3.3.6.jar:/home/runner/.m2/repository/org/apache/commons/commons-math3/3.6.1/commons-math3-3.6.1.jar:/home/runner/.m2/repository/commons-net/commons-net/3.10.0/commons-net-3.10.0.jar:/home/runner/.m2/repository/com/sun/jersey/jersey-servlet/1.19.4/jersey-servlet-1.19.4.jar:/home/runner/.m2/repository/com/github/pjfanning/jersey-json/1.20/jersey-json-1.20.jar:/home/runner/.m2/repository/org/codehaus/jettison/jettison/1.1/jettison-1.1.jar:/home/runner/.m2/repository/com/sun/xml/bind/jaxb-impl/2.2.3-1/jaxb-impl-2.2.3-1.jar:/home/runner/.m2/repository/com/google/re2j/re2j/1.7/re2j-1.7.jar:/home/runner/.m2/repository/com/jcraft/jsch/0.1.55/jsch-0.1.55.jar:/home/runner/.m2/repository/org/apache/curator/curator-client/4.2.0/curator-client-4.2.0.jar:/home/runner/.m2/repository/org/apache/curator/curator-recipes/5.2.0/curator-recipes-5.2.0.jar:/home/runner/.m2/repository/com/google/code/findbugs/jsr305/3.0.2/jsr305-3.0.2.jar:/home/runner/.m2/repository/dnsjava/dnsjava/2.1.9/dnsjava-2.1.9.jar:/home/runner/.m2/repository/com/fasterxml/jackson/core/jackson-databind/2.16.2/jackson-databind-2.16.2.jar:/home/runner/.m2/repository/org/apache/hadoop/hadoop-kms/3.3.6/hadoop-kms-3.3.6-tests.jar:/home/runner/work/ozone/ozone/hadoop-hdds/server-scm/target/test-classes:/home/runner/work/ozone/ozone/hadoop-hdds/container-service/target/test-classes:/home/runner/.m2/repository/com/github/luben/zstd-jni/1.5.6-3/zstd-jni-1.5.6-3.jar:/home/runner/.m2/repository/commons-codec/commons-codec/1.17.0/commons-codec-1.17.0.jar:/home/runner/.m2/repository/io/netty/netty-codec/4.1.109.Final/netty-codec-4.1.109.Final.jar:/home/runner/.m2/repository/io/netty/netty-handler/4.1.109.Final/netty-handler-4.1.109.Final.jar:/home/runner/work/ozone/ozone/hadoop-hdds/hadoop-dependency-test/target/classes:/home/runner/.m2/repository/org/apache/hadoop/hadoop-common/3.3.6/hadoop-common-3.3.6-tests.jar:/home/runner/.m2/repository/org/apache/hadoop/hadoop-hdfs/3.3.6/hadoop-hdfs-3.3.6-tests.jar:/home/runner/.m2/repository/org/junit/jupiter/junit-jupiter-engine/5.10.2/junit-jupiter-engine-5.10.2.jar:/home/runner/.m2/repository/org/junit/jupiter/junit-jupiter-params/5.10.2/junit-jupiter-params-5.10.2.jar:/home/runner/.m2/repository/org/mockito/mockito-core/4.11.0/mockito-core-4.11.0.jar:/home/runner/.m2/repository/net/bytebuddy/byte-buddy-agent/1.12.19/byte-buddy-agent-1.12.19.jar:/home/runner/.m2/repository/org/objenesis/objenesis/3.3/objenesis-3.3.jar:/home/runner/.m2/repository/org/mockito/mockito-inline/4.11.0/mockito-inline-4.11.0.jar:/home/runner/.m2/repository/org/mockito/mockito-junit-jupiter/4.11.0/mockito-junit-jupiter-4.11.0.jar:/home/runner/.m2/repository/org/apache/hadoop/hadoop-distcp/3.3.6/hadoop-distcp-3.3.6.jar:/home/runner/.m2/repository/org/apache/hadoop/hadoop-mapreduce-client-jobclient/3.3.6/hadoop-mapreduce-client-jobclient-3.3.6.jar:/home/runner/.m2/repository/org/apache/hadoop/hadoop-mapreduce-client-common/3.3.6/hadoop-mapreduce-client-common-3.3.6.jar:/home/runner/.m2/repository/org/apache/hadoop/hadoop-yarn-common/3.3.6/hadoop-yarn-common-3.3.6.jar:/home/runner/.m2/repository/org/apache/hadoop/hadoop-yarn-api/3.3.6/hadoop-yarn-api-3.3.6.jar:/home/runner/.m2/repository/javax/xml/bind/jaxb-api/2.2.11/jaxb-api-2.2.11.jar:/home/runner/.m2/repository/com/sun/jersey/contribs/jersey-guice/1.19.4/jersey-guice-1.19.4.jar:/home/runner/.m2/repository/com/fasterxml/jackson/jaxrs/jackson-jaxrs-json-provider/2.16.2/jackson-jaxrs-json-provider-2.16.2.jar:/home/runner/.m2/repository/com/fasterxml/jackson/jaxrs/jackson-jaxrs-base/2.16.2/jackson-jaxrs-base-2.16.2.jar:/home/runner/.m2/repository/org/apache/hadoop/hadoop-yarn-client/3.3.6/hadoop-yarn-client-3.3.6.jar:/home/runner/.m2/repository/org/eclipse/jetty/websocket/websocket-client/9.4.51.v20230217/websocket-client-9.4.51.v20230217.jar:/home/runner/.m2/repository/org/eclipse/jetty/websocket/websocket-common/9.4.51.v20230217/websocket-common-9.4.51.v20230217.jar:/home/runner/.m2/repository/org/eclipse/jetty/websocket/websocket-api/9.4.51.v20230217/websocket-api-9.4.51.v20230217.jar:/home/runner/.m2/repository/org/jline/jline/3.9.0/jline-3.9.0.jar:/home/runner/.m2/repository/org/apache/hadoop/hadoop-mapreduce-client-core/3.3.6/hadoop-mapreduce-client-core-3.3.6.jar:/home/runner/.m2/repository/org/apache/avro/avro/1.7.7/avro-1.7.7.jar:/home/runner/.m2/repository/com/thoughtworks/paranamer/paranamer/2.3/paranamer-2.3.jar:/home/runner/.m2/repository/org/apache/hadoop/hadoop-annotations/3.3.6/hadoop-annotations-3.3.6.jar:/home/runner/.m2/repository/io/netty/netty/3.10.6.Final/netty-3.10.6.Final.jar:/home/runner/.m2/repository/org/apache/hadoop/hadoop-distcp/3.3.6/hadoop-distcp-3.3.6-tests.jar:/home/runner/.m2/repository/org/hamcrest/hamcrest/2.2/hamcrest-2.2.jar:/home/runner/.m2/repository/org/slf4j/jul-to-slf4j/2.0.13/jul-to-slf4j-2.0.13.jar:/home/runner/work/ozone/ozone/hadoop-ozone/integration-test/target/gradle-enterprise/test-listeners.jar:"/>
    <property name="sun.cpu.endian" value="little"/>
    <property name="user.home" value="/home/runner"/>
    <property name="user.language" value="en"/>
    <property name="java.specification.vendor" value="Oracle Corporation"/>
    <property name="java.version.date" value="2024-04-16"/>
    <property name="java.home" value="/usr/lib/jvm/temurin-17-jdk-amd64"/>
    <property name="java.security.krb5.conf" value="/home/runner/work/ozone/ozone/hadoop-ozone/integration-test/target/test-classes/krb5.conf"/>
    <property name="file.separator" value="/"/>
    <property name="basedir" value="/home/runner/work/ozone/ozone/hadoop-ozone/integration-test"/>
    <property name="java.vm.compressedOopsMode" value="Zero based"/>
    <property name="line.separator" value="&#10;"/>
    <property name="java.vm.specification.vendor" value="Oracle Corporation"/>
    <property name="java.specification.name" value="Java Platform API Specification"/>
    <property name="skip.installnpx" value="true"/>
    <property name="surefire.real.class.path" value="/home/runner/work/ozone/ozone/hadoop-ozone/integration-test/target/surefire/surefirebooter1520319919025048666.jar"/>
    <property name="hadoop.log.dir" value="/home/runner/work/ozone/ozone/hadoop-ozone/integration-test/target/log"/>
    <property name="sun.management.compiler" value="HotSpot 64-Bit Tiered Compilers"/>
    <property name="java.runtime.version" value="17.0.11+9"/>
    <property name="skip.npx" value="true"/>
    <property name="user.name" value="runner"/>
    <property name="java.net.preferIPv4Stack" value="true"/>
    <property name="path.separator" value=":"/>
    <property name="java.security.egd" value="file:///dev/urandom"/>
    <property name="os.version" value="5.15.0-1064-azure"/>
    <property name="java.runtime.name" value="OpenJDK Runtime Environment"/>
    <property name="com.gradle.maven.scan.extension.test.listener.junitplatform.NestedExecutionSafeDelegatingTestExecutionListener" value="4c39bec8"/>
    <property name="file.encoding" value="UTF-8"/>
    <property name="java.vm.name" value="OpenJDK 64-Bit Server VM"/>
    <property name="java.vendor.version" value="Temurin-17.0.11+9"/>
    <property name="test.build.webapps" value=""/>
    <property name="develocity.listener.surefire.forkId" value="1"/>
    <property name="localRepository" value="/home/runner/.m2/repository"/>
    <property name="java.vendor.url.bug" value="https://github.com/adoptium/adoptium-support/issues"/>
    <property name="jetty.git.hash" value="cef3fbd6d736a21e7d541a5db490381d95a2047d"/>
    <property name="java.io.tmpdir" value="/tmp"/>
    <property name="require.test.libhadoop" value=""/>
    <property name="java.version" value="17.0.11"/>
    <property name="user.dir" value="/home/runner/work/ozone/ozone/hadoop-ozone/integration-test"/>
    <property name="os.arch" value="amd64"/>
    <property name="java.vm.specification.name" value="Java Virtual Machine Specification"/>
    <property name="test.build.classes" value="/home/runner/work/ozone/ozone/hadoop-ozone/integration-test/target/test-classes"/>
    <property name="org.apache.ratis.thirdparty.io.netty.allocator.useCacheForAllThreads" value="false"/>
    <property name="native.encoding" value="UTF-8"/>
    <property name="hadoop.tmp.dir" value="/home/runner/work/ozone/ozone/hadoop-ozone/integration-test/target/tmp"/>
    <property name="java.library.path" value="/usr/java/packages/lib:/usr/lib64:/lib64:/lib:/usr/lib"/>
    <property name="java.vm.info" value="mixed mode, sharing"/>
    <property name="java.vendor" value="Eclipse Adoptium"/>
    <property name="java.vm.version" value="17.0.11+9"/>
    <property name="sun.io.unicode.encoding" value="UnicodeLittle"/>
    <property name="develocity.listener.port" value="43223"/>
    <property name="java.class.version" value="61.0"/>
  </properties>
  <testcase name="testMultiBlockWritesWithIntermittentDnFailures" classname="org.apache.hadoop.ozone.client.rpc.TestMultiBlockWritesWithDnFailures" time="29.289"/>
  <testcase name="testMultiBlockWritesWithDnFailures" classname="org.apache.hadoop.ozone.client.rpc.TestMultiBlockWritesWithDnFailures" time="324.644">
    <error type="java.util.concurrent.TimeoutException"><![CDATA[java.util.concurrent.TimeoutException: testMultiBlockWritesWithDnFailures() timed out after 300 seconds
	at java.base/java.util.ArrayList.forEach(ArrayList.java:1511)
	at java.base/java.util.ArrayList.forEach(ArrayList.java:1511)
]]></error>
    <system-out><![CDATA[2024-06-12 07:36:43,024 [main] WARN  server.ServerUtils (ServerUtils.java:getScmDbDir(143)) - ozone.scm.db.dirs is not configured. We recommend adding this setting. Falling back to ozone.metadata.dirs instead.
2024-06-12 07:36:43,028 [main] WARN  server.ServerUtils (ServerUtils.java:getScmDbDir(143)) - ozone.scm.db.dirs is not configured. We recommend adding this setting. Falling back to ozone.metadata.dirs instead.
2024-06-12 07:36:43,028 [main] INFO  ha.SCMHANodeDetails (SCMHANodeDetails.java:loadSCMHAConfig(207)) - ServiceID for StorageContainerManager is null
2024-06-12 07:36:43,028 [main] INFO  ha.SCMHANodeDetails (SCMHANodeDetails.java:loadSCMHAConfig(212)) - ozone.scm.default.service.id is not defined, falling back to ozone.scm.service.ids to find serviceID for StorageContainerManager if it is HA enabled cluster
2024-06-12 07:36:43,029 [main] WARN  utils.HAUtils (HAUtils.java:getMetaDir(339)) - ozone.scm.db.dirs is not configured. We recommend adding this setting. Falling back to ozone.metadata.dirs instead.
2024-06-12 07:36:43,029 [main] WARN  db.DBStoreBuilder (DBStoreBuilder.java:applyDBDefinition(171)) - ozone.scm.db.dirs is not configured. We recommend adding this setting. Falling back to ozone.metadata.dirs instead.
2024-06-12 07:36:43,104 [main] INFO  net.NodeSchemaLoader (NodeSchemaLoader.java:loadSchemaFromFile(129)) - Loading schema from [file:/home/runner/work/ozone/ozone/hadoop-hdds/common/target/classes/network-topology-default.xml]
2024-06-12 07:36:43,104 [main] INFO  net.NodeSchemaLoader (NodeSchemaLoader.java:loadSchema(176)) - Loading network topology layer schema file
2024-06-12 07:36:43,107 [main] INFO  upgrade.AbstractLayoutVersionManager (AbstractLayoutVersionManager.java:init(83)) - Initializing Layout version manager with metadata layout = HADOOP_PRC_PORTS_IN_DATANODEDETAILS (version = 7), software layout = HADOOP_PRC_PORTS_IN_DATANODEDETAILS (version = 7)
2024-06-12 07:36:43,108 [main] INFO  ha.SequenceIdGenerator (SequenceIdGenerator.java:upgradeToSequenceId(369)) - upgrade localId to 113750153625600000
2024-06-12 07:36:43,109 [main] INFO  ha.SequenceIdGenerator (SequenceIdGenerator.java:upgradeToSequenceId(379)) - upgrade delTxnId to 0
2024-06-12 07:36:43,110 [main] INFO  ha.SequenceIdGenerator (SequenceIdGenerator.java:upgradeToSequenceId(396)) - upgrade containerId to 0
2024-06-12 07:36:43,110 [main] INFO  ha.SequenceIdGenerator (SequenceIdGenerator.java:upgradeToCertificateSequenceId(433)) - upgrade CertificateId to 2
2024-06-12 07:36:43,111 [main] INFO  ha.SequenceIdGenerator (SequenceIdGenerator.java:<init>(240)) - Init the HA SequenceIdGenerator.
2024-06-12 07:36:43,113 [main] INFO  node.SCMNodeManager (SCMNodeManager.java:<init>(177)) - Entering startup safe mode.
2024-06-12 07:36:43,116 [main] INFO  algorithms.ContainerPlacementPolicyFactory (ContainerPlacementPolicyFactory.java:getPolicyInternal(86)) - Create container placement policy of type org.apache.hadoop.hdds.scm.container.placement.algorithms.SCMContainerPlacementRackAware
2024-06-12 07:36:43,116 [main] INFO  algorithms.ContainerPlacementPolicyFactory (ContainerPlacementPolicyFactory.java:getPolicyInternal(86)) - Create container placement policy of type org.apache.hadoop.hdds.scm.container.placement.algorithms.SCMContainerPlacementRackScatter
2024-06-12 07:36:43,116 [main] INFO  pipeline.PipelineStateManagerImpl (PipelineStateManagerImpl.java:initialize(78)) - No pipeline exists in current db
2024-06-12 07:36:43,117 [main] INFO  algorithms.LeaderChoosePolicyFactory (LeaderChoosePolicyFactory.java:getPolicy(57)) - Create leader choose policy of type org.apache.hadoop.hdds.scm.pipeline.leader.choose.algorithms.MinLeaderCountChoosePolicy
2024-06-12 07:36:43,117 [main] INFO  algorithms.ContainerPlacementPolicyFactory (ContainerPlacementPolicyFactory.java:getPolicyInternal(86)) - Create container placement policy of type org.apache.hadoop.hdds.scm.container.placement.algorithms.SCMContainerPlacementRackScatter
2024-06-12 07:36:43,117 [main] INFO  ha.SCMServiceManager (SCMServiceManager.java:register(42)) - Registering service BackgroundPipelineCreator.
2024-06-12 07:36:43,118 [main] INFO  pipeline.BackgroundPipelineCreator (BackgroundPipelineCreator.java:start(127)) - Starting RatisPipelineUtilsThread.
2024-06-12 07:36:43,118 [main] INFO  BackgroundPipelineScrubber (BackgroundSCMService.java:start(65)) - Starting BackgroundPipelineScrubber Service.
2024-06-12 07:36:43,119 [main] INFO  ha.SCMServiceManager (SCMServiceManager.java:register(42)) - Registering service BackgroundPipelineScrubber.
2024-06-12 07:36:43,119 [main] INFO  ExpiredContainerReplicaOpScrubber (BackgroundSCMService.java:start(65)) - Starting ExpiredContainerReplicaOpScrubber Service.
2024-06-12 07:36:43,119 [main] INFO  ha.SCMServiceManager (SCMServiceManager.java:register(42)) - Registering service ExpiredContainerReplicaOpScrubber.
2024-06-12 07:36:43,120 [main] INFO  algorithms.PipelineChoosePolicyFactory (PipelineChoosePolicyFactory.java:createPipelineChoosePolicyFromClass(80)) - Create pipeline choose policy of type org.apache.hadoop.hdds.scm.pipeline.choose.algorithms.RandomPipelineChoosePolicy
2024-06-12 07:36:43,120 [main] INFO  algorithms.PipelineChoosePolicyFactory (PipelineChoosePolicyFactory.java:createPipelineChoosePolicyFromClass(80)) - Create pipeline choose policy of type org.apache.hadoop.hdds.scm.pipeline.choose.algorithms.RandomPipelineChoosePolicy
2024-06-12 07:36:43,121 [main] INFO  ha.SCMServiceManager (SCMServiceManager.java:register(42)) - Registering service SCMBlockDeletingService.
2024-06-12 07:36:43,121 [main] INFO  replication.ReplicationManager (ReplicationManager.java:start(296)) - Starting Replication Monitor Thread.
2024-06-12 07:36:43,125 [main] INFO  ha.SCMServiceManager (SCMServiceManager.java:register(42)) - Registering service ReplicationManager.
2024-06-12 07:36:43,126 [main] INFO  safemode.ContainerSafeModeRule (ContainerSafeModeRule.java:<init>(91)) - containers with one replica threshold count 0
2024-06-12 07:36:43,126 [main] INFO  safemode.HealthyPipelineSafeModeRule (HealthyPipelineSafeModeRule.java:initializeRule(176)) - Total pipeline count is 0, healthy pipeline threshold count is 1
2024-06-12 07:36:43,126 [main] INFO  safemode.OneReplicaPipelineSafeModeRule (OneReplicaPipelineSafeModeRule.java:initializeRule(193)) - Total pipeline count is 0, pipeline's with at least one datanode reported threshold count is 0
2024-06-12 07:36:43,127 [ReplicationMonitor] INFO  replication.ReplicationManager (ReplicationManager.java:processAll(373)) - Replication Manager is not ready to run until 3000ms after safemode exit
2024-06-12 07:36:43,127 [main] INFO  server.StorageContainerManager (StorageContainerManager.java:<init>(437)) - SCM start with adminUsers: [runner]
2024-06-12 07:36:43,127 [main] INFO  ipc.CallQueueManager (CallQueueManager.java:<init>(90)) - Using callQueue: class java.util.concurrent.LinkedBlockingQueue, queueCapacity: 10000, scheduler: class org.apache.hadoop.ipc.DefaultRpcScheduler, ipcBackoff: false.
2024-06-12 07:36:43,127 [main] INFO  ipc.Server (Server.java:<init>(1287)) - Listener at 0.0.0.0:15100
2024-06-12 07:36:43,128 [Socket Reader #1 for port 15100] INFO  ipc.Server (Server.java:run(1323)) - Starting Socket Reader #1 for port 15100
2024-06-12 07:36:43,129 [main] INFO  ipc.CallQueueManager (CallQueueManager.java:<init>(90)) - Using callQueue: class java.util.concurrent.LinkedBlockingQueue, queueCapacity: 10000, scheduler: class org.apache.hadoop.ipc.DefaultRpcScheduler, ipcBackoff: false.
2024-06-12 07:36:43,130 [main] INFO  ipc.Server (Server.java:<init>(1287)) - Listener at 0.0.0.0:15099
2024-06-12 07:36:43,133 [Socket Reader #1 for port 15099] INFO  ipc.Server (Server.java:run(1323)) - Starting Socket Reader #1 for port 15099
2024-06-12 07:36:43,134 [main] INFO  ipc.CallQueueManager (CallQueueManager.java:<init>(90)) - Using callQueue: class java.util.concurrent.LinkedBlockingQueue, queueCapacity: 10000, scheduler: class org.apache.hadoop.ipc.DefaultRpcScheduler, ipcBackoff: false.
2024-06-12 07:36:43,134 [main] INFO  ipc.Server (Server.java:<init>(1287)) - Listener at 0.0.0.0:15098
2024-06-12 07:36:43,135 [Socket Reader #1 for port 15098] INFO  ipc.Server (Server.java:run(1323)) - Starting Socket Reader #1 for port 15098
2024-06-12 07:36:43,139 [main] INFO  ha.SCMServiceManager (SCMServiceManager.java:register(42)) - Registering service ContainerBalancer.
2024-06-12 07:36:43,139 [main] INFO  ha.SCMContext (SCMContext.java:updateSafeModeStatus(225)) - Update SafeModeStatus from SafeModeStatus{safeModeStatus=true, preCheckPassed=false} to SafeModeStatus{safeModeStatus=true, preCheckPassed=false}.
2024-06-12 07:36:43,139 [main] INFO  server.StorageContainerManager (StorageContainerManager.java:start(1523)) - StorageContainerLocationProtocol RPC server is listening at /0.0.0.0:15098
2024-06-12 07:36:43,141 [main] WARN  impl.MetricsConfig (MetricsConfig.java:loadFirst(136)) - Cannot locate configuration: tried hadoop-metrics2-storagecontainermanager.properties,hadoop-metrics2.properties
2024-06-12 07:36:43,142 [main] INFO  impl.MetricsSystemImpl (MetricsSystemImpl.java:startTimer(378)) - Scheduled Metric snapshot period at 10 second(s).
2024-06-12 07:36:43,142 [main] INFO  impl.MetricsSystemImpl (MetricsSystemImpl.java:start(191)) - StorageContainerManager metrics system started
2024-06-12 07:36:43,148 [main] INFO  impl.MetricsSinkAdapter (MetricsSinkAdapter.java:start(204)) - Sink prometheus started
2024-06-12 07:36:43,148 [main] INFO  impl.MetricsSystemImpl (MetricsSystemImpl.java:registerSink(305)) - Registered sink prometheus
2024-06-12 07:36:43,167 [main] INFO  server.SCMClientProtocolServer (SCMClientProtocolServer.java:start(204)) - RPC server for Client  is listening at /0.0.0.0:15098
2024-06-12 07:36:43,167 [IPC Server Responder] INFO  ipc.Server (Server.java:run(1562)) - IPC Server Responder: starting
2024-06-12 07:36:43,168 [IPC Server listener on 15098] INFO  ipc.Server (Server.java:run(1402)) - IPC Server listener on 15098: starting
2024-06-12 07:36:43,183 [main] INFO  server.StorageContainerManager (StorageContainerManager.java:start(1536)) - ScmBlockLocationProtocol RPC server is listening at /0.0.0.0:15099
2024-06-12 07:36:43,183 [main] INFO  server.SCMBlockProtocolServer (SCMBlockProtocolServer.java:start(162)) - RPC server for Block Protocol is listening at /0.0.0.0:15099
2024-06-12 07:36:43,184 [IPC Server Responder] INFO  ipc.Server (Server.java:run(1562)) - IPC Server Responder: starting
2024-06-12 07:36:43,184 [IPC Server listener on 15099] INFO  ipc.Server (Server.java:run(1402)) - IPC Server listener on 15099: starting
2024-06-12 07:36:43,191 [main] INFO  server.SCMDatanodeProtocolServer (SCMDatanodeProtocolServer.java:start(194)) - ScmDatanodeProtocol RPC server for DataNodes is listening at /0.0.0.0:15100
2024-06-12 07:36:43,191 [IPC Server Responder] INFO  ipc.Server (Server.java:run(1562)) - IPC Server Responder: starting
2024-06-12 07:36:43,191 [IPC Server listener on 15100] INFO  ipc.Server (Server.java:run(1402)) - IPC Server listener on 15100: starting
2024-06-12 07:36:43,198 [JvmPauseMonitor12] INFO  util.JvmPauseMonitor (JvmPauseMonitor.java:run(146)) - JvmPauseMonitor-89df9e3a-6ee6-433c-a86d-699452d12cbe: Started
2024-06-12 07:36:43,199 [main] INFO  http.BaseHttpServer (BaseHttpServer.java:newHttpServer2BuilderForOzone(223)) - Starting Web-server for scm at: http://0.0.0.0:15101
2024-06-12 07:36:43,199 [main] INFO  http.BaseHttpServer (BaseHttpServer.java:<init>(110)) - Hadoop Security Enabled: false Ozone Security Enabled: false Ozone HTTP Security Enabled: false 
2024-06-12 07:36:43,201 [main] WARN  server.AuthenticationFilter (AuthenticationFilter.java:constructSecretProvider(240)) - Unable to initialize FileSignerSecretProvider, falling back to use random secrets. Reason: Could not read signature secret file: /home/runner/hadoop-http-auth-signature-secret
2024-06-12 07:36:43,203 [main] INFO  http.HttpRequestLog (HttpRequestLog.java:getRequestLog(86)) - Http request log for http.requests.scm is not defined
2024-06-12 07:36:43,204 [main] INFO  http.HttpServer2 (HttpServer2.java:addGlobalFilter(1036)) - Added global filter 'safety' (class=org.apache.hadoop.hdds.server.http.HttpServer2$QuotingInputFilter)
2024-06-12 07:36:43,204 [main] INFO  http.HttpServer2 (HttpServer2.java:addFilter(1012)) - Added filter static_user_filter (class=org.apache.hadoop.http.lib.StaticUserWebFilter$StaticUserFilter) to context scm
2024-06-12 07:36:43,205 [main] INFO  http.HttpServer2 (HttpServer2.java:addFilter(1020)) - Added filter static_user_filter (class=org.apache.hadoop.http.lib.StaticUserWebFilter$StaticUserFilter) to context logs
2024-06-12 07:36:43,205 [main] INFO  http.HttpServer2 (HttpServer2.java:addFilter(1020)) - Added filter static_user_filter (class=org.apache.hadoop.http.lib.StaticUserWebFilter$StaticUserFilter) to context static
2024-06-12 07:36:43,205 [main] INFO  http.BaseHttpServer (BaseHttpServer.java:<init>(189)) - HTTP server of scm uses base directory /home/runner/work/ozone/ozone/hadoop-ozone/integration-test/target/test-dir/MiniOzoneClusterImpl-63f03bc8-0399-4ce2-9c43-ca6ad8c463d8/ozone-meta/webserver
2024-06-12 07:36:43,205 [main] INFO  http.HttpServer2 (HttpServer2.java:bindListener(1236)) - Jetty bound to port 15101
2024-06-12 07:36:43,205 [main] INFO  server.Server (Server.java:doStart(375)) - jetty-9.4.54.v20240208; built: 2024-02-08T19:42:39.027Z; git: cef3fbd6d736a21e7d541a5db490381d95a2047d; jvm 17.0.11+9
2024-06-12 07:36:43,207 [main] INFO  server.session (DefaultSessionIdManager.java:doStart(334)) - DefaultSessionIdManager workerName=node0
2024-06-12 07:36:43,207 [main] INFO  server.session (DefaultSessionIdManager.java:doStart(339)) - No SessionScavenger set, using defaults
2024-06-12 07:36:43,207 [main] INFO  server.session (HouseKeeper.java:startScavenging(132)) - node0 Scavenging every 600000ms
2024-06-12 07:36:43,207 [main] INFO  handler.ContextHandler (ContextHandler.java:doStart(921)) - Started o.e.j.s.ServletContextHandler@5b8ee649{logs,/logs,file:///home/runner/work/ozone/ozone/hadoop-ozone/integration-test/target/log,AVAILABLE}
2024-06-12 07:36:43,208 [main] INFO  handler.ContextHandler (ContextHandler.java:doStart(921)) - Started o.e.j.s.ServletContextHandler@1d0305fb{static,/static,file:///home/runner/work/ozone/ozone/hadoop-ozone/integration-test/target/test-classes/webapps/static,AVAILABLE}
2024-06-12 07:36:43,217 [main] INFO  handler.ContextHandler (ContextHandler.java:doStart(921)) - Started o.e.j.w.WebAppContext@5fdd9b96{scm,/,file:///home/runner/work/ozone/ozone/hadoop-ozone/integration-test/target/test-classes/webapps/scm/,AVAILABLE}{file:/home/runner/work/ozone/ozone/hadoop-ozone/integration-test/target/test-classes/webapps/scm}
2024-06-12 07:36:43,217 [main] INFO  server.AbstractConnector (AbstractConnector.java:doStart(333)) - Started ServerConnector@52fe4ef2{HTTP/1.1, (http/1.1)}{0.0.0.0:15101}
2024-06-12 07:36:43,218 [main] INFO  server.Server (Server.java:doStart(415)) - Started @30425ms
2024-06-12 07:36:43,218 [main] WARN  impl.MetricsSystemImpl (MetricsSystemImpl.java:register(279)) - Sink prometheus already exists!
2024-06-12 07:36:43,221 [main] INFO  http.BaseHttpServer (BaseHttpServer.java:updateConnectorAddress(354)) - HTTP server of scm listening at http://0.0.0.0:15101
2024-06-12 07:36:43,222 [main] WARN  server.ServerUtils (ServerUtils.java:getDBPath(299)) - ozone.om.db.dirs is not configured. We recommend adding this setting. Falling back to ozone.metadata.dirs instead.
2024-06-12 07:36:43,224 [main] INFO  ha.OMHANodeDetails (OMHANodeDetails.java:loadOMHAConfig(115)) - ozone.om.internal.service.id is not defined, falling back to ozone.om.service.ids to find serviceID for OzoneManager if it is HA enabled cluster
2024-06-12 07:36:43,225 [main] INFO  ha.OMHANodeDetails (OMHANodeDetails.java:loadOMHAConfig(226)) - Configuration does not have ozone.om.address set. Falling back to the default OM address /127.0.0.1:15102
2024-06-12 07:36:43,225 [main] INFO  ha.OMHANodeDetails (OMHANodeDetails.java:getOMNodeDetailsForNonHA(254)) - OM Service ID is not set. Setting it to the default ID: omServiceIdDefault
2024-06-12 07:36:43,225 [main] INFO  ha.OMHANodeDetails (OMHANodeDetails.java:getOMNodeDetailsForNonHA(261)) - OM Node ID is not set. Setting it to the default ID: om1
2024-06-12 07:36:43,226 [main] WARN  server.ServerUtils (ServerUtils.java:getDBPath(299)) - ozone.om.db.dirs is not configured. We recommend adding this setting. Falling back to ozone.metadata.dirs instead.
2024-06-12 07:36:43,227 [main] INFO  upgrade.AbstractLayoutVersionManager (AbstractLayoutVersionManager.java:init(83)) - Initializing Layout version manager with metadata layout = QUOTA (version = 6), software layout = QUOTA (version = 6)
2024-06-12 07:36:43,267 [main] INFO  reflections.Reflections (Reflections.java:scan(219)) - Reflections took 39 ms to scan 2 urls, producing 188 keys and 545 values
2024-06-12 07:36:43,268 [main] INFO  upgrade.OMLayoutVersionManager (OMLayoutVersionManager.java:lambda$0(113)) - Skipping Upgrade Action QuotaRepairUpgradeAction since it has been finalized.
2024-06-12 07:36:43,268 [main] INFO  upgrade.OMLayoutVersionManager (OMLayoutVersionManager.java:lambda$0(113)) - Skipping Upgrade Action MockOmUpgradeAction since it has been finalized.
2024-06-12 07:36:43,268 [main] WARN  server.ServerUtils (ServerUtils.java:getDBPath(299)) - ozone.om.db.dirs is not configured. We recommend adding this setting. Falling back to ozone.metadata.dirs instead.
2024-06-12 07:36:43,269 [main] INFO  proxy.SCMBlockLocationFailoverProxyProvider (SCMBlockLocationFailoverProxyProvider.java:<init>(115)) - Created block location fail-over proxy with 1 nodes: [nodeId=scmNodeId,nodeAddress=/0.0.0.0:15099]
2024-06-12 07:36:43,274 [main] INFO  proxy.SCMBlockLocationFailoverProxyProvider (SCMBlockLocationFailoverProxyProvider.java:<init>(115)) - Created block location fail-over proxy with 1 nodes: [nodeId=scmNodeId,nodeAddress=/0.0.0.0:15099]
2024-06-12 07:36:43,294 [main] INFO  om.OzoneManager (OzoneManager.java:<init>(678)) - OM start with adminUsers: [runner]
2024-06-12 07:36:43,296 [main] WARN  server.ServerUtils (ServerUtils.java:getDBPath(299)) - ozone.om.db.dirs is not configured. We recommend adding this setting. Falling back to ozone.metadata.dirs instead.
2024-06-12 07:36:43,296 [main] INFO  helpers.OmKeyInfo (OmKeyInfo.java:getCodec(72)) - OmKeyInfo.getCodec ignorePipeline = true
2024-06-12 07:36:43,460 [main] INFO  om.OzoneManager (OzoneManager.java:instantiateServices(812)) - S3 Multi-Tenancy is disabled
2024-06-12 07:36:43,460 [main] INFO  om.OmSnapshotManager (OmSnapshotManager.java:<init>(179)) - Ozone filesystem snapshot feature is enabled.
2024-06-12 07:36:43,460 [main] WARN  server.ServerUtils (ServerUtils.java:getDBPath(299)) - ozone.om.snapshot.diff.db.dir is not configured. We recommend adding this setting. Falling back to ozone.metadata.dirs instead.
2024-06-12 07:36:43,480 [main] INFO  utils.NativeLibraryLoader (NativeLibraryLoader.java:loadLibrary(111)) - Loading Library: ozone_rocksdb_tools
2024-06-12 07:36:43,480 [main] ERROR snapshot.SnapshotDiffManager (SnapshotDiffManager.java:initNativeLibraryForEfficientDiff(287)) - Native Library for raw sst file reading loading failed.
org.apache.hadoop.hdds.utils.NativeLibraryNotLoadedException: Unable to load library ozone_rocksdb_tools from both java.library.path & resource file libozone_rocksdb_tools.so from jar.
	at org.apache.hadoop.hdds.utils.db.managed.ManagedRawSSTFileReader.loadLibrary(ManagedRawSSTFileReader.java:40)
	at org.apache.hadoop.ozone.om.snapshot.SnapshotDiffManager.initNativeLibraryForEfficientDiff(SnapshotDiffManager.java:285)
	at org.apache.hadoop.ozone.om.snapshot.SnapshotDiffManager.<init>(SnapshotDiffManager.java:259)
	at org.apache.hadoop.ozone.om.OmSnapshotManager.<init>(OmSnapshotManager.java:286)
	at org.apache.hadoop.ozone.om.OzoneManager.instantiateServices(OzoneManager.java:864)
	at org.apache.hadoop.ozone.om.OzoneManager.<init>(OzoneManager.java:688)
	at org.apache.hadoop.ozone.om.OzoneManager.createOm(OzoneManager.java:775)
	at org.apache.hadoop.ozone.MiniOzoneClusterImpl$Builder.createOM(MiniOzoneClusterImpl.java:689)
	at org.apache.hadoop.ozone.MiniOzoneClusterImpl$Builder.createAndStartSingleOM(MiniOzoneClusterImpl.java:673)
	at org.apache.hadoop.ozone.MiniOzoneClusterImpl$Builder.build(MiniOzoneClusterImpl.java:535)
	at org.apache.hadoop.ozone.client.rpc.TestMultiBlockWritesWithDnFailures.startCluster(TestMultiBlockWritesWithDnFailures.java:115)
	at org.apache.hadoop.ozone.client.rpc.TestMultiBlockWritesWithDnFailures.testMultiBlockWritesWithDnFailures(TestMultiBlockWritesWithDnFailures.java:140)
	at java.base/jdk.internal.reflect.NativeMethodAccessorImpl.invoke0(Native Method)
	at java.base/jdk.internal.reflect.NativeMethodAccessorImpl.invoke(NativeMethodAccessorImpl.java:77)
	at java.base/jdk.internal.reflect.DelegatingMethodAccessorImpl.invoke(DelegatingMethodAccessorImpl.java:43)
	at java.base/java.lang.reflect.Method.invoke(Method.java:568)
	at org.junit.platform.commons.util.ReflectionUtils.invokeMethod(ReflectionUtils.java:728)
	at org.junit.jupiter.engine.execution.MethodInvocation.proceed(MethodInvocation.java:60)
	at org.junit.jupiter.engine.execution.InvocationInterceptorChain$ValidatingInvocation.proceed(InvocationInterceptorChain.java:131)
	at org.junit.jupiter.engine.extension.SameThreadTimeoutInvocation.proceed(SameThreadTimeoutInvocation.java:45)
	at org.junit.jupiter.engine.extension.TimeoutExtension.intercept(TimeoutExtension.java:156)
	at org.junit.jupiter.engine.extension.TimeoutExtension.interceptTestableMethod(TimeoutExtension.java:147)
	at org.junit.jupiter.engine.extension.TimeoutExtension.interceptTestMethod(TimeoutExtension.java:86)
	at org.junit.jupiter.engine.execution.InterceptingExecutableInvoker$ReflectiveInterceptorCall.lambda$ofVoidMethod$0(InterceptingExecutableInvoker.java:103)
	at org.junit.jupiter.engine.execution.InterceptingExecutableInvoker.lambda$invoke$0(InterceptingExecutableInvoker.java:93)
	at org.junit.jupiter.engine.execution.InvocationInterceptorChain$InterceptedInvocation.proceed(InvocationInterceptorChain.java:106)
	at org.junit.jupiter.engine.execution.InvocationInterceptorChain.proceed(InvocationInterceptorChain.java:64)
	at org.junit.jupiter.engine.execution.InvocationInterceptorChain.chainAndInvoke(InvocationInterceptorChain.java:45)
	at org.junit.jupiter.engine.execution.InvocationInterceptorChain.invoke(InvocationInterceptorChain.java:37)
	at org.junit.jupiter.engine.execution.InterceptingExecutableInvoker.invoke(InterceptingExecutableInvoker.java:92)
	at org.junit.jupiter.engine.execution.InterceptingExecutableInvoker.invoke(InterceptingExecutableInvoker.java:86)
	at org.junit.jupiter.engine.descriptor.TestMethodTestDescriptor.lambda$invokeTestMethod$7(TestMethodTestDescriptor.java:218)
	at org.junit.platform.engine.support.hierarchical.ThrowableCollector.execute(ThrowableCollector.java:73)
	at org.junit.jupiter.engine.descriptor.TestMethodTestDescriptor.invokeTestMethod(TestMethodTestDescriptor.java:214)
	at org.junit.jupiter.engine.descriptor.TestMethodTestDescriptor.execute(TestMethodTestDescriptor.java:139)
	at org.junit.jupiter.engine.descriptor.TestMethodTestDescriptor.execute(TestMethodTestDescriptor.java:69)
	at org.junit.platform.engine.support.hierarchical.NodeTestTask.lambda$executeRecursively$6(NodeTestTask.java:151)
	at org.junit.platform.engine.support.hierarchical.ThrowableCollector.execute(ThrowableCollector.java:73)
	at org.junit.platform.engine.support.hierarchical.NodeTestTask.lambda$executeRecursively$8(NodeTestTask.java:141)
	at org.junit.platform.engine.support.hierarchical.Node.around(Node.java:137)
	at org.junit.platform.engine.support.hierarchical.NodeTestTask.lambda$executeRecursively$9(NodeTestTask.java:139)
	at org.junit.platform.engine.support.hierarchical.ThrowableCollector.execute(ThrowableCollector.java:73)
	at org.junit.platform.engine.support.hierarchical.NodeTestTask.executeRecursively(NodeTestTask.java:138)
	at org.junit.platform.engine.support.hierarchical.NodeTestTask.execute(NodeTestTask.java:95)
	at java.base/java.util.ArrayList.forEach(ArrayList.java:1511)
	at org.junit.platform.engine.support.hierarchical.SameThreadHierarchicalTestExecutorService.invokeAll(SameThreadHierarchicalTestExecutorService.java:41)
	at org.junit.platform.engine.support.hierarchical.NodeTestTask.lambda$executeRecursively$6(NodeTestTask.java:155)
	at org.junit.platform.engine.support.hierarchical.ThrowableCollector.execute(ThrowableCollector.java:73)
	at org.junit.platform.engine.support.hierarchical.NodeTestTask.lambda$executeRecursively$8(NodeTestTask.java:141)
	at org.junit.platform.engine.support.hierarchical.Node.around(Node.java:137)
	at org.junit.platform.engine.support.hierarchical.NodeTestTask.lambda$executeRecursively$9(NodeTestTask.java:139)
	at org.junit.platform.engine.support.hierarchical.ThrowableCollector.execute(ThrowableCollector.java:73)
	at org.junit.platform.engine.support.hierarchical.NodeTestTask.executeRecursively(NodeTestTask.java:138)
	at org.junit.platform.engine.support.hierarchical.NodeTestTask.execute(NodeTestTask.java:95)
	at java.base/java.util.ArrayList.forEach(ArrayList.java:1511)
	at org.junit.platform.engine.support.hierarchical.SameThreadHierarchicalTestExecutorService.invokeAll(SameThreadHierarchicalTestExecutorService.java:41)
	at org.junit.platform.engine.support.hierarchical.NodeTestTask.lambda$executeRecursively$6(NodeTestTask.java:155)
	at org.junit.platform.engine.support.hierarchical.ThrowableCollector.execute(ThrowableCollector.java:73)
	at org.junit.platform.engine.support.hierarchical.NodeTestTask.lambda$executeRecursively$8(NodeTestTask.java:141)
	at org.junit.platform.engine.support.hierarchical.Node.around(Node.java:137)
	at org.junit.platform.engine.support.hierarchical.NodeTestTask.lambda$executeRecursively$9(NodeTestTask.java:139)
	at org.junit.platform.engine.support.hierarchical.ThrowableCollector.execute(ThrowableCollector.java:73)
	at org.junit.platform.engine.support.hierarchical.NodeTestTask.executeRecursively(NodeTestTask.java:138)
	at org.junit.platform.engine.support.hierarchical.NodeTestTask.execute(NodeTestTask.java:95)
	at org.junit.platform.engine.support.hierarchical.SameThreadHierarchicalTestExecutorService.submit(SameThreadHierarchicalTestExecutorService.java:35)
	at org.junit.platform.engine.support.hierarchical.HierarchicalTestExecutor.execute(HierarchicalTestExecutor.java:57)
	at org.junit.platform.engine.support.hierarchical.HierarchicalTestEngine.execute(HierarchicalTestEngine.java:54)
	at org.junit.platform.launcher.core.EngineExecutionOrchestrator.execute(EngineExecutionOrchestrator.java:198)
	at org.junit.platform.launcher.core.EngineExecutionOrchestrator.execute(EngineExecutionOrchestrator.java:169)
	at org.junit.platform.launcher.core.EngineExecutionOrchestrator.execute(EngineExecutionOrchestrator.java:93)
	at org.junit.platform.launcher.core.EngineExecutionOrchestrator.lambda$execute$0(EngineExecutionOrchestrator.java:58)
	at org.junit.platform.launcher.core.EngineExecutionOrchestrator.withInterceptedStreams(EngineExecutionOrchestrator.java:141)
	at org.junit.platform.launcher.core.EngineExecutionOrchestrator.execute(EngineExecutionOrchestrator.java:57)
	at org.junit.platform.launcher.core.DefaultLauncher.execute(DefaultLauncher.java:103)
	at org.junit.platform.launcher.core.DefaultLauncher.execute(DefaultLauncher.java:85)
	at org.junit.platform.launcher.core.DelegatingLauncher.execute(DelegatingLauncher.java:47)
	at org.junit.platform.launcher.core.SessionPerRequestLauncher.execute(SessionPerRequestLauncher.java:63)
	at org.apache.maven.surefire.junitplatform.JUnitPlatformProvider.invokeAllTests(JUnitPlatformProvider.java:154)
	at org.apache.maven.surefire.junitplatform.JUnitPlatformProvider.invoke(JUnitPlatformProvider.java:123)
	at org.apache.maven.surefire.booter.ForkedBooter.runSuitesInProcess(ForkedBooter.java:377)
	at org.apache.maven.surefire.booter.ForkedBooter.execute(ForkedBooter.java:138)
	at org.apache.maven.surefire.booter.ForkedBooter.run(ForkedBooter.java:465)
	at org.apache.maven.surefire.booter.ForkedBooter.main(ForkedBooter.java:451)
2024-06-12 07:36:43,483 [main] INFO  om.OzoneManager (OzoneManager.java:addS3GVolumeToDB(4463)) - Created Volume s3v With Owner runner required for S3Gateway operations.
2024-06-12 07:36:43,483 [main] WARN  server.ServerUtils (ServerUtils.java:getDefaultRatisDirectory(311)) - Storage directory for Ratis is not configured. It is a good idea to map this to an SSD disk. Falling back to ozone.metadata.dirs
2024-06-12 07:36:43,483 [main] WARN  utils.OzoneManagerRatisUtils (OzoneManagerRatisUtils.java:getOMRatisSnapshotDirectory(476)) - ozone.om.ratis.snapshot.dir is not configured. Falling back to ozone.metadata.dirs config
2024-06-12 07:36:43,484 [main] WARN  server.ServerUtils (ServerUtils.java:getDefaultRatisDirectory(311)) - Storage directory for Ratis is not configured. It is a good idea to map this to an SSD disk. Falling back to ozone.metadata.dirs
2024-06-12 07:36:43,485 [main] INFO  ratis.OzoneManagerRatisServer (OzoneManagerRatisServer.java:<init>(168)) - Instantiating OM Ratis server with groupID: omServiceIdDefault and peers: localhost:15105
2024-06-12 07:36:43,485 [main] INFO  ratis.OzoneManagerStateMachine (OzoneManagerStateMachine.java:loadSnapshotInfoFromDB(589)) - TransactionInfo not found in OM DB.
2024-06-12 07:36:43,485 [main] INFO  server.RaftServer (ConfUtils.java:logGet(46)) - raft.rpc.type = GRPC (default)
2024-06-12 07:36:43,486 [main] INFO  grpc.GrpcConfigKeys (ConfUtils.java:logFallback(53)) - raft.grpc.admin.host = null (fallback to raft.grpc.server.host)
2024-06-12 07:36:43,486 [main] INFO  grpc.GrpcConfigKeys (ConfUtils.java:logFallback(53)) - raft.grpc.admin.port = 15105 (fallback to raft.grpc.server.port)
2024-06-12 07:36:43,486 [main] INFO  grpc.GrpcConfigKeys (ConfUtils.java:logFallback(53)) - raft.grpc.client.host = null (fallback to raft.grpc.server.host)
2024-06-12 07:36:43,486 [main] INFO  grpc.GrpcConfigKeys (ConfUtils.java:logFallback(53)) - raft.grpc.client.port = 15105 (fallback to raft.grpc.server.port)
2024-06-12 07:36:43,486 [main] INFO  grpc.GrpcConfigKeys (ConfUtils.java:logGet(46)) - raft.grpc.server.host = null (default)
2024-06-12 07:36:43,486 [main] INFO  grpc.GrpcConfigKeys (ConfUtils.java:logGet(46)) - raft.grpc.server.port = 15105 (custom)
2024-06-12 07:36:43,486 [main] INFO  server.GrpcService (ConfUtils.java:logGet(46)) - raft.grpc.message.size.max = 4194304 (custom)
2024-06-12 07:36:43,486 [main] INFO  server.RaftServerConfigKeys (ConfUtils.java:logGet(46)) - raft.server.log.appender.buffer.byte-limit = 4194304 (custom)
2024-06-12 07:36:43,487 [main] INFO  server.GrpcService (ConfUtils.java:logGet(46)) - raft.grpc.flow.control.window = 1MB (=1048576) (default)
2024-06-12 07:36:43,487 [main] INFO  server.RaftServerConfigKeys (ConfUtils.java:logGet(46)) - raft.server.rpc.request.timeout = 3000ms (default)
2024-06-12 07:36:43,487 [main] INFO  grpc.GrpcConfigKeys (ConfUtils.java:logGet(46)) - raft.grpc.server.heartbeat.channel = true (default)
2024-06-12 07:36:43,487 [main] INFO  grpc.GrpcConfigKeys (ConfUtils.java:logGet(46)) - raft.grpc.server.async.request.thread.pool.cached = true (default)
2024-06-12 07:36:43,487 [main] INFO  grpc.GrpcConfigKeys (ConfUtils.java:logGet(46)) - raft.grpc.server.async.request.thread.pool.size = 32 (default)
2024-06-12 07:36:43,488 [main] INFO  impl.DataStreamServerImpl (ConfUtils.java:logGet(46)) - raft.datastream.type = DISABLED (default)
2024-06-12 07:36:43,489 [main] INFO  server.RaftServerConfigKeys (ConfUtils.java:logGet(46)) - raft.server.sleep.deviation.threshold = 300ms (default)
2024-06-12 07:36:43,489 [main] INFO  server.RaftServerConfigKeys (ConfUtils.java:logGet(46)) - raft.server.close.threshold = 60s (default)
2024-06-12 07:36:43,489 [main] INFO  server.RaftServerConfigKeys (ConfUtils.java:logGet(46)) - raft.server.leaderelection.leader.step-down.wait-time = 10s (default)
2024-06-12 07:36:43,489 [main] INFO  server.RaftServerConfigKeys (ConfUtils.java:logGet(46)) - raft.server.storage.dir = [/home/runner/work/ozone/ozone/hadoop-ozone/integration-test/target/test-dir/MiniOzoneClusterImpl-63f03bc8-0399-4ce2-9c43-ca6ad8c463d8/ozone-meta/ratis] (custom)
2024-06-12 07:36:43,489 [main] INFO  server.RaftServerConfigKeys (ConfUtils.java:logGet(46)) - raft.server.threadpool.proxy.cached = true (default)
2024-06-12 07:36:43,489 [main] INFO  server.RaftServerConfigKeys (ConfUtils.java:logGet(46)) - raft.server.threadpool.proxy.size = 0 (default)
2024-06-12 07:36:43,490 [main] INFO  server.RaftServer (RaftServerProxy.java:addNew(100)) - om1: addNew group-C5BA1605619E:[om1|localhost:15105] returns group-C5BA1605619E:java.util.concurrent.CompletableFuture@308508ec[Not completed]
2024-06-12 07:36:43,490 [main] INFO  om.OzoneManager (OzoneManager.java:initializeRatisServer(2168)) - OzoneManager Ratis server initialized at port 15105
2024-06-12 07:36:43,490 [main] INFO  om.OzoneManager (OzoneManager.java:getRpcServer(1228)) - Creating RPC Server
2024-06-12 07:36:43,490 [om1-groupManagement] INFO  server.RaftServer$Division (RaftServerImpl.java:<init>(256)) - om1: new RaftServerImpl for group-C5BA1605619E:[om1|localhost:15105] with OzoneManagerStateMachine:uninitialized
2024-06-12 07:36:43,491 [om1-groupManagement] INFO  server.RaftServerConfigKeys (ConfUtils.java:logGet(46)) - raft.server.rpc.timeout.min = 1s (custom)
2024-06-12 07:36:43,491 [om1-groupManagement] INFO  server.RaftServerConfigKeys (ConfUtils.java:logGet(46)) - raft.server.rpc.timeout.max = 1200ms (custom)
2024-06-12 07:36:43,491 [om1-groupManagement] INFO  server.RaftServerConfigKeys (ConfUtils.java:logGet(46)) - raft.server.rpc.sleep.time = 25ms (default)
2024-06-12 07:36:43,491 [om1-groupManagement] INFO  server.RaftServerConfigKeys (ConfUtils.java:logGet(46)) - raft.server.rpc.slowness.timeout = 120s (custom)
2024-06-12 07:36:43,491 [om1-groupManagement] INFO  server.RaftServerConfigKeys (ConfUtils.java:logGet(46)) - raft.server.leaderelection.leader.step-down.wait-time = 10s (default)
2024-06-12 07:36:43,491 [om1-groupManagement] INFO  server.RaftServerConfigKeys (ConfUtils.java:logGet(46)) - raft.server.leaderelection.member.majority-add = false (default)
2024-06-12 07:36:43,491 [om1-groupManagement] INFO  server.RaftServerConfigKeys (ConfUtils.java:logGet(46)) - raft.server.sleep.deviation.threshold = 300ms (default)
2024-06-12 07:36:43,493 [om1-groupManagement] INFO  server.RaftServer$Division (ServerState.java:<init>(113)) - om1@group-C5BA1605619E: ConfigurationManager, init=-1: peers:[om1|localhost:15105]|listeners:[], old=null, confs=<EMPTY_MAP>
2024-06-12 07:36:43,493 [om1-groupManagement] INFO  server.RaftServerConfigKeys (ConfUtils.java:logGet(46)) - raft.server.notification.no-leader.timeout = 120s (custom)
2024-06-12 07:36:43,494 [om1-groupManagement] INFO  server.RaftServerConfigKeys (ConfUtils.java:logGet(46)) - raft.server.read.timeout = 10s (default)
2024-06-12 07:36:43,503 [om1-groupManagement] INFO  server.RaftServerConfigKeys (ConfUtils.java:logGet(46)) - raft.server.retrycache.expirytime = 300s (custom)
2024-06-12 07:36:43,503 [om1-groupManagement] INFO  server.RaftServerConfigKeys (ConfUtils.java:logGet(46)) - raft.server.retrycache.statistics.expirytime = 100ms (default)
2024-06-12 07:36:43,503 [om1-groupManagement] INFO  server.RaftServerConfigKeys (ConfUtils.java:logGet(46)) - raft.server.read.option = DEFAULT (default)
2024-06-12 07:36:43,503 [om1-groupManagement] INFO  server.RaftServerConfigKeys (ConfUtils.java:logGet(46)) - raft.server.read.read-after-write-consistent.write-index-cache.expiry-time = 60s (default)
2024-06-12 07:36:43,504 [om1-groupManagement] INFO  server.RaftServerConfigKeys (ConfUtils.java:logGet(46)) - raft.server.rpc.request.timeout = 3000ms (default)
2024-06-12 07:36:43,504 [om1-groupManagement] INFO  server.RaftServerConfigKeys (ConfUtils.java:logGet(46)) - raft.server.log.appender.install.snapshot.enabled = false (custom)
2024-06-12 07:36:43,504 [om1-groupManagement] INFO  server.RaftServerConfigKeys (ConfUtils.java:logGet(46)) - raft.server.threadpool.server.cached = true (default)
2024-06-12 07:36:43,504 [om1-groupManagement] INFO  server.RaftServerConfigKeys (ConfUtils.java:logGet(46)) - raft.server.threadpool.server.size = 0 (default)
2024-06-12 07:36:43,504 [om1-groupManagement] INFO  server.RaftServerConfigKeys (ConfUtils.java:logGet(46)) - raft.server.threadpool.client.cached = true (default)
2024-06-12 07:36:43,504 [om1-groupManagement] INFO  server.RaftServerConfigKeys (ConfUtils.java:logGet(46)) - raft.server.threadpool.client.size = 0 (default)
2024-06-12 07:36:43,603 [timer7] WARN  server.GrpcLogAppender (LogUtils.java:warn(121)) - f05ee120-d933-4898-9db8-ecbd121f9823@group-A680543657B7->fb7b5411-82fd-4715-8845-7345bce4900f-AppendLogResponseHandler: Failed appendEntries (Repeated 12 times in the last 5.000s): org.apache.ratis.thirdparty.io.grpc.StatusRuntimeException: UNAVAILABLE: io exception
2024-06-12 07:36:43,606 [timer2] WARN  server.GrpcLogAppender (GrpcLogAppender.java:lambda$resetClient$1(217)) - f05ee120-d933-4898-9db8-ecbd121f9823@group-A680543657B7->fb7b5411-82fd-4715-8845-7345bce4900f-GrpcLogAppender: Follower failed (request=null, errorCount=4); keep nextIndex (2) unchanged and retry. (Repeated 3 times in the last 5.001s)
2024-06-12 07:36:43,620 [timer5] WARN  server.GrpcLogAppender (GrpcLogAppender.java:lambda$resetClient$1(217)) - f05ee120-d933-4898-9db8-ecbd121f9823@group-A680543657B7->fb7b5411-82fd-4715-8845-7345bce4900f-GrpcLogAppender: Follower failed (request=null, errorCount=12); keep nextIndex (3) unchanged and retry. (Repeated 8 times in the last 5.000s)
2024-06-12 07:36:43,868 [main] INFO  reflections.Reflections (Reflections.java:scan(219)) - Reflections took 377 ms to scan 20 urls, producing 59 keys and 6577 values
2024-06-12 07:36:43,870 [main] INFO  ipc.CallQueueManager (CallQueueManager.java:<init>(90)) - Using callQueue: class java.util.concurrent.LinkedBlockingQueue, queueCapacity: 2000, scheduler: class org.apache.hadoop.ipc.DefaultRpcScheduler, ipcBackoff: false.
2024-06-12 07:36:43,870 [main] INFO  ipc.Server (Server.java:<init>(1287)) - Listener at 127.0.0.1:15102
2024-06-12 07:36:43,871 [Socket Reader #1 for port 15102] INFO  ipc.Server (Server.java:run(1323)) - Starting Socket Reader #1 for port 15102
2024-06-12 07:36:43,888 [main] INFO  impl.MetricsSystemImpl (MetricsSystemImpl.java:init(158)) - OzoneManager metrics system started (again)
2024-06-12 07:36:43,897 [main] INFO  om.OzoneManager (OzoneManager.java:start(1650)) - OzoneManager RPC server is listening at localhost/127.0.0.1:15102
2024-06-12 07:36:43,897 [main] INFO  ratis.OzoneManagerRatisServer (OzoneManagerRatisServer.java:start(594)) - Starting OzoneManagerRatisServer om1 at port 15105
2024-06-12 07:36:43,897 [om1-impl-thread1] INFO  server.RaftServerConfigKeys (ConfUtils.java:logGet(46)) - raft.server.storage.free-space.min = 0MB (=0) (default)
2024-06-12 07:36:43,898 [om1-impl-thread1] INFO  server.RaftServerConfigKeys (ConfUtils.java:logGet(46)) - raft.server.log.corruption.policy = EXCEPTION (default)
2024-06-12 07:36:43,898 [om1-impl-thread1] INFO  server.RaftServerConfigKeys (ConfUtils.java:logGet(46)) - raft.server.storage.dir = [/home/runner/work/ozone/ozone/hadoop-ozone/integration-test/target/test-dir/MiniOzoneClusterImpl-63f03bc8-0399-4ce2-9c43-ca6ad8c463d8/ozone-meta/ratis] (custom)
2024-06-12 07:36:43,898 [om1-impl-thread1] INFO  storage.RaftStorageDirectory (RaftStorageDirectoryImpl.java:analyzeStorage(138)) - The storage directory /home/runner/work/ozone/ozone/hadoop-ozone/integration-test/target/test-dir/MiniOzoneClusterImpl-63f03bc8-0399-4ce2-9c43-ca6ad8c463d8/ozone-meta/ratis/bf265839-605b-3f16-9796-c5ba1605619e does not exist. Creating ...
2024-06-12 07:36:43,899 [om1-impl-thread1] INFO  storage.RaftStorageDirectory (RaftStorageDirectoryImpl.java:tryLock(228)) - Lock on /home/runner/work/ozone/ozone/hadoop-ozone/integration-test/target/test-dir/MiniOzoneClusterImpl-63f03bc8-0399-4ce2-9c43-ca6ad8c463d8/ozone-meta/ratis/bf265839-605b-3f16-9796-c5ba1605619e/in_use.lock acquired by nodename 34952@fv-az1443-254
2024-06-12 07:36:43,900 [om1-impl-thread1] INFO  storage.RaftStorage (RaftStorageImpl.java:format(99)) - Storage directory /home/runner/work/ozone/ozone/hadoop-ozone/integration-test/target/test-dir/MiniOzoneClusterImpl-63f03bc8-0399-4ce2-9c43-ca6ad8c463d8/ozone-meta/ratis/bf265839-605b-3f16-9796-c5ba1605619e has been successfully formatted.
2024-06-12 07:36:43,901 [om1-impl-thread1] WARN  util.FileUtils (LogUtils.java:supplyAndLog(63)) - Failed to Files.newInputStream /home/runner/work/ozone/ozone/hadoop-ozone/integration-test/target/test-dir/MiniOzoneClusterImpl-63f03bc8-0399-4ce2-9c43-ca6ad8c463d8/ozone-meta/ratis/bf265839-605b-3f16-9796-c5ba1605619e/current/raft-meta.conf with options []: java.nio.file.NoSuchFileException: /home/runner/work/ozone/ozone/hadoop-ozone/integration-test/target/test-dir/MiniOzoneClusterImpl-63f03bc8-0399-4ce2-9c43-ca6ad8c463d8/ozone-meta/ratis/bf265839-605b-3f16-9796-c5ba1605619e/current/raft-meta.conf
2024-06-12 07:36:43,901 [om1-impl-thread1] INFO  server.RaftServerConfigKeys (ConfUtils.java:logGet(46)) - raft.server.log.use.memory = false (default)
2024-06-12 07:36:43,901 [om1-impl-thread1] INFO  server.RaftServerConfigKeys (ConfUtils.java:logGet(46)) - raft.server.log.purge.gap = 1000000 (custom)
2024-06-12 07:36:43,901 [om1-impl-thread1] INFO  server.RaftServerConfigKeys (ConfUtils.java:logGet(46)) - raft.server.log.appender.buffer.byte-limit = 4194304 (custom)
2024-06-12 07:36:43,901 [om1-impl-thread1] INFO  server.RaftServerConfigKeys (ConfUtils.java:logGet(46)) - raft.server.log.statemachine.data.read.timeout = 1000ms (default)
2024-06-12 07:36:43,901 [om1-impl-thread1] INFO  server.RaftServerConfigKeys (ConfUtils.java:logGet(46)) - raft.server.log.purge.preservation.log.num = 0 (default)
2024-06-12 07:36:43,901 [om1-impl-thread1] INFO  server.RaftServerConfigKeys (ConfUtils.java:logGet(46)) - raft.server.log.segment.size.max = 4194304 (custom)
2024-06-12 07:36:43,901 [om1-impl-thread1] INFO  server.RaftServerConfigKeys (ConfUtils.java:logGet(46)) - raft.server.log.segment.cache.num.max = 2 (custom)
2024-06-12 07:36:43,902 [om1-impl-thread1] INFO  server.RaftServerConfigKeys (ConfUtils.java:logGet(46)) - raft.server.log.segment.cache.size.max = 200MB (=209715200) (default)
2024-06-12 07:36:43,902 [om1-impl-thread1] INFO  server.RaftServerConfigKeys (ConfUtils.java:logGet(46)) - raft.server.log.appender.buffer.byte-limit = 4194304 (custom)
2024-06-12 07:36:43,905 [om1-impl-thread1] INFO  util.AwaitToRun (AwaitToRun.java:start(81)) - Thread[om1@group-C5BA1605619E-cacheEviction-AwaitToRun,5,main] started
2024-06-12 07:36:43,905 [om1-impl-thread1] INFO  segmented.SegmentedRaftLogWorker (SegmentedRaftLogWorker.java:<init>(182)) - new om1@group-C5BA1605619E-SegmentedRaftLogWorker for RaftStorageImpl:Storage Directory /home/runner/work/ozone/ozone/hadoop-ozone/integration-test/target/test-dir/MiniOzoneClusterImpl-63f03bc8-0399-4ce2-9c43-ca6ad8c463d8/ozone-meta/ratis/bf265839-605b-3f16-9796-c5ba1605619e
2024-06-12 07:36:43,905 [om1-impl-thread1] INFO  server.RaftServerConfigKeys (ConfUtils.java:logGet(46)) - raft.server.log.queue.byte-limit = 64MB (=67108864) (default)
2024-06-12 07:36:43,905 [om1-impl-thread1] INFO  server.RaftServerConfigKeys (ConfUtils.java:logGet(46)) - raft.server.log.queue.element-limit = 4096 (default)
2024-06-12 07:36:43,906 [om1-impl-thread1] INFO  server.RaftServerConfigKeys (ConfUtils.java:logGet(46)) - raft.server.log.segment.size.max = 4194304 (custom)
2024-06-12 07:36:43,906 [om1-impl-thread1] INFO  server.RaftServerConfigKeys (ConfUtils.java:logGet(46)) - raft.server.log.preallocated.size = 4194304 (custom)
2024-06-12 07:36:43,906 [om1-impl-thread1] INFO  server.RaftServerConfigKeys (ConfUtils.java:logGet(46)) - raft.server.log.force.sync.num = 128 (default)
2024-06-12 07:36:43,906 [om1-impl-thread1] INFO  server.RaftServerConfigKeys (ConfUtils.java:logGet(46)) - raft.server.log.statemachine.data.sync = true (default)
2024-06-12 07:36:43,906 [om1-impl-thread1] INFO  server.RaftServerConfigKeys (ConfUtils.java:logGet(46)) - raft.server.log.statemachine.data.sync.timeout = 10s (default)
2024-06-12 07:36:43,906 [om1-impl-thread1] INFO  server.RaftServerConfigKeys (ConfUtils.java:logGet(46)) - raft.server.log.statemachine.data.sync.timeout.retry = -1 (default)
2024-06-12 07:36:43,906 [om1-impl-thread1] INFO  server.RaftServerConfigKeys (ConfUtils.java:logGet(46)) - raft.server.log.write.buffer.size = 4194312 (custom)
2024-06-12 07:36:43,907 [om1-impl-thread1] INFO  server.RaftServerConfigKeys (ConfUtils.java:logGet(46)) - raft.server.log.appender.buffer.byte-limit = 4194304 (custom)
2024-06-12 07:36:43,907 [om1-impl-thread1] INFO  server.RaftServerConfigKeys (ConfUtils.java:logGet(46)) - raft.server.log.unsafe-flush.enabled = false (default)
2024-06-12 07:36:43,907 [om1-impl-thread1] INFO  server.RaftServerConfigKeys (ConfUtils.java:logGet(46)) - raft.server.log.async-flush.enabled = false (default)
2024-06-12 07:36:43,907 [om1-impl-thread1] INFO  server.RaftServerConfigKeys (ConfUtils.java:logGet(46)) - raft.server.log.statemachine.data.caching.enabled = false (default)
2024-06-12 07:36:43,907 [om1-impl-thread1] INFO  segmented.SegmentedRaftLogWorker (SegmentedRaftLogWorker.java:lambda$new$0(134)) - om1@group-C5BA1605619E-SegmentedRaftLogWorker: flushIndex: setUnconditionally 0 -> -1
2024-06-12 07:36:43,907 [om1-impl-thread1] INFO  segmented.SegmentedRaftLogWorker (SegmentedRaftLogWorker.java:lambda$new$0(134)) - om1@group-C5BA1605619E-SegmentedRaftLogWorker: safeCacheEvictIndex: setUnconditionally 0 -> -1
2024-06-12 07:36:43,909 [om1-impl-thread1] INFO  server.RaftServer$Division (RaftServerImpl.java:start(396)) - om1@group-C5BA1605619E: start as a follower, conf=-1: peers:[om1|localhost:15105]|listeners:[], old=null
2024-06-12 07:36:43,909 [om1-impl-thread1] INFO  server.RaftServer$Division (RaftServerImpl.java:setRole(383)) - om1@group-C5BA1605619E: changes role from      null to FOLLOWER at term 0 for startAsFollower
2024-06-12 07:36:43,910 [om1-impl-thread1] INFO  impl.RoleInfo (RoleInfo.java:updateAndGet(139)) - om1: start om1@group-C5BA1605619E-FollowerState
2024-06-12 07:36:43,913 [om1-impl-thread1] INFO  util.JmxRegister (JmxRegister.java:tryRegister(44)) - Successfully registered JMX Bean with object name Ratis:service=RaftServer,group=group-C5BA1605619E,id=om1
2024-06-12 07:36:43,913 [om1-impl-thread1] INFO  server.RaftServerConfigKeys (ConfUtils.java:logGet(46)) - raft.server.snapshot.trigger-when-stop.enabled = true (default)
2024-06-12 07:36:43,914 [om1-impl-thread1] INFO  server.RaftServerConfigKeys (ConfUtils.java:logGet(46)) - raft.server.snapshot.auto.trigger.enabled = true (custom)
2024-06-12 07:36:43,914 [om1-impl-thread1] INFO  server.RaftServerConfigKeys (ConfUtils.java:logGet(46)) - raft.server.snapshot.auto.trigger.threshold = 400000 (default)
2024-06-12 07:36:43,914 [om1-impl-thread1] INFO  server.RaftServerConfigKeys (ConfUtils.java:logGet(46)) - raft.server.snapshot.retention.file.num = -1 (default)
2024-06-12 07:36:43,914 [om1-impl-thread1] INFO  server.RaftServerConfigKeys (ConfUtils.java:logGet(46)) - raft.server.log.purge.upto.snapshot.index = true (custom)
2024-06-12 07:36:43,914 [om1@group-C5BA1605619E-FollowerState] INFO  server.RaftServerConfigKeys (ConfUtils.java:logFallback(53)) - raft.server.rpc.first-election.timeout.min = 1s (fallback to raft.server.rpc.timeout.min)
2024-06-12 07:36:43,914 [om1@group-C5BA1605619E-FollowerState] INFO  server.RaftServerConfigKeys (ConfUtils.java:logFallback(53)) - raft.server.rpc.first-election.timeout.max = 1200ms (fallback to raft.server.rpc.timeout.max)
2024-06-12 07:36:43,919 [main] INFO  server.RaftServer (RaftServerProxy.java:startImpl(406)) - om1: start RPC server
2024-06-12 07:36:43,922 [main] INFO  server.GrpcService (GrpcService.java:startImpl(302)) - om1: GrpcService started, listening on 15105
2024-06-12 07:36:43,929 [JvmPauseMonitor13] INFO  util.JvmPauseMonitor (JvmPauseMonitor.java:run(146)) - JvmPauseMonitor-om1: Started
2024-06-12 07:36:43,930 [main] INFO  om.OzoneManager (OzoneManager.java:start(1666)) - Version File has different layout version (6) than OM DB (null). That is expected if this OM has never been finalized to a newer layout version.
2024-06-12 07:36:43,932 [main] INFO  client.ScmTopologyClient (ScmTopologyClient.java:start(72)) - Initial network topology fetched from SCM: /.
2024-06-12 07:36:43,933 [main] INFO  net.NodeSchemaLoader (NodeSchemaLoader.java:loadSchemaFromFile(129)) - Loading schema from [file:/home/runner/work/ozone/ozone/hadoop-hdds/common/target/classes/network-topology-default.xml]
2024-06-12 07:36:43,933 [main] INFO  net.NodeSchemaLoader (NodeSchemaLoader.java:loadSchema(176)) - Loading network topology layer schema file
2024-06-12 07:36:43,945 [main] INFO  http.BaseHttpServer (BaseHttpServer.java:newHttpServer2BuilderForOzone(223)) - Starting Web-server for ozoneManager at: http://0.0.0.0:15103
2024-06-12 07:36:43,945 [main] INFO  http.BaseHttpServer (BaseHttpServer.java:<init>(110)) - Hadoop Security Enabled: false Ozone Security Enabled: false Ozone HTTP Security Enabled: false 
2024-06-12 07:36:43,947 [main] WARN  server.AuthenticationFilter (AuthenticationFilter.java:constructSecretProvider(240)) - Unable to initialize FileSignerSecretProvider, falling back to use random secrets. Reason: Could not read signature secret file: /home/runner/hadoop-http-auth-signature-secret
2024-06-12 07:36:43,947 [main] INFO  http.HttpRequestLog (HttpRequestLog.java:getRequestLog(86)) - Http request log for http.requests.ozoneManager is not defined
2024-06-12 07:36:43,951 [main] INFO  http.HttpServer2 (HttpServer2.java:addGlobalFilter(1036)) - Added global filter 'safety' (class=org.apache.hadoop.hdds.server.http.HttpServer2$QuotingInputFilter)
2024-06-12 07:36:43,951 [main] INFO  http.HttpServer2 (HttpServer2.java:addFilter(1012)) - Added filter static_user_filter (class=org.apache.hadoop.http.lib.StaticUserWebFilter$StaticUserFilter) to context ozoneManager
2024-06-12 07:36:43,952 [main] INFO  http.HttpServer2 (HttpServer2.java:addFilter(1020)) - Added filter static_user_filter (class=org.apache.hadoop.http.lib.StaticUserWebFilter$StaticUserFilter) to context static
2024-06-12 07:36:43,952 [main] INFO  http.HttpServer2 (HttpServer2.java:addFilter(1020)) - Added filter static_user_filter (class=org.apache.hadoop.http.lib.StaticUserWebFilter$StaticUserFilter) to context logs
2024-06-12 07:36:43,952 [main] INFO  http.BaseHttpServer (BaseHttpServer.java:<init>(189)) - HTTP server of ozoneManager uses base directory /home/runner/work/ozone/ozone/hadoop-ozone/integration-test/target/test-dir/MiniOzoneClusterImpl-63f03bc8-0399-4ce2-9c43-ca6ad8c463d8/ozone-meta/webserver
2024-06-12 07:36:43,953 [main] INFO  http.HttpServer2 (HttpServer2.java:bindListener(1236)) - Jetty bound to port 15103
2024-06-12 07:36:43,953 [main] INFO  server.Server (Server.java:doStart(375)) - jetty-9.4.54.v20240208; built: 2024-02-08T19:42:39.027Z; git: cef3fbd6d736a21e7d541a5db490381d95a2047d; jvm 17.0.11+9
2024-06-12 07:36:43,956 [main] INFO  server.session (DefaultSessionIdManager.java:doStart(334)) - DefaultSessionIdManager workerName=node0
2024-06-12 07:36:43,957 [main] INFO  server.session (DefaultSessionIdManager.java:doStart(339)) - No SessionScavenger set, using defaults
2024-06-12 07:36:43,957 [main] INFO  server.session (HouseKeeper.java:startScavenging(132)) - node0 Scavenging every 600000ms
2024-06-12 07:36:43,958 [main] INFO  handler.ContextHandler (ContextHandler.java:doStart(921)) - Started o.e.j.s.ServletContextHandler@e888636{logs,/logs,file:///home/runner/work/ozone/ozone/hadoop-ozone/integration-test/target/log,AVAILABLE}
2024-06-12 07:36:43,958 [main] INFO  handler.ContextHandler (ContextHandler.java:doStart(921)) - Started o.e.j.s.ServletContextHandler@3a4af228{static,/static,file:///home/runner/work/ozone/ozone/hadoop-ozone/integration-test/target/test-classes/webapps/static,AVAILABLE}
2024-06-12 07:36:43,963 [main] INFO  handler.ContextHandler (ContextHandler.java:doStart(921)) - Started o.e.j.w.WebAppContext@4155e85d{ozoneManager,/,file:///home/runner/work/ozone/ozone/hadoop-ozone/integration-test/target/test-classes/webapps/ozoneManager/,AVAILABLE}{file:/home/runner/work/ozone/ozone/hadoop-ozone/integration-test/target/test-classes/webapps/ozoneManager}
2024-06-12 07:36:43,964 [main] INFO  server.AbstractConnector (AbstractConnector.java:doStart(333)) - Started ServerConnector@416bf563{HTTP/1.1, (http/1.1)}{0.0.0.0:15103}
2024-06-12 07:36:43,964 [main] INFO  server.Server (Server.java:doStart(415)) - Started @31171ms
2024-06-12 07:36:43,964 [main] WARN  impl.MetricsSystemImpl (MetricsSystemImpl.java:register(279)) - Sink prometheus already exists!
2024-06-12 07:36:43,965 [main] INFO  http.BaseHttpServer (BaseHttpServer.java:updateConnectorAddress(354)) - HTTP server of ozoneManager listening at http://0.0.0.0:15103
2024-06-12 07:36:43,965 [IPC Server Responder] INFO  ipc.Server (Server.java:run(1562)) - IPC Server Responder: starting
2024-06-12 07:36:43,965 [IPC Server listener on 15102] INFO  ipc.Server (Server.java:run(1402)) - IPC Server listener on 15102: starting
2024-06-12 07:36:43,972 [main] INFO  om.OzoneManager (OzoneManager.java:startTrashEmptier(2121)) - Trash Interval set to 0. Files deleted won't move to trash
2024-06-12 07:36:43,983 [main] WARN  dropwizard3.Dm3MetricRegistriesImpl (Dm3MetricRegistriesImpl.java:addReporterRegistration(113)) - New reporters are added after registries were created. Some metrics will be missing from the reporter. Please add reporter before adding any new registry.
2024-06-12 07:36:43,983 [main] WARN  dropwizard3.Dm3MetricRegistriesImpl (Dm3MetricRegistriesImpl.java:addReporterRegistration(113)) - New reporters are added after registries were created. Some metrics will be missing from the reporter. Please add reporter before adding any new registry.
2024-06-12 07:36:43,983 [main] INFO  impl.MetricsSystemImpl (MetricsSystemImpl.java:init(158)) - HddsDatanode metrics system started (again)
2024-06-12 07:36:43,995 [main] INFO  ozone.HddsDatanodeService (HddsDatanodeService.java:start(237)) - HddsDatanodeService host:fv-az1443-254.azex4i42g1wuppa4al4w0zdaga.bx.internal.cloudapp.net ip:10.1.0.7
2024-06-12 07:36:43,998 [main] INFO  upgrade.AbstractLayoutVersionManager (AbstractLayoutVersionManager.java:init(83)) - Initializing Layout version manager with metadata layout = HADOOP_PRC_PORTS_IN_DATANODEDETAILS (version = 7), software layout = HADOOP_PRC_PORTS_IN_DATANODEDETAILS (version = 7)
2024-06-12 07:36:43,999 [main] INFO  statemachine.DatanodeStateMachine (DatanodeStateMachine.java:getEndPointTaskThreadPoolSize(293)) - Datanode State Machine Task Thread Pool size 2
2024-06-12 07:36:44,001 [main] INFO  volume.HddsVolume (HddsVolume.java:<init>(126)) - Creating HddsVolume: /home/runner/work/ozone/ozone/hadoop-ozone/integration-test/target/test-dir/MiniOzoneClusterImpl-63f03bc8-0399-4ce2-9c43-ca6ad8c463d8/ozone-meta/datanode-1/data-0/hdds of storage type : DISK capacity : 9222449699674390527
2024-06-12 07:36:44,001 [main] INFO  volume.MutableVolumeSet (MutableVolumeSet.java:initializeVolumeSet(173)) - Added Volume : /home/runner/work/ozone/ozone/hadoop-ozone/integration-test/target/test-dir/MiniOzoneClusterImpl-63f03bc8-0399-4ce2-9c43-ca6ad8c463d8/ozone-meta/datanode-1/data-0/hdds to VolumeSet
2024-06-12 07:36:44,003 [main] INFO  volume.MutableVolumeSet (MutableVolumeSet.java:initializeVolumeSet(173)) - Added Volume : /home/runner/work/ozone/ozone/hadoop-ozone/integration-test/target/test-dir/MiniOzoneClusterImpl-63f03bc8-0399-4ce2-9c43-ca6ad8c463d8/ozone-meta/datanode-1/ratis to VolumeSet
2024-06-12 07:36:44,003 [main] INFO  ozoneimpl.OzoneContainer (HddsVolumeUtil.java:loadAllHddsVolumeDbStore(103)) - Load 1 volumes DbStore cost: 0ms
2024-06-12 07:36:44,006 [main] INFO  server.RaftServer (ConfUtils.java:logGet(46)) - raft.rpc.type = GRPC (default)
2024-06-12 07:36:44,006 [main] INFO  grpc.GrpcConfigKeys (ConfUtils.java:logFallback(53)) - raft.grpc.admin.host = null (fallback to raft.grpc.server.host)
2024-06-12 07:36:44,006 [main] INFO  grpc.GrpcConfigKeys (ConfUtils.java:logGet(46)) - raft.grpc.admin.port = 15111 (custom)
2024-06-12 07:36:44,006 [main] INFO  grpc.GrpcConfigKeys (ConfUtils.java:logFallback(53)) - raft.grpc.client.host = null (fallback to raft.grpc.server.host)
2024-06-12 07:36:44,006 [main] INFO  grpc.GrpcConfigKeys (ConfUtils.java:logGet(46)) - raft.grpc.client.port = 15110 (custom)
2024-06-12 07:36:44,006 [main] INFO  grpc.GrpcConfigKeys (ConfUtils.java:logGet(46)) - raft.grpc.server.host = null (default)
2024-06-12 07:36:44,006 [main] INFO  grpc.GrpcConfigKeys (ConfUtils.java:logGet(46)) - raft.grpc.server.port = 15112 (custom)
2024-06-12 07:36:44,006 [main] INFO  server.GrpcService (ConfUtils.java:logGet(46)) - raft.grpc.message.size.max = 32MB (=33554432) (custom)
2024-06-12 07:36:44,007 [main] INFO  server.RaftServerConfigKeys (ConfUtils.java:logGet(46)) - raft.server.log.appender.buffer.byte-limit = 8388608 (custom)
2024-06-12 07:36:44,007 [main] INFO  server.GrpcService (ConfUtils.java:logGet(46)) - raft.grpc.flow.control.window = 5MB (=5242880) (custom)
2024-06-12 07:36:44,007 [main] INFO  server.RaftServerConfigKeys (ConfUtils.java:logGet(46)) - raft.server.rpc.request.timeout = 3000ms (default)
2024-06-12 07:36:44,007 [main] INFO  grpc.GrpcConfigKeys (ConfUtils.java:logGet(46)) - raft.grpc.server.heartbeat.channel = true (default)
2024-06-12 07:36:44,007 [main] INFO  grpc.GrpcConfigKeys (ConfUtils.java:logGet(46)) - raft.grpc.server.async.request.thread.pool.cached = true (default)
2024-06-12 07:36:44,007 [main] INFO  grpc.GrpcConfigKeys (ConfUtils.java:logGet(46)) - raft.grpc.server.async.request.thread.pool.size = 32 (default)
2024-06-12 07:36:44,009 [main] INFO  impl.DataStreamServerImpl (ConfUtils.java:logGet(46)) - raft.datastream.type = NETTY (custom)
2024-06-12 07:36:44,009 [main] INFO  server.RaftServerConfigKeys (ConfUtils.java:logGet(46)) - raft.server.data-stream.async.request.thread.pool.cached = false (default)
2024-06-12 07:36:44,010 [main] INFO  server.RaftServerConfigKeys (ConfUtils.java:logGet(46)) - raft.server.data-stream.async.request.thread.pool.size = 20 (custom)
2024-06-12 07:36:44,010 [main] INFO  server.RaftServerConfigKeys (ConfUtils.java:logGet(46)) - raft.server.data-stream.async.write.thread.pool.size = 16 (default)
2024-06-12 07:36:44,010 [main] INFO  netty.NettyConfigKeys$DataStream (ConfUtils.java:logGet(46)) - raft.netty.dataStream.server.channel.inactive.grace-period = 10min (default)
2024-06-12 07:36:44,010 [main] INFO  server.RaftServerConfigKeys (ConfUtils.java:logGet(46)) - raft.server.data-stream.client.pool.size = 10 (default)
2024-06-12 07:36:44,010 [main] INFO  netty.NettyConfigKeys$DataStream (ConfUtils.java:logGet(46)) - raft.netty.dataStream.server.use-epoll = true (default)
2024-06-12 07:36:44,010 [main] INFO  netty.NettyConfigKeys$DataStream (ConfUtils.java:logGet(46)) - raft.netty.dataStream.server.boss-group.size = 0 (default)
2024-06-12 07:36:44,010 [main] INFO  netty.NettyUtils (NettyUtils.java:newEventLoopGroup(69)) - Create EpollEventLoopGroup for 86e236ad-53d7-40fc-9454-d100b30595d4-NettyServerStreamRpc-bossGroup; Thread size is 0.
2024-06-12 07:36:44,011 [main] INFO  netty.NettyConfigKeys$DataStream (ConfUtils.java:logGet(46)) - raft.netty.dataStream.server.worker-group.size = 0 (default)
2024-06-12 07:36:44,011 [main] INFO  netty.NettyUtils (NettyUtils.java:newEventLoopGroup(69)) - Create EpollEventLoopGroup for 86e236ad-53d7-40fc-9454-d100b30595d4-NettyServerStreamRpc-workerGroup; Thread size is 0.
2024-06-12 07:36:44,012 [main] INFO  netty.NettyConfigKeys$DataStream (ConfUtils.java:logGet(46)) - raft.netty.dataStream.server.tls.conf = null (default)
2024-06-12 07:36:44,012 [main] INFO  netty.NettyConfigKeys$DataStream (ConfUtils.java:logGet(46)) - raft.netty.dataStream.host = null (default)
2024-06-12 07:36:44,012 [main] INFO  netty.NettyConfigKeys$DataStream (ConfUtils.java:logGet(46)) - raft.netty.dataStream.port = 15113 (custom)
2024-06-12 07:36:44,013 [main] INFO  server.RaftServerConfigKeys (ConfUtils.java:logGet(46)) - raft.server.sleep.deviation.threshold = 300ms (default)
2024-06-12 07:36:44,013 [main] INFO  server.RaftServerConfigKeys (ConfUtils.java:logGet(46)) - raft.server.close.threshold = 60s (default)
2024-06-12 07:36:44,014 [main] INFO  server.RaftServerConfigKeys (ConfUtils.java:logGet(46)) - raft.server.leaderelection.leader.step-down.wait-time = 10s (default)
2024-06-12 07:36:44,014 [main] INFO  server.RaftServerConfigKeys (ConfUtils.java:logGet(46)) - raft.server.storage.dir = [/home/runner/work/ozone/ozone/hadoop-ozone/integration-test/target/test-dir/MiniOzoneClusterImpl-63f03bc8-0399-4ce2-9c43-ca6ad8c463d8/ozone-meta/datanode-1/ratis] (custom)
2024-06-12 07:36:44,014 [main] INFO  server.RaftServerConfigKeys (ConfUtils.java:logGet(46)) - raft.server.threadpool.proxy.cached = true (default)
2024-06-12 07:36:44,014 [main] INFO  server.RaftServerConfigKeys (ConfUtils.java:logGet(46)) - raft.server.threadpool.proxy.size = 0 (default)
2024-06-12 07:36:44,015 [86e236ad-53d7-40fc-9454-d100b30595d4-NettyServerStreamRpc-bossGroup--thread1] INFO  logging.LoggingHandler (AbstractInternalLogger.java:log(148)) - [id: 0x786de0f3] REGISTERED
2024-06-12 07:36:44,015 [86e236ad-53d7-40fc-9454-d100b30595d4-NettyServerStreamRpc-bossGroup--thread1] INFO  logging.LoggingHandler (AbstractInternalLogger.java:log(148)) - [id: 0x786de0f3] BIND: 0.0.0.0/0.0.0.0:15113
2024-06-12 07:36:44,015 [86e236ad-53d7-40fc-9454-d100b30595d4-NettyServerStreamRpc-bossGroup--thread1] INFO  logging.LoggingHandler (AbstractInternalLogger.java:log(148)) - [id: 0x786de0f3, L:/0.0.0.0:15113] ACTIVE
2024-06-12 07:36:44,021 [86e236ad-53d7-40fc-9454-d100b30595d4-impl-thread1] INFO  server.RaftServer (RaftServerProxy.java:initGroupDir(264)) - 86e236ad-53d7-40fc-9454-d100b30595d4: found a subdirectory /home/runner/work/ozone/ozone/hadoop-ozone/integration-test/target/test-dir/MiniOzoneClusterImpl-63f03bc8-0399-4ce2-9c43-ca6ad8c463d8/ozone-meta/datanode-1/ratis/tmp
2024-06-12 07:36:44,021 [86e236ad-53d7-40fc-9454-d100b30595d4-impl-thread1] INFO  server.RaftServer (RaftServerProxy.java:initGroupDir(269)) - 86e236ad-53d7-40fc-9454-d100b30595d4: The directory /home/runner/work/ozone/ozone/hadoop-ozone/integration-test/target/test-dir/MiniOzoneClusterImpl-63f03bc8-0399-4ce2-9c43-ca6ad8c463d8/ozone-meta/datanode-1/ratis/tmp is not a group directory; ignoring it. 
2024-06-12 07:36:44,022 [main] INFO  replication.ReplicationServer (ReplicationServer.java:<init>(86)) - Initializing replication server with thread count = 10 queue length = 4096
2024-06-12 07:36:44,023 [main] INFO  server.XceiverServerGrpc (XceiverServerGrpc.java:<init>(141)) - GrpcServer channel type EpollServerSocketChannel
2024-06-12 07:36:44,024 [main] INFO  replication.ReplicationSupervisor (ReplicationSupervisor.java:build(157)) - Initializing replication supervisor with thread count = 10
2024-06-12 07:36:44,025 [main] INFO  replication.ReplicationSupervisor (ReplicationSupervisor.java:nodeStateUpdated(312)) - Node state updated to IN_SERVICE, scaling executor pool size to 10
2024-06-12 07:36:44,027 [main] INFO  http.BaseHttpServer (BaseHttpServer.java:newHttpServer2BuilderForOzone(223)) - Starting Web-server for hddsDatanode at: http://0.0.0.0:15107
2024-06-12 07:36:44,027 [main] INFO  http.BaseHttpServer (BaseHttpServer.java:<init>(110)) - Hadoop Security Enabled: false Ozone Security Enabled: false Ozone HTTP Security Enabled: false 
2024-06-12 07:36:44,028 [main] WARN  server.AuthenticationFilter (AuthenticationFilter.java:constructSecretProvider(240)) - Unable to initialize FileSignerSecretProvider, falling back to use random secrets. Reason: Could not read signature secret file: /home/runner/hadoop-http-auth-signature-secret
2024-06-12 07:36:44,031 [main] INFO  http.HttpRequestLog (HttpRequestLog.java:getRequestLog(86)) - Http request log for http.requests.hddsDatanode is not defined
2024-06-12 07:36:44,032 [main] INFO  http.HttpServer2 (HttpServer2.java:addGlobalFilter(1036)) - Added global filter 'safety' (class=org.apache.hadoop.hdds.server.http.HttpServer2$QuotingInputFilter)
2024-06-12 07:36:44,032 [main] INFO  http.HttpServer2 (HttpServer2.java:addFilter(1012)) - Added filter static_user_filter (class=org.apache.hadoop.http.lib.StaticUserWebFilter$StaticUserFilter) to context hddsDatanode
2024-06-12 07:36:44,032 [main] INFO  http.HttpServer2 (HttpServer2.java:addFilter(1020)) - Added filter static_user_filter (class=org.apache.hadoop.http.lib.StaticUserWebFilter$StaticUserFilter) to context logs
2024-06-12 07:36:44,033 [main] INFO  http.HttpServer2 (HttpServer2.java:addFilter(1020)) - Added filter static_user_filter (class=org.apache.hadoop.http.lib.StaticUserWebFilter$StaticUserFilter) to context static
2024-06-12 07:36:44,033 [main] INFO  http.BaseHttpServer (BaseHttpServer.java:<init>(189)) - HTTP server of hddsDatanode uses base directory /home/runner/work/ozone/ozone/hadoop-ozone/integration-test/target/test-dir/MiniOzoneClusterImpl-63f03bc8-0399-4ce2-9c43-ca6ad8c463d8/ozone-meta/datanode-1/meta/webserver
2024-06-12 07:36:44,033 [main] INFO  http.HttpServer2 (HttpServer2.java:bindListener(1236)) - Jetty bound to port 15107
2024-06-12 07:36:44,034 [main] INFO  server.Server (Server.java:doStart(375)) - jetty-9.4.54.v20240208; built: 2024-02-08T19:42:39.027Z; git: cef3fbd6d736a21e7d541a5db490381d95a2047d; jvm 17.0.11+9
2024-06-12 07:36:44,038 [main] INFO  server.session (DefaultSessionIdManager.java:doStart(334)) - DefaultSessionIdManager workerName=node0
2024-06-12 07:36:44,038 [main] INFO  server.session (DefaultSessionIdManager.java:doStart(339)) - No SessionScavenger set, using defaults
2024-06-12 07:36:44,038 [main] INFO  server.session (HouseKeeper.java:startScavenging(132)) - node0 Scavenging every 660000ms
2024-06-12 07:36:44,039 [main] INFO  handler.ContextHandler (ContextHandler.java:doStart(921)) - Started o.e.j.s.ServletContextHandler@5ae9ea0a{logs,/logs,file:///home/runner/work/ozone/ozone/hadoop-ozone/integration-test/target/log,AVAILABLE}
2024-06-12 07:36:44,039 [main] INFO  handler.ContextHandler (ContextHandler.java:doStart(921)) - Started o.e.j.s.ServletContextHandler@67f3b72d{static,/static,file:///home/runner/work/ozone/ozone/hadoop-hdds/container-service/target/classes/webapps/static,AVAILABLE}
2024-06-12 07:36:44,043 [main] INFO  handler.ContextHandler (ContextHandler.java:doStart(921)) - Started o.e.j.w.WebAppContext@239678d{hddsDatanode,/,file:///home/runner/work/ozone/ozone/hadoop-hdds/container-service/target/classes/webapps/hddsDatanode/,AVAILABLE}{file:/home/runner/work/ozone/ozone/hadoop-hdds/container-service/target/classes/webapps/hddsDatanode}
2024-06-12 07:36:44,044 [main] INFO  server.AbstractConnector (AbstractConnector.java:doStart(333)) - Started ServerConnector@60b33bc{HTTP/1.1, (http/1.1)}{0.0.0.0:15107}
2024-06-12 07:36:44,044 [main] INFO  server.Server (Server.java:doStart(415)) - Started @31252ms
2024-06-12 07:36:44,045 [main] WARN  impl.MetricsSystemImpl (MetricsSystemImpl.java:register(279)) - Sink prometheus already exists!
2024-06-12 07:36:44,045 [main] INFO  http.BaseHttpServer (BaseHttpServer.java:updateConnectorAddress(354)) - HTTP server of hddsDatanode listening at http://0.0.0.0:15107
2024-06-12 07:36:44,046 [main] INFO  ipc.CallQueueManager (CallQueueManager.java:<init>(90)) - Using callQueue: class java.util.concurrent.LinkedBlockingQueue, queueCapacity: 100, scheduler: class org.apache.hadoop.ipc.DefaultRpcScheduler, ipcBackoff: false.
2024-06-12 07:36:44,046 [main] INFO  ipc.Server (Server.java:<init>(1287)) - Listener at 0.0.0.0:15108
2024-06-12 07:36:44,049 [Socket Reader #1 for port 15108] INFO  ipc.Server (Server.java:run(1323)) - Starting Socket Reader #1 for port 15108
2024-06-12 07:36:44,051 [main] INFO  ozone.HddsDatanodeService (HddsDatanodeService.java:start(321)) - Datanode start with admins: [runner]
2024-06-12 07:36:44,051 [main] INFO  ozone.HddsDatanodeClientProtocolServer (HddsDatanodeClientProtocolServer.java:start(77)) - RPC server for Client /0.0.0.0:15108
2024-06-12 07:36:44,052 [IPC Server Responder] INFO  ipc.Server (Server.java:run(1562)) - IPC Server Responder: starting
2024-06-12 07:36:44,052 [IPC Server listener on 15108] INFO  ipc.Server (Server.java:run(1402)) - IPC Server listener on 15108: starting
2024-06-12 07:36:44,053 [main] WARN  dropwizard3.Dm3MetricRegistriesImpl (Dm3MetricRegistriesImpl.java:addReporterRegistration(113)) - New reporters are added after registries were created. Some metrics will be missing from the reporter. Please add reporter before adding any new registry.
2024-06-12 07:36:44,053 [main] WARN  dropwizard3.Dm3MetricRegistriesImpl (Dm3MetricRegistriesImpl.java:addReporterRegistration(113)) - New reporters are added after registries were created. Some metrics will be missing from the reporter. Please add reporter before adding any new registry.
2024-06-12 07:36:44,053 [main] INFO  impl.MetricsSystemImpl (MetricsSystemImpl.java:init(158)) - HddsDatanode metrics system started (again)
2024-06-12 07:36:44,053 [86e236ad-53d7-40fc-9454-d100b30595d4-DatanodeStateMachineDaemonThread] INFO  statemachine.DatanodeStateMachine (DatanodeStateMachine.java:lambda$startDaemon$1(545)) - Ozone container server started.
2024-06-12 07:36:44,062 [86e236ad-53d7-40fc-9454-d100b30595d4-DatanodeStateMachineTaskThread-0] INFO  datanode.InitDatanodeState (InitDatanodeState.java:persistContainerDatanodeDetails(139)) - DatanodeDetails is persisted to /home/runner/work/ozone/ozone/hadoop-ozone/integration-test/target/test-dir/MiniOzoneClusterImpl-63f03bc8-0399-4ce2-9c43-ca6ad8c463d8/ozone-meta/datanode-1/meta/datanode.id
2024-06-12 07:36:44,064 [main] INFO  ozone.HddsDatanodeService (HddsDatanodeService.java:start(237)) - HddsDatanodeService host:fv-az1443-254.azex4i42g1wuppa4al4w0zdaga.bx.internal.cloudapp.net ip:10.1.0.7
2024-06-12 07:36:44,065 [main] INFO  upgrade.AbstractLayoutVersionManager (AbstractLayoutVersionManager.java:init(83)) - Initializing Layout version manager with metadata layout = HADOOP_PRC_PORTS_IN_DATANODEDETAILS (version = 7), software layout = HADOOP_PRC_PORTS_IN_DATANODEDETAILS (version = 7)
2024-06-12 07:36:44,066 [main] INFO  statemachine.DatanodeStateMachine (DatanodeStateMachine.java:getEndPointTaskThreadPoolSize(293)) - Datanode State Machine Task Thread Pool size 2
2024-06-12 07:36:44,068 [main] INFO  volume.HddsVolume (HddsVolume.java:<init>(126)) - Creating HddsVolume: /home/runner/work/ozone/ozone/hadoop-ozone/integration-test/target/test-dir/MiniOzoneClusterImpl-63f03bc8-0399-4ce2-9c43-ca6ad8c463d8/ozone-meta/datanode-2/data-0/hdds of storage type : DISK capacity : 9222449699674390527
2024-06-12 07:36:44,068 [main] INFO  volume.MutableVolumeSet (MutableVolumeSet.java:initializeVolumeSet(173)) - Added Volume : /home/runner/work/ozone/ozone/hadoop-ozone/integration-test/target/test-dir/MiniOzoneClusterImpl-63f03bc8-0399-4ce2-9c43-ca6ad8c463d8/ozone-meta/datanode-2/data-0/hdds to VolumeSet
2024-06-12 07:36:44,069 [main] INFO  volume.MutableVolumeSet (MutableVolumeSet.java:initializeVolumeSet(173)) - Added Volume : /home/runner/work/ozone/ozone/hadoop-ozone/integration-test/target/test-dir/MiniOzoneClusterImpl-63f03bc8-0399-4ce2-9c43-ca6ad8c463d8/ozone-meta/datanode-2/ratis to VolumeSet
2024-06-12 07:36:44,070 [main] INFO  ozoneimpl.OzoneContainer (HddsVolumeUtil.java:loadAllHddsVolumeDbStore(103)) - Load 1 volumes DbStore cost: 1ms
2024-06-12 07:36:44,072 [main] INFO  server.RaftServer (ConfUtils.java:logGet(46)) - raft.rpc.type = GRPC (default)
2024-06-12 07:36:44,073 [main] INFO  grpc.GrpcConfigKeys (ConfUtils.java:logFallback(53)) - raft.grpc.admin.host = null (fallback to raft.grpc.server.host)
2024-06-12 07:36:44,073 [main] INFO  grpc.GrpcConfigKeys (ConfUtils.java:logGet(46)) - raft.grpc.admin.port = 15120 (custom)
2024-06-12 07:36:44,073 [main] INFO  grpc.GrpcConfigKeys (ConfUtils.java:logFallback(53)) - raft.grpc.client.host = null (fallback to raft.grpc.server.host)
2024-06-12 07:36:44,074 [main] INFO  grpc.GrpcConfigKeys (ConfUtils.java:logGet(46)) - raft.grpc.client.port = 15119 (custom)
2024-06-12 07:36:44,074 [main] INFO  grpc.GrpcConfigKeys (ConfUtils.java:logGet(46)) - raft.grpc.server.host = null (default)
2024-06-12 07:36:44,075 [main] INFO  grpc.GrpcConfigKeys (ConfUtils.java:logGet(46)) - raft.grpc.server.port = 15121 (custom)
2024-06-12 07:36:44,075 [main] INFO  server.GrpcService (ConfUtils.java:logGet(46)) - raft.grpc.message.size.max = 32MB (=33554432) (custom)
2024-06-12 07:36:44,075 [main] INFO  server.RaftServerConfigKeys (ConfUtils.java:logGet(46)) - raft.server.log.appender.buffer.byte-limit = 8388608 (custom)
2024-06-12 07:36:44,075 [main] INFO  server.GrpcService (ConfUtils.java:logGet(46)) - raft.grpc.flow.control.window = 5MB (=5242880) (custom)
2024-06-12 07:36:44,076 [main] INFO  server.RaftServerConfigKeys (ConfUtils.java:logGet(46)) - raft.server.rpc.request.timeout = 3000ms (default)
2024-06-12 07:36:44,076 [main] INFO  grpc.GrpcConfigKeys (ConfUtils.java:logGet(46)) - raft.grpc.server.heartbeat.channel = true (default)
2024-06-12 07:36:44,076 [main] INFO  grpc.GrpcConfigKeys (ConfUtils.java:logGet(46)) - raft.grpc.server.async.request.thread.pool.cached = true (default)
2024-06-12 07:36:44,076 [main] INFO  grpc.GrpcConfigKeys (ConfUtils.java:logGet(46)) - raft.grpc.server.async.request.thread.pool.size = 32 (default)
2024-06-12 07:36:44,078 [main] INFO  impl.DataStreamServerImpl (ConfUtils.java:logGet(46)) - raft.datastream.type = NETTY (custom)
2024-06-12 07:36:44,079 [main] INFO  server.RaftServerConfigKeys (ConfUtils.java:logGet(46)) - raft.server.data-stream.async.request.thread.pool.cached = false (default)
2024-06-12 07:36:44,079 [main] INFO  server.RaftServerConfigKeys (ConfUtils.java:logGet(46)) - raft.server.data-stream.async.request.thread.pool.size = 20 (custom)
2024-06-12 07:36:44,079 [main] INFO  server.RaftServerConfigKeys (ConfUtils.java:logGet(46)) - raft.server.data-stream.async.write.thread.pool.size = 16 (default)
2024-06-12 07:36:44,080 [main] INFO  netty.NettyConfigKeys$DataStream (ConfUtils.java:logGet(46)) - raft.netty.dataStream.server.channel.inactive.grace-period = 10min (default)
2024-06-12 07:36:44,080 [main] INFO  server.RaftServerConfigKeys (ConfUtils.java:logGet(46)) - raft.server.data-stream.client.pool.size = 10 (default)
2024-06-12 07:36:44,080 [main] INFO  netty.NettyConfigKeys$DataStream (ConfUtils.java:logGet(46)) - raft.netty.dataStream.server.use-epoll = true (default)
2024-06-12 07:36:44,081 [main] INFO  netty.NettyConfigKeys$DataStream (ConfUtils.java:logGet(46)) - raft.netty.dataStream.server.boss-group.size = 0 (default)
2024-06-12 07:36:44,081 [main] INFO  netty.NettyUtils (NettyUtils.java:newEventLoopGroup(69)) - Create EpollEventLoopGroup for 893f21cf-1739-427a-a93c-5929db1902c5-NettyServerStreamRpc-bossGroup; Thread size is 0.
2024-06-12 07:36:44,081 [main] INFO  netty.NettyConfigKeys$DataStream (ConfUtils.java:logGet(46)) - raft.netty.dataStream.server.worker-group.size = 0 (default)
2024-06-12 07:36:44,082 [main] INFO  netty.NettyUtils (NettyUtils.java:newEventLoopGroup(69)) - Create EpollEventLoopGroup for 893f21cf-1739-427a-a93c-5929db1902c5-NettyServerStreamRpc-workerGroup; Thread size is 0.
2024-06-12 07:36:44,082 [main] INFO  netty.NettyConfigKeys$DataStream (ConfUtils.java:logGet(46)) - raft.netty.dataStream.server.tls.conf = null (default)
2024-06-12 07:36:44,083 [main] INFO  netty.NettyConfigKeys$DataStream (ConfUtils.java:logGet(46)) - raft.netty.dataStream.host = null (default)
2024-06-12 07:36:44,083 [main] INFO  netty.NettyConfigKeys$DataStream (ConfUtils.java:logGet(46)) - raft.netty.dataStream.port = 15122 (custom)
2024-06-12 07:36:44,083 [main] INFO  server.RaftServerConfigKeys (ConfUtils.java:logGet(46)) - raft.server.sleep.deviation.threshold = 300ms (default)
2024-06-12 07:36:44,084 [main] INFO  server.RaftServerConfigKeys (ConfUtils.java:logGet(46)) - raft.server.close.threshold = 60s (default)
2024-06-12 07:36:44,084 [893f21cf-1739-427a-a93c-5929db1902c5-NettyServerStreamRpc-bossGroup--thread1] INFO  logging.LoggingHandler (AbstractInternalLogger.java:log(148)) - [id: 0xec98b42f] REGISTERED
2024-06-12 07:36:44,084 [893f21cf-1739-427a-a93c-5929db1902c5-NettyServerStreamRpc-bossGroup--thread1] INFO  logging.LoggingHandler (AbstractInternalLogger.java:log(148)) - [id: 0xec98b42f] BIND: 0.0.0.0/0.0.0.0:15122
2024-06-12 07:36:44,084 [893f21cf-1739-427a-a93c-5929db1902c5-NettyServerStreamRpc-bossGroup--thread1] INFO  logging.LoggingHandler (AbstractInternalLogger.java:log(148)) - [id: 0xec98b42f, L:/0.0.0.0:15122] ACTIVE
2024-06-12 07:36:44,084 [main] INFO  server.RaftServerConfigKeys (ConfUtils.java:logGet(46)) - raft.server.leaderelection.leader.step-down.wait-time = 10s (default)
2024-06-12 07:36:44,084 [main] INFO  server.RaftServerConfigKeys (ConfUtils.java:logGet(46)) - raft.server.storage.dir = [/home/runner/work/ozone/ozone/hadoop-ozone/integration-test/target/test-dir/MiniOzoneClusterImpl-63f03bc8-0399-4ce2-9c43-ca6ad8c463d8/ozone-meta/datanode-2/ratis] (custom)
2024-06-12 07:36:44,084 [main] INFO  server.RaftServerConfigKeys (ConfUtils.java:logGet(46)) - raft.server.threadpool.proxy.cached = true (default)
2024-06-12 07:36:44,085 [main] INFO  server.RaftServerConfigKeys (ConfUtils.java:logGet(46)) - raft.server.threadpool.proxy.size = 0 (default)
2024-06-12 07:36:44,085 [893f21cf-1739-427a-a93c-5929db1902c5-impl-thread1] INFO  server.RaftServer (RaftServerProxy.java:initGroupDir(264)) - 893f21cf-1739-427a-a93c-5929db1902c5: found a subdirectory /home/runner/work/ozone/ozone/hadoop-ozone/integration-test/target/test-dir/MiniOzoneClusterImpl-63f03bc8-0399-4ce2-9c43-ca6ad8c463d8/ozone-meta/datanode-2/ratis/tmp
2024-06-12 07:36:44,085 [893f21cf-1739-427a-a93c-5929db1902c5-impl-thread1] INFO  server.RaftServer (RaftServerProxy.java:initGroupDir(269)) - 893f21cf-1739-427a-a93c-5929db1902c5: The directory /home/runner/work/ozone/ozone/hadoop-ozone/integration-test/target/test-dir/MiniOzoneClusterImpl-63f03bc8-0399-4ce2-9c43-ca6ad8c463d8/ozone-meta/datanode-2/ratis/tmp is not a group directory; ignoring it. 
2024-06-12 07:36:44,085 [main] INFO  replication.ReplicationServer (ReplicationServer.java:<init>(86)) - Initializing replication server with thread count = 10 queue length = 4096
2024-06-12 07:36:44,086 [main] INFO  server.XceiverServerGrpc (XceiverServerGrpc.java:<init>(141)) - GrpcServer channel type EpollServerSocketChannel
2024-06-12 07:36:44,090 [main] INFO  replication.ReplicationSupervisor (ReplicationSupervisor.java:build(157)) - Initializing replication supervisor with thread count = 10
2024-06-12 07:36:44,090 [main] INFO  replication.ReplicationSupervisor (ReplicationSupervisor.java:nodeStateUpdated(312)) - Node state updated to IN_SERVICE, scaling executor pool size to 10
2024-06-12 07:36:44,092 [main] INFO  http.BaseHttpServer (BaseHttpServer.java:newHttpServer2BuilderForOzone(223)) - Starting Web-server for hddsDatanode at: http://0.0.0.0:15116
2024-06-12 07:36:44,092 [main] INFO  http.BaseHttpServer (BaseHttpServer.java:<init>(110)) - Hadoop Security Enabled: false Ozone Security Enabled: false Ozone HTTP Security Enabled: false 
2024-06-12 07:36:44,093 [main] WARN  server.AuthenticationFilter (AuthenticationFilter.java:constructSecretProvider(240)) - Unable to initialize FileSignerSecretProvider, falling back to use random secrets. Reason: Could not read signature secret file: /home/runner/hadoop-http-auth-signature-secret
2024-06-12 07:36:44,093 [main] INFO  http.HttpRequestLog (HttpRequestLog.java:getRequestLog(86)) - Http request log for http.requests.hddsDatanode is not defined
2024-06-12 07:36:44,094 [main] INFO  http.HttpServer2 (HttpServer2.java:addGlobalFilter(1036)) - Added global filter 'safety' (class=org.apache.hadoop.hdds.server.http.HttpServer2$QuotingInputFilter)
2024-06-12 07:36:44,095 [main] INFO  http.HttpServer2 (HttpServer2.java:addFilter(1012)) - Added filter static_user_filter (class=org.apache.hadoop.http.lib.StaticUserWebFilter$StaticUserFilter) to context hddsDatanode
2024-06-12 07:36:44,095 [main] INFO  http.HttpServer2 (HttpServer2.java:addFilter(1020)) - Added filter static_user_filter (class=org.apache.hadoop.http.lib.StaticUserWebFilter$StaticUserFilter) to context logs
2024-06-12 07:36:44,095 [main] INFO  http.HttpServer2 (HttpServer2.java:addFilter(1020)) - Added filter static_user_filter (class=org.apache.hadoop.http.lib.StaticUserWebFilter$StaticUserFilter) to context static
2024-06-12 07:36:44,096 [main] INFO  http.BaseHttpServer (BaseHttpServer.java:<init>(189)) - HTTP server of hddsDatanode uses base directory /home/runner/work/ozone/ozone/hadoop-ozone/integration-test/target/test-dir/MiniOzoneClusterImpl-63f03bc8-0399-4ce2-9c43-ca6ad8c463d8/ozone-meta/datanode-2/meta/webserver
2024-06-12 07:36:44,096 [main] INFO  http.HttpServer2 (HttpServer2.java:bindListener(1236)) - Jetty bound to port 15116
2024-06-12 07:36:44,096 [main] INFO  server.Server (Server.java:doStart(375)) - jetty-9.4.54.v20240208; built: 2024-02-08T19:42:39.027Z; git: cef3fbd6d736a21e7d541a5db490381d95a2047d; jvm 17.0.11+9
2024-06-12 07:36:44,098 [main] INFO  server.session (DefaultSessionIdManager.java:doStart(334)) - DefaultSessionIdManager workerName=node0
2024-06-12 07:36:44,098 [main] INFO  server.session (DefaultSessionIdManager.java:doStart(339)) - No SessionScavenger set, using defaults
2024-06-12 07:36:44,098 [main] INFO  server.session (HouseKeeper.java:startScavenging(132)) - node0 Scavenging every 660000ms
2024-06-12 07:36:44,099 [main] INFO  handler.ContextHandler (ContextHandler.java:doStart(921)) - Started o.e.j.s.ServletContextHandler@3c9d64e4{logs,/logs,file:///home/runner/work/ozone/ozone/hadoop-ozone/integration-test/target/log,AVAILABLE}
2024-06-12 07:36:44,099 [main] INFO  handler.ContextHandler (ContextHandler.java:doStart(921)) - Started o.e.j.s.ServletContextHandler@1c66272b{static,/static,file:///home/runner/work/ozone/ozone/hadoop-hdds/container-service/target/classes/webapps/static,AVAILABLE}
2024-06-12 07:36:44,104 [main] INFO  handler.ContextHandler (ContextHandler.java:doStart(921)) - Started o.e.j.w.WebAppContext@2eedd575{hddsDatanode,/,file:///home/runner/work/ozone/ozone/hadoop-hdds/container-service/target/classes/webapps/hddsDatanode/,AVAILABLE}{file:/home/runner/work/ozone/ozone/hadoop-hdds/container-service/target/classes/webapps/hddsDatanode}
2024-06-12 07:36:44,105 [main] INFO  server.AbstractConnector (AbstractConnector.java:doStart(333)) - Started ServerConnector@2c9b96af{HTTP/1.1, (http/1.1)}{0.0.0.0:15116}
2024-06-12 07:36:44,105 [main] INFO  server.Server (Server.java:doStart(415)) - Started @31312ms
2024-06-12 07:36:44,105 [main] WARN  impl.MetricsSystemImpl (MetricsSystemImpl.java:register(279)) - Sink prometheus already exists!
2024-06-12 07:36:44,105 [main] INFO  http.BaseHttpServer (BaseHttpServer.java:updateConnectorAddress(354)) - HTTP server of hddsDatanode listening at http://0.0.0.0:15116
2024-06-12 07:36:44,106 [main] INFO  ipc.CallQueueManager (CallQueueManager.java:<init>(90)) - Using callQueue: class java.util.concurrent.LinkedBlockingQueue, queueCapacity: 100, scheduler: class org.apache.hadoop.ipc.DefaultRpcScheduler, ipcBackoff: false.
2024-06-12 07:36:44,106 [main] INFO  ipc.Server (Server.java:<init>(1287)) - Listener at 0.0.0.0:15117
2024-06-12 07:36:44,106 [Socket Reader #1 for port 15117] INFO  ipc.Server (Server.java:run(1323)) - Starting Socket Reader #1 for port 15117
2024-06-12 07:36:44,107 [main] INFO  ozone.HddsDatanodeService (HddsDatanodeService.java:start(321)) - Datanode start with admins: [runner]
2024-06-12 07:36:44,107 [main] INFO  ozone.HddsDatanodeClientProtocolServer (HddsDatanodeClientProtocolServer.java:start(77)) - RPC server for Client /0.0.0.0:15117
2024-06-12 07:36:44,108 [IPC Server Responder] INFO  ipc.Server (Server.java:run(1562)) - IPC Server Responder: starting
2024-06-12 07:36:44,108 [893f21cf-1739-427a-a93c-5929db1902c5-DatanodeStateMachineDaemonThread] INFO  statemachine.DatanodeStateMachine (DatanodeStateMachine.java:lambda$startDaemon$1(545)) - Ozone container server started.
2024-06-12 07:36:44,108 [main] WARN  dropwizard3.Dm3MetricRegistriesImpl (Dm3MetricRegistriesImpl.java:addReporterRegistration(113)) - New reporters are added after registries were created. Some metrics will be missing from the reporter. Please add reporter before adding any new registry.
2024-06-12 07:36:44,108 [main] WARN  dropwizard3.Dm3MetricRegistriesImpl (Dm3MetricRegistriesImpl.java:addReporterRegistration(113)) - New reporters are added after registries were created. Some metrics will be missing from the reporter. Please add reporter before adding any new registry.
2024-06-12 07:36:44,108 [main] INFO  impl.MetricsSystemImpl (MetricsSystemImpl.java:init(158)) - HddsDatanode metrics system started (again)
2024-06-12 07:36:44,109 [IPC Server listener on 15117] INFO  ipc.Server (Server.java:run(1402)) - IPC Server listener on 15117: starting
2024-06-12 07:36:44,110 [893f21cf-1739-427a-a93c-5929db1902c5-DatanodeStateMachineTaskThread-0] INFO  datanode.InitDatanodeState (InitDatanodeState.java:persistContainerDatanodeDetails(139)) - DatanodeDetails is persisted to /home/runner/work/ozone/ozone/hadoop-ozone/integration-test/target/test-dir/MiniOzoneClusterImpl-63f03bc8-0399-4ce2-9c43-ca6ad8c463d8/ozone-meta/datanode-2/meta/datanode.id
2024-06-12 07:36:44,118 [main] INFO  ozone.HddsDatanodeService (HddsDatanodeService.java:start(237)) - HddsDatanodeService host:fv-az1443-254.azex4i42g1wuppa4al4w0zdaga.bx.internal.cloudapp.net ip:10.1.0.7
2024-06-12 07:36:44,119 [main] INFO  upgrade.AbstractLayoutVersionManager (AbstractLayoutVersionManager.java:init(83)) - Initializing Layout version manager with metadata layout = HADOOP_PRC_PORTS_IN_DATANODEDETAILS (version = 7), software layout = HADOOP_PRC_PORTS_IN_DATANODEDETAILS (version = 7)
2024-06-12 07:36:44,120 [main] INFO  statemachine.DatanodeStateMachine (DatanodeStateMachine.java:getEndPointTaskThreadPoolSize(293)) - Datanode State Machine Task Thread Pool size 2
2024-06-12 07:36:44,121 [main] INFO  volume.HddsVolume (HddsVolume.java:<init>(126)) - Creating HddsVolume: /home/runner/work/ozone/ozone/hadoop-ozone/integration-test/target/test-dir/MiniOzoneClusterImpl-63f03bc8-0399-4ce2-9c43-ca6ad8c463d8/ozone-meta/datanode-3/data-0/hdds of storage type : DISK capacity : 9222449699674390527
2024-06-12 07:36:44,121 [main] INFO  volume.MutableVolumeSet (MutableVolumeSet.java:initializeVolumeSet(173)) - Added Volume : /home/runner/work/ozone/ozone/hadoop-ozone/integration-test/target/test-dir/MiniOzoneClusterImpl-63f03bc8-0399-4ce2-9c43-ca6ad8c463d8/ozone-meta/datanode-3/data-0/hdds to VolumeSet
2024-06-12 07:36:44,122 [main] INFO  volume.MutableVolumeSet (MutableVolumeSet.java:initializeVolumeSet(173)) - Added Volume : /home/runner/work/ozone/ozone/hadoop-ozone/integration-test/target/test-dir/MiniOzoneClusterImpl-63f03bc8-0399-4ce2-9c43-ca6ad8c463d8/ozone-meta/datanode-3/ratis to VolumeSet
2024-06-12 07:36:44,122 [main] INFO  ozoneimpl.OzoneContainer (HddsVolumeUtil.java:loadAllHddsVolumeDbStore(103)) - Load 1 volumes DbStore cost: 0ms
2024-06-12 07:36:44,123 [main] INFO  server.RaftServer (ConfUtils.java:logGet(46)) - raft.rpc.type = GRPC (default)
2024-06-12 07:36:44,124 [main] INFO  grpc.GrpcConfigKeys (ConfUtils.java:logFallback(53)) - raft.grpc.admin.host = null (fallback to raft.grpc.server.host)
2024-06-12 07:36:44,124 [main] INFO  grpc.GrpcConfigKeys (ConfUtils.java:logGet(46)) - raft.grpc.admin.port = 15129 (custom)
2024-06-12 07:36:44,124 [main] INFO  grpc.GrpcConfigKeys (ConfUtils.java:logFallback(53)) - raft.grpc.client.host = null (fallback to raft.grpc.server.host)
2024-06-12 07:36:44,124 [main] INFO  grpc.GrpcConfigKeys (ConfUtils.java:logGet(46)) - raft.grpc.client.port = 15128 (custom)
2024-06-12 07:36:44,124 [main] INFO  grpc.GrpcConfigKeys (ConfUtils.java:logGet(46)) - raft.grpc.server.host = null (default)
2024-06-12 07:36:44,124 [main] INFO  grpc.GrpcConfigKeys (ConfUtils.java:logGet(46)) - raft.grpc.server.port = 15130 (custom)
2024-06-12 07:36:44,124 [main] INFO  server.GrpcService (ConfUtils.java:logGet(46)) - raft.grpc.message.size.max = 32MB (=33554432) (custom)
2024-06-12 07:36:44,124 [main] INFO  server.RaftServerConfigKeys (ConfUtils.java:logGet(46)) - raft.server.log.appender.buffer.byte-limit = 8388608 (custom)
2024-06-12 07:36:44,124 [main] INFO  server.GrpcService (ConfUtils.java:logGet(46)) - raft.grpc.flow.control.window = 5MB (=5242880) (custom)
2024-06-12 07:36:44,124 [main] INFO  server.RaftServerConfigKeys (ConfUtils.java:logGet(46)) - raft.server.rpc.request.timeout = 3000ms (default)
2024-06-12 07:36:44,124 [main] INFO  grpc.GrpcConfigKeys (ConfUtils.java:logGet(46)) - raft.grpc.server.heartbeat.channel = true (default)
2024-06-12 07:36:44,125 [main] INFO  grpc.GrpcConfigKeys (ConfUtils.java:logGet(46)) - raft.grpc.server.async.request.thread.pool.cached = true (default)
2024-06-12 07:36:44,125 [main] INFO  grpc.GrpcConfigKeys (ConfUtils.java:logGet(46)) - raft.grpc.server.async.request.thread.pool.size = 32 (default)
2024-06-12 07:36:44,126 [main] INFO  impl.DataStreamServerImpl (ConfUtils.java:logGet(46)) - raft.datastream.type = NETTY (custom)
2024-06-12 07:36:44,126 [main] INFO  server.RaftServerConfigKeys (ConfUtils.java:logGet(46)) - raft.server.data-stream.async.request.thread.pool.cached = false (default)
2024-06-12 07:36:44,126 [main] INFO  server.RaftServerConfigKeys (ConfUtils.java:logGet(46)) - raft.server.data-stream.async.request.thread.pool.size = 20 (custom)
2024-06-12 07:36:44,126 [main] INFO  server.RaftServerConfigKeys (ConfUtils.java:logGet(46)) - raft.server.data-stream.async.write.thread.pool.size = 16 (default)
2024-06-12 07:36:44,127 [main] INFO  netty.NettyConfigKeys$DataStream (ConfUtils.java:logGet(46)) - raft.netty.dataStream.server.channel.inactive.grace-period = 10min (default)
2024-06-12 07:36:44,127 [main] INFO  server.RaftServerConfigKeys (ConfUtils.java:logGet(46)) - raft.server.data-stream.client.pool.size = 10 (default)
2024-06-12 07:36:44,127 [main] INFO  netty.NettyConfigKeys$DataStream (ConfUtils.java:logGet(46)) - raft.netty.dataStream.server.use-epoll = true (default)
2024-06-12 07:36:44,127 [main] INFO  netty.NettyConfigKeys$DataStream (ConfUtils.java:logGet(46)) - raft.netty.dataStream.server.boss-group.size = 0 (default)
2024-06-12 07:36:44,127 [main] INFO  netty.NettyUtils (NettyUtils.java:newEventLoopGroup(69)) - Create EpollEventLoopGroup for 8c3b1af4-43ff-4c22-ad10-b37d9e41628a-NettyServerStreamRpc-bossGroup; Thread size is 0.
2024-06-12 07:36:44,127 [main] INFO  netty.NettyConfigKeys$DataStream (ConfUtils.java:logGet(46)) - raft.netty.dataStream.server.worker-group.size = 0 (default)
2024-06-12 07:36:44,127 [main] INFO  netty.NettyUtils (NettyUtils.java:newEventLoopGroup(69)) - Create EpollEventLoopGroup for 8c3b1af4-43ff-4c22-ad10-b37d9e41628a-NettyServerStreamRpc-workerGroup; Thread size is 0.
2024-06-12 07:36:44,127 [main] INFO  netty.NettyConfigKeys$DataStream (ConfUtils.java:logGet(46)) - raft.netty.dataStream.server.tls.conf = null (default)
2024-06-12 07:36:44,128 [main] INFO  netty.NettyConfigKeys$DataStream (ConfUtils.java:logGet(46)) - raft.netty.dataStream.host = null (default)
2024-06-12 07:36:44,128 [main] INFO  netty.NettyConfigKeys$DataStream (ConfUtils.java:logGet(46)) - raft.netty.dataStream.port = 15131 (custom)
2024-06-12 07:36:44,129 [main] INFO  server.RaftServerConfigKeys (ConfUtils.java:logGet(46)) - raft.server.sleep.deviation.threshold = 300ms (default)
2024-06-12 07:36:44,129 [main] INFO  server.RaftServerConfigKeys (ConfUtils.java:logGet(46)) - raft.server.close.threshold = 60s (default)
2024-06-12 07:36:44,130 [main] INFO  server.RaftServerConfigKeys (ConfUtils.java:logGet(46)) - raft.server.leaderelection.leader.step-down.wait-time = 10s (default)
2024-06-12 07:36:44,130 [main] INFO  server.RaftServerConfigKeys (ConfUtils.java:logGet(46)) - raft.server.storage.dir = [/home/runner/work/ozone/ozone/hadoop-ozone/integration-test/target/test-dir/MiniOzoneClusterImpl-63f03bc8-0399-4ce2-9c43-ca6ad8c463d8/ozone-meta/datanode-3/ratis] (custom)
2024-06-12 07:36:44,130 [main] INFO  server.RaftServerConfigKeys (ConfUtils.java:logGet(46)) - raft.server.threadpool.proxy.cached = true (default)
2024-06-12 07:36:44,130 [main] INFO  server.RaftServerConfigKeys (ConfUtils.java:logGet(46)) - raft.server.threadpool.proxy.size = 0 (default)
2024-06-12 07:36:44,130 [8c3b1af4-43ff-4c22-ad10-b37d9e41628a-NettyServerStreamRpc-bossGroup--thread1] INFO  logging.LoggingHandler (AbstractInternalLogger.java:log(148)) - [id: 0xc59292d9] REGISTERED
2024-06-12 07:36:44,131 [8c3b1af4-43ff-4c22-ad10-b37d9e41628a-NettyServerStreamRpc-bossGroup--thread1] INFO  logging.LoggingHandler (AbstractInternalLogger.java:log(148)) - [id: 0xc59292d9] BIND: 0.0.0.0/0.0.0.0:15131
2024-06-12 07:36:44,131 [8c3b1af4-43ff-4c22-ad10-b37d9e41628a-NettyServerStreamRpc-bossGroup--thread1] INFO  logging.LoggingHandler (AbstractInternalLogger.java:log(148)) - [id: 0xc59292d9, L:/0.0.0.0:15131] ACTIVE
2024-06-12 07:36:44,132 [8c3b1af4-43ff-4c22-ad10-b37d9e41628a-impl-thread1] INFO  server.RaftServer (RaftServerProxy.java:initGroupDir(264)) - 8c3b1af4-43ff-4c22-ad10-b37d9e41628a: found a subdirectory /home/runner/work/ozone/ozone/hadoop-ozone/integration-test/target/test-dir/MiniOzoneClusterImpl-63f03bc8-0399-4ce2-9c43-ca6ad8c463d8/ozone-meta/datanode-3/ratis/tmp
2024-06-12 07:36:44,132 [8c3b1af4-43ff-4c22-ad10-b37d9e41628a-impl-thread1] INFO  server.RaftServer (RaftServerProxy.java:initGroupDir(269)) - 8c3b1af4-43ff-4c22-ad10-b37d9e41628a: The directory /home/runner/work/ozone/ozone/hadoop-ozone/integration-test/target/test-dir/MiniOzoneClusterImpl-63f03bc8-0399-4ce2-9c43-ca6ad8c463d8/ozone-meta/datanode-3/ratis/tmp is not a group directory; ignoring it. 
2024-06-12 07:36:44,133 [main] INFO  replication.ReplicationServer (ReplicationServer.java:<init>(86)) - Initializing replication server with thread count = 10 queue length = 4096
2024-06-12 07:36:44,134 [main] INFO  server.XceiverServerGrpc (XceiverServerGrpc.java:<init>(141)) - GrpcServer channel type EpollServerSocketChannel
2024-06-12 07:36:44,136 [main] INFO  replication.ReplicationSupervisor (ReplicationSupervisor.java:build(157)) - Initializing replication supervisor with thread count = 10
2024-06-12 07:36:44,136 [main] INFO  replication.ReplicationSupervisor (ReplicationSupervisor.java:nodeStateUpdated(312)) - Node state updated to IN_SERVICE, scaling executor pool size to 10
2024-06-12 07:36:44,140 [main] INFO  http.BaseHttpServer (BaseHttpServer.java:newHttpServer2BuilderForOzone(223)) - Starting Web-server for hddsDatanode at: http://0.0.0.0:15125
2024-06-12 07:36:44,141 [main] INFO  http.BaseHttpServer (BaseHttpServer.java:<init>(110)) - Hadoop Security Enabled: false Ozone Security Enabled: false Ozone HTTP Security Enabled: false 
2024-06-12 07:36:44,142 [main] WARN  server.AuthenticationFilter (AuthenticationFilter.java:constructSecretProvider(240)) - Unable to initialize FileSignerSecretProvider, falling back to use random secrets. Reason: Could not read signature secret file: /home/runner/hadoop-http-auth-signature-secret
2024-06-12 07:36:44,142 [main] INFO  http.HttpRequestLog (HttpRequestLog.java:getRequestLog(86)) - Http request log for http.requests.hddsDatanode is not defined
2024-06-12 07:36:44,144 [main] INFO  http.HttpServer2 (HttpServer2.java:addGlobalFilter(1036)) - Added global filter 'safety' (class=org.apache.hadoop.hdds.server.http.HttpServer2$QuotingInputFilter)
2024-06-12 07:36:44,144 [main] INFO  http.HttpServer2 (HttpServer2.java:addFilter(1012)) - Added filter static_user_filter (class=org.apache.hadoop.http.lib.StaticUserWebFilter$StaticUserFilter) to context hddsDatanode
2024-06-12 07:36:44,144 [main] INFO  http.HttpServer2 (HttpServer2.java:addFilter(1020)) - Added filter static_user_filter (class=org.apache.hadoop.http.lib.StaticUserWebFilter$StaticUserFilter) to context logs
2024-06-12 07:36:44,144 [main] INFO  http.HttpServer2 (HttpServer2.java:addFilter(1020)) - Added filter static_user_filter (class=org.apache.hadoop.http.lib.StaticUserWebFilter$StaticUserFilter) to context static
2024-06-12 07:36:44,145 [main] INFO  http.BaseHttpServer (BaseHttpServer.java:<init>(189)) - HTTP server of hddsDatanode uses base directory /home/runner/work/ozone/ozone/hadoop-ozone/integration-test/target/test-dir/MiniOzoneClusterImpl-63f03bc8-0399-4ce2-9c43-ca6ad8c463d8/ozone-meta/datanode-3/meta/webserver
2024-06-12 07:36:44,145 [main] INFO  http.HttpServer2 (HttpServer2.java:bindListener(1236)) - Jetty bound to port 15125
2024-06-12 07:36:44,145 [main] INFO  server.Server (Server.java:doStart(375)) - jetty-9.4.54.v20240208; built: 2024-02-08T19:42:39.027Z; git: cef3fbd6d736a21e7d541a5db490381d95a2047d; jvm 17.0.11+9
2024-06-12 07:36:44,153 [main] INFO  server.session (DefaultSessionIdManager.java:doStart(334)) - DefaultSessionIdManager workerName=node0
2024-06-12 07:36:44,153 [main] INFO  server.session (DefaultSessionIdManager.java:doStart(339)) - No SessionScavenger set, using defaults
2024-06-12 07:36:44,153 [main] INFO  server.session (HouseKeeper.java:startScavenging(132)) - node0 Scavenging every 600000ms
2024-06-12 07:36:44,154 [main] INFO  handler.ContextHandler (ContextHandler.java:doStart(921)) - Started o.e.j.s.ServletContextHandler@5572f9d1{logs,/logs,file:///home/runner/work/ozone/ozone/hadoop-ozone/integration-test/target/log,AVAILABLE}
2024-06-12 07:36:44,154 [main] INFO  handler.ContextHandler (ContextHandler.java:doStart(921)) - Started o.e.j.s.ServletContextHandler@60399d13{static,/static,file:///home/runner/work/ozone/ozone/hadoop-hdds/container-service/target/classes/webapps/static,AVAILABLE}
2024-06-12 07:36:44,159 [main] INFO  handler.ContextHandler (ContextHandler.java:doStart(921)) - Started o.e.j.w.WebAppContext@1f4c8062{hddsDatanode,/,file:///home/runner/work/ozone/ozone/hadoop-hdds/container-service/target/classes/webapps/hddsDatanode/,AVAILABLE}{file:/home/runner/work/ozone/ozone/hadoop-hdds/container-service/target/classes/webapps/hddsDatanode}
2024-06-12 07:36:44,159 [main] INFO  server.AbstractConnector (AbstractConnector.java:doStart(333)) - Started ServerConnector@63f562b8{HTTP/1.1, (http/1.1)}{0.0.0.0:15125}
2024-06-12 07:36:44,159 [main] INFO  server.Server (Server.java:doStart(415)) - Started @31366ms
2024-06-12 07:36:44,159 [main] WARN  impl.MetricsSystemImpl (MetricsSystemImpl.java:register(279)) - Sink prometheus already exists!
2024-06-12 07:36:44,160 [main] INFO  http.BaseHttpServer (BaseHttpServer.java:updateConnectorAddress(354)) - HTTP server of hddsDatanode listening at http://0.0.0.0:15125
2024-06-12 07:36:44,160 [main] INFO  ipc.CallQueueManager (CallQueueManager.java:<init>(90)) - Using callQueue: class java.util.concurrent.LinkedBlockingQueue, queueCapacity: 100, scheduler: class org.apache.hadoop.ipc.DefaultRpcScheduler, ipcBackoff: false.
2024-06-12 07:36:44,160 [main] INFO  ipc.Server (Server.java:<init>(1287)) - Listener at 0.0.0.0:15126
2024-06-12 07:36:44,161 [Socket Reader #1 for port 15126] INFO  ipc.Server (Server.java:run(1323)) - Starting Socket Reader #1 for port 15126
2024-06-12 07:36:44,163 [main] INFO  ozone.HddsDatanodeService (HddsDatanodeService.java:start(321)) - Datanode start with admins: [runner]
2024-06-12 07:36:44,163 [main] INFO  ozone.HddsDatanodeClientProtocolServer (HddsDatanodeClientProtocolServer.java:start(77)) - RPC server for Client /0.0.0.0:15126
2024-06-12 07:36:44,163 [IPC Server listener on 15126] INFO  ipc.Server (Server.java:run(1402)) - IPC Server listener on 15126: starting
2024-06-12 07:36:44,163 [IPC Server Responder] INFO  ipc.Server (Server.java:run(1562)) - IPC Server Responder: starting
2024-06-12 07:36:44,163 [8c3b1af4-43ff-4c22-ad10-b37d9e41628a-DatanodeStateMachineDaemonThread] INFO  statemachine.DatanodeStateMachine (DatanodeStateMachine.java:lambda$startDaemon$1(545)) - Ozone container server started.
2024-06-12 07:36:44,163 [main] WARN  dropwizard3.Dm3MetricRegistriesImpl (Dm3MetricRegistriesImpl.java:addReporterRegistration(113)) - New reporters are added after registries were created. Some metrics will be missing from the reporter. Please add reporter before adding any new registry.
2024-06-12 07:36:44,164 [main] WARN  dropwizard3.Dm3MetricRegistriesImpl (Dm3MetricRegistriesImpl.java:addReporterRegistration(113)) - New reporters are added after registries were created. Some metrics will be missing from the reporter. Please add reporter before adding any new registry.
2024-06-12 07:36:44,164 [main] INFO  impl.MetricsSystemImpl (MetricsSystemImpl.java:init(158)) - HddsDatanode metrics system started (again)
2024-06-12 07:36:44,174 [8c3b1af4-43ff-4c22-ad10-b37d9e41628a-DatanodeStateMachineTaskThread-0] INFO  datanode.InitDatanodeState (InitDatanodeState.java:persistContainerDatanodeDetails(139)) - DatanodeDetails is persisted to /home/runner/work/ozone/ozone/hadoop-ozone/integration-test/target/test-dir/MiniOzoneClusterImpl-63f03bc8-0399-4ce2-9c43-ca6ad8c463d8/ozone-meta/datanode-3/meta/datanode.id
2024-06-12 07:36:44,177 [main] INFO  ozone.HddsDatanodeService (HddsDatanodeService.java:start(237)) - HddsDatanodeService host:fv-az1443-254.azex4i42g1wuppa4al4w0zdaga.bx.internal.cloudapp.net ip:10.1.0.7
2024-06-12 07:36:44,179 [main] INFO  upgrade.AbstractLayoutVersionManager (AbstractLayoutVersionManager.java:init(83)) - Initializing Layout version manager with metadata layout = HADOOP_PRC_PORTS_IN_DATANODEDETAILS (version = 7), software layout = HADOOP_PRC_PORTS_IN_DATANODEDETAILS (version = 7)
2024-06-12 07:36:44,180 [main] INFO  statemachine.DatanodeStateMachine (DatanodeStateMachine.java:getEndPointTaskThreadPoolSize(293)) - Datanode State Machine Task Thread Pool size 2
2024-06-12 07:36:44,182 [main] INFO  volume.HddsVolume (HddsVolume.java:<init>(126)) - Creating HddsVolume: /home/runner/work/ozone/ozone/hadoop-ozone/integration-test/target/test-dir/MiniOzoneClusterImpl-63f03bc8-0399-4ce2-9c43-ca6ad8c463d8/ozone-meta/datanode-4/data-0/hdds of storage type : DISK capacity : 9222449699674390527
2024-06-12 07:36:44,182 [main] INFO  volume.MutableVolumeSet (MutableVolumeSet.java:initializeVolumeSet(173)) - Added Volume : /home/runner/work/ozone/ozone/hadoop-ozone/integration-test/target/test-dir/MiniOzoneClusterImpl-63f03bc8-0399-4ce2-9c43-ca6ad8c463d8/ozone-meta/datanode-4/data-0/hdds to VolumeSet
2024-06-12 07:36:44,183 [main] INFO  volume.MutableVolumeSet (MutableVolumeSet.java:initializeVolumeSet(173)) - Added Volume : /home/runner/work/ozone/ozone/hadoop-ozone/integration-test/target/test-dir/MiniOzoneClusterImpl-63f03bc8-0399-4ce2-9c43-ca6ad8c463d8/ozone-meta/datanode-4/ratis to VolumeSet
2024-06-12 07:36:44,183 [main] INFO  ozoneimpl.OzoneContainer (HddsVolumeUtil.java:loadAllHddsVolumeDbStore(103)) - Load 1 volumes DbStore cost: 0ms
2024-06-12 07:36:44,186 [main] INFO  server.RaftServer (ConfUtils.java:logGet(46)) - raft.rpc.type = GRPC (default)
2024-06-12 07:36:44,186 [main] INFO  grpc.GrpcConfigKeys (ConfUtils.java:logFallback(53)) - raft.grpc.admin.host = null (fallback to raft.grpc.server.host)
2024-06-12 07:36:44,186 [main] INFO  grpc.GrpcConfigKeys (ConfUtils.java:logGet(46)) - raft.grpc.admin.port = 15138 (custom)
2024-06-12 07:36:44,187 [main] INFO  grpc.GrpcConfigKeys (ConfUtils.java:logFallback(53)) - raft.grpc.client.host = null (fallback to raft.grpc.server.host)
2024-06-12 07:36:44,187 [main] INFO  grpc.GrpcConfigKeys (ConfUtils.java:logGet(46)) - raft.grpc.client.port = 15137 (custom)
2024-06-12 07:36:44,187 [main] INFO  grpc.GrpcConfigKeys (ConfUtils.java:logGet(46)) - raft.grpc.server.host = null (default)
2024-06-12 07:36:44,187 [main] INFO  grpc.GrpcConfigKeys (ConfUtils.java:logGet(46)) - raft.grpc.server.port = 15139 (custom)
2024-06-12 07:36:44,187 [main] INFO  server.GrpcService (ConfUtils.java:logGet(46)) - raft.grpc.message.size.max = 32MB (=33554432) (custom)
2024-06-12 07:36:44,187 [main] INFO  server.RaftServerConfigKeys (ConfUtils.java:logGet(46)) - raft.server.log.appender.buffer.byte-limit = 8388608 (custom)
2024-06-12 07:36:44,187 [main] INFO  server.GrpcService (ConfUtils.java:logGet(46)) - raft.grpc.flow.control.window = 5MB (=5242880) (custom)
2024-06-12 07:36:44,187 [main] INFO  server.RaftServerConfigKeys (ConfUtils.java:logGet(46)) - raft.server.rpc.request.timeout = 3000ms (default)
2024-06-12 07:36:44,187 [main] INFO  grpc.GrpcConfigKeys (ConfUtils.java:logGet(46)) - raft.grpc.server.heartbeat.channel = true (default)
2024-06-12 07:36:44,188 [main] INFO  grpc.GrpcConfigKeys (ConfUtils.java:logGet(46)) - raft.grpc.server.async.request.thread.pool.cached = true (default)
2024-06-12 07:36:44,188 [main] INFO  grpc.GrpcConfigKeys (ConfUtils.java:logGet(46)) - raft.grpc.server.async.request.thread.pool.size = 32 (default)
2024-06-12 07:36:44,190 [main] INFO  impl.DataStreamServerImpl (ConfUtils.java:logGet(46)) - raft.datastream.type = NETTY (custom)
2024-06-12 07:36:44,190 [main] INFO  server.RaftServerConfigKeys (ConfUtils.java:logGet(46)) - raft.server.data-stream.async.request.thread.pool.cached = false (default)
2024-06-12 07:36:44,190 [main] INFO  server.RaftServerConfigKeys (ConfUtils.java:logGet(46)) - raft.server.data-stream.async.request.thread.pool.size = 20 (custom)
2024-06-12 07:36:44,190 [main] INFO  server.RaftServerConfigKeys (ConfUtils.java:logGet(46)) - raft.server.data-stream.async.write.thread.pool.size = 16 (default)
2024-06-12 07:36:44,191 [main] INFO  netty.NettyConfigKeys$DataStream (ConfUtils.java:logGet(46)) - raft.netty.dataStream.server.channel.inactive.grace-period = 10min (default)
2024-06-12 07:36:44,191 [main] INFO  server.RaftServerConfigKeys (ConfUtils.java:logGet(46)) - raft.server.data-stream.client.pool.size = 10 (default)
2024-06-12 07:36:44,191 [main] INFO  netty.NettyConfigKeys$DataStream (ConfUtils.java:logGet(46)) - raft.netty.dataStream.server.use-epoll = true (default)
2024-06-12 07:36:44,191 [main] INFO  netty.NettyConfigKeys$DataStream (ConfUtils.java:logGet(46)) - raft.netty.dataStream.server.boss-group.size = 0 (default)
2024-06-12 07:36:44,191 [main] INFO  netty.NettyUtils (NettyUtils.java:newEventLoopGroup(69)) - Create EpollEventLoopGroup for 6f841693-a0f5-4238-8e94-5d49f60504b4-NettyServerStreamRpc-bossGroup; Thread size is 0.
2024-06-12 07:36:44,191 [main] INFO  netty.NettyConfigKeys$DataStream (ConfUtils.java:logGet(46)) - raft.netty.dataStream.server.worker-group.size = 0 (default)
2024-06-12 07:36:44,191 [main] INFO  netty.NettyUtils (NettyUtils.java:newEventLoopGroup(69)) - Create EpollEventLoopGroup for 6f841693-a0f5-4238-8e94-5d49f60504b4-NettyServerStreamRpc-workerGroup; Thread size is 0.
2024-06-12 07:36:44,192 [main] INFO  netty.NettyConfigKeys$DataStream (ConfUtils.java:logGet(46)) - raft.netty.dataStream.server.tls.conf = null (default)
2024-06-12 07:36:44,192 [main] INFO  netty.NettyConfigKeys$DataStream (ConfUtils.java:logGet(46)) - raft.netty.dataStream.host = null (default)
2024-06-12 07:36:44,192 [main] INFO  netty.NettyConfigKeys$DataStream (ConfUtils.java:logGet(46)) - raft.netty.dataStream.port = 15140 (custom)
2024-06-12 07:36:44,192 [main] INFO  server.RaftServerConfigKeys (ConfUtils.java:logGet(46)) - raft.server.sleep.deviation.threshold = 300ms (default)
2024-06-12 07:36:44,193 [main] INFO  server.RaftServerConfigKeys (ConfUtils.java:logGet(46)) - raft.server.close.threshold = 60s (default)
2024-06-12 07:36:44,193 [main] INFO  server.RaftServerConfigKeys (ConfUtils.java:logGet(46)) - raft.server.leaderelection.leader.step-down.wait-time = 10s (default)
2024-06-12 07:36:44,193 [main] INFO  server.RaftServerConfigKeys (ConfUtils.java:logGet(46)) - raft.server.storage.dir = [/home/runner/work/ozone/ozone/hadoop-ozone/integration-test/target/test-dir/MiniOzoneClusterImpl-63f03bc8-0399-4ce2-9c43-ca6ad8c463d8/ozone-meta/datanode-4/ratis] (custom)
2024-06-12 07:36:44,193 [main] INFO  server.RaftServerConfigKeys (ConfUtils.java:logGet(46)) - raft.server.threadpool.proxy.cached = true (default)
2024-06-12 07:36:44,193 [main] INFO  server.RaftServerConfigKeys (ConfUtils.java:logGet(46)) - raft.server.threadpool.proxy.size = 0 (default)
2024-06-12 07:36:44,193 [6f841693-a0f5-4238-8e94-5d49f60504b4-NettyServerStreamRpc-bossGroup--thread1] INFO  logging.LoggingHandler (AbstractInternalLogger.java:log(148)) - [id: 0x088d9436] REGISTERED
2024-06-12 07:36:44,194 [6f841693-a0f5-4238-8e94-5d49f60504b4-NettyServerStreamRpc-bossGroup--thread1] INFO  logging.LoggingHandler (AbstractInternalLogger.java:log(148)) - [id: 0x088d9436] BIND: 0.0.0.0/0.0.0.0:15140
2024-06-12 07:36:44,194 [6f841693-a0f5-4238-8e94-5d49f60504b4-NettyServerStreamRpc-bossGroup--thread1] INFO  logging.LoggingHandler (AbstractInternalLogger.java:log(148)) - [id: 0x088d9436, L:/0.0.0.0:15140] ACTIVE
2024-06-12 07:36:44,194 [6f841693-a0f5-4238-8e94-5d49f60504b4-impl-thread1] INFO  server.RaftServer (RaftServerProxy.java:initGroupDir(264)) - 6f841693-a0f5-4238-8e94-5d49f60504b4: found a subdirectory /home/runner/work/ozone/ozone/hadoop-ozone/integration-test/target/test-dir/MiniOzoneClusterImpl-63f03bc8-0399-4ce2-9c43-ca6ad8c463d8/ozone-meta/datanode-4/ratis/tmp
2024-06-12 07:36:44,194 [6f841693-a0f5-4238-8e94-5d49f60504b4-impl-thread1] INFO  server.RaftServer (RaftServerProxy.java:initGroupDir(269)) - 6f841693-a0f5-4238-8e94-5d49f60504b4: The directory /home/runner/work/ozone/ozone/hadoop-ozone/integration-test/target/test-dir/MiniOzoneClusterImpl-63f03bc8-0399-4ce2-9c43-ca6ad8c463d8/ozone-meta/datanode-4/ratis/tmp is not a group directory; ignoring it. 
2024-06-12 07:36:44,194 [main] INFO  replication.ReplicationServer (ReplicationServer.java:<init>(86)) - Initializing replication server with thread count = 10 queue length = 4096
2024-06-12 07:36:44,195 [main] INFO  server.XceiverServerGrpc (XceiverServerGrpc.java:<init>(141)) - GrpcServer channel type EpollServerSocketChannel
2024-06-12 07:36:44,197 [main] INFO  replication.ReplicationSupervisor (ReplicationSupervisor.java:build(157)) - Initializing replication supervisor with thread count = 10
2024-06-12 07:36:44,197 [main] INFO  replication.ReplicationSupervisor (ReplicationSupervisor.java:nodeStateUpdated(312)) - Node state updated to IN_SERVICE, scaling executor pool size to 10
2024-06-12 07:36:44,199 [main] INFO  http.BaseHttpServer (BaseHttpServer.java:newHttpServer2BuilderForOzone(223)) - Starting Web-server for hddsDatanode at: http://0.0.0.0:15134
2024-06-12 07:36:44,199 [main] INFO  http.BaseHttpServer (BaseHttpServer.java:<init>(110)) - Hadoop Security Enabled: false Ozone Security Enabled: false Ozone HTTP Security Enabled: false 
2024-06-12 07:36:44,200 [main] WARN  server.AuthenticationFilter (AuthenticationFilter.java:constructSecretProvider(240)) - Unable to initialize FileSignerSecretProvider, falling back to use random secrets. Reason: Could not read signature secret file: /home/runner/hadoop-http-auth-signature-secret
2024-06-12 07:36:44,200 [main] INFO  http.HttpRequestLog (HttpRequestLog.java:getRequestLog(86)) - Http request log for http.requests.hddsDatanode is not defined
2024-06-12 07:36:44,202 [main] INFO  http.HttpServer2 (HttpServer2.java:addGlobalFilter(1036)) - Added global filter 'safety' (class=org.apache.hadoop.hdds.server.http.HttpServer2$QuotingInputFilter)
2024-06-12 07:36:44,202 [main] INFO  http.HttpServer2 (HttpServer2.java:addFilter(1012)) - Added filter static_user_filter (class=org.apache.hadoop.http.lib.StaticUserWebFilter$StaticUserFilter) to context hddsDatanode
2024-06-12 07:36:44,202 [main] INFO  http.HttpServer2 (HttpServer2.java:addFilter(1020)) - Added filter static_user_filter (class=org.apache.hadoop.http.lib.StaticUserWebFilter$StaticUserFilter) to context logs
2024-06-12 07:36:44,202 [main] INFO  http.HttpServer2 (HttpServer2.java:addFilter(1020)) - Added filter static_user_filter (class=org.apache.hadoop.http.lib.StaticUserWebFilter$StaticUserFilter) to context static
2024-06-12 07:36:44,203 [main] INFO  http.BaseHttpServer (BaseHttpServer.java:<init>(189)) - HTTP server of hddsDatanode uses base directory /home/runner/work/ozone/ozone/hadoop-ozone/integration-test/target/test-dir/MiniOzoneClusterImpl-63f03bc8-0399-4ce2-9c43-ca6ad8c463d8/ozone-meta/datanode-4/meta/webserver
2024-06-12 07:36:44,203 [main] INFO  http.HttpServer2 (HttpServer2.java:bindListener(1236)) - Jetty bound to port 15134
2024-06-12 07:36:44,203 [main] INFO  server.Server (Server.java:doStart(375)) - jetty-9.4.54.v20240208; built: 2024-02-08T19:42:39.027Z; git: cef3fbd6d736a21e7d541a5db490381d95a2047d; jvm 17.0.11+9
2024-06-12 07:36:44,214 [main] INFO  server.session (DefaultSessionIdManager.java:doStart(334)) - DefaultSessionIdManager workerName=node0
2024-06-12 07:36:44,214 [main] INFO  server.session (DefaultSessionIdManager.java:doStart(339)) - No SessionScavenger set, using defaults
2024-06-12 07:36:44,214 [main] INFO  server.session (HouseKeeper.java:startScavenging(132)) - node0 Scavenging every 660000ms
2024-06-12 07:36:44,215 [main] INFO  handler.ContextHandler (ContextHandler.java:doStart(921)) - Started o.e.j.s.ServletContextHandler@b54cfd8{logs,/logs,file:///home/runner/work/ozone/ozone/hadoop-ozone/integration-test/target/log,AVAILABLE}
2024-06-12 07:36:44,215 [main] INFO  handler.ContextHandler (ContextHandler.java:doStart(921)) - Started o.e.j.s.ServletContextHandler@62f4ae5a{static,/static,file:///home/runner/work/ozone/ozone/hadoop-hdds/container-service/target/classes/webapps/static,AVAILABLE}
2024-06-12 07:36:44,219 [main] INFO  handler.ContextHandler (ContextHandler.java:doStart(921)) - Started o.e.j.w.WebAppContext@c370bb5{hddsDatanode,/,file:///home/runner/work/ozone/ozone/hadoop-hdds/container-service/target/classes/webapps/hddsDatanode/,AVAILABLE}{file:/home/runner/work/ozone/ozone/hadoop-hdds/container-service/target/classes/webapps/hddsDatanode}
2024-06-12 07:36:44,220 [main] INFO  server.AbstractConnector (AbstractConnector.java:doStart(333)) - Started ServerConnector@53ca202f{HTTP/1.1, (http/1.1)}{0.0.0.0:15134}
2024-06-12 07:36:44,220 [main] INFO  server.Server (Server.java:doStart(415)) - Started @31427ms
2024-06-12 07:36:44,220 [main] WARN  impl.MetricsSystemImpl (MetricsSystemImpl.java:register(279)) - Sink prometheus already exists!
2024-06-12 07:36:44,221 [main] INFO  http.BaseHttpServer (BaseHttpServer.java:updateConnectorAddress(354)) - HTTP server of hddsDatanode listening at http://0.0.0.0:15134
2024-06-12 07:36:44,221 [main] INFO  ipc.CallQueueManager (CallQueueManager.java:<init>(90)) - Using callQueue: class java.util.concurrent.LinkedBlockingQueue, queueCapacity: 100, scheduler: class org.apache.hadoop.ipc.DefaultRpcScheduler, ipcBackoff: false.
2024-06-12 07:36:44,222 [main] INFO  ipc.Server (Server.java:<init>(1287)) - Listener at 0.0.0.0:15135
2024-06-12 07:36:44,222 [Socket Reader #1 for port 15135] INFO  ipc.Server (Server.java:run(1323)) - Starting Socket Reader #1 for port 15135
2024-06-12 07:36:44,225 [main] INFO  ozone.HddsDatanodeService (HddsDatanodeService.java:start(321)) - Datanode start with admins: [runner]
2024-06-12 07:36:44,225 [main] INFO  ozone.HddsDatanodeClientProtocolServer (HddsDatanodeClientProtocolServer.java:start(77)) - RPC server for Client /0.0.0.0:15135
2024-06-12 07:36:44,225 [IPC Server Responder] INFO  ipc.Server (Server.java:run(1562)) - IPC Server Responder: starting
2024-06-12 07:36:44,226 [IPC Server listener on 15135] INFO  ipc.Server (Server.java:run(1402)) - IPC Server listener on 15135: starting
2024-06-12 07:36:44,226 [6f841693-a0f5-4238-8e94-5d49f60504b4-DatanodeStateMachineDaemonThread] INFO  statemachine.DatanodeStateMachine (DatanodeStateMachine.java:lambda$startDaemon$1(545)) - Ozone container server started.
2024-06-12 07:36:44,226 [main] WARN  dropwizard3.Dm3MetricRegistriesImpl (Dm3MetricRegistriesImpl.java:addReporterRegistration(113)) - New reporters are added after registries were created. Some metrics will be missing from the reporter. Please add reporter before adding any new registry.
2024-06-12 07:36:44,226 [main] WARN  dropwizard3.Dm3MetricRegistriesImpl (Dm3MetricRegistriesImpl.java:addReporterRegistration(113)) - New reporters are added after registries were created. Some metrics will be missing from the reporter. Please add reporter before adding any new registry.
2024-06-12 07:36:44,227 [main] INFO  impl.MetricsSystemImpl (MetricsSystemImpl.java:init(158)) - HddsDatanode metrics system started (again)
2024-06-12 07:36:44,231 [6f841693-a0f5-4238-8e94-5d49f60504b4-DatanodeStateMachineTaskThread-0] INFO  datanode.InitDatanodeState (InitDatanodeState.java:persistContainerDatanodeDetails(139)) - DatanodeDetails is persisted to /home/runner/work/ozone/ozone/hadoop-ozone/integration-test/target/test-dir/MiniOzoneClusterImpl-63f03bc8-0399-4ce2-9c43-ca6ad8c463d8/ozone-meta/datanode-4/meta/datanode.id
2024-06-12 07:36:44,242 [main] INFO  ozone.HddsDatanodeService (HddsDatanodeService.java:start(237)) - HddsDatanodeService host:fv-az1443-254.azex4i42g1wuppa4al4w0zdaga.bx.internal.cloudapp.net ip:10.1.0.7
2024-06-12 07:36:44,244 [main] INFO  upgrade.AbstractLayoutVersionManager (AbstractLayoutVersionManager.java:init(83)) - Initializing Layout version manager with metadata layout = HADOOP_PRC_PORTS_IN_DATANODEDETAILS (version = 7), software layout = HADOOP_PRC_PORTS_IN_DATANODEDETAILS (version = 7)
2024-06-12 07:36:44,245 [main] INFO  statemachine.DatanodeStateMachine (DatanodeStateMachine.java:getEndPointTaskThreadPoolSize(293)) - Datanode State Machine Task Thread Pool size 2
2024-06-12 07:36:44,246 [main] INFO  volume.HddsVolume (HddsVolume.java:<init>(126)) - Creating HddsVolume: /home/runner/work/ozone/ozone/hadoop-ozone/integration-test/target/test-dir/MiniOzoneClusterImpl-63f03bc8-0399-4ce2-9c43-ca6ad8c463d8/ozone-meta/datanode-5/data-0/hdds of storage type : DISK capacity : 9222449699674390527
2024-06-12 07:36:44,246 [main] INFO  volume.MutableVolumeSet (MutableVolumeSet.java:initializeVolumeSet(173)) - Added Volume : /home/runner/work/ozone/ozone/hadoop-ozone/integration-test/target/test-dir/MiniOzoneClusterImpl-63f03bc8-0399-4ce2-9c43-ca6ad8c463d8/ozone-meta/datanode-5/data-0/hdds to VolumeSet
2024-06-12 07:36:44,247 [main] INFO  volume.MutableVolumeSet (MutableVolumeSet.java:initializeVolumeSet(173)) - Added Volume : /home/runner/work/ozone/ozone/hadoop-ozone/integration-test/target/test-dir/MiniOzoneClusterImpl-63f03bc8-0399-4ce2-9c43-ca6ad8c463d8/ozone-meta/datanode-5/ratis to VolumeSet
2024-06-12 07:36:44,247 [main] INFO  ozoneimpl.OzoneContainer (HddsVolumeUtil.java:loadAllHddsVolumeDbStore(103)) - Load 1 volumes DbStore cost: 0ms
2024-06-12 07:36:44,249 [main] INFO  server.RaftServer (ConfUtils.java:logGet(46)) - raft.rpc.type = GRPC (default)
2024-06-12 07:36:44,249 [main] INFO  grpc.GrpcConfigKeys (ConfUtils.java:logFallback(53)) - raft.grpc.admin.host = null (fallback to raft.grpc.server.host)
2024-06-12 07:36:44,249 [main] INFO  grpc.GrpcConfigKeys (ConfUtils.java:logGet(46)) - raft.grpc.admin.port = 15147 (custom)
2024-06-12 07:36:44,258 [main] INFO  grpc.GrpcConfigKeys (ConfUtils.java:logFallback(53)) - raft.grpc.client.host = null (fallback to raft.grpc.server.host)
2024-06-12 07:36:44,258 [main] INFO  grpc.GrpcConfigKeys (ConfUtils.java:logGet(46)) - raft.grpc.client.port = 15146 (custom)
2024-06-12 07:36:44,258 [main] INFO  grpc.GrpcConfigKeys (ConfUtils.java:logGet(46)) - raft.grpc.server.host = null (default)
2024-06-12 07:36:44,258 [main] INFO  grpc.GrpcConfigKeys (ConfUtils.java:logGet(46)) - raft.grpc.server.port = 15148 (custom)
2024-06-12 07:36:44,258 [main] INFO  server.GrpcService (ConfUtils.java:logGet(46)) - raft.grpc.message.size.max = 32MB (=33554432) (custom)
2024-06-12 07:36:44,259 [main] INFO  server.RaftServerConfigKeys (ConfUtils.java:logGet(46)) - raft.server.log.appender.buffer.byte-limit = 8388608 (custom)
2024-06-12 07:36:44,259 [main] INFO  server.GrpcService (ConfUtils.java:logGet(46)) - raft.grpc.flow.control.window = 5MB (=5242880) (custom)
2024-06-12 07:36:44,259 [main] INFO  server.RaftServerConfigKeys (ConfUtils.java:logGet(46)) - raft.server.rpc.request.timeout = 3000ms (default)
2024-06-12 07:36:44,259 [main] INFO  grpc.GrpcConfigKeys (ConfUtils.java:logGet(46)) - raft.grpc.server.heartbeat.channel = true (default)
2024-06-12 07:36:44,259 [main] INFO  grpc.GrpcConfigKeys (ConfUtils.java:logGet(46)) - raft.grpc.server.async.request.thread.pool.cached = true (default)
2024-06-12 07:36:44,259 [main] INFO  grpc.GrpcConfigKeys (ConfUtils.java:logGet(46)) - raft.grpc.server.async.request.thread.pool.size = 32 (default)
2024-06-12 07:36:44,261 [main] INFO  impl.DataStreamServerImpl (ConfUtils.java:logGet(46)) - raft.datastream.type = NETTY (custom)
2024-06-12 07:36:44,261 [main] INFO  server.RaftServerConfigKeys (ConfUtils.java:logGet(46)) - raft.server.data-stream.async.request.thread.pool.cached = false (default)
2024-06-12 07:36:44,262 [main] INFO  server.RaftServerConfigKeys (ConfUtils.java:logGet(46)) - raft.server.data-stream.async.request.thread.pool.size = 20 (custom)
2024-06-12 07:36:44,262 [main] INFO  server.RaftServerConfigKeys (ConfUtils.java:logGet(46)) - raft.server.data-stream.async.write.thread.pool.size = 16 (default)
2024-06-12 07:36:44,262 [main] INFO  netty.NettyConfigKeys$DataStream (ConfUtils.java:logGet(46)) - raft.netty.dataStream.server.channel.inactive.grace-period = 10min (default)
2024-06-12 07:36:44,262 [main] INFO  server.RaftServerConfigKeys (ConfUtils.java:logGet(46)) - raft.server.data-stream.client.pool.size = 10 (default)
2024-06-12 07:36:44,262 [main] INFO  netty.NettyConfigKeys$DataStream (ConfUtils.java:logGet(46)) - raft.netty.dataStream.server.use-epoll = true (default)
2024-06-12 07:36:44,262 [main] INFO  netty.NettyConfigKeys$DataStream (ConfUtils.java:logGet(46)) - raft.netty.dataStream.server.boss-group.size = 0 (default)
2024-06-12 07:36:44,262 [main] INFO  netty.NettyUtils (NettyUtils.java:newEventLoopGroup(69)) - Create EpollEventLoopGroup for ac495114-8bb8-4dac-b10f-46951d6cb650-NettyServerStreamRpc-bossGroup; Thread size is 0.
2024-06-12 07:36:44,267 [main] INFO  netty.NettyConfigKeys$DataStream (ConfUtils.java:logGet(46)) - raft.netty.dataStream.server.worker-group.size = 0 (default)
2024-06-12 07:36:44,267 [main] INFO  netty.NettyUtils (NettyUtils.java:newEventLoopGroup(69)) - Create EpollEventLoopGroup for ac495114-8bb8-4dac-b10f-46951d6cb650-NettyServerStreamRpc-workerGroup; Thread size is 0.
2024-06-12 07:36:44,267 [main] INFO  netty.NettyConfigKeys$DataStream (ConfUtils.java:logGet(46)) - raft.netty.dataStream.server.tls.conf = null (default)
2024-06-12 07:36:44,267 [main] INFO  netty.NettyConfigKeys$DataStream (ConfUtils.java:logGet(46)) - raft.netty.dataStream.host = null (default)
2024-06-12 07:36:44,267 [main] INFO  netty.NettyConfigKeys$DataStream (ConfUtils.java:logGet(46)) - raft.netty.dataStream.port = 15149 (custom)
2024-06-12 07:36:44,268 [main] INFO  server.RaftServerConfigKeys (ConfUtils.java:logGet(46)) - raft.server.sleep.deviation.threshold = 300ms (default)
2024-06-12 07:36:44,268 [main] INFO  server.RaftServerConfigKeys (ConfUtils.java:logGet(46)) - raft.server.close.threshold = 60s (default)
2024-06-12 07:36:44,268 [main] INFO  server.RaftServerConfigKeys (ConfUtils.java:logGet(46)) - raft.server.leaderelection.leader.step-down.wait-time = 10s (default)
2024-06-12 07:36:44,268 [main] INFO  server.RaftServerConfigKeys (ConfUtils.java:logGet(46)) - raft.server.storage.dir = [/home/runner/work/ozone/ozone/hadoop-ozone/integration-test/target/test-dir/MiniOzoneClusterImpl-63f03bc8-0399-4ce2-9c43-ca6ad8c463d8/ozone-meta/datanode-5/ratis] (custom)
2024-06-12 07:36:44,268 [main] INFO  server.RaftServerConfigKeys (ConfUtils.java:logGet(46)) - raft.server.threadpool.proxy.cached = true (default)
2024-06-12 07:36:44,268 [main] INFO  server.RaftServerConfigKeys (ConfUtils.java:logGet(46)) - raft.server.threadpool.proxy.size = 0 (default)
2024-06-12 07:36:44,269 [ac495114-8bb8-4dac-b10f-46951d6cb650-NettyServerStreamRpc-bossGroup--thread1] INFO  logging.LoggingHandler (AbstractInternalLogger.java:log(148)) - [id: 0x71a8efcf] REGISTERED
2024-06-12 07:36:44,269 [ac495114-8bb8-4dac-b10f-46951d6cb650-NettyServerStreamRpc-bossGroup--thread1] INFO  logging.LoggingHandler (AbstractInternalLogger.java:log(148)) - [id: 0x71a8efcf] BIND: 0.0.0.0/0.0.0.0:15149
2024-06-12 07:36:44,269 [ac495114-8bb8-4dac-b10f-46951d6cb650-NettyServerStreamRpc-bossGroup--thread1] INFO  logging.LoggingHandler (AbstractInternalLogger.java:log(148)) - [id: 0x71a8efcf, L:/0.0.0.0:15149] ACTIVE
2024-06-12 07:36:44,270 [ac495114-8bb8-4dac-b10f-46951d6cb650-impl-thread1] INFO  server.RaftServer (RaftServerProxy.java:initGroupDir(264)) - ac495114-8bb8-4dac-b10f-46951d6cb650: found a subdirectory /home/runner/work/ozone/ozone/hadoop-ozone/integration-test/target/test-dir/MiniOzoneClusterImpl-63f03bc8-0399-4ce2-9c43-ca6ad8c463d8/ozone-meta/datanode-5/ratis/tmp
2024-06-12 07:36:44,270 [ac495114-8bb8-4dac-b10f-46951d6cb650-impl-thread1] INFO  server.RaftServer (RaftServerProxy.java:initGroupDir(269)) - ac495114-8bb8-4dac-b10f-46951d6cb650: The directory /home/runner/work/ozone/ozone/hadoop-ozone/integration-test/target/test-dir/MiniOzoneClusterImpl-63f03bc8-0399-4ce2-9c43-ca6ad8c463d8/ozone-meta/datanode-5/ratis/tmp is not a group directory; ignoring it. 
2024-06-12 07:36:44,270 [main] INFO  replication.ReplicationServer (ReplicationServer.java:<init>(86)) - Initializing replication server with thread count = 10 queue length = 4096
2024-06-12 07:36:44,271 [main] INFO  server.XceiverServerGrpc (XceiverServerGrpc.java:<init>(141)) - GrpcServer channel type EpollServerSocketChannel
2024-06-12 07:36:44,272 [main] INFO  replication.ReplicationSupervisor (ReplicationSupervisor.java:build(157)) - Initializing replication supervisor with thread count = 10
2024-06-12 07:36:44,273 [main] INFO  replication.ReplicationSupervisor (ReplicationSupervisor.java:nodeStateUpdated(312)) - Node state updated to IN_SERVICE, scaling executor pool size to 10
2024-06-12 07:36:44,275 [main] INFO  http.BaseHttpServer (BaseHttpServer.java:newHttpServer2BuilderForOzone(223)) - Starting Web-server for hddsDatanode at: http://0.0.0.0:15143
2024-06-12 07:36:44,275 [main] INFO  http.BaseHttpServer (BaseHttpServer.java:<init>(110)) - Hadoop Security Enabled: false Ozone Security Enabled: false Ozone HTTP Security Enabled: false 
2024-06-12 07:36:44,276 [main] WARN  server.AuthenticationFilter (AuthenticationFilter.java:constructSecretProvider(240)) - Unable to initialize FileSignerSecretProvider, falling back to use random secrets. Reason: Could not read signature secret file: /home/runner/hadoop-http-auth-signature-secret
2024-06-12 07:36:44,277 [main] INFO  http.HttpRequestLog (HttpRequestLog.java:getRequestLog(86)) - Http request log for http.requests.hddsDatanode is not defined
2024-06-12 07:36:44,278 [main] INFO  http.HttpServer2 (HttpServer2.java:addGlobalFilter(1036)) - Added global filter 'safety' (class=org.apache.hadoop.hdds.server.http.HttpServer2$QuotingInputFilter)
2024-06-12 07:36:44,279 [main] INFO  http.HttpServer2 (HttpServer2.java:addFilter(1012)) - Added filter static_user_filter (class=org.apache.hadoop.http.lib.StaticUserWebFilter$StaticUserFilter) to context hddsDatanode
2024-06-12 07:36:44,279 [main] INFO  http.HttpServer2 (HttpServer2.java:addFilter(1020)) - Added filter static_user_filter (class=org.apache.hadoop.http.lib.StaticUserWebFilter$StaticUserFilter) to context logs
2024-06-12 07:36:44,279 [main] INFO  http.HttpServer2 (HttpServer2.java:addFilter(1020)) - Added filter static_user_filter (class=org.apache.hadoop.http.lib.StaticUserWebFilter$StaticUserFilter) to context static
2024-06-12 07:36:44,280 [main] INFO  http.BaseHttpServer (BaseHttpServer.java:<init>(189)) - HTTP server of hddsDatanode uses base directory /home/runner/work/ozone/ozone/hadoop-ozone/integration-test/target/test-dir/MiniOzoneClusterImpl-63f03bc8-0399-4ce2-9c43-ca6ad8c463d8/ozone-meta/datanode-5/meta/webserver
2024-06-12 07:36:44,280 [main] INFO  http.HttpServer2 (HttpServer2.java:bindListener(1236)) - Jetty bound to port 15143
2024-06-12 07:36:44,280 [main] INFO  server.Server (Server.java:doStart(375)) - jetty-9.4.54.v20240208; built: 2024-02-08T19:42:39.027Z; git: cef3fbd6d736a21e7d541a5db490381d95a2047d; jvm 17.0.11+9
2024-06-12 07:36:44,282 [main] INFO  server.session (DefaultSessionIdManager.java:doStart(334)) - DefaultSessionIdManager workerName=node0
2024-06-12 07:36:44,282 [main] INFO  server.session (DefaultSessionIdManager.java:doStart(339)) - No SessionScavenger set, using defaults
2024-06-12 07:36:44,282 [main] INFO  server.session (HouseKeeper.java:startScavenging(132)) - node0 Scavenging every 660000ms
2024-06-12 07:36:44,283 [main] INFO  handler.ContextHandler (ContextHandler.java:doStart(921)) - Started o.e.j.s.ServletContextHandler@58cce034{logs,/logs,file:///home/runner/work/ozone/ozone/hadoop-ozone/integration-test/target/log,AVAILABLE}
2024-06-12 07:36:44,283 [main] INFO  handler.ContextHandler (ContextHandler.java:doStart(921)) - Started o.e.j.s.ServletContextHandler@517fd762{static,/static,file:///home/runner/work/ozone/ozone/hadoop-hdds/container-service/target/classes/webapps/static,AVAILABLE}
2024-06-12 07:36:44,287 [main] INFO  handler.ContextHandler (ContextHandler.java:doStart(921)) - Started o.e.j.w.WebAppContext@7d6406c8{hddsDatanode,/,file:///home/runner/work/ozone/ozone/hadoop-hdds/container-service/target/classes/webapps/hddsDatanode/,AVAILABLE}{file:/home/runner/work/ozone/ozone/hadoop-hdds/container-service/target/classes/webapps/hddsDatanode}
2024-06-12 07:36:44,291 [main] INFO  server.AbstractConnector (AbstractConnector.java:doStart(333)) - Started ServerConnector@37b98741{HTTP/1.1, (http/1.1)}{0.0.0.0:15143}
2024-06-12 07:36:44,291 [main] INFO  server.Server (Server.java:doStart(415)) - Started @31499ms
2024-06-12 07:36:44,292 [main] WARN  impl.MetricsSystemImpl (MetricsSystemImpl.java:register(279)) - Sink prometheus already exists!
2024-06-12 07:36:44,292 [main] INFO  http.BaseHttpServer (BaseHttpServer.java:updateConnectorAddress(354)) - HTTP server of hddsDatanode listening at http://0.0.0.0:15143
2024-06-12 07:36:44,292 [main] INFO  ipc.CallQueueManager (CallQueueManager.java:<init>(90)) - Using callQueue: class java.util.concurrent.LinkedBlockingQueue, queueCapacity: 100, scheduler: class org.apache.hadoop.ipc.DefaultRpcScheduler, ipcBackoff: false.
2024-06-12 07:36:44,293 [main] INFO  ipc.Server (Server.java:<init>(1287)) - Listener at 0.0.0.0:15144
2024-06-12 07:36:44,295 [Socket Reader #1 for port 15144] INFO  ipc.Server (Server.java:run(1323)) - Starting Socket Reader #1 for port 15144
2024-06-12 07:36:44,299 [main] INFO  ozone.HddsDatanodeService (HddsDatanodeService.java:start(321)) - Datanode start with admins: [runner]
2024-06-12 07:36:44,299 [main] INFO  ozone.HddsDatanodeClientProtocolServer (HddsDatanodeClientProtocolServer.java:start(77)) - RPC server for Client /0.0.0.0:15144
2024-06-12 07:36:44,301 [IPC Server Responder] INFO  ipc.Server (Server.java:run(1562)) - IPC Server Responder: starting
2024-06-12 07:36:44,305 [IPC Server listener on 15144] INFO  ipc.Server (Server.java:run(1402)) - IPC Server listener on 15144: starting
2024-06-12 07:36:44,306 [ac495114-8bb8-4dac-b10f-46951d6cb650-DatanodeStateMachineDaemonThread] INFO  statemachine.DatanodeStateMachine (DatanodeStateMachine.java:lambda$startDaemon$1(545)) - Ozone container server started.
2024-06-12 07:36:44,306 [main] WARN  dropwizard3.Dm3MetricRegistriesImpl (Dm3MetricRegistriesImpl.java:addReporterRegistration(113)) - New reporters are added after registries were created. Some metrics will be missing from the reporter. Please add reporter before adding any new registry.
2024-06-12 07:36:44,306 [main] WARN  dropwizard3.Dm3MetricRegistriesImpl (Dm3MetricRegistriesImpl.java:addReporterRegistration(113)) - New reporters are added after registries were created. Some metrics will be missing from the reporter. Please add reporter before adding any new registry.
2024-06-12 07:36:44,306 [main] INFO  impl.MetricsSystemImpl (MetricsSystemImpl.java:init(158)) - HddsDatanode metrics system started (again)
2024-06-12 07:36:44,310 [ac495114-8bb8-4dac-b10f-46951d6cb650-DatanodeStateMachineTaskThread-0] INFO  datanode.InitDatanodeState (InitDatanodeState.java:persistContainerDatanodeDetails(139)) - DatanodeDetails is persisted to /home/runner/work/ozone/ozone/hadoop-ozone/integration-test/target/test-dir/MiniOzoneClusterImpl-63f03bc8-0399-4ce2-9c43-ca6ad8c463d8/ozone-meta/datanode-5/meta/datanode.id
2024-06-12 07:36:44,320 [main] INFO  ozone.HddsDatanodeService (HddsDatanodeService.java:start(237)) - HddsDatanodeService host:fv-az1443-254.azex4i42g1wuppa4al4w0zdaga.bx.internal.cloudapp.net ip:10.1.0.7
2024-06-12 07:36:44,321 [main] INFO  upgrade.AbstractLayoutVersionManager (AbstractLayoutVersionManager.java:init(83)) - Initializing Layout version manager with metadata layout = HADOOP_PRC_PORTS_IN_DATANODEDETAILS (version = 7), software layout = HADOOP_PRC_PORTS_IN_DATANODEDETAILS (version = 7)
2024-06-12 07:36:44,322 [main] INFO  statemachine.DatanodeStateMachine (DatanodeStateMachine.java:getEndPointTaskThreadPoolSize(293)) - Datanode State Machine Task Thread Pool size 2
2024-06-12 07:36:44,323 [main] INFO  volume.HddsVolume (HddsVolume.java:<init>(126)) - Creating HddsVolume: /home/runner/work/ozone/ozone/hadoop-ozone/integration-test/target/test-dir/MiniOzoneClusterImpl-63f03bc8-0399-4ce2-9c43-ca6ad8c463d8/ozone-meta/datanode-6/data-0/hdds of storage type : DISK capacity : 9222449699674390527
2024-06-12 07:36:44,323 [main] INFO  volume.MutableVolumeSet (MutableVolumeSet.java:initializeVolumeSet(173)) - Added Volume : /home/runner/work/ozone/ozone/hadoop-ozone/integration-test/target/test-dir/MiniOzoneClusterImpl-63f03bc8-0399-4ce2-9c43-ca6ad8c463d8/ozone-meta/datanode-6/data-0/hdds to VolumeSet
2024-06-12 07:36:44,324 [main] INFO  volume.MutableVolumeSet (MutableVolumeSet.java:initializeVolumeSet(173)) - Added Volume : /home/runner/work/ozone/ozone/hadoop-ozone/integration-test/target/test-dir/MiniOzoneClusterImpl-63f03bc8-0399-4ce2-9c43-ca6ad8c463d8/ozone-meta/datanode-6/ratis to VolumeSet
2024-06-12 07:36:44,324 [main] INFO  ozoneimpl.OzoneContainer (HddsVolumeUtil.java:loadAllHddsVolumeDbStore(103)) - Load 1 volumes DbStore cost: 0ms
2024-06-12 07:36:44,326 [main] INFO  server.RaftServer (ConfUtils.java:logGet(46)) - raft.rpc.type = GRPC (default)
2024-06-12 07:36:44,327 [main] INFO  grpc.GrpcConfigKeys (ConfUtils.java:logFallback(53)) - raft.grpc.admin.host = null (fallback to raft.grpc.server.host)
2024-06-12 07:36:44,327 [main] INFO  grpc.GrpcConfigKeys (ConfUtils.java:logGet(46)) - raft.grpc.admin.port = 15156 (custom)
2024-06-12 07:36:44,327 [main] INFO  grpc.GrpcConfigKeys (ConfUtils.java:logFallback(53)) - raft.grpc.client.host = null (fallback to raft.grpc.server.host)
2024-06-12 07:36:44,327 [main] INFO  grpc.GrpcConfigKeys (ConfUtils.java:logGet(46)) - raft.grpc.client.port = 15155 (custom)
2024-06-12 07:36:44,327 [main] INFO  grpc.GrpcConfigKeys (ConfUtils.java:logGet(46)) - raft.grpc.server.host = null (default)
2024-06-12 07:36:44,327 [main] INFO  grpc.GrpcConfigKeys (ConfUtils.java:logGet(46)) - raft.grpc.server.port = 15157 (custom)
2024-06-12 07:36:44,327 [main] INFO  server.GrpcService (ConfUtils.java:logGet(46)) - raft.grpc.message.size.max = 32MB (=33554432) (custom)
2024-06-12 07:36:44,327 [main] INFO  server.RaftServerConfigKeys (ConfUtils.java:logGet(46)) - raft.server.log.appender.buffer.byte-limit = 8388608 (custom)
2024-06-12 07:36:44,327 [main] INFO  server.GrpcService (ConfUtils.java:logGet(46)) - raft.grpc.flow.control.window = 5MB (=5242880) (custom)
2024-06-12 07:36:44,327 [main] INFO  server.RaftServerConfigKeys (ConfUtils.java:logGet(46)) - raft.server.rpc.request.timeout = 3000ms (default)
2024-06-12 07:36:44,328 [main] INFO  grpc.GrpcConfigKeys (ConfUtils.java:logGet(46)) - raft.grpc.server.heartbeat.channel = true (default)
2024-06-12 07:36:44,328 [main] INFO  grpc.GrpcConfigKeys (ConfUtils.java:logGet(46)) - raft.grpc.server.async.request.thread.pool.cached = true (default)
2024-06-12 07:36:44,328 [main] INFO  grpc.GrpcConfigKeys (ConfUtils.java:logGet(46)) - raft.grpc.server.async.request.thread.pool.size = 32 (default)
2024-06-12 07:36:44,329 [main] INFO  impl.DataStreamServerImpl (ConfUtils.java:logGet(46)) - raft.datastream.type = NETTY (custom)
2024-06-12 07:36:44,330 [main] INFO  server.RaftServerConfigKeys (ConfUtils.java:logGet(46)) - raft.server.data-stream.async.request.thread.pool.cached = false (default)
2024-06-12 07:36:44,330 [main] INFO  server.RaftServerConfigKeys (ConfUtils.java:logGet(46)) - raft.server.data-stream.async.request.thread.pool.size = 20 (custom)
2024-06-12 07:36:44,330 [main] INFO  server.RaftServerConfigKeys (ConfUtils.java:logGet(46)) - raft.server.data-stream.async.write.thread.pool.size = 16 (default)
2024-06-12 07:36:44,330 [main] INFO  netty.NettyConfigKeys$DataStream (ConfUtils.java:logGet(46)) - raft.netty.dataStream.server.channel.inactive.grace-period = 10min (default)
2024-06-12 07:36:44,330 [main] INFO  server.RaftServerConfigKeys (ConfUtils.java:logGet(46)) - raft.server.data-stream.client.pool.size = 10 (default)
2024-06-12 07:36:44,330 [main] INFO  netty.NettyConfigKeys$DataStream (ConfUtils.java:logGet(46)) - raft.netty.dataStream.server.use-epoll = true (default)
2024-06-12 07:36:44,330 [main] INFO  netty.NettyConfigKeys$DataStream (ConfUtils.java:logGet(46)) - raft.netty.dataStream.server.boss-group.size = 0 (default)
2024-06-12 07:36:44,331 [main] INFO  netty.NettyUtils (NettyUtils.java:newEventLoopGroup(69)) - Create EpollEventLoopGroup for 29194895-a428-4dbc-89d8-767dd839d7c3-NettyServerStreamRpc-bossGroup; Thread size is 0.
2024-06-12 07:36:44,331 [main] INFO  netty.NettyConfigKeys$DataStream (ConfUtils.java:logGet(46)) - raft.netty.dataStream.server.worker-group.size = 0 (default)
2024-06-12 07:36:44,331 [main] INFO  netty.NettyUtils (NettyUtils.java:newEventLoopGroup(69)) - Create EpollEventLoopGroup for 29194895-a428-4dbc-89d8-767dd839d7c3-NettyServerStreamRpc-workerGroup; Thread size is 0.
2024-06-12 07:36:44,331 [main] INFO  netty.NettyConfigKeys$DataStream (ConfUtils.java:logGet(46)) - raft.netty.dataStream.server.tls.conf = null (default)
2024-06-12 07:36:44,331 [main] INFO  netty.NettyConfigKeys$DataStream (ConfUtils.java:logGet(46)) - raft.netty.dataStream.host = null (default)
2024-06-12 07:36:44,331 [main] INFO  netty.NettyConfigKeys$DataStream (ConfUtils.java:logGet(46)) - raft.netty.dataStream.port = 15158 (custom)
2024-06-12 07:36:44,332 [main] INFO  server.RaftServerConfigKeys (ConfUtils.java:logGet(46)) - raft.server.sleep.deviation.threshold = 300ms (default)
2024-06-12 07:36:44,332 [main] INFO  server.RaftServerConfigKeys (ConfUtils.java:logGet(46)) - raft.server.close.threshold = 60s (default)
2024-06-12 07:36:44,332 [main] INFO  server.RaftServerConfigKeys (ConfUtils.java:logGet(46)) - raft.server.leaderelection.leader.step-down.wait-time = 10s (default)
2024-06-12 07:36:44,333 [main] INFO  server.RaftServerConfigKeys (ConfUtils.java:logGet(46)) - raft.server.storage.dir = [/home/runner/work/ozone/ozone/hadoop-ozone/integration-test/target/test-dir/MiniOzoneClusterImpl-63f03bc8-0399-4ce2-9c43-ca6ad8c463d8/ozone-meta/datanode-6/ratis] (custom)
2024-06-12 07:36:44,333 [main] INFO  server.RaftServerConfigKeys (ConfUtils.java:logGet(46)) - raft.server.threadpool.proxy.cached = true (default)
2024-06-12 07:36:44,333 [main] INFO  server.RaftServerConfigKeys (ConfUtils.java:logGet(46)) - raft.server.threadpool.proxy.size = 0 (default)
2024-06-12 07:36:44,333 [29194895-a428-4dbc-89d8-767dd839d7c3-NettyServerStreamRpc-bossGroup--thread1] INFO  logging.LoggingHandler (AbstractInternalLogger.java:log(148)) - [id: 0xc1c23a3d] REGISTERED
2024-06-12 07:36:44,334 [29194895-a428-4dbc-89d8-767dd839d7c3-NettyServerStreamRpc-bossGroup--thread1] INFO  logging.LoggingHandler (AbstractInternalLogger.java:log(148)) - [id: 0xc1c23a3d] BIND: 0.0.0.0/0.0.0.0:15158
2024-06-12 07:36:44,334 [29194895-a428-4dbc-89d8-767dd839d7c3-NettyServerStreamRpc-bossGroup--thread1] INFO  logging.LoggingHandler (AbstractInternalLogger.java:log(148)) - [id: 0xc1c23a3d, L:/0.0.0.0:15158] ACTIVE
2024-06-12 07:36:44,335 [29194895-a428-4dbc-89d8-767dd839d7c3-impl-thread1] INFO  server.RaftServer (RaftServerProxy.java:initGroupDir(264)) - 29194895-a428-4dbc-89d8-767dd839d7c3: found a subdirectory /home/runner/work/ozone/ozone/hadoop-ozone/integration-test/target/test-dir/MiniOzoneClusterImpl-63f03bc8-0399-4ce2-9c43-ca6ad8c463d8/ozone-meta/datanode-6/ratis/tmp
2024-06-12 07:36:44,336 [29194895-a428-4dbc-89d8-767dd839d7c3-impl-thread1] INFO  server.RaftServer (RaftServerProxy.java:initGroupDir(269)) - 29194895-a428-4dbc-89d8-767dd839d7c3: The directory /home/runner/work/ozone/ozone/hadoop-ozone/integration-test/target/test-dir/MiniOzoneClusterImpl-63f03bc8-0399-4ce2-9c43-ca6ad8c463d8/ozone-meta/datanode-6/ratis/tmp is not a group directory; ignoring it. 
2024-06-12 07:36:44,336 [main] INFO  replication.ReplicationServer (ReplicationServer.java:<init>(86)) - Initializing replication server with thread count = 10 queue length = 4096
2024-06-12 07:36:44,337 [main] INFO  server.XceiverServerGrpc (XceiverServerGrpc.java:<init>(141)) - GrpcServer channel type EpollServerSocketChannel
2024-06-12 07:36:44,338 [main] INFO  replication.ReplicationSupervisor (ReplicationSupervisor.java:build(157)) - Initializing replication supervisor with thread count = 10
2024-06-12 07:36:44,338 [main] INFO  replication.ReplicationSupervisor (ReplicationSupervisor.java:nodeStateUpdated(312)) - Node state updated to IN_SERVICE, scaling executor pool size to 10
2024-06-12 07:36:44,341 [main] INFO  http.BaseHttpServer (BaseHttpServer.java:newHttpServer2BuilderForOzone(223)) - Starting Web-server for hddsDatanode at: http://0.0.0.0:15152
2024-06-12 07:36:44,341 [main] INFO  http.BaseHttpServer (BaseHttpServer.java:<init>(110)) - Hadoop Security Enabled: false Ozone Security Enabled: false Ozone HTTP Security Enabled: false 
2024-06-12 07:36:44,342 [main] WARN  server.AuthenticationFilter (AuthenticationFilter.java:constructSecretProvider(240)) - Unable to initialize FileSignerSecretProvider, falling back to use random secrets. Reason: Could not read signature secret file: /home/runner/hadoop-http-auth-signature-secret
2024-06-12 07:36:44,345 [main] INFO  http.HttpRequestLog (HttpRequestLog.java:getRequestLog(86)) - Http request log for http.requests.hddsDatanode is not defined
2024-06-12 07:36:44,347 [main] INFO  http.HttpServer2 (HttpServer2.java:addGlobalFilter(1036)) - Added global filter 'safety' (class=org.apache.hadoop.hdds.server.http.HttpServer2$QuotingInputFilter)
2024-06-12 07:36:44,347 [main] INFO  http.HttpServer2 (HttpServer2.java:addFilter(1012)) - Added filter static_user_filter (class=org.apache.hadoop.http.lib.StaticUserWebFilter$StaticUserFilter) to context hddsDatanode
2024-06-12 07:36:44,347 [main] INFO  http.HttpServer2 (HttpServer2.java:addFilter(1020)) - Added filter static_user_filter (class=org.apache.hadoop.http.lib.StaticUserWebFilter$StaticUserFilter) to context static
2024-06-12 07:36:44,347 [main] INFO  http.HttpServer2 (HttpServer2.java:addFilter(1020)) - Added filter static_user_filter (class=org.apache.hadoop.http.lib.StaticUserWebFilter$StaticUserFilter) to context logs
2024-06-12 07:36:44,348 [main] INFO  http.BaseHttpServer (BaseHttpServer.java:<init>(189)) - HTTP server of hddsDatanode uses base directory /home/runner/work/ozone/ozone/hadoop-ozone/integration-test/target/test-dir/MiniOzoneClusterImpl-63f03bc8-0399-4ce2-9c43-ca6ad8c463d8/ozone-meta/datanode-6/meta/webserver
2024-06-12 07:36:44,348 [main] INFO  http.HttpServer2 (HttpServer2.java:bindListener(1236)) - Jetty bound to port 15152
2024-06-12 07:36:44,348 [main] INFO  server.Server (Server.java:doStart(375)) - jetty-9.4.54.v20240208; built: 2024-02-08T19:42:39.027Z; git: cef3fbd6d736a21e7d541a5db490381d95a2047d; jvm 17.0.11+9
2024-06-12 07:36:44,350 [main] INFO  server.session (DefaultSessionIdManager.java:doStart(334)) - DefaultSessionIdManager workerName=node0
2024-06-12 07:36:44,350 [main] INFO  server.session (DefaultSessionIdManager.java:doStart(339)) - No SessionScavenger set, using defaults
2024-06-12 07:36:44,350 [main] INFO  server.session (HouseKeeper.java:startScavenging(132)) - node0 Scavenging every 660000ms
2024-06-12 07:36:44,351 [main] INFO  handler.ContextHandler (ContextHandler.java:doStart(921)) - Started o.e.j.s.ServletContextHandler@56a2599a{logs,/logs,file:///home/runner/work/ozone/ozone/hadoop-ozone/integration-test/target/log,AVAILABLE}
2024-06-12 07:36:44,351 [main] INFO  handler.ContextHandler (ContextHandler.java:doStart(921)) - Started o.e.j.s.ServletContextHandler@310bf0ed{static,/static,file:///home/runner/work/ozone/ozone/hadoop-hdds/container-service/target/classes/webapps/static,AVAILABLE}
2024-06-12 07:36:44,354 [main] INFO  handler.ContextHandler (ContextHandler.java:doStart(921)) - Started o.e.j.w.WebAppContext@4a99f9e5{hddsDatanode,/,file:///home/runner/work/ozone/ozone/hadoop-hdds/container-service/target/classes/webapps/hddsDatanode/,AVAILABLE}{file:/home/runner/work/ozone/ozone/hadoop-hdds/container-service/target/classes/webapps/hddsDatanode}
2024-06-12 07:36:44,355 [main] INFO  server.AbstractConnector (AbstractConnector.java:doStart(333)) - Started ServerConnector@138c28b5{HTTP/1.1, (http/1.1)}{0.0.0.0:15152}
2024-06-12 07:36:44,355 [main] INFO  server.Server (Server.java:doStart(415)) - Started @31562ms
2024-06-12 07:36:44,355 [main] WARN  impl.MetricsSystemImpl (MetricsSystemImpl.java:register(279)) - Sink prometheus already exists!
2024-06-12 07:36:44,356 [main] INFO  http.BaseHttpServer (BaseHttpServer.java:updateConnectorAddress(354)) - HTTP server of hddsDatanode listening at http://0.0.0.0:15152
2024-06-12 07:36:44,356 [main] INFO  ipc.CallQueueManager (CallQueueManager.java:<init>(90)) - Using callQueue: class java.util.concurrent.LinkedBlockingQueue, queueCapacity: 100, scheduler: class org.apache.hadoop.ipc.DefaultRpcScheduler, ipcBackoff: false.
2024-06-12 07:36:44,356 [main] INFO  ipc.Server (Server.java:<init>(1287)) - Listener at 0.0.0.0:15153
2024-06-12 07:36:44,357 [Socket Reader #1 for port 15153] INFO  ipc.Server (Server.java:run(1323)) - Starting Socket Reader #1 for port 15153
2024-06-12 07:36:44,360 [main] INFO  ozone.HddsDatanodeService (HddsDatanodeService.java:start(321)) - Datanode start with admins: [runner]
2024-06-12 07:36:44,360 [main] INFO  ozone.HddsDatanodeClientProtocolServer (HddsDatanodeClientProtocolServer.java:start(77)) - RPC server for Client /0.0.0.0:15153
2024-06-12 07:36:44,361 [IPC Server Responder] INFO  ipc.Server (Server.java:run(1562)) - IPC Server Responder: starting
2024-06-12 07:36:44,361 [IPC Server listener on 15153] INFO  ipc.Server (Server.java:run(1402)) - IPC Server listener on 15153: starting
2024-06-12 07:36:44,362 [main] INFO  ozone.MiniOzoneClusterImpl (MiniOzoneClusterImpl.java:lambda$waitForClusterToBeReady$0(194)) - Waiting for nodes to be ready. Got 0 of 6 DN Heartbeats.
2024-06-12 07:36:44,362 [main] INFO  ozone.MiniOzoneClusterImpl (MiniOzoneClusterImpl.java:lambda$waitForClusterToBeReady$0(197)) - Waiting for cluster to exit safe mode
2024-06-12 07:36:44,362 [main] INFO  ozone.MiniOzoneClusterImpl (MiniOzoneClusterImpl.java:lambda$waitForClusterToBeReady$0(199)) - SCM became leader
2024-06-12 07:36:44,363 [29194895-a428-4dbc-89d8-767dd839d7c3-DatanodeStateMachineDaemonThread] INFO  statemachine.DatanodeStateMachine (DatanodeStateMachine.java:lambda$startDaemon$1(545)) - Ozone container server started.
2024-06-12 07:36:44,366 [29194895-a428-4dbc-89d8-767dd839d7c3-DatanodeStateMachineTaskThread-0] INFO  datanode.InitDatanodeState (InitDatanodeState.java:persistContainerDatanodeDetails(139)) - DatanodeDetails is persisted to /home/runner/work/ozone/ozone/hadoop-ozone/integration-test/target/test-dir/MiniOzoneClusterImpl-63f03bc8-0399-4ce2-9c43-ca6ad8c463d8/ozone-meta/datanode-6/meta/datanode.id
2024-06-12 07:36:44,804 [timer4] WARN  server.GrpcLogAppender (GrpcLogAppender.java:lambda$resetClient$1(217)) - 0cc8f046-3d74-462e-90dc-ce854250ca47@group-876BF274722C->d8586d61-6e01-42cf-bb5a-a7ec5eefc09a-GrpcLogAppender: Follower failed (request=null, errorCount=2); keep nextIndex (19) unchanged and retry. (Repeated 2 times in the last 5.000s)
2024-06-12 07:36:44,804 [timer5] WARN  server.GrpcLogAppender (LogUtils.java:warn(121)) - 0cc8f046-3d74-462e-90dc-ce854250ca47@group-876BF274722C->d8586d61-6e01-42cf-bb5a-a7ec5eefc09a-AppendLogResponseHandler: Failed appendEntries (Repeated 2 times in the last 5.001s): org.apache.ratis.thirdparty.io.grpc.StatusRuntimeException: CANCELLED: RST_STREAM closed stream. HTTP/2 error code: CANCEL
2024-06-12 07:36:44,869 [timer4] WARN  server.GrpcLogAppender (LogUtils.java:warn(121)) - f05ee120-d933-4898-9db8-ecbd121f9823@group-A680543657B7->48e559c8-18f4-4ded-ba8a-8c114555b64a-AppendLogResponseHandler: Failed appendEntries (Repeated 2 times in the last 5.000s): org.apache.ratis.thirdparty.io.grpc.StatusRuntimeException: CANCELLED: RST_STREAM closed stream. HTTP/2 error code: CANCEL
2024-06-12 07:36:44,869 [timer5] WARN  server.GrpcLogAppender (GrpcLogAppender.java:lambda$resetClient$1(217)) - f05ee120-d933-4898-9db8-ecbd121f9823@group-A680543657B7->48e559c8-18f4-4ded-ba8a-8c114555b64a-GrpcLogAppender: Follower failed (request=null, errorCount=2); keep nextIndex (3) unchanged and retry. (Repeated 2 times in the last 5.000s)
2024-06-12 07:36:45,003 [om1@group-C5BA1605619E-FollowerState] INFO  impl.FollowerState (FollowerState.java:run(143)) - om1@group-C5BA1605619E-FollowerState: change to CANDIDATE, lastRpcElapsedTime:1093706788ns, electionTimeout:1089ms
2024-06-12 07:36:45,003 [om1@group-C5BA1605619E-FollowerState] INFO  impl.RoleInfo (RoleInfo.java:shutdownFollowerState(110)) - om1: shutdown om1@group-C5BA1605619E-FollowerState
2024-06-12 07:36:45,003 [om1@group-C5BA1605619E-FollowerState] INFO  server.RaftServer$Division (RaftServerImpl.java:setRole(383)) - om1@group-C5BA1605619E: changes role from  FOLLOWER to CANDIDATE at term 0 for changeToCandidate
2024-06-12 07:36:45,004 [om1@group-C5BA1605619E-FollowerState] INFO  server.RaftServerConfigKeys (ConfUtils.java:logGet(46)) - raft.server.leaderelection.pre-vote = true (default)
2024-06-12 07:36:45,004 [om1@group-C5BA1605619E-FollowerState] INFO  impl.RoleInfo (RoleInfo.java:updateAndGet(139)) - om1: start om1@group-C5BA1605619E-LeaderElection28
2024-06-12 07:36:45,004 [om1@group-C5BA1605619E-LeaderElection28] INFO  impl.LeaderElection (LeaderElection.java:askForVotes(321)) - om1@group-C5BA1605619E-LeaderElection28 PRE_VOTE round 0: submit vote requests at term 0 for -1: peers:[om1|localhost:15105]|listeners:[], old=null
2024-06-12 07:36:45,004 [om1@group-C5BA1605619E-LeaderElection28] INFO  impl.LeaderElection (LeaderElection.java:askForVotes(323)) - om1@group-C5BA1605619E-LeaderElection28 PRE_VOTE round 0: result PASSED (term=0)
2024-06-12 07:36:45,005 [om1@group-C5BA1605619E-LeaderElection28] INFO  impl.LeaderElection (LeaderElection.java:askForVotes(321)) - om1@group-C5BA1605619E-LeaderElection28 ELECTION round 0: submit vote requests at term 1 for -1: peers:[om1|localhost:15105]|listeners:[], old=null
2024-06-12 07:36:45,005 [om1@group-C5BA1605619E-LeaderElection28] INFO  impl.LeaderElection (LeaderElection.java:askForVotes(323)) - om1@group-C5BA1605619E-LeaderElection28 ELECTION round 0: result PASSED (term=1)
2024-06-12 07:36:45,006 [om1@group-C5BA1605619E-LeaderElection28] INFO  impl.RoleInfo (RoleInfo.java:shutdownLeaderElection(130)) - om1: shutdown om1@group-C5BA1605619E-LeaderElection28
2024-06-12 07:36:45,006 [om1@group-C5BA1605619E-LeaderElection28] INFO  server.RaftServer$Division (RaftServerImpl.java:setRole(383)) - om1@group-C5BA1605619E: changes role from CANDIDATE to LEADER at term 1 for changeToLeader
2024-06-12 07:36:45,006 [om1@group-C5BA1605619E-LeaderElection28] INFO  server.RaftServerConfigKeys (ConfUtils.java:logGet(46)) - raft.server.staging.catchup.gap = 1000 (default)
2024-06-12 07:36:45,006 [om1@group-C5BA1605619E-LeaderElection28] INFO  server.RaftServerConfigKeys (ConfUtils.java:logGet(46)) - raft.server.write.element-limit = 4096 (default)
2024-06-12 07:36:45,006 [om1@group-C5BA1605619E-LeaderElection28] INFO  server.RaftServerConfigKeys (ConfUtils.java:logGet(46)) - raft.server.write.byte-limit = 64MB (=67108864) (default)
2024-06-12 07:36:45,006 [om1@group-C5BA1605619E-LeaderElection28] INFO  server.RaftServerConfigKeys (ConfUtils.java:logGet(46)) - raft.server.watch.timeout = 10s (default)
2024-06-12 07:36:45,006 [om1@group-C5BA1605619E-LeaderElection28] INFO  server.RaftServerConfigKeys (ConfUtils.java:logGet(46)) - raft.server.watch.timeout.denomination = 1s (default)
2024-06-12 07:36:45,006 [om1@group-C5BA1605619E-LeaderElection28] INFO  server.RaftServerConfigKeys (ConfUtils.java:logGet(46)) - raft.server.watch.element-limit = 65536 (default)
2024-06-12 07:36:45,006 [om1@group-C5BA1605619E-LeaderElection28] INFO  server.RaftServerConfigKeys (ConfUtils.java:logGet(46)) - raft.server.read.leader.lease.enabled = false (default)
2024-06-12 07:36:45,006 [om1@group-C5BA1605619E-LeaderElection28] INFO  server.RaftServerConfigKeys (ConfUtils.java:logGet(46)) - raft.server.read.leader.lease.timeout.ratio = 0.9 (default)
2024-06-12 07:36:45,007 [om1@group-C5BA1605619E-LeaderElection28] INFO  server.RaftServerConfigKeys (ConfUtils.java:logGet(46)) - raft.server.rpc.timeout.min = 1s (custom)
2024-06-12 07:36:45,007 [om1@group-C5BA1605619E-LeaderElection28] INFO  server.RaftServerConfigKeys (ConfUtils.java:logGet(46)) - raft.server.write.element-limit = 4096 (default)
2024-06-12 07:36:45,007 [om1@group-C5BA1605619E-LeaderElection28] INFO  server.RaftServerConfigKeys (ConfUtils.java:logGet(46)) - raft.server.write.follower.gap.ratio.max = -1.0 (default)
2024-06-12 07:36:45,007 [om1@group-C5BA1605619E-LeaderElection28] INFO  impl.RoleInfo (RoleInfo.java:updateAndGet(139)) - om1: start om1@group-C5BA1605619E-LeaderStateImpl
2024-06-12 07:36:45,007 [om1@group-C5BA1605619E-LeaderElection28] INFO  server.RaftServer$Division (RaftServerImpl.java:setFirstElection(574)) - om1@group-C5BA1605619E: set firstElectionSinceStartup to false for becomeLeader
2024-06-12 07:36:45,007 [om1@group-C5BA1605619E-LeaderElection28] INFO  server.RaftServer$Division (ServerState.java:setLeader(269)) - om1@group-C5BA1605619E: change Leader from null to om1 at term 1 for becomeLeader, leader elected after 1513ms
2024-06-12 07:36:45,007 [om1@group-C5BA1605619E-LeaderElection28] INFO  segmented.SegmentedRaftLogWorker (SegmentedRaftLogWorker.java:startLogSegment(430)) - om1@group-C5BA1605619E-SegmentedRaftLogWorker: Starting segment from index:0
2024-06-12 07:36:45,008 [om1@group-C5BA1605619E-LeaderElection28] INFO  server.RaftServer$Division (ServerState.java:setRaftConf(386)) - om1@group-C5BA1605619E: set configuration 0: peers:[om1|localhost:15105]|listeners:[], old=null
2024-06-12 07:36:45,008 [om1@group-C5BA1605619E-SegmentedRaftLogWorker] INFO  segmented.BufferedWriteChannel (BufferedWriteChannel.java:open(62)) - open log_inprogress_0 at position 0
2024-06-12 07:36:45,016 [om1@group-C5BA1605619E-SegmentedRaftLogWorker] INFO  segmented.SegmentedRaftLogWorker (SegmentedRaftLogWorker.java:execute(634)) - om1@group-C5BA1605619E-SegmentedRaftLogWorker: created new log segment /home/runner/work/ozone/ozone/hadoop-ozone/integration-test/target/test-dir/MiniOzoneClusterImpl-63f03bc8-0399-4ce2-9c43-ca6ad8c463d8/ozone-meta/ratis/bf265839-605b-3f16-9796-c5ba1605619e/current/log_inprogress_0
2024-06-12 07:36:45,017 [om1@group-C5BA1605619E-StateMachineUpdater] INFO  ratis.OzoneManagerStateMachine (OzoneManagerStateMachine.java:notifyConfigurationChanged(212)) - Received Configuration change notification from Ratis. New Peer list:
[id: "om1"
address: "localhost:15105"
startupRole: FOLLOWER
]
2024-06-12 07:36:45,017 [om1@group-C5BA1605619E-StateMachineUpdater] INFO  server.RaftServer$Division (LeaderStateImpl.java:isApplied(320)) - leader is ready since appliedIndex == 0 >= startIndex == 0
2024-06-12 07:36:45,363 [main] INFO  ozone.MiniOzoneClusterImpl (MiniOzoneClusterImpl.java:lambda$waitForClusterToBeReady$0(194)) - Waiting for nodes to be ready. Got 0 of 6 DN Heartbeats.
2024-06-12 07:36:45,363 [main] INFO  ozone.MiniOzoneClusterImpl (MiniOzoneClusterImpl.java:lambda$waitForClusterToBeReady$0(197)) - Waiting for cluster to exit safe mode
2024-06-12 07:36:45,363 [main] INFO  ozone.MiniOzoneClusterImpl (MiniOzoneClusterImpl.java:lambda$waitForClusterToBeReady$0(199)) - SCM became leader
2024-06-12 07:36:46,079 [86e236ad-53d7-40fc-9454-d100b30595d4-EndpointStateMachineTaskThread-/0.0.0.0:15100-0 ] INFO  utils.DatanodeStoreCache (DatanodeStoreCache.java:addDB(72)) - Added db /home/runner/work/ozone/ozone/hadoop-ozone/integration-test/target/test-dir/MiniOzoneClusterImpl-63f03bc8-0399-4ce2-9c43-ca6ad8c463d8/ozone-meta/datanode-1/data-0/hdds/63f03bc8-0399-4ce2-9c43-ca6ad8c463d8/DS-132f5b2d-85d7-402f-8427-44e8dd53bd35/container.db to cache
2024-06-12 07:36:46,079 [86e236ad-53d7-40fc-9454-d100b30595d4-EndpointStateMachineTaskThread-/0.0.0.0:15100-0 ] INFO  volume.HddsVolume (HddsVolume.java:createDbStore(437)) - SchemaV3 db is created and loaded at /home/runner/work/ozone/ozone/hadoop-ozone/integration-test/target/test-dir/MiniOzoneClusterImpl-63f03bc8-0399-4ce2-9c43-ca6ad8c463d8/ozone-meta/datanode-1/data-0/hdds/63f03bc8-0399-4ce2-9c43-ca6ad8c463d8/DS-132f5b2d-85d7-402f-8427-44e8dd53bd35/container.db for volume DS-132f5b2d-85d7-402f-8427-44e8dd53bd35
2024-06-12 07:36:46,081 [86e236ad-53d7-40fc-9454-d100b30595d4-ContainerReader-0] INFO  ozoneimpl.ContainerReader (ContainerReader.java:readVolume(148)) - Start to verify containers on volume /home/runner/work/ozone/ozone/hadoop-ozone/integration-test/target/test-dir/MiniOzoneClusterImpl-63f03bc8-0399-4ce2-9c43-ca6ad8c463d8/ozone-meta/datanode-1/data-0/hdds
2024-06-12 07:36:46,081 [86e236ad-53d7-40fc-9454-d100b30595d4-ContainerReader-0] INFO  ozoneimpl.ContainerReader (ContainerReader.java:readVolume(178)) - Finish verifying containers on volume /home/runner/work/ozone/ozone/hadoop-ozone/integration-test/target/test-dir/MiniOzoneClusterImpl-63f03bc8-0399-4ce2-9c43-ca6ad8c463d8/ozone-meta/datanode-1/data-0/hdds
2024-06-12 07:36:46,081 [86e236ad-53d7-40fc-9454-d100b30595d4-EndpointStateMachineTaskThread-/0.0.0.0:15100-0 ] INFO  ozoneimpl.OzoneContainer (OzoneContainer.java:buildContainerSet(328)) - Build ContainerSet costs 0s
2024-06-12 07:36:46,082 [86e236ad-53d7-40fc-9454-d100b30595d4-EndpointStateMachineTaskThread-/0.0.0.0:15100-0 ] INFO  volume.ThrottledAsyncChecker (ThrottledAsyncChecker.java:schedule(141)) - Scheduling a check for /home/runner/work/ozone/ozone/hadoop-ozone/integration-test/target/test-dir/MiniOzoneClusterImpl-63f03bc8-0399-4ce2-9c43-ca6ad8c463d8/ozone-meta/datanode-1/data-0/hdds
2024-06-12 07:36:46,082 [86e236ad-53d7-40fc-9454-d100b30595d4-EndpointStateMachineTaskThread-/0.0.0.0:15100-0 ] INFO  volume.StorageVolumeChecker (StorageVolumeChecker.java:checkAllVolumes(218)) - Scheduled health check for volume /home/runner/work/ozone/ozone/hadoop-ozone/integration-test/target/test-dir/MiniOzoneClusterImpl-63f03bc8-0399-4ce2-9c43-ca6ad8c463d8/ozone-meta/datanode-1/data-0/hdds
2024-06-12 07:36:46,083 [86e236ad-53d7-40fc-9454-d100b30595d4-EndpointStateMachineTaskThread-/0.0.0.0:15100-0 ] INFO  volume.ThrottledAsyncChecker (ThrottledAsyncChecker.java:schedule(141)) - Scheduling a check for /home/runner/work/ozone/ozone/hadoop-ozone/integration-test/target/test-dir/MiniOzoneClusterImpl-63f03bc8-0399-4ce2-9c43-ca6ad8c463d8/ozone-meta/datanode-1/ratis
2024-06-12 07:36:46,083 [86e236ad-53d7-40fc-9454-d100b30595d4-EndpointStateMachineTaskThread-/0.0.0.0:15100-0 ] INFO  volume.StorageVolumeChecker (StorageVolumeChecker.java:checkAllVolumes(218)) - Scheduled health check for volume /home/runner/work/ozone/ozone/hadoop-ozone/integration-test/target/test-dir/MiniOzoneClusterImpl-63f03bc8-0399-4ce2-9c43-ca6ad8c463d8/ozone-meta/datanode-1/ratis
2024-06-12 07:36:46,084 [86e236ad-53d7-40fc-9454-d100b30595d4-EndpointStateMachineTaskThread-/0.0.0.0:15100-0 ] INFO  ozoneimpl.OzoneContainer (OzoneContainer.java:start(459)) - Attempting to start container services.
2024-06-12 07:36:46,084 [ContainerMetadataScanner] INFO  ozoneimpl.AbstractBackgroundContainerScanner (AbstractBackgroundContainerScanner.java:runIteration(87)) - Completed an iteration in 0 minutes. Number of iterations (since the data-node restart) : 1, Number of containers scanned in this iteration : 0, Number of unhealthy containers found in this iteration : 0
2024-06-12 07:36:46,085 [ContainerDataScanner(/home/runner/work/ozone/ozone/hadoop-ozone/integration-test/target/test-dir/MiniOzoneClusterImpl-63f03bc8-0399-4ce2-9c43-ca6ad8c463d8/ozone-meta/datanode-1/data-0/hdds)] INFO  ozoneimpl.AbstractBackgroundContainerScanner (AbstractBackgroundContainerScanner.java:runIteration(87)) - Completed an iteration in 0 minutes. Number of iterations (since the data-node restart) : 1, Number of containers scanned in this iteration : 0, Number of unhealthy containers found in this iteration : 0
2024-06-12 07:36:46,085 [86e236ad-53d7-40fc-9454-d100b30595d4-EndpointStateMachineTaskThread-/0.0.0.0:15100-0 ] INFO  replication.ReplicationServer (ReplicationServer.java:start(142)) - ReplicationServer is started using port 15114
2024-06-12 07:36:46,085 [86e236ad-53d7-40fc-9454-d100b30595d4-EndpointStateMachineTaskThread-/0.0.0.0:15100-0 ] INFO  ratis.XceiverServerRatis (XceiverServerRatis.java:start(566)) - Starting XceiverServerRatis 86e236ad-53d7-40fc-9454-d100b30595d4
2024-06-12 07:36:46,086 [86e236ad-53d7-40fc-9454-d100b30595d4-EndpointStateMachineTaskThread-/0.0.0.0:15100-0 ] INFO  server.RaftServer (RaftServerProxy.java:startImpl(406)) - 86e236ad-53d7-40fc-9454-d100b30595d4: start RPC server
2024-06-12 07:36:46,086 [86e236ad-53d7-40fc-9454-d100b30595d4-EndpointStateMachineTaskThread-/0.0.0.0:15100-0 ] INFO  server.GrpcService (GrpcService.java:startImpl(302)) - 86e236ad-53d7-40fc-9454-d100b30595d4: GrpcService started, listening on 15110
2024-06-12 07:36:46,086 [86e236ad-53d7-40fc-9454-d100b30595d4-EndpointStateMachineTaskThread-/0.0.0.0:15100-0 ] INFO  server.GrpcService (GrpcService.java:startImpl(302)) - 86e236ad-53d7-40fc-9454-d100b30595d4: GrpcService started, listening on 15112
2024-06-12 07:36:46,086 [86e236ad-53d7-40fc-9454-d100b30595d4-EndpointStateMachineTaskThread-/0.0.0.0:15100-0 ] INFO  server.GrpcService (GrpcService.java:startImpl(302)) - 86e236ad-53d7-40fc-9454-d100b30595d4: GrpcService started, listening on 15111
2024-06-12 07:36:46,086 [86e236ad-53d7-40fc-9454-d100b30595d4-EndpointStateMachineTaskThread-/0.0.0.0:15100-0 ] INFO  ratis.XceiverServerRatis (XceiverServerRatis.java:getRealPort(592)) - XceiverServerRatis 86e236ad-53d7-40fc-9454-d100b30595d4 is started using port 15110 for RATIS
2024-06-12 07:36:46,087 [86e236ad-53d7-40fc-9454-d100b30595d4-EndpointStateMachineTaskThread-/0.0.0.0:15100-0 ] INFO  ratis.XceiverServerRatis (XceiverServerRatis.java:getRealPort(592)) - XceiverServerRatis 86e236ad-53d7-40fc-9454-d100b30595d4 is started using port 15111 for RATIS_ADMIN
2024-06-12 07:36:46,087 [86e236ad-53d7-40fc-9454-d100b30595d4-EndpointStateMachineTaskThread-/0.0.0.0:15100-0 ] INFO  ratis.XceiverServerRatis (XceiverServerRatis.java:getRealPort(592)) - XceiverServerRatis 86e236ad-53d7-40fc-9454-d100b30595d4 is started using port 15112 for RATIS_SERVER
2024-06-12 07:36:46,087 [86e236ad-53d7-40fc-9454-d100b30595d4-EndpointStateMachineTaskThread-/0.0.0.0:15100-0 ] INFO  ratis.XceiverServerRatis (XceiverServerRatis.java:getRealPort(592)) - XceiverServerRatis 86e236ad-53d7-40fc-9454-d100b30595d4 is started using port 15113 for RATIS_DATASTREAM
2024-06-12 07:36:46,086 [JvmPauseMonitor14] INFO  util.JvmPauseMonitor (JvmPauseMonitor.java:run(146)) - JvmPauseMonitor-86e236ad-53d7-40fc-9454-d100b30595d4: Started
2024-06-12 07:36:46,088 [86e236ad-53d7-40fc-9454-d100b30595d4-BlockDeletingService#0] INFO  interfaces.ContainerDeletionChoosingPolicyTemplate (ContainerDeletionChoosingPolicyTemplate.java:chooseContainerForBlockDeletion(85)) - Chosen 0/5000 blocks from 0 candidate containers.
2024-06-12 07:36:46,129 [893f21cf-1739-427a-a93c-5929db1902c5-EndpointStateMachineTaskThread-/0.0.0.0:15100-0 ] INFO  utils.DatanodeStoreCache (DatanodeStoreCache.java:addDB(72)) - Added db /home/runner/work/ozone/ozone/hadoop-ozone/integration-test/target/test-dir/MiniOzoneClusterImpl-63f03bc8-0399-4ce2-9c43-ca6ad8c463d8/ozone-meta/datanode-2/data-0/hdds/63f03bc8-0399-4ce2-9c43-ca6ad8c463d8/DS-e552e796-c305-4dd5-95b2-8070ab08ff04/container.db to cache
2024-06-12 07:36:46,129 [893f21cf-1739-427a-a93c-5929db1902c5-EndpointStateMachineTaskThread-/0.0.0.0:15100-0 ] INFO  volume.HddsVolume (HddsVolume.java:createDbStore(437)) - SchemaV3 db is created and loaded at /home/runner/work/ozone/ozone/hadoop-ozone/integration-test/target/test-dir/MiniOzoneClusterImpl-63f03bc8-0399-4ce2-9c43-ca6ad8c463d8/ozone-meta/datanode-2/data-0/hdds/63f03bc8-0399-4ce2-9c43-ca6ad8c463d8/DS-e552e796-c305-4dd5-95b2-8070ab08ff04/container.db for volume DS-e552e796-c305-4dd5-95b2-8070ab08ff04
2024-06-12 07:36:46,130 [893f21cf-1739-427a-a93c-5929db1902c5-ContainerReader-0] INFO  ozoneimpl.ContainerReader (ContainerReader.java:readVolume(148)) - Start to verify containers on volume /home/runner/work/ozone/ozone/hadoop-ozone/integration-test/target/test-dir/MiniOzoneClusterImpl-63f03bc8-0399-4ce2-9c43-ca6ad8c463d8/ozone-meta/datanode-2/data-0/hdds
2024-06-12 07:36:46,131 [893f21cf-1739-427a-a93c-5929db1902c5-ContainerReader-0] INFO  ozoneimpl.ContainerReader (ContainerReader.java:readVolume(178)) - Finish verifying containers on volume /home/runner/work/ozone/ozone/hadoop-ozone/integration-test/target/test-dir/MiniOzoneClusterImpl-63f03bc8-0399-4ce2-9c43-ca6ad8c463d8/ozone-meta/datanode-2/data-0/hdds
2024-06-12 07:36:46,131 [893f21cf-1739-427a-a93c-5929db1902c5-EndpointStateMachineTaskThread-/0.0.0.0:15100-0 ] INFO  ozoneimpl.OzoneContainer (OzoneContainer.java:buildContainerSet(328)) - Build ContainerSet costs 0s
2024-06-12 07:36:46,131 [893f21cf-1739-427a-a93c-5929db1902c5-EndpointStateMachineTaskThread-/0.0.0.0:15100-0 ] INFO  volume.ThrottledAsyncChecker (ThrottledAsyncChecker.java:schedule(141)) - Scheduling a check for /home/runner/work/ozone/ozone/hadoop-ozone/integration-test/target/test-dir/MiniOzoneClusterImpl-63f03bc8-0399-4ce2-9c43-ca6ad8c463d8/ozone-meta/datanode-2/data-0/hdds
2024-06-12 07:36:46,131 [893f21cf-1739-427a-a93c-5929db1902c5-EndpointStateMachineTaskThread-/0.0.0.0:15100-0 ] INFO  volume.StorageVolumeChecker (StorageVolumeChecker.java:checkAllVolumes(218)) - Scheduled health check for volume /home/runner/work/ozone/ozone/hadoop-ozone/integration-test/target/test-dir/MiniOzoneClusterImpl-63f03bc8-0399-4ce2-9c43-ca6ad8c463d8/ozone-meta/datanode-2/data-0/hdds
2024-06-12 07:36:46,132 [893f21cf-1739-427a-a93c-5929db1902c5-EndpointStateMachineTaskThread-/0.0.0.0:15100-0 ] INFO  volume.ThrottledAsyncChecker (ThrottledAsyncChecker.java:schedule(141)) - Scheduling a check for /home/runner/work/ozone/ozone/hadoop-ozone/integration-test/target/test-dir/MiniOzoneClusterImpl-63f03bc8-0399-4ce2-9c43-ca6ad8c463d8/ozone-meta/datanode-2/ratis
2024-06-12 07:36:46,132 [893f21cf-1739-427a-a93c-5929db1902c5-EndpointStateMachineTaskThread-/0.0.0.0:15100-0 ] INFO  volume.StorageVolumeChecker (StorageVolumeChecker.java:checkAllVolumes(218)) - Scheduled health check for volume /home/runner/work/ozone/ozone/hadoop-ozone/integration-test/target/test-dir/MiniOzoneClusterImpl-63f03bc8-0399-4ce2-9c43-ca6ad8c463d8/ozone-meta/datanode-2/ratis
2024-06-12 07:36:46,133 [893f21cf-1739-427a-a93c-5929db1902c5-EndpointStateMachineTaskThread-/0.0.0.0:15100-0 ] INFO  ozoneimpl.OzoneContainer (OzoneContainer.java:start(459)) - Attempting to start container services.
2024-06-12 07:36:46,133 [893f21cf-1739-427a-a93c-5929db1902c5-EndpointStateMachineTaskThread-/0.0.0.0:15100-0 ] WARN  ozoneimpl.OnDemandContainerDataScanner (OnDemandContainerDataScanner.java:init(75)) - Trying to initialize on demand scanner a second time on a datanode.
2024-06-12 07:36:46,133 [ContainerMetadataScanner] INFO  ozoneimpl.AbstractBackgroundContainerScanner (AbstractBackgroundContainerScanner.java:runIteration(87)) - Completed an iteration in 0 minutes. Number of iterations (since the data-node restart) : 1, Number of containers scanned in this iteration : 0, Number of unhealthy containers found in this iteration : 0
2024-06-12 07:36:46,134 [ContainerDataScanner(/home/runner/work/ozone/ozone/hadoop-ozone/integration-test/target/test-dir/MiniOzoneClusterImpl-63f03bc8-0399-4ce2-9c43-ca6ad8c463d8/ozone-meta/datanode-2/data-0/hdds)] INFO  ozoneimpl.AbstractBackgroundContainerScanner (AbstractBackgroundContainerScanner.java:runIteration(87)) - Completed an iteration in 0 minutes. Number of iterations (since the data-node restart) : 1, Number of containers scanned in this iteration : 0, Number of unhealthy containers found in this iteration : 0
2024-06-12 07:36:46,134 [893f21cf-1739-427a-a93c-5929db1902c5-EndpointStateMachineTaskThread-/0.0.0.0:15100-0 ] INFO  replication.ReplicationServer (ReplicationServer.java:start(142)) - ReplicationServer is started using port 15123
2024-06-12 07:36:46,134 [893f21cf-1739-427a-a93c-5929db1902c5-EndpointStateMachineTaskThread-/0.0.0.0:15100-0 ] INFO  ratis.XceiverServerRatis (XceiverServerRatis.java:start(566)) - Starting XceiverServerRatis 893f21cf-1739-427a-a93c-5929db1902c5
2024-06-12 07:36:46,134 [893f21cf-1739-427a-a93c-5929db1902c5-EndpointStateMachineTaskThread-/0.0.0.0:15100-0 ] INFO  server.RaftServer (RaftServerProxy.java:startImpl(406)) - 893f21cf-1739-427a-a93c-5929db1902c5: start RPC server
2024-06-12 07:36:46,135 [893f21cf-1739-427a-a93c-5929db1902c5-EndpointStateMachineTaskThread-/0.0.0.0:15100-0 ] INFO  server.GrpcService (GrpcService.java:startImpl(302)) - 893f21cf-1739-427a-a93c-5929db1902c5: GrpcService started, listening on 15119
2024-06-12 07:36:46,135 [893f21cf-1739-427a-a93c-5929db1902c5-EndpointStateMachineTaskThread-/0.0.0.0:15100-0 ] INFO  server.GrpcService (GrpcService.java:startImpl(302)) - 893f21cf-1739-427a-a93c-5929db1902c5: GrpcService started, listening on 15121
2024-06-12 07:36:46,135 [893f21cf-1739-427a-a93c-5929db1902c5-EndpointStateMachineTaskThread-/0.0.0.0:15100-0 ] INFO  server.GrpcService (GrpcService.java:startImpl(302)) - 893f21cf-1739-427a-a93c-5929db1902c5: GrpcService started, listening on 15120
2024-06-12 07:36:46,136 [893f21cf-1739-427a-a93c-5929db1902c5-EndpointStateMachineTaskThread-/0.0.0.0:15100-0 ] INFO  ratis.XceiverServerRatis (XceiverServerRatis.java:getRealPort(592)) - XceiverServerRatis 893f21cf-1739-427a-a93c-5929db1902c5 is started using port 15119 for RATIS
2024-06-12 07:36:46,136 [JvmPauseMonitor15] INFO  util.JvmPauseMonitor (JvmPauseMonitor.java:run(146)) - JvmPauseMonitor-893f21cf-1739-427a-a93c-5929db1902c5: Started
2024-06-12 07:36:46,136 [893f21cf-1739-427a-a93c-5929db1902c5-EndpointStateMachineTaskThread-/0.0.0.0:15100-0 ] INFO  ratis.XceiverServerRatis (XceiverServerRatis.java:getRealPort(592)) - XceiverServerRatis 893f21cf-1739-427a-a93c-5929db1902c5 is started using port 15120 for RATIS_ADMIN
2024-06-12 07:36:46,136 [893f21cf-1739-427a-a93c-5929db1902c5-EndpointStateMachineTaskThread-/0.0.0.0:15100-0 ] INFO  ratis.XceiverServerRatis (XceiverServerRatis.java:getRealPort(592)) - XceiverServerRatis 893f21cf-1739-427a-a93c-5929db1902c5 is started using port 15121 for RATIS_SERVER
2024-06-12 07:36:46,136 [893f21cf-1739-427a-a93c-5929db1902c5-EndpointStateMachineTaskThread-/0.0.0.0:15100-0 ] INFO  ratis.XceiverServerRatis (XceiverServerRatis.java:getRealPort(592)) - XceiverServerRatis 893f21cf-1739-427a-a93c-5929db1902c5 is started using port 15122 for RATIS_DATASTREAM
2024-06-12 07:36:46,137 [893f21cf-1739-427a-a93c-5929db1902c5-BlockDeletingService#0] INFO  interfaces.ContainerDeletionChoosingPolicyTemplate (ContainerDeletionChoosingPolicyTemplate.java:chooseContainerForBlockDeletion(85)) - Chosen 0/5000 blocks from 0 candidate containers.
2024-06-12 07:36:46,194 [8c3b1af4-43ff-4c22-ad10-b37d9e41628a-EndpointStateMachineTaskThread-/0.0.0.0:15100-0 ] INFO  utils.DatanodeStoreCache (DatanodeStoreCache.java:addDB(72)) - Added db /home/runner/work/ozone/ozone/hadoop-ozone/integration-test/target/test-dir/MiniOzoneClusterImpl-63f03bc8-0399-4ce2-9c43-ca6ad8c463d8/ozone-meta/datanode-3/data-0/hdds/63f03bc8-0399-4ce2-9c43-ca6ad8c463d8/DS-769adfd5-b955-4210-9d4e-df0a26abcee9/container.db to cache
2024-06-12 07:36:46,194 [8c3b1af4-43ff-4c22-ad10-b37d9e41628a-EndpointStateMachineTaskThread-/0.0.0.0:15100-0 ] INFO  volume.HddsVolume (HddsVolume.java:createDbStore(437)) - SchemaV3 db is created and loaded at /home/runner/work/ozone/ozone/hadoop-ozone/integration-test/target/test-dir/MiniOzoneClusterImpl-63f03bc8-0399-4ce2-9c43-ca6ad8c463d8/ozone-meta/datanode-3/data-0/hdds/63f03bc8-0399-4ce2-9c43-ca6ad8c463d8/DS-769adfd5-b955-4210-9d4e-df0a26abcee9/container.db for volume DS-769adfd5-b955-4210-9d4e-df0a26abcee9
2024-06-12 07:36:46,196 [8c3b1af4-43ff-4c22-ad10-b37d9e41628a-ContainerReader-0] INFO  ozoneimpl.ContainerReader (ContainerReader.java:readVolume(148)) - Start to verify containers on volume /home/runner/work/ozone/ozone/hadoop-ozone/integration-test/target/test-dir/MiniOzoneClusterImpl-63f03bc8-0399-4ce2-9c43-ca6ad8c463d8/ozone-meta/datanode-3/data-0/hdds
2024-06-12 07:36:46,196 [8c3b1af4-43ff-4c22-ad10-b37d9e41628a-ContainerReader-0] INFO  ozoneimpl.ContainerReader (ContainerReader.java:readVolume(178)) - Finish verifying containers on volume /home/runner/work/ozone/ozone/hadoop-ozone/integration-test/target/test-dir/MiniOzoneClusterImpl-63f03bc8-0399-4ce2-9c43-ca6ad8c463d8/ozone-meta/datanode-3/data-0/hdds
2024-06-12 07:36:46,196 [8c3b1af4-43ff-4c22-ad10-b37d9e41628a-EndpointStateMachineTaskThread-/0.0.0.0:15100-0 ] INFO  ozoneimpl.OzoneContainer (OzoneContainer.java:buildContainerSet(328)) - Build ContainerSet costs 0s
2024-06-12 07:36:46,197 [8c3b1af4-43ff-4c22-ad10-b37d9e41628a-EndpointStateMachineTaskThread-/0.0.0.0:15100-0 ] INFO  volume.ThrottledAsyncChecker (ThrottledAsyncChecker.java:schedule(141)) - Scheduling a check for /home/runner/work/ozone/ozone/hadoop-ozone/integration-test/target/test-dir/MiniOzoneClusterImpl-63f03bc8-0399-4ce2-9c43-ca6ad8c463d8/ozone-meta/datanode-3/data-0/hdds
2024-06-12 07:36:46,199 [8c3b1af4-43ff-4c22-ad10-b37d9e41628a-EndpointStateMachineTaskThread-/0.0.0.0:15100-0 ] INFO  volume.StorageVolumeChecker (StorageVolumeChecker.java:checkAllVolumes(218)) - Scheduled health check for volume /home/runner/work/ozone/ozone/hadoop-ozone/integration-test/target/test-dir/MiniOzoneClusterImpl-63f03bc8-0399-4ce2-9c43-ca6ad8c463d8/ozone-meta/datanode-3/data-0/hdds
2024-06-12 07:36:46,200 [8c3b1af4-43ff-4c22-ad10-b37d9e41628a-EndpointStateMachineTaskThread-/0.0.0.0:15100-0 ] INFO  volume.ThrottledAsyncChecker (ThrottledAsyncChecker.java:schedule(141)) - Scheduling a check for /home/runner/work/ozone/ozone/hadoop-ozone/integration-test/target/test-dir/MiniOzoneClusterImpl-63f03bc8-0399-4ce2-9c43-ca6ad8c463d8/ozone-meta/datanode-3/ratis
2024-06-12 07:36:46,200 [8c3b1af4-43ff-4c22-ad10-b37d9e41628a-EndpointStateMachineTaskThread-/0.0.0.0:15100-0 ] INFO  volume.StorageVolumeChecker (StorageVolumeChecker.java:checkAllVolumes(218)) - Scheduled health check for volume /home/runner/work/ozone/ozone/hadoop-ozone/integration-test/target/test-dir/MiniOzoneClusterImpl-63f03bc8-0399-4ce2-9c43-ca6ad8c463d8/ozone-meta/datanode-3/ratis
2024-06-12 07:36:46,203 [8c3b1af4-43ff-4c22-ad10-b37d9e41628a-EndpointStateMachineTaskThread-/0.0.0.0:15100-0 ] INFO  ozoneimpl.OzoneContainer (OzoneContainer.java:start(459)) - Attempting to start container services.
2024-06-12 07:36:46,203 [8c3b1af4-43ff-4c22-ad10-b37d9e41628a-EndpointStateMachineTaskThread-/0.0.0.0:15100-0 ] WARN  ozoneimpl.OnDemandContainerDataScanner (OnDemandContainerDataScanner.java:init(75)) - Trying to initialize on demand scanner a second time on a datanode.
2024-06-12 07:36:46,203 [ContainerMetadataScanner] INFO  ozoneimpl.AbstractBackgroundContainerScanner (AbstractBackgroundContainerScanner.java:runIteration(87)) - Completed an iteration in 0 minutes. Number of iterations (since the data-node restart) : 1, Number of containers scanned in this iteration : 0, Number of unhealthy containers found in this iteration : 0
2024-06-12 07:36:46,204 [ContainerDataScanner(/home/runner/work/ozone/ozone/hadoop-ozone/integration-test/target/test-dir/MiniOzoneClusterImpl-63f03bc8-0399-4ce2-9c43-ca6ad8c463d8/ozone-meta/datanode-3/data-0/hdds)] INFO  ozoneimpl.AbstractBackgroundContainerScanner (AbstractBackgroundContainerScanner.java:runIteration(87)) - Completed an iteration in 0 minutes. Number of iterations (since the data-node restart) : 1, Number of containers scanned in this iteration : 0, Number of unhealthy containers found in this iteration : 0
2024-06-12 07:36:46,204 [8c3b1af4-43ff-4c22-ad10-b37d9e41628a-EndpointStateMachineTaskThread-/0.0.0.0:15100-0 ] INFO  replication.ReplicationServer (ReplicationServer.java:start(142)) - ReplicationServer is started using port 15132
2024-06-12 07:36:46,204 [8c3b1af4-43ff-4c22-ad10-b37d9e41628a-EndpointStateMachineTaskThread-/0.0.0.0:15100-0 ] INFO  ratis.XceiverServerRatis (XceiverServerRatis.java:start(566)) - Starting XceiverServerRatis 8c3b1af4-43ff-4c22-ad10-b37d9e41628a
2024-06-12 07:36:46,204 [8c3b1af4-43ff-4c22-ad10-b37d9e41628a-EndpointStateMachineTaskThread-/0.0.0.0:15100-0 ] INFO  server.RaftServer (RaftServerProxy.java:startImpl(406)) - 8c3b1af4-43ff-4c22-ad10-b37d9e41628a: start RPC server
2024-06-12 07:36:46,205 [8c3b1af4-43ff-4c22-ad10-b37d9e41628a-EndpointStateMachineTaskThread-/0.0.0.0:15100-0 ] INFO  server.GrpcService (GrpcService.java:startImpl(302)) - 8c3b1af4-43ff-4c22-ad10-b37d9e41628a: GrpcService started, listening on 15128
2024-06-12 07:36:46,205 [8c3b1af4-43ff-4c22-ad10-b37d9e41628a-EndpointStateMachineTaskThread-/0.0.0.0:15100-0 ] INFO  server.GrpcService (GrpcService.java:startImpl(302)) - 8c3b1af4-43ff-4c22-ad10-b37d9e41628a: GrpcService started, listening on 15130
2024-06-12 07:36:46,205 [8c3b1af4-43ff-4c22-ad10-b37d9e41628a-EndpointStateMachineTaskThread-/0.0.0.0:15100-0 ] INFO  server.GrpcService (GrpcService.java:startImpl(302)) - 8c3b1af4-43ff-4c22-ad10-b37d9e41628a: GrpcService started, listening on 15129
2024-06-12 07:36:46,205 [8c3b1af4-43ff-4c22-ad10-b37d9e41628a-EndpointStateMachineTaskThread-/0.0.0.0:15100-0 ] INFO  ratis.XceiverServerRatis (XceiverServerRatis.java:getRealPort(592)) - XceiverServerRatis 8c3b1af4-43ff-4c22-ad10-b37d9e41628a is started using port 15128 for RATIS
2024-06-12 07:36:46,205 [8c3b1af4-43ff-4c22-ad10-b37d9e41628a-EndpointStateMachineTaskThread-/0.0.0.0:15100-0 ] INFO  ratis.XceiverServerRatis (XceiverServerRatis.java:getRealPort(592)) - XceiverServerRatis 8c3b1af4-43ff-4c22-ad10-b37d9e41628a is started using port 15129 for RATIS_ADMIN
2024-06-12 07:36:46,205 [8c3b1af4-43ff-4c22-ad10-b37d9e41628a-EndpointStateMachineTaskThread-/0.0.0.0:15100-0 ] INFO  ratis.XceiverServerRatis (XceiverServerRatis.java:getRealPort(592)) - XceiverServerRatis 8c3b1af4-43ff-4c22-ad10-b37d9e41628a is started using port 15130 for RATIS_SERVER
2024-06-12 07:36:46,206 [8c3b1af4-43ff-4c22-ad10-b37d9e41628a-EndpointStateMachineTaskThread-/0.0.0.0:15100-0 ] INFO  ratis.XceiverServerRatis (XceiverServerRatis.java:getRealPort(592)) - XceiverServerRatis 8c3b1af4-43ff-4c22-ad10-b37d9e41628a is started using port 15131 for RATIS_DATASTREAM
2024-06-12 07:36:46,206 [JvmPauseMonitor16] INFO  util.JvmPauseMonitor (JvmPauseMonitor.java:run(146)) - JvmPauseMonitor-8c3b1af4-43ff-4c22-ad10-b37d9e41628a: Started
2024-06-12 07:36:46,207 [8c3b1af4-43ff-4c22-ad10-b37d9e41628a-BlockDeletingService#0] INFO  interfaces.ContainerDeletionChoosingPolicyTemplate (ContainerDeletionChoosingPolicyTemplate.java:chooseContainerForBlockDeletion(85)) - Chosen 0/5000 blocks from 0 candidate containers.
2024-06-12 07:36:46,250 [6f841693-a0f5-4238-8e94-5d49f60504b4-EndpointStateMachineTaskThread-/0.0.0.0:15100-0 ] INFO  utils.DatanodeStoreCache (DatanodeStoreCache.java:addDB(72)) - Added db /home/runner/work/ozone/ozone/hadoop-ozone/integration-test/target/test-dir/MiniOzoneClusterImpl-63f03bc8-0399-4ce2-9c43-ca6ad8c463d8/ozone-meta/datanode-4/data-0/hdds/63f03bc8-0399-4ce2-9c43-ca6ad8c463d8/DS-5601ce15-5d45-4c76-998c-81a388fce88f/container.db to cache
2024-06-12 07:36:46,250 [6f841693-a0f5-4238-8e94-5d49f60504b4-EndpointStateMachineTaskThread-/0.0.0.0:15100-0 ] INFO  volume.HddsVolume (HddsVolume.java:createDbStore(437)) - SchemaV3 db is created and loaded at /home/runner/work/ozone/ozone/hadoop-ozone/integration-test/target/test-dir/MiniOzoneClusterImpl-63f03bc8-0399-4ce2-9c43-ca6ad8c463d8/ozone-meta/datanode-4/data-0/hdds/63f03bc8-0399-4ce2-9c43-ca6ad8c463d8/DS-5601ce15-5d45-4c76-998c-81a388fce88f/container.db for volume DS-5601ce15-5d45-4c76-998c-81a388fce88f
2024-06-12 07:36:46,252 [6f841693-a0f5-4238-8e94-5d49f60504b4-ContainerReader-0] INFO  ozoneimpl.ContainerReader (ContainerReader.java:readVolume(148)) - Start to verify containers on volume /home/runner/work/ozone/ozone/hadoop-ozone/integration-test/target/test-dir/MiniOzoneClusterImpl-63f03bc8-0399-4ce2-9c43-ca6ad8c463d8/ozone-meta/datanode-4/data-0/hdds
2024-06-12 07:36:46,252 [6f841693-a0f5-4238-8e94-5d49f60504b4-ContainerReader-0] INFO  ozoneimpl.ContainerReader (ContainerReader.java:readVolume(178)) - Finish verifying containers on volume /home/runner/work/ozone/ozone/hadoop-ozone/integration-test/target/test-dir/MiniOzoneClusterImpl-63f03bc8-0399-4ce2-9c43-ca6ad8c463d8/ozone-meta/datanode-4/data-0/hdds
2024-06-12 07:36:46,252 [6f841693-a0f5-4238-8e94-5d49f60504b4-EndpointStateMachineTaskThread-/0.0.0.0:15100-0 ] INFO  ozoneimpl.OzoneContainer (OzoneContainer.java:buildContainerSet(328)) - Build ContainerSet costs 0s
2024-06-12 07:36:46,252 [6f841693-a0f5-4238-8e94-5d49f60504b4-EndpointStateMachineTaskThread-/0.0.0.0:15100-0 ] INFO  volume.ThrottledAsyncChecker (ThrottledAsyncChecker.java:schedule(141)) - Scheduling a check for /home/runner/work/ozone/ozone/hadoop-ozone/integration-test/target/test-dir/MiniOzoneClusterImpl-63f03bc8-0399-4ce2-9c43-ca6ad8c463d8/ozone-meta/datanode-4/data-0/hdds
2024-06-12 07:36:46,252 [6f841693-a0f5-4238-8e94-5d49f60504b4-EndpointStateMachineTaskThread-/0.0.0.0:15100-0 ] INFO  volume.StorageVolumeChecker (StorageVolumeChecker.java:checkAllVolumes(218)) - Scheduled health check for volume /home/runner/work/ozone/ozone/hadoop-ozone/integration-test/target/test-dir/MiniOzoneClusterImpl-63f03bc8-0399-4ce2-9c43-ca6ad8c463d8/ozone-meta/datanode-4/data-0/hdds
2024-06-12 07:36:46,253 [6f841693-a0f5-4238-8e94-5d49f60504b4-EndpointStateMachineTaskThread-/0.0.0.0:15100-0 ] INFO  volume.ThrottledAsyncChecker (ThrottledAsyncChecker.java:schedule(141)) - Scheduling a check for /home/runner/work/ozone/ozone/hadoop-ozone/integration-test/target/test-dir/MiniOzoneClusterImpl-63f03bc8-0399-4ce2-9c43-ca6ad8c463d8/ozone-meta/datanode-4/ratis
2024-06-12 07:36:46,253 [6f841693-a0f5-4238-8e94-5d49f60504b4-EndpointStateMachineTaskThread-/0.0.0.0:15100-0 ] INFO  volume.StorageVolumeChecker (StorageVolumeChecker.java:checkAllVolumes(218)) - Scheduled health check for volume /home/runner/work/ozone/ozone/hadoop-ozone/integration-test/target/test-dir/MiniOzoneClusterImpl-63f03bc8-0399-4ce2-9c43-ca6ad8c463d8/ozone-meta/datanode-4/ratis
2024-06-12 07:36:46,254 [6f841693-a0f5-4238-8e94-5d49f60504b4-EndpointStateMachineTaskThread-/0.0.0.0:15100-0 ] INFO  ozoneimpl.OzoneContainer (OzoneContainer.java:start(459)) - Attempting to start container services.
2024-06-12 07:36:46,254 [6f841693-a0f5-4238-8e94-5d49f60504b4-EndpointStateMachineTaskThread-/0.0.0.0:15100-0 ] WARN  ozoneimpl.OnDemandContainerDataScanner (OnDemandContainerDataScanner.java:init(75)) - Trying to initialize on demand scanner a second time on a datanode.
2024-06-12 07:36:46,255 [ContainerMetadataScanner] INFO  ozoneimpl.AbstractBackgroundContainerScanner (AbstractBackgroundContainerScanner.java:runIteration(87)) - Completed an iteration in 0 minutes. Number of iterations (since the data-node restart) : 1, Number of containers scanned in this iteration : 0, Number of unhealthy containers found in this iteration : 0
2024-06-12 07:36:46,255 [ContainerDataScanner(/home/runner/work/ozone/ozone/hadoop-ozone/integration-test/target/test-dir/MiniOzoneClusterImpl-63f03bc8-0399-4ce2-9c43-ca6ad8c463d8/ozone-meta/datanode-4/data-0/hdds)] INFO  ozoneimpl.AbstractBackgroundContainerScanner (AbstractBackgroundContainerScanner.java:runIteration(87)) - Completed an iteration in 0 minutes. Number of iterations (since the data-node restart) : 1, Number of containers scanned in this iteration : 0, Number of unhealthy containers found in this iteration : 0
2024-06-12 07:36:46,257 [6f841693-a0f5-4238-8e94-5d49f60504b4-EndpointStateMachineTaskThread-/0.0.0.0:15100-0 ] INFO  replication.ReplicationServer (ReplicationServer.java:start(142)) - ReplicationServer is started using port 15141
2024-06-12 07:36:46,257 [6f841693-a0f5-4238-8e94-5d49f60504b4-EndpointStateMachineTaskThread-/0.0.0.0:15100-0 ] INFO  ratis.XceiverServerRatis (XceiverServerRatis.java:start(566)) - Starting XceiverServerRatis 6f841693-a0f5-4238-8e94-5d49f60504b4
2024-06-12 07:36:46,257 [6f841693-a0f5-4238-8e94-5d49f60504b4-EndpointStateMachineTaskThread-/0.0.0.0:15100-0 ] INFO  server.RaftServer (RaftServerProxy.java:startImpl(406)) - 6f841693-a0f5-4238-8e94-5d49f60504b4: start RPC server
2024-06-12 07:36:46,260 [6f841693-a0f5-4238-8e94-5d49f60504b4-EndpointStateMachineTaskThread-/0.0.0.0:15100-0 ] INFO  server.GrpcService (GrpcService.java:startImpl(302)) - 6f841693-a0f5-4238-8e94-5d49f60504b4: GrpcService started, listening on 15137
2024-06-12 07:36:46,260 [6f841693-a0f5-4238-8e94-5d49f60504b4-EndpointStateMachineTaskThread-/0.0.0.0:15100-0 ] INFO  server.GrpcService (GrpcService.java:startImpl(302)) - 6f841693-a0f5-4238-8e94-5d49f60504b4: GrpcService started, listening on 15139
2024-06-12 07:36:46,260 [6f841693-a0f5-4238-8e94-5d49f60504b4-EndpointStateMachineTaskThread-/0.0.0.0:15100-0 ] INFO  server.GrpcService (GrpcService.java:startImpl(302)) - 6f841693-a0f5-4238-8e94-5d49f60504b4: GrpcService started, listening on 15138
2024-06-12 07:36:46,261 [6f841693-a0f5-4238-8e94-5d49f60504b4-EndpointStateMachineTaskThread-/0.0.0.0:15100-0 ] INFO  ratis.XceiverServerRatis (XceiverServerRatis.java:getRealPort(592)) - XceiverServerRatis 6f841693-a0f5-4238-8e94-5d49f60504b4 is started using port 15137 for RATIS
2024-06-12 07:36:46,261 [JvmPauseMonitor17] INFO  util.JvmPauseMonitor (JvmPauseMonitor.java:run(146)) - JvmPauseMonitor-6f841693-a0f5-4238-8e94-5d49f60504b4: Started
2024-06-12 07:36:46,261 [6f841693-a0f5-4238-8e94-5d49f60504b4-EndpointStateMachineTaskThread-/0.0.0.0:15100-0 ] INFO  ratis.XceiverServerRatis (XceiverServerRatis.java:getRealPort(592)) - XceiverServerRatis 6f841693-a0f5-4238-8e94-5d49f60504b4 is started using port 15138 for RATIS_ADMIN
2024-06-12 07:36:46,261 [6f841693-a0f5-4238-8e94-5d49f60504b4-EndpointStateMachineTaskThread-/0.0.0.0:15100-0 ] INFO  ratis.XceiverServerRatis (XceiverServerRatis.java:getRealPort(592)) - XceiverServerRatis 6f841693-a0f5-4238-8e94-5d49f60504b4 is started using port 15139 for RATIS_SERVER
2024-06-12 07:36:46,261 [6f841693-a0f5-4238-8e94-5d49f60504b4-EndpointStateMachineTaskThread-/0.0.0.0:15100-0 ] INFO  ratis.XceiverServerRatis (XceiverServerRatis.java:getRealPort(592)) - XceiverServerRatis 6f841693-a0f5-4238-8e94-5d49f60504b4 is started using port 15140 for RATIS_DATASTREAM
2024-06-12 07:36:46,262 [6f841693-a0f5-4238-8e94-5d49f60504b4-BlockDeletingService#0] INFO  interfaces.ContainerDeletionChoosingPolicyTemplate (ContainerDeletionChoosingPolicyTemplate.java:chooseContainerForBlockDeletion(85)) - Chosen 0/5000 blocks from 0 candidate containers.
2024-06-12 07:36:46,331 [ac495114-8bb8-4dac-b10f-46951d6cb650-EndpointStateMachineTaskThread-/0.0.0.0:15100-0 ] INFO  utils.DatanodeStoreCache (DatanodeStoreCache.java:addDB(72)) - Added db /home/runner/work/ozone/ozone/hadoop-ozone/integration-test/target/test-dir/MiniOzoneClusterImpl-63f03bc8-0399-4ce2-9c43-ca6ad8c463d8/ozone-meta/datanode-5/data-0/hdds/63f03bc8-0399-4ce2-9c43-ca6ad8c463d8/DS-60eb5a0c-6681-4266-9c0a-113caf78696c/container.db to cache
2024-06-12 07:36:46,331 [ac495114-8bb8-4dac-b10f-46951d6cb650-EndpointStateMachineTaskThread-/0.0.0.0:15100-0 ] INFO  volume.HddsVolume (HddsVolume.java:createDbStore(437)) - SchemaV3 db is created and loaded at /home/runner/work/ozone/ozone/hadoop-ozone/integration-test/target/test-dir/MiniOzoneClusterImpl-63f03bc8-0399-4ce2-9c43-ca6ad8c463d8/ozone-meta/datanode-5/data-0/hdds/63f03bc8-0399-4ce2-9c43-ca6ad8c463d8/DS-60eb5a0c-6681-4266-9c0a-113caf78696c/container.db for volume DS-60eb5a0c-6681-4266-9c0a-113caf78696c
2024-06-12 07:36:46,333 [ac495114-8bb8-4dac-b10f-46951d6cb650-ContainerReader-0] INFO  ozoneimpl.ContainerReader (ContainerReader.java:readVolume(148)) - Start to verify containers on volume /home/runner/work/ozone/ozone/hadoop-ozone/integration-test/target/test-dir/MiniOzoneClusterImpl-63f03bc8-0399-4ce2-9c43-ca6ad8c463d8/ozone-meta/datanode-5/data-0/hdds
2024-06-12 07:36:46,333 [ac495114-8bb8-4dac-b10f-46951d6cb650-ContainerReader-0] INFO  ozoneimpl.ContainerReader (ContainerReader.java:readVolume(178)) - Finish verifying containers on volume /home/runner/work/ozone/ozone/hadoop-ozone/integration-test/target/test-dir/MiniOzoneClusterImpl-63f03bc8-0399-4ce2-9c43-ca6ad8c463d8/ozone-meta/datanode-5/data-0/hdds
2024-06-12 07:36:46,333 [ac495114-8bb8-4dac-b10f-46951d6cb650-EndpointStateMachineTaskThread-/0.0.0.0:15100-0 ] INFO  ozoneimpl.OzoneContainer (OzoneContainer.java:buildContainerSet(328)) - Build ContainerSet costs 0s
2024-06-12 07:36:46,333 [ac495114-8bb8-4dac-b10f-46951d6cb650-EndpointStateMachineTaskThread-/0.0.0.0:15100-0 ] INFO  volume.ThrottledAsyncChecker (ThrottledAsyncChecker.java:schedule(141)) - Scheduling a check for /home/runner/work/ozone/ozone/hadoop-ozone/integration-test/target/test-dir/MiniOzoneClusterImpl-63f03bc8-0399-4ce2-9c43-ca6ad8c463d8/ozone-meta/datanode-5/data-0/hdds
2024-06-12 07:36:46,334 [ac495114-8bb8-4dac-b10f-46951d6cb650-EndpointStateMachineTaskThread-/0.0.0.0:15100-0 ] INFO  volume.StorageVolumeChecker (StorageVolumeChecker.java:checkAllVolumes(218)) - Scheduled health check for volume /home/runner/work/ozone/ozone/hadoop-ozone/integration-test/target/test-dir/MiniOzoneClusterImpl-63f03bc8-0399-4ce2-9c43-ca6ad8c463d8/ozone-meta/datanode-5/data-0/hdds
2024-06-12 07:36:46,335 [ac495114-8bb8-4dac-b10f-46951d6cb650-EndpointStateMachineTaskThread-/0.0.0.0:15100-0 ] INFO  volume.ThrottledAsyncChecker (ThrottledAsyncChecker.java:schedule(141)) - Scheduling a check for /home/runner/work/ozone/ozone/hadoop-ozone/integration-test/target/test-dir/MiniOzoneClusterImpl-63f03bc8-0399-4ce2-9c43-ca6ad8c463d8/ozone-meta/datanode-5/ratis
2024-06-12 07:36:46,335 [ac495114-8bb8-4dac-b10f-46951d6cb650-EndpointStateMachineTaskThread-/0.0.0.0:15100-0 ] INFO  volume.StorageVolumeChecker (StorageVolumeChecker.java:checkAllVolumes(218)) - Scheduled health check for volume /home/runner/work/ozone/ozone/hadoop-ozone/integration-test/target/test-dir/MiniOzoneClusterImpl-63f03bc8-0399-4ce2-9c43-ca6ad8c463d8/ozone-meta/datanode-5/ratis
2024-06-12 07:36:46,335 [ac495114-8bb8-4dac-b10f-46951d6cb650-EndpointStateMachineTaskThread-/0.0.0.0:15100-0 ] INFO  ozoneimpl.OzoneContainer (OzoneContainer.java:start(459)) - Attempting to start container services.
2024-06-12 07:36:46,335 [ac495114-8bb8-4dac-b10f-46951d6cb650-EndpointStateMachineTaskThread-/0.0.0.0:15100-0 ] WARN  ozoneimpl.OnDemandContainerDataScanner (OnDemandContainerDataScanner.java:init(75)) - Trying to initialize on demand scanner a second time on a datanode.
2024-06-12 07:36:46,336 [ContainerMetadataScanner] INFO  ozoneimpl.AbstractBackgroundContainerScanner (AbstractBackgroundContainerScanner.java:runIteration(87)) - Completed an iteration in 0 minutes. Number of iterations (since the data-node restart) : 1, Number of containers scanned in this iteration : 0, Number of unhealthy containers found in this iteration : 0
2024-06-12 07:36:46,336 [ContainerDataScanner(/home/runner/work/ozone/ozone/hadoop-ozone/integration-test/target/test-dir/MiniOzoneClusterImpl-63f03bc8-0399-4ce2-9c43-ca6ad8c463d8/ozone-meta/datanode-5/data-0/hdds)] INFO  ozoneimpl.AbstractBackgroundContainerScanner (AbstractBackgroundContainerScanner.java:runIteration(87)) - Completed an iteration in 0 minutes. Number of iterations (since the data-node restart) : 1, Number of containers scanned in this iteration : 0, Number of unhealthy containers found in this iteration : 0
2024-06-12 07:36:46,336 [ac495114-8bb8-4dac-b10f-46951d6cb650-EndpointStateMachineTaskThread-/0.0.0.0:15100-0 ] INFO  replication.ReplicationServer (ReplicationServer.java:start(142)) - ReplicationServer is started using port 15150
2024-06-12 07:36:46,336 [ac495114-8bb8-4dac-b10f-46951d6cb650-EndpointStateMachineTaskThread-/0.0.0.0:15100-0 ] INFO  ratis.XceiverServerRatis (XceiverServerRatis.java:start(566)) - Starting XceiverServerRatis ac495114-8bb8-4dac-b10f-46951d6cb650
2024-06-12 07:36:46,337 [ac495114-8bb8-4dac-b10f-46951d6cb650-EndpointStateMachineTaskThread-/0.0.0.0:15100-0 ] INFO  server.RaftServer (RaftServerProxy.java:startImpl(406)) - ac495114-8bb8-4dac-b10f-46951d6cb650: start RPC server
2024-06-12 07:36:46,337 [ac495114-8bb8-4dac-b10f-46951d6cb650-EndpointStateMachineTaskThread-/0.0.0.0:15100-0 ] INFO  server.GrpcService (GrpcService.java:startImpl(302)) - ac495114-8bb8-4dac-b10f-46951d6cb650: GrpcService started, listening on 15146
2024-06-12 07:36:46,337 [ac495114-8bb8-4dac-b10f-46951d6cb650-EndpointStateMachineTaskThread-/0.0.0.0:15100-0 ] INFO  server.GrpcService (GrpcService.java:startImpl(302)) - ac495114-8bb8-4dac-b10f-46951d6cb650: GrpcService started, listening on 15148
2024-06-12 07:36:46,339 [ac495114-8bb8-4dac-b10f-46951d6cb650-EndpointStateMachineTaskThread-/0.0.0.0:15100-0 ] INFO  server.GrpcService (GrpcService.java:startImpl(302)) - ac495114-8bb8-4dac-b10f-46951d6cb650: GrpcService started, listening on 15147
2024-06-12 07:36:46,339 [ac495114-8bb8-4dac-b10f-46951d6cb650-EndpointStateMachineTaskThread-/0.0.0.0:15100-0 ] INFO  ratis.XceiverServerRatis (XceiverServerRatis.java:getRealPort(592)) - XceiverServerRatis ac495114-8bb8-4dac-b10f-46951d6cb650 is started using port 15146 for RATIS
2024-06-12 07:36:46,339 [ac495114-8bb8-4dac-b10f-46951d6cb650-EndpointStateMachineTaskThread-/0.0.0.0:15100-0 ] INFO  ratis.XceiverServerRatis (XceiverServerRatis.java:getRealPort(592)) - XceiverServerRatis ac495114-8bb8-4dac-b10f-46951d6cb650 is started using port 15147 for RATIS_ADMIN
2024-06-12 07:36:46,339 [ac495114-8bb8-4dac-b10f-46951d6cb650-EndpointStateMachineTaskThread-/0.0.0.0:15100-0 ] INFO  ratis.XceiverServerRatis (XceiverServerRatis.java:getRealPort(592)) - XceiverServerRatis ac495114-8bb8-4dac-b10f-46951d6cb650 is started using port 15148 for RATIS_SERVER
2024-06-12 07:36:46,339 [ac495114-8bb8-4dac-b10f-46951d6cb650-EndpointStateMachineTaskThread-/0.0.0.0:15100-0 ] INFO  ratis.XceiverServerRatis (XceiverServerRatis.java:getRealPort(592)) - XceiverServerRatis ac495114-8bb8-4dac-b10f-46951d6cb650 is started using port 15149 for RATIS_DATASTREAM
2024-06-12 07:36:46,339 [JvmPauseMonitor18] INFO  util.JvmPauseMonitor (JvmPauseMonitor.java:run(146)) - JvmPauseMonitor-ac495114-8bb8-4dac-b10f-46951d6cb650: Started
2024-06-12 07:36:46,340 [ac495114-8bb8-4dac-b10f-46951d6cb650-BlockDeletingService#0] INFO  interfaces.ContainerDeletionChoosingPolicyTemplate (ContainerDeletionChoosingPolicyTemplate.java:chooseContainerForBlockDeletion(85)) - Chosen 0/5000 blocks from 0 candidate containers.
2024-06-12 07:36:46,363 [main] INFO  ozone.MiniOzoneClusterImpl (MiniOzoneClusterImpl.java:lambda$waitForClusterToBeReady$0(194)) - Waiting for nodes to be ready. Got 0 of 6 DN Heartbeats.
2024-06-12 07:36:46,363 [main] INFO  ozone.MiniOzoneClusterImpl (MiniOzoneClusterImpl.java:lambda$waitForClusterToBeReady$0(197)) - Waiting for cluster to exit safe mode
2024-06-12 07:36:46,363 [main] INFO  ozone.MiniOzoneClusterImpl (MiniOzoneClusterImpl.java:lambda$waitForClusterToBeReady$0(199)) - SCM became leader
2024-06-12 07:36:46,386 [29194895-a428-4dbc-89d8-767dd839d7c3-EndpointStateMachineTaskThread-/0.0.0.0:15100-0 ] INFO  utils.DatanodeStoreCache (DatanodeStoreCache.java:addDB(72)) - Added db /home/runner/work/ozone/ozone/hadoop-ozone/integration-test/target/test-dir/MiniOzoneClusterImpl-63f03bc8-0399-4ce2-9c43-ca6ad8c463d8/ozone-meta/datanode-6/data-0/hdds/63f03bc8-0399-4ce2-9c43-ca6ad8c463d8/DS-aff25e3d-5612-491b-9f33-3fc32d9f6759/container.db to cache
2024-06-12 07:36:46,386 [29194895-a428-4dbc-89d8-767dd839d7c3-EndpointStateMachineTaskThread-/0.0.0.0:15100-0 ] INFO  volume.HddsVolume (HddsVolume.java:createDbStore(437)) - SchemaV3 db is created and loaded at /home/runner/work/ozone/ozone/hadoop-ozone/integration-test/target/test-dir/MiniOzoneClusterImpl-63f03bc8-0399-4ce2-9c43-ca6ad8c463d8/ozone-meta/datanode-6/data-0/hdds/63f03bc8-0399-4ce2-9c43-ca6ad8c463d8/DS-aff25e3d-5612-491b-9f33-3fc32d9f6759/container.db for volume DS-aff25e3d-5612-491b-9f33-3fc32d9f6759
2024-06-12 07:36:46,388 [29194895-a428-4dbc-89d8-767dd839d7c3-ContainerReader-0] INFO  ozoneimpl.ContainerReader (ContainerReader.java:readVolume(148)) - Start to verify containers on volume /home/runner/work/ozone/ozone/hadoop-ozone/integration-test/target/test-dir/MiniOzoneClusterImpl-63f03bc8-0399-4ce2-9c43-ca6ad8c463d8/ozone-meta/datanode-6/data-0/hdds
2024-06-12 07:36:46,388 [29194895-a428-4dbc-89d8-767dd839d7c3-ContainerReader-0] INFO  ozoneimpl.ContainerReader (ContainerReader.java:readVolume(178)) - Finish verifying containers on volume /home/runner/work/ozone/ozone/hadoop-ozone/integration-test/target/test-dir/MiniOzoneClusterImpl-63f03bc8-0399-4ce2-9c43-ca6ad8c463d8/ozone-meta/datanode-6/data-0/hdds
2024-06-12 07:36:46,388 [29194895-a428-4dbc-89d8-767dd839d7c3-EndpointStateMachineTaskThread-/0.0.0.0:15100-0 ] INFO  ozoneimpl.OzoneContainer (OzoneContainer.java:buildContainerSet(328)) - Build ContainerSet costs 0s
2024-06-12 07:36:46,388 [29194895-a428-4dbc-89d8-767dd839d7c3-EndpointStateMachineTaskThread-/0.0.0.0:15100-0 ] INFO  volume.ThrottledAsyncChecker (ThrottledAsyncChecker.java:schedule(141)) - Scheduling a check for /home/runner/work/ozone/ozone/hadoop-ozone/integration-test/target/test-dir/MiniOzoneClusterImpl-63f03bc8-0399-4ce2-9c43-ca6ad8c463d8/ozone-meta/datanode-6/data-0/hdds
2024-06-12 07:36:46,389 [29194895-a428-4dbc-89d8-767dd839d7c3-EndpointStateMachineTaskThread-/0.0.0.0:15100-0 ] INFO  volume.StorageVolumeChecker (StorageVolumeChecker.java:checkAllVolumes(218)) - Scheduled health check for volume /home/runner/work/ozone/ozone/hadoop-ozone/integration-test/target/test-dir/MiniOzoneClusterImpl-63f03bc8-0399-4ce2-9c43-ca6ad8c463d8/ozone-meta/datanode-6/data-0/hdds
2024-06-12 07:36:46,389 [29194895-a428-4dbc-89d8-767dd839d7c3-EndpointStateMachineTaskThread-/0.0.0.0:15100-0 ] INFO  volume.ThrottledAsyncChecker (ThrottledAsyncChecker.java:schedule(141)) - Scheduling a check for /home/runner/work/ozone/ozone/hadoop-ozone/integration-test/target/test-dir/MiniOzoneClusterImpl-63f03bc8-0399-4ce2-9c43-ca6ad8c463d8/ozone-meta/datanode-6/ratis
2024-06-12 07:36:46,390 [29194895-a428-4dbc-89d8-767dd839d7c3-EndpointStateMachineTaskThread-/0.0.0.0:15100-0 ] INFO  volume.StorageVolumeChecker (StorageVolumeChecker.java:checkAllVolumes(218)) - Scheduled health check for volume /home/runner/work/ozone/ozone/hadoop-ozone/integration-test/target/test-dir/MiniOzoneClusterImpl-63f03bc8-0399-4ce2-9c43-ca6ad8c463d8/ozone-meta/datanode-6/ratis
2024-06-12 07:36:46,390 [29194895-a428-4dbc-89d8-767dd839d7c3-EndpointStateMachineTaskThread-/0.0.0.0:15100-0 ] INFO  ozoneimpl.OzoneContainer (OzoneContainer.java:start(459)) - Attempting to start container services.
2024-06-12 07:36:46,391 [29194895-a428-4dbc-89d8-767dd839d7c3-EndpointStateMachineTaskThread-/0.0.0.0:15100-0 ] WARN  ozoneimpl.OnDemandContainerDataScanner (OnDemandContainerDataScanner.java:init(75)) - Trying to initialize on demand scanner a second time on a datanode.
2024-06-12 07:36:46,391 [ContainerMetadataScanner] INFO  ozoneimpl.AbstractBackgroundContainerScanner (AbstractBackgroundContainerScanner.java:runIteration(87)) - Completed an iteration in 0 minutes. Number of iterations (since the data-node restart) : 1, Number of containers scanned in this iteration : 0, Number of unhealthy containers found in this iteration : 0
2024-06-12 07:36:46,392 [ContainerDataScanner(/home/runner/work/ozone/ozone/hadoop-ozone/integration-test/target/test-dir/MiniOzoneClusterImpl-63f03bc8-0399-4ce2-9c43-ca6ad8c463d8/ozone-meta/datanode-6/data-0/hdds)] INFO  ozoneimpl.AbstractBackgroundContainerScanner (AbstractBackgroundContainerScanner.java:runIteration(87)) - Completed an iteration in 0 minutes. Number of iterations (since the data-node restart) : 1, Number of containers scanned in this iteration : 0, Number of unhealthy containers found in this iteration : 0
2024-06-12 07:36:46,392 [29194895-a428-4dbc-89d8-767dd839d7c3-EndpointStateMachineTaskThread-/0.0.0.0:15100-0 ] INFO  replication.ReplicationServer (ReplicationServer.java:start(142)) - ReplicationServer is started using port 15159
2024-06-12 07:36:46,392 [29194895-a428-4dbc-89d8-767dd839d7c3-EndpointStateMachineTaskThread-/0.0.0.0:15100-0 ] INFO  ratis.XceiverServerRatis (XceiverServerRatis.java:start(566)) - Starting XceiverServerRatis 29194895-a428-4dbc-89d8-767dd839d7c3
2024-06-12 07:36:46,392 [29194895-a428-4dbc-89d8-767dd839d7c3-EndpointStateMachineTaskThread-/0.0.0.0:15100-0 ] INFO  server.RaftServer (RaftServerProxy.java:startImpl(406)) - 29194895-a428-4dbc-89d8-767dd839d7c3: start RPC server
2024-06-12 07:36:46,393 [29194895-a428-4dbc-89d8-767dd839d7c3-EndpointStateMachineTaskThread-/0.0.0.0:15100-0 ] INFO  server.GrpcService (GrpcService.java:startImpl(302)) - 29194895-a428-4dbc-89d8-767dd839d7c3: GrpcService started, listening on 15155
2024-06-12 07:36:46,393 [29194895-a428-4dbc-89d8-767dd839d7c3-EndpointStateMachineTaskThread-/0.0.0.0:15100-0 ] INFO  server.GrpcService (GrpcService.java:startImpl(302)) - 29194895-a428-4dbc-89d8-767dd839d7c3: GrpcService started, listening on 15157
2024-06-12 07:36:46,393 [29194895-a428-4dbc-89d8-767dd839d7c3-EndpointStateMachineTaskThread-/0.0.0.0:15100-0 ] INFO  server.GrpcService (GrpcService.java:startImpl(302)) - 29194895-a428-4dbc-89d8-767dd839d7c3: GrpcService started, listening on 15156
2024-06-12 07:36:46,393 [29194895-a428-4dbc-89d8-767dd839d7c3-EndpointStateMachineTaskThread-/0.0.0.0:15100-0 ] INFO  ratis.XceiverServerRatis (XceiverServerRatis.java:getRealPort(592)) - XceiverServerRatis 29194895-a428-4dbc-89d8-767dd839d7c3 is started using port 15155 for RATIS
2024-06-12 07:36:46,394 [29194895-a428-4dbc-89d8-767dd839d7c3-EndpointStateMachineTaskThread-/0.0.0.0:15100-0 ] INFO  ratis.XceiverServerRatis (XceiverServerRatis.java:getRealPort(592)) - XceiverServerRatis 29194895-a428-4dbc-89d8-767dd839d7c3 is started using port 15156 for RATIS_ADMIN
2024-06-12 07:36:46,394 [JvmPauseMonitor19] INFO  util.JvmPauseMonitor (JvmPauseMonitor.java:run(146)) - JvmPauseMonitor-29194895-a428-4dbc-89d8-767dd839d7c3: Started
2024-06-12 07:36:46,394 [29194895-a428-4dbc-89d8-767dd839d7c3-EndpointStateMachineTaskThread-/0.0.0.0:15100-0 ] INFO  ratis.XceiverServerRatis (XceiverServerRatis.java:getRealPort(592)) - XceiverServerRatis 29194895-a428-4dbc-89d8-767dd839d7c3 is started using port 15157 for RATIS_SERVER
2024-06-12 07:36:46,394 [29194895-a428-4dbc-89d8-767dd839d7c3-EndpointStateMachineTaskThread-/0.0.0.0:15100-0 ] INFO  ratis.XceiverServerRatis (XceiverServerRatis.java:getRealPort(592)) - XceiverServerRatis 29194895-a428-4dbc-89d8-767dd839d7c3 is started using port 15158 for RATIS_DATASTREAM
2024-06-12 07:36:46,395 [29194895-a428-4dbc-89d8-767dd839d7c3-BlockDeletingService#0] INFO  interfaces.ContainerDeletionChoosingPolicyTemplate (ContainerDeletionChoosingPolicyTemplate.java:chooseContainerForBlockDeletion(85)) - Chosen 0/5000 blocks from 0 candidate containers.
2024-06-12 07:36:47,363 [main] INFO  ozone.MiniOzoneClusterImpl (MiniOzoneClusterImpl.java:lambda$waitForClusterToBeReady$0(194)) - Waiting for nodes to be ready. Got 0 of 6 DN Heartbeats.
2024-06-12 07:36:47,364 [main] INFO  ozone.MiniOzoneClusterImpl (MiniOzoneClusterImpl.java:lambda$waitForClusterToBeReady$0(197)) - Waiting for cluster to exit safe mode
2024-06-12 07:36:47,364 [main] INFO  ozone.MiniOzoneClusterImpl (MiniOzoneClusterImpl.java:lambda$waitForClusterToBeReady$0(199)) - SCM became leader
2024-06-12 07:36:48,060 [IPC Server handler 3 on default port 15100] INFO  net.NetworkTopologyImpl (NetworkTopologyImpl.java:add(134)) - Added a new node: /default-rack/86e236ad-53d7-40fc-9454-d100b30595d4
2024-06-12 07:36:48,061 [IPC Server handler 3 on default port 15100] INFO  node.SCMNodeManager (SCMNodeManager.java:register(421)) - Registered datanode: 86e236ad-53d7-40fc-9454-d100b30595d4{ip: 127.0.0.1, host: localhost, ports: [HTTP=15107, CLIENT_RPC=15108, REPLICATION=15114, RATIS=15110, RATIS_ADMIN=15111, RATIS_SERVER=15112, RATIS_DATASTREAM=15113, STANDALONE=15109], networkLocation: /default-rack, certSerialId: null, persistedOpState: null, persistedOpStateExpiryEpochSec: 0}
2024-06-12 07:36:48,061 [EventQueue-NewNodeForNewNodeHandler] INFO  pipeline.BackgroundPipelineCreator (BackgroundPipelineCreator.java:notifyEventTriggered(280)) - trigger a one-shot run on RatisPipelineUtilsThread.
2024-06-12 07:36:48,061 [EventQueue-NodeRegistrationContainerReportForContainerSafeModeRule] INFO  safemode.SCMSafeModeManager (SCMSafeModeManager.java:validateSafeModeExitRules(203)) - ContainerSafeModeRule rule is successfully validated
2024-06-12 07:36:48,061 [RatisPipelineUtilsThread-0] INFO  pipeline.RatisPipelineProvider (RatisPipelineProvider.java:lambda$create$0(205)) - Sending CreatePipelineCommand for pipeline:PipelineID=f5c884b8-3738-470f-823d-3f5ff29a8b05 to datanode:86e236ad-53d7-40fc-9454-d100b30595d4
2024-06-12 07:36:48,061 [EventQueue-NodeRegistrationContainerReportForDataNodeSafeModeRule] INFO  safemode.SCMSafeModeManager (DataNodeSafeModeRule.java:process(71)) - SCM in safe mode. 1 DataNodes registered, 3 required.
2024-06-12 07:36:48,062 [EventQueue-PipelineReportForOneReplicaPipelineSafeModeRule] INFO  safemode.SCMSafeModeManager (SCMSafeModeManager.java:validateSafeModeExitRules(203)) - AtleastOneDatanodeReportedRule rule is successfully validated
2024-06-12 07:36:48,062 [RatisPipelineUtilsThread-0] INFO  pipeline.BackgroundPipelineCreator (BackgroundPipelineCreator.java:createPipelines(236)) - Created new pipeline Pipeline[ Id: f5c884b8-3738-470f-823d-3f5ff29a8b05, Nodes: 86e236ad-53d7-40fc-9454-d100b30595d4(localhost/127.0.0.1), ReplicationConfig: RATIS/ONE, State:ALLOCATED, leaderId:, CreationTimestamp2024-06-12T07:36:48.061892778Z[Etc/UTC]]
2024-06-12 07:36:48,110 [IPC Server handler 4 on default port 15100] INFO  net.NetworkTopologyImpl (NetworkTopologyImpl.java:add(134)) - Added a new node: /default-rack/893f21cf-1739-427a-a93c-5929db1902c5
2024-06-12 07:36:48,111 [IPC Server handler 4 on default port 15100] INFO  node.SCMNodeManager (SCMNodeManager.java:register(421)) - Registered datanode: 893f21cf-1739-427a-a93c-5929db1902c5{ip: 127.0.0.1, host: localhost, ports: [HTTP=15116, CLIENT_RPC=15117, REPLICATION=15123, RATIS=15119, RATIS_ADMIN=15120, RATIS_SERVER=15121, RATIS_DATASTREAM=15122, STANDALONE=15118], networkLocation: /default-rack, certSerialId: null, persistedOpState: null, persistedOpStateExpiryEpochSec: 0}
2024-06-12 07:36:48,111 [EventQueue-NewNodeForNewNodeHandler] INFO  pipeline.BackgroundPipelineCreator (BackgroundPipelineCreator.java:notifyEventTriggered(280)) - trigger a one-shot run on RatisPipelineUtilsThread.
2024-06-12 07:36:48,111 [EventQueue-NodeRegistrationContainerReportForDataNodeSafeModeRule] INFO  safemode.SCMSafeModeManager (DataNodeSafeModeRule.java:process(71)) - SCM in safe mode. 2 DataNodes registered, 3 required.
2024-06-12 07:36:48,111 [RatisPipelineUtilsThread-0] INFO  pipeline.RatisPipelineProvider (RatisPipelineProvider.java:lambda$create$0(205)) - Sending CreatePipelineCommand for pipeline:PipelineID=063b65cb-7ba7-4a79-a81c-0064b536cee8 to datanode:893f21cf-1739-427a-a93c-5929db1902c5
2024-06-12 07:36:48,112 [RatisPipelineUtilsThread-0] INFO  pipeline.BackgroundPipelineCreator (BackgroundPipelineCreator.java:createPipelines(236)) - Created new pipeline Pipeline[ Id: 063b65cb-7ba7-4a79-a81c-0064b536cee8, Nodes: 893f21cf-1739-427a-a93c-5929db1902c5(localhost/127.0.0.1), ReplicationConfig: RATIS/ONE, State:ALLOCATED, leaderId:, CreationTimestamp2024-06-12T07:36:48.111875925Z[Etc/UTC]]
2024-06-12 07:36:48,172 [IPC Server handler 5 on default port 15100] INFO  net.NetworkTopologyImpl (NetworkTopologyImpl.java:add(134)) - Added a new node: /default-rack/8c3b1af4-43ff-4c22-ad10-b37d9e41628a
2024-06-12 07:36:48,172 [IPC Server handler 5 on default port 15100] INFO  node.SCMNodeManager (SCMNodeManager.java:register(421)) - Registered datanode: 8c3b1af4-43ff-4c22-ad10-b37d9e41628a{ip: 127.0.0.1, host: localhost, ports: [HTTP=15125, CLIENT_RPC=15126, REPLICATION=15132, RATIS=15128, RATIS_ADMIN=15129, RATIS_SERVER=15130, RATIS_DATASTREAM=15131, STANDALONE=15127], networkLocation: /default-rack, certSerialId: null, persistedOpState: null, persistedOpStateExpiryEpochSec: 0}
2024-06-12 07:36:48,172 [EventQueue-NewNodeForNewNodeHandler] INFO  pipeline.BackgroundPipelineCreator (BackgroundPipelineCreator.java:notifyEventTriggered(280)) - trigger a one-shot run on RatisPipelineUtilsThread.
2024-06-12 07:36:48,172 [EventQueue-NodeRegistrationContainerReportForDataNodeSafeModeRule] INFO  safemode.SCMSafeModeManager (DataNodeSafeModeRule.java:process(71)) - SCM in safe mode. 3 DataNodes registered, 3 required.
2024-06-12 07:36:48,172 [EventQueue-NodeRegistrationContainerReportForDataNodeSafeModeRule] INFO  safemode.SCMSafeModeManager (SCMSafeModeManager.java:validateSafeModeExitRules(203)) - DataNodeSafeModeRule rule is successfully validated
2024-06-12 07:36:48,172 [EventQueue-NodeRegistrationContainerReportForDataNodeSafeModeRule] INFO  safemode.SCMSafeModeManager (SCMSafeModeManager.java:completePreCheck(232)) - All SCM safe mode pre check rules have passed
2024-06-12 07:36:48,172 [EventQueue-NodeRegistrationContainerReportForDataNodeSafeModeRule] INFO  ha.SCMContext (SCMContext.java:updateSafeModeStatus(225)) - Update SafeModeStatus from SafeModeStatus{safeModeStatus=true, preCheckPassed=false} to SafeModeStatus{safeModeStatus=true, preCheckPassed=true}.
2024-06-12 07:36:48,172 [EventQueue-NodeRegistrationContainerReportForDataNodeSafeModeRule] INFO  pipeline.BackgroundPipelineCreator (BackgroundPipelineCreator.java:notifyEventTriggered(280)) - trigger a one-shot run on RatisPipelineUtilsThread.
2024-06-12 07:36:48,173 [RatisPipelineUtilsThread-0] INFO  pipeline.RatisPipelineProvider (RatisPipelineProvider.java:lambda$create$0(205)) - Sending CreatePipelineCommand for pipeline:PipelineID=936e89f3-c078-4191-b7fe-443cf7a8c5c3 to datanode:8c3b1af4-43ff-4c22-ad10-b37d9e41628a
2024-06-12 07:36:48,173 [RatisPipelineUtilsThread-0] INFO  pipeline.BackgroundPipelineCreator (BackgroundPipelineCreator.java:createPipelines(236)) - Created new pipeline Pipeline[ Id: 936e89f3-c078-4191-b7fe-443cf7a8c5c3, Nodes: 8c3b1af4-43ff-4c22-ad10-b37d9e41628a(localhost/127.0.0.1), ReplicationConfig: RATIS/ONE, State:ALLOCATED, leaderId:, CreationTimestamp2024-06-12T07:36:48.173067524Z[Etc/UTC]]
2024-06-12 07:36:48,173 [RatisPipelineUtilsThread-0] INFO  pipeline.RatisPipelineProvider (RatisPipelineProvider.java:lambda$create$0(205)) - Sending CreatePipelineCommand for pipeline:PipelineID=b379d3c7-0862-45bb-b0cf-47098a2d7f4d to datanode:8c3b1af4-43ff-4c22-ad10-b37d9e41628a
2024-06-12 07:36:48,173 [RatisPipelineUtilsThread-0] INFO  pipeline.RatisPipelineProvider (RatisPipelineProvider.java:lambda$create$0(205)) - Sending CreatePipelineCommand for pipeline:PipelineID=b379d3c7-0862-45bb-b0cf-47098a2d7f4d to datanode:86e236ad-53d7-40fc-9454-d100b30595d4
2024-06-12 07:36:48,174 [RatisPipelineUtilsThread-0] INFO  pipeline.RatisPipelineProvider (RatisPipelineProvider.java:lambda$create$0(205)) - Sending CreatePipelineCommand for pipeline:PipelineID=b379d3c7-0862-45bb-b0cf-47098a2d7f4d to datanode:893f21cf-1739-427a-a93c-5929db1902c5
2024-06-12 07:36:48,174 [RatisPipelineUtilsThread-0] INFO  pipeline.BackgroundPipelineCreator (BackgroundPipelineCreator.java:createPipelines(236)) - Created new pipeline Pipeline[ Id: b379d3c7-0862-45bb-b0cf-47098a2d7f4d, Nodes: 8c3b1af4-43ff-4c22-ad10-b37d9e41628a(localhost/127.0.0.1)86e236ad-53d7-40fc-9454-d100b30595d4(localhost/127.0.0.1)893f21cf-1739-427a-a93c-5929db1902c5(localhost/127.0.0.1), ReplicationConfig: RATIS/THREE, State:ALLOCATED, leaderId:, CreationTimestamp2024-06-12T07:36:48.173889564Z[Etc/UTC]]
2024-06-12 07:36:48,174 [RatisPipelineUtilsThread-0] INFO  pipeline.RatisPipelineProvider (RatisPipelineProvider.java:lambda$create$0(205)) - Sending CreatePipelineCommand for pipeline:PipelineID=6eb71243-7091-4c40-8083-cb34c1da6ed0 to datanode:86e236ad-53d7-40fc-9454-d100b30595d4
2024-06-12 07:36:48,174 [RatisPipelineUtilsThread-0] INFO  pipeline.RatisPipelineProvider (RatisPipelineProvider.java:lambda$create$0(205)) - Sending CreatePipelineCommand for pipeline:PipelineID=6eb71243-7091-4c40-8083-cb34c1da6ed0 to datanode:8c3b1af4-43ff-4c22-ad10-b37d9e41628a
2024-06-12 07:36:48,175 [RatisPipelineUtilsThread-0] INFO  pipeline.RatisPipelineProvider (RatisPipelineProvider.java:lambda$create$0(205)) - Sending CreatePipelineCommand for pipeline:PipelineID=6eb71243-7091-4c40-8083-cb34c1da6ed0 to datanode:893f21cf-1739-427a-a93c-5929db1902c5
2024-06-12 07:36:48,175 [RatisPipelineUtilsThread-0] INFO  pipeline.PipelineManagerImpl (PipelineManagerImpl.java:recordMetricsForPipeline(916)) - Pipeline: PipelineID=6eb71243-7091-4c40-8083-cb34c1da6ed0 contains same datanodes as previous pipelines: PipelineID=b379d3c7-0862-45bb-b0cf-47098a2d7f4d nodeIds: 86e236ad-53d7-40fc-9454-d100b30595d4, 8c3b1af4-43ff-4c22-ad10-b37d9e41628a, 893f21cf-1739-427a-a93c-5929db1902c5
2024-06-12 07:36:48,175 [RatisPipelineUtilsThread-0] INFO  pipeline.BackgroundPipelineCreator (BackgroundPipelineCreator.java:createPipelines(236)) - Created new pipeline Pipeline[ Id: 6eb71243-7091-4c40-8083-cb34c1da6ed0, Nodes: 86e236ad-53d7-40fc-9454-d100b30595d4(localhost/127.0.0.1)8c3b1af4-43ff-4c22-ad10-b37d9e41628a(localhost/127.0.0.1)893f21cf-1739-427a-a93c-5929db1902c5(localhost/127.0.0.1), ReplicationConfig: RATIS/THREE, State:ALLOCATED, leaderId:, CreationTimestamp2024-06-12T07:36:48.174882793Z[Etc/UTC]]
2024-06-12 07:36:48,231 [IPC Server handler 0 on default port 15100] INFO  net.NetworkTopologyImpl (NetworkTopologyImpl.java:add(134)) - Added a new node: /default-rack/6f841693-a0f5-4238-8e94-5d49f60504b4
2024-06-12 07:36:48,231 [IPC Server handler 0 on default port 15100] INFO  node.SCMNodeManager (SCMNodeManager.java:register(421)) - Registered datanode: 6f841693-a0f5-4238-8e94-5d49f60504b4{ip: 127.0.0.1, host: localhost, ports: [HTTP=15134, CLIENT_RPC=15135, REPLICATION=15141, RATIS=15137, RATIS_ADMIN=15138, RATIS_SERVER=15139, RATIS_DATASTREAM=15140, STANDALONE=15136], networkLocation: /default-rack, certSerialId: null, persistedOpState: null, persistedOpStateExpiryEpochSec: 0}
2024-06-12 07:36:48,231 [EventQueue-NewNodeForNewNodeHandler] INFO  pipeline.BackgroundPipelineCreator (BackgroundPipelineCreator.java:notifyEventTriggered(280)) - trigger a one-shot run on RatisPipelineUtilsThread.
2024-06-12 07:36:48,232 [RatisPipelineUtilsThread-0] INFO  pipeline.RatisPipelineProvider (RatisPipelineProvider.java:lambda$create$0(205)) - Sending CreatePipelineCommand for pipeline:PipelineID=d1e616b0-b988-4dca-b8d3-c88d29d2180a to datanode:6f841693-a0f5-4238-8e94-5d49f60504b4
2024-06-12 07:36:48,233 [RatisPipelineUtilsThread-0] INFO  pipeline.BackgroundPipelineCreator (BackgroundPipelineCreator.java:createPipelines(236)) - Created new pipeline Pipeline[ Id: d1e616b0-b988-4dca-b8d3-c88d29d2180a, Nodes: 6f841693-a0f5-4238-8e94-5d49f60504b4(localhost/127.0.0.1), ReplicationConfig: RATIS/ONE, State:ALLOCATED, leaderId:, CreationTimestamp2024-06-12T07:36:48.232344948Z[Etc/UTC]]
2024-06-12 07:36:48,308 [IPC Server handler 1 on default port 15100] INFO  net.NetworkTopologyImpl (NetworkTopologyImpl.java:add(134)) - Added a new node: /default-rack/ac495114-8bb8-4dac-b10f-46951d6cb650
2024-06-12 07:36:48,308 [IPC Server handler 1 on default port 15100] INFO  node.SCMNodeManager (SCMNodeManager.java:register(421)) - Registered datanode: ac495114-8bb8-4dac-b10f-46951d6cb650{ip: 127.0.0.1, host: localhost, ports: [HTTP=15143, CLIENT_RPC=15144, REPLICATION=15150, RATIS=15146, RATIS_ADMIN=15147, RATIS_SERVER=15148, RATIS_DATASTREAM=15149, STANDALONE=15145], networkLocation: /default-rack, certSerialId: null, persistedOpState: null, persistedOpStateExpiryEpochSec: 0}
2024-06-12 07:36:48,308 [EventQueue-NewNodeForNewNodeHandler] INFO  pipeline.BackgroundPipelineCreator (BackgroundPipelineCreator.java:notifyEventTriggered(280)) - trigger a one-shot run on RatisPipelineUtilsThread.
2024-06-12 07:36:48,309 [RatisPipelineUtilsThread-0] INFO  pipeline.RatisPipelineProvider (RatisPipelineProvider.java:lambda$create$0(205)) - Sending CreatePipelineCommand for pipeline:PipelineID=c7f09077-2f85-4be4-8a52-0d11dc595847 to datanode:ac495114-8bb8-4dac-b10f-46951d6cb650
2024-06-12 07:36:48,310 [RatisPipelineUtilsThread-0] INFO  pipeline.BackgroundPipelineCreator (BackgroundPipelineCreator.java:createPipelines(236)) - Created new pipeline Pipeline[ Id: c7f09077-2f85-4be4-8a52-0d11dc595847, Nodes: ac495114-8bb8-4dac-b10f-46951d6cb650(localhost/127.0.0.1), ReplicationConfig: RATIS/ONE, State:ALLOCATED, leaderId:, CreationTimestamp2024-06-12T07:36:48.309471449Z[Etc/UTC]]
2024-06-12 07:36:48,364 [main] INFO  ozone.MiniOzoneClusterImpl (MiniOzoneClusterImpl.java:lambda$waitForClusterToBeReady$0(194)) - Waiting for nodes to be ready. Got 5 of 6 DN Heartbeats.
2024-06-12 07:36:48,364 [main] INFO  ozone.MiniOzoneClusterImpl (MiniOzoneClusterImpl.java:lambda$waitForClusterToBeReady$0(197)) - Waiting for cluster to exit safe mode
2024-06-12 07:36:48,364 [main] INFO  ozone.MiniOzoneClusterImpl (MiniOzoneClusterImpl.java:lambda$waitForClusterToBeReady$0(199)) - SCM became leader
2024-06-12 07:36:48,365 [IPC Server handler 2 on default port 15100] INFO  net.NetworkTopologyImpl (NetworkTopologyImpl.java:add(134)) - Added a new node: /default-rack/29194895-a428-4dbc-89d8-767dd839d7c3
2024-06-12 07:36:48,365 [IPC Server handler 2 on default port 15100] INFO  node.SCMNodeManager (SCMNodeManager.java:register(421)) - Registered datanode: 29194895-a428-4dbc-89d8-767dd839d7c3{ip: 127.0.0.1, host: localhost, ports: [HTTP=15152, CLIENT_RPC=15153, REPLICATION=15159, RATIS=15155, RATIS_ADMIN=15156, RATIS_SERVER=15157, RATIS_DATASTREAM=15158, STANDALONE=15154], networkLocation: /default-rack, certSerialId: null, persistedOpState: null, persistedOpStateExpiryEpochSec: 0}
2024-06-12 07:36:48,366 [EventQueue-NewNodeForNewNodeHandler] INFO  pipeline.BackgroundPipelineCreator (BackgroundPipelineCreator.java:notifyEventTriggered(280)) - trigger a one-shot run on RatisPipelineUtilsThread.
2024-06-12 07:36:48,366 [RatisPipelineUtilsThread-0] INFO  pipeline.RatisPipelineProvider (RatisPipelineProvider.java:lambda$create$0(205)) - Sending CreatePipelineCommand for pipeline:PipelineID=2bbdbdde-9b6a-4dd9-ac95-26ee86764db4 to datanode:29194895-a428-4dbc-89d8-767dd839d7c3
2024-06-12 07:36:48,367 [RatisPipelineUtilsThread-0] INFO  pipeline.BackgroundPipelineCreator (BackgroundPipelineCreator.java:createPipelines(236)) - Created new pipeline Pipeline[ Id: 2bbdbdde-9b6a-4dd9-ac95-26ee86764db4, Nodes: 29194895-a428-4dbc-89d8-767dd839d7c3(localhost/127.0.0.1), ReplicationConfig: RATIS/ONE, State:ALLOCATED, leaderId:, CreationTimestamp2024-06-12T07:36:48.366869031Z[Etc/UTC]]
2024-06-12 07:36:48,367 [RatisPipelineUtilsThread-0] INFO  pipeline.RatisPipelineProvider (RatisPipelineProvider.java:lambda$create$0(205)) - Sending CreatePipelineCommand for pipeline:PipelineID=3c6756a6-c20a-4fdc-8f34-a20483cac47c to datanode:6f841693-a0f5-4238-8e94-5d49f60504b4
2024-06-12 07:36:48,367 [RatisPipelineUtilsThread-0] INFO  pipeline.RatisPipelineProvider (RatisPipelineProvider.java:lambda$create$0(205)) - Sending CreatePipelineCommand for pipeline:PipelineID=3c6756a6-c20a-4fdc-8f34-a20483cac47c to datanode:ac495114-8bb8-4dac-b10f-46951d6cb650
2024-06-12 07:36:48,367 [RatisPipelineUtilsThread-0] INFO  pipeline.RatisPipelineProvider (RatisPipelineProvider.java:lambda$create$0(205)) - Sending CreatePipelineCommand for pipeline:PipelineID=3c6756a6-c20a-4fdc-8f34-a20483cac47c to datanode:29194895-a428-4dbc-89d8-767dd839d7c3
2024-06-12 07:36:48,368 [RatisPipelineUtilsThread-0] INFO  pipeline.BackgroundPipelineCreator (BackgroundPipelineCreator.java:createPipelines(236)) - Created new pipeline Pipeline[ Id: 3c6756a6-c20a-4fdc-8f34-a20483cac47c, Nodes: 6f841693-a0f5-4238-8e94-5d49f60504b4(localhost/127.0.0.1)ac495114-8bb8-4dac-b10f-46951d6cb650(localhost/127.0.0.1)29194895-a428-4dbc-89d8-767dd839d7c3(localhost/127.0.0.1), ReplicationConfig: RATIS/THREE, State:ALLOCATED, leaderId:, CreationTimestamp2024-06-12T07:36:48.367872830Z[Etc/UTC]]
2024-06-12 07:36:48,369 [RatisPipelineUtilsThread-0] INFO  pipeline.RatisPipelineProvider (RatisPipelineProvider.java:lambda$create$0(205)) - Sending CreatePipelineCommand for pipeline:PipelineID=750c4273-4abe-4ab7-ae36-886bf1b6d606 to datanode:6f841693-a0f5-4238-8e94-5d49f60504b4
2024-06-12 07:36:48,369 [RatisPipelineUtilsThread-0] INFO  pipeline.RatisPipelineProvider (RatisPipelineProvider.java:lambda$create$0(205)) - Sending CreatePipelineCommand for pipeline:PipelineID=750c4273-4abe-4ab7-ae36-886bf1b6d606 to datanode:ac495114-8bb8-4dac-b10f-46951d6cb650
2024-06-12 07:36:48,369 [RatisPipelineUtilsThread-0] INFO  pipeline.RatisPipelineProvider (RatisPipelineProvider.java:lambda$create$0(205)) - Sending CreatePipelineCommand for pipeline:PipelineID=750c4273-4abe-4ab7-ae36-886bf1b6d606 to datanode:29194895-a428-4dbc-89d8-767dd839d7c3
2024-06-12 07:36:48,369 [RatisPipelineUtilsThread-0] INFO  pipeline.PipelineManagerImpl (PipelineManagerImpl.java:recordMetricsForPipeline(916)) - Pipeline: PipelineID=750c4273-4abe-4ab7-ae36-886bf1b6d606 contains same datanodes as previous pipelines: PipelineID=3c6756a6-c20a-4fdc-8f34-a20483cac47c nodeIds: 6f841693-a0f5-4238-8e94-5d49f60504b4, ac495114-8bb8-4dac-b10f-46951d6cb650, 29194895-a428-4dbc-89d8-767dd839d7c3
2024-06-12 07:36:48,369 [RatisPipelineUtilsThread-0] INFO  pipeline.BackgroundPipelineCreator (BackgroundPipelineCreator.java:createPipelines(236)) - Created new pipeline Pipeline[ Id: 750c4273-4abe-4ab7-ae36-886bf1b6d606, Nodes: 6f841693-a0f5-4238-8e94-5d49f60504b4(localhost/127.0.0.1)ac495114-8bb8-4dac-b10f-46951d6cb650(localhost/127.0.0.1)29194895-a428-4dbc-89d8-767dd839d7c3(localhost/127.0.0.1), ReplicationConfig: RATIS/THREE, State:ALLOCATED, leaderId:, CreationTimestamp2024-06-12T07:36:48.369066962Z[Etc/UTC]]
2024-06-12 07:36:49,364 [main] INFO  ozone.MiniOzoneClusterImpl (MiniOzoneClusterImpl.java:lambda$waitForClusterToBeReady$0(194)) - Nodes are ready. Got 6 of 6 DN Heartbeats.
2024-06-12 07:36:49,365 [main] INFO  ozone.MiniOzoneClusterImpl (MiniOzoneClusterImpl.java:lambda$waitForClusterToBeReady$0(197)) - Waiting for cluster to exit safe mode
2024-06-12 07:36:49,365 [main] INFO  ozone.MiniOzoneClusterImpl (MiniOzoneClusterImpl.java:lambda$waitForClusterToBeReady$0(199)) - SCM became leader
2024-06-12 07:36:50,365 [main] INFO  ozone.MiniOzoneClusterImpl (MiniOzoneClusterImpl.java:lambda$waitForClusterToBeReady$0(194)) - Nodes are ready. Got 6 of 6 DN Heartbeats.
2024-06-12 07:36:50,365 [main] INFO  ozone.MiniOzoneClusterImpl (MiniOzoneClusterImpl.java:lambda$waitForClusterToBeReady$0(197)) - Waiting for cluster to exit safe mode
2024-06-12 07:36:50,365 [main] INFO  ozone.MiniOzoneClusterImpl (MiniOzoneClusterImpl.java:lambda$waitForClusterToBeReady$0(199)) - SCM became leader
2024-06-12 07:36:51,059 [86e236ad-53d7-40fc-9454-d100b30595d4-PipelineCommandHandlerThread-0] INFO  server.RaftServer (RaftServerProxy.java:addNew(100)) - 86e236ad-53d7-40fc-9454-d100b30595d4: addNew group-3F5FF29A8B05:[86e236ad-53d7-40fc-9454-d100b30595d4|127.0.0.1:15112] returns group-3F5FF29A8B05:java.util.concurrent.CompletableFuture@63c2b6c4[Not completed]
2024-06-12 07:36:51,060 [86e236ad-53d7-40fc-9454-d100b30595d4-groupManagement] INFO  server.RaftServer$Division (RaftServerImpl.java:<init>(256)) - 86e236ad-53d7-40fc-9454-d100b30595d4: new RaftServerImpl for group-3F5FF29A8B05:[86e236ad-53d7-40fc-9454-d100b30595d4|127.0.0.1:15112] with ContainerStateMachine:uninitialized
2024-06-12 07:36:51,061 [86e236ad-53d7-40fc-9454-d100b30595d4-groupManagement] INFO  server.RaftServerConfigKeys (ConfUtils.java:logGet(46)) - raft.server.rpc.timeout.min = 1s (custom)
2024-06-12 07:36:51,061 [86e236ad-53d7-40fc-9454-d100b30595d4-groupManagement] INFO  server.RaftServerConfigKeys (ConfUtils.java:logGet(46)) - raft.server.rpc.timeout.max = 1200ms (custom)
2024-06-12 07:36:51,061 [86e236ad-53d7-40fc-9454-d100b30595d4-groupManagement] INFO  server.RaftServerConfigKeys (ConfUtils.java:logGet(46)) - raft.server.rpc.sleep.time = 25ms (default)
2024-06-12 07:36:51,061 [86e236ad-53d7-40fc-9454-d100b30595d4-groupManagement] INFO  server.RaftServerConfigKeys (ConfUtils.java:logGet(46)) - raft.server.rpc.slowness.timeout = 300000ms (custom)
2024-06-12 07:36:51,061 [86e236ad-53d7-40fc-9454-d100b30595d4-groupManagement] INFO  server.RaftServerConfigKeys (ConfUtils.java:logGet(46)) - raft.server.leaderelection.leader.step-down.wait-time = 10s (default)
2024-06-12 07:36:51,061 [86e236ad-53d7-40fc-9454-d100b30595d4-groupManagement] INFO  server.RaftServerConfigKeys (ConfUtils.java:logGet(46)) - raft.server.leaderelection.member.majority-add = false (default)
2024-06-12 07:36:51,061 [86e236ad-53d7-40fc-9454-d100b30595d4-groupManagement] INFO  server.RaftServerConfigKeys (ConfUtils.java:logGet(46)) - raft.server.sleep.deviation.threshold = 300ms (default)
2024-06-12 07:36:51,061 [86e236ad-53d7-40fc-9454-d100b30595d4-groupManagement] INFO  server.RaftServer$Division (ServerState.java:<init>(113)) - 86e236ad-53d7-40fc-9454-d100b30595d4@group-3F5FF29A8B05: ConfigurationManager, init=-1: peers:[86e236ad-53d7-40fc-9454-d100b30595d4|127.0.0.1:15112]|listeners:[], old=null, confs=<EMPTY_MAP>
2024-06-12 07:36:51,061 [86e236ad-53d7-40fc-9454-d100b30595d4-groupManagement] INFO  server.RaftServerConfigKeys (ConfUtils.java:logGet(46)) - raft.server.notification.no-leader.timeout = 300000ms (custom)
2024-06-12 07:36:51,061 [86e236ad-53d7-40fc-9454-d100b30595d4-groupManagement] INFO  server.RaftServerConfigKeys (ConfUtils.java:logGet(46)) - raft.server.read.timeout = 10s (default)
2024-06-12 07:36:51,061 [86e236ad-53d7-40fc-9454-d100b30595d4-groupManagement] INFO  server.RaftServerConfigKeys (ConfUtils.java:logGet(46)) - raft.server.retrycache.expirytime = 600000ms (custom)
2024-06-12 07:36:51,061 [86e236ad-53d7-40fc-9454-d100b30595d4-groupManagement] INFO  server.RaftServerConfigKeys (ConfUtils.java:logGet(46)) - raft.server.retrycache.statistics.expirytime = 100ms (default)
2024-06-12 07:36:51,061 [86e236ad-53d7-40fc-9454-d100b30595d4-groupManagement] INFO  server.RaftServerConfigKeys (ConfUtils.java:logGet(46)) - raft.server.read.option = DEFAULT (default)
2024-06-12 07:36:51,061 [86e236ad-53d7-40fc-9454-d100b30595d4-groupManagement] INFO  server.RaftServerConfigKeys (ConfUtils.java:logGet(46)) - raft.server.read.read-after-write-consistent.write-index-cache.expiry-time = 60s (default)
2024-06-12 07:36:51,063 [86e236ad-53d7-40fc-9454-d100b30595d4-groupManagement] INFO  server.RaftServerConfigKeys (ConfUtils.java:logGet(46)) - raft.server.rpc.request.timeout = 3000ms (default)
2024-06-12 07:36:51,063 [86e236ad-53d7-40fc-9454-d100b30595d4-groupManagement] INFO  server.RaftServerConfigKeys (ConfUtils.java:logGet(46)) - raft.server.log.appender.install.snapshot.enabled = false (custom)
2024-06-12 07:36:51,063 [86e236ad-53d7-40fc-9454-d100b30595d4-groupManagement] INFO  server.RaftServerConfigKeys (ConfUtils.java:logGet(46)) - raft.server.threadpool.server.cached = true (default)
2024-06-12 07:36:51,063 [86e236ad-53d7-40fc-9454-d100b30595d4-groupManagement] INFO  server.RaftServerConfigKeys (ConfUtils.java:logGet(46)) - raft.server.threadpool.server.size = 0 (default)
2024-06-12 07:36:51,063 [86e236ad-53d7-40fc-9454-d100b30595d4-groupManagement] INFO  server.RaftServerConfigKeys (ConfUtils.java:logGet(46)) - raft.server.threadpool.client.cached = true (default)
2024-06-12 07:36:51,064 [86e236ad-53d7-40fc-9454-d100b30595d4-groupManagement] INFO  server.RaftServerConfigKeys (ConfUtils.java:logGet(46)) - raft.server.threadpool.client.size = 0 (default)
2024-06-12 07:36:51,064 [86e236ad-53d7-40fc-9454-d100b30595d4-groupManagement] INFO  server.RaftServerConfigKeys (ConfUtils.java:logGet(46)) - raft.server.storage.free-space.min = 0MB (=0) (default)
2024-06-12 07:36:51,064 [86e236ad-53d7-40fc-9454-d100b30595d4-groupManagement] INFO  server.RaftServerConfigKeys (ConfUtils.java:logGet(46)) - raft.server.log.corruption.policy = EXCEPTION (default)
2024-06-12 07:36:51,064 [86e236ad-53d7-40fc-9454-d100b30595d4-groupManagement] INFO  server.RaftServerConfigKeys (ConfUtils.java:logGet(46)) - raft.server.storage.dir = [/home/runner/work/ozone/ozone/hadoop-ozone/integration-test/target/test-dir/MiniOzoneClusterImpl-63f03bc8-0399-4ce2-9c43-ca6ad8c463d8/ozone-meta/datanode-1/ratis] (custom)
2024-06-12 07:36:51,064 [86e236ad-53d7-40fc-9454-d100b30595d4-groupManagement] INFO  storage.RaftStorageDirectory (RaftStorageDirectoryImpl.java:analyzeStorage(138)) - The storage directory /home/runner/work/ozone/ozone/hadoop-ozone/integration-test/target/test-dir/MiniOzoneClusterImpl-63f03bc8-0399-4ce2-9c43-ca6ad8c463d8/ozone-meta/datanode-1/ratis/f5c884b8-3738-470f-823d-3f5ff29a8b05 does not exist. Creating ...
2024-06-12 07:36:51,065 [86e236ad-53d7-40fc-9454-d100b30595d4-groupManagement] INFO  storage.RaftStorageDirectory (RaftStorageDirectoryImpl.java:tryLock(228)) - Lock on /home/runner/work/ozone/ozone/hadoop-ozone/integration-test/target/test-dir/MiniOzoneClusterImpl-63f03bc8-0399-4ce2-9c43-ca6ad8c463d8/ozone-meta/datanode-1/ratis/f5c884b8-3738-470f-823d-3f5ff29a8b05/in_use.lock acquired by nodename 34952@fv-az1443-254
2024-06-12 07:36:51,066 [86e236ad-53d7-40fc-9454-d100b30595d4-groupManagement] INFO  storage.RaftStorage (RaftStorageImpl.java:format(99)) - Storage directory /home/runner/work/ozone/ozone/hadoop-ozone/integration-test/target/test-dir/MiniOzoneClusterImpl-63f03bc8-0399-4ce2-9c43-ca6ad8c463d8/ozone-meta/datanode-1/ratis/f5c884b8-3738-470f-823d-3f5ff29a8b05 has been successfully formatted.
2024-06-12 07:36:51,066 [86e236ad-53d7-40fc-9454-d100b30595d4-groupManagement] WARN  util.FileUtils (LogUtils.java:supplyAndLog(63)) - Failed to Files.newInputStream /home/runner/work/ozone/ozone/hadoop-ozone/integration-test/target/test-dir/MiniOzoneClusterImpl-63f03bc8-0399-4ce2-9c43-ca6ad8c463d8/ozone-meta/datanode-1/ratis/f5c884b8-3738-470f-823d-3f5ff29a8b05/current/raft-meta.conf with options []: java.nio.file.NoSuchFileException: /home/runner/work/ozone/ozone/hadoop-ozone/integration-test/target/test-dir/MiniOzoneClusterImpl-63f03bc8-0399-4ce2-9c43-ca6ad8c463d8/ozone-meta/datanode-1/ratis/f5c884b8-3738-470f-823d-3f5ff29a8b05/current/raft-meta.conf
2024-06-12 07:36:51,067 [86e236ad-53d7-40fc-9454-d100b30595d4-groupManagement] INFO  ratis.ContainerStateMachine (ContainerStateMachine.java:loadSnapshot(287)) - group-3F5FF29A8B05: The snapshot info is null. Setting the last applied index to:(t:0, i:~)
2024-06-12 07:36:51,067 [86e236ad-53d7-40fc-9454-d100b30595d4-groupManagement] INFO  server.RaftServerConfigKeys (ConfUtils.java:logGet(46)) - raft.server.log.use.memory = false (default)
2024-06-12 07:36:51,067 [86e236ad-53d7-40fc-9454-d100b30595d4-groupManagement] INFO  server.RaftServerConfigKeys (ConfUtils.java:logGet(46)) - raft.server.log.purge.gap = 1000000 (custom)
2024-06-12 07:36:51,067 [86e236ad-53d7-40fc-9454-d100b30595d4-groupManagement] INFO  server.RaftServerConfigKeys (ConfUtils.java:logGet(46)) - raft.server.log.appender.buffer.byte-limit = 8388608 (custom)
2024-06-12 07:36:51,067 [86e236ad-53d7-40fc-9454-d100b30595d4-groupManagement] INFO  server.RaftServerConfigKeys (ConfUtils.java:logGet(46)) - raft.server.log.statemachine.data.read.timeout = 1000ms (default)
2024-06-12 07:36:51,067 [86e236ad-53d7-40fc-9454-d100b30595d4-groupManagement] INFO  server.RaftServerConfigKeys (ConfUtils.java:logGet(46)) - raft.server.log.purge.preservation.log.num = 0 (default)
2024-06-12 07:36:51,068 [86e236ad-53d7-40fc-9454-d100b30595d4-groupManagement] INFO  server.RaftServerConfigKeys (ConfUtils.java:logGet(46)) - raft.server.log.segment.size.max = 67108864 (custom)
2024-06-12 07:36:51,069 [86e236ad-53d7-40fc-9454-d100b30595d4-groupManagement] INFO  server.RaftServerConfigKeys (ConfUtils.java:logGet(46)) - raft.server.log.segment.cache.num.max = 2 (custom)
2024-06-12 07:36:51,069 [86e236ad-53d7-40fc-9454-d100b30595d4-groupManagement] INFO  server.RaftServerConfigKeys (ConfUtils.java:logGet(46)) - raft.server.log.segment.cache.size.max = 200MB (=209715200) (default)
2024-06-12 07:36:51,069 [EventQueue-PipelineReportForPipelineReportHandler] INFO  pipeline.PipelineReportHandler (PipelineReportHandler.java:processPipelineReport(136)) - Opened pipeline PipelineID=f5c884b8-3738-470f-823d-3f5ff29a8b05
2024-06-12 07:36:51,069 [86e236ad-53d7-40fc-9454-d100b30595d4-groupManagement] INFO  server.RaftServerConfigKeys (ConfUtils.java:logGet(46)) - raft.server.log.appender.buffer.byte-limit = 8388608 (custom)
2024-06-12 07:36:51,069 [86e236ad-53d7-40fc-9454-d100b30595d4-groupManagement] INFO  util.AwaitToRun (AwaitToRun.java:start(81)) - Thread[86e236ad-53d7-40fc-9454-d100b30595d4@group-3F5FF29A8B05-cacheEviction-AwaitToRun,5,main] started
2024-06-12 07:36:51,069 [86e236ad-53d7-40fc-9454-d100b30595d4-groupManagement] INFO  segmented.SegmentedRaftLogWorker (SegmentedRaftLogWorker.java:<init>(182)) - new 86e236ad-53d7-40fc-9454-d100b30595d4@group-3F5FF29A8B05-SegmentedRaftLogWorker for RaftStorageImpl:Storage Directory /home/runner/work/ozone/ozone/hadoop-ozone/integration-test/target/test-dir/MiniOzoneClusterImpl-63f03bc8-0399-4ce2-9c43-ca6ad8c463d8/ozone-meta/datanode-1/ratis/f5c884b8-3738-470f-823d-3f5ff29a8b05
2024-06-12 07:36:51,069 [86e236ad-53d7-40fc-9454-d100b30595d4-groupManagement] INFO  server.RaftServerConfigKeys (ConfUtils.java:logGet(46)) - raft.server.log.queue.byte-limit = 4294967296 (custom)
2024-06-12 07:36:51,069 [86e236ad-53d7-40fc-9454-d100b30595d4-groupManagement] INFO  server.RaftServerConfigKeys (ConfUtils.java:logGet(46)) - raft.server.log.queue.element-limit = 1024 (custom)
2024-06-12 07:36:51,069 [86e236ad-53d7-40fc-9454-d100b30595d4-groupManagement] INFO  server.RaftServerConfigKeys (ConfUtils.java:logGet(46)) - raft.server.log.segment.size.max = 67108864 (custom)
2024-06-12 07:36:51,069 [86e236ad-53d7-40fc-9454-d100b30595d4-groupManagement] INFO  server.RaftServerConfigKeys (ConfUtils.java:logGet(46)) - raft.server.log.preallocated.size = 4194304 (custom)
2024-06-12 07:36:51,070 [86e236ad-53d7-40fc-9454-d100b30595d4-groupManagement] INFO  server.RaftServerConfigKeys (ConfUtils.java:logGet(46)) - raft.server.log.force.sync.num = 128 (default)
2024-06-12 07:36:51,070 [86e236ad-53d7-40fc-9454-d100b30595d4-groupManagement] INFO  server.RaftServerConfigKeys (ConfUtils.java:logGet(46)) - raft.server.log.statemachine.data.sync = true (default)
2024-06-12 07:36:51,070 [86e236ad-53d7-40fc-9454-d100b30595d4-groupManagement] INFO  server.RaftServerConfigKeys (ConfUtils.java:logGet(46)) - raft.server.log.statemachine.data.sync.timeout = 10s (default)
2024-06-12 07:36:51,070 [86e236ad-53d7-40fc-9454-d100b30595d4-groupManagement] INFO  server.RaftServerConfigKeys (ConfUtils.java:logGet(46)) - raft.server.log.statemachine.data.sync.timeout.retry = 30 (custom)
2024-06-12 07:36:51,069 [EventQueue-OpenPipelineForHealthyPipelineSafeModeRule] INFO  safemode.SCMSafeModeManager (HealthyPipelineSafeModeRule.java:process(140)) - SCM in safe mode. Healthy pipelines reported count is 0, required healthy pipeline reported count is 1
2024-06-12 07:36:51,070 [86e236ad-53d7-40fc-9454-d100b30595d4-groupManagement] INFO  server.RaftServerConfigKeys (ConfUtils.java:logGet(46)) - raft.server.log.write.buffer.size = 8388616 (custom)
2024-06-12 07:36:51,072 [86e236ad-53d7-40fc-9454-d100b30595d4-groupManagement] INFO  server.RaftServerConfigKeys (ConfUtils.java:logGet(46)) - raft.server.log.appender.buffer.byte-limit = 8388608 (custom)
2024-06-12 07:36:51,072 [86e236ad-53d7-40fc-9454-d100b30595d4-groupManagement] INFO  server.RaftServerConfigKeys (ConfUtils.java:logGet(46)) - raft.server.log.unsafe-flush.enabled = false (default)
2024-06-12 07:36:51,072 [86e236ad-53d7-40fc-9454-d100b30595d4-groupManagement] INFO  server.RaftServerConfigKeys (ConfUtils.java:logGet(46)) - raft.server.log.async-flush.enabled = false (default)
2024-06-12 07:36:51,072 [86e236ad-53d7-40fc-9454-d100b30595d4-groupManagement] INFO  server.RaftServerConfigKeys (ConfUtils.java:logGet(46)) - raft.server.log.statemachine.data.caching.enabled = true (custom)
2024-06-12 07:36:51,072 [86e236ad-53d7-40fc-9454-d100b30595d4-groupManagement] INFO  segmented.SegmentedRaftLogWorker (SegmentedRaftLogWorker.java:lambda$new$0(134)) - 86e236ad-53d7-40fc-9454-d100b30595d4@group-3F5FF29A8B05-SegmentedRaftLogWorker: flushIndex: setUnconditionally 0 -> -1
2024-06-12 07:36:51,072 [86e236ad-53d7-40fc-9454-d100b30595d4-groupManagement] INFO  segmented.SegmentedRaftLogWorker (SegmentedRaftLogWorker.java:lambda$new$0(134)) - 86e236ad-53d7-40fc-9454-d100b30595d4@group-3F5FF29A8B05-SegmentedRaftLogWorker: safeCacheEvictIndex: setUnconditionally 0 -> -1
2024-06-12 07:36:51,072 [86e236ad-53d7-40fc-9454-d100b30595d4-groupManagement] INFO  server.RaftServer$Division (RaftServerImpl.java:start(396)) - 86e236ad-53d7-40fc-9454-d100b30595d4@group-3F5FF29A8B05: start as a follower, conf=-1: peers:[86e236ad-53d7-40fc-9454-d100b30595d4|127.0.0.1:15112]|listeners:[], old=null
2024-06-12 07:36:51,073 [86e236ad-53d7-40fc-9454-d100b30595d4-groupManagement] INFO  server.RaftServer$Division (RaftServerImpl.java:setRole(383)) - 86e236ad-53d7-40fc-9454-d100b30595d4@group-3F5FF29A8B05: changes role from      null to FOLLOWER at term 0 for startAsFollower
2024-06-12 07:36:51,073 [86e236ad-53d7-40fc-9454-d100b30595d4-groupManagement] INFO  impl.RoleInfo (RoleInfo.java:updateAndGet(139)) - 86e236ad-53d7-40fc-9454-d100b30595d4: start 86e236ad-53d7-40fc-9454-d100b30595d4@group-3F5FF29A8B05-FollowerState
2024-06-12 07:36:51,073 [86e236ad-53d7-40fc-9454-d100b30595d4@group-3F5FF29A8B05-FollowerState] INFO  server.RaftServerConfigKeys (ConfUtils.java:logFallback(53)) - raft.server.rpc.first-election.timeout.min = 1s (fallback to raft.server.rpc.timeout.min)
2024-06-12 07:36:51,073 [86e236ad-53d7-40fc-9454-d100b30595d4-groupManagement] INFO  util.JmxRegister (JmxRegister.java:tryRegister(44)) - Successfully registered JMX Bean with object name Ratis:service=RaftServer,group=group-3F5FF29A8B05,id=86e236ad-53d7-40fc-9454-d100b30595d4
2024-06-12 07:36:51,073 [86e236ad-53d7-40fc-9454-d100b30595d4-groupManagement] INFO  server.RaftServerConfigKeys (ConfUtils.java:logGet(46)) - raft.server.snapshot.trigger-when-stop.enabled = true (default)
2024-06-12 07:36:51,073 [86e236ad-53d7-40fc-9454-d100b30595d4-groupManagement] INFO  server.RaftServerConfigKeys (ConfUtils.java:logGet(46)) - raft.server.snapshot.auto.trigger.enabled = true (custom)
2024-06-12 07:36:51,073 [86e236ad-53d7-40fc-9454-d100b30595d4@group-3F5FF29A8B05-FollowerState] INFO  server.RaftServerConfigKeys (ConfUtils.java:logFallback(53)) - raft.server.rpc.first-election.timeout.max = 1200ms (fallback to raft.server.rpc.timeout.max)
2024-06-12 07:36:51,073 [86e236ad-53d7-40fc-9454-d100b30595d4-groupManagement] INFO  server.RaftServerConfigKeys (ConfUtils.java:logGet(46)) - raft.server.snapshot.auto.trigger.threshold = 10000 (custom)
2024-06-12 07:36:51,073 [86e236ad-53d7-40fc-9454-d100b30595d4-groupManagement] INFO  server.RaftServerConfigKeys (ConfUtils.java:logGet(46)) - raft.server.snapshot.retention.file.num = 5 (custom)
2024-06-12 07:36:51,073 [86e236ad-53d7-40fc-9454-d100b30595d4-groupManagement] INFO  server.RaftServerConfigKeys (ConfUtils.java:logGet(46)) - raft.server.log.purge.upto.snapshot.index = false (default)
2024-06-12 07:36:51,074 [86e236ad-53d7-40fc-9454-d100b30595d4-PipelineCommandHandlerThread-0] INFO  ratis.XceiverServerRatis (XceiverServerRatis.java:addGroup(864)) - Created group PipelineID=f5c884b8-3738-470f-823d-3f5ff29a8b05
2024-06-12 07:36:51,075 [86e236ad-53d7-40fc-9454-d100b30595d4-PipelineCommandHandlerThread-0] INFO  commandhandler.CreatePipelineCommandHandler (CreatePipelineCommandHandler.java:lambda$handle$2(124)) - Created Pipeline RATIS ONE PipelineID=f5c884b8-3738-470f-823d-3f5ff29a8b05.
2024-06-12 07:36:51,075 [86e236ad-53d7-40fc-9454-d100b30595d4-PipelineCommandHandlerThread-0] INFO  server.RaftServer (RaftServerProxy.java:addNew(100)) - 86e236ad-53d7-40fc-9454-d100b30595d4: addNew group-47098A2D7F4D:[893f21cf-1739-427a-a93c-5929db1902c5|127.0.0.1:15121, 86e236ad-53d7-40fc-9454-d100b30595d4|127.0.0.1:15112, 8c3b1af4-43ff-4c22-ad10-b37d9e41628a|127.0.0.1:15130] returns group-47098A2D7F4D:java.util.concurrent.CompletableFuture@67fd3e64[Not completed]
2024-06-12 07:36:51,076 [86e236ad-53d7-40fc-9454-d100b30595d4-groupManagement] INFO  server.RaftServer$Division (RaftServerImpl.java:<init>(256)) - 86e236ad-53d7-40fc-9454-d100b30595d4: new RaftServerImpl for group-47098A2D7F4D:[893f21cf-1739-427a-a93c-5929db1902c5|127.0.0.1:15121, 86e236ad-53d7-40fc-9454-d100b30595d4|127.0.0.1:15112, 8c3b1af4-43ff-4c22-ad10-b37d9e41628a|127.0.0.1:15130] with ContainerStateMachine:uninitialized
2024-06-12 07:36:51,076 [86e236ad-53d7-40fc-9454-d100b30595d4-groupManagement] INFO  server.RaftServerConfigKeys (ConfUtils.java:logGet(46)) - raft.server.rpc.timeout.min = 1s (custom)
2024-06-12 07:36:51,076 [86e236ad-53d7-40fc-9454-d100b30595d4-groupManagement] INFO  server.RaftServerConfigKeys (ConfUtils.java:logGet(46)) - raft.server.rpc.timeout.max = 1200ms (custom)
2024-06-12 07:36:51,076 [86e236ad-53d7-40fc-9454-d100b30595d4-groupManagement] INFO  server.RaftServerConfigKeys (ConfUtils.java:logGet(46)) - raft.server.rpc.sleep.time = 25ms (default)
2024-06-12 07:36:51,076 [86e236ad-53d7-40fc-9454-d100b30595d4-groupManagement] INFO  server.RaftServerConfigKeys (ConfUtils.java:logGet(46)) - raft.server.rpc.slowness.timeout = 300000ms (custom)
2024-06-12 07:36:51,076 [86e236ad-53d7-40fc-9454-d100b30595d4-groupManagement] INFO  server.RaftServerConfigKeys (ConfUtils.java:logGet(46)) - raft.server.leaderelection.leader.step-down.wait-time = 10s (default)
2024-06-12 07:36:51,076 [86e236ad-53d7-40fc-9454-d100b30595d4-groupManagement] INFO  server.RaftServerConfigKeys (ConfUtils.java:logGet(46)) - raft.server.leaderelection.member.majority-add = false (default)
2024-06-12 07:36:51,076 [86e236ad-53d7-40fc-9454-d100b30595d4-groupManagement] INFO  server.RaftServerConfigKeys (ConfUtils.java:logGet(46)) - raft.server.sleep.deviation.threshold = 300ms (default)
2024-06-12 07:36:51,076 [86e236ad-53d7-40fc-9454-d100b30595d4-groupManagement] INFO  server.RaftServer$Division (ServerState.java:<init>(113)) - 86e236ad-53d7-40fc-9454-d100b30595d4@group-47098A2D7F4D: ConfigurationManager, init=-1: peers:[893f21cf-1739-427a-a93c-5929db1902c5|127.0.0.1:15121, 86e236ad-53d7-40fc-9454-d100b30595d4|127.0.0.1:15112, 8c3b1af4-43ff-4c22-ad10-b37d9e41628a|127.0.0.1:15130]|listeners:[], old=null, confs=<EMPTY_MAP>
2024-06-12 07:36:51,076 [86e236ad-53d7-40fc-9454-d100b30595d4-groupManagement] INFO  server.RaftServerConfigKeys (ConfUtils.java:logGet(46)) - raft.server.notification.no-leader.timeout = 300000ms (custom)
2024-06-12 07:36:51,076 [86e236ad-53d7-40fc-9454-d100b30595d4-groupManagement] INFO  server.RaftServerConfigKeys (ConfUtils.java:logGet(46)) - raft.server.read.timeout = 10s (default)
2024-06-12 07:36:51,076 [86e236ad-53d7-40fc-9454-d100b30595d4-groupManagement] INFO  server.RaftServerConfigKeys (ConfUtils.java:logGet(46)) - raft.server.retrycache.expirytime = 600000ms (custom)
2024-06-12 07:36:51,076 [86e236ad-53d7-40fc-9454-d100b30595d4-groupManagement] INFO  server.RaftServerConfigKeys (ConfUtils.java:logGet(46)) - raft.server.retrycache.statistics.expirytime = 100ms (default)
2024-06-12 07:36:51,076 [86e236ad-53d7-40fc-9454-d100b30595d4-groupManagement] INFO  server.RaftServerConfigKeys (ConfUtils.java:logGet(46)) - raft.server.read.option = DEFAULT (default)
2024-06-12 07:36:51,076 [86e236ad-53d7-40fc-9454-d100b30595d4-groupManagement] INFO  server.RaftServerConfigKeys (ConfUtils.java:logGet(46)) - raft.server.read.read-after-write-consistent.write-index-cache.expiry-time = 60s (default)
2024-06-12 07:36:51,078 [86e236ad-53d7-40fc-9454-d100b30595d4-groupManagement] INFO  server.RaftServerConfigKeys (ConfUtils.java:logGet(46)) - raft.server.rpc.request.timeout = 3000ms (default)
2024-06-12 07:36:51,078 [86e236ad-53d7-40fc-9454-d100b30595d4-groupManagement] INFO  server.RaftServerConfigKeys (ConfUtils.java:logGet(46)) - raft.server.log.appender.install.snapshot.enabled = false (custom)
2024-06-12 07:36:51,078 [86e236ad-53d7-40fc-9454-d100b30595d4-groupManagement] INFO  server.RaftServerConfigKeys (ConfUtils.java:logGet(46)) - raft.server.threadpool.server.cached = true (default)
2024-06-12 07:36:51,078 [86e236ad-53d7-40fc-9454-d100b30595d4-groupManagement] INFO  server.RaftServerConfigKeys (ConfUtils.java:logGet(46)) - raft.server.threadpool.server.size = 0 (default)
2024-06-12 07:36:51,078 [86e236ad-53d7-40fc-9454-d100b30595d4-groupManagement] INFO  server.RaftServerConfigKeys (ConfUtils.java:logGet(46)) - raft.server.threadpool.client.cached = true (default)
2024-06-12 07:36:51,078 [86e236ad-53d7-40fc-9454-d100b30595d4-groupManagement] INFO  server.RaftServerConfigKeys (ConfUtils.java:logGet(46)) - raft.server.threadpool.client.size = 0 (default)
2024-06-12 07:36:51,078 [86e236ad-53d7-40fc-9454-d100b30595d4-groupManagement] INFO  server.RaftServerConfigKeys (ConfUtils.java:logGet(46)) - raft.server.storage.free-space.min = 0MB (=0) (default)
2024-06-12 07:36:51,078 [86e236ad-53d7-40fc-9454-d100b30595d4-groupManagement] INFO  server.RaftServerConfigKeys (ConfUtils.java:logGet(46)) - raft.server.log.corruption.policy = EXCEPTION (default)
2024-06-12 07:36:51,078 [86e236ad-53d7-40fc-9454-d100b30595d4-groupManagement] INFO  server.RaftServerConfigKeys (ConfUtils.java:logGet(46)) - raft.server.storage.dir = [/home/runner/work/ozone/ozone/hadoop-ozone/integration-test/target/test-dir/MiniOzoneClusterImpl-63f03bc8-0399-4ce2-9c43-ca6ad8c463d8/ozone-meta/datanode-1/ratis] (custom)
2024-06-12 07:36:51,079 [86e236ad-53d7-40fc-9454-d100b30595d4-groupManagement] INFO  storage.RaftStorageDirectory (RaftStorageDirectoryImpl.java:analyzeStorage(138)) - The storage directory /home/runner/work/ozone/ozone/hadoop-ozone/integration-test/target/test-dir/MiniOzoneClusterImpl-63f03bc8-0399-4ce2-9c43-ca6ad8c463d8/ozone-meta/datanode-1/ratis/b379d3c7-0862-45bb-b0cf-47098a2d7f4d does not exist. Creating ...
2024-06-12 07:36:51,079 [86e236ad-53d7-40fc-9454-d100b30595d4-groupManagement] INFO  storage.RaftStorageDirectory (RaftStorageDirectoryImpl.java:tryLock(228)) - Lock on /home/runner/work/ozone/ozone/hadoop-ozone/integration-test/target/test-dir/MiniOzoneClusterImpl-63f03bc8-0399-4ce2-9c43-ca6ad8c463d8/ozone-meta/datanode-1/ratis/b379d3c7-0862-45bb-b0cf-47098a2d7f4d/in_use.lock acquired by nodename 34952@fv-az1443-254
2024-06-12 07:36:51,080 [86e236ad-53d7-40fc-9454-d100b30595d4-groupManagement] INFO  storage.RaftStorage (RaftStorageImpl.java:format(99)) - Storage directory /home/runner/work/ozone/ozone/hadoop-ozone/integration-test/target/test-dir/MiniOzoneClusterImpl-63f03bc8-0399-4ce2-9c43-ca6ad8c463d8/ozone-meta/datanode-1/ratis/b379d3c7-0862-45bb-b0cf-47098a2d7f4d has been successfully formatted.
2024-06-12 07:36:51,080 [86e236ad-53d7-40fc-9454-d100b30595d4-groupManagement] WARN  util.FileUtils (LogUtils.java:supplyAndLog(63)) - Failed to Files.newInputStream /home/runner/work/ozone/ozone/hadoop-ozone/integration-test/target/test-dir/MiniOzoneClusterImpl-63f03bc8-0399-4ce2-9c43-ca6ad8c463d8/ozone-meta/datanode-1/ratis/b379d3c7-0862-45bb-b0cf-47098a2d7f4d/current/raft-meta.conf with options []: java.nio.file.NoSuchFileException: /home/runner/work/ozone/ozone/hadoop-ozone/integration-test/target/test-dir/MiniOzoneClusterImpl-63f03bc8-0399-4ce2-9c43-ca6ad8c463d8/ozone-meta/datanode-1/ratis/b379d3c7-0862-45bb-b0cf-47098a2d7f4d/current/raft-meta.conf
2024-06-12 07:36:51,081 [86e236ad-53d7-40fc-9454-d100b30595d4-groupManagement] INFO  ratis.ContainerStateMachine (ContainerStateMachine.java:loadSnapshot(287)) - group-47098A2D7F4D: The snapshot info is null. Setting the last applied index to:(t:0, i:~)
2024-06-12 07:36:51,081 [86e236ad-53d7-40fc-9454-d100b30595d4-groupManagement] INFO  server.RaftServerConfigKeys (ConfUtils.java:logGet(46)) - raft.server.log.use.memory = false (default)
2024-06-12 07:36:51,081 [86e236ad-53d7-40fc-9454-d100b30595d4-groupManagement] INFO  server.RaftServerConfigKeys (ConfUtils.java:logGet(46)) - raft.server.log.purge.gap = 1000000 (custom)
2024-06-12 07:36:51,081 [86e236ad-53d7-40fc-9454-d100b30595d4-groupManagement] INFO  server.RaftServerConfigKeys (ConfUtils.java:logGet(46)) - raft.server.log.appender.buffer.byte-limit = 8388608 (custom)
2024-06-12 07:36:51,081 [86e236ad-53d7-40fc-9454-d100b30595d4-groupManagement] INFO  server.RaftServerConfigKeys (ConfUtils.java:logGet(46)) - raft.server.log.statemachine.data.read.timeout = 1000ms (default)
2024-06-12 07:36:51,081 [86e236ad-53d7-40fc-9454-d100b30595d4-groupManagement] INFO  server.RaftServerConfigKeys (ConfUtils.java:logGet(46)) - raft.server.log.purge.preservation.log.num = 0 (default)
2024-06-12 07:36:51,082 [EventQueue-OpenPipelineForHealthyPipelineSafeModeRule] INFO  safemode.SCMSafeModeManager (HealthyPipelineSafeModeRule.java:process(140)) - SCM in safe mode. Healthy pipelines reported count is 0, required healthy pipeline reported count is 1
2024-06-12 07:36:51,083 [86e236ad-53d7-40fc-9454-d100b30595d4-groupManagement] INFO  server.RaftServerConfigKeys (ConfUtils.java:logGet(46)) - raft.server.log.segment.size.max = 67108864 (custom)
2024-06-12 07:36:51,083 [86e236ad-53d7-40fc-9454-d100b30595d4-groupManagement] INFO  server.RaftServerConfigKeys (ConfUtils.java:logGet(46)) - raft.server.log.segment.cache.num.max = 2 (custom)
2024-06-12 07:36:51,084 [86e236ad-53d7-40fc-9454-d100b30595d4-groupManagement] INFO  server.RaftServerConfigKeys (ConfUtils.java:logGet(46)) - raft.server.log.segment.cache.size.max = 200MB (=209715200) (default)
2024-06-12 07:36:51,084 [86e236ad-53d7-40fc-9454-d100b30595d4-groupManagement] INFO  server.RaftServerConfigKeys (ConfUtils.java:logGet(46)) - raft.server.log.appender.buffer.byte-limit = 8388608 (custom)
2024-06-12 07:36:51,084 [86e236ad-53d7-40fc-9454-d100b30595d4-groupManagement] INFO  util.AwaitToRun (AwaitToRun.java:start(81)) - Thread[86e236ad-53d7-40fc-9454-d100b30595d4@group-47098A2D7F4D-cacheEviction-AwaitToRun,5,main] started
2024-06-12 07:36:51,084 [86e236ad-53d7-40fc-9454-d100b30595d4-groupManagement] INFO  segmented.SegmentedRaftLogWorker (SegmentedRaftLogWorker.java:<init>(182)) - new 86e236ad-53d7-40fc-9454-d100b30595d4@group-47098A2D7F4D-SegmentedRaftLogWorker for RaftStorageImpl:Storage Directory /home/runner/work/ozone/ozone/hadoop-ozone/integration-test/target/test-dir/MiniOzoneClusterImpl-63f03bc8-0399-4ce2-9c43-ca6ad8c463d8/ozone-meta/datanode-1/ratis/b379d3c7-0862-45bb-b0cf-47098a2d7f4d
2024-06-12 07:36:51,084 [86e236ad-53d7-40fc-9454-d100b30595d4-groupManagement] INFO  server.RaftServerConfigKeys (ConfUtils.java:logGet(46)) - raft.server.log.queue.byte-limit = 4294967296 (custom)
2024-06-12 07:36:51,084 [86e236ad-53d7-40fc-9454-d100b30595d4-groupManagement] INFO  server.RaftServerConfigKeys (ConfUtils.java:logGet(46)) - raft.server.log.queue.element-limit = 1024 (custom)
2024-06-12 07:36:51,084 [86e236ad-53d7-40fc-9454-d100b30595d4-groupManagement] INFO  server.RaftServerConfigKeys (ConfUtils.java:logGet(46)) - raft.server.log.segment.size.max = 67108864 (custom)
2024-06-12 07:36:51,084 [86e236ad-53d7-40fc-9454-d100b30595d4-groupManagement] INFO  server.RaftServerConfigKeys (ConfUtils.java:logGet(46)) - raft.server.log.preallocated.size = 4194304 (custom)
2024-06-12 07:36:51,084 [86e236ad-53d7-40fc-9454-d100b30595d4-groupManagement] INFO  server.RaftServerConfigKeys (ConfUtils.java:logGet(46)) - raft.server.log.force.sync.num = 128 (default)
2024-06-12 07:36:51,084 [86e236ad-53d7-40fc-9454-d100b30595d4-groupManagement] INFO  server.RaftServerConfigKeys (ConfUtils.java:logGet(46)) - raft.server.log.statemachine.data.sync = true (default)
2024-06-12 07:36:51,084 [86e236ad-53d7-40fc-9454-d100b30595d4-groupManagement] INFO  server.RaftServerConfigKeys (ConfUtils.java:logGet(46)) - raft.server.log.statemachine.data.sync.timeout = 10s (default)
2024-06-12 07:36:51,084 [86e236ad-53d7-40fc-9454-d100b30595d4-groupManagement] INFO  server.RaftServerConfigKeys (ConfUtils.java:logGet(46)) - raft.server.log.statemachine.data.sync.timeout.retry = 30 (custom)
2024-06-12 07:36:51,085 [86e236ad-53d7-40fc-9454-d100b30595d4-groupManagement] INFO  server.RaftServerConfigKeys (ConfUtils.java:logGet(46)) - raft.server.log.write.buffer.size = 8388616 (custom)
2024-06-12 07:36:51,086 [86e236ad-53d7-40fc-9454-d100b30595d4-groupManagement] INFO  server.RaftServerConfigKeys (ConfUtils.java:logGet(46)) - raft.server.log.appender.buffer.byte-limit = 8388608 (custom)
2024-06-12 07:36:51,087 [86e236ad-53d7-40fc-9454-d100b30595d4-groupManagement] INFO  server.RaftServerConfigKeys (ConfUtils.java:logGet(46)) - raft.server.log.unsafe-flush.enabled = false (default)
2024-06-12 07:36:51,087 [86e236ad-53d7-40fc-9454-d100b30595d4-groupManagement] INFO  server.RaftServerConfigKeys (ConfUtils.java:logGet(46)) - raft.server.log.async-flush.enabled = false (default)
2024-06-12 07:36:51,087 [86e236ad-53d7-40fc-9454-d100b30595d4-groupManagement] INFO  server.RaftServerConfigKeys (ConfUtils.java:logGet(46)) - raft.server.log.statemachine.data.caching.enabled = true (custom)
2024-06-12 07:36:51,087 [86e236ad-53d7-40fc-9454-d100b30595d4-groupManagement] INFO  segmented.SegmentedRaftLogWorker (SegmentedRaftLogWorker.java:lambda$new$0(134)) - 86e236ad-53d7-40fc-9454-d100b30595d4@group-47098A2D7F4D-SegmentedRaftLogWorker: flushIndex: setUnconditionally 0 -> -1
2024-06-12 07:36:51,087 [86e236ad-53d7-40fc-9454-d100b30595d4-groupManagement] INFO  segmented.SegmentedRaftLogWorker (SegmentedRaftLogWorker.java:lambda$new$0(134)) - 86e236ad-53d7-40fc-9454-d100b30595d4@group-47098A2D7F4D-SegmentedRaftLogWorker: safeCacheEvictIndex: setUnconditionally 0 -> -1
2024-06-12 07:36:51,087 [86e236ad-53d7-40fc-9454-d100b30595d4-groupManagement] INFO  server.RaftServer$Division (RaftServerImpl.java:start(396)) - 86e236ad-53d7-40fc-9454-d100b30595d4@group-47098A2D7F4D: start as a follower, conf=-1: peers:[893f21cf-1739-427a-a93c-5929db1902c5|127.0.0.1:15121, 86e236ad-53d7-40fc-9454-d100b30595d4|127.0.0.1:15112, 8c3b1af4-43ff-4c22-ad10-b37d9e41628a|127.0.0.1:15130]|listeners:[], old=null
2024-06-12 07:36:51,087 [86e236ad-53d7-40fc-9454-d100b30595d4-groupManagement] INFO  server.RaftServer$Division (RaftServerImpl.java:setRole(383)) - 86e236ad-53d7-40fc-9454-d100b30595d4@group-47098A2D7F4D: changes role from      null to FOLLOWER at term 0 for startAsFollower
2024-06-12 07:36:51,087 [86e236ad-53d7-40fc-9454-d100b30595d4-groupManagement] INFO  impl.RoleInfo (RoleInfo.java:updateAndGet(139)) - 86e236ad-53d7-40fc-9454-d100b30595d4: start 86e236ad-53d7-40fc-9454-d100b30595d4@group-47098A2D7F4D-FollowerState
2024-06-12 07:36:51,089 [86e236ad-53d7-40fc-9454-d100b30595d4-groupManagement] INFO  util.JmxRegister (JmxRegister.java:tryRegister(44)) - Successfully registered JMX Bean with object name Ratis:service=RaftServer,group=group-47098A2D7F4D,id=86e236ad-53d7-40fc-9454-d100b30595d4
2024-06-12 07:36:51,089 [86e236ad-53d7-40fc-9454-d100b30595d4@group-47098A2D7F4D-FollowerState] INFO  server.RaftServerConfigKeys (ConfUtils.java:logFallback(53)) - raft.server.rpc.first-election.timeout.min = 1s (fallback to raft.server.rpc.timeout.min)
2024-06-12 07:36:51,090 [86e236ad-53d7-40fc-9454-d100b30595d4@group-47098A2D7F4D-FollowerState] INFO  server.RaftServerConfigKeys (ConfUtils.java:logFallback(53)) - raft.server.rpc.first-election.timeout.max = 1200ms (fallback to raft.server.rpc.timeout.max)
2024-06-12 07:36:51,090 [86e236ad-53d7-40fc-9454-d100b30595d4-groupManagement] INFO  server.RaftServerConfigKeys (ConfUtils.java:logGet(46)) - raft.server.snapshot.trigger-when-stop.enabled = true (default)
2024-06-12 07:36:51,090 [86e236ad-53d7-40fc-9454-d100b30595d4-groupManagement] INFO  server.RaftServerConfigKeys (ConfUtils.java:logGet(46)) - raft.server.snapshot.auto.trigger.enabled = true (custom)
2024-06-12 07:36:51,090 [86e236ad-53d7-40fc-9454-d100b30595d4-groupManagement] INFO  server.RaftServerConfigKeys (ConfUtils.java:logGet(46)) - raft.server.snapshot.auto.trigger.threshold = 10000 (custom)
2024-06-12 07:36:51,090 [86e236ad-53d7-40fc-9454-d100b30595d4-groupManagement] INFO  server.RaftServerConfigKeys (ConfUtils.java:logGet(46)) - raft.server.snapshot.retention.file.num = 5 (custom)
2024-06-12 07:36:51,090 [86e236ad-53d7-40fc-9454-d100b30595d4-groupManagement] INFO  server.RaftServerConfigKeys (ConfUtils.java:logGet(46)) - raft.server.log.purge.upto.snapshot.index = false (default)
2024-06-12 07:36:51,091 [86e236ad-53d7-40fc-9454-d100b30595d4-PipelineCommandHandlerThread-0] INFO  ratis.XceiverServerRatis (XceiverServerRatis.java:addGroup(864)) - Created group PipelineID=b379d3c7-0862-45bb-b0cf-47098a2d7f4d
2024-06-12 07:36:51,108 [grpc-default-executor-0] INFO  server.RaftServer (RaftServerProxy.java:addNew(100)) - 8c3b1af4-43ff-4c22-ad10-b37d9e41628a: addNew group-47098A2D7F4D:[893f21cf-1739-427a-a93c-5929db1902c5|127.0.0.1:15121, 86e236ad-53d7-40fc-9454-d100b30595d4|127.0.0.1:15112, 8c3b1af4-43ff-4c22-ad10-b37d9e41628a|127.0.0.1:15130] returns group-47098A2D7F4D:java.util.concurrent.CompletableFuture@68a102c2[Not completed]
2024-06-12 07:36:51,109 [8c3b1af4-43ff-4c22-ad10-b37d9e41628a-groupManagement] INFO  server.RaftServer$Division (RaftServerImpl.java:<init>(256)) - 8c3b1af4-43ff-4c22-ad10-b37d9e41628a: new RaftServerImpl for group-47098A2D7F4D:[893f21cf-1739-427a-a93c-5929db1902c5|127.0.0.1:15121, 86e236ad-53d7-40fc-9454-d100b30595d4|127.0.0.1:15112, 8c3b1af4-43ff-4c22-ad10-b37d9e41628a|127.0.0.1:15130] with ContainerStateMachine:uninitialized
2024-06-12 07:36:51,109 [8c3b1af4-43ff-4c22-ad10-b37d9e41628a-groupManagement] INFO  server.RaftServerConfigKeys (ConfUtils.java:logGet(46)) - raft.server.rpc.timeout.min = 1s (custom)
2024-06-12 07:36:51,109 [8c3b1af4-43ff-4c22-ad10-b37d9e41628a-groupManagement] INFO  server.RaftServerConfigKeys (ConfUtils.java:logGet(46)) - raft.server.rpc.timeout.max = 1200ms (custom)
2024-06-12 07:36:51,110 [8c3b1af4-43ff-4c22-ad10-b37d9e41628a-groupManagement] INFO  server.RaftServerConfigKeys (ConfUtils.java:logGet(46)) - raft.server.rpc.sleep.time = 25ms (default)
2024-06-12 07:36:51,110 [8c3b1af4-43ff-4c22-ad10-b37d9e41628a-groupManagement] INFO  server.RaftServerConfigKeys (ConfUtils.java:logGet(46)) - raft.server.rpc.slowness.timeout = 300000ms (custom)
2024-06-12 07:36:51,110 [8c3b1af4-43ff-4c22-ad10-b37d9e41628a-groupManagement] INFO  server.RaftServerConfigKeys (ConfUtils.java:logGet(46)) - raft.server.leaderelection.leader.step-down.wait-time = 10s (default)
2024-06-12 07:36:51,110 [8c3b1af4-43ff-4c22-ad10-b37d9e41628a-groupManagement] INFO  server.RaftServerConfigKeys (ConfUtils.java:logGet(46)) - raft.server.leaderelection.member.majority-add = false (default)
2024-06-12 07:36:51,110 [8c3b1af4-43ff-4c22-ad10-b37d9e41628a-groupManagement] INFO  server.RaftServerConfigKeys (ConfUtils.java:logGet(46)) - raft.server.sleep.deviation.threshold = 300ms (default)
2024-06-12 07:36:51,110 [8c3b1af4-43ff-4c22-ad10-b37d9e41628a-groupManagement] INFO  server.RaftServer$Division (ServerState.java:<init>(113)) - 8c3b1af4-43ff-4c22-ad10-b37d9e41628a@group-47098A2D7F4D: ConfigurationManager, init=-1: peers:[893f21cf-1739-427a-a93c-5929db1902c5|127.0.0.1:15121, 86e236ad-53d7-40fc-9454-d100b30595d4|127.0.0.1:15112, 8c3b1af4-43ff-4c22-ad10-b37d9e41628a|127.0.0.1:15130]|listeners:[], old=null, confs=<EMPTY_MAP>
2024-06-12 07:36:51,110 [8c3b1af4-43ff-4c22-ad10-b37d9e41628a-groupManagement] INFO  server.RaftServerConfigKeys (ConfUtils.java:logGet(46)) - raft.server.notification.no-leader.timeout = 300000ms (custom)
2024-06-12 07:36:51,110 [8c3b1af4-43ff-4c22-ad10-b37d9e41628a-groupManagement] INFO  server.RaftServerConfigKeys (ConfUtils.java:logGet(46)) - raft.server.read.timeout = 10s (default)
2024-06-12 07:36:51,111 [8c3b1af4-43ff-4c22-ad10-b37d9e41628a-groupManagement] INFO  server.RaftServerConfigKeys (ConfUtils.java:logGet(46)) - raft.server.retrycache.expirytime = 600000ms (custom)
2024-06-12 07:36:51,111 [8c3b1af4-43ff-4c22-ad10-b37d9e41628a-groupManagement] INFO  server.RaftServerConfigKeys (ConfUtils.java:logGet(46)) - raft.server.retrycache.statistics.expirytime = 100ms (default)
2024-06-12 07:36:51,111 [8c3b1af4-43ff-4c22-ad10-b37d9e41628a-groupManagement] INFO  server.RaftServerConfigKeys (ConfUtils.java:logGet(46)) - raft.server.read.option = DEFAULT (default)
2024-06-12 07:36:51,111 [8c3b1af4-43ff-4c22-ad10-b37d9e41628a-groupManagement] INFO  server.RaftServerConfigKeys (ConfUtils.java:logGet(46)) - raft.server.read.read-after-write-consistent.write-index-cache.expiry-time = 60s (default)
2024-06-12 07:36:51,113 [8c3b1af4-43ff-4c22-ad10-b37d9e41628a-groupManagement] INFO  server.RaftServerConfigKeys (ConfUtils.java:logGet(46)) - raft.server.rpc.request.timeout = 3000ms (default)
2024-06-12 07:36:51,113 [8c3b1af4-43ff-4c22-ad10-b37d9e41628a-groupManagement] INFO  server.RaftServerConfigKeys (ConfUtils.java:logGet(46)) - raft.server.log.appender.install.snapshot.enabled = false (custom)
2024-06-12 07:36:51,113 [8c3b1af4-43ff-4c22-ad10-b37d9e41628a-groupManagement] INFO  server.RaftServerConfigKeys (ConfUtils.java:logGet(46)) - raft.server.threadpool.server.cached = true (default)
2024-06-12 07:36:51,113 [8c3b1af4-43ff-4c22-ad10-b37d9e41628a-groupManagement] INFO  server.RaftServerConfigKeys (ConfUtils.java:logGet(46)) - raft.server.threadpool.server.size = 0 (default)
2024-06-12 07:36:51,113 [8c3b1af4-43ff-4c22-ad10-b37d9e41628a-groupManagement] INFO  server.RaftServerConfigKeys (ConfUtils.java:logGet(46)) - raft.server.threadpool.client.cached = true (default)
2024-06-12 07:36:51,113 [8c3b1af4-43ff-4c22-ad10-b37d9e41628a-groupManagement] INFO  server.RaftServerConfigKeys (ConfUtils.java:logGet(46)) - raft.server.threadpool.client.size = 0 (default)
2024-06-12 07:36:51,113 [8c3b1af4-43ff-4c22-ad10-b37d9e41628a-groupManagement] INFO  server.RaftServerConfigKeys (ConfUtils.java:logGet(46)) - raft.server.storage.free-space.min = 0MB (=0) (default)
2024-06-12 07:36:51,114 [8c3b1af4-43ff-4c22-ad10-b37d9e41628a-groupManagement] INFO  server.RaftServerConfigKeys (ConfUtils.java:logGet(46)) - raft.server.log.corruption.policy = EXCEPTION (default)
2024-06-12 07:36:51,114 [8c3b1af4-43ff-4c22-ad10-b37d9e41628a-groupManagement] INFO  server.RaftServerConfigKeys (ConfUtils.java:logGet(46)) - raft.server.storage.dir = [/home/runner/work/ozone/ozone/hadoop-ozone/integration-test/target/test-dir/MiniOzoneClusterImpl-63f03bc8-0399-4ce2-9c43-ca6ad8c463d8/ozone-meta/datanode-3/ratis] (custom)
2024-06-12 07:36:51,114 [893f21cf-1739-427a-a93c-5929db1902c5-PipelineCommandHandlerThread-0] INFO  server.RaftServer (RaftServerProxy.java:addNew(100)) - 893f21cf-1739-427a-a93c-5929db1902c5: addNew group-0064B536CEE8:[893f21cf-1739-427a-a93c-5929db1902c5|127.0.0.1:15121] returns group-0064B536CEE8:java.util.concurrent.CompletableFuture@46cec95e[Not completed]
2024-06-12 07:36:51,114 [8c3b1af4-43ff-4c22-ad10-b37d9e41628a-groupManagement] INFO  storage.RaftStorageDirectory (RaftStorageDirectoryImpl.java:analyzeStorage(138)) - The storage directory /home/runner/work/ozone/ozone/hadoop-ozone/integration-test/target/test-dir/MiniOzoneClusterImpl-63f03bc8-0399-4ce2-9c43-ca6ad8c463d8/ozone-meta/datanode-3/ratis/b379d3c7-0862-45bb-b0cf-47098a2d7f4d does not exist. Creating ...
2024-06-12 07:36:51,114 [893f21cf-1739-427a-a93c-5929db1902c5-groupManagement] INFO  server.RaftServer$Division (RaftServerImpl.java:<init>(256)) - 893f21cf-1739-427a-a93c-5929db1902c5: new RaftServerImpl for group-0064B536CEE8:[893f21cf-1739-427a-a93c-5929db1902c5|127.0.0.1:15121] with ContainerStateMachine:uninitialized
2024-06-12 07:36:51,115 [893f21cf-1739-427a-a93c-5929db1902c5-groupManagement] INFO  server.RaftServerConfigKeys (ConfUtils.java:logGet(46)) - raft.server.rpc.timeout.min = 1s (custom)
2024-06-12 07:36:51,115 [893f21cf-1739-427a-a93c-5929db1902c5-groupManagement] INFO  server.RaftServerConfigKeys (ConfUtils.java:logGet(46)) - raft.server.rpc.timeout.max = 1200ms (custom)
2024-06-12 07:36:51,115 [893f21cf-1739-427a-a93c-5929db1902c5-groupManagement] INFO  server.RaftServerConfigKeys (ConfUtils.java:logGet(46)) - raft.server.rpc.sleep.time = 25ms (default)
2024-06-12 07:36:51,115 [893f21cf-1739-427a-a93c-5929db1902c5-groupManagement] INFO  server.RaftServerConfigKeys (ConfUtils.java:logGet(46)) - raft.server.rpc.slowness.timeout = 300000ms (custom)
2024-06-12 07:36:51,115 [893f21cf-1739-427a-a93c-5929db1902c5-groupManagement] INFO  server.RaftServerConfigKeys (ConfUtils.java:logGet(46)) - raft.server.leaderelection.leader.step-down.wait-time = 10s (default)
2024-06-12 07:36:51,115 [893f21cf-1739-427a-a93c-5929db1902c5-groupManagement] INFO  server.RaftServerConfigKeys (ConfUtils.java:logGet(46)) - raft.server.leaderelection.member.majority-add = false (default)
2024-06-12 07:36:51,115 [893f21cf-1739-427a-a93c-5929db1902c5-groupManagement] INFO  server.RaftServerConfigKeys (ConfUtils.java:logGet(46)) - raft.server.sleep.deviation.threshold = 300ms (default)
2024-06-12 07:36:51,115 [893f21cf-1739-427a-a93c-5929db1902c5-groupManagement] INFO  server.RaftServer$Division (ServerState.java:<init>(113)) - 893f21cf-1739-427a-a93c-5929db1902c5@group-0064B536CEE8: ConfigurationManager, init=-1: peers:[893f21cf-1739-427a-a93c-5929db1902c5|127.0.0.1:15121]|listeners:[], old=null, confs=<EMPTY_MAP>
2024-06-12 07:36:51,115 [893f21cf-1739-427a-a93c-5929db1902c5-groupManagement] INFO  server.RaftServerConfigKeys (ConfUtils.java:logGet(46)) - raft.server.notification.no-leader.timeout = 300000ms (custom)
2024-06-12 07:36:51,115 [893f21cf-1739-427a-a93c-5929db1902c5-groupManagement] INFO  server.RaftServerConfigKeys (ConfUtils.java:logGet(46)) - raft.server.read.timeout = 10s (default)
2024-06-12 07:36:51,115 [893f21cf-1739-427a-a93c-5929db1902c5-groupManagement] INFO  server.RaftServerConfigKeys (ConfUtils.java:logGet(46)) - raft.server.retrycache.expirytime = 600000ms (custom)
2024-06-12 07:36:51,115 [893f21cf-1739-427a-a93c-5929db1902c5-groupManagement] INFO  server.RaftServerConfigKeys (ConfUtils.java:logGet(46)) - raft.server.retrycache.statistics.expirytime = 100ms (default)
2024-06-12 07:36:51,115 [893f21cf-1739-427a-a93c-5929db1902c5-groupManagement] INFO  server.RaftServerConfigKeys (ConfUtils.java:logGet(46)) - raft.server.read.option = DEFAULT (default)
2024-06-12 07:36:51,115 [893f21cf-1739-427a-a93c-5929db1902c5-groupManagement] INFO  server.RaftServerConfigKeys (ConfUtils.java:logGet(46)) - raft.server.read.read-after-write-consistent.write-index-cache.expiry-time = 60s (default)
2024-06-12 07:36:51,115 [8c3b1af4-43ff-4c22-ad10-b37d9e41628a-groupManagement] INFO  storage.RaftStorageDirectory (RaftStorageDirectoryImpl.java:tryLock(228)) - Lock on /home/runner/work/ozone/ozone/hadoop-ozone/integration-test/target/test-dir/MiniOzoneClusterImpl-63f03bc8-0399-4ce2-9c43-ca6ad8c463d8/ozone-meta/datanode-3/ratis/b379d3c7-0862-45bb-b0cf-47098a2d7f4d/in_use.lock acquired by nodename 34952@fv-az1443-254
2024-06-12 07:36:51,117 [8c3b1af4-43ff-4c22-ad10-b37d9e41628a-groupManagement] INFO  storage.RaftStorage (RaftStorageImpl.java:format(99)) - Storage directory /home/runner/work/ozone/ozone/hadoop-ozone/integration-test/target/test-dir/MiniOzoneClusterImpl-63f03bc8-0399-4ce2-9c43-ca6ad8c463d8/ozone-meta/datanode-3/ratis/b379d3c7-0862-45bb-b0cf-47098a2d7f4d has been successfully formatted.
2024-06-12 07:36:51,117 [8c3b1af4-43ff-4c22-ad10-b37d9e41628a-groupManagement] WARN  util.FileUtils (LogUtils.java:supplyAndLog(63)) - Failed to Files.newInputStream /home/runner/work/ozone/ozone/hadoop-ozone/integration-test/target/test-dir/MiniOzoneClusterImpl-63f03bc8-0399-4ce2-9c43-ca6ad8c463d8/ozone-meta/datanode-3/ratis/b379d3c7-0862-45bb-b0cf-47098a2d7f4d/current/raft-meta.conf with options []: java.nio.file.NoSuchFileException: /home/runner/work/ozone/ozone/hadoop-ozone/integration-test/target/test-dir/MiniOzoneClusterImpl-63f03bc8-0399-4ce2-9c43-ca6ad8c463d8/ozone-meta/datanode-3/ratis/b379d3c7-0862-45bb-b0cf-47098a2d7f4d/current/raft-meta.conf
2024-06-12 07:36:51,117 [8c3b1af4-43ff-4c22-ad10-b37d9e41628a-groupManagement] INFO  ratis.ContainerStateMachine (ContainerStateMachine.java:loadSnapshot(287)) - group-47098A2D7F4D: The snapshot info is null. Setting the last applied index to:(t:0, i:~)
2024-06-12 07:36:51,117 [8c3b1af4-43ff-4c22-ad10-b37d9e41628a-groupManagement] INFO  server.RaftServerConfigKeys (ConfUtils.java:logGet(46)) - raft.server.log.use.memory = false (default)
2024-06-12 07:36:51,117 [8c3b1af4-43ff-4c22-ad10-b37d9e41628a-groupManagement] INFO  server.RaftServerConfigKeys (ConfUtils.java:logGet(46)) - raft.server.log.purge.gap = 1000000 (custom)
2024-06-12 07:36:51,118 [893f21cf-1739-427a-a93c-5929db1902c5-groupManagement] INFO  server.RaftServerConfigKeys (ConfUtils.java:logGet(46)) - raft.server.rpc.request.timeout = 3000ms (default)
2024-06-12 07:36:51,119 [893f21cf-1739-427a-a93c-5929db1902c5-groupManagement] INFO  server.RaftServerConfigKeys (ConfUtils.java:logGet(46)) - raft.server.log.appender.install.snapshot.enabled = false (custom)
2024-06-12 07:36:51,119 [893f21cf-1739-427a-a93c-5929db1902c5-groupManagement] INFO  server.RaftServerConfigKeys (ConfUtils.java:logGet(46)) - raft.server.threadpool.server.cached = true (default)
2024-06-12 07:36:51,119 [893f21cf-1739-427a-a93c-5929db1902c5-groupManagement] INFO  server.RaftServerConfigKeys (ConfUtils.java:logGet(46)) - raft.server.threadpool.server.size = 0 (default)
2024-06-12 07:36:51,119 [893f21cf-1739-427a-a93c-5929db1902c5-groupManagement] INFO  server.RaftServerConfigKeys (ConfUtils.java:logGet(46)) - raft.server.threadpool.client.cached = true (default)
2024-06-12 07:36:51,119 [893f21cf-1739-427a-a93c-5929db1902c5-groupManagement] INFO  server.RaftServerConfigKeys (ConfUtils.java:logGet(46)) - raft.server.threadpool.client.size = 0 (default)
2024-06-12 07:36:51,119 [893f21cf-1739-427a-a93c-5929db1902c5-groupManagement] INFO  server.RaftServerConfigKeys (ConfUtils.java:logGet(46)) - raft.server.storage.free-space.min = 0MB (=0) (default)
2024-06-12 07:36:51,119 [893f21cf-1739-427a-a93c-5929db1902c5-groupManagement] INFO  server.RaftServerConfigKeys (ConfUtils.java:logGet(46)) - raft.server.log.corruption.policy = EXCEPTION (default)
2024-06-12 07:36:51,119 [893f21cf-1739-427a-a93c-5929db1902c5-groupManagement] INFO  server.RaftServerConfigKeys (ConfUtils.java:logGet(46)) - raft.server.storage.dir = [/home/runner/work/ozone/ozone/hadoop-ozone/integration-test/target/test-dir/MiniOzoneClusterImpl-63f03bc8-0399-4ce2-9c43-ca6ad8c463d8/ozone-meta/datanode-2/ratis] (custom)
2024-06-12 07:36:51,120 [893f21cf-1739-427a-a93c-5929db1902c5-groupManagement] INFO  storage.RaftStorageDirectory (RaftStorageDirectoryImpl.java:analyzeStorage(138)) - The storage directory /home/runner/work/ozone/ozone/hadoop-ozone/integration-test/target/test-dir/MiniOzoneClusterImpl-63f03bc8-0399-4ce2-9c43-ca6ad8c463d8/ozone-meta/datanode-2/ratis/063b65cb-7ba7-4a79-a81c-0064b536cee8 does not exist. Creating ...
2024-06-12 07:36:51,120 [8c3b1af4-43ff-4c22-ad10-b37d9e41628a-groupManagement] INFO  server.RaftServerConfigKeys (ConfUtils.java:logGet(46)) - raft.server.log.appender.buffer.byte-limit = 8388608 (custom)
2024-06-12 07:36:51,120 [8c3b1af4-43ff-4c22-ad10-b37d9e41628a-groupManagement] INFO  server.RaftServerConfigKeys (ConfUtils.java:logGet(46)) - raft.server.log.statemachine.data.read.timeout = 1000ms (default)
2024-06-12 07:36:51,120 [8c3b1af4-43ff-4c22-ad10-b37d9e41628a-groupManagement] INFO  server.RaftServerConfigKeys (ConfUtils.java:logGet(46)) - raft.server.log.purge.preservation.log.num = 0 (default)
2024-06-12 07:36:51,120 [893f21cf-1739-427a-a93c-5929db1902c5-groupManagement] INFO  storage.RaftStorageDirectory (RaftStorageDirectoryImpl.java:tryLock(228)) - Lock on /home/runner/work/ozone/ozone/hadoop-ozone/integration-test/target/test-dir/MiniOzoneClusterImpl-63f03bc8-0399-4ce2-9c43-ca6ad8c463d8/ozone-meta/datanode-2/ratis/063b65cb-7ba7-4a79-a81c-0064b536cee8/in_use.lock acquired by nodename 34952@fv-az1443-254
2024-06-12 07:36:51,122 [893f21cf-1739-427a-a93c-5929db1902c5-groupManagement] INFO  storage.RaftStorage (RaftStorageImpl.java:format(99)) - Storage directory /home/runner/work/ozone/ozone/hadoop-ozone/integration-test/target/test-dir/MiniOzoneClusterImpl-63f03bc8-0399-4ce2-9c43-ca6ad8c463d8/ozone-meta/datanode-2/ratis/063b65cb-7ba7-4a79-a81c-0064b536cee8 has been successfully formatted.
2024-06-12 07:36:51,122 [893f21cf-1739-427a-a93c-5929db1902c5-groupManagement] WARN  util.FileUtils (LogUtils.java:supplyAndLog(63)) - Failed to Files.newInputStream /home/runner/work/ozone/ozone/hadoop-ozone/integration-test/target/test-dir/MiniOzoneClusterImpl-63f03bc8-0399-4ce2-9c43-ca6ad8c463d8/ozone-meta/datanode-2/ratis/063b65cb-7ba7-4a79-a81c-0064b536cee8/current/raft-meta.conf with options []: java.nio.file.NoSuchFileException: /home/runner/work/ozone/ozone/hadoop-ozone/integration-test/target/test-dir/MiniOzoneClusterImpl-63f03bc8-0399-4ce2-9c43-ca6ad8c463d8/ozone-meta/datanode-2/ratis/063b65cb-7ba7-4a79-a81c-0064b536cee8/current/raft-meta.conf
2024-06-12 07:36:51,122 [893f21cf-1739-427a-a93c-5929db1902c5-groupManagement] INFO  ratis.ContainerStateMachine (ContainerStateMachine.java:loadSnapshot(287)) - group-0064B536CEE8: The snapshot info is null. Setting the last applied index to:(t:0, i:~)
2024-06-12 07:36:51,122 [893f21cf-1739-427a-a93c-5929db1902c5-groupManagement] INFO  server.RaftServerConfigKeys (ConfUtils.java:logGet(46)) - raft.server.log.use.memory = false (default)
2024-06-12 07:36:51,123 [893f21cf-1739-427a-a93c-5929db1902c5-groupManagement] INFO  server.RaftServerConfigKeys (ConfUtils.java:logGet(46)) - raft.server.log.purge.gap = 1000000 (custom)
2024-06-12 07:36:51,123 [893f21cf-1739-427a-a93c-5929db1902c5-groupManagement] INFO  server.RaftServerConfigKeys (ConfUtils.java:logGet(46)) - raft.server.log.appender.buffer.byte-limit = 8388608 (custom)
2024-06-12 07:36:51,123 [893f21cf-1739-427a-a93c-5929db1902c5-groupManagement] INFO  server.RaftServerConfigKeys (ConfUtils.java:logGet(46)) - raft.server.log.statemachine.data.read.timeout = 1000ms (default)
2024-06-12 07:36:51,123 [893f21cf-1739-427a-a93c-5929db1902c5-groupManagement] INFO  server.RaftServerConfigKeys (ConfUtils.java:logGet(46)) - raft.server.log.purge.preservation.log.num = 0 (default)
2024-06-12 07:36:51,123 [EventQueue-PipelineReportForPipelineReportHandler] INFO  pipeline.PipelineReportHandler (PipelineReportHandler.java:processPipelineReport(136)) - Opened pipeline PipelineID=063b65cb-7ba7-4a79-a81c-0064b536cee8
2024-06-12 07:36:51,124 [EventQueue-OpenPipelineForHealthyPipelineSafeModeRule] INFO  safemode.SCMSafeModeManager (HealthyPipelineSafeModeRule.java:process(140)) - SCM in safe mode. Healthy pipelines reported count is 0, required healthy pipeline reported count is 1
2024-06-12 07:36:51,125 [8c3b1af4-43ff-4c22-ad10-b37d9e41628a-groupManagement] INFO  server.RaftServerConfigKeys (ConfUtils.java:logGet(46)) - raft.server.log.segment.size.max = 67108864 (custom)
2024-06-12 07:36:51,125 [8c3b1af4-43ff-4c22-ad10-b37d9e41628a-groupManagement] INFO  server.RaftServerConfigKeys (ConfUtils.java:logGet(46)) - raft.server.log.segment.cache.num.max = 2 (custom)
2024-06-12 07:36:51,126 [8c3b1af4-43ff-4c22-ad10-b37d9e41628a-groupManagement] INFO  server.RaftServerConfigKeys (ConfUtils.java:logGet(46)) - raft.server.log.segment.cache.size.max = 200MB (=209715200) (default)
2024-06-12 07:36:51,126 [8c3b1af4-43ff-4c22-ad10-b37d9e41628a-groupManagement] INFO  server.RaftServerConfigKeys (ConfUtils.java:logGet(46)) - raft.server.log.appender.buffer.byte-limit = 8388608 (custom)
2024-06-12 07:36:51,126 [893f21cf-1739-427a-a93c-5929db1902c5-groupManagement] INFO  server.RaftServerConfigKeys (ConfUtils.java:logGet(46)) - raft.server.log.segment.size.max = 67108864 (custom)
2024-06-12 07:36:51,126 [893f21cf-1739-427a-a93c-5929db1902c5-groupManagement] INFO  server.RaftServerConfigKeys (ConfUtils.java:logGet(46)) - raft.server.log.segment.cache.num.max = 2 (custom)
2024-06-12 07:36:51,126 [893f21cf-1739-427a-a93c-5929db1902c5-groupManagement] INFO  server.RaftServerConfigKeys (ConfUtils.java:logGet(46)) - raft.server.log.segment.cache.size.max = 200MB (=209715200) (default)
2024-06-12 07:36:51,126 [893f21cf-1739-427a-a93c-5929db1902c5-groupManagement] INFO  server.RaftServerConfigKeys (ConfUtils.java:logGet(46)) - raft.server.log.appender.buffer.byte-limit = 8388608 (custom)
2024-06-12 07:36:51,129 [8c3b1af4-43ff-4c22-ad10-b37d9e41628a-groupManagement] INFO  util.AwaitToRun (AwaitToRun.java:start(81)) - Thread[8c3b1af4-43ff-4c22-ad10-b37d9e41628a@group-47098A2D7F4D-cacheEviction-AwaitToRun,5,main] started
2024-06-12 07:36:51,129 [8c3b1af4-43ff-4c22-ad10-b37d9e41628a-groupManagement] INFO  segmented.SegmentedRaftLogWorker (SegmentedRaftLogWorker.java:<init>(182)) - new 8c3b1af4-43ff-4c22-ad10-b37d9e41628a@group-47098A2D7F4D-SegmentedRaftLogWorker for RaftStorageImpl:Storage Directory /home/runner/work/ozone/ozone/hadoop-ozone/integration-test/target/test-dir/MiniOzoneClusterImpl-63f03bc8-0399-4ce2-9c43-ca6ad8c463d8/ozone-meta/datanode-3/ratis/b379d3c7-0862-45bb-b0cf-47098a2d7f4d
2024-06-12 07:36:51,130 [8c3b1af4-43ff-4c22-ad10-b37d9e41628a-groupManagement] INFO  server.RaftServerConfigKeys (ConfUtils.java:logGet(46)) - raft.server.log.queue.byte-limit = 4294967296 (custom)
2024-06-12 07:36:51,130 [8c3b1af4-43ff-4c22-ad10-b37d9e41628a-groupManagement] INFO  server.RaftServerConfigKeys (ConfUtils.java:logGet(46)) - raft.server.log.queue.element-limit = 1024 (custom)
2024-06-12 07:36:51,130 [8c3b1af4-43ff-4c22-ad10-b37d9e41628a-groupManagement] INFO  server.RaftServerConfigKeys (ConfUtils.java:logGet(46)) - raft.server.log.segment.size.max = 67108864 (custom)
2024-06-12 07:36:51,130 [8c3b1af4-43ff-4c22-ad10-b37d9e41628a-groupManagement] INFO  server.RaftServerConfigKeys (ConfUtils.java:logGet(46)) - raft.server.log.preallocated.size = 4194304 (custom)
2024-06-12 07:36:51,130 [8c3b1af4-43ff-4c22-ad10-b37d9e41628a-groupManagement] INFO  server.RaftServerConfigKeys (ConfUtils.java:logGet(46)) - raft.server.log.force.sync.num = 128 (default)
2024-06-12 07:36:51,130 [8c3b1af4-43ff-4c22-ad10-b37d9e41628a-groupManagement] INFO  server.RaftServerConfigKeys (ConfUtils.java:logGet(46)) - raft.server.log.statemachine.data.sync = true (default)
2024-06-12 07:36:51,130 [8c3b1af4-43ff-4c22-ad10-b37d9e41628a-groupManagement] INFO  server.RaftServerConfigKeys (ConfUtils.java:logGet(46)) - raft.server.log.statemachine.data.sync.timeout = 10s (default)
2024-06-12 07:36:51,130 [8c3b1af4-43ff-4c22-ad10-b37d9e41628a-groupManagement] INFO  server.RaftServerConfigKeys (ConfUtils.java:logGet(46)) - raft.server.log.statemachine.data.sync.timeout.retry = 30 (custom)
2024-06-12 07:36:51,131 [8c3b1af4-43ff-4c22-ad10-b37d9e41628a-groupManagement] INFO  server.RaftServerConfigKeys (ConfUtils.java:logGet(46)) - raft.server.log.write.buffer.size = 8388616 (custom)
2024-06-12 07:36:51,132 [8c3b1af4-43ff-4c22-ad10-b37d9e41628a-groupManagement] INFO  server.RaftServerConfigKeys (ConfUtils.java:logGet(46)) - raft.server.log.appender.buffer.byte-limit = 8388608 (custom)
2024-06-12 07:36:51,132 [8c3b1af4-43ff-4c22-ad10-b37d9e41628a-groupManagement] INFO  server.RaftServerConfigKeys (ConfUtils.java:logGet(46)) - raft.server.log.unsafe-flush.enabled = false (default)
2024-06-12 07:36:51,132 [8c3b1af4-43ff-4c22-ad10-b37d9e41628a-groupManagement] INFO  server.RaftServerConfigKeys (ConfUtils.java:logGet(46)) - raft.server.log.async-flush.enabled = false (default)
2024-06-12 07:36:51,133 [8c3b1af4-43ff-4c22-ad10-b37d9e41628a-groupManagement] INFO  server.RaftServerConfigKeys (ConfUtils.java:logGet(46)) - raft.server.log.statemachine.data.caching.enabled = true (custom)
2024-06-12 07:36:51,133 [8c3b1af4-43ff-4c22-ad10-b37d9e41628a-groupManagement] INFO  segmented.SegmentedRaftLogWorker (SegmentedRaftLogWorker.java:lambda$new$0(134)) - 8c3b1af4-43ff-4c22-ad10-b37d9e41628a@group-47098A2D7F4D-SegmentedRaftLogWorker: flushIndex: setUnconditionally 0 -> -1
2024-06-12 07:36:51,133 [8c3b1af4-43ff-4c22-ad10-b37d9e41628a-groupManagement] INFO  segmented.SegmentedRaftLogWorker (SegmentedRaftLogWorker.java:lambda$new$0(134)) - 8c3b1af4-43ff-4c22-ad10-b37d9e41628a@group-47098A2D7F4D-SegmentedRaftLogWorker: safeCacheEvictIndex: setUnconditionally 0 -> -1
2024-06-12 07:36:51,137 [893f21cf-1739-427a-a93c-5929db1902c5-groupManagement] INFO  util.AwaitToRun (AwaitToRun.java:start(81)) - Thread[893f21cf-1739-427a-a93c-5929db1902c5@group-0064B536CEE8-cacheEviction-AwaitToRun,5,main] started
2024-06-12 07:36:51,137 [893f21cf-1739-427a-a93c-5929db1902c5-groupManagement] INFO  segmented.SegmentedRaftLogWorker (SegmentedRaftLogWorker.java:<init>(182)) - new 893f21cf-1739-427a-a93c-5929db1902c5@group-0064B536CEE8-SegmentedRaftLogWorker for RaftStorageImpl:Storage Directory /home/runner/work/ozone/ozone/hadoop-ozone/integration-test/target/test-dir/MiniOzoneClusterImpl-63f03bc8-0399-4ce2-9c43-ca6ad8c463d8/ozone-meta/datanode-2/ratis/063b65cb-7ba7-4a79-a81c-0064b536cee8
2024-06-12 07:36:51,137 [893f21cf-1739-427a-a93c-5929db1902c5-groupManagement] INFO  server.RaftServerConfigKeys (ConfUtils.java:logGet(46)) - raft.server.log.queue.byte-limit = 4294967296 (custom)
2024-06-12 07:36:51,137 [893f21cf-1739-427a-a93c-5929db1902c5-groupManagement] INFO  server.RaftServerConfigKeys (ConfUtils.java:logGet(46)) - raft.server.log.queue.element-limit = 1024 (custom)
2024-06-12 07:36:51,137 [893f21cf-1739-427a-a93c-5929db1902c5-groupManagement] INFO  server.RaftServerConfigKeys (ConfUtils.java:logGet(46)) - raft.server.log.segment.size.max = 67108864 (custom)
2024-06-12 07:36:51,137 [893f21cf-1739-427a-a93c-5929db1902c5-groupManagement] INFO  server.RaftServerConfigKeys (ConfUtils.java:logGet(46)) - raft.server.log.preallocated.size = 4194304 (custom)
2024-06-12 07:36:51,138 [893f21cf-1739-427a-a93c-5929db1902c5-groupManagement] INFO  server.RaftServerConfigKeys (ConfUtils.java:logGet(46)) - raft.server.log.force.sync.num = 128 (default)
2024-06-12 07:36:51,138 [893f21cf-1739-427a-a93c-5929db1902c5-groupManagement] INFO  server.RaftServerConfigKeys (ConfUtils.java:logGet(46)) - raft.server.log.statemachine.data.sync = true (default)
2024-06-12 07:36:51,138 [893f21cf-1739-427a-a93c-5929db1902c5-groupManagement] INFO  server.RaftServerConfigKeys (ConfUtils.java:logGet(46)) - raft.server.log.statemachine.data.sync.timeout = 10s (default)
2024-06-12 07:36:51,138 [893f21cf-1739-427a-a93c-5929db1902c5-groupManagement] INFO  server.RaftServerConfigKeys (ConfUtils.java:logGet(46)) - raft.server.log.statemachine.data.sync.timeout.retry = 30 (custom)
2024-06-12 07:36:51,138 [893f21cf-1739-427a-a93c-5929db1902c5-groupManagement] INFO  server.RaftServerConfigKeys (ConfUtils.java:logGet(46)) - raft.server.log.write.buffer.size = 8388616 (custom)
2024-06-12 07:36:51,140 [8c3b1af4-43ff-4c22-ad10-b37d9e41628a-groupManagement] INFO  server.RaftServer$Division (RaftServerImpl.java:start(396)) - 8c3b1af4-43ff-4c22-ad10-b37d9e41628a@group-47098A2D7F4D: start as a follower, conf=-1: peers:[893f21cf-1739-427a-a93c-5929db1902c5|127.0.0.1:15121, 86e236ad-53d7-40fc-9454-d100b30595d4|127.0.0.1:15112, 8c3b1af4-43ff-4c22-ad10-b37d9e41628a|127.0.0.1:15130]|listeners:[], old=null
2024-06-12 07:36:51,140 [8c3b1af4-43ff-4c22-ad10-b37d9e41628a-groupManagement] INFO  server.RaftServer$Division (RaftServerImpl.java:setRole(383)) - 8c3b1af4-43ff-4c22-ad10-b37d9e41628a@group-47098A2D7F4D: changes role from      null to FOLLOWER at term 0 for startAsFollower
2024-06-12 07:36:51,140 [8c3b1af4-43ff-4c22-ad10-b37d9e41628a-groupManagement] INFO  impl.RoleInfo (RoleInfo.java:updateAndGet(139)) - 8c3b1af4-43ff-4c22-ad10-b37d9e41628a: start 8c3b1af4-43ff-4c22-ad10-b37d9e41628a@group-47098A2D7F4D-FollowerState
2024-06-12 07:36:51,140 [8c3b1af4-43ff-4c22-ad10-b37d9e41628a-groupManagement] INFO  util.JmxRegister (JmxRegister.java:tryRegister(44)) - Successfully registered JMX Bean with object name Ratis:service=RaftServer,group=group-47098A2D7F4D,id=8c3b1af4-43ff-4c22-ad10-b37d9e41628a
2024-06-12 07:36:51,140 [8c3b1af4-43ff-4c22-ad10-b37d9e41628a-groupManagement] INFO  server.RaftServerConfigKeys (ConfUtils.java:logGet(46)) - raft.server.snapshot.trigger-when-stop.enabled = true (default)
2024-06-12 07:36:51,140 [8c3b1af4-43ff-4c22-ad10-b37d9e41628a-groupManagement] INFO  server.RaftServerConfigKeys (ConfUtils.java:logGet(46)) - raft.server.snapshot.auto.trigger.enabled = true (custom)
2024-06-12 07:36:51,141 [8c3b1af4-43ff-4c22-ad10-b37d9e41628a-groupManagement] INFO  server.RaftServerConfigKeys (ConfUtils.java:logGet(46)) - raft.server.snapshot.auto.trigger.threshold = 10000 (custom)
2024-06-12 07:36:51,141 [8c3b1af4-43ff-4c22-ad10-b37d9e41628a-groupManagement] INFO  server.RaftServerConfigKeys (ConfUtils.java:logGet(46)) - raft.server.snapshot.retention.file.num = 5 (custom)
2024-06-12 07:36:51,141 [8c3b1af4-43ff-4c22-ad10-b37d9e41628a-groupManagement] INFO  server.RaftServerConfigKeys (ConfUtils.java:logGet(46)) - raft.server.log.purge.upto.snapshot.index = false (default)
2024-06-12 07:36:51,141 [893f21cf-1739-427a-a93c-5929db1902c5-groupManagement] INFO  server.RaftServerConfigKeys (ConfUtils.java:logGet(46)) - raft.server.log.appender.buffer.byte-limit = 8388608 (custom)
2024-06-12 07:36:51,141 [893f21cf-1739-427a-a93c-5929db1902c5-groupManagement] INFO  server.RaftServerConfigKeys (ConfUtils.java:logGet(46)) - raft.server.log.unsafe-flush.enabled = false (default)
2024-06-12 07:36:51,141 [893f21cf-1739-427a-a93c-5929db1902c5-groupManagement] INFO  server.RaftServerConfigKeys (ConfUtils.java:logGet(46)) - raft.server.log.async-flush.enabled = false (default)
2024-06-12 07:36:51,141 [893f21cf-1739-427a-a93c-5929db1902c5-groupManagement] INFO  server.RaftServerConfigKeys (ConfUtils.java:logGet(46)) - raft.server.log.statemachine.data.caching.enabled = true (custom)
2024-06-12 07:36:51,141 [893f21cf-1739-427a-a93c-5929db1902c5-groupManagement] INFO  segmented.SegmentedRaftLogWorker (SegmentedRaftLogWorker.java:lambda$new$0(134)) - 893f21cf-1739-427a-a93c-5929db1902c5@group-0064B536CEE8-SegmentedRaftLogWorker: flushIndex: setUnconditionally 0 -> -1
2024-06-12 07:36:51,141 [893f21cf-1739-427a-a93c-5929db1902c5-groupManagement] INFO  segmented.SegmentedRaftLogWorker (SegmentedRaftLogWorker.java:lambda$new$0(134)) - 893f21cf-1739-427a-a93c-5929db1902c5@group-0064B536CEE8-SegmentedRaftLogWorker: safeCacheEvictIndex: setUnconditionally 0 -> -1
2024-06-12 07:36:51,141 [8c3b1af4-43ff-4c22-ad10-b37d9e41628a@group-47098A2D7F4D-FollowerState] INFO  server.RaftServerConfigKeys (ConfUtils.java:logFallback(53)) - raft.server.rpc.first-election.timeout.min = 1s (fallback to raft.server.rpc.timeout.min)
2024-06-12 07:36:51,142 [8c3b1af4-43ff-4c22-ad10-b37d9e41628a@group-47098A2D7F4D-FollowerState] INFO  server.RaftServerConfigKeys (ConfUtils.java:logFallback(53)) - raft.server.rpc.first-election.timeout.max = 1200ms (fallback to raft.server.rpc.timeout.max)
2024-06-12 07:36:51,143 [893f21cf-1739-427a-a93c-5929db1902c5-groupManagement] INFO  server.RaftServer$Division (RaftServerImpl.java:start(396)) - 893f21cf-1739-427a-a93c-5929db1902c5@group-0064B536CEE8: start as a follower, conf=-1: peers:[893f21cf-1739-427a-a93c-5929db1902c5|127.0.0.1:15121]|listeners:[], old=null
2024-06-12 07:36:51,143 [893f21cf-1739-427a-a93c-5929db1902c5-groupManagement] INFO  server.RaftServer$Division (RaftServerImpl.java:setRole(383)) - 893f21cf-1739-427a-a93c-5929db1902c5@group-0064B536CEE8: changes role from      null to FOLLOWER at term 0 for startAsFollower
2024-06-12 07:36:51,143 [893f21cf-1739-427a-a93c-5929db1902c5-groupManagement] INFO  impl.RoleInfo (RoleInfo.java:updateAndGet(139)) - 893f21cf-1739-427a-a93c-5929db1902c5: start 893f21cf-1739-427a-a93c-5929db1902c5@group-0064B536CEE8-FollowerState
2024-06-12 07:36:51,144 [893f21cf-1739-427a-a93c-5929db1902c5-groupManagement] INFO  util.JmxRegister (JmxRegister.java:tryRegister(44)) - Successfully registered JMX Bean with object name Ratis:service=RaftServer,group=group-0064B536CEE8,id=893f21cf-1739-427a-a93c-5929db1902c5
2024-06-12 07:36:51,144 [893f21cf-1739-427a-a93c-5929db1902c5-groupManagement] INFO  server.RaftServerConfigKeys (ConfUtils.java:logGet(46)) - raft.server.snapshot.trigger-when-stop.enabled = true (default)
2024-06-12 07:36:51,144 [893f21cf-1739-427a-a93c-5929db1902c5-groupManagement] INFO  server.RaftServerConfigKeys (ConfUtils.java:logGet(46)) - raft.server.snapshot.auto.trigger.enabled = true (custom)
2024-06-12 07:36:51,145 [893f21cf-1739-427a-a93c-5929db1902c5-groupManagement] INFO  server.RaftServerConfigKeys (ConfUtils.java:logGet(46)) - raft.server.snapshot.auto.trigger.threshold = 10000 (custom)
2024-06-12 07:36:51,145 [893f21cf-1739-427a-a93c-5929db1902c5-groupManagement] INFO  server.RaftServerConfigKeys (ConfUtils.java:logGet(46)) - raft.server.snapshot.retention.file.num = 5 (custom)
2024-06-12 07:36:51,145 [893f21cf-1739-427a-a93c-5929db1902c5-groupManagement] INFO  server.RaftServerConfigKeys (ConfUtils.java:logGet(46)) - raft.server.log.purge.upto.snapshot.index = false (default)
2024-06-12 07:36:51,145 [893f21cf-1739-427a-a93c-5929db1902c5@group-0064B536CEE8-FollowerState] INFO  server.RaftServerConfigKeys (ConfUtils.java:logFallback(53)) - raft.server.rpc.first-election.timeout.min = 1s (fallback to raft.server.rpc.timeout.min)
2024-06-12 07:36:51,146 [893f21cf-1739-427a-a93c-5929db1902c5@group-0064B536CEE8-FollowerState] INFO  server.RaftServerConfigKeys (ConfUtils.java:logFallback(53)) - raft.server.rpc.first-election.timeout.max = 1200ms (fallback to raft.server.rpc.timeout.max)
2024-06-12 07:36:51,148 [893f21cf-1739-427a-a93c-5929db1902c5-PipelineCommandHandlerThread-0] INFO  ratis.XceiverServerRatis (XceiverServerRatis.java:addGroup(864)) - Created group PipelineID=063b65cb-7ba7-4a79-a81c-0064b536cee8
2024-06-12 07:36:51,148 [893f21cf-1739-427a-a93c-5929db1902c5-PipelineCommandHandlerThread-0] INFO  commandhandler.CreatePipelineCommandHandler (CreatePipelineCommandHandler.java:lambda$handle$2(124)) - Created Pipeline RATIS ONE PipelineID=063b65cb-7ba7-4a79-a81c-0064b536cee8.
2024-06-12 07:36:51,149 [893f21cf-1739-427a-a93c-5929db1902c5-PipelineCommandHandlerThread-0] INFO  server.RaftServer (RaftServerProxy.java:addNew(100)) - 893f21cf-1739-427a-a93c-5929db1902c5: addNew group-47098A2D7F4D:[893f21cf-1739-427a-a93c-5929db1902c5|127.0.0.1:15121, 86e236ad-53d7-40fc-9454-d100b30595d4|127.0.0.1:15112, 8c3b1af4-43ff-4c22-ad10-b37d9e41628a|127.0.0.1:15130] returns group-47098A2D7F4D:java.util.concurrent.CompletableFuture@42f1555f[Not completed]
2024-06-12 07:36:51,150 [893f21cf-1739-427a-a93c-5929db1902c5-groupManagement] INFO  server.RaftServer$Division (RaftServerImpl.java:<init>(256)) - 893f21cf-1739-427a-a93c-5929db1902c5: new RaftServerImpl for group-47098A2D7F4D:[893f21cf-1739-427a-a93c-5929db1902c5|127.0.0.1:15121, 86e236ad-53d7-40fc-9454-d100b30595d4|127.0.0.1:15112, 8c3b1af4-43ff-4c22-ad10-b37d9e41628a|127.0.0.1:15130] with ContainerStateMachine:uninitialized
2024-06-12 07:36:51,150 [893f21cf-1739-427a-a93c-5929db1902c5-groupManagement] INFO  server.RaftServerConfigKeys (ConfUtils.java:logGet(46)) - raft.server.rpc.timeout.min = 1s (custom)
2024-06-12 07:36:51,150 [893f21cf-1739-427a-a93c-5929db1902c5-groupManagement] INFO  server.RaftServerConfigKeys (ConfUtils.java:logGet(46)) - raft.server.rpc.timeout.max = 1200ms (custom)
2024-06-12 07:36:51,150 [893f21cf-1739-427a-a93c-5929db1902c5-groupManagement] INFO  server.RaftServerConfigKeys (ConfUtils.java:logGet(46)) - raft.server.rpc.sleep.time = 25ms (default)
2024-06-12 07:36:51,150 [893f21cf-1739-427a-a93c-5929db1902c5-groupManagement] INFO  server.RaftServerConfigKeys (ConfUtils.java:logGet(46)) - raft.server.rpc.slowness.timeout = 300000ms (custom)
2024-06-12 07:36:51,150 [893f21cf-1739-427a-a93c-5929db1902c5-groupManagement] INFO  server.RaftServerConfigKeys (ConfUtils.java:logGet(46)) - raft.server.leaderelection.leader.step-down.wait-time = 10s (default)
2024-06-12 07:36:51,150 [893f21cf-1739-427a-a93c-5929db1902c5-groupManagement] INFO  server.RaftServerConfigKeys (ConfUtils.java:logGet(46)) - raft.server.leaderelection.member.majority-add = false (default)
2024-06-12 07:36:51,150 [893f21cf-1739-427a-a93c-5929db1902c5-groupManagement] INFO  server.RaftServerConfigKeys (ConfUtils.java:logGet(46)) - raft.server.sleep.deviation.threshold = 300ms (default)
2024-06-12 07:36:51,150 [893f21cf-1739-427a-a93c-5929db1902c5-groupManagement] INFO  server.RaftServer$Division (ServerState.java:<init>(113)) - 893f21cf-1739-427a-a93c-5929db1902c5@group-47098A2D7F4D: ConfigurationManager, init=-1: peers:[893f21cf-1739-427a-a93c-5929db1902c5|127.0.0.1:15121, 86e236ad-53d7-40fc-9454-d100b30595d4|127.0.0.1:15112, 8c3b1af4-43ff-4c22-ad10-b37d9e41628a|127.0.0.1:15130]|listeners:[], old=null, confs=<EMPTY_MAP>
2024-06-12 07:36:51,150 [893f21cf-1739-427a-a93c-5929db1902c5-groupManagement] INFO  server.RaftServerConfigKeys (ConfUtils.java:logGet(46)) - raft.server.notification.no-leader.timeout = 300000ms (custom)
2024-06-12 07:36:51,150 [893f21cf-1739-427a-a93c-5929db1902c5-groupManagement] INFO  server.RaftServerConfigKeys (ConfUtils.java:logGet(46)) - raft.server.read.timeout = 10s (default)
2024-06-12 07:36:51,150 [893f21cf-1739-427a-a93c-5929db1902c5-groupManagement] INFO  server.RaftServerConfigKeys (ConfUtils.java:logGet(46)) - raft.server.retrycache.expirytime = 600000ms (custom)
2024-06-12 07:36:51,150 [893f21cf-1739-427a-a93c-5929db1902c5-groupManagement] INFO  server.RaftServerConfigKeys (ConfUtils.java:logGet(46)) - raft.server.retrycache.statistics.expirytime = 100ms (default)
2024-06-12 07:36:51,150 [893f21cf-1739-427a-a93c-5929db1902c5-groupManagement] INFO  server.RaftServerConfigKeys (ConfUtils.java:logGet(46)) - raft.server.read.option = DEFAULT (default)
2024-06-12 07:36:51,150 [893f21cf-1739-427a-a93c-5929db1902c5-groupManagement] INFO  server.RaftServerConfigKeys (ConfUtils.java:logGet(46)) - raft.server.read.read-after-write-consistent.write-index-cache.expiry-time = 60s (default)
2024-06-12 07:36:51,154 [893f21cf-1739-427a-a93c-5929db1902c5-groupManagement] INFO  server.RaftServerConfigKeys (ConfUtils.java:logGet(46)) - raft.server.rpc.request.timeout = 3000ms (default)
2024-06-12 07:36:51,154 [893f21cf-1739-427a-a93c-5929db1902c5-groupManagement] INFO  server.RaftServerConfigKeys (ConfUtils.java:logGet(46)) - raft.server.log.appender.install.snapshot.enabled = false (custom)
2024-06-12 07:36:51,155 [893f21cf-1739-427a-a93c-5929db1902c5-groupManagement] INFO  server.RaftServerConfigKeys (ConfUtils.java:logGet(46)) - raft.server.threadpool.server.cached = true (default)
2024-06-12 07:36:51,155 [893f21cf-1739-427a-a93c-5929db1902c5-groupManagement] INFO  server.RaftServerConfigKeys (ConfUtils.java:logGet(46)) - raft.server.threadpool.server.size = 0 (default)
2024-06-12 07:36:51,155 [893f21cf-1739-427a-a93c-5929db1902c5-groupManagement] INFO  server.RaftServerConfigKeys (ConfUtils.java:logGet(46)) - raft.server.threadpool.client.cached = true (default)
2024-06-12 07:36:51,155 [893f21cf-1739-427a-a93c-5929db1902c5-groupManagement] INFO  server.RaftServerConfigKeys (ConfUtils.java:logGet(46)) - raft.server.threadpool.client.size = 0 (default)
2024-06-12 07:36:51,155 [893f21cf-1739-427a-a93c-5929db1902c5-groupManagement] INFO  server.RaftServerConfigKeys (ConfUtils.java:logGet(46)) - raft.server.storage.free-space.min = 0MB (=0) (default)
2024-06-12 07:36:51,155 [893f21cf-1739-427a-a93c-5929db1902c5-groupManagement] INFO  server.RaftServerConfigKeys (ConfUtils.java:logGet(46)) - raft.server.log.corruption.policy = EXCEPTION (default)
2024-06-12 07:36:51,155 [893f21cf-1739-427a-a93c-5929db1902c5-groupManagement] INFO  server.RaftServerConfigKeys (ConfUtils.java:logGet(46)) - raft.server.storage.dir = [/home/runner/work/ozone/ozone/hadoop-ozone/integration-test/target/test-dir/MiniOzoneClusterImpl-63f03bc8-0399-4ce2-9c43-ca6ad8c463d8/ozone-meta/datanode-2/ratis] (custom)
2024-06-12 07:36:51,155 [893f21cf-1739-427a-a93c-5929db1902c5-groupManagement] INFO  storage.RaftStorageDirectory (RaftStorageDirectoryImpl.java:analyzeStorage(138)) - The storage directory /home/runner/work/ozone/ozone/hadoop-ozone/integration-test/target/test-dir/MiniOzoneClusterImpl-63f03bc8-0399-4ce2-9c43-ca6ad8c463d8/ozone-meta/datanode-2/ratis/b379d3c7-0862-45bb-b0cf-47098a2d7f4d does not exist. Creating ...
2024-06-12 07:36:51,156 [893f21cf-1739-427a-a93c-5929db1902c5-groupManagement] INFO  storage.RaftStorageDirectory (RaftStorageDirectoryImpl.java:tryLock(228)) - Lock on /home/runner/work/ozone/ozone/hadoop-ozone/integration-test/target/test-dir/MiniOzoneClusterImpl-63f03bc8-0399-4ce2-9c43-ca6ad8c463d8/ozone-meta/datanode-2/ratis/b379d3c7-0862-45bb-b0cf-47098a2d7f4d/in_use.lock acquired by nodename 34952@fv-az1443-254
2024-06-12 07:36:51,162 [86e236ad-53d7-40fc-9454-d100b30595d4-PipelineCommandHandlerThread-0] INFO  commandhandler.CreatePipelineCommandHandler (CreatePipelineCommandHandler.java:lambda$handle$2(124)) - Created Pipeline RATIS THREE PipelineID=b379d3c7-0862-45bb-b0cf-47098a2d7f4d.
2024-06-12 07:36:51,162 [893f21cf-1739-427a-a93c-5929db1902c5-groupManagement] INFO  storage.RaftStorage (RaftStorageImpl.java:format(99)) - Storage directory /home/runner/work/ozone/ozone/hadoop-ozone/integration-test/target/test-dir/MiniOzoneClusterImpl-63f03bc8-0399-4ce2-9c43-ca6ad8c463d8/ozone-meta/datanode-2/ratis/b379d3c7-0862-45bb-b0cf-47098a2d7f4d has been successfully formatted.
2024-06-12 07:36:51,162 [86e236ad-53d7-40fc-9454-d100b30595d4-PipelineCommandHandlerThread-0] INFO  server.RaftServer (RaftServerProxy.java:addNew(100)) - 86e236ad-53d7-40fc-9454-d100b30595d4: addNew group-CB34C1DA6ED0:[893f21cf-1739-427a-a93c-5929db1902c5|127.0.0.1:15121, 86e236ad-53d7-40fc-9454-d100b30595d4|127.0.0.1:15112, 8c3b1af4-43ff-4c22-ad10-b37d9e41628a|127.0.0.1:15130] returns group-CB34C1DA6ED0:java.util.concurrent.CompletableFuture@7d5b8b20[Not completed]
2024-06-12 07:36:51,163 [86e236ad-53d7-40fc-9454-d100b30595d4-groupManagement] INFO  server.RaftServer$Division (RaftServerImpl.java:<init>(256)) - 86e236ad-53d7-40fc-9454-d100b30595d4: new RaftServerImpl for group-CB34C1DA6ED0:[893f21cf-1739-427a-a93c-5929db1902c5|127.0.0.1:15121, 86e236ad-53d7-40fc-9454-d100b30595d4|127.0.0.1:15112, 8c3b1af4-43ff-4c22-ad10-b37d9e41628a|127.0.0.1:15130] with ContainerStateMachine:uninitialized
2024-06-12 07:36:51,163 [86e236ad-53d7-40fc-9454-d100b30595d4-groupManagement] INFO  server.RaftServerConfigKeys (ConfUtils.java:logGet(46)) - raft.server.rpc.timeout.min = 1s (custom)
2024-06-12 07:36:51,163 [86e236ad-53d7-40fc-9454-d100b30595d4-groupManagement] INFO  server.RaftServerConfigKeys (ConfUtils.java:logGet(46)) - raft.server.rpc.timeout.max = 1200ms (custom)
2024-06-12 07:36:51,163 [86e236ad-53d7-40fc-9454-d100b30595d4-groupManagement] INFO  server.RaftServerConfigKeys (ConfUtils.java:logGet(46)) - raft.server.rpc.sleep.time = 25ms (default)
2024-06-12 07:36:51,163 [86e236ad-53d7-40fc-9454-d100b30595d4-groupManagement] INFO  server.RaftServerConfigKeys (ConfUtils.java:logGet(46)) - raft.server.rpc.slowness.timeout = 300000ms (custom)
2024-06-12 07:36:51,163 [86e236ad-53d7-40fc-9454-d100b30595d4-groupManagement] INFO  server.RaftServerConfigKeys (ConfUtils.java:logGet(46)) - raft.server.leaderelection.leader.step-down.wait-time = 10s (default)
2024-06-12 07:36:51,164 [86e236ad-53d7-40fc-9454-d100b30595d4-groupManagement] INFO  server.RaftServerConfigKeys (ConfUtils.java:logGet(46)) - raft.server.leaderelection.member.majority-add = false (default)
2024-06-12 07:36:51,164 [86e236ad-53d7-40fc-9454-d100b30595d4-groupManagement] INFO  server.RaftServerConfigKeys (ConfUtils.java:logGet(46)) - raft.server.sleep.deviation.threshold = 300ms (default)
2024-06-12 07:36:51,164 [86e236ad-53d7-40fc-9454-d100b30595d4-groupManagement] INFO  server.RaftServer$Division (ServerState.java:<init>(113)) - 86e236ad-53d7-40fc-9454-d100b30595d4@group-CB34C1DA6ED0: ConfigurationManager, init=-1: peers:[893f21cf-1739-427a-a93c-5929db1902c5|127.0.0.1:15121, 86e236ad-53d7-40fc-9454-d100b30595d4|127.0.0.1:15112, 8c3b1af4-43ff-4c22-ad10-b37d9e41628a|127.0.0.1:15130]|listeners:[], old=null, confs=<EMPTY_MAP>
2024-06-12 07:36:51,164 [86e236ad-53d7-40fc-9454-d100b30595d4-groupManagement] INFO  server.RaftServerConfigKeys (ConfUtils.java:logGet(46)) - raft.server.notification.no-leader.timeout = 300000ms (custom)
2024-06-12 07:36:51,164 [86e236ad-53d7-40fc-9454-d100b30595d4-groupManagement] INFO  server.RaftServerConfigKeys (ConfUtils.java:logGet(46)) - raft.server.read.timeout = 10s (default)
2024-06-12 07:36:51,164 [86e236ad-53d7-40fc-9454-d100b30595d4-groupManagement] INFO  server.RaftServerConfigKeys (ConfUtils.java:logGet(46)) - raft.server.retrycache.expirytime = 600000ms (custom)
2024-06-12 07:36:51,164 [86e236ad-53d7-40fc-9454-d100b30595d4-groupManagement] INFO  server.RaftServerConfigKeys (ConfUtils.java:logGet(46)) - raft.server.retrycache.statistics.expirytime = 100ms (default)
2024-06-12 07:36:51,164 [86e236ad-53d7-40fc-9454-d100b30595d4-groupManagement] INFO  server.RaftServerConfigKeys (ConfUtils.java:logGet(46)) - raft.server.read.option = DEFAULT (default)
2024-06-12 07:36:51,164 [86e236ad-53d7-40fc-9454-d100b30595d4-groupManagement] INFO  server.RaftServerConfigKeys (ConfUtils.java:logGet(46)) - raft.server.read.read-after-write-consistent.write-index-cache.expiry-time = 60s (default)
2024-06-12 07:36:51,166 [86e236ad-53d7-40fc-9454-d100b30595d4-groupManagement] INFO  server.RaftServerConfigKeys (ConfUtils.java:logGet(46)) - raft.server.rpc.request.timeout = 3000ms (default)
2024-06-12 07:36:51,166 [86e236ad-53d7-40fc-9454-d100b30595d4-groupManagement] INFO  server.RaftServerConfigKeys (ConfUtils.java:logGet(46)) - raft.server.log.appender.install.snapshot.enabled = false (custom)
2024-06-12 07:36:51,166 [86e236ad-53d7-40fc-9454-d100b30595d4-groupManagement] INFO  server.RaftServerConfigKeys (ConfUtils.java:logGet(46)) - raft.server.threadpool.server.cached = true (default)
2024-06-12 07:36:51,166 [86e236ad-53d7-40fc-9454-d100b30595d4-groupManagement] INFO  server.RaftServerConfigKeys (ConfUtils.java:logGet(46)) - raft.server.threadpool.server.size = 0 (default)
2024-06-12 07:36:51,166 [86e236ad-53d7-40fc-9454-d100b30595d4-groupManagement] INFO  server.RaftServerConfigKeys (ConfUtils.java:logGet(46)) - raft.server.threadpool.client.cached = true (default)
2024-06-12 07:36:51,166 [86e236ad-53d7-40fc-9454-d100b30595d4-groupManagement] INFO  server.RaftServerConfigKeys (ConfUtils.java:logGet(46)) - raft.server.threadpool.client.size = 0 (default)
2024-06-12 07:36:51,166 [86e236ad-53d7-40fc-9454-d100b30595d4-groupManagement] INFO  server.RaftServerConfigKeys (ConfUtils.java:logGet(46)) - raft.server.storage.free-space.min = 0MB (=0) (default)
2024-06-12 07:36:51,167 [86e236ad-53d7-40fc-9454-d100b30595d4-groupManagement] INFO  server.RaftServerConfigKeys (ConfUtils.java:logGet(46)) - raft.server.log.corruption.policy = EXCEPTION (default)
2024-06-12 07:36:51,167 [86e236ad-53d7-40fc-9454-d100b30595d4-groupManagement] INFO  server.RaftServerConfigKeys (ConfUtils.java:logGet(46)) - raft.server.storage.dir = [/home/runner/work/ozone/ozone/hadoop-ozone/integration-test/target/test-dir/MiniOzoneClusterImpl-63f03bc8-0399-4ce2-9c43-ca6ad8c463d8/ozone-meta/datanode-1/ratis] (custom)
2024-06-12 07:36:51,167 [86e236ad-53d7-40fc-9454-d100b30595d4-groupManagement] INFO  storage.RaftStorageDirectory (RaftStorageDirectoryImpl.java:analyzeStorage(138)) - The storage directory /home/runner/work/ozone/ozone/hadoop-ozone/integration-test/target/test-dir/MiniOzoneClusterImpl-63f03bc8-0399-4ce2-9c43-ca6ad8c463d8/ozone-meta/datanode-1/ratis/6eb71243-7091-4c40-8083-cb34c1da6ed0 does not exist. Creating ...
2024-06-12 07:36:51,162 [893f21cf-1739-427a-a93c-5929db1902c5-groupManagement] WARN  util.FileUtils (LogUtils.java:supplyAndLog(63)) - Failed to Files.newInputStream /home/runner/work/ozone/ozone/hadoop-ozone/integration-test/target/test-dir/MiniOzoneClusterImpl-63f03bc8-0399-4ce2-9c43-ca6ad8c463d8/ozone-meta/datanode-2/ratis/b379d3c7-0862-45bb-b0cf-47098a2d7f4d/current/raft-meta.conf with options []: java.nio.file.NoSuchFileException: /home/runner/work/ozone/ozone/hadoop-ozone/integration-test/target/test-dir/MiniOzoneClusterImpl-63f03bc8-0399-4ce2-9c43-ca6ad8c463d8/ozone-meta/datanode-2/ratis/b379d3c7-0862-45bb-b0cf-47098a2d7f4d/current/raft-meta.conf
2024-06-12 07:36:51,167 [893f21cf-1739-427a-a93c-5929db1902c5-groupManagement] INFO  ratis.ContainerStateMachine (ContainerStateMachine.java:loadSnapshot(287)) - group-47098A2D7F4D: The snapshot info is null. Setting the last applied index to:(t:0, i:~)
2024-06-12 07:36:51,167 [893f21cf-1739-427a-a93c-5929db1902c5-groupManagement] INFO  server.RaftServerConfigKeys (ConfUtils.java:logGet(46)) - raft.server.log.use.memory = false (default)
2024-06-12 07:36:51,167 [893f21cf-1739-427a-a93c-5929db1902c5-groupManagement] INFO  server.RaftServerConfigKeys (ConfUtils.java:logGet(46)) - raft.server.log.purge.gap = 1000000 (custom)
2024-06-12 07:36:51,168 [893f21cf-1739-427a-a93c-5929db1902c5-groupManagement] INFO  server.RaftServerConfigKeys (ConfUtils.java:logGet(46)) - raft.server.log.appender.buffer.byte-limit = 8388608 (custom)
2024-06-12 07:36:51,168 [893f21cf-1739-427a-a93c-5929db1902c5-groupManagement] INFO  server.RaftServerConfigKeys (ConfUtils.java:logGet(46)) - raft.server.log.statemachine.data.read.timeout = 1000ms (default)
2024-06-12 07:36:51,168 [893f21cf-1739-427a-a93c-5929db1902c5-groupManagement] INFO  server.RaftServerConfigKeys (ConfUtils.java:logGet(46)) - raft.server.log.purge.preservation.log.num = 0 (default)
2024-06-12 07:36:51,169 [EventQueue-OpenPipelineForHealthyPipelineSafeModeRule] INFO  safemode.SCMSafeModeManager (HealthyPipelineSafeModeRule.java:process(140)) - SCM in safe mode. Healthy pipelines reported count is 0, required healthy pipeline reported count is 1
2024-06-12 07:36:51,169 [893f21cf-1739-427a-a93c-5929db1902c5-groupManagement] INFO  server.RaftServerConfigKeys (ConfUtils.java:logGet(46)) - raft.server.log.segment.size.max = 67108864 (custom)
2024-06-12 07:36:51,169 [893f21cf-1739-427a-a93c-5929db1902c5-groupManagement] INFO  server.RaftServerConfigKeys (ConfUtils.java:logGet(46)) - raft.server.log.segment.cache.num.max = 2 (custom)
2024-06-12 07:36:51,169 [893f21cf-1739-427a-a93c-5929db1902c5-groupManagement] INFO  server.RaftServerConfigKeys (ConfUtils.java:logGet(46)) - raft.server.log.segment.cache.size.max = 200MB (=209715200) (default)
2024-06-12 07:36:51,169 [893f21cf-1739-427a-a93c-5929db1902c5-groupManagement] INFO  server.RaftServerConfigKeys (ConfUtils.java:logGet(46)) - raft.server.log.appender.buffer.byte-limit = 8388608 (custom)
2024-06-12 07:36:51,170 [893f21cf-1739-427a-a93c-5929db1902c5-groupManagement] INFO  util.AwaitToRun (AwaitToRun.java:start(81)) - Thread[893f21cf-1739-427a-a93c-5929db1902c5@group-47098A2D7F4D-cacheEviction-AwaitToRun,5,main] started
2024-06-12 07:36:51,170 [893f21cf-1739-427a-a93c-5929db1902c5-groupManagement] INFO  segmented.SegmentedRaftLogWorker (SegmentedRaftLogWorker.java:<init>(182)) - new 893f21cf-1739-427a-a93c-5929db1902c5@group-47098A2D7F4D-SegmentedRaftLogWorker for RaftStorageImpl:Storage Directory /home/runner/work/ozone/ozone/hadoop-ozone/integration-test/target/test-dir/MiniOzoneClusterImpl-63f03bc8-0399-4ce2-9c43-ca6ad8c463d8/ozone-meta/datanode-2/ratis/b379d3c7-0862-45bb-b0cf-47098a2d7f4d
2024-06-12 07:36:51,170 [893f21cf-1739-427a-a93c-5929db1902c5-groupManagement] INFO  server.RaftServerConfigKeys (ConfUtils.java:logGet(46)) - raft.server.log.queue.byte-limit = 4294967296 (custom)
2024-06-12 07:36:51,170 [893f21cf-1739-427a-a93c-5929db1902c5-groupManagement] INFO  server.RaftServerConfigKeys (ConfUtils.java:logGet(46)) - raft.server.log.queue.element-limit = 1024 (custom)
2024-06-12 07:36:51,170 [893f21cf-1739-427a-a93c-5929db1902c5-groupManagement] INFO  server.RaftServerConfigKeys (ConfUtils.java:logGet(46)) - raft.server.log.segment.size.max = 67108864 (custom)
2024-06-12 07:36:51,170 [893f21cf-1739-427a-a93c-5929db1902c5-groupManagement] INFO  server.RaftServerConfigKeys (ConfUtils.java:logGet(46)) - raft.server.log.preallocated.size = 4194304 (custom)
2024-06-12 07:36:51,170 [893f21cf-1739-427a-a93c-5929db1902c5-groupManagement] INFO  server.RaftServerConfigKeys (ConfUtils.java:logGet(46)) - raft.server.log.force.sync.num = 128 (default)
2024-06-12 07:36:51,170 [893f21cf-1739-427a-a93c-5929db1902c5-groupManagement] INFO  server.RaftServerConfigKeys (ConfUtils.java:logGet(46)) - raft.server.log.statemachine.data.sync = true (default)
2024-06-12 07:36:51,170 [893f21cf-1739-427a-a93c-5929db1902c5-groupManagement] INFO  server.RaftServerConfigKeys (ConfUtils.java:logGet(46)) - raft.server.log.statemachine.data.sync.timeout = 10s (default)
2024-06-12 07:36:51,170 [893f21cf-1739-427a-a93c-5929db1902c5-groupManagement] INFO  server.RaftServerConfigKeys (ConfUtils.java:logGet(46)) - raft.server.log.statemachine.data.sync.timeout.retry = 30 (custom)
2024-06-12 07:36:51,170 [893f21cf-1739-427a-a93c-5929db1902c5-groupManagement] INFO  server.RaftServerConfigKeys (ConfUtils.java:logGet(46)) - raft.server.log.write.buffer.size = 8388616 (custom)
2024-06-12 07:36:51,172 [893f21cf-1739-427a-a93c-5929db1902c5-groupManagement] INFO  server.RaftServerConfigKeys (ConfUtils.java:logGet(46)) - raft.server.log.appender.buffer.byte-limit = 8388608 (custom)
2024-06-12 07:36:51,172 [893f21cf-1739-427a-a93c-5929db1902c5-groupManagement] INFO  server.RaftServerConfigKeys (ConfUtils.java:logGet(46)) - raft.server.log.unsafe-flush.enabled = false (default)
2024-06-12 07:36:51,172 [893f21cf-1739-427a-a93c-5929db1902c5-groupManagement] INFO  server.RaftServerConfigKeys (ConfUtils.java:logGet(46)) - raft.server.log.async-flush.enabled = false (default)
2024-06-12 07:36:51,173 [893f21cf-1739-427a-a93c-5929db1902c5-groupManagement] INFO  server.RaftServerConfigKeys (ConfUtils.java:logGet(46)) - raft.server.log.statemachine.data.caching.enabled = true (custom)
2024-06-12 07:36:51,173 [893f21cf-1739-427a-a93c-5929db1902c5-groupManagement] INFO  segmented.SegmentedRaftLogWorker (SegmentedRaftLogWorker.java:lambda$new$0(134)) - 893f21cf-1739-427a-a93c-5929db1902c5@group-47098A2D7F4D-SegmentedRaftLogWorker: flushIndex: setUnconditionally 0 -> -1
2024-06-12 07:36:51,173 [893f21cf-1739-427a-a93c-5929db1902c5-groupManagement] INFO  segmented.SegmentedRaftLogWorker (SegmentedRaftLogWorker.java:lambda$new$0(134)) - 893f21cf-1739-427a-a93c-5929db1902c5@group-47098A2D7F4D-SegmentedRaftLogWorker: safeCacheEvictIndex: setUnconditionally 0 -> -1
2024-06-12 07:36:51,170 [86e236ad-53d7-40fc-9454-d100b30595d4-groupManagement] INFO  storage.RaftStorageDirectory (RaftStorageDirectoryImpl.java:tryLock(228)) - Lock on /home/runner/work/ozone/ozone/hadoop-ozone/integration-test/target/test-dir/MiniOzoneClusterImpl-63f03bc8-0399-4ce2-9c43-ca6ad8c463d8/ozone-meta/datanode-1/ratis/6eb71243-7091-4c40-8083-cb34c1da6ed0/in_use.lock acquired by nodename 34952@fv-az1443-254
2024-06-12 07:36:51,174 [893f21cf-1739-427a-a93c-5929db1902c5-groupManagement] INFO  server.RaftServer$Division (RaftServerImpl.java:start(396)) - 893f21cf-1739-427a-a93c-5929db1902c5@group-47098A2D7F4D: start as a follower, conf=-1: peers:[893f21cf-1739-427a-a93c-5929db1902c5|127.0.0.1:15121, 86e236ad-53d7-40fc-9454-d100b30595d4|127.0.0.1:15112, 8c3b1af4-43ff-4c22-ad10-b37d9e41628a|127.0.0.1:15130]|listeners:[], old=null
2024-06-12 07:36:51,174 [893f21cf-1739-427a-a93c-5929db1902c5-groupManagement] INFO  server.RaftServer$Division (RaftServerImpl.java:setRole(383)) - 893f21cf-1739-427a-a93c-5929db1902c5@group-47098A2D7F4D: changes role from      null to FOLLOWER at term 0 for startAsFollower
2024-06-12 07:36:51,174 [893f21cf-1739-427a-a93c-5929db1902c5-groupManagement] INFO  impl.RoleInfo (RoleInfo.java:updateAndGet(139)) - 893f21cf-1739-427a-a93c-5929db1902c5: start 893f21cf-1739-427a-a93c-5929db1902c5@group-47098A2D7F4D-FollowerState
2024-06-12 07:36:51,175 [8c3b1af4-43ff-4c22-ad10-b37d9e41628a-groupManagement] INFO  server.RaftServer$Division (RaftServerImpl.java:<init>(256)) - 8c3b1af4-43ff-4c22-ad10-b37d9e41628a: new RaftServerImpl for group-443CF7A8C5C3:[8c3b1af4-43ff-4c22-ad10-b37d9e41628a|127.0.0.1:15130] with ContainerStateMachine:uninitialized
2024-06-12 07:36:51,175 [8c3b1af4-43ff-4c22-ad10-b37d9e41628a-groupManagement] INFO  server.RaftServerConfigKeys (ConfUtils.java:logGet(46)) - raft.server.rpc.timeout.min = 1s (custom)
2024-06-12 07:36:51,175 [8c3b1af4-43ff-4c22-ad10-b37d9e41628a-groupManagement] INFO  server.RaftServerConfigKeys (ConfUtils.java:logGet(46)) - raft.server.rpc.timeout.max = 1200ms (custom)
2024-06-12 07:36:51,175 [8c3b1af4-43ff-4c22-ad10-b37d9e41628a-groupManagement] INFO  server.RaftServerConfigKeys (ConfUtils.java:logGet(46)) - raft.server.rpc.sleep.time = 25ms (default)
2024-06-12 07:36:51,175 [8c3b1af4-43ff-4c22-ad10-b37d9e41628a-groupManagement] INFO  server.RaftServerConfigKeys (ConfUtils.java:logGet(46)) - raft.server.rpc.slowness.timeout = 300000ms (custom)
2024-06-12 07:36:51,175 [8c3b1af4-43ff-4c22-ad10-b37d9e41628a-groupManagement] INFO  server.RaftServerConfigKeys (ConfUtils.java:logGet(46)) - raft.server.leaderelection.leader.step-down.wait-time = 10s (default)
2024-06-12 07:36:51,175 [8c3b1af4-43ff-4c22-ad10-b37d9e41628a-groupManagement] INFO  server.RaftServerConfigKeys (ConfUtils.java:logGet(46)) - raft.server.leaderelection.member.majority-add = false (default)
2024-06-12 07:36:51,175 [8c3b1af4-43ff-4c22-ad10-b37d9e41628a-groupManagement] INFO  server.RaftServerConfigKeys (ConfUtils.java:logGet(46)) - raft.server.sleep.deviation.threshold = 300ms (default)
2024-06-12 07:36:51,175 [8c3b1af4-43ff-4c22-ad10-b37d9e41628a-groupManagement] INFO  server.RaftServer$Division (ServerState.java:<init>(113)) - 8c3b1af4-43ff-4c22-ad10-b37d9e41628a@group-443CF7A8C5C3: ConfigurationManager, init=-1: peers:[8c3b1af4-43ff-4c22-ad10-b37d9e41628a|127.0.0.1:15130]|listeners:[], old=null, confs=<EMPTY_MAP>
2024-06-12 07:36:51,175 [8c3b1af4-43ff-4c22-ad10-b37d9e41628a-groupManagement] INFO  server.RaftServerConfigKeys (ConfUtils.java:logGet(46)) - raft.server.notification.no-leader.timeout = 300000ms (custom)
2024-06-12 07:36:51,176 [8c3b1af4-43ff-4c22-ad10-b37d9e41628a-groupManagement] INFO  server.RaftServerConfigKeys (ConfUtils.java:logGet(46)) - raft.server.read.timeout = 10s (default)
2024-06-12 07:36:51,176 [8c3b1af4-43ff-4c22-ad10-b37d9e41628a-groupManagement] INFO  server.RaftServerConfigKeys (ConfUtils.java:logGet(46)) - raft.server.retrycache.expirytime = 600000ms (custom)
2024-06-12 07:36:51,176 [8c3b1af4-43ff-4c22-ad10-b37d9e41628a-groupManagement] INFO  server.RaftServerConfigKeys (ConfUtils.java:logGet(46)) - raft.server.retrycache.statistics.expirytime = 100ms (default)
2024-06-12 07:36:51,176 [8c3b1af4-43ff-4c22-ad10-b37d9e41628a-groupManagement] INFO  server.RaftServerConfigKeys (ConfUtils.java:logGet(46)) - raft.server.read.option = DEFAULT (default)
2024-06-12 07:36:51,176 [8c3b1af4-43ff-4c22-ad10-b37d9e41628a-groupManagement] INFO  server.RaftServerConfigKeys (ConfUtils.java:logGet(46)) - raft.server.read.read-after-write-consistent.write-index-cache.expiry-time = 60s (default)
2024-06-12 07:36:51,174 [86e236ad-53d7-40fc-9454-d100b30595d4-groupManagement] INFO  storage.RaftStorage (RaftStorageImpl.java:format(99)) - Storage directory /home/runner/work/ozone/ozone/hadoop-ozone/integration-test/target/test-dir/MiniOzoneClusterImpl-63f03bc8-0399-4ce2-9c43-ca6ad8c463d8/ozone-meta/datanode-1/ratis/6eb71243-7091-4c40-8083-cb34c1da6ed0 has been successfully formatted.
2024-06-12 07:36:51,177 [86e236ad-53d7-40fc-9454-d100b30595d4-groupManagement] WARN  util.FileUtils (LogUtils.java:supplyAndLog(63)) - Failed to Files.newInputStream /home/runner/work/ozone/ozone/hadoop-ozone/integration-test/target/test-dir/MiniOzoneClusterImpl-63f03bc8-0399-4ce2-9c43-ca6ad8c463d8/ozone-meta/datanode-1/ratis/6eb71243-7091-4c40-8083-cb34c1da6ed0/current/raft-meta.conf with options []: java.nio.file.NoSuchFileException: /home/runner/work/ozone/ozone/hadoop-ozone/integration-test/target/test-dir/MiniOzoneClusterImpl-63f03bc8-0399-4ce2-9c43-ca6ad8c463d8/ozone-meta/datanode-1/ratis/6eb71243-7091-4c40-8083-cb34c1da6ed0/current/raft-meta.conf
2024-06-12 07:36:51,178 [86e236ad-53d7-40fc-9454-d100b30595d4-groupManagement] INFO  ratis.ContainerStateMachine (ContainerStateMachine.java:loadSnapshot(287)) - group-CB34C1DA6ED0: The snapshot info is null. Setting the last applied index to:(t:0, i:~)
2024-06-12 07:36:51,178 [86e236ad-53d7-40fc-9454-d100b30595d4-groupManagement] INFO  server.RaftServerConfigKeys (ConfUtils.java:logGet(46)) - raft.server.log.use.memory = false (default)
2024-06-12 07:36:51,178 [86e236ad-53d7-40fc-9454-d100b30595d4-groupManagement] INFO  server.RaftServerConfigKeys (ConfUtils.java:logGet(46)) - raft.server.log.purge.gap = 1000000 (custom)
2024-06-12 07:36:51,178 [86e236ad-53d7-40fc-9454-d100b30595d4-groupManagement] INFO  server.RaftServerConfigKeys (ConfUtils.java:logGet(46)) - raft.server.log.appender.buffer.byte-limit = 8388608 (custom)
2024-06-12 07:36:51,178 [86e236ad-53d7-40fc-9454-d100b30595d4-groupManagement] INFO  server.RaftServerConfigKeys (ConfUtils.java:logGet(46)) - raft.server.log.statemachine.data.read.timeout = 1000ms (default)
2024-06-12 07:36:51,178 [86e236ad-53d7-40fc-9454-d100b30595d4-groupManagement] INFO  server.RaftServerConfigKeys (ConfUtils.java:logGet(46)) - raft.server.log.purge.preservation.log.num = 0 (default)
2024-06-12 07:36:51,179 [86e236ad-53d7-40fc-9454-d100b30595d4-groupManagement] INFO  server.RaftServerConfigKeys (ConfUtils.java:logGet(46)) - raft.server.log.segment.size.max = 67108864 (custom)
2024-06-12 07:36:51,180 [EventQueue-OpenPipelineForHealthyPipelineSafeModeRule] INFO  safemode.SCMSafeModeManager (HealthyPipelineSafeModeRule.java:process(140)) - SCM in safe mode. Healthy pipelines reported count is 0, required healthy pipeline reported count is 1
2024-06-12 07:36:51,180 [86e236ad-53d7-40fc-9454-d100b30595d4-groupManagement] INFO  server.RaftServerConfigKeys (ConfUtils.java:logGet(46)) - raft.server.log.segment.cache.num.max = 2 (custom)
2024-06-12 07:36:51,180 [86e236ad-53d7-40fc-9454-d100b30595d4-groupManagement] INFO  server.RaftServerConfigKeys (ConfUtils.java:logGet(46)) - raft.server.log.segment.cache.size.max = 200MB (=209715200) (default)
2024-06-12 07:36:51,180 [86e236ad-53d7-40fc-9454-d100b30595d4-groupManagement] INFO  server.RaftServerConfigKeys (ConfUtils.java:logGet(46)) - raft.server.log.appender.buffer.byte-limit = 8388608 (custom)
2024-06-12 07:36:51,181 [8c3b1af4-43ff-4c22-ad10-b37d9e41628a-groupManagement] INFO  server.RaftServerConfigKeys (ConfUtils.java:logGet(46)) - raft.server.rpc.request.timeout = 3000ms (default)
2024-06-12 07:36:51,181 [8c3b1af4-43ff-4c22-ad10-b37d9e41628a-groupManagement] INFO  server.RaftServerConfigKeys (ConfUtils.java:logGet(46)) - raft.server.log.appender.install.snapshot.enabled = false (custom)
2024-06-12 07:36:51,181 [8c3b1af4-43ff-4c22-ad10-b37d9e41628a-groupManagement] INFO  server.RaftServerConfigKeys (ConfUtils.java:logGet(46)) - raft.server.threadpool.server.cached = true (default)
2024-06-12 07:36:51,181 [8c3b1af4-43ff-4c22-ad10-b37d9e41628a-groupManagement] INFO  server.RaftServerConfigKeys (ConfUtils.java:logGet(46)) - raft.server.threadpool.server.size = 0 (default)
2024-06-12 07:36:51,181 [8c3b1af4-43ff-4c22-ad10-b37d9e41628a-groupManagement] INFO  server.RaftServerConfigKeys (ConfUtils.java:logGet(46)) - raft.server.threadpool.client.cached = true (default)
2024-06-12 07:36:51,181 [8c3b1af4-43ff-4c22-ad10-b37d9e41628a-groupManagement] INFO  server.RaftServerConfigKeys (ConfUtils.java:logGet(46)) - raft.server.threadpool.client.size = 0 (default)
2024-06-12 07:36:51,181 [8c3b1af4-43ff-4c22-ad10-b37d9e41628a-PipelineCommandHandlerThread-0] INFO  server.RaftServer (RaftServerProxy.java:addNew(100)) - 8c3b1af4-43ff-4c22-ad10-b37d9e41628a: addNew group-443CF7A8C5C3:[8c3b1af4-43ff-4c22-ad10-b37d9e41628a|127.0.0.1:15130] returns      null 8c3b1af4-43ff-4c22-ad10-b37d9e41628a@group-443CF7A8C5C3:t0, leader=null, voted=null, raftlog=UNINITIALIZED, conf=-1: peers:[8c3b1af4-43ff-4c22-ad10-b37d9e41628a|127.0.0.1:15130]|listeners:[], old=null NEW
2024-06-12 07:36:51,181 [8c3b1af4-43ff-4c22-ad10-b37d9e41628a-groupManagement] INFO  server.RaftServerConfigKeys (ConfUtils.java:logGet(46)) - raft.server.storage.free-space.min = 0MB (=0) (default)
2024-06-12 07:36:51,181 [8c3b1af4-43ff-4c22-ad10-b37d9e41628a-groupManagement] INFO  server.RaftServerConfigKeys (ConfUtils.java:logGet(46)) - raft.server.log.corruption.policy = EXCEPTION (default)
2024-06-12 07:36:51,181 [8c3b1af4-43ff-4c22-ad10-b37d9e41628a-groupManagement] INFO  server.RaftServerConfigKeys (ConfUtils.java:logGet(46)) - raft.server.storage.dir = [/home/runner/work/ozone/ozone/hadoop-ozone/integration-test/target/test-dir/MiniOzoneClusterImpl-63f03bc8-0399-4ce2-9c43-ca6ad8c463d8/ozone-meta/datanode-3/ratis] (custom)
2024-06-12 07:36:51,182 [8c3b1af4-43ff-4c22-ad10-b37d9e41628a-groupManagement] INFO  storage.RaftStorageDirectory (RaftStorageDirectoryImpl.java:analyzeStorage(138)) - The storage directory /home/runner/work/ozone/ozone/hadoop-ozone/integration-test/target/test-dir/MiniOzoneClusterImpl-63f03bc8-0399-4ce2-9c43-ca6ad8c463d8/ozone-meta/datanode-3/ratis/936e89f3-c078-4191-b7fe-443cf7a8c5c3 does not exist. Creating ...
2024-06-12 07:36:51,182 [893f21cf-1739-427a-a93c-5929db1902c5-groupManagement] INFO  util.JmxRegister (JmxRegister.java:tryRegister(44)) - Successfully registered JMX Bean with object name Ratis:service=RaftServer,group=group-47098A2D7F4D,id=893f21cf-1739-427a-a93c-5929db1902c5
2024-06-12 07:36:51,182 [893f21cf-1739-427a-a93c-5929db1902c5-groupManagement] INFO  server.RaftServerConfigKeys (ConfUtils.java:logGet(46)) - raft.server.snapshot.trigger-when-stop.enabled = true (default)
2024-06-12 07:36:51,182 [893f21cf-1739-427a-a93c-5929db1902c5-groupManagement] INFO  server.RaftServerConfigKeys (ConfUtils.java:logGet(46)) - raft.server.snapshot.auto.trigger.enabled = true (custom)
2024-06-12 07:36:51,182 [893f21cf-1739-427a-a93c-5929db1902c5-groupManagement] INFO  server.RaftServerConfigKeys (ConfUtils.java:logGet(46)) - raft.server.snapshot.auto.trigger.threshold = 10000 (custom)
2024-06-12 07:36:51,182 [893f21cf-1739-427a-a93c-5929db1902c5-groupManagement] INFO  server.RaftServerConfigKeys (ConfUtils.java:logGet(46)) - raft.server.snapshot.retention.file.num = 5 (custom)
2024-06-12 07:36:51,182 [893f21cf-1739-427a-a93c-5929db1902c5-groupManagement] INFO  server.RaftServerConfigKeys (ConfUtils.java:logGet(46)) - raft.server.log.purge.upto.snapshot.index = false (default)
2024-06-12 07:36:51,182 [86e236ad-53d7-40fc-9454-d100b30595d4-groupManagement] INFO  util.AwaitToRun (AwaitToRun.java:start(81)) - Thread[86e236ad-53d7-40fc-9454-d100b30595d4@group-CB34C1DA6ED0-cacheEviction-AwaitToRun,5,main] started
2024-06-12 07:36:51,182 [86e236ad-53d7-40fc-9454-d100b30595d4-groupManagement] INFO  segmented.SegmentedRaftLogWorker (SegmentedRaftLogWorker.java:<init>(182)) - new 86e236ad-53d7-40fc-9454-d100b30595d4@group-CB34C1DA6ED0-SegmentedRaftLogWorker for RaftStorageImpl:Storage Directory /home/runner/work/ozone/ozone/hadoop-ozone/integration-test/target/test-dir/MiniOzoneClusterImpl-63f03bc8-0399-4ce2-9c43-ca6ad8c463d8/ozone-meta/datanode-1/ratis/6eb71243-7091-4c40-8083-cb34c1da6ed0
2024-06-12 07:36:51,182 [86e236ad-53d7-40fc-9454-d100b30595d4-groupManagement] INFO  server.RaftServerConfigKeys (ConfUtils.java:logGet(46)) - raft.server.log.queue.byte-limit = 4294967296 (custom)
2024-06-12 07:36:51,182 [86e236ad-53d7-40fc-9454-d100b30595d4-groupManagement] INFO  server.RaftServerConfigKeys (ConfUtils.java:logGet(46)) - raft.server.log.queue.element-limit = 1024 (custom)
2024-06-12 07:36:51,182 [86e236ad-53d7-40fc-9454-d100b30595d4-groupManagement] INFO  server.RaftServerConfigKeys (ConfUtils.java:logGet(46)) - raft.server.log.segment.size.max = 67108864 (custom)
2024-06-12 07:36:51,182 [86e236ad-53d7-40fc-9454-d100b30595d4-groupManagement] INFO  server.RaftServerConfigKeys (ConfUtils.java:logGet(46)) - raft.server.log.preallocated.size = 4194304 (custom)
2024-06-12 07:36:51,183 [86e236ad-53d7-40fc-9454-d100b30595d4-groupManagement] INFO  server.RaftServerConfigKeys (ConfUtils.java:logGet(46)) - raft.server.log.force.sync.num = 128 (default)
2024-06-12 07:36:51,183 [86e236ad-53d7-40fc-9454-d100b30595d4-groupManagement] INFO  server.RaftServerConfigKeys (ConfUtils.java:logGet(46)) - raft.server.log.statemachine.data.sync = true (default)
2024-06-12 07:36:51,183 [86e236ad-53d7-40fc-9454-d100b30595d4-groupManagement] INFO  server.RaftServerConfigKeys (ConfUtils.java:logGet(46)) - raft.server.log.statemachine.data.sync.timeout = 10s (default)
2024-06-12 07:36:51,183 [86e236ad-53d7-40fc-9454-d100b30595d4-groupManagement] INFO  server.RaftServerConfigKeys (ConfUtils.java:logGet(46)) - raft.server.log.statemachine.data.sync.timeout.retry = 30 (custom)
2024-06-12 07:36:51,183 [86e236ad-53d7-40fc-9454-d100b30595d4-groupManagement] INFO  server.RaftServerConfigKeys (ConfUtils.java:logGet(46)) - raft.server.log.write.buffer.size = 8388616 (custom)
2024-06-12 07:36:51,185 [86e236ad-53d7-40fc-9454-d100b30595d4-groupManagement] INFO  server.RaftServerConfigKeys (ConfUtils.java:logGet(46)) - raft.server.log.appender.buffer.byte-limit = 8388608 (custom)
2024-06-12 07:36:51,185 [86e236ad-53d7-40fc-9454-d100b30595d4-groupManagement] INFO  server.RaftServerConfigKeys (ConfUtils.java:logGet(46)) - raft.server.log.unsafe-flush.enabled = false (default)
2024-06-12 07:36:51,185 [86e236ad-53d7-40fc-9454-d100b30595d4-groupManagement] INFO  server.RaftServerConfigKeys (ConfUtils.java:logGet(46)) - raft.server.log.async-flush.enabled = false (default)
2024-06-12 07:36:51,185 [86e236ad-53d7-40fc-9454-d100b30595d4-groupManagement] INFO  server.RaftServerConfigKeys (ConfUtils.java:logGet(46)) - raft.server.log.statemachine.data.caching.enabled = true (custom)
2024-06-12 07:36:51,185 [86e236ad-53d7-40fc-9454-d100b30595d4-groupManagement] INFO  segmented.SegmentedRaftLogWorker (SegmentedRaftLogWorker.java:lambda$new$0(134)) - 86e236ad-53d7-40fc-9454-d100b30595d4@group-CB34C1DA6ED0-SegmentedRaftLogWorker: flushIndex: setUnconditionally 0 -> -1
2024-06-12 07:36:51,185 [86e236ad-53d7-40fc-9454-d100b30595d4-groupManagement] INFO  segmented.SegmentedRaftLogWorker (SegmentedRaftLogWorker.java:lambda$new$0(134)) - 86e236ad-53d7-40fc-9454-d100b30595d4@group-CB34C1DA6ED0-SegmentedRaftLogWorker: safeCacheEvictIndex: setUnconditionally 0 -> -1
2024-06-12 07:36:51,182 [8c3b1af4-43ff-4c22-ad10-b37d9e41628a-groupManagement] INFO  storage.RaftStorageDirectory (RaftStorageDirectoryImpl.java:tryLock(228)) - Lock on /home/runner/work/ozone/ozone/hadoop-ozone/integration-test/target/test-dir/MiniOzoneClusterImpl-63f03bc8-0399-4ce2-9c43-ca6ad8c463d8/ozone-meta/datanode-3/ratis/936e89f3-c078-4191-b7fe-443cf7a8c5c3/in_use.lock acquired by nodename 34952@fv-az1443-254
2024-06-12 07:36:51,183 [893f21cf-1739-427a-a93c-5929db1902c5@group-47098A2D7F4D-FollowerState] INFO  server.RaftServerConfigKeys (ConfUtils.java:logFallback(53)) - raft.server.rpc.first-election.timeout.min = 1s (fallback to raft.server.rpc.timeout.min)
2024-06-12 07:36:51,186 [893f21cf-1739-427a-a93c-5929db1902c5@group-47098A2D7F4D-FollowerState] INFO  server.RaftServerConfigKeys (ConfUtils.java:logFallback(53)) - raft.server.rpc.first-election.timeout.max = 1200ms (fallback to raft.server.rpc.timeout.max)
2024-06-12 07:36:51,186 [893f21cf-1739-427a-a93c-5929db1902c5-PipelineCommandHandlerThread-0] INFO  ratis.XceiverServerRatis (XceiverServerRatis.java:addGroup(864)) - Created group PipelineID=b379d3c7-0862-45bb-b0cf-47098a2d7f4d
2024-06-12 07:36:51,186 [8c3b1af4-43ff-4c22-ad10-b37d9e41628a-groupManagement] INFO  storage.RaftStorage (RaftStorageImpl.java:format(99)) - Storage directory /home/runner/work/ozone/ozone/hadoop-ozone/integration-test/target/test-dir/MiniOzoneClusterImpl-63f03bc8-0399-4ce2-9c43-ca6ad8c463d8/ozone-meta/datanode-3/ratis/936e89f3-c078-4191-b7fe-443cf7a8c5c3 has been successfully formatted.
2024-06-12 07:36:51,190 [8c3b1af4-43ff-4c22-ad10-b37d9e41628a-groupManagement] WARN  util.FileUtils (LogUtils.java:supplyAndLog(63)) - Failed to Files.newInputStream /home/runner/work/ozone/ozone/hadoop-ozone/integration-test/target/test-dir/MiniOzoneClusterImpl-63f03bc8-0399-4ce2-9c43-ca6ad8c463d8/ozone-meta/datanode-3/ratis/936e89f3-c078-4191-b7fe-443cf7a8c5c3/current/raft-meta.conf with options []: java.nio.file.NoSuchFileException: /home/runner/work/ozone/ozone/hadoop-ozone/integration-test/target/test-dir/MiniOzoneClusterImpl-63f03bc8-0399-4ce2-9c43-ca6ad8c463d8/ozone-meta/datanode-3/ratis/936e89f3-c078-4191-b7fe-443cf7a8c5c3/current/raft-meta.conf
2024-06-12 07:36:51,190 [8c3b1af4-43ff-4c22-ad10-b37d9e41628a-groupManagement] INFO  ratis.ContainerStateMachine (ContainerStateMachine.java:loadSnapshot(287)) - group-443CF7A8C5C3: The snapshot info is null. Setting the last applied index to:(t:0, i:~)
2024-06-12 07:36:51,190 [8c3b1af4-43ff-4c22-ad10-b37d9e41628a-groupManagement] INFO  server.RaftServerConfigKeys (ConfUtils.java:logGet(46)) - raft.server.log.use.memory = false (default)
2024-06-12 07:36:51,190 [8c3b1af4-43ff-4c22-ad10-b37d9e41628a-groupManagement] INFO  server.RaftServerConfigKeys (ConfUtils.java:logGet(46)) - raft.server.log.purge.gap = 1000000 (custom)
2024-06-12 07:36:51,191 [8c3b1af4-43ff-4c22-ad10-b37d9e41628a-groupManagement] INFO  server.RaftServerConfigKeys (ConfUtils.java:logGet(46)) - raft.server.log.appender.buffer.byte-limit = 8388608 (custom)
2024-06-12 07:36:51,191 [8c3b1af4-43ff-4c22-ad10-b37d9e41628a-groupManagement] INFO  server.RaftServerConfigKeys (ConfUtils.java:logGet(46)) - raft.server.log.statemachine.data.read.timeout = 1000ms (default)
2024-06-12 07:36:51,191 [8c3b1af4-43ff-4c22-ad10-b37d9e41628a-groupManagement] INFO  server.RaftServerConfigKeys (ConfUtils.java:logGet(46)) - raft.server.log.purge.preservation.log.num = 0 (default)
2024-06-12 07:36:51,192 [8c3b1af4-43ff-4c22-ad10-b37d9e41628a-groupManagement] INFO  server.RaftServerConfigKeys (ConfUtils.java:logGet(46)) - raft.server.log.segment.size.max = 67108864 (custom)
2024-06-12 07:36:51,192 [8c3b1af4-43ff-4c22-ad10-b37d9e41628a-groupManagement] INFO  server.RaftServerConfigKeys (ConfUtils.java:logGet(46)) - raft.server.log.segment.cache.num.max = 2 (custom)
2024-06-12 07:36:51,192 [8c3b1af4-43ff-4c22-ad10-b37d9e41628a-groupManagement] INFO  server.RaftServerConfigKeys (ConfUtils.java:logGet(46)) - raft.server.log.segment.cache.size.max = 200MB (=209715200) (default)
2024-06-12 07:36:51,192 [8c3b1af4-43ff-4c22-ad10-b37d9e41628a-groupManagement] INFO  server.RaftServerConfigKeys (ConfUtils.java:logGet(46)) - raft.server.log.appender.buffer.byte-limit = 8388608 (custom)
2024-06-12 07:36:51,195 [EventQueue-PipelineReportForPipelineReportHandler] INFO  pipeline.PipelineReportHandler (PipelineReportHandler.java:processPipelineReport(136)) - Opened pipeline PipelineID=936e89f3-c078-4191-b7fe-443cf7a8c5c3
2024-06-12 07:36:51,195 [EventQueue-OpenPipelineForHealthyPipelineSafeModeRule] INFO  safemode.SCMSafeModeManager (HealthyPipelineSafeModeRule.java:process(140)) - SCM in safe mode. Healthy pipelines reported count is 0, required healthy pipeline reported count is 1
2024-06-12 07:36:51,201 [8c3b1af4-43ff-4c22-ad10-b37d9e41628a-groupManagement] INFO  util.AwaitToRun (AwaitToRun.java:start(81)) - Thread[8c3b1af4-43ff-4c22-ad10-b37d9e41628a@group-443CF7A8C5C3-cacheEviction-AwaitToRun,5,main] started
2024-06-12 07:36:51,202 [8c3b1af4-43ff-4c22-ad10-b37d9e41628a-groupManagement] INFO  segmented.SegmentedRaftLogWorker (SegmentedRaftLogWorker.java:<init>(182)) - new 8c3b1af4-43ff-4c22-ad10-b37d9e41628a@group-443CF7A8C5C3-SegmentedRaftLogWorker for RaftStorageImpl:Storage Directory /home/runner/work/ozone/ozone/hadoop-ozone/integration-test/target/test-dir/MiniOzoneClusterImpl-63f03bc8-0399-4ce2-9c43-ca6ad8c463d8/ozone-meta/datanode-3/ratis/936e89f3-c078-4191-b7fe-443cf7a8c5c3
2024-06-12 07:36:51,202 [8c3b1af4-43ff-4c22-ad10-b37d9e41628a-groupManagement] INFO  server.RaftServerConfigKeys (ConfUtils.java:logGet(46)) - raft.server.log.queue.byte-limit = 4294967296 (custom)
2024-06-12 07:36:51,202 [8c3b1af4-43ff-4c22-ad10-b37d9e41628a-groupManagement] INFO  server.RaftServerConfigKeys (ConfUtils.java:logGet(46)) - raft.server.log.queue.element-limit = 1024 (custom)
2024-06-12 07:36:51,202 [8c3b1af4-43ff-4c22-ad10-b37d9e41628a-groupManagement] INFO  server.RaftServerConfigKeys (ConfUtils.java:logGet(46)) - raft.server.log.segment.size.max = 67108864 (custom)
2024-06-12 07:36:51,202 [8c3b1af4-43ff-4c22-ad10-b37d9e41628a-groupManagement] INFO  server.RaftServerConfigKeys (ConfUtils.java:logGet(46)) - raft.server.log.preallocated.size = 4194304 (custom)
2024-06-12 07:36:51,202 [8c3b1af4-43ff-4c22-ad10-b37d9e41628a-groupManagement] INFO  server.RaftServerConfigKeys (ConfUtils.java:logGet(46)) - raft.server.log.force.sync.num = 128 (default)
2024-06-12 07:36:51,202 [8c3b1af4-43ff-4c22-ad10-b37d9e41628a-groupManagement] INFO  server.RaftServerConfigKeys (ConfUtils.java:logGet(46)) - raft.server.log.statemachine.data.sync = true (default)
2024-06-12 07:36:51,202 [8c3b1af4-43ff-4c22-ad10-b37d9e41628a-groupManagement] INFO  server.RaftServerConfigKeys (ConfUtils.java:logGet(46)) - raft.server.log.statemachine.data.sync.timeout = 10s (default)
2024-06-12 07:36:51,202 [8c3b1af4-43ff-4c22-ad10-b37d9e41628a-groupManagement] INFO  server.RaftServerConfigKeys (ConfUtils.java:logGet(46)) - raft.server.log.statemachine.data.sync.timeout.retry = 30 (custom)
2024-06-12 07:36:51,202 [8c3b1af4-43ff-4c22-ad10-b37d9e41628a-groupManagement] INFO  server.RaftServerConfigKeys (ConfUtils.java:logGet(46)) - raft.server.log.write.buffer.size = 8388616 (custom)
2024-06-12 07:36:51,204 [8c3b1af4-43ff-4c22-ad10-b37d9e41628a-groupManagement] INFO  server.RaftServerConfigKeys (ConfUtils.java:logGet(46)) - raft.server.log.appender.buffer.byte-limit = 8388608 (custom)
2024-06-12 07:36:51,204 [8c3b1af4-43ff-4c22-ad10-b37d9e41628a-groupManagement] INFO  server.RaftServerConfigKeys (ConfUtils.java:logGet(46)) - raft.server.log.unsafe-flush.enabled = false (default)
2024-06-12 07:36:51,204 [8c3b1af4-43ff-4c22-ad10-b37d9e41628a-groupManagement] INFO  server.RaftServerConfigKeys (ConfUtils.java:logGet(46)) - raft.server.log.async-flush.enabled = false (default)
2024-06-12 07:36:51,204 [8c3b1af4-43ff-4c22-ad10-b37d9e41628a-groupManagement] INFO  server.RaftServerConfigKeys (ConfUtils.java:logGet(46)) - raft.server.log.statemachine.data.caching.enabled = true (custom)
2024-06-12 07:36:51,205 [8c3b1af4-43ff-4c22-ad10-b37d9e41628a-groupManagement] INFO  segmented.SegmentedRaftLogWorker (SegmentedRaftLogWorker.java:lambda$new$0(134)) - 8c3b1af4-43ff-4c22-ad10-b37d9e41628a@group-443CF7A8C5C3-SegmentedRaftLogWorker: flushIndex: setUnconditionally 0 -> -1
2024-06-12 07:36:51,205 [8c3b1af4-43ff-4c22-ad10-b37d9e41628a-groupManagement] INFO  segmented.SegmentedRaftLogWorker (SegmentedRaftLogWorker.java:lambda$new$0(134)) - 8c3b1af4-43ff-4c22-ad10-b37d9e41628a@group-443CF7A8C5C3-SegmentedRaftLogWorker: safeCacheEvictIndex: setUnconditionally 0 -> -1
2024-06-12 07:36:51,206 [8c3b1af4-43ff-4c22-ad10-b37d9e41628a-groupManagement] INFO  server.RaftServer$Division (RaftServerImpl.java:start(396)) - 8c3b1af4-43ff-4c22-ad10-b37d9e41628a@group-443CF7A8C5C3: start as a follower, conf=-1: peers:[8c3b1af4-43ff-4c22-ad10-b37d9e41628a|127.0.0.1:15130]|listeners:[], old=null
2024-06-12 07:36:51,206 [8c3b1af4-43ff-4c22-ad10-b37d9e41628a-groupManagement] INFO  server.RaftServer$Division (RaftServerImpl.java:setRole(383)) - 8c3b1af4-43ff-4c22-ad10-b37d9e41628a@group-443CF7A8C5C3: changes role from      null to FOLLOWER at term 0 for startAsFollower
2024-06-12 07:36:51,206 [8c3b1af4-43ff-4c22-ad10-b37d9e41628a-groupManagement] INFO  impl.RoleInfo (RoleInfo.java:updateAndGet(139)) - 8c3b1af4-43ff-4c22-ad10-b37d9e41628a: start 8c3b1af4-43ff-4c22-ad10-b37d9e41628a@group-443CF7A8C5C3-FollowerState
2024-06-12 07:36:51,209 [8c3b1af4-43ff-4c22-ad10-b37d9e41628a@group-443CF7A8C5C3-FollowerState] INFO  server.RaftServerConfigKeys (ConfUtils.java:logFallback(53)) - raft.server.rpc.first-election.timeout.min = 1s (fallback to raft.server.rpc.timeout.min)
2024-06-12 07:36:51,210 [86e236ad-53d7-40fc-9454-d100b30595d4-groupManagement] INFO  server.RaftServer$Division (RaftServerImpl.java:start(396)) - 86e236ad-53d7-40fc-9454-d100b30595d4@group-CB34C1DA6ED0: start as a follower, conf=-1: peers:[893f21cf-1739-427a-a93c-5929db1902c5|127.0.0.1:15121, 86e236ad-53d7-40fc-9454-d100b30595d4|127.0.0.1:15112, 8c3b1af4-43ff-4c22-ad10-b37d9e41628a|127.0.0.1:15130]|listeners:[], old=null
2024-06-12 07:36:51,210 [86e236ad-53d7-40fc-9454-d100b30595d4-groupManagement] INFO  server.RaftServer$Division (RaftServerImpl.java:setRole(383)) - 86e236ad-53d7-40fc-9454-d100b30595d4@group-CB34C1DA6ED0: changes role from      null to FOLLOWER at term 0 for startAsFollower
2024-06-12 07:36:51,210 [86e236ad-53d7-40fc-9454-d100b30595d4-groupManagement] INFO  impl.RoleInfo (RoleInfo.java:updateAndGet(139)) - 86e236ad-53d7-40fc-9454-d100b30595d4: start 86e236ad-53d7-40fc-9454-d100b30595d4@group-CB34C1DA6ED0-FollowerState
2024-06-12 07:36:51,209 [8c3b1af4-43ff-4c22-ad10-b37d9e41628a-groupManagement] INFO  util.JmxRegister (JmxRegister.java:tryRegister(44)) - Successfully registered JMX Bean with object name Ratis:service=RaftServer,group=group-443CF7A8C5C3,id=8c3b1af4-43ff-4c22-ad10-b37d9e41628a
2024-06-12 07:36:51,210 [8c3b1af4-43ff-4c22-ad10-b37d9e41628a-groupManagement] INFO  server.RaftServerConfigKeys (ConfUtils.java:logGet(46)) - raft.server.snapshot.trigger-when-stop.enabled = true (default)
2024-06-12 07:36:51,210 [8c3b1af4-43ff-4c22-ad10-b37d9e41628a-groupManagement] INFO  server.RaftServerConfigKeys (ConfUtils.java:logGet(46)) - raft.server.snapshot.auto.trigger.enabled = true (custom)
2024-06-12 07:36:51,210 [8c3b1af4-43ff-4c22-ad10-b37d9e41628a-groupManagement] INFO  server.RaftServerConfigKeys (ConfUtils.java:logGet(46)) - raft.server.snapshot.auto.trigger.threshold = 10000 (custom)
2024-06-12 07:36:51,210 [8c3b1af4-43ff-4c22-ad10-b37d9e41628a-groupManagement] INFO  server.RaftServerConfigKeys (ConfUtils.java:logGet(46)) - raft.server.snapshot.retention.file.num = 5 (custom)
2024-06-12 07:36:51,211 [8c3b1af4-43ff-4c22-ad10-b37d9e41628a-groupManagement] INFO  server.RaftServerConfigKeys (ConfUtils.java:logGet(46)) - raft.server.log.purge.upto.snapshot.index = false (default)
2024-06-12 07:36:51,211 [8c3b1af4-43ff-4c22-ad10-b37d9e41628a@group-443CF7A8C5C3-FollowerState] INFO  server.RaftServerConfigKeys (ConfUtils.java:logFallback(53)) - raft.server.rpc.first-election.timeout.max = 1200ms (fallback to raft.server.rpc.timeout.max)
2024-06-12 07:36:51,215 [86e236ad-53d7-40fc-9454-d100b30595d4-groupManagement] INFO  util.JmxRegister (JmxRegister.java:tryRegister(44)) - Successfully registered JMX Bean with object name Ratis:service=RaftServer,group=group-CB34C1DA6ED0,id=86e236ad-53d7-40fc-9454-d100b30595d4
2024-06-12 07:36:51,215 [86e236ad-53d7-40fc-9454-d100b30595d4-groupManagement] INFO  server.RaftServerConfigKeys (ConfUtils.java:logGet(46)) - raft.server.snapshot.trigger-when-stop.enabled = true (default)
2024-06-12 07:36:51,215 [86e236ad-53d7-40fc-9454-d100b30595d4-groupManagement] INFO  server.RaftServerConfigKeys (ConfUtils.java:logGet(46)) - raft.server.snapshot.auto.trigger.enabled = true (custom)
2024-06-12 07:36:51,215 [86e236ad-53d7-40fc-9454-d100b30595d4-groupManagement] INFO  server.RaftServerConfigKeys (ConfUtils.java:logGet(46)) - raft.server.snapshot.auto.trigger.threshold = 10000 (custom)
2024-06-12 07:36:51,215 [86e236ad-53d7-40fc-9454-d100b30595d4-groupManagement] INFO  server.RaftServerConfigKeys (ConfUtils.java:logGet(46)) - raft.server.snapshot.retention.file.num = 5 (custom)
2024-06-12 07:36:51,215 [86e236ad-53d7-40fc-9454-d100b30595d4-groupManagement] INFO  server.RaftServerConfigKeys (ConfUtils.java:logGet(46)) - raft.server.log.purge.upto.snapshot.index = false (default)
2024-06-12 07:36:51,216 [86e236ad-53d7-40fc-9454-d100b30595d4@group-CB34C1DA6ED0-FollowerState] INFO  server.RaftServerConfigKeys (ConfUtils.java:logFallback(53)) - raft.server.rpc.first-election.timeout.min = 1s (fallback to raft.server.rpc.timeout.min)
2024-06-12 07:36:51,216 [86e236ad-53d7-40fc-9454-d100b30595d4@group-CB34C1DA6ED0-FollowerState] INFO  server.RaftServerConfigKeys (ConfUtils.java:logFallback(53)) - raft.server.rpc.first-election.timeout.max = 1200ms (fallback to raft.server.rpc.timeout.max)
2024-06-12 07:36:51,216 [86e236ad-53d7-40fc-9454-d100b30595d4-PipelineCommandHandlerThread-0] INFO  ratis.XceiverServerRatis (XceiverServerRatis.java:addGroup(864)) - Created group PipelineID=6eb71243-7091-4c40-8083-cb34c1da6ed0
2024-06-12 07:36:51,220 [8c3b1af4-43ff-4c22-ad10-b37d9e41628a-PipelineCommandHandlerThread-0] INFO  ratis.XceiverServerRatis (XceiverServerRatis.java:addGroup(864)) - Created group PipelineID=936e89f3-c078-4191-b7fe-443cf7a8c5c3
2024-06-12 07:36:51,220 [8c3b1af4-43ff-4c22-ad10-b37d9e41628a-PipelineCommandHandlerThread-0] INFO  commandhandler.CreatePipelineCommandHandler (CreatePipelineCommandHandler.java:lambda$handle$2(124)) - Created Pipeline RATIS ONE PipelineID=936e89f3-c078-4191-b7fe-443cf7a8c5c3.
2024-06-12 07:36:51,220 [8c3b1af4-43ff-4c22-ad10-b37d9e41628a-PipelineCommandHandlerThread-0] INFO  server.RaftServer (RaftServerProxy.java:addNew(100)) - 8c3b1af4-43ff-4c22-ad10-b37d9e41628a: addNew group-CB34C1DA6ED0:[893f21cf-1739-427a-a93c-5929db1902c5|127.0.0.1:15121, 86e236ad-53d7-40fc-9454-d100b30595d4|127.0.0.1:15112, 8c3b1af4-43ff-4c22-ad10-b37d9e41628a|127.0.0.1:15130] returns group-CB34C1DA6ED0:java.util.concurrent.CompletableFuture@2e2a7c81[Not completed]
2024-06-12 07:36:51,221 [8c3b1af4-43ff-4c22-ad10-b37d9e41628a-groupManagement] INFO  server.RaftServer$Division (RaftServerImpl.java:<init>(256)) - 8c3b1af4-43ff-4c22-ad10-b37d9e41628a: new RaftServerImpl for group-CB34C1DA6ED0:[893f21cf-1739-427a-a93c-5929db1902c5|127.0.0.1:15121, 86e236ad-53d7-40fc-9454-d100b30595d4|127.0.0.1:15112, 8c3b1af4-43ff-4c22-ad10-b37d9e41628a|127.0.0.1:15130] with ContainerStateMachine:uninitialized
2024-06-12 07:36:51,221 [8c3b1af4-43ff-4c22-ad10-b37d9e41628a-groupManagement] INFO  server.RaftServerConfigKeys (ConfUtils.java:logGet(46)) - raft.server.rpc.timeout.min = 1s (custom)
2024-06-12 07:36:51,222 [8c3b1af4-43ff-4c22-ad10-b37d9e41628a-groupManagement] INFO  server.RaftServerConfigKeys (ConfUtils.java:logGet(46)) - raft.server.rpc.timeout.max = 1200ms (custom)
2024-06-12 07:36:51,222 [8c3b1af4-43ff-4c22-ad10-b37d9e41628a-groupManagement] INFO  server.RaftServerConfigKeys (ConfUtils.java:logGet(46)) - raft.server.rpc.sleep.time = 25ms (default)
2024-06-12 07:36:51,222 [8c3b1af4-43ff-4c22-ad10-b37d9e41628a-groupManagement] INFO  server.RaftServerConfigKeys (ConfUtils.java:logGet(46)) - raft.server.rpc.slowness.timeout = 300000ms (custom)
2024-06-12 07:36:51,222 [8c3b1af4-43ff-4c22-ad10-b37d9e41628a-groupManagement] INFO  server.RaftServerConfigKeys (ConfUtils.java:logGet(46)) - raft.server.leaderelection.leader.step-down.wait-time = 10s (default)
2024-06-12 07:36:51,222 [8c3b1af4-43ff-4c22-ad10-b37d9e41628a-groupManagement] INFO  server.RaftServerConfigKeys (ConfUtils.java:logGet(46)) - raft.server.leaderelection.member.majority-add = false (default)
2024-06-12 07:36:51,222 [8c3b1af4-43ff-4c22-ad10-b37d9e41628a-groupManagement] INFO  server.RaftServerConfigKeys (ConfUtils.java:logGet(46)) - raft.server.sleep.deviation.threshold = 300ms (default)
2024-06-12 07:36:51,222 [8c3b1af4-43ff-4c22-ad10-b37d9e41628a-groupManagement] INFO  server.RaftServer$Division (ServerState.java:<init>(113)) - 8c3b1af4-43ff-4c22-ad10-b37d9e41628a@group-CB34C1DA6ED0: ConfigurationManager, init=-1: peers:[893f21cf-1739-427a-a93c-5929db1902c5|127.0.0.1:15121, 86e236ad-53d7-40fc-9454-d100b30595d4|127.0.0.1:15112, 8c3b1af4-43ff-4c22-ad10-b37d9e41628a|127.0.0.1:15130]|listeners:[], old=null, confs=<EMPTY_MAP>
2024-06-12 07:36:51,222 [8c3b1af4-43ff-4c22-ad10-b37d9e41628a-groupManagement] INFO  server.RaftServerConfigKeys (ConfUtils.java:logGet(46)) - raft.server.notification.no-leader.timeout = 300000ms (custom)
2024-06-12 07:36:51,222 [8c3b1af4-43ff-4c22-ad10-b37d9e41628a-groupManagement] INFO  server.RaftServerConfigKeys (ConfUtils.java:logGet(46)) - raft.server.read.timeout = 10s (default)
2024-06-12 07:36:51,222 [8c3b1af4-43ff-4c22-ad10-b37d9e41628a-groupManagement] INFO  server.RaftServerConfigKeys (ConfUtils.java:logGet(46)) - raft.server.retrycache.expirytime = 600000ms (custom)
2024-06-12 07:36:51,222 [8c3b1af4-43ff-4c22-ad10-b37d9e41628a-groupManagement] INFO  server.RaftServerConfigKeys (ConfUtils.java:logGet(46)) - raft.server.retrycache.statistics.expirytime = 100ms (default)
2024-06-12 07:36:51,222 [8c3b1af4-43ff-4c22-ad10-b37d9e41628a-groupManagement] INFO  server.RaftServerConfigKeys (ConfUtils.java:logGet(46)) - raft.server.read.option = DEFAULT (default)
2024-06-12 07:36:51,222 [8c3b1af4-43ff-4c22-ad10-b37d9e41628a-groupManagement] INFO  server.RaftServerConfigKeys (ConfUtils.java:logGet(46)) - raft.server.read.read-after-write-consistent.write-index-cache.expiry-time = 60s (default)
2024-06-12 07:36:51,225 [8c3b1af4-43ff-4c22-ad10-b37d9e41628a-groupManagement] INFO  server.RaftServerConfigKeys (ConfUtils.java:logGet(46)) - raft.server.rpc.request.timeout = 3000ms (default)
2024-06-12 07:36:51,225 [8c3b1af4-43ff-4c22-ad10-b37d9e41628a-groupManagement] INFO  server.RaftServerConfigKeys (ConfUtils.java:logGet(46)) - raft.server.log.appender.install.snapshot.enabled = false (custom)
2024-06-12 07:36:51,226 [8c3b1af4-43ff-4c22-ad10-b37d9e41628a-groupManagement] INFO  server.RaftServerConfigKeys (ConfUtils.java:logGet(46)) - raft.server.threadpool.server.cached = true (default)
2024-06-12 07:36:51,226 [8c3b1af4-43ff-4c22-ad10-b37d9e41628a-groupManagement] INFO  server.RaftServerConfigKeys (ConfUtils.java:logGet(46)) - raft.server.threadpool.server.size = 0 (default)
2024-06-12 07:36:51,226 [8c3b1af4-43ff-4c22-ad10-b37d9e41628a-groupManagement] INFO  server.RaftServerConfigKeys (ConfUtils.java:logGet(46)) - raft.server.threadpool.client.cached = true (default)
2024-06-12 07:36:51,226 [8c3b1af4-43ff-4c22-ad10-b37d9e41628a-groupManagement] INFO  server.RaftServerConfigKeys (ConfUtils.java:logGet(46)) - raft.server.threadpool.client.size = 0 (default)
2024-06-12 07:36:51,227 [8c3b1af4-43ff-4c22-ad10-b37d9e41628a-groupManagement] INFO  server.RaftServerConfigKeys (ConfUtils.java:logGet(46)) - raft.server.storage.free-space.min = 0MB (=0) (default)
2024-06-12 07:36:51,227 [8c3b1af4-43ff-4c22-ad10-b37d9e41628a-groupManagement] INFO  server.RaftServerConfigKeys (ConfUtils.java:logGet(46)) - raft.server.log.corruption.policy = EXCEPTION (default)
2024-06-12 07:36:51,228 [8c3b1af4-43ff-4c22-ad10-b37d9e41628a-groupManagement] INFO  server.RaftServerConfigKeys (ConfUtils.java:logGet(46)) - raft.server.storage.dir = [/home/runner/work/ozone/ozone/hadoop-ozone/integration-test/target/test-dir/MiniOzoneClusterImpl-63f03bc8-0399-4ce2-9c43-ca6ad8c463d8/ozone-meta/datanode-3/ratis] (custom)
2024-06-12 07:36:51,228 [8c3b1af4-43ff-4c22-ad10-b37d9e41628a-groupManagement] INFO  storage.RaftStorageDirectory (RaftStorageDirectoryImpl.java:analyzeStorage(138)) - The storage directory /home/runner/work/ozone/ozone/hadoop-ozone/integration-test/target/test-dir/MiniOzoneClusterImpl-63f03bc8-0399-4ce2-9c43-ca6ad8c463d8/ozone-meta/datanode-3/ratis/6eb71243-7091-4c40-8083-cb34c1da6ed0 does not exist. Creating ...
2024-06-12 07:36:51,233 [8c3b1af4-43ff-4c22-ad10-b37d9e41628a-groupManagement] INFO  storage.RaftStorageDirectory (RaftStorageDirectoryImpl.java:tryLock(228)) - Lock on /home/runner/work/ozone/ozone/hadoop-ozone/integration-test/target/test-dir/MiniOzoneClusterImpl-63f03bc8-0399-4ce2-9c43-ca6ad8c463d8/ozone-meta/datanode-3/ratis/6eb71243-7091-4c40-8083-cb34c1da6ed0/in_use.lock acquired by nodename 34952@fv-az1443-254
2024-06-12 07:36:51,234 [8c3b1af4-43ff-4c22-ad10-b37d9e41628a-groupManagement] INFO  storage.RaftStorage (RaftStorageImpl.java:format(99)) - Storage directory /home/runner/work/ozone/ozone/hadoop-ozone/integration-test/target/test-dir/MiniOzoneClusterImpl-63f03bc8-0399-4ce2-9c43-ca6ad8c463d8/ozone-meta/datanode-3/ratis/6eb71243-7091-4c40-8083-cb34c1da6ed0 has been successfully formatted.
2024-06-12 07:36:51,235 [8c3b1af4-43ff-4c22-ad10-b37d9e41628a-groupManagement] WARN  util.FileUtils (LogUtils.java:supplyAndLog(63)) - Failed to Files.newInputStream /home/runner/work/ozone/ozone/hadoop-ozone/integration-test/target/test-dir/MiniOzoneClusterImpl-63f03bc8-0399-4ce2-9c43-ca6ad8c463d8/ozone-meta/datanode-3/ratis/6eb71243-7091-4c40-8083-cb34c1da6ed0/current/raft-meta.conf with options []: java.nio.file.NoSuchFileException: /home/runner/work/ozone/ozone/hadoop-ozone/integration-test/target/test-dir/MiniOzoneClusterImpl-63f03bc8-0399-4ce2-9c43-ca6ad8c463d8/ozone-meta/datanode-3/ratis/6eb71243-7091-4c40-8083-cb34c1da6ed0/current/raft-meta.conf
2024-06-12 07:36:51,235 [8c3b1af4-43ff-4c22-ad10-b37d9e41628a-groupManagement] INFO  ratis.ContainerStateMachine (ContainerStateMachine.java:loadSnapshot(287)) - group-CB34C1DA6ED0: The snapshot info is null. Setting the last applied index to:(t:0, i:~)
2024-06-12 07:36:51,235 [8c3b1af4-43ff-4c22-ad10-b37d9e41628a-groupManagement] INFO  server.RaftServerConfigKeys (ConfUtils.java:logGet(46)) - raft.server.log.use.memory = false (default)
2024-06-12 07:36:51,235 [8c3b1af4-43ff-4c22-ad10-b37d9e41628a-groupManagement] INFO  server.RaftServerConfigKeys (ConfUtils.java:logGet(46)) - raft.server.log.purge.gap = 1000000 (custom)
2024-06-12 07:36:51,235 [8c3b1af4-43ff-4c22-ad10-b37d9e41628a-groupManagement] INFO  server.RaftServerConfigKeys (ConfUtils.java:logGet(46)) - raft.server.log.appender.buffer.byte-limit = 8388608 (custom)
2024-06-12 07:36:51,235 [8c3b1af4-43ff-4c22-ad10-b37d9e41628a-groupManagement] INFO  server.RaftServerConfigKeys (ConfUtils.java:logGet(46)) - raft.server.log.statemachine.data.read.timeout = 1000ms (default)
2024-06-12 07:36:51,235 [8c3b1af4-43ff-4c22-ad10-b37d9e41628a-groupManagement] INFO  server.RaftServerConfigKeys (ConfUtils.java:logGet(46)) - raft.server.log.purge.preservation.log.num = 0 (default)
2024-06-12 07:36:51,236 [8c3b1af4-43ff-4c22-ad10-b37d9e41628a-groupManagement] INFO  server.RaftServerConfigKeys (ConfUtils.java:logGet(46)) - raft.server.log.segment.size.max = 67108864 (custom)
2024-06-12 07:36:51,237 [8c3b1af4-43ff-4c22-ad10-b37d9e41628a-groupManagement] INFO  server.RaftServerConfigKeys (ConfUtils.java:logGet(46)) - raft.server.log.segment.cache.num.max = 2 (custom)
2024-06-12 07:36:51,237 [8c3b1af4-43ff-4c22-ad10-b37d9e41628a-groupManagement] INFO  server.RaftServerConfigKeys (ConfUtils.java:logGet(46)) - raft.server.log.segment.cache.size.max = 200MB (=209715200) (default)
2024-06-12 07:36:51,237 [8c3b1af4-43ff-4c22-ad10-b37d9e41628a-groupManagement] INFO  server.RaftServerConfigKeys (ConfUtils.java:logGet(46)) - raft.server.log.appender.buffer.byte-limit = 8388608 (custom)
2024-06-12 07:36:51,238 [grpc-default-executor-1] INFO  server.RaftServer (RaftServerProxy.java:addNew(100)) - 893f21cf-1739-427a-a93c-5929db1902c5: addNew group-CB34C1DA6ED0:[893f21cf-1739-427a-a93c-5929db1902c5|127.0.0.1:15121, 86e236ad-53d7-40fc-9454-d100b30595d4|127.0.0.1:15112, 8c3b1af4-43ff-4c22-ad10-b37d9e41628a|127.0.0.1:15130] returns group-CB34C1DA6ED0:java.util.concurrent.CompletableFuture@42a97c70[Not completed]
2024-06-12 07:36:51,238 [893f21cf-1739-427a-a93c-5929db1902c5-groupManagement] INFO  server.RaftServer$Division (RaftServerImpl.java:<init>(256)) - 893f21cf-1739-427a-a93c-5929db1902c5: new RaftServerImpl for group-CB34C1DA6ED0:[893f21cf-1739-427a-a93c-5929db1902c5|127.0.0.1:15121, 86e236ad-53d7-40fc-9454-d100b30595d4|127.0.0.1:15112, 8c3b1af4-43ff-4c22-ad10-b37d9e41628a|127.0.0.1:15130] with ContainerStateMachine:uninitialized
2024-06-12 07:36:51,239 [893f21cf-1739-427a-a93c-5929db1902c5-groupManagement] INFO  server.RaftServerConfigKeys (ConfUtils.java:logGet(46)) - raft.server.rpc.timeout.min = 1s (custom)
2024-06-12 07:36:51,239 [893f21cf-1739-427a-a93c-5929db1902c5-groupManagement] INFO  server.RaftServerConfigKeys (ConfUtils.java:logGet(46)) - raft.server.rpc.timeout.max = 1200ms (custom)
2024-06-12 07:36:51,239 [893f21cf-1739-427a-a93c-5929db1902c5-groupManagement] INFO  server.RaftServerConfigKeys (ConfUtils.java:logGet(46)) - raft.server.rpc.sleep.time = 25ms (default)
2024-06-12 07:36:51,239 [893f21cf-1739-427a-a93c-5929db1902c5-groupManagement] INFO  server.RaftServerConfigKeys (ConfUtils.java:logGet(46)) - raft.server.rpc.slowness.timeout = 300000ms (custom)
2024-06-12 07:36:51,239 [893f21cf-1739-427a-a93c-5929db1902c5-groupManagement] INFO  server.RaftServerConfigKeys (ConfUtils.java:logGet(46)) - raft.server.leaderelection.leader.step-down.wait-time = 10s (default)
2024-06-12 07:36:51,239 [893f21cf-1739-427a-a93c-5929db1902c5-groupManagement] INFO  server.RaftServerConfigKeys (ConfUtils.java:logGet(46)) - raft.server.leaderelection.member.majority-add = false (default)
2024-06-12 07:36:51,239 [893f21cf-1739-427a-a93c-5929db1902c5-groupManagement] INFO  server.RaftServerConfigKeys (ConfUtils.java:logGet(46)) - raft.server.sleep.deviation.threshold = 300ms (default)
2024-06-12 07:36:51,239 [893f21cf-1739-427a-a93c-5929db1902c5-groupManagement] INFO  server.RaftServer$Division (ServerState.java:<init>(113)) - 893f21cf-1739-427a-a93c-5929db1902c5@group-CB34C1DA6ED0: ConfigurationManager, init=-1: peers:[893f21cf-1739-427a-a93c-5929db1902c5|127.0.0.1:15121, 86e236ad-53d7-40fc-9454-d100b30595d4|127.0.0.1:15112, 8c3b1af4-43ff-4c22-ad10-b37d9e41628a|127.0.0.1:15130]|listeners:[], old=null, confs=<EMPTY_MAP>
2024-06-12 07:36:51,239 [893f21cf-1739-427a-a93c-5929db1902c5-groupManagement] INFO  server.RaftServerConfigKeys (ConfUtils.java:logGet(46)) - raft.server.notification.no-leader.timeout = 300000ms (custom)
2024-06-12 07:36:51,239 [893f21cf-1739-427a-a93c-5929db1902c5-groupManagement] INFO  server.RaftServerConfigKeys (ConfUtils.java:logGet(46)) - raft.server.read.timeout = 10s (default)
2024-06-12 07:36:51,239 [893f21cf-1739-427a-a93c-5929db1902c5-groupManagement] INFO  server.RaftServerConfigKeys (ConfUtils.java:logGet(46)) - raft.server.retrycache.expirytime = 600000ms (custom)
2024-06-12 07:36:51,239 [893f21cf-1739-427a-a93c-5929db1902c5-groupManagement] INFO  server.RaftServerConfigKeys (ConfUtils.java:logGet(46)) - raft.server.retrycache.statistics.expirytime = 100ms (default)
2024-06-12 07:36:51,239 [893f21cf-1739-427a-a93c-5929db1902c5-groupManagement] INFO  server.RaftServerConfigKeys (ConfUtils.java:logGet(46)) - raft.server.read.option = DEFAULT (default)
2024-06-12 07:36:51,239 [893f21cf-1739-427a-a93c-5929db1902c5-groupManagement] INFO  server.RaftServerConfigKeys (ConfUtils.java:logGet(46)) - raft.server.read.read-after-write-consistent.write-index-cache.expiry-time = 60s (default)
2024-06-12 07:36:51,241 [893f21cf-1739-427a-a93c-5929db1902c5-groupManagement] INFO  server.RaftServerConfigKeys (ConfUtils.java:logGet(46)) - raft.server.rpc.request.timeout = 3000ms (default)
2024-06-12 07:36:51,241 [893f21cf-1739-427a-a93c-5929db1902c5-groupManagement] INFO  server.RaftServerConfigKeys (ConfUtils.java:logGet(46)) - raft.server.log.appender.install.snapshot.enabled = false (custom)
2024-06-12 07:36:51,242 [893f21cf-1739-427a-a93c-5929db1902c5-groupManagement] INFO  server.RaftServerConfigKeys (ConfUtils.java:logGet(46)) - raft.server.threadpool.server.cached = true (default)
2024-06-12 07:36:51,242 [893f21cf-1739-427a-a93c-5929db1902c5-groupManagement] INFO  server.RaftServerConfigKeys (ConfUtils.java:logGet(46)) - raft.server.threadpool.server.size = 0 (default)
2024-06-12 07:36:51,242 [893f21cf-1739-427a-a93c-5929db1902c5-groupManagement] INFO  server.RaftServerConfigKeys (ConfUtils.java:logGet(46)) - raft.server.threadpool.client.cached = true (default)
2024-06-12 07:36:51,242 [893f21cf-1739-427a-a93c-5929db1902c5-groupManagement] INFO  server.RaftServerConfigKeys (ConfUtils.java:logGet(46)) - raft.server.threadpool.client.size = 0 (default)
2024-06-12 07:36:51,242 [893f21cf-1739-427a-a93c-5929db1902c5-groupManagement] INFO  server.RaftServerConfigKeys (ConfUtils.java:logGet(46)) - raft.server.storage.free-space.min = 0MB (=0) (default)
2024-06-12 07:36:51,242 [893f21cf-1739-427a-a93c-5929db1902c5-groupManagement] INFO  server.RaftServerConfigKeys (ConfUtils.java:logGet(46)) - raft.server.log.corruption.policy = EXCEPTION (default)
2024-06-12 07:36:51,242 [893f21cf-1739-427a-a93c-5929db1902c5-groupManagement] INFO  server.RaftServerConfigKeys (ConfUtils.java:logGet(46)) - raft.server.storage.dir = [/home/runner/work/ozone/ozone/hadoop-ozone/integration-test/target/test-dir/MiniOzoneClusterImpl-63f03bc8-0399-4ce2-9c43-ca6ad8c463d8/ozone-meta/datanode-2/ratis] (custom)
2024-06-12 07:36:51,242 [893f21cf-1739-427a-a93c-5929db1902c5-groupManagement] INFO  storage.RaftStorageDirectory (RaftStorageDirectoryImpl.java:analyzeStorage(138)) - The storage directory /home/runner/work/ozone/ozone/hadoop-ozone/integration-test/target/test-dir/MiniOzoneClusterImpl-63f03bc8-0399-4ce2-9c43-ca6ad8c463d8/ozone-meta/datanode-2/ratis/6eb71243-7091-4c40-8083-cb34c1da6ed0 does not exist. Creating ...
2024-06-12 07:36:51,244 [EventQueue-OpenPipelineForHealthyPipelineSafeModeRule] INFO  safemode.SCMSafeModeManager (HealthyPipelineSafeModeRule.java:process(140)) - SCM in safe mode. Healthy pipelines reported count is 0, required healthy pipeline reported count is 1
2024-06-12 07:36:51,245 [893f21cf-1739-427a-a93c-5929db1902c5-groupManagement] INFO  storage.RaftStorageDirectory (RaftStorageDirectoryImpl.java:tryLock(228)) - Lock on /home/runner/work/ozone/ozone/hadoop-ozone/integration-test/target/test-dir/MiniOzoneClusterImpl-63f03bc8-0399-4ce2-9c43-ca6ad8c463d8/ozone-meta/datanode-2/ratis/6eb71243-7091-4c40-8083-cb34c1da6ed0/in_use.lock acquired by nodename 34952@fv-az1443-254
2024-06-12 07:36:51,246 [8c3b1af4-43ff-4c22-ad10-b37d9e41628a-groupManagement] INFO  util.AwaitToRun (AwaitToRun.java:start(81)) - Thread[8c3b1af4-43ff-4c22-ad10-b37d9e41628a@group-CB34C1DA6ED0-cacheEviction-AwaitToRun,5,main] started
2024-06-12 07:36:51,246 [8c3b1af4-43ff-4c22-ad10-b37d9e41628a-groupManagement] INFO  segmented.SegmentedRaftLogWorker (SegmentedRaftLogWorker.java:<init>(182)) - new 8c3b1af4-43ff-4c22-ad10-b37d9e41628a@group-CB34C1DA6ED0-SegmentedRaftLogWorker for RaftStorageImpl:Storage Directory /home/runner/work/ozone/ozone/hadoop-ozone/integration-test/target/test-dir/MiniOzoneClusterImpl-63f03bc8-0399-4ce2-9c43-ca6ad8c463d8/ozone-meta/datanode-3/ratis/6eb71243-7091-4c40-8083-cb34c1da6ed0
2024-06-12 07:36:51,246 [8c3b1af4-43ff-4c22-ad10-b37d9e41628a-groupManagement] INFO  server.RaftServerConfigKeys (ConfUtils.java:logGet(46)) - raft.server.log.queue.byte-limit = 4294967296 (custom)
2024-06-12 07:36:51,246 [8c3b1af4-43ff-4c22-ad10-b37d9e41628a-groupManagement] INFO  server.RaftServerConfigKeys (ConfUtils.java:logGet(46)) - raft.server.log.queue.element-limit = 1024 (custom)
2024-06-12 07:36:51,246 [8c3b1af4-43ff-4c22-ad10-b37d9e41628a-groupManagement] INFO  server.RaftServerConfigKeys (ConfUtils.java:logGet(46)) - raft.server.log.segment.size.max = 67108864 (custom)
2024-06-12 07:36:51,246 [8c3b1af4-43ff-4c22-ad10-b37d9e41628a-groupManagement] INFO  server.RaftServerConfigKeys (ConfUtils.java:logGet(46)) - raft.server.log.preallocated.size = 4194304 (custom)
2024-06-12 07:36:51,246 [8c3b1af4-43ff-4c22-ad10-b37d9e41628a-groupManagement] INFO  server.RaftServerConfigKeys (ConfUtils.java:logGet(46)) - raft.server.log.force.sync.num = 128 (default)
2024-06-12 07:36:51,246 [8c3b1af4-43ff-4c22-ad10-b37d9e41628a-groupManagement] INFO  server.RaftServerConfigKeys (ConfUtils.java:logGet(46)) - raft.server.log.statemachine.data.sync = true (default)
2024-06-12 07:36:51,246 [8c3b1af4-43ff-4c22-ad10-b37d9e41628a-groupManagement] INFO  server.RaftServerConfigKeys (ConfUtils.java:logGet(46)) - raft.server.log.statemachine.data.sync.timeout = 10s (default)
2024-06-12 07:36:51,246 [8c3b1af4-43ff-4c22-ad10-b37d9e41628a-groupManagement] INFO  server.RaftServerConfigKeys (ConfUtils.java:logGet(46)) - raft.server.log.statemachine.data.sync.timeout.retry = 30 (custom)
2024-06-12 07:36:51,246 [893f21cf-1739-427a-a93c-5929db1902c5-PipelineCommandHandlerThread-0] INFO  commandhandler.CreatePipelineCommandHandler (CreatePipelineCommandHandler.java:lambda$handle$2(124)) - Created Pipeline RATIS THREE PipelineID=b379d3c7-0862-45bb-b0cf-47098a2d7f4d.
2024-06-12 07:36:51,246 [8c3b1af4-43ff-4c22-ad10-b37d9e41628a-groupManagement] INFO  server.RaftServerConfigKeys (ConfUtils.java:logGet(46)) - raft.server.log.write.buffer.size = 8388616 (custom)
2024-06-12 07:36:51,248 [8c3b1af4-43ff-4c22-ad10-b37d9e41628a-groupManagement] INFO  server.RaftServerConfigKeys (ConfUtils.java:logGet(46)) - raft.server.log.appender.buffer.byte-limit = 8388608 (custom)
2024-06-12 07:36:51,248 [8c3b1af4-43ff-4c22-ad10-b37d9e41628a-groupManagement] INFO  server.RaftServerConfigKeys (ConfUtils.java:logGet(46)) - raft.server.log.unsafe-flush.enabled = false (default)
2024-06-12 07:36:51,248 [8c3b1af4-43ff-4c22-ad10-b37d9e41628a-groupManagement] INFO  server.RaftServerConfigKeys (ConfUtils.java:logGet(46)) - raft.server.log.async-flush.enabled = false (default)
2024-06-12 07:36:51,249 [8c3b1af4-43ff-4c22-ad10-b37d9e41628a-groupManagement] INFO  server.RaftServerConfigKeys (ConfUtils.java:logGet(46)) - raft.server.log.statemachine.data.caching.enabled = true (custom)
2024-06-12 07:36:51,249 [8c3b1af4-43ff-4c22-ad10-b37d9e41628a-groupManagement] INFO  segmented.SegmentedRaftLogWorker (SegmentedRaftLogWorker.java:lambda$new$0(134)) - 8c3b1af4-43ff-4c22-ad10-b37d9e41628a@group-CB34C1DA6ED0-SegmentedRaftLogWorker: flushIndex: setUnconditionally 0 -> -1
2024-06-12 07:36:51,249 [8c3b1af4-43ff-4c22-ad10-b37d9e41628a-groupManagement] INFO  segmented.SegmentedRaftLogWorker (SegmentedRaftLogWorker.java:lambda$new$0(134)) - 8c3b1af4-43ff-4c22-ad10-b37d9e41628a@group-CB34C1DA6ED0-SegmentedRaftLogWorker: safeCacheEvictIndex: setUnconditionally 0 -> -1
2024-06-12 07:36:51,249 [893f21cf-1739-427a-a93c-5929db1902c5-groupManagement] INFO  storage.RaftStorage (RaftStorageImpl.java:format(99)) - Storage directory /home/runner/work/ozone/ozone/hadoop-ozone/integration-test/target/test-dir/MiniOzoneClusterImpl-63f03bc8-0399-4ce2-9c43-ca6ad8c463d8/ozone-meta/datanode-2/ratis/6eb71243-7091-4c40-8083-cb34c1da6ed0 has been successfully formatted.
2024-06-12 07:36:51,249 [893f21cf-1739-427a-a93c-5929db1902c5-groupManagement] WARN  util.FileUtils (LogUtils.java:supplyAndLog(63)) - Failed to Files.newInputStream /home/runner/work/ozone/ozone/hadoop-ozone/integration-test/target/test-dir/MiniOzoneClusterImpl-63f03bc8-0399-4ce2-9c43-ca6ad8c463d8/ozone-meta/datanode-2/ratis/6eb71243-7091-4c40-8083-cb34c1da6ed0/current/raft-meta.conf with options []: java.nio.file.NoSuchFileException: /home/runner/work/ozone/ozone/hadoop-ozone/integration-test/target/test-dir/MiniOzoneClusterImpl-63f03bc8-0399-4ce2-9c43-ca6ad8c463d8/ozone-meta/datanode-2/ratis/6eb71243-7091-4c40-8083-cb34c1da6ed0/current/raft-meta.conf
2024-06-12 07:36:51,249 [893f21cf-1739-427a-a93c-5929db1902c5-groupManagement] INFO  ratis.ContainerStateMachine (ContainerStateMachine.java:loadSnapshot(287)) - group-CB34C1DA6ED0: The snapshot info is null. Setting the last applied index to:(t:0, i:~)
2024-06-12 07:36:51,249 [893f21cf-1739-427a-a93c-5929db1902c5-groupManagement] INFO  server.RaftServerConfigKeys (ConfUtils.java:logGet(46)) - raft.server.log.use.memory = false (default)
2024-06-12 07:36:51,249 [893f21cf-1739-427a-a93c-5929db1902c5-groupManagement] INFO  server.RaftServerConfigKeys (ConfUtils.java:logGet(46)) - raft.server.log.purge.gap = 1000000 (custom)
2024-06-12 07:36:51,250 [893f21cf-1739-427a-a93c-5929db1902c5-groupManagement] INFO  server.RaftServerConfigKeys (ConfUtils.java:logGet(46)) - raft.server.log.appender.buffer.byte-limit = 8388608 (custom)
2024-06-12 07:36:51,250 [893f21cf-1739-427a-a93c-5929db1902c5-groupManagement] INFO  server.RaftServerConfigKeys (ConfUtils.java:logGet(46)) - raft.server.log.statemachine.data.read.timeout = 1000ms (default)
2024-06-12 07:36:51,250 [893f21cf-1739-427a-a93c-5929db1902c5-groupManagement] INFO  server.RaftServerConfigKeys (ConfUtils.java:logGet(46)) - raft.server.log.purge.preservation.log.num = 0 (default)
2024-06-12 07:36:51,251 [893f21cf-1739-427a-a93c-5929db1902c5-groupManagement] INFO  server.RaftServerConfigKeys (ConfUtils.java:logGet(46)) - raft.server.log.segment.size.max = 67108864 (custom)
2024-06-12 07:36:51,251 [893f21cf-1739-427a-a93c-5929db1902c5-groupManagement] INFO  server.RaftServerConfigKeys (ConfUtils.java:logGet(46)) - raft.server.log.segment.cache.num.max = 2 (custom)
2024-06-12 07:36:51,251 [893f21cf-1739-427a-a93c-5929db1902c5-groupManagement] INFO  server.RaftServerConfigKeys (ConfUtils.java:logGet(46)) - raft.server.log.segment.cache.size.max = 200MB (=209715200) (default)
2024-06-12 07:36:51,251 [893f21cf-1739-427a-a93c-5929db1902c5-groupManagement] INFO  server.RaftServerConfigKeys (ConfUtils.java:logGet(46)) - raft.server.log.appender.buffer.byte-limit = 8388608 (custom)
2024-06-12 07:36:51,253 [EventQueue-OpenPipelineForHealthyPipelineSafeModeRule] INFO  safemode.SCMSafeModeManager (HealthyPipelineSafeModeRule.java:process(140)) - SCM in safe mode. Healthy pipelines reported count is 0, required healthy pipeline reported count is 1
2024-06-12 07:36:51,253 [8c3b1af4-43ff-4c22-ad10-b37d9e41628a-groupManagement] INFO  server.RaftServer$Division (RaftServerImpl.java:start(396)) - 8c3b1af4-43ff-4c22-ad10-b37d9e41628a@group-CB34C1DA6ED0: start as a follower, conf=-1: peers:[893f21cf-1739-427a-a93c-5929db1902c5|127.0.0.1:15121, 86e236ad-53d7-40fc-9454-d100b30595d4|127.0.0.1:15112, 8c3b1af4-43ff-4c22-ad10-b37d9e41628a|127.0.0.1:15130]|listeners:[], old=null
2024-06-12 07:36:51,253 [8c3b1af4-43ff-4c22-ad10-b37d9e41628a-groupManagement] INFO  server.RaftServer$Division (RaftServerImpl.java:setRole(383)) - 8c3b1af4-43ff-4c22-ad10-b37d9e41628a@group-CB34C1DA6ED0: changes role from      null to FOLLOWER at term 0 for startAsFollower
2024-06-12 07:36:51,253 [8c3b1af4-43ff-4c22-ad10-b37d9e41628a-groupManagement] INFO  impl.RoleInfo (RoleInfo.java:updateAndGet(139)) - 8c3b1af4-43ff-4c22-ad10-b37d9e41628a: start 8c3b1af4-43ff-4c22-ad10-b37d9e41628a@group-CB34C1DA6ED0-FollowerState
2024-06-12 07:36:51,254 [6f841693-a0f5-4238-8e94-5d49f60504b4-PipelineCommandHandlerThread-0] INFO  server.RaftServer (RaftServerProxy.java:addNew(100)) - 6f841693-a0f5-4238-8e94-5d49f60504b4: addNew group-C88D29D2180A:[6f841693-a0f5-4238-8e94-5d49f60504b4|127.0.0.1:15139] returns group-C88D29D2180A:java.util.concurrent.CompletableFuture@4df0369[Not completed]
2024-06-12 07:36:51,254 [893f21cf-1739-427a-a93c-5929db1902c5-groupManagement] INFO  util.AwaitToRun (AwaitToRun.java:start(81)) - Thread[893f21cf-1739-427a-a93c-5929db1902c5@group-CB34C1DA6ED0-cacheEviction-AwaitToRun,5,main] started
2024-06-12 07:36:51,255 [893f21cf-1739-427a-a93c-5929db1902c5-groupManagement] INFO  segmented.SegmentedRaftLogWorker (SegmentedRaftLogWorker.java:<init>(182)) - new 893f21cf-1739-427a-a93c-5929db1902c5@group-CB34C1DA6ED0-SegmentedRaftLogWorker for RaftStorageImpl:Storage Directory /home/runner/work/ozone/ozone/hadoop-ozone/integration-test/target/test-dir/MiniOzoneClusterImpl-63f03bc8-0399-4ce2-9c43-ca6ad8c463d8/ozone-meta/datanode-2/ratis/6eb71243-7091-4c40-8083-cb34c1da6ed0
2024-06-12 07:36:51,255 [893f21cf-1739-427a-a93c-5929db1902c5-groupManagement] INFO  server.RaftServerConfigKeys (ConfUtils.java:logGet(46)) - raft.server.log.queue.byte-limit = 4294967296 (custom)
2024-06-12 07:36:51,255 [893f21cf-1739-427a-a93c-5929db1902c5-groupManagement] INFO  server.RaftServerConfigKeys (ConfUtils.java:logGet(46)) - raft.server.log.queue.element-limit = 1024 (custom)
2024-06-12 07:36:51,255 [893f21cf-1739-427a-a93c-5929db1902c5-groupManagement] INFO  server.RaftServerConfigKeys (ConfUtils.java:logGet(46)) - raft.server.log.segment.size.max = 67108864 (custom)
2024-06-12 07:36:51,255 [893f21cf-1739-427a-a93c-5929db1902c5-groupManagement] INFO  server.RaftServerConfigKeys (ConfUtils.java:logGet(46)) - raft.server.log.preallocated.size = 4194304 (custom)
2024-06-12 07:36:51,255 [893f21cf-1739-427a-a93c-5929db1902c5-groupManagement] INFO  server.RaftServerConfigKeys (ConfUtils.java:logGet(46)) - raft.server.log.force.sync.num = 128 (default)
2024-06-12 07:36:51,255 [893f21cf-1739-427a-a93c-5929db1902c5-groupManagement] INFO  server.RaftServerConfigKeys (ConfUtils.java:logGet(46)) - raft.server.log.statemachine.data.sync = true (default)
2024-06-12 07:36:51,255 [893f21cf-1739-427a-a93c-5929db1902c5-groupManagement] INFO  server.RaftServerConfigKeys (ConfUtils.java:logGet(46)) - raft.server.log.statemachine.data.sync.timeout = 10s (default)
2024-06-12 07:36:51,255 [893f21cf-1739-427a-a93c-5929db1902c5-groupManagement] INFO  server.RaftServerConfigKeys (ConfUtils.java:logGet(46)) - raft.server.log.statemachine.data.sync.timeout.retry = 30 (custom)
2024-06-12 07:36:51,255 [893f21cf-1739-427a-a93c-5929db1902c5-groupManagement] INFO  server.RaftServerConfigKeys (ConfUtils.java:logGet(46)) - raft.server.log.write.buffer.size = 8388616 (custom)
2024-06-12 07:36:51,257 [6f841693-a0f5-4238-8e94-5d49f60504b4-groupManagement] INFO  server.RaftServer$Division (RaftServerImpl.java:<init>(256)) - 6f841693-a0f5-4238-8e94-5d49f60504b4: new RaftServerImpl for group-C88D29D2180A:[6f841693-a0f5-4238-8e94-5d49f60504b4|127.0.0.1:15139] with ContainerStateMachine:uninitialized
2024-06-12 07:36:51,257 [6f841693-a0f5-4238-8e94-5d49f60504b4-groupManagement] INFO  server.RaftServerConfigKeys (ConfUtils.java:logGet(46)) - raft.server.rpc.timeout.min = 1s (custom)
2024-06-12 07:36:51,257 [6f841693-a0f5-4238-8e94-5d49f60504b4-groupManagement] INFO  server.RaftServerConfigKeys (ConfUtils.java:logGet(46)) - raft.server.rpc.timeout.max = 1200ms (custom)
2024-06-12 07:36:51,258 [6f841693-a0f5-4238-8e94-5d49f60504b4-groupManagement] INFO  server.RaftServerConfigKeys (ConfUtils.java:logGet(46)) - raft.server.rpc.sleep.time = 25ms (default)
2024-06-12 07:36:51,258 [893f21cf-1739-427a-a93c-5929db1902c5-groupManagement] INFO  server.RaftServerConfigKeys (ConfUtils.java:logGet(46)) - raft.server.log.appender.buffer.byte-limit = 8388608 (custom)
2024-06-12 07:36:51,258 [893f21cf-1739-427a-a93c-5929db1902c5-groupManagement] INFO  server.RaftServerConfigKeys (ConfUtils.java:logGet(46)) - raft.server.log.unsafe-flush.enabled = false (default)
2024-06-12 07:36:51,258 [893f21cf-1739-427a-a93c-5929db1902c5-groupManagement] INFO  server.RaftServerConfigKeys (ConfUtils.java:logGet(46)) - raft.server.log.async-flush.enabled = false (default)
2024-06-12 07:36:51,258 [893f21cf-1739-427a-a93c-5929db1902c5-groupManagement] INFO  server.RaftServerConfigKeys (ConfUtils.java:logGet(46)) - raft.server.log.statemachine.data.caching.enabled = true (custom)
2024-06-12 07:36:51,258 [893f21cf-1739-427a-a93c-5929db1902c5-groupManagement] INFO  segmented.SegmentedRaftLogWorker (SegmentedRaftLogWorker.java:lambda$new$0(134)) - 893f21cf-1739-427a-a93c-5929db1902c5@group-CB34C1DA6ED0-SegmentedRaftLogWorker: flushIndex: setUnconditionally 0 -> -1
2024-06-12 07:36:51,259 [893f21cf-1739-427a-a93c-5929db1902c5-groupManagement] INFO  segmented.SegmentedRaftLogWorker (SegmentedRaftLogWorker.java:lambda$new$0(134)) - 893f21cf-1739-427a-a93c-5929db1902c5@group-CB34C1DA6ED0-SegmentedRaftLogWorker: safeCacheEvictIndex: setUnconditionally 0 -> -1
2024-06-12 07:36:51,259 [893f21cf-1739-427a-a93c-5929db1902c5-groupManagement] INFO  server.RaftServer$Division (RaftServerImpl.java:start(396)) - 893f21cf-1739-427a-a93c-5929db1902c5@group-CB34C1DA6ED0: start as a follower, conf=-1: peers:[893f21cf-1739-427a-a93c-5929db1902c5|127.0.0.1:15121, 86e236ad-53d7-40fc-9454-d100b30595d4|127.0.0.1:15112, 8c3b1af4-43ff-4c22-ad10-b37d9e41628a|127.0.0.1:15130]|listeners:[], old=null
2024-06-12 07:36:51,259 [893f21cf-1739-427a-a93c-5929db1902c5-groupManagement] INFO  server.RaftServer$Division (RaftServerImpl.java:setRole(383)) - 893f21cf-1739-427a-a93c-5929db1902c5@group-CB34C1DA6ED0: changes role from      null to FOLLOWER at term 0 for startAsFollower
2024-06-12 07:36:51,259 [893f21cf-1739-427a-a93c-5929db1902c5-groupManagement] INFO  impl.RoleInfo (RoleInfo.java:updateAndGet(139)) - 893f21cf-1739-427a-a93c-5929db1902c5: start 893f21cf-1739-427a-a93c-5929db1902c5@group-CB34C1DA6ED0-FollowerState
2024-06-12 07:36:51,259 [893f21cf-1739-427a-a93c-5929db1902c5-groupManagement] INFO  util.JmxRegister (JmxRegister.java:tryRegister(44)) - Successfully registered JMX Bean with object name Ratis:service=RaftServer,group=group-CB34C1DA6ED0,id=893f21cf-1739-427a-a93c-5929db1902c5
2024-06-12 07:36:51,259 [893f21cf-1739-427a-a93c-5929db1902c5-groupManagement] INFO  server.RaftServerConfigKeys (ConfUtils.java:logGet(46)) - raft.server.snapshot.trigger-when-stop.enabled = true (default)
2024-06-12 07:36:51,259 [893f21cf-1739-427a-a93c-5929db1902c5-groupManagement] INFO  server.RaftServerConfigKeys (ConfUtils.java:logGet(46)) - raft.server.snapshot.auto.trigger.enabled = true (custom)
2024-06-12 07:36:51,259 [893f21cf-1739-427a-a93c-5929db1902c5-groupManagement] INFO  server.RaftServerConfigKeys (ConfUtils.java:logGet(46)) - raft.server.snapshot.auto.trigger.threshold = 10000 (custom)
2024-06-12 07:36:51,259 [893f21cf-1739-427a-a93c-5929db1902c5-groupManagement] INFO  server.RaftServerConfigKeys (ConfUtils.java:logGet(46)) - raft.server.snapshot.retention.file.num = 5 (custom)
2024-06-12 07:36:51,259 [893f21cf-1739-427a-a93c-5929db1902c5-groupManagement] INFO  server.RaftServerConfigKeys (ConfUtils.java:logGet(46)) - raft.server.log.purge.upto.snapshot.index = false (default)
2024-06-12 07:36:51,258 [6f841693-a0f5-4238-8e94-5d49f60504b4-groupManagement] INFO  server.RaftServerConfigKeys (ConfUtils.java:logGet(46)) - raft.server.rpc.slowness.timeout = 300000ms (custom)
2024-06-12 07:36:51,258 [8c3b1af4-43ff-4c22-ad10-b37d9e41628a@group-CB34C1DA6ED0-FollowerState] INFO  server.RaftServerConfigKeys (ConfUtils.java:logFallback(53)) - raft.server.rpc.first-election.timeout.min = 1s (fallback to raft.server.rpc.timeout.min)
2024-06-12 07:36:51,261 [8c3b1af4-43ff-4c22-ad10-b37d9e41628a@group-CB34C1DA6ED0-FollowerState] INFO  server.RaftServerConfigKeys (ConfUtils.java:logFallback(53)) - raft.server.rpc.first-election.timeout.max = 1200ms (fallback to raft.server.rpc.timeout.max)
2024-06-12 07:36:51,258 [8c3b1af4-43ff-4c22-ad10-b37d9e41628a-groupManagement] INFO  util.JmxRegister (JmxRegister.java:tryRegister(44)) - Successfully registered JMX Bean with object name Ratis:service=RaftServer,group=group-CB34C1DA6ED0,id=8c3b1af4-43ff-4c22-ad10-b37d9e41628a
2024-06-12 07:36:51,261 [8c3b1af4-43ff-4c22-ad10-b37d9e41628a-groupManagement] INFO  server.RaftServerConfigKeys (ConfUtils.java:logGet(46)) - raft.server.snapshot.trigger-when-stop.enabled = true (default)
2024-06-12 07:36:51,261 [8c3b1af4-43ff-4c22-ad10-b37d9e41628a-groupManagement] INFO  server.RaftServerConfigKeys (ConfUtils.java:logGet(46)) - raft.server.snapshot.auto.trigger.enabled = true (custom)
2024-06-12 07:36:51,261 [8c3b1af4-43ff-4c22-ad10-b37d9e41628a-groupManagement] INFO  server.RaftServerConfigKeys (ConfUtils.java:logGet(46)) - raft.server.snapshot.auto.trigger.threshold = 10000 (custom)
2024-06-12 07:36:51,261 [8c3b1af4-43ff-4c22-ad10-b37d9e41628a-groupManagement] INFO  server.RaftServerConfigKeys (ConfUtils.java:logGet(46)) - raft.server.snapshot.retention.file.num = 5 (custom)
2024-06-12 07:36:51,261 [8c3b1af4-43ff-4c22-ad10-b37d9e41628a-groupManagement] INFO  server.RaftServerConfigKeys (ConfUtils.java:logGet(46)) - raft.server.log.purge.upto.snapshot.index = false (default)
2024-06-12 07:36:51,262 [6f841693-a0f5-4238-8e94-5d49f60504b4-groupManagement] INFO  server.RaftServerConfigKeys (ConfUtils.java:logGet(46)) - raft.server.leaderelection.leader.step-down.wait-time = 10s (default)
2024-06-12 07:36:51,262 [6f841693-a0f5-4238-8e94-5d49f60504b4-groupManagement] INFO  server.RaftServerConfigKeys (ConfUtils.java:logGet(46)) - raft.server.leaderelection.member.majority-add = false (default)
2024-06-12 07:36:51,262 [6f841693-a0f5-4238-8e94-5d49f60504b4-groupManagement] INFO  server.RaftServerConfigKeys (ConfUtils.java:logGet(46)) - raft.server.sleep.deviation.threshold = 300ms (default)
2024-06-12 07:36:51,262 [6f841693-a0f5-4238-8e94-5d49f60504b4-groupManagement] INFO  server.RaftServer$Division (ServerState.java:<init>(113)) - 6f841693-a0f5-4238-8e94-5d49f60504b4@group-C88D29D2180A: ConfigurationManager, init=-1: peers:[6f841693-a0f5-4238-8e94-5d49f60504b4|127.0.0.1:15139]|listeners:[], old=null, confs=<EMPTY_MAP>
2024-06-12 07:36:51,262 [6f841693-a0f5-4238-8e94-5d49f60504b4-groupManagement] INFO  server.RaftServerConfigKeys (ConfUtils.java:logGet(46)) - raft.server.notification.no-leader.timeout = 300000ms (custom)
2024-06-12 07:36:51,262 [6f841693-a0f5-4238-8e94-5d49f60504b4-groupManagement] INFO  server.RaftServerConfigKeys (ConfUtils.java:logGet(46)) - raft.server.read.timeout = 10s (default)
2024-06-12 07:36:51,262 [6f841693-a0f5-4238-8e94-5d49f60504b4-groupManagement] INFO  server.RaftServerConfigKeys (ConfUtils.java:logGet(46)) - raft.server.retrycache.expirytime = 600000ms (custom)
2024-06-12 07:36:51,262 [6f841693-a0f5-4238-8e94-5d49f60504b4-groupManagement] INFO  server.RaftServerConfigKeys (ConfUtils.java:logGet(46)) - raft.server.retrycache.statistics.expirytime = 100ms (default)
2024-06-12 07:36:51,262 [6f841693-a0f5-4238-8e94-5d49f60504b4-groupManagement] INFO  server.RaftServerConfigKeys (ConfUtils.java:logGet(46)) - raft.server.read.option = DEFAULT (default)
2024-06-12 07:36:51,262 [6f841693-a0f5-4238-8e94-5d49f60504b4-groupManagement] INFO  server.RaftServerConfigKeys (ConfUtils.java:logGet(46)) - raft.server.read.read-after-write-consistent.write-index-cache.expiry-time = 60s (default)
2024-06-12 07:36:51,260 [893f21cf-1739-427a-a93c-5929db1902c5@group-CB34C1DA6ED0-FollowerState] INFO  server.RaftServerConfigKeys (ConfUtils.java:logFallback(53)) - raft.server.rpc.first-election.timeout.min = 1s (fallback to raft.server.rpc.timeout.min)
2024-06-12 07:36:51,263 [893f21cf-1739-427a-a93c-5929db1902c5@group-CB34C1DA6ED0-FollowerState] INFO  server.RaftServerConfigKeys (ConfUtils.java:logFallback(53)) - raft.server.rpc.first-election.timeout.max = 1200ms (fallback to raft.server.rpc.timeout.max)
2024-06-12 07:36:51,265 [6f841693-a0f5-4238-8e94-5d49f60504b4-groupManagement] INFO  server.RaftServerConfigKeys (ConfUtils.java:logGet(46)) - raft.server.rpc.request.timeout = 3000ms (default)
2024-06-12 07:36:51,265 [6f841693-a0f5-4238-8e94-5d49f60504b4-groupManagement] INFO  server.RaftServerConfigKeys (ConfUtils.java:logGet(46)) - raft.server.log.appender.install.snapshot.enabled = false (custom)
2024-06-12 07:36:51,265 [6f841693-a0f5-4238-8e94-5d49f60504b4-groupManagement] INFO  server.RaftServerConfigKeys (ConfUtils.java:logGet(46)) - raft.server.threadpool.server.cached = true (default)
2024-06-12 07:36:51,265 [6f841693-a0f5-4238-8e94-5d49f60504b4-groupManagement] INFO  server.RaftServerConfigKeys (ConfUtils.java:logGet(46)) - raft.server.threadpool.server.size = 0 (default)
2024-06-12 07:36:51,265 [6f841693-a0f5-4238-8e94-5d49f60504b4-groupManagement] INFO  server.RaftServerConfigKeys (ConfUtils.java:logGet(46)) - raft.server.threadpool.client.cached = true (default)
2024-06-12 07:36:51,265 [6f841693-a0f5-4238-8e94-5d49f60504b4-groupManagement] INFO  server.RaftServerConfigKeys (ConfUtils.java:logGet(46)) - raft.server.threadpool.client.size = 0 (default)
2024-06-12 07:36:51,265 [6f841693-a0f5-4238-8e94-5d49f60504b4-groupManagement] INFO  server.RaftServerConfigKeys (ConfUtils.java:logGet(46)) - raft.server.storage.free-space.min = 0MB (=0) (default)
2024-06-12 07:36:51,265 [6f841693-a0f5-4238-8e94-5d49f60504b4-groupManagement] INFO  server.RaftServerConfigKeys (ConfUtils.java:logGet(46)) - raft.server.log.corruption.policy = EXCEPTION (default)
2024-06-12 07:36:51,265 [6f841693-a0f5-4238-8e94-5d49f60504b4-groupManagement] INFO  server.RaftServerConfigKeys (ConfUtils.java:logGet(46)) - raft.server.storage.dir = [/home/runner/work/ozone/ozone/hadoop-ozone/integration-test/target/test-dir/MiniOzoneClusterImpl-63f03bc8-0399-4ce2-9c43-ca6ad8c463d8/ozone-meta/datanode-4/ratis] (custom)
2024-06-12 07:36:51,265 [6f841693-a0f5-4238-8e94-5d49f60504b4-groupManagement] INFO  storage.RaftStorageDirectory (RaftStorageDirectoryImpl.java:analyzeStorage(138)) - The storage directory /home/runner/work/ozone/ozone/hadoop-ozone/integration-test/target/test-dir/MiniOzoneClusterImpl-63f03bc8-0399-4ce2-9c43-ca6ad8c463d8/ozone-meta/datanode-4/ratis/d1e616b0-b988-4dca-b8d3-c88d29d2180a does not exist. Creating ...
2024-06-12 07:36:51,266 [6f841693-a0f5-4238-8e94-5d49f60504b4-groupManagement] INFO  storage.RaftStorageDirectory (RaftStorageDirectoryImpl.java:tryLock(228)) - Lock on /home/runner/work/ozone/ozone/hadoop-ozone/integration-test/target/test-dir/MiniOzoneClusterImpl-63f03bc8-0399-4ce2-9c43-ca6ad8c463d8/ozone-meta/datanode-4/ratis/d1e616b0-b988-4dca-b8d3-c88d29d2180a/in_use.lock acquired by nodename 34952@fv-az1443-254
2024-06-12 07:36:51,267 [6f841693-a0f5-4238-8e94-5d49f60504b4-groupManagement] INFO  storage.RaftStorage (RaftStorageImpl.java:format(99)) - Storage directory /home/runner/work/ozone/ozone/hadoop-ozone/integration-test/target/test-dir/MiniOzoneClusterImpl-63f03bc8-0399-4ce2-9c43-ca6ad8c463d8/ozone-meta/datanode-4/ratis/d1e616b0-b988-4dca-b8d3-c88d29d2180a has been successfully formatted.
2024-06-12 07:36:51,268 [6f841693-a0f5-4238-8e94-5d49f60504b4-groupManagement] WARN  util.FileUtils (LogUtils.java:supplyAndLog(63)) - Failed to Files.newInputStream /home/runner/work/ozone/ozone/hadoop-ozone/integration-test/target/test-dir/MiniOzoneClusterImpl-63f03bc8-0399-4ce2-9c43-ca6ad8c463d8/ozone-meta/datanode-4/ratis/d1e616b0-b988-4dca-b8d3-c88d29d2180a/current/raft-meta.conf with options []: java.nio.file.NoSuchFileException: /home/runner/work/ozone/ozone/hadoop-ozone/integration-test/target/test-dir/MiniOzoneClusterImpl-63f03bc8-0399-4ce2-9c43-ca6ad8c463d8/ozone-meta/datanode-4/ratis/d1e616b0-b988-4dca-b8d3-c88d29d2180a/current/raft-meta.conf
2024-06-12 07:36:51,270 [EventQueue-PipelineReportForPipelineReportHandler] INFO  pipeline.PipelineReportHandler (PipelineReportHandler.java:processPipelineReport(136)) - Opened pipeline PipelineID=d1e616b0-b988-4dca-b8d3-c88d29d2180a
2024-06-12 07:36:51,270 [EventQueue-OpenPipelineForHealthyPipelineSafeModeRule] INFO  safemode.SCMSafeModeManager (HealthyPipelineSafeModeRule.java:process(140)) - SCM in safe mode. Healthy pipelines reported count is 0, required healthy pipeline reported count is 1
2024-06-12 07:36:51,271 [6f841693-a0f5-4238-8e94-5d49f60504b4-groupManagement] INFO  ratis.ContainerStateMachine (ContainerStateMachine.java:loadSnapshot(287)) - group-C88D29D2180A: The snapshot info is null. Setting the last applied index to:(t:0, i:~)
2024-06-12 07:36:51,271 [6f841693-a0f5-4238-8e94-5d49f60504b4-groupManagement] INFO  server.RaftServerConfigKeys (ConfUtils.java:logGet(46)) - raft.server.log.use.memory = false (default)
2024-06-12 07:36:51,271 [6f841693-a0f5-4238-8e94-5d49f60504b4-groupManagement] INFO  server.RaftServerConfigKeys (ConfUtils.java:logGet(46)) - raft.server.log.purge.gap = 1000000 (custom)
2024-06-12 07:36:51,271 [86e236ad-53d7-40fc-9454-d100b30595d4-PipelineCommandHandlerThread-0] INFO  commandhandler.CreatePipelineCommandHandler (CreatePipelineCommandHandler.java:lambda$handle$2(124)) - Created Pipeline RATIS THREE PipelineID=6eb71243-7091-4c40-8083-cb34c1da6ed0.
2024-06-12 07:36:51,271 [6f841693-a0f5-4238-8e94-5d49f60504b4-groupManagement] INFO  server.RaftServerConfigKeys (ConfUtils.java:logGet(46)) - raft.server.log.appender.buffer.byte-limit = 8388608 (custom)
2024-06-12 07:36:51,271 [6f841693-a0f5-4238-8e94-5d49f60504b4-groupManagement] INFO  server.RaftServerConfigKeys (ConfUtils.java:logGet(46)) - raft.server.log.statemachine.data.read.timeout = 1000ms (default)
2024-06-12 07:36:51,271 [6f841693-a0f5-4238-8e94-5d49f60504b4-groupManagement] INFO  server.RaftServerConfigKeys (ConfUtils.java:logGet(46)) - raft.server.log.purge.preservation.log.num = 0 (default)
2024-06-12 07:36:51,272 [6f841693-a0f5-4238-8e94-5d49f60504b4-groupManagement] INFO  server.RaftServerConfigKeys (ConfUtils.java:logGet(46)) - raft.server.log.segment.size.max = 67108864 (custom)
2024-06-12 07:36:51,273 [6f841693-a0f5-4238-8e94-5d49f60504b4-groupManagement] INFO  server.RaftServerConfigKeys (ConfUtils.java:logGet(46)) - raft.server.log.segment.cache.num.max = 2 (custom)
2024-06-12 07:36:51,273 [6f841693-a0f5-4238-8e94-5d49f60504b4-groupManagement] INFO  server.RaftServerConfigKeys (ConfUtils.java:logGet(46)) - raft.server.log.segment.cache.size.max = 200MB (=209715200) (default)
2024-06-12 07:36:51,273 [6f841693-a0f5-4238-8e94-5d49f60504b4-groupManagement] INFO  server.RaftServerConfigKeys (ConfUtils.java:logGet(46)) - raft.server.log.appender.buffer.byte-limit = 8388608 (custom)
2024-06-12 07:36:51,273 [8c3b1af4-43ff-4c22-ad10-b37d9e41628a-PipelineCommandHandlerThread-0] INFO  ratis.XceiverServerRatis (XceiverServerRatis.java:addGroup(864)) - Created group PipelineID=6eb71243-7091-4c40-8083-cb34c1da6ed0
2024-06-12 07:36:51,283 [6f841693-a0f5-4238-8e94-5d49f60504b4-groupManagement] INFO  util.AwaitToRun (AwaitToRun.java:start(81)) - Thread[6f841693-a0f5-4238-8e94-5d49f60504b4@group-C88D29D2180A-cacheEviction-AwaitToRun,5,main] started
2024-06-12 07:36:51,283 [6f841693-a0f5-4238-8e94-5d49f60504b4-groupManagement] INFO  segmented.SegmentedRaftLogWorker (SegmentedRaftLogWorker.java:<init>(182)) - new 6f841693-a0f5-4238-8e94-5d49f60504b4@group-C88D29D2180A-SegmentedRaftLogWorker for RaftStorageImpl:Storage Directory /home/runner/work/ozone/ozone/hadoop-ozone/integration-test/target/test-dir/MiniOzoneClusterImpl-63f03bc8-0399-4ce2-9c43-ca6ad8c463d8/ozone-meta/datanode-4/ratis/d1e616b0-b988-4dca-b8d3-c88d29d2180a
2024-06-12 07:36:51,283 [6f841693-a0f5-4238-8e94-5d49f60504b4-groupManagement] INFO  server.RaftServerConfigKeys (ConfUtils.java:logGet(46)) - raft.server.log.queue.byte-limit = 4294967296 (custom)
2024-06-12 07:36:51,283 [6f841693-a0f5-4238-8e94-5d49f60504b4-groupManagement] INFO  server.RaftServerConfigKeys (ConfUtils.java:logGet(46)) - raft.server.log.queue.element-limit = 1024 (custom)
2024-06-12 07:36:51,283 [6f841693-a0f5-4238-8e94-5d49f60504b4-groupManagement] INFO  server.RaftServerConfigKeys (ConfUtils.java:logGet(46)) - raft.server.log.segment.size.max = 67108864 (custom)
2024-06-12 07:36:51,283 [6f841693-a0f5-4238-8e94-5d49f60504b4-groupManagement] INFO  server.RaftServerConfigKeys (ConfUtils.java:logGet(46)) - raft.server.log.preallocated.size = 4194304 (custom)
2024-06-12 07:36:51,283 [6f841693-a0f5-4238-8e94-5d49f60504b4-groupManagement] INFO  server.RaftServerConfigKeys (ConfUtils.java:logGet(46)) - raft.server.log.force.sync.num = 128 (default)
2024-06-12 07:36:51,283 [6f841693-a0f5-4238-8e94-5d49f60504b4-groupManagement] INFO  server.RaftServerConfigKeys (ConfUtils.java:logGet(46)) - raft.server.log.statemachine.data.sync = true (default)
2024-06-12 07:36:51,283 [6f841693-a0f5-4238-8e94-5d49f60504b4-groupManagement] INFO  server.RaftServerConfigKeys (ConfUtils.java:logGet(46)) - raft.server.log.statemachine.data.sync.timeout = 10s (default)
2024-06-12 07:36:51,283 [6f841693-a0f5-4238-8e94-5d49f60504b4-groupManagement] INFO  server.RaftServerConfigKeys (ConfUtils.java:logGet(46)) - raft.server.log.statemachine.data.sync.timeout.retry = 30 (custom)
2024-06-12 07:36:51,283 [6f841693-a0f5-4238-8e94-5d49f60504b4-groupManagement] INFO  server.RaftServerConfigKeys (ConfUtils.java:logGet(46)) - raft.server.log.write.buffer.size = 8388616 (custom)
2024-06-12 07:36:51,285 [6f841693-a0f5-4238-8e94-5d49f60504b4-groupManagement] INFO  server.RaftServerConfigKeys (ConfUtils.java:logGet(46)) - raft.server.log.appender.buffer.byte-limit = 8388608 (custom)
2024-06-12 07:36:51,286 [6f841693-a0f5-4238-8e94-5d49f60504b4-groupManagement] INFO  server.RaftServerConfigKeys (ConfUtils.java:logGet(46)) - raft.server.log.unsafe-flush.enabled = false (default)
2024-06-12 07:36:51,286 [6f841693-a0f5-4238-8e94-5d49f60504b4-groupManagement] INFO  server.RaftServerConfigKeys (ConfUtils.java:logGet(46)) - raft.server.log.async-flush.enabled = false (default)
2024-06-12 07:36:51,286 [6f841693-a0f5-4238-8e94-5d49f60504b4-groupManagement] INFO  server.RaftServerConfigKeys (ConfUtils.java:logGet(46)) - raft.server.log.statemachine.data.caching.enabled = true (custom)
2024-06-12 07:36:51,286 [6f841693-a0f5-4238-8e94-5d49f60504b4-groupManagement] INFO  segmented.SegmentedRaftLogWorker (SegmentedRaftLogWorker.java:lambda$new$0(134)) - 6f841693-a0f5-4238-8e94-5d49f60504b4@group-C88D29D2180A-SegmentedRaftLogWorker: flushIndex: setUnconditionally 0 -> -1
2024-06-12 07:36:51,286 [6f841693-a0f5-4238-8e94-5d49f60504b4-groupManagement] INFO  segmented.SegmentedRaftLogWorker (SegmentedRaftLogWorker.java:lambda$new$0(134)) - 6f841693-a0f5-4238-8e94-5d49f60504b4@group-C88D29D2180A-SegmentedRaftLogWorker: safeCacheEvictIndex: setUnconditionally 0 -> -1
2024-06-12 07:36:51,293 [6f841693-a0f5-4238-8e94-5d49f60504b4-groupManagement] INFO  server.RaftServer$Division (RaftServerImpl.java:start(396)) - 6f841693-a0f5-4238-8e94-5d49f60504b4@group-C88D29D2180A: start as a follower, conf=-1: peers:[6f841693-a0f5-4238-8e94-5d49f60504b4|127.0.0.1:15139]|listeners:[], old=null
2024-06-12 07:36:51,293 [6f841693-a0f5-4238-8e94-5d49f60504b4-groupManagement] INFO  server.RaftServer$Division (RaftServerImpl.java:setRole(383)) - 6f841693-a0f5-4238-8e94-5d49f60504b4@group-C88D29D2180A: changes role from      null to FOLLOWER at term 0 for startAsFollower
2024-06-12 07:36:51,293 [6f841693-a0f5-4238-8e94-5d49f60504b4-groupManagement] INFO  impl.RoleInfo (RoleInfo.java:updateAndGet(139)) - 6f841693-a0f5-4238-8e94-5d49f60504b4: start 6f841693-a0f5-4238-8e94-5d49f60504b4@group-C88D29D2180A-FollowerState
2024-06-12 07:36:51,294 [6f841693-a0f5-4238-8e94-5d49f60504b4-groupManagement] INFO  util.JmxRegister (JmxRegister.java:tryRegister(44)) - Successfully registered JMX Bean with object name Ratis:service=RaftServer,group=group-C88D29D2180A,id=6f841693-a0f5-4238-8e94-5d49f60504b4
2024-06-12 07:36:51,294 [6f841693-a0f5-4238-8e94-5d49f60504b4-groupManagement] INFO  server.RaftServerConfigKeys (ConfUtils.java:logGet(46)) - raft.server.snapshot.trigger-when-stop.enabled = true (default)
2024-06-12 07:36:51,294 [6f841693-a0f5-4238-8e94-5d49f60504b4-groupManagement] INFO  server.RaftServerConfigKeys (ConfUtils.java:logGet(46)) - raft.server.snapshot.auto.trigger.enabled = true (custom)
2024-06-12 07:36:51,294 [6f841693-a0f5-4238-8e94-5d49f60504b4-groupManagement] INFO  server.RaftServerConfigKeys (ConfUtils.java:logGet(46)) - raft.server.snapshot.auto.trigger.threshold = 10000 (custom)
2024-06-12 07:36:51,294 [6f841693-a0f5-4238-8e94-5d49f60504b4-groupManagement] INFO  server.RaftServerConfigKeys (ConfUtils.java:logGet(46)) - raft.server.snapshot.retention.file.num = 5 (custom)
2024-06-12 07:36:51,294 [6f841693-a0f5-4238-8e94-5d49f60504b4-groupManagement] INFO  server.RaftServerConfigKeys (ConfUtils.java:logGet(46)) - raft.server.log.purge.upto.snapshot.index = false (default)
2024-06-12 07:36:51,294 [6f841693-a0f5-4238-8e94-5d49f60504b4@group-C88D29D2180A-FollowerState] INFO  server.RaftServerConfigKeys (ConfUtils.java:logFallback(53)) - raft.server.rpc.first-election.timeout.min = 1s (fallback to raft.server.rpc.timeout.min)
2024-06-12 07:36:51,295 [6f841693-a0f5-4238-8e94-5d49f60504b4@group-C88D29D2180A-FollowerState] INFO  server.RaftServerConfigKeys (ConfUtils.java:logFallback(53)) - raft.server.rpc.first-election.timeout.max = 1200ms (fallback to raft.server.rpc.timeout.max)
2024-06-12 07:36:51,295 [6f841693-a0f5-4238-8e94-5d49f60504b4-PipelineCommandHandlerThread-0] INFO  ratis.XceiverServerRatis (XceiverServerRatis.java:addGroup(864)) - Created group PipelineID=d1e616b0-b988-4dca-b8d3-c88d29d2180a
2024-06-12 07:36:51,295 [6f841693-a0f5-4238-8e94-5d49f60504b4-PipelineCommandHandlerThread-0] INFO  commandhandler.CreatePipelineCommandHandler (CreatePipelineCommandHandler.java:lambda$handle$2(124)) - Created Pipeline RATIS ONE PipelineID=d1e616b0-b988-4dca-b8d3-c88d29d2180a.
2024-06-12 07:36:51,296 [6f841693-a0f5-4238-8e94-5d49f60504b4-PipelineCommandHandlerThread-0] INFO  server.RaftServer (RaftServerProxy.java:addNew(100)) - 6f841693-a0f5-4238-8e94-5d49f60504b4: addNew group-A20483CAC47C:[6f841693-a0f5-4238-8e94-5d49f60504b4|127.0.0.1:15139, 29194895-a428-4dbc-89d8-767dd839d7c3|127.0.0.1:15157, ac495114-8bb8-4dac-b10f-46951d6cb650|127.0.0.1:15148] returns group-A20483CAC47C:java.util.concurrent.CompletableFuture@e0872a[Not completed]
2024-06-12 07:36:51,297 [6f841693-a0f5-4238-8e94-5d49f60504b4-groupManagement] INFO  server.RaftServer$Division (RaftServerImpl.java:<init>(256)) - 6f841693-a0f5-4238-8e94-5d49f60504b4: new RaftServerImpl for group-A20483CAC47C:[6f841693-a0f5-4238-8e94-5d49f60504b4|127.0.0.1:15139, 29194895-a428-4dbc-89d8-767dd839d7c3|127.0.0.1:15157, ac495114-8bb8-4dac-b10f-46951d6cb650|127.0.0.1:15148] with ContainerStateMachine:uninitialized
2024-06-12 07:36:51,297 [6f841693-a0f5-4238-8e94-5d49f60504b4-groupManagement] INFO  server.RaftServerConfigKeys (ConfUtils.java:logGet(46)) - raft.server.rpc.timeout.min = 1s (custom)
2024-06-12 07:36:51,297 [6f841693-a0f5-4238-8e94-5d49f60504b4-groupManagement] INFO  server.RaftServerConfigKeys (ConfUtils.java:logGet(46)) - raft.server.rpc.timeout.max = 1200ms (custom)
2024-06-12 07:36:51,297 [6f841693-a0f5-4238-8e94-5d49f60504b4-groupManagement] INFO  server.RaftServerConfigKeys (ConfUtils.java:logGet(46)) - raft.server.rpc.sleep.time = 25ms (default)
2024-06-12 07:36:51,297 [6f841693-a0f5-4238-8e94-5d49f60504b4-groupManagement] INFO  server.RaftServerConfigKeys (ConfUtils.java:logGet(46)) - raft.server.rpc.slowness.timeout = 300000ms (custom)
2024-06-12 07:36:51,297 [6f841693-a0f5-4238-8e94-5d49f60504b4-groupManagement] INFO  server.RaftServerConfigKeys (ConfUtils.java:logGet(46)) - raft.server.leaderelection.leader.step-down.wait-time = 10s (default)
2024-06-12 07:36:51,297 [6f841693-a0f5-4238-8e94-5d49f60504b4-groupManagement] INFO  server.RaftServerConfigKeys (ConfUtils.java:logGet(46)) - raft.server.leaderelection.member.majority-add = false (default)
2024-06-12 07:36:51,297 [6f841693-a0f5-4238-8e94-5d49f60504b4-groupManagement] INFO  server.RaftServerConfigKeys (ConfUtils.java:logGet(46)) - raft.server.sleep.deviation.threshold = 300ms (default)
2024-06-12 07:36:51,297 [6f841693-a0f5-4238-8e94-5d49f60504b4-groupManagement] INFO  server.RaftServer$Division (ServerState.java:<init>(113)) - 6f841693-a0f5-4238-8e94-5d49f60504b4@group-A20483CAC47C: ConfigurationManager, init=-1: peers:[6f841693-a0f5-4238-8e94-5d49f60504b4|127.0.0.1:15139, 29194895-a428-4dbc-89d8-767dd839d7c3|127.0.0.1:15157, ac495114-8bb8-4dac-b10f-46951d6cb650|127.0.0.1:15148]|listeners:[], old=null, confs=<EMPTY_MAP>
2024-06-12 07:36:51,297 [6f841693-a0f5-4238-8e94-5d49f60504b4-groupManagement] INFO  server.RaftServerConfigKeys (ConfUtils.java:logGet(46)) - raft.server.notification.no-leader.timeout = 300000ms (custom)
2024-06-12 07:36:51,297 [6f841693-a0f5-4238-8e94-5d49f60504b4-groupManagement] INFO  server.RaftServerConfigKeys (ConfUtils.java:logGet(46)) - raft.server.read.timeout = 10s (default)
2024-06-12 07:36:51,297 [6f841693-a0f5-4238-8e94-5d49f60504b4-groupManagement] INFO  server.RaftServerConfigKeys (ConfUtils.java:logGet(46)) - raft.server.retrycache.expirytime = 600000ms (custom)
2024-06-12 07:36:51,297 [6f841693-a0f5-4238-8e94-5d49f60504b4-groupManagement] INFO  server.RaftServerConfigKeys (ConfUtils.java:logGet(46)) - raft.server.retrycache.statistics.expirytime = 100ms (default)
2024-06-12 07:36:51,297 [6f841693-a0f5-4238-8e94-5d49f60504b4-groupManagement] INFO  server.RaftServerConfigKeys (ConfUtils.java:logGet(46)) - raft.server.read.option = DEFAULT (default)
2024-06-12 07:36:51,297 [6f841693-a0f5-4238-8e94-5d49f60504b4-groupManagement] INFO  server.RaftServerConfigKeys (ConfUtils.java:logGet(46)) - raft.server.read.read-after-write-consistent.write-index-cache.expiry-time = 60s (default)
2024-06-12 07:36:51,302 [6f841693-a0f5-4238-8e94-5d49f60504b4-groupManagement] INFO  server.RaftServerConfigKeys (ConfUtils.java:logGet(46)) - raft.server.rpc.request.timeout = 3000ms (default)
2024-06-12 07:36:51,302 [6f841693-a0f5-4238-8e94-5d49f60504b4-groupManagement] INFO  server.RaftServerConfigKeys (ConfUtils.java:logGet(46)) - raft.server.log.appender.install.snapshot.enabled = false (custom)
2024-06-12 07:36:51,302 [6f841693-a0f5-4238-8e94-5d49f60504b4-groupManagement] INFO  server.RaftServerConfigKeys (ConfUtils.java:logGet(46)) - raft.server.threadpool.server.cached = true (default)
2024-06-12 07:36:51,302 [6f841693-a0f5-4238-8e94-5d49f60504b4-groupManagement] INFO  server.RaftServerConfigKeys (ConfUtils.java:logGet(46)) - raft.server.threadpool.server.size = 0 (default)
2024-06-12 07:36:51,302 [6f841693-a0f5-4238-8e94-5d49f60504b4-groupManagement] INFO  server.RaftServerConfigKeys (ConfUtils.java:logGet(46)) - raft.server.threadpool.client.cached = true (default)
2024-06-12 07:36:51,302 [6f841693-a0f5-4238-8e94-5d49f60504b4-groupManagement] INFO  server.RaftServerConfigKeys (ConfUtils.java:logGet(46)) - raft.server.threadpool.client.size = 0 (default)
2024-06-12 07:36:51,302 [6f841693-a0f5-4238-8e94-5d49f60504b4-groupManagement] INFO  server.RaftServerConfigKeys (ConfUtils.java:logGet(46)) - raft.server.storage.free-space.min = 0MB (=0) (default)
2024-06-12 07:36:51,302 [6f841693-a0f5-4238-8e94-5d49f60504b4-groupManagement] INFO  server.RaftServerConfigKeys (ConfUtils.java:logGet(46)) - raft.server.log.corruption.policy = EXCEPTION (default)
2024-06-12 07:36:51,302 [6f841693-a0f5-4238-8e94-5d49f60504b4-groupManagement] INFO  server.RaftServerConfigKeys (ConfUtils.java:logGet(46)) - raft.server.storage.dir = [/home/runner/work/ozone/ozone/hadoop-ozone/integration-test/target/test-dir/MiniOzoneClusterImpl-63f03bc8-0399-4ce2-9c43-ca6ad8c463d8/ozone-meta/datanode-4/ratis] (custom)
2024-06-12 07:36:51,302 [6f841693-a0f5-4238-8e94-5d49f60504b4-groupManagement] INFO  storage.RaftStorageDirectory (RaftStorageDirectoryImpl.java:analyzeStorage(138)) - The storage directory /home/runner/work/ozone/ozone/hadoop-ozone/integration-test/target/test-dir/MiniOzoneClusterImpl-63f03bc8-0399-4ce2-9c43-ca6ad8c463d8/ozone-meta/datanode-4/ratis/3c6756a6-c20a-4fdc-8f34-a20483cac47c does not exist. Creating ...
2024-06-12 07:36:51,303 [6f841693-a0f5-4238-8e94-5d49f60504b4-groupManagement] INFO  storage.RaftStorageDirectory (RaftStorageDirectoryImpl.java:tryLock(228)) - Lock on /home/runner/work/ozone/ozone/hadoop-ozone/integration-test/target/test-dir/MiniOzoneClusterImpl-63f03bc8-0399-4ce2-9c43-ca6ad8c463d8/ozone-meta/datanode-4/ratis/3c6756a6-c20a-4fdc-8f34-a20483cac47c/in_use.lock acquired by nodename 34952@fv-az1443-254
2024-06-12 07:36:51,304 [6f841693-a0f5-4238-8e94-5d49f60504b4-groupManagement] INFO  storage.RaftStorage (RaftStorageImpl.java:format(99)) - Storage directory /home/runner/work/ozone/ozone/hadoop-ozone/integration-test/target/test-dir/MiniOzoneClusterImpl-63f03bc8-0399-4ce2-9c43-ca6ad8c463d8/ozone-meta/datanode-4/ratis/3c6756a6-c20a-4fdc-8f34-a20483cac47c has been successfully formatted.
2024-06-12 07:36:51,305 [6f841693-a0f5-4238-8e94-5d49f60504b4-groupManagement] WARN  util.FileUtils (LogUtils.java:supplyAndLog(63)) - Failed to Files.newInputStream /home/runner/work/ozone/ozone/hadoop-ozone/integration-test/target/test-dir/MiniOzoneClusterImpl-63f03bc8-0399-4ce2-9c43-ca6ad8c463d8/ozone-meta/datanode-4/ratis/3c6756a6-c20a-4fdc-8f34-a20483cac47c/current/raft-meta.conf with options []: java.nio.file.NoSuchFileException: /home/runner/work/ozone/ozone/hadoop-ozone/integration-test/target/test-dir/MiniOzoneClusterImpl-63f03bc8-0399-4ce2-9c43-ca6ad8c463d8/ozone-meta/datanode-4/ratis/3c6756a6-c20a-4fdc-8f34-a20483cac47c/current/raft-meta.conf
2024-06-12 07:36:51,305 [6f841693-a0f5-4238-8e94-5d49f60504b4-groupManagement] INFO  ratis.ContainerStateMachine (ContainerStateMachine.java:loadSnapshot(287)) - group-A20483CAC47C: The snapshot info is null. Setting the last applied index to:(t:0, i:~)
2024-06-12 07:36:51,305 [6f841693-a0f5-4238-8e94-5d49f60504b4-groupManagement] INFO  server.RaftServerConfigKeys (ConfUtils.java:logGet(46)) - raft.server.log.use.memory = false (default)
2024-06-12 07:36:51,305 [6f841693-a0f5-4238-8e94-5d49f60504b4-groupManagement] INFO  server.RaftServerConfigKeys (ConfUtils.java:logGet(46)) - raft.server.log.purge.gap = 1000000 (custom)
2024-06-12 07:36:51,305 [6f841693-a0f5-4238-8e94-5d49f60504b4-groupManagement] INFO  server.RaftServerConfigKeys (ConfUtils.java:logGet(46)) - raft.server.log.appender.buffer.byte-limit = 8388608 (custom)
2024-06-12 07:36:51,305 [6f841693-a0f5-4238-8e94-5d49f60504b4-groupManagement] INFO  server.RaftServerConfigKeys (ConfUtils.java:logGet(46)) - raft.server.log.statemachine.data.read.timeout = 1000ms (default)
2024-06-12 07:36:51,305 [6f841693-a0f5-4238-8e94-5d49f60504b4-groupManagement] INFO  server.RaftServerConfigKeys (ConfUtils.java:logGet(46)) - raft.server.log.purge.preservation.log.num = 0 (default)
2024-06-12 07:36:51,306 [EventQueue-OpenPipelineForHealthyPipelineSafeModeRule] INFO  safemode.SCMSafeModeManager (HealthyPipelineSafeModeRule.java:process(140)) - SCM in safe mode. Healthy pipelines reported count is 0, required healthy pipeline reported count is 1
2024-06-12 07:36:51,306 [6f841693-a0f5-4238-8e94-5d49f60504b4-groupManagement] INFO  server.RaftServerConfigKeys (ConfUtils.java:logGet(46)) - raft.server.log.segment.size.max = 67108864 (custom)
2024-06-12 07:36:51,307 [6f841693-a0f5-4238-8e94-5d49f60504b4-groupManagement] INFO  server.RaftServerConfigKeys (ConfUtils.java:logGet(46)) - raft.server.log.segment.cache.num.max = 2 (custom)
2024-06-12 07:36:51,307 [6f841693-a0f5-4238-8e94-5d49f60504b4-groupManagement] INFO  server.RaftServerConfigKeys (ConfUtils.java:logGet(46)) - raft.server.log.segment.cache.size.max = 200MB (=209715200) (default)
2024-06-12 07:36:51,307 [6f841693-a0f5-4238-8e94-5d49f60504b4-groupManagement] INFO  server.RaftServerConfigKeys (ConfUtils.java:logGet(46)) - raft.server.log.appender.buffer.byte-limit = 8388608 (custom)
2024-06-12 07:36:51,312 [8c3b1af4-43ff-4c22-ad10-b37d9e41628a-PipelineCommandHandlerThread-0] INFO  commandhandler.CreatePipelineCommandHandler (CreatePipelineCommandHandler.java:lambda$handle$2(124)) - Created Pipeline RATIS THREE PipelineID=6eb71243-7091-4c40-8083-cb34c1da6ed0.
2024-06-12 07:36:51,313 [6f841693-a0f5-4238-8e94-5d49f60504b4-groupManagement] INFO  util.AwaitToRun (AwaitToRun.java:start(81)) - Thread[6f841693-a0f5-4238-8e94-5d49f60504b4@group-A20483CAC47C-cacheEviction-AwaitToRun,5,main] started
2024-06-12 07:36:51,313 [6f841693-a0f5-4238-8e94-5d49f60504b4-groupManagement] INFO  segmented.SegmentedRaftLogWorker (SegmentedRaftLogWorker.java:<init>(182)) - new 6f841693-a0f5-4238-8e94-5d49f60504b4@group-A20483CAC47C-SegmentedRaftLogWorker for RaftStorageImpl:Storage Directory /home/runner/work/ozone/ozone/hadoop-ozone/integration-test/target/test-dir/MiniOzoneClusterImpl-63f03bc8-0399-4ce2-9c43-ca6ad8c463d8/ozone-meta/datanode-4/ratis/3c6756a6-c20a-4fdc-8f34-a20483cac47c
2024-06-12 07:36:51,313 [6f841693-a0f5-4238-8e94-5d49f60504b4-groupManagement] INFO  server.RaftServerConfigKeys (ConfUtils.java:logGet(46)) - raft.server.log.queue.byte-limit = 4294967296 (custom)
2024-06-12 07:36:51,313 [6f841693-a0f5-4238-8e94-5d49f60504b4-groupManagement] INFO  server.RaftServerConfigKeys (ConfUtils.java:logGet(46)) - raft.server.log.queue.element-limit = 1024 (custom)
2024-06-12 07:36:51,313 [6f841693-a0f5-4238-8e94-5d49f60504b4-groupManagement] INFO  server.RaftServerConfigKeys (ConfUtils.java:logGet(46)) - raft.server.log.segment.size.max = 67108864 (custom)
2024-06-12 07:36:51,313 [6f841693-a0f5-4238-8e94-5d49f60504b4-groupManagement] INFO  server.RaftServerConfigKeys (ConfUtils.java:logGet(46)) - raft.server.log.preallocated.size = 4194304 (custom)
2024-06-12 07:36:51,313 [6f841693-a0f5-4238-8e94-5d49f60504b4-groupManagement] INFO  server.RaftServerConfigKeys (ConfUtils.java:logGet(46)) - raft.server.log.force.sync.num = 128 (default)
2024-06-12 07:36:51,313 [6f841693-a0f5-4238-8e94-5d49f60504b4-groupManagement] INFO  server.RaftServerConfigKeys (ConfUtils.java:logGet(46)) - raft.server.log.statemachine.data.sync = true (default)
2024-06-12 07:36:51,313 [6f841693-a0f5-4238-8e94-5d49f60504b4-groupManagement] INFO  server.RaftServerConfigKeys (ConfUtils.java:logGet(46)) - raft.server.log.statemachine.data.sync.timeout = 10s (default)
2024-06-12 07:36:51,313 [6f841693-a0f5-4238-8e94-5d49f60504b4-groupManagement] INFO  server.RaftServerConfigKeys (ConfUtils.java:logGet(46)) - raft.server.log.statemachine.data.sync.timeout.retry = 30 (custom)
2024-06-12 07:36:51,314 [6f841693-a0f5-4238-8e94-5d49f60504b4-groupManagement] INFO  server.RaftServerConfigKeys (ConfUtils.java:logGet(46)) - raft.server.log.write.buffer.size = 8388616 (custom)
2024-06-12 07:36:51,316 [6f841693-a0f5-4238-8e94-5d49f60504b4-groupManagement] INFO  server.RaftServerConfigKeys (ConfUtils.java:logGet(46)) - raft.server.log.appender.buffer.byte-limit = 8388608 (custom)
2024-06-12 07:36:51,316 [6f841693-a0f5-4238-8e94-5d49f60504b4-groupManagement] INFO  server.RaftServerConfigKeys (ConfUtils.java:logGet(46)) - raft.server.log.unsafe-flush.enabled = false (default)
2024-06-12 07:36:51,316 [6f841693-a0f5-4238-8e94-5d49f60504b4-groupManagement] INFO  server.RaftServerConfigKeys (ConfUtils.java:logGet(46)) - raft.server.log.async-flush.enabled = false (default)
2024-06-12 07:36:51,316 [6f841693-a0f5-4238-8e94-5d49f60504b4-groupManagement] INFO  server.RaftServerConfigKeys (ConfUtils.java:logGet(46)) - raft.server.log.statemachine.data.caching.enabled = true (custom)
2024-06-12 07:36:51,317 [6f841693-a0f5-4238-8e94-5d49f60504b4-groupManagement] INFO  segmented.SegmentedRaftLogWorker (SegmentedRaftLogWorker.java:lambda$new$0(134)) - 6f841693-a0f5-4238-8e94-5d49f60504b4@group-A20483CAC47C-SegmentedRaftLogWorker: flushIndex: setUnconditionally 0 -> -1
2024-06-12 07:36:51,317 [6f841693-a0f5-4238-8e94-5d49f60504b4-groupManagement] INFO  segmented.SegmentedRaftLogWorker (SegmentedRaftLogWorker.java:lambda$new$0(134)) - 6f841693-a0f5-4238-8e94-5d49f60504b4@group-A20483CAC47C-SegmentedRaftLogWorker: safeCacheEvictIndex: setUnconditionally 0 -> -1
2024-06-12 07:36:51,317 [6f841693-a0f5-4238-8e94-5d49f60504b4-groupManagement] INFO  server.RaftServer$Division (RaftServerImpl.java:start(396)) - 6f841693-a0f5-4238-8e94-5d49f60504b4@group-A20483CAC47C: start as a follower, conf=-1: peers:[6f841693-a0f5-4238-8e94-5d49f60504b4|127.0.0.1:15139, 29194895-a428-4dbc-89d8-767dd839d7c3|127.0.0.1:15157, ac495114-8bb8-4dac-b10f-46951d6cb650|127.0.0.1:15148]|listeners:[], old=null
2024-06-12 07:36:51,317 [6f841693-a0f5-4238-8e94-5d49f60504b4-groupManagement] INFO  server.RaftServer$Division (RaftServerImpl.java:setRole(383)) - 6f841693-a0f5-4238-8e94-5d49f60504b4@group-A20483CAC47C: changes role from      null to FOLLOWER at term 0 for startAsFollower
2024-06-12 07:36:51,317 [6f841693-a0f5-4238-8e94-5d49f60504b4-groupManagement] INFO  impl.RoleInfo (RoleInfo.java:updateAndGet(139)) - 6f841693-a0f5-4238-8e94-5d49f60504b4: start 6f841693-a0f5-4238-8e94-5d49f60504b4@group-A20483CAC47C-FollowerState
2024-06-12 07:36:51,317 [ac495114-8bb8-4dac-b10f-46951d6cb650-PipelineCommandHandlerThread-0] INFO  server.RaftServer (RaftServerProxy.java:addNew(100)) - ac495114-8bb8-4dac-b10f-46951d6cb650: addNew group-0D11DC595847:[ac495114-8bb8-4dac-b10f-46951d6cb650|127.0.0.1:15148] returns group-0D11DC595847:java.util.concurrent.CompletableFuture@38d032b2[Not completed]
2024-06-12 07:36:51,318 [ac495114-8bb8-4dac-b10f-46951d6cb650-groupManagement] INFO  server.RaftServer$Division (RaftServerImpl.java:<init>(256)) - ac495114-8bb8-4dac-b10f-46951d6cb650: new RaftServerImpl for group-0D11DC595847:[ac495114-8bb8-4dac-b10f-46951d6cb650|127.0.0.1:15148] with ContainerStateMachine:uninitialized
2024-06-12 07:36:51,318 [ac495114-8bb8-4dac-b10f-46951d6cb650-groupManagement] INFO  server.RaftServerConfigKeys (ConfUtils.java:logGet(46)) - raft.server.rpc.timeout.min = 1s (custom)
2024-06-12 07:36:51,319 [ac495114-8bb8-4dac-b10f-46951d6cb650-groupManagement] INFO  server.RaftServerConfigKeys (ConfUtils.java:logGet(46)) - raft.server.rpc.timeout.max = 1200ms (custom)
2024-06-12 07:36:51,319 [ac495114-8bb8-4dac-b10f-46951d6cb650-groupManagement] INFO  server.RaftServerConfigKeys (ConfUtils.java:logGet(46)) - raft.server.rpc.sleep.time = 25ms (default)
2024-06-12 07:36:51,319 [ac495114-8bb8-4dac-b10f-46951d6cb650-groupManagement] INFO  server.RaftServerConfigKeys (ConfUtils.java:logGet(46)) - raft.server.rpc.slowness.timeout = 300000ms (custom)
2024-06-12 07:36:51,319 [ac495114-8bb8-4dac-b10f-46951d6cb650-groupManagement] INFO  server.RaftServerConfigKeys (ConfUtils.java:logGet(46)) - raft.server.leaderelection.leader.step-down.wait-time = 10s (default)
2024-06-12 07:36:51,319 [ac495114-8bb8-4dac-b10f-46951d6cb650-groupManagement] INFO  server.RaftServerConfigKeys (ConfUtils.java:logGet(46)) - raft.server.leaderelection.member.majority-add = false (default)
2024-06-12 07:36:51,319 [ac495114-8bb8-4dac-b10f-46951d6cb650-groupManagement] INFO  server.RaftServerConfigKeys (ConfUtils.java:logGet(46)) - raft.server.sleep.deviation.threshold = 300ms (default)
2024-06-12 07:36:51,319 [ac495114-8bb8-4dac-b10f-46951d6cb650-groupManagement] INFO  server.RaftServer$Division (ServerState.java:<init>(113)) - ac495114-8bb8-4dac-b10f-46951d6cb650@group-0D11DC595847: ConfigurationManager, init=-1: peers:[ac495114-8bb8-4dac-b10f-46951d6cb650|127.0.0.1:15148]|listeners:[], old=null, confs=<EMPTY_MAP>
2024-06-12 07:36:51,319 [ac495114-8bb8-4dac-b10f-46951d6cb650-groupManagement] INFO  server.RaftServerConfigKeys (ConfUtils.java:logGet(46)) - raft.server.notification.no-leader.timeout = 300000ms (custom)
2024-06-12 07:36:51,319 [ac495114-8bb8-4dac-b10f-46951d6cb650-groupManagement] INFO  server.RaftServerConfigKeys (ConfUtils.java:logGet(46)) - raft.server.read.timeout = 10s (default)
2024-06-12 07:36:51,319 [ac495114-8bb8-4dac-b10f-46951d6cb650-groupManagement] INFO  server.RaftServerConfigKeys (ConfUtils.java:logGet(46)) - raft.server.retrycache.expirytime = 600000ms (custom)
2024-06-12 07:36:51,319 [ac495114-8bb8-4dac-b10f-46951d6cb650-groupManagement] INFO  server.RaftServerConfigKeys (ConfUtils.java:logGet(46)) - raft.server.retrycache.statistics.expirytime = 100ms (default)
2024-06-12 07:36:51,319 [ac495114-8bb8-4dac-b10f-46951d6cb650-groupManagement] INFO  server.RaftServerConfigKeys (ConfUtils.java:logGet(46)) - raft.server.read.option = DEFAULT (default)
2024-06-12 07:36:51,319 [ac495114-8bb8-4dac-b10f-46951d6cb650-groupManagement] INFO  server.RaftServerConfigKeys (ConfUtils.java:logGet(46)) - raft.server.read.read-after-write-consistent.write-index-cache.expiry-time = 60s (default)
2024-06-12 07:36:51,321 [ac495114-8bb8-4dac-b10f-46951d6cb650-groupManagement] INFO  server.RaftServerConfigKeys (ConfUtils.java:logGet(46)) - raft.server.rpc.request.timeout = 3000ms (default)
2024-06-12 07:36:51,321 [ac495114-8bb8-4dac-b10f-46951d6cb650-groupManagement] INFO  server.RaftServerConfigKeys (ConfUtils.java:logGet(46)) - raft.server.log.appender.install.snapshot.enabled = false (custom)
2024-06-12 07:36:51,321 [6f841693-a0f5-4238-8e94-5d49f60504b4-groupManagement] INFO  util.JmxRegister (JmxRegister.java:tryRegister(44)) - Successfully registered JMX Bean with object name Ratis:service=RaftServer,group=group-A20483CAC47C,id=6f841693-a0f5-4238-8e94-5d49f60504b4
2024-06-12 07:36:51,321 [ac495114-8bb8-4dac-b10f-46951d6cb650-groupManagement] INFO  server.RaftServerConfigKeys (ConfUtils.java:logGet(46)) - raft.server.threadpool.server.cached = true (default)
2024-06-12 07:36:51,322 [ac495114-8bb8-4dac-b10f-46951d6cb650-groupManagement] INFO  server.RaftServerConfigKeys (ConfUtils.java:logGet(46)) - raft.server.threadpool.server.size = 0 (default)
2024-06-12 07:36:51,322 [ac495114-8bb8-4dac-b10f-46951d6cb650-groupManagement] INFO  server.RaftServerConfigKeys (ConfUtils.java:logGet(46)) - raft.server.threadpool.client.cached = true (default)
2024-06-12 07:36:51,322 [ac495114-8bb8-4dac-b10f-46951d6cb650-groupManagement] INFO  server.RaftServerConfigKeys (ConfUtils.java:logGet(46)) - raft.server.threadpool.client.size = 0 (default)
2024-06-12 07:36:51,322 [ac495114-8bb8-4dac-b10f-46951d6cb650-groupManagement] INFO  server.RaftServerConfigKeys (ConfUtils.java:logGet(46)) - raft.server.storage.free-space.min = 0MB (=0) (default)
2024-06-12 07:36:51,322 [ac495114-8bb8-4dac-b10f-46951d6cb650-groupManagement] INFO  server.RaftServerConfigKeys (ConfUtils.java:logGet(46)) - raft.server.log.corruption.policy = EXCEPTION (default)
2024-06-12 07:36:51,322 [ac495114-8bb8-4dac-b10f-46951d6cb650-groupManagement] INFO  server.RaftServerConfigKeys (ConfUtils.java:logGet(46)) - raft.server.storage.dir = [/home/runner/work/ozone/ozone/hadoop-ozone/integration-test/target/test-dir/MiniOzoneClusterImpl-63f03bc8-0399-4ce2-9c43-ca6ad8c463d8/ozone-meta/datanode-5/ratis] (custom)
2024-06-12 07:36:51,322 [ac495114-8bb8-4dac-b10f-46951d6cb650-groupManagement] INFO  storage.RaftStorageDirectory (RaftStorageDirectoryImpl.java:analyzeStorage(138)) - The storage directory /home/runner/work/ozone/ozone/hadoop-ozone/integration-test/target/test-dir/MiniOzoneClusterImpl-63f03bc8-0399-4ce2-9c43-ca6ad8c463d8/ozone-meta/datanode-5/ratis/c7f09077-2f85-4be4-8a52-0d11dc595847 does not exist. Creating ...
2024-06-12 07:36:51,322 [6f841693-a0f5-4238-8e94-5d49f60504b4-groupManagement] INFO  server.RaftServerConfigKeys (ConfUtils.java:logGet(46)) - raft.server.snapshot.trigger-when-stop.enabled = true (default)
2024-06-12 07:36:51,323 [6f841693-a0f5-4238-8e94-5d49f60504b4-groupManagement] INFO  server.RaftServerConfigKeys (ConfUtils.java:logGet(46)) - raft.server.snapshot.auto.trigger.enabled = true (custom)
2024-06-12 07:36:51,323 [6f841693-a0f5-4238-8e94-5d49f60504b4-groupManagement] INFO  server.RaftServerConfigKeys (ConfUtils.java:logGet(46)) - raft.server.snapshot.auto.trigger.threshold = 10000 (custom)
2024-06-12 07:36:51,323 [6f841693-a0f5-4238-8e94-5d49f60504b4-groupManagement] INFO  server.RaftServerConfigKeys (ConfUtils.java:logGet(46)) - raft.server.snapshot.retention.file.num = 5 (custom)
2024-06-12 07:36:51,323 [6f841693-a0f5-4238-8e94-5d49f60504b4-groupManagement] INFO  server.RaftServerConfigKeys (ConfUtils.java:logGet(46)) - raft.server.log.purge.upto.snapshot.index = false (default)
2024-06-12 07:36:51,323 [ac495114-8bb8-4dac-b10f-46951d6cb650-groupManagement] INFO  storage.RaftStorageDirectory (RaftStorageDirectoryImpl.java:tryLock(228)) - Lock on /home/runner/work/ozone/ozone/hadoop-ozone/integration-test/target/test-dir/MiniOzoneClusterImpl-63f03bc8-0399-4ce2-9c43-ca6ad8c463d8/ozone-meta/datanode-5/ratis/c7f09077-2f85-4be4-8a52-0d11dc595847/in_use.lock acquired by nodename 34952@fv-az1443-254
2024-06-12 07:36:51,324 [6f841693-a0f5-4238-8e94-5d49f60504b4-PipelineCommandHandlerThread-0] INFO  ratis.XceiverServerRatis (XceiverServerRatis.java:addGroup(864)) - Created group PipelineID=3c6756a6-c20a-4fdc-8f34-a20483cac47c
2024-06-12 07:36:51,324 [ac495114-8bb8-4dac-b10f-46951d6cb650-groupManagement] INFO  storage.RaftStorage (RaftStorageImpl.java:format(99)) - Storage directory /home/runner/work/ozone/ozone/hadoop-ozone/integration-test/target/test-dir/MiniOzoneClusterImpl-63f03bc8-0399-4ce2-9c43-ca6ad8c463d8/ozone-meta/datanode-5/ratis/c7f09077-2f85-4be4-8a52-0d11dc595847 has been successfully formatted.
2024-06-12 07:36:51,324 [ac495114-8bb8-4dac-b10f-46951d6cb650-groupManagement] WARN  util.FileUtils (LogUtils.java:supplyAndLog(63)) - Failed to Files.newInputStream /home/runner/work/ozone/ozone/hadoop-ozone/integration-test/target/test-dir/MiniOzoneClusterImpl-63f03bc8-0399-4ce2-9c43-ca6ad8c463d8/ozone-meta/datanode-5/ratis/c7f09077-2f85-4be4-8a52-0d11dc595847/current/raft-meta.conf with options []: java.nio.file.NoSuchFileException: /home/runner/work/ozone/ozone/hadoop-ozone/integration-test/target/test-dir/MiniOzoneClusterImpl-63f03bc8-0399-4ce2-9c43-ca6ad8c463d8/ozone-meta/datanode-5/ratis/c7f09077-2f85-4be4-8a52-0d11dc595847/current/raft-meta.conf
2024-06-12 07:36:51,325 [ac495114-8bb8-4dac-b10f-46951d6cb650-groupManagement] INFO  ratis.ContainerStateMachine (ContainerStateMachine.java:loadSnapshot(287)) - group-0D11DC595847: The snapshot info is null. Setting the last applied index to:(t:0, i:~)
2024-06-12 07:36:51,325 [ac495114-8bb8-4dac-b10f-46951d6cb650-groupManagement] INFO  server.RaftServerConfigKeys (ConfUtils.java:logGet(46)) - raft.server.log.use.memory = false (default)
2024-06-12 07:36:51,325 [ac495114-8bb8-4dac-b10f-46951d6cb650-groupManagement] INFO  server.RaftServerConfigKeys (ConfUtils.java:logGet(46)) - raft.server.log.purge.gap = 1000000 (custom)
2024-06-12 07:36:51,325 [ac495114-8bb8-4dac-b10f-46951d6cb650-groupManagement] INFO  server.RaftServerConfigKeys (ConfUtils.java:logGet(46)) - raft.server.log.appender.buffer.byte-limit = 8388608 (custom)
2024-06-12 07:36:51,325 [ac495114-8bb8-4dac-b10f-46951d6cb650-groupManagement] INFO  server.RaftServerConfigKeys (ConfUtils.java:logGet(46)) - raft.server.log.statemachine.data.read.timeout = 1000ms (default)
2024-06-12 07:36:51,325 [ac495114-8bb8-4dac-b10f-46951d6cb650-groupManagement] INFO  server.RaftServerConfigKeys (ConfUtils.java:logGet(46)) - raft.server.log.purge.preservation.log.num = 0 (default)
2024-06-12 07:36:51,326 [ac495114-8bb8-4dac-b10f-46951d6cb650-groupManagement] INFO  server.RaftServerConfigKeys (ConfUtils.java:logGet(46)) - raft.server.log.segment.size.max = 67108864 (custom)
2024-06-12 07:36:51,326 [ac495114-8bb8-4dac-b10f-46951d6cb650-groupManagement] INFO  server.RaftServerConfigKeys (ConfUtils.java:logGet(46)) - raft.server.log.segment.cache.num.max = 2 (custom)
2024-06-12 07:36:51,326 [EventQueue-PipelineReportForPipelineReportHandler] INFO  pipeline.PipelineReportHandler (PipelineReportHandler.java:processPipelineReport(136)) - Opened pipeline PipelineID=c7f09077-2f85-4be4-8a52-0d11dc595847
2024-06-12 07:36:51,326 [ac495114-8bb8-4dac-b10f-46951d6cb650-groupManagement] INFO  server.RaftServerConfigKeys (ConfUtils.java:logGet(46)) - raft.server.log.segment.cache.size.max = 200MB (=209715200) (default)
2024-06-12 07:36:51,326 [EventQueue-OpenPipelineForHealthyPipelineSafeModeRule] INFO  safemode.SCMSafeModeManager (HealthyPipelineSafeModeRule.java:process(140)) - SCM in safe mode. Healthy pipelines reported count is 0, required healthy pipeline reported count is 1
2024-06-12 07:36:51,326 [ac495114-8bb8-4dac-b10f-46951d6cb650-groupManagement] INFO  server.RaftServerConfigKeys (ConfUtils.java:logGet(46)) - raft.server.log.appender.buffer.byte-limit = 8388608 (custom)
2024-06-12 07:36:51,329 [ac495114-8bb8-4dac-b10f-46951d6cb650-groupManagement] INFO  util.AwaitToRun (AwaitToRun.java:start(81)) - Thread[ac495114-8bb8-4dac-b10f-46951d6cb650@group-0D11DC595847-cacheEviction-AwaitToRun,5,main] started
2024-06-12 07:36:51,329 [ac495114-8bb8-4dac-b10f-46951d6cb650-groupManagement] INFO  segmented.SegmentedRaftLogWorker (SegmentedRaftLogWorker.java:<init>(182)) - new ac495114-8bb8-4dac-b10f-46951d6cb650@group-0D11DC595847-SegmentedRaftLogWorker for RaftStorageImpl:Storage Directory /home/runner/work/ozone/ozone/hadoop-ozone/integration-test/target/test-dir/MiniOzoneClusterImpl-63f03bc8-0399-4ce2-9c43-ca6ad8c463d8/ozone-meta/datanode-5/ratis/c7f09077-2f85-4be4-8a52-0d11dc595847
2024-06-12 07:36:51,329 [ac495114-8bb8-4dac-b10f-46951d6cb650-groupManagement] INFO  server.RaftServerConfigKeys (ConfUtils.java:logGet(46)) - raft.server.log.queue.byte-limit = 4294967296 (custom)
2024-06-12 07:36:51,330 [ac495114-8bb8-4dac-b10f-46951d6cb650-groupManagement] INFO  server.RaftServerConfigKeys (ConfUtils.java:logGet(46)) - raft.server.log.queue.element-limit = 1024 (custom)
2024-06-12 07:36:51,330 [ac495114-8bb8-4dac-b10f-46951d6cb650-groupManagement] INFO  server.RaftServerConfigKeys (ConfUtils.java:logGet(46)) - raft.server.log.segment.size.max = 67108864 (custom)
2024-06-12 07:36:51,330 [ac495114-8bb8-4dac-b10f-46951d6cb650-groupManagement] INFO  server.RaftServerConfigKeys (ConfUtils.java:logGet(46)) - raft.server.log.preallocated.size = 4194304 (custom)
2024-06-12 07:36:51,330 [ac495114-8bb8-4dac-b10f-46951d6cb650-groupManagement] INFO  server.RaftServerConfigKeys (ConfUtils.java:logGet(46)) - raft.server.log.force.sync.num = 128 (default)
2024-06-12 07:36:51,330 [ac495114-8bb8-4dac-b10f-46951d6cb650-groupManagement] INFO  server.RaftServerConfigKeys (ConfUtils.java:logGet(46)) - raft.server.log.statemachine.data.sync = true (default)
2024-06-12 07:36:51,330 [ac495114-8bb8-4dac-b10f-46951d6cb650-groupManagement] INFO  server.RaftServerConfigKeys (ConfUtils.java:logGet(46)) - raft.server.log.statemachine.data.sync.timeout = 10s (default)
2024-06-12 07:36:51,330 [ac495114-8bb8-4dac-b10f-46951d6cb650-groupManagement] INFO  server.RaftServerConfigKeys (ConfUtils.java:logGet(46)) - raft.server.log.statemachine.data.sync.timeout.retry = 30 (custom)
2024-06-12 07:36:51,330 [ac495114-8bb8-4dac-b10f-46951d6cb650-groupManagement] INFO  server.RaftServerConfigKeys (ConfUtils.java:logGet(46)) - raft.server.log.write.buffer.size = 8388616 (custom)
2024-06-12 07:36:51,332 [grpc-default-executor-1] INFO  server.RaftServer (RaftServerProxy.java:addNew(100)) - ac495114-8bb8-4dac-b10f-46951d6cb650: addNew group-A20483CAC47C:[6f841693-a0f5-4238-8e94-5d49f60504b4|127.0.0.1:15139, 29194895-a428-4dbc-89d8-767dd839d7c3|127.0.0.1:15157, ac495114-8bb8-4dac-b10f-46951d6cb650|127.0.0.1:15148] returns group-A20483CAC47C:java.util.concurrent.CompletableFuture@31567f46[Not completed]
2024-06-12 07:36:51,332 [ac495114-8bb8-4dac-b10f-46951d6cb650-groupManagement] INFO  server.RaftServerConfigKeys (ConfUtils.java:logGet(46)) - raft.server.log.appender.buffer.byte-limit = 8388608 (custom)
2024-06-12 07:36:51,333 [ac495114-8bb8-4dac-b10f-46951d6cb650-groupManagement] INFO  server.RaftServerConfigKeys (ConfUtils.java:logGet(46)) - raft.server.log.unsafe-flush.enabled = false (default)
2024-06-12 07:36:51,333 [ac495114-8bb8-4dac-b10f-46951d6cb650-groupManagement] INFO  server.RaftServerConfigKeys (ConfUtils.java:logGet(46)) - raft.server.log.async-flush.enabled = false (default)
2024-06-12 07:36:51,333 [ac495114-8bb8-4dac-b10f-46951d6cb650-groupManagement] INFO  server.RaftServerConfigKeys (ConfUtils.java:logGet(46)) - raft.server.log.statemachine.data.caching.enabled = true (custom)
2024-06-12 07:36:51,333 [ac495114-8bb8-4dac-b10f-46951d6cb650-groupManagement] INFO  segmented.SegmentedRaftLogWorker (SegmentedRaftLogWorker.java:lambda$new$0(134)) - ac495114-8bb8-4dac-b10f-46951d6cb650@group-0D11DC595847-SegmentedRaftLogWorker: flushIndex: setUnconditionally 0 -> -1
2024-06-12 07:36:51,333 [ac495114-8bb8-4dac-b10f-46951d6cb650-groupManagement] INFO  segmented.SegmentedRaftLogWorker (SegmentedRaftLogWorker.java:lambda$new$0(134)) - ac495114-8bb8-4dac-b10f-46951d6cb650@group-0D11DC595847-SegmentedRaftLogWorker: safeCacheEvictIndex: setUnconditionally 0 -> -1
2024-06-12 07:36:51,334 [ac495114-8bb8-4dac-b10f-46951d6cb650-groupManagement] INFO  server.RaftServer$Division (RaftServerImpl.java:start(396)) - ac495114-8bb8-4dac-b10f-46951d6cb650@group-0D11DC595847: start as a follower, conf=-1: peers:[ac495114-8bb8-4dac-b10f-46951d6cb650|127.0.0.1:15148]|listeners:[], old=null
2024-06-12 07:36:51,335 [ac495114-8bb8-4dac-b10f-46951d6cb650-groupManagement] INFO  server.RaftServer$Division (RaftServerImpl.java:setRole(383)) - ac495114-8bb8-4dac-b10f-46951d6cb650@group-0D11DC595847: changes role from      null to FOLLOWER at term 0 for startAsFollower
2024-06-12 07:36:51,335 [ac495114-8bb8-4dac-b10f-46951d6cb650-groupManagement] INFO  impl.RoleInfo (RoleInfo.java:updateAndGet(139)) - ac495114-8bb8-4dac-b10f-46951d6cb650: start ac495114-8bb8-4dac-b10f-46951d6cb650@group-0D11DC595847-FollowerState
2024-06-12 07:36:51,335 [6f841693-a0f5-4238-8e94-5d49f60504b4@group-A20483CAC47C-FollowerState] INFO  server.RaftServerConfigKeys (ConfUtils.java:logFallback(53)) - raft.server.rpc.first-election.timeout.min = 1s (fallback to raft.server.rpc.timeout.min)
2024-06-12 07:36:51,335 [6f841693-a0f5-4238-8e94-5d49f60504b4@group-A20483CAC47C-FollowerState] INFO  server.RaftServerConfigKeys (ConfUtils.java:logFallback(53)) - raft.server.rpc.first-election.timeout.max = 1200ms (fallback to raft.server.rpc.timeout.max)
2024-06-12 07:36:51,337 [ac495114-8bb8-4dac-b10f-46951d6cb650-groupManagement] INFO  util.JmxRegister (JmxRegister.java:tryRegister(44)) - Successfully registered JMX Bean with object name Ratis:service=RaftServer,group=group-0D11DC595847,id=ac495114-8bb8-4dac-b10f-46951d6cb650
2024-06-12 07:36:51,337 [ac495114-8bb8-4dac-b10f-46951d6cb650-groupManagement] INFO  server.RaftServerConfigKeys (ConfUtils.java:logGet(46)) - raft.server.snapshot.trigger-when-stop.enabled = true (default)
2024-06-12 07:36:51,337 [ac495114-8bb8-4dac-b10f-46951d6cb650-groupManagement] INFO  server.RaftServerConfigKeys (ConfUtils.java:logGet(46)) - raft.server.snapshot.auto.trigger.enabled = true (custom)
2024-06-12 07:36:51,337 [ac495114-8bb8-4dac-b10f-46951d6cb650-groupManagement] INFO  server.RaftServerConfigKeys (ConfUtils.java:logGet(46)) - raft.server.snapshot.auto.trigger.threshold = 10000 (custom)
2024-06-12 07:36:51,337 [ac495114-8bb8-4dac-b10f-46951d6cb650-groupManagement] INFO  server.RaftServerConfigKeys (ConfUtils.java:logGet(46)) - raft.server.snapshot.retention.file.num = 5 (custom)
2024-06-12 07:36:51,337 [ac495114-8bb8-4dac-b10f-46951d6cb650-groupManagement] INFO  server.RaftServerConfigKeys (ConfUtils.java:logGet(46)) - raft.server.log.purge.upto.snapshot.index = false (default)
2024-06-12 07:36:51,339 [ac495114-8bb8-4dac-b10f-46951d6cb650@group-0D11DC595847-FollowerState] INFO  server.RaftServerConfigKeys (ConfUtils.java:logFallback(53)) - raft.server.rpc.first-election.timeout.min = 1s (fallback to raft.server.rpc.timeout.min)
2024-06-12 07:36:51,340 [ac495114-8bb8-4dac-b10f-46951d6cb650@group-0D11DC595847-FollowerState] INFO  server.RaftServerConfigKeys (ConfUtils.java:logFallback(53)) - raft.server.rpc.first-election.timeout.max = 1200ms (fallback to raft.server.rpc.timeout.max)
2024-06-12 07:36:51,341 [ac495114-8bb8-4dac-b10f-46951d6cb650-PipelineCommandHandlerThread-0] INFO  ratis.XceiverServerRatis (XceiverServerRatis.java:addGroup(864)) - Created group PipelineID=c7f09077-2f85-4be4-8a52-0d11dc595847
2024-06-12 07:36:51,341 [ac495114-8bb8-4dac-b10f-46951d6cb650-PipelineCommandHandlerThread-0] INFO  commandhandler.CreatePipelineCommandHandler (CreatePipelineCommandHandler.java:lambda$handle$2(124)) - Created Pipeline RATIS ONE PipelineID=c7f09077-2f85-4be4-8a52-0d11dc595847.
2024-06-12 07:36:51,341 [ac495114-8bb8-4dac-b10f-46951d6cb650-PipelineCommandHandlerThread-0] INFO  server.RaftServer (RaftServerProxy.java:addNew(100)) - ac495114-8bb8-4dac-b10f-46951d6cb650: addNew group-886BF1B6D606:[6f841693-a0f5-4238-8e94-5d49f60504b4|127.0.0.1:15139, 29194895-a428-4dbc-89d8-767dd839d7c3|127.0.0.1:15157, ac495114-8bb8-4dac-b10f-46951d6cb650|127.0.0.1:15148] returns group-886BF1B6D606:java.util.concurrent.CompletableFuture@3cefa170[Not completed]
2024-06-12 07:36:51,342 [ac495114-8bb8-4dac-b10f-46951d6cb650-groupManagement] INFO  server.RaftServer$Division (RaftServerImpl.java:<init>(256)) - ac495114-8bb8-4dac-b10f-46951d6cb650: new RaftServerImpl for group-A20483CAC47C:[6f841693-a0f5-4238-8e94-5d49f60504b4|127.0.0.1:15139, 29194895-a428-4dbc-89d8-767dd839d7c3|127.0.0.1:15157, ac495114-8bb8-4dac-b10f-46951d6cb650|127.0.0.1:15148] with ContainerStateMachine:uninitialized
2024-06-12 07:36:51,342 [ac495114-8bb8-4dac-b10f-46951d6cb650-groupManagement] INFO  server.RaftServerConfigKeys (ConfUtils.java:logGet(46)) - raft.server.rpc.timeout.min = 1s (custom)
2024-06-12 07:36:51,342 [ac495114-8bb8-4dac-b10f-46951d6cb650-groupManagement] INFO  server.RaftServerConfigKeys (ConfUtils.java:logGet(46)) - raft.server.rpc.timeout.max = 1200ms (custom)
2024-06-12 07:36:51,342 [ac495114-8bb8-4dac-b10f-46951d6cb650-groupManagement] INFO  server.RaftServerConfigKeys (ConfUtils.java:logGet(46)) - raft.server.rpc.sleep.time = 25ms (default)
2024-06-12 07:36:51,342 [ac495114-8bb8-4dac-b10f-46951d6cb650-groupManagement] INFO  server.RaftServerConfigKeys (ConfUtils.java:logGet(46)) - raft.server.rpc.slowness.timeout = 300000ms (custom)
2024-06-12 07:36:51,342 [ac495114-8bb8-4dac-b10f-46951d6cb650-groupManagement] INFO  server.RaftServerConfigKeys (ConfUtils.java:logGet(46)) - raft.server.leaderelection.leader.step-down.wait-time = 10s (default)
2024-06-12 07:36:51,342 [ac495114-8bb8-4dac-b10f-46951d6cb650-groupManagement] INFO  server.RaftServerConfigKeys (ConfUtils.java:logGet(46)) - raft.server.leaderelection.member.majority-add = false (default)
2024-06-12 07:36:51,342 [ac495114-8bb8-4dac-b10f-46951d6cb650-groupManagement] INFO  server.RaftServerConfigKeys (ConfUtils.java:logGet(46)) - raft.server.sleep.deviation.threshold = 300ms (default)
2024-06-12 07:36:51,342 [ac495114-8bb8-4dac-b10f-46951d6cb650-groupManagement] INFO  server.RaftServer$Division (ServerState.java:<init>(113)) - ac495114-8bb8-4dac-b10f-46951d6cb650@group-A20483CAC47C: ConfigurationManager, init=-1: peers:[6f841693-a0f5-4238-8e94-5d49f60504b4|127.0.0.1:15139, 29194895-a428-4dbc-89d8-767dd839d7c3|127.0.0.1:15157, ac495114-8bb8-4dac-b10f-46951d6cb650|127.0.0.1:15148]|listeners:[], old=null, confs=<EMPTY_MAP>
2024-06-12 07:36:51,342 [ac495114-8bb8-4dac-b10f-46951d6cb650-groupManagement] INFO  server.RaftServerConfigKeys (ConfUtils.java:logGet(46)) - raft.server.notification.no-leader.timeout = 300000ms (custom)
2024-06-12 07:36:51,342 [ac495114-8bb8-4dac-b10f-46951d6cb650-groupManagement] INFO  server.RaftServerConfigKeys (ConfUtils.java:logGet(46)) - raft.server.read.timeout = 10s (default)
2024-06-12 07:36:51,342 [ac495114-8bb8-4dac-b10f-46951d6cb650-groupManagement] INFO  server.RaftServerConfigKeys (ConfUtils.java:logGet(46)) - raft.server.retrycache.expirytime = 600000ms (custom)
2024-06-12 07:36:51,342 [ac495114-8bb8-4dac-b10f-46951d6cb650-groupManagement] INFO  server.RaftServerConfigKeys (ConfUtils.java:logGet(46)) - raft.server.retrycache.statistics.expirytime = 100ms (default)
2024-06-12 07:36:51,343 [ac495114-8bb8-4dac-b10f-46951d6cb650-groupManagement] INFO  server.RaftServerConfigKeys (ConfUtils.java:logGet(46)) - raft.server.read.option = DEFAULT (default)
2024-06-12 07:36:51,343 [ac495114-8bb8-4dac-b10f-46951d6cb650-groupManagement] INFO  server.RaftServerConfigKeys (ConfUtils.java:logGet(46)) - raft.server.read.read-after-write-consistent.write-index-cache.expiry-time = 60s (default)
2024-06-12 07:36:51,345 [ac495114-8bb8-4dac-b10f-46951d6cb650-groupManagement] INFO  server.RaftServerConfigKeys (ConfUtils.java:logGet(46)) - raft.server.rpc.request.timeout = 3000ms (default)
2024-06-12 07:36:51,345 [ac495114-8bb8-4dac-b10f-46951d6cb650-groupManagement] INFO  server.RaftServerConfigKeys (ConfUtils.java:logGet(46)) - raft.server.log.appender.install.snapshot.enabled = false (custom)
2024-06-12 07:36:51,345 [ac495114-8bb8-4dac-b10f-46951d6cb650-groupManagement] INFO  server.RaftServerConfigKeys (ConfUtils.java:logGet(46)) - raft.server.threadpool.server.cached = true (default)
2024-06-12 07:36:51,345 [ac495114-8bb8-4dac-b10f-46951d6cb650-groupManagement] INFO  server.RaftServerConfigKeys (ConfUtils.java:logGet(46)) - raft.server.threadpool.server.size = 0 (default)
2024-06-12 07:36:51,345 [ac495114-8bb8-4dac-b10f-46951d6cb650-groupManagement] INFO  server.RaftServerConfigKeys (ConfUtils.java:logGet(46)) - raft.server.threadpool.client.cached = true (default)
2024-06-12 07:36:51,345 [ac495114-8bb8-4dac-b10f-46951d6cb650-groupManagement] INFO  server.RaftServerConfigKeys (ConfUtils.java:logGet(46)) - raft.server.threadpool.client.size = 0 (default)
2024-06-12 07:36:51,346 [ac495114-8bb8-4dac-b10f-46951d6cb650-groupManagement] INFO  server.RaftServer$Division (RaftServerImpl.java:<init>(256)) - ac495114-8bb8-4dac-b10f-46951d6cb650: new RaftServerImpl for group-886BF1B6D606:[6f841693-a0f5-4238-8e94-5d49f60504b4|127.0.0.1:15139, 29194895-a428-4dbc-89d8-767dd839d7c3|127.0.0.1:15157, ac495114-8bb8-4dac-b10f-46951d6cb650|127.0.0.1:15148] with ContainerStateMachine:uninitialized
2024-06-12 07:36:51,346 [ac495114-8bb8-4dac-b10f-46951d6cb650-groupManagement] INFO  server.RaftServerConfigKeys (ConfUtils.java:logGet(46)) - raft.server.rpc.timeout.min = 1s (custom)
2024-06-12 07:36:51,346 [ac495114-8bb8-4dac-b10f-46951d6cb650-groupManagement] INFO  server.RaftServerConfigKeys (ConfUtils.java:logGet(46)) - raft.server.rpc.timeout.max = 1200ms (custom)
2024-06-12 07:36:51,346 [ac495114-8bb8-4dac-b10f-46951d6cb650-groupManagement] INFO  server.RaftServerConfigKeys (ConfUtils.java:logGet(46)) - raft.server.rpc.sleep.time = 25ms (default)
2024-06-12 07:36:51,346 [ac495114-8bb8-4dac-b10f-46951d6cb650-groupManagement] INFO  server.RaftServerConfigKeys (ConfUtils.java:logGet(46)) - raft.server.rpc.slowness.timeout = 300000ms (custom)
2024-06-12 07:36:51,346 [ac495114-8bb8-4dac-b10f-46951d6cb650-groupManagement] INFO  server.RaftServerConfigKeys (ConfUtils.java:logGet(46)) - raft.server.leaderelection.leader.step-down.wait-time = 10s (default)
2024-06-12 07:36:51,346 [ac495114-8bb8-4dac-b10f-46951d6cb650-groupManagement] INFO  server.RaftServerConfigKeys (ConfUtils.java:logGet(46)) - raft.server.leaderelection.member.majority-add = false (default)
2024-06-12 07:36:51,346 [ac495114-8bb8-4dac-b10f-46951d6cb650-groupManagement] INFO  server.RaftServerConfigKeys (ConfUtils.java:logGet(46)) - raft.server.sleep.deviation.threshold = 300ms (default)
2024-06-12 07:36:51,346 [ac495114-8bb8-4dac-b10f-46951d6cb650-groupManagement] INFO  server.RaftServer$Division (ServerState.java:<init>(113)) - ac495114-8bb8-4dac-b10f-46951d6cb650@group-886BF1B6D606: ConfigurationManager, init=-1: peers:[6f841693-a0f5-4238-8e94-5d49f60504b4|127.0.0.1:15139, 29194895-a428-4dbc-89d8-767dd839d7c3|127.0.0.1:15157, ac495114-8bb8-4dac-b10f-46951d6cb650|127.0.0.1:15148]|listeners:[], old=null, confs=<EMPTY_MAP>
2024-06-12 07:36:51,346 [ac495114-8bb8-4dac-b10f-46951d6cb650-groupManagement] INFO  server.RaftServerConfigKeys (ConfUtils.java:logGet(46)) - raft.server.notification.no-leader.timeout = 300000ms (custom)
2024-06-12 07:36:51,346 [ac495114-8bb8-4dac-b10f-46951d6cb650-groupManagement] INFO  server.RaftServerConfigKeys (ConfUtils.java:logGet(46)) - raft.server.read.timeout = 10s (default)
2024-06-12 07:36:51,346 [ac495114-8bb8-4dac-b10f-46951d6cb650-groupManagement] INFO  server.RaftServerConfigKeys (ConfUtils.java:logGet(46)) - raft.server.retrycache.expirytime = 600000ms (custom)
2024-06-12 07:36:51,346 [ac495114-8bb8-4dac-b10f-46951d6cb650-groupManagement] INFO  server.RaftServerConfigKeys (ConfUtils.java:logGet(46)) - raft.server.retrycache.statistics.expirytime = 100ms (default)
2024-06-12 07:36:51,347 [ac495114-8bb8-4dac-b10f-46951d6cb650-groupManagement] INFO  server.RaftServerConfigKeys (ConfUtils.java:logGet(46)) - raft.server.read.option = DEFAULT (default)
2024-06-12 07:36:51,347 [ac495114-8bb8-4dac-b10f-46951d6cb650-groupManagement] INFO  server.RaftServerConfigKeys (ConfUtils.java:logGet(46)) - raft.server.read.read-after-write-consistent.write-index-cache.expiry-time = 60s (default)
2024-06-12 07:36:51,349 [ac495114-8bb8-4dac-b10f-46951d6cb650-groupManagement] INFO  server.RaftServerConfigKeys (ConfUtils.java:logGet(46)) - raft.server.rpc.request.timeout = 3000ms (default)
2024-06-12 07:36:51,349 [ac495114-8bb8-4dac-b10f-46951d6cb650-groupManagement] INFO  server.RaftServerConfigKeys (ConfUtils.java:logGet(46)) - raft.server.log.appender.install.snapshot.enabled = false (custom)
2024-06-12 07:36:51,349 [ac495114-8bb8-4dac-b10f-46951d6cb650-groupManagement] INFO  server.RaftServerConfigKeys (ConfUtils.java:logGet(46)) - raft.server.threadpool.server.cached = true (default)
2024-06-12 07:36:51,349 [ac495114-8bb8-4dac-b10f-46951d6cb650-groupManagement] INFO  server.RaftServerConfigKeys (ConfUtils.java:logGet(46)) - raft.server.threadpool.server.size = 0 (default)
2024-06-12 07:36:51,349 [ac495114-8bb8-4dac-b10f-46951d6cb650-groupManagement] INFO  server.RaftServerConfigKeys (ConfUtils.java:logGet(46)) - raft.server.threadpool.client.cached = true (default)
2024-06-12 07:36:51,349 [ac495114-8bb8-4dac-b10f-46951d6cb650-groupManagement] INFO  server.RaftServerConfigKeys (ConfUtils.java:logGet(46)) - raft.server.threadpool.client.size = 0 (default)
2024-06-12 07:36:51,349 [ac495114-8bb8-4dac-b10f-46951d6cb650-groupManagement] INFO  server.RaftServerConfigKeys (ConfUtils.java:logGet(46)) - raft.server.storage.free-space.min = 0MB (=0) (default)
2024-06-12 07:36:51,349 [ac495114-8bb8-4dac-b10f-46951d6cb650-groupManagement] INFO  server.RaftServerConfigKeys (ConfUtils.java:logGet(46)) - raft.server.log.corruption.policy = EXCEPTION (default)
2024-06-12 07:36:51,349 [ac495114-8bb8-4dac-b10f-46951d6cb650-groupManagement] INFO  server.RaftServerConfigKeys (ConfUtils.java:logGet(46)) - raft.server.storage.dir = [/home/runner/work/ozone/ozone/hadoop-ozone/integration-test/target/test-dir/MiniOzoneClusterImpl-63f03bc8-0399-4ce2-9c43-ca6ad8c463d8/ozone-meta/datanode-5/ratis] (custom)
2024-06-12 07:36:51,350 [ac495114-8bb8-4dac-b10f-46951d6cb650-groupManagement] INFO  storage.RaftStorageDirectory (RaftStorageDirectoryImpl.java:analyzeStorage(138)) - The storage directory /home/runner/work/ozone/ozone/hadoop-ozone/integration-test/target/test-dir/MiniOzoneClusterImpl-63f03bc8-0399-4ce2-9c43-ca6ad8c463d8/ozone-meta/datanode-5/ratis/3c6756a6-c20a-4fdc-8f34-a20483cac47c does not exist. Creating ...
2024-06-12 07:36:51,352 [ac495114-8bb8-4dac-b10f-46951d6cb650-groupManagement] INFO  storage.RaftStorageDirectory (RaftStorageDirectoryImpl.java:tryLock(228)) - Lock on /home/runner/work/ozone/ozone/hadoop-ozone/integration-test/target/test-dir/MiniOzoneClusterImpl-63f03bc8-0399-4ce2-9c43-ca6ad8c463d8/ozone-meta/datanode-5/ratis/3c6756a6-c20a-4fdc-8f34-a20483cac47c/in_use.lock acquired by nodename 34952@fv-az1443-254
2024-06-12 07:36:51,353 [ac495114-8bb8-4dac-b10f-46951d6cb650-groupManagement] INFO  storage.RaftStorage (RaftStorageImpl.java:format(99)) - Storage directory /home/runner/work/ozone/ozone/hadoop-ozone/integration-test/target/test-dir/MiniOzoneClusterImpl-63f03bc8-0399-4ce2-9c43-ca6ad8c463d8/ozone-meta/datanode-5/ratis/3c6756a6-c20a-4fdc-8f34-a20483cac47c has been successfully formatted.
2024-06-12 07:36:51,353 [ac495114-8bb8-4dac-b10f-46951d6cb650-groupManagement] WARN  util.FileUtils (LogUtils.java:supplyAndLog(63)) - Failed to Files.newInputStream /home/runner/work/ozone/ozone/hadoop-ozone/integration-test/target/test-dir/MiniOzoneClusterImpl-63f03bc8-0399-4ce2-9c43-ca6ad8c463d8/ozone-meta/datanode-5/ratis/3c6756a6-c20a-4fdc-8f34-a20483cac47c/current/raft-meta.conf with options []: java.nio.file.NoSuchFileException: /home/runner/work/ozone/ozone/hadoop-ozone/integration-test/target/test-dir/MiniOzoneClusterImpl-63f03bc8-0399-4ce2-9c43-ca6ad8c463d8/ozone-meta/datanode-5/ratis/3c6756a6-c20a-4fdc-8f34-a20483cac47c/current/raft-meta.conf
2024-06-12 07:36:51,354 [ac495114-8bb8-4dac-b10f-46951d6cb650-groupManagement] INFO  ratis.ContainerStateMachine (ContainerStateMachine.java:loadSnapshot(287)) - group-A20483CAC47C: The snapshot info is null. Setting the last applied index to:(t:0, i:~)
2024-06-12 07:36:51,354 [ac495114-8bb8-4dac-b10f-46951d6cb650-groupManagement] INFO  server.RaftServerConfigKeys (ConfUtils.java:logGet(46)) - raft.server.log.use.memory = false (default)
2024-06-12 07:36:51,354 [ac495114-8bb8-4dac-b10f-46951d6cb650-groupManagement] INFO  server.RaftServerConfigKeys (ConfUtils.java:logGet(46)) - raft.server.log.purge.gap = 1000000 (custom)
2024-06-12 07:36:51,354 [ac495114-8bb8-4dac-b10f-46951d6cb650-groupManagement] INFO  server.RaftServerConfigKeys (ConfUtils.java:logGet(46)) - raft.server.log.appender.buffer.byte-limit = 8388608 (custom)
2024-06-12 07:36:51,354 [ac495114-8bb8-4dac-b10f-46951d6cb650-groupManagement] INFO  server.RaftServerConfigKeys (ConfUtils.java:logGet(46)) - raft.server.log.statemachine.data.read.timeout = 1000ms (default)
2024-06-12 07:36:51,354 [ac495114-8bb8-4dac-b10f-46951d6cb650-groupManagement] INFO  server.RaftServerConfigKeys (ConfUtils.java:logGet(46)) - raft.server.log.purge.preservation.log.num = 0 (default)
2024-06-12 07:36:51,355 [EventQueue-OpenPipelineForHealthyPipelineSafeModeRule] INFO  safemode.SCMSafeModeManager (HealthyPipelineSafeModeRule.java:process(140)) - SCM in safe mode. Healthy pipelines reported count is 0, required healthy pipeline reported count is 1
2024-06-12 07:36:51,356 [ac495114-8bb8-4dac-b10f-46951d6cb650-groupManagement] INFO  server.RaftServerConfigKeys (ConfUtils.java:logGet(46)) - raft.server.log.segment.size.max = 67108864 (custom)
2024-06-12 07:36:51,356 [ac495114-8bb8-4dac-b10f-46951d6cb650-groupManagement] INFO  server.RaftServerConfigKeys (ConfUtils.java:logGet(46)) - raft.server.log.segment.cache.num.max = 2 (custom)
2024-06-12 07:36:51,356 [ac495114-8bb8-4dac-b10f-46951d6cb650-groupManagement] INFO  server.RaftServerConfigKeys (ConfUtils.java:logGet(46)) - raft.server.log.segment.cache.size.max = 200MB (=209715200) (default)
2024-06-12 07:36:51,356 [ac495114-8bb8-4dac-b10f-46951d6cb650-groupManagement] INFO  server.RaftServerConfigKeys (ConfUtils.java:logGet(46)) - raft.server.log.appender.buffer.byte-limit = 8388608 (custom)
2024-06-12 07:36:51,357 [ac495114-8bb8-4dac-b10f-46951d6cb650-groupManagement] INFO  util.AwaitToRun (AwaitToRun.java:start(81)) - Thread[ac495114-8bb8-4dac-b10f-46951d6cb650@group-A20483CAC47C-cacheEviction-AwaitToRun,5,main] started
2024-06-12 07:36:51,357 [ac495114-8bb8-4dac-b10f-46951d6cb650-groupManagement] INFO  segmented.SegmentedRaftLogWorker (SegmentedRaftLogWorker.java:<init>(182)) - new ac495114-8bb8-4dac-b10f-46951d6cb650@group-A20483CAC47C-SegmentedRaftLogWorker for RaftStorageImpl:Storage Directory /home/runner/work/ozone/ozone/hadoop-ozone/integration-test/target/test-dir/MiniOzoneClusterImpl-63f03bc8-0399-4ce2-9c43-ca6ad8c463d8/ozone-meta/datanode-5/ratis/3c6756a6-c20a-4fdc-8f34-a20483cac47c
2024-06-12 07:36:51,357 [ac495114-8bb8-4dac-b10f-46951d6cb650-groupManagement] INFO  server.RaftServerConfigKeys (ConfUtils.java:logGet(46)) - raft.server.log.queue.byte-limit = 4294967296 (custom)
2024-06-12 07:36:51,357 [ac495114-8bb8-4dac-b10f-46951d6cb650-groupManagement] INFO  server.RaftServerConfigKeys (ConfUtils.java:logGet(46)) - raft.server.log.queue.element-limit = 1024 (custom)
2024-06-12 07:36:51,357 [ac495114-8bb8-4dac-b10f-46951d6cb650-groupManagement] INFO  server.RaftServerConfigKeys (ConfUtils.java:logGet(46)) - raft.server.log.segment.size.max = 67108864 (custom)
2024-06-12 07:36:51,357 [ac495114-8bb8-4dac-b10f-46951d6cb650-groupManagement] INFO  server.RaftServerConfigKeys (ConfUtils.java:logGet(46)) - raft.server.log.preallocated.size = 4194304 (custom)
2024-06-12 07:36:51,357 [ac495114-8bb8-4dac-b10f-46951d6cb650-groupManagement] INFO  server.RaftServerConfigKeys (ConfUtils.java:logGet(46)) - raft.server.log.force.sync.num = 128 (default)
2024-06-12 07:36:51,357 [ac495114-8bb8-4dac-b10f-46951d6cb650-groupManagement] INFO  server.RaftServerConfigKeys (ConfUtils.java:logGet(46)) - raft.server.log.statemachine.data.sync = true (default)
2024-06-12 07:36:51,357 [ac495114-8bb8-4dac-b10f-46951d6cb650-groupManagement] INFO  server.RaftServerConfigKeys (ConfUtils.java:logGet(46)) - raft.server.log.statemachine.data.sync.timeout = 10s (default)
2024-06-12 07:36:51,357 [ac495114-8bb8-4dac-b10f-46951d6cb650-groupManagement] INFO  server.RaftServerConfigKeys (ConfUtils.java:logGet(46)) - raft.server.log.statemachine.data.sync.timeout.retry = 30 (custom)
2024-06-12 07:36:51,358 [ac495114-8bb8-4dac-b10f-46951d6cb650-groupManagement] INFO  server.RaftServerConfigKeys (ConfUtils.java:logGet(46)) - raft.server.log.write.buffer.size = 8388616 (custom)
2024-06-12 07:36:51,359 [ac495114-8bb8-4dac-b10f-46951d6cb650-groupManagement] INFO  server.RaftServerConfigKeys (ConfUtils.java:logGet(46)) - raft.server.log.appender.buffer.byte-limit = 8388608 (custom)
2024-06-12 07:36:51,359 [ac495114-8bb8-4dac-b10f-46951d6cb650-groupManagement] INFO  server.RaftServerConfigKeys (ConfUtils.java:logGet(46)) - raft.server.log.unsafe-flush.enabled = false (default)
2024-06-12 07:36:51,359 [ac495114-8bb8-4dac-b10f-46951d6cb650-groupManagement] INFO  server.RaftServerConfigKeys (ConfUtils.java:logGet(46)) - raft.server.log.async-flush.enabled = false (default)
2024-06-12 07:36:51,359 [ac495114-8bb8-4dac-b10f-46951d6cb650-groupManagement] INFO  server.RaftServerConfigKeys (ConfUtils.java:logGet(46)) - raft.server.log.statemachine.data.caching.enabled = true (custom)
2024-06-12 07:36:51,360 [ac495114-8bb8-4dac-b10f-46951d6cb650-groupManagement] INFO  segmented.SegmentedRaftLogWorker (SegmentedRaftLogWorker.java:lambda$new$0(134)) - ac495114-8bb8-4dac-b10f-46951d6cb650@group-A20483CAC47C-SegmentedRaftLogWorker: flushIndex: setUnconditionally 0 -> -1
2024-06-12 07:36:51,360 [ac495114-8bb8-4dac-b10f-46951d6cb650-groupManagement] INFO  segmented.SegmentedRaftLogWorker (SegmentedRaftLogWorker.java:lambda$new$0(134)) - ac495114-8bb8-4dac-b10f-46951d6cb650@group-A20483CAC47C-SegmentedRaftLogWorker: safeCacheEvictIndex: setUnconditionally 0 -> -1
2024-06-12 07:36:51,361 [ac495114-8bb8-4dac-b10f-46951d6cb650-groupManagement] INFO  server.RaftServer$Division (RaftServerImpl.java:start(396)) - ac495114-8bb8-4dac-b10f-46951d6cb650@group-A20483CAC47C: start as a follower, conf=-1: peers:[6f841693-a0f5-4238-8e94-5d49f60504b4|127.0.0.1:15139, 29194895-a428-4dbc-89d8-767dd839d7c3|127.0.0.1:15157, ac495114-8bb8-4dac-b10f-46951d6cb650|127.0.0.1:15148]|listeners:[], old=null
2024-06-12 07:36:51,361 [ac495114-8bb8-4dac-b10f-46951d6cb650-groupManagement] INFO  server.RaftServer$Division (RaftServerImpl.java:setRole(383)) - ac495114-8bb8-4dac-b10f-46951d6cb650@group-A20483CAC47C: changes role from      null to FOLLOWER at term 0 for startAsFollower
2024-06-12 07:36:51,362 [ac495114-8bb8-4dac-b10f-46951d6cb650-groupManagement] INFO  impl.RoleInfo (RoleInfo.java:updateAndGet(139)) - ac495114-8bb8-4dac-b10f-46951d6cb650: start ac495114-8bb8-4dac-b10f-46951d6cb650@group-A20483CAC47C-FollowerState
2024-06-12 07:36:51,365 [main] INFO  ozone.MiniOzoneClusterImpl (MiniOzoneClusterImpl.java:lambda$waitForClusterToBeReady$0(194)) - Nodes are ready. Got 6 of 6 DN Heartbeats.
2024-06-12 07:36:51,365 [main] INFO  ozone.MiniOzoneClusterImpl (MiniOzoneClusterImpl.java:lambda$waitForClusterToBeReady$0(197)) - Waiting for cluster to exit safe mode
2024-06-12 07:36:51,366 [main] INFO  ozone.MiniOzoneClusterImpl (MiniOzoneClusterImpl.java:lambda$waitForClusterToBeReady$0(199)) - SCM became leader
2024-06-12 07:36:51,369 [ac495114-8bb8-4dac-b10f-46951d6cb650-groupManagement] INFO  util.JmxRegister (JmxRegister.java:tryRegister(44)) - Successfully registered JMX Bean with object name Ratis:service=RaftServer,group=group-A20483CAC47C,id=ac495114-8bb8-4dac-b10f-46951d6cb650
2024-06-12 07:36:51,369 [ac495114-8bb8-4dac-b10f-46951d6cb650-groupManagement] INFO  server.RaftServerConfigKeys (ConfUtils.java:logGet(46)) - raft.server.snapshot.trigger-when-stop.enabled = true (default)
2024-06-12 07:36:51,369 [ac495114-8bb8-4dac-b10f-46951d6cb650-groupManagement] INFO  server.RaftServerConfigKeys (ConfUtils.java:logGet(46)) - raft.server.snapshot.auto.trigger.enabled = true (custom)
2024-06-12 07:36:51,369 [ac495114-8bb8-4dac-b10f-46951d6cb650-groupManagement] INFO  server.RaftServerConfigKeys (ConfUtils.java:logGet(46)) - raft.server.snapshot.auto.trigger.threshold = 10000 (custom)
2024-06-12 07:36:51,369 [ac495114-8bb8-4dac-b10f-46951d6cb650-groupManagement] INFO  server.RaftServerConfigKeys (ConfUtils.java:logGet(46)) - raft.server.snapshot.retention.file.num = 5 (custom)
2024-06-12 07:36:51,369 [ac495114-8bb8-4dac-b10f-46951d6cb650-groupManagement] INFO  server.RaftServerConfigKeys (ConfUtils.java:logGet(46)) - raft.server.log.purge.upto.snapshot.index = false (default)
2024-06-12 07:36:51,369 [ac495114-8bb8-4dac-b10f-46951d6cb650@group-A20483CAC47C-FollowerState] INFO  server.RaftServerConfigKeys (ConfUtils.java:logFallback(53)) - raft.server.rpc.first-election.timeout.min = 1s (fallback to raft.server.rpc.timeout.min)
2024-06-12 07:36:51,370 [ac495114-8bb8-4dac-b10f-46951d6cb650@group-A20483CAC47C-FollowerState] INFO  server.RaftServerConfigKeys (ConfUtils.java:logFallback(53)) - raft.server.rpc.first-election.timeout.max = 1200ms (fallback to raft.server.rpc.timeout.max)
2024-06-12 07:36:51,370 [ac495114-8bb8-4dac-b10f-46951d6cb650-groupManagement] INFO  server.RaftServerConfigKeys (ConfUtils.java:logGet(46)) - raft.server.storage.free-space.min = 0MB (=0) (default)
2024-06-12 07:36:51,370 [ac495114-8bb8-4dac-b10f-46951d6cb650-groupManagement] INFO  server.RaftServerConfigKeys (ConfUtils.java:logGet(46)) - raft.server.log.corruption.policy = EXCEPTION (default)
2024-06-12 07:36:51,372 [ac495114-8bb8-4dac-b10f-46951d6cb650-groupManagement] INFO  server.RaftServerConfigKeys (ConfUtils.java:logGet(46)) - raft.server.storage.dir = [/home/runner/work/ozone/ozone/hadoop-ozone/integration-test/target/test-dir/MiniOzoneClusterImpl-63f03bc8-0399-4ce2-9c43-ca6ad8c463d8/ozone-meta/datanode-5/ratis] (custom)
2024-06-12 07:36:51,372 [ac495114-8bb8-4dac-b10f-46951d6cb650-groupManagement] INFO  storage.RaftStorageDirectory (RaftStorageDirectoryImpl.java:analyzeStorage(138)) - The storage directory /home/runner/work/ozone/ozone/hadoop-ozone/integration-test/target/test-dir/MiniOzoneClusterImpl-63f03bc8-0399-4ce2-9c43-ca6ad8c463d8/ozone-meta/datanode-5/ratis/750c4273-4abe-4ab7-ae36-886bf1b6d606 does not exist. Creating ...
2024-06-12 07:36:51,373 [ac495114-8bb8-4dac-b10f-46951d6cb650-groupManagement] INFO  storage.RaftStorageDirectory (RaftStorageDirectoryImpl.java:tryLock(228)) - Lock on /home/runner/work/ozone/ozone/hadoop-ozone/integration-test/target/test-dir/MiniOzoneClusterImpl-63f03bc8-0399-4ce2-9c43-ca6ad8c463d8/ozone-meta/datanode-5/ratis/750c4273-4abe-4ab7-ae36-886bf1b6d606/in_use.lock acquired by nodename 34952@fv-az1443-254
2024-06-12 07:36:51,373 [29194895-a428-4dbc-89d8-767dd839d7c3-PipelineCommandHandlerThread-0] INFO  server.RaftServer (RaftServerProxy.java:addNew(100)) - 29194895-a428-4dbc-89d8-767dd839d7c3: addNew group-26EE86764DB4:[29194895-a428-4dbc-89d8-767dd839d7c3|127.0.0.1:15157] returns group-26EE86764DB4:java.util.concurrent.CompletableFuture@2a904a9f[Not completed]
2024-06-12 07:36:51,374 [ac495114-8bb8-4dac-b10f-46951d6cb650-groupManagement] INFO  storage.RaftStorage (RaftStorageImpl.java:format(99)) - Storage directory /home/runner/work/ozone/ozone/hadoop-ozone/integration-test/target/test-dir/MiniOzoneClusterImpl-63f03bc8-0399-4ce2-9c43-ca6ad8c463d8/ozone-meta/datanode-5/ratis/750c4273-4abe-4ab7-ae36-886bf1b6d606 has been successfully formatted.
2024-06-12 07:36:51,374 [ac495114-8bb8-4dac-b10f-46951d6cb650-groupManagement] WARN  util.FileUtils (LogUtils.java:supplyAndLog(63)) - Failed to Files.newInputStream /home/runner/work/ozone/ozone/hadoop-ozone/integration-test/target/test-dir/MiniOzoneClusterImpl-63f03bc8-0399-4ce2-9c43-ca6ad8c463d8/ozone-meta/datanode-5/ratis/750c4273-4abe-4ab7-ae36-886bf1b6d606/current/raft-meta.conf with options []: java.nio.file.NoSuchFileException: /home/runner/work/ozone/ozone/hadoop-ozone/integration-test/target/test-dir/MiniOzoneClusterImpl-63f03bc8-0399-4ce2-9c43-ca6ad8c463d8/ozone-meta/datanode-5/ratis/750c4273-4abe-4ab7-ae36-886bf1b6d606/current/raft-meta.conf
2024-06-12 07:36:51,374 [ac495114-8bb8-4dac-b10f-46951d6cb650-groupManagement] INFO  ratis.ContainerStateMachine (ContainerStateMachine.java:loadSnapshot(287)) - group-886BF1B6D606: The snapshot info is null. Setting the last applied index to:(t:0, i:~)
2024-06-12 07:36:51,374 [ac495114-8bb8-4dac-b10f-46951d6cb650-groupManagement] INFO  server.RaftServerConfigKeys (ConfUtils.java:logGet(46)) - raft.server.log.use.memory = false (default)
2024-06-12 07:36:51,374 [ac495114-8bb8-4dac-b10f-46951d6cb650-groupManagement] INFO  server.RaftServerConfigKeys (ConfUtils.java:logGet(46)) - raft.server.log.purge.gap = 1000000 (custom)
2024-06-12 07:36:51,374 [ac495114-8bb8-4dac-b10f-46951d6cb650-groupManagement] INFO  server.RaftServerConfigKeys (ConfUtils.java:logGet(46)) - raft.server.log.appender.buffer.byte-limit = 8388608 (custom)
2024-06-12 07:36:51,375 [ac495114-8bb8-4dac-b10f-46951d6cb650-groupManagement] INFO  server.RaftServerConfigKeys (ConfUtils.java:logGet(46)) - raft.server.log.statemachine.data.read.timeout = 1000ms (default)
2024-06-12 07:36:51,375 [ac495114-8bb8-4dac-b10f-46951d6cb650-groupManagement] INFO  server.RaftServerConfigKeys (ConfUtils.java:logGet(46)) - raft.server.log.purge.preservation.log.num = 0 (default)
2024-06-12 07:36:51,376 [ac495114-8bb8-4dac-b10f-46951d6cb650-groupManagement] INFO  server.RaftServerConfigKeys (ConfUtils.java:logGet(46)) - raft.server.log.segment.size.max = 67108864 (custom)
2024-06-12 07:36:51,376 [ac495114-8bb8-4dac-b10f-46951d6cb650-groupManagement] INFO  server.RaftServerConfigKeys (ConfUtils.java:logGet(46)) - raft.server.log.segment.cache.num.max = 2 (custom)
2024-06-12 07:36:51,376 [ac495114-8bb8-4dac-b10f-46951d6cb650-groupManagement] INFO  server.RaftServerConfigKeys (ConfUtils.java:logGet(46)) - raft.server.log.segment.cache.size.max = 200MB (=209715200) (default)
2024-06-12 07:36:51,376 [ac495114-8bb8-4dac-b10f-46951d6cb650-groupManagement] INFO  server.RaftServerConfigKeys (ConfUtils.java:logGet(46)) - raft.server.log.appender.buffer.byte-limit = 8388608 (custom)
2024-06-12 07:36:51,376 [EventQueue-OpenPipelineForHealthyPipelineSafeModeRule] INFO  safemode.SCMSafeModeManager (HealthyPipelineSafeModeRule.java:process(140)) - SCM in safe mode. Healthy pipelines reported count is 0, required healthy pipeline reported count is 1
2024-06-12 07:36:51,377 [29194895-a428-4dbc-89d8-767dd839d7c3-groupManagement] INFO  server.RaftServer$Division (RaftServerImpl.java:<init>(256)) - 29194895-a428-4dbc-89d8-767dd839d7c3: new RaftServerImpl for group-26EE86764DB4:[29194895-a428-4dbc-89d8-767dd839d7c3|127.0.0.1:15157] with ContainerStateMachine:uninitialized
2024-06-12 07:36:51,377 [29194895-a428-4dbc-89d8-767dd839d7c3-groupManagement] INFO  server.RaftServerConfigKeys (ConfUtils.java:logGet(46)) - raft.server.rpc.timeout.min = 1s (custom)
2024-06-12 07:36:51,377 [29194895-a428-4dbc-89d8-767dd839d7c3-groupManagement] INFO  server.RaftServerConfigKeys (ConfUtils.java:logGet(46)) - raft.server.rpc.timeout.max = 1200ms (custom)
2024-06-12 07:36:51,377 [29194895-a428-4dbc-89d8-767dd839d7c3-groupManagement] INFO  server.RaftServerConfigKeys (ConfUtils.java:logGet(46)) - raft.server.rpc.sleep.time = 25ms (default)
2024-06-12 07:36:51,377 [29194895-a428-4dbc-89d8-767dd839d7c3-groupManagement] INFO  server.RaftServerConfigKeys (ConfUtils.java:logGet(46)) - raft.server.rpc.slowness.timeout = 300000ms (custom)
2024-06-12 07:36:51,377 [29194895-a428-4dbc-89d8-767dd839d7c3-groupManagement] INFO  server.RaftServerConfigKeys (ConfUtils.java:logGet(46)) - raft.server.leaderelection.leader.step-down.wait-time = 10s (default)
2024-06-12 07:36:51,377 [29194895-a428-4dbc-89d8-767dd839d7c3-groupManagement] INFO  server.RaftServerConfigKeys (ConfUtils.java:logGet(46)) - raft.server.leaderelection.member.majority-add = false (default)
2024-06-12 07:36:51,377 [29194895-a428-4dbc-89d8-767dd839d7c3-groupManagement] INFO  server.RaftServerConfigKeys (ConfUtils.java:logGet(46)) - raft.server.sleep.deviation.threshold = 300ms (default)
2024-06-12 07:36:51,377 [29194895-a428-4dbc-89d8-767dd839d7c3-groupManagement] INFO  server.RaftServer$Division (ServerState.java:<init>(113)) - 29194895-a428-4dbc-89d8-767dd839d7c3@group-26EE86764DB4: ConfigurationManager, init=-1: peers:[29194895-a428-4dbc-89d8-767dd839d7c3|127.0.0.1:15157]|listeners:[], old=null, confs=<EMPTY_MAP>
2024-06-12 07:36:51,377 [29194895-a428-4dbc-89d8-767dd839d7c3-groupManagement] INFO  server.RaftServerConfigKeys (ConfUtils.java:logGet(46)) - raft.server.notification.no-leader.timeout = 300000ms (custom)
2024-06-12 07:36:51,377 [29194895-a428-4dbc-89d8-767dd839d7c3-groupManagement] INFO  server.RaftServerConfigKeys (ConfUtils.java:logGet(46)) - raft.server.read.timeout = 10s (default)
2024-06-12 07:36:51,378 [29194895-a428-4dbc-89d8-767dd839d7c3-groupManagement] INFO  server.RaftServerConfigKeys (ConfUtils.java:logGet(46)) - raft.server.retrycache.expirytime = 600000ms (custom)
2024-06-12 07:36:51,378 [29194895-a428-4dbc-89d8-767dd839d7c3-groupManagement] INFO  server.RaftServerConfigKeys (ConfUtils.java:logGet(46)) - raft.server.retrycache.statistics.expirytime = 100ms (default)
2024-06-12 07:36:51,378 [29194895-a428-4dbc-89d8-767dd839d7c3-groupManagement] INFO  server.RaftServerConfigKeys (ConfUtils.java:logGet(46)) - raft.server.read.option = DEFAULT (default)
2024-06-12 07:36:51,378 [29194895-a428-4dbc-89d8-767dd839d7c3-groupManagement] INFO  server.RaftServerConfigKeys (ConfUtils.java:logGet(46)) - raft.server.read.read-after-write-consistent.write-index-cache.expiry-time = 60s (default)
2024-06-12 07:36:51,380 [29194895-a428-4dbc-89d8-767dd839d7c3-groupManagement] INFO  server.RaftServerConfigKeys (ConfUtils.java:logGet(46)) - raft.server.rpc.request.timeout = 3000ms (default)
2024-06-12 07:36:51,380 [29194895-a428-4dbc-89d8-767dd839d7c3-groupManagement] INFO  server.RaftServerConfigKeys (ConfUtils.java:logGet(46)) - raft.server.log.appender.install.snapshot.enabled = false (custom)
2024-06-12 07:36:51,380 [29194895-a428-4dbc-89d8-767dd839d7c3-groupManagement] INFO  server.RaftServerConfigKeys (ConfUtils.java:logGet(46)) - raft.server.threadpool.server.cached = true (default)
2024-06-12 07:36:51,380 [29194895-a428-4dbc-89d8-767dd839d7c3-groupManagement] INFO  server.RaftServerConfigKeys (ConfUtils.java:logGet(46)) - raft.server.threadpool.server.size = 0 (default)
2024-06-12 07:36:51,380 [29194895-a428-4dbc-89d8-767dd839d7c3-groupManagement] INFO  server.RaftServerConfigKeys (ConfUtils.java:logGet(46)) - raft.server.threadpool.client.cached = true (default)
2024-06-12 07:36:51,380 [29194895-a428-4dbc-89d8-767dd839d7c3-groupManagement] INFO  server.RaftServerConfigKeys (ConfUtils.java:logGet(46)) - raft.server.threadpool.client.size = 0 (default)
2024-06-12 07:36:51,380 [29194895-a428-4dbc-89d8-767dd839d7c3-groupManagement] INFO  server.RaftServerConfigKeys (ConfUtils.java:logGet(46)) - raft.server.storage.free-space.min = 0MB (=0) (default)
2024-06-12 07:36:51,380 [29194895-a428-4dbc-89d8-767dd839d7c3-groupManagement] INFO  server.RaftServerConfigKeys (ConfUtils.java:logGet(46)) - raft.server.log.corruption.policy = EXCEPTION (default)
2024-06-12 07:36:51,380 [29194895-a428-4dbc-89d8-767dd839d7c3-groupManagement] INFO  server.RaftServerConfigKeys (ConfUtils.java:logGet(46)) - raft.server.storage.dir = [/home/runner/work/ozone/ozone/hadoop-ozone/integration-test/target/test-dir/MiniOzoneClusterImpl-63f03bc8-0399-4ce2-9c43-ca6ad8c463d8/ozone-meta/datanode-6/ratis] (custom)
2024-06-12 07:36:51,381 [29194895-a428-4dbc-89d8-767dd839d7c3-groupManagement] INFO  storage.RaftStorageDirectory (RaftStorageDirectoryImpl.java:analyzeStorage(138)) - The storage directory /home/runner/work/ozone/ozone/hadoop-ozone/integration-test/target/test-dir/MiniOzoneClusterImpl-63f03bc8-0399-4ce2-9c43-ca6ad8c463d8/ozone-meta/datanode-6/ratis/2bbdbdde-9b6a-4dd9-ac95-26ee86764db4 does not exist. Creating ...
2024-06-12 07:36:51,382 [ac495114-8bb8-4dac-b10f-46951d6cb650-groupManagement] INFO  util.AwaitToRun (AwaitToRun.java:start(81)) - Thread[ac495114-8bb8-4dac-b10f-46951d6cb650@group-886BF1B6D606-cacheEviction-AwaitToRun,5,main] started
2024-06-12 07:36:51,382 [ac495114-8bb8-4dac-b10f-46951d6cb650-groupManagement] INFO  segmented.SegmentedRaftLogWorker (SegmentedRaftLogWorker.java:<init>(182)) - new ac495114-8bb8-4dac-b10f-46951d6cb650@group-886BF1B6D606-SegmentedRaftLogWorker for RaftStorageImpl:Storage Directory /home/runner/work/ozone/ozone/hadoop-ozone/integration-test/target/test-dir/MiniOzoneClusterImpl-63f03bc8-0399-4ce2-9c43-ca6ad8c463d8/ozone-meta/datanode-5/ratis/750c4273-4abe-4ab7-ae36-886bf1b6d606
2024-06-12 07:36:51,382 [ac495114-8bb8-4dac-b10f-46951d6cb650-groupManagement] INFO  server.RaftServerConfigKeys (ConfUtils.java:logGet(46)) - raft.server.log.queue.byte-limit = 4294967296 (custom)
2024-06-12 07:36:51,382 [ac495114-8bb8-4dac-b10f-46951d6cb650-groupManagement] INFO  server.RaftServerConfigKeys (ConfUtils.java:logGet(46)) - raft.server.log.queue.element-limit = 1024 (custom)
2024-06-12 07:36:51,382 [ac495114-8bb8-4dac-b10f-46951d6cb650-groupManagement] INFO  server.RaftServerConfigKeys (ConfUtils.java:logGet(46)) - raft.server.log.segment.size.max = 67108864 (custom)
2024-06-12 07:36:51,382 [ac495114-8bb8-4dac-b10f-46951d6cb650-groupManagement] INFO  server.RaftServerConfigKeys (ConfUtils.java:logGet(46)) - raft.server.log.preallocated.size = 4194304 (custom)
2024-06-12 07:36:51,382 [ac495114-8bb8-4dac-b10f-46951d6cb650-groupManagement] INFO  server.RaftServerConfigKeys (ConfUtils.java:logGet(46)) - raft.server.log.force.sync.num = 128 (default)
2024-06-12 07:36:51,382 [ac495114-8bb8-4dac-b10f-46951d6cb650-groupManagement] INFO  server.RaftServerConfigKeys (ConfUtils.java:logGet(46)) - raft.server.log.statemachine.data.sync = true (default)
2024-06-12 07:36:51,382 [ac495114-8bb8-4dac-b10f-46951d6cb650-groupManagement] INFO  server.RaftServerConfigKeys (ConfUtils.java:logGet(46)) - raft.server.log.statemachine.data.sync.timeout = 10s (default)
2024-06-12 07:36:51,383 [ac495114-8bb8-4dac-b10f-46951d6cb650-groupManagement] INFO  server.RaftServerConfigKeys (ConfUtils.java:logGet(46)) - raft.server.log.statemachine.data.sync.timeout.retry = 30 (custom)
2024-06-12 07:36:51,383 [ac495114-8bb8-4dac-b10f-46951d6cb650-groupManagement] INFO  server.RaftServerConfigKeys (ConfUtils.java:logGet(46)) - raft.server.log.write.buffer.size = 8388616 (custom)
2024-06-12 07:36:51,385 [ac495114-8bb8-4dac-b10f-46951d6cb650-groupManagement] INFO  server.RaftServerConfigKeys (ConfUtils.java:logGet(46)) - raft.server.log.appender.buffer.byte-limit = 8388608 (custom)
2024-06-12 07:36:51,385 [ac495114-8bb8-4dac-b10f-46951d6cb650-groupManagement] INFO  server.RaftServerConfigKeys (ConfUtils.java:logGet(46)) - raft.server.log.unsafe-flush.enabled = false (default)
2024-06-12 07:36:51,385 [ac495114-8bb8-4dac-b10f-46951d6cb650-groupManagement] INFO  server.RaftServerConfigKeys (ConfUtils.java:logGet(46)) - raft.server.log.async-flush.enabled = false (default)
2024-06-12 07:36:51,385 [ac495114-8bb8-4dac-b10f-46951d6cb650-groupManagement] INFO  server.RaftServerConfigKeys (ConfUtils.java:logGet(46)) - raft.server.log.statemachine.data.caching.enabled = true (custom)
2024-06-12 07:36:51,386 [ac495114-8bb8-4dac-b10f-46951d6cb650-groupManagement] INFO  segmented.SegmentedRaftLogWorker (SegmentedRaftLogWorker.java:lambda$new$0(134)) - ac495114-8bb8-4dac-b10f-46951d6cb650@group-886BF1B6D606-SegmentedRaftLogWorker: flushIndex: setUnconditionally 0 -> -1
2024-06-12 07:36:51,386 [ac495114-8bb8-4dac-b10f-46951d6cb650-groupManagement] INFO  segmented.SegmentedRaftLogWorker (SegmentedRaftLogWorker.java:lambda$new$0(134)) - ac495114-8bb8-4dac-b10f-46951d6cb650@group-886BF1B6D606-SegmentedRaftLogWorker: safeCacheEvictIndex: setUnconditionally 0 -> -1
2024-06-12 07:36:51,385 [29194895-a428-4dbc-89d8-767dd839d7c3-groupManagement] INFO  storage.RaftStorageDirectory (RaftStorageDirectoryImpl.java:tryLock(228)) - Lock on /home/runner/work/ozone/ozone/hadoop-ozone/integration-test/target/test-dir/MiniOzoneClusterImpl-63f03bc8-0399-4ce2-9c43-ca6ad8c463d8/ozone-meta/datanode-6/ratis/2bbdbdde-9b6a-4dd9-ac95-26ee86764db4/in_use.lock acquired by nodename 34952@fv-az1443-254
2024-06-12 07:36:51,388 [29194895-a428-4dbc-89d8-767dd839d7c3-groupManagement] INFO  storage.RaftStorage (RaftStorageImpl.java:format(99)) - Storage directory /home/runner/work/ozone/ozone/hadoop-ozone/integration-test/target/test-dir/MiniOzoneClusterImpl-63f03bc8-0399-4ce2-9c43-ca6ad8c463d8/ozone-meta/datanode-6/ratis/2bbdbdde-9b6a-4dd9-ac95-26ee86764db4 has been successfully formatted.
2024-06-12 07:36:51,388 [29194895-a428-4dbc-89d8-767dd839d7c3-groupManagement] WARN  util.FileUtils (LogUtils.java:supplyAndLog(63)) - Failed to Files.newInputStream /home/runner/work/ozone/ozone/hadoop-ozone/integration-test/target/test-dir/MiniOzoneClusterImpl-63f03bc8-0399-4ce2-9c43-ca6ad8c463d8/ozone-meta/datanode-6/ratis/2bbdbdde-9b6a-4dd9-ac95-26ee86764db4/current/raft-meta.conf with options []: java.nio.file.NoSuchFileException: /home/runner/work/ozone/ozone/hadoop-ozone/integration-test/target/test-dir/MiniOzoneClusterImpl-63f03bc8-0399-4ce2-9c43-ca6ad8c463d8/ozone-meta/datanode-6/ratis/2bbdbdde-9b6a-4dd9-ac95-26ee86764db4/current/raft-meta.conf
2024-06-12 07:36:51,388 [29194895-a428-4dbc-89d8-767dd839d7c3-groupManagement] INFO  ratis.ContainerStateMachine (ContainerStateMachine.java:loadSnapshot(287)) - group-26EE86764DB4: The snapshot info is null. Setting the last applied index to:(t:0, i:~)
2024-06-12 07:36:51,389 [29194895-a428-4dbc-89d8-767dd839d7c3-groupManagement] INFO  server.RaftServerConfigKeys (ConfUtils.java:logGet(46)) - raft.server.log.use.memory = false (default)
2024-06-12 07:36:51,389 [29194895-a428-4dbc-89d8-767dd839d7c3-groupManagement] INFO  server.RaftServerConfigKeys (ConfUtils.java:logGet(46)) - raft.server.log.purge.gap = 1000000 (custom)
2024-06-12 07:36:51,390 [29194895-a428-4dbc-89d8-767dd839d7c3-groupManagement] INFO  server.RaftServerConfigKeys (ConfUtils.java:logGet(46)) - raft.server.log.appender.buffer.byte-limit = 8388608 (custom)
2024-06-12 07:36:51,390 [29194895-a428-4dbc-89d8-767dd839d7c3-groupManagement] INFO  server.RaftServerConfigKeys (ConfUtils.java:logGet(46)) - raft.server.log.statemachine.data.read.timeout = 1000ms (default)
2024-06-12 07:36:51,390 [29194895-a428-4dbc-89d8-767dd839d7c3-groupManagement] INFO  server.RaftServerConfigKeys (ConfUtils.java:logGet(46)) - raft.server.log.purge.preservation.log.num = 0 (default)
2024-06-12 07:36:51,392 [EventQueue-PipelineReportForPipelineReportHandler] INFO  pipeline.PipelineReportHandler (PipelineReportHandler.java:processPipelineReport(136)) - Opened pipeline PipelineID=2bbdbdde-9b6a-4dd9-ac95-26ee86764db4
2024-06-12 07:36:51,392 [EventQueue-OpenPipelineForHealthyPipelineSafeModeRule] INFO  safemode.SCMSafeModeManager (HealthyPipelineSafeModeRule.java:process(140)) - SCM in safe mode. Healthy pipelines reported count is 0, required healthy pipeline reported count is 1
2024-06-12 07:36:51,393 [29194895-a428-4dbc-89d8-767dd839d7c3-groupManagement] INFO  server.RaftServerConfigKeys (ConfUtils.java:logGet(46)) - raft.server.log.segment.size.max = 67108864 (custom)
2024-06-12 07:36:51,393 [29194895-a428-4dbc-89d8-767dd839d7c3-groupManagement] INFO  server.RaftServerConfigKeys (ConfUtils.java:logGet(46)) - raft.server.log.segment.cache.num.max = 2 (custom)
2024-06-12 07:36:51,394 [29194895-a428-4dbc-89d8-767dd839d7c3-groupManagement] INFO  server.RaftServerConfigKeys (ConfUtils.java:logGet(46)) - raft.server.log.segment.cache.size.max = 200MB (=209715200) (default)
2024-06-12 07:36:51,394 [29194895-a428-4dbc-89d8-767dd839d7c3-groupManagement] INFO  server.RaftServerConfigKeys (ConfUtils.java:logGet(46)) - raft.server.log.appender.buffer.byte-limit = 8388608 (custom)
2024-06-12 07:36:51,395 [ac495114-8bb8-4dac-b10f-46951d6cb650-groupManagement] INFO  server.RaftServer$Division (RaftServerImpl.java:start(396)) - ac495114-8bb8-4dac-b10f-46951d6cb650@group-886BF1B6D606: start as a follower, conf=-1: peers:[6f841693-a0f5-4238-8e94-5d49f60504b4|127.0.0.1:15139, 29194895-a428-4dbc-89d8-767dd839d7c3|127.0.0.1:15157, ac495114-8bb8-4dac-b10f-46951d6cb650|127.0.0.1:15148]|listeners:[], old=null
2024-06-12 07:36:51,395 [ac495114-8bb8-4dac-b10f-46951d6cb650-groupManagement] INFO  server.RaftServer$Division (RaftServerImpl.java:setRole(383)) - ac495114-8bb8-4dac-b10f-46951d6cb650@group-886BF1B6D606: changes role from      null to FOLLOWER at term 0 for startAsFollower
2024-06-12 07:36:51,395 [ac495114-8bb8-4dac-b10f-46951d6cb650-groupManagement] INFO  impl.RoleInfo (RoleInfo.java:updateAndGet(139)) - ac495114-8bb8-4dac-b10f-46951d6cb650: start ac495114-8bb8-4dac-b10f-46951d6cb650@group-886BF1B6D606-FollowerState
2024-06-12 07:36:51,395 [grpc-default-executor-1] INFO  server.RaftServer (RaftServerProxy.java:addNew(100)) - 29194895-a428-4dbc-89d8-767dd839d7c3: addNew group-A20483CAC47C:[6f841693-a0f5-4238-8e94-5d49f60504b4|127.0.0.1:15139, 29194895-a428-4dbc-89d8-767dd839d7c3|127.0.0.1:15157, ac495114-8bb8-4dac-b10f-46951d6cb650|127.0.0.1:15148] returns group-A20483CAC47C:java.util.concurrent.CompletableFuture@5f0dd797[Not completed]
2024-06-12 07:36:51,396 [29194895-a428-4dbc-89d8-767dd839d7c3-groupManagement] INFO  util.AwaitToRun (AwaitToRun.java:start(81)) - Thread[29194895-a428-4dbc-89d8-767dd839d7c3@group-26EE86764DB4-cacheEviction-AwaitToRun,5,main] started
2024-06-12 07:36:51,396 [29194895-a428-4dbc-89d8-767dd839d7c3-groupManagement] INFO  segmented.SegmentedRaftLogWorker (SegmentedRaftLogWorker.java:<init>(182)) - new 29194895-a428-4dbc-89d8-767dd839d7c3@group-26EE86764DB4-SegmentedRaftLogWorker for RaftStorageImpl:Storage Directory /home/runner/work/ozone/ozone/hadoop-ozone/integration-test/target/test-dir/MiniOzoneClusterImpl-63f03bc8-0399-4ce2-9c43-ca6ad8c463d8/ozone-meta/datanode-6/ratis/2bbdbdde-9b6a-4dd9-ac95-26ee86764db4
2024-06-12 07:36:51,396 [29194895-a428-4dbc-89d8-767dd839d7c3-groupManagement] INFO  server.RaftServerConfigKeys (ConfUtils.java:logGet(46)) - raft.server.log.queue.byte-limit = 4294967296 (custom)
2024-06-12 07:36:51,397 [29194895-a428-4dbc-89d8-767dd839d7c3-groupManagement] INFO  server.RaftServerConfigKeys (ConfUtils.java:logGet(46)) - raft.server.log.queue.element-limit = 1024 (custom)
2024-06-12 07:36:51,397 [29194895-a428-4dbc-89d8-767dd839d7c3-groupManagement] INFO  server.RaftServerConfigKeys (ConfUtils.java:logGet(46)) - raft.server.log.segment.size.max = 67108864 (custom)
2024-06-12 07:36:51,397 [29194895-a428-4dbc-89d8-767dd839d7c3-groupManagement] INFO  server.RaftServerConfigKeys (ConfUtils.java:logGet(46)) - raft.server.log.preallocated.size = 4194304 (custom)
2024-06-12 07:36:51,397 [29194895-a428-4dbc-89d8-767dd839d7c3-groupManagement] INFO  server.RaftServerConfigKeys (ConfUtils.java:logGet(46)) - raft.server.log.force.sync.num = 128 (default)
2024-06-12 07:36:51,397 [29194895-a428-4dbc-89d8-767dd839d7c3-groupManagement] INFO  server.RaftServerConfigKeys (ConfUtils.java:logGet(46)) - raft.server.log.statemachine.data.sync = true (default)
2024-06-12 07:36:51,398 [29194895-a428-4dbc-89d8-767dd839d7c3-groupManagement] INFO  server.RaftServerConfigKeys (ConfUtils.java:logGet(46)) - raft.server.log.statemachine.data.sync.timeout = 10s (default)
2024-06-12 07:36:51,398 [29194895-a428-4dbc-89d8-767dd839d7c3-groupManagement] INFO  server.RaftServerConfigKeys (ConfUtils.java:logGet(46)) - raft.server.log.statemachine.data.sync.timeout.retry = 30 (custom)
2024-06-12 07:36:51,398 [29194895-a428-4dbc-89d8-767dd839d7c3-groupManagement] INFO  server.RaftServerConfigKeys (ConfUtils.java:logGet(46)) - raft.server.log.write.buffer.size = 8388616 (custom)
2024-06-12 07:36:51,400 [29194895-a428-4dbc-89d8-767dd839d7c3-groupManagement] INFO  server.RaftServerConfigKeys (ConfUtils.java:logGet(46)) - raft.server.log.appender.buffer.byte-limit = 8388608 (custom)
2024-06-12 07:36:51,400 [29194895-a428-4dbc-89d8-767dd839d7c3-groupManagement] INFO  server.RaftServerConfigKeys (ConfUtils.java:logGet(46)) - raft.server.log.unsafe-flush.enabled = false (default)
2024-06-12 07:36:51,400 [29194895-a428-4dbc-89d8-767dd839d7c3-groupManagement] INFO  server.RaftServerConfigKeys (ConfUtils.java:logGet(46)) - raft.server.log.async-flush.enabled = false (default)
2024-06-12 07:36:51,401 [29194895-a428-4dbc-89d8-767dd839d7c3-groupManagement] INFO  server.RaftServerConfigKeys (ConfUtils.java:logGet(46)) - raft.server.log.statemachine.data.caching.enabled = true (custom)
2024-06-12 07:36:51,401 [29194895-a428-4dbc-89d8-767dd839d7c3-groupManagement] INFO  segmented.SegmentedRaftLogWorker (SegmentedRaftLogWorker.java:lambda$new$0(134)) - 29194895-a428-4dbc-89d8-767dd839d7c3@group-26EE86764DB4-SegmentedRaftLogWorker: flushIndex: setUnconditionally 0 -> -1
2024-06-12 07:36:51,401 [29194895-a428-4dbc-89d8-767dd839d7c3-groupManagement] INFO  segmented.SegmentedRaftLogWorker (SegmentedRaftLogWorker.java:lambda$new$0(134)) - 29194895-a428-4dbc-89d8-767dd839d7c3@group-26EE86764DB4-SegmentedRaftLogWorker: safeCacheEvictIndex: setUnconditionally 0 -> -1
2024-06-12 07:36:51,401 [ac495114-8bb8-4dac-b10f-46951d6cb650-groupManagement] INFO  util.JmxRegister (JmxRegister.java:tryRegister(44)) - Successfully registered JMX Bean with object name Ratis:service=RaftServer,group=group-886BF1B6D606,id=ac495114-8bb8-4dac-b10f-46951d6cb650
2024-06-12 07:36:51,402 [ac495114-8bb8-4dac-b10f-46951d6cb650-groupManagement] INFO  server.RaftServerConfigKeys (ConfUtils.java:logGet(46)) - raft.server.snapshot.trigger-when-stop.enabled = true (default)
2024-06-12 07:36:51,402 [ac495114-8bb8-4dac-b10f-46951d6cb650-groupManagement] INFO  server.RaftServerConfigKeys (ConfUtils.java:logGet(46)) - raft.server.snapshot.auto.trigger.enabled = true (custom)
2024-06-12 07:36:51,402 [ac495114-8bb8-4dac-b10f-46951d6cb650-groupManagement] INFO  server.RaftServerConfigKeys (ConfUtils.java:logGet(46)) - raft.server.snapshot.auto.trigger.threshold = 10000 (custom)
2024-06-12 07:36:51,402 [ac495114-8bb8-4dac-b10f-46951d6cb650-groupManagement] INFO  server.RaftServerConfigKeys (ConfUtils.java:logGet(46)) - raft.server.snapshot.retention.file.num = 5 (custom)
2024-06-12 07:36:51,402 [ac495114-8bb8-4dac-b10f-46951d6cb650-groupManagement] INFO  server.RaftServerConfigKeys (ConfUtils.java:logGet(46)) - raft.server.log.purge.upto.snapshot.index = false (default)
2024-06-12 07:36:51,403 [ac495114-8bb8-4dac-b10f-46951d6cb650@group-886BF1B6D606-FollowerState] INFO  server.RaftServerConfigKeys (ConfUtils.java:logFallback(53)) - raft.server.rpc.first-election.timeout.min = 1s (fallback to raft.server.rpc.timeout.min)
2024-06-12 07:36:51,403 [ac495114-8bb8-4dac-b10f-46951d6cb650@group-886BF1B6D606-FollowerState] INFO  server.RaftServerConfigKeys (ConfUtils.java:logFallback(53)) - raft.server.rpc.first-election.timeout.max = 1200ms (fallback to raft.server.rpc.timeout.max)
2024-06-12 07:36:51,412 [29194895-a428-4dbc-89d8-767dd839d7c3-groupManagement] INFO  server.RaftServer$Division (RaftServerImpl.java:start(396)) - 29194895-a428-4dbc-89d8-767dd839d7c3@group-26EE86764DB4: start as a follower, conf=-1: peers:[29194895-a428-4dbc-89d8-767dd839d7c3|127.0.0.1:15157]|listeners:[], old=null
2024-06-12 07:36:51,413 [29194895-a428-4dbc-89d8-767dd839d7c3-groupManagement] INFO  server.RaftServer$Division (RaftServerImpl.java:setRole(383)) - 29194895-a428-4dbc-89d8-767dd839d7c3@group-26EE86764DB4: changes role from      null to FOLLOWER at term 0 for startAsFollower
2024-06-12 07:36:51,413 [ac495114-8bb8-4dac-b10f-46951d6cb650-PipelineCommandHandlerThread-0] INFO  ratis.XceiverServerRatis (XceiverServerRatis.java:addGroup(864)) - Created group PipelineID=750c4273-4abe-4ab7-ae36-886bf1b6d606
2024-06-12 07:36:51,413 [29194895-a428-4dbc-89d8-767dd839d7c3-groupManagement] INFO  impl.RoleInfo (RoleInfo.java:updateAndGet(139)) - 29194895-a428-4dbc-89d8-767dd839d7c3: start 29194895-a428-4dbc-89d8-767dd839d7c3@group-26EE86764DB4-FollowerState
2024-06-12 07:36:51,420 [grpc-default-executor-1] INFO  server.RaftServer (RaftServerProxy.java:addNew(100)) - 6f841693-a0f5-4238-8e94-5d49f60504b4: addNew group-886BF1B6D606:[6f841693-a0f5-4238-8e94-5d49f60504b4|127.0.0.1:15139, 29194895-a428-4dbc-89d8-767dd839d7c3|127.0.0.1:15157, ac495114-8bb8-4dac-b10f-46951d6cb650|127.0.0.1:15148] returns group-886BF1B6D606:java.util.concurrent.CompletableFuture@eb526cd[Not completed]
2024-06-12 07:36:51,420 [29194895-a428-4dbc-89d8-767dd839d7c3-groupManagement] INFO  util.JmxRegister (JmxRegister.java:tryRegister(44)) - Successfully registered JMX Bean with object name Ratis:service=RaftServer,group=group-26EE86764DB4,id=29194895-a428-4dbc-89d8-767dd839d7c3
2024-06-12 07:36:51,420 [29194895-a428-4dbc-89d8-767dd839d7c3-groupManagement] INFO  server.RaftServerConfigKeys (ConfUtils.java:logGet(46)) - raft.server.snapshot.trigger-when-stop.enabled = true (default)
2024-06-12 07:36:51,420 [6f841693-a0f5-4238-8e94-5d49f60504b4-groupManagement] INFO  server.RaftServer$Division (RaftServerImpl.java:<init>(256)) - 6f841693-a0f5-4238-8e94-5d49f60504b4: new RaftServerImpl for group-886BF1B6D606:[6f841693-a0f5-4238-8e94-5d49f60504b4|127.0.0.1:15139, 29194895-a428-4dbc-89d8-767dd839d7c3|127.0.0.1:15157, ac495114-8bb8-4dac-b10f-46951d6cb650|127.0.0.1:15148] with ContainerStateMachine:uninitialized
2024-06-12 07:36:51,420 [6f841693-a0f5-4238-8e94-5d49f60504b4-groupManagement] INFO  server.RaftServerConfigKeys (ConfUtils.java:logGet(46)) - raft.server.rpc.timeout.min = 1s (custom)
2024-06-12 07:36:51,421 [6f841693-a0f5-4238-8e94-5d49f60504b4-groupManagement] INFO  server.RaftServerConfigKeys (ConfUtils.java:logGet(46)) - raft.server.rpc.timeout.max = 1200ms (custom)
2024-06-12 07:36:51,421 [6f841693-a0f5-4238-8e94-5d49f60504b4-groupManagement] INFO  server.RaftServerConfigKeys (ConfUtils.java:logGet(46)) - raft.server.rpc.sleep.time = 25ms (default)
2024-06-12 07:36:51,421 [6f841693-a0f5-4238-8e94-5d49f60504b4-groupManagement] INFO  server.RaftServerConfigKeys (ConfUtils.java:logGet(46)) - raft.server.rpc.slowness.timeout = 300000ms (custom)
2024-06-12 07:36:51,421 [6f841693-a0f5-4238-8e94-5d49f60504b4-groupManagement] INFO  server.RaftServerConfigKeys (ConfUtils.java:logGet(46)) - raft.server.leaderelection.leader.step-down.wait-time = 10s (default)
2024-06-12 07:36:51,421 [6f841693-a0f5-4238-8e94-5d49f60504b4-groupManagement] INFO  server.RaftServerConfigKeys (ConfUtils.java:logGet(46)) - raft.server.leaderelection.member.majority-add = false (default)
2024-06-12 07:36:51,421 [6f841693-a0f5-4238-8e94-5d49f60504b4-groupManagement] INFO  server.RaftServerConfigKeys (ConfUtils.java:logGet(46)) - raft.server.sleep.deviation.threshold = 300ms (default)
2024-06-12 07:36:51,421 [6f841693-a0f5-4238-8e94-5d49f60504b4-groupManagement] INFO  server.RaftServer$Division (ServerState.java:<init>(113)) - 6f841693-a0f5-4238-8e94-5d49f60504b4@group-886BF1B6D606: ConfigurationManager, init=-1: peers:[6f841693-a0f5-4238-8e94-5d49f60504b4|127.0.0.1:15139, 29194895-a428-4dbc-89d8-767dd839d7c3|127.0.0.1:15157, ac495114-8bb8-4dac-b10f-46951d6cb650|127.0.0.1:15148]|listeners:[], old=null, confs=<EMPTY_MAP>
2024-06-12 07:36:51,421 [6f841693-a0f5-4238-8e94-5d49f60504b4-groupManagement] INFO  server.RaftServerConfigKeys (ConfUtils.java:logGet(46)) - raft.server.notification.no-leader.timeout = 300000ms (custom)
2024-06-12 07:36:51,421 [6f841693-a0f5-4238-8e94-5d49f60504b4-groupManagement] INFO  server.RaftServerConfigKeys (ConfUtils.java:logGet(46)) - raft.server.read.timeout = 10s (default)
2024-06-12 07:36:51,421 [6f841693-a0f5-4238-8e94-5d49f60504b4-groupManagement] INFO  server.RaftServerConfigKeys (ConfUtils.java:logGet(46)) - raft.server.retrycache.expirytime = 600000ms (custom)
2024-06-12 07:36:51,421 [6f841693-a0f5-4238-8e94-5d49f60504b4-groupManagement] INFO  server.RaftServerConfigKeys (ConfUtils.java:logGet(46)) - raft.server.retrycache.statistics.expirytime = 100ms (default)
2024-06-12 07:36:51,421 [6f841693-a0f5-4238-8e94-5d49f60504b4-groupManagement] INFO  server.RaftServerConfigKeys (ConfUtils.java:logGet(46)) - raft.server.read.option = DEFAULT (default)
2024-06-12 07:36:51,421 [6f841693-a0f5-4238-8e94-5d49f60504b4-groupManagement] INFO  server.RaftServerConfigKeys (ConfUtils.java:logGet(46)) - raft.server.read.read-after-write-consistent.write-index-cache.expiry-time = 60s (default)
2024-06-12 07:36:51,421 [29194895-a428-4dbc-89d8-767dd839d7c3@group-26EE86764DB4-FollowerState] INFO  server.RaftServerConfigKeys (ConfUtils.java:logFallback(53)) - raft.server.rpc.first-election.timeout.min = 1s (fallback to raft.server.rpc.timeout.min)
2024-06-12 07:36:51,421 [29194895-a428-4dbc-89d8-767dd839d7c3@group-26EE86764DB4-FollowerState] INFO  server.RaftServerConfigKeys (ConfUtils.java:logFallback(53)) - raft.server.rpc.first-election.timeout.max = 1200ms (fallback to raft.server.rpc.timeout.max)
2024-06-12 07:36:51,420 [29194895-a428-4dbc-89d8-767dd839d7c3-groupManagement] INFO  server.RaftServerConfigKeys (ConfUtils.java:logGet(46)) - raft.server.snapshot.auto.trigger.enabled = true (custom)
2024-06-12 07:36:51,422 [29194895-a428-4dbc-89d8-767dd839d7c3-groupManagement] INFO  server.RaftServerConfigKeys (ConfUtils.java:logGet(46)) - raft.server.snapshot.auto.trigger.threshold = 10000 (custom)
2024-06-12 07:36:51,422 [29194895-a428-4dbc-89d8-767dd839d7c3-groupManagement] INFO  server.RaftServerConfigKeys (ConfUtils.java:logGet(46)) - raft.server.snapshot.retention.file.num = 5 (custom)
2024-06-12 07:36:51,422 [29194895-a428-4dbc-89d8-767dd839d7c3-groupManagement] INFO  server.RaftServerConfigKeys (ConfUtils.java:logGet(46)) - raft.server.log.purge.upto.snapshot.index = false (default)
2024-06-12 07:36:51,424 [6f841693-a0f5-4238-8e94-5d49f60504b4-groupManagement] INFO  server.RaftServerConfigKeys (ConfUtils.java:logGet(46)) - raft.server.rpc.request.timeout = 3000ms (default)
2024-06-12 07:36:51,424 [6f841693-a0f5-4238-8e94-5d49f60504b4-groupManagement] INFO  server.RaftServerConfigKeys (ConfUtils.java:logGet(46)) - raft.server.log.appender.install.snapshot.enabled = false (custom)
2024-06-12 07:36:51,424 [6f841693-a0f5-4238-8e94-5d49f60504b4-groupManagement] INFO  server.RaftServerConfigKeys (ConfUtils.java:logGet(46)) - raft.server.threadpool.server.cached = true (default)
2024-06-12 07:36:51,424 [6f841693-a0f5-4238-8e94-5d49f60504b4-groupManagement] INFO  server.RaftServerConfigKeys (ConfUtils.java:logGet(46)) - raft.server.threadpool.server.size = 0 (default)
2024-06-12 07:36:51,424 [6f841693-a0f5-4238-8e94-5d49f60504b4-groupManagement] INFO  server.RaftServerConfigKeys (ConfUtils.java:logGet(46)) - raft.server.threadpool.client.cached = true (default)
2024-06-12 07:36:51,424 [6f841693-a0f5-4238-8e94-5d49f60504b4-groupManagement] INFO  server.RaftServerConfigKeys (ConfUtils.java:logGet(46)) - raft.server.threadpool.client.size = 0 (default)
2024-06-12 07:36:51,424 [6f841693-a0f5-4238-8e94-5d49f60504b4-groupManagement] INFO  server.RaftServerConfigKeys (ConfUtils.java:logGet(46)) - raft.server.storage.free-space.min = 0MB (=0) (default)
2024-06-12 07:36:51,424 [6f841693-a0f5-4238-8e94-5d49f60504b4-groupManagement] INFO  server.RaftServerConfigKeys (ConfUtils.java:logGet(46)) - raft.server.log.corruption.policy = EXCEPTION (default)
2024-06-12 07:36:51,424 [6f841693-a0f5-4238-8e94-5d49f60504b4-groupManagement] INFO  server.RaftServerConfigKeys (ConfUtils.java:logGet(46)) - raft.server.storage.dir = [/home/runner/work/ozone/ozone/hadoop-ozone/integration-test/target/test-dir/MiniOzoneClusterImpl-63f03bc8-0399-4ce2-9c43-ca6ad8c463d8/ozone-meta/datanode-4/ratis] (custom)
2024-06-12 07:36:51,424 [6f841693-a0f5-4238-8e94-5d49f60504b4-groupManagement] INFO  storage.RaftStorageDirectory (RaftStorageDirectoryImpl.java:analyzeStorage(138)) - The storage directory /home/runner/work/ozone/ozone/hadoop-ozone/integration-test/target/test-dir/MiniOzoneClusterImpl-63f03bc8-0399-4ce2-9c43-ca6ad8c463d8/ozone-meta/datanode-4/ratis/750c4273-4abe-4ab7-ae36-886bf1b6d606 does not exist. Creating ...
2024-06-12 07:36:51,425 [29194895-a428-4dbc-89d8-767dd839d7c3-PipelineCommandHandlerThread-0] INFO  ratis.XceiverServerRatis (XceiverServerRatis.java:addGroup(864)) - Created group PipelineID=2bbdbdde-9b6a-4dd9-ac95-26ee86764db4
2024-06-12 07:36:51,425 [29194895-a428-4dbc-89d8-767dd839d7c3-PipelineCommandHandlerThread-0] INFO  commandhandler.CreatePipelineCommandHandler (CreatePipelineCommandHandler.java:lambda$handle$2(124)) - Created Pipeline RATIS ONE PipelineID=2bbdbdde-9b6a-4dd9-ac95-26ee86764db4.
2024-06-12 07:36:51,425 [6f841693-a0f5-4238-8e94-5d49f60504b4-groupManagement] INFO  storage.RaftStorageDirectory (RaftStorageDirectoryImpl.java:tryLock(228)) - Lock on /home/runner/work/ozone/ozone/hadoop-ozone/integration-test/target/test-dir/MiniOzoneClusterImpl-63f03bc8-0399-4ce2-9c43-ca6ad8c463d8/ozone-meta/datanode-4/ratis/750c4273-4abe-4ab7-ae36-886bf1b6d606/in_use.lock acquired by nodename 34952@fv-az1443-254
2024-06-12 07:36:51,425 [29194895-a428-4dbc-89d8-767dd839d7c3-PipelineCommandHandlerThread-0] INFO  server.RaftServer (RaftServerProxy.java:addNew(100)) - 29194895-a428-4dbc-89d8-767dd839d7c3: addNew group-886BF1B6D606:[6f841693-a0f5-4238-8e94-5d49f60504b4|127.0.0.1:15139, 29194895-a428-4dbc-89d8-767dd839d7c3|127.0.0.1:15157, ac495114-8bb8-4dac-b10f-46951d6cb650|127.0.0.1:15148] returns group-886BF1B6D606:java.util.concurrent.CompletableFuture@2eafcb15[Not completed]
2024-06-12 07:36:51,426 [29194895-a428-4dbc-89d8-767dd839d7c3-groupManagement] INFO  server.RaftServer$Division (RaftServerImpl.java:<init>(256)) - 29194895-a428-4dbc-89d8-767dd839d7c3: new RaftServerImpl for group-A20483CAC47C:[6f841693-a0f5-4238-8e94-5d49f60504b4|127.0.0.1:15139, 29194895-a428-4dbc-89d8-767dd839d7c3|127.0.0.1:15157, ac495114-8bb8-4dac-b10f-46951d6cb650|127.0.0.1:15148] with ContainerStateMachine:uninitialized
2024-06-12 07:36:51,426 [29194895-a428-4dbc-89d8-767dd839d7c3-groupManagement] INFO  server.RaftServerConfigKeys (ConfUtils.java:logGet(46)) - raft.server.rpc.timeout.min = 1s (custom)
2024-06-12 07:36:51,426 [29194895-a428-4dbc-89d8-767dd839d7c3-groupManagement] INFO  server.RaftServerConfigKeys (ConfUtils.java:logGet(46)) - raft.server.rpc.timeout.max = 1200ms (custom)
2024-06-12 07:36:51,426 [6f841693-a0f5-4238-8e94-5d49f60504b4-groupManagement] INFO  storage.RaftStorage (RaftStorageImpl.java:format(99)) - Storage directory /home/runner/work/ozone/ozone/hadoop-ozone/integration-test/target/test-dir/MiniOzoneClusterImpl-63f03bc8-0399-4ce2-9c43-ca6ad8c463d8/ozone-meta/datanode-4/ratis/750c4273-4abe-4ab7-ae36-886bf1b6d606 has been successfully formatted.
2024-06-12 07:36:51,426 [29194895-a428-4dbc-89d8-767dd839d7c3-groupManagement] INFO  server.RaftServerConfigKeys (ConfUtils.java:logGet(46)) - raft.server.rpc.sleep.time = 25ms (default)
2024-06-12 07:36:51,426 [29194895-a428-4dbc-89d8-767dd839d7c3-groupManagement] INFO  server.RaftServerConfigKeys (ConfUtils.java:logGet(46)) - raft.server.rpc.slowness.timeout = 300000ms (custom)
2024-06-12 07:36:51,426 [29194895-a428-4dbc-89d8-767dd839d7c3-groupManagement] INFO  server.RaftServerConfigKeys (ConfUtils.java:logGet(46)) - raft.server.leaderelection.leader.step-down.wait-time = 10s (default)
2024-06-12 07:36:51,426 [6f841693-a0f5-4238-8e94-5d49f60504b4-groupManagement] WARN  util.FileUtils (LogUtils.java:supplyAndLog(63)) - Failed to Files.newInputStream /home/runner/work/ozone/ozone/hadoop-ozone/integration-test/target/test-dir/MiniOzoneClusterImpl-63f03bc8-0399-4ce2-9c43-ca6ad8c463d8/ozone-meta/datanode-4/ratis/750c4273-4abe-4ab7-ae36-886bf1b6d606/current/raft-meta.conf with options []: java.nio.file.NoSuchFileException: /home/runner/work/ozone/ozone/hadoop-ozone/integration-test/target/test-dir/MiniOzoneClusterImpl-63f03bc8-0399-4ce2-9c43-ca6ad8c463d8/ozone-meta/datanode-4/ratis/750c4273-4abe-4ab7-ae36-886bf1b6d606/current/raft-meta.conf
2024-06-12 07:36:51,426 [29194895-a428-4dbc-89d8-767dd839d7c3-groupManagement] INFO  server.RaftServerConfigKeys (ConfUtils.java:logGet(46)) - raft.server.leaderelection.member.majority-add = false (default)
2024-06-12 07:36:51,426 [29194895-a428-4dbc-89d8-767dd839d7c3-groupManagement] INFO  server.RaftServerConfigKeys (ConfUtils.java:logGet(46)) - raft.server.sleep.deviation.threshold = 300ms (default)
2024-06-12 07:36:51,426 [29194895-a428-4dbc-89d8-767dd839d7c3-groupManagement] INFO  server.RaftServer$Division (ServerState.java:<init>(113)) - 29194895-a428-4dbc-89d8-767dd839d7c3@group-A20483CAC47C: ConfigurationManager, init=-1: peers:[6f841693-a0f5-4238-8e94-5d49f60504b4|127.0.0.1:15139, 29194895-a428-4dbc-89d8-767dd839d7c3|127.0.0.1:15157, ac495114-8bb8-4dac-b10f-46951d6cb650|127.0.0.1:15148]|listeners:[], old=null, confs=<EMPTY_MAP>
2024-06-12 07:36:51,427 [29194895-a428-4dbc-89d8-767dd839d7c3-groupManagement] INFO  server.RaftServerConfigKeys (ConfUtils.java:logGet(46)) - raft.server.notification.no-leader.timeout = 300000ms (custom)
2024-06-12 07:36:51,427 [6f841693-a0f5-4238-8e94-5d49f60504b4-groupManagement] INFO  ratis.ContainerStateMachine (ContainerStateMachine.java:loadSnapshot(287)) - group-886BF1B6D606: The snapshot info is null. Setting the last applied index to:(t:0, i:~)
2024-06-12 07:36:51,427 [29194895-a428-4dbc-89d8-767dd839d7c3-groupManagement] INFO  server.RaftServerConfigKeys (ConfUtils.java:logGet(46)) - raft.server.read.timeout = 10s (default)
2024-06-12 07:36:51,427 [6f841693-a0f5-4238-8e94-5d49f60504b4-groupManagement] INFO  server.RaftServerConfigKeys (ConfUtils.java:logGet(46)) - raft.server.log.use.memory = false (default)
2024-06-12 07:36:51,427 [6f841693-a0f5-4238-8e94-5d49f60504b4-groupManagement] INFO  server.RaftServerConfigKeys (ConfUtils.java:logGet(46)) - raft.server.log.purge.gap = 1000000 (custom)
2024-06-12 07:36:51,427 [6f841693-a0f5-4238-8e94-5d49f60504b4-groupManagement] INFO  server.RaftServerConfigKeys (ConfUtils.java:logGet(46)) - raft.server.log.appender.buffer.byte-limit = 8388608 (custom)
2024-06-12 07:36:51,427 [6f841693-a0f5-4238-8e94-5d49f60504b4-groupManagement] INFO  server.RaftServerConfigKeys (ConfUtils.java:logGet(46)) - raft.server.log.statemachine.data.read.timeout = 1000ms (default)
2024-06-12 07:36:51,427 [6f841693-a0f5-4238-8e94-5d49f60504b4-groupManagement] INFO  server.RaftServerConfigKeys (ConfUtils.java:logGet(46)) - raft.server.log.purge.preservation.log.num = 0 (default)
2024-06-12 07:36:51,427 [29194895-a428-4dbc-89d8-767dd839d7c3-groupManagement] INFO  server.RaftServerConfigKeys (ConfUtils.java:logGet(46)) - raft.server.retrycache.expirytime = 600000ms (custom)
2024-06-12 07:36:51,428 [29194895-a428-4dbc-89d8-767dd839d7c3-groupManagement] INFO  server.RaftServerConfigKeys (ConfUtils.java:logGet(46)) - raft.server.retrycache.statistics.expirytime = 100ms (default)
2024-06-12 07:36:51,428 [29194895-a428-4dbc-89d8-767dd839d7c3-groupManagement] INFO  server.RaftServerConfigKeys (ConfUtils.java:logGet(46)) - raft.server.read.option = DEFAULT (default)
2024-06-12 07:36:51,428 [29194895-a428-4dbc-89d8-767dd839d7c3-groupManagement] INFO  server.RaftServerConfigKeys (ConfUtils.java:logGet(46)) - raft.server.read.read-after-write-consistent.write-index-cache.expiry-time = 60s (default)
2024-06-12 07:36:51,428 [EventQueue-OpenPipelineForHealthyPipelineSafeModeRule] INFO  safemode.SCMSafeModeManager (HealthyPipelineSafeModeRule.java:process(140)) - SCM in safe mode. Healthy pipelines reported count is 0, required healthy pipeline reported count is 1
2024-06-12 07:36:51,429 [6f841693-a0f5-4238-8e94-5d49f60504b4-groupManagement] INFO  server.RaftServerConfigKeys (ConfUtils.java:logGet(46)) - raft.server.log.segment.size.max = 67108864 (custom)
2024-06-12 07:36:51,431 [6f841693-a0f5-4238-8e94-5d49f60504b4-groupManagement] INFO  server.RaftServerConfigKeys (ConfUtils.java:logGet(46)) - raft.server.log.segment.cache.num.max = 2 (custom)
2024-06-12 07:36:51,431 [6f841693-a0f5-4238-8e94-5d49f60504b4-groupManagement] INFO  server.RaftServerConfigKeys (ConfUtils.java:logGet(46)) - raft.server.log.segment.cache.size.max = 200MB (=209715200) (default)
2024-06-12 07:36:51,431 [6f841693-a0f5-4238-8e94-5d49f60504b4-groupManagement] INFO  server.RaftServerConfigKeys (ConfUtils.java:logGet(46)) - raft.server.log.appender.buffer.byte-limit = 8388608 (custom)
2024-06-12 07:36:51,432 [29194895-a428-4dbc-89d8-767dd839d7c3-groupManagement] INFO  server.RaftServerConfigKeys (ConfUtils.java:logGet(46)) - raft.server.rpc.request.timeout = 3000ms (default)
2024-06-12 07:36:51,433 [29194895-a428-4dbc-89d8-767dd839d7c3-groupManagement] INFO  server.RaftServerConfigKeys (ConfUtils.java:logGet(46)) - raft.server.log.appender.install.snapshot.enabled = false (custom)
2024-06-12 07:36:51,433 [29194895-a428-4dbc-89d8-767dd839d7c3-groupManagement] INFO  server.RaftServerConfigKeys (ConfUtils.java:logGet(46)) - raft.server.threadpool.server.cached = true (default)
2024-06-12 07:36:51,433 [6f841693-a0f5-4238-8e94-5d49f60504b4-groupManagement] INFO  util.AwaitToRun (AwaitToRun.java:start(81)) - Thread[6f841693-a0f5-4238-8e94-5d49f60504b4@group-886BF1B6D606-cacheEviction-AwaitToRun,5,main] started
2024-06-12 07:36:51,433 [6f841693-a0f5-4238-8e94-5d49f60504b4-groupManagement] INFO  segmented.SegmentedRaftLogWorker (SegmentedRaftLogWorker.java:<init>(182)) - new 6f841693-a0f5-4238-8e94-5d49f60504b4@group-886BF1B6D606-SegmentedRaftLogWorker for RaftStorageImpl:Storage Directory /home/runner/work/ozone/ozone/hadoop-ozone/integration-test/target/test-dir/MiniOzoneClusterImpl-63f03bc8-0399-4ce2-9c43-ca6ad8c463d8/ozone-meta/datanode-4/ratis/750c4273-4abe-4ab7-ae36-886bf1b6d606
2024-06-12 07:36:51,433 [6f841693-a0f5-4238-8e94-5d49f60504b4-groupManagement] INFO  server.RaftServerConfigKeys (ConfUtils.java:logGet(46)) - raft.server.log.queue.byte-limit = 4294967296 (custom)
2024-06-12 07:36:51,433 [6f841693-a0f5-4238-8e94-5d49f60504b4-groupManagement] INFO  server.RaftServerConfigKeys (ConfUtils.java:logGet(46)) - raft.server.log.queue.element-limit = 1024 (custom)
2024-06-12 07:36:51,433 [6f841693-a0f5-4238-8e94-5d49f60504b4-groupManagement] INFO  server.RaftServerConfigKeys (ConfUtils.java:logGet(46)) - raft.server.log.segment.size.max = 67108864 (custom)
2024-06-12 07:36:51,433 [29194895-a428-4dbc-89d8-767dd839d7c3-groupManagement] INFO  server.RaftServerConfigKeys (ConfUtils.java:logGet(46)) - raft.server.threadpool.server.size = 0 (default)
2024-06-12 07:36:51,433 [6f841693-a0f5-4238-8e94-5d49f60504b4-groupManagement] INFO  server.RaftServerConfigKeys (ConfUtils.java:logGet(46)) - raft.server.log.preallocated.size = 4194304 (custom)
2024-06-12 07:36:51,433 [29194895-a428-4dbc-89d8-767dd839d7c3-groupManagement] INFO  server.RaftServerConfigKeys (ConfUtils.java:logGet(46)) - raft.server.threadpool.client.cached = true (default)
2024-06-12 07:36:51,433 [6f841693-a0f5-4238-8e94-5d49f60504b4-groupManagement] INFO  server.RaftServerConfigKeys (ConfUtils.java:logGet(46)) - raft.server.log.force.sync.num = 128 (default)
2024-06-12 07:36:51,434 [29194895-a428-4dbc-89d8-767dd839d7c3-groupManagement] INFO  server.RaftServerConfigKeys (ConfUtils.java:logGet(46)) - raft.server.threadpool.client.size = 0 (default)
2024-06-12 07:36:51,434 [6f841693-a0f5-4238-8e94-5d49f60504b4-groupManagement] INFO  server.RaftServerConfigKeys (ConfUtils.java:logGet(46)) - raft.server.log.statemachine.data.sync = true (default)
2024-06-12 07:36:51,434 [6f841693-a0f5-4238-8e94-5d49f60504b4-groupManagement] INFO  server.RaftServerConfigKeys (ConfUtils.java:logGet(46)) - raft.server.log.statemachine.data.sync.timeout = 10s (default)
2024-06-12 07:36:51,434 [6f841693-a0f5-4238-8e94-5d49f60504b4-groupManagement] INFO  server.RaftServerConfigKeys (ConfUtils.java:logGet(46)) - raft.server.log.statemachine.data.sync.timeout.retry = 30 (custom)
2024-06-12 07:36:51,434 [6f841693-a0f5-4238-8e94-5d49f60504b4-groupManagement] INFO  server.RaftServerConfigKeys (ConfUtils.java:logGet(46)) - raft.server.log.write.buffer.size = 8388616 (custom)
2024-06-12 07:36:51,436 [29194895-a428-4dbc-89d8-767dd839d7c3-groupManagement] INFO  server.RaftServer$Division (RaftServerImpl.java:<init>(256)) - 29194895-a428-4dbc-89d8-767dd839d7c3: new RaftServerImpl for group-886BF1B6D606:[6f841693-a0f5-4238-8e94-5d49f60504b4|127.0.0.1:15139, 29194895-a428-4dbc-89d8-767dd839d7c3|127.0.0.1:15157, ac495114-8bb8-4dac-b10f-46951d6cb650|127.0.0.1:15148] with ContainerStateMachine:uninitialized
2024-06-12 07:36:51,436 [29194895-a428-4dbc-89d8-767dd839d7c3-groupManagement] INFO  server.RaftServerConfigKeys (ConfUtils.java:logGet(46)) - raft.server.rpc.timeout.min = 1s (custom)
2024-06-12 07:36:51,436 [29194895-a428-4dbc-89d8-767dd839d7c3-groupManagement] INFO  server.RaftServerConfigKeys (ConfUtils.java:logGet(46)) - raft.server.rpc.timeout.max = 1200ms (custom)
2024-06-12 07:36:51,436 [29194895-a428-4dbc-89d8-767dd839d7c3-groupManagement] INFO  server.RaftServerConfigKeys (ConfUtils.java:logGet(46)) - raft.server.rpc.sleep.time = 25ms (default)
2024-06-12 07:36:51,436 [29194895-a428-4dbc-89d8-767dd839d7c3-groupManagement] INFO  server.RaftServerConfigKeys (ConfUtils.java:logGet(46)) - raft.server.rpc.slowness.timeout = 300000ms (custom)
2024-06-12 07:36:51,436 [29194895-a428-4dbc-89d8-767dd839d7c3-groupManagement] INFO  server.RaftServerConfigKeys (ConfUtils.java:logGet(46)) - raft.server.leaderelection.leader.step-down.wait-time = 10s (default)
2024-06-12 07:36:51,436 [29194895-a428-4dbc-89d8-767dd839d7c3-groupManagement] INFO  server.RaftServerConfigKeys (ConfUtils.java:logGet(46)) - raft.server.leaderelection.member.majority-add = false (default)
2024-06-12 07:36:51,436 [29194895-a428-4dbc-89d8-767dd839d7c3-groupManagement] INFO  server.RaftServerConfigKeys (ConfUtils.java:logGet(46)) - raft.server.sleep.deviation.threshold = 300ms (default)
2024-06-12 07:36:51,436 [6f841693-a0f5-4238-8e94-5d49f60504b4-groupManagement] INFO  server.RaftServerConfigKeys (ConfUtils.java:logGet(46)) - raft.server.log.appender.buffer.byte-limit = 8388608 (custom)
2024-06-12 07:36:51,436 [29194895-a428-4dbc-89d8-767dd839d7c3-groupManagement] INFO  server.RaftServer$Division (ServerState.java:<init>(113)) - 29194895-a428-4dbc-89d8-767dd839d7c3@group-886BF1B6D606: ConfigurationManager, init=-1: peers:[6f841693-a0f5-4238-8e94-5d49f60504b4|127.0.0.1:15139, 29194895-a428-4dbc-89d8-767dd839d7c3|127.0.0.1:15157, ac495114-8bb8-4dac-b10f-46951d6cb650|127.0.0.1:15148]|listeners:[], old=null, confs=<EMPTY_MAP>
2024-06-12 07:36:51,436 [6f841693-a0f5-4238-8e94-5d49f60504b4-groupManagement] INFO  server.RaftServerConfigKeys (ConfUtils.java:logGet(46)) - raft.server.log.unsafe-flush.enabled = false (default)
2024-06-12 07:36:51,436 [29194895-a428-4dbc-89d8-767dd839d7c3-groupManagement] INFO  server.RaftServerConfigKeys (ConfUtils.java:logGet(46)) - raft.server.notification.no-leader.timeout = 300000ms (custom)
2024-06-12 07:36:51,437 [6f841693-a0f5-4238-8e94-5d49f60504b4-groupManagement] INFO  server.RaftServerConfigKeys (ConfUtils.java:logGet(46)) - raft.server.log.async-flush.enabled = false (default)
2024-06-12 07:36:51,437 [29194895-a428-4dbc-89d8-767dd839d7c3-groupManagement] INFO  server.RaftServerConfigKeys (ConfUtils.java:logGet(46)) - raft.server.read.timeout = 10s (default)
2024-06-12 07:36:51,437 [6f841693-a0f5-4238-8e94-5d49f60504b4-groupManagement] INFO  server.RaftServerConfigKeys (ConfUtils.java:logGet(46)) - raft.server.log.statemachine.data.caching.enabled = true (custom)
2024-06-12 07:36:51,437 [29194895-a428-4dbc-89d8-767dd839d7c3-groupManagement] INFO  server.RaftServerConfigKeys (ConfUtils.java:logGet(46)) - raft.server.retrycache.expirytime = 600000ms (custom)
2024-06-12 07:36:51,437 [29194895-a428-4dbc-89d8-767dd839d7c3-groupManagement] INFO  server.RaftServerConfigKeys (ConfUtils.java:logGet(46)) - raft.server.retrycache.statistics.expirytime = 100ms (default)
2024-06-12 07:36:51,437 [6f841693-a0f5-4238-8e94-5d49f60504b4-groupManagement] INFO  segmented.SegmentedRaftLogWorker (SegmentedRaftLogWorker.java:lambda$new$0(134)) - 6f841693-a0f5-4238-8e94-5d49f60504b4@group-886BF1B6D606-SegmentedRaftLogWorker: flushIndex: setUnconditionally 0 -> -1
2024-06-12 07:36:51,437 [6f841693-a0f5-4238-8e94-5d49f60504b4-groupManagement] INFO  segmented.SegmentedRaftLogWorker (SegmentedRaftLogWorker.java:lambda$new$0(134)) - 6f841693-a0f5-4238-8e94-5d49f60504b4@group-886BF1B6D606-SegmentedRaftLogWorker: safeCacheEvictIndex: setUnconditionally 0 -> -1
2024-06-12 07:36:51,437 [29194895-a428-4dbc-89d8-767dd839d7c3-groupManagement] INFO  server.RaftServerConfigKeys (ConfUtils.java:logGet(46)) - raft.server.read.option = DEFAULT (default)
2024-06-12 07:36:51,437 [29194895-a428-4dbc-89d8-767dd839d7c3-groupManagement] INFO  server.RaftServerConfigKeys (ConfUtils.java:logGet(46)) - raft.server.read.read-after-write-consistent.write-index-cache.expiry-time = 60s (default)
2024-06-12 07:36:51,438 [6f841693-a0f5-4238-8e94-5d49f60504b4-groupManagement] INFO  server.RaftServer$Division (RaftServerImpl.java:start(396)) - 6f841693-a0f5-4238-8e94-5d49f60504b4@group-886BF1B6D606: start as a follower, conf=-1: peers:[6f841693-a0f5-4238-8e94-5d49f60504b4|127.0.0.1:15139, 29194895-a428-4dbc-89d8-767dd839d7c3|127.0.0.1:15157, ac495114-8bb8-4dac-b10f-46951d6cb650|127.0.0.1:15148]|listeners:[], old=null
2024-06-12 07:36:51,438 [6f841693-a0f5-4238-8e94-5d49f60504b4-groupManagement] INFO  server.RaftServer$Division (RaftServerImpl.java:setRole(383)) - 6f841693-a0f5-4238-8e94-5d49f60504b4@group-886BF1B6D606: changes role from      null to FOLLOWER at term 0 for startAsFollower
2024-06-12 07:36:51,438 [6f841693-a0f5-4238-8e94-5d49f60504b4-groupManagement] INFO  impl.RoleInfo (RoleInfo.java:updateAndGet(139)) - 6f841693-a0f5-4238-8e94-5d49f60504b4: start 6f841693-a0f5-4238-8e94-5d49f60504b4@group-886BF1B6D606-FollowerState
2024-06-12 07:36:51,441 [6f841693-a0f5-4238-8e94-5d49f60504b4-groupManagement] INFO  util.JmxRegister (JmxRegister.java:tryRegister(44)) - Successfully registered JMX Bean with object name Ratis:service=RaftServer,group=group-886BF1B6D606,id=6f841693-a0f5-4238-8e94-5d49f60504b4
2024-06-12 07:36:51,442 [6f841693-a0f5-4238-8e94-5d49f60504b4-groupManagement] INFO  server.RaftServerConfigKeys (ConfUtils.java:logGet(46)) - raft.server.snapshot.trigger-when-stop.enabled = true (default)
2024-06-12 07:36:51,442 [6f841693-a0f5-4238-8e94-5d49f60504b4-groupManagement] INFO  server.RaftServerConfigKeys (ConfUtils.java:logGet(46)) - raft.server.snapshot.auto.trigger.enabled = true (custom)
2024-06-12 07:36:51,442 [6f841693-a0f5-4238-8e94-5d49f60504b4-groupManagement] INFO  server.RaftServerConfigKeys (ConfUtils.java:logGet(46)) - raft.server.snapshot.auto.trigger.threshold = 10000 (custom)
2024-06-12 07:36:51,442 [6f841693-a0f5-4238-8e94-5d49f60504b4-groupManagement] INFO  server.RaftServerConfigKeys (ConfUtils.java:logGet(46)) - raft.server.snapshot.retention.file.num = 5 (custom)
2024-06-12 07:36:51,442 [6f841693-a0f5-4238-8e94-5d49f60504b4-groupManagement] INFO  server.RaftServerConfigKeys (ConfUtils.java:logGet(46)) - raft.server.log.purge.upto.snapshot.index = false (default)
2024-06-12 07:36:51,442 [6f841693-a0f5-4238-8e94-5d49f60504b4@group-886BF1B6D606-FollowerState] INFO  server.RaftServerConfigKeys (ConfUtils.java:logFallback(53)) - raft.server.rpc.first-election.timeout.min = 1s (fallback to raft.server.rpc.timeout.min)
2024-06-12 07:36:51,442 [6f841693-a0f5-4238-8e94-5d49f60504b4@group-886BF1B6D606-FollowerState] INFO  server.RaftServerConfigKeys (ConfUtils.java:logFallback(53)) - raft.server.rpc.first-election.timeout.max = 1200ms (fallback to raft.server.rpc.timeout.max)
2024-06-12 07:36:51,442 [29194895-a428-4dbc-89d8-767dd839d7c3-groupManagement] INFO  server.RaftServerConfigKeys (ConfUtils.java:logGet(46)) - raft.server.rpc.request.timeout = 3000ms (default)
2024-06-12 07:36:51,442 [29194895-a428-4dbc-89d8-767dd839d7c3-groupManagement] INFO  server.RaftServerConfigKeys (ConfUtils.java:logGet(46)) - raft.server.log.appender.install.snapshot.enabled = false (custom)
2024-06-12 07:36:51,442 [29194895-a428-4dbc-89d8-767dd839d7c3-groupManagement] INFO  server.RaftServerConfigKeys (ConfUtils.java:logGet(46)) - raft.server.threadpool.server.cached = true (default)
2024-06-12 07:36:51,443 [29194895-a428-4dbc-89d8-767dd839d7c3-groupManagement] INFO  server.RaftServerConfigKeys (ConfUtils.java:logGet(46)) - raft.server.threadpool.server.size = 0 (default)
2024-06-12 07:36:51,443 [29194895-a428-4dbc-89d8-767dd839d7c3-groupManagement] INFO  server.RaftServerConfigKeys (ConfUtils.java:logGet(46)) - raft.server.threadpool.client.cached = true (default)
2024-06-12 07:36:51,443 [29194895-a428-4dbc-89d8-767dd839d7c3-groupManagement] INFO  server.RaftServerConfigKeys (ConfUtils.java:logGet(46)) - raft.server.threadpool.client.size = 0 (default)
2024-06-12 07:36:51,443 [29194895-a428-4dbc-89d8-767dd839d7c3-groupManagement] INFO  server.RaftServerConfigKeys (ConfUtils.java:logGet(46)) - raft.server.storage.free-space.min = 0MB (=0) (default)
2024-06-12 07:36:51,443 [29194895-a428-4dbc-89d8-767dd839d7c3-groupManagement] INFO  server.RaftServerConfigKeys (ConfUtils.java:logGet(46)) - raft.server.log.corruption.policy = EXCEPTION (default)
2024-06-12 07:36:51,443 [29194895-a428-4dbc-89d8-767dd839d7c3-groupManagement] INFO  server.RaftServerConfigKeys (ConfUtils.java:logGet(46)) - raft.server.storage.dir = [/home/runner/work/ozone/ozone/hadoop-ozone/integration-test/target/test-dir/MiniOzoneClusterImpl-63f03bc8-0399-4ce2-9c43-ca6ad8c463d8/ozone-meta/datanode-6/ratis] (custom)
2024-06-12 07:36:51,443 [29194895-a428-4dbc-89d8-767dd839d7c3-groupManagement] INFO  storage.RaftStorageDirectory (RaftStorageDirectoryImpl.java:analyzeStorage(138)) - The storage directory /home/runner/work/ozone/ozone/hadoop-ozone/integration-test/target/test-dir/MiniOzoneClusterImpl-63f03bc8-0399-4ce2-9c43-ca6ad8c463d8/ozone-meta/datanode-6/ratis/3c6756a6-c20a-4fdc-8f34-a20483cac47c does not exist. Creating ...
2024-06-12 07:36:51,444 [29194895-a428-4dbc-89d8-767dd839d7c3-groupManagement] INFO  storage.RaftStorageDirectory (RaftStorageDirectoryImpl.java:tryLock(228)) - Lock on /home/runner/work/ozone/ozone/hadoop-ozone/integration-test/target/test-dir/MiniOzoneClusterImpl-63f03bc8-0399-4ce2-9c43-ca6ad8c463d8/ozone-meta/datanode-6/ratis/3c6756a6-c20a-4fdc-8f34-a20483cac47c/in_use.lock acquired by nodename 34952@fv-az1443-254
2024-06-12 07:36:51,445 [29194895-a428-4dbc-89d8-767dd839d7c3-groupManagement] INFO  storage.RaftStorage (RaftStorageImpl.java:format(99)) - Storage directory /home/runner/work/ozone/ozone/hadoop-ozone/integration-test/target/test-dir/MiniOzoneClusterImpl-63f03bc8-0399-4ce2-9c43-ca6ad8c463d8/ozone-meta/datanode-6/ratis/3c6756a6-c20a-4fdc-8f34-a20483cac47c has been successfully formatted.
2024-06-12 07:36:51,445 [29194895-a428-4dbc-89d8-767dd839d7c3-groupManagement] WARN  util.FileUtils (LogUtils.java:supplyAndLog(63)) - Failed to Files.newInputStream /home/runner/work/ozone/ozone/hadoop-ozone/integration-test/target/test-dir/MiniOzoneClusterImpl-63f03bc8-0399-4ce2-9c43-ca6ad8c463d8/ozone-meta/datanode-6/ratis/3c6756a6-c20a-4fdc-8f34-a20483cac47c/current/raft-meta.conf with options []: java.nio.file.NoSuchFileException: /home/runner/work/ozone/ozone/hadoop-ozone/integration-test/target/test-dir/MiniOzoneClusterImpl-63f03bc8-0399-4ce2-9c43-ca6ad8c463d8/ozone-meta/datanode-6/ratis/3c6756a6-c20a-4fdc-8f34-a20483cac47c/current/raft-meta.conf
2024-06-12 07:36:51,446 [29194895-a428-4dbc-89d8-767dd839d7c3-groupManagement] INFO  ratis.ContainerStateMachine (ContainerStateMachine.java:loadSnapshot(287)) - group-A20483CAC47C: The snapshot info is null. Setting the last applied index to:(t:0, i:~)
2024-06-12 07:36:51,446 [29194895-a428-4dbc-89d8-767dd839d7c3-groupManagement] INFO  server.RaftServerConfigKeys (ConfUtils.java:logGet(46)) - raft.server.log.use.memory = false (default)
2024-06-12 07:36:51,446 [29194895-a428-4dbc-89d8-767dd839d7c3-groupManagement] INFO  server.RaftServerConfigKeys (ConfUtils.java:logGet(46)) - raft.server.log.purge.gap = 1000000 (custom)
2024-06-12 07:36:51,446 [29194895-a428-4dbc-89d8-767dd839d7c3-groupManagement] INFO  server.RaftServerConfigKeys (ConfUtils.java:logGet(46)) - raft.server.log.appender.buffer.byte-limit = 8388608 (custom)
2024-06-12 07:36:51,446 [29194895-a428-4dbc-89d8-767dd839d7c3-groupManagement] INFO  server.RaftServerConfigKeys (ConfUtils.java:logGet(46)) - raft.server.log.statemachine.data.read.timeout = 1000ms (default)
2024-06-12 07:36:51,446 [29194895-a428-4dbc-89d8-767dd839d7c3-groupManagement] INFO  server.RaftServerConfigKeys (ConfUtils.java:logGet(46)) - raft.server.log.purge.preservation.log.num = 0 (default)
2024-06-12 07:36:51,447 [EventQueue-OpenPipelineForHealthyPipelineSafeModeRule] INFO  safemode.SCMSafeModeManager (HealthyPipelineSafeModeRule.java:process(140)) - SCM in safe mode. Healthy pipelines reported count is 0, required healthy pipeline reported count is 1
2024-06-12 07:36:51,448 [29194895-a428-4dbc-89d8-767dd839d7c3-groupManagement] INFO  server.RaftServerConfigKeys (ConfUtils.java:logGet(46)) - raft.server.log.segment.size.max = 67108864 (custom)
2024-06-12 07:36:51,448 [29194895-a428-4dbc-89d8-767dd839d7c3-groupManagement] INFO  server.RaftServerConfigKeys (ConfUtils.java:logGet(46)) - raft.server.log.segment.cache.num.max = 2 (custom)
2024-06-12 07:36:51,448 [29194895-a428-4dbc-89d8-767dd839d7c3-groupManagement] INFO  server.RaftServerConfigKeys (ConfUtils.java:logGet(46)) - raft.server.log.segment.cache.size.max = 200MB (=209715200) (default)
2024-06-12 07:36:51,448 [29194895-a428-4dbc-89d8-767dd839d7c3-groupManagement] INFO  server.RaftServerConfigKeys (ConfUtils.java:logGet(46)) - raft.server.log.appender.buffer.byte-limit = 8388608 (custom)
2024-06-12 07:36:51,449 [29194895-a428-4dbc-89d8-767dd839d7c3-groupManagement] INFO  util.AwaitToRun (AwaitToRun.java:start(81)) - Thread[29194895-a428-4dbc-89d8-767dd839d7c3@group-A20483CAC47C-cacheEviction-AwaitToRun,5,main] started
2024-06-12 07:36:51,450 [29194895-a428-4dbc-89d8-767dd839d7c3-groupManagement] INFO  segmented.SegmentedRaftLogWorker (SegmentedRaftLogWorker.java:<init>(182)) - new 29194895-a428-4dbc-89d8-767dd839d7c3@group-A20483CAC47C-SegmentedRaftLogWorker for RaftStorageImpl:Storage Directory /home/runner/work/ozone/ozone/hadoop-ozone/integration-test/target/test-dir/MiniOzoneClusterImpl-63f03bc8-0399-4ce2-9c43-ca6ad8c463d8/ozone-meta/datanode-6/ratis/3c6756a6-c20a-4fdc-8f34-a20483cac47c
2024-06-12 07:36:51,450 [29194895-a428-4dbc-89d8-767dd839d7c3-groupManagement] INFO  server.RaftServerConfigKeys (ConfUtils.java:logGet(46)) - raft.server.log.queue.byte-limit = 4294967296 (custom)
2024-06-12 07:36:51,450 [29194895-a428-4dbc-89d8-767dd839d7c3-groupManagement] INFO  server.RaftServerConfigKeys (ConfUtils.java:logGet(46)) - raft.server.log.queue.element-limit = 1024 (custom)
2024-06-12 07:36:51,450 [29194895-a428-4dbc-89d8-767dd839d7c3-groupManagement] INFO  server.RaftServerConfigKeys (ConfUtils.java:logGet(46)) - raft.server.log.segment.size.max = 67108864 (custom)
2024-06-12 07:36:51,450 [29194895-a428-4dbc-89d8-767dd839d7c3-groupManagement] INFO  server.RaftServerConfigKeys (ConfUtils.java:logGet(46)) - raft.server.log.preallocated.size = 4194304 (custom)
2024-06-12 07:36:51,450 [29194895-a428-4dbc-89d8-767dd839d7c3-groupManagement] INFO  server.RaftServerConfigKeys (ConfUtils.java:logGet(46)) - raft.server.log.force.sync.num = 128 (default)
2024-06-12 07:36:51,450 [29194895-a428-4dbc-89d8-767dd839d7c3-groupManagement] INFO  server.RaftServerConfigKeys (ConfUtils.java:logGet(46)) - raft.server.log.statemachine.data.sync = true (default)
2024-06-12 07:36:51,450 [29194895-a428-4dbc-89d8-767dd839d7c3-groupManagement] INFO  server.RaftServerConfigKeys (ConfUtils.java:logGet(46)) - raft.server.log.statemachine.data.sync.timeout = 10s (default)
2024-06-12 07:36:51,450 [29194895-a428-4dbc-89d8-767dd839d7c3-groupManagement] INFO  server.RaftServerConfigKeys (ConfUtils.java:logGet(46)) - raft.server.log.statemachine.data.sync.timeout.retry = 30 (custom)
2024-06-12 07:36:51,450 [29194895-a428-4dbc-89d8-767dd839d7c3-groupManagement] INFO  server.RaftServerConfigKeys (ConfUtils.java:logGet(46)) - raft.server.log.write.buffer.size = 8388616 (custom)
2024-06-12 07:36:51,452 [29194895-a428-4dbc-89d8-767dd839d7c3-groupManagement] INFO  server.RaftServerConfigKeys (ConfUtils.java:logGet(46)) - raft.server.log.appender.buffer.byte-limit = 8388608 (custom)
2024-06-12 07:36:51,452 [29194895-a428-4dbc-89d8-767dd839d7c3-groupManagement] INFO  server.RaftServerConfigKeys (ConfUtils.java:logGet(46)) - raft.server.log.unsafe-flush.enabled = false (default)
2024-06-12 07:36:51,452 [29194895-a428-4dbc-89d8-767dd839d7c3-groupManagement] INFO  server.RaftServerConfigKeys (ConfUtils.java:logGet(46)) - raft.server.log.async-flush.enabled = false (default)
2024-06-12 07:36:51,452 [29194895-a428-4dbc-89d8-767dd839d7c3-groupManagement] INFO  server.RaftServerConfigKeys (ConfUtils.java:logGet(46)) - raft.server.log.statemachine.data.caching.enabled = true (custom)
2024-06-12 07:36:51,453 [29194895-a428-4dbc-89d8-767dd839d7c3-groupManagement] INFO  segmented.SegmentedRaftLogWorker (SegmentedRaftLogWorker.java:lambda$new$0(134)) - 29194895-a428-4dbc-89d8-767dd839d7c3@group-A20483CAC47C-SegmentedRaftLogWorker: flushIndex: setUnconditionally 0 -> -1
2024-06-12 07:36:51,453 [29194895-a428-4dbc-89d8-767dd839d7c3-groupManagement] INFO  segmented.SegmentedRaftLogWorker (SegmentedRaftLogWorker.java:lambda$new$0(134)) - 29194895-a428-4dbc-89d8-767dd839d7c3@group-A20483CAC47C-SegmentedRaftLogWorker: safeCacheEvictIndex: setUnconditionally 0 -> -1
2024-06-12 07:36:51,453 [29194895-a428-4dbc-89d8-767dd839d7c3-groupManagement] INFO  server.RaftServer$Division (RaftServerImpl.java:start(396)) - 29194895-a428-4dbc-89d8-767dd839d7c3@group-A20483CAC47C: start as a follower, conf=-1: peers:[6f841693-a0f5-4238-8e94-5d49f60504b4|127.0.0.1:15139, 29194895-a428-4dbc-89d8-767dd839d7c3|127.0.0.1:15157, ac495114-8bb8-4dac-b10f-46951d6cb650|127.0.0.1:15148]|listeners:[], old=null
2024-06-12 07:36:51,453 [29194895-a428-4dbc-89d8-767dd839d7c3-groupManagement] INFO  server.RaftServer$Division (RaftServerImpl.java:setRole(383)) - 29194895-a428-4dbc-89d8-767dd839d7c3@group-A20483CAC47C: changes role from      null to FOLLOWER at term 0 for startAsFollower
2024-06-12 07:36:51,453 [29194895-a428-4dbc-89d8-767dd839d7c3-groupManagement] INFO  impl.RoleInfo (RoleInfo.java:updateAndGet(139)) - 29194895-a428-4dbc-89d8-767dd839d7c3: start 29194895-a428-4dbc-89d8-767dd839d7c3@group-A20483CAC47C-FollowerState
2024-06-12 07:36:51,454 [29194895-a428-4dbc-89d8-767dd839d7c3-groupManagement] INFO  util.JmxRegister (JmxRegister.java:tryRegister(44)) - Successfully registered JMX Bean with object name Ratis:service=RaftServer,group=group-A20483CAC47C,id=29194895-a428-4dbc-89d8-767dd839d7c3
2024-06-12 07:36:51,454 [29194895-a428-4dbc-89d8-767dd839d7c3-groupManagement] INFO  server.RaftServerConfigKeys (ConfUtils.java:logGet(46)) - raft.server.snapshot.trigger-when-stop.enabled = true (default)
2024-06-12 07:36:51,454 [29194895-a428-4dbc-89d8-767dd839d7c3-groupManagement] INFO  server.RaftServerConfigKeys (ConfUtils.java:logGet(46)) - raft.server.snapshot.auto.trigger.enabled = true (custom)
2024-06-12 07:36:51,454 [29194895-a428-4dbc-89d8-767dd839d7c3-groupManagement] INFO  server.RaftServerConfigKeys (ConfUtils.java:logGet(46)) - raft.server.snapshot.auto.trigger.threshold = 10000 (custom)
2024-06-12 07:36:51,454 [29194895-a428-4dbc-89d8-767dd839d7c3-groupManagement] INFO  server.RaftServerConfigKeys (ConfUtils.java:logGet(46)) - raft.server.snapshot.retention.file.num = 5 (custom)
2024-06-12 07:36:51,454 [29194895-a428-4dbc-89d8-767dd839d7c3-groupManagement] INFO  server.RaftServerConfigKeys (ConfUtils.java:logGet(46)) - raft.server.log.purge.upto.snapshot.index = false (default)
2024-06-12 07:36:51,455 [29194895-a428-4dbc-89d8-767dd839d7c3@group-A20483CAC47C-FollowerState] INFO  server.RaftServerConfigKeys (ConfUtils.java:logFallback(53)) - raft.server.rpc.first-election.timeout.min = 1s (fallback to raft.server.rpc.timeout.min)
2024-06-12 07:36:51,455 [29194895-a428-4dbc-89d8-767dd839d7c3@group-A20483CAC47C-FollowerState] INFO  server.RaftServerConfigKeys (ConfUtils.java:logFallback(53)) - raft.server.rpc.first-election.timeout.max = 1200ms (fallback to raft.server.rpc.timeout.max)
2024-06-12 07:36:51,459 [29194895-a428-4dbc-89d8-767dd839d7c3-groupManagement] INFO  server.RaftServerConfigKeys (ConfUtils.java:logGet(46)) - raft.server.storage.free-space.min = 0MB (=0) (default)
2024-06-12 07:36:51,459 [29194895-a428-4dbc-89d8-767dd839d7c3-groupManagement] INFO  server.RaftServerConfigKeys (ConfUtils.java:logGet(46)) - raft.server.log.corruption.policy = EXCEPTION (default)
2024-06-12 07:36:51,459 [29194895-a428-4dbc-89d8-767dd839d7c3-groupManagement] INFO  server.RaftServerConfigKeys (ConfUtils.java:logGet(46)) - raft.server.storage.dir = [/home/runner/work/ozone/ozone/hadoop-ozone/integration-test/target/test-dir/MiniOzoneClusterImpl-63f03bc8-0399-4ce2-9c43-ca6ad8c463d8/ozone-meta/datanode-6/ratis] (custom)
2024-06-12 07:36:51,459 [29194895-a428-4dbc-89d8-767dd839d7c3-groupManagement] INFO  storage.RaftStorageDirectory (RaftStorageDirectoryImpl.java:analyzeStorage(138)) - The storage directory /home/runner/work/ozone/ozone/hadoop-ozone/integration-test/target/test-dir/MiniOzoneClusterImpl-63f03bc8-0399-4ce2-9c43-ca6ad8c463d8/ozone-meta/datanode-6/ratis/750c4273-4abe-4ab7-ae36-886bf1b6d606 does not exist. Creating ...
2024-06-12 07:36:51,460 [29194895-a428-4dbc-89d8-767dd839d7c3-groupManagement] INFO  storage.RaftStorageDirectory (RaftStorageDirectoryImpl.java:tryLock(228)) - Lock on /home/runner/work/ozone/ozone/hadoop-ozone/integration-test/target/test-dir/MiniOzoneClusterImpl-63f03bc8-0399-4ce2-9c43-ca6ad8c463d8/ozone-meta/datanode-6/ratis/750c4273-4abe-4ab7-ae36-886bf1b6d606/in_use.lock acquired by nodename 34952@fv-az1443-254
2024-06-12 07:36:51,461 [29194895-a428-4dbc-89d8-767dd839d7c3-groupManagement] INFO  storage.RaftStorage (RaftStorageImpl.java:format(99)) - Storage directory /home/runner/work/ozone/ozone/hadoop-ozone/integration-test/target/test-dir/MiniOzoneClusterImpl-63f03bc8-0399-4ce2-9c43-ca6ad8c463d8/ozone-meta/datanode-6/ratis/750c4273-4abe-4ab7-ae36-886bf1b6d606 has been successfully formatted.
2024-06-12 07:36:51,462 [29194895-a428-4dbc-89d8-767dd839d7c3-groupManagement] WARN  util.FileUtils (LogUtils.java:supplyAndLog(63)) - Failed to Files.newInputStream /home/runner/work/ozone/ozone/hadoop-ozone/integration-test/target/test-dir/MiniOzoneClusterImpl-63f03bc8-0399-4ce2-9c43-ca6ad8c463d8/ozone-meta/datanode-6/ratis/750c4273-4abe-4ab7-ae36-886bf1b6d606/current/raft-meta.conf with options []: java.nio.file.NoSuchFileException: /home/runner/work/ozone/ozone/hadoop-ozone/integration-test/target/test-dir/MiniOzoneClusterImpl-63f03bc8-0399-4ce2-9c43-ca6ad8c463d8/ozone-meta/datanode-6/ratis/750c4273-4abe-4ab7-ae36-886bf1b6d606/current/raft-meta.conf
2024-06-12 07:36:51,462 [29194895-a428-4dbc-89d8-767dd839d7c3-groupManagement] INFO  ratis.ContainerStateMachine (ContainerStateMachine.java:loadSnapshot(287)) - group-886BF1B6D606: The snapshot info is null. Setting the last applied index to:(t:0, i:~)
2024-06-12 07:36:51,462 [29194895-a428-4dbc-89d8-767dd839d7c3-groupManagement] INFO  server.RaftServerConfigKeys (ConfUtils.java:logGet(46)) - raft.server.log.use.memory = false (default)
2024-06-12 07:36:51,462 [29194895-a428-4dbc-89d8-767dd839d7c3-groupManagement] INFO  server.RaftServerConfigKeys (ConfUtils.java:logGet(46)) - raft.server.log.purge.gap = 1000000 (custom)
2024-06-12 07:36:51,462 [29194895-a428-4dbc-89d8-767dd839d7c3-groupManagement] INFO  server.RaftServerConfigKeys (ConfUtils.java:logGet(46)) - raft.server.log.appender.buffer.byte-limit = 8388608 (custom)
2024-06-12 07:36:51,462 [29194895-a428-4dbc-89d8-767dd839d7c3-groupManagement] INFO  server.RaftServerConfigKeys (ConfUtils.java:logGet(46)) - raft.server.log.statemachine.data.read.timeout = 1000ms (default)
2024-06-12 07:36:51,462 [29194895-a428-4dbc-89d8-767dd839d7c3-groupManagement] INFO  server.RaftServerConfigKeys (ConfUtils.java:logGet(46)) - raft.server.log.purge.preservation.log.num = 0 (default)
2024-06-12 07:36:51,463 [29194895-a428-4dbc-89d8-767dd839d7c3-groupManagement] INFO  server.RaftServerConfigKeys (ConfUtils.java:logGet(46)) - raft.server.log.segment.size.max = 67108864 (custom)
2024-06-12 07:36:51,464 [29194895-a428-4dbc-89d8-767dd839d7c3-groupManagement] INFO  server.RaftServerConfigKeys (ConfUtils.java:logGet(46)) - raft.server.log.segment.cache.num.max = 2 (custom)
2024-06-12 07:36:51,464 [29194895-a428-4dbc-89d8-767dd839d7c3-groupManagement] INFO  server.RaftServerConfigKeys (ConfUtils.java:logGet(46)) - raft.server.log.segment.cache.size.max = 200MB (=209715200) (default)
2024-06-12 07:36:51,464 [29194895-a428-4dbc-89d8-767dd839d7c3-groupManagement] INFO  server.RaftServerConfigKeys (ConfUtils.java:logGet(46)) - raft.server.log.appender.buffer.byte-limit = 8388608 (custom)
2024-06-12 07:36:51,465 [EventQueue-OpenPipelineForHealthyPipelineSafeModeRule] INFO  safemode.SCMSafeModeManager (HealthyPipelineSafeModeRule.java:process(140)) - SCM in safe mode. Healthy pipelines reported count is 0, required healthy pipeline reported count is 1
2024-06-12 07:36:51,468 [6f841693-a0f5-4238-8e94-5d49f60504b4-PipelineCommandHandlerThread-0] INFO  commandhandler.CreatePipelineCommandHandler (CreatePipelineCommandHandler.java:lambda$handle$2(124)) - Created Pipeline RATIS THREE PipelineID=3c6756a6-c20a-4fdc-8f34-a20483cac47c.
2024-06-12 07:36:51,468 [29194895-a428-4dbc-89d8-767dd839d7c3-groupManagement] INFO  util.AwaitToRun (AwaitToRun.java:start(81)) - Thread[29194895-a428-4dbc-89d8-767dd839d7c3@group-886BF1B6D606-cacheEviction-AwaitToRun,5,main] started
2024-06-12 07:36:51,468 [29194895-a428-4dbc-89d8-767dd839d7c3-groupManagement] INFO  segmented.SegmentedRaftLogWorker (SegmentedRaftLogWorker.java:<init>(182)) - new 29194895-a428-4dbc-89d8-767dd839d7c3@group-886BF1B6D606-SegmentedRaftLogWorker for RaftStorageImpl:Storage Directory /home/runner/work/ozone/ozone/hadoop-ozone/integration-test/target/test-dir/MiniOzoneClusterImpl-63f03bc8-0399-4ce2-9c43-ca6ad8c463d8/ozone-meta/datanode-6/ratis/750c4273-4abe-4ab7-ae36-886bf1b6d606
2024-06-12 07:36:51,468 [29194895-a428-4dbc-89d8-767dd839d7c3-groupManagement] INFO  server.RaftServerConfigKeys (ConfUtils.java:logGet(46)) - raft.server.log.queue.byte-limit = 4294967296 (custom)
2024-06-12 07:36:51,468 [29194895-a428-4dbc-89d8-767dd839d7c3-groupManagement] INFO  server.RaftServerConfigKeys (ConfUtils.java:logGet(46)) - raft.server.log.queue.element-limit = 1024 (custom)
2024-06-12 07:36:51,468 [29194895-a428-4dbc-89d8-767dd839d7c3-groupManagement] INFO  server.RaftServerConfigKeys (ConfUtils.java:logGet(46)) - raft.server.log.segment.size.max = 67108864 (custom)
2024-06-12 07:36:51,468 [29194895-a428-4dbc-89d8-767dd839d7c3-groupManagement] INFO  server.RaftServerConfigKeys (ConfUtils.java:logGet(46)) - raft.server.log.preallocated.size = 4194304 (custom)
2024-06-12 07:36:51,468 [29194895-a428-4dbc-89d8-767dd839d7c3-groupManagement] INFO  server.RaftServerConfigKeys (ConfUtils.java:logGet(46)) - raft.server.log.force.sync.num = 128 (default)
2024-06-12 07:36:51,468 [29194895-a428-4dbc-89d8-767dd839d7c3-groupManagement] INFO  server.RaftServerConfigKeys (ConfUtils.java:logGet(46)) - raft.server.log.statemachine.data.sync = true (default)
2024-06-12 07:36:51,468 [29194895-a428-4dbc-89d8-767dd839d7c3-groupManagement] INFO  server.RaftServerConfigKeys (ConfUtils.java:logGet(46)) - raft.server.log.statemachine.data.sync.timeout = 10s (default)
2024-06-12 07:36:51,468 [29194895-a428-4dbc-89d8-767dd839d7c3-groupManagement] INFO  server.RaftServerConfigKeys (ConfUtils.java:logGet(46)) - raft.server.log.statemachine.data.sync.timeout.retry = 30 (custom)
2024-06-12 07:36:51,469 [29194895-a428-4dbc-89d8-767dd839d7c3-groupManagement] INFO  server.RaftServerConfigKeys (ConfUtils.java:logGet(46)) - raft.server.log.write.buffer.size = 8388616 (custom)
2024-06-12 07:36:51,471 [29194895-a428-4dbc-89d8-767dd839d7c3-groupManagement] INFO  server.RaftServerConfigKeys (ConfUtils.java:logGet(46)) - raft.server.log.appender.buffer.byte-limit = 8388608 (custom)
2024-06-12 07:36:51,471 [29194895-a428-4dbc-89d8-767dd839d7c3-groupManagement] INFO  server.RaftServerConfigKeys (ConfUtils.java:logGet(46)) - raft.server.log.unsafe-flush.enabled = false (default)
2024-06-12 07:36:51,471 [29194895-a428-4dbc-89d8-767dd839d7c3-groupManagement] INFO  server.RaftServerConfigKeys (ConfUtils.java:logGet(46)) - raft.server.log.async-flush.enabled = false (default)
2024-06-12 07:36:51,471 [29194895-a428-4dbc-89d8-767dd839d7c3-groupManagement] INFO  server.RaftServerConfigKeys (ConfUtils.java:logGet(46)) - raft.server.log.statemachine.data.caching.enabled = true (custom)
2024-06-12 07:36:51,471 [29194895-a428-4dbc-89d8-767dd839d7c3-groupManagement] INFO  segmented.SegmentedRaftLogWorker (SegmentedRaftLogWorker.java:lambda$new$0(134)) - 29194895-a428-4dbc-89d8-767dd839d7c3@group-886BF1B6D606-SegmentedRaftLogWorker: flushIndex: setUnconditionally 0 -> -1
2024-06-12 07:36:51,471 [29194895-a428-4dbc-89d8-767dd839d7c3-groupManagement] INFO  segmented.SegmentedRaftLogWorker (SegmentedRaftLogWorker.java:lambda$new$0(134)) - 29194895-a428-4dbc-89d8-767dd839d7c3@group-886BF1B6D606-SegmentedRaftLogWorker: safeCacheEvictIndex: setUnconditionally 0 -> -1
2024-06-12 07:36:51,474 [ac495114-8bb8-4dac-b10f-46951d6cb650-PipelineCommandHandlerThread-0] INFO  commandhandler.CreatePipelineCommandHandler (CreatePipelineCommandHandler.java:lambda$handle$2(124)) - Created Pipeline RATIS THREE PipelineID=750c4273-4abe-4ab7-ae36-886bf1b6d606.
2024-06-12 07:36:51,477 [29194895-a428-4dbc-89d8-767dd839d7c3-groupManagement] INFO  server.RaftServer$Division (RaftServerImpl.java:start(396)) - 29194895-a428-4dbc-89d8-767dd839d7c3@group-886BF1B6D606: start as a follower, conf=-1: peers:[6f841693-a0f5-4238-8e94-5d49f60504b4|127.0.0.1:15139, 29194895-a428-4dbc-89d8-767dd839d7c3|127.0.0.1:15157, ac495114-8bb8-4dac-b10f-46951d6cb650|127.0.0.1:15148]|listeners:[], old=null
2024-06-12 07:36:51,477 [29194895-a428-4dbc-89d8-767dd839d7c3-groupManagement] INFO  server.RaftServer$Division (RaftServerImpl.java:setRole(383)) - 29194895-a428-4dbc-89d8-767dd839d7c3@group-886BF1B6D606: changes role from      null to FOLLOWER at term 0 for startAsFollower
2024-06-12 07:36:51,477 [29194895-a428-4dbc-89d8-767dd839d7c3-groupManagement] INFO  impl.RoleInfo (RoleInfo.java:updateAndGet(139)) - 29194895-a428-4dbc-89d8-767dd839d7c3: start 29194895-a428-4dbc-89d8-767dd839d7c3@group-886BF1B6D606-FollowerState
2024-06-12 07:36:51,477 [29194895-a428-4dbc-89d8-767dd839d7c3-groupManagement] INFO  util.JmxRegister (JmxRegister.java:tryRegister(44)) - Successfully registered JMX Bean with object name Ratis:service=RaftServer,group=group-886BF1B6D606,id=29194895-a428-4dbc-89d8-767dd839d7c3
2024-06-12 07:36:51,477 [29194895-a428-4dbc-89d8-767dd839d7c3-groupManagement] INFO  server.RaftServerConfigKeys (ConfUtils.java:logGet(46)) - raft.server.snapshot.trigger-when-stop.enabled = true (default)
2024-06-12 07:36:51,477 [29194895-a428-4dbc-89d8-767dd839d7c3-groupManagement] INFO  server.RaftServerConfigKeys (ConfUtils.java:logGet(46)) - raft.server.snapshot.auto.trigger.enabled = true (custom)
2024-06-12 07:36:51,477 [29194895-a428-4dbc-89d8-767dd839d7c3-groupManagement] INFO  server.RaftServerConfigKeys (ConfUtils.java:logGet(46)) - raft.server.snapshot.auto.trigger.threshold = 10000 (custom)
2024-06-12 07:36:51,477 [29194895-a428-4dbc-89d8-767dd839d7c3-groupManagement] INFO  server.RaftServerConfigKeys (ConfUtils.java:logGet(46)) - raft.server.snapshot.retention.file.num = 5 (custom)
2024-06-12 07:36:51,477 [29194895-a428-4dbc-89d8-767dd839d7c3-groupManagement] INFO  server.RaftServerConfigKeys (ConfUtils.java:logGet(46)) - raft.server.log.purge.upto.snapshot.index = false (default)
2024-06-12 07:36:51,478 [29194895-a428-4dbc-89d8-767dd839d7c3@group-886BF1B6D606-FollowerState] INFO  server.RaftServerConfigKeys (ConfUtils.java:logFallback(53)) - raft.server.rpc.first-election.timeout.min = 1s (fallback to raft.server.rpc.timeout.min)
2024-06-12 07:36:51,478 [29194895-a428-4dbc-89d8-767dd839d7c3@group-886BF1B6D606-FollowerState] INFO  server.RaftServerConfigKeys (ConfUtils.java:logFallback(53)) - raft.server.rpc.first-election.timeout.max = 1200ms (fallback to raft.server.rpc.timeout.max)
2024-06-12 07:36:51,478 [29194895-a428-4dbc-89d8-767dd839d7c3-PipelineCommandHandlerThread-0] INFO  ratis.XceiverServerRatis (XceiverServerRatis.java:addGroup(864)) - Created group PipelineID=750c4273-4abe-4ab7-ae36-886bf1b6d606
2024-06-12 07:36:51,502 [29194895-a428-4dbc-89d8-767dd839d7c3-PipelineCommandHandlerThread-0] INFO  commandhandler.CreatePipelineCommandHandler (CreatePipelineCommandHandler.java:lambda$handle$2(124)) - Created Pipeline RATIS THREE PipelineID=750c4273-4abe-4ab7-ae36-886bf1b6d606.
2024-06-12 07:36:52,124 [86e236ad-53d7-40fc-9454-d100b30595d4@group-47098A2D7F4D-FollowerState] INFO  impl.FollowerState (FollowerState.java:run(143)) - 86e236ad-53d7-40fc-9454-d100b30595d4@group-47098A2D7F4D-FollowerState: change to CANDIDATE, lastRpcElapsedTime:1036589058ns, electionTimeout:1034ms
2024-06-12 07:36:52,124 [86e236ad-53d7-40fc-9454-d100b30595d4@group-47098A2D7F4D-FollowerState] INFO  impl.RoleInfo (RoleInfo.java:shutdownFollowerState(110)) - 86e236ad-53d7-40fc-9454-d100b30595d4: shutdown 86e236ad-53d7-40fc-9454-d100b30595d4@group-47098A2D7F4D-FollowerState
2024-06-12 07:36:52,124 [86e236ad-53d7-40fc-9454-d100b30595d4@group-47098A2D7F4D-FollowerState] INFO  server.RaftServer$Division (RaftServerImpl.java:setRole(383)) - 86e236ad-53d7-40fc-9454-d100b30595d4@group-47098A2D7F4D: changes role from  FOLLOWER to CANDIDATE at term 0 for changeToCandidate
2024-06-12 07:36:52,124 [86e236ad-53d7-40fc-9454-d100b30595d4@group-47098A2D7F4D-FollowerState] INFO  server.RaftServerConfigKeys (ConfUtils.java:logGet(46)) - raft.server.leaderelection.pre-vote = true (default)
2024-06-12 07:36:52,124 [86e236ad-53d7-40fc-9454-d100b30595d4@group-47098A2D7F4D-FollowerState] INFO  impl.RoleInfo (RoleInfo.java:updateAndGet(139)) - 86e236ad-53d7-40fc-9454-d100b30595d4: start 86e236ad-53d7-40fc-9454-d100b30595d4@group-47098A2D7F4D-LeaderElection29
2024-06-12 07:36:52,125 [86e236ad-53d7-40fc-9454-d100b30595d4@group-47098A2D7F4D-LeaderElection29] INFO  impl.LeaderElection (LeaderElection.java:askForVotes(321)) - 86e236ad-53d7-40fc-9454-d100b30595d4@group-47098A2D7F4D-LeaderElection29 PRE_VOTE round 0: submit vote requests at term 0 for -1: peers:[893f21cf-1739-427a-a93c-5929db1902c5|127.0.0.1:15121, 86e236ad-53d7-40fc-9454-d100b30595d4|127.0.0.1:15112, 8c3b1af4-43ff-4c22-ad10-b37d9e41628a|127.0.0.1:15130]|listeners:[], old=null
2024-06-12 07:36:52,125 [86e236ad-53d7-40fc-9454-d100b30595d4@group-47098A2D7F4D-LeaderElection29-1] INFO  server.GrpcServerProtocolClient (GrpcServerProtocolClient.java:<init>(65)) - Build channel for 893f21cf-1739-427a-a93c-5929db1902c5|127.0.0.1:15121
2024-06-12 07:36:52,125 [86e236ad-53d7-40fc-9454-d100b30595d4@group-47098A2D7F4D-LeaderElection29] INFO  server.RaftServerConfigKeys (ConfUtils.java:logFallback(53)) - raft.server.rpc.first-election.timeout.min = 1s (fallback to raft.server.rpc.timeout.min)
2024-06-12 07:36:52,126 [86e236ad-53d7-40fc-9454-d100b30595d4@group-47098A2D7F4D-LeaderElection29] INFO  server.RaftServerConfigKeys (ConfUtils.java:logFallback(53)) - raft.server.rpc.first-election.timeout.max = 1200ms (fallback to raft.server.rpc.timeout.max)
2024-06-12 07:36:52,126 [86e236ad-53d7-40fc-9454-d100b30595d4@group-47098A2D7F4D-LeaderElection29-2] INFO  server.GrpcServerProtocolClient (GrpcServerProtocolClient.java:<init>(65)) - Build channel for 8c3b1af4-43ff-4c22-ad10-b37d9e41628a|127.0.0.1:15130
2024-06-12 07:36:52,132 [grpc-default-executor-0] INFO  server.RaftServer$Division (RaftServerImpl.java:requestVote(1389)) - 8c3b1af4-43ff-4c22-ad10-b37d9e41628a@group-47098A2D7F4D: receive requestVote(PRE_VOTE, 86e236ad-53d7-40fc-9454-d100b30595d4, group-47098A2D7F4D, 0, (t:0, i:0))
2024-06-12 07:36:52,132 [grpc-default-executor-1] INFO  server.RaftServer$Division (RaftServerImpl.java:requestVote(1389)) - 893f21cf-1739-427a-a93c-5929db1902c5@group-47098A2D7F4D: receive requestVote(PRE_VOTE, 86e236ad-53d7-40fc-9454-d100b30595d4, group-47098A2D7F4D, 0, (t:0, i:0))
2024-06-12 07:36:52,132 [grpc-default-executor-0] INFO  impl.VoteContext (VoteContext.java:log(49)) - 8c3b1af4-43ff-4c22-ad10-b37d9e41628a@group-47098A2D7F4D-FOLLOWER: accept PRE_VOTE from 86e236ad-53d7-40fc-9454-d100b30595d4: our priority 0 <= candidate's priority 1
2024-06-12 07:36:52,132 [grpc-default-executor-1] INFO  impl.VoteContext (VoteContext.java:log(49)) - 893f21cf-1739-427a-a93c-5929db1902c5@group-47098A2D7F4D-FOLLOWER: accept PRE_VOTE from 86e236ad-53d7-40fc-9454-d100b30595d4: our priority 0 <= candidate's priority 1
2024-06-12 07:36:52,132 [grpc-default-executor-0] INFO  server.RaftServer$Division (RaftServerImpl.java:requestVote(1422)) - 8c3b1af4-43ff-4c22-ad10-b37d9e41628a@group-47098A2D7F4D replies to PRE_VOTE vote request: 86e236ad-53d7-40fc-9454-d100b30595d4<-8c3b1af4-43ff-4c22-ad10-b37d9e41628a#0:OK-t0. Peer's state: 8c3b1af4-43ff-4c22-ad10-b37d9e41628a@group-47098A2D7F4D:t0, leader=null, voted=, raftlog=Memoized:8c3b1af4-43ff-4c22-ad10-b37d9e41628a@group-47098A2D7F4D-SegmentedRaftLog:OPENED:c-1, conf=-1: peers:[893f21cf-1739-427a-a93c-5929db1902c5|127.0.0.1:15121, 86e236ad-53d7-40fc-9454-d100b30595d4|127.0.0.1:15112, 8c3b1af4-43ff-4c22-ad10-b37d9e41628a|127.0.0.1:15130]|listeners:[], old=null
2024-06-12 07:36:52,132 [grpc-default-executor-1] INFO  server.RaftServer$Division (RaftServerImpl.java:requestVote(1422)) - 893f21cf-1739-427a-a93c-5929db1902c5@group-47098A2D7F4D replies to PRE_VOTE vote request: 86e236ad-53d7-40fc-9454-d100b30595d4<-893f21cf-1739-427a-a93c-5929db1902c5#0:OK-t0. Peer's state: 893f21cf-1739-427a-a93c-5929db1902c5@group-47098A2D7F4D:t0, leader=null, voted=, raftlog=Memoized:893f21cf-1739-427a-a93c-5929db1902c5@group-47098A2D7F4D-SegmentedRaftLog:OPENED:c-1, conf=-1: peers:[893f21cf-1739-427a-a93c-5929db1902c5|127.0.0.1:15121, 86e236ad-53d7-40fc-9454-d100b30595d4|127.0.0.1:15112, 8c3b1af4-43ff-4c22-ad10-b37d9e41628a|127.0.0.1:15130]|listeners:[], old=null
2024-06-12 07:36:52,133 [86e236ad-53d7-40fc-9454-d100b30595d4@group-47098A2D7F4D-LeaderElection29] INFO  impl.LeaderElection (LeaderElection.java:logAndReturn(89)) - 86e236ad-53d7-40fc-9454-d100b30595d4@group-47098A2D7F4D-LeaderElection29: PRE_VOTE PASSED received 1 response(s) and 0 exception(s):
2024-06-12 07:36:52,133 [86e236ad-53d7-40fc-9454-d100b30595d4@group-47098A2D7F4D-LeaderElection29] INFO  impl.LeaderElection (LeaderElection.java:logAndReturn(93)) -   Response 0: 86e236ad-53d7-40fc-9454-d100b30595d4<-893f21cf-1739-427a-a93c-5929db1902c5#0:OK-t0
2024-06-12 07:36:52,133 [86e236ad-53d7-40fc-9454-d100b30595d4@group-47098A2D7F4D-LeaderElection29] INFO  impl.LeaderElection (LeaderElection.java:askForVotes(323)) - 86e236ad-53d7-40fc-9454-d100b30595d4@group-47098A2D7F4D-LeaderElection29 PRE_VOTE round 0: result PASSED
2024-06-12 07:36:52,134 [86e236ad-53d7-40fc-9454-d100b30595d4@group-47098A2D7F4D-LeaderElection29] INFO  impl.LeaderElection (LeaderElection.java:askForVotes(321)) - 86e236ad-53d7-40fc-9454-d100b30595d4@group-47098A2D7F4D-LeaderElection29 ELECTION round 0: submit vote requests at term 1 for -1: peers:[893f21cf-1739-427a-a93c-5929db1902c5|127.0.0.1:15121, 86e236ad-53d7-40fc-9454-d100b30595d4|127.0.0.1:15112, 8c3b1af4-43ff-4c22-ad10-b37d9e41628a|127.0.0.1:15130]|listeners:[], old=null
2024-06-12 07:36:52,134 [86e236ad-53d7-40fc-9454-d100b30595d4@group-47098A2D7F4D-LeaderElection29] INFO  server.RaftServerConfigKeys (ConfUtils.java:logFallback(53)) - raft.server.rpc.first-election.timeout.min = 1s (fallback to raft.server.rpc.timeout.min)
2024-06-12 07:36:52,134 [86e236ad-53d7-40fc-9454-d100b30595d4@group-47098A2D7F4D-LeaderElection29] INFO  server.RaftServerConfigKeys (ConfUtils.java:logFallback(53)) - raft.server.rpc.first-election.timeout.max = 1200ms (fallback to raft.server.rpc.timeout.max)
2024-06-12 07:36:52,135 [grpc-default-executor-1] INFO  server.RaftServer$Division (RaftServerImpl.java:requestVote(1389)) - 893f21cf-1739-427a-a93c-5929db1902c5@group-47098A2D7F4D: receive requestVote(ELECTION, 86e236ad-53d7-40fc-9454-d100b30595d4, group-47098A2D7F4D, 1, (t:0, i:0))
2024-06-12 07:36:52,135 [grpc-default-executor-1] INFO  impl.VoteContext (VoteContext.java:log(49)) - 893f21cf-1739-427a-a93c-5929db1902c5@group-47098A2D7F4D-FOLLOWER: accept ELECTION from 86e236ad-53d7-40fc-9454-d100b30595d4: our priority 0 <= candidate's priority 1
2024-06-12 07:36:52,135 [grpc-default-executor-1] INFO  server.RaftServer$Division (RaftServerImpl.java:setRole(383)) - 893f21cf-1739-427a-a93c-5929db1902c5@group-47098A2D7F4D: changes role from  FOLLOWER to FOLLOWER at term 1 for candidate:86e236ad-53d7-40fc-9454-d100b30595d4
2024-06-12 07:36:52,135 [grpc-default-executor-1] INFO  impl.RoleInfo (RoleInfo.java:shutdownFollowerState(110)) - 893f21cf-1739-427a-a93c-5929db1902c5: shutdown 893f21cf-1739-427a-a93c-5929db1902c5@group-47098A2D7F4D-FollowerState
2024-06-12 07:36:52,135 [grpc-default-executor-1] INFO  impl.RoleInfo (RoleInfo.java:updateAndGet(139)) - 893f21cf-1739-427a-a93c-5929db1902c5: start 893f21cf-1739-427a-a93c-5929db1902c5@group-47098A2D7F4D-FollowerState
2024-06-12 07:36:52,135 [grpc-default-executor-1] INFO  server.RaftServer$Division (RaftServerImpl.java:setFirstElection(574)) - 893f21cf-1739-427a-a93c-5929db1902c5@group-47098A2D7F4D: set firstElectionSinceStartup to false for candidate:86e236ad-53d7-40fc-9454-d100b30595d4
2024-06-12 07:36:52,136 [893f21cf-1739-427a-a93c-5929db1902c5@group-47098A2D7F4D-FollowerState] INFO  impl.FollowerState (FollowerState.java:run(152)) - 893f21cf-1739-427a-a93c-5929db1902c5@group-47098A2D7F4D-FollowerState was interrupted
2024-06-12 07:36:52,136 [grpc-default-executor-0] INFO  server.RaftServer$Division (RaftServerImpl.java:requestVote(1389)) - 8c3b1af4-43ff-4c22-ad10-b37d9e41628a@group-47098A2D7F4D: receive requestVote(ELECTION, 86e236ad-53d7-40fc-9454-d100b30595d4, group-47098A2D7F4D, 1, (t:0, i:0))
2024-06-12 07:36:52,136 [grpc-default-executor-0] INFO  impl.VoteContext (VoteContext.java:log(49)) - 8c3b1af4-43ff-4c22-ad10-b37d9e41628a@group-47098A2D7F4D-FOLLOWER: accept ELECTION from 86e236ad-53d7-40fc-9454-d100b30595d4: our priority 0 <= candidate's priority 1
2024-06-12 07:36:52,136 [86e236ad-53d7-40fc-9454-d100b30595d4@group-3F5FF29A8B05-FollowerState] INFO  impl.FollowerState (FollowerState.java:run(143)) - 86e236ad-53d7-40fc-9454-d100b30595d4@group-3F5FF29A8B05-FollowerState: change to CANDIDATE, lastRpcElapsedTime:1063627531ns, electionTimeout:1063ms
2024-06-12 07:36:52,136 [grpc-default-executor-1] INFO  server.RaftServer$Division (RaftServerImpl.java:requestVote(1422)) - 893f21cf-1739-427a-a93c-5929db1902c5@group-47098A2D7F4D replies to ELECTION vote request: 86e236ad-53d7-40fc-9454-d100b30595d4<-893f21cf-1739-427a-a93c-5929db1902c5#0:OK-t1. Peer's state: 893f21cf-1739-427a-a93c-5929db1902c5@group-47098A2D7F4D:t1, leader=null, voted=86e236ad-53d7-40fc-9454-d100b30595d4, raftlog=Memoized:893f21cf-1739-427a-a93c-5929db1902c5@group-47098A2D7F4D-SegmentedRaftLog:OPENED:c-1, conf=-1: peers:[893f21cf-1739-427a-a93c-5929db1902c5|127.0.0.1:15121, 86e236ad-53d7-40fc-9454-d100b30595d4|127.0.0.1:15112, 8c3b1af4-43ff-4c22-ad10-b37d9e41628a|127.0.0.1:15130]|listeners:[], old=null
2024-06-12 07:36:52,136 [grpc-default-executor-0] INFO  server.RaftServer$Division (RaftServerImpl.java:setRole(383)) - 8c3b1af4-43ff-4c22-ad10-b37d9e41628a@group-47098A2D7F4D: changes role from  FOLLOWER to FOLLOWER at term 1 for candidate:86e236ad-53d7-40fc-9454-d100b30595d4
2024-06-12 07:36:52,137 [grpc-default-executor-0] INFO  impl.RoleInfo (RoleInfo.java:shutdownFollowerState(110)) - 8c3b1af4-43ff-4c22-ad10-b37d9e41628a: shutdown 8c3b1af4-43ff-4c22-ad10-b37d9e41628a@group-47098A2D7F4D-FollowerState
2024-06-12 07:36:52,137 [86e236ad-53d7-40fc-9454-d100b30595d4@group-47098A2D7F4D-LeaderElection29] INFO  impl.LeaderElection (LeaderElection.java:logAndReturn(89)) - 86e236ad-53d7-40fc-9454-d100b30595d4@group-47098A2D7F4D-LeaderElection29: ELECTION PASSED received 1 response(s) and 0 exception(s):
2024-06-12 07:36:52,137 [86e236ad-53d7-40fc-9454-d100b30595d4@group-47098A2D7F4D-LeaderElection29] INFO  impl.LeaderElection (LeaderElection.java:logAndReturn(93)) -   Response 0: 86e236ad-53d7-40fc-9454-d100b30595d4<-893f21cf-1739-427a-a93c-5929db1902c5#0:OK-t1
2024-06-12 07:36:52,137 [86e236ad-53d7-40fc-9454-d100b30595d4@group-47098A2D7F4D-LeaderElection29] INFO  impl.LeaderElection (LeaderElection.java:askForVotes(323)) - 86e236ad-53d7-40fc-9454-d100b30595d4@group-47098A2D7F4D-LeaderElection29 ELECTION round 0: result PASSED
2024-06-12 07:36:52,137 [86e236ad-53d7-40fc-9454-d100b30595d4@group-47098A2D7F4D-LeaderElection29] INFO  impl.RoleInfo (RoleInfo.java:shutdownLeaderElection(130)) - 86e236ad-53d7-40fc-9454-d100b30595d4: shutdown 86e236ad-53d7-40fc-9454-d100b30595d4@group-47098A2D7F4D-LeaderElection29
2024-06-12 07:36:52,137 [86e236ad-53d7-40fc-9454-d100b30595d4@group-47098A2D7F4D-LeaderElection29] INFO  server.RaftServer$Division (RaftServerImpl.java:setRole(383)) - 86e236ad-53d7-40fc-9454-d100b30595d4@group-47098A2D7F4D: changes role from CANDIDATE to LEADER at term 1 for changeToLeader
2024-06-12 07:36:52,137 [86e236ad-53d7-40fc-9454-d100b30595d4@group-47098A2D7F4D-LeaderElection29] INFO  server.RaftServerConfigKeys (ConfUtils.java:logGet(46)) - raft.server.staging.catchup.gap = 1000 (default)
2024-06-12 07:36:52,137 [86e236ad-53d7-40fc-9454-d100b30595d4@group-47098A2D7F4D-LeaderElection29] INFO  server.RaftServerConfigKeys (ConfUtils.java:logGet(46)) - raft.server.write.element-limit = 1024 (custom)
2024-06-12 07:36:52,137 [86e236ad-53d7-40fc-9454-d100b30595d4@group-47098A2D7F4D-LeaderElection29] INFO  server.RaftServerConfigKeys (ConfUtils.java:logGet(46)) - raft.server.write.byte-limit = 1024 M (=1073741824) (custom)
2024-06-12 07:36:52,138 [86e236ad-53d7-40fc-9454-d100b30595d4@group-47098A2D7F4D-LeaderElection29] INFO  server.RaftServerConfigKeys (ConfUtils.java:logGet(46)) - raft.server.watch.timeout = 3000ms (custom)
2024-06-12 07:36:52,138 [86e236ad-53d7-40fc-9454-d100b30595d4@group-47098A2D7F4D-LeaderElection29] INFO  server.RaftServerConfigKeys (ConfUtils.java:logGet(46)) - raft.server.watch.timeout.denomination = 1s (default)
2024-06-12 07:36:52,138 [86e236ad-53d7-40fc-9454-d100b30595d4@group-47098A2D7F4D-LeaderElection29] INFO  server.RaftServerConfigKeys (ConfUtils.java:logGet(46)) - raft.server.watch.element-limit = 65536 (default)
2024-06-12 07:36:52,138 [86e236ad-53d7-40fc-9454-d100b30595d4@group-47098A2D7F4D-LeaderElection29] INFO  server.RaftServerConfigKeys (ConfUtils.java:logGet(46)) - raft.server.read.leader.lease.enabled = false (default)
2024-06-12 07:36:52,138 [86e236ad-53d7-40fc-9454-d100b30595d4@group-47098A2D7F4D-LeaderElection29] INFO  server.RaftServerConfigKeys (ConfUtils.java:logGet(46)) - raft.server.read.leader.lease.timeout.ratio = 0.9 (default)
2024-06-12 07:36:52,138 [86e236ad-53d7-40fc-9454-d100b30595d4@group-47098A2D7F4D-LeaderElection29] INFO  server.RaftServerConfigKeys (ConfUtils.java:logGet(46)) - raft.server.rpc.timeout.min = 1s (custom)
2024-06-12 07:36:52,138 [86e236ad-53d7-40fc-9454-d100b30595d4@group-47098A2D7F4D-LeaderElection29] INFO  server.RaftServerConfigKeys (ConfUtils.java:logGet(46)) - raft.server.write.element-limit = 1024 (custom)
2024-06-12 07:36:52,138 [86e236ad-53d7-40fc-9454-d100b30595d4@group-47098A2D7F4D-LeaderElection29] INFO  server.RaftServerConfigKeys (ConfUtils.java:logGet(46)) - raft.server.write.follower.gap.ratio.max = -1.0 (default)
2024-06-12 07:36:52,138 [86e236ad-53d7-40fc-9454-d100b30595d4@group-47098A2D7F4D-LeaderElection29] INFO  server.RaftServerConfigKeys (ConfUtils.java:logGet(46)) - raft.server.log.appender.snapshot.chunk.size.max = 16MB (=16777216) (default)
2024-06-12 07:36:52,138 [86e236ad-53d7-40fc-9454-d100b30595d4@group-47098A2D7F4D-LeaderElection29] INFO  server.RaftServerConfigKeys (ConfUtils.java:logGet(46)) - raft.server.log.appender.buffer.byte-limit = 8388608 (custom)
2024-06-12 07:36:52,138 [86e236ad-53d7-40fc-9454-d100b30595d4@group-47098A2D7F4D-LeaderElection29] INFO  server.RaftServerConfigKeys (ConfUtils.java:logGet(46)) - raft.server.log.appender.buffer.element-limit = 1024 (custom)
2024-06-12 07:36:52,138 [86e236ad-53d7-40fc-9454-d100b30595d4@group-47098A2D7F4D-LeaderElection29] INFO  server.RaftServerConfigKeys (ConfUtils.java:logGet(46)) - raft.server.log.appender.wait-time.min = 0ms (custom)
2024-06-12 07:36:52,139 [86e236ad-53d7-40fc-9454-d100b30595d4@group-47098A2D7F4D-LeaderElection29] INFO  grpc.GrpcConfigKeys (ConfUtils.java:logGet(46)) - raft.grpc.server.leader.outstanding.appends.max = 8 (default)
2024-06-12 07:36:52,139 [86e236ad-53d7-40fc-9454-d100b30595d4@group-47098A2D7F4D-LeaderElection29] INFO  server.RaftServerConfigKeys (ConfUtils.java:logGet(46)) - raft.server.rpc.request.timeout = 3000ms (default)
2024-06-12 07:36:52,139 [86e236ad-53d7-40fc-9454-d100b30595d4@group-47098A2D7F4D-LeaderElection29] INFO  grpc.GrpcConfigKeys (ConfUtils.java:logGet(46)) - raft.grpc.server.install_snapshot.request.element-limit = 8 (default)
2024-06-12 07:36:52,139 [86e236ad-53d7-40fc-9454-d100b30595d4@group-47098A2D7F4D-LeaderElection29] INFO  grpc.GrpcConfigKeys (ConfUtils.java:logGet(46)) - raft.grpc.server.install_snapshot.request.timeout = 3000ms (default)
2024-06-12 07:36:52,139 [86e236ad-53d7-40fc-9454-d100b30595d4@group-47098A2D7F4D-LeaderElection29] INFO  grpc.GrpcConfigKeys (ConfUtils.java:logGet(46)) - raft.grpc.server.log-message.batch.duration = 5s (default)
2024-06-12 07:36:52,139 [86e236ad-53d7-40fc-9454-d100b30595d4@group-47098A2D7F4D-LeaderElection29] INFO  server.RaftServerConfigKeys (ConfUtils.java:logGet(46)) - raft.server.log.appender.install.snapshot.enabled = false (custom)
2024-06-12 07:36:52,139 [86e236ad-53d7-40fc-9454-d100b30595d4@group-47098A2D7F4D-LeaderElection29] INFO  grpc.GrpcConfigKeys (ConfUtils.java:logGet(46)) - raft.grpc.server.heartbeat.channel = true (default)
2024-06-12 07:36:52,139 [86e236ad-53d7-40fc-9454-d100b30595d4@group-47098A2D7F4D-LeaderElection29] INFO  server.RaftServerConfigKeys (ConfUtils.java:logGet(46)) - raft.server.log.appender.snapshot.chunk.size.max = 16MB (=16777216) (default)
2024-06-12 07:36:52,139 [86e236ad-53d7-40fc-9454-d100b30595d4@group-47098A2D7F4D-LeaderElection29] INFO  server.RaftServerConfigKeys (ConfUtils.java:logGet(46)) - raft.server.log.appender.buffer.byte-limit = 8388608 (custom)
2024-06-12 07:36:52,139 [86e236ad-53d7-40fc-9454-d100b30595d4@group-47098A2D7F4D-LeaderElection29] INFO  server.RaftServerConfigKeys (ConfUtils.java:logGet(46)) - raft.server.log.appender.buffer.element-limit = 1024 (custom)
2024-06-12 07:36:52,140 [86e236ad-53d7-40fc-9454-d100b30595d4@group-47098A2D7F4D-LeaderElection29] INFO  server.RaftServerConfigKeys (ConfUtils.java:logGet(46)) - raft.server.log.appender.wait-time.min = 0ms (custom)
2024-06-12 07:36:52,140 [86e236ad-53d7-40fc-9454-d100b30595d4@group-47098A2D7F4D-LeaderElection29] INFO  grpc.GrpcConfigKeys (ConfUtils.java:logGet(46)) - raft.grpc.server.leader.outstanding.appends.max = 8 (default)
2024-06-12 07:36:52,140 [86e236ad-53d7-40fc-9454-d100b30595d4@group-47098A2D7F4D-LeaderElection29] INFO  server.RaftServerConfigKeys (ConfUtils.java:logGet(46)) - raft.server.rpc.request.timeout = 3000ms (default)
2024-06-12 07:36:52,140 [86e236ad-53d7-40fc-9454-d100b30595d4@group-47098A2D7F4D-LeaderElection29] INFO  grpc.GrpcConfigKeys (ConfUtils.java:logGet(46)) - raft.grpc.server.install_snapshot.request.element-limit = 8 (default)
2024-06-12 07:36:52,140 [86e236ad-53d7-40fc-9454-d100b30595d4@group-47098A2D7F4D-LeaderElection29] INFO  grpc.GrpcConfigKeys (ConfUtils.java:logGet(46)) - raft.grpc.server.install_snapshot.request.timeout = 3000ms (default)
2024-06-12 07:36:52,140 [86e236ad-53d7-40fc-9454-d100b30595d4@group-47098A2D7F4D-LeaderElection29] INFO  grpc.GrpcConfigKeys (ConfUtils.java:logGet(46)) - raft.grpc.server.log-message.batch.duration = 5s (default)
2024-06-12 07:36:52,140 [86e236ad-53d7-40fc-9454-d100b30595d4@group-47098A2D7F4D-LeaderElection29] INFO  server.RaftServerConfigKeys (ConfUtils.java:logGet(46)) - raft.server.log.appender.install.snapshot.enabled = false (custom)
2024-06-12 07:36:52,140 [86e236ad-53d7-40fc-9454-d100b30595d4@group-47098A2D7F4D-LeaderElection29] INFO  grpc.GrpcConfigKeys (ConfUtils.java:logGet(46)) - raft.grpc.server.heartbeat.channel = true (default)
2024-06-12 07:36:52,140 [86e236ad-53d7-40fc-9454-d100b30595d4@group-47098A2D7F4D-LeaderElection29] INFO  impl.RoleInfo (RoleInfo.java:updateAndGet(139)) - 86e236ad-53d7-40fc-9454-d100b30595d4: start 86e236ad-53d7-40fc-9454-d100b30595d4@group-47098A2D7F4D-LeaderStateImpl
2024-06-12 07:36:52,140 [86e236ad-53d7-40fc-9454-d100b30595d4@group-47098A2D7F4D-LeaderElection29] INFO  server.RaftServer$Division (RaftServerImpl.java:setFirstElection(574)) - 86e236ad-53d7-40fc-9454-d100b30595d4@group-47098A2D7F4D: set firstElectionSinceStartup to false for becomeLeader
2024-06-12 07:36:52,140 [86e236ad-53d7-40fc-9454-d100b30595d4@group-47098A2D7F4D-LeaderElection29] INFO  ratis.XceiverServerRatis (XceiverServerRatis.java:handleLeaderChangedNotification(966)) - Leader change notification received for group: group-47098A2D7F4D with new leaderId: 86e236ad-53d7-40fc-9454-d100b30595d4
2024-06-12 07:36:52,140 [86e236ad-53d7-40fc-9454-d100b30595d4@group-47098A2D7F4D-LeaderElection29] INFO  server.RaftServer$Division (ServerState.java:setLeader(269)) - 86e236ad-53d7-40fc-9454-d100b30595d4@group-47098A2D7F4D: change Leader from null to 86e236ad-53d7-40fc-9454-d100b30595d4 at term 1 for becomeLeader, leader elected after 1063ms
2024-06-12 07:36:52,140 [86e236ad-53d7-40fc-9454-d100b30595d4@group-47098A2D7F4D-LeaderElection29] INFO  segmented.SegmentedRaftLogWorker (SegmentedRaftLogWorker.java:startLogSegment(430)) - 86e236ad-53d7-40fc-9454-d100b30595d4@group-47098A2D7F4D-SegmentedRaftLogWorker: Starting segment from index:0
2024-06-12 07:36:52,141 [86e236ad-53d7-40fc-9454-d100b30595d4@group-47098A2D7F4D-SegmentedRaftLogWorker] INFO  segmented.BufferedWriteChannel (BufferedWriteChannel.java:open(62)) - open log_inprogress_0 at position 0
2024-06-12 07:36:52,136 [86e236ad-53d7-40fc-9454-d100b30595d4@group-3F5FF29A8B05-FollowerState] INFO  impl.RoleInfo (RoleInfo.java:shutdownFollowerState(110)) - 86e236ad-53d7-40fc-9454-d100b30595d4: shutdown 86e236ad-53d7-40fc-9454-d100b30595d4@group-3F5FF29A8B05-FollowerState
2024-06-12 07:36:52,141 [86e236ad-53d7-40fc-9454-d100b30595d4@group-3F5FF29A8B05-FollowerState] INFO  server.RaftServer$Division (RaftServerImpl.java:setRole(383)) - 86e236ad-53d7-40fc-9454-d100b30595d4@group-3F5FF29A8B05: changes role from  FOLLOWER to CANDIDATE at term 0 for changeToCandidate
2024-06-12 07:36:52,141 [86e236ad-53d7-40fc-9454-d100b30595d4@group-3F5FF29A8B05-FollowerState] INFO  server.RaftServerConfigKeys (ConfUtils.java:logGet(46)) - raft.server.leaderelection.pre-vote = true (default)
2024-06-12 07:36:52,141 [86e236ad-53d7-40fc-9454-d100b30595d4@group-3F5FF29A8B05-FollowerState] INFO  impl.RoleInfo (RoleInfo.java:updateAndGet(139)) - 86e236ad-53d7-40fc-9454-d100b30595d4: start 86e236ad-53d7-40fc-9454-d100b30595d4@group-3F5FF29A8B05-LeaderElection30
2024-06-12 07:36:52,142 [86e236ad-53d7-40fc-9454-d100b30595d4@group-3F5FF29A8B05-LeaderElection30] INFO  impl.LeaderElection (LeaderElection.java:askForVotes(321)) - 86e236ad-53d7-40fc-9454-d100b30595d4@group-3F5FF29A8B05-LeaderElection30 PRE_VOTE round 0: submit vote requests at term 0 for -1: peers:[86e236ad-53d7-40fc-9454-d100b30595d4|127.0.0.1:15112]|listeners:[], old=null
2024-06-12 07:36:52,137 [8c3b1af4-43ff-4c22-ad10-b37d9e41628a@group-47098A2D7F4D-FollowerState] INFO  impl.FollowerState (FollowerState.java:run(152)) - 8c3b1af4-43ff-4c22-ad10-b37d9e41628a@group-47098A2D7F4D-FollowerState was interrupted
2024-06-12 07:36:52,137 [grpc-default-executor-0] INFO  impl.RoleInfo (RoleInfo.java:updateAndGet(139)) - 8c3b1af4-43ff-4c22-ad10-b37d9e41628a: start 8c3b1af4-43ff-4c22-ad10-b37d9e41628a@group-47098A2D7F4D-FollowerState
2024-06-12 07:36:52,143 [86e236ad-53d7-40fc-9454-d100b30595d4@group-3F5FF29A8B05-LeaderElection30] INFO  impl.LeaderElection (LeaderElection.java:askForVotes(323)) - 86e236ad-53d7-40fc-9454-d100b30595d4@group-3F5FF29A8B05-LeaderElection30 PRE_VOTE round 0: result PASSED (term=0)
2024-06-12 07:36:52,143 [EventQueue-PipelineReportForPipelineReportHandler] INFO  pipeline.PipelineReportHandler (PipelineReportHandler.java:processPipelineReport(136)) - Opened pipeline PipelineID=b379d3c7-0862-45bb-b0cf-47098a2d7f4d
2024-06-12 07:36:52,144 [EventQueue-OpenPipelineForHealthyPipelineSafeModeRule] INFO  safemode.SCMSafeModeManager (HealthyPipelineSafeModeRule.java:process(140)) - SCM in safe mode. Healthy pipelines reported count is 1, required healthy pipeline reported count is 1
2024-06-12 07:36:52,147 [EventQueue-OpenPipelineForHealthyPipelineSafeModeRule] INFO  safemode.SCMSafeModeManager (SCMSafeModeManager.java:validateSafeModeExitRules(203)) - HealthyPipelineSafeModeRule rule is successfully validated
2024-06-12 07:36:52,147 [EventQueue-OpenPipelineForHealthyPipelineSafeModeRule] INFO  safemode.SCMSafeModeManager (SCMSafeModeManager.java:validateSafeModeExitRules(218)) - ScmSafeModeManager, all rules are successfully validated
2024-06-12 07:36:52,147 [EventQueue-OpenPipelineForHealthyPipelineSafeModeRule] INFO  safemode.SCMSafeModeManager (SCMSafeModeManager.java:exitSafeMode(248)) - SCM exiting safe mode.
2024-06-12 07:36:52,147 [EventQueue-OpenPipelineForHealthyPipelineSafeModeRule] INFO  ha.SCMContext (SCMContext.java:updateSafeModeStatus(225)) - Update SafeModeStatus from SafeModeStatus{safeModeStatus=true, preCheckPassed=true} to SafeModeStatus{safeModeStatus=false, preCheckPassed=true}.
2024-06-12 07:36:52,147 [EventQueue-OpenPipelineForHealthyPipelineSafeModeRule] INFO  pipeline.BackgroundPipelineCreator (BackgroundPipelineCreator.java:notifyStatusChanged(258)) - Service BackgroundPipelineCreator transitions to RUNNING.
2024-06-12 07:36:52,148 [EventQueue-OpenPipelineForHealthyPipelineSafeModeRule] INFO  BackgroundPipelineScrubber (BackgroundSCMService.java:notifyStatusChanged(79)) - Service BackgroundPipelineScrubber transitions to RUNNING.
2024-06-12 07:36:52,148 [EventQueue-OpenPipelineForHealthyPipelineSafeModeRule] INFO  ExpiredContainerReplicaOpScrubber (BackgroundSCMService.java:notifyStatusChanged(79)) - Service ExpiredContainerReplicaOpScrubber transitions to RUNNING.
2024-06-12 07:36:52,148 [EventQueue-OpenPipelineForHealthyPipelineSafeModeRule] INFO  block.SCMBlockDeletingService (SCMBlockDeletingService.java:notifyStatusChanged(247)) - notifyStatusChanged:RUNNING
2024-06-12 07:36:52,148 [EventQueue-OpenPipelineForHealthyPipelineSafeModeRule] INFO  replication.ReplicationManager (ReplicationManager.java:notifyStatusChanged(1406)) - Service ReplicationManager transitions to RUNNING.
2024-06-12 07:36:52,148 [EventQueue-OpenPipelineForHealthyPipelineSafeModeRule] WARN  balancer.ContainerBalancer (ContainerBalancer.java:shouldRun(134)) - Could not find persisted configuration for ContainerBalancer when checking if ContainerBalancer should run. ContainerBalancer should not run now.
2024-06-12 07:36:52,145 [86e236ad-53d7-40fc-9454-d100b30595d4@group-47098A2D7F4D-LeaderElection29] INFO  server.RaftServer$Division (ServerState.java:setRaftConf(386)) - 86e236ad-53d7-40fc-9454-d100b30595d4@group-47098A2D7F4D: set configuration 0: peers:[893f21cf-1739-427a-a93c-5929db1902c5|127.0.0.1:15121, 86e236ad-53d7-40fc-9454-d100b30595d4|127.0.0.1:15112, 8c3b1af4-43ff-4c22-ad10-b37d9e41628a|127.0.0.1:15130]|listeners:[], old=null
2024-06-12 07:36:52,145 [grpc-default-executor-0] INFO  server.RaftServer$Division (RaftServerImpl.java:setFirstElection(574)) - 8c3b1af4-43ff-4c22-ad10-b37d9e41628a@group-47098A2D7F4D: set firstElectionSinceStartup to false for candidate:86e236ad-53d7-40fc-9454-d100b30595d4
2024-06-12 07:36:52,144 [86e236ad-53d7-40fc-9454-d100b30595d4@group-3F5FF29A8B05-LeaderElection30] INFO  impl.LeaderElection (LeaderElection.java:askForVotes(321)) - 86e236ad-53d7-40fc-9454-d100b30595d4@group-3F5FF29A8B05-LeaderElection30 ELECTION round 0: submit vote requests at term 1 for -1: peers:[86e236ad-53d7-40fc-9454-d100b30595d4|127.0.0.1:15112]|listeners:[], old=null
2024-06-12 07:36:52,149 [86e236ad-53d7-40fc-9454-d100b30595d4@group-3F5FF29A8B05-LeaderElection30] INFO  impl.LeaderElection (LeaderElection.java:askForVotes(323)) - 86e236ad-53d7-40fc-9454-d100b30595d4@group-3F5FF29A8B05-LeaderElection30 ELECTION round 0: result PASSED (term=1)
2024-06-12 07:36:52,149 [86e236ad-53d7-40fc-9454-d100b30595d4@group-3F5FF29A8B05-LeaderElection30] INFO  impl.RoleInfo (RoleInfo.java:shutdownLeaderElection(130)) - 86e236ad-53d7-40fc-9454-d100b30595d4: shutdown 86e236ad-53d7-40fc-9454-d100b30595d4@group-3F5FF29A8B05-LeaderElection30
2024-06-12 07:36:52,149 [86e236ad-53d7-40fc-9454-d100b30595d4@group-3F5FF29A8B05-LeaderElection30] INFO  server.RaftServer$Division (RaftServerImpl.java:setRole(383)) - 86e236ad-53d7-40fc-9454-d100b30595d4@group-3F5FF29A8B05: changes role from CANDIDATE to LEADER at term 1 for changeToLeader
2024-06-12 07:36:52,149 [86e236ad-53d7-40fc-9454-d100b30595d4@group-3F5FF29A8B05-LeaderElection30] INFO  server.RaftServerConfigKeys (ConfUtils.java:logGet(46)) - raft.server.staging.catchup.gap = 1000 (default)
2024-06-12 07:36:52,149 [grpc-default-executor-0] INFO  server.RaftServer$Division (RaftServerImpl.java:requestVote(1422)) - 8c3b1af4-43ff-4c22-ad10-b37d9e41628a@group-47098A2D7F4D replies to ELECTION vote request: 86e236ad-53d7-40fc-9454-d100b30595d4<-8c3b1af4-43ff-4c22-ad10-b37d9e41628a#0:OK-t1. Peer's state: 8c3b1af4-43ff-4c22-ad10-b37d9e41628a@group-47098A2D7F4D:t1, leader=null, voted=86e236ad-53d7-40fc-9454-d100b30595d4, raftlog=Memoized:8c3b1af4-43ff-4c22-ad10-b37d9e41628a@group-47098A2D7F4D-SegmentedRaftLog:OPENED:c-1, conf=-1: peers:[893f21cf-1739-427a-a93c-5929db1902c5|127.0.0.1:15121, 86e236ad-53d7-40fc-9454-d100b30595d4|127.0.0.1:15112, 8c3b1af4-43ff-4c22-ad10-b37d9e41628a|127.0.0.1:15130]|listeners:[], old=null
2024-06-12 07:36:52,149 [86e236ad-53d7-40fc-9454-d100b30595d4@group-3F5FF29A8B05-LeaderElection30] INFO  server.RaftServerConfigKeys (ConfUtils.java:logGet(46)) - raft.server.write.element-limit = 1024 (custom)
2024-06-12 07:36:52,149 [86e236ad-53d7-40fc-9454-d100b30595d4@group-3F5FF29A8B05-LeaderElection30] INFO  server.RaftServerConfigKeys (ConfUtils.java:logGet(46)) - raft.server.write.byte-limit = 1024 M (=1073741824) (custom)
2024-06-12 07:36:52,150 [86e236ad-53d7-40fc-9454-d100b30595d4@group-3F5FF29A8B05-LeaderElection30] INFO  server.RaftServerConfigKeys (ConfUtils.java:logGet(46)) - raft.server.watch.timeout = 3000ms (custom)
2024-06-12 07:36:52,150 [86e236ad-53d7-40fc-9454-d100b30595d4@group-3F5FF29A8B05-LeaderElection30] INFO  server.RaftServerConfigKeys (ConfUtils.java:logGet(46)) - raft.server.watch.timeout.denomination = 1s (default)
2024-06-12 07:36:52,150 [86e236ad-53d7-40fc-9454-d100b30595d4@group-3F5FF29A8B05-LeaderElection30] INFO  server.RaftServerConfigKeys (ConfUtils.java:logGet(46)) - raft.server.watch.element-limit = 65536 (default)
2024-06-12 07:36:52,150 [86e236ad-53d7-40fc-9454-d100b30595d4@group-3F5FF29A8B05-LeaderElection30] INFO  server.RaftServerConfigKeys (ConfUtils.java:logGet(46)) - raft.server.read.leader.lease.enabled = false (default)
2024-06-12 07:36:52,150 [86e236ad-53d7-40fc-9454-d100b30595d4@group-3F5FF29A8B05-LeaderElection30] INFO  server.RaftServerConfigKeys (ConfUtils.java:logGet(46)) - raft.server.read.leader.lease.timeout.ratio = 0.9 (default)
2024-06-12 07:36:52,151 [86e236ad-53d7-40fc-9454-d100b30595d4@group-3F5FF29A8B05-LeaderElection30] INFO  server.RaftServerConfigKeys (ConfUtils.java:logGet(46)) - raft.server.rpc.timeout.min = 1s (custom)
2024-06-12 07:36:52,151 [86e236ad-53d7-40fc-9454-d100b30595d4@group-3F5FF29A8B05-LeaderElection30] INFO  server.RaftServerConfigKeys (ConfUtils.java:logGet(46)) - raft.server.write.element-limit = 1024 (custom)
2024-06-12 07:36:52,151 [86e236ad-53d7-40fc-9454-d100b30595d4@group-3F5FF29A8B05-LeaderElection30] INFO  server.RaftServerConfigKeys (ConfUtils.java:logGet(46)) - raft.server.write.follower.gap.ratio.max = -1.0 (default)
2024-06-12 07:36:52,151 [86e236ad-53d7-40fc-9454-d100b30595d4@group-3F5FF29A8B05-LeaderElection30] INFO  impl.RoleInfo (RoleInfo.java:updateAndGet(139)) - 86e236ad-53d7-40fc-9454-d100b30595d4: start 86e236ad-53d7-40fc-9454-d100b30595d4@group-3F5FF29A8B05-LeaderStateImpl
2024-06-12 07:36:52,151 [86e236ad-53d7-40fc-9454-d100b30595d4@group-3F5FF29A8B05-LeaderElection30] INFO  server.RaftServer$Division (RaftServerImpl.java:setFirstElection(574)) - 86e236ad-53d7-40fc-9454-d100b30595d4@group-3F5FF29A8B05: set firstElectionSinceStartup to false for becomeLeader
2024-06-12 07:36:52,151 [86e236ad-53d7-40fc-9454-d100b30595d4@group-3F5FF29A8B05-LeaderElection30] INFO  ratis.XceiverServerRatis (XceiverServerRatis.java:handleLeaderChangedNotification(966)) - Leader change notification received for group: group-3F5FF29A8B05 with new leaderId: 86e236ad-53d7-40fc-9454-d100b30595d4
2024-06-12 07:36:52,151 [86e236ad-53d7-40fc-9454-d100b30595d4@group-3F5FF29A8B05-LeaderElection30] INFO  server.RaftServer$Division (ServerState.java:setLeader(269)) - 86e236ad-53d7-40fc-9454-d100b30595d4@group-3F5FF29A8B05: change Leader from null to 86e236ad-53d7-40fc-9454-d100b30595d4 at term 1 for becomeLeader, leader elected after 1089ms
2024-06-12 07:36:52,151 [86e236ad-53d7-40fc-9454-d100b30595d4@group-3F5FF29A8B05-LeaderElection30] INFO  segmented.SegmentedRaftLogWorker (SegmentedRaftLogWorker.java:startLogSegment(430)) - 86e236ad-53d7-40fc-9454-d100b30595d4@group-3F5FF29A8B05-SegmentedRaftLogWorker: Starting segment from index:0
2024-06-12 07:36:52,152 [86e236ad-53d7-40fc-9454-d100b30595d4@group-3F5FF29A8B05-LeaderElection30] INFO  server.RaftServer$Division (ServerState.java:setRaftConf(386)) - 86e236ad-53d7-40fc-9454-d100b30595d4@group-3F5FF29A8B05: set configuration 0: peers:[86e236ad-53d7-40fc-9454-d100b30595d4|127.0.0.1:15112]|listeners:[], old=null
2024-06-12 07:36:52,153 [893f21cf-1739-427a-a93c-5929db1902c5-server-thread1] INFO  ratis.XceiverServerRatis (XceiverServerRatis.java:handleLeaderChangedNotification(966)) - Leader change notification received for group: group-47098A2D7F4D with new leaderId: 86e236ad-53d7-40fc-9454-d100b30595d4
2024-06-12 07:36:52,153 [893f21cf-1739-427a-a93c-5929db1902c5-server-thread1] INFO  server.RaftServer$Division (ServerState.java:setLeader(269)) - 893f21cf-1739-427a-a93c-5929db1902c5@group-47098A2D7F4D: change Leader from null to 86e236ad-53d7-40fc-9454-d100b30595d4 at term 1 for appendEntries, leader elected after 1002ms
2024-06-12 07:36:52,154 [8c3b1af4-43ff-4c22-ad10-b37d9e41628a-server-thread1] INFO  ratis.XceiverServerRatis (XceiverServerRatis.java:handleLeaderChangedNotification(966)) - Leader change notification received for group: group-47098A2D7F4D with new leaderId: 86e236ad-53d7-40fc-9454-d100b30595d4
2024-06-12 07:36:52,155 [8c3b1af4-43ff-4c22-ad10-b37d9e41628a-server-thread1] INFO  server.RaftServer$Division (ServerState.java:setLeader(269)) - 8c3b1af4-43ff-4c22-ad10-b37d9e41628a@group-47098A2D7F4D: change Leader from null to 86e236ad-53d7-40fc-9454-d100b30595d4 at term 1 for appendEntries, leader elected after 1044ms
2024-06-12 07:36:52,155 [893f21cf-1739-427a-a93c-5929db1902c5-server-thread2] INFO  server.RaftServer$Division (ServerState.java:setRaftConf(386)) - 893f21cf-1739-427a-a93c-5929db1902c5@group-47098A2D7F4D: set configuration 0: peers:[893f21cf-1739-427a-a93c-5929db1902c5|127.0.0.1:15121, 86e236ad-53d7-40fc-9454-d100b30595d4|127.0.0.1:15112, 8c3b1af4-43ff-4c22-ad10-b37d9e41628a|127.0.0.1:15130]|listeners:[], old=null
2024-06-12 07:36:52,155 [893f21cf-1739-427a-a93c-5929db1902c5-server-thread2] INFO  segmented.SegmentedRaftLogWorker (SegmentedRaftLogWorker.java:startLogSegment(430)) - 893f21cf-1739-427a-a93c-5929db1902c5@group-47098A2D7F4D-SegmentedRaftLogWorker: Starting segment from index:0
2024-06-12 07:36:52,155 [893f21cf-1739-427a-a93c-5929db1902c5@group-47098A2D7F4D-SegmentedRaftLogWorker] INFO  segmented.BufferedWriteChannel (BufferedWriteChannel.java:open(62)) - open log_inprogress_0 at position 0
2024-06-12 07:36:52,149 [86e236ad-53d7-40fc-9454-d100b30595d4@group-47098A2D7F4D-SegmentedRaftLogWorker] INFO  segmented.SegmentedRaftLogWorker (SegmentedRaftLogWorker.java:execute(634)) - 86e236ad-53d7-40fc-9454-d100b30595d4@group-47098A2D7F4D-SegmentedRaftLogWorker: created new log segment /home/runner/work/ozone/ozone/hadoop-ozone/integration-test/target/test-dir/MiniOzoneClusterImpl-63f03bc8-0399-4ce2-9c43-ca6ad8c463d8/ozone-meta/datanode-1/ratis/b379d3c7-0862-45bb-b0cf-47098a2d7f4d/current/log_inprogress_0
2024-06-12 07:36:52,153 [86e236ad-53d7-40fc-9454-d100b30595d4@group-3F5FF29A8B05-SegmentedRaftLogWorker] INFO  segmented.BufferedWriteChannel (BufferedWriteChannel.java:open(62)) - open log_inprogress_0 at position 0
2024-06-12 07:36:52,160 [8c3b1af4-43ff-4c22-ad10-b37d9e41628a-server-thread2] INFO  server.RaftServer$Division (ServerState.java:setRaftConf(386)) - 8c3b1af4-43ff-4c22-ad10-b37d9e41628a@group-47098A2D7F4D: set configuration 0: peers:[893f21cf-1739-427a-a93c-5929db1902c5|127.0.0.1:15121, 86e236ad-53d7-40fc-9454-d100b30595d4|127.0.0.1:15112, 8c3b1af4-43ff-4c22-ad10-b37d9e41628a|127.0.0.1:15130]|listeners:[], old=null
2024-06-12 07:36:52,160 [8c3b1af4-43ff-4c22-ad10-b37d9e41628a-server-thread2] INFO  segmented.SegmentedRaftLogWorker (SegmentedRaftLogWorker.java:startLogSegment(430)) - 8c3b1af4-43ff-4c22-ad10-b37d9e41628a@group-47098A2D7F4D-SegmentedRaftLogWorker: Starting segment from index:0
2024-06-12 07:36:52,160 [8c3b1af4-43ff-4c22-ad10-b37d9e41628a@group-47098A2D7F4D-SegmentedRaftLogWorker] INFO  segmented.BufferedWriteChannel (BufferedWriteChannel.java:open(62)) - open log_inprogress_0 at position 0
2024-06-12 07:36:52,169 [893f21cf-1739-427a-a93c-5929db1902c5@group-47098A2D7F4D-SegmentedRaftLogWorker] INFO  segmented.SegmentedRaftLogWorker (SegmentedRaftLogWorker.java:execute(634)) - 893f21cf-1739-427a-a93c-5929db1902c5@group-47098A2D7F4D-SegmentedRaftLogWorker: created new log segment /home/runner/work/ozone/ozone/hadoop-ozone/integration-test/target/test-dir/MiniOzoneClusterImpl-63f03bc8-0399-4ce2-9c43-ca6ad8c463d8/ozone-meta/datanode-2/ratis/b379d3c7-0862-45bb-b0cf-47098a2d7f4d/current/log_inprogress_0
2024-06-12 07:36:52,170 [86e236ad-53d7-40fc-9454-d100b30595d4@group-3F5FF29A8B05-SegmentedRaftLogWorker] INFO  segmented.SegmentedRaftLogWorker (SegmentedRaftLogWorker.java:execute(634)) - 86e236ad-53d7-40fc-9454-d100b30595d4@group-3F5FF29A8B05-SegmentedRaftLogWorker: created new log segment /home/runner/work/ozone/ozone/hadoop-ozone/integration-test/target/test-dir/MiniOzoneClusterImpl-63f03bc8-0399-4ce2-9c43-ca6ad8c463d8/ozone-meta/datanode-1/ratis/f5c884b8-3738-470f-823d-3f5ff29a8b05/current/log_inprogress_0
2024-06-12 07:36:52,170 [8c3b1af4-43ff-4c22-ad10-b37d9e41628a@group-47098A2D7F4D-SegmentedRaftLogWorker] INFO  segmented.SegmentedRaftLogWorker (SegmentedRaftLogWorker.java:execute(634)) - 8c3b1af4-43ff-4c22-ad10-b37d9e41628a@group-47098A2D7F4D-SegmentedRaftLogWorker: created new log segment /home/runner/work/ozone/ozone/hadoop-ozone/integration-test/target/test-dir/MiniOzoneClusterImpl-63f03bc8-0399-4ce2-9c43-ca6ad8c463d8/ozone-meta/datanode-3/ratis/b379d3c7-0862-45bb-b0cf-47098a2d7f4d/current/log_inprogress_0
2024-06-12 07:36:52,172 [86e236ad-53d7-40fc-9454-d100b30595d4@group-3F5FF29A8B05-StateMachineUpdater] INFO  server.RaftServer$Division (LeaderStateImpl.java:isApplied(320)) - leader is ready since appliedIndex == 0 >= startIndex == 0
2024-06-12 07:36:52,172 [86e236ad-53d7-40fc-9454-d100b30595d4@group-47098A2D7F4D-StateMachineUpdater] INFO  server.RaftServer$Division (LeaderStateImpl.java:isApplied(320)) - leader is ready since appliedIndex == 0 >= startIndex == 0
2024-06-12 07:36:52,234 [893f21cf-1739-427a-a93c-5929db1902c5@group-0064B536CEE8-FollowerState] INFO  impl.FollowerState (FollowerState.java:run(143)) - 893f21cf-1739-427a-a93c-5929db1902c5@group-0064B536CEE8-FollowerState: change to CANDIDATE, lastRpcElapsedTime:1090396324ns, electionTimeout:1088ms
2024-06-12 07:36:52,234 [893f21cf-1739-427a-a93c-5929db1902c5@group-0064B536CEE8-FollowerState] INFO  impl.RoleInfo (RoleInfo.java:shutdownFollowerState(110)) - 893f21cf-1739-427a-a93c-5929db1902c5: shutdown 893f21cf-1739-427a-a93c-5929db1902c5@group-0064B536CEE8-FollowerState
2024-06-12 07:36:52,234 [893f21cf-1739-427a-a93c-5929db1902c5@group-0064B536CEE8-FollowerState] INFO  server.RaftServer$Division (RaftServerImpl.java:setRole(383)) - 893f21cf-1739-427a-a93c-5929db1902c5@group-0064B536CEE8: changes role from  FOLLOWER to CANDIDATE at term 0 for changeToCandidate
2024-06-12 07:36:52,234 [893f21cf-1739-427a-a93c-5929db1902c5@group-0064B536CEE8-FollowerState] INFO  server.RaftServerConfigKeys (ConfUtils.java:logGet(46)) - raft.server.leaderelection.pre-vote = true (default)
2024-06-12 07:36:52,234 [893f21cf-1739-427a-a93c-5929db1902c5@group-0064B536CEE8-FollowerState] INFO  impl.RoleInfo (RoleInfo.java:updateAndGet(139)) - 893f21cf-1739-427a-a93c-5929db1902c5: start 893f21cf-1739-427a-a93c-5929db1902c5@group-0064B536CEE8-LeaderElection31
2024-06-12 07:36:52,234 [893f21cf-1739-427a-a93c-5929db1902c5@group-0064B536CEE8-LeaderElection31] INFO  impl.LeaderElection (LeaderElection.java:askForVotes(321)) - 893f21cf-1739-427a-a93c-5929db1902c5@group-0064B536CEE8-LeaderElection31 PRE_VOTE round 0: submit vote requests at term 0 for -1: peers:[893f21cf-1739-427a-a93c-5929db1902c5|127.0.0.1:15121]|listeners:[], old=null
2024-06-12 07:36:52,234 [893f21cf-1739-427a-a93c-5929db1902c5@group-0064B536CEE8-LeaderElection31] INFO  impl.LeaderElection (LeaderElection.java:askForVotes(323)) - 893f21cf-1739-427a-a93c-5929db1902c5@group-0064B536CEE8-LeaderElection31 PRE_VOTE round 0: result PASSED (term=0)
2024-06-12 07:36:52,236 [893f21cf-1739-427a-a93c-5929db1902c5@group-0064B536CEE8-LeaderElection31] INFO  impl.LeaderElection (LeaderElection.java:askForVotes(321)) - 893f21cf-1739-427a-a93c-5929db1902c5@group-0064B536CEE8-LeaderElection31 ELECTION round 0: submit vote requests at term 1 for -1: peers:[893f21cf-1739-427a-a93c-5929db1902c5|127.0.0.1:15121]|listeners:[], old=null
2024-06-12 07:36:52,236 [893f21cf-1739-427a-a93c-5929db1902c5@group-0064B536CEE8-LeaderElection31] INFO  impl.LeaderElection (LeaderElection.java:askForVotes(323)) - 893f21cf-1739-427a-a93c-5929db1902c5@group-0064B536CEE8-LeaderElection31 ELECTION round 0: result PASSED (term=1)
2024-06-12 07:36:52,236 [893f21cf-1739-427a-a93c-5929db1902c5@group-0064B536CEE8-LeaderElection31] INFO  impl.RoleInfo (RoleInfo.java:shutdownLeaderElection(130)) - 893f21cf-1739-427a-a93c-5929db1902c5: shutdown 893f21cf-1739-427a-a93c-5929db1902c5@group-0064B536CEE8-LeaderElection31
2024-06-12 07:36:52,236 [893f21cf-1739-427a-a93c-5929db1902c5@group-0064B536CEE8-LeaderElection31] INFO  server.RaftServer$Division (RaftServerImpl.java:setRole(383)) - 893f21cf-1739-427a-a93c-5929db1902c5@group-0064B536CEE8: changes role from CANDIDATE to LEADER at term 1 for changeToLeader
2024-06-12 07:36:52,236 [893f21cf-1739-427a-a93c-5929db1902c5@group-0064B536CEE8-LeaderElection31] INFO  server.RaftServerConfigKeys (ConfUtils.java:logGet(46)) - raft.server.staging.catchup.gap = 1000 (default)
2024-06-12 07:36:52,236 [893f21cf-1739-427a-a93c-5929db1902c5@group-0064B536CEE8-LeaderElection31] INFO  server.RaftServerConfigKeys (ConfUtils.java:logGet(46)) - raft.server.write.element-limit = 1024 (custom)
2024-06-12 07:36:52,236 [893f21cf-1739-427a-a93c-5929db1902c5@group-0064B536CEE8-LeaderElection31] INFO  server.RaftServerConfigKeys (ConfUtils.java:logGet(46)) - raft.server.write.byte-limit = 1024 M (=1073741824) (custom)
2024-06-12 07:36:52,236 [893f21cf-1739-427a-a93c-5929db1902c5@group-0064B536CEE8-LeaderElection31] INFO  server.RaftServerConfigKeys (ConfUtils.java:logGet(46)) - raft.server.watch.timeout = 3000ms (custom)
2024-06-12 07:36:52,236 [893f21cf-1739-427a-a93c-5929db1902c5@group-0064B536CEE8-LeaderElection31] INFO  server.RaftServerConfigKeys (ConfUtils.java:logGet(46)) - raft.server.watch.timeout.denomination = 1s (default)
2024-06-12 07:36:52,236 [893f21cf-1739-427a-a93c-5929db1902c5@group-0064B536CEE8-LeaderElection31] INFO  server.RaftServerConfigKeys (ConfUtils.java:logGet(46)) - raft.server.watch.element-limit = 65536 (default)
2024-06-12 07:36:52,237 [893f21cf-1739-427a-a93c-5929db1902c5@group-0064B536CEE8-LeaderElection31] INFO  server.RaftServerConfigKeys (ConfUtils.java:logGet(46)) - raft.server.read.leader.lease.enabled = false (default)
2024-06-12 07:36:52,237 [893f21cf-1739-427a-a93c-5929db1902c5@group-0064B536CEE8-LeaderElection31] INFO  server.RaftServerConfigKeys (ConfUtils.java:logGet(46)) - raft.server.read.leader.lease.timeout.ratio = 0.9 (default)
2024-06-12 07:36:52,237 [893f21cf-1739-427a-a93c-5929db1902c5@group-0064B536CEE8-LeaderElection31] INFO  server.RaftServerConfigKeys (ConfUtils.java:logGet(46)) - raft.server.rpc.timeout.min = 1s (custom)
2024-06-12 07:36:52,237 [893f21cf-1739-427a-a93c-5929db1902c5@group-0064B536CEE8-LeaderElection31] INFO  server.RaftServerConfigKeys (ConfUtils.java:logGet(46)) - raft.server.write.element-limit = 1024 (custom)
2024-06-12 07:36:52,237 [893f21cf-1739-427a-a93c-5929db1902c5@group-0064B536CEE8-LeaderElection31] INFO  server.RaftServerConfigKeys (ConfUtils.java:logGet(46)) - raft.server.write.follower.gap.ratio.max = -1.0 (default)
2024-06-12 07:36:52,237 [893f21cf-1739-427a-a93c-5929db1902c5@group-0064B536CEE8-LeaderElection31] INFO  impl.RoleInfo (RoleInfo.java:updateAndGet(139)) - 893f21cf-1739-427a-a93c-5929db1902c5: start 893f21cf-1739-427a-a93c-5929db1902c5@group-0064B536CEE8-LeaderStateImpl
2024-06-12 07:36:52,237 [893f21cf-1739-427a-a93c-5929db1902c5@group-0064B536CEE8-LeaderElection31] INFO  server.RaftServer$Division (RaftServerImpl.java:setFirstElection(574)) - 893f21cf-1739-427a-a93c-5929db1902c5@group-0064B536CEE8: set firstElectionSinceStartup to false for becomeLeader
2024-06-12 07:36:52,237 [893f21cf-1739-427a-a93c-5929db1902c5@group-0064B536CEE8-LeaderElection31] INFO  ratis.XceiverServerRatis (XceiverServerRatis.java:handleLeaderChangedNotification(966)) - Leader change notification received for group: group-0064B536CEE8 with new leaderId: 893f21cf-1739-427a-a93c-5929db1902c5
2024-06-12 07:36:52,237 [893f21cf-1739-427a-a93c-5929db1902c5@group-0064B536CEE8-LeaderElection31] INFO  server.RaftServer$Division (ServerState.java:setLeader(269)) - 893f21cf-1739-427a-a93c-5929db1902c5@group-0064B536CEE8: change Leader from null to 893f21cf-1739-427a-a93c-5929db1902c5 at term 1 for becomeLeader, leader elected after 1121ms
2024-06-12 07:36:52,237 [893f21cf-1739-427a-a93c-5929db1902c5@group-0064B536CEE8-LeaderElection31] INFO  segmented.SegmentedRaftLogWorker (SegmentedRaftLogWorker.java:startLogSegment(430)) - 893f21cf-1739-427a-a93c-5929db1902c5@group-0064B536CEE8-SegmentedRaftLogWorker: Starting segment from index:0
2024-06-12 07:36:52,237 [893f21cf-1739-427a-a93c-5929db1902c5@group-0064B536CEE8-LeaderElection31] INFO  server.RaftServer$Division (ServerState.java:setRaftConf(386)) - 893f21cf-1739-427a-a93c-5929db1902c5@group-0064B536CEE8: set configuration 0: peers:[893f21cf-1739-427a-a93c-5929db1902c5|127.0.0.1:15121]|listeners:[], old=null
2024-06-12 07:36:52,237 [893f21cf-1739-427a-a93c-5929db1902c5@group-0064B536CEE8-SegmentedRaftLogWorker] INFO  segmented.BufferedWriteChannel (BufferedWriteChannel.java:open(62)) - open log_inprogress_0 at position 0
2024-06-12 07:36:52,244 [893f21cf-1739-427a-a93c-5929db1902c5@group-0064B536CEE8-SegmentedRaftLogWorker] INFO  segmented.SegmentedRaftLogWorker (SegmentedRaftLogWorker.java:execute(634)) - 893f21cf-1739-427a-a93c-5929db1902c5@group-0064B536CEE8-SegmentedRaftLogWorker: created new log segment /home/runner/work/ozone/ozone/hadoop-ozone/integration-test/target/test-dir/MiniOzoneClusterImpl-63f03bc8-0399-4ce2-9c43-ca6ad8c463d8/ozone-meta/datanode-2/ratis/063b65cb-7ba7-4a79-a81c-0064b536cee8/current/log_inprogress_0
2024-06-12 07:36:52,245 [893f21cf-1739-427a-a93c-5929db1902c5@group-0064B536CEE8-StateMachineUpdater] INFO  server.RaftServer$Division (LeaderStateImpl.java:isApplied(320)) - leader is ready since appliedIndex == 0 >= startIndex == 0
2024-06-12 07:36:52,326 [6f841693-a0f5-4238-8e94-5d49f60504b4@group-C88D29D2180A-FollowerState] INFO  impl.FollowerState (FollowerState.java:run(143)) - 6f841693-a0f5-4238-8e94-5d49f60504b4@group-C88D29D2180A-FollowerState: change to CANDIDATE, lastRpcElapsedTime:1032566735ns, electionTimeout:1031ms
2024-06-12 07:36:52,326 [6f841693-a0f5-4238-8e94-5d49f60504b4@group-C88D29D2180A-FollowerState] INFO  impl.RoleInfo (RoleInfo.java:shutdownFollowerState(110)) - 6f841693-a0f5-4238-8e94-5d49f60504b4: shutdown 6f841693-a0f5-4238-8e94-5d49f60504b4@group-C88D29D2180A-FollowerState
2024-06-12 07:36:52,326 [6f841693-a0f5-4238-8e94-5d49f60504b4@group-C88D29D2180A-FollowerState] INFO  server.RaftServer$Division (RaftServerImpl.java:setRole(383)) - 6f841693-a0f5-4238-8e94-5d49f60504b4@group-C88D29D2180A: changes role from  FOLLOWER to CANDIDATE at term 0 for changeToCandidate
2024-06-12 07:36:52,326 [6f841693-a0f5-4238-8e94-5d49f60504b4@group-C88D29D2180A-FollowerState] INFO  server.RaftServerConfigKeys (ConfUtils.java:logGet(46)) - raft.server.leaderelection.pre-vote = true (default)
2024-06-12 07:36:52,326 [6f841693-a0f5-4238-8e94-5d49f60504b4@group-C88D29D2180A-FollowerState] INFO  impl.RoleInfo (RoleInfo.java:updateAndGet(139)) - 6f841693-a0f5-4238-8e94-5d49f60504b4: start 6f841693-a0f5-4238-8e94-5d49f60504b4@group-C88D29D2180A-LeaderElection32
2024-06-12 07:36:52,327 [6f841693-a0f5-4238-8e94-5d49f60504b4@group-C88D29D2180A-LeaderElection32] INFO  impl.LeaderElection (LeaderElection.java:askForVotes(321)) - 6f841693-a0f5-4238-8e94-5d49f60504b4@group-C88D29D2180A-LeaderElection32 PRE_VOTE round 0: submit vote requests at term 0 for -1: peers:[6f841693-a0f5-4238-8e94-5d49f60504b4|127.0.0.1:15139]|listeners:[], old=null
2024-06-12 07:36:52,327 [6f841693-a0f5-4238-8e94-5d49f60504b4@group-C88D29D2180A-LeaderElection32] INFO  impl.LeaderElection (LeaderElection.java:askForVotes(323)) - 6f841693-a0f5-4238-8e94-5d49f60504b4@group-C88D29D2180A-LeaderElection32 PRE_VOTE round 0: result PASSED (term=0)
2024-06-12 07:36:52,327 [893f21cf-1739-427a-a93c-5929db1902c5@group-CB34C1DA6ED0-FollowerState] INFO  impl.FollowerState (FollowerState.java:run(143)) - 893f21cf-1739-427a-a93c-5929db1902c5@group-CB34C1DA6ED0-FollowerState: change to CANDIDATE, lastRpcElapsedTime:1068145011ns, electionTimeout:1064ms
2024-06-12 07:36:52,327 [893f21cf-1739-427a-a93c-5929db1902c5@group-CB34C1DA6ED0-FollowerState] INFO  impl.RoleInfo (RoleInfo.java:shutdownFollowerState(110)) - 893f21cf-1739-427a-a93c-5929db1902c5: shutdown 893f21cf-1739-427a-a93c-5929db1902c5@group-CB34C1DA6ED0-FollowerState
2024-06-12 07:36:52,327 [893f21cf-1739-427a-a93c-5929db1902c5@group-CB34C1DA6ED0-FollowerState] INFO  server.RaftServer$Division (RaftServerImpl.java:setRole(383)) - 893f21cf-1739-427a-a93c-5929db1902c5@group-CB34C1DA6ED0: changes role from  FOLLOWER to CANDIDATE at term 0 for changeToCandidate
2024-06-12 07:36:52,327 [893f21cf-1739-427a-a93c-5929db1902c5@group-CB34C1DA6ED0-FollowerState] INFO  server.RaftServerConfigKeys (ConfUtils.java:logGet(46)) - raft.server.leaderelection.pre-vote = true (default)
2024-06-12 07:36:52,327 [893f21cf-1739-427a-a93c-5929db1902c5@group-CB34C1DA6ED0-FollowerState] INFO  impl.RoleInfo (RoleInfo.java:updateAndGet(139)) - 893f21cf-1739-427a-a93c-5929db1902c5: start 893f21cf-1739-427a-a93c-5929db1902c5@group-CB34C1DA6ED0-LeaderElection33
2024-06-12 07:36:52,327 [893f21cf-1739-427a-a93c-5929db1902c5@group-CB34C1DA6ED0-LeaderElection33] INFO  impl.LeaderElection (LeaderElection.java:askForVotes(321)) - 893f21cf-1739-427a-a93c-5929db1902c5@group-CB34C1DA6ED0-LeaderElection33 PRE_VOTE round 0: submit vote requests at term 0 for -1: peers:[893f21cf-1739-427a-a93c-5929db1902c5|127.0.0.1:15121, 86e236ad-53d7-40fc-9454-d100b30595d4|127.0.0.1:15112, 8c3b1af4-43ff-4c22-ad10-b37d9e41628a|127.0.0.1:15130]|listeners:[], old=null
2024-06-12 07:36:52,328 [893f21cf-1739-427a-a93c-5929db1902c5@group-CB34C1DA6ED0-LeaderElection33-1] INFO  server.GrpcServerProtocolClient (GrpcServerProtocolClient.java:<init>(65)) - Build channel for 86e236ad-53d7-40fc-9454-d100b30595d4|127.0.0.1:15112
2024-06-12 07:36:52,328 [893f21cf-1739-427a-a93c-5929db1902c5@group-CB34C1DA6ED0-LeaderElection33] INFO  server.RaftServerConfigKeys (ConfUtils.java:logFallback(53)) - raft.server.rpc.first-election.timeout.min = 1s (fallback to raft.server.rpc.timeout.min)
2024-06-12 07:36:52,328 [893f21cf-1739-427a-a93c-5929db1902c5@group-CB34C1DA6ED0-LeaderElection33] INFO  server.RaftServerConfigKeys (ConfUtils.java:logFallback(53)) - raft.server.rpc.first-election.timeout.max = 1200ms (fallback to raft.server.rpc.timeout.max)
2024-06-12 07:36:52,329 [893f21cf-1739-427a-a93c-5929db1902c5@group-CB34C1DA6ED0-LeaderElection33-2] INFO  server.GrpcServerProtocolClient (GrpcServerProtocolClient.java:<init>(65)) - Build channel for 8c3b1af4-43ff-4c22-ad10-b37d9e41628a|127.0.0.1:15130
2024-06-12 07:36:52,329 [6f841693-a0f5-4238-8e94-5d49f60504b4@group-C88D29D2180A-LeaderElection32] INFO  impl.LeaderElection (LeaderElection.java:askForVotes(321)) - 6f841693-a0f5-4238-8e94-5d49f60504b4@group-C88D29D2180A-LeaderElection32 ELECTION round 0: submit vote requests at term 1 for -1: peers:[6f841693-a0f5-4238-8e94-5d49f60504b4|127.0.0.1:15139]|listeners:[], old=null
2024-06-12 07:36:52,329 [6f841693-a0f5-4238-8e94-5d49f60504b4@group-C88D29D2180A-LeaderElection32] INFO  impl.LeaderElection (LeaderElection.java:askForVotes(323)) - 6f841693-a0f5-4238-8e94-5d49f60504b4@group-C88D29D2180A-LeaderElection32 ELECTION round 0: result PASSED (term=1)
2024-06-12 07:36:52,330 [6f841693-a0f5-4238-8e94-5d49f60504b4@group-C88D29D2180A-LeaderElection32] INFO  impl.RoleInfo (RoleInfo.java:shutdownLeaderElection(130)) - 6f841693-a0f5-4238-8e94-5d49f60504b4: shutdown 6f841693-a0f5-4238-8e94-5d49f60504b4@group-C88D29D2180A-LeaderElection32
2024-06-12 07:36:52,330 [6f841693-a0f5-4238-8e94-5d49f60504b4@group-C88D29D2180A-LeaderElection32] INFO  server.RaftServer$Division (RaftServerImpl.java:setRole(383)) - 6f841693-a0f5-4238-8e94-5d49f60504b4@group-C88D29D2180A: changes role from CANDIDATE to LEADER at term 1 for changeToLeader
2024-06-12 07:36:52,330 [6f841693-a0f5-4238-8e94-5d49f60504b4@group-C88D29D2180A-LeaderElection32] INFO  server.RaftServerConfigKeys (ConfUtils.java:logGet(46)) - raft.server.staging.catchup.gap = 1000 (default)
2024-06-12 07:36:52,330 [6f841693-a0f5-4238-8e94-5d49f60504b4@group-C88D29D2180A-LeaderElection32] INFO  server.RaftServerConfigKeys (ConfUtils.java:logGet(46)) - raft.server.write.element-limit = 1024 (custom)
2024-06-12 07:36:52,330 [6f841693-a0f5-4238-8e94-5d49f60504b4@group-C88D29D2180A-LeaderElection32] INFO  server.RaftServerConfigKeys (ConfUtils.java:logGet(46)) - raft.server.write.byte-limit = 1024 M (=1073741824) (custom)
2024-06-12 07:36:52,330 [6f841693-a0f5-4238-8e94-5d49f60504b4@group-C88D29D2180A-LeaderElection32] INFO  server.RaftServerConfigKeys (ConfUtils.java:logGet(46)) - raft.server.watch.timeout = 3000ms (custom)
2024-06-12 07:36:52,331 [6f841693-a0f5-4238-8e94-5d49f60504b4@group-C88D29D2180A-LeaderElection32] INFO  server.RaftServerConfigKeys (ConfUtils.java:logGet(46)) - raft.server.watch.timeout.denomination = 1s (default)
2024-06-12 07:36:52,331 [6f841693-a0f5-4238-8e94-5d49f60504b4@group-C88D29D2180A-LeaderElection32] INFO  server.RaftServerConfigKeys (ConfUtils.java:logGet(46)) - raft.server.watch.element-limit = 65536 (default)
2024-06-12 07:36:52,331 [6f841693-a0f5-4238-8e94-5d49f60504b4@group-C88D29D2180A-LeaderElection32] INFO  server.RaftServerConfigKeys (ConfUtils.java:logGet(46)) - raft.server.read.leader.lease.enabled = false (default)
2024-06-12 07:36:52,331 [6f841693-a0f5-4238-8e94-5d49f60504b4@group-C88D29D2180A-LeaderElection32] INFO  server.RaftServerConfigKeys (ConfUtils.java:logGet(46)) - raft.server.read.leader.lease.timeout.ratio = 0.9 (default)
2024-06-12 07:36:52,331 [6f841693-a0f5-4238-8e94-5d49f60504b4@group-C88D29D2180A-LeaderElection32] INFO  server.RaftServerConfigKeys (ConfUtils.java:logGet(46)) - raft.server.rpc.timeout.min = 1s (custom)
2024-06-12 07:36:52,331 [6f841693-a0f5-4238-8e94-5d49f60504b4@group-C88D29D2180A-LeaderElection32] INFO  server.RaftServerConfigKeys (ConfUtils.java:logGet(46)) - raft.server.write.element-limit = 1024 (custom)
2024-06-12 07:36:52,331 [6f841693-a0f5-4238-8e94-5d49f60504b4@group-C88D29D2180A-LeaderElection32] INFO  server.RaftServerConfigKeys (ConfUtils.java:logGet(46)) - raft.server.write.follower.gap.ratio.max = -1.0 (default)
2024-06-12 07:36:52,331 [6f841693-a0f5-4238-8e94-5d49f60504b4@group-C88D29D2180A-LeaderElection32] INFO  impl.RoleInfo (RoleInfo.java:updateAndGet(139)) - 6f841693-a0f5-4238-8e94-5d49f60504b4: start 6f841693-a0f5-4238-8e94-5d49f60504b4@group-C88D29D2180A-LeaderStateImpl
2024-06-12 07:36:52,331 [6f841693-a0f5-4238-8e94-5d49f60504b4@group-C88D29D2180A-LeaderElection32] INFO  server.RaftServer$Division (RaftServerImpl.java:setFirstElection(574)) - 6f841693-a0f5-4238-8e94-5d49f60504b4@group-C88D29D2180A: set firstElectionSinceStartup to false for becomeLeader
2024-06-12 07:36:52,331 [6f841693-a0f5-4238-8e94-5d49f60504b4@group-C88D29D2180A-LeaderElection32] INFO  ratis.XceiverServerRatis (XceiverServerRatis.java:handleLeaderChangedNotification(966)) - Leader change notification received for group: group-C88D29D2180A with new leaderId: 6f841693-a0f5-4238-8e94-5d49f60504b4
2024-06-12 07:36:52,331 [6f841693-a0f5-4238-8e94-5d49f60504b4@group-C88D29D2180A-LeaderElection32] INFO  server.RaftServer$Division (ServerState.java:setLeader(269)) - 6f841693-a0f5-4238-8e94-5d49f60504b4@group-C88D29D2180A: change Leader from null to 6f841693-a0f5-4238-8e94-5d49f60504b4 at term 1 for becomeLeader, leader elected after 1069ms
2024-06-12 07:36:52,332 [6f841693-a0f5-4238-8e94-5d49f60504b4@group-C88D29D2180A-LeaderElection32] INFO  segmented.SegmentedRaftLogWorker (SegmentedRaftLogWorker.java:startLogSegment(430)) - 6f841693-a0f5-4238-8e94-5d49f60504b4@group-C88D29D2180A-SegmentedRaftLogWorker: Starting segment from index:0
2024-06-12 07:36:52,332 [6f841693-a0f5-4238-8e94-5d49f60504b4@group-C88D29D2180A-LeaderElection32] INFO  server.RaftServer$Division (ServerState.java:setRaftConf(386)) - 6f841693-a0f5-4238-8e94-5d49f60504b4@group-C88D29D2180A: set configuration 0: peers:[6f841693-a0f5-4238-8e94-5d49f60504b4|127.0.0.1:15139]|listeners:[], old=null
2024-06-12 07:36:52,332 [6f841693-a0f5-4238-8e94-5d49f60504b4@group-C88D29D2180A-SegmentedRaftLogWorker] INFO  segmented.BufferedWriteChannel (BufferedWriteChannel.java:open(62)) - open log_inprogress_0 at position 0
2024-06-12 07:36:52,335 [grpc-default-executor-0] INFO  server.RaftServer$Division (RaftServerImpl.java:requestVote(1389)) - 8c3b1af4-43ff-4c22-ad10-b37d9e41628a@group-CB34C1DA6ED0: receive requestVote(PRE_VOTE, 893f21cf-1739-427a-a93c-5929db1902c5, group-CB34C1DA6ED0, 0, (t:0, i:0))
2024-06-12 07:36:52,335 [grpc-default-executor-0] INFO  impl.VoteContext (VoteContext.java:log(49)) - 8c3b1af4-43ff-4c22-ad10-b37d9e41628a@group-CB34C1DA6ED0-FOLLOWER: reject PRE_VOTE from 893f21cf-1739-427a-a93c-5929db1902c5: our priority 1 > candidate's priority 0
2024-06-12 07:36:52,335 [grpc-default-executor-0] INFO  server.RaftServer$Division (RaftServerImpl.java:requestVote(1422)) - 8c3b1af4-43ff-4c22-ad10-b37d9e41628a@group-CB34C1DA6ED0 replies to PRE_VOTE vote request: 893f21cf-1739-427a-a93c-5929db1902c5<-8c3b1af4-43ff-4c22-ad10-b37d9e41628a#0:FAIL-t0. Peer's state: 8c3b1af4-43ff-4c22-ad10-b37d9e41628a@group-CB34C1DA6ED0:t0, leader=null, voted=, raftlog=Memoized:8c3b1af4-43ff-4c22-ad10-b37d9e41628a@group-CB34C1DA6ED0-SegmentedRaftLog:OPENED:c-1, conf=-1: peers:[893f21cf-1739-427a-a93c-5929db1902c5|127.0.0.1:15121, 86e236ad-53d7-40fc-9454-d100b30595d4|127.0.0.1:15112, 8c3b1af4-43ff-4c22-ad10-b37d9e41628a|127.0.0.1:15130]|listeners:[], old=null
2024-06-12 07:36:52,336 [grpc-default-executor-0] INFO  server.RaftServer$Division (RaftServerImpl.java:requestVote(1389)) - 86e236ad-53d7-40fc-9454-d100b30595d4@group-CB34C1DA6ED0: receive requestVote(PRE_VOTE, 893f21cf-1739-427a-a93c-5929db1902c5, group-CB34C1DA6ED0, 0, (t:0, i:0))
2024-06-12 07:36:52,336 [grpc-default-executor-0] INFO  impl.VoteContext (VoteContext.java:log(49)) - 86e236ad-53d7-40fc-9454-d100b30595d4@group-CB34C1DA6ED0-FOLLOWER: accept PRE_VOTE from 893f21cf-1739-427a-a93c-5929db1902c5: our priority 0 <= candidate's priority 0
2024-06-12 07:36:52,336 [grpc-default-executor-0] INFO  server.RaftServer$Division (RaftServerImpl.java:requestVote(1422)) - 86e236ad-53d7-40fc-9454-d100b30595d4@group-CB34C1DA6ED0 replies to PRE_VOTE vote request: 893f21cf-1739-427a-a93c-5929db1902c5<-86e236ad-53d7-40fc-9454-d100b30595d4#0:OK-t0. Peer's state: 86e236ad-53d7-40fc-9454-d100b30595d4@group-CB34C1DA6ED0:t0, leader=null, voted=, raftlog=Memoized:86e236ad-53d7-40fc-9454-d100b30595d4@group-CB34C1DA6ED0-SegmentedRaftLog:OPENED:c-1, conf=-1: peers:[893f21cf-1739-427a-a93c-5929db1902c5|127.0.0.1:15121, 86e236ad-53d7-40fc-9454-d100b30595d4|127.0.0.1:15112, 8c3b1af4-43ff-4c22-ad10-b37d9e41628a|127.0.0.1:15130]|listeners:[], old=null
2024-06-12 07:36:52,337 [893f21cf-1739-427a-a93c-5929db1902c5@group-CB34C1DA6ED0-LeaderElection33] INFO  impl.LeaderElection (LeaderElection.java:logAndReturn(89)) - 893f21cf-1739-427a-a93c-5929db1902c5@group-CB34C1DA6ED0-LeaderElection33: PRE_VOTE REJECTED received 2 response(s) and 0 exception(s):
2024-06-12 07:36:52,337 [893f21cf-1739-427a-a93c-5929db1902c5@group-CB34C1DA6ED0-LeaderElection33] INFO  impl.LeaderElection (LeaderElection.java:logAndReturn(93)) -   Response 0: 893f21cf-1739-427a-a93c-5929db1902c5<-86e236ad-53d7-40fc-9454-d100b30595d4#0:OK-t0
2024-06-12 07:36:52,337 [893f21cf-1739-427a-a93c-5929db1902c5@group-CB34C1DA6ED0-LeaderElection33] INFO  impl.LeaderElection (LeaderElection.java:logAndReturn(93)) -   Response 1: 893f21cf-1739-427a-a93c-5929db1902c5<-8c3b1af4-43ff-4c22-ad10-b37d9e41628a#0:FAIL-t0
2024-06-12 07:36:52,337 [893f21cf-1739-427a-a93c-5929db1902c5@group-CB34C1DA6ED0-LeaderElection33] INFO  impl.LeaderElection (LeaderElection.java:askForVotes(323)) - 893f21cf-1739-427a-a93c-5929db1902c5@group-CB34C1DA6ED0-LeaderElection33 PRE_VOTE round 0: result REJECTED
2024-06-12 07:36:52,337 [893f21cf-1739-427a-a93c-5929db1902c5@group-CB34C1DA6ED0-LeaderElection33] INFO  server.RaftServer$Division (RaftServerImpl.java:setRole(383)) - 893f21cf-1739-427a-a93c-5929db1902c5@group-CB34C1DA6ED0: changes role from CANDIDATE to FOLLOWER at term 0 for REJECTED
2024-06-12 07:36:52,338 [893f21cf-1739-427a-a93c-5929db1902c5@group-CB34C1DA6ED0-LeaderElection33] INFO  impl.RoleInfo (RoleInfo.java:shutdownLeaderElection(130)) - 893f21cf-1739-427a-a93c-5929db1902c5: shutdown 893f21cf-1739-427a-a93c-5929db1902c5@group-CB34C1DA6ED0-LeaderElection33
2024-06-12 07:36:52,338 [893f21cf-1739-427a-a93c-5929db1902c5@group-CB34C1DA6ED0-LeaderElection33] INFO  impl.RoleInfo (RoleInfo.java:updateAndGet(139)) - 893f21cf-1739-427a-a93c-5929db1902c5: start 893f21cf-1739-427a-a93c-5929db1902c5@group-CB34C1DA6ED0-FollowerState
2024-06-12 07:36:52,338 [893f21cf-1739-427a-a93c-5929db1902c5@group-CB34C1DA6ED0-LeaderElection33] INFO  server.RaftServer$Division (RaftServerImpl.java:setFirstElection(574)) - 893f21cf-1739-427a-a93c-5929db1902c5@group-CB34C1DA6ED0: set firstElectionSinceStartup to false for REJECTED
2024-06-12 07:36:52,339 [86e236ad-53d7-40fc-9454-d100b30595d4@group-CB34C1DA6ED0-FollowerState] INFO  server.RaftServerConfigKeys (ConfUtils.java:logFallback(53)) - raft.server.rpc.first-election.timeout.min = 1s (fallback to raft.server.rpc.timeout.min)
2024-06-12 07:36:52,339 [86e236ad-53d7-40fc-9454-d100b30595d4@group-CB34C1DA6ED0-FollowerState] INFO  server.RaftServerConfigKeys (ConfUtils.java:logFallback(53)) - raft.server.rpc.first-election.timeout.max = 1200ms (fallback to raft.server.rpc.timeout.max)
2024-06-12 07:36:52,341 [6f841693-a0f5-4238-8e94-5d49f60504b4@group-C88D29D2180A-SegmentedRaftLogWorker] INFO  segmented.SegmentedRaftLogWorker (SegmentedRaftLogWorker.java:execute(634)) - 6f841693-a0f5-4238-8e94-5d49f60504b4@group-C88D29D2180A-SegmentedRaftLogWorker: created new log segment /home/runner/work/ozone/ozone/hadoop-ozone/integration-test/target/test-dir/MiniOzoneClusterImpl-63f03bc8-0399-4ce2-9c43-ca6ad8c463d8/ozone-meta/datanode-4/ratis/d1e616b0-b988-4dca-b8d3-c88d29d2180a/current/log_inprogress_0
2024-06-12 07:36:52,343 [6f841693-a0f5-4238-8e94-5d49f60504b4@group-C88D29D2180A-StateMachineUpdater] INFO  server.RaftServer$Division (LeaderStateImpl.java:isApplied(320)) - leader is ready since appliedIndex == 0 >= startIndex == 0
2024-06-12 07:36:52,365 [8c3b1af4-43ff-4c22-ad10-b37d9e41628a@group-443CF7A8C5C3-FollowerState] INFO  impl.FollowerState (FollowerState.java:run(143)) - 8c3b1af4-43ff-4c22-ad10-b37d9e41628a@group-443CF7A8C5C3-FollowerState: change to CANDIDATE, lastRpcElapsedTime:1159671361ns, electionTimeout:1154ms
2024-06-12 07:36:52,366 [8c3b1af4-43ff-4c22-ad10-b37d9e41628a@group-443CF7A8C5C3-FollowerState] INFO  impl.RoleInfo (RoleInfo.java:shutdownFollowerState(110)) - 8c3b1af4-43ff-4c22-ad10-b37d9e41628a: shutdown 8c3b1af4-43ff-4c22-ad10-b37d9e41628a@group-443CF7A8C5C3-FollowerState
2024-06-12 07:36:52,366 [8c3b1af4-43ff-4c22-ad10-b37d9e41628a@group-443CF7A8C5C3-FollowerState] INFO  server.RaftServer$Division (RaftServerImpl.java:setRole(383)) - 8c3b1af4-43ff-4c22-ad10-b37d9e41628a@group-443CF7A8C5C3: changes role from  FOLLOWER to CANDIDATE at term 0 for changeToCandidate
2024-06-12 07:36:52,366 [8c3b1af4-43ff-4c22-ad10-b37d9e41628a@group-443CF7A8C5C3-FollowerState] INFO  server.RaftServerConfigKeys (ConfUtils.java:logGet(46)) - raft.server.leaderelection.pre-vote = true (default)
2024-06-12 07:36:52,366 [8c3b1af4-43ff-4c22-ad10-b37d9e41628a@group-443CF7A8C5C3-FollowerState] INFO  impl.RoleInfo (RoleInfo.java:updateAndGet(139)) - 8c3b1af4-43ff-4c22-ad10-b37d9e41628a: start 8c3b1af4-43ff-4c22-ad10-b37d9e41628a@group-443CF7A8C5C3-LeaderElection34
2024-06-12 07:36:52,366 [main] INFO  ozone.MiniOzoneClusterImpl (MiniOzoneClusterImpl.java:lambda$waitForClusterToBeReady$0(194)) - Nodes are ready. Got 6 of 6 DN Heartbeats.
2024-06-12 07:36:52,366 [main] INFO  ozone.MiniOzoneClusterImpl (MiniOzoneClusterImpl.java:lambda$waitForClusterToBeReady$0(197)) - Cluster exits safe mode
2024-06-12 07:36:52,366 [main] INFO  ozone.MiniOzoneClusterImpl (MiniOzoneClusterImpl.java:lambda$waitForClusterToBeReady$0(199)) - SCM became leader
2024-06-12 07:36:52,366 [8c3b1af4-43ff-4c22-ad10-b37d9e41628a@group-443CF7A8C5C3-LeaderElection34] INFO  impl.LeaderElection (LeaderElection.java:askForVotes(321)) - 8c3b1af4-43ff-4c22-ad10-b37d9e41628a@group-443CF7A8C5C3-LeaderElection34 PRE_VOTE round 0: submit vote requests at term 0 for -1: peers:[8c3b1af4-43ff-4c22-ad10-b37d9e41628a|127.0.0.1:15130]|listeners:[], old=null
2024-06-12 07:36:52,366 [8c3b1af4-43ff-4c22-ad10-b37d9e41628a@group-443CF7A8C5C3-LeaderElection34] INFO  impl.LeaderElection (LeaderElection.java:askForVotes(323)) - 8c3b1af4-43ff-4c22-ad10-b37d9e41628a@group-443CF7A8C5C3-LeaderElection34 PRE_VOTE round 0: result PASSED (term=0)
2024-06-12 07:36:52,368 [8c3b1af4-43ff-4c22-ad10-b37d9e41628a@group-443CF7A8C5C3-LeaderElection34] INFO  impl.LeaderElection (LeaderElection.java:askForVotes(321)) - 8c3b1af4-43ff-4c22-ad10-b37d9e41628a@group-443CF7A8C5C3-LeaderElection34 ELECTION round 0: submit vote requests at term 1 for -1: peers:[8c3b1af4-43ff-4c22-ad10-b37d9e41628a|127.0.0.1:15130]|listeners:[], old=null
2024-06-12 07:36:52,368 [8c3b1af4-43ff-4c22-ad10-b37d9e41628a@group-443CF7A8C5C3-LeaderElection34] INFO  impl.LeaderElection (LeaderElection.java:askForVotes(323)) - 8c3b1af4-43ff-4c22-ad10-b37d9e41628a@group-443CF7A8C5C3-LeaderElection34 ELECTION round 0: result PASSED (term=1)
2024-06-12 07:36:52,368 [8c3b1af4-43ff-4c22-ad10-b37d9e41628a@group-443CF7A8C5C3-LeaderElection34] INFO  impl.RoleInfo (RoleInfo.java:shutdownLeaderElection(130)) - 8c3b1af4-43ff-4c22-ad10-b37d9e41628a: shutdown 8c3b1af4-43ff-4c22-ad10-b37d9e41628a@group-443CF7A8C5C3-LeaderElection34
2024-06-12 07:36:52,368 [8c3b1af4-43ff-4c22-ad10-b37d9e41628a@group-443CF7A8C5C3-LeaderElection34] INFO  server.RaftServer$Division (RaftServerImpl.java:setRole(383)) - 8c3b1af4-43ff-4c22-ad10-b37d9e41628a@group-443CF7A8C5C3: changes role from CANDIDATE to LEADER at term 1 for changeToLeader
2024-06-12 07:36:52,368 [8c3b1af4-43ff-4c22-ad10-b37d9e41628a@group-443CF7A8C5C3-LeaderElection34] INFO  server.RaftServerConfigKeys (ConfUtils.java:logGet(46)) - raft.server.staging.catchup.gap = 1000 (default)
2024-06-12 07:36:52,368 [8c3b1af4-43ff-4c22-ad10-b37d9e41628a@group-443CF7A8C5C3-LeaderElection34] INFO  server.RaftServerConfigKeys (ConfUtils.java:logGet(46)) - raft.server.write.element-limit = 1024 (custom)
2024-06-12 07:36:52,368 [8c3b1af4-43ff-4c22-ad10-b37d9e41628a@group-443CF7A8C5C3-LeaderElection34] INFO  server.RaftServerConfigKeys (ConfUtils.java:logGet(46)) - raft.server.write.byte-limit = 1024 M (=1073741824) (custom)
2024-06-12 07:36:52,368 [8c3b1af4-43ff-4c22-ad10-b37d9e41628a@group-443CF7A8C5C3-LeaderElection34] INFO  server.RaftServerConfigKeys (ConfUtils.java:logGet(46)) - raft.server.watch.timeout = 3000ms (custom)
2024-06-12 07:36:52,369 [8c3b1af4-43ff-4c22-ad10-b37d9e41628a@group-443CF7A8C5C3-LeaderElection34] INFO  server.RaftServerConfigKeys (ConfUtils.java:logGet(46)) - raft.server.watch.timeout.denomination = 1s (default)
2024-06-12 07:36:52,369 [8c3b1af4-43ff-4c22-ad10-b37d9e41628a@group-443CF7A8C5C3-LeaderElection34] INFO  server.RaftServerConfigKeys (ConfUtils.java:logGet(46)) - raft.server.watch.element-limit = 65536 (default)
2024-06-12 07:36:52,369 [8c3b1af4-43ff-4c22-ad10-b37d9e41628a@group-443CF7A8C5C3-LeaderElection34] INFO  server.RaftServerConfigKeys (ConfUtils.java:logGet(46)) - raft.server.read.leader.lease.enabled = false (default)
2024-06-12 07:36:52,369 [8c3b1af4-43ff-4c22-ad10-b37d9e41628a@group-443CF7A8C5C3-LeaderElection34] INFO  server.RaftServerConfigKeys (ConfUtils.java:logGet(46)) - raft.server.read.leader.lease.timeout.ratio = 0.9 (default)
2024-06-12 07:36:52,369 [8c3b1af4-43ff-4c22-ad10-b37d9e41628a@group-443CF7A8C5C3-LeaderElection34] INFO  server.RaftServerConfigKeys (ConfUtils.java:logGet(46)) - raft.server.rpc.timeout.min = 1s (custom)
2024-06-12 07:36:52,369 [8c3b1af4-43ff-4c22-ad10-b37d9e41628a@group-443CF7A8C5C3-LeaderElection34] INFO  server.RaftServerConfigKeys (ConfUtils.java:logGet(46)) - raft.server.write.element-limit = 1024 (custom)
2024-06-12 07:36:52,369 [8c3b1af4-43ff-4c22-ad10-b37d9e41628a@group-443CF7A8C5C3-LeaderElection34] INFO  server.RaftServerConfigKeys (ConfUtils.java:logGet(46)) - raft.server.write.follower.gap.ratio.max = -1.0 (default)
2024-06-12 07:36:52,369 [8c3b1af4-43ff-4c22-ad10-b37d9e41628a@group-443CF7A8C5C3-LeaderElection34] INFO  impl.RoleInfo (RoleInfo.java:updateAndGet(139)) - 8c3b1af4-43ff-4c22-ad10-b37d9e41628a: start 8c3b1af4-43ff-4c22-ad10-b37d9e41628a@group-443CF7A8C5C3-LeaderStateImpl
2024-06-12 07:36:52,369 [8c3b1af4-43ff-4c22-ad10-b37d9e41628a@group-443CF7A8C5C3-LeaderElection34] INFO  server.RaftServer$Division (RaftServerImpl.java:setFirstElection(574)) - 8c3b1af4-43ff-4c22-ad10-b37d9e41628a@group-443CF7A8C5C3: set firstElectionSinceStartup to false for becomeLeader
2024-06-12 07:36:52,369 [8c3b1af4-43ff-4c22-ad10-b37d9e41628a@group-443CF7A8C5C3-LeaderElection34] INFO  ratis.XceiverServerRatis (XceiverServerRatis.java:handleLeaderChangedNotification(966)) - Leader change notification received for group: group-443CF7A8C5C3 with new leaderId: 8c3b1af4-43ff-4c22-ad10-b37d9e41628a
2024-06-12 07:36:52,369 [8c3b1af4-43ff-4c22-ad10-b37d9e41628a@group-443CF7A8C5C3-LeaderElection34] INFO  server.RaftServer$Division (ServerState.java:setLeader(269)) - 8c3b1af4-43ff-4c22-ad10-b37d9e41628a@group-443CF7A8C5C3: change Leader from null to 8c3b1af4-43ff-4c22-ad10-b37d9e41628a at term 1 for becomeLeader, leader elected after 1193ms
2024-06-12 07:36:52,370 [8c3b1af4-43ff-4c22-ad10-b37d9e41628a@group-443CF7A8C5C3-LeaderElection34] INFO  segmented.SegmentedRaftLogWorker (SegmentedRaftLogWorker.java:startLogSegment(430)) - 8c3b1af4-43ff-4c22-ad10-b37d9e41628a@group-443CF7A8C5C3-SegmentedRaftLogWorker: Starting segment from index:0
2024-06-12 07:36:52,370 [8c3b1af4-43ff-4c22-ad10-b37d9e41628a@group-443CF7A8C5C3-SegmentedRaftLogWorker] INFO  segmented.BufferedWriteChannel (BufferedWriteChannel.java:open(62)) - open log_inprogress_0 at position 0
2024-06-12 07:36:52,373 [main] INFO  rpc.RpcClient (RpcClient.java:createVolume(473)) - Creating Volume: datanodefailurehandlingtest, with runner as owner and space quota set to -1 bytes, counts quota set to -1
2024-06-12 07:36:52,373 [8c3b1af4-43ff-4c22-ad10-b37d9e41628a@group-443CF7A8C5C3-LeaderElection34] INFO  server.RaftServer$Division (ServerState.java:setRaftConf(386)) - 8c3b1af4-43ff-4c22-ad10-b37d9e41628a@group-443CF7A8C5C3: set configuration 0: peers:[8c3b1af4-43ff-4c22-ad10-b37d9e41628a|127.0.0.1:15130]|listeners:[], old=null
2024-06-12 07:36:52,378 [8c3b1af4-43ff-4c22-ad10-b37d9e41628a@group-443CF7A8C5C3-SegmentedRaftLogWorker] INFO  segmented.SegmentedRaftLogWorker (SegmentedRaftLogWorker.java:execute(634)) - 8c3b1af4-43ff-4c22-ad10-b37d9e41628a@group-443CF7A8C5C3-SegmentedRaftLogWorker: created new log segment /home/runner/work/ozone/ozone/hadoop-ozone/integration-test/target/test-dir/MiniOzoneClusterImpl-63f03bc8-0399-4ce2-9c43-ca6ad8c463d8/ozone-meta/datanode-3/ratis/936e89f3-c078-4191-b7fe-443cf7a8c5c3/current/log_inprogress_0
2024-06-12 07:36:52,379 [om1-OMStateMachineApplyTransactionThread - 0] INFO  volume.OMVolumeCreateRequest (OMVolumeCreateRequest.java:validateAndUpdateCache(198)) - created volume:datanodefailurehandlingtest for user:runner
2024-06-12 07:36:52,380 [8c3b1af4-43ff-4c22-ad10-b37d9e41628a@group-443CF7A8C5C3-StateMachineUpdater] INFO  server.RaftServer$Division (LeaderStateImpl.java:isApplied(320)) - leader is ready since appliedIndex == 0 >= startIndex == 0
2024-06-12 07:36:52,381 [main] INFO  rpc.RpcClient (RpcClient.java:createBucket(699)) - Creating Bucket: datanodefailurehandlingtest/datanodefailurehandlingtest, with server-side default bucket layout, runner as owner, Versioning false, Storage Type set to DISK and Encryption set to false, Replication Type set to server-side default replication type, Namespace Quota set to -1, Space Quota set to -1 
2024-06-12 07:36:52,387 [om1-OMStateMachineApplyTransactionThread - 0] INFO  bucket.OMBucketCreateRequest (OMBucketCreateRequest.java:validateAndUpdateCache(293)) - created bucket: datanodefailurehandlingtest of layout FILE_SYSTEM_OPTIMIZED in volume: datanodefailurehandlingtest
2024-06-12 07:36:52,393 [IPC Server handler 1 on default port 15099] INFO  ha.SequenceIdGenerator (SequenceIdGenerator.java:getNextId(144)) - Allocate a batch for containerId, change lastId from 0 to 1000.
2024-06-12 07:36:52,393 [IPC Server handler 1 on default port 15099] WARN  ha.SequenceIdGenerator (SequenceIdGenerator.java:allocateBatch(257)) - Failed to allocate a batch for localId, expected lastId is 0, actual lastId is 113750153625600000.
2024-06-12 07:36:52,394 [IPC Server handler 1 on default port 15099] INFO  ha.SequenceIdGenerator (SequenceIdGenerator.java:getNextId(144)) - Allocate a batch for localId, change lastId from 113750153625600000 to 113750153625601000.
2024-06-12 07:36:52,433 [ac495114-8bb8-4dac-b10f-46951d6cb650@group-A20483CAC47C-FollowerState] INFO  impl.FollowerState (FollowerState.java:run(143)) - ac495114-8bb8-4dac-b10f-46951d6cb650@group-A20483CAC47C-FollowerState: change to CANDIDATE, lastRpcElapsedTime:1071795860ns, electionTimeout:1062ms
2024-06-12 07:36:52,433 [ac495114-8bb8-4dac-b10f-46951d6cb650@group-A20483CAC47C-FollowerState] INFO  impl.RoleInfo (RoleInfo.java:shutdownFollowerState(110)) - ac495114-8bb8-4dac-b10f-46951d6cb650: shutdown ac495114-8bb8-4dac-b10f-46951d6cb650@group-A20483CAC47C-FollowerState
2024-06-12 07:36:52,433 [ac495114-8bb8-4dac-b10f-46951d6cb650@group-0D11DC595847-FollowerState] INFO  impl.FollowerState (FollowerState.java:run(143)) - ac495114-8bb8-4dac-b10f-46951d6cb650@group-0D11DC595847-FollowerState: change to CANDIDATE, lastRpcElapsedTime:1098843754ns, electionTimeout:1092ms
2024-06-12 07:36:52,434 [ac495114-8bb8-4dac-b10f-46951d6cb650@group-0D11DC595847-FollowerState] INFO  impl.RoleInfo (RoleInfo.java:shutdownFollowerState(110)) - ac495114-8bb8-4dac-b10f-46951d6cb650: shutdown ac495114-8bb8-4dac-b10f-46951d6cb650@group-0D11DC595847-FollowerState
2024-06-12 07:36:52,434 [ac495114-8bb8-4dac-b10f-46951d6cb650@group-0D11DC595847-FollowerState] INFO  server.RaftServer$Division (RaftServerImpl.java:setRole(383)) - ac495114-8bb8-4dac-b10f-46951d6cb650@group-0D11DC595847: changes role from  FOLLOWER to CANDIDATE at term 0 for changeToCandidate
2024-06-12 07:36:52,434 [ac495114-8bb8-4dac-b10f-46951d6cb650@group-0D11DC595847-FollowerState] INFO  server.RaftServerConfigKeys (ConfUtils.java:logGet(46)) - raft.server.leaderelection.pre-vote = true (default)
2024-06-12 07:36:52,434 [ac495114-8bb8-4dac-b10f-46951d6cb650@group-0D11DC595847-FollowerState] INFO  impl.RoleInfo (RoleInfo.java:updateAndGet(139)) - ac495114-8bb8-4dac-b10f-46951d6cb650: start ac495114-8bb8-4dac-b10f-46951d6cb650@group-0D11DC595847-LeaderElection35
2024-06-12 07:36:52,434 [ac495114-8bb8-4dac-b10f-46951d6cb650@group-A20483CAC47C-FollowerState] INFO  server.RaftServer$Division (RaftServerImpl.java:setRole(383)) - ac495114-8bb8-4dac-b10f-46951d6cb650@group-A20483CAC47C: changes role from  FOLLOWER to CANDIDATE at term 0 for changeToCandidate
2024-06-12 07:36:52,434 [ac495114-8bb8-4dac-b10f-46951d6cb650@group-A20483CAC47C-FollowerState] INFO  server.RaftServerConfigKeys (ConfUtils.java:logGet(46)) - raft.server.leaderelection.pre-vote = true (default)
2024-06-12 07:36:52,434 [ac495114-8bb8-4dac-b10f-46951d6cb650@group-A20483CAC47C-FollowerState] INFO  impl.RoleInfo (RoleInfo.java:updateAndGet(139)) - ac495114-8bb8-4dac-b10f-46951d6cb650: start ac495114-8bb8-4dac-b10f-46951d6cb650@group-A20483CAC47C-LeaderElection36
2024-06-12 07:36:52,441 [8c3b1af4-43ff-4c22-ad10-b37d9e41628a@group-CB34C1DA6ED0-FollowerState] INFO  impl.FollowerState (FollowerState.java:run(143)) - 8c3b1af4-43ff-4c22-ad10-b37d9e41628a@group-CB34C1DA6ED0-FollowerState: change to CANDIDATE, lastRpcElapsedTime:1187939880ns, electionTimeout:1176ms
2024-06-12 07:36:52,441 [8c3b1af4-43ff-4c22-ad10-b37d9e41628a@group-CB34C1DA6ED0-FollowerState] INFO  impl.RoleInfo (RoleInfo.java:shutdownFollowerState(110)) - 8c3b1af4-43ff-4c22-ad10-b37d9e41628a: shutdown 8c3b1af4-43ff-4c22-ad10-b37d9e41628a@group-CB34C1DA6ED0-FollowerState
2024-06-12 07:36:52,441 [8c3b1af4-43ff-4c22-ad10-b37d9e41628a@group-CB34C1DA6ED0-FollowerState] INFO  server.RaftServer$Division (RaftServerImpl.java:setRole(383)) - 8c3b1af4-43ff-4c22-ad10-b37d9e41628a@group-CB34C1DA6ED0: changes role from  FOLLOWER to CANDIDATE at term 0 for changeToCandidate
2024-06-12 07:36:52,442 [8c3b1af4-43ff-4c22-ad10-b37d9e41628a@group-CB34C1DA6ED0-FollowerState] INFO  server.RaftServerConfigKeys (ConfUtils.java:logGet(46)) - raft.server.leaderelection.pre-vote = true (default)
2024-06-12 07:36:52,442 [8c3b1af4-43ff-4c22-ad10-b37d9e41628a@group-CB34C1DA6ED0-FollowerState] INFO  impl.RoleInfo (RoleInfo.java:updateAndGet(139)) - 8c3b1af4-43ff-4c22-ad10-b37d9e41628a: start 8c3b1af4-43ff-4c22-ad10-b37d9e41628a@group-CB34C1DA6ED0-LeaderElection37
2024-06-12 07:36:52,444 [ac495114-8bb8-4dac-b10f-46951d6cb650@group-0D11DC595847-LeaderElection35] INFO  impl.LeaderElection (LeaderElection.java:askForVotes(321)) - ac495114-8bb8-4dac-b10f-46951d6cb650@group-0D11DC595847-LeaderElection35 PRE_VOTE round 0: submit vote requests at term 0 for -1: peers:[ac495114-8bb8-4dac-b10f-46951d6cb650|127.0.0.1:15148]|listeners:[], old=null
2024-06-12 07:36:52,444 [ac495114-8bb8-4dac-b10f-46951d6cb650@group-A20483CAC47C-LeaderElection36] INFO  impl.LeaderElection (LeaderElection.java:askForVotes(321)) - ac495114-8bb8-4dac-b10f-46951d6cb650@group-A20483CAC47C-LeaderElection36 PRE_VOTE round 0: submit vote requests at term 0 for -1: peers:[6f841693-a0f5-4238-8e94-5d49f60504b4|127.0.0.1:15139, 29194895-a428-4dbc-89d8-767dd839d7c3|127.0.0.1:15157, ac495114-8bb8-4dac-b10f-46951d6cb650|127.0.0.1:15148]|listeners:[], old=null
2024-06-12 07:36:52,445 [ac495114-8bb8-4dac-b10f-46951d6cb650@group-0D11DC595847-LeaderElection35] INFO  impl.LeaderElection (LeaderElection.java:askForVotes(323)) - ac495114-8bb8-4dac-b10f-46951d6cb650@group-0D11DC595847-LeaderElection35 PRE_VOTE round 0: result PASSED (term=0)
2024-06-12 07:36:52,449 [ac495114-8bb8-4dac-b10f-46951d6cb650@group-0D11DC595847-LeaderElection35] INFO  impl.LeaderElection (LeaderElection.java:askForVotes(321)) - ac495114-8bb8-4dac-b10f-46951d6cb650@group-0D11DC595847-LeaderElection35 ELECTION round 0: submit vote requests at term 1 for -1: peers:[ac495114-8bb8-4dac-b10f-46951d6cb650|127.0.0.1:15148]|listeners:[], old=null
2024-06-12 07:36:52,449 [ac495114-8bb8-4dac-b10f-46951d6cb650@group-0D11DC595847-LeaderElection35] INFO  impl.LeaderElection (LeaderElection.java:askForVotes(323)) - ac495114-8bb8-4dac-b10f-46951d6cb650@group-0D11DC595847-LeaderElection35 ELECTION round 0: result PASSED (term=1)
2024-06-12 07:36:52,449 [ac495114-8bb8-4dac-b10f-46951d6cb650@group-0D11DC595847-LeaderElection35] INFO  impl.RoleInfo (RoleInfo.java:shutdownLeaderElection(130)) - ac495114-8bb8-4dac-b10f-46951d6cb650: shutdown ac495114-8bb8-4dac-b10f-46951d6cb650@group-0D11DC595847-LeaderElection35
2024-06-12 07:36:52,449 [ac495114-8bb8-4dac-b10f-46951d6cb650@group-0D11DC595847-LeaderElection35] INFO  server.RaftServer$Division (RaftServerImpl.java:setRole(383)) - ac495114-8bb8-4dac-b10f-46951d6cb650@group-0D11DC595847: changes role from CANDIDATE to LEADER at term 1 for changeToLeader
2024-06-12 07:36:52,449 [ac495114-8bb8-4dac-b10f-46951d6cb650@group-0D11DC595847-LeaderElection35] INFO  server.RaftServerConfigKeys (ConfUtils.java:logGet(46)) - raft.server.staging.catchup.gap = 1000 (default)
2024-06-12 07:36:52,450 [ac495114-8bb8-4dac-b10f-46951d6cb650@group-0D11DC595847-LeaderElection35] INFO  server.RaftServerConfigKeys (ConfUtils.java:logGet(46)) - raft.server.write.element-limit = 1024 (custom)
2024-06-12 07:36:52,450 [ac495114-8bb8-4dac-b10f-46951d6cb650@group-0D11DC595847-LeaderElection35] INFO  server.RaftServerConfigKeys (ConfUtils.java:logGet(46)) - raft.server.write.byte-limit = 1024 M (=1073741824) (custom)
2024-06-12 07:36:52,450 [ac495114-8bb8-4dac-b10f-46951d6cb650@group-0D11DC595847-LeaderElection35] INFO  server.RaftServerConfigKeys (ConfUtils.java:logGet(46)) - raft.server.watch.timeout = 3000ms (custom)
2024-06-12 07:36:52,450 [ac495114-8bb8-4dac-b10f-46951d6cb650@group-0D11DC595847-LeaderElection35] INFO  server.RaftServerConfigKeys (ConfUtils.java:logGet(46)) - raft.server.watch.timeout.denomination = 1s (default)
2024-06-12 07:36:52,450 [ac495114-8bb8-4dac-b10f-46951d6cb650@group-0D11DC595847-LeaderElection35] INFO  server.RaftServerConfigKeys (ConfUtils.java:logGet(46)) - raft.server.watch.element-limit = 65536 (default)
2024-06-12 07:36:52,450 [ac495114-8bb8-4dac-b10f-46951d6cb650@group-0D11DC595847-LeaderElection35] INFO  server.RaftServerConfigKeys (ConfUtils.java:logGet(46)) - raft.server.read.leader.lease.enabled = false (default)
2024-06-12 07:36:52,450 [ac495114-8bb8-4dac-b10f-46951d6cb650@group-0D11DC595847-LeaderElection35] INFO  server.RaftServerConfigKeys (ConfUtils.java:logGet(46)) - raft.server.read.leader.lease.timeout.ratio = 0.9 (default)
2024-06-12 07:36:52,450 [ac495114-8bb8-4dac-b10f-46951d6cb650@group-0D11DC595847-LeaderElection35] INFO  server.RaftServerConfigKeys (ConfUtils.java:logGet(46)) - raft.server.rpc.timeout.min = 1s (custom)
2024-06-12 07:36:52,450 [ac495114-8bb8-4dac-b10f-46951d6cb650@group-0D11DC595847-LeaderElection35] INFO  server.RaftServerConfigKeys (ConfUtils.java:logGet(46)) - raft.server.write.element-limit = 1024 (custom)
2024-06-12 07:36:52,451 [ac495114-8bb8-4dac-b10f-46951d6cb650@group-0D11DC595847-LeaderElection35] INFO  server.RaftServerConfigKeys (ConfUtils.java:logGet(46)) - raft.server.write.follower.gap.ratio.max = -1.0 (default)
2024-06-12 07:36:52,451 [ac495114-8bb8-4dac-b10f-46951d6cb650@group-0D11DC595847-LeaderElection35] INFO  impl.RoleInfo (RoleInfo.java:updateAndGet(139)) - ac495114-8bb8-4dac-b10f-46951d6cb650: start ac495114-8bb8-4dac-b10f-46951d6cb650@group-0D11DC595847-LeaderStateImpl
2024-06-12 07:36:52,451 [ac495114-8bb8-4dac-b10f-46951d6cb650@group-0D11DC595847-LeaderElection35] INFO  server.RaftServer$Division (RaftServerImpl.java:setFirstElection(574)) - ac495114-8bb8-4dac-b10f-46951d6cb650@group-0D11DC595847: set firstElectionSinceStartup to false for becomeLeader
2024-06-12 07:36:52,451 [ac495114-8bb8-4dac-b10f-46951d6cb650@group-0D11DC595847-LeaderElection35] INFO  ratis.XceiverServerRatis (XceiverServerRatis.java:handleLeaderChangedNotification(966)) - Leader change notification received for group: group-0D11DC595847 with new leaderId: ac495114-8bb8-4dac-b10f-46951d6cb650
2024-06-12 07:36:52,451 [ac495114-8bb8-4dac-b10f-46951d6cb650@group-0D11DC595847-LeaderElection35] INFO  server.RaftServer$Division (ServerState.java:setLeader(269)) - ac495114-8bb8-4dac-b10f-46951d6cb650@group-0D11DC595847: change Leader from null to ac495114-8bb8-4dac-b10f-46951d6cb650 at term 1 for becomeLeader, leader elected after 1131ms
2024-06-12 07:36:52,451 [ac495114-8bb8-4dac-b10f-46951d6cb650@group-0D11DC595847-LeaderElection35] INFO  segmented.SegmentedRaftLogWorker (SegmentedRaftLogWorker.java:startLogSegment(430)) - ac495114-8bb8-4dac-b10f-46951d6cb650@group-0D11DC595847-SegmentedRaftLogWorker: Starting segment from index:0
2024-06-12 07:36:52,451 [ac495114-8bb8-4dac-b10f-46951d6cb650@group-0D11DC595847-LeaderElection35] INFO  server.RaftServer$Division (ServerState.java:setRaftConf(386)) - ac495114-8bb8-4dac-b10f-46951d6cb650@group-0D11DC595847: set configuration 0: peers:[ac495114-8bb8-4dac-b10f-46951d6cb650|127.0.0.1:15148]|listeners:[], old=null
2024-06-12 07:36:52,452 [ac495114-8bb8-4dac-b10f-46951d6cb650@group-0D11DC595847-SegmentedRaftLogWorker] INFO  segmented.BufferedWriteChannel (BufferedWriteChannel.java:open(62)) - open log_inprogress_0 at position 0
2024-06-12 07:36:52,458 [ac495114-8bb8-4dac-b10f-46951d6cb650@group-A20483CAC47C-LeaderElection36-1] INFO  server.GrpcServerProtocolClient (GrpcServerProtocolClient.java:<init>(65)) - Build channel for 6f841693-a0f5-4238-8e94-5d49f60504b4|127.0.0.1:15139
2024-06-12 07:36:52,462 [grpc-default-executor-3] INFO  server.RaftServer$Division (RaftServerImpl.java:requestVote(1389)) - 6f841693-a0f5-4238-8e94-5d49f60504b4@group-A20483CAC47C: receive requestVote(PRE_VOTE, ac495114-8bb8-4dac-b10f-46951d6cb650, group-A20483CAC47C, 0, (t:0, i:0))
2024-06-12 07:36:52,462 [grpc-default-executor-3] INFO  impl.VoteContext (VoteContext.java:log(49)) - 6f841693-a0f5-4238-8e94-5d49f60504b4@group-A20483CAC47C-FOLLOWER: reject PRE_VOTE from ac495114-8bb8-4dac-b10f-46951d6cb650: our priority 1 > candidate's priority 0
2024-06-12 07:36:52,462 [grpc-default-executor-3] INFO  server.RaftServer$Division (RaftServerImpl.java:requestVote(1422)) - 6f841693-a0f5-4238-8e94-5d49f60504b4@group-A20483CAC47C replies to PRE_VOTE vote request: ac495114-8bb8-4dac-b10f-46951d6cb650<-6f841693-a0f5-4238-8e94-5d49f60504b4#0:FAIL-t0. Peer's state: 6f841693-a0f5-4238-8e94-5d49f60504b4@group-A20483CAC47C:t0, leader=null, voted=, raftlog=Memoized:6f841693-a0f5-4238-8e94-5d49f60504b4@group-A20483CAC47C-SegmentedRaftLog:OPENED:c-1, conf=-1: peers:[6f841693-a0f5-4238-8e94-5d49f60504b4|127.0.0.1:15139, 29194895-a428-4dbc-89d8-767dd839d7c3|127.0.0.1:15157, ac495114-8bb8-4dac-b10f-46951d6cb650|127.0.0.1:15148]|listeners:[], old=null
2024-06-12 07:36:52,463 [ac495114-8bb8-4dac-b10f-46951d6cb650@group-0D11DC595847-SegmentedRaftLogWorker] INFO  segmented.SegmentedRaftLogWorker (SegmentedRaftLogWorker.java:execute(634)) - ac495114-8bb8-4dac-b10f-46951d6cb650@group-0D11DC595847-SegmentedRaftLogWorker: created new log segment /home/runner/work/ozone/ozone/hadoop-ozone/integration-test/target/test-dir/MiniOzoneClusterImpl-63f03bc8-0399-4ce2-9c43-ca6ad8c463d8/ozone-meta/datanode-5/ratis/c7f09077-2f85-4be4-8a52-0d11dc595847/current/log_inprogress_0
2024-06-12 07:36:52,466 [8c3b1af4-43ff-4c22-ad10-b37d9e41628a@group-CB34C1DA6ED0-LeaderElection37] INFO  impl.LeaderElection (LeaderElection.java:askForVotes(321)) - 8c3b1af4-43ff-4c22-ad10-b37d9e41628a@group-CB34C1DA6ED0-LeaderElection37 PRE_VOTE round 0: submit vote requests at term 0 for -1: peers:[893f21cf-1739-427a-a93c-5929db1902c5|127.0.0.1:15121, 86e236ad-53d7-40fc-9454-d100b30595d4|127.0.0.1:15112, 8c3b1af4-43ff-4c22-ad10-b37d9e41628a|127.0.0.1:15130]|listeners:[], old=null
2024-06-12 07:36:52,475 [ac495114-8bb8-4dac-b10f-46951d6cb650@group-0D11DC595847-StateMachineUpdater] INFO  server.RaftServer$Division (LeaderStateImpl.java:isApplied(320)) - leader is ready since appliedIndex == 0 >= startIndex == 0
2024-06-12 07:36:52,475 [ac495114-8bb8-4dac-b10f-46951d6cb650@group-A20483CAC47C-LeaderElection36] INFO  server.RaftServerConfigKeys (ConfUtils.java:logFallback(53)) - raft.server.rpc.first-election.timeout.min = 1s (fallback to raft.server.rpc.timeout.min)
2024-06-12 07:36:52,475 [ac495114-8bb8-4dac-b10f-46951d6cb650@group-A20483CAC47C-LeaderElection36] INFO  server.RaftServerConfigKeys (ConfUtils.java:logFallback(53)) - raft.server.rpc.first-election.timeout.max = 1200ms (fallback to raft.server.rpc.timeout.max)
2024-06-12 07:36:52,475 [ac495114-8bb8-4dac-b10f-46951d6cb650@group-A20483CAC47C-LeaderElection36] INFO  impl.LeaderElection (LeaderElection.java:logAndReturn(89)) - ac495114-8bb8-4dac-b10f-46951d6cb650@group-A20483CAC47C-LeaderElection36: PRE_VOTE REJECTED received 1 response(s) and 0 exception(s):
2024-06-12 07:36:52,475 [ac495114-8bb8-4dac-b10f-46951d6cb650@group-A20483CAC47C-LeaderElection36] INFO  impl.LeaderElection (LeaderElection.java:logAndReturn(93)) -   Response 0: ac495114-8bb8-4dac-b10f-46951d6cb650<-6f841693-a0f5-4238-8e94-5d49f60504b4#0:FAIL-t0
2024-06-12 07:36:52,475 [ac495114-8bb8-4dac-b10f-46951d6cb650@group-A20483CAC47C-LeaderElection36] INFO  impl.LeaderElection (LeaderElection.java:askForVotes(323)) - ac495114-8bb8-4dac-b10f-46951d6cb650@group-A20483CAC47C-LeaderElection36 PRE_VOTE round 0: result REJECTED
2024-06-12 07:36:52,476 [ac495114-8bb8-4dac-b10f-46951d6cb650@group-A20483CAC47C-LeaderElection36] INFO  server.RaftServer$Division (RaftServerImpl.java:setRole(383)) - ac495114-8bb8-4dac-b10f-46951d6cb650@group-A20483CAC47C: changes role from CANDIDATE to FOLLOWER at term 0 for REJECTED
2024-06-12 07:36:52,476 [ac495114-8bb8-4dac-b10f-46951d6cb650@group-A20483CAC47C-LeaderElection36] INFO  impl.RoleInfo (RoleInfo.java:shutdownLeaderElection(130)) - ac495114-8bb8-4dac-b10f-46951d6cb650: shutdown ac495114-8bb8-4dac-b10f-46951d6cb650@group-A20483CAC47C-LeaderElection36
2024-06-12 07:36:52,476 [ac495114-8bb8-4dac-b10f-46951d6cb650@group-A20483CAC47C-LeaderElection36] INFO  impl.RoleInfo (RoleInfo.java:updateAndGet(139)) - ac495114-8bb8-4dac-b10f-46951d6cb650: start ac495114-8bb8-4dac-b10f-46951d6cb650@group-A20483CAC47C-FollowerState
2024-06-12 07:36:52,476 [ac495114-8bb8-4dac-b10f-46951d6cb650@group-A20483CAC47C-LeaderElection36] INFO  server.RaftServer$Division (RaftServerImpl.java:setFirstElection(574)) - ac495114-8bb8-4dac-b10f-46951d6cb650@group-A20483CAC47C: set firstElectionSinceStartup to false for REJECTED
2024-06-12 07:36:52,478 [ac495114-8bb8-4dac-b10f-46951d6cb650@group-A20483CAC47C-LeaderElection36-2] INFO  server.GrpcServerProtocolClient (GrpcServerProtocolClient.java:<init>(65)) - Build channel for 29194895-a428-4dbc-89d8-767dd839d7c3|127.0.0.1:15157
2024-06-12 07:36:52,485 [grpc-default-executor-0] INFO  server.RaftServer$Division (RaftServerImpl.java:requestVote(1389)) - 29194895-a428-4dbc-89d8-767dd839d7c3@group-A20483CAC47C: receive requestVote(PRE_VOTE, ac495114-8bb8-4dac-b10f-46951d6cb650, group-A20483CAC47C, 0, (t:0, i:0))
2024-06-12 07:36:52,485 [8c3b1af4-43ff-4c22-ad10-b37d9e41628a@group-CB34C1DA6ED0-LeaderElection37-1] INFO  server.GrpcServerProtocolClient (GrpcServerProtocolClient.java:<init>(65)) - Build channel for 893f21cf-1739-427a-a93c-5929db1902c5|127.0.0.1:15121
2024-06-12 07:36:52,485 [grpc-default-executor-0] INFO  impl.VoteContext (VoteContext.java:log(49)) - 29194895-a428-4dbc-89d8-767dd839d7c3@group-A20483CAC47C-FOLLOWER: accept PRE_VOTE from ac495114-8bb8-4dac-b10f-46951d6cb650: our priority 0 <= candidate's priority 0
2024-06-12 07:36:52,486 [grpc-default-executor-0] INFO  server.RaftServer$Division (RaftServerImpl.java:requestVote(1422)) - 29194895-a428-4dbc-89d8-767dd839d7c3@group-A20483CAC47C replies to PRE_VOTE vote request: ac495114-8bb8-4dac-b10f-46951d6cb650<-29194895-a428-4dbc-89d8-767dd839d7c3#0:OK-t0. Peer's state: 29194895-a428-4dbc-89d8-767dd839d7c3@group-A20483CAC47C:t0, leader=null, voted=, raftlog=Memoized:29194895-a428-4dbc-89d8-767dd839d7c3@group-A20483CAC47C-SegmentedRaftLog:OPENED:c-1, conf=-1: peers:[6f841693-a0f5-4238-8e94-5d49f60504b4|127.0.0.1:15139, 29194895-a428-4dbc-89d8-767dd839d7c3|127.0.0.1:15157, ac495114-8bb8-4dac-b10f-46951d6cb650|127.0.0.1:15148]|listeners:[], old=null
2024-06-12 07:36:52,488 [grpc-default-executor-0] INFO  server.RaftServer$Division (RaftServerImpl.java:requestVote(1389)) - 893f21cf-1739-427a-a93c-5929db1902c5@group-CB34C1DA6ED0: receive requestVote(PRE_VOTE, 8c3b1af4-43ff-4c22-ad10-b37d9e41628a, group-CB34C1DA6ED0, 0, (t:0, i:0))
2024-06-12 07:36:52,488 [grpc-default-executor-0] INFO  impl.VoteContext (VoteContext.java:log(49)) - 893f21cf-1739-427a-a93c-5929db1902c5@group-CB34C1DA6ED0-FOLLOWER: accept PRE_VOTE from 8c3b1af4-43ff-4c22-ad10-b37d9e41628a: our priority 0 <= candidate's priority 1
2024-06-12 07:36:52,489 [grpc-default-executor-0] INFO  server.RaftServer$Division (RaftServerImpl.java:requestVote(1422)) - 893f21cf-1739-427a-a93c-5929db1902c5@group-CB34C1DA6ED0 replies to PRE_VOTE vote request: 8c3b1af4-43ff-4c22-ad10-b37d9e41628a<-893f21cf-1739-427a-a93c-5929db1902c5#0:OK-t0. Peer's state: 893f21cf-1739-427a-a93c-5929db1902c5@group-CB34C1DA6ED0:t0, leader=null, voted=, raftlog=Memoized:893f21cf-1739-427a-a93c-5929db1902c5@group-CB34C1DA6ED0-SegmentedRaftLog:OPENED:c-1, conf=-1: peers:[893f21cf-1739-427a-a93c-5929db1902c5|127.0.0.1:15121, 86e236ad-53d7-40fc-9454-d100b30595d4|127.0.0.1:15112, 8c3b1af4-43ff-4c22-ad10-b37d9e41628a|127.0.0.1:15130]|listeners:[], old=null
2024-06-12 07:36:52,489 [6f841693-a0f5-4238-8e94-5d49f60504b4@group-886BF1B6D606-FollowerState] INFO  impl.FollowerState (FollowerState.java:run(143)) - 6f841693-a0f5-4238-8e94-5d49f60504b4@group-886BF1B6D606-FollowerState: change to CANDIDATE, lastRpcElapsedTime:1051445009ns, electionTimeout:1047ms
2024-06-12 07:36:52,489 [6f841693-a0f5-4238-8e94-5d49f60504b4@group-886BF1B6D606-FollowerState] INFO  impl.RoleInfo (RoleInfo.java:shutdownFollowerState(110)) - 6f841693-a0f5-4238-8e94-5d49f60504b4: shutdown 6f841693-a0f5-4238-8e94-5d49f60504b4@group-886BF1B6D606-FollowerState
2024-06-12 07:36:52,489 [6f841693-a0f5-4238-8e94-5d49f60504b4@group-886BF1B6D606-FollowerState] INFO  server.RaftServer$Division (RaftServerImpl.java:setRole(383)) - 6f841693-a0f5-4238-8e94-5d49f60504b4@group-886BF1B6D606: changes role from  FOLLOWER to CANDIDATE at term 0 for changeToCandidate
2024-06-12 07:36:52,489 [6f841693-a0f5-4238-8e94-5d49f60504b4@group-886BF1B6D606-FollowerState] INFO  server.RaftServerConfigKeys (ConfUtils.java:logGet(46)) - raft.server.leaderelection.pre-vote = true (default)
2024-06-12 07:36:52,490 [6f841693-a0f5-4238-8e94-5d49f60504b4@group-886BF1B6D606-FollowerState] INFO  impl.RoleInfo (RoleInfo.java:updateAndGet(139)) - 6f841693-a0f5-4238-8e94-5d49f60504b4: start 6f841693-a0f5-4238-8e94-5d49f60504b4@group-886BF1B6D606-LeaderElection38
2024-06-12 07:36:52,490 [8c3b1af4-43ff-4c22-ad10-b37d9e41628a@group-CB34C1DA6ED0-LeaderElection37-2] INFO  server.GrpcServerProtocolClient (GrpcServerProtocolClient.java:<init>(65)) - Build channel for 86e236ad-53d7-40fc-9454-d100b30595d4|127.0.0.1:15112
2024-06-12 07:36:52,489 [8c3b1af4-43ff-4c22-ad10-b37d9e41628a@group-CB34C1DA6ED0-LeaderElection37] INFO  server.RaftServerConfigKeys (ConfUtils.java:logFallback(53)) - raft.server.rpc.first-election.timeout.min = 1s (fallback to raft.server.rpc.timeout.min)
2024-06-12 07:36:52,490 [8c3b1af4-43ff-4c22-ad10-b37d9e41628a@group-CB34C1DA6ED0-LeaderElection37] INFO  server.RaftServerConfigKeys (ConfUtils.java:logFallback(53)) - raft.server.rpc.first-election.timeout.max = 1200ms (fallback to raft.server.rpc.timeout.max)
2024-06-12 07:36:52,490 [8c3b1af4-43ff-4c22-ad10-b37d9e41628a@group-CB34C1DA6ED0-LeaderElection37] INFO  impl.LeaderElection (LeaderElection.java:logAndReturn(89)) - 8c3b1af4-43ff-4c22-ad10-b37d9e41628a@group-CB34C1DA6ED0-LeaderElection37: PRE_VOTE PASSED received 1 response(s) and 0 exception(s):
2024-06-12 07:36:52,490 [8c3b1af4-43ff-4c22-ad10-b37d9e41628a@group-CB34C1DA6ED0-LeaderElection37] INFO  impl.LeaderElection (LeaderElection.java:logAndReturn(93)) -   Response 0: 8c3b1af4-43ff-4c22-ad10-b37d9e41628a<-893f21cf-1739-427a-a93c-5929db1902c5#0:OK-t0
2024-06-12 07:36:52,490 [8c3b1af4-43ff-4c22-ad10-b37d9e41628a@group-CB34C1DA6ED0-LeaderElection37] INFO  impl.LeaderElection (LeaderElection.java:askForVotes(323)) - 8c3b1af4-43ff-4c22-ad10-b37d9e41628a@group-CB34C1DA6ED0-LeaderElection37 PRE_VOTE round 0: result PASSED
2024-06-12 07:36:52,491 [8c3b1af4-43ff-4c22-ad10-b37d9e41628a@group-CB34C1DA6ED0-LeaderElection37] INFO  impl.LeaderElection (LeaderElection.java:askForVotes(321)) - 8c3b1af4-43ff-4c22-ad10-b37d9e41628a@group-CB34C1DA6ED0-LeaderElection37 ELECTION round 0: submit vote requests at term 1 for -1: peers:[893f21cf-1739-427a-a93c-5929db1902c5|127.0.0.1:15121, 86e236ad-53d7-40fc-9454-d100b30595d4|127.0.0.1:15112, 8c3b1af4-43ff-4c22-ad10-b37d9e41628a|127.0.0.1:15130]|listeners:[], old=null
2024-06-12 07:36:52,494 [grpc-default-executor-0] INFO  server.RaftServer$Division (RaftServerImpl.java:requestVote(1389)) - 86e236ad-53d7-40fc-9454-d100b30595d4@group-CB34C1DA6ED0: receive requestVote(PRE_VOTE, 8c3b1af4-43ff-4c22-ad10-b37d9e41628a, group-CB34C1DA6ED0, 0, (t:0, i:0))
2024-06-12 07:36:52,494 [grpc-default-executor-0] INFO  impl.VoteContext (VoteContext.java:log(49)) - 86e236ad-53d7-40fc-9454-d100b30595d4@group-CB34C1DA6ED0-FOLLOWER: accept PRE_VOTE from 8c3b1af4-43ff-4c22-ad10-b37d9e41628a: our priority 0 <= candidate's priority 1
2024-06-12 07:36:52,494 [grpc-default-executor-0] INFO  server.RaftServer$Division (RaftServerImpl.java:requestVote(1422)) - 86e236ad-53d7-40fc-9454-d100b30595d4@group-CB34C1DA6ED0 replies to PRE_VOTE vote request: 8c3b1af4-43ff-4c22-ad10-b37d9e41628a<-86e236ad-53d7-40fc-9454-d100b30595d4#0:OK-t0. Peer's state: 86e236ad-53d7-40fc-9454-d100b30595d4@group-CB34C1DA6ED0:t0, leader=null, voted=, raftlog=Memoized:86e236ad-53d7-40fc-9454-d100b30595d4@group-CB34C1DA6ED0-SegmentedRaftLog:OPENED:c-1, conf=-1: peers:[893f21cf-1739-427a-a93c-5929db1902c5|127.0.0.1:15121, 86e236ad-53d7-40fc-9454-d100b30595d4|127.0.0.1:15112, 8c3b1af4-43ff-4c22-ad10-b37d9e41628a|127.0.0.1:15130]|listeners:[], old=null
2024-06-12 07:36:52,495 [ac495114-8bb8-4dac-b10f-46951d6cb650@group-886BF1B6D606-FollowerState] INFO  impl.FollowerState (FollowerState.java:run(143)) - ac495114-8bb8-4dac-b10f-46951d6cb650@group-886BF1B6D606-FollowerState: change to CANDIDATE, lastRpcElapsedTime:1099875325ns, electionTimeout:1092ms
2024-06-12 07:36:52,495 [ac495114-8bb8-4dac-b10f-46951d6cb650@group-886BF1B6D606-FollowerState] INFO  impl.RoleInfo (RoleInfo.java:shutdownFollowerState(110)) - ac495114-8bb8-4dac-b10f-46951d6cb650: shutdown ac495114-8bb8-4dac-b10f-46951d6cb650@group-886BF1B6D606-FollowerState
2024-06-12 07:36:52,495 [ac495114-8bb8-4dac-b10f-46951d6cb650@group-886BF1B6D606-FollowerState] INFO  server.RaftServer$Division (RaftServerImpl.java:setRole(383)) - ac495114-8bb8-4dac-b10f-46951d6cb650@group-886BF1B6D606: changes role from  FOLLOWER to CANDIDATE at term 0 for changeToCandidate
2024-06-12 07:36:52,495 [ac495114-8bb8-4dac-b10f-46951d6cb650@group-886BF1B6D606-FollowerState] INFO  server.RaftServerConfigKeys (ConfUtils.java:logGet(46)) - raft.server.leaderelection.pre-vote = true (default)
2024-06-12 07:36:52,495 [ac495114-8bb8-4dac-b10f-46951d6cb650@group-886BF1B6D606-FollowerState] INFO  impl.RoleInfo (RoleInfo.java:updateAndGet(139)) - ac495114-8bb8-4dac-b10f-46951d6cb650: start ac495114-8bb8-4dac-b10f-46951d6cb650@group-886BF1B6D606-LeaderElection39
2024-06-12 07:36:52,504 [6f841693-a0f5-4238-8e94-5d49f60504b4@group-886BF1B6D606-LeaderElection38] INFO  impl.LeaderElection (LeaderElection.java:askForVotes(321)) - 6f841693-a0f5-4238-8e94-5d49f60504b4@group-886BF1B6D606-LeaderElection38 PRE_VOTE round 0: submit vote requests at term 0 for -1: peers:[6f841693-a0f5-4238-8e94-5d49f60504b4|127.0.0.1:15139, 29194895-a428-4dbc-89d8-767dd839d7c3|127.0.0.1:15157, ac495114-8bb8-4dac-b10f-46951d6cb650|127.0.0.1:15148]|listeners:[], old=null
2024-06-12 07:36:52,506 [grpc-default-executor-0] INFO  server.RaftServer$Division (RaftServerImpl.java:requestVote(1389)) - 893f21cf-1739-427a-a93c-5929db1902c5@group-CB34C1DA6ED0: receive requestVote(ELECTION, 8c3b1af4-43ff-4c22-ad10-b37d9e41628a, group-CB34C1DA6ED0, 1, (t:0, i:0))
2024-06-12 07:36:52,506 [grpc-default-executor-0] INFO  impl.VoteContext (VoteContext.java:log(49)) - 893f21cf-1739-427a-a93c-5929db1902c5@group-CB34C1DA6ED0-FOLLOWER: accept ELECTION from 8c3b1af4-43ff-4c22-ad10-b37d9e41628a: our priority 0 <= candidate's priority 1
2024-06-12 07:36:52,506 [grpc-default-executor-0] INFO  server.RaftServer$Division (RaftServerImpl.java:setRole(383)) - 893f21cf-1739-427a-a93c-5929db1902c5@group-CB34C1DA6ED0: changes role from  FOLLOWER to FOLLOWER at term 1 for candidate:8c3b1af4-43ff-4c22-ad10-b37d9e41628a
2024-06-12 07:36:52,506 [grpc-default-executor-0] INFO  impl.RoleInfo (RoleInfo.java:shutdownFollowerState(110)) - 893f21cf-1739-427a-a93c-5929db1902c5: shutdown 893f21cf-1739-427a-a93c-5929db1902c5@group-CB34C1DA6ED0-FollowerState
2024-06-12 07:36:52,506 [grpc-default-executor-0] INFO  impl.RoleInfo (RoleInfo.java:updateAndGet(139)) - 893f21cf-1739-427a-a93c-5929db1902c5: start 893f21cf-1739-427a-a93c-5929db1902c5@group-CB34C1DA6ED0-FollowerState
2024-06-12 07:36:52,506 [893f21cf-1739-427a-a93c-5929db1902c5@group-CB34C1DA6ED0-FollowerState] INFO  impl.FollowerState (FollowerState.java:run(152)) - 893f21cf-1739-427a-a93c-5929db1902c5@group-CB34C1DA6ED0-FollowerState was interrupted
2024-06-12 07:36:52,507 [29194895-a428-4dbc-89d8-767dd839d7c3@group-886BF1B6D606-FollowerState] INFO  impl.FollowerState (FollowerState.java:run(143)) - 29194895-a428-4dbc-89d8-767dd839d7c3@group-886BF1B6D606-FollowerState: change to CANDIDATE, lastRpcElapsedTime:1030219417ns, electionTimeout:1029ms
2024-06-12 07:36:52,507 [29194895-a428-4dbc-89d8-767dd839d7c3@group-886BF1B6D606-FollowerState] INFO  impl.RoleInfo (RoleInfo.java:shutdownFollowerState(110)) - 29194895-a428-4dbc-89d8-767dd839d7c3: shutdown 29194895-a428-4dbc-89d8-767dd839d7c3@group-886BF1B6D606-FollowerState
2024-06-12 07:36:52,507 [29194895-a428-4dbc-89d8-767dd839d7c3@group-886BF1B6D606-FollowerState] INFO  server.RaftServer$Division (RaftServerImpl.java:setRole(383)) - 29194895-a428-4dbc-89d8-767dd839d7c3@group-886BF1B6D606: changes role from  FOLLOWER to CANDIDATE at term 0 for changeToCandidate
2024-06-12 07:36:52,507 [29194895-a428-4dbc-89d8-767dd839d7c3@group-886BF1B6D606-FollowerState] INFO  server.RaftServerConfigKeys (ConfUtils.java:logGet(46)) - raft.server.leaderelection.pre-vote = true (default)
2024-06-12 07:36:52,507 [29194895-a428-4dbc-89d8-767dd839d7c3@group-886BF1B6D606-FollowerState] INFO  impl.RoleInfo (RoleInfo.java:updateAndGet(139)) - 29194895-a428-4dbc-89d8-767dd839d7c3: start 29194895-a428-4dbc-89d8-767dd839d7c3@group-886BF1B6D606-LeaderElection40
2024-06-12 07:36:52,509 [8c3b1af4-43ff-4c22-ad10-b37d9e41628a@group-CB34C1DA6ED0-LeaderElection37] INFO  server.RaftServerConfigKeys (ConfUtils.java:logFallback(53)) - raft.server.rpc.first-election.timeout.min = 1s (fallback to raft.server.rpc.timeout.min)
2024-06-12 07:36:52,509 [8c3b1af4-43ff-4c22-ad10-b37d9e41628a@group-CB34C1DA6ED0-LeaderElection37] INFO  server.RaftServerConfigKeys (ConfUtils.java:logFallback(53)) - raft.server.rpc.first-election.timeout.max = 1200ms (fallback to raft.server.rpc.timeout.max)
2024-06-12 07:36:52,511 [grpc-default-executor-3] INFO  server.RaftServer$Division (RaftServerImpl.java:requestVote(1389)) - 86e236ad-53d7-40fc-9454-d100b30595d4@group-CB34C1DA6ED0: receive requestVote(ELECTION, 8c3b1af4-43ff-4c22-ad10-b37d9e41628a, group-CB34C1DA6ED0, 1, (t:0, i:0))
2024-06-12 07:36:52,511 [grpc-default-executor-3] INFO  impl.VoteContext (VoteContext.java:log(49)) - 86e236ad-53d7-40fc-9454-d100b30595d4@group-CB34C1DA6ED0-FOLLOWER: accept ELECTION from 8c3b1af4-43ff-4c22-ad10-b37d9e41628a: our priority 0 <= candidate's priority 1
2024-06-12 07:36:52,511 [grpc-default-executor-3] INFO  server.RaftServer$Division (RaftServerImpl.java:setRole(383)) - 86e236ad-53d7-40fc-9454-d100b30595d4@group-CB34C1DA6ED0: changes role from  FOLLOWER to FOLLOWER at term 1 for candidate:8c3b1af4-43ff-4c22-ad10-b37d9e41628a
2024-06-12 07:36:52,511 [grpc-default-executor-3] INFO  impl.RoleInfo (RoleInfo.java:shutdownFollowerState(110)) - 86e236ad-53d7-40fc-9454-d100b30595d4: shutdown 86e236ad-53d7-40fc-9454-d100b30595d4@group-CB34C1DA6ED0-FollowerState
2024-06-12 07:36:52,511 [grpc-default-executor-3] INFO  impl.RoleInfo (RoleInfo.java:updateAndGet(139)) - 86e236ad-53d7-40fc-9454-d100b30595d4: start 86e236ad-53d7-40fc-9454-d100b30595d4@group-CB34C1DA6ED0-FollowerState
2024-06-12 07:36:52,511 [86e236ad-53d7-40fc-9454-d100b30595d4@group-CB34C1DA6ED0-FollowerState] INFO  impl.FollowerState (FollowerState.java:run(152)) - 86e236ad-53d7-40fc-9454-d100b30595d4@group-CB34C1DA6ED0-FollowerState was interrupted
2024-06-12 07:36:52,513 [ac495114-8bb8-4dac-b10f-46951d6cb650@group-886BF1B6D606-LeaderElection39] INFO  impl.LeaderElection (LeaderElection.java:askForVotes(321)) - ac495114-8bb8-4dac-b10f-46951d6cb650@group-886BF1B6D606-LeaderElection39 PRE_VOTE round 0: submit vote requests at term 0 for -1: peers:[6f841693-a0f5-4238-8e94-5d49f60504b4|127.0.0.1:15139, 29194895-a428-4dbc-89d8-767dd839d7c3|127.0.0.1:15157, ac495114-8bb8-4dac-b10f-46951d6cb650|127.0.0.1:15148]|listeners:[], old=null
2024-06-12 07:36:52,528 [29194895-a428-4dbc-89d8-767dd839d7c3@group-26EE86764DB4-FollowerState] INFO  impl.FollowerState (FollowerState.java:run(143)) - 29194895-a428-4dbc-89d8-767dd839d7c3@group-26EE86764DB4-FollowerState: change to CANDIDATE, lastRpcElapsedTime:1115048945ns, electionTimeout:1106ms
2024-06-12 07:36:52,529 [29194895-a428-4dbc-89d8-767dd839d7c3@group-26EE86764DB4-FollowerState] INFO  impl.RoleInfo (RoleInfo.java:shutdownFollowerState(110)) - 29194895-a428-4dbc-89d8-767dd839d7c3: shutdown 29194895-a428-4dbc-89d8-767dd839d7c3@group-26EE86764DB4-FollowerState
2024-06-12 07:36:52,529 [29194895-a428-4dbc-89d8-767dd839d7c3@group-26EE86764DB4-FollowerState] INFO  server.RaftServer$Division (RaftServerImpl.java:setRole(383)) - 29194895-a428-4dbc-89d8-767dd839d7c3@group-26EE86764DB4: changes role from  FOLLOWER to CANDIDATE at term 0 for changeToCandidate
2024-06-12 07:36:52,529 [29194895-a428-4dbc-89d8-767dd839d7c3@group-26EE86764DB4-FollowerState] INFO  server.RaftServerConfigKeys (ConfUtils.java:logGet(46)) - raft.server.leaderelection.pre-vote = true (default)
2024-06-12 07:36:52,529 [29194895-a428-4dbc-89d8-767dd839d7c3@group-26EE86764DB4-FollowerState] INFO  impl.RoleInfo (RoleInfo.java:updateAndGet(139)) - 29194895-a428-4dbc-89d8-767dd839d7c3: start 29194895-a428-4dbc-89d8-767dd839d7c3@group-26EE86764DB4-LeaderElection41
2024-06-12 07:36:52,530 [6f841693-a0f5-4238-8e94-5d49f60504b4@group-886BF1B6D606-LeaderElection38-1] INFO  server.GrpcServerProtocolClient (GrpcServerProtocolClient.java:<init>(65)) - Build channel for 29194895-a428-4dbc-89d8-767dd839d7c3|127.0.0.1:15157
2024-06-12 07:36:52,532 [6f841693-a0f5-4238-8e94-5d49f60504b4@group-A20483CAC47C-FollowerState] INFO  impl.FollowerState (FollowerState.java:run(143)) - 6f841693-a0f5-4238-8e94-5d49f60504b4@group-A20483CAC47C-FollowerState: change to CANDIDATE, lastRpcElapsedTime:1215065208ns, electionTimeout:1197ms
2024-06-12 07:36:52,532 [6f841693-a0f5-4238-8e94-5d49f60504b4@group-A20483CAC47C-FollowerState] INFO  impl.RoleInfo (RoleInfo.java:shutdownFollowerState(110)) - 6f841693-a0f5-4238-8e94-5d49f60504b4: shutdown 6f841693-a0f5-4238-8e94-5d49f60504b4@group-A20483CAC47C-FollowerState
2024-06-12 07:36:52,532 [6f841693-a0f5-4238-8e94-5d49f60504b4@group-A20483CAC47C-FollowerState] INFO  server.RaftServer$Division (RaftServerImpl.java:setRole(383)) - 6f841693-a0f5-4238-8e94-5d49f60504b4@group-A20483CAC47C: changes role from  FOLLOWER to CANDIDATE at term 0 for changeToCandidate
2024-06-12 07:36:52,532 [6f841693-a0f5-4238-8e94-5d49f60504b4@group-A20483CAC47C-FollowerState] INFO  server.RaftServerConfigKeys (ConfUtils.java:logGet(46)) - raft.server.leaderelection.pre-vote = true (default)
2024-06-12 07:36:52,532 [6f841693-a0f5-4238-8e94-5d49f60504b4@group-A20483CAC47C-FollowerState] INFO  impl.RoleInfo (RoleInfo.java:updateAndGet(139)) - 6f841693-a0f5-4238-8e94-5d49f60504b4: start 6f841693-a0f5-4238-8e94-5d49f60504b4@group-A20483CAC47C-LeaderElection42
2024-06-12 07:36:52,539 [grpc-default-executor-4] INFO  server.RaftServer$Division (RaftServerImpl.java:requestVote(1389)) - 29194895-a428-4dbc-89d8-767dd839d7c3@group-886BF1B6D606: receive requestVote(PRE_VOTE, 6f841693-a0f5-4238-8e94-5d49f60504b4, group-886BF1B6D606, 0, (t:0, i:0))
2024-06-12 07:36:52,549 [6f841693-a0f5-4238-8e94-5d49f60504b4@group-886BF1B6D606-LeaderElection38] INFO  server.RaftServerConfigKeys (ConfUtils.java:logFallback(53)) - raft.server.rpc.first-election.timeout.min = 1s (fallback to raft.server.rpc.timeout.min)
2024-06-12 07:36:52,550 [6f841693-a0f5-4238-8e94-5d49f60504b4@group-886BF1B6D606-LeaderElection38] INFO  server.RaftServerConfigKeys (ConfUtils.java:logFallback(53)) - raft.server.rpc.first-election.timeout.max = 1200ms (fallback to raft.server.rpc.timeout.max)
2024-06-12 07:36:52,550 [6f841693-a0f5-4238-8e94-5d49f60504b4@group-886BF1B6D606-LeaderElection38-2] INFO  server.GrpcServerProtocolClient (GrpcServerProtocolClient.java:<init>(65)) - Build channel for ac495114-8bb8-4dac-b10f-46951d6cb650|127.0.0.1:15148
2024-06-12 07:36:52,553 [grpc-default-executor-4] INFO  impl.VoteContext (VoteContext.java:log(49)) - 29194895-a428-4dbc-89d8-767dd839d7c3@group-886BF1B6D606-CANDIDATE: reject PRE_VOTE from 6f841693-a0f5-4238-8e94-5d49f60504b4: our priority 1 > candidate's priority 0
2024-06-12 07:36:52,553 [grpc-default-executor-4] INFO  server.RaftServer$Division (RaftServerImpl.java:requestVote(1422)) - 29194895-a428-4dbc-89d8-767dd839d7c3@group-886BF1B6D606 replies to PRE_VOTE vote request: 6f841693-a0f5-4238-8e94-5d49f60504b4<-29194895-a428-4dbc-89d8-767dd839d7c3#0:FAIL-t0. Peer's state: 29194895-a428-4dbc-89d8-767dd839d7c3@group-886BF1B6D606:t0, leader=null, voted=, raftlog=Memoized:29194895-a428-4dbc-89d8-767dd839d7c3@group-886BF1B6D606-SegmentedRaftLog:OPENED:c-1, conf=-1: peers:[6f841693-a0f5-4238-8e94-5d49f60504b4|127.0.0.1:15139, 29194895-a428-4dbc-89d8-767dd839d7c3|127.0.0.1:15157, ac495114-8bb8-4dac-b10f-46951d6cb650|127.0.0.1:15148]|listeners:[], old=null
2024-06-12 07:36:52,553 [grpc-default-executor-3] INFO  server.RaftServer$Division (RaftServerImpl.java:setFirstElection(574)) - 86e236ad-53d7-40fc-9454-d100b30595d4@group-CB34C1DA6ED0: set firstElectionSinceStartup to false for candidate:8c3b1af4-43ff-4c22-ad10-b37d9e41628a
2024-06-12 07:36:52,554 [ac495114-8bb8-4dac-b10f-46951d6cb650@group-886BF1B6D606-LeaderElection39] INFO  server.RaftServerConfigKeys (ConfUtils.java:logFallback(53)) - raft.server.rpc.first-election.timeout.min = 1s (fallback to raft.server.rpc.timeout.min)
2024-06-12 07:36:52,554 [ac495114-8bb8-4dac-b10f-46951d6cb650@group-886BF1B6D606-LeaderElection39] INFO  server.RaftServerConfigKeys (ConfUtils.java:logFallback(53)) - raft.server.rpc.first-election.timeout.max = 1200ms (fallback to raft.server.rpc.timeout.max)
2024-06-12 07:36:52,554 [6f841693-a0f5-4238-8e94-5d49f60504b4@group-886BF1B6D606-LeaderElection38] INFO  impl.LeaderElection (LeaderElection.java:logAndReturn(89)) - 6f841693-a0f5-4238-8e94-5d49f60504b4@group-886BF1B6D606-LeaderElection38: PRE_VOTE REJECTED received 1 response(s) and 0 exception(s):
2024-06-12 07:36:52,554 [6f841693-a0f5-4238-8e94-5d49f60504b4@group-886BF1B6D606-LeaderElection38] INFO  impl.LeaderElection (LeaderElection.java:logAndReturn(93)) -   Response 0: 6f841693-a0f5-4238-8e94-5d49f60504b4<-29194895-a428-4dbc-89d8-767dd839d7c3#0:FAIL-t0
2024-06-12 07:36:52,554 [6f841693-a0f5-4238-8e94-5d49f60504b4@group-886BF1B6D606-LeaderElection38] INFO  impl.LeaderElection (LeaderElection.java:askForVotes(323)) - 6f841693-a0f5-4238-8e94-5d49f60504b4@group-886BF1B6D606-LeaderElection38 PRE_VOTE round 0: result REJECTED
2024-06-12 07:36:52,554 [6f841693-a0f5-4238-8e94-5d49f60504b4@group-886BF1B6D606-LeaderElection38] INFO  server.RaftServer$Division (RaftServerImpl.java:setRole(383)) - 6f841693-a0f5-4238-8e94-5d49f60504b4@group-886BF1B6D606: changes role from CANDIDATE to FOLLOWER at term 0 for REJECTED
2024-06-12 07:36:52,554 [6f841693-a0f5-4238-8e94-5d49f60504b4@group-886BF1B6D606-LeaderElection38] INFO  impl.RoleInfo (RoleInfo.java:shutdownLeaderElection(130)) - 6f841693-a0f5-4238-8e94-5d49f60504b4: shutdown 6f841693-a0f5-4238-8e94-5d49f60504b4@group-886BF1B6D606-LeaderElection38
2024-06-12 07:36:52,554 [6f841693-a0f5-4238-8e94-5d49f60504b4@group-886BF1B6D606-LeaderElection38] INFO  impl.RoleInfo (RoleInfo.java:updateAndGet(139)) - 6f841693-a0f5-4238-8e94-5d49f60504b4: start 6f841693-a0f5-4238-8e94-5d49f60504b4@group-886BF1B6D606-FollowerState
2024-06-12 07:36:52,555 [29194895-a428-4dbc-89d8-767dd839d7c3@group-26EE86764DB4-LeaderElection41] INFO  impl.LeaderElection (LeaderElection.java:askForVotes(321)) - 29194895-a428-4dbc-89d8-767dd839d7c3@group-26EE86764DB4-LeaderElection41 PRE_VOTE round 0: submit vote requests at term 0 for -1: peers:[29194895-a428-4dbc-89d8-767dd839d7c3|127.0.0.1:15157]|listeners:[], old=null
2024-06-12 07:36:52,555 [29194895-a428-4dbc-89d8-767dd839d7c3@group-26EE86764DB4-LeaderElection41] INFO  impl.LeaderElection (LeaderElection.java:askForVotes(323)) - 29194895-a428-4dbc-89d8-767dd839d7c3@group-26EE86764DB4-LeaderElection41 PRE_VOTE round 0: result PASSED (term=0)
2024-06-12 07:36:52,555 [grpc-default-executor-4] INFO  server.RaftServer$Division (RaftServerImpl.java:requestVote(1389)) - 29194895-a428-4dbc-89d8-767dd839d7c3@group-886BF1B6D606: receive requestVote(PRE_VOTE, ac495114-8bb8-4dac-b10f-46951d6cb650, group-886BF1B6D606, 0, (t:0, i:0))
2024-06-12 07:36:52,555 [grpc-default-executor-4] INFO  impl.VoteContext (VoteContext.java:log(49)) - 29194895-a428-4dbc-89d8-767dd839d7c3@group-886BF1B6D606-CANDIDATE: reject PRE_VOTE from ac495114-8bb8-4dac-b10f-46951d6cb650: our priority 1 > candidate's priority 0
2024-06-12 07:36:52,555 [grpc-default-executor-2] INFO  server.RaftServer$Division (RaftServerImpl.java:requestVote(1389)) - ac495114-8bb8-4dac-b10f-46951d6cb650@group-886BF1B6D606: receive requestVote(PRE_VOTE, 6f841693-a0f5-4238-8e94-5d49f60504b4, group-886BF1B6D606, 0, (t:0, i:0))
2024-06-12 07:36:52,556 [grpc-default-executor-2] INFO  impl.VoteContext (VoteContext.java:log(49)) - ac495114-8bb8-4dac-b10f-46951d6cb650@group-886BF1B6D606-CANDIDATE: accept PRE_VOTE from 6f841693-a0f5-4238-8e94-5d49f60504b4: our priority 0 <= candidate's priority 0
2024-06-12 07:36:52,556 [grpc-default-executor-2] INFO  server.RaftServer$Division (RaftServerImpl.java:requestVote(1422)) - ac495114-8bb8-4dac-b10f-46951d6cb650@group-886BF1B6D606 replies to PRE_VOTE vote request: 6f841693-a0f5-4238-8e94-5d49f60504b4<-ac495114-8bb8-4dac-b10f-46951d6cb650#0:OK-t0. Peer's state: ac495114-8bb8-4dac-b10f-46951d6cb650@group-886BF1B6D606:t0, leader=null, voted=, raftlog=Memoized:ac495114-8bb8-4dac-b10f-46951d6cb650@group-886BF1B6D606-SegmentedRaftLog:OPENED:c-1, conf=-1: peers:[6f841693-a0f5-4238-8e94-5d49f60504b4|127.0.0.1:15139, 29194895-a428-4dbc-89d8-767dd839d7c3|127.0.0.1:15157, ac495114-8bb8-4dac-b10f-46951d6cb650|127.0.0.1:15148]|listeners:[], old=null
2024-06-12 07:36:52,556 [grpc-default-executor-4] INFO  server.RaftServer$Division (RaftServerImpl.java:requestVote(1422)) - 29194895-a428-4dbc-89d8-767dd839d7c3@group-886BF1B6D606 replies to PRE_VOTE vote request: ac495114-8bb8-4dac-b10f-46951d6cb650<-29194895-a428-4dbc-89d8-767dd839d7c3#0:FAIL-t0. Peer's state: 29194895-a428-4dbc-89d8-767dd839d7c3@group-886BF1B6D606:t0, leader=null, voted=, raftlog=Memoized:29194895-a428-4dbc-89d8-767dd839d7c3@group-886BF1B6D606-SegmentedRaftLog:OPENED:c-1, conf=-1: peers:[6f841693-a0f5-4238-8e94-5d49f60504b4|127.0.0.1:15139, 29194895-a428-4dbc-89d8-767dd839d7c3|127.0.0.1:15157, ac495114-8bb8-4dac-b10f-46951d6cb650|127.0.0.1:15148]|listeners:[], old=null
2024-06-12 07:36:52,556 [29194895-a428-4dbc-89d8-767dd839d7c3@group-26EE86764DB4-LeaderElection41] INFO  impl.LeaderElection (LeaderElection.java:askForVotes(321)) - 29194895-a428-4dbc-89d8-767dd839d7c3@group-26EE86764DB4-LeaderElection41 ELECTION round 0: submit vote requests at term 1 for -1: peers:[29194895-a428-4dbc-89d8-767dd839d7c3|127.0.0.1:15157]|listeners:[], old=null
2024-06-12 07:36:52,556 [29194895-a428-4dbc-89d8-767dd839d7c3@group-26EE86764DB4-LeaderElection41] INFO  impl.LeaderElection (LeaderElection.java:askForVotes(323)) - 29194895-a428-4dbc-89d8-767dd839d7c3@group-26EE86764DB4-LeaderElection41 ELECTION round 0: result PASSED (term=1)
2024-06-12 07:36:52,556 [29194895-a428-4dbc-89d8-767dd839d7c3@group-26EE86764DB4-LeaderElection41] INFO  impl.RoleInfo (RoleInfo.java:shutdownLeaderElection(130)) - 29194895-a428-4dbc-89d8-767dd839d7c3: shutdown 29194895-a428-4dbc-89d8-767dd839d7c3@group-26EE86764DB4-LeaderElection41
2024-06-12 07:36:52,557 [29194895-a428-4dbc-89d8-767dd839d7c3@group-26EE86764DB4-LeaderElection41] INFO  server.RaftServer$Division (RaftServerImpl.java:setRole(383)) - 29194895-a428-4dbc-89d8-767dd839d7c3@group-26EE86764DB4: changes role from CANDIDATE to LEADER at term 1 for changeToLeader
2024-06-12 07:36:52,557 [ac495114-8bb8-4dac-b10f-46951d6cb650@group-886BF1B6D606-LeaderElection39] INFO  impl.LeaderElection (LeaderElection.java:logAndReturn(89)) - ac495114-8bb8-4dac-b10f-46951d6cb650@group-886BF1B6D606-LeaderElection39: PRE_VOTE REJECTED received 1 response(s) and 0 exception(s):
2024-06-12 07:36:52,557 [ac495114-8bb8-4dac-b10f-46951d6cb650@group-886BF1B6D606-LeaderElection39] INFO  impl.LeaderElection (LeaderElection.java:logAndReturn(93)) -   Response 0: ac495114-8bb8-4dac-b10f-46951d6cb650<-29194895-a428-4dbc-89d8-767dd839d7c3#0:FAIL-t0
2024-06-12 07:36:52,557 [ac495114-8bb8-4dac-b10f-46951d6cb650@group-886BF1B6D606-LeaderElection39] INFO  impl.LeaderElection (LeaderElection.java:askForVotes(323)) - ac495114-8bb8-4dac-b10f-46951d6cb650@group-886BF1B6D606-LeaderElection39 PRE_VOTE round 0: result REJECTED
2024-06-12 07:36:52,557 [ac495114-8bb8-4dac-b10f-46951d6cb650@group-886BF1B6D606-LeaderElection39] INFO  server.RaftServer$Division (RaftServerImpl.java:setRole(383)) - ac495114-8bb8-4dac-b10f-46951d6cb650@group-886BF1B6D606: changes role from CANDIDATE to FOLLOWER at term 0 for REJECTED
2024-06-12 07:36:52,557 [ac495114-8bb8-4dac-b10f-46951d6cb650@group-886BF1B6D606-LeaderElection39] INFO  impl.RoleInfo (RoleInfo.java:shutdownLeaderElection(130)) - ac495114-8bb8-4dac-b10f-46951d6cb650: shutdown ac495114-8bb8-4dac-b10f-46951d6cb650@group-886BF1B6D606-LeaderElection39
2024-06-12 07:36:52,557 [ac495114-8bb8-4dac-b10f-46951d6cb650@group-886BF1B6D606-LeaderElection39] INFO  impl.RoleInfo (RoleInfo.java:updateAndGet(139)) - ac495114-8bb8-4dac-b10f-46951d6cb650: start ac495114-8bb8-4dac-b10f-46951d6cb650@group-886BF1B6D606-FollowerState
2024-06-12 07:36:52,555 [29194895-a428-4dbc-89d8-767dd839d7c3@group-886BF1B6D606-LeaderElection40] INFO  impl.LeaderElection (LeaderElection.java:askForVotes(321)) - 29194895-a428-4dbc-89d8-767dd839d7c3@group-886BF1B6D606-LeaderElection40 PRE_VOTE round 0: submit vote requests at term 0 for -1: peers:[6f841693-a0f5-4238-8e94-5d49f60504b4|127.0.0.1:15139, 29194895-a428-4dbc-89d8-767dd839d7c3|127.0.0.1:15157, ac495114-8bb8-4dac-b10f-46951d6cb650|127.0.0.1:15148]|listeners:[], old=null
2024-06-12 07:36:52,557 [29194895-a428-4dbc-89d8-767dd839d7c3@group-26EE86764DB4-LeaderElection41] INFO  server.RaftServerConfigKeys (ConfUtils.java:logGet(46)) - raft.server.staging.catchup.gap = 1000 (default)
2024-06-12 07:36:52,555 [6f841693-a0f5-4238-8e94-5d49f60504b4@group-A20483CAC47C-LeaderElection42] INFO  impl.LeaderElection (LeaderElection.java:askForVotes(321)) - 6f841693-a0f5-4238-8e94-5d49f60504b4@group-A20483CAC47C-LeaderElection42 PRE_VOTE round 0: submit vote requests at term 0 for -1: peers:[6f841693-a0f5-4238-8e94-5d49f60504b4|127.0.0.1:15139, 29194895-a428-4dbc-89d8-767dd839d7c3|127.0.0.1:15157, ac495114-8bb8-4dac-b10f-46951d6cb650|127.0.0.1:15148]|listeners:[], old=null
2024-06-12 07:36:52,555 [grpc-default-executor-3] INFO  server.RaftServer$Division (RaftServerImpl.java:requestVote(1422)) - 86e236ad-53d7-40fc-9454-d100b30595d4@group-CB34C1DA6ED0 replies to ELECTION vote request: 8c3b1af4-43ff-4c22-ad10-b37d9e41628a<-86e236ad-53d7-40fc-9454-d100b30595d4#0:OK-t1. Peer's state: 86e236ad-53d7-40fc-9454-d100b30595d4@group-CB34C1DA6ED0:t1, leader=null, voted=8c3b1af4-43ff-4c22-ad10-b37d9e41628a, raftlog=Memoized:86e236ad-53d7-40fc-9454-d100b30595d4@group-CB34C1DA6ED0-SegmentedRaftLog:OPENED:c-1, conf=-1: peers:[893f21cf-1739-427a-a93c-5929db1902c5|127.0.0.1:15121, 86e236ad-53d7-40fc-9454-d100b30595d4|127.0.0.1:15112, 8c3b1af4-43ff-4c22-ad10-b37d9e41628a|127.0.0.1:15130]|listeners:[], old=null
2024-06-12 07:36:52,557 [29194895-a428-4dbc-89d8-767dd839d7c3@group-26EE86764DB4-LeaderElection41] INFO  server.RaftServerConfigKeys (ConfUtils.java:logGet(46)) - raft.server.write.element-limit = 1024 (custom)
2024-06-12 07:36:52,558 [29194895-a428-4dbc-89d8-767dd839d7c3@group-26EE86764DB4-LeaderElection41] INFO  server.RaftServerConfigKeys (ConfUtils.java:logGet(46)) - raft.server.write.byte-limit = 1024 M (=1073741824) (custom)
2024-06-12 07:36:52,558 [29194895-a428-4dbc-89d8-767dd839d7c3@group-26EE86764DB4-LeaderElection41] INFO  server.RaftServerConfigKeys (ConfUtils.java:logGet(46)) - raft.server.watch.timeout = 3000ms (custom)
2024-06-12 07:36:52,558 [29194895-a428-4dbc-89d8-767dd839d7c3@group-26EE86764DB4-LeaderElection41] INFO  server.RaftServerConfigKeys (ConfUtils.java:logGet(46)) - raft.server.watch.timeout.denomination = 1s (default)
2024-06-12 07:36:52,558 [29194895-a428-4dbc-89d8-767dd839d7c3@group-26EE86764DB4-LeaderElection41] INFO  server.RaftServerConfigKeys (ConfUtils.java:logGet(46)) - raft.server.watch.element-limit = 65536 (default)
2024-06-12 07:36:52,558 [29194895-a428-4dbc-89d8-767dd839d7c3@group-26EE86764DB4-LeaderElection41] INFO  server.RaftServerConfigKeys (ConfUtils.java:logGet(46)) - raft.server.read.leader.lease.enabled = false (default)
2024-06-12 07:36:52,558 [29194895-a428-4dbc-89d8-767dd839d7c3@group-26EE86764DB4-LeaderElection41] INFO  server.RaftServerConfigKeys (ConfUtils.java:logGet(46)) - raft.server.read.leader.lease.timeout.ratio = 0.9 (default)
2024-06-12 07:36:52,558 [29194895-a428-4dbc-89d8-767dd839d7c3@group-26EE86764DB4-LeaderElection41] INFO  server.RaftServerConfigKeys (ConfUtils.java:logGet(46)) - raft.server.rpc.timeout.min = 1s (custom)
2024-06-12 07:36:52,558 [29194895-a428-4dbc-89d8-767dd839d7c3@group-26EE86764DB4-LeaderElection41] INFO  server.RaftServerConfigKeys (ConfUtils.java:logGet(46)) - raft.server.write.element-limit = 1024 (custom)
2024-06-12 07:36:52,558 [29194895-a428-4dbc-89d8-767dd839d7c3@group-26EE86764DB4-LeaderElection41] INFO  server.RaftServerConfigKeys (ConfUtils.java:logGet(46)) - raft.server.write.follower.gap.ratio.max = -1.0 (default)
2024-06-12 07:36:52,558 [29194895-a428-4dbc-89d8-767dd839d7c3@group-26EE86764DB4-LeaderElection41] INFO  impl.RoleInfo (RoleInfo.java:updateAndGet(139)) - 29194895-a428-4dbc-89d8-767dd839d7c3: start 29194895-a428-4dbc-89d8-767dd839d7c3@group-26EE86764DB4-LeaderStateImpl
2024-06-12 07:36:52,559 [29194895-a428-4dbc-89d8-767dd839d7c3@group-26EE86764DB4-LeaderElection41] INFO  server.RaftServer$Division (RaftServerImpl.java:setFirstElection(574)) - 29194895-a428-4dbc-89d8-767dd839d7c3@group-26EE86764DB4: set firstElectionSinceStartup to false for becomeLeader
2024-06-12 07:36:52,559 [29194895-a428-4dbc-89d8-767dd839d7c3@group-26EE86764DB4-LeaderElection41] INFO  ratis.XceiverServerRatis (XceiverServerRatis.java:handleLeaderChangedNotification(966)) - Leader change notification received for group: group-26EE86764DB4 with new leaderId: 29194895-a428-4dbc-89d8-767dd839d7c3
2024-06-12 07:36:52,559 [29194895-a428-4dbc-89d8-767dd839d7c3@group-26EE86764DB4-LeaderElection41] INFO  server.RaftServer$Division (ServerState.java:setLeader(269)) - 29194895-a428-4dbc-89d8-767dd839d7c3@group-26EE86764DB4: change Leader from null to 29194895-a428-4dbc-89d8-767dd839d7c3 at term 1 for becomeLeader, leader elected after 1181ms
2024-06-12 07:36:52,559 [29194895-a428-4dbc-89d8-767dd839d7c3@group-26EE86764DB4-LeaderElection41] INFO  segmented.SegmentedRaftLogWorker (SegmentedRaftLogWorker.java:startLogSegment(430)) - 29194895-a428-4dbc-89d8-767dd839d7c3@group-26EE86764DB4-SegmentedRaftLogWorker: Starting segment from index:0
2024-06-12 07:36:52,559 [29194895-a428-4dbc-89d8-767dd839d7c3@group-26EE86764DB4-LeaderElection41] INFO  server.RaftServer$Division (ServerState.java:setRaftConf(386)) - 29194895-a428-4dbc-89d8-767dd839d7c3@group-26EE86764DB4: set configuration 0: peers:[29194895-a428-4dbc-89d8-767dd839d7c3|127.0.0.1:15157]|listeners:[], old=null
2024-06-12 07:36:52,560 [29194895-a428-4dbc-89d8-767dd839d7c3@group-26EE86764DB4-SegmentedRaftLogWorker] INFO  segmented.BufferedWriteChannel (BufferedWriteChannel.java:open(62)) - open log_inprogress_0 at position 0
2024-06-12 07:36:52,561 [6f841693-a0f5-4238-8e94-5d49f60504b4@group-886BF1B6D606-LeaderElection38] INFO  server.RaftServer$Division (RaftServerImpl.java:setFirstElection(574)) - 6f841693-a0f5-4238-8e94-5d49f60504b4@group-886BF1B6D606: set firstElectionSinceStartup to false for REJECTED
2024-06-12 07:36:52,566 [grpc-default-executor-0] INFO  server.RaftServer$Division (RaftServerImpl.java:requestVote(1422)) - 893f21cf-1739-427a-a93c-5929db1902c5@group-CB34C1DA6ED0 replies to ELECTION vote request: 8c3b1af4-43ff-4c22-ad10-b37d9e41628a<-893f21cf-1739-427a-a93c-5929db1902c5#0:OK-t1. Peer's state: 893f21cf-1739-427a-a93c-5929db1902c5@group-CB34C1DA6ED0:t1, leader=null, voted=8c3b1af4-43ff-4c22-ad10-b37d9e41628a, raftlog=Memoized:893f21cf-1739-427a-a93c-5929db1902c5@group-CB34C1DA6ED0-SegmentedRaftLog:OPENED:c-1, conf=-1: peers:[893f21cf-1739-427a-a93c-5929db1902c5|127.0.0.1:15121, 86e236ad-53d7-40fc-9454-d100b30595d4|127.0.0.1:15112, 8c3b1af4-43ff-4c22-ad10-b37d9e41628a|127.0.0.1:15130]|listeners:[], old=null
2024-06-12 07:36:52,566 [8c3b1af4-43ff-4c22-ad10-b37d9e41628a@group-CB34C1DA6ED0-LeaderElection37] INFO  impl.LeaderElection (LeaderElection.java:logAndReturn(89)) - 8c3b1af4-43ff-4c22-ad10-b37d9e41628a@group-CB34C1DA6ED0-LeaderElection37: ELECTION PASSED received 1 response(s) and 0 exception(s):
2024-06-12 07:36:52,566 [8c3b1af4-43ff-4c22-ad10-b37d9e41628a@group-CB34C1DA6ED0-LeaderElection37] INFO  impl.LeaderElection (LeaderElection.java:logAndReturn(93)) -   Response 0: 8c3b1af4-43ff-4c22-ad10-b37d9e41628a<-893f21cf-1739-427a-a93c-5929db1902c5#0:OK-t1
2024-06-12 07:36:52,566 [8c3b1af4-43ff-4c22-ad10-b37d9e41628a@group-CB34C1DA6ED0-LeaderElection37] INFO  impl.LeaderElection (LeaderElection.java:askForVotes(323)) - 8c3b1af4-43ff-4c22-ad10-b37d9e41628a@group-CB34C1DA6ED0-LeaderElection37 ELECTION round 0: result PASSED
2024-06-12 07:36:52,566 [8c3b1af4-43ff-4c22-ad10-b37d9e41628a@group-CB34C1DA6ED0-LeaderElection37] INFO  impl.RoleInfo (RoleInfo.java:shutdownLeaderElection(130)) - 8c3b1af4-43ff-4c22-ad10-b37d9e41628a: shutdown 8c3b1af4-43ff-4c22-ad10-b37d9e41628a@group-CB34C1DA6ED0-LeaderElection37
2024-06-12 07:36:52,566 [8c3b1af4-43ff-4c22-ad10-b37d9e41628a@group-CB34C1DA6ED0-LeaderElection37] INFO  server.RaftServer$Division (RaftServerImpl.java:setRole(383)) - 8c3b1af4-43ff-4c22-ad10-b37d9e41628a@group-CB34C1DA6ED0: changes role from CANDIDATE to LEADER at term 1 for changeToLeader
2024-06-12 07:36:52,567 [8c3b1af4-43ff-4c22-ad10-b37d9e41628a@group-CB34C1DA6ED0-LeaderElection37] INFO  server.RaftServerConfigKeys (ConfUtils.java:logGet(46)) - raft.server.staging.catchup.gap = 1000 (default)
2024-06-12 07:36:52,567 [8c3b1af4-43ff-4c22-ad10-b37d9e41628a@group-CB34C1DA6ED0-LeaderElection37] INFO  server.RaftServerConfigKeys (ConfUtils.java:logGet(46)) - raft.server.write.element-limit = 1024 (custom)
2024-06-12 07:36:52,567 [8c3b1af4-43ff-4c22-ad10-b37d9e41628a@group-CB34C1DA6ED0-LeaderElection37] INFO  server.RaftServerConfigKeys (ConfUtils.java:logGet(46)) - raft.server.write.byte-limit = 1024 M (=1073741824) (custom)
2024-06-12 07:36:52,567 [8c3b1af4-43ff-4c22-ad10-b37d9e41628a@group-CB34C1DA6ED0-LeaderElection37] INFO  server.RaftServerConfigKeys (ConfUtils.java:logGet(46)) - raft.server.watch.timeout = 3000ms (custom)
2024-06-12 07:36:52,567 [8c3b1af4-43ff-4c22-ad10-b37d9e41628a@group-CB34C1DA6ED0-LeaderElection37] INFO  server.RaftServerConfigKeys (ConfUtils.java:logGet(46)) - raft.server.watch.timeout.denomination = 1s (default)
2024-06-12 07:36:52,567 [8c3b1af4-43ff-4c22-ad10-b37d9e41628a@group-CB34C1DA6ED0-LeaderElection37] INFO  server.RaftServerConfigKeys (ConfUtils.java:logGet(46)) - raft.server.watch.element-limit = 65536 (default)
2024-06-12 07:36:52,567 [8c3b1af4-43ff-4c22-ad10-b37d9e41628a@group-CB34C1DA6ED0-LeaderElection37] INFO  server.RaftServerConfigKeys (ConfUtils.java:logGet(46)) - raft.server.read.leader.lease.enabled = false (default)
2024-06-12 07:36:52,567 [8c3b1af4-43ff-4c22-ad10-b37d9e41628a@group-CB34C1DA6ED0-LeaderElection37] INFO  server.RaftServerConfigKeys (ConfUtils.java:logGet(46)) - raft.server.read.leader.lease.timeout.ratio = 0.9 (default)
2024-06-12 07:36:52,567 [8c3b1af4-43ff-4c22-ad10-b37d9e41628a@group-CB34C1DA6ED0-LeaderElection37] INFO  server.RaftServerConfigKeys (ConfUtils.java:logGet(46)) - raft.server.rpc.timeout.min = 1s (custom)
2024-06-12 07:36:52,567 [8c3b1af4-43ff-4c22-ad10-b37d9e41628a@group-CB34C1DA6ED0-LeaderElection37] INFO  server.RaftServerConfigKeys (ConfUtils.java:logGet(46)) - raft.server.write.element-limit = 1024 (custom)
2024-06-12 07:36:52,567 [8c3b1af4-43ff-4c22-ad10-b37d9e41628a@group-CB34C1DA6ED0-LeaderElection37] INFO  server.RaftServerConfigKeys (ConfUtils.java:logGet(46)) - raft.server.write.follower.gap.ratio.max = -1.0 (default)
2024-06-12 07:36:52,568 [8c3b1af4-43ff-4c22-ad10-b37d9e41628a@group-CB34C1DA6ED0-LeaderElection37] INFO  server.RaftServerConfigKeys (ConfUtils.java:logGet(46)) - raft.server.log.appender.snapshot.chunk.size.max = 16MB (=16777216) (default)
2024-06-12 07:36:52,568 [8c3b1af4-43ff-4c22-ad10-b37d9e41628a@group-CB34C1DA6ED0-LeaderElection37] INFO  server.RaftServerConfigKeys (ConfUtils.java:logGet(46)) - raft.server.log.appender.buffer.byte-limit = 8388608 (custom)
2024-06-12 07:36:52,568 [8c3b1af4-43ff-4c22-ad10-b37d9e41628a@group-CB34C1DA6ED0-LeaderElection37] INFO  server.RaftServerConfigKeys (ConfUtils.java:logGet(46)) - raft.server.log.appender.buffer.element-limit = 1024 (custom)
2024-06-12 07:36:52,568 [8c3b1af4-43ff-4c22-ad10-b37d9e41628a@group-CB34C1DA6ED0-LeaderElection37] INFO  server.RaftServerConfigKeys (ConfUtils.java:logGet(46)) - raft.server.log.appender.wait-time.min = 0ms (custom)
2024-06-12 07:36:52,568 [8c3b1af4-43ff-4c22-ad10-b37d9e41628a@group-CB34C1DA6ED0-LeaderElection37] INFO  grpc.GrpcConfigKeys (ConfUtils.java:logGet(46)) - raft.grpc.server.leader.outstanding.appends.max = 8 (default)
2024-06-12 07:36:52,568 [8c3b1af4-43ff-4c22-ad10-b37d9e41628a@group-CB34C1DA6ED0-LeaderElection37] INFO  server.RaftServerConfigKeys (ConfUtils.java:logGet(46)) - raft.server.rpc.request.timeout = 3000ms (default)
2024-06-12 07:36:52,568 [8c3b1af4-43ff-4c22-ad10-b37d9e41628a@group-CB34C1DA6ED0-LeaderElection37] INFO  grpc.GrpcConfigKeys (ConfUtils.java:logGet(46)) - raft.grpc.server.install_snapshot.request.element-limit = 8 (default)
2024-06-12 07:36:52,568 [8c3b1af4-43ff-4c22-ad10-b37d9e41628a@group-CB34C1DA6ED0-LeaderElection37] INFO  grpc.GrpcConfigKeys (ConfUtils.java:logGet(46)) - raft.grpc.server.install_snapshot.request.timeout = 3000ms (default)
2024-06-12 07:36:52,568 [8c3b1af4-43ff-4c22-ad10-b37d9e41628a@group-CB34C1DA6ED0-LeaderElection37] INFO  grpc.GrpcConfigKeys (ConfUtils.java:logGet(46)) - raft.grpc.server.log-message.batch.duration = 5s (default)
2024-06-12 07:36:52,568 [8c3b1af4-43ff-4c22-ad10-b37d9e41628a@group-CB34C1DA6ED0-LeaderElection37] INFO  server.RaftServerConfigKeys (ConfUtils.java:logGet(46)) - raft.server.log.appender.install.snapshot.enabled = false (custom)
2024-06-12 07:36:52,568 [8c3b1af4-43ff-4c22-ad10-b37d9e41628a@group-CB34C1DA6ED0-LeaderElection37] INFO  grpc.GrpcConfigKeys (ConfUtils.java:logGet(46)) - raft.grpc.server.heartbeat.channel = true (default)
2024-06-12 07:36:52,569 [grpc-default-executor-0] INFO  server.RaftServer$Division (RaftServerImpl.java:requestVote(1389)) - 6f841693-a0f5-4238-8e94-5d49f60504b4@group-886BF1B6D606: receive requestVote(PRE_VOTE, ac495114-8bb8-4dac-b10f-46951d6cb650, group-886BF1B6D606, 0, (t:0, i:0))
2024-06-12 07:36:52,569 [grpc-default-executor-0] INFO  impl.VoteContext (VoteContext.java:log(49)) - 6f841693-a0f5-4238-8e94-5d49f60504b4@group-886BF1B6D606-FOLLOWER: accept PRE_VOTE from ac495114-8bb8-4dac-b10f-46951d6cb650: our priority 0 <= candidate's priority 0
2024-06-12 07:36:52,569 [grpc-default-executor-0] INFO  server.RaftServer$Division (RaftServerImpl.java:requestVote(1422)) - 6f841693-a0f5-4238-8e94-5d49f60504b4@group-886BF1B6D606 replies to PRE_VOTE vote request: ac495114-8bb8-4dac-b10f-46951d6cb650<-6f841693-a0f5-4238-8e94-5d49f60504b4#0:OK-t0. Peer's state: 6f841693-a0f5-4238-8e94-5d49f60504b4@group-886BF1B6D606:t0, leader=null, voted=, raftlog=Memoized:6f841693-a0f5-4238-8e94-5d49f60504b4@group-886BF1B6D606-SegmentedRaftLog:OPENED:c-1, conf=-1: peers:[6f841693-a0f5-4238-8e94-5d49f60504b4|127.0.0.1:15139, 29194895-a428-4dbc-89d8-767dd839d7c3|127.0.0.1:15157, ac495114-8bb8-4dac-b10f-46951d6cb650|127.0.0.1:15148]|listeners:[], old=null
2024-06-12 07:36:52,569 [8c3b1af4-43ff-4c22-ad10-b37d9e41628a@group-CB34C1DA6ED0-LeaderElection37] INFO  server.RaftServerConfigKeys (ConfUtils.java:logGet(46)) - raft.server.log.appender.snapshot.chunk.size.max = 16MB (=16777216) (default)
2024-06-12 07:36:52,569 [8c3b1af4-43ff-4c22-ad10-b37d9e41628a@group-CB34C1DA6ED0-LeaderElection37] INFO  server.RaftServerConfigKeys (ConfUtils.java:logGet(46)) - raft.server.log.appender.buffer.byte-limit = 8388608 (custom)
2024-06-12 07:36:52,570 [8c3b1af4-43ff-4c22-ad10-b37d9e41628a@group-CB34C1DA6ED0-LeaderElection37] INFO  server.RaftServerConfigKeys (ConfUtils.java:logGet(46)) - raft.server.log.appender.buffer.element-limit = 1024 (custom)
2024-06-12 07:36:52,570 [8c3b1af4-43ff-4c22-ad10-b37d9e41628a@group-CB34C1DA6ED0-LeaderElection37] INFO  server.RaftServerConfigKeys (ConfUtils.java:logGet(46)) - raft.server.log.appender.wait-time.min = 0ms (custom)
2024-06-12 07:36:52,570 [8c3b1af4-43ff-4c22-ad10-b37d9e41628a@group-CB34C1DA6ED0-LeaderElection37] INFO  grpc.GrpcConfigKeys (ConfUtils.java:logGet(46)) - raft.grpc.server.leader.outstanding.appends.max = 8 (default)
2024-06-12 07:36:52,570 [8c3b1af4-43ff-4c22-ad10-b37d9e41628a@group-CB34C1DA6ED0-LeaderElection37] INFO  server.RaftServerConfigKeys (ConfUtils.java:logGet(46)) - raft.server.rpc.request.timeout = 3000ms (default)
2024-06-12 07:36:52,570 [8c3b1af4-43ff-4c22-ad10-b37d9e41628a@group-CB34C1DA6ED0-LeaderElection37] INFO  grpc.GrpcConfigKeys (ConfUtils.java:logGet(46)) - raft.grpc.server.install_snapshot.request.element-limit = 8 (default)
2024-06-12 07:36:52,570 [8c3b1af4-43ff-4c22-ad10-b37d9e41628a@group-CB34C1DA6ED0-LeaderElection37] INFO  grpc.GrpcConfigKeys (ConfUtils.java:logGet(46)) - raft.grpc.server.install_snapshot.request.timeout = 3000ms (default)
2024-06-12 07:36:52,570 [8c3b1af4-43ff-4c22-ad10-b37d9e41628a@group-CB34C1DA6ED0-LeaderElection37] INFO  grpc.GrpcConfigKeys (ConfUtils.java:logGet(46)) - raft.grpc.server.log-message.batch.duration = 5s (default)
2024-06-12 07:36:52,570 [8c3b1af4-43ff-4c22-ad10-b37d9e41628a@group-CB34C1DA6ED0-LeaderElection37] INFO  server.RaftServerConfigKeys (ConfUtils.java:logGet(46)) - raft.server.log.appender.install.snapshot.enabled = false (custom)
2024-06-12 07:36:52,570 [8c3b1af4-43ff-4c22-ad10-b37d9e41628a@group-CB34C1DA6ED0-LeaderElection37] INFO  grpc.GrpcConfigKeys (ConfUtils.java:logGet(46)) - raft.grpc.server.heartbeat.channel = true (default)
2024-06-12 07:36:52,571 [8c3b1af4-43ff-4c22-ad10-b37d9e41628a@group-CB34C1DA6ED0-LeaderElection37] INFO  impl.RoleInfo (RoleInfo.java:updateAndGet(139)) - 8c3b1af4-43ff-4c22-ad10-b37d9e41628a: start 8c3b1af4-43ff-4c22-ad10-b37d9e41628a@group-CB34C1DA6ED0-LeaderStateImpl
2024-06-12 07:36:52,571 [8c3b1af4-43ff-4c22-ad10-b37d9e41628a@group-CB34C1DA6ED0-LeaderElection37] INFO  server.RaftServer$Division (RaftServerImpl.java:setFirstElection(574)) - 8c3b1af4-43ff-4c22-ad10-b37d9e41628a@group-CB34C1DA6ED0: set firstElectionSinceStartup to false for becomeLeader
2024-06-12 07:36:52,571 [8c3b1af4-43ff-4c22-ad10-b37d9e41628a@group-CB34C1DA6ED0-LeaderElection37] INFO  ratis.XceiverServerRatis (XceiverServerRatis.java:handleLeaderChangedNotification(966)) - Leader change notification received for group: group-CB34C1DA6ED0 with new leaderId: 8c3b1af4-43ff-4c22-ad10-b37d9e41628a
2024-06-12 07:36:52,571 [8c3b1af4-43ff-4c22-ad10-b37d9e41628a@group-CB34C1DA6ED0-LeaderElection37] INFO  server.RaftServer$Division (ServerState.java:setLeader(269)) - 8c3b1af4-43ff-4c22-ad10-b37d9e41628a@group-CB34C1DA6ED0: change Leader from null to 8c3b1af4-43ff-4c22-ad10-b37d9e41628a at term 1 for becomeLeader, leader elected after 1348ms
2024-06-12 07:36:52,571 [8c3b1af4-43ff-4c22-ad10-b37d9e41628a@group-CB34C1DA6ED0-LeaderElection37] INFO  segmented.SegmentedRaftLogWorker (SegmentedRaftLogWorker.java:startLogSegment(430)) - 8c3b1af4-43ff-4c22-ad10-b37d9e41628a@group-CB34C1DA6ED0-SegmentedRaftLogWorker: Starting segment from index:0
2024-06-12 07:36:52,571 [8c3b1af4-43ff-4c22-ad10-b37d9e41628a@group-CB34C1DA6ED0-SegmentedRaftLogWorker] INFO  segmented.BufferedWriteChannel (BufferedWriteChannel.java:open(62)) - open log_inprogress_0 at position 0
2024-06-12 07:36:52,572 [29194895-a428-4dbc-89d8-767dd839d7c3@group-26EE86764DB4-SegmentedRaftLogWorker] INFO  segmented.SegmentedRaftLogWorker (SegmentedRaftLogWorker.java:execute(634)) - 29194895-a428-4dbc-89d8-767dd839d7c3@group-26EE86764DB4-SegmentedRaftLogWorker: created new log segment /home/runner/work/ozone/ozone/hadoop-ozone/integration-test/target/test-dir/MiniOzoneClusterImpl-63f03bc8-0399-4ce2-9c43-ca6ad8c463d8/ozone-meta/datanode-6/ratis/2bbdbdde-9b6a-4dd9-ac95-26ee86764db4/current/log_inprogress_0
2024-06-12 07:36:52,573 [EventQueue-PipelineReportForPipelineReportHandler] INFO  pipeline.PipelineReportHandler (PipelineReportHandler.java:processPipelineReport(136)) - Opened pipeline PipelineID=6eb71243-7091-4c40-8083-cb34c1da6ed0
2024-06-12 07:36:52,575 [8c3b1af4-43ff-4c22-ad10-b37d9e41628a@group-CB34C1DA6ED0-LeaderElection37] INFO  server.RaftServer$Division (ServerState.java:setRaftConf(386)) - 8c3b1af4-43ff-4c22-ad10-b37d9e41628a@group-CB34C1DA6ED0: set configuration 0: peers:[893f21cf-1739-427a-a93c-5929db1902c5|127.0.0.1:15121, 86e236ad-53d7-40fc-9454-d100b30595d4|127.0.0.1:15112, 8c3b1af4-43ff-4c22-ad10-b37d9e41628a|127.0.0.1:15130]|listeners:[], old=null
2024-06-12 07:36:52,575 [ac495114-8bb8-4dac-b10f-46951d6cb650@group-886BF1B6D606-LeaderElection39] INFO  server.RaftServer$Division (RaftServerImpl.java:setFirstElection(574)) - ac495114-8bb8-4dac-b10f-46951d6cb650@group-886BF1B6D606: set firstElectionSinceStartup to false for REJECTED
2024-06-12 07:36:52,576 [29194895-a428-4dbc-89d8-767dd839d7c3@group-886BF1B6D606-LeaderElection40-1] INFO  server.GrpcServerProtocolClient (GrpcServerProtocolClient.java:<init>(65)) - Build channel for 6f841693-a0f5-4238-8e94-5d49f60504b4|127.0.0.1:15139
2024-06-12 07:36:52,577 [grpc-default-executor-2] INFO  server.RaftServer$Division (RaftServerImpl.java:requestVote(1389)) - 29194895-a428-4dbc-89d8-767dd839d7c3@group-A20483CAC47C: receive requestVote(PRE_VOTE, 6f841693-a0f5-4238-8e94-5d49f60504b4, group-A20483CAC47C, 0, (t:0, i:0))
2024-06-12 07:36:52,577 [grpc-default-executor-2] INFO  impl.VoteContext (VoteContext.java:log(49)) - 29194895-a428-4dbc-89d8-767dd839d7c3@group-A20483CAC47C-FOLLOWER: accept PRE_VOTE from 6f841693-a0f5-4238-8e94-5d49f60504b4: our priority 0 <= candidate's priority 1
2024-06-12 07:36:52,578 [grpc-default-executor-2] INFO  server.RaftServer$Division (RaftServerImpl.java:requestVote(1422)) - 29194895-a428-4dbc-89d8-767dd839d7c3@group-A20483CAC47C replies to PRE_VOTE vote request: 6f841693-a0f5-4238-8e94-5d49f60504b4<-29194895-a428-4dbc-89d8-767dd839d7c3#0:OK-t0. Peer's state: 29194895-a428-4dbc-89d8-767dd839d7c3@group-A20483CAC47C:t0, leader=null, voted=, raftlog=Memoized:29194895-a428-4dbc-89d8-767dd839d7c3@group-A20483CAC47C-SegmentedRaftLog:OPENED:c-1, conf=-1: peers:[6f841693-a0f5-4238-8e94-5d49f60504b4|127.0.0.1:15139, 29194895-a428-4dbc-89d8-767dd839d7c3|127.0.0.1:15157, ac495114-8bb8-4dac-b10f-46951d6cb650|127.0.0.1:15148]|listeners:[], old=null
2024-06-12 07:36:52,578 [6f841693-a0f5-4238-8e94-5d49f60504b4@group-A20483CAC47C-LeaderElection42] INFO  server.RaftServerConfigKeys (ConfUtils.java:logFallback(53)) - raft.server.rpc.first-election.timeout.min = 1s (fallback to raft.server.rpc.timeout.min)
2024-06-12 07:36:52,578 [6f841693-a0f5-4238-8e94-5d49f60504b4@group-A20483CAC47C-LeaderElection42] INFO  server.RaftServerConfigKeys (ConfUtils.java:logFallback(53)) - raft.server.rpc.first-election.timeout.max = 1200ms (fallback to raft.server.rpc.timeout.max)
2024-06-12 07:36:52,579 [grpc-default-executor-0] INFO  server.RaftServer$Division (RaftServerImpl.java:requestVote(1389)) - ac495114-8bb8-4dac-b10f-46951d6cb650@group-A20483CAC47C: receive requestVote(PRE_VOTE, 6f841693-a0f5-4238-8e94-5d49f60504b4, group-A20483CAC47C, 0, (t:0, i:0))
2024-06-12 07:36:52,579 [grpc-default-executor-0] INFO  impl.VoteContext (VoteContext.java:log(49)) - ac495114-8bb8-4dac-b10f-46951d6cb650@group-A20483CAC47C-FOLLOWER: accept PRE_VOTE from 6f841693-a0f5-4238-8e94-5d49f60504b4: our priority 0 <= candidate's priority 1
2024-06-12 07:36:52,580 [grpc-default-executor-0] INFO  server.RaftServer$Division (RaftServerImpl.java:requestVote(1422)) - ac495114-8bb8-4dac-b10f-46951d6cb650@group-A20483CAC47C replies to PRE_VOTE vote request: 6f841693-a0f5-4238-8e94-5d49f60504b4<-ac495114-8bb8-4dac-b10f-46951d6cb650#0:OK-t0. Peer's state: ac495114-8bb8-4dac-b10f-46951d6cb650@group-A20483CAC47C:t0, leader=null, voted=, raftlog=Memoized:ac495114-8bb8-4dac-b10f-46951d6cb650@group-A20483CAC47C-SegmentedRaftLog:OPENED:c-1, conf=-1: peers:[6f841693-a0f5-4238-8e94-5d49f60504b4|127.0.0.1:15139, 29194895-a428-4dbc-89d8-767dd839d7c3|127.0.0.1:15157, ac495114-8bb8-4dac-b10f-46951d6cb650|127.0.0.1:15148]|listeners:[], old=null
2024-06-12 07:36:52,580 [8c3b1af4-43ff-4c22-ad10-b37d9e41628a@group-CB34C1DA6ED0-SegmentedRaftLogWorker] INFO  segmented.SegmentedRaftLogWorker (SegmentedRaftLogWorker.java:execute(634)) - 8c3b1af4-43ff-4c22-ad10-b37d9e41628a@group-CB34C1DA6ED0-SegmentedRaftLogWorker: created new log segment /home/runner/work/ozone/ozone/hadoop-ozone/integration-test/target/test-dir/MiniOzoneClusterImpl-63f03bc8-0399-4ce2-9c43-ca6ad8c463d8/ozone-meta/datanode-3/ratis/6eb71243-7091-4c40-8083-cb34c1da6ed0/current/log_inprogress_0
2024-06-12 07:36:52,581 [grpc-default-executor-0] INFO  server.RaftServer$Division (RaftServerImpl.java:requestVote(1389)) - 6f841693-a0f5-4238-8e94-5d49f60504b4@group-886BF1B6D606: receive requestVote(PRE_VOTE, 29194895-a428-4dbc-89d8-767dd839d7c3, group-886BF1B6D606, 0, (t:0, i:0))
2024-06-12 07:36:52,581 [grpc-default-executor-0] INFO  impl.VoteContext (VoteContext.java:log(49)) - 6f841693-a0f5-4238-8e94-5d49f60504b4@group-886BF1B6D606-FOLLOWER: accept PRE_VOTE from 29194895-a428-4dbc-89d8-767dd839d7c3: our priority 0 <= candidate's priority 1
2024-06-12 07:36:52,581 [6f841693-a0f5-4238-8e94-5d49f60504b4@group-A20483CAC47C-LeaderElection42] INFO  impl.LeaderElection (LeaderElection.java:logAndReturn(89)) - 6f841693-a0f5-4238-8e94-5d49f60504b4@group-A20483CAC47C-LeaderElection42: PRE_VOTE PASSED received 1 response(s) and 0 exception(s):
2024-06-12 07:36:52,581 [6f841693-a0f5-4238-8e94-5d49f60504b4@group-A20483CAC47C-LeaderElection42] INFO  impl.LeaderElection (LeaderElection.java:logAndReturn(93)) -   Response 0: 6f841693-a0f5-4238-8e94-5d49f60504b4<-ac495114-8bb8-4dac-b10f-46951d6cb650#0:OK-t0
2024-06-12 07:36:52,581 [6f841693-a0f5-4238-8e94-5d49f60504b4@group-A20483CAC47C-LeaderElection42] INFO  impl.LeaderElection (LeaderElection.java:askForVotes(323)) - 6f841693-a0f5-4238-8e94-5d49f60504b4@group-A20483CAC47C-LeaderElection42 PRE_VOTE round 0: result PASSED
2024-06-12 07:36:52,581 [grpc-default-executor-0] INFO  server.RaftServer$Division (RaftServerImpl.java:requestVote(1422)) - 6f841693-a0f5-4238-8e94-5d49f60504b4@group-886BF1B6D606 replies to PRE_VOTE vote request: 29194895-a428-4dbc-89d8-767dd839d7c3<-6f841693-a0f5-4238-8e94-5d49f60504b4#0:OK-t0. Peer's state: 6f841693-a0f5-4238-8e94-5d49f60504b4@group-886BF1B6D606:t0, leader=null, voted=, raftlog=Memoized:6f841693-a0f5-4238-8e94-5d49f60504b4@group-886BF1B6D606-SegmentedRaftLog:OPENED:c-1, conf=-1: peers:[6f841693-a0f5-4238-8e94-5d49f60504b4|127.0.0.1:15139, 29194895-a428-4dbc-89d8-767dd839d7c3|127.0.0.1:15157, ac495114-8bb8-4dac-b10f-46951d6cb650|127.0.0.1:15148]|listeners:[], old=null
2024-06-12 07:36:52,582 [6f841693-a0f5-4238-8e94-5d49f60504b4@group-A20483CAC47C-LeaderElection42] INFO  impl.LeaderElection (LeaderElection.java:askForVotes(321)) - 6f841693-a0f5-4238-8e94-5d49f60504b4@group-A20483CAC47C-LeaderElection42 ELECTION round 0: submit vote requests at term 1 for -1: peers:[6f841693-a0f5-4238-8e94-5d49f60504b4|127.0.0.1:15139, 29194895-a428-4dbc-89d8-767dd839d7c3|127.0.0.1:15157, ac495114-8bb8-4dac-b10f-46951d6cb650|127.0.0.1:15148]|listeners:[], old=null
2024-06-12 07:36:52,584 [29194895-a428-4dbc-89d8-767dd839d7c3@group-886BF1B6D606-LeaderElection40] INFO  server.RaftServerConfigKeys (ConfUtils.java:logFallback(53)) - raft.server.rpc.first-election.timeout.min = 1s (fallback to raft.server.rpc.timeout.min)
2024-06-12 07:36:52,584 [29194895-a428-4dbc-89d8-767dd839d7c3@group-886BF1B6D606-LeaderElection40] INFO  server.RaftServerConfigKeys (ConfUtils.java:logFallback(53)) - raft.server.rpc.first-election.timeout.max = 1200ms (fallback to raft.server.rpc.timeout.max)
2024-06-12 07:36:52,584 [29194895-a428-4dbc-89d8-767dd839d7c3@group-886BF1B6D606-LeaderElection40] INFO  impl.LeaderElection (LeaderElection.java:logAndReturn(89)) - 29194895-a428-4dbc-89d8-767dd839d7c3@group-886BF1B6D606-LeaderElection40: PRE_VOTE PASSED received 1 response(s) and 0 exception(s):
2024-06-12 07:36:52,584 [29194895-a428-4dbc-89d8-767dd839d7c3@group-886BF1B6D606-LeaderElection40] INFO  impl.LeaderElection (LeaderElection.java:logAndReturn(93)) -   Response 0: 29194895-a428-4dbc-89d8-767dd839d7c3<-6f841693-a0f5-4238-8e94-5d49f60504b4#0:OK-t0
2024-06-12 07:36:52,584 [29194895-a428-4dbc-89d8-767dd839d7c3@group-886BF1B6D606-LeaderElection40] INFO  impl.LeaderElection (LeaderElection.java:askForVotes(323)) - 29194895-a428-4dbc-89d8-767dd839d7c3@group-886BF1B6D606-LeaderElection40 PRE_VOTE round 0: result PASSED
2024-06-12 07:36:52,585 [29194895-a428-4dbc-89d8-767dd839d7c3@group-886BF1B6D606-LeaderElection40-2] INFO  server.GrpcServerProtocolClient (GrpcServerProtocolClient.java:<init>(65)) - Build channel for ac495114-8bb8-4dac-b10f-46951d6cb650|127.0.0.1:15148
2024-06-12 07:36:52,585 [29194895-a428-4dbc-89d8-767dd839d7c3@group-886BF1B6D606-LeaderElection40] INFO  impl.LeaderElection (LeaderElection.java:askForVotes(321)) - 29194895-a428-4dbc-89d8-767dd839d7c3@group-886BF1B6D606-LeaderElection40 ELECTION round 0: submit vote requests at term 1 for -1: peers:[6f841693-a0f5-4238-8e94-5d49f60504b4|127.0.0.1:15139, 29194895-a428-4dbc-89d8-767dd839d7c3|127.0.0.1:15157, ac495114-8bb8-4dac-b10f-46951d6cb650|127.0.0.1:15148]|listeners:[], old=null
2024-06-12 07:36:52,588 [grpc-default-executor-0] INFO  server.RaftServer$Division (RaftServerImpl.java:requestVote(1389)) - ac495114-8bb8-4dac-b10f-46951d6cb650@group-886BF1B6D606: receive requestVote(PRE_VOTE, 29194895-a428-4dbc-89d8-767dd839d7c3, group-886BF1B6D606, 0, (t:0, i:0))
2024-06-12 07:36:52,588 [grpc-default-executor-0] INFO  impl.VoteContext (VoteContext.java:log(49)) - ac495114-8bb8-4dac-b10f-46951d6cb650@group-886BF1B6D606-FOLLOWER: accept PRE_VOTE from 29194895-a428-4dbc-89d8-767dd839d7c3: our priority 0 <= candidate's priority 1
2024-06-12 07:36:52,588 [grpc-default-executor-0] INFO  server.RaftServer$Division (RaftServerImpl.java:requestVote(1422)) - ac495114-8bb8-4dac-b10f-46951d6cb650@group-886BF1B6D606 replies to PRE_VOTE vote request: 29194895-a428-4dbc-89d8-767dd839d7c3<-ac495114-8bb8-4dac-b10f-46951d6cb650#0:OK-t0. Peer's state: ac495114-8bb8-4dac-b10f-46951d6cb650@group-886BF1B6D606:t0, leader=null, voted=, raftlog=Memoized:ac495114-8bb8-4dac-b10f-46951d6cb650@group-886BF1B6D606-SegmentedRaftLog:OPENED:c-1, conf=-1: peers:[6f841693-a0f5-4238-8e94-5d49f60504b4|127.0.0.1:15139, 29194895-a428-4dbc-89d8-767dd839d7c3|127.0.0.1:15157, ac495114-8bb8-4dac-b10f-46951d6cb650|127.0.0.1:15148]|listeners:[], old=null
2024-06-12 07:36:52,590 [29194895-a428-4dbc-89d8-767dd839d7c3@group-A20483CAC47C-FollowerState] INFO  server.RaftServerConfigKeys (ConfUtils.java:logFallback(53)) - raft.server.rpc.first-election.timeout.min = 1s (fallback to raft.server.rpc.timeout.min)
2024-06-12 07:36:52,590 [29194895-a428-4dbc-89d8-767dd839d7c3@group-A20483CAC47C-FollowerState] INFO  server.RaftServerConfigKeys (ConfUtils.java:logFallback(53)) - raft.server.rpc.first-election.timeout.max = 1200ms (fallback to raft.server.rpc.timeout.max)
2024-06-12 07:36:52,591 [29194895-a428-4dbc-89d8-767dd839d7c3@group-26EE86764DB4-StateMachineUpdater] INFO  server.RaftServer$Division (LeaderStateImpl.java:isApplied(320)) - leader is ready since appliedIndex == 0 >= startIndex == 0
2024-06-12 07:36:52,593 [6f841693-a0f5-4238-8e94-5d49f60504b4@group-A20483CAC47C-LeaderElection42] INFO  server.RaftServerConfigKeys (ConfUtils.java:logFallback(53)) - raft.server.rpc.first-election.timeout.min = 1s (fallback to raft.server.rpc.timeout.min)
2024-06-12 07:36:52,593 [6f841693-a0f5-4238-8e94-5d49f60504b4@group-A20483CAC47C-LeaderElection42] INFO  server.RaftServerConfigKeys (ConfUtils.java:logFallback(53)) - raft.server.rpc.first-election.timeout.max = 1200ms (fallback to raft.server.rpc.timeout.max)
2024-06-12 07:36:52,593 [grpc-default-executor-0] INFO  server.RaftServer$Division (RaftServerImpl.java:requestVote(1389)) - 29194895-a428-4dbc-89d8-767dd839d7c3@group-A20483CAC47C: receive requestVote(ELECTION, 6f841693-a0f5-4238-8e94-5d49f60504b4, group-A20483CAC47C, 1, (t:0, i:0))
2024-06-12 07:36:52,593 [grpc-default-executor-0] INFO  impl.VoteContext (VoteContext.java:log(49)) - 29194895-a428-4dbc-89d8-767dd839d7c3@group-A20483CAC47C-FOLLOWER: accept ELECTION from 6f841693-a0f5-4238-8e94-5d49f60504b4: our priority 0 <= candidate's priority 1
2024-06-12 07:36:52,594 [grpc-default-executor-0] INFO  server.RaftServer$Division (RaftServerImpl.java:setRole(383)) - 29194895-a428-4dbc-89d8-767dd839d7c3@group-A20483CAC47C: changes role from  FOLLOWER to FOLLOWER at term 1 for candidate:6f841693-a0f5-4238-8e94-5d49f60504b4
2024-06-12 07:36:52,594 [grpc-default-executor-0] INFO  impl.RoleInfo (RoleInfo.java:shutdownFollowerState(110)) - 29194895-a428-4dbc-89d8-767dd839d7c3: shutdown 29194895-a428-4dbc-89d8-767dd839d7c3@group-A20483CAC47C-FollowerState
2024-06-12 07:36:52,594 [grpc-default-executor-0] INFO  impl.RoleInfo (RoleInfo.java:updateAndGet(139)) - 29194895-a428-4dbc-89d8-767dd839d7c3: start 29194895-a428-4dbc-89d8-767dd839d7c3@group-A20483CAC47C-FollowerState
2024-06-12 07:36:52,594 [29194895-a428-4dbc-89d8-767dd839d7c3@group-A20483CAC47C-FollowerState] INFO  impl.FollowerState (FollowerState.java:run(152)) - 29194895-a428-4dbc-89d8-767dd839d7c3@group-A20483CAC47C-FollowerState was interrupted
2024-06-12 07:36:52,594 [grpc-default-executor-5] INFO  server.RaftServer$Division (RaftServerImpl.java:requestVote(1389)) - ac495114-8bb8-4dac-b10f-46951d6cb650@group-A20483CAC47C: receive requestVote(ELECTION, 6f841693-a0f5-4238-8e94-5d49f60504b4, group-A20483CAC47C, 1, (t:0, i:0))
2024-06-12 07:36:52,594 [grpc-default-executor-5] INFO  impl.VoteContext (VoteContext.java:log(49)) - ac495114-8bb8-4dac-b10f-46951d6cb650@group-A20483CAC47C-FOLLOWER: accept ELECTION from 6f841693-a0f5-4238-8e94-5d49f60504b4: our priority 0 <= candidate's priority 1
2024-06-12 07:36:52,594 [grpc-default-executor-5] INFO  server.RaftServer$Division (RaftServerImpl.java:setRole(383)) - ac495114-8bb8-4dac-b10f-46951d6cb650@group-A20483CAC47C: changes role from  FOLLOWER to FOLLOWER at term 1 for candidate:6f841693-a0f5-4238-8e94-5d49f60504b4
2024-06-12 07:36:52,594 [grpc-default-executor-5] INFO  impl.RoleInfo (RoleInfo.java:shutdownFollowerState(110)) - ac495114-8bb8-4dac-b10f-46951d6cb650: shutdown ac495114-8bb8-4dac-b10f-46951d6cb650@group-A20483CAC47C-FollowerState
2024-06-12 07:36:52,594 [grpc-default-executor-5] INFO  impl.RoleInfo (RoleInfo.java:updateAndGet(139)) - ac495114-8bb8-4dac-b10f-46951d6cb650: start ac495114-8bb8-4dac-b10f-46951d6cb650@group-A20483CAC47C-FollowerState
2024-06-12 07:36:52,594 [ac495114-8bb8-4dac-b10f-46951d6cb650@group-A20483CAC47C-FollowerState] INFO  impl.FollowerState (FollowerState.java:run(152)) - ac495114-8bb8-4dac-b10f-46951d6cb650@group-A20483CAC47C-FollowerState was interrupted
2024-06-12 07:36:52,625 [grpc-default-executor-0] INFO  server.RaftServer$Division (RaftServerImpl.java:setFirstElection(574)) - 29194895-a428-4dbc-89d8-767dd839d7c3@group-A20483CAC47C: set firstElectionSinceStartup to false for candidate:6f841693-a0f5-4238-8e94-5d49f60504b4
2024-06-12 07:36:52,627 [grpc-default-executor-0] INFO  server.RaftServer$Division (RaftServerImpl.java:requestVote(1422)) - 29194895-a428-4dbc-89d8-767dd839d7c3@group-A20483CAC47C replies to ELECTION vote request: 6f841693-a0f5-4238-8e94-5d49f60504b4<-29194895-a428-4dbc-89d8-767dd839d7c3#0:OK-t1. Peer's state: 29194895-a428-4dbc-89d8-767dd839d7c3@group-A20483CAC47C:t1, leader=null, voted=6f841693-a0f5-4238-8e94-5d49f60504b4, raftlog=Memoized:29194895-a428-4dbc-89d8-767dd839d7c3@group-A20483CAC47C-SegmentedRaftLog:OPENED:c-1, conf=-1: peers:[6f841693-a0f5-4238-8e94-5d49f60504b4|127.0.0.1:15139, 29194895-a428-4dbc-89d8-767dd839d7c3|127.0.0.1:15157, ac495114-8bb8-4dac-b10f-46951d6cb650|127.0.0.1:15148]|listeners:[], old=null
2024-06-12 07:36:52,628 [6f841693-a0f5-4238-8e94-5d49f60504b4@group-A20483CAC47C-LeaderElection42] INFO  impl.LeaderElection (LeaderElection.java:logAndReturn(89)) - 6f841693-a0f5-4238-8e94-5d49f60504b4@group-A20483CAC47C-LeaderElection42: ELECTION PASSED received 1 response(s) and 0 exception(s):
2024-06-12 07:36:52,628 [6f841693-a0f5-4238-8e94-5d49f60504b4@group-A20483CAC47C-LeaderElection42] INFO  impl.LeaderElection (LeaderElection.java:logAndReturn(93)) -   Response 0: 6f841693-a0f5-4238-8e94-5d49f60504b4<-29194895-a428-4dbc-89d8-767dd839d7c3#0:OK-t1
2024-06-12 07:36:52,628 [6f841693-a0f5-4238-8e94-5d49f60504b4@group-A20483CAC47C-LeaderElection42] INFO  impl.LeaderElection (LeaderElection.java:askForVotes(323)) - 6f841693-a0f5-4238-8e94-5d49f60504b4@group-A20483CAC47C-LeaderElection42 ELECTION round 0: result PASSED
2024-06-12 07:36:52,628 [6f841693-a0f5-4238-8e94-5d49f60504b4@group-A20483CAC47C-LeaderElection42] INFO  impl.RoleInfo (RoleInfo.java:shutdownLeaderElection(130)) - 6f841693-a0f5-4238-8e94-5d49f60504b4: shutdown 6f841693-a0f5-4238-8e94-5d49f60504b4@group-A20483CAC47C-LeaderElection42
2024-06-12 07:36:52,628 [6f841693-a0f5-4238-8e94-5d49f60504b4@group-A20483CAC47C-LeaderElection42] INFO  server.RaftServer$Division (RaftServerImpl.java:setRole(383)) - 6f841693-a0f5-4238-8e94-5d49f60504b4@group-A20483CAC47C: changes role from CANDIDATE to LEADER at term 1 for changeToLeader
2024-06-12 07:36:52,628 [6f841693-a0f5-4238-8e94-5d49f60504b4@group-A20483CAC47C-LeaderElection42] INFO  server.RaftServerConfigKeys (ConfUtils.java:logGet(46)) - raft.server.staging.catchup.gap = 1000 (default)
2024-06-12 07:36:52,628 [grpc-default-executor-5] INFO  server.RaftServer$Division (RaftServerImpl.java:requestVote(1422)) - ac495114-8bb8-4dac-b10f-46951d6cb650@group-A20483CAC47C replies to ELECTION vote request: 6f841693-a0f5-4238-8e94-5d49f60504b4<-ac495114-8bb8-4dac-b10f-46951d6cb650#0:OK-t1. Peer's state: ac495114-8bb8-4dac-b10f-46951d6cb650@group-A20483CAC47C:t1, leader=null, voted=6f841693-a0f5-4238-8e94-5d49f60504b4, raftlog=Memoized:ac495114-8bb8-4dac-b10f-46951d6cb650@group-A20483CAC47C-SegmentedRaftLog:OPENED:c-1, conf=-1: peers:[6f841693-a0f5-4238-8e94-5d49f60504b4|127.0.0.1:15139, 29194895-a428-4dbc-89d8-767dd839d7c3|127.0.0.1:15157, ac495114-8bb8-4dac-b10f-46951d6cb650|127.0.0.1:15148]|listeners:[], old=null
2024-06-12 07:36:52,628 [6f841693-a0f5-4238-8e94-5d49f60504b4@group-A20483CAC47C-LeaderElection42] INFO  server.RaftServerConfigKeys (ConfUtils.java:logGet(46)) - raft.server.write.element-limit = 1024 (custom)
2024-06-12 07:36:52,628 [6f841693-a0f5-4238-8e94-5d49f60504b4@group-A20483CAC47C-LeaderElection42] INFO  server.RaftServerConfigKeys (ConfUtils.java:logGet(46)) - raft.server.write.byte-limit = 1024 M (=1073741824) (custom)
2024-06-12 07:36:52,629 [6f841693-a0f5-4238-8e94-5d49f60504b4@group-A20483CAC47C-LeaderElection42] INFO  server.RaftServerConfigKeys (ConfUtils.java:logGet(46)) - raft.server.watch.timeout = 3000ms (custom)
2024-06-12 07:36:52,629 [6f841693-a0f5-4238-8e94-5d49f60504b4@group-A20483CAC47C-LeaderElection42] INFO  server.RaftServerConfigKeys (ConfUtils.java:logGet(46)) - raft.server.watch.timeout.denomination = 1s (default)
2024-06-12 07:36:52,629 [6f841693-a0f5-4238-8e94-5d49f60504b4@group-A20483CAC47C-LeaderElection42] INFO  server.RaftServerConfigKeys (ConfUtils.java:logGet(46)) - raft.server.watch.element-limit = 65536 (default)
2024-06-12 07:36:52,629 [6f841693-a0f5-4238-8e94-5d49f60504b4@group-A20483CAC47C-LeaderElection42] INFO  server.RaftServerConfigKeys (ConfUtils.java:logGet(46)) - raft.server.read.leader.lease.enabled = false (default)
2024-06-12 07:36:52,629 [6f841693-a0f5-4238-8e94-5d49f60504b4@group-A20483CAC47C-LeaderElection42] INFO  server.RaftServerConfigKeys (ConfUtils.java:logGet(46)) - raft.server.read.leader.lease.timeout.ratio = 0.9 (default)
2024-06-12 07:36:52,629 [6f841693-a0f5-4238-8e94-5d49f60504b4@group-A20483CAC47C-LeaderElection42] INFO  server.RaftServerConfigKeys (ConfUtils.java:logGet(46)) - raft.server.rpc.timeout.min = 1s (custom)
2024-06-12 07:36:52,629 [6f841693-a0f5-4238-8e94-5d49f60504b4@group-A20483CAC47C-LeaderElection42] INFO  server.RaftServerConfigKeys (ConfUtils.java:logGet(46)) - raft.server.write.element-limit = 1024 (custom)
2024-06-12 07:36:52,629 [6f841693-a0f5-4238-8e94-5d49f60504b4@group-A20483CAC47C-LeaderElection42] INFO  server.RaftServerConfigKeys (ConfUtils.java:logGet(46)) - raft.server.write.follower.gap.ratio.max = -1.0 (default)
2024-06-12 07:36:52,629 [6f841693-a0f5-4238-8e94-5d49f60504b4@group-A20483CAC47C-LeaderElection42] INFO  server.RaftServerConfigKeys (ConfUtils.java:logGet(46)) - raft.server.log.appender.snapshot.chunk.size.max = 16MB (=16777216) (default)
2024-06-12 07:36:52,630 [6f841693-a0f5-4238-8e94-5d49f60504b4@group-A20483CAC47C-LeaderElection42] INFO  server.RaftServerConfigKeys (ConfUtils.java:logGet(46)) - raft.server.log.appender.buffer.byte-limit = 8388608 (custom)
2024-06-12 07:36:52,630 [6f841693-a0f5-4238-8e94-5d49f60504b4@group-A20483CAC47C-LeaderElection42] INFO  server.RaftServerConfigKeys (ConfUtils.java:logGet(46)) - raft.server.log.appender.buffer.element-limit = 1024 (custom)
2024-06-12 07:36:52,630 [6f841693-a0f5-4238-8e94-5d49f60504b4@group-A20483CAC47C-LeaderElection42] INFO  server.RaftServerConfigKeys (ConfUtils.java:logGet(46)) - raft.server.log.appender.wait-time.min = 0ms (custom)
2024-06-12 07:36:52,630 [6f841693-a0f5-4238-8e94-5d49f60504b4@group-A20483CAC47C-LeaderElection42] INFO  grpc.GrpcConfigKeys (ConfUtils.java:logGet(46)) - raft.grpc.server.leader.outstanding.appends.max = 8 (default)
2024-06-12 07:36:52,630 [6f841693-a0f5-4238-8e94-5d49f60504b4@group-A20483CAC47C-LeaderElection42] INFO  server.RaftServerConfigKeys (ConfUtils.java:logGet(46)) - raft.server.rpc.request.timeout = 3000ms (default)
2024-06-12 07:36:52,630 [6f841693-a0f5-4238-8e94-5d49f60504b4@group-A20483CAC47C-LeaderElection42] INFO  grpc.GrpcConfigKeys (ConfUtils.java:logGet(46)) - raft.grpc.server.install_snapshot.request.element-limit = 8 (default)
2024-06-12 07:36:52,630 [6f841693-a0f5-4238-8e94-5d49f60504b4@group-A20483CAC47C-LeaderElection42] INFO  grpc.GrpcConfigKeys (ConfUtils.java:logGet(46)) - raft.grpc.server.install_snapshot.request.timeout = 3000ms (default)
2024-06-12 07:36:52,630 [6f841693-a0f5-4238-8e94-5d49f60504b4@group-A20483CAC47C-LeaderElection42] INFO  grpc.GrpcConfigKeys (ConfUtils.java:logGet(46)) - raft.grpc.server.log-message.batch.duration = 5s (default)
2024-06-12 07:36:52,630 [6f841693-a0f5-4238-8e94-5d49f60504b4@group-A20483CAC47C-LeaderElection42] INFO  server.RaftServerConfigKeys (ConfUtils.java:logGet(46)) - raft.server.log.appender.install.snapshot.enabled = false (custom)
2024-06-12 07:36:52,630 [6f841693-a0f5-4238-8e94-5d49f60504b4@group-A20483CAC47C-LeaderElection42] INFO  grpc.GrpcConfigKeys (ConfUtils.java:logGet(46)) - raft.grpc.server.heartbeat.channel = true (default)
2024-06-12 07:36:52,631 [6f841693-a0f5-4238-8e94-5d49f60504b4@group-A20483CAC47C-LeaderElection42] INFO  server.RaftServerConfigKeys (ConfUtils.java:logGet(46)) - raft.server.log.appender.snapshot.chunk.size.max = 16MB (=16777216) (default)
2024-06-12 07:36:52,631 [6f841693-a0f5-4238-8e94-5d49f60504b4@group-A20483CAC47C-LeaderElection42] INFO  server.RaftServerConfigKeys (ConfUtils.java:logGet(46)) - raft.server.log.appender.buffer.byte-limit = 8388608 (custom)
2024-06-12 07:36:52,631 [6f841693-a0f5-4238-8e94-5d49f60504b4@group-A20483CAC47C-LeaderElection42] INFO  server.RaftServerConfigKeys (ConfUtils.java:logGet(46)) - raft.server.log.appender.buffer.element-limit = 1024 (custom)
2024-06-12 07:36:52,631 [6f841693-a0f5-4238-8e94-5d49f60504b4@group-A20483CAC47C-LeaderElection42] INFO  server.RaftServerConfigKeys (ConfUtils.java:logGet(46)) - raft.server.log.appender.wait-time.min = 0ms (custom)
2024-06-12 07:36:52,631 [6f841693-a0f5-4238-8e94-5d49f60504b4@group-A20483CAC47C-LeaderElection42] INFO  grpc.GrpcConfigKeys (ConfUtils.java:logGet(46)) - raft.grpc.server.leader.outstanding.appends.max = 8 (default)
2024-06-12 07:36:52,631 [6f841693-a0f5-4238-8e94-5d49f60504b4@group-A20483CAC47C-LeaderElection42] INFO  server.RaftServerConfigKeys (ConfUtils.java:logGet(46)) - raft.server.rpc.request.timeout = 3000ms (default)
2024-06-12 07:36:52,631 [6f841693-a0f5-4238-8e94-5d49f60504b4@group-A20483CAC47C-LeaderElection42] INFO  grpc.GrpcConfigKeys (ConfUtils.java:logGet(46)) - raft.grpc.server.install_snapshot.request.element-limit = 8 (default)
2024-06-12 07:36:52,631 [6f841693-a0f5-4238-8e94-5d49f60504b4@group-A20483CAC47C-LeaderElection42] INFO  grpc.GrpcConfigKeys (ConfUtils.java:logGet(46)) - raft.grpc.server.install_snapshot.request.timeout = 3000ms (default)
2024-06-12 07:36:52,631 [6f841693-a0f5-4238-8e94-5d49f60504b4@group-A20483CAC47C-LeaderElection42] INFO  grpc.GrpcConfigKeys (ConfUtils.java:logGet(46)) - raft.grpc.server.log-message.batch.duration = 5s (default)
2024-06-12 07:36:52,631 [6f841693-a0f5-4238-8e94-5d49f60504b4@group-A20483CAC47C-LeaderElection42] INFO  server.RaftServerConfigKeys (ConfUtils.java:logGet(46)) - raft.server.log.appender.install.snapshot.enabled = false (custom)
2024-06-12 07:36:52,631 [6f841693-a0f5-4238-8e94-5d49f60504b4@group-A20483CAC47C-LeaderElection42] INFO  grpc.GrpcConfigKeys (ConfUtils.java:logGet(46)) - raft.grpc.server.heartbeat.channel = true (default)
2024-06-12 07:36:52,632 [6f841693-a0f5-4238-8e94-5d49f60504b4@group-A20483CAC47C-LeaderElection42] INFO  impl.RoleInfo (RoleInfo.java:updateAndGet(139)) - 6f841693-a0f5-4238-8e94-5d49f60504b4: start 6f841693-a0f5-4238-8e94-5d49f60504b4@group-A20483CAC47C-LeaderStateImpl
2024-06-12 07:36:52,632 [6f841693-a0f5-4238-8e94-5d49f60504b4@group-A20483CAC47C-LeaderElection42] INFO  server.RaftServer$Division (RaftServerImpl.java:setFirstElection(574)) - 6f841693-a0f5-4238-8e94-5d49f60504b4@group-A20483CAC47C: set firstElectionSinceStartup to false for becomeLeader
2024-06-12 07:36:52,632 [6f841693-a0f5-4238-8e94-5d49f60504b4@group-A20483CAC47C-LeaderElection42] INFO  ratis.XceiverServerRatis (XceiverServerRatis.java:handleLeaderChangedNotification(966)) - Leader change notification received for group: group-A20483CAC47C with new leaderId: 6f841693-a0f5-4238-8e94-5d49f60504b4
2024-06-12 07:36:52,633 [6f841693-a0f5-4238-8e94-5d49f60504b4@group-A20483CAC47C-LeaderElection42] INFO  server.RaftServer$Division (ServerState.java:setLeader(269)) - 6f841693-a0f5-4238-8e94-5d49f60504b4@group-A20483CAC47C: change Leader from null to 6f841693-a0f5-4238-8e94-5d49f60504b4 at term 1 for becomeLeader, leader elected after 1334ms
2024-06-12 07:36:52,633 [6f841693-a0f5-4238-8e94-5d49f60504b4@group-A20483CAC47C-LeaderElection42] INFO  segmented.SegmentedRaftLogWorker (SegmentedRaftLogWorker.java:startLogSegment(430)) - 6f841693-a0f5-4238-8e94-5d49f60504b4@group-A20483CAC47C-SegmentedRaftLogWorker: Starting segment from index:0
2024-06-12 07:36:52,633 [6f841693-a0f5-4238-8e94-5d49f60504b4@group-A20483CAC47C-SegmentedRaftLogWorker] INFO  segmented.BufferedWriteChannel (BufferedWriteChannel.java:open(62)) - open log_inprogress_0 at position 0
2024-06-12 07:36:52,634 [EventQueue-PipelineReportForPipelineReportHandler] INFO  pipeline.PipelineReportHandler (PipelineReportHandler.java:processPipelineReport(136)) - Opened pipeline PipelineID=3c6756a6-c20a-4fdc-8f34-a20483cac47c
2024-06-12 07:36:52,637 [6f841693-a0f5-4238-8e94-5d49f60504b4@group-A20483CAC47C-LeaderElection42] INFO  server.RaftServer$Division (ServerState.java:setRaftConf(386)) - 6f841693-a0f5-4238-8e94-5d49f60504b4@group-A20483CAC47C: set configuration 0: peers:[6f841693-a0f5-4238-8e94-5d49f60504b4|127.0.0.1:15139, 29194895-a428-4dbc-89d8-767dd839d7c3|127.0.0.1:15157, ac495114-8bb8-4dac-b10f-46951d6cb650|127.0.0.1:15148]|listeners:[], old=null
2024-06-12 07:36:52,641 [6f841693-a0f5-4238-8e94-5d49f60504b4@group-A20483CAC47C-SegmentedRaftLogWorker] INFO  segmented.SegmentedRaftLogWorker (SegmentedRaftLogWorker.java:execute(634)) - 6f841693-a0f5-4238-8e94-5d49f60504b4@group-A20483CAC47C-SegmentedRaftLogWorker: created new log segment /home/runner/work/ozone/ozone/hadoop-ozone/integration-test/target/test-dir/MiniOzoneClusterImpl-63f03bc8-0399-4ce2-9c43-ca6ad8c463d8/ozone-meta/datanode-4/ratis/3c6756a6-c20a-4fdc-8f34-a20483cac47c/current/log_inprogress_0
2024-06-12 07:36:52,657 [893f21cf-1739-427a-a93c-5929db1902c5-server-thread1] INFO  ratis.XceiverServerRatis (XceiverServerRatis.java:handleLeaderChangedNotification(966)) - Leader change notification received for group: group-CB34C1DA6ED0 with new leaderId: 8c3b1af4-43ff-4c22-ad10-b37d9e41628a
2024-06-12 07:36:52,658 [893f21cf-1739-427a-a93c-5929db1902c5-server-thread1] INFO  server.RaftServer$Division (ServerState.java:setLeader(269)) - 893f21cf-1739-427a-a93c-5929db1902c5@group-CB34C1DA6ED0: change Leader from null to 8c3b1af4-43ff-4c22-ad10-b37d9e41628a at term 1 for appendEntries, leader elected after 1418ms
2024-06-12 07:36:52,658 [893f21cf-1739-427a-a93c-5929db1902c5-server-thread2] INFO  server.RaftServer$Division (ServerState.java:setRaftConf(386)) - 893f21cf-1739-427a-a93c-5929db1902c5@group-CB34C1DA6ED0: set configuration 0: peers:[893f21cf-1739-427a-a93c-5929db1902c5|127.0.0.1:15121, 86e236ad-53d7-40fc-9454-d100b30595d4|127.0.0.1:15112, 8c3b1af4-43ff-4c22-ad10-b37d9e41628a|127.0.0.1:15130]|listeners:[], old=null
2024-06-12 07:36:52,658 [893f21cf-1739-427a-a93c-5929db1902c5-server-thread2] INFO  segmented.SegmentedRaftLogWorker (SegmentedRaftLogWorker.java:startLogSegment(430)) - 893f21cf-1739-427a-a93c-5929db1902c5@group-CB34C1DA6ED0-SegmentedRaftLogWorker: Starting segment from index:0
2024-06-12 07:36:52,659 [893f21cf-1739-427a-a93c-5929db1902c5@group-CB34C1DA6ED0-SegmentedRaftLogWorker] INFO  segmented.BufferedWriteChannel (BufferedWriteChannel.java:open(62)) - open log_inprogress_0 at position 0
2024-06-12 07:36:52,661 [86e236ad-53d7-40fc-9454-d100b30595d4-server-thread2] INFO  ratis.XceiverServerRatis (XceiverServerRatis.java:handleLeaderChangedNotification(966)) - Leader change notification received for group: group-CB34C1DA6ED0 with new leaderId: 8c3b1af4-43ff-4c22-ad10-b37d9e41628a
2024-06-12 07:36:52,661 [86e236ad-53d7-40fc-9454-d100b30595d4-server-thread2] INFO  server.RaftServer$Division (ServerState.java:setLeader(269)) - 86e236ad-53d7-40fc-9454-d100b30595d4@group-CB34C1DA6ED0: change Leader from null to 8c3b1af4-43ff-4c22-ad10-b37d9e41628a at term 1 for appendEntries, leader elected after 1497ms
2024-06-12 07:36:52,662 [86e236ad-53d7-40fc-9454-d100b30595d4-server-thread2] INFO  server.RaftServer$Division (ServerState.java:setRaftConf(386)) - 86e236ad-53d7-40fc-9454-d100b30595d4@group-CB34C1DA6ED0: set configuration 0: peers:[893f21cf-1739-427a-a93c-5929db1902c5|127.0.0.1:15121, 86e236ad-53d7-40fc-9454-d100b30595d4|127.0.0.1:15112, 8c3b1af4-43ff-4c22-ad10-b37d9e41628a|127.0.0.1:15130]|listeners:[], old=null
2024-06-12 07:36:52,662 [86e236ad-53d7-40fc-9454-d100b30595d4-server-thread2] INFO  segmented.SegmentedRaftLogWorker (SegmentedRaftLogWorker.java:startLogSegment(430)) - 86e236ad-53d7-40fc-9454-d100b30595d4@group-CB34C1DA6ED0-SegmentedRaftLogWorker: Starting segment from index:0
2024-06-12 07:36:52,662 [86e236ad-53d7-40fc-9454-d100b30595d4@group-CB34C1DA6ED0-SegmentedRaftLogWorker] INFO  segmented.BufferedWriteChannel (BufferedWriteChannel.java:open(62)) - open log_inprogress_0 at position 0
2024-06-12 07:36:52,668 [main] INFO  ozoneimpl.OzoneContainer (OzoneContainer.java:stop(481)) - Attempting to stop container services.
2024-06-12 07:36:52,668 [ContainerMetadataScanner] WARN  ozoneimpl.AbstractBackgroundContainerScanner (AbstractBackgroundContainerScanner.java:handleRemainingSleep(134)) - Background container scan was interrupted.
2024-06-12 07:36:52,668 [ContainerMetadataScanner] INFO  ozoneimpl.AbstractBackgroundContainerScanner (AbstractBackgroundContainerScanner.java:run(61)) - Thread[ContainerMetadataScanner,5,main] exiting.
2024-06-12 07:36:52,669 [main] INFO  ozoneimpl.BackgroundContainerDataScanner (BackgroundContainerDataScanner.java:shutdown(141)) - ContainerDataScanner(/home/runner/work/ozone/ozone/hadoop-ozone/integration-test/target/test-dir/MiniOzoneClusterImpl-63f03bc8-0399-4ce2-9c43-ca6ad8c463d8/ozone-meta/datanode-4/data-0/hdds) is shutting down. 
2024-06-12 07:36:52,669 [ContainerDataScanner(/home/runner/work/ozone/ozone/hadoop-ozone/integration-test/target/test-dir/MiniOzoneClusterImpl-63f03bc8-0399-4ce2-9c43-ca6ad8c463d8/ozone-meta/datanode-4/data-0/hdds)] WARN  ozoneimpl.AbstractBackgroundContainerScanner (AbstractBackgroundContainerScanner.java:handleRemainingSleep(134)) - Background container scan was interrupted.
2024-06-12 07:36:52,669 [ContainerDataScanner(/home/runner/work/ozone/ozone/hadoop-ozone/integration-test/target/test-dir/MiniOzoneClusterImpl-63f03bc8-0399-4ce2-9c43-ca6ad8c463d8/ozone-meta/datanode-4/data-0/hdds)] INFO  ozoneimpl.AbstractBackgroundContainerScanner (AbstractBackgroundContainerScanner.java:run(61)) - ContainerDataScanner(/home/runner/work/ozone/ozone/hadoop-ozone/integration-test/target/test-dir/MiniOzoneClusterImpl-63f03bc8-0399-4ce2-9c43-ca6ad8c463d8/ozone-meta/datanode-4/data-0/hdds, DS-5601ce15-5d45-4c76-998c-81a388fce88f) exiting.
2024-06-12 07:36:52,669 [main] INFO  ozoneimpl.OnDemandContainerDataScanner (OnDemandContainerDataScanner.java:shutdownScanner(206)) - On-demand container scanner is shutting down.
2024-06-12 07:36:52,670 [main] INFO  server.RaftServer (RaftServerProxy.java:lambda$close$9(416)) - 6f841693-a0f5-4238-8e94-5d49f60504b4: close
2024-06-12 07:36:52,670 [6f841693-a0f5-4238-8e94-5d49f60504b4-impl-thread1] INFO  server.RaftServer$Division (RaftServerImpl.java:lambda$close$3(526)) - 6f841693-a0f5-4238-8e94-5d49f60504b4@group-A20483CAC47C: shutdown
2024-06-12 07:36:52,670 [6f841693-a0f5-4238-8e94-5d49f60504b4-impl-thread1] INFO  util.JmxRegister (JmxRegister.java:unregister(73)) - Successfully un-registered JMX Bean with object name Ratis:service=RaftServer,group=group-A20483CAC47C,id=6f841693-a0f5-4238-8e94-5d49f60504b4
2024-06-12 07:36:52,670 [6f841693-a0f5-4238-8e94-5d49f60504b4-impl-thread1] INFO  impl.RoleInfo (RoleInfo.java:shutdownLeaderState(94)) - 6f841693-a0f5-4238-8e94-5d49f60504b4: shutdown 6f841693-a0f5-4238-8e94-5d49f60504b4@group-A20483CAC47C-LeaderStateImpl
2024-06-12 07:36:52,670 [6f841693-a0f5-4238-8e94-5d49f60504b4-impl-thread1] INFO  impl.PendingRequests (PendingRequests.java:sendNotLeaderResponses(289)) - 6f841693-a0f5-4238-8e94-5d49f60504b4@group-A20483CAC47C-PendingRequests: sendNotLeaderResponses
2024-06-12 07:36:52,671 [grpc-default-executor-3] ERROR impl.OrderedAsync (OrderedAsync.java:lambda$sendRequest$9(247)) - client-0A22FB32616E: Failed* RaftClientRequest:client-0A22FB32616E->6f841693-a0f5-4238-8e94-5d49f60504b4@group-A20483CAC47C, cid=107, seq=1*, Watch(0), null
java.util.concurrent.CompletionException: org.apache.ratis.protocol.exceptions.AlreadyClosedException: client-0A22FB32616E->6f841693-a0f5-4238-8e94-5d49f60504b4: Stream completed: no reply for async request cid=107
	at java.base/java.util.concurrent.CompletableFuture.encodeThrowable(CompletableFuture.java:332)
	at java.base/java.util.concurrent.CompletableFuture.completeThrowable(CompletableFuture.java:347)
	at java.base/java.util.concurrent.CompletableFuture$UniApply.tryFire(CompletableFuture.java:636)
	at java.base/java.util.concurrent.CompletableFuture.postComplete(CompletableFuture.java:510)
	at java.base/java.util.concurrent.CompletableFuture.completeExceptionally(CompletableFuture.java:2162)
	at org.apache.ratis.grpc.client.GrpcClientProtocolClient$AsyncStreamObservers.completeReplyExceptionally(GrpcClientProtocolClient.java:394)
	at org.apache.ratis.grpc.client.GrpcClientProtocolClient$AsyncStreamObservers.access$000(GrpcClientProtocolClient.java:300)
	at org.apache.ratis.grpc.client.GrpcClientProtocolClient$AsyncStreamObservers$1.onCompleted(GrpcClientProtocolClient.java:336)
	at org.apache.ratis.thirdparty.io.grpc.stub.ClientCalls$StreamObserverToCallListenerAdapter.onClose(ClientCalls.java:479)
	at org.apache.ratis.thirdparty.io.grpc.PartialForwardingClientCallListener.onClose(PartialForwardingClientCallListener.java:39)
	at org.apache.ratis.thirdparty.io.grpc.ForwardingClientCallListener.onClose(ForwardingClientCallListener.java:23)
	at org.apache.ratis.grpc.metrics.intercept.client.MetricClientCallListener.onClose(MetricClientCallListener.java:47)
	at org.apache.ratis.thirdparty.io.grpc.internal.ClientCallImpl.closeObserver(ClientCallImpl.java:567)
	at org.apache.ratis.thirdparty.io.grpc.internal.ClientCallImpl.access$300(ClientCallImpl.java:71)
	at org.apache.ratis.thirdparty.io.grpc.internal.ClientCallImpl$ClientStreamListenerImpl$1StreamClosed.runInternal(ClientCallImpl.java:735)
	at org.apache.ratis.thirdparty.io.grpc.internal.ClientCallImpl$ClientStreamListenerImpl$1StreamClosed.runInContext(ClientCallImpl.java:716)
	at org.apache.ratis.thirdparty.io.grpc.internal.ContextRunnable.run(ContextRunnable.java:37)
	at org.apache.ratis.thirdparty.io.grpc.internal.SerializingExecutor.run(SerializingExecutor.java:133)
	at java.base/java.util.concurrent.ThreadPoolExecutor.runWorker(ThreadPoolExecutor.java:1136)
	at java.base/java.util.concurrent.ThreadPoolExecutor$Worker.run(ThreadPoolExecutor.java:635)
	at java.base/java.lang.Thread.run(Thread.java:840)
Caused by: org.apache.ratis.protocol.exceptions.AlreadyClosedException: client-0A22FB32616E->6f841693-a0f5-4238-8e94-5d49f60504b4: Stream completed: no reply for async request cid=107
	at org.apache.ratis.grpc.client.GrpcClientProtocolClient$AsyncStreamObservers.completeReplyExceptionally(GrpcClientProtocolClient.java:396)
	... 15 more
2024-06-12 07:36:52,675 [86e236ad-53d7-40fc-9454-d100b30595d4@group-CB34C1DA6ED0-SegmentedRaftLogWorker] INFO  segmented.SegmentedRaftLogWorker (SegmentedRaftLogWorker.java:execute(634)) - 86e236ad-53d7-40fc-9454-d100b30595d4@group-CB34C1DA6ED0-SegmentedRaftLogWorker: created new log segment /home/runner/work/ozone/ozone/hadoop-ozone/integration-test/target/test-dir/MiniOzoneClusterImpl-63f03bc8-0399-4ce2-9c43-ca6ad8c463d8/ozone-meta/datanode-1/ratis/6eb71243-7091-4c40-8083-cb34c1da6ed0/current/log_inprogress_0
2024-06-12 07:36:52,675 [893f21cf-1739-427a-a93c-5929db1902c5@group-CB34C1DA6ED0-SegmentedRaftLogWorker] INFO  segmented.SegmentedRaftLogWorker (SegmentedRaftLogWorker.java:execute(634)) - 893f21cf-1739-427a-a93c-5929db1902c5@group-CB34C1DA6ED0-SegmentedRaftLogWorker: created new log segment /home/runner/work/ozone/ozone/hadoop-ozone/integration-test/target/test-dir/MiniOzoneClusterImpl-63f03bc8-0399-4ce2-9c43-ca6ad8c463d8/ozone-meta/datanode-2/ratis/6eb71243-7091-4c40-8083-cb34c1da6ed0/current/log_inprogress_0
2024-06-12 07:36:52,677 [8c3b1af4-43ff-4c22-ad10-b37d9e41628a@group-CB34C1DA6ED0-StateMachineUpdater] INFO  server.RaftServer$Division (LeaderStateImpl.java:isApplied(320)) - leader is ready since appliedIndex == 0 >= startIndex == 0
2024-06-12 07:36:52,678 [grpc-default-executor-3] INFO  server.RaftServer$Division (RaftServerImpl.java:requestVote(1389)) - 6f841693-a0f5-4238-8e94-5d49f60504b4@group-886BF1B6D606: receive requestVote(ELECTION, 29194895-a428-4dbc-89d8-767dd839d7c3, group-886BF1B6D606, 1, (t:0, i:0))
2024-06-12 07:36:52,679 [grpc-default-executor-3] INFO  impl.VoteContext (VoteContext.java:log(49)) - 6f841693-a0f5-4238-8e94-5d49f60504b4@group-886BF1B6D606-FOLLOWER: accept ELECTION from 29194895-a428-4dbc-89d8-767dd839d7c3: our priority 0 <= candidate's priority 1
2024-06-12 07:36:52,679 [grpc-default-executor-3] INFO  server.RaftServer$Division (RaftServerImpl.java:setRole(383)) - 6f841693-a0f5-4238-8e94-5d49f60504b4@group-886BF1B6D606: changes role from  FOLLOWER to FOLLOWER at term 1 for candidate:29194895-a428-4dbc-89d8-767dd839d7c3
2024-06-12 07:36:52,680 [grpc-default-executor-3] INFO  impl.RoleInfo (RoleInfo.java:shutdownFollowerState(110)) - 6f841693-a0f5-4238-8e94-5d49f60504b4: shutdown 6f841693-a0f5-4238-8e94-5d49f60504b4@group-886BF1B6D606-FollowerState
2024-06-12 07:36:52,680 [grpc-default-executor-3] INFO  impl.RoleInfo (RoleInfo.java:updateAndGet(139)) - 6f841693-a0f5-4238-8e94-5d49f60504b4: start 6f841693-a0f5-4238-8e94-5d49f60504b4@group-886BF1B6D606-FollowerState
2024-06-12 07:36:52,680 [6f841693-a0f5-4238-8e94-5d49f60504b4-impl-thread2] INFO  server.RaftServer$Division (RaftServerImpl.java:lambda$close$3(526)) - 6f841693-a0f5-4238-8e94-5d49f60504b4@group-C88D29D2180A: shutdown
2024-06-12 07:36:52,680 [6f841693-a0f5-4238-8e94-5d49f60504b4@group-886BF1B6D606-FollowerState] INFO  impl.FollowerState (FollowerState.java:run(152)) - 6f841693-a0f5-4238-8e94-5d49f60504b4@group-886BF1B6D606-FollowerState was interrupted
2024-06-12 07:36:52,681 [6f841693-a0f5-4238-8e94-5d49f60504b4-impl-thread2] INFO  util.JmxRegister (JmxRegister.java:unregister(73)) - Successfully un-registered JMX Bean with object name Ratis:service=RaftServer,group=group-C88D29D2180A,id=6f841693-a0f5-4238-8e94-5d49f60504b4
2024-06-12 07:36:52,681 [6f841693-a0f5-4238-8e94-5d49f60504b4-impl-thread2] INFO  impl.RoleInfo (RoleInfo.java:shutdownLeaderState(94)) - 6f841693-a0f5-4238-8e94-5d49f60504b4: shutdown 6f841693-a0f5-4238-8e94-5d49f60504b4@group-C88D29D2180A-LeaderStateImpl
2024-06-12 07:36:52,682 [6f841693-a0f5-4238-8e94-5d49f60504b4-impl-thread2] INFO  impl.PendingRequests (PendingRequests.java:sendNotLeaderResponses(289)) - 6f841693-a0f5-4238-8e94-5d49f60504b4@group-C88D29D2180A-PendingRequests: sendNotLeaderResponses
2024-06-12 07:36:52,683 [6f841693-a0f5-4238-8e94-5d49f60504b4@group-C88D29D2180A-StateMachineUpdater] INFO  ratis.ContainerStateMachine (ContainerStateMachine.java:takeSnapshot(355)) - group-C88D29D2180A: Taking a snapshot at:(t:1, i:0) file /home/runner/work/ozone/ozone/hadoop-ozone/integration-test/target/test-dir/MiniOzoneClusterImpl-63f03bc8-0399-4ce2-9c43-ca6ad8c463d8/ozone-meta/datanode-4/ratis/d1e616b0-b988-4dca-b8d3-c88d29d2180a/sm/snapshot.1_0
2024-06-12 07:36:52,683 [6f841693-a0f5-4238-8e94-5d49f60504b4@group-C88D29D2180A-StateMachineUpdater] INFO  ratis.ContainerStateMachine (ContainerStateMachine.java:takeSnapshot(366)) - group-C88D29D2180A: Finished taking a snapshot at:(t:1, i:0) file:/home/runner/work/ozone/ozone/hadoop-ozone/integration-test/target/test-dir/MiniOzoneClusterImpl-63f03bc8-0399-4ce2-9c43-ca6ad8c463d8/ozone-meta/datanode-4/ratis/d1e616b0-b988-4dca-b8d3-c88d29d2180a/sm/snapshot.1_0 took: 1 ms
2024-06-12 07:36:52,684 [6f841693-a0f5-4238-8e94-5d49f60504b4@group-C88D29D2180A-StateMachineUpdater] INFO  impl.StateMachineUpdater (StateMachineUpdater.java:takeSnapshot(295)) - 6f841693-a0f5-4238-8e94-5d49f60504b4@group-C88D29D2180A-StateMachineUpdater: Took a snapshot at index 0
2024-06-12 07:36:52,684 [6f841693-a0f5-4238-8e94-5d49f60504b4@group-C88D29D2180A-StateMachineUpdater] INFO  impl.StateMachineUpdater (StateMachineUpdater.java:lambda$new$0(98)) - 6f841693-a0f5-4238-8e94-5d49f60504b4@group-C88D29D2180A-StateMachineUpdater: snapshotIndex: updateIncreasingly -1 -> 0
2024-06-12 07:36:52,683 [6f841693-a0f5-4238-8e94-5d49f60504b4-impl-thread2] INFO  impl.StateMachineUpdater (StateMachineUpdater.java:stopAndJoin(157)) - 6f841693-a0f5-4238-8e94-5d49f60504b4@group-C88D29D2180A-StateMachineUpdater: set stopIndex = 0
2024-06-12 07:36:52,684 [6f841693-a0f5-4238-8e94-5d49f60504b4-impl-thread2] INFO  server.RaftServer$Division (ServerState.java:close(427)) - 6f841693-a0f5-4238-8e94-5d49f60504b4@group-C88D29D2180A: applyIndex: 0
2024-06-12 07:36:52,685 [6f841693-a0f5-4238-8e94-5d49f60504b4@group-C88D29D2180A-cacheEviction-AwaitToRun] INFO  util.AwaitToRun (AwaitToRun.java:run(49)) - 6f841693-a0f5-4238-8e94-5d49f60504b4@group-C88D29D2180A-cacheEviction-AwaitToRun-AwaitForSignal is interrupted
2024-06-12 07:36:52,684 [29194895-a428-4dbc-89d8-767dd839d7c3@group-886BF1B6D606-LeaderElection40] INFO  server.RaftServerConfigKeys (ConfUtils.java:logFallback(53)) - raft.server.rpc.first-election.timeout.min = 1s (fallback to raft.server.rpc.timeout.min)
2024-06-12 07:36:52,685 [29194895-a428-4dbc-89d8-767dd839d7c3@group-886BF1B6D606-LeaderElection40] INFO  server.RaftServerConfigKeys (ConfUtils.java:logFallback(53)) - raft.server.rpc.first-election.timeout.max = 1200ms (fallback to raft.server.rpc.timeout.max)
2024-06-12 07:36:52,686 [grpc-default-executor-2] INFO  server.RaftServer$Division (RaftServerImpl.java:requestVote(1389)) - ac495114-8bb8-4dac-b10f-46951d6cb650@group-886BF1B6D606: receive requestVote(ELECTION, 29194895-a428-4dbc-89d8-767dd839d7c3, group-886BF1B6D606, 1, (t:0, i:0))
2024-06-12 07:36:52,686 [grpc-default-executor-2] INFO  impl.VoteContext (VoteContext.java:log(49)) - ac495114-8bb8-4dac-b10f-46951d6cb650@group-886BF1B6D606-FOLLOWER: accept ELECTION from 29194895-a428-4dbc-89d8-767dd839d7c3: our priority 0 <= candidate's priority 1
2024-06-12 07:36:52,686 [grpc-default-executor-2] INFO  server.RaftServer$Division (RaftServerImpl.java:setRole(383)) - ac495114-8bb8-4dac-b10f-46951d6cb650@group-886BF1B6D606: changes role from  FOLLOWER to FOLLOWER at term 1 for candidate:29194895-a428-4dbc-89d8-767dd839d7c3
2024-06-12 07:36:52,686 [grpc-default-executor-2] INFO  impl.RoleInfo (RoleInfo.java:shutdownFollowerState(110)) - ac495114-8bb8-4dac-b10f-46951d6cb650: shutdown ac495114-8bb8-4dac-b10f-46951d6cb650@group-886BF1B6D606-FollowerState
2024-06-12 07:36:52,686 [grpc-default-executor-2] INFO  impl.RoleInfo (RoleInfo.java:updateAndGet(139)) - ac495114-8bb8-4dac-b10f-46951d6cb650: start ac495114-8bb8-4dac-b10f-46951d6cb650@group-886BF1B6D606-FollowerState
2024-06-12 07:36:52,686 [ac495114-8bb8-4dac-b10f-46951d6cb650@group-886BF1B6D606-FollowerState] INFO  impl.FollowerState (FollowerState.java:run(152)) - ac495114-8bb8-4dac-b10f-46951d6cb650@group-886BF1B6D606-FollowerState was interrupted
2024-06-12 07:36:52,688 [main] INFO  server.GrpcService (GrpcService.java:closeImpl(311)) - 6f841693-a0f5-4238-8e94-5d49f60504b4: shutdown server org.apache.ratis.grpc.server.GrpcClientProtocolService now
2024-06-12 07:36:52,690 [6f841693-a0f5-4238-8e94-5d49f60504b4-impl-thread3] INFO  server.RaftServer$Division (RaftServerImpl.java:lambda$close$3(526)) - 6f841693-a0f5-4238-8e94-5d49f60504b4@group-886BF1B6D606: shutdown
2024-06-12 07:36:52,690 [grpc-default-executor-3] INFO  server.RaftServer$Division (RaftServerImpl.java:requestVote(1422)) - 6f841693-a0f5-4238-8e94-5d49f60504b4@group-886BF1B6D606 replies to ELECTION vote request: 29194895-a428-4dbc-89d8-767dd839d7c3<-6f841693-a0f5-4238-8e94-5d49f60504b4#0:OK-t1. Peer's state: 6f841693-a0f5-4238-8e94-5d49f60504b4@group-886BF1B6D606:t1, leader=null, voted=29194895-a428-4dbc-89d8-767dd839d7c3, raftlog=Memoized:6f841693-a0f5-4238-8e94-5d49f60504b4@group-886BF1B6D606-SegmentedRaftLog:OPENED:c-1, conf=-1: peers:[6f841693-a0f5-4238-8e94-5d49f60504b4|127.0.0.1:15139, 29194895-a428-4dbc-89d8-767dd839d7c3|127.0.0.1:15157, ac495114-8bb8-4dac-b10f-46951d6cb650|127.0.0.1:15148]|listeners:[], old=null
2024-06-12 07:36:52,691 [6f841693-a0f5-4238-8e94-5d49f60504b4-impl-thread3] INFO  util.JmxRegister (JmxRegister.java:unregister(73)) - Successfully un-registered JMX Bean with object name Ratis:service=RaftServer,group=group-886BF1B6D606,id=6f841693-a0f5-4238-8e94-5d49f60504b4
2024-06-12 07:36:52,691 [6f841693-a0f5-4238-8e94-5d49f60504b4-impl-thread3] INFO  impl.RoleInfo (RoleInfo.java:shutdownFollowerState(110)) - 6f841693-a0f5-4238-8e94-5d49f60504b4: shutdown 6f841693-a0f5-4238-8e94-5d49f60504b4@group-886BF1B6D606-FollowerState
2024-06-12 07:36:52,691 [29194895-a428-4dbc-89d8-767dd839d7c3@group-886BF1B6D606-LeaderElection40] INFO  impl.LeaderElection (LeaderElection.java:logAndReturn(89)) - 29194895-a428-4dbc-89d8-767dd839d7c3@group-886BF1B6D606-LeaderElection40: ELECTION PASSED received 1 response(s) and 0 exception(s):
2024-06-12 07:36:52,692 [29194895-a428-4dbc-89d8-767dd839d7c3@group-886BF1B6D606-LeaderElection40] INFO  impl.LeaderElection (LeaderElection.java:logAndReturn(93)) -   Response 0: 29194895-a428-4dbc-89d8-767dd839d7c3<-6f841693-a0f5-4238-8e94-5d49f60504b4#0:OK-t1
2024-06-12 07:36:52,692 [29194895-a428-4dbc-89d8-767dd839d7c3@group-886BF1B6D606-LeaderElection40] INFO  impl.LeaderElection (LeaderElection.java:askForVotes(323)) - 29194895-a428-4dbc-89d8-767dd839d7c3@group-886BF1B6D606-LeaderElection40 ELECTION round 0: result PASSED
2024-06-12 07:36:52,692 [29194895-a428-4dbc-89d8-767dd839d7c3@group-886BF1B6D606-LeaderElection40] INFO  impl.RoleInfo (RoleInfo.java:shutdownLeaderElection(130)) - 29194895-a428-4dbc-89d8-767dd839d7c3: shutdown 29194895-a428-4dbc-89d8-767dd839d7c3@group-886BF1B6D606-LeaderElection40
2024-06-12 07:36:52,692 [29194895-a428-4dbc-89d8-767dd839d7c3@group-886BF1B6D606-LeaderElection40] INFO  server.RaftServer$Division (RaftServerImpl.java:setRole(383)) - 29194895-a428-4dbc-89d8-767dd839d7c3@group-886BF1B6D606: changes role from CANDIDATE to LEADER at term 1 for changeToLeader
2024-06-12 07:36:52,692 [29194895-a428-4dbc-89d8-767dd839d7c3@group-886BF1B6D606-LeaderElection40] INFO  server.RaftServerConfigKeys (ConfUtils.java:logGet(46)) - raft.server.staging.catchup.gap = 1000 (default)
2024-06-12 07:36:52,692 [29194895-a428-4dbc-89d8-767dd839d7c3@group-886BF1B6D606-LeaderElection40] INFO  server.RaftServerConfigKeys (ConfUtils.java:logGet(46)) - raft.server.write.element-limit = 1024 (custom)
2024-06-12 07:36:52,692 [29194895-a428-4dbc-89d8-767dd839d7c3@group-886BF1B6D606-LeaderElection40] INFO  server.RaftServerConfigKeys (ConfUtils.java:logGet(46)) - raft.server.write.byte-limit = 1024 M (=1073741824) (custom)
2024-06-12 07:36:52,692 [29194895-a428-4dbc-89d8-767dd839d7c3@group-886BF1B6D606-LeaderElection40] INFO  server.RaftServerConfigKeys (ConfUtils.java:logGet(46)) - raft.server.watch.timeout = 3000ms (custom)
2024-06-12 07:36:52,692 [29194895-a428-4dbc-89d8-767dd839d7c3@group-886BF1B6D606-LeaderElection40] INFO  server.RaftServerConfigKeys (ConfUtils.java:logGet(46)) - raft.server.watch.timeout.denomination = 1s (default)
2024-06-12 07:36:52,692 [29194895-a428-4dbc-89d8-767dd839d7c3@group-886BF1B6D606-LeaderElection40] INFO  server.RaftServerConfigKeys (ConfUtils.java:logGet(46)) - raft.server.watch.element-limit = 65536 (default)
2024-06-12 07:36:52,692 [29194895-a428-4dbc-89d8-767dd839d7c3@group-886BF1B6D606-LeaderElection40] INFO  server.RaftServerConfigKeys (ConfUtils.java:logGet(46)) - raft.server.read.leader.lease.enabled = false (default)
2024-06-12 07:36:52,692 [29194895-a428-4dbc-89d8-767dd839d7c3@group-886BF1B6D606-LeaderElection40] INFO  server.RaftServerConfigKeys (ConfUtils.java:logGet(46)) - raft.server.read.leader.lease.timeout.ratio = 0.9 (default)
2024-06-12 07:36:52,692 [29194895-a428-4dbc-89d8-767dd839d7c3@group-886BF1B6D606-LeaderElection40] INFO  server.RaftServerConfigKeys (ConfUtils.java:logGet(46)) - raft.server.rpc.timeout.min = 1s (custom)
2024-06-12 07:36:52,693 [29194895-a428-4dbc-89d8-767dd839d7c3@group-886BF1B6D606-LeaderElection40] INFO  server.RaftServerConfigKeys (ConfUtils.java:logGet(46)) - raft.server.write.element-limit = 1024 (custom)
2024-06-12 07:36:52,693 [29194895-a428-4dbc-89d8-767dd839d7c3@group-886BF1B6D606-LeaderElection40] INFO  server.RaftServerConfigKeys (ConfUtils.java:logGet(46)) - raft.server.write.follower.gap.ratio.max = -1.0 (default)
2024-06-12 07:36:52,693 [29194895-a428-4dbc-89d8-767dd839d7c3@group-886BF1B6D606-LeaderElection40] INFO  server.RaftServerConfigKeys (ConfUtils.java:logGet(46)) - raft.server.log.appender.snapshot.chunk.size.max = 16MB (=16777216) (default)
2024-06-12 07:36:52,693 [29194895-a428-4dbc-89d8-767dd839d7c3@group-886BF1B6D606-LeaderElection40] INFO  server.RaftServerConfigKeys (ConfUtils.java:logGet(46)) - raft.server.log.appender.buffer.byte-limit = 8388608 (custom)
2024-06-12 07:36:52,693 [29194895-a428-4dbc-89d8-767dd839d7c3@group-886BF1B6D606-LeaderElection40] INFO  server.RaftServerConfigKeys (ConfUtils.java:logGet(46)) - raft.server.log.appender.buffer.element-limit = 1024 (custom)
2024-06-12 07:36:52,693 [29194895-a428-4dbc-89d8-767dd839d7c3@group-886BF1B6D606-LeaderElection40] INFO  server.RaftServerConfigKeys (ConfUtils.java:logGet(46)) - raft.server.log.appender.wait-time.min = 0ms (custom)
2024-06-12 07:36:52,693 [29194895-a428-4dbc-89d8-767dd839d7c3@group-886BF1B6D606-LeaderElection40] INFO  grpc.GrpcConfigKeys (ConfUtils.java:logGet(46)) - raft.grpc.server.leader.outstanding.appends.max = 8 (default)
2024-06-12 07:36:52,693 [29194895-a428-4dbc-89d8-767dd839d7c3@group-886BF1B6D606-LeaderElection40] INFO  server.RaftServerConfigKeys (ConfUtils.java:logGet(46)) - raft.server.rpc.request.timeout = 3000ms (default)
2024-06-12 07:36:52,693 [29194895-a428-4dbc-89d8-767dd839d7c3@group-886BF1B6D606-LeaderElection40] INFO  grpc.GrpcConfigKeys (ConfUtils.java:logGet(46)) - raft.grpc.server.install_snapshot.request.element-limit = 8 (default)
2024-06-12 07:36:52,693 [29194895-a428-4dbc-89d8-767dd839d7c3@group-886BF1B6D606-LeaderElection40] INFO  grpc.GrpcConfigKeys (ConfUtils.java:logGet(46)) - raft.grpc.server.install_snapshot.request.timeout = 3000ms (default)
2024-06-12 07:36:52,693 [29194895-a428-4dbc-89d8-767dd839d7c3@group-886BF1B6D606-LeaderElection40] INFO  grpc.GrpcConfigKeys (ConfUtils.java:logGet(46)) - raft.grpc.server.log-message.batch.duration = 5s (default)
2024-06-12 07:36:52,693 [29194895-a428-4dbc-89d8-767dd839d7c3@group-886BF1B6D606-LeaderElection40] INFO  server.RaftServerConfigKeys (ConfUtils.java:logGet(46)) - raft.server.log.appender.install.snapshot.enabled = false (custom)
2024-06-12 07:36:52,693 [29194895-a428-4dbc-89d8-767dd839d7c3@group-886BF1B6D606-LeaderElection40] INFO  grpc.GrpcConfigKeys (ConfUtils.java:logGet(46)) - raft.grpc.server.heartbeat.channel = true (default)
2024-06-12 07:36:52,694 [29194895-a428-4dbc-89d8-767dd839d7c3@group-886BF1B6D606-LeaderElection40] INFO  server.RaftServerConfigKeys (ConfUtils.java:logGet(46)) - raft.server.log.appender.snapshot.chunk.size.max = 16MB (=16777216) (default)
2024-06-12 07:36:52,694 [29194895-a428-4dbc-89d8-767dd839d7c3@group-886BF1B6D606-LeaderElection40] INFO  server.RaftServerConfigKeys (ConfUtils.java:logGet(46)) - raft.server.log.appender.buffer.byte-limit = 8388608 (custom)
2024-06-12 07:36:52,694 [29194895-a428-4dbc-89d8-767dd839d7c3@group-886BF1B6D606-LeaderElection40] INFO  server.RaftServerConfigKeys (ConfUtils.java:logGet(46)) - raft.server.log.appender.buffer.element-limit = 1024 (custom)
2024-06-12 07:36:52,694 [29194895-a428-4dbc-89d8-767dd839d7c3@group-886BF1B6D606-LeaderElection40] INFO  server.RaftServerConfigKeys (ConfUtils.java:logGet(46)) - raft.server.log.appender.wait-time.min = 0ms (custom)
2024-06-12 07:36:52,694 [29194895-a428-4dbc-89d8-767dd839d7c3@group-886BF1B6D606-LeaderElection40] INFO  grpc.GrpcConfigKeys (ConfUtils.java:logGet(46)) - raft.grpc.server.leader.outstanding.appends.max = 8 (default)
2024-06-12 07:36:52,694 [29194895-a428-4dbc-89d8-767dd839d7c3@group-886BF1B6D606-LeaderElection40] INFO  server.RaftServerConfigKeys (ConfUtils.java:logGet(46)) - raft.server.rpc.request.timeout = 3000ms (default)
2024-06-12 07:36:52,694 [29194895-a428-4dbc-89d8-767dd839d7c3@group-886BF1B6D606-LeaderElection40] INFO  grpc.GrpcConfigKeys (ConfUtils.java:logGet(46)) - raft.grpc.server.install_snapshot.request.element-limit = 8 (default)
2024-06-12 07:36:52,694 [29194895-a428-4dbc-89d8-767dd839d7c3@group-886BF1B6D606-LeaderElection40] INFO  grpc.GrpcConfigKeys (ConfUtils.java:logGet(46)) - raft.grpc.server.install_snapshot.request.timeout = 3000ms (default)
2024-06-12 07:36:52,695 [29194895-a428-4dbc-89d8-767dd839d7c3@group-886BF1B6D606-LeaderElection40] INFO  grpc.GrpcConfigKeys (ConfUtils.java:logGet(46)) - raft.grpc.server.log-message.batch.duration = 5s (default)
2024-06-12 07:36:52,695 [29194895-a428-4dbc-89d8-767dd839d7c3@group-886BF1B6D606-LeaderElection40] INFO  server.RaftServerConfigKeys (ConfUtils.java:logGet(46)) - raft.server.log.appender.install.snapshot.enabled = false (custom)
2024-06-12 07:36:52,695 [29194895-a428-4dbc-89d8-767dd839d7c3@group-886BF1B6D606-LeaderElection40] INFO  grpc.GrpcConfigKeys (ConfUtils.java:logGet(46)) - raft.grpc.server.heartbeat.channel = true (default)
2024-06-12 07:36:52,695 [29194895-a428-4dbc-89d8-767dd839d7c3@group-886BF1B6D606-LeaderElection40] INFO  impl.RoleInfo (RoleInfo.java:updateAndGet(139)) - 29194895-a428-4dbc-89d8-767dd839d7c3: start 29194895-a428-4dbc-89d8-767dd839d7c3@group-886BF1B6D606-LeaderStateImpl
2024-06-12 07:36:52,695 [29194895-a428-4dbc-89d8-767dd839d7c3@group-886BF1B6D606-LeaderElection40] INFO  server.RaftServer$Division (RaftServerImpl.java:setFirstElection(574)) - 29194895-a428-4dbc-89d8-767dd839d7c3@group-886BF1B6D606: set firstElectionSinceStartup to false for becomeLeader
2024-06-12 07:36:52,695 [29194895-a428-4dbc-89d8-767dd839d7c3@group-886BF1B6D606-LeaderElection40] INFO  ratis.XceiverServerRatis (XceiverServerRatis.java:handleLeaderChangedNotification(966)) - Leader change notification received for group: group-886BF1B6D606 with new leaderId: 29194895-a428-4dbc-89d8-767dd839d7c3
2024-06-12 07:36:52,695 [29194895-a428-4dbc-89d8-767dd839d7c3@group-886BF1B6D606-LeaderElection40] INFO  server.RaftServer$Division (ServerState.java:setLeader(269)) - 29194895-a428-4dbc-89d8-767dd839d7c3@group-886BF1B6D606: change Leader from null to 29194895-a428-4dbc-89d8-767dd839d7c3 at term 1 for becomeLeader, leader elected after 1258ms
2024-06-12 07:36:52,695 [29194895-a428-4dbc-89d8-767dd839d7c3@group-886BF1B6D606-LeaderElection40] INFO  segmented.SegmentedRaftLogWorker (SegmentedRaftLogWorker.java:startLogSegment(430)) - 29194895-a428-4dbc-89d8-767dd839d7c3@group-886BF1B6D606-SegmentedRaftLogWorker: Starting segment from index:0
2024-06-12 07:36:52,695 [29194895-a428-4dbc-89d8-767dd839d7c3@group-886BF1B6D606-LeaderElection40] INFO  server.RaftServer$Division (ServerState.java:setRaftConf(386)) - 29194895-a428-4dbc-89d8-767dd839d7c3@group-886BF1B6D606: set configuration 0: peers:[6f841693-a0f5-4238-8e94-5d49f60504b4|127.0.0.1:15139, 29194895-a428-4dbc-89d8-767dd839d7c3|127.0.0.1:15157, ac495114-8bb8-4dac-b10f-46951d6cb650|127.0.0.1:15148]|listeners:[], old=null
2024-06-12 07:36:52,696 [29194895-a428-4dbc-89d8-767dd839d7c3@group-886BF1B6D606-SegmentedRaftLogWorker] INFO  segmented.BufferedWriteChannel (BufferedWriteChannel.java:open(62)) - open log_inprogress_0 at position 0
2024-06-12 07:36:52,692 [6f841693-a0f5-4238-8e94-5d49f60504b4-impl-thread3] INFO  impl.StateMachineUpdater (StateMachineUpdater.java:stopAndJoin(157)) - 6f841693-a0f5-4238-8e94-5d49f60504b4@group-886BF1B6D606-StateMachineUpdater: set stopIndex = -1
2024-06-12 07:36:52,696 [6f841693-a0f5-4238-8e94-5d49f60504b4@group-886BF1B6D606-FollowerState] INFO  impl.FollowerState (FollowerState.java:run(152)) - 6f841693-a0f5-4238-8e94-5d49f60504b4@group-886BF1B6D606-FollowerState was interrupted
2024-06-12 07:36:52,696 [6f841693-a0f5-4238-8e94-5d49f60504b4-impl-thread3] INFO  server.RaftServer$Division (ServerState.java:close(427)) - 6f841693-a0f5-4238-8e94-5d49f60504b4@group-886BF1B6D606: applyIndex: -1
2024-06-12 07:36:52,697 [6f841693-a0f5-4238-8e94-5d49f60504b4@group-886BF1B6D606-cacheEviction-AwaitToRun] INFO  util.AwaitToRun (AwaitToRun.java:run(49)) - 6f841693-a0f5-4238-8e94-5d49f60504b4@group-886BF1B6D606-cacheEviction-AwaitToRun-AwaitForSignal is interrupted
2024-06-12 07:36:52,700 [EventQueue-PipelineReportForPipelineReportHandler] INFO  pipeline.PipelineReportHandler (PipelineReportHandler.java:processPipelineReport(136)) - Opened pipeline PipelineID=750c4273-4abe-4ab7-ae36-886bf1b6d606
2024-06-12 07:36:52,703 [grpc-default-executor-2] INFO  server.RaftServer$Division (RaftServerImpl.java:requestVote(1422)) - ac495114-8bb8-4dac-b10f-46951d6cb650@group-886BF1B6D606 replies to ELECTION vote request: 29194895-a428-4dbc-89d8-767dd839d7c3<-ac495114-8bb8-4dac-b10f-46951d6cb650#0:OK-t1. Peer's state: ac495114-8bb8-4dac-b10f-46951d6cb650@group-886BF1B6D606:t1, leader=null, voted=29194895-a428-4dbc-89d8-767dd839d7c3, raftlog=Memoized:ac495114-8bb8-4dac-b10f-46951d6cb650@group-886BF1B6D606-SegmentedRaftLog:OPENED:c-1, conf=-1: peers:[6f841693-a0f5-4238-8e94-5d49f60504b4|127.0.0.1:15139, 29194895-a428-4dbc-89d8-767dd839d7c3|127.0.0.1:15157, ac495114-8bb8-4dac-b10f-46951d6cb650|127.0.0.1:15148]|listeners:[], old=null
2024-06-12 07:36:52,704 [29194895-a428-4dbc-89d8-767dd839d7c3@group-886BF1B6D606-SegmentedRaftLogWorker] INFO  segmented.SegmentedRaftLogWorker (SegmentedRaftLogWorker.java:execute(634)) - 29194895-a428-4dbc-89d8-767dd839d7c3@group-886BF1B6D606-SegmentedRaftLogWorker: created new log segment /home/runner/work/ozone/ozone/hadoop-ozone/integration-test/target/test-dir/MiniOzoneClusterImpl-63f03bc8-0399-4ce2-9c43-ca6ad8c463d8/ozone-meta/datanode-6/ratis/750c4273-4abe-4ab7-ae36-886bf1b6d606/current/log_inprogress_0
2024-06-12 07:36:52,709 [Thread-2298] INFO  server.GrpcServerProtocolClient (GrpcServerProtocolClient.java:close(103)) - 29194895-a428-4dbc-89d8-767dd839d7c3 Close channels
2024-06-12 07:36:52,716 [Thread-2299] INFO  server.GrpcServerProtocolClient (GrpcServerProtocolClient.java:close(103)) - ac495114-8bb8-4dac-b10f-46951d6cb650 Close channels
2024-06-12 07:36:52,717 [grpc-default-executor-4] WARN  server.GrpcServerProtocolService (LogUtils.java:warn(123)) - 6f841693-a0f5-4238-8e94-5d49f60504b4: Failed APPEND_ENTRIES request 29194895-a428-4dbc-89d8-767dd839d7c3->6f841693-a0f5-4238-8e94-5d49f60504b4#1-t1,previous=(t:0, i:0),leaderCommit=-1,initializing? false,entries: size=1, first=(t:1, i:0), CONFIGURATIONENTRY(current:id: "6f841693-a0f5-4238-8e94-5d49f60504b4"
address: "127.0.0.1:15139"
dataStreamAddress: "127.0.0.1:15140"
clientAddress: "127.0.0.1:15137"
adminAddress: "127.0.0.1:15138"
startupRole: FOLLOWER
,id: "29194895-a428-4dbc-89d8-767dd839d7c3"
address: "127.0.0.1:15157"
priority: 1
dataStreamAddress: "127.0.0.1:15158"
clientAddress: "127.0.0.1:15155"
adminAddress: "127.0.0.1:15156"
startupRole: FOLLOWER
,id: "ac495114-8bb8-4dac-b10f-46951d6cb650"
address: "127.0.0.1:15148"
dataStreamAddress: "127.0.0.1:15149"
clientAddress: "127.0.0.1:15146"
adminAddress: "127.0.0.1:15147"
startupRole: FOLLOWER
, old:)
java.util.concurrent.CompletionException: org.apache.ratis.protocol.exceptions.ServerNotReadyException: 6f841693-a0f5-4238-8e94-5d49f60504b4@group-886BF1B6D606 is not in [STARTING, RUNNING]: current state is CLOSING
	at org.apache.ratis.util.JavaUtils.callAsUnchecked(JavaUtils.java:122)
	at org.apache.ratis.server.impl.RaftServerImpl.lambda$executeSubmitServerRequestAsync$12(RaftServerImpl.java:891)
	at java.base/java.util.concurrent.CompletableFuture$AsyncSupply.run(CompletableFuture.java:1768)
	at java.base/java.util.concurrent.ThreadPoolExecutor.runWorker(ThreadPoolExecutor.java:1136)
	at java.base/java.util.concurrent.ThreadPoolExecutor$Worker.run(ThreadPoolExecutor.java:635)
	at java.base/java.lang.Thread.run(Thread.java:840)
Caused by: org.apache.ratis.protocol.exceptions.ServerNotReadyException: 6f841693-a0f5-4238-8e94-5d49f60504b4@group-886BF1B6D606 is not in [STARTING, RUNNING]: current state is CLOSING
	at org.apache.ratis.server.impl.RaftServerImpl.lambda$assertLifeCycleState$10(RaftServerImpl.java:812)
	at org.apache.ratis.util.LifeCycle.assertCurrentState(LifeCycle.java:260)
	at org.apache.ratis.server.impl.RaftServerImpl.assertLifeCycleState(RaftServerImpl.java:811)
	at org.apache.ratis.server.impl.RaftServerImpl.preAppendEntriesAsync(RaftServerImpl.java:1536)
	at org.apache.ratis.server.impl.RaftServerImpl.appendEntriesAsync(RaftServerImpl.java:1480)
	at org.apache.ratis.server.impl.RaftServerProxy.lambda$null$28(RaftServerProxy.java:644)
	at org.apache.ratis.util.JavaUtils.callAsUnchecked(JavaUtils.java:118)
	... 5 more
2024-06-12 07:36:52,719 [ac495114-8bb8-4dac-b10f-46951d6cb650-server-thread2] INFO  ratis.XceiverServerRatis (XceiverServerRatis.java:handleLeaderChangedNotification(966)) - Leader change notification received for group: group-886BF1B6D606 with new leaderId: 29194895-a428-4dbc-89d8-767dd839d7c3
2024-06-12 07:36:52,719 [ac495114-8bb8-4dac-b10f-46951d6cb650-server-thread2] INFO  server.RaftServer$Division (ServerState.java:setLeader(269)) - ac495114-8bb8-4dac-b10f-46951d6cb650@group-886BF1B6D606: change Leader from null to 29194895-a428-4dbc-89d8-767dd839d7c3 at term 1 for appendEntries, leader elected after 1372ms
2024-06-12 07:36:52,718 [main] INFO  server.GrpcService (GrpcService.java:closeImpl(320)) - 6f841693-a0f5-4238-8e94-5d49f60504b4: shutdown server org.apache.ratis.grpc.server.GrpcClientProtocolService successfully
2024-06-12 07:36:52,721 [main] INFO  server.GrpcService (GrpcService.java:closeImpl(311)) - 6f841693-a0f5-4238-8e94-5d49f60504b4: shutdown server GrpcServerProtocolService now
2024-06-12 07:36:52,722 [ac495114-8bb8-4dac-b10f-46951d6cb650-server-thread2] INFO  server.RaftServer$Division (ServerState.java:setRaftConf(386)) - ac495114-8bb8-4dac-b10f-46951d6cb650@group-886BF1B6D606: set configuration 0: peers:[6f841693-a0f5-4238-8e94-5d49f60504b4|127.0.0.1:15139, 29194895-a428-4dbc-89d8-767dd839d7c3|127.0.0.1:15157, ac495114-8bb8-4dac-b10f-46951d6cb650|127.0.0.1:15148]|listeners:[], old=null
2024-06-12 07:36:52,722 [ac495114-8bb8-4dac-b10f-46951d6cb650-server-thread2] INFO  segmented.SegmentedRaftLogWorker (SegmentedRaftLogWorker.java:startLogSegment(430)) - ac495114-8bb8-4dac-b10f-46951d6cb650@group-886BF1B6D606-SegmentedRaftLogWorker: Starting segment from index:0
2024-06-12 07:36:52,722 [ac495114-8bb8-4dac-b10f-46951d6cb650@group-886BF1B6D606-SegmentedRaftLogWorker] INFO  segmented.BufferedWriteChannel (BufferedWriteChannel.java:open(62)) - open log_inprogress_0 at position 0
2024-06-12 07:36:52,725 [grpc-default-executor-2] WARN  server.GrpcServerProtocolService (LogUtils.java:warn(121)) - 6f841693-a0f5-4238-8e94-5d49f60504b4: APPEND_ENTRIES onError, lastRequest: null: org.apache.ratis.thirdparty.io.grpc.StatusRuntimeException: CANCELLED: client cancelled
2024-06-12 07:36:52,725 [main] INFO  server.GrpcService (GrpcService.java:closeImpl(320)) - 6f841693-a0f5-4238-8e94-5d49f60504b4: shutdown server GrpcServerProtocolService successfully
2024-06-12 07:36:52,725 [main] INFO  server.GrpcService (GrpcService.java:closeImpl(311)) - 6f841693-a0f5-4238-8e94-5d49f60504b4: shutdown server org.apache.ratis.grpc.server.GrpcAdminProtocolService now
2024-06-12 07:36:52,725 [grpc-default-executor-3] WARN  server.GrpcLogAppender (GrpcLogAppender.java:lambda$resetClient$1(217)) - 29194895-a428-4dbc-89d8-767dd839d7c3@group-886BF1B6D606->6f841693-a0f5-4238-8e94-5d49f60504b4-GrpcLogAppender: Follower failed (request=null, errorCount=1); keep nextIndex (1) unchanged and retry.
2024-06-12 07:36:52,721 [grpc-default-executor-4] WARN  server.GrpcLogAppender (LogUtils.java:warn(121)) - 29194895-a428-4dbc-89d8-767dd839d7c3@group-886BF1B6D606->6f841693-a0f5-4238-8e94-5d49f60504b4-AppendLogResponseHandler: Failed appendEntries: org.apache.ratis.protocol.exceptions.ServerNotReadyException: 6f841693-a0f5-4238-8e94-5d49f60504b4@group-886BF1B6D606 is not in [STARTING, RUNNING]: current state is CLOSING
2024-06-12 07:36:52,727 [main] INFO  server.GrpcService (GrpcService.java:closeImpl(320)) - 6f841693-a0f5-4238-8e94-5d49f60504b4: shutdown server org.apache.ratis.grpc.server.GrpcAdminProtocolService successfully
2024-06-12 07:36:52,730 [ac495114-8bb8-4dac-b10f-46951d6cb650@group-886BF1B6D606-SegmentedRaftLogWorker] INFO  segmented.SegmentedRaftLogWorker (SegmentedRaftLogWorker.java:execute(634)) - ac495114-8bb8-4dac-b10f-46951d6cb650@group-886BF1B6D606-SegmentedRaftLogWorker: created new log segment /home/runner/work/ozone/ozone/hadoop-ozone/integration-test/target/test-dir/MiniOzoneClusterImpl-63f03bc8-0399-4ce2-9c43-ca6ad8c463d8/ozone-meta/datanode-5/ratis/750c4273-4abe-4ab7-ae36-886bf1b6d606/current/log_inprogress_0
2024-06-12 07:36:52,732 [29194895-a428-4dbc-89d8-767dd839d7c3@group-886BF1B6D606-StateMachineUpdater] INFO  server.RaftServer$Division (LeaderStateImpl.java:isApplied(320)) - leader is ready since appliedIndex == 0 >= startIndex == 0
2024-06-12 07:36:52,737 [6f841693-a0f5-4238-8e94-5d49f60504b4-NettyServerStreamRpc-bossGroup--thread1] INFO  logging.LoggingHandler (AbstractInternalLogger.java:log(148)) - [id: 0x088d9436, L:/0.0.0.0:15140] CLOSE
2024-06-12 07:36:52,737 [6f841693-a0f5-4238-8e94-5d49f60504b4-NettyServerStreamRpc-bossGroup--thread1] INFO  logging.LoggingHandler (AbstractInternalLogger.java:log(148)) - [id: 0x088d9436, L:/0.0.0.0:15140] INACTIVE
2024-06-12 07:36:52,737 [6f841693-a0f5-4238-8e94-5d49f60504b4-NettyServerStreamRpc-bossGroup--thread1] INFO  logging.LoggingHandler (AbstractInternalLogger.java:log(148)) - [id: 0x088d9436, L:/0.0.0.0:15140] UNREGISTERED
2024-06-12 07:36:53,342 [6f841693-a0f5-4238-8e94-5d49f60504b4-impl-thread2] INFO  segmented.SegmentedRaftLogWorker (SegmentedRaftLogWorker.java:close(245)) - 6f841693-a0f5-4238-8e94-5d49f60504b4@group-C88D29D2180A-SegmentedRaftLogWorker close()
2024-06-12 07:36:53,438 [6f841693-a0f5-4238-8e94-5d49f60504b4-impl-thread3] INFO  segmented.SegmentedRaftLogWorker (SegmentedRaftLogWorker.java:close(245)) - 6f841693-a0f5-4238-8e94-5d49f60504b4@group-886BF1B6D606-SegmentedRaftLogWorker close()
2024-06-12 07:36:54,778 [29194895-a428-4dbc-89d8-767dd839d7c3@group-A20483CAC47C-FollowerState] INFO  impl.FollowerState (FollowerState.java:run(143)) - 29194895-a428-4dbc-89d8-767dd839d7c3@group-A20483CAC47C-FollowerState: change to CANDIDATE, lastRpcElapsedTime:2150812505ns, electionTimeout:1105ms
2024-06-12 07:36:54,778 [29194895-a428-4dbc-89d8-767dd839d7c3@group-A20483CAC47C-FollowerState] INFO  impl.RoleInfo (RoleInfo.java:shutdownFollowerState(110)) - 29194895-a428-4dbc-89d8-767dd839d7c3: shutdown 29194895-a428-4dbc-89d8-767dd839d7c3@group-A20483CAC47C-FollowerState
2024-06-12 07:36:54,778 [29194895-a428-4dbc-89d8-767dd839d7c3@group-A20483CAC47C-FollowerState] INFO  server.RaftServer$Division (RaftServerImpl.java:setRole(383)) - 29194895-a428-4dbc-89d8-767dd839d7c3@group-A20483CAC47C: changes role from  FOLLOWER to CANDIDATE at term 1 for changeToCandidate
2024-06-12 07:36:54,778 [29194895-a428-4dbc-89d8-767dd839d7c3@group-A20483CAC47C-FollowerState] INFO  server.RaftServerConfigKeys (ConfUtils.java:logGet(46)) - raft.server.leaderelection.pre-vote = true (default)
2024-06-12 07:36:54,778 [29194895-a428-4dbc-89d8-767dd839d7c3@group-A20483CAC47C-FollowerState] INFO  impl.RoleInfo (RoleInfo.java:updateAndGet(139)) - 29194895-a428-4dbc-89d8-767dd839d7c3: start 29194895-a428-4dbc-89d8-767dd839d7c3@group-A20483CAC47C-LeaderElection43
2024-06-12 07:36:54,778 [29194895-a428-4dbc-89d8-767dd839d7c3@group-A20483CAC47C-LeaderElection43] INFO  impl.LeaderElection (LeaderElection.java:askForVotes(321)) - 29194895-a428-4dbc-89d8-767dd839d7c3@group-A20483CAC47C-LeaderElection43 PRE_VOTE round 0: submit vote requests at term 1 for -1: peers:[6f841693-a0f5-4238-8e94-5d49f60504b4|127.0.0.1:15139, 29194895-a428-4dbc-89d8-767dd839d7c3|127.0.0.1:15157, ac495114-8bb8-4dac-b10f-46951d6cb650|127.0.0.1:15148]|listeners:[], old=null
2024-06-12 07:36:54,779 [29194895-a428-4dbc-89d8-767dd839d7c3@group-A20483CAC47C-LeaderElection43] INFO  impl.LeaderElection (LogUtils.java:infoOrTrace(136)) - 29194895-a428-4dbc-89d8-767dd839d7c3@group-A20483CAC47C-LeaderElection43 got exception when requesting votes: java.util.concurrent.ExecutionException: org.apache.ratis.thirdparty.io.grpc.StatusRuntimeException: UNAVAILABLE: io exception
2024-06-12 07:36:54,780 [grpc-default-executor-3] INFO  server.RaftServer$Division (RaftServerImpl.java:requestVote(1389)) - ac495114-8bb8-4dac-b10f-46951d6cb650@group-A20483CAC47C: receive requestVote(PRE_VOTE, 29194895-a428-4dbc-89d8-767dd839d7c3, group-A20483CAC47C, 1, (t:0, i:0))
2024-06-12 07:36:54,780 [grpc-default-executor-3] INFO  impl.VoteContext (VoteContext.java:log(49)) - ac495114-8bb8-4dac-b10f-46951d6cb650@group-A20483CAC47C-FOLLOWER: accept PRE_VOTE from 29194895-a428-4dbc-89d8-767dd839d7c3: our priority 0 <= candidate's priority 0
2024-06-12 07:36:54,780 [grpc-default-executor-3] INFO  server.RaftServer$Division (RaftServerImpl.java:requestVote(1422)) - ac495114-8bb8-4dac-b10f-46951d6cb650@group-A20483CAC47C replies to PRE_VOTE vote request: 29194895-a428-4dbc-89d8-767dd839d7c3<-ac495114-8bb8-4dac-b10f-46951d6cb650#0:OK-t1. Peer's state: ac495114-8bb8-4dac-b10f-46951d6cb650@group-A20483CAC47C:t1, leader=null, voted=6f841693-a0f5-4238-8e94-5d49f60504b4, raftlog=Memoized:ac495114-8bb8-4dac-b10f-46951d6cb650@group-A20483CAC47C-SegmentedRaftLog:OPENED:c-1, conf=-1: peers:[6f841693-a0f5-4238-8e94-5d49f60504b4|127.0.0.1:15139, 29194895-a428-4dbc-89d8-767dd839d7c3|127.0.0.1:15157, ac495114-8bb8-4dac-b10f-46951d6cb650|127.0.0.1:15148]|listeners:[], old=null
2024-06-12 07:36:54,780 [29194895-a428-4dbc-89d8-767dd839d7c3@group-A20483CAC47C-LeaderElection43] INFO  impl.LeaderElection (LeaderElection.java:logAndReturn(89)) - 29194895-a428-4dbc-89d8-767dd839d7c3@group-A20483CAC47C-LeaderElection43: PRE_VOTE PASSED received 1 response(s) and 1 exception(s):
2024-06-12 07:36:54,781 [29194895-a428-4dbc-89d8-767dd839d7c3@group-A20483CAC47C-LeaderElection43] INFO  impl.LeaderElection (LeaderElection.java:logAndReturn(93)) -   Response 0: 29194895-a428-4dbc-89d8-767dd839d7c3<-ac495114-8bb8-4dac-b10f-46951d6cb650#0:OK-t1
2024-06-12 07:36:54,781 [29194895-a428-4dbc-89d8-767dd839d7c3@group-A20483CAC47C-LeaderElection43] INFO  impl.LeaderElection (LogUtils.java:infoOrTrace(136)) -   Exception 1: java.util.concurrent.ExecutionException: org.apache.ratis.thirdparty.io.grpc.StatusRuntimeException: UNAVAILABLE: io exception
2024-06-12 07:36:54,781 [29194895-a428-4dbc-89d8-767dd839d7c3@group-A20483CAC47C-LeaderElection43] INFO  impl.LeaderElection (LeaderElection.java:askForVotes(323)) - 29194895-a428-4dbc-89d8-767dd839d7c3@group-A20483CAC47C-LeaderElection43 PRE_VOTE round 0: result PASSED
2024-06-12 07:36:54,782 [29194895-a428-4dbc-89d8-767dd839d7c3@group-A20483CAC47C-LeaderElection43] INFO  impl.LeaderElection (LeaderElection.java:askForVotes(321)) - 29194895-a428-4dbc-89d8-767dd839d7c3@group-A20483CAC47C-LeaderElection43 ELECTION round 0: submit vote requests at term 2 for -1: peers:[6f841693-a0f5-4238-8e94-5d49f60504b4|127.0.0.1:15139, 29194895-a428-4dbc-89d8-767dd839d7c3|127.0.0.1:15157, ac495114-8bb8-4dac-b10f-46951d6cb650|127.0.0.1:15148]|listeners:[], old=null
2024-06-12 07:36:54,782 [29194895-a428-4dbc-89d8-767dd839d7c3@group-A20483CAC47C-LeaderElection43] INFO  impl.LeaderElection (LogUtils.java:infoOrTrace(136)) - 29194895-a428-4dbc-89d8-767dd839d7c3@group-A20483CAC47C-LeaderElection43 got exception when requesting votes: java.util.concurrent.ExecutionException: org.apache.ratis.thirdparty.io.grpc.StatusRuntimeException: UNAVAILABLE: io exception
2024-06-12 07:36:54,783 [grpc-default-executor-3] INFO  server.RaftServer$Division (RaftServerImpl.java:requestVote(1389)) - ac495114-8bb8-4dac-b10f-46951d6cb650@group-A20483CAC47C: receive requestVote(ELECTION, 29194895-a428-4dbc-89d8-767dd839d7c3, group-A20483CAC47C, 2, (t:0, i:0))
2024-06-12 07:36:54,783 [grpc-default-executor-3] INFO  impl.VoteContext (VoteContext.java:log(49)) - ac495114-8bb8-4dac-b10f-46951d6cb650@group-A20483CAC47C-FOLLOWER: accept ELECTION from 29194895-a428-4dbc-89d8-767dd839d7c3: our priority 0 <= candidate's priority 0
2024-06-12 07:36:54,783 [grpc-default-executor-3] INFO  server.RaftServer$Division (RaftServerImpl.java:setRole(383)) - ac495114-8bb8-4dac-b10f-46951d6cb650@group-A20483CAC47C: changes role from  FOLLOWER to FOLLOWER at term 2 for candidate:29194895-a428-4dbc-89d8-767dd839d7c3
2024-06-12 07:36:54,783 [grpc-default-executor-3] INFO  impl.RoleInfo (RoleInfo.java:shutdownFollowerState(110)) - ac495114-8bb8-4dac-b10f-46951d6cb650: shutdown ac495114-8bb8-4dac-b10f-46951d6cb650@group-A20483CAC47C-FollowerState
2024-06-12 07:36:54,783 [grpc-default-executor-3] INFO  impl.RoleInfo (RoleInfo.java:updateAndGet(139)) - ac495114-8bb8-4dac-b10f-46951d6cb650: start ac495114-8bb8-4dac-b10f-46951d6cb650@group-A20483CAC47C-FollowerState
2024-06-12 07:36:54,784 [ac495114-8bb8-4dac-b10f-46951d6cb650@group-A20483CAC47C-FollowerState] INFO  impl.FollowerState (FollowerState.java:run(152)) - ac495114-8bb8-4dac-b10f-46951d6cb650@group-A20483CAC47C-FollowerState was interrupted
2024-06-12 07:36:54,784 [grpc-default-executor-3] INFO  server.RaftServer$Division (RaftServerImpl.java:requestVote(1422)) - ac495114-8bb8-4dac-b10f-46951d6cb650@group-A20483CAC47C replies to ELECTION vote request: 29194895-a428-4dbc-89d8-767dd839d7c3<-ac495114-8bb8-4dac-b10f-46951d6cb650#0:OK-t2. Peer's state: ac495114-8bb8-4dac-b10f-46951d6cb650@group-A20483CAC47C:t2, leader=null, voted=29194895-a428-4dbc-89d8-767dd839d7c3, raftlog=Memoized:ac495114-8bb8-4dac-b10f-46951d6cb650@group-A20483CAC47C-SegmentedRaftLog:OPENED:c-1, conf=-1: peers:[6f841693-a0f5-4238-8e94-5d49f60504b4|127.0.0.1:15139, 29194895-a428-4dbc-89d8-767dd839d7c3|127.0.0.1:15157, ac495114-8bb8-4dac-b10f-46951d6cb650|127.0.0.1:15148]|listeners:[], old=null
2024-06-12 07:36:54,784 [29194895-a428-4dbc-89d8-767dd839d7c3@group-A20483CAC47C-LeaderElection43] INFO  impl.LeaderElection (LeaderElection.java:logAndReturn(89)) - 29194895-a428-4dbc-89d8-767dd839d7c3@group-A20483CAC47C-LeaderElection43: ELECTION PASSED received 1 response(s) and 1 exception(s):
2024-06-12 07:36:54,784 [29194895-a428-4dbc-89d8-767dd839d7c3@group-A20483CAC47C-LeaderElection43] INFO  impl.LeaderElection (LeaderElection.java:logAndReturn(93)) -   Response 0: 29194895-a428-4dbc-89d8-767dd839d7c3<-ac495114-8bb8-4dac-b10f-46951d6cb650#0:OK-t2
2024-06-12 07:36:54,784 [29194895-a428-4dbc-89d8-767dd839d7c3@group-A20483CAC47C-LeaderElection43] INFO  impl.LeaderElection (LogUtils.java:infoOrTrace(136)) -   Exception 1: java.util.concurrent.ExecutionException: org.apache.ratis.thirdparty.io.grpc.StatusRuntimeException: UNAVAILABLE: io exception
2024-06-12 07:36:54,784 [29194895-a428-4dbc-89d8-767dd839d7c3@group-A20483CAC47C-LeaderElection43] INFO  impl.LeaderElection (LeaderElection.java:askForVotes(323)) - 29194895-a428-4dbc-89d8-767dd839d7c3@group-A20483CAC47C-LeaderElection43 ELECTION round 0: result PASSED
2024-06-12 07:36:54,785 [29194895-a428-4dbc-89d8-767dd839d7c3@group-A20483CAC47C-LeaderElection43] INFO  impl.RoleInfo (RoleInfo.java:shutdownLeaderElection(130)) - 29194895-a428-4dbc-89d8-767dd839d7c3: shutdown 29194895-a428-4dbc-89d8-767dd839d7c3@group-A20483CAC47C-LeaderElection43
2024-06-12 07:36:54,785 [29194895-a428-4dbc-89d8-767dd839d7c3@group-A20483CAC47C-LeaderElection43] INFO  server.RaftServer$Division (RaftServerImpl.java:setRole(383)) - 29194895-a428-4dbc-89d8-767dd839d7c3@group-A20483CAC47C: changes role from CANDIDATE to LEADER at term 2 for changeToLeader
2024-06-12 07:36:54,785 [29194895-a428-4dbc-89d8-767dd839d7c3@group-A20483CAC47C-LeaderElection43] INFO  server.RaftServerConfigKeys (ConfUtils.java:logGet(46)) - raft.server.staging.catchup.gap = 1000 (default)
2024-06-12 07:36:54,785 [29194895-a428-4dbc-89d8-767dd839d7c3@group-A20483CAC47C-LeaderElection43] INFO  server.RaftServerConfigKeys (ConfUtils.java:logGet(46)) - raft.server.write.element-limit = 1024 (custom)
2024-06-12 07:36:54,785 [29194895-a428-4dbc-89d8-767dd839d7c3@group-A20483CAC47C-LeaderElection43] INFO  server.RaftServerConfigKeys (ConfUtils.java:logGet(46)) - raft.server.write.byte-limit = 1024 M (=1073741824) (custom)
2024-06-12 07:36:54,785 [29194895-a428-4dbc-89d8-767dd839d7c3@group-A20483CAC47C-LeaderElection43] INFO  server.RaftServerConfigKeys (ConfUtils.java:logGet(46)) - raft.server.watch.timeout = 3000ms (custom)
2024-06-12 07:36:54,785 [29194895-a428-4dbc-89d8-767dd839d7c3@group-A20483CAC47C-LeaderElection43] INFO  server.RaftServerConfigKeys (ConfUtils.java:logGet(46)) - raft.server.watch.timeout.denomination = 1s (default)
2024-06-12 07:36:54,785 [29194895-a428-4dbc-89d8-767dd839d7c3@group-A20483CAC47C-LeaderElection43] INFO  server.RaftServerConfigKeys (ConfUtils.java:logGet(46)) - raft.server.watch.element-limit = 65536 (default)
2024-06-12 07:36:54,785 [29194895-a428-4dbc-89d8-767dd839d7c3@group-A20483CAC47C-LeaderElection43] INFO  server.RaftServerConfigKeys (ConfUtils.java:logGet(46)) - raft.server.read.leader.lease.enabled = false (default)
2024-06-12 07:36:54,786 [29194895-a428-4dbc-89d8-767dd839d7c3@group-A20483CAC47C-LeaderElection43] INFO  server.RaftServerConfigKeys (ConfUtils.java:logGet(46)) - raft.server.read.leader.lease.timeout.ratio = 0.9 (default)
2024-06-12 07:36:54,786 [29194895-a428-4dbc-89d8-767dd839d7c3@group-A20483CAC47C-LeaderElection43] INFO  server.RaftServerConfigKeys (ConfUtils.java:logGet(46)) - raft.server.rpc.timeout.min = 1s (custom)
2024-06-12 07:36:54,786 [29194895-a428-4dbc-89d8-767dd839d7c3@group-A20483CAC47C-LeaderElection43] INFO  server.RaftServerConfigKeys (ConfUtils.java:logGet(46)) - raft.server.write.element-limit = 1024 (custom)
2024-06-12 07:36:54,786 [29194895-a428-4dbc-89d8-767dd839d7c3@group-A20483CAC47C-LeaderElection43] INFO  server.RaftServerConfigKeys (ConfUtils.java:logGet(46)) - raft.server.write.follower.gap.ratio.max = -1.0 (default)
2024-06-12 07:36:54,786 [29194895-a428-4dbc-89d8-767dd839d7c3@group-A20483CAC47C-LeaderElection43] INFO  server.RaftServerConfigKeys (ConfUtils.java:logGet(46)) - raft.server.log.appender.snapshot.chunk.size.max = 16MB (=16777216) (default)
2024-06-12 07:36:54,786 [29194895-a428-4dbc-89d8-767dd839d7c3@group-A20483CAC47C-LeaderElection43] INFO  server.RaftServerConfigKeys (ConfUtils.java:logGet(46)) - raft.server.log.appender.buffer.byte-limit = 8388608 (custom)
2024-06-12 07:36:54,786 [29194895-a428-4dbc-89d8-767dd839d7c3@group-A20483CAC47C-LeaderElection43] INFO  server.RaftServerConfigKeys (ConfUtils.java:logGet(46)) - raft.server.log.appender.buffer.element-limit = 1024 (custom)
2024-06-12 07:36:54,786 [29194895-a428-4dbc-89d8-767dd839d7c3@group-A20483CAC47C-LeaderElection43] INFO  server.RaftServerConfigKeys (ConfUtils.java:logGet(46)) - raft.server.log.appender.wait-time.min = 0ms (custom)
2024-06-12 07:36:54,786 [29194895-a428-4dbc-89d8-767dd839d7c3@group-A20483CAC47C-LeaderElection43] INFO  grpc.GrpcConfigKeys (ConfUtils.java:logGet(46)) - raft.grpc.server.leader.outstanding.appends.max = 8 (default)
2024-06-12 07:36:54,786 [29194895-a428-4dbc-89d8-767dd839d7c3@group-A20483CAC47C-LeaderElection43] INFO  server.RaftServerConfigKeys (ConfUtils.java:logGet(46)) - raft.server.rpc.request.timeout = 3000ms (default)
2024-06-12 07:36:54,787 [29194895-a428-4dbc-89d8-767dd839d7c3@group-A20483CAC47C-LeaderElection43] INFO  grpc.GrpcConfigKeys (ConfUtils.java:logGet(46)) - raft.grpc.server.install_snapshot.request.element-limit = 8 (default)
2024-06-12 07:36:54,787 [29194895-a428-4dbc-89d8-767dd839d7c3@group-A20483CAC47C-LeaderElection43] INFO  grpc.GrpcConfigKeys (ConfUtils.java:logGet(46)) - raft.grpc.server.install_snapshot.request.timeout = 3000ms (default)
2024-06-12 07:36:54,787 [29194895-a428-4dbc-89d8-767dd839d7c3@group-A20483CAC47C-LeaderElection43] INFO  grpc.GrpcConfigKeys (ConfUtils.java:logGet(46)) - raft.grpc.server.log-message.batch.duration = 5s (default)
2024-06-12 07:36:54,787 [29194895-a428-4dbc-89d8-767dd839d7c3@group-A20483CAC47C-LeaderElection43] INFO  server.RaftServerConfigKeys (ConfUtils.java:logGet(46)) - raft.server.log.appender.install.snapshot.enabled = false (custom)
2024-06-12 07:36:54,787 [29194895-a428-4dbc-89d8-767dd839d7c3@group-A20483CAC47C-LeaderElection43] INFO  grpc.GrpcConfigKeys (ConfUtils.java:logGet(46)) - raft.grpc.server.heartbeat.channel = true (default)
2024-06-12 07:36:54,787 [29194895-a428-4dbc-89d8-767dd839d7c3@group-A20483CAC47C-LeaderElection43] INFO  server.RaftServerConfigKeys (ConfUtils.java:logGet(46)) - raft.server.log.appender.snapshot.chunk.size.max = 16MB (=16777216) (default)
2024-06-12 07:36:54,787 [29194895-a428-4dbc-89d8-767dd839d7c3@group-A20483CAC47C-LeaderElection43] INFO  server.RaftServerConfigKeys (ConfUtils.java:logGet(46)) - raft.server.log.appender.buffer.byte-limit = 8388608 (custom)
2024-06-12 07:36:54,787 [29194895-a428-4dbc-89d8-767dd839d7c3@group-A20483CAC47C-LeaderElection43] INFO  server.RaftServerConfigKeys (ConfUtils.java:logGet(46)) - raft.server.log.appender.buffer.element-limit = 1024 (custom)
2024-06-12 07:36:54,788 [29194895-a428-4dbc-89d8-767dd839d7c3@group-A20483CAC47C-LeaderElection43] INFO  server.RaftServerConfigKeys (ConfUtils.java:logGet(46)) - raft.server.log.appender.wait-time.min = 0ms (custom)
2024-06-12 07:36:54,788 [29194895-a428-4dbc-89d8-767dd839d7c3@group-A20483CAC47C-LeaderElection43] INFO  grpc.GrpcConfigKeys (ConfUtils.java:logGet(46)) - raft.grpc.server.leader.outstanding.appends.max = 8 (default)
2024-06-12 07:36:54,788 [29194895-a428-4dbc-89d8-767dd839d7c3@group-A20483CAC47C-LeaderElection43] INFO  server.RaftServerConfigKeys (ConfUtils.java:logGet(46)) - raft.server.rpc.request.timeout = 3000ms (default)
2024-06-12 07:36:54,788 [29194895-a428-4dbc-89d8-767dd839d7c3@group-A20483CAC47C-LeaderElection43] INFO  grpc.GrpcConfigKeys (ConfUtils.java:logGet(46)) - raft.grpc.server.install_snapshot.request.element-limit = 8 (default)
2024-06-12 07:36:54,788 [29194895-a428-4dbc-89d8-767dd839d7c3@group-A20483CAC47C-LeaderElection43] INFO  grpc.GrpcConfigKeys (ConfUtils.java:logGet(46)) - raft.grpc.server.install_snapshot.request.timeout = 3000ms (default)
2024-06-12 07:36:54,788 [29194895-a428-4dbc-89d8-767dd839d7c3@group-A20483CAC47C-LeaderElection43] INFO  grpc.GrpcConfigKeys (ConfUtils.java:logGet(46)) - raft.grpc.server.log-message.batch.duration = 5s (default)
2024-06-12 07:36:54,788 [29194895-a428-4dbc-89d8-767dd839d7c3@group-A20483CAC47C-LeaderElection43] INFO  server.RaftServerConfigKeys (ConfUtils.java:logGet(46)) - raft.server.log.appender.install.snapshot.enabled = false (custom)
2024-06-12 07:36:54,788 [29194895-a428-4dbc-89d8-767dd839d7c3@group-A20483CAC47C-LeaderElection43] INFO  grpc.GrpcConfigKeys (ConfUtils.java:logGet(46)) - raft.grpc.server.heartbeat.channel = true (default)
2024-06-12 07:36:54,788 [29194895-a428-4dbc-89d8-767dd839d7c3@group-A20483CAC47C-LeaderElection43] INFO  impl.RoleInfo (RoleInfo.java:updateAndGet(139)) - 29194895-a428-4dbc-89d8-767dd839d7c3: start 29194895-a428-4dbc-89d8-767dd839d7c3@group-A20483CAC47C-LeaderStateImpl
2024-06-12 07:36:54,788 [29194895-a428-4dbc-89d8-767dd839d7c3@group-A20483CAC47C-LeaderElection43] INFO  ratis.XceiverServerRatis (XceiverServerRatis.java:handleLeaderChangedNotification(966)) - Leader change notification received for group: group-A20483CAC47C with new leaderId: 29194895-a428-4dbc-89d8-767dd839d7c3
2024-06-12 07:36:54,788 [29194895-a428-4dbc-89d8-767dd839d7c3@group-A20483CAC47C-LeaderElection43] INFO  server.RaftServer$Division (ServerState.java:setLeader(269)) - 29194895-a428-4dbc-89d8-767dd839d7c3@group-A20483CAC47C: change Leader from null to 29194895-a428-4dbc-89d8-767dd839d7c3 at term 2 for becomeLeader, leader elected after 3361ms
2024-06-12 07:36:54,788 [29194895-a428-4dbc-89d8-767dd839d7c3@group-A20483CAC47C-LeaderElection43] INFO  segmented.SegmentedRaftLogWorker (SegmentedRaftLogWorker.java:startLogSegment(430)) - 29194895-a428-4dbc-89d8-767dd839d7c3@group-A20483CAC47C-SegmentedRaftLogWorker: Starting segment from index:0
2024-06-12 07:36:54,789 [29194895-a428-4dbc-89d8-767dd839d7c3@group-A20483CAC47C-LeaderElection43] INFO  server.RaftServer$Division (ServerState.java:setRaftConf(386)) - 29194895-a428-4dbc-89d8-767dd839d7c3@group-A20483CAC47C: set configuration 0: peers:[6f841693-a0f5-4238-8e94-5d49f60504b4|127.0.0.1:15139, 29194895-a428-4dbc-89d8-767dd839d7c3|127.0.0.1:15157, ac495114-8bb8-4dac-b10f-46951d6cb650|127.0.0.1:15148]|listeners:[], old=null
2024-06-12 07:36:54,790 [29194895-a428-4dbc-89d8-767dd839d7c3@group-A20483CAC47C-SegmentedRaftLogWorker] INFO  segmented.BufferedWriteChannel (BufferedWriteChannel.java:open(62)) - open log_inprogress_0 at position 0
2024-06-12 07:36:54,790 [grpc-default-executor-3] WARN  server.GrpcLogAppender (LogUtils.java:warn(121)) - 29194895-a428-4dbc-89d8-767dd839d7c3@group-A20483CAC47C->6f841693-a0f5-4238-8e94-5d49f60504b4-AppendLogResponseHandler: Failed appendEntries: org.apache.ratis.thirdparty.io.grpc.StatusRuntimeException: UNAVAILABLE: io exception
2024-06-12 07:36:54,790 [grpc-default-executor-3] WARN  server.GrpcLogAppender (GrpcLogAppender.java:lambda$resetClient$1(217)) - 29194895-a428-4dbc-89d8-767dd839d7c3@group-A20483CAC47C->6f841693-a0f5-4238-8e94-5d49f60504b4-GrpcLogAppender: Follower failed (request=null, errorCount=1); keep nextIndex (0) unchanged and retry.
2024-06-12 07:36:54,794 [ac495114-8bb8-4dac-b10f-46951d6cb650-server-thread1] INFO  ratis.XceiverServerRatis (XceiverServerRatis.java:handleLeaderChangedNotification(966)) - Leader change notification received for group: group-A20483CAC47C with new leaderId: 29194895-a428-4dbc-89d8-767dd839d7c3
2024-06-12 07:36:54,795 [ac495114-8bb8-4dac-b10f-46951d6cb650-server-thread1] INFO  server.RaftServer$Division (ServerState.java:setLeader(269)) - ac495114-8bb8-4dac-b10f-46951d6cb650@group-A20483CAC47C: change Leader from null to 29194895-a428-4dbc-89d8-767dd839d7c3 at term 2 for appendEntries, leader elected after 3452ms
2024-06-12 07:36:54,795 [ac495114-8bb8-4dac-b10f-46951d6cb650-server-thread1] INFO  server.RaftServer$Division (ServerState.java:setRaftConf(386)) - ac495114-8bb8-4dac-b10f-46951d6cb650@group-A20483CAC47C: set configuration 0: peers:[6f841693-a0f5-4238-8e94-5d49f60504b4|127.0.0.1:15139, 29194895-a428-4dbc-89d8-767dd839d7c3|127.0.0.1:15157, ac495114-8bb8-4dac-b10f-46951d6cb650|127.0.0.1:15148]|listeners:[], old=null
2024-06-12 07:36:54,795 [ac495114-8bb8-4dac-b10f-46951d6cb650-server-thread1] INFO  segmented.SegmentedRaftLogWorker (SegmentedRaftLogWorker.java:startLogSegment(430)) - ac495114-8bb8-4dac-b10f-46951d6cb650@group-A20483CAC47C-SegmentedRaftLogWorker: Starting segment from index:0
2024-06-12 07:36:54,796 [ac495114-8bb8-4dac-b10f-46951d6cb650@group-A20483CAC47C-SegmentedRaftLogWorker] INFO  segmented.BufferedWriteChannel (BufferedWriteChannel.java:open(62)) - open log_inprogress_0 at position 0
2024-06-12 07:36:54,798 [29194895-a428-4dbc-89d8-767dd839d7c3@group-A20483CAC47C-SegmentedRaftLogWorker] INFO  segmented.SegmentedRaftLogWorker (SegmentedRaftLogWorker.java:execute(634)) - 29194895-a428-4dbc-89d8-767dd839d7c3@group-A20483CAC47C-SegmentedRaftLogWorker: created new log segment /home/runner/work/ozone/ozone/hadoop-ozone/integration-test/target/test-dir/MiniOzoneClusterImpl-63f03bc8-0399-4ce2-9c43-ca6ad8c463d8/ozone-meta/datanode-6/ratis/3c6756a6-c20a-4fdc-8f34-a20483cac47c/current/log_inprogress_0
2024-06-12 07:36:54,803 [ac495114-8bb8-4dac-b10f-46951d6cb650@group-A20483CAC47C-SegmentedRaftLogWorker] INFO  segmented.SegmentedRaftLogWorker (SegmentedRaftLogWorker.java:execute(634)) - ac495114-8bb8-4dac-b10f-46951d6cb650@group-A20483CAC47C-SegmentedRaftLogWorker: created new log segment /home/runner/work/ozone/ozone/hadoop-ozone/integration-test/target/test-dir/MiniOzoneClusterImpl-63f03bc8-0399-4ce2-9c43-ca6ad8c463d8/ozone-meta/datanode-5/ratis/3c6756a6-c20a-4fdc-8f34-a20483cac47c/current/log_inprogress_0
2024-06-12 07:36:54,805 [29194895-a428-4dbc-89d8-767dd839d7c3@group-A20483CAC47C-StateMachineUpdater] INFO  server.RaftServer$Division (LeaderStateImpl.java:isApplied(320)) - leader is ready since appliedIndex == 0 >= startIndex == 0
2024-06-12 07:36:57,725 [timer5] WARN  server.GrpcLogAppender (GrpcLogAppender.java:lambda$resetClient$1(217)) - 29194895-a428-4dbc-89d8-767dd839d7c3@group-886BF1B6D606->6f841693-a0f5-4238-8e94-5d49f60504b4-GrpcLogAppender: Follower failed (request=null, errorCount=18); keep nextIndex (1) unchanged and retry. (Repeated 33 times in the last 5.000s)
2024-06-12 07:36:57,727 [timer6] WARN  server.GrpcLogAppender (LogUtils.java:warn(121)) - 29194895-a428-4dbc-89d8-767dd839d7c3@group-886BF1B6D606->6f841693-a0f5-4238-8e94-5d49f60504b4-AppendLogResponseHandler: Failed appendEntries (Repeated 18 times in the last 5.007s): org.apache.ratis.thirdparty.io.grpc.StatusRuntimeException: UNAVAILABLE: io exception
2024-06-12 07:36:58,240 [grpc-default-executor-2] WARN  server.GrpcLogAppender (GrpcLogAppender.java:lambda$resetClient$1(217)) - 29194895-a428-4dbc-89d8-767dd839d7c3@group-A20483CAC47C->6f841693-a0f5-4238-8e94-5d49f60504b4-GrpcLogAppender: Follower failed (request=null, errorCount=17); keep nextIndex (1) unchanged and retry.
2024-06-12 07:36:58,345 [grpc-default-executor-4] WARN  server.GrpcLogAppender (LogUtils.java:warn(121)) - 29194895-a428-4dbc-89d8-767dd839d7c3@group-886BF1B6D606->6f841693-a0f5-4238-8e94-5d49f60504b4-AppendLogResponseHandler: Failed appendEntries: org.apache.ratis.thirdparty.io.grpc.StatusRuntimeException: UNAVAILABLE: io exception
2024-06-12 07:36:59,790 [timer0] WARN  server.GrpcLogAppender (LogUtils.java:warn(121)) - 29194895-a428-4dbc-89d8-767dd839d7c3@group-A20483CAC47C->6f841693-a0f5-4238-8e94-5d49f60504b4-AppendLogResponseHandler: Failed appendEntries (Repeated 20 times in the last 5.001s): org.apache.ratis.thirdparty.io.grpc.StatusRuntimeException: UNAVAILABLE: io exception
2024-06-12 07:36:59,867 [grpc-default-executor-4] ERROR impl.OrderedAsync (OrderedAsync.java:lambda$sendRequest$9(247)) - client-0A22FB32616E: Failed* RaftClientRequest:client-0A22FB32616E->ac495114-8bb8-4dac-b10f-46951d6cb650@group-A20483CAC47C, cid=107, seq=1*, Watch(0), null
java.util.concurrent.CompletionException: org.apache.ratis.protocol.exceptions.NotLeaderException: Server ac495114-8bb8-4dac-b10f-46951d6cb650@group-A20483CAC47C is not the leader 29194895-a428-4dbc-89d8-767dd839d7c3|127.0.0.1:15157
	at java.base/java.util.concurrent.CompletableFuture.encodeThrowable(CompletableFuture.java:332)
	at java.base/java.util.concurrent.CompletableFuture.completeThrowable(CompletableFuture.java:347)
	at java.base/java.util.concurrent.CompletableFuture$UniApply.tryFire(CompletableFuture.java:636)
	at java.base/java.util.concurrent.CompletableFuture.postComplete(CompletableFuture.java:510)
	at java.base/java.util.concurrent.CompletableFuture.completeExceptionally(CompletableFuture.java:2162)
	at org.apache.ratis.grpc.client.GrpcClientProtocolClient$AsyncStreamObservers.completeReplyExceptionally(GrpcClientProtocolClient.java:394)
	at org.apache.ratis.grpc.client.GrpcClientProtocolClient$AsyncStreamObservers.access$000(GrpcClientProtocolClient.java:300)
	at org.apache.ratis.grpc.client.GrpcClientProtocolClient$AsyncStreamObservers$1.onNext(GrpcClientProtocolClient.java:314)
	at org.apache.ratis.grpc.client.GrpcClientProtocolClient$AsyncStreamObservers$1.onNext(GrpcClientProtocolClient.java:305)
	at org.apache.ratis.thirdparty.io.grpc.stub.ClientCalls$StreamObserverToCallListenerAdapter.onMessage(ClientCalls.java:468)
	at org.apache.ratis.thirdparty.io.grpc.ForwardingClientCallListener.onMessage(ForwardingClientCallListener.java:33)
	at org.apache.ratis.thirdparty.io.grpc.internal.DelayedClientCall$DelayedListener.onMessage(DelayedClientCall.java:473)
	at org.apache.ratis.thirdparty.io.grpc.internal.ClientCallImpl$ClientStreamListenerImpl$1MessagesAvailable.runInternal(ClientCallImpl.java:660)
	at org.apache.ratis.thirdparty.io.grpc.internal.ClientCallImpl$ClientStreamListenerImpl$1MessagesAvailable.runInContext(ClientCallImpl.java:647)
	at org.apache.ratis.thirdparty.io.grpc.internal.ContextRunnable.run(ContextRunnable.java:37)
	at org.apache.ratis.thirdparty.io.grpc.internal.SerializingExecutor.run(SerializingExecutor.java:133)
	at java.base/java.util.concurrent.ThreadPoolExecutor.runWorker(ThreadPoolExecutor.java:1136)
	at java.base/java.util.concurrent.ThreadPoolExecutor$Worker.run(ThreadPoolExecutor.java:635)
	at java.base/java.lang.Thread.run(Thread.java:840)
Caused by: org.apache.ratis.protocol.exceptions.NotLeaderException: Server ac495114-8bb8-4dac-b10f-46951d6cb650@group-A20483CAC47C is not the leader 29194895-a428-4dbc-89d8-767dd839d7c3|127.0.0.1:15157
	at org.apache.ratis.client.impl.ClientProtoUtils.toRaftClientReply(ClientProtoUtils.java:397)
	at org.apache.ratis.grpc.client.GrpcClientProtocolClient$AsyncStreamObservers$1.onNext(GrpcClientProtocolClient.java:310)
	... 11 more
2024-06-12 07:36:59,876 [grpc-default-executor-1] WARN  server.GrpcLogAppender (LogUtils.java:warn(121)) - 29194895-a428-4dbc-89d8-767dd839d7c3@group-A20483CAC47C->6f841693-a0f5-4238-8e94-5d49f60504b4-AppendLogResponseHandler: Failed appendEntries: org.apache.ratis.thirdparty.io.grpc.StatusRuntimeException: UNAVAILABLE: io exception
2024-06-12 07:36:59,878 [grpc-default-executor-4] WARN  server.GrpcLogAppender (GrpcLogAppender.java:lambda$resetClient$1(217)) - 29194895-a428-4dbc-89d8-767dd839d7c3@group-A20483CAC47C->6f841693-a0f5-4238-8e94-5d49f60504b4-GrpcLogAppender: Follower failed (request=null, errorCount=22); keep nextIndex (3) unchanged and retry.
2024-06-12 07:36:59,888 [grpc-default-executor-1] WARN  server.GrpcLogAppender (GrpcLogAppender.java:lambda$resetClient$1(217)) - 29194895-a428-4dbc-89d8-767dd839d7c3@group-A20483CAC47C->6f841693-a0f5-4238-8e94-5d49f60504b4-GrpcLogAppender: Follower failed (request=null, errorCount=25); keep nextIndex (5) unchanged and retry.
2024-06-12 07:37:03,240 [timer5] WARN  server.GrpcLogAppender (GrpcLogAppender.java:lambda$resetClient$1(217)) - 29194895-a428-4dbc-89d8-767dd839d7c3@group-886BF1B6D606->6f841693-a0f5-4238-8e94-5d49f60504b4-GrpcLogAppender: Follower failed (request=null, errorCount=28); keep nextIndex (1) unchanged and retry. (Repeated 15 times in the last 5.000s)
2024-06-12 07:37:03,346 [timer7] WARN  server.GrpcLogAppender (LogUtils.java:warn(121)) - 29194895-a428-4dbc-89d8-767dd839d7c3@group-886BF1B6D606->6f841693-a0f5-4238-8e94-5d49f60504b4-AppendLogResponseHandler: Failed appendEntries (Repeated 10 times in the last 5.001s): org.apache.ratis.thirdparty.io.grpc.StatusRuntimeException: UNAVAILABLE: io exception
2024-06-12 07:37:03,384 [grpc-default-executor-1] WARN  server.GrpcLogAppender (LogUtils.java:warn(121)) - 29194895-a428-4dbc-89d8-767dd839d7c3@group-886BF1B6D606->6f841693-a0f5-4238-8e94-5d49f60504b4-AppendLogResponseHandler: Failed appendEntries: org.apache.ratis.thirdparty.io.grpc.StatusRuntimeException: UNAVAILABLE: io exception
2024-06-12 07:37:03,385 [grpc-default-executor-3] WARN  server.GrpcLogAppender (GrpcLogAppender.java:lambda$resetClient$1(217)) - 29194895-a428-4dbc-89d8-767dd839d7c3@group-886BF1B6D606->6f841693-a0f5-4238-8e94-5d49f60504b4-GrpcLogAppender: Follower failed (request=null, errorCount=29); keep nextIndex (1) unchanged and retry.
2024-06-12 07:37:04,876 [timer2] WARN  server.GrpcLogAppender (LogUtils.java:warn(121)) - 29194895-a428-4dbc-89d8-767dd839d7c3@group-A20483CAC47C->6f841693-a0f5-4238-8e94-5d49f60504b4-AppendLogResponseHandler: Failed appendEntries (Repeated 12 times in the last 5.000s): org.apache.ratis.thirdparty.io.grpc.StatusRuntimeException: UNAVAILABLE: io exception
2024-06-12 07:37:04,879 [timer5] WARN  server.GrpcLogAppender (GrpcLogAppender.java:lambda$resetClient$1(217)) - 29194895-a428-4dbc-89d8-767dd839d7c3@group-A20483CAC47C->6f841693-a0f5-4238-8e94-5d49f60504b4-GrpcLogAppender: Follower failed (request=null, errorCount=24); keep nextIndex (3) unchanged and retry. (Repeated 3 times in the last 5.001s)
2024-06-12 07:37:04,888 [timer0] WARN  server.GrpcLogAppender (GrpcLogAppender.java:lambda$resetClient$1(217)) - 29194895-a428-4dbc-89d8-767dd839d7c3@group-A20483CAC47C->6f841693-a0f5-4238-8e94-5d49f60504b4-GrpcLogAppender: Follower failed (request=null, errorCount=32); keep nextIndex (5) unchanged and retry. (Repeated 8 times in the last 5.000s)
2024-06-12 07:37:08,384 [timer5] WARN  server.GrpcLogAppender (LogUtils.java:warn(121)) - 29194895-a428-4dbc-89d8-767dd839d7c3@group-886BF1B6D606->6f841693-a0f5-4238-8e94-5d49f60504b4-AppendLogResponseHandler: Failed appendEntries (Repeated 6 times in the last 5.000s): org.apache.ratis.thirdparty.io.grpc.StatusRuntimeException: UNAVAILABLE: io exception
2024-06-12 07:37:08,385 [timer6] WARN  server.GrpcLogAppender (GrpcLogAppender.java:lambda$resetClient$1(217)) - 29194895-a428-4dbc-89d8-767dd839d7c3@group-886BF1B6D606->6f841693-a0f5-4238-8e94-5d49f60504b4-GrpcLogAppender: Follower failed (request=null, errorCount=34); keep nextIndex (1) unchanged and retry. (Repeated 6 times in the last 5.000s)
2024-06-12 07:37:08,566 [grpc-default-executor-1] WARN  server.GrpcLogAppender (LogUtils.java:warn(121)) - 29194895-a428-4dbc-89d8-767dd839d7c3@group-A20483CAC47C->6f841693-a0f5-4238-8e94-5d49f60504b4-AppendLogResponseHandler: Failed appendEntries: org.apache.ratis.thirdparty.io.grpc.StatusRuntimeException: UNAVAILABLE: io exception
2024-06-12 07:37:08,567 [grpc-default-executor-3] WARN  server.GrpcLogAppender (GrpcLogAppender.java:lambda$resetClient$1(217)) - 29194895-a428-4dbc-89d8-767dd839d7c3@group-A20483CAC47C->6f841693-a0f5-4238-8e94-5d49f60504b4-GrpcLogAppender: Follower failed (request=null, errorCount=33); keep nextIndex (5) unchanged and retry.
2024-06-12 07:37:13,566 [timer6] WARN  server.GrpcLogAppender (LogUtils.java:warn(121)) - 29194895-a428-4dbc-89d8-767dd839d7c3@group-A20483CAC47C->6f841693-a0f5-4238-8e94-5d49f60504b4-AppendLogResponseHandler: Failed appendEntries (Repeated 2 times in the last 5.000s): org.apache.ratis.thirdparty.io.grpc.StatusRuntimeException: UNAVAILABLE: io exception
2024-06-12 07:37:13,567 [timer7] WARN  server.GrpcLogAppender (GrpcLogAppender.java:lambda$resetClient$1(217)) - 29194895-a428-4dbc-89d8-767dd839d7c3@group-A20483CAC47C->6f841693-a0f5-4238-8e94-5d49f60504b4-GrpcLogAppender: Follower failed (request=null, errorCount=34); keep nextIndex (5) unchanged and retry. (Repeated 2 times in the last 5.000s)
2024-06-12 07:37:13,935 [grpc-default-executor-1] WARN  server.GrpcLogAppender (LogUtils.java:warn(121)) - 29194895-a428-4dbc-89d8-767dd839d7c3@group-886BF1B6D606->6f841693-a0f5-4238-8e94-5d49f60504b4-AppendLogResponseHandler: Failed appendEntries: org.apache.ratis.thirdparty.io.grpc.StatusRuntimeException: UNAVAILABLE: io exception
2024-06-12 07:37:13,936 [grpc-default-executor-3] WARN  server.GrpcLogAppender (GrpcLogAppender.java:lambda$resetClient$1(217)) - 29194895-a428-4dbc-89d8-767dd839d7c3@group-886BF1B6D606->6f841693-a0f5-4238-8e94-5d49f60504b4-GrpcLogAppender: Follower failed (request=null, errorCount=35); keep nextIndex (1) unchanged and retry.
2024-06-12 07:37:14,660 [grpc-default-executor-3] WARN  server.GrpcLogAppender (LogUtils.java:warn(121)) - 29194895-a428-4dbc-89d8-767dd839d7c3@group-A20483CAC47C->6f841693-a0f5-4238-8e94-5d49f60504b4-AppendLogResponseHandler: Failed appendEntries: org.apache.ratis.thirdparty.io.grpc.StatusRuntimeException: UNAVAILABLE: io exception
2024-06-12 07:37:14,660 [grpc-default-executor-1] WARN  server.GrpcLogAppender (GrpcLogAppender.java:lambda$resetClient$1(217)) - 29194895-a428-4dbc-89d8-767dd839d7c3@group-A20483CAC47C->6f841693-a0f5-4238-8e94-5d49f60504b4-GrpcLogAppender: Follower failed (request=null, errorCount=35); keep nextIndex (5) unchanged and retry.
2024-06-12 07:37:18,935 [timer5] WARN  server.GrpcLogAppender (LogUtils.java:warn(121)) - 29194895-a428-4dbc-89d8-767dd839d7c3@group-886BF1B6D606->6f841693-a0f5-4238-8e94-5d49f60504b4-AppendLogResponseHandler: Failed appendEntries (Repeated 2 times in the last 5.000s): org.apache.ratis.thirdparty.io.grpc.StatusRuntimeException: UNAVAILABLE: io exception
2024-06-12 07:37:18,937 [timer6] WARN  server.GrpcLogAppender (GrpcLogAppender.java:lambda$resetClient$1(217)) - 29194895-a428-4dbc-89d8-767dd839d7c3@group-886BF1B6D606->6f841693-a0f5-4238-8e94-5d49f60504b4-GrpcLogAppender: Follower failed (request=null, errorCount=36); keep nextIndex (1) unchanged and retry. (Repeated 2 times in the last 5.001s)
2024-06-12 07:37:19,660 [timer6] WARN  server.GrpcLogAppender (LogUtils.java:warn(121)) - 29194895-a428-4dbc-89d8-767dd839d7c3@group-A20483CAC47C->6f841693-a0f5-4238-8e94-5d49f60504b4-AppendLogResponseHandler: Failed appendEntries (Repeated 2 times in the last 5.000s): org.apache.ratis.thirdparty.io.grpc.StatusRuntimeException: UNAVAILABLE: io exception
2024-06-12 07:37:19,660 [timer7] WARN  server.GrpcLogAppender (GrpcLogAppender.java:lambda$resetClient$1(217)) - 29194895-a428-4dbc-89d8-767dd839d7c3@group-A20483CAC47C->6f841693-a0f5-4238-8e94-5d49f60504b4-GrpcLogAppender: Follower failed (request=null, errorCount=36); keep nextIndex (5) unchanged and retry. (Repeated 2 times in the last 5.000s)
2024-06-12 07:37:20,985 [grpc-default-executor-3] WARN  server.GrpcLogAppender (LogUtils.java:warn(121)) - 29194895-a428-4dbc-89d8-767dd839d7c3@group-886BF1B6D606->6f841693-a0f5-4238-8e94-5d49f60504b4-AppendLogResponseHandler: Failed appendEntries: org.apache.ratis.thirdparty.io.grpc.StatusRuntimeException: UNAVAILABLE: io exception
2024-06-12 07:37:20,985 [grpc-default-executor-1] WARN  server.GrpcLogAppender (GrpcLogAppender.java:lambda$resetClient$1(217)) - 29194895-a428-4dbc-89d8-767dd839d7c3@group-886BF1B6D606->6f841693-a0f5-4238-8e94-5d49f60504b4-GrpcLogAppender: Follower failed (request=null, errorCount=37); keep nextIndex (1) unchanged and retry.
2024-06-12 07:37:22,063 [grpc-default-executor-3] WARN  server.GrpcLogAppender (LogUtils.java:warn(121)) - 29194895-a428-4dbc-89d8-767dd839d7c3@group-A20483CAC47C->6f841693-a0f5-4238-8e94-5d49f60504b4-AppendLogResponseHandler: Failed appendEntries: org.apache.ratis.thirdparty.io.grpc.StatusRuntimeException: UNAVAILABLE: io exception
2024-06-12 07:37:22,063 [grpc-default-executor-1] WARN  server.GrpcLogAppender (GrpcLogAppender.java:lambda$resetClient$1(217)) - 29194895-a428-4dbc-89d8-767dd839d7c3@group-A20483CAC47C->6f841693-a0f5-4238-8e94-5d49f60504b4-GrpcLogAppender: Follower failed (request=null, errorCount=37); keep nextIndex (5) unchanged and retry.
2024-06-12 07:37:25,985 [timer6] WARN  server.GrpcLogAppender (GrpcLogAppender.java:lambda$resetClient$1(217)) - 29194895-a428-4dbc-89d8-767dd839d7c3@group-886BF1B6D606->6f841693-a0f5-4238-8e94-5d49f60504b4-GrpcLogAppender: Follower failed (request=null, errorCount=38); keep nextIndex (1) unchanged and retry. (Repeated 2 times in the last 5.000s)
2024-06-12 07:37:25,985 [timer5] WARN  server.GrpcLogAppender (LogUtils.java:warn(121)) - 29194895-a428-4dbc-89d8-767dd839d7c3@group-886BF1B6D606->6f841693-a0f5-4238-8e94-5d49f60504b4-AppendLogResponseHandler: Failed appendEntries (Repeated 2 times in the last 5.000s): org.apache.ratis.thirdparty.io.grpc.StatusRuntimeException: UNAVAILABLE: io exception
2024-06-12 07:37:27,063 [timer1] WARN  server.GrpcLogAppender (GrpcLogAppender.java:lambda$resetClient$1(217)) - 29194895-a428-4dbc-89d8-767dd839d7c3@group-A20483CAC47C->6f841693-a0f5-4238-8e94-5d49f60504b4-GrpcLogAppender: Follower failed (request=null, errorCount=38); keep nextIndex (5) unchanged and retry. (Repeated 2 times in the last 5.000s)
2024-06-12 07:37:27,063 [timer0] WARN  server.GrpcLogAppender (LogUtils.java:warn(121)) - 29194895-a428-4dbc-89d8-767dd839d7c3@group-A20483CAC47C->6f841693-a0f5-4238-8e94-5d49f60504b4-AppendLogResponseHandler: Failed appendEntries (Repeated 2 times in the last 5.000s): org.apache.ratis.thirdparty.io.grpc.StatusRuntimeException: UNAVAILABLE: io exception
2024-06-12 07:37:27,695 [grpc-default-executor-3] WARN  server.GrpcLogAppender (LogUtils.java:warn(121)) - 29194895-a428-4dbc-89d8-767dd839d7c3@group-886BF1B6D606->6f841693-a0f5-4238-8e94-5d49f60504b4-AppendLogResponseHandler: Failed appendEntries: org.apache.ratis.thirdparty.io.grpc.StatusRuntimeException: UNAVAILABLE: io exception
2024-06-12 07:37:27,696 [grpc-default-executor-1] WARN  server.GrpcLogAppender (GrpcLogAppender.java:lambda$resetClient$1(217)) - 29194895-a428-4dbc-89d8-767dd839d7c3@group-886BF1B6D606->6f841693-a0f5-4238-8e94-5d49f60504b4-GrpcLogAppender: Follower failed (request=null, errorCount=39); keep nextIndex (1) unchanged and retry.
2024-06-12 07:37:28,573 [grpc-default-executor-1] WARN  server.GrpcLogAppender (LogUtils.java:warn(121)) - 29194895-a428-4dbc-89d8-767dd839d7c3@group-A20483CAC47C->6f841693-a0f5-4238-8e94-5d49f60504b4-AppendLogResponseHandler: Failed appendEntries: org.apache.ratis.thirdparty.io.grpc.StatusRuntimeException: UNAVAILABLE: io exception
2024-06-12 07:37:28,574 [grpc-default-executor-3] WARN  server.GrpcLogAppender (GrpcLogAppender.java:lambda$resetClient$1(217)) - 29194895-a428-4dbc-89d8-767dd839d7c3@group-A20483CAC47C->6f841693-a0f5-4238-8e94-5d49f60504b4-GrpcLogAppender: Follower failed (request=null, errorCount=39); keep nextIndex (5) unchanged and retry.
2024-06-12 07:37:32,696 [timer5] WARN  server.GrpcLogAppender (LogUtils.java:warn(121)) - 29194895-a428-4dbc-89d8-767dd839d7c3@group-886BF1B6D606->6f841693-a0f5-4238-8e94-5d49f60504b4-AppendLogResponseHandler: Failed appendEntries (Repeated 2 times in the last 5.001s): org.apache.ratis.thirdparty.io.grpc.StatusRuntimeException: UNAVAILABLE: io exception
2024-06-12 07:37:32,696 [timer6] WARN  server.GrpcLogAppender (GrpcLogAppender.java:lambda$resetClient$1(217)) - 29194895-a428-4dbc-89d8-767dd839d7c3@group-886BF1B6D606->6f841693-a0f5-4238-8e94-5d49f60504b4-GrpcLogAppender: Follower failed (request=null, errorCount=40); keep nextIndex (1) unchanged and retry. (Repeated 2 times in the last 5.001s)
2024-06-12 07:37:33,573 [timer0] WARN  server.GrpcLogAppender (LogUtils.java:warn(121)) - 29194895-a428-4dbc-89d8-767dd839d7c3@group-A20483CAC47C->6f841693-a0f5-4238-8e94-5d49f60504b4-AppendLogResponseHandler: Failed appendEntries (Repeated 2 times in the last 5.000s): org.apache.ratis.thirdparty.io.grpc.StatusRuntimeException: UNAVAILABLE: io exception
2024-06-12 07:37:33,575 [timer1] WARN  server.GrpcLogAppender (GrpcLogAppender.java:lambda$resetClient$1(217)) - 29194895-a428-4dbc-89d8-767dd839d7c3@group-A20483CAC47C->6f841693-a0f5-4238-8e94-5d49f60504b4-GrpcLogAppender: Follower failed (request=null, errorCount=40); keep nextIndex (5) unchanged and retry. (Repeated 2 times in the last 5.001s)
2024-06-12 07:37:34,336 [grpc-default-executor-3] WARN  server.GrpcLogAppender (LogUtils.java:warn(121)) - 29194895-a428-4dbc-89d8-767dd839d7c3@group-886BF1B6D606->6f841693-a0f5-4238-8e94-5d49f60504b4-AppendLogResponseHandler: Failed appendEntries: org.apache.ratis.thirdparty.io.grpc.StatusRuntimeException: UNAVAILABLE: io exception
2024-06-12 07:37:34,337 [grpc-default-executor-1] WARN  server.GrpcLogAppender (GrpcLogAppender.java:lambda$resetClient$1(217)) - 29194895-a428-4dbc-89d8-767dd839d7c3@group-886BF1B6D606->6f841693-a0f5-4238-8e94-5d49f60504b4-GrpcLogAppender: Follower failed (request=null, errorCount=41); keep nextIndex (1) unchanged and retry.
2024-06-12 07:37:34,620 [grpc-default-executor-3] WARN  server.GrpcLogAppender (LogUtils.java:warn(121)) - 29194895-a428-4dbc-89d8-767dd839d7c3@group-A20483CAC47C->6f841693-a0f5-4238-8e94-5d49f60504b4-AppendLogResponseHandler: Failed appendEntries: org.apache.ratis.thirdparty.io.grpc.StatusRuntimeException: UNAVAILABLE: io exception
2024-06-12 07:37:34,621 [grpc-default-executor-1] WARN  server.GrpcLogAppender (GrpcLogAppender.java:lambda$resetClient$1(217)) - 29194895-a428-4dbc-89d8-767dd839d7c3@group-A20483CAC47C->6f841693-a0f5-4238-8e94-5d49f60504b4-GrpcLogAppender: Follower failed (request=null, errorCount=41); keep nextIndex (5) unchanged and retry.
2024-06-12 07:37:39,336 [timer5] WARN  server.GrpcLogAppender (LogUtils.java:warn(121)) - 29194895-a428-4dbc-89d8-767dd839d7c3@group-886BF1B6D606->6f841693-a0f5-4238-8e94-5d49f60504b4-AppendLogResponseHandler: Failed appendEntries (Repeated 4 times in the last 5.000s): org.apache.ratis.thirdparty.io.grpc.StatusRuntimeException: UNAVAILABLE: io exception
2024-06-12 07:37:39,337 [timer6] WARN  server.GrpcLogAppender (GrpcLogAppender.java:lambda$resetClient$1(217)) - 29194895-a428-4dbc-89d8-767dd839d7c3@group-886BF1B6D606->6f841693-a0f5-4238-8e94-5d49f60504b4-GrpcLogAppender: Follower failed (request=null, errorCount=44); keep nextIndex (1) unchanged and retry. (Repeated 4 times in the last 5.000s)
2024-06-12 07:37:39,621 [timer1] WARN  server.GrpcLogAppender (GrpcLogAppender.java:lambda$resetClient$1(217)) - 29194895-a428-4dbc-89d8-767dd839d7c3@group-A20483CAC47C->6f841693-a0f5-4238-8e94-5d49f60504b4-GrpcLogAppender: Follower failed (request=null, errorCount=42); keep nextIndex (5) unchanged and retry. (Repeated 2 times in the last 5.000s)
2024-06-12 07:37:39,621 [timer0] WARN  server.GrpcLogAppender (LogUtils.java:warn(121)) - 29194895-a428-4dbc-89d8-767dd839d7c3@group-A20483CAC47C->6f841693-a0f5-4238-8e94-5d49f60504b4-AppendLogResponseHandler: Failed appendEntries (Repeated 2 times in the last 5.001s): org.apache.ratis.thirdparty.io.grpc.StatusRuntimeException: UNAVAILABLE: io exception
2024-06-12 07:37:40,570 [grpc-default-executor-1] WARN  server.GrpcLogAppender (LogUtils.java:warn(121)) - 29194895-a428-4dbc-89d8-767dd839d7c3@group-A20483CAC47C->6f841693-a0f5-4238-8e94-5d49f60504b4-AppendLogResponseHandler: Failed appendEntries: org.apache.ratis.thirdparty.io.grpc.StatusRuntimeException: UNAVAILABLE: io exception
2024-06-12 07:37:40,570 [grpc-default-executor-3] WARN  server.GrpcLogAppender (GrpcLogAppender.java:lambda$resetClient$1(217)) - 29194895-a428-4dbc-89d8-767dd839d7c3@group-A20483CAC47C->6f841693-a0f5-4238-8e94-5d49f60504b4-GrpcLogAppender: Follower failed (request=null, errorCount=43); keep nextIndex (5) unchanged and retry.
2024-06-12 07:37:41,995 [grpc-default-executor-1] WARN  server.GrpcLogAppender (LogUtils.java:warn(121)) - 29194895-a428-4dbc-89d8-767dd839d7c3@group-886BF1B6D606->6f841693-a0f5-4238-8e94-5d49f60504b4-AppendLogResponseHandler: Failed appendEntries: org.apache.ratis.thirdparty.io.grpc.StatusRuntimeException: UNAVAILABLE: io exception
2024-06-12 07:37:41,996 [grpc-default-executor-3] WARN  server.GrpcLogAppender (GrpcLogAppender.java:lambda$resetClient$1(217)) - 29194895-a428-4dbc-89d8-767dd839d7c3@group-886BF1B6D606->6f841693-a0f5-4238-8e94-5d49f60504b4-GrpcLogAppender: Follower failed (request=null, errorCount=45); keep nextIndex (1) unchanged and retry.
2024-06-12 07:37:45,570 [timer7] WARN  server.GrpcLogAppender (GrpcLogAppender.java:lambda$resetClient$1(217)) - 29194895-a428-4dbc-89d8-767dd839d7c3@group-A20483CAC47C->6f841693-a0f5-4238-8e94-5d49f60504b4-GrpcLogAppender: Follower failed (request=null, errorCount=46); keep nextIndex (5) unchanged and retry. (Repeated 4 times in the last 4.999s)
2024-06-12 07:37:45,570 [timer6] WARN  server.GrpcLogAppender (LogUtils.java:warn(121)) - 29194895-a428-4dbc-89d8-767dd839d7c3@group-A20483CAC47C->6f841693-a0f5-4238-8e94-5d49f60504b4-AppendLogResponseHandler: Failed appendEntries (Repeated 4 times in the last 5.000s): org.apache.ratis.thirdparty.io.grpc.StatusRuntimeException: UNAVAILABLE: io exception
2024-06-12 07:37:46,088 [86e236ad-53d7-40fc-9454-d100b30595d4-BlockDeletingService#0] INFO  interfaces.ContainerDeletionChoosingPolicyTemplate (ContainerDeletionChoosingPolicyTemplate.java:chooseContainerForBlockDeletion(85)) - Chosen 0/5000 blocks from 0 candidate containers.
2024-06-12 07:37:46,137 [893f21cf-1739-427a-a93c-5929db1902c5-BlockDeletingService#0] INFO  interfaces.ContainerDeletionChoosingPolicyTemplate (ContainerDeletionChoosingPolicyTemplate.java:chooseContainerForBlockDeletion(85)) - Chosen 0/5000 blocks from 0 candidate containers.
2024-06-12 07:37:46,207 [8c3b1af4-43ff-4c22-ad10-b37d9e41628a-BlockDeletingService#0] INFO  interfaces.ContainerDeletionChoosingPolicyTemplate (ContainerDeletionChoosingPolicyTemplate.java:chooseContainerForBlockDeletion(85)) - Chosen 0/5000 blocks from 0 candidate containers.
2024-06-12 07:37:46,262 [6f841693-a0f5-4238-8e94-5d49f60504b4-BlockDeletingService#0] INFO  interfaces.ContainerDeletionChoosingPolicyTemplate (ContainerDeletionChoosingPolicyTemplate.java:chooseContainerForBlockDeletion(85)) - Chosen 0/5000 blocks from 0 candidate containers.
2024-06-12 07:37:46,341 [ac495114-8bb8-4dac-b10f-46951d6cb650-BlockDeletingService#0] INFO  interfaces.ContainerDeletionChoosingPolicyTemplate (ContainerDeletionChoosingPolicyTemplate.java:chooseContainerForBlockDeletion(85)) - Chosen 0/5000 blocks from 0 candidate containers.
2024-06-12 07:37:46,395 [29194895-a428-4dbc-89d8-767dd839d7c3-BlockDeletingService#0] INFO  interfaces.ContainerDeletionChoosingPolicyTemplate (ContainerDeletionChoosingPolicyTemplate.java:chooseContainerForBlockDeletion(85)) - Chosen 0/5000 blocks from 0 candidate containers.
2024-06-12 07:37:46,995 [timer7] WARN  server.GrpcLogAppender (LogUtils.java:warn(121)) - 29194895-a428-4dbc-89d8-767dd839d7c3@group-886BF1B6D606->6f841693-a0f5-4238-8e94-5d49f60504b4-AppendLogResponseHandler: Failed appendEntries (Repeated 4 times in the last 5.000s): org.apache.ratis.thirdparty.io.grpc.StatusRuntimeException: UNAVAILABLE: io exception
2024-06-12 07:37:46,996 [timer0] WARN  server.GrpcLogAppender (GrpcLogAppender.java:lambda$resetClient$1(217)) - 29194895-a428-4dbc-89d8-767dd839d7c3@group-886BF1B6D606->6f841693-a0f5-4238-8e94-5d49f60504b4-GrpcLogAppender: Follower failed (request=null, errorCount=48); keep nextIndex (1) unchanged and retry. (Repeated 4 times in the last 5.001s)
2024-06-12 07:37:47,158 [grpc-default-executor-3] WARN  server.GrpcLogAppender (LogUtils.java:warn(121)) - 29194895-a428-4dbc-89d8-767dd839d7c3@group-A20483CAC47C->6f841693-a0f5-4238-8e94-5d49f60504b4-AppendLogResponseHandler: Failed appendEntries: org.apache.ratis.thirdparty.io.grpc.StatusRuntimeException: UNAVAILABLE: io exception
2024-06-12 07:37:47,158 [grpc-default-executor-1] WARN  server.GrpcLogAppender (GrpcLogAppender.java:lambda$resetClient$1(217)) - 29194895-a428-4dbc-89d8-767dd839d7c3@group-A20483CAC47C->6f841693-a0f5-4238-8e94-5d49f60504b4-GrpcLogAppender: Follower failed (request=null, errorCount=47); keep nextIndex (5) unchanged and retry.
2024-06-12 07:37:49,619 [grpc-default-executor-1] WARN  server.GrpcLogAppender (LogUtils.java:warn(121)) - 29194895-a428-4dbc-89d8-767dd839d7c3@group-886BF1B6D606->6f841693-a0f5-4238-8e94-5d49f60504b4-AppendLogResponseHandler: Failed appendEntries: org.apache.ratis.thirdparty.io.grpc.StatusRuntimeException: UNAVAILABLE: io exception
2024-06-12 07:37:49,619 [grpc-default-executor-3] WARN  server.GrpcLogAppender (GrpcLogAppender.java:lambda$resetClient$1(217)) - 29194895-a428-4dbc-89d8-767dd839d7c3@group-886BF1B6D606->6f841693-a0f5-4238-8e94-5d49f60504b4-GrpcLogAppender: Follower failed (request=null, errorCount=49); keep nextIndex (1) unchanged and retry.
2024-06-12 07:37:52,158 [timer7] WARN  server.GrpcLogAppender (LogUtils.java:warn(121)) - 29194895-a428-4dbc-89d8-767dd839d7c3@group-A20483CAC47C->6f841693-a0f5-4238-8e94-5d49f60504b4-AppendLogResponseHandler: Failed appendEntries (Repeated 2 times in the last 5.000s): org.apache.ratis.thirdparty.io.grpc.StatusRuntimeException: UNAVAILABLE: io exception
2024-06-12 07:37:52,158 [timer0] WARN  server.GrpcLogAppender (GrpcLogAppender.java:lambda$resetClient$1(217)) - 29194895-a428-4dbc-89d8-767dd839d7c3@group-A20483CAC47C->6f841693-a0f5-4238-8e94-5d49f60504b4-GrpcLogAppender: Follower failed (request=null, errorCount=48); keep nextIndex (5) unchanged and retry. (Repeated 2 times in the last 5.000s)
2024-06-12 07:37:53,577 [grpc-default-executor-1] WARN  server.GrpcLogAppender (LogUtils.java:warn(121)) - 29194895-a428-4dbc-89d8-767dd839d7c3@group-A20483CAC47C->6f841693-a0f5-4238-8e94-5d49f60504b4-AppendLogResponseHandler: Failed appendEntries: org.apache.ratis.thirdparty.io.grpc.StatusRuntimeException: UNAVAILABLE: io exception
2024-06-12 07:37:53,577 [grpc-default-executor-3] WARN  server.GrpcLogAppender (GrpcLogAppender.java:lambda$resetClient$1(217)) - 29194895-a428-4dbc-89d8-767dd839d7c3@group-A20483CAC47C->6f841693-a0f5-4238-8e94-5d49f60504b4-GrpcLogAppender: Follower failed (request=null, errorCount=49); keep nextIndex (5) unchanged and retry.
2024-06-12 07:37:54,619 [timer0] WARN  server.GrpcLogAppender (LogUtils.java:warn(121)) - 29194895-a428-4dbc-89d8-767dd839d7c3@group-886BF1B6D606->6f841693-a0f5-4238-8e94-5d49f60504b4-AppendLogResponseHandler: Failed appendEntries (Repeated 4 times in the last 5.000s): org.apache.ratis.thirdparty.io.grpc.StatusRuntimeException: UNAVAILABLE: io exception
2024-06-12 07:37:54,620 [timer1] WARN  server.GrpcLogAppender (GrpcLogAppender.java:lambda$resetClient$1(217)) - 29194895-a428-4dbc-89d8-767dd839d7c3@group-886BF1B6D606->6f841693-a0f5-4238-8e94-5d49f60504b4-GrpcLogAppender: Follower failed (request=null, errorCount=52); keep nextIndex (1) unchanged and retry. (Repeated 4 times in the last 5.000s)
2024-06-12 07:37:58,171 [grpc-default-executor-1] WARN  server.GrpcLogAppender (LogUtils.java:warn(121)) - 29194895-a428-4dbc-89d8-767dd839d7c3@group-886BF1B6D606->6f841693-a0f5-4238-8e94-5d49f60504b4-AppendLogResponseHandler: Failed appendEntries: org.apache.ratis.thirdparty.io.grpc.StatusRuntimeException: UNAVAILABLE: io exception
2024-06-12 07:37:58,171 [grpc-default-executor-3] WARN  server.GrpcLogAppender (GrpcLogAppender.java:lambda$resetClient$1(217)) - 29194895-a428-4dbc-89d8-767dd839d7c3@group-886BF1B6D606->6f841693-a0f5-4238-8e94-5d49f60504b4-GrpcLogAppender: Follower failed (request=null, errorCount=53); keep nextIndex (1) unchanged and retry.
2024-06-12 07:37:58,577 [timer7] WARN  server.GrpcLogAppender (LogUtils.java:warn(121)) - 29194895-a428-4dbc-89d8-767dd839d7c3@group-A20483CAC47C->6f841693-a0f5-4238-8e94-5d49f60504b4-AppendLogResponseHandler: Failed appendEntries (Repeated 2 times in the last 5.000s): org.apache.ratis.thirdparty.io.grpc.StatusRuntimeException: UNAVAILABLE: io exception
2024-06-12 07:37:58,578 [timer0] WARN  server.GrpcLogAppender (GrpcLogAppender.java:lambda$resetClient$1(217)) - 29194895-a428-4dbc-89d8-767dd839d7c3@group-A20483CAC47C->6f841693-a0f5-4238-8e94-5d49f60504b4-GrpcLogAppender: Follower failed (request=null, errorCount=50); keep nextIndex (5) unchanged and retry. (Repeated 2 times in the last 5.000s)
2024-06-12 07:37:59,588 [grpc-default-executor-3] WARN  server.GrpcLogAppender (LogUtils.java:warn(121)) - 29194895-a428-4dbc-89d8-767dd839d7c3@group-A20483CAC47C->6f841693-a0f5-4238-8e94-5d49f60504b4-AppendLogResponseHandler: Failed appendEntries: org.apache.ratis.thirdparty.io.grpc.StatusRuntimeException: UNAVAILABLE: io exception
2024-06-12 07:37:59,589 [grpc-default-executor-1] WARN  server.GrpcLogAppender (GrpcLogAppender.java:lambda$resetClient$1(217)) - 29194895-a428-4dbc-89d8-767dd839d7c3@group-A20483CAC47C->6f841693-a0f5-4238-8e94-5d49f60504b4-GrpcLogAppender: Follower failed (request=null, errorCount=51); keep nextIndex (5) unchanged and retry.
2024-06-12 07:38:03,171 [timer0] WARN  server.GrpcLogAppender (GrpcLogAppender.java:lambda$resetClient$1(217)) - 29194895-a428-4dbc-89d8-767dd839d7c3@group-886BF1B6D606->6f841693-a0f5-4238-8e94-5d49f60504b4-GrpcLogAppender: Follower failed (request=null, errorCount=56); keep nextIndex (1) unchanged and retry. (Repeated 4 times in the last 5.000s)
2024-06-12 07:38:03,171 [timer7] WARN  server.GrpcLogAppender (LogUtils.java:warn(121)) - 29194895-a428-4dbc-89d8-767dd839d7c3@group-886BF1B6D606->6f841693-a0f5-4238-8e94-5d49f60504b4-AppendLogResponseHandler: Failed appendEntries (Repeated 4 times in the last 5.001s): org.apache.ratis.thirdparty.io.grpc.StatusRuntimeException: UNAVAILABLE: io exception
2024-06-12 07:38:04,588 [timer0] WARN  server.GrpcLogAppender (LogUtils.java:warn(121)) - 29194895-a428-4dbc-89d8-767dd839d7c3@group-A20483CAC47C->6f841693-a0f5-4238-8e94-5d49f60504b4-AppendLogResponseHandler: Failed appendEntries (Repeated 4 times in the last 5.000s): org.apache.ratis.thirdparty.io.grpc.StatusRuntimeException: UNAVAILABLE: io exception
2024-06-12 07:38:04,589 [timer1] WARN  server.GrpcLogAppender (GrpcLogAppender.java:lambda$resetClient$1(217)) - 29194895-a428-4dbc-89d8-767dd839d7c3@group-A20483CAC47C->6f841693-a0f5-4238-8e94-5d49f60504b4-GrpcLogAppender: Follower failed (request=null, errorCount=54); keep nextIndex (5) unchanged and retry. (Repeated 4 times in the last 5.000s)
2024-06-12 07:38:06,828 [grpc-default-executor-1] WARN  server.GrpcLogAppender (LogUtils.java:warn(121)) - 29194895-a428-4dbc-89d8-767dd839d7c3@group-886BF1B6D606->6f841693-a0f5-4238-8e94-5d49f60504b4-AppendLogResponseHandler: Failed appendEntries: org.apache.ratis.thirdparty.io.grpc.StatusRuntimeException: UNAVAILABLE: io exception
2024-06-12 07:38:06,829 [grpc-default-executor-3] WARN  server.GrpcLogAppender (GrpcLogAppender.java:lambda$resetClient$1(217)) - 29194895-a428-4dbc-89d8-767dd839d7c3@group-886BF1B6D606->6f841693-a0f5-4238-8e94-5d49f60504b4-GrpcLogAppender: Follower failed (request=null, errorCount=57); keep nextIndex (1) unchanged and retry.
2024-06-12 07:38:08,518 [grpc-default-executor-3] WARN  server.GrpcLogAppender (LogUtils.java:warn(121)) - 29194895-a428-4dbc-89d8-767dd839d7c3@group-A20483CAC47C->6f841693-a0f5-4238-8e94-5d49f60504b4-AppendLogResponseHandler: Failed appendEntries: org.apache.ratis.thirdparty.io.grpc.StatusRuntimeException: UNAVAILABLE: io exception
2024-06-12 07:38:08,518 [grpc-default-executor-1] WARN  server.GrpcLogAppender (GrpcLogAppender.java:lambda$resetClient$1(217)) - 29194895-a428-4dbc-89d8-767dd839d7c3@group-A20483CAC47C->6f841693-a0f5-4238-8e94-5d49f60504b4-GrpcLogAppender: Follower failed (request=null, errorCount=55); keep nextIndex (5) unchanged and retry.
2024-06-12 07:38:11,829 [timer6] WARN  server.GrpcLogAppender (GrpcLogAppender.java:lambda$resetClient$1(217)) - 29194895-a428-4dbc-89d8-767dd839d7c3@group-886BF1B6D606->6f841693-a0f5-4238-8e94-5d49f60504b4-GrpcLogAppender: Follower failed (request=null, errorCount=58); keep nextIndex (1) unchanged and retry. (Repeated 2 times in the last 5.000s)
2024-06-12 07:38:11,829 [timer5] WARN  server.GrpcLogAppender (LogUtils.java:warn(121)) - 29194895-a428-4dbc-89d8-767dd839d7c3@group-886BF1B6D606->6f841693-a0f5-4238-8e94-5d49f60504b4-AppendLogResponseHandler: Failed appendEntries (Repeated 2 times in the last 5.001s): org.apache.ratis.thirdparty.io.grpc.StatusRuntimeException: UNAVAILABLE: io exception
2024-06-12 07:38:12,156 [grpc-default-executor-3] WARN  server.GrpcLogAppender (LogUtils.java:warn(121)) - 29194895-a428-4dbc-89d8-767dd839d7c3@group-886BF1B6D606->6f841693-a0f5-4238-8e94-5d49f60504b4-AppendLogResponseHandler: Failed appendEntries: org.apache.ratis.thirdparty.io.grpc.StatusRuntimeException: UNAVAILABLE: io exception
2024-06-12 07:38:12,156 [grpc-default-executor-1] WARN  server.GrpcLogAppender (GrpcLogAppender.java:lambda$resetClient$1(217)) - 29194895-a428-4dbc-89d8-767dd839d7c3@group-886BF1B6D606->6f841693-a0f5-4238-8e94-5d49f60504b4-GrpcLogAppender: Follower failed (request=null, errorCount=59); keep nextIndex (1) unchanged and retry.
2024-06-12 07:38:13,518 [timer1] WARN  server.GrpcLogAppender (GrpcLogAppender.java:lambda$resetClient$1(217)) - 29194895-a428-4dbc-89d8-767dd839d7c3@group-A20483CAC47C->6f841693-a0f5-4238-8e94-5d49f60504b4-GrpcLogAppender: Follower failed (request=null, errorCount=56); keep nextIndex (5) unchanged and retry. (Repeated 2 times in the last 4.999s)
2024-06-12 07:38:13,519 [timer0] WARN  server.GrpcLogAppender (LogUtils.java:warn(121)) - 29194895-a428-4dbc-89d8-767dd839d7c3@group-A20483CAC47C->6f841693-a0f5-4238-8e94-5d49f60504b4-AppendLogResponseHandler: Failed appendEntries (Repeated 2 times in the last 5.001s): org.apache.ratis.thirdparty.io.grpc.StatusRuntimeException: UNAVAILABLE: io exception
2024-06-12 07:38:15,747 [grpc-default-executor-3] WARN  server.GrpcLogAppender (LogUtils.java:warn(121)) - 29194895-a428-4dbc-89d8-767dd839d7c3@group-A20483CAC47C->6f841693-a0f5-4238-8e94-5d49f60504b4-AppendLogResponseHandler: Failed appendEntries: org.apache.ratis.thirdparty.io.grpc.StatusRuntimeException: UNAVAILABLE: io exception
2024-06-12 07:38:15,748 [grpc-default-executor-1] WARN  server.GrpcLogAppender (GrpcLogAppender.java:lambda$resetClient$1(217)) - 29194895-a428-4dbc-89d8-767dd839d7c3@group-A20483CAC47C->6f841693-a0f5-4238-8e94-5d49f60504b4-GrpcLogAppender: Follower failed (request=null, errorCount=57); keep nextIndex (5) unchanged and retry.
2024-06-12 07:38:17,156 [timer0] WARN  server.GrpcLogAppender (GrpcLogAppender.java:lambda$resetClient$1(217)) - 29194895-a428-4dbc-89d8-767dd839d7c3@group-886BF1B6D606->6f841693-a0f5-4238-8e94-5d49f60504b4-GrpcLogAppender: Follower failed (request=null, errorCount=62); keep nextIndex (1) unchanged and retry. (Repeated 4 times in the last 4.999s)
2024-06-12 07:38:17,156 [timer7] WARN  server.GrpcLogAppender (LogUtils.java:warn(121)) - 29194895-a428-4dbc-89d8-767dd839d7c3@group-886BF1B6D606->6f841693-a0f5-4238-8e94-5d49f60504b4-AppendLogResponseHandler: Failed appendEntries (Repeated 4 times in the last 5.000s): org.apache.ratis.thirdparty.io.grpc.StatusRuntimeException: UNAVAILABLE: io exception
2024-06-12 07:38:20,222 [grpc-default-executor-3] WARN  server.GrpcLogAppender (LogUtils.java:warn(121)) - 29194895-a428-4dbc-89d8-767dd839d7c3@group-886BF1B6D606->6f841693-a0f5-4238-8e94-5d49f60504b4-AppendLogResponseHandler: Failed appendEntries: org.apache.ratis.thirdparty.io.grpc.StatusRuntimeException: UNAVAILABLE: io exception
2024-06-12 07:38:20,223 [grpc-default-executor-1] WARN  server.GrpcLogAppender (GrpcLogAppender.java:lambda$resetClient$1(217)) - 29194895-a428-4dbc-89d8-767dd839d7c3@group-886BF1B6D606->6f841693-a0f5-4238-8e94-5d49f60504b4-GrpcLogAppender: Follower failed (request=null, errorCount=63); keep nextIndex (1) unchanged and retry.
2024-06-12 07:38:20,747 [timer0] WARN  server.GrpcLogAppender (LogUtils.java:warn(121)) - 29194895-a428-4dbc-89d8-767dd839d7c3@group-A20483CAC47C->6f841693-a0f5-4238-8e94-5d49f60504b4-AppendLogResponseHandler: Failed appendEntries (Repeated 4 times in the last 5.000s): org.apache.ratis.thirdparty.io.grpc.StatusRuntimeException: UNAVAILABLE: io exception
2024-06-12 07:38:20,748 [timer1] WARN  server.GrpcLogAppender (GrpcLogAppender.java:lambda$resetClient$1(217)) - 29194895-a428-4dbc-89d8-767dd839d7c3@group-A20483CAC47C->6f841693-a0f5-4238-8e94-5d49f60504b4-GrpcLogAppender: Follower failed (request=null, errorCount=60); keep nextIndex (5) unchanged and retry. (Repeated 4 times in the last 5.000s)
2024-06-12 07:38:24,205 [grpc-default-executor-1] WARN  server.GrpcLogAppender (LogUtils.java:warn(121)) - 29194895-a428-4dbc-89d8-767dd839d7c3@group-A20483CAC47C->6f841693-a0f5-4238-8e94-5d49f60504b4-AppendLogResponseHandler: Failed appendEntries: org.apache.ratis.thirdparty.io.grpc.StatusRuntimeException: UNAVAILABLE: io exception
2024-06-12 07:38:24,205 [grpc-default-executor-3] WARN  server.GrpcLogAppender (GrpcLogAppender.java:lambda$resetClient$1(217)) - 29194895-a428-4dbc-89d8-767dd839d7c3@group-A20483CAC47C->6f841693-a0f5-4238-8e94-5d49f60504b4-GrpcLogAppender: Follower failed (request=null, errorCount=61); keep nextIndex (5) unchanged and retry.
2024-06-12 07:38:25,223 [timer0] WARN  server.GrpcLogAppender (LogUtils.java:warn(121)) - 29194895-a428-4dbc-89d8-767dd839d7c3@group-886BF1B6D606->6f841693-a0f5-4238-8e94-5d49f60504b4-AppendLogResponseHandler: Failed appendEntries (Repeated 4 times in the last 5.000s): org.apache.ratis.thirdparty.io.grpc.StatusRuntimeException: UNAVAILABLE: io exception
2024-06-12 07:38:25,223 [timer1] WARN  server.GrpcLogAppender (GrpcLogAppender.java:lambda$resetClient$1(217)) - 29194895-a428-4dbc-89d8-767dd839d7c3@group-886BF1B6D606->6f841693-a0f5-4238-8e94-5d49f60504b4-GrpcLogAppender: Follower failed (request=null, errorCount=66); keep nextIndex (1) unchanged and retry. (Repeated 4 times in the last 5.000s)
2024-06-12 07:38:28,778 [grpc-default-executor-3] WARN  server.GrpcLogAppender (LogUtils.java:warn(121)) - 29194895-a428-4dbc-89d8-767dd839d7c3@group-886BF1B6D606->6f841693-a0f5-4238-8e94-5d49f60504b4-AppendLogResponseHandler: Failed appendEntries: org.apache.ratis.thirdparty.io.grpc.StatusRuntimeException: UNAVAILABLE: io exception
2024-06-12 07:38:28,778 [grpc-default-executor-1] WARN  server.GrpcLogAppender (GrpcLogAppender.java:lambda$resetClient$1(217)) - 29194895-a428-4dbc-89d8-767dd839d7c3@group-886BF1B6D606->6f841693-a0f5-4238-8e94-5d49f60504b4-GrpcLogAppender: Follower failed (request=null, errorCount=67); keep nextIndex (1) unchanged and retry.
2024-06-12 07:38:29,205 [timer1] WARN  server.GrpcLogAppender (GrpcLogAppender.java:lambda$resetClient$1(217)) - 29194895-a428-4dbc-89d8-767dd839d7c3@group-A20483CAC47C->6f841693-a0f5-4238-8e94-5d49f60504b4-GrpcLogAppender: Follower failed (request=null, errorCount=64); keep nextIndex (5) unchanged and retry. (Repeated 4 times in the last 5.000s)
2024-06-12 07:38:29,205 [timer0] WARN  server.GrpcLogAppender (LogUtils.java:warn(121)) - 29194895-a428-4dbc-89d8-767dd839d7c3@group-A20483CAC47C->6f841693-a0f5-4238-8e94-5d49f60504b4-AppendLogResponseHandler: Failed appendEntries (Repeated 4 times in the last 5.000s): org.apache.ratis.thirdparty.io.grpc.StatusRuntimeException: UNAVAILABLE: io exception
2024-06-12 07:38:32,704 [EventQueue-StaleNodeForStaleNodeHandler] INFO  node.StaleNodeHandler (StaleNodeHandler.java:onMessage(57)) - Datanode 6f841693-a0f5-4238-8e94-5d49f60504b4(localhost/127.0.0.1) moved to stale state. Finalizing its pipelines [PipelineID=3c6756a6-c20a-4fdc-8f34-a20483cac47c, PipelineID=d1e616b0-b988-4dca-b8d3-c88d29d2180a, PipelineID=750c4273-4abe-4ab7-ae36-886bf1b6d606]
2024-06-12 07:38:32,707 [EventQueue-StaleNodeForStaleNodeHandler] INFO  pipeline.PipelineManagerImpl (PipelineManagerImpl.java:closeContainersForPipeline(484)) - Container #2 closed for pipeline=PipelineID=3c6756a6-c20a-4fdc-8f34-a20483cac47c
2024-06-12 07:38:32,707 [EventQueue-CloseContainerForCloseContainerEventHandler] INFO  container.CloseContainerEventHandler (CloseContainerEventHandler.java:onMessage(88)) - Close container Event triggered for container : #2, current state: CLOSING
2024-06-12 07:38:32,707 [EventQueue-StaleNodeForStaleNodeHandler] INFO  pipeline.PipelineManagerImpl (PipelineManagerImpl.java:closePipeline(518)) - Pipeline PipelineID=3c6756a6-c20a-4fdc-8f34-a20483cac47c moved to CLOSED state
2024-06-12 07:38:32,707 [EventQueue-StaleNodeForStaleNodeHandler] INFO  pipeline.PipelineManagerImpl (PipelineManagerImpl.java:closePipeline(518)) - Pipeline PipelineID=d1e616b0-b988-4dca-b8d3-c88d29d2180a moved to CLOSED state
2024-06-12 07:38:32,708 [EventQueue-StaleNodeForStaleNodeHandler] INFO  pipeline.PipelineManagerImpl (PipelineManagerImpl.java:closePipeline(518)) - Pipeline PipelineID=750c4273-4abe-4ab7-ae36-886bf1b6d606 moved to CLOSED state
2024-06-12 07:38:33,729 [grpc-default-executor-1] WARN  server.GrpcLogAppender (LogUtils.java:warn(121)) - 29194895-a428-4dbc-89d8-767dd839d7c3@group-A20483CAC47C->6f841693-a0f5-4238-8e94-5d49f60504b4-AppendLogResponseHandler: Failed appendEntries: org.apache.ratis.thirdparty.io.grpc.StatusRuntimeException: UNAVAILABLE: io exception
2024-06-12 07:38:33,729 [grpc-default-executor-3] WARN  server.GrpcLogAppender (GrpcLogAppender.java:lambda$resetClient$1(217)) - 29194895-a428-4dbc-89d8-767dd839d7c3@group-A20483CAC47C->6f841693-a0f5-4238-8e94-5d49f60504b4-GrpcLogAppender: Follower failed (request=null, errorCount=65); keep nextIndex (5) unchanged and retry.
2024-06-12 07:38:33,778 [timer1] WARN  server.GrpcLogAppender (GrpcLogAppender.java:lambda$resetClient$1(217)) - 29194895-a428-4dbc-89d8-767dd839d7c3@group-886BF1B6D606->6f841693-a0f5-4238-8e94-5d49f60504b4-GrpcLogAppender: Follower failed (request=null, errorCount=70); keep nextIndex (1) unchanged and retry. (Repeated 4 times in the last 5.000s)
2024-06-12 07:38:33,778 [timer0] WARN  server.GrpcLogAppender (LogUtils.java:warn(121)) - 29194895-a428-4dbc-89d8-767dd839d7c3@group-886BF1B6D606->6f841693-a0f5-4238-8e94-5d49f60504b4-AppendLogResponseHandler: Failed appendEntries (Repeated 4 times in the last 5.000s): org.apache.ratis.thirdparty.io.grpc.StatusRuntimeException: UNAVAILABLE: io exception
2024-06-12 07:38:35,895 [ac495114-8bb8-4dac-b10f-46951d6cb650-CloseContainerThread-0] INFO  commandhandler.CloseContainerCommandHandler (CloseContainerCommandHandler.java:lambda$handle$0(154)) - Follower cannot close container #2.
2024-06-12 07:38:35,901 [grpc-default-executor-2] WARN  server.GrpcLogAppender (GrpcLogAppender.java:lambda$resetClient$1(217)) - 29194895-a428-4dbc-89d8-767dd839d7c3@group-A20483CAC47C->6f841693-a0f5-4238-8e94-5d49f60504b4-GrpcLogAppender: Follower failed (request=null, errorCount=69); keep nextIndex (7) unchanged and retry.
2024-06-12 07:38:35,903 [ac495114-8bb8-4dac-b10f-46951d6cb650-ContainerOp-3c6756a6-c20a-4fdc-8f34-a20483cac47c-2] INFO  keyvalue.KeyValueContainer (KeyValueContainer.java:flushAndSyncDB(522)) - Container 2 is synced with bcsId 2.
2024-06-12 07:38:35,903 [ac495114-8bb8-4dac-b10f-46951d6cb650-ContainerOp-3c6756a6-c20a-4fdc-8f34-a20483cac47c-2] INFO  keyvalue.KeyValueContainer (KeyValueContainer.java:flushAndSyncDB(522)) - Container 2 is synced with bcsId 2.
2024-06-12 07:38:35,904 [ac495114-8bb8-4dac-b10f-46951d6cb650-ContainerOp-3c6756a6-c20a-4fdc-8f34-a20483cac47c-2] INFO  keyvalue.KeyValueContainer (KeyValueContainer.java:close(437)) - Container 2 is closed with bcsId 2.
2024-06-12 07:38:35,905 [FixedThreadPoolWithAffinityExecutor-9-0] INFO  container.IncrementalContainerReportHandler (AbstractContainerReportHandler.java:updateContainerState(312)) - Moving container #2 to CLOSED state, datanode ac495114-8bb8-4dac-b10f-46951d6cb650(localhost/127.0.0.1) reported CLOSED replica with index 0.
2024-06-12 07:38:35,905 [29194895-a428-4dbc-89d8-767dd839d7c3-ContainerOp-3c6756a6-c20a-4fdc-8f34-a20483cac47c-2] INFO  keyvalue.KeyValueContainer (KeyValueContainer.java:flushAndSyncDB(522)) - Container 2 is synced with bcsId 2.
2024-06-12 07:38:35,905 [29194895-a428-4dbc-89d8-767dd839d7c3-ContainerOp-3c6756a6-c20a-4fdc-8f34-a20483cac47c-2] INFO  keyvalue.KeyValueContainer (KeyValueContainer.java:flushAndSyncDB(522)) - Container 2 is synced with bcsId 2.
2024-06-12 07:38:35,908 [29194895-a428-4dbc-89d8-767dd839d7c3-ContainerOp-3c6756a6-c20a-4fdc-8f34-a20483cac47c-2] INFO  keyvalue.KeyValueContainer (KeyValueContainer.java:close(437)) - Container 2 is closed with bcsId 2.
2024-06-12 07:38:37,099 [grpc-default-executor-3] WARN  server.GrpcLogAppender (LogUtils.java:warn(121)) - 29194895-a428-4dbc-89d8-767dd839d7c3@group-886BF1B6D606->6f841693-a0f5-4238-8e94-5d49f60504b4-AppendLogResponseHandler: Failed appendEntries: org.apache.ratis.thirdparty.io.grpc.StatusRuntimeException: UNAVAILABLE: io exception
2024-06-12 07:38:37,099 [grpc-default-executor-2] WARN  server.GrpcLogAppender (GrpcLogAppender.java:lambda$resetClient$1(217)) - 29194895-a428-4dbc-89d8-767dd839d7c3@group-886BF1B6D606->6f841693-a0f5-4238-8e94-5d49f60504b4-GrpcLogAppender: Follower failed (request=null, errorCount=71); keep nextIndex (1) unchanged and retry.
2024-06-12 07:38:38,729 [timer0] WARN  server.GrpcLogAppender (LogUtils.java:warn(121)) - 29194895-a428-4dbc-89d8-767dd839d7c3@group-A20483CAC47C->6f841693-a0f5-4238-8e94-5d49f60504b4-AppendLogResponseHandler: Failed appendEntries (Repeated 8 times in the last 5.000s): org.apache.ratis.thirdparty.io.grpc.StatusRuntimeException: UNAVAILABLE: io exception
2024-06-12 07:38:38,730 [timer1] WARN  server.GrpcLogAppender (GrpcLogAppender.java:lambda$resetClient$1(217)) - 29194895-a428-4dbc-89d8-767dd839d7c3@group-A20483CAC47C->6f841693-a0f5-4238-8e94-5d49f60504b4-GrpcLogAppender: Follower failed (request=null, errorCount=68); keep nextIndex (5) unchanged and retry. (Repeated 4 times in the last 5.001s)
2024-06-12 07:38:40,901 [timer3] WARN  server.GrpcLogAppender (GrpcLogAppender.java:lambda$resetClient$1(217)) - 29194895-a428-4dbc-89d8-767dd839d7c3@group-A20483CAC47C->6f841693-a0f5-4238-8e94-5d49f60504b4-GrpcLogAppender: Follower failed (request=null, errorCount=72); keep nextIndex (7) unchanged and retry. (Repeated 4 times in the last 5.000s)
2024-06-12 07:38:42,100 [timer6] WARN  server.GrpcLogAppender (GrpcLogAppender.java:lambda$resetClient$1(217)) - 29194895-a428-4dbc-89d8-767dd839d7c3@group-886BF1B6D606->6f841693-a0f5-4238-8e94-5d49f60504b4-GrpcLogAppender: Follower failed (request=null, errorCount=72); keep nextIndex (1) unchanged and retry. (Repeated 2 times in the last 5.001s)
2024-06-12 07:38:42,100 [timer5] WARN  server.GrpcLogAppender (LogUtils.java:warn(121)) - 29194895-a428-4dbc-89d8-767dd839d7c3@group-886BF1B6D606->6f841693-a0f5-4238-8e94-5d49f60504b4-AppendLogResponseHandler: Failed appendEntries (Repeated 2 times in the last 5.001s): org.apache.ratis.thirdparty.io.grpc.StatusRuntimeException: UNAVAILABLE: io exception
2024-06-12 07:38:42,160 [grpc-default-executor-3] WARN  server.GrpcLogAppender (LogUtils.java:warn(121)) - 29194895-a428-4dbc-89d8-767dd839d7c3@group-886BF1B6D606->6f841693-a0f5-4238-8e94-5d49f60504b4-AppendLogResponseHandler: Failed appendEntries: org.apache.ratis.thirdparty.io.grpc.StatusRuntimeException: UNAVAILABLE: io exception
2024-06-12 07:38:42,160 [grpc-default-executor-2] WARN  server.GrpcLogAppender (GrpcLogAppender.java:lambda$resetClient$1(217)) - 29194895-a428-4dbc-89d8-767dd839d7c3@group-886BF1B6D606->6f841693-a0f5-4238-8e94-5d49f60504b4-GrpcLogAppender: Follower failed (request=null, errorCount=73); keep nextIndex (1) unchanged and retry.
2024-06-12 07:38:42,162 [grpc-default-executor-3] WARN  server.GrpcLogAppender (LogUtils.java:warn(121)) - 29194895-a428-4dbc-89d8-767dd839d7c3@group-A20483CAC47C->6f841693-a0f5-4238-8e94-5d49f60504b4-AppendLogResponseHandler: Failed appendEntries: org.apache.ratis.thirdparty.io.grpc.StatusRuntimeException: UNAVAILABLE: io exception
2024-06-12 07:38:42,162 [grpc-default-executor-2] WARN  server.GrpcLogAppender (GrpcLogAppender.java:lambda$resetClient$1(217)) - 29194895-a428-4dbc-89d8-767dd839d7c3@group-A20483CAC47C->6f841693-a0f5-4238-8e94-5d49f60504b4-GrpcLogAppender: Follower failed (request=null, errorCount=73); keep nextIndex (7) unchanged and retry.
2024-06-12 07:38:46,088 [86e236ad-53d7-40fc-9454-d100b30595d4-BlockDeletingService#1] INFO  interfaces.ContainerDeletionChoosingPolicyTemplate (ContainerDeletionChoosingPolicyTemplate.java:chooseContainerForBlockDeletion(85)) - Chosen 0/5000 blocks from 0 candidate containers.
2024-06-12 07:38:46,138 [893f21cf-1739-427a-a93c-5929db1902c5-BlockDeletingService#1] INFO  interfaces.ContainerDeletionChoosingPolicyTemplate (ContainerDeletionChoosingPolicyTemplate.java:chooseContainerForBlockDeletion(85)) - Chosen 0/5000 blocks from 0 candidate containers.
2024-06-12 07:38:46,207 [8c3b1af4-43ff-4c22-ad10-b37d9e41628a-BlockDeletingService#1] INFO  interfaces.ContainerDeletionChoosingPolicyTemplate (ContainerDeletionChoosingPolicyTemplate.java:chooseContainerForBlockDeletion(85)) - Chosen 0/5000 blocks from 0 candidate containers.
2024-06-12 07:38:46,263 [6f841693-a0f5-4238-8e94-5d49f60504b4-BlockDeletingService#1] INFO  interfaces.ContainerDeletionChoosingPolicyTemplate (ContainerDeletionChoosingPolicyTemplate.java:chooseContainerForBlockDeletion(85)) - Chosen 0/5000 blocks from 0 candidate containers.
2024-06-12 07:38:46,341 [ac495114-8bb8-4dac-b10f-46951d6cb650-BlockDeletingService#1] INFO  interfaces.ContainerDeletionChoosingPolicyTemplate (ContainerDeletionChoosingPolicyTemplate.java:chooseContainerForBlockDeletion(85)) - Chosen 0/5000 blocks from 0 candidate containers.
2024-06-12 07:38:46,395 [29194895-a428-4dbc-89d8-767dd839d7c3-BlockDeletingService#1] INFO  interfaces.ContainerDeletionChoosingPolicyTemplate (ContainerDeletionChoosingPolicyTemplate.java:chooseContainerForBlockDeletion(85)) - Chosen 0/5000 blocks from 0 candidate containers.
2024-06-12 07:38:47,160 [timer6] WARN  server.GrpcLogAppender (GrpcLogAppender.java:lambda$resetClient$1(217)) - 29194895-a428-4dbc-89d8-767dd839d7c3@group-886BF1B6D606->6f841693-a0f5-4238-8e94-5d49f60504b4-GrpcLogAppender: Follower failed (request=null, errorCount=76); keep nextIndex (1) unchanged and retry. (Repeated 4 times in the last 5.000s)
2024-06-12 07:38:47,160 [timer5] WARN  server.GrpcLogAppender (LogUtils.java:warn(121)) - 29194895-a428-4dbc-89d8-767dd839d7c3@group-886BF1B6D606->6f841693-a0f5-4238-8e94-5d49f60504b4-AppendLogResponseHandler: Failed appendEntries (Repeated 4 times in the last 5.001s): org.apache.ratis.thirdparty.io.grpc.StatusRuntimeException: UNAVAILABLE: io exception
2024-06-12 07:38:47,162 [timer1] WARN  server.GrpcLogAppender (GrpcLogAppender.java:lambda$resetClient$1(217)) - 29194895-a428-4dbc-89d8-767dd839d7c3@group-A20483CAC47C->6f841693-a0f5-4238-8e94-5d49f60504b4-GrpcLogAppender: Follower failed (request=null, errorCount=76); keep nextIndex (7) unchanged and retry. (Repeated 4 times in the last 4.999s)
2024-06-12 07:38:47,163 [timer0] WARN  server.GrpcLogAppender (LogUtils.java:warn(121)) - 29194895-a428-4dbc-89d8-767dd839d7c3@group-A20483CAC47C->6f841693-a0f5-4238-8e94-5d49f60504b4-AppendLogResponseHandler: Failed appendEntries (Repeated 4 times in the last 5.001s): org.apache.ratis.thirdparty.io.grpc.StatusRuntimeException: UNAVAILABLE: io exception
2024-06-12 07:38:52,664 [grpc-default-executor-1] WARN  server.GrpcLogAppender (LogUtils.java:warn(121)) - 29194895-a428-4dbc-89d8-767dd839d7c3@group-886BF1B6D606->6f841693-a0f5-4238-8e94-5d49f60504b4-AppendLogResponseHandler: Failed appendEntries: org.apache.ratis.thirdparty.io.grpc.StatusRuntimeException: UNAVAILABLE: io exception
2024-06-12 07:38:52,664 [grpc-default-executor-2] WARN  server.GrpcLogAppender (GrpcLogAppender.java:lambda$resetClient$1(217)) - 29194895-a428-4dbc-89d8-767dd839d7c3@group-886BF1B6D606->6f841693-a0f5-4238-8e94-5d49f60504b4-GrpcLogAppender: Follower failed (request=null, errorCount=77); keep nextIndex (1) unchanged and retry.
2024-06-12 07:38:53,560 [grpc-default-executor-1] WARN  server.GrpcLogAppender (LogUtils.java:warn(121)) - 29194895-a428-4dbc-89d8-767dd839d7c3@group-A20483CAC47C->6f841693-a0f5-4238-8e94-5d49f60504b4-AppendLogResponseHandler: Failed appendEntries: org.apache.ratis.thirdparty.io.grpc.StatusRuntimeException: UNAVAILABLE: io exception
2024-06-12 07:38:53,560 [grpc-default-executor-2] WARN  server.GrpcLogAppender (GrpcLogAppender.java:lambda$resetClient$1(217)) - 29194895-a428-4dbc-89d8-767dd839d7c3@group-A20483CAC47C->6f841693-a0f5-4238-8e94-5d49f60504b4-GrpcLogAppender: Follower failed (request=null, errorCount=77); keep nextIndex (7) unchanged and retry.
2024-06-12 07:38:57,664 [timer5] WARN  server.GrpcLogAppender (LogUtils.java:warn(121)) - 29194895-a428-4dbc-89d8-767dd839d7c3@group-886BF1B6D606->6f841693-a0f5-4238-8e94-5d49f60504b4-AppendLogResponseHandler: Failed appendEntries (Repeated 4 times in the last 5.000s): org.apache.ratis.thirdparty.io.grpc.StatusRuntimeException: UNAVAILABLE: io exception
2024-06-12 07:38:57,664 [timer6] WARN  server.GrpcLogAppender (GrpcLogAppender.java:lambda$resetClient$1(217)) - 29194895-a428-4dbc-89d8-767dd839d7c3@group-886BF1B6D606->6f841693-a0f5-4238-8e94-5d49f60504b4-GrpcLogAppender: Follower failed (request=null, errorCount=80); keep nextIndex (1) unchanged and retry. (Repeated 4 times in the last 5.001s)
2024-06-12 07:38:58,560 [timer1] WARN  server.GrpcLogAppender (GrpcLogAppender.java:lambda$resetClient$1(217)) - 29194895-a428-4dbc-89d8-767dd839d7c3@group-A20483CAC47C->6f841693-a0f5-4238-8e94-5d49f60504b4-GrpcLogAppender: Follower failed (request=null, errorCount=80); keep nextIndex (7) unchanged and retry. (Repeated 4 times in the last 5.000s)
2024-06-12 07:38:58,560 [timer0] WARN  server.GrpcLogAppender (LogUtils.java:warn(121)) - 29194895-a428-4dbc-89d8-767dd839d7c3@group-A20483CAC47C->6f841693-a0f5-4238-8e94-5d49f60504b4-AppendLogResponseHandler: Failed appendEntries (Repeated 4 times in the last 5.001s): org.apache.ratis.thirdparty.io.grpc.StatusRuntimeException: UNAVAILABLE: io exception
2024-06-12 07:38:58,899 [grpc-default-executor-1] WARN  server.GrpcLogAppender (LogUtils.java:warn(121)) - 29194895-a428-4dbc-89d8-767dd839d7c3@group-886BF1B6D606->6f841693-a0f5-4238-8e94-5d49f60504b4-AppendLogResponseHandler: Failed appendEntries: org.apache.ratis.thirdparty.io.grpc.StatusRuntimeException: UNAVAILABLE: io exception
2024-06-12 07:38:58,899 [grpc-default-executor-2] WARN  server.GrpcLogAppender (GrpcLogAppender.java:lambda$resetClient$1(217)) - 29194895-a428-4dbc-89d8-767dd839d7c3@group-886BF1B6D606->6f841693-a0f5-4238-8e94-5d49f60504b4-GrpcLogAppender: Follower failed (request=null, errorCount=81); keep nextIndex (1) unchanged and retry.
2024-06-12 07:39:00,539 [grpc-default-executor-1] WARN  server.GrpcLogAppender (LogUtils.java:warn(121)) - 29194895-a428-4dbc-89d8-767dd839d7c3@group-A20483CAC47C->6f841693-a0f5-4238-8e94-5d49f60504b4-AppendLogResponseHandler: Failed appendEntries: org.apache.ratis.thirdparty.io.grpc.StatusRuntimeException: UNAVAILABLE: io exception
2024-06-12 07:39:00,539 [grpc-default-executor-2] WARN  server.GrpcLogAppender (GrpcLogAppender.java:lambda$resetClient$1(217)) - 29194895-a428-4dbc-89d8-767dd839d7c3@group-A20483CAC47C->6f841693-a0f5-4238-8e94-5d49f60504b4-GrpcLogAppender: Follower failed (request=null, errorCount=81); keep nextIndex (7) unchanged and retry.
2024-06-12 07:39:03,900 [timer7] WARN  server.GrpcLogAppender (GrpcLogAppender.java:lambda$resetClient$1(217)) - 29194895-a428-4dbc-89d8-767dd839d7c3@group-886BF1B6D606->6f841693-a0f5-4238-8e94-5d49f60504b4-GrpcLogAppender: Follower failed (request=null, errorCount=84); keep nextIndex (1) unchanged and retry. (Repeated 4 times in the last 5.000s)
2024-06-12 07:39:03,900 [timer6] WARN  server.GrpcLogAppender (LogUtils.java:warn(121)) - 29194895-a428-4dbc-89d8-767dd839d7c3@group-886BF1B6D606->6f841693-a0f5-4238-8e94-5d49f60504b4-AppendLogResponseHandler: Failed appendEntries (Repeated 4 times in the last 5.000s): org.apache.ratis.thirdparty.io.grpc.StatusRuntimeException: UNAVAILABLE: io exception
2024-06-12 07:39:05,539 [timer2] WARN  server.GrpcLogAppender (GrpcLogAppender.java:lambda$resetClient$1(217)) - 29194895-a428-4dbc-89d8-767dd839d7c3@group-A20483CAC47C->6f841693-a0f5-4238-8e94-5d49f60504b4-GrpcLogAppender: Follower failed (request=null, errorCount=82); keep nextIndex (7) unchanged and retry. (Repeated 2 times in the last 4.999s)
2024-06-12 07:39:05,539 [timer1] WARN  server.GrpcLogAppender (LogUtils.java:warn(121)) - 29194895-a428-4dbc-89d8-767dd839d7c3@group-A20483CAC47C->6f841693-a0f5-4238-8e94-5d49f60504b4-AppendLogResponseHandler: Failed appendEntries (Repeated 2 times in the last 5.000s): org.apache.ratis.thirdparty.io.grpc.StatusRuntimeException: UNAVAILABLE: io exception
2024-06-12 07:39:07,565 [grpc-default-executor-2] WARN  server.GrpcLogAppender (LogUtils.java:warn(121)) - 29194895-a428-4dbc-89d8-767dd839d7c3@group-A20483CAC47C->6f841693-a0f5-4238-8e94-5d49f60504b4-AppendLogResponseHandler: Failed appendEntries: org.apache.ratis.thirdparty.io.grpc.StatusRuntimeException: UNAVAILABLE: io exception
2024-06-12 07:39:07,566 [grpc-default-executor-1] WARN  server.GrpcLogAppender (GrpcLogAppender.java:lambda$resetClient$1(217)) - 29194895-a428-4dbc-89d8-767dd839d7c3@group-A20483CAC47C->6f841693-a0f5-4238-8e94-5d49f60504b4-GrpcLogAppender: Follower failed (request=null, errorCount=83); keep nextIndex (7) unchanged and retry.
2024-06-12 07:39:10,557 [grpc-default-executor-1] WARN  server.GrpcLogAppender (LogUtils.java:warn(121)) - 29194895-a428-4dbc-89d8-767dd839d7c3@group-886BF1B6D606->6f841693-a0f5-4238-8e94-5d49f60504b4-AppendLogResponseHandler: Failed appendEntries: org.apache.ratis.thirdparty.io.grpc.StatusRuntimeException: UNAVAILABLE: io exception
2024-06-12 07:39:10,557 [grpc-default-executor-3] WARN  server.GrpcLogAppender (GrpcLogAppender.java:lambda$resetClient$1(217)) - 29194895-a428-4dbc-89d8-767dd839d7c3@group-886BF1B6D606->6f841693-a0f5-4238-8e94-5d49f60504b4-GrpcLogAppender: Follower failed (request=null, errorCount=85); keep nextIndex (1) unchanged and retry.
2024-06-12 07:39:12,566 [timer5] WARN  server.GrpcLogAppender (LogUtils.java:warn(121)) - 29194895-a428-4dbc-89d8-767dd839d7c3@group-A20483CAC47C->6f841693-a0f5-4238-8e94-5d49f60504b4-AppendLogResponseHandler: Failed appendEntries (Repeated 4 times in the last 5.001s): org.apache.ratis.thirdparty.io.grpc.StatusRuntimeException: UNAVAILABLE: io exception
2024-06-12 07:39:12,566 [timer6] WARN  server.GrpcLogAppender (GrpcLogAppender.java:lambda$resetClient$1(217)) - 29194895-a428-4dbc-89d8-767dd839d7c3@group-A20483CAC47C->6f841693-a0f5-4238-8e94-5d49f60504b4-GrpcLogAppender: Follower failed (request=null, errorCount=86); keep nextIndex (7) unchanged and retry. (Repeated 4 times in the last 5.001s)
2024-06-12 07:39:15,557 [timer0] WARN  server.GrpcLogAppender (LogUtils.java:warn(121)) - 29194895-a428-4dbc-89d8-767dd839d7c3@group-886BF1B6D606->6f841693-a0f5-4238-8e94-5d49f60504b4-AppendLogResponseHandler: Failed appendEntries (Repeated 2 times in the last 5.001s): org.apache.ratis.thirdparty.io.grpc.StatusRuntimeException: UNAVAILABLE: io exception
2024-06-12 07:39:15,557 [timer1] WARN  server.GrpcLogAppender (GrpcLogAppender.java:lambda$resetClient$1(217)) - 29194895-a428-4dbc-89d8-767dd839d7c3@group-886BF1B6D606->6f841693-a0f5-4238-8e94-5d49f60504b4-GrpcLogAppender: Follower failed (request=null, errorCount=86); keep nextIndex (1) unchanged and retry. (Repeated 2 times in the last 5.000s)
2024-06-12 07:39:16,203 [grpc-default-executor-3] WARN  server.GrpcLogAppender (LogUtils.java:warn(121)) - 29194895-a428-4dbc-89d8-767dd839d7c3@group-886BF1B6D606->6f841693-a0f5-4238-8e94-5d49f60504b4-AppendLogResponseHandler: Failed appendEntries: org.apache.ratis.thirdparty.io.grpc.StatusRuntimeException: UNAVAILABLE: io exception
2024-06-12 07:39:16,203 [grpc-default-executor-1] WARN  server.GrpcLogAppender (GrpcLogAppender.java:lambda$resetClient$1(217)) - 29194895-a428-4dbc-89d8-767dd839d7c3@group-886BF1B6D606->6f841693-a0f5-4238-8e94-5d49f60504b4-GrpcLogAppender: Follower failed (request=null, errorCount=87); keep nextIndex (1) unchanged and retry.
2024-06-12 07:39:18,366 [grpc-default-executor-1] WARN  server.GrpcLogAppender (LogUtils.java:warn(121)) - 29194895-a428-4dbc-89d8-767dd839d7c3@group-A20483CAC47C->6f841693-a0f5-4238-8e94-5d49f60504b4-AppendLogResponseHandler: Failed appendEntries: org.apache.ratis.thirdparty.io.grpc.StatusRuntimeException: UNAVAILABLE: io exception
2024-06-12 07:39:18,366 [grpc-default-executor-3] WARN  server.GrpcLogAppender (GrpcLogAppender.java:lambda$resetClient$1(217)) - 29194895-a428-4dbc-89d8-767dd839d7c3@group-A20483CAC47C->6f841693-a0f5-4238-8e94-5d49f60504b4-GrpcLogAppender: Follower failed (request=null, errorCount=87); keep nextIndex (7) unchanged and retry.
2024-06-12 07:39:21,203 [timer5] WARN  server.GrpcLogAppender (LogUtils.java:warn(121)) - 29194895-a428-4dbc-89d8-767dd839d7c3@group-886BF1B6D606->6f841693-a0f5-4238-8e94-5d49f60504b4-AppendLogResponseHandler: Failed appendEntries (Repeated 2 times in the last 5.000s): org.apache.ratis.thirdparty.io.grpc.StatusRuntimeException: UNAVAILABLE: io exception
2024-06-12 07:39:21,203 [timer6] WARN  server.GrpcLogAppender (GrpcLogAppender.java:lambda$resetClient$1(217)) - 29194895-a428-4dbc-89d8-767dd839d7c3@group-886BF1B6D606->6f841693-a0f5-4238-8e94-5d49f60504b4-GrpcLogAppender: Follower failed (request=null, errorCount=88); keep nextIndex (1) unchanged and retry. (Repeated 2 times in the last 5.000s)
2024-06-12 07:39:23,003 [grpc-default-executor-3] WARN  server.GrpcLogAppender (LogUtils.java:warn(121)) - 29194895-a428-4dbc-89d8-767dd839d7c3@group-886BF1B6D606->6f841693-a0f5-4238-8e94-5d49f60504b4-AppendLogResponseHandler: Failed appendEntries: org.apache.ratis.thirdparty.io.grpc.StatusRuntimeException: UNAVAILABLE: io exception
2024-06-12 07:39:23,003 [grpc-default-executor-1] WARN  server.GrpcLogAppender (GrpcLogAppender.java:lambda$resetClient$1(217)) - 29194895-a428-4dbc-89d8-767dd839d7c3@group-886BF1B6D606->6f841693-a0f5-4238-8e94-5d49f60504b4-GrpcLogAppender: Follower failed (request=null, errorCount=89); keep nextIndex (1) unchanged and retry.
2024-06-12 07:39:23,366 [timer0] WARN  server.GrpcLogAppender (LogUtils.java:warn(121)) - 29194895-a428-4dbc-89d8-767dd839d7c3@group-A20483CAC47C->6f841693-a0f5-4238-8e94-5d49f60504b4-AppendLogResponseHandler: Failed appendEntries (Repeated 4 times in the last 5.000s): org.apache.ratis.thirdparty.io.grpc.StatusRuntimeException: UNAVAILABLE: io exception
2024-06-12 07:39:23,366 [timer1] WARN  server.GrpcLogAppender (GrpcLogAppender.java:lambda$resetClient$1(217)) - 29194895-a428-4dbc-89d8-767dd839d7c3@group-A20483CAC47C->6f841693-a0f5-4238-8e94-5d49f60504b4-GrpcLogAppender: Follower failed (request=null, errorCount=90); keep nextIndex (7) unchanged and retry. (Repeated 4 times in the last 5.000s)
2024-06-12 07:39:27,211 [grpc-default-executor-3] WARN  server.GrpcLogAppender (LogUtils.java:warn(121)) - 29194895-a428-4dbc-89d8-767dd839d7c3@group-A20483CAC47C->6f841693-a0f5-4238-8e94-5d49f60504b4-AppendLogResponseHandler: Failed appendEntries: org.apache.ratis.thirdparty.io.grpc.StatusRuntimeException: UNAVAILABLE: io exception
2024-06-12 07:39:27,212 [grpc-default-executor-1] WARN  server.GrpcLogAppender (GrpcLogAppender.java:lambda$resetClient$1(217)) - 29194895-a428-4dbc-89d8-767dd839d7c3@group-A20483CAC47C->6f841693-a0f5-4238-8e94-5d49f60504b4-GrpcLogAppender: Follower failed (request=null, errorCount=91); keep nextIndex (7) unchanged and retry.
2024-06-12 07:39:28,003 [timer1] WARN  server.GrpcLogAppender (GrpcLogAppender.java:lambda$resetClient$1(217)) - 29194895-a428-4dbc-89d8-767dd839d7c3@group-886BF1B6D606->6f841693-a0f5-4238-8e94-5d49f60504b4-GrpcLogAppender: Follower failed (request=null, errorCount=92); keep nextIndex (1) unchanged and retry. (Repeated 4 times in the last 5.000s)
2024-06-12 07:39:28,003 [timer0] WARN  server.GrpcLogAppender (LogUtils.java:warn(121)) - 29194895-a428-4dbc-89d8-767dd839d7c3@group-886BF1B6D606->6f841693-a0f5-4238-8e94-5d49f60504b4-AppendLogResponseHandler: Failed appendEntries (Repeated 4 times in the last 5.000s): org.apache.ratis.thirdparty.io.grpc.StatusRuntimeException: UNAVAILABLE: io exception
2024-06-12 07:39:32,212 [timer0] WARN  server.GrpcLogAppender (GrpcLogAppender.java:lambda$resetClient$1(217)) - 29194895-a428-4dbc-89d8-767dd839d7c3@group-A20483CAC47C->6f841693-a0f5-4238-8e94-5d49f60504b4-GrpcLogAppender: Follower failed (request=null, errorCount=94); keep nextIndex (7) unchanged and retry. (Repeated 4 times in the last 5.000s)
2024-06-12 07:39:32,213 [timer7] WARN  server.GrpcLogAppender (LogUtils.java:warn(121)) - 29194895-a428-4dbc-89d8-767dd839d7c3@group-A20483CAC47C->6f841693-a0f5-4238-8e94-5d49f60504b4-AppendLogResponseHandler: Failed appendEntries (Repeated 4 times in the last 5.001s): org.apache.ratis.thirdparty.io.grpc.StatusRuntimeException: UNAVAILABLE: io exception
2024-06-12 07:39:33,186 [grpc-default-executor-1] WARN  server.GrpcLogAppender (LogUtils.java:warn(121)) - 29194895-a428-4dbc-89d8-767dd839d7c3@group-886BF1B6D606->6f841693-a0f5-4238-8e94-5d49f60504b4-AppendLogResponseHandler: Failed appendEntries: org.apache.ratis.thirdparty.io.grpc.StatusRuntimeException: UNAVAILABLE: io exception
2024-06-12 07:39:33,186 [grpc-default-executor-3] WARN  server.GrpcLogAppender (GrpcLogAppender.java:lambda$resetClient$1(217)) - 29194895-a428-4dbc-89d8-767dd839d7c3@group-886BF1B6D606->6f841693-a0f5-4238-8e94-5d49f60504b4-GrpcLogAppender: Follower failed (request=null, errorCount=93); keep nextIndex (1) unchanged and retry.
2024-06-12 07:39:36,084 [grpc-default-executor-3] WARN  server.GrpcLogAppender (LogUtils.java:warn(121)) - 29194895-a428-4dbc-89d8-767dd839d7c3@group-A20483CAC47C->6f841693-a0f5-4238-8e94-5d49f60504b4-AppendLogResponseHandler: Failed appendEntries: org.apache.ratis.thirdparty.io.grpc.StatusRuntimeException: UNAVAILABLE: io exception
2024-06-12 07:39:36,084 [grpc-default-executor-1] WARN  server.GrpcLogAppender (GrpcLogAppender.java:lambda$resetClient$1(217)) - 29194895-a428-4dbc-89d8-767dd839d7c3@group-A20483CAC47C->6f841693-a0f5-4238-8e94-5d49f60504b4-GrpcLogAppender: Follower failed (request=null, errorCount=95); keep nextIndex (7) unchanged and retry.
2024-06-12 07:39:38,186 [timer6] WARN  server.GrpcLogAppender (LogUtils.java:warn(121)) - 29194895-a428-4dbc-89d8-767dd839d7c3@group-886BF1B6D606->6f841693-a0f5-4238-8e94-5d49f60504b4-AppendLogResponseHandler: Failed appendEntries (Repeated 4 times in the last 5.001s): org.apache.ratis.thirdparty.io.grpc.StatusRuntimeException: UNAVAILABLE: io exception
2024-06-12 07:39:38,186 [timer7] WARN  server.GrpcLogAppender (GrpcLogAppender.java:lambda$resetClient$1(217)) - 29194895-a428-4dbc-89d8-767dd839d7c3@group-886BF1B6D606->6f841693-a0f5-4238-8e94-5d49f60504b4-GrpcLogAppender: Follower failed (request=null, errorCount=96); keep nextIndex (1) unchanged and retry. (Repeated 4 times in the last 5.000s)
2024-06-12 07:39:41,084 [timer0] WARN  server.GrpcLogAppender (LogUtils.java:warn(121)) - 29194895-a428-4dbc-89d8-767dd839d7c3@group-A20483CAC47C->6f841693-a0f5-4238-8e94-5d49f60504b4-AppendLogResponseHandler: Failed appendEntries (Repeated 2 times in the last 5.000s): org.apache.ratis.thirdparty.io.grpc.StatusRuntimeException: UNAVAILABLE: io exception
2024-06-12 07:39:41,084 [timer1] WARN  server.GrpcLogAppender (GrpcLogAppender.java:lambda$resetClient$1(217)) - 29194895-a428-4dbc-89d8-767dd839d7c3@group-A20483CAC47C->6f841693-a0f5-4238-8e94-5d49f60504b4-GrpcLogAppender: Follower failed (request=null, errorCount=96); keep nextIndex (7) unchanged and retry. (Repeated 2 times in the last 5.000s)
2024-06-12 07:39:41,491 [grpc-default-executor-1] WARN  server.GrpcLogAppender (LogUtils.java:warn(121)) - 29194895-a428-4dbc-89d8-767dd839d7c3@group-886BF1B6D606->6f841693-a0f5-4238-8e94-5d49f60504b4-AppendLogResponseHandler: Failed appendEntries: org.apache.ratis.thirdparty.io.grpc.StatusRuntimeException: UNAVAILABLE: io exception
2024-06-12 07:39:41,491 [grpc-default-executor-3] WARN  server.GrpcLogAppender (GrpcLogAppender.java:lambda$resetClient$1(217)) - 29194895-a428-4dbc-89d8-767dd839d7c3@group-886BF1B6D606->6f841693-a0f5-4238-8e94-5d49f60504b4-GrpcLogAppender: Follower failed (request=null, errorCount=97); keep nextIndex (1) unchanged and retry.
2024-06-12 07:39:43,409 [grpc-default-executor-3] WARN  server.GrpcLogAppender (LogUtils.java:warn(121)) - 29194895-a428-4dbc-89d8-767dd839d7c3@group-A20483CAC47C->6f841693-a0f5-4238-8e94-5d49f60504b4-AppendLogResponseHandler: Failed appendEntries: org.apache.ratis.thirdparty.io.grpc.StatusRuntimeException: UNAVAILABLE: io exception
2024-06-12 07:39:43,410 [grpc-default-executor-1] WARN  server.GrpcLogAppender (GrpcLogAppender.java:lambda$resetClient$1(217)) - 29194895-a428-4dbc-89d8-767dd839d7c3@group-A20483CAC47C->6f841693-a0f5-4238-8e94-5d49f60504b4-GrpcLogAppender: Follower failed (request=null, errorCount=97); keep nextIndex (7) unchanged and retry.
2024-06-12 07:39:46,089 [86e236ad-53d7-40fc-9454-d100b30595d4-BlockDeletingService#0] INFO  interfaces.ContainerDeletionChoosingPolicyTemplate (ContainerDeletionChoosingPolicyTemplate.java:chooseContainerForBlockDeletion(85)) - Chosen 0/5000 blocks from 0 candidate containers.
2024-06-12 07:39:46,138 [893f21cf-1739-427a-a93c-5929db1902c5-BlockDeletingService#0] INFO  interfaces.ContainerDeletionChoosingPolicyTemplate (ContainerDeletionChoosingPolicyTemplate.java:chooseContainerForBlockDeletion(85)) - Chosen 0/5000 blocks from 0 candidate containers.
2024-06-12 07:39:46,208 [8c3b1af4-43ff-4c22-ad10-b37d9e41628a-BlockDeletingService#0] INFO  interfaces.ContainerDeletionChoosingPolicyTemplate (ContainerDeletionChoosingPolicyTemplate.java:chooseContainerForBlockDeletion(85)) - Chosen 0/5000 blocks from 0 candidate containers.
2024-06-12 07:39:46,263 [6f841693-a0f5-4238-8e94-5d49f60504b4-BlockDeletingService#0] INFO  interfaces.ContainerDeletionChoosingPolicyTemplate (ContainerDeletionChoosingPolicyTemplate.java:chooseContainerForBlockDeletion(85)) - Chosen 0/5000 blocks from 0 candidate containers.
2024-06-12 07:39:46,341 [ac495114-8bb8-4dac-b10f-46951d6cb650-BlockDeletingService#0] INFO  interfaces.ContainerDeletionChoosingPolicyTemplate (ContainerDeletionChoosingPolicyTemplate.java:chooseContainerForBlockDeletion(85)) - Chosen 0/5000 blocks from 0 candidate containers.
2024-06-12 07:39:46,396 [29194895-a428-4dbc-89d8-767dd839d7c3-BlockDeletingService#0] INFO  interfaces.ContainerDeletionChoosingPolicyTemplate (ContainerDeletionChoosingPolicyTemplate.java:chooseContainerForBlockDeletion(85)) - Chosen 0/5000 blocks from 0 candidate containers.
2024-06-12 07:39:46,492 [timer5] WARN  server.GrpcLogAppender (LogUtils.java:warn(121)) - 29194895-a428-4dbc-89d8-767dd839d7c3@group-886BF1B6D606->6f841693-a0f5-4238-8e94-5d49f60504b4-AppendLogResponseHandler: Failed appendEntries (Repeated 2 times in the last 5.000s): org.apache.ratis.thirdparty.io.grpc.StatusRuntimeException: UNAVAILABLE: io exception
2024-06-12 07:39:46,492 [timer6] WARN  server.GrpcLogAppender (GrpcLogAppender.java:lambda$resetClient$1(217)) - 29194895-a428-4dbc-89d8-767dd839d7c3@group-886BF1B6D606->6f841693-a0f5-4238-8e94-5d49f60504b4-GrpcLogAppender: Follower failed (request=null, errorCount=98); keep nextIndex (1) unchanged and retry. (Repeated 2 times in the last 5.001s)
2024-06-12 07:39:48,409 [timer0] WARN  server.GrpcLogAppender (LogUtils.java:warn(121)) - 29194895-a428-4dbc-89d8-767dd839d7c3@group-A20483CAC47C->6f841693-a0f5-4238-8e94-5d49f60504b4-AppendLogResponseHandler: Failed appendEntries (Repeated 2 times in the last 5.000s): org.apache.ratis.thirdparty.io.grpc.StatusRuntimeException: UNAVAILABLE: io exception
2024-06-12 07:39:48,410 [timer1] WARN  server.GrpcLogAppender (GrpcLogAppender.java:lambda$resetClient$1(217)) - 29194895-a428-4dbc-89d8-767dd839d7c3@group-A20483CAC47C->6f841693-a0f5-4238-8e94-5d49f60504b4-GrpcLogAppender: Follower failed (request=null, errorCount=98); keep nextIndex (7) unchanged and retry. (Repeated 2 times in the last 5.000s)
2024-06-12 07:39:48,466 [grpc-default-executor-1] WARN  server.GrpcLogAppender (LogUtils.java:warn(121)) - 29194895-a428-4dbc-89d8-767dd839d7c3@group-886BF1B6D606->6f841693-a0f5-4238-8e94-5d49f60504b4-AppendLogResponseHandler: Failed appendEntries: org.apache.ratis.thirdparty.io.grpc.StatusRuntimeException: UNAVAILABLE: io exception
2024-06-12 07:39:48,467 [grpc-default-executor-3] WARN  server.GrpcLogAppender (GrpcLogAppender.java:lambda$resetClient$1(217)) - 29194895-a428-4dbc-89d8-767dd839d7c3@group-886BF1B6D606->6f841693-a0f5-4238-8e94-5d49f60504b4-GrpcLogAppender: Follower failed (request=null, errorCount=99); keep nextIndex (1) unchanged and retry.
2024-06-12 07:39:49,392 [grpc-default-executor-1] WARN  server.GrpcLogAppender (LogUtils.java:warn(121)) - 29194895-a428-4dbc-89d8-767dd839d7c3@group-A20483CAC47C->6f841693-a0f5-4238-8e94-5d49f60504b4-AppendLogResponseHandler: Failed appendEntries: org.apache.ratis.thirdparty.io.grpc.StatusRuntimeException: UNAVAILABLE: io exception
2024-06-12 07:39:49,393 [grpc-default-executor-3] WARN  server.GrpcLogAppender (GrpcLogAppender.java:lambda$resetClient$1(217)) - 29194895-a428-4dbc-89d8-767dd839d7c3@group-A20483CAC47C->6f841693-a0f5-4238-8e94-5d49f60504b4-GrpcLogAppender: Follower failed (request=null, errorCount=99); keep nextIndex (7) unchanged and retry.
2024-06-12 07:39:53,467 [timer6] WARN  server.GrpcLogAppender (GrpcLogAppender.java:lambda$resetClient$1(217)) - 29194895-a428-4dbc-89d8-767dd839d7c3@group-886BF1B6D606->6f841693-a0f5-4238-8e94-5d49f60504b4-GrpcLogAppender: Follower failed (request=null, errorCount=100); keep nextIndex (1) unchanged and retry. (Repeated 2 times in the last 5.000s)
2024-06-12 07:39:53,467 [timer5] WARN  server.GrpcLogAppender (LogUtils.java:warn(121)) - 29194895-a428-4dbc-89d8-767dd839d7c3@group-886BF1B6D606->6f841693-a0f5-4238-8e94-5d49f60504b4-AppendLogResponseHandler: Failed appendEntries (Repeated 2 times in the last 5.000s): org.apache.ratis.thirdparty.io.grpc.StatusRuntimeException: UNAVAILABLE: io exception
2024-06-12 07:39:54,393 [timer1] WARN  server.GrpcLogAppender (GrpcLogAppender.java:lambda$resetClient$1(217)) - 29194895-a428-4dbc-89d8-767dd839d7c3@group-A20483CAC47C->6f841693-a0f5-4238-8e94-5d49f60504b4-GrpcLogAppender: Follower failed (request=null, errorCount=100); keep nextIndex (7) unchanged and retry. (Repeated 2 times in the last 5.000s)
2024-06-12 07:39:54,393 [timer0] WARN  server.GrpcLogAppender (LogUtils.java:warn(121)) - 29194895-a428-4dbc-89d8-767dd839d7c3@group-A20483CAC47C->6f841693-a0f5-4238-8e94-5d49f60504b4-AppendLogResponseHandler: Failed appendEntries (Repeated 2 times in the last 5.000s): org.apache.ratis.thirdparty.io.grpc.StatusRuntimeException: UNAVAILABLE: io exception
2024-06-12 07:39:54,461 [grpc-default-executor-1] WARN  server.GrpcLogAppender (LogUtils.java:warn(121)) - 29194895-a428-4dbc-89d8-767dd839d7c3@group-A20483CAC47C->6f841693-a0f5-4238-8e94-5d49f60504b4-AppendLogResponseHandler: Failed appendEntries: org.apache.ratis.thirdparty.io.grpc.StatusRuntimeException: UNAVAILABLE: io exception
2024-06-12 07:39:54,461 [grpc-default-executor-2] WARN  server.GrpcLogAppender (GrpcLogAppender.java:lambda$resetClient$1(217)) - 29194895-a428-4dbc-89d8-767dd839d7c3@group-A20483CAC47C->6f841693-a0f5-4238-8e94-5d49f60504b4-GrpcLogAppender: Follower failed (request=null, errorCount=101); keep nextIndex (7) unchanged and retry.
2024-06-12 07:39:54,968 [grpc-default-executor-2] WARN  server.GrpcLogAppender (LogUtils.java:warn(121)) - 29194895-a428-4dbc-89d8-767dd839d7c3@group-886BF1B6D606->6f841693-a0f5-4238-8e94-5d49f60504b4-AppendLogResponseHandler: Failed appendEntries: org.apache.ratis.thirdparty.io.grpc.StatusRuntimeException: UNAVAILABLE: io exception
2024-06-12 07:39:54,968 [grpc-default-executor-1] WARN  server.GrpcLogAppender (GrpcLogAppender.java:lambda$resetClient$1(217)) - 29194895-a428-4dbc-89d8-767dd839d7c3@group-886BF1B6D606->6f841693-a0f5-4238-8e94-5d49f60504b4-GrpcLogAppender: Follower failed (request=null, errorCount=101); keep nextIndex (1) unchanged and retry.
2024-06-12 07:39:59,461 [timer6] WARN  server.GrpcLogAppender (GrpcLogAppender.java:lambda$resetClient$1(217)) - 29194895-a428-4dbc-89d8-767dd839d7c3@group-A20483CAC47C->6f841693-a0f5-4238-8e94-5d49f60504b4-GrpcLogAppender: Follower failed (request=null, errorCount=104); keep nextIndex (7) unchanged and retry. (Repeated 4 times in the last 5.000s)
2024-06-12 07:39:59,461 [timer5] WARN  server.GrpcLogAppender (LogUtils.java:warn(121)) - 29194895-a428-4dbc-89d8-767dd839d7c3@group-A20483CAC47C->6f841693-a0f5-4238-8e94-5d49f60504b4-AppendLogResponseHandler: Failed appendEntries (Repeated 4 times in the last 5.000s): org.apache.ratis.thirdparty.io.grpc.StatusRuntimeException: UNAVAILABLE: io exception
2024-06-12 07:39:59,968 [timer1] WARN  server.GrpcLogAppender (GrpcLogAppender.java:lambda$resetClient$1(217)) - 29194895-a428-4dbc-89d8-767dd839d7c3@group-886BF1B6D606->6f841693-a0f5-4238-8e94-5d49f60504b4-GrpcLogAppender: Follower failed (request=null, errorCount=102); keep nextIndex (1) unchanged and retry. (Repeated 2 times in the last 5.000s)
2024-06-12 07:39:59,968 [timer0] WARN  server.GrpcLogAppender (LogUtils.java:warn(121)) - 29194895-a428-4dbc-89d8-767dd839d7c3@group-886BF1B6D606->6f841693-a0f5-4238-8e94-5d49f60504b4-AppendLogResponseHandler: Failed appendEntries (Repeated 2 times in the last 5.001s): org.apache.ratis.thirdparty.io.grpc.StatusRuntimeException: UNAVAILABLE: io exception
2024-06-12 07:40:01,953 [grpc-default-executor-3] WARN  server.GrpcLogAppender (LogUtils.java:warn(121)) - 29194895-a428-4dbc-89d8-767dd839d7c3@group-886BF1B6D606->6f841693-a0f5-4238-8e94-5d49f60504b4-AppendLogResponseHandler: Failed appendEntries: org.apache.ratis.thirdparty.io.grpc.StatusRuntimeException: UNAVAILABLE: io exception
2024-06-12 07:40:01,953 [grpc-default-executor-2] WARN  server.GrpcLogAppender (GrpcLogAppender.java:lambda$resetClient$1(217)) - 29194895-a428-4dbc-89d8-767dd839d7c3@group-886BF1B6D606->6f841693-a0f5-4238-8e94-5d49f60504b4-GrpcLogAppender: Follower failed (request=null, errorCount=103); keep nextIndex (1) unchanged and retry.
2024-06-12 07:40:04,376 [grpc-default-executor-3] WARN  server.GrpcLogAppender (LogUtils.java:warn(121)) - 29194895-a428-4dbc-89d8-767dd839d7c3@group-A20483CAC47C->6f841693-a0f5-4238-8e94-5d49f60504b4-AppendLogResponseHandler: Failed appendEntries: org.apache.ratis.thirdparty.io.grpc.StatusRuntimeException: UNAVAILABLE: io exception
2024-06-12 07:40:04,377 [grpc-default-executor-2] WARN  server.GrpcLogAppender (GrpcLogAppender.java:lambda$resetClient$1(217)) - 29194895-a428-4dbc-89d8-767dd839d7c3@group-A20483CAC47C->6f841693-a0f5-4238-8e94-5d49f60504b4-GrpcLogAppender: Follower failed (request=null, errorCount=105); keep nextIndex (7) unchanged and retry.
2024-06-12 07:40:06,953 [timer6] WARN  server.GrpcLogAppender (GrpcLogAppender.java:lambda$resetClient$1(217)) - 29194895-a428-4dbc-89d8-767dd839d7c3@group-886BF1B6D606->6f841693-a0f5-4238-8e94-5d49f60504b4-GrpcLogAppender: Follower failed (request=null, errorCount=104); keep nextIndex (1) unchanged and retry. (Repeated 2 times in the last 5.000s)
2024-06-12 07:40:06,953 [timer5] WARN  server.GrpcLogAppender (LogUtils.java:warn(121)) - 29194895-a428-4dbc-89d8-767dd839d7c3@group-886BF1B6D606->6f841693-a0f5-4238-8e94-5d49f60504b4-AppendLogResponseHandler: Failed appendEntries (Repeated 2 times in the last 5.000s): org.apache.ratis.thirdparty.io.grpc.StatusRuntimeException: UNAVAILABLE: io exception
2024-06-12 07:40:08,083 [grpc-default-executor-2] WARN  server.GrpcLogAppender (LogUtils.java:warn(121)) - 29194895-a428-4dbc-89d8-767dd839d7c3@group-886BF1B6D606->6f841693-a0f5-4238-8e94-5d49f60504b4-AppendLogResponseHandler: Failed appendEntries: org.apache.ratis.thirdparty.io.grpc.StatusRuntimeException: UNAVAILABLE: io exception
2024-06-12 07:40:08,084 [grpc-default-executor-1] WARN  server.GrpcLogAppender (GrpcLogAppender.java:lambda$resetClient$1(217)) - 29194895-a428-4dbc-89d8-767dd839d7c3@group-886BF1B6D606->6f841693-a0f5-4238-8e94-5d49f60504b4-GrpcLogAppender: Follower failed (request=null, errorCount=105); keep nextIndex (1) unchanged and retry.
2024-06-12 07:40:09,377 [timer0] WARN  server.GrpcLogAppender (LogUtils.java:warn(121)) - 29194895-a428-4dbc-89d8-767dd839d7c3@group-A20483CAC47C->6f841693-a0f5-4238-8e94-5d49f60504b4-AppendLogResponseHandler: Failed appendEntries (Repeated 4 times in the last 5.000s): org.apache.ratis.thirdparty.io.grpc.StatusRuntimeException: UNAVAILABLE: io exception
2024-06-12 07:40:09,377 [timer1] WARN  server.GrpcLogAppender (GrpcLogAppender.java:lambda$resetClient$1(217)) - 29194895-a428-4dbc-89d8-767dd839d7c3@group-A20483CAC47C->6f841693-a0f5-4238-8e94-5d49f60504b4-GrpcLogAppender: Follower failed (request=null, errorCount=108); keep nextIndex (7) unchanged and retry. (Repeated 4 times in the last 5.001s)
2024-06-12 07:40:13,084 [timer0] WARN  server.GrpcLogAppender (GrpcLogAppender.java:lambda$resetClient$1(217)) - 29194895-a428-4dbc-89d8-767dd839d7c3@group-886BF1B6D606->6f841693-a0f5-4238-8e94-5d49f60504b4-GrpcLogAppender: Follower failed (request=null, errorCount=106); keep nextIndex (1) unchanged and retry. (Repeated 2 times in the last 4.999s)
2024-06-12 07:40:13,084 [timer7] WARN  server.GrpcLogAppender (LogUtils.java:warn(121)) - 29194895-a428-4dbc-89d8-767dd839d7c3@group-886BF1B6D606->6f841693-a0f5-4238-8e94-5d49f60504b4-AppendLogResponseHandler: Failed appendEntries (Repeated 2 times in the last 5.001s): org.apache.ratis.thirdparty.io.grpc.StatusRuntimeException: UNAVAILABLE: io exception
2024-06-12 07:40:13,368 [grpc-default-executor-3] WARN  server.GrpcLogAppender (LogUtils.java:warn(121)) - 29194895-a428-4dbc-89d8-767dd839d7c3@group-886BF1B6D606->6f841693-a0f5-4238-8e94-5d49f60504b4-AppendLogResponseHandler: Failed appendEntries: org.apache.ratis.thirdparty.io.grpc.StatusRuntimeException: UNAVAILABLE: io exception
2024-06-12 07:40:13,368 [grpc-default-executor-2] WARN  server.GrpcLogAppender (GrpcLogAppender.java:lambda$resetClient$1(217)) - 29194895-a428-4dbc-89d8-767dd839d7c3@group-886BF1B6D606->6f841693-a0f5-4238-8e94-5d49f60504b4-GrpcLogAppender: Follower failed (request=null, errorCount=107); keep nextIndex (1) unchanged and retry.
2024-06-12 07:40:14,538 [grpc-default-executor-2] WARN  server.GrpcLogAppender (LogUtils.java:warn(121)) - 29194895-a428-4dbc-89d8-767dd839d7c3@group-A20483CAC47C->6f841693-a0f5-4238-8e94-5d49f60504b4-AppendLogResponseHandler: Failed appendEntries: org.apache.ratis.thirdparty.io.grpc.StatusRuntimeException: UNAVAILABLE: io exception
2024-06-12 07:40:14,538 [grpc-default-executor-3] WARN  server.GrpcLogAppender (GrpcLogAppender.java:lambda$resetClient$1(217)) - 29194895-a428-4dbc-89d8-767dd839d7c3@group-A20483CAC47C->6f841693-a0f5-4238-8e94-5d49f60504b4-GrpcLogAppender: Follower failed (request=null, errorCount=109); keep nextIndex (7) unchanged and retry.
2024-06-12 07:40:18,368 [timer5] WARN  server.GrpcLogAppender (LogUtils.java:warn(121)) - 29194895-a428-4dbc-89d8-767dd839d7c3@group-886BF1B6D606->6f841693-a0f5-4238-8e94-5d49f60504b4-AppendLogResponseHandler: Failed appendEntries (Repeated 4 times in the last 5.000s): org.apache.ratis.thirdparty.io.grpc.StatusRuntimeException: UNAVAILABLE: io exception
2024-06-12 07:40:18,368 [timer6] WARN  server.GrpcLogAppender (GrpcLogAppender.java:lambda$resetClient$1(217)) - 29194895-a428-4dbc-89d8-767dd839d7c3@group-886BF1B6D606->6f841693-a0f5-4238-8e94-5d49f60504b4-GrpcLogAppender: Follower failed (request=null, errorCount=110); keep nextIndex (1) unchanged and retry. (Repeated 4 times in the last 5.000s)
2024-06-12 07:40:19,539 [timer0] WARN  server.GrpcLogAppender (GrpcLogAppender.java:lambda$resetClient$1(217)) - 29194895-a428-4dbc-89d8-767dd839d7c3@group-A20483CAC47C->6f841693-a0f5-4238-8e94-5d49f60504b4-GrpcLogAppender: Follower failed (request=null, errorCount=112); keep nextIndex (7) unchanged and retry. (Repeated 4 times in the last 5.000s)
2024-06-12 07:40:19,539 [timer0] WARN  server.GrpcLogAppender (LogUtils.java:warn(121)) - 29194895-a428-4dbc-89d8-767dd839d7c3@group-A20483CAC47C->6f841693-a0f5-4238-8e94-5d49f60504b4-AppendLogResponseHandler: Failed appendEntries (Repeated 4 times in the last 5.001s): org.apache.ratis.thirdparty.io.grpc.StatusRuntimeException: UNAVAILABLE: io exception
2024-06-12 07:40:22,602 [grpc-default-executor-3] WARN  server.GrpcLogAppender (LogUtils.java:warn(121)) - 29194895-a428-4dbc-89d8-767dd839d7c3@group-886BF1B6D606->6f841693-a0f5-4238-8e94-5d49f60504b4-AppendLogResponseHandler: Failed appendEntries: org.apache.ratis.thirdparty.io.grpc.StatusRuntimeException: UNAVAILABLE: io exception
2024-06-12 07:40:22,603 [grpc-default-executor-2] WARN  server.GrpcLogAppender (GrpcLogAppender.java:lambda$resetClient$1(217)) - 29194895-a428-4dbc-89d8-767dd839d7c3@group-886BF1B6D606->6f841693-a0f5-4238-8e94-5d49f60504b4-GrpcLogAppender: Follower failed (request=null, errorCount=111); keep nextIndex (1) unchanged and retry.
2024-06-12 07:40:24,826 [grpc-default-executor-3] WARN  server.GrpcLogAppender (LogUtils.java:warn(121)) - 29194895-a428-4dbc-89d8-767dd839d7c3@group-A20483CAC47C->6f841693-a0f5-4238-8e94-5d49f60504b4-AppendLogResponseHandler: Failed appendEntries: org.apache.ratis.thirdparty.io.grpc.StatusRuntimeException: UNAVAILABLE: io exception
2024-06-12 07:40:24,827 [grpc-default-executor-2] WARN  server.GrpcLogAppender (GrpcLogAppender.java:lambda$resetClient$1(217)) - 29194895-a428-4dbc-89d8-767dd839d7c3@group-A20483CAC47C->6f841693-a0f5-4238-8e94-5d49f60504b4-GrpcLogAppender: Follower failed (request=null, errorCount=113); keep nextIndex (7) unchanged and retry.
2024-06-12 07:40:27,603 [timer5] WARN  server.GrpcLogAppender (LogUtils.java:warn(121)) - 29194895-a428-4dbc-89d8-767dd839d7c3@group-886BF1B6D606->6f841693-a0f5-4238-8e94-5d49f60504b4-AppendLogResponseHandler: Failed appendEntries (Repeated 2 times in the last 5.000s): org.apache.ratis.thirdparty.io.grpc.StatusRuntimeException: UNAVAILABLE: io exception
2024-06-12 07:40:27,603 [timer6] WARN  server.GrpcLogAppender (GrpcLogAppender.java:lambda$resetClient$1(217)) - 29194895-a428-4dbc-89d8-767dd839d7c3@group-886BF1B6D606->6f841693-a0f5-4238-8e94-5d49f60504b4-GrpcLogAppender: Follower failed (request=null, errorCount=112); keep nextIndex (1) unchanged and retry. (Repeated 2 times in the last 5.001s)
2024-06-12 07:40:29,827 [timer0] WARN  server.GrpcLogAppender (LogUtils.java:warn(121)) - 29194895-a428-4dbc-89d8-767dd839d7c3@group-A20483CAC47C->6f841693-a0f5-4238-8e94-5d49f60504b4-AppendLogResponseHandler: Failed appendEntries (Repeated 4 times in the last 5.000s): org.apache.ratis.thirdparty.io.grpc.StatusRuntimeException: UNAVAILABLE: io exception
2024-06-12 07:40:29,827 [timer1] WARN  server.GrpcLogAppender (GrpcLogAppender.java:lambda$resetClient$1(217)) - 29194895-a428-4dbc-89d8-767dd839d7c3@group-A20483CAC47C->6f841693-a0f5-4238-8e94-5d49f60504b4-GrpcLogAppender: Follower failed (request=null, errorCount=116); keep nextIndex (7) unchanged and retry. (Repeated 4 times in the last 5.000s)
2024-06-12 07:40:30,055 [grpc-default-executor-3] WARN  server.GrpcLogAppender (LogUtils.java:warn(121)) - 29194895-a428-4dbc-89d8-767dd839d7c3@group-886BF1B6D606->6f841693-a0f5-4238-8e94-5d49f60504b4-AppendLogResponseHandler: Failed appendEntries: org.apache.ratis.thirdparty.io.grpc.StatusRuntimeException: UNAVAILABLE: io exception
2024-06-12 07:40:30,055 [grpc-default-executor-2] WARN  server.GrpcLogAppender (GrpcLogAppender.java:lambda$resetClient$1(217)) - 29194895-a428-4dbc-89d8-767dd839d7c3@group-886BF1B6D606->6f841693-a0f5-4238-8e94-5d49f60504b4-GrpcLogAppender: Follower failed (request=null, errorCount=113); keep nextIndex (1) unchanged and retry.
2024-06-12 07:40:32,268 [grpc-default-executor-3] WARN  server.GrpcLogAppender (LogUtils.java:warn(121)) - 29194895-a428-4dbc-89d8-767dd839d7c3@group-A20483CAC47C->6f841693-a0f5-4238-8e94-5d49f60504b4-AppendLogResponseHandler: Failed appendEntries: org.apache.ratis.thirdparty.io.grpc.StatusRuntimeException: UNAVAILABLE: io exception
2024-06-12 07:40:32,268 [grpc-default-executor-2] WARN  server.GrpcLogAppender (GrpcLogAppender.java:lambda$resetClient$1(217)) - 29194895-a428-4dbc-89d8-767dd839d7c3@group-A20483CAC47C->6f841693-a0f5-4238-8e94-5d49f60504b4-GrpcLogAppender: Follower failed (request=null, errorCount=117); keep nextIndex (7) unchanged and retry.
2024-06-12 07:40:35,055 [timer7] WARN  server.GrpcLogAppender (GrpcLogAppender.java:lambda$resetClient$1(217)) - 29194895-a428-4dbc-89d8-767dd839d7c3@group-886BF1B6D606->6f841693-a0f5-4238-8e94-5d49f60504b4-GrpcLogAppender: Follower failed (request=null, errorCount=116); keep nextIndex (1) unchanged and retry. (Repeated 4 times in the last 5.000s)
2024-06-12 07:40:35,055 [timer6] WARN  server.GrpcLogAppender (LogUtils.java:warn(121)) - 29194895-a428-4dbc-89d8-767dd839d7c3@group-886BF1B6D606->6f841693-a0f5-4238-8e94-5d49f60504b4-AppendLogResponseHandler: Failed appendEntries (Repeated 4 times in the last 5.000s): org.apache.ratis.thirdparty.io.grpc.StatusRuntimeException: UNAVAILABLE: io exception
2024-06-12 07:40:37,268 [timer0] WARN  server.GrpcLogAppender (LogUtils.java:warn(121)) - 29194895-a428-4dbc-89d8-767dd839d7c3@group-A20483CAC47C->6f841693-a0f5-4238-8e94-5d49f60504b4-AppendLogResponseHandler: Failed appendEntries (Repeated 2 times in the last 5.000s): org.apache.ratis.thirdparty.io.grpc.StatusRuntimeException: UNAVAILABLE: io exception
2024-06-12 07:40:37,269 [timer1] WARN  server.GrpcLogAppender (GrpcLogAppender.java:lambda$resetClient$1(217)) - 29194895-a428-4dbc-89d8-767dd839d7c3@group-A20483CAC47C->6f841693-a0f5-4238-8e94-5d49f60504b4-GrpcLogAppender: Follower failed (request=null, errorCount=118); keep nextIndex (7) unchanged and retry. (Repeated 2 times in the last 5.000s)
2024-06-12 07:40:37,845 [grpc-default-executor-2] WARN  server.GrpcLogAppender (LogUtils.java:warn(121)) - 29194895-a428-4dbc-89d8-767dd839d7c3@group-A20483CAC47C->6f841693-a0f5-4238-8e94-5d49f60504b4-AppendLogResponseHandler: Failed appendEntries: org.apache.ratis.thirdparty.io.grpc.StatusRuntimeException: UNAVAILABLE: io exception
2024-06-12 07:40:37,846 [grpc-default-executor-3] WARN  server.GrpcLogAppender (GrpcLogAppender.java:lambda$resetClient$1(217)) - 29194895-a428-4dbc-89d8-767dd839d7c3@group-A20483CAC47C->6f841693-a0f5-4238-8e94-5d49f60504b4-GrpcLogAppender: Follower failed (request=null, errorCount=119); keep nextIndex (7) unchanged and retry.
2024-06-12 07:40:39,916 [grpc-default-executor-3] WARN  server.GrpcLogAppender (LogUtils.java:warn(121)) - 29194895-a428-4dbc-89d8-767dd839d7c3@group-886BF1B6D606->6f841693-a0f5-4238-8e94-5d49f60504b4-AppendLogResponseHandler: Failed appendEntries: org.apache.ratis.thirdparty.io.grpc.StatusRuntimeException: UNAVAILABLE: io exception
2024-06-12 07:40:39,917 [grpc-default-executor-2] WARN  server.GrpcLogAppender (GrpcLogAppender.java:lambda$resetClient$1(217)) - 29194895-a428-4dbc-89d8-767dd839d7c3@group-886BF1B6D606->6f841693-a0f5-4238-8e94-5d49f60504b4-GrpcLogAppender: Follower failed (request=null, errorCount=117); keep nextIndex (1) unchanged and retry.
2024-06-12 07:40:42,845 [timer6] WARN  server.GrpcLogAppender (LogUtils.java:warn(121)) - 29194895-a428-4dbc-89d8-767dd839d7c3@group-A20483CAC47C->6f841693-a0f5-4238-8e94-5d49f60504b4-AppendLogResponseHandler: Failed appendEntries (Repeated 4 times in the last 5.000s): org.apache.ratis.thirdparty.io.grpc.StatusRuntimeException: UNAVAILABLE: io exception
2024-06-12 07:40:42,846 [timer7] WARN  server.GrpcLogAppender (GrpcLogAppender.java:lambda$resetClient$1(217)) - 29194895-a428-4dbc-89d8-767dd839d7c3@group-A20483CAC47C->6f841693-a0f5-4238-8e94-5d49f60504b4-GrpcLogAppender: Follower failed (request=null, errorCount=122); keep nextIndex (7) unchanged and retry. (Repeated 4 times in the last 5.001s)
2024-06-12 07:40:44,917 [timer1] WARN  server.GrpcLogAppender (GrpcLogAppender.java:lambda$resetClient$1(217)) - 29194895-a428-4dbc-89d8-767dd839d7c3@group-886BF1B6D606->6f841693-a0f5-4238-8e94-5d49f60504b4-GrpcLogAppender: Follower failed (request=null, errorCount=120); keep nextIndex (1) unchanged and retry. (Repeated 4 times in the last 5.000s)
2024-06-12 07:40:44,917 [timer0] WARN  server.GrpcLogAppender (LogUtils.java:warn(121)) - 29194895-a428-4dbc-89d8-767dd839d7c3@group-886BF1B6D606->6f841693-a0f5-4238-8e94-5d49f60504b4-AppendLogResponseHandler: Failed appendEntries (Repeated 4 times in the last 5.001s): org.apache.ratis.thirdparty.io.grpc.StatusRuntimeException: UNAVAILABLE: io exception
2024-06-12 07:40:45,754 [grpc-default-executor-2] WARN  server.GrpcLogAppender (LogUtils.java:warn(121)) - 29194895-a428-4dbc-89d8-767dd839d7c3@group-A20483CAC47C->6f841693-a0f5-4238-8e94-5d49f60504b4-AppendLogResponseHandler: Failed appendEntries: org.apache.ratis.thirdparty.io.grpc.StatusRuntimeException: UNAVAILABLE: io exception
2024-06-12 07:40:45,754 [grpc-default-executor-3] WARN  server.GrpcLogAppender (GrpcLogAppender.java:lambda$resetClient$1(217)) - 29194895-a428-4dbc-89d8-767dd839d7c3@group-A20483CAC47C->6f841693-a0f5-4238-8e94-5d49f60504b4-GrpcLogAppender: Follower failed (request=null, errorCount=123); keep nextIndex (7) unchanged and retry.
2024-06-12 07:40:46,089 [86e236ad-53d7-40fc-9454-d100b30595d4-BlockDeletingService#2] INFO  interfaces.ContainerDeletionChoosingPolicyTemplate (ContainerDeletionChoosingPolicyTemplate.java:chooseContainerForBlockDeletion(85)) - Chosen 0/5000 blocks from 0 candidate containers.
2024-06-12 07:40:46,138 [893f21cf-1739-427a-a93c-5929db1902c5-BlockDeletingService#2] INFO  interfaces.ContainerDeletionChoosingPolicyTemplate (ContainerDeletionChoosingPolicyTemplate.java:chooseContainerForBlockDeletion(85)) - Chosen 0/5000 blocks from 0 candidate containers.
2024-06-12 07:40:46,208 [8c3b1af4-43ff-4c22-ad10-b37d9e41628a-BlockDeletingService#2] INFO  interfaces.ContainerDeletionChoosingPolicyTemplate (ContainerDeletionChoosingPolicyTemplate.java:chooseContainerForBlockDeletion(85)) - Chosen 0/5000 blocks from 0 candidate containers.
2024-06-12 07:40:46,263 [6f841693-a0f5-4238-8e94-5d49f60504b4-BlockDeletingService#2] INFO  interfaces.ContainerDeletionChoosingPolicyTemplate (ContainerDeletionChoosingPolicyTemplate.java:chooseContainerForBlockDeletion(85)) - Chosen 0/5000 blocks from 0 candidate containers.
2024-06-12 07:40:46,341 [ac495114-8bb8-4dac-b10f-46951d6cb650-BlockDeletingService#2] INFO  interfaces.ContainerDeletionChoosingPolicyTemplate (ContainerDeletionChoosingPolicyTemplate.java:chooseContainerForBlockDeletion(85)) - Chosen 0/5000 blocks from 0 candidate containers.
2024-06-12 07:40:46,396 [29194895-a428-4dbc-89d8-767dd839d7c3-BlockDeletingService#2] INFO  interfaces.ContainerDeletionChoosingPolicyTemplate (ContainerDeletionChoosingPolicyTemplate.java:chooseContainerForBlockDeletion(85)) - Chosen 0/5000 blocks from 0 candidate containers.
2024-06-12 07:40:48,471 [grpc-default-executor-2] WARN  server.GrpcLogAppender (LogUtils.java:warn(121)) - 29194895-a428-4dbc-89d8-767dd839d7c3@group-886BF1B6D606->6f841693-a0f5-4238-8e94-5d49f60504b4-AppendLogResponseHandler: Failed appendEntries: org.apache.ratis.thirdparty.io.grpc.StatusRuntimeException: UNAVAILABLE: io exception
2024-06-12 07:40:48,471 [grpc-default-executor-3] WARN  server.GrpcLogAppender (GrpcLogAppender.java:lambda$resetClient$1(217)) - 29194895-a428-4dbc-89d8-767dd839d7c3@group-886BF1B6D606->6f841693-a0f5-4238-8e94-5d49f60504b4-GrpcLogAppender: Follower failed (request=null, errorCount=121); keep nextIndex (1) unchanged and retry.
2024-06-12 07:40:50,754 [timer7] WARN  server.GrpcLogAppender (GrpcLogAppender.java:lambda$resetClient$1(217)) - 29194895-a428-4dbc-89d8-767dd839d7c3@group-A20483CAC47C->6f841693-a0f5-4238-8e94-5d49f60504b4-GrpcLogAppender: Follower failed (request=null, errorCount=126); keep nextIndex (7) unchanged and retry. (Repeated 4 times in the last 5.000s)
2024-06-12 07:40:50,754 [timer6] WARN  server.GrpcLogAppender (LogUtils.java:warn(121)) - 29194895-a428-4dbc-89d8-767dd839d7c3@group-A20483CAC47C->6f841693-a0f5-4238-8e94-5d49f60504b4-AppendLogResponseHandler: Failed appendEntries (Repeated 4 times in the last 5.000s): org.apache.ratis.thirdparty.io.grpc.StatusRuntimeException: UNAVAILABLE: io exception
2024-06-12 07:40:53,471 [timer0] WARN  server.GrpcLogAppender (LogUtils.java:warn(121)) - 29194895-a428-4dbc-89d8-767dd839d7c3@group-886BF1B6D606->6f841693-a0f5-4238-8e94-5d49f60504b4-AppendLogResponseHandler: Failed appendEntries (Repeated 4 times in the last 5.000s): org.apache.ratis.thirdparty.io.grpc.StatusRuntimeException: UNAVAILABLE: io exception
2024-06-12 07:40:53,472 [timer1] WARN  server.GrpcLogAppender (GrpcLogAppender.java:lambda$resetClient$1(217)) - 29194895-a428-4dbc-89d8-767dd839d7c3@group-886BF1B6D606->6f841693-a0f5-4238-8e94-5d49f60504b4-GrpcLogAppender: Follower failed (request=null, errorCount=124); keep nextIndex (1) unchanged and retry. (Repeated 4 times in the last 5.001s)
2024-06-12 07:40:54,512 [grpc-default-executor-1] WARN  server.GrpcLogAppender (LogUtils.java:warn(121)) - 29194895-a428-4dbc-89d8-767dd839d7c3@group-A20483CAC47C->6f841693-a0f5-4238-8e94-5d49f60504b4-AppendLogResponseHandler: Failed appendEntries: org.apache.ratis.thirdparty.io.grpc.StatusRuntimeException: UNAVAILABLE: io exception
2024-06-12 07:40:54,512 [grpc-default-executor-2] WARN  server.GrpcLogAppender (GrpcLogAppender.java:lambda$resetClient$1(217)) - 29194895-a428-4dbc-89d8-767dd839d7c3@group-A20483CAC47C->6f841693-a0f5-4238-8e94-5d49f60504b4-GrpcLogAppender: Follower failed (request=null, errorCount=127); keep nextIndex (7) unchanged and retry.
2024-06-12 07:40:57,982 [grpc-default-executor-2] WARN  server.GrpcLogAppender (LogUtils.java:warn(121)) - 29194895-a428-4dbc-89d8-767dd839d7c3@group-886BF1B6D606->6f841693-a0f5-4238-8e94-5d49f60504b4-AppendLogResponseHandler: Failed appendEntries: org.apache.ratis.thirdparty.io.grpc.StatusRuntimeException: UNAVAILABLE: io exception
2024-06-12 07:40:57,983 [grpc-default-executor-1] WARN  server.GrpcLogAppender (GrpcLogAppender.java:lambda$resetClient$1(217)) - 29194895-a428-4dbc-89d8-767dd839d7c3@group-886BF1B6D606->6f841693-a0f5-4238-8e94-5d49f60504b4-GrpcLogAppender: Follower failed (request=null, errorCount=125); keep nextIndex (1) unchanged and retry.
2024-06-12 07:40:59,512 [timer6] WARN  server.GrpcLogAppender (LogUtils.java:warn(121)) - 29194895-a428-4dbc-89d8-767dd839d7c3@group-A20483CAC47C->6f841693-a0f5-4238-8e94-5d49f60504b4-AppendLogResponseHandler: Failed appendEntries (Repeated 2 times in the last 4.999s): org.apache.ratis.thirdparty.io.grpc.StatusRuntimeException: UNAVAILABLE: io exception
2024-06-12 07:40:59,513 [timer7] WARN  server.GrpcLogAppender (GrpcLogAppender.java:lambda$resetClient$1(217)) - 29194895-a428-4dbc-89d8-767dd839d7c3@group-A20483CAC47C->6f841693-a0f5-4238-8e94-5d49f60504b4-GrpcLogAppender: Follower failed (request=null, errorCount=128); keep nextIndex (7) unchanged and retry. (Repeated 2 times in the last 5.001s)
2024-06-12 07:40:59,789 [grpc-default-executor-1] WARN  server.GrpcLogAppender (LogUtils.java:warn(121)) - 29194895-a428-4dbc-89d8-767dd839d7c3@group-A20483CAC47C->6f841693-a0f5-4238-8e94-5d49f60504b4-AppendLogResponseHandler: Failed appendEntries: org.apache.ratis.thirdparty.io.grpc.StatusRuntimeException: UNAVAILABLE: io exception
2024-06-12 07:40:59,790 [grpc-default-executor-2] WARN  server.GrpcLogAppender (GrpcLogAppender.java:lambda$resetClient$1(217)) - 29194895-a428-4dbc-89d8-767dd839d7c3@group-A20483CAC47C->6f841693-a0f5-4238-8e94-5d49f60504b4-GrpcLogAppender: Follower failed (request=null, errorCount=129); keep nextIndex (7) unchanged and retry.
2024-06-12 07:41:02,982 [timer7] WARN  server.GrpcLogAppender (LogUtils.java:warn(121)) - 29194895-a428-4dbc-89d8-767dd839d7c3@group-886BF1B6D606->6f841693-a0f5-4238-8e94-5d49f60504b4-AppendLogResponseHandler: Failed appendEntries (Repeated 2 times in the last 5.000s): org.apache.ratis.thirdparty.io.grpc.StatusRuntimeException: UNAVAILABLE: io exception
2024-06-12 07:41:02,983 [timer0] WARN  server.GrpcLogAppender (GrpcLogAppender.java:lambda$resetClient$1(217)) - 29194895-a428-4dbc-89d8-767dd839d7c3@group-886BF1B6D606->6f841693-a0f5-4238-8e94-5d49f60504b4-GrpcLogAppender: Follower failed (request=null, errorCount=126); keep nextIndex (1) unchanged and retry. (Repeated 2 times in the last 5.001s)
2024-06-12 07:41:03,015 [grpc-default-executor-1] WARN  server.GrpcLogAppender (LogUtils.java:warn(121)) - 29194895-a428-4dbc-89d8-767dd839d7c3@group-886BF1B6D606->6f841693-a0f5-4238-8e94-5d49f60504b4-AppendLogResponseHandler: Failed appendEntries: org.apache.ratis.thirdparty.io.grpc.StatusRuntimeException: UNAVAILABLE: io exception
2024-06-12 07:41:03,016 [grpc-default-executor-2] WARN  server.GrpcLogAppender (GrpcLogAppender.java:lambda$resetClient$1(217)) - 29194895-a428-4dbc-89d8-767dd839d7c3@group-886BF1B6D606->6f841693-a0f5-4238-8e94-5d49f60504b4-GrpcLogAppender: Follower failed (request=null, errorCount=127); keep nextIndex (1) unchanged and retry.
2024-06-12 07:41:04,790 [timer1] WARN  server.GrpcLogAppender (GrpcLogAppender.java:lambda$resetClient$1(217)) - 29194895-a428-4dbc-89d8-767dd839d7c3@group-A20483CAC47C->6f841693-a0f5-4238-8e94-5d49f60504b4-GrpcLogAppender: Follower failed (request=null, errorCount=130); keep nextIndex (7) unchanged and retry. (Repeated 2 times in the last 5.000s)
2024-06-12 07:41:04,790 [timer0] WARN  server.GrpcLogAppender (LogUtils.java:warn(121)) - 29194895-a428-4dbc-89d8-767dd839d7c3@group-A20483CAC47C->6f841693-a0f5-4238-8e94-5d49f60504b4-AppendLogResponseHandler: Failed appendEntries (Repeated 2 times in the last 5.000s): org.apache.ratis.thirdparty.io.grpc.StatusRuntimeException: UNAVAILABLE: io exception
2024-06-12 07:41:06,763 [grpc-default-executor-1] WARN  server.GrpcLogAppender (LogUtils.java:warn(121)) - 29194895-a428-4dbc-89d8-767dd839d7c3@group-A20483CAC47C->6f841693-a0f5-4238-8e94-5d49f60504b4-AppendLogResponseHandler: Failed appendEntries: org.apache.ratis.thirdparty.io.grpc.StatusRuntimeException: UNAVAILABLE: io exception
2024-06-12 07:41:06,763 [grpc-default-executor-2] WARN  server.GrpcLogAppender (GrpcLogAppender.java:lambda$resetClient$1(217)) - 29194895-a428-4dbc-89d8-767dd839d7c3@group-A20483CAC47C->6f841693-a0f5-4238-8e94-5d49f60504b4-GrpcLogAppender: Follower failed (request=null, errorCount=131); keep nextIndex (7) unchanged and retry.
2024-06-12 07:41:08,016 [timer7] WARN  server.GrpcLogAppender (LogUtils.java:warn(121)) - 29194895-a428-4dbc-89d8-767dd839d7c3@group-886BF1B6D606->6f841693-a0f5-4238-8e94-5d49f60504b4-AppendLogResponseHandler: Failed appendEntries (Repeated 2 times in the last 5.000s): org.apache.ratis.thirdparty.io.grpc.StatusRuntimeException: UNAVAILABLE: io exception
2024-06-12 07:41:08,016 [timer0] WARN  server.GrpcLogAppender (GrpcLogAppender.java:lambda$resetClient$1(217)) - 29194895-a428-4dbc-89d8-767dd839d7c3@group-886BF1B6D606->6f841693-a0f5-4238-8e94-5d49f60504b4-GrpcLogAppender: Follower failed (request=null, errorCount=128); keep nextIndex (1) unchanged and retry. (Repeated 2 times in the last 5.001s)
2024-06-12 07:41:08,225 [grpc-default-executor-2] WARN  server.GrpcLogAppender (LogUtils.java:warn(121)) - 29194895-a428-4dbc-89d8-767dd839d7c3@group-886BF1B6D606->6f841693-a0f5-4238-8e94-5d49f60504b4-AppendLogResponseHandler: Failed appendEntries: org.apache.ratis.thirdparty.io.grpc.StatusRuntimeException: UNAVAILABLE: io exception
2024-06-12 07:41:08,225 [grpc-default-executor-1] WARN  server.GrpcLogAppender (GrpcLogAppender.java:lambda$resetClient$1(217)) - 29194895-a428-4dbc-89d8-767dd839d7c3@group-886BF1B6D606->6f841693-a0f5-4238-8e94-5d49f60504b4-GrpcLogAppender: Follower failed (request=null, errorCount=129); keep nextIndex (1) unchanged and retry.
2024-06-12 07:41:11,763 [timer0] WARN  server.GrpcLogAppender (GrpcLogAppender.java:lambda$resetClient$1(217)) - 29194895-a428-4dbc-89d8-767dd839d7c3@group-A20483CAC47C->6f841693-a0f5-4238-8e94-5d49f60504b4-GrpcLogAppender: Follower failed (request=null, errorCount=134); keep nextIndex (7) unchanged and retry. (Repeated 4 times in the last 5.000s)
2024-06-12 07:41:11,763 [timer7] WARN  server.GrpcLogAppender (LogUtils.java:warn(121)) - 29194895-a428-4dbc-89d8-767dd839d7c3@group-A20483CAC47C->6f841693-a0f5-4238-8e94-5d49f60504b4-AppendLogResponseHandler: Failed appendEntries (Repeated 4 times in the last 5.000s): org.apache.ratis.thirdparty.io.grpc.StatusRuntimeException: UNAVAILABLE: io exception
2024-06-12 07:41:13,225 [timer1] WARN  server.GrpcLogAppender (GrpcLogAppender.java:lambda$resetClient$1(217)) - 29194895-a428-4dbc-89d8-767dd839d7c3@group-886BF1B6D606->6f841693-a0f5-4238-8e94-5d49f60504b4-GrpcLogAppender: Follower failed (request=null, errorCount=130); keep nextIndex (1) unchanged and retry. (Repeated 2 times in the last 5.000s)
2024-06-12 07:41:13,225 [timer0] WARN  server.GrpcLogAppender (LogUtils.java:warn(121)) - 29194895-a428-4dbc-89d8-767dd839d7c3@group-886BF1B6D606->6f841693-a0f5-4238-8e94-5d49f60504b4-AppendLogResponseHandler: Failed appendEntries (Repeated 2 times in the last 5.001s): org.apache.ratis.thirdparty.io.grpc.StatusRuntimeException: UNAVAILABLE: io exception
2024-06-12 07:41:13,881 [grpc-default-executor-2] WARN  server.GrpcLogAppender (LogUtils.java:warn(121)) - 29194895-a428-4dbc-89d8-767dd839d7c3@group-886BF1B6D606->6f841693-a0f5-4238-8e94-5d49f60504b4-AppendLogResponseHandler: Failed appendEntries: org.apache.ratis.thirdparty.io.grpc.StatusRuntimeException: UNAVAILABLE: io exception
2024-06-12 07:41:13,881 [grpc-default-executor-1] WARN  server.GrpcLogAppender (GrpcLogAppender.java:lambda$resetClient$1(217)) - 29194895-a428-4dbc-89d8-767dd839d7c3@group-886BF1B6D606->6f841693-a0f5-4238-8e94-5d49f60504b4-GrpcLogAppender: Follower failed (request=null, errorCount=131); keep nextIndex (1) unchanged and retry.
2024-06-12 07:41:17,878 [grpc-default-executor-1] WARN  server.GrpcLogAppender (LogUtils.java:warn(121)) - 29194895-a428-4dbc-89d8-767dd839d7c3@group-A20483CAC47C->6f841693-a0f5-4238-8e94-5d49f60504b4-AppendLogResponseHandler: Failed appendEntries: org.apache.ratis.thirdparty.io.grpc.StatusRuntimeException: UNAVAILABLE: io exception
2024-06-12 07:41:17,878 [grpc-default-executor-2] WARN  server.GrpcLogAppender (GrpcLogAppender.java:lambda$resetClient$1(217)) - 29194895-a428-4dbc-89d8-767dd839d7c3@group-A20483CAC47C->6f841693-a0f5-4238-8e94-5d49f60504b4-GrpcLogAppender: Follower failed (request=null, errorCount=135); keep nextIndex (7) unchanged and retry.
2024-06-12 07:41:18,881 [timer5] WARN  server.GrpcLogAppender (LogUtils.java:warn(121)) - 29194895-a428-4dbc-89d8-767dd839d7c3@group-886BF1B6D606->6f841693-a0f5-4238-8e94-5d49f60504b4-AppendLogResponseHandler: Failed appendEntries (Repeated 2 times in the last 5.000s): org.apache.ratis.thirdparty.io.grpc.StatusRuntimeException: UNAVAILABLE: io exception
2024-06-12 07:41:18,881 [timer6] WARN  server.GrpcLogAppender (GrpcLogAppender.java:lambda$resetClient$1(217)) - 29194895-a428-4dbc-89d8-767dd839d7c3@group-886BF1B6D606->6f841693-a0f5-4238-8e94-5d49f60504b4-GrpcLogAppender: Follower failed (request=null, errorCount=132); keep nextIndex (1) unchanged and retry. (Repeated 2 times in the last 5.000s)
2024-06-12 07:41:21,356 [grpc-default-executor-2] WARN  server.GrpcLogAppender (LogUtils.java:warn(121)) - 29194895-a428-4dbc-89d8-767dd839d7c3@group-886BF1B6D606->6f841693-a0f5-4238-8e94-5d49f60504b4-AppendLogResponseHandler: Failed appendEntries: org.apache.ratis.thirdparty.io.grpc.StatusRuntimeException: UNAVAILABLE: io exception
2024-06-12 07:41:21,356 [grpc-default-executor-1] WARN  server.GrpcLogAppender (GrpcLogAppender.java:lambda$resetClient$1(217)) - 29194895-a428-4dbc-89d8-767dd839d7c3@group-886BF1B6D606->6f841693-a0f5-4238-8e94-5d49f60504b4-GrpcLogAppender: Follower failed (request=null, errorCount=133); keep nextIndex (1) unchanged and retry.
2024-06-12 07:41:22,878 [timer7] WARN  server.GrpcLogAppender (LogUtils.java:warn(121)) - 29194895-a428-4dbc-89d8-767dd839d7c3@group-A20483CAC47C->6f841693-a0f5-4238-8e94-5d49f60504b4-AppendLogResponseHandler: Failed appendEntries (Repeated 2 times in the last 5.000s): org.apache.ratis.thirdparty.io.grpc.StatusRuntimeException: UNAVAILABLE: io exception
2024-06-12 07:41:22,879 [timer0] WARN  server.GrpcLogAppender (GrpcLogAppender.java:lambda$resetClient$1(217)) - 29194895-a428-4dbc-89d8-767dd839d7c3@group-A20483CAC47C->6f841693-a0f5-4238-8e94-5d49f60504b4-GrpcLogAppender: Follower failed (request=null, errorCount=136); keep nextIndex (7) unchanged and retry. (Repeated 2 times in the last 5.000s)
2024-06-12 07:41:23,391 [grpc-default-executor-2] WARN  server.GrpcLogAppender (LogUtils.java:warn(121)) - 29194895-a428-4dbc-89d8-767dd839d7c3@group-A20483CAC47C->6f841693-a0f5-4238-8e94-5d49f60504b4-AppendLogResponseHandler: Failed appendEntries: org.apache.ratis.thirdparty.io.grpc.StatusRuntimeException: UNAVAILABLE: io exception
2024-06-12 07:41:23,392 [grpc-default-executor-1] WARN  server.GrpcLogAppender (GrpcLogAppender.java:lambda$resetClient$1(217)) - 29194895-a428-4dbc-89d8-767dd839d7c3@group-A20483CAC47C->6f841693-a0f5-4238-8e94-5d49f60504b4-GrpcLogAppender: Follower failed (request=null, errorCount=137); keep nextIndex (7) unchanged and retry.
2024-06-12 07:41:26,356 [timer7] WARN  server.GrpcLogAppender (LogUtils.java:warn(121)) - 29194895-a428-4dbc-89d8-767dd839d7c3@group-886BF1B6D606->6f841693-a0f5-4238-8e94-5d49f60504b4-AppendLogResponseHandler: Failed appendEntries (Repeated 4 times in the last 5.000s): org.apache.ratis.thirdparty.io.grpc.StatusRuntimeException: UNAVAILABLE: io exception
2024-06-12 07:41:26,357 [timer0] WARN  server.GrpcLogAppender (GrpcLogAppender.java:lambda$resetClient$1(217)) - 29194895-a428-4dbc-89d8-767dd839d7c3@group-886BF1B6D606->6f841693-a0f5-4238-8e94-5d49f60504b4-GrpcLogAppender: Follower failed (request=null, errorCount=136); keep nextIndex (1) unchanged and retry. (Repeated 4 times in the last 5.001s)
2024-06-12 07:41:28,392 [timer0] WARN  server.GrpcLogAppender (LogUtils.java:warn(121)) - 29194895-a428-4dbc-89d8-767dd839d7c3@group-A20483CAC47C->6f841693-a0f5-4238-8e94-5d49f60504b4-AppendLogResponseHandler: Failed appendEntries (Repeated 4 times in the last 5.000s): org.apache.ratis.thirdparty.io.grpc.StatusRuntimeException: UNAVAILABLE: io exception
2024-06-12 07:41:28,392 [timer1] WARN  server.GrpcLogAppender (GrpcLogAppender.java:lambda$resetClient$1(217)) - 29194895-a428-4dbc-89d8-767dd839d7c3@group-A20483CAC47C->6f841693-a0f5-4238-8e94-5d49f60504b4-GrpcLogAppender: Follower failed (request=null, errorCount=140); keep nextIndex (7) unchanged and retry. (Repeated 4 times in the last 5.000s)
2024-06-12 07:41:30,126 [grpc-default-executor-2] WARN  server.GrpcLogAppender (LogUtils.java:warn(121)) - 29194895-a428-4dbc-89d8-767dd839d7c3@group-886BF1B6D606->6f841693-a0f5-4238-8e94-5d49f60504b4-AppendLogResponseHandler: Failed appendEntries: org.apache.ratis.thirdparty.io.grpc.StatusRuntimeException: UNAVAILABLE: io exception
2024-06-12 07:41:30,126 [grpc-default-executor-1] WARN  server.GrpcLogAppender (GrpcLogAppender.java:lambda$resetClient$1(217)) - 29194895-a428-4dbc-89d8-767dd839d7c3@group-886BF1B6D606->6f841693-a0f5-4238-8e94-5d49f60504b4-GrpcLogAppender: Follower failed (request=null, errorCount=137); keep nextIndex (1) unchanged and retry.
2024-06-12 07:41:32,284 [grpc-default-executor-1] WARN  server.GrpcLogAppender (LogUtils.java:warn(121)) - 29194895-a428-4dbc-89d8-767dd839d7c3@group-A20483CAC47C->6f841693-a0f5-4238-8e94-5d49f60504b4-AppendLogResponseHandler: Failed appendEntries: org.apache.ratis.thirdparty.io.grpc.StatusRuntimeException: UNAVAILABLE: io exception
2024-06-12 07:41:32,284 [grpc-default-executor-2] WARN  server.GrpcLogAppender (GrpcLogAppender.java:lambda$resetClient$1(217)) - 29194895-a428-4dbc-89d8-767dd839d7c3@group-A20483CAC47C->6f841693-a0f5-4238-8e94-5d49f60504b4-GrpcLogAppender: Follower failed (request=null, errorCount=141); keep nextIndex (7) unchanged and retry.
2024-06-12 07:41:35,126 [timer6] WARN  server.GrpcLogAppender (LogUtils.java:warn(121)) - 29194895-a428-4dbc-89d8-767dd839d7c3@group-886BF1B6D606->6f841693-a0f5-4238-8e94-5d49f60504b4-AppendLogResponseHandler: Failed appendEntries (Repeated 2 times in the last 5.000s): org.apache.ratis.thirdparty.io.grpc.StatusRuntimeException: UNAVAILABLE: io exception
2024-06-12 07:41:35,126 [timer7] WARN  server.GrpcLogAppender (GrpcLogAppender.java:lambda$resetClient$1(217)) - 29194895-a428-4dbc-89d8-767dd839d7c3@group-886BF1B6D606->6f841693-a0f5-4238-8e94-5d49f60504b4-GrpcLogAppender: Follower failed (request=null, errorCount=138); keep nextIndex (1) unchanged and retry. (Repeated 2 times in the last 5.000s)
2024-06-12 07:41:37,284 [timer1] WARN  server.GrpcLogAppender (GrpcLogAppender.java:lambda$resetClient$1(217)) - 29194895-a428-4dbc-89d8-767dd839d7c3@group-A20483CAC47C->6f841693-a0f5-4238-8e94-5d49f60504b4-GrpcLogAppender: Follower failed (request=null, errorCount=142); keep nextIndex (7) unchanged and retry. (Repeated 2 times in the last 5.000s)
2024-06-12 07:41:37,284 [timer0] WARN  server.GrpcLogAppender (LogUtils.java:warn(121)) - 29194895-a428-4dbc-89d8-767dd839d7c3@group-A20483CAC47C->6f841693-a0f5-4238-8e94-5d49f60504b4-AppendLogResponseHandler: Failed appendEntries (Repeated 2 times in the last 5.001s): org.apache.ratis.thirdparty.io.grpc.StatusRuntimeException: UNAVAILABLE: io exception
2024-06-12 07:41:37,524 [grpc-default-executor-1] WARN  server.GrpcLogAppender (LogUtils.java:warn(121)) - 29194895-a428-4dbc-89d8-767dd839d7c3@group-886BF1B6D606->6f841693-a0f5-4238-8e94-5d49f60504b4-AppendLogResponseHandler: Failed appendEntries: org.apache.ratis.thirdparty.io.grpc.StatusRuntimeException: UNAVAILABLE: io exception
2024-06-12 07:41:37,524 [grpc-default-executor-2] WARN  server.GrpcLogAppender (GrpcLogAppender.java:lambda$resetClient$1(217)) - 29194895-a428-4dbc-89d8-767dd839d7c3@group-886BF1B6D606->6f841693-a0f5-4238-8e94-5d49f60504b4-GrpcLogAppender: Follower failed (request=null, errorCount=139); keep nextIndex (1) unchanged and retry.
2024-06-12 07:41:39,606 [grpc-default-executor-1] WARN  server.GrpcLogAppender (LogUtils.java:warn(121)) - 29194895-a428-4dbc-89d8-767dd839d7c3@group-A20483CAC47C->6f841693-a0f5-4238-8e94-5d49f60504b4-AppendLogResponseHandler: Failed appendEntries: org.apache.ratis.thirdparty.io.grpc.StatusRuntimeException: UNAVAILABLE: io exception
2024-06-12 07:41:39,606 [grpc-default-executor-2] WARN  server.GrpcLogAppender (GrpcLogAppender.java:lambda$resetClient$1(217)) - 29194895-a428-4dbc-89d8-767dd839d7c3@group-A20483CAC47C->6f841693-a0f5-4238-8e94-5d49f60504b4-GrpcLogAppender: Follower failed (request=null, errorCount=143); keep nextIndex (7) unchanged and retry.
2024-06-12 07:41:42,524 [timer6] WARN  server.GrpcLogAppender (GrpcLogAppender.java:lambda$resetClient$1(217)) - 29194895-a428-4dbc-89d8-767dd839d7c3@group-886BF1B6D606->6f841693-a0f5-4238-8e94-5d49f60504b4-GrpcLogAppender: Follower failed (request=null, errorCount=142); keep nextIndex (1) unchanged and retry. (Repeated 4 times in the last 5.000s)
2024-06-12 07:41:42,524 [timer5] WARN  server.GrpcLogAppender (LogUtils.java:warn(121)) - 29194895-a428-4dbc-89d8-767dd839d7c3@group-886BF1B6D606->6f841693-a0f5-4238-8e94-5d49f60504b4-AppendLogResponseHandler: Failed appendEntries (Repeated 4 times in the last 5.000s): org.apache.ratis.thirdparty.io.grpc.StatusRuntimeException: UNAVAILABLE: io exception
2024-06-12 07:41:43,004 [JvmPauseMonitor17] INFO  util.JvmPauseMonitor (JvmPauseMonitor.java:run(152)) - JvmPauseMonitor-6f841693-a0f5-4238-8e94-5d49f60504b4: Stopped
2024-06-12 07:41:43,004 [main] ERROR server.XceiverServerGrpc (XceiverServerGrpc.java:stop(216)) - failed to shutdown XceiverServerGrpc
java.lang.InterruptedException
	at java.base/java.lang.Object.wait(Native Method)
	at java.base/java.lang.Object.wait(Object.java:472)
	at java.base/java.util.concurrent.TimeUnit.timedWait(TimeUnit.java:408)
	at org.apache.ratis.thirdparty.io.grpc.internal.ServerImpl.awaitTermination(ServerImpl.java:312)
	at org.apache.hadoop.ozone.container.common.transport.server.XceiverServerGrpc.stop(XceiverServerGrpc.java:213)
	at org.apache.hadoop.ozone.container.ozoneimpl.OzoneContainer.stop(OzoneContainer.java:485)
	at org.apache.hadoop.ozone.container.common.statemachine.DatanodeStateMachine.close(DatanodeStateMachine.java:437)
	at org.apache.hadoop.ozone.container.common.statemachine.DatanodeStateMachine.stopDaemon(DatanodeStateMachine.java:627)
	at org.apache.hadoop.ozone.HddsDatanodeService.stop(HddsDatanodeService.java:539)
	at org.apache.hadoop.ozone.MiniOzoneClusterImpl.stopDatanode(MiniOzoneClusterImpl.java:479)
	at org.apache.hadoop.ozone.MiniOzoneClusterImpl.shutdownHddsDatanode(MiniOzoneClusterImpl.java:381)
	at org.apache.hadoop.ozone.MiniOzoneClusterImpl.shutdownHddsDatanode(MiniOzoneClusterImpl.java:386)
	at org.apache.hadoop.ozone.client.rpc.TestMultiBlockWritesWithDnFailures.testMultiBlockWritesWithDnFailures(TestMultiBlockWritesWithDnFailures.java:162)
	at java.base/jdk.internal.reflect.NativeMethodAccessorImpl.invoke0(Native Method)
	at java.base/jdk.internal.reflect.NativeMethodAccessorImpl.invoke(NativeMethodAccessorImpl.java:77)
	at java.base/jdk.internal.reflect.DelegatingMethodAccessorImpl.invoke(DelegatingMethodAccessorImpl.java:43)
	at java.base/java.lang.reflect.Method.invoke(Method.java:568)
	at org.junit.platform.commons.util.ReflectionUtils.invokeMethod(ReflectionUtils.java:728)
	at org.junit.jupiter.engine.execution.MethodInvocation.proceed(MethodInvocation.java:60)
	at org.junit.jupiter.engine.execution.InvocationInterceptorChain$ValidatingInvocation.proceed(InvocationInterceptorChain.java:131)
	at org.junit.jupiter.engine.extension.SameThreadTimeoutInvocation.proceed(SameThreadTimeoutInvocation.java:45)
	at org.junit.jupiter.engine.extension.TimeoutExtension.intercept(TimeoutExtension.java:156)
	at org.junit.jupiter.engine.extension.TimeoutExtension.interceptTestableMethod(TimeoutExtension.java:147)
	at org.junit.jupiter.engine.extension.TimeoutExtension.interceptTestMethod(TimeoutExtension.java:86)
	at org.junit.jupiter.engine.execution.InterceptingExecutableInvoker$ReflectiveInterceptorCall.lambda$ofVoidMethod$0(InterceptingExecutableInvoker.java:103)
	at org.junit.jupiter.engine.execution.InterceptingExecutableInvoker.lambda$invoke$0(InterceptingExecutableInvoker.java:93)
	at org.junit.jupiter.engine.execution.InvocationInterceptorChain$InterceptedInvocation.proceed(InvocationInterceptorChain.java:106)
	at org.junit.jupiter.engine.execution.InvocationInterceptorChain.proceed(InvocationInterceptorChain.java:64)
	at org.junit.jupiter.engine.execution.InvocationInterceptorChain.chainAndInvoke(InvocationInterceptorChain.java:45)
	at org.junit.jupiter.engine.execution.InvocationInterceptorChain.invoke(InvocationInterceptorChain.java:37)
	at org.junit.jupiter.engine.execution.InterceptingExecutableInvoker.invoke(InterceptingExecutableInvoker.java:92)
	at org.junit.jupiter.engine.execution.InterceptingExecutableInvoker.invoke(InterceptingExecutableInvoker.java:86)
	at org.junit.jupiter.engine.descriptor.TestMethodTestDescriptor.lambda$invokeTestMethod$7(TestMethodTestDescriptor.java:218)
	at org.junit.platform.engine.support.hierarchical.ThrowableCollector.execute(ThrowableCollector.java:73)
	at org.junit.jupiter.engine.descriptor.TestMethodTestDescriptor.invokeTestMethod(TestMethodTestDescriptor.java:214)
	at org.junit.jupiter.engine.descriptor.TestMethodTestDescriptor.execute(TestMethodTestDescriptor.java:139)
	at org.junit.jupiter.engine.descriptor.TestMethodTestDescriptor.execute(TestMethodTestDescriptor.java:69)
	at org.junit.platform.engine.support.hierarchical.NodeTestTask.lambda$executeRecursively$6(NodeTestTask.java:151)
	at org.junit.platform.engine.support.hierarchical.ThrowableCollector.execute(ThrowableCollector.java:73)
	at org.junit.platform.engine.support.hierarchical.NodeTestTask.lambda$executeRecursively$8(NodeTestTask.java:141)
	at org.junit.platform.engine.support.hierarchical.Node.around(Node.java:137)
	at org.junit.platform.engine.support.hierarchical.NodeTestTask.lambda$executeRecursively$9(NodeTestTask.java:139)
	at org.junit.platform.engine.support.hierarchical.ThrowableCollector.execute(ThrowableCollector.java:73)
	at org.junit.platform.engine.support.hierarchical.NodeTestTask.executeRecursively(NodeTestTask.java:138)
	at org.junit.platform.engine.support.hierarchical.NodeTestTask.execute(NodeTestTask.java:95)
	at java.base/java.util.ArrayList.forEach(ArrayList.java:1511)
	at org.junit.platform.engine.support.hierarchical.SameThreadHierarchicalTestExecutorService.invokeAll(SameThreadHierarchicalTestExecutorService.java:41)
	at org.junit.platform.engine.support.hierarchical.NodeTestTask.lambda$executeRecursively$6(NodeTestTask.java:155)
	at org.junit.platform.engine.support.hierarchical.ThrowableCollector.execute(ThrowableCollector.java:73)
	at org.junit.platform.engine.support.hierarchical.NodeTestTask.lambda$executeRecursively$8(NodeTestTask.java:141)
	at org.junit.platform.engine.support.hierarchical.Node.around(Node.java:137)
	at org.junit.platform.engine.support.hierarchical.NodeTestTask.lambda$executeRecursively$9(NodeTestTask.java:139)
	at org.junit.platform.engine.support.hierarchical.ThrowableCollector.execute(ThrowableCollector.java:73)
	at org.junit.platform.engine.support.hierarchical.NodeTestTask.executeRecursively(NodeTestTask.java:138)
	at org.junit.platform.engine.support.hierarchical.NodeTestTask.execute(NodeTestTask.java:95)
	at java.base/java.util.ArrayList.forEach(ArrayList.java:1511)
	at org.junit.platform.engine.support.hierarchical.SameThreadHierarchicalTestExecutorService.invokeAll(SameThreadHierarchicalTestExecutorService.java:41)
	at org.junit.platform.engine.support.hierarchical.NodeTestTask.lambda$executeRecursively$6(NodeTestTask.java:155)
	at org.junit.platform.engine.support.hierarchical.ThrowableCollector.execute(ThrowableCollector.java:73)
	at org.junit.platform.engine.support.hierarchical.NodeTestTask.lambda$executeRecursively$8(NodeTestTask.java:141)
	at org.junit.platform.engine.support.hierarchical.Node.around(Node.java:137)
	at org.junit.platform.engine.support.hierarchical.NodeTestTask.lambda$executeRecursively$9(NodeTestTask.java:139)
	at org.junit.platform.engine.support.hierarchical.ThrowableCollector.execute(ThrowableCollector.java:73)
	at org.junit.platform.engine.support.hierarchical.NodeTestTask.executeRecursively(NodeTestTask.java:138)
	at org.junit.platform.engine.support.hierarchical.NodeTestTask.execute(NodeTestTask.java:95)
	at org.junit.platform.engine.support.hierarchical.SameThreadHierarchicalTestExecutorService.submit(SameThreadHierarchicalTestExecutorService.java:35)
	at org.junit.platform.engine.support.hierarchical.HierarchicalTestExecutor.execute(HierarchicalTestExecutor.java:57)
	at org.junit.platform.engine.support.hierarchical.HierarchicalTestEngine.execute(HierarchicalTestEngine.java:54)
	at org.junit.platform.launcher.core.EngineExecutionOrchestrator.execute(EngineExecutionOrchestrator.java:198)
	at org.junit.platform.launcher.core.EngineExecutionOrchestrator.execute(EngineExecutionOrchestrator.java:169)
	at org.junit.platform.launcher.core.EngineExecutionOrchestrator.execute(EngineExecutionOrchestrator.java:93)
	at org.junit.platform.launcher.core.EngineExecutionOrchestrator.lambda$execute$0(EngineExecutionOrchestrator.java:58)
	at org.junit.platform.launcher.core.EngineExecutionOrchestrator.withInterceptedStreams(EngineExecutionOrchestrator.java:141)
	at org.junit.platform.launcher.core.EngineExecutionOrchestrator.execute(EngineExecutionOrchestrator.java:57)
	at org.junit.platform.launcher.core.DefaultLauncher.execute(DefaultLauncher.java:103)
	at org.junit.platform.launcher.core.DefaultLauncher.execute(DefaultLauncher.java:85)
	at org.junit.platform.launcher.core.DelegatingLauncher.execute(DelegatingLauncher.java:47)
	at org.junit.platform.launcher.core.SessionPerRequestLauncher.execute(SessionPerRequestLauncher.java:63)
	at org.apache.maven.surefire.junitplatform.JUnitPlatformProvider.invokeAllTests(JUnitPlatformProvider.java:154)
	at org.apache.maven.surefire.junitplatform.JUnitPlatformProvider.invoke(JUnitPlatformProvider.java:123)
	at org.apache.maven.surefire.booter.ForkedBooter.runSuitesInProcess(ForkedBooter.java:377)
	at org.apache.maven.surefire.booter.ForkedBooter.execute(ForkedBooter.java:138)
	at org.apache.maven.surefire.booter.ForkedBooter.run(ForkedBooter.java:465)
	at org.apache.maven.surefire.booter.ForkedBooter.main(ForkedBooter.java:451)
2024-06-12 07:41:43,005 [main] INFO  utils.DatanodeStoreCache (DatanodeStoreCache.java:shutdownCache(116)) - Skip clearing cache in mini cluster mode. Entries left: [/home/runner/work/ozone/ozone/hadoop-ozone/integration-test/target/test-dir/MiniOzoneClusterImpl-63f03bc8-0399-4ce2-9c43-ca6ad8c463d8/ozone-meta/datanode-1/data-0/hdds/63f03bc8-0399-4ce2-9c43-ca6ad8c463d8/DS-132f5b2d-85d7-402f-8427-44e8dd53bd35/container.db, /home/runner/work/ozone/ozone/hadoop-ozone/integration-test/target/test-dir/MiniOzoneClusterImpl-63f03bc8-0399-4ce2-9c43-ca6ad8c463d8/ozone-meta/datanode-2/data-0/hdds/63f03bc8-0399-4ce2-9c43-ca6ad8c463d8/DS-e552e796-c305-4dd5-95b2-8070ab08ff04/container.db, /home/runner/work/ozone/ozone/hadoop-ozone/integration-test/target/test-dir/MiniOzoneClusterImpl-63f03bc8-0399-4ce2-9c43-ca6ad8c463d8/ozone-meta/datanode-3/data-0/hdds/63f03bc8-0399-4ce2-9c43-ca6ad8c463d8/DS-769adfd5-b955-4210-9d4e-df0a26abcee9/container.db, /home/runner/work/ozone/ozone/hadoop-ozone/integration-test/target/test-dir/MiniOzoneClusterImpl-63f03bc8-0399-4ce2-9c43-ca6ad8c463d8/ozone-meta/datanode-4/data-0/hdds/63f03bc8-0399-4ce2-9c43-ca6ad8c463d8/DS-5601ce15-5d45-4c76-998c-81a388fce88f/container.db, /home/runner/work/ozone/ozone/hadoop-ozone/integration-test/target/test-dir/MiniOzoneClusterImpl-63f03bc8-0399-4ce2-9c43-ca6ad8c463d8/ozone-meta/datanode-5/data-0/hdds/63f03bc8-0399-4ce2-9c43-ca6ad8c463d8/DS-60eb5a0c-6681-4266-9c0a-113caf78696c/container.db, /home/runner/work/ozone/ozone/hadoop-ozone/integration-test/target/test-dir/MiniOzoneClusterImpl-63f03bc8-0399-4ce2-9c43-ca6ad8c463d8/ozone-meta/datanode-6/data-0/hdds/63f03bc8-0399-4ce2-9c43-ca6ad8c463d8/DS-aff25e3d-5612-491b-9f33-3fc32d9f6759/container.db]
2024-06-12 07:41:43,006 [main] INFO  utils.DatanodeStoreCache (DatanodeStoreCache.java:removeDB(110)) - Removed db /home/runner/work/ozone/ozone/hadoop-ozone/integration-test/target/test-dir/MiniOzoneClusterImpl-63f03bc8-0399-4ce2-9c43-ca6ad8c463d8/ozone-meta/datanode-4/data-0/hdds/63f03bc8-0399-4ce2-9c43-ca6ad8c463d8/DS-5601ce15-5d45-4c76-998c-81a388fce88f/container.db from cache
2024-06-12 07:41:43,006 [main] INFO  volume.HddsVolume (HddsVolume.java:closeDbStore(470)) - SchemaV3 db is stopped at /home/runner/work/ozone/ozone/hadoop-ozone/integration-test/target/test-dir/MiniOzoneClusterImpl-63f03bc8-0399-4ce2-9c43-ca6ad8c463d8/ozone-meta/datanode-4/data-0/hdds/63f03bc8-0399-4ce2-9c43-ca6ad8c463d8/DS-5601ce15-5d45-4c76-998c-81a388fce88f/container.db for volume DS-5601ce15-5d45-4c76-998c-81a388fce88f
2024-06-12 07:41:43,006 [main] INFO  utils.BackgroundService (BackgroundService.java:shutdown(160)) - Shutting down service BlockDeletingService
2024-06-12 07:41:43,006 [main] INFO  utils.BackgroundService (BackgroundService.java:shutdown(160)) - Shutting down service StaleRecoveringContainerScrubbingService
2024-06-12 07:41:43,007 [main] INFO  statemachine.DatanodeStateMachine (DatanodeStateMachine.java:stopDaemon(628)) - Ozone container server stopped.
2024-06-12 07:41:43,008 [main] INFO  handler.ContextHandler (ContextHandler.java:doStop(1159)) - Stopped o.e.j.w.WebAppContext@c370bb5{hddsDatanode,/,null,STOPPED}{file:/home/runner/work/ozone/ozone/hadoop-hdds/container-service/target/classes/webapps/hddsDatanode}
2024-06-12 07:41:43,008 [main] INFO  server.session (HouseKeeper.java:stopScavenging(149)) - node0 Stopped scavenging
2024-06-12 07:41:43,008 [main] INFO  server.AbstractConnector (AbstractConnector.java:doStop(383)) - Stopped ServerConnector@53ca202f{HTTP/1.1, (http/1.1)}{0.0.0.0:15134}
2024-06-12 07:41:43,009 [main] INFO  handler.ContextHandler (ContextHandler.java:doStop(1159)) - Stopped o.e.j.s.ServletContextHandler@62f4ae5a{static,/static,file:///home/runner/work/ozone/ozone/hadoop-hdds/container-service/target/classes/webapps/static,STOPPED}
2024-06-12 07:41:43,009 [main] INFO  handler.ContextHandler (ContextHandler.java:doStop(1159)) - Stopped o.e.j.s.ServletContextHandler@b54cfd8{logs,/logs,file:///home/runner/work/ozone/ozone/hadoop-ozone/integration-test/target/log,STOPPED}
2024-06-12 07:41:43,009 [main] ERROR http.HttpServer2 (HttpServer2.java:stop(1366)) - Error while stopping web server for webapp hddsDatanode
java.lang.InterruptedException
	at java.base/java.util.concurrent.locks.AbstractQueuedSynchronizer.tryAcquireSharedNanos(AbstractQueuedSynchronizer.java:1081)
	at java.base/java.util.concurrent.CountDownLatch.await(CountDownLatch.java:276)
	at org.eclipse.jetty.server.AbstractConnector.doStop(AbstractConnector.java:373)
	at org.eclipse.jetty.server.AbstractNetworkConnector.doStop(AbstractNetworkConnector.java:88)
	at org.eclipse.jetty.server.ServerConnector.doStop(ServerConnector.java:246)
	at org.eclipse.jetty.util.component.AbstractLifeCycle.stop(AbstractLifeCycle.java:94)
	at org.eclipse.jetty.server.Server.doStop(Server.java:459)
	at org.eclipse.jetty.util.component.AbstractLifeCycle.stop(AbstractLifeCycle.java:94)
	at org.apache.hadoop.hdds.server.http.HttpServer2.stop(HttpServer2.java:1364)
	at org.apache.hadoop.hdds.server.http.BaseHttpServer.stop(BaseHttpServer.java:339)
	at org.apache.hadoop.ozone.HddsDatanodeService.stop(HddsDatanodeService.java:543)
	at org.apache.hadoop.ozone.MiniOzoneClusterImpl.stopDatanode(MiniOzoneClusterImpl.java:479)
	at org.apache.hadoop.ozone.MiniOzoneClusterImpl.shutdownHddsDatanode(MiniOzoneClusterImpl.java:381)
	at org.apache.hadoop.ozone.MiniOzoneClusterImpl.shutdownHddsDatanode(MiniOzoneClusterImpl.java:386)
	at org.apache.hadoop.ozone.client.rpc.TestMultiBlockWritesWithDnFailures.testMultiBlockWritesWithDnFailures(TestMultiBlockWritesWithDnFailures.java:162)
	at java.base/jdk.internal.reflect.NativeMethodAccessorImpl.invoke0(Native Method)
	at java.base/jdk.internal.reflect.NativeMethodAccessorImpl.invoke(NativeMethodAccessorImpl.java:77)
	at java.base/jdk.internal.reflect.DelegatingMethodAccessorImpl.invoke(DelegatingMethodAccessorImpl.java:43)
	at java.base/java.lang.reflect.Method.invoke(Method.java:568)
	at org.junit.platform.commons.util.ReflectionUtils.invokeMethod(ReflectionUtils.java:728)
	at org.junit.jupiter.engine.execution.MethodInvocation.proceed(MethodInvocation.java:60)
	at org.junit.jupiter.engine.execution.InvocationInterceptorChain$ValidatingInvocation.proceed(InvocationInterceptorChain.java:131)
	at org.junit.jupiter.engine.extension.SameThreadTimeoutInvocation.proceed(SameThreadTimeoutInvocation.java:45)
	at org.junit.jupiter.engine.extension.TimeoutExtension.intercept(TimeoutExtension.java:156)
	at org.junit.jupiter.engine.extension.TimeoutExtension.interceptTestableMethod(TimeoutExtension.java:147)
	at org.junit.jupiter.engine.extension.TimeoutExtension.interceptTestMethod(TimeoutExtension.java:86)
	at org.junit.jupiter.engine.execution.InterceptingExecutableInvoker$ReflectiveInterceptorCall.lambda$ofVoidMethod$0(InterceptingExecutableInvoker.java:103)
	at org.junit.jupiter.engine.execution.InterceptingExecutableInvoker.lambda$invoke$0(InterceptingExecutableInvoker.java:93)
	at org.junit.jupiter.engine.execution.InvocationInterceptorChain$InterceptedInvocation.proceed(InvocationInterceptorChain.java:106)
	at org.junit.jupiter.engine.execution.InvocationInterceptorChain.proceed(InvocationInterceptorChain.java:64)
	at org.junit.jupiter.engine.execution.InvocationInterceptorChain.chainAndInvoke(InvocationInterceptorChain.java:45)
	at org.junit.jupiter.engine.execution.InvocationInterceptorChain.invoke(InvocationInterceptorChain.java:37)
	at org.junit.jupiter.engine.execution.InterceptingExecutableInvoker.invoke(InterceptingExecutableInvoker.java:92)
	at org.junit.jupiter.engine.execution.InterceptingExecutableInvoker.invoke(InterceptingExecutableInvoker.java:86)
	at org.junit.jupiter.engine.descriptor.TestMethodTestDescriptor.lambda$invokeTestMethod$7(TestMethodTestDescriptor.java:218)
	at org.junit.platform.engine.support.hierarchical.ThrowableCollector.execute(ThrowableCollector.java:73)
	at org.junit.jupiter.engine.descriptor.TestMethodTestDescriptor.invokeTestMethod(TestMethodTestDescriptor.java:214)
	at org.junit.jupiter.engine.descriptor.TestMethodTestDescriptor.execute(TestMethodTestDescriptor.java:139)
	at org.junit.jupiter.engine.descriptor.TestMethodTestDescriptor.execute(TestMethodTestDescriptor.java:69)
	at org.junit.platform.engine.support.hierarchical.NodeTestTask.lambda$executeRecursively$6(NodeTestTask.java:151)
	at org.junit.platform.engine.support.hierarchical.ThrowableCollector.execute(ThrowableCollector.java:73)
	at org.junit.platform.engine.support.hierarchical.NodeTestTask.lambda$executeRecursively$8(NodeTestTask.java:141)
	at org.junit.platform.engine.support.hierarchical.Node.around(Node.java:137)
	at org.junit.platform.engine.support.hierarchical.NodeTestTask.lambda$executeRecursively$9(NodeTestTask.java:139)
	at org.junit.platform.engine.support.hierarchical.ThrowableCollector.execute(ThrowableCollector.java:73)
	at org.junit.platform.engine.support.hierarchical.NodeTestTask.executeRecursively(NodeTestTask.java:138)
	at org.junit.platform.engine.support.hierarchical.NodeTestTask.execute(NodeTestTask.java:95)
	at java.base/java.util.ArrayList.forEach(ArrayList.java:1511)
	at org.junit.platform.engine.support.hierarchical.SameThreadHierarchicalTestExecutorService.invokeAll(SameThreadHierarchicalTestExecutorService.java:41)
	at org.junit.platform.engine.support.hierarchical.NodeTestTask.lambda$executeRecursively$6(NodeTestTask.java:155)
	at org.junit.platform.engine.support.hierarchical.ThrowableCollector.execute(ThrowableCollector.java:73)
	at org.junit.platform.engine.support.hierarchical.NodeTestTask.lambda$executeRecursively$8(NodeTestTask.java:141)
	at org.junit.platform.engine.support.hierarchical.Node.around(Node.java:137)
	at org.junit.platform.engine.support.hierarchical.NodeTestTask.lambda$executeRecursively$9(NodeTestTask.java:139)
	at org.junit.platform.engine.support.hierarchical.ThrowableCollector.execute(ThrowableCollector.java:73)
	at org.junit.platform.engine.support.hierarchical.NodeTestTask.executeRecursively(NodeTestTask.java:138)
	at org.junit.platform.engine.support.hierarchical.NodeTestTask.execute(NodeTestTask.java:95)
	at java.base/java.util.ArrayList.forEach(ArrayList.java:1511)
	at org.junit.platform.engine.support.hierarchical.SameThreadHierarchicalTestExecutorService.invokeAll(SameThreadHierarchicalTestExecutorService.java:41)
	at org.junit.platform.engine.support.hierarchical.NodeTestTask.lambda$executeRecursively$6(NodeTestTask.java:155)
	at org.junit.platform.engine.support.hierarchical.ThrowableCollector.execute(ThrowableCollector.java:73)
	at org.junit.platform.engine.support.hierarchical.NodeTestTask.lambda$executeRecursively$8(NodeTestTask.java:141)
	at org.junit.platform.engine.support.hierarchical.Node.around(Node.java:137)
	at org.junit.platform.engine.support.hierarchical.NodeTestTask.lambda$executeRecursively$9(NodeTestTask.java:139)
	at org.junit.platform.engine.support.hierarchical.ThrowableCollector.execute(ThrowableCollector.java:73)
	at org.junit.platform.engine.support.hierarchical.NodeTestTask.executeRecursively(NodeTestTask.java:138)
	at org.junit.platform.engine.support.hierarchical.NodeTestTask.execute(NodeTestTask.java:95)
	at org.junit.platform.engine.support.hierarchical.SameThreadHierarchicalTestExecutorService.submit(SameThreadHierarchicalTestExecutorService.java:35)
	at org.junit.platform.engine.support.hierarchical.HierarchicalTestExecutor.execute(HierarchicalTestExecutor.java:57)
	at org.junit.platform.engine.support.hierarchical.HierarchicalTestEngine.execute(HierarchicalTestEngine.java:54)
	at org.junit.platform.launcher.core.EngineExecutionOrchestrator.execute(EngineExecutionOrchestrator.java:198)
	at org.junit.platform.launcher.core.EngineExecutionOrchestrator.execute(EngineExecutionOrchestrator.java:169)
	at org.junit.platform.launcher.core.EngineExecutionOrchestrator.execute(EngineExecutionOrchestrator.java:93)
	at org.junit.platform.launcher.core.EngineExecutionOrchestrator.lambda$execute$0(EngineExecutionOrchestrator.java:58)
	at org.junit.platform.launcher.core.EngineExecutionOrchestrator.withInterceptedStreams(EngineExecutionOrchestrator.java:141)
	at org.junit.platform.launcher.core.EngineExecutionOrchestrator.execute(EngineExecutionOrchestrator.java:57)
	at org.junit.platform.launcher.core.DefaultLauncher.execute(DefaultLauncher.java:103)
	at org.junit.platform.launcher.core.DefaultLauncher.execute(DefaultLauncher.java:85)
	at org.junit.platform.launcher.core.DelegatingLauncher.execute(DelegatingLauncher.java:47)
	at org.junit.platform.launcher.core.SessionPerRequestLauncher.execute(SessionPerRequestLauncher.java:63)
	at org.apache.maven.surefire.junitplatform.JUnitPlatformProvider.invokeAllTests(JUnitPlatformProvider.java:154)
	at org.apache.maven.surefire.junitplatform.JUnitPlatformProvider.invoke(JUnitPlatformProvider.java:123)
	at org.apache.maven.surefire.booter.ForkedBooter.runSuitesInProcess(ForkedBooter.java:377)
	at org.apache.maven.surefire.booter.ForkedBooter.execute(ForkedBooter.java:138)
	at org.apache.maven.surefire.booter.ForkedBooter.run(ForkedBooter.java:465)
	at org.apache.maven.surefire.booter.ForkedBooter.main(ForkedBooter.java:451)
2024-06-12 07:41:43,010 [main] ERROR ozone.HddsDatanodeService (HddsDatanodeService.java:stop(545)) - Stopping HttpServer is failed.
java.lang.InterruptedException
	at java.base/java.util.concurrent.locks.AbstractQueuedSynchronizer.tryAcquireSharedNanos(AbstractQueuedSynchronizer.java:1081)
	at java.base/java.util.concurrent.CountDownLatch.await(CountDownLatch.java:276)
	at org.eclipse.jetty.server.AbstractConnector.doStop(AbstractConnector.java:373)
	at org.eclipse.jetty.server.AbstractNetworkConnector.doStop(AbstractNetworkConnector.java:88)
	at org.eclipse.jetty.server.ServerConnector.doStop(ServerConnector.java:246)
	at org.eclipse.jetty.util.component.AbstractLifeCycle.stop(AbstractLifeCycle.java:94)
	at org.eclipse.jetty.server.Server.doStop(Server.java:459)
	at org.eclipse.jetty.util.component.AbstractLifeCycle.stop(AbstractLifeCycle.java:94)
	at org.apache.hadoop.hdds.server.http.HttpServer2.stop(HttpServer2.java:1364)
	at org.apache.hadoop.hdds.server.http.BaseHttpServer.stop(BaseHttpServer.java:339)
	at org.apache.hadoop.ozone.HddsDatanodeService.stop(HddsDatanodeService.java:543)
	at org.apache.hadoop.ozone.MiniOzoneClusterImpl.stopDatanode(MiniOzoneClusterImpl.java:479)
	at org.apache.hadoop.ozone.MiniOzoneClusterImpl.shutdownHddsDatanode(MiniOzoneClusterImpl.java:381)
	at org.apache.hadoop.ozone.MiniOzoneClusterImpl.shutdownHddsDatanode(MiniOzoneClusterImpl.java:386)
	at org.apache.hadoop.ozone.client.rpc.TestMultiBlockWritesWithDnFailures.testMultiBlockWritesWithDnFailures(TestMultiBlockWritesWithDnFailures.java:162)
	at java.base/jdk.internal.reflect.NativeMethodAccessorImpl.invoke0(Native Method)
	at java.base/jdk.internal.reflect.NativeMethodAccessorImpl.invoke(NativeMethodAccessorImpl.java:77)
	at java.base/jdk.internal.reflect.DelegatingMethodAccessorImpl.invoke(DelegatingMethodAccessorImpl.java:43)
	at java.base/java.lang.reflect.Method.invoke(Method.java:568)
	at org.junit.platform.commons.util.ReflectionUtils.invokeMethod(ReflectionUtils.java:728)
	at org.junit.jupiter.engine.execution.MethodInvocation.proceed(MethodInvocation.java:60)
	at org.junit.jupiter.engine.execution.InvocationInterceptorChain$ValidatingInvocation.proceed(InvocationInterceptorChain.java:131)
	at org.junit.jupiter.engine.extension.SameThreadTimeoutInvocation.proceed(SameThreadTimeoutInvocation.java:45)
	at org.junit.jupiter.engine.extension.TimeoutExtension.intercept(TimeoutExtension.java:156)
	at org.junit.jupiter.engine.extension.TimeoutExtension.interceptTestableMethod(TimeoutExtension.java:147)
	at org.junit.jupiter.engine.extension.TimeoutExtension.interceptTestMethod(TimeoutExtension.java:86)
	at org.junit.jupiter.engine.execution.InterceptingExecutableInvoker$ReflectiveInterceptorCall.lambda$ofVoidMethod$0(InterceptingExecutableInvoker.java:103)
	at org.junit.jupiter.engine.execution.InterceptingExecutableInvoker.lambda$invoke$0(InterceptingExecutableInvoker.java:93)
	at org.junit.jupiter.engine.execution.InvocationInterceptorChain$InterceptedInvocation.proceed(InvocationInterceptorChain.java:106)
	at org.junit.jupiter.engine.execution.InvocationInterceptorChain.proceed(InvocationInterceptorChain.java:64)
	at org.junit.jupiter.engine.execution.InvocationInterceptorChain.chainAndInvoke(InvocationInterceptorChain.java:45)
	at org.junit.jupiter.engine.execution.InvocationInterceptorChain.invoke(InvocationInterceptorChain.java:37)
	at org.junit.jupiter.engine.execution.InterceptingExecutableInvoker.invoke(InterceptingExecutableInvoker.java:92)
	at org.junit.jupiter.engine.execution.InterceptingExecutableInvoker.invoke(InterceptingExecutableInvoker.java:86)
	at org.junit.jupiter.engine.descriptor.TestMethodTestDescriptor.lambda$invokeTestMethod$7(TestMethodTestDescriptor.java:218)
	at org.junit.platform.engine.support.hierarchical.ThrowableCollector.execute(ThrowableCollector.java:73)
	at org.junit.jupiter.engine.descriptor.TestMethodTestDescriptor.invokeTestMethod(TestMethodTestDescriptor.java:214)
	at org.junit.jupiter.engine.descriptor.TestMethodTestDescriptor.execute(TestMethodTestDescriptor.java:139)
	at org.junit.jupiter.engine.descriptor.TestMethodTestDescriptor.execute(TestMethodTestDescriptor.java:69)
	at org.junit.platform.engine.support.hierarchical.NodeTestTask.lambda$executeRecursively$6(NodeTestTask.java:151)
	at org.junit.platform.engine.support.hierarchical.ThrowableCollector.execute(ThrowableCollector.java:73)
	at org.junit.platform.engine.support.hierarchical.NodeTestTask.lambda$executeRecursively$8(NodeTestTask.java:141)
	at org.junit.platform.engine.support.hierarchical.Node.around(Node.java:137)
	at org.junit.platform.engine.support.hierarchical.NodeTestTask.lambda$executeRecursively$9(NodeTestTask.java:139)
	at org.junit.platform.engine.support.hierarchical.ThrowableCollector.execute(ThrowableCollector.java:73)
	at org.junit.platform.engine.support.hierarchical.NodeTestTask.executeRecursively(NodeTestTask.java:138)
	at org.junit.platform.engine.support.hierarchical.NodeTestTask.execute(NodeTestTask.java:95)
	at java.base/java.util.ArrayList.forEach(ArrayList.java:1511)
	at org.junit.platform.engine.support.hierarchical.SameThreadHierarchicalTestExecutorService.invokeAll(SameThreadHierarchicalTestExecutorService.java:41)
	at org.junit.platform.engine.support.hierarchical.NodeTestTask.lambda$executeRecursively$6(NodeTestTask.java:155)
	at org.junit.platform.engine.support.hierarchical.ThrowableCollector.execute(ThrowableCollector.java:73)
	at org.junit.platform.engine.support.hierarchical.NodeTestTask.lambda$executeRecursively$8(NodeTestTask.java:141)
	at org.junit.platform.engine.support.hierarchical.Node.around(Node.java:137)
	at org.junit.platform.engine.support.hierarchical.NodeTestTask.lambda$executeRecursively$9(NodeTestTask.java:139)
	at org.junit.platform.engine.support.hierarchical.ThrowableCollector.execute(ThrowableCollector.java:73)
	at org.junit.platform.engine.support.hierarchical.NodeTestTask.executeRecursively(NodeTestTask.java:138)
	at org.junit.platform.engine.support.hierarchical.NodeTestTask.execute(NodeTestTask.java:95)
	at java.base/java.util.ArrayList.forEach(ArrayList.java:1511)
	at org.junit.platform.engine.support.hierarchical.SameThreadHierarchicalTestExecutorService.invokeAll(SameThreadHierarchicalTestExecutorService.java:41)
	at org.junit.platform.engine.support.hierarchical.NodeTestTask.lambda$executeRecursively$6(NodeTestTask.java:155)
	at org.junit.platform.engine.support.hierarchical.ThrowableCollector.execute(ThrowableCollector.java:73)
	at org.junit.platform.engine.support.hierarchical.NodeTestTask.lambda$executeRecursively$8(NodeTestTask.java:141)
	at org.junit.platform.engine.support.hierarchical.Node.around(Node.java:137)
	at org.junit.platform.engine.support.hierarchical.NodeTestTask.lambda$executeRecursively$9(NodeTestTask.java:139)
	at org.junit.platform.engine.support.hierarchical.ThrowableCollector.execute(ThrowableCollector.java:73)
	at org.junit.platform.engine.support.hierarchical.NodeTestTask.executeRecursively(NodeTestTask.java:138)
	at org.junit.platform.engine.support.hierarchical.NodeTestTask.execute(NodeTestTask.java:95)
	at org.junit.platform.engine.support.hierarchical.SameThreadHierarchicalTestExecutorService.submit(SameThreadHierarchicalTestExecutorService.java:35)
	at org.junit.platform.engine.support.hierarchical.HierarchicalTestExecutor.execute(HierarchicalTestExecutor.java:57)
	at org.junit.platform.engine.support.hierarchical.HierarchicalTestEngine.execute(HierarchicalTestEngine.java:54)
	at org.junit.platform.launcher.core.EngineExecutionOrchestrator.execute(EngineExecutionOrchestrator.java:198)
	at org.junit.platform.launcher.core.EngineExecutionOrchestrator.execute(EngineExecutionOrchestrator.java:169)
	at org.junit.platform.launcher.core.EngineExecutionOrchestrator.execute(EngineExecutionOrchestrator.java:93)
	at org.junit.platform.launcher.core.EngineExecutionOrchestrator.lambda$execute$0(EngineExecutionOrchestrator.java:58)
	at org.junit.platform.launcher.core.EngineExecutionOrchestrator.withInterceptedStreams(EngineExecutionOrchestrator.java:141)
	at org.junit.platform.launcher.core.EngineExecutionOrchestrator.execute(EngineExecutionOrchestrator.java:57)
	at org.junit.platform.launcher.core.DefaultLauncher.execute(DefaultLauncher.java:103)
	at org.junit.platform.launcher.core.DefaultLauncher.execute(DefaultLauncher.java:85)
	at org.junit.platform.launcher.core.DelegatingLauncher.execute(DelegatingLauncher.java:47)
	at org.junit.platform.launcher.core.SessionPerRequestLauncher.execute(SessionPerRequestLauncher.java:63)
	at org.apache.maven.surefire.junitplatform.JUnitPlatformProvider.invokeAllTests(JUnitPlatformProvider.java:154)
	at org.apache.maven.surefire.junitplatform.JUnitPlatformProvider.invoke(JUnitPlatformProvider.java:123)
	at org.apache.maven.surefire.booter.ForkedBooter.runSuitesInProcess(ForkedBooter.java:377)
	at org.apache.maven.surefire.booter.ForkedBooter.execute(ForkedBooter.java:138)
	at org.apache.maven.surefire.booter.ForkedBooter.run(ForkedBooter.java:465)
	at org.apache.maven.surefire.booter.ForkedBooter.main(ForkedBooter.java:451)
2024-06-12 07:41:43,010 [main] INFO  ozone.HddsDatanodeClientProtocolServer (HddsDatanodeClientProtocolServer.java:stop(83)) - Stopping the RPC server for Client Protocol
2024-06-12 07:41:43,010 [main] INFO  ipc.Server (Server.java:stop(3523)) - Stopping server on 15135
2024-06-12 07:41:43,011 [IPC Server Responder] INFO  ipc.Server (Server.java:run(1567)) - Stopping IPC Server Responder
2024-06-12 07:41:43,011 [IPC Server listener on 15135] INFO  ipc.Server (Server.java:run(1434)) - Stopping IPC Server listener on 15135
2024-06-12 07:41:43,012 [main] INFO  ozoneimpl.OzoneContainer (OzoneContainer.java:stop(481)) - Attempting to stop container services.
2024-06-12 07:41:43,012 [ContainerMetadataScanner] WARN  ozoneimpl.AbstractBackgroundContainerScanner (AbstractBackgroundContainerScanner.java:handleRemainingSleep(134)) - Background container scan was interrupted.
2024-06-12 07:41:43,012 [ContainerMetadataScanner] INFO  ozoneimpl.AbstractBackgroundContainerScanner (AbstractBackgroundContainerScanner.java:run(61)) - Thread[ContainerMetadataScanner,5,main] exiting.
2024-06-12 07:41:43,013 [main] INFO  ozoneimpl.BackgroundContainerDataScanner (BackgroundContainerDataScanner.java:shutdown(141)) - ContainerDataScanner(/home/runner/work/ozone/ozone/hadoop-ozone/integration-test/target/test-dir/MiniOzoneClusterImpl-63f03bc8-0399-4ce2-9c43-ca6ad8c463d8/ozone-meta/datanode-5/data-0/hdds) is shutting down. 
2024-06-12 07:41:43,013 [ContainerDataScanner(/home/runner/work/ozone/ozone/hadoop-ozone/integration-test/target/test-dir/MiniOzoneClusterImpl-63f03bc8-0399-4ce2-9c43-ca6ad8c463d8/ozone-meta/datanode-5/data-0/hdds)] WARN  ozoneimpl.AbstractBackgroundContainerScanner (AbstractBackgroundContainerScanner.java:handleRemainingSleep(134)) - Background container scan was interrupted.
2024-06-12 07:41:43,013 [ContainerDataScanner(/home/runner/work/ozone/ozone/hadoop-ozone/integration-test/target/test-dir/MiniOzoneClusterImpl-63f03bc8-0399-4ce2-9c43-ca6ad8c463d8/ozone-meta/datanode-5/data-0/hdds)] INFO  ozoneimpl.AbstractBackgroundContainerScanner (AbstractBackgroundContainerScanner.java:run(61)) - ContainerDataScanner(/home/runner/work/ozone/ozone/hadoop-ozone/integration-test/target/test-dir/MiniOzoneClusterImpl-63f03bc8-0399-4ce2-9c43-ca6ad8c463d8/ozone-meta/datanode-5/data-0/hdds, DS-60eb5a0c-6681-4266-9c0a-113caf78696c) exiting.
2024-06-12 07:41:43,013 [main] INFO  server.RaftServer (RaftServerProxy.java:lambda$close$9(416)) - ac495114-8bb8-4dac-b10f-46951d6cb650: close
2024-06-12 07:41:43,014 [ac495114-8bb8-4dac-b10f-46951d6cb650-impl-thread2] INFO  server.RaftServer$Division (RaftServerImpl.java:lambda$close$3(526)) - ac495114-8bb8-4dac-b10f-46951d6cb650@group-A20483CAC47C: shutdown
2024-06-12 07:41:43,014 [main] INFO  server.GrpcService (GrpcService.java:closeImpl(311)) - ac495114-8bb8-4dac-b10f-46951d6cb650: shutdown server org.apache.ratis.grpc.server.GrpcClientProtocolService now
2024-06-12 07:41:43,014 [ac495114-8bb8-4dac-b10f-46951d6cb650-impl-thread2] INFO  util.JmxRegister (JmxRegister.java:unregister(73)) - Successfully un-registered JMX Bean with object name Ratis:service=RaftServer,group=group-A20483CAC47C,id=ac495114-8bb8-4dac-b10f-46951d6cb650
2024-06-12 07:41:43,014 [ac495114-8bb8-4dac-b10f-46951d6cb650-impl-thread2] INFO  impl.RoleInfo (RoleInfo.java:shutdownFollowerState(110)) - ac495114-8bb8-4dac-b10f-46951d6cb650: shutdown ac495114-8bb8-4dac-b10f-46951d6cb650@group-A20483CAC47C-FollowerState
2024-06-12 07:41:43,014 [ac495114-8bb8-4dac-b10f-46951d6cb650-impl-thread3] INFO  server.RaftServer$Division (RaftServerImpl.java:lambda$close$3(526)) - ac495114-8bb8-4dac-b10f-46951d6cb650@group-0D11DC595847: shutdown
2024-06-12 07:41:43,014 [ac495114-8bb8-4dac-b10f-46951d6cb650-impl-thread3] INFO  util.JmxRegister (JmxRegister.java:unregister(73)) - Successfully un-registered JMX Bean with object name Ratis:service=RaftServer,group=group-0D11DC595847,id=ac495114-8bb8-4dac-b10f-46951d6cb650
2024-06-12 07:41:43,014 [ac495114-8bb8-4dac-b10f-46951d6cb650-impl-thread3] INFO  impl.RoleInfo (RoleInfo.java:shutdownLeaderState(94)) - ac495114-8bb8-4dac-b10f-46951d6cb650: shutdown ac495114-8bb8-4dac-b10f-46951d6cb650@group-0D11DC595847-LeaderStateImpl
2024-06-12 07:41:43,014 [ac495114-8bb8-4dac-b10f-46951d6cb650-impl-thread2] INFO  impl.StateMachineUpdater (StateMachineUpdater.java:stopAndJoin(157)) - ac495114-8bb8-4dac-b10f-46951d6cb650@group-A20483CAC47C-StateMachineUpdater: set stopIndex = 6
2024-06-12 07:41:43,014 [ac495114-8bb8-4dac-b10f-46951d6cb650@group-A20483CAC47C-StateMachineUpdater] INFO  ratis.ContainerStateMachine (ContainerStateMachine.java:takeSnapshot(355)) - group-A20483CAC47C: Taking a snapshot at:(t:2, i:6) file /home/runner/work/ozone/ozone/hadoop-ozone/integration-test/target/test-dir/MiniOzoneClusterImpl-63f03bc8-0399-4ce2-9c43-ca6ad8c463d8/ozone-meta/datanode-5/ratis/3c6756a6-c20a-4fdc-8f34-a20483cac47c/sm/snapshot.2_6
2024-06-12 07:41:43,014 [ac495114-8bb8-4dac-b10f-46951d6cb650-impl-thread4] INFO  server.RaftServer$Division (RaftServerImpl.java:lambda$close$3(526)) - ac495114-8bb8-4dac-b10f-46951d6cb650@group-886BF1B6D606: shutdown
2024-06-12 07:41:43,015 [ac495114-8bb8-4dac-b10f-46951d6cb650-impl-thread3] INFO  impl.PendingRequests (PendingRequests.java:sendNotLeaderResponses(289)) - ac495114-8bb8-4dac-b10f-46951d6cb650@group-0D11DC595847-PendingRequests: sendNotLeaderResponses
2024-06-12 07:41:43,015 [Thread-2417] INFO  server.GrpcServerProtocolClient (GrpcServerProtocolClient.java:close(103)) - 29194895-a428-4dbc-89d8-767dd839d7c3 Close channels
2024-06-12 07:41:43,014 [Thread-2416] INFO  server.GrpcServerProtocolClient (GrpcServerProtocolClient.java:close(103)) - 6f841693-a0f5-4238-8e94-5d49f60504b4 Close channels
2024-06-12 07:41:43,016 [ac495114-8bb8-4dac-b10f-46951d6cb650@group-0D11DC595847-StateMachineUpdater] INFO  ratis.ContainerStateMachine (ContainerStateMachine.java:takeSnapshot(355)) - group-0D11DC595847: Taking a snapshot at:(t:1, i:0) file /home/runner/work/ozone/ozone/hadoop-ozone/integration-test/target/test-dir/MiniOzoneClusterImpl-63f03bc8-0399-4ce2-9c43-ca6ad8c463d8/ozone-meta/datanode-5/ratis/c7f09077-2f85-4be4-8a52-0d11dc595847/sm/snapshot.1_0
2024-06-12 07:41:43,016 [ac495114-8bb8-4dac-b10f-46951d6cb650@group-A20483CAC47C-StateMachineUpdater] INFO  ratis.ContainerStateMachine (ContainerStateMachine.java:takeSnapshot(366)) - group-A20483CAC47C: Finished taking a snapshot at:(t:2, i:6) file:/home/runner/work/ozone/ozone/hadoop-ozone/integration-test/target/test-dir/MiniOzoneClusterImpl-63f03bc8-0399-4ce2-9c43-ca6ad8c463d8/ozone-meta/datanode-5/ratis/3c6756a6-c20a-4fdc-8f34-a20483cac47c/sm/snapshot.2_6 took: 2 ms
2024-06-12 07:41:43,016 [ac495114-8bb8-4dac-b10f-46951d6cb650@group-A20483CAC47C-StateMachineUpdater] INFO  impl.StateMachineUpdater (StateMachineUpdater.java:takeSnapshot(295)) - ac495114-8bb8-4dac-b10f-46951d6cb650@group-A20483CAC47C-StateMachineUpdater: Took a snapshot at index 6
2024-06-12 07:41:43,016 [ac495114-8bb8-4dac-b10f-46951d6cb650-impl-thread3] INFO  impl.StateMachineUpdater (StateMachineUpdater.java:stopAndJoin(157)) - ac495114-8bb8-4dac-b10f-46951d6cb650@group-0D11DC595847-StateMachineUpdater: set stopIndex = 0
2024-06-12 07:41:43,016 [ac495114-8bb8-4dac-b10f-46951d6cb650@group-A20483CAC47C-StateMachineUpdater] INFO  impl.StateMachineUpdater (StateMachineUpdater.java:lambda$new$0(98)) - ac495114-8bb8-4dac-b10f-46951d6cb650@group-A20483CAC47C-StateMachineUpdater: snapshotIndex: updateIncreasingly -1 -> 6
2024-06-12 07:41:43,017 [ac495114-8bb8-4dac-b10f-46951d6cb650@group-A20483CAC47C-FollowerState] INFO  impl.FollowerState (FollowerState.java:run(152)) - ac495114-8bb8-4dac-b10f-46951d6cb650@group-A20483CAC47C-FollowerState was interrupted
2024-06-12 07:41:43,016 [ac495114-8bb8-4dac-b10f-46951d6cb650@group-0D11DC595847-StateMachineUpdater] INFO  ratis.ContainerStateMachine (ContainerStateMachine.java:takeSnapshot(366)) - group-0D11DC595847: Finished taking a snapshot at:(t:1, i:0) file:/home/runner/work/ozone/ozone/hadoop-ozone/integration-test/target/test-dir/MiniOzoneClusterImpl-63f03bc8-0399-4ce2-9c43-ca6ad8c463d8/ozone-meta/datanode-5/ratis/c7f09077-2f85-4be4-8a52-0d11dc595847/sm/snapshot.1_0 took: 0 ms
2024-06-12 07:41:43,016 [main] INFO  server.GrpcService (GrpcService.java:closeImpl(320)) - ac495114-8bb8-4dac-b10f-46951d6cb650: shutdown server org.apache.ratis.grpc.server.GrpcClientProtocolService successfully
2024-06-12 07:41:43,017 [main] INFO  server.GrpcService (GrpcService.java:closeImpl(311)) - ac495114-8bb8-4dac-b10f-46951d6cb650: shutdown server GrpcServerProtocolService now
2024-06-12 07:41:43,017 [ac495114-8bb8-4dac-b10f-46951d6cb650@group-0D11DC595847-StateMachineUpdater] INFO  impl.StateMachineUpdater (StateMachineUpdater.java:takeSnapshot(295)) - ac495114-8bb8-4dac-b10f-46951d6cb650@group-0D11DC595847-StateMachineUpdater: Took a snapshot at index 0
2024-06-12 07:41:43,017 [ac495114-8bb8-4dac-b10f-46951d6cb650-impl-thread2] INFO  server.RaftServer$Division (ServerState.java:close(427)) - ac495114-8bb8-4dac-b10f-46951d6cb650@group-A20483CAC47C: applyIndex: 6
2024-06-12 07:41:43,017 [ac495114-8bb8-4dac-b10f-46951d6cb650@group-A20483CAC47C-cacheEviction-AwaitToRun] INFO  util.AwaitToRun (AwaitToRun.java:run(49)) - ac495114-8bb8-4dac-b10f-46951d6cb650@group-A20483CAC47C-cacheEviction-AwaitToRun-AwaitForSignal is interrupted
2024-06-12 07:41:43,017 [grpc-default-executor-2] WARN  server.GrpcServerProtocolService (LogUtils.java:warn(121)) - ac495114-8bb8-4dac-b10f-46951d6cb650: APPEND_ENTRIES onError, lastRequest: null: org.apache.ratis.thirdparty.io.grpc.StatusRuntimeException: CANCELLED: client cancelled
2024-06-12 07:41:43,018 [grpc-default-executor-3] WARN  server.GrpcServerProtocolService (LogUtils.java:warn(121)) - ac495114-8bb8-4dac-b10f-46951d6cb650: APPEND_ENTRIES onError, lastRequest: null: org.apache.ratis.thirdparty.io.grpc.StatusRuntimeException: CANCELLED: client cancelled
2024-06-12 07:41:43,016 [ac495114-8bb8-4dac-b10f-46951d6cb650-impl-thread4] INFO  util.JmxRegister (JmxRegister.java:unregister(73)) - Successfully un-registered JMX Bean with object name Ratis:service=RaftServer,group=group-886BF1B6D606,id=ac495114-8bb8-4dac-b10f-46951d6cb650
2024-06-12 07:41:43,018 [ac495114-8bb8-4dac-b10f-46951d6cb650-impl-thread4] INFO  impl.RoleInfo (RoleInfo.java:shutdownFollowerState(110)) - ac495114-8bb8-4dac-b10f-46951d6cb650: shutdown ac495114-8bb8-4dac-b10f-46951d6cb650@group-886BF1B6D606-FollowerState
2024-06-12 07:41:43,018 [grpc-default-executor-1] WARN  server.GrpcLogAppender (LogUtils.java:warn(121)) - 29194895-a428-4dbc-89d8-767dd839d7c3@group-A20483CAC47C->ac495114-8bb8-4dac-b10f-46951d6cb650-AppendLogResponseHandler: Failed appendEntries: org.apache.ratis.thirdparty.io.grpc.StatusRuntimeException: CANCELLED: RST_STREAM closed stream. HTTP/2 error code: CANCEL
2024-06-12 07:41:43,018 [grpc-default-executor-2] WARN  server.GrpcLogAppender (LogUtils.java:warn(121)) - 29194895-a428-4dbc-89d8-767dd839d7c3@group-886BF1B6D606->ac495114-8bb8-4dac-b10f-46951d6cb650-AppendLogResponseHandler: Failed appendEntries: org.apache.ratis.thirdparty.io.grpc.StatusRuntimeException: CANCELLED: RST_STREAM closed stream. HTTP/2 error code: CANCEL
2024-06-12 07:41:43,018 [grpc-default-executor-1] WARN  server.GrpcLogAppender (GrpcLogAppender.java:lambda$resetClient$1(217)) - 29194895-a428-4dbc-89d8-767dd839d7c3@group-A20483CAC47C->ac495114-8bb8-4dac-b10f-46951d6cb650-GrpcLogAppender: Follower failed (request=null, errorCount=1); keep nextIndex (7) unchanged and retry.
2024-06-12 07:41:43,017 [ac495114-8bb8-4dac-b10f-46951d6cb650@group-0D11DC595847-StateMachineUpdater] INFO  impl.StateMachineUpdater (StateMachineUpdater.java:lambda$new$0(98)) - ac495114-8bb8-4dac-b10f-46951d6cb650@group-0D11DC595847-StateMachineUpdater: snapshotIndex: updateIncreasingly -1 -> 0
2024-06-12 07:41:43,018 [ac495114-8bb8-4dac-b10f-46951d6cb650@group-886BF1B6D606-FollowerState] INFO  impl.FollowerState (FollowerState.java:run(152)) - ac495114-8bb8-4dac-b10f-46951d6cb650@group-886BF1B6D606-FollowerState was interrupted
2024-06-12 07:41:43,018 [grpc-default-executor-2] WARN  server.GrpcLogAppender (GrpcLogAppender.java:lambda$resetClient$1(217)) - 29194895-a428-4dbc-89d8-767dd839d7c3@group-886BF1B6D606->ac495114-8bb8-4dac-b10f-46951d6cb650-GrpcLogAppender: Follower failed (request=null, errorCount=1); keep nextIndex (1) unchanged and retry.
2024-06-12 07:41:43,018 [ac495114-8bb8-4dac-b10f-46951d6cb650@group-886BF1B6D606-StateMachineUpdater] INFO  ratis.ContainerStateMachine (ContainerStateMachine.java:takeSnapshot(355)) - group-886BF1B6D606: Taking a snapshot at:(t:1, i:0) file /home/runner/work/ozone/ozone/hadoop-ozone/integration-test/target/test-dir/MiniOzoneClusterImpl-63f03bc8-0399-4ce2-9c43-ca6ad8c463d8/ozone-meta/datanode-5/ratis/750c4273-4abe-4ab7-ae36-886bf1b6d606/sm/snapshot.1_0
2024-06-12 07:41:43,019 [ac495114-8bb8-4dac-b10f-46951d6cb650-impl-thread3] INFO  server.RaftServer$Division (ServerState.java:close(427)) - ac495114-8bb8-4dac-b10f-46951d6cb650@group-0D11DC595847: applyIndex: 0
2024-06-12 07:41:43,018 [ac495114-8bb8-4dac-b10f-46951d6cb650-impl-thread4] INFO  impl.StateMachineUpdater (StateMachineUpdater.java:stopAndJoin(157)) - ac495114-8bb8-4dac-b10f-46951d6cb650@group-886BF1B6D606-StateMachineUpdater: set stopIndex = 0
2024-06-12 07:41:43,019 [ac495114-8bb8-4dac-b10f-46951d6cb650@group-0D11DC595847-cacheEviction-AwaitToRun] INFO  util.AwaitToRun (AwaitToRun.java:run(49)) - ac495114-8bb8-4dac-b10f-46951d6cb650@group-0D11DC595847-cacheEviction-AwaitToRun-AwaitForSignal is interrupted
2024-06-12 07:41:43,019 [ac495114-8bb8-4dac-b10f-46951d6cb650@group-886BF1B6D606-StateMachineUpdater] INFO  ratis.ContainerStateMachine (ContainerStateMachine.java:takeSnapshot(366)) - group-886BF1B6D606: Finished taking a snapshot at:(t:1, i:0) file:/home/runner/work/ozone/ozone/hadoop-ozone/integration-test/target/test-dir/MiniOzoneClusterImpl-63f03bc8-0399-4ce2-9c43-ca6ad8c463d8/ozone-meta/datanode-5/ratis/750c4273-4abe-4ab7-ae36-886bf1b6d606/sm/snapshot.1_0 took: 1 ms
2024-06-12 07:41:43,020 [ac495114-8bb8-4dac-b10f-46951d6cb650@group-886BF1B6D606-StateMachineUpdater] INFO  impl.StateMachineUpdater (StateMachineUpdater.java:takeSnapshot(295)) - ac495114-8bb8-4dac-b10f-46951d6cb650@group-886BF1B6D606-StateMachineUpdater: Took a snapshot at index 0
2024-06-12 07:41:43,020 [ac495114-8bb8-4dac-b10f-46951d6cb650@group-886BF1B6D606-StateMachineUpdater] INFO  impl.StateMachineUpdater (StateMachineUpdater.java:lambda$new$0(98)) - ac495114-8bb8-4dac-b10f-46951d6cb650@group-886BF1B6D606-StateMachineUpdater: snapshotIndex: updateIncreasingly -1 -> 0
2024-06-12 07:41:43,020 [ac495114-8bb8-4dac-b10f-46951d6cb650-impl-thread4] INFO  server.RaftServer$Division (ServerState.java:close(427)) - ac495114-8bb8-4dac-b10f-46951d6cb650@group-886BF1B6D606: applyIndex: 0
2024-06-12 07:41:43,020 [ac495114-8bb8-4dac-b10f-46951d6cb650@group-886BF1B6D606-cacheEviction-AwaitToRun] INFO  util.AwaitToRun (AwaitToRun.java:run(49)) - ac495114-8bb8-4dac-b10f-46951d6cb650@group-886BF1B6D606-cacheEviction-AwaitToRun-AwaitForSignal is interrupted
2024-06-12 07:41:43,023 [grpc-default-executor-3] WARN  server.GrpcServerProtocolService (LogUtils.java:warn(121)) - ac495114-8bb8-4dac-b10f-46951d6cb650: APPEND_ENTRIES onError, lastRequest: 29194895-a428-4dbc-89d8-767dd839d7c3->ac495114-8bb8-4dac-b10f-46951d6cb650#210-t2,previous=(t:2, i:5),leaderCommit=5,initializing? false,entries: size=1, first=(t:2, i:6), METADATAENTRY(c:5): org.apache.ratis.thirdparty.io.grpc.StatusRuntimeException: CANCELLED: client cancelled
2024-06-12 07:41:43,024 [main] INFO  server.GrpcService (GrpcService.java:closeImpl(320)) - ac495114-8bb8-4dac-b10f-46951d6cb650: shutdown server GrpcServerProtocolService successfully
2024-06-12 07:41:43,024 [main] INFO  server.GrpcService (GrpcService.java:closeImpl(311)) - ac495114-8bb8-4dac-b10f-46951d6cb650: shutdown server org.apache.ratis.grpc.server.GrpcAdminProtocolService now
2024-06-12 07:41:43,024 [main] INFO  server.GrpcService (GrpcService.java:closeImpl(320)) - ac495114-8bb8-4dac-b10f-46951d6cb650: shutdown server org.apache.ratis.grpc.server.GrpcAdminProtocolService successfully
2024-06-12 07:41:43,027 [ac495114-8bb8-4dac-b10f-46951d6cb650-NettyServerStreamRpc-bossGroup--thread1] INFO  logging.LoggingHandler (AbstractInternalLogger.java:log(148)) - [id: 0x71a8efcf, L:/0.0.0.0:15149] CLOSE
2024-06-12 07:41:43,027 [ac495114-8bb8-4dac-b10f-46951d6cb650-NettyServerStreamRpc-bossGroup--thread1] INFO  logging.LoggingHandler (AbstractInternalLogger.java:log(148)) - [id: 0x71a8efcf, L:/0.0.0.0:15149] INACTIVE
2024-06-12 07:41:43,027 [ac495114-8bb8-4dac-b10f-46951d6cb650-NettyServerStreamRpc-bossGroup--thread1] INFO  logging.LoggingHandler (AbstractInternalLogger.java:log(148)) - [id: 0x71a8efcf, L:/0.0.0.0:15149] UNREGISTERED
2024-06-12 07:41:43,029 [grpc-default-executor-6] WARN  server.GrpcServerProtocolService (LogUtils.java:warn(121)) - ac495114-8bb8-4dac-b10f-46951d6cb650: APPEND_ENTRIES onError, lastRequest: 29194895-a428-4dbc-89d8-767dd839d7c3->ac495114-8bb8-4dac-b10f-46951d6cb650#1-t1,previous=(t:0, i:0),leaderCommit=-1,initializing? false,entries: size=1, first=(t:1, i:0), CONFIGURATIONENTRY(current:id: "6f841693-a0f5-4238-8e94-5d49f60504b4"
address: "127.0.0.1:15139"
dataStreamAddress: "127.0.0.1:15140"
clientAddress: "127.0.0.1:15137"
adminAddress: "127.0.0.1:15138"
startupRole: FOLLOWER
,id: "29194895-a428-4dbc-89d8-767dd839d7c3"
address: "127.0.0.1:15157"
priority: 1
dataStreamAddress: "127.0.0.1:15158"
clientAddress: "127.0.0.1:15155"
adminAddress: "127.0.0.1:15156"
startupRole: FOLLOWER
,id: "ac495114-8bb8-4dac-b10f-46951d6cb650"
address: "127.0.0.1:15148"
dataStreamAddress: "127.0.0.1:15149"
clientAddress: "127.0.0.1:15146"
adminAddress: "127.0.0.1:15147"
startupRole: FOLLOWER
, old:): org.apache.ratis.thirdparty.io.grpc.StatusRuntimeException: CANCELLED: client cancelled
2024-06-12 07:41:43,119 [BackgroundPipelineScrubber] INFO  pipeline.PipelineManagerImpl (PipelineManagerImpl.java:scrubPipelines(610)) - Scrubbing pipeline: id: PipelineID=3c6756a6-c20a-4fdc-8f34-a20483cac47c since it stays at CLOSED stage.
2024-06-12 07:41:43,120 [BackgroundPipelineScrubber] INFO  pipeline.RatisPipelineProvider (RatisPipelineProvider.java:lambda$close$4(270)) - Send pipeline:PipelineID=3c6756a6-c20a-4fdc-8f34-a20483cac47c close command to datanode 6f841693-a0f5-4238-8e94-5d49f60504b4
2024-06-12 07:41:43,120 [BackgroundPipelineScrubber] INFO  pipeline.RatisPipelineProvider (RatisPipelineProvider.java:lambda$close$4(270)) - Send pipeline:PipelineID=3c6756a6-c20a-4fdc-8f34-a20483cac47c close command to datanode ac495114-8bb8-4dac-b10f-46951d6cb650
2024-06-12 07:41:43,120 [BackgroundPipelineScrubber] INFO  pipeline.RatisPipelineProvider (RatisPipelineProvider.java:lambda$close$4(270)) - Send pipeline:PipelineID=3c6756a6-c20a-4fdc-8f34-a20483cac47c close command to datanode 29194895-a428-4dbc-89d8-767dd839d7c3
2024-06-12 07:41:43,120 [BackgroundPipelineScrubber] INFO  pipeline.PipelineManagerImpl (PipelineManagerImpl.java:removePipeline(459)) - Pipeline Pipeline[ Id: 3c6756a6-c20a-4fdc-8f34-a20483cac47c, Nodes: 6f841693-a0f5-4238-8e94-5d49f60504b4(localhost/127.0.0.1)ac495114-8bb8-4dac-b10f-46951d6cb650(localhost/127.0.0.1)29194895-a428-4dbc-89d8-767dd839d7c3(localhost/127.0.0.1), ReplicationConfig: RATIS/THREE, State:CLOSED, leaderId:29194895-a428-4dbc-89d8-767dd839d7c3, CreationTimestamp2024-06-12T07:36:48.367Z[Etc/UTC]] removed.
2024-06-12 07:41:43,120 [BackgroundPipelineScrubber] INFO  pipeline.PipelineManagerImpl (PipelineManagerImpl.java:scrubPipelines(610)) - Scrubbing pipeline: id: PipelineID=d1e616b0-b988-4dca-b8d3-c88d29d2180a since it stays at CLOSED stage.
2024-06-12 07:41:43,121 [BackgroundPipelineScrubber] INFO  pipeline.RatisPipelineProvider (RatisPipelineProvider.java:lambda$close$4(270)) - Send pipeline:PipelineID=d1e616b0-b988-4dca-b8d3-c88d29d2180a close command to datanode 6f841693-a0f5-4238-8e94-5d49f60504b4
2024-06-12 07:41:43,121 [BackgroundPipelineScrubber] INFO  pipeline.PipelineManagerImpl (PipelineManagerImpl.java:removePipeline(459)) - Pipeline Pipeline[ Id: d1e616b0-b988-4dca-b8d3-c88d29d2180a, Nodes: 6f841693-a0f5-4238-8e94-5d49f60504b4(localhost/127.0.0.1), ReplicationConfig: RATIS/ONE, State:CLOSED, leaderId:6f841693-a0f5-4238-8e94-5d49f60504b4, CreationTimestamp2024-06-12T07:36:48.232Z[Etc/UTC]] removed.
2024-06-12 07:41:43,121 [BackgroundPipelineScrubber] INFO  pipeline.PipelineManagerImpl (PipelineManagerImpl.java:scrubPipelines(610)) - Scrubbing pipeline: id: PipelineID=750c4273-4abe-4ab7-ae36-886bf1b6d606 since it stays at CLOSED stage.
2024-06-12 07:41:43,121 [BackgroundPipelineScrubber] INFO  pipeline.RatisPipelineProvider (RatisPipelineProvider.java:lambda$close$4(270)) - Send pipeline:PipelineID=750c4273-4abe-4ab7-ae36-886bf1b6d606 close command to datanode 6f841693-a0f5-4238-8e94-5d49f60504b4
2024-06-12 07:41:43,121 [BackgroundPipelineScrubber] INFO  pipeline.RatisPipelineProvider (RatisPipelineProvider.java:lambda$close$4(270)) - Send pipeline:PipelineID=750c4273-4abe-4ab7-ae36-886bf1b6d606 close command to datanode ac495114-8bb8-4dac-b10f-46951d6cb650
2024-06-12 07:41:43,121 [BackgroundPipelineScrubber] INFO  pipeline.RatisPipelineProvider (RatisPipelineProvider.java:lambda$close$4(270)) - Send pipeline:PipelineID=750c4273-4abe-4ab7-ae36-886bf1b6d606 close command to datanode 29194895-a428-4dbc-89d8-767dd839d7c3
2024-06-12 07:41:43,121 [BackgroundPipelineScrubber] INFO  pipeline.PipelineManagerImpl (PipelineManagerImpl.java:removePipeline(459)) - Pipeline Pipeline[ Id: 750c4273-4abe-4ab7-ae36-886bf1b6d606, Nodes: 6f841693-a0f5-4238-8e94-5d49f60504b4(localhost/127.0.0.1)ac495114-8bb8-4dac-b10f-46951d6cb650(localhost/127.0.0.1)29194895-a428-4dbc-89d8-767dd839d7c3(localhost/127.0.0.1), ReplicationConfig: RATIS/THREE, State:CLOSED, leaderId:29194895-a428-4dbc-89d8-767dd839d7c3, CreationTimestamp2024-06-12T07:36:48.369Z[Etc/UTC]] removed.
2024-06-12 07:41:43,130 [ReplicationMonitor] INFO  replication.ReplicationManager (ReplicationManager.java:processAll(402)) - Replication Monitor Thread took 3 milliseconds for processing 2 containers.
2024-06-12 07:41:43,483 [ac495114-8bb8-4dac-b10f-46951d6cb650-impl-thread3] INFO  segmented.SegmentedRaftLogWorker (SegmentedRaftLogWorker.java:close(245)) - ac495114-8bb8-4dac-b10f-46951d6cb650@group-0D11DC595847-SegmentedRaftLogWorker close()
2024-06-12 07:41:43,750 [ac495114-8bb8-4dac-b10f-46951d6cb650-impl-thread4] INFO  segmented.SegmentedRaftLogWorker (SegmentedRaftLogWorker.java:close(245)) - ac495114-8bb8-4dac-b10f-46951d6cb650@group-886BF1B6D606-SegmentedRaftLogWorker close()
2024-06-12 07:41:43,914 [ac495114-8bb8-4dac-b10f-46951d6cb650-impl-thread2] INFO  segmented.SegmentedRaftLogWorker (SegmentedRaftLogWorker.java:close(245)) - ac495114-8bb8-4dac-b10f-46951d6cb650@group-A20483CAC47C-SegmentedRaftLogWorker close()
2024-06-12 07:41:43,914 [JvmPauseMonitor18] INFO  util.JvmPauseMonitor (JvmPauseMonitor.java:run(152)) - JvmPauseMonitor-ac495114-8bb8-4dac-b10f-46951d6cb650: Stopped
2024-06-12 07:41:44,316 [29194895-a428-4dbc-89d8-767dd839d7c3@group-A20483CAC47C-LeaderStateImpl] WARN  server.RaftServer$Division (LeaderStateImpl.java:checkLeadership(1107)) - 29194895-a428-4dbc-89d8-767dd839d7c3@group-A20483CAC47C-LeaderStateImpl: Lost leadership on term: 2. Election timeout: 1200ms. In charge for: 289530ms. Conf: 0: peers:[6f841693-a0f5-4238-8e94-5d49f60504b4|127.0.0.1:15139, 29194895-a428-4dbc-89d8-767dd839d7c3|127.0.0.1:15157, ac495114-8bb8-4dac-b10f-46951d6cb650|127.0.0.1:15148]|listeners:[], old=null
2024-06-12 07:41:44,316 [29194895-a428-4dbc-89d8-767dd839d7c3@group-A20483CAC47C-LeaderStateImpl] WARN  server.RaftServer$Division (LeaderStateImpl.java:lambda$checkLeadership$21(1111)) - Follower 29194895-a428-4dbc-89d8-767dd839d7c3@group-A20483CAC47C->6f841693-a0f5-4238-8e94-5d49f60504b4(c-1,m-1,n7, caughtUp=true, lastRpcSendTime=1870, lastRpcResponseTime=290730)
2024-06-12 07:41:44,316 [29194895-a428-4dbc-89d8-767dd839d7c3@group-A20483CAC47C-LeaderStateImpl] WARN  server.RaftServer$Division (LeaderStateImpl.java:lambda$checkLeadership$21(1111)) - Follower 29194895-a428-4dbc-89d8-767dd839d7c3@group-A20483CAC47C->ac495114-8bb8-4dac-b10f-46951d6cb650(c6,m6,n7, caughtUp=true, lastRpcSendTime=50, lastRpcResponseTime=1559)
2024-06-12 07:41:44,316 [29194895-a428-4dbc-89d8-767dd839d7c3@group-A20483CAC47C-LeaderStateImpl] INFO  server.RaftServer$Division (RaftServerImpl.java:setRole(383)) - 29194895-a428-4dbc-89d8-767dd839d7c3@group-A20483CAC47C: changes role from    LEADER to FOLLOWER at term 2 for StepDownReason:LOST_MAJORITY_HEARTBEATS
2024-06-12 07:41:44,316 [29194895-a428-4dbc-89d8-767dd839d7c3@group-A20483CAC47C-LeaderStateImpl] INFO  impl.RoleInfo (RoleInfo.java:shutdownLeaderState(94)) - 29194895-a428-4dbc-89d8-767dd839d7c3: shutdown 29194895-a428-4dbc-89d8-767dd839d7c3@group-A20483CAC47C-LeaderStateImpl
2024-06-12 07:41:44,316 [29194895-a428-4dbc-89d8-767dd839d7c3@group-A20483CAC47C->6f841693-a0f5-4238-8e94-5d49f60504b4-GrpcLogAppender-LogAppenderDaemon] WARN  server.GrpcLogAppender (GrpcLogAppender.java:mayWait(289)) - 29194895-a428-4dbc-89d8-767dd839d7c3@group-A20483CAC47C->6f841693-a0f5-4238-8e94-5d49f60504b4-GrpcLogAppender: Wait interrupted by java.lang.InterruptedException
2024-06-12 07:41:44,316 [29194895-a428-4dbc-89d8-767dd839d7c3@group-A20483CAC47C-LeaderStateImpl] INFO  impl.PendingRequests (PendingRequests.java:sendNotLeaderResponses(289)) - 29194895-a428-4dbc-89d8-767dd839d7c3@group-A20483CAC47C-PendingRequests: sendNotLeaderResponses
2024-06-12 07:41:44,316 [29194895-a428-4dbc-89d8-767dd839d7c3@group-A20483CAC47C->ac495114-8bb8-4dac-b10f-46951d6cb650-GrpcLogAppender-LogAppenderDaemon] WARN  server.GrpcLogAppender (GrpcLogAppender.java:mayWait(289)) - 29194895-a428-4dbc-89d8-767dd839d7c3@group-A20483CAC47C->ac495114-8bb8-4dac-b10f-46951d6cb650-GrpcLogAppender: Wait interrupted by java.lang.InterruptedException
2024-06-12 07:41:44,317 [29194895-a428-4dbc-89d8-767dd839d7c3@group-A20483CAC47C-LeaderStateImpl] INFO  server.RaftServer$Division (ServerState.java:setLeader(269)) - 29194895-a428-4dbc-89d8-767dd839d7c3@group-A20483CAC47C: change Leader from 29194895-a428-4dbc-89d8-767dd839d7c3 to null at term 2 for StepDownReason:LOST_MAJORITY_HEARTBEATS
2024-06-12 07:41:44,317 [29194895-a428-4dbc-89d8-767dd839d7c3@group-A20483CAC47C-LeaderStateImpl] INFO  impl.RoleInfo (RoleInfo.java:updateAndGet(139)) - 29194895-a428-4dbc-89d8-767dd839d7c3: start 29194895-a428-4dbc-89d8-767dd839d7c3@group-A20483CAC47C-FollowerState
2024-06-12 07:41:44,352 [29194895-a428-4dbc-89d8-767dd839d7c3@group-886BF1B6D606-LeaderStateImpl] WARN  server.RaftServer$Division (LeaderStateImpl.java:checkLeadership(1107)) - 29194895-a428-4dbc-89d8-767dd839d7c3@group-886BF1B6D606-LeaderStateImpl: Lost leadership on term: 1. Election timeout: 1200ms. In charge for: 291660ms. Conf: 0: peers:[6f841693-a0f5-4238-8e94-5d49f60504b4|127.0.0.1:15139, 29194895-a428-4dbc-89d8-767dd839d7c3|127.0.0.1:15157, ac495114-8bb8-4dac-b10f-46951d6cb650|127.0.0.1:15148]|listeners:[], old=null
2024-06-12 07:41:44,352 [29194895-a428-4dbc-89d8-767dd839d7c3@group-886BF1B6D606-LeaderStateImpl] WARN  server.RaftServer$Division (LeaderStateImpl.java:lambda$checkLeadership$21(1111)) - Follower 29194895-a428-4dbc-89d8-767dd839d7c3@group-886BF1B6D606->6f841693-a0f5-4238-8e94-5d49f60504b4(c-1,m-1,n1, caughtUp=true, lastRpcSendTime=4258, lastRpcResponseTime=292859)
2024-06-12 07:41:44,352 [29194895-a428-4dbc-89d8-767dd839d7c3@group-886BF1B6D606-LeaderStateImpl] WARN  server.RaftServer$Division (LeaderStateImpl.java:lambda$checkLeadership$21(1111)) - Follower 29194895-a428-4dbc-89d8-767dd839d7c3@group-886BF1B6D606->ac495114-8bb8-4dac-b10f-46951d6cb650(c0,m0,n1, caughtUp=true, lastRpcSendTime=20, lastRpcResponseTime=1529)
2024-06-12 07:41:44,352 [29194895-a428-4dbc-89d8-767dd839d7c3@group-886BF1B6D606-LeaderStateImpl] INFO  server.RaftServer$Division (RaftServerImpl.java:setRole(383)) - 29194895-a428-4dbc-89d8-767dd839d7c3@group-886BF1B6D606: changes role from    LEADER to FOLLOWER at term 1 for StepDownReason:LOST_MAJORITY_HEARTBEATS
2024-06-12 07:41:44,352 [29194895-a428-4dbc-89d8-767dd839d7c3@group-886BF1B6D606-LeaderStateImpl] INFO  impl.RoleInfo (RoleInfo.java:shutdownLeaderState(94)) - 29194895-a428-4dbc-89d8-767dd839d7c3: shutdown 29194895-a428-4dbc-89d8-767dd839d7c3@group-886BF1B6D606-LeaderStateImpl
2024-06-12 07:41:44,352 [29194895-a428-4dbc-89d8-767dd839d7c3@group-886BF1B6D606->6f841693-a0f5-4238-8e94-5d49f60504b4-GrpcLogAppender-LogAppenderDaemon] WARN  server.GrpcLogAppender (GrpcLogAppender.java:mayWait(289)) - 29194895-a428-4dbc-89d8-767dd839d7c3@group-886BF1B6D606->6f841693-a0f5-4238-8e94-5d49f60504b4-GrpcLogAppender: Wait interrupted by java.lang.InterruptedException
2024-06-12 07:41:44,352 [29194895-a428-4dbc-89d8-767dd839d7c3@group-886BF1B6D606-LeaderStateImpl] INFO  impl.PendingRequests (PendingRequests.java:sendNotLeaderResponses(289)) - 29194895-a428-4dbc-89d8-767dd839d7c3@group-886BF1B6D606-PendingRequests: sendNotLeaderResponses
2024-06-12 07:41:44,353 [29194895-a428-4dbc-89d8-767dd839d7c3@group-886BF1B6D606->ac495114-8bb8-4dac-b10f-46951d6cb650-GrpcLogAppender-LogAppenderDaemon] WARN  server.GrpcLogAppender (GrpcLogAppender.java:mayWait(289)) - 29194895-a428-4dbc-89d8-767dd839d7c3@group-886BF1B6D606->ac495114-8bb8-4dac-b10f-46951d6cb650-GrpcLogAppender: Wait interrupted by java.lang.InterruptedException
2024-06-12 07:41:44,353 [29194895-a428-4dbc-89d8-767dd839d7c3@group-886BF1B6D606-LeaderStateImpl] INFO  server.RaftServer$Division (ServerState.java:setLeader(269)) - 29194895-a428-4dbc-89d8-767dd839d7c3@group-886BF1B6D606: change Leader from 29194895-a428-4dbc-89d8-767dd839d7c3 to null at term 1 for StepDownReason:LOST_MAJORITY_HEARTBEATS
2024-06-12 07:41:44,353 [29194895-a428-4dbc-89d8-767dd839d7c3@group-886BF1B6D606-LeaderStateImpl] INFO  impl.RoleInfo (RoleInfo.java:updateAndGet(139)) - 29194895-a428-4dbc-89d8-767dd839d7c3: start 29194895-a428-4dbc-89d8-767dd839d7c3@group-886BF1B6D606-FollowerState
2024-06-12 07:41:44,606 [timer0] WARN  server.GrpcLogAppender (LogUtils.java:warn(121)) - 29194895-a428-4dbc-89d8-767dd839d7c3@group-A20483CAC47C->6f841693-a0f5-4238-8e94-5d49f60504b4-AppendLogResponseHandler: Failed appendEntries (Repeated 4 times in the last 5.000s): org.apache.ratis.thirdparty.io.grpc.StatusRuntimeException: UNAVAILABLE: io exception
2024-06-12 07:41:44,606 [timer1] WARN  server.GrpcLogAppender (GrpcLogAppender.java:lambda$resetClient$1(217)) - 29194895-a428-4dbc-89d8-767dd839d7c3@group-A20483CAC47C->6f841693-a0f5-4238-8e94-5d49f60504b4-GrpcLogAppender: Follower failed (request=null, errorCount=146); keep nextIndex (7) unchanged and retry. (Repeated 4 times in the last 5.000s)
2024-06-12 07:41:45,374 [29194895-a428-4dbc-89d8-767dd839d7c3@group-886BF1B6D606-FollowerState] INFO  impl.FollowerState (FollowerState.java:lostMajorityHeartbeatsRecently(108)) - 29194895-a428-4dbc-89d8-767dd839d7c3@group-886BF1B6D606-FollowerState: Skipping leader election since it stepped down recently (elapsed = 1021ms < waitTime = 10s)
2024-06-12 07:41:45,482 [29194895-a428-4dbc-89d8-767dd839d7c3@group-A20483CAC47C-FollowerState] INFO  impl.FollowerState (FollowerState.java:lostMajorityHeartbeatsRecently(108)) - 29194895-a428-4dbc-89d8-767dd839d7c3@group-A20483CAC47C-FollowerState: Skipping leader election since it stepped down recently (elapsed = 1165ms < waitTime = 10s)
2024-06-12 07:41:45,917 [main] INFO  utils.DatanodeStoreCache (DatanodeStoreCache.java:shutdownCache(116)) - Skip clearing cache in mini cluster mode. Entries left: [/home/runner/work/ozone/ozone/hadoop-ozone/integration-test/target/test-dir/MiniOzoneClusterImpl-63f03bc8-0399-4ce2-9c43-ca6ad8c463d8/ozone-meta/datanode-1/data-0/hdds/63f03bc8-0399-4ce2-9c43-ca6ad8c463d8/DS-132f5b2d-85d7-402f-8427-44e8dd53bd35/container.db, /home/runner/work/ozone/ozone/hadoop-ozone/integration-test/target/test-dir/MiniOzoneClusterImpl-63f03bc8-0399-4ce2-9c43-ca6ad8c463d8/ozone-meta/datanode-2/data-0/hdds/63f03bc8-0399-4ce2-9c43-ca6ad8c463d8/DS-e552e796-c305-4dd5-95b2-8070ab08ff04/container.db, /home/runner/work/ozone/ozone/hadoop-ozone/integration-test/target/test-dir/MiniOzoneClusterImpl-63f03bc8-0399-4ce2-9c43-ca6ad8c463d8/ozone-meta/datanode-3/data-0/hdds/63f03bc8-0399-4ce2-9c43-ca6ad8c463d8/DS-769adfd5-b955-4210-9d4e-df0a26abcee9/container.db, /home/runner/work/ozone/ozone/hadoop-ozone/integration-test/target/test-dir/MiniOzoneClusterImpl-63f03bc8-0399-4ce2-9c43-ca6ad8c463d8/ozone-meta/datanode-5/data-0/hdds/63f03bc8-0399-4ce2-9c43-ca6ad8c463d8/DS-60eb5a0c-6681-4266-9c0a-113caf78696c/container.db, /home/runner/work/ozone/ozone/hadoop-ozone/integration-test/target/test-dir/MiniOzoneClusterImpl-63f03bc8-0399-4ce2-9c43-ca6ad8c463d8/ozone-meta/datanode-6/data-0/hdds/63f03bc8-0399-4ce2-9c43-ca6ad8c463d8/DS-aff25e3d-5612-491b-9f33-3fc32d9f6759/container.db]
2024-06-12 07:41:45,918 [main] INFO  utils.DatanodeStoreCache (DatanodeStoreCache.java:removeDB(110)) - Removed db /home/runner/work/ozone/ozone/hadoop-ozone/integration-test/target/test-dir/MiniOzoneClusterImpl-63f03bc8-0399-4ce2-9c43-ca6ad8c463d8/ozone-meta/datanode-5/data-0/hdds/63f03bc8-0399-4ce2-9c43-ca6ad8c463d8/DS-60eb5a0c-6681-4266-9c0a-113caf78696c/container.db from cache
2024-06-12 07:41:45,918 [main] INFO  volume.HddsVolume (HddsVolume.java:closeDbStore(470)) - SchemaV3 db is stopped at /home/runner/work/ozone/ozone/hadoop-ozone/integration-test/target/test-dir/MiniOzoneClusterImpl-63f03bc8-0399-4ce2-9c43-ca6ad8c463d8/ozone-meta/datanode-5/data-0/hdds/63f03bc8-0399-4ce2-9c43-ca6ad8c463d8/DS-60eb5a0c-6681-4266-9c0a-113caf78696c/container.db for volume DS-60eb5a0c-6681-4266-9c0a-113caf78696c
2024-06-12 07:41:45,918 [main] INFO  utils.BackgroundService (BackgroundService.java:shutdown(160)) - Shutting down service BlockDeletingService
2024-06-12 07:41:45,920 [main] INFO  utils.BackgroundService (BackgroundService.java:shutdown(160)) - Shutting down service StaleRecoveringContainerScrubbingService
2024-06-12 07:41:45,926 [main] INFO  statemachine.DatanodeStateMachine (DatanodeStateMachine.java:stopDaemon(628)) - Ozone container server stopped.
2024-06-12 07:41:45,926 [main] INFO  handler.ContextHandler (ContextHandler.java:doStop(1159)) - Stopped o.e.j.w.WebAppContext@7d6406c8{hddsDatanode,/,null,STOPPED}{file:/home/runner/work/ozone/ozone/hadoop-hdds/container-service/target/classes/webapps/hddsDatanode}
2024-06-12 07:41:45,927 [main] INFO  server.AbstractConnector (AbstractConnector.java:doStop(383)) - Stopped ServerConnector@37b98741{HTTP/1.1, (http/1.1)}{0.0.0.0:15143}
2024-06-12 07:41:45,927 [main] INFO  server.session (HouseKeeper.java:stopScavenging(149)) - node0 Stopped scavenging
2024-06-12 07:41:45,928 [main] INFO  handler.ContextHandler (ContextHandler.java:doStop(1159)) - Stopped o.e.j.s.ServletContextHandler@517fd762{static,/static,file:///home/runner/work/ozone/ozone/hadoop-hdds/container-service/target/classes/webapps/static,STOPPED}
2024-06-12 07:41:45,928 [main] INFO  handler.ContextHandler (ContextHandler.java:doStop(1159)) - Stopped o.e.j.s.ServletContextHandler@58cce034{logs,/logs,file:///home/runner/work/ozone/ozone/hadoop-ozone/integration-test/target/log,STOPPED}
2024-06-12 07:41:45,929 [main] INFO  ozone.HddsDatanodeClientProtocolServer (HddsDatanodeClientProtocolServer.java:stop(83)) - Stopping the RPC server for Client Protocol
2024-06-12 07:41:45,929 [main] INFO  ipc.Server (Server.java:stop(3523)) - Stopping server on 15144
2024-06-12 07:41:45,929 [IPC Server listener on 15144] INFO  ipc.Server (Server.java:run(1434)) - Stopping IPC Server listener on 15144
2024-06-12 07:41:45,929 [IPC Server Responder] INFO  ipc.Server (Server.java:run(1567)) - Stopping IPC Server Responder
2024-06-12 07:41:45,933 [29194895-a428-4dbc-89d8-767dd839d7c3-PipelineCommandHandlerThread-0] WARN  commandhandler.ClosePipelineCommandHandler (ClosePipelineCommandHandler.java:lambda$handle$1(132)) - Failed to remove group group-A20483CAC47C of pipeline PipelineID=3c6756a6-c20a-4fdc-8f34-a20483cac47c on peer 6f841693-a0f5-4238-8e94-5d49f60504b4
java.io.IOException: org.apache.ratis.thirdparty.io.grpc.StatusRuntimeException: UNAVAILABLE: io exception
	at org.apache.ratis.grpc.GrpcUtil.unwrapException(GrpcUtil.java:99)
	at org.apache.ratis.grpc.client.GrpcClientProtocolClient.blockingCall(GrpcClientProtocolClient.java:223)
	at org.apache.ratis.grpc.client.GrpcClientProtocolClient.groupAdd(GrpcClientProtocolClient.java:170)
	at org.apache.ratis.grpc.client.GrpcClientRpc.sendRequest(GrpcClientRpc.java:98)
	at org.apache.ratis.client.impl.BlockingImpl.sendRequest(BlockingImpl.java:145)
	at org.apache.ratis.client.impl.BlockingImpl.sendRequestWithRetry(BlockingImpl.java:109)
	at org.apache.ratis.client.impl.GroupManagementImpl.remove(GroupManagementImpl.java:61)
	at org.apache.hadoop.ozone.container.common.statemachine.commandhandler.ClosePipelineCommandHandler.lambda$handle$1(ClosePipelineCommandHandler.java:124)
	at java.base/java.util.stream.ForEachOps$ForEachOp$OfRef.accept(ForEachOps.java:183)
	at java.base/java.util.stream.ReferencePipeline$2$1.accept(ReferencePipeline.java:179)
	at java.base/java.util.HashMap$ValueSpliterator.forEachRemaining(HashMap.java:1779)
	at java.base/java.util.stream.AbstractPipeline.copyInto(AbstractPipeline.java:509)
	at java.base/java.util.stream.AbstractPipeline.wrapAndCopyInto(AbstractPipeline.java:499)
	at java.base/java.util.stream.ForEachOps$ForEachOp.evaluateSequential(ForEachOps.java:150)
	at java.base/java.util.stream.ForEachOps$ForEachOp$OfRef.evaluateSequential(ForEachOps.java:173)
	at java.base/java.util.stream.AbstractPipeline.evaluate(AbstractPipeline.java:234)
	at java.base/java.util.stream.ReferencePipeline.forEach(ReferencePipeline.java:596)
	at org.apache.hadoop.ozone.container.common.statemachine.commandhandler.ClosePipelineCommandHandler.lambda$handle$2(ClosePipelineCommandHandler.java:121)
	at java.base/java.util.concurrent.CompletableFuture$AsyncRun.run(CompletableFuture.java:1804)
	at java.base/java.util.concurrent.ThreadPoolExecutor.runWorker(ThreadPoolExecutor.java:1136)
	at java.base/java.util.concurrent.ThreadPoolExecutor$Worker.run(ThreadPoolExecutor.java:635)
	at java.base/java.lang.Thread.run(Thread.java:840)
Caused by: org.apache.ratis.thirdparty.io.grpc.StatusRuntimeException: UNAVAILABLE: io exception
	at org.apache.ratis.thirdparty.io.grpc.stub.ClientCalls.toStatusRuntimeException(ClientCalls.java:268)
	at org.apache.ratis.thirdparty.io.grpc.stub.ClientCalls.getUnchecked(ClientCalls.java:249)
	at org.apache.ratis.thirdparty.io.grpc.stub.ClientCalls.blockingUnaryCall(ClientCalls.java:167)
	at org.apache.ratis.proto.grpc.AdminProtocolServiceGrpc$AdminProtocolServiceBlockingStub.groupManagement(AdminProtocolServiceGrpc.java:468)
	at org.apache.ratis.grpc.client.GrpcClientProtocolClient.lambda$groupAdd$5(GrpcClientProtocolClient.java:172)
	at org.apache.ratis.grpc.client.GrpcClientProtocolClient.blockingCall(GrpcClientProtocolClient.java:221)
	... 20 more
Caused by: org.apache.ratis.thirdparty.io.netty.channel.AbstractChannel$AnnotatedConnectException: finishConnect(..) failed: Connection refused: /127.0.0.1:15138
Caused by: java.net.ConnectException: finishConnect(..) failed: Connection refused
	at org.apache.ratis.thirdparty.io.netty.channel.unix.Errors.newConnectException0(Errors.java:166)
	at org.apache.ratis.thirdparty.io.netty.channel.unix.Errors.handleConnectErrno(Errors.java:131)
	at org.apache.ratis.thirdparty.io.netty.channel.unix.Socket.finishConnect(Socket.java:359)
	at org.apache.ratis.thirdparty.io.netty.channel.epoll.AbstractEpollChannel$AbstractEpollUnsafe.doFinishConnect(AbstractEpollChannel.java:710)
	at org.apache.ratis.thirdparty.io.netty.channel.epoll.AbstractEpollChannel$AbstractEpollUnsafe.finishConnect(AbstractEpollChannel.java:687)
	at org.apache.ratis.thirdparty.io.netty.channel.epoll.AbstractEpollChannel$AbstractEpollUnsafe.epollOutReady(AbstractEpollChannel.java:567)
	at org.apache.ratis.thirdparty.io.netty.channel.epoll.EpollEventLoop.processReady(EpollEventLoop.java:499)
	at org.apache.ratis.thirdparty.io.netty.channel.epoll.EpollEventLoop.run(EpollEventLoop.java:407)
	at org.apache.ratis.thirdparty.io.netty.util.concurrent.SingleThreadEventExecutor$4.run(SingleThreadEventExecutor.java:997)
	at org.apache.ratis.thirdparty.io.netty.util.internal.ThreadExecutorMap$2.run(ThreadExecutorMap.java:74)
	at org.apache.ratis.thirdparty.io.netty.util.concurrent.FastThreadLocalRunnable.run(FastThreadLocalRunnable.java:30)
	at java.base/java.lang.Thread.run(Thread.java:840)
2024-06-12 07:41:45,937 [29194895-a428-4dbc-89d8-767dd839d7c3-PipelineCommandHandlerThread-0] WARN  commandhandler.ClosePipelineCommandHandler (ClosePipelineCommandHandler.java:lambda$handle$1(132)) - Failed to remove group group-A20483CAC47C of pipeline PipelineID=3c6756a6-c20a-4fdc-8f34-a20483cac47c on peer ac495114-8bb8-4dac-b10f-46951d6cb650
java.io.IOException: org.apache.ratis.thirdparty.io.grpc.StatusRuntimeException: UNAVAILABLE: io exception
	at org.apache.ratis.grpc.GrpcUtil.unwrapException(GrpcUtil.java:99)
	at org.apache.ratis.grpc.client.GrpcClientProtocolClient.blockingCall(GrpcClientProtocolClient.java:223)
	at org.apache.ratis.grpc.client.GrpcClientProtocolClient.groupAdd(GrpcClientProtocolClient.java:170)
	at org.apache.ratis.grpc.client.GrpcClientRpc.sendRequest(GrpcClientRpc.java:98)
	at org.apache.ratis.client.impl.BlockingImpl.sendRequest(BlockingImpl.java:145)
	at org.apache.ratis.client.impl.BlockingImpl.sendRequestWithRetry(BlockingImpl.java:109)
	at org.apache.ratis.client.impl.GroupManagementImpl.remove(GroupManagementImpl.java:61)
	at org.apache.hadoop.ozone.container.common.statemachine.commandhandler.ClosePipelineCommandHandler.lambda$handle$1(ClosePipelineCommandHandler.java:124)
	at java.base/java.util.stream.ForEachOps$ForEachOp$OfRef.accept(ForEachOps.java:183)
	at java.base/java.util.stream.ReferencePipeline$2$1.accept(ReferencePipeline.java:179)
	at java.base/java.util.HashMap$ValueSpliterator.forEachRemaining(HashMap.java:1779)
	at java.base/java.util.stream.AbstractPipeline.copyInto(AbstractPipeline.java:509)
	at java.base/java.util.stream.AbstractPipeline.wrapAndCopyInto(AbstractPipeline.java:499)
	at java.base/java.util.stream.ForEachOps$ForEachOp.evaluateSequential(ForEachOps.java:150)
	at java.base/java.util.stream.ForEachOps$ForEachOp$OfRef.evaluateSequential(ForEachOps.java:173)
	at java.base/java.util.stream.AbstractPipeline.evaluate(AbstractPipeline.java:234)
	at java.base/java.util.stream.ReferencePipeline.forEach(ReferencePipeline.java:596)
	at org.apache.hadoop.ozone.container.common.statemachine.commandhandler.ClosePipelineCommandHandler.lambda$handle$2(ClosePipelineCommandHandler.java:121)
	at java.base/java.util.concurrent.CompletableFuture$AsyncRun.run(CompletableFuture.java:1804)
	at java.base/java.util.concurrent.ThreadPoolExecutor.runWorker(ThreadPoolExecutor.java:1136)
	at java.base/java.util.concurrent.ThreadPoolExecutor$Worker.run(ThreadPoolExecutor.java:635)
	at java.base/java.lang.Thread.run(Thread.java:840)
Caused by: org.apache.ratis.thirdparty.io.grpc.StatusRuntimeException: UNAVAILABLE: io exception
	at org.apache.ratis.thirdparty.io.grpc.stub.ClientCalls.toStatusRuntimeException(ClientCalls.java:268)
	at org.apache.ratis.thirdparty.io.grpc.stub.ClientCalls.getUnchecked(ClientCalls.java:249)
	at org.apache.ratis.thirdparty.io.grpc.stub.ClientCalls.blockingUnaryCall(ClientCalls.java:167)
	at org.apache.ratis.proto.grpc.AdminProtocolServiceGrpc$AdminProtocolServiceBlockingStub.groupManagement(AdminProtocolServiceGrpc.java:468)
	at org.apache.ratis.grpc.client.GrpcClientProtocolClient.lambda$groupAdd$5(GrpcClientProtocolClient.java:172)
	at org.apache.ratis.grpc.client.GrpcClientProtocolClient.blockingCall(GrpcClientProtocolClient.java:221)
	... 20 more
Caused by: org.apache.ratis.thirdparty.io.netty.channel.AbstractChannel$AnnotatedConnectException: finishConnect(..) failed: Connection refused: /127.0.0.1:15147
Caused by: java.net.ConnectException: finishConnect(..) failed: Connection refused
	at org.apache.ratis.thirdparty.io.netty.channel.unix.Errors.newConnectException0(Errors.java:166)
	at org.apache.ratis.thirdparty.io.netty.channel.unix.Errors.handleConnectErrno(Errors.java:131)
	at org.apache.ratis.thirdparty.io.netty.channel.unix.Socket.finishConnect(Socket.java:359)
	at org.apache.ratis.thirdparty.io.netty.channel.epoll.AbstractEpollChannel$AbstractEpollUnsafe.doFinishConnect(AbstractEpollChannel.java:710)
	at org.apache.ratis.thirdparty.io.netty.channel.epoll.AbstractEpollChannel$AbstractEpollUnsafe.finishConnect(AbstractEpollChannel.java:687)
	at org.apache.ratis.thirdparty.io.netty.channel.epoll.AbstractEpollChannel$AbstractEpollUnsafe.epollOutReady(AbstractEpollChannel.java:567)
	at org.apache.ratis.thirdparty.io.netty.channel.epoll.EpollEventLoop.processReady(EpollEventLoop.java:499)
	at org.apache.ratis.thirdparty.io.netty.channel.epoll.EpollEventLoop.run(EpollEventLoop.java:407)
	at org.apache.ratis.thirdparty.io.netty.util.concurrent.SingleThreadEventExecutor$4.run(SingleThreadEventExecutor.java:997)
	at org.apache.ratis.thirdparty.io.netty.util.internal.ThreadExecutorMap$2.run(ThreadExecutorMap.java:74)
	at org.apache.ratis.thirdparty.io.netty.util.concurrent.FastThreadLocalRunnable.run(FastThreadLocalRunnable.java:30)
	at java.base/java.lang.Thread.run(Thread.java:840)
2024-06-12 07:41:45,937 [29194895-a428-4dbc-89d8-767dd839d7c3-PipelineCommandHandlerThread-0] INFO  server.RaftServer (RaftServerProxy.java:remove(111)) - 29194895-a428-4dbc-89d8-767dd839d7c3: remove  FOLLOWER 29194895-a428-4dbc-89d8-767dd839d7c3@group-A20483CAC47C:t2, leader=null, voted=29194895-a428-4dbc-89d8-767dd839d7c3, raftlog=Memoized:29194895-a428-4dbc-89d8-767dd839d7c3@group-A20483CAC47C-SegmentedRaftLog:OPENED:c6, conf=0: peers:[6f841693-a0f5-4238-8e94-5d49f60504b4|127.0.0.1:15139, 29194895-a428-4dbc-89d8-767dd839d7c3|127.0.0.1:15157, ac495114-8bb8-4dac-b10f-46951d6cb650|127.0.0.1:15148]|listeners:[], old=null RUNNING
2024-06-12 07:41:45,939 [29194895-a428-4dbc-89d8-767dd839d7c3-PipelineCommandHandlerThread-0] INFO  server.RaftServer$Division (RaftServerImpl.java:lambda$close$3(526)) - 29194895-a428-4dbc-89d8-767dd839d7c3@group-A20483CAC47C: shutdown
2024-06-12 07:41:45,939 [29194895-a428-4dbc-89d8-767dd839d7c3-PipelineCommandHandlerThread-0] INFO  util.JmxRegister (JmxRegister.java:unregister(73)) - Successfully un-registered JMX Bean with object name Ratis:service=RaftServer,group=group-A20483CAC47C,id=29194895-a428-4dbc-89d8-767dd839d7c3
2024-06-12 07:41:45,939 [29194895-a428-4dbc-89d8-767dd839d7c3-PipelineCommandHandlerThread-0] INFO  impl.RoleInfo (RoleInfo.java:shutdownFollowerState(110)) - 29194895-a428-4dbc-89d8-767dd839d7c3: shutdown 29194895-a428-4dbc-89d8-767dd839d7c3@group-A20483CAC47C-FollowerState
2024-06-12 07:41:45,939 [29194895-a428-4dbc-89d8-767dd839d7c3-PipelineCommandHandlerThread-0] INFO  impl.StateMachineUpdater (StateMachineUpdater.java:stopAndJoin(157)) - 29194895-a428-4dbc-89d8-767dd839d7c3@group-A20483CAC47C-StateMachineUpdater: set stopIndex = 6
2024-06-12 07:41:45,939 [29194895-a428-4dbc-89d8-767dd839d7c3@group-A20483CAC47C-FollowerState] INFO  impl.FollowerState (FollowerState.java:run(152)) - 29194895-a428-4dbc-89d8-767dd839d7c3@group-A20483CAC47C-FollowerState was interrupted
2024-06-12 07:41:45,939 [29194895-a428-4dbc-89d8-767dd839d7c3@group-A20483CAC47C-StateMachineUpdater] INFO  ratis.ContainerStateMachine (ContainerStateMachine.java:takeSnapshot(355)) - group-A20483CAC47C: Taking a snapshot at:(t:2, i:6) file /home/runner/work/ozone/ozone/hadoop-ozone/integration-test/target/test-dir/MiniOzoneClusterImpl-63f03bc8-0399-4ce2-9c43-ca6ad8c463d8/ozone-meta/datanode-6/ratis/3c6756a6-c20a-4fdc-8f34-a20483cac47c/sm/snapshot.2_6
2024-06-12 07:41:45,941 [29194895-a428-4dbc-89d8-767dd839d7c3@group-A20483CAC47C-StateMachineUpdater] INFO  ratis.ContainerStateMachine (ContainerStateMachine.java:takeSnapshot(366)) - group-A20483CAC47C: Finished taking a snapshot at:(t:2, i:6) file:/home/runner/work/ozone/ozone/hadoop-ozone/integration-test/target/test-dir/MiniOzoneClusterImpl-63f03bc8-0399-4ce2-9c43-ca6ad8c463d8/ozone-meta/datanode-6/ratis/3c6756a6-c20a-4fdc-8f34-a20483cac47c/sm/snapshot.2_6 took: 2 ms
2024-06-12 07:41:45,941 [29194895-a428-4dbc-89d8-767dd839d7c3@group-A20483CAC47C-StateMachineUpdater] INFO  impl.StateMachineUpdater (StateMachineUpdater.java:takeSnapshot(295)) - 29194895-a428-4dbc-89d8-767dd839d7c3@group-A20483CAC47C-StateMachineUpdater: Took a snapshot at index 6
2024-06-12 07:41:45,941 [29194895-a428-4dbc-89d8-767dd839d7c3@group-A20483CAC47C-StateMachineUpdater] INFO  impl.StateMachineUpdater (StateMachineUpdater.java:lambda$new$0(98)) - 29194895-a428-4dbc-89d8-767dd839d7c3@group-A20483CAC47C-StateMachineUpdater: snapshotIndex: updateIncreasingly -1 -> 6
2024-06-12 07:41:45,941 [29194895-a428-4dbc-89d8-767dd839d7c3-PipelineCommandHandlerThread-0] INFO  server.RaftServer$Division (ServerState.java:close(427)) - 29194895-a428-4dbc-89d8-767dd839d7c3@group-A20483CAC47C: applyIndex: 6
2024-06-12 07:41:45,941 [29194895-a428-4dbc-89d8-767dd839d7c3@group-A20483CAC47C-cacheEviction-AwaitToRun] INFO  util.AwaitToRun (AwaitToRun.java:run(49)) - 29194895-a428-4dbc-89d8-767dd839d7c3@group-A20483CAC47C-cacheEviction-AwaitToRun-AwaitForSignal is interrupted
2024-06-12 07:41:45,957 [main] ERROR impl.OrderedAsync (OrderedAsync.java:lambda$sendRequest$9(247)) - client-0A22FB32616E: Failed* RaftClientRequest:client-0A22FB32616E->29194895-a428-4dbc-89d8-767dd839d7c3@group-A20483CAC47C, cid=111, seq=4, RW, cmdType: WriteChunk
traceID: ""
containerID: 2
datanodeUuid: "6f841693-a0f5-4238-8e94-5d49f60504b4"
writeChunk {
  blockID {
    containerID: 2
    localID: 113750153625600002
    blockCommitSequenceId: 2
    replicaIndex: 0
  }
  chunkData {
    chunkName: "113750153625600002_chunk_2"
    offset: 1048576
    len: 1048576
    checksumData {
      type: CRC32
      bytesPerChecksum: 16384
      checksums: "\326\360U\321"
      checksums: "\326\360U\321"
      checksums: "\326\360U\321"
      checksums: "\326\360U\321"
      checksums: "\326\360U\321"
      checksums: "\326\360U\321"
      checksums: "\326\360U\321"
      checksums: "\326\360U\321"
      checksums: "\326\360U\321"
      checksums: "\326\360U\321"
      checksums: "\326\360U\321"
      checksums: "\326\360U\321"
      checksums: "\326\360U\321"
      checksums: "\326\360U\321"
      checksums: "\326\360U\321"
      checksums: "\326\360U\321"
      checksums: "\326\360U\321"
      checksums: "\326\360U\321"
      checksums: "\326\360U\321"
      checksums: "\326\360U\321"
      checksums: "\326\360U\321"
      checksums: "\326\360U\321"
      checksums: "\326\360U\321"
      checksums: "\326\360U\321"
      checksums: "\326\360U\321"
      checksums: "\326\360U\321"
      checksums: "\326\360U\321"
      checksums: "\326\360U\321"
      checksums: "\326\360U\321"
      checksums: "\326\360U\321"
      checksums: "\326\360U\321"
      checksums: "\326\360U\321"
      checksums: "\326\360U\321"
      checksums: "\326\360U\321"
      checksums: "\326\360U\321"
      checksums: "\326\360U\321"
      checksums: "\326\360U\321"
      checksums: "\326\360U\321"
      checksums: "\326\360U\321"
      checksums: "\326\360U\321"
      checksums: "\326\360U\321"
      checksums: "\326\360U\321"
      checksums: "\326\360U\321"
      checksums: "\326\360U\321"
      checksums: "\326\360U\321"
      checksums: "\326\360U\321"
      checksums: "\326\360U\321"
      checksums: "\326\360U\321"
      checksums: "\326\360U\321"
      checksums: "\326\360U\321"
      checksums: "\326\360U\321"
      checksums: "\326\360U\321"
      checksums: "\326\360U\321"
      checksums: "\326\360U\321"
      checksums: "\326\360U\321"
      checksums: "\326\360U\321"
      checksums: "\326\360U\321"
      checksums: "\326\360U\321"
      checksums: "\326\360U\321"
      checksums: "\326\360U\321"
      checksums: "\326\360U\321"
      checksums: "\326\360U\321"
      checksums: "\326\360U\321"
      checksums: "\326\360U\321"
    }
  }
}
, data.size=1048576
java.util.concurrent.CompletionException: org.apache.ratis.protocol.exceptions.AlreadyClosedException: client-0A22FB32616E->29194895-a428-4dbc-89d8-767dd839d7c3 is closed.
	at java.base/java.util.concurrent.CompletableFuture.encodeThrowable(CompletableFuture.java:332)
	at java.base/java.util.concurrent.CompletableFuture.uniApplyNow(CompletableFuture.java:674)
	at java.base/java.util.concurrent.CompletableFuture.uniApplyStage(CompletableFuture.java:662)
	at java.base/java.util.concurrent.CompletableFuture.thenApply(CompletableFuture.java:2168)
	at org.apache.ratis.client.impl.OrderedAsync.sendRequest(OrderedAsync.java:239)
	at org.apache.ratis.client.impl.OrderedAsync.sendRequestWithRetry(OrderedAsync.java:203)
	at org.apache.ratis.util.SlidingWindow$Client.sendOrDelayRequest(SlidingWindow.java:303)
	at org.apache.ratis.util.SlidingWindow$Client.submitNewRequest(SlidingWindow.java:291)
	at org.apache.ratis.client.impl.OrderedAsync.send(OrderedAsync.java:171)
	at org.apache.ratis.client.impl.AsyncImpl.send(AsyncImpl.java:41)
	at org.apache.ratis.client.impl.AsyncImpl.send(AsyncImpl.java:46)
	at org.apache.hadoop.hdds.scm.XceiverClientRatis.lambda$sendRequestAsync$2(XceiverClientRatis.java:238)
	at org.apache.hadoop.hdds.tracing.TracingUtil.executeInSpan(TracingUtil.java:169)
	at org.apache.hadoop.hdds.tracing.TracingUtil.executeInNewSpan(TracingUtil.java:159)
	at org.apache.hadoop.hdds.scm.XceiverClientRatis.sendRequestAsync(XceiverClientRatis.java:223)
	at org.apache.hadoop.hdds.scm.XceiverClientRatis.sendCommandAsync(XceiverClientRatis.java:326)
	at org.apache.hadoop.hdds.scm.storage.ContainerProtocolCalls.writeChunkAsync(ContainerProtocolCalls.java:434)
	at org.apache.hadoop.hdds.scm.storage.BlockOutputStream.writeChunkToContainer(BlockOutputStream.java:720)
	at org.apache.hadoop.hdds.scm.storage.BlockOutputStream.writeChunk(BlockOutputStream.java:538)
	at org.apache.hadoop.hdds.scm.storage.BlockOutputStream.writeChunkIfNeeded(BlockOutputStream.java:267)
	at org.apache.hadoop.hdds.scm.storage.BlockOutputStream.write(BlockOutputStream.java:290)
	at org.apache.hadoop.ozone.client.io.BlockOutputStreamEntry.write(BlockOutputStreamEntry.java:137)
	at org.apache.hadoop.ozone.client.io.KeyOutputStream.writeToOutputStream(KeyOutputStream.java:250)
	at org.apache.hadoop.ozone.client.io.KeyOutputStream.handleWrite(KeyOutputStream.java:228)
	at org.apache.hadoop.ozone.client.io.KeyOutputStream.write(KeyOutputStream.java:208)
	at org.apache.hadoop.ozone.client.io.OzoneOutputStream.write(OzoneOutputStream.java:94)
	at java.base/java.io.OutputStream.write(OutputStream.java:127)
	at org.apache.hadoop.ozone.client.rpc.TestMultiBlockWritesWithDnFailures.testMultiBlockWritesWithDnFailures(TestMultiBlockWritesWithDnFailures.java:167)
	at java.base/jdk.internal.reflect.NativeMethodAccessorImpl.invoke0(Native Method)
	at java.base/jdk.internal.reflect.NativeMethodAccessorImpl.invoke(NativeMethodAccessorImpl.java:77)
	at java.base/jdk.internal.reflect.DelegatingMethodAccessorImpl.invoke(DelegatingMethodAccessorImpl.java:43)
	at java.base/java.lang.reflect.Method.invoke(Method.java:568)
	at org.junit.platform.commons.util.ReflectionUtils.invokeMethod(ReflectionUtils.java:728)
	at org.junit.jupiter.engine.execution.MethodInvocation.proceed(MethodInvocation.java:60)
	at org.junit.jupiter.engine.execution.InvocationInterceptorChain$ValidatingInvocation.proceed(InvocationInterceptorChain.java:131)
	at org.junit.jupiter.engine.extension.SameThreadTimeoutInvocation.proceed(SameThreadTimeoutInvocation.java:45)
	at org.junit.jupiter.engine.extension.TimeoutExtension.intercept(TimeoutExtension.java:156)
	at org.junit.jupiter.engine.extension.TimeoutExtension.interceptTestableMethod(TimeoutExtension.java:147)
	at org.junit.jupiter.engine.extension.TimeoutExtension.interceptTestMethod(TimeoutExtension.java:86)
	at org.junit.jupiter.engine.execution.InterceptingExecutableInvoker$ReflectiveInterceptorCall.lambda$ofVoidMethod$0(InterceptingExecutableInvoker.java:103)
	at org.junit.jupiter.engine.execution.InterceptingExecutableInvoker.lambda$invoke$0(InterceptingExecutableInvoker.java:93)
	at org.junit.jupiter.engine.execution.InvocationInterceptorChain$InterceptedInvocation.proceed(InvocationInterceptorChain.java:106)
	at org.junit.jupiter.engine.execution.InvocationInterceptorChain.proceed(InvocationInterceptorChain.java:64)
	at org.junit.jupiter.engine.execution.InvocationInterceptorChain.chainAndInvoke(InvocationInterceptorChain.java:45)
	at org.junit.jupiter.engine.execution.InvocationInterceptorChain.invoke(InvocationInterceptorChain.java:37)
	at org.junit.jupiter.engine.execution.InterceptingExecutableInvoker.invoke(InterceptingExecutableInvoker.java:92)
	at org.junit.jupiter.engine.execution.InterceptingExecutableInvoker.invoke(InterceptingExecutableInvoker.java:86)
	at org.junit.jupiter.engine.descriptor.TestMethodTestDescriptor.lambda$invokeTestMethod$7(TestMethodTestDescriptor.java:218)
	at org.junit.platform.engine.support.hierarchical.ThrowableCollector.execute(ThrowableCollector.java:73)
	at org.junit.jupiter.engine.descriptor.TestMethodTestDescriptor.invokeTestMethod(TestMethodTestDescriptor.java:214)
	at org.junit.jupiter.engine.descriptor.TestMethodTestDescriptor.execute(TestMethodTestDescriptor.java:139)
	at org.junit.jupiter.engine.descriptor.TestMethodTestDescriptor.execute(TestMethodTestDescriptor.java:69)
	at org.junit.platform.engine.support.hierarchical.NodeTestTask.lambda$executeRecursively$6(NodeTestTask.java:151)
	at org.junit.platform.engine.support.hierarchical.ThrowableCollector.execute(ThrowableCollector.java:73)
	at org.junit.platform.engine.support.hierarchical.NodeTestTask.lambda$executeRecursively$8(NodeTestTask.java:141)
	at org.junit.platform.engine.support.hierarchical.Node.around(Node.java:137)
	at org.junit.platform.engine.support.hierarchical.NodeTestTask.lambda$executeRecursively$9(NodeTestTask.java:139)
	at org.junit.platform.engine.support.hierarchical.ThrowableCollector.execute(ThrowableCollector.java:73)
	at org.junit.platform.engine.support.hierarchical.NodeTestTask.executeRecursively(NodeTestTask.java:138)
	at org.junit.platform.engine.support.hierarchical.NodeTestTask.execute(NodeTestTask.java:95)
	at java.base/java.util.ArrayList.forEach(ArrayList.java:1511)
	at org.junit.platform.engine.support.hierarchical.SameThreadHierarchicalTestExecutorService.invokeAll(SameThreadHierarchicalTestExecutorService.java:41)
	at org.junit.platform.engine.support.hierarchical.NodeTestTask.lambda$executeRecursively$6(NodeTestTask.java:155)
	at org.junit.platform.engine.support.hierarchical.ThrowableCollector.execute(ThrowableCollector.java:73)
	at org.junit.platform.engine.support.hierarchical.NodeTestTask.lambda$executeRecursively$8(NodeTestTask.java:141)
	at org.junit.platform.engine.support.hierarchical.Node.around(Node.java:137)
	at org.junit.platform.engine.support.hierarchical.NodeTestTask.lambda$executeRecursively$9(NodeTestTask.java:139)
	at org.junit.platform.engine.support.hierarchical.ThrowableCollector.execute(ThrowableCollector.java:73)
	at org.junit.platform.engine.support.hierarchical.NodeTestTask.executeRecursively(NodeTestTask.java:138)
	at org.junit.platform.engine.support.hierarchical.NodeTestTask.execute(NodeTestTask.java:95)
	at java.base/java.util.ArrayList.forEach(ArrayList.java:1511)
	at org.junit.platform.engine.support.hierarchical.SameThreadHierarchicalTestExecutorService.invokeAll(SameThreadHierarchicalTestExecutorService.java:41)
	at org.junit.platform.engine.support.hierarchical.NodeTestTask.lambda$executeRecursively$6(NodeTestTask.java:155)
	at org.junit.platform.engine.support.hierarchical.ThrowableCollector.execute(ThrowableCollector.java:73)
	at org.junit.platform.engine.support.hierarchical.NodeTestTask.lambda$executeRecursively$8(NodeTestTask.java:141)
	at org.junit.platform.engine.support.hierarchical.Node.around(Node.java:137)
	at org.junit.platform.engine.support.hierarchical.NodeTestTask.lambda$executeRecursively$9(NodeTestTask.java:139)
	at org.junit.platform.engine.support.hierarchical.ThrowableCollector.execute(ThrowableCollector.java:73)
	at org.junit.platform.engine.support.hierarchical.NodeTestTask.executeRecursively(NodeTestTask.java:138)
	at org.junit.platform.engine.support.hierarchical.NodeTestTask.execute(NodeTestTask.java:95)
	at org.junit.platform.engine.support.hierarchical.SameThreadHierarchicalTestExecutorService.submit(SameThreadHierarchicalTestExecutorService.java:35)
	at org.junit.platform.engine.support.hierarchical.HierarchicalTestExecutor.execute(HierarchicalTestExecutor.java:57)
	at org.junit.platform.engine.support.hierarchical.HierarchicalTestEngine.execute(HierarchicalTestEngine.java:54)
	at org.junit.platform.launcher.core.EngineExecutionOrchestrator.execute(EngineExecutionOrchestrator.java:198)
	at org.junit.platform.launcher.core.EngineExecutionOrchestrator.execute(EngineExecutionOrchestrator.java:169)
	at org.junit.platform.launcher.core.EngineExecutionOrchestrator.execute(EngineExecutionOrchestrator.java:93)
	at org.junit.platform.launcher.core.EngineExecutionOrchestrator.lambda$execute$0(EngineExecutionOrchestrator.java:58)
	at org.junit.platform.launcher.core.EngineExecutionOrchestrator.withInterceptedStreams(EngineExecutionOrchestrator.java:141)
	at org.junit.platform.launcher.core.EngineExecutionOrchestrator.execute(EngineExecutionOrchestrator.java:57)
	at org.junit.platform.launcher.core.DefaultLauncher.execute(DefaultLauncher.java:103)
	at org.junit.platform.launcher.core.DefaultLauncher.execute(DefaultLauncher.java:85)
	at org.junit.platform.launcher.core.DelegatingLauncher.execute(DelegatingLauncher.java:47)
	at org.junit.platform.launcher.core.SessionPerRequestLauncher.execute(SessionPerRequestLauncher.java:63)
	at org.apache.maven.surefire.junitplatform.JUnitPlatformProvider.invokeAllTests(JUnitPlatformProvider.java:154)
	at org.apache.maven.surefire.junitplatform.JUnitPlatformProvider.invoke(JUnitPlatformProvider.java:123)
	at org.apache.maven.surefire.booter.ForkedBooter.runSuitesInProcess(ForkedBooter.java:377)
	at org.apache.maven.surefire.booter.ForkedBooter.execute(ForkedBooter.java:138)
	at org.apache.maven.surefire.booter.ForkedBooter.run(ForkedBooter.java:465)
	at org.apache.maven.surefire.booter.ForkedBooter.main(ForkedBooter.java:451)
Caused by: org.apache.ratis.protocol.exceptions.AlreadyClosedException: client-0A22FB32616E->29194895-a428-4dbc-89d8-767dd839d7c3 is closed.
	at org.apache.ratis.grpc.client.GrpcClientProtocolClient$AsyncStreamObservers.onNext(GrpcClientProtocolClient.java:349)
	at org.apache.ratis.grpc.client.GrpcClientRpc.sendRequestAsync(GrpcClientRpc.java:71)
	... 95 more
2024-06-12 07:41:46,089 [86e236ad-53d7-40fc-9454-d100b30595d4-BlockDeletingService#1] INFO  interfaces.ContainerDeletionChoosingPolicyTemplate (ContainerDeletionChoosingPolicyTemplate.java:chooseContainerForBlockDeletion(85)) - Chosen 0/5000 blocks from 0 candidate containers.
2024-06-12 07:41:46,138 [893f21cf-1739-427a-a93c-5929db1902c5-BlockDeletingService#1] INFO  interfaces.ContainerDeletionChoosingPolicyTemplate (ContainerDeletionChoosingPolicyTemplate.java:chooseContainerForBlockDeletion(85)) - Chosen 0/5000 blocks from 0 candidate containers.
2024-06-12 07:41:46,208 [8c3b1af4-43ff-4c22-ad10-b37d9e41628a-BlockDeletingService#1] INFO  interfaces.ContainerDeletionChoosingPolicyTemplate (ContainerDeletionChoosingPolicyTemplate.java:chooseContainerForBlockDeletion(85)) - Chosen 0/5000 blocks from 0 candidate containers.
2024-06-12 07:41:46,396 [29194895-a428-4dbc-89d8-767dd839d7c3-BlockDeletingService#1] INFO  interfaces.ContainerDeletionChoosingPolicyTemplate (ContainerDeletionChoosingPolicyTemplate.java:chooseContainerForBlockDeletion(85)) - Chosen 0/5000 blocks from 0 candidate containers.
2024-06-12 07:41:46,497 [29194895-a428-4dbc-89d8-767dd839d7c3@group-886BF1B6D606-FollowerState] INFO  impl.FollowerState (FollowerState.java:lostMajorityHeartbeatsRecently(108)) - 29194895-a428-4dbc-89d8-767dd839d7c3@group-886BF1B6D606-FollowerState: Skipping leader election since it stepped down recently (elapsed = 2144ms < waitTime = 10s)
2024-06-12 07:41:46,914 [29194895-a428-4dbc-89d8-767dd839d7c3-PipelineCommandHandlerThread-0] INFO  segmented.SegmentedRaftLogWorker (SegmentedRaftLogWorker.java:close(245)) - 29194895-a428-4dbc-89d8-767dd839d7c3@group-A20483CAC47C-SegmentedRaftLogWorker close()
2024-06-12 07:41:46,916 [29194895-a428-4dbc-89d8-767dd839d7c3-PipelineCommandHandlerThread-0] INFO  server.RaftServer$Division (RaftServerImpl.java:groupRemove(496)) - 29194895-a428-4dbc-89d8-767dd839d7c3@group-A20483CAC47C: Succeed to remove RaftStorageDirectory Storage Directory /home/runner/work/ozone/ozone/hadoop-ozone/integration-test/target/test-dir/MiniOzoneClusterImpl-63f03bc8-0399-4ce2-9c43-ca6ad8c463d8/ozone-meta/datanode-6/ratis/3c6756a6-c20a-4fdc-8f34-a20483cac47c
2024-06-12 07:41:46,916 [29194895-a428-4dbc-89d8-767dd839d7c3-PipelineCommandHandlerThread-0] INFO  commandhandler.ClosePipelineCommandHandler (ClosePipelineCommandHandler.java:lambda$handle$2(140)) - Close Pipeline PipelineID=3c6756a6-c20a-4fdc-8f34-a20483cac47c command on datanode 29194895-a428-4dbc-89d8-767dd839d7c3.
2024-06-12 07:41:46,919 [29194895-a428-4dbc-89d8-767dd839d7c3-PipelineCommandHandlerThread-0] WARN  commandhandler.ClosePipelineCommandHandler (ClosePipelineCommandHandler.java:lambda$handle$1(132)) - Failed to remove group group-886BF1B6D606 of pipeline PipelineID=750c4273-4abe-4ab7-ae36-886bf1b6d606 on peer 6f841693-a0f5-4238-8e94-5d49f60504b4
java.io.IOException: org.apache.ratis.thirdparty.io.grpc.StatusRuntimeException: UNAVAILABLE: io exception
	at org.apache.ratis.grpc.GrpcUtil.unwrapException(GrpcUtil.java:99)
	at org.apache.ratis.grpc.client.GrpcClientProtocolClient.blockingCall(GrpcClientProtocolClient.java:223)
	at org.apache.ratis.grpc.client.GrpcClientProtocolClient.groupAdd(GrpcClientProtocolClient.java:170)
	at org.apache.ratis.grpc.client.GrpcClientRpc.sendRequest(GrpcClientRpc.java:98)
	at org.apache.ratis.client.impl.BlockingImpl.sendRequest(BlockingImpl.java:145)
	at org.apache.ratis.client.impl.BlockingImpl.sendRequestWithRetry(BlockingImpl.java:109)
	at org.apache.ratis.client.impl.GroupManagementImpl.remove(GroupManagementImpl.java:61)
	at org.apache.hadoop.ozone.container.common.statemachine.commandhandler.ClosePipelineCommandHandler.lambda$handle$1(ClosePipelineCommandHandler.java:124)
	at java.base/java.util.stream.ForEachOps$ForEachOp$OfRef.accept(ForEachOps.java:183)
	at java.base/java.util.stream.ReferencePipeline$2$1.accept(ReferencePipeline.java:179)
	at java.base/java.util.HashMap$ValueSpliterator.forEachRemaining(HashMap.java:1779)
	at java.base/java.util.stream.AbstractPipeline.copyInto(AbstractPipeline.java:509)
	at java.base/java.util.stream.AbstractPipeline.wrapAndCopyInto(AbstractPipeline.java:499)
	at java.base/java.util.stream.ForEachOps$ForEachOp.evaluateSequential(ForEachOps.java:150)
	at java.base/java.util.stream.ForEachOps$ForEachOp$OfRef.evaluateSequential(ForEachOps.java:173)
	at java.base/java.util.stream.AbstractPipeline.evaluate(AbstractPipeline.java:234)
	at java.base/java.util.stream.ReferencePipeline.forEach(ReferencePipeline.java:596)
	at org.apache.hadoop.ozone.container.common.statemachine.commandhandler.ClosePipelineCommandHandler.lambda$handle$2(ClosePipelineCommandHandler.java:121)
	at java.base/java.util.concurrent.CompletableFuture$AsyncRun.run(CompletableFuture.java:1804)
	at java.base/java.util.concurrent.ThreadPoolExecutor.runWorker(ThreadPoolExecutor.java:1136)
	at java.base/java.util.concurrent.ThreadPoolExecutor$Worker.run(ThreadPoolExecutor.java:635)
	at java.base/java.lang.Thread.run(Thread.java:840)
Caused by: org.apache.ratis.thirdparty.io.grpc.StatusRuntimeException: UNAVAILABLE: io exception
	at org.apache.ratis.thirdparty.io.grpc.stub.ClientCalls.toStatusRuntimeException(ClientCalls.java:268)
	at org.apache.ratis.thirdparty.io.grpc.stub.ClientCalls.getUnchecked(ClientCalls.java:249)
	at org.apache.ratis.thirdparty.io.grpc.stub.ClientCalls.blockingUnaryCall(ClientCalls.java:167)
	at org.apache.ratis.proto.grpc.AdminProtocolServiceGrpc$AdminProtocolServiceBlockingStub.groupManagement(AdminProtocolServiceGrpc.java:468)
	at org.apache.ratis.grpc.client.GrpcClientProtocolClient.lambda$groupAdd$5(GrpcClientProtocolClient.java:172)
	at org.apache.ratis.grpc.client.GrpcClientProtocolClient.blockingCall(GrpcClientProtocolClient.java:221)
	... 20 more
Caused by: org.apache.ratis.thirdparty.io.netty.channel.AbstractChannel$AnnotatedConnectException: finishConnect(..) failed: Connection refused: /127.0.0.1:15138
Caused by: java.net.ConnectException: finishConnect(..) failed: Connection refused
	at org.apache.ratis.thirdparty.io.netty.channel.unix.Errors.newConnectException0(Errors.java:166)
	at org.apache.ratis.thirdparty.io.netty.channel.unix.Errors.handleConnectErrno(Errors.java:131)
	at org.apache.ratis.thirdparty.io.netty.channel.unix.Socket.finishConnect(Socket.java:359)
	at org.apache.ratis.thirdparty.io.netty.channel.epoll.AbstractEpollChannel$AbstractEpollUnsafe.doFinishConnect(AbstractEpollChannel.java:710)
	at org.apache.ratis.thirdparty.io.netty.channel.epoll.AbstractEpollChannel$AbstractEpollUnsafe.finishConnect(AbstractEpollChannel.java:687)
	at org.apache.ratis.thirdparty.io.netty.channel.epoll.AbstractEpollChannel$AbstractEpollUnsafe.epollOutReady(AbstractEpollChannel.java:567)
	at org.apache.ratis.thirdparty.io.netty.channel.epoll.EpollEventLoop.processReady(EpollEventLoop.java:499)
	at org.apache.ratis.thirdparty.io.netty.channel.epoll.EpollEventLoop.run(EpollEventLoop.java:407)
	at org.apache.ratis.thirdparty.io.netty.util.concurrent.SingleThreadEventExecutor$4.run(SingleThreadEventExecutor.java:997)
	at org.apache.ratis.thirdparty.io.netty.util.internal.ThreadExecutorMap$2.run(ThreadExecutorMap.java:74)
	at org.apache.ratis.thirdparty.io.netty.util.concurrent.FastThreadLocalRunnable.run(FastThreadLocalRunnable.java:30)
	at java.base/java.lang.Thread.run(Thread.java:840)
2024-06-12 07:41:46,922 [29194895-a428-4dbc-89d8-767dd839d7c3-PipelineCommandHandlerThread-0] WARN  commandhandler.ClosePipelineCommandHandler (ClosePipelineCommandHandler.java:lambda$handle$1(132)) - Failed to remove group group-886BF1B6D606 of pipeline PipelineID=750c4273-4abe-4ab7-ae36-886bf1b6d606 on peer ac495114-8bb8-4dac-b10f-46951d6cb650
java.io.IOException: org.apache.ratis.thirdparty.io.grpc.StatusRuntimeException: UNAVAILABLE: io exception
	at org.apache.ratis.grpc.GrpcUtil.unwrapException(GrpcUtil.java:99)
	at org.apache.ratis.grpc.client.GrpcClientProtocolClient.blockingCall(GrpcClientProtocolClient.java:223)
	at org.apache.ratis.grpc.client.GrpcClientProtocolClient.groupAdd(GrpcClientProtocolClient.java:170)
	at org.apache.ratis.grpc.client.GrpcClientRpc.sendRequest(GrpcClientRpc.java:98)
	at org.apache.ratis.client.impl.BlockingImpl.sendRequest(BlockingImpl.java:145)
	at org.apache.ratis.client.impl.BlockingImpl.sendRequestWithRetry(BlockingImpl.java:109)
	at org.apache.ratis.client.impl.GroupManagementImpl.remove(GroupManagementImpl.java:61)
	at org.apache.hadoop.ozone.container.common.statemachine.commandhandler.ClosePipelineCommandHandler.lambda$handle$1(ClosePipelineCommandHandler.java:124)
	at java.base/java.util.stream.ForEachOps$ForEachOp$OfRef.accept(ForEachOps.java:183)
	at java.base/java.util.stream.ReferencePipeline$2$1.accept(ReferencePipeline.java:179)
	at java.base/java.util.HashMap$ValueSpliterator.forEachRemaining(HashMap.java:1779)
	at java.base/java.util.stream.AbstractPipeline.copyInto(AbstractPipeline.java:509)
	at java.base/java.util.stream.AbstractPipeline.wrapAndCopyInto(AbstractPipeline.java:499)
	at java.base/java.util.stream.ForEachOps$ForEachOp.evaluateSequential(ForEachOps.java:150)
	at java.base/java.util.stream.ForEachOps$ForEachOp$OfRef.evaluateSequential(ForEachOps.java:173)
	at java.base/java.util.stream.AbstractPipeline.evaluate(AbstractPipeline.java:234)
	at java.base/java.util.stream.ReferencePipeline.forEach(ReferencePipeline.java:596)
	at org.apache.hadoop.ozone.container.common.statemachine.commandhandler.ClosePipelineCommandHandler.lambda$handle$2(ClosePipelineCommandHandler.java:121)
	at java.base/java.util.concurrent.CompletableFuture$AsyncRun.run(CompletableFuture.java:1804)
	at java.base/java.util.concurrent.ThreadPoolExecutor.runWorker(ThreadPoolExecutor.java:1136)
	at java.base/java.util.concurrent.ThreadPoolExecutor$Worker.run(ThreadPoolExecutor.java:635)
	at java.base/java.lang.Thread.run(Thread.java:840)
Caused by: org.apache.ratis.thirdparty.io.grpc.StatusRuntimeException: UNAVAILABLE: io exception
	at org.apache.ratis.thirdparty.io.grpc.stub.ClientCalls.toStatusRuntimeException(ClientCalls.java:268)
	at org.apache.ratis.thirdparty.io.grpc.stub.ClientCalls.getUnchecked(ClientCalls.java:249)
	at org.apache.ratis.thirdparty.io.grpc.stub.ClientCalls.blockingUnaryCall(ClientCalls.java:167)
	at org.apache.ratis.proto.grpc.AdminProtocolServiceGrpc$AdminProtocolServiceBlockingStub.groupManagement(AdminProtocolServiceGrpc.java:468)
	at org.apache.ratis.grpc.client.GrpcClientProtocolClient.lambda$groupAdd$5(GrpcClientProtocolClient.java:172)
	at org.apache.ratis.grpc.client.GrpcClientProtocolClient.blockingCall(GrpcClientProtocolClient.java:221)
	... 20 more
Caused by: org.apache.ratis.thirdparty.io.netty.channel.AbstractChannel$AnnotatedConnectException: finishConnect(..) failed: Connection refused: /127.0.0.1:15147
Caused by: java.net.ConnectException: finishConnect(..) failed: Connection refused
	at org.apache.ratis.thirdparty.io.netty.channel.unix.Errors.newConnectException0(Errors.java:166)
	at org.apache.ratis.thirdparty.io.netty.channel.unix.Errors.handleConnectErrno(Errors.java:131)
	at org.apache.ratis.thirdparty.io.netty.channel.unix.Socket.finishConnect(Socket.java:359)
	at org.apache.ratis.thirdparty.io.netty.channel.epoll.AbstractEpollChannel$AbstractEpollUnsafe.doFinishConnect(AbstractEpollChannel.java:710)
	at org.apache.ratis.thirdparty.io.netty.channel.epoll.AbstractEpollChannel$AbstractEpollUnsafe.finishConnect(AbstractEpollChannel.java:687)
	at org.apache.ratis.thirdparty.io.netty.channel.epoll.AbstractEpollChannel$AbstractEpollUnsafe.epollOutReady(AbstractEpollChannel.java:567)
	at org.apache.ratis.thirdparty.io.netty.channel.epoll.EpollEventLoop.processReady(EpollEventLoop.java:499)
	at org.apache.ratis.thirdparty.io.netty.channel.epoll.EpollEventLoop.run(EpollEventLoop.java:407)
	at org.apache.ratis.thirdparty.io.netty.util.concurrent.SingleThreadEventExecutor$4.run(SingleThreadEventExecutor.java:997)
	at org.apache.ratis.thirdparty.io.netty.util.internal.ThreadExecutorMap$2.run(ThreadExecutorMap.java:74)
	at org.apache.ratis.thirdparty.io.netty.util.concurrent.FastThreadLocalRunnable.run(FastThreadLocalRunnable.java:30)
	at java.base/java.lang.Thread.run(Thread.java:840)
2024-06-12 07:41:46,922 [29194895-a428-4dbc-89d8-767dd839d7c3-PipelineCommandHandlerThread-0] INFO  server.RaftServer (RaftServerProxy.java:remove(111)) - 29194895-a428-4dbc-89d8-767dd839d7c3: remove  FOLLOWER 29194895-a428-4dbc-89d8-767dd839d7c3@group-886BF1B6D606:t1, leader=null, voted=29194895-a428-4dbc-89d8-767dd839d7c3, raftlog=Memoized:29194895-a428-4dbc-89d8-767dd839d7c3@group-886BF1B6D606-SegmentedRaftLog:OPENED:c0, conf=0: peers:[6f841693-a0f5-4238-8e94-5d49f60504b4|127.0.0.1:15139, 29194895-a428-4dbc-89d8-767dd839d7c3|127.0.0.1:15157, ac495114-8bb8-4dac-b10f-46951d6cb650|127.0.0.1:15148]|listeners:[], old=null RUNNING
2024-06-12 07:41:46,922 [29194895-a428-4dbc-89d8-767dd839d7c3-PipelineCommandHandlerThread-0] INFO  server.RaftServer$Division (RaftServerImpl.java:lambda$close$3(526)) - 29194895-a428-4dbc-89d8-767dd839d7c3@group-886BF1B6D606: shutdown
2024-06-12 07:41:46,922 [29194895-a428-4dbc-89d8-767dd839d7c3-PipelineCommandHandlerThread-0] INFO  util.JmxRegister (JmxRegister.java:unregister(73)) - Successfully un-registered JMX Bean with object name Ratis:service=RaftServer,group=group-886BF1B6D606,id=29194895-a428-4dbc-89d8-767dd839d7c3
2024-06-12 07:41:46,923 [29194895-a428-4dbc-89d8-767dd839d7c3-PipelineCommandHandlerThread-0] INFO  impl.RoleInfo (RoleInfo.java:shutdownFollowerState(110)) - 29194895-a428-4dbc-89d8-767dd839d7c3: shutdown 29194895-a428-4dbc-89d8-767dd839d7c3@group-886BF1B6D606-FollowerState
2024-06-12 07:41:46,923 [29194895-a428-4dbc-89d8-767dd839d7c3-PipelineCommandHandlerThread-0] INFO  impl.StateMachineUpdater (StateMachineUpdater.java:stopAndJoin(157)) - 29194895-a428-4dbc-89d8-767dd839d7c3@group-886BF1B6D606-StateMachineUpdater: set stopIndex = 0
2024-06-12 07:41:46,923 [29194895-a428-4dbc-89d8-767dd839d7c3@group-886BF1B6D606-FollowerState] INFO  impl.FollowerState (FollowerState.java:run(152)) - 29194895-a428-4dbc-89d8-767dd839d7c3@group-886BF1B6D606-FollowerState was interrupted
2024-06-12 07:41:46,923 [29194895-a428-4dbc-89d8-767dd839d7c3@group-886BF1B6D606-StateMachineUpdater] INFO  ratis.ContainerStateMachine (ContainerStateMachine.java:takeSnapshot(355)) - group-886BF1B6D606: Taking a snapshot at:(t:1, i:0) file /home/runner/work/ozone/ozone/hadoop-ozone/integration-test/target/test-dir/MiniOzoneClusterImpl-63f03bc8-0399-4ce2-9c43-ca6ad8c463d8/ozone-meta/datanode-6/ratis/750c4273-4abe-4ab7-ae36-886bf1b6d606/sm/snapshot.1_0
2024-06-12 07:41:46,924 [29194895-a428-4dbc-89d8-767dd839d7c3@group-886BF1B6D606-StateMachineUpdater] INFO  ratis.ContainerStateMachine (ContainerStateMachine.java:takeSnapshot(366)) - group-886BF1B6D606: Finished taking a snapshot at:(t:1, i:0) file:/home/runner/work/ozone/ozone/hadoop-ozone/integration-test/target/test-dir/MiniOzoneClusterImpl-63f03bc8-0399-4ce2-9c43-ca6ad8c463d8/ozone-meta/datanode-6/ratis/750c4273-4abe-4ab7-ae36-886bf1b6d606/sm/snapshot.1_0 took: 1 ms
2024-06-12 07:41:46,924 [29194895-a428-4dbc-89d8-767dd839d7c3@group-886BF1B6D606-StateMachineUpdater] INFO  impl.StateMachineUpdater (StateMachineUpdater.java:takeSnapshot(295)) - 29194895-a428-4dbc-89d8-767dd839d7c3@group-886BF1B6D606-StateMachineUpdater: Took a snapshot at index 0
2024-06-12 07:41:46,924 [29194895-a428-4dbc-89d8-767dd839d7c3@group-886BF1B6D606-StateMachineUpdater] INFO  impl.StateMachineUpdater (StateMachineUpdater.java:lambda$new$0(98)) - 29194895-a428-4dbc-89d8-767dd839d7c3@group-886BF1B6D606-StateMachineUpdater: snapshotIndex: updateIncreasingly -1 -> 0
2024-06-12 07:41:46,924 [29194895-a428-4dbc-89d8-767dd839d7c3-PipelineCommandHandlerThread-0] INFO  server.RaftServer$Division (ServerState.java:close(427)) - 29194895-a428-4dbc-89d8-767dd839d7c3@group-886BF1B6D606: applyIndex: 0
2024-06-12 07:41:46,924 [29194895-a428-4dbc-89d8-767dd839d7c3@group-886BF1B6D606-cacheEviction-AwaitToRun] INFO  util.AwaitToRun (AwaitToRun.java:run(49)) - 29194895-a428-4dbc-89d8-767dd839d7c3@group-886BF1B6D606-cacheEviction-AwaitToRun-AwaitForSignal is interrupted
2024-06-12 07:41:47,724 [29194895-a428-4dbc-89d8-767dd839d7c3-PipelineCommandHandlerThread-0] INFO  segmented.SegmentedRaftLogWorker (SegmentedRaftLogWorker.java:close(245)) - 29194895-a428-4dbc-89d8-767dd839d7c3@group-886BF1B6D606-SegmentedRaftLogWorker close()
2024-06-12 07:41:47,724 [29194895-a428-4dbc-89d8-767dd839d7c3-PipelineCommandHandlerThread-0] INFO  server.RaftServer$Division (RaftServerImpl.java:groupRemove(496)) - 29194895-a428-4dbc-89d8-767dd839d7c3@group-886BF1B6D606: Succeed to remove RaftStorageDirectory Storage Directory /home/runner/work/ozone/ozone/hadoop-ozone/integration-test/target/test-dir/MiniOzoneClusterImpl-63f03bc8-0399-4ce2-9c43-ca6ad8c463d8/ozone-meta/datanode-6/ratis/750c4273-4abe-4ab7-ae36-886bf1b6d606
2024-06-12 07:41:47,724 [29194895-a428-4dbc-89d8-767dd839d7c3-PipelineCommandHandlerThread-0] INFO  commandhandler.ClosePipelineCommandHandler (ClosePipelineCommandHandler.java:lambda$handle$2(140)) - Close Pipeline PipelineID=750c4273-4abe-4ab7-ae36-886bf1b6d606 command on datanode 29194895-a428-4dbc-89d8-767dd839d7c3.
2024-06-12 07:41:48,018 [timer2] WARN  server.GrpcLogAppender (LogUtils.java:warn(121)) - 29194895-a428-4dbc-89d8-767dd839d7c3@group-886BF1B6D606->ac495114-8bb8-4dac-b10f-46951d6cb650-AppendLogResponseHandler: Failed appendEntries (Repeated 12 times in the last 5.000s): org.apache.ratis.thirdparty.io.grpc.StatusRuntimeException: UNAVAILABLE: io exception
2024-06-12 07:41:48,018 [timer3] WARN  server.GrpcLogAppender (GrpcLogAppender.java:lambda$resetClient$1(217)) - 29194895-a428-4dbc-89d8-767dd839d7c3@group-A20483CAC47C->ac495114-8bb8-4dac-b10f-46951d6cb650-GrpcLogAppender: Follower failed (request=null, errorCount=12); keep nextIndex (7) unchanged and retry. (Repeated 12 times in the last 4.999s)
2024-06-12 07:41:48,018 [timer1] WARN  server.GrpcLogAppender (LogUtils.java:warn(121)) - 29194895-a428-4dbc-89d8-767dd839d7c3@group-A20483CAC47C->ac495114-8bb8-4dac-b10f-46951d6cb650-AppendLogResponseHandler: Failed appendEntries (Repeated 12 times in the last 5.000s): org.apache.ratis.thirdparty.io.grpc.StatusRuntimeException: UNAVAILABLE: io exception
2024-06-12 07:41:48,019 [timer4] WARN  server.GrpcLogAppender (GrpcLogAppender.java:lambda$resetClient$1(217)) - 29194895-a428-4dbc-89d8-767dd839d7c3@group-886BF1B6D606->ac495114-8bb8-4dac-b10f-46951d6cb650-GrpcLogAppender: Follower failed (request=null, errorCount=12); keep nextIndex (1) unchanged and retry. (Repeated 12 times in the last 5.001s)
2024-06-12 07:41:49,068 [grpc-default-executor-2] ERROR impl.OrderedAsync (OrderedAsync.java:lambda$sendRequest$9(247)) - client-0A22FB32616E: Failed* RaftClientRequest:client-0A22FB32616E->6f841693-a0f5-4238-8e94-5d49f60504b4@group-A20483CAC47C, cid=111, seq=4*, RW, cmdType: WriteChunk
traceID: ""
containerID: 2
datanodeUuid: "6f841693-a0f5-4238-8e94-5d49f60504b4"
writeChunk {
  blockID {
    containerID: 2
    localID: 113750153625600002
    blockCommitSequenceId: 2
    replicaIndex: 0
  }
  chunkData {
    chunkName: "113750153625600002_chunk_2"
    offset: 1048576
    len: 1048576
    checksumData {
      type: CRC32
      bytesPerChecksum: 16384
      checksums: "\326\360U\321"
      checksums: "\326\360U\321"
      checksums: "\326\360U\321"
      checksums: "\326\360U\321"
      checksums: "\326\360U\321"
      checksums: "\326\360U\321"
      checksums: "\326\360U\321"
      checksums: "\326\360U\321"
      checksums: "\326\360U\321"
      checksums: "\326\360U\321"
      checksums: "\326\360U\321"
      checksums: "\326\360U\321"
      checksums: "\326\360U\321"
      checksums: "\326\360U\321"
      checksums: "\326\360U\321"
      checksums: "\326\360U\321"
      checksums: "\326\360U\321"
      checksums: "\326\360U\321"
      checksums: "\326\360U\321"
      checksums: "\326\360U\321"
      checksums: "\326\360U\321"
      checksums: "\326\360U\321"
      checksums: "\326\360U\321"
      checksums: "\326\360U\321"
      checksums: "\326\360U\321"
      checksums: "\326\360U\321"
      checksums: "\326\360U\321"
      checksums: "\326\360U\321"
      checksums: "\326\360U\321"
      checksums: "\326\360U\321"
      checksums: "\326\360U\321"
      checksums: "\326\360U\321"
      checksums: "\326\360U\321"
      checksums: "\326\360U\321"
      checksums: "\326\360U\321"
      checksums: "\326\360U\321"
      checksums: "\326\360U\321"
      checksums: "\326\360U\321"
      checksums: "\326\360U\321"
      checksums: "\326\360U\321"
      checksums: "\326\360U\321"
      checksums: "\326\360U\321"
      checksums: "\326\360U\321"
      checksums: "\326\360U\321"
      checksums: "\326\360U\321"
      checksums: "\326\360U\321"
      checksums: "\326\360U\321"
      checksums: "\326\360U\321"
      checksums: "\326\360U\321"
      checksums: "\326\360U\321"
      checksums: "\326\360U\321"
      checksums: "\326\360U\321"
      checksums: "\326\360U\321"
      checksums: "\326\360U\321"
      checksums: "\326\360U\321"
      checksums: "\326\360U\321"
      checksums: "\326\360U\321"
      checksums: "\326\360U\321"
      checksums: "\326\360U\321"
      checksums: "\326\360U\321"
      checksums: "\326\360U\321"
      checksums: "\326\360U\321"
      checksums: "\326\360U\321"
      checksums: "\326\360U\321"
    }
  }
}
, data.size=1048576
java.util.concurrent.CompletionException: java.io.IOException: org.apache.ratis.thirdparty.io.grpc.StatusRuntimeException: UNAVAILABLE: io exception
	at java.base/java.util.concurrent.CompletableFuture.encodeThrowable(CompletableFuture.java:332)
	at java.base/java.util.concurrent.CompletableFuture.completeThrowable(CompletableFuture.java:347)
	at java.base/java.util.concurrent.CompletableFuture$UniApply.tryFire(CompletableFuture.java:636)
	at java.base/java.util.concurrent.CompletableFuture.postComplete(CompletableFuture.java:510)
	at java.base/java.util.concurrent.CompletableFuture.completeExceptionally(CompletableFuture.java:2162)
	at org.apache.ratis.grpc.client.GrpcClientProtocolClient$AsyncStreamObservers.completeReplyExceptionally(GrpcClientProtocolClient.java:394)
	at org.apache.ratis.grpc.client.GrpcClientProtocolClient$AsyncStreamObservers.access$000(GrpcClientProtocolClient.java:300)
	at org.apache.ratis.grpc.client.GrpcClientProtocolClient$AsyncStreamObservers$1.onError(GrpcClientProtocolClient.java:331)
	at org.apache.ratis.thirdparty.io.grpc.stub.ClientCalls$StreamObserverToCallListenerAdapter.onClose(ClientCalls.java:481)
	at org.apache.ratis.thirdparty.io.grpc.PartialForwardingClientCallListener.onClose(PartialForwardingClientCallListener.java:39)
	at org.apache.ratis.thirdparty.io.grpc.ForwardingClientCallListener.onClose(ForwardingClientCallListener.java:23)
	at org.apache.ratis.grpc.metrics.intercept.client.MetricClientCallListener.onClose(MetricClientCallListener.java:47)
	at org.apache.ratis.thirdparty.io.grpc.internal.DelayedClientCall$DelayedListener$3.run(DelayedClientCall.java:489)
	at org.apache.ratis.thirdparty.io.grpc.internal.DelayedClientCall$DelayedListener.delayOrExecute(DelayedClientCall.java:453)
	at org.apache.ratis.thirdparty.io.grpc.internal.DelayedClientCall$DelayedListener.onClose(DelayedClientCall.java:486)
	at org.apache.ratis.thirdparty.io.grpc.internal.ClientCallImpl.closeObserver(ClientCallImpl.java:567)
	at org.apache.ratis.thirdparty.io.grpc.internal.ClientCallImpl.access$300(ClientCallImpl.java:71)
	at org.apache.ratis.thirdparty.io.grpc.internal.ClientCallImpl$ClientStreamListenerImpl$1StreamClosed.runInternal(ClientCallImpl.java:735)
	at org.apache.ratis.thirdparty.io.grpc.internal.ClientCallImpl$ClientStreamListenerImpl$1StreamClosed.runInContext(ClientCallImpl.java:716)
	at org.apache.ratis.thirdparty.io.grpc.internal.ContextRunnable.run(ContextRunnable.java:37)
	at org.apache.ratis.thirdparty.io.grpc.internal.SerializingExecutor.run(SerializingExecutor.java:133)
	at java.base/java.util.concurrent.ThreadPoolExecutor.runWorker(ThreadPoolExecutor.java:1136)
	at java.base/java.util.concurrent.ThreadPoolExecutor$Worker.run(ThreadPoolExecutor.java:635)
	at java.base/java.lang.Thread.run(Thread.java:840)
Caused by: java.io.IOException: org.apache.ratis.thirdparty.io.grpc.StatusRuntimeException: UNAVAILABLE: io exception
	at org.apache.ratis.grpc.GrpcUtil.unwrapException(GrpcUtil.java:99)
	at org.apache.ratis.grpc.GrpcUtil.unwrapIOException(GrpcUtil.java:159)
	at org.apache.ratis.grpc.client.GrpcClientProtocolClient$AsyncStreamObservers$1.onError(GrpcClientProtocolClient.java:330)
	... 16 more
Caused by: org.apache.ratis.thirdparty.io.grpc.StatusRuntimeException: UNAVAILABLE: io exception
	at org.apache.ratis.thirdparty.io.grpc.Status.asRuntimeException(Status.java:537)
	... 16 more
Caused by: org.apache.ratis.thirdparty.io.netty.channel.AbstractChannel$AnnotatedConnectException: finishConnect(..) failed: Connection refused: /127.0.0.1:15137
Caused by: java.net.ConnectException: finishConnect(..) failed: Connection refused
	at org.apache.ratis.thirdparty.io.netty.channel.unix.Errors.newConnectException0(Errors.java:166)
	at org.apache.ratis.thirdparty.io.netty.channel.unix.Errors.handleConnectErrno(Errors.java:131)
	at org.apache.ratis.thirdparty.io.netty.channel.unix.Socket.finishConnect(Socket.java:359)
	at org.apache.ratis.thirdparty.io.netty.channel.epoll.AbstractEpollChannel$AbstractEpollUnsafe.doFinishConnect(AbstractEpollChannel.java:710)
	at org.apache.ratis.thirdparty.io.netty.channel.epoll.AbstractEpollChannel$AbstractEpollUnsafe.finishConnect(AbstractEpollChannel.java:687)
	at org.apache.ratis.thirdparty.io.netty.channel.epoll.AbstractEpollChannel$AbstractEpollUnsafe.epollOutReady(AbstractEpollChannel.java:567)
	at org.apache.ratis.thirdparty.io.netty.channel.epoll.EpollEventLoop.processReady(EpollEventLoop.java:499)
	at org.apache.ratis.thirdparty.io.netty.channel.epoll.EpollEventLoop.run(EpollEventLoop.java:407)
	at org.apache.ratis.thirdparty.io.netty.util.concurrent.SingleThreadEventExecutor$4.run(SingleThreadEventExecutor.java:997)
	at org.apache.ratis.thirdparty.io.netty.util.internal.ThreadExecutorMap$2.run(ThreadExecutorMap.java:74)
	at org.apache.ratis.thirdparty.io.netty.util.concurrent.FastThreadLocalRunnable.run(FastThreadLocalRunnable.java:30)
	at java.base/java.lang.Thread.run(Thread.java:840)
2024-06-12 07:41:51,993 [grpc-default-executor-6] ERROR impl.OrderedAsync (OrderedAsync.java:lambda$sendRequest$9(247)) - client-0A22FB32616E: Failed* RaftClientRequest:client-0A22FB32616E->ac495114-8bb8-4dac-b10f-46951d6cb650@group-A20483CAC47C, cid=111, seq=4*, RW, cmdType: WriteChunk
traceID: ""
containerID: 2
datanodeUuid: "6f841693-a0f5-4238-8e94-5d49f60504b4"
writeChunk {
  blockID {
    containerID: 2
    localID: 113750153625600002
    blockCommitSequenceId: 2
    replicaIndex: 0
  }
  chunkData {
    chunkName: "113750153625600002_chunk_2"
    offset: 1048576
    len: 1048576
    checksumData {
      type: CRC32
      bytesPerChecksum: 16384
      checksums: "\326\360U\321"
      checksums: "\326\360U\321"
      checksums: "\326\360U\321"
      checksums: "\326\360U\321"
      checksums: "\326\360U\321"
      checksums: "\326\360U\321"
      checksums: "\326\360U\321"
      checksums: "\326\360U\321"
      checksums: "\326\360U\321"
      checksums: "\326\360U\321"
      checksums: "\326\360U\321"
      checksums: "\326\360U\321"
      checksums: "\326\360U\321"
      checksums: "\326\360U\321"
      checksums: "\326\360U\321"
      checksums: "\326\360U\321"
      checksums: "\326\360U\321"
      checksums: "\326\360U\321"
      checksums: "\326\360U\321"
      checksums: "\326\360U\321"
      checksums: "\326\360U\321"
      checksums: "\326\360U\321"
      checksums: "\326\360U\321"
      checksums: "\326\360U\321"
      checksums: "\326\360U\321"
      checksums: "\326\360U\321"
      checksums: "\326\360U\321"
      checksums: "\326\360U\321"
      checksums: "\326\360U\321"
      checksums: "\326\360U\321"
      checksums: "\326\360U\321"
      checksums: "\326\360U\321"
      checksums: "\326\360U\321"
      checksums: "\326\360U\321"
      checksums: "\326\360U\321"
      checksums: "\326\360U\321"
      checksums: "\326\360U\321"
      checksums: "\326\360U\321"
      checksums: "\326\360U\321"
      checksums: "\326\360U\321"
      checksums: "\326\360U\321"
      checksums: "\326\360U\321"
      checksums: "\326\360U\321"
      checksums: "\326\360U\321"
      checksums: "\326\360U\321"
      checksums: "\326\360U\321"
      checksums: "\326\360U\321"
      checksums: "\326\360U\321"
      checksums: "\326\360U\321"
      checksums: "\326\360U\321"
      checksums: "\326\360U\321"
      checksums: "\326\360U\321"
      checksums: "\326\360U\321"
      checksums: "\326\360U\321"
      checksums: "\326\360U\321"
      checksums: "\326\360U\321"
      checksums: "\326\360U\321"
      checksums: "\326\360U\321"
      checksums: "\326\360U\321"
      checksums: "\326\360U\321"
      checksums: "\326\360U\321"
      checksums: "\326\360U\321"
      checksums: "\326\360U\321"
      checksums: "\326\360U\321"
    }
  }
}
, data.size=1048576
java.util.concurrent.CompletionException: java.io.IOException: org.apache.ratis.thirdparty.io.grpc.StatusRuntimeException: UNAVAILABLE: io exception
	at java.base/java.util.concurrent.CompletableFuture.encodeThrowable(CompletableFuture.java:332)
	at java.base/java.util.concurrent.CompletableFuture.completeThrowable(CompletableFuture.java:347)
	at java.base/java.util.concurrent.CompletableFuture$UniApply.tryFire(CompletableFuture.java:636)
	at java.base/java.util.concurrent.CompletableFuture.postComplete(CompletableFuture.java:510)
	at java.base/java.util.concurrent.CompletableFuture.completeExceptionally(CompletableFuture.java:2162)
	at org.apache.ratis.grpc.client.GrpcClientProtocolClient$AsyncStreamObservers.completeReplyExceptionally(GrpcClientProtocolClient.java:394)
	at org.apache.ratis.grpc.client.GrpcClientProtocolClient$AsyncStreamObservers.access$000(GrpcClientProtocolClient.java:300)
	at org.apache.ratis.grpc.client.GrpcClientProtocolClient$AsyncStreamObservers$1.onError(GrpcClientProtocolClient.java:331)
	at org.apache.ratis.thirdparty.io.grpc.stub.ClientCalls$StreamObserverToCallListenerAdapter.onClose(ClientCalls.java:481)
	at org.apache.ratis.thirdparty.io.grpc.PartialForwardingClientCallListener.onClose(PartialForwardingClientCallListener.java:39)
	at org.apache.ratis.thirdparty.io.grpc.ForwardingClientCallListener.onClose(ForwardingClientCallListener.java:23)
	at org.apache.ratis.grpc.metrics.intercept.client.MetricClientCallListener.onClose(MetricClientCallListener.java:47)
	at org.apache.ratis.thirdparty.io.grpc.internal.DelayedClientCall$DelayedListener$3.run(DelayedClientCall.java:489)
	at org.apache.ratis.thirdparty.io.grpc.internal.DelayedClientCall$DelayedListener.delayOrExecute(DelayedClientCall.java:453)
	at org.apache.ratis.thirdparty.io.grpc.internal.DelayedClientCall$DelayedListener.onClose(DelayedClientCall.java:486)
	at org.apache.ratis.thirdparty.io.grpc.internal.ClientCallImpl.closeObserver(ClientCallImpl.java:567)
	at org.apache.ratis.thirdparty.io.grpc.internal.ClientCallImpl.access$300(ClientCallImpl.java:71)
	at org.apache.ratis.thirdparty.io.grpc.internal.ClientCallImpl$ClientStreamListenerImpl$1StreamClosed.runInternal(ClientCallImpl.java:735)
	at org.apache.ratis.thirdparty.io.grpc.internal.ClientCallImpl$ClientStreamListenerImpl$1StreamClosed.runInContext(ClientCallImpl.java:716)
	at org.apache.ratis.thirdparty.io.grpc.internal.ContextRunnable.run(ContextRunnable.java:37)
	at org.apache.ratis.thirdparty.io.grpc.internal.SerializingExecutor.run(SerializingExecutor.java:133)
	at java.base/java.util.concurrent.ThreadPoolExecutor.runWorker(ThreadPoolExecutor.java:1136)
	at java.base/java.util.concurrent.ThreadPoolExecutor$Worker.run(ThreadPoolExecutor.java:635)
	at java.base/java.lang.Thread.run(Thread.java:840)
Caused by: java.io.IOException: org.apache.ratis.thirdparty.io.grpc.StatusRuntimeException: UNAVAILABLE: io exception
	at org.apache.ratis.grpc.GrpcUtil.unwrapException(GrpcUtil.java:99)
	at org.apache.ratis.grpc.GrpcUtil.unwrapIOException(GrpcUtil.java:159)
	at org.apache.ratis.grpc.client.GrpcClientProtocolClient$AsyncStreamObservers$1.onError(GrpcClientProtocolClient.java:330)
	... 16 more
Caused by: org.apache.ratis.thirdparty.io.grpc.StatusRuntimeException: UNAVAILABLE: io exception
	at org.apache.ratis.thirdparty.io.grpc.Status.asRuntimeException(Status.java:537)
	... 16 more
Caused by: org.apache.ratis.thirdparty.io.netty.channel.AbstractChannel$AnnotatedConnectException: finishConnect(..) failed: Connection refused: /127.0.0.1:15146
Caused by: java.net.ConnectException: finishConnect(..) failed: Connection refused
	at org.apache.ratis.thirdparty.io.netty.channel.unix.Errors.newConnectException0(Errors.java:166)
	at org.apache.ratis.thirdparty.io.netty.channel.unix.Errors.handleConnectErrno(Errors.java:131)
	at org.apache.ratis.thirdparty.io.netty.channel.unix.Socket.finishConnect(Socket.java:359)
	at org.apache.ratis.thirdparty.io.netty.channel.epoll.AbstractEpollChannel$AbstractEpollUnsafe.doFinishConnect(AbstractEpollChannel.java:710)
	at org.apache.ratis.thirdparty.io.netty.channel.epoll.AbstractEpollChannel$AbstractEpollUnsafe.finishConnect(AbstractEpollChannel.java:687)
	at org.apache.ratis.thirdparty.io.netty.channel.epoll.AbstractEpollChannel$AbstractEpollUnsafe.epollOutReady(AbstractEpollChannel.java:567)
	at org.apache.ratis.thirdparty.io.netty.channel.epoll.EpollEventLoop.processReady(EpollEventLoop.java:499)
	at org.apache.ratis.thirdparty.io.netty.channel.epoll.EpollEventLoop.run(EpollEventLoop.java:407)
	at org.apache.ratis.thirdparty.io.netty.util.concurrent.SingleThreadEventExecutor$4.run(SingleThreadEventExecutor.java:997)
	at org.apache.ratis.thirdparty.io.netty.util.internal.ThreadExecutorMap$2.run(ThreadExecutorMap.java:74)
	at org.apache.ratis.thirdparty.io.netty.util.concurrent.FastThreadLocalRunnable.run(FastThreadLocalRunnable.java:30)
	at java.base/java.lang.Thread.run(Thread.java:840)
2024-06-12 07:41:59,290 [grpc-default-executor-2] ERROR impl.OrderedAsync (OrderedAsync.java:lambda$sendRequest$9(247)) - client-0A22FB32616E: Failed* RaftClientRequest:client-0A22FB32616E->6f841693-a0f5-4238-8e94-5d49f60504b4@group-A20483CAC47C, cid=111, seq=4*, RW, cmdType: WriteChunk
traceID: ""
containerID: 2
datanodeUuid: "6f841693-a0f5-4238-8e94-5d49f60504b4"
writeChunk {
  blockID {
    containerID: 2
    localID: 113750153625600002
    blockCommitSequenceId: 2
    replicaIndex: 0
  }
  chunkData {
    chunkName: "113750153625600002_chunk_2"
    offset: 1048576
    len: 1048576
    checksumData {
      type: CRC32
      bytesPerChecksum: 16384
      checksums: "\326\360U\321"
      checksums: "\326\360U\321"
      checksums: "\326\360U\321"
      checksums: "\326\360U\321"
      checksums: "\326\360U\321"
      checksums: "\326\360U\321"
      checksums: "\326\360U\321"
      checksums: "\326\360U\321"
      checksums: "\326\360U\321"
      checksums: "\326\360U\321"
      checksums: "\326\360U\321"
      checksums: "\326\360U\321"
      checksums: "\326\360U\321"
      checksums: "\326\360U\321"
      checksums: "\326\360U\321"
      checksums: "\326\360U\321"
      checksums: "\326\360U\321"
      checksums: "\326\360U\321"
      checksums: "\326\360U\321"
      checksums: "\326\360U\321"
      checksums: "\326\360U\321"
      checksums: "\326\360U\321"
      checksums: "\326\360U\321"
      checksums: "\326\360U\321"
      checksums: "\326\360U\321"
      checksums: "\326\360U\321"
      checksums: "\326\360U\321"
      checksums: "\326\360U\321"
      checksums: "\326\360U\321"
      checksums: "\326\360U\321"
      checksums: "\326\360U\321"
      checksums: "\326\360U\321"
      checksums: "\326\360U\321"
      checksums: "\326\360U\321"
      checksums: "\326\360U\321"
      checksums: "\326\360U\321"
      checksums: "\326\360U\321"
      checksums: "\326\360U\321"
      checksums: "\326\360U\321"
      checksums: "\326\360U\321"
      checksums: "\326\360U\321"
      checksums: "\326\360U\321"
      checksums: "\326\360U\321"
      checksums: "\326\360U\321"
      checksums: "\326\360U\321"
      checksums: "\326\360U\321"
      checksums: "\326\360U\321"
      checksums: "\326\360U\321"
      checksums: "\326\360U\321"
      checksums: "\326\360U\321"
      checksums: "\326\360U\321"
      checksums: "\326\360U\321"
      checksums: "\326\360U\321"
      checksums: "\326\360U\321"
      checksums: "\326\360U\321"
      checksums: "\326\360U\321"
      checksums: "\326\360U\321"
      checksums: "\326\360U\321"
      checksums: "\326\360U\321"
      checksums: "\326\360U\321"
      checksums: "\326\360U\321"
      checksums: "\326\360U\321"
      checksums: "\326\360U\321"
      checksums: "\326\360U\321"
    }
  }
}
, data.size=1048576
java.util.concurrent.CompletionException: java.io.IOException: org.apache.ratis.thirdparty.io.grpc.StatusRuntimeException: UNAVAILABLE: io exception
	at java.base/java.util.concurrent.CompletableFuture.encodeThrowable(CompletableFuture.java:332)
	at java.base/java.util.concurrent.CompletableFuture.completeThrowable(CompletableFuture.java:347)
	at java.base/java.util.concurrent.CompletableFuture$UniApply.tryFire(CompletableFuture.java:636)
	at java.base/java.util.concurrent.CompletableFuture.postComplete(CompletableFuture.java:510)
	at java.base/java.util.concurrent.CompletableFuture.completeExceptionally(CompletableFuture.java:2162)
	at org.apache.ratis.grpc.client.GrpcClientProtocolClient$AsyncStreamObservers.completeReplyExceptionally(GrpcClientProtocolClient.java:394)
	at org.apache.ratis.grpc.client.GrpcClientProtocolClient$AsyncStreamObservers.access$000(GrpcClientProtocolClient.java:300)
	at org.apache.ratis.grpc.client.GrpcClientProtocolClient$AsyncStreamObservers$1.onError(GrpcClientProtocolClient.java:331)
	at org.apache.ratis.thirdparty.io.grpc.stub.ClientCalls$StreamObserverToCallListenerAdapter.onClose(ClientCalls.java:481)
	at org.apache.ratis.thirdparty.io.grpc.PartialForwardingClientCallListener.onClose(PartialForwardingClientCallListener.java:39)
	at org.apache.ratis.thirdparty.io.grpc.ForwardingClientCallListener.onClose(ForwardingClientCallListener.java:23)
	at org.apache.ratis.grpc.metrics.intercept.client.MetricClientCallListener.onClose(MetricClientCallListener.java:47)
	at org.apache.ratis.thirdparty.io.grpc.internal.DelayedClientCall$DelayedListener$3.run(DelayedClientCall.java:489)
	at org.apache.ratis.thirdparty.io.grpc.internal.DelayedClientCall$DelayedListener.delayOrExecute(DelayedClientCall.java:453)
	at org.apache.ratis.thirdparty.io.grpc.internal.DelayedClientCall$DelayedListener.onClose(DelayedClientCall.java:486)
	at org.apache.ratis.thirdparty.io.grpc.internal.ClientCallImpl.closeObserver(ClientCallImpl.java:567)
	at org.apache.ratis.thirdparty.io.grpc.internal.ClientCallImpl.access$300(ClientCallImpl.java:71)
	at org.apache.ratis.thirdparty.io.grpc.internal.ClientCallImpl$ClientStreamListenerImpl$1StreamClosed.runInternal(ClientCallImpl.java:735)
	at org.apache.ratis.thirdparty.io.grpc.internal.ClientCallImpl$ClientStreamListenerImpl$1StreamClosed.runInContext(ClientCallImpl.java:716)
	at org.apache.ratis.thirdparty.io.grpc.internal.ContextRunnable.run(ContextRunnable.java:37)
	at org.apache.ratis.thirdparty.io.grpc.internal.SerializingExecutor.run(SerializingExecutor.java:133)
	at java.base/java.util.concurrent.ThreadPoolExecutor.runWorker(ThreadPoolExecutor.java:1136)
	at java.base/java.util.concurrent.ThreadPoolExecutor$Worker.run(ThreadPoolExecutor.java:635)
	at java.base/java.lang.Thread.run(Thread.java:840)
Caused by: java.io.IOException: org.apache.ratis.thirdparty.io.grpc.StatusRuntimeException: UNAVAILABLE: io exception
	at org.apache.ratis.grpc.GrpcUtil.unwrapException(GrpcUtil.java:99)
	at org.apache.ratis.grpc.GrpcUtil.unwrapIOException(GrpcUtil.java:159)
	at org.apache.ratis.grpc.client.GrpcClientProtocolClient$AsyncStreamObservers$1.onError(GrpcClientProtocolClient.java:330)
	... 16 more
Caused by: org.apache.ratis.thirdparty.io.grpc.StatusRuntimeException: UNAVAILABLE: io exception
	at org.apache.ratis.thirdparty.io.grpc.Status.asRuntimeException(Status.java:537)
	... 16 more
Caused by: org.apache.ratis.thirdparty.io.netty.channel.AbstractChannel$AnnotatedConnectException: finishConnect(..) failed: Connection refused: /127.0.0.1:15137
Caused by: java.net.ConnectException: finishConnect(..) failed: Connection refused
	at org.apache.ratis.thirdparty.io.netty.channel.unix.Errors.newConnectException0(Errors.java:166)
	at org.apache.ratis.thirdparty.io.netty.channel.unix.Errors.handleConnectErrno(Errors.java:131)
	at org.apache.ratis.thirdparty.io.netty.channel.unix.Socket.finishConnect(Socket.java:359)
	at org.apache.ratis.thirdparty.io.netty.channel.epoll.AbstractEpollChannel$AbstractEpollUnsafe.doFinishConnect(AbstractEpollChannel.java:710)
	at org.apache.ratis.thirdparty.io.netty.channel.epoll.AbstractEpollChannel$AbstractEpollUnsafe.finishConnect(AbstractEpollChannel.java:687)
	at org.apache.ratis.thirdparty.io.netty.channel.epoll.AbstractEpollChannel$AbstractEpollUnsafe.epollOutReady(AbstractEpollChannel.java:567)
	at org.apache.ratis.thirdparty.io.netty.channel.epoll.EpollEventLoop.processReady(EpollEventLoop.java:499)
	at org.apache.ratis.thirdparty.io.netty.channel.epoll.EpollEventLoop.run(EpollEventLoop.java:407)
	at org.apache.ratis.thirdparty.io.netty.util.concurrent.SingleThreadEventExecutor$4.run(SingleThreadEventExecutor.java:997)
	at org.apache.ratis.thirdparty.io.netty.util.internal.ThreadExecutorMap$2.run(ThreadExecutorMap.java:74)
	at org.apache.ratis.thirdparty.io.netty.util.concurrent.FastThreadLocalRunnable.run(FastThreadLocalRunnable.java:30)
	at java.base/java.lang.Thread.run(Thread.java:840)
2024-06-12 07:42:03,419 [grpc-default-executor-2] ERROR impl.OrderedAsync (OrderedAsync.java:lambda$sendRequest$9(247)) - client-0A22FB32616E: Failed* RaftClientRequest:client-0A22FB32616E->29194895-a428-4dbc-89d8-767dd839d7c3@group-A20483CAC47C, cid=111, seq=4*, RW, cmdType: WriteChunk
traceID: ""
containerID: 2
datanodeUuid: "6f841693-a0f5-4238-8e94-5d49f60504b4"
writeChunk {
  blockID {
    containerID: 2
    localID: 113750153625600002
    blockCommitSequenceId: 2
    replicaIndex: 0
  }
  chunkData {
    chunkName: "113750153625600002_chunk_2"
    offset: 1048576
    len: 1048576
    checksumData {
      type: CRC32
      bytesPerChecksum: 16384
      checksums: "\326\360U\321"
      checksums: "\326\360U\321"
      checksums: "\326\360U\321"
      checksums: "\326\360U\321"
      checksums: "\326\360U\321"
      checksums: "\326\360U\321"
      checksums: "\326\360U\321"
      checksums: "\326\360U\321"
      checksums: "\326\360U\321"
      checksums: "\326\360U\321"
      checksums: "\326\360U\321"
      checksums: "\326\360U\321"
      checksums: "\326\360U\321"
      checksums: "\326\360U\321"
      checksums: "\326\360U\321"
      checksums: "\326\360U\321"
      checksums: "\326\360U\321"
      checksums: "\326\360U\321"
      checksums: "\326\360U\321"
      checksums: "\326\360U\321"
      checksums: "\326\360U\321"
      checksums: "\326\360U\321"
      checksums: "\326\360U\321"
      checksums: "\326\360U\321"
      checksums: "\326\360U\321"
      checksums: "\326\360U\321"
      checksums: "\326\360U\321"
      checksums: "\326\360U\321"
      checksums: "\326\360U\321"
      checksums: "\326\360U\321"
      checksums: "\326\360U\321"
      checksums: "\326\360U\321"
      checksums: "\326\360U\321"
      checksums: "\326\360U\321"
      checksums: "\326\360U\321"
      checksums: "\326\360U\321"
      checksums: "\326\360U\321"
      checksums: "\326\360U\321"
      checksums: "\326\360U\321"
      checksums: "\326\360U\321"
      checksums: "\326\360U\321"
      checksums: "\326\360U\321"
      checksums: "\326\360U\321"
      checksums: "\326\360U\321"
      checksums: "\326\360U\321"
      checksums: "\326\360U\321"
      checksums: "\326\360U\321"
      checksums: "\326\360U\321"
      checksums: "\326\360U\321"
      checksums: "\326\360U\321"
      checksums: "\326\360U\321"
      checksums: "\326\360U\321"
      checksums: "\326\360U\321"
      checksums: "\326\360U\321"
      checksums: "\326\360U\321"
      checksums: "\326\360U\321"
      checksums: "\326\360U\321"
      checksums: "\326\360U\321"
      checksums: "\326\360U\321"
      checksums: "\326\360U\321"
      checksums: "\326\360U\321"
      checksums: "\326\360U\321"
      checksums: "\326\360U\321"
      checksums: "\326\360U\321"
    }
  }
}
, data.size=1048576
java.util.concurrent.CompletionException: org.apache.ratis.protocol.exceptions.GroupMismatchException: 29194895-a428-4dbc-89d8-767dd839d7c3: group-A20483CAC47C not found.
	at java.base/java.util.concurrent.CompletableFuture.encodeThrowable(CompletableFuture.java:332)
	at java.base/java.util.concurrent.CompletableFuture.completeThrowable(CompletableFuture.java:347)
	at java.base/java.util.concurrent.CompletableFuture$UniApply.tryFire(CompletableFuture.java:636)
	at java.base/java.util.concurrent.CompletableFuture.postComplete(CompletableFuture.java:510)
	at java.base/java.util.concurrent.CompletableFuture.completeExceptionally(CompletableFuture.java:2162)
	at org.apache.ratis.grpc.client.GrpcClientProtocolClient$AsyncStreamObservers.completeReplyExceptionally(GrpcClientProtocolClient.java:394)
	at org.apache.ratis.grpc.client.GrpcClientProtocolClient$AsyncStreamObservers.access$000(GrpcClientProtocolClient.java:300)
	at org.apache.ratis.grpc.client.GrpcClientProtocolClient$AsyncStreamObservers$1.onError(GrpcClientProtocolClient.java:331)
	at org.apache.ratis.thirdparty.io.grpc.stub.ClientCalls$StreamObserverToCallListenerAdapter.onClose(ClientCalls.java:481)
	at org.apache.ratis.thirdparty.io.grpc.PartialForwardingClientCallListener.onClose(PartialForwardingClientCallListener.java:39)
	at org.apache.ratis.thirdparty.io.grpc.ForwardingClientCallListener.onClose(ForwardingClientCallListener.java:23)
	at org.apache.ratis.grpc.metrics.intercept.client.MetricClientCallListener.onClose(MetricClientCallListener.java:47)
	at org.apache.ratis.thirdparty.io.grpc.internal.DelayedClientCall$DelayedListener$3.run(DelayedClientCall.java:489)
	at org.apache.ratis.thirdparty.io.grpc.internal.DelayedClientCall$DelayedListener.delayOrExecute(DelayedClientCall.java:453)
	at org.apache.ratis.thirdparty.io.grpc.internal.DelayedClientCall$DelayedListener.onClose(DelayedClientCall.java:486)
	at org.apache.ratis.thirdparty.io.grpc.internal.ClientCallImpl.closeObserver(ClientCallImpl.java:567)
	at org.apache.ratis.thirdparty.io.grpc.internal.ClientCallImpl.access$300(ClientCallImpl.java:71)
	at org.apache.ratis.thirdparty.io.grpc.internal.ClientCallImpl$ClientStreamListenerImpl$1StreamClosed.runInternal(ClientCallImpl.java:735)
	at org.apache.ratis.thirdparty.io.grpc.internal.ClientCallImpl$ClientStreamListenerImpl$1StreamClosed.runInContext(ClientCallImpl.java:716)
	at org.apache.ratis.thirdparty.io.grpc.internal.ContextRunnable.run(ContextRunnable.java:37)
	at org.apache.ratis.thirdparty.io.grpc.internal.SerializingExecutor.run(SerializingExecutor.java:133)
	at java.base/java.util.concurrent.ThreadPoolExecutor.runWorker(ThreadPoolExecutor.java:1136)
	at java.base/java.util.concurrent.ThreadPoolExecutor$Worker.run(ThreadPoolExecutor.java:635)
	at java.base/java.lang.Thread.run(Thread.java:840)
Caused by: org.apache.ratis.protocol.exceptions.GroupMismatchException: 29194895-a428-4dbc-89d8-767dd839d7c3: group-A20483CAC47C not found.
	at org.apache.ratis.server.impl.RaftServerProxy$ImplMap.get(RaftServerProxy.java:154)
	at org.apache.ratis.server.impl.RaftServerProxy.getImplFuture(RaftServerProxy.java:364)
	at org.apache.ratis.server.impl.RaftServerProxy.submitClientRequestAsync(RaftServerProxy.java:448)
	at org.apache.ratis.grpc.server.GrpcClientProtocolService$RequestStreamObserver.processClientRequest(GrpcClientProtocolService.java:226)
	at org.apache.ratis.grpc.server.GrpcClientProtocolService$OrderedRequestStreamObserver.processClientRequest(GrpcClientProtocolService.java:332)
	at org.apache.ratis.util.SlidingWindow$Server.processRequestsFromHead(SlidingWindow.java:459)
	at org.apache.ratis.util.SlidingWindow$Server.receivedRequest(SlidingWindow.java:451)
	at org.apache.ratis.grpc.server.GrpcClientProtocolService$OrderedRequestStreamObserver.processClientRequest(GrpcClientProtocolService.java:356)
	at org.apache.ratis.grpc.server.GrpcClientProtocolService$RequestStreamObserver.onNext(GrpcClientProtocolService.java:246)
	at org.apache.ratis.grpc.server.GrpcClientProtocolService$RequestStreamObserver.onNext(GrpcClientProtocolService.java:169)
	at org.apache.ratis.thirdparty.io.grpc.stub.ServerCalls$StreamingServerCallHandler$StreamingServerCallListener.onMessage(ServerCalls.java:262)
	at org.apache.ratis.thirdparty.io.grpc.ForwardingServerCallListener.onMessage(ForwardingServerCallListener.java:33)
	at org.apache.ratis.thirdparty.io.grpc.internal.ServerCallImpl$ServerStreamListenerImpl.messagesAvailableInternal(ServerCallImpl.java:329)
	at org.apache.ratis.thirdparty.io.grpc.internal.ServerCallImpl$ServerStreamListenerImpl.messagesAvailable(ServerCallImpl.java:314)
	at org.apache.ratis.thirdparty.io.grpc.internal.ServerImpl$JumpToApplicationThreadServerStreamListener$1MessagesAvailable.runInContext(ServerImpl.java:833)
	... 5 more
2024-06-12 07:42:03,420 [grpc-default-executor-2] ERROR impl.OrderedAsync (OrderedAsync.java:lambda$send$4(179)) - Failed to send request, message=cmdType: WriteChunk
traceID: ""
containerID: 2
datanodeUuid: "6f841693-a0f5-4238-8e94-5d49f60504b4"
writeChunk {
  blockID {
    containerID: 2
    localID: 113750153625600002
    blockCommitSequenceId: 2
    replicaIndex: 0
  }
  chunkData {
    chunkName: "113750153625600002_chunk_2"
    offset: 1048576
    len: 1048576
    checksumData {
      type: CRC32
      bytesPerChecksum: 16384
      checksums: "\326\360U\321"
      checksums: "\326\360U\321"
      checksums: "\326\360U\321"
      checksums: "\326\360U\321"
      checksums: "\326\360U\321"
      checksums: "\326\360U\321"
      checksums: "\326\360U\321"
      checksums: "\326\360U\321"
      checksums: "\326\360U\321"
      checksums: "\326\360U\321"
      checksums: "\326\360U\321"
      checksums: "\326\360U\321"
      checksums: "\326\360U\321"
      checksums: "\326\360U\321"
      checksums: "\326\360U\321"
      checksums: "\326\360U\321"
      checksums: "\326\360U\321"
      checksums: "\326\360U\321"
      checksums: "\326\360U\321"
      checksums: "\326\360U\321"
      checksums: "\326\360U\321"
      checksums: "\326\360U\321"
      checksums: "\326\360U\321"
      checksums: "\326\360U\321"
      checksums: "\326\360U\321"
      checksums: "\326\360U\321"
      checksums: "\326\360U\321"
      checksums: "\326\360U\321"
      checksums: "\326\360U\321"
      checksums: "\326\360U\321"
      checksums: "\326\360U\321"
      checksums: "\326\360U\321"
      checksums: "\326\360U\321"
      checksums: "\326\360U\321"
      checksums: "\326\360U\321"
      checksums: "\326\360U\321"
      checksums: "\326\360U\321"
      checksums: "\326\360U\321"
      checksums: "\326\360U\321"
      checksums: "\326\360U\321"
      checksums: "\326\360U\321"
      checksums: "\326\360U\321"
      checksums: "\326\360U\321"
      checksums: "\326\360U\321"
      checksums: "\326\360U\321"
      checksums: "\326\360U\321"
      checksums: "\326\360U\321"
      checksums: "\326\360U\321"
      checksums: "\326\360U\321"
      checksums: "\326\360U\321"
      checksums: "\326\360U\321"
      checksums: "\326\360U\321"
      checksums: "\326\360U\321"
      checksums: "\326\360U\321"
      checksums: "\326\360U\321"
      checksums: "\326\360U\321"
      checksums: "\326\360U\321"
      checksums: "\326\360U\321"
      checksums: "\326\360U\321"
      checksums: "\326\360U\321"
      checksums: "\326\360U\321"
      checksums: "\326\360U\321"
      checksums: "\326\360U\321"
      checksums: "\326\360U\321"
    }
  }
}
, data.size=1048576
java.util.concurrent.CompletionException: org.apache.ratis.protocol.exceptions.GroupMismatchException: 29194895-a428-4dbc-89d8-767dd839d7c3: group-A20483CAC47C not found.
	at java.base/java.util.concurrent.CompletableFuture.encodeThrowable(CompletableFuture.java:332)
	at java.base/java.util.concurrent.CompletableFuture.completeThrowable(CompletableFuture.java:347)
	at java.base/java.util.concurrent.CompletableFuture$UniApply.tryFire(CompletableFuture.java:636)
	at java.base/java.util.concurrent.CompletableFuture.postComplete(CompletableFuture.java:510)
	at java.base/java.util.concurrent.CompletableFuture.completeExceptionally(CompletableFuture.java:2162)
	at org.apache.ratis.client.impl.OrderedAsync$PendingOrderedRequest.fail(OrderedAsync.java:105)
	at org.apache.ratis.util.SlidingWindow$Client.fail(SlidingWindow.java:392)
	at org.apache.ratis.client.impl.OrderedAsync.failAllAsyncRequests(OrderedAsync.java:149)
	at org.apache.ratis.client.impl.OrderedAsync.lambda$sendRequest$9(OrderedAsync.java:264)
	at java.base/java.util.concurrent.CompletableFuture.uniExceptionally(CompletableFuture.java:990)
	at java.base/java.util.concurrent.CompletableFuture$UniExceptionally.tryFire(CompletableFuture.java:974)
	at java.base/java.util.concurrent.CompletableFuture.postComplete(CompletableFuture.java:510)
	at java.base/java.util.concurrent.CompletableFuture.completeExceptionally(CompletableFuture.java:2162)
	at org.apache.ratis.grpc.client.GrpcClientProtocolClient$AsyncStreamObservers.completeReplyExceptionally(GrpcClientProtocolClient.java:394)
	at org.apache.ratis.grpc.client.GrpcClientProtocolClient$AsyncStreamObservers.access$000(GrpcClientProtocolClient.java:300)
	at org.apache.ratis.grpc.client.GrpcClientProtocolClient$AsyncStreamObservers$1.onError(GrpcClientProtocolClient.java:331)
	at org.apache.ratis.thirdparty.io.grpc.stub.ClientCalls$StreamObserverToCallListenerAdapter.onClose(ClientCalls.java:481)
	at org.apache.ratis.thirdparty.io.grpc.PartialForwardingClientCallListener.onClose(PartialForwardingClientCallListener.java:39)
	at org.apache.ratis.thirdparty.io.grpc.ForwardingClientCallListener.onClose(ForwardingClientCallListener.java:23)
	at org.apache.ratis.grpc.metrics.intercept.client.MetricClientCallListener.onClose(MetricClientCallListener.java:47)
	at org.apache.ratis.thirdparty.io.grpc.internal.DelayedClientCall$DelayedListener$3.run(DelayedClientCall.java:489)
	at org.apache.ratis.thirdparty.io.grpc.internal.DelayedClientCall$DelayedListener.delayOrExecute(DelayedClientCall.java:453)
	at org.apache.ratis.thirdparty.io.grpc.internal.DelayedClientCall$DelayedListener.onClose(DelayedClientCall.java:486)
	at org.apache.ratis.thirdparty.io.grpc.internal.ClientCallImpl.closeObserver(ClientCallImpl.java:567)
	at org.apache.ratis.thirdparty.io.grpc.internal.ClientCallImpl.access$300(ClientCallImpl.java:71)
	at org.apache.ratis.thirdparty.io.grpc.internal.ClientCallImpl$ClientStreamListenerImpl$1StreamClosed.runInternal(ClientCallImpl.java:735)
	at org.apache.ratis.thirdparty.io.grpc.internal.ClientCallImpl$ClientStreamListenerImpl$1StreamClosed.runInContext(ClientCallImpl.java:716)
	at org.apache.ratis.thirdparty.io.grpc.internal.ContextRunnable.run(ContextRunnable.java:37)
	at org.apache.ratis.thirdparty.io.grpc.internal.SerializingExecutor.run(SerializingExecutor.java:133)
	at java.base/java.util.concurrent.ThreadPoolExecutor.runWorker(ThreadPoolExecutor.java:1136)
	at java.base/java.util.concurrent.ThreadPoolExecutor$Worker.run(ThreadPoolExecutor.java:635)
	at java.base/java.lang.Thread.run(Thread.java:840)
Caused by: org.apache.ratis.protocol.exceptions.GroupMismatchException: 29194895-a428-4dbc-89d8-767dd839d7c3: group-A20483CAC47C not found.
	at org.apache.ratis.server.impl.RaftServerProxy$ImplMap.get(RaftServerProxy.java:154)
	at org.apache.ratis.server.impl.RaftServerProxy.getImplFuture(RaftServerProxy.java:364)
	at org.apache.ratis.server.impl.RaftServerProxy.submitClientRequestAsync(RaftServerProxy.java:448)
	at org.apache.ratis.grpc.server.GrpcClientProtocolService$RequestStreamObserver.processClientRequest(GrpcClientProtocolService.java:226)
	at org.apache.ratis.grpc.server.GrpcClientProtocolService$OrderedRequestStreamObserver.processClientRequest(GrpcClientProtocolService.java:332)
	at org.apache.ratis.util.SlidingWindow$Server.processRequestsFromHead(SlidingWindow.java:459)
	at org.apache.ratis.util.SlidingWindow$Server.receivedRequest(SlidingWindow.java:451)
	at org.apache.ratis.grpc.server.GrpcClientProtocolService$OrderedRequestStreamObserver.processClientRequest(GrpcClientProtocolService.java:356)
	at org.apache.ratis.grpc.server.GrpcClientProtocolService$RequestStreamObserver.onNext(GrpcClientProtocolService.java:246)
	at org.apache.ratis.grpc.server.GrpcClientProtocolService$RequestStreamObserver.onNext(GrpcClientProtocolService.java:169)
	at org.apache.ratis.thirdparty.io.grpc.stub.ServerCalls$StreamingServerCallHandler$StreamingServerCallListener.onMessage(ServerCalls.java:262)
	at org.apache.ratis.thirdparty.io.grpc.ForwardingServerCallListener.onMessage(ForwardingServerCallListener.java:33)
	at org.apache.ratis.thirdparty.io.grpc.internal.ServerCallImpl$ServerStreamListenerImpl.messagesAvailableInternal(ServerCallImpl.java:329)
	at org.apache.ratis.thirdparty.io.grpc.internal.ServerCallImpl$ServerStreamListenerImpl.messagesAvailable(ServerCallImpl.java:314)
	at org.apache.ratis.thirdparty.io.grpc.internal.ServerImpl$JumpToApplicationThreadServerStreamListener$1MessagesAvailable.runInContext(ServerImpl.java:833)
	... 5 more
2024-06-12 07:42:03,422 [grpc-default-executor-2] ERROR impl.OrderedAsync (OrderedAsync.java:lambda$send$4(177)) - Failed to send request, message=cmdType: PutBlock
traceID: ""
containerID: 2
datanodeUuid: "6f841693-a0f5-4238-8e94-5d49f60504b4"
putBlock {
  blockData {
    blockID {
      containerID: 2
      localID: 113750153625600002
      blockCommitSequenceId: 0
    }
    metadata {
      key: "TYPE"
      value: "KEY"
    }
    chunks {
      chunkName: "113750153625600002_chunk_1"
      offset: 0
      len: 1048576
      checksumData {
        type: CRC32
        bytesPerChecksum: 16384
        checksums: "\326\360U\321"
        checksums: "\326\360U\321"
        checksums: "\326\360U\321"
        checksums: "\326\360U\321"
        checksums: "\326\360U\321"
        checksums: "\326\360U\321"
        checksums: "\326\360U\321"
        checksums: "\326\360U\321"
        checksums: "\326\360U\321"
        checksums: "\326\360U\321"
        checksums: "\326\360U\321"
        checksums: "\326\360U\321"
        checksums: "\326\360U\321"
        checksums: "\326\360U\321"
        checksums: "\326\360U\321"
        checksums: "\326\360U\321"
        checksums: "\326\360U\321"
        checksums: "\326\360U\321"
        checksums: "\326\360U\321"
        checksums: "\326\360U\321"
        checksums: "\326\360U\321"
        checksums: "\326\360U\321"
        checksums: "\326\360U\321"
        checksums: "\326\360U\321"
        checksums: "\326\360U\321"
        checksums: "\326\360U\321"
        checksums: "\326\360U\321"
        checksums: "\326\360U\321"
        checksums: "\326\360U\321"
        checksums: "\326\360U\321"
        checksums: "\326\360U\321"
        checksums: "\326\360U\321"
        checksums: "\326\360U\321"
        checksums: "\326\360U\321"
        checksums: "\326\360U\321"
        checksums: "\326\360U\321"
        checksums: "\326\360U\321"
        checksums: "\326\360U\321"
        checksums: "\326\360U\321"
        checksums: "\326\360U\321"
        checksums: "\326\360U\321"
        checksums: "\326\360U\321"
        checksums: "\326\360U\321"
        checksums: "\326\360U\321"
        checksums: "\326\360U\321"
        checksums: "\326\360U\321"
        checksums: "\326\360U\321"
        checksums: "\326\360U\321"
        checksums: "\326\360U\321"
        checksums: "\326\360U\321"
        checksums: "\326\360U\321"
        checksums: "\326\360U\321"
        checksums: "\326\360U\321"
        checksums: "\326\360U\321"
        checksums: "\326\360U\321"
        checksums: "\326\360U\321"
        checksums: "\326\360U\321"
        checksums: "\326\360U\321"
        checksums: "\326\360U\321"
        checksums: "\326\360U\321"
        checksums: "\326\360U\321"
        checksums: "\326\360U\321"
        checksums: "\326\360U\321"
        checksums: "\034\322\334O"
      }
    }
    chunks {
      chunkName: "113750153625600002_chunk_2"
      offset: 1048576
      len: 1048576
      checksumData {
        type: CRC32
        bytesPerChecksum: 16384
        checksums: "\326\360U\321"
        checksums: "\326\360U\321"
        checksums: "\326\360U\321"
        checksums: "\326\360U\321"
        checksums: "\326\360U\321"
        checksums: "\326\360U\321"
        checksums: "\326\360U\321"
        checksums: "\326\360U\321"
        checksums: "\326\360U\321"
        checksums: "\326\360U\321"
        checksums: "\326\360U\321"
        checksums: "\326\360U\321"
        checksums: "\326\360U\321"
        checksums: "\326\360U\321"
        checksums: "\326\360U\321"
        checksums: "\326\360U\321"
        checksums: "\326\360U\321"
        checksums: "\326\360U\321"
        checksums: "\326\360U\321"
        checksums: "\326\360U\321"
        checksums: "\326\360U\321"
        checksums: "\326\360U\321"
        checksums: "\326\360U\321"
        checksums: "\326\360U\321"
        checksums: "\326\360U\321"
        checksums: "\326\360U\321"
        checksums: "\326\360U\321"
        checksums: "\326\360U\321"
        checksums: "\326\360U\321"
        checksums: "\326\360U\321"
        checksums: "\326\360U\321"
        checksums: "\326\360U\321"
        checksums: "\326\360U\321"
        checksums: "\326\360U\321"
        checksums: "\326\360U\321"
        checksums: "\326\360U\321"
        checksums: "\326\360U\321"
        checksums: "\326\360U\321"
        checksums: "\326\360U\321"
        checksums: "\326\360U\321"
        checksums: "\326\360U\321"
        checksums: "\326\360U\321"
        checksums: "\326\360U\321"
        checksums: "\326\360U\321"
        checksums: "\326\360U\321"
        checksums: "\326\360U\321"
        checksums: "\326\360U\321"
        checksums: "\326\360U\321"
        checksums: "\326\360U\321"
        checksums: "\326\360U\321"
        checksums: "\326\360U\321"
        checksums: "\326\360U\321"
        checksums: "\326\360U\321"
        checksums: "\326\360U\321"
        checksums: "\326\360U\321"
        checksums: "\326\360U\321"
        checksums: "\326\360U\321"
        checksums: "\326\360U\321"
        checksums: "\326\360U\321"
        checksums: "\326\360U\321"
        checksums: "\326\360U\321"
        checksums: "\326\360U\321"
        checksums: "\326\360U\321"
        checksums: "\326\360U\321"
      }
    }
  }
  eof: false
}
, data.size=0 due to java.util.concurrent.CompletionException: org.apache.ratis.protocol.exceptions.AlreadyClosedException: SlidingWindow$Client:client-0A22FB32616E->RAFT is closed.
2024-06-12 07:42:03,423 [main] WARN  io.KeyOutputStream (KeyOutputStream.java:handleException(305)) - Encountered exception java.io.IOException: Unexpected Storage Container Exception: java.util.concurrent.CompletionException: Failed to write chunk 113750153625600002_chunk_2 into block conID: 2 locID: 113750153625600002 bcsId: 2 on the pipeline Pipeline[ Id: 3c6756a6-c20a-4fdc-8f34-a20483cac47c, Nodes: 6f841693-a0f5-4238-8e94-5d49f60504b4(localhost/127.0.0.1)ac495114-8bb8-4dac-b10f-46951d6cb650(localhost/127.0.0.1)29194895-a428-4dbc-89d8-767dd839d7c3(localhost/127.0.0.1), ReplicationConfig: RATIS/THREE, State:OPEN, leaderId:6f841693-a0f5-4238-8e94-5d49f60504b4, CreationTimestamp2024-06-12T07:36:48.367Z[Etc/UTC]]. The last committed block length is 0, uncommitted data length is 2097152 retry count 0
2024-06-12 07:42:03,620 [main] INFO  ozone.MiniOzoneClusterImpl (MiniOzoneClusterImpl.java:shutdown(396)) - Shutting down the Mini Ozone Cluster
2024-06-12 07:42:03,620 [main] INFO  db.CodecTestUtil (CodecTestUtil.java:gc(50)) - gc 0
2024-06-12 07:42:03,795 [main] INFO  ozone.MiniOzoneClusterImpl (MiniOzoneClusterImpl.java:stop(412)) - Stopping the Mini Ozone Cluster
2024-06-12 07:42:03,796 [main] INFO  om.OzoneManager (OzoneManager.java:stop(2232)) - om1[localhost:15102]: Stopping Ozone Manager
2024-06-12 07:42:03,796 [main] INFO  ipc.Server (Server.java:stop(3523)) - Stopping server on 15102
2024-06-12 07:42:03,797 [IPC Server listener on 15102] INFO  ipc.Server (Server.java:run(1434)) - Stopping IPC Server listener on 15102
2024-06-12 07:42:03,797 [IPC Server Responder] INFO  ipc.Server (Server.java:run(1567)) - Stopping IPC Server Responder
2024-06-12 07:42:03,797 [main] INFO  ratis.OzoneManagerRatisServer (OzoneManagerRatisServer.java:stop(600)) - Stopping org.apache.hadoop.ozone.om.ratis.OzoneManagerRatisServer@23b89195 at port 15105
2024-06-12 07:42:03,797 [main] INFO  server.RaftServer (RaftServerProxy.java:lambda$close$9(416)) - om1: close
2024-06-12 07:42:03,798 [main] INFO  server.GrpcService (GrpcService.java:closeImpl(311)) - om1: shutdown server GrpcServerProtocolService now
2024-06-12 07:42:03,798 [om1-impl-thread2] INFO  server.RaftServer$Division (RaftServerImpl.java:lambda$close$3(526)) - om1@group-C5BA1605619E: shutdown
2024-06-12 07:42:03,798 [main] INFO  server.GrpcService (GrpcService.java:closeImpl(320)) - om1: shutdown server GrpcServerProtocolService successfully
2024-06-12 07:42:03,799 [om1-impl-thread2] INFO  util.JmxRegister (JmxRegister.java:unregister(73)) - Successfully un-registered JMX Bean with object name Ratis:service=RaftServer,group=group-C5BA1605619E,id=om1
2024-06-12 07:42:03,799 [om1-impl-thread2] INFO  impl.RoleInfo (RoleInfo.java:shutdownLeaderState(94)) - om1: shutdown om1@group-C5BA1605619E-LeaderStateImpl
2024-06-12 07:42:03,799 [om1-impl-thread2] INFO  impl.PendingRequests (PendingRequests.java:sendNotLeaderResponses(289)) - om1@group-C5BA1605619E-PendingRequests: sendNotLeaderResponses
2024-06-12 07:42:03,799 [om1-impl-thread2] INFO  impl.StateMachineUpdater (StateMachineUpdater.java:stopAndJoin(157)) - om1@group-C5BA1605619E-StateMachineUpdater: set stopIndex = 14
2024-06-12 07:42:03,799 [om1@group-C5BA1605619E-StateMachineUpdater] INFO  ratis.OzoneManagerStateMachine (OzoneManagerStateMachine.java:takeSnapshotImpl(481)) -  applied = (t:1, i:14)
2024-06-12 07:42:03,799 [om1@group-C5BA1605619E-StateMachineUpdater] INFO  ratis.OzoneManagerStateMachine (OzoneManagerStateMachine.java:takeSnapshotImpl(482)) -  skipped = 13
2024-06-12 07:42:03,799 [om1@group-C5BA1605619E-StateMachineUpdater] INFO  ratis.OzoneManagerStateMachine (OzoneManagerStateMachine.java:takeSnapshotImpl(483)) - notified = (t:1, i:14)
2024-06-12 07:42:03,799 [om1@group-C5BA1605619E-StateMachineUpdater] INFO  ratis.OzoneManagerStateMachine (OzoneManagerStateMachine.java:takeSnapshotImpl(484)) - snapshot = (t:1, i:14)
2024-06-12 07:42:03,816 [om1@group-C5BA1605619E-StateMachineUpdater] INFO  impl.StateMachineUpdater (StateMachineUpdater.java:takeSnapshot(295)) - om1@group-C5BA1605619E-StateMachineUpdater: Took a snapshot at index 14
2024-06-12 07:42:03,817 [om1@group-C5BA1605619E-StateMachineUpdater] INFO  impl.StateMachineUpdater (StateMachineUpdater.java:lambda$new$0(98)) - om1@group-C5BA1605619E-StateMachineUpdater: snapshotIndex: updateIncreasingly -1 -> 14
2024-06-12 07:42:03,817 [om1@group-C5BA1605619E-StateMachineUpdater] INFO  ratis.OzoneManagerStateMachine (OzoneManagerStateMachine.java:close(527)) - Stopping OzoneManagerStateMachine:om1:group-C5BA1605619E.
2024-06-12 07:42:03,817 [om1@group-C5BA1605619E-StateMachineUpdater] INFO  ratis.OzoneManagerDoubleBuffer (OzoneManagerDoubleBuffer.java:stopDaemon(517)) - Stopping OMDoubleBuffer flush thread
2024-06-12 07:42:03,817 [om1-OMDoubleBufferFlushThread] INFO  ratis.OzoneManagerDoubleBuffer (OzoneManagerDoubleBuffer.java:canFlush(581)) - OMDoubleBuffer flush thread om1-OMDoubleBufferFlushThread is interrupted and will exit.
2024-06-12 07:42:03,817 [om1-impl-thread2] INFO  server.RaftServer$Division (ServerState.java:close(427)) - om1@group-C5BA1605619E: applyIndex: 14
2024-06-12 07:42:03,818 [om1@group-C5BA1605619E-cacheEviction-AwaitToRun] INFO  util.AwaitToRun (AwaitToRun.java:run(49)) - om1@group-C5BA1605619E-cacheEviction-AwaitToRun-AwaitForSignal is interrupted
2024-06-12 07:42:04,535 [om1-impl-thread2] INFO  segmented.SegmentedRaftLogWorker (SegmentedRaftLogWorker.java:close(245)) - om1@group-C5BA1605619E-SegmentedRaftLogWorker close()
2024-06-12 07:42:04,535 [JvmPauseMonitor13] INFO  util.JvmPauseMonitor (JvmPauseMonitor.java:run(152)) - JvmPauseMonitor-om1: Stopped
2024-06-12 07:42:04,535 [main] INFO  utils.BackgroundService (BackgroundService.java:shutdown(160)) - Shutting down service KeyDeletingService
2024-06-12 07:42:04,535 [main] INFO  utils.BackgroundService (BackgroundService.java:shutdown(160)) - Shutting down service DirectoryDeletingService
2024-06-12 07:42:04,536 [main] INFO  utils.BackgroundService (BackgroundService.java:shutdown(160)) - Shutting down service OpenKeyCleanupService
2024-06-12 07:42:04,536 [main] INFO  utils.BackgroundService (BackgroundService.java:shutdown(160)) - Shutting down service SstFilteringService
2024-06-12 07:42:04,536 [main] INFO  utils.BackgroundService (BackgroundService.java:shutdown(160)) - Shutting down service SnapshotDeletingService
2024-06-12 07:42:04,536 [main] INFO  utils.BackgroundService (BackgroundService.java:shutdown(160)) - Shutting down service MultipartUploadCleanupService
2024-06-12 07:42:04,536 [main] INFO  utils.BackgroundService (BackgroundService.java:shutdown(160)) - Shutting down service SnapshotDirectoryCleaningService
2024-06-12 07:42:04,537 [main] INFO  handler.ContextHandler (ContextHandler.java:doStop(1159)) - Stopped o.e.j.w.WebAppContext@4155e85d{ozoneManager,/,null,STOPPED}{file:/home/runner/work/ozone/ozone/hadoop-ozone/integration-test/target/test-classes/webapps/ozoneManager}
2024-06-12 07:42:04,537 [main] INFO  server.AbstractConnector (AbstractConnector.java:doStop(383)) - Stopped ServerConnector@416bf563{HTTP/1.1, (http/1.1)}{0.0.0.0:15103}
2024-06-12 07:42:04,537 [main] INFO  server.session (HouseKeeper.java:stopScavenging(149)) - node0 Stopped scavenging
2024-06-12 07:42:04,538 [main] INFO  handler.ContextHandler (ContextHandler.java:doStop(1159)) - Stopped o.e.j.s.ServletContextHandler@3a4af228{static,/static,file:///home/runner/work/ozone/ozone/hadoop-ozone/integration-test/target/test-classes/webapps/static,STOPPED}
2024-06-12 07:42:04,538 [main] INFO  handler.ContextHandler (ContextHandler.java:doStop(1159)) - Stopped o.e.j.s.ServletContextHandler@e888636{logs,/logs,file:///home/runner/work/ozone/ozone/hadoop-ozone/integration-test/target/log,STOPPED}
2024-06-12 07:42:04,538 [main] INFO  rocksdiff.RocksDBCheckpointDiffer (RocksDBCheckpointDiffer.java:close(306)) - Shutting down CompactionDagPruningService.
2024-06-12 07:42:04,540 [main] INFO  snapshot.SnapshotDiffManager (SnapshotDiffManager.java:closeExecutorService(1657)) - Shutting down executorService: 'SnapDiffExecutor'
2024-06-12 07:42:04,540 [main] INFO  utils.BackgroundService (BackgroundService.java:shutdown(160)) - Shutting down service SnapshotDiffCleanupService
2024-06-12 07:42:04,542 [main] INFO  ozone.MiniOzoneClusterImpl (MiniOzoneClusterImpl.java:stopDatanodes(471)) - Stopping the HddsDatanodes
2024-06-12 07:42:04,543 [ForkJoinPool.commonPool-worker-7] INFO  ozoneimpl.OzoneContainer (OzoneContainer.java:stop(481)) - Attempting to stop container services.
2024-06-12 07:42:04,543 [ContainerMetadataScanner] WARN  ozoneimpl.AbstractBackgroundContainerScanner (AbstractBackgroundContainerScanner.java:handleRemainingSleep(134)) - Background container scan was interrupted.
2024-06-12 07:42:04,543 [ContainerMetadataScanner] INFO  ozoneimpl.AbstractBackgroundContainerScanner (AbstractBackgroundContainerScanner.java:run(61)) - Thread[ContainerMetadataScanner,5,main] exiting.
2024-06-12 07:42:04,544 [ForkJoinPool.commonPool-worker-7] INFO  ozoneimpl.BackgroundContainerDataScanner (BackgroundContainerDataScanner.java:shutdown(141)) - ContainerDataScanner(/home/runner/work/ozone/ozone/hadoop-ozone/integration-test/target/test-dir/MiniOzoneClusterImpl-63f03bc8-0399-4ce2-9c43-ca6ad8c463d8/ozone-meta/datanode-2/data-0/hdds) is shutting down. 
2024-06-12 07:42:04,544 [ForkJoinPool.commonPool-worker-5] INFO  ozoneimpl.OzoneContainer (OzoneContainer.java:stop(481)) - Attempting to stop container services.
2024-06-12 07:42:04,544 [ForkJoinPool.commonPool-worker-1] INFO  ozoneimpl.OzoneContainer (OzoneContainer.java:stop(481)) - Attempting to stop container services.
2024-06-12 07:42:04,544 [ContainerMetadataScanner] WARN  ozoneimpl.AbstractBackgroundContainerScanner (AbstractBackgroundContainerScanner.java:handleRemainingSleep(134)) - Background container scan was interrupted.
2024-06-12 07:42:04,545 [ContainerMetadataScanner] INFO  ozoneimpl.AbstractBackgroundContainerScanner (AbstractBackgroundContainerScanner.java:run(61)) - Thread[ContainerMetadataScanner,5,main] exiting.
2024-06-12 07:42:04,544 [ContainerDataScanner(/home/runner/work/ozone/ozone/hadoop-ozone/integration-test/target/test-dir/MiniOzoneClusterImpl-63f03bc8-0399-4ce2-9c43-ca6ad8c463d8/ozone-meta/datanode-2/data-0/hdds)] WARN  ozoneimpl.AbstractBackgroundContainerScanner (AbstractBackgroundContainerScanner.java:handleRemainingSleep(134)) - Background container scan was interrupted.
2024-06-12 07:42:04,545 [ContainerDataScanner(/home/runner/work/ozone/ozone/hadoop-ozone/integration-test/target/test-dir/MiniOzoneClusterImpl-63f03bc8-0399-4ce2-9c43-ca6ad8c463d8/ozone-meta/datanode-2/data-0/hdds)] INFO  ozoneimpl.AbstractBackgroundContainerScanner (AbstractBackgroundContainerScanner.java:run(61)) - ContainerDataScanner(/home/runner/work/ozone/ozone/hadoop-ozone/integration-test/target/test-dir/MiniOzoneClusterImpl-63f03bc8-0399-4ce2-9c43-ca6ad8c463d8/ozone-meta/datanode-2/data-0/hdds, DS-e552e796-c305-4dd5-95b2-8070ab08ff04) exiting.
2024-06-12 07:42:04,544 [ContainerMetadataScanner] WARN  ozoneimpl.AbstractBackgroundContainerScanner (AbstractBackgroundContainerScanner.java:handleRemainingSleep(134)) - Background container scan was interrupted.
2024-06-12 07:42:04,545 [ContainerMetadataScanner] INFO  ozoneimpl.AbstractBackgroundContainerScanner (AbstractBackgroundContainerScanner.java:run(61)) - Thread[ContainerMetadataScanner,5,main] exiting.
2024-06-12 07:42:04,545 [ForkJoinPool.commonPool-worker-5] INFO  ozoneimpl.BackgroundContainerDataScanner (BackgroundContainerDataScanner.java:shutdown(141)) - ContainerDataScanner(/home/runner/work/ozone/ozone/hadoop-ozone/integration-test/target/test-dir/MiniOzoneClusterImpl-63f03bc8-0399-4ce2-9c43-ca6ad8c463d8/ozone-meta/datanode-3/data-0/hdds) is shutting down. 
2024-06-12 07:42:04,545 [ForkJoinPool.commonPool-worker-1] INFO  ozoneimpl.BackgroundContainerDataScanner (BackgroundContainerDataScanner.java:shutdown(141)) - ContainerDataScanner(/home/runner/work/ozone/ozone/hadoop-ozone/integration-test/target/test-dir/MiniOzoneClusterImpl-63f03bc8-0399-4ce2-9c43-ca6ad8c463d8/ozone-meta/datanode-1/data-0/hdds) is shutting down. 
2024-06-12 07:42:04,545 [ContainerDataScanner(/home/runner/work/ozone/ozone/hadoop-ozone/integration-test/target/test-dir/MiniOzoneClusterImpl-63f03bc8-0399-4ce2-9c43-ca6ad8c463d8/ozone-meta/datanode-3/data-0/hdds)] WARN  ozoneimpl.AbstractBackgroundContainerScanner (AbstractBackgroundContainerScanner.java:handleRemainingSleep(134)) - Background container scan was interrupted.
2024-06-12 07:42:04,545 [ContainerDataScanner(/home/runner/work/ozone/ozone/hadoop-ozone/integration-test/target/test-dir/MiniOzoneClusterImpl-63f03bc8-0399-4ce2-9c43-ca6ad8c463d8/ozone-meta/datanode-1/data-0/hdds)] WARN  ozoneimpl.AbstractBackgroundContainerScanner (AbstractBackgroundContainerScanner.java:handleRemainingSleep(134)) - Background container scan was interrupted.
2024-06-12 07:42:04,545 [ContainerDataScanner(/home/runner/work/ozone/ozone/hadoop-ozone/integration-test/target/test-dir/MiniOzoneClusterImpl-63f03bc8-0399-4ce2-9c43-ca6ad8c463d8/ozone-meta/datanode-1/data-0/hdds)] INFO  ozoneimpl.AbstractBackgroundContainerScanner (AbstractBackgroundContainerScanner.java:run(61)) - ContainerDataScanner(/home/runner/work/ozone/ozone/hadoop-ozone/integration-test/target/test-dir/MiniOzoneClusterImpl-63f03bc8-0399-4ce2-9c43-ca6ad8c463d8/ozone-meta/datanode-1/data-0/hdds, DS-132f5b2d-85d7-402f-8427-44e8dd53bd35) exiting.
2024-06-12 07:42:04,545 [ContainerDataScanner(/home/runner/work/ozone/ozone/hadoop-ozone/integration-test/target/test-dir/MiniOzoneClusterImpl-63f03bc8-0399-4ce2-9c43-ca6ad8c463d8/ozone-meta/datanode-3/data-0/hdds)] INFO  ozoneimpl.AbstractBackgroundContainerScanner (AbstractBackgroundContainerScanner.java:run(61)) - ContainerDataScanner(/home/runner/work/ozone/ozone/hadoop-ozone/integration-test/target/test-dir/MiniOzoneClusterImpl-63f03bc8-0399-4ce2-9c43-ca6ad8c463d8/ozone-meta/datanode-3/data-0/hdds, DS-769adfd5-b955-4210-9d4e-df0a26abcee9) exiting.
2024-06-12 07:42:04,546 [ForkJoinPool.commonPool-worker-5] INFO  server.RaftServer (RaftServerProxy.java:lambda$close$9(416)) - 8c3b1af4-43ff-4c22-ad10-b37d9e41628a: close
2024-06-12 07:42:04,546 [ForkJoinPool.commonPool-worker-1] INFO  server.RaftServer (RaftServerProxy.java:lambda$close$9(416)) - 86e236ad-53d7-40fc-9454-d100b30595d4: close
2024-06-12 07:42:04,546 [ForkJoinPool.commonPool-worker-7] INFO  server.RaftServer (RaftServerProxy.java:lambda$close$9(416)) - 893f21cf-1739-427a-a93c-5929db1902c5: close
2024-06-12 07:42:04,546 [main] INFO  ozoneimpl.OzoneContainer (OzoneContainer.java:stop(481)) - Attempting to stop container services.
2024-06-12 07:42:04,547 [8c3b1af4-43ff-4c22-ad10-b37d9e41628a-impl-thread2] INFO  server.RaftServer$Division (RaftServerImpl.java:lambda$close$3(526)) - 8c3b1af4-43ff-4c22-ad10-b37d9e41628a@group-47098A2D7F4D: shutdown
2024-06-12 07:42:04,547 [ContainerMetadataScanner] WARN  ozoneimpl.AbstractBackgroundContainerScanner (AbstractBackgroundContainerScanner.java:handleRemainingSleep(134)) - Background container scan was interrupted.
2024-06-12 07:42:04,547 [ContainerMetadataScanner] INFO  ozoneimpl.AbstractBackgroundContainerScanner (AbstractBackgroundContainerScanner.java:run(61)) - Thread[ContainerMetadataScanner,5,main] exiting.
2024-06-12 07:42:04,547 [8c3b1af4-43ff-4c22-ad10-b37d9e41628a-impl-thread2] INFO  util.JmxRegister (JmxRegister.java:unregister(73)) - Successfully un-registered JMX Bean with object name Ratis:service=RaftServer,group=group-47098A2D7F4D,id=8c3b1af4-43ff-4c22-ad10-b37d9e41628a
2024-06-12 07:42:04,547 [8c3b1af4-43ff-4c22-ad10-b37d9e41628a-impl-thread2] INFO  impl.RoleInfo (RoleInfo.java:shutdownFollowerState(110)) - 8c3b1af4-43ff-4c22-ad10-b37d9e41628a: shutdown 8c3b1af4-43ff-4c22-ad10-b37d9e41628a@group-47098A2D7F4D-FollowerState
2024-06-12 07:42:04,547 [main] INFO  ozoneimpl.BackgroundContainerDataScanner (BackgroundContainerDataScanner.java:shutdown(141)) - ContainerDataScanner(/home/runner/work/ozone/ozone/hadoop-ozone/integration-test/target/test-dir/MiniOzoneClusterImpl-63f03bc8-0399-4ce2-9c43-ca6ad8c463d8/ozone-meta/datanode-6/data-0/hdds) is shutting down. 
2024-06-12 07:42:04,547 [8c3b1af4-43ff-4c22-ad10-b37d9e41628a@group-47098A2D7F4D-FollowerState] INFO  impl.FollowerState (FollowerState.java:run(152)) - 8c3b1af4-43ff-4c22-ad10-b37d9e41628a@group-47098A2D7F4D-FollowerState was interrupted
2024-06-12 07:42:04,547 [ContainerDataScanner(/home/runner/work/ozone/ozone/hadoop-ozone/integration-test/target/test-dir/MiniOzoneClusterImpl-63f03bc8-0399-4ce2-9c43-ca6ad8c463d8/ozone-meta/datanode-6/data-0/hdds)] WARN  ozoneimpl.AbstractBackgroundContainerScanner (AbstractBackgroundContainerScanner.java:handleRemainingSleep(134)) - Background container scan was interrupted.
2024-06-12 07:42:04,547 [ContainerDataScanner(/home/runner/work/ozone/ozone/hadoop-ozone/integration-test/target/test-dir/MiniOzoneClusterImpl-63f03bc8-0399-4ce2-9c43-ca6ad8c463d8/ozone-meta/datanode-6/data-0/hdds)] INFO  ozoneimpl.AbstractBackgroundContainerScanner (AbstractBackgroundContainerScanner.java:run(61)) - ContainerDataScanner(/home/runner/work/ozone/ozone/hadoop-ozone/integration-test/target/test-dir/MiniOzoneClusterImpl-63f03bc8-0399-4ce2-9c43-ca6ad8c463d8/ozone-meta/datanode-6/data-0/hdds, DS-aff25e3d-5612-491b-9f33-3fc32d9f6759) exiting.
2024-06-12 07:42:04,547 [8c3b1af4-43ff-4c22-ad10-b37d9e41628a-impl-thread2] INFO  impl.StateMachineUpdater (StateMachineUpdater.java:stopAndJoin(157)) - 8c3b1af4-43ff-4c22-ad10-b37d9e41628a@group-47098A2D7F4D-StateMachineUpdater: set stopIndex = 15
2024-06-12 07:42:04,547 [8c3b1af4-43ff-4c22-ad10-b37d9e41628a@group-47098A2D7F4D-StateMachineUpdater] INFO  ratis.ContainerStateMachine (ContainerStateMachine.java:takeSnapshot(355)) - group-47098A2D7F4D: Taking a snapshot at:(t:1, i:15) file /home/runner/work/ozone/ozone/hadoop-ozone/integration-test/target/test-dir/MiniOzoneClusterImpl-63f03bc8-0399-4ce2-9c43-ca6ad8c463d8/ozone-meta/datanode-3/ratis/b379d3c7-0862-45bb-b0cf-47098a2d7f4d/sm/snapshot.1_15
2024-06-12 07:42:04,547 [main] INFO  server.RaftServer (RaftServerProxy.java:lambda$close$9(416)) - 29194895-a428-4dbc-89d8-767dd839d7c3: close
2024-06-12 07:42:04,548 [8c3b1af4-43ff-4c22-ad10-b37d9e41628a-impl-thread3] INFO  server.RaftServer$Division (RaftServerImpl.java:lambda$close$3(526)) - 8c3b1af4-43ff-4c22-ad10-b37d9e41628a@group-CB34C1DA6ED0: shutdown
2024-06-12 07:42:04,548 [8c3b1af4-43ff-4c22-ad10-b37d9e41628a-impl-thread3] INFO  util.JmxRegister (JmxRegister.java:unregister(73)) - Successfully un-registered JMX Bean with object name Ratis:service=RaftServer,group=group-CB34C1DA6ED0,id=8c3b1af4-43ff-4c22-ad10-b37d9e41628a
2024-06-12 07:42:04,548 [8c3b1af4-43ff-4c22-ad10-b37d9e41628a-impl-thread3] INFO  impl.RoleInfo (RoleInfo.java:shutdownLeaderState(94)) - 8c3b1af4-43ff-4c22-ad10-b37d9e41628a: shutdown 8c3b1af4-43ff-4c22-ad10-b37d9e41628a@group-CB34C1DA6ED0-LeaderStateImpl
2024-06-12 07:42:04,548 [8c3b1af4-43ff-4c22-ad10-b37d9e41628a@group-CB34C1DA6ED0->893f21cf-1739-427a-a93c-5929db1902c5-GrpcLogAppender-LogAppenderDaemon] WARN  server.GrpcLogAppender (GrpcLogAppender.java:mayWait(289)) - 8c3b1af4-43ff-4c22-ad10-b37d9e41628a@group-CB34C1DA6ED0->893f21cf-1739-427a-a93c-5929db1902c5-GrpcLogAppender: Wait interrupted by java.lang.InterruptedException
2024-06-12 07:42:04,548 [ForkJoinPool.commonPool-worker-5] INFO  server.GrpcService (GrpcService.java:closeImpl(311)) - 8c3b1af4-43ff-4c22-ad10-b37d9e41628a: shutdown server org.apache.ratis.grpc.server.GrpcClientProtocolService now
2024-06-12 07:42:04,548 [8c3b1af4-43ff-4c22-ad10-b37d9e41628a-impl-thread3] INFO  impl.PendingRequests (PendingRequests.java:sendNotLeaderResponses(289)) - 8c3b1af4-43ff-4c22-ad10-b37d9e41628a@group-CB34C1DA6ED0-PendingRequests: sendNotLeaderResponses
2024-06-12 07:42:04,548 [8c3b1af4-43ff-4c22-ad10-b37d9e41628a@group-47098A2D7F4D-StateMachineUpdater] INFO  ratis.ContainerStateMachine (ContainerStateMachine.java:takeSnapshot(366)) - group-47098A2D7F4D: Finished taking a snapshot at:(t:1, i:15) file:/home/runner/work/ozone/ozone/hadoop-ozone/integration-test/target/test-dir/MiniOzoneClusterImpl-63f03bc8-0399-4ce2-9c43-ca6ad8c463d8/ozone-meta/datanode-3/ratis/b379d3c7-0862-45bb-b0cf-47098a2d7f4d/sm/snapshot.1_15 took: 2 ms
2024-06-12 07:42:04,548 [8c3b1af4-43ff-4c22-ad10-b37d9e41628a@group-CB34C1DA6ED0->86e236ad-53d7-40fc-9454-d100b30595d4-GrpcLogAppender-LogAppenderDaemon] WARN  server.GrpcLogAppender (GrpcLogAppender.java:mayWait(289)) - 8c3b1af4-43ff-4c22-ad10-b37d9e41628a@group-CB34C1DA6ED0->86e236ad-53d7-40fc-9454-d100b30595d4-GrpcLogAppender: Wait interrupted by java.lang.InterruptedException
2024-06-12 07:42:04,548 [8c3b1af4-43ff-4c22-ad10-b37d9e41628a@group-47098A2D7F4D-StateMachineUpdater] INFO  impl.StateMachineUpdater (StateMachineUpdater.java:takeSnapshot(295)) - 8c3b1af4-43ff-4c22-ad10-b37d9e41628a@group-47098A2D7F4D-StateMachineUpdater: Took a snapshot at index 15
2024-06-12 07:42:04,549 [8c3b1af4-43ff-4c22-ad10-b37d9e41628a@group-47098A2D7F4D-StateMachineUpdater] INFO  impl.StateMachineUpdater (StateMachineUpdater.java:lambda$new$0(98)) - 8c3b1af4-43ff-4c22-ad10-b37d9e41628a@group-47098A2D7F4D-StateMachineUpdater: snapshotIndex: updateIncreasingly -1 -> 15
2024-06-12 07:42:04,549 [8c3b1af4-43ff-4c22-ad10-b37d9e41628a-impl-thread2] INFO  server.RaftServer$Division (ServerState.java:close(427)) - 8c3b1af4-43ff-4c22-ad10-b37d9e41628a@group-47098A2D7F4D: applyIndex: 15
2024-06-12 07:42:04,549 [8c3b1af4-43ff-4c22-ad10-b37d9e41628a@group-47098A2D7F4D-cacheEviction-AwaitToRun] INFO  util.AwaitToRun (AwaitToRun.java:run(49)) - 8c3b1af4-43ff-4c22-ad10-b37d9e41628a@group-47098A2D7F4D-cacheEviction-AwaitToRun-AwaitForSignal is interrupted
2024-06-12 07:42:04,549 [8c3b1af4-43ff-4c22-ad10-b37d9e41628a@group-CB34C1DA6ED0-StateMachineUpdater] INFO  ratis.ContainerStateMachine (ContainerStateMachine.java:takeSnapshot(355)) - group-CB34C1DA6ED0: Taking a snapshot at:(t:1, i:26) file /home/runner/work/ozone/ozone/hadoop-ozone/integration-test/target/test-dir/MiniOzoneClusterImpl-63f03bc8-0399-4ce2-9c43-ca6ad8c463d8/ozone-meta/datanode-3/ratis/6eb71243-7091-4c40-8083-cb34c1da6ed0/sm/snapshot.1_26
2024-06-12 07:42:04,549 [8c3b1af4-43ff-4c22-ad10-b37d9e41628a-impl-thread4] INFO  server.RaftServer$Division (RaftServerImpl.java:lambda$close$3(526)) - 8c3b1af4-43ff-4c22-ad10-b37d9e41628a@group-443CF7A8C5C3: shutdown
2024-06-12 07:42:04,549 [grpc-default-executor-1] INFO  server.GrpcServerProtocolService (GrpcServerProtocolService.java:onCompleted(157)) - 86e236ad-53d7-40fc-9454-d100b30595d4: Completed APPEND_ENTRIES, lastRequest: 8c3b1af4-43ff-4c22-ad10-b37d9e41628a->86e236ad-53d7-40fc-9454-d100b30595d4#685-t1,previous=(t:1, i:25),leaderCommit=25,initializing? false,entries: size=1, first=(t:1, i:26), METADATAENTRY(c:25)
2024-06-12 07:42:04,549 [grpc-default-executor-2] INFO  server.GrpcServerProtocolService (GrpcServerProtocolService.java:onCompleted(157)) - 86e236ad-53d7-40fc-9454-d100b30595d4: Completed APPEND_ENTRIES, lastRequest: null
2024-06-12 07:42:04,550 [Thread-2584] INFO  server.GrpcServerProtocolClient (GrpcServerProtocolClient.java:close(103)) - 893f21cf-1739-427a-a93c-5929db1902c5 Close channels
2024-06-12 07:42:04,550 [8c3b1af4-43ff-4c22-ad10-b37d9e41628a@group-CB34C1DA6ED0-StateMachineUpdater] INFO  ratis.ContainerStateMachine (ContainerStateMachine.java:takeSnapshot(366)) - group-CB34C1DA6ED0: Finished taking a snapshot at:(t:1, i:26) file:/home/runner/work/ozone/ozone/hadoop-ozone/integration-test/target/test-dir/MiniOzoneClusterImpl-63f03bc8-0399-4ce2-9c43-ca6ad8c463d8/ozone-meta/datanode-3/ratis/6eb71243-7091-4c40-8083-cb34c1da6ed0/sm/snapshot.1_26 took: 1 ms
2024-06-12 07:42:04,550 [Thread-2585] INFO  server.GrpcServerProtocolClient (GrpcServerProtocolClient.java:close(103)) - 86e236ad-53d7-40fc-9454-d100b30595d4 Close channels
2024-06-12 07:42:04,550 [8c3b1af4-43ff-4c22-ad10-b37d9e41628a@group-CB34C1DA6ED0-StateMachineUpdater] INFO  impl.StateMachineUpdater (StateMachineUpdater.java:takeSnapshot(295)) - 8c3b1af4-43ff-4c22-ad10-b37d9e41628a@group-CB34C1DA6ED0-StateMachineUpdater: Took a snapshot at index 26
2024-06-12 07:42:04,550 [grpc-default-executor-2] INFO  server.GrpcServerProtocolService (GrpcServerProtocolService.java:lambda$onCompleted$5(159)) - 86e236ad-53d7-40fc-9454-d100b30595d4: Completed APPEND_ENTRIES, lastReply: serverReply {
  requestorId: "8c3b1af4-43ff-4c22-ad10-b37d9e41628a"
  replyId: "86e236ad-53d7-40fc-9454-d100b30595d4"
  raftGroupId {
    id: "n\267\022Cp\221L@\200\203\3134\301\332n\320"
  }
  callId: 690
  success: true
}
term: 1
nextIndex: 27
followerCommit: 26
matchIndex: 18446744073709551615
isHearbeat: true

2024-06-12 07:42:04,550 [893f21cf-1739-427a-a93c-5929db1902c5-impl-thread2] INFO  server.RaftServer$Division (RaftServerImpl.java:lambda$close$3(526)) - 893f21cf-1739-427a-a93c-5929db1902c5@group-47098A2D7F4D: shutdown
2024-06-12 07:42:04,550 [893f21cf-1739-427a-a93c-5929db1902c5-impl-thread2] INFO  util.JmxRegister (JmxRegister.java:unregister(73)) - Successfully un-registered JMX Bean with object name Ratis:service=RaftServer,group=group-47098A2D7F4D,id=893f21cf-1739-427a-a93c-5929db1902c5
2024-06-12 07:42:04,550 [893f21cf-1739-427a-a93c-5929db1902c5-impl-thread2] INFO  impl.RoleInfo (RoleInfo.java:shutdownFollowerState(110)) - 893f21cf-1739-427a-a93c-5929db1902c5: shutdown 893f21cf-1739-427a-a93c-5929db1902c5@group-47098A2D7F4D-FollowerState
2024-06-12 07:42:04,550 [893f21cf-1739-427a-a93c-5929db1902c5@group-47098A2D7F4D-FollowerState] INFO  impl.FollowerState (FollowerState.java:run(152)) - 893f21cf-1739-427a-a93c-5929db1902c5@group-47098A2D7F4D-FollowerState was interrupted
2024-06-12 07:42:04,551 [grpc-default-executor-6] INFO  server.GrpcLogAppender (GrpcLogAppender.java:onCompleted(546)) - 8c3b1af4-43ff-4c22-ad10-b37d9e41628a@group-CB34C1DA6ED0->86e236ad-53d7-40fc-9454-d100b30595d4-AppendLogResponseHandler: follower responses appendEntries COMPLETED
2024-06-12 07:42:04,551 [main] INFO  server.GrpcService (GrpcService.java:closeImpl(311)) - 29194895-a428-4dbc-89d8-767dd839d7c3: shutdown server org.apache.ratis.grpc.server.GrpcClientProtocolService now
2024-06-12 07:42:04,551 [29194895-a428-4dbc-89d8-767dd839d7c3-impl-thread2] INFO  server.RaftServer$Division (RaftServerImpl.java:lambda$close$3(526)) - 29194895-a428-4dbc-89d8-767dd839d7c3@group-26EE86764DB4: shutdown
2024-06-12 07:42:04,551 [29194895-a428-4dbc-89d8-767dd839d7c3-impl-thread2] INFO  util.JmxRegister (JmxRegister.java:unregister(73)) - Successfully un-registered JMX Bean with object name Ratis:service=RaftServer,group=group-26EE86764DB4,id=29194895-a428-4dbc-89d8-767dd839d7c3
2024-06-12 07:42:04,551 [29194895-a428-4dbc-89d8-767dd839d7c3-impl-thread2] INFO  impl.RoleInfo (RoleInfo.java:shutdownLeaderState(94)) - 29194895-a428-4dbc-89d8-767dd839d7c3: shutdown 29194895-a428-4dbc-89d8-767dd839d7c3@group-26EE86764DB4-LeaderStateImpl
2024-06-12 07:42:04,551 [29194895-a428-4dbc-89d8-767dd839d7c3-impl-thread2] INFO  impl.PendingRequests (PendingRequests.java:sendNotLeaderResponses(289)) - 29194895-a428-4dbc-89d8-767dd839d7c3@group-26EE86764DB4-PendingRequests: sendNotLeaderResponses
2024-06-12 07:42:04,551 [29194895-a428-4dbc-89d8-767dd839d7c3@group-26EE86764DB4-StateMachineUpdater] INFO  ratis.ContainerStateMachine (ContainerStateMachine.java:takeSnapshot(355)) - group-26EE86764DB4: Taking a snapshot at:(t:1, i:0) file /home/runner/work/ozone/ozone/hadoop-ozone/integration-test/target/test-dir/MiniOzoneClusterImpl-63f03bc8-0399-4ce2-9c43-ca6ad8c463d8/ozone-meta/datanode-6/ratis/2bbdbdde-9b6a-4dd9-ac95-26ee86764db4/sm/snapshot.1_0
2024-06-12 07:42:04,552 [29194895-a428-4dbc-89d8-767dd839d7c3-impl-thread2] INFO  impl.StateMachineUpdater (StateMachineUpdater.java:stopAndJoin(157)) - 29194895-a428-4dbc-89d8-767dd839d7c3@group-26EE86764DB4-StateMachineUpdater: set stopIndex = 0
2024-06-12 07:42:04,552 [29194895-a428-4dbc-89d8-767dd839d7c3@group-26EE86764DB4-StateMachineUpdater] INFO  ratis.ContainerStateMachine (ContainerStateMachine.java:takeSnapshot(366)) - group-26EE86764DB4: Finished taking a snapshot at:(t:1, i:0) file:/home/runner/work/ozone/ozone/hadoop-ozone/integration-test/target/test-dir/MiniOzoneClusterImpl-63f03bc8-0399-4ce2-9c43-ca6ad8c463d8/ozone-meta/datanode-6/ratis/2bbdbdde-9b6a-4dd9-ac95-26ee86764db4/sm/snapshot.1_0 took: 0 ms
2024-06-12 07:42:04,552 [29194895-a428-4dbc-89d8-767dd839d7c3@group-26EE86764DB4-StateMachineUpdater] INFO  impl.StateMachineUpdater (StateMachineUpdater.java:takeSnapshot(295)) - 29194895-a428-4dbc-89d8-767dd839d7c3@group-26EE86764DB4-StateMachineUpdater: Took a snapshot at index 0
2024-06-12 07:42:04,552 [29194895-a428-4dbc-89d8-767dd839d7c3@group-26EE86764DB4-StateMachineUpdater] INFO  impl.StateMachineUpdater (StateMachineUpdater.java:lambda$new$0(98)) - 29194895-a428-4dbc-89d8-767dd839d7c3@group-26EE86764DB4-StateMachineUpdater: snapshotIndex: updateIncreasingly -1 -> 0
2024-06-12 07:42:04,552 [ForkJoinPool.commonPool-worker-7] INFO  server.GrpcService (GrpcService.java:closeImpl(311)) - 893f21cf-1739-427a-a93c-5929db1902c5: shutdown server org.apache.ratis.grpc.server.GrpcClientProtocolService now
2024-06-12 07:42:04,552 [29194895-a428-4dbc-89d8-767dd839d7c3-impl-thread2] INFO  server.RaftServer$Division (ServerState.java:close(427)) - 29194895-a428-4dbc-89d8-767dd839d7c3@group-26EE86764DB4: applyIndex: 0
2024-06-12 07:42:04,552 [893f21cf-1739-427a-a93c-5929db1902c5-impl-thread4] INFO  server.RaftServer$Division (RaftServerImpl.java:lambda$close$3(526)) - 893f21cf-1739-427a-a93c-5929db1902c5@group-CB34C1DA6ED0: shutdown
2024-06-12 07:42:04,552 [893f21cf-1739-427a-a93c-5929db1902c5-impl-thread4] INFO  util.JmxRegister (JmxRegister.java:unregister(73)) - Successfully un-registered JMX Bean with object name Ratis:service=RaftServer,group=group-CB34C1DA6ED0,id=893f21cf-1739-427a-a93c-5929db1902c5
2024-06-12 07:42:04,552 [893f21cf-1739-427a-a93c-5929db1902c5-impl-thread4] INFO  impl.RoleInfo (RoleInfo.java:shutdownFollowerState(110)) - 893f21cf-1739-427a-a93c-5929db1902c5: shutdown 893f21cf-1739-427a-a93c-5929db1902c5@group-CB34C1DA6ED0-FollowerState
2024-06-12 07:42:04,553 [893f21cf-1739-427a-a93c-5929db1902c5-impl-thread4] INFO  impl.StateMachineUpdater (StateMachineUpdater.java:stopAndJoin(157)) - 893f21cf-1739-427a-a93c-5929db1902c5@group-CB34C1DA6ED0-StateMachineUpdater: set stopIndex = 26
2024-06-12 07:42:04,549 [8c3b1af4-43ff-4c22-ad10-b37d9e41628a-impl-thread3] INFO  impl.StateMachineUpdater (StateMachineUpdater.java:stopAndJoin(157)) - 8c3b1af4-43ff-4c22-ad10-b37d9e41628a@group-CB34C1DA6ED0-StateMachineUpdater: set stopIndex = 26
2024-06-12 07:42:04,548 [grpc-default-executor-3] INFO  server.GrpcServerProtocolService (GrpcServerProtocolService.java:onCompleted(157)) - 893f21cf-1739-427a-a93c-5929db1902c5: Completed APPEND_ENTRIES, lastRequest: 8c3b1af4-43ff-4c22-ad10-b37d9e41628a->893f21cf-1739-427a-a93c-5929db1902c5#695-t1,previous=(t:1, i:25),leaderCommit=25,initializing? false,entries: size=1, first=(t:1, i:26), METADATAENTRY(c:25)
2024-06-12 07:42:04,553 [grpc-default-executor-3] INFO  server.GrpcServerProtocolService (GrpcServerProtocolService.java:lambda$onCompleted$5(159)) - 893f21cf-1739-427a-a93c-5929db1902c5: Completed APPEND_ENTRIES, lastReply: null
2024-06-12 07:42:04,554 [86e236ad-53d7-40fc-9454-d100b30595d4-impl-thread2] INFO  server.RaftServer$Division (RaftServerImpl.java:lambda$close$3(526)) - 86e236ad-53d7-40fc-9454-d100b30595d4@group-47098A2D7F4D: shutdown
2024-06-12 07:42:04,548 [grpc-default-executor-7] INFO  server.GrpcServerProtocolService (GrpcServerProtocolService.java:onCompleted(157)) - 893f21cf-1739-427a-a93c-5929db1902c5: Completed APPEND_ENTRIES, lastRequest: null
2024-06-12 07:42:04,554 [86e236ad-53d7-40fc-9454-d100b30595d4-impl-thread2] INFO  util.JmxRegister (JmxRegister.java:unregister(73)) - Successfully un-registered JMX Bean with object name Ratis:service=RaftServer,group=group-47098A2D7F4D,id=86e236ad-53d7-40fc-9454-d100b30595d4
2024-06-12 07:42:04,554 [86e236ad-53d7-40fc-9454-d100b30595d4-impl-thread2] INFO  impl.RoleInfo (RoleInfo.java:shutdownLeaderState(94)) - 86e236ad-53d7-40fc-9454-d100b30595d4: shutdown 86e236ad-53d7-40fc-9454-d100b30595d4@group-47098A2D7F4D-LeaderStateImpl
2024-06-12 07:42:04,553 [893f21cf-1739-427a-a93c-5929db1902c5@group-CB34C1DA6ED0-StateMachineUpdater] INFO  ratis.ContainerStateMachine (ContainerStateMachine.java:takeSnapshot(355)) - group-CB34C1DA6ED0: Taking a snapshot at:(t:1, i:26) file /home/runner/work/ozone/ozone/hadoop-ozone/integration-test/target/test-dir/MiniOzoneClusterImpl-63f03bc8-0399-4ce2-9c43-ca6ad8c463d8/ozone-meta/datanode-2/ratis/6eb71243-7091-4c40-8083-cb34c1da6ed0/sm/snapshot.1_26
2024-06-12 07:42:04,554 [86e236ad-53d7-40fc-9454-d100b30595d4@group-47098A2D7F4D->8c3b1af4-43ff-4c22-ad10-b37d9e41628a-GrpcLogAppender-LogAppenderDaemon] WARN  server.GrpcLogAppender (GrpcLogAppender.java:mayWait(289)) - 86e236ad-53d7-40fc-9454-d100b30595d4@group-47098A2D7F4D->8c3b1af4-43ff-4c22-ad10-b37d9e41628a-GrpcLogAppender: Wait interrupted by java.lang.InterruptedException
2024-06-12 07:42:04,554 [grpc-default-executor-3] INFO  server.GrpcLogAppender (GrpcLogAppender.java:onCompleted(546)) - 8c3b1af4-43ff-4c22-ad10-b37d9e41628a@group-CB34C1DA6ED0->893f21cf-1739-427a-a93c-5929db1902c5-AppendLogResponseHandler: follower responses appendEntries COMPLETED
2024-06-12 07:42:04,554 [grpc-default-executor-3] WARN  server.GrpcLogAppender (GrpcLogAppender.java:resetClient(226)) - 8c3b1af4-43ff-4c22-ad10-b37d9e41628a@group-CB34C1DA6ED0->893f21cf-1739-427a-a93c-5929db1902c5-GrpcLogAppender: Failed to getClient for 893f21cf-1739-427a-a93c-5929db1902c5
org.apache.ratis.protocol.exceptions.AlreadyClosedException: 8c3b1af4-43ff-4c22-ad10-b37d9e41628a is already CLOSED
	at org.apache.ratis.util.PeerProxyMap$PeerAndProxy.getProxy(PeerProxyMap.java:65)
	at org.apache.ratis.util.PeerProxyMap.getProxy(PeerProxyMap.java:114)
	at org.apache.ratis.grpc.server.GrpcLogAppender.getClient(GrpcLogAppender.java:196)
	at org.apache.ratis.grpc.server.GrpcLogAppender.resetClient(GrpcLogAppender.java:201)
	at org.apache.ratis.grpc.server.GrpcLogAppender.access$800(GrpcLogAppender.java:62)
	at org.apache.ratis.grpc.server.GrpcLogAppender$AppendLogResponseHandler.onCompleted(GrpcLogAppender.java:547)
	at org.apache.ratis.thirdparty.io.grpc.stub.ClientCalls$StreamObserverToCallListenerAdapter.onClose(ClientCalls.java:479)
	at org.apache.ratis.thirdparty.io.grpc.internal.ClientCallImpl.closeObserver(ClientCallImpl.java:567)
	at org.apache.ratis.thirdparty.io.grpc.internal.ClientCallImpl.access$300(ClientCallImpl.java:71)
	at org.apache.ratis.thirdparty.io.grpc.internal.ClientCallImpl$ClientStreamListenerImpl$1StreamClosed.runInternal(ClientCallImpl.java:735)
	at org.apache.ratis.thirdparty.io.grpc.internal.ClientCallImpl$ClientStreamListenerImpl$1StreamClosed.runInContext(ClientCallImpl.java:716)
	at org.apache.ratis.thirdparty.io.grpc.internal.ContextRunnable.run(ContextRunnable.java:37)
	at org.apache.ratis.thirdparty.io.grpc.internal.SerializingExecutor.run(SerializingExecutor.java:133)
	at java.base/java.util.concurrent.ThreadPoolExecutor.runWorker(ThreadPoolExecutor.java:1136)
	at java.base/java.util.concurrent.ThreadPoolExecutor$Worker.run(ThreadPoolExecutor.java:635)
	at java.base/java.lang.Thread.run(Thread.java:840)
2024-06-12 07:42:04,553 [893f21cf-1739-427a-a93c-5929db1902c5@group-CB34C1DA6ED0-FollowerState] INFO  impl.FollowerState (FollowerState.java:run(152)) - 893f21cf-1739-427a-a93c-5929db1902c5@group-CB34C1DA6ED0-FollowerState was interrupted
2024-06-12 07:42:04,552 [29194895-a428-4dbc-89d8-767dd839d7c3@group-26EE86764DB4-cacheEviction-AwaitToRun] INFO  util.AwaitToRun (AwaitToRun.java:run(49)) - 29194895-a428-4dbc-89d8-767dd839d7c3@group-26EE86764DB4-cacheEviction-AwaitToRun-AwaitForSignal is interrupted
2024-06-12 07:42:04,552 [893f21cf-1739-427a-a93c-5929db1902c5-impl-thread3] INFO  server.RaftServer$Division (RaftServerImpl.java:lambda$close$3(526)) - 893f21cf-1739-427a-a93c-5929db1902c5@group-0064B536CEE8: shutdown
2024-06-12 07:42:04,551 [893f21cf-1739-427a-a93c-5929db1902c5-impl-thread2] INFO  impl.StateMachineUpdater (StateMachineUpdater.java:stopAndJoin(157)) - 893f21cf-1739-427a-a93c-5929db1902c5@group-47098A2D7F4D-StateMachineUpdater: set stopIndex = 15
2024-06-12 07:42:04,551 [grpc-default-executor-6] WARN  server.GrpcLogAppender (GrpcLogAppender.java:resetClient(226)) - 8c3b1af4-43ff-4c22-ad10-b37d9e41628a@group-CB34C1DA6ED0->86e236ad-53d7-40fc-9454-d100b30595d4-GrpcLogAppender: Failed to getClient for 86e236ad-53d7-40fc-9454-d100b30595d4
org.apache.ratis.protocol.exceptions.AlreadyClosedException: 8c3b1af4-43ff-4c22-ad10-b37d9e41628a is already CLOSED
	at org.apache.ratis.util.PeerProxyMap$PeerAndProxy.getProxy(PeerProxyMap.java:65)
	at org.apache.ratis.util.PeerProxyMap.getProxy(PeerProxyMap.java:114)
	at org.apache.ratis.grpc.server.GrpcLogAppender.getClient(GrpcLogAppender.java:196)
	at org.apache.ratis.grpc.server.GrpcLogAppender.resetClient(GrpcLogAppender.java:201)
	at org.apache.ratis.grpc.server.GrpcLogAppender.access$800(GrpcLogAppender.java:62)
	at org.apache.ratis.grpc.server.GrpcLogAppender$AppendLogResponseHandler.onCompleted(GrpcLogAppender.java:547)
	at org.apache.ratis.thirdparty.io.grpc.stub.ClientCalls$StreamObserverToCallListenerAdapter.onClose(ClientCalls.java:479)
	at org.apache.ratis.thirdparty.io.grpc.internal.ClientCallImpl.closeObserver(ClientCallImpl.java:567)
	at org.apache.ratis.thirdparty.io.grpc.internal.ClientCallImpl.access$300(ClientCallImpl.java:71)
	at org.apache.ratis.thirdparty.io.grpc.internal.ClientCallImpl$ClientStreamListenerImpl$1StreamClosed.runInternal(ClientCallImpl.java:735)
	at org.apache.ratis.thirdparty.io.grpc.internal.ClientCallImpl$ClientStreamListenerImpl$1StreamClosed.runInContext(ClientCallImpl.java:716)
	at org.apache.ratis.thirdparty.io.grpc.internal.ContextRunnable.run(ContextRunnable.java:37)
	at org.apache.ratis.thirdparty.io.grpc.internal.SerializingExecutor.run(SerializingExecutor.java:133)
	at java.base/java.util.concurrent.ThreadPoolExecutor.runWorker(ThreadPoolExecutor.java:1136)
	at java.base/java.util.concurrent.ThreadPoolExecutor$Worker.run(ThreadPoolExecutor.java:635)
	at java.base/java.lang.Thread.run(Thread.java:840)
2024-06-12 07:42:04,551 [893f21cf-1739-427a-a93c-5929db1902c5@group-47098A2D7F4D-StateMachineUpdater] INFO  ratis.ContainerStateMachine (ContainerStateMachine.java:takeSnapshot(355)) - group-47098A2D7F4D: Taking a snapshot at:(t:1, i:15) file /home/runner/work/ozone/ozone/hadoop-ozone/integration-test/target/test-dir/MiniOzoneClusterImpl-63f03bc8-0399-4ce2-9c43-ca6ad8c463d8/ozone-meta/datanode-2/ratis/b379d3c7-0862-45bb-b0cf-47098a2d7f4d/sm/snapshot.1_15
2024-06-12 07:42:04,550 [8c3b1af4-43ff-4c22-ad10-b37d9e41628a@group-CB34C1DA6ED0-StateMachineUpdater] INFO  impl.StateMachineUpdater (StateMachineUpdater.java:lambda$new$0(98)) - 8c3b1af4-43ff-4c22-ad10-b37d9e41628a@group-CB34C1DA6ED0-StateMachineUpdater: snapshotIndex: updateIncreasingly -1 -> 26
2024-06-12 07:42:04,550 [grpc-default-executor-1] INFO  server.GrpcServerProtocolService (GrpcServerProtocolService.java:lambda$onCompleted$5(159)) - 86e236ad-53d7-40fc-9454-d100b30595d4: Completed APPEND_ENTRIES, lastReply: null
2024-06-12 07:42:04,549 [8c3b1af4-43ff-4c22-ad10-b37d9e41628a-impl-thread4] INFO  util.JmxRegister (JmxRegister.java:unregister(73)) - Successfully un-registered JMX Bean with object name Ratis:service=RaftServer,group=group-443CF7A8C5C3,id=8c3b1af4-43ff-4c22-ad10-b37d9e41628a
2024-06-12 07:42:04,555 [8c3b1af4-43ff-4c22-ad10-b37d9e41628a-impl-thread4] INFO  impl.RoleInfo (RoleInfo.java:shutdownLeaderState(94)) - 8c3b1af4-43ff-4c22-ad10-b37d9e41628a: shutdown 8c3b1af4-43ff-4c22-ad10-b37d9e41628a@group-443CF7A8C5C3-LeaderStateImpl
2024-06-12 07:42:04,555 [8c3b1af4-43ff-4c22-ad10-b37d9e41628a-impl-thread4] INFO  impl.PendingRequests (PendingRequests.java:sendNotLeaderResponses(289)) - 8c3b1af4-43ff-4c22-ad10-b37d9e41628a@group-443CF7A8C5C3-PendingRequests: sendNotLeaderResponses
2024-06-12 07:42:04,554 [893f21cf-1739-427a-a93c-5929db1902c5-impl-thread3] INFO  util.JmxRegister (JmxRegister.java:unregister(73)) - Successfully un-registered JMX Bean with object name Ratis:service=RaftServer,group=group-0064B536CEE8,id=893f21cf-1739-427a-a93c-5929db1902c5
2024-06-12 07:42:04,555 [893f21cf-1739-427a-a93c-5929db1902c5-impl-thread3] INFO  impl.RoleInfo (RoleInfo.java:shutdownLeaderState(94)) - 893f21cf-1739-427a-a93c-5929db1902c5: shutdown 893f21cf-1739-427a-a93c-5929db1902c5@group-0064B536CEE8-LeaderStateImpl
2024-06-12 07:42:04,554 [grpc-default-executor-2] INFO  server.GrpcServerProtocolService (GrpcServerProtocolService.java:onCompleted(157)) - 8c3b1af4-43ff-4c22-ad10-b37d9e41628a: Completed APPEND_ENTRIES, lastRequest: null
2024-06-12 07:42:04,555 [8c3b1af4-43ff-4c22-ad10-b37d9e41628a-impl-thread4] INFO  impl.StateMachineUpdater (StateMachineUpdater.java:stopAndJoin(157)) - 8c3b1af4-43ff-4c22-ad10-b37d9e41628a@group-443CF7A8C5C3-StateMachineUpdater: set stopIndex = 0
2024-06-12 07:42:04,555 [8c3b1af4-43ff-4c22-ad10-b37d9e41628a@group-443CF7A8C5C3-StateMachineUpdater] INFO  ratis.ContainerStateMachine (ContainerStateMachine.java:takeSnapshot(355)) - group-443CF7A8C5C3: Taking a snapshot at:(t:1, i:0) file /home/runner/work/ozone/ozone/hadoop-ozone/integration-test/target/test-dir/MiniOzoneClusterImpl-63f03bc8-0399-4ce2-9c43-ca6ad8c463d8/ozone-meta/datanode-3/ratis/936e89f3-c078-4191-b7fe-443cf7a8c5c3/sm/snapshot.1_0
2024-06-12 07:42:04,554 [86e236ad-53d7-40fc-9454-d100b30595d4-impl-thread2] INFO  impl.PendingRequests (PendingRequests.java:sendNotLeaderResponses(289)) - 86e236ad-53d7-40fc-9454-d100b30595d4@group-47098A2D7F4D-PendingRequests: sendNotLeaderResponses
2024-06-12 07:42:04,554 [86e236ad-53d7-40fc-9454-d100b30595d4@group-47098A2D7F4D->893f21cf-1739-427a-a93c-5929db1902c5-GrpcLogAppender-LogAppenderDaemon] WARN  server.GrpcLogAppender (GrpcLogAppender.java:mayWait(289)) - 86e236ad-53d7-40fc-9454-d100b30595d4@group-47098A2D7F4D->893f21cf-1739-427a-a93c-5929db1902c5-GrpcLogAppender: Wait interrupted by java.lang.InterruptedException
2024-06-12 07:42:04,554 [grpc-default-executor-7] INFO  server.GrpcServerProtocolService (GrpcServerProtocolService.java:lambda$onCompleted$5(159)) - 893f21cf-1739-427a-a93c-5929db1902c5: Completed APPEND_ENTRIES, lastReply: serverReply {
  requestorId: "8c3b1af4-43ff-4c22-ad10-b37d9e41628a"
  replyId: "893f21cf-1739-427a-a93c-5929db1902c5"
  raftGroupId {
    id: "n\267\022Cp\221L@\200\203\3134\301\332n\320"
  }
  callId: 701
  success: true
}
term: 1
nextIndex: 27
followerCommit: 26
matchIndex: 18446744073709551615
isHearbeat: true

2024-06-12 07:42:04,556 [86e236ad-53d7-40fc-9454-d100b30595d4-impl-thread2] INFO  impl.StateMachineUpdater (StateMachineUpdater.java:stopAndJoin(157)) - 86e236ad-53d7-40fc-9454-d100b30595d4@group-47098A2D7F4D-StateMachineUpdater: set stopIndex = 15
2024-06-12 07:42:04,556 [86e236ad-53d7-40fc-9454-d100b30595d4@group-47098A2D7F4D-StateMachineUpdater] INFO  ratis.ContainerStateMachine (ContainerStateMachine.java:takeSnapshot(355)) - group-47098A2D7F4D: Taking a snapshot at:(t:1, i:15) file /home/runner/work/ozone/ozone/hadoop-ozone/integration-test/target/test-dir/MiniOzoneClusterImpl-63f03bc8-0399-4ce2-9c43-ca6ad8c463d8/ozone-meta/datanode-1/ratis/b379d3c7-0862-45bb-b0cf-47098a2d7f4d/sm/snapshot.1_15
2024-06-12 07:42:04,557 [grpc-default-executor-7] INFO  server.GrpcLogAppender (GrpcLogAppender.java:onCompleted(546)) - 8c3b1af4-43ff-4c22-ad10-b37d9e41628a@group-CB34C1DA6ED0->893f21cf-1739-427a-a93c-5929db1902c5-AppendLogResponseHandler: follower responses appendEntries COMPLETED
2024-06-12 07:42:04,557 [grpc-default-executor-7] WARN  server.GrpcLogAppender (GrpcLogAppender.java:resetClient(226)) - 8c3b1af4-43ff-4c22-ad10-b37d9e41628a@group-CB34C1DA6ED0->893f21cf-1739-427a-a93c-5929db1902c5-GrpcLogAppender: Failed to getClient for 893f21cf-1739-427a-a93c-5929db1902c5
org.apache.ratis.protocol.exceptions.AlreadyClosedException: 8c3b1af4-43ff-4c22-ad10-b37d9e41628a is already CLOSED
	at org.apache.ratis.util.PeerProxyMap$PeerAndProxy.getProxy(PeerProxyMap.java:65)
	at org.apache.ratis.util.PeerProxyMap.getProxy(PeerProxyMap.java:114)
	at org.apache.ratis.grpc.server.GrpcLogAppender.getClient(GrpcLogAppender.java:196)
	at org.apache.ratis.grpc.server.GrpcLogAppender.resetClient(GrpcLogAppender.java:201)
	at org.apache.ratis.grpc.server.GrpcLogAppender.access$800(GrpcLogAppender.java:62)
	at org.apache.ratis.grpc.server.GrpcLogAppender$AppendLogResponseHandler.onCompleted(GrpcLogAppender.java:547)
	at org.apache.ratis.thirdparty.io.grpc.stub.ClientCalls$StreamObserverToCallListenerAdapter.onClose(ClientCalls.java:479)
	at org.apache.ratis.thirdparty.io.grpc.internal.DelayedClientCall$DelayedListener$3.run(DelayedClientCall.java:489)
	at org.apache.ratis.thirdparty.io.grpc.internal.DelayedClientCall$DelayedListener.delayOrExecute(DelayedClientCall.java:453)
	at org.apache.ratis.thirdparty.io.grpc.internal.DelayedClientCall$DelayedListener.onClose(DelayedClientCall.java:486)
	at org.apache.ratis.thirdparty.io.grpc.internal.ClientCallImpl.closeObserver(ClientCallImpl.java:567)
	at org.apache.ratis.thirdparty.io.grpc.internal.ClientCallImpl.access$300(ClientCallImpl.java:71)
	at org.apache.ratis.thirdparty.io.grpc.internal.ClientCallImpl$ClientStreamListenerImpl$1StreamClosed.runInternal(ClientCallImpl.java:735)
	at org.apache.ratis.thirdparty.io.grpc.internal.ClientCallImpl$ClientStreamListenerImpl$1StreamClosed.runInContext(ClientCallImpl.java:716)
	at org.apache.ratis.thirdparty.io.grpc.internal.ContextRunnable.run(ContextRunnable.java:37)
	at org.apache.ratis.thirdparty.io.grpc.internal.SerializingExecutor.run(SerializingExecutor.java:133)
	at java.base/java.util.concurrent.ThreadPoolExecutor.runWorker(ThreadPoolExecutor.java:1136)
	at java.base/java.util.concurrent.ThreadPoolExecutor$Worker.run(ThreadPoolExecutor.java:635)
	at java.base/java.lang.Thread.run(Thread.java:840)
2024-06-12 07:42:04,555 [8c3b1af4-43ff-4c22-ad10-b37d9e41628a-impl-thread3] INFO  server.RaftServer$Division (ServerState.java:close(427)) - 8c3b1af4-43ff-4c22-ad10-b37d9e41628a@group-CB34C1DA6ED0: applyIndex: 26
2024-06-12 07:42:04,555 [893f21cf-1739-427a-a93c-5929db1902c5-impl-thread3] INFO  impl.PendingRequests (PendingRequests.java:sendNotLeaderResponses(289)) - 893f21cf-1739-427a-a93c-5929db1902c5@group-0064B536CEE8-PendingRequests: sendNotLeaderResponses
2024-06-12 07:42:04,557 [8c3b1af4-43ff-4c22-ad10-b37d9e41628a@group-CB34C1DA6ED0-cacheEviction-AwaitToRun] INFO  util.AwaitToRun (AwaitToRun.java:run(49)) - 8c3b1af4-43ff-4c22-ad10-b37d9e41628a@group-CB34C1DA6ED0-cacheEviction-AwaitToRun-AwaitForSignal is interrupted
2024-06-12 07:42:04,557 [893f21cf-1739-427a-a93c-5929db1902c5@group-47098A2D7F4D-StateMachineUpdater] INFO  ratis.ContainerStateMachine (ContainerStateMachine.java:takeSnapshot(366)) - group-47098A2D7F4D: Finished taking a snapshot at:(t:1, i:15) file:/home/runner/work/ozone/ozone/hadoop-ozone/integration-test/target/test-dir/MiniOzoneClusterImpl-63f03bc8-0399-4ce2-9c43-ca6ad8c463d8/ozone-meta/datanode-2/ratis/b379d3c7-0862-45bb-b0cf-47098a2d7f4d/sm/snapshot.1_15 took: 6 ms
2024-06-12 07:42:04,557 [893f21cf-1739-427a-a93c-5929db1902c5@group-47098A2D7F4D-StateMachineUpdater] INFO  impl.StateMachineUpdater (StateMachineUpdater.java:takeSnapshot(295)) - 893f21cf-1739-427a-a93c-5929db1902c5@group-47098A2D7F4D-StateMachineUpdater: Took a snapshot at index 15
2024-06-12 07:42:04,557 [893f21cf-1739-427a-a93c-5929db1902c5@group-47098A2D7F4D-StateMachineUpdater] INFO  impl.StateMachineUpdater (StateMachineUpdater.java:lambda$new$0(98)) - 893f21cf-1739-427a-a93c-5929db1902c5@group-47098A2D7F4D-StateMachineUpdater: snapshotIndex: updateIncreasingly -1 -> 15
2024-06-12 07:42:04,558 [86e236ad-53d7-40fc-9454-d100b30595d4@group-47098A2D7F4D-StateMachineUpdater] INFO  ratis.ContainerStateMachine (ContainerStateMachine.java:takeSnapshot(366)) - group-47098A2D7F4D: Finished taking a snapshot at:(t:1, i:15) file:/home/runner/work/ozone/ozone/hadoop-ozone/integration-test/target/test-dir/MiniOzoneClusterImpl-63f03bc8-0399-4ce2-9c43-ca6ad8c463d8/ozone-meta/datanode-1/ratis/b379d3c7-0862-45bb-b0cf-47098a2d7f4d/sm/snapshot.1_15 took: 1 ms
2024-06-12 07:42:04,558 [86e236ad-53d7-40fc-9454-d100b30595d4@group-47098A2D7F4D-StateMachineUpdater] INFO  impl.StateMachineUpdater (StateMachineUpdater.java:takeSnapshot(295)) - 86e236ad-53d7-40fc-9454-d100b30595d4@group-47098A2D7F4D-StateMachineUpdater: Took a snapshot at index 15
2024-06-12 07:42:04,558 [86e236ad-53d7-40fc-9454-d100b30595d4@group-47098A2D7F4D-StateMachineUpdater] INFO  impl.StateMachineUpdater (StateMachineUpdater.java:lambda$new$0(98)) - 86e236ad-53d7-40fc-9454-d100b30595d4@group-47098A2D7F4D-StateMachineUpdater: snapshotIndex: updateIncreasingly -1 -> 15
2024-06-12 07:42:04,558 [86e236ad-53d7-40fc-9454-d100b30595d4-impl-thread2] INFO  server.RaftServer$Division (ServerState.java:close(427)) - 86e236ad-53d7-40fc-9454-d100b30595d4@group-47098A2D7F4D: applyIndex: 15
2024-06-12 07:42:04,558 [86e236ad-53d7-40fc-9454-d100b30595d4@group-47098A2D7F4D-cacheEviction-AwaitToRun] INFO  util.AwaitToRun (AwaitToRun.java:run(49)) - 86e236ad-53d7-40fc-9454-d100b30595d4@group-47098A2D7F4D-cacheEviction-AwaitToRun-AwaitForSignal is interrupted
2024-06-12 07:42:04,557 [grpc-default-executor-2] INFO  server.GrpcServerProtocolService (GrpcServerProtocolService.java:lambda$onCompleted$5(159)) - 8c3b1af4-43ff-4c22-ad10-b37d9e41628a: Completed APPEND_ENTRIES, lastReply: serverReply {
  requestorId: "86e236ad-53d7-40fc-9454-d100b30595d4"
  replyId: "8c3b1af4-43ff-4c22-ad10-b37d9e41628a"
  raftGroupId {
    id: "\263y\323\307\bbE\273\260\317G\t\212-\177M"
  }
  callId: 666
  success: true
}
term: 1
nextIndex: 16
followerCommit: 15
matchIndex: 18446744073709551615
isHearbeat: true

2024-06-12 07:42:04,557 [893f21cf-1739-427a-a93c-5929db1902c5@group-CB34C1DA6ED0-StateMachineUpdater] INFO  ratis.ContainerStateMachine (ContainerStateMachine.java:takeSnapshot(366)) - group-CB34C1DA6ED0: Finished taking a snapshot at:(t:1, i:26) file:/home/runner/work/ozone/ozone/hadoop-ozone/integration-test/target/test-dir/MiniOzoneClusterImpl-63f03bc8-0399-4ce2-9c43-ca6ad8c463d8/ozone-meta/datanode-2/ratis/6eb71243-7091-4c40-8083-cb34c1da6ed0/sm/snapshot.1_26 took: 4 ms
2024-06-12 07:42:04,557 [8c3b1af4-43ff-4c22-ad10-b37d9e41628a@group-443CF7A8C5C3-StateMachineUpdater] INFO  ratis.ContainerStateMachine (ContainerStateMachine.java:takeSnapshot(366)) - group-443CF7A8C5C3: Finished taking a snapshot at:(t:1, i:0) file:/home/runner/work/ozone/ozone/hadoop-ozone/integration-test/target/test-dir/MiniOzoneClusterImpl-63f03bc8-0399-4ce2-9c43-ca6ad8c463d8/ozone-meta/datanode-3/ratis/936e89f3-c078-4191-b7fe-443cf7a8c5c3/sm/snapshot.1_0 took: 1 ms
2024-06-12 07:42:04,558 [8c3b1af4-43ff-4c22-ad10-b37d9e41628a@group-443CF7A8C5C3-StateMachineUpdater] INFO  impl.StateMachineUpdater (StateMachineUpdater.java:takeSnapshot(295)) - 8c3b1af4-43ff-4c22-ad10-b37d9e41628a@group-443CF7A8C5C3-StateMachineUpdater: Took a snapshot at index 0
2024-06-12 07:42:04,558 [8c3b1af4-43ff-4c22-ad10-b37d9e41628a@group-443CF7A8C5C3-StateMachineUpdater] INFO  impl.StateMachineUpdater (StateMachineUpdater.java:lambda$new$0(98)) - 8c3b1af4-43ff-4c22-ad10-b37d9e41628a@group-443CF7A8C5C3-StateMachineUpdater: snapshotIndex: updateIncreasingly -1 -> 0
2024-06-12 07:42:04,558 [8c3b1af4-43ff-4c22-ad10-b37d9e41628a-impl-thread4] INFO  server.RaftServer$Division (ServerState.java:close(427)) - 8c3b1af4-43ff-4c22-ad10-b37d9e41628a@group-443CF7A8C5C3: applyIndex: 0
2024-06-12 07:42:04,558 [8c3b1af4-43ff-4c22-ad10-b37d9e41628a@group-443CF7A8C5C3-cacheEviction-AwaitToRun] INFO  util.AwaitToRun (AwaitToRun.java:run(49)) - 8c3b1af4-43ff-4c22-ad10-b37d9e41628a@group-443CF7A8C5C3-cacheEviction-AwaitToRun-AwaitForSignal is interrupted
2024-06-12 07:42:04,558 [893f21cf-1739-427a-a93c-5929db1902c5@group-CB34C1DA6ED0-StateMachineUpdater] INFO  impl.StateMachineUpdater (StateMachineUpdater.java:takeSnapshot(295)) - 893f21cf-1739-427a-a93c-5929db1902c5@group-CB34C1DA6ED0-StateMachineUpdater: Took a snapshot at index 26
2024-06-12 07:42:04,559 [893f21cf-1739-427a-a93c-5929db1902c5@group-CB34C1DA6ED0-StateMachineUpdater] INFO  impl.StateMachineUpdater (StateMachineUpdater.java:lambda$new$0(98)) - 893f21cf-1739-427a-a93c-5929db1902c5@group-CB34C1DA6ED0-StateMachineUpdater: snapshotIndex: updateIncreasingly -1 -> 26
2024-06-12 07:42:04,558 [893f21cf-1739-427a-a93c-5929db1902c5-impl-thread3] INFO  impl.StateMachineUpdater (StateMachineUpdater.java:stopAndJoin(157)) - 893f21cf-1739-427a-a93c-5929db1902c5@group-0064B536CEE8-StateMachineUpdater: set stopIndex = 0
2024-06-12 07:42:04,558 [893f21cf-1739-427a-a93c-5929db1902c5@group-0064B536CEE8-StateMachineUpdater] INFO  ratis.ContainerStateMachine (ContainerStateMachine.java:takeSnapshot(355)) - group-0064B536CEE8: Taking a snapshot at:(t:1, i:0) file /home/runner/work/ozone/ozone/hadoop-ozone/integration-test/target/test-dir/MiniOzoneClusterImpl-63f03bc8-0399-4ce2-9c43-ca6ad8c463d8/ozone-meta/datanode-2/ratis/063b65cb-7ba7-4a79-a81c-0064b536cee8/sm/snapshot.1_0
2024-06-12 07:42:04,560 [893f21cf-1739-427a-a93c-5929db1902c5-impl-thread4] INFO  server.RaftServer$Division (ServerState.java:close(427)) - 893f21cf-1739-427a-a93c-5929db1902c5@group-CB34C1DA6ED0: applyIndex: 26
2024-06-12 07:42:04,560 [893f21cf-1739-427a-a93c-5929db1902c5-impl-thread2] INFO  server.RaftServer$Division (ServerState.java:close(427)) - 893f21cf-1739-427a-a93c-5929db1902c5@group-47098A2D7F4D: applyIndex: 15
2024-06-12 07:42:04,560 [893f21cf-1739-427a-a93c-5929db1902c5@group-CB34C1DA6ED0-cacheEviction-AwaitToRun] INFO  util.AwaitToRun (AwaitToRun.java:run(49)) - 893f21cf-1739-427a-a93c-5929db1902c5@group-CB34C1DA6ED0-cacheEviction-AwaitToRun-AwaitForSignal is interrupted
2024-06-12 07:42:04,560 [893f21cf-1739-427a-a93c-5929db1902c5@group-47098A2D7F4D-cacheEviction-AwaitToRun] INFO  util.AwaitToRun (AwaitToRun.java:run(49)) - 893f21cf-1739-427a-a93c-5929db1902c5@group-47098A2D7F4D-cacheEviction-AwaitToRun-AwaitForSignal is interrupted
2024-06-12 07:42:04,560 [893f21cf-1739-427a-a93c-5929db1902c5@group-0064B536CEE8-StateMachineUpdater] INFO  ratis.ContainerStateMachine (ContainerStateMachine.java:takeSnapshot(366)) - group-0064B536CEE8: Finished taking a snapshot at:(t:1, i:0) file:/home/runner/work/ozone/ozone/hadoop-ozone/integration-test/target/test-dir/MiniOzoneClusterImpl-63f03bc8-0399-4ce2-9c43-ca6ad8c463d8/ozone-meta/datanode-2/ratis/063b65cb-7ba7-4a79-a81c-0064b536cee8/sm/snapshot.1_0 took: 1 ms
2024-06-12 07:42:04,560 [893f21cf-1739-427a-a93c-5929db1902c5@group-0064B536CEE8-StateMachineUpdater] INFO  impl.StateMachineUpdater (StateMachineUpdater.java:takeSnapshot(295)) - 893f21cf-1739-427a-a93c-5929db1902c5@group-0064B536CEE8-StateMachineUpdater: Took a snapshot at index 0
2024-06-12 07:42:04,560 [893f21cf-1739-427a-a93c-5929db1902c5@group-0064B536CEE8-StateMachineUpdater] INFO  impl.StateMachineUpdater (StateMachineUpdater.java:lambda$new$0(98)) - 893f21cf-1739-427a-a93c-5929db1902c5@group-0064B536CEE8-StateMachineUpdater: snapshotIndex: updateIncreasingly -1 -> 0
2024-06-12 07:42:04,560 [893f21cf-1739-427a-a93c-5929db1902c5-impl-thread3] INFO  server.RaftServer$Division (ServerState.java:close(427)) - 893f21cf-1739-427a-a93c-5929db1902c5@group-0064B536CEE8: applyIndex: 0
2024-06-12 07:42:04,560 [893f21cf-1739-427a-a93c-5929db1902c5@group-0064B536CEE8-cacheEviction-AwaitToRun] INFO  util.AwaitToRun (AwaitToRun.java:run(49)) - 893f21cf-1739-427a-a93c-5929db1902c5@group-0064B536CEE8-cacheEviction-AwaitToRun-AwaitForSignal is interrupted
2024-06-12 07:42:04,561 [86e236ad-53d7-40fc-9454-d100b30595d4-impl-thread3] INFO  server.RaftServer$Division (RaftServerImpl.java:lambda$close$3(526)) - 86e236ad-53d7-40fc-9454-d100b30595d4@group-CB34C1DA6ED0: shutdown
2024-06-12 07:42:04,561 [86e236ad-53d7-40fc-9454-d100b30595d4-impl-thread3] INFO  util.JmxRegister (JmxRegister.java:unregister(73)) - Successfully un-registered JMX Bean with object name Ratis:service=RaftServer,group=group-CB34C1DA6ED0,id=86e236ad-53d7-40fc-9454-d100b30595d4
2024-06-12 07:42:04,562 [86e236ad-53d7-40fc-9454-d100b30595d4-impl-thread3] INFO  impl.RoleInfo (RoleInfo.java:shutdownFollowerState(110)) - 86e236ad-53d7-40fc-9454-d100b30595d4: shutdown 86e236ad-53d7-40fc-9454-d100b30595d4@group-CB34C1DA6ED0-FollowerState
2024-06-12 07:42:04,562 [86e236ad-53d7-40fc-9454-d100b30595d4@group-CB34C1DA6ED0-FollowerState] INFO  impl.FollowerState (FollowerState.java:run(152)) - 86e236ad-53d7-40fc-9454-d100b30595d4@group-CB34C1DA6ED0-FollowerState was interrupted
2024-06-12 07:42:04,562 [ForkJoinPool.commonPool-worker-1] INFO  server.GrpcService (GrpcService.java:closeImpl(311)) - 86e236ad-53d7-40fc-9454-d100b30595d4: shutdown server org.apache.ratis.grpc.server.GrpcClientProtocolService now
2024-06-12 07:42:04,562 [Thread-2588] INFO  server.GrpcServerProtocolClient (GrpcServerProtocolClient.java:close(103)) - 6f841693-a0f5-4238-8e94-5d49f60504b4 Close channels
2024-06-12 07:42:04,562 [86e236ad-53d7-40fc-9454-d100b30595d4@group-CB34C1DA6ED0-StateMachineUpdater] INFO  ratis.ContainerStateMachine (ContainerStateMachine.java:takeSnapshot(355)) - group-CB34C1DA6ED0: Taking a snapshot at:(t:1, i:26) file /home/runner/work/ozone/ozone/hadoop-ozone/integration-test/target/test-dir/MiniOzoneClusterImpl-63f03bc8-0399-4ce2-9c43-ca6ad8c463d8/ozone-meta/datanode-1/ratis/6eb71243-7091-4c40-8083-cb34c1da6ed0/sm/snapshot.1_26
2024-06-12 07:42:04,562 [86e236ad-53d7-40fc-9454-d100b30595d4-impl-thread3] INFO  impl.StateMachineUpdater (StateMachineUpdater.java:stopAndJoin(157)) - 86e236ad-53d7-40fc-9454-d100b30595d4@group-CB34C1DA6ED0-StateMachineUpdater: set stopIndex = 26
2024-06-12 07:42:04,562 [86e236ad-53d7-40fc-9454-d100b30595d4-impl-thread4] INFO  server.RaftServer$Division (RaftServerImpl.java:lambda$close$3(526)) - 86e236ad-53d7-40fc-9454-d100b30595d4@group-3F5FF29A8B05: shutdown
2024-06-12 07:42:04,562 [86e236ad-53d7-40fc-9454-d100b30595d4-impl-thread4] INFO  util.JmxRegister (JmxRegister.java:unregister(73)) - Successfully un-registered JMX Bean with object name Ratis:service=RaftServer,group=group-3F5FF29A8B05,id=86e236ad-53d7-40fc-9454-d100b30595d4
2024-06-12 07:42:04,562 [86e236ad-53d7-40fc-9454-d100b30595d4-impl-thread4] INFO  impl.RoleInfo (RoleInfo.java:shutdownLeaderState(94)) - 86e236ad-53d7-40fc-9454-d100b30595d4: shutdown 86e236ad-53d7-40fc-9454-d100b30595d4@group-3F5FF29A8B05-LeaderStateImpl
2024-06-12 07:42:04,562 [86e236ad-53d7-40fc-9454-d100b30595d4-impl-thread4] INFO  impl.PendingRequests (PendingRequests.java:sendNotLeaderResponses(289)) - 86e236ad-53d7-40fc-9454-d100b30595d4@group-3F5FF29A8B05-PendingRequests: sendNotLeaderResponses
2024-06-12 07:42:04,563 [86e236ad-53d7-40fc-9454-d100b30595d4-impl-thread4] INFO  impl.StateMachineUpdater (StateMachineUpdater.java:stopAndJoin(157)) - 86e236ad-53d7-40fc-9454-d100b30595d4@group-3F5FF29A8B05-StateMachineUpdater: set stopIndex = 0
2024-06-12 07:42:04,563 [86e236ad-53d7-40fc-9454-d100b30595d4@group-3F5FF29A8B05-StateMachineUpdater] INFO  ratis.ContainerStateMachine (ContainerStateMachine.java:takeSnapshot(355)) - group-3F5FF29A8B05: Taking a snapshot at:(t:1, i:0) file /home/runner/work/ozone/ozone/hadoop-ozone/integration-test/target/test-dir/MiniOzoneClusterImpl-63f03bc8-0399-4ce2-9c43-ca6ad8c463d8/ozone-meta/datanode-1/ratis/f5c884b8-3738-470f-823d-3f5ff29a8b05/sm/snapshot.1_0
2024-06-12 07:42:04,563 [86e236ad-53d7-40fc-9454-d100b30595d4@group-CB34C1DA6ED0-StateMachineUpdater] INFO  ratis.ContainerStateMachine (ContainerStateMachine.java:takeSnapshot(366)) - group-CB34C1DA6ED0: Finished taking a snapshot at:(t:1, i:26) file:/home/runner/work/ozone/ozone/hadoop-ozone/integration-test/target/test-dir/MiniOzoneClusterImpl-63f03bc8-0399-4ce2-9c43-ca6ad8c463d8/ozone-meta/datanode-1/ratis/6eb71243-7091-4c40-8083-cb34c1da6ed0/sm/snapshot.1_26 took: 1 ms
2024-06-12 07:42:04,563 [86e236ad-53d7-40fc-9454-d100b30595d4@group-CB34C1DA6ED0-StateMachineUpdater] INFO  impl.StateMachineUpdater (StateMachineUpdater.java:takeSnapshot(295)) - 86e236ad-53d7-40fc-9454-d100b30595d4@group-CB34C1DA6ED0-StateMachineUpdater: Took a snapshot at index 26
2024-06-12 07:42:04,563 [86e236ad-53d7-40fc-9454-d100b30595d4@group-CB34C1DA6ED0-StateMachineUpdater] INFO  impl.StateMachineUpdater (StateMachineUpdater.java:lambda$new$0(98)) - 86e236ad-53d7-40fc-9454-d100b30595d4@group-CB34C1DA6ED0-StateMachineUpdater: snapshotIndex: updateIncreasingly -1 -> 26
2024-06-12 07:42:04,563 [86e236ad-53d7-40fc-9454-d100b30595d4@group-3F5FF29A8B05-StateMachineUpdater] INFO  ratis.ContainerStateMachine (ContainerStateMachine.java:takeSnapshot(366)) - group-3F5FF29A8B05: Finished taking a snapshot at:(t:1, i:0) file:/home/runner/work/ozone/ozone/hadoop-ozone/integration-test/target/test-dir/MiniOzoneClusterImpl-63f03bc8-0399-4ce2-9c43-ca6ad8c463d8/ozone-meta/datanode-1/ratis/f5c884b8-3738-470f-823d-3f5ff29a8b05/sm/snapshot.1_0 took: 0 ms
2024-06-12 07:42:04,563 [86e236ad-53d7-40fc-9454-d100b30595d4@group-3F5FF29A8B05-StateMachineUpdater] INFO  impl.StateMachineUpdater (StateMachineUpdater.java:takeSnapshot(295)) - 86e236ad-53d7-40fc-9454-d100b30595d4@group-3F5FF29A8B05-StateMachineUpdater: Took a snapshot at index 0
2024-06-12 07:42:04,563 [86e236ad-53d7-40fc-9454-d100b30595d4@group-3F5FF29A8B05-StateMachineUpdater] INFO  impl.StateMachineUpdater (StateMachineUpdater.java:lambda$new$0(98)) - 86e236ad-53d7-40fc-9454-d100b30595d4@group-3F5FF29A8B05-StateMachineUpdater: snapshotIndex: updateIncreasingly -1 -> 0
2024-06-12 07:42:04,564 [86e236ad-53d7-40fc-9454-d100b30595d4-impl-thread4] INFO  server.RaftServer$Division (ServerState.java:close(427)) - 86e236ad-53d7-40fc-9454-d100b30595d4@group-3F5FF29A8B05: applyIndex: 0
2024-06-12 07:42:04,564 [Thread-2595] INFO  server.GrpcServerProtocolClient (GrpcServerProtocolClient.java:close(103)) - ac495114-8bb8-4dac-b10f-46951d6cb650 Close channels
2024-06-12 07:42:04,564 [main] INFO  server.GrpcService (GrpcService.java:closeImpl(320)) - 29194895-a428-4dbc-89d8-767dd839d7c3: shutdown server org.apache.ratis.grpc.server.GrpcClientProtocolService successfully
2024-06-12 07:42:04,564 [main] INFO  server.GrpcService (GrpcService.java:closeImpl(311)) - 29194895-a428-4dbc-89d8-767dd839d7c3: shutdown server GrpcServerProtocolService now
2024-06-12 07:42:04,564 [86e236ad-53d7-40fc-9454-d100b30595d4-impl-thread3] INFO  server.RaftServer$Division (ServerState.java:close(427)) - 86e236ad-53d7-40fc-9454-d100b30595d4@group-CB34C1DA6ED0: applyIndex: 26
2024-06-12 07:42:04,564 [86e236ad-53d7-40fc-9454-d100b30595d4@group-CB34C1DA6ED0-cacheEviction-AwaitToRun] INFO  util.AwaitToRun (AwaitToRun.java:run(49)) - 86e236ad-53d7-40fc-9454-d100b30595d4@group-CB34C1DA6ED0-cacheEviction-AwaitToRun-AwaitForSignal is interrupted
2024-06-12 07:42:04,564 [86e236ad-53d7-40fc-9454-d100b30595d4@group-3F5FF29A8B05-cacheEviction-AwaitToRun] INFO  util.AwaitToRun (AwaitToRun.java:run(49)) - 86e236ad-53d7-40fc-9454-d100b30595d4@group-3F5FF29A8B05-cacheEviction-AwaitToRun-AwaitForSignal is interrupted
2024-06-12 07:42:04,565 [grpc-default-executor-8] INFO  server.GrpcServerProtocolService (GrpcServerProtocolService.java:onCompleted(157)) - 8c3b1af4-43ff-4c22-ad10-b37d9e41628a: Completed APPEND_ENTRIES, lastRequest: 86e236ad-53d7-40fc-9454-d100b30595d4->8c3b1af4-43ff-4c22-ad10-b37d9e41628a#43-t1,previous=(t:1, i:14),leaderCommit=14,initializing? false,entries: size=1, first=(t:1, i:15), METADATAENTRY(c:14)
2024-06-12 07:42:04,565 [grpc-default-executor-8] INFO  server.GrpcServerProtocolService (GrpcServerProtocolService.java:lambda$onCompleted$5(159)) - 8c3b1af4-43ff-4c22-ad10-b37d9e41628a: Completed APPEND_ENTRIES, lastReply: null
2024-06-12 07:42:04,565 [ForkJoinPool.commonPool-worker-5] INFO  server.GrpcService (GrpcService.java:closeImpl(320)) - 8c3b1af4-43ff-4c22-ad10-b37d9e41628a: shutdown server org.apache.ratis.grpc.server.GrpcClientProtocolService successfully
2024-06-12 07:42:04,567 [ForkJoinPool.commonPool-worker-5] INFO  server.GrpcService (GrpcService.java:closeImpl(311)) - 8c3b1af4-43ff-4c22-ad10-b37d9e41628a: shutdown server GrpcServerProtocolService now
2024-06-12 07:42:04,565 [grpc-default-executor-7] INFO  server.GrpcServerProtocolService (GrpcServerProtocolService.java:onCompleted(157)) - 893f21cf-1739-427a-a93c-5929db1902c5: Completed APPEND_ENTRIES, lastRequest: 86e236ad-53d7-40fc-9454-d100b30595d4->893f21cf-1739-427a-a93c-5929db1902c5#28-t1,previous=(t:1, i:14),leaderCommit=14,initializing? false,entries: size=1, first=(t:1, i:15), METADATAENTRY(c:14)
2024-06-12 07:42:04,567 [grpc-default-executor-7] INFO  server.GrpcServerProtocolService (GrpcServerProtocolService.java:lambda$onCompleted$5(159)) - 893f21cf-1739-427a-a93c-5929db1902c5: Completed APPEND_ENTRIES, lastReply: null
2024-06-12 07:42:04,565 [grpc-default-executor-3] INFO  server.GrpcServerProtocolService (GrpcServerProtocolService.java:onCompleted(157)) - 893f21cf-1739-427a-a93c-5929db1902c5: Completed APPEND_ENTRIES, lastRequest: null
2024-06-12 07:42:04,565 [grpc-default-executor-6] INFO  server.GrpcLogAppender (GrpcLogAppender.java:onCompleted(546)) - 86e236ad-53d7-40fc-9454-d100b30595d4@group-47098A2D7F4D->8c3b1af4-43ff-4c22-ad10-b37d9e41628a-AppendLogResponseHandler: follower responses appendEntries COMPLETED
2024-06-12 07:42:04,565 [grpc-default-executor-1] INFO  server.GrpcLogAppender (GrpcLogAppender.java:onCompleted(546)) - 8c3b1af4-43ff-4c22-ad10-b37d9e41628a@group-CB34C1DA6ED0->86e236ad-53d7-40fc-9454-d100b30595d4-AppendLogResponseHandler: follower responses appendEntries COMPLETED
2024-06-12 07:42:04,567 [grpc-default-executor-3] INFO  server.GrpcServerProtocolService (GrpcServerProtocolService.java:lambda$onCompleted$5(159)) - 893f21cf-1739-427a-a93c-5929db1902c5: Completed APPEND_ENTRIES, lastReply: serverReply {
  requestorId: "86e236ad-53d7-40fc-9454-d100b30595d4"
  replyId: "893f21cf-1739-427a-a93c-5929db1902c5"
  raftGroupId {
    id: "\263y\323\307\bbE\273\260\317G\t\212-\177M"
  }
  callId: 652
  success: true
}
term: 1
nextIndex: 16
followerCommit: 15
matchIndex: 18446744073709551615
isHearbeat: true

2024-06-12 07:42:04,567 [grpc-default-executor-1] WARN  server.GrpcLogAppender (GrpcLogAppender.java:resetClient(226)) - 8c3b1af4-43ff-4c22-ad10-b37d9e41628a@group-CB34C1DA6ED0->86e236ad-53d7-40fc-9454-d100b30595d4-GrpcLogAppender: Failed to getClient for 86e236ad-53d7-40fc-9454-d100b30595d4
org.apache.ratis.protocol.exceptions.AlreadyClosedException: 8c3b1af4-43ff-4c22-ad10-b37d9e41628a is already CLOSED
	at org.apache.ratis.util.PeerProxyMap$PeerAndProxy.getProxy(PeerProxyMap.java:65)
	at org.apache.ratis.util.PeerProxyMap.getProxy(PeerProxyMap.java:114)
	at org.apache.ratis.grpc.server.GrpcLogAppender.getClient(GrpcLogAppender.java:196)
	at org.apache.ratis.grpc.server.GrpcLogAppender.resetClient(GrpcLogAppender.java:201)
	at org.apache.ratis.grpc.server.GrpcLogAppender.access$800(GrpcLogAppender.java:62)
	at org.apache.ratis.grpc.server.GrpcLogAppender$AppendLogResponseHandler.onCompleted(GrpcLogAppender.java:547)
	at org.apache.ratis.thirdparty.io.grpc.stub.ClientCalls$StreamObserverToCallListenerAdapter.onClose(ClientCalls.java:479)
	at org.apache.ratis.thirdparty.io.grpc.internal.ClientCallImpl.closeObserver(ClientCallImpl.java:567)
	at org.apache.ratis.thirdparty.io.grpc.internal.ClientCallImpl.access$300(ClientCallImpl.java:71)
	at org.apache.ratis.thirdparty.io.grpc.internal.ClientCallImpl$ClientStreamListenerImpl$1StreamClosed.runInternal(ClientCallImpl.java:735)
	at org.apache.ratis.thirdparty.io.grpc.internal.ClientCallImpl$ClientStreamListenerImpl$1StreamClosed.runInContext(ClientCallImpl.java:716)
	at org.apache.ratis.thirdparty.io.grpc.internal.ContextRunnable.run(ContextRunnable.java:37)
	at org.apache.ratis.thirdparty.io.grpc.internal.SerializingExecutor.run(SerializingExecutor.java:133)
	at java.base/java.util.concurrent.ThreadPoolExecutor.runWorker(ThreadPoolExecutor.java:1136)
	at java.base/java.util.concurrent.ThreadPoolExecutor$Worker.run(ThreadPoolExecutor.java:635)
	at java.base/java.lang.Thread.run(Thread.java:840)
2024-06-12 07:42:04,567 [grpc-default-executor-1] INFO  server.GrpcLogAppender (GrpcLogAppender.java:onCompleted(546)) - 86e236ad-53d7-40fc-9454-d100b30595d4@group-47098A2D7F4D->893f21cf-1739-427a-a93c-5929db1902c5-AppendLogResponseHandler: follower responses appendEntries COMPLETED
2024-06-12 07:42:04,568 [grpc-default-executor-2] INFO  server.GrpcLogAppender (GrpcLogAppender.java:onCompleted(546)) - 86e236ad-53d7-40fc-9454-d100b30595d4@group-47098A2D7F4D->893f21cf-1739-427a-a93c-5929db1902c5-AppendLogResponseHandler: follower responses appendEntries COMPLETED
2024-06-12 07:42:04,568 [grpc-default-executor-2] INFO  server.GrpcLogAppender (GrpcLogAppender.java:onError(533)) - 86e236ad-53d7-40fc-9454-d100b30595d4@group-47098A2D7F4D->8c3b1af4-43ff-4c22-ad10-b37d9e41628a-GrpcLogAppender is already stopped
2024-06-12 07:42:04,568 [ForkJoinPool.commonPool-worker-5] INFO  server.GrpcService (GrpcService.java:closeImpl(320)) - 8c3b1af4-43ff-4c22-ad10-b37d9e41628a: shutdown server GrpcServerProtocolService successfully
2024-06-12 07:42:04,568 [ForkJoinPool.commonPool-worker-5] INFO  server.GrpcService (GrpcService.java:closeImpl(311)) - 8c3b1af4-43ff-4c22-ad10-b37d9e41628a: shutdown server org.apache.ratis.grpc.server.GrpcAdminProtocolService now
2024-06-12 07:42:04,569 [Thread-2594] INFO  server.GrpcServerProtocolClient (GrpcServerProtocolClient.java:close(103)) - 893f21cf-1739-427a-a93c-5929db1902c5 Close channels
2024-06-12 07:42:04,569 [Thread-2602] INFO  server.GrpcServerProtocolClient (GrpcServerProtocolClient.java:close(103)) - 8c3b1af4-43ff-4c22-ad10-b37d9e41628a Close channels
2024-06-12 07:42:04,570 [Thread-2597] INFO  server.GrpcServerProtocolClient (GrpcServerProtocolClient.java:close(103)) - 86e236ad-53d7-40fc-9454-d100b30595d4 Close channels
2024-06-12 07:42:04,571 [ForkJoinPool.commonPool-worker-1] INFO  server.GrpcService (GrpcService.java:closeImpl(320)) - 86e236ad-53d7-40fc-9454-d100b30595d4: shutdown server org.apache.ratis.grpc.server.GrpcClientProtocolService successfully
2024-06-12 07:42:04,571 [ForkJoinPool.commonPool-worker-1] INFO  server.GrpcService (GrpcService.java:closeImpl(311)) - 86e236ad-53d7-40fc-9454-d100b30595d4: shutdown server GrpcServerProtocolService now
2024-06-12 07:42:04,571 [main] INFO  server.GrpcService (GrpcService.java:closeImpl(320)) - 29194895-a428-4dbc-89d8-767dd839d7c3: shutdown server GrpcServerProtocolService successfully
2024-06-12 07:42:04,571 [main] INFO  server.GrpcService (GrpcService.java:closeImpl(311)) - 29194895-a428-4dbc-89d8-767dd839d7c3: shutdown server org.apache.ratis.grpc.server.GrpcAdminProtocolService now
2024-06-12 07:42:04,571 [Thread-2606] INFO  server.GrpcServerProtocolClient (GrpcServerProtocolClient.java:close(103)) - 8c3b1af4-43ff-4c22-ad10-b37d9e41628a Close channels
2024-06-12 07:42:04,572 [ForkJoinPool.commonPool-worker-7] INFO  server.GrpcService (GrpcService.java:closeImpl(320)) - 893f21cf-1739-427a-a93c-5929db1902c5: shutdown server org.apache.ratis.grpc.server.GrpcClientProtocolService successfully
2024-06-12 07:42:04,572 [ForkJoinPool.commonPool-worker-7] INFO  server.GrpcService (GrpcService.java:closeImpl(311)) - 893f21cf-1739-427a-a93c-5929db1902c5: shutdown server GrpcServerProtocolService now
2024-06-12 07:42:04,572 [ForkJoinPool.commonPool-worker-5] INFO  server.GrpcService (GrpcService.java:closeImpl(320)) - 8c3b1af4-43ff-4c22-ad10-b37d9e41628a: shutdown server org.apache.ratis.grpc.server.GrpcAdminProtocolService successfully
2024-06-12 07:42:04,573 [ForkJoinPool.commonPool-worker-7] INFO  server.GrpcService (GrpcService.java:closeImpl(320)) - 893f21cf-1739-427a-a93c-5929db1902c5: shutdown server GrpcServerProtocolService successfully
2024-06-12 07:42:04,573 [ForkJoinPool.commonPool-worker-7] INFO  server.GrpcService (GrpcService.java:closeImpl(311)) - 893f21cf-1739-427a-a93c-5929db1902c5: shutdown server org.apache.ratis.grpc.server.GrpcAdminProtocolService now
2024-06-12 07:42:04,573 [ForkJoinPool.commonPool-worker-1] INFO  server.GrpcService (GrpcService.java:closeImpl(320)) - 86e236ad-53d7-40fc-9454-d100b30595d4: shutdown server GrpcServerProtocolService successfully
2024-06-12 07:42:04,573 [ForkJoinPool.commonPool-worker-1] INFO  server.GrpcService (GrpcService.java:closeImpl(311)) - 86e236ad-53d7-40fc-9454-d100b30595d4: shutdown server org.apache.ratis.grpc.server.GrpcAdminProtocolService now
2024-06-12 07:42:04,574 [ForkJoinPool.commonPool-worker-7] INFO  server.GrpcService (GrpcService.java:closeImpl(320)) - 893f21cf-1739-427a-a93c-5929db1902c5: shutdown server org.apache.ratis.grpc.server.GrpcAdminProtocolService successfully
2024-06-12 07:42:04,574 [main] INFO  server.GrpcService (GrpcService.java:closeImpl(320)) - 29194895-a428-4dbc-89d8-767dd839d7c3: shutdown server org.apache.ratis.grpc.server.GrpcAdminProtocolService successfully
2024-06-12 07:42:04,575 [ForkJoinPool.commonPool-worker-1] INFO  server.GrpcService (GrpcService.java:closeImpl(320)) - 86e236ad-53d7-40fc-9454-d100b30595d4: shutdown server org.apache.ratis.grpc.server.GrpcAdminProtocolService successfully
2024-06-12 07:42:04,592 [8c3b1af4-43ff-4c22-ad10-b37d9e41628a-NettyServerStreamRpc-bossGroup--thread1] INFO  logging.LoggingHandler (AbstractInternalLogger.java:log(148)) - [id: 0xc59292d9, L:/0.0.0.0:15131] CLOSE
2024-06-12 07:42:04,592 [8c3b1af4-43ff-4c22-ad10-b37d9e41628a-NettyServerStreamRpc-bossGroup--thread1] INFO  logging.LoggingHandler (AbstractInternalLogger.java:log(148)) - [id: 0xc59292d9, L:/0.0.0.0:15131] INACTIVE
2024-06-12 07:42:04,592 [8c3b1af4-43ff-4c22-ad10-b37d9e41628a-NettyServerStreamRpc-bossGroup--thread1] INFO  logging.LoggingHandler (AbstractInternalLogger.java:log(148)) - [id: 0xc59292d9, L:/0.0.0.0:15131] UNREGISTERED
2024-06-12 07:42:04,595 [29194895-a428-4dbc-89d8-767dd839d7c3-impl-thread2] INFO  segmented.SegmentedRaftLogWorker (SegmentedRaftLogWorker.java:close(245)) - 29194895-a428-4dbc-89d8-767dd839d7c3@group-26EE86764DB4-SegmentedRaftLogWorker close()
2024-06-12 07:42:04,599 [893f21cf-1739-427a-a93c-5929db1902c5-NettyServerStreamRpc-bossGroup--thread1] INFO  logging.LoggingHandler (AbstractInternalLogger.java:log(148)) - [id: 0xec98b42f, L:/0.0.0.0:15122] CLOSE
2024-06-12 07:42:04,599 [893f21cf-1739-427a-a93c-5929db1902c5-NettyServerStreamRpc-bossGroup--thread1] INFO  logging.LoggingHandler (AbstractInternalLogger.java:log(148)) - [id: 0xec98b42f, L:/0.0.0.0:15122] INACTIVE
2024-06-12 07:42:04,599 [893f21cf-1739-427a-a93c-5929db1902c5-NettyServerStreamRpc-bossGroup--thread1] INFO  logging.LoggingHandler (AbstractInternalLogger.java:log(148)) - [id: 0xec98b42f, L:/0.0.0.0:15122] UNREGISTERED
2024-06-12 07:42:04,614 [29194895-a428-4dbc-89d8-767dd839d7c3-NettyServerStreamRpc-bossGroup--thread1] INFO  logging.LoggingHandler (AbstractInternalLogger.java:log(148)) - [id: 0xc1c23a3d, L:/0.0.0.0:15158] CLOSE
2024-06-12 07:42:04,615 [29194895-a428-4dbc-89d8-767dd839d7c3-NettyServerStreamRpc-bossGroup--thread1] INFO  logging.LoggingHandler (AbstractInternalLogger.java:log(148)) - [id: 0xc1c23a3d, L:/0.0.0.0:15158] INACTIVE
2024-06-12 07:42:04,615 [29194895-a428-4dbc-89d8-767dd839d7c3-NettyServerStreamRpc-bossGroup--thread1] INFO  logging.LoggingHandler (AbstractInternalLogger.java:log(148)) - [id: 0xc1c23a3d, L:/0.0.0.0:15158] UNREGISTERED
2024-06-12 07:42:04,620 [86e236ad-53d7-40fc-9454-d100b30595d4-impl-thread2] INFO  segmented.SegmentedRaftLogWorker (SegmentedRaftLogWorker.java:close(245)) - 86e236ad-53d7-40fc-9454-d100b30595d4@group-47098A2D7F4D-SegmentedRaftLogWorker close()
2024-06-12 07:42:04,621 [8c3b1af4-43ff-4c22-ad10-b37d9e41628a-impl-thread2] INFO  segmented.SegmentedRaftLogWorker (SegmentedRaftLogWorker.java:close(245)) - 8c3b1af4-43ff-4c22-ad10-b37d9e41628a@group-47098A2D7F4D-SegmentedRaftLogWorker close()
2024-06-12 07:42:04,621 [893f21cf-1739-427a-a93c-5929db1902c5-impl-thread2] INFO  segmented.SegmentedRaftLogWorker (SegmentedRaftLogWorker.java:close(245)) - 893f21cf-1739-427a-a93c-5929db1902c5@group-47098A2D7F4D-SegmentedRaftLogWorker close()
2024-06-12 07:42:04,622 [86e236ad-53d7-40fc-9454-d100b30595d4-NettyServerStreamRpc-bossGroup--thread1] INFO  logging.LoggingHandler (AbstractInternalLogger.java:log(148)) - [id: 0x786de0f3, L:/0.0.0.0:15113] CLOSE
2024-06-12 07:42:04,623 [86e236ad-53d7-40fc-9454-d100b30595d4-NettyServerStreamRpc-bossGroup--thread1] INFO  logging.LoggingHandler (AbstractInternalLogger.java:log(148)) - [id: 0x786de0f3, L:/0.0.0.0:15113] INACTIVE
2024-06-12 07:42:04,623 [86e236ad-53d7-40fc-9454-d100b30595d4-NettyServerStreamRpc-bossGroup--thread1] INFO  logging.LoggingHandler (AbstractInternalLogger.java:log(148)) - [id: 0x786de0f3, L:/0.0.0.0:15113] UNREGISTERED
2024-06-12 07:42:04,643 [JvmPauseMonitor19] INFO  util.JvmPauseMonitor (JvmPauseMonitor.java:run(152)) - JvmPauseMonitor-29194895-a428-4dbc-89d8-767dd839d7c3: Stopped
2024-06-12 07:42:05,192 [86e236ad-53d7-40fc-9454-d100b30595d4-impl-thread4] INFO  segmented.SegmentedRaftLogWorker (SegmentedRaftLogWorker.java:close(245)) - 86e236ad-53d7-40fc-9454-d100b30595d4@group-3F5FF29A8B05-SegmentedRaftLogWorker close()
2024-06-12 07:42:05,265 [893f21cf-1739-427a-a93c-5929db1902c5-impl-thread3] INFO  segmented.SegmentedRaftLogWorker (SegmentedRaftLogWorker.java:close(245)) - 893f21cf-1739-427a-a93c-5929db1902c5@group-0064B536CEE8-SegmentedRaftLogWorker close()
2024-06-12 07:42:05,400 [8c3b1af4-43ff-4c22-ad10-b37d9e41628a-impl-thread4] INFO  segmented.SegmentedRaftLogWorker (SegmentedRaftLogWorker.java:close(245)) - 8c3b1af4-43ff-4c22-ad10-b37d9e41628a@group-443CF7A8C5C3-SegmentedRaftLogWorker close()
2024-06-12 07:42:05,530 [86e236ad-53d7-40fc-9454-d100b30595d4-impl-thread3] INFO  segmented.SegmentedRaftLogWorker (SegmentedRaftLogWorker.java:close(245)) - 86e236ad-53d7-40fc-9454-d100b30595d4@group-CB34C1DA6ED0-SegmentedRaftLogWorker close()
2024-06-12 07:42:05,530 [8c3b1af4-43ff-4c22-ad10-b37d9e41628a-impl-thread3] INFO  segmented.SegmentedRaftLogWorker (SegmentedRaftLogWorker.java:close(245)) - 8c3b1af4-43ff-4c22-ad10-b37d9e41628a@group-CB34C1DA6ED0-SegmentedRaftLogWorker close()
2024-06-12 07:42:05,531 [JvmPauseMonitor14] INFO  util.JvmPauseMonitor (JvmPauseMonitor.java:run(152)) - JvmPauseMonitor-86e236ad-53d7-40fc-9454-d100b30595d4: Stopped
2024-06-12 07:42:05,531 [JvmPauseMonitor16] INFO  util.JvmPauseMonitor (JvmPauseMonitor.java:run(152)) - JvmPauseMonitor-8c3b1af4-43ff-4c22-ad10-b37d9e41628a: Stopped
2024-06-12 07:42:05,532 [893f21cf-1739-427a-a93c-5929db1902c5-impl-thread4] INFO  segmented.SegmentedRaftLogWorker (SegmentedRaftLogWorker.java:close(245)) - 893f21cf-1739-427a-a93c-5929db1902c5@group-CB34C1DA6ED0-SegmentedRaftLogWorker close()
2024-06-12 07:42:05,533 [JvmPauseMonitor15] INFO  util.JvmPauseMonitor (JvmPauseMonitor.java:run(152)) - JvmPauseMonitor-893f21cf-1739-427a-a93c-5929db1902c5: Stopped
2024-06-12 07:42:06,646 [main] INFO  utils.DatanodeStoreCache (DatanodeStoreCache.java:shutdownCache(116)) - Skip clearing cache in mini cluster mode. Entries left: [/home/runner/work/ozone/ozone/hadoop-ozone/integration-test/target/test-dir/MiniOzoneClusterImpl-63f03bc8-0399-4ce2-9c43-ca6ad8c463d8/ozone-meta/datanode-1/data-0/hdds/63f03bc8-0399-4ce2-9c43-ca6ad8c463d8/DS-132f5b2d-85d7-402f-8427-44e8dd53bd35/container.db, /home/runner/work/ozone/ozone/hadoop-ozone/integration-test/target/test-dir/MiniOzoneClusterImpl-63f03bc8-0399-4ce2-9c43-ca6ad8c463d8/ozone-meta/datanode-2/data-0/hdds/63f03bc8-0399-4ce2-9c43-ca6ad8c463d8/DS-e552e796-c305-4dd5-95b2-8070ab08ff04/container.db, /home/runner/work/ozone/ozone/hadoop-ozone/integration-test/target/test-dir/MiniOzoneClusterImpl-63f03bc8-0399-4ce2-9c43-ca6ad8c463d8/ozone-meta/datanode-3/data-0/hdds/63f03bc8-0399-4ce2-9c43-ca6ad8c463d8/DS-769adfd5-b955-4210-9d4e-df0a26abcee9/container.db, /home/runner/work/ozone/ozone/hadoop-ozone/integration-test/target/test-dir/MiniOzoneClusterImpl-63f03bc8-0399-4ce2-9c43-ca6ad8c463d8/ozone-meta/datanode-6/data-0/hdds/63f03bc8-0399-4ce2-9c43-ca6ad8c463d8/DS-aff25e3d-5612-491b-9f33-3fc32d9f6759/container.db]
2024-06-12 07:42:06,647 [main] INFO  utils.DatanodeStoreCache (DatanodeStoreCache.java:removeDB(110)) - Removed db /home/runner/work/ozone/ozone/hadoop-ozone/integration-test/target/test-dir/MiniOzoneClusterImpl-63f03bc8-0399-4ce2-9c43-ca6ad8c463d8/ozone-meta/datanode-6/data-0/hdds/63f03bc8-0399-4ce2-9c43-ca6ad8c463d8/DS-aff25e3d-5612-491b-9f33-3fc32d9f6759/container.db from cache
2024-06-12 07:42:06,647 [main] INFO  volume.HddsVolume (HddsVolume.java:closeDbStore(470)) - SchemaV3 db is stopped at /home/runner/work/ozone/ozone/hadoop-ozone/integration-test/target/test-dir/MiniOzoneClusterImpl-63f03bc8-0399-4ce2-9c43-ca6ad8c463d8/ozone-meta/datanode-6/data-0/hdds/63f03bc8-0399-4ce2-9c43-ca6ad8c463d8/DS-aff25e3d-5612-491b-9f33-3fc32d9f6759/container.db for volume DS-aff25e3d-5612-491b-9f33-3fc32d9f6759
2024-06-12 07:42:06,647 [main] INFO  utils.BackgroundService (BackgroundService.java:shutdown(160)) - Shutting down service BlockDeletingService
2024-06-12 07:42:06,649 [main] INFO  utils.BackgroundService (BackgroundService.java:shutdown(160)) - Shutting down service StaleRecoveringContainerScrubbingService
2024-06-12 07:42:06,649 [main] INFO  statemachine.DatanodeStateMachine (DatanodeStateMachine.java:stopDaemon(628)) - Ozone container server stopped.
2024-06-12 07:42:06,650 [main] INFO  handler.ContextHandler (ContextHandler.java:doStop(1159)) - Stopped o.e.j.w.WebAppContext@4a99f9e5{hddsDatanode,/,null,STOPPED}{file:/home/runner/work/ozone/ozone/hadoop-hdds/container-service/target/classes/webapps/hddsDatanode}
2024-06-12 07:42:06,651 [main] INFO  server.AbstractConnector (AbstractConnector.java:doStop(383)) - Stopped ServerConnector@138c28b5{HTTP/1.1, (http/1.1)}{0.0.0.0:15152}
2024-06-12 07:42:06,651 [main] INFO  server.session (HouseKeeper.java:stopScavenging(149)) - node0 Stopped scavenging
2024-06-12 07:42:06,651 [main] INFO  handler.ContextHandler (ContextHandler.java:doStop(1159)) - Stopped o.e.j.s.ServletContextHandler@310bf0ed{static,/static,file:///home/runner/work/ozone/ozone/hadoop-hdds/container-service/target/classes/webapps/static,STOPPED}
2024-06-12 07:42:06,651 [main] INFO  handler.ContextHandler (ContextHandler.java:doStop(1159)) - Stopped o.e.j.s.ServletContextHandler@56a2599a{logs,/logs,file:///home/runner/work/ozone/ozone/hadoop-ozone/integration-test/target/log,STOPPED}
2024-06-12 07:42:06,652 [main] INFO  ozone.HddsDatanodeClientProtocolServer (HddsDatanodeClientProtocolServer.java:stop(83)) - Stopping the RPC server for Client Protocol
2024-06-12 07:42:06,652 [main] INFO  ipc.Server (Server.java:stop(3523)) - Stopping server on 15153
2024-06-12 07:42:06,652 [IPC Server listener on 15153] INFO  ipc.Server (Server.java:run(1434)) - Stopping IPC Server listener on 15153
2024-06-12 07:42:06,652 [IPC Server Responder] INFO  ipc.Server (Server.java:run(1567)) - Stopping IPC Server Responder
2024-06-12 07:42:07,533 [ForkJoinPool.commonPool-worker-1] INFO  utils.DatanodeStoreCache (DatanodeStoreCache.java:shutdownCache(116)) - Skip clearing cache in mini cluster mode. Entries left: [/home/runner/work/ozone/ozone/hadoop-ozone/integration-test/target/test-dir/MiniOzoneClusterImpl-63f03bc8-0399-4ce2-9c43-ca6ad8c463d8/ozone-meta/datanode-1/data-0/hdds/63f03bc8-0399-4ce2-9c43-ca6ad8c463d8/DS-132f5b2d-85d7-402f-8427-44e8dd53bd35/container.db, /home/runner/work/ozone/ozone/hadoop-ozone/integration-test/target/test-dir/MiniOzoneClusterImpl-63f03bc8-0399-4ce2-9c43-ca6ad8c463d8/ozone-meta/datanode-2/data-0/hdds/63f03bc8-0399-4ce2-9c43-ca6ad8c463d8/DS-e552e796-c305-4dd5-95b2-8070ab08ff04/container.db, /home/runner/work/ozone/ozone/hadoop-ozone/integration-test/target/test-dir/MiniOzoneClusterImpl-63f03bc8-0399-4ce2-9c43-ca6ad8c463d8/ozone-meta/datanode-3/data-0/hdds/63f03bc8-0399-4ce2-9c43-ca6ad8c463d8/DS-769adfd5-b955-4210-9d4e-df0a26abcee9/container.db]
2024-06-12 07:42:07,533 [ForkJoinPool.commonPool-worker-5] INFO  utils.DatanodeStoreCache (DatanodeStoreCache.java:shutdownCache(116)) - Skip clearing cache in mini cluster mode. Entries left: [/home/runner/work/ozone/ozone/hadoop-ozone/integration-test/target/test-dir/MiniOzoneClusterImpl-63f03bc8-0399-4ce2-9c43-ca6ad8c463d8/ozone-meta/datanode-1/data-0/hdds/63f03bc8-0399-4ce2-9c43-ca6ad8c463d8/DS-132f5b2d-85d7-402f-8427-44e8dd53bd35/container.db, /home/runner/work/ozone/ozone/hadoop-ozone/integration-test/target/test-dir/MiniOzoneClusterImpl-63f03bc8-0399-4ce2-9c43-ca6ad8c463d8/ozone-meta/datanode-2/data-0/hdds/63f03bc8-0399-4ce2-9c43-ca6ad8c463d8/DS-e552e796-c305-4dd5-95b2-8070ab08ff04/container.db, /home/runner/work/ozone/ozone/hadoop-ozone/integration-test/target/test-dir/MiniOzoneClusterImpl-63f03bc8-0399-4ce2-9c43-ca6ad8c463d8/ozone-meta/datanode-3/data-0/hdds/63f03bc8-0399-4ce2-9c43-ca6ad8c463d8/DS-769adfd5-b955-4210-9d4e-df0a26abcee9/container.db]
2024-06-12 07:42:07,535 [ForkJoinPool.commonPool-worker-7] INFO  utils.DatanodeStoreCache (DatanodeStoreCache.java:shutdownCache(116)) - Skip clearing cache in mini cluster mode. Entries left: [/home/runner/work/ozone/ozone/hadoop-ozone/integration-test/target/test-dir/MiniOzoneClusterImpl-63f03bc8-0399-4ce2-9c43-ca6ad8c463d8/ozone-meta/datanode-2/data-0/hdds/63f03bc8-0399-4ce2-9c43-ca6ad8c463d8/DS-e552e796-c305-4dd5-95b2-8070ab08ff04/container.db]
2024-06-12 07:42:07,535 [ForkJoinPool.commonPool-worker-1] INFO  utils.DatanodeStoreCache (DatanodeStoreCache.java:removeDB(110)) - Removed db /home/runner/work/ozone/ozone/hadoop-ozone/integration-test/target/test-dir/MiniOzoneClusterImpl-63f03bc8-0399-4ce2-9c43-ca6ad8c463d8/ozone-meta/datanode-1/data-0/hdds/63f03bc8-0399-4ce2-9c43-ca6ad8c463d8/DS-132f5b2d-85d7-402f-8427-44e8dd53bd35/container.db from cache
2024-06-12 07:42:07,535 [ForkJoinPool.commonPool-worker-1] INFO  volume.HddsVolume (HddsVolume.java:closeDbStore(470)) - SchemaV3 db is stopped at /home/runner/work/ozone/ozone/hadoop-ozone/integration-test/target/test-dir/MiniOzoneClusterImpl-63f03bc8-0399-4ce2-9c43-ca6ad8c463d8/ozone-meta/datanode-1/data-0/hdds/63f03bc8-0399-4ce2-9c43-ca6ad8c463d8/DS-132f5b2d-85d7-402f-8427-44e8dd53bd35/container.db for volume DS-132f5b2d-85d7-402f-8427-44e8dd53bd35
2024-06-12 07:42:07,535 [ForkJoinPool.commonPool-worker-1] INFO  utils.BackgroundService (BackgroundService.java:shutdown(160)) - Shutting down service BlockDeletingService
2024-06-12 07:42:07,535 [ForkJoinPool.commonPool-worker-5] INFO  utils.DatanodeStoreCache (DatanodeStoreCache.java:removeDB(110)) - Removed db /home/runner/work/ozone/ozone/hadoop-ozone/integration-test/target/test-dir/MiniOzoneClusterImpl-63f03bc8-0399-4ce2-9c43-ca6ad8c463d8/ozone-meta/datanode-3/data-0/hdds/63f03bc8-0399-4ce2-9c43-ca6ad8c463d8/DS-769adfd5-b955-4210-9d4e-df0a26abcee9/container.db from cache
2024-06-12 07:42:07,535 [ForkJoinPool.commonPool-worker-5] INFO  volume.HddsVolume (HddsVolume.java:closeDbStore(470)) - SchemaV3 db is stopped at /home/runner/work/ozone/ozone/hadoop-ozone/integration-test/target/test-dir/MiniOzoneClusterImpl-63f03bc8-0399-4ce2-9c43-ca6ad8c463d8/ozone-meta/datanode-3/data-0/hdds/63f03bc8-0399-4ce2-9c43-ca6ad8c463d8/DS-769adfd5-b955-4210-9d4e-df0a26abcee9/container.db for volume DS-769adfd5-b955-4210-9d4e-df0a26abcee9
2024-06-12 07:42:07,535 [ForkJoinPool.commonPool-worker-5] INFO  utils.BackgroundService (BackgroundService.java:shutdown(160)) - Shutting down service BlockDeletingService
2024-06-12 07:42:07,536 [ForkJoinPool.commonPool-worker-7] INFO  utils.DatanodeStoreCache (DatanodeStoreCache.java:removeDB(110)) - Removed db /home/runner/work/ozone/ozone/hadoop-ozone/integration-test/target/test-dir/MiniOzoneClusterImpl-63f03bc8-0399-4ce2-9c43-ca6ad8c463d8/ozone-meta/datanode-2/data-0/hdds/63f03bc8-0399-4ce2-9c43-ca6ad8c463d8/DS-e552e796-c305-4dd5-95b2-8070ab08ff04/container.db from cache
2024-06-12 07:42:07,536 [ForkJoinPool.commonPool-worker-7] INFO  volume.HddsVolume (HddsVolume.java:closeDbStore(470)) - SchemaV3 db is stopped at /home/runner/work/ozone/ozone/hadoop-ozone/integration-test/target/test-dir/MiniOzoneClusterImpl-63f03bc8-0399-4ce2-9c43-ca6ad8c463d8/ozone-meta/datanode-2/data-0/hdds/63f03bc8-0399-4ce2-9c43-ca6ad8c463d8/DS-e552e796-c305-4dd5-95b2-8070ab08ff04/container.db for volume DS-e552e796-c305-4dd5-95b2-8070ab08ff04
2024-06-12 07:42:07,536 [ForkJoinPool.commonPool-worker-7] INFO  utils.BackgroundService (BackgroundService.java:shutdown(160)) - Shutting down service BlockDeletingService
2024-06-12 07:42:07,537 [ForkJoinPool.commonPool-worker-7] INFO  utils.BackgroundService (BackgroundService.java:shutdown(160)) - Shutting down service StaleRecoveringContainerScrubbingService
2024-06-12 07:42:07,538 [ForkJoinPool.commonPool-worker-7] INFO  statemachine.DatanodeStateMachine (DatanodeStateMachine.java:stopDaemon(628)) - Ozone container server stopped.
2024-06-12 07:42:07,538 [ForkJoinPool.commonPool-worker-7] INFO  handler.ContextHandler (ContextHandler.java:doStop(1159)) - Stopped o.e.j.w.WebAppContext@2eedd575{hddsDatanode,/,null,STOPPED}{file:/home/runner/work/ozone/ozone/hadoop-hdds/container-service/target/classes/webapps/hddsDatanode}
2024-06-12 07:42:07,538 [ForkJoinPool.commonPool-worker-7] INFO  server.AbstractConnector (AbstractConnector.java:doStop(383)) - Stopped ServerConnector@2c9b96af{HTTP/1.1, (http/1.1)}{0.0.0.0:15116}
2024-06-12 07:42:07,539 [ForkJoinPool.commonPool-worker-7] INFO  server.session (HouseKeeper.java:stopScavenging(149)) - node0 Stopped scavenging
2024-06-12 07:42:07,539 [ForkJoinPool.commonPool-worker-7] INFO  handler.ContextHandler (ContextHandler.java:doStop(1159)) - Stopped o.e.j.s.ServletContextHandler@1c66272b{static,/static,file:///home/runner/work/ozone/ozone/hadoop-hdds/container-service/target/classes/webapps/static,STOPPED}
2024-06-12 07:42:07,539 [ForkJoinPool.commonPool-worker-7] INFO  handler.ContextHandler (ContextHandler.java:doStop(1159)) - Stopped o.e.j.s.ServletContextHandler@3c9d64e4{logs,/logs,file:///home/runner/work/ozone/ozone/hadoop-ozone/integration-test/target/log,STOPPED}
2024-06-12 07:42:07,539 [ForkJoinPool.commonPool-worker-7] INFO  ozone.HddsDatanodeClientProtocolServer (HddsDatanodeClientProtocolServer.java:stop(83)) - Stopping the RPC server for Client Protocol
2024-06-12 07:42:07,540 [ForkJoinPool.commonPool-worker-7] INFO  ipc.Server (Server.java:stop(3523)) - Stopping server on 15117
2024-06-12 07:42:07,540 [IPC Server Responder] INFO  ipc.Server (Server.java:run(1567)) - Stopping IPC Server Responder
2024-06-12 07:42:07,540 [IPC Server listener on 15117] INFO  ipc.Server (Server.java:run(1434)) - Stopping IPC Server listener on 15117
2024-06-12 07:42:07,541 [ForkJoinPool.commonPool-worker-1] INFO  utils.BackgroundService (BackgroundService.java:shutdown(160)) - Shutting down service StaleRecoveringContainerScrubbingService
2024-06-12 07:42:07,541 [ForkJoinPool.commonPool-worker-5] INFO  utils.BackgroundService (BackgroundService.java:shutdown(160)) - Shutting down service StaleRecoveringContainerScrubbingService
2024-06-12 07:42:07,542 [ForkJoinPool.commonPool-worker-1] INFO  statemachine.DatanodeStateMachine (DatanodeStateMachine.java:stopDaemon(628)) - Ozone container server stopped.
2024-06-12 07:42:07,543 [ForkJoinPool.commonPool-worker-5] INFO  statemachine.DatanodeStateMachine (DatanodeStateMachine.java:stopDaemon(628)) - Ozone container server stopped.
2024-06-12 07:42:07,543 [ForkJoinPool.commonPool-worker-1] INFO  handler.ContextHandler (ContextHandler.java:doStop(1159)) - Stopped o.e.j.w.WebAppContext@239678d{hddsDatanode,/,null,STOPPED}{file:/home/runner/work/ozone/ozone/hadoop-hdds/container-service/target/classes/webapps/hddsDatanode}
2024-06-12 07:42:07,543 [ForkJoinPool.commonPool-worker-5] INFO  handler.ContextHandler (ContextHandler.java:doStop(1159)) - Stopped o.e.j.w.WebAppContext@1f4c8062{hddsDatanode,/,null,STOPPED}{file:/home/runner/work/ozone/ozone/hadoop-hdds/container-service/target/classes/webapps/hddsDatanode}
2024-06-12 07:42:07,543 [ForkJoinPool.commonPool-worker-1] INFO  server.AbstractConnector (AbstractConnector.java:doStop(383)) - Stopped ServerConnector@60b33bc{HTTP/1.1, (http/1.1)}{0.0.0.0:15107}
2024-06-12 07:42:07,544 [ForkJoinPool.commonPool-worker-1] INFO  server.session (HouseKeeper.java:stopScavenging(149)) - node0 Stopped scavenging
2024-06-12 07:42:07,544 [ForkJoinPool.commonPool-worker-1] INFO  handler.ContextHandler (ContextHandler.java:doStop(1159)) - Stopped o.e.j.s.ServletContextHandler@67f3b72d{static,/static,file:///home/runner/work/ozone/ozone/hadoop-hdds/container-service/target/classes/webapps/static,STOPPED}
2024-06-12 07:42:07,544 [ForkJoinPool.commonPool-worker-1] INFO  handler.ContextHandler (ContextHandler.java:doStop(1159)) - Stopped o.e.j.s.ServletContextHandler@5ae9ea0a{logs,/logs,file:///home/runner/work/ozone/ozone/hadoop-ozone/integration-test/target/log,STOPPED}
2024-06-12 07:42:07,544 [ForkJoinPool.commonPool-worker-5] INFO  server.AbstractConnector (AbstractConnector.java:doStop(383)) - Stopped ServerConnector@63f562b8{HTTP/1.1, (http/1.1)}{0.0.0.0:15125}
2024-06-12 07:42:07,544 [ForkJoinPool.commonPool-worker-5] INFO  server.session (HouseKeeper.java:stopScavenging(149)) - node0 Stopped scavenging
2024-06-12 07:42:07,544 [ForkJoinPool.commonPool-worker-5] INFO  handler.ContextHandler (ContextHandler.java:doStop(1159)) - Stopped o.e.j.s.ServletContextHandler@60399d13{static,/static,file:///home/runner/work/ozone/ozone/hadoop-hdds/container-service/target/classes/webapps/static,STOPPED}
2024-06-12 07:42:07,545 [ForkJoinPool.commonPool-worker-5] INFO  handler.ContextHandler (ContextHandler.java:doStop(1159)) - Stopped o.e.j.s.ServletContextHandler@5572f9d1{logs,/logs,file:///home/runner/work/ozone/ozone/hadoop-ozone/integration-test/target/log,STOPPED}
2024-06-12 07:42:07,545 [ForkJoinPool.commonPool-worker-1] INFO  ozone.HddsDatanodeClientProtocolServer (HddsDatanodeClientProtocolServer.java:stop(83)) - Stopping the RPC server for Client Protocol
2024-06-12 07:42:07,545 [ForkJoinPool.commonPool-worker-1] INFO  ipc.Server (Server.java:stop(3523)) - Stopping server on 15108
2024-06-12 07:42:07,545 [ForkJoinPool.commonPool-worker-5] INFO  ozone.HddsDatanodeClientProtocolServer (HddsDatanodeClientProtocolServer.java:stop(83)) - Stopping the RPC server for Client Protocol
2024-06-12 07:42:07,545 [ForkJoinPool.commonPool-worker-5] INFO  ipc.Server (Server.java:stop(3523)) - Stopping server on 15126
2024-06-12 07:42:07,546 [IPC Server Responder] INFO  ipc.Server (Server.java:run(1567)) - Stopping IPC Server Responder
2024-06-12 07:42:07,546 [IPC Server listener on 15108] INFO  ipc.Server (Server.java:run(1434)) - Stopping IPC Server listener on 15108
2024-06-12 07:42:07,546 [IPC Server listener on 15126] INFO  ipc.Server (Server.java:run(1434)) - Stopping IPC Server listener on 15126
2024-06-12 07:42:07,546 [IPC Server Responder] INFO  ipc.Server (Server.java:run(1567)) - Stopping IPC Server Responder
2024-06-12 07:42:07,547 [main] INFO  ozone.MiniOzoneClusterImpl (MiniOzoneClusterImpl.java:stopSCM(486)) - Stopping the StorageContainerManager
2024-06-12 07:42:07,547 [main] INFO  server.StorageContainerManager (StorageContainerManager.java:stop(1630)) - Container Balancer is not running.
2024-06-12 07:42:07,547 [main] INFO  server.StorageContainerManager (StorageContainerManager.java:stopReplicationManager(1763)) - Stopping Replication Manager Service.
2024-06-12 07:42:07,547 [main] INFO  replication.ReplicationManager (ReplicationManager.java:stop(329)) - Stopping Replication Monitor Thread.
2024-06-12 07:42:07,547 [main] INFO  server.StorageContainerManager (StorageContainerManager.java:stop(1639)) - Stopping the Datanode Admin Monitor.
2024-06-12 07:42:07,547 [main] INFO  server.StorageContainerManager (StorageContainerManager.java:stop(1646)) - Stopping datanode service RPC server
2024-06-12 07:42:07,547 [main] INFO  server.SCMDatanodeProtocolServer (SCMDatanodeProtocolServer.java:stop(425)) - Stopping the RPC server for DataNodes
2024-06-12 07:42:07,547 [main] INFO  ipc.Server (Server.java:stop(3523)) - Stopping server on 15100
2024-06-12 07:42:07,548 [UnderReplicatedProcessor] WARN  replication.UnhealthyReplicationProcessor (UnhealthyReplicationProcessor.java:run(180)) - UnderReplicatedProcessor interrupted. Exiting...
2024-06-12 07:42:07,548 [OverReplicatedProcessor] WARN  replication.UnhealthyReplicationProcessor (UnhealthyReplicationProcessor.java:run(180)) - OverReplicatedProcessor interrupted. Exiting...
2024-06-12 07:42:07,548 [ReplicationMonitor] INFO  replication.ReplicationManager (ReplicationManager.java:run(938)) - Replication Monitor Thread is stopped
2024-06-12 07:42:07,554 [IPC Server listener on 15100] INFO  ipc.Server (Server.java:run(1434)) - Stopping IPC Server listener on 15100
2024-06-12 07:42:07,554 [IPC Server Responder] INFO  ipc.Server (Server.java:run(1567)) - Stopping IPC Server Responder
2024-06-12 07:42:07,599 [SCMHeartbeatProcessor-0] WARN  node.NodeStateManager (NodeStateManager.java:scheduleNextHealthCheck(883)) - Current Thread is interrupted, shutting down HB processing thread for Node Manager.
2024-06-12 07:42:07,600 [main] INFO  server.StorageContainerManager (StorageContainerManager.java:stop(1654)) - Stopping block service RPC server
2024-06-12 07:42:07,600 [main] INFO  server.SCMBlockProtocolServer (SCMBlockProtocolServer.java:stop(171)) - Stopping the RPC server for Block Protocol
2024-06-12 07:42:07,600 [main] INFO  ipc.Server (Server.java:stop(3523)) - Stopping server on 15099
2024-06-12 07:42:07,602 [IPC Server listener on 15099] INFO  ipc.Server (Server.java:run(1434)) - Stopping IPC Server listener on 15099
2024-06-12 07:42:07,602 [IPC Server Responder] INFO  ipc.Server (Server.java:run(1567)) - Stopping IPC Server Responder
2024-06-12 07:42:07,603 [main] INFO  server.StorageContainerManager (StorageContainerManager.java:stop(1661)) - Stopping the StorageContainerLocationProtocol RPC server
2024-06-12 07:42:07,603 [main] INFO  server.SCMClientProtocolServer (SCMClientProtocolServer.java:stop(213)) - Stopping the RPC server for Client Protocol
2024-06-12 07:42:07,603 [main] INFO  ipc.Server (Server.java:stop(3523)) - Stopping server on 15098
2024-06-12 07:42:07,607 [IPC Server listener on 15098] INFO  ipc.Server (Server.java:run(1434)) - Stopping IPC Server listener on 15098
2024-06-12 07:42:07,607 [IPC Server Responder] INFO  ipc.Server (Server.java:run(1567)) - Stopping IPC Server Responder
2024-06-12 07:42:07,607 [main] INFO  server.StorageContainerManager (StorageContainerManager.java:stop(1668)) - Stopping Storage Container Manager HTTP server.
2024-06-12 07:42:07,608 [main] INFO  handler.ContextHandler (ContextHandler.java:doStop(1159)) - Stopped o.e.j.w.WebAppContext@5fdd9b96{scm,/,null,STOPPED}{file:/home/runner/work/ozone/ozone/hadoop-ozone/integration-test/target/test-classes/webapps/scm}
2024-06-12 07:42:07,609 [main] INFO  server.AbstractConnector (AbstractConnector.java:doStop(383)) - Stopped ServerConnector@52fe4ef2{HTTP/1.1, (http/1.1)}{0.0.0.0:15101}
2024-06-12 07:42:07,610 [main] INFO  server.session (HouseKeeper.java:stopScavenging(149)) - node0 Stopped scavenging
2024-06-12 07:42:07,611 [main] INFO  handler.ContextHandler (ContextHandler.java:doStop(1159)) - Stopped o.e.j.s.ServletContextHandler@1d0305fb{static,/static,file:///home/runner/work/ozone/ozone/hadoop-ozone/integration-test/target/test-classes/webapps/static,STOPPED}
2024-06-12 07:42:07,611 [main] INFO  handler.ContextHandler (ContextHandler.java:doStop(1159)) - Stopped o.e.j.s.ServletContextHandler@5b8ee649{logs,/logs,file:///home/runner/work/ozone/ozone/hadoop-ozone/integration-test/target/log,STOPPED}
2024-06-12 07:42:07,612 [main] INFO  server.StorageContainerManager (StorageContainerManager.java:stop(1676)) - Stopping SCM LayoutVersionManager Service.
2024-06-12 07:42:07,612 [main] INFO  server.StorageContainerManager (StorageContainerManager.java:stop(1688)) - Stopping Block Manager Service.
2024-06-12 07:42:07,612 [main] INFO  utils.BackgroundService (BackgroundService.java:shutdown(160)) - Shutting down service SCMBlockDeletingService
2024-06-12 07:42:07,612 [main] INFO  utils.BackgroundService (BackgroundService.java:shutdown(160)) - Shutting down service SCMBlockDeletingService
2024-06-12 07:42:07,613 [main] INFO  server.StorageContainerManager (StorageContainerManager.java:stop(1708)) - Stopping SCM Event Queue.
2024-06-12 07:42:07,613 [JvmPauseMonitor12] INFO  util.JvmPauseMonitor (JvmPauseMonitor.java:run(152)) - JvmPauseMonitor-89df9e3a-6ee6-433c-a86d-699452d12cbe: Stopped
2024-06-12 07:42:07,613 [main] INFO  server.StorageContainerManager (StorageContainerManager.java:stop(1719)) - Stopping SCM HA services.
2024-06-12 07:42:07,614 [main] INFO  pipeline.BackgroundPipelineCreator (BackgroundPipelineCreator.java:stop(152)) - Stopping RatisPipelineUtilsThread.
2024-06-12 07:42:07,614 [RatisPipelineUtilsThread-0] WARN  pipeline.BackgroundPipelineCreator (BackgroundPipelineCreator.java:run(183)) - RatisPipelineUtilsThread is interrupted.
2024-06-12 07:42:07,614 [main] INFO  BackgroundPipelineScrubber (BackgroundSCMService.java:stop(128)) - Stopping BackgroundPipelineScrubber Service.
2024-06-12 07:42:07,614 [BackgroundPipelineScrubber] WARN  BackgroundPipelineScrubber (BackgroundSCMService.java:run(112)) - BackgroundPipelineScrubber is interrupted, exit
2024-06-12 07:42:07,614 [main] INFO  impl.MetricsSystemImpl (MetricsSystemImpl.java:stop(210)) - Stopping HddsDatanode metrics system...
2024-06-12 07:42:07,616 [prometheus] INFO  impl.MetricsSinkAdapter (MetricsSinkAdapter.java:publishMetricsFromQueue(141)) - prometheus thread interrupted.
2024-06-12 07:42:07,616 [main] INFO  impl.MetricsSystemImpl (MetricsSystemImpl.java:stop(216)) - HddsDatanode metrics system stopped.
2024-06-12 07:42:07,617 [main] WARN  pipeline.BackgroundPipelineCreator (BackgroundPipelineCreator.java:stop(148)) - RatisPipelineUtilsThread is not running, just ignore.
2024-06-12 07:42:07,617 [main] INFO  BackgroundPipelineScrubber (BackgroundSCMService.java:stop(123)) - BackgroundPipelineScrubber Service is not running, skip stop.
2024-06-12 07:42:07,617 [ExpiredContainerReplicaOpScrubber] WARN  ExpiredContainerReplicaOpScrubber (BackgroundSCMService.java:run(112)) - ExpiredContainerReplicaOpScrubber is interrupted, exit
2024-06-12 07:42:07,617 [main] INFO  ExpiredContainerReplicaOpScrubber (BackgroundSCMService.java:stop(128)) - Stopping ExpiredContainerReplicaOpScrubber Service.
2024-06-12 07:42:07,617 [main] INFO  utils.BackgroundService (BackgroundService.java:shutdown(160)) - Shutting down service SCMBlockDeletingService
2024-06-12 07:42:07,617 [main] INFO  replication.ReplicationManager (ReplicationManager.java:stop(339)) - Replication Monitor Thread is not running.
2024-06-12 07:42:07,617 [main] WARN  balancer.ContainerBalancer (ContainerBalancer.java:stop(327)) - Cannot stop Container Balancer because it's not running or stopping
2024-06-12 07:42:07,617 [LeaseManager#LeaseMonitor] WARN  lease.LeaseManager (LeaseManager.java:run(286)) - Lease manager is interrupted. Shutting down...
java.lang.InterruptedException
	at java.base/java.util.concurrent.locks.AbstractQueuedSynchronizer.tryAcquireSharedNanos(AbstractQueuedSynchronizer.java:1081)
	at java.base/java.util.concurrent.Semaphore.tryAcquire(Semaphore.java:415)
	at org.apache.hadoop.ozone.lease.LeaseManager$LeaseMonitor.run(LeaseManager.java:284)
	at java.base/java.lang.Thread.run(Thread.java:840)
2024-06-12 07:42:07,617 [main] INFO  server.StorageContainerManager (StorageContainerManager.java:stop(1754)) - Stopping SCM MetadataStore.
]]></system-out>
  </testcase>
</testsuite>