<?xml version="1.0" encoding="UTF-8"?>
<testsuite xmlns:xsi="http://www.w3.org/2001/XMLSchema-instance" xsi:noNamespaceSchemaLocation="https://maven.apache.org/surefire/maven-surefire-plugin/xsd/surefire-test-report.xsd" name="org.apache.hadoop.ozone.scm.node.TestDecommissionAndMaintenance" time="326.366" tests="8" errors="1" skipped="0" failures="0">
  <properties>
    <property name="awt.toolkit" value="sun.awt.X11.XToolkit"/>
    <property name="file.encoding.pkg" value="sun.io"/>
    <property name="java.specification.version" value="1.8"/>
    <property name="sun.cpu.isalist" value=""/>
    <property name="sun.jnu.encoding" value="UTF-8"/>
    <property name="java.class.path" value="/home/runner/work/ozone/ozone/hadoop-ozone/integration-test/target/test-classes:/home/runner/work/ozone/ozone/hadoop-ozone/integration-test/target/classes:/home/runner/.m2/repository/org/apache/ozone/ozone-common/1.2.0-SNAPSHOT/ozone-common-1.2.0-SNAPSHOT.jar:/home/runner/.m2/repository/org/apache/commons/commons-compress/1.21/commons-compress-1.21.jar:/home/runner/.m2/repository/org/apache/ozone/hdds-common/1.2.0-SNAPSHOT/hdds-common-1.2.0-SNAPSHOT.jar:/home/runner/.m2/repository/org/apache/ozone/hdds-client/1.2.0-SNAPSHOT/hdds-client-1.2.0-SNAPSHOT.jar:/home/runner/.m2/repository/org/apache/ozone/ozone-interface-client/1.2.0-SNAPSHOT/ozone-interface-client-1.2.0-SNAPSHOT.jar:/home/runner/.m2/repository/org/apache/ozone/hdds-server-framework/1.2.0-SNAPSHOT/hdds-server-framework-1.2.0-SNAPSHOT.jar:/home/runner/.m2/repository/org/apache/ozone/hdds-interface-server/1.2.0-SNAPSHOT/hdds-interface-server-1.2.0-SNAPSHOT.jar:/home/runner/.m2/repository/org/eclipse/jetty/jetty-servlet/9.4.43.v20210629/jetty-servlet-9.4.43.v20210629.jar:/home/runner/.m2/repository/org/eclipse/jetty/jetty-security/9.4.43.v20210629/jetty-security-9.4.43.v20210629.jar:/home/runner/.m2/repository/org/rocksdb/rocksdbjni/6.20.3/rocksdbjni-6.20.3.jar:/home/runner/.m2/repository/io/prometheus/simpleclient_dropwizard/0.7.0/simpleclient_dropwizard-0.7.0.jar:/home/runner/.m2/repository/io/prometheus/simpleclient/0.7.0/simpleclient-0.7.0.jar:/home/runner/.m2/repository/io/prometheus/simpleclient_common/0.7.0/simpleclient_common-0.7.0.jar:/home/runner/.m2/repository/com/fasterxml/jackson/datatype/jackson-datatype-jsr310/2.12.1/jackson-datatype-jsr310-2.12.1.jar:/home/runner/.m2/repository/org/apache/ozone/hdds-test-utils/1.2.0-SNAPSHOT/hdds-test-utils-1.2.0-SNAPSHOT.jar:/home/runner/.m2/repository/com/google/guava/guava/30.1.1-jre/guava-30.1.1-jre.jar:/home/runner/.m2/repository/com/google/guava/failureaccess/1.0.1/failureaccess-1.0.1.jar:/home/runner/.m2/repository/com/google/guava/listenablefuture/9999.0-empty-to-avoid-conflict-with-guava/listenablefuture-9999.0-empty-to-avoid-conflict-with-guava.jar:/home/runner/.m2/repository/com/google/code/findbugs/jsr305/3.0.0/jsr305-3.0.0.jar:/home/runner/.m2/repository/org/checkerframework/checker-qual/3.8.0/checker-qual-3.8.0.jar:/home/runner/.m2/repository/com/google/errorprone/error_prone_annotations/2.2.0/error_prone_annotations-2.2.0.jar:/home/runner/.m2/repository/com/google/j2objc/j2objc-annotations/1.3/j2objc-annotations-1.3.jar:/home/runner/.m2/repository/commons-io/commons-io/2.11.0/commons-io-2.11.0.jar:/home/runner/.m2/repository/commons-logging/commons-logging/1.2/commons-logging-1.2.jar:/home/runner/.m2/repository/log4j/log4j/1.2.17/log4j-1.2.17.jar:/home/runner/.m2/repository/org/slf4j/slf4j-api/1.7.30/slf4j-api-1.7.30.jar:/home/runner/.m2/repository/org/apache/ozone/hdds-server-scm/1.2.0-SNAPSHOT/hdds-server-scm-1.2.0-SNAPSHOT.jar:/home/runner/.m2/repository/org/apache/ozone/hdds-container-service/1.2.0-SNAPSHOT/hdds-container-service-1.2.0-SNAPSHOT.jar:/home/runner/.m2/repository/org/apache/ozone/hdds-hadoop-dependency-server/1.2.0-SNAPSHOT/hdds-hadoop-dependency-server-1.2.0-SNAPSHOT.jar:/home/runner/.m2/repository/org/apache/hadoop/hadoop-hdfs/3.3.1/hadoop-hdfs-3.3.1.jar:/home/runner/.m2/repository/io/dropwizard/metrics/metrics-core/3.2.4/metrics-core-3.2.4.jar:/home/runner/.m2/repository/org/apache/hadoop/hadoop-hdfs-client/3.3.1/hadoop-hdfs-client-3.3.1.jar:/home/runner/.m2/repository/org/bouncycastle/bcprov-jdk15on/1.67/bcprov-jdk15on-1.67.jar:/home/runner/.m2/repository/com/google/protobuf/protobuf-java/2.5.0/protobuf-java-2.5.0.jar:/home/runner/.m2/repository/org/apache/ozone/ozone-manager/1.2.0-SNAPSHOT/ozone-manager-1.2.0-SNAPSHOT.jar:/home/runner/.m2/repository/org/aspectj/aspectjrt/1.9.7/aspectjrt-1.9.7.jar:/home/runner/.m2/repository/org/aspectj/aspectjweaver/1.9.7/aspectjweaver-1.9.7.jar:/home/runner/.m2/repository/org/apache/ozone/hdds-interface-client/1.2.0-SNAPSHOT/hdds-interface-client-1.2.0-SNAPSHOT.jar:/home/runner/.m2/repository/org/apache/hadoop/thirdparty/hadoop-shaded-protobuf_3_7/1.1.1/hadoop-shaded-protobuf_3_7-1.1.1.jar:/home/runner/.m2/repository/org/apache/ozone/ozone-interface-storage/1.2.0-SNAPSHOT/ozone-interface-storage-1.2.0-SNAPSHOT.jar:/home/runner/.m2/repository/org/reflections/reflections/0.9.11/reflections-0.9.11.jar:/home/runner/.m2/repository/org/apache/hadoop/hadoop-minikdc/3.3.1/hadoop-minikdc-3.3.1.jar:/home/runner/.m2/repository/org/apache/kerby/kerb-simplekdc/1.0.1/kerb-simplekdc-1.0.1.jar:/home/runner/.m2/repository/org/apache/kerby/kerb-client/1.0.1/kerb-client-1.0.1.jar:/home/runner/.m2/repository/org/apache/kerby/kerby-config/1.0.1/kerby-config-1.0.1.jar:/home/runner/.m2/repository/org/apache/kerby/kerb-common/1.0.1/kerb-common-1.0.1.jar:/home/runner/.m2/repository/org/apache/kerby/kerb-crypto/1.0.1/kerb-crypto-1.0.1.jar:/home/runner/.m2/repository/org/apache/kerby/kerb-util/1.0.1/kerb-util-1.0.1.jar:/home/runner/.m2/repository/org/apache/kerby/token-provider/1.0.1/token-provider-1.0.1.jar:/home/runner/.m2/repository/org/apache/kerby/kerb-admin/1.0.1/kerb-admin-1.0.1.jar:/home/runner/.m2/repository/org/apache/kerby/kerb-server/1.0.1/kerb-server-1.0.1.jar:/home/runner/.m2/repository/org/apache/kerby/kerb-identity/1.0.1/kerb-identity-1.0.1.jar:/home/runner/.m2/repository/org/apache/kerby/kerby-xdr/1.0.1/kerby-xdr-1.0.1.jar:/home/runner/.m2/repository/org/slf4j/slf4j-log4j12/1.7.30/slf4j-log4j12-1.7.30.jar:/home/runner/.m2/repository/org/apache/ozone/ozone-s3gateway/1.2.0-SNAPSHOT/ozone-s3gateway-1.2.0-SNAPSHOT.jar:/home/runner/.m2/repository/org/javassist/javassist/3.21.0-GA/javassist-3.21.0-GA.jar:/home/runner/.m2/repository/org/jboss/weld/servlet/weld-servlet/2.4.7.Final/weld-servlet-2.4.7.Final.jar:/home/runner/.m2/repository/org/glassfish/jersey/containers/jersey-container-servlet-core/2.33/jersey-container-servlet-core-2.33.jar:/home/runner/.m2/repository/org/glassfish/hk2/external/jakarta.inject/2.6.1/jakarta.inject-2.6.1.jar:/home/runner/.m2/repository/org/glassfish/jersey/core/jersey-common/2.33/jersey-common-2.33.jar:/home/runner/.m2/repository/jakarta/ws/rs/jakarta.ws.rs-api/2.1.6/jakarta.ws.rs-api-2.1.6.jar:/home/runner/.m2/repository/org/glassfish/jersey/ext/cdi/jersey-cdi1x/2.33/jersey-cdi1x-2.33.jar:/home/runner/.m2/repository/org/glassfish/jersey/inject/jersey-hk2/2.33/jersey-hk2-2.33.jar:/home/runner/.m2/repository/org/glassfish/hk2/hk2-locator/2.6.1/hk2-locator-2.6.1.jar:/home/runner/.m2/repository/org/glassfish/jersey/media/jersey-media-jaxb/2.33/jersey-media-jaxb-2.33.jar:/home/runner/.m2/repository/org/glassfish/hk2/osgi-resource-locator/1.0.3/osgi-resource-locator-1.0.3.jar:/home/runner/.m2/repository/org/glassfish/hk2/hk2-api/2.5.0/hk2-api-2.5.0.jar:/home/runner/.m2/repository/org/glassfish/hk2/hk2-utils/2.5.0/hk2-utils-2.5.0.jar:/home/runner/.m2/repository/org/glassfish/hk2/external/aopalliance-repackaged/2.5.0/aopalliance-repackaged-2.5.0.jar:/home/runner/.m2/repository/com/fasterxml/jackson/dataformat/jackson-dataformat-xml/2.12.1/jackson-dataformat-xml-2.12.1.jar:/home/runner/.m2/repository/com/fasterxml/jackson/core/jackson-core/2.12.1/jackson-core-2.12.1.jar:/home/runner/.m2/repository/com/fasterxml/jackson/module/jackson-module-jaxb-annotations/2.12.1/jackson-module-jaxb-annotations-2.12.1.jar:/home/runner/.m2/repository/jakarta/xml/bind/jakarta.xml.bind-api/2.3.2/jakarta.xml.bind-api-2.3.2.jar:/home/runner/.m2/repository/org/codehaus/woodstox/stax2-api/3.1.4/stax2-api-3.1.4.jar:/home/runner/.m2/repository/com/fasterxml/woodstox/woodstox-core/5.0.3/woodstox-core-5.0.3.jar:/home/runner/.m2/repository/javax/enterprise/cdi-api/1.2/cdi-api-1.2.jar:/home/runner/.m2/repository/javax/el/javax.el-api/3.0.0/javax.el-api-3.0.0.jar:/home/runner/.m2/repository/javax/interceptor/javax.interceptor-api/1.2/javax.interceptor-api-1.2.jar:/home/runner/.m2/repository/javax/inject/javax.inject/1/javax.inject-1.jar:/home/runner/.m2/repository/javax/xml/bind/jaxb-api/2.3.0/jaxb-api-2.3.0.jar:/home/runner/.m2/repository/org/glassfish/jaxb/jaxb-runtime/2.3.0.1/jaxb-runtime-2.3.0.1.jar:/home/runner/.m2/repository/org/glassfish/jaxb/jaxb-core/2.3.0.1/jaxb-core-2.3.0.1.jar:/home/runner/.m2/repository/org/glassfish/jaxb/txw2/2.3.0.1/txw2-2.3.0.1.jar:/home/runner/.m2/repository/com/sun/istack/istack-commons-runtime/3.0.5/istack-commons-runtime-3.0.5.jar:/home/runner/.m2/repository/org/jvnet/staxex/stax-ex/1.7.8/stax-ex-1.7.8.jar:/home/runner/.m2/repository/com/sun/xml/fastinfoset/FastInfoset/1.2.13/FastInfoset-1.2.13.jar:/home/runner/.m2/repository/javax/activation/activation/1.1.1/activation-1.1.1.jar:/home/runner/.m2/repository/org/apache/ozone/ozone-csi/1.2.0-SNAPSHOT/ozone-csi-1.2.0-SNAPSHOT.jar:/home/runner/.m2/repository/com/google/protobuf/protobuf-java-util/3.12.0/protobuf-java-util-3.12.0.jar:/home/runner/.m2/repository/com/google/code/gson/gson/2.2.4/gson-2.2.4.jar:/home/runner/.m2/repository/org/apache/ozone/hdds-config/1.2.0-SNAPSHOT/hdds-config-1.2.0-SNAPSHOT.jar:/home/runner/.m2/repository/io/grpc/grpc-netty/1.33.0/grpc-netty-1.33.0.jar:/home/runner/.m2/repository/io/grpc/grpc-core/1.33.0/grpc-core-1.33.0.jar:/home/runner/.m2/repository/com/google/android/annotations/4.1.1.4/annotations-4.1.1.4.jar:/home/runner/.m2/repository/io/netty/netty-codec-http2/4.1.63.Final/netty-codec-http2-4.1.63.Final.jar:/home/runner/.m2/repository/io/netty/netty-codec-http/4.1.63.Final/netty-codec-http-4.1.63.Final.jar:/home/runner/.m2/repository/io/netty/netty-handler-proxy/4.1.63.Final/netty-handler-proxy-4.1.63.Final.jar:/home/runner/.m2/repository/io/netty/netty-codec-socks/4.1.63.Final/netty-codec-socks-4.1.63.Final.jar:/home/runner/.m2/repository/io/perfmark/perfmark-api/0.19.0/perfmark-api-0.19.0.jar:/home/runner/.m2/repository/org/codehaus/mojo/animal-sniffer-annotations/1.18/animal-sniffer-annotations-1.18.jar:/home/runner/.m2/repository/io/netty/netty-transport-native-epoll/4.1.63.Final/netty-transport-native-epoll-4.1.63.Final.jar:/home/runner/.m2/repository/io/netty/netty-common/4.1.63.Final/netty-common-4.1.63.Final.jar:/home/runner/.m2/repository/io/netty/netty-buffer/4.1.63.Final/netty-buffer-4.1.63.Final.jar:/home/runner/.m2/repository/io/netty/netty-transport-native-unix-common/4.1.63.Final/netty-transport-native-unix-common-4.1.63.Final.jar:/home/runner/.m2/repository/io/grpc/grpc-protobuf/1.33.0/grpc-protobuf-1.33.0.jar:/home/runner/.m2/repository/io/grpc/grpc-api/1.33.0/grpc-api-1.33.0.jar:/home/runner/.m2/repository/io/grpc/grpc-context/1.33.0/grpc-context-1.33.0.jar:/home/runner/.m2/repository/com/google/api/grpc/proto-google-common-protos/1.17.0/proto-google-common-protos-1.17.0.jar:/home/runner/.m2/repository/io/grpc/grpc-protobuf-lite/1.33.0/grpc-protobuf-lite-1.33.0.jar:/home/runner/.m2/repository/io/grpc/grpc-stub/1.33.0/grpc-stub-1.33.0.jar:/home/runner/.m2/repository/org/apache/ozone/ozone-recon/1.2.0-SNAPSHOT/ozone-recon-1.2.0-SNAPSHOT.jar:/home/runner/.m2/repository/org/apache/ozone/ozone-reconcodegen/1.2.0-SNAPSHOT/ozone-reconcodegen-1.2.0-SNAPSHOT.jar:/home/runner/.m2/repository/com/google/inject/extensions/guice-multibindings/4.0/guice-multibindings-4.0.jar:/home/runner/.m2/repository/com/google/inject/guice/4.0/guice-4.0.jar:/home/runner/.m2/repository/aopalliance/aopalliance/1.0/aopalliance-1.0.jar:/home/runner/.m2/repository/com/google/inject/extensions/guice-assistedinject/4.0/guice-assistedinject-4.0.jar:/home/runner/.m2/repository/com/google/inject/extensions/guice-servlet/4.0/guice-servlet-4.0.jar:/home/runner/.m2/repository/org/glassfish/jersey/containers/jersey-container-servlet/2.33/jersey-container-servlet-2.33.jar:/home/runner/.m2/repository/org/glassfish/hk2/guice-bridge/2.5.0/guice-bridge-2.5.0.jar:/home/runner/.m2/repository/org/glassfish/jersey/core/jersey-server/2.33/jersey-server-2.33.jar:/home/runner/.m2/repository/org/glassfish/jersey/core/jersey-client/2.33/jersey-client-2.33.jar:/home/runner/.m2/repository/jakarta/annotation/jakarta.annotation-api/1.3.5/jakarta.annotation-api-1.3.5.jar:/home/runner/.m2/repository/jakarta/validation/jakarta.validation-api/2.0.2/jakarta.validation-api-2.0.2.jar:/home/runner/.m2/repository/org/glassfish/jersey/media/jersey-media-json-jackson/2.33/jersey-media-json-jackson-2.33.jar:/home/runner/.m2/repository/org/glassfish/jersey/ext/jersey-entity-filtering/2.33/jersey-entity-filtering-2.33.jar:/home/runner/.m2/repository/org/jooq/jooq/3.11.10/jooq-3.11.10.jar:/home/runner/.m2/repository/org/jooq/jooq-meta/3.11.10/jooq-meta-3.11.10.jar:/home/runner/.m2/repository/org/jooq/jooq-codegen/3.11.10/jooq-codegen-3.11.10.jar:/home/runner/.m2/repository/com/jolbox/bonecp/0.8.0.RELEASE/bonecp-0.8.0.RELEASE.jar:/home/runner/.m2/repository/org/apache/derby/derby/10.14.2.0/derby-10.14.2.0.jar:/home/runner/.m2/repository/org/xerial/sqlite-jdbc/3.25.2/sqlite-jdbc-3.25.2.jar:/home/runner/.m2/repository/org/springframework/spring-jdbc/5.2.17.RELEASE/spring-jdbc-5.2.17.RELEASE.jar:/home/runner/.m2/repository/org/springframework/spring-beans/5.2.17.RELEASE/spring-beans-5.2.17.RELEASE.jar:/home/runner/.m2/repository/org/springframework/spring-core/5.2.17.RELEASE/spring-core-5.2.17.RELEASE.jar:/home/runner/.m2/repository/org/springframework/spring-jcl/5.2.17.RELEASE/spring-jcl-5.2.17.RELEASE.jar:/home/runner/.m2/repository/org/springframework/spring-tx/5.2.17.RELEASE/spring-tx-5.2.17.RELEASE.jar:/home/runner/.m2/repository/org/apache/ozone/ozone-client/1.2.0-SNAPSHOT/ozone-client-1.2.0-SNAPSHOT.jar:/home/runner/.m2/repository/org/apache/ozone/ozone-filesystem/1.2.0-SNAPSHOT/ozone-filesystem-1.2.0-SNAPSHOT.jar:/home/runner/.m2/repository/org/apache/ozone/ozone-filesystem-common/1.2.0-SNAPSHOT/ozone-filesystem-common-1.2.0-SNAPSHOT.jar:/home/runner/.m2/repository/org/apache/ozone/ozone-tools/1.2.0-SNAPSHOT/ozone-tools-1.2.0-SNAPSHOT.jar:/home/runner/.m2/repository/org/apache/ratis/ratis-tools/2.2.0/ratis-tools-2.2.0.jar:/home/runner/.m2/repository/com/amazonaws/aws-java-sdk-core/1.11.1034/aws-java-sdk-core-1.11.1034.jar:/home/runner/.m2/repository/org/apache/httpcomponents/httpclient/4.5.13/httpclient-4.5.13.jar:/home/runner/.m2/repository/org/apache/httpcomponents/httpcore/4.4.13/httpcore-4.4.13.jar:/home/runner/.m2/repository/software/amazon/ion/ion-java/1.0.2/ion-java-1.0.2.jar:/home/runner/.m2/repository/com/fasterxml/jackson/dataformat/jackson-dataformat-cbor/2.12.1/jackson-dataformat-cbor-2.12.1.jar:/home/runner/.m2/repository/joda-time/joda-time/2.8.1/joda-time-2.8.1.jar:/home/runner/.m2/repository/com/amazonaws/aws-java-sdk-s3/1.11.1034/aws-java-sdk-s3-1.11.1034.jar:/home/runner/.m2/repository/com/amazonaws/aws-java-sdk-kms/1.11.1034/aws-java-sdk-kms-1.11.1034.jar:/home/runner/.m2/repository/com/amazonaws/jmespath-java/1.11.1034/jmespath-java-1.11.1034.jar:/home/runner/.m2/repository/org/kohsuke/metainf-services/metainf-services/1.8/metainf-services-1.8.jar:/home/runner/.m2/repository/org/apache/ozone/hdds-tools/1.2.0-SNAPSHOT/hdds-tools-1.2.0-SNAPSHOT.jar:/home/runner/.m2/repository/commons-cli/commons-cli/1.2/commons-cli-1.2.jar:/home/runner/.m2/repository/org/apache/commons/commons-lang3/3.7/commons-lang3-3.7.jar:/home/runner/.m2/repository/org/apache/ozone/ozone-manager/1.2.0-SNAPSHOT/ozone-manager-1.2.0-SNAPSHOT-tests.jar:/home/runner/.m2/repository/org/apache/ozone/hdds-common/1.2.0-SNAPSHOT/hdds-common-1.2.0-SNAPSHOT-tests.jar:/home/runner/.m2/repository/org/apache/ozone/hdds-hadoop-dependency-client/1.2.0-SNAPSHOT/hdds-hadoop-dependency-client-1.2.0-SNAPSHOT.jar:/home/runner/.m2/repository/info/picocli/picocli/4.6.1/picocli-4.6.1.jar:/home/runner/.m2/repository/com/fasterxml/jackson/core/jackson-annotations/2.12.1/jackson-annotations-2.12.1.jar:/home/runner/.m2/repository/javax/annotation/javax.annotation-api/1.2/javax.annotation-api-1.2.jar:/home/runner/.m2/repository/org/apache/ratis/ratis-server/2.2.0/ratis-server-2.2.0.jar:/home/runner/.m2/repository/org/apache/ratis/ratis-client/2.2.0/ratis-client-2.2.0.jar:/home/runner/.m2/repository/org/apache/ratis/ratis-server-api/2.2.0/ratis-server-api-2.2.0.jar:/home/runner/.m2/repository/org/apache/ratis/ratis-metrics/2.2.0/ratis-metrics-2.2.0.jar:/home/runner/.m2/repository/org/apache/ratis/ratis-netty/2.2.0/ratis-netty-2.2.0.jar:/home/runner/.m2/repository/org/apache/ratis/ratis-grpc/2.2.0/ratis-grpc-2.2.0.jar:/home/runner/.m2/repository/org/apache/logging/log4j/log4j-api/2.13.3/log4j-api-2.13.3.jar:/home/runner/.m2/repository/org/apache/logging/log4j/log4j-core/2.13.3/log4j-core-2.13.3.jar:/home/runner/.m2/repository/com/lmax/disruptor/3.4.2/disruptor-3.4.2.jar:/home/runner/.m2/repository/org/apache/commons/commons-pool2/2.6.0/commons-pool2-2.6.0.jar:/home/runner/.m2/repository/org/bouncycastle/bcpkix-jdk15on/1.67/bcpkix-jdk15on-1.67.jar:/home/runner/.m2/repository/commons-validator/commons-validator/1.6/commons-validator-1.6.jar:/home/runner/.m2/repository/commons-beanutils/commons-beanutils/1.9.4/commons-beanutils-1.9.4.jar:/home/runner/.m2/repository/commons-digester/commons-digester/1.8.1/commons-digester-1.8.1.jar:/home/runner/.m2/repository/commons-collections/commons-collections/3.2.2/commons-collections-3.2.2.jar:/home/runner/.m2/repository/io/jaegertracing/jaeger-client/1.6.0/jaeger-client-1.6.0.jar:/home/runner/.m2/repository/io/jaegertracing/jaeger-thrift/1.6.0/jaeger-thrift-1.6.0.jar:/home/runner/.m2/repository/org/apache/thrift/libthrift/0.14.1/libthrift-0.14.1.jar:/home/runner/.m2/repository/com/squareup/okhttp3/okhttp/4.9.0/okhttp-4.9.0.jar:/home/runner/.m2/repository/com/squareup/okio/okio/2.8.0/okio-2.8.0.jar:/home/runner/.m2/repository/io/jaegertracing/jaeger-core/1.6.0/jaeger-core-1.6.0.jar:/home/runner/.m2/repository/io/jaegertracing/jaeger-tracerresolver/1.6.0/jaeger-tracerresolver-1.6.0.jar:/home/runner/.m2/repository/io/opentracing/contrib/opentracing-tracerresolver/0.1.8/opentracing-tracerresolver-0.1.8.jar:/home/runner/.m2/repository/org/jetbrains/kotlin/kotlin-stdlib/1.4.31/kotlin-stdlib-1.4.31.jar:/home/runner/.m2/repository/org/jetbrains/kotlin/kotlin-stdlib-common/1.4.31/kotlin-stdlib-common-1.4.31.jar:/home/runner/.m2/repository/org/jetbrains/annotations/13.0/annotations-13.0.jar:/home/runner/.m2/repository/io/opentracing/opentracing-util/0.33.0/opentracing-util-0.33.0.jar:/home/runner/.m2/repository/io/opentracing/opentracing-api/0.33.0/opentracing-api-0.33.0.jar:/home/runner/.m2/repository/io/opentracing/opentracing-noop/0.33.0/opentracing-noop-0.33.0.jar:/home/runner/.m2/repository/org/yaml/snakeyaml/1.26/snakeyaml-1.26.jar:/home/runner/.m2/repository/org/apache/ozone/hdds-interface-admin/1.2.0-SNAPSHOT/hdds-interface-admin-1.2.0-SNAPSHOT.jar:/home/runner/.m2/repository/junit/junit/4.13.1/junit-4.13.1.jar:/home/runner/.m2/repository/org/hamcrest/hamcrest-core/1.3/hamcrest-core-1.3.jar:/home/runner/.m2/repository/org/junit/jupiter/junit-jupiter-api/5.7.0/junit-jupiter-api-5.7.0.jar:/home/runner/.m2/repository/org/apiguardian/apiguardian-api/1.1.0/apiguardian-api-1.1.0.jar:/home/runner/.m2/repository/org/opentest4j/opentest4j/1.2.0/opentest4j-1.2.0.jar:/home/runner/.m2/repository/org/junit/platform/junit-platform-commons/1.7.0/junit-platform-commons-1.7.0.jar:/home/runner/.m2/repository/org/junit/jupiter/junit-jupiter-engine/5.7.0/junit-jupiter-engine-5.7.0.jar:/home/runner/.m2/repository/org/junit/platform/junit-platform-engine/1.7.0/junit-platform-engine-1.7.0.jar:/home/runner/.m2/repository/org/junit/vintage/junit-vintage-engine/5.7.0/junit-vintage-engine-5.7.0.jar:/home/runner/.m2/repository/org/junit/platform/junit-platform-launcher/1.7.0/junit-platform-launcher-1.7.0.jar:/home/runner/.m2/repository/org/openjdk/jmh/jmh-core/1.19/jmh-core-1.19.jar:/home/runner/.m2/repository/net/sf/jopt-simple/jopt-simple/4.6/jopt-simple-4.6.jar:/home/runner/.m2/repository/org/apache/commons/commons-math3/3.1.1/commons-math3-3.1.1.jar:/home/runner/.m2/repository/org/openjdk/jmh/jmh-generator-annprocess/1.19/jmh-generator-annprocess-1.19.jar:/home/runner/.m2/repository/org/mockito/mockito-core/2.28.2/mockito-core-2.28.2.jar:/home/runner/.m2/repository/net/bytebuddy/byte-buddy/1.9.10/byte-buddy-1.9.10.jar:/home/runner/.m2/repository/net/bytebuddy/byte-buddy-agent/1.9.10/byte-buddy-agent-1.9.10.jar:/home/runner/.m2/repository/org/objenesis/objenesis/1.0/objenesis-1.0.jar:/home/runner/.m2/repository/org/apache/hadoop/hadoop-kms/3.3.1/hadoop-kms-3.3.1.jar:/home/runner/.m2/repository/org/apache/hadoop/hadoop-auth/3.3.1/hadoop-auth-3.3.1.jar:/home/runner/.m2/repository/com/nimbusds/nimbus-jose-jwt/7.9/nimbus-jose-jwt-7.9.jar:/home/runner/.m2/repository/com/github/stephenc/jcip/jcip-annotations/1.0-1/jcip-annotations-1.0-1.jar:/home/runner/.m2/repository/net/minidev/json-smart/2.3.1/json-smart-2.3.1.jar:/home/runner/.m2/repository/net/minidev/accessors-smart/2.3.1/accessors-smart-2.3.1.jar:/home/runner/.m2/repository/org/ow2/asm/asm/5.0.4/asm-5.0.4.jar:/home/runner/.m2/repository/org/apache/zookeeper/zookeeper/3.5.6/zookeeper-3.5.6.jar:/home/runner/.m2/repository/org/apache/zookeeper/zookeeper-jute/3.5.6/zookeeper-jute-3.5.6.jar:/home/runner/.m2/repository/org/apache/yetus/audience-annotations/0.5.0/audience-annotations-0.5.0.jar:/home/runner/.m2/repository/org/apache/curator/curator-framework/4.2.0/curator-framework-4.2.0.jar:/home/runner/.m2/repository/org/apache/hadoop/thirdparty/hadoop-shaded-guava/1.1.1/hadoop-shaded-guava-1.1.1.jar:/home/runner/.m2/repository/com/sun/jersey/jersey-core/1.19/jersey-core-1.19.jar:/home/runner/.m2/repository/javax/ws/rs/jsr311-api/1.1.1/jsr311-api-1.1.1.jar:/home/runner/.m2/repository/com/sun/jersey/jersey-server/1.19/jersey-server-1.19.jar:/home/runner/.m2/repository/javax/servlet/javax.servlet-api/3.1.0/javax.servlet-api-3.1.0.jar:/home/runner/.m2/repository/org/eclipse/jetty/jetty-server/9.4.43.v20210629/jetty-server-9.4.43.v20210629.jar:/home/runner/.m2/repository/org/eclipse/jetty/jetty-http/9.4.43.v20210629/jetty-http-9.4.43.v20210629.jar:/home/runner/.m2/repository/org/eclipse/jetty/jetty-io/9.4.43.v20210629/jetty-io-9.4.43.v20210629.jar:/home/runner/.m2/repository/org/eclipse/jetty/jetty-webapp/9.4.43.v20210629/jetty-webapp-9.4.43.v20210629.jar:/home/runner/.m2/repository/org/eclipse/jetty/jetty-xml/9.4.43.v20210629/jetty-xml-9.4.43.v20210629.jar:/home/runner/.m2/repository/org/apache/hadoop/hadoop-common/3.3.1/hadoop-common-3.3.1.jar:/home/runner/.m2/repository/commons-net/commons-net/3.6/commons-net-3.6.jar:/home/runner/.m2/repository/jakarta/activation/jakarta.activation-api/1.2.1/jakarta.activation-api-1.2.1.jar:/home/runner/.m2/repository/com/sun/jersey/jersey-servlet/1.19/jersey-servlet-1.19.jar:/home/runner/.m2/repository/com/sun/jersey/jersey-json/1.19/jersey-json-1.19.jar:/home/runner/.m2/repository/org/codehaus/jettison/jettison/1.1/jettison-1.1.jar:/home/runner/.m2/repository/com/sun/xml/bind/jaxb-impl/2.2.3-1/jaxb-impl-2.2.3-1.jar:/home/runner/.m2/repository/org/codehaus/jackson/jackson-jaxrs/1.9.2/jackson-jaxrs-1.9.2.jar:/home/runner/.m2/repository/org/codehaus/jackson/jackson-xc/1.9.2/jackson-xc-1.9.2.jar:/home/runner/.m2/repository/org/apache/commons/commons-configuration2/2.1.1/commons-configuration2-2.1.1.jar:/home/runner/.m2/repository/org/apache/commons/commons-text/1.4/commons-text-1.4.jar:/home/runner/.m2/repository/com/google/re2j/re2j/1.1/re2j-1.1.jar:/home/runner/.m2/repository/com/jcraft/jsch/0.1.54/jsch-0.1.54.jar:/home/runner/.m2/repository/org/apache/curator/curator-client/4.2.0/curator-client-4.2.0.jar:/home/runner/.m2/repository/org/apache/curator/curator-recipes/4.2.0/curator-recipes-4.2.0.jar:/home/runner/.m2/repository/org/apache/kerby/kerb-core/1.0.1/kerb-core-1.0.1.jar:/home/runner/.m2/repository/org/apache/kerby/kerby-pkix/1.0.1/kerby-pkix-1.0.1.jar:/home/runner/.m2/repository/org/apache/kerby/kerby-asn1/1.0.1/kerby-asn1-1.0.1.jar:/home/runner/.m2/repository/org/apache/kerby/kerby-util/1.0.1/kerby-util-1.0.1.jar:/home/runner/.m2/repository/dnsjava/dnsjava/2.1.7/dnsjava-2.1.7.jar:/home/runner/.m2/repository/org/xerial/snappy/snappy-java/1.1.8.2/snappy-java-1.1.8.2.jar:/home/runner/.m2/repository/org/slf4j/jul-to-slf4j/1.7.30/jul-to-slf4j-1.7.30.jar:/home/runner/.m2/repository/org/eclipse/jetty/jetty-util/9.4.43.v20210629/jetty-util-9.4.43.v20210629.jar:/home/runner/.m2/repository/com/fasterxml/jackson/core/jackson-databind/2.12.1/jackson-databind-2.12.1.jar:/home/runner/.m2/repository/org/apache/hadoop/hadoop-kms/3.3.1/hadoop-kms-3.3.1-tests.jar:/home/runner/.m2/repository/org/apache/ozone/hdds-server-scm/1.2.0-SNAPSHOT/hdds-server-scm-1.2.0-SNAPSHOT-tests.jar:/home/runner/.m2/repository/org/apache/ozone/hdds-container-service/1.2.0-SNAPSHOT/hdds-container-service-1.2.0-SNAPSHOT-tests.jar:/home/runner/.m2/repository/commons-codec/commons-codec/1.11/commons-codec-1.11.jar:/home/runner/.m2/repository/io/netty/netty-transport/4.1.63.Final/netty-transport-4.1.63.Final.jar:/home/runner/.m2/repository/io/netty/netty-resolver/4.1.63.Final/netty-resolver-4.1.63.Final.jar:/home/runner/.m2/repository/io/netty/netty-codec/4.1.63.Final/netty-codec-4.1.63.Final.jar:/home/runner/.m2/repository/io/netty/netty-handler/4.1.63.Final/netty-handler-4.1.63.Final.jar:/home/runner/.m2/repository/org/apache/ozone/hdds-hadoop-dependency-test/1.2.0-SNAPSHOT/hdds-hadoop-dependency-test-1.2.0-SNAPSHOT.jar:/home/runner/.m2/repository/org/apache/hadoop/hadoop-common/3.3.1/hadoop-common-3.3.1-tests.jar:/home/runner/.m2/repository/org/assertj/assertj-core/3.12.2/assertj-core-3.12.2.jar:/home/runner/.m2/repository/org/apache/hadoop/hadoop-hdfs/3.3.1/hadoop-hdfs-3.3.1-tests.jar:/home/runner/.m2/repository/org/eclipse/jetty/jetty-util-ajax/9.4.43.v20210629/jetty-util-ajax-9.4.43.v20210629.jar:/home/runner/.m2/repository/commons-daemon/commons-daemon/1.0.13/commons-daemon-1.0.13.jar:/home/runner/.m2/repository/io/netty/netty/3.10.6.Final/netty-3.10.6.Final.jar:/home/runner/.m2/repository/io/netty/netty-all/4.1.63.Final/netty-all-4.1.63.Final.jar:/home/runner/.m2/repository/org/apache/htrace/htrace-core4/4.1.0-incubating/htrace-core4-4.1.0-incubating.jar:/home/runner/.m2/repository/org/fusesource/leveldbjni/leveldbjni-all/1.8/leveldbjni-all-1.8.jar:/home/runner/.m2/repository/org/apache/hadoop/hadoop-distcp/3.3.1/hadoop-distcp-3.3.1.jar:/home/runner/.m2/repository/org/apache/hadoop/hadoop-mapreduce-client-jobclient/3.3.1/hadoop-mapreduce-client-jobclient-3.3.1.jar:/home/runner/.m2/repository/org/apache/hadoop/hadoop-mapreduce-client-common/3.3.1/hadoop-mapreduce-client-common-3.3.1.jar:/home/runner/.m2/repository/org/apache/hadoop/hadoop-yarn-common/3.3.1/hadoop-yarn-common-3.3.1.jar:/home/runner/.m2/repository/org/apache/hadoop/hadoop-yarn-api/3.3.1/hadoop-yarn-api-3.3.1.jar:/home/runner/.m2/repository/com/sun/jersey/jersey-client/1.19/jersey-client-1.19.jar:/home/runner/.m2/repository/com/sun/jersey/contribs/jersey-guice/1.19/jersey-guice-1.19.jar:/home/runner/.m2/repository/com/fasterxml/jackson/jaxrs/jackson-jaxrs-json-provider/2.12.1/jackson-jaxrs-json-provider-2.12.1.jar:/home/runner/.m2/repository/com/fasterxml/jackson/jaxrs/jackson-jaxrs-base/2.12.1/jackson-jaxrs-base-2.12.1.jar:/home/runner/.m2/repository/org/apache/hadoop/hadoop-yarn-client/3.3.1/hadoop-yarn-client-3.3.1.jar:/home/runner/.m2/repository/org/eclipse/jetty/websocket/websocket-client/9.4.40.v20210413/websocket-client-9.4.40.v20210413.jar:/home/runner/.m2/repository/org/eclipse/jetty/jetty-client/9.4.40.v20210413/jetty-client-9.4.40.v20210413.jar:/home/runner/.m2/repository/org/eclipse/jetty/websocket/websocket-common/9.4.40.v20210413/websocket-common-9.4.40.v20210413.jar:/home/runner/.m2/repository/org/eclipse/jetty/websocket/websocket-api/9.4.40.v20210413/websocket-api-9.4.40.v20210413.jar:/home/runner/.m2/repository/org/jline/jline/3.9.0/jline-3.9.0.jar:/home/runner/.m2/repository/org/apache/hadoop/hadoop-mapreduce-client-core/3.3.1/hadoop-mapreduce-client-core-3.3.1.jar:/home/runner/.m2/repository/org/apache/avro/avro/1.7.7/avro-1.7.7.jar:/home/runner/.m2/repository/org/codehaus/jackson/jackson-core-asl/1.9.13/jackson-core-asl-1.9.13.jar:/home/runner/.m2/repository/org/codehaus/jackson/jackson-mapper-asl/1.9.13/jackson-mapper-asl-1.9.13.jar:/home/runner/.m2/repository/com/thoughtworks/paranamer/paranamer/2.3/paranamer-2.3.jar:/home/runner/.m2/repository/org/apache/hadoop/hadoop-annotations/3.3.1/hadoop-annotations-3.3.1.jar:/usr/lib/jvm/adoptopenjdk-8-hotspot-amd64/jre/../lib/tools.jar:/home/runner/.m2/repository/org/apache/hadoop/hadoop-distcp/3.3.1/hadoop-distcp-3.3.1-tests.jar:/home/runner/.m2/repository/org/apache/ratis/ratis-common/2.2.0/ratis-common-2.2.0.jar:/home/runner/.m2/repository/org/apache/ratis/ratis-thirdparty-misc/0.7.0/ratis-thirdparty-misc-0.7.0.jar:/home/runner/.m2/repository/org/apache/ratis/ratis-proto/2.2.0/ratis-proto-2.2.0.jar:"/>
    <property name="java.vm.vendor" value="AdoptOpenJDK"/>
    <property name="sun.arch.data.model" value="64"/>
    <property name="test.build.dir" value="/home/runner/work/ozone/ozone/hadoop-ozone/integration-test/target/test-dir"/>
    <property name="test.cache.data" value=""/>
    <property name="java.vendor.url" value="https://adoptopenjdk.net/"/>
    <property name="user.timezone" value=""/>
    <property name="java.vm.specification.version" value="1.8"/>
    <property name="os.name" value="Linux"/>
    <property name="test.build.data" value="/home/runner/work/ozone/ozone/hadoop-ozone/integration-test/target/test-dir"/>
    <property name="sun.java.launcher" value="SUN_STANDARD"/>
    <property name="sun.boot.library.path" value="/usr/lib/jvm/adoptopenjdk-8-hotspot-amd64/jre/lib/amd64"/>
    <property name="sun.java.command" value="/home/runner/work/ozone/ozone/hadoop-ozone/integration-test/target/surefire/surefirebooter86893498345504235.jar /home/runner/work/ozone/ozone/hadoop-ozone/integration-test/target/surefire 2021-10-28T23-38-54_236-jvmRun1 surefire872539641137055248tmp surefire_716641151097509935199tmp"/>
    <property name="surefire.test.class.path" value="/home/runner/work/ozone/ozone/hadoop-ozone/integration-test/target/test-classes:/home/runner/work/ozone/ozone/hadoop-ozone/integration-test/target/classes:/home/runner/.m2/repository/org/apache/ozone/ozone-common/1.2.0-SNAPSHOT/ozone-common-1.2.0-SNAPSHOT.jar:/home/runner/.m2/repository/org/apache/commons/commons-compress/1.21/commons-compress-1.21.jar:/home/runner/.m2/repository/org/apache/ozone/hdds-common/1.2.0-SNAPSHOT/hdds-common-1.2.0-SNAPSHOT.jar:/home/runner/.m2/repository/org/apache/ozone/hdds-client/1.2.0-SNAPSHOT/hdds-client-1.2.0-SNAPSHOT.jar:/home/runner/.m2/repository/org/apache/ozone/ozone-interface-client/1.2.0-SNAPSHOT/ozone-interface-client-1.2.0-SNAPSHOT.jar:/home/runner/.m2/repository/org/apache/ozone/hdds-server-framework/1.2.0-SNAPSHOT/hdds-server-framework-1.2.0-SNAPSHOT.jar:/home/runner/.m2/repository/org/apache/ozone/hdds-interface-server/1.2.0-SNAPSHOT/hdds-interface-server-1.2.0-SNAPSHOT.jar:/home/runner/.m2/repository/org/eclipse/jetty/jetty-servlet/9.4.43.v20210629/jetty-servlet-9.4.43.v20210629.jar:/home/runner/.m2/repository/org/eclipse/jetty/jetty-security/9.4.43.v20210629/jetty-security-9.4.43.v20210629.jar:/home/runner/.m2/repository/org/rocksdb/rocksdbjni/6.20.3/rocksdbjni-6.20.3.jar:/home/runner/.m2/repository/io/prometheus/simpleclient_dropwizard/0.7.0/simpleclient_dropwizard-0.7.0.jar:/home/runner/.m2/repository/io/prometheus/simpleclient/0.7.0/simpleclient-0.7.0.jar:/home/runner/.m2/repository/io/prometheus/simpleclient_common/0.7.0/simpleclient_common-0.7.0.jar:/home/runner/.m2/repository/com/fasterxml/jackson/datatype/jackson-datatype-jsr310/2.12.1/jackson-datatype-jsr310-2.12.1.jar:/home/runner/.m2/repository/org/apache/ozone/hdds-test-utils/1.2.0-SNAPSHOT/hdds-test-utils-1.2.0-SNAPSHOT.jar:/home/runner/.m2/repository/com/google/guava/guava/30.1.1-jre/guava-30.1.1-jre.jar:/home/runner/.m2/repository/com/google/guava/failureaccess/1.0.1/failureaccess-1.0.1.jar:/home/runner/.m2/repository/com/google/guava/listenablefuture/9999.0-empty-to-avoid-conflict-with-guava/listenablefuture-9999.0-empty-to-avoid-conflict-with-guava.jar:/home/runner/.m2/repository/com/google/code/findbugs/jsr305/3.0.0/jsr305-3.0.0.jar:/home/runner/.m2/repository/org/checkerframework/checker-qual/3.8.0/checker-qual-3.8.0.jar:/home/runner/.m2/repository/com/google/errorprone/error_prone_annotations/2.2.0/error_prone_annotations-2.2.0.jar:/home/runner/.m2/repository/com/google/j2objc/j2objc-annotations/1.3/j2objc-annotations-1.3.jar:/home/runner/.m2/repository/commons-io/commons-io/2.11.0/commons-io-2.11.0.jar:/home/runner/.m2/repository/commons-logging/commons-logging/1.2/commons-logging-1.2.jar:/home/runner/.m2/repository/log4j/log4j/1.2.17/log4j-1.2.17.jar:/home/runner/.m2/repository/org/slf4j/slf4j-api/1.7.30/slf4j-api-1.7.30.jar:/home/runner/.m2/repository/org/apache/ozone/hdds-server-scm/1.2.0-SNAPSHOT/hdds-server-scm-1.2.0-SNAPSHOT.jar:/home/runner/.m2/repository/org/apache/ozone/hdds-container-service/1.2.0-SNAPSHOT/hdds-container-service-1.2.0-SNAPSHOT.jar:/home/runner/.m2/repository/org/apache/ozone/hdds-hadoop-dependency-server/1.2.0-SNAPSHOT/hdds-hadoop-dependency-server-1.2.0-SNAPSHOT.jar:/home/runner/.m2/repository/org/apache/hadoop/hadoop-hdfs/3.3.1/hadoop-hdfs-3.3.1.jar:/home/runner/.m2/repository/io/dropwizard/metrics/metrics-core/3.2.4/metrics-core-3.2.4.jar:/home/runner/.m2/repository/org/apache/hadoop/hadoop-hdfs-client/3.3.1/hadoop-hdfs-client-3.3.1.jar:/home/runner/.m2/repository/org/bouncycastle/bcprov-jdk15on/1.67/bcprov-jdk15on-1.67.jar:/home/runner/.m2/repository/com/google/protobuf/protobuf-java/2.5.0/protobuf-java-2.5.0.jar:/home/runner/.m2/repository/org/apache/ozone/ozone-manager/1.2.0-SNAPSHOT/ozone-manager-1.2.0-SNAPSHOT.jar:/home/runner/.m2/repository/org/aspectj/aspectjrt/1.9.7/aspectjrt-1.9.7.jar:/home/runner/.m2/repository/org/aspectj/aspectjweaver/1.9.7/aspectjweaver-1.9.7.jar:/home/runner/.m2/repository/org/apache/ozone/hdds-interface-client/1.2.0-SNAPSHOT/hdds-interface-client-1.2.0-SNAPSHOT.jar:/home/runner/.m2/repository/org/apache/hadoop/thirdparty/hadoop-shaded-protobuf_3_7/1.1.1/hadoop-shaded-protobuf_3_7-1.1.1.jar:/home/runner/.m2/repository/org/apache/ozone/ozone-interface-storage/1.2.0-SNAPSHOT/ozone-interface-storage-1.2.0-SNAPSHOT.jar:/home/runner/.m2/repository/org/reflections/reflections/0.9.11/reflections-0.9.11.jar:/home/runner/.m2/repository/org/apache/hadoop/hadoop-minikdc/3.3.1/hadoop-minikdc-3.3.1.jar:/home/runner/.m2/repository/org/apache/kerby/kerb-simplekdc/1.0.1/kerb-simplekdc-1.0.1.jar:/home/runner/.m2/repository/org/apache/kerby/kerb-client/1.0.1/kerb-client-1.0.1.jar:/home/runner/.m2/repository/org/apache/kerby/kerby-config/1.0.1/kerby-config-1.0.1.jar:/home/runner/.m2/repository/org/apache/kerby/kerb-common/1.0.1/kerb-common-1.0.1.jar:/home/runner/.m2/repository/org/apache/kerby/kerb-crypto/1.0.1/kerb-crypto-1.0.1.jar:/home/runner/.m2/repository/org/apache/kerby/kerb-util/1.0.1/kerb-util-1.0.1.jar:/home/runner/.m2/repository/org/apache/kerby/token-provider/1.0.1/token-provider-1.0.1.jar:/home/runner/.m2/repository/org/apache/kerby/kerb-admin/1.0.1/kerb-admin-1.0.1.jar:/home/runner/.m2/repository/org/apache/kerby/kerb-server/1.0.1/kerb-server-1.0.1.jar:/home/runner/.m2/repository/org/apache/kerby/kerb-identity/1.0.1/kerb-identity-1.0.1.jar:/home/runner/.m2/repository/org/apache/kerby/kerby-xdr/1.0.1/kerby-xdr-1.0.1.jar:/home/runner/.m2/repository/org/slf4j/slf4j-log4j12/1.7.30/slf4j-log4j12-1.7.30.jar:/home/runner/.m2/repository/org/apache/ozone/ozone-s3gateway/1.2.0-SNAPSHOT/ozone-s3gateway-1.2.0-SNAPSHOT.jar:/home/runner/.m2/repository/org/javassist/javassist/3.21.0-GA/javassist-3.21.0-GA.jar:/home/runner/.m2/repository/org/jboss/weld/servlet/weld-servlet/2.4.7.Final/weld-servlet-2.4.7.Final.jar:/home/runner/.m2/repository/org/glassfish/jersey/containers/jersey-container-servlet-core/2.33/jersey-container-servlet-core-2.33.jar:/home/runner/.m2/repository/org/glassfish/hk2/external/jakarta.inject/2.6.1/jakarta.inject-2.6.1.jar:/home/runner/.m2/repository/org/glassfish/jersey/core/jersey-common/2.33/jersey-common-2.33.jar:/home/runner/.m2/repository/jakarta/ws/rs/jakarta.ws.rs-api/2.1.6/jakarta.ws.rs-api-2.1.6.jar:/home/runner/.m2/repository/org/glassfish/jersey/ext/cdi/jersey-cdi1x/2.33/jersey-cdi1x-2.33.jar:/home/runner/.m2/repository/org/glassfish/jersey/inject/jersey-hk2/2.33/jersey-hk2-2.33.jar:/home/runner/.m2/repository/org/glassfish/hk2/hk2-locator/2.6.1/hk2-locator-2.6.1.jar:/home/runner/.m2/repository/org/glassfish/jersey/media/jersey-media-jaxb/2.33/jersey-media-jaxb-2.33.jar:/home/runner/.m2/repository/org/glassfish/hk2/osgi-resource-locator/1.0.3/osgi-resource-locator-1.0.3.jar:/home/runner/.m2/repository/org/glassfish/hk2/hk2-api/2.5.0/hk2-api-2.5.0.jar:/home/runner/.m2/repository/org/glassfish/hk2/hk2-utils/2.5.0/hk2-utils-2.5.0.jar:/home/runner/.m2/repository/org/glassfish/hk2/external/aopalliance-repackaged/2.5.0/aopalliance-repackaged-2.5.0.jar:/home/runner/.m2/repository/com/fasterxml/jackson/dataformat/jackson-dataformat-xml/2.12.1/jackson-dataformat-xml-2.12.1.jar:/home/runner/.m2/repository/com/fasterxml/jackson/core/jackson-core/2.12.1/jackson-core-2.12.1.jar:/home/runner/.m2/repository/com/fasterxml/jackson/module/jackson-module-jaxb-annotations/2.12.1/jackson-module-jaxb-annotations-2.12.1.jar:/home/runner/.m2/repository/jakarta/xml/bind/jakarta.xml.bind-api/2.3.2/jakarta.xml.bind-api-2.3.2.jar:/home/runner/.m2/repository/org/codehaus/woodstox/stax2-api/3.1.4/stax2-api-3.1.4.jar:/home/runner/.m2/repository/com/fasterxml/woodstox/woodstox-core/5.0.3/woodstox-core-5.0.3.jar:/home/runner/.m2/repository/javax/enterprise/cdi-api/1.2/cdi-api-1.2.jar:/home/runner/.m2/repository/javax/el/javax.el-api/3.0.0/javax.el-api-3.0.0.jar:/home/runner/.m2/repository/javax/interceptor/javax.interceptor-api/1.2/javax.interceptor-api-1.2.jar:/home/runner/.m2/repository/javax/inject/javax.inject/1/javax.inject-1.jar:/home/runner/.m2/repository/javax/xml/bind/jaxb-api/2.3.0/jaxb-api-2.3.0.jar:/home/runner/.m2/repository/org/glassfish/jaxb/jaxb-runtime/2.3.0.1/jaxb-runtime-2.3.0.1.jar:/home/runner/.m2/repository/org/glassfish/jaxb/jaxb-core/2.3.0.1/jaxb-core-2.3.0.1.jar:/home/runner/.m2/repository/org/glassfish/jaxb/txw2/2.3.0.1/txw2-2.3.0.1.jar:/home/runner/.m2/repository/com/sun/istack/istack-commons-runtime/3.0.5/istack-commons-runtime-3.0.5.jar:/home/runner/.m2/repository/org/jvnet/staxex/stax-ex/1.7.8/stax-ex-1.7.8.jar:/home/runner/.m2/repository/com/sun/xml/fastinfoset/FastInfoset/1.2.13/FastInfoset-1.2.13.jar:/home/runner/.m2/repository/javax/activation/activation/1.1.1/activation-1.1.1.jar:/home/runner/.m2/repository/org/apache/ozone/ozone-csi/1.2.0-SNAPSHOT/ozone-csi-1.2.0-SNAPSHOT.jar:/home/runner/.m2/repository/com/google/protobuf/protobuf-java-util/3.12.0/protobuf-java-util-3.12.0.jar:/home/runner/.m2/repository/com/google/code/gson/gson/2.2.4/gson-2.2.4.jar:/home/runner/.m2/repository/org/apache/ozone/hdds-config/1.2.0-SNAPSHOT/hdds-config-1.2.0-SNAPSHOT.jar:/home/runner/.m2/repository/io/grpc/grpc-netty/1.33.0/grpc-netty-1.33.0.jar:/home/runner/.m2/repository/io/grpc/grpc-core/1.33.0/grpc-core-1.33.0.jar:/home/runner/.m2/repository/com/google/android/annotations/4.1.1.4/annotations-4.1.1.4.jar:/home/runner/.m2/repository/io/netty/netty-codec-http2/4.1.63.Final/netty-codec-http2-4.1.63.Final.jar:/home/runner/.m2/repository/io/netty/netty-codec-http/4.1.63.Final/netty-codec-http-4.1.63.Final.jar:/home/runner/.m2/repository/io/netty/netty-handler-proxy/4.1.63.Final/netty-handler-proxy-4.1.63.Final.jar:/home/runner/.m2/repository/io/netty/netty-codec-socks/4.1.63.Final/netty-codec-socks-4.1.63.Final.jar:/home/runner/.m2/repository/io/perfmark/perfmark-api/0.19.0/perfmark-api-0.19.0.jar:/home/runner/.m2/repository/org/codehaus/mojo/animal-sniffer-annotations/1.18/animal-sniffer-annotations-1.18.jar:/home/runner/.m2/repository/io/netty/netty-transport-native-epoll/4.1.63.Final/netty-transport-native-epoll-4.1.63.Final.jar:/home/runner/.m2/repository/io/netty/netty-common/4.1.63.Final/netty-common-4.1.63.Final.jar:/home/runner/.m2/repository/io/netty/netty-buffer/4.1.63.Final/netty-buffer-4.1.63.Final.jar:/home/runner/.m2/repository/io/netty/netty-transport-native-unix-common/4.1.63.Final/netty-transport-native-unix-common-4.1.63.Final.jar:/home/runner/.m2/repository/io/grpc/grpc-protobuf/1.33.0/grpc-protobuf-1.33.0.jar:/home/runner/.m2/repository/io/grpc/grpc-api/1.33.0/grpc-api-1.33.0.jar:/home/runner/.m2/repository/io/grpc/grpc-context/1.33.0/grpc-context-1.33.0.jar:/home/runner/.m2/repository/com/google/api/grpc/proto-google-common-protos/1.17.0/proto-google-common-protos-1.17.0.jar:/home/runner/.m2/repository/io/grpc/grpc-protobuf-lite/1.33.0/grpc-protobuf-lite-1.33.0.jar:/home/runner/.m2/repository/io/grpc/grpc-stub/1.33.0/grpc-stub-1.33.0.jar:/home/runner/.m2/repository/org/apache/ozone/ozone-recon/1.2.0-SNAPSHOT/ozone-recon-1.2.0-SNAPSHOT.jar:/home/runner/.m2/repository/org/apache/ozone/ozone-reconcodegen/1.2.0-SNAPSHOT/ozone-reconcodegen-1.2.0-SNAPSHOT.jar:/home/runner/.m2/repository/com/google/inject/extensions/guice-multibindings/4.0/guice-multibindings-4.0.jar:/home/runner/.m2/repository/com/google/inject/guice/4.0/guice-4.0.jar:/home/runner/.m2/repository/aopalliance/aopalliance/1.0/aopalliance-1.0.jar:/home/runner/.m2/repository/com/google/inject/extensions/guice-assistedinject/4.0/guice-assistedinject-4.0.jar:/home/runner/.m2/repository/com/google/inject/extensions/guice-servlet/4.0/guice-servlet-4.0.jar:/home/runner/.m2/repository/org/glassfish/jersey/containers/jersey-container-servlet/2.33/jersey-container-servlet-2.33.jar:/home/runner/.m2/repository/org/glassfish/hk2/guice-bridge/2.5.0/guice-bridge-2.5.0.jar:/home/runner/.m2/repository/org/glassfish/jersey/core/jersey-server/2.33/jersey-server-2.33.jar:/home/runner/.m2/repository/org/glassfish/jersey/core/jersey-client/2.33/jersey-client-2.33.jar:/home/runner/.m2/repository/jakarta/annotation/jakarta.annotation-api/1.3.5/jakarta.annotation-api-1.3.5.jar:/home/runner/.m2/repository/jakarta/validation/jakarta.validation-api/2.0.2/jakarta.validation-api-2.0.2.jar:/home/runner/.m2/repository/org/glassfish/jersey/media/jersey-media-json-jackson/2.33/jersey-media-json-jackson-2.33.jar:/home/runner/.m2/repository/org/glassfish/jersey/ext/jersey-entity-filtering/2.33/jersey-entity-filtering-2.33.jar:/home/runner/.m2/repository/org/jooq/jooq/3.11.10/jooq-3.11.10.jar:/home/runner/.m2/repository/org/jooq/jooq-meta/3.11.10/jooq-meta-3.11.10.jar:/home/runner/.m2/repository/org/jooq/jooq-codegen/3.11.10/jooq-codegen-3.11.10.jar:/home/runner/.m2/repository/com/jolbox/bonecp/0.8.0.RELEASE/bonecp-0.8.0.RELEASE.jar:/home/runner/.m2/repository/org/apache/derby/derby/10.14.2.0/derby-10.14.2.0.jar:/home/runner/.m2/repository/org/xerial/sqlite-jdbc/3.25.2/sqlite-jdbc-3.25.2.jar:/home/runner/.m2/repository/org/springframework/spring-jdbc/5.2.17.RELEASE/spring-jdbc-5.2.17.RELEASE.jar:/home/runner/.m2/repository/org/springframework/spring-beans/5.2.17.RELEASE/spring-beans-5.2.17.RELEASE.jar:/home/runner/.m2/repository/org/springframework/spring-core/5.2.17.RELEASE/spring-core-5.2.17.RELEASE.jar:/home/runner/.m2/repository/org/springframework/spring-jcl/5.2.17.RELEASE/spring-jcl-5.2.17.RELEASE.jar:/home/runner/.m2/repository/org/springframework/spring-tx/5.2.17.RELEASE/spring-tx-5.2.17.RELEASE.jar:/home/runner/.m2/repository/org/apache/ozone/ozone-client/1.2.0-SNAPSHOT/ozone-client-1.2.0-SNAPSHOT.jar:/home/runner/.m2/repository/org/apache/ozone/ozone-filesystem/1.2.0-SNAPSHOT/ozone-filesystem-1.2.0-SNAPSHOT.jar:/home/runner/.m2/repository/org/apache/ozone/ozone-filesystem-common/1.2.0-SNAPSHOT/ozone-filesystem-common-1.2.0-SNAPSHOT.jar:/home/runner/.m2/repository/org/apache/ozone/ozone-tools/1.2.0-SNAPSHOT/ozone-tools-1.2.0-SNAPSHOT.jar:/home/runner/.m2/repository/org/apache/ratis/ratis-tools/2.2.0/ratis-tools-2.2.0.jar:/home/runner/.m2/repository/com/amazonaws/aws-java-sdk-core/1.11.1034/aws-java-sdk-core-1.11.1034.jar:/home/runner/.m2/repository/org/apache/httpcomponents/httpclient/4.5.13/httpclient-4.5.13.jar:/home/runner/.m2/repository/org/apache/httpcomponents/httpcore/4.4.13/httpcore-4.4.13.jar:/home/runner/.m2/repository/software/amazon/ion/ion-java/1.0.2/ion-java-1.0.2.jar:/home/runner/.m2/repository/com/fasterxml/jackson/dataformat/jackson-dataformat-cbor/2.12.1/jackson-dataformat-cbor-2.12.1.jar:/home/runner/.m2/repository/joda-time/joda-time/2.8.1/joda-time-2.8.1.jar:/home/runner/.m2/repository/com/amazonaws/aws-java-sdk-s3/1.11.1034/aws-java-sdk-s3-1.11.1034.jar:/home/runner/.m2/repository/com/amazonaws/aws-java-sdk-kms/1.11.1034/aws-java-sdk-kms-1.11.1034.jar:/home/runner/.m2/repository/com/amazonaws/jmespath-java/1.11.1034/jmespath-java-1.11.1034.jar:/home/runner/.m2/repository/org/kohsuke/metainf-services/metainf-services/1.8/metainf-services-1.8.jar:/home/runner/.m2/repository/org/apache/ozone/hdds-tools/1.2.0-SNAPSHOT/hdds-tools-1.2.0-SNAPSHOT.jar:/home/runner/.m2/repository/commons-cli/commons-cli/1.2/commons-cli-1.2.jar:/home/runner/.m2/repository/org/apache/commons/commons-lang3/3.7/commons-lang3-3.7.jar:/home/runner/.m2/repository/org/apache/ozone/ozone-manager/1.2.0-SNAPSHOT/ozone-manager-1.2.0-SNAPSHOT-tests.jar:/home/runner/.m2/repository/org/apache/ozone/hdds-common/1.2.0-SNAPSHOT/hdds-common-1.2.0-SNAPSHOT-tests.jar:/home/runner/.m2/repository/org/apache/ozone/hdds-hadoop-dependency-client/1.2.0-SNAPSHOT/hdds-hadoop-dependency-client-1.2.0-SNAPSHOT.jar:/home/runner/.m2/repository/info/picocli/picocli/4.6.1/picocli-4.6.1.jar:/home/runner/.m2/repository/com/fasterxml/jackson/core/jackson-annotations/2.12.1/jackson-annotations-2.12.1.jar:/home/runner/.m2/repository/javax/annotation/javax.annotation-api/1.2/javax.annotation-api-1.2.jar:/home/runner/.m2/repository/org/apache/ratis/ratis-server/2.2.0/ratis-server-2.2.0.jar:/home/runner/.m2/repository/org/apache/ratis/ratis-client/2.2.0/ratis-client-2.2.0.jar:/home/runner/.m2/repository/org/apache/ratis/ratis-server-api/2.2.0/ratis-server-api-2.2.0.jar:/home/runner/.m2/repository/org/apache/ratis/ratis-metrics/2.2.0/ratis-metrics-2.2.0.jar:/home/runner/.m2/repository/org/apache/ratis/ratis-netty/2.2.0/ratis-netty-2.2.0.jar:/home/runner/.m2/repository/org/apache/ratis/ratis-grpc/2.2.0/ratis-grpc-2.2.0.jar:/home/runner/.m2/repository/org/apache/logging/log4j/log4j-api/2.13.3/log4j-api-2.13.3.jar:/home/runner/.m2/repository/org/apache/logging/log4j/log4j-core/2.13.3/log4j-core-2.13.3.jar:/home/runner/.m2/repository/com/lmax/disruptor/3.4.2/disruptor-3.4.2.jar:/home/runner/.m2/repository/org/apache/commons/commons-pool2/2.6.0/commons-pool2-2.6.0.jar:/home/runner/.m2/repository/org/bouncycastle/bcpkix-jdk15on/1.67/bcpkix-jdk15on-1.67.jar:/home/runner/.m2/repository/commons-validator/commons-validator/1.6/commons-validator-1.6.jar:/home/runner/.m2/repository/commons-beanutils/commons-beanutils/1.9.4/commons-beanutils-1.9.4.jar:/home/runner/.m2/repository/commons-digester/commons-digester/1.8.1/commons-digester-1.8.1.jar:/home/runner/.m2/repository/commons-collections/commons-collections/3.2.2/commons-collections-3.2.2.jar:/home/runner/.m2/repository/io/jaegertracing/jaeger-client/1.6.0/jaeger-client-1.6.0.jar:/home/runner/.m2/repository/io/jaegertracing/jaeger-thrift/1.6.0/jaeger-thrift-1.6.0.jar:/home/runner/.m2/repository/org/apache/thrift/libthrift/0.14.1/libthrift-0.14.1.jar:/home/runner/.m2/repository/com/squareup/okhttp3/okhttp/4.9.0/okhttp-4.9.0.jar:/home/runner/.m2/repository/com/squareup/okio/okio/2.8.0/okio-2.8.0.jar:/home/runner/.m2/repository/io/jaegertracing/jaeger-core/1.6.0/jaeger-core-1.6.0.jar:/home/runner/.m2/repository/io/jaegertracing/jaeger-tracerresolver/1.6.0/jaeger-tracerresolver-1.6.0.jar:/home/runner/.m2/repository/io/opentracing/contrib/opentracing-tracerresolver/0.1.8/opentracing-tracerresolver-0.1.8.jar:/home/runner/.m2/repository/org/jetbrains/kotlin/kotlin-stdlib/1.4.31/kotlin-stdlib-1.4.31.jar:/home/runner/.m2/repository/org/jetbrains/kotlin/kotlin-stdlib-common/1.4.31/kotlin-stdlib-common-1.4.31.jar:/home/runner/.m2/repository/org/jetbrains/annotations/13.0/annotations-13.0.jar:/home/runner/.m2/repository/io/opentracing/opentracing-util/0.33.0/opentracing-util-0.33.0.jar:/home/runner/.m2/repository/io/opentracing/opentracing-api/0.33.0/opentracing-api-0.33.0.jar:/home/runner/.m2/repository/io/opentracing/opentracing-noop/0.33.0/opentracing-noop-0.33.0.jar:/home/runner/.m2/repository/org/yaml/snakeyaml/1.26/snakeyaml-1.26.jar:/home/runner/.m2/repository/org/apache/ozone/hdds-interface-admin/1.2.0-SNAPSHOT/hdds-interface-admin-1.2.0-SNAPSHOT.jar:/home/runner/.m2/repository/junit/junit/4.13.1/junit-4.13.1.jar:/home/runner/.m2/repository/org/hamcrest/hamcrest-core/1.3/hamcrest-core-1.3.jar:/home/runner/.m2/repository/org/junit/jupiter/junit-jupiter-api/5.7.0/junit-jupiter-api-5.7.0.jar:/home/runner/.m2/repository/org/apiguardian/apiguardian-api/1.1.0/apiguardian-api-1.1.0.jar:/home/runner/.m2/repository/org/opentest4j/opentest4j/1.2.0/opentest4j-1.2.0.jar:/home/runner/.m2/repository/org/junit/platform/junit-platform-commons/1.7.0/junit-platform-commons-1.7.0.jar:/home/runner/.m2/repository/org/junit/jupiter/junit-jupiter-engine/5.7.0/junit-jupiter-engine-5.7.0.jar:/home/runner/.m2/repository/org/junit/platform/junit-platform-engine/1.7.0/junit-platform-engine-1.7.0.jar:/home/runner/.m2/repository/org/junit/vintage/junit-vintage-engine/5.7.0/junit-vintage-engine-5.7.0.jar:/home/runner/.m2/repository/org/junit/platform/junit-platform-launcher/1.7.0/junit-platform-launcher-1.7.0.jar:/home/runner/.m2/repository/org/openjdk/jmh/jmh-core/1.19/jmh-core-1.19.jar:/home/runner/.m2/repository/net/sf/jopt-simple/jopt-simple/4.6/jopt-simple-4.6.jar:/home/runner/.m2/repository/org/apache/commons/commons-math3/3.1.1/commons-math3-3.1.1.jar:/home/runner/.m2/repository/org/openjdk/jmh/jmh-generator-annprocess/1.19/jmh-generator-annprocess-1.19.jar:/home/runner/.m2/repository/org/mockito/mockito-core/2.28.2/mockito-core-2.28.2.jar:/home/runner/.m2/repository/net/bytebuddy/byte-buddy/1.9.10/byte-buddy-1.9.10.jar:/home/runner/.m2/repository/net/bytebuddy/byte-buddy-agent/1.9.10/byte-buddy-agent-1.9.10.jar:/home/runner/.m2/repository/org/objenesis/objenesis/1.0/objenesis-1.0.jar:/home/runner/.m2/repository/org/apache/hadoop/hadoop-kms/3.3.1/hadoop-kms-3.3.1.jar:/home/runner/.m2/repository/org/apache/hadoop/hadoop-auth/3.3.1/hadoop-auth-3.3.1.jar:/home/runner/.m2/repository/com/nimbusds/nimbus-jose-jwt/7.9/nimbus-jose-jwt-7.9.jar:/home/runner/.m2/repository/com/github/stephenc/jcip/jcip-annotations/1.0-1/jcip-annotations-1.0-1.jar:/home/runner/.m2/repository/net/minidev/json-smart/2.3.1/json-smart-2.3.1.jar:/home/runner/.m2/repository/net/minidev/accessors-smart/2.3.1/accessors-smart-2.3.1.jar:/home/runner/.m2/repository/org/ow2/asm/asm/5.0.4/asm-5.0.4.jar:/home/runner/.m2/repository/org/apache/zookeeper/zookeeper/3.5.6/zookeeper-3.5.6.jar:/home/runner/.m2/repository/org/apache/zookeeper/zookeeper-jute/3.5.6/zookeeper-jute-3.5.6.jar:/home/runner/.m2/repository/org/apache/yetus/audience-annotations/0.5.0/audience-annotations-0.5.0.jar:/home/runner/.m2/repository/org/apache/curator/curator-framework/4.2.0/curator-framework-4.2.0.jar:/home/runner/.m2/repository/org/apache/hadoop/thirdparty/hadoop-shaded-guava/1.1.1/hadoop-shaded-guava-1.1.1.jar:/home/runner/.m2/repository/com/sun/jersey/jersey-core/1.19/jersey-core-1.19.jar:/home/runner/.m2/repository/javax/ws/rs/jsr311-api/1.1.1/jsr311-api-1.1.1.jar:/home/runner/.m2/repository/com/sun/jersey/jersey-server/1.19/jersey-server-1.19.jar:/home/runner/.m2/repository/javax/servlet/javax.servlet-api/3.1.0/javax.servlet-api-3.1.0.jar:/home/runner/.m2/repository/org/eclipse/jetty/jetty-server/9.4.43.v20210629/jetty-server-9.4.43.v20210629.jar:/home/runner/.m2/repository/org/eclipse/jetty/jetty-http/9.4.43.v20210629/jetty-http-9.4.43.v20210629.jar:/home/runner/.m2/repository/org/eclipse/jetty/jetty-io/9.4.43.v20210629/jetty-io-9.4.43.v20210629.jar:/home/runner/.m2/repository/org/eclipse/jetty/jetty-webapp/9.4.43.v20210629/jetty-webapp-9.4.43.v20210629.jar:/home/runner/.m2/repository/org/eclipse/jetty/jetty-xml/9.4.43.v20210629/jetty-xml-9.4.43.v20210629.jar:/home/runner/.m2/repository/org/apache/hadoop/hadoop-common/3.3.1/hadoop-common-3.3.1.jar:/home/runner/.m2/repository/commons-net/commons-net/3.6/commons-net-3.6.jar:/home/runner/.m2/repository/jakarta/activation/jakarta.activation-api/1.2.1/jakarta.activation-api-1.2.1.jar:/home/runner/.m2/repository/com/sun/jersey/jersey-servlet/1.19/jersey-servlet-1.19.jar:/home/runner/.m2/repository/com/sun/jersey/jersey-json/1.19/jersey-json-1.19.jar:/home/runner/.m2/repository/org/codehaus/jettison/jettison/1.1/jettison-1.1.jar:/home/runner/.m2/repository/com/sun/xml/bind/jaxb-impl/2.2.3-1/jaxb-impl-2.2.3-1.jar:/home/runner/.m2/repository/org/codehaus/jackson/jackson-jaxrs/1.9.2/jackson-jaxrs-1.9.2.jar:/home/runner/.m2/repository/org/codehaus/jackson/jackson-xc/1.9.2/jackson-xc-1.9.2.jar:/home/runner/.m2/repository/org/apache/commons/commons-configuration2/2.1.1/commons-configuration2-2.1.1.jar:/home/runner/.m2/repository/org/apache/commons/commons-text/1.4/commons-text-1.4.jar:/home/runner/.m2/repository/com/google/re2j/re2j/1.1/re2j-1.1.jar:/home/runner/.m2/repository/com/jcraft/jsch/0.1.54/jsch-0.1.54.jar:/home/runner/.m2/repository/org/apache/curator/curator-client/4.2.0/curator-client-4.2.0.jar:/home/runner/.m2/repository/org/apache/curator/curator-recipes/4.2.0/curator-recipes-4.2.0.jar:/home/runner/.m2/repository/org/apache/kerby/kerb-core/1.0.1/kerb-core-1.0.1.jar:/home/runner/.m2/repository/org/apache/kerby/kerby-pkix/1.0.1/kerby-pkix-1.0.1.jar:/home/runner/.m2/repository/org/apache/kerby/kerby-asn1/1.0.1/kerby-asn1-1.0.1.jar:/home/runner/.m2/repository/org/apache/kerby/kerby-util/1.0.1/kerby-util-1.0.1.jar:/home/runner/.m2/repository/dnsjava/dnsjava/2.1.7/dnsjava-2.1.7.jar:/home/runner/.m2/repository/org/xerial/snappy/snappy-java/1.1.8.2/snappy-java-1.1.8.2.jar:/home/runner/.m2/repository/org/slf4j/jul-to-slf4j/1.7.30/jul-to-slf4j-1.7.30.jar:/home/runner/.m2/repository/org/eclipse/jetty/jetty-util/9.4.43.v20210629/jetty-util-9.4.43.v20210629.jar:/home/runner/.m2/repository/com/fasterxml/jackson/core/jackson-databind/2.12.1/jackson-databind-2.12.1.jar:/home/runner/.m2/repository/org/apache/hadoop/hadoop-kms/3.3.1/hadoop-kms-3.3.1-tests.jar:/home/runner/.m2/repository/org/apache/ozone/hdds-server-scm/1.2.0-SNAPSHOT/hdds-server-scm-1.2.0-SNAPSHOT-tests.jar:/home/runner/.m2/repository/org/apache/ozone/hdds-container-service/1.2.0-SNAPSHOT/hdds-container-service-1.2.0-SNAPSHOT-tests.jar:/home/runner/.m2/repository/commons-codec/commons-codec/1.11/commons-codec-1.11.jar:/home/runner/.m2/repository/io/netty/netty-transport/4.1.63.Final/netty-transport-4.1.63.Final.jar:/home/runner/.m2/repository/io/netty/netty-resolver/4.1.63.Final/netty-resolver-4.1.63.Final.jar:/home/runner/.m2/repository/io/netty/netty-codec/4.1.63.Final/netty-codec-4.1.63.Final.jar:/home/runner/.m2/repository/io/netty/netty-handler/4.1.63.Final/netty-handler-4.1.63.Final.jar:/home/runner/.m2/repository/org/apache/ozone/hdds-hadoop-dependency-test/1.2.0-SNAPSHOT/hdds-hadoop-dependency-test-1.2.0-SNAPSHOT.jar:/home/runner/.m2/repository/org/apache/hadoop/hadoop-common/3.3.1/hadoop-common-3.3.1-tests.jar:/home/runner/.m2/repository/org/assertj/assertj-core/3.12.2/assertj-core-3.12.2.jar:/home/runner/.m2/repository/org/apache/hadoop/hadoop-hdfs/3.3.1/hadoop-hdfs-3.3.1-tests.jar:/home/runner/.m2/repository/org/eclipse/jetty/jetty-util-ajax/9.4.43.v20210629/jetty-util-ajax-9.4.43.v20210629.jar:/home/runner/.m2/repository/commons-daemon/commons-daemon/1.0.13/commons-daemon-1.0.13.jar:/home/runner/.m2/repository/io/netty/netty/3.10.6.Final/netty-3.10.6.Final.jar:/home/runner/.m2/repository/io/netty/netty-all/4.1.63.Final/netty-all-4.1.63.Final.jar:/home/runner/.m2/repository/org/apache/htrace/htrace-core4/4.1.0-incubating/htrace-core4-4.1.0-incubating.jar:/home/runner/.m2/repository/org/fusesource/leveldbjni/leveldbjni-all/1.8/leveldbjni-all-1.8.jar:/home/runner/.m2/repository/org/apache/hadoop/hadoop-distcp/3.3.1/hadoop-distcp-3.3.1.jar:/home/runner/.m2/repository/org/apache/hadoop/hadoop-mapreduce-client-jobclient/3.3.1/hadoop-mapreduce-client-jobclient-3.3.1.jar:/home/runner/.m2/repository/org/apache/hadoop/hadoop-mapreduce-client-common/3.3.1/hadoop-mapreduce-client-common-3.3.1.jar:/home/runner/.m2/repository/org/apache/hadoop/hadoop-yarn-common/3.3.1/hadoop-yarn-common-3.3.1.jar:/home/runner/.m2/repository/org/apache/hadoop/hadoop-yarn-api/3.3.1/hadoop-yarn-api-3.3.1.jar:/home/runner/.m2/repository/com/sun/jersey/jersey-client/1.19/jersey-client-1.19.jar:/home/runner/.m2/repository/com/sun/jersey/contribs/jersey-guice/1.19/jersey-guice-1.19.jar:/home/runner/.m2/repository/com/fasterxml/jackson/jaxrs/jackson-jaxrs-json-provider/2.12.1/jackson-jaxrs-json-provider-2.12.1.jar:/home/runner/.m2/repository/com/fasterxml/jackson/jaxrs/jackson-jaxrs-base/2.12.1/jackson-jaxrs-base-2.12.1.jar:/home/runner/.m2/repository/org/apache/hadoop/hadoop-yarn-client/3.3.1/hadoop-yarn-client-3.3.1.jar:/home/runner/.m2/repository/org/eclipse/jetty/websocket/websocket-client/9.4.40.v20210413/websocket-client-9.4.40.v20210413.jar:/home/runner/.m2/repository/org/eclipse/jetty/jetty-client/9.4.40.v20210413/jetty-client-9.4.40.v20210413.jar:/home/runner/.m2/repository/org/eclipse/jetty/websocket/websocket-common/9.4.40.v20210413/websocket-common-9.4.40.v20210413.jar:/home/runner/.m2/repository/org/eclipse/jetty/websocket/websocket-api/9.4.40.v20210413/websocket-api-9.4.40.v20210413.jar:/home/runner/.m2/repository/org/jline/jline/3.9.0/jline-3.9.0.jar:/home/runner/.m2/repository/org/apache/hadoop/hadoop-mapreduce-client-core/3.3.1/hadoop-mapreduce-client-core-3.3.1.jar:/home/runner/.m2/repository/org/apache/avro/avro/1.7.7/avro-1.7.7.jar:/home/runner/.m2/repository/org/codehaus/jackson/jackson-core-asl/1.9.13/jackson-core-asl-1.9.13.jar:/home/runner/.m2/repository/org/codehaus/jackson/jackson-mapper-asl/1.9.13/jackson-mapper-asl-1.9.13.jar:/home/runner/.m2/repository/com/thoughtworks/paranamer/paranamer/2.3/paranamer-2.3.jar:/home/runner/.m2/repository/org/apache/hadoop/hadoop-annotations/3.3.1/hadoop-annotations-3.3.1.jar:/usr/lib/jvm/adoptopenjdk-8-hotspot-amd64/jre/../lib/tools.jar:/home/runner/.m2/repository/org/apache/hadoop/hadoop-distcp/3.3.1/hadoop-distcp-3.3.1-tests.jar:/home/runner/.m2/repository/org/apache/ratis/ratis-common/2.2.0/ratis-common-2.2.0.jar:/home/runner/.m2/repository/org/apache/ratis/ratis-thirdparty-misc/0.7.0/ratis-thirdparty-misc-0.7.0.jar:/home/runner/.m2/repository/org/apache/ratis/ratis-proto/2.2.0/ratis-proto-2.2.0.jar:"/>
    <property name="sun.cpu.endian" value="little"/>
    <property name="user.home" value="/home/runner"/>
    <property name="user.language" value="en"/>
    <property name="java.specification.vendor" value="Oracle Corporation"/>
    <property name="java.home" value="/usr/lib/jvm/adoptopenjdk-8-hotspot-amd64/jre"/>
    <property name="java.security.krb5.conf" value="/home/runner/work/ozone/ozone/hadoop-ozone/integration-test/target/test-classes/krb5.conf"/>
    <property name="basedir" value="/home/runner/work/ozone/ozone/hadoop-ozone/integration-test"/>
    <property name="file.separator" value="/"/>
    <property name="line.separator" value="&#10;"/>
    <property name="java.vm.specification.vendor" value="Oracle Corporation"/>
    <property name="java.specification.name" value="Java Platform API Specification"/>
    <property name="java.awt.graphicsenv" value="sun.awt.X11GraphicsEnvironment"/>
    <property name="skip.installnpx" value="true"/>
    <property name="surefire.real.class.path" value="/home/runner/work/ozone/ozone/hadoop-ozone/integration-test/target/surefire/surefirebooter86893498345504235.jar:/home/runner/.m2/repository/org/jacoco/org.jacoco.agent/0.8.5/org.jacoco.agent-0.8.5-runtime.jar"/>
    <property name="hadoop.log.dir" value="/home/runner/work/ozone/ozone/hadoop-ozone/integration-test/target/log"/>
    <property name="sun.boot.class.path" value="/usr/lib/jvm/adoptopenjdk-8-hotspot-amd64/jre/lib/resources.jar:/usr/lib/jvm/adoptopenjdk-8-hotspot-amd64/jre/lib/rt.jar:/usr/lib/jvm/adoptopenjdk-8-hotspot-amd64/jre/lib/sunrsasign.jar:/usr/lib/jvm/adoptopenjdk-8-hotspot-amd64/jre/lib/jsse.jar:/usr/lib/jvm/adoptopenjdk-8-hotspot-amd64/jre/lib/jce.jar:/usr/lib/jvm/adoptopenjdk-8-hotspot-amd64/jre/lib/charsets.jar:/usr/lib/jvm/adoptopenjdk-8-hotspot-amd64/jre/lib/jfr.jar:/usr/lib/jvm/adoptopenjdk-8-hotspot-amd64/jre/classes"/>
    <property name="sun.management.compiler" value="HotSpot 64-Bit Tiered Compilers"/>
    <property name="skip.npx" value="true"/>
    <property name="java.runtime.version" value="1.8.0_292-b10"/>
    <property name="java.net.preferIPv4Stack" value="true"/>
    <property name="user.name" value="runner"/>
    <property name="path.separator" value=":"/>
    <property name="java.security.egd" value="file:///dev/urandom"/>
    <property name="os.version" value="5.4.0-1061-azure"/>
    <property name="java.endorsed.dirs" value="/usr/lib/jvm/adoptopenjdk-8-hotspot-amd64/jre/lib/endorsed"/>
    <property name="java.runtime.name" value="OpenJDK Runtime Environment"/>
    <property name="file.encoding" value="UTF-8"/>
    <property name="java.vm.name" value="OpenJDK 64-Bit Server VM"/>
    <property name="test.build.webapps" value=""/>
    <property name="localRepository" value="/home/runner/.m2/repository"/>
    <property name="java.vendor.url.bug" value="https://github.com/AdoptOpenJDK/openjdk-support/issues"/>
    <property name="java.io.tmpdir" value="/tmp"/>
    <property name="require.test.libhadoop" value=""/>
    <property name="java.version" value="1.8.0_292"/>
    <property name="user.dir" value="/home/runner/work/ozone/ozone/hadoop-ozone/integration-test"/>
    <property name="os.arch" value="amd64"/>
    <property name="java.vm.specification.name" value="Java Virtual Machine Specification"/>
    <property name="test.build.classes" value="/home/runner/work/ozone/ozone/hadoop-ozone/integration-test/target/test-classes"/>
    <property name="java.awt.printerjob" value="sun.print.PSPrinterJob"/>
    <property name="sun.os.patch.level" value="unknown"/>
    <property name="hadoop.tmp.dir" value="/home/runner/work/ozone/ozone/hadoop-ozone/integration-test/target/tmp"/>
    <property name="java.library.path" value="/usr/java/packages/lib/amd64:/usr/lib64:/lib64:/lib:/usr/lib"/>
    <property name="java.vm.info" value="mixed mode"/>
    <property name="java.vendor" value="AdoptOpenJDK"/>
    <property name="java.vm.version" value="25.292-b10"/>
    <property name="java.ext.dirs" value="/usr/lib/jvm/adoptopenjdk-8-hotspot-amd64/jre/lib/ext:/usr/java/packages/lib/ext"/>
    <property name="sun.io.unicode.encoding" value="UnicodeLittle"/>
    <property name="java.class.version" value="52.0"/>
  </properties>
  <testcase name="testNodeWithOpenPipelineCanBeDecommissionedAndRecommissioned" classname="org.apache.hadoop.ozone.scm.node.TestDecommissionAndMaintenance" time="39.964">
    <error message="zip file closed" type="java.lang.IllegalStateException"><![CDATA[java.lang.IllegalStateException: zip file closed
	at java.util.zip.ZipFile.ensureOpen(ZipFile.java:686)
	at java.util.zip.ZipFile.access$200(ZipFile.java:60)
	at java.util.zip.ZipFile$ZipEntryIterator.hasNext(ZipFile.java:508)
	at java.util.zip.ZipFile$ZipEntryIterator.hasMoreElements(ZipFile.java:503)
	at java.util.jar.JarFile$JarEntryIterator.hasNext(JarFile.java:253)
	at java.util.jar.JarFile$JarEntryIterator.hasMoreElements(JarFile.java:262)
	at org.reflections.vfs.ZipDir$1$1.computeNext(ZipDir.java:30)
	at org.reflections.vfs.ZipDir$1$1.computeNext(ZipDir.java:26)
	at com.google.common.collect.AbstractIterator.tryToComputeNext(AbstractIterator.java:141)
	at com.google.common.collect.AbstractIterator.hasNext(AbstractIterator.java:136)
	at org.reflections.Reflections.scan(Reflections.java:243)
	at org.reflections.Reflections.scan(Reflections.java:202)
	at org.reflections.Reflections.<init>(Reflections.java:123)
	at org.reflections.Reflections.<init>(Reflections.java:168)
	at org.apache.hadoop.hdds.upgrade.HDDSLayoutVersionManager.registerUpgradeActions(HDDSLayoutVersionManager.java:64)
	at org.apache.hadoop.hdds.upgrade.HDDSLayoutVersionManager.<init>(HDDSLayoutVersionManager.java:51)
	at org.apache.hadoop.ozone.container.common.statemachine.DatanodeStateMachine.<init>(DatanodeStateMachine.java:137)
	at org.apache.hadoop.ozone.HddsDatanodeService.start(HddsDatanodeService.java:275)
	at org.apache.hadoop.ozone.HddsDatanodeService.start(HddsDatanodeService.java:207)
	at org.apache.hadoop.ozone.MiniOzoneClusterImpl.restartHddsDatanode(MiniOzoneClusterImpl.java:423)
	at org.apache.hadoop.ozone.scm.node.TestDecommissionAndMaintenance.testNodeWithOpenPipelineCanBeDecommissionedAndRecommissioned(TestDecommissionAndMaintenance.java:197)
	at sun.reflect.NativeMethodAccessorImpl.invoke0(Native Method)
	at sun.reflect.NativeMethodAccessorImpl.invoke(NativeMethodAccessorImpl.java:62)
	at sun.reflect.DelegatingMethodAccessorImpl.invoke(DelegatingMethodAccessorImpl.java:43)
	at java.lang.reflect.Method.invoke(Method.java:498)
	at org.junit.runners.model.FrameworkMethod$1.runReflectiveCall(FrameworkMethod.java:59)
	at org.junit.internal.runners.model.ReflectiveCallable.run(ReflectiveCallable.java:12)
	at org.junit.runners.model.FrameworkMethod.invokeExplosively(FrameworkMethod.java:56)
	at org.junit.internal.runners.statements.InvokeMethod.evaluate(InvokeMethod.java:17)
	at org.junit.internal.runners.statements.RunBefores.evaluate(RunBefores.java:26)
	at org.junit.internal.runners.statements.RunAfters.evaluate(RunAfters.java:27)
	at org.junit.runners.ParentRunner$3.evaluate(ParentRunner.java:306)
	at org.junit.runners.BlockJUnit4ClassRunner$1.evaluate(BlockJUnit4ClassRunner.java:100)
	at org.junit.runners.ParentRunner.runLeaf(ParentRunner.java:366)
	at org.junit.runners.BlockJUnit4ClassRunner.runChild(BlockJUnit4ClassRunner.java:103)
	at org.junit.runners.BlockJUnit4ClassRunner.runChild(BlockJUnit4ClassRunner.java:63)
	at org.junit.runners.ParentRunner$4.run(ParentRunner.java:331)
	at org.junit.runners.ParentRunner$1.schedule(ParentRunner.java:79)
	at org.junit.runners.ParentRunner.runChildren(ParentRunner.java:329)
	at org.junit.runners.ParentRunner.access$100(ParentRunner.java:66)
	at org.junit.runners.ParentRunner$2.evaluate(ParentRunner.java:293)
	at org.junit.internal.runners.statements.RunBefores.evaluate(RunBefores.java:26)
	at org.junit.internal.runners.statements.RunAfters.evaluate(RunAfters.java:27)
	at org.junit.runners.ParentRunner$3.evaluate(ParentRunner.java:306)
	at org.junit.runners.ParentRunner.run(ParentRunner.java:413)
	at org.junit.runner.JUnitCore.run(JUnitCore.java:137)
	at org.junit.runner.JUnitCore.run(JUnitCore.java:115)
	at org.junit.vintage.engine.execution.RunnerExecutor.execute(RunnerExecutor.java:43)
	at java.util.stream.ForEachOps$ForEachOp$OfRef.accept(ForEachOps.java:183)
	at java.util.stream.ReferencePipeline$3$1.accept(ReferencePipeline.java:193)
	at java.util.Iterator.forEachRemaining(Iterator.java:116)
	at java.util.Spliterators$IteratorSpliterator.forEachRemaining(Spliterators.java:1801)
	at java.util.stream.AbstractPipeline.copyInto(AbstractPipeline.java:482)
	at java.util.stream.AbstractPipeline.wrapAndCopyInto(AbstractPipeline.java:472)
	at java.util.stream.ForEachOps$ForEachOp.evaluateSequential(ForEachOps.java:150)
	at java.util.stream.ForEachOps$ForEachOp$OfRef.evaluateSequential(ForEachOps.java:173)
	at java.util.stream.AbstractPipeline.evaluate(AbstractPipeline.java:234)
	at java.util.stream.ReferencePipeline.forEach(ReferencePipeline.java:485)
	at org.junit.vintage.engine.VintageTestEngine.executeAllChildren(VintageTestEngine.java:82)
	at org.junit.vintage.engine.VintageTestEngine.execute(VintageTestEngine.java:73)
	at org.junit.platform.launcher.core.EngineExecutionOrchestrator.execute(EngineExecutionOrchestrator.java:108)
	at org.junit.platform.launcher.core.EngineExecutionOrchestrator.execute(EngineExecutionOrchestrator.java:88)
	at org.junit.platform.launcher.core.EngineExecutionOrchestrator.lambda$execute$0(EngineExecutionOrchestrator.java:54)
	at org.junit.platform.launcher.core.EngineExecutionOrchestrator.withInterceptedStreams(EngineExecutionOrchestrator.java:67)
	at org.junit.platform.launcher.core.EngineExecutionOrchestrator.execute(EngineExecutionOrchestrator.java:52)
	at org.junit.platform.launcher.core.DefaultLauncher.execute(DefaultLauncher.java:96)
	at org.junit.platform.launcher.core.DefaultLauncher.execute(DefaultLauncher.java:75)
	at org.apache.maven.surefire.junitplatform.JUnitPlatformProvider.invokeAllTests(JUnitPlatformProvider.java:142)
	at org.apache.maven.surefire.junitplatform.JUnitPlatformProvider.invoke(JUnitPlatformProvider.java:113)
	at org.apache.maven.surefire.booter.ForkedBooter.invokeProviderInSameClassLoader(ForkedBooter.java:384)
	at org.apache.maven.surefire.booter.ForkedBooter.runSuitesInProcess(ForkedBooter.java:345)
	at org.apache.maven.surefire.booter.ForkedBooter.execute(ForkedBooter.java:126)
	at org.apache.maven.surefire.booter.ForkedBooter.main(ForkedBooter.java:418)
]]></error>
    <system-out><![CDATA[2021-10-29 00:42:19,543 [Mini-Cluster-Provider-Create] WARN  server.ServerUtils (ServerUtils.java:getScmDbDir(148)) - ozone.scm.db.dirs is not configured. We recommend adding this setting. Falling back to ozone.metadata.dirs instead.
2021-10-29 00:42:19,641 [Mini-Cluster-Provider-Create] INFO  ha.SCMHANodeDetails (SCMHANodeDetails.java:loadSCMHAConfig(157)) - ServiceID for StorageContainerManager is null
2021-10-29 00:42:19,642 [Mini-Cluster-Provider-Create] INFO  ha.SCMHANodeDetails (SCMHANodeDetails.java:loadSCMHAConfig(162)) - ozone.scm.default.service.id is not defined, falling back to ozone.scm.service.ids to find serviceID for StorageContainerManager if it is HA enabled cluster
2021-10-29 00:42:19,750 [Mini-Cluster-Provider-Create] WARN  server.ServerUtils (ServerUtils.java:getScmDbDir(148)) - ozone.scm.db.dirs is not configured. We recommend adding this setting. Falling back to ozone.metadata.dirs instead.
2021-10-29 00:42:19,753 [Mini-Cluster-Provider-Create] INFO  upgrade.AbstractLayoutVersionManager (AbstractLayoutVersionManager.java:init(79)) - Initializing Layout version manager with metadata layout = SCM_HA (version = 2), software layout = SCM_HA (version = 2)
2021-10-29 00:42:19,973 [Mini-Cluster-Provider-Create] INFO  reflections.Reflections (Reflections.java:scan(232)) - Reflections took 116 ms to scan 7 urls, producing 119 keys and 279 values 
2021-10-29 00:42:20,520 [Mini-Cluster-Provider-Create] WARN  utils.HAUtils (HAUtils.java:getMetaDir(342)) - ozone.scm.db.dirs is not configured. We recommend adding this setting. Falling back to ozone.metadata.dirs instead.
2021-10-29 00:42:20,658 [Mini-Cluster-Provider-Create] WARN  db.DBStoreBuilder (DBStoreBuilder.java:applyDBDefinition(145)) - ozone.scm.db.dirs is not configured. We recommend adding this setting. Falling back to ozone.metadata.dirs instead.
2021-10-29 00:42:20,824 [Mini-Cluster-Provider-Create] INFO  net.NodeSchemaLoader (NodeSchemaLoader.java:loadSchemaFromFile(129)) - Loading schema from [jar:file:/home/runner/.m2/repository/org/apache/ozone/hdds-common/1.2.0-SNAPSHOT/hdds-common-1.2.0-SNAPSHOT.jar!/network-topology-default.xml]
2021-10-29 00:42:20,826 [Mini-Cluster-Provider-Create] INFO  net.NodeSchemaLoader (NodeSchemaLoader.java:loadSchema(176)) - Loading network topology layer schema file
2021-10-29 00:42:20,870 [Mini-Cluster-Provider-Create] INFO  metrics.MetricRegistries (MetricRegistriesLoader.java:load(64)) - Loaded MetricRegistries class org.apache.ratis.metrics.impl.MetricRegistriesImpl
2021-10-29 00:42:20,890 [Mini-Cluster-Provider-Create] INFO  ha.SequenceIdGenerator (SequenceIdGenerator.java:upgradeToSequenceId(347)) - upgrade localId to 107544261427200000
2021-10-29 00:42:20,891 [Mini-Cluster-Provider-Create] INFO  ha.SequenceIdGenerator (SequenceIdGenerator.java:upgradeToSequenceId(357)) - upgrade delTxnId to 0
2021-10-29 00:42:20,894 [Mini-Cluster-Provider-Create] INFO  ha.SequenceIdGenerator (SequenceIdGenerator.java:upgradeToSequenceId(371)) - upgrade containerId to 0
2021-10-29 00:42:20,896 [Mini-Cluster-Provider-Create] INFO  ha.SequenceIdGenerator (SequenceIdGenerator.java:<init>(218)) - Init the HA SequenceIdGenerator.
2021-10-29 00:42:20,942 [Mini-Cluster-Provider-Create] INFO  node.SCMNodeManager (SCMNodeManager.java:<init>(144)) - Entering startup safe mode.
2021-10-29 00:42:21,011 [Mini-Cluster-Provider-Create] INFO  algorithms.ContainerPlacementPolicyFactory (ContainerPlacementPolicyFactory.java:getPolicy(60)) - Create container placement policy of type org.apache.hadoop.hdds.scm.container.placement.algorithms.SCMContainerPlacementRandom
2021-10-29 00:42:21,022 [Mini-Cluster-Provider-Create] INFO  pipeline.PipelineStateManagerImpl (PipelineStateManagerImpl.java:initialize(78)) - No pipeline exists in current db
2021-10-29 00:42:21,064 [Mini-Cluster-Provider-Create] INFO  algorithms.LeaderChoosePolicyFactory (LeaderChoosePolicyFactory.java:getPolicy(57)) - Create leader choose policy of type org.apache.hadoop.hdds.scm.pipeline.leader.choose.algorithms.MinLeaderCountChoosePolicy
2021-10-29 00:42:21,070 [Mini-Cluster-Provider-Create] INFO  ha.SCMServiceManager (SCMServiceManager.java:register(43)) - Registering service BackgroundPipelineCreator.
2021-10-29 00:42:21,070 [Mini-Cluster-Provider-Create] INFO  pipeline.BackgroundPipelineCreator (BackgroundPipelineCreator.java:start(130)) - Starting RatisPipelineUtilsThread.
2021-10-29 00:42:21,111 [Mini-Cluster-Provider-Create] INFO  algorithms.PipelineChoosePolicyFactory (PipelineChoosePolicyFactory.java:createPipelineChoosePolicyFromClass(73)) - Create pipeline choose policy of type org.apache.hadoop.hdds.scm.pipeline.choose.algorithms.RandomPipelineChoosePolicy
2021-10-29 00:42:21,131 [Mini-Cluster-Provider-Create] INFO  ha.SCMServiceManager (SCMServiceManager.java:register(43)) - Registering service SCMBlockDeletingService.
2021-10-29 00:42:21,157 [Mini-Cluster-Provider-Create] INFO  ha.SCMServiceManager (SCMServiceManager.java:register(43)) - Registering service ReplicationManager.
2021-10-29 00:42:21,159 [Mini-Cluster-Provider-Create] INFO  container.ReplicationManager (ReplicationManager.java:start(319)) - Starting Replication Monitor Thread.
2021-10-29 00:42:21,171 [Mini-Cluster-Provider-Create] INFO  safemode.ContainerSafeModeRule (ContainerSafeModeRule.java:<init>(89)) - containers with one replica threshold count 0
2021-10-29 00:42:21,175 [ReplicationMonitor] INFO  container.ReplicationManager (ReplicationManager.java:processAll(371)) - Replication Monitor Thread took 3 milliseconds for processing 0 containers.
2021-10-29 00:42:21,182 [Mini-Cluster-Provider-Create] INFO  safemode.HealthyPipelineSafeModeRule (HealthyPipelineSafeModeRule.java:initializeRule(156)) - Total pipeline count is 0, healthy pipeline threshold count is 1
2021-10-29 00:42:21,186 [Mini-Cluster-Provider-Create] INFO  safemode.OneReplicaPipelineSafeModeRule (OneReplicaPipelineSafeModeRule.java:initializeRule(180)) - Total pipeline count is 0, pipeline's with at least one datanode reported threshold count is 0
2021-10-29 00:42:21,579 [Mini-Cluster-Provider-Create] INFO  ipc.CallQueueManager (CallQueueManager.java:<init>(90)) - Using callQueue: class java.util.concurrent.LinkedBlockingQueue, queueCapacity: 2000, scheduler: class org.apache.hadoop.ipc.DefaultRpcScheduler, ipcBackoff: false.
2021-10-29 00:42:21,617 [Socket Reader #1 for port 0] INFO  ipc.Server (Server.java:run(1265)) - Starting Socket Reader #1 for port 0
2021-10-29 00:42:21,662 [Listener at 0.0.0.0/40013] INFO  ipc.CallQueueManager (CallQueueManager.java:<init>(90)) - Using callQueue: class java.util.concurrent.LinkedBlockingQueue, queueCapacity: 2000, scheduler: class org.apache.hadoop.ipc.DefaultRpcScheduler, ipcBackoff: false.
2021-10-29 00:42:21,664 [Socket Reader #1 for port 0] INFO  ipc.Server (Server.java:run(1265)) - Starting Socket Reader #1 for port 0
2021-10-29 00:42:21,684 [Listener at 0.0.0.0/42339] INFO  ipc.CallQueueManager (CallQueueManager.java:<init>(90)) - Using callQueue: class java.util.concurrent.LinkedBlockingQueue, queueCapacity: 2000, scheduler: class org.apache.hadoop.ipc.DefaultRpcScheduler, ipcBackoff: false.
2021-10-29 00:42:21,685 [Socket Reader #1 for port 0] INFO  ipc.Server (Server.java:run(1265)) - Starting Socket Reader #1 for port 0
2021-10-29 00:42:21,729 [Listener at 0.0.0.0/36125] INFO  algorithms.ContainerPlacementPolicyFactory (ContainerPlacementPolicyFactory.java:getPolicy(60)) - Create container placement policy of type org.apache.hadoop.hdds.scm.container.placement.algorithms.SCMContainerPlacementRandom
2021-10-29 00:42:21,734 [Listener at 0.0.0.0/36125] INFO  server.StorageContainerManager (StorageContainerManager.java:<init>(388)) - 
Container Balancer status:
Key                            Value
Running                        false
Container Balancer Configuration values:
Key                                                Value
Threshold                                          0.1
Max Datanodes to Involve per Iteration(ratio)      0.2
Max Size to Move per Iteration                     32212254720B

2021-10-29 00:42:21,734 [Listener at 0.0.0.0/36125] WARN  events.EventQueue (EventQueue.java:fireEvent(194)) - No event handler registered for event TypedEvent{payloadType=SafeModeStatus, name='Safe mode status'}
2021-10-29 00:42:21,734 [Listener at 0.0.0.0/36125] INFO  ha.SCMContext (SCMContext.java:updateSafeModeStatus(205)) - Update SafeModeStatus from SafeModeStatus{safeModeStatus=true, preCheckPassed=false} to SafeModeStatus{safeModeStatus=true, preCheckPassed=false}.
2021-10-29 00:42:21,737 [Listener at 0.0.0.0/36125] INFO  server.StorageContainerManager (StorageContainerManager.java:start(1303)) - StorageContainerLocationProtocol RPC server is listening at /0.0.0.0:36125
2021-10-29 00:42:21,811 [Listener at 0.0.0.0/36125] WARN  impl.MetricsConfig (MetricsConfig.java:loadFirst(136)) - Cannot locate configuration: tried hadoop-metrics2-storagecontainermanager.properties,hadoop-metrics2.properties
2021-10-29 00:42:21,829 [Listener at 0.0.0.0/36125] INFO  impl.MetricsSystemImpl (MetricsSystemImpl.java:startTimer(378)) - Scheduled Metric snapshot period at 10 second(s).
2021-10-29 00:42:21,829 [Listener at 0.0.0.0/36125] INFO  impl.MetricsSystemImpl (MetricsSystemImpl.java:start(191)) - StorageContainerManager metrics system started
2021-10-29 00:42:22,178 [ReplicationMonitor] INFO  container.ReplicationManager (ReplicationManager.java:processAll(371)) - Replication Monitor Thread took 0 milliseconds for processing 0 containers.
2021-10-29 00:42:22,207 [Listener at 0.0.0.0/36125] INFO  server.SCMClientProtocolServer (SCMClientProtocolServer.java:start(164)) - RPC server for Client  is listening at /0.0.0.0:36125
2021-10-29 00:42:22,209 [IPC Server Responder] INFO  ipc.Server (Server.java:run(1507)) - IPC Server Responder: starting
2021-10-29 00:42:22,210 [IPC Server listener on 0] INFO  ipc.Server (Server.java:run(1344)) - IPC Server listener on 0: starting
2021-10-29 00:42:22,216 [Listener at 0.0.0.0/36125] INFO  server.StorageContainerManager (StorageContainerManager.java:start(1318)) - ScmBlockLocationProtocol RPC server is listening at /0.0.0.0:42339
2021-10-29 00:42:22,216 [Listener at 0.0.0.0/36125] INFO  server.SCMBlockProtocolServer (SCMBlockProtocolServer.java:start(151)) - RPC server for Block Protocol is listening at /0.0.0.0:42339
2021-10-29 00:42:22,217 [IPC Server Responder] INFO  ipc.Server (Server.java:run(1507)) - IPC Server Responder: starting
2021-10-29 00:42:22,217 [IPC Server listener on 0] INFO  ipc.Server (Server.java:run(1344)) - IPC Server listener on 0: starting
2021-10-29 00:42:22,221 [Listener at 0.0.0.0/36125] INFO  server.StorageContainerManager (StorageContainerManager.java:start(1324)) - ScmDatanodeProtocl RPC server is listening at /0.0.0.0:40013
2021-10-29 00:42:22,221 [Listener at 0.0.0.0/36125] INFO  server.SCMDatanodeProtocolServer (SCMDatanodeProtocolServer.java:start(181)) - RPC server for DataNodes is listening at /0.0.0.0:40013
2021-10-29 00:42:22,222 [IPC Server Responder] INFO  ipc.Server (Server.java:run(1507)) - IPC Server Responder: starting
2021-10-29 00:42:22,223 [IPC Server listener on 0] INFO  ipc.Server (Server.java:run(1344)) - IPC Server listener on 0: starting
2021-10-29 00:42:22,243 [org.apache.hadoop.util.JvmPauseMonitor$Monitor@352a7aa2] INFO  util.JvmPauseMonitor (JvmPauseMonitor.java:run(188)) - Starting JVM pause monitor
2021-10-29 00:42:22,255 [Listener at 0.0.0.0/36125] INFO  http.BaseHttpServer (BaseHttpServer.java:newHttpServer2BuilderForOzone(209)) - Starting Web-server for scm at: http://0.0.0.0:0
2021-10-29 00:42:22,255 [Listener at 0.0.0.0/36125] INFO  http.BaseHttpServer (BaseHttpServer.java:<init>(107)) - Hadoop Security Enabled: false Ozone Security Enabled: false Ozone HTTP Security Enabled: false 
2021-10-29 00:42:22,283 [Listener at 0.0.0.0/36125] INFO  util.log (Log.java:initialized(170)) - Logging initialized @4200ms to org.eclipse.jetty.util.log.Slf4jLog
2021-10-29 00:42:22,395 [Listener at 0.0.0.0/36125] INFO  server.AuthenticationFilter (AuthenticationFilter.java:constructSecretProvider(240)) - Unable to initialize FileSignerSecretProvider, falling back to use random secrets.
2021-10-29 00:42:22,401 [Listener at 0.0.0.0/36125] WARN  http.HttpRequestLog (HttpRequestLog.java:getRequestLog(103)) - Jetty request log can only be enabled using Log4j
2021-10-29 00:42:22,410 [Listener at 0.0.0.0/36125] INFO  http.HttpServer2 (HttpServer2.java:addGlobalFilter(1030)) - Added global filter 'safety' (class=org.apache.hadoop.hdds.server.http.HttpServer2$QuotingInputFilter)
2021-10-29 00:42:22,412 [Listener at 0.0.0.0/36125] INFO  http.HttpServer2 (HttpServer2.java:addFilter(1006)) - Added filter static_user_filter (class=org.apache.hadoop.http.lib.StaticUserWebFilter$StaticUserFilter) to context scm
2021-10-29 00:42:22,412 [Listener at 0.0.0.0/36125] INFO  http.HttpServer2 (HttpServer2.java:addFilter(1014)) - Added filter static_user_filter (class=org.apache.hadoop.http.lib.StaticUserWebFilter$StaticUserFilter) to context logs
2021-10-29 00:42:22,412 [Listener at 0.0.0.0/36125] INFO  http.HttpServer2 (HttpServer2.java:addFilter(1014)) - Added filter static_user_filter (class=org.apache.hadoop.http.lib.StaticUserWebFilter$StaticUserFilter) to context static
2021-10-29 00:42:22,455 [Listener at 0.0.0.0/36125] INFO  http.HttpServer2 (HttpServer2.java:bindListener(1249)) - Jetty bound to port 35185
2021-10-29 00:42:22,457 [Listener at 0.0.0.0/36125] INFO  server.Server (Server.java:doStart(375)) - jetty-9.4.43.v20210629; built: 2021-06-30T11:07:22.254Z; git: 526006ecfa3af7f1a27ef3a288e2bef7ea9dd7e8; jvm 1.8.0_292-b10
2021-10-29 00:42:22,490 [Listener at 0.0.0.0/36125] INFO  server.session (DefaultSessionIdManager.java:doStart(334)) - DefaultSessionIdManager workerName=node0
2021-10-29 00:42:22,490 [Listener at 0.0.0.0/36125] INFO  server.session (DefaultSessionIdManager.java:doStart(339)) - No SessionScavenger set, using defaults
2021-10-29 00:42:22,492 [Listener at 0.0.0.0/36125] INFO  server.session (HouseKeeper.java:startScavenging(132)) - node0 Scavenging every 600000ms
2021-10-29 00:42:22,506 [Listener at 0.0.0.0/36125] INFO  handler.ContextHandler (ContextHandler.java:doStart(915)) - Started o.e.j.s.ServletContextHandler@7e65b701{logs,/logs,file:///home/runner/work/ozone/ozone/hadoop-ozone/integration-test/target/log,AVAILABLE}
2021-10-29 00:42:22,507 [Listener at 0.0.0.0/36125] INFO  handler.ContextHandler (ContextHandler.java:doStart(915)) - Started o.e.j.s.ServletContextHandler@76061d49{static,/static,file:///home/runner/work/ozone/ozone/hadoop-ozone/integration-test/target/test-classes/webapps/static,AVAILABLE}
2021-10-29 00:42:22,555 [Listener at 0.0.0.0/36125] INFO  handler.ContextHandler (ContextHandler.java:doStart(915)) - Started o.e.j.w.WebAppContext@5e1aff70{scm,/,file:///home/runner/work/ozone/ozone/hadoop-ozone/integration-test/target/test-classes/webapps/scm/,AVAILABLE}{file:/home/runner/work/ozone/ozone/hadoop-ozone/integration-test/target/test-classes/webapps/scm}
2021-10-29 00:42:22,565 [Listener at 0.0.0.0/36125] INFO  server.AbstractConnector (AbstractConnector.java:doStart(331)) - Started ServerConnector@65b3a5fc{HTTP/1.1, (http/1.1)}{0.0.0.0:35185}
2021-10-29 00:42:22,566 [Listener at 0.0.0.0/36125] INFO  server.Server (Server.java:doStart(415)) - Started @4482ms
2021-10-29 00:42:22,572 [Listener at 0.0.0.0/36125] INFO  impl.MetricsSinkAdapter (MetricsSinkAdapter.java:start(204)) - Sink prometheus started
2021-10-29 00:42:22,572 [Listener at 0.0.0.0/36125] INFO  impl.MetricsSystemImpl (MetricsSystemImpl.java:registerSink(305)) - Registered sink prometheus
2021-10-29 00:42:22,573 [Listener at 0.0.0.0/36125] INFO  http.BaseHttpServer (BaseHttpServer.java:updateConnectorAddress(329)) - HTTP server of scm listening at http://0.0.0.0:35185
2021-10-29 00:42:22,575 [Listener at 0.0.0.0/36125] WARN  server.ServerUtils (ServerUtils.java:getDBPath(225)) - ozone.om.db.dirs is not configured. We recommend adding this setting. Falling back to ozone.metadata.dirs instead.
2021-10-29 00:42:22,698 [Listener at 0.0.0.0/36125] INFO  ha.OMHANodeDetails (OMHANodeDetails.java:loadOMHAConfig(112)) - ozone.om.internal.service.id is not defined, falling back to ozone.om.service.ids to find serviceID for OzoneManager if it is HA enabled cluster
2021-10-29 00:42:22,701 [Listener at 0.0.0.0/36125] INFO  ha.OMHANodeDetails (OMHANodeDetails.java:loadOMHAConfig(219)) - Configuration does not have ozone.om.address set. Falling back to the default OM address /127.0.0.1:0
2021-10-29 00:42:22,701 [Listener at 0.0.0.0/36125] INFO  ha.OMHANodeDetails (OMHANodeDetails.java:getOMNodeDetails(247)) - OM Service ID is not set. Setting it to the default ID: omServiceIdDefault
2021-10-29 00:42:22,701 [Listener at 0.0.0.0/36125] INFO  ha.OMHANodeDetails (OMHANodeDetails.java:getOMNodeDetails(254)) - OM Node ID is not set. Setting it to the default ID: om1
2021-10-29 00:42:22,706 [Listener at 0.0.0.0/36125] WARN  server.ServerUtils (ServerUtils.java:getDBPath(225)) - ozone.om.db.dirs is not configured. We recommend adding this setting. Falling back to ozone.metadata.dirs instead.
2021-10-29 00:42:22,708 [Listener at 0.0.0.0/36125] INFO  upgrade.AbstractLayoutVersionManager (AbstractLayoutVersionManager.java:init(79)) - Initializing Layout version manager with metadata layout = INITIAL_VERSION (version = 0), software layout = INITIAL_VERSION (version = 0)
2021-10-29 00:42:22,769 [Listener at 0.0.0.0/36125] INFO  reflections.Reflections (Reflections.java:scan(232)) - Reflections took 55 ms to scan 2 urls, producing 131 keys and 344 values [using 2 cores]
2021-10-29 00:42:22,775 [Listener at 0.0.0.0/36125] INFO  upgrade.OMLayoutVersionManager (OMLayoutVersionManager.java:lambda$0(115)) - Skipping Upgrade Action MockOmUpgradeAction since it has been finalized.
2021-10-29 00:42:22,776 [Listener at 0.0.0.0/36125] WARN  server.ServerUtils (ServerUtils.java:getDBPath(225)) - ozone.om.db.dirs is not configured. We recommend adding this setting. Falling back to ozone.metadata.dirs instead.
2021-10-29 00:42:23,179 [ReplicationMonitor] INFO  container.ReplicationManager (ReplicationManager.java:processAll(371)) - Replication Monitor Thread took 1 milliseconds for processing 0 containers.
2021-10-29 00:42:23,197 [Listener at 0.0.0.0/36125] WARN  server.ServerUtils (ServerUtils.java:getDBPath(225)) - ozone.om.db.dirs is not configured. We recommend adding this setting. Falling back to ozone.metadata.dirs instead.
2021-10-29 00:42:23,204 [Listener at 0.0.0.0/36125] INFO  codec.OmKeyInfoCodec (OmKeyInfoCodec.java:<init>(51)) - OmKeyInfoCodec ignorePipeline = true
2021-10-29 00:42:23,205 [Listener at 0.0.0.0/36125] INFO  codec.RepeatedOmKeyInfoCodec (RepeatedOmKeyInfoCodec.java:<init>(42)) - RepeatedOmKeyInfoCodec ignorePipeline = true
2021-10-29 00:42:23,435 [Listener at 0.0.0.0/36125] INFO  om.OzoneManager (OzoneManager.java:addS3GVolumeToDB(3425)) - Created Volume s3v With Owner runner required for S3Gateway operations.
2021-10-29 00:42:23,511 [Listener at 0.0.0.0/36125] WARN  server.ServerUtils (ServerUtils.java:getDefaultRatisDirectory(237)) - Storage directory for Ratis is not configured. It is a good idea to map this to an SSD disk. Falling back to ozone.metadata.dirs
2021-10-29 00:42:23,511 [Listener at 0.0.0.0/36125] WARN  utils.OzoneManagerRatisUtils (OzoneManagerRatisUtils.java:getOMRatisSnapshotDirectory(435)) - ozone.om.ratis.snapshot.dir is not configured. Falling back to ozone.metadata.dirs config
2021-10-29 00:42:23,545 [Listener at 0.0.0.0/36125] WARN  server.ServerUtils (ServerUtils.java:getDefaultRatisDirectory(237)) - Storage directory for Ratis is not configured. It is a good idea to map this to an SSD disk. Falling back to ozone.metadata.dirs
2021-10-29 00:42:23,575 [Listener at 0.0.0.0/36125] INFO  ratis.OzoneManagerRatisServer (OzoneManagerRatisServer.java:<init>(159)) - Instantiating OM Ratis server with groupID: omServiceIdDefault and peers: localhost:37759
2021-10-29 00:42:23,584 [Listener at 0.0.0.0/36125] INFO  ratis.OzoneManagerStateMachine (OzoneManagerStateMachine.java:loadSnapshotInfoFromDB(605)) - LastAppliedIndex is set from TransactionInfo from OM DB as (t:0, i:~)
2021-10-29 00:42:23,619 [Listener at 0.0.0.0/36125] INFO  server.RaftServer (ConfUtils.java:logGet(44)) - raft.rpc.type = GRPC (default)
2021-10-29 00:42:23,704 [Listener at 0.0.0.0/36125] INFO  grpc.GrpcFactory (GrpcFactory.java:checkPooledByteBufAllocatorUseCacheForAllThreads(48)) - PERFORMANCE WARNING: useCacheForAllThreads is true that may cause Netty to create a lot garbage objects and, as a result, trigger GC.
	It is recommended to disable useCacheForAllThreads by setting -Dorg.apache.ratis.thirdparty.io.netty.allocator.useCacheForAllThreads=false in command line.
2021-10-29 00:42:23,709 [Listener at 0.0.0.0/36125] INFO  grpc.GrpcConfigKeys (ConfUtils.java:logGet(44)) - raft.grpc.admin.port = -1 (default)
2021-10-29 00:42:23,709 [Listener at 0.0.0.0/36125] INFO  grpc.GrpcConfigKeys (ConfUtils.java:logGet(44)) - raft.grpc.server.port = 37759 (custom)
2021-10-29 00:42:23,710 [Listener at 0.0.0.0/36125] INFO  grpc.GrpcConfigKeys (ConfUtils.java:logGet(44)) - raft.grpc.client.port = -1 (default)
2021-10-29 00:42:23,710 [Listener at 0.0.0.0/36125] INFO  grpc.GrpcConfigKeys (ConfUtils.java:logGet(44)) - raft.grpc.server.port = 37759 (custom)
2021-10-29 00:42:23,710 [Listener at 0.0.0.0/36125] INFO  grpc.GrpcConfigKeys (ConfUtils.java:logGet(44)) - raft.grpc.server.port = 37759 (custom)
2021-10-29 00:42:23,711 [Listener at 0.0.0.0/36125] INFO  server.GrpcService (ConfUtils.java:logGet(44)) - raft.grpc.message.size.max = 33554432 (custom)
2021-10-29 00:42:23,712 [Listener at 0.0.0.0/36125] INFO  server.RaftServerConfigKeys (ConfUtils.java:logGet(44)) - raft.server.log.appender.buffer.byte-limit = 33554432 (custom)
2021-10-29 00:42:23,713 [Listener at 0.0.0.0/36125] INFO  server.GrpcService (ConfUtils.java:logGet(44)) - raft.grpc.flow.control.window = 1MB (=1048576) (default)
2021-10-29 00:42:23,714 [Listener at 0.0.0.0/36125] INFO  server.RaftServerConfigKeys (ConfUtils.java:logGet(44)) - raft.server.rpc.request.timeout = 3000ms (default)
2021-10-29 00:42:24,041 [Listener at 0.0.0.0/36125] INFO  impl.DataStreamServerImpl (ConfUtils.java:logGet(44)) - raft.datastream.type = DISABLED (default)
2021-10-29 00:42:24,044 [Listener at 0.0.0.0/36125] INFO  server.RaftServerConfigKeys (ConfUtils.java:logGet(44)) - raft.server.rpc.slowness.timeout = 120s (custom)
2021-10-29 00:42:24,044 [Listener at 0.0.0.0/36125] INFO  server.RaftServerConfigKeys (ConfUtils.java:logGet(44)) - raft.server.leaderelection.leader.step-down.wait-time = 10s (default)
2021-10-29 00:42:24,062 [Listener at 0.0.0.0/36125] INFO  server.RaftServerConfigKeys (ConfUtils.java:logGet(44)) - raft.server.storage.dir = [/home/runner/work/ozone/ozone/hadoop-ozone/integration-test/target/test-dir/MiniOzoneClusterImpl-20f6a6ed-b629-410f-9e90-983c782471bd/ozone-meta/ratis] (custom)
2021-10-29 00:42:24,069 [Listener at 0.0.0.0/36125] INFO  server.RaftServer (RaftServerProxy.java:addNew(95)) - om1: addNew group-C5BA1605619E:[om1|rpc:localhost:37759|priority:0] returns group-C5BA1605619E:java.util.concurrent.CompletableFuture@41539a84[Not completed]
2021-10-29 00:42:24,069 [Listener at 0.0.0.0/36125] INFO  om.OzoneManager (OzoneManager.java:initializeRatisServer(1618)) - OzoneManager Ratis server initialized at port 37759
2021-10-29 00:42:24,088 [Listener at 0.0.0.0/36125] INFO  ipc.CallQueueManager (CallQueueManager.java:<init>(90)) - Using callQueue: class java.util.concurrent.LinkedBlockingQueue, queueCapacity: 2000, scheduler: class org.apache.hadoop.ipc.DefaultRpcScheduler, ipcBackoff: false.
2021-10-29 00:42:24,104 [Socket Reader #1 for port 0] INFO  ipc.Server (Server.java:run(1265)) - Starting Socket Reader #1 for port 0
2021-10-29 00:42:24,116 [pool-39-thread-1] INFO  server.RaftServer$Division (RaftServerImpl.java:<init>(184)) - om1: new RaftServerImpl for group-C5BA1605619E:[om1|rpc:localhost:37759|priority:0] with OzoneManagerStateMachine:uninitialized
2021-10-29 00:42:24,123 [pool-39-thread-1] INFO  server.RaftServerConfigKeys (ConfUtils.java:logGet(44)) - raft.server.rpc.timeout.min = 1s (custom)
2021-10-29 00:42:24,124 [pool-39-thread-1] INFO  server.RaftServerConfigKeys (ConfUtils.java:logGet(44)) - raft.server.rpc.timeout.max = 1200ms (custom)
2021-10-29 00:42:24,124 [pool-39-thread-1] INFO  server.RaftServerConfigKeys (ConfUtils.java:logGet(44)) - raft.server.rpc.sleep.time = 25ms (default)
2021-10-29 00:42:24,124 [pool-39-thread-1] INFO  server.RaftServerConfigKeys (ConfUtils.java:logGet(44)) - raft.server.rpc.slowness.timeout = 120s (custom)
2021-10-29 00:42:24,124 [pool-39-thread-1] INFO  server.RaftServerConfigKeys (ConfUtils.java:logGet(44)) - raft.server.leaderelection.leader.step-down.wait-time = 10s (default)
2021-10-29 00:42:24,124 [pool-39-thread-1] INFO  server.RaftServerConfigKeys (ConfUtils.java:logGet(44)) - raft.server.sleep.deviation.threshold = 300ms (default)
2021-10-29 00:42:24,125 [pool-39-thread-1] INFO  server.RaftServerConfigKeys (ConfUtils.java:logGet(44)) - raft.server.log.appender.install.snapshot.enabled = false (custom)
2021-10-29 00:42:24,131 [pool-39-thread-1] INFO  server.RaftServer$Division (ServerState.java:<init>(105)) - om1@group-C5BA1605619E: ConfigurationManager, init=-1: [om1|rpc:localhost:37759|priority:0], old=null, confs=<EMPTY_MAP>
2021-10-29 00:42:24,139 [pool-39-thread-1] INFO  server.RaftServerConfigKeys (ConfUtils.java:logGet(44)) - raft.server.storage.dir = [/home/runner/work/ozone/ozone/hadoop-ozone/integration-test/target/test-dir/MiniOzoneClusterImpl-20f6a6ed-b629-410f-9e90-983c782471bd/ozone-meta/ratis] (custom)
2021-10-29 00:42:24,143 [pool-39-thread-1] INFO  server.RaftServerConfigKeys (ConfUtils.java:logGet(44)) - raft.server.log.corruption.policy = EXCEPTION (default)
2021-10-29 00:42:24,144 [pool-39-thread-1] INFO  server.RaftServerConfigKeys (ConfUtils.java:logGet(44)) - raft.server.storage.free-space.min = 0MB (=0) (default)
2021-10-29 00:42:24,145 [pool-39-thread-1] INFO  storage.RaftStorageDirectory (RaftStorageDirectoryImpl.java:analyzeStorage(135)) - The storage directory /home/runner/work/ozone/ozone/hadoop-ozone/integration-test/target/test-dir/MiniOzoneClusterImpl-20f6a6ed-b629-410f-9e90-983c782471bd/ozone-meta/ratis/bf265839-605b-3f16-9796-c5ba1605619e does not exist. Creating ...
2021-10-29 00:42:24,138 [Listener at 127.0.0.1/33257] INFO  om.OzoneManager (OzoneManager.java:initFSOLayout(3631)) - Configured ozone.om.metadata.layout=SIMPLE and disabled optimized OM FS operations
2021-10-29 00:42:24,150 [Listener at 127.0.0.1/33257] INFO  impl.MetricsSystemImpl (MetricsSystemImpl.java:init(158)) - OzoneManager metrics system started (again)
2021-10-29 00:42:24,163 [pool-39-thread-1] INFO  storage.RaftStorageDirectory (RaftStorageDirectoryImpl.java:tryLock(230)) - Lock on /home/runner/work/ozone/ozone/hadoop-ozone/integration-test/target/test-dir/MiniOzoneClusterImpl-20f6a6ed-b629-410f-9e90-983c782471bd/ozone-meta/ratis/bf265839-605b-3f16-9796-c5ba1605619e/in_use.lock acquired by nodename 21509@fv-az291-161
2021-10-29 00:42:24,173 [Listener at 127.0.0.1/33257] INFO  om.OzoneManager (OzoneManager.java:start(1302)) - OzoneManager RPC server is listening at localhost/127.0.0.1:33257
2021-10-29 00:42:24,174 [Listener at 127.0.0.1/33257] INFO  ratis.OzoneManagerRatisServer (OzoneManagerRatisServer.java:start(522)) - Starting OzoneManagerRatisServer om1 at port 37759
2021-10-29 00:42:24,174 [pool-39-thread-1] INFO  storage.RaftStorage (RaftStorageImpl.java:format(89)) - Storage directory /home/runner/work/ozone/ozone/hadoop-ozone/integration-test/target/test-dir/MiniOzoneClusterImpl-20f6a6ed-b629-410f-9e90-983c782471bd/ozone-meta/ratis/bf265839-605b-3f16-9796-c5ba1605619e has been successfully formatted.
2021-10-29 00:42:24,177 [pool-39-thread-1] INFO  server.RaftServerConfigKeys (ConfUtils.java:logGet(44)) - raft.server.notification.no-leader.timeout = 120s (custom)
2021-10-29 00:42:24,179 [pool-39-thread-1] INFO  server.RaftServerConfigKeys (ConfUtils.java:logGet(44)) - raft.server.log.use.memory = false (default)
2021-10-29 00:42:24,179 [ReplicationMonitor] INFO  container.ReplicationManager (ReplicationManager.java:processAll(371)) - Replication Monitor Thread took 0 milliseconds for processing 0 containers.
2021-10-29 00:42:24,188 [pool-39-thread-1] INFO  server.RaftServerConfigKeys (ConfUtils.java:logGet(44)) - raft.server.log.purge.gap = 1000000 (custom)
2021-10-29 00:42:24,188 [pool-39-thread-1] INFO  server.RaftServerConfigKeys (ConfUtils.java:logGet(44)) - raft.server.log.appender.buffer.byte-limit = 33554432 (custom)
2021-10-29 00:42:24,200 [pool-39-thread-1] INFO  server.RaftServerConfigKeys (ConfUtils.java:logGet(44)) - raft.server.log.segment.size.max = 4194304 (custom)
2021-10-29 00:42:24,208 [pool-39-thread-1] INFO  server.RaftServerConfigKeys (ConfUtils.java:logGet(44)) - raft.server.log.segment.cache.num.max = 2 (custom)
2021-10-29 00:42:24,208 [pool-39-thread-1] INFO  server.RaftServerConfigKeys (ConfUtils.java:logGet(44)) - raft.server.log.segment.cache.size.max = 200MB (=209715200) (default)
2021-10-29 00:42:24,215 [pool-39-thread-1] INFO  segmented.SegmentedRaftLogWorker (SegmentedRaftLogWorker.java:<init>(182)) - new om1@group-C5BA1605619E-SegmentedRaftLogWorker for RaftStorageImpl:Storage Directory /home/runner/work/ozone/ozone/hadoop-ozone/integration-test/target/test-dir/MiniOzoneClusterImpl-20f6a6ed-b629-410f-9e90-983c782471bd/ozone-meta/ratis/bf265839-605b-3f16-9796-c5ba1605619e
2021-10-29 00:42:24,215 [pool-39-thread-1] INFO  server.RaftServerConfigKeys (ConfUtils.java:logGet(44)) - raft.server.log.queue.byte-limit = 64MB (=67108864) (default)
2021-10-29 00:42:24,216 [pool-39-thread-1] INFO  server.RaftServerConfigKeys (ConfUtils.java:logGet(44)) - raft.server.log.queue.element-limit = 4096 (default)
2021-10-29 00:42:24,217 [pool-39-thread-1] INFO  server.RaftServerConfigKeys (ConfUtils.java:logGet(44)) - raft.server.log.segment.size.max = 4194304 (custom)
2021-10-29 00:42:24,217 [pool-39-thread-1] INFO  server.RaftServerConfigKeys (ConfUtils.java:logGet(44)) - raft.server.log.preallocated.size = 4194304 (custom)
2021-10-29 00:42:24,218 [pool-39-thread-1] INFO  server.RaftServerConfigKeys (ConfUtils.java:logGet(44)) - raft.server.log.force.sync.num = 128 (default)
2021-10-29 00:42:24,219 [pool-39-thread-1] INFO  server.RaftServerConfigKeys (ConfUtils.java:logGet(44)) - raft.server.log.statemachine.data.sync = true (default)
2021-10-29 00:42:24,219 [pool-39-thread-1] INFO  server.RaftServerConfigKeys (ConfUtils.java:logGet(44)) - raft.server.log.statemachine.data.sync.timeout = 10s (default)
2021-10-29 00:42:24,220 [pool-39-thread-1] INFO  server.RaftServerConfigKeys (ConfUtils.java:logGet(44)) - raft.server.log.statemachine.data.sync.timeout.retry = -1 (default)
2021-10-29 00:42:24,228 [pool-39-thread-1] INFO  server.RaftServerConfigKeys (ConfUtils.java:logGet(44)) - raft.server.log.write.buffer.size = 64KB (=65536) (default)
2021-10-29 00:42:24,229 [pool-39-thread-1] INFO  server.RaftServerConfigKeys (ConfUtils.java:logGet(44)) - raft.server.log.statemachine.data.caching.enabled = false (default)
2021-10-29 00:42:24,235 [pool-39-thread-1] INFO  segmented.SegmentedRaftLogWorker (SegmentedRaftLogWorker.java:lambda$new$0(133)) - om1@group-C5BA1605619E-SegmentedRaftLogWorker: flushIndex: setUnconditionally 0 -> -1
2021-10-29 00:42:24,235 [pool-39-thread-1] INFO  segmented.SegmentedRaftLogWorker (SegmentedRaftLogWorker.java:lambda$new$0(133)) - om1@group-C5BA1605619E-SegmentedRaftLogWorker: safeCacheEvictIndex: setUnconditionally 0 -> -1
2021-10-29 00:42:24,240 [pool-39-thread-1] INFO  server.RaftServerConfigKeys (ConfUtils.java:logGet(44)) - raft.server.snapshot.auto.trigger.enabled = true (custom)
2021-10-29 00:42:24,240 [pool-39-thread-1] INFO  server.RaftServerConfigKeys (ConfUtils.java:logGet(44)) - raft.server.snapshot.auto.trigger.threshold = 400000 (default)
2021-10-29 00:42:24,241 [pool-39-thread-1] INFO  server.RaftServerConfigKeys (ConfUtils.java:logGet(44)) - raft.server.snapshot.retention.file.num = -1 (default)
2021-10-29 00:42:24,242 [pool-39-thread-1] INFO  server.RaftServerConfigKeys (ConfUtils.java:logGet(44)) - raft.server.log.purge.upto.snapshot.index = true (custom)
2021-10-29 00:42:24,243 [pool-39-thread-1] INFO  server.RaftServerConfigKeys (ConfUtils.java:logGet(44)) - raft.server.retrycache.expirytime = 300s (custom)
2021-10-29 00:42:24,244 [pool-39-thread-1] INFO  server.RaftServerConfigKeys (ConfUtils.java:logGet(44)) - raft.server.retrycache.statistics.expirytime = 100μs (default)
2021-10-29 00:42:24,286 [Listener at 127.0.0.1/33257] INFO  server.RaftServer$Division (RaftServerImpl.java:start(301)) - om1@group-C5BA1605619E: start as a follower, conf=-1: [om1|rpc:localhost:37759|priority:0], old=null
2021-10-29 00:42:24,288 [Listener at 127.0.0.1/33257] INFO  server.RaftServer$Division (RaftServerImpl.java:setRole(290)) - om1@group-C5BA1605619E: changes role from      null to FOLLOWER at term 0 for startAsFollower
2021-10-29 00:42:24,289 [Listener at 127.0.0.1/33257] INFO  impl.RoleInfo (RoleInfo.java:updateAndGet(130)) - om1: start om1@group-C5BA1605619E-FollowerState
2021-10-29 00:42:24,293 [Listener at 127.0.0.1/33257] INFO  util.JmxRegister (JmxRegister.java:tryRegister(44)) - Successfully registered JMX Bean with object name Ratis:service=RaftServer,group=group-C5BA1605619E,id=om1
2021-10-29 00:42:24,296 [Listener at 127.0.0.1/33257] INFO  server.RaftServer (RaftServerProxy.java:lambda$start$5(374)) - om1: start RPC server
2021-10-29 00:42:24,358 [Listener at 127.0.0.1/33257] INFO  server.GrpcService (GrpcService.java:startImpl(253)) - om1: GrpcService started, listening on 37759
2021-10-29 00:42:24,360 [Listener at 127.0.0.1/33257] INFO  om.OzoneManager (OzoneManager.java:start(1320)) - Version File has different layout version (0) than OM DB (null). That is expected if this OM has never been finalized to a newer layout version.
2021-10-29 00:42:24,362 [org.apache.ratis.util.JvmPauseMonitor$$Lambda$534/1173926218@59008162] INFO  util.JvmPauseMonitor (JvmPauseMonitor.java:run(103)) - JvmPauseMonitor-om1: Started
2021-10-29 00:42:24,377 [Listener at 127.0.0.1/33257] INFO  http.BaseHttpServer (BaseHttpServer.java:newHttpServer2BuilderForOzone(209)) - Starting Web-server for ozoneManager at: http://0.0.0.0:0
2021-10-29 00:42:24,377 [Listener at 127.0.0.1/33257] INFO  http.BaseHttpServer (BaseHttpServer.java:<init>(107)) - Hadoop Security Enabled: false Ozone Security Enabled: false Ozone HTTP Security Enabled: false 
2021-10-29 00:42:24,379 [Listener at 127.0.0.1/33257] INFO  server.AuthenticationFilter (AuthenticationFilter.java:constructSecretProvider(240)) - Unable to initialize FileSignerSecretProvider, falling back to use random secrets.
2021-10-29 00:42:24,385 [Listener at 127.0.0.1/33257] WARN  http.HttpRequestLog (HttpRequestLog.java:getRequestLog(103)) - Jetty request log can only be enabled using Log4j
2021-10-29 00:42:24,394 [Listener at 127.0.0.1/33257] INFO  http.HttpServer2 (HttpServer2.java:addGlobalFilter(1030)) - Added global filter 'safety' (class=org.apache.hadoop.hdds.server.http.HttpServer2$QuotingInputFilter)
2021-10-29 00:42:24,395 [Listener at 127.0.0.1/33257] INFO  http.HttpServer2 (HttpServer2.java:addFilter(1006)) - Added filter static_user_filter (class=org.apache.hadoop.http.lib.StaticUserWebFilter$StaticUserFilter) to context ozoneManager
2021-10-29 00:42:24,395 [Listener at 127.0.0.1/33257] INFO  http.HttpServer2 (HttpServer2.java:addFilter(1014)) - Added filter static_user_filter (class=org.apache.hadoop.http.lib.StaticUserWebFilter$StaticUserFilter) to context logs
2021-10-29 00:42:24,396 [Listener at 127.0.0.1/33257] INFO  http.HttpServer2 (HttpServer2.java:addFilter(1014)) - Added filter static_user_filter (class=org.apache.hadoop.http.lib.StaticUserWebFilter$StaticUserFilter) to context static
2021-10-29 00:42:24,398 [Listener at 127.0.0.1/33257] INFO  http.HttpServer2 (HttpServer2.java:bindListener(1249)) - Jetty bound to port 46623
2021-10-29 00:42:24,399 [Listener at 127.0.0.1/33257] INFO  server.Server (Server.java:doStart(375)) - jetty-9.4.43.v20210629; built: 2021-06-30T11:07:22.254Z; git: 526006ecfa3af7f1a27ef3a288e2bef7ea9dd7e8; jvm 1.8.0_292-b10
2021-10-29 00:42:24,405 [Listener at 127.0.0.1/33257] INFO  server.session (DefaultSessionIdManager.java:doStart(334)) - DefaultSessionIdManager workerName=node0
2021-10-29 00:42:24,405 [Listener at 127.0.0.1/33257] INFO  server.session (DefaultSessionIdManager.java:doStart(339)) - No SessionScavenger set, using defaults
2021-10-29 00:42:24,405 [Listener at 127.0.0.1/33257] INFO  server.session (HouseKeeper.java:startScavenging(132)) - node0 Scavenging every 600000ms
2021-10-29 00:42:24,406 [Listener at 127.0.0.1/33257] INFO  handler.ContextHandler (ContextHandler.java:doStart(915)) - Started o.e.j.s.ServletContextHandler@651b913f{logs,/logs,file:///home/runner/work/ozone/ozone/hadoop-ozone/integration-test/target/log,AVAILABLE}
2021-10-29 00:42:24,406 [Listener at 127.0.0.1/33257] INFO  handler.ContextHandler (ContextHandler.java:doStart(915)) - Started o.e.j.s.ServletContextHandler@718fd210{static,/static,file:///home/runner/work/ozone/ozone/hadoop-ozone/integration-test/target/test-classes/webapps/static,AVAILABLE}
2021-10-29 00:42:24,410 [Listener at 127.0.0.1/33257] INFO  handler.ContextHandler (ContextHandler.java:doStart(915)) - Started o.e.j.w.WebAppContext@4dc3717b{ozoneManager,/,file:///home/runner/work/ozone/ozone/hadoop-ozone/integration-test/target/test-classes/webapps/ozoneManager/,AVAILABLE}{file:/home/runner/work/ozone/ozone/hadoop-ozone/integration-test/target/test-classes/webapps/ozoneManager}
2021-10-29 00:42:24,412 [Listener at 127.0.0.1/33257] INFO  server.AbstractConnector (AbstractConnector.java:doStart(331)) - Started ServerConnector@3b8e4019{HTTP/1.1, (http/1.1)}{0.0.0.0:46623}
2021-10-29 00:42:24,413 [Listener at 127.0.0.1/33257] INFO  server.Server (Server.java:doStart(415)) - Started @6329ms
2021-10-29 00:42:24,413 [Listener at 127.0.0.1/33257] WARN  impl.MetricsSystemImpl (MetricsSystemImpl.java:register(279)) - Sink prometheus already exists!
2021-10-29 00:42:24,416 [Listener at 127.0.0.1/33257] INFO  http.BaseHttpServer (BaseHttpServer.java:updateConnectorAddress(329)) - HTTP server of ozoneManager listening at http://0.0.0.0:46623
2021-10-29 00:42:24,416 [IPC Server Responder] INFO  ipc.Server (Server.java:run(1507)) - IPC Server Responder: starting
2021-10-29 00:42:24,416 [IPC Server listener on 0] INFO  ipc.Server (Server.java:run(1344)) - IPC Server listener on 0: starting
2021-10-29 00:42:24,420 [Listener at 127.0.0.1/33257] INFO  om.OzoneManager (OzoneManager.java:startTrashEmptier(1576)) - Trash Interval set to 0. Files deleted will not move to trash
2021-10-29 00:42:24,435 [org.apache.hadoop.util.JvmPauseMonitor$Monitor@29915d4a] INFO  util.JvmPauseMonitor (JvmPauseMonitor.java:run(188)) - Starting JVM pause monitor
2021-10-29 00:42:24,634 [Listener at 127.0.0.1/33257] WARN  impl.MetricRegistriesImpl (MetricRegistriesImpl.java:addReporterRegistration(111)) - New reporters are added after registries were created. Some metrics will be missing from the reporter. Please add reporter before adding any new registry.
2021-10-29 00:42:24,635 [Listener at 127.0.0.1/33257] WARN  impl.MetricRegistriesImpl (MetricRegistriesImpl.java:addReporterRegistration(111)) - New reporters are added after registries were created. Some metrics will be missing from the reporter. Please add reporter before adding any new registry.
2021-10-29 00:42:24,635 [Listener at 127.0.0.1/33257] INFO  impl.MetricsSystemImpl (MetricsSystemImpl.java:init(158)) - HddsDatanode metrics system started (again)
2021-10-29 00:42:24,661 [Listener at 127.0.0.1/33257] INFO  ozone.HddsDatanodeService (HddsDatanodeService.java:start(234)) - HddsDatanodeService host:fv-az291-161.wgnan5asplgejimfprtllbpdch.jx.internal.cloudapp.net ip:10.1.0.32
2021-10-29 00:42:24,701 [Listener at 127.0.0.1/33257] INFO  upgrade.AbstractLayoutVersionManager (AbstractLayoutVersionManager.java:init(79)) - Initializing Layout version manager with metadata layout = SCM_HA (version = 2), software layout = SCM_HA (version = 2)
2021-10-29 00:42:24,759 [Listener at 127.0.0.1/33257] INFO  reflections.Reflections (Reflections.java:scan(232)) - Reflections took 57 ms to scan 7 urls, producing 119 keys and 279 values 
2021-10-29 00:42:24,765 [Listener at 127.0.0.1/33257] INFO  statemachine.DatanodeStateMachine (DatanodeStateMachine.java:getEndPointTaskThreadPoolSize(219)) - Datanode State Machine Task Thread Pool size 2
2021-10-29 00:42:24,835 [Listener at 127.0.0.1/33257] INFO  volume.HddsVolume (HddsVolume.java:<init>(120)) - Creating HddsVolume: /home/runner/work/ozone/ozone/hadoop-ozone/integration-test/target/test-dir/MiniOzoneClusterImpl-20f6a6ed-b629-410f-9e90-983c782471bd/datanode-0/data-0/containers/hdds of storage type : DISK capacity : 9223372036854775807
2021-10-29 00:42:24,838 [Listener at 127.0.0.1/33257] INFO  volume.MutableVolumeSet (MutableVolumeSet.java:initializeVolumeSet(168)) - Added Volume : /home/runner/work/ozone/ozone/hadoop-ozone/integration-test/target/test-dir/MiniOzoneClusterImpl-20f6a6ed-b629-410f-9e90-983c782471bd/datanode-0/data-0/containers/hdds to VolumeSet
2021-10-29 00:42:24,839 [Listener at 127.0.0.1/33257] INFO  volume.ThrottledAsyncChecker (ThrottledAsyncChecker.java:schedule(141)) - Scheduling a check for /home/runner/work/ozone/ozone/hadoop-ozone/integration-test/target/test-dir/MiniOzoneClusterImpl-20f6a6ed-b629-410f-9e90-983c782471bd/datanode-0/data-0/containers/hdds
2021-10-29 00:42:24,859 [Listener at 127.0.0.1/33257] INFO  volume.StorageVolumeChecker (StorageVolumeChecker.java:checkAllVolumes(202)) - Scheduled health check for volume /home/runner/work/ozone/ozone/hadoop-ozone/integration-test/target/test-dir/MiniOzoneClusterImpl-20f6a6ed-b629-410f-9e90-983c782471bd/datanode-0/data-0/containers/hdds
2021-10-29 00:42:24,894 [Listener at 127.0.0.1/33257] INFO  volume.MutableVolumeSet (MutableVolumeSet.java:initializeVolumeSet(168)) - Added Volume : /home/runner/work/ozone/ozone/hadoop-ozone/integration-test/target/test-dir/MiniOzoneClusterImpl-20f6a6ed-b629-410f-9e90-983c782471bd/datanode-0/data/ratis to VolumeSet
2021-10-29 00:42:24,898 [Listener at 127.0.0.1/33257] INFO  volume.ThrottledAsyncChecker (ThrottledAsyncChecker.java:schedule(141)) - Scheduling a check for /home/runner/work/ozone/ozone/hadoop-ozone/integration-test/target/test-dir/MiniOzoneClusterImpl-20f6a6ed-b629-410f-9e90-983c782471bd/datanode-0/data/ratis
2021-10-29 00:42:24,899 [Listener at 127.0.0.1/33257] INFO  volume.StorageVolumeChecker (StorageVolumeChecker.java:checkAllVolumes(202)) - Scheduled health check for volume /home/runner/work/ozone/ozone/hadoop-ozone/integration-test/target/test-dir/MiniOzoneClusterImpl-20f6a6ed-b629-410f-9e90-983c782471bd/datanode-0/data/ratis
2021-10-29 00:42:24,919 [Thread-131] INFO  ozoneimpl.ContainerReader (ContainerReader.java:readVolume(172)) - Finish verifying containers on volume /home/runner/work/ozone/ozone/hadoop-ozone/integration-test/target/test-dir/MiniOzoneClusterImpl-20f6a6ed-b629-410f-9e90-983c782471bd/datanode-0/data-0/containers/hdds
2021-10-29 00:42:24,919 [Listener at 127.0.0.1/33257] INFO  ozoneimpl.OzoneContainer (OzoneContainer.java:buildContainerSet(236)) - Build ContainerSet costs 0s
2021-10-29 00:42:25,014 [Listener at 127.0.0.1/33257] INFO  server.RaftServer (ConfUtils.java:logGet(44)) - raft.rpc.type = GRPC (default)
2021-10-29 00:42:25,014 [Listener at 127.0.0.1/33257] INFO  grpc.GrpcFactory (GrpcFactory.java:checkPooledByteBufAllocatorUseCacheForAllThreads(48)) - PERFORMANCE WARNING: useCacheForAllThreads is true that may cause Netty to create a lot garbage objects and, as a result, trigger GC.
	It is recommended to disable useCacheForAllThreads by setting -Dorg.apache.ratis.thirdparty.io.netty.allocator.useCacheForAllThreads=false in command line.
2021-10-29 00:42:25,014 [Listener at 127.0.0.1/33257] INFO  grpc.GrpcConfigKeys (ConfUtils.java:logGet(44)) - raft.grpc.admin.port = 0 (custom)
2021-10-29 00:42:25,014 [Listener at 127.0.0.1/33257] INFO  grpc.GrpcConfigKeys (ConfUtils.java:logGet(44)) - raft.grpc.client.port = 0 (custom)
2021-10-29 00:42:25,015 [Listener at 127.0.0.1/33257] INFO  grpc.GrpcConfigKeys (ConfUtils.java:logGet(44)) - raft.grpc.server.port = 0 (default)
2021-10-29 00:42:25,015 [Listener at 127.0.0.1/33257] INFO  server.GrpcService (ConfUtils.java:logGet(44)) - raft.grpc.message.size.max = 32MB (=33554432) (custom)
2021-10-29 00:42:25,015 [Listener at 127.0.0.1/33257] INFO  server.RaftServerConfigKeys (ConfUtils.java:logGet(44)) - raft.server.log.appender.buffer.byte-limit = 33554432 (custom)
2021-10-29 00:42:25,015 [Listener at 127.0.0.1/33257] INFO  server.GrpcService (ConfUtils.java:logGet(44)) - raft.grpc.flow.control.window = 5MB (=5242880) (custom)
2021-10-29 00:42:25,015 [Listener at 127.0.0.1/33257] INFO  server.RaftServerConfigKeys (ConfUtils.java:logGet(44)) - raft.server.rpc.request.timeout = 60s (custom)
2021-10-29 00:42:25,017 [Listener at 127.0.0.1/33257] INFO  impl.DataStreamServerImpl (ConfUtils.java:logGet(44)) - raft.datastream.type = DISABLED (default)
2021-10-29 00:42:25,017 [Listener at 127.0.0.1/33257] INFO  server.RaftServerConfigKeys (ConfUtils.java:logGet(44)) - raft.server.rpc.slowness.timeout = 300s (custom)
2021-10-29 00:42:25,017 [Listener at 127.0.0.1/33257] INFO  server.RaftServerConfigKeys (ConfUtils.java:logGet(44)) - raft.server.leaderelection.leader.step-down.wait-time = 10s (default)
2021-10-29 00:42:25,017 [Listener at 127.0.0.1/33257] INFO  server.RaftServerConfigKeys (ConfUtils.java:logGet(44)) - raft.server.storage.dir = [/home/runner/work/ozone/ozone/hadoop-ozone/integration-test/target/test-dir/MiniOzoneClusterImpl-20f6a6ed-b629-410f-9e90-983c782471bd/datanode-0/data/ratis] (custom)
2021-10-29 00:42:25,125 [Listener at 127.0.0.1/33257] INFO  http.BaseHttpServer (BaseHttpServer.java:newHttpServer2BuilderForOzone(209)) - Starting Web-server for hddsDatanode at: http://0.0.0.0:0
2021-10-29 00:42:25,125 [Listener at 127.0.0.1/33257] INFO  http.BaseHttpServer (BaseHttpServer.java:<init>(107)) - Hadoop Security Enabled: false Ozone Security Enabled: false Ozone HTTP Security Enabled: false 
2021-10-29 00:42:25,126 [Listener at 127.0.0.1/33257] INFO  server.AuthenticationFilter (AuthenticationFilter.java:constructSecretProvider(240)) - Unable to initialize FileSignerSecretProvider, falling back to use random secrets.
2021-10-29 00:42:25,127 [Listener at 127.0.0.1/33257] WARN  http.HttpRequestLog (HttpRequestLog.java:getRequestLog(103)) - Jetty request log can only be enabled using Log4j
2021-10-29 00:42:25,128 [Listener at 127.0.0.1/33257] INFO  http.HttpServer2 (HttpServer2.java:addGlobalFilter(1030)) - Added global filter 'safety' (class=org.apache.hadoop.hdds.server.http.HttpServer2$QuotingInputFilter)
2021-10-29 00:42:25,129 [Listener at 127.0.0.1/33257] INFO  http.HttpServer2 (HttpServer2.java:addFilter(1006)) - Added filter static_user_filter (class=org.apache.hadoop.http.lib.StaticUserWebFilter$StaticUserFilter) to context hddsDatanode
2021-10-29 00:42:25,129 [Listener at 127.0.0.1/33257] INFO  http.HttpServer2 (HttpServer2.java:addFilter(1014)) - Added filter static_user_filter (class=org.apache.hadoop.http.lib.StaticUserWebFilter$StaticUserFilter) to context logs
2021-10-29 00:42:25,129 [Listener at 127.0.0.1/33257] INFO  http.HttpServer2 (HttpServer2.java:addFilter(1014)) - Added filter static_user_filter (class=org.apache.hadoop.http.lib.StaticUserWebFilter$StaticUserFilter) to context static
2021-10-29 00:42:25,130 [Listener at 127.0.0.1/33257] INFO  http.HttpServer2 (HttpServer2.java:bindListener(1249)) - Jetty bound to port 42391
2021-10-29 00:42:25,130 [Listener at 127.0.0.1/33257] INFO  server.Server (Server.java:doStart(375)) - jetty-9.4.43.v20210629; built: 2021-06-30T11:07:22.254Z; git: 526006ecfa3af7f1a27ef3a288e2bef7ea9dd7e8; jvm 1.8.0_292-b10
2021-10-29 00:42:25,136 [Listener at 127.0.0.1/33257] INFO  server.session (DefaultSessionIdManager.java:doStart(334)) - DefaultSessionIdManager workerName=node0
2021-10-29 00:42:25,136 [Listener at 127.0.0.1/33257] INFO  server.session (DefaultSessionIdManager.java:doStart(339)) - No SessionScavenger set, using defaults
2021-10-29 00:42:25,136 [Listener at 127.0.0.1/33257] INFO  server.session (HouseKeeper.java:startScavenging(132)) - node0 Scavenging every 660000ms
2021-10-29 00:42:25,141 [Listener at 127.0.0.1/33257] INFO  handler.ContextHandler (ContextHandler.java:doStart(915)) - Started o.e.j.s.ServletContextHandler@1d464e04{logs,/logs,file:///home/runner/work/ozone/ozone/hadoop-ozone/integration-test/target/log,AVAILABLE}
2021-10-29 00:42:25,141 [Listener at 127.0.0.1/33257] INFO  handler.ContextHandler (ContextHandler.java:doStart(915)) - Started o.e.j.s.ServletContextHandler@f8c4861{static,/static,jar:file:/home/runner/.m2/repository/org/apache/ozone/hdds-container-service/1.2.0-SNAPSHOT/hdds-container-service-1.2.0-SNAPSHOT.jar!/webapps/static,AVAILABLE}
2021-10-29 00:42:25,180 [ReplicationMonitor] INFO  container.ReplicationManager (ReplicationManager.java:processAll(371)) - Replication Monitor Thread took 0 milliseconds for processing 0 containers.
2021-10-29 00:42:25,200 [Listener at 127.0.0.1/33257] INFO  handler.ContextHandler (ContextHandler.java:doStart(915)) - Started o.e.j.w.WebAppContext@2d7002f6{hddsDatanode,/,file:///tmp/jetty-0_0_0_0-42391-hdds-container-service-1_2_0-SNAPSHOT_jar-_-any-7432693730764805797/webapp/,AVAILABLE}{jar:file:/home/runner/.m2/repository/org/apache/ozone/hdds-container-service/1.2.0-SNAPSHOT/hdds-container-service-1.2.0-SNAPSHOT.jar!/webapps/hddsDatanode}
2021-10-29 00:42:25,202 [Listener at 127.0.0.1/33257] INFO  server.AbstractConnector (AbstractConnector.java:doStart(331)) - Started ServerConnector@6122a18d{HTTP/1.1, (http/1.1)}{0.0.0.0:42391}
2021-10-29 00:42:25,202 [Listener at 127.0.0.1/33257] INFO  server.Server (Server.java:doStart(415)) - Started @7119ms
2021-10-29 00:42:25,202 [Listener at 127.0.0.1/33257] WARN  impl.MetricsSystemImpl (MetricsSystemImpl.java:register(279)) - Sink prometheus already exists!
2021-10-29 00:42:25,203 [Listener at 127.0.0.1/33257] INFO  http.BaseHttpServer (BaseHttpServer.java:updateConnectorAddress(329)) - HTTP server of hddsDatanode listening at http://0.0.0.0:42391
2021-10-29 00:42:25,204 [Listener at 127.0.0.1/33257] WARN  impl.MetricRegistriesImpl (MetricRegistriesImpl.java:addReporterRegistration(111)) - New reporters are added after registries were created. Some metrics will be missing from the reporter. Please add reporter before adding any new registry.
2021-10-29 00:42:25,204 [Listener at 127.0.0.1/33257] WARN  impl.MetricRegistriesImpl (MetricRegistriesImpl.java:addReporterRegistration(111)) - New reporters are added after registries were created. Some metrics will be missing from the reporter. Please add reporter before adding any new registry.
2021-10-29 00:42:25,204 [Listener at 127.0.0.1/33257] INFO  impl.MetricsSystemImpl (MetricsSystemImpl.java:init(158)) - HddsDatanode metrics system started (again)
2021-10-29 00:42:25,212 [Datanode State Machine Daemon Thread] INFO  statemachine.DatanodeStateMachine (DatanodeStateMachine.java:lambda$startDaemon$0(467)) - Ozone container server started.
2021-10-29 00:42:25,238 [org.apache.hadoop.util.JvmPauseMonitor$Monitor@398c1963] INFO  util.JvmPauseMonitor (JvmPauseMonitor.java:run(188)) - Starting JVM pause monitor
2021-10-29 00:42:25,248 [Listener at 127.0.0.1/33257] INFO  ozone.HddsDatanodeService (HddsDatanodeService.java:start(234)) - HddsDatanodeService host:fv-az291-161.wgnan5asplgejimfprtllbpdch.jx.internal.cloudapp.net ip:10.1.0.32
2021-10-29 00:42:25,277 [Listener at 127.0.0.1/33257] INFO  upgrade.AbstractLayoutVersionManager (AbstractLayoutVersionManager.java:init(79)) - Initializing Layout version manager with metadata layout = SCM_HA (version = 2), software layout = SCM_HA (version = 2)
2021-10-29 00:42:25,357 [Datanode State Machine Task Thread - 0] INFO  datanode.InitDatanodeState (InitDatanodeState.java:persistContainerDatanodeDetails(145)) - DatanodeDetails is persisted to /home/runner/work/ozone/ozone/hadoop-ozone/integration-test/target/test-dir/MiniOzoneClusterImpl-20f6a6ed-b629-410f-9e90-983c782471bd/datanode-0/meta/datanode.id
2021-10-29 00:42:25,362 [Listener at 127.0.0.1/33257] INFO  reflections.Reflections (Reflections.java:scan(232)) - Reflections took 84 ms to scan 7 urls, producing 119 keys and 279 values 
2021-10-29 00:42:25,363 [om1@group-C5BA1605619E-FollowerState] INFO  impl.FollowerState (FollowerState.java:run(134)) - om1@group-C5BA1605619E-FollowerState: change to CANDIDATE, lastRpcElapsedTime:1073785240ns, electionTimeout:1068ms
2021-10-29 00:42:25,364 [Listener at 127.0.0.1/33257] INFO  statemachine.DatanodeStateMachine (DatanodeStateMachine.java:getEndPointTaskThreadPoolSize(219)) - Datanode State Machine Task Thread Pool size 2
2021-10-29 00:42:25,364 [om1@group-C5BA1605619E-FollowerState] INFO  impl.RoleInfo (RoleInfo.java:shutdownFollowerState(108)) - om1: shutdown om1@group-C5BA1605619E-FollowerState
2021-10-29 00:42:25,367 [om1@group-C5BA1605619E-FollowerState] INFO  server.RaftServer$Division (RaftServerImpl.java:setRole(290)) - om1@group-C5BA1605619E: changes role from  FOLLOWER to CANDIDATE at term 0 for changeToCandidate
2021-10-29 00:42:25,369 [om1@group-C5BA1605619E-FollowerState] INFO  server.RaftServerConfigKeys (ConfUtils.java:logGet(44)) - raft.server.leaderelection.pre-vote = false (custom)
2021-10-29 00:42:25,370 [om1@group-C5BA1605619E-FollowerState] INFO  impl.RoleInfo (RoleInfo.java:updateAndGet(130)) - om1: start om1@group-C5BA1605619E-LeaderElection1
2021-10-29 00:42:25,377 [Listener at 127.0.0.1/33257] INFO  volume.HddsVolume (HddsVolume.java:<init>(120)) - Creating HddsVolume: /home/runner/work/ozone/ozone/hadoop-ozone/integration-test/target/test-dir/MiniOzoneClusterImpl-20f6a6ed-b629-410f-9e90-983c782471bd/datanode-1/data-0/containers/hdds of storage type : DISK capacity : 9223372036854775807
2021-10-29 00:42:25,377 [Listener at 127.0.0.1/33257] INFO  volume.MutableVolumeSet (MutableVolumeSet.java:initializeVolumeSet(168)) - Added Volume : /home/runner/work/ozone/ozone/hadoop-ozone/integration-test/target/test-dir/MiniOzoneClusterImpl-20f6a6ed-b629-410f-9e90-983c782471bd/datanode-1/data-0/containers/hdds to VolumeSet
2021-10-29 00:42:25,377 [Listener at 127.0.0.1/33257] INFO  volume.ThrottledAsyncChecker (ThrottledAsyncChecker.java:schedule(141)) - Scheduling a check for /home/runner/work/ozone/ozone/hadoop-ozone/integration-test/target/test-dir/MiniOzoneClusterImpl-20f6a6ed-b629-410f-9e90-983c782471bd/datanode-1/data-0/containers/hdds
2021-10-29 00:42:25,378 [Listener at 127.0.0.1/33257] INFO  volume.StorageVolumeChecker (StorageVolumeChecker.java:checkAllVolumes(202)) - Scheduled health check for volume /home/runner/work/ozone/ozone/hadoop-ozone/integration-test/target/test-dir/MiniOzoneClusterImpl-20f6a6ed-b629-410f-9e90-983c782471bd/datanode-1/data-0/containers/hdds
2021-10-29 00:42:25,556 [om1@group-C5BA1605619E-LeaderElection1] INFO  impl.LeaderElection (LeaderElection.java:askForVotes(306)) - om1@group-C5BA1605619E-LeaderElection1 ELECTION round 0: submit vote requests at term 1 for -1: [om1|rpc:localhost:37759|priority:0], old=null
2021-10-29 00:42:25,557 [om1@group-C5BA1605619E-LeaderElection1] INFO  impl.LeaderElection (LeaderElection.java:askForVotes(308)) - om1@group-C5BA1605619E-LeaderElection1 ELECTION round 0: result PASSED (term=1)
2021-10-29 00:42:25,558 [om1@group-C5BA1605619E-LeaderElection1] INFO  impl.RoleInfo (RoleInfo.java:shutdownLeaderElection(121)) - om1: shutdown om1@group-C5BA1605619E-LeaderElection1
2021-10-29 00:42:25,558 [om1@group-C5BA1605619E-LeaderElection1] INFO  server.RaftServer$Division (RaftServerImpl.java:setRole(290)) - om1@group-C5BA1605619E: changes role from CANDIDATE to LEADER at term 1 for changeToLeader
2021-10-29 00:42:25,558 [om1@group-C5BA1605619E-LeaderElection1] INFO  server.RaftServer$Division (ServerState.java:setLeader(285)) - om1@group-C5BA1605619E: change Leader from null to om1 at term 1 for becomeLeader, leader elected after 1381ms
2021-10-29 00:42:25,568 [Listener at 127.0.0.1/33257] INFO  volume.MutableVolumeSet (MutableVolumeSet.java:initializeVolumeSet(168)) - Added Volume : /home/runner/work/ozone/ozone/hadoop-ozone/integration-test/target/test-dir/MiniOzoneClusterImpl-20f6a6ed-b629-410f-9e90-983c782471bd/datanode-1/data/ratis to VolumeSet
2021-10-29 00:42:25,569 [Listener at 127.0.0.1/33257] INFO  volume.ThrottledAsyncChecker (ThrottledAsyncChecker.java:schedule(141)) - Scheduling a check for /home/runner/work/ozone/ozone/hadoop-ozone/integration-test/target/test-dir/MiniOzoneClusterImpl-20f6a6ed-b629-410f-9e90-983c782471bd/datanode-1/data/ratis
2021-10-29 00:42:25,569 [Listener at 127.0.0.1/33257] INFO  volume.StorageVolumeChecker (StorageVolumeChecker.java:checkAllVolumes(202)) - Scheduled health check for volume /home/runner/work/ozone/ozone/hadoop-ozone/integration-test/target/test-dir/MiniOzoneClusterImpl-20f6a6ed-b629-410f-9e90-983c782471bd/datanode-1/data/ratis
2021-10-29 00:42:25,572 [om1@group-C5BA1605619E-LeaderElection1] INFO  server.RaftServerConfigKeys (ConfUtils.java:logGet(44)) - raft.server.staging.catchup.gap = 1000 (default)
2021-10-29 00:42:25,583 [om1@group-C5BA1605619E-LeaderElection1] INFO  server.RaftServerConfigKeys (ConfUtils.java:logGet(44)) - raft.server.write.element-limit = 4096 (default)
2021-10-29 00:42:25,584 [om1@group-C5BA1605619E-LeaderElection1] INFO  server.RaftServerConfigKeys (ConfUtils.java:logGet(44)) - raft.server.write.byte-limit = 64MB (=67108864) (default)
2021-10-29 00:42:25,583 [Thread-145] INFO  ozoneimpl.ContainerReader (ContainerReader.java:readVolume(172)) - Finish verifying containers on volume /home/runner/work/ozone/ozone/hadoop-ozone/integration-test/target/test-dir/MiniOzoneClusterImpl-20f6a6ed-b629-410f-9e90-983c782471bd/datanode-1/data-0/containers/hdds
2021-10-29 00:42:25,592 [Listener at 127.0.0.1/33257] INFO  ozoneimpl.OzoneContainer (OzoneContainer.java:buildContainerSet(236)) - Build ContainerSet costs 0s
2021-10-29 00:42:25,594 [om1@group-C5BA1605619E-LeaderElection1] INFO  server.RaftServerConfigKeys (ConfUtils.java:logGet(44)) - raft.server.watch.timeout = 10s (default)
2021-10-29 00:42:25,595 [om1@group-C5BA1605619E-LeaderElection1] INFO  server.RaftServerConfigKeys (ConfUtils.java:logGet(44)) - raft.server.watch.timeout.denomination = 1s (default)
2021-10-29 00:42:25,595 [Listener at 127.0.0.1/33257] INFO  server.RaftServer (ConfUtils.java:logGet(44)) - raft.rpc.type = GRPC (default)
2021-10-29 00:42:25,595 [Listener at 127.0.0.1/33257] INFO  grpc.GrpcFactory (GrpcFactory.java:checkPooledByteBufAllocatorUseCacheForAllThreads(48)) - PERFORMANCE WARNING: useCacheForAllThreads is true that may cause Netty to create a lot garbage objects and, as a result, trigger GC.
	It is recommended to disable useCacheForAllThreads by setting -Dorg.apache.ratis.thirdparty.io.netty.allocator.useCacheForAllThreads=false in command line.
2021-10-29 00:42:25,595 [Listener at 127.0.0.1/33257] INFO  grpc.GrpcConfigKeys (ConfUtils.java:logGet(44)) - raft.grpc.admin.port = 0 (custom)
2021-10-29 00:42:25,595 [Listener at 127.0.0.1/33257] INFO  grpc.GrpcConfigKeys (ConfUtils.java:logGet(44)) - raft.grpc.client.port = 0 (custom)
2021-10-29 00:42:25,596 [Listener at 127.0.0.1/33257] INFO  grpc.GrpcConfigKeys (ConfUtils.java:logGet(44)) - raft.grpc.server.port = 0 (default)
2021-10-29 00:42:25,596 [Listener at 127.0.0.1/33257] INFO  server.GrpcService (ConfUtils.java:logGet(44)) - raft.grpc.message.size.max = 32MB (=33554432) (custom)
2021-10-29 00:42:25,596 [Listener at 127.0.0.1/33257] INFO  server.RaftServerConfigKeys (ConfUtils.java:logGet(44)) - raft.server.log.appender.buffer.byte-limit = 33554432 (custom)
2021-10-29 00:42:25,596 [Listener at 127.0.0.1/33257] INFO  server.GrpcService (ConfUtils.java:logGet(44)) - raft.grpc.flow.control.window = 5MB (=5242880) (custom)
2021-10-29 00:42:25,596 [Listener at 127.0.0.1/33257] INFO  server.RaftServerConfigKeys (ConfUtils.java:logGet(44)) - raft.server.rpc.request.timeout = 60s (custom)
2021-10-29 00:42:25,597 [Listener at 127.0.0.1/33257] INFO  impl.DataStreamServerImpl (ConfUtils.java:logGet(44)) - raft.datastream.type = DISABLED (default)
2021-10-29 00:42:25,597 [Listener at 127.0.0.1/33257] INFO  server.RaftServerConfigKeys (ConfUtils.java:logGet(44)) - raft.server.rpc.slowness.timeout = 300s (custom)
2021-10-29 00:42:25,597 [Listener at 127.0.0.1/33257] INFO  server.RaftServerConfigKeys (ConfUtils.java:logGet(44)) - raft.server.leaderelection.leader.step-down.wait-time = 10s (default)
2021-10-29 00:42:25,597 [Listener at 127.0.0.1/33257] INFO  server.RaftServerConfigKeys (ConfUtils.java:logGet(44)) - raft.server.storage.dir = [/home/runner/work/ozone/ozone/hadoop-ozone/integration-test/target/test-dir/MiniOzoneClusterImpl-20f6a6ed-b629-410f-9e90-983c782471bd/datanode-1/data/ratis] (custom)
2021-10-29 00:42:25,598 [om1@group-C5BA1605619E-LeaderElection1] INFO  server.RaftServerConfigKeys (ConfUtils.java:logGet(44)) - raft.server.watch.element-limit = 65536 (default)
2021-10-29 00:42:25,603 [om1@group-C5BA1605619E-LeaderElection1] INFO  server.RaftServerConfigKeys (ConfUtils.java:logGet(44)) - raft.server.write.element-limit = 4096 (default)
2021-10-29 00:42:25,605 [om1@group-C5BA1605619E-LeaderElection1] INFO  server.RaftServerConfigKeys (ConfUtils.java:logGet(44)) - raft.server.write.follower.gap.ratio.max = -1.0 (default)
2021-10-29 00:42:25,606 [Listener at 127.0.0.1/33257] INFO  http.BaseHttpServer (BaseHttpServer.java:newHttpServer2BuilderForOzone(209)) - Starting Web-server for hddsDatanode at: http://0.0.0.0:0
2021-10-29 00:42:25,606 [Listener at 127.0.0.1/33257] INFO  http.BaseHttpServer (BaseHttpServer.java:<init>(107)) - Hadoop Security Enabled: false Ozone Security Enabled: false Ozone HTTP Security Enabled: false 
2021-10-29 00:42:25,608 [Listener at 127.0.0.1/33257] INFO  server.AuthenticationFilter (AuthenticationFilter.java:constructSecretProvider(240)) - Unable to initialize FileSignerSecretProvider, falling back to use random secrets.
2021-10-29 00:42:25,609 [om1@group-C5BA1605619E-LeaderElection1] INFO  impl.RoleInfo (RoleInfo.java:updateAndGet(130)) - om1: start om1@group-C5BA1605619E-LeaderStateImpl
2021-10-29 00:42:25,616 [Listener at 127.0.0.1/33257] WARN  http.HttpRequestLog (HttpRequestLog.java:getRequestLog(103)) - Jetty request log can only be enabled using Log4j
2021-10-29 00:42:25,616 [Listener at 127.0.0.1/33257] INFO  http.HttpServer2 (HttpServer2.java:addGlobalFilter(1030)) - Added global filter 'safety' (class=org.apache.hadoop.hdds.server.http.HttpServer2$QuotingInputFilter)
2021-10-29 00:42:25,617 [Listener at 127.0.0.1/33257] INFO  http.HttpServer2 (HttpServer2.java:addFilter(1006)) - Added filter static_user_filter (class=org.apache.hadoop.http.lib.StaticUserWebFilter$StaticUserFilter) to context hddsDatanode
2021-10-29 00:42:25,617 [Listener at 127.0.0.1/33257] INFO  http.HttpServer2 (HttpServer2.java:addFilter(1014)) - Added filter static_user_filter (class=org.apache.hadoop.http.lib.StaticUserWebFilter$StaticUserFilter) to context logs
2021-10-29 00:42:25,617 [Listener at 127.0.0.1/33257] INFO  http.HttpServer2 (HttpServer2.java:addFilter(1014)) - Added filter static_user_filter (class=org.apache.hadoop.http.lib.StaticUserWebFilter$StaticUserFilter) to context static
2021-10-29 00:42:25,618 [Listener at 127.0.0.1/33257] INFO  http.HttpServer2 (HttpServer2.java:bindListener(1249)) - Jetty bound to port 36021
2021-10-29 00:42:25,618 [Listener at 127.0.0.1/33257] INFO  server.Server (Server.java:doStart(375)) - jetty-9.4.43.v20210629; built: 2021-06-30T11:07:22.254Z; git: 526006ecfa3af7f1a27ef3a288e2bef7ea9dd7e8; jvm 1.8.0_292-b10
2021-10-29 00:42:25,645 [Listener at 127.0.0.1/33257] INFO  server.session (DefaultSessionIdManager.java:doStart(334)) - DefaultSessionIdManager workerName=node0
2021-10-29 00:42:25,645 [Listener at 127.0.0.1/33257] INFO  server.session (DefaultSessionIdManager.java:doStart(339)) - No SessionScavenger set, using defaults
2021-10-29 00:42:25,645 [Listener at 127.0.0.1/33257] INFO  server.session (HouseKeeper.java:startScavenging(132)) - node0 Scavenging every 600000ms
2021-10-29 00:42:25,646 [Listener at 127.0.0.1/33257] INFO  handler.ContextHandler (ContextHandler.java:doStart(915)) - Started o.e.j.s.ServletContextHandler@752d0e18{logs,/logs,file:///home/runner/work/ozone/ozone/hadoop-ozone/integration-test/target/log,AVAILABLE}
2021-10-29 00:42:25,647 [Listener at 127.0.0.1/33257] INFO  handler.ContextHandler (ContextHandler.java:doStart(915)) - Started o.e.j.s.ServletContextHandler@5435a16e{static,/static,jar:file:/home/runner/.m2/repository/org/apache/ozone/hdds-container-service/1.2.0-SNAPSHOT/hdds-container-service-1.2.0-SNAPSHOT.jar!/webapps/static,AVAILABLE}
2021-10-29 00:42:25,647 [om1@group-C5BA1605619E-LeaderElection1] INFO  segmented.SegmentedRaftLogWorker (SegmentedRaftLogWorker.java:startLogSegment(394)) - om1@group-C5BA1605619E-SegmentedRaftLogWorker: Starting segment from index:0
2021-10-29 00:42:25,726 [om1@group-C5BA1605619E-LeaderElection1] INFO  server.RaftServer$Division (ServerState.java:setRaftConf(387)) - om1@group-C5BA1605619E: set configuration 0: [om1|rpc:localhost:37759|admin:|client:|dataStream:|priority:0], old=null
2021-10-29 00:42:25,741 [Listener at 127.0.0.1/33257] INFO  handler.ContextHandler (ContextHandler.java:doStart(915)) - Started o.e.j.w.WebAppContext@1aa79ed0{hddsDatanode,/,file:///tmp/jetty-0_0_0_0-36021-hdds-container-service-1_2_0-SNAPSHOT_jar-_-any-1644868311993032676/webapp/,AVAILABLE}{jar:file:/home/runner/.m2/repository/org/apache/ozone/hdds-container-service/1.2.0-SNAPSHOT/hdds-container-service-1.2.0-SNAPSHOT.jar!/webapps/hddsDatanode}
2021-10-29 00:42:25,744 [Listener at 127.0.0.1/33257] INFO  server.AbstractConnector (AbstractConnector.java:doStart(331)) - Started ServerConnector@dc11ed6{HTTP/1.1, (http/1.1)}{0.0.0.0:36021}
2021-10-29 00:42:25,744 [Listener at 127.0.0.1/33257] INFO  server.Server (Server.java:doStart(415)) - Started @7661ms
2021-10-29 00:42:25,745 [Listener at 127.0.0.1/33257] WARN  impl.MetricsSystemImpl (MetricsSystemImpl.java:register(279)) - Sink prometheus already exists!
2021-10-29 00:42:25,745 [Listener at 127.0.0.1/33257] INFO  http.BaseHttpServer (BaseHttpServer.java:updateConnectorAddress(329)) - HTTP server of hddsDatanode listening at http://0.0.0.0:36021
2021-10-29 00:42:25,746 [Listener at 127.0.0.1/33257] WARN  impl.MetricRegistriesImpl (MetricRegistriesImpl.java:addReporterRegistration(111)) - New reporters are added after registries were created. Some metrics will be missing from the reporter. Please add reporter before adding any new registry.
2021-10-29 00:42:25,746 [Listener at 127.0.0.1/33257] WARN  impl.MetricRegistriesImpl (MetricRegistriesImpl.java:addReporterRegistration(111)) - New reporters are added after registries were created. Some metrics will be missing from the reporter. Please add reporter before adding any new registry.
2021-10-29 00:42:25,746 [Listener at 127.0.0.1/33257] INFO  impl.MetricsSystemImpl (MetricsSystemImpl.java:init(158)) - HddsDatanode metrics system started (again)
2021-10-29 00:42:25,760 [Datanode State Machine Daemon Thread] INFO  statemachine.DatanodeStateMachine (DatanodeStateMachine.java:lambda$startDaemon$0(467)) - Ozone container server started.
2021-10-29 00:42:25,776 [Listener at 127.0.0.1/33257] INFO  ozone.HddsDatanodeService (HddsDatanodeService.java:start(234)) - HddsDatanodeService host:fv-az291-161.wgnan5asplgejimfprtllbpdch.jx.internal.cloudapp.net ip:10.1.0.32
2021-10-29 00:42:25,808 [om1@group-C5BA1605619E-SegmentedRaftLogWorker] INFO  segmented.SegmentedRaftLogWorker (SegmentedRaftLogWorker.java:execute(601)) - om1@group-C5BA1605619E-SegmentedRaftLogWorker: created new log segment /home/runner/work/ozone/ozone/hadoop-ozone/integration-test/target/test-dir/MiniOzoneClusterImpl-20f6a6ed-b629-410f-9e90-983c782471bd/ozone-meta/ratis/bf265839-605b-3f16-9796-c5ba1605619e/current/log_inprogress_0
2021-10-29 00:42:25,811 [Listener at 127.0.0.1/33257] INFO  upgrade.AbstractLayoutVersionManager (AbstractLayoutVersionManager.java:init(79)) - Initializing Layout version manager with metadata layout = SCM_HA (version = 2), software layout = SCM_HA (version = 2)
2021-10-29 00:42:25,817 [org.apache.hadoop.util.JvmPauseMonitor$Monitor@3324f5ea] INFO  util.JvmPauseMonitor (JvmPauseMonitor.java:run(188)) - Starting JVM pause monitor
2021-10-29 00:42:25,855 [Datanode State Machine Task Thread - 0] INFO  datanode.InitDatanodeState (InitDatanodeState.java:persistContainerDatanodeDetails(145)) - DatanodeDetails is persisted to /home/runner/work/ozone/ozone/hadoop-ozone/integration-test/target/test-dir/MiniOzoneClusterImpl-20f6a6ed-b629-410f-9e90-983c782471bd/datanode-1/meta/datanode.id
2021-10-29 00:42:25,884 [Listener at 127.0.0.1/33257] INFO  reflections.Reflections (Reflections.java:scan(232)) - Reflections took 65 ms to scan 7 urls, producing 119 keys and 279 values 
2021-10-29 00:42:25,885 [Listener at 127.0.0.1/33257] INFO  statemachine.DatanodeStateMachine (DatanodeStateMachine.java:getEndPointTaskThreadPoolSize(219)) - Datanode State Machine Task Thread Pool size 2
2021-10-29 00:42:25,888 [Listener at 127.0.0.1/33257] INFO  volume.HddsVolume (HddsVolume.java:<init>(120)) - Creating HddsVolume: /home/runner/work/ozone/ozone/hadoop-ozone/integration-test/target/test-dir/MiniOzoneClusterImpl-20f6a6ed-b629-410f-9e90-983c782471bd/datanode-2/data-0/containers/hdds of storage type : DISK capacity : 9223372036854775807
2021-10-29 00:42:25,888 [Listener at 127.0.0.1/33257] INFO  volume.MutableVolumeSet (MutableVolumeSet.java:initializeVolumeSet(168)) - Added Volume : /home/runner/work/ozone/ozone/hadoop-ozone/integration-test/target/test-dir/MiniOzoneClusterImpl-20f6a6ed-b629-410f-9e90-983c782471bd/datanode-2/data-0/containers/hdds to VolumeSet
2021-10-29 00:42:25,888 [Listener at 127.0.0.1/33257] INFO  volume.ThrottledAsyncChecker (ThrottledAsyncChecker.java:schedule(141)) - Scheduling a check for /home/runner/work/ozone/ozone/hadoop-ozone/integration-test/target/test-dir/MiniOzoneClusterImpl-20f6a6ed-b629-410f-9e90-983c782471bd/datanode-2/data-0/containers/hdds
2021-10-29 00:42:25,891 [Listener at 127.0.0.1/33257] INFO  volume.StorageVolumeChecker (StorageVolumeChecker.java:checkAllVolumes(202)) - Scheduled health check for volume /home/runner/work/ozone/ozone/hadoop-ozone/integration-test/target/test-dir/MiniOzoneClusterImpl-20f6a6ed-b629-410f-9e90-983c782471bd/datanode-2/data-0/containers/hdds
2021-10-29 00:42:25,906 [Listener at 127.0.0.1/33257] INFO  volume.MutableVolumeSet (MutableVolumeSet.java:initializeVolumeSet(168)) - Added Volume : /home/runner/work/ozone/ozone/hadoop-ozone/integration-test/target/test-dir/MiniOzoneClusterImpl-20f6a6ed-b629-410f-9e90-983c782471bd/datanode-2/data/ratis to VolumeSet
2021-10-29 00:42:25,906 [Listener at 127.0.0.1/33257] INFO  volume.ThrottledAsyncChecker (ThrottledAsyncChecker.java:schedule(141)) - Scheduling a check for /home/runner/work/ozone/ozone/hadoop-ozone/integration-test/target/test-dir/MiniOzoneClusterImpl-20f6a6ed-b629-410f-9e90-983c782471bd/datanode-2/data/ratis
2021-10-29 00:42:25,906 [Listener at 127.0.0.1/33257] INFO  volume.StorageVolumeChecker (StorageVolumeChecker.java:checkAllVolumes(202)) - Scheduled health check for volume /home/runner/work/ozone/ozone/hadoop-ozone/integration-test/target/test-dir/MiniOzoneClusterImpl-20f6a6ed-b629-410f-9e90-983c782471bd/datanode-2/data/ratis
2021-10-29 00:42:25,944 [Thread-157] INFO  ozoneimpl.ContainerReader (ContainerReader.java:readVolume(172)) - Finish verifying containers on volume /home/runner/work/ozone/ozone/hadoop-ozone/integration-test/target/test-dir/MiniOzoneClusterImpl-20f6a6ed-b629-410f-9e90-983c782471bd/datanode-2/data-0/containers/hdds
2021-10-29 00:42:25,944 [Listener at 127.0.0.1/33257] INFO  ozoneimpl.OzoneContainer (OzoneContainer.java:buildContainerSet(236)) - Build ContainerSet costs 0s
2021-10-29 00:42:25,947 [Listener at 127.0.0.1/33257] INFO  server.RaftServer (ConfUtils.java:logGet(44)) - raft.rpc.type = GRPC (default)
2021-10-29 00:42:25,947 [Listener at 127.0.0.1/33257] INFO  grpc.GrpcFactory (GrpcFactory.java:checkPooledByteBufAllocatorUseCacheForAllThreads(48)) - PERFORMANCE WARNING: useCacheForAllThreads is true that may cause Netty to create a lot garbage objects and, as a result, trigger GC.
	It is recommended to disable useCacheForAllThreads by setting -Dorg.apache.ratis.thirdparty.io.netty.allocator.useCacheForAllThreads=false in command line.
2021-10-29 00:42:25,947 [Listener at 127.0.0.1/33257] INFO  grpc.GrpcConfigKeys (ConfUtils.java:logGet(44)) - raft.grpc.admin.port = 0 (custom)
2021-10-29 00:42:25,948 [Listener at 127.0.0.1/33257] INFO  grpc.GrpcConfigKeys (ConfUtils.java:logGet(44)) - raft.grpc.client.port = 0 (custom)
2021-10-29 00:42:25,948 [Listener at 127.0.0.1/33257] INFO  grpc.GrpcConfigKeys (ConfUtils.java:logGet(44)) - raft.grpc.server.port = 0 (default)
2021-10-29 00:42:25,948 [Listener at 127.0.0.1/33257] INFO  server.GrpcService (ConfUtils.java:logGet(44)) - raft.grpc.message.size.max = 32MB (=33554432) (custom)
2021-10-29 00:42:25,948 [Listener at 127.0.0.1/33257] INFO  server.RaftServerConfigKeys (ConfUtils.java:logGet(44)) - raft.server.log.appender.buffer.byte-limit = 33554432 (custom)
2021-10-29 00:42:25,948 [Listener at 127.0.0.1/33257] INFO  server.GrpcService (ConfUtils.java:logGet(44)) - raft.grpc.flow.control.window = 5MB (=5242880) (custom)
2021-10-29 00:42:25,948 [Listener at 127.0.0.1/33257] INFO  server.RaftServerConfigKeys (ConfUtils.java:logGet(44)) - raft.server.rpc.request.timeout = 60s (custom)
2021-10-29 00:42:25,952 [Listener at 127.0.0.1/33257] INFO  impl.DataStreamServerImpl (ConfUtils.java:logGet(44)) - raft.datastream.type = DISABLED (default)
2021-10-29 00:42:25,953 [Listener at 127.0.0.1/33257] INFO  server.RaftServerConfigKeys (ConfUtils.java:logGet(44)) - raft.server.rpc.slowness.timeout = 300s (custom)
2021-10-29 00:42:25,953 [Listener at 127.0.0.1/33257] INFO  server.RaftServerConfigKeys (ConfUtils.java:logGet(44)) - raft.server.leaderelection.leader.step-down.wait-time = 10s (default)
2021-10-29 00:42:25,953 [Listener at 127.0.0.1/33257] INFO  server.RaftServerConfigKeys (ConfUtils.java:logGet(44)) - raft.server.storage.dir = [/home/runner/work/ozone/ozone/hadoop-ozone/integration-test/target/test-dir/MiniOzoneClusterImpl-20f6a6ed-b629-410f-9e90-983c782471bd/datanode-2/data/ratis] (custom)
2021-10-29 00:42:25,958 [Listener at 127.0.0.1/33257] INFO  http.BaseHttpServer (BaseHttpServer.java:newHttpServer2BuilderForOzone(209)) - Starting Web-server for hddsDatanode at: http://0.0.0.0:0
2021-10-29 00:42:25,958 [Listener at 127.0.0.1/33257] INFO  http.BaseHttpServer (BaseHttpServer.java:<init>(107)) - Hadoop Security Enabled: false Ozone Security Enabled: false Ozone HTTP Security Enabled: false 
2021-10-29 00:42:25,959 [Listener at 127.0.0.1/33257] INFO  server.AuthenticationFilter (AuthenticationFilter.java:constructSecretProvider(240)) - Unable to initialize FileSignerSecretProvider, falling back to use random secrets.
2021-10-29 00:42:25,964 [Listener at 127.0.0.1/33257] WARN  http.HttpRequestLog (HttpRequestLog.java:getRequestLog(103)) - Jetty request log can only be enabled using Log4j
2021-10-29 00:42:25,966 [Listener at 127.0.0.1/33257] INFO  http.HttpServer2 (HttpServer2.java:addGlobalFilter(1030)) - Added global filter 'safety' (class=org.apache.hadoop.hdds.server.http.HttpServer2$QuotingInputFilter)
2021-10-29 00:42:25,966 [Listener at 127.0.0.1/33257] INFO  http.HttpServer2 (HttpServer2.java:addFilter(1006)) - Added filter static_user_filter (class=org.apache.hadoop.http.lib.StaticUserWebFilter$StaticUserFilter) to context hddsDatanode
2021-10-29 00:42:25,967 [Listener at 127.0.0.1/33257] INFO  http.HttpServer2 (HttpServer2.java:addFilter(1014)) - Added filter static_user_filter (class=org.apache.hadoop.http.lib.StaticUserWebFilter$StaticUserFilter) to context static
2021-10-29 00:42:25,967 [Listener at 127.0.0.1/33257] INFO  http.HttpServer2 (HttpServer2.java:addFilter(1014)) - Added filter static_user_filter (class=org.apache.hadoop.http.lib.StaticUserWebFilter$StaticUserFilter) to context logs
2021-10-29 00:42:25,967 [Listener at 127.0.0.1/33257] INFO  http.HttpServer2 (HttpServer2.java:bindListener(1249)) - Jetty bound to port 39339
2021-10-29 00:42:25,967 [Listener at 127.0.0.1/33257] INFO  server.Server (Server.java:doStart(375)) - jetty-9.4.43.v20210629; built: 2021-06-30T11:07:22.254Z; git: 526006ecfa3af7f1a27ef3a288e2bef7ea9dd7e8; jvm 1.8.0_292-b10
2021-10-29 00:42:25,970 [Listener at 127.0.0.1/33257] INFO  server.session (DefaultSessionIdManager.java:doStart(334)) - DefaultSessionIdManager workerName=node0
2021-10-29 00:42:25,970 [Listener at 127.0.0.1/33257] INFO  server.session (DefaultSessionIdManager.java:doStart(339)) - No SessionScavenger set, using defaults
2021-10-29 00:42:25,971 [Listener at 127.0.0.1/33257] INFO  server.session (HouseKeeper.java:startScavenging(132)) - node0 Scavenging every 600000ms
2021-10-29 00:42:25,971 [Listener at 127.0.0.1/33257] INFO  handler.ContextHandler (ContextHandler.java:doStart(915)) - Started o.e.j.s.ServletContextHandler@6ffe4c47{logs,/logs,file:///home/runner/work/ozone/ozone/hadoop-ozone/integration-test/target/log,AVAILABLE}
2021-10-29 00:42:25,972 [Listener at 127.0.0.1/33257] INFO  handler.ContextHandler (ContextHandler.java:doStart(915)) - Started o.e.j.s.ServletContextHandler@117c83ef{static,/static,jar:file:/home/runner/.m2/repository/org/apache/ozone/hdds-container-service/1.2.0-SNAPSHOT/hdds-container-service-1.2.0-SNAPSHOT.jar!/webapps/static,AVAILABLE}
2021-10-29 00:42:26,001 [om1@group-C5BA1605619E-StateMachineUpdater] INFO  ratis.OzoneManagerStateMachine (OzoneManagerStateMachine.java:notifyConfigurationChanged(188)) - Received Configuration change notification from Ratis. New Peer list:
[id: "om1"
address: "localhost:37759"
]
2021-10-29 00:42:26,018 [Listener at 127.0.0.1/33257] INFO  handler.ContextHandler (ContextHandler.java:doStart(915)) - Started o.e.j.w.WebAppContext@273cf074{hddsDatanode,/,file:///tmp/jetty-0_0_0_0-39339-hdds-container-service-1_2_0-SNAPSHOT_jar-_-any-194133820197538049/webapp/,AVAILABLE}{jar:file:/home/runner/.m2/repository/org/apache/ozone/hdds-container-service/1.2.0-SNAPSHOT/hdds-container-service-1.2.0-SNAPSHOT.jar!/webapps/hddsDatanode}
2021-10-29 00:42:26,019 [Listener at 127.0.0.1/33257] INFO  server.AbstractConnector (AbstractConnector.java:doStart(331)) - Started ServerConnector@593c19ef{HTTP/1.1, (http/1.1)}{0.0.0.0:39339}
2021-10-29 00:42:26,019 [Listener at 127.0.0.1/33257] INFO  server.Server (Server.java:doStart(415)) - Started @7936ms
2021-10-29 00:42:26,019 [Listener at 127.0.0.1/33257] WARN  impl.MetricsSystemImpl (MetricsSystemImpl.java:register(279)) - Sink prometheus already exists!
2021-10-29 00:42:26,020 [Listener at 127.0.0.1/33257] INFO  http.BaseHttpServer (BaseHttpServer.java:updateConnectorAddress(329)) - HTTP server of hddsDatanode listening at http://0.0.0.0:39339
2021-10-29 00:42:26,024 [Listener at 127.0.0.1/33257] WARN  impl.MetricRegistriesImpl (MetricRegistriesImpl.java:addReporterRegistration(111)) - New reporters are added after registries were created. Some metrics will be missing from the reporter. Please add reporter before adding any new registry.
2021-10-29 00:42:26,024 [Listener at 127.0.0.1/33257] WARN  impl.MetricRegistriesImpl (MetricRegistriesImpl.java:addReporterRegistration(111)) - New reporters are added after registries were created. Some metrics will be missing from the reporter. Please add reporter before adding any new registry.
2021-10-29 00:42:26,024 [Listener at 127.0.0.1/33257] INFO  impl.MetricsSystemImpl (MetricsSystemImpl.java:init(158)) - HddsDatanode metrics system started (again)
2021-10-29 00:42:26,036 [Datanode State Machine Daemon Thread] INFO  statemachine.DatanodeStateMachine (DatanodeStateMachine.java:lambda$startDaemon$0(467)) - Ozone container server started.
2021-10-29 00:42:26,052 [org.apache.hadoop.util.JvmPauseMonitor$Monitor@257970fc] INFO  util.JvmPauseMonitor (JvmPauseMonitor.java:run(188)) - Starting JVM pause monitor
2021-10-29 00:42:26,055 [Listener at 127.0.0.1/33257] INFO  ozone.HddsDatanodeService (HddsDatanodeService.java:start(234)) - HddsDatanodeService host:fv-az291-161.wgnan5asplgejimfprtllbpdch.jx.internal.cloudapp.net ip:10.1.0.32
2021-10-29 00:42:26,057 [Datanode State Machine Task Thread - 0] INFO  datanode.InitDatanodeState (InitDatanodeState.java:persistContainerDatanodeDetails(145)) - DatanodeDetails is persisted to /home/runner/work/ozone/ozone/hadoop-ozone/integration-test/target/test-dir/MiniOzoneClusterImpl-20f6a6ed-b629-410f-9e90-983c782471bd/datanode-2/meta/datanode.id
2021-10-29 00:42:26,084 [Listener at 127.0.0.1/33257] INFO  upgrade.AbstractLayoutVersionManager (AbstractLayoutVersionManager.java:init(79)) - Initializing Layout version manager with metadata layout = SCM_HA (version = 2), software layout = SCM_HA (version = 2)
2021-10-29 00:42:26,126 [Listener at 127.0.0.1/33257] INFO  reflections.Reflections (Reflections.java:scan(232)) - Reflections took 41 ms to scan 7 urls, producing 119 keys and 279 values 
2021-10-29 00:42:26,127 [Listener at 127.0.0.1/33257] INFO  statemachine.DatanodeStateMachine (DatanodeStateMachine.java:getEndPointTaskThreadPoolSize(219)) - Datanode State Machine Task Thread Pool size 2
2021-10-29 00:42:26,135 [Listener at 127.0.0.1/33257] INFO  volume.HddsVolume (HddsVolume.java:<init>(120)) - Creating HddsVolume: /home/runner/work/ozone/ozone/hadoop-ozone/integration-test/target/test-dir/MiniOzoneClusterImpl-20f6a6ed-b629-410f-9e90-983c782471bd/datanode-3/data-0/containers/hdds of storage type : DISK capacity : 9223372036854775807
2021-10-29 00:42:26,135 [Listener at 127.0.0.1/33257] INFO  volume.MutableVolumeSet (MutableVolumeSet.java:initializeVolumeSet(168)) - Added Volume : /home/runner/work/ozone/ozone/hadoop-ozone/integration-test/target/test-dir/MiniOzoneClusterImpl-20f6a6ed-b629-410f-9e90-983c782471bd/datanode-3/data-0/containers/hdds to VolumeSet
2021-10-29 00:42:26,142 [Listener at 127.0.0.1/33257] INFO  volume.ThrottledAsyncChecker (ThrottledAsyncChecker.java:schedule(141)) - Scheduling a check for /home/runner/work/ozone/ozone/hadoop-ozone/integration-test/target/test-dir/MiniOzoneClusterImpl-20f6a6ed-b629-410f-9e90-983c782471bd/datanode-3/data-0/containers/hdds
2021-10-29 00:42:26,144 [Listener at 127.0.0.1/33257] INFO  volume.StorageVolumeChecker (StorageVolumeChecker.java:checkAllVolumes(202)) - Scheduled health check for volume /home/runner/work/ozone/ozone/hadoop-ozone/integration-test/target/test-dir/MiniOzoneClusterImpl-20f6a6ed-b629-410f-9e90-983c782471bd/datanode-3/data-0/containers/hdds
2021-10-29 00:42:26,163 [Listener at 127.0.0.1/33257] INFO  volume.MutableVolumeSet (MutableVolumeSet.java:initializeVolumeSet(168)) - Added Volume : /home/runner/work/ozone/ozone/hadoop-ozone/integration-test/target/test-dir/MiniOzoneClusterImpl-20f6a6ed-b629-410f-9e90-983c782471bd/datanode-3/data/ratis to VolumeSet
2021-10-29 00:42:26,163 [Listener at 127.0.0.1/33257] INFO  volume.ThrottledAsyncChecker (ThrottledAsyncChecker.java:schedule(141)) - Scheduling a check for /home/runner/work/ozone/ozone/hadoop-ozone/integration-test/target/test-dir/MiniOzoneClusterImpl-20f6a6ed-b629-410f-9e90-983c782471bd/datanode-3/data/ratis
2021-10-29 00:42:26,164 [Listener at 127.0.0.1/33257] INFO  volume.StorageVolumeChecker (StorageVolumeChecker.java:checkAllVolumes(202)) - Scheduled health check for volume /home/runner/work/ozone/ozone/hadoop-ozone/integration-test/target/test-dir/MiniOzoneClusterImpl-20f6a6ed-b629-410f-9e90-983c782471bd/datanode-3/data/ratis
2021-10-29 00:42:26,178 [Thread-169] INFO  ozoneimpl.ContainerReader (ContainerReader.java:readVolume(172)) - Finish verifying containers on volume /home/runner/work/ozone/ozone/hadoop-ozone/integration-test/target/test-dir/MiniOzoneClusterImpl-20f6a6ed-b629-410f-9e90-983c782471bd/datanode-3/data-0/containers/hdds
2021-10-29 00:42:26,178 [Listener at 127.0.0.1/33257] INFO  ozoneimpl.OzoneContainer (OzoneContainer.java:buildContainerSet(236)) - Build ContainerSet costs 0s
2021-10-29 00:42:26,180 [ReplicationMonitor] INFO  container.ReplicationManager (ReplicationManager.java:processAll(371)) - Replication Monitor Thread took 0 milliseconds for processing 0 containers.
2021-10-29 00:42:26,183 [Listener at 127.0.0.1/33257] INFO  server.RaftServer (ConfUtils.java:logGet(44)) - raft.rpc.type = GRPC (default)
2021-10-29 00:42:26,183 [Listener at 127.0.0.1/33257] INFO  grpc.GrpcFactory (GrpcFactory.java:checkPooledByteBufAllocatorUseCacheForAllThreads(48)) - PERFORMANCE WARNING: useCacheForAllThreads is true that may cause Netty to create a lot garbage objects and, as a result, trigger GC.
	It is recommended to disable useCacheForAllThreads by setting -Dorg.apache.ratis.thirdparty.io.netty.allocator.useCacheForAllThreads=false in command line.
2021-10-29 00:42:26,183 [Listener at 127.0.0.1/33257] INFO  grpc.GrpcConfigKeys (ConfUtils.java:logGet(44)) - raft.grpc.admin.port = 0 (custom)
2021-10-29 00:42:26,183 [Listener at 127.0.0.1/33257] INFO  grpc.GrpcConfigKeys (ConfUtils.java:logGet(44)) - raft.grpc.client.port = 0 (custom)
2021-10-29 00:42:26,185 [Listener at 127.0.0.1/33257] INFO  grpc.GrpcConfigKeys (ConfUtils.java:logGet(44)) - raft.grpc.server.port = 0 (default)
2021-10-29 00:42:26,185 [Listener at 127.0.0.1/33257] INFO  server.GrpcService (ConfUtils.java:logGet(44)) - raft.grpc.message.size.max = 32MB (=33554432) (custom)
2021-10-29 00:42:26,185 [Listener at 127.0.0.1/33257] INFO  server.RaftServerConfigKeys (ConfUtils.java:logGet(44)) - raft.server.log.appender.buffer.byte-limit = 33554432 (custom)
2021-10-29 00:42:26,185 [Listener at 127.0.0.1/33257] INFO  server.GrpcService (ConfUtils.java:logGet(44)) - raft.grpc.flow.control.window = 5MB (=5242880) (custom)
2021-10-29 00:42:26,186 [Listener at 127.0.0.1/33257] INFO  server.RaftServerConfigKeys (ConfUtils.java:logGet(44)) - raft.server.rpc.request.timeout = 60s (custom)
2021-10-29 00:42:26,187 [Listener at 127.0.0.1/33257] INFO  impl.DataStreamServerImpl (ConfUtils.java:logGet(44)) - raft.datastream.type = DISABLED (default)
2021-10-29 00:42:26,188 [Listener at 127.0.0.1/33257] INFO  server.RaftServerConfigKeys (ConfUtils.java:logGet(44)) - raft.server.rpc.slowness.timeout = 300s (custom)
2021-10-29 00:42:26,188 [Listener at 127.0.0.1/33257] INFO  server.RaftServerConfigKeys (ConfUtils.java:logGet(44)) - raft.server.leaderelection.leader.step-down.wait-time = 10s (default)
2021-10-29 00:42:26,188 [Listener at 127.0.0.1/33257] INFO  server.RaftServerConfigKeys (ConfUtils.java:logGet(44)) - raft.server.storage.dir = [/home/runner/work/ozone/ozone/hadoop-ozone/integration-test/target/test-dir/MiniOzoneClusterImpl-20f6a6ed-b629-410f-9e90-983c782471bd/datanode-3/data/ratis] (custom)
2021-10-29 00:42:26,193 [Listener at 127.0.0.1/33257] INFO  http.BaseHttpServer (BaseHttpServer.java:newHttpServer2BuilderForOzone(209)) - Starting Web-server for hddsDatanode at: http://0.0.0.0:0
2021-10-29 00:42:26,194 [Listener at 127.0.0.1/33257] INFO  http.BaseHttpServer (BaseHttpServer.java:<init>(107)) - Hadoop Security Enabled: false Ozone Security Enabled: false Ozone HTTP Security Enabled: false 
2021-10-29 00:42:26,195 [Listener at 127.0.0.1/33257] INFO  server.AuthenticationFilter (AuthenticationFilter.java:constructSecretProvider(240)) - Unable to initialize FileSignerSecretProvider, falling back to use random secrets.
2021-10-29 00:42:26,197 [Listener at 127.0.0.1/33257] WARN  http.HttpRequestLog (HttpRequestLog.java:getRequestLog(103)) - Jetty request log can only be enabled using Log4j
2021-10-29 00:42:26,198 [Listener at 127.0.0.1/33257] INFO  http.HttpServer2 (HttpServer2.java:addGlobalFilter(1030)) - Added global filter 'safety' (class=org.apache.hadoop.hdds.server.http.HttpServer2$QuotingInputFilter)
2021-10-29 00:42:26,199 [Listener at 127.0.0.1/33257] INFO  http.HttpServer2 (HttpServer2.java:addFilter(1006)) - Added filter static_user_filter (class=org.apache.hadoop.http.lib.StaticUserWebFilter$StaticUserFilter) to context hddsDatanode
2021-10-29 00:42:26,199 [Listener at 127.0.0.1/33257] INFO  http.HttpServer2 (HttpServer2.java:addFilter(1014)) - Added filter static_user_filter (class=org.apache.hadoop.http.lib.StaticUserWebFilter$StaticUserFilter) to context static
2021-10-29 00:42:26,199 [Listener at 127.0.0.1/33257] INFO  http.HttpServer2 (HttpServer2.java:addFilter(1014)) - Added filter static_user_filter (class=org.apache.hadoop.http.lib.StaticUserWebFilter$StaticUserFilter) to context logs
2021-10-29 00:42:26,199 [Listener at 127.0.0.1/33257] INFO  http.HttpServer2 (HttpServer2.java:bindListener(1249)) - Jetty bound to port 33217
2021-10-29 00:42:26,200 [Listener at 127.0.0.1/33257] INFO  server.Server (Server.java:doStart(375)) - jetty-9.4.43.v20210629; built: 2021-06-30T11:07:22.254Z; git: 526006ecfa3af7f1a27ef3a288e2bef7ea9dd7e8; jvm 1.8.0_292-b10
2021-10-29 00:42:26,201 [Listener at 127.0.0.1/33257] INFO  server.session (DefaultSessionIdManager.java:doStart(334)) - DefaultSessionIdManager workerName=node0
2021-10-29 00:42:26,201 [Listener at 127.0.0.1/33257] INFO  server.session (DefaultSessionIdManager.java:doStart(339)) - No SessionScavenger set, using defaults
2021-10-29 00:42:26,202 [Listener at 127.0.0.1/33257] INFO  server.session (HouseKeeper.java:startScavenging(132)) - node0 Scavenging every 600000ms
2021-10-29 00:42:26,202 [Listener at 127.0.0.1/33257] INFO  handler.ContextHandler (ContextHandler.java:doStart(915)) - Started o.e.j.s.ServletContextHandler@6c028667{logs,/logs,file:///home/runner/work/ozone/ozone/hadoop-ozone/integration-test/target/log,AVAILABLE}
2021-10-29 00:42:26,203 [Listener at 127.0.0.1/33257] INFO  handler.ContextHandler (ContextHandler.java:doStart(915)) - Started o.e.j.s.ServletContextHandler@583fe04d{static,/static,jar:file:/home/runner/.m2/repository/org/apache/ozone/hdds-container-service/1.2.0-SNAPSHOT/hdds-container-service-1.2.0-SNAPSHOT.jar!/webapps/static,AVAILABLE}
2021-10-29 00:42:26,261 [Listener at 127.0.0.1/33257] INFO  handler.ContextHandler (ContextHandler.java:doStart(915)) - Started o.e.j.w.WebAppContext@38145df7{hddsDatanode,/,file:///tmp/jetty-0_0_0_0-33217-hdds-container-service-1_2_0-SNAPSHOT_jar-_-any-7067608164097140450/webapp/,AVAILABLE}{jar:file:/home/runner/.m2/repository/org/apache/ozone/hdds-container-service/1.2.0-SNAPSHOT/hdds-container-service-1.2.0-SNAPSHOT.jar!/webapps/hddsDatanode}
2021-10-29 00:42:26,262 [Listener at 127.0.0.1/33257] INFO  server.AbstractConnector (AbstractConnector.java:doStart(331)) - Started ServerConnector@590838b6{HTTP/1.1, (http/1.1)}{0.0.0.0:33217}
2021-10-29 00:42:26,263 [Listener at 127.0.0.1/33257] INFO  server.Server (Server.java:doStart(415)) - Started @8179ms
2021-10-29 00:42:26,263 [Listener at 127.0.0.1/33257] WARN  impl.MetricsSystemImpl (MetricsSystemImpl.java:register(279)) - Sink prometheus already exists!
2021-10-29 00:42:26,263 [Listener at 127.0.0.1/33257] INFO  http.BaseHttpServer (BaseHttpServer.java:updateConnectorAddress(329)) - HTTP server of hddsDatanode listening at http://0.0.0.0:33217
2021-10-29 00:42:26,268 [Listener at 127.0.0.1/33257] WARN  impl.MetricRegistriesImpl (MetricRegistriesImpl.java:addReporterRegistration(111)) - New reporters are added after registries were created. Some metrics will be missing from the reporter. Please add reporter before adding any new registry.
2021-10-29 00:42:26,268 [Listener at 127.0.0.1/33257] WARN  impl.MetricRegistriesImpl (MetricRegistriesImpl.java:addReporterRegistration(111)) - New reporters are added after registries were created. Some metrics will be missing from the reporter. Please add reporter before adding any new registry.
2021-10-29 00:42:26,268 [Listener at 127.0.0.1/33257] INFO  impl.MetricsSystemImpl (MetricsSystemImpl.java:init(158)) - HddsDatanode metrics system started (again)
2021-10-29 00:42:26,276 [Datanode State Machine Daemon Thread] INFO  statemachine.DatanodeStateMachine (DatanodeStateMachine.java:lambda$startDaemon$0(467)) - Ozone container server started.
2021-10-29 00:42:26,288 [org.apache.hadoop.util.JvmPauseMonitor$Monitor@3d84302d] INFO  util.JvmPauseMonitor (JvmPauseMonitor.java:run(188)) - Starting JVM pause monitor
2021-10-29 00:42:26,297 [Datanode State Machine Task Thread - 0] INFO  datanode.InitDatanodeState (InitDatanodeState.java:persistContainerDatanodeDetails(145)) - DatanodeDetails is persisted to /home/runner/work/ozone/ozone/hadoop-ozone/integration-test/target/test-dir/MiniOzoneClusterImpl-20f6a6ed-b629-410f-9e90-983c782471bd/datanode-3/meta/datanode.id
2021-10-29 00:42:26,299 [Listener at 127.0.0.1/33257] INFO  ozone.HddsDatanodeService (HddsDatanodeService.java:start(234)) - HddsDatanodeService host:fv-az291-161.wgnan5asplgejimfprtllbpdch.jx.internal.cloudapp.net ip:10.1.0.32
2021-10-29 00:42:26,327 [Listener at 127.0.0.1/33257] INFO  upgrade.AbstractLayoutVersionManager (AbstractLayoutVersionManager.java:init(79)) - Initializing Layout version manager with metadata layout = SCM_HA (version = 2), software layout = SCM_HA (version = 2)
2021-10-29 00:42:26,373 [Listener at 127.0.0.1/33257] INFO  reflections.Reflections (Reflections.java:scan(232)) - Reflections took 44 ms to scan 7 urls, producing 119 keys and 279 values 
2021-10-29 00:42:26,376 [Listener at 127.0.0.1/33257] INFO  statemachine.DatanodeStateMachine (DatanodeStateMachine.java:getEndPointTaskThreadPoolSize(219)) - Datanode State Machine Task Thread Pool size 2
2021-10-29 00:42:26,382 [Listener at 127.0.0.1/33257] INFO  volume.HddsVolume (HddsVolume.java:<init>(120)) - Creating HddsVolume: /home/runner/work/ozone/ozone/hadoop-ozone/integration-test/target/test-dir/MiniOzoneClusterImpl-20f6a6ed-b629-410f-9e90-983c782471bd/datanode-4/data-0/containers/hdds of storage type : DISK capacity : 9223372036854775807
2021-10-29 00:42:26,382 [Listener at 127.0.0.1/33257] INFO  volume.MutableVolumeSet (MutableVolumeSet.java:initializeVolumeSet(168)) - Added Volume : /home/runner/work/ozone/ozone/hadoop-ozone/integration-test/target/test-dir/MiniOzoneClusterImpl-20f6a6ed-b629-410f-9e90-983c782471bd/datanode-4/data-0/containers/hdds to VolumeSet
2021-10-29 00:42:26,383 [Listener at 127.0.0.1/33257] INFO  volume.ThrottledAsyncChecker (ThrottledAsyncChecker.java:schedule(141)) - Scheduling a check for /home/runner/work/ozone/ozone/hadoop-ozone/integration-test/target/test-dir/MiniOzoneClusterImpl-20f6a6ed-b629-410f-9e90-983c782471bd/datanode-4/data-0/containers/hdds
2021-10-29 00:42:26,383 [Listener at 127.0.0.1/33257] INFO  volume.StorageVolumeChecker (StorageVolumeChecker.java:checkAllVolumes(202)) - Scheduled health check for volume /home/runner/work/ozone/ozone/hadoop-ozone/integration-test/target/test-dir/MiniOzoneClusterImpl-20f6a6ed-b629-410f-9e90-983c782471bd/datanode-4/data-0/containers/hdds
2021-10-29 00:42:26,401 [Listener at 127.0.0.1/33257] INFO  volume.MutableVolumeSet (MutableVolumeSet.java:initializeVolumeSet(168)) - Added Volume : /home/runner/work/ozone/ozone/hadoop-ozone/integration-test/target/test-dir/MiniOzoneClusterImpl-20f6a6ed-b629-410f-9e90-983c782471bd/datanode-4/data/ratis to VolumeSet
2021-10-29 00:42:26,401 [Listener at 127.0.0.1/33257] INFO  volume.ThrottledAsyncChecker (ThrottledAsyncChecker.java:schedule(141)) - Scheduling a check for /home/runner/work/ozone/ozone/hadoop-ozone/integration-test/target/test-dir/MiniOzoneClusterImpl-20f6a6ed-b629-410f-9e90-983c782471bd/datanode-4/data/ratis
2021-10-29 00:42:26,401 [Listener at 127.0.0.1/33257] INFO  volume.StorageVolumeChecker (StorageVolumeChecker.java:checkAllVolumes(202)) - Scheduled health check for volume /home/runner/work/ozone/ozone/hadoop-ozone/integration-test/target/test-dir/MiniOzoneClusterImpl-20f6a6ed-b629-410f-9e90-983c782471bd/datanode-4/data/ratis
2021-10-29 00:42:26,418 [Thread-181] INFO  ozoneimpl.ContainerReader (ContainerReader.java:readVolume(172)) - Finish verifying containers on volume /home/runner/work/ozone/ozone/hadoop-ozone/integration-test/target/test-dir/MiniOzoneClusterImpl-20f6a6ed-b629-410f-9e90-983c782471bd/datanode-4/data-0/containers/hdds
2021-10-29 00:42:26,418 [Listener at 127.0.0.1/33257] INFO  ozoneimpl.OzoneContainer (OzoneContainer.java:buildContainerSet(236)) - Build ContainerSet costs 0s
2021-10-29 00:42:26,421 [Listener at 127.0.0.1/33257] INFO  server.RaftServer (ConfUtils.java:logGet(44)) - raft.rpc.type = GRPC (default)
2021-10-29 00:42:26,422 [Listener at 127.0.0.1/33257] INFO  grpc.GrpcFactory (GrpcFactory.java:checkPooledByteBufAllocatorUseCacheForAllThreads(48)) - PERFORMANCE WARNING: useCacheForAllThreads is true that may cause Netty to create a lot garbage objects and, as a result, trigger GC.
	It is recommended to disable useCacheForAllThreads by setting -Dorg.apache.ratis.thirdparty.io.netty.allocator.useCacheForAllThreads=false in command line.
2021-10-29 00:42:26,423 [Listener at 127.0.0.1/33257] INFO  grpc.GrpcConfigKeys (ConfUtils.java:logGet(44)) - raft.grpc.admin.port = 0 (custom)
2021-10-29 00:42:26,423 [Listener at 127.0.0.1/33257] INFO  grpc.GrpcConfigKeys (ConfUtils.java:logGet(44)) - raft.grpc.client.port = 0 (custom)
2021-10-29 00:42:26,423 [Listener at 127.0.0.1/33257] INFO  grpc.GrpcConfigKeys (ConfUtils.java:logGet(44)) - raft.grpc.server.port = 0 (default)
2021-10-29 00:42:26,423 [Listener at 127.0.0.1/33257] INFO  server.GrpcService (ConfUtils.java:logGet(44)) - raft.grpc.message.size.max = 32MB (=33554432) (custom)
2021-10-29 00:42:26,423 [Listener at 127.0.0.1/33257] INFO  server.RaftServerConfigKeys (ConfUtils.java:logGet(44)) - raft.server.log.appender.buffer.byte-limit = 33554432 (custom)
2021-10-29 00:42:26,423 [Listener at 127.0.0.1/33257] INFO  server.GrpcService (ConfUtils.java:logGet(44)) - raft.grpc.flow.control.window = 5MB (=5242880) (custom)
2021-10-29 00:42:26,424 [Listener at 127.0.0.1/33257] INFO  server.RaftServerConfigKeys (ConfUtils.java:logGet(44)) - raft.server.rpc.request.timeout = 60s (custom)
2021-10-29 00:42:26,425 [Listener at 127.0.0.1/33257] INFO  impl.DataStreamServerImpl (ConfUtils.java:logGet(44)) - raft.datastream.type = DISABLED (default)
2021-10-29 00:42:26,425 [Listener at 127.0.0.1/33257] INFO  server.RaftServerConfigKeys (ConfUtils.java:logGet(44)) - raft.server.rpc.slowness.timeout = 300s (custom)
2021-10-29 00:42:26,425 [Listener at 127.0.0.1/33257] INFO  server.RaftServerConfigKeys (ConfUtils.java:logGet(44)) - raft.server.leaderelection.leader.step-down.wait-time = 10s (default)
2021-10-29 00:42:26,425 [Listener at 127.0.0.1/33257] INFO  server.RaftServerConfigKeys (ConfUtils.java:logGet(44)) - raft.server.storage.dir = [/home/runner/work/ozone/ozone/hadoop-ozone/integration-test/target/test-dir/MiniOzoneClusterImpl-20f6a6ed-b629-410f-9e90-983c782471bd/datanode-4/data/ratis] (custom)
2021-10-29 00:42:26,430 [Listener at 127.0.0.1/33257] INFO  http.BaseHttpServer (BaseHttpServer.java:newHttpServer2BuilderForOzone(209)) - Starting Web-server for hddsDatanode at: http://0.0.0.0:0
2021-10-29 00:42:26,430 [Listener at 127.0.0.1/33257] INFO  http.BaseHttpServer (BaseHttpServer.java:<init>(107)) - Hadoop Security Enabled: false Ozone Security Enabled: false Ozone HTTP Security Enabled: false 
2021-10-29 00:42:26,431 [Listener at 127.0.0.1/33257] INFO  server.AuthenticationFilter (AuthenticationFilter.java:constructSecretProvider(240)) - Unable to initialize FileSignerSecretProvider, falling back to use random secrets.
2021-10-29 00:42:26,434 [Listener at 127.0.0.1/33257] WARN  http.HttpRequestLog (HttpRequestLog.java:getRequestLog(103)) - Jetty request log can only be enabled using Log4j
2021-10-29 00:42:26,434 [Listener at 127.0.0.1/33257] INFO  http.HttpServer2 (HttpServer2.java:addGlobalFilter(1030)) - Added global filter 'safety' (class=org.apache.hadoop.hdds.server.http.HttpServer2$QuotingInputFilter)
2021-10-29 00:42:26,435 [Listener at 127.0.0.1/33257] INFO  http.HttpServer2 (HttpServer2.java:addFilter(1006)) - Added filter static_user_filter (class=org.apache.hadoop.http.lib.StaticUserWebFilter$StaticUserFilter) to context hddsDatanode
2021-10-29 00:42:26,435 [Listener at 127.0.0.1/33257] INFO  http.HttpServer2 (HttpServer2.java:addFilter(1014)) - Added filter static_user_filter (class=org.apache.hadoop.http.lib.StaticUserWebFilter$StaticUserFilter) to context static
2021-10-29 00:42:26,435 [Listener at 127.0.0.1/33257] INFO  http.HttpServer2 (HttpServer2.java:addFilter(1014)) - Added filter static_user_filter (class=org.apache.hadoop.http.lib.StaticUserWebFilter$StaticUserFilter) to context logs
2021-10-29 00:42:26,439 [Listener at 127.0.0.1/33257] INFO  http.HttpServer2 (HttpServer2.java:bindListener(1249)) - Jetty bound to port 42263
2021-10-29 00:42:26,439 [Listener at 127.0.0.1/33257] INFO  server.Server (Server.java:doStart(375)) - jetty-9.4.43.v20210629; built: 2021-06-30T11:07:22.254Z; git: 526006ecfa3af7f1a27ef3a288e2bef7ea9dd7e8; jvm 1.8.0_292-b10
2021-10-29 00:42:26,442 [Listener at 127.0.0.1/33257] INFO  server.session (DefaultSessionIdManager.java:doStart(334)) - DefaultSessionIdManager workerName=node0
2021-10-29 00:42:26,442 [Listener at 127.0.0.1/33257] INFO  server.session (DefaultSessionIdManager.java:doStart(339)) - No SessionScavenger set, using defaults
2021-10-29 00:42:26,442 [Listener at 127.0.0.1/33257] INFO  server.session (HouseKeeper.java:startScavenging(132)) - node0 Scavenging every 660000ms
2021-10-29 00:42:26,443 [Listener at 127.0.0.1/33257] INFO  handler.ContextHandler (ContextHandler.java:doStart(915)) - Started o.e.j.s.ServletContextHandler@a6cab1{logs,/logs,file:///home/runner/work/ozone/ozone/hadoop-ozone/integration-test/target/log,AVAILABLE}
2021-10-29 00:42:26,443 [Listener at 127.0.0.1/33257] INFO  handler.ContextHandler (ContextHandler.java:doStart(915)) - Started o.e.j.s.ServletContextHandler@95843d9{static,/static,jar:file:/home/runner/.m2/repository/org/apache/ozone/hdds-container-service/1.2.0-SNAPSHOT/hdds-container-service-1.2.0-SNAPSHOT.jar!/webapps/static,AVAILABLE}
2021-10-29 00:42:26,490 [Listener at 127.0.0.1/33257] INFO  handler.ContextHandler (ContextHandler.java:doStart(915)) - Started o.e.j.w.WebAppContext@a6a4a75{hddsDatanode,/,file:///tmp/jetty-0_0_0_0-42263-hdds-container-service-1_2_0-SNAPSHOT_jar-_-any-862358787881152150/webapp/,AVAILABLE}{jar:file:/home/runner/.m2/repository/org/apache/ozone/hdds-container-service/1.2.0-SNAPSHOT/hdds-container-service-1.2.0-SNAPSHOT.jar!/webapps/hddsDatanode}
2021-10-29 00:42:26,491 [Listener at 127.0.0.1/33257] INFO  server.AbstractConnector (AbstractConnector.java:doStart(331)) - Started ServerConnector@4ccecc9d{HTTP/1.1, (http/1.1)}{0.0.0.0:42263}
2021-10-29 00:42:26,491 [Listener at 127.0.0.1/33257] INFO  server.Server (Server.java:doStart(415)) - Started @8408ms
2021-10-29 00:42:26,491 [Listener at 127.0.0.1/33257] WARN  impl.MetricsSystemImpl (MetricsSystemImpl.java:register(279)) - Sink prometheus already exists!
2021-10-29 00:42:26,492 [Listener at 127.0.0.1/33257] INFO  http.BaseHttpServer (BaseHttpServer.java:updateConnectorAddress(329)) - HTTP server of hddsDatanode listening at http://0.0.0.0:42263
2021-10-29 00:42:26,493 [Listener at 127.0.0.1/33257] WARN  impl.MetricRegistriesImpl (MetricRegistriesImpl.java:addReporterRegistration(111)) - New reporters are added after registries were created. Some metrics will be missing from the reporter. Please add reporter before adding any new registry.
2021-10-29 00:42:26,493 [Listener at 127.0.0.1/33257] WARN  impl.MetricRegistriesImpl (MetricRegistriesImpl.java:addReporterRegistration(111)) - New reporters are added after registries were created. Some metrics will be missing from the reporter. Please add reporter before adding any new registry.
2021-10-29 00:42:26,493 [Listener at 127.0.0.1/33257] INFO  impl.MetricsSystemImpl (MetricsSystemImpl.java:init(158)) - HddsDatanode metrics system started (again)
2021-10-29 00:42:26,500 [Datanode State Machine Daemon Thread] INFO  statemachine.DatanodeStateMachine (DatanodeStateMachine.java:lambda$startDaemon$0(467)) - Ozone container server started.
2021-10-29 00:42:26,513 [Listener at 127.0.0.1/33257] INFO  ozone.HddsDatanodeService (HddsDatanodeService.java:start(234)) - HddsDatanodeService host:fv-az291-161.wgnan5asplgejimfprtllbpdch.jx.internal.cloudapp.net ip:10.1.0.32
2021-10-29 00:42:26,522 [org.apache.hadoop.util.JvmPauseMonitor$Monitor@6202930f] INFO  util.JvmPauseMonitor (JvmPauseMonitor.java:run(188)) - Starting JVM pause monitor
2021-10-29 00:42:26,525 [Datanode State Machine Task Thread - 0] INFO  datanode.InitDatanodeState (InitDatanodeState.java:persistContainerDatanodeDetails(145)) - DatanodeDetails is persisted to /home/runner/work/ozone/ozone/hadoop-ozone/integration-test/target/test-dir/MiniOzoneClusterImpl-20f6a6ed-b629-410f-9e90-983c782471bd/datanode-4/meta/datanode.id
2021-10-29 00:42:26,538 [Listener at 127.0.0.1/33257] INFO  upgrade.AbstractLayoutVersionManager (AbstractLayoutVersionManager.java:init(79)) - Initializing Layout version manager with metadata layout = SCM_HA (version = 2), software layout = SCM_HA (version = 2)
2021-10-29 00:42:26,580 [Listener at 127.0.0.1/33257] INFO  reflections.Reflections (Reflections.java:scan(232)) - Reflections took 41 ms to scan 7 urls, producing 119 keys and 279 values 
2021-10-29 00:42:26,582 [Listener at 127.0.0.1/33257] INFO  statemachine.DatanodeStateMachine (DatanodeStateMachine.java:getEndPointTaskThreadPoolSize(219)) - Datanode State Machine Task Thread Pool size 2
2021-10-29 00:42:26,584 [Listener at 127.0.0.1/33257] INFO  volume.HddsVolume (HddsVolume.java:<init>(120)) - Creating HddsVolume: /home/runner/work/ozone/ozone/hadoop-ozone/integration-test/target/test-dir/MiniOzoneClusterImpl-20f6a6ed-b629-410f-9e90-983c782471bd/datanode-5/data-0/containers/hdds of storage type : DISK capacity : 9223372036854775807
2021-10-29 00:42:26,585 [Listener at 127.0.0.1/33257] INFO  volume.MutableVolumeSet (MutableVolumeSet.java:initializeVolumeSet(168)) - Added Volume : /home/runner/work/ozone/ozone/hadoop-ozone/integration-test/target/test-dir/MiniOzoneClusterImpl-20f6a6ed-b629-410f-9e90-983c782471bd/datanode-5/data-0/containers/hdds to VolumeSet
2021-10-29 00:42:26,585 [Listener at 127.0.0.1/33257] INFO  volume.ThrottledAsyncChecker (ThrottledAsyncChecker.java:schedule(141)) - Scheduling a check for /home/runner/work/ozone/ozone/hadoop-ozone/integration-test/target/test-dir/MiniOzoneClusterImpl-20f6a6ed-b629-410f-9e90-983c782471bd/datanode-5/data-0/containers/hdds
2021-10-29 00:42:26,588 [Listener at 127.0.0.1/33257] INFO  volume.StorageVolumeChecker (StorageVolumeChecker.java:checkAllVolumes(202)) - Scheduled health check for volume /home/runner/work/ozone/ozone/hadoop-ozone/integration-test/target/test-dir/MiniOzoneClusterImpl-20f6a6ed-b629-410f-9e90-983c782471bd/datanode-5/data-0/containers/hdds
2021-10-29 00:42:26,603 [Listener at 127.0.0.1/33257] INFO  volume.MutableVolumeSet (MutableVolumeSet.java:initializeVolumeSet(168)) - Added Volume : /home/runner/work/ozone/ozone/hadoop-ozone/integration-test/target/test-dir/MiniOzoneClusterImpl-20f6a6ed-b629-410f-9e90-983c782471bd/datanode-5/data/ratis to VolumeSet
2021-10-29 00:42:26,604 [Listener at 127.0.0.1/33257] INFO  volume.ThrottledAsyncChecker (ThrottledAsyncChecker.java:schedule(141)) - Scheduling a check for /home/runner/work/ozone/ozone/hadoop-ozone/integration-test/target/test-dir/MiniOzoneClusterImpl-20f6a6ed-b629-410f-9e90-983c782471bd/datanode-5/data/ratis
2021-10-29 00:42:26,604 [Listener at 127.0.0.1/33257] INFO  volume.StorageVolumeChecker (StorageVolumeChecker.java:checkAllVolumes(202)) - Scheduled health check for volume /home/runner/work/ozone/ozone/hadoop-ozone/integration-test/target/test-dir/MiniOzoneClusterImpl-20f6a6ed-b629-410f-9e90-983c782471bd/datanode-5/data/ratis
2021-10-29 00:42:26,618 [Thread-193] INFO  ozoneimpl.ContainerReader (ContainerReader.java:readVolume(172)) - Finish verifying containers on volume /home/runner/work/ozone/ozone/hadoop-ozone/integration-test/target/test-dir/MiniOzoneClusterImpl-20f6a6ed-b629-410f-9e90-983c782471bd/datanode-5/data-0/containers/hdds
2021-10-29 00:42:26,618 [Listener at 127.0.0.1/33257] INFO  ozoneimpl.OzoneContainer (OzoneContainer.java:buildContainerSet(236)) - Build ContainerSet costs 0s
2021-10-29 00:42:26,622 [Listener at 127.0.0.1/33257] INFO  server.RaftServer (ConfUtils.java:logGet(44)) - raft.rpc.type = GRPC (default)
2021-10-29 00:42:26,622 [Listener at 127.0.0.1/33257] INFO  grpc.GrpcFactory (GrpcFactory.java:checkPooledByteBufAllocatorUseCacheForAllThreads(48)) - PERFORMANCE WARNING: useCacheForAllThreads is true that may cause Netty to create a lot garbage objects and, as a result, trigger GC.
	It is recommended to disable useCacheForAllThreads by setting -Dorg.apache.ratis.thirdparty.io.netty.allocator.useCacheForAllThreads=false in command line.
2021-10-29 00:42:26,622 [Listener at 127.0.0.1/33257] INFO  grpc.GrpcConfigKeys (ConfUtils.java:logGet(44)) - raft.grpc.admin.port = 0 (custom)
2021-10-29 00:42:26,622 [Listener at 127.0.0.1/33257] INFO  grpc.GrpcConfigKeys (ConfUtils.java:logGet(44)) - raft.grpc.client.port = 0 (custom)
2021-10-29 00:42:26,622 [Listener at 127.0.0.1/33257] INFO  grpc.GrpcConfigKeys (ConfUtils.java:logGet(44)) - raft.grpc.server.port = 0 (default)
2021-10-29 00:42:26,622 [Listener at 127.0.0.1/33257] INFO  server.GrpcService (ConfUtils.java:logGet(44)) - raft.grpc.message.size.max = 32MB (=33554432) (custom)
2021-10-29 00:42:26,622 [Listener at 127.0.0.1/33257] INFO  server.RaftServerConfigKeys (ConfUtils.java:logGet(44)) - raft.server.log.appender.buffer.byte-limit = 33554432 (custom)
2021-10-29 00:42:26,622 [Listener at 127.0.0.1/33257] INFO  server.GrpcService (ConfUtils.java:logGet(44)) - raft.grpc.flow.control.window = 5MB (=5242880) (custom)
2021-10-29 00:42:26,622 [Listener at 127.0.0.1/33257] INFO  server.RaftServerConfigKeys (ConfUtils.java:logGet(44)) - raft.server.rpc.request.timeout = 60s (custom)
2021-10-29 00:42:26,623 [Listener at 127.0.0.1/33257] INFO  impl.DataStreamServerImpl (ConfUtils.java:logGet(44)) - raft.datastream.type = DISABLED (default)
2021-10-29 00:42:26,624 [Listener at 127.0.0.1/33257] INFO  server.RaftServerConfigKeys (ConfUtils.java:logGet(44)) - raft.server.rpc.slowness.timeout = 300s (custom)
2021-10-29 00:42:26,624 [Listener at 127.0.0.1/33257] INFO  server.RaftServerConfigKeys (ConfUtils.java:logGet(44)) - raft.server.leaderelection.leader.step-down.wait-time = 10s (default)
2021-10-29 00:42:26,624 [Listener at 127.0.0.1/33257] INFO  server.RaftServerConfigKeys (ConfUtils.java:logGet(44)) - raft.server.storage.dir = [/home/runner/work/ozone/ozone/hadoop-ozone/integration-test/target/test-dir/MiniOzoneClusterImpl-20f6a6ed-b629-410f-9e90-983c782471bd/datanode-5/data/ratis] (custom)
2021-10-29 00:42:26,631 [Listener at 127.0.0.1/33257] INFO  http.BaseHttpServer (BaseHttpServer.java:newHttpServer2BuilderForOzone(209)) - Starting Web-server for hddsDatanode at: http://0.0.0.0:0
2021-10-29 00:42:26,631 [Listener at 127.0.0.1/33257] INFO  http.BaseHttpServer (BaseHttpServer.java:<init>(107)) - Hadoop Security Enabled: false Ozone Security Enabled: false Ozone HTTP Security Enabled: false 
2021-10-29 00:42:26,635 [Listener at 127.0.0.1/33257] INFO  server.AuthenticationFilter (AuthenticationFilter.java:constructSecretProvider(240)) - Unable to initialize FileSignerSecretProvider, falling back to use random secrets.
2021-10-29 00:42:26,635 [Listener at 127.0.0.1/33257] WARN  http.HttpRequestLog (HttpRequestLog.java:getRequestLog(103)) - Jetty request log can only be enabled using Log4j
2021-10-29 00:42:26,636 [Listener at 127.0.0.1/33257] INFO  http.HttpServer2 (HttpServer2.java:addGlobalFilter(1030)) - Added global filter 'safety' (class=org.apache.hadoop.hdds.server.http.HttpServer2$QuotingInputFilter)
2021-10-29 00:42:26,637 [Listener at 127.0.0.1/33257] INFO  http.HttpServer2 (HttpServer2.java:addFilter(1006)) - Added filter static_user_filter (class=org.apache.hadoop.http.lib.StaticUserWebFilter$StaticUserFilter) to context hddsDatanode
2021-10-29 00:42:26,637 [Listener at 127.0.0.1/33257] INFO  http.HttpServer2 (HttpServer2.java:addFilter(1014)) - Added filter static_user_filter (class=org.apache.hadoop.http.lib.StaticUserWebFilter$StaticUserFilter) to context static
2021-10-29 00:42:26,637 [Listener at 127.0.0.1/33257] INFO  http.HttpServer2 (HttpServer2.java:addFilter(1014)) - Added filter static_user_filter (class=org.apache.hadoop.http.lib.StaticUserWebFilter$StaticUserFilter) to context logs
2021-10-29 00:42:26,638 [Listener at 127.0.0.1/33257] INFO  http.HttpServer2 (HttpServer2.java:bindListener(1249)) - Jetty bound to port 40195
2021-10-29 00:42:26,638 [Listener at 127.0.0.1/33257] INFO  server.Server (Server.java:doStart(375)) - jetty-9.4.43.v20210629; built: 2021-06-30T11:07:22.254Z; git: 526006ecfa3af7f1a27ef3a288e2bef7ea9dd7e8; jvm 1.8.0_292-b10
2021-10-29 00:42:26,641 [Listener at 127.0.0.1/33257] INFO  server.session (DefaultSessionIdManager.java:doStart(334)) - DefaultSessionIdManager workerName=node0
2021-10-29 00:42:26,641 [Listener at 127.0.0.1/33257] INFO  server.session (DefaultSessionIdManager.java:doStart(339)) - No SessionScavenger set, using defaults
2021-10-29 00:42:26,641 [Listener at 127.0.0.1/33257] INFO  server.session (HouseKeeper.java:startScavenging(132)) - node0 Scavenging every 600000ms
2021-10-29 00:42:26,642 [Listener at 127.0.0.1/33257] INFO  handler.ContextHandler (ContextHandler.java:doStart(915)) - Started o.e.j.s.ServletContextHandler@186aaa93{logs,/logs,file:///home/runner/work/ozone/ozone/hadoop-ozone/integration-test/target/log,AVAILABLE}
2021-10-29 00:42:26,642 [Listener at 127.0.0.1/33257] INFO  handler.ContextHandler (ContextHandler.java:doStart(915)) - Started o.e.j.s.ServletContextHandler@169aed5e{static,/static,jar:file:/home/runner/.m2/repository/org/apache/ozone/hdds-container-service/1.2.0-SNAPSHOT/hdds-container-service-1.2.0-SNAPSHOT.jar!/webapps/static,AVAILABLE}
2021-10-29 00:42:26,694 [Listener at 127.0.0.1/33257] INFO  handler.ContextHandler (ContextHandler.java:doStart(915)) - Started o.e.j.w.WebAppContext@71b05e19{hddsDatanode,/,file:///tmp/jetty-0_0_0_0-40195-hdds-container-service-1_2_0-SNAPSHOT_jar-_-any-5864517081485978279/webapp/,AVAILABLE}{jar:file:/home/runner/.m2/repository/org/apache/ozone/hdds-container-service/1.2.0-SNAPSHOT/hdds-container-service-1.2.0-SNAPSHOT.jar!/webapps/hddsDatanode}
2021-10-29 00:42:26,696 [Listener at 127.0.0.1/33257] INFO  server.AbstractConnector (AbstractConnector.java:doStart(331)) - Started ServerConnector@5946bf4d{HTTP/1.1, (http/1.1)}{0.0.0.0:40195}
2021-10-29 00:42:26,696 [Listener at 127.0.0.1/33257] INFO  server.Server (Server.java:doStart(415)) - Started @8613ms
2021-10-29 00:42:26,696 [Listener at 127.0.0.1/33257] WARN  impl.MetricsSystemImpl (MetricsSystemImpl.java:register(279)) - Sink prometheus already exists!
2021-10-29 00:42:26,697 [Listener at 127.0.0.1/33257] INFO  http.BaseHttpServer (BaseHttpServer.java:updateConnectorAddress(329)) - HTTP server of hddsDatanode listening at http://0.0.0.0:40195
2021-10-29 00:42:26,698 [Listener at 127.0.0.1/33257] INFO  ozone.MiniOzoneClusterImpl (MiniOzoneClusterImpl.java:lambda$waitForClusterToBeReady$0(235)) - Waiting for nodes to be ready. Got 0 of 6 DN Heartbeats.
2021-10-29 00:42:26,698 [Listener at 127.0.0.1/33257] INFO  ozone.MiniOzoneClusterImpl (MiniOzoneClusterImpl.java:lambda$waitForClusterToBeReady$0(238)) - Waiting for cluster to exit safe mode
2021-10-29 00:42:26,698 [Listener at 127.0.0.1/33257] INFO  ozone.MiniOzoneClusterImpl (MiniOzoneClusterImpl.java:lambda$waitForClusterToBeReady$0(240)) - SCM became leader
2021-10-29 00:42:26,699 [Datanode State Machine Daemon Thread] INFO  statemachine.DatanodeStateMachine (DatanodeStateMachine.java:lambda$startDaemon$0(467)) - Ozone container server started.
2021-10-29 00:42:26,708 [org.apache.hadoop.util.JvmPauseMonitor$Monitor@6f2dcd7d] INFO  util.JvmPauseMonitor (JvmPauseMonitor.java:run(188)) - Starting JVM pause monitor
2021-10-29 00:42:26,711 [Datanode State Machine Task Thread - 0] INFO  datanode.InitDatanodeState (InitDatanodeState.java:persistContainerDatanodeDetails(145)) - DatanodeDetails is persisted to /home/runner/work/ozone/ozone/hadoop-ozone/integration-test/target/test-dir/MiniOzoneClusterImpl-20f6a6ed-b629-410f-9e90-983c782471bd/datanode-5/meta/datanode.id
2021-10-29 00:42:27,180 [ReplicationMonitor] INFO  container.ReplicationManager (ReplicationManager.java:processAll(371)) - Replication Monitor Thread took 0 milliseconds for processing 0 containers.
2021-10-29 00:42:27,292 [EndpointStateMachine task thread for /0.0.0.0:40013 - 0 ] INFO  ozoneimpl.OzoneContainer (OzoneContainer.java:start(304)) - Attempting to start container services.
2021-10-29 00:42:27,293 [EndpointStateMachine task thread for /0.0.0.0:40013 - 0 ] INFO  ozoneimpl.OzoneContainer (OzoneContainer.java:startContainerScrub(249)) - Background container scanner has been disabled.
2021-10-29 00:42:27,295 [EndpointStateMachine task thread for /0.0.0.0:40013 - 0 ] INFO  replication.ReplicationServer (ReplicationServer.java:start(107)) - ReplicationServer is started using port 45311
2021-10-29 00:42:27,298 [EndpointStateMachine task thread for /0.0.0.0:40013 - 0 ] INFO  ratis.XceiverServerRatis (XceiverServerRatis.java:start(484)) - Starting XceiverServerRatis 12cd3e49-de78-4d30-aa86-c1ffa97795c8
2021-10-29 00:42:27,316 [EndpointStateMachine task thread for /0.0.0.0:40013 - 0 ] INFO  server.RaftServer (RaftServerProxy.java:lambda$start$5(374)) - 12cd3e49-de78-4d30-aa86-c1ffa97795c8: start RPC server
2021-10-29 00:42:27,317 [EndpointStateMachine task thread for /0.0.0.0:40013 - 0 ] INFO  server.GrpcService (GrpcService.java:startImpl(253)) - 12cd3e49-de78-4d30-aa86-c1ffa97795c8: GrpcService started, listening on 42653
2021-10-29 00:42:27,318 [EndpointStateMachine task thread for /0.0.0.0:40013 - 0 ] INFO  ratis.XceiverServerRatis (XceiverServerRatis.java:getRealPort(505)) - XceiverServerRatis 12cd3e49-de78-4d30-aa86-c1ffa97795c8 is started using port 42653 for RATIS
2021-10-29 00:42:27,318 [EndpointStateMachine task thread for /0.0.0.0:40013 - 0 ] INFO  ratis.XceiverServerRatis (XceiverServerRatis.java:getRealPort(505)) - XceiverServerRatis 12cd3e49-de78-4d30-aa86-c1ffa97795c8 is started using port 42653 for RATIS_ADMIN
2021-10-29 00:42:27,318 [EndpointStateMachine task thread for /0.0.0.0:40013 - 0 ] INFO  ratis.XceiverServerRatis (XceiverServerRatis.java:getRealPort(505)) - XceiverServerRatis 12cd3e49-de78-4d30-aa86-c1ffa97795c8 is started using port 42653 for RATIS_SERVER
2021-10-29 00:42:27,325 [EndpointStateMachine task thread for /0.0.0.0:40013 - 0 ] INFO  server.XceiverServerGrpc (XceiverServerGrpc.java:start(135)) - XceiverServerGrpc 12cd3e49-de78-4d30-aa86-c1ffa97795c8 is started using port 34397
2021-10-29 00:42:27,324 [org.apache.ratis.util.JvmPauseMonitor$$Lambda$534/1173926218@31e97316] INFO  util.JvmPauseMonitor (JvmPauseMonitor.java:run(103)) - JvmPauseMonitor-12cd3e49-de78-4d30-aa86-c1ffa97795c8: Started
2021-10-29 00:42:27,699 [Listener at 127.0.0.1/33257] INFO  ozone.MiniOzoneClusterImpl (MiniOzoneClusterImpl.java:lambda$waitForClusterToBeReady$0(235)) - Waiting for nodes to be ready. Got 0 of 6 DN Heartbeats.
2021-10-29 00:42:27,699 [Listener at 127.0.0.1/33257] INFO  ozone.MiniOzoneClusterImpl (MiniOzoneClusterImpl.java:lambda$waitForClusterToBeReady$0(238)) - Waiting for cluster to exit safe mode
2021-10-29 00:42:27,699 [Listener at 127.0.0.1/33257] INFO  ozone.MiniOzoneClusterImpl (MiniOzoneClusterImpl.java:lambda$waitForClusterToBeReady$0(240)) - SCM became leader
2021-10-29 00:42:27,823 [EndpointStateMachine task thread for /0.0.0.0:40013 - 0 ] INFO  ozoneimpl.OzoneContainer (OzoneContainer.java:start(304)) - Attempting to start container services.
2021-10-29 00:42:27,823 [EndpointStateMachine task thread for /0.0.0.0:40013 - 0 ] INFO  ozoneimpl.OzoneContainer (OzoneContainer.java:startContainerScrub(249)) - Background container scanner has been disabled.
2021-10-29 00:42:27,824 [EndpointStateMachine task thread for /0.0.0.0:40013 - 0 ] INFO  replication.ReplicationServer (ReplicationServer.java:start(107)) - ReplicationServer is started using port 38043
2021-10-29 00:42:27,826 [EndpointStateMachine task thread for /0.0.0.0:40013 - 0 ] INFO  ratis.XceiverServerRatis (XceiverServerRatis.java:start(484)) - Starting XceiverServerRatis e6ec3422-bd00-4bf8-8713-bff351886512
2021-10-29 00:42:27,831 [EndpointStateMachine task thread for /0.0.0.0:40013 - 0 ] INFO  server.RaftServer (RaftServerProxy.java:lambda$start$5(374)) - e6ec3422-bd00-4bf8-8713-bff351886512: start RPC server
2021-10-29 00:42:27,832 [EndpointStateMachine task thread for /0.0.0.0:40013 - 0 ] INFO  server.GrpcService (GrpcService.java:startImpl(253)) - e6ec3422-bd00-4bf8-8713-bff351886512: GrpcService started, listening on 40113
2021-10-29 00:42:27,832 [EndpointStateMachine task thread for /0.0.0.0:40013 - 0 ] INFO  ratis.XceiverServerRatis (XceiverServerRatis.java:getRealPort(505)) - XceiverServerRatis e6ec3422-bd00-4bf8-8713-bff351886512 is started using port 40113 for RATIS
2021-10-29 00:42:27,832 [org.apache.ratis.util.JvmPauseMonitor$$Lambda$534/1173926218@483aac17] INFO  util.JvmPauseMonitor (JvmPauseMonitor.java:run(103)) - JvmPauseMonitor-e6ec3422-bd00-4bf8-8713-bff351886512: Started
2021-10-29 00:42:27,832 [EndpointStateMachine task thread for /0.0.0.0:40013 - 0 ] INFO  ratis.XceiverServerRatis (XceiverServerRatis.java:getRealPort(505)) - XceiverServerRatis e6ec3422-bd00-4bf8-8713-bff351886512 is started using port 40113 for RATIS_ADMIN
2021-10-29 00:42:27,835 [EndpointStateMachine task thread for /0.0.0.0:40013 - 0 ] INFO  ratis.XceiverServerRatis (XceiverServerRatis.java:getRealPort(505)) - XceiverServerRatis e6ec3422-bd00-4bf8-8713-bff351886512 is started using port 40113 for RATIS_SERVER
2021-10-29 00:42:27,836 [EndpointStateMachine task thread for /0.0.0.0:40013 - 0 ] INFO  server.XceiverServerGrpc (XceiverServerGrpc.java:start(135)) - XceiverServerGrpc e6ec3422-bd00-4bf8-8713-bff351886512 is started using port 39721
2021-10-29 00:42:28,057 [EndpointStateMachine task thread for /0.0.0.0:40013 - 0 ] INFO  ozoneimpl.OzoneContainer (OzoneContainer.java:start(304)) - Attempting to start container services.
2021-10-29 00:42:28,058 [EndpointStateMachine task thread for /0.0.0.0:40013 - 0 ] INFO  ozoneimpl.OzoneContainer (OzoneContainer.java:startContainerScrub(249)) - Background container scanner has been disabled.
2021-10-29 00:42:28,059 [EndpointStateMachine task thread for /0.0.0.0:40013 - 0 ] INFO  replication.ReplicationServer (ReplicationServer.java:start(107)) - ReplicationServer is started using port 34403
2021-10-29 00:42:28,060 [EndpointStateMachine task thread for /0.0.0.0:40013 - 0 ] INFO  ratis.XceiverServerRatis (XceiverServerRatis.java:start(484)) - Starting XceiverServerRatis f2b4d6f7-aefa-402b-a761-92c91b2f44f3
2021-10-29 00:42:28,071 [EndpointStateMachine task thread for /0.0.0.0:40013 - 0 ] INFO  server.RaftServer (RaftServerProxy.java:lambda$start$5(374)) - f2b4d6f7-aefa-402b-a761-92c91b2f44f3: start RPC server
2021-10-29 00:42:28,072 [EndpointStateMachine task thread for /0.0.0.0:40013 - 0 ] INFO  server.GrpcService (GrpcService.java:startImpl(253)) - f2b4d6f7-aefa-402b-a761-92c91b2f44f3: GrpcService started, listening on 42307
2021-10-29 00:42:28,073 [EndpointStateMachine task thread for /0.0.0.0:40013 - 0 ] INFO  ratis.XceiverServerRatis (XceiverServerRatis.java:getRealPort(505)) - XceiverServerRatis f2b4d6f7-aefa-402b-a761-92c91b2f44f3 is started using port 42307 for RATIS
2021-10-29 00:42:28,073 [EndpointStateMachine task thread for /0.0.0.0:40013 - 0 ] INFO  ratis.XceiverServerRatis (XceiverServerRatis.java:getRealPort(505)) - XceiverServerRatis f2b4d6f7-aefa-402b-a761-92c91b2f44f3 is started using port 42307 for RATIS_ADMIN
2021-10-29 00:42:28,073 [org.apache.ratis.util.JvmPauseMonitor$$Lambda$534/1173926218@636080ee] INFO  util.JvmPauseMonitor (JvmPauseMonitor.java:run(103)) - JvmPauseMonitor-f2b4d6f7-aefa-402b-a761-92c91b2f44f3: Started
2021-10-29 00:42:28,073 [EndpointStateMachine task thread for /0.0.0.0:40013 - 0 ] INFO  ratis.XceiverServerRatis (XceiverServerRatis.java:getRealPort(505)) - XceiverServerRatis f2b4d6f7-aefa-402b-a761-92c91b2f44f3 is started using port 42307 for RATIS_SERVER
2021-10-29 00:42:28,074 [EndpointStateMachine task thread for /0.0.0.0:40013 - 0 ] INFO  server.XceiverServerGrpc (XceiverServerGrpc.java:start(135)) - XceiverServerGrpc f2b4d6f7-aefa-402b-a761-92c91b2f44f3 is started using port 32977
2021-10-29 00:42:28,181 [ReplicationMonitor] INFO  container.ReplicationManager (ReplicationManager.java:processAll(371)) - Replication Monitor Thread took 0 milliseconds for processing 0 containers.
2021-10-29 00:42:28,293 [EndpointStateMachine task thread for /0.0.0.0:40013 - 0 ] INFO  ozoneimpl.OzoneContainer (OzoneContainer.java:start(304)) - Attempting to start container services.
2021-10-29 00:42:28,293 [EndpointStateMachine task thread for /0.0.0.0:40013 - 0 ] INFO  ozoneimpl.OzoneContainer (OzoneContainer.java:startContainerScrub(249)) - Background container scanner has been disabled.
2021-10-29 00:42:28,295 [EndpointStateMachine task thread for /0.0.0.0:40013 - 0 ] INFO  replication.ReplicationServer (ReplicationServer.java:start(107)) - ReplicationServer is started using port 37327
2021-10-29 00:42:28,296 [EndpointStateMachine task thread for /0.0.0.0:40013 - 0 ] INFO  ratis.XceiverServerRatis (XceiverServerRatis.java:start(484)) - Starting XceiverServerRatis ede339c2-3cec-47d6-98dc-ec75754dc7c3
2021-10-29 00:42:28,297 [EndpointStateMachine task thread for /0.0.0.0:40013 - 0 ] INFO  server.RaftServer (RaftServerProxy.java:lambda$start$5(374)) - ede339c2-3cec-47d6-98dc-ec75754dc7c3: start RPC server
2021-10-29 00:42:28,298 [EndpointStateMachine task thread for /0.0.0.0:40013 - 0 ] INFO  server.GrpcService (GrpcService.java:startImpl(253)) - ede339c2-3cec-47d6-98dc-ec75754dc7c3: GrpcService started, listening on 43517
2021-10-29 00:42:28,298 [EndpointStateMachine task thread for /0.0.0.0:40013 - 0 ] INFO  ratis.XceiverServerRatis (XceiverServerRatis.java:getRealPort(505)) - XceiverServerRatis ede339c2-3cec-47d6-98dc-ec75754dc7c3 is started using port 43517 for RATIS
2021-10-29 00:42:28,298 [EndpointStateMachine task thread for /0.0.0.0:40013 - 0 ] INFO  ratis.XceiverServerRatis (XceiverServerRatis.java:getRealPort(505)) - XceiverServerRatis ede339c2-3cec-47d6-98dc-ec75754dc7c3 is started using port 43517 for RATIS_ADMIN
2021-10-29 00:42:28,298 [org.apache.ratis.util.JvmPauseMonitor$$Lambda$534/1173926218@60129bb2] INFO  util.JvmPauseMonitor (JvmPauseMonitor.java:run(103)) - JvmPauseMonitor-ede339c2-3cec-47d6-98dc-ec75754dc7c3: Started
2021-10-29 00:42:28,298 [EndpointStateMachine task thread for /0.0.0.0:40013 - 0 ] INFO  ratis.XceiverServerRatis (XceiverServerRatis.java:getRealPort(505)) - XceiverServerRatis ede339c2-3cec-47d6-98dc-ec75754dc7c3 is started using port 43517 for RATIS_SERVER
2021-10-29 00:42:28,300 [EndpointStateMachine task thread for /0.0.0.0:40013 - 0 ] INFO  server.XceiverServerGrpc (XceiverServerGrpc.java:start(135)) - XceiverServerGrpc ede339c2-3cec-47d6-98dc-ec75754dc7c3 is started using port 37483
2021-10-29 00:42:28,525 [EndpointStateMachine task thread for /0.0.0.0:40013 - 0 ] INFO  ozoneimpl.OzoneContainer (OzoneContainer.java:start(304)) - Attempting to start container services.
2021-10-29 00:42:28,525 [EndpointStateMachine task thread for /0.0.0.0:40013 - 0 ] INFO  ozoneimpl.OzoneContainer (OzoneContainer.java:startContainerScrub(249)) - Background container scanner has been disabled.
2021-10-29 00:42:28,528 [EndpointStateMachine task thread for /0.0.0.0:40013 - 0 ] INFO  replication.ReplicationServer (ReplicationServer.java:start(107)) - ReplicationServer is started using port 37105
2021-10-29 00:42:28,529 [EndpointStateMachine task thread for /0.0.0.0:40013 - 0 ] INFO  ratis.XceiverServerRatis (XceiverServerRatis.java:start(484)) - Starting XceiverServerRatis ece50d73-52f9-426c-b062-e21d0a386dcf
2021-10-29 00:42:28,534 [EndpointStateMachine task thread for /0.0.0.0:40013 - 0 ] INFO  server.RaftServer (RaftServerProxy.java:lambda$start$5(374)) - ece50d73-52f9-426c-b062-e21d0a386dcf: start RPC server
2021-10-29 00:42:28,536 [EndpointStateMachine task thread for /0.0.0.0:40013 - 0 ] INFO  server.GrpcService (GrpcService.java:startImpl(253)) - ece50d73-52f9-426c-b062-e21d0a386dcf: GrpcService started, listening on 33323
2021-10-29 00:42:28,536 [EndpointStateMachine task thread for /0.0.0.0:40013 - 0 ] INFO  ratis.XceiverServerRatis (XceiverServerRatis.java:getRealPort(505)) - XceiverServerRatis ece50d73-52f9-426c-b062-e21d0a386dcf is started using port 33323 for RATIS
2021-10-29 00:42:28,536 [EndpointStateMachine task thread for /0.0.0.0:40013 - 0 ] INFO  ratis.XceiverServerRatis (XceiverServerRatis.java:getRealPort(505)) - XceiverServerRatis ece50d73-52f9-426c-b062-e21d0a386dcf is started using port 33323 for RATIS_ADMIN
2021-10-29 00:42:28,536 [org.apache.ratis.util.JvmPauseMonitor$$Lambda$534/1173926218@7f5a7519] INFO  util.JvmPauseMonitor (JvmPauseMonitor.java:run(103)) - JvmPauseMonitor-ece50d73-52f9-426c-b062-e21d0a386dcf: Started
2021-10-29 00:42:28,536 [EndpointStateMachine task thread for /0.0.0.0:40013 - 0 ] INFO  ratis.XceiverServerRatis (XceiverServerRatis.java:getRealPort(505)) - XceiverServerRatis ece50d73-52f9-426c-b062-e21d0a386dcf is started using port 33323 for RATIS_SERVER
2021-10-29 00:42:28,538 [EndpointStateMachine task thread for /0.0.0.0:40013 - 0 ] INFO  server.XceiverServerGrpc (XceiverServerGrpc.java:start(135)) - XceiverServerGrpc ece50d73-52f9-426c-b062-e21d0a386dcf is started using port 34549
2021-10-29 00:42:28,700 [Listener at 127.0.0.1/33257] INFO  ozone.MiniOzoneClusterImpl (MiniOzoneClusterImpl.java:lambda$waitForClusterToBeReady$0(235)) - Waiting for nodes to be ready. Got 0 of 6 DN Heartbeats.
2021-10-29 00:42:28,700 [Listener at 127.0.0.1/33257] INFO  ozone.MiniOzoneClusterImpl (MiniOzoneClusterImpl.java:lambda$waitForClusterToBeReady$0(238)) - Waiting for cluster to exit safe mode
2021-10-29 00:42:28,700 [Listener at 127.0.0.1/33257] INFO  ozone.MiniOzoneClusterImpl (MiniOzoneClusterImpl.java:lambda$waitForClusterToBeReady$0(240)) - SCM became leader
2021-10-29 00:42:28,712 [EndpointStateMachine task thread for /0.0.0.0:40013 - 0 ] INFO  ozoneimpl.OzoneContainer (OzoneContainer.java:start(304)) - Attempting to start container services.
2021-10-29 00:42:28,712 [EndpointStateMachine task thread for /0.0.0.0:40013 - 0 ] INFO  ozoneimpl.OzoneContainer (OzoneContainer.java:startContainerScrub(249)) - Background container scanner has been disabled.
2021-10-29 00:42:28,713 [EndpointStateMachine task thread for /0.0.0.0:40013 - 0 ] INFO  replication.ReplicationServer (ReplicationServer.java:start(107)) - ReplicationServer is started using port 34171
2021-10-29 00:42:28,714 [EndpointStateMachine task thread for /0.0.0.0:40013 - 0 ] INFO  ratis.XceiverServerRatis (XceiverServerRatis.java:start(484)) - Starting XceiverServerRatis 240b3f92-711e-4b06-964b-7be2bf787040
2021-10-29 00:42:28,716 [EndpointStateMachine task thread for /0.0.0.0:40013 - 0 ] INFO  server.RaftServer (RaftServerProxy.java:lambda$start$5(374)) - 240b3f92-711e-4b06-964b-7be2bf787040: start RPC server
2021-10-29 00:42:28,717 [EndpointStateMachine task thread for /0.0.0.0:40013 - 0 ] INFO  server.GrpcService (GrpcService.java:startImpl(253)) - 240b3f92-711e-4b06-964b-7be2bf787040: GrpcService started, listening on 39315
2021-10-29 00:42:28,718 [EndpointStateMachine task thread for /0.0.0.0:40013 - 0 ] INFO  ratis.XceiverServerRatis (XceiverServerRatis.java:getRealPort(505)) - XceiverServerRatis 240b3f92-711e-4b06-964b-7be2bf787040 is started using port 39315 for RATIS
2021-10-29 00:42:28,718 [org.apache.ratis.util.JvmPauseMonitor$$Lambda$534/1173926218@2a85f96] INFO  util.JvmPauseMonitor (JvmPauseMonitor.java:run(103)) - JvmPauseMonitor-240b3f92-711e-4b06-964b-7be2bf787040: Started
2021-10-29 00:42:28,718 [EndpointStateMachine task thread for /0.0.0.0:40013 - 0 ] INFO  ratis.XceiverServerRatis (XceiverServerRatis.java:getRealPort(505)) - XceiverServerRatis 240b3f92-711e-4b06-964b-7be2bf787040 is started using port 39315 for RATIS_ADMIN
2021-10-29 00:42:28,718 [EndpointStateMachine task thread for /0.0.0.0:40013 - 0 ] INFO  ratis.XceiverServerRatis (XceiverServerRatis.java:getRealPort(505)) - XceiverServerRatis 240b3f92-711e-4b06-964b-7be2bf787040 is started using port 39315 for RATIS_SERVER
2021-10-29 00:42:28,720 [EndpointStateMachine task thread for /0.0.0.0:40013 - 0 ] INFO  server.XceiverServerGrpc (XceiverServerGrpc.java:start(135)) - XceiverServerGrpc 240b3f92-711e-4b06-964b-7be2bf787040 is started using port 46869
2021-10-29 00:42:29,182 [ReplicationMonitor] INFO  container.ReplicationManager (ReplicationManager.java:processAll(371)) - Replication Monitor Thread took 0 milliseconds for processing 0 containers.
2021-10-29 00:42:29,247 [IPC Server handler 0 on default port 40013] INFO  net.NetworkTopologyImpl (NetworkTopologyImpl.java:add(112)) - Added a new node: /default-rack/12cd3e49-de78-4d30-aa86-c1ffa97795c8
2021-10-29 00:42:29,248 [IPC Server handler 0 on default port 40013] INFO  node.SCMNodeManager (SCMNodeManager.java:register(389)) - Registered Data node : 12cd3e49-de78-4d30-aa86-c1ffa97795c8{ip: 10.1.0.32, host: fv-az291-161.wgnan5asplgejimfprtllbpdch.jx.internal.cloudapp.net, ports: [REPLICATION=45311, RATIS=42653, RATIS_ADMIN=42653, RATIS_SERVER=42653, STANDALONE=34397], networkLocation: /default-rack, certSerialId: null, persistedOpState: null, persistedOpStateExpiryEpochSec: 0}
2021-10-29 00:42:29,253 [EventQueue-NewNodeForNewNodeHandler] INFO  pipeline.BackgroundPipelineCreator (BackgroundPipelineCreator.java:notifyEventTriggered(285)) - trigger a one-shot run on RatisPipelineUtilsThread.
2021-10-29 00:42:29,262 [EventQueue-NodeRegistrationContainerReportForContainerSafeModeRule] INFO  safemode.SCMSafeModeManager (SCMSafeModeManager.java:validateSafeModeExitRules(204)) - ContainerSafeModeRule rule is successfully validated
2021-10-29 00:42:29,264 [EventQueue-NodeRegistrationContainerReportForDataNodeSafeModeRule] INFO  safemode.SCMSafeModeManager (DataNodeSafeModeRule.java:process(71)) - SCM in safe mode. 1 DataNodes registered, 3 required.
2021-10-29 00:42:29,265 [RatisPipelineUtilsThread - 0] INFO  pipeline.RatisPipelineProvider (RatisPipelineProvider.java:lambda$create$0(183)) - Sending CreatePipelineCommand for pipeline:PipelineID=c3357fca-608a-411c-87ef-af3141016b51 to datanode:12cd3e49-de78-4d30-aa86-c1ffa97795c8
2021-10-29 00:42:29,269 [EventQueue-PipelineReportForOneReplicaPipelineSafeModeRule] INFO  safemode.SCMSafeModeManager (SCMSafeModeManager.java:validateSafeModeExitRules(204)) - AtleastOneDatanodeReportedRule rule is successfully validated
2021-10-29 00:42:29,277 [RatisPipelineUtilsThread - 0] INFO  pipeline.PipelineStateManagerImpl (PipelineStateManagerImpl.java:addPipeline(101)) - Created pipeline Pipeline[ Id: c3357fca-608a-411c-87ef-af3141016b51, Nodes: 12cd3e49-de78-4d30-aa86-c1ffa97795c8{ip: 10.1.0.32, host: fv-az291-161.wgnan5asplgejimfprtllbpdch.jx.internal.cloudapp.net, ports: [REPLICATION=45311, RATIS=42653, RATIS_ADMIN=42653, RATIS_SERVER=42653, STANDALONE=34397], networkLocation: /default-rack, certSerialId: null, persistedOpState: IN_SERVICE, persistedOpStateExpiryEpochSec: 0}, ReplicationConfig: RATIS/ONE, State:ALLOCATED, leaderId:, CreationTimestamp2021-10-29T00:42:29.261Z[Etc/UTC]].
2021-10-29 00:42:29,700 [Listener at 127.0.0.1/33257] INFO  ozone.MiniOzoneClusterImpl (MiniOzoneClusterImpl.java:lambda$waitForClusterToBeReady$0(235)) - Waiting for nodes to be ready. Got 1 of 6 DN Heartbeats.
2021-10-29 00:42:29,700 [Listener at 127.0.0.1/33257] INFO  ozone.MiniOzoneClusterImpl (MiniOzoneClusterImpl.java:lambda$waitForClusterToBeReady$0(238)) - Waiting for cluster to exit safe mode
2021-10-29 00:42:29,701 [Listener at 127.0.0.1/33257] INFO  ozone.MiniOzoneClusterImpl (MiniOzoneClusterImpl.java:lambda$waitForClusterToBeReady$0(240)) - SCM became leader
2021-10-29 00:42:29,821 [IPC Server handler 4 on default port 40013] INFO  net.NetworkTopologyImpl (NetworkTopologyImpl.java:add(112)) - Added a new node: /default-rack/e6ec3422-bd00-4bf8-8713-bff351886512
2021-10-29 00:42:29,822 [IPC Server handler 4 on default port 40013] INFO  node.SCMNodeManager (SCMNodeManager.java:register(389)) - Registered Data node : e6ec3422-bd00-4bf8-8713-bff351886512{ip: 10.1.0.32, host: fv-az291-161.wgnan5asplgejimfprtllbpdch.jx.internal.cloudapp.net, ports: [REPLICATION=38043, RATIS=40113, RATIS_ADMIN=40113, RATIS_SERVER=40113, STANDALONE=39721], networkLocation: /default-rack, certSerialId: null, persistedOpState: null, persistedOpStateExpiryEpochSec: 0}
2021-10-29 00:42:29,822 [EventQueue-NewNodeForNewNodeHandler] INFO  pipeline.BackgroundPipelineCreator (BackgroundPipelineCreator.java:notifyEventTriggered(285)) - trigger a one-shot run on RatisPipelineUtilsThread.
2021-10-29 00:42:29,823 [EventQueue-NodeRegistrationContainerReportForDataNodeSafeModeRule] INFO  safemode.SCMSafeModeManager (DataNodeSafeModeRule.java:process(71)) - SCM in safe mode. 2 DataNodes registered, 3 required.
2021-10-29 00:42:29,823 [RatisPipelineUtilsThread - 0] INFO  pipeline.RatisPipelineProvider (RatisPipelineProvider.java:lambda$create$0(183)) - Sending CreatePipelineCommand for pipeline:PipelineID=b56191ab-1833-44ce-a69d-a24a4f07fed9 to datanode:e6ec3422-bd00-4bf8-8713-bff351886512
2021-10-29 00:42:29,824 [RatisPipelineUtilsThread - 0] INFO  pipeline.PipelineStateManagerImpl (PipelineStateManagerImpl.java:addPipeline(101)) - Created pipeline Pipeline[ Id: b56191ab-1833-44ce-a69d-a24a4f07fed9, Nodes: e6ec3422-bd00-4bf8-8713-bff351886512{ip: 10.1.0.32, host: fv-az291-161.wgnan5asplgejimfprtllbpdch.jx.internal.cloudapp.net, ports: [REPLICATION=38043, RATIS=40113, RATIS_ADMIN=40113, RATIS_SERVER=40113, STANDALONE=39721], networkLocation: /default-rack, certSerialId: null, persistedOpState: IN_SERVICE, persistedOpStateExpiryEpochSec: 0}, ReplicationConfig: RATIS/ONE, State:ALLOCATED, leaderId:, CreationTimestamp2021-10-29T00:42:29.823Z[Etc/UTC]].
2021-10-29 00:42:30,056 [IPC Server handler 5 on default port 40013] INFO  net.NetworkTopologyImpl (NetworkTopologyImpl.java:add(112)) - Added a new node: /default-rack/f2b4d6f7-aefa-402b-a761-92c91b2f44f3
2021-10-29 00:42:30,056 [IPC Server handler 5 on default port 40013] INFO  node.SCMNodeManager (SCMNodeManager.java:register(389)) - Registered Data node : f2b4d6f7-aefa-402b-a761-92c91b2f44f3{ip: 10.1.0.32, host: fv-az291-161.wgnan5asplgejimfprtllbpdch.jx.internal.cloudapp.net, ports: [REPLICATION=34403, RATIS=42307, RATIS_ADMIN=42307, RATIS_SERVER=42307, STANDALONE=32977], networkLocation: /default-rack, certSerialId: null, persistedOpState: null, persistedOpStateExpiryEpochSec: 0}
2021-10-29 00:42:30,056 [EventQueue-NewNodeForNewNodeHandler] INFO  pipeline.BackgroundPipelineCreator (BackgroundPipelineCreator.java:notifyEventTriggered(285)) - trigger a one-shot run on RatisPipelineUtilsThread.
2021-10-29 00:42:30,058 [EventQueue-NodeRegistrationContainerReportForDataNodeSafeModeRule] INFO  safemode.SCMSafeModeManager (DataNodeSafeModeRule.java:process(71)) - SCM in safe mode. 3 DataNodes registered, 3 required.
2021-10-29 00:42:30,058 [EventQueue-NodeRegistrationContainerReportForDataNodeSafeModeRule] INFO  safemode.SCMSafeModeManager (SCMSafeModeManager.java:validateSafeModeExitRules(204)) - DataNodeSafeModeRule rule is successfully validated
2021-10-29 00:42:30,058 [EventQueue-NodeRegistrationContainerReportForDataNodeSafeModeRule] INFO  safemode.SCMSafeModeManager (SCMSafeModeManager.java:completePreCheck(233)) - All SCM safe mode pre check rules have passed
2021-10-29 00:42:30,058 [EventQueue-NodeRegistrationContainerReportForDataNodeSafeModeRule] WARN  events.EventQueue (EventQueue.java:fireEvent(194)) - No event handler registered for event TypedEvent{payloadType=SafeModeStatus, name='Safe mode status'}
2021-10-29 00:42:30,058 [EventQueue-NodeRegistrationContainerReportForDataNodeSafeModeRule] INFO  ha.SCMContext (SCMContext.java:updateSafeModeStatus(205)) - Update SafeModeStatus from SafeModeStatus{safeModeStatus=true, preCheckPassed=false} to SafeModeStatus{safeModeStatus=true, preCheckPassed=true}.
2021-10-29 00:42:30,058 [EventQueue-NodeRegistrationContainerReportForDataNodeSafeModeRule] INFO  pipeline.BackgroundPipelineCreator (BackgroundPipelineCreator.java:notifyEventTriggered(285)) - trigger a one-shot run on RatisPipelineUtilsThread.
2021-10-29 00:42:30,059 [RatisPipelineUtilsThread - 0] INFO  pipeline.RatisPipelineProvider (RatisPipelineProvider.java:lambda$create$0(183)) - Sending CreatePipelineCommand for pipeline:PipelineID=46c7a4e6-7f38-4f2b-8c13-3951c47c77f6 to datanode:f2b4d6f7-aefa-402b-a761-92c91b2f44f3
2021-10-29 00:42:30,060 [RatisPipelineUtilsThread - 0] INFO  pipeline.PipelineStateManagerImpl (PipelineStateManagerImpl.java:addPipeline(101)) - Created pipeline Pipeline[ Id: 46c7a4e6-7f38-4f2b-8c13-3951c47c77f6, Nodes: f2b4d6f7-aefa-402b-a761-92c91b2f44f3{ip: 10.1.0.32, host: fv-az291-161.wgnan5asplgejimfprtllbpdch.jx.internal.cloudapp.net, ports: [REPLICATION=34403, RATIS=42307, RATIS_ADMIN=42307, RATIS_SERVER=42307, STANDALONE=32977], networkLocation: /default-rack, certSerialId: null, persistedOpState: IN_SERVICE, persistedOpStateExpiryEpochSec: 0}, ReplicationConfig: RATIS/ONE, State:ALLOCATED, leaderId:, CreationTimestamp2021-10-29T00:42:30.059Z[Etc/UTC]].
2021-10-29 00:42:30,063 [RatisPipelineUtilsThread - 0] INFO  pipeline.RatisPipelineProvider (RatisPipelineProvider.java:lambda$create$0(183)) - Sending CreatePipelineCommand for pipeline:PipelineID=19f05eae-0a17-4d2c-b3a0-f5bd42791ae0 to datanode:12cd3e49-de78-4d30-aa86-c1ffa97795c8
2021-10-29 00:42:30,064 [RatisPipelineUtilsThread - 0] INFO  pipeline.RatisPipelineProvider (RatisPipelineProvider.java:lambda$create$0(183)) - Sending CreatePipelineCommand for pipeline:PipelineID=19f05eae-0a17-4d2c-b3a0-f5bd42791ae0 to datanode:e6ec3422-bd00-4bf8-8713-bff351886512
2021-10-29 00:42:30,064 [RatisPipelineUtilsThread - 0] INFO  pipeline.RatisPipelineProvider (RatisPipelineProvider.java:lambda$create$0(183)) - Sending CreatePipelineCommand for pipeline:PipelineID=19f05eae-0a17-4d2c-b3a0-f5bd42791ae0 to datanode:f2b4d6f7-aefa-402b-a761-92c91b2f44f3
2021-10-29 00:42:30,065 [RatisPipelineUtilsThread - 0] INFO  pipeline.PipelineStateManagerImpl (PipelineStateManagerImpl.java:addPipeline(101)) - Created pipeline Pipeline[ Id: 19f05eae-0a17-4d2c-b3a0-f5bd42791ae0, Nodes: 12cd3e49-de78-4d30-aa86-c1ffa97795c8{ip: 10.1.0.32, host: fv-az291-161.wgnan5asplgejimfprtllbpdch.jx.internal.cloudapp.net, ports: [REPLICATION=45311, RATIS=42653, RATIS_ADMIN=42653, RATIS_SERVER=42653, STANDALONE=34397], networkLocation: /default-rack, certSerialId: null, persistedOpState: IN_SERVICE, persistedOpStateExpiryEpochSec: 0}e6ec3422-bd00-4bf8-8713-bff351886512{ip: 10.1.0.32, host: fv-az291-161.wgnan5asplgejimfprtllbpdch.jx.internal.cloudapp.net, ports: [REPLICATION=38043, RATIS=40113, RATIS_ADMIN=40113, RATIS_SERVER=40113, STANDALONE=39721], networkLocation: /default-rack, certSerialId: null, persistedOpState: IN_SERVICE, persistedOpStateExpiryEpochSec: 0}f2b4d6f7-aefa-402b-a761-92c91b2f44f3{ip: 10.1.0.32, host: fv-az291-161.wgnan5asplgejimfprtllbpdch.jx.internal.cloudapp.net, ports: [REPLICATION=34403, RATIS=42307, RATIS_ADMIN=42307, RATIS_SERVER=42307, STANDALONE=32977], networkLocation: /default-rack, certSerialId: null, persistedOpState: IN_SERVICE, persistedOpStateExpiryEpochSec: 0}, ReplicationConfig: RATIS/THREE, State:ALLOCATED, leaderId:, CreationTimestamp2021-10-29T00:42:30.063Z[Etc/UTC]].
2021-10-29 00:42:30,182 [ReplicationMonitor] INFO  container.ReplicationManager (ReplicationManager.java:processAll(371)) - Replication Monitor Thread took 0 milliseconds for processing 0 containers.
2021-10-29 00:42:30,290 [IPC Server handler 1 on default port 40013] INFO  net.NetworkTopologyImpl (NetworkTopologyImpl.java:add(112)) - Added a new node: /default-rack/ede339c2-3cec-47d6-98dc-ec75754dc7c3
2021-10-29 00:42:30,290 [IPC Server handler 1 on default port 40013] INFO  node.SCMNodeManager (SCMNodeManager.java:register(389)) - Registered Data node : ede339c2-3cec-47d6-98dc-ec75754dc7c3{ip: 10.1.0.32, host: fv-az291-161.wgnan5asplgejimfprtllbpdch.jx.internal.cloudapp.net, ports: [REPLICATION=37327, RATIS=43517, RATIS_ADMIN=43517, RATIS_SERVER=43517, STANDALONE=37483], networkLocation: /default-rack, certSerialId: null, persistedOpState: null, persistedOpStateExpiryEpochSec: 0}
2021-10-29 00:42:30,291 [EventQueue-NewNodeForNewNodeHandler] INFO  pipeline.BackgroundPipelineCreator (BackgroundPipelineCreator.java:notifyEventTriggered(285)) - trigger a one-shot run on RatisPipelineUtilsThread.
2021-10-29 00:42:30,292 [RatisPipelineUtilsThread - 0] INFO  pipeline.RatisPipelineProvider (RatisPipelineProvider.java:lambda$create$0(183)) - Sending CreatePipelineCommand for pipeline:PipelineID=5bf54870-aa9e-4116-a87a-5f367ad052f3 to datanode:ede339c2-3cec-47d6-98dc-ec75754dc7c3
2021-10-29 00:42:30,293 [RatisPipelineUtilsThread - 0] INFO  pipeline.PipelineStateManagerImpl (PipelineStateManagerImpl.java:addPipeline(101)) - Created pipeline Pipeline[ Id: 5bf54870-aa9e-4116-a87a-5f367ad052f3, Nodes: ede339c2-3cec-47d6-98dc-ec75754dc7c3{ip: 10.1.0.32, host: fv-az291-161.wgnan5asplgejimfprtllbpdch.jx.internal.cloudapp.net, ports: [REPLICATION=37327, RATIS=43517, RATIS_ADMIN=43517, RATIS_SERVER=43517, STANDALONE=37483], networkLocation: /default-rack, certSerialId: null, persistedOpState: IN_SERVICE, persistedOpStateExpiryEpochSec: 0}, ReplicationConfig: RATIS/ONE, State:ALLOCATED, leaderId:, CreationTimestamp2021-10-29T00:42:30.292Z[Etc/UTC]].
2021-10-29 00:42:30,523 [IPC Server handler 2 on default port 40013] INFO  net.NetworkTopologyImpl (NetworkTopologyImpl.java:add(112)) - Added a new node: /default-rack/ece50d73-52f9-426c-b062-e21d0a386dcf
2021-10-29 00:42:30,523 [IPC Server handler 2 on default port 40013] INFO  node.SCMNodeManager (SCMNodeManager.java:register(389)) - Registered Data node : ece50d73-52f9-426c-b062-e21d0a386dcf{ip: 10.1.0.32, host: fv-az291-161.wgnan5asplgejimfprtllbpdch.jx.internal.cloudapp.net, ports: [REPLICATION=37105, RATIS=33323, RATIS_ADMIN=33323, RATIS_SERVER=33323, STANDALONE=34549], networkLocation: /default-rack, certSerialId: null, persistedOpState: null, persistedOpStateExpiryEpochSec: 0}
2021-10-29 00:42:30,524 [EventQueue-NewNodeForNewNodeHandler] INFO  pipeline.BackgroundPipelineCreator (BackgroundPipelineCreator.java:notifyEventTriggered(285)) - trigger a one-shot run on RatisPipelineUtilsThread.
2021-10-29 00:42:30,526 [RatisPipelineUtilsThread - 0] INFO  pipeline.RatisPipelineProvider (RatisPipelineProvider.java:lambda$create$0(183)) - Sending CreatePipelineCommand for pipeline:PipelineID=4c3025fd-f358-4745-8c7a-6ea002b150b8 to datanode:ece50d73-52f9-426c-b062-e21d0a386dcf
2021-10-29 00:42:30,527 [RatisPipelineUtilsThread - 0] INFO  pipeline.PipelineStateManagerImpl (PipelineStateManagerImpl.java:addPipeline(101)) - Created pipeline Pipeline[ Id: 4c3025fd-f358-4745-8c7a-6ea002b150b8, Nodes: ece50d73-52f9-426c-b062-e21d0a386dcf{ip: 10.1.0.32, host: fv-az291-161.wgnan5asplgejimfprtllbpdch.jx.internal.cloudapp.net, ports: [REPLICATION=37105, RATIS=33323, RATIS_ADMIN=33323, RATIS_SERVER=33323, STANDALONE=34549], networkLocation: /default-rack, certSerialId: null, persistedOpState: IN_SERVICE, persistedOpStateExpiryEpochSec: 0}, ReplicationConfig: RATIS/ONE, State:ALLOCATED, leaderId:, CreationTimestamp2021-10-29T00:42:30.526Z[Etc/UTC]].
2021-10-29 00:42:30,701 [Listener at 127.0.0.1/33257] INFO  ozone.MiniOzoneClusterImpl (MiniOzoneClusterImpl.java:lambda$waitForClusterToBeReady$0(235)) - Waiting for nodes to be ready. Got 5 of 6 DN Heartbeats.
2021-10-29 00:42:30,701 [Listener at 127.0.0.1/33257] INFO  ozone.MiniOzoneClusterImpl (MiniOzoneClusterImpl.java:lambda$waitForClusterToBeReady$0(238)) - Waiting for cluster to exit safe mode
2021-10-29 00:42:30,701 [Listener at 127.0.0.1/33257] INFO  ozone.MiniOzoneClusterImpl (MiniOzoneClusterImpl.java:lambda$waitForClusterToBeReady$0(240)) - SCM became leader
2021-10-29 00:42:30,710 [IPC Server handler 3 on default port 40013] INFO  net.NetworkTopologyImpl (NetworkTopologyImpl.java:add(112)) - Added a new node: /default-rack/240b3f92-711e-4b06-964b-7be2bf787040
2021-10-29 00:42:30,711 [IPC Server handler 3 on default port 40013] INFO  node.SCMNodeManager (SCMNodeManager.java:register(389)) - Registered Data node : 240b3f92-711e-4b06-964b-7be2bf787040{ip: 10.1.0.32, host: fv-az291-161.wgnan5asplgejimfprtllbpdch.jx.internal.cloudapp.net, ports: [REPLICATION=34171, RATIS=39315, RATIS_ADMIN=39315, RATIS_SERVER=39315, STANDALONE=46869], networkLocation: /default-rack, certSerialId: null, persistedOpState: null, persistedOpStateExpiryEpochSec: 0}
2021-10-29 00:42:30,711 [EventQueue-NewNodeForNewNodeHandler] INFO  pipeline.BackgroundPipelineCreator (BackgroundPipelineCreator.java:notifyEventTriggered(285)) - trigger a one-shot run on RatisPipelineUtilsThread.
2021-10-29 00:42:30,712 [RatisPipelineUtilsThread - 0] INFO  pipeline.RatisPipelineProvider (RatisPipelineProvider.java:lambda$create$0(183)) - Sending CreatePipelineCommand for pipeline:PipelineID=da5f3843-65ab-4e90-a0e3-215a1a65b0a7 to datanode:240b3f92-711e-4b06-964b-7be2bf787040
2021-10-29 00:42:30,712 [RatisPipelineUtilsThread - 0] INFO  pipeline.PipelineStateManagerImpl (PipelineStateManagerImpl.java:addPipeline(101)) - Created pipeline Pipeline[ Id: da5f3843-65ab-4e90-a0e3-215a1a65b0a7, Nodes: 240b3f92-711e-4b06-964b-7be2bf787040{ip: 10.1.0.32, host: fv-az291-161.wgnan5asplgejimfprtllbpdch.jx.internal.cloudapp.net, ports: [REPLICATION=34171, RATIS=39315, RATIS_ADMIN=39315, RATIS_SERVER=39315, STANDALONE=46869], networkLocation: /default-rack, certSerialId: null, persistedOpState: IN_SERVICE, persistedOpStateExpiryEpochSec: 0}, ReplicationConfig: RATIS/ONE, State:ALLOCATED, leaderId:, CreationTimestamp2021-10-29T00:42:30.712Z[Etc/UTC]].
2021-10-29 00:42:30,713 [RatisPipelineUtilsThread - 0] INFO  pipeline.RatisPipelineProvider (RatisPipelineProvider.java:lambda$create$0(183)) - Sending CreatePipelineCommand for pipeline:PipelineID=e184be69-efb2-4d49-b603-2a945599f841 to datanode:ece50d73-52f9-426c-b062-e21d0a386dcf
2021-10-29 00:42:30,713 [RatisPipelineUtilsThread - 0] INFO  pipeline.RatisPipelineProvider (RatisPipelineProvider.java:lambda$create$0(183)) - Sending CreatePipelineCommand for pipeline:PipelineID=e184be69-efb2-4d49-b603-2a945599f841 to datanode:240b3f92-711e-4b06-964b-7be2bf787040
2021-10-29 00:42:30,713 [RatisPipelineUtilsThread - 0] INFO  pipeline.RatisPipelineProvider (RatisPipelineProvider.java:lambda$create$0(183)) - Sending CreatePipelineCommand for pipeline:PipelineID=e184be69-efb2-4d49-b603-2a945599f841 to datanode:ede339c2-3cec-47d6-98dc-ec75754dc7c3
2021-10-29 00:42:30,714 [RatisPipelineUtilsThread - 0] INFO  pipeline.PipelineStateManagerImpl (PipelineStateManagerImpl.java:addPipeline(101)) - Created pipeline Pipeline[ Id: e184be69-efb2-4d49-b603-2a945599f841, Nodes: ece50d73-52f9-426c-b062-e21d0a386dcf{ip: 10.1.0.32, host: fv-az291-161.wgnan5asplgejimfprtllbpdch.jx.internal.cloudapp.net, ports: [REPLICATION=37105, RATIS=33323, RATIS_ADMIN=33323, RATIS_SERVER=33323, STANDALONE=34549], networkLocation: /default-rack, certSerialId: null, persistedOpState: IN_SERVICE, persistedOpStateExpiryEpochSec: 0}240b3f92-711e-4b06-964b-7be2bf787040{ip: 10.1.0.32, host: fv-az291-161.wgnan5asplgejimfprtllbpdch.jx.internal.cloudapp.net, ports: [REPLICATION=34171, RATIS=39315, RATIS_ADMIN=39315, RATIS_SERVER=39315, STANDALONE=46869], networkLocation: /default-rack, certSerialId: null, persistedOpState: IN_SERVICE, persistedOpStateExpiryEpochSec: 0}ede339c2-3cec-47d6-98dc-ec75754dc7c3{ip: 10.1.0.32, host: fv-az291-161.wgnan5asplgejimfprtllbpdch.jx.internal.cloudapp.net, ports: [REPLICATION=37327, RATIS=43517, RATIS_ADMIN=43517, RATIS_SERVER=43517, STANDALONE=37483], networkLocation: /default-rack, certSerialId: null, persistedOpState: IN_SERVICE, persistedOpStateExpiryEpochSec: 0}, ReplicationConfig: RATIS/THREE, State:ALLOCATED, leaderId:, CreationTimestamp2021-10-29T00:42:30.713Z[Etc/UTC]].
2021-10-29 00:42:31,184 [ReplicationMonitor] INFO  container.ReplicationManager (ReplicationManager.java:processAll(371)) - Replication Monitor Thread took 1 milliseconds for processing 0 containers.
2021-10-29 00:42:31,702 [Listener at 127.0.0.1/33257] INFO  ozone.MiniOzoneClusterImpl (MiniOzoneClusterImpl.java:lambda$waitForClusterToBeReady$0(235)) - Nodes are ready. Got 6 of 6 DN Heartbeats.
2021-10-29 00:42:31,703 [Listener at 127.0.0.1/33257] INFO  ozone.MiniOzoneClusterImpl (MiniOzoneClusterImpl.java:lambda$waitForClusterToBeReady$0(238)) - Waiting for cluster to exit safe mode
2021-10-29 00:42:31,703 [Listener at 127.0.0.1/33257] INFO  ozone.MiniOzoneClusterImpl (MiniOzoneClusterImpl.java:lambda$waitForClusterToBeReady$0(240)) - SCM became leader
2021-10-29 00:42:32,186 [ReplicationMonitor] INFO  container.ReplicationManager (ReplicationManager.java:processAll(371)) - Replication Monitor Thread took 0 milliseconds for processing 0 containers.
2021-10-29 00:42:32,252 [Command processor thread] INFO  server.RaftServer (RaftServerProxy.java:addNew(95)) - 12cd3e49-de78-4d30-aa86-c1ffa97795c8: addNew group-AF3141016B51:[12cd3e49-de78-4d30-aa86-c1ffa97795c8|rpc:10.1.0.32:42653|priority:1] returns group-AF3141016B51:java.util.concurrent.CompletableFuture@6576d50c[Not completed]
2021-10-29 00:42:32,263 [pool-55-thread-1] INFO  server.RaftServer$Division (RaftServerImpl.java:<init>(184)) - 12cd3e49-de78-4d30-aa86-c1ffa97795c8: new RaftServerImpl for group-AF3141016B51:[12cd3e49-de78-4d30-aa86-c1ffa97795c8|rpc:10.1.0.32:42653|priority:1] with ContainerStateMachine:uninitialized
2021-10-29 00:42:32,263 [pool-55-thread-1] INFO  server.RaftServerConfigKeys (ConfUtils.java:logGet(44)) - raft.server.rpc.timeout.min = 5s (custom)
2021-10-29 00:42:32,264 [pool-55-thread-1] INFO  server.RaftServerConfigKeys (ConfUtils.java:logGet(44)) - raft.server.rpc.timeout.max = 5200ms (custom)
2021-10-29 00:42:32,264 [pool-55-thread-1] INFO  server.RaftServerConfigKeys (ConfUtils.java:logGet(44)) - raft.server.rpc.sleep.time = 25ms (default)
2021-10-29 00:42:32,264 [pool-55-thread-1] INFO  server.RaftServerConfigKeys (ConfUtils.java:logGet(44)) - raft.server.rpc.slowness.timeout = 300s (custom)
2021-10-29 00:42:32,264 [pool-55-thread-1] INFO  server.RaftServerConfigKeys (ConfUtils.java:logGet(44)) - raft.server.leaderelection.leader.step-down.wait-time = 10s (default)
2021-10-29 00:42:32,264 [pool-55-thread-1] INFO  server.RaftServerConfigKeys (ConfUtils.java:logGet(44)) - raft.server.sleep.deviation.threshold = 300ms (default)
2021-10-29 00:42:32,264 [pool-55-thread-1] INFO  server.RaftServerConfigKeys (ConfUtils.java:logGet(44)) - raft.server.log.appender.install.snapshot.enabled = false (custom)
2021-10-29 00:42:32,264 [pool-55-thread-1] INFO  server.RaftServer$Division (ServerState.java:<init>(105)) - 12cd3e49-de78-4d30-aa86-c1ffa97795c8@group-AF3141016B51: ConfigurationManager, init=-1: [12cd3e49-de78-4d30-aa86-c1ffa97795c8|rpc:10.1.0.32:42653|priority:1], old=null, confs=<EMPTY_MAP>
2021-10-29 00:42:32,264 [pool-55-thread-1] INFO  server.RaftServerConfigKeys (ConfUtils.java:logGet(44)) - raft.server.storage.dir = [/home/runner/work/ozone/ozone/hadoop-ozone/integration-test/target/test-dir/MiniOzoneClusterImpl-20f6a6ed-b629-410f-9e90-983c782471bd/datanode-0/data/ratis] (custom)
2021-10-29 00:42:32,264 [pool-55-thread-1] INFO  server.RaftServerConfigKeys (ConfUtils.java:logGet(44)) - raft.server.log.corruption.policy = EXCEPTION (default)
2021-10-29 00:42:32,264 [pool-55-thread-1] INFO  server.RaftServerConfigKeys (ConfUtils.java:logGet(44)) - raft.server.storage.free-space.min = 0MB (=0) (default)
2021-10-29 00:42:32,264 [pool-55-thread-1] INFO  storage.RaftStorageDirectory (RaftStorageDirectoryImpl.java:analyzeStorage(135)) - The storage directory /home/runner/work/ozone/ozone/hadoop-ozone/integration-test/target/test-dir/MiniOzoneClusterImpl-20f6a6ed-b629-410f-9e90-983c782471bd/datanode-0/data/ratis/c3357fca-608a-411c-87ef-af3141016b51 does not exist. Creating ...
2021-10-29 00:42:32,267 [pool-55-thread-1] INFO  storage.RaftStorageDirectory (RaftStorageDirectoryImpl.java:tryLock(230)) - Lock on /home/runner/work/ozone/ozone/hadoop-ozone/integration-test/target/test-dir/MiniOzoneClusterImpl-20f6a6ed-b629-410f-9e90-983c782471bd/datanode-0/data/ratis/c3357fca-608a-411c-87ef-af3141016b51/in_use.lock acquired by nodename 21509@fv-az291-161
2021-10-29 00:42:32,270 [pool-55-thread-1] INFO  storage.RaftStorage (RaftStorageImpl.java:format(89)) - Storage directory /home/runner/work/ozone/ozone/hadoop-ozone/integration-test/target/test-dir/MiniOzoneClusterImpl-20f6a6ed-b629-410f-9e90-983c782471bd/datanode-0/data/ratis/c3357fca-608a-411c-87ef-af3141016b51 has been successfully formatted.
2021-10-29 00:42:32,272 [pool-55-thread-1] INFO  ratis.ContainerStateMachine (ContainerStateMachine.java:loadSnapshot(224)) - group-AF3141016B51: The snapshot info is null. Setting the last applied indexto:(t:0, i:~)
2021-10-29 00:42:32,272 [pool-55-thread-1] INFO  server.RaftServerConfigKeys (ConfUtils.java:logGet(44)) - raft.server.notification.no-leader.timeout = 300s (custom)
2021-10-29 00:42:32,273 [pool-55-thread-1] INFO  server.RaftServerConfigKeys (ConfUtils.java:logGet(44)) - raft.server.log.use.memory = false (default)
2021-10-29 00:42:32,273 [pool-55-thread-1] INFO  server.RaftServerConfigKeys (ConfUtils.java:logGet(44)) - raft.server.log.purge.gap = 1000000 (custom)
2021-10-29 00:42:32,273 [pool-55-thread-1] INFO  server.RaftServerConfigKeys (ConfUtils.java:logGet(44)) - raft.server.log.appender.buffer.byte-limit = 33554432 (custom)
2021-10-29 00:42:32,274 [pool-55-thread-1] INFO  server.RaftServerConfigKeys (ConfUtils.java:logGet(44)) - raft.server.log.segment.size.max = 1048576 (custom)
2021-10-29 00:42:32,275 [pool-55-thread-1] INFO  server.RaftServerConfigKeys (ConfUtils.java:logGet(44)) - raft.server.log.segment.cache.num.max = 2 (custom)
2021-10-29 00:42:32,275 [pool-55-thread-1] INFO  server.RaftServerConfigKeys (ConfUtils.java:logGet(44)) - raft.server.log.segment.cache.size.max = 200MB (=209715200) (default)
2021-10-29 00:42:32,275 [pool-55-thread-1] INFO  segmented.SegmentedRaftLogWorker (SegmentedRaftLogWorker.java:<init>(182)) - new 12cd3e49-de78-4d30-aa86-c1ffa97795c8@group-AF3141016B51-SegmentedRaftLogWorker for RaftStorageImpl:Storage Directory /home/runner/work/ozone/ozone/hadoop-ozone/integration-test/target/test-dir/MiniOzoneClusterImpl-20f6a6ed-b629-410f-9e90-983c782471bd/datanode-0/data/ratis/c3357fca-608a-411c-87ef-af3141016b51
2021-10-29 00:42:32,275 [EventQueue-PipelineReportForPipelineReportHandler] INFO  pipeline.PipelineManagerImpl (PipelineManagerImpl.java:openPipeline(289)) - Pipeline Pipeline[ Id: c3357fca-608a-411c-87ef-af3141016b51, Nodes: 12cd3e49-de78-4d30-aa86-c1ffa97795c8{ip: 10.1.0.32, host: fv-az291-161.wgnan5asplgejimfprtllbpdch.jx.internal.cloudapp.net, ports: [REPLICATION=45311, RATIS=42653, RATIS_ADMIN=42653, RATIS_SERVER=42653, STANDALONE=34397], networkLocation: /default-rack, certSerialId: null, persistedOpState: IN_SERVICE, persistedOpStateExpiryEpochSec: 0}, ReplicationConfig: RATIS/ONE, State:ALLOCATED, leaderId:12cd3e49-de78-4d30-aa86-c1ffa97795c8, CreationTimestamp2021-10-29T00:42:29.261Z[Etc/UTC]] moved to OPEN state
2021-10-29 00:42:32,276 [pool-55-thread-1] INFO  server.RaftServerConfigKeys (ConfUtils.java:logGet(44)) - raft.server.log.queue.byte-limit = 2147483647 (custom)
2021-10-29 00:42:32,276 [pool-55-thread-1] INFO  server.RaftServerConfigKeys (ConfUtils.java:logGet(44)) - raft.server.log.queue.element-limit = 1024 (custom)
2021-10-29 00:42:32,277 [pool-55-thread-1] INFO  server.RaftServerConfigKeys (ConfUtils.java:logGet(44)) - raft.server.log.segment.size.max = 1048576 (custom)
2021-10-29 00:42:32,277 [pool-55-thread-1] INFO  server.RaftServerConfigKeys (ConfUtils.java:logGet(44)) - raft.server.log.preallocated.size = 16384 (custom)
2021-10-29 00:42:32,277 [pool-55-thread-1] INFO  server.RaftServerConfigKeys (ConfUtils.java:logGet(44)) - raft.server.log.force.sync.num = 128 (default)
2021-10-29 00:42:32,277 [pool-55-thread-1] INFO  server.RaftServerConfigKeys (ConfUtils.java:logGet(44)) - raft.server.log.statemachine.data.sync = true (default)
2021-10-29 00:42:32,277 [pool-55-thread-1] INFO  server.RaftServerConfigKeys (ConfUtils.java:logGet(44)) - raft.server.log.statemachine.data.sync.timeout = 10s (default)
2021-10-29 00:42:32,277 [pool-55-thread-1] INFO  server.RaftServerConfigKeys (ConfUtils.java:logGet(44)) - raft.server.log.statemachine.data.sync.timeout.retry = -1 (default)
2021-10-29 00:42:32,280 [pool-55-thread-1] INFO  server.RaftServerConfigKeys (ConfUtils.java:logGet(44)) - raft.server.log.write.buffer.size = 1048576 (custom)
2021-10-29 00:42:32,280 [pool-55-thread-1] INFO  server.RaftServerConfigKeys (ConfUtils.java:logGet(44)) - raft.server.log.statemachine.data.caching.enabled = true (custom)
2021-10-29 00:42:32,280 [pool-55-thread-1] INFO  segmented.SegmentedRaftLogWorker (SegmentedRaftLogWorker.java:lambda$new$0(133)) - 12cd3e49-de78-4d30-aa86-c1ffa97795c8@group-AF3141016B51-SegmentedRaftLogWorker: flushIndex: setUnconditionally 0 -> -1
2021-10-29 00:42:32,280 [pool-55-thread-1] INFO  segmented.SegmentedRaftLogWorker (SegmentedRaftLogWorker.java:lambda$new$0(133)) - 12cd3e49-de78-4d30-aa86-c1ffa97795c8@group-AF3141016B51-SegmentedRaftLogWorker: safeCacheEvictIndex: setUnconditionally 0 -> -1
2021-10-29 00:42:32,280 [EventQueue-OpenPipelineForHealthyPipelineSafeModeRule] INFO  safemode.SCMSafeModeManager (HealthyPipelineSafeModeRule.java:process(124)) - SCM in safe mode. Healthy pipelines reported count is 0, required healthy pipeline reported count is 1
2021-10-29 00:42:32,288 [pool-55-thread-1] INFO  server.RaftServerConfigKeys (ConfUtils.java:logGet(44)) - raft.server.snapshot.auto.trigger.enabled = true (custom)
2021-10-29 00:42:32,288 [pool-55-thread-1] INFO  server.RaftServerConfigKeys (ConfUtils.java:logGet(44)) - raft.server.snapshot.auto.trigger.threshold = 10000 (custom)
2021-10-29 00:42:32,289 [pool-55-thread-1] INFO  server.RaftServerConfigKeys (ConfUtils.java:logGet(44)) - raft.server.snapshot.retention.file.num = 5 (custom)
2021-10-29 00:42:32,289 [pool-55-thread-1] INFO  server.RaftServerConfigKeys (ConfUtils.java:logGet(44)) - raft.server.log.purge.upto.snapshot.index = false (default)
2021-10-29 00:42:32,289 [pool-55-thread-1] INFO  server.RaftServerConfigKeys (ConfUtils.java:logGet(44)) - raft.server.retrycache.expirytime = 600000ms (custom)
2021-10-29 00:42:32,289 [pool-55-thread-1] INFO  server.RaftServerConfigKeys (ConfUtils.java:logGet(44)) - raft.server.retrycache.statistics.expirytime = 100μs (default)
2021-10-29 00:42:32,293 [pool-55-thread-1] INFO  server.RaftServer$Division (RaftServerImpl.java:start(301)) - 12cd3e49-de78-4d30-aa86-c1ffa97795c8@group-AF3141016B51: start as a follower, conf=-1: [12cd3e49-de78-4d30-aa86-c1ffa97795c8|rpc:10.1.0.32:42653|priority:1], old=null
2021-10-29 00:42:32,293 [pool-55-thread-1] INFO  server.RaftServer$Division (RaftServerImpl.java:setRole(290)) - 12cd3e49-de78-4d30-aa86-c1ffa97795c8@group-AF3141016B51: changes role from      null to FOLLOWER at term 0 for startAsFollower
2021-10-29 00:42:32,293 [pool-55-thread-1] INFO  impl.RoleInfo (RoleInfo.java:updateAndGet(130)) - 12cd3e49-de78-4d30-aa86-c1ffa97795c8: start 12cd3e49-de78-4d30-aa86-c1ffa97795c8@group-AF3141016B51-FollowerState
2021-10-29 00:42:32,293 [pool-55-thread-1] INFO  util.JmxRegister (JmxRegister.java:tryRegister(44)) - Successfully registered JMX Bean with object name Ratis:service=RaftServer,group=group-AF3141016B51,id=12cd3e49-de78-4d30-aa86-c1ffa97795c8
2021-10-29 00:42:32,307 [Command processor thread] INFO  ratis.XceiverServerRatis (XceiverServerRatis.java:addGroup(768)) - Created group PipelineID=c3357fca-608a-411c-87ef-af3141016b51
2021-10-29 00:42:32,308 [Command processor thread] INFO  commandhandler.CreatePipelineCommandHandler (CreatePipelineCommandHandler.java:handle(106)) - Created Pipeline RATIS ONE PipelineID=c3357fca-608a-411c-87ef-af3141016b51.
2021-10-29 00:42:32,308 [Command processor thread] INFO  server.RaftServer (RaftServerProxy.java:addNew(95)) - 12cd3e49-de78-4d30-aa86-c1ffa97795c8: addNew group-F5BD42791AE0:[e6ec3422-bd00-4bf8-8713-bff351886512|rpc:10.1.0.32:40113|priority:0, f2b4d6f7-aefa-402b-a761-92c91b2f44f3|rpc:10.1.0.32:42307|priority:1, 12cd3e49-de78-4d30-aa86-c1ffa97795c8|rpc:10.1.0.32:42653|priority:0] returns group-F5BD42791AE0:java.util.concurrent.CompletableFuture@64fc1511[Not completed]
2021-10-29 00:42:32,309 [pool-55-thread-1] INFO  server.RaftServer$Division (RaftServerImpl.java:<init>(184)) - 12cd3e49-de78-4d30-aa86-c1ffa97795c8: new RaftServerImpl for group-F5BD42791AE0:[e6ec3422-bd00-4bf8-8713-bff351886512|rpc:10.1.0.32:40113|priority:0, f2b4d6f7-aefa-402b-a761-92c91b2f44f3|rpc:10.1.0.32:42307|priority:1, 12cd3e49-de78-4d30-aa86-c1ffa97795c8|rpc:10.1.0.32:42653|priority:0] with ContainerStateMachine:uninitialized
2021-10-29 00:42:32,309 [pool-55-thread-1] INFO  server.RaftServerConfigKeys (ConfUtils.java:logGet(44)) - raft.server.rpc.timeout.min = 5s (custom)
2021-10-29 00:42:32,309 [pool-55-thread-1] INFO  server.RaftServerConfigKeys (ConfUtils.java:logGet(44)) - raft.server.rpc.timeout.max = 5200ms (custom)
2021-10-29 00:42:32,310 [pool-55-thread-1] INFO  server.RaftServerConfigKeys (ConfUtils.java:logGet(44)) - raft.server.rpc.sleep.time = 25ms (default)
2021-10-29 00:42:32,310 [pool-55-thread-1] INFO  server.RaftServerConfigKeys (ConfUtils.java:logGet(44)) - raft.server.rpc.slowness.timeout = 300s (custom)
2021-10-29 00:42:32,310 [pool-55-thread-1] INFO  server.RaftServerConfigKeys (ConfUtils.java:logGet(44)) - raft.server.leaderelection.leader.step-down.wait-time = 10s (default)
2021-10-29 00:42:32,310 [pool-55-thread-1] INFO  server.RaftServerConfigKeys (ConfUtils.java:logGet(44)) - raft.server.sleep.deviation.threshold = 300ms (default)
2021-10-29 00:42:32,310 [pool-55-thread-1] INFO  server.RaftServerConfigKeys (ConfUtils.java:logGet(44)) - raft.server.log.appender.install.snapshot.enabled = false (custom)
2021-10-29 00:42:32,310 [pool-55-thread-1] INFO  server.RaftServer$Division (ServerState.java:<init>(105)) - 12cd3e49-de78-4d30-aa86-c1ffa97795c8@group-F5BD42791AE0: ConfigurationManager, init=-1: [e6ec3422-bd00-4bf8-8713-bff351886512|rpc:10.1.0.32:40113|priority:0, f2b4d6f7-aefa-402b-a761-92c91b2f44f3|rpc:10.1.0.32:42307|priority:1, 12cd3e49-de78-4d30-aa86-c1ffa97795c8|rpc:10.1.0.32:42653|priority:0], old=null, confs=<EMPTY_MAP>
2021-10-29 00:42:32,310 [pool-55-thread-1] INFO  server.RaftServerConfigKeys (ConfUtils.java:logGet(44)) - raft.server.storage.dir = [/home/runner/work/ozone/ozone/hadoop-ozone/integration-test/target/test-dir/MiniOzoneClusterImpl-20f6a6ed-b629-410f-9e90-983c782471bd/datanode-0/data/ratis] (custom)
2021-10-29 00:42:32,310 [pool-55-thread-1] INFO  server.RaftServerConfigKeys (ConfUtils.java:logGet(44)) - raft.server.log.corruption.policy = EXCEPTION (default)
2021-10-29 00:42:32,310 [pool-55-thread-1] INFO  server.RaftServerConfigKeys (ConfUtils.java:logGet(44)) - raft.server.storage.free-space.min = 0MB (=0) (default)
2021-10-29 00:42:32,310 [pool-55-thread-1] INFO  storage.RaftStorageDirectory (RaftStorageDirectoryImpl.java:analyzeStorage(135)) - The storage directory /home/runner/work/ozone/ozone/hadoop-ozone/integration-test/target/test-dir/MiniOzoneClusterImpl-20f6a6ed-b629-410f-9e90-983c782471bd/datanode-0/data/ratis/19f05eae-0a17-4d2c-b3a0-f5bd42791ae0 does not exist. Creating ...
2021-10-29 00:42:32,319 [pool-55-thread-1] INFO  storage.RaftStorageDirectory (RaftStorageDirectoryImpl.java:tryLock(230)) - Lock on /home/runner/work/ozone/ozone/hadoop-ozone/integration-test/target/test-dir/MiniOzoneClusterImpl-20f6a6ed-b629-410f-9e90-983c782471bd/datanode-0/data/ratis/19f05eae-0a17-4d2c-b3a0-f5bd42791ae0/in_use.lock acquired by nodename 21509@fv-az291-161
2021-10-29 00:42:32,321 [pool-55-thread-1] INFO  storage.RaftStorage (RaftStorageImpl.java:format(89)) - Storage directory /home/runner/work/ozone/ozone/hadoop-ozone/integration-test/target/test-dir/MiniOzoneClusterImpl-20f6a6ed-b629-410f-9e90-983c782471bd/datanode-0/data/ratis/19f05eae-0a17-4d2c-b3a0-f5bd42791ae0 has been successfully formatted.
2021-10-29 00:42:32,321 [pool-55-thread-1] INFO  ratis.ContainerStateMachine (ContainerStateMachine.java:loadSnapshot(224)) - group-F5BD42791AE0: The snapshot info is null. Setting the last applied indexto:(t:0, i:~)
2021-10-29 00:42:32,321 [pool-55-thread-1] INFO  server.RaftServerConfigKeys (ConfUtils.java:logGet(44)) - raft.server.notification.no-leader.timeout = 300s (custom)
2021-10-29 00:42:32,321 [pool-55-thread-1] INFO  server.RaftServerConfigKeys (ConfUtils.java:logGet(44)) - raft.server.log.use.memory = false (default)
2021-10-29 00:42:32,321 [pool-55-thread-1] INFO  server.RaftServerConfigKeys (ConfUtils.java:logGet(44)) - raft.server.log.purge.gap = 1000000 (custom)
2021-10-29 00:42:32,330 [EventQueue-OpenPipelineForHealthyPipelineSafeModeRule] INFO  safemode.SCMSafeModeManager (HealthyPipelineSafeModeRule.java:process(124)) - SCM in safe mode. Healthy pipelines reported count is 0, required healthy pipeline reported count is 1
2021-10-29 00:42:32,331 [pool-55-thread-1] INFO  server.RaftServerConfigKeys (ConfUtils.java:logGet(44)) - raft.server.log.appender.buffer.byte-limit = 33554432 (custom)
2021-10-29 00:42:32,331 [pool-55-thread-1] INFO  server.RaftServerConfigKeys (ConfUtils.java:logGet(44)) - raft.server.log.segment.size.max = 1048576 (custom)
2021-10-29 00:42:32,332 [pool-55-thread-1] INFO  server.RaftServerConfigKeys (ConfUtils.java:logGet(44)) - raft.server.log.segment.cache.num.max = 2 (custom)
2021-10-29 00:42:32,332 [pool-55-thread-1] INFO  server.RaftServerConfigKeys (ConfUtils.java:logGet(44)) - raft.server.log.segment.cache.size.max = 200MB (=209715200) (default)
2021-10-29 00:42:32,332 [pool-55-thread-1] INFO  segmented.SegmentedRaftLogWorker (SegmentedRaftLogWorker.java:<init>(182)) - new 12cd3e49-de78-4d30-aa86-c1ffa97795c8@group-F5BD42791AE0-SegmentedRaftLogWorker for RaftStorageImpl:Storage Directory /home/runner/work/ozone/ozone/hadoop-ozone/integration-test/target/test-dir/MiniOzoneClusterImpl-20f6a6ed-b629-410f-9e90-983c782471bd/datanode-0/data/ratis/19f05eae-0a17-4d2c-b3a0-f5bd42791ae0
2021-10-29 00:42:32,332 [pool-55-thread-1] INFO  server.RaftServerConfigKeys (ConfUtils.java:logGet(44)) - raft.server.log.queue.byte-limit = 2147483647 (custom)
2021-10-29 00:42:32,332 [pool-55-thread-1] INFO  server.RaftServerConfigKeys (ConfUtils.java:logGet(44)) - raft.server.log.queue.element-limit = 1024 (custom)
2021-10-29 00:42:32,332 [pool-55-thread-1] INFO  server.RaftServerConfigKeys (ConfUtils.java:logGet(44)) - raft.server.log.segment.size.max = 1048576 (custom)
2021-10-29 00:42:32,332 [pool-55-thread-1] INFO  server.RaftServerConfigKeys (ConfUtils.java:logGet(44)) - raft.server.log.preallocated.size = 16384 (custom)
2021-10-29 00:42:32,332 [pool-55-thread-1] INFO  server.RaftServerConfigKeys (ConfUtils.java:logGet(44)) - raft.server.log.force.sync.num = 128 (default)
2021-10-29 00:42:32,332 [pool-55-thread-1] INFO  server.RaftServerConfigKeys (ConfUtils.java:logGet(44)) - raft.server.log.statemachine.data.sync = true (default)
2021-10-29 00:42:32,332 [pool-55-thread-1] INFO  server.RaftServerConfigKeys (ConfUtils.java:logGet(44)) - raft.server.log.statemachine.data.sync.timeout = 10s (default)
2021-10-29 00:42:32,333 [pool-55-thread-1] INFO  server.RaftServerConfigKeys (ConfUtils.java:logGet(44)) - raft.server.log.statemachine.data.sync.timeout.retry = -1 (default)
2021-10-29 00:42:32,334 [pool-55-thread-1] INFO  server.RaftServerConfigKeys (ConfUtils.java:logGet(44)) - raft.server.log.write.buffer.size = 1048576 (custom)
2021-10-29 00:42:32,334 [pool-55-thread-1] INFO  server.RaftServerConfigKeys (ConfUtils.java:logGet(44)) - raft.server.log.statemachine.data.caching.enabled = true (custom)
2021-10-29 00:42:32,335 [pool-55-thread-1] INFO  segmented.SegmentedRaftLogWorker (SegmentedRaftLogWorker.java:lambda$new$0(133)) - 12cd3e49-de78-4d30-aa86-c1ffa97795c8@group-F5BD42791AE0-SegmentedRaftLogWorker: flushIndex: setUnconditionally 0 -> -1
2021-10-29 00:42:32,335 [pool-55-thread-1] INFO  segmented.SegmentedRaftLogWorker (SegmentedRaftLogWorker.java:lambda$new$0(133)) - 12cd3e49-de78-4d30-aa86-c1ffa97795c8@group-F5BD42791AE0-SegmentedRaftLogWorker: safeCacheEvictIndex: setUnconditionally 0 -> -1
2021-10-29 00:42:32,337 [pool-55-thread-1] INFO  server.RaftServerConfigKeys (ConfUtils.java:logGet(44)) - raft.server.snapshot.auto.trigger.enabled = true (custom)
2021-10-29 00:42:32,337 [pool-55-thread-1] INFO  server.RaftServerConfigKeys (ConfUtils.java:logGet(44)) - raft.server.snapshot.auto.trigger.threshold = 10000 (custom)
2021-10-29 00:42:32,337 [pool-55-thread-1] INFO  server.RaftServerConfigKeys (ConfUtils.java:logGet(44)) - raft.server.snapshot.retention.file.num = 5 (custom)
2021-10-29 00:42:32,337 [pool-55-thread-1] INFO  server.RaftServerConfigKeys (ConfUtils.java:logGet(44)) - raft.server.log.purge.upto.snapshot.index = false (default)
2021-10-29 00:42:32,337 [pool-55-thread-1] INFO  server.RaftServerConfigKeys (ConfUtils.java:logGet(44)) - raft.server.retrycache.expirytime = 600000ms (custom)
2021-10-29 00:42:32,337 [pool-55-thread-1] INFO  server.RaftServerConfigKeys (ConfUtils.java:logGet(44)) - raft.server.retrycache.statistics.expirytime = 100μs (default)
2021-10-29 00:42:32,342 [pool-55-thread-1] INFO  server.RaftServer$Division (RaftServerImpl.java:start(301)) - 12cd3e49-de78-4d30-aa86-c1ffa97795c8@group-F5BD42791AE0: start as a follower, conf=-1: [e6ec3422-bd00-4bf8-8713-bff351886512|rpc:10.1.0.32:40113|priority:0, f2b4d6f7-aefa-402b-a761-92c91b2f44f3|rpc:10.1.0.32:42307|priority:1, 12cd3e49-de78-4d30-aa86-c1ffa97795c8|rpc:10.1.0.32:42653|priority:0], old=null
2021-10-29 00:42:32,342 [pool-55-thread-1] INFO  server.RaftServer$Division (RaftServerImpl.java:setRole(290)) - 12cd3e49-de78-4d30-aa86-c1ffa97795c8@group-F5BD42791AE0: changes role from      null to FOLLOWER at term 0 for startAsFollower
2021-10-29 00:42:32,343 [pool-55-thread-1] INFO  impl.RoleInfo (RoleInfo.java:updateAndGet(130)) - 12cd3e49-de78-4d30-aa86-c1ffa97795c8: start 12cd3e49-de78-4d30-aa86-c1ffa97795c8@group-F5BD42791AE0-FollowerState
2021-10-29 00:42:32,343 [pool-55-thread-1] INFO  util.JmxRegister (JmxRegister.java:tryRegister(44)) - Successfully registered JMX Bean with object name Ratis:service=RaftServer,group=group-F5BD42791AE0,id=12cd3e49-de78-4d30-aa86-c1ffa97795c8
2021-10-29 00:42:32,344 [Command processor thread] INFO  ratis.XceiverServerRatis (XceiverServerRatis.java:addGroup(768)) - Created group PipelineID=19f05eae-0a17-4d2c-b3a0-f5bd42791ae0
2021-10-29 00:42:32,703 [Listener at 127.0.0.1/33257] INFO  ozone.MiniOzoneClusterImpl (MiniOzoneClusterImpl.java:lambda$waitForClusterToBeReady$0(235)) - Nodes are ready. Got 6 of 6 DN Heartbeats.
2021-10-29 00:42:32,703 [Listener at 127.0.0.1/33257] INFO  ozone.MiniOzoneClusterImpl (MiniOzoneClusterImpl.java:lambda$waitForClusterToBeReady$0(238)) - Waiting for cluster to exit safe mode
2021-10-29 00:42:32,703 [Listener at 127.0.0.1/33257] INFO  ozone.MiniOzoneClusterImpl (MiniOzoneClusterImpl.java:lambda$waitForClusterToBeReady$0(240)) - SCM became leader
2021-10-29 00:42:32,828 [Command processor thread] INFO  server.RaftServer (RaftServerProxy.java:addNew(95)) - e6ec3422-bd00-4bf8-8713-bff351886512: addNew group-A24A4F07FED9:[e6ec3422-bd00-4bf8-8713-bff351886512|rpc:10.1.0.32:40113|priority:1] returns group-A24A4F07FED9:java.util.concurrent.CompletableFuture@cc74e7f[Not completed]
2021-10-29 00:42:32,833 [pool-74-thread-1] INFO  server.RaftServer$Division (RaftServerImpl.java:<init>(184)) - e6ec3422-bd00-4bf8-8713-bff351886512: new RaftServerImpl for group-A24A4F07FED9:[e6ec3422-bd00-4bf8-8713-bff351886512|rpc:10.1.0.32:40113|priority:1] with ContainerStateMachine:uninitialized
2021-10-29 00:42:32,839 [pool-74-thread-1] INFO  server.RaftServerConfigKeys (ConfUtils.java:logGet(44)) - raft.server.rpc.timeout.min = 5s (custom)
2021-10-29 00:42:32,839 [pool-74-thread-1] INFO  server.RaftServerConfigKeys (ConfUtils.java:logGet(44)) - raft.server.rpc.timeout.max = 5200ms (custom)
2021-10-29 00:42:32,839 [pool-74-thread-1] INFO  server.RaftServerConfigKeys (ConfUtils.java:logGet(44)) - raft.server.rpc.sleep.time = 25ms (default)
2021-10-29 00:42:32,839 [pool-74-thread-1] INFO  server.RaftServerConfigKeys (ConfUtils.java:logGet(44)) - raft.server.rpc.slowness.timeout = 300s (custom)
2021-10-29 00:42:32,839 [pool-74-thread-1] INFO  server.RaftServerConfigKeys (ConfUtils.java:logGet(44)) - raft.server.leaderelection.leader.step-down.wait-time = 10s (default)
2021-10-29 00:42:32,840 [pool-74-thread-1] INFO  server.RaftServerConfigKeys (ConfUtils.java:logGet(44)) - raft.server.sleep.deviation.threshold = 300ms (default)
2021-10-29 00:42:32,840 [pool-74-thread-1] INFO  server.RaftServerConfigKeys (ConfUtils.java:logGet(44)) - raft.server.log.appender.install.snapshot.enabled = false (custom)
2021-10-29 00:42:32,840 [pool-74-thread-1] INFO  server.RaftServer$Division (ServerState.java:<init>(105)) - e6ec3422-bd00-4bf8-8713-bff351886512@group-A24A4F07FED9: ConfigurationManager, init=-1: [e6ec3422-bd00-4bf8-8713-bff351886512|rpc:10.1.0.32:40113|priority:1], old=null, confs=<EMPTY_MAP>
2021-10-29 00:42:32,840 [pool-74-thread-1] INFO  server.RaftServerConfigKeys (ConfUtils.java:logGet(44)) - raft.server.storage.dir = [/home/runner/work/ozone/ozone/hadoop-ozone/integration-test/target/test-dir/MiniOzoneClusterImpl-20f6a6ed-b629-410f-9e90-983c782471bd/datanode-1/data/ratis] (custom)
2021-10-29 00:42:32,840 [pool-74-thread-1] INFO  server.RaftServerConfigKeys (ConfUtils.java:logGet(44)) - raft.server.log.corruption.policy = EXCEPTION (default)
2021-10-29 00:42:32,840 [pool-74-thread-1] INFO  server.RaftServerConfigKeys (ConfUtils.java:logGet(44)) - raft.server.storage.free-space.min = 0MB (=0) (default)
2021-10-29 00:42:32,840 [pool-74-thread-1] INFO  storage.RaftStorageDirectory (RaftStorageDirectoryImpl.java:analyzeStorage(135)) - The storage directory /home/runner/work/ozone/ozone/hadoop-ozone/integration-test/target/test-dir/MiniOzoneClusterImpl-20f6a6ed-b629-410f-9e90-983c782471bd/datanode-1/data/ratis/b56191ab-1833-44ce-a69d-a24a4f07fed9 does not exist. Creating ...
2021-10-29 00:42:32,841 [pool-74-thread-1] INFO  storage.RaftStorageDirectory (RaftStorageDirectoryImpl.java:tryLock(230)) - Lock on /home/runner/work/ozone/ozone/hadoop-ozone/integration-test/target/test-dir/MiniOzoneClusterImpl-20f6a6ed-b629-410f-9e90-983c782471bd/datanode-1/data/ratis/b56191ab-1833-44ce-a69d-a24a4f07fed9/in_use.lock acquired by nodename 21509@fv-az291-161
2021-10-29 00:42:32,846 [pool-74-thread-1] INFO  storage.RaftStorage (RaftStorageImpl.java:format(89)) - Storage directory /home/runner/work/ozone/ozone/hadoop-ozone/integration-test/target/test-dir/MiniOzoneClusterImpl-20f6a6ed-b629-410f-9e90-983c782471bd/datanode-1/data/ratis/b56191ab-1833-44ce-a69d-a24a4f07fed9 has been successfully formatted.
2021-10-29 00:42:32,846 [pool-74-thread-1] INFO  ratis.ContainerStateMachine (ContainerStateMachine.java:loadSnapshot(224)) - group-A24A4F07FED9: The snapshot info is null. Setting the last applied indexto:(t:0, i:~)
2021-10-29 00:42:32,853 [pool-74-thread-1] INFO  server.RaftServerConfigKeys (ConfUtils.java:logGet(44)) - raft.server.notification.no-leader.timeout = 300s (custom)
2021-10-29 00:42:32,853 [pool-74-thread-1] INFO  server.RaftServerConfigKeys (ConfUtils.java:logGet(44)) - raft.server.log.use.memory = false (default)
2021-10-29 00:42:32,854 [pool-74-thread-1] INFO  server.RaftServerConfigKeys (ConfUtils.java:logGet(44)) - raft.server.log.purge.gap = 1000000 (custom)
2021-10-29 00:42:32,854 [pool-74-thread-1] INFO  server.RaftServerConfigKeys (ConfUtils.java:logGet(44)) - raft.server.log.appender.buffer.byte-limit = 33554432 (custom)
2021-10-29 00:42:32,854 [pool-74-thread-1] INFO  server.RaftServerConfigKeys (ConfUtils.java:logGet(44)) - raft.server.log.segment.size.max = 1048576 (custom)
2021-10-29 00:42:32,855 [pool-74-thread-1] INFO  server.RaftServerConfigKeys (ConfUtils.java:logGet(44)) - raft.server.log.segment.cache.num.max = 2 (custom)
2021-10-29 00:42:32,855 [pool-74-thread-1] INFO  server.RaftServerConfigKeys (ConfUtils.java:logGet(44)) - raft.server.log.segment.cache.size.max = 200MB (=209715200) (default)
2021-10-29 00:42:32,855 [pool-74-thread-1] INFO  segmented.SegmentedRaftLogWorker (SegmentedRaftLogWorker.java:<init>(182)) - new e6ec3422-bd00-4bf8-8713-bff351886512@group-A24A4F07FED9-SegmentedRaftLogWorker for RaftStorageImpl:Storage Directory /home/runner/work/ozone/ozone/hadoop-ozone/integration-test/target/test-dir/MiniOzoneClusterImpl-20f6a6ed-b629-410f-9e90-983c782471bd/datanode-1/data/ratis/b56191ab-1833-44ce-a69d-a24a4f07fed9
2021-10-29 00:42:32,855 [pool-74-thread-1] INFO  server.RaftServerConfigKeys (ConfUtils.java:logGet(44)) - raft.server.log.queue.byte-limit = 2147483647 (custom)
2021-10-29 00:42:32,855 [pool-74-thread-1] INFO  server.RaftServerConfigKeys (ConfUtils.java:logGet(44)) - raft.server.log.queue.element-limit = 1024 (custom)
2021-10-29 00:42:32,855 [pool-74-thread-1] INFO  server.RaftServerConfigKeys (ConfUtils.java:logGet(44)) - raft.server.log.segment.size.max = 1048576 (custom)
2021-10-29 00:42:32,855 [pool-74-thread-1] INFO  server.RaftServerConfigKeys (ConfUtils.java:logGet(44)) - raft.server.log.preallocated.size = 16384 (custom)
2021-10-29 00:42:32,855 [pool-74-thread-1] INFO  server.RaftServerConfigKeys (ConfUtils.java:logGet(44)) - raft.server.log.force.sync.num = 128 (default)
2021-10-29 00:42:32,855 [pool-74-thread-1] INFO  server.RaftServerConfigKeys (ConfUtils.java:logGet(44)) - raft.server.log.statemachine.data.sync = true (default)
2021-10-29 00:42:32,855 [pool-74-thread-1] INFO  server.RaftServerConfigKeys (ConfUtils.java:logGet(44)) - raft.server.log.statemachine.data.sync.timeout = 10s (default)
2021-10-29 00:42:32,855 [pool-74-thread-1] INFO  server.RaftServerConfigKeys (ConfUtils.java:logGet(44)) - raft.server.log.statemachine.data.sync.timeout.retry = -1 (default)
2021-10-29 00:42:32,852 [EventQueue-PipelineReportForPipelineReportHandler] INFO  pipeline.PipelineManagerImpl (PipelineManagerImpl.java:openPipeline(289)) - Pipeline Pipeline[ Id: b56191ab-1833-44ce-a69d-a24a4f07fed9, Nodes: e6ec3422-bd00-4bf8-8713-bff351886512{ip: 10.1.0.32, host: fv-az291-161.wgnan5asplgejimfprtllbpdch.jx.internal.cloudapp.net, ports: [REPLICATION=38043, RATIS=40113, RATIS_ADMIN=40113, RATIS_SERVER=40113, STANDALONE=39721], networkLocation: /default-rack, certSerialId: null, persistedOpState: IN_SERVICE, persistedOpStateExpiryEpochSec: 0}, ReplicationConfig: RATIS/ONE, State:ALLOCATED, leaderId:e6ec3422-bd00-4bf8-8713-bff351886512, CreationTimestamp2021-10-29T00:42:29.823Z[Etc/UTC]] moved to OPEN state
2021-10-29 00:42:32,856 [EventQueue-OpenPipelineForHealthyPipelineSafeModeRule] INFO  safemode.SCMSafeModeManager (HealthyPipelineSafeModeRule.java:process(124)) - SCM in safe mode. Healthy pipelines reported count is 0, required healthy pipeline reported count is 1
2021-10-29 00:42:32,861 [pool-74-thread-1] INFO  server.RaftServerConfigKeys (ConfUtils.java:logGet(44)) - raft.server.log.write.buffer.size = 1048576 (custom)
2021-10-29 00:42:32,866 [pool-74-thread-1] INFO  server.RaftServerConfigKeys (ConfUtils.java:logGet(44)) - raft.server.log.statemachine.data.caching.enabled = true (custom)
2021-10-29 00:42:32,866 [pool-74-thread-1] INFO  segmented.SegmentedRaftLogWorker (SegmentedRaftLogWorker.java:lambda$new$0(133)) - e6ec3422-bd00-4bf8-8713-bff351886512@group-A24A4F07FED9-SegmentedRaftLogWorker: flushIndex: setUnconditionally 0 -> -1
2021-10-29 00:42:32,866 [pool-74-thread-1] INFO  segmented.SegmentedRaftLogWorker (SegmentedRaftLogWorker.java:lambda$new$0(133)) - e6ec3422-bd00-4bf8-8713-bff351886512@group-A24A4F07FED9-SegmentedRaftLogWorker: safeCacheEvictIndex: setUnconditionally 0 -> -1
2021-10-29 00:42:32,870 [pool-74-thread-1] INFO  server.RaftServerConfigKeys (ConfUtils.java:logGet(44)) - raft.server.snapshot.auto.trigger.enabled = true (custom)
2021-10-29 00:42:32,870 [pool-74-thread-1] INFO  server.RaftServerConfigKeys (ConfUtils.java:logGet(44)) - raft.server.snapshot.auto.trigger.threshold = 10000 (custom)
2021-10-29 00:42:32,870 [pool-74-thread-1] INFO  server.RaftServerConfigKeys (ConfUtils.java:logGet(44)) - raft.server.snapshot.retention.file.num = 5 (custom)
2021-10-29 00:42:32,870 [pool-74-thread-1] INFO  server.RaftServerConfigKeys (ConfUtils.java:logGet(44)) - raft.server.log.purge.upto.snapshot.index = false (default)
2021-10-29 00:42:32,870 [pool-74-thread-1] INFO  server.RaftServerConfigKeys (ConfUtils.java:logGet(44)) - raft.server.retrycache.expirytime = 600000ms (custom)
2021-10-29 00:42:32,870 [pool-74-thread-1] INFO  server.RaftServerConfigKeys (ConfUtils.java:logGet(44)) - raft.server.retrycache.statistics.expirytime = 100μs (default)
2021-10-29 00:42:32,873 [pool-74-thread-1] INFO  server.RaftServer$Division (RaftServerImpl.java:start(301)) - e6ec3422-bd00-4bf8-8713-bff351886512@group-A24A4F07FED9: start as a follower, conf=-1: [e6ec3422-bd00-4bf8-8713-bff351886512|rpc:10.1.0.32:40113|priority:1], old=null
2021-10-29 00:42:32,873 [pool-74-thread-1] INFO  server.RaftServer$Division (RaftServerImpl.java:setRole(290)) - e6ec3422-bd00-4bf8-8713-bff351886512@group-A24A4F07FED9: changes role from      null to FOLLOWER at term 0 for startAsFollower
2021-10-29 00:42:32,873 [pool-74-thread-1] INFO  impl.RoleInfo (RoleInfo.java:updateAndGet(130)) - e6ec3422-bd00-4bf8-8713-bff351886512: start e6ec3422-bd00-4bf8-8713-bff351886512@group-A24A4F07FED9-FollowerState
2021-10-29 00:42:32,884 [pool-74-thread-1] INFO  util.JmxRegister (JmxRegister.java:tryRegister(44)) - Successfully registered JMX Bean with object name Ratis:service=RaftServer,group=group-A24A4F07FED9,id=e6ec3422-bd00-4bf8-8713-bff351886512
2021-10-29 00:42:32,889 [Command processor thread] INFO  ratis.XceiverServerRatis (XceiverServerRatis.java:addGroup(768)) - Created group PipelineID=b56191ab-1833-44ce-a69d-a24a4f07fed9
2021-10-29 00:42:32,889 [Command processor thread] INFO  commandhandler.CreatePipelineCommandHandler (CreatePipelineCommandHandler.java:handle(106)) - Created Pipeline RATIS ONE PipelineID=b56191ab-1833-44ce-a69d-a24a4f07fed9.
2021-10-29 00:42:32,891 [Command processor thread] INFO  server.RaftServer (RaftServerProxy.java:addNew(95)) - e6ec3422-bd00-4bf8-8713-bff351886512: addNew group-F5BD42791AE0:[e6ec3422-bd00-4bf8-8713-bff351886512|rpc:10.1.0.32:40113|priority:0, f2b4d6f7-aefa-402b-a761-92c91b2f44f3|rpc:10.1.0.32:42307|priority:1, 12cd3e49-de78-4d30-aa86-c1ffa97795c8|rpc:10.1.0.32:42653|priority:0] returns group-F5BD42791AE0:java.util.concurrent.CompletableFuture@8f8db3f[Not completed]
2021-10-29 00:42:32,892 [pool-74-thread-1] INFO  server.RaftServer$Division (RaftServerImpl.java:<init>(184)) - e6ec3422-bd00-4bf8-8713-bff351886512: new RaftServerImpl for group-F5BD42791AE0:[e6ec3422-bd00-4bf8-8713-bff351886512|rpc:10.1.0.32:40113|priority:0, f2b4d6f7-aefa-402b-a761-92c91b2f44f3|rpc:10.1.0.32:42307|priority:1, 12cd3e49-de78-4d30-aa86-c1ffa97795c8|rpc:10.1.0.32:42653|priority:0] with ContainerStateMachine:uninitialized
2021-10-29 00:42:32,892 [pool-74-thread-1] INFO  server.RaftServerConfigKeys (ConfUtils.java:logGet(44)) - raft.server.rpc.timeout.min = 5s (custom)
2021-10-29 00:42:32,892 [pool-74-thread-1] INFO  server.RaftServerConfigKeys (ConfUtils.java:logGet(44)) - raft.server.rpc.timeout.max = 5200ms (custom)
2021-10-29 00:42:32,892 [pool-74-thread-1] INFO  server.RaftServerConfigKeys (ConfUtils.java:logGet(44)) - raft.server.rpc.sleep.time = 25ms (default)
2021-10-29 00:42:32,892 [pool-74-thread-1] INFO  server.RaftServerConfigKeys (ConfUtils.java:logGet(44)) - raft.server.rpc.slowness.timeout = 300s (custom)
2021-10-29 00:42:32,893 [pool-74-thread-1] INFO  server.RaftServerConfigKeys (ConfUtils.java:logGet(44)) - raft.server.leaderelection.leader.step-down.wait-time = 10s (default)
2021-10-29 00:42:32,893 [pool-74-thread-1] INFO  server.RaftServerConfigKeys (ConfUtils.java:logGet(44)) - raft.server.sleep.deviation.threshold = 300ms (default)
2021-10-29 00:42:32,893 [pool-74-thread-1] INFO  server.RaftServerConfigKeys (ConfUtils.java:logGet(44)) - raft.server.log.appender.install.snapshot.enabled = false (custom)
2021-10-29 00:42:32,893 [pool-74-thread-1] INFO  server.RaftServer$Division (ServerState.java:<init>(105)) - e6ec3422-bd00-4bf8-8713-bff351886512@group-F5BD42791AE0: ConfigurationManager, init=-1: [e6ec3422-bd00-4bf8-8713-bff351886512|rpc:10.1.0.32:40113|priority:0, f2b4d6f7-aefa-402b-a761-92c91b2f44f3|rpc:10.1.0.32:42307|priority:1, 12cd3e49-de78-4d30-aa86-c1ffa97795c8|rpc:10.1.0.32:42653|priority:0], old=null, confs=<EMPTY_MAP>
2021-10-29 00:42:32,893 [pool-74-thread-1] INFO  server.RaftServerConfigKeys (ConfUtils.java:logGet(44)) - raft.server.storage.dir = [/home/runner/work/ozone/ozone/hadoop-ozone/integration-test/target/test-dir/MiniOzoneClusterImpl-20f6a6ed-b629-410f-9e90-983c782471bd/datanode-1/data/ratis] (custom)
2021-10-29 00:42:32,893 [pool-74-thread-1] INFO  server.RaftServerConfigKeys (ConfUtils.java:logGet(44)) - raft.server.log.corruption.policy = EXCEPTION (default)
2021-10-29 00:42:32,893 [pool-74-thread-1] INFO  server.RaftServerConfigKeys (ConfUtils.java:logGet(44)) - raft.server.storage.free-space.min = 0MB (=0) (default)
2021-10-29 00:42:32,893 [pool-74-thread-1] INFO  storage.RaftStorageDirectory (RaftStorageDirectoryImpl.java:analyzeStorage(135)) - The storage directory /home/runner/work/ozone/ozone/hadoop-ozone/integration-test/target/test-dir/MiniOzoneClusterImpl-20f6a6ed-b629-410f-9e90-983c782471bd/datanode-1/data/ratis/19f05eae-0a17-4d2c-b3a0-f5bd42791ae0 does not exist. Creating ...
2021-10-29 00:42:32,894 [pool-74-thread-1] INFO  storage.RaftStorageDirectory (RaftStorageDirectoryImpl.java:tryLock(230)) - Lock on /home/runner/work/ozone/ozone/hadoop-ozone/integration-test/target/test-dir/MiniOzoneClusterImpl-20f6a6ed-b629-410f-9e90-983c782471bd/datanode-1/data/ratis/19f05eae-0a17-4d2c-b3a0-f5bd42791ae0/in_use.lock acquired by nodename 21509@fv-az291-161
2021-10-29 00:42:32,896 [pool-74-thread-1] INFO  storage.RaftStorage (RaftStorageImpl.java:format(89)) - Storage directory /home/runner/work/ozone/ozone/hadoop-ozone/integration-test/target/test-dir/MiniOzoneClusterImpl-20f6a6ed-b629-410f-9e90-983c782471bd/datanode-1/data/ratis/19f05eae-0a17-4d2c-b3a0-f5bd42791ae0 has been successfully formatted.
2021-10-29 00:42:32,898 [pool-74-thread-1] INFO  ratis.ContainerStateMachine (ContainerStateMachine.java:loadSnapshot(224)) - group-F5BD42791AE0: The snapshot info is null. Setting the last applied indexto:(t:0, i:~)
2021-10-29 00:42:32,899 [pool-74-thread-1] INFO  server.RaftServerConfigKeys (ConfUtils.java:logGet(44)) - raft.server.notification.no-leader.timeout = 300s (custom)
2021-10-29 00:42:32,899 [pool-74-thread-1] INFO  server.RaftServerConfigKeys (ConfUtils.java:logGet(44)) - raft.server.log.use.memory = false (default)
2021-10-29 00:42:32,900 [pool-74-thread-1] INFO  server.RaftServerConfigKeys (ConfUtils.java:logGet(44)) - raft.server.log.purge.gap = 1000000 (custom)
2021-10-29 00:42:32,900 [pool-74-thread-1] INFO  server.RaftServerConfigKeys (ConfUtils.java:logGet(44)) - raft.server.log.appender.buffer.byte-limit = 33554432 (custom)
2021-10-29 00:42:32,899 [EventQueue-OpenPipelineForHealthyPipelineSafeModeRule] INFO  safemode.SCMSafeModeManager (HealthyPipelineSafeModeRule.java:process(124)) - SCM in safe mode. Healthy pipelines reported count is 0, required healthy pipeline reported count is 1
2021-10-29 00:42:32,900 [pool-74-thread-1] INFO  server.RaftServerConfigKeys (ConfUtils.java:logGet(44)) - raft.server.log.segment.size.max = 1048576 (custom)
2021-10-29 00:42:32,904 [pool-74-thread-1] INFO  server.RaftServerConfigKeys (ConfUtils.java:logGet(44)) - raft.server.log.segment.cache.num.max = 2 (custom)
2021-10-29 00:42:32,904 [pool-74-thread-1] INFO  server.RaftServerConfigKeys (ConfUtils.java:logGet(44)) - raft.server.log.segment.cache.size.max = 200MB (=209715200) (default)
2021-10-29 00:42:32,904 [pool-74-thread-1] INFO  segmented.SegmentedRaftLogWorker (SegmentedRaftLogWorker.java:<init>(182)) - new e6ec3422-bd00-4bf8-8713-bff351886512@group-F5BD42791AE0-SegmentedRaftLogWorker for RaftStorageImpl:Storage Directory /home/runner/work/ozone/ozone/hadoop-ozone/integration-test/target/test-dir/MiniOzoneClusterImpl-20f6a6ed-b629-410f-9e90-983c782471bd/datanode-1/data/ratis/19f05eae-0a17-4d2c-b3a0-f5bd42791ae0
2021-10-29 00:42:32,904 [pool-74-thread-1] INFO  server.RaftServerConfigKeys (ConfUtils.java:logGet(44)) - raft.server.log.queue.byte-limit = 2147483647 (custom)
2021-10-29 00:42:32,904 [pool-74-thread-1] INFO  server.RaftServerConfigKeys (ConfUtils.java:logGet(44)) - raft.server.log.queue.element-limit = 1024 (custom)
2021-10-29 00:42:32,905 [pool-74-thread-1] INFO  server.RaftServerConfigKeys (ConfUtils.java:logGet(44)) - raft.server.log.segment.size.max = 1048576 (custom)
2021-10-29 00:42:32,905 [pool-74-thread-1] INFO  server.RaftServerConfigKeys (ConfUtils.java:logGet(44)) - raft.server.log.preallocated.size = 16384 (custom)
2021-10-29 00:42:32,905 [pool-74-thread-1] INFO  server.RaftServerConfigKeys (ConfUtils.java:logGet(44)) - raft.server.log.force.sync.num = 128 (default)
2021-10-29 00:42:32,905 [pool-74-thread-1] INFO  server.RaftServerConfigKeys (ConfUtils.java:logGet(44)) - raft.server.log.statemachine.data.sync = true (default)
2021-10-29 00:42:32,905 [pool-74-thread-1] INFO  server.RaftServerConfigKeys (ConfUtils.java:logGet(44)) - raft.server.log.statemachine.data.sync.timeout = 10s (default)
2021-10-29 00:42:32,905 [pool-74-thread-1] INFO  server.RaftServerConfigKeys (ConfUtils.java:logGet(44)) - raft.server.log.statemachine.data.sync.timeout.retry = -1 (default)
2021-10-29 00:42:32,906 [pool-74-thread-1] INFO  server.RaftServerConfigKeys (ConfUtils.java:logGet(44)) - raft.server.log.write.buffer.size = 1048576 (custom)
2021-10-29 00:42:32,908 [pool-74-thread-1] INFO  server.RaftServerConfigKeys (ConfUtils.java:logGet(44)) - raft.server.log.statemachine.data.caching.enabled = true (custom)
2021-10-29 00:42:32,910 [pool-74-thread-1] INFO  segmented.SegmentedRaftLogWorker (SegmentedRaftLogWorker.java:lambda$new$0(133)) - e6ec3422-bd00-4bf8-8713-bff351886512@group-F5BD42791AE0-SegmentedRaftLogWorker: flushIndex: setUnconditionally 0 -> -1
2021-10-29 00:42:32,910 [pool-74-thread-1] INFO  segmented.SegmentedRaftLogWorker (SegmentedRaftLogWorker.java:lambda$new$0(133)) - e6ec3422-bd00-4bf8-8713-bff351886512@group-F5BD42791AE0-SegmentedRaftLogWorker: safeCacheEvictIndex: setUnconditionally 0 -> -1
2021-10-29 00:42:32,910 [pool-74-thread-1] INFO  server.RaftServerConfigKeys (ConfUtils.java:logGet(44)) - raft.server.snapshot.auto.trigger.enabled = true (custom)
2021-10-29 00:42:32,910 [pool-74-thread-1] INFO  server.RaftServerConfigKeys (ConfUtils.java:logGet(44)) - raft.server.snapshot.auto.trigger.threshold = 10000 (custom)
2021-10-29 00:42:32,911 [pool-74-thread-1] INFO  server.RaftServerConfigKeys (ConfUtils.java:logGet(44)) - raft.server.snapshot.retention.file.num = 5 (custom)
2021-10-29 00:42:32,911 [pool-74-thread-1] INFO  server.RaftServerConfigKeys (ConfUtils.java:logGet(44)) - raft.server.log.purge.upto.snapshot.index = false (default)
2021-10-29 00:42:32,911 [pool-74-thread-1] INFO  server.RaftServerConfigKeys (ConfUtils.java:logGet(44)) - raft.server.retrycache.expirytime = 600000ms (custom)
2021-10-29 00:42:32,911 [pool-74-thread-1] INFO  server.RaftServerConfigKeys (ConfUtils.java:logGet(44)) - raft.server.retrycache.statistics.expirytime = 100μs (default)
2021-10-29 00:42:32,913 [pool-74-thread-1] INFO  server.RaftServer$Division (RaftServerImpl.java:start(301)) - e6ec3422-bd00-4bf8-8713-bff351886512@group-F5BD42791AE0: start as a follower, conf=-1: [e6ec3422-bd00-4bf8-8713-bff351886512|rpc:10.1.0.32:40113|priority:0, f2b4d6f7-aefa-402b-a761-92c91b2f44f3|rpc:10.1.0.32:42307|priority:1, 12cd3e49-de78-4d30-aa86-c1ffa97795c8|rpc:10.1.0.32:42653|priority:0], old=null
2021-10-29 00:42:32,920 [pool-74-thread-1] INFO  server.RaftServer$Division (RaftServerImpl.java:setRole(290)) - e6ec3422-bd00-4bf8-8713-bff351886512@group-F5BD42791AE0: changes role from      null to FOLLOWER at term 0 for startAsFollower
2021-10-29 00:42:32,920 [pool-74-thread-1] INFO  impl.RoleInfo (RoleInfo.java:updateAndGet(130)) - e6ec3422-bd00-4bf8-8713-bff351886512: start e6ec3422-bd00-4bf8-8713-bff351886512@group-F5BD42791AE0-FollowerState
2021-10-29 00:42:32,920 [pool-74-thread-1] INFO  util.JmxRegister (JmxRegister.java:tryRegister(44)) - Successfully registered JMX Bean with object name Ratis:service=RaftServer,group=group-F5BD42791AE0,id=e6ec3422-bd00-4bf8-8713-bff351886512
2021-10-29 00:42:32,923 [Command processor thread] INFO  ratis.XceiverServerRatis (XceiverServerRatis.java:addGroup(768)) - Created group PipelineID=19f05eae-0a17-4d2c-b3a0-f5bd42791ae0
2021-10-29 00:42:33,046 [grpc-default-executor-0] INFO  server.RaftServer (RaftServerProxy.java:addNew(95)) - f2b4d6f7-aefa-402b-a761-92c91b2f44f3: addNew group-F5BD42791AE0:[e6ec3422-bd00-4bf8-8713-bff351886512|rpc:10.1.0.32:40113|dataStream:|priority:0, f2b4d6f7-aefa-402b-a761-92c91b2f44f3|rpc:10.1.0.32:42307|dataStream:|priority:1, 12cd3e49-de78-4d30-aa86-c1ffa97795c8|rpc:10.1.0.32:42653|dataStream:|priority:0] returns group-F5BD42791AE0:java.util.concurrent.CompletableFuture@60c48813[Not completed]
2021-10-29 00:42:33,056 [Command processor thread] INFO  server.RaftServer (RaftServerProxy.java:addNew(95)) - f2b4d6f7-aefa-402b-a761-92c91b2f44f3: addNew group-3951C47C77F6:[f2b4d6f7-aefa-402b-a761-92c91b2f44f3|rpc:10.1.0.32:42307|priority:1] returns group-3951C47C77F6:java.util.concurrent.CompletableFuture@743ae6da[Not completed]
2021-10-29 00:42:33,057 [pool-93-thread-1] INFO  server.RaftServer$Division (RaftServerImpl.java:<init>(184)) - f2b4d6f7-aefa-402b-a761-92c91b2f44f3: new RaftServerImpl for group-F5BD42791AE0:[e6ec3422-bd00-4bf8-8713-bff351886512|rpc:10.1.0.32:40113|dataStream:|priority:0, f2b4d6f7-aefa-402b-a761-92c91b2f44f3|rpc:10.1.0.32:42307|dataStream:|priority:1, 12cd3e49-de78-4d30-aa86-c1ffa97795c8|rpc:10.1.0.32:42653|dataStream:|priority:0] with ContainerStateMachine:uninitialized
2021-10-29 00:42:33,059 [pool-93-thread-1] INFO  server.RaftServerConfigKeys (ConfUtils.java:logGet(44)) - raft.server.rpc.timeout.min = 5s (custom)
2021-10-29 00:42:33,059 [pool-93-thread-1] INFO  server.RaftServerConfigKeys (ConfUtils.java:logGet(44)) - raft.server.rpc.timeout.max = 5200ms (custom)
2021-10-29 00:42:33,059 [pool-93-thread-1] INFO  server.RaftServerConfigKeys (ConfUtils.java:logGet(44)) - raft.server.rpc.sleep.time = 25ms (default)
2021-10-29 00:42:33,059 [pool-93-thread-1] INFO  server.RaftServerConfigKeys (ConfUtils.java:logGet(44)) - raft.server.rpc.slowness.timeout = 300s (custom)
2021-10-29 00:42:33,059 [pool-93-thread-1] INFO  server.RaftServerConfigKeys (ConfUtils.java:logGet(44)) - raft.server.leaderelection.leader.step-down.wait-time = 10s (default)
2021-10-29 00:42:33,059 [pool-93-thread-1] INFO  server.RaftServerConfigKeys (ConfUtils.java:logGet(44)) - raft.server.sleep.deviation.threshold = 300ms (default)
2021-10-29 00:42:33,059 [pool-93-thread-1] INFO  server.RaftServerConfigKeys (ConfUtils.java:logGet(44)) - raft.server.log.appender.install.snapshot.enabled = false (custom)
2021-10-29 00:42:33,060 [pool-93-thread-1] INFO  server.RaftServer$Division (ServerState.java:<init>(105)) - f2b4d6f7-aefa-402b-a761-92c91b2f44f3@group-F5BD42791AE0: ConfigurationManager, init=-1: [e6ec3422-bd00-4bf8-8713-bff351886512|rpc:10.1.0.32:40113|dataStream:|priority:0, f2b4d6f7-aefa-402b-a761-92c91b2f44f3|rpc:10.1.0.32:42307|dataStream:|priority:1, 12cd3e49-de78-4d30-aa86-c1ffa97795c8|rpc:10.1.0.32:42653|dataStream:|priority:0], old=null, confs=<EMPTY_MAP>
2021-10-29 00:42:33,060 [pool-93-thread-1] INFO  server.RaftServerConfigKeys (ConfUtils.java:logGet(44)) - raft.server.storage.dir = [/home/runner/work/ozone/ozone/hadoop-ozone/integration-test/target/test-dir/MiniOzoneClusterImpl-20f6a6ed-b629-410f-9e90-983c782471bd/datanode-2/data/ratis] (custom)
2021-10-29 00:42:33,060 [pool-93-thread-1] INFO  server.RaftServerConfigKeys (ConfUtils.java:logGet(44)) - raft.server.log.corruption.policy = EXCEPTION (default)
2021-10-29 00:42:33,060 [pool-93-thread-1] INFO  server.RaftServerConfigKeys (ConfUtils.java:logGet(44)) - raft.server.storage.free-space.min = 0MB (=0) (default)
2021-10-29 00:42:33,060 [pool-93-thread-1] INFO  storage.RaftStorageDirectory (RaftStorageDirectoryImpl.java:analyzeStorage(135)) - The storage directory /home/runner/work/ozone/ozone/hadoop-ozone/integration-test/target/test-dir/MiniOzoneClusterImpl-20f6a6ed-b629-410f-9e90-983c782471bd/datanode-2/data/ratis/19f05eae-0a17-4d2c-b3a0-f5bd42791ae0 does not exist. Creating ...
2021-10-29 00:42:33,062 [pool-93-thread-1] INFO  storage.RaftStorageDirectory (RaftStorageDirectoryImpl.java:tryLock(230)) - Lock on /home/runner/work/ozone/ozone/hadoop-ozone/integration-test/target/test-dir/MiniOzoneClusterImpl-20f6a6ed-b629-410f-9e90-983c782471bd/datanode-2/data/ratis/19f05eae-0a17-4d2c-b3a0-f5bd42791ae0/in_use.lock acquired by nodename 21509@fv-az291-161
2021-10-29 00:42:33,065 [pool-93-thread-1] INFO  storage.RaftStorage (RaftStorageImpl.java:format(89)) - Storage directory /home/runner/work/ozone/ozone/hadoop-ozone/integration-test/target/test-dir/MiniOzoneClusterImpl-20f6a6ed-b629-410f-9e90-983c782471bd/datanode-2/data/ratis/19f05eae-0a17-4d2c-b3a0-f5bd42791ae0 has been successfully formatted.
2021-10-29 00:42:33,066 [pool-93-thread-1] INFO  ratis.ContainerStateMachine (ContainerStateMachine.java:loadSnapshot(224)) - group-F5BD42791AE0: The snapshot info is null. Setting the last applied indexto:(t:0, i:~)
2021-10-29 00:42:33,067 [pool-93-thread-1] INFO  server.RaftServerConfigKeys (ConfUtils.java:logGet(44)) - raft.server.notification.no-leader.timeout = 300s (custom)
2021-10-29 00:42:33,067 [pool-93-thread-1] INFO  server.RaftServerConfigKeys (ConfUtils.java:logGet(44)) - raft.server.log.use.memory = false (default)
2021-10-29 00:42:33,067 [pool-93-thread-1] INFO  server.RaftServerConfigKeys (ConfUtils.java:logGet(44)) - raft.server.log.purge.gap = 1000000 (custom)
2021-10-29 00:42:33,067 [pool-93-thread-1] INFO  server.RaftServerConfigKeys (ConfUtils.java:logGet(44)) - raft.server.log.appender.buffer.byte-limit = 33554432 (custom)
2021-10-29 00:42:33,067 [pool-93-thread-1] INFO  server.RaftServerConfigKeys (ConfUtils.java:logGet(44)) - raft.server.log.segment.size.max = 1048576 (custom)
2021-10-29 00:42:33,068 [pool-93-thread-1] INFO  server.RaftServerConfigKeys (ConfUtils.java:logGet(44)) - raft.server.log.segment.cache.num.max = 2 (custom)
2021-10-29 00:42:33,068 [pool-93-thread-1] INFO  server.RaftServerConfigKeys (ConfUtils.java:logGet(44)) - raft.server.log.segment.cache.size.max = 200MB (=209715200) (default)
2021-10-29 00:42:33,069 [EventQueue-PipelineReportForPipelineReportHandler] INFO  pipeline.PipelineManagerImpl (PipelineManagerImpl.java:openPipeline(289)) - Pipeline Pipeline[ Id: 46c7a4e6-7f38-4f2b-8c13-3951c47c77f6, Nodes: f2b4d6f7-aefa-402b-a761-92c91b2f44f3{ip: 10.1.0.32, host: fv-az291-161.wgnan5asplgejimfprtllbpdch.jx.internal.cloudapp.net, ports: [REPLICATION=34403, RATIS=42307, RATIS_ADMIN=42307, RATIS_SERVER=42307, STANDALONE=32977], networkLocation: /default-rack, certSerialId: null, persistedOpState: IN_SERVICE, persistedOpStateExpiryEpochSec: 0}, ReplicationConfig: RATIS/ONE, State:ALLOCATED, leaderId:f2b4d6f7-aefa-402b-a761-92c91b2f44f3, CreationTimestamp2021-10-29T00:42:30.059Z[Etc/UTC]] moved to OPEN state
2021-10-29 00:42:33,073 [pool-93-thread-1] INFO  segmented.SegmentedRaftLogWorker (SegmentedRaftLogWorker.java:<init>(182)) - new f2b4d6f7-aefa-402b-a761-92c91b2f44f3@group-F5BD42791AE0-SegmentedRaftLogWorker for RaftStorageImpl:Storage Directory /home/runner/work/ozone/ozone/hadoop-ozone/integration-test/target/test-dir/MiniOzoneClusterImpl-20f6a6ed-b629-410f-9e90-983c782471bd/datanode-2/data/ratis/19f05eae-0a17-4d2c-b3a0-f5bd42791ae0
2021-10-29 00:42:33,073 [pool-93-thread-1] INFO  server.RaftServerConfigKeys (ConfUtils.java:logGet(44)) - raft.server.log.queue.byte-limit = 2147483647 (custom)
2021-10-29 00:42:33,073 [pool-93-thread-1] INFO  server.RaftServerConfigKeys (ConfUtils.java:logGet(44)) - raft.server.log.queue.element-limit = 1024 (custom)
2021-10-29 00:42:33,073 [pool-93-thread-1] INFO  server.RaftServerConfigKeys (ConfUtils.java:logGet(44)) - raft.server.log.segment.size.max = 1048576 (custom)
2021-10-29 00:42:33,073 [pool-93-thread-1] INFO  server.RaftServerConfigKeys (ConfUtils.java:logGet(44)) - raft.server.log.preallocated.size = 16384 (custom)
2021-10-29 00:42:33,073 [pool-93-thread-1] INFO  server.RaftServerConfigKeys (ConfUtils.java:logGet(44)) - raft.server.log.force.sync.num = 128 (default)
2021-10-29 00:42:33,074 [pool-93-thread-1] INFO  server.RaftServerConfigKeys (ConfUtils.java:logGet(44)) - raft.server.log.statemachine.data.sync = true (default)
2021-10-29 00:42:33,074 [pool-93-thread-1] INFO  server.RaftServerConfigKeys (ConfUtils.java:logGet(44)) - raft.server.log.statemachine.data.sync.timeout = 10s (default)
2021-10-29 00:42:33,074 [pool-93-thread-1] INFO  server.RaftServerConfigKeys (ConfUtils.java:logGet(44)) - raft.server.log.statemachine.data.sync.timeout.retry = -1 (default)
2021-10-29 00:42:33,075 [pool-93-thread-1] INFO  server.RaftServerConfigKeys (ConfUtils.java:logGet(44)) - raft.server.log.write.buffer.size = 1048576 (custom)
2021-10-29 00:42:33,079 [Command processor thread] INFO  commandhandler.CreatePipelineCommandHandler (CreatePipelineCommandHandler.java:handle(106)) - Created Pipeline RATIS THREE PipelineID=19f05eae-0a17-4d2c-b3a0-f5bd42791ae0.
2021-10-29 00:42:33,075 [EventQueue-OpenPipelineForHealthyPipelineSafeModeRule] INFO  safemode.SCMSafeModeManager (HealthyPipelineSafeModeRule.java:process(124)) - SCM in safe mode. Healthy pipelines reported count is 0, required healthy pipeline reported count is 1
2021-10-29 00:42:33,080 [pool-93-thread-1] INFO  server.RaftServerConfigKeys (ConfUtils.java:logGet(44)) - raft.server.log.statemachine.data.caching.enabled = true (custom)
2021-10-29 00:42:33,081 [pool-93-thread-1] INFO  segmented.SegmentedRaftLogWorker (SegmentedRaftLogWorker.java:lambda$new$0(133)) - f2b4d6f7-aefa-402b-a761-92c91b2f44f3@group-F5BD42791AE0-SegmentedRaftLogWorker: flushIndex: setUnconditionally 0 -> -1
2021-10-29 00:42:33,081 [pool-93-thread-1] INFO  segmented.SegmentedRaftLogWorker (SegmentedRaftLogWorker.java:lambda$new$0(133)) - f2b4d6f7-aefa-402b-a761-92c91b2f44f3@group-F5BD42791AE0-SegmentedRaftLogWorker: safeCacheEvictIndex: setUnconditionally 0 -> -1
2021-10-29 00:42:33,081 [pool-93-thread-1] INFO  server.RaftServerConfigKeys (ConfUtils.java:logGet(44)) - raft.server.snapshot.auto.trigger.enabled = true (custom)
2021-10-29 00:42:33,081 [pool-93-thread-1] INFO  server.RaftServerConfigKeys (ConfUtils.java:logGet(44)) - raft.server.snapshot.auto.trigger.threshold = 10000 (custom)
2021-10-29 00:42:33,081 [pool-93-thread-1] INFO  server.RaftServerConfigKeys (ConfUtils.java:logGet(44)) - raft.server.snapshot.retention.file.num = 5 (custom)
2021-10-29 00:42:33,081 [pool-93-thread-1] INFO  server.RaftServerConfigKeys (ConfUtils.java:logGet(44)) - raft.server.log.purge.upto.snapshot.index = false (default)
2021-10-29 00:42:33,081 [pool-93-thread-1] INFO  server.RaftServerConfigKeys (ConfUtils.java:logGet(44)) - raft.server.retrycache.expirytime = 600000ms (custom)
2021-10-29 00:42:33,081 [pool-93-thread-1] INFO  server.RaftServerConfigKeys (ConfUtils.java:logGet(44)) - raft.server.retrycache.statistics.expirytime = 100μs (default)
2021-10-29 00:42:33,085 [pool-93-thread-1] INFO  server.RaftServer$Division (RaftServerImpl.java:<init>(184)) - f2b4d6f7-aefa-402b-a761-92c91b2f44f3: new RaftServerImpl for group-3951C47C77F6:[f2b4d6f7-aefa-402b-a761-92c91b2f44f3|rpc:10.1.0.32:42307|priority:1] with ContainerStateMachine:uninitialized
2021-10-29 00:42:33,087 [pool-93-thread-1] INFO  server.RaftServerConfigKeys (ConfUtils.java:logGet(44)) - raft.server.rpc.timeout.min = 5s (custom)
2021-10-29 00:42:33,087 [pool-93-thread-1] INFO  server.RaftServerConfigKeys (ConfUtils.java:logGet(44)) - raft.server.rpc.timeout.max = 5200ms (custom)
2021-10-29 00:42:33,087 [pool-93-thread-1] INFO  server.RaftServerConfigKeys (ConfUtils.java:logGet(44)) - raft.server.rpc.sleep.time = 25ms (default)
2021-10-29 00:42:33,087 [pool-93-thread-1] INFO  server.RaftServerConfigKeys (ConfUtils.java:logGet(44)) - raft.server.rpc.slowness.timeout = 300s (custom)
2021-10-29 00:42:33,088 [pool-93-thread-1] INFO  server.RaftServerConfigKeys (ConfUtils.java:logGet(44)) - raft.server.leaderelection.leader.step-down.wait-time = 10s (default)
2021-10-29 00:42:33,088 [pool-93-thread-1] INFO  server.RaftServerConfigKeys (ConfUtils.java:logGet(44)) - raft.server.sleep.deviation.threshold = 300ms (default)
2021-10-29 00:42:33,088 [pool-93-thread-1] INFO  server.RaftServerConfigKeys (ConfUtils.java:logGet(44)) - raft.server.log.appender.install.snapshot.enabled = false (custom)
2021-10-29 00:42:33,088 [pool-93-thread-1] INFO  server.RaftServer$Division (ServerState.java:<init>(105)) - f2b4d6f7-aefa-402b-a761-92c91b2f44f3@group-3951C47C77F6: ConfigurationManager, init=-1: [f2b4d6f7-aefa-402b-a761-92c91b2f44f3|rpc:10.1.0.32:42307|priority:1], old=null, confs=<EMPTY_MAP>
2021-10-29 00:42:33,088 [pool-93-thread-1] INFO  server.RaftServerConfigKeys (ConfUtils.java:logGet(44)) - raft.server.storage.dir = [/home/runner/work/ozone/ozone/hadoop-ozone/integration-test/target/test-dir/MiniOzoneClusterImpl-20f6a6ed-b629-410f-9e90-983c782471bd/datanode-2/data/ratis] (custom)
2021-10-29 00:42:33,088 [pool-93-thread-1] INFO  server.RaftServerConfigKeys (ConfUtils.java:logGet(44)) - raft.server.log.corruption.policy = EXCEPTION (default)
2021-10-29 00:42:33,088 [pool-93-thread-1] INFO  server.RaftServerConfigKeys (ConfUtils.java:logGet(44)) - raft.server.storage.free-space.min = 0MB (=0) (default)
2021-10-29 00:42:33,089 [pool-93-thread-1] INFO  storage.RaftStorageDirectory (RaftStorageDirectoryImpl.java:analyzeStorage(135)) - The storage directory /home/runner/work/ozone/ozone/hadoop-ozone/integration-test/target/test-dir/MiniOzoneClusterImpl-20f6a6ed-b629-410f-9e90-983c782471bd/datanode-2/data/ratis/46c7a4e6-7f38-4f2b-8c13-3951c47c77f6 does not exist. Creating ...
2021-10-29 00:42:33,090 [pool-93-thread-1] INFO  storage.RaftStorageDirectory (RaftStorageDirectoryImpl.java:tryLock(230)) - Lock on /home/runner/work/ozone/ozone/hadoop-ozone/integration-test/target/test-dir/MiniOzoneClusterImpl-20f6a6ed-b629-410f-9e90-983c782471bd/datanode-2/data/ratis/46c7a4e6-7f38-4f2b-8c13-3951c47c77f6/in_use.lock acquired by nodename 21509@fv-az291-161
2021-10-29 00:42:33,091 [pool-93-thread-1] INFO  storage.RaftStorage (RaftStorageImpl.java:format(89)) - Storage directory /home/runner/work/ozone/ozone/hadoop-ozone/integration-test/target/test-dir/MiniOzoneClusterImpl-20f6a6ed-b629-410f-9e90-983c782471bd/datanode-2/data/ratis/46c7a4e6-7f38-4f2b-8c13-3951c47c77f6 has been successfully formatted.
2021-10-29 00:42:33,093 [pool-93-thread-1] INFO  ratis.ContainerStateMachine (ContainerStateMachine.java:loadSnapshot(224)) - group-3951C47C77F6: The snapshot info is null. Setting the last applied indexto:(t:0, i:~)
2021-10-29 00:42:33,093 [pool-93-thread-1] INFO  server.RaftServerConfigKeys (ConfUtils.java:logGet(44)) - raft.server.notification.no-leader.timeout = 300s (custom)
2021-10-29 00:42:33,093 [EventQueue-OpenPipelineForHealthyPipelineSafeModeRule] INFO  safemode.SCMSafeModeManager (HealthyPipelineSafeModeRule.java:process(124)) - SCM in safe mode. Healthy pipelines reported count is 0, required healthy pipeline reported count is 1
2021-10-29 00:42:33,096 [pool-93-thread-1] INFO  server.RaftServerConfigKeys (ConfUtils.java:logGet(44)) - raft.server.log.use.memory = false (default)
2021-10-29 00:42:33,097 [pool-93-thread-1] INFO  server.RaftServerConfigKeys (ConfUtils.java:logGet(44)) - raft.server.log.purge.gap = 1000000 (custom)
2021-10-29 00:42:33,097 [pool-93-thread-1] INFO  server.RaftServerConfigKeys (ConfUtils.java:logGet(44)) - raft.server.log.appender.buffer.byte-limit = 33554432 (custom)
2021-10-29 00:42:33,097 [pool-93-thread-1] INFO  server.RaftServerConfigKeys (ConfUtils.java:logGet(44)) - raft.server.log.segment.size.max = 1048576 (custom)
2021-10-29 00:42:33,098 [pool-93-thread-1] INFO  server.RaftServerConfigKeys (ConfUtils.java:logGet(44)) - raft.server.log.segment.cache.num.max = 2 (custom)
2021-10-29 00:42:33,098 [pool-93-thread-1] INFO  server.RaftServerConfigKeys (ConfUtils.java:logGet(44)) - raft.server.log.segment.cache.size.max = 200MB (=209715200) (default)
2021-10-29 00:42:33,099 [pool-93-thread-1] INFO  segmented.SegmentedRaftLogWorker (SegmentedRaftLogWorker.java:<init>(182)) - new f2b4d6f7-aefa-402b-a761-92c91b2f44f3@group-3951C47C77F6-SegmentedRaftLogWorker for RaftStorageImpl:Storage Directory /home/runner/work/ozone/ozone/hadoop-ozone/integration-test/target/test-dir/MiniOzoneClusterImpl-20f6a6ed-b629-410f-9e90-983c782471bd/datanode-2/data/ratis/46c7a4e6-7f38-4f2b-8c13-3951c47c77f6
2021-10-29 00:42:33,099 [pool-93-thread-1] INFO  server.RaftServerConfigKeys (ConfUtils.java:logGet(44)) - raft.server.log.queue.byte-limit = 2147483647 (custom)
2021-10-29 00:42:33,099 [pool-93-thread-1] INFO  server.RaftServerConfigKeys (ConfUtils.java:logGet(44)) - raft.server.log.queue.element-limit = 1024 (custom)
2021-10-29 00:42:33,099 [pool-93-thread-1] INFO  server.RaftServerConfigKeys (ConfUtils.java:logGet(44)) - raft.server.log.segment.size.max = 1048576 (custom)
2021-10-29 00:42:33,099 [pool-93-thread-1] INFO  server.RaftServerConfigKeys (ConfUtils.java:logGet(44)) - raft.server.log.preallocated.size = 16384 (custom)
2021-10-29 00:42:33,099 [pool-93-thread-1] INFO  server.RaftServerConfigKeys (ConfUtils.java:logGet(44)) - raft.server.log.force.sync.num = 128 (default)
2021-10-29 00:42:33,099 [pool-93-thread-1] INFO  server.RaftServerConfigKeys (ConfUtils.java:logGet(44)) - raft.server.log.statemachine.data.sync = true (default)
2021-10-29 00:42:33,099 [pool-93-thread-1] INFO  server.RaftServerConfigKeys (ConfUtils.java:logGet(44)) - raft.server.log.statemachine.data.sync.timeout = 10s (default)
2021-10-29 00:42:33,099 [pool-93-thread-1] INFO  server.RaftServerConfigKeys (ConfUtils.java:logGet(44)) - raft.server.log.statemachine.data.sync.timeout.retry = -1 (default)
2021-10-29 00:42:33,100 [pool-93-thread-1] INFO  server.RaftServerConfigKeys (ConfUtils.java:logGet(44)) - raft.server.log.write.buffer.size = 1048576 (custom)
2021-10-29 00:42:33,101 [pool-93-thread-1] INFO  server.RaftServerConfigKeys (ConfUtils.java:logGet(44)) - raft.server.log.statemachine.data.caching.enabled = true (custom)
2021-10-29 00:42:33,101 [pool-93-thread-1] INFO  segmented.SegmentedRaftLogWorker (SegmentedRaftLogWorker.java:lambda$new$0(133)) - f2b4d6f7-aefa-402b-a761-92c91b2f44f3@group-3951C47C77F6-SegmentedRaftLogWorker: flushIndex: setUnconditionally 0 -> -1
2021-10-29 00:42:33,102 [pool-93-thread-1] INFO  segmented.SegmentedRaftLogWorker (SegmentedRaftLogWorker.java:lambda$new$0(133)) - f2b4d6f7-aefa-402b-a761-92c91b2f44f3@group-3951C47C77F6-SegmentedRaftLogWorker: safeCacheEvictIndex: setUnconditionally 0 -> -1
2021-10-29 00:42:33,102 [pool-93-thread-1] INFO  server.RaftServerConfigKeys (ConfUtils.java:logGet(44)) - raft.server.snapshot.auto.trigger.enabled = true (custom)
2021-10-29 00:42:33,102 [pool-93-thread-1] INFO  server.RaftServerConfigKeys (ConfUtils.java:logGet(44)) - raft.server.snapshot.auto.trigger.threshold = 10000 (custom)
2021-10-29 00:42:33,102 [pool-93-thread-1] INFO  server.RaftServerConfigKeys (ConfUtils.java:logGet(44)) - raft.server.snapshot.retention.file.num = 5 (custom)
2021-10-29 00:42:33,102 [pool-93-thread-1] INFO  server.RaftServerConfigKeys (ConfUtils.java:logGet(44)) - raft.server.log.purge.upto.snapshot.index = false (default)
2021-10-29 00:42:33,102 [pool-93-thread-1] INFO  server.RaftServerConfigKeys (ConfUtils.java:logGet(44)) - raft.server.retrycache.expirytime = 600000ms (custom)
2021-10-29 00:42:33,102 [pool-93-thread-1] INFO  server.RaftServerConfigKeys (ConfUtils.java:logGet(44)) - raft.server.retrycache.statistics.expirytime = 100μs (default)
2021-10-29 00:42:33,103 [pool-93-thread-1] INFO  server.RaftServer$Division (RaftServerImpl.java:start(301)) - f2b4d6f7-aefa-402b-a761-92c91b2f44f3@group-F5BD42791AE0: start as a follower, conf=-1: [e6ec3422-bd00-4bf8-8713-bff351886512|rpc:10.1.0.32:40113|dataStream:|priority:0, f2b4d6f7-aefa-402b-a761-92c91b2f44f3|rpc:10.1.0.32:42307|dataStream:|priority:1, 12cd3e49-de78-4d30-aa86-c1ffa97795c8|rpc:10.1.0.32:42653|dataStream:|priority:0], old=null
2021-10-29 00:42:33,103 [pool-93-thread-1] INFO  server.RaftServer$Division (RaftServerImpl.java:setRole(290)) - f2b4d6f7-aefa-402b-a761-92c91b2f44f3@group-F5BD42791AE0: changes role from      null to FOLLOWER at term 0 for startAsFollower
2021-10-29 00:42:33,103 [pool-93-thread-1] INFO  impl.RoleInfo (RoleInfo.java:updateAndGet(130)) - f2b4d6f7-aefa-402b-a761-92c91b2f44f3: start f2b4d6f7-aefa-402b-a761-92c91b2f44f3@group-F5BD42791AE0-FollowerState
2021-10-29 00:42:33,108 [pool-93-thread-1] INFO  util.JmxRegister (JmxRegister.java:tryRegister(44)) - Successfully registered JMX Bean with object name Ratis:service=RaftServer,group=group-F5BD42791AE0,id=f2b4d6f7-aefa-402b-a761-92c91b2f44f3
2021-10-29 00:42:33,109 [pool-93-thread-1] INFO  server.RaftServer$Division (RaftServerImpl.java:start(301)) - f2b4d6f7-aefa-402b-a761-92c91b2f44f3@group-3951C47C77F6: start as a follower, conf=-1: [f2b4d6f7-aefa-402b-a761-92c91b2f44f3|rpc:10.1.0.32:42307|priority:1], old=null
2021-10-29 00:42:33,109 [pool-93-thread-1] INFO  server.RaftServer$Division (RaftServerImpl.java:setRole(290)) - f2b4d6f7-aefa-402b-a761-92c91b2f44f3@group-3951C47C77F6: changes role from      null to FOLLOWER at term 0 for startAsFollower
2021-10-29 00:42:33,109 [pool-93-thread-1] INFO  impl.RoleInfo (RoleInfo.java:updateAndGet(130)) - f2b4d6f7-aefa-402b-a761-92c91b2f44f3: start f2b4d6f7-aefa-402b-a761-92c91b2f44f3@group-3951C47C77F6-FollowerState
2021-10-29 00:42:33,116 [pool-93-thread-1] INFO  util.JmxRegister (JmxRegister.java:tryRegister(44)) - Successfully registered JMX Bean with object name Ratis:service=RaftServer,group=group-3951C47C77F6,id=f2b4d6f7-aefa-402b-a761-92c91b2f44f3
2021-10-29 00:42:33,119 [Command processor thread] INFO  ratis.XceiverServerRatis (XceiverServerRatis.java:addGroup(768)) - Created group PipelineID=46c7a4e6-7f38-4f2b-8c13-3951c47c77f6
2021-10-29 00:42:33,119 [Command processor thread] INFO  commandhandler.CreatePipelineCommandHandler (CreatePipelineCommandHandler.java:handle(106)) - Created Pipeline RATIS ONE PipelineID=46c7a4e6-7f38-4f2b-8c13-3951c47c77f6.
2021-10-29 00:42:33,148 [Command processor thread] INFO  commandhandler.CreatePipelineCommandHandler (CreatePipelineCommandHandler.java:handle(106)) - Created Pipeline RATIS THREE PipelineID=19f05eae-0a17-4d2c-b3a0-f5bd42791ae0.
2021-10-29 00:42:33,186 [ReplicationMonitor] INFO  container.ReplicationManager (ReplicationManager.java:processAll(371)) - Replication Monitor Thread took 0 milliseconds for processing 0 containers.
2021-10-29 00:42:33,288 [Command processor thread] INFO  server.RaftServer (RaftServerProxy.java:addNew(95)) - ede339c2-3cec-47d6-98dc-ec75754dc7c3: addNew group-5F367AD052F3:[ede339c2-3cec-47d6-98dc-ec75754dc7c3|rpc:10.1.0.32:43517|priority:1] returns group-5F367AD052F3:java.util.concurrent.CompletableFuture@4bbcc08a[Not completed]
2021-10-29 00:42:33,291 [pool-112-thread-1] INFO  server.RaftServer$Division (RaftServerImpl.java:<init>(184)) - ede339c2-3cec-47d6-98dc-ec75754dc7c3: new RaftServerImpl for group-5F367AD052F3:[ede339c2-3cec-47d6-98dc-ec75754dc7c3|rpc:10.1.0.32:43517|priority:1] with ContainerStateMachine:uninitialized
2021-10-29 00:42:33,294 [pool-112-thread-1] INFO  server.RaftServerConfigKeys (ConfUtils.java:logGet(44)) - raft.server.rpc.timeout.min = 5s (custom)
2021-10-29 00:42:33,295 [pool-112-thread-1] INFO  server.RaftServerConfigKeys (ConfUtils.java:logGet(44)) - raft.server.rpc.timeout.max = 5200ms (custom)
2021-10-29 00:42:33,295 [pool-112-thread-1] INFO  server.RaftServerConfigKeys (ConfUtils.java:logGet(44)) - raft.server.rpc.sleep.time = 25ms (default)
2021-10-29 00:42:33,295 [pool-112-thread-1] INFO  server.RaftServerConfigKeys (ConfUtils.java:logGet(44)) - raft.server.rpc.slowness.timeout = 300s (custom)
2021-10-29 00:42:33,295 [pool-112-thread-1] INFO  server.RaftServerConfigKeys (ConfUtils.java:logGet(44)) - raft.server.leaderelection.leader.step-down.wait-time = 10s (default)
2021-10-29 00:42:33,296 [pool-112-thread-1] INFO  server.RaftServerConfigKeys (ConfUtils.java:logGet(44)) - raft.server.sleep.deviation.threshold = 300ms (default)
2021-10-29 00:42:33,296 [pool-112-thread-1] INFO  server.RaftServerConfigKeys (ConfUtils.java:logGet(44)) - raft.server.log.appender.install.snapshot.enabled = false (custom)
2021-10-29 00:42:33,296 [pool-112-thread-1] INFO  server.RaftServer$Division (ServerState.java:<init>(105)) - ede339c2-3cec-47d6-98dc-ec75754dc7c3@group-5F367AD052F3: ConfigurationManager, init=-1: [ede339c2-3cec-47d6-98dc-ec75754dc7c3|rpc:10.1.0.32:43517|priority:1], old=null, confs=<EMPTY_MAP>
2021-10-29 00:42:33,296 [pool-112-thread-1] INFO  server.RaftServerConfigKeys (ConfUtils.java:logGet(44)) - raft.server.storage.dir = [/home/runner/work/ozone/ozone/hadoop-ozone/integration-test/target/test-dir/MiniOzoneClusterImpl-20f6a6ed-b629-410f-9e90-983c782471bd/datanode-3/data/ratis] (custom)
2021-10-29 00:42:33,296 [pool-112-thread-1] INFO  server.RaftServerConfigKeys (ConfUtils.java:logGet(44)) - raft.server.log.corruption.policy = EXCEPTION (default)
2021-10-29 00:42:33,296 [pool-112-thread-1] INFO  server.RaftServerConfigKeys (ConfUtils.java:logGet(44)) - raft.server.storage.free-space.min = 0MB (=0) (default)
2021-10-29 00:42:33,296 [pool-112-thread-1] INFO  storage.RaftStorageDirectory (RaftStorageDirectoryImpl.java:analyzeStorage(135)) - The storage directory /home/runner/work/ozone/ozone/hadoop-ozone/integration-test/target/test-dir/MiniOzoneClusterImpl-20f6a6ed-b629-410f-9e90-983c782471bd/datanode-3/data/ratis/5bf54870-aa9e-4116-a87a-5f367ad052f3 does not exist. Creating ...
2021-10-29 00:42:33,297 [pool-112-thread-1] INFO  storage.RaftStorageDirectory (RaftStorageDirectoryImpl.java:tryLock(230)) - Lock on /home/runner/work/ozone/ozone/hadoop-ozone/integration-test/target/test-dir/MiniOzoneClusterImpl-20f6a6ed-b629-410f-9e90-983c782471bd/datanode-3/data/ratis/5bf54870-aa9e-4116-a87a-5f367ad052f3/in_use.lock acquired by nodename 21509@fv-az291-161
2021-10-29 00:42:33,299 [pool-112-thread-1] INFO  storage.RaftStorage (RaftStorageImpl.java:format(89)) - Storage directory /home/runner/work/ozone/ozone/hadoop-ozone/integration-test/target/test-dir/MiniOzoneClusterImpl-20f6a6ed-b629-410f-9e90-983c782471bd/datanode-3/data/ratis/5bf54870-aa9e-4116-a87a-5f367ad052f3 has been successfully formatted.
2021-10-29 00:42:33,300 [pool-112-thread-1] INFO  ratis.ContainerStateMachine (ContainerStateMachine.java:loadSnapshot(224)) - group-5F367AD052F3: The snapshot info is null. Setting the last applied indexto:(t:0, i:~)
2021-10-29 00:42:33,301 [EventQueue-PipelineReportForPipelineReportHandler] INFO  pipeline.PipelineManagerImpl (PipelineManagerImpl.java:openPipeline(289)) - Pipeline Pipeline[ Id: 5bf54870-aa9e-4116-a87a-5f367ad052f3, Nodes: ede339c2-3cec-47d6-98dc-ec75754dc7c3{ip: 10.1.0.32, host: fv-az291-161.wgnan5asplgejimfprtllbpdch.jx.internal.cloudapp.net, ports: [REPLICATION=37327, RATIS=43517, RATIS_ADMIN=43517, RATIS_SERVER=43517, STANDALONE=37483], networkLocation: /default-rack, certSerialId: null, persistedOpState: IN_SERVICE, persistedOpStateExpiryEpochSec: 0}, ReplicationConfig: RATIS/ONE, State:ALLOCATED, leaderId:ede339c2-3cec-47d6-98dc-ec75754dc7c3, CreationTimestamp2021-10-29T00:42:30.292Z[Etc/UTC]] moved to OPEN state
2021-10-29 00:42:33,301 [pool-112-thread-1] INFO  server.RaftServerConfigKeys (ConfUtils.java:logGet(44)) - raft.server.notification.no-leader.timeout = 300s (custom)
2021-10-29 00:42:33,302 [pool-112-thread-1] INFO  server.RaftServerConfigKeys (ConfUtils.java:logGet(44)) - raft.server.log.use.memory = false (default)
2021-10-29 00:42:33,302 [pool-112-thread-1] INFO  server.RaftServerConfigKeys (ConfUtils.java:logGet(44)) - raft.server.log.purge.gap = 1000000 (custom)
2021-10-29 00:42:33,302 [pool-112-thread-1] INFO  server.RaftServerConfigKeys (ConfUtils.java:logGet(44)) - raft.server.log.appender.buffer.byte-limit = 33554432 (custom)
2021-10-29 00:42:33,302 [EventQueue-OpenPipelineForHealthyPipelineSafeModeRule] INFO  safemode.SCMSafeModeManager (HealthyPipelineSafeModeRule.java:process(124)) - SCM in safe mode. Healthy pipelines reported count is 0, required healthy pipeline reported count is 1
2021-10-29 00:42:33,310 [pool-112-thread-1] INFO  server.RaftServerConfigKeys (ConfUtils.java:logGet(44)) - raft.server.log.segment.size.max = 1048576 (custom)
2021-10-29 00:42:33,310 [pool-112-thread-1] INFO  server.RaftServerConfigKeys (ConfUtils.java:logGet(44)) - raft.server.log.segment.cache.num.max = 2 (custom)
2021-10-29 00:42:33,311 [pool-112-thread-1] INFO  server.RaftServerConfigKeys (ConfUtils.java:logGet(44)) - raft.server.log.segment.cache.size.max = 200MB (=209715200) (default)
2021-10-29 00:42:33,311 [pool-112-thread-1] INFO  segmented.SegmentedRaftLogWorker (SegmentedRaftLogWorker.java:<init>(182)) - new ede339c2-3cec-47d6-98dc-ec75754dc7c3@group-5F367AD052F3-SegmentedRaftLogWorker for RaftStorageImpl:Storage Directory /home/runner/work/ozone/ozone/hadoop-ozone/integration-test/target/test-dir/MiniOzoneClusterImpl-20f6a6ed-b629-410f-9e90-983c782471bd/datanode-3/data/ratis/5bf54870-aa9e-4116-a87a-5f367ad052f3
2021-10-29 00:42:33,311 [pool-112-thread-1] INFO  server.RaftServerConfigKeys (ConfUtils.java:logGet(44)) - raft.server.log.queue.byte-limit = 2147483647 (custom)
2021-10-29 00:42:33,311 [pool-112-thread-1] INFO  server.RaftServerConfigKeys (ConfUtils.java:logGet(44)) - raft.server.log.queue.element-limit = 1024 (custom)
2021-10-29 00:42:33,311 [pool-112-thread-1] INFO  server.RaftServerConfigKeys (ConfUtils.java:logGet(44)) - raft.server.log.segment.size.max = 1048576 (custom)
2021-10-29 00:42:33,311 [pool-112-thread-1] INFO  server.RaftServerConfigKeys (ConfUtils.java:logGet(44)) - raft.server.log.preallocated.size = 16384 (custom)
2021-10-29 00:42:33,311 [pool-112-thread-1] INFO  server.RaftServerConfigKeys (ConfUtils.java:logGet(44)) - raft.server.log.force.sync.num = 128 (default)
2021-10-29 00:42:33,311 [pool-112-thread-1] INFO  server.RaftServerConfigKeys (ConfUtils.java:logGet(44)) - raft.server.log.statemachine.data.sync = true (default)
2021-10-29 00:42:33,311 [pool-112-thread-1] INFO  server.RaftServerConfigKeys (ConfUtils.java:logGet(44)) - raft.server.log.statemachine.data.sync.timeout = 10s (default)
2021-10-29 00:42:33,311 [pool-112-thread-1] INFO  server.RaftServerConfigKeys (ConfUtils.java:logGet(44)) - raft.server.log.statemachine.data.sync.timeout.retry = -1 (default)
2021-10-29 00:42:33,312 [pool-112-thread-1] INFO  server.RaftServerConfigKeys (ConfUtils.java:logGet(44)) - raft.server.log.write.buffer.size = 1048576 (custom)
2021-10-29 00:42:33,313 [pool-112-thread-1] INFO  server.RaftServerConfigKeys (ConfUtils.java:logGet(44)) - raft.server.log.statemachine.data.caching.enabled = true (custom)
2021-10-29 00:42:33,313 [pool-112-thread-1] INFO  segmented.SegmentedRaftLogWorker (SegmentedRaftLogWorker.java:lambda$new$0(133)) - ede339c2-3cec-47d6-98dc-ec75754dc7c3@group-5F367AD052F3-SegmentedRaftLogWorker: flushIndex: setUnconditionally 0 -> -1
2021-10-29 00:42:33,313 [pool-112-thread-1] INFO  segmented.SegmentedRaftLogWorker (SegmentedRaftLogWorker.java:lambda$new$0(133)) - ede339c2-3cec-47d6-98dc-ec75754dc7c3@group-5F367AD052F3-SegmentedRaftLogWorker: safeCacheEvictIndex: setUnconditionally 0 -> -1
2021-10-29 00:42:33,316 [pool-112-thread-1] INFO  server.RaftServerConfigKeys (ConfUtils.java:logGet(44)) - raft.server.snapshot.auto.trigger.enabled = true (custom)
2021-10-29 00:42:33,316 [pool-112-thread-1] INFO  server.RaftServerConfigKeys (ConfUtils.java:logGet(44)) - raft.server.snapshot.auto.trigger.threshold = 10000 (custom)
2021-10-29 00:42:33,316 [pool-112-thread-1] INFO  server.RaftServerConfigKeys (ConfUtils.java:logGet(44)) - raft.server.snapshot.retention.file.num = 5 (custom)
2021-10-29 00:42:33,316 [pool-112-thread-1] INFO  server.RaftServerConfigKeys (ConfUtils.java:logGet(44)) - raft.server.log.purge.upto.snapshot.index = false (default)
2021-10-29 00:42:33,316 [pool-112-thread-1] INFO  server.RaftServerConfigKeys (ConfUtils.java:logGet(44)) - raft.server.retrycache.expirytime = 600000ms (custom)
2021-10-29 00:42:33,316 [pool-112-thread-1] INFO  server.RaftServerConfigKeys (ConfUtils.java:logGet(44)) - raft.server.retrycache.statistics.expirytime = 100μs (default)
2021-10-29 00:42:33,318 [pool-112-thread-1] INFO  server.RaftServer$Division (RaftServerImpl.java:start(301)) - ede339c2-3cec-47d6-98dc-ec75754dc7c3@group-5F367AD052F3: start as a follower, conf=-1: [ede339c2-3cec-47d6-98dc-ec75754dc7c3|rpc:10.1.0.32:43517|priority:1], old=null
2021-10-29 00:42:33,318 [pool-112-thread-1] INFO  server.RaftServer$Division (RaftServerImpl.java:setRole(290)) - ede339c2-3cec-47d6-98dc-ec75754dc7c3@group-5F367AD052F3: changes role from      null to FOLLOWER at term 0 for startAsFollower
2021-10-29 00:42:33,318 [pool-112-thread-1] INFO  impl.RoleInfo (RoleInfo.java:updateAndGet(130)) - ede339c2-3cec-47d6-98dc-ec75754dc7c3: start ede339c2-3cec-47d6-98dc-ec75754dc7c3@group-5F367AD052F3-FollowerState
2021-10-29 00:42:33,318 [pool-112-thread-1] INFO  util.JmxRegister (JmxRegister.java:tryRegister(44)) - Successfully registered JMX Bean with object name Ratis:service=RaftServer,group=group-5F367AD052F3,id=ede339c2-3cec-47d6-98dc-ec75754dc7c3
2021-10-29 00:42:33,319 [Command processor thread] INFO  ratis.XceiverServerRatis (XceiverServerRatis.java:addGroup(768)) - Created group PipelineID=5bf54870-aa9e-4116-a87a-5f367ad052f3
2021-10-29 00:42:33,319 [Command processor thread] INFO  commandhandler.CreatePipelineCommandHandler (CreatePipelineCommandHandler.java:handle(106)) - Created Pipeline RATIS ONE PipelineID=5bf54870-aa9e-4116-a87a-5f367ad052f3.
2021-10-29 00:42:33,319 [Command processor thread] INFO  server.RaftServer (RaftServerProxy.java:addNew(95)) - ede339c2-3cec-47d6-98dc-ec75754dc7c3: addNew group-2A945599F841:[240b3f92-711e-4b06-964b-7be2bf787040|rpc:10.1.0.32:39315|priority:1, ede339c2-3cec-47d6-98dc-ec75754dc7c3|rpc:10.1.0.32:43517|priority:0, ece50d73-52f9-426c-b062-e21d0a386dcf|rpc:10.1.0.32:33323|priority:0] returns group-2A945599F841:java.util.concurrent.CompletableFuture@4f835d25[Not completed]
2021-10-29 00:42:33,320 [pool-112-thread-1] INFO  server.RaftServer$Division (RaftServerImpl.java:<init>(184)) - ede339c2-3cec-47d6-98dc-ec75754dc7c3: new RaftServerImpl for group-2A945599F841:[240b3f92-711e-4b06-964b-7be2bf787040|rpc:10.1.0.32:39315|priority:1, ede339c2-3cec-47d6-98dc-ec75754dc7c3|rpc:10.1.0.32:43517|priority:0, ece50d73-52f9-426c-b062-e21d0a386dcf|rpc:10.1.0.32:33323|priority:0] with ContainerStateMachine:uninitialized
2021-10-29 00:42:33,320 [pool-112-thread-1] INFO  server.RaftServerConfigKeys (ConfUtils.java:logGet(44)) - raft.server.rpc.timeout.min = 5s (custom)
2021-10-29 00:42:33,320 [pool-112-thread-1] INFO  server.RaftServerConfigKeys (ConfUtils.java:logGet(44)) - raft.server.rpc.timeout.max = 5200ms (custom)
2021-10-29 00:42:33,321 [pool-112-thread-1] INFO  server.RaftServerConfigKeys (ConfUtils.java:logGet(44)) - raft.server.rpc.sleep.time = 25ms (default)
2021-10-29 00:42:33,321 [pool-112-thread-1] INFO  server.RaftServerConfigKeys (ConfUtils.java:logGet(44)) - raft.server.rpc.slowness.timeout = 300s (custom)
2021-10-29 00:42:33,321 [pool-112-thread-1] INFO  server.RaftServerConfigKeys (ConfUtils.java:logGet(44)) - raft.server.leaderelection.leader.step-down.wait-time = 10s (default)
2021-10-29 00:42:33,321 [pool-112-thread-1] INFO  server.RaftServerConfigKeys (ConfUtils.java:logGet(44)) - raft.server.sleep.deviation.threshold = 300ms (default)
2021-10-29 00:42:33,321 [pool-112-thread-1] INFO  server.RaftServerConfigKeys (ConfUtils.java:logGet(44)) - raft.server.log.appender.install.snapshot.enabled = false (custom)
2021-10-29 00:42:33,321 [pool-112-thread-1] INFO  server.RaftServer$Division (ServerState.java:<init>(105)) - ede339c2-3cec-47d6-98dc-ec75754dc7c3@group-2A945599F841: ConfigurationManager, init=-1: [240b3f92-711e-4b06-964b-7be2bf787040|rpc:10.1.0.32:39315|priority:1, ede339c2-3cec-47d6-98dc-ec75754dc7c3|rpc:10.1.0.32:43517|priority:0, ece50d73-52f9-426c-b062-e21d0a386dcf|rpc:10.1.0.32:33323|priority:0], old=null, confs=<EMPTY_MAP>
2021-10-29 00:42:33,321 [pool-112-thread-1] INFO  server.RaftServerConfigKeys (ConfUtils.java:logGet(44)) - raft.server.storage.dir = [/home/runner/work/ozone/ozone/hadoop-ozone/integration-test/target/test-dir/MiniOzoneClusterImpl-20f6a6ed-b629-410f-9e90-983c782471bd/datanode-3/data/ratis] (custom)
2021-10-29 00:42:33,321 [pool-112-thread-1] INFO  server.RaftServerConfigKeys (ConfUtils.java:logGet(44)) - raft.server.log.corruption.policy = EXCEPTION (default)
2021-10-29 00:42:33,321 [pool-112-thread-1] INFO  server.RaftServerConfigKeys (ConfUtils.java:logGet(44)) - raft.server.storage.free-space.min = 0MB (=0) (default)
2021-10-29 00:42:33,321 [pool-112-thread-1] INFO  storage.RaftStorageDirectory (RaftStorageDirectoryImpl.java:analyzeStorage(135)) - The storage directory /home/runner/work/ozone/ozone/hadoop-ozone/integration-test/target/test-dir/MiniOzoneClusterImpl-20f6a6ed-b629-410f-9e90-983c782471bd/datanode-3/data/ratis/e184be69-efb2-4d49-b603-2a945599f841 does not exist. Creating ...
2021-10-29 00:42:33,322 [pool-112-thread-1] INFO  storage.RaftStorageDirectory (RaftStorageDirectoryImpl.java:tryLock(230)) - Lock on /home/runner/work/ozone/ozone/hadoop-ozone/integration-test/target/test-dir/MiniOzoneClusterImpl-20f6a6ed-b629-410f-9e90-983c782471bd/datanode-3/data/ratis/e184be69-efb2-4d49-b603-2a945599f841/in_use.lock acquired by nodename 21509@fv-az291-161
2021-10-29 00:42:33,324 [EventQueue-OpenPipelineForHealthyPipelineSafeModeRule] INFO  safemode.SCMSafeModeManager (HealthyPipelineSafeModeRule.java:process(124)) - SCM in safe mode. Healthy pipelines reported count is 0, required healthy pipeline reported count is 1
2021-10-29 00:42:33,325 [pool-112-thread-1] INFO  storage.RaftStorage (RaftStorageImpl.java:format(89)) - Storage directory /home/runner/work/ozone/ozone/hadoop-ozone/integration-test/target/test-dir/MiniOzoneClusterImpl-20f6a6ed-b629-410f-9e90-983c782471bd/datanode-3/data/ratis/e184be69-efb2-4d49-b603-2a945599f841 has been successfully formatted.
2021-10-29 00:42:33,326 [pool-112-thread-1] INFO  ratis.ContainerStateMachine (ContainerStateMachine.java:loadSnapshot(224)) - group-2A945599F841: The snapshot info is null. Setting the last applied indexto:(t:0, i:~)
2021-10-29 00:42:33,326 [pool-112-thread-1] INFO  server.RaftServerConfigKeys (ConfUtils.java:logGet(44)) - raft.server.notification.no-leader.timeout = 300s (custom)
2021-10-29 00:42:33,326 [pool-112-thread-1] INFO  server.RaftServerConfigKeys (ConfUtils.java:logGet(44)) - raft.server.log.use.memory = false (default)
2021-10-29 00:42:33,326 [pool-112-thread-1] INFO  server.RaftServerConfigKeys (ConfUtils.java:logGet(44)) - raft.server.log.purge.gap = 1000000 (custom)
2021-10-29 00:42:33,326 [pool-112-thread-1] INFO  server.RaftServerConfigKeys (ConfUtils.java:logGet(44)) - raft.server.log.appender.buffer.byte-limit = 33554432 (custom)
2021-10-29 00:42:33,332 [pool-112-thread-1] INFO  server.RaftServerConfigKeys (ConfUtils.java:logGet(44)) - raft.server.log.segment.size.max = 1048576 (custom)
2021-10-29 00:42:33,333 [EventQueue-OpenPipelineForHealthyPipelineSafeModeRule] INFO  safemode.SCMSafeModeManager (HealthyPipelineSafeModeRule.java:process(124)) - SCM in safe mode. Healthy pipelines reported count is 0, required healthy pipeline reported count is 1
2021-10-29 00:42:33,333 [pool-112-thread-1] INFO  server.RaftServerConfigKeys (ConfUtils.java:logGet(44)) - raft.server.log.segment.cache.num.max = 2 (custom)
2021-10-29 00:42:33,334 [pool-112-thread-1] INFO  server.RaftServerConfigKeys (ConfUtils.java:logGet(44)) - raft.server.log.segment.cache.size.max = 200MB (=209715200) (default)
2021-10-29 00:42:33,334 [pool-112-thread-1] INFO  segmented.SegmentedRaftLogWorker (SegmentedRaftLogWorker.java:<init>(182)) - new ede339c2-3cec-47d6-98dc-ec75754dc7c3@group-2A945599F841-SegmentedRaftLogWorker for RaftStorageImpl:Storage Directory /home/runner/work/ozone/ozone/hadoop-ozone/integration-test/target/test-dir/MiniOzoneClusterImpl-20f6a6ed-b629-410f-9e90-983c782471bd/datanode-3/data/ratis/e184be69-efb2-4d49-b603-2a945599f841
2021-10-29 00:42:33,334 [pool-112-thread-1] INFO  server.RaftServerConfigKeys (ConfUtils.java:logGet(44)) - raft.server.log.queue.byte-limit = 2147483647 (custom)
2021-10-29 00:42:33,334 [pool-112-thread-1] INFO  server.RaftServerConfigKeys (ConfUtils.java:logGet(44)) - raft.server.log.queue.element-limit = 1024 (custom)
2021-10-29 00:42:33,334 [pool-112-thread-1] INFO  server.RaftServerConfigKeys (ConfUtils.java:logGet(44)) - raft.server.log.segment.size.max = 1048576 (custom)
2021-10-29 00:42:33,334 [pool-112-thread-1] INFO  server.RaftServerConfigKeys (ConfUtils.java:logGet(44)) - raft.server.log.preallocated.size = 16384 (custom)
2021-10-29 00:42:33,334 [pool-112-thread-1] INFO  server.RaftServerConfigKeys (ConfUtils.java:logGet(44)) - raft.server.log.force.sync.num = 128 (default)
2021-10-29 00:42:33,334 [pool-112-thread-1] INFO  server.RaftServerConfigKeys (ConfUtils.java:logGet(44)) - raft.server.log.statemachine.data.sync = true (default)
2021-10-29 00:42:33,334 [pool-112-thread-1] INFO  server.RaftServerConfigKeys (ConfUtils.java:logGet(44)) - raft.server.log.statemachine.data.sync.timeout = 10s (default)
2021-10-29 00:42:33,334 [pool-112-thread-1] INFO  server.RaftServerConfigKeys (ConfUtils.java:logGet(44)) - raft.server.log.statemachine.data.sync.timeout.retry = -1 (default)
2021-10-29 00:42:33,335 [pool-112-thread-1] INFO  server.RaftServerConfigKeys (ConfUtils.java:logGet(44)) - raft.server.log.write.buffer.size = 1048576 (custom)
2021-10-29 00:42:33,336 [pool-112-thread-1] INFO  server.RaftServerConfigKeys (ConfUtils.java:logGet(44)) - raft.server.log.statemachine.data.caching.enabled = true (custom)
2021-10-29 00:42:33,336 [pool-112-thread-1] INFO  segmented.SegmentedRaftLogWorker (SegmentedRaftLogWorker.java:lambda$new$0(133)) - ede339c2-3cec-47d6-98dc-ec75754dc7c3@group-2A945599F841-SegmentedRaftLogWorker: flushIndex: setUnconditionally 0 -> -1
2021-10-29 00:42:33,338 [pool-112-thread-1] INFO  segmented.SegmentedRaftLogWorker (SegmentedRaftLogWorker.java:lambda$new$0(133)) - ede339c2-3cec-47d6-98dc-ec75754dc7c3@group-2A945599F841-SegmentedRaftLogWorker: safeCacheEvictIndex: setUnconditionally 0 -> -1
2021-10-29 00:42:33,339 [pool-112-thread-1] INFO  server.RaftServerConfigKeys (ConfUtils.java:logGet(44)) - raft.server.snapshot.auto.trigger.enabled = true (custom)
2021-10-29 00:42:33,339 [pool-112-thread-1] INFO  server.RaftServerConfigKeys (ConfUtils.java:logGet(44)) - raft.server.snapshot.auto.trigger.threshold = 10000 (custom)
2021-10-29 00:42:33,339 [pool-112-thread-1] INFO  server.RaftServerConfigKeys (ConfUtils.java:logGet(44)) - raft.server.snapshot.retention.file.num = 5 (custom)
2021-10-29 00:42:33,339 [pool-112-thread-1] INFO  server.RaftServerConfigKeys (ConfUtils.java:logGet(44)) - raft.server.log.purge.upto.snapshot.index = false (default)
2021-10-29 00:42:33,339 [pool-112-thread-1] INFO  server.RaftServerConfigKeys (ConfUtils.java:logGet(44)) - raft.server.retrycache.expirytime = 600000ms (custom)
2021-10-29 00:42:33,339 [pool-112-thread-1] INFO  server.RaftServerConfigKeys (ConfUtils.java:logGet(44)) - raft.server.retrycache.statistics.expirytime = 100μs (default)
2021-10-29 00:42:33,342 [pool-112-thread-1] INFO  server.RaftServer$Division (RaftServerImpl.java:start(301)) - ede339c2-3cec-47d6-98dc-ec75754dc7c3@group-2A945599F841: start as a follower, conf=-1: [240b3f92-711e-4b06-964b-7be2bf787040|rpc:10.1.0.32:39315|priority:1, ede339c2-3cec-47d6-98dc-ec75754dc7c3|rpc:10.1.0.32:43517|priority:0, ece50d73-52f9-426c-b062-e21d0a386dcf|rpc:10.1.0.32:33323|priority:0], old=null
2021-10-29 00:42:33,342 [pool-112-thread-1] INFO  server.RaftServer$Division (RaftServerImpl.java:setRole(290)) - ede339c2-3cec-47d6-98dc-ec75754dc7c3@group-2A945599F841: changes role from      null to FOLLOWER at term 0 for startAsFollower
2021-10-29 00:42:33,342 [pool-112-thread-1] INFO  impl.RoleInfo (RoleInfo.java:updateAndGet(130)) - ede339c2-3cec-47d6-98dc-ec75754dc7c3: start ede339c2-3cec-47d6-98dc-ec75754dc7c3@group-2A945599F841-FollowerState
2021-10-29 00:42:33,344 [pool-112-thread-1] INFO  util.JmxRegister (JmxRegister.java:tryRegister(44)) - Successfully registered JMX Bean with object name Ratis:service=RaftServer,group=group-2A945599F841,id=ede339c2-3cec-47d6-98dc-ec75754dc7c3
2021-10-29 00:42:33,345 [Command processor thread] INFO  ratis.XceiverServerRatis (XceiverServerRatis.java:addGroup(768)) - Created group PipelineID=e184be69-efb2-4d49-b603-2a945599f841
2021-10-29 00:42:33,367 [grpc-default-executor-0] INFO  server.RaftServer (RaftServerProxy.java:addNew(95)) - ece50d73-52f9-426c-b062-e21d0a386dcf: addNew group-2A945599F841:[240b3f92-711e-4b06-964b-7be2bf787040|rpc:10.1.0.32:39315|dataStream:|priority:1, ede339c2-3cec-47d6-98dc-ec75754dc7c3|rpc:10.1.0.32:43517|dataStream:|priority:0, ece50d73-52f9-426c-b062-e21d0a386dcf|rpc:10.1.0.32:33323|dataStream:|priority:0] returns group-2A945599F841:java.util.concurrent.CompletableFuture@7a2c3eba[Not completed]
2021-10-29 00:42:33,369 [pool-131-thread-1] INFO  server.RaftServer$Division (RaftServerImpl.java:<init>(184)) - ece50d73-52f9-426c-b062-e21d0a386dcf: new RaftServerImpl for group-2A945599F841:[240b3f92-711e-4b06-964b-7be2bf787040|rpc:10.1.0.32:39315|dataStream:|priority:1, ede339c2-3cec-47d6-98dc-ec75754dc7c3|rpc:10.1.0.32:43517|dataStream:|priority:0, ece50d73-52f9-426c-b062-e21d0a386dcf|rpc:10.1.0.32:33323|dataStream:|priority:0] with ContainerStateMachine:uninitialized
2021-10-29 00:42:33,369 [pool-131-thread-1] INFO  server.RaftServerConfigKeys (ConfUtils.java:logGet(44)) - raft.server.rpc.timeout.min = 5s (custom)
2021-10-29 00:42:33,372 [pool-131-thread-1] INFO  server.RaftServerConfigKeys (ConfUtils.java:logGet(44)) - raft.server.rpc.timeout.max = 5200ms (custom)
2021-10-29 00:42:33,372 [pool-131-thread-1] INFO  server.RaftServerConfigKeys (ConfUtils.java:logGet(44)) - raft.server.rpc.sleep.time = 25ms (default)
2021-10-29 00:42:33,372 [pool-131-thread-1] INFO  server.RaftServerConfigKeys (ConfUtils.java:logGet(44)) - raft.server.rpc.slowness.timeout = 300s (custom)
2021-10-29 00:42:33,373 [pool-131-thread-1] INFO  server.RaftServerConfigKeys (ConfUtils.java:logGet(44)) - raft.server.leaderelection.leader.step-down.wait-time = 10s (default)
2021-10-29 00:42:33,373 [pool-131-thread-1] INFO  server.RaftServerConfigKeys (ConfUtils.java:logGet(44)) - raft.server.sleep.deviation.threshold = 300ms (default)
2021-10-29 00:42:33,373 [pool-131-thread-1] INFO  server.RaftServerConfigKeys (ConfUtils.java:logGet(44)) - raft.server.log.appender.install.snapshot.enabled = false (custom)
2021-10-29 00:42:33,373 [pool-131-thread-1] INFO  server.RaftServer$Division (ServerState.java:<init>(105)) - ece50d73-52f9-426c-b062-e21d0a386dcf@group-2A945599F841: ConfigurationManager, init=-1: [240b3f92-711e-4b06-964b-7be2bf787040|rpc:10.1.0.32:39315|dataStream:|priority:1, ede339c2-3cec-47d6-98dc-ec75754dc7c3|rpc:10.1.0.32:43517|dataStream:|priority:0, ece50d73-52f9-426c-b062-e21d0a386dcf|rpc:10.1.0.32:33323|dataStream:|priority:0], old=null, confs=<EMPTY_MAP>
2021-10-29 00:42:33,373 [pool-131-thread-1] INFO  server.RaftServerConfigKeys (ConfUtils.java:logGet(44)) - raft.server.storage.dir = [/home/runner/work/ozone/ozone/hadoop-ozone/integration-test/target/test-dir/MiniOzoneClusterImpl-20f6a6ed-b629-410f-9e90-983c782471bd/datanode-4/data/ratis] (custom)
2021-10-29 00:42:33,373 [pool-131-thread-1] INFO  server.RaftServerConfigKeys (ConfUtils.java:logGet(44)) - raft.server.log.corruption.policy = EXCEPTION (default)
2021-10-29 00:42:33,373 [pool-131-thread-1] INFO  server.RaftServerConfigKeys (ConfUtils.java:logGet(44)) - raft.server.storage.free-space.min = 0MB (=0) (default)
2021-10-29 00:42:33,373 [pool-131-thread-1] INFO  storage.RaftStorageDirectory (RaftStorageDirectoryImpl.java:analyzeStorage(135)) - The storage directory /home/runner/work/ozone/ozone/hadoop-ozone/integration-test/target/test-dir/MiniOzoneClusterImpl-20f6a6ed-b629-410f-9e90-983c782471bd/datanode-4/data/ratis/e184be69-efb2-4d49-b603-2a945599f841 does not exist. Creating ...
2021-10-29 00:42:33,375 [pool-131-thread-1] INFO  storage.RaftStorageDirectory (RaftStorageDirectoryImpl.java:tryLock(230)) - Lock on /home/runner/work/ozone/ozone/hadoop-ozone/integration-test/target/test-dir/MiniOzoneClusterImpl-20f6a6ed-b629-410f-9e90-983c782471bd/datanode-4/data/ratis/e184be69-efb2-4d49-b603-2a945599f841/in_use.lock acquired by nodename 21509@fv-az291-161
2021-10-29 00:42:33,376 [pool-131-thread-1] INFO  storage.RaftStorage (RaftStorageImpl.java:format(89)) - Storage directory /home/runner/work/ozone/ozone/hadoop-ozone/integration-test/target/test-dir/MiniOzoneClusterImpl-20f6a6ed-b629-410f-9e90-983c782471bd/datanode-4/data/ratis/e184be69-efb2-4d49-b603-2a945599f841 has been successfully formatted.
2021-10-29 00:42:33,377 [pool-131-thread-1] INFO  ratis.ContainerStateMachine (ContainerStateMachine.java:loadSnapshot(224)) - group-2A945599F841: The snapshot info is null. Setting the last applied indexto:(t:0, i:~)
2021-10-29 00:42:33,378 [pool-131-thread-1] INFO  server.RaftServerConfigKeys (ConfUtils.java:logGet(44)) - raft.server.notification.no-leader.timeout = 300s (custom)
2021-10-29 00:42:33,379 [pool-131-thread-1] INFO  server.RaftServerConfigKeys (ConfUtils.java:logGet(44)) - raft.server.log.use.memory = false (default)
2021-10-29 00:42:33,379 [pool-131-thread-1] INFO  server.RaftServerConfigKeys (ConfUtils.java:logGet(44)) - raft.server.log.purge.gap = 1000000 (custom)
2021-10-29 00:42:33,379 [pool-131-thread-1] INFO  server.RaftServerConfigKeys (ConfUtils.java:logGet(44)) - raft.server.log.appender.buffer.byte-limit = 33554432 (custom)
2021-10-29 00:42:33,379 [pool-131-thread-1] INFO  server.RaftServerConfigKeys (ConfUtils.java:logGet(44)) - raft.server.log.segment.size.max = 1048576 (custom)
2021-10-29 00:42:33,385 [pool-131-thread-1] INFO  server.RaftServerConfigKeys (ConfUtils.java:logGet(44)) - raft.server.log.segment.cache.num.max = 2 (custom)
2021-10-29 00:42:33,385 [pool-131-thread-1] INFO  server.RaftServerConfigKeys (ConfUtils.java:logGet(44)) - raft.server.log.segment.cache.size.max = 200MB (=209715200) (default)
2021-10-29 00:42:33,385 [pool-131-thread-1] INFO  segmented.SegmentedRaftLogWorker (SegmentedRaftLogWorker.java:<init>(182)) - new ece50d73-52f9-426c-b062-e21d0a386dcf@group-2A945599F841-SegmentedRaftLogWorker for RaftStorageImpl:Storage Directory /home/runner/work/ozone/ozone/hadoop-ozone/integration-test/target/test-dir/MiniOzoneClusterImpl-20f6a6ed-b629-410f-9e90-983c782471bd/datanode-4/data/ratis/e184be69-efb2-4d49-b603-2a945599f841
2021-10-29 00:42:33,385 [pool-131-thread-1] INFO  server.RaftServerConfigKeys (ConfUtils.java:logGet(44)) - raft.server.log.queue.byte-limit = 2147483647 (custom)
2021-10-29 00:42:33,385 [pool-131-thread-1] INFO  server.RaftServerConfigKeys (ConfUtils.java:logGet(44)) - raft.server.log.queue.element-limit = 1024 (custom)
2021-10-29 00:42:33,385 [pool-131-thread-1] INFO  server.RaftServerConfigKeys (ConfUtils.java:logGet(44)) - raft.server.log.segment.size.max = 1048576 (custom)
2021-10-29 00:42:33,385 [pool-131-thread-1] INFO  server.RaftServerConfigKeys (ConfUtils.java:logGet(44)) - raft.server.log.preallocated.size = 16384 (custom)
2021-10-29 00:42:33,385 [pool-131-thread-1] INFO  server.RaftServerConfigKeys (ConfUtils.java:logGet(44)) - raft.server.log.force.sync.num = 128 (default)
2021-10-29 00:42:33,385 [pool-131-thread-1] INFO  server.RaftServerConfigKeys (ConfUtils.java:logGet(44)) - raft.server.log.statemachine.data.sync = true (default)
2021-10-29 00:42:33,385 [pool-131-thread-1] INFO  server.RaftServerConfigKeys (ConfUtils.java:logGet(44)) - raft.server.log.statemachine.data.sync.timeout = 10s (default)
2021-10-29 00:42:33,385 [pool-131-thread-1] INFO  server.RaftServerConfigKeys (ConfUtils.java:logGet(44)) - raft.server.log.statemachine.data.sync.timeout.retry = -1 (default)
2021-10-29 00:42:33,386 [pool-131-thread-1] INFO  server.RaftServerConfigKeys (ConfUtils.java:logGet(44)) - raft.server.log.write.buffer.size = 1048576 (custom)
2021-10-29 00:42:33,387 [pool-131-thread-1] INFO  server.RaftServerConfigKeys (ConfUtils.java:logGet(44)) - raft.server.log.statemachine.data.caching.enabled = true (custom)
2021-10-29 00:42:33,387 [pool-131-thread-1] INFO  segmented.SegmentedRaftLogWorker (SegmentedRaftLogWorker.java:lambda$new$0(133)) - ece50d73-52f9-426c-b062-e21d0a386dcf@group-2A945599F841-SegmentedRaftLogWorker: flushIndex: setUnconditionally 0 -> -1
2021-10-29 00:42:33,387 [pool-131-thread-1] INFO  segmented.SegmentedRaftLogWorker (SegmentedRaftLogWorker.java:lambda$new$0(133)) - ece50d73-52f9-426c-b062-e21d0a386dcf@group-2A945599F841-SegmentedRaftLogWorker: safeCacheEvictIndex: setUnconditionally 0 -> -1
2021-10-29 00:42:33,388 [pool-131-thread-1] INFO  server.RaftServerConfigKeys (ConfUtils.java:logGet(44)) - raft.server.snapshot.auto.trigger.enabled = true (custom)
2021-10-29 00:42:33,388 [pool-131-thread-1] INFO  server.RaftServerConfigKeys (ConfUtils.java:logGet(44)) - raft.server.snapshot.auto.trigger.threshold = 10000 (custom)
2021-10-29 00:42:33,388 [pool-131-thread-1] INFO  server.RaftServerConfigKeys (ConfUtils.java:logGet(44)) - raft.server.snapshot.retention.file.num = 5 (custom)
2021-10-29 00:42:33,388 [pool-131-thread-1] INFO  server.RaftServerConfigKeys (ConfUtils.java:logGet(44)) - raft.server.log.purge.upto.snapshot.index = false (default)
2021-10-29 00:42:33,388 [pool-131-thread-1] INFO  server.RaftServerConfigKeys (ConfUtils.java:logGet(44)) - raft.server.retrycache.expirytime = 600000ms (custom)
2021-10-29 00:42:33,388 [pool-131-thread-1] INFO  server.RaftServerConfigKeys (ConfUtils.java:logGet(44)) - raft.server.retrycache.statistics.expirytime = 100μs (default)
2021-10-29 00:42:33,389 [pool-131-thread-1] INFO  server.RaftServer$Division (RaftServerImpl.java:start(301)) - ece50d73-52f9-426c-b062-e21d0a386dcf@group-2A945599F841: start as a follower, conf=-1: [240b3f92-711e-4b06-964b-7be2bf787040|rpc:10.1.0.32:39315|dataStream:|priority:1, ede339c2-3cec-47d6-98dc-ec75754dc7c3|rpc:10.1.0.32:43517|dataStream:|priority:0, ece50d73-52f9-426c-b062-e21d0a386dcf|rpc:10.1.0.32:33323|dataStream:|priority:0], old=null
2021-10-29 00:42:33,389 [pool-131-thread-1] INFO  server.RaftServer$Division (RaftServerImpl.java:setRole(290)) - ece50d73-52f9-426c-b062-e21d0a386dcf@group-2A945599F841: changes role from      null to FOLLOWER at term 0 for startAsFollower
2021-10-29 00:42:33,389 [pool-131-thread-1] INFO  impl.RoleInfo (RoleInfo.java:updateAndGet(130)) - ece50d73-52f9-426c-b062-e21d0a386dcf: start ece50d73-52f9-426c-b062-e21d0a386dcf@group-2A945599F841-FollowerState
2021-10-29 00:42:33,389 [pool-131-thread-1] INFO  util.JmxRegister (JmxRegister.java:tryRegister(44)) - Successfully registered JMX Bean with object name Ratis:service=RaftServer,group=group-2A945599F841,id=ece50d73-52f9-426c-b062-e21d0a386dcf
2021-10-29 00:42:33,415 [grpc-default-executor-0] INFO  server.RaftServer (RaftServerProxy.java:addNew(95)) - 240b3f92-711e-4b06-964b-7be2bf787040: addNew group-2A945599F841:[240b3f92-711e-4b06-964b-7be2bf787040|rpc:10.1.0.32:39315|dataStream:|priority:1, ede339c2-3cec-47d6-98dc-ec75754dc7c3|rpc:10.1.0.32:43517|dataStream:|priority:0, ece50d73-52f9-426c-b062-e21d0a386dcf|rpc:10.1.0.32:33323|dataStream:|priority:0] returns group-2A945599F841:java.util.concurrent.CompletableFuture@7ddb415f[Not completed]
2021-10-29 00:42:33,416 [pool-150-thread-1] INFO  server.RaftServer$Division (RaftServerImpl.java:<init>(184)) - 240b3f92-711e-4b06-964b-7be2bf787040: new RaftServerImpl for group-2A945599F841:[240b3f92-711e-4b06-964b-7be2bf787040|rpc:10.1.0.32:39315|dataStream:|priority:1, ede339c2-3cec-47d6-98dc-ec75754dc7c3|rpc:10.1.0.32:43517|dataStream:|priority:0, ece50d73-52f9-426c-b062-e21d0a386dcf|rpc:10.1.0.32:33323|dataStream:|priority:0] with ContainerStateMachine:uninitialized
2021-10-29 00:42:33,417 [pool-150-thread-1] INFO  server.RaftServerConfigKeys (ConfUtils.java:logGet(44)) - raft.server.rpc.timeout.min = 5s (custom)
2021-10-29 00:42:33,417 [pool-150-thread-1] INFO  server.RaftServerConfigKeys (ConfUtils.java:logGet(44)) - raft.server.rpc.timeout.max = 5200ms (custom)
2021-10-29 00:42:33,417 [pool-150-thread-1] INFO  server.RaftServerConfigKeys (ConfUtils.java:logGet(44)) - raft.server.rpc.sleep.time = 25ms (default)
2021-10-29 00:42:33,417 [pool-150-thread-1] INFO  server.RaftServerConfigKeys (ConfUtils.java:logGet(44)) - raft.server.rpc.slowness.timeout = 300s (custom)
2021-10-29 00:42:33,417 [pool-150-thread-1] INFO  server.RaftServerConfigKeys (ConfUtils.java:logGet(44)) - raft.server.leaderelection.leader.step-down.wait-time = 10s (default)
2021-10-29 00:42:33,417 [pool-150-thread-1] INFO  server.RaftServerConfigKeys (ConfUtils.java:logGet(44)) - raft.server.sleep.deviation.threshold = 300ms (default)
2021-10-29 00:42:33,417 [pool-150-thread-1] INFO  server.RaftServerConfigKeys (ConfUtils.java:logGet(44)) - raft.server.log.appender.install.snapshot.enabled = false (custom)
2021-10-29 00:42:33,417 [pool-150-thread-1] INFO  server.RaftServer$Division (ServerState.java:<init>(105)) - 240b3f92-711e-4b06-964b-7be2bf787040@group-2A945599F841: ConfigurationManager, init=-1: [240b3f92-711e-4b06-964b-7be2bf787040|rpc:10.1.0.32:39315|dataStream:|priority:1, ede339c2-3cec-47d6-98dc-ec75754dc7c3|rpc:10.1.0.32:43517|dataStream:|priority:0, ece50d73-52f9-426c-b062-e21d0a386dcf|rpc:10.1.0.32:33323|dataStream:|priority:0], old=null, confs=<EMPTY_MAP>
2021-10-29 00:42:33,417 [pool-150-thread-1] INFO  server.RaftServerConfigKeys (ConfUtils.java:logGet(44)) - raft.server.storage.dir = [/home/runner/work/ozone/ozone/hadoop-ozone/integration-test/target/test-dir/MiniOzoneClusterImpl-20f6a6ed-b629-410f-9e90-983c782471bd/datanode-5/data/ratis] (custom)
2021-10-29 00:42:33,417 [pool-150-thread-1] INFO  server.RaftServerConfigKeys (ConfUtils.java:logGet(44)) - raft.server.log.corruption.policy = EXCEPTION (default)
2021-10-29 00:42:33,418 [pool-150-thread-1] INFO  server.RaftServerConfigKeys (ConfUtils.java:logGet(44)) - raft.server.storage.free-space.min = 0MB (=0) (default)
2021-10-29 00:42:33,418 [pool-150-thread-1] INFO  storage.RaftStorageDirectory (RaftStorageDirectoryImpl.java:analyzeStorage(135)) - The storage directory /home/runner/work/ozone/ozone/hadoop-ozone/integration-test/target/test-dir/MiniOzoneClusterImpl-20f6a6ed-b629-410f-9e90-983c782471bd/datanode-5/data/ratis/e184be69-efb2-4d49-b603-2a945599f841 does not exist. Creating ...
2021-10-29 00:42:33,420 [pool-150-thread-1] INFO  storage.RaftStorageDirectory (RaftStorageDirectoryImpl.java:tryLock(230)) - Lock on /home/runner/work/ozone/ozone/hadoop-ozone/integration-test/target/test-dir/MiniOzoneClusterImpl-20f6a6ed-b629-410f-9e90-983c782471bd/datanode-5/data/ratis/e184be69-efb2-4d49-b603-2a945599f841/in_use.lock acquired by nodename 21509@fv-az291-161
2021-10-29 00:42:33,421 [pool-150-thread-1] INFO  storage.RaftStorage (RaftStorageImpl.java:format(89)) - Storage directory /home/runner/work/ozone/ozone/hadoop-ozone/integration-test/target/test-dir/MiniOzoneClusterImpl-20f6a6ed-b629-410f-9e90-983c782471bd/datanode-5/data/ratis/e184be69-efb2-4d49-b603-2a945599f841 has been successfully formatted.
2021-10-29 00:42:33,422 [pool-150-thread-1] INFO  ratis.ContainerStateMachine (ContainerStateMachine.java:loadSnapshot(224)) - group-2A945599F841: The snapshot info is null. Setting the last applied indexto:(t:0, i:~)
2021-10-29 00:42:33,425 [pool-150-thread-1] INFO  server.RaftServerConfigKeys (ConfUtils.java:logGet(44)) - raft.server.notification.no-leader.timeout = 300s (custom)
2021-10-29 00:42:33,425 [pool-150-thread-1] INFO  server.RaftServerConfigKeys (ConfUtils.java:logGet(44)) - raft.server.log.use.memory = false (default)
2021-10-29 00:42:33,425 [pool-150-thread-1] INFO  server.RaftServerConfigKeys (ConfUtils.java:logGet(44)) - raft.server.log.purge.gap = 1000000 (custom)
2021-10-29 00:42:33,427 [pool-150-thread-1] INFO  server.RaftServerConfigKeys (ConfUtils.java:logGet(44)) - raft.server.log.appender.buffer.byte-limit = 33554432 (custom)
2021-10-29 00:42:33,427 [pool-150-thread-1] INFO  server.RaftServerConfigKeys (ConfUtils.java:logGet(44)) - raft.server.log.segment.size.max = 1048576 (custom)
2021-10-29 00:42:33,428 [pool-150-thread-1] INFO  server.RaftServerConfigKeys (ConfUtils.java:logGet(44)) - raft.server.log.segment.cache.num.max = 2 (custom)
2021-10-29 00:42:33,428 [pool-150-thread-1] INFO  server.RaftServerConfigKeys (ConfUtils.java:logGet(44)) - raft.server.log.segment.cache.size.max = 200MB (=209715200) (default)
2021-10-29 00:42:33,428 [pool-150-thread-1] INFO  segmented.SegmentedRaftLogWorker (SegmentedRaftLogWorker.java:<init>(182)) - new 240b3f92-711e-4b06-964b-7be2bf787040@group-2A945599F841-SegmentedRaftLogWorker for RaftStorageImpl:Storage Directory /home/runner/work/ozone/ozone/hadoop-ozone/integration-test/target/test-dir/MiniOzoneClusterImpl-20f6a6ed-b629-410f-9e90-983c782471bd/datanode-5/data/ratis/e184be69-efb2-4d49-b603-2a945599f841
2021-10-29 00:42:33,428 [pool-150-thread-1] INFO  server.RaftServerConfigKeys (ConfUtils.java:logGet(44)) - raft.server.log.queue.byte-limit = 2147483647 (custom)
2021-10-29 00:42:33,428 [pool-150-thread-1] INFO  server.RaftServerConfigKeys (ConfUtils.java:logGet(44)) - raft.server.log.queue.element-limit = 1024 (custom)
2021-10-29 00:42:33,428 [pool-150-thread-1] INFO  server.RaftServerConfigKeys (ConfUtils.java:logGet(44)) - raft.server.log.segment.size.max = 1048576 (custom)
2021-10-29 00:42:33,428 [pool-150-thread-1] INFO  server.RaftServerConfigKeys (ConfUtils.java:logGet(44)) - raft.server.log.preallocated.size = 16384 (custom)
2021-10-29 00:42:33,428 [pool-150-thread-1] INFO  server.RaftServerConfigKeys (ConfUtils.java:logGet(44)) - raft.server.log.force.sync.num = 128 (default)
2021-10-29 00:42:33,428 [pool-150-thread-1] INFO  server.RaftServerConfigKeys (ConfUtils.java:logGet(44)) - raft.server.log.statemachine.data.sync = true (default)
2021-10-29 00:42:33,428 [pool-150-thread-1] INFO  server.RaftServerConfigKeys (ConfUtils.java:logGet(44)) - raft.server.log.statemachine.data.sync.timeout = 10s (default)
2021-10-29 00:42:33,429 [pool-150-thread-1] INFO  server.RaftServerConfigKeys (ConfUtils.java:logGet(44)) - raft.server.log.statemachine.data.sync.timeout.retry = -1 (default)
2021-10-29 00:42:33,430 [pool-150-thread-1] INFO  server.RaftServerConfigKeys (ConfUtils.java:logGet(44)) - raft.server.log.write.buffer.size = 1048576 (custom)
2021-10-29 00:42:33,430 [pool-150-thread-1] INFO  server.RaftServerConfigKeys (ConfUtils.java:logGet(44)) - raft.server.log.statemachine.data.caching.enabled = true (custom)
2021-10-29 00:42:33,431 [pool-150-thread-1] INFO  segmented.SegmentedRaftLogWorker (SegmentedRaftLogWorker.java:lambda$new$0(133)) - 240b3f92-711e-4b06-964b-7be2bf787040@group-2A945599F841-SegmentedRaftLogWorker: flushIndex: setUnconditionally 0 -> -1
2021-10-29 00:42:33,431 [pool-150-thread-1] INFO  segmented.SegmentedRaftLogWorker (SegmentedRaftLogWorker.java:lambda$new$0(133)) - 240b3f92-711e-4b06-964b-7be2bf787040@group-2A945599F841-SegmentedRaftLogWorker: safeCacheEvictIndex: setUnconditionally 0 -> -1
2021-10-29 00:42:33,431 [pool-150-thread-1] INFO  server.RaftServerConfigKeys (ConfUtils.java:logGet(44)) - raft.server.snapshot.auto.trigger.enabled = true (custom)
2021-10-29 00:42:33,431 [pool-150-thread-1] INFO  server.RaftServerConfigKeys (ConfUtils.java:logGet(44)) - raft.server.snapshot.auto.trigger.threshold = 10000 (custom)
2021-10-29 00:42:33,431 [pool-150-thread-1] INFO  server.RaftServerConfigKeys (ConfUtils.java:logGet(44)) - raft.server.snapshot.retention.file.num = 5 (custom)
2021-10-29 00:42:33,431 [pool-150-thread-1] INFO  server.RaftServerConfigKeys (ConfUtils.java:logGet(44)) - raft.server.log.purge.upto.snapshot.index = false (default)
2021-10-29 00:42:33,431 [pool-150-thread-1] INFO  server.RaftServerConfigKeys (ConfUtils.java:logGet(44)) - raft.server.retrycache.expirytime = 600000ms (custom)
2021-10-29 00:42:33,431 [pool-150-thread-1] INFO  server.RaftServerConfigKeys (ConfUtils.java:logGet(44)) - raft.server.retrycache.statistics.expirytime = 100μs (default)
2021-10-29 00:42:33,432 [pool-150-thread-1] INFO  server.RaftServer$Division (RaftServerImpl.java:start(301)) - 240b3f92-711e-4b06-964b-7be2bf787040@group-2A945599F841: start as a follower, conf=-1: [240b3f92-711e-4b06-964b-7be2bf787040|rpc:10.1.0.32:39315|dataStream:|priority:1, ede339c2-3cec-47d6-98dc-ec75754dc7c3|rpc:10.1.0.32:43517|dataStream:|priority:0, ece50d73-52f9-426c-b062-e21d0a386dcf|rpc:10.1.0.32:33323|dataStream:|priority:0], old=null
2021-10-29 00:42:33,433 [pool-150-thread-1] INFO  server.RaftServer$Division (RaftServerImpl.java:setRole(290)) - 240b3f92-711e-4b06-964b-7be2bf787040@group-2A945599F841: changes role from      null to FOLLOWER at term 0 for startAsFollower
2021-10-29 00:42:33,433 [pool-150-thread-1] INFO  impl.RoleInfo (RoleInfo.java:updateAndGet(130)) - 240b3f92-711e-4b06-964b-7be2bf787040: start 240b3f92-711e-4b06-964b-7be2bf787040@group-2A945599F841-FollowerState
2021-10-29 00:42:33,436 [pool-150-thread-1] INFO  util.JmxRegister (JmxRegister.java:tryRegister(44)) - Successfully registered JMX Bean with object name Ratis:service=RaftServer,group=group-2A945599F841,id=240b3f92-711e-4b06-964b-7be2bf787040
2021-10-29 00:42:33,445 [Command processor thread] INFO  commandhandler.CreatePipelineCommandHandler (CreatePipelineCommandHandler.java:handle(106)) - Created Pipeline RATIS THREE PipelineID=e184be69-efb2-4d49-b603-2a945599f841.
2021-10-29 00:42:33,520 [Command processor thread] INFO  server.RaftServer (RaftServerProxy.java:addNew(95)) - ece50d73-52f9-426c-b062-e21d0a386dcf: addNew group-6EA002B150B8:[ece50d73-52f9-426c-b062-e21d0a386dcf|rpc:10.1.0.32:33323|priority:1] returns group-6EA002B150B8:java.util.concurrent.CompletableFuture@4ab8c307[Not completed]
2021-10-29 00:42:33,521 [pool-131-thread-1] INFO  server.RaftServer$Division (RaftServerImpl.java:<init>(184)) - ece50d73-52f9-426c-b062-e21d0a386dcf: new RaftServerImpl for group-6EA002B150B8:[ece50d73-52f9-426c-b062-e21d0a386dcf|rpc:10.1.0.32:33323|priority:1] with ContainerStateMachine:uninitialized
2021-10-29 00:42:33,521 [pool-131-thread-1] INFO  server.RaftServerConfigKeys (ConfUtils.java:logGet(44)) - raft.server.rpc.timeout.min = 5s (custom)
2021-10-29 00:42:33,521 [pool-131-thread-1] INFO  server.RaftServerConfigKeys (ConfUtils.java:logGet(44)) - raft.server.rpc.timeout.max = 5200ms (custom)
2021-10-29 00:42:33,521 [pool-131-thread-1] INFO  server.RaftServerConfigKeys (ConfUtils.java:logGet(44)) - raft.server.rpc.sleep.time = 25ms (default)
2021-10-29 00:42:33,521 [pool-131-thread-1] INFO  server.RaftServerConfigKeys (ConfUtils.java:logGet(44)) - raft.server.rpc.slowness.timeout = 300s (custom)
2021-10-29 00:42:33,521 [pool-131-thread-1] INFO  server.RaftServerConfigKeys (ConfUtils.java:logGet(44)) - raft.server.leaderelection.leader.step-down.wait-time = 10s (default)
2021-10-29 00:42:33,521 [pool-131-thread-1] INFO  server.RaftServerConfigKeys (ConfUtils.java:logGet(44)) - raft.server.sleep.deviation.threshold = 300ms (default)
2021-10-29 00:42:33,521 [pool-131-thread-1] INFO  server.RaftServerConfigKeys (ConfUtils.java:logGet(44)) - raft.server.log.appender.install.snapshot.enabled = false (custom)
2021-10-29 00:42:33,521 [pool-131-thread-1] INFO  server.RaftServer$Division (ServerState.java:<init>(105)) - ece50d73-52f9-426c-b062-e21d0a386dcf@group-6EA002B150B8: ConfigurationManager, init=-1: [ece50d73-52f9-426c-b062-e21d0a386dcf|rpc:10.1.0.32:33323|priority:1], old=null, confs=<EMPTY_MAP>
2021-10-29 00:42:33,521 [pool-131-thread-1] INFO  server.RaftServerConfigKeys (ConfUtils.java:logGet(44)) - raft.server.storage.dir = [/home/runner/work/ozone/ozone/hadoop-ozone/integration-test/target/test-dir/MiniOzoneClusterImpl-20f6a6ed-b629-410f-9e90-983c782471bd/datanode-4/data/ratis] (custom)
2021-10-29 00:42:33,522 [pool-131-thread-1] INFO  server.RaftServerConfigKeys (ConfUtils.java:logGet(44)) - raft.server.log.corruption.policy = EXCEPTION (default)
2021-10-29 00:42:33,522 [pool-131-thread-1] INFO  server.RaftServerConfigKeys (ConfUtils.java:logGet(44)) - raft.server.storage.free-space.min = 0MB (=0) (default)
2021-10-29 00:42:33,522 [pool-131-thread-1] INFO  storage.RaftStorageDirectory (RaftStorageDirectoryImpl.java:analyzeStorage(135)) - The storage directory /home/runner/work/ozone/ozone/hadoop-ozone/integration-test/target/test-dir/MiniOzoneClusterImpl-20f6a6ed-b629-410f-9e90-983c782471bd/datanode-4/data/ratis/4c3025fd-f358-4745-8c7a-6ea002b150b8 does not exist. Creating ...
2021-10-29 00:42:33,523 [pool-131-thread-1] INFO  storage.RaftStorageDirectory (RaftStorageDirectoryImpl.java:tryLock(230)) - Lock on /home/runner/work/ozone/ozone/hadoop-ozone/integration-test/target/test-dir/MiniOzoneClusterImpl-20f6a6ed-b629-410f-9e90-983c782471bd/datanode-4/data/ratis/4c3025fd-f358-4745-8c7a-6ea002b150b8/in_use.lock acquired by nodename 21509@fv-az291-161
2021-10-29 00:42:33,525 [pool-131-thread-1] INFO  storage.RaftStorage (RaftStorageImpl.java:format(89)) - Storage directory /home/runner/work/ozone/ozone/hadoop-ozone/integration-test/target/test-dir/MiniOzoneClusterImpl-20f6a6ed-b629-410f-9e90-983c782471bd/datanode-4/data/ratis/4c3025fd-f358-4745-8c7a-6ea002b150b8 has been successfully formatted.
2021-10-29 00:42:33,526 [pool-131-thread-1] INFO  ratis.ContainerStateMachine (ContainerStateMachine.java:loadSnapshot(224)) - group-6EA002B150B8: The snapshot info is null. Setting the last applied indexto:(t:0, i:~)
2021-10-29 00:42:33,527 [EventQueue-PipelineReportForPipelineReportHandler] INFO  pipeline.PipelineManagerImpl (PipelineManagerImpl.java:openPipeline(289)) - Pipeline Pipeline[ Id: 4c3025fd-f358-4745-8c7a-6ea002b150b8, Nodes: ece50d73-52f9-426c-b062-e21d0a386dcf{ip: 10.1.0.32, host: fv-az291-161.wgnan5asplgejimfprtllbpdch.jx.internal.cloudapp.net, ports: [REPLICATION=37105, RATIS=33323, RATIS_ADMIN=33323, RATIS_SERVER=33323, STANDALONE=34549], networkLocation: /default-rack, certSerialId: null, persistedOpState: IN_SERVICE, persistedOpStateExpiryEpochSec: 0}, ReplicationConfig: RATIS/ONE, State:ALLOCATED, leaderId:ece50d73-52f9-426c-b062-e21d0a386dcf, CreationTimestamp2021-10-29T00:42:30.526Z[Etc/UTC]] moved to OPEN state
2021-10-29 00:42:33,527 [pool-131-thread-1] INFO  server.RaftServerConfigKeys (ConfUtils.java:logGet(44)) - raft.server.notification.no-leader.timeout = 300s (custom)
2021-10-29 00:42:33,528 [pool-131-thread-1] INFO  server.RaftServerConfigKeys (ConfUtils.java:logGet(44)) - raft.server.log.use.memory = false (default)
2021-10-29 00:42:33,528 [pool-131-thread-1] INFO  server.RaftServerConfigKeys (ConfUtils.java:logGet(44)) - raft.server.log.purge.gap = 1000000 (custom)
2021-10-29 00:42:33,528 [pool-131-thread-1] INFO  server.RaftServerConfigKeys (ConfUtils.java:logGet(44)) - raft.server.log.appender.buffer.byte-limit = 33554432 (custom)
2021-10-29 00:42:33,528 [EventQueue-OpenPipelineForHealthyPipelineSafeModeRule] INFO  safemode.SCMSafeModeManager (HealthyPipelineSafeModeRule.java:process(124)) - SCM in safe mode. Healthy pipelines reported count is 0, required healthy pipeline reported count is 1
2021-10-29 00:42:33,529 [pool-131-thread-1] INFO  server.RaftServerConfigKeys (ConfUtils.java:logGet(44)) - raft.server.log.segment.size.max = 1048576 (custom)
2021-10-29 00:42:33,530 [pool-131-thread-1] INFO  server.RaftServerConfigKeys (ConfUtils.java:logGet(44)) - raft.server.log.segment.cache.num.max = 2 (custom)
2021-10-29 00:42:33,530 [pool-131-thread-1] INFO  server.RaftServerConfigKeys (ConfUtils.java:logGet(44)) - raft.server.log.segment.cache.size.max = 200MB (=209715200) (default)
2021-10-29 00:42:33,530 [pool-131-thread-1] INFO  segmented.SegmentedRaftLogWorker (SegmentedRaftLogWorker.java:<init>(182)) - new ece50d73-52f9-426c-b062-e21d0a386dcf@group-6EA002B150B8-SegmentedRaftLogWorker for RaftStorageImpl:Storage Directory /home/runner/work/ozone/ozone/hadoop-ozone/integration-test/target/test-dir/MiniOzoneClusterImpl-20f6a6ed-b629-410f-9e90-983c782471bd/datanode-4/data/ratis/4c3025fd-f358-4745-8c7a-6ea002b150b8
2021-10-29 00:42:33,530 [pool-131-thread-1] INFO  server.RaftServerConfigKeys (ConfUtils.java:logGet(44)) - raft.server.log.queue.byte-limit = 2147483647 (custom)
2021-10-29 00:42:33,530 [pool-131-thread-1] INFO  server.RaftServerConfigKeys (ConfUtils.java:logGet(44)) - raft.server.log.queue.element-limit = 1024 (custom)
2021-10-29 00:42:33,530 [pool-131-thread-1] INFO  server.RaftServerConfigKeys (ConfUtils.java:logGet(44)) - raft.server.log.segment.size.max = 1048576 (custom)
2021-10-29 00:42:33,530 [pool-131-thread-1] INFO  server.RaftServerConfigKeys (ConfUtils.java:logGet(44)) - raft.server.log.preallocated.size = 16384 (custom)
2021-10-29 00:42:33,530 [pool-131-thread-1] INFO  server.RaftServerConfigKeys (ConfUtils.java:logGet(44)) - raft.server.log.force.sync.num = 128 (default)
2021-10-29 00:42:33,530 [pool-131-thread-1] INFO  server.RaftServerConfigKeys (ConfUtils.java:logGet(44)) - raft.server.log.statemachine.data.sync = true (default)
2021-10-29 00:42:33,530 [pool-131-thread-1] INFO  server.RaftServerConfigKeys (ConfUtils.java:logGet(44)) - raft.server.log.statemachine.data.sync.timeout = 10s (default)
2021-10-29 00:42:33,531 [pool-131-thread-1] INFO  server.RaftServerConfigKeys (ConfUtils.java:logGet(44)) - raft.server.log.statemachine.data.sync.timeout.retry = -1 (default)
2021-10-29 00:42:33,531 [pool-131-thread-1] INFO  server.RaftServerConfigKeys (ConfUtils.java:logGet(44)) - raft.server.log.write.buffer.size = 1048576 (custom)
2021-10-29 00:42:33,532 [pool-131-thread-1] INFO  server.RaftServerConfigKeys (ConfUtils.java:logGet(44)) - raft.server.log.statemachine.data.caching.enabled = true (custom)
2021-10-29 00:42:33,532 [pool-131-thread-1] INFO  segmented.SegmentedRaftLogWorker (SegmentedRaftLogWorker.java:lambda$new$0(133)) - ece50d73-52f9-426c-b062-e21d0a386dcf@group-6EA002B150B8-SegmentedRaftLogWorker: flushIndex: setUnconditionally 0 -> -1
2021-10-29 00:42:33,532 [pool-131-thread-1] INFO  segmented.SegmentedRaftLogWorker (SegmentedRaftLogWorker.java:lambda$new$0(133)) - ece50d73-52f9-426c-b062-e21d0a386dcf@group-6EA002B150B8-SegmentedRaftLogWorker: safeCacheEvictIndex: setUnconditionally 0 -> -1
2021-10-29 00:42:33,533 [pool-131-thread-1] INFO  server.RaftServerConfigKeys (ConfUtils.java:logGet(44)) - raft.server.snapshot.auto.trigger.enabled = true (custom)
2021-10-29 00:42:33,533 [pool-131-thread-1] INFO  server.RaftServerConfigKeys (ConfUtils.java:logGet(44)) - raft.server.snapshot.auto.trigger.threshold = 10000 (custom)
2021-10-29 00:42:33,533 [pool-131-thread-1] INFO  server.RaftServerConfigKeys (ConfUtils.java:logGet(44)) - raft.server.snapshot.retention.file.num = 5 (custom)
2021-10-29 00:42:33,533 [pool-131-thread-1] INFO  server.RaftServerConfigKeys (ConfUtils.java:logGet(44)) - raft.server.log.purge.upto.snapshot.index = false (default)
2021-10-29 00:42:33,533 [pool-131-thread-1] INFO  server.RaftServerConfigKeys (ConfUtils.java:logGet(44)) - raft.server.retrycache.expirytime = 600000ms (custom)
2021-10-29 00:42:33,533 [pool-131-thread-1] INFO  server.RaftServerConfigKeys (ConfUtils.java:logGet(44)) - raft.server.retrycache.statistics.expirytime = 100μs (default)
2021-10-29 00:42:33,534 [pool-131-thread-1] INFO  server.RaftServer$Division (RaftServerImpl.java:start(301)) - ece50d73-52f9-426c-b062-e21d0a386dcf@group-6EA002B150B8: start as a follower, conf=-1: [ece50d73-52f9-426c-b062-e21d0a386dcf|rpc:10.1.0.32:33323|priority:1], old=null
2021-10-29 00:42:33,534 [pool-131-thread-1] INFO  server.RaftServer$Division (RaftServerImpl.java:setRole(290)) - ece50d73-52f9-426c-b062-e21d0a386dcf@group-6EA002B150B8: changes role from      null to FOLLOWER at term 0 for startAsFollower
2021-10-29 00:42:33,534 [pool-131-thread-1] INFO  impl.RoleInfo (RoleInfo.java:updateAndGet(130)) - ece50d73-52f9-426c-b062-e21d0a386dcf: start ece50d73-52f9-426c-b062-e21d0a386dcf@group-6EA002B150B8-FollowerState
2021-10-29 00:42:33,537 [pool-131-thread-1] INFO  util.JmxRegister (JmxRegister.java:tryRegister(44)) - Successfully registered JMX Bean with object name Ratis:service=RaftServer,group=group-6EA002B150B8,id=ece50d73-52f9-426c-b062-e21d0a386dcf
2021-10-29 00:42:33,537 [Command processor thread] INFO  ratis.XceiverServerRatis (XceiverServerRatis.java:addGroup(768)) - Created group PipelineID=4c3025fd-f358-4745-8c7a-6ea002b150b8
2021-10-29 00:42:33,538 [Command processor thread] INFO  commandhandler.CreatePipelineCommandHandler (CreatePipelineCommandHandler.java:handle(106)) - Created Pipeline RATIS ONE PipelineID=4c3025fd-f358-4745-8c7a-6ea002b150b8.
2021-10-29 00:42:33,704 [Listener at 127.0.0.1/33257] INFO  ozone.MiniOzoneClusterImpl (MiniOzoneClusterImpl.java:lambda$waitForClusterToBeReady$0(235)) - Nodes are ready. Got 6 of 6 DN Heartbeats.
2021-10-29 00:42:33,704 [Listener at 127.0.0.1/33257] INFO  ozone.MiniOzoneClusterImpl (MiniOzoneClusterImpl.java:lambda$waitForClusterToBeReady$0(238)) - Waiting for cluster to exit safe mode
2021-10-29 00:42:33,704 [Listener at 127.0.0.1/33257] INFO  ozone.MiniOzoneClusterImpl (MiniOzoneClusterImpl.java:lambda$waitForClusterToBeReady$0(240)) - SCM became leader
2021-10-29 00:42:33,708 [Command processor thread] INFO  server.RaftServer (RaftServerProxy.java:addNew(95)) - 240b3f92-711e-4b06-964b-7be2bf787040: addNew group-215A1A65B0A7:[240b3f92-711e-4b06-964b-7be2bf787040|rpc:10.1.0.32:39315|priority:1] returns group-215A1A65B0A7:java.util.concurrent.CompletableFuture@615ae13d[Not completed]
2021-10-29 00:42:33,709 [pool-150-thread-1] INFO  server.RaftServer$Division (RaftServerImpl.java:<init>(184)) - 240b3f92-711e-4b06-964b-7be2bf787040: new RaftServerImpl for group-215A1A65B0A7:[240b3f92-711e-4b06-964b-7be2bf787040|rpc:10.1.0.32:39315|priority:1] with ContainerStateMachine:uninitialized
2021-10-29 00:42:33,709 [pool-150-thread-1] INFO  server.RaftServerConfigKeys (ConfUtils.java:logGet(44)) - raft.server.rpc.timeout.min = 5s (custom)
2021-10-29 00:42:33,709 [pool-150-thread-1] INFO  server.RaftServerConfigKeys (ConfUtils.java:logGet(44)) - raft.server.rpc.timeout.max = 5200ms (custom)
2021-10-29 00:42:33,709 [pool-150-thread-1] INFO  server.RaftServerConfigKeys (ConfUtils.java:logGet(44)) - raft.server.rpc.sleep.time = 25ms (default)
2021-10-29 00:42:33,710 [pool-150-thread-1] INFO  server.RaftServerConfigKeys (ConfUtils.java:logGet(44)) - raft.server.rpc.slowness.timeout = 300s (custom)
2021-10-29 00:42:33,710 [pool-150-thread-1] INFO  server.RaftServerConfigKeys (ConfUtils.java:logGet(44)) - raft.server.leaderelection.leader.step-down.wait-time = 10s (default)
2021-10-29 00:42:33,710 [pool-150-thread-1] INFO  server.RaftServerConfigKeys (ConfUtils.java:logGet(44)) - raft.server.sleep.deviation.threshold = 300ms (default)
2021-10-29 00:42:33,711 [pool-150-thread-1] INFO  server.RaftServerConfigKeys (ConfUtils.java:logGet(44)) - raft.server.log.appender.install.snapshot.enabled = false (custom)
2021-10-29 00:42:33,711 [pool-150-thread-1] INFO  server.RaftServer$Division (ServerState.java:<init>(105)) - 240b3f92-711e-4b06-964b-7be2bf787040@group-215A1A65B0A7: ConfigurationManager, init=-1: [240b3f92-711e-4b06-964b-7be2bf787040|rpc:10.1.0.32:39315|priority:1], old=null, confs=<EMPTY_MAP>
2021-10-29 00:42:33,711 [pool-150-thread-1] INFO  server.RaftServerConfigKeys (ConfUtils.java:logGet(44)) - raft.server.storage.dir = [/home/runner/work/ozone/ozone/hadoop-ozone/integration-test/target/test-dir/MiniOzoneClusterImpl-20f6a6ed-b629-410f-9e90-983c782471bd/datanode-5/data/ratis] (custom)
2021-10-29 00:42:33,712 [pool-150-thread-1] INFO  server.RaftServerConfigKeys (ConfUtils.java:logGet(44)) - raft.server.log.corruption.policy = EXCEPTION (default)
2021-10-29 00:42:33,712 [pool-150-thread-1] INFO  server.RaftServerConfigKeys (ConfUtils.java:logGet(44)) - raft.server.storage.free-space.min = 0MB (=0) (default)
2021-10-29 00:42:33,713 [pool-150-thread-1] INFO  storage.RaftStorageDirectory (RaftStorageDirectoryImpl.java:analyzeStorage(135)) - The storage directory /home/runner/work/ozone/ozone/hadoop-ozone/integration-test/target/test-dir/MiniOzoneClusterImpl-20f6a6ed-b629-410f-9e90-983c782471bd/datanode-5/data/ratis/da5f3843-65ab-4e90-a0e3-215a1a65b0a7 does not exist. Creating ...
2021-10-29 00:42:33,714 [pool-150-thread-1] INFO  storage.RaftStorageDirectory (RaftStorageDirectoryImpl.java:tryLock(230)) - Lock on /home/runner/work/ozone/ozone/hadoop-ozone/integration-test/target/test-dir/MiniOzoneClusterImpl-20f6a6ed-b629-410f-9e90-983c782471bd/datanode-5/data/ratis/da5f3843-65ab-4e90-a0e3-215a1a65b0a7/in_use.lock acquired by nodename 21509@fv-az291-161
2021-10-29 00:42:33,716 [pool-150-thread-1] INFO  storage.RaftStorage (RaftStorageImpl.java:format(89)) - Storage directory /home/runner/work/ozone/ozone/hadoop-ozone/integration-test/target/test-dir/MiniOzoneClusterImpl-20f6a6ed-b629-410f-9e90-983c782471bd/datanode-5/data/ratis/da5f3843-65ab-4e90-a0e3-215a1a65b0a7 has been successfully formatted.
2021-10-29 00:42:33,716 [pool-150-thread-1] INFO  ratis.ContainerStateMachine (ContainerStateMachine.java:loadSnapshot(224)) - group-215A1A65B0A7: The snapshot info is null. Setting the last applied indexto:(t:0, i:~)
2021-10-29 00:42:33,717 [pool-150-thread-1] INFO  server.RaftServerConfigKeys (ConfUtils.java:logGet(44)) - raft.server.notification.no-leader.timeout = 300s (custom)
2021-10-29 00:42:33,717 [pool-150-thread-1] INFO  server.RaftServerConfigKeys (ConfUtils.java:logGet(44)) - raft.server.log.use.memory = false (default)
2021-10-29 00:42:33,717 [pool-150-thread-1] INFO  server.RaftServerConfigKeys (ConfUtils.java:logGet(44)) - raft.server.log.purge.gap = 1000000 (custom)
2021-10-29 00:42:33,719 [pool-150-thread-1] INFO  server.RaftServerConfigKeys (ConfUtils.java:logGet(44)) - raft.server.log.appender.buffer.byte-limit = 33554432 (custom)
2021-10-29 00:42:33,720 [pool-150-thread-1] INFO  server.RaftServerConfigKeys (ConfUtils.java:logGet(44)) - raft.server.log.segment.size.max = 1048576 (custom)
2021-10-29 00:42:33,720 [EventQueue-PipelineReportForPipelineReportHandler] INFO  pipeline.PipelineManagerImpl (PipelineManagerImpl.java:openPipeline(289)) - Pipeline Pipeline[ Id: da5f3843-65ab-4e90-a0e3-215a1a65b0a7, Nodes: 240b3f92-711e-4b06-964b-7be2bf787040{ip: 10.1.0.32, host: fv-az291-161.wgnan5asplgejimfprtllbpdch.jx.internal.cloudapp.net, ports: [REPLICATION=34171, RATIS=39315, RATIS_ADMIN=39315, RATIS_SERVER=39315, STANDALONE=46869], networkLocation: /default-rack, certSerialId: null, persistedOpState: IN_SERVICE, persistedOpStateExpiryEpochSec: 0}, ReplicationConfig: RATIS/ONE, State:ALLOCATED, leaderId:240b3f92-711e-4b06-964b-7be2bf787040, CreationTimestamp2021-10-29T00:42:30.712Z[Etc/UTC]] moved to OPEN state
2021-10-29 00:42:33,721 [EventQueue-OpenPipelineForHealthyPipelineSafeModeRule] INFO  safemode.SCMSafeModeManager (HealthyPipelineSafeModeRule.java:process(124)) - SCM in safe mode. Healthy pipelines reported count is 0, required healthy pipeline reported count is 1
2021-10-29 00:42:33,723 [pool-150-thread-1] INFO  server.RaftServerConfigKeys (ConfUtils.java:logGet(44)) - raft.server.log.segment.cache.num.max = 2 (custom)
2021-10-29 00:42:33,725 [pool-150-thread-1] INFO  server.RaftServerConfigKeys (ConfUtils.java:logGet(44)) - raft.server.log.segment.cache.size.max = 200MB (=209715200) (default)
2021-10-29 00:42:33,725 [pool-150-thread-1] INFO  segmented.SegmentedRaftLogWorker (SegmentedRaftLogWorker.java:<init>(182)) - new 240b3f92-711e-4b06-964b-7be2bf787040@group-215A1A65B0A7-SegmentedRaftLogWorker for RaftStorageImpl:Storage Directory /home/runner/work/ozone/ozone/hadoop-ozone/integration-test/target/test-dir/MiniOzoneClusterImpl-20f6a6ed-b629-410f-9e90-983c782471bd/datanode-5/data/ratis/da5f3843-65ab-4e90-a0e3-215a1a65b0a7
2021-10-29 00:42:33,725 [pool-150-thread-1] INFO  server.RaftServerConfigKeys (ConfUtils.java:logGet(44)) - raft.server.log.queue.byte-limit = 2147483647 (custom)
2021-10-29 00:42:33,726 [pool-150-thread-1] INFO  server.RaftServerConfigKeys (ConfUtils.java:logGet(44)) - raft.server.log.queue.element-limit = 1024 (custom)
2021-10-29 00:42:33,726 [pool-150-thread-1] INFO  server.RaftServerConfigKeys (ConfUtils.java:logGet(44)) - raft.server.log.segment.size.max = 1048576 (custom)
2021-10-29 00:42:33,726 [pool-150-thread-1] INFO  server.RaftServerConfigKeys (ConfUtils.java:logGet(44)) - raft.server.log.preallocated.size = 16384 (custom)
2021-10-29 00:42:33,726 [pool-150-thread-1] INFO  server.RaftServerConfigKeys (ConfUtils.java:logGet(44)) - raft.server.log.force.sync.num = 128 (default)
2021-10-29 00:42:33,727 [pool-150-thread-1] INFO  server.RaftServerConfigKeys (ConfUtils.java:logGet(44)) - raft.server.log.statemachine.data.sync = true (default)
2021-10-29 00:42:33,727 [pool-150-thread-1] INFO  server.RaftServerConfigKeys (ConfUtils.java:logGet(44)) - raft.server.log.statemachine.data.sync.timeout = 10s (default)
2021-10-29 00:42:33,727 [pool-150-thread-1] INFO  server.RaftServerConfigKeys (ConfUtils.java:logGet(44)) - raft.server.log.statemachine.data.sync.timeout.retry = -1 (default)
2021-10-29 00:42:33,731 [pool-150-thread-1] INFO  server.RaftServerConfigKeys (ConfUtils.java:logGet(44)) - raft.server.log.write.buffer.size = 1048576 (custom)
2021-10-29 00:42:33,734 [pool-150-thread-1] INFO  server.RaftServerConfigKeys (ConfUtils.java:logGet(44)) - raft.server.log.statemachine.data.caching.enabled = true (custom)
2021-10-29 00:42:33,735 [pool-150-thread-1] INFO  segmented.SegmentedRaftLogWorker (SegmentedRaftLogWorker.java:lambda$new$0(133)) - 240b3f92-711e-4b06-964b-7be2bf787040@group-215A1A65B0A7-SegmentedRaftLogWorker: flushIndex: setUnconditionally 0 -> -1
2021-10-29 00:42:33,735 [pool-150-thread-1] INFO  segmented.SegmentedRaftLogWorker (SegmentedRaftLogWorker.java:lambda$new$0(133)) - 240b3f92-711e-4b06-964b-7be2bf787040@group-215A1A65B0A7-SegmentedRaftLogWorker: safeCacheEvictIndex: setUnconditionally 0 -> -1
2021-10-29 00:42:33,736 [pool-150-thread-1] INFO  server.RaftServerConfigKeys (ConfUtils.java:logGet(44)) - raft.server.snapshot.auto.trigger.enabled = true (custom)
2021-10-29 00:42:33,736 [pool-150-thread-1] INFO  server.RaftServerConfigKeys (ConfUtils.java:logGet(44)) - raft.server.snapshot.auto.trigger.threshold = 10000 (custom)
2021-10-29 00:42:33,736 [pool-150-thread-1] INFO  server.RaftServerConfigKeys (ConfUtils.java:logGet(44)) - raft.server.snapshot.retention.file.num = 5 (custom)
2021-10-29 00:42:33,737 [pool-150-thread-1] INFO  server.RaftServerConfigKeys (ConfUtils.java:logGet(44)) - raft.server.log.purge.upto.snapshot.index = false (default)
2021-10-29 00:42:33,737 [pool-150-thread-1] INFO  server.RaftServerConfigKeys (ConfUtils.java:logGet(44)) - raft.server.retrycache.expirytime = 600000ms (custom)
2021-10-29 00:42:33,737 [pool-150-thread-1] INFO  server.RaftServerConfigKeys (ConfUtils.java:logGet(44)) - raft.server.retrycache.statistics.expirytime = 100μs (default)
2021-10-29 00:42:33,741 [pool-150-thread-1] INFO  server.RaftServer$Division (RaftServerImpl.java:start(301)) - 240b3f92-711e-4b06-964b-7be2bf787040@group-215A1A65B0A7: start as a follower, conf=-1: [240b3f92-711e-4b06-964b-7be2bf787040|rpc:10.1.0.32:39315|priority:1], old=null
2021-10-29 00:42:33,742 [pool-150-thread-1] INFO  server.RaftServer$Division (RaftServerImpl.java:setRole(290)) - 240b3f92-711e-4b06-964b-7be2bf787040@group-215A1A65B0A7: changes role from      null to FOLLOWER at term 0 for startAsFollower
2021-10-29 00:42:33,742 [pool-150-thread-1] INFO  impl.RoleInfo (RoleInfo.java:updateAndGet(130)) - 240b3f92-711e-4b06-964b-7be2bf787040: start 240b3f92-711e-4b06-964b-7be2bf787040@group-215A1A65B0A7-FollowerState
2021-10-29 00:42:33,747 [pool-150-thread-1] INFO  util.JmxRegister (JmxRegister.java:tryRegister(44)) - Successfully registered JMX Bean with object name Ratis:service=RaftServer,group=group-215A1A65B0A7,id=240b3f92-711e-4b06-964b-7be2bf787040
2021-10-29 00:42:33,748 [Command processor thread] INFO  ratis.XceiverServerRatis (XceiverServerRatis.java:addGroup(768)) - Created group PipelineID=da5f3843-65ab-4e90-a0e3-215a1a65b0a7
2021-10-29 00:42:33,748 [Command processor thread] INFO  commandhandler.CreatePipelineCommandHandler (CreatePipelineCommandHandler.java:handle(106)) - Created Pipeline RATIS ONE PipelineID=da5f3843-65ab-4e90-a0e3-215a1a65b0a7.
2021-10-29 00:42:33,899 [EventQueue-OpenPipelineForHealthyPipelineSafeModeRule] INFO  safemode.SCMSafeModeManager (HealthyPipelineSafeModeRule.java:process(124)) - SCM in safe mode. Healthy pipelines reported count is 0, required healthy pipeline reported count is 1
2021-10-29 00:42:34,095 [EventQueue-OpenPipelineForHealthyPipelineSafeModeRule] INFO  safemode.SCMSafeModeManager (HealthyPipelineSafeModeRule.java:process(124)) - SCM in safe mode. Healthy pipelines reported count is 0, required healthy pipeline reported count is 1
2021-10-29 00:42:34,186 [ReplicationMonitor] INFO  container.ReplicationManager (ReplicationManager.java:processAll(371)) - Replication Monitor Thread took 0 milliseconds for processing 0 containers.
2021-10-29 00:42:34,327 [EventQueue-OpenPipelineForHealthyPipelineSafeModeRule] INFO  safemode.SCMSafeModeManager (HealthyPipelineSafeModeRule.java:process(124)) - SCM in safe mode. Healthy pipelines reported count is 0, required healthy pipeline reported count is 1
2021-10-29 00:42:34,528 [EventQueue-OpenPipelineForHealthyPipelineSafeModeRule] INFO  safemode.SCMSafeModeManager (HealthyPipelineSafeModeRule.java:process(124)) - SCM in safe mode. Healthy pipelines reported count is 0, required healthy pipeline reported count is 1
2021-10-29 00:42:34,704 [Listener at 127.0.0.1/33257] INFO  ozone.MiniOzoneClusterImpl (MiniOzoneClusterImpl.java:lambda$waitForClusterToBeReady$0(235)) - Nodes are ready. Got 6 of 6 DN Heartbeats.
2021-10-29 00:42:34,704 [Listener at 127.0.0.1/33257] INFO  ozone.MiniOzoneClusterImpl (MiniOzoneClusterImpl.java:lambda$waitForClusterToBeReady$0(238)) - Waiting for cluster to exit safe mode
2021-10-29 00:42:34,704 [Listener at 127.0.0.1/33257] INFO  ozone.MiniOzoneClusterImpl (MiniOzoneClusterImpl.java:lambda$waitForClusterToBeReady$0(240)) - SCM became leader
2021-10-29 00:42:34,719 [EventQueue-OpenPipelineForHealthyPipelineSafeModeRule] INFO  safemode.SCMSafeModeManager (HealthyPipelineSafeModeRule.java:process(124)) - SCM in safe mode. Healthy pipelines reported count is 0, required healthy pipeline reported count is 1
2021-10-29 00:42:34,900 [EventQueue-OpenPipelineForHealthyPipelineSafeModeRule] INFO  safemode.SCMSafeModeManager (HealthyPipelineSafeModeRule.java:process(124)) - SCM in safe mode. Healthy pipelines reported count is 0, required healthy pipeline reported count is 1
2021-10-29 00:42:35,187 [ReplicationMonitor] INFO  container.ReplicationManager (ReplicationManager.java:processAll(371)) - Replication Monitor Thread took 1 milliseconds for processing 0 containers.
2021-10-29 00:42:35,324 [EventQueue-OpenPipelineForHealthyPipelineSafeModeRule] INFO  safemode.SCMSafeModeManager (HealthyPipelineSafeModeRule.java:process(124)) - SCM in safe mode. Healthy pipelines reported count is 0, required healthy pipeline reported count is 1
2021-10-29 00:42:35,327 [EventQueue-OpenPipelineForHealthyPipelineSafeModeRule] INFO  safemode.SCMSafeModeManager (HealthyPipelineSafeModeRule.java:process(124)) - SCM in safe mode. Healthy pipelines reported count is 0, required healthy pipeline reported count is 1
2021-10-29 00:42:35,528 [EventQueue-OpenPipelineForHealthyPipelineSafeModeRule] INFO  safemode.SCMSafeModeManager (HealthyPipelineSafeModeRule.java:process(124)) - SCM in safe mode. Healthy pipelines reported count is 0, required healthy pipeline reported count is 1
2021-10-29 00:42:35,705 [Listener at 127.0.0.1/33257] INFO  ozone.MiniOzoneClusterImpl (MiniOzoneClusterImpl.java:lambda$waitForClusterToBeReady$0(235)) - Nodes are ready. Got 6 of 6 DN Heartbeats.
2021-10-29 00:42:35,705 [Listener at 127.0.0.1/33257] INFO  ozone.MiniOzoneClusterImpl (MiniOzoneClusterImpl.java:lambda$waitForClusterToBeReady$0(238)) - Waiting for cluster to exit safe mode
2021-10-29 00:42:35,705 [Listener at 127.0.0.1/33257] INFO  ozone.MiniOzoneClusterImpl (MiniOzoneClusterImpl.java:lambda$waitForClusterToBeReady$0(240)) - SCM became leader
2021-10-29 00:42:35,721 [EventQueue-OpenPipelineForHealthyPipelineSafeModeRule] INFO  safemode.SCMSafeModeManager (HealthyPipelineSafeModeRule.java:process(124)) - SCM in safe mode. Healthy pipelines reported count is 0, required healthy pipeline reported count is 1
2021-10-29 00:42:35,900 [EventQueue-OpenPipelineForHealthyPipelineSafeModeRule] INFO  safemode.SCMSafeModeManager (HealthyPipelineSafeModeRule.java:process(124)) - SCM in safe mode. Healthy pipelines reported count is 0, required healthy pipeline reported count is 1
2021-10-29 00:42:36,093 [EventQueue-OpenPipelineForHealthyPipelineSafeModeRule] INFO  safemode.SCMSafeModeManager (HealthyPipelineSafeModeRule.java:process(124)) - SCM in safe mode. Healthy pipelines reported count is 0, required healthy pipeline reported count is 1
2021-10-29 00:42:36,188 [ReplicationMonitor] INFO  container.ReplicationManager (ReplicationManager.java:processAll(371)) - Replication Monitor Thread took 0 milliseconds for processing 0 containers.
2021-10-29 00:42:36,324 [EventQueue-OpenPipelineForHealthyPipelineSafeModeRule] INFO  safemode.SCMSafeModeManager (HealthyPipelineSafeModeRule.java:process(124)) - SCM in safe mode. Healthy pipelines reported count is 0, required healthy pipeline reported count is 1
2021-10-29 00:42:36,705 [Listener at 127.0.0.1/33257] INFO  ozone.MiniOzoneClusterImpl (MiniOzoneClusterImpl.java:lambda$waitForClusterToBeReady$0(235)) - Nodes are ready. Got 6 of 6 DN Heartbeats.
2021-10-29 00:42:36,705 [Listener at 127.0.0.1/33257] INFO  ozone.MiniOzoneClusterImpl (MiniOzoneClusterImpl.java:lambda$waitForClusterToBeReady$0(238)) - Waiting for cluster to exit safe mode
2021-10-29 00:42:36,705 [Listener at 127.0.0.1/33257] INFO  ozone.MiniOzoneClusterImpl (MiniOzoneClusterImpl.java:lambda$waitForClusterToBeReady$0(240)) - SCM became leader
2021-10-29 00:42:37,188 [ReplicationMonitor] INFO  container.ReplicationManager (ReplicationManager.java:processAll(371)) - Replication Monitor Thread took 0 milliseconds for processing 0 containers.
2021-10-29 00:42:37,327 [EventQueue-OpenPipelineForHealthyPipelineSafeModeRule] INFO  safemode.SCMSafeModeManager (HealthyPipelineSafeModeRule.java:process(124)) - SCM in safe mode. Healthy pipelines reported count is 0, required healthy pipeline reported count is 1
2021-10-29 00:42:37,379 [12cd3e49-de78-4d30-aa86-c1ffa97795c8@group-AF3141016B51-FollowerState] INFO  impl.FollowerState (FollowerState.java:run(134)) - 12cd3e49-de78-4d30-aa86-c1ffa97795c8@group-AF3141016B51-FollowerState: change to CANDIDATE, lastRpcElapsedTime:5085607468ns, electionTimeout:5081ms
2021-10-29 00:42:37,379 [12cd3e49-de78-4d30-aa86-c1ffa97795c8@group-AF3141016B51-FollowerState] INFO  impl.RoleInfo (RoleInfo.java:shutdownFollowerState(108)) - 12cd3e49-de78-4d30-aa86-c1ffa97795c8: shutdown 12cd3e49-de78-4d30-aa86-c1ffa97795c8@group-AF3141016B51-FollowerState
2021-10-29 00:42:37,379 [12cd3e49-de78-4d30-aa86-c1ffa97795c8@group-AF3141016B51-FollowerState] INFO  server.RaftServer$Division (RaftServerImpl.java:setRole(290)) - 12cd3e49-de78-4d30-aa86-c1ffa97795c8@group-AF3141016B51: changes role from  FOLLOWER to CANDIDATE at term 0 for changeToCandidate
2021-10-29 00:42:37,379 [12cd3e49-de78-4d30-aa86-c1ffa97795c8@group-AF3141016B51-FollowerState] INFO  server.RaftServerConfigKeys (ConfUtils.java:logGet(44)) - raft.server.leaderelection.pre-vote = false (custom)
2021-10-29 00:42:37,380 [12cd3e49-de78-4d30-aa86-c1ffa97795c8@group-AF3141016B51-FollowerState] INFO  impl.RoleInfo (RoleInfo.java:updateAndGet(130)) - 12cd3e49-de78-4d30-aa86-c1ffa97795c8: start 12cd3e49-de78-4d30-aa86-c1ffa97795c8@group-AF3141016B51-LeaderElection2
2021-10-29 00:42:37,387 [12cd3e49-de78-4d30-aa86-c1ffa97795c8@group-AF3141016B51-LeaderElection2] INFO  impl.LeaderElection (LeaderElection.java:askForVotes(306)) - 12cd3e49-de78-4d30-aa86-c1ffa97795c8@group-AF3141016B51-LeaderElection2 ELECTION round 0: submit vote requests at term 1 for -1: [12cd3e49-de78-4d30-aa86-c1ffa97795c8|rpc:10.1.0.32:42653|priority:1], old=null
2021-10-29 00:42:37,387 [12cd3e49-de78-4d30-aa86-c1ffa97795c8@group-AF3141016B51-LeaderElection2] INFO  impl.LeaderElection (LeaderElection.java:askForVotes(308)) - 12cd3e49-de78-4d30-aa86-c1ffa97795c8@group-AF3141016B51-LeaderElection2 ELECTION round 0: result PASSED (term=1)
2021-10-29 00:42:37,388 [12cd3e49-de78-4d30-aa86-c1ffa97795c8@group-AF3141016B51-LeaderElection2] INFO  impl.RoleInfo (RoleInfo.java:shutdownLeaderElection(121)) - 12cd3e49-de78-4d30-aa86-c1ffa97795c8: shutdown 12cd3e49-de78-4d30-aa86-c1ffa97795c8@group-AF3141016B51-LeaderElection2
2021-10-29 00:42:37,388 [12cd3e49-de78-4d30-aa86-c1ffa97795c8@group-AF3141016B51-LeaderElection2] INFO  server.RaftServer$Division (RaftServerImpl.java:setRole(290)) - 12cd3e49-de78-4d30-aa86-c1ffa97795c8@group-AF3141016B51: changes role from CANDIDATE to LEADER at term 1 for changeToLeader
2021-10-29 00:42:37,388 [12cd3e49-de78-4d30-aa86-c1ffa97795c8@group-AF3141016B51-LeaderElection2] INFO  ratis.XceiverServerRatis (XceiverServerRatis.java:handleLeaderChangedNotification(866)) - Leader change notification received for group: group-AF3141016B51 with new leaderId: 12cd3e49-de78-4d30-aa86-c1ffa97795c8
2021-10-29 00:42:37,388 [12cd3e49-de78-4d30-aa86-c1ffa97795c8@group-AF3141016B51-LeaderElection2] INFO  server.RaftServer$Division (ServerState.java:setLeader(285)) - 12cd3e49-de78-4d30-aa86-c1ffa97795c8@group-AF3141016B51: change Leader from null to 12cd3e49-de78-4d30-aa86-c1ffa97795c8 at term 1 for becomeLeader, leader elected after 5115ms
2021-10-29 00:42:37,388 [12cd3e49-de78-4d30-aa86-c1ffa97795c8@group-AF3141016B51-LeaderElection2] INFO  server.RaftServerConfigKeys (ConfUtils.java:logGet(44)) - raft.server.staging.catchup.gap = 1000 (default)
2021-10-29 00:42:37,389 [12cd3e49-de78-4d30-aa86-c1ffa97795c8@group-AF3141016B51-LeaderElection2] INFO  server.RaftServerConfigKeys (ConfUtils.java:logGet(44)) - raft.server.write.element-limit = 1024 (custom)
2021-10-29 00:42:37,389 [12cd3e49-de78-4d30-aa86-c1ffa97795c8@group-AF3141016B51-LeaderElection2] INFO  server.RaftServerConfigKeys (ConfUtils.java:logGet(44)) - raft.server.write.byte-limit = 1024 M (=1073741824) (custom)
2021-10-29 00:42:37,389 [EventQueue-OpenPipelineForHealthyPipelineSafeModeRule] INFO  safemode.SCMSafeModeManager (HealthyPipelineSafeModeRule.java:process(124)) - SCM in safe mode. Healthy pipelines reported count is 0, required healthy pipeline reported count is 1
2021-10-29 00:42:37,390 [12cd3e49-de78-4d30-aa86-c1ffa97795c8@group-AF3141016B51-LeaderElection2] INFO  server.RaftServerConfigKeys (ConfUtils.java:logGet(44)) - raft.server.watch.timeout = 180s (custom)
2021-10-29 00:42:37,390 [12cd3e49-de78-4d30-aa86-c1ffa97795c8@group-AF3141016B51-LeaderElection2] INFO  server.RaftServerConfigKeys (ConfUtils.java:logGet(44)) - raft.server.watch.timeout.denomination = 1s (default)
2021-10-29 00:42:37,390 [12cd3e49-de78-4d30-aa86-c1ffa97795c8@group-AF3141016B51-LeaderElection2] INFO  server.RaftServerConfigKeys (ConfUtils.java:logGet(44)) - raft.server.watch.element-limit = 65536 (default)
2021-10-29 00:42:37,391 [12cd3e49-de78-4d30-aa86-c1ffa97795c8@group-AF3141016B51-LeaderElection2] INFO  server.RaftServerConfigKeys (ConfUtils.java:logGet(44)) - raft.server.write.element-limit = 1024 (custom)
2021-10-29 00:42:37,391 [12cd3e49-de78-4d30-aa86-c1ffa97795c8@group-AF3141016B51-LeaderElection2] INFO  server.RaftServerConfigKeys (ConfUtils.java:logGet(44)) - raft.server.write.follower.gap.ratio.max = -1.0 (default)
2021-10-29 00:42:37,391 [12cd3e49-de78-4d30-aa86-c1ffa97795c8@group-AF3141016B51-LeaderElection2] INFO  impl.RoleInfo (RoleInfo.java:updateAndGet(130)) - 12cd3e49-de78-4d30-aa86-c1ffa97795c8: start 12cd3e49-de78-4d30-aa86-c1ffa97795c8@group-AF3141016B51-LeaderStateImpl
2021-10-29 00:42:37,391 [12cd3e49-de78-4d30-aa86-c1ffa97795c8@group-AF3141016B51-LeaderElection2] INFO  segmented.SegmentedRaftLogWorker (SegmentedRaftLogWorker.java:startLogSegment(394)) - 12cd3e49-de78-4d30-aa86-c1ffa97795c8@group-AF3141016B51-SegmentedRaftLogWorker: Starting segment from index:0
2021-10-29 00:42:37,393 [12cd3e49-de78-4d30-aa86-c1ffa97795c8@group-AF3141016B51-SegmentedRaftLogWorker] INFO  segmented.SegmentedRaftLogWorker (SegmentedRaftLogWorker.java:execute(601)) - 12cd3e49-de78-4d30-aa86-c1ffa97795c8@group-AF3141016B51-SegmentedRaftLogWorker: created new log segment /home/runner/work/ozone/ozone/hadoop-ozone/integration-test/target/test-dir/MiniOzoneClusterImpl-20f6a6ed-b629-410f-9e90-983c782471bd/datanode-0/data/ratis/c3357fca-608a-411c-87ef-af3141016b51/current/log_inprogress_0
2021-10-29 00:42:37,400 [12cd3e49-de78-4d30-aa86-c1ffa97795c8@group-AF3141016B51-LeaderElection2] INFO  server.RaftServer$Division (ServerState.java:setRaftConf(387)) - 12cd3e49-de78-4d30-aa86-c1ffa97795c8@group-AF3141016B51: set configuration 0: [12cd3e49-de78-4d30-aa86-c1ffa97795c8|rpc:10.1.0.32:42653|dataStream:|priority:1], old=null
2021-10-29 00:42:37,411 [12cd3e49-de78-4d30-aa86-c1ffa97795c8@group-F5BD42791AE0-FollowerState] INFO  impl.FollowerState (FollowerState.java:run(134)) - 12cd3e49-de78-4d30-aa86-c1ffa97795c8@group-F5BD42791AE0-FollowerState: change to CANDIDATE, lastRpcElapsedTime:5068519225ns, electionTimeout:5067ms
2021-10-29 00:42:37,412 [12cd3e49-de78-4d30-aa86-c1ffa97795c8@group-F5BD42791AE0-FollowerState] INFO  impl.RoleInfo (RoleInfo.java:shutdownFollowerState(108)) - 12cd3e49-de78-4d30-aa86-c1ffa97795c8: shutdown 12cd3e49-de78-4d30-aa86-c1ffa97795c8@group-F5BD42791AE0-FollowerState
2021-10-29 00:42:37,412 [12cd3e49-de78-4d30-aa86-c1ffa97795c8@group-F5BD42791AE0-FollowerState] INFO  server.RaftServer$Division (RaftServerImpl.java:setRole(290)) - 12cd3e49-de78-4d30-aa86-c1ffa97795c8@group-F5BD42791AE0: changes role from  FOLLOWER to CANDIDATE at term 0 for changeToCandidate
2021-10-29 00:42:37,412 [12cd3e49-de78-4d30-aa86-c1ffa97795c8@group-F5BD42791AE0-FollowerState] INFO  server.RaftServerConfigKeys (ConfUtils.java:logGet(44)) - raft.server.leaderelection.pre-vote = false (custom)
2021-10-29 00:42:37,412 [12cd3e49-de78-4d30-aa86-c1ffa97795c8@group-F5BD42791AE0-FollowerState] INFO  impl.RoleInfo (RoleInfo.java:updateAndGet(130)) - 12cd3e49-de78-4d30-aa86-c1ffa97795c8: start 12cd3e49-de78-4d30-aa86-c1ffa97795c8@group-F5BD42791AE0-LeaderElection3
2021-10-29 00:42:37,414 [12cd3e49-de78-4d30-aa86-c1ffa97795c8@group-F5BD42791AE0-LeaderElection3] INFO  impl.LeaderElection (LeaderElection.java:askForVotes(306)) - 12cd3e49-de78-4d30-aa86-c1ffa97795c8@group-F5BD42791AE0-LeaderElection3 ELECTION round 0: submit vote requests at term 1 for -1: [e6ec3422-bd00-4bf8-8713-bff351886512|rpc:10.1.0.32:40113|priority:0, f2b4d6f7-aefa-402b-a761-92c91b2f44f3|rpc:10.1.0.32:42307|priority:1, 12cd3e49-de78-4d30-aa86-c1ffa97795c8|rpc:10.1.0.32:42653|priority:0], old=null
2021-10-29 00:42:37,447 [grpc-default-executor-0] INFO  server.RaftServer$Division (RaftServerImpl.java:requestVote(1046)) - e6ec3422-bd00-4bf8-8713-bff351886512@group-F5BD42791AE0: receive requestVote(ELECTION, 12cd3e49-de78-4d30-aa86-c1ffa97795c8, group-F5BD42791AE0, 1, (t:0, i:0))
2021-10-29 00:42:37,449 [grpc-default-executor-0] INFO  impl.VoteContext (VoteContext.java:log(48)) - e6ec3422-bd00-4bf8-8713-bff351886512@group-F5BD42791AE0-FOLLOWER: accept ELECTION from 12cd3e49-de78-4d30-aa86-c1ffa97795c8: our priority 0 <= candidate's priority 0
2021-10-29 00:42:37,450 [grpc-default-executor-0] INFO  server.RaftServer$Division (RaftServerImpl.java:setRole(290)) - e6ec3422-bd00-4bf8-8713-bff351886512@group-F5BD42791AE0: changes role from  FOLLOWER to FOLLOWER at term 1 for candidate:12cd3e49-de78-4d30-aa86-c1ffa97795c8
2021-10-29 00:42:37,450 [grpc-default-executor-0] INFO  impl.RoleInfo (RoleInfo.java:shutdownFollowerState(108)) - e6ec3422-bd00-4bf8-8713-bff351886512: shutdown e6ec3422-bd00-4bf8-8713-bff351886512@group-F5BD42791AE0-FollowerState
2021-10-29 00:42:37,450 [grpc-default-executor-0] INFO  impl.RoleInfo (RoleInfo.java:updateAndGet(130)) - e6ec3422-bd00-4bf8-8713-bff351886512: start e6ec3422-bd00-4bf8-8713-bff351886512@group-F5BD42791AE0-FollowerState
2021-10-29 00:42:37,450 [e6ec3422-bd00-4bf8-8713-bff351886512@group-F5BD42791AE0-FollowerState] INFO  impl.FollowerState (FollowerState.java:run(143)) - e6ec3422-bd00-4bf8-8713-bff351886512@group-F5BD42791AE0-FollowerState was interrupted: {}
java.lang.InterruptedException: sleep interrupted
	at java.lang.Thread.sleep(Native Method)
	at java.lang.Thread.sleep(Thread.java:340)
	at java.util.concurrent.TimeUnit.sleep(TimeUnit.java:386)
	at org.apache.ratis.util.TimeDuration.sleep(TimeDuration.java:324)
	at org.apache.ratis.util.TimeDuration.sleep(TimeDuration.java:309)
	at org.apache.ratis.server.impl.FollowerState.run(FollowerState.java:118)
2021-10-29 00:42:37,462 [grpc-default-executor-1] INFO  server.RaftServer$Division (RaftServerImpl.java:requestVote(1046)) - f2b4d6f7-aefa-402b-a761-92c91b2f44f3@group-F5BD42791AE0: receive requestVote(ELECTION, 12cd3e49-de78-4d30-aa86-c1ffa97795c8, group-F5BD42791AE0, 1, (t:0, i:0))
2021-10-29 00:42:37,462 [grpc-default-executor-1] INFO  impl.VoteContext (VoteContext.java:log(48)) - f2b4d6f7-aefa-402b-a761-92c91b2f44f3@group-F5BD42791AE0-FOLLOWER: reject ELECTION from 12cd3e49-de78-4d30-aa86-c1ffa97795c8: our priority 1 > candidate's priority 0
2021-10-29 00:42:37,464 [grpc-default-executor-1] INFO  server.RaftServer$Division (RaftServerImpl.java:setRole(290)) - f2b4d6f7-aefa-402b-a761-92c91b2f44f3@group-F5BD42791AE0: changes role from  FOLLOWER to FOLLOWER at term 1 for candidate:12cd3e49-de78-4d30-aa86-c1ffa97795c8
2021-10-29 00:42:37,464 [grpc-default-executor-1] INFO  impl.RoleInfo (RoleInfo.java:shutdownFollowerState(108)) - f2b4d6f7-aefa-402b-a761-92c91b2f44f3: shutdown f2b4d6f7-aefa-402b-a761-92c91b2f44f3@group-F5BD42791AE0-FollowerState
2021-10-29 00:42:37,464 [grpc-default-executor-1] INFO  impl.RoleInfo (RoleInfo.java:updateAndGet(130)) - f2b4d6f7-aefa-402b-a761-92c91b2f44f3: start f2b4d6f7-aefa-402b-a761-92c91b2f44f3@group-F5BD42791AE0-FollowerState
2021-10-29 00:42:37,464 [f2b4d6f7-aefa-402b-a761-92c91b2f44f3@group-F5BD42791AE0-FollowerState] INFO  impl.FollowerState (FollowerState.java:run(143)) - f2b4d6f7-aefa-402b-a761-92c91b2f44f3@group-F5BD42791AE0-FollowerState was interrupted: {}
java.lang.InterruptedException: sleep interrupted
	at java.lang.Thread.sleep(Native Method)
	at java.lang.Thread.sleep(Thread.java:340)
	at java.util.concurrent.TimeUnit.sleep(TimeUnit.java:386)
	at org.apache.ratis.util.TimeDuration.sleep(TimeDuration.java:324)
	at org.apache.ratis.util.TimeDuration.sleep(TimeDuration.java:309)
	at org.apache.ratis.server.impl.FollowerState.run(FollowerState.java:118)
2021-10-29 00:42:37,467 [grpc-default-executor-0] INFO  server.RaftServer$Division (RaftServerImpl.java:requestVote(1078)) - e6ec3422-bd00-4bf8-8713-bff351886512@group-F5BD42791AE0 replies to ELECTION vote request: 12cd3e49-de78-4d30-aa86-c1ffa97795c8<-e6ec3422-bd00-4bf8-8713-bff351886512#0:OK-t1. Peer's state: e6ec3422-bd00-4bf8-8713-bff351886512@group-F5BD42791AE0:t1, leader=null, voted=12cd3e49-de78-4d30-aa86-c1ffa97795c8, raftlog=e6ec3422-bd00-4bf8-8713-bff351886512@group-F5BD42791AE0-SegmentedRaftLog:OPENED:c-1, conf=-1: [e6ec3422-bd00-4bf8-8713-bff351886512|rpc:10.1.0.32:40113|priority:0, f2b4d6f7-aefa-402b-a761-92c91b2f44f3|rpc:10.1.0.32:42307|priority:1, 12cd3e49-de78-4d30-aa86-c1ffa97795c8|rpc:10.1.0.32:42653|priority:0], old=null
2021-10-29 00:42:37,467 [grpc-default-executor-1] INFO  server.RaftServer$Division (RaftServerImpl.java:requestVote(1078)) - f2b4d6f7-aefa-402b-a761-92c91b2f44f3@group-F5BD42791AE0 replies to ELECTION vote request: 12cd3e49-de78-4d30-aa86-c1ffa97795c8<-f2b4d6f7-aefa-402b-a761-92c91b2f44f3#0:FAIL-t1. Peer's state: f2b4d6f7-aefa-402b-a761-92c91b2f44f3@group-F5BD42791AE0:t1, leader=null, voted=null, raftlog=f2b4d6f7-aefa-402b-a761-92c91b2f44f3@group-F5BD42791AE0-SegmentedRaftLog:OPENED:c-1, conf=-1: [e6ec3422-bd00-4bf8-8713-bff351886512|rpc:10.1.0.32:40113|dataStream:|priority:0, f2b4d6f7-aefa-402b-a761-92c91b2f44f3|rpc:10.1.0.32:42307|dataStream:|priority:1, 12cd3e49-de78-4d30-aa86-c1ffa97795c8|rpc:10.1.0.32:42653|dataStream:|priority:0], old=null
2021-10-29 00:42:37,470 [12cd3e49-de78-4d30-aa86-c1ffa97795c8@group-F5BD42791AE0-LeaderElection3] INFO  impl.LeaderElection (LeaderElection.java:logAndReturn(89)) - 12cd3e49-de78-4d30-aa86-c1ffa97795c8@group-F5BD42791AE0-LeaderElection3: ELECTION REJECTED received 1 response(s) and 0 exception(s):
2021-10-29 00:42:37,471 [12cd3e49-de78-4d30-aa86-c1ffa97795c8@group-F5BD42791AE0-LeaderElection3] INFO  impl.LeaderElection (LeaderElection.java:logAndReturn(93)) -   Response 0: 12cd3e49-de78-4d30-aa86-c1ffa97795c8<-f2b4d6f7-aefa-402b-a761-92c91b2f44f3#0:FAIL-t1
2021-10-29 00:42:37,471 [12cd3e49-de78-4d30-aa86-c1ffa97795c8@group-F5BD42791AE0-LeaderElection3] INFO  impl.LeaderElection (LeaderElection.java:askForVotes(308)) - 12cd3e49-de78-4d30-aa86-c1ffa97795c8@group-F5BD42791AE0-LeaderElection3 ELECTION round 0: result REJECTED
2021-10-29 00:42:37,471 [12cd3e49-de78-4d30-aa86-c1ffa97795c8@group-F5BD42791AE0-LeaderElection3] INFO  server.RaftServer$Division (RaftServerImpl.java:setRole(290)) - 12cd3e49-de78-4d30-aa86-c1ffa97795c8@group-F5BD42791AE0: changes role from CANDIDATE to FOLLOWER at term 1 for REJECTED
2021-10-29 00:42:37,471 [12cd3e49-de78-4d30-aa86-c1ffa97795c8@group-F5BD42791AE0-LeaderElection3] INFO  impl.RoleInfo (RoleInfo.java:shutdownLeaderElection(121)) - 12cd3e49-de78-4d30-aa86-c1ffa97795c8: shutdown 12cd3e49-de78-4d30-aa86-c1ffa97795c8@group-F5BD42791AE0-LeaderElection3
2021-10-29 00:42:37,471 [12cd3e49-de78-4d30-aa86-c1ffa97795c8@group-F5BD42791AE0-LeaderElection3] INFO  impl.RoleInfo (RoleInfo.java:updateAndGet(130)) - 12cd3e49-de78-4d30-aa86-c1ffa97795c8: start 12cd3e49-de78-4d30-aa86-c1ffa97795c8@group-F5BD42791AE0-FollowerState
2021-10-29 00:42:37,529 [EventQueue-OpenPipelineForHealthyPipelineSafeModeRule] INFO  safemode.SCMSafeModeManager (HealthyPipelineSafeModeRule.java:process(124)) - SCM in safe mode. Healthy pipelines reported count is 0, required healthy pipeline reported count is 1
2021-10-29 00:42:37,706 [Listener at 127.0.0.1/33257] INFO  ozone.MiniOzoneClusterImpl (MiniOzoneClusterImpl.java:lambda$waitForClusterToBeReady$0(235)) - Nodes are ready. Got 6 of 6 DN Heartbeats.
2021-10-29 00:42:37,706 [Listener at 127.0.0.1/33257] INFO  ozone.MiniOzoneClusterImpl (MiniOzoneClusterImpl.java:lambda$waitForClusterToBeReady$0(238)) - Waiting for cluster to exit safe mode
2021-10-29 00:42:37,706 [Listener at 127.0.0.1/33257] INFO  ozone.MiniOzoneClusterImpl (MiniOzoneClusterImpl.java:lambda$waitForClusterToBeReady$0(240)) - SCM became leader
2021-10-29 00:42:37,722 [EventQueue-OpenPipelineForHealthyPipelineSafeModeRule] INFO  safemode.SCMSafeModeManager (HealthyPipelineSafeModeRule.java:process(124)) - SCM in safe mode. Healthy pipelines reported count is 0, required healthy pipeline reported count is 1
2021-10-29 00:42:37,900 [EventQueue-OpenPipelineForHealthyPipelineSafeModeRule] INFO  safemode.SCMSafeModeManager (HealthyPipelineSafeModeRule.java:process(124)) - SCM in safe mode. Healthy pipelines reported count is 0, required healthy pipeline reported count is 1
2021-10-29 00:42:37,921 [e6ec3422-bd00-4bf8-8713-bff351886512@group-A24A4F07FED9-FollowerState] INFO  impl.FollowerState (FollowerState.java:run(134)) - e6ec3422-bd00-4bf8-8713-bff351886512@group-A24A4F07FED9-FollowerState: change to CANDIDATE, lastRpcElapsedTime:5047958108ns, electionTimeout:5036ms
2021-10-29 00:42:37,921 [e6ec3422-bd00-4bf8-8713-bff351886512@group-A24A4F07FED9-FollowerState] INFO  impl.RoleInfo (RoleInfo.java:shutdownFollowerState(108)) - e6ec3422-bd00-4bf8-8713-bff351886512: shutdown e6ec3422-bd00-4bf8-8713-bff351886512@group-A24A4F07FED9-FollowerState
2021-10-29 00:42:37,921 [e6ec3422-bd00-4bf8-8713-bff351886512@group-A24A4F07FED9-FollowerState] INFO  server.RaftServer$Division (RaftServerImpl.java:setRole(290)) - e6ec3422-bd00-4bf8-8713-bff351886512@group-A24A4F07FED9: changes role from  FOLLOWER to CANDIDATE at term 0 for changeToCandidate
2021-10-29 00:42:37,921 [e6ec3422-bd00-4bf8-8713-bff351886512@group-A24A4F07FED9-FollowerState] INFO  server.RaftServerConfigKeys (ConfUtils.java:logGet(44)) - raft.server.leaderelection.pre-vote = false (custom)
2021-10-29 00:42:37,922 [e6ec3422-bd00-4bf8-8713-bff351886512@group-A24A4F07FED9-FollowerState] INFO  impl.RoleInfo (RoleInfo.java:updateAndGet(130)) - e6ec3422-bd00-4bf8-8713-bff351886512: start e6ec3422-bd00-4bf8-8713-bff351886512@group-A24A4F07FED9-LeaderElection4
2021-10-29 00:42:37,926 [e6ec3422-bd00-4bf8-8713-bff351886512@group-A24A4F07FED9-LeaderElection4] INFO  impl.LeaderElection (LeaderElection.java:askForVotes(306)) - e6ec3422-bd00-4bf8-8713-bff351886512@group-A24A4F07FED9-LeaderElection4 ELECTION round 0: submit vote requests at term 1 for -1: [e6ec3422-bd00-4bf8-8713-bff351886512|rpc:10.1.0.32:40113|priority:1], old=null
2021-10-29 00:42:37,927 [e6ec3422-bd00-4bf8-8713-bff351886512@group-A24A4F07FED9-LeaderElection4] INFO  impl.LeaderElection (LeaderElection.java:askForVotes(308)) - e6ec3422-bd00-4bf8-8713-bff351886512@group-A24A4F07FED9-LeaderElection4 ELECTION round 0: result PASSED (term=1)
2021-10-29 00:42:37,927 [e6ec3422-bd00-4bf8-8713-bff351886512@group-A24A4F07FED9-LeaderElection4] INFO  impl.RoleInfo (RoleInfo.java:shutdownLeaderElection(121)) - e6ec3422-bd00-4bf8-8713-bff351886512: shutdown e6ec3422-bd00-4bf8-8713-bff351886512@group-A24A4F07FED9-LeaderElection4
2021-10-29 00:42:37,927 [e6ec3422-bd00-4bf8-8713-bff351886512@group-A24A4F07FED9-LeaderElection4] INFO  server.RaftServer$Division (RaftServerImpl.java:setRole(290)) - e6ec3422-bd00-4bf8-8713-bff351886512@group-A24A4F07FED9: changes role from CANDIDATE to LEADER at term 1 for changeToLeader
2021-10-29 00:42:37,927 [e6ec3422-bd00-4bf8-8713-bff351886512@group-A24A4F07FED9-LeaderElection4] INFO  ratis.XceiverServerRatis (XceiverServerRatis.java:handleLeaderChangedNotification(866)) - Leader change notification received for group: group-A24A4F07FED9 with new leaderId: e6ec3422-bd00-4bf8-8713-bff351886512
2021-10-29 00:42:37,927 [e6ec3422-bd00-4bf8-8713-bff351886512@group-A24A4F07FED9-LeaderElection4] INFO  server.RaftServer$Division (ServerState.java:setLeader(285)) - e6ec3422-bd00-4bf8-8713-bff351886512@group-A24A4F07FED9: change Leader from null to e6ec3422-bd00-4bf8-8713-bff351886512 at term 1 for becomeLeader, leader elected after 5073ms
2021-10-29 00:42:37,927 [e6ec3422-bd00-4bf8-8713-bff351886512@group-A24A4F07FED9-LeaderElection4] INFO  server.RaftServerConfigKeys (ConfUtils.java:logGet(44)) - raft.server.staging.catchup.gap = 1000 (default)
2021-10-29 00:42:37,928 [e6ec3422-bd00-4bf8-8713-bff351886512@group-A24A4F07FED9-LeaderElection4] INFO  server.RaftServerConfigKeys (ConfUtils.java:logGet(44)) - raft.server.write.element-limit = 1024 (custom)
2021-10-29 00:42:37,928 [e6ec3422-bd00-4bf8-8713-bff351886512@group-A24A4F07FED9-LeaderElection4] INFO  server.RaftServerConfigKeys (ConfUtils.java:logGet(44)) - raft.server.write.byte-limit = 1024 M (=1073741824) (custom)
2021-10-29 00:42:37,928 [e6ec3422-bd00-4bf8-8713-bff351886512@group-A24A4F07FED9-LeaderElection4] INFO  server.RaftServerConfigKeys (ConfUtils.java:logGet(44)) - raft.server.watch.timeout = 180s (custom)
2021-10-29 00:42:37,929 [e6ec3422-bd00-4bf8-8713-bff351886512@group-A24A4F07FED9-LeaderElection4] INFO  server.RaftServerConfigKeys (ConfUtils.java:logGet(44)) - raft.server.watch.timeout.denomination = 1s (default)
2021-10-29 00:42:37,929 [EventQueue-OpenPipelineForHealthyPipelineSafeModeRule] INFO  safemode.SCMSafeModeManager (HealthyPipelineSafeModeRule.java:process(124)) - SCM in safe mode. Healthy pipelines reported count is 0, required healthy pipeline reported count is 1
2021-10-29 00:42:37,929 [e6ec3422-bd00-4bf8-8713-bff351886512@group-A24A4F07FED9-LeaderElection4] INFO  server.RaftServerConfigKeys (ConfUtils.java:logGet(44)) - raft.server.watch.element-limit = 65536 (default)
2021-10-29 00:42:37,929 [e6ec3422-bd00-4bf8-8713-bff351886512@group-A24A4F07FED9-LeaderElection4] INFO  server.RaftServerConfigKeys (ConfUtils.java:logGet(44)) - raft.server.write.element-limit = 1024 (custom)
2021-10-29 00:42:37,929 [e6ec3422-bd00-4bf8-8713-bff351886512@group-A24A4F07FED9-LeaderElection4] INFO  server.RaftServerConfigKeys (ConfUtils.java:logGet(44)) - raft.server.write.follower.gap.ratio.max = -1.0 (default)
2021-10-29 00:42:37,929 [e6ec3422-bd00-4bf8-8713-bff351886512@group-A24A4F07FED9-LeaderElection4] INFO  impl.RoleInfo (RoleInfo.java:updateAndGet(130)) - e6ec3422-bd00-4bf8-8713-bff351886512: start e6ec3422-bd00-4bf8-8713-bff351886512@group-A24A4F07FED9-LeaderStateImpl
2021-10-29 00:42:37,930 [e6ec3422-bd00-4bf8-8713-bff351886512@group-A24A4F07FED9-LeaderElection4] INFO  segmented.SegmentedRaftLogWorker (SegmentedRaftLogWorker.java:startLogSegment(394)) - e6ec3422-bd00-4bf8-8713-bff351886512@group-A24A4F07FED9-SegmentedRaftLogWorker: Starting segment from index:0
2021-10-29 00:42:37,931 [e6ec3422-bd00-4bf8-8713-bff351886512@group-A24A4F07FED9-LeaderElection4] INFO  server.RaftServer$Division (ServerState.java:setRaftConf(387)) - e6ec3422-bd00-4bf8-8713-bff351886512@group-A24A4F07FED9: set configuration 0: [e6ec3422-bd00-4bf8-8713-bff351886512|rpc:10.1.0.32:40113|dataStream:|priority:1], old=null
2021-10-29 00:42:37,931 [e6ec3422-bd00-4bf8-8713-bff351886512@group-A24A4F07FED9-SegmentedRaftLogWorker] INFO  segmented.SegmentedRaftLogWorker (SegmentedRaftLogWorker.java:execute(601)) - e6ec3422-bd00-4bf8-8713-bff351886512@group-A24A4F07FED9-SegmentedRaftLogWorker: created new log segment /home/runner/work/ozone/ozone/hadoop-ozone/integration-test/target/test-dir/MiniOzoneClusterImpl-20f6a6ed-b629-410f-9e90-983c782471bd/datanode-1/data/ratis/b56191ab-1833-44ce-a69d-a24a4f07fed9/current/log_inprogress_0
2021-10-29 00:42:38,094 [EventQueue-OpenPipelineForHealthyPipelineSafeModeRule] INFO  safemode.SCMSafeModeManager (HealthyPipelineSafeModeRule.java:process(124)) - SCM in safe mode. Healthy pipelines reported count is 0, required healthy pipeline reported count is 1
2021-10-29 00:42:38,189 [ReplicationMonitor] INFO  container.ReplicationManager (ReplicationManager.java:processAll(371)) - Replication Monitor Thread took 0 milliseconds for processing 0 containers.
2021-10-29 00:42:38,227 [f2b4d6f7-aefa-402b-a761-92c91b2f44f3@group-3951C47C77F6-FollowerState] INFO  impl.FollowerState (FollowerState.java:run(134)) - f2b4d6f7-aefa-402b-a761-92c91b2f44f3@group-3951C47C77F6-FollowerState: change to CANDIDATE, lastRpcElapsedTime:5118015988ns, electionTimeout:5108ms
2021-10-29 00:42:38,227 [f2b4d6f7-aefa-402b-a761-92c91b2f44f3@group-3951C47C77F6-FollowerState] INFO  impl.RoleInfo (RoleInfo.java:shutdownFollowerState(108)) - f2b4d6f7-aefa-402b-a761-92c91b2f44f3: shutdown f2b4d6f7-aefa-402b-a761-92c91b2f44f3@group-3951C47C77F6-FollowerState
2021-10-29 00:42:38,228 [f2b4d6f7-aefa-402b-a761-92c91b2f44f3@group-3951C47C77F6-FollowerState] INFO  server.RaftServer$Division (RaftServerImpl.java:setRole(290)) - f2b4d6f7-aefa-402b-a761-92c91b2f44f3@group-3951C47C77F6: changes role from  FOLLOWER to CANDIDATE at term 0 for changeToCandidate
2021-10-29 00:42:38,228 [f2b4d6f7-aefa-402b-a761-92c91b2f44f3@group-3951C47C77F6-FollowerState] INFO  server.RaftServerConfigKeys (ConfUtils.java:logGet(44)) - raft.server.leaderelection.pre-vote = false (custom)
2021-10-29 00:42:38,228 [f2b4d6f7-aefa-402b-a761-92c91b2f44f3@group-3951C47C77F6-FollowerState] INFO  impl.RoleInfo (RoleInfo.java:updateAndGet(130)) - f2b4d6f7-aefa-402b-a761-92c91b2f44f3: start f2b4d6f7-aefa-402b-a761-92c91b2f44f3@group-3951C47C77F6-LeaderElection5
2021-10-29 00:42:38,235 [f2b4d6f7-aefa-402b-a761-92c91b2f44f3@group-3951C47C77F6-LeaderElection5] INFO  impl.LeaderElection (LeaderElection.java:askForVotes(306)) - f2b4d6f7-aefa-402b-a761-92c91b2f44f3@group-3951C47C77F6-LeaderElection5 ELECTION round 0: submit vote requests at term 1 for -1: [f2b4d6f7-aefa-402b-a761-92c91b2f44f3|rpc:10.1.0.32:42307|priority:1], old=null
2021-10-29 00:42:38,235 [f2b4d6f7-aefa-402b-a761-92c91b2f44f3@group-3951C47C77F6-LeaderElection5] INFO  impl.LeaderElection (LeaderElection.java:askForVotes(308)) - f2b4d6f7-aefa-402b-a761-92c91b2f44f3@group-3951C47C77F6-LeaderElection5 ELECTION round 0: result PASSED (term=1)
2021-10-29 00:42:38,235 [f2b4d6f7-aefa-402b-a761-92c91b2f44f3@group-3951C47C77F6-LeaderElection5] INFO  impl.RoleInfo (RoleInfo.java:shutdownLeaderElection(121)) - f2b4d6f7-aefa-402b-a761-92c91b2f44f3: shutdown f2b4d6f7-aefa-402b-a761-92c91b2f44f3@group-3951C47C77F6-LeaderElection5
2021-10-29 00:42:38,235 [f2b4d6f7-aefa-402b-a761-92c91b2f44f3@group-3951C47C77F6-LeaderElection5] INFO  server.RaftServer$Division (RaftServerImpl.java:setRole(290)) - f2b4d6f7-aefa-402b-a761-92c91b2f44f3@group-3951C47C77F6: changes role from CANDIDATE to LEADER at term 1 for changeToLeader
2021-10-29 00:42:38,235 [f2b4d6f7-aefa-402b-a761-92c91b2f44f3@group-3951C47C77F6-LeaderElection5] INFO  ratis.XceiverServerRatis (XceiverServerRatis.java:handleLeaderChangedNotification(866)) - Leader change notification received for group: group-3951C47C77F6 with new leaderId: f2b4d6f7-aefa-402b-a761-92c91b2f44f3
2021-10-29 00:42:38,235 [f2b4d6f7-aefa-402b-a761-92c91b2f44f3@group-3951C47C77F6-LeaderElection5] INFO  server.RaftServer$Division (ServerState.java:setLeader(285)) - f2b4d6f7-aefa-402b-a761-92c91b2f44f3@group-3951C47C77F6: change Leader from null to f2b4d6f7-aefa-402b-a761-92c91b2f44f3 at term 1 for becomeLeader, leader elected after 5141ms
2021-10-29 00:42:38,239 [f2b4d6f7-aefa-402b-a761-92c91b2f44f3@group-3951C47C77F6-LeaderElection5] INFO  server.RaftServerConfigKeys (ConfUtils.java:logGet(44)) - raft.server.staging.catchup.gap = 1000 (default)
2021-10-29 00:42:38,237 [EventQueue-OpenPipelineForHealthyPipelineSafeModeRule] INFO  safemode.SCMSafeModeManager (HealthyPipelineSafeModeRule.java:process(124)) - SCM in safe mode. Healthy pipelines reported count is 0, required healthy pipeline reported count is 1
2021-10-29 00:42:38,239 [f2b4d6f7-aefa-402b-a761-92c91b2f44f3@group-3951C47C77F6-LeaderElection5] INFO  server.RaftServerConfigKeys (ConfUtils.java:logGet(44)) - raft.server.write.element-limit = 1024 (custom)
2021-10-29 00:42:38,240 [f2b4d6f7-aefa-402b-a761-92c91b2f44f3@group-3951C47C77F6-LeaderElection5] INFO  server.RaftServerConfigKeys (ConfUtils.java:logGet(44)) - raft.server.write.byte-limit = 1024 M (=1073741824) (custom)
2021-10-29 00:42:38,240 [f2b4d6f7-aefa-402b-a761-92c91b2f44f3@group-3951C47C77F6-LeaderElection5] INFO  server.RaftServerConfigKeys (ConfUtils.java:logGet(44)) - raft.server.watch.timeout = 180s (custom)
2021-10-29 00:42:38,240 [f2b4d6f7-aefa-402b-a761-92c91b2f44f3@group-3951C47C77F6-LeaderElection5] INFO  server.RaftServerConfigKeys (ConfUtils.java:logGet(44)) - raft.server.watch.timeout.denomination = 1s (default)
2021-10-29 00:42:38,240 [f2b4d6f7-aefa-402b-a761-92c91b2f44f3@group-3951C47C77F6-LeaderElection5] INFO  server.RaftServerConfigKeys (ConfUtils.java:logGet(44)) - raft.server.watch.element-limit = 65536 (default)
2021-10-29 00:42:38,240 [f2b4d6f7-aefa-402b-a761-92c91b2f44f3@group-3951C47C77F6-LeaderElection5] INFO  server.RaftServerConfigKeys (ConfUtils.java:logGet(44)) - raft.server.write.element-limit = 1024 (custom)
2021-10-29 00:42:38,240 [f2b4d6f7-aefa-402b-a761-92c91b2f44f3@group-3951C47C77F6-LeaderElection5] INFO  server.RaftServerConfigKeys (ConfUtils.java:logGet(44)) - raft.server.write.follower.gap.ratio.max = -1.0 (default)
2021-10-29 00:42:38,240 [f2b4d6f7-aefa-402b-a761-92c91b2f44f3@group-3951C47C77F6-LeaderElection5] INFO  impl.RoleInfo (RoleInfo.java:updateAndGet(130)) - f2b4d6f7-aefa-402b-a761-92c91b2f44f3: start f2b4d6f7-aefa-402b-a761-92c91b2f44f3@group-3951C47C77F6-LeaderStateImpl
2021-10-29 00:42:38,241 [f2b4d6f7-aefa-402b-a761-92c91b2f44f3@group-3951C47C77F6-LeaderElection5] INFO  segmented.SegmentedRaftLogWorker (SegmentedRaftLogWorker.java:startLogSegment(394)) - f2b4d6f7-aefa-402b-a761-92c91b2f44f3@group-3951C47C77F6-SegmentedRaftLogWorker: Starting segment from index:0
2021-10-29 00:42:38,243 [f2b4d6f7-aefa-402b-a761-92c91b2f44f3@group-3951C47C77F6-SegmentedRaftLogWorker] INFO  segmented.SegmentedRaftLogWorker (SegmentedRaftLogWorker.java:execute(601)) - f2b4d6f7-aefa-402b-a761-92c91b2f44f3@group-3951C47C77F6-SegmentedRaftLogWorker: created new log segment /home/runner/work/ozone/ozone/hadoop-ozone/integration-test/target/test-dir/MiniOzoneClusterImpl-20f6a6ed-b629-410f-9e90-983c782471bd/datanode-2/data/ratis/46c7a4e6-7f38-4f2b-8c13-3951c47c77f6/current/log_inprogress_0
2021-10-29 00:42:38,245 [f2b4d6f7-aefa-402b-a761-92c91b2f44f3@group-3951C47C77F6-LeaderElection5] INFO  server.RaftServer$Division (ServerState.java:setRaftConf(387)) - f2b4d6f7-aefa-402b-a761-92c91b2f44f3@group-3951C47C77F6: set configuration 0: [f2b4d6f7-aefa-402b-a761-92c91b2f44f3|rpc:10.1.0.32:42307|dataStream:|priority:1], old=null
2021-10-29 00:42:38,328 [EventQueue-OpenPipelineForHealthyPipelineSafeModeRule] INFO  safemode.SCMSafeModeManager (HealthyPipelineSafeModeRule.java:process(124)) - SCM in safe mode. Healthy pipelines reported count is 0, required healthy pipeline reported count is 1
2021-10-29 00:42:38,355 [ede339c2-3cec-47d6-98dc-ec75754dc7c3@group-2A945599F841-FollowerState] INFO  impl.FollowerState (FollowerState.java:run(134)) - ede339c2-3cec-47d6-98dc-ec75754dc7c3@group-2A945599F841-FollowerState: change to CANDIDATE, lastRpcElapsedTime:5013104593ns, electionTimeout:5011ms
2021-10-29 00:42:38,356 [ede339c2-3cec-47d6-98dc-ec75754dc7c3@group-2A945599F841-FollowerState] INFO  impl.RoleInfo (RoleInfo.java:shutdownFollowerState(108)) - ede339c2-3cec-47d6-98dc-ec75754dc7c3: shutdown ede339c2-3cec-47d6-98dc-ec75754dc7c3@group-2A945599F841-FollowerState
2021-10-29 00:42:38,356 [ede339c2-3cec-47d6-98dc-ec75754dc7c3@group-2A945599F841-FollowerState] INFO  server.RaftServer$Division (RaftServerImpl.java:setRole(290)) - ede339c2-3cec-47d6-98dc-ec75754dc7c3@group-2A945599F841: changes role from  FOLLOWER to CANDIDATE at term 0 for changeToCandidate
2021-10-29 00:42:38,356 [ede339c2-3cec-47d6-98dc-ec75754dc7c3@group-2A945599F841-FollowerState] INFO  server.RaftServerConfigKeys (ConfUtils.java:logGet(44)) - raft.server.leaderelection.pre-vote = false (custom)
2021-10-29 00:42:38,356 [ede339c2-3cec-47d6-98dc-ec75754dc7c3@group-2A945599F841-FollowerState] INFO  impl.RoleInfo (RoleInfo.java:updateAndGet(130)) - ede339c2-3cec-47d6-98dc-ec75754dc7c3: start ede339c2-3cec-47d6-98dc-ec75754dc7c3@group-2A945599F841-LeaderElection6
2021-10-29 00:42:38,360 [ede339c2-3cec-47d6-98dc-ec75754dc7c3@group-2A945599F841-LeaderElection6] INFO  impl.LeaderElection (LeaderElection.java:askForVotes(306)) - ede339c2-3cec-47d6-98dc-ec75754dc7c3@group-2A945599F841-LeaderElection6 ELECTION round 0: submit vote requests at term 1 for -1: [240b3f92-711e-4b06-964b-7be2bf787040|rpc:10.1.0.32:39315|priority:1, ede339c2-3cec-47d6-98dc-ec75754dc7c3|rpc:10.1.0.32:43517|priority:0, ece50d73-52f9-426c-b062-e21d0a386dcf|rpc:10.1.0.32:33323|priority:0], old=null
2021-10-29 00:42:38,380 [grpc-default-executor-1] INFO  server.RaftServer$Division (RaftServerImpl.java:requestVote(1046)) - ece50d73-52f9-426c-b062-e21d0a386dcf@group-2A945599F841: receive requestVote(ELECTION, ede339c2-3cec-47d6-98dc-ec75754dc7c3, group-2A945599F841, 1, (t:0, i:0))
2021-10-29 00:42:38,380 [grpc-default-executor-1] INFO  impl.VoteContext (VoteContext.java:log(48)) - ece50d73-52f9-426c-b062-e21d0a386dcf@group-2A945599F841-FOLLOWER: accept ELECTION from ede339c2-3cec-47d6-98dc-ec75754dc7c3: our priority 0 <= candidate's priority 0
2021-10-29 00:42:38,380 [grpc-default-executor-1] INFO  server.RaftServer$Division (RaftServerImpl.java:setRole(290)) - ece50d73-52f9-426c-b062-e21d0a386dcf@group-2A945599F841: changes role from  FOLLOWER to FOLLOWER at term 1 for candidate:ede339c2-3cec-47d6-98dc-ec75754dc7c3
2021-10-29 00:42:38,380 [grpc-default-executor-1] INFO  impl.RoleInfo (RoleInfo.java:shutdownFollowerState(108)) - ece50d73-52f9-426c-b062-e21d0a386dcf: shutdown ece50d73-52f9-426c-b062-e21d0a386dcf@group-2A945599F841-FollowerState
2021-10-29 00:42:38,381 [grpc-default-executor-1] INFO  impl.RoleInfo (RoleInfo.java:updateAndGet(130)) - ece50d73-52f9-426c-b062-e21d0a386dcf: start ece50d73-52f9-426c-b062-e21d0a386dcf@group-2A945599F841-FollowerState
2021-10-29 00:42:38,381 [ece50d73-52f9-426c-b062-e21d0a386dcf@group-2A945599F841-FollowerState] INFO  impl.FollowerState (FollowerState.java:run(143)) - ece50d73-52f9-426c-b062-e21d0a386dcf@group-2A945599F841-FollowerState was interrupted: {}
java.lang.InterruptedException: sleep interrupted
	at java.lang.Thread.sleep(Native Method)
	at java.lang.Thread.sleep(Thread.java:340)
	at java.util.concurrent.TimeUnit.sleep(TimeUnit.java:386)
	at org.apache.ratis.util.TimeDuration.sleep(TimeDuration.java:324)
	at org.apache.ratis.util.TimeDuration.sleep(TimeDuration.java:309)
	at org.apache.ratis.server.impl.FollowerState.run(FollowerState.java:118)
2021-10-29 00:42:38,383 [grpc-default-executor-1] INFO  server.RaftServer$Division (RaftServerImpl.java:requestVote(1078)) - ece50d73-52f9-426c-b062-e21d0a386dcf@group-2A945599F841 replies to ELECTION vote request: ede339c2-3cec-47d6-98dc-ec75754dc7c3<-ece50d73-52f9-426c-b062-e21d0a386dcf#0:OK-t1. Peer's state: ece50d73-52f9-426c-b062-e21d0a386dcf@group-2A945599F841:t1, leader=null, voted=ede339c2-3cec-47d6-98dc-ec75754dc7c3, raftlog=ece50d73-52f9-426c-b062-e21d0a386dcf@group-2A945599F841-SegmentedRaftLog:OPENED:c-1, conf=-1: [240b3f92-711e-4b06-964b-7be2bf787040|rpc:10.1.0.32:39315|dataStream:|priority:1, ede339c2-3cec-47d6-98dc-ec75754dc7c3|rpc:10.1.0.32:43517|dataStream:|priority:0, ece50d73-52f9-426c-b062-e21d0a386dcf|rpc:10.1.0.32:33323|dataStream:|priority:0], old=null
2021-10-29 00:42:38,389 [grpc-default-executor-1] INFO  server.RaftServer$Division (RaftServerImpl.java:requestVote(1046)) - 240b3f92-711e-4b06-964b-7be2bf787040@group-2A945599F841: receive requestVote(ELECTION, ede339c2-3cec-47d6-98dc-ec75754dc7c3, group-2A945599F841, 1, (t:0, i:0))
2021-10-29 00:42:38,389 [grpc-default-executor-1] INFO  impl.VoteContext (VoteContext.java:log(48)) - 240b3f92-711e-4b06-964b-7be2bf787040@group-2A945599F841-FOLLOWER: reject ELECTION from ede339c2-3cec-47d6-98dc-ec75754dc7c3: our priority 1 > candidate's priority 0
2021-10-29 00:42:38,389 [grpc-default-executor-1] INFO  server.RaftServer$Division (RaftServerImpl.java:setRole(290)) - 240b3f92-711e-4b06-964b-7be2bf787040@group-2A945599F841: changes role from  FOLLOWER to FOLLOWER at term 1 for candidate:ede339c2-3cec-47d6-98dc-ec75754dc7c3
2021-10-29 00:42:38,389 [grpc-default-executor-1] INFO  impl.RoleInfo (RoleInfo.java:shutdownFollowerState(108)) - 240b3f92-711e-4b06-964b-7be2bf787040: shutdown 240b3f92-711e-4b06-964b-7be2bf787040@group-2A945599F841-FollowerState
2021-10-29 00:42:38,389 [grpc-default-executor-1] INFO  impl.RoleInfo (RoleInfo.java:updateAndGet(130)) - 240b3f92-711e-4b06-964b-7be2bf787040: start 240b3f92-711e-4b06-964b-7be2bf787040@group-2A945599F841-FollowerState
2021-10-29 00:42:38,389 [240b3f92-711e-4b06-964b-7be2bf787040@group-2A945599F841-FollowerState] INFO  impl.FollowerState (FollowerState.java:run(143)) - 240b3f92-711e-4b06-964b-7be2bf787040@group-2A945599F841-FollowerState was interrupted: {}
java.lang.InterruptedException: sleep interrupted
	at java.lang.Thread.sleep(Native Method)
	at java.lang.Thread.sleep(Thread.java:340)
	at java.util.concurrent.TimeUnit.sleep(TimeUnit.java:386)
	at org.apache.ratis.util.TimeDuration.sleep(TimeDuration.java:324)
	at org.apache.ratis.util.TimeDuration.sleep(TimeDuration.java:309)
	at org.apache.ratis.server.impl.FollowerState.run(FollowerState.java:118)
2021-10-29 00:42:38,390 [EventQueue-OpenPipelineForHealthyPipelineSafeModeRule] INFO  safemode.SCMSafeModeManager (HealthyPipelineSafeModeRule.java:process(124)) - SCM in safe mode. Healthy pipelines reported count is 0, required healthy pipeline reported count is 1
2021-10-29 00:42:38,390 [grpc-default-executor-1] INFO  server.RaftServer$Division (RaftServerImpl.java:requestVote(1078)) - 240b3f92-711e-4b06-964b-7be2bf787040@group-2A945599F841 replies to ELECTION vote request: ede339c2-3cec-47d6-98dc-ec75754dc7c3<-240b3f92-711e-4b06-964b-7be2bf787040#0:FAIL-t1. Peer's state: 240b3f92-711e-4b06-964b-7be2bf787040@group-2A945599F841:t1, leader=null, voted=null, raftlog=240b3f92-711e-4b06-964b-7be2bf787040@group-2A945599F841-SegmentedRaftLog:OPENED:c-1, conf=-1: [240b3f92-711e-4b06-964b-7be2bf787040|rpc:10.1.0.32:39315|dataStream:|priority:1, ede339c2-3cec-47d6-98dc-ec75754dc7c3|rpc:10.1.0.32:43517|dataStream:|priority:0, ece50d73-52f9-426c-b062-e21d0a386dcf|rpc:10.1.0.32:33323|dataStream:|priority:0], old=null
2021-10-29 00:42:38,397 [ede339c2-3cec-47d6-98dc-ec75754dc7c3@group-2A945599F841-LeaderElection6] INFO  impl.LeaderElection (LeaderElection.java:logAndReturn(89)) - ede339c2-3cec-47d6-98dc-ec75754dc7c3@group-2A945599F841-LeaderElection6: ELECTION REJECTED received 2 response(s) and 0 exception(s):
2021-10-29 00:42:38,398 [ede339c2-3cec-47d6-98dc-ec75754dc7c3@group-2A945599F841-LeaderElection6] INFO  impl.LeaderElection (LeaderElection.java:logAndReturn(93)) -   Response 0: ede339c2-3cec-47d6-98dc-ec75754dc7c3<-240b3f92-711e-4b06-964b-7be2bf787040#0:FAIL-t1
2021-10-29 00:42:38,398 [ede339c2-3cec-47d6-98dc-ec75754dc7c3@group-2A945599F841-LeaderElection6] INFO  impl.LeaderElection (LeaderElection.java:logAndReturn(93)) -   Response 1: ede339c2-3cec-47d6-98dc-ec75754dc7c3<-ece50d73-52f9-426c-b062-e21d0a386dcf#0:OK-t1
2021-10-29 00:42:38,398 [ede339c2-3cec-47d6-98dc-ec75754dc7c3@group-2A945599F841-LeaderElection6] INFO  impl.LeaderElection (LeaderElection.java:askForVotes(308)) - ede339c2-3cec-47d6-98dc-ec75754dc7c3@group-2A945599F841-LeaderElection6 ELECTION round 0: result REJECTED
2021-10-29 00:42:38,398 [ede339c2-3cec-47d6-98dc-ec75754dc7c3@group-2A945599F841-LeaderElection6] INFO  server.RaftServer$Division (RaftServerImpl.java:setRole(290)) - ede339c2-3cec-47d6-98dc-ec75754dc7c3@group-2A945599F841: changes role from CANDIDATE to FOLLOWER at term 1 for REJECTED
2021-10-29 00:42:38,398 [ede339c2-3cec-47d6-98dc-ec75754dc7c3@group-2A945599F841-LeaderElection6] INFO  impl.RoleInfo (RoleInfo.java:shutdownLeaderElection(121)) - ede339c2-3cec-47d6-98dc-ec75754dc7c3: shutdown ede339c2-3cec-47d6-98dc-ec75754dc7c3@group-2A945599F841-LeaderElection6
2021-10-29 00:42:38,398 [ede339c2-3cec-47d6-98dc-ec75754dc7c3@group-2A945599F841-LeaderElection6] INFO  impl.RoleInfo (RoleInfo.java:updateAndGet(130)) - ede339c2-3cec-47d6-98dc-ec75754dc7c3: start ede339c2-3cec-47d6-98dc-ec75754dc7c3@group-2A945599F841-FollowerState
2021-10-29 00:42:38,500 [ede339c2-3cec-47d6-98dc-ec75754dc7c3@group-5F367AD052F3-FollowerState] INFO  impl.FollowerState (FollowerState.java:run(134)) - ede339c2-3cec-47d6-98dc-ec75754dc7c3@group-5F367AD052F3-FollowerState: change to CANDIDATE, lastRpcElapsedTime:5182191188ns, electionTimeout:5181ms
2021-10-29 00:42:38,502 [ede339c2-3cec-47d6-98dc-ec75754dc7c3@group-5F367AD052F3-FollowerState] INFO  impl.RoleInfo (RoleInfo.java:shutdownFollowerState(108)) - ede339c2-3cec-47d6-98dc-ec75754dc7c3: shutdown ede339c2-3cec-47d6-98dc-ec75754dc7c3@group-5F367AD052F3-FollowerState
2021-10-29 00:42:38,502 [ede339c2-3cec-47d6-98dc-ec75754dc7c3@group-5F367AD052F3-FollowerState] INFO  server.RaftServer$Division (RaftServerImpl.java:setRole(290)) - ede339c2-3cec-47d6-98dc-ec75754dc7c3@group-5F367AD052F3: changes role from  FOLLOWER to CANDIDATE at term 0 for changeToCandidate
2021-10-29 00:42:38,502 [ede339c2-3cec-47d6-98dc-ec75754dc7c3@group-5F367AD052F3-FollowerState] INFO  server.RaftServerConfigKeys (ConfUtils.java:logGet(44)) - raft.server.leaderelection.pre-vote = false (custom)
2021-10-29 00:42:38,502 [ede339c2-3cec-47d6-98dc-ec75754dc7c3@group-5F367AD052F3-FollowerState] INFO  impl.RoleInfo (RoleInfo.java:updateAndGet(130)) - ede339c2-3cec-47d6-98dc-ec75754dc7c3: start ede339c2-3cec-47d6-98dc-ec75754dc7c3@group-5F367AD052F3-LeaderElection7
2021-10-29 00:42:38,509 [ede339c2-3cec-47d6-98dc-ec75754dc7c3@group-5F367AD052F3-LeaderElection7] INFO  impl.LeaderElection (LeaderElection.java:askForVotes(306)) - ede339c2-3cec-47d6-98dc-ec75754dc7c3@group-5F367AD052F3-LeaderElection7 ELECTION round 0: submit vote requests at term 1 for -1: [ede339c2-3cec-47d6-98dc-ec75754dc7c3|rpc:10.1.0.32:43517|priority:1], old=null
2021-10-29 00:42:38,509 [ede339c2-3cec-47d6-98dc-ec75754dc7c3@group-5F367AD052F3-LeaderElection7] INFO  impl.LeaderElection (LeaderElection.java:askForVotes(308)) - ede339c2-3cec-47d6-98dc-ec75754dc7c3@group-5F367AD052F3-LeaderElection7 ELECTION round 0: result PASSED (term=1)
2021-10-29 00:42:38,509 [ede339c2-3cec-47d6-98dc-ec75754dc7c3@group-5F367AD052F3-LeaderElection7] INFO  impl.RoleInfo (RoleInfo.java:shutdownLeaderElection(121)) - ede339c2-3cec-47d6-98dc-ec75754dc7c3: shutdown ede339c2-3cec-47d6-98dc-ec75754dc7c3@group-5F367AD052F3-LeaderElection7
2021-10-29 00:42:38,510 [ede339c2-3cec-47d6-98dc-ec75754dc7c3@group-5F367AD052F3-LeaderElection7] INFO  server.RaftServer$Division (RaftServerImpl.java:setRole(290)) - ede339c2-3cec-47d6-98dc-ec75754dc7c3@group-5F367AD052F3: changes role from CANDIDATE to LEADER at term 1 for changeToLeader
2021-10-29 00:42:38,510 [ede339c2-3cec-47d6-98dc-ec75754dc7c3@group-5F367AD052F3-LeaderElection7] INFO  ratis.XceiverServerRatis (XceiverServerRatis.java:handleLeaderChangedNotification(866)) - Leader change notification received for group: group-5F367AD052F3 with new leaderId: ede339c2-3cec-47d6-98dc-ec75754dc7c3
2021-10-29 00:42:38,510 [ede339c2-3cec-47d6-98dc-ec75754dc7c3@group-5F367AD052F3-LeaderElection7] INFO  server.RaftServer$Division (ServerState.java:setLeader(285)) - ede339c2-3cec-47d6-98dc-ec75754dc7c3@group-5F367AD052F3: change Leader from null to ede339c2-3cec-47d6-98dc-ec75754dc7c3 at term 1 for becomeLeader, leader elected after 5208ms
2021-10-29 00:42:38,510 [ede339c2-3cec-47d6-98dc-ec75754dc7c3@group-5F367AD052F3-LeaderElection7] INFO  server.RaftServerConfigKeys (ConfUtils.java:logGet(44)) - raft.server.staging.catchup.gap = 1000 (default)
2021-10-29 00:42:38,511 [ede339c2-3cec-47d6-98dc-ec75754dc7c3@group-5F367AD052F3-LeaderElection7] INFO  server.RaftServerConfigKeys (ConfUtils.java:logGet(44)) - raft.server.write.element-limit = 1024 (custom)
2021-10-29 00:42:38,512 [ede339c2-3cec-47d6-98dc-ec75754dc7c3@group-5F367AD052F3-LeaderElection7] INFO  server.RaftServerConfigKeys (ConfUtils.java:logGet(44)) - raft.server.write.byte-limit = 1024 M (=1073741824) (custom)
2021-10-29 00:42:38,512 [EventQueue-OpenPipelineForHealthyPipelineSafeModeRule] INFO  safemode.SCMSafeModeManager (HealthyPipelineSafeModeRule.java:process(124)) - SCM in safe mode. Healthy pipelines reported count is 0, required healthy pipeline reported count is 1
2021-10-29 00:42:38,512 [ede339c2-3cec-47d6-98dc-ec75754dc7c3@group-5F367AD052F3-LeaderElection7] INFO  server.RaftServerConfigKeys (ConfUtils.java:logGet(44)) - raft.server.watch.timeout = 180s (custom)
2021-10-29 00:42:38,512 [ede339c2-3cec-47d6-98dc-ec75754dc7c3@group-5F367AD052F3-LeaderElection7] INFO  server.RaftServerConfigKeys (ConfUtils.java:logGet(44)) - raft.server.watch.timeout.denomination = 1s (default)
2021-10-29 00:42:38,512 [ede339c2-3cec-47d6-98dc-ec75754dc7c3@group-5F367AD052F3-LeaderElection7] INFO  server.RaftServerConfigKeys (ConfUtils.java:logGet(44)) - raft.server.watch.element-limit = 65536 (default)
2021-10-29 00:42:38,512 [ede339c2-3cec-47d6-98dc-ec75754dc7c3@group-5F367AD052F3-LeaderElection7] INFO  server.RaftServerConfigKeys (ConfUtils.java:logGet(44)) - raft.server.write.element-limit = 1024 (custom)
2021-10-29 00:42:38,512 [ede339c2-3cec-47d6-98dc-ec75754dc7c3@group-5F367AD052F3-LeaderElection7] INFO  server.RaftServerConfigKeys (ConfUtils.java:logGet(44)) - raft.server.write.follower.gap.ratio.max = -1.0 (default)
2021-10-29 00:42:38,512 [ede339c2-3cec-47d6-98dc-ec75754dc7c3@group-5F367AD052F3-LeaderElection7] INFO  impl.RoleInfo (RoleInfo.java:updateAndGet(130)) - ede339c2-3cec-47d6-98dc-ec75754dc7c3: start ede339c2-3cec-47d6-98dc-ec75754dc7c3@group-5F367AD052F3-LeaderStateImpl
2021-10-29 00:42:38,513 [ede339c2-3cec-47d6-98dc-ec75754dc7c3@group-5F367AD052F3-LeaderElection7] INFO  segmented.SegmentedRaftLogWorker (SegmentedRaftLogWorker.java:startLogSegment(394)) - ede339c2-3cec-47d6-98dc-ec75754dc7c3@group-5F367AD052F3-SegmentedRaftLogWorker: Starting segment from index:0
2021-10-29 00:42:38,515 [ede339c2-3cec-47d6-98dc-ec75754dc7c3@group-5F367AD052F3-SegmentedRaftLogWorker] INFO  segmented.SegmentedRaftLogWorker (SegmentedRaftLogWorker.java:execute(601)) - ede339c2-3cec-47d6-98dc-ec75754dc7c3@group-5F367AD052F3-SegmentedRaftLogWorker: created new log segment /home/runner/work/ozone/ozone/hadoop-ozone/integration-test/target/test-dir/MiniOzoneClusterImpl-20f6a6ed-b629-410f-9e90-983c782471bd/datanode-3/data/ratis/5bf54870-aa9e-4116-a87a-5f367ad052f3/current/log_inprogress_0
2021-10-29 00:42:38,517 [ede339c2-3cec-47d6-98dc-ec75754dc7c3@group-5F367AD052F3-LeaderElection7] INFO  server.RaftServer$Division (ServerState.java:setRaftConf(387)) - ede339c2-3cec-47d6-98dc-ec75754dc7c3@group-5F367AD052F3: set configuration 0: [ede339c2-3cec-47d6-98dc-ec75754dc7c3|rpc:10.1.0.32:43517|dataStream:|priority:1], old=null
2021-10-29 00:42:38,529 [EventQueue-OpenPipelineForHealthyPipelineSafeModeRule] INFO  safemode.SCMSafeModeManager (HealthyPipelineSafeModeRule.java:process(124)) - SCM in safe mode. Healthy pipelines reported count is 0, required healthy pipeline reported count is 1
2021-10-29 00:42:38,706 [Listener at 127.0.0.1/33257] INFO  ozone.MiniOzoneClusterImpl (MiniOzoneClusterImpl.java:lambda$waitForClusterToBeReady$0(235)) - Nodes are ready. Got 6 of 6 DN Heartbeats.
2021-10-29 00:42:38,706 [Listener at 127.0.0.1/33257] INFO  ozone.MiniOzoneClusterImpl (MiniOzoneClusterImpl.java:lambda$waitForClusterToBeReady$0(238)) - Waiting for cluster to exit safe mode
2021-10-29 00:42:38,706 [Listener at 127.0.0.1/33257] INFO  ozone.MiniOzoneClusterImpl (MiniOzoneClusterImpl.java:lambda$waitForClusterToBeReady$0(240)) - SCM became leader
2021-10-29 00:42:38,722 [EventQueue-OpenPipelineForHealthyPipelineSafeModeRule] INFO  safemode.SCMSafeModeManager (HealthyPipelineSafeModeRule.java:process(124)) - SCM in safe mode. Healthy pipelines reported count is 0, required healthy pipeline reported count is 1
2021-10-29 00:42:38,736 [ece50d73-52f9-426c-b062-e21d0a386dcf@group-6EA002B150B8-FollowerState] INFO  impl.FollowerState (FollowerState.java:run(134)) - ece50d73-52f9-426c-b062-e21d0a386dcf@group-6EA002B150B8-FollowerState: change to CANDIDATE, lastRpcElapsedTime:5202190460ns, electionTimeout:5199ms
2021-10-29 00:42:38,737 [ece50d73-52f9-426c-b062-e21d0a386dcf@group-6EA002B150B8-FollowerState] INFO  impl.RoleInfo (RoleInfo.java:shutdownFollowerState(108)) - ece50d73-52f9-426c-b062-e21d0a386dcf: shutdown ece50d73-52f9-426c-b062-e21d0a386dcf@group-6EA002B150B8-FollowerState
2021-10-29 00:42:38,737 [ece50d73-52f9-426c-b062-e21d0a386dcf@group-6EA002B150B8-FollowerState] INFO  server.RaftServer$Division (RaftServerImpl.java:setRole(290)) - ece50d73-52f9-426c-b062-e21d0a386dcf@group-6EA002B150B8: changes role from  FOLLOWER to CANDIDATE at term 0 for changeToCandidate
2021-10-29 00:42:38,737 [ece50d73-52f9-426c-b062-e21d0a386dcf@group-6EA002B150B8-FollowerState] INFO  server.RaftServerConfigKeys (ConfUtils.java:logGet(44)) - raft.server.leaderelection.pre-vote = false (custom)
2021-10-29 00:42:38,737 [ece50d73-52f9-426c-b062-e21d0a386dcf@group-6EA002B150B8-FollowerState] INFO  impl.RoleInfo (RoleInfo.java:updateAndGet(130)) - ece50d73-52f9-426c-b062-e21d0a386dcf: start ece50d73-52f9-426c-b062-e21d0a386dcf@group-6EA002B150B8-LeaderElection8
2021-10-29 00:42:38,740 [ece50d73-52f9-426c-b062-e21d0a386dcf@group-6EA002B150B8-LeaderElection8] INFO  impl.LeaderElection (LeaderElection.java:askForVotes(306)) - ece50d73-52f9-426c-b062-e21d0a386dcf@group-6EA002B150B8-LeaderElection8 ELECTION round 0: submit vote requests at term 1 for -1: [ece50d73-52f9-426c-b062-e21d0a386dcf|rpc:10.1.0.32:33323|priority:1], old=null
2021-10-29 00:42:38,740 [ece50d73-52f9-426c-b062-e21d0a386dcf@group-6EA002B150B8-LeaderElection8] INFO  impl.LeaderElection (LeaderElection.java:askForVotes(308)) - ece50d73-52f9-426c-b062-e21d0a386dcf@group-6EA002B150B8-LeaderElection8 ELECTION round 0: result PASSED (term=1)
2021-10-29 00:42:38,740 [ece50d73-52f9-426c-b062-e21d0a386dcf@group-6EA002B150B8-LeaderElection8] INFO  impl.RoleInfo (RoleInfo.java:shutdownLeaderElection(121)) - ece50d73-52f9-426c-b062-e21d0a386dcf: shutdown ece50d73-52f9-426c-b062-e21d0a386dcf@group-6EA002B150B8-LeaderElection8
2021-10-29 00:42:38,740 [ece50d73-52f9-426c-b062-e21d0a386dcf@group-6EA002B150B8-LeaderElection8] INFO  server.RaftServer$Division (RaftServerImpl.java:setRole(290)) - ece50d73-52f9-426c-b062-e21d0a386dcf@group-6EA002B150B8: changes role from CANDIDATE to LEADER at term 1 for changeToLeader
2021-10-29 00:42:38,740 [ece50d73-52f9-426c-b062-e21d0a386dcf@group-6EA002B150B8-LeaderElection8] INFO  ratis.XceiverServerRatis (XceiverServerRatis.java:handleLeaderChangedNotification(866)) - Leader change notification received for group: group-6EA002B150B8 with new leaderId: ece50d73-52f9-426c-b062-e21d0a386dcf
2021-10-29 00:42:38,741 [ece50d73-52f9-426c-b062-e21d0a386dcf@group-6EA002B150B8-LeaderElection8] INFO  server.RaftServer$Division (ServerState.java:setLeader(285)) - ece50d73-52f9-426c-b062-e21d0a386dcf@group-6EA002B150B8: change Leader from null to ece50d73-52f9-426c-b062-e21d0a386dcf at term 1 for becomeLeader, leader elected after 5213ms
2021-10-29 00:42:38,741 [ece50d73-52f9-426c-b062-e21d0a386dcf@group-6EA002B150B8-LeaderElection8] INFO  server.RaftServerConfigKeys (ConfUtils.java:logGet(44)) - raft.server.staging.catchup.gap = 1000 (default)
2021-10-29 00:42:38,741 [ece50d73-52f9-426c-b062-e21d0a386dcf@group-6EA002B150B8-LeaderElection8] INFO  server.RaftServerConfigKeys (ConfUtils.java:logGet(44)) - raft.server.write.element-limit = 1024 (custom)
2021-10-29 00:42:38,741 [ece50d73-52f9-426c-b062-e21d0a386dcf@group-6EA002B150B8-LeaderElection8] INFO  server.RaftServerConfigKeys (ConfUtils.java:logGet(44)) - raft.server.write.byte-limit = 1024 M (=1073741824) (custom)
2021-10-29 00:42:38,741 [ece50d73-52f9-426c-b062-e21d0a386dcf@group-6EA002B150B8-LeaderElection8] INFO  server.RaftServerConfigKeys (ConfUtils.java:logGet(44)) - raft.server.watch.timeout = 180s (custom)
2021-10-29 00:42:38,741 [ece50d73-52f9-426c-b062-e21d0a386dcf@group-6EA002B150B8-LeaderElection8] INFO  server.RaftServerConfigKeys (ConfUtils.java:logGet(44)) - raft.server.watch.timeout.denomination = 1s (default)
2021-10-29 00:42:38,742 [ece50d73-52f9-426c-b062-e21d0a386dcf@group-6EA002B150B8-LeaderElection8] INFO  server.RaftServerConfigKeys (ConfUtils.java:logGet(44)) - raft.server.watch.element-limit = 65536 (default)
2021-10-29 00:42:38,742 [ece50d73-52f9-426c-b062-e21d0a386dcf@group-6EA002B150B8-LeaderElection8] INFO  server.RaftServerConfigKeys (ConfUtils.java:logGet(44)) - raft.server.write.element-limit = 1024 (custom)
2021-10-29 00:42:38,742 [ece50d73-52f9-426c-b062-e21d0a386dcf@group-6EA002B150B8-LeaderElection8] INFO  server.RaftServerConfigKeys (ConfUtils.java:logGet(44)) - raft.server.write.follower.gap.ratio.max = -1.0 (default)
2021-10-29 00:42:38,742 [ece50d73-52f9-426c-b062-e21d0a386dcf@group-6EA002B150B8-LeaderElection8] INFO  impl.RoleInfo (RoleInfo.java:updateAndGet(130)) - ece50d73-52f9-426c-b062-e21d0a386dcf: start ece50d73-52f9-426c-b062-e21d0a386dcf@group-6EA002B150B8-LeaderStateImpl
2021-10-29 00:42:38,742 [ece50d73-52f9-426c-b062-e21d0a386dcf@group-6EA002B150B8-LeaderElection8] INFO  segmented.SegmentedRaftLogWorker (SegmentedRaftLogWorker.java:startLogSegment(394)) - ece50d73-52f9-426c-b062-e21d0a386dcf@group-6EA002B150B8-SegmentedRaftLogWorker: Starting segment from index:0
2021-10-29 00:42:38,742 [EventQueue-OpenPipelineForHealthyPipelineSafeModeRule] INFO  safemode.SCMSafeModeManager (HealthyPipelineSafeModeRule.java:process(124)) - SCM in safe mode. Healthy pipelines reported count is 0, required healthy pipeline reported count is 1
2021-10-29 00:42:38,744 [ece50d73-52f9-426c-b062-e21d0a386dcf@group-6EA002B150B8-LeaderElection8] INFO  server.RaftServer$Division (ServerState.java:setRaftConf(387)) - ece50d73-52f9-426c-b062-e21d0a386dcf@group-6EA002B150B8: set configuration 0: [ece50d73-52f9-426c-b062-e21d0a386dcf|rpc:10.1.0.32:33323|dataStream:|priority:1], old=null
2021-10-29 00:42:38,745 [ece50d73-52f9-426c-b062-e21d0a386dcf@group-6EA002B150B8-SegmentedRaftLogWorker] INFO  segmented.SegmentedRaftLogWorker (SegmentedRaftLogWorker.java:execute(601)) - ece50d73-52f9-426c-b062-e21d0a386dcf@group-6EA002B150B8-SegmentedRaftLogWorker: created new log segment /home/runner/work/ozone/ozone/hadoop-ozone/integration-test/target/test-dir/MiniOzoneClusterImpl-20f6a6ed-b629-410f-9e90-983c782471bd/datanode-4/data/ratis/4c3025fd-f358-4745-8c7a-6ea002b150b8/current/log_inprogress_0
2021-10-29 00:42:38,799 [240b3f92-711e-4b06-964b-7be2bf787040@group-215A1A65B0A7-FollowerState] INFO  impl.FollowerState (FollowerState.java:run(134)) - 240b3f92-711e-4b06-964b-7be2bf787040@group-215A1A65B0A7-FollowerState: change to CANDIDATE, lastRpcElapsedTime:5057206598ns, electionTimeout:5052ms
2021-10-29 00:42:38,800 [240b3f92-711e-4b06-964b-7be2bf787040@group-215A1A65B0A7-FollowerState] INFO  impl.RoleInfo (RoleInfo.java:shutdownFollowerState(108)) - 240b3f92-711e-4b06-964b-7be2bf787040: shutdown 240b3f92-711e-4b06-964b-7be2bf787040@group-215A1A65B0A7-FollowerState
2021-10-29 00:42:38,800 [240b3f92-711e-4b06-964b-7be2bf787040@group-215A1A65B0A7-FollowerState] INFO  server.RaftServer$Division (RaftServerImpl.java:setRole(290)) - 240b3f92-711e-4b06-964b-7be2bf787040@group-215A1A65B0A7: changes role from  FOLLOWER to CANDIDATE at term 0 for changeToCandidate
2021-10-29 00:42:38,800 [240b3f92-711e-4b06-964b-7be2bf787040@group-215A1A65B0A7-FollowerState] INFO  server.RaftServerConfigKeys (ConfUtils.java:logGet(44)) - raft.server.leaderelection.pre-vote = false (custom)
2021-10-29 00:42:38,800 [240b3f92-711e-4b06-964b-7be2bf787040@group-215A1A65B0A7-FollowerState] INFO  impl.RoleInfo (RoleInfo.java:updateAndGet(130)) - 240b3f92-711e-4b06-964b-7be2bf787040: start 240b3f92-711e-4b06-964b-7be2bf787040@group-215A1A65B0A7-LeaderElection9
2021-10-29 00:42:38,805 [240b3f92-711e-4b06-964b-7be2bf787040@group-215A1A65B0A7-LeaderElection9] INFO  impl.LeaderElection (LeaderElection.java:askForVotes(306)) - 240b3f92-711e-4b06-964b-7be2bf787040@group-215A1A65B0A7-LeaderElection9 ELECTION round 0: submit vote requests at term 1 for -1: [240b3f92-711e-4b06-964b-7be2bf787040|rpc:10.1.0.32:39315|priority:1], old=null
2021-10-29 00:42:38,805 [240b3f92-711e-4b06-964b-7be2bf787040@group-215A1A65B0A7-LeaderElection9] INFO  impl.LeaderElection (LeaderElection.java:askForVotes(308)) - 240b3f92-711e-4b06-964b-7be2bf787040@group-215A1A65B0A7-LeaderElection9 ELECTION round 0: result PASSED (term=1)
2021-10-29 00:42:38,806 [240b3f92-711e-4b06-964b-7be2bf787040@group-215A1A65B0A7-LeaderElection9] INFO  impl.RoleInfo (RoleInfo.java:shutdownLeaderElection(121)) - 240b3f92-711e-4b06-964b-7be2bf787040: shutdown 240b3f92-711e-4b06-964b-7be2bf787040@group-215A1A65B0A7-LeaderElection9
2021-10-29 00:42:38,806 [240b3f92-711e-4b06-964b-7be2bf787040@group-215A1A65B0A7-LeaderElection9] INFO  server.RaftServer$Division (RaftServerImpl.java:setRole(290)) - 240b3f92-711e-4b06-964b-7be2bf787040@group-215A1A65B0A7: changes role from CANDIDATE to LEADER at term 1 for changeToLeader
2021-10-29 00:42:38,806 [240b3f92-711e-4b06-964b-7be2bf787040@group-215A1A65B0A7-LeaderElection9] INFO  ratis.XceiverServerRatis (XceiverServerRatis.java:handleLeaderChangedNotification(866)) - Leader change notification received for group: group-215A1A65B0A7 with new leaderId: 240b3f92-711e-4b06-964b-7be2bf787040
2021-10-29 00:42:38,806 [240b3f92-711e-4b06-964b-7be2bf787040@group-215A1A65B0A7-LeaderElection9] INFO  server.RaftServer$Division (ServerState.java:setLeader(285)) - 240b3f92-711e-4b06-964b-7be2bf787040@group-215A1A65B0A7: change Leader from null to 240b3f92-711e-4b06-964b-7be2bf787040 at term 1 for becomeLeader, leader elected after 5089ms
2021-10-29 00:42:38,806 [240b3f92-711e-4b06-964b-7be2bf787040@group-215A1A65B0A7-LeaderElection9] INFO  server.RaftServerConfigKeys (ConfUtils.java:logGet(44)) - raft.server.staging.catchup.gap = 1000 (default)
2021-10-29 00:42:38,806 [240b3f92-711e-4b06-964b-7be2bf787040@group-215A1A65B0A7-LeaderElection9] INFO  server.RaftServerConfigKeys (ConfUtils.java:logGet(44)) - raft.server.write.element-limit = 1024 (custom)
2021-10-29 00:42:38,807 [240b3f92-711e-4b06-964b-7be2bf787040@group-215A1A65B0A7-LeaderElection9] INFO  server.RaftServerConfigKeys (ConfUtils.java:logGet(44)) - raft.server.write.byte-limit = 1024 M (=1073741824) (custom)
2021-10-29 00:42:38,808 [EventQueue-OpenPipelineForHealthyPipelineSafeModeRule] INFO  safemode.SCMSafeModeManager (HealthyPipelineSafeModeRule.java:process(124)) - SCM in safe mode. Healthy pipelines reported count is 0, required healthy pipeline reported count is 1
2021-10-29 00:42:38,811 [240b3f92-711e-4b06-964b-7be2bf787040@group-215A1A65B0A7-LeaderElection9] INFO  server.RaftServerConfigKeys (ConfUtils.java:logGet(44)) - raft.server.watch.timeout = 180s (custom)
2021-10-29 00:42:38,811 [240b3f92-711e-4b06-964b-7be2bf787040@group-215A1A65B0A7-LeaderElection9] INFO  server.RaftServerConfigKeys (ConfUtils.java:logGet(44)) - raft.server.watch.timeout.denomination = 1s (default)
2021-10-29 00:42:38,811 [240b3f92-711e-4b06-964b-7be2bf787040@group-215A1A65B0A7-LeaderElection9] INFO  server.RaftServerConfigKeys (ConfUtils.java:logGet(44)) - raft.server.watch.element-limit = 65536 (default)
2021-10-29 00:42:38,811 [240b3f92-711e-4b06-964b-7be2bf787040@group-215A1A65B0A7-LeaderElection9] INFO  server.RaftServerConfigKeys (ConfUtils.java:logGet(44)) - raft.server.write.element-limit = 1024 (custom)
2021-10-29 00:42:38,811 [240b3f92-711e-4b06-964b-7be2bf787040@group-215A1A65B0A7-LeaderElection9] INFO  server.RaftServerConfigKeys (ConfUtils.java:logGet(44)) - raft.server.write.follower.gap.ratio.max = -1.0 (default)
2021-10-29 00:42:38,811 [240b3f92-711e-4b06-964b-7be2bf787040@group-215A1A65B0A7-LeaderElection9] INFO  impl.RoleInfo (RoleInfo.java:updateAndGet(130)) - 240b3f92-711e-4b06-964b-7be2bf787040: start 240b3f92-711e-4b06-964b-7be2bf787040@group-215A1A65B0A7-LeaderStateImpl
2021-10-29 00:42:38,811 [240b3f92-711e-4b06-964b-7be2bf787040@group-215A1A65B0A7-LeaderElection9] INFO  segmented.SegmentedRaftLogWorker (SegmentedRaftLogWorker.java:startLogSegment(394)) - 240b3f92-711e-4b06-964b-7be2bf787040@group-215A1A65B0A7-SegmentedRaftLogWorker: Starting segment from index:0
2021-10-29 00:42:38,813 [240b3f92-711e-4b06-964b-7be2bf787040@group-215A1A65B0A7-LeaderElection9] INFO  server.RaftServer$Division (ServerState.java:setRaftConf(387)) - 240b3f92-711e-4b06-964b-7be2bf787040@group-215A1A65B0A7: set configuration 0: [240b3f92-711e-4b06-964b-7be2bf787040|rpc:10.1.0.32:39315|dataStream:|priority:1], old=null
2021-10-29 00:42:38,813 [240b3f92-711e-4b06-964b-7be2bf787040@group-215A1A65B0A7-SegmentedRaftLogWorker] INFO  segmented.SegmentedRaftLogWorker (SegmentedRaftLogWorker.java:execute(601)) - 240b3f92-711e-4b06-964b-7be2bf787040@group-215A1A65B0A7-SegmentedRaftLogWorker: created new log segment /home/runner/work/ozone/ozone/hadoop-ozone/integration-test/target/test-dir/MiniOzoneClusterImpl-20f6a6ed-b629-410f-9e90-983c782471bd/datanode-5/data/ratis/da5f3843-65ab-4e90-a0e3-215a1a65b0a7/current/log_inprogress_0
2021-10-29 00:42:38,930 [EventQueue-OpenPipelineForHealthyPipelineSafeModeRule] INFO  safemode.SCMSafeModeManager (HealthyPipelineSafeModeRule.java:process(124)) - SCM in safe mode. Healthy pipelines reported count is 0, required healthy pipeline reported count is 1
2021-10-29 00:42:39,190 [ReplicationMonitor] INFO  container.ReplicationManager (ReplicationManager.java:processAll(371)) - Replication Monitor Thread took 0 milliseconds for processing 0 containers.
2021-10-29 00:42:39,238 [EventQueue-OpenPipelineForHealthyPipelineSafeModeRule] INFO  safemode.SCMSafeModeManager (HealthyPipelineSafeModeRule.java:process(124)) - SCM in safe mode. Healthy pipelines reported count is 0, required healthy pipeline reported count is 1
2021-10-29 00:42:39,391 [EventQueue-OpenPipelineForHealthyPipelineSafeModeRule] INFO  safemode.SCMSafeModeManager (HealthyPipelineSafeModeRule.java:process(124)) - SCM in safe mode. Healthy pipelines reported count is 0, required healthy pipeline reported count is 1
2021-10-29 00:42:39,512 [EventQueue-OpenPipelineForHealthyPipelineSafeModeRule] INFO  safemode.SCMSafeModeManager (HealthyPipelineSafeModeRule.java:process(124)) - SCM in safe mode. Healthy pipelines reported count is 0, required healthy pipeline reported count is 1
2021-10-29 00:42:39,707 [Listener at 127.0.0.1/33257] INFO  ozone.MiniOzoneClusterImpl (MiniOzoneClusterImpl.java:lambda$waitForClusterToBeReady$0(235)) - Nodes are ready. Got 6 of 6 DN Heartbeats.
2021-10-29 00:42:39,707 [Listener at 127.0.0.1/33257] INFO  ozone.MiniOzoneClusterImpl (MiniOzoneClusterImpl.java:lambda$waitForClusterToBeReady$0(238)) - Waiting for cluster to exit safe mode
2021-10-29 00:42:39,707 [Listener at 127.0.0.1/33257] INFO  ozone.MiniOzoneClusterImpl (MiniOzoneClusterImpl.java:lambda$waitForClusterToBeReady$0(240)) - SCM became leader
2021-10-29 00:42:39,742 [EventQueue-OpenPipelineForHealthyPipelineSafeModeRule] INFO  safemode.SCMSafeModeManager (HealthyPipelineSafeModeRule.java:process(124)) - SCM in safe mode. Healthy pipelines reported count is 0, required healthy pipeline reported count is 1
2021-10-29 00:42:39,809 [EventQueue-OpenPipelineForHealthyPipelineSafeModeRule] INFO  safemode.SCMSafeModeManager (HealthyPipelineSafeModeRule.java:process(124)) - SCM in safe mode. Healthy pipelines reported count is 0, required healthy pipeline reported count is 1
2021-10-29 00:42:39,930 [EventQueue-OpenPipelineForHealthyPipelineSafeModeRule] INFO  safemode.SCMSafeModeManager (HealthyPipelineSafeModeRule.java:process(124)) - SCM in safe mode. Healthy pipelines reported count is 0, required healthy pipeline reported count is 1
2021-10-29 00:42:40,190 [ReplicationMonitor] INFO  container.ReplicationManager (ReplicationManager.java:processAll(371)) - Replication Monitor Thread took 0 milliseconds for processing 0 containers.
2021-10-29 00:42:40,707 [Listener at 127.0.0.1/33257] INFO  ozone.MiniOzoneClusterImpl (MiniOzoneClusterImpl.java:lambda$waitForClusterToBeReady$0(235)) - Nodes are ready. Got 6 of 6 DN Heartbeats.
2021-10-29 00:42:40,708 [Listener at 127.0.0.1/33257] INFO  ozone.MiniOzoneClusterImpl (MiniOzoneClusterImpl.java:lambda$waitForClusterToBeReady$0(238)) - Waiting for cluster to exit safe mode
2021-10-29 00:42:40,708 [Listener at 127.0.0.1/33257] INFO  ozone.MiniOzoneClusterImpl (MiniOzoneClusterImpl.java:lambda$waitForClusterToBeReady$0(240)) - SCM became leader
2021-10-29 00:42:41,191 [ReplicationMonitor] INFO  container.ReplicationManager (ReplicationManager.java:processAll(371)) - Replication Monitor Thread took 0 milliseconds for processing 0 containers.
2021-10-29 00:42:41,237 [EventQueue-OpenPipelineForHealthyPipelineSafeModeRule] INFO  safemode.SCMSafeModeManager (HealthyPipelineSafeModeRule.java:process(124)) - SCM in safe mode. Healthy pipelines reported count is 0, required healthy pipeline reported count is 1
2021-10-29 00:42:41,390 [EventQueue-OpenPipelineForHealthyPipelineSafeModeRule] INFO  safemode.SCMSafeModeManager (HealthyPipelineSafeModeRule.java:process(124)) - SCM in safe mode. Healthy pipelines reported count is 0, required healthy pipeline reported count is 1
2021-10-29 00:42:41,512 [EventQueue-OpenPipelineForHealthyPipelineSafeModeRule] INFO  safemode.SCMSafeModeManager (HealthyPipelineSafeModeRule.java:process(124)) - SCM in safe mode. Healthy pipelines reported count is 0, required healthy pipeline reported count is 1
2021-10-29 00:42:41,708 [Listener at 127.0.0.1/33257] INFO  ozone.MiniOzoneClusterImpl (MiniOzoneClusterImpl.java:lambda$waitForClusterToBeReady$0(235)) - Nodes are ready. Got 6 of 6 DN Heartbeats.
2021-10-29 00:42:41,708 [Listener at 127.0.0.1/33257] INFO  ozone.MiniOzoneClusterImpl (MiniOzoneClusterImpl.java:lambda$waitForClusterToBeReady$0(238)) - Waiting for cluster to exit safe mode
2021-10-29 00:42:41,708 [Listener at 127.0.0.1/33257] INFO  ozone.MiniOzoneClusterImpl (MiniOzoneClusterImpl.java:lambda$waitForClusterToBeReady$0(240)) - SCM became leader
2021-10-29 00:42:41,743 [EventQueue-OpenPipelineForHealthyPipelineSafeModeRule] INFO  safemode.SCMSafeModeManager (HealthyPipelineSafeModeRule.java:process(124)) - SCM in safe mode. Healthy pipelines reported count is 0, required healthy pipeline reported count is 1
2021-10-29 00:42:41,810 [EventQueue-OpenPipelineForHealthyPipelineSafeModeRule] INFO  safemode.SCMSafeModeManager (HealthyPipelineSafeModeRule.java:process(124)) - SCM in safe mode. Healthy pipelines reported count is 0, required healthy pipeline reported count is 1
2021-10-29 00:42:41,935 [EventQueue-OpenPipelineForHealthyPipelineSafeModeRule] INFO  safemode.SCMSafeModeManager (HealthyPipelineSafeModeRule.java:process(124)) - SCM in safe mode. Healthy pipelines reported count is 0, required healthy pipeline reported count is 1
2021-10-29 00:42:42,191 [ReplicationMonitor] INFO  container.ReplicationManager (ReplicationManager.java:processAll(371)) - Replication Monitor Thread took 0 milliseconds for processing 0 containers.
2021-10-29 00:42:42,237 [EventQueue-OpenPipelineForHealthyPipelineSafeModeRule] INFO  safemode.SCMSafeModeManager (HealthyPipelineSafeModeRule.java:process(124)) - SCM in safe mode. Healthy pipelines reported count is 0, required healthy pipeline reported count is 1
2021-10-29 00:42:42,512 [EventQueue-OpenPipelineForHealthyPipelineSafeModeRule] INFO  safemode.SCMSafeModeManager (HealthyPipelineSafeModeRule.java:process(124)) - SCM in safe mode. Healthy pipelines reported count is 0, required healthy pipeline reported count is 1
2021-10-29 00:42:42,530 [f2b4d6f7-aefa-402b-a761-92c91b2f44f3@group-F5BD42791AE0-FollowerState] INFO  impl.FollowerState (FollowerState.java:run(134)) - f2b4d6f7-aefa-402b-a761-92c91b2f44f3@group-F5BD42791AE0-FollowerState: change to CANDIDATE, lastRpcElapsedTime:5066380352ns, electionTimeout:5061ms
2021-10-29 00:42:42,531 [f2b4d6f7-aefa-402b-a761-92c91b2f44f3@group-F5BD42791AE0-FollowerState] INFO  impl.RoleInfo (RoleInfo.java:shutdownFollowerState(108)) - f2b4d6f7-aefa-402b-a761-92c91b2f44f3: shutdown f2b4d6f7-aefa-402b-a761-92c91b2f44f3@group-F5BD42791AE0-FollowerState
2021-10-29 00:42:42,531 [f2b4d6f7-aefa-402b-a761-92c91b2f44f3@group-F5BD42791AE0-FollowerState] INFO  server.RaftServer$Division (RaftServerImpl.java:setRole(290)) - f2b4d6f7-aefa-402b-a761-92c91b2f44f3@group-F5BD42791AE0: changes role from  FOLLOWER to CANDIDATE at term 1 for changeToCandidate
2021-10-29 00:42:42,531 [f2b4d6f7-aefa-402b-a761-92c91b2f44f3@group-F5BD42791AE0-FollowerState] INFO  server.RaftServerConfigKeys (ConfUtils.java:logGet(44)) - raft.server.leaderelection.pre-vote = false (custom)
2021-10-29 00:42:42,531 [f2b4d6f7-aefa-402b-a761-92c91b2f44f3@group-F5BD42791AE0-FollowerState] INFO  impl.RoleInfo (RoleInfo.java:updateAndGet(130)) - f2b4d6f7-aefa-402b-a761-92c91b2f44f3: start f2b4d6f7-aefa-402b-a761-92c91b2f44f3@group-F5BD42791AE0-LeaderElection10
2021-10-29 00:42:42,533 [f2b4d6f7-aefa-402b-a761-92c91b2f44f3@group-F5BD42791AE0-LeaderElection10] INFO  impl.LeaderElection (LeaderElection.java:askForVotes(306)) - f2b4d6f7-aefa-402b-a761-92c91b2f44f3@group-F5BD42791AE0-LeaderElection10 ELECTION round 0: submit vote requests at term 2 for -1: [e6ec3422-bd00-4bf8-8713-bff351886512|rpc:10.1.0.32:40113|dataStream:|priority:0, f2b4d6f7-aefa-402b-a761-92c91b2f44f3|rpc:10.1.0.32:42307|dataStream:|priority:1, 12cd3e49-de78-4d30-aa86-c1ffa97795c8|rpc:10.1.0.32:42653|dataStream:|priority:0], old=null
2021-10-29 00:42:42,544 [grpc-default-executor-1] INFO  server.RaftServer$Division (RaftServerImpl.java:requestVote(1046)) - 12cd3e49-de78-4d30-aa86-c1ffa97795c8@group-F5BD42791AE0: receive requestVote(ELECTION, f2b4d6f7-aefa-402b-a761-92c91b2f44f3, group-F5BD42791AE0, 2, (t:0, i:0))
2021-10-29 00:42:42,544 [grpc-default-executor-1] INFO  impl.VoteContext (VoteContext.java:log(48)) - 12cd3e49-de78-4d30-aa86-c1ffa97795c8@group-F5BD42791AE0-FOLLOWER: accept ELECTION from f2b4d6f7-aefa-402b-a761-92c91b2f44f3: our priority 0 <= candidate's priority 1
2021-10-29 00:42:42,545 [grpc-default-executor-1] INFO  server.RaftServer$Division (RaftServerImpl.java:setRole(290)) - 12cd3e49-de78-4d30-aa86-c1ffa97795c8@group-F5BD42791AE0: changes role from  FOLLOWER to FOLLOWER at term 2 for candidate:f2b4d6f7-aefa-402b-a761-92c91b2f44f3
2021-10-29 00:42:42,545 [grpc-default-executor-1] INFO  impl.RoleInfo (RoleInfo.java:shutdownFollowerState(108)) - 12cd3e49-de78-4d30-aa86-c1ffa97795c8: shutdown 12cd3e49-de78-4d30-aa86-c1ffa97795c8@group-F5BD42791AE0-FollowerState
2021-10-29 00:42:42,545 [grpc-default-executor-1] INFO  impl.RoleInfo (RoleInfo.java:updateAndGet(130)) - 12cd3e49-de78-4d30-aa86-c1ffa97795c8: start 12cd3e49-de78-4d30-aa86-c1ffa97795c8@group-F5BD42791AE0-FollowerState
2021-10-29 00:42:42,546 [12cd3e49-de78-4d30-aa86-c1ffa97795c8@group-F5BD42791AE0-FollowerState] INFO  impl.FollowerState (FollowerState.java:run(143)) - 12cd3e49-de78-4d30-aa86-c1ffa97795c8@group-F5BD42791AE0-FollowerState was interrupted: {}
java.lang.InterruptedException: sleep interrupted
	at java.lang.Thread.sleep(Native Method)
	at java.lang.Thread.sleep(Thread.java:340)
	at java.util.concurrent.TimeUnit.sleep(TimeUnit.java:386)
	at org.apache.ratis.util.TimeDuration.sleep(TimeDuration.java:324)
	at org.apache.ratis.util.TimeDuration.sleep(TimeDuration.java:309)
	at org.apache.ratis.server.impl.FollowerState.run(FollowerState.java:118)
2021-10-29 00:42:42,553 [grpc-default-executor-1] INFO  server.RaftServer$Division (RaftServerImpl.java:requestVote(1078)) - 12cd3e49-de78-4d30-aa86-c1ffa97795c8@group-F5BD42791AE0 replies to ELECTION vote request: f2b4d6f7-aefa-402b-a761-92c91b2f44f3<-12cd3e49-de78-4d30-aa86-c1ffa97795c8#0:OK-t2. Peer's state: 12cd3e49-de78-4d30-aa86-c1ffa97795c8@group-F5BD42791AE0:t2, leader=null, voted=f2b4d6f7-aefa-402b-a761-92c91b2f44f3, raftlog=12cd3e49-de78-4d30-aa86-c1ffa97795c8@group-F5BD42791AE0-SegmentedRaftLog:OPENED:c-1, conf=-1: [e6ec3422-bd00-4bf8-8713-bff351886512|rpc:10.1.0.32:40113|priority:0, f2b4d6f7-aefa-402b-a761-92c91b2f44f3|rpc:10.1.0.32:42307|priority:1, 12cd3e49-de78-4d30-aa86-c1ffa97795c8|rpc:10.1.0.32:42653|priority:0], old=null
2021-10-29 00:42:42,558 [grpc-default-executor-1] INFO  server.RaftServer$Division (RaftServerImpl.java:requestVote(1046)) - e6ec3422-bd00-4bf8-8713-bff351886512@group-F5BD42791AE0: receive requestVote(ELECTION, f2b4d6f7-aefa-402b-a761-92c91b2f44f3, group-F5BD42791AE0, 2, (t:0, i:0))
2021-10-29 00:42:42,559 [f2b4d6f7-aefa-402b-a761-92c91b2f44f3@group-F5BD42791AE0-LeaderElection10] INFO  impl.LeaderElection (LeaderElection.java:logAndReturn(89)) - f2b4d6f7-aefa-402b-a761-92c91b2f44f3@group-F5BD42791AE0-LeaderElection10: ELECTION PASSED received 1 response(s) and 0 exception(s):
2021-10-29 00:42:42,561 [f2b4d6f7-aefa-402b-a761-92c91b2f44f3@group-F5BD42791AE0-LeaderElection10] INFO  impl.LeaderElection (LeaderElection.java:logAndReturn(93)) -   Response 0: f2b4d6f7-aefa-402b-a761-92c91b2f44f3<-12cd3e49-de78-4d30-aa86-c1ffa97795c8#0:OK-t2
2021-10-29 00:42:42,561 [f2b4d6f7-aefa-402b-a761-92c91b2f44f3@group-F5BD42791AE0-LeaderElection10] INFO  impl.LeaderElection (LeaderElection.java:askForVotes(308)) - f2b4d6f7-aefa-402b-a761-92c91b2f44f3@group-F5BD42791AE0-LeaderElection10 ELECTION round 0: result PASSED
2021-10-29 00:42:42,561 [f2b4d6f7-aefa-402b-a761-92c91b2f44f3@group-F5BD42791AE0-LeaderElection10] INFO  impl.RoleInfo (RoleInfo.java:shutdownLeaderElection(121)) - f2b4d6f7-aefa-402b-a761-92c91b2f44f3: shutdown f2b4d6f7-aefa-402b-a761-92c91b2f44f3@group-F5BD42791AE0-LeaderElection10
2021-10-29 00:42:42,561 [f2b4d6f7-aefa-402b-a761-92c91b2f44f3@group-F5BD42791AE0-LeaderElection10] INFO  server.RaftServer$Division (RaftServerImpl.java:setRole(290)) - f2b4d6f7-aefa-402b-a761-92c91b2f44f3@group-F5BD42791AE0: changes role from CANDIDATE to LEADER at term 2 for changeToLeader
2021-10-29 00:42:42,561 [f2b4d6f7-aefa-402b-a761-92c91b2f44f3@group-F5BD42791AE0-LeaderElection10] INFO  ratis.XceiverServerRatis (XceiverServerRatis.java:handleLeaderChangedNotification(866)) - Leader change notification received for group: group-F5BD42791AE0 with new leaderId: f2b4d6f7-aefa-402b-a761-92c91b2f44f3
2021-10-29 00:42:42,561 [f2b4d6f7-aefa-402b-a761-92c91b2f44f3@group-F5BD42791AE0-LeaderElection10] INFO  server.RaftServer$Division (ServerState.java:setLeader(285)) - f2b4d6f7-aefa-402b-a761-92c91b2f44f3@group-F5BD42791AE0: change Leader from null to f2b4d6f7-aefa-402b-a761-92c91b2f44f3 at term 2 for becomeLeader, leader elected after 9494ms
2021-10-29 00:42:42,561 [f2b4d6f7-aefa-402b-a761-92c91b2f44f3@group-F5BD42791AE0-LeaderElection10] INFO  server.RaftServerConfigKeys (ConfUtils.java:logGet(44)) - raft.server.staging.catchup.gap = 1000 (default)
2021-10-29 00:42:42,562 [f2b4d6f7-aefa-402b-a761-92c91b2f44f3@group-F5BD42791AE0-LeaderElection10] INFO  server.RaftServerConfigKeys (ConfUtils.java:logGet(44)) - raft.server.write.element-limit = 1024 (custom)
2021-10-29 00:42:42,562 [f2b4d6f7-aefa-402b-a761-92c91b2f44f3@group-F5BD42791AE0-LeaderElection10] INFO  server.RaftServerConfigKeys (ConfUtils.java:logGet(44)) - raft.server.write.byte-limit = 1024 M (=1073741824) (custom)
2021-10-29 00:42:42,562 [f2b4d6f7-aefa-402b-a761-92c91b2f44f3@group-F5BD42791AE0-LeaderElection10] INFO  server.RaftServerConfigKeys (ConfUtils.java:logGet(44)) - raft.server.watch.timeout = 180s (custom)
2021-10-29 00:42:42,562 [f2b4d6f7-aefa-402b-a761-92c91b2f44f3@group-F5BD42791AE0-LeaderElection10] INFO  server.RaftServerConfigKeys (ConfUtils.java:logGet(44)) - raft.server.watch.timeout.denomination = 1s (default)
2021-10-29 00:42:42,562 [f2b4d6f7-aefa-402b-a761-92c91b2f44f3@group-F5BD42791AE0-LeaderElection10] INFO  server.RaftServerConfigKeys (ConfUtils.java:logGet(44)) - raft.server.watch.element-limit = 65536 (default)
2021-10-29 00:42:42,563 [f2b4d6f7-aefa-402b-a761-92c91b2f44f3@group-F5BD42791AE0-LeaderElection10] INFO  server.RaftServerConfigKeys (ConfUtils.java:logGet(44)) - raft.server.write.element-limit = 1024 (custom)
2021-10-29 00:42:42,563 [f2b4d6f7-aefa-402b-a761-92c91b2f44f3@group-F5BD42791AE0-LeaderElection10] INFO  server.RaftServerConfigKeys (ConfUtils.java:logGet(44)) - raft.server.write.follower.gap.ratio.max = -1.0 (default)
2021-10-29 00:42:42,561 [grpc-default-executor-1] INFO  impl.VoteContext (VoteContext.java:log(48)) - e6ec3422-bd00-4bf8-8713-bff351886512@group-F5BD42791AE0-FOLLOWER: accept ELECTION from f2b4d6f7-aefa-402b-a761-92c91b2f44f3: our priority 0 <= candidate's priority 1
2021-10-29 00:42:42,572 [grpc-default-executor-1] INFO  server.RaftServer$Division (RaftServerImpl.java:setRole(290)) - e6ec3422-bd00-4bf8-8713-bff351886512@group-F5BD42791AE0: changes role from  FOLLOWER to FOLLOWER at term 2 for candidate:f2b4d6f7-aefa-402b-a761-92c91b2f44f3
2021-10-29 00:42:42,573 [grpc-default-executor-1] INFO  impl.RoleInfo (RoleInfo.java:shutdownFollowerState(108)) - e6ec3422-bd00-4bf8-8713-bff351886512: shutdown e6ec3422-bd00-4bf8-8713-bff351886512@group-F5BD42791AE0-FollowerState
2021-10-29 00:42:42,573 [grpc-default-executor-1] INFO  impl.RoleInfo (RoleInfo.java:updateAndGet(130)) - e6ec3422-bd00-4bf8-8713-bff351886512: start e6ec3422-bd00-4bf8-8713-bff351886512@group-F5BD42791AE0-FollowerState
2021-10-29 00:42:42,564 [EventQueue-PipelineReportForPipelineReportHandler] INFO  pipeline.PipelineManagerImpl (PipelineManagerImpl.java:openPipeline(289)) - Pipeline Pipeline[ Id: 19f05eae-0a17-4d2c-b3a0-f5bd42791ae0, Nodes: 12cd3e49-de78-4d30-aa86-c1ffa97795c8{ip: 10.1.0.32, host: fv-az291-161.wgnan5asplgejimfprtllbpdch.jx.internal.cloudapp.net, ports: [REPLICATION=45311, RATIS=42653, RATIS_ADMIN=42653, RATIS_SERVER=42653, STANDALONE=34397], networkLocation: /default-rack, certSerialId: null, persistedOpState: IN_SERVICE, persistedOpStateExpiryEpochSec: 0}e6ec3422-bd00-4bf8-8713-bff351886512{ip: 10.1.0.32, host: fv-az291-161.wgnan5asplgejimfprtllbpdch.jx.internal.cloudapp.net, ports: [REPLICATION=38043, RATIS=40113, RATIS_ADMIN=40113, RATIS_SERVER=40113, STANDALONE=39721], networkLocation: /default-rack, certSerialId: null, persistedOpState: IN_SERVICE, persistedOpStateExpiryEpochSec: 0}f2b4d6f7-aefa-402b-a761-92c91b2f44f3{ip: 10.1.0.32, host: fv-az291-161.wgnan5asplgejimfprtllbpdch.jx.internal.cloudapp.net, ports: [REPLICATION=34403, RATIS=42307, RATIS_ADMIN=42307, RATIS_SERVER=42307, STANDALONE=32977], networkLocation: /default-rack, certSerialId: null, persistedOpState: IN_SERVICE, persistedOpStateExpiryEpochSec: 0}, ReplicationConfig: RATIS/THREE, State:ALLOCATED, leaderId:f2b4d6f7-aefa-402b-a761-92c91b2f44f3, CreationTimestamp2021-10-29T00:42:30.063Z[Etc/UTC]] moved to OPEN state
2021-10-29 00:42:42,573 [f2b4d6f7-aefa-402b-a761-92c91b2f44f3@group-F5BD42791AE0-LeaderElection10] INFO  server.RaftServerConfigKeys (ConfUtils.java:logGet(44)) - raft.server.log.appender.snapshot.chunk.size.max = 16MB (=16777216) (default)
2021-10-29 00:42:42,573 [e6ec3422-bd00-4bf8-8713-bff351886512@group-F5BD42791AE0-FollowerState] INFO  impl.FollowerState (FollowerState.java:run(143)) - e6ec3422-bd00-4bf8-8713-bff351886512@group-F5BD42791AE0-FollowerState was interrupted: {}
java.lang.InterruptedException: sleep interrupted
	at java.lang.Thread.sleep(Native Method)
	at java.lang.Thread.sleep(Thread.java:340)
	at java.util.concurrent.TimeUnit.sleep(TimeUnit.java:386)
	at org.apache.ratis.util.TimeDuration.sleep(TimeDuration.java:324)
	at org.apache.ratis.util.TimeDuration.sleep(TimeDuration.java:309)
	at org.apache.ratis.server.impl.FollowerState.run(FollowerState.java:118)
2021-10-29 00:42:42,573 [EventQueue-OpenPipelineForHealthyPipelineSafeModeRule] INFO  safemode.SCMSafeModeManager (HealthyPipelineSafeModeRule.java:process(124)) - SCM in safe mode. Healthy pipelines reported count is 1, required healthy pipeline reported count is 1
2021-10-29 00:42:42,576 [EventQueue-OpenPipelineForHealthyPipelineSafeModeRule] INFO  safemode.SCMSafeModeManager (SCMSafeModeManager.java:validateSafeModeExitRules(204)) - HealthyPipelineSafeModeRule rule is successfully validated
2021-10-29 00:42:42,576 [EventQueue-OpenPipelineForHealthyPipelineSafeModeRule] INFO  safemode.SCMSafeModeManager (SCMSafeModeManager.java:validateSafeModeExitRules(219)) - ScmSafeModeManager, all rules are successfully validated
2021-10-29 00:42:42,576 [EventQueue-OpenPipelineForHealthyPipelineSafeModeRule] INFO  safemode.SCMSafeModeManager (SCMSafeModeManager.java:exitSafeMode(248)) - SCM exiting safe mode.
2021-10-29 00:42:42,576 [EventQueue-OpenPipelineForHealthyPipelineSafeModeRule] WARN  events.EventQueue (EventQueue.java:fireEvent(194)) - No event handler registered for event TypedEvent{payloadType=SafeModeStatus, name='Safe mode status'}
2021-10-29 00:42:42,576 [EventQueue-OpenPipelineForHealthyPipelineSafeModeRule] INFO  ha.SCMContext (SCMContext.java:updateSafeModeStatus(205)) - Update SafeModeStatus from SafeModeStatus{safeModeStatus=true, preCheckPassed=true} to SafeModeStatus{safeModeStatus=false, preCheckPassed=true}.
2021-10-29 00:42:42,573 [f2b4d6f7-aefa-402b-a761-92c91b2f44f3@group-F5BD42791AE0-LeaderElection10] INFO  server.RaftServerConfigKeys (ConfUtils.java:logGet(44)) - raft.server.log.appender.buffer.byte-limit = 33554432 (custom)
2021-10-29 00:42:42,577 [EventQueue-OpenPipelineForHealthyPipelineSafeModeRule] INFO  pipeline.BackgroundPipelineCreator (BackgroundPipelineCreator.java:notifyStatusChanged(264)) - Service BackgroundPipelineCreator transitions to RUNNING.
2021-10-29 00:42:42,577 [EventQueue-OpenPipelineForHealthyPipelineSafeModeRule] INFO  container.ReplicationManager (ReplicationManager.java:notifyStatusChanged(1746)) - Service ReplicationManager transitions to RUNNING.
2021-10-29 00:42:42,577 [f2b4d6f7-aefa-402b-a761-92c91b2f44f3@group-F5BD42791AE0-LeaderElection10] INFO  server.RaftServerConfigKeys (ConfUtils.java:logGet(44)) - raft.server.log.appender.buffer.element-limit = 1 (custom)
2021-10-29 00:42:42,578 [grpc-default-executor-1] INFO  server.RaftServer$Division (RaftServerImpl.java:requestVote(1078)) - e6ec3422-bd00-4bf8-8713-bff351886512@group-F5BD42791AE0 replies to ELECTION vote request: f2b4d6f7-aefa-402b-a761-92c91b2f44f3<-e6ec3422-bd00-4bf8-8713-bff351886512#0:OK-t2. Peer's state: e6ec3422-bd00-4bf8-8713-bff351886512@group-F5BD42791AE0:t2, leader=null, voted=f2b4d6f7-aefa-402b-a761-92c91b2f44f3, raftlog=e6ec3422-bd00-4bf8-8713-bff351886512@group-F5BD42791AE0-SegmentedRaftLog:OPENED:c-1, conf=-1: [e6ec3422-bd00-4bf8-8713-bff351886512|rpc:10.1.0.32:40113|priority:0, f2b4d6f7-aefa-402b-a761-92c91b2f44f3|rpc:10.1.0.32:42307|priority:1, 12cd3e49-de78-4d30-aa86-c1ffa97795c8|rpc:10.1.0.32:42653|priority:0], old=null
2021-10-29 00:42:42,584 [f2b4d6f7-aefa-402b-a761-92c91b2f44f3@group-F5BD42791AE0-LeaderElection10] INFO  grpc.GrpcConfigKeys (ConfUtils.java:logGet(44)) - raft.grpc.server.leader.outstanding.appends.max = 128 (default)
2021-10-29 00:42:42,584 [f2b4d6f7-aefa-402b-a761-92c91b2f44f3@group-F5BD42791AE0-LeaderElection10] INFO  server.RaftServerConfigKeys (ConfUtils.java:logGet(44)) - raft.server.rpc.request.timeout = 60s (custom)
2021-10-29 00:42:42,584 [f2b4d6f7-aefa-402b-a761-92c91b2f44f3@group-F5BD42791AE0-LeaderElection10] INFO  server.RaftServerConfigKeys (ConfUtils.java:logGet(44)) - raft.server.log.appender.install.snapshot.enabled = false (custom)
2021-10-29 00:42:42,589 [f2b4d6f7-aefa-402b-a761-92c91b2f44f3@group-F5BD42791AE0-LeaderElection10] INFO  server.RaftServerConfigKeys (ConfUtils.java:logGet(44)) - raft.server.log.appender.snapshot.chunk.size.max = 16MB (=16777216) (default)
2021-10-29 00:42:42,589 [f2b4d6f7-aefa-402b-a761-92c91b2f44f3@group-F5BD42791AE0-LeaderElection10] INFO  server.RaftServerConfigKeys (ConfUtils.java:logGet(44)) - raft.server.log.appender.buffer.byte-limit = 33554432 (custom)
2021-10-29 00:42:42,589 [f2b4d6f7-aefa-402b-a761-92c91b2f44f3@group-F5BD42791AE0-LeaderElection10] INFO  server.RaftServerConfigKeys (ConfUtils.java:logGet(44)) - raft.server.log.appender.buffer.element-limit = 1 (custom)
2021-10-29 00:42:42,589 [f2b4d6f7-aefa-402b-a761-92c91b2f44f3@group-F5BD42791AE0-LeaderElection10] INFO  grpc.GrpcConfigKeys (ConfUtils.java:logGet(44)) - raft.grpc.server.leader.outstanding.appends.max = 128 (default)
2021-10-29 00:42:42,589 [f2b4d6f7-aefa-402b-a761-92c91b2f44f3@group-F5BD42791AE0-LeaderElection10] INFO  server.RaftServerConfigKeys (ConfUtils.java:logGet(44)) - raft.server.rpc.request.timeout = 60s (custom)
2021-10-29 00:42:42,589 [f2b4d6f7-aefa-402b-a761-92c91b2f44f3@group-F5BD42791AE0-LeaderElection10] INFO  server.RaftServerConfigKeys (ConfUtils.java:logGet(44)) - raft.server.log.appender.install.snapshot.enabled = false (custom)
2021-10-29 00:42:42,591 [f2b4d6f7-aefa-402b-a761-92c91b2f44f3@group-F5BD42791AE0-LeaderElection10] INFO  impl.RoleInfo (RoleInfo.java:updateAndGet(130)) - f2b4d6f7-aefa-402b-a761-92c91b2f44f3: start f2b4d6f7-aefa-402b-a761-92c91b2f44f3@group-F5BD42791AE0-LeaderStateImpl
2021-10-29 00:42:42,591 [f2b4d6f7-aefa-402b-a761-92c91b2f44f3@group-F5BD42791AE0-LeaderElection10] INFO  segmented.SegmentedRaftLogWorker (SegmentedRaftLogWorker.java:startLogSegment(394)) - f2b4d6f7-aefa-402b-a761-92c91b2f44f3@group-F5BD42791AE0-SegmentedRaftLogWorker: Starting segment from index:0
2021-10-29 00:42:42,593 [f2b4d6f7-aefa-402b-a761-92c91b2f44f3@group-F5BD42791AE0-SegmentedRaftLogWorker] INFO  segmented.SegmentedRaftLogWorker (SegmentedRaftLogWorker.java:execute(601)) - f2b4d6f7-aefa-402b-a761-92c91b2f44f3@group-F5BD42791AE0-SegmentedRaftLogWorker: created new log segment /home/runner/work/ozone/ozone/hadoop-ozone/integration-test/target/test-dir/MiniOzoneClusterImpl-20f6a6ed-b629-410f-9e90-983c782471bd/datanode-2/data/ratis/19f05eae-0a17-4d2c-b3a0-f5bd42791ae0/current/log_inprogress_0
2021-10-29 00:42:42,597 [f2b4d6f7-aefa-402b-a761-92c91b2f44f3@group-F5BD42791AE0-LeaderElection10] INFO  server.RaftServer$Division (ServerState.java:setRaftConf(387)) - f2b4d6f7-aefa-402b-a761-92c91b2f44f3@group-F5BD42791AE0: set configuration 0: [e6ec3422-bd00-4bf8-8713-bff351886512|rpc:10.1.0.32:40113|dataStream:|priority:0, f2b4d6f7-aefa-402b-a761-92c91b2f44f3|rpc:10.1.0.32:42307|dataStream:|priority:1, 12cd3e49-de78-4d30-aa86-c1ffa97795c8|rpc:10.1.0.32:42653|dataStream:|priority:0], old=null
2021-10-29 00:42:42,618 [grpc-default-executor-0] INFO  ratis.XceiverServerRatis (XceiverServerRatis.java:handleLeaderChangedNotification(866)) - Leader change notification received for group: group-F5BD42791AE0 with new leaderId: f2b4d6f7-aefa-402b-a761-92c91b2f44f3
2021-10-29 00:42:42,618 [grpc-default-executor-0] INFO  server.RaftServer$Division (ServerState.java:setLeader(285)) - e6ec3422-bd00-4bf8-8713-bff351886512@group-F5BD42791AE0: change Leader from null to f2b4d6f7-aefa-402b-a761-92c91b2f44f3 at term 2 for appendEntries, leader elected after 9719ms
2021-10-29 00:42:42,642 [grpc-default-executor-2] INFO  ratis.XceiverServerRatis (XceiverServerRatis.java:handleLeaderChangedNotification(866)) - Leader change notification received for group: group-F5BD42791AE0 with new leaderId: f2b4d6f7-aefa-402b-a761-92c91b2f44f3
2021-10-29 00:42:42,642 [grpc-default-executor-2] INFO  server.RaftServer$Division (ServerState.java:setLeader(285)) - 12cd3e49-de78-4d30-aa86-c1ffa97795c8@group-F5BD42791AE0: change Leader from null to f2b4d6f7-aefa-402b-a761-92c91b2f44f3 at term 2 for appendEntries, leader elected after 10320ms
2021-10-29 00:42:42,650 [grpc-default-executor-0] INFO  server.RaftServer$Division (ServerState.java:setRaftConf(387)) - e6ec3422-bd00-4bf8-8713-bff351886512@group-F5BD42791AE0: set configuration 0: [e6ec3422-bd00-4bf8-8713-bff351886512|rpc:10.1.0.32:40113|dataStream:|priority:0, f2b4d6f7-aefa-402b-a761-92c91b2f44f3|rpc:10.1.0.32:42307|dataStream:|priority:1, 12cd3e49-de78-4d30-aa86-c1ffa97795c8|rpc:10.1.0.32:42653|dataStream:|priority:0], old=null
2021-10-29 00:42:42,650 [grpc-default-executor-0] INFO  segmented.SegmentedRaftLogWorker (SegmentedRaftLogWorker.java:startLogSegment(394)) - e6ec3422-bd00-4bf8-8713-bff351886512@group-F5BD42791AE0-SegmentedRaftLogWorker: Starting segment from index:0
2021-10-29 00:42:42,651 [grpc-default-executor-2] INFO  server.RaftServer$Division (ServerState.java:setRaftConf(387)) - 12cd3e49-de78-4d30-aa86-c1ffa97795c8@group-F5BD42791AE0: set configuration 0: [e6ec3422-bd00-4bf8-8713-bff351886512|rpc:10.1.0.32:40113|dataStream:|priority:0, f2b4d6f7-aefa-402b-a761-92c91b2f44f3|rpc:10.1.0.32:42307|dataStream:|priority:1, 12cd3e49-de78-4d30-aa86-c1ffa97795c8|rpc:10.1.0.32:42653|dataStream:|priority:0], old=null
2021-10-29 00:42:42,651 [grpc-default-executor-2] INFO  segmented.SegmentedRaftLogWorker (SegmentedRaftLogWorker.java:startLogSegment(394)) - 12cd3e49-de78-4d30-aa86-c1ffa97795c8@group-F5BD42791AE0-SegmentedRaftLogWorker: Starting segment from index:0
2021-10-29 00:42:42,654 [12cd3e49-de78-4d30-aa86-c1ffa97795c8@group-F5BD42791AE0-SegmentedRaftLogWorker] INFO  segmented.SegmentedRaftLogWorker (SegmentedRaftLogWorker.java:execute(601)) - 12cd3e49-de78-4d30-aa86-c1ffa97795c8@group-F5BD42791AE0-SegmentedRaftLogWorker: created new log segment /home/runner/work/ozone/ozone/hadoop-ozone/integration-test/target/test-dir/MiniOzoneClusterImpl-20f6a6ed-b629-410f-9e90-983c782471bd/datanode-0/data/ratis/19f05eae-0a17-4d2c-b3a0-f5bd42791ae0/current/log_inprogress_0
2021-10-29 00:42:42,655 [e6ec3422-bd00-4bf8-8713-bff351886512@group-F5BD42791AE0-SegmentedRaftLogWorker] INFO  segmented.SegmentedRaftLogWorker (SegmentedRaftLogWorker.java:execute(601)) - e6ec3422-bd00-4bf8-8713-bff351886512@group-F5BD42791AE0-SegmentedRaftLogWorker: created new log segment /home/runner/work/ozone/ozone/hadoop-ozone/integration-test/target/test-dir/MiniOzoneClusterImpl-20f6a6ed-b629-410f-9e90-983c782471bd/datanode-1/data/ratis/19f05eae-0a17-4d2c-b3a0-f5bd42791ae0/current/log_inprogress_0
2021-10-29 00:42:42,708 [Listener at 127.0.0.1/33257] INFO  ozone.MiniOzoneClusterImpl (MiniOzoneClusterImpl.java:lambda$waitForClusterToBeReady$0(235)) - Nodes are ready. Got 6 of 6 DN Heartbeats.
2021-10-29 00:42:42,708 [Listener at 127.0.0.1/33257] INFO  ozone.MiniOzoneClusterImpl (MiniOzoneClusterImpl.java:lambda$waitForClusterToBeReady$0(238)) - Cluster exits safe mode
2021-10-29 00:42:42,709 [Listener at 127.0.0.1/33257] INFO  ozone.MiniOzoneClusterImpl (MiniOzoneClusterImpl.java:lambda$waitForClusterToBeReady$0(240)) - SCM became leader
2021-10-29 00:42:42,738 [Listener at 127.0.0.1/33257] WARN  server.ServerUtils (ServerUtils.java:getScmDbDir(148)) - ozone.scm.db.dirs is not configured. We recommend adding this setting. Falling back to ozone.metadata.dirs instead.
2021-10-29 00:42:42,753 [Listener at 127.0.0.1/33257] INFO  ha.SCMHANodeDetails (SCMHANodeDetails.java:loadSCMHAConfig(157)) - ServiceID for StorageContainerManager is null
2021-10-29 00:42:42,753 [Listener at 127.0.0.1/33257] INFO  ha.SCMHANodeDetails (SCMHANodeDetails.java:loadSCMHAConfig(162)) - ozone.scm.default.service.id is not defined, falling back to ozone.scm.service.ids to find serviceID for StorageContainerManager if it is HA enabled cluster
2021-10-29 00:42:42,754 [Listener at 127.0.0.1/33257] WARN  server.ServerUtils (ServerUtils.java:getScmDbDir(148)) - ozone.scm.db.dirs is not configured. We recommend adding this setting. Falling back to ozone.metadata.dirs instead.
2021-10-29 00:42:42,754 [Listener at 127.0.0.1/33257] INFO  upgrade.AbstractLayoutVersionManager (AbstractLayoutVersionManager.java:init(79)) - Initializing Layout version manager with metadata layout = SCM_HA (version = 2), software layout = SCM_HA (version = 2)
2021-10-29 00:42:42,835 [Listener at 127.0.0.1/33257] INFO  reflections.Reflections (Reflections.java:scan(232)) - Reflections took 75 ms to scan 7 urls, producing 119 keys and 279 values 
2021-10-29 00:42:42,836 [Listener at 127.0.0.1/33257] WARN  utils.HAUtils (HAUtils.java:getMetaDir(342)) - ozone.scm.db.dirs is not configured. We recommend adding this setting. Falling back to ozone.metadata.dirs instead.
2021-10-29 00:42:42,837 [Listener at 127.0.0.1/33257] WARN  db.DBStoreBuilder (DBStoreBuilder.java:applyDBDefinition(145)) - ozone.scm.db.dirs is not configured. We recommend adding this setting. Falling back to ozone.metadata.dirs instead.
2021-10-29 00:42:42,986 [Listener at 127.0.0.1/33257] INFO  net.NodeSchemaLoader (NodeSchemaLoader.java:loadSchemaFromFile(129)) - Loading schema from [jar:file:/home/runner/.m2/repository/org/apache/ozone/hdds-common/1.2.0-SNAPSHOT/hdds-common-1.2.0-SNAPSHOT.jar!/network-topology-default.xml]
2021-10-29 00:42:42,986 [Listener at 127.0.0.1/33257] INFO  net.NodeSchemaLoader (NodeSchemaLoader.java:loadSchema(176)) - Loading network topology layer schema file
2021-10-29 00:42:42,990 [Listener at 127.0.0.1/33257] WARN  impl.MetricRegistriesImpl (MetricRegistriesImpl.java:addReporterRegistration(111)) - New reporters are added after registries were created. Some metrics will be missing from the reporter. Please add reporter before adding any new registry.
2021-10-29 00:42:42,990 [Listener at 127.0.0.1/33257] WARN  impl.MetricRegistriesImpl (MetricRegistriesImpl.java:addReporterRegistration(111)) - New reporters are added after registries were created. Some metrics will be missing from the reporter. Please add reporter before adding any new registry.
2021-10-29 00:42:42,990 [Listener at 127.0.0.1/33257] INFO  ha.SequenceIdGenerator (SequenceIdGenerator.java:upgradeToSequenceId(347)) - upgrade localId to 107544261427200000
2021-10-29 00:42:42,990 [Listener at 127.0.0.1/33257] INFO  ha.SequenceIdGenerator (SequenceIdGenerator.java:upgradeToSequenceId(357)) - upgrade delTxnId to 0
2021-10-29 00:42:42,990 [Listener at 127.0.0.1/33257] INFO  ha.SequenceIdGenerator (SequenceIdGenerator.java:upgradeToSequenceId(371)) - upgrade containerId to 0
2021-10-29 00:42:42,990 [Listener at 127.0.0.1/33257] INFO  ha.SequenceIdGenerator (SequenceIdGenerator.java:<init>(218)) - Init the HA SequenceIdGenerator.
2021-10-29 00:42:42,991 [Listener at 127.0.0.1/33257] INFO  node.SCMNodeManager (SCMNodeManager.java:<init>(144)) - Entering startup safe mode.
2021-10-29 00:42:42,992 [Listener at 127.0.0.1/33257] INFO  algorithms.ContainerPlacementPolicyFactory (ContainerPlacementPolicyFactory.java:getPolicy(60)) - Create container placement policy of type org.apache.hadoop.hdds.scm.container.placement.algorithms.SCMContainerPlacementRandom
2021-10-29 00:42:42,992 [Listener at 127.0.0.1/33257] INFO  pipeline.PipelineStateManagerImpl (PipelineStateManagerImpl.java:initialize(78)) - No pipeline exists in current db
2021-10-29 00:42:42,992 [Listener at 127.0.0.1/33257] INFO  algorithms.LeaderChoosePolicyFactory (LeaderChoosePolicyFactory.java:getPolicy(57)) - Create leader choose policy of type org.apache.hadoop.hdds.scm.pipeline.leader.choose.algorithms.MinLeaderCountChoosePolicy
2021-10-29 00:42:42,993 [Listener at 127.0.0.1/33257] INFO  ha.SCMServiceManager (SCMServiceManager.java:register(43)) - Registering service BackgroundPipelineCreator.
2021-10-29 00:42:42,993 [Listener at 127.0.0.1/33257] INFO  pipeline.BackgroundPipelineCreator (BackgroundPipelineCreator.java:start(130)) - Starting RatisPipelineUtilsThread.
2021-10-29 00:42:42,995 [Listener at 127.0.0.1/33257] INFO  algorithms.PipelineChoosePolicyFactory (PipelineChoosePolicyFactory.java:createPipelineChoosePolicyFromClass(73)) - Create pipeline choose policy of type org.apache.hadoop.hdds.scm.pipeline.choose.algorithms.RandomPipelineChoosePolicy
2021-10-29 00:42:42,995 [Listener at 127.0.0.1/33257] INFO  ha.SCMServiceManager (SCMServiceManager.java:register(43)) - Registering service SCMBlockDeletingService.
2021-10-29 00:42:42,996 [Listener at 127.0.0.1/33257] INFO  ha.SCMServiceManager (SCMServiceManager.java:register(43)) - Registering service ReplicationManager.
2021-10-29 00:42:42,996 [Listener at 127.0.0.1/33257] INFO  container.ReplicationManager (ReplicationManager.java:start(319)) - Starting Replication Monitor Thread.
2021-10-29 00:42:42,997 [Listener at 127.0.0.1/33257] INFO  safemode.ContainerSafeModeRule (ContainerSafeModeRule.java:<init>(89)) - containers with one replica threshold count 0
2021-10-29 00:42:42,997 [Listener at 127.0.0.1/33257] INFO  safemode.HealthyPipelineSafeModeRule (HealthyPipelineSafeModeRule.java:initializeRule(156)) - Total pipeline count is 0, healthy pipeline threshold count is 1
2021-10-29 00:42:42,998 [Listener at 127.0.0.1/33257] INFO  safemode.OneReplicaPipelineSafeModeRule (OneReplicaPipelineSafeModeRule.java:initializeRule(180)) - Total pipeline count is 0, pipeline's with at least one datanode reported threshold count is 0
2021-10-29 00:42:43,000 [Listener at 127.0.0.1/33257] INFO  ipc.CallQueueManager (CallQueueManager.java:<init>(90)) - Using callQueue: class java.util.concurrent.LinkedBlockingQueue, queueCapacity: 2000, scheduler: class org.apache.hadoop.ipc.DefaultRpcScheduler, ipcBackoff: false.
2021-10-29 00:42:43,001 [Socket Reader #1 for port 0] INFO  ipc.Server (Server.java:run(1265)) - Starting Socket Reader #1 for port 0
2021-10-29 00:42:43,003 [Listener at 0.0.0.0/40145] INFO  ipc.CallQueueManager (CallQueueManager.java:<init>(90)) - Using callQueue: class java.util.concurrent.LinkedBlockingQueue, queueCapacity: 2000, scheduler: class org.apache.hadoop.ipc.DefaultRpcScheduler, ipcBackoff: false.
2021-10-29 00:42:43,004 [Socket Reader #1 for port 0] INFO  ipc.Server (Server.java:run(1265)) - Starting Socket Reader #1 for port 0
2021-10-29 00:42:43,013 [Listener at 0.0.0.0/46871] INFO  ipc.CallQueueManager (CallQueueManager.java:<init>(90)) - Using callQueue: class java.util.concurrent.LinkedBlockingQueue, queueCapacity: 2000, scheduler: class org.apache.hadoop.ipc.DefaultRpcScheduler, ipcBackoff: false.
2021-10-29 00:42:43,020 [Socket Reader #1 for port 0] INFO  ipc.Server (Server.java:run(1265)) - Starting Socket Reader #1 for port 0
2021-10-29 00:42:43,033 [ReplicationMonitor] INFO  container.ReplicationManager (ReplicationManager.java:processAll(371)) - Replication Monitor Thread took 0 milliseconds for processing 0 containers.
2021-10-29 00:42:43,079 [Listener at 0.0.0.0/42849] INFO  algorithms.ContainerPlacementPolicyFactory (ContainerPlacementPolicyFactory.java:getPolicy(60)) - Create container placement policy of type org.apache.hadoop.hdds.scm.container.placement.algorithms.SCMContainerPlacementRandom
2021-10-29 00:42:43,080 [Listener at 0.0.0.0/42849] INFO  server.StorageContainerManager (StorageContainerManager.java:<init>(388)) - 
Container Balancer status:
Key                            Value
Running                        false
Container Balancer Configuration values:
Key                                                Value
Threshold                                          0.1
Max Datanodes to Involve per Iteration(ratio)      0.2
Max Size to Move per Iteration                     32212254720B

2021-10-29 00:42:43,080 [Listener at 0.0.0.0/42849] WARN  events.EventQueue (EventQueue.java:fireEvent(194)) - No event handler registered for event TypedEvent{payloadType=SafeModeStatus, name='Safe mode status'}
2021-10-29 00:42:43,080 [Listener at 0.0.0.0/42849] INFO  ha.SCMContext (SCMContext.java:updateSafeModeStatus(205)) - Update SafeModeStatus from SafeModeStatus{safeModeStatus=true, preCheckPassed=false} to SafeModeStatus{safeModeStatus=true, preCheckPassed=false}.
2021-10-29 00:42:43,080 [Listener at 0.0.0.0/42849] INFO  server.StorageContainerManager (StorageContainerManager.java:start(1303)) - StorageContainerLocationProtocol RPC server is listening at /0.0.0.0:42849
2021-10-29 00:42:43,080 [Listener at 0.0.0.0/42849] INFO  impl.MetricsSystemImpl (MetricsSystemImpl.java:init(158)) - StorageContainerManager metrics system started (again)
2021-10-29 00:42:43,156 [Listener at 0.0.0.0/42849] INFO  server.SCMClientProtocolServer (SCMClientProtocolServer.java:start(164)) - RPC server for Client  is listening at /0.0.0.0:42849
2021-10-29 00:42:43,162 [IPC Server Responder] INFO  ipc.Server (Server.java:run(1507)) - IPC Server Responder: starting
2021-10-29 00:42:43,166 [IPC Server listener on 0] INFO  ipc.Server (Server.java:run(1344)) - IPC Server listener on 0: starting
2021-10-29 00:42:43,173 [Listener at 0.0.0.0/42849] INFO  server.StorageContainerManager (StorageContainerManager.java:start(1318)) - ScmBlockLocationProtocol RPC server is listening at /0.0.0.0:46871
2021-10-29 00:42:43,173 [Listener at 0.0.0.0/42849] INFO  server.SCMBlockProtocolServer (SCMBlockProtocolServer.java:start(151)) - RPC server for Block Protocol is listening at /0.0.0.0:46871
2021-10-29 00:42:43,174 [IPC Server Responder] INFO  ipc.Server (Server.java:run(1507)) - IPC Server Responder: starting
2021-10-29 00:42:43,174 [IPC Server listener on 0] INFO  ipc.Server (Server.java:run(1344)) - IPC Server listener on 0: starting
2021-10-29 00:42:43,179 [Listener at 0.0.0.0/42849] INFO  server.StorageContainerManager (StorageContainerManager.java:start(1324)) - ScmDatanodeProtocl RPC server is listening at /0.0.0.0:40145
2021-10-29 00:42:43,179 [Listener at 0.0.0.0/42849] INFO  server.SCMDatanodeProtocolServer (SCMDatanodeProtocolServer.java:start(181)) - RPC server for DataNodes is listening at /0.0.0.0:40145
2021-10-29 00:42:43,185 [IPC Server Responder] INFO  ipc.Server (Server.java:run(1507)) - IPC Server Responder: starting
2021-10-29 00:42:43,185 [IPC Server listener on 0] INFO  ipc.Server (Server.java:run(1344)) - IPC Server listener on 0: starting
2021-10-29 00:42:43,190 [Listener at 0.0.0.0/42849] INFO  http.BaseHttpServer (BaseHttpServer.java:newHttpServer2BuilderForOzone(209)) - Starting Web-server for scm at: http://0.0.0.0:0
2021-10-29 00:42:43,190 [Listener at 0.0.0.0/42849] INFO  http.BaseHttpServer (BaseHttpServer.java:<init>(107)) - Hadoop Security Enabled: false Ozone Security Enabled: false Ozone HTTP Security Enabled: false 
2021-10-29 00:42:43,192 [ReplicationMonitor] INFO  container.ReplicationManager (ReplicationManager.java:processAll(371)) - Replication Monitor Thread took 0 milliseconds for processing 0 containers.
2021-10-29 00:42:43,192 [Listener at 0.0.0.0/42849] INFO  server.AuthenticationFilter (AuthenticationFilter.java:constructSecretProvider(240)) - Unable to initialize FileSignerSecretProvider, falling back to use random secrets.
2021-10-29 00:42:43,194 [org.apache.hadoop.util.JvmPauseMonitor$Monitor@4edf895] INFO  util.JvmPauseMonitor (JvmPauseMonitor.java:run(188)) - Starting JVM pause monitor
2021-10-29 00:42:43,206 [Listener at 0.0.0.0/42849] WARN  http.HttpRequestLog (HttpRequestLog.java:getRequestLog(103)) - Jetty request log can only be enabled using Log4j
2021-10-29 00:42:43,206 [Listener at 0.0.0.0/42849] INFO  http.HttpServer2 (HttpServer2.java:addGlobalFilter(1030)) - Added global filter 'safety' (class=org.apache.hadoop.hdds.server.http.HttpServer2$QuotingInputFilter)
2021-10-29 00:42:43,207 [Listener at 0.0.0.0/42849] INFO  http.HttpServer2 (HttpServer2.java:addFilter(1006)) - Added filter static_user_filter (class=org.apache.hadoop.http.lib.StaticUserWebFilter$StaticUserFilter) to context scm
2021-10-29 00:42:43,207 [Listener at 0.0.0.0/42849] INFO  http.HttpServer2 (HttpServer2.java:addFilter(1014)) - Added filter static_user_filter (class=org.apache.hadoop.http.lib.StaticUserWebFilter$StaticUserFilter) to context logs
2021-10-29 00:42:43,207 [Listener at 0.0.0.0/42849] INFO  http.HttpServer2 (HttpServer2.java:addFilter(1014)) - Added filter static_user_filter (class=org.apache.hadoop.http.lib.StaticUserWebFilter$StaticUserFilter) to context static
2021-10-29 00:42:43,210 [Listener at 0.0.0.0/42849] INFO  http.HttpServer2 (HttpServer2.java:bindListener(1249)) - Jetty bound to port 35177
2021-10-29 00:42:43,211 [Listener at 0.0.0.0/42849] INFO  server.Server (Server.java:doStart(375)) - jetty-9.4.43.v20210629; built: 2021-06-30T11:07:22.254Z; git: 526006ecfa3af7f1a27ef3a288e2bef7ea9dd7e8; jvm 1.8.0_292-b10
2021-10-29 00:42:43,212 [Listener at 0.0.0.0/42849] INFO  server.session (DefaultSessionIdManager.java:doStart(334)) - DefaultSessionIdManager workerName=node0
2021-10-29 00:42:43,212 [Listener at 0.0.0.0/42849] INFO  server.session (DefaultSessionIdManager.java:doStart(339)) - No SessionScavenger set, using defaults
2021-10-29 00:42:43,213 [Listener at 0.0.0.0/42849] INFO  server.session (HouseKeeper.java:startScavenging(132)) - node0 Scavenging every 660000ms
2021-10-29 00:42:43,214 [Listener at 0.0.0.0/42849] INFO  handler.ContextHandler (ContextHandler.java:doStart(915)) - Started o.e.j.s.ServletContextHandler@2bc3aeab{logs,/logs,file:///home/runner/work/ozone/ozone/hadoop-ozone/integration-test/target/log,AVAILABLE}
2021-10-29 00:42:43,214 [Listener at 0.0.0.0/42849] INFO  handler.ContextHandler (ContextHandler.java:doStart(915)) - Started o.e.j.s.ServletContextHandler@3af83450{static,/static,file:///home/runner/work/ozone/ozone/hadoop-ozone/integration-test/target/test-classes/webapps/static,AVAILABLE}
2021-10-29 00:42:43,237 [Listener at 0.0.0.0/42849] INFO  handler.ContextHandler (ContextHandler.java:doStart(915)) - Started o.e.j.w.WebAppContext@3411194c{scm,/,file:///home/runner/work/ozone/ozone/hadoop-ozone/integration-test/target/test-classes/webapps/scm/,AVAILABLE}{file:/home/runner/work/ozone/ozone/hadoop-ozone/integration-test/target/test-classes/webapps/scm}
2021-10-29 00:42:43,240 [Listener at 0.0.0.0/42849] INFO  server.AbstractConnector (AbstractConnector.java:doStart(331)) - Started ServerConnector@21d16823{HTTP/1.1, (http/1.1)}{0.0.0.0:35177}
2021-10-29 00:42:43,240 [Listener at 0.0.0.0/42849] INFO  server.Server (Server.java:doStart(415)) - Started @25157ms
2021-10-29 00:42:43,240 [Listener at 0.0.0.0/42849] WARN  impl.MetricsSystemImpl (MetricsSystemImpl.java:register(279)) - Sink prometheus already exists!
2021-10-29 00:42:43,241 [Listener at 0.0.0.0/42849] INFO  http.BaseHttpServer (BaseHttpServer.java:updateConnectorAddress(329)) - HTTP server of scm listening at http://0.0.0.0:35177
2021-10-29 00:42:43,241 [Listener at 0.0.0.0/42849] WARN  server.ServerUtils (ServerUtils.java:getDBPath(225)) - ozone.om.db.dirs is not configured. We recommend adding this setting. Falling back to ozone.metadata.dirs instead.
2021-10-29 00:42:43,245 [Listener at 0.0.0.0/42849] INFO  ha.OMHANodeDetails (OMHANodeDetails.java:loadOMHAConfig(112)) - ozone.om.internal.service.id is not defined, falling back to ozone.om.service.ids to find serviceID for OzoneManager if it is HA enabled cluster
2021-10-29 00:42:43,245 [Listener at 0.0.0.0/42849] INFO  ha.OMHANodeDetails (OMHANodeDetails.java:loadOMHAConfig(219)) - Configuration does not have ozone.om.address set. Falling back to the default OM address /127.0.0.1:0
2021-10-29 00:42:43,245 [Listener at 0.0.0.0/42849] INFO  ha.OMHANodeDetails (OMHANodeDetails.java:getOMNodeDetails(247)) - OM Service ID is not set. Setting it to the default ID: omServiceIdDefault
2021-10-29 00:42:43,245 [Listener at 0.0.0.0/42849] INFO  ha.OMHANodeDetails (OMHANodeDetails.java:getOMNodeDetails(254)) - OM Node ID is not set. Setting it to the default ID: om1
2021-10-29 00:42:43,245 [Listener at 0.0.0.0/42849] WARN  server.ServerUtils (ServerUtils.java:getDBPath(225)) - ozone.om.db.dirs is not configured. We recommend adding this setting. Falling back to ozone.metadata.dirs instead.
2021-10-29 00:42:43,246 [Listener at 0.0.0.0/42849] INFO  upgrade.AbstractLayoutVersionManager (AbstractLayoutVersionManager.java:init(79)) - Initializing Layout version manager with metadata layout = INITIAL_VERSION (version = 0), software layout = INITIAL_VERSION (version = 0)
2021-10-29 00:42:43,372 [Listener at 0.0.0.0/42849] INFO  reflections.Reflections (Reflections.java:scan(232)) - Reflections took 120 ms to scan 2 urls, producing 131 keys and 344 values [using 2 cores]
2021-10-29 00:42:43,372 [Listener at 0.0.0.0/42849] INFO  upgrade.OMLayoutVersionManager (OMLayoutVersionManager.java:lambda$0(115)) - Skipping Upgrade Action MockOmUpgradeAction since it has been finalized.
2021-10-29 00:42:43,372 [Listener at 0.0.0.0/42849] WARN  server.ServerUtils (ServerUtils.java:getDBPath(225)) - ozone.om.db.dirs is not configured. We recommend adding this setting. Falling back to ozone.metadata.dirs instead.
2021-10-29 00:42:43,418 [Listener at 0.0.0.0/42849] WARN  server.ServerUtils (ServerUtils.java:getDBPath(225)) - ozone.om.db.dirs is not configured. We recommend adding this setting. Falling back to ozone.metadata.dirs instead.
2021-10-29 00:42:43,419 [Listener at 0.0.0.0/42849] INFO  codec.OmKeyInfoCodec (OmKeyInfoCodec.java:<init>(51)) - OmKeyInfoCodec ignorePipeline = true
2021-10-29 00:42:43,419 [Listener at 0.0.0.0/42849] INFO  codec.RepeatedOmKeyInfoCodec (RepeatedOmKeyInfoCodec.java:<init>(42)) - RepeatedOmKeyInfoCodec ignorePipeline = true
2021-10-29 00:42:43,445 [ece50d73-52f9-426c-b062-e21d0a386dcf@group-2A945599F841-FollowerState] INFO  impl.FollowerState (FollowerState.java:run(134)) - ece50d73-52f9-426c-b062-e21d0a386dcf@group-2A945599F841-FollowerState: change to CANDIDATE, lastRpcElapsedTime:5062509053ns, electionTimeout:5051ms
2021-10-29 00:42:43,445 [ece50d73-52f9-426c-b062-e21d0a386dcf@group-2A945599F841-FollowerState] INFO  impl.RoleInfo (RoleInfo.java:shutdownFollowerState(108)) - ece50d73-52f9-426c-b062-e21d0a386dcf: shutdown ece50d73-52f9-426c-b062-e21d0a386dcf@group-2A945599F841-FollowerState
2021-10-29 00:42:43,445 [ece50d73-52f9-426c-b062-e21d0a386dcf@group-2A945599F841-FollowerState] INFO  server.RaftServer$Division (RaftServerImpl.java:setRole(290)) - ece50d73-52f9-426c-b062-e21d0a386dcf@group-2A945599F841: changes role from  FOLLOWER to CANDIDATE at term 1 for changeToCandidate
2021-10-29 00:42:43,446 [ece50d73-52f9-426c-b062-e21d0a386dcf@group-2A945599F841-FollowerState] INFO  server.RaftServerConfigKeys (ConfUtils.java:logGet(44)) - raft.server.leaderelection.pre-vote = false (custom)
2021-10-29 00:42:43,446 [ece50d73-52f9-426c-b062-e21d0a386dcf@group-2A945599F841-FollowerState] INFO  impl.RoleInfo (RoleInfo.java:updateAndGet(130)) - ece50d73-52f9-426c-b062-e21d0a386dcf: start ece50d73-52f9-426c-b062-e21d0a386dcf@group-2A945599F841-LeaderElection11
2021-10-29 00:42:43,462 [ece50d73-52f9-426c-b062-e21d0a386dcf@group-2A945599F841-LeaderElection11] INFO  impl.LeaderElection (LeaderElection.java:askForVotes(306)) - ece50d73-52f9-426c-b062-e21d0a386dcf@group-2A945599F841-LeaderElection11 ELECTION round 0: submit vote requests at term 2 for -1: [240b3f92-711e-4b06-964b-7be2bf787040|rpc:10.1.0.32:39315|dataStream:|priority:1, ede339c2-3cec-47d6-98dc-ec75754dc7c3|rpc:10.1.0.32:43517|dataStream:|priority:0, ece50d73-52f9-426c-b062-e21d0a386dcf|rpc:10.1.0.32:33323|dataStream:|priority:0], old=null
2021-10-29 00:42:43,462 [ede339c2-3cec-47d6-98dc-ec75754dc7c3@group-2A945599F841-FollowerState] INFO  impl.FollowerState (FollowerState.java:run(134)) - ede339c2-3cec-47d6-98dc-ec75754dc7c3@group-2A945599F841-FollowerState: change to CANDIDATE, lastRpcElapsedTime:5064455881ns, electionTimeout:5061ms
2021-10-29 00:42:43,462 [ede339c2-3cec-47d6-98dc-ec75754dc7c3@group-2A945599F841-FollowerState] INFO  impl.RoleInfo (RoleInfo.java:shutdownFollowerState(108)) - ede339c2-3cec-47d6-98dc-ec75754dc7c3: shutdown ede339c2-3cec-47d6-98dc-ec75754dc7c3@group-2A945599F841-FollowerState
2021-10-29 00:42:43,463 [ede339c2-3cec-47d6-98dc-ec75754dc7c3@group-2A945599F841-FollowerState] INFO  server.RaftServer$Division (RaftServerImpl.java:setRole(290)) - ede339c2-3cec-47d6-98dc-ec75754dc7c3@group-2A945599F841: changes role from  FOLLOWER to CANDIDATE at term 1 for changeToCandidate
2021-10-29 00:42:43,463 [ede339c2-3cec-47d6-98dc-ec75754dc7c3@group-2A945599F841-FollowerState] INFO  server.RaftServerConfigKeys (ConfUtils.java:logGet(44)) - raft.server.leaderelection.pre-vote = false (custom)
2021-10-29 00:42:43,463 [ede339c2-3cec-47d6-98dc-ec75754dc7c3@group-2A945599F841-FollowerState] INFO  impl.RoleInfo (RoleInfo.java:updateAndGet(130)) - ede339c2-3cec-47d6-98dc-ec75754dc7c3: start ede339c2-3cec-47d6-98dc-ec75754dc7c3@group-2A945599F841-LeaderElection12
2021-10-29 00:42:43,485 [ede339c2-3cec-47d6-98dc-ec75754dc7c3@group-2A945599F841-LeaderElection12] INFO  impl.LeaderElection (LeaderElection.java:askForVotes(306)) - ede339c2-3cec-47d6-98dc-ec75754dc7c3@group-2A945599F841-LeaderElection12 ELECTION round 0: submit vote requests at term 2 for -1: [240b3f92-711e-4b06-964b-7be2bf787040|rpc:10.1.0.32:39315|priority:1, ede339c2-3cec-47d6-98dc-ec75754dc7c3|rpc:10.1.0.32:43517|priority:0, ece50d73-52f9-426c-b062-e21d0a386dcf|rpc:10.1.0.32:33323|priority:0], old=null
2021-10-29 00:42:43,505 [240b3f92-711e-4b06-964b-7be2bf787040@group-2A945599F841-FollowerState] INFO  impl.FollowerState (FollowerState.java:run(134)) - 240b3f92-711e-4b06-964b-7be2bf787040@group-2A945599F841-FollowerState: change to CANDIDATE, lastRpcElapsedTime:5116369114ns, electionTimeout:5092ms
2021-10-29 00:42:43,505 [240b3f92-711e-4b06-964b-7be2bf787040@group-2A945599F841-FollowerState] INFO  impl.RoleInfo (RoleInfo.java:shutdownFollowerState(108)) - 240b3f92-711e-4b06-964b-7be2bf787040: shutdown 240b3f92-711e-4b06-964b-7be2bf787040@group-2A945599F841-FollowerState
2021-10-29 00:42:43,506 [240b3f92-711e-4b06-964b-7be2bf787040@group-2A945599F841-FollowerState] INFO  server.RaftServer$Division (RaftServerImpl.java:setRole(290)) - 240b3f92-711e-4b06-964b-7be2bf787040@group-2A945599F841: changes role from  FOLLOWER to CANDIDATE at term 1 for changeToCandidate
2021-10-29 00:42:43,506 [240b3f92-711e-4b06-964b-7be2bf787040@group-2A945599F841-FollowerState] INFO  server.RaftServerConfigKeys (ConfUtils.java:logGet(44)) - raft.server.leaderelection.pre-vote = false (custom)
2021-10-29 00:42:43,506 [240b3f92-711e-4b06-964b-7be2bf787040@group-2A945599F841-FollowerState] INFO  impl.RoleInfo (RoleInfo.java:updateAndGet(130)) - 240b3f92-711e-4b06-964b-7be2bf787040: start 240b3f92-711e-4b06-964b-7be2bf787040@group-2A945599F841-LeaderElection13
2021-10-29 00:42:43,506 [grpc-default-executor-0] INFO  server.RaftServer$Division (RaftServerImpl.java:requestVote(1046)) - 240b3f92-711e-4b06-964b-7be2bf787040@group-2A945599F841: receive requestVote(ELECTION, ede339c2-3cec-47d6-98dc-ec75754dc7c3, group-2A945599F841, 2, (t:0, i:0))
2021-10-29 00:42:43,506 [grpc-default-executor-0] INFO  impl.VoteContext (VoteContext.java:log(48)) - 240b3f92-711e-4b06-964b-7be2bf787040@group-2A945599F841-CANDIDATE: reject ELECTION from ede339c2-3cec-47d6-98dc-ec75754dc7c3: our priority 1 > candidate's priority 0
2021-10-29 00:42:43,506 [grpc-default-executor-0] INFO  server.RaftServer$Division (RaftServerImpl.java:setRole(290)) - 240b3f92-711e-4b06-964b-7be2bf787040@group-2A945599F841: changes role from CANDIDATE to FOLLOWER at term 2 for candidate:ede339c2-3cec-47d6-98dc-ec75754dc7c3
2021-10-29 00:42:43,506 [grpc-default-executor-0] INFO  impl.RoleInfo (RoleInfo.java:shutdownLeaderElection(121)) - 240b3f92-711e-4b06-964b-7be2bf787040: shutdown 240b3f92-711e-4b06-964b-7be2bf787040@group-2A945599F841-LeaderElection13
2021-10-29 00:42:43,506 [grpc-default-executor-0] INFO  impl.RoleInfo (RoleInfo.java:updateAndGet(130)) - 240b3f92-711e-4b06-964b-7be2bf787040: start 240b3f92-711e-4b06-964b-7be2bf787040@group-2A945599F841-FollowerState
2021-10-29 00:42:43,517 [240b3f92-711e-4b06-964b-7be2bf787040@group-2A945599F841-LeaderElection13] INFO  impl.LeaderElection (LeaderElection.java:run(230)) - 240b3f92-711e-4b06-964b-7be2bf787040@group-2A945599F841-LeaderElection13: skip running since this is already CLOSING
2021-10-29 00:42:43,520 [grpc-default-executor-2] INFO  server.RaftServer$Division (RaftServerImpl.java:requestVote(1046)) - 240b3f92-711e-4b06-964b-7be2bf787040@group-2A945599F841: receive requestVote(ELECTION, ece50d73-52f9-426c-b062-e21d0a386dcf, group-2A945599F841, 2, (t:0, i:0))
2021-10-29 00:42:43,522 [grpc-default-executor-0] INFO  server.RaftServer$Division (RaftServerImpl.java:requestVote(1078)) - 240b3f92-711e-4b06-964b-7be2bf787040@group-2A945599F841 replies to ELECTION vote request: ede339c2-3cec-47d6-98dc-ec75754dc7c3<-240b3f92-711e-4b06-964b-7be2bf787040#0:FAIL-t2. Peer's state: 240b3f92-711e-4b06-964b-7be2bf787040@group-2A945599F841:t2, leader=null, voted=null, raftlog=240b3f92-711e-4b06-964b-7be2bf787040@group-2A945599F841-SegmentedRaftLog:OPENED:c-1, conf=-1: [240b3f92-711e-4b06-964b-7be2bf787040|rpc:10.1.0.32:39315|dataStream:|priority:1, ede339c2-3cec-47d6-98dc-ec75754dc7c3|rpc:10.1.0.32:43517|dataStream:|priority:0, ece50d73-52f9-426c-b062-e21d0a386dcf|rpc:10.1.0.32:33323|dataStream:|priority:0], old=null
2021-10-29 00:42:43,523 [grpc-default-executor-2] INFO  impl.VoteContext (VoteContext.java:log(48)) - 240b3f92-711e-4b06-964b-7be2bf787040@group-2A945599F841-FOLLOWER: reject ELECTION from ece50d73-52f9-426c-b062-e21d0a386dcf: our priority 1 > candidate's priority 0
2021-10-29 00:42:43,523 [grpc-default-executor-2] INFO  server.RaftServer$Division (RaftServerImpl.java:setRole(290)) - 240b3f92-711e-4b06-964b-7be2bf787040@group-2A945599F841: changes role from  FOLLOWER to FOLLOWER at term 2 for candidate:ece50d73-52f9-426c-b062-e21d0a386dcf
2021-10-29 00:42:43,523 [grpc-default-executor-2] INFO  impl.RoleInfo (RoleInfo.java:shutdownFollowerState(108)) - 240b3f92-711e-4b06-964b-7be2bf787040: shutdown 240b3f92-711e-4b06-964b-7be2bf787040@group-2A945599F841-FollowerState
2021-10-29 00:42:43,531 [grpc-default-executor-2] INFO  impl.RoleInfo (RoleInfo.java:updateAndGet(130)) - 240b3f92-711e-4b06-964b-7be2bf787040: start 240b3f92-711e-4b06-964b-7be2bf787040@group-2A945599F841-FollowerState
2021-10-29 00:42:43,531 [240b3f92-711e-4b06-964b-7be2bf787040@group-2A945599F841-FollowerState] INFO  impl.FollowerState (FollowerState.java:run(143)) - 240b3f92-711e-4b06-964b-7be2bf787040@group-2A945599F841-FollowerState was interrupted: {}
java.lang.InterruptedException: sleep interrupted
	at java.lang.Thread.sleep(Native Method)
	at java.lang.Thread.sleep(Thread.java:340)
	at java.util.concurrent.TimeUnit.sleep(TimeUnit.java:386)
	at org.apache.ratis.util.TimeDuration.sleep(TimeDuration.java:324)
	at org.apache.ratis.util.TimeDuration.sleep(TimeDuration.java:309)
	at org.apache.ratis.server.impl.FollowerState.run(FollowerState.java:118)
2021-10-29 00:42:43,550 [grpc-default-executor-3] INFO  server.RaftServer$Division (RaftServerImpl.java:requestVote(1046)) - ece50d73-52f9-426c-b062-e21d0a386dcf@group-2A945599F841: receive requestVote(ELECTION, ede339c2-3cec-47d6-98dc-ec75754dc7c3, group-2A945599F841, 2, (t:0, i:0))
2021-10-29 00:42:43,558 [grpc-default-executor-3] INFO  impl.VoteContext (VoteContext.java:log(48)) - ece50d73-52f9-426c-b062-e21d0a386dcf@group-2A945599F841-CANDIDATE: reject ELECTION from ede339c2-3cec-47d6-98dc-ec75754dc7c3: already has voted for ece50d73-52f9-426c-b062-e21d0a386dcf at current term 2
2021-10-29 00:42:43,558 [grpc-default-executor-3] INFO  server.RaftServer$Division (RaftServerImpl.java:requestVote(1078)) - ece50d73-52f9-426c-b062-e21d0a386dcf@group-2A945599F841 replies to ELECTION vote request: ede339c2-3cec-47d6-98dc-ec75754dc7c3<-ece50d73-52f9-426c-b062-e21d0a386dcf#0:FAIL-t2. Peer's state: ece50d73-52f9-426c-b062-e21d0a386dcf@group-2A945599F841:t2, leader=null, voted=ece50d73-52f9-426c-b062-e21d0a386dcf, raftlog=ece50d73-52f9-426c-b062-e21d0a386dcf@group-2A945599F841-SegmentedRaftLog:OPENED:c-1, conf=-1: [240b3f92-711e-4b06-964b-7be2bf787040|rpc:10.1.0.32:39315|dataStream:|priority:1, ede339c2-3cec-47d6-98dc-ec75754dc7c3|rpc:10.1.0.32:43517|dataStream:|priority:0, ece50d73-52f9-426c-b062-e21d0a386dcf|rpc:10.1.0.32:33323|dataStream:|priority:0], old=null
2021-10-29 00:42:43,549 [grpc-default-executor-1] INFO  server.RaftServer$Division (RaftServerImpl.java:requestVote(1046)) - ede339c2-3cec-47d6-98dc-ec75754dc7c3@group-2A945599F841: receive requestVote(ELECTION, ece50d73-52f9-426c-b062-e21d0a386dcf, group-2A945599F841, 2, (t:0, i:0))
2021-10-29 00:42:43,559 [grpc-default-executor-1] INFO  impl.VoteContext (VoteContext.java:log(48)) - ede339c2-3cec-47d6-98dc-ec75754dc7c3@group-2A945599F841-CANDIDATE: reject ELECTION from ece50d73-52f9-426c-b062-e21d0a386dcf: already has voted for ede339c2-3cec-47d6-98dc-ec75754dc7c3 at current term 2
2021-10-29 00:42:43,559 [grpc-default-executor-1] INFO  server.RaftServer$Division (RaftServerImpl.java:requestVote(1078)) - ede339c2-3cec-47d6-98dc-ec75754dc7c3@group-2A945599F841 replies to ELECTION vote request: ece50d73-52f9-426c-b062-e21d0a386dcf<-ede339c2-3cec-47d6-98dc-ec75754dc7c3#0:FAIL-t2. Peer's state: ede339c2-3cec-47d6-98dc-ec75754dc7c3@group-2A945599F841:t2, leader=null, voted=ede339c2-3cec-47d6-98dc-ec75754dc7c3, raftlog=ede339c2-3cec-47d6-98dc-ec75754dc7c3@group-2A945599F841-SegmentedRaftLog:OPENED:c-1, conf=-1: [240b3f92-711e-4b06-964b-7be2bf787040|rpc:10.1.0.32:39315|priority:1, ede339c2-3cec-47d6-98dc-ec75754dc7c3|rpc:10.1.0.32:43517|priority:0, ece50d73-52f9-426c-b062-e21d0a386dcf|rpc:10.1.0.32:33323|priority:0], old=null
2021-10-29 00:42:43,540 [grpc-default-executor-2] INFO  server.RaftServer$Division (RaftServerImpl.java:requestVote(1078)) - 240b3f92-711e-4b06-964b-7be2bf787040@group-2A945599F841 replies to ELECTION vote request: ece50d73-52f9-426c-b062-e21d0a386dcf<-240b3f92-711e-4b06-964b-7be2bf787040#0:FAIL-t2. Peer's state: 240b3f92-711e-4b06-964b-7be2bf787040@group-2A945599F841:t2, leader=null, voted=null, raftlog=240b3f92-711e-4b06-964b-7be2bf787040@group-2A945599F841-SegmentedRaftLog:OPENED:c-1, conf=-1: [240b3f92-711e-4b06-964b-7be2bf787040|rpc:10.1.0.32:39315|dataStream:|priority:1, ede339c2-3cec-47d6-98dc-ec75754dc7c3|rpc:10.1.0.32:43517|dataStream:|priority:0, ece50d73-52f9-426c-b062-e21d0a386dcf|rpc:10.1.0.32:33323|dataStream:|priority:0], old=null
2021-10-29 00:42:43,562 [ede339c2-3cec-47d6-98dc-ec75754dc7c3@group-2A945599F841-LeaderElection12] INFO  impl.LeaderElection (LeaderElection.java:logAndReturn(89)) - ede339c2-3cec-47d6-98dc-ec75754dc7c3@group-2A945599F841-LeaderElection12: ELECTION REJECTED received 1 response(s) and 0 exception(s):
2021-10-29 00:42:43,570 [ede339c2-3cec-47d6-98dc-ec75754dc7c3@group-2A945599F841-LeaderElection12] INFO  impl.LeaderElection (LeaderElection.java:logAndReturn(93)) -   Response 0: ede339c2-3cec-47d6-98dc-ec75754dc7c3<-240b3f92-711e-4b06-964b-7be2bf787040#0:FAIL-t2
2021-10-29 00:42:43,570 [ede339c2-3cec-47d6-98dc-ec75754dc7c3@group-2A945599F841-LeaderElection12] INFO  impl.LeaderElection (LeaderElection.java:askForVotes(308)) - ede339c2-3cec-47d6-98dc-ec75754dc7c3@group-2A945599F841-LeaderElection12 ELECTION round 0: result REJECTED
2021-10-29 00:42:43,567 [ece50d73-52f9-426c-b062-e21d0a386dcf@group-2A945599F841-LeaderElection11] INFO  impl.LeaderElection (LeaderElection.java:logAndReturn(89)) - ece50d73-52f9-426c-b062-e21d0a386dcf@group-2A945599F841-LeaderElection11: ELECTION REJECTED received 2 response(s) and 0 exception(s):
2021-10-29 00:42:43,584 [ece50d73-52f9-426c-b062-e21d0a386dcf@group-2A945599F841-LeaderElection11] INFO  impl.LeaderElection (LeaderElection.java:logAndReturn(93)) -   Response 0: ece50d73-52f9-426c-b062-e21d0a386dcf<-240b3f92-711e-4b06-964b-7be2bf787040#0:FAIL-t2
2021-10-29 00:42:43,584 [ece50d73-52f9-426c-b062-e21d0a386dcf@group-2A945599F841-LeaderElection11] INFO  impl.LeaderElection (LeaderElection.java:logAndReturn(93)) -   Response 1: ece50d73-52f9-426c-b062-e21d0a386dcf<-ede339c2-3cec-47d6-98dc-ec75754dc7c3#0:FAIL-t2
2021-10-29 00:42:43,584 [ece50d73-52f9-426c-b062-e21d0a386dcf@group-2A945599F841-LeaderElection11] INFO  impl.LeaderElection (LeaderElection.java:askForVotes(308)) - ece50d73-52f9-426c-b062-e21d0a386dcf@group-2A945599F841-LeaderElection11 ELECTION round 0: result REJECTED
2021-10-29 00:42:43,584 [ece50d73-52f9-426c-b062-e21d0a386dcf@group-2A945599F841-LeaderElection11] INFO  server.RaftServer$Division (RaftServerImpl.java:setRole(290)) - ece50d73-52f9-426c-b062-e21d0a386dcf@group-2A945599F841: changes role from CANDIDATE to FOLLOWER at term 2 for REJECTED
2021-10-29 00:42:43,584 [ece50d73-52f9-426c-b062-e21d0a386dcf@group-2A945599F841-LeaderElection11] INFO  impl.RoleInfo (RoleInfo.java:shutdownLeaderElection(121)) - ece50d73-52f9-426c-b062-e21d0a386dcf: shutdown ece50d73-52f9-426c-b062-e21d0a386dcf@group-2A945599F841-LeaderElection11
2021-10-29 00:42:43,584 [ece50d73-52f9-426c-b062-e21d0a386dcf@group-2A945599F841-LeaderElection11] INFO  impl.RoleInfo (RoleInfo.java:updateAndGet(130)) - ece50d73-52f9-426c-b062-e21d0a386dcf: start ece50d73-52f9-426c-b062-e21d0a386dcf@group-2A945599F841-FollowerState
2021-10-29 00:42:43,580 [ede339c2-3cec-47d6-98dc-ec75754dc7c3@group-2A945599F841-LeaderElection12] INFO  server.RaftServer$Division (RaftServerImpl.java:setRole(290)) - ede339c2-3cec-47d6-98dc-ec75754dc7c3@group-2A945599F841: changes role from CANDIDATE to FOLLOWER at term 2 for REJECTED
2021-10-29 00:42:43,584 [ede339c2-3cec-47d6-98dc-ec75754dc7c3@group-2A945599F841-LeaderElection12] INFO  impl.RoleInfo (RoleInfo.java:shutdownLeaderElection(121)) - ede339c2-3cec-47d6-98dc-ec75754dc7c3: shutdown ede339c2-3cec-47d6-98dc-ec75754dc7c3@group-2A945599F841-LeaderElection12
2021-10-29 00:42:43,593 [ede339c2-3cec-47d6-98dc-ec75754dc7c3@group-2A945599F841-LeaderElection12] INFO  impl.RoleInfo (RoleInfo.java:updateAndGet(130)) - ede339c2-3cec-47d6-98dc-ec75754dc7c3: start ede339c2-3cec-47d6-98dc-ec75754dc7c3@group-2A945599F841-FollowerState
2021-10-29 00:42:43,613 [main] INFO  rpc.RpcClient (RpcClient.java:createVolume(342)) - Creating Volume: vol1, with user96751 as owner and space quota set to -1 bytes, counts quota set to -1
2021-10-29 00:42:43,649 [Listener at 0.0.0.0/42849] INFO  om.OzoneManager (OzoneManager.java:addS3GVolumeToDB(3425)) - Created Volume s3v With Owner runner required for S3Gateway operations.
2021-10-29 00:42:43,649 [Listener at 0.0.0.0/42849] WARN  server.ServerUtils (ServerUtils.java:getDefaultRatisDirectory(237)) - Storage directory for Ratis is not configured. It is a good idea to map this to an SSD disk. Falling back to ozone.metadata.dirs
2021-10-29 00:42:43,649 [Listener at 0.0.0.0/42849] WARN  utils.OzoneManagerRatisUtils (OzoneManagerRatisUtils.java:getOMRatisSnapshotDirectory(435)) - ozone.om.ratis.snapshot.dir is not configured. Falling back to ozone.metadata.dirs config
2021-10-29 00:42:43,649 [Listener at 0.0.0.0/42849] WARN  impl.MetricRegistriesImpl (MetricRegistriesImpl.java:addReporterRegistration(111)) - New reporters are added after registries were created. Some metrics will be missing from the reporter. Please add reporter before adding any new registry.
2021-10-29 00:42:43,649 [Listener at 0.0.0.0/42849] WARN  impl.MetricRegistriesImpl (MetricRegistriesImpl.java:addReporterRegistration(111)) - New reporters are added after registries were created. Some metrics will be missing from the reporter. Please add reporter before adding any new registry.
2021-10-29 00:42:43,649 [Listener at 0.0.0.0/42849] WARN  server.ServerUtils (ServerUtils.java:getDefaultRatisDirectory(237)) - Storage directory for Ratis is not configured. It is a good idea to map this to an SSD disk. Falling back to ozone.metadata.dirs
2021-10-29 00:42:43,659 [Listener at 0.0.0.0/42849] INFO  ratis.OzoneManagerRatisServer (OzoneManagerRatisServer.java:<init>(159)) - Instantiating OM Ratis server with groupID: omServiceIdDefault and peers: localhost:43025
2021-10-29 00:42:43,660 [Listener at 0.0.0.0/42849] INFO  ratis.OzoneManagerStateMachine (OzoneManagerStateMachine.java:loadSnapshotInfoFromDB(605)) - LastAppliedIndex is set from TransactionInfo from OM DB as (t:0, i:~)
2021-10-29 00:42:43,666 [Listener at 0.0.0.0/42849] INFO  server.RaftServer (ConfUtils.java:logGet(44)) - raft.rpc.type = GRPC (default)
2021-10-29 00:42:43,666 [Listener at 0.0.0.0/42849] INFO  grpc.GrpcFactory (GrpcFactory.java:checkPooledByteBufAllocatorUseCacheForAllThreads(48)) - PERFORMANCE WARNING: useCacheForAllThreads is true that may cause Netty to create a lot garbage objects and, as a result, trigger GC.
	It is recommended to disable useCacheForAllThreads by setting -Dorg.apache.ratis.thirdparty.io.netty.allocator.useCacheForAllThreads=false in command line.
2021-10-29 00:42:43,666 [Listener at 0.0.0.0/42849] INFO  grpc.GrpcConfigKeys (ConfUtils.java:logGet(44)) - raft.grpc.admin.port = -1 (default)
2021-10-29 00:42:43,669 [Listener at 0.0.0.0/42849] INFO  grpc.GrpcConfigKeys (ConfUtils.java:logGet(44)) - raft.grpc.server.port = 43025 (custom)
2021-10-29 00:42:43,669 [Listener at 0.0.0.0/42849] INFO  grpc.GrpcConfigKeys (ConfUtils.java:logGet(44)) - raft.grpc.client.port = -1 (default)
2021-10-29 00:42:43,669 [Listener at 0.0.0.0/42849] INFO  grpc.GrpcConfigKeys (ConfUtils.java:logGet(44)) - raft.grpc.server.port = 43025 (custom)
2021-10-29 00:42:43,669 [Listener at 0.0.0.0/42849] INFO  grpc.GrpcConfigKeys (ConfUtils.java:logGet(44)) - raft.grpc.server.port = 43025 (custom)
2021-10-29 00:42:43,669 [Listener at 0.0.0.0/42849] INFO  server.GrpcService (ConfUtils.java:logGet(44)) - raft.grpc.message.size.max = 33554432 (custom)
2021-10-29 00:42:43,669 [Listener at 0.0.0.0/42849] INFO  server.RaftServerConfigKeys (ConfUtils.java:logGet(44)) - raft.server.log.appender.buffer.byte-limit = 33554432 (custom)
2021-10-29 00:42:43,669 [Listener at 0.0.0.0/42849] INFO  server.GrpcService (ConfUtils.java:logGet(44)) - raft.grpc.flow.control.window = 1MB (=1048576) (default)
2021-10-29 00:42:43,669 [Listener at 0.0.0.0/42849] INFO  server.RaftServerConfigKeys (ConfUtils.java:logGet(44)) - raft.server.rpc.request.timeout = 3000ms (default)
2021-10-29 00:42:43,670 [Listener at 0.0.0.0/42849] INFO  impl.DataStreamServerImpl (ConfUtils.java:logGet(44)) - raft.datastream.type = DISABLED (default)
2021-10-29 00:42:43,670 [Listener at 0.0.0.0/42849] INFO  server.RaftServerConfigKeys (ConfUtils.java:logGet(44)) - raft.server.rpc.slowness.timeout = 120s (custom)
2021-10-29 00:42:43,670 [Listener at 0.0.0.0/42849] INFO  server.RaftServerConfigKeys (ConfUtils.java:logGet(44)) - raft.server.leaderelection.leader.step-down.wait-time = 10s (default)
2021-10-29 00:42:43,671 [Listener at 0.0.0.0/42849] INFO  server.RaftServerConfigKeys (ConfUtils.java:logGet(44)) - raft.server.storage.dir = [/home/runner/work/ozone/ozone/hadoop-ozone/integration-test/target/test-dir/MiniOzoneClusterImpl-5f5ad6f1-7ccc-43e5-92d9-031f7ba6440e/ozone-meta/ratis] (custom)
2021-10-29 00:42:43,684 [Listener at 0.0.0.0/42849] INFO  server.RaftServer (RaftServerProxy.java:addNew(95)) - om1: addNew group-C5BA1605619E:[om1|rpc:localhost:43025|priority:0] returns group-C5BA1605619E:java.util.concurrent.CompletableFuture@7b5bfa51[Not completed]
2021-10-29 00:42:43,684 [Listener at 0.0.0.0/42849] INFO  om.OzoneManager (OzoneManager.java:initializeRatisServer(1618)) - OzoneManager Ratis server initialized at port 43025
2021-10-29 00:42:43,685 [Listener at 0.0.0.0/42849] INFO  ipc.CallQueueManager (CallQueueManager.java:<init>(90)) - Using callQueue: class java.util.concurrent.LinkedBlockingQueue, queueCapacity: 2000, scheduler: class org.apache.hadoop.ipc.DefaultRpcScheduler, ipcBackoff: false.
2021-10-29 00:42:43,686 [pool-206-thread-1] INFO  server.RaftServer$Division (RaftServerImpl.java:<init>(184)) - om1: new RaftServerImpl for group-C5BA1605619E:[om1|rpc:localhost:43025|priority:0] with OzoneManagerStateMachine:uninitialized
2021-10-29 00:42:43,686 [Socket Reader #1 for port 0] INFO  ipc.Server (Server.java:run(1265)) - Starting Socket Reader #1 for port 0
2021-10-29 00:42:43,694 [pool-206-thread-1] INFO  server.RaftServerConfigKeys (ConfUtils.java:logGet(44)) - raft.server.rpc.timeout.min = 1s (custom)
2021-10-29 00:42:43,694 [pool-206-thread-1] INFO  server.RaftServerConfigKeys (ConfUtils.java:logGet(44)) - raft.server.rpc.timeout.max = 1200ms (custom)
2021-10-29 00:42:43,694 [pool-206-thread-1] INFO  server.RaftServerConfigKeys (ConfUtils.java:logGet(44)) - raft.server.rpc.sleep.time = 25ms (default)
2021-10-29 00:42:43,694 [pool-206-thread-1] INFO  server.RaftServerConfigKeys (ConfUtils.java:logGet(44)) - raft.server.rpc.slowness.timeout = 120s (custom)
2021-10-29 00:42:43,694 [pool-206-thread-1] INFO  server.RaftServerConfigKeys (ConfUtils.java:logGet(44)) - raft.server.leaderelection.leader.step-down.wait-time = 10s (default)
2021-10-29 00:42:43,694 [pool-206-thread-1] INFO  server.RaftServerConfigKeys (ConfUtils.java:logGet(44)) - raft.server.sleep.deviation.threshold = 300ms (default)
2021-10-29 00:42:43,694 [pool-206-thread-1] INFO  server.RaftServerConfigKeys (ConfUtils.java:logGet(44)) - raft.server.log.appender.install.snapshot.enabled = false (custom)
2021-10-29 00:42:43,694 [pool-206-thread-1] INFO  server.RaftServer$Division (ServerState.java:<init>(105)) - om1@group-C5BA1605619E: ConfigurationManager, init=-1: [om1|rpc:localhost:43025|priority:0], old=null, confs=<EMPTY_MAP>
2021-10-29 00:42:43,695 [pool-206-thread-1] INFO  server.RaftServerConfigKeys (ConfUtils.java:logGet(44)) - raft.server.storage.dir = [/home/runner/work/ozone/ozone/hadoop-ozone/integration-test/target/test-dir/MiniOzoneClusterImpl-5f5ad6f1-7ccc-43e5-92d9-031f7ba6440e/ozone-meta/ratis] (custom)
2021-10-29 00:42:43,695 [pool-206-thread-1] INFO  server.RaftServerConfigKeys (ConfUtils.java:logGet(44)) - raft.server.log.corruption.policy = EXCEPTION (default)
2021-10-29 00:42:43,695 [pool-206-thread-1] INFO  server.RaftServerConfigKeys (ConfUtils.java:logGet(44)) - raft.server.storage.free-space.min = 0MB (=0) (default)
2021-10-29 00:42:43,695 [pool-206-thread-1] INFO  storage.RaftStorageDirectory (RaftStorageDirectoryImpl.java:analyzeStorage(135)) - The storage directory /home/runner/work/ozone/ozone/hadoop-ozone/integration-test/target/test-dir/MiniOzoneClusterImpl-5f5ad6f1-7ccc-43e5-92d9-031f7ba6440e/ozone-meta/ratis/bf265839-605b-3f16-9796-c5ba1605619e does not exist. Creating ...
2021-10-29 00:42:43,696 [OM StateMachine ApplyTransaction Thread - 0] INFO  volume.OMVolumeCreateRequest (OMVolumeCreateRequest.java:validateAndUpdateCache(195)) - created volume:vol1 for user:user96751
2021-10-29 00:42:43,701 [pool-206-thread-1] INFO  storage.RaftStorageDirectory (RaftStorageDirectoryImpl.java:tryLock(230)) - Lock on /home/runner/work/ozone/ozone/hadoop-ozone/integration-test/target/test-dir/MiniOzoneClusterImpl-5f5ad6f1-7ccc-43e5-92d9-031f7ba6440e/ozone-meta/ratis/bf265839-605b-3f16-9796-c5ba1605619e/in_use.lock acquired by nodename 21509@fv-az291-161
2021-10-29 00:42:43,715 [pool-206-thread-1] INFO  storage.RaftStorage (RaftStorageImpl.java:format(89)) - Storage directory /home/runner/work/ozone/ozone/hadoop-ozone/integration-test/target/test-dir/MiniOzoneClusterImpl-5f5ad6f1-7ccc-43e5-92d9-031f7ba6440e/ozone-meta/ratis/bf265839-605b-3f16-9796-c5ba1605619e has been successfully formatted.
2021-10-29 00:42:43,715 [pool-206-thread-1] INFO  server.RaftServerConfigKeys (ConfUtils.java:logGet(44)) - raft.server.notification.no-leader.timeout = 120s (custom)
2021-10-29 00:42:43,715 [pool-206-thread-1] INFO  server.RaftServerConfigKeys (ConfUtils.java:logGet(44)) - raft.server.log.use.memory = false (default)
2021-10-29 00:42:43,715 [pool-206-thread-1] INFO  server.RaftServerConfigKeys (ConfUtils.java:logGet(44)) - raft.server.log.purge.gap = 1000000 (custom)
2021-10-29 00:42:43,715 [pool-206-thread-1] INFO  server.RaftServerConfigKeys (ConfUtils.java:logGet(44)) - raft.server.log.appender.buffer.byte-limit = 33554432 (custom)
2021-10-29 00:42:43,715 [pool-206-thread-1] INFO  server.RaftServerConfigKeys (ConfUtils.java:logGet(44)) - raft.server.log.segment.size.max = 4194304 (custom)
2021-10-29 00:42:43,715 [pool-206-thread-1] INFO  server.RaftServerConfigKeys (ConfUtils.java:logGet(44)) - raft.server.log.segment.cache.num.max = 2 (custom)
2021-10-29 00:42:43,715 [pool-206-thread-1] INFO  server.RaftServerConfigKeys (ConfUtils.java:logGet(44)) - raft.server.log.segment.cache.size.max = 200MB (=209715200) (default)
2021-10-29 00:42:43,716 [pool-206-thread-1] INFO  segmented.SegmentedRaftLogWorker (SegmentedRaftLogWorker.java:<init>(182)) - new om1@group-C5BA1605619E-SegmentedRaftLogWorker for RaftStorageImpl:Storage Directory /home/runner/work/ozone/ozone/hadoop-ozone/integration-test/target/test-dir/MiniOzoneClusterImpl-5f5ad6f1-7ccc-43e5-92d9-031f7ba6440e/ozone-meta/ratis/bf265839-605b-3f16-9796-c5ba1605619e
2021-10-29 00:42:43,716 [pool-206-thread-1] INFO  server.RaftServerConfigKeys (ConfUtils.java:logGet(44)) - raft.server.log.queue.byte-limit = 64MB (=67108864) (default)
2021-10-29 00:42:43,716 [pool-206-thread-1] INFO  server.RaftServerConfigKeys (ConfUtils.java:logGet(44)) - raft.server.log.queue.element-limit = 4096 (default)
2021-10-29 00:42:43,716 [pool-206-thread-1] INFO  server.RaftServerConfigKeys (ConfUtils.java:logGet(44)) - raft.server.log.segment.size.max = 4194304 (custom)
2021-10-29 00:42:43,716 [pool-206-thread-1] INFO  server.RaftServerConfigKeys (ConfUtils.java:logGet(44)) - raft.server.log.preallocated.size = 4194304 (custom)
2021-10-29 00:42:43,716 [pool-206-thread-1] INFO  server.RaftServerConfigKeys (ConfUtils.java:logGet(44)) - raft.server.log.force.sync.num = 128 (default)
2021-10-29 00:42:43,717 [pool-206-thread-1] INFO  server.RaftServerConfigKeys (ConfUtils.java:logGet(44)) - raft.server.log.statemachine.data.sync = true (default)
2021-10-29 00:42:43,717 [pool-206-thread-1] INFO  server.RaftServerConfigKeys (ConfUtils.java:logGet(44)) - raft.server.log.statemachine.data.sync.timeout = 10s (default)
2021-10-29 00:42:43,717 [pool-206-thread-1] INFO  server.RaftServerConfigKeys (ConfUtils.java:logGet(44)) - raft.server.log.statemachine.data.sync.timeout.retry = -1 (default)
2021-10-29 00:42:43,717 [pool-206-thread-1] INFO  server.RaftServerConfigKeys (ConfUtils.java:logGet(44)) - raft.server.log.write.buffer.size = 64KB (=65536) (default)
2021-10-29 00:42:43,717 [pool-206-thread-1] INFO  server.RaftServerConfigKeys (ConfUtils.java:logGet(44)) - raft.server.log.statemachine.data.caching.enabled = false (default)
2021-10-29 00:42:43,717 [pool-206-thread-1] INFO  segmented.SegmentedRaftLogWorker (SegmentedRaftLogWorker.java:lambda$new$0(133)) - om1@group-C5BA1605619E-SegmentedRaftLogWorker: flushIndex: setUnconditionally 0 -> -1
2021-10-29 00:42:43,717 [pool-206-thread-1] INFO  segmented.SegmentedRaftLogWorker (SegmentedRaftLogWorker.java:lambda$new$0(133)) - om1@group-C5BA1605619E-SegmentedRaftLogWorker: safeCacheEvictIndex: setUnconditionally 0 -> -1
2021-10-29 00:42:43,724 [pool-206-thread-1] INFO  server.RaftServerConfigKeys (ConfUtils.java:logGet(44)) - raft.server.snapshot.auto.trigger.enabled = true (custom)
2021-10-29 00:42:43,724 [pool-206-thread-1] INFO  server.RaftServerConfigKeys (ConfUtils.java:logGet(44)) - raft.server.snapshot.auto.trigger.threshold = 400000 (default)
2021-10-29 00:42:43,724 [pool-206-thread-1] INFO  server.RaftServerConfigKeys (ConfUtils.java:logGet(44)) - raft.server.snapshot.retention.file.num = -1 (default)
2021-10-29 00:42:43,724 [pool-206-thread-1] INFO  server.RaftServerConfigKeys (ConfUtils.java:logGet(44)) - raft.server.log.purge.upto.snapshot.index = true (custom)
2021-10-29 00:42:43,724 [pool-206-thread-1] INFO  server.RaftServerConfigKeys (ConfUtils.java:logGet(44)) - raft.server.retrycache.expirytime = 300s (custom)
2021-10-29 00:42:43,724 [pool-206-thread-1] INFO  server.RaftServerConfigKeys (ConfUtils.java:logGet(44)) - raft.server.retrycache.statistics.expirytime = 100μs (default)
2021-10-29 00:42:43,726 [Listener at 127.0.0.1/33923] INFO  om.OzoneManager (OzoneManager.java:initFSOLayout(3631)) - Configured ozone.om.metadata.layout=SIMPLE and disabled optimized OM FS operations
2021-10-29 00:42:43,736 [Listener at 127.0.0.1/33923] INFO  impl.MetricsSystemImpl (MetricsSystemImpl.java:init(158)) - OzoneManager metrics system started (again)
2021-10-29 00:42:43,747 [main] INFO  rpc.RpcClient (RpcClient.java:createBucket(502)) - Creating Bucket: vol1/bucket1, with Versioning false and Storage Type set to DISK and Encryption set to false 
2021-10-29 00:42:43,762 [Listener at 127.0.0.1/33923] INFO  om.OzoneManager (OzoneManager.java:start(1302)) - OzoneManager RPC server is listening at localhost/127.0.0.1:33923
2021-10-29 00:42:43,762 [Listener at 127.0.0.1/33923] INFO  ratis.OzoneManagerRatisServer (OzoneManagerRatisServer.java:start(522)) - Starting OzoneManagerRatisServer om1 at port 43025
2021-10-29 00:42:43,762 [Listener at 127.0.0.1/33923] INFO  server.RaftServer$Division (RaftServerImpl.java:start(301)) - om1@group-C5BA1605619E: start as a follower, conf=-1: [om1|rpc:localhost:43025|priority:0], old=null
2021-10-29 00:42:43,762 [Listener at 127.0.0.1/33923] INFO  server.RaftServer$Division (RaftServerImpl.java:setRole(290)) - om1@group-C5BA1605619E: changes role from      null to FOLLOWER at term 0 for startAsFollower
2021-10-29 00:42:43,762 [Listener at 127.0.0.1/33923] INFO  impl.RoleInfo (RoleInfo.java:updateAndGet(130)) - om1: start om1@group-C5BA1605619E-FollowerState
2021-10-29 00:42:43,763 [Listener at 127.0.0.1/33923] ERROR util.JmxRegister (JmxRegister.java:tryRegister(40)) - Failed to register JMX Bean with name Ratis:service=RaftServer,group=group-C5BA1605619E,id=om1
javax.management.InstanceAlreadyExistsException: Ratis:service=RaftServer,group=group-C5BA1605619E,id=om1
	at com.sun.jmx.mbeanserver.Repository.addMBean(Repository.java:437)
	at com.sun.jmx.interceptor.DefaultMBeanServerInterceptor.registerWithRepository(DefaultMBeanServerInterceptor.java:1898)
	at com.sun.jmx.interceptor.DefaultMBeanServerInterceptor.registerDynamicMBean(DefaultMBeanServerInterceptor.java:966)
	at com.sun.jmx.interceptor.DefaultMBeanServerInterceptor.registerObject(DefaultMBeanServerInterceptor.java:900)
	at com.sun.jmx.interceptor.DefaultMBeanServerInterceptor.registerMBean(DefaultMBeanServerInterceptor.java:324)
	at com.sun.jmx.mbeanserver.JmxMBeanServer.registerMBean(JmxMBeanServer.java:522)
	at org.apache.ratis.util.JmxRegister.tryRegister(JmxRegister.java:38)
	at org.apache.ratis.util.JmxRegister.register(JmxRegister.java:56)
	at org.apache.ratis.server.impl.RaftServerImpl.registerMBean(RaftServerImpl.java:317)
	at org.apache.ratis.server.impl.RaftServerImpl.start(RaftServerImpl.java:308)
	at java.util.stream.ForEachOps$ForEachOp$OfRef.accept(ForEachOps.java:183)
	at java.util.ArrayList$ArrayListSpliterator.forEachRemaining(ArrayList.java:1384)
	at java.util.stream.AbstractPipeline.copyInto(AbstractPipeline.java:482)
	at java.util.stream.ForEachOps$ForEachTask.compute(ForEachOps.java:290)
	at java.util.concurrent.CountedCompleter.exec(CountedCompleter.java:731)
	at java.util.concurrent.ForkJoinTask.doExec(ForkJoinTask.java:289)
	at java.util.concurrent.ForkJoinTask.doInvoke(ForkJoinTask.java:401)
	at java.util.concurrent.ForkJoinTask.invoke(ForkJoinTask.java:734)
	at java.util.stream.ForEachOps$ForEachOp.evaluateParallel(ForEachOps.java:159)
	at java.util.stream.ForEachOps$ForEachOp$OfRef.evaluateParallel(ForEachOps.java:173)
	at java.util.stream.AbstractPipeline.evaluate(AbstractPipeline.java:233)
	at java.util.stream.ReferencePipeline.forEach(ReferencePipeline.java:485)
	at java.util.stream.ReferencePipeline$Head.forEach(ReferencePipeline.java:650)
	at org.apache.ratis.server.impl.RaftServerProxy.start(RaftServerProxy.java:371)
	at org.apache.hadoop.ozone.om.ratis.OzoneManagerRatisServer.start(OzoneManagerRatisServer.java:524)
	at org.apache.hadoop.ozone.om.OzoneManager.start(OzoneManager.java:1311)
	at org.apache.hadoop.ozone.MiniOzoneClusterImpl$Builder.build(MiniOzoneClusterImpl.java:597)
	at org.apache.hadoop.ozone.MiniOzoneClusterProvider.lambda$createClusters$1(MiniOzoneClusterProvider.java:234)
	at java.lang.Thread.run(Thread.java:748)
2021-10-29 00:42:43,763 [Listener at 127.0.0.1/33923] INFO  util.JmxRegister (JmxRegister.java:tryRegister(44)) - Successfully registered JMX Bean with object name Ratis:service=RaftServer,group=group-C5BA1605619E,id="om1"
2021-10-29 00:42:43,768 [Listener at 127.0.0.1/33923] INFO  server.RaftServer (RaftServerProxy.java:lambda$start$5(374)) - om1: start RPC server
2021-10-29 00:42:43,769 [Listener at 127.0.0.1/33923] INFO  server.GrpcService (GrpcService.java:startImpl(253)) - om1: GrpcService started, listening on 43025
2021-10-29 00:42:43,771 [Listener at 127.0.0.1/33923] INFO  om.OzoneManager (OzoneManager.java:start(1320)) - Version File has different layout version (0) than OM DB (null). That is expected if this OM has never been finalized to a newer layout version.
2021-10-29 00:42:43,773 [org.apache.ratis.util.JvmPauseMonitor$$Lambda$534/1173926218@4541c36c] INFO  util.JvmPauseMonitor (JvmPauseMonitor.java:run(103)) - JvmPauseMonitor-om1: Started
2021-10-29 00:42:43,784 [Listener at 127.0.0.1/33923] INFO  http.BaseHttpServer (BaseHttpServer.java:newHttpServer2BuilderForOzone(209)) - Starting Web-server for ozoneManager at: http://0.0.0.0:0
2021-10-29 00:42:43,785 [Listener at 127.0.0.1/33923] INFO  http.BaseHttpServer (BaseHttpServer.java:<init>(107)) - Hadoop Security Enabled: false Ozone Security Enabled: false Ozone HTTP Security Enabled: false 
2021-10-29 00:42:43,786 [Listener at 127.0.0.1/33923] INFO  server.AuthenticationFilter (AuthenticationFilter.java:constructSecretProvider(240)) - Unable to initialize FileSignerSecretProvider, falling back to use random secrets.
2021-10-29 00:42:43,786 [Listener at 127.0.0.1/33923] WARN  http.HttpRequestLog (HttpRequestLog.java:getRequestLog(103)) - Jetty request log can only be enabled using Log4j
2021-10-29 00:42:43,787 [Listener at 127.0.0.1/33923] INFO  http.HttpServer2 (HttpServer2.java:addGlobalFilter(1030)) - Added global filter 'safety' (class=org.apache.hadoop.hdds.server.http.HttpServer2$QuotingInputFilter)
2021-10-29 00:42:43,788 [Listener at 127.0.0.1/33923] INFO  http.HttpServer2 (HttpServer2.java:addFilter(1006)) - Added filter static_user_filter (class=org.apache.hadoop.http.lib.StaticUserWebFilter$StaticUserFilter) to context ozoneManager
2021-10-29 00:42:43,788 [Listener at 127.0.0.1/33923] INFO  http.HttpServer2 (HttpServer2.java:addFilter(1014)) - Added filter static_user_filter (class=org.apache.hadoop.http.lib.StaticUserWebFilter$StaticUserFilter) to context logs
2021-10-29 00:42:43,788 [Listener at 127.0.0.1/33923] INFO  http.HttpServer2 (HttpServer2.java:addFilter(1014)) - Added filter static_user_filter (class=org.apache.hadoop.http.lib.StaticUserWebFilter$StaticUserFilter) to context static
2021-10-29 00:42:43,789 [Listener at 127.0.0.1/33923] INFO  http.HttpServer2 (HttpServer2.java:bindListener(1249)) - Jetty bound to port 43911
2021-10-29 00:42:43,789 [Listener at 127.0.0.1/33923] INFO  server.Server (Server.java:doStart(375)) - jetty-9.4.43.v20210629; built: 2021-06-30T11:07:22.254Z; git: 526006ecfa3af7f1a27ef3a288e2bef7ea9dd7e8; jvm 1.8.0_292-b10
2021-10-29 00:42:43,798 [Listener at 127.0.0.1/33923] INFO  server.session (DefaultSessionIdManager.java:doStart(334)) - DefaultSessionIdManager workerName=node0
2021-10-29 00:42:43,798 [Listener at 127.0.0.1/33923] INFO  server.session (DefaultSessionIdManager.java:doStart(339)) - No SessionScavenger set, using defaults
2021-10-29 00:42:43,798 [Listener at 127.0.0.1/33923] INFO  server.session (HouseKeeper.java:startScavenging(132)) - node0 Scavenging every 660000ms
2021-10-29 00:42:43,801 [Listener at 127.0.0.1/33923] INFO  handler.ContextHandler (ContextHandler.java:doStart(915)) - Started o.e.j.s.ServletContextHandler@41d6cc8{logs,/logs,file:///home/runner/work/ozone/ozone/hadoop-ozone/integration-test/target/log,AVAILABLE}
2021-10-29 00:42:43,802 [Listener at 127.0.0.1/33923] INFO  handler.ContextHandler (ContextHandler.java:doStart(915)) - Started o.e.j.s.ServletContextHandler@3df74290{static,/static,file:///home/runner/work/ozone/ozone/hadoop-ozone/integration-test/target/test-classes/webapps/static,AVAILABLE}
2021-10-29 00:42:43,805 [Listener at 127.0.0.1/33923] INFO  handler.ContextHandler (ContextHandler.java:doStart(915)) - Started o.e.j.w.WebAppContext@7b5c0651{ozoneManager,/,file:///home/runner/work/ozone/ozone/hadoop-ozone/integration-test/target/test-classes/webapps/ozoneManager/,AVAILABLE}{file:/home/runner/work/ozone/ozone/hadoop-ozone/integration-test/target/test-classes/webapps/ozoneManager}
2021-10-29 00:42:43,812 [Listener at 127.0.0.1/33923] INFO  server.AbstractConnector (AbstractConnector.java:doStart(331)) - Started ServerConnector@7cb210e6{HTTP/1.1, (http/1.1)}{0.0.0.0:43911}
2021-10-29 00:42:43,812 [Listener at 127.0.0.1/33923] INFO  server.Server (Server.java:doStart(415)) - Started @25729ms
2021-10-29 00:42:43,813 [Listener at 127.0.0.1/33923] WARN  impl.MetricsSystemImpl (MetricsSystemImpl.java:register(279)) - Sink prometheus already exists!
2021-10-29 00:42:43,819 [Listener at 127.0.0.1/33923] INFO  http.BaseHttpServer (BaseHttpServer.java:updateConnectorAddress(329)) - HTTP server of ozoneManager listening at http://0.0.0.0:43911
2021-10-29 00:42:43,820 [IPC Server Responder] INFO  ipc.Server (Server.java:run(1507)) - IPC Server Responder: starting
2021-10-29 00:42:43,830 [IPC Server listener on 0] INFO  ipc.Server (Server.java:run(1344)) - IPC Server listener on 0: starting
2021-10-29 00:42:43,833 [Listener at 127.0.0.1/33923] INFO  om.OzoneManager (OzoneManager.java:startTrashEmptier(1576)) - Trash Interval set to 0. Files deleted will not move to trash
2021-10-29 00:42:43,846 [org.apache.hadoop.util.JvmPauseMonitor$Monitor@72753973] INFO  util.JvmPauseMonitor (JvmPauseMonitor.java:run(188)) - Starting JVM pause monitor
2021-10-29 00:42:43,860 [IPC Server handler 0 on default port 42339] INFO  ha.SequenceIdGenerator (SequenceIdGenerator.java:getNextId(127)) - Allocate a batch for containerId, change lastId from 0 to 1000.
2021-10-29 00:42:43,874 [Listener at 127.0.0.1/33923] WARN  impl.MetricRegistriesImpl (MetricRegistriesImpl.java:addReporterRegistration(111)) - New reporters are added after registries were created. Some metrics will be missing from the reporter. Please add reporter before adding any new registry.
2021-10-29 00:42:43,874 [Listener at 127.0.0.1/33923] WARN  impl.MetricRegistriesImpl (MetricRegistriesImpl.java:addReporterRegistration(111)) - New reporters are added after registries were created. Some metrics will be missing from the reporter. Please add reporter before adding any new registry.
2021-10-29 00:42:43,874 [Listener at 127.0.0.1/33923] INFO  impl.MetricsSystemImpl (MetricsSystemImpl.java:init(158)) - HddsDatanode metrics system started (again)
2021-10-29 00:42:43,885 [IPC Server handler 0 on default port 42339] WARN  ha.SequenceIdGenerator (SequenceIdGenerator.java:allocateBatch(235)) - Failed to allocate a batch for localId, expected lastId is 0, actual lastId is 107544261427200000.
2021-10-29 00:42:43,885 [IPC Server handler 0 on default port 42339] INFO  ha.SequenceIdGenerator (SequenceIdGenerator.java:getNextId(127)) - Allocate a batch for localId, change lastId from 107544261427200000 to 107544261427201000.
2021-10-29 00:42:43,900 [Listener at 127.0.0.1/33923] INFO  ozone.HddsDatanodeService (HddsDatanodeService.java:start(234)) - HddsDatanodeService host:fv-az291-161.wgnan5asplgejimfprtllbpdch.jx.internal.cloudapp.net ip:10.1.0.32
2021-10-29 00:42:43,948 [Listener at 127.0.0.1/33923] INFO  upgrade.AbstractLayoutVersionManager (AbstractLayoutVersionManager.java:init(79)) - Initializing Layout version manager with metadata layout = SCM_HA (version = 2), software layout = SCM_HA (version = 2)
2021-10-29 00:42:43,992 [Listener at 127.0.0.1/33923] INFO  reflections.Reflections (Reflections.java:scan(232)) - Reflections took 41 ms to scan 7 urls, producing 119 keys and 279 values 
2021-10-29 00:42:43,993 [Listener at 127.0.0.1/33923] INFO  statemachine.DatanodeStateMachine (DatanodeStateMachine.java:getEndPointTaskThreadPoolSize(219)) - Datanode State Machine Task Thread Pool size 2
2021-10-29 00:42:44,004 [Listener at 127.0.0.1/33923] INFO  volume.HddsVolume (HddsVolume.java:<init>(120)) - Creating HddsVolume: /home/runner/work/ozone/ozone/hadoop-ozone/integration-test/target/test-dir/MiniOzoneClusterImpl-5f5ad6f1-7ccc-43e5-92d9-031f7ba6440e/datanode-0/data-0/containers/hdds of storage type : DISK capacity : 9223372036854775807
2021-10-29 00:42:44,005 [Listener at 127.0.0.1/33923] INFO  volume.MutableVolumeSet (MutableVolumeSet.java:initializeVolumeSet(168)) - Added Volume : /home/runner/work/ozone/ozone/hadoop-ozone/integration-test/target/test-dir/MiniOzoneClusterImpl-5f5ad6f1-7ccc-43e5-92d9-031f7ba6440e/datanode-0/data-0/containers/hdds to VolumeSet
2021-10-29 00:42:44,005 [Listener at 127.0.0.1/33923] INFO  volume.ThrottledAsyncChecker (ThrottledAsyncChecker.java:schedule(141)) - Scheduling a check for /home/runner/work/ozone/ozone/hadoop-ozone/integration-test/target/test-dir/MiniOzoneClusterImpl-5f5ad6f1-7ccc-43e5-92d9-031f7ba6440e/datanode-0/data-0/containers/hdds
2021-10-29 00:42:44,007 [main] INFO  impl.MetricsSystemImpl (MetricsSystemImpl.java:init(158)) - XceiverClientMetrics metrics system started (again)
2021-10-29 00:42:44,027 [Listener at 127.0.0.1/33923] INFO  volume.StorageVolumeChecker (StorageVolumeChecker.java:checkAllVolumes(202)) - Scheduled health check for volume /home/runner/work/ozone/ozone/hadoop-ozone/integration-test/target/test-dir/MiniOzoneClusterImpl-5f5ad6f1-7ccc-43e5-92d9-031f7ba6440e/datanode-0/data-0/containers/hdds
2021-10-29 00:42:44,033 [ReplicationMonitor] INFO  container.ReplicationManager (ReplicationManager.java:processAll(371)) - Replication Monitor Thread took 0 milliseconds for processing 0 containers.
2021-10-29 00:42:44,049 [Listener at 127.0.0.1/33923] INFO  volume.MutableVolumeSet (MutableVolumeSet.java:initializeVolumeSet(168)) - Added Volume : /home/runner/work/ozone/ozone/hadoop-ozone/integration-test/target/test-dir/MiniOzoneClusterImpl-5f5ad6f1-7ccc-43e5-92d9-031f7ba6440e/datanode-0/data/ratis to VolumeSet
2021-10-29 00:42:44,050 [Listener at 127.0.0.1/33923] INFO  volume.ThrottledAsyncChecker (ThrottledAsyncChecker.java:schedule(141)) - Scheduling a check for /home/runner/work/ozone/ozone/hadoop-ozone/integration-test/target/test-dir/MiniOzoneClusterImpl-5f5ad6f1-7ccc-43e5-92d9-031f7ba6440e/datanode-0/data/ratis
2021-10-29 00:42:44,050 [Listener at 127.0.0.1/33923] INFO  volume.StorageVolumeChecker (StorageVolumeChecker.java:checkAllVolumes(202)) - Scheduled health check for volume /home/runner/work/ozone/ozone/hadoop-ozone/integration-test/target/test-dir/MiniOzoneClusterImpl-5f5ad6f1-7ccc-43e5-92d9-031f7ba6440e/datanode-0/data/ratis
2021-10-29 00:42:44,075 [Thread-444] INFO  ozoneimpl.ContainerReader (ContainerReader.java:readVolume(172)) - Finish verifying containers on volume /home/runner/work/ozone/ozone/hadoop-ozone/integration-test/target/test-dir/MiniOzoneClusterImpl-5f5ad6f1-7ccc-43e5-92d9-031f7ba6440e/datanode-0/data-0/containers/hdds
2021-10-29 00:42:44,076 [Listener at 127.0.0.1/33923] INFO  ozoneimpl.OzoneContainer (OzoneContainer.java:buildContainerSet(236)) - Build ContainerSet costs 0s
2021-10-29 00:42:44,078 [Listener at 127.0.0.1/33923] INFO  server.RaftServer (ConfUtils.java:logGet(44)) - raft.rpc.type = GRPC (default)
2021-10-29 00:42:44,079 [Listener at 127.0.0.1/33923] INFO  grpc.GrpcFactory (GrpcFactory.java:checkPooledByteBufAllocatorUseCacheForAllThreads(48)) - PERFORMANCE WARNING: useCacheForAllThreads is true that may cause Netty to create a lot garbage objects and, as a result, trigger GC.
	It is recommended to disable useCacheForAllThreads by setting -Dorg.apache.ratis.thirdparty.io.netty.allocator.useCacheForAllThreads=false in command line.
2021-10-29 00:42:44,079 [Listener at 127.0.0.1/33923] INFO  grpc.GrpcConfigKeys (ConfUtils.java:logGet(44)) - raft.grpc.admin.port = 0 (custom)
2021-10-29 00:42:44,079 [Listener at 127.0.0.1/33923] INFO  grpc.GrpcConfigKeys (ConfUtils.java:logGet(44)) - raft.grpc.client.port = 0 (custom)
2021-10-29 00:42:44,079 [Listener at 127.0.0.1/33923] INFO  grpc.GrpcConfigKeys (ConfUtils.java:logGet(44)) - raft.grpc.server.port = 0 (default)
2021-10-29 00:42:44,079 [Listener at 127.0.0.1/33923] INFO  server.GrpcService (ConfUtils.java:logGet(44)) - raft.grpc.message.size.max = 32MB (=33554432) (custom)
2021-10-29 00:42:44,079 [Listener at 127.0.0.1/33923] INFO  server.RaftServerConfigKeys (ConfUtils.java:logGet(44)) - raft.server.log.appender.buffer.byte-limit = 33554432 (custom)
2021-10-29 00:42:44,079 [Listener at 127.0.0.1/33923] INFO  server.GrpcService (ConfUtils.java:logGet(44)) - raft.grpc.flow.control.window = 5MB (=5242880) (custom)
2021-10-29 00:42:44,079 [Listener at 127.0.0.1/33923] INFO  server.RaftServerConfigKeys (ConfUtils.java:logGet(44)) - raft.server.rpc.request.timeout = 60s (custom)
2021-10-29 00:42:44,081 [Listener at 127.0.0.1/33923] INFO  impl.DataStreamServerImpl (ConfUtils.java:logGet(44)) - raft.datastream.type = DISABLED (default)
2021-10-29 00:42:44,081 [Listener at 127.0.0.1/33923] INFO  server.RaftServerConfigKeys (ConfUtils.java:logGet(44)) - raft.server.rpc.slowness.timeout = 300s (custom)
2021-10-29 00:42:44,081 [Listener at 127.0.0.1/33923] INFO  server.RaftServerConfigKeys (ConfUtils.java:logGet(44)) - raft.server.leaderelection.leader.step-down.wait-time = 10s (default)
2021-10-29 00:42:44,081 [Listener at 127.0.0.1/33923] INFO  server.RaftServerConfigKeys (ConfUtils.java:logGet(44)) - raft.server.storage.dir = [/home/runner/work/ozone/ozone/hadoop-ozone/integration-test/target/test-dir/MiniOzoneClusterImpl-5f5ad6f1-7ccc-43e5-92d9-031f7ba6440e/datanode-0/data/ratis] (custom)
2021-10-29 00:42:44,100 [Listener at 127.0.0.1/33923] INFO  http.BaseHttpServer (BaseHttpServer.java:newHttpServer2BuilderForOzone(209)) - Starting Web-server for hddsDatanode at: http://0.0.0.0:0
2021-10-29 00:42:44,101 [Listener at 127.0.0.1/33923] INFO  http.BaseHttpServer (BaseHttpServer.java:<init>(107)) - Hadoop Security Enabled: false Ozone Security Enabled: false Ozone HTTP Security Enabled: false 
2021-10-29 00:42:44,102 [Listener at 127.0.0.1/33923] INFO  server.AuthenticationFilter (AuthenticationFilter.java:constructSecretProvider(240)) - Unable to initialize FileSignerSecretProvider, falling back to use random secrets.
2021-10-29 00:42:44,106 [Listener at 127.0.0.1/33923] WARN  http.HttpRequestLog (HttpRequestLog.java:getRequestLog(103)) - Jetty request log can only be enabled using Log4j
2021-10-29 00:42:44,107 [Listener at 127.0.0.1/33923] INFO  http.HttpServer2 (HttpServer2.java:addGlobalFilter(1030)) - Added global filter 'safety' (class=org.apache.hadoop.hdds.server.http.HttpServer2$QuotingInputFilter)
2021-10-29 00:42:44,107 [Listener at 127.0.0.1/33923] INFO  http.HttpServer2 (HttpServer2.java:addFilter(1006)) - Added filter static_user_filter (class=org.apache.hadoop.http.lib.StaticUserWebFilter$StaticUserFilter) to context hddsDatanode
2021-10-29 00:42:44,107 [Listener at 127.0.0.1/33923] INFO  http.HttpServer2 (HttpServer2.java:addFilter(1014)) - Added filter static_user_filter (class=org.apache.hadoop.http.lib.StaticUserWebFilter$StaticUserFilter) to context static
2021-10-29 00:42:44,107 [Listener at 127.0.0.1/33923] INFO  http.HttpServer2 (HttpServer2.java:addFilter(1014)) - Added filter static_user_filter (class=org.apache.hadoop.http.lib.StaticUserWebFilter$StaticUserFilter) to context logs
2021-10-29 00:42:44,108 [Listener at 127.0.0.1/33923] INFO  http.HttpServer2 (HttpServer2.java:bindListener(1249)) - Jetty bound to port 41843
2021-10-29 00:42:44,108 [Listener at 127.0.0.1/33923] INFO  server.Server (Server.java:doStart(375)) - jetty-9.4.43.v20210629; built: 2021-06-30T11:07:22.254Z; git: 526006ecfa3af7f1a27ef3a288e2bef7ea9dd7e8; jvm 1.8.0_292-b10
2021-10-29 00:42:44,131 [Listener at 127.0.0.1/33923] INFO  server.session (DefaultSessionIdManager.java:doStart(334)) - DefaultSessionIdManager workerName=node0
2021-10-29 00:42:44,131 [Listener at 127.0.0.1/33923] INFO  server.session (DefaultSessionIdManager.java:doStart(339)) - No SessionScavenger set, using defaults
2021-10-29 00:42:44,132 [Listener at 127.0.0.1/33923] INFO  server.session (HouseKeeper.java:startScavenging(132)) - node0 Scavenging every 600000ms
2021-10-29 00:42:44,132 [Listener at 127.0.0.1/33923] INFO  handler.ContextHandler (ContextHandler.java:doStart(915)) - Started o.e.j.s.ServletContextHandler@5c7a60b3{logs,/logs,file:///home/runner/work/ozone/ozone/hadoop-ozone/integration-test/target/log,AVAILABLE}
2021-10-29 00:42:44,133 [Listener at 127.0.0.1/33923] INFO  handler.ContextHandler (ContextHandler.java:doStart(915)) - Started o.e.j.s.ServletContextHandler@49c54db6{static,/static,jar:file:/home/runner/.m2/repository/org/apache/ozone/hdds-container-service/1.2.0-SNAPSHOT/hdds-container-service-1.2.0-SNAPSHOT.jar!/webapps/static,AVAILABLE}
2021-10-29 00:42:44,192 [ReplicationMonitor] INFO  container.ReplicationManager (ReplicationManager.java:processAll(371)) - Replication Monitor Thread took 0 milliseconds for processing 1 containers.
2021-10-29 00:42:44,213 [Listener at 127.0.0.1/33923] INFO  handler.ContextHandler (ContextHandler.java:doStart(915)) - Started o.e.j.w.WebAppContext@604b5119{hddsDatanode,/,file:///tmp/jetty-0_0_0_0-41843-hdds-container-service-1_2_0-SNAPSHOT_jar-_-any-6671143368847563200/webapp/,AVAILABLE}{jar:file:/home/runner/.m2/repository/org/apache/ozone/hdds-container-service/1.2.0-SNAPSHOT/hdds-container-service-1.2.0-SNAPSHOT.jar!/webapps/hddsDatanode}
2021-10-29 00:42:44,216 [Listener at 127.0.0.1/33923] INFO  server.AbstractConnector (AbstractConnector.java:doStart(331)) - Started ServerConnector@545dc68{HTTP/1.1, (http/1.1)}{0.0.0.0:41843}
2021-10-29 00:42:44,216 [Listener at 127.0.0.1/33923] INFO  server.Server (Server.java:doStart(415)) - Started @26133ms
2021-10-29 00:42:44,216 [Listener at 127.0.0.1/33923] WARN  impl.MetricsSystemImpl (MetricsSystemImpl.java:register(279)) - Sink prometheus already exists!
2021-10-29 00:42:44,217 [Listener at 127.0.0.1/33923] INFO  http.BaseHttpServer (BaseHttpServer.java:updateConnectorAddress(329)) - HTTP server of hddsDatanode listening at http://0.0.0.0:41843
2021-10-29 00:42:44,222 [Listener at 127.0.0.1/33923] WARN  impl.MetricRegistriesImpl (MetricRegistriesImpl.java:addReporterRegistration(111)) - New reporters are added after registries were created. Some metrics will be missing from the reporter. Please add reporter before adding any new registry.
2021-10-29 00:42:44,222 [Listener at 127.0.0.1/33923] WARN  impl.MetricRegistriesImpl (MetricRegistriesImpl.java:addReporterRegistration(111)) - New reporters are added after registries were created. Some metrics will be missing from the reporter. Please add reporter before adding any new registry.
2021-10-29 00:42:44,222 [Listener at 127.0.0.1/33923] INFO  impl.MetricsSystemImpl (MetricsSystemImpl.java:init(158)) - HddsDatanode metrics system started (again)
2021-10-29 00:42:44,241 [Datanode State Machine Daemon Thread] INFO  statemachine.DatanodeStateMachine (DatanodeStateMachine.java:lambda$startDaemon$0(467)) - Ozone container server started.
2021-10-29 00:42:44,262 [org.apache.hadoop.util.JvmPauseMonitor$Monitor@1c3cdce1] INFO  util.JvmPauseMonitor (JvmPauseMonitor.java:run(188)) - Starting JVM pause monitor
2021-10-29 00:42:44,267 [Datanode State Machine Task Thread - 0] INFO  datanode.InitDatanodeState (InitDatanodeState.java:persistContainerDatanodeDetails(145)) - DatanodeDetails is persisted to /home/runner/work/ozone/ozone/hadoop-ozone/integration-test/target/test-dir/MiniOzoneClusterImpl-5f5ad6f1-7ccc-43e5-92d9-031f7ba6440e/datanode-0/meta/datanode.id
2021-10-29 00:42:44,280 [Listener at 127.0.0.1/33923] INFO  ozone.HddsDatanodeService (HddsDatanodeService.java:start(234)) - HddsDatanodeService host:fv-az291-161.wgnan5asplgejimfprtllbpdch.jx.internal.cloudapp.net ip:10.1.0.32
2021-10-29 00:42:44,317 [Listener at 127.0.0.1/33923] INFO  upgrade.AbstractLayoutVersionManager (AbstractLayoutVersionManager.java:init(79)) - Initializing Layout version manager with metadata layout = SCM_HA (version = 2), software layout = SCM_HA (version = 2)
2021-10-29 00:42:44,427 [Listener at 127.0.0.1/33923] INFO  reflections.Reflections (Reflections.java:scan(232)) - Reflections took 108 ms to scan 7 urls, producing 119 keys and 279 values 
2021-10-29 00:42:44,430 [Listener at 127.0.0.1/33923] INFO  statemachine.DatanodeStateMachine (DatanodeStateMachine.java:getEndPointTaskThreadPoolSize(219)) - Datanode State Machine Task Thread Pool size 2
2021-10-29 00:42:44,444 [Listener at 127.0.0.1/33923] INFO  volume.HddsVolume (HddsVolume.java:<init>(120)) - Creating HddsVolume: /home/runner/work/ozone/ozone/hadoop-ozone/integration-test/target/test-dir/MiniOzoneClusterImpl-5f5ad6f1-7ccc-43e5-92d9-031f7ba6440e/datanode-1/data-0/containers/hdds of storage type : DISK capacity : 9223372036854775807
2021-10-29 00:42:44,445 [Listener at 127.0.0.1/33923] INFO  volume.MutableVolumeSet (MutableVolumeSet.java:initializeVolumeSet(168)) - Added Volume : /home/runner/work/ozone/ozone/hadoop-ozone/integration-test/target/test-dir/MiniOzoneClusterImpl-5f5ad6f1-7ccc-43e5-92d9-031f7ba6440e/datanode-1/data-0/containers/hdds to VolumeSet
2021-10-29 00:42:44,445 [Listener at 127.0.0.1/33923] INFO  volume.ThrottledAsyncChecker (ThrottledAsyncChecker.java:schedule(141)) - Scheduling a check for /home/runner/work/ozone/ozone/hadoop-ozone/integration-test/target/test-dir/MiniOzoneClusterImpl-5f5ad6f1-7ccc-43e5-92d9-031f7ba6440e/datanode-1/data-0/containers/hdds
2021-10-29 00:42:44,470 [Listener at 127.0.0.1/33923] INFO  volume.StorageVolumeChecker (StorageVolumeChecker.java:checkAllVolumes(202)) - Scheduled health check for volume /home/runner/work/ozone/ozone/hadoop-ozone/integration-test/target/test-dir/MiniOzoneClusterImpl-5f5ad6f1-7ccc-43e5-92d9-031f7ba6440e/datanode-1/data-0/containers/hdds
2021-10-29 00:42:44,495 [Listener at 127.0.0.1/33923] INFO  volume.MutableVolumeSet (MutableVolumeSet.java:initializeVolumeSet(168)) - Added Volume : /home/runner/work/ozone/ozone/hadoop-ozone/integration-test/target/test-dir/MiniOzoneClusterImpl-5f5ad6f1-7ccc-43e5-92d9-031f7ba6440e/datanode-1/data/ratis to VolumeSet
2021-10-29 00:42:44,500 [Listener at 127.0.0.1/33923] INFO  volume.ThrottledAsyncChecker (ThrottledAsyncChecker.java:schedule(141)) - Scheduling a check for /home/runner/work/ozone/ozone/hadoop-ozone/integration-test/target/test-dir/MiniOzoneClusterImpl-5f5ad6f1-7ccc-43e5-92d9-031f7ba6440e/datanode-1/data/ratis
2021-10-29 00:42:44,505 [Listener at 127.0.0.1/33923] INFO  volume.StorageVolumeChecker (StorageVolumeChecker.java:checkAllVolumes(202)) - Scheduled health check for volume /home/runner/work/ozone/ozone/hadoop-ozone/integration-test/target/test-dir/MiniOzoneClusterImpl-5f5ad6f1-7ccc-43e5-92d9-031f7ba6440e/datanode-1/data/ratis
2021-10-29 00:42:44,540 [Thread-466] INFO  ozoneimpl.ContainerReader (ContainerReader.java:readVolume(172)) - Finish verifying containers on volume /home/runner/work/ozone/ozone/hadoop-ozone/integration-test/target/test-dir/MiniOzoneClusterImpl-5f5ad6f1-7ccc-43e5-92d9-031f7ba6440e/datanode-1/data-0/containers/hdds
2021-10-29 00:42:44,542 [Listener at 127.0.0.1/33923] INFO  ozoneimpl.OzoneContainer (OzoneContainer.java:buildContainerSet(236)) - Build ContainerSet costs 0s
2021-10-29 00:42:44,544 [Listener at 127.0.0.1/33923] INFO  server.RaftServer (ConfUtils.java:logGet(44)) - raft.rpc.type = GRPC (default)
2021-10-29 00:42:44,544 [Listener at 127.0.0.1/33923] INFO  grpc.GrpcFactory (GrpcFactory.java:checkPooledByteBufAllocatorUseCacheForAllThreads(48)) - PERFORMANCE WARNING: useCacheForAllThreads is true that may cause Netty to create a lot garbage objects and, as a result, trigger GC.
	It is recommended to disable useCacheForAllThreads by setting -Dorg.apache.ratis.thirdparty.io.netty.allocator.useCacheForAllThreads=false in command line.
2021-10-29 00:42:44,544 [Listener at 127.0.0.1/33923] INFO  grpc.GrpcConfigKeys (ConfUtils.java:logGet(44)) - raft.grpc.admin.port = 0 (custom)
2021-10-29 00:42:44,544 [Listener at 127.0.0.1/33923] INFO  grpc.GrpcConfigKeys (ConfUtils.java:logGet(44)) - raft.grpc.client.port = 0 (custom)
2021-10-29 00:42:44,545 [Listener at 127.0.0.1/33923] INFO  grpc.GrpcConfigKeys (ConfUtils.java:logGet(44)) - raft.grpc.server.port = 0 (default)
2021-10-29 00:42:44,549 [Listener at 127.0.0.1/33923] INFO  server.GrpcService (ConfUtils.java:logGet(44)) - raft.grpc.message.size.max = 32MB (=33554432) (custom)
2021-10-29 00:42:44,549 [Listener at 127.0.0.1/33923] INFO  server.RaftServerConfigKeys (ConfUtils.java:logGet(44)) - raft.server.log.appender.buffer.byte-limit = 33554432 (custom)
2021-10-29 00:42:44,549 [Listener at 127.0.0.1/33923] INFO  server.GrpcService (ConfUtils.java:logGet(44)) - raft.grpc.flow.control.window = 5MB (=5242880) (custom)
2021-10-29 00:42:44,551 [Listener at 127.0.0.1/33923] INFO  server.RaftServerConfigKeys (ConfUtils.java:logGet(44)) - raft.server.rpc.request.timeout = 60s (custom)
2021-10-29 00:42:44,553 [Listener at 127.0.0.1/33923] INFO  impl.DataStreamServerImpl (ConfUtils.java:logGet(44)) - raft.datastream.type = DISABLED (default)
2021-10-29 00:42:44,553 [Listener at 127.0.0.1/33923] INFO  server.RaftServerConfigKeys (ConfUtils.java:logGet(44)) - raft.server.rpc.slowness.timeout = 300s (custom)
2021-10-29 00:42:44,554 [Listener at 127.0.0.1/33923] INFO  server.RaftServerConfigKeys (ConfUtils.java:logGet(44)) - raft.server.leaderelection.leader.step-down.wait-time = 10s (default)
2021-10-29 00:42:44,554 [Listener at 127.0.0.1/33923] INFO  server.RaftServerConfigKeys (ConfUtils.java:logGet(44)) - raft.server.storage.dir = [/home/runner/work/ozone/ozone/hadoop-ozone/integration-test/target/test-dir/MiniOzoneClusterImpl-5f5ad6f1-7ccc-43e5-92d9-031f7ba6440e/datanode-1/data/ratis] (custom)
2021-10-29 00:42:44,562 [Listener at 127.0.0.1/33923] INFO  http.BaseHttpServer (BaseHttpServer.java:newHttpServer2BuilderForOzone(209)) - Starting Web-server for hddsDatanode at: http://0.0.0.0:0
2021-10-29 00:42:44,562 [Listener at 127.0.0.1/33923] INFO  http.BaseHttpServer (BaseHttpServer.java:<init>(107)) - Hadoop Security Enabled: false Ozone Security Enabled: false Ozone HTTP Security Enabled: false 
2021-10-29 00:42:44,563 [Listener at 127.0.0.1/33923] INFO  server.AuthenticationFilter (AuthenticationFilter.java:constructSecretProvider(240)) - Unable to initialize FileSignerSecretProvider, falling back to use random secrets.
2021-10-29 00:42:44,564 [Listener at 127.0.0.1/33923] WARN  http.HttpRequestLog (HttpRequestLog.java:getRequestLog(103)) - Jetty request log can only be enabled using Log4j
2021-10-29 00:42:44,564 [Listener at 127.0.0.1/33923] INFO  http.HttpServer2 (HttpServer2.java:addGlobalFilter(1030)) - Added global filter 'safety' (class=org.apache.hadoop.hdds.server.http.HttpServer2$QuotingInputFilter)
2021-10-29 00:42:44,566 [Listener at 127.0.0.1/33923] INFO  http.HttpServer2 (HttpServer2.java:addFilter(1006)) - Added filter static_user_filter (class=org.apache.hadoop.http.lib.StaticUserWebFilter$StaticUserFilter) to context hddsDatanode
2021-10-29 00:42:44,566 [Listener at 127.0.0.1/33923] INFO  http.HttpServer2 (HttpServer2.java:addFilter(1014)) - Added filter static_user_filter (class=org.apache.hadoop.http.lib.StaticUserWebFilter$StaticUserFilter) to context static
2021-10-29 00:42:44,568 [Listener at 127.0.0.1/33923] INFO  http.HttpServer2 (HttpServer2.java:addFilter(1014)) - Added filter static_user_filter (class=org.apache.hadoop.http.lib.StaticUserWebFilter$StaticUserFilter) to context logs
2021-10-29 00:42:44,569 [Listener at 127.0.0.1/33923] INFO  http.HttpServer2 (HttpServer2.java:bindListener(1249)) - Jetty bound to port 35119
2021-10-29 00:42:44,569 [Listener at 127.0.0.1/33923] INFO  server.Server (Server.java:doStart(375)) - jetty-9.4.43.v20210629; built: 2021-06-30T11:07:22.254Z; git: 526006ecfa3af7f1a27ef3a288e2bef7ea9dd7e8; jvm 1.8.0_292-b10
2021-10-29 00:42:44,572 [Listener at 127.0.0.1/33923] INFO  server.session (DefaultSessionIdManager.java:doStart(334)) - DefaultSessionIdManager workerName=node0
2021-10-29 00:42:44,573 [Listener at 127.0.0.1/33923] INFO  server.session (DefaultSessionIdManager.java:doStart(339)) - No SessionScavenger set, using defaults
2021-10-29 00:42:44,573 [Listener at 127.0.0.1/33923] INFO  server.session (HouseKeeper.java:startScavenging(132)) - node0 Scavenging every 600000ms
2021-10-29 00:42:44,577 [Listener at 127.0.0.1/33923] INFO  handler.ContextHandler (ContextHandler.java:doStart(915)) - Started o.e.j.s.ServletContextHandler@7cde1e61{logs,/logs,file:///home/runner/work/ozone/ozone/hadoop-ozone/integration-test/target/log,AVAILABLE}
2021-10-29 00:42:44,577 [Listener at 127.0.0.1/33923] INFO  handler.ContextHandler (ContextHandler.java:doStart(915)) - Started o.e.j.s.ServletContextHandler@6653dcd8{static,/static,jar:file:/home/runner/.m2/repository/org/apache/ozone/hdds-container-service/1.2.0-SNAPSHOT/hdds-container-service-1.2.0-SNAPSHOT.jar!/webapps/static,AVAILABLE}
2021-10-29 00:42:44,653 [Listener at 127.0.0.1/33923] INFO  handler.ContextHandler (ContextHandler.java:doStart(915)) - Started o.e.j.w.WebAppContext@479a01b4{hddsDatanode,/,file:///tmp/jetty-0_0_0_0-35119-hdds-container-service-1_2_0-SNAPSHOT_jar-_-any-3316122410489790418/webapp/,AVAILABLE}{jar:file:/home/runner/.m2/repository/org/apache/ozone/hdds-container-service/1.2.0-SNAPSHOT/hdds-container-service-1.2.0-SNAPSHOT.jar!/webapps/hddsDatanode}
2021-10-29 00:42:44,657 [Listener at 127.0.0.1/33923] INFO  server.AbstractConnector (AbstractConnector.java:doStart(331)) - Started ServerConnector@73c8e262{HTTP/1.1, (http/1.1)}{0.0.0.0:35119}
2021-10-29 00:42:44,657 [Listener at 127.0.0.1/33923] INFO  server.Server (Server.java:doStart(415)) - Started @26574ms
2021-10-29 00:42:44,657 [Listener at 127.0.0.1/33923] WARN  impl.MetricsSystemImpl (MetricsSystemImpl.java:register(279)) - Sink prometheus already exists!
2021-10-29 00:42:44,660 [Listener at 127.0.0.1/33923] INFO  http.BaseHttpServer (BaseHttpServer.java:updateConnectorAddress(329)) - HTTP server of hddsDatanode listening at http://0.0.0.0:35119
2021-10-29 00:42:44,668 [Datanode State Machine Daemon Thread] INFO  statemachine.DatanodeStateMachine (DatanodeStateMachine.java:lambda$startDaemon$0(467)) - Ozone container server started.
2021-10-29 00:42:44,668 [Listener at 127.0.0.1/33923] WARN  impl.MetricRegistriesImpl (MetricRegistriesImpl.java:addReporterRegistration(111)) - New reporters are added after registries were created. Some metrics will be missing from the reporter. Please add reporter before adding any new registry.
2021-10-29 00:42:44,670 [Listener at 127.0.0.1/33923] WARN  impl.MetricRegistriesImpl (MetricRegistriesImpl.java:addReporterRegistration(111)) - New reporters are added after registries were created. Some metrics will be missing from the reporter. Please add reporter before adding any new registry.
2021-10-29 00:42:44,670 [Listener at 127.0.0.1/33923] INFO  impl.MetricsSystemImpl (MetricsSystemImpl.java:init(158)) - HddsDatanode metrics system started (again)
2021-10-29 00:42:44,704 [Listener at 127.0.0.1/33923] INFO  ozone.HddsDatanodeService (HddsDatanodeService.java:start(234)) - HddsDatanodeService host:fv-az291-161.wgnan5asplgejimfprtllbpdch.jx.internal.cloudapp.net ip:10.1.0.32
2021-10-29 00:42:44,709 [org.apache.hadoop.util.JvmPauseMonitor$Monitor@169ac8ee] INFO  util.JvmPauseMonitor (JvmPauseMonitor.java:run(188)) - Starting JVM pause monitor
2021-10-29 00:42:44,719 [Datanode State Machine Task Thread - 0] INFO  datanode.InitDatanodeState (InitDatanodeState.java:persistContainerDatanodeDetails(145)) - DatanodeDetails is persisted to /home/runner/work/ozone/ozone/hadoop-ozone/integration-test/target/test-dir/MiniOzoneClusterImpl-5f5ad6f1-7ccc-43e5-92d9-031f7ba6440e/datanode-1/meta/datanode.id
2021-10-29 00:42:44,739 [Listener at 127.0.0.1/33923] INFO  upgrade.AbstractLayoutVersionManager (AbstractLayoutVersionManager.java:init(79)) - Initializing Layout version manager with metadata layout = SCM_HA (version = 2), software layout = SCM_HA (version = 2)
2021-10-29 00:42:44,837 [Listener at 127.0.0.1/33923] INFO  reflections.Reflections (Reflections.java:scan(232)) - Reflections took 97 ms to scan 7 urls, producing 119 keys and 279 values 
2021-10-29 00:42:44,844 [Listener at 127.0.0.1/33923] INFO  statemachine.DatanodeStateMachine (DatanodeStateMachine.java:getEndPointTaskThreadPoolSize(219)) - Datanode State Machine Task Thread Pool size 2
2021-10-29 00:42:44,846 [Listener at 127.0.0.1/33923] INFO  volume.HddsVolume (HddsVolume.java:<init>(120)) - Creating HddsVolume: /home/runner/work/ozone/ozone/hadoop-ozone/integration-test/target/test-dir/MiniOzoneClusterImpl-5f5ad6f1-7ccc-43e5-92d9-031f7ba6440e/datanode-2/data-0/containers/hdds of storage type : DISK capacity : 9223372036854775807
2021-10-29 00:42:44,846 [Listener at 127.0.0.1/33923] INFO  volume.MutableVolumeSet (MutableVolumeSet.java:initializeVolumeSet(168)) - Added Volume : /home/runner/work/ozone/ozone/hadoop-ozone/integration-test/target/test-dir/MiniOzoneClusterImpl-5f5ad6f1-7ccc-43e5-92d9-031f7ba6440e/datanode-2/data-0/containers/hdds to VolumeSet
2021-10-29 00:42:44,846 [Listener at 127.0.0.1/33923] INFO  volume.ThrottledAsyncChecker (ThrottledAsyncChecker.java:schedule(141)) - Scheduling a check for /home/runner/work/ozone/ozone/hadoop-ozone/integration-test/target/test-dir/MiniOzoneClusterImpl-5f5ad6f1-7ccc-43e5-92d9-031f7ba6440e/datanode-2/data-0/containers/hdds
2021-10-29 00:42:44,847 [Listener at 127.0.0.1/33923] INFO  volume.StorageVolumeChecker (StorageVolumeChecker.java:checkAllVolumes(202)) - Scheduled health check for volume /home/runner/work/ozone/ozone/hadoop-ozone/integration-test/target/test-dir/MiniOzoneClusterImpl-5f5ad6f1-7ccc-43e5-92d9-031f7ba6440e/datanode-2/data-0/containers/hdds
2021-10-29 00:42:44,887 [Listener at 127.0.0.1/33923] INFO  volume.MutableVolumeSet (MutableVolumeSet.java:initializeVolumeSet(168)) - Added Volume : /home/runner/work/ozone/ozone/hadoop-ozone/integration-test/target/test-dir/MiniOzoneClusterImpl-5f5ad6f1-7ccc-43e5-92d9-031f7ba6440e/datanode-2/data/ratis to VolumeSet
2021-10-29 00:42:44,894 [Listener at 127.0.0.1/33923] INFO  volume.ThrottledAsyncChecker (ThrottledAsyncChecker.java:schedule(141)) - Scheduling a check for /home/runner/work/ozone/ozone/hadoop-ozone/integration-test/target/test-dir/MiniOzoneClusterImpl-5f5ad6f1-7ccc-43e5-92d9-031f7ba6440e/datanode-2/data/ratis
2021-10-29 00:42:44,895 [Listener at 127.0.0.1/33923] INFO  volume.StorageVolumeChecker (StorageVolumeChecker.java:checkAllVolumes(202)) - Scheduled health check for volume /home/runner/work/ozone/ozone/hadoop-ozone/integration-test/target/test-dir/MiniOzoneClusterImpl-5f5ad6f1-7ccc-43e5-92d9-031f7ba6440e/datanode-2/data/ratis
2021-10-29 00:42:44,917 [om1@group-C5BA1605619E-FollowerState] INFO  impl.FollowerState (FollowerState.java:run(134)) - om1@group-C5BA1605619E-FollowerState: change to CANDIDATE, lastRpcElapsedTime:1154848687ns, electionTimeout:1149ms
2021-10-29 00:42:44,917 [om1@group-C5BA1605619E-FollowerState] INFO  impl.RoleInfo (RoleInfo.java:shutdownFollowerState(108)) - om1: shutdown om1@group-C5BA1605619E-FollowerState
2021-10-29 00:42:44,918 [om1@group-C5BA1605619E-FollowerState] INFO  server.RaftServer$Division (RaftServerImpl.java:setRole(290)) - om1@group-C5BA1605619E: changes role from  FOLLOWER to CANDIDATE at term 0 for changeToCandidate
2021-10-29 00:42:44,918 [om1@group-C5BA1605619E-FollowerState] INFO  server.RaftServerConfigKeys (ConfUtils.java:logGet(44)) - raft.server.leaderelection.pre-vote = false (custom)
2021-10-29 00:42:44,918 [om1@group-C5BA1605619E-FollowerState] INFO  impl.RoleInfo (RoleInfo.java:updateAndGet(130)) - om1: start om1@group-C5BA1605619E-LeaderElection14
2021-10-29 00:42:44,934 [om1@group-C5BA1605619E-LeaderElection14] INFO  impl.LeaderElection (LeaderElection.java:askForVotes(306)) - om1@group-C5BA1605619E-LeaderElection14 ELECTION round 0: submit vote requests at term 1 for -1: [om1|rpc:localhost:43025|priority:0], old=null
2021-10-29 00:42:44,934 [om1@group-C5BA1605619E-LeaderElection14] INFO  impl.LeaderElection (LeaderElection.java:askForVotes(308)) - om1@group-C5BA1605619E-LeaderElection14 ELECTION round 0: result PASSED (term=1)
2021-10-29 00:42:44,934 [om1@group-C5BA1605619E-LeaderElection14] INFO  impl.RoleInfo (RoleInfo.java:shutdownLeaderElection(121)) - om1: shutdown om1@group-C5BA1605619E-LeaderElection14
2021-10-29 00:42:44,934 [om1@group-C5BA1605619E-LeaderElection14] INFO  server.RaftServer$Division (RaftServerImpl.java:setRole(290)) - om1@group-C5BA1605619E: changes role from CANDIDATE to LEADER at term 1 for changeToLeader
2021-10-29 00:42:44,935 [om1@group-C5BA1605619E-LeaderElection14] INFO  server.RaftServer$Division (ServerState.java:setLeader(285)) - om1@group-C5BA1605619E: change Leader from null to om1 at term 1 for becomeLeader, leader elected after 1219ms
2021-10-29 00:42:44,935 [om1@group-C5BA1605619E-LeaderElection14] INFO  server.RaftServerConfigKeys (ConfUtils.java:logGet(44)) - raft.server.staging.catchup.gap = 1000 (default)
2021-10-29 00:42:44,935 [om1@group-C5BA1605619E-LeaderElection14] INFO  server.RaftServerConfigKeys (ConfUtils.java:logGet(44)) - raft.server.write.element-limit = 4096 (default)
2021-10-29 00:42:44,935 [om1@group-C5BA1605619E-LeaderElection14] INFO  server.RaftServerConfigKeys (ConfUtils.java:logGet(44)) - raft.server.write.byte-limit = 64MB (=67108864) (default)
2021-10-29 00:42:44,935 [om1@group-C5BA1605619E-LeaderElection14] INFO  server.RaftServerConfigKeys (ConfUtils.java:logGet(44)) - raft.server.watch.timeout = 10s (default)
2021-10-29 00:42:44,935 [om1@group-C5BA1605619E-LeaderElection14] INFO  server.RaftServerConfigKeys (ConfUtils.java:logGet(44)) - raft.server.watch.timeout.denomination = 1s (default)
2021-10-29 00:42:44,935 [om1@group-C5BA1605619E-LeaderElection14] INFO  server.RaftServerConfigKeys (ConfUtils.java:logGet(44)) - raft.server.watch.element-limit = 65536 (default)
2021-10-29 00:42:44,935 [om1@group-C5BA1605619E-LeaderElection14] INFO  server.RaftServerConfigKeys (ConfUtils.java:logGet(44)) - raft.server.write.element-limit = 4096 (default)
2021-10-29 00:42:44,935 [om1@group-C5BA1605619E-LeaderElection14] INFO  server.RaftServerConfigKeys (ConfUtils.java:logGet(44)) - raft.server.write.follower.gap.ratio.max = -1.0 (default)
2021-10-29 00:42:44,935 [om1@group-C5BA1605619E-LeaderElection14] INFO  impl.RoleInfo (RoleInfo.java:updateAndGet(130)) - om1: start om1@group-C5BA1605619E-LeaderStateImpl
2021-10-29 00:42:44,935 [om1@group-C5BA1605619E-LeaderElection14] INFO  segmented.SegmentedRaftLogWorker (SegmentedRaftLogWorker.java:startLogSegment(394)) - om1@group-C5BA1605619E-SegmentedRaftLogWorker: Starting segment from index:0
2021-10-29 00:42:44,938 [Thread-493] INFO  ozoneimpl.ContainerReader (ContainerReader.java:readVolume(172)) - Finish verifying containers on volume /home/runner/work/ozone/ozone/hadoop-ozone/integration-test/target/test-dir/MiniOzoneClusterImpl-5f5ad6f1-7ccc-43e5-92d9-031f7ba6440e/datanode-2/data-0/containers/hdds
2021-10-29 00:42:44,940 [Listener at 127.0.0.1/33923] INFO  ozoneimpl.OzoneContainer (OzoneContainer.java:buildContainerSet(236)) - Build ContainerSet costs 0s
2021-10-29 00:42:44,942 [Listener at 127.0.0.1/33923] INFO  server.RaftServer (ConfUtils.java:logGet(44)) - raft.rpc.type = GRPC (default)
2021-10-29 00:42:44,942 [Listener at 127.0.0.1/33923] INFO  grpc.GrpcFactory (GrpcFactory.java:checkPooledByteBufAllocatorUseCacheForAllThreads(48)) - PERFORMANCE WARNING: useCacheForAllThreads is true that may cause Netty to create a lot garbage objects and, as a result, trigger GC.
	It is recommended to disable useCacheForAllThreads by setting -Dorg.apache.ratis.thirdparty.io.netty.allocator.useCacheForAllThreads=false in command line.
2021-10-29 00:42:44,942 [Listener at 127.0.0.1/33923] INFO  grpc.GrpcConfigKeys (ConfUtils.java:logGet(44)) - raft.grpc.admin.port = 0 (custom)
2021-10-29 00:42:44,942 [Listener at 127.0.0.1/33923] INFO  grpc.GrpcConfigKeys (ConfUtils.java:logGet(44)) - raft.grpc.client.port = 0 (custom)
2021-10-29 00:42:44,943 [Listener at 127.0.0.1/33923] INFO  grpc.GrpcConfigKeys (ConfUtils.java:logGet(44)) - raft.grpc.server.port = 0 (default)
2021-10-29 00:42:44,943 [Listener at 127.0.0.1/33923] INFO  server.GrpcService (ConfUtils.java:logGet(44)) - raft.grpc.message.size.max = 32MB (=33554432) (custom)
2021-10-29 00:42:44,943 [Listener at 127.0.0.1/33923] INFO  server.RaftServerConfigKeys (ConfUtils.java:logGet(44)) - raft.server.log.appender.buffer.byte-limit = 33554432 (custom)
2021-10-29 00:42:44,943 [Listener at 127.0.0.1/33923] INFO  server.GrpcService (ConfUtils.java:logGet(44)) - raft.grpc.flow.control.window = 5MB (=5242880) (custom)
2021-10-29 00:42:44,943 [Listener at 127.0.0.1/33923] INFO  server.RaftServerConfigKeys (ConfUtils.java:logGet(44)) - raft.server.rpc.request.timeout = 60s (custom)
2021-10-29 00:42:44,945 [Listener at 127.0.0.1/33923] INFO  impl.DataStreamServerImpl (ConfUtils.java:logGet(44)) - raft.datastream.type = DISABLED (default)
2021-10-29 00:42:44,947 [Listener at 127.0.0.1/33923] INFO  server.RaftServerConfigKeys (ConfUtils.java:logGet(44)) - raft.server.rpc.slowness.timeout = 300s (custom)
2021-10-29 00:42:44,947 [Listener at 127.0.0.1/33923] INFO  server.RaftServerConfigKeys (ConfUtils.java:logGet(44)) - raft.server.leaderelection.leader.step-down.wait-time = 10s (default)
2021-10-29 00:42:44,945 [om1@group-C5BA1605619E-SegmentedRaftLogWorker] INFO  segmented.SegmentedRaftLogWorker (SegmentedRaftLogWorker.java:execute(601)) - om1@group-C5BA1605619E-SegmentedRaftLogWorker: created new log segment /home/runner/work/ozone/ozone/hadoop-ozone/integration-test/target/test-dir/MiniOzoneClusterImpl-5f5ad6f1-7ccc-43e5-92d9-031f7ba6440e/ozone-meta/ratis/bf265839-605b-3f16-9796-c5ba1605619e/current/log_inprogress_0
2021-10-29 00:42:44,947 [Listener at 127.0.0.1/33923] INFO  server.RaftServerConfigKeys (ConfUtils.java:logGet(44)) - raft.server.storage.dir = [/home/runner/work/ozone/ozone/hadoop-ozone/integration-test/target/test-dir/MiniOzoneClusterImpl-5f5ad6f1-7ccc-43e5-92d9-031f7ba6440e/datanode-2/data/ratis] (custom)
2021-10-29 00:42:44,961 [Listener at 127.0.0.1/33923] INFO  http.BaseHttpServer (BaseHttpServer.java:newHttpServer2BuilderForOzone(209)) - Starting Web-server for hddsDatanode at: http://0.0.0.0:0
2021-10-29 00:42:44,961 [Listener at 127.0.0.1/33923] INFO  http.BaseHttpServer (BaseHttpServer.java:<init>(107)) - Hadoop Security Enabled: false Ozone Security Enabled: false Ozone HTTP Security Enabled: false 
2021-10-29 00:42:44,962 [Listener at 127.0.0.1/33923] INFO  server.AuthenticationFilter (AuthenticationFilter.java:constructSecretProvider(240)) - Unable to initialize FileSignerSecretProvider, falling back to use random secrets.
2021-10-29 00:42:44,973 [om1@group-C5BA1605619E-LeaderElection14] INFO  server.RaftServer$Division (ServerState.java:setRaftConf(387)) - om1@group-C5BA1605619E: set configuration 0: [om1|rpc:localhost:43025|admin:|client:|dataStream:|priority:0], old=null
2021-10-29 00:42:44,974 [om1@group-C5BA1605619E-StateMachineUpdater] INFO  ratis.OzoneManagerStateMachine (OzoneManagerStateMachine.java:notifyConfigurationChanged(188)) - Received Configuration change notification from Ratis. New Peer list:
[id: "om1"
address: "localhost:43025"
]
2021-10-29 00:42:44,983 [Listener at 127.0.0.1/33923] WARN  http.HttpRequestLog (HttpRequestLog.java:getRequestLog(103)) - Jetty request log can only be enabled using Log4j
2021-10-29 00:42:44,984 [Listener at 127.0.0.1/33923] INFO  http.HttpServer2 (HttpServer2.java:addGlobalFilter(1030)) - Added global filter 'safety' (class=org.apache.hadoop.hdds.server.http.HttpServer2$QuotingInputFilter)
2021-10-29 00:42:44,985 [Listener at 127.0.0.1/33923] INFO  http.HttpServer2 (HttpServer2.java:addFilter(1006)) - Added filter static_user_filter (class=org.apache.hadoop.http.lib.StaticUserWebFilter$StaticUserFilter) to context hddsDatanode
2021-10-29 00:42:44,985 [Listener at 127.0.0.1/33923] INFO  http.HttpServer2 (HttpServer2.java:addFilter(1014)) - Added filter static_user_filter (class=org.apache.hadoop.http.lib.StaticUserWebFilter$StaticUserFilter) to context logs
2021-10-29 00:42:44,985 [Listener at 127.0.0.1/33923] INFO  http.HttpServer2 (HttpServer2.java:addFilter(1014)) - Added filter static_user_filter (class=org.apache.hadoop.http.lib.StaticUserWebFilter$StaticUserFilter) to context static
2021-10-29 00:42:44,985 [Listener at 127.0.0.1/33923] INFO  http.HttpServer2 (HttpServer2.java:bindListener(1249)) - Jetty bound to port 38705
2021-10-29 00:42:44,985 [Listener at 127.0.0.1/33923] INFO  server.Server (Server.java:doStart(375)) - jetty-9.4.43.v20210629; built: 2021-06-30T11:07:22.254Z; git: 526006ecfa3af7f1a27ef3a288e2bef7ea9dd7e8; jvm 1.8.0_292-b10
2021-10-29 00:42:45,005 [Listener at 127.0.0.1/33923] INFO  server.session (DefaultSessionIdManager.java:doStart(334)) - DefaultSessionIdManager workerName=node0
2021-10-29 00:42:45,005 [Listener at 127.0.0.1/33923] INFO  server.session (DefaultSessionIdManager.java:doStart(339)) - No SessionScavenger set, using defaults
2021-10-29 00:42:45,005 [Listener at 127.0.0.1/33923] INFO  server.session (HouseKeeper.java:startScavenging(132)) - node0 Scavenging every 600000ms
2021-10-29 00:42:45,013 [Listener at 127.0.0.1/33923] INFO  handler.ContextHandler (ContextHandler.java:doStart(915)) - Started o.e.j.s.ServletContextHandler@9032127{logs,/logs,file:///home/runner/work/ozone/ozone/hadoop-ozone/integration-test/target/log,AVAILABLE}
2021-10-29 00:42:45,013 [Listener at 127.0.0.1/33923] INFO  handler.ContextHandler (ContextHandler.java:doStart(915)) - Started o.e.j.s.ServletContextHandler@23dd3229{static,/static,jar:file:/home/runner/.m2/repository/org/apache/ozone/hdds-container-service/1.2.0-SNAPSHOT/hdds-container-service-1.2.0-SNAPSHOT.jar!/webapps/static,AVAILABLE}
2021-10-29 00:42:45,034 [ReplicationMonitor] INFO  container.ReplicationManager (ReplicationManager.java:processAll(371)) - Replication Monitor Thread took 0 milliseconds for processing 0 containers.
2021-10-29 00:42:45,107 [Listener at 127.0.0.1/33923] INFO  handler.ContextHandler (ContextHandler.java:doStart(915)) - Started o.e.j.w.WebAppContext@15f80592{hddsDatanode,/,file:///tmp/jetty-0_0_0_0-38705-hdds-container-service-1_2_0-SNAPSHOT_jar-_-any-7215710882450398150/webapp/,AVAILABLE}{jar:file:/home/runner/.m2/repository/org/apache/ozone/hdds-container-service/1.2.0-SNAPSHOT/hdds-container-service-1.2.0-SNAPSHOT.jar!/webapps/hddsDatanode}
2021-10-29 00:42:45,113 [Listener at 127.0.0.1/33923] INFO  server.AbstractConnector (AbstractConnector.java:doStart(331)) - Started ServerConnector@7bd3e503{HTTP/1.1, (http/1.1)}{0.0.0.0:38705}
2021-10-29 00:42:45,113 [Listener at 127.0.0.1/33923] INFO  server.Server (Server.java:doStart(415)) - Started @27030ms
2021-10-29 00:42:45,113 [Listener at 127.0.0.1/33923] WARN  impl.MetricsSystemImpl (MetricsSystemImpl.java:register(279)) - Sink prometheus already exists!
2021-10-29 00:42:45,114 [Listener at 127.0.0.1/33923] INFO  http.BaseHttpServer (BaseHttpServer.java:updateConnectorAddress(329)) - HTTP server of hddsDatanode listening at http://0.0.0.0:38705
2021-10-29 00:42:45,116 [Datanode State Machine Daemon Thread] INFO  statemachine.DatanodeStateMachine (DatanodeStateMachine.java:lambda$startDaemon$0(467)) - Ozone container server started.
2021-10-29 00:42:45,116 [Listener at 127.0.0.1/33923] WARN  impl.MetricRegistriesImpl (MetricRegistriesImpl.java:addReporterRegistration(111)) - New reporters are added after registries were created. Some metrics will be missing from the reporter. Please add reporter before adding any new registry.
2021-10-29 00:42:45,116 [Listener at 127.0.0.1/33923] WARN  impl.MetricRegistriesImpl (MetricRegistriesImpl.java:addReporterRegistration(111)) - New reporters are added after registries were created. Some metrics will be missing from the reporter. Please add reporter before adding any new registry.
2021-10-29 00:42:45,116 [Listener at 127.0.0.1/33923] INFO  impl.MetricsSystemImpl (MetricsSystemImpl.java:init(158)) - HddsDatanode metrics system started (again)
2021-10-29 00:42:45,159 [Listener at 127.0.0.1/33923] INFO  ozone.HddsDatanodeService (HddsDatanodeService.java:start(234)) - HddsDatanodeService host:fv-az291-161.wgnan5asplgejimfprtllbpdch.jx.internal.cloudapp.net ip:10.1.0.32
2021-10-29 00:42:45,160 [org.apache.hadoop.util.JvmPauseMonitor$Monitor@7850441d] INFO  util.JvmPauseMonitor (JvmPauseMonitor.java:run(188)) - Starting JVM pause monitor
2021-10-29 00:42:45,175 [Datanode State Machine Task Thread - 0] INFO  datanode.InitDatanodeState (InitDatanodeState.java:persistContainerDatanodeDetails(145)) - DatanodeDetails is persisted to /home/runner/work/ozone/ozone/hadoop-ozone/integration-test/target/test-dir/MiniOzoneClusterImpl-5f5ad6f1-7ccc-43e5-92d9-031f7ba6440e/datanode-2/meta/datanode.id
2021-10-29 00:42:45,193 [ReplicationMonitor] INFO  container.ReplicationManager (ReplicationManager.java:processAll(371)) - Replication Monitor Thread took 0 milliseconds for processing 3 containers.
2021-10-29 00:42:45,225 [Listener at 127.0.0.1/33923] INFO  upgrade.AbstractLayoutVersionManager (AbstractLayoutVersionManager.java:init(79)) - Initializing Layout version manager with metadata layout = SCM_HA (version = 2), software layout = SCM_HA (version = 2)
2021-10-29 00:42:45,335 [Listener at 127.0.0.1/33923] INFO  reflections.Reflections (Reflections.java:scan(232)) - Reflections took 108 ms to scan 7 urls, producing 119 keys and 279 values 
2021-10-29 00:42:45,338 [Listener at 127.0.0.1/33923] INFO  statemachine.DatanodeStateMachine (DatanodeStateMachine.java:getEndPointTaskThreadPoolSize(219)) - Datanode State Machine Task Thread Pool size 2
2021-10-29 00:42:45,342 [Listener at 127.0.0.1/33923] INFO  volume.HddsVolume (HddsVolume.java:<init>(120)) - Creating HddsVolume: /home/runner/work/ozone/ozone/hadoop-ozone/integration-test/target/test-dir/MiniOzoneClusterImpl-5f5ad6f1-7ccc-43e5-92d9-031f7ba6440e/datanode-3/data-0/containers/hdds of storage type : DISK capacity : 9223372036854775807
2021-10-29 00:42:45,342 [Listener at 127.0.0.1/33923] INFO  volume.MutableVolumeSet (MutableVolumeSet.java:initializeVolumeSet(168)) - Added Volume : /home/runner/work/ozone/ozone/hadoop-ozone/integration-test/target/test-dir/MiniOzoneClusterImpl-5f5ad6f1-7ccc-43e5-92d9-031f7ba6440e/datanode-3/data-0/containers/hdds to VolumeSet
2021-10-29 00:42:45,342 [Listener at 127.0.0.1/33923] INFO  volume.ThrottledAsyncChecker (ThrottledAsyncChecker.java:schedule(141)) - Scheduling a check for /home/runner/work/ozone/ozone/hadoop-ozone/integration-test/target/test-dir/MiniOzoneClusterImpl-5f5ad6f1-7ccc-43e5-92d9-031f7ba6440e/datanode-3/data-0/containers/hdds
2021-10-29 00:42:45,357 [Listener at 127.0.0.1/33923] INFO  volume.StorageVolumeChecker (StorageVolumeChecker.java:checkAllVolumes(202)) - Scheduled health check for volume /home/runner/work/ozone/ozone/hadoop-ozone/integration-test/target/test-dir/MiniOzoneClusterImpl-5f5ad6f1-7ccc-43e5-92d9-031f7ba6440e/datanode-3/data-0/containers/hdds
2021-10-29 00:42:45,379 [Listener at 127.0.0.1/33923] INFO  volume.MutableVolumeSet (MutableVolumeSet.java:initializeVolumeSet(168)) - Added Volume : /home/runner/work/ozone/ozone/hadoop-ozone/integration-test/target/test-dir/MiniOzoneClusterImpl-5f5ad6f1-7ccc-43e5-92d9-031f7ba6440e/datanode-3/data/ratis to VolumeSet
2021-10-29 00:42:45,381 [Listener at 127.0.0.1/33923] INFO  volume.ThrottledAsyncChecker (ThrottledAsyncChecker.java:schedule(141)) - Scheduling a check for /home/runner/work/ozone/ozone/hadoop-ozone/integration-test/target/test-dir/MiniOzoneClusterImpl-5f5ad6f1-7ccc-43e5-92d9-031f7ba6440e/datanode-3/data/ratis
2021-10-29 00:42:45,381 [Listener at 127.0.0.1/33923] INFO  volume.StorageVolumeChecker (StorageVolumeChecker.java:checkAllVolumes(202)) - Scheduled health check for volume /home/runner/work/ozone/ozone/hadoop-ozone/integration-test/target/test-dir/MiniOzoneClusterImpl-5f5ad6f1-7ccc-43e5-92d9-031f7ba6440e/datanode-3/data/ratis
2021-10-29 00:42:45,448 [Thread-563] INFO  ozoneimpl.ContainerReader (ContainerReader.java:readVolume(172)) - Finish verifying containers on volume /home/runner/work/ozone/ozone/hadoop-ozone/integration-test/target/test-dir/MiniOzoneClusterImpl-5f5ad6f1-7ccc-43e5-92d9-031f7ba6440e/datanode-3/data-0/containers/hdds
2021-10-29 00:42:45,448 [Listener at 127.0.0.1/33923] INFO  ozoneimpl.OzoneContainer (OzoneContainer.java:buildContainerSet(236)) - Build ContainerSet costs 0s
2021-10-29 00:42:45,450 [Listener at 127.0.0.1/33923] INFO  server.RaftServer (ConfUtils.java:logGet(44)) - raft.rpc.type = GRPC (default)
2021-10-29 00:42:45,450 [Listener at 127.0.0.1/33923] INFO  grpc.GrpcFactory (GrpcFactory.java:checkPooledByteBufAllocatorUseCacheForAllThreads(48)) - PERFORMANCE WARNING: useCacheForAllThreads is true that may cause Netty to create a lot garbage objects and, as a result, trigger GC.
	It is recommended to disable useCacheForAllThreads by setting -Dorg.apache.ratis.thirdparty.io.netty.allocator.useCacheForAllThreads=false in command line.
2021-10-29 00:42:45,450 [Listener at 127.0.0.1/33923] INFO  grpc.GrpcConfigKeys (ConfUtils.java:logGet(44)) - raft.grpc.admin.port = 0 (custom)
2021-10-29 00:42:45,451 [Listener at 127.0.0.1/33923] INFO  grpc.GrpcConfigKeys (ConfUtils.java:logGet(44)) - raft.grpc.client.port = 0 (custom)
2021-10-29 00:42:45,451 [Listener at 127.0.0.1/33923] INFO  grpc.GrpcConfigKeys (ConfUtils.java:logGet(44)) - raft.grpc.server.port = 0 (default)
2021-10-29 00:42:45,451 [Listener at 127.0.0.1/33923] INFO  server.GrpcService (ConfUtils.java:logGet(44)) - raft.grpc.message.size.max = 32MB (=33554432) (custom)
2021-10-29 00:42:45,451 [Listener at 127.0.0.1/33923] INFO  server.RaftServerConfigKeys (ConfUtils.java:logGet(44)) - raft.server.log.appender.buffer.byte-limit = 33554432 (custom)
2021-10-29 00:42:45,451 [Listener at 127.0.0.1/33923] INFO  server.GrpcService (ConfUtils.java:logGet(44)) - raft.grpc.flow.control.window = 5MB (=5242880) (custom)
2021-10-29 00:42:45,451 [Listener at 127.0.0.1/33923] INFO  server.RaftServerConfigKeys (ConfUtils.java:logGet(44)) - raft.server.rpc.request.timeout = 60s (custom)
2021-10-29 00:42:45,454 [Listener at 127.0.0.1/33923] INFO  impl.DataStreamServerImpl (ConfUtils.java:logGet(44)) - raft.datastream.type = DISABLED (default)
2021-10-29 00:42:45,454 [Listener at 127.0.0.1/33923] INFO  server.RaftServerConfigKeys (ConfUtils.java:logGet(44)) - raft.server.rpc.slowness.timeout = 300s (custom)
2021-10-29 00:42:45,454 [Listener at 127.0.0.1/33923] INFO  server.RaftServerConfigKeys (ConfUtils.java:logGet(44)) - raft.server.leaderelection.leader.step-down.wait-time = 10s (default)
2021-10-29 00:42:45,454 [Listener at 127.0.0.1/33923] INFO  server.RaftServerConfigKeys (ConfUtils.java:logGet(44)) - raft.server.storage.dir = [/home/runner/work/ozone/ozone/hadoop-ozone/integration-test/target/test-dir/MiniOzoneClusterImpl-5f5ad6f1-7ccc-43e5-92d9-031f7ba6440e/datanode-3/data/ratis] (custom)
2021-10-29 00:42:45,487 [Listener at 127.0.0.1/33923] INFO  http.BaseHttpServer (BaseHttpServer.java:newHttpServer2BuilderForOzone(209)) - Starting Web-server for hddsDatanode at: http://0.0.0.0:0
2021-10-29 00:42:45,487 [Listener at 127.0.0.1/33923] INFO  http.BaseHttpServer (BaseHttpServer.java:<init>(107)) - Hadoop Security Enabled: false Ozone Security Enabled: false Ozone HTTP Security Enabled: false 
2021-10-29 00:42:45,488 [Listener at 127.0.0.1/33923] INFO  server.AuthenticationFilter (AuthenticationFilter.java:constructSecretProvider(240)) - Unable to initialize FileSignerSecretProvider, falling back to use random secrets.
2021-10-29 00:42:45,489 [Listener at 127.0.0.1/33923] WARN  http.HttpRequestLog (HttpRequestLog.java:getRequestLog(103)) - Jetty request log can only be enabled using Log4j
2021-10-29 00:42:45,489 [Listener at 127.0.0.1/33923] INFO  http.HttpServer2 (HttpServer2.java:addGlobalFilter(1030)) - Added global filter 'safety' (class=org.apache.hadoop.hdds.server.http.HttpServer2$QuotingInputFilter)
2021-10-29 00:42:45,490 [Listener at 127.0.0.1/33923] INFO  http.HttpServer2 (HttpServer2.java:addFilter(1006)) - Added filter static_user_filter (class=org.apache.hadoop.http.lib.StaticUserWebFilter$StaticUserFilter) to context hddsDatanode
2021-10-29 00:42:45,490 [Listener at 127.0.0.1/33923] INFO  http.HttpServer2 (HttpServer2.java:addFilter(1014)) - Added filter static_user_filter (class=org.apache.hadoop.http.lib.StaticUserWebFilter$StaticUserFilter) to context static
2021-10-29 00:42:45,490 [Listener at 127.0.0.1/33923] INFO  http.HttpServer2 (HttpServer2.java:addFilter(1014)) - Added filter static_user_filter (class=org.apache.hadoop.http.lib.StaticUserWebFilter$StaticUserFilter) to context logs
2021-10-29 00:42:45,490 [Listener at 127.0.0.1/33923] INFO  http.HttpServer2 (HttpServer2.java:bindListener(1249)) - Jetty bound to port 37679
2021-10-29 00:42:45,490 [Listener at 127.0.0.1/33923] INFO  server.Server (Server.java:doStart(375)) - jetty-9.4.43.v20210629; built: 2021-06-30T11:07:22.254Z; git: 526006ecfa3af7f1a27ef3a288e2bef7ea9dd7e8; jvm 1.8.0_292-b10
2021-10-29 00:42:45,492 [Listener at 127.0.0.1/33923] INFO  server.session (DefaultSessionIdManager.java:doStart(334)) - DefaultSessionIdManager workerName=node0
2021-10-29 00:42:45,492 [Listener at 127.0.0.1/33923] INFO  server.session (DefaultSessionIdManager.java:doStart(339)) - No SessionScavenger set, using defaults
2021-10-29 00:42:45,492 [Listener at 127.0.0.1/33923] INFO  server.session (HouseKeeper.java:startScavenging(132)) - node0 Scavenging every 660000ms
2021-10-29 00:42:45,493 [Listener at 127.0.0.1/33923] INFO  handler.ContextHandler (ContextHandler.java:doStart(915)) - Started o.e.j.s.ServletContextHandler@7a8007f6{logs,/logs,file:///home/runner/work/ozone/ozone/hadoop-ozone/integration-test/target/log,AVAILABLE}
2021-10-29 00:42:45,493 [Listener at 127.0.0.1/33923] INFO  handler.ContextHandler (ContextHandler.java:doStart(915)) - Started o.e.j.s.ServletContextHandler@6d3af1cf{static,/static,jar:file:/home/runner/.m2/repository/org/apache/ozone/hdds-container-service/1.2.0-SNAPSHOT/hdds-container-service-1.2.0-SNAPSHOT.jar!/webapps/static,AVAILABLE}
2021-10-29 00:42:45,568 [Listener at 127.0.0.1/33923] INFO  handler.ContextHandler (ContextHandler.java:doStart(915)) - Started o.e.j.w.WebAppContext@74c8ab6d{hddsDatanode,/,file:///tmp/jetty-0_0_0_0-37679-hdds-container-service-1_2_0-SNAPSHOT_jar-_-any-5438540622395300019/webapp/,AVAILABLE}{jar:file:/home/runner/.m2/repository/org/apache/ozone/hdds-container-service/1.2.0-SNAPSHOT/hdds-container-service-1.2.0-SNAPSHOT.jar!/webapps/hddsDatanode}
2021-10-29 00:42:45,580 [Listener at 127.0.0.1/33923] INFO  server.AbstractConnector (AbstractConnector.java:doStart(331)) - Started ServerConnector@59ec64ce{HTTP/1.1, (http/1.1)}{0.0.0.0:37679}
2021-10-29 00:42:45,580 [Listener at 127.0.0.1/33923] INFO  server.Server (Server.java:doStart(415)) - Started @27497ms
2021-10-29 00:42:45,580 [Listener at 127.0.0.1/33923] WARN  impl.MetricsSystemImpl (MetricsSystemImpl.java:register(279)) - Sink prometheus already exists!
2021-10-29 00:42:45,581 [Listener at 127.0.0.1/33923] INFO  http.BaseHttpServer (BaseHttpServer.java:updateConnectorAddress(329)) - HTTP server of hddsDatanode listening at http://0.0.0.0:37679
2021-10-29 00:42:45,581 [Listener at 127.0.0.1/33923] WARN  impl.MetricRegistriesImpl (MetricRegistriesImpl.java:addReporterRegistration(111)) - New reporters are added after registries were created. Some metrics will be missing from the reporter. Please add reporter before adding any new registry.
2021-10-29 00:42:45,581 [Listener at 127.0.0.1/33923] WARN  impl.MetricRegistriesImpl (MetricRegistriesImpl.java:addReporterRegistration(111)) - New reporters are added after registries were created. Some metrics will be missing from the reporter. Please add reporter before adding any new registry.
2021-10-29 00:42:45,581 [Listener at 127.0.0.1/33923] INFO  impl.MetricsSystemImpl (MetricsSystemImpl.java:init(158)) - HddsDatanode metrics system started (again)
2021-10-29 00:42:45,599 [Datanode State Machine Daemon Thread] INFO  statemachine.DatanodeStateMachine (DatanodeStateMachine.java:lambda$startDaemon$0(467)) - Ozone container server started.
2021-10-29 00:42:45,614 [Listener at 127.0.0.1/33923] INFO  ozone.HddsDatanodeService (HddsDatanodeService.java:start(234)) - HddsDatanodeService host:fv-az291-161.wgnan5asplgejimfprtllbpdch.jx.internal.cloudapp.net ip:10.1.0.32
2021-10-29 00:42:45,636 [org.apache.hadoop.util.JvmPauseMonitor$Monitor@e86802a] INFO  util.JvmPauseMonitor (JvmPauseMonitor.java:run(188)) - Starting JVM pause monitor
2021-10-29 00:42:45,651 [Datanode State Machine Task Thread - 0] INFO  datanode.InitDatanodeState (InitDatanodeState.java:persistContainerDatanodeDetails(145)) - DatanodeDetails is persisted to /home/runner/work/ozone/ozone/hadoop-ozone/integration-test/target/test-dir/MiniOzoneClusterImpl-5f5ad6f1-7ccc-43e5-92d9-031f7ba6440e/datanode-3/meta/datanode.id
2021-10-29 00:42:45,661 [Listener at 127.0.0.1/33923] INFO  upgrade.AbstractLayoutVersionManager (AbstractLayoutVersionManager.java:init(79)) - Initializing Layout version manager with metadata layout = SCM_HA (version = 2), software layout = SCM_HA (version = 2)
2021-10-29 00:42:45,735 [Listener at 127.0.0.1/33923] INFO  reflections.Reflections (Reflections.java:scan(232)) - Reflections took 73 ms to scan 7 urls, producing 119 keys and 279 values 
2021-10-29 00:42:45,747 [Listener at 127.0.0.1/33923] INFO  statemachine.DatanodeStateMachine (DatanodeStateMachine.java:getEndPointTaskThreadPoolSize(219)) - Datanode State Machine Task Thread Pool size 2
2021-10-29 00:42:45,755 [Listener at 127.0.0.1/33923] INFO  volume.HddsVolume (HddsVolume.java:<init>(120)) - Creating HddsVolume: /home/runner/work/ozone/ozone/hadoop-ozone/integration-test/target/test-dir/MiniOzoneClusterImpl-5f5ad6f1-7ccc-43e5-92d9-031f7ba6440e/datanode-4/data-0/containers/hdds of storage type : DISK capacity : 9223372036854775807
2021-10-29 00:42:45,756 [Listener at 127.0.0.1/33923] INFO  volume.MutableVolumeSet (MutableVolumeSet.java:initializeVolumeSet(168)) - Added Volume : /home/runner/work/ozone/ozone/hadoop-ozone/integration-test/target/test-dir/MiniOzoneClusterImpl-5f5ad6f1-7ccc-43e5-92d9-031f7ba6440e/datanode-4/data-0/containers/hdds to VolumeSet
2021-10-29 00:42:45,756 [Listener at 127.0.0.1/33923] INFO  volume.ThrottledAsyncChecker (ThrottledAsyncChecker.java:schedule(141)) - Scheduling a check for /home/runner/work/ozone/ozone/hadoop-ozone/integration-test/target/test-dir/MiniOzoneClusterImpl-5f5ad6f1-7ccc-43e5-92d9-031f7ba6440e/datanode-4/data-0/containers/hdds
2021-10-29 00:42:45,756 [Listener at 127.0.0.1/33923] INFO  volume.StorageVolumeChecker (StorageVolumeChecker.java:checkAllVolumes(202)) - Scheduled health check for volume /home/runner/work/ozone/ozone/hadoop-ozone/integration-test/target/test-dir/MiniOzoneClusterImpl-5f5ad6f1-7ccc-43e5-92d9-031f7ba6440e/datanode-4/data-0/containers/hdds
2021-10-29 00:42:45,771 [Listener at 127.0.0.1/33923] INFO  volume.MutableVolumeSet (MutableVolumeSet.java:initializeVolumeSet(168)) - Added Volume : /home/runner/work/ozone/ozone/hadoop-ozone/integration-test/target/test-dir/MiniOzoneClusterImpl-5f5ad6f1-7ccc-43e5-92d9-031f7ba6440e/datanode-4/data/ratis to VolumeSet
2021-10-29 00:42:45,772 [Listener at 127.0.0.1/33923] INFO  volume.ThrottledAsyncChecker (ThrottledAsyncChecker.java:schedule(141)) - Scheduling a check for /home/runner/work/ozone/ozone/hadoop-ozone/integration-test/target/test-dir/MiniOzoneClusterImpl-5f5ad6f1-7ccc-43e5-92d9-031f7ba6440e/datanode-4/data/ratis
2021-10-29 00:42:45,774 [Listener at 127.0.0.1/33923] INFO  volume.StorageVolumeChecker (StorageVolumeChecker.java:checkAllVolumes(202)) - Scheduled health check for volume /home/runner/work/ozone/ozone/hadoop-ozone/integration-test/target/test-dir/MiniOzoneClusterImpl-5f5ad6f1-7ccc-43e5-92d9-031f7ba6440e/datanode-4/data/ratis
2021-10-29 00:42:45,860 [Thread-604] INFO  ozoneimpl.ContainerReader (ContainerReader.java:readVolume(172)) - Finish verifying containers on volume /home/runner/work/ozone/ozone/hadoop-ozone/integration-test/target/test-dir/MiniOzoneClusterImpl-5f5ad6f1-7ccc-43e5-92d9-031f7ba6440e/datanode-4/data-0/containers/hdds
2021-10-29 00:42:45,860 [Listener at 127.0.0.1/33923] INFO  ozoneimpl.OzoneContainer (OzoneContainer.java:buildContainerSet(236)) - Build ContainerSet costs 0s
2021-10-29 00:42:45,864 [Listener at 127.0.0.1/33923] INFO  server.RaftServer (ConfUtils.java:logGet(44)) - raft.rpc.type = GRPC (default)
2021-10-29 00:42:45,864 [Listener at 127.0.0.1/33923] INFO  grpc.GrpcFactory (GrpcFactory.java:checkPooledByteBufAllocatorUseCacheForAllThreads(48)) - PERFORMANCE WARNING: useCacheForAllThreads is true that may cause Netty to create a lot garbage objects and, as a result, trigger GC.
	It is recommended to disable useCacheForAllThreads by setting -Dorg.apache.ratis.thirdparty.io.netty.allocator.useCacheForAllThreads=false in command line.
2021-10-29 00:42:45,865 [Listener at 127.0.0.1/33923] INFO  grpc.GrpcConfigKeys (ConfUtils.java:logGet(44)) - raft.grpc.admin.port = 0 (custom)
2021-10-29 00:42:45,865 [Listener at 127.0.0.1/33923] INFO  grpc.GrpcConfigKeys (ConfUtils.java:logGet(44)) - raft.grpc.client.port = 0 (custom)
2021-10-29 00:42:45,865 [Listener at 127.0.0.1/33923] INFO  grpc.GrpcConfigKeys (ConfUtils.java:logGet(44)) - raft.grpc.server.port = 0 (default)
2021-10-29 00:42:45,865 [Listener at 127.0.0.1/33923] INFO  server.GrpcService (ConfUtils.java:logGet(44)) - raft.grpc.message.size.max = 32MB (=33554432) (custom)
2021-10-29 00:42:45,865 [Listener at 127.0.0.1/33923] INFO  server.RaftServerConfigKeys (ConfUtils.java:logGet(44)) - raft.server.log.appender.buffer.byte-limit = 33554432 (custom)
2021-10-29 00:42:45,865 [Listener at 127.0.0.1/33923] INFO  server.GrpcService (ConfUtils.java:logGet(44)) - raft.grpc.flow.control.window = 5MB (=5242880) (custom)
2021-10-29 00:42:45,865 [Listener at 127.0.0.1/33923] INFO  server.RaftServerConfigKeys (ConfUtils.java:logGet(44)) - raft.server.rpc.request.timeout = 60s (custom)
2021-10-29 00:42:45,866 [Listener at 127.0.0.1/33923] INFO  impl.DataStreamServerImpl (ConfUtils.java:logGet(44)) - raft.datastream.type = DISABLED (default)
2021-10-29 00:42:45,866 [Listener at 127.0.0.1/33923] INFO  server.RaftServerConfigKeys (ConfUtils.java:logGet(44)) - raft.server.rpc.slowness.timeout = 300s (custom)
2021-10-29 00:42:45,866 [Listener at 127.0.0.1/33923] INFO  server.RaftServerConfigKeys (ConfUtils.java:logGet(44)) - raft.server.leaderelection.leader.step-down.wait-time = 10s (default)
2021-10-29 00:42:45,867 [Listener at 127.0.0.1/33923] INFO  server.RaftServerConfigKeys (ConfUtils.java:logGet(44)) - raft.server.storage.dir = [/home/runner/work/ozone/ozone/hadoop-ozone/integration-test/target/test-dir/MiniOzoneClusterImpl-5f5ad6f1-7ccc-43e5-92d9-031f7ba6440e/datanode-4/data/ratis] (custom)
2021-10-29 00:42:45,894 [Listener at 127.0.0.1/33923] INFO  http.BaseHttpServer (BaseHttpServer.java:newHttpServer2BuilderForOzone(209)) - Starting Web-server for hddsDatanode at: http://0.0.0.0:0
2021-10-29 00:42:45,895 [Listener at 127.0.0.1/33923] INFO  http.BaseHttpServer (BaseHttpServer.java:<init>(107)) - Hadoop Security Enabled: false Ozone Security Enabled: false Ozone HTTP Security Enabled: false 
2021-10-29 00:42:45,896 [Listener at 127.0.0.1/33923] INFO  server.AuthenticationFilter (AuthenticationFilter.java:constructSecretProvider(240)) - Unable to initialize FileSignerSecretProvider, falling back to use random secrets.
2021-10-29 00:42:45,899 [Listener at 127.0.0.1/33923] WARN  http.HttpRequestLog (HttpRequestLog.java:getRequestLog(103)) - Jetty request log can only be enabled using Log4j
2021-10-29 00:42:45,900 [Listener at 127.0.0.1/33923] INFO  http.HttpServer2 (HttpServer2.java:addGlobalFilter(1030)) - Added global filter 'safety' (class=org.apache.hadoop.hdds.server.http.HttpServer2$QuotingInputFilter)
2021-10-29 00:42:45,901 [Listener at 127.0.0.1/33923] INFO  http.HttpServer2 (HttpServer2.java:addFilter(1006)) - Added filter static_user_filter (class=org.apache.hadoop.http.lib.StaticUserWebFilter$StaticUserFilter) to context hddsDatanode
2021-10-29 00:42:45,901 [Listener at 127.0.0.1/33923] INFO  http.HttpServer2 (HttpServer2.java:addFilter(1014)) - Added filter static_user_filter (class=org.apache.hadoop.http.lib.StaticUserWebFilter$StaticUserFilter) to context logs
2021-10-29 00:42:45,901 [Listener at 127.0.0.1/33923] INFO  http.HttpServer2 (HttpServer2.java:addFilter(1014)) - Added filter static_user_filter (class=org.apache.hadoop.http.lib.StaticUserWebFilter$StaticUserFilter) to context static
2021-10-29 00:42:45,901 [Listener at 127.0.0.1/33923] INFO  http.HttpServer2 (HttpServer2.java:bindListener(1249)) - Jetty bound to port 42777
2021-10-29 00:42:45,901 [Listener at 127.0.0.1/33923] INFO  server.Server (Server.java:doStart(375)) - jetty-9.4.43.v20210629; built: 2021-06-30T11:07:22.254Z; git: 526006ecfa3af7f1a27ef3a288e2bef7ea9dd7e8; jvm 1.8.0_292-b10
2021-10-29 00:42:45,912 [Listener at 127.0.0.1/33923] INFO  server.session (DefaultSessionIdManager.java:doStart(334)) - DefaultSessionIdManager workerName=node0
2021-10-29 00:42:45,912 [Listener at 127.0.0.1/33923] INFO  server.session (DefaultSessionIdManager.java:doStart(339)) - No SessionScavenger set, using defaults
2021-10-29 00:42:45,912 [Listener at 127.0.0.1/33923] INFO  server.session (HouseKeeper.java:startScavenging(132)) - node0 Scavenging every 660000ms
2021-10-29 00:42:45,913 [Listener at 127.0.0.1/33923] INFO  handler.ContextHandler (ContextHandler.java:doStart(915)) - Started o.e.j.s.ServletContextHandler@299ea2bc{logs,/logs,file:///home/runner/work/ozone/ozone/hadoop-ozone/integration-test/target/log,AVAILABLE}
2021-10-29 00:42:45,913 [Listener at 127.0.0.1/33923] INFO  handler.ContextHandler (ContextHandler.java:doStart(915)) - Started o.e.j.s.ServletContextHandler@667bdbc7{static,/static,jar:file:/home/runner/.m2/repository/org/apache/ozone/hdds-container-service/1.2.0-SNAPSHOT/hdds-container-service-1.2.0-SNAPSHOT.jar!/webapps/static,AVAILABLE}
2021-10-29 00:42:46,021 [Listener at 127.0.0.1/33923] INFO  handler.ContextHandler (ContextHandler.java:doStart(915)) - Started o.e.j.w.WebAppContext@1200a68c{hddsDatanode,/,file:///tmp/jetty-0_0_0_0-42777-hdds-container-service-1_2_0-SNAPSHOT_jar-_-any-4239850083951220534/webapp/,AVAILABLE}{jar:file:/home/runner/.m2/repository/org/apache/ozone/hdds-container-service/1.2.0-SNAPSHOT/hdds-container-service-1.2.0-SNAPSHOT.jar!/webapps/hddsDatanode}
2021-10-29 00:42:46,032 [Listener at 127.0.0.1/33923] INFO  server.AbstractConnector (AbstractConnector.java:doStart(331)) - Started ServerConnector@62075580{HTTP/1.1, (http/1.1)}{0.0.0.0:42777}
2021-10-29 00:42:46,033 [Listener at 127.0.0.1/33923] INFO  server.Server (Server.java:doStart(415)) - Started @27950ms
2021-10-29 00:42:46,033 [Listener at 127.0.0.1/33923] WARN  impl.MetricsSystemImpl (MetricsSystemImpl.java:register(279)) - Sink prometheus already exists!
2021-10-29 00:42:46,033 [Listener at 127.0.0.1/33923] INFO  http.BaseHttpServer (BaseHttpServer.java:updateConnectorAddress(329)) - HTTP server of hddsDatanode listening at http://0.0.0.0:42777
2021-10-29 00:42:46,034 [ReplicationMonitor] INFO  container.ReplicationManager (ReplicationManager.java:processAll(371)) - Replication Monitor Thread took 0 milliseconds for processing 0 containers.
2021-10-29 00:42:46,035 [Listener at 127.0.0.1/33923] WARN  impl.MetricRegistriesImpl (MetricRegistriesImpl.java:addReporterRegistration(111)) - New reporters are added after registries were created. Some metrics will be missing from the reporter. Please add reporter before adding any new registry.
2021-10-29 00:42:46,036 [Listener at 127.0.0.1/33923] WARN  impl.MetricRegistriesImpl (MetricRegistriesImpl.java:addReporterRegistration(111)) - New reporters are added after registries were created. Some metrics will be missing from the reporter. Please add reporter before adding any new registry.
2021-10-29 00:42:46,036 [Listener at 127.0.0.1/33923] INFO  impl.MetricsSystemImpl (MetricsSystemImpl.java:init(158)) - HddsDatanode metrics system started (again)
2021-10-29 00:42:46,047 [Datanode State Machine Daemon Thread] INFO  statemachine.DatanodeStateMachine (DatanodeStateMachine.java:lambda$startDaemon$0(467)) - Ozone container server started.
2021-10-29 00:42:46,059 [org.apache.hadoop.util.JvmPauseMonitor$Monitor@9784740] INFO  util.JvmPauseMonitor (JvmPauseMonitor.java:run(188)) - Starting JVM pause monitor
2021-10-29 00:42:46,063 [Datanode State Machine Task Thread - 0] INFO  datanode.InitDatanodeState (InitDatanodeState.java:persistContainerDatanodeDetails(145)) - DatanodeDetails is persisted to /home/runner/work/ozone/ozone/hadoop-ozone/integration-test/target/test-dir/MiniOzoneClusterImpl-5f5ad6f1-7ccc-43e5-92d9-031f7ba6440e/datanode-4/meta/datanode.id
2021-10-29 00:42:46,073 [Listener at 127.0.0.1/33923] INFO  ozone.HddsDatanodeService (HddsDatanodeService.java:start(234)) - HddsDatanodeService host:fv-az291-161.wgnan5asplgejimfprtllbpdch.jx.internal.cloudapp.net ip:10.1.0.32
2021-10-29 00:42:46,121 [Listener at 127.0.0.1/33923] INFO  upgrade.AbstractLayoutVersionManager (AbstractLayoutVersionManager.java:init(79)) - Initializing Layout version manager with metadata layout = SCM_HA (version = 2), software layout = SCM_HA (version = 2)
2021-10-29 00:42:46,195 [ReplicationMonitor] INFO  container.ReplicationManager (ReplicationManager.java:processAll(371)) - Replication Monitor Thread took 2 milliseconds for processing 3 containers.
2021-10-29 00:42:46,206 [Listener at 127.0.0.1/33923] INFO  reflections.Reflections (Reflections.java:scan(232)) - Reflections took 84 ms to scan 7 urls, producing 119 keys and 279 values 
2021-10-29 00:42:46,209 [Listener at 127.0.0.1/33923] INFO  statemachine.DatanodeStateMachine (DatanodeStateMachine.java:getEndPointTaskThreadPoolSize(219)) - Datanode State Machine Task Thread Pool size 2
2021-10-29 00:42:46,224 [Listener at 127.0.0.1/33923] INFO  volume.HddsVolume (HddsVolume.java:<init>(120)) - Creating HddsVolume: /home/runner/work/ozone/ozone/hadoop-ozone/integration-test/target/test-dir/MiniOzoneClusterImpl-5f5ad6f1-7ccc-43e5-92d9-031f7ba6440e/datanode-5/data-0/containers/hdds of storage type : DISK capacity : 9223372036854775807
2021-10-29 00:42:46,224 [Listener at 127.0.0.1/33923] INFO  volume.MutableVolumeSet (MutableVolumeSet.java:initializeVolumeSet(168)) - Added Volume : /home/runner/work/ozone/ozone/hadoop-ozone/integration-test/target/test-dir/MiniOzoneClusterImpl-5f5ad6f1-7ccc-43e5-92d9-031f7ba6440e/datanode-5/data-0/containers/hdds to VolumeSet
2021-10-29 00:42:46,224 [Listener at 127.0.0.1/33923] INFO  volume.ThrottledAsyncChecker (ThrottledAsyncChecker.java:schedule(141)) - Scheduling a check for /home/runner/work/ozone/ozone/hadoop-ozone/integration-test/target/test-dir/MiniOzoneClusterImpl-5f5ad6f1-7ccc-43e5-92d9-031f7ba6440e/datanode-5/data-0/containers/hdds
2021-10-29 00:42:46,227 [Listener at 127.0.0.1/33923] INFO  volume.StorageVolumeChecker (StorageVolumeChecker.java:checkAllVolumes(202)) - Scheduled health check for volume /home/runner/work/ozone/ozone/hadoop-ozone/integration-test/target/test-dir/MiniOzoneClusterImpl-5f5ad6f1-7ccc-43e5-92d9-031f7ba6440e/datanode-5/data-0/containers/hdds
2021-10-29 00:42:46,259 [Listener at 127.0.0.1/33923] INFO  volume.MutableVolumeSet (MutableVolumeSet.java:initializeVolumeSet(168)) - Added Volume : /home/runner/work/ozone/ozone/hadoop-ozone/integration-test/target/test-dir/MiniOzoneClusterImpl-5f5ad6f1-7ccc-43e5-92d9-031f7ba6440e/datanode-5/data/ratis to VolumeSet
2021-10-29 00:42:46,263 [Listener at 127.0.0.1/33923] INFO  volume.ThrottledAsyncChecker (ThrottledAsyncChecker.java:schedule(141)) - Scheduling a check for /home/runner/work/ozone/ozone/hadoop-ozone/integration-test/target/test-dir/MiniOzoneClusterImpl-5f5ad6f1-7ccc-43e5-92d9-031f7ba6440e/datanode-5/data/ratis
2021-10-29 00:42:46,264 [Listener at 127.0.0.1/33923] INFO  volume.StorageVolumeChecker (StorageVolumeChecker.java:checkAllVolumes(202)) - Scheduled health check for volume /home/runner/work/ozone/ozone/hadoop-ozone/integration-test/target/test-dir/MiniOzoneClusterImpl-5f5ad6f1-7ccc-43e5-92d9-031f7ba6440e/datanode-5/data/ratis
2021-10-29 00:42:46,284 [Thread-669] INFO  ozoneimpl.ContainerReader (ContainerReader.java:readVolume(172)) - Finish verifying containers on volume /home/runner/work/ozone/ozone/hadoop-ozone/integration-test/target/test-dir/MiniOzoneClusterImpl-5f5ad6f1-7ccc-43e5-92d9-031f7ba6440e/datanode-5/data-0/containers/hdds
2021-10-29 00:42:46,284 [Listener at 127.0.0.1/33923] INFO  ozoneimpl.OzoneContainer (OzoneContainer.java:buildContainerSet(236)) - Build ContainerSet costs 0s
2021-10-29 00:42:46,286 [Listener at 127.0.0.1/33923] INFO  server.RaftServer (ConfUtils.java:logGet(44)) - raft.rpc.type = GRPC (default)
2021-10-29 00:42:46,286 [Listener at 127.0.0.1/33923] INFO  grpc.GrpcFactory (GrpcFactory.java:checkPooledByteBufAllocatorUseCacheForAllThreads(48)) - PERFORMANCE WARNING: useCacheForAllThreads is true that may cause Netty to create a lot garbage objects and, as a result, trigger GC.
	It is recommended to disable useCacheForAllThreads by setting -Dorg.apache.ratis.thirdparty.io.netty.allocator.useCacheForAllThreads=false in command line.
2021-10-29 00:42:46,286 [Listener at 127.0.0.1/33923] INFO  grpc.GrpcConfigKeys (ConfUtils.java:logGet(44)) - raft.grpc.admin.port = 0 (custom)
2021-10-29 00:42:46,286 [Listener at 127.0.0.1/33923] INFO  grpc.GrpcConfigKeys (ConfUtils.java:logGet(44)) - raft.grpc.client.port = 0 (custom)
2021-10-29 00:42:46,286 [Listener at 127.0.0.1/33923] INFO  grpc.GrpcConfigKeys (ConfUtils.java:logGet(44)) - raft.grpc.server.port = 0 (default)
2021-10-29 00:42:46,287 [Listener at 127.0.0.1/33923] INFO  server.GrpcService (ConfUtils.java:logGet(44)) - raft.grpc.message.size.max = 32MB (=33554432) (custom)
2021-10-29 00:42:46,292 [Listener at 127.0.0.1/33923] INFO  server.RaftServerConfigKeys (ConfUtils.java:logGet(44)) - raft.server.log.appender.buffer.byte-limit = 33554432 (custom)
2021-10-29 00:42:46,292 [Listener at 127.0.0.1/33923] INFO  server.GrpcService (ConfUtils.java:logGet(44)) - raft.grpc.flow.control.window = 5MB (=5242880) (custom)
2021-10-29 00:42:46,293 [Listener at 127.0.0.1/33923] INFO  server.RaftServerConfigKeys (ConfUtils.java:logGet(44)) - raft.server.rpc.request.timeout = 60s (custom)
2021-10-29 00:42:46,294 [Listener at 127.0.0.1/33923] INFO  impl.DataStreamServerImpl (ConfUtils.java:logGet(44)) - raft.datastream.type = DISABLED (default)
2021-10-29 00:42:46,294 [Listener at 127.0.0.1/33923] INFO  server.RaftServerConfigKeys (ConfUtils.java:logGet(44)) - raft.server.rpc.slowness.timeout = 300s (custom)
2021-10-29 00:42:46,294 [Listener at 127.0.0.1/33923] INFO  server.RaftServerConfigKeys (ConfUtils.java:logGet(44)) - raft.server.leaderelection.leader.step-down.wait-time = 10s (default)
2021-10-29 00:42:46,294 [Listener at 127.0.0.1/33923] INFO  server.RaftServerConfigKeys (ConfUtils.java:logGet(44)) - raft.server.storage.dir = [/home/runner/work/ozone/ozone/hadoop-ozone/integration-test/target/test-dir/MiniOzoneClusterImpl-5f5ad6f1-7ccc-43e5-92d9-031f7ba6440e/datanode-5/data/ratis] (custom)
2021-10-29 00:42:46,311 [Listener at 127.0.0.1/33923] INFO  http.BaseHttpServer (BaseHttpServer.java:newHttpServer2BuilderForOzone(209)) - Starting Web-server for hddsDatanode at: http://0.0.0.0:0
2021-10-29 00:42:46,312 [Listener at 127.0.0.1/33923] INFO  http.BaseHttpServer (BaseHttpServer.java:<init>(107)) - Hadoop Security Enabled: false Ozone Security Enabled: false Ozone HTTP Security Enabled: false 
2021-10-29 00:42:46,313 [Listener at 127.0.0.1/33923] INFO  server.AuthenticationFilter (AuthenticationFilter.java:constructSecretProvider(240)) - Unable to initialize FileSignerSecretProvider, falling back to use random secrets.
2021-10-29 00:42:46,316 [Listener at 127.0.0.1/33923] WARN  http.HttpRequestLog (HttpRequestLog.java:getRequestLog(103)) - Jetty request log can only be enabled using Log4j
2021-10-29 00:42:46,318 [Listener at 127.0.0.1/33923] INFO  http.HttpServer2 (HttpServer2.java:addGlobalFilter(1030)) - Added global filter 'safety' (class=org.apache.hadoop.hdds.server.http.HttpServer2$QuotingInputFilter)
2021-10-29 00:42:46,318 [EndpointStateMachine task thread for /0.0.0.0:40145 - 0 ] INFO  ozoneimpl.OzoneContainer (OzoneContainer.java:start(304)) - Attempting to start container services.
2021-10-29 00:42:46,318 [EndpointStateMachine task thread for /0.0.0.0:40145 - 0 ] INFO  ozoneimpl.OzoneContainer (OzoneContainer.java:startContainerScrub(249)) - Background container scanner has been disabled.
2021-10-29 00:42:46,319 [Listener at 127.0.0.1/33923] INFO  http.HttpServer2 (HttpServer2.java:addFilter(1006)) - Added filter static_user_filter (class=org.apache.hadoop.http.lib.StaticUserWebFilter$StaticUserFilter) to context hddsDatanode
2021-10-29 00:42:46,319 [Listener at 127.0.0.1/33923] INFO  http.HttpServer2 (HttpServer2.java:addFilter(1014)) - Added filter static_user_filter (class=org.apache.hadoop.http.lib.StaticUserWebFilter$StaticUserFilter) to context logs
2021-10-29 00:42:46,319 [Listener at 127.0.0.1/33923] INFO  http.HttpServer2 (HttpServer2.java:addFilter(1014)) - Added filter static_user_filter (class=org.apache.hadoop.http.lib.StaticUserWebFilter$StaticUserFilter) to context static
2021-10-29 00:42:46,320 [EndpointStateMachine task thread for /0.0.0.0:40145 - 0 ] INFO  replication.ReplicationServer (ReplicationServer.java:start(107)) - ReplicationServer is started using port 40427
2021-10-29 00:42:46,320 [Listener at 127.0.0.1/33923] INFO  http.HttpServer2 (HttpServer2.java:bindListener(1249)) - Jetty bound to port 39173
2021-10-29 00:42:46,320 [Listener at 127.0.0.1/33923] INFO  server.Server (Server.java:doStart(375)) - jetty-9.4.43.v20210629; built: 2021-06-30T11:07:22.254Z; git: 526006ecfa3af7f1a27ef3a288e2bef7ea9dd7e8; jvm 1.8.0_292-b10
2021-10-29 00:42:46,325 [EndpointStateMachine task thread for /0.0.0.0:40145 - 0 ] INFO  ratis.XceiverServerRatis (XceiverServerRatis.java:start(484)) - Starting XceiverServerRatis a1fdd0ef-804f-4835-9139-6ae2b6368b09
2021-10-29 00:42:46,330 [Listener at 127.0.0.1/33923] INFO  server.session (DefaultSessionIdManager.java:doStart(334)) - DefaultSessionIdManager workerName=node0
2021-10-29 00:42:46,331 [Listener at 127.0.0.1/33923] INFO  server.session (DefaultSessionIdManager.java:doStart(339)) - No SessionScavenger set, using defaults
2021-10-29 00:42:46,331 [Listener at 127.0.0.1/33923] INFO  server.session (HouseKeeper.java:startScavenging(132)) - node0 Scavenging every 600000ms
2021-10-29 00:42:46,332 [Listener at 127.0.0.1/33923] INFO  handler.ContextHandler (ContextHandler.java:doStart(915)) - Started o.e.j.s.ServletContextHandler@1a424b0{logs,/logs,file:///home/runner/work/ozone/ozone/hadoop-ozone/integration-test/target/log,AVAILABLE}
2021-10-29 00:42:46,332 [Listener at 127.0.0.1/33923] INFO  handler.ContextHandler (ContextHandler.java:doStart(915)) - Started o.e.j.s.ServletContextHandler@96ebbd6{static,/static,jar:file:/home/runner/.m2/repository/org/apache/ozone/hdds-container-service/1.2.0-SNAPSHOT/hdds-container-service-1.2.0-SNAPSHOT.jar!/webapps/static,AVAILABLE}
2021-10-29 00:42:46,345 [EndpointStateMachine task thread for /0.0.0.0:40145 - 0 ] INFO  server.RaftServer (RaftServerProxy.java:lambda$start$5(374)) - a1fdd0ef-804f-4835-9139-6ae2b6368b09: start RPC server
2021-10-29 00:42:46,346 [EndpointStateMachine task thread for /0.0.0.0:40145 - 0 ] INFO  server.GrpcService (GrpcService.java:startImpl(253)) - a1fdd0ef-804f-4835-9139-6ae2b6368b09: GrpcService started, listening on 44367
2021-10-29 00:42:46,346 [EndpointStateMachine task thread for /0.0.0.0:40145 - 0 ] INFO  ratis.XceiverServerRatis (XceiverServerRatis.java:getRealPort(505)) - XceiverServerRatis a1fdd0ef-804f-4835-9139-6ae2b6368b09 is started using port 44367 for RATIS
2021-10-29 00:42:46,346 [EndpointStateMachine task thread for /0.0.0.0:40145 - 0 ] INFO  ratis.XceiverServerRatis (XceiverServerRatis.java:getRealPort(505)) - XceiverServerRatis a1fdd0ef-804f-4835-9139-6ae2b6368b09 is started using port 44367 for RATIS_ADMIN
2021-10-29 00:42:46,346 [EndpointStateMachine task thread for /0.0.0.0:40145 - 0 ] INFO  ratis.XceiverServerRatis (XceiverServerRatis.java:getRealPort(505)) - XceiverServerRatis a1fdd0ef-804f-4835-9139-6ae2b6368b09 is started using port 44367 for RATIS_SERVER
2021-10-29 00:42:46,356 [org.apache.ratis.util.JvmPauseMonitor$$Lambda$534/1173926218@41c118c7] INFO  util.JvmPauseMonitor (JvmPauseMonitor.java:run(103)) - JvmPauseMonitor-a1fdd0ef-804f-4835-9139-6ae2b6368b09: Started
2021-10-29 00:42:46,356 [EndpointStateMachine task thread for /0.0.0.0:40145 - 0 ] INFO  server.XceiverServerGrpc (XceiverServerGrpc.java:start(135)) - XceiverServerGrpc a1fdd0ef-804f-4835-9139-6ae2b6368b09 is started using port 35053
2021-10-29 00:42:46,405 [Listener at 127.0.0.1/33923] INFO  handler.ContextHandler (ContextHandler.java:doStart(915)) - Started o.e.j.w.WebAppContext@1af0343a{hddsDatanode,/,file:///tmp/jetty-0_0_0_0-39173-hdds-container-service-1_2_0-SNAPSHOT_jar-_-any-6897378987053558576/webapp/,AVAILABLE}{jar:file:/home/runner/.m2/repository/org/apache/ozone/hdds-container-service/1.2.0-SNAPSHOT/hdds-container-service-1.2.0-SNAPSHOT.jar!/webapps/hddsDatanode}
2021-10-29 00:42:46,424 [Listener at 127.0.0.1/33923] INFO  server.AbstractConnector (AbstractConnector.java:doStart(331)) - Started ServerConnector@75b28a0f{HTTP/1.1, (http/1.1)}{0.0.0.0:39173}
2021-10-29 00:42:46,424 [Listener at 127.0.0.1/33923] INFO  server.Server (Server.java:doStart(415)) - Started @28341ms
2021-10-29 00:42:46,425 [Listener at 127.0.0.1/33923] WARN  impl.MetricsSystemImpl (MetricsSystemImpl.java:register(279)) - Sink prometheus already exists!
2021-10-29 00:42:46,425 [Listener at 127.0.0.1/33923] INFO  http.BaseHttpServer (BaseHttpServer.java:updateConnectorAddress(329)) - HTTP server of hddsDatanode listening at http://0.0.0.0:39173
2021-10-29 00:42:46,426 [Listener at 127.0.0.1/33923] INFO  ozone.MiniOzoneClusterImpl (MiniOzoneClusterImpl.java:lambda$waitForClusterToBeReady$0(235)) - Waiting for nodes to be ready. Got 0 of 6 DN Heartbeats.
2021-10-29 00:42:46,426 [Listener at 127.0.0.1/33923] INFO  ozone.MiniOzoneClusterImpl (MiniOzoneClusterImpl.java:lambda$waitForClusterToBeReady$0(238)) - Waiting for cluster to exit safe mode
2021-10-29 00:42:46,426 [Listener at 127.0.0.1/33923] INFO  ozone.MiniOzoneClusterImpl (MiniOzoneClusterImpl.java:lambda$waitForClusterToBeReady$0(240)) - SCM became leader
2021-10-29 00:42:46,426 [Datanode State Machine Daemon Thread] INFO  statemachine.DatanodeStateMachine (DatanodeStateMachine.java:lambda$startDaemon$0(467)) - Ozone container server started.
2021-10-29 00:42:46,441 [org.apache.hadoop.util.JvmPauseMonitor$Monitor@14fddde2] INFO  util.JvmPauseMonitor (JvmPauseMonitor.java:run(188)) - Starting JVM pause monitor
2021-10-29 00:42:46,452 [Datanode State Machine Task Thread - 0] INFO  datanode.InitDatanodeState (InitDatanodeState.java:persistContainerDatanodeDetails(145)) - DatanodeDetails is persisted to /home/runner/work/ozone/ozone/hadoop-ozone/integration-test/target/test-dir/MiniOzoneClusterImpl-5f5ad6f1-7ccc-43e5-92d9-031f7ba6440e/datanode-5/meta/datanode.id
2021-10-29 00:42:46,714 [EndpointStateMachine task thread for /0.0.0.0:40145 - 0 ] INFO  ozoneimpl.OzoneContainer (OzoneContainer.java:start(304)) - Attempting to start container services.
2021-10-29 00:42:46,714 [EndpointStateMachine task thread for /0.0.0.0:40145 - 0 ] INFO  ozoneimpl.OzoneContainer (OzoneContainer.java:startContainerScrub(249)) - Background container scanner has been disabled.
2021-10-29 00:42:46,714 [EndpointStateMachine task thread for /0.0.0.0:40145 - 0 ] INFO  replication.ReplicationServer (ReplicationServer.java:start(107)) - ReplicationServer is started using port 39565
2021-10-29 00:42:46,718 [EndpointStateMachine task thread for /0.0.0.0:40145 - 0 ] INFO  ratis.XceiverServerRatis (XceiverServerRatis.java:start(484)) - Starting XceiverServerRatis 86c3d915-a4b4-4376-a03d-0cc30fc6f311
2021-10-29 00:42:46,723 [EndpointStateMachine task thread for /0.0.0.0:40145 - 0 ] INFO  server.RaftServer (RaftServerProxy.java:lambda$start$5(374)) - 86c3d915-a4b4-4376-a03d-0cc30fc6f311: start RPC server
2021-10-29 00:42:46,723 [EndpointStateMachine task thread for /0.0.0.0:40145 - 0 ] INFO  server.GrpcService (GrpcService.java:startImpl(253)) - 86c3d915-a4b4-4376-a03d-0cc30fc6f311: GrpcService started, listening on 39439
2021-10-29 00:42:46,724 [EndpointStateMachine task thread for /0.0.0.0:40145 - 0 ] INFO  ratis.XceiverServerRatis (XceiverServerRatis.java:getRealPort(505)) - XceiverServerRatis 86c3d915-a4b4-4376-a03d-0cc30fc6f311 is started using port 39439 for RATIS
2021-10-29 00:42:46,724 [EndpointStateMachine task thread for /0.0.0.0:40145 - 0 ] INFO  ratis.XceiverServerRatis (XceiverServerRatis.java:getRealPort(505)) - XceiverServerRatis 86c3d915-a4b4-4376-a03d-0cc30fc6f311 is started using port 39439 for RATIS_ADMIN
2021-10-29 00:42:46,724 [EndpointStateMachine task thread for /0.0.0.0:40145 - 0 ] INFO  ratis.XceiverServerRatis (XceiverServerRatis.java:getRealPort(505)) - XceiverServerRatis 86c3d915-a4b4-4376-a03d-0cc30fc6f311 is started using port 39439 for RATIS_SERVER
2021-10-29 00:42:46,724 [EndpointStateMachine task thread for /0.0.0.0:40145 - 0 ] INFO  server.XceiverServerGrpc (XceiverServerGrpc.java:start(135)) - XceiverServerGrpc 86c3d915-a4b4-4376-a03d-0cc30fc6f311 is started using port 37599
2021-10-29 00:42:46,728 [org.apache.ratis.util.JvmPauseMonitor$$Lambda$534/1173926218@5bb2d688] INFO  util.JvmPauseMonitor (JvmPauseMonitor.java:run(103)) - JvmPauseMonitor-86c3d915-a4b4-4376-a03d-0cc30fc6f311: Started
2021-10-29 00:42:46,782 [IPC Server handler 2 on default port 36125] INFO  node.NodeDecommissionManager (NodeDecommissionManager.java:startDecommission(272)) - Starting Decommission for node 12cd3e49-de78-4d30-aa86-c1ffa97795c8{ip: 10.1.0.32, host: fv-az291-161.wgnan5asplgejimfprtllbpdch.jx.internal.cloudapp.net, ports: [REPLICATION=45311, RATIS=42653, RATIS_ADMIN=42653, RATIS_SERVER=42653, STANDALONE=34397], networkLocation: /default-rack, certSerialId: null, persistedOpState: IN_SERVICE, persistedOpStateExpiryEpochSec: 0}
2021-10-29 00:42:46,785 [EventQueue-HealthyReadonlyToHealthyNodeForReadOnlyHealthyToHealthyNodeHandler] INFO  node.ReadOnlyHealthyToHealthyNodeHandler (ReadOnlyHealthyToHealthyNodeHandler.java:onMessage(51)) - Datanode 12cd3e49-de78-4d30-aa86-c1ffa97795c8{ip: 10.1.0.32, host: fv-az291-161.wgnan5asplgejimfprtllbpdch.jx.internal.cloudapp.net, ports: [REPLICATION=45311, RATIS=42653, RATIS_ADMIN=42653, RATIS_SERVER=42653, STANDALONE=34397], networkLocation: /default-rack, certSerialId: null, persistedOpState: IN_SERVICE, persistedOpStateExpiryEpochSec: 0} moved to HEALTHY state.
2021-10-29 00:42:46,785 [EventQueue-HealthyReadonlyToHealthyNodeForReadOnlyHealthyToHealthyNodeHandler] INFO  pipeline.BackgroundPipelineCreator (BackgroundPipelineCreator.java:notifyEventTriggered(285)) - trigger a one-shot run on RatisPipelineUtilsThread.
2021-10-29 00:42:46,959 [IPC Server handler 2 on default port 40013] INFO  node.SCMNodeManager (SCMNodeManager.java:updateDatanodeOpState(483)) - Scheduling a command to update the operationalState persisted on 12cd3e49-de78-4d30-aa86-c1ffa97795c8{ip: 10.1.0.32, host: fv-az291-161.wgnan5asplgejimfprtllbpdch.jx.internal.cloudapp.net, ports: [REPLICATION=45311, RATIS=42653, RATIS_ADMIN=42653, RATIS_SERVER=42653, STANDALONE=34397], networkLocation: /default-rack, certSerialId: null, persistedOpState: null, persistedOpStateExpiryEpochSec: 0} as the reported value does not match the value stored in SCM (DECOMMISSIONING, 0)
2021-10-29 00:42:47,035 [ReplicationMonitor] INFO  container.ReplicationManager (ReplicationManager.java:processAll(371)) - Replication Monitor Thread took 0 milliseconds for processing 0 containers.
2021-10-29 00:42:47,165 [EndpointStateMachine task thread for /0.0.0.0:40145 - 0 ] INFO  ozoneimpl.OzoneContainer (OzoneContainer.java:start(304)) - Attempting to start container services.
2021-10-29 00:42:47,167 [EndpointStateMachine task thread for /0.0.0.0:40145 - 0 ] INFO  ozoneimpl.OzoneContainer (OzoneContainer.java:startContainerScrub(249)) - Background container scanner has been disabled.
2021-10-29 00:42:47,168 [EndpointStateMachine task thread for /0.0.0.0:40145 - 0 ] INFO  replication.ReplicationServer (ReplicationServer.java:start(107)) - ReplicationServer is started using port 44263
2021-10-29 00:42:47,170 [EndpointStateMachine task thread for /0.0.0.0:40145 - 0 ] INFO  ratis.XceiverServerRatis (XceiverServerRatis.java:start(484)) - Starting XceiverServerRatis 192fc8dc-fdd7-42bb-8b0b-fd25934386bd
2021-10-29 00:42:47,171 [EndpointStateMachine task thread for /0.0.0.0:40145 - 0 ] INFO  server.RaftServer (RaftServerProxy.java:lambda$start$5(374)) - 192fc8dc-fdd7-42bb-8b0b-fd25934386bd: start RPC server
2021-10-29 00:42:47,172 [EndpointStateMachine task thread for /0.0.0.0:40145 - 0 ] INFO  server.GrpcService (GrpcService.java:startImpl(253)) - 192fc8dc-fdd7-42bb-8b0b-fd25934386bd: GrpcService started, listening on 41821
2021-10-29 00:42:47,172 [EndpointStateMachine task thread for /0.0.0.0:40145 - 0 ] INFO  ratis.XceiverServerRatis (XceiverServerRatis.java:getRealPort(505)) - XceiverServerRatis 192fc8dc-fdd7-42bb-8b0b-fd25934386bd is started using port 41821 for RATIS
2021-10-29 00:42:47,172 [EndpointStateMachine task thread for /0.0.0.0:40145 - 0 ] INFO  ratis.XceiverServerRatis (XceiverServerRatis.java:getRealPort(505)) - XceiverServerRatis 192fc8dc-fdd7-42bb-8b0b-fd25934386bd is started using port 41821 for RATIS_ADMIN
2021-10-29 00:42:47,172 [EndpointStateMachine task thread for /0.0.0.0:40145 - 0 ] INFO  ratis.XceiverServerRatis (XceiverServerRatis.java:getRealPort(505)) - XceiverServerRatis 192fc8dc-fdd7-42bb-8b0b-fd25934386bd is started using port 41821 for RATIS_SERVER
2021-10-29 00:42:47,172 [org.apache.ratis.util.JvmPauseMonitor$$Lambda$534/1173926218@3f69e41f] INFO  util.JvmPauseMonitor (JvmPauseMonitor.java:run(103)) - JvmPauseMonitor-192fc8dc-fdd7-42bb-8b0b-fd25934386bd: Started
2021-10-29 00:42:47,173 [EndpointStateMachine task thread for /0.0.0.0:40145 - 0 ] INFO  server.XceiverServerGrpc (XceiverServerGrpc.java:start(135)) - XceiverServerGrpc 192fc8dc-fdd7-42bb-8b0b-fd25934386bd is started using port 40403
2021-10-29 00:42:47,192 [DatanodeAdminManager-0] INFO  node.DatanodeAdminMonitorImpl (DatanodeAdminMonitorImpl.java:checkPipelinesClosedOnNode(268)) - Waiting for pipelines to close for 12cd3e49-de78-4d30-aa86-c1ffa97795c8{ip: 10.1.0.32, host: fv-az291-161.wgnan5asplgejimfprtllbpdch.jx.internal.cloudapp.net, ports: [REPLICATION=45311, RATIS=42653, RATIS_ADMIN=42653, RATIS_SERVER=42653, STANDALONE=34397], networkLocation: /default-rack, certSerialId: null, persistedOpState: IN_SERVICE, persistedOpStateExpiryEpochSec: 0}. There are 2 pipelines
2021-10-29 00:42:47,192 [DatanodeAdminManager-0] INFO  node.DatanodeAdminMonitorImpl (DatanodeAdminMonitorImpl.java:run(137)) - There are 1 nodes tracked for decommission and maintenance. 0 pending nodes.
2021-10-29 00:42:47,192 [EventQueue-StartAdminOnNodeForStartDatanodeAdminHandler] INFO  node.StartDatanodeAdminHandler (StartDatanodeAdminHandler.java:onMessage(56)) - Admin start on datanode 12cd3e49-de78-4d30-aa86-c1ffa97795c8{ip: 10.1.0.32, host: fv-az291-161.wgnan5asplgejimfprtllbpdch.jx.internal.cloudapp.net, ports: [REPLICATION=45311, RATIS=42653, RATIS_ADMIN=42653, RATIS_SERVER=42653, STANDALONE=34397], networkLocation: /default-rack, certSerialId: null, persistedOpState: IN_SERVICE, persistedOpStateExpiryEpochSec: 0}. Finalizing its pipelines [PipelineID=19f05eae-0a17-4d2c-b3a0-f5bd42791ae0, PipelineID=c3357fca-608a-411c-87ef-af3141016b51]
2021-10-29 00:42:47,194 [EventQueue-StartAdminOnNodeForStartDatanodeAdminHandler] INFO  pipeline.PipelineManagerImpl (PipelineManagerImpl.java:closePipeline(349)) - Pipeline Pipeline[ Id: 19f05eae-0a17-4d2c-b3a0-f5bd42791ae0, Nodes: 12cd3e49-de78-4d30-aa86-c1ffa97795c8{ip: 10.1.0.32, host: fv-az291-161.wgnan5asplgejimfprtllbpdch.jx.internal.cloudapp.net, ports: [REPLICATION=45311, RATIS=42653, RATIS_ADMIN=42653, RATIS_SERVER=42653, STANDALONE=34397], networkLocation: /default-rack, certSerialId: null, persistedOpState: IN_SERVICE, persistedOpStateExpiryEpochSec: 0}e6ec3422-bd00-4bf8-8713-bff351886512{ip: 10.1.0.32, host: fv-az291-161.wgnan5asplgejimfprtllbpdch.jx.internal.cloudapp.net, ports: [REPLICATION=38043, RATIS=40113, RATIS_ADMIN=40113, RATIS_SERVER=40113, STANDALONE=39721], networkLocation: /default-rack, certSerialId: null, persistedOpState: IN_SERVICE, persistedOpStateExpiryEpochSec: 0}f2b4d6f7-aefa-402b-a761-92c91b2f44f3{ip: 10.1.0.32, host: fv-az291-161.wgnan5asplgejimfprtllbpdch.jx.internal.cloudapp.net, ports: [REPLICATION=34403, RATIS=42307, RATIS_ADMIN=42307, RATIS_SERVER=42307, STANDALONE=32977], networkLocation: /default-rack, certSerialId: null, persistedOpState: IN_SERVICE, persistedOpStateExpiryEpochSec: 0}, ReplicationConfig: RATIS/THREE, State:OPEN, leaderId:f2b4d6f7-aefa-402b-a761-92c91b2f44f3, CreationTimestamp2021-10-29T00:42:30.063Z[Etc/UTC]] moved to CLOSED state
2021-10-29 00:42:47,195 [EventQueue-StartAdminOnNodeForStartDatanodeAdminHandler] INFO  pipeline.RatisPipelineProvider (RatisPipelineProvider.java:lambda$close$1(222)) - Send pipeline:PipelineID=19f05eae-0a17-4d2c-b3a0-f5bd42791ae0 close command to datanode 12cd3e49-de78-4d30-aa86-c1ffa97795c8
2021-10-29 00:42:47,195 [EventQueue-StartAdminOnNodeForStartDatanodeAdminHandler] INFO  pipeline.RatisPipelineProvider (RatisPipelineProvider.java:lambda$close$1(222)) - Send pipeline:PipelineID=19f05eae-0a17-4d2c-b3a0-f5bd42791ae0 close command to datanode e6ec3422-bd00-4bf8-8713-bff351886512
2021-10-29 00:42:47,195 [EventQueue-StartAdminOnNodeForStartDatanodeAdminHandler] INFO  pipeline.RatisPipelineProvider (RatisPipelineProvider.java:lambda$close$1(222)) - Send pipeline:PipelineID=19f05eae-0a17-4d2c-b3a0-f5bd42791ae0 close command to datanode f2b4d6f7-aefa-402b-a761-92c91b2f44f3
2021-10-29 00:42:47,196 [EventQueue-StartAdminOnNodeForStartDatanodeAdminHandler] INFO  pipeline.PipelineStateManagerImpl (PipelineStateManagerImpl.java:removePipeline(223)) - Pipeline Pipeline[ Id: 19f05eae-0a17-4d2c-b3a0-f5bd42791ae0, Nodes: 12cd3e49-de78-4d30-aa86-c1ffa97795c8{ip: 10.1.0.32, host: fv-az291-161.wgnan5asplgejimfprtllbpdch.jx.internal.cloudapp.net, ports: [REPLICATION=45311, RATIS=42653, RATIS_ADMIN=42653, RATIS_SERVER=42653, STANDALONE=34397], networkLocation: /default-rack, certSerialId: null, persistedOpState: IN_SERVICE, persistedOpStateExpiryEpochSec: 0}e6ec3422-bd00-4bf8-8713-bff351886512{ip: 10.1.0.32, host: fv-az291-161.wgnan5asplgejimfprtllbpdch.jx.internal.cloudapp.net, ports: [REPLICATION=38043, RATIS=40113, RATIS_ADMIN=40113, RATIS_SERVER=40113, STANDALONE=39721], networkLocation: /default-rack, certSerialId: null, persistedOpState: IN_SERVICE, persistedOpStateExpiryEpochSec: 0}f2b4d6f7-aefa-402b-a761-92c91b2f44f3{ip: 10.1.0.32, host: fv-az291-161.wgnan5asplgejimfprtllbpdch.jx.internal.cloudapp.net, ports: [REPLICATION=34403, RATIS=42307, RATIS_ADMIN=42307, RATIS_SERVER=42307, STANDALONE=32977], networkLocation: /default-rack, certSerialId: null, persistedOpState: IN_SERVICE, persistedOpStateExpiryEpochSec: 0}, ReplicationConfig: RATIS/THREE, State:CLOSED, leaderId:f2b4d6f7-aefa-402b-a761-92c91b2f44f3, CreationTimestamp2021-10-29T00:42:30.063Z[Etc/UTC]] removed.
2021-10-29 00:42:47,196 [EventQueue-StartAdminOnNodeForStartDatanodeAdminHandler] INFO  pipeline.PipelineManagerImpl (PipelineManagerImpl.java:closePipeline(349)) - Pipeline Pipeline[ Id: c3357fca-608a-411c-87ef-af3141016b51, Nodes: 12cd3e49-de78-4d30-aa86-c1ffa97795c8{ip: 10.1.0.32, host: fv-az291-161.wgnan5asplgejimfprtllbpdch.jx.internal.cloudapp.net, ports: [REPLICATION=45311, RATIS=42653, RATIS_ADMIN=42653, RATIS_SERVER=42653, STANDALONE=34397], networkLocation: /default-rack, certSerialId: null, persistedOpState: IN_SERVICE, persistedOpStateExpiryEpochSec: 0}, ReplicationConfig: RATIS/ONE, State:OPEN, leaderId:12cd3e49-de78-4d30-aa86-c1ffa97795c8, CreationTimestamp2021-10-29T00:42:29.261Z[Etc/UTC]] moved to CLOSED state
2021-10-29 00:42:47,196 [EventQueue-StartAdminOnNodeForStartDatanodeAdminHandler] INFO  pipeline.RatisPipelineProvider (RatisPipelineProvider.java:lambda$close$1(222)) - Send pipeline:PipelineID=c3357fca-608a-411c-87ef-af3141016b51 close command to datanode 12cd3e49-de78-4d30-aa86-c1ffa97795c8
2021-10-29 00:42:47,197 [EventQueue-StartAdminOnNodeForStartDatanodeAdminHandler] INFO  pipeline.PipelineStateManagerImpl (PipelineStateManagerImpl.java:removePipeline(223)) - Pipeline Pipeline[ Id: c3357fca-608a-411c-87ef-af3141016b51, Nodes: 12cd3e49-de78-4d30-aa86-c1ffa97795c8{ip: 10.1.0.32, host: fv-az291-161.wgnan5asplgejimfprtllbpdch.jx.internal.cloudapp.net, ports: [REPLICATION=45311, RATIS=42653, RATIS_ADMIN=42653, RATIS_SERVER=42653, STANDALONE=34397], networkLocation: /default-rack, certSerialId: null, persistedOpState: IN_SERVICE, persistedOpStateExpiryEpochSec: 0}, ReplicationConfig: RATIS/ONE, State:CLOSED, leaderId:12cd3e49-de78-4d30-aa86-c1ffa97795c8, CreationTimestamp2021-10-29T00:42:29.261Z[Etc/UTC]] removed.
2021-10-29 00:42:47,197 [EventQueue-CloseContainerForCloseContainerEventHandler] INFO  container.CloseContainerEventHandler (CloseContainerEventHandler.java:onMessage(69)) - Close container Event triggered for container : #1
2021-10-29 00:42:47,199 [EventQueue-CloseContainerForCloseContainerEventHandler] INFO  pipeline.PipelineStateManagerImpl (PipelineStateManagerImpl.java:removeContainerFromPipeline(249)) - Pipeline PipelineID=19f05eae-0a17-4d2c-b3a0-f5bd42791ae0 is not found in the pipeline2ContainerMap. Pipeline may have been closed already.
2021-10-29 00:42:47,200 [ReplicationMonitor] INFO  container.ReplicationManager (ReplicationManager.java:processAll(371)) - Replication Monitor Thread took 1 milliseconds for processing 3 containers.
2021-10-29 00:42:47,202 [EventQueue-CloseContainerForCloseContainerEventHandler] INFO  container.CloseContainerEventHandler (CloseContainerEventHandler.java:onMessage(69)) - Close container Event triggered for container : #2
2021-10-29 00:42:47,203 [EventQueue-CloseContainerForCloseContainerEventHandler] INFO  pipeline.PipelineStateManagerImpl (PipelineStateManagerImpl.java:removeContainerFromPipeline(249)) - Pipeline PipelineID=19f05eae-0a17-4d2c-b3a0-f5bd42791ae0 is not found in the pipeline2ContainerMap. Pipeline may have been closed already.
2021-10-29 00:42:47,203 [EventQueue-CloseContainerForCloseContainerEventHandler] INFO  container.CloseContainerEventHandler (CloseContainerEventHandler.java:onMessage(69)) - Close container Event triggered for container : #3
2021-10-29 00:42:47,207 [EventQueue-CloseContainerForCloseContainerEventHandler] INFO  pipeline.PipelineStateManagerImpl (PipelineStateManagerImpl.java:removeContainerFromPipeline(249)) - Pipeline PipelineID=19f05eae-0a17-4d2c-b3a0-f5bd42791ae0 is not found in the pipeline2ContainerMap. Pipeline may have been closed already.
2021-10-29 00:42:47,426 [Listener at 127.0.0.1/33923] INFO  ozone.MiniOzoneClusterImpl (MiniOzoneClusterImpl.java:lambda$waitForClusterToBeReady$0(235)) - Waiting for nodes to be ready. Got 0 of 6 DN Heartbeats.
2021-10-29 00:42:47,427 [Listener at 127.0.0.1/33923] INFO  ozone.MiniOzoneClusterImpl (MiniOzoneClusterImpl.java:lambda$waitForClusterToBeReady$0(238)) - Waiting for cluster to exit safe mode
2021-10-29 00:42:47,427 [Listener at 127.0.0.1/33923] INFO  ozone.MiniOzoneClusterImpl (MiniOzoneClusterImpl.java:lambda$waitForClusterToBeReady$0(240)) - SCM became leader
2021-10-29 00:42:47,640 [EndpointStateMachine task thread for /0.0.0.0:40145 - 0 ] INFO  ozoneimpl.OzoneContainer (OzoneContainer.java:start(304)) - Attempting to start container services.
2021-10-29 00:42:47,641 [EndpointStateMachine task thread for /0.0.0.0:40145 - 0 ] INFO  ozoneimpl.OzoneContainer (OzoneContainer.java:startContainerScrub(249)) - Background container scanner has been disabled.
2021-10-29 00:42:47,642 [EndpointStateMachine task thread for /0.0.0.0:40145 - 0 ] INFO  replication.ReplicationServer (ReplicationServer.java:start(107)) - ReplicationServer is started using port 45369
2021-10-29 00:42:47,643 [EndpointStateMachine task thread for /0.0.0.0:40145 - 0 ] INFO  ratis.XceiverServerRatis (XceiverServerRatis.java:start(484)) - Starting XceiverServerRatis eb8d8e32-cd46-4831-b02b-58c8725ce07f
2021-10-29 00:42:47,647 [EndpointStateMachine task thread for /0.0.0.0:40145 - 0 ] INFO  server.RaftServer (RaftServerProxy.java:lambda$start$5(374)) - eb8d8e32-cd46-4831-b02b-58c8725ce07f: start RPC server
2021-10-29 00:42:47,648 [EndpointStateMachine task thread for /0.0.0.0:40145 - 0 ] INFO  server.GrpcService (GrpcService.java:startImpl(253)) - eb8d8e32-cd46-4831-b02b-58c8725ce07f: GrpcService started, listening on 35769
2021-10-29 00:42:47,648 [EndpointStateMachine task thread for /0.0.0.0:40145 - 0 ] INFO  ratis.XceiverServerRatis (XceiverServerRatis.java:getRealPort(505)) - XceiverServerRatis eb8d8e32-cd46-4831-b02b-58c8725ce07f is started using port 35769 for RATIS
2021-10-29 00:42:47,648 [EndpointStateMachine task thread for /0.0.0.0:40145 - 0 ] INFO  ratis.XceiverServerRatis (XceiverServerRatis.java:getRealPort(505)) - XceiverServerRatis eb8d8e32-cd46-4831-b02b-58c8725ce07f is started using port 35769 for RATIS_ADMIN
2021-10-29 00:42:47,648 [EndpointStateMachine task thread for /0.0.0.0:40145 - 0 ] INFO  ratis.XceiverServerRatis (XceiverServerRatis.java:getRealPort(505)) - XceiverServerRatis eb8d8e32-cd46-4831-b02b-58c8725ce07f is started using port 35769 for RATIS_SERVER
2021-10-29 00:42:47,648 [org.apache.ratis.util.JvmPauseMonitor$$Lambda$534/1173926218@48433b95] INFO  util.JvmPauseMonitor (JvmPauseMonitor.java:run(103)) - JvmPauseMonitor-eb8d8e32-cd46-4831-b02b-58c8725ce07f: Started
2021-10-29 00:42:47,648 [EndpointStateMachine task thread for /0.0.0.0:40145 - 0 ] INFO  server.XceiverServerGrpc (XceiverServerGrpc.java:start(135)) - XceiverServerGrpc eb8d8e32-cd46-4831-b02b-58c8725ce07f is started using port 34479
2021-10-29 00:42:47,960 [IPC Server handler 2 on default port 40013] INFO  node.SCMNodeManager (SCMNodeManager.java:updateDatanodeOpState(483)) - Scheduling a command to update the operationalState persisted on 12cd3e49-de78-4d30-aa86-c1ffa97795c8{ip: 10.1.0.32, host: fv-az291-161.wgnan5asplgejimfprtllbpdch.jx.internal.cloudapp.net, ports: [REPLICATION=45311, RATIS=42653, RATIS_ADMIN=42653, RATIS_SERVER=42653, STANDALONE=34397], networkLocation: /default-rack, certSerialId: null, persistedOpState: null, persistedOpStateExpiryEpochSec: 0} as the reported value does not match the value stored in SCM (DECOMMISSIONING, 0)
2021-10-29 00:42:47,962 [EventQueue-PipelineReportForPipelineReportHandler] INFO  pipeline.PipelineReportHandler (PipelineReportHandler.java:processPipelineReport(113)) - Reported pipeline PipelineID=19f05eae-0a17-4d2c-b3a0-f5bd42791ae0 is not found
2021-10-29 00:42:47,962 [EventQueue-PipelineReportForPipelineReportHandler] INFO  pipeline.PipelineReportHandler (PipelineReportHandler.java:processPipelineReport(113)) - Reported pipeline PipelineID=c3357fca-608a-411c-87ef-af3141016b51 is not found
2021-10-29 00:42:47,966 [EventQueue-PipelineReportForPipelineReportHandler] INFO  pipeline.PipelineReportHandler (PipelineReportHandler.java:processPipelineReport(113)) - Reported pipeline PipelineID=19f05eae-0a17-4d2c-b3a0-f5bd42791ae0 is not found
2021-10-29 00:42:48,035 [ReplicationMonitor] INFO  container.ReplicationManager (ReplicationManager.java:processAll(371)) - Replication Monitor Thread took 0 milliseconds for processing 0 containers.
2021-10-29 00:42:48,064 [EndpointStateMachine task thread for /0.0.0.0:40145 - 0 ] INFO  ozoneimpl.OzoneContainer (OzoneContainer.java:start(304)) - Attempting to start container services.
2021-10-29 00:42:48,065 [EndpointStateMachine task thread for /0.0.0.0:40145 - 0 ] INFO  ozoneimpl.OzoneContainer (OzoneContainer.java:startContainerScrub(249)) - Background container scanner has been disabled.
2021-10-29 00:42:48,066 [EndpointStateMachine task thread for /0.0.0.0:40145 - 0 ] INFO  replication.ReplicationServer (ReplicationServer.java:start(107)) - ReplicationServer is started using port 36861
2021-10-29 00:42:48,067 [EndpointStateMachine task thread for /0.0.0.0:40145 - 0 ] INFO  ratis.XceiverServerRatis (XceiverServerRatis.java:start(484)) - Starting XceiverServerRatis e8a99e94-03a8-424f-8179-644c8590267c
2021-10-29 00:42:48,070 [EndpointStateMachine task thread for /0.0.0.0:40145 - 0 ] INFO  server.RaftServer (RaftServerProxy.java:lambda$start$5(374)) - e8a99e94-03a8-424f-8179-644c8590267c: start RPC server
2021-10-29 00:42:48,070 [EndpointStateMachine task thread for /0.0.0.0:40145 - 0 ] INFO  server.GrpcService (GrpcService.java:startImpl(253)) - e8a99e94-03a8-424f-8179-644c8590267c: GrpcService started, listening on 38993
2021-10-29 00:42:48,070 [EndpointStateMachine task thread for /0.0.0.0:40145 - 0 ] INFO  ratis.XceiverServerRatis (XceiverServerRatis.java:getRealPort(505)) - XceiverServerRatis e8a99e94-03a8-424f-8179-644c8590267c is started using port 38993 for RATIS
2021-10-29 00:42:48,070 [EndpointStateMachine task thread for /0.0.0.0:40145 - 0 ] INFO  ratis.XceiverServerRatis (XceiverServerRatis.java:getRealPort(505)) - XceiverServerRatis e8a99e94-03a8-424f-8179-644c8590267c is started using port 38993 for RATIS_ADMIN
2021-10-29 00:42:48,070 [EndpointStateMachine task thread for /0.0.0.0:40145 - 0 ] INFO  ratis.XceiverServerRatis (XceiverServerRatis.java:getRealPort(505)) - XceiverServerRatis e8a99e94-03a8-424f-8179-644c8590267c is started using port 38993 for RATIS_SERVER
2021-10-29 00:42:48,071 [EndpointStateMachine task thread for /0.0.0.0:40145 - 0 ] INFO  server.XceiverServerGrpc (XceiverServerGrpc.java:start(135)) - XceiverServerGrpc e8a99e94-03a8-424f-8179-644c8590267c is started using port 46161
2021-10-29 00:42:48,073 [org.apache.ratis.util.JvmPauseMonitor$$Lambda$534/1173926218@27b0fb60] INFO  util.JvmPauseMonitor (JvmPauseMonitor.java:run(103)) - JvmPauseMonitor-e8a99e94-03a8-424f-8179-644c8590267c: Started
2021-10-29 00:42:48,192 [DatanodeAdminManager-0] INFO  node.DatanodeAdminMonitorImpl (DatanodeAdminMonitorImpl.java:run(137)) - There are 1 nodes tracked for decommission and maintenance. 0 pending nodes.
2021-10-29 00:42:48,201 [ReplicationMonitor] INFO  container.ReplicationManager (ReplicationManager.java:sendCloseCommand(1482)) - Sending close container command for container #1 to datanode 12cd3e49-de78-4d30-aa86-c1ffa97795c8{ip: 10.1.0.32, host: fv-az291-161.wgnan5asplgejimfprtllbpdch.jx.internal.cloudapp.net, ports: [REPLICATION=45311, RATIS=42653, RATIS_ADMIN=42653, RATIS_SERVER=42653, STANDALONE=34397], networkLocation: /default-rack, certSerialId: null, persistedOpState: IN_SERVICE, persistedOpStateExpiryEpochSec: 0}.
2021-10-29 00:42:48,201 [ReplicationMonitor] INFO  container.ReplicationManager (ReplicationManager.java:sendCloseCommand(1482)) - Sending close container command for container #1 to datanode e6ec3422-bd00-4bf8-8713-bff351886512{ip: 10.1.0.32, host: fv-az291-161.wgnan5asplgejimfprtllbpdch.jx.internal.cloudapp.net, ports: [REPLICATION=38043, RATIS=40113, RATIS_ADMIN=40113, RATIS_SERVER=40113, STANDALONE=39721], networkLocation: /default-rack, certSerialId: null, persistedOpState: IN_SERVICE, persistedOpStateExpiryEpochSec: 0}.
2021-10-29 00:42:48,202 [ReplicationMonitor] INFO  container.ReplicationManager (ReplicationManager.java:sendCloseCommand(1482)) - Sending close container command for container #1 to datanode f2b4d6f7-aefa-402b-a761-92c91b2f44f3{ip: 10.1.0.32, host: fv-az291-161.wgnan5asplgejimfprtllbpdch.jx.internal.cloudapp.net, ports: [REPLICATION=34403, RATIS=42307, RATIS_ADMIN=42307, RATIS_SERVER=42307, STANDALONE=32977], networkLocation: /default-rack, certSerialId: null, persistedOpState: IN_SERVICE, persistedOpStateExpiryEpochSec: 0}.
2021-10-29 00:42:48,202 [ReplicationMonitor] INFO  container.ReplicationManager (ReplicationManager.java:sendCloseCommand(1482)) - Sending close container command for container #2 to datanode e6ec3422-bd00-4bf8-8713-bff351886512{ip: 10.1.0.32, host: fv-az291-161.wgnan5asplgejimfprtllbpdch.jx.internal.cloudapp.net, ports: [REPLICATION=38043, RATIS=40113, RATIS_ADMIN=40113, RATIS_SERVER=40113, STANDALONE=39721], networkLocation: /default-rack, certSerialId: null, persistedOpState: IN_SERVICE, persistedOpStateExpiryEpochSec: 0}.
2021-10-29 00:42:48,202 [ReplicationMonitor] INFO  container.ReplicationManager (ReplicationManager.java:sendCloseCommand(1482)) - Sending close container command for container #2 to datanode f2b4d6f7-aefa-402b-a761-92c91b2f44f3{ip: 10.1.0.32, host: fv-az291-161.wgnan5asplgejimfprtllbpdch.jx.internal.cloudapp.net, ports: [REPLICATION=34403, RATIS=42307, RATIS_ADMIN=42307, RATIS_SERVER=42307, STANDALONE=32977], networkLocation: /default-rack, certSerialId: null, persistedOpState: IN_SERVICE, persistedOpStateExpiryEpochSec: 0}.
2021-10-29 00:42:48,202 [ReplicationMonitor] INFO  container.ReplicationManager (ReplicationManager.java:sendCloseCommand(1482)) - Sending close container command for container #2 to datanode 12cd3e49-de78-4d30-aa86-c1ffa97795c8{ip: 10.1.0.32, host: fv-az291-161.wgnan5asplgejimfprtllbpdch.jx.internal.cloudapp.net, ports: [REPLICATION=45311, RATIS=42653, RATIS_ADMIN=42653, RATIS_SERVER=42653, STANDALONE=34397], networkLocation: /default-rack, certSerialId: null, persistedOpState: IN_SERVICE, persistedOpStateExpiryEpochSec: 0}.
2021-10-29 00:42:48,202 [ReplicationMonitor] INFO  container.ReplicationManager (ReplicationManager.java:sendCloseCommand(1482)) - Sending close container command for container #3 to datanode 12cd3e49-de78-4d30-aa86-c1ffa97795c8{ip: 10.1.0.32, host: fv-az291-161.wgnan5asplgejimfprtllbpdch.jx.internal.cloudapp.net, ports: [REPLICATION=45311, RATIS=42653, RATIS_ADMIN=42653, RATIS_SERVER=42653, STANDALONE=34397], networkLocation: /default-rack, certSerialId: null, persistedOpState: IN_SERVICE, persistedOpStateExpiryEpochSec: 0}.
2021-10-29 00:42:48,202 [ReplicationMonitor] INFO  container.ReplicationManager (ReplicationManager.java:sendCloseCommand(1482)) - Sending close container command for container #3 to datanode e6ec3422-bd00-4bf8-8713-bff351886512{ip: 10.1.0.32, host: fv-az291-161.wgnan5asplgejimfprtllbpdch.jx.internal.cloudapp.net, ports: [REPLICATION=38043, RATIS=40113, RATIS_ADMIN=40113, RATIS_SERVER=40113, STANDALONE=39721], networkLocation: /default-rack, certSerialId: null, persistedOpState: IN_SERVICE, persistedOpStateExpiryEpochSec: 0}.
2021-10-29 00:42:48,202 [ReplicationMonitor] INFO  container.ReplicationManager (ReplicationManager.java:sendCloseCommand(1482)) - Sending close container command for container #3 to datanode f2b4d6f7-aefa-402b-a761-92c91b2f44f3{ip: 10.1.0.32, host: fv-az291-161.wgnan5asplgejimfprtllbpdch.jx.internal.cloudapp.net, ports: [REPLICATION=34403, RATIS=42307, RATIS_ADMIN=42307, RATIS_SERVER=42307, STANDALONE=32977], networkLocation: /default-rack, certSerialId: null, persistedOpState: IN_SERVICE, persistedOpStateExpiryEpochSec: 0}.
2021-10-29 00:42:48,202 [ReplicationMonitor] INFO  container.ReplicationManager (ReplicationManager.java:processAll(371)) - Replication Monitor Thread took 1 milliseconds for processing 3 containers.
2021-10-29 00:42:48,264 [IPC Server handler 0 on default port 40145] INFO  net.NetworkTopologyImpl (NetworkTopologyImpl.java:add(112)) - Added a new node: /default-rack/a1fdd0ef-804f-4835-9139-6ae2b6368b09
2021-10-29 00:42:48,266 [IPC Server handler 0 on default port 40145] INFO  node.SCMNodeManager (SCMNodeManager.java:register(389)) - Registered Data node : a1fdd0ef-804f-4835-9139-6ae2b6368b09{ip: 10.1.0.32, host: fv-az291-161.wgnan5asplgejimfprtllbpdch.jx.internal.cloudapp.net, ports: [REPLICATION=40427, RATIS=44367, RATIS_ADMIN=44367, RATIS_SERVER=44367, STANDALONE=35053], networkLocation: /default-rack, certSerialId: null, persistedOpState: null, persistedOpStateExpiryEpochSec: 0}
2021-10-29 00:42:48,269 [EventQueue-NewNodeForNewNodeHandler] INFO  pipeline.BackgroundPipelineCreator (BackgroundPipelineCreator.java:notifyEventTriggered(285)) - trigger a one-shot run on RatisPipelineUtilsThread.
2021-10-29 00:42:48,270 [RatisPipelineUtilsThread - 0] INFO  pipeline.RatisPipelineProvider (RatisPipelineProvider.java:lambda$create$0(183)) - Sending CreatePipelineCommand for pipeline:PipelineID=b677ff41-cdec-45b5-a06c-da5e061a5c93 to datanode:a1fdd0ef-804f-4835-9139-6ae2b6368b09
2021-10-29 00:42:48,270 [EventQueue-NodeRegistrationContainerReportForContainerSafeModeRule] INFO  safemode.SCMSafeModeManager (SCMSafeModeManager.java:validateSafeModeExitRules(204)) - ContainerSafeModeRule rule is successfully validated
2021-10-29 00:42:48,270 [EventQueue-NodeRegistrationContainerReportForDataNodeSafeModeRule] INFO  safemode.SCMSafeModeManager (DataNodeSafeModeRule.java:process(71)) - SCM in safe mode. 1 DataNodes registered, 3 required.
2021-10-29 00:42:48,271 [RatisPipelineUtilsThread - 0] INFO  pipeline.PipelineStateManagerImpl (PipelineStateManagerImpl.java:addPipeline(101)) - Created pipeline Pipeline[ Id: b677ff41-cdec-45b5-a06c-da5e061a5c93, Nodes: a1fdd0ef-804f-4835-9139-6ae2b6368b09{ip: 10.1.0.32, host: fv-az291-161.wgnan5asplgejimfprtllbpdch.jx.internal.cloudapp.net, ports: [REPLICATION=40427, RATIS=44367, RATIS_ADMIN=44367, RATIS_SERVER=44367, STANDALONE=35053], networkLocation: /default-rack, certSerialId: null, persistedOpState: IN_SERVICE, persistedOpStateExpiryEpochSec: 0}, ReplicationConfig: RATIS/ONE, State:ALLOCATED, leaderId:, CreationTimestamp2021-10-29T00:42:48.270Z[Etc/UTC]].
2021-10-29 00:42:48,272 [EventQueue-PipelineReportForOneReplicaPipelineSafeModeRule] INFO  safemode.SCMSafeModeManager (SCMSafeModeManager.java:validateSafeModeExitRules(204)) - AtleastOneDatanodeReportedRule rule is successfully validated
2021-10-29 00:42:48,427 [Listener at 127.0.0.1/33923] INFO  ozone.MiniOzoneClusterImpl (MiniOzoneClusterImpl.java:lambda$waitForClusterToBeReady$0(235)) - Waiting for nodes to be ready. Got 1 of 6 DN Heartbeats.
2021-10-29 00:42:48,430 [Listener at 127.0.0.1/33923] INFO  ozone.MiniOzoneClusterImpl (MiniOzoneClusterImpl.java:lambda$waitForClusterToBeReady$0(238)) - Waiting for cluster to exit safe mode
2021-10-29 00:42:48,430 [Listener at 127.0.0.1/33923] INFO  ozone.MiniOzoneClusterImpl (MiniOzoneClusterImpl.java:lambda$waitForClusterToBeReady$0(240)) - SCM became leader
2021-10-29 00:42:48,446 [EndpointStateMachine task thread for /0.0.0.0:40145 - 0 ] INFO  ozoneimpl.OzoneContainer (OzoneContainer.java:start(304)) - Attempting to start container services.
2021-10-29 00:42:48,446 [EndpointStateMachine task thread for /0.0.0.0:40145 - 0 ] INFO  ozoneimpl.OzoneContainer (OzoneContainer.java:startContainerScrub(249)) - Background container scanner has been disabled.
2021-10-29 00:42:48,450 [EndpointStateMachine task thread for /0.0.0.0:40145 - 0 ] INFO  replication.ReplicationServer (ReplicationServer.java:start(107)) - ReplicationServer is started using port 37925
2021-10-29 00:42:48,452 [EndpointStateMachine task thread for /0.0.0.0:40145 - 0 ] INFO  ratis.XceiverServerRatis (XceiverServerRatis.java:start(484)) - Starting XceiverServerRatis 08531864-a45b-4b81-8b31-f5d747fe8b59
2021-10-29 00:42:48,455 [EndpointStateMachine task thread for /0.0.0.0:40145 - 0 ] INFO  server.RaftServer (RaftServerProxy.java:lambda$start$5(374)) - 08531864-a45b-4b81-8b31-f5d747fe8b59: start RPC server
2021-10-29 00:42:48,455 [EndpointStateMachine task thread for /0.0.0.0:40145 - 0 ] INFO  server.GrpcService (GrpcService.java:startImpl(253)) - 08531864-a45b-4b81-8b31-f5d747fe8b59: GrpcService started, listening on 46027
2021-10-29 00:42:48,456 [EndpointStateMachine task thread for /0.0.0.0:40145 - 0 ] INFO  ratis.XceiverServerRatis (XceiverServerRatis.java:getRealPort(505)) - XceiverServerRatis 08531864-a45b-4b81-8b31-f5d747fe8b59 is started using port 46027 for RATIS
2021-10-29 00:42:48,456 [org.apache.ratis.util.JvmPauseMonitor$$Lambda$534/1173926218@5aaa153d] INFO  util.JvmPauseMonitor (JvmPauseMonitor.java:run(103)) - JvmPauseMonitor-08531864-a45b-4b81-8b31-f5d747fe8b59: Started
2021-10-29 00:42:48,456 [EndpointStateMachine task thread for /0.0.0.0:40145 - 0 ] INFO  ratis.XceiverServerRatis (XceiverServerRatis.java:getRealPort(505)) - XceiverServerRatis 08531864-a45b-4b81-8b31-f5d747fe8b59 is started using port 46027 for RATIS_ADMIN
2021-10-29 00:42:48,456 [EndpointStateMachine task thread for /0.0.0.0:40145 - 0 ] INFO  ratis.XceiverServerRatis (XceiverServerRatis.java:getRealPort(505)) - XceiverServerRatis 08531864-a45b-4b81-8b31-f5d747fe8b59 is started using port 46027 for RATIS_SERVER
2021-10-29 00:42:48,456 [EndpointStateMachine task thread for /0.0.0.0:40145 - 0 ] INFO  server.XceiverServerGrpc (XceiverServerGrpc.java:start(135)) - XceiverServerGrpc 08531864-a45b-4b81-8b31-f5d747fe8b59 is started using port 35199
2021-10-29 00:42:48,567 [240b3f92-711e-4b06-964b-7be2bf787040@group-2A945599F841-FollowerState] INFO  impl.FollowerState (FollowerState.java:run(134)) - 240b3f92-711e-4b06-964b-7be2bf787040@group-2A945599F841-FollowerState: change to CANDIDATE, lastRpcElapsedTime:5036480547ns, electionTimeout:5018ms
2021-10-29 00:42:48,567 [240b3f92-711e-4b06-964b-7be2bf787040@group-2A945599F841-FollowerState] INFO  impl.RoleInfo (RoleInfo.java:shutdownFollowerState(108)) - 240b3f92-711e-4b06-964b-7be2bf787040: shutdown 240b3f92-711e-4b06-964b-7be2bf787040@group-2A945599F841-FollowerState
2021-10-29 00:42:48,568 [240b3f92-711e-4b06-964b-7be2bf787040@group-2A945599F841-FollowerState] INFO  server.RaftServer$Division (RaftServerImpl.java:setRole(290)) - 240b3f92-711e-4b06-964b-7be2bf787040@group-2A945599F841: changes role from  FOLLOWER to CANDIDATE at term 2 for changeToCandidate
2021-10-29 00:42:48,568 [240b3f92-711e-4b06-964b-7be2bf787040@group-2A945599F841-FollowerState] INFO  server.RaftServerConfigKeys (ConfUtils.java:logGet(44)) - raft.server.leaderelection.pre-vote = false (custom)
2021-10-29 00:42:48,568 [240b3f92-711e-4b06-964b-7be2bf787040@group-2A945599F841-FollowerState] INFO  impl.RoleInfo (RoleInfo.java:updateAndGet(130)) - 240b3f92-711e-4b06-964b-7be2bf787040: start 240b3f92-711e-4b06-964b-7be2bf787040@group-2A945599F841-LeaderElection15
2021-10-29 00:42:48,572 [240b3f92-711e-4b06-964b-7be2bf787040@group-2A945599F841-LeaderElection15] INFO  impl.LeaderElection (LeaderElection.java:askForVotes(306)) - 240b3f92-711e-4b06-964b-7be2bf787040@group-2A945599F841-LeaderElection15 ELECTION round 0: submit vote requests at term 3 for -1: [240b3f92-711e-4b06-964b-7be2bf787040|rpc:10.1.0.32:39315|dataStream:|priority:1, ede339c2-3cec-47d6-98dc-ec75754dc7c3|rpc:10.1.0.32:43517|dataStream:|priority:0, ece50d73-52f9-426c-b062-e21d0a386dcf|rpc:10.1.0.32:33323|dataStream:|priority:0], old=null
2021-10-29 00:42:48,584 [grpc-default-executor-2] INFO  server.RaftServer$Division (RaftServerImpl.java:requestVote(1046)) - ece50d73-52f9-426c-b062-e21d0a386dcf@group-2A945599F841: receive requestVote(ELECTION, 240b3f92-711e-4b06-964b-7be2bf787040, group-2A945599F841, 3, (t:0, i:0))
2021-10-29 00:42:48,584 [grpc-default-executor-2] INFO  impl.VoteContext (VoteContext.java:log(48)) - ece50d73-52f9-426c-b062-e21d0a386dcf@group-2A945599F841-FOLLOWER: accept ELECTION from 240b3f92-711e-4b06-964b-7be2bf787040: our priority 0 <= candidate's priority 1
2021-10-29 00:42:48,584 [grpc-default-executor-2] INFO  server.RaftServer$Division (RaftServerImpl.java:setRole(290)) - ece50d73-52f9-426c-b062-e21d0a386dcf@group-2A945599F841: changes role from  FOLLOWER to FOLLOWER at term 3 for candidate:240b3f92-711e-4b06-964b-7be2bf787040
2021-10-29 00:42:48,584 [grpc-default-executor-2] INFO  impl.RoleInfo (RoleInfo.java:shutdownFollowerState(108)) - ece50d73-52f9-426c-b062-e21d0a386dcf: shutdown ece50d73-52f9-426c-b062-e21d0a386dcf@group-2A945599F841-FollowerState
2021-10-29 00:42:48,584 [grpc-default-executor-2] INFO  impl.RoleInfo (RoleInfo.java:updateAndGet(130)) - ece50d73-52f9-426c-b062-e21d0a386dcf: start ece50d73-52f9-426c-b062-e21d0a386dcf@group-2A945599F841-FollowerState
2021-10-29 00:42:48,584 [ece50d73-52f9-426c-b062-e21d0a386dcf@group-2A945599F841-FollowerState] INFO  impl.FollowerState (FollowerState.java:run(143)) - ece50d73-52f9-426c-b062-e21d0a386dcf@group-2A945599F841-FollowerState was interrupted: {}
java.lang.InterruptedException: sleep interrupted
	at java.lang.Thread.sleep(Native Method)
	at java.lang.Thread.sleep(Thread.java:340)
	at java.util.concurrent.TimeUnit.sleep(TimeUnit.java:386)
	at org.apache.ratis.util.TimeDuration.sleep(TimeDuration.java:324)
	at org.apache.ratis.util.TimeDuration.sleep(TimeDuration.java:309)
	at org.apache.ratis.server.impl.FollowerState.run(FollowerState.java:118)
2021-10-29 00:42:48,588 [grpc-default-executor-4] INFO  server.RaftServer$Division (RaftServerImpl.java:requestVote(1046)) - ede339c2-3cec-47d6-98dc-ec75754dc7c3@group-2A945599F841: receive requestVote(ELECTION, 240b3f92-711e-4b06-964b-7be2bf787040, group-2A945599F841, 3, (t:0, i:0))
2021-10-29 00:42:48,591 [grpc-default-executor-4] INFO  impl.VoteContext (VoteContext.java:log(48)) - ede339c2-3cec-47d6-98dc-ec75754dc7c3@group-2A945599F841-FOLLOWER: accept ELECTION from 240b3f92-711e-4b06-964b-7be2bf787040: our priority 0 <= candidate's priority 1
2021-10-29 00:42:48,592 [grpc-default-executor-4] INFO  server.RaftServer$Division (RaftServerImpl.java:setRole(290)) - ede339c2-3cec-47d6-98dc-ec75754dc7c3@group-2A945599F841: changes role from  FOLLOWER to FOLLOWER at term 3 for candidate:240b3f92-711e-4b06-964b-7be2bf787040
2021-10-29 00:42:48,592 [grpc-default-executor-4] INFO  impl.RoleInfo (RoleInfo.java:shutdownFollowerState(108)) - ede339c2-3cec-47d6-98dc-ec75754dc7c3: shutdown ede339c2-3cec-47d6-98dc-ec75754dc7c3@group-2A945599F841-FollowerState
2021-10-29 00:42:48,592 [grpc-default-executor-4] INFO  impl.RoleInfo (RoleInfo.java:updateAndGet(130)) - ede339c2-3cec-47d6-98dc-ec75754dc7c3: start ede339c2-3cec-47d6-98dc-ec75754dc7c3@group-2A945599F841-FollowerState
2021-10-29 00:42:48,592 [grpc-default-executor-2] INFO  server.RaftServer$Division (RaftServerImpl.java:requestVote(1078)) - ece50d73-52f9-426c-b062-e21d0a386dcf@group-2A945599F841 replies to ELECTION vote request: 240b3f92-711e-4b06-964b-7be2bf787040<-ece50d73-52f9-426c-b062-e21d0a386dcf#0:OK-t3. Peer's state: ece50d73-52f9-426c-b062-e21d0a386dcf@group-2A945599F841:t3, leader=null, voted=240b3f92-711e-4b06-964b-7be2bf787040, raftlog=ece50d73-52f9-426c-b062-e21d0a386dcf@group-2A945599F841-SegmentedRaftLog:OPENED:c-1, conf=-1: [240b3f92-711e-4b06-964b-7be2bf787040|rpc:10.1.0.32:39315|dataStream:|priority:1, ede339c2-3cec-47d6-98dc-ec75754dc7c3|rpc:10.1.0.32:43517|dataStream:|priority:0, ece50d73-52f9-426c-b062-e21d0a386dcf|rpc:10.1.0.32:33323|dataStream:|priority:0], old=null
2021-10-29 00:42:48,592 [ede339c2-3cec-47d6-98dc-ec75754dc7c3@group-2A945599F841-FollowerState] INFO  impl.FollowerState (FollowerState.java:run(143)) - ede339c2-3cec-47d6-98dc-ec75754dc7c3@group-2A945599F841-FollowerState was interrupted: {}
java.lang.InterruptedException: sleep interrupted
	at java.lang.Thread.sleep(Native Method)
	at java.lang.Thread.sleep(Thread.java:340)
	at java.util.concurrent.TimeUnit.sleep(TimeUnit.java:386)
	at org.apache.ratis.util.TimeDuration.sleep(TimeDuration.java:324)
	at org.apache.ratis.util.TimeDuration.sleep(TimeDuration.java:309)
	at org.apache.ratis.server.impl.FollowerState.run(FollowerState.java:118)
2021-10-29 00:42:48,601 [grpc-default-executor-4] INFO  server.RaftServer$Division (RaftServerImpl.java:requestVote(1078)) - ede339c2-3cec-47d6-98dc-ec75754dc7c3@group-2A945599F841 replies to ELECTION vote request: 240b3f92-711e-4b06-964b-7be2bf787040<-ede339c2-3cec-47d6-98dc-ec75754dc7c3#0:OK-t3. Peer's state: ede339c2-3cec-47d6-98dc-ec75754dc7c3@group-2A945599F841:t3, leader=null, voted=240b3f92-711e-4b06-964b-7be2bf787040, raftlog=ede339c2-3cec-47d6-98dc-ec75754dc7c3@group-2A945599F841-SegmentedRaftLog:OPENED:c-1, conf=-1: [240b3f92-711e-4b06-964b-7be2bf787040|rpc:10.1.0.32:39315|priority:1, ede339c2-3cec-47d6-98dc-ec75754dc7c3|rpc:10.1.0.32:43517|priority:0, ece50d73-52f9-426c-b062-e21d0a386dcf|rpc:10.1.0.32:33323|priority:0], old=null
2021-10-29 00:42:48,602 [240b3f92-711e-4b06-964b-7be2bf787040@group-2A945599F841-LeaderElection15] INFO  impl.LeaderElection (LeaderElection.java:logAndReturn(89)) - 240b3f92-711e-4b06-964b-7be2bf787040@group-2A945599F841-LeaderElection15: ELECTION PASSED received 1 response(s) and 0 exception(s):
2021-10-29 00:42:48,604 [240b3f92-711e-4b06-964b-7be2bf787040@group-2A945599F841-LeaderElection15] INFO  impl.LeaderElection (LeaderElection.java:logAndReturn(93)) -   Response 0: 240b3f92-711e-4b06-964b-7be2bf787040<-ece50d73-52f9-426c-b062-e21d0a386dcf#0:OK-t3
2021-10-29 00:42:48,604 [240b3f92-711e-4b06-964b-7be2bf787040@group-2A945599F841-LeaderElection15] INFO  impl.LeaderElection (LeaderElection.java:askForVotes(308)) - 240b3f92-711e-4b06-964b-7be2bf787040@group-2A945599F841-LeaderElection15 ELECTION round 0: result PASSED
2021-10-29 00:42:48,604 [240b3f92-711e-4b06-964b-7be2bf787040@group-2A945599F841-LeaderElection15] INFO  impl.RoleInfo (RoleInfo.java:shutdownLeaderElection(121)) - 240b3f92-711e-4b06-964b-7be2bf787040: shutdown 240b3f92-711e-4b06-964b-7be2bf787040@group-2A945599F841-LeaderElection15
2021-10-29 00:42:48,604 [240b3f92-711e-4b06-964b-7be2bf787040@group-2A945599F841-LeaderElection15] INFO  server.RaftServer$Division (RaftServerImpl.java:setRole(290)) - 240b3f92-711e-4b06-964b-7be2bf787040@group-2A945599F841: changes role from CANDIDATE to LEADER at term 3 for changeToLeader
2021-10-29 00:42:48,604 [240b3f92-711e-4b06-964b-7be2bf787040@group-2A945599F841-LeaderElection15] INFO  ratis.XceiverServerRatis (XceiverServerRatis.java:handleLeaderChangedNotification(866)) - Leader change notification received for group: group-2A945599F841 with new leaderId: 240b3f92-711e-4b06-964b-7be2bf787040
2021-10-29 00:42:48,604 [240b3f92-711e-4b06-964b-7be2bf787040@group-2A945599F841-LeaderElection15] INFO  server.RaftServer$Division (ServerState.java:setLeader(285)) - 240b3f92-711e-4b06-964b-7be2bf787040@group-2A945599F841: change Leader from null to 240b3f92-711e-4b06-964b-7be2bf787040 at term 3 for becomeLeader, leader elected after 15181ms
2021-10-29 00:42:48,604 [240b3f92-711e-4b06-964b-7be2bf787040@group-2A945599F841-LeaderElection15] INFO  server.RaftServerConfigKeys (ConfUtils.java:logGet(44)) - raft.server.staging.catchup.gap = 1000 (default)
2021-10-29 00:42:48,606 [240b3f92-711e-4b06-964b-7be2bf787040@group-2A945599F841-LeaderElection15] INFO  server.RaftServerConfigKeys (ConfUtils.java:logGet(44)) - raft.server.write.element-limit = 1024 (custom)
2021-10-29 00:42:48,606 [240b3f92-711e-4b06-964b-7be2bf787040@group-2A945599F841-LeaderElection15] INFO  server.RaftServerConfigKeys (ConfUtils.java:logGet(44)) - raft.server.write.byte-limit = 1024 M (=1073741824) (custom)
2021-10-29 00:42:48,607 [240b3f92-711e-4b06-964b-7be2bf787040@group-2A945599F841-LeaderElection15] INFO  server.RaftServerConfigKeys (ConfUtils.java:logGet(44)) - raft.server.watch.timeout = 180s (custom)
2021-10-29 00:42:48,607 [240b3f92-711e-4b06-964b-7be2bf787040@group-2A945599F841-LeaderElection15] INFO  server.RaftServerConfigKeys (ConfUtils.java:logGet(44)) - raft.server.watch.timeout.denomination = 1s (default)
2021-10-29 00:42:48,607 [240b3f92-711e-4b06-964b-7be2bf787040@group-2A945599F841-LeaderElection15] INFO  server.RaftServerConfigKeys (ConfUtils.java:logGet(44)) - raft.server.watch.element-limit = 65536 (default)
2021-10-29 00:42:48,607 [240b3f92-711e-4b06-964b-7be2bf787040@group-2A945599F841-LeaderElection15] INFO  server.RaftServerConfigKeys (ConfUtils.java:logGet(44)) - raft.server.write.element-limit = 1024 (custom)
2021-10-29 00:42:48,607 [240b3f92-711e-4b06-964b-7be2bf787040@group-2A945599F841-LeaderElection15] INFO  server.RaftServerConfigKeys (ConfUtils.java:logGet(44)) - raft.server.write.follower.gap.ratio.max = -1.0 (default)
2021-10-29 00:42:48,607 [240b3f92-711e-4b06-964b-7be2bf787040@group-2A945599F841-LeaderElection15] INFO  server.RaftServerConfigKeys (ConfUtils.java:logGet(44)) - raft.server.log.appender.snapshot.chunk.size.max = 16MB (=16777216) (default)
2021-10-29 00:42:48,607 [240b3f92-711e-4b06-964b-7be2bf787040@group-2A945599F841-LeaderElection15] INFO  server.RaftServerConfigKeys (ConfUtils.java:logGet(44)) - raft.server.log.appender.buffer.byte-limit = 33554432 (custom)
2021-10-29 00:42:48,607 [240b3f92-711e-4b06-964b-7be2bf787040@group-2A945599F841-LeaderElection15] INFO  server.RaftServerConfigKeys (ConfUtils.java:logGet(44)) - raft.server.log.appender.buffer.element-limit = 1 (custom)
2021-10-29 00:42:48,607 [240b3f92-711e-4b06-964b-7be2bf787040@group-2A945599F841-LeaderElection15] INFO  grpc.GrpcConfigKeys (ConfUtils.java:logGet(44)) - raft.grpc.server.leader.outstanding.appends.max = 128 (default)
2021-10-29 00:42:48,607 [EventQueue-PipelineReportForPipelineReportHandler] INFO  pipeline.PipelineManagerImpl (PipelineManagerImpl.java:openPipeline(289)) - Pipeline Pipeline[ Id: e184be69-efb2-4d49-b603-2a945599f841, Nodes: ece50d73-52f9-426c-b062-e21d0a386dcf{ip: 10.1.0.32, host: fv-az291-161.wgnan5asplgejimfprtllbpdch.jx.internal.cloudapp.net, ports: [REPLICATION=37105, RATIS=33323, RATIS_ADMIN=33323, RATIS_SERVER=33323, STANDALONE=34549], networkLocation: /default-rack, certSerialId: null, persistedOpState: IN_SERVICE, persistedOpStateExpiryEpochSec: 0}240b3f92-711e-4b06-964b-7be2bf787040{ip: 10.1.0.32, host: fv-az291-161.wgnan5asplgejimfprtllbpdch.jx.internal.cloudapp.net, ports: [REPLICATION=34171, RATIS=39315, RATIS_ADMIN=39315, RATIS_SERVER=39315, STANDALONE=46869], networkLocation: /default-rack, certSerialId: null, persistedOpState: IN_SERVICE, persistedOpStateExpiryEpochSec: 0}ede339c2-3cec-47d6-98dc-ec75754dc7c3{ip: 10.1.0.32, host: fv-az291-161.wgnan5asplgejimfprtllbpdch.jx.internal.cloudapp.net, ports: [REPLICATION=37327, RATIS=43517, RATIS_ADMIN=43517, RATIS_SERVER=43517, STANDALONE=37483], networkLocation: /default-rack, certSerialId: null, persistedOpState: IN_SERVICE, persistedOpStateExpiryEpochSec: 0}, ReplicationConfig: RATIS/THREE, State:ALLOCATED, leaderId:240b3f92-711e-4b06-964b-7be2bf787040, CreationTimestamp2021-10-29T00:42:30.713Z[Etc/UTC]] moved to OPEN state
2021-10-29 00:42:48,607 [240b3f92-711e-4b06-964b-7be2bf787040@group-2A945599F841-LeaderElection15] INFO  server.RaftServerConfigKeys (ConfUtils.java:logGet(44)) - raft.server.rpc.request.timeout = 60s (custom)
2021-10-29 00:42:48,611 [240b3f92-711e-4b06-964b-7be2bf787040@group-2A945599F841-LeaderElection15] INFO  server.RaftServerConfigKeys (ConfUtils.java:logGet(44)) - raft.server.log.appender.install.snapshot.enabled = false (custom)
2021-10-29 00:42:48,612 [240b3f92-711e-4b06-964b-7be2bf787040@group-2A945599F841-LeaderElection15] INFO  server.RaftServerConfigKeys (ConfUtils.java:logGet(44)) - raft.server.log.appender.snapshot.chunk.size.max = 16MB (=16777216) (default)
2021-10-29 00:42:48,613 [240b3f92-711e-4b06-964b-7be2bf787040@group-2A945599F841-LeaderElection15] INFO  server.RaftServerConfigKeys (ConfUtils.java:logGet(44)) - raft.server.log.appender.buffer.byte-limit = 33554432 (custom)
2021-10-29 00:42:48,613 [240b3f92-711e-4b06-964b-7be2bf787040@group-2A945599F841-LeaderElection15] INFO  server.RaftServerConfigKeys (ConfUtils.java:logGet(44)) - raft.server.log.appender.buffer.element-limit = 1 (custom)
2021-10-29 00:42:48,613 [240b3f92-711e-4b06-964b-7be2bf787040@group-2A945599F841-LeaderElection15] INFO  grpc.GrpcConfigKeys (ConfUtils.java:logGet(44)) - raft.grpc.server.leader.outstanding.appends.max = 128 (default)
2021-10-29 00:42:48,613 [240b3f92-711e-4b06-964b-7be2bf787040@group-2A945599F841-LeaderElection15] INFO  server.RaftServerConfigKeys (ConfUtils.java:logGet(44)) - raft.server.rpc.request.timeout = 60s (custom)
2021-10-29 00:42:48,613 [240b3f92-711e-4b06-964b-7be2bf787040@group-2A945599F841-LeaderElection15] INFO  server.RaftServerConfigKeys (ConfUtils.java:logGet(44)) - raft.server.log.appender.install.snapshot.enabled = false (custom)
2021-10-29 00:42:48,614 [240b3f92-711e-4b06-964b-7be2bf787040@group-2A945599F841-LeaderElection15] INFO  impl.RoleInfo (RoleInfo.java:updateAndGet(130)) - 240b3f92-711e-4b06-964b-7be2bf787040: start 240b3f92-711e-4b06-964b-7be2bf787040@group-2A945599F841-LeaderStateImpl
2021-10-29 00:42:48,614 [240b3f92-711e-4b06-964b-7be2bf787040@group-2A945599F841-LeaderElection15] INFO  segmented.SegmentedRaftLogWorker (SegmentedRaftLogWorker.java:startLogSegment(394)) - 240b3f92-711e-4b06-964b-7be2bf787040@group-2A945599F841-SegmentedRaftLogWorker: Starting segment from index:0
2021-10-29 00:42:48,617 [240b3f92-711e-4b06-964b-7be2bf787040@group-2A945599F841-SegmentedRaftLogWorker] INFO  segmented.SegmentedRaftLogWorker (SegmentedRaftLogWorker.java:execute(601)) - 240b3f92-711e-4b06-964b-7be2bf787040@group-2A945599F841-SegmentedRaftLogWorker: created new log segment /home/runner/work/ozone/ozone/hadoop-ozone/integration-test/target/test-dir/MiniOzoneClusterImpl-20f6a6ed-b629-410f-9e90-983c782471bd/datanode-5/data/ratis/e184be69-efb2-4d49-b603-2a945599f841/current/log_inprogress_0
2021-10-29 00:42:48,624 [grpc-default-executor-4] INFO  ratis.XceiverServerRatis (XceiverServerRatis.java:handleLeaderChangedNotification(866)) - Leader change notification received for group: group-2A945599F841 with new leaderId: 240b3f92-711e-4b06-964b-7be2bf787040
2021-10-29 00:42:48,624 [grpc-default-executor-4] INFO  server.RaftServer$Division (ServerState.java:setLeader(285)) - ece50d73-52f9-426c-b062-e21d0a386dcf@group-2A945599F841: change Leader from null to 240b3f92-711e-4b06-964b-7be2bf787040 at term 3 for appendEntries, leader elected after 15245ms
2021-10-29 00:42:48,628 [grpc-default-executor-4] INFO  server.RaftServer$Division (ServerState.java:setRaftConf(387)) - ece50d73-52f9-426c-b062-e21d0a386dcf@group-2A945599F841: set configuration 0: [240b3f92-711e-4b06-964b-7be2bf787040|rpc:10.1.0.32:39315|dataStream:|priority:1, ede339c2-3cec-47d6-98dc-ec75754dc7c3|rpc:10.1.0.32:43517|dataStream:|priority:0, ece50d73-52f9-426c-b062-e21d0a386dcf|rpc:10.1.0.32:33323|dataStream:|priority:0], old=null
2021-10-29 00:42:48,629 [240b3f92-711e-4b06-964b-7be2bf787040@group-2A945599F841-LeaderElection15] INFO  server.RaftServer$Division (ServerState.java:setRaftConf(387)) - 240b3f92-711e-4b06-964b-7be2bf787040@group-2A945599F841: set configuration 0: [240b3f92-711e-4b06-964b-7be2bf787040|rpc:10.1.0.32:39315|dataStream:|priority:1, ede339c2-3cec-47d6-98dc-ec75754dc7c3|rpc:10.1.0.32:43517|dataStream:|priority:0, ece50d73-52f9-426c-b062-e21d0a386dcf|rpc:10.1.0.32:33323|dataStream:|priority:0], old=null
2021-10-29 00:42:48,635 [grpc-default-executor-4] INFO  segmented.SegmentedRaftLogWorker (SegmentedRaftLogWorker.java:startLogSegment(394)) - ece50d73-52f9-426c-b062-e21d0a386dcf@group-2A945599F841-SegmentedRaftLogWorker: Starting segment from index:0
2021-10-29 00:42:48,638 [grpc-default-executor-3] INFO  ratis.XceiverServerRatis (XceiverServerRatis.java:handleLeaderChangedNotification(866)) - Leader change notification received for group: group-2A945599F841 with new leaderId: 240b3f92-711e-4b06-964b-7be2bf787040
2021-10-29 00:42:48,638 [grpc-default-executor-3] INFO  server.RaftServer$Division (ServerState.java:setLeader(285)) - ede339c2-3cec-47d6-98dc-ec75754dc7c3@group-2A945599F841: change Leader from null to 240b3f92-711e-4b06-964b-7be2bf787040 at term 3 for appendEntries, leader elected after 15311ms
2021-10-29 00:42:48,638 [ece50d73-52f9-426c-b062-e21d0a386dcf@group-2A945599F841-SegmentedRaftLogWorker] INFO  segmented.SegmentedRaftLogWorker (SegmentedRaftLogWorker.java:execute(601)) - ece50d73-52f9-426c-b062-e21d0a386dcf@group-2A945599F841-SegmentedRaftLogWorker: created new log segment /home/runner/work/ozone/ozone/hadoop-ozone/integration-test/target/test-dir/MiniOzoneClusterImpl-20f6a6ed-b629-410f-9e90-983c782471bd/datanode-4/data/ratis/e184be69-efb2-4d49-b603-2a945599f841/current/log_inprogress_0
2021-10-29 00:42:48,650 [grpc-default-executor-3] INFO  server.RaftServer$Division (ServerState.java:setRaftConf(387)) - ede339c2-3cec-47d6-98dc-ec75754dc7c3@group-2A945599F841: set configuration 0: [240b3f92-711e-4b06-964b-7be2bf787040|rpc:10.1.0.32:39315|dataStream:|priority:1, ede339c2-3cec-47d6-98dc-ec75754dc7c3|rpc:10.1.0.32:43517|dataStream:|priority:0, ece50d73-52f9-426c-b062-e21d0a386dcf|rpc:10.1.0.32:33323|dataStream:|priority:0], old=null
2021-10-29 00:42:48,650 [grpc-default-executor-3] INFO  segmented.SegmentedRaftLogWorker (SegmentedRaftLogWorker.java:startLogSegment(394)) - ede339c2-3cec-47d6-98dc-ec75754dc7c3@group-2A945599F841-SegmentedRaftLogWorker: Starting segment from index:0
2021-10-29 00:42:48,653 [ede339c2-3cec-47d6-98dc-ec75754dc7c3@group-2A945599F841-SegmentedRaftLogWorker] INFO  segmented.SegmentedRaftLogWorker (SegmentedRaftLogWorker.java:execute(601)) - ede339c2-3cec-47d6-98dc-ec75754dc7c3@group-2A945599F841-SegmentedRaftLogWorker: created new log segment /home/runner/work/ozone/ozone/hadoop-ozone/integration-test/target/test-dir/MiniOzoneClusterImpl-20f6a6ed-b629-410f-9e90-983c782471bd/datanode-3/data/ratis/e184be69-efb2-4d49-b603-2a945599f841/current/log_inprogress_0
2021-10-29 00:42:48,710 [IPC Server handler 2 on default port 40145] INFO  net.NetworkTopologyImpl (NetworkTopologyImpl.java:add(112)) - Added a new node: /default-rack/86c3d915-a4b4-4376-a03d-0cc30fc6f311
2021-10-29 00:42:48,710 [IPC Server handler 2 on default port 40145] INFO  node.SCMNodeManager (SCMNodeManager.java:register(389)) - Registered Data node : 86c3d915-a4b4-4376-a03d-0cc30fc6f311{ip: 10.1.0.32, host: fv-az291-161.wgnan5asplgejimfprtllbpdch.jx.internal.cloudapp.net, ports: [REPLICATION=39565, RATIS=39439, RATIS_ADMIN=39439, RATIS_SERVER=39439, STANDALONE=37599], networkLocation: /default-rack, certSerialId: null, persistedOpState: null, persistedOpStateExpiryEpochSec: 0}
2021-10-29 00:42:48,710 [EventQueue-NewNodeForNewNodeHandler] INFO  pipeline.BackgroundPipelineCreator (BackgroundPipelineCreator.java:notifyEventTriggered(285)) - trigger a one-shot run on RatisPipelineUtilsThread.
2021-10-29 00:42:48,711 [EventQueue-NodeRegistrationContainerReportForDataNodeSafeModeRule] INFO  safemode.SCMSafeModeManager (DataNodeSafeModeRule.java:process(71)) - SCM in safe mode. 2 DataNodes registered, 3 required.
2021-10-29 00:42:48,711 [RatisPipelineUtilsThread - 0] INFO  pipeline.RatisPipelineProvider (RatisPipelineProvider.java:lambda$create$0(183)) - Sending CreatePipelineCommand for pipeline:PipelineID=f5892fae-2603-4b40-b467-0776f9ed1ff9 to datanode:86c3d915-a4b4-4376-a03d-0cc30fc6f311
2021-10-29 00:42:48,712 [RatisPipelineUtilsThread - 0] INFO  pipeline.PipelineStateManagerImpl (PipelineStateManagerImpl.java:addPipeline(101)) - Created pipeline Pipeline[ Id: f5892fae-2603-4b40-b467-0776f9ed1ff9, Nodes: 86c3d915-a4b4-4376-a03d-0cc30fc6f311{ip: 10.1.0.32, host: fv-az291-161.wgnan5asplgejimfprtllbpdch.jx.internal.cloudapp.net, ports: [REPLICATION=39565, RATIS=39439, RATIS_ADMIN=39439, RATIS_SERVER=39439, STANDALONE=37599], networkLocation: /default-rack, certSerialId: null, persistedOpState: IN_SERVICE, persistedOpStateExpiryEpochSec: 0}, ReplicationConfig: RATIS/ONE, State:ALLOCATED, leaderId:, CreationTimestamp2021-10-29T00:42:48.711Z[Etc/UTC]].
2021-10-29 00:42:48,960 [EventQueue-PipelineReportForPipelineReportHandler] INFO  pipeline.PipelineReportHandler (PipelineReportHandler.java:processPipelineReport(113)) - Reported pipeline PipelineID=19f05eae-0a17-4d2c-b3a0-f5bd42791ae0 is not found
2021-10-29 00:42:48,960 [EventQueue-PipelineReportForPipelineReportHandler] INFO  pipeline.PipelineReportHandler (PipelineReportHandler.java:processPipelineReport(113)) - Reported pipeline PipelineID=c3357fca-608a-411c-87ef-af3141016b51 is not found
2021-10-29 00:42:48,961 [Command processor thread] INFO  server.RaftServer (RaftServerProxy.java:remove(106)) - f2b4d6f7-aefa-402b-a761-92c91b2f44f3: remove    LEADER f2b4d6f7-aefa-402b-a761-92c91b2f44f3@group-F5BD42791AE0:t2, leader=f2b4d6f7-aefa-402b-a761-92c91b2f44f3, voted=f2b4d6f7-aefa-402b-a761-92c91b2f44f3, raftlog=f2b4d6f7-aefa-402b-a761-92c91b2f44f3@group-F5BD42791AE0-SegmentedRaftLog:OPENED:c80, conf=0: [e6ec3422-bd00-4bf8-8713-bff351886512|rpc:10.1.0.32:40113|dataStream:|priority:0, f2b4d6f7-aefa-402b-a761-92c91b2f44f3|rpc:10.1.0.32:42307|dataStream:|priority:1, 12cd3e49-de78-4d30-aa86-c1ffa97795c8|rpc:10.1.0.32:42653|dataStream:|priority:0], old=null RUNNING
2021-10-29 00:42:48,963 [Command processor thread] INFO  server.RaftServer$Division (RaftServerImpl.java:lambda$close$4(412)) - f2b4d6f7-aefa-402b-a761-92c91b2f44f3@group-F5BD42791AE0: shutdown
2021-10-29 00:42:48,964 [Command processor thread] INFO  util.JmxRegister (JmxRegister.java:unregister(73)) - Successfully un-registered JMX Bean with object name Ratis:service=RaftServer,group=group-F5BD42791AE0,id=f2b4d6f7-aefa-402b-a761-92c91b2f44f3
2021-10-29 00:42:48,964 [Command processor thread] INFO  impl.RoleInfo (RoleInfo.java:shutdownLeaderState(91)) - f2b4d6f7-aefa-402b-a761-92c91b2f44f3: shutdown f2b4d6f7-aefa-402b-a761-92c91b2f44f3@group-F5BD42791AE0-LeaderStateImpl
2021-10-29 00:42:48,965 [f2b4d6f7-aefa-402b-a761-92c91b2f44f3@group-F5BD42791AE0->e6ec3422-bd00-4bf8-8713-bff351886512-GrpcLogAppender-LogAppenderDaemon] WARN  server.GrpcLogAppender (GrpcLogAppender.java:mayWait(177)) - f2b4d6f7-aefa-402b-a761-92c91b2f44f3@group-F5BD42791AE0->e6ec3422-bd00-4bf8-8713-bff351886512-GrpcLogAppender: Wait interrupted by java.lang.InterruptedException
2021-10-29 00:42:48,966 [grpc-default-executor-3] INFO  server.GrpcServerProtocolService (GrpcServerProtocolService.java:onCompleted(140)) - e6ec3422-bd00-4bf8-8713-bff351886512: Completed APPEND_ENTRIES, lastRequest: f2b4d6f7-aefa-402b-a761-92c91b2f44f3->e6ec3422-bd00-4bf8-8713-bff351886512#327-t2,previous=(t:2, i:79),leaderCommit=79,initializing? true,entries: size=1, first=(t:2, i:80), METADATAENTRY(c:78)
2021-10-29 00:42:48,966 [Command processor thread] INFO  impl.PendingRequests (PendingRequests.java:sendNotLeaderResponses(282)) - f2b4d6f7-aefa-402b-a761-92c91b2f44f3@group-F5BD42791AE0-PendingRequests: sendNotLeaderResponses
2021-10-29 00:42:48,966 [f2b4d6f7-aefa-402b-a761-92c91b2f44f3@group-F5BD42791AE0->12cd3e49-de78-4d30-aa86-c1ffa97795c8-GrpcLogAppender-LogAppenderDaemon] WARN  server.GrpcLogAppender (GrpcLogAppender.java:mayWait(177)) - f2b4d6f7-aefa-402b-a761-92c91b2f44f3@group-F5BD42791AE0->12cd3e49-de78-4d30-aa86-c1ffa97795c8-GrpcLogAppender: Wait interrupted by java.lang.InterruptedException
2021-10-29 00:42:48,967 [grpc-default-executor-2] INFO  server.GrpcLogAppender (GrpcLogAppender.java:onCompleted(346)) - f2b4d6f7-aefa-402b-a761-92c91b2f44f3@group-F5BD42791AE0->e6ec3422-bd00-4bf8-8713-bff351886512-AppendLogResponseHandler: follower responses appendEntries COMPLETED
2021-10-29 00:42:48,971 [grpc-default-executor-3] INFO  server.GrpcServerProtocolService (GrpcServerProtocolService.java:onCompleted(140)) - 12cd3e49-de78-4d30-aa86-c1ffa97795c8: Completed APPEND_ENTRIES, lastRequest: f2b4d6f7-aefa-402b-a761-92c91b2f44f3->12cd3e49-de78-4d30-aa86-c1ffa97795c8#322-t2,previous=(t:2, i:79),leaderCommit=78,initializing? true,entries: size=1, first=(t:2, i:80), METADATAENTRY(c:78)
2021-10-29 00:42:48,976 [grpc-default-executor-4] INFO  server.GrpcLogAppender (GrpcLogAppender.java:onCompleted(346)) - f2b4d6f7-aefa-402b-a761-92c91b2f44f3@group-F5BD42791AE0->12cd3e49-de78-4d30-aa86-c1ffa97795c8-AppendLogResponseHandler: follower responses appendEntries COMPLETED
2021-10-29 00:42:48,977 [grpc-default-executor-4] INFO  leader.FollowerInfo (FollowerInfoImpl.java:lambda$new$0(47)) - f2b4d6f7-aefa-402b-a761-92c91b2f44f3@group-F5BD42791AE0->12cd3e49-de78-4d30-aa86-c1ffa97795c8: nextIndex: updateUnconditionally 81 -> 80
2021-10-29 00:42:48,981 [EventQueue-PipelineReportForPipelineReportHandler] INFO  pipeline.PipelineReportHandler (PipelineReportHandler.java:processPipelineReport(113)) - Reported pipeline PipelineID=19f05eae-0a17-4d2c-b3a0-f5bd42791ae0 is not found
2021-10-29 00:42:48,983 [f2b4d6f7-aefa-402b-a761-92c91b2f44f3@group-F5BD42791AE0-StateMachineUpdater] INFO  ratis.ContainerStateMachine (ContainerStateMachine.java:takeSnapshot(292)) - group-F5BD42791AE0: Taking a snapshot at:(t:2, i:80) file /home/runner/work/ozone/ozone/hadoop-ozone/integration-test/target/test-dir/MiniOzoneClusterImpl-20f6a6ed-b629-410f-9e90-983c782471bd/datanode-2/data/ratis/19f05eae-0a17-4d2c-b3a0-f5bd42791ae0/sm/snapshot.2_80
2021-10-29 00:42:48,986 [Command processor thread] INFO  impl.StateMachineUpdater (StateMachineUpdater.java:stopAndJoin(149)) - f2b4d6f7-aefa-402b-a761-92c91b2f44f3@group-F5BD42791AE0-StateMachineUpdater: set stopIndex = 80
2021-10-29 00:42:48,981 [grpc-default-executor-2] INFO  leader.FollowerInfo (FollowerInfoImpl.java:lambda$new$0(47)) - f2b4d6f7-aefa-402b-a761-92c91b2f44f3@group-F5BD42791AE0->e6ec3422-bd00-4bf8-8713-bff351886512: nextIndex: updateUnconditionally 81 -> 80
2021-10-29 00:42:49,024 [f2b4d6f7-aefa-402b-a761-92c91b2f44f3@group-F5BD42791AE0-StateMachineUpdater] INFO  ratis.ContainerStateMachine (ContainerStateMachine.java:takeSnapshot(303)) - group-F5BD42791AE0: Finished taking a snapshot at:(t:2, i:80) file:/home/runner/work/ozone/ozone/hadoop-ozone/integration-test/target/test-dir/MiniOzoneClusterImpl-20f6a6ed-b629-410f-9e90-983c782471bd/datanode-2/data/ratis/19f05eae-0a17-4d2c-b3a0-f5bd42791ae0/sm/snapshot.2_80 took: 40 ms
2021-10-29 00:42:49,025 [f2b4d6f7-aefa-402b-a761-92c91b2f44f3@group-F5BD42791AE0-StateMachineUpdater] INFO  impl.StateMachineUpdater (StateMachineUpdater.java:takeSnapshot(281)) - f2b4d6f7-aefa-402b-a761-92c91b2f44f3@group-F5BD42791AE0-StateMachineUpdater: Took a snapshot at index 80
2021-10-29 00:42:49,027 [f2b4d6f7-aefa-402b-a761-92c91b2f44f3@group-F5BD42791AE0-StateMachineUpdater] INFO  impl.StateMachineUpdater (StateMachineUpdater.java:lambda$new$0(89)) - f2b4d6f7-aefa-402b-a761-92c91b2f44f3@group-F5BD42791AE0-StateMachineUpdater: snapshotIndex: updateIncreasingly -1 -> 80
2021-10-29 00:42:49,033 [Command processor thread] INFO  server.RaftServer$Division (ServerState.java:close(419)) - f2b4d6f7-aefa-402b-a761-92c91b2f44f3@group-F5BD42791AE0: closes. applyIndex: 80
2021-10-29 00:42:49,034 [f2b4d6f7-aefa-402b-a761-92c91b2f44f3@group-F5BD42791AE0-SegmentedRaftLogWorker] INFO  segmented.SegmentedRaftLogWorker (SegmentedRaftLogWorker.java:run(327)) - f2b4d6f7-aefa-402b-a761-92c91b2f44f3@group-F5BD42791AE0-SegmentedRaftLogWorker was interrupted, exiting. There are 0 tasks remaining in the queue.
2021-10-29 00:42:49,034 [Command processor thread] INFO  segmented.SegmentedRaftLogWorker (SegmentedRaftLogWorker.java:close(237)) - f2b4d6f7-aefa-402b-a761-92c91b2f44f3@group-F5BD42791AE0-SegmentedRaftLogWorker close()
2021-10-29 00:42:49,040 [ReplicationMonitor] INFO  container.ReplicationManager (ReplicationManager.java:processAll(371)) - Replication Monitor Thread took 0 milliseconds for processing 0 containers.
2021-10-29 00:42:49,046 [Command processor thread] INFO  keyvalue.KeyValueContainer (KeyValueContainer.java:flushAndSyncDB(397)) - Container 1 is synced with bcsId 74.
2021-10-29 00:42:49,046 [Command processor thread] INFO  keyvalue.KeyValueContainer (KeyValueContainer.java:flushAndSyncDB(397)) - Container 1 is synced with bcsId 74.
2021-10-29 00:42:49,053 [EventQueue-IncrementalContainerReportForIncrementalContainerReportHandler] INFO  container.IncrementalContainerReportHandler (AbstractContainerReportHandler.java:updateContainerState(216)) - Moving container #1 to QUASI_CLOSED state, datanode f2b4d6f7-aefa-402b-a761-92c91b2f44f3{ip: 10.1.0.32, host: fv-az291-161.wgnan5asplgejimfprtllbpdch.jx.internal.cloudapp.net, ports: [REPLICATION=34403, RATIS=42307, RATIS_ADMIN=42307, RATIS_SERVER=42307, STANDALONE=32977], networkLocation: /default-rack, certSerialId: null, persistedOpState: IN_SERVICE, persistedOpStateExpiryEpochSec: 0} reported QUASI_CLOSED replica.
2021-10-29 00:42:49,062 [Command processor thread] INFO  keyvalue.KeyValueContainer (KeyValueContainer.java:flushAndSyncDB(397)) - Container 2 is synced with bcsId 78.
2021-10-29 00:42:49,062 [Command processor thread] INFO  keyvalue.KeyValueContainer (KeyValueContainer.java:flushAndSyncDB(397)) - Container 2 is synced with bcsId 78.
2021-10-29 00:42:49,066 [EventQueue-IncrementalContainerReportForIncrementalContainerReportHandler] INFO  container.IncrementalContainerReportHandler (AbstractContainerReportHandler.java:updateContainerState(216)) - Moving container #2 to QUASI_CLOSED state, datanode f2b4d6f7-aefa-402b-a761-92c91b2f44f3{ip: 10.1.0.32, host: fv-az291-161.wgnan5asplgejimfprtllbpdch.jx.internal.cloudapp.net, ports: [REPLICATION=34403, RATIS=42307, RATIS_ADMIN=42307, RATIS_SERVER=42307, STANDALONE=32977], networkLocation: /default-rack, certSerialId: null, persistedOpState: IN_SERVICE, persistedOpStateExpiryEpochSec: 0} reported QUASI_CLOSED replica.
2021-10-29 00:42:49,073 [Command processor thread] INFO  keyvalue.KeyValueContainer (KeyValueContainer.java:flushAndSyncDB(397)) - Container 3 is synced with bcsId 70.
2021-10-29 00:42:49,073 [Command processor thread] INFO  keyvalue.KeyValueContainer (KeyValueContainer.java:flushAndSyncDB(397)) - Container 3 is synced with bcsId 70.
2021-10-29 00:42:49,076 [EventQueue-IncrementalContainerReportForIncrementalContainerReportHandler] INFO  container.IncrementalContainerReportHandler (AbstractContainerReportHandler.java:updateContainerState(216)) - Moving container #3 to QUASI_CLOSED state, datanode f2b4d6f7-aefa-402b-a761-92c91b2f44f3{ip: 10.1.0.32, host: fv-az291-161.wgnan5asplgejimfprtllbpdch.jx.internal.cloudapp.net, ports: [REPLICATION=34403, RATIS=42307, RATIS_ADMIN=42307, RATIS_SERVER=42307, STANDALONE=32977], networkLocation: /default-rack, certSerialId: null, persistedOpState: IN_SERVICE, persistedOpStateExpiryEpochSec: 0} reported QUASI_CLOSED replica.
2021-10-29 00:42:49,080 [Command processor thread] INFO  server.RaftServer$Division (RaftServerImpl.java:groupRemove(382)) - f2b4d6f7-aefa-402b-a761-92c91b2f44f3@group-F5BD42791AE0: Succeed to remove RaftStorageDirectory Storage Directory /home/runner/work/ozone/ozone/hadoop-ozone/integration-test/target/test-dir/MiniOzoneClusterImpl-20f6a6ed-b629-410f-9e90-983c782471bd/datanode-2/data/ratis/19f05eae-0a17-4d2c-b3a0-f5bd42791ae0
2021-10-29 00:42:49,080 [Command processor thread] INFO  commandhandler.ClosePipelineCommandHandler (ClosePipelineCommandHandler.java:handle(78)) - Close Pipeline PipelineID=19f05eae-0a17-4d2c-b3a0-f5bd42791ae0 command on datanode f2b4d6f7-aefa-402b-a761-92c91b2f44f3.
2021-10-29 00:42:49,162 [IPC Server handler 3 on default port 40145] INFO  net.NetworkTopologyImpl (NetworkTopologyImpl.java:add(112)) - Added a new node: /default-rack/192fc8dc-fdd7-42bb-8b0b-fd25934386bd
2021-10-29 00:42:49,162 [IPC Server handler 3 on default port 40145] INFO  node.SCMNodeManager (SCMNodeManager.java:register(389)) - Registered Data node : 192fc8dc-fdd7-42bb-8b0b-fd25934386bd{ip: 10.1.0.32, host: fv-az291-161.wgnan5asplgejimfprtllbpdch.jx.internal.cloudapp.net, ports: [REPLICATION=44263, RATIS=41821, RATIS_ADMIN=41821, RATIS_SERVER=41821, STANDALONE=40403], networkLocation: /default-rack, certSerialId: null, persistedOpState: null, persistedOpStateExpiryEpochSec: 0}
2021-10-29 00:42:49,163 [EventQueue-NewNodeForNewNodeHandler] INFO  pipeline.BackgroundPipelineCreator (BackgroundPipelineCreator.java:notifyEventTriggered(285)) - trigger a one-shot run on RatisPipelineUtilsThread.
2021-10-29 00:42:49,163 [EventQueue-NodeRegistrationContainerReportForDataNodeSafeModeRule] INFO  safemode.SCMSafeModeManager (DataNodeSafeModeRule.java:process(71)) - SCM in safe mode. 3 DataNodes registered, 3 required.
2021-10-29 00:42:49,163 [EventQueue-NodeRegistrationContainerReportForDataNodeSafeModeRule] INFO  safemode.SCMSafeModeManager (SCMSafeModeManager.java:validateSafeModeExitRules(204)) - DataNodeSafeModeRule rule is successfully validated
2021-10-29 00:42:49,163 [EventQueue-NodeRegistrationContainerReportForDataNodeSafeModeRule] INFO  safemode.SCMSafeModeManager (SCMSafeModeManager.java:completePreCheck(233)) - All SCM safe mode pre check rules have passed
2021-10-29 00:42:49,163 [EventQueue-NodeRegistrationContainerReportForDataNodeSafeModeRule] WARN  events.EventQueue (EventQueue.java:fireEvent(194)) - No event handler registered for event TypedEvent{payloadType=SafeModeStatus, name='Safe mode status'}
2021-10-29 00:42:49,163 [EventQueue-NodeRegistrationContainerReportForDataNodeSafeModeRule] INFO  ha.SCMContext (SCMContext.java:updateSafeModeStatus(205)) - Update SafeModeStatus from SafeModeStatus{safeModeStatus=true, preCheckPassed=false} to SafeModeStatus{safeModeStatus=true, preCheckPassed=true}.
2021-10-29 00:42:49,163 [EventQueue-NodeRegistrationContainerReportForDataNodeSafeModeRule] INFO  pipeline.BackgroundPipelineCreator (BackgroundPipelineCreator.java:notifyEventTriggered(285)) - trigger a one-shot run on RatisPipelineUtilsThread.
2021-10-29 00:42:49,164 [RatisPipelineUtilsThread - 0] INFO  pipeline.RatisPipelineProvider (RatisPipelineProvider.java:lambda$create$0(183)) - Sending CreatePipelineCommand for pipeline:PipelineID=019896bf-015d-407e-8ead-f4e76d3fc2e1 to datanode:192fc8dc-fdd7-42bb-8b0b-fd25934386bd
2021-10-29 00:42:49,165 [RatisPipelineUtilsThread - 0] INFO  pipeline.PipelineStateManagerImpl (PipelineStateManagerImpl.java:addPipeline(101)) - Created pipeline Pipeline[ Id: 019896bf-015d-407e-8ead-f4e76d3fc2e1, Nodes: 192fc8dc-fdd7-42bb-8b0b-fd25934386bd{ip: 10.1.0.32, host: fv-az291-161.wgnan5asplgejimfprtllbpdch.jx.internal.cloudapp.net, ports: [REPLICATION=44263, RATIS=41821, RATIS_ADMIN=41821, RATIS_SERVER=41821, STANDALONE=40403], networkLocation: /default-rack, certSerialId: null, persistedOpState: IN_SERVICE, persistedOpStateExpiryEpochSec: 0}, ReplicationConfig: RATIS/ONE, State:ALLOCATED, leaderId:, CreationTimestamp2021-10-29T00:42:49.164Z[Etc/UTC]].
2021-10-29 00:42:49,165 [RatisPipelineUtilsThread - 0] INFO  pipeline.RatisPipelineProvider (RatisPipelineProvider.java:lambda$create$0(183)) - Sending CreatePipelineCommand for pipeline:PipelineID=1626fdde-65f3-4dbf-b303-5fb2bb80a63b to datanode:a1fdd0ef-804f-4835-9139-6ae2b6368b09
2021-10-29 00:42:49,165 [RatisPipelineUtilsThread - 0] INFO  pipeline.RatisPipelineProvider (RatisPipelineProvider.java:lambda$create$0(183)) - Sending CreatePipelineCommand for pipeline:PipelineID=1626fdde-65f3-4dbf-b303-5fb2bb80a63b to datanode:86c3d915-a4b4-4376-a03d-0cc30fc6f311
2021-10-29 00:42:49,165 [RatisPipelineUtilsThread - 0] INFO  pipeline.RatisPipelineProvider (RatisPipelineProvider.java:lambda$create$0(183)) - Sending CreatePipelineCommand for pipeline:PipelineID=1626fdde-65f3-4dbf-b303-5fb2bb80a63b to datanode:192fc8dc-fdd7-42bb-8b0b-fd25934386bd
2021-10-29 00:42:49,166 [RatisPipelineUtilsThread - 0] INFO  pipeline.PipelineStateManagerImpl (PipelineStateManagerImpl.java:addPipeline(101)) - Created pipeline Pipeline[ Id: 1626fdde-65f3-4dbf-b303-5fb2bb80a63b, Nodes: a1fdd0ef-804f-4835-9139-6ae2b6368b09{ip: 10.1.0.32, host: fv-az291-161.wgnan5asplgejimfprtllbpdch.jx.internal.cloudapp.net, ports: [REPLICATION=40427, RATIS=44367, RATIS_ADMIN=44367, RATIS_SERVER=44367, STANDALONE=35053], networkLocation: /default-rack, certSerialId: null, persistedOpState: IN_SERVICE, persistedOpStateExpiryEpochSec: 0}86c3d915-a4b4-4376-a03d-0cc30fc6f311{ip: 10.1.0.32, host: fv-az291-161.wgnan5asplgejimfprtllbpdch.jx.internal.cloudapp.net, ports: [REPLICATION=39565, RATIS=39439, RATIS_ADMIN=39439, RATIS_SERVER=39439, STANDALONE=37599], networkLocation: /default-rack, certSerialId: null, persistedOpState: IN_SERVICE, persistedOpStateExpiryEpochSec: 0}192fc8dc-fdd7-42bb-8b0b-fd25934386bd{ip: 10.1.0.32, host: fv-az291-161.wgnan5asplgejimfprtllbpdch.jx.internal.cloudapp.net, ports: [REPLICATION=44263, RATIS=41821, RATIS_ADMIN=41821, RATIS_SERVER=41821, STANDALONE=40403], networkLocation: /default-rack, certSerialId: null, persistedOpState: IN_SERVICE, persistedOpStateExpiryEpochSec: 0}, ReplicationConfig: RATIS/THREE, State:ALLOCATED, leaderId:, CreationTimestamp2021-10-29T00:42:49.165Z[Etc/UTC]].
2021-10-29 00:42:49,194 [DatanodeAdminManager-0] INFO  node.DatanodeAdminMonitorImpl (DatanodeAdminMonitorImpl.java:checkContainersReplicatedOnNode(306)) - 12cd3e49-de78-4d30-aa86-c1ffa97795c8{ip: 10.1.0.32, host: fv-az291-161.wgnan5asplgejimfprtllbpdch.jx.internal.cloudapp.net, ports: [REPLICATION=45311, RATIS=42653, RATIS_ADMIN=42653, RATIS_SERVER=42653, STANDALONE=34397], networkLocation: /default-rack, certSerialId: null, persistedOpState: DECOMMISSIONING, persistedOpStateExpiryEpochSec: 0} has 0 sufficientlyReplicated, 3 underReplicated and 3 unhealthy containers
2021-10-29 00:42:49,194 [DatanodeAdminManager-0] INFO  node.DatanodeAdminMonitorImpl (DatanodeAdminMonitorImpl.java:run(137)) - There are 1 nodes tracked for decommission and maintenance. 0 pending nodes.
2021-10-29 00:42:49,207 [ReplicationMonitor] INFO  container.ReplicationManager (ReplicationManager.java:handleUnderReplicatedContainer(1166)) - Container #1 is under replicated. Expected replica count is 3, but found 2.
2021-10-29 00:42:49,207 [ReplicationMonitor] INFO  container.ReplicationManager (ReplicationManager.java:sendReplicateCommand(1518)) - Sending replicate container command for container #1 to datanode 240b3f92-711e-4b06-964b-7be2bf787040{ip: 10.1.0.32, host: fv-az291-161.wgnan5asplgejimfprtllbpdch.jx.internal.cloudapp.net, ports: [REPLICATION=34171, RATIS=39315, RATIS_ADMIN=39315, RATIS_SERVER=39315, STANDALONE=46869], networkLocation: /default-rack, certSerialId: null, persistedOpState: IN_SERVICE, persistedOpStateExpiryEpochSec: 0} from datanodes [f2b4d6f7-aefa-402b-a761-92c91b2f44f3{ip: 10.1.0.32, host: fv-az291-161.wgnan5asplgejimfprtllbpdch.jx.internal.cloudapp.net, ports: [REPLICATION=34403, RATIS=42307, RATIS_ADMIN=42307, RATIS_SERVER=42307, STANDALONE=32977], networkLocation: /default-rack, certSerialId: null, persistedOpState: IN_SERVICE, persistedOpStateExpiryEpochSec: 0}]
2021-10-29 00:42:49,209 [ReplicationMonitor] INFO  container.ReplicationManager (ReplicationManager.java:handleUnderReplicatedContainer(1166)) - Container #2 is under replicated. Expected replica count is 3, but found 2.
2021-10-29 00:42:49,209 [ReplicationMonitor] INFO  container.ReplicationManager (ReplicationManager.java:sendReplicateCommand(1518)) - Sending replicate container command for container #2 to datanode 240b3f92-711e-4b06-964b-7be2bf787040{ip: 10.1.0.32, host: fv-az291-161.wgnan5asplgejimfprtllbpdch.jx.internal.cloudapp.net, ports: [REPLICATION=34171, RATIS=39315, RATIS_ADMIN=39315, RATIS_SERVER=39315, STANDALONE=46869], networkLocation: /default-rack, certSerialId: null, persistedOpState: IN_SERVICE, persistedOpStateExpiryEpochSec: 0} from datanodes [f2b4d6f7-aefa-402b-a761-92c91b2f44f3{ip: 10.1.0.32, host: fv-az291-161.wgnan5asplgejimfprtllbpdch.jx.internal.cloudapp.net, ports: [REPLICATION=34403, RATIS=42307, RATIS_ADMIN=42307, RATIS_SERVER=42307, STANDALONE=32977], networkLocation: /default-rack, certSerialId: null, persistedOpState: IN_SERVICE, persistedOpStateExpiryEpochSec: 0}]
2021-10-29 00:42:49,209 [ReplicationMonitor] INFO  container.ReplicationManager (ReplicationManager.java:handleUnderReplicatedContainer(1166)) - Container #3 is under replicated. Expected replica count is 3, but found 2.
2021-10-29 00:42:49,210 [ReplicationMonitor] INFO  container.ReplicationManager (ReplicationManager.java:sendReplicateCommand(1518)) - Sending replicate container command for container #3 to datanode ede339c2-3cec-47d6-98dc-ec75754dc7c3{ip: 10.1.0.32, host: fv-az291-161.wgnan5asplgejimfprtllbpdch.jx.internal.cloudapp.net, ports: [REPLICATION=37327, RATIS=43517, RATIS_ADMIN=43517, RATIS_SERVER=43517, STANDALONE=37483], networkLocation: /default-rack, certSerialId: null, persistedOpState: IN_SERVICE, persistedOpStateExpiryEpochSec: 0} from datanodes [f2b4d6f7-aefa-402b-a761-92c91b2f44f3{ip: 10.1.0.32, host: fv-az291-161.wgnan5asplgejimfprtllbpdch.jx.internal.cloudapp.net, ports: [REPLICATION=34403, RATIS=42307, RATIS_ADMIN=42307, RATIS_SERVER=42307, STANDALONE=32977], networkLocation: /default-rack, certSerialId: null, persistedOpState: IN_SERVICE, persistedOpStateExpiryEpochSec: 0}]
2021-10-29 00:42:49,210 [ReplicationMonitor] INFO  container.ReplicationManager (ReplicationManager.java:processAll(371)) - Replication Monitor Thread took 7 milliseconds for processing 3 containers.
2021-10-29 00:42:49,430 [Listener at 127.0.0.1/33923] INFO  ozone.MiniOzoneClusterImpl (MiniOzoneClusterImpl.java:lambda$waitForClusterToBeReady$0(235)) - Waiting for nodes to be ready. Got 3 of 6 DN Heartbeats.
2021-10-29 00:42:49,430 [Listener at 127.0.0.1/33923] INFO  ozone.MiniOzoneClusterImpl (MiniOzoneClusterImpl.java:lambda$waitForClusterToBeReady$0(238)) - Waiting for cluster to exit safe mode
2021-10-29 00:42:49,430 [Listener at 127.0.0.1/33923] INFO  ozone.MiniOzoneClusterImpl (MiniOzoneClusterImpl.java:lambda$waitForClusterToBeReady$0(240)) - SCM became leader
2021-10-29 00:42:49,637 [IPC Server handler 2 on default port 40145] INFO  net.NetworkTopologyImpl (NetworkTopologyImpl.java:add(112)) - Added a new node: /default-rack/eb8d8e32-cd46-4831-b02b-58c8725ce07f
2021-10-29 00:42:49,637 [IPC Server handler 2 on default port 40145] INFO  node.SCMNodeManager (SCMNodeManager.java:register(389)) - Registered Data node : eb8d8e32-cd46-4831-b02b-58c8725ce07f{ip: 10.1.0.32, host: fv-az291-161.wgnan5asplgejimfprtllbpdch.jx.internal.cloudapp.net, ports: [REPLICATION=45369, RATIS=35769, RATIS_ADMIN=35769, RATIS_SERVER=35769, STANDALONE=34479], networkLocation: /default-rack, certSerialId: null, persistedOpState: null, persistedOpStateExpiryEpochSec: 0}
2021-10-29 00:42:49,637 [EventQueue-NewNodeForNewNodeHandler] INFO  pipeline.BackgroundPipelineCreator (BackgroundPipelineCreator.java:notifyEventTriggered(285)) - trigger a one-shot run on RatisPipelineUtilsThread.
2021-10-29 00:42:49,638 [RatisPipelineUtilsThread - 0] INFO  pipeline.RatisPipelineProvider (RatisPipelineProvider.java:lambda$create$0(183)) - Sending CreatePipelineCommand for pipeline:PipelineID=6212ddeb-7792-4209-bebb-c757b2605331 to datanode:eb8d8e32-cd46-4831-b02b-58c8725ce07f
2021-10-29 00:42:49,638 [RatisPipelineUtilsThread - 0] INFO  pipeline.PipelineStateManagerImpl (PipelineStateManagerImpl.java:addPipeline(101)) - Created pipeline Pipeline[ Id: 6212ddeb-7792-4209-bebb-c757b2605331, Nodes: eb8d8e32-cd46-4831-b02b-58c8725ce07f{ip: 10.1.0.32, host: fv-az291-161.wgnan5asplgejimfprtllbpdch.jx.internal.cloudapp.net, ports: [REPLICATION=45369, RATIS=35769, RATIS_ADMIN=35769, RATIS_SERVER=35769, STANDALONE=34479], networkLocation: /default-rack, certSerialId: null, persistedOpState: IN_SERVICE, persistedOpStateExpiryEpochSec: 0}, ReplicationConfig: RATIS/ONE, State:ALLOCATED, leaderId:, CreationTimestamp2021-10-29T00:42:49.638Z[Etc/UTC]].
2021-10-29 00:42:49,958 [Command processor thread] INFO  server.RaftServer (RaftServerProxy.java:remove(106)) - 12cd3e49-de78-4d30-aa86-c1ffa97795c8: remove  FOLLOWER 12cd3e49-de78-4d30-aa86-c1ffa97795c8@group-F5BD42791AE0:t2, leader=f2b4d6f7-aefa-402b-a761-92c91b2f44f3, voted=f2b4d6f7-aefa-402b-a761-92c91b2f44f3, raftlog=12cd3e49-de78-4d30-aa86-c1ffa97795c8@group-F5BD42791AE0-SegmentedRaftLog:OPENED:c78, conf=0: [e6ec3422-bd00-4bf8-8713-bff351886512|rpc:10.1.0.32:40113|dataStream:|priority:0, f2b4d6f7-aefa-402b-a761-92c91b2f44f3|rpc:10.1.0.32:42307|dataStream:|priority:1, 12cd3e49-de78-4d30-aa86-c1ffa97795c8|rpc:10.1.0.32:42653|dataStream:|priority:0], old=null RUNNING
2021-10-29 00:42:49,958 [Command processor thread] INFO  server.RaftServer$Division (RaftServerImpl.java:lambda$close$4(412)) - 12cd3e49-de78-4d30-aa86-c1ffa97795c8@group-F5BD42791AE0: shutdown
2021-10-29 00:42:49,958 [Command processor thread] INFO  util.JmxRegister (JmxRegister.java:unregister(73)) - Successfully un-registered JMX Bean with object name Ratis:service=RaftServer,group=group-F5BD42791AE0,id=12cd3e49-de78-4d30-aa86-c1ffa97795c8
2021-10-29 00:42:49,958 [Command processor thread] INFO  impl.RoleInfo (RoleInfo.java:shutdownFollowerState(108)) - 12cd3e49-de78-4d30-aa86-c1ffa97795c8: shutdown 12cd3e49-de78-4d30-aa86-c1ffa97795c8@group-F5BD42791AE0-FollowerState
2021-10-29 00:42:49,958 [Command processor thread] INFO  impl.StateMachineUpdater (StateMachineUpdater.java:stopAndJoin(149)) - 12cd3e49-de78-4d30-aa86-c1ffa97795c8@group-F5BD42791AE0-StateMachineUpdater: set stopIndex = 78
2021-10-29 00:42:49,959 [12cd3e49-de78-4d30-aa86-c1ffa97795c8@group-F5BD42791AE0-FollowerState] INFO  impl.FollowerState (FollowerState.java:run(143)) - 12cd3e49-de78-4d30-aa86-c1ffa97795c8@group-F5BD42791AE0-FollowerState was interrupted: {}
java.lang.InterruptedException: sleep interrupted
	at java.lang.Thread.sleep(Native Method)
	at java.lang.Thread.sleep(Thread.java:340)
	at java.util.concurrent.TimeUnit.sleep(TimeUnit.java:386)
	at org.apache.ratis.util.TimeDuration.sleep(TimeDuration.java:324)
	at org.apache.ratis.util.TimeDuration.sleep(TimeDuration.java:309)
	at org.apache.ratis.server.impl.FollowerState.run(FollowerState.java:118)
2021-10-29 00:42:49,959 [12cd3e49-de78-4d30-aa86-c1ffa97795c8@group-F5BD42791AE0-StateMachineUpdater] INFO  ratis.ContainerStateMachine (ContainerStateMachine.java:takeSnapshot(292)) - group-F5BD42791AE0: Taking a snapshot at:(t:2, i:78) file /home/runner/work/ozone/ozone/hadoop-ozone/integration-test/target/test-dir/MiniOzoneClusterImpl-20f6a6ed-b629-410f-9e90-983c782471bd/datanode-0/data/ratis/19f05eae-0a17-4d2c-b3a0-f5bd42791ae0/sm/snapshot.2_78
2021-10-29 00:42:49,961 [EventQueue-PipelineReportForPipelineReportHandler] INFO  pipeline.PipelineReportHandler (PipelineReportHandler.java:processPipelineReport(113)) - Reported pipeline PipelineID=19f05eae-0a17-4d2c-b3a0-f5bd42791ae0 is not found
2021-10-29 00:42:49,961 [EventQueue-PipelineReportForPipelineReportHandler] INFO  pipeline.PipelineReportHandler (PipelineReportHandler.java:processPipelineReport(113)) - Reported pipeline PipelineID=c3357fca-608a-411c-87ef-af3141016b51 is not found
2021-10-29 00:42:49,961 [12cd3e49-de78-4d30-aa86-c1ffa97795c8@group-F5BD42791AE0-StateMachineUpdater] INFO  ratis.ContainerStateMachine (ContainerStateMachine.java:takeSnapshot(303)) - group-F5BD42791AE0: Finished taking a snapshot at:(t:2, i:78) file:/home/runner/work/ozone/ozone/hadoop-ozone/integration-test/target/test-dir/MiniOzoneClusterImpl-20f6a6ed-b629-410f-9e90-983c782471bd/datanode-0/data/ratis/19f05eae-0a17-4d2c-b3a0-f5bd42791ae0/sm/snapshot.2_78 took: 2 ms
2021-10-29 00:42:49,962 [12cd3e49-de78-4d30-aa86-c1ffa97795c8@group-F5BD42791AE0-StateMachineUpdater] INFO  impl.StateMachineUpdater (StateMachineUpdater.java:takeSnapshot(281)) - 12cd3e49-de78-4d30-aa86-c1ffa97795c8@group-F5BD42791AE0-StateMachineUpdater: Took a snapshot at index 78
2021-10-29 00:42:49,962 [12cd3e49-de78-4d30-aa86-c1ffa97795c8@group-F5BD42791AE0-StateMachineUpdater] INFO  impl.StateMachineUpdater (StateMachineUpdater.java:lambda$new$0(89)) - 12cd3e49-de78-4d30-aa86-c1ffa97795c8@group-F5BD42791AE0-StateMachineUpdater: snapshotIndex: updateIncreasingly -1 -> 78
2021-10-29 00:42:49,962 [Command processor thread] INFO  server.RaftServer$Division (ServerState.java:close(419)) - 12cd3e49-de78-4d30-aa86-c1ffa97795c8@group-F5BD42791AE0: closes. applyIndex: 78
2021-10-29 00:42:49,963 [12cd3e49-de78-4d30-aa86-c1ffa97795c8@group-F5BD42791AE0-SegmentedRaftLogWorker] INFO  segmented.SegmentedRaftLogWorker (SegmentedRaftLogWorker.java:run(327)) - 12cd3e49-de78-4d30-aa86-c1ffa97795c8@group-F5BD42791AE0-SegmentedRaftLogWorker was interrupted, exiting. There are 0 tasks remaining in the queue.
2021-10-29 00:42:49,963 [Command processor thread] INFO  segmented.SegmentedRaftLogWorker (SegmentedRaftLogWorker.java:close(237)) - 12cd3e49-de78-4d30-aa86-c1ffa97795c8@group-F5BD42791AE0-SegmentedRaftLogWorker close()
2021-10-29 00:42:49,969 [Command processor thread] INFO  keyvalue.KeyValueContainer (KeyValueContainer.java:flushAndSyncDB(397)) - Container 1 is synced with bcsId 74.
2021-10-29 00:42:49,971 [Command processor thread] INFO  keyvalue.KeyValueContainer (KeyValueContainer.java:flushAndSyncDB(397)) - Container 1 is synced with bcsId 74.
2021-10-29 00:42:49,976 [Command processor thread] INFO  server.RaftServer (RaftServerProxy.java:remove(106)) - e6ec3422-bd00-4bf8-8713-bff351886512: remove  FOLLOWER e6ec3422-bd00-4bf8-8713-bff351886512@group-F5BD42791AE0:t2, leader=f2b4d6f7-aefa-402b-a761-92c91b2f44f3, voted=f2b4d6f7-aefa-402b-a761-92c91b2f44f3, raftlog=e6ec3422-bd00-4bf8-8713-bff351886512@group-F5BD42791AE0-SegmentedRaftLog:OPENED:c79, conf=0: [e6ec3422-bd00-4bf8-8713-bff351886512|rpc:10.1.0.32:40113|dataStream:|priority:0, f2b4d6f7-aefa-402b-a761-92c91b2f44f3|rpc:10.1.0.32:42307|dataStream:|priority:1, 12cd3e49-de78-4d30-aa86-c1ffa97795c8|rpc:10.1.0.32:42653|dataStream:|priority:0], old=null RUNNING
2021-10-29 00:42:49,976 [Command processor thread] INFO  server.RaftServer$Division (RaftServerImpl.java:lambda$close$4(412)) - e6ec3422-bd00-4bf8-8713-bff351886512@group-F5BD42791AE0: shutdown
2021-10-29 00:42:49,977 [Command processor thread] INFO  util.JmxRegister (JmxRegister.java:unregister(73)) - Successfully un-registered JMX Bean with object name Ratis:service=RaftServer,group=group-F5BD42791AE0,id=e6ec3422-bd00-4bf8-8713-bff351886512
2021-10-29 00:42:49,977 [Command processor thread] INFO  impl.RoleInfo (RoleInfo.java:shutdownFollowerState(108)) - e6ec3422-bd00-4bf8-8713-bff351886512: shutdown e6ec3422-bd00-4bf8-8713-bff351886512@group-F5BD42791AE0-FollowerState
2021-10-29 00:42:49,977 [Command processor thread] INFO  impl.StateMachineUpdater (StateMachineUpdater.java:stopAndJoin(149)) - e6ec3422-bd00-4bf8-8713-bff351886512@group-F5BD42791AE0-StateMachineUpdater: set stopIndex = 79
2021-10-29 00:42:49,977 [e6ec3422-bd00-4bf8-8713-bff351886512@group-F5BD42791AE0-FollowerState] INFO  impl.FollowerState (FollowerState.java:run(143)) - e6ec3422-bd00-4bf8-8713-bff351886512@group-F5BD42791AE0-FollowerState was interrupted: {}
java.lang.InterruptedException: sleep interrupted
	at java.lang.Thread.sleep(Native Method)
	at java.lang.Thread.sleep(Thread.java:340)
	at java.util.concurrent.TimeUnit.sleep(TimeUnit.java:386)
	at org.apache.ratis.util.TimeDuration.sleep(TimeDuration.java:324)
	at org.apache.ratis.util.TimeDuration.sleep(TimeDuration.java:309)
	at org.apache.ratis.server.impl.FollowerState.run(FollowerState.java:118)
2021-10-29 00:42:49,977 [e6ec3422-bd00-4bf8-8713-bff351886512@group-F5BD42791AE0-StateMachineUpdater] INFO  ratis.ContainerStateMachine (ContainerStateMachine.java:takeSnapshot(292)) - group-F5BD42791AE0: Taking a snapshot at:(t:2, i:79) file /home/runner/work/ozone/ozone/hadoop-ozone/integration-test/target/test-dir/MiniOzoneClusterImpl-20f6a6ed-b629-410f-9e90-983c782471bd/datanode-1/data/ratis/19f05eae-0a17-4d2c-b3a0-f5bd42791ae0/sm/snapshot.2_79
2021-10-29 00:42:49,979 [e6ec3422-bd00-4bf8-8713-bff351886512@group-F5BD42791AE0-StateMachineUpdater] INFO  ratis.ContainerStateMachine (ContainerStateMachine.java:takeSnapshot(303)) - group-F5BD42791AE0: Finished taking a snapshot at:(t:2, i:79) file:/home/runner/work/ozone/ozone/hadoop-ozone/integration-test/target/test-dir/MiniOzoneClusterImpl-20f6a6ed-b629-410f-9e90-983c782471bd/datanode-1/data/ratis/19f05eae-0a17-4d2c-b3a0-f5bd42791ae0/sm/snapshot.2_79 took: 1 ms
2021-10-29 00:42:49,979 [e6ec3422-bd00-4bf8-8713-bff351886512@group-F5BD42791AE0-StateMachineUpdater] INFO  impl.StateMachineUpdater (StateMachineUpdater.java:takeSnapshot(281)) - e6ec3422-bd00-4bf8-8713-bff351886512@group-F5BD42791AE0-StateMachineUpdater: Took a snapshot at index 79
2021-10-29 00:42:49,979 [e6ec3422-bd00-4bf8-8713-bff351886512@group-F5BD42791AE0-StateMachineUpdater] INFO  impl.StateMachineUpdater (StateMachineUpdater.java:lambda$new$0(89)) - e6ec3422-bd00-4bf8-8713-bff351886512@group-F5BD42791AE0-StateMachineUpdater: snapshotIndex: updateIncreasingly -1 -> 79
2021-10-29 00:42:49,980 [Command processor thread] INFO  server.RaftServer$Division (ServerState.java:close(419)) - e6ec3422-bd00-4bf8-8713-bff351886512@group-F5BD42791AE0: closes. applyIndex: 79
2021-10-29 00:42:49,980 [e6ec3422-bd00-4bf8-8713-bff351886512@group-F5BD42791AE0-SegmentedRaftLogWorker] INFO  segmented.SegmentedRaftLogWorker (SegmentedRaftLogWorker.java:run(327)) - e6ec3422-bd00-4bf8-8713-bff351886512@group-F5BD42791AE0-SegmentedRaftLogWorker was interrupted, exiting. There are 0 tasks remaining in the queue.
2021-10-29 00:42:49,980 [Command processor thread] INFO  segmented.SegmentedRaftLogWorker (SegmentedRaftLogWorker.java:close(237)) - e6ec3422-bd00-4bf8-8713-bff351886512@group-F5BD42791AE0-SegmentedRaftLogWorker close()
2021-10-29 00:42:49,984 [Command processor thread] INFO  keyvalue.KeyValueContainer (KeyValueContainer.java:flushAndSyncDB(397)) - Container 2 is synced with bcsId 78.
2021-10-29 00:42:49,984 [Command processor thread] INFO  keyvalue.KeyValueContainer (KeyValueContainer.java:flushAndSyncDB(397)) - Container 2 is synced with bcsId 78.
2021-10-29 00:42:49,986 [Command processor thread] INFO  keyvalue.KeyValueContainer (KeyValueContainer.java:flushAndSyncDB(397)) - Container 1 is synced with bcsId 74.
2021-10-29 00:42:49,986 [Command processor thread] INFO  keyvalue.KeyValueContainer (KeyValueContainer.java:flushAndSyncDB(397)) - Container 1 is synced with bcsId 74.
2021-10-29 00:42:49,995 [Command processor thread] INFO  keyvalue.KeyValueContainer (KeyValueContainer.java:flushAndSyncDB(397)) - Container 3 is synced with bcsId 70.
2021-10-29 00:42:49,995 [Command processor thread] INFO  keyvalue.KeyValueContainer (KeyValueContainer.java:flushAndSyncDB(397)) - Container 3 is synced with bcsId 70.
2021-10-29 00:42:49,998 [Command processor thread] INFO  keyvalue.KeyValueContainer (KeyValueContainer.java:flushAndSyncDB(397)) - Container 2 is synced with bcsId 78.
2021-10-29 00:42:49,998 [Command processor thread] INFO  keyvalue.KeyValueContainer (KeyValueContainer.java:flushAndSyncDB(397)) - Container 2 is synced with bcsId 78.
2021-10-29 00:42:49,999 [Command processor thread] INFO  server.RaftServer$Division (RaftServerImpl.java:groupRemove(382)) - 12cd3e49-de78-4d30-aa86-c1ffa97795c8@group-F5BD42791AE0: Succeed to remove RaftStorageDirectory Storage Directory /home/runner/work/ozone/ozone/hadoop-ozone/integration-test/target/test-dir/MiniOzoneClusterImpl-20f6a6ed-b629-410f-9e90-983c782471bd/datanode-0/data/ratis/19f05eae-0a17-4d2c-b3a0-f5bd42791ae0
2021-10-29 00:42:49,999 [Command processor thread] INFO  commandhandler.ClosePipelineCommandHandler (ClosePipelineCommandHandler.java:handle(78)) - Close Pipeline PipelineID=19f05eae-0a17-4d2c-b3a0-f5bd42791ae0 command on datanode 12cd3e49-de78-4d30-aa86-c1ffa97795c8.
2021-10-29 00:42:50,001 [Command processor thread] INFO  server.RaftServer (RaftServerProxy.java:remove(106)) - 12cd3e49-de78-4d30-aa86-c1ffa97795c8: remove    LEADER 12cd3e49-de78-4d30-aa86-c1ffa97795c8@group-AF3141016B51:t1, leader=12cd3e49-de78-4d30-aa86-c1ffa97795c8, voted=12cd3e49-de78-4d30-aa86-c1ffa97795c8, raftlog=12cd3e49-de78-4d30-aa86-c1ffa97795c8@group-AF3141016B51-SegmentedRaftLog:OPENED:c0, conf=0: [12cd3e49-de78-4d30-aa86-c1ffa97795c8|rpc:10.1.0.32:42653|dataStream:|priority:1], old=null RUNNING
2021-10-29 00:42:50,001 [Command processor thread] INFO  server.RaftServer$Division (RaftServerImpl.java:lambda$close$4(412)) - 12cd3e49-de78-4d30-aa86-c1ffa97795c8@group-AF3141016B51: shutdown
2021-10-29 00:42:50,001 [Command processor thread] INFO  util.JmxRegister (JmxRegister.java:unregister(73)) - Successfully un-registered JMX Bean with object name Ratis:service=RaftServer,group=group-AF3141016B51,id=12cd3e49-de78-4d30-aa86-c1ffa97795c8
2021-10-29 00:42:50,001 [Command processor thread] INFO  impl.RoleInfo (RoleInfo.java:shutdownLeaderState(91)) - 12cd3e49-de78-4d30-aa86-c1ffa97795c8: shutdown 12cd3e49-de78-4d30-aa86-c1ffa97795c8@group-AF3141016B51-LeaderStateImpl
2021-10-29 00:42:50,001 [Command processor thread] INFO  impl.PendingRequests (PendingRequests.java:sendNotLeaderResponses(282)) - 12cd3e49-de78-4d30-aa86-c1ffa97795c8@group-AF3141016B51-PendingRequests: sendNotLeaderResponses
2021-10-29 00:42:50,003 [12cd3e49-de78-4d30-aa86-c1ffa97795c8@group-AF3141016B51-StateMachineUpdater] INFO  ratis.ContainerStateMachine (ContainerStateMachine.java:takeSnapshot(292)) - group-AF3141016B51: Taking a snapshot at:(t:1, i:0) file /home/runner/work/ozone/ozone/hadoop-ozone/integration-test/target/test-dir/MiniOzoneClusterImpl-20f6a6ed-b629-410f-9e90-983c782471bd/datanode-0/data/ratis/c3357fca-608a-411c-87ef-af3141016b51/sm/snapshot.1_0
2021-10-29 00:42:50,004 [Command processor thread] INFO  impl.StateMachineUpdater (StateMachineUpdater.java:stopAndJoin(149)) - 12cd3e49-de78-4d30-aa86-c1ffa97795c8@group-AF3141016B51-StateMachineUpdater: set stopIndex = 0
2021-10-29 00:42:50,004 [12cd3e49-de78-4d30-aa86-c1ffa97795c8@group-AF3141016B51-StateMachineUpdater] INFO  ratis.ContainerStateMachine (ContainerStateMachine.java:takeSnapshot(303)) - group-AF3141016B51: Finished taking a snapshot at:(t:1, i:0) file:/home/runner/work/ozone/ozone/hadoop-ozone/integration-test/target/test-dir/MiniOzoneClusterImpl-20f6a6ed-b629-410f-9e90-983c782471bd/datanode-0/data/ratis/c3357fca-608a-411c-87ef-af3141016b51/sm/snapshot.1_0 took: 1 ms
2021-10-29 00:42:50,005 [12cd3e49-de78-4d30-aa86-c1ffa97795c8@group-AF3141016B51-StateMachineUpdater] INFO  impl.StateMachineUpdater (StateMachineUpdater.java:takeSnapshot(281)) - 12cd3e49-de78-4d30-aa86-c1ffa97795c8@group-AF3141016B51-StateMachineUpdater: Took a snapshot at index 0
2021-10-29 00:42:50,005 [12cd3e49-de78-4d30-aa86-c1ffa97795c8@group-AF3141016B51-StateMachineUpdater] INFO  impl.StateMachineUpdater (StateMachineUpdater.java:lambda$new$0(89)) - 12cd3e49-de78-4d30-aa86-c1ffa97795c8@group-AF3141016B51-StateMachineUpdater: snapshotIndex: updateIncreasingly -1 -> 0
2021-10-29 00:42:50,005 [Command processor thread] INFO  server.RaftServer$Division (ServerState.java:close(419)) - 12cd3e49-de78-4d30-aa86-c1ffa97795c8@group-AF3141016B51: closes. applyIndex: 0
2021-10-29 00:42:50,005 [12cd3e49-de78-4d30-aa86-c1ffa97795c8@group-AF3141016B51-SegmentedRaftLogWorker] INFO  segmented.SegmentedRaftLogWorker (SegmentedRaftLogWorker.java:run(327)) - 12cd3e49-de78-4d30-aa86-c1ffa97795c8@group-AF3141016B51-SegmentedRaftLogWorker was interrupted, exiting. There are 0 tasks remaining in the queue.
2021-10-29 00:42:50,006 [Command processor thread] INFO  segmented.SegmentedRaftLogWorker (SegmentedRaftLogWorker.java:close(237)) - 12cd3e49-de78-4d30-aa86-c1ffa97795c8@group-AF3141016B51-SegmentedRaftLogWorker close()
2021-10-29 00:42:50,008 [Command processor thread] INFO  keyvalue.KeyValueContainer (KeyValueContainer.java:flushAndSyncDB(397)) - Container 3 is synced with bcsId 70.
2021-10-29 00:42:50,009 [Command processor thread] INFO  keyvalue.KeyValueContainer (KeyValueContainer.java:flushAndSyncDB(397)) - Container 3 is synced with bcsId 70.
2021-10-29 00:42:50,009 [Command processor thread] INFO  server.RaftServer$Division (RaftServerImpl.java:groupRemove(382)) - 12cd3e49-de78-4d30-aa86-c1ffa97795c8@group-AF3141016B51: Succeed to remove RaftStorageDirectory Storage Directory /home/runner/work/ozone/ozone/hadoop-ozone/integration-test/target/test-dir/MiniOzoneClusterImpl-20f6a6ed-b629-410f-9e90-983c782471bd/datanode-0/data/ratis/c3357fca-608a-411c-87ef-af3141016b51
2021-10-29 00:42:50,009 [Command processor thread] INFO  commandhandler.ClosePipelineCommandHandler (ClosePipelineCommandHandler.java:handle(78)) - Close Pipeline PipelineID=c3357fca-608a-411c-87ef-af3141016b51 command on datanode 12cd3e49-de78-4d30-aa86-c1ffa97795c8.
2021-10-29 00:42:50,012 [Command processor thread] INFO  server.RaftServer$Division (RaftServerImpl.java:groupRemove(382)) - e6ec3422-bd00-4bf8-8713-bff351886512@group-F5BD42791AE0: Succeed to remove RaftStorageDirectory Storage Directory /home/runner/work/ozone/ozone/hadoop-ozone/integration-test/target/test-dir/MiniOzoneClusterImpl-20f6a6ed-b629-410f-9e90-983c782471bd/datanode-1/data/ratis/19f05eae-0a17-4d2c-b3a0-f5bd42791ae0
2021-10-29 00:42:50,012 [Command processor thread] INFO  commandhandler.ClosePipelineCommandHandler (ClosePipelineCommandHandler.java:handle(78)) - Close Pipeline PipelineID=19f05eae-0a17-4d2c-b3a0-f5bd42791ae0 command on datanode e6ec3422-bd00-4bf8-8713-bff351886512.
2021-10-29 00:42:50,040 [ReplicationMonitor] INFO  container.ReplicationManager (ReplicationManager.java:processAll(371)) - Replication Monitor Thread took 1 milliseconds for processing 0 containers.
2021-10-29 00:42:50,061 [IPC Server handler 3 on default port 40145] INFO  net.NetworkTopologyImpl (NetworkTopologyImpl.java:add(112)) - Added a new node: /default-rack/e8a99e94-03a8-424f-8179-644c8590267c
2021-10-29 00:42:50,061 [IPC Server handler 3 on default port 40145] INFO  node.SCMNodeManager (SCMNodeManager.java:register(389)) - Registered Data node : e8a99e94-03a8-424f-8179-644c8590267c{ip: 10.1.0.32, host: fv-az291-161.wgnan5asplgejimfprtllbpdch.jx.internal.cloudapp.net, ports: [REPLICATION=36861, RATIS=38993, RATIS_ADMIN=38993, RATIS_SERVER=38993, STANDALONE=46161], networkLocation: /default-rack, certSerialId: null, persistedOpState: null, persistedOpStateExpiryEpochSec: 0}
2021-10-29 00:42:50,062 [EventQueue-NewNodeForNewNodeHandler] INFO  pipeline.BackgroundPipelineCreator (BackgroundPipelineCreator.java:notifyEventTriggered(285)) - trigger a one-shot run on RatisPipelineUtilsThread.
2021-10-29 00:42:50,062 [RatisPipelineUtilsThread - 0] INFO  pipeline.RatisPipelineProvider (RatisPipelineProvider.java:lambda$create$0(183)) - Sending CreatePipelineCommand for pipeline:PipelineID=7b25d9ed-c431-4a6c-a27c-4c57f47ebc72 to datanode:e8a99e94-03a8-424f-8179-644c8590267c
2021-10-29 00:42:50,063 [RatisPipelineUtilsThread - 0] INFO  pipeline.PipelineStateManagerImpl (PipelineStateManagerImpl.java:addPipeline(101)) - Created pipeline Pipeline[ Id: 7b25d9ed-c431-4a6c-a27c-4c57f47ebc72, Nodes: e8a99e94-03a8-424f-8179-644c8590267c{ip: 10.1.0.32, host: fv-az291-161.wgnan5asplgejimfprtllbpdch.jx.internal.cloudapp.net, ports: [REPLICATION=36861, RATIS=38993, RATIS_ADMIN=38993, RATIS_SERVER=38993, STANDALONE=46161], networkLocation: /default-rack, certSerialId: null, persistedOpState: IN_SERVICE, persistedOpStateExpiryEpochSec: 0}, ReplicationConfig: RATIS/ONE, State:ALLOCATED, leaderId:, CreationTimestamp2021-10-29T00:42:50.062Z[Etc/UTC]].
2021-10-29 00:42:50,192 [DatanodeAdminManager-0] INFO  node.DatanodeAdminMonitorImpl (DatanodeAdminMonitorImpl.java:checkContainersReplicatedOnNode(306)) - 12cd3e49-de78-4d30-aa86-c1ffa97795c8{ip: 10.1.0.32, host: fv-az291-161.wgnan5asplgejimfprtllbpdch.jx.internal.cloudapp.net, ports: [REPLICATION=45311, RATIS=42653, RATIS_ADMIN=42653, RATIS_SERVER=42653, STANDALONE=34397], networkLocation: /default-rack, certSerialId: null, persistedOpState: DECOMMISSIONING, persistedOpStateExpiryEpochSec: 0} has 0 sufficientlyReplicated, 3 underReplicated and 0 unhealthy containers
2021-10-29 00:42:50,192 [DatanodeAdminManager-0] INFO  node.DatanodeAdminMonitorImpl (DatanodeAdminMonitorImpl.java:run(137)) - There are 1 nodes tracked for decommission and maintenance. 0 pending nodes.
2021-10-29 00:42:50,212 [ReplicationMonitor] INFO  container.ReplicationManager (ReplicationManager.java:forceCloseContainer(1073)) - Force closing container #1 with BCSID 74, which is in QUASI_CLOSED state.
2021-10-29 00:42:50,213 [ReplicationMonitor] INFO  container.ReplicationManager (ReplicationManager.java:sendCloseCommand(1482)) - Sending close container command for container #1 to datanode 12cd3e49-de78-4d30-aa86-c1ffa97795c8{ip: 10.1.0.32, host: fv-az291-161.wgnan5asplgejimfprtllbpdch.jx.internal.cloudapp.net, ports: [REPLICATION=45311, RATIS=42653, RATIS_ADMIN=42653, RATIS_SERVER=42653, STANDALONE=34397], networkLocation: /default-rack, certSerialId: null, persistedOpState: DECOMMISSIONING, persistedOpStateExpiryEpochSec: 0}.
2021-10-29 00:42:50,213 [ReplicationMonitor] INFO  container.ReplicationManager (ReplicationManager.java:sendCloseCommand(1482)) - Sending close container command for container #1 to datanode e6ec3422-bd00-4bf8-8713-bff351886512{ip: 10.1.0.32, host: fv-az291-161.wgnan5asplgejimfprtllbpdch.jx.internal.cloudapp.net, ports: [REPLICATION=38043, RATIS=40113, RATIS_ADMIN=40113, RATIS_SERVER=40113, STANDALONE=39721], networkLocation: /default-rack, certSerialId: null, persistedOpState: IN_SERVICE, persistedOpStateExpiryEpochSec: 0}.
2021-10-29 00:42:50,213 [ReplicationMonitor] INFO  container.ReplicationManager (ReplicationManager.java:sendCloseCommand(1482)) - Sending close container command for container #1 to datanode f2b4d6f7-aefa-402b-a761-92c91b2f44f3{ip: 10.1.0.32, host: fv-az291-161.wgnan5asplgejimfprtllbpdch.jx.internal.cloudapp.net, ports: [REPLICATION=34403, RATIS=42307, RATIS_ADMIN=42307, RATIS_SERVER=42307, STANDALONE=32977], networkLocation: /default-rack, certSerialId: null, persistedOpState: IN_SERVICE, persistedOpStateExpiryEpochSec: 0}.
2021-10-29 00:42:50,214 [ReplicationMonitor] INFO  container.ReplicationManager (ReplicationManager.java:forceCloseContainer(1073)) - Force closing container #2 with BCSID 78, which is in QUASI_CLOSED state.
2021-10-29 00:42:50,214 [ReplicationMonitor] INFO  container.ReplicationManager (ReplicationManager.java:sendCloseCommand(1482)) - Sending close container command for container #2 to datanode e6ec3422-bd00-4bf8-8713-bff351886512{ip: 10.1.0.32, host: fv-az291-161.wgnan5asplgejimfprtllbpdch.jx.internal.cloudapp.net, ports: [REPLICATION=38043, RATIS=40113, RATIS_ADMIN=40113, RATIS_SERVER=40113, STANDALONE=39721], networkLocation: /default-rack, certSerialId: null, persistedOpState: IN_SERVICE, persistedOpStateExpiryEpochSec: 0}.
2021-10-29 00:42:50,214 [ReplicationMonitor] INFO  container.ReplicationManager (ReplicationManager.java:sendCloseCommand(1482)) - Sending close container command for container #2 to datanode f2b4d6f7-aefa-402b-a761-92c91b2f44f3{ip: 10.1.0.32, host: fv-az291-161.wgnan5asplgejimfprtllbpdch.jx.internal.cloudapp.net, ports: [REPLICATION=34403, RATIS=42307, RATIS_ADMIN=42307, RATIS_SERVER=42307, STANDALONE=32977], networkLocation: /default-rack, certSerialId: null, persistedOpState: IN_SERVICE, persistedOpStateExpiryEpochSec: 0}.
2021-10-29 00:42:50,214 [ReplicationMonitor] INFO  container.ReplicationManager (ReplicationManager.java:sendCloseCommand(1482)) - Sending close container command for container #2 to datanode 12cd3e49-de78-4d30-aa86-c1ffa97795c8{ip: 10.1.0.32, host: fv-az291-161.wgnan5asplgejimfprtllbpdch.jx.internal.cloudapp.net, ports: [REPLICATION=45311, RATIS=42653, RATIS_ADMIN=42653, RATIS_SERVER=42653, STANDALONE=34397], networkLocation: /default-rack, certSerialId: null, persistedOpState: DECOMMISSIONING, persistedOpStateExpiryEpochSec: 0}.
2021-10-29 00:42:50,214 [ReplicationMonitor] INFO  container.ReplicationManager (ReplicationManager.java:forceCloseContainer(1073)) - Force closing container #3 with BCSID 70, which is in QUASI_CLOSED state.
2021-10-29 00:42:50,214 [ReplicationMonitor] INFO  container.ReplicationManager (ReplicationManager.java:sendCloseCommand(1482)) - Sending close container command for container #3 to datanode 12cd3e49-de78-4d30-aa86-c1ffa97795c8{ip: 10.1.0.32, host: fv-az291-161.wgnan5asplgejimfprtllbpdch.jx.internal.cloudapp.net, ports: [REPLICATION=45311, RATIS=42653, RATIS_ADMIN=42653, RATIS_SERVER=42653, STANDALONE=34397], networkLocation: /default-rack, certSerialId: null, persistedOpState: DECOMMISSIONING, persistedOpStateExpiryEpochSec: 0}.
2021-10-29 00:42:50,214 [ReplicationMonitor] INFO  container.ReplicationManager (ReplicationManager.java:sendCloseCommand(1482)) - Sending close container command for container #3 to datanode e6ec3422-bd00-4bf8-8713-bff351886512{ip: 10.1.0.32, host: fv-az291-161.wgnan5asplgejimfprtllbpdch.jx.internal.cloudapp.net, ports: [REPLICATION=38043, RATIS=40113, RATIS_ADMIN=40113, RATIS_SERVER=40113, STANDALONE=39721], networkLocation: /default-rack, certSerialId: null, persistedOpState: IN_SERVICE, persistedOpStateExpiryEpochSec: 0}.
2021-10-29 00:42:50,214 [ReplicationMonitor] INFO  container.ReplicationManager (ReplicationManager.java:sendCloseCommand(1482)) - Sending close container command for container #3 to datanode f2b4d6f7-aefa-402b-a761-92c91b2f44f3{ip: 10.1.0.32, host: fv-az291-161.wgnan5asplgejimfprtllbpdch.jx.internal.cloudapp.net, ports: [REPLICATION=34403, RATIS=42307, RATIS_ADMIN=42307, RATIS_SERVER=42307, STANDALONE=32977], networkLocation: /default-rack, certSerialId: null, persistedOpState: IN_SERVICE, persistedOpStateExpiryEpochSec: 0}.
2021-10-29 00:42:50,215 [ReplicationMonitor] INFO  container.ReplicationManager (ReplicationManager.java:processAll(371)) - Replication Monitor Thread took 4 milliseconds for processing 3 containers.
2021-10-29 00:42:50,431 [Listener at 127.0.0.1/33923] INFO  ozone.MiniOzoneClusterImpl (MiniOzoneClusterImpl.java:lambda$waitForClusterToBeReady$0(235)) - Waiting for nodes to be ready. Got 5 of 6 DN Heartbeats.
2021-10-29 00:42:50,431 [Listener at 127.0.0.1/33923] INFO  ozone.MiniOzoneClusterImpl (MiniOzoneClusterImpl.java:lambda$waitForClusterToBeReady$0(238)) - Waiting for cluster to exit safe mode
2021-10-29 00:42:50,431 [Listener at 127.0.0.1/33923] INFO  ozone.MiniOzoneClusterImpl (MiniOzoneClusterImpl.java:lambda$waitForClusterToBeReady$0(240)) - SCM became leader
2021-10-29 00:42:50,443 [IPC Server handler 1 on default port 40145] INFO  net.NetworkTopologyImpl (NetworkTopologyImpl.java:add(112)) - Added a new node: /default-rack/08531864-a45b-4b81-8b31-f5d747fe8b59
2021-10-29 00:42:50,443 [IPC Server handler 1 on default port 40145] INFO  node.SCMNodeManager (SCMNodeManager.java:register(389)) - Registered Data node : 08531864-a45b-4b81-8b31-f5d747fe8b59{ip: 10.1.0.32, host: fv-az291-161.wgnan5asplgejimfprtllbpdch.jx.internal.cloudapp.net, ports: [REPLICATION=37925, RATIS=46027, RATIS_ADMIN=46027, RATIS_SERVER=46027, STANDALONE=35199], networkLocation: /default-rack, certSerialId: null, persistedOpState: null, persistedOpStateExpiryEpochSec: 0}
2021-10-29 00:42:50,443 [EventQueue-NewNodeForNewNodeHandler] INFO  pipeline.BackgroundPipelineCreator (BackgroundPipelineCreator.java:notifyEventTriggered(285)) - trigger a one-shot run on RatisPipelineUtilsThread.
2021-10-29 00:42:50,444 [RatisPipelineUtilsThread - 0] INFO  pipeline.RatisPipelineProvider (RatisPipelineProvider.java:lambda$create$0(183)) - Sending CreatePipelineCommand for pipeline:PipelineID=2a102bbb-70ba-4218-833a-fcab6844d429 to datanode:08531864-a45b-4b81-8b31-f5d747fe8b59
2021-10-29 00:42:50,445 [RatisPipelineUtilsThread - 0] INFO  pipeline.PipelineStateManagerImpl (PipelineStateManagerImpl.java:addPipeline(101)) - Created pipeline Pipeline[ Id: 2a102bbb-70ba-4218-833a-fcab6844d429, Nodes: 08531864-a45b-4b81-8b31-f5d747fe8b59{ip: 10.1.0.32, host: fv-az291-161.wgnan5asplgejimfprtllbpdch.jx.internal.cloudapp.net, ports: [REPLICATION=37925, RATIS=46027, RATIS_ADMIN=46027, RATIS_SERVER=46027, STANDALONE=35199], networkLocation: /default-rack, certSerialId: null, persistedOpState: IN_SERVICE, persistedOpStateExpiryEpochSec: 0}, ReplicationConfig: RATIS/ONE, State:ALLOCATED, leaderId:, CreationTimestamp2021-10-29T00:42:50.444Z[Etc/UTC]].
2021-10-29 00:42:50,445 [RatisPipelineUtilsThread - 0] INFO  pipeline.RatisPipelineProvider (RatisPipelineProvider.java:lambda$create$0(183)) - Sending CreatePipelineCommand for pipeline:PipelineID=69101745-b151-4a5b-9215-c97255f99171 to datanode:e8a99e94-03a8-424f-8179-644c8590267c
2021-10-29 00:42:50,445 [RatisPipelineUtilsThread - 0] INFO  pipeline.RatisPipelineProvider (RatisPipelineProvider.java:lambda$create$0(183)) - Sending CreatePipelineCommand for pipeline:PipelineID=69101745-b151-4a5b-9215-c97255f99171 to datanode:08531864-a45b-4b81-8b31-f5d747fe8b59
2021-10-29 00:42:50,445 [RatisPipelineUtilsThread - 0] INFO  pipeline.RatisPipelineProvider (RatisPipelineProvider.java:lambda$create$0(183)) - Sending CreatePipelineCommand for pipeline:PipelineID=69101745-b151-4a5b-9215-c97255f99171 to datanode:eb8d8e32-cd46-4831-b02b-58c8725ce07f
2021-10-29 00:42:50,446 [RatisPipelineUtilsThread - 0] INFO  pipeline.PipelineStateManagerImpl (PipelineStateManagerImpl.java:addPipeline(101)) - Created pipeline Pipeline[ Id: 69101745-b151-4a5b-9215-c97255f99171, Nodes: e8a99e94-03a8-424f-8179-644c8590267c{ip: 10.1.0.32, host: fv-az291-161.wgnan5asplgejimfprtllbpdch.jx.internal.cloudapp.net, ports: [REPLICATION=36861, RATIS=38993, RATIS_ADMIN=38993, RATIS_SERVER=38993, STANDALONE=46161], networkLocation: /default-rack, certSerialId: null, persistedOpState: IN_SERVICE, persistedOpStateExpiryEpochSec: 0}08531864-a45b-4b81-8b31-f5d747fe8b59{ip: 10.1.0.32, host: fv-az291-161.wgnan5asplgejimfprtllbpdch.jx.internal.cloudapp.net, ports: [REPLICATION=37925, RATIS=46027, RATIS_ADMIN=46027, RATIS_SERVER=46027, STANDALONE=35199], networkLocation: /default-rack, certSerialId: null, persistedOpState: IN_SERVICE, persistedOpStateExpiryEpochSec: 0}eb8d8e32-cd46-4831-b02b-58c8725ce07f{ip: 10.1.0.32, host: fv-az291-161.wgnan5asplgejimfprtllbpdch.jx.internal.cloudapp.net, ports: [REPLICATION=45369, RATIS=35769, RATIS_ADMIN=35769, RATIS_SERVER=35769, STANDALONE=34479], networkLocation: /default-rack, certSerialId: null, persistedOpState: IN_SERVICE, persistedOpStateExpiryEpochSec: 0}, ReplicationConfig: RATIS/THREE, State:ALLOCATED, leaderId:, CreationTimestamp2021-10-29T00:42:50.445Z[Etc/UTC]].
2021-10-29 00:42:50,518 [ContainerReplicationThread-0] INFO  replication.DownloadAndImportReplicator (DownloadAndImportReplicator.java:replicate(107)) - Starting replication of container 3 from [f2b4d6f7-aefa-402b-a761-92c91b2f44f3{ip: 10.1.0.32, host: fv-az291-161.wgnan5asplgejimfprtllbpdch.jx.internal.cloudapp.net, ports: [REPLICATION=34403, RATIS=42307, RATIS_ADMIN=42307, RATIS_SERVER=42307, STANDALONE=32977], networkLocation: /default-rack, certSerialId: null, persistedOpState: IN_SERVICE, persistedOpStateExpiryEpochSec: 0}]
2021-10-29 00:42:50,530 [grpc-default-executor-2] INFO  replication.GrpcReplicationService (GrpcReplicationService.java:download(52)) - Streaming container data (3) to other datanode
2021-10-29 00:42:50,579 [grpc-default-executor-2] INFO  replication.GrpcOutputStream (GrpcOutputStream.java:close(104)) - Sent 11943 bytes for container 3
2021-10-29 00:42:50,580 [grpc-default-executor-3] INFO  replication.GrpcReplicationClient (GrpcReplicationClient.java:onCompleted(187)) - Container 3 is downloaded to /home/runner/work/ozone/ozone/hadoop-ozone/integration-test/target/test-dir/MiniOzoneClusterImpl-20f6a6ed-b629-410f-9e90-983c782471bd/datanode-3/data/replication/work/container-3.tar.gz
2021-10-29 00:42:50,583 [ContainerReplicationThread-0] INFO  replication.DownloadAndImportReplicator (DownloadAndImportReplicator.java:replicate(122)) - Container 3 is downloaded with size 11943, starting to import.
2021-10-29 00:42:50,606 [ContainerReplicationThread-0] INFO  replication.DownloadAndImportReplicator (DownloadAndImportReplicator.java:replicate(107)) - Starting replication of container 1 from [f2b4d6f7-aefa-402b-a761-92c91b2f44f3{ip: 10.1.0.32, host: fv-az291-161.wgnan5asplgejimfprtllbpdch.jx.internal.cloudapp.net, ports: [REPLICATION=34403, RATIS=42307, RATIS_ADMIN=42307, RATIS_SERVER=42307, STANDALONE=32977], networkLocation: /default-rack, certSerialId: null, persistedOpState: IN_SERVICE, persistedOpStateExpiryEpochSec: 0}]
2021-10-29 00:42:50,617 [ContainerReplicationThread-1] INFO  replication.DownloadAndImportReplicator (DownloadAndImportReplicator.java:replicate(107)) - Starting replication of container 2 from [f2b4d6f7-aefa-402b-a761-92c91b2f44f3{ip: 10.1.0.32, host: fv-az291-161.wgnan5asplgejimfprtllbpdch.jx.internal.cloudapp.net, ports: [REPLICATION=34403, RATIS=42307, RATIS_ADMIN=42307, RATIS_SERVER=42307, STANDALONE=32977], networkLocation: /default-rack, certSerialId: null, persistedOpState: IN_SERVICE, persistedOpStateExpiryEpochSec: 0}]
2021-10-29 00:42:50,619 [grpc-default-executor-2] INFO  replication.GrpcReplicationService (GrpcReplicationService.java:download(52)) - Streaming container data (1) to other datanode
2021-10-29 00:42:50,629 [grpc-default-executor-3] INFO  replication.GrpcReplicationService (GrpcReplicationService.java:download(52)) - Streaming container data (2) to other datanode
2021-10-29 00:42:50,636 [grpc-default-executor-2] INFO  replication.GrpcOutputStream (GrpcOutputStream.java:close(104)) - Sent 11958 bytes for container 1
2021-10-29 00:42:50,637 [grpc-default-executor-4] INFO  replication.GrpcReplicationClient (GrpcReplicationClient.java:onCompleted(187)) - Container 1 is downloaded to /home/runner/work/ozone/ozone/hadoop-ozone/integration-test/target/test-dir/MiniOzoneClusterImpl-20f6a6ed-b629-410f-9e90-983c782471bd/datanode-5/data/replication/work/container-1.tar.gz
2021-10-29 00:42:50,643 [grpc-default-executor-3] INFO  replication.GrpcOutputStream (GrpcOutputStream.java:close(104)) - Sent 11928 bytes for container 2
2021-10-29 00:42:50,646 [ContainerReplicationThread-0] INFO  replication.DownloadAndImportReplicator (DownloadAndImportReplicator.java:replicate(122)) - Container 1 is downloaded with size 11958, starting to import.
2021-10-29 00:42:50,651 [grpc-default-executor-3] INFO  replication.GrpcReplicationClient (GrpcReplicationClient.java:onCompleted(187)) - Container 2 is downloaded to /home/runner/work/ozone/ozone/hadoop-ozone/integration-test/target/test-dir/MiniOzoneClusterImpl-20f6a6ed-b629-410f-9e90-983c782471bd/datanode-5/data/replication/work/container-2.tar.gz
2021-10-29 00:42:50,652 [ContainerReplicationThread-1] INFO  replication.DownloadAndImportReplicator (DownloadAndImportReplicator.java:replicate(122)) - Container 2 is downloaded with size 11928, starting to import.
2021-10-29 00:42:50,697 [ContainerReplicationThread-0] INFO  replication.DownloadAndImportReplicator (DownloadAndImportReplicator.java:replicate(127)) - Container 1 is replicated successfully
2021-10-29 00:42:50,697 [ContainerReplicationThread-0] INFO  replication.ReplicationSupervisor (ReplicationSupervisor.java:run(169)) - Container 1 is replicated.
2021-10-29 00:42:50,698 [ContainerReplicationThread-0] INFO  replication.DownloadAndImportReplicator (DownloadAndImportReplicator.java:replicate(127)) - Container 3 is replicated successfully
2021-10-29 00:42:50,698 [ContainerReplicationThread-0] INFO  replication.ReplicationSupervisor (ReplicationSupervisor.java:run(169)) - Container 3 is replicated.
2021-10-29 00:42:50,709 [ContainerReplicationThread-1] INFO  replication.DownloadAndImportReplicator (DownloadAndImportReplicator.java:replicate(127)) - Container 2 is replicated successfully
2021-10-29 00:42:50,709 [ContainerReplicationThread-1] INFO  replication.ReplicationSupervisor (ReplicationSupervisor.java:run(169)) - Container 2 is replicated.
2021-10-29 00:42:51,040 [ReplicationMonitor] INFO  container.ReplicationManager (ReplicationManager.java:processAll(371)) - Replication Monitor Thread took 0 milliseconds for processing 0 containers.
2021-10-29 00:42:51,192 [DatanodeAdminManager-0] INFO  node.DatanodeAdminMonitorImpl (DatanodeAdminMonitorImpl.java:checkContainersReplicatedOnNode(306)) - 12cd3e49-de78-4d30-aa86-c1ffa97795c8{ip: 10.1.0.32, host: fv-az291-161.wgnan5asplgejimfprtllbpdch.jx.internal.cloudapp.net, ports: [REPLICATION=45311, RATIS=42653, RATIS_ADMIN=42653, RATIS_SERVER=42653, STANDALONE=34397], networkLocation: /default-rack, certSerialId: null, persistedOpState: DECOMMISSIONING, persistedOpStateExpiryEpochSec: 0} has 3 sufficientlyReplicated, 0 underReplicated and 0 unhealthy containers
2021-10-29 00:42:51,192 [DatanodeAdminManager-0] INFO  node.DatanodeAdminMonitorImpl (DatanodeAdminMonitorImpl.java:completeDecommission(324)) - Datanode 12cd3e49-de78-4d30-aa86-c1ffa97795c8{ip: 10.1.0.32, host: fv-az291-161.wgnan5asplgejimfprtllbpdch.jx.internal.cloudapp.net, ports: [REPLICATION=45311, RATIS=42653, RATIS_ADMIN=42653, RATIS_SERVER=42653, STANDALONE=34397], networkLocation: /default-rack, certSerialId: null, persistedOpState: DECOMMISSIONING, persistedOpStateExpiryEpochSec: 0} has completed the admin workflow. The operational state has been set to DECOMMISSIONED
2021-10-29 00:42:51,192 [EventQueue-HealthyReadonlyToHealthyNodeForReadOnlyHealthyToHealthyNodeHandler] INFO  node.ReadOnlyHealthyToHealthyNodeHandler (ReadOnlyHealthyToHealthyNodeHandler.java:onMessage(51)) - Datanode 12cd3e49-de78-4d30-aa86-c1ffa97795c8{ip: 10.1.0.32, host: fv-az291-161.wgnan5asplgejimfprtllbpdch.jx.internal.cloudapp.net, ports: [REPLICATION=45311, RATIS=42653, RATIS_ADMIN=42653, RATIS_SERVER=42653, STANDALONE=34397], networkLocation: /default-rack, certSerialId: null, persistedOpState: DECOMMISSIONING, persistedOpStateExpiryEpochSec: 0} moved to HEALTHY state.
2021-10-29 00:42:51,193 [EventQueue-HealthyReadonlyToHealthyNodeForReadOnlyHealthyToHealthyNodeHandler] INFO  pipeline.BackgroundPipelineCreator (BackgroundPipelineCreator.java:notifyEventTriggered(285)) - trigger a one-shot run on RatisPipelineUtilsThread.
2021-10-29 00:42:51,215 [ReplicationMonitor] INFO  container.ReplicationManager (ReplicationManager.java:forceCloseContainer(1073)) - Force closing container #1 with BCSID 74, which is in QUASI_CLOSED state.
2021-10-29 00:42:51,215 [ReplicationMonitor] INFO  container.ReplicationManager (ReplicationManager.java:sendCloseCommand(1482)) - Sending close container command for container #1 to datanode 12cd3e49-de78-4d30-aa86-c1ffa97795c8{ip: 10.1.0.32, host: fv-az291-161.wgnan5asplgejimfprtllbpdch.jx.internal.cloudapp.net, ports: [REPLICATION=45311, RATIS=42653, RATIS_ADMIN=42653, RATIS_SERVER=42653, STANDALONE=34397], networkLocation: /default-rack, certSerialId: null, persistedOpState: DECOMMISSIONING, persistedOpStateExpiryEpochSec: 0}.
2021-10-29 00:42:51,215 [ReplicationMonitor] INFO  container.ReplicationManager (ReplicationManager.java:sendCloseCommand(1482)) - Sending close container command for container #1 to datanode 240b3f92-711e-4b06-964b-7be2bf787040{ip: 10.1.0.32, host: fv-az291-161.wgnan5asplgejimfprtllbpdch.jx.internal.cloudapp.net, ports: [REPLICATION=34171, RATIS=39315, RATIS_ADMIN=39315, RATIS_SERVER=39315, STANDALONE=46869], networkLocation: /default-rack, certSerialId: null, persistedOpState: IN_SERVICE, persistedOpStateExpiryEpochSec: 0}.
2021-10-29 00:42:51,215 [ReplicationMonitor] INFO  container.ReplicationManager (ReplicationManager.java:sendCloseCommand(1482)) - Sending close container command for container #1 to datanode e6ec3422-bd00-4bf8-8713-bff351886512{ip: 10.1.0.32, host: fv-az291-161.wgnan5asplgejimfprtllbpdch.jx.internal.cloudapp.net, ports: [REPLICATION=38043, RATIS=40113, RATIS_ADMIN=40113, RATIS_SERVER=40113, STANDALONE=39721], networkLocation: /default-rack, certSerialId: null, persistedOpState: IN_SERVICE, persistedOpStateExpiryEpochSec: 0}.
2021-10-29 00:42:51,215 [ReplicationMonitor] INFO  container.ReplicationManager (ReplicationManager.java:sendCloseCommand(1482)) - Sending close container command for container #1 to datanode f2b4d6f7-aefa-402b-a761-92c91b2f44f3{ip: 10.1.0.32, host: fv-az291-161.wgnan5asplgejimfprtllbpdch.jx.internal.cloudapp.net, ports: [REPLICATION=34403, RATIS=42307, RATIS_ADMIN=42307, RATIS_SERVER=42307, STANDALONE=32977], networkLocation: /default-rack, certSerialId: null, persistedOpState: IN_SERVICE, persistedOpStateExpiryEpochSec: 0}.
2021-10-29 00:42:51,215 [ReplicationMonitor] INFO  container.ReplicationManager (ReplicationManager.java:forceCloseContainer(1073)) - Force closing container #2 with BCSID 78, which is in QUASI_CLOSED state.
2021-10-29 00:42:51,215 [ReplicationMonitor] INFO  container.ReplicationManager (ReplicationManager.java:sendCloseCommand(1482)) - Sending close container command for container #2 to datanode 240b3f92-711e-4b06-964b-7be2bf787040{ip: 10.1.0.32, host: fv-az291-161.wgnan5asplgejimfprtllbpdch.jx.internal.cloudapp.net, ports: [REPLICATION=34171, RATIS=39315, RATIS_ADMIN=39315, RATIS_SERVER=39315, STANDALONE=46869], networkLocation: /default-rack, certSerialId: null, persistedOpState: IN_SERVICE, persistedOpStateExpiryEpochSec: 0}.
2021-10-29 00:42:51,215 [ReplicationMonitor] INFO  container.ReplicationManager (ReplicationManager.java:sendCloseCommand(1482)) - Sending close container command for container #2 to datanode e6ec3422-bd00-4bf8-8713-bff351886512{ip: 10.1.0.32, host: fv-az291-161.wgnan5asplgejimfprtllbpdch.jx.internal.cloudapp.net, ports: [REPLICATION=38043, RATIS=40113, RATIS_ADMIN=40113, RATIS_SERVER=40113, STANDALONE=39721], networkLocation: /default-rack, certSerialId: null, persistedOpState: IN_SERVICE, persistedOpStateExpiryEpochSec: 0}.
2021-10-29 00:42:51,216 [ReplicationMonitor] INFO  container.ReplicationManager (ReplicationManager.java:sendCloseCommand(1482)) - Sending close container command for container #2 to datanode f2b4d6f7-aefa-402b-a761-92c91b2f44f3{ip: 10.1.0.32, host: fv-az291-161.wgnan5asplgejimfprtllbpdch.jx.internal.cloudapp.net, ports: [REPLICATION=34403, RATIS=42307, RATIS_ADMIN=42307, RATIS_SERVER=42307, STANDALONE=32977], networkLocation: /default-rack, certSerialId: null, persistedOpState: IN_SERVICE, persistedOpStateExpiryEpochSec: 0}.
2021-10-29 00:42:51,216 [ReplicationMonitor] INFO  container.ReplicationManager (ReplicationManager.java:sendCloseCommand(1482)) - Sending close container command for container #2 to datanode 12cd3e49-de78-4d30-aa86-c1ffa97795c8{ip: 10.1.0.32, host: fv-az291-161.wgnan5asplgejimfprtllbpdch.jx.internal.cloudapp.net, ports: [REPLICATION=45311, RATIS=42653, RATIS_ADMIN=42653, RATIS_SERVER=42653, STANDALONE=34397], networkLocation: /default-rack, certSerialId: null, persistedOpState: DECOMMISSIONING, persistedOpStateExpiryEpochSec: 0}.
2021-10-29 00:42:51,216 [ReplicationMonitor] INFO  container.ReplicationManager (ReplicationManager.java:forceCloseContainer(1073)) - Force closing container #3 with BCSID 70, which is in QUASI_CLOSED state.
2021-10-29 00:42:51,216 [ReplicationMonitor] INFO  container.ReplicationManager (ReplicationManager.java:sendCloseCommand(1482)) - Sending close container command for container #3 to datanode 12cd3e49-de78-4d30-aa86-c1ffa97795c8{ip: 10.1.0.32, host: fv-az291-161.wgnan5asplgejimfprtllbpdch.jx.internal.cloudapp.net, ports: [REPLICATION=45311, RATIS=42653, RATIS_ADMIN=42653, RATIS_SERVER=42653, STANDALONE=34397], networkLocation: /default-rack, certSerialId: null, persistedOpState: DECOMMISSIONING, persistedOpStateExpiryEpochSec: 0}.
2021-10-29 00:42:51,216 [ReplicationMonitor] INFO  container.ReplicationManager (ReplicationManager.java:sendCloseCommand(1482)) - Sending close container command for container #3 to datanode ede339c2-3cec-47d6-98dc-ec75754dc7c3{ip: 10.1.0.32, host: fv-az291-161.wgnan5asplgejimfprtllbpdch.jx.internal.cloudapp.net, ports: [REPLICATION=37327, RATIS=43517, RATIS_ADMIN=43517, RATIS_SERVER=43517, STANDALONE=37483], networkLocation: /default-rack, certSerialId: null, persistedOpState: IN_SERVICE, persistedOpStateExpiryEpochSec: 0}.
2021-10-29 00:42:51,216 [ReplicationMonitor] INFO  container.ReplicationManager (ReplicationManager.java:sendCloseCommand(1482)) - Sending close container command for container #3 to datanode e6ec3422-bd00-4bf8-8713-bff351886512{ip: 10.1.0.32, host: fv-az291-161.wgnan5asplgejimfprtllbpdch.jx.internal.cloudapp.net, ports: [REPLICATION=38043, RATIS=40113, RATIS_ADMIN=40113, RATIS_SERVER=40113, STANDALONE=39721], networkLocation: /default-rack, certSerialId: null, persistedOpState: IN_SERVICE, persistedOpStateExpiryEpochSec: 0}.
2021-10-29 00:42:51,216 [ReplicationMonitor] INFO  container.ReplicationManager (ReplicationManager.java:sendCloseCommand(1482)) - Sending close container command for container #3 to datanode f2b4d6f7-aefa-402b-a761-92c91b2f44f3{ip: 10.1.0.32, host: fv-az291-161.wgnan5asplgejimfprtllbpdch.jx.internal.cloudapp.net, ports: [REPLICATION=34403, RATIS=42307, RATIS_ADMIN=42307, RATIS_SERVER=42307, STANDALONE=32977], networkLocation: /default-rack, certSerialId: null, persistedOpState: IN_SERVICE, persistedOpStateExpiryEpochSec: 0}.
2021-10-29 00:42:51,216 [ReplicationMonitor] INFO  container.ReplicationManager (ReplicationManager.java:processAll(371)) - Replication Monitor Thread took 2 milliseconds for processing 3 containers.
2021-10-29 00:42:51,263 [Command processor thread] INFO  server.RaftServer (RaftServerProxy.java:addNew(95)) - a1fdd0ef-804f-4835-9139-6ae2b6368b09: addNew group-DA5E061A5C93:[a1fdd0ef-804f-4835-9139-6ae2b6368b09|rpc:10.1.0.32:44367|priority:1] returns group-DA5E061A5C93:java.util.concurrent.CompletableFuture@c703ff7[Not completed]
2021-10-29 00:42:51,266 [pool-220-thread-1] INFO  server.RaftServer$Division (RaftServerImpl.java:<init>(184)) - a1fdd0ef-804f-4835-9139-6ae2b6368b09: new RaftServerImpl for group-DA5E061A5C93:[a1fdd0ef-804f-4835-9139-6ae2b6368b09|rpc:10.1.0.32:44367|priority:1] with ContainerStateMachine:uninitialized
2021-10-29 00:42:51,274 [pool-220-thread-1] INFO  server.RaftServerConfigKeys (ConfUtils.java:logGet(44)) - raft.server.rpc.timeout.min = 5s (custom)
2021-10-29 00:42:51,274 [pool-220-thread-1] INFO  server.RaftServerConfigKeys (ConfUtils.java:logGet(44)) - raft.server.rpc.timeout.max = 5200ms (custom)
2021-10-29 00:42:51,274 [pool-220-thread-1] INFO  server.RaftServerConfigKeys (ConfUtils.java:logGet(44)) - raft.server.rpc.sleep.time = 25ms (default)
2021-10-29 00:42:51,274 [pool-220-thread-1] INFO  server.RaftServerConfigKeys (ConfUtils.java:logGet(44)) - raft.server.rpc.slowness.timeout = 300s (custom)
2021-10-29 00:42:51,274 [pool-220-thread-1] INFO  server.RaftServerConfigKeys (ConfUtils.java:logGet(44)) - raft.server.leaderelection.leader.step-down.wait-time = 10s (default)
2021-10-29 00:42:51,274 [pool-220-thread-1] INFO  server.RaftServerConfigKeys (ConfUtils.java:logGet(44)) - raft.server.sleep.deviation.threshold = 300ms (default)
2021-10-29 00:42:51,274 [pool-220-thread-1] INFO  server.RaftServerConfigKeys (ConfUtils.java:logGet(44)) - raft.server.log.appender.install.snapshot.enabled = false (custom)
2021-10-29 00:42:51,274 [pool-220-thread-1] INFO  server.RaftServer$Division (ServerState.java:<init>(105)) - a1fdd0ef-804f-4835-9139-6ae2b6368b09@group-DA5E061A5C93: ConfigurationManager, init=-1: [a1fdd0ef-804f-4835-9139-6ae2b6368b09|rpc:10.1.0.32:44367|priority:1], old=null, confs=<EMPTY_MAP>
2021-10-29 00:42:51,274 [pool-220-thread-1] INFO  server.RaftServerConfigKeys (ConfUtils.java:logGet(44)) - raft.server.storage.dir = [/home/runner/work/ozone/ozone/hadoop-ozone/integration-test/target/test-dir/MiniOzoneClusterImpl-5f5ad6f1-7ccc-43e5-92d9-031f7ba6440e/datanode-0/data/ratis] (custom)
2021-10-29 00:42:51,274 [pool-220-thread-1] INFO  server.RaftServerConfigKeys (ConfUtils.java:logGet(44)) - raft.server.log.corruption.policy = EXCEPTION (default)
2021-10-29 00:42:51,275 [pool-220-thread-1] INFO  server.RaftServerConfigKeys (ConfUtils.java:logGet(44)) - raft.server.storage.free-space.min = 0MB (=0) (default)
2021-10-29 00:42:51,275 [pool-220-thread-1] INFO  storage.RaftStorageDirectory (RaftStorageDirectoryImpl.java:analyzeStorage(135)) - The storage directory /home/runner/work/ozone/ozone/hadoop-ozone/integration-test/target/test-dir/MiniOzoneClusterImpl-5f5ad6f1-7ccc-43e5-92d9-031f7ba6440e/datanode-0/data/ratis/b677ff41-cdec-45b5-a06c-da5e061a5c93 does not exist. Creating ...
2021-10-29 00:42:51,276 [pool-220-thread-1] INFO  storage.RaftStorageDirectory (RaftStorageDirectoryImpl.java:tryLock(230)) - Lock on /home/runner/work/ozone/ozone/hadoop-ozone/integration-test/target/test-dir/MiniOzoneClusterImpl-5f5ad6f1-7ccc-43e5-92d9-031f7ba6440e/datanode-0/data/ratis/b677ff41-cdec-45b5-a06c-da5e061a5c93/in_use.lock acquired by nodename 21509@fv-az291-161
2021-10-29 00:42:51,278 [pool-220-thread-1] INFO  storage.RaftStorage (RaftStorageImpl.java:format(89)) - Storage directory /home/runner/work/ozone/ozone/hadoop-ozone/integration-test/target/test-dir/MiniOzoneClusterImpl-5f5ad6f1-7ccc-43e5-92d9-031f7ba6440e/datanode-0/data/ratis/b677ff41-cdec-45b5-a06c-da5e061a5c93 has been successfully formatted.
2021-10-29 00:42:51,280 [pool-220-thread-1] INFO  ratis.ContainerStateMachine (ContainerStateMachine.java:loadSnapshot(224)) - group-DA5E061A5C93: The snapshot info is null. Setting the last applied indexto:(t:0, i:~)
2021-10-29 00:42:51,280 [pool-220-thread-1] INFO  server.RaftServerConfigKeys (ConfUtils.java:logGet(44)) - raft.server.notification.no-leader.timeout = 300s (custom)
2021-10-29 00:42:51,280 [pool-220-thread-1] INFO  server.RaftServerConfigKeys (ConfUtils.java:logGet(44)) - raft.server.log.use.memory = false (default)
2021-10-29 00:42:51,280 [pool-220-thread-1] INFO  server.RaftServerConfigKeys (ConfUtils.java:logGet(44)) - raft.server.log.purge.gap = 1000000 (custom)
2021-10-29 00:42:51,280 [pool-220-thread-1] INFO  server.RaftServerConfigKeys (ConfUtils.java:logGet(44)) - raft.server.log.appender.buffer.byte-limit = 33554432 (custom)
2021-10-29 00:42:51,280 [pool-220-thread-1] INFO  server.RaftServerConfigKeys (ConfUtils.java:logGet(44)) - raft.server.log.segment.size.max = 1048576 (custom)
2021-10-29 00:42:51,281 [pool-220-thread-1] INFO  server.RaftServerConfigKeys (ConfUtils.java:logGet(44)) - raft.server.log.segment.cache.num.max = 2 (custom)
2021-10-29 00:42:51,281 [EventQueue-PipelineReportForPipelineReportHandler] INFO  pipeline.PipelineManagerImpl (PipelineManagerImpl.java:openPipeline(289)) - Pipeline Pipeline[ Id: b677ff41-cdec-45b5-a06c-da5e061a5c93, Nodes: a1fdd0ef-804f-4835-9139-6ae2b6368b09{ip: 10.1.0.32, host: fv-az291-161.wgnan5asplgejimfprtllbpdch.jx.internal.cloudapp.net, ports: [REPLICATION=40427, RATIS=44367, RATIS_ADMIN=44367, RATIS_SERVER=44367, STANDALONE=35053], networkLocation: /default-rack, certSerialId: null, persistedOpState: IN_SERVICE, persistedOpStateExpiryEpochSec: 0}, ReplicationConfig: RATIS/ONE, State:ALLOCATED, leaderId:a1fdd0ef-804f-4835-9139-6ae2b6368b09, CreationTimestamp2021-10-29T00:42:48.270Z[Etc/UTC]] moved to OPEN state
2021-10-29 00:42:51,281 [pool-220-thread-1] INFO  server.RaftServerConfigKeys (ConfUtils.java:logGet(44)) - raft.server.log.segment.cache.size.max = 200MB (=209715200) (default)
2021-10-29 00:42:51,281 [pool-220-thread-1] INFO  segmented.SegmentedRaftLogWorker (SegmentedRaftLogWorker.java:<init>(182)) - new a1fdd0ef-804f-4835-9139-6ae2b6368b09@group-DA5E061A5C93-SegmentedRaftLogWorker for RaftStorageImpl:Storage Directory /home/runner/work/ozone/ozone/hadoop-ozone/integration-test/target/test-dir/MiniOzoneClusterImpl-5f5ad6f1-7ccc-43e5-92d9-031f7ba6440e/datanode-0/data/ratis/b677ff41-cdec-45b5-a06c-da5e061a5c93
2021-10-29 00:42:51,281 [pool-220-thread-1] INFO  server.RaftServerConfigKeys (ConfUtils.java:logGet(44)) - raft.server.log.queue.byte-limit = 2147483647 (custom)
2021-10-29 00:42:51,281 [pool-220-thread-1] INFO  server.RaftServerConfigKeys (ConfUtils.java:logGet(44)) - raft.server.log.queue.element-limit = 1024 (custom)
2021-10-29 00:42:51,281 [pool-220-thread-1] INFO  server.RaftServerConfigKeys (ConfUtils.java:logGet(44)) - raft.server.log.segment.size.max = 1048576 (custom)
2021-10-29 00:42:51,281 [pool-220-thread-1] INFO  server.RaftServerConfigKeys (ConfUtils.java:logGet(44)) - raft.server.log.preallocated.size = 16384 (custom)
2021-10-29 00:42:51,281 [pool-220-thread-1] INFO  server.RaftServerConfigKeys (ConfUtils.java:logGet(44)) - raft.server.log.force.sync.num = 128 (default)
2021-10-29 00:42:51,281 [pool-220-thread-1] INFO  server.RaftServerConfigKeys (ConfUtils.java:logGet(44)) - raft.server.log.statemachine.data.sync = true (default)
2021-10-29 00:42:51,281 [pool-220-thread-1] INFO  server.RaftServerConfigKeys (ConfUtils.java:logGet(44)) - raft.server.log.statemachine.data.sync.timeout = 10s (default)
2021-10-29 00:42:51,281 [pool-220-thread-1] INFO  server.RaftServerConfigKeys (ConfUtils.java:logGet(44)) - raft.server.log.statemachine.data.sync.timeout.retry = -1 (default)
2021-10-29 00:42:51,287 [pool-220-thread-1] INFO  server.RaftServerConfigKeys (ConfUtils.java:logGet(44)) - raft.server.log.write.buffer.size = 1048576 (custom)
2021-10-29 00:42:51,287 [pool-220-thread-1] INFO  server.RaftServerConfigKeys (ConfUtils.java:logGet(44)) - raft.server.log.statemachine.data.caching.enabled = true (custom)
2021-10-29 00:42:51,289 [pool-220-thread-1] INFO  segmented.SegmentedRaftLogWorker (SegmentedRaftLogWorker.java:lambda$new$0(133)) - a1fdd0ef-804f-4835-9139-6ae2b6368b09@group-DA5E061A5C93-SegmentedRaftLogWorker: flushIndex: setUnconditionally 0 -> -1
2021-10-29 00:42:51,289 [pool-220-thread-1] INFO  segmented.SegmentedRaftLogWorker (SegmentedRaftLogWorker.java:lambda$new$0(133)) - a1fdd0ef-804f-4835-9139-6ae2b6368b09@group-DA5E061A5C93-SegmentedRaftLogWorker: safeCacheEvictIndex: setUnconditionally 0 -> -1
2021-10-29 00:42:51,289 [EventQueue-OpenPipelineForHealthyPipelineSafeModeRule] INFO  safemode.SCMSafeModeManager (HealthyPipelineSafeModeRule.java:process(124)) - SCM in safe mode. Healthy pipelines reported count is 0, required healthy pipeline reported count is 1
2021-10-29 00:42:51,289 [pool-220-thread-1] INFO  server.RaftServerConfigKeys (ConfUtils.java:logGet(44)) - raft.server.snapshot.auto.trigger.enabled = true (custom)
2021-10-29 00:42:51,289 [pool-220-thread-1] INFO  server.RaftServerConfigKeys (ConfUtils.java:logGet(44)) - raft.server.snapshot.auto.trigger.threshold = 10000 (custom)
2021-10-29 00:42:51,289 [pool-220-thread-1] INFO  server.RaftServerConfigKeys (ConfUtils.java:logGet(44)) - raft.server.snapshot.retention.file.num = 5 (custom)
2021-10-29 00:42:51,289 [pool-220-thread-1] INFO  server.RaftServerConfigKeys (ConfUtils.java:logGet(44)) - raft.server.log.purge.upto.snapshot.index = false (default)
2021-10-29 00:42:51,290 [pool-220-thread-1] INFO  server.RaftServerConfigKeys (ConfUtils.java:logGet(44)) - raft.server.retrycache.expirytime = 600000ms (custom)
2021-10-29 00:42:51,290 [pool-220-thread-1] INFO  server.RaftServerConfigKeys (ConfUtils.java:logGet(44)) - raft.server.retrycache.statistics.expirytime = 100μs (default)
2021-10-29 00:42:51,291 [pool-220-thread-1] INFO  server.RaftServer$Division (RaftServerImpl.java:start(301)) - a1fdd0ef-804f-4835-9139-6ae2b6368b09@group-DA5E061A5C93: start as a follower, conf=-1: [a1fdd0ef-804f-4835-9139-6ae2b6368b09|rpc:10.1.0.32:44367|priority:1], old=null
2021-10-29 00:42:51,291 [pool-220-thread-1] INFO  server.RaftServer$Division (RaftServerImpl.java:setRole(290)) - a1fdd0ef-804f-4835-9139-6ae2b6368b09@group-DA5E061A5C93: changes role from      null to FOLLOWER at term 0 for startAsFollower
2021-10-29 00:42:51,291 [pool-220-thread-1] INFO  impl.RoleInfo (RoleInfo.java:updateAndGet(130)) - a1fdd0ef-804f-4835-9139-6ae2b6368b09: start a1fdd0ef-804f-4835-9139-6ae2b6368b09@group-DA5E061A5C93-FollowerState
2021-10-29 00:42:51,292 [pool-220-thread-1] INFO  util.JmxRegister (JmxRegister.java:tryRegister(44)) - Successfully registered JMX Bean with object name Ratis:service=RaftServer,group=group-DA5E061A5C93,id=a1fdd0ef-804f-4835-9139-6ae2b6368b09
2021-10-29 00:42:51,292 [Command processor thread] INFO  ratis.XceiverServerRatis (XceiverServerRatis.java:addGroup(768)) - Created group PipelineID=b677ff41-cdec-45b5-a06c-da5e061a5c93
2021-10-29 00:42:51,292 [Command processor thread] INFO  commandhandler.CreatePipelineCommandHandler (CreatePipelineCommandHandler.java:handle(106)) - Created Pipeline RATIS ONE PipelineID=b677ff41-cdec-45b5-a06c-da5e061a5c93.
2021-10-29 00:42:51,293 [Command processor thread] INFO  server.RaftServer (RaftServerProxy.java:addNew(95)) - a1fdd0ef-804f-4835-9139-6ae2b6368b09: addNew group-5FB2BB80A63B:[a1fdd0ef-804f-4835-9139-6ae2b6368b09|rpc:10.1.0.32:44367|priority:1, 86c3d915-a4b4-4376-a03d-0cc30fc6f311|rpc:10.1.0.32:39439|priority:0, 192fc8dc-fdd7-42bb-8b0b-fd25934386bd|rpc:10.1.0.32:41821|priority:0] returns group-5FB2BB80A63B:java.util.concurrent.CompletableFuture@84faaa1[Not completed]
2021-10-29 00:42:51,293 [pool-220-thread-1] INFO  server.RaftServer$Division (RaftServerImpl.java:<init>(184)) - a1fdd0ef-804f-4835-9139-6ae2b6368b09: new RaftServerImpl for group-5FB2BB80A63B:[a1fdd0ef-804f-4835-9139-6ae2b6368b09|rpc:10.1.0.32:44367|priority:1, 86c3d915-a4b4-4376-a03d-0cc30fc6f311|rpc:10.1.0.32:39439|priority:0, 192fc8dc-fdd7-42bb-8b0b-fd25934386bd|rpc:10.1.0.32:41821|priority:0] with ContainerStateMachine:uninitialized
2021-10-29 00:42:51,294 [pool-220-thread-1] INFO  server.RaftServerConfigKeys (ConfUtils.java:logGet(44)) - raft.server.rpc.timeout.min = 5s (custom)
2021-10-29 00:42:51,294 [pool-220-thread-1] INFO  server.RaftServerConfigKeys (ConfUtils.java:logGet(44)) - raft.server.rpc.timeout.max = 5200ms (custom)
2021-10-29 00:42:51,294 [pool-220-thread-1] INFO  server.RaftServerConfigKeys (ConfUtils.java:logGet(44)) - raft.server.rpc.sleep.time = 25ms (default)
2021-10-29 00:42:51,294 [pool-220-thread-1] INFO  server.RaftServerConfigKeys (ConfUtils.java:logGet(44)) - raft.server.rpc.slowness.timeout = 300s (custom)
2021-10-29 00:42:51,294 [pool-220-thread-1] INFO  server.RaftServerConfigKeys (ConfUtils.java:logGet(44)) - raft.server.leaderelection.leader.step-down.wait-time = 10s (default)
2021-10-29 00:42:51,294 [pool-220-thread-1] INFO  server.RaftServerConfigKeys (ConfUtils.java:logGet(44)) - raft.server.sleep.deviation.threshold = 300ms (default)
2021-10-29 00:42:51,294 [pool-220-thread-1] INFO  server.RaftServerConfigKeys (ConfUtils.java:logGet(44)) - raft.server.log.appender.install.snapshot.enabled = false (custom)
2021-10-29 00:42:51,294 [pool-220-thread-1] INFO  server.RaftServer$Division (ServerState.java:<init>(105)) - a1fdd0ef-804f-4835-9139-6ae2b6368b09@group-5FB2BB80A63B: ConfigurationManager, init=-1: [a1fdd0ef-804f-4835-9139-6ae2b6368b09|rpc:10.1.0.32:44367|priority:1, 86c3d915-a4b4-4376-a03d-0cc30fc6f311|rpc:10.1.0.32:39439|priority:0, 192fc8dc-fdd7-42bb-8b0b-fd25934386bd|rpc:10.1.0.32:41821|priority:0], old=null, confs=<EMPTY_MAP>
2021-10-29 00:42:51,294 [pool-220-thread-1] INFO  server.RaftServerConfigKeys (ConfUtils.java:logGet(44)) - raft.server.storage.dir = [/home/runner/work/ozone/ozone/hadoop-ozone/integration-test/target/test-dir/MiniOzoneClusterImpl-5f5ad6f1-7ccc-43e5-92d9-031f7ba6440e/datanode-0/data/ratis] (custom)
2021-10-29 00:42:51,294 [pool-220-thread-1] INFO  server.RaftServerConfigKeys (ConfUtils.java:logGet(44)) - raft.server.log.corruption.policy = EXCEPTION (default)
2021-10-29 00:42:51,294 [pool-220-thread-1] INFO  server.RaftServerConfigKeys (ConfUtils.java:logGet(44)) - raft.server.storage.free-space.min = 0MB (=0) (default)
2021-10-29 00:42:51,294 [pool-220-thread-1] INFO  storage.RaftStorageDirectory (RaftStorageDirectoryImpl.java:analyzeStorage(135)) - The storage directory /home/runner/work/ozone/ozone/hadoop-ozone/integration-test/target/test-dir/MiniOzoneClusterImpl-5f5ad6f1-7ccc-43e5-92d9-031f7ba6440e/datanode-0/data/ratis/1626fdde-65f3-4dbf-b303-5fb2bb80a63b does not exist. Creating ...
2021-10-29 00:42:51,296 [pool-220-thread-1] INFO  storage.RaftStorageDirectory (RaftStorageDirectoryImpl.java:tryLock(230)) - Lock on /home/runner/work/ozone/ozone/hadoop-ozone/integration-test/target/test-dir/MiniOzoneClusterImpl-5f5ad6f1-7ccc-43e5-92d9-031f7ba6440e/datanode-0/data/ratis/1626fdde-65f3-4dbf-b303-5fb2bb80a63b/in_use.lock acquired by nodename 21509@fv-az291-161
2021-10-29 00:42:51,297 [pool-220-thread-1] INFO  storage.RaftStorage (RaftStorageImpl.java:format(89)) - Storage directory /home/runner/work/ozone/ozone/hadoop-ozone/integration-test/target/test-dir/MiniOzoneClusterImpl-5f5ad6f1-7ccc-43e5-92d9-031f7ba6440e/datanode-0/data/ratis/1626fdde-65f3-4dbf-b303-5fb2bb80a63b has been successfully formatted.
2021-10-29 00:42:51,299 [EventQueue-OpenPipelineForHealthyPipelineSafeModeRule] INFO  safemode.SCMSafeModeManager (HealthyPipelineSafeModeRule.java:process(124)) - SCM in safe mode. Healthy pipelines reported count is 0, required healthy pipeline reported count is 1
2021-10-29 00:42:51,299 [pool-220-thread-1] INFO  ratis.ContainerStateMachine (ContainerStateMachine.java:loadSnapshot(224)) - group-5FB2BB80A63B: The snapshot info is null. Setting the last applied indexto:(t:0, i:~)
2021-10-29 00:42:51,299 [pool-220-thread-1] INFO  server.RaftServerConfigKeys (ConfUtils.java:logGet(44)) - raft.server.notification.no-leader.timeout = 300s (custom)
2021-10-29 00:42:51,299 [pool-220-thread-1] INFO  server.RaftServerConfigKeys (ConfUtils.java:logGet(44)) - raft.server.log.use.memory = false (default)
2021-10-29 00:42:51,299 [pool-220-thread-1] INFO  server.RaftServerConfigKeys (ConfUtils.java:logGet(44)) - raft.server.log.purge.gap = 1000000 (custom)
2021-10-29 00:42:51,299 [pool-220-thread-1] INFO  server.RaftServerConfigKeys (ConfUtils.java:logGet(44)) - raft.server.log.appender.buffer.byte-limit = 33554432 (custom)
2021-10-29 00:42:51,300 [pool-220-thread-1] INFO  server.RaftServerConfigKeys (ConfUtils.java:logGet(44)) - raft.server.log.segment.size.max = 1048576 (custom)
2021-10-29 00:42:51,300 [pool-220-thread-1] INFO  server.RaftServerConfigKeys (ConfUtils.java:logGet(44)) - raft.server.log.segment.cache.num.max = 2 (custom)
2021-10-29 00:42:51,300 [pool-220-thread-1] INFO  server.RaftServerConfigKeys (ConfUtils.java:logGet(44)) - raft.server.log.segment.cache.size.max = 200MB (=209715200) (default)
2021-10-29 00:42:51,301 [pool-220-thread-1] INFO  segmented.SegmentedRaftLogWorker (SegmentedRaftLogWorker.java:<init>(182)) - new a1fdd0ef-804f-4835-9139-6ae2b6368b09@group-5FB2BB80A63B-SegmentedRaftLogWorker for RaftStorageImpl:Storage Directory /home/runner/work/ozone/ozone/hadoop-ozone/integration-test/target/test-dir/MiniOzoneClusterImpl-5f5ad6f1-7ccc-43e5-92d9-031f7ba6440e/datanode-0/data/ratis/1626fdde-65f3-4dbf-b303-5fb2bb80a63b
2021-10-29 00:42:51,301 [pool-220-thread-1] INFO  server.RaftServerConfigKeys (ConfUtils.java:logGet(44)) - raft.server.log.queue.byte-limit = 2147483647 (custom)
2021-10-29 00:42:51,301 [pool-220-thread-1] INFO  server.RaftServerConfigKeys (ConfUtils.java:logGet(44)) - raft.server.log.queue.element-limit = 1024 (custom)
2021-10-29 00:42:51,301 [pool-220-thread-1] INFO  server.RaftServerConfigKeys (ConfUtils.java:logGet(44)) - raft.server.log.segment.size.max = 1048576 (custom)
2021-10-29 00:42:51,301 [pool-220-thread-1] INFO  server.RaftServerConfigKeys (ConfUtils.java:logGet(44)) - raft.server.log.preallocated.size = 16384 (custom)
2021-10-29 00:42:51,301 [pool-220-thread-1] INFO  server.RaftServerConfigKeys (ConfUtils.java:logGet(44)) - raft.server.log.force.sync.num = 128 (default)
2021-10-29 00:42:51,301 [pool-220-thread-1] INFO  server.RaftServerConfigKeys (ConfUtils.java:logGet(44)) - raft.server.log.statemachine.data.sync = true (default)
2021-10-29 00:42:51,301 [pool-220-thread-1] INFO  server.RaftServerConfigKeys (ConfUtils.java:logGet(44)) - raft.server.log.statemachine.data.sync.timeout = 10s (default)
2021-10-29 00:42:51,301 [pool-220-thread-1] INFO  server.RaftServerConfigKeys (ConfUtils.java:logGet(44)) - raft.server.log.statemachine.data.sync.timeout.retry = -1 (default)
2021-10-29 00:42:51,302 [pool-220-thread-1] INFO  server.RaftServerConfigKeys (ConfUtils.java:logGet(44)) - raft.server.log.write.buffer.size = 1048576 (custom)
2021-10-29 00:42:51,303 [pool-220-thread-1] INFO  server.RaftServerConfigKeys (ConfUtils.java:logGet(44)) - raft.server.log.statemachine.data.caching.enabled = true (custom)
2021-10-29 00:42:51,303 [pool-220-thread-1] INFO  segmented.SegmentedRaftLogWorker (SegmentedRaftLogWorker.java:lambda$new$0(133)) - a1fdd0ef-804f-4835-9139-6ae2b6368b09@group-5FB2BB80A63B-SegmentedRaftLogWorker: flushIndex: setUnconditionally 0 -> -1
2021-10-29 00:42:51,303 [pool-220-thread-1] INFO  segmented.SegmentedRaftLogWorker (SegmentedRaftLogWorker.java:lambda$new$0(133)) - a1fdd0ef-804f-4835-9139-6ae2b6368b09@group-5FB2BB80A63B-SegmentedRaftLogWorker: safeCacheEvictIndex: setUnconditionally 0 -> -1
2021-10-29 00:42:51,303 [pool-220-thread-1] INFO  server.RaftServerConfigKeys (ConfUtils.java:logGet(44)) - raft.server.snapshot.auto.trigger.enabled = true (custom)
2021-10-29 00:42:51,303 [pool-220-thread-1] INFO  server.RaftServerConfigKeys (ConfUtils.java:logGet(44)) - raft.server.snapshot.auto.trigger.threshold = 10000 (custom)
2021-10-29 00:42:51,303 [pool-220-thread-1] INFO  server.RaftServerConfigKeys (ConfUtils.java:logGet(44)) - raft.server.snapshot.retention.file.num = 5 (custom)
2021-10-29 00:42:51,303 [pool-220-thread-1] INFO  server.RaftServerConfigKeys (ConfUtils.java:logGet(44)) - raft.server.log.purge.upto.snapshot.index = false (default)
2021-10-29 00:42:51,304 [pool-220-thread-1] INFO  server.RaftServerConfigKeys (ConfUtils.java:logGet(44)) - raft.server.retrycache.expirytime = 600000ms (custom)
2021-10-29 00:42:51,304 [pool-220-thread-1] INFO  server.RaftServerConfigKeys (ConfUtils.java:logGet(44)) - raft.server.retrycache.statistics.expirytime = 100μs (default)
2021-10-29 00:42:51,305 [pool-220-thread-1] INFO  server.RaftServer$Division (RaftServerImpl.java:start(301)) - a1fdd0ef-804f-4835-9139-6ae2b6368b09@group-5FB2BB80A63B: start as a follower, conf=-1: [a1fdd0ef-804f-4835-9139-6ae2b6368b09|rpc:10.1.0.32:44367|priority:1, 86c3d915-a4b4-4376-a03d-0cc30fc6f311|rpc:10.1.0.32:39439|priority:0, 192fc8dc-fdd7-42bb-8b0b-fd25934386bd|rpc:10.1.0.32:41821|priority:0], old=null
2021-10-29 00:42:51,305 [pool-220-thread-1] INFO  server.RaftServer$Division (RaftServerImpl.java:setRole(290)) - a1fdd0ef-804f-4835-9139-6ae2b6368b09@group-5FB2BB80A63B: changes role from      null to FOLLOWER at term 0 for startAsFollower
2021-10-29 00:42:51,305 [pool-220-thread-1] INFO  impl.RoleInfo (RoleInfo.java:updateAndGet(130)) - a1fdd0ef-804f-4835-9139-6ae2b6368b09: start a1fdd0ef-804f-4835-9139-6ae2b6368b09@group-5FB2BB80A63B-FollowerState
2021-10-29 00:42:51,308 [pool-220-thread-1] INFO  util.JmxRegister (JmxRegister.java:tryRegister(44)) - Successfully registered JMX Bean with object name Ratis:service=RaftServer,group=group-5FB2BB80A63B,id=a1fdd0ef-804f-4835-9139-6ae2b6368b09
2021-10-29 00:42:51,308 [Command processor thread] INFO  ratis.XceiverServerRatis (XceiverServerRatis.java:addGroup(768)) - Created group PipelineID=1626fdde-65f3-4dbf-b303-5fb2bb80a63b
2021-10-29 00:42:51,319 [grpc-default-executor-3] INFO  server.RaftServer (RaftServerProxy.java:addNew(95)) - 86c3d915-a4b4-4376-a03d-0cc30fc6f311: addNew group-5FB2BB80A63B:[a1fdd0ef-804f-4835-9139-6ae2b6368b09|rpc:10.1.0.32:44367|dataStream:|priority:1, 86c3d915-a4b4-4376-a03d-0cc30fc6f311|rpc:10.1.0.32:39439|dataStream:|priority:0, 192fc8dc-fdd7-42bb-8b0b-fd25934386bd|rpc:10.1.0.32:41821|dataStream:|priority:0] returns group-5FB2BB80A63B:java.util.concurrent.CompletableFuture@2b50a886[Not completed]
2021-10-29 00:42:51,320 [pool-251-thread-1] INFO  server.RaftServer$Division (RaftServerImpl.java:<init>(184)) - 86c3d915-a4b4-4376-a03d-0cc30fc6f311: new RaftServerImpl for group-5FB2BB80A63B:[a1fdd0ef-804f-4835-9139-6ae2b6368b09|rpc:10.1.0.32:44367|dataStream:|priority:1, 86c3d915-a4b4-4376-a03d-0cc30fc6f311|rpc:10.1.0.32:39439|dataStream:|priority:0, 192fc8dc-fdd7-42bb-8b0b-fd25934386bd|rpc:10.1.0.32:41821|dataStream:|priority:0] with ContainerStateMachine:uninitialized
2021-10-29 00:42:51,324 [pool-251-thread-1] INFO  server.RaftServerConfigKeys (ConfUtils.java:logGet(44)) - raft.server.rpc.timeout.min = 5s (custom)
2021-10-29 00:42:51,324 [pool-251-thread-1] INFO  server.RaftServerConfigKeys (ConfUtils.java:logGet(44)) - raft.server.rpc.timeout.max = 5200ms (custom)
2021-10-29 00:42:51,324 [pool-251-thread-1] INFO  server.RaftServerConfigKeys (ConfUtils.java:logGet(44)) - raft.server.rpc.sleep.time = 25ms (default)
2021-10-29 00:42:51,324 [pool-251-thread-1] INFO  server.RaftServerConfigKeys (ConfUtils.java:logGet(44)) - raft.server.rpc.slowness.timeout = 300s (custom)
2021-10-29 00:42:51,324 [pool-251-thread-1] INFO  server.RaftServerConfigKeys (ConfUtils.java:logGet(44)) - raft.server.leaderelection.leader.step-down.wait-time = 10s (default)
2021-10-29 00:42:51,324 [pool-251-thread-1] INFO  server.RaftServerConfigKeys (ConfUtils.java:logGet(44)) - raft.server.sleep.deviation.threshold = 300ms (default)
2021-10-29 00:42:51,324 [pool-251-thread-1] INFO  server.RaftServerConfigKeys (ConfUtils.java:logGet(44)) - raft.server.log.appender.install.snapshot.enabled = false (custom)
2021-10-29 00:42:51,324 [pool-251-thread-1] INFO  server.RaftServer$Division (ServerState.java:<init>(105)) - 86c3d915-a4b4-4376-a03d-0cc30fc6f311@group-5FB2BB80A63B: ConfigurationManager, init=-1: [a1fdd0ef-804f-4835-9139-6ae2b6368b09|rpc:10.1.0.32:44367|dataStream:|priority:1, 86c3d915-a4b4-4376-a03d-0cc30fc6f311|rpc:10.1.0.32:39439|dataStream:|priority:0, 192fc8dc-fdd7-42bb-8b0b-fd25934386bd|rpc:10.1.0.32:41821|dataStream:|priority:0], old=null, confs=<EMPTY_MAP>
2021-10-29 00:42:51,324 [pool-251-thread-1] INFO  server.RaftServerConfigKeys (ConfUtils.java:logGet(44)) - raft.server.storage.dir = [/home/runner/work/ozone/ozone/hadoop-ozone/integration-test/target/test-dir/MiniOzoneClusterImpl-5f5ad6f1-7ccc-43e5-92d9-031f7ba6440e/datanode-1/data/ratis] (custom)
2021-10-29 00:42:51,325 [pool-251-thread-1] INFO  server.RaftServerConfigKeys (ConfUtils.java:logGet(44)) - raft.server.log.corruption.policy = EXCEPTION (default)
2021-10-29 00:42:51,325 [pool-251-thread-1] INFO  server.RaftServerConfigKeys (ConfUtils.java:logGet(44)) - raft.server.storage.free-space.min = 0MB (=0) (default)
2021-10-29 00:42:51,325 [pool-251-thread-1] INFO  storage.RaftStorageDirectory (RaftStorageDirectoryImpl.java:analyzeStorage(135)) - The storage directory /home/runner/work/ozone/ozone/hadoop-ozone/integration-test/target/test-dir/MiniOzoneClusterImpl-5f5ad6f1-7ccc-43e5-92d9-031f7ba6440e/datanode-1/data/ratis/1626fdde-65f3-4dbf-b303-5fb2bb80a63b does not exist. Creating ...
2021-10-29 00:42:51,327 [pool-251-thread-1] INFO  storage.RaftStorageDirectory (RaftStorageDirectoryImpl.java:tryLock(230)) - Lock on /home/runner/work/ozone/ozone/hadoop-ozone/integration-test/target/test-dir/MiniOzoneClusterImpl-5f5ad6f1-7ccc-43e5-92d9-031f7ba6440e/datanode-1/data/ratis/1626fdde-65f3-4dbf-b303-5fb2bb80a63b/in_use.lock acquired by nodename 21509@fv-az291-161
2021-10-29 00:42:51,330 [pool-251-thread-1] INFO  storage.RaftStorage (RaftStorageImpl.java:format(89)) - Storage directory /home/runner/work/ozone/ozone/hadoop-ozone/integration-test/target/test-dir/MiniOzoneClusterImpl-5f5ad6f1-7ccc-43e5-92d9-031f7ba6440e/datanode-1/data/ratis/1626fdde-65f3-4dbf-b303-5fb2bb80a63b has been successfully formatted.
2021-10-29 00:42:51,336 [pool-251-thread-1] INFO  ratis.ContainerStateMachine (ContainerStateMachine.java:loadSnapshot(224)) - group-5FB2BB80A63B: The snapshot info is null. Setting the last applied indexto:(t:0, i:~)
2021-10-29 00:42:51,336 [pool-251-thread-1] INFO  server.RaftServerConfigKeys (ConfUtils.java:logGet(44)) - raft.server.notification.no-leader.timeout = 300s (custom)
2021-10-29 00:42:51,336 [pool-251-thread-1] INFO  server.RaftServerConfigKeys (ConfUtils.java:logGet(44)) - raft.server.log.use.memory = false (default)
2021-10-29 00:42:51,336 [pool-251-thread-1] INFO  server.RaftServerConfigKeys (ConfUtils.java:logGet(44)) - raft.server.log.purge.gap = 1000000 (custom)
2021-10-29 00:42:51,336 [pool-251-thread-1] INFO  server.RaftServerConfigKeys (ConfUtils.java:logGet(44)) - raft.server.log.appender.buffer.byte-limit = 33554432 (custom)
2021-10-29 00:42:51,339 [pool-251-thread-1] INFO  server.RaftServerConfigKeys (ConfUtils.java:logGet(44)) - raft.server.log.segment.size.max = 1048576 (custom)
2021-10-29 00:42:51,340 [pool-251-thread-1] INFO  server.RaftServerConfigKeys (ConfUtils.java:logGet(44)) - raft.server.log.segment.cache.num.max = 2 (custom)
2021-10-29 00:42:51,344 [pool-251-thread-1] INFO  server.RaftServerConfigKeys (ConfUtils.java:logGet(44)) - raft.server.log.segment.cache.size.max = 200MB (=209715200) (default)
2021-10-29 00:42:51,344 [pool-251-thread-1] INFO  segmented.SegmentedRaftLogWorker (SegmentedRaftLogWorker.java:<init>(182)) - new 86c3d915-a4b4-4376-a03d-0cc30fc6f311@group-5FB2BB80A63B-SegmentedRaftLogWorker for RaftStorageImpl:Storage Directory /home/runner/work/ozone/ozone/hadoop-ozone/integration-test/target/test-dir/MiniOzoneClusterImpl-5f5ad6f1-7ccc-43e5-92d9-031f7ba6440e/datanode-1/data/ratis/1626fdde-65f3-4dbf-b303-5fb2bb80a63b
2021-10-29 00:42:51,344 [pool-251-thread-1] INFO  server.RaftServerConfigKeys (ConfUtils.java:logGet(44)) - raft.server.log.queue.byte-limit = 2147483647 (custom)
2021-10-29 00:42:51,344 [pool-251-thread-1] INFO  server.RaftServerConfigKeys (ConfUtils.java:logGet(44)) - raft.server.log.queue.element-limit = 1024 (custom)
2021-10-29 00:42:51,344 [pool-251-thread-1] INFO  server.RaftServerConfigKeys (ConfUtils.java:logGet(44)) - raft.server.log.segment.size.max = 1048576 (custom)
2021-10-29 00:42:51,344 [pool-251-thread-1] INFO  server.RaftServerConfigKeys (ConfUtils.java:logGet(44)) - raft.server.log.preallocated.size = 16384 (custom)
2021-10-29 00:42:51,344 [pool-251-thread-1] INFO  server.RaftServerConfigKeys (ConfUtils.java:logGet(44)) - raft.server.log.force.sync.num = 128 (default)
2021-10-29 00:42:51,345 [pool-251-thread-1] INFO  server.RaftServerConfigKeys (ConfUtils.java:logGet(44)) - raft.server.log.statemachine.data.sync = true (default)
2021-10-29 00:42:51,345 [pool-251-thread-1] INFO  server.RaftServerConfigKeys (ConfUtils.java:logGet(44)) - raft.server.log.statemachine.data.sync.timeout = 10s (default)
2021-10-29 00:42:51,345 [pool-251-thread-1] INFO  server.RaftServerConfigKeys (ConfUtils.java:logGet(44)) - raft.server.log.statemachine.data.sync.timeout.retry = -1 (default)
2021-10-29 00:42:51,346 [pool-251-thread-1] INFO  server.RaftServerConfigKeys (ConfUtils.java:logGet(44)) - raft.server.log.write.buffer.size = 1048576 (custom)
2021-10-29 00:42:51,347 [pool-251-thread-1] INFO  server.RaftServerConfigKeys (ConfUtils.java:logGet(44)) - raft.server.log.statemachine.data.caching.enabled = true (custom)
2021-10-29 00:42:51,347 [pool-251-thread-1] INFO  segmented.SegmentedRaftLogWorker (SegmentedRaftLogWorker.java:lambda$new$0(133)) - 86c3d915-a4b4-4376-a03d-0cc30fc6f311@group-5FB2BB80A63B-SegmentedRaftLogWorker: flushIndex: setUnconditionally 0 -> -1
2021-10-29 00:42:51,347 [pool-251-thread-1] INFO  segmented.SegmentedRaftLogWorker (SegmentedRaftLogWorker.java:lambda$new$0(133)) - 86c3d915-a4b4-4376-a03d-0cc30fc6f311@group-5FB2BB80A63B-SegmentedRaftLogWorker: safeCacheEvictIndex: setUnconditionally 0 -> -1
2021-10-29 00:42:51,348 [pool-251-thread-1] INFO  server.RaftServerConfigKeys (ConfUtils.java:logGet(44)) - raft.server.snapshot.auto.trigger.enabled = true (custom)
2021-10-29 00:42:51,348 [pool-251-thread-1] INFO  server.RaftServerConfigKeys (ConfUtils.java:logGet(44)) - raft.server.snapshot.auto.trigger.threshold = 10000 (custom)
2021-10-29 00:42:51,348 [pool-251-thread-1] INFO  server.RaftServerConfigKeys (ConfUtils.java:logGet(44)) - raft.server.snapshot.retention.file.num = 5 (custom)
2021-10-29 00:42:51,348 [pool-251-thread-1] INFO  server.RaftServerConfigKeys (ConfUtils.java:logGet(44)) - raft.server.log.purge.upto.snapshot.index = false (default)
2021-10-29 00:42:51,348 [pool-251-thread-1] INFO  server.RaftServerConfigKeys (ConfUtils.java:logGet(44)) - raft.server.retrycache.expirytime = 600000ms (custom)
2021-10-29 00:42:51,348 [pool-251-thread-1] INFO  server.RaftServerConfigKeys (ConfUtils.java:logGet(44)) - raft.server.retrycache.statistics.expirytime = 100μs (default)
2021-10-29 00:42:51,349 [pool-251-thread-1] INFO  server.RaftServer$Division (RaftServerImpl.java:start(301)) - 86c3d915-a4b4-4376-a03d-0cc30fc6f311@group-5FB2BB80A63B: start as a follower, conf=-1: [a1fdd0ef-804f-4835-9139-6ae2b6368b09|rpc:10.1.0.32:44367|dataStream:|priority:1, 86c3d915-a4b4-4376-a03d-0cc30fc6f311|rpc:10.1.0.32:39439|dataStream:|priority:0, 192fc8dc-fdd7-42bb-8b0b-fd25934386bd|rpc:10.1.0.32:41821|dataStream:|priority:0], old=null
2021-10-29 00:42:51,349 [pool-251-thread-1] INFO  server.RaftServer$Division (RaftServerImpl.java:setRole(290)) - 86c3d915-a4b4-4376-a03d-0cc30fc6f311@group-5FB2BB80A63B: changes role from      null to FOLLOWER at term 0 for startAsFollower
2021-10-29 00:42:51,350 [pool-251-thread-1] INFO  impl.RoleInfo (RoleInfo.java:updateAndGet(130)) - 86c3d915-a4b4-4376-a03d-0cc30fc6f311: start 86c3d915-a4b4-4376-a03d-0cc30fc6f311@group-5FB2BB80A63B-FollowerState
2021-10-29 00:42:51,352 [pool-251-thread-1] INFO  util.JmxRegister (JmxRegister.java:tryRegister(44)) - Successfully registered JMX Bean with object name Ratis:service=RaftServer,group=group-5FB2BB80A63B,id=86c3d915-a4b4-4376-a03d-0cc30fc6f311
2021-10-29 00:42:51,377 [grpc-default-executor-3] INFO  server.RaftServer (RaftServerProxy.java:addNew(95)) - 192fc8dc-fdd7-42bb-8b0b-fd25934386bd: addNew group-5FB2BB80A63B:[a1fdd0ef-804f-4835-9139-6ae2b6368b09|rpc:10.1.0.32:44367|dataStream:|priority:1, 86c3d915-a4b4-4376-a03d-0cc30fc6f311|rpc:10.1.0.32:39439|dataStream:|priority:0, 192fc8dc-fdd7-42bb-8b0b-fd25934386bd|rpc:10.1.0.32:41821|dataStream:|priority:0] returns group-5FB2BB80A63B:java.util.concurrent.CompletableFuture@2788f9ec[Not completed]
2021-10-29 00:42:51,378 [pool-288-thread-1] INFO  server.RaftServer$Division (RaftServerImpl.java:<init>(184)) - 192fc8dc-fdd7-42bb-8b0b-fd25934386bd: new RaftServerImpl for group-5FB2BB80A63B:[a1fdd0ef-804f-4835-9139-6ae2b6368b09|rpc:10.1.0.32:44367|dataStream:|priority:1, 86c3d915-a4b4-4376-a03d-0cc30fc6f311|rpc:10.1.0.32:39439|dataStream:|priority:0, 192fc8dc-fdd7-42bb-8b0b-fd25934386bd|rpc:10.1.0.32:41821|dataStream:|priority:0] with ContainerStateMachine:uninitialized
2021-10-29 00:42:51,381 [pool-288-thread-1] INFO  server.RaftServerConfigKeys (ConfUtils.java:logGet(44)) - raft.server.rpc.timeout.min = 5s (custom)
2021-10-29 00:42:51,381 [pool-288-thread-1] INFO  server.RaftServerConfigKeys (ConfUtils.java:logGet(44)) - raft.server.rpc.timeout.max = 5200ms (custom)
2021-10-29 00:42:51,381 [pool-288-thread-1] INFO  server.RaftServerConfigKeys (ConfUtils.java:logGet(44)) - raft.server.rpc.sleep.time = 25ms (default)
2021-10-29 00:42:51,381 [pool-288-thread-1] INFO  server.RaftServerConfigKeys (ConfUtils.java:logGet(44)) - raft.server.rpc.slowness.timeout = 300s (custom)
2021-10-29 00:42:51,381 [pool-288-thread-1] INFO  server.RaftServerConfigKeys (ConfUtils.java:logGet(44)) - raft.server.leaderelection.leader.step-down.wait-time = 10s (default)
2021-10-29 00:42:51,381 [pool-288-thread-1] INFO  server.RaftServerConfigKeys (ConfUtils.java:logGet(44)) - raft.server.sleep.deviation.threshold = 300ms (default)
2021-10-29 00:42:51,381 [pool-288-thread-1] INFO  server.RaftServerConfigKeys (ConfUtils.java:logGet(44)) - raft.server.log.appender.install.snapshot.enabled = false (custom)
2021-10-29 00:42:51,382 [pool-288-thread-1] INFO  server.RaftServer$Division (ServerState.java:<init>(105)) - 192fc8dc-fdd7-42bb-8b0b-fd25934386bd@group-5FB2BB80A63B: ConfigurationManager, init=-1: [a1fdd0ef-804f-4835-9139-6ae2b6368b09|rpc:10.1.0.32:44367|dataStream:|priority:1, 86c3d915-a4b4-4376-a03d-0cc30fc6f311|rpc:10.1.0.32:39439|dataStream:|priority:0, 192fc8dc-fdd7-42bb-8b0b-fd25934386bd|rpc:10.1.0.32:41821|dataStream:|priority:0], old=null, confs=<EMPTY_MAP>
2021-10-29 00:42:51,382 [pool-288-thread-1] INFO  server.RaftServerConfigKeys (ConfUtils.java:logGet(44)) - raft.server.storage.dir = [/home/runner/work/ozone/ozone/hadoop-ozone/integration-test/target/test-dir/MiniOzoneClusterImpl-5f5ad6f1-7ccc-43e5-92d9-031f7ba6440e/datanode-2/data/ratis] (custom)
2021-10-29 00:42:51,382 [pool-288-thread-1] INFO  server.RaftServerConfigKeys (ConfUtils.java:logGet(44)) - raft.server.log.corruption.policy = EXCEPTION (default)
2021-10-29 00:42:51,382 [pool-288-thread-1] INFO  server.RaftServerConfigKeys (ConfUtils.java:logGet(44)) - raft.server.storage.free-space.min = 0MB (=0) (default)
2021-10-29 00:42:51,382 [pool-288-thread-1] INFO  storage.RaftStorageDirectory (RaftStorageDirectoryImpl.java:analyzeStorage(135)) - The storage directory /home/runner/work/ozone/ozone/hadoop-ozone/integration-test/target/test-dir/MiniOzoneClusterImpl-5f5ad6f1-7ccc-43e5-92d9-031f7ba6440e/datanode-2/data/ratis/1626fdde-65f3-4dbf-b303-5fb2bb80a63b does not exist. Creating ...
2021-10-29 00:42:51,386 [pool-288-thread-1] INFO  storage.RaftStorageDirectory (RaftStorageDirectoryImpl.java:tryLock(230)) - Lock on /home/runner/work/ozone/ozone/hadoop-ozone/integration-test/target/test-dir/MiniOzoneClusterImpl-5f5ad6f1-7ccc-43e5-92d9-031f7ba6440e/datanode-2/data/ratis/1626fdde-65f3-4dbf-b303-5fb2bb80a63b/in_use.lock acquired by nodename 21509@fv-az291-161
2021-10-29 00:42:51,387 [pool-288-thread-1] INFO  storage.RaftStorage (RaftStorageImpl.java:format(89)) - Storage directory /home/runner/work/ozone/ozone/hadoop-ozone/integration-test/target/test-dir/MiniOzoneClusterImpl-5f5ad6f1-7ccc-43e5-92d9-031f7ba6440e/datanode-2/data/ratis/1626fdde-65f3-4dbf-b303-5fb2bb80a63b has been successfully formatted.
2021-10-29 00:42:51,388 [pool-288-thread-1] INFO  ratis.ContainerStateMachine (ContainerStateMachine.java:loadSnapshot(224)) - group-5FB2BB80A63B: The snapshot info is null. Setting the last applied indexto:(t:0, i:~)
2021-10-29 00:42:51,388 [pool-288-thread-1] INFO  server.RaftServerConfigKeys (ConfUtils.java:logGet(44)) - raft.server.notification.no-leader.timeout = 300s (custom)
2021-10-29 00:42:51,389 [pool-288-thread-1] INFO  server.RaftServerConfigKeys (ConfUtils.java:logGet(44)) - raft.server.log.use.memory = false (default)
2021-10-29 00:42:51,389 [pool-288-thread-1] INFO  server.RaftServerConfigKeys (ConfUtils.java:logGet(44)) - raft.server.log.purge.gap = 1000000 (custom)
2021-10-29 00:42:51,389 [pool-288-thread-1] INFO  server.RaftServerConfigKeys (ConfUtils.java:logGet(44)) - raft.server.log.appender.buffer.byte-limit = 33554432 (custom)
2021-10-29 00:42:51,390 [pool-288-thread-1] INFO  server.RaftServerConfigKeys (ConfUtils.java:logGet(44)) - raft.server.log.segment.size.max = 1048576 (custom)
2021-10-29 00:42:51,390 [pool-288-thread-1] INFO  server.RaftServerConfigKeys (ConfUtils.java:logGet(44)) - raft.server.log.segment.cache.num.max = 2 (custom)
2021-10-29 00:42:51,391 [pool-288-thread-1] INFO  server.RaftServerConfigKeys (ConfUtils.java:logGet(44)) - raft.server.log.segment.cache.size.max = 200MB (=209715200) (default)
2021-10-29 00:42:51,391 [pool-288-thread-1] INFO  segmented.SegmentedRaftLogWorker (SegmentedRaftLogWorker.java:<init>(182)) - new 192fc8dc-fdd7-42bb-8b0b-fd25934386bd@group-5FB2BB80A63B-SegmentedRaftLogWorker for RaftStorageImpl:Storage Directory /home/runner/work/ozone/ozone/hadoop-ozone/integration-test/target/test-dir/MiniOzoneClusterImpl-5f5ad6f1-7ccc-43e5-92d9-031f7ba6440e/datanode-2/data/ratis/1626fdde-65f3-4dbf-b303-5fb2bb80a63b
2021-10-29 00:42:51,391 [pool-288-thread-1] INFO  server.RaftServerConfigKeys (ConfUtils.java:logGet(44)) - raft.server.log.queue.byte-limit = 2147483647 (custom)
2021-10-29 00:42:51,391 [pool-288-thread-1] INFO  server.RaftServerConfigKeys (ConfUtils.java:logGet(44)) - raft.server.log.queue.element-limit = 1024 (custom)
2021-10-29 00:42:51,391 [pool-288-thread-1] INFO  server.RaftServerConfigKeys (ConfUtils.java:logGet(44)) - raft.server.log.segment.size.max = 1048576 (custom)
2021-10-29 00:42:51,391 [pool-288-thread-1] INFO  server.RaftServerConfigKeys (ConfUtils.java:logGet(44)) - raft.server.log.preallocated.size = 16384 (custom)
2021-10-29 00:42:51,391 [pool-288-thread-1] INFO  server.RaftServerConfigKeys (ConfUtils.java:logGet(44)) - raft.server.log.force.sync.num = 128 (default)
2021-10-29 00:42:51,391 [pool-288-thread-1] INFO  server.RaftServerConfigKeys (ConfUtils.java:logGet(44)) - raft.server.log.statemachine.data.sync = true (default)
2021-10-29 00:42:51,391 [pool-288-thread-1] INFO  server.RaftServerConfigKeys (ConfUtils.java:logGet(44)) - raft.server.log.statemachine.data.sync.timeout = 10s (default)
2021-10-29 00:42:51,392 [pool-288-thread-1] INFO  server.RaftServerConfigKeys (ConfUtils.java:logGet(44)) - raft.server.log.statemachine.data.sync.timeout.retry = -1 (default)
2021-10-29 00:42:51,396 [pool-288-thread-1] INFO  server.RaftServerConfigKeys (ConfUtils.java:logGet(44)) - raft.server.log.write.buffer.size = 1048576 (custom)
2021-10-29 00:42:51,396 [pool-288-thread-1] INFO  server.RaftServerConfigKeys (ConfUtils.java:logGet(44)) - raft.server.log.statemachine.data.caching.enabled = true (custom)
2021-10-29 00:42:51,396 [pool-288-thread-1] INFO  segmented.SegmentedRaftLogWorker (SegmentedRaftLogWorker.java:lambda$new$0(133)) - 192fc8dc-fdd7-42bb-8b0b-fd25934386bd@group-5FB2BB80A63B-SegmentedRaftLogWorker: flushIndex: setUnconditionally 0 -> -1
2021-10-29 00:42:51,396 [pool-288-thread-1] INFO  segmented.SegmentedRaftLogWorker (SegmentedRaftLogWorker.java:lambda$new$0(133)) - 192fc8dc-fdd7-42bb-8b0b-fd25934386bd@group-5FB2BB80A63B-SegmentedRaftLogWorker: safeCacheEvictIndex: setUnconditionally 0 -> -1
2021-10-29 00:42:51,397 [pool-288-thread-1] INFO  server.RaftServerConfigKeys (ConfUtils.java:logGet(44)) - raft.server.snapshot.auto.trigger.enabled = true (custom)
2021-10-29 00:42:51,397 [pool-288-thread-1] INFO  server.RaftServerConfigKeys (ConfUtils.java:logGet(44)) - raft.server.snapshot.auto.trigger.threshold = 10000 (custom)
2021-10-29 00:42:51,397 [pool-288-thread-1] INFO  server.RaftServerConfigKeys (ConfUtils.java:logGet(44)) - raft.server.snapshot.retention.file.num = 5 (custom)
2021-10-29 00:42:51,397 [pool-288-thread-1] INFO  server.RaftServerConfigKeys (ConfUtils.java:logGet(44)) - raft.server.log.purge.upto.snapshot.index = false (default)
2021-10-29 00:42:51,397 [pool-288-thread-1] INFO  server.RaftServerConfigKeys (ConfUtils.java:logGet(44)) - raft.server.retrycache.expirytime = 600000ms (custom)
2021-10-29 00:42:51,397 [pool-288-thread-1] INFO  server.RaftServerConfigKeys (ConfUtils.java:logGet(44)) - raft.server.retrycache.statistics.expirytime = 100μs (default)
2021-10-29 00:42:51,398 [pool-288-thread-1] INFO  server.RaftServer$Division (RaftServerImpl.java:start(301)) - 192fc8dc-fdd7-42bb-8b0b-fd25934386bd@group-5FB2BB80A63B: start as a follower, conf=-1: [a1fdd0ef-804f-4835-9139-6ae2b6368b09|rpc:10.1.0.32:44367|dataStream:|priority:1, 86c3d915-a4b4-4376-a03d-0cc30fc6f311|rpc:10.1.0.32:39439|dataStream:|priority:0, 192fc8dc-fdd7-42bb-8b0b-fd25934386bd|rpc:10.1.0.32:41821|dataStream:|priority:0], old=null
2021-10-29 00:42:51,398 [pool-288-thread-1] INFO  server.RaftServer$Division (RaftServerImpl.java:setRole(290)) - 192fc8dc-fdd7-42bb-8b0b-fd25934386bd@group-5FB2BB80A63B: changes role from      null to FOLLOWER at term 0 for startAsFollower
2021-10-29 00:42:51,398 [pool-288-thread-1] INFO  impl.RoleInfo (RoleInfo.java:updateAndGet(130)) - 192fc8dc-fdd7-42bb-8b0b-fd25934386bd: start 192fc8dc-fdd7-42bb-8b0b-fd25934386bd@group-5FB2BB80A63B-FollowerState
2021-10-29 00:42:51,400 [pool-288-thread-1] INFO  util.JmxRegister (JmxRegister.java:tryRegister(44)) - Successfully registered JMX Bean with object name Ratis:service=RaftServer,group=group-5FB2BB80A63B,id=192fc8dc-fdd7-42bb-8b0b-fd25934386bd
2021-10-29 00:42:51,406 [Command processor thread] INFO  commandhandler.CreatePipelineCommandHandler (CreatePipelineCommandHandler.java:handle(106)) - Created Pipeline RATIS THREE PipelineID=1626fdde-65f3-4dbf-b303-5fb2bb80a63b.
2021-10-29 00:42:51,431 [Listener at 127.0.0.1/33923] INFO  ozone.MiniOzoneClusterImpl (MiniOzoneClusterImpl.java:lambda$waitForClusterToBeReady$0(235)) - Nodes are ready. Got 6 of 6 DN Heartbeats.
2021-10-29 00:42:51,431 [Listener at 127.0.0.1/33923] INFO  ozone.MiniOzoneClusterImpl (MiniOzoneClusterImpl.java:lambda$waitForClusterToBeReady$0(238)) - Waiting for cluster to exit safe mode
2021-10-29 00:42:51,431 [Listener at 127.0.0.1/33923] INFO  ozone.MiniOzoneClusterImpl (MiniOzoneClusterImpl.java:lambda$waitForClusterToBeReady$0(240)) - SCM became leader
2021-10-29 00:42:51,709 [Command processor thread] INFO  server.RaftServer (RaftServerProxy.java:addNew(95)) - 86c3d915-a4b4-4376-a03d-0cc30fc6f311: addNew group-0776F9ED1FF9:[86c3d915-a4b4-4376-a03d-0cc30fc6f311|rpc:10.1.0.32:39439|priority:1] returns group-0776F9ED1FF9:java.util.concurrent.CompletableFuture@62c4139e[Not completed]
2021-10-29 00:42:51,710 [pool-251-thread-1] INFO  server.RaftServer$Division (RaftServerImpl.java:<init>(184)) - 86c3d915-a4b4-4376-a03d-0cc30fc6f311: new RaftServerImpl for group-0776F9ED1FF9:[86c3d915-a4b4-4376-a03d-0cc30fc6f311|rpc:10.1.0.32:39439|priority:1] with ContainerStateMachine:uninitialized
2021-10-29 00:42:51,710 [pool-251-thread-1] INFO  server.RaftServerConfigKeys (ConfUtils.java:logGet(44)) - raft.server.rpc.timeout.min = 5s (custom)
2021-10-29 00:42:51,710 [pool-251-thread-1] INFO  server.RaftServerConfigKeys (ConfUtils.java:logGet(44)) - raft.server.rpc.timeout.max = 5200ms (custom)
2021-10-29 00:42:51,710 [pool-251-thread-1] INFO  server.RaftServerConfigKeys (ConfUtils.java:logGet(44)) - raft.server.rpc.sleep.time = 25ms (default)
2021-10-29 00:42:51,711 [pool-251-thread-1] INFO  server.RaftServerConfigKeys (ConfUtils.java:logGet(44)) - raft.server.rpc.slowness.timeout = 300s (custom)
2021-10-29 00:42:51,711 [pool-251-thread-1] INFO  server.RaftServerConfigKeys (ConfUtils.java:logGet(44)) - raft.server.leaderelection.leader.step-down.wait-time = 10s (default)
2021-10-29 00:42:51,711 [pool-251-thread-1] INFO  server.RaftServerConfigKeys (ConfUtils.java:logGet(44)) - raft.server.sleep.deviation.threshold = 300ms (default)
2021-10-29 00:42:51,711 [pool-251-thread-1] INFO  server.RaftServerConfigKeys (ConfUtils.java:logGet(44)) - raft.server.log.appender.install.snapshot.enabled = false (custom)
2021-10-29 00:42:51,711 [pool-251-thread-1] INFO  server.RaftServer$Division (ServerState.java:<init>(105)) - 86c3d915-a4b4-4376-a03d-0cc30fc6f311@group-0776F9ED1FF9: ConfigurationManager, init=-1: [86c3d915-a4b4-4376-a03d-0cc30fc6f311|rpc:10.1.0.32:39439|priority:1], old=null, confs=<EMPTY_MAP>
2021-10-29 00:42:51,711 [pool-251-thread-1] INFO  server.RaftServerConfigKeys (ConfUtils.java:logGet(44)) - raft.server.storage.dir = [/home/runner/work/ozone/ozone/hadoop-ozone/integration-test/target/test-dir/MiniOzoneClusterImpl-5f5ad6f1-7ccc-43e5-92d9-031f7ba6440e/datanode-1/data/ratis] (custom)
2021-10-29 00:42:51,711 [pool-251-thread-1] INFO  server.RaftServerConfigKeys (ConfUtils.java:logGet(44)) - raft.server.log.corruption.policy = EXCEPTION (default)
2021-10-29 00:42:51,711 [pool-251-thread-1] INFO  server.RaftServerConfigKeys (ConfUtils.java:logGet(44)) - raft.server.storage.free-space.min = 0MB (=0) (default)
2021-10-29 00:42:51,711 [pool-251-thread-1] INFO  storage.RaftStorageDirectory (RaftStorageDirectoryImpl.java:analyzeStorage(135)) - The storage directory /home/runner/work/ozone/ozone/hadoop-ozone/integration-test/target/test-dir/MiniOzoneClusterImpl-5f5ad6f1-7ccc-43e5-92d9-031f7ba6440e/datanode-1/data/ratis/f5892fae-2603-4b40-b467-0776f9ed1ff9 does not exist. Creating ...
2021-10-29 00:42:51,714 [pool-251-thread-1] INFO  storage.RaftStorageDirectory (RaftStorageDirectoryImpl.java:tryLock(230)) - Lock on /home/runner/work/ozone/ozone/hadoop-ozone/integration-test/target/test-dir/MiniOzoneClusterImpl-5f5ad6f1-7ccc-43e5-92d9-031f7ba6440e/datanode-1/data/ratis/f5892fae-2603-4b40-b467-0776f9ed1ff9/in_use.lock acquired by nodename 21509@fv-az291-161
2021-10-29 00:42:51,715 [pool-251-thread-1] INFO  storage.RaftStorage (RaftStorageImpl.java:format(89)) - Storage directory /home/runner/work/ozone/ozone/hadoop-ozone/integration-test/target/test-dir/MiniOzoneClusterImpl-5f5ad6f1-7ccc-43e5-92d9-031f7ba6440e/datanode-1/data/ratis/f5892fae-2603-4b40-b467-0776f9ed1ff9 has been successfully formatted.
2021-10-29 00:42:51,716 [pool-251-thread-1] INFO  ratis.ContainerStateMachine (ContainerStateMachine.java:loadSnapshot(224)) - group-0776F9ED1FF9: The snapshot info is null. Setting the last applied indexto:(t:0, i:~)
2021-10-29 00:42:51,716 [pool-251-thread-1] INFO  server.RaftServerConfigKeys (ConfUtils.java:logGet(44)) - raft.server.notification.no-leader.timeout = 300s (custom)
2021-10-29 00:42:51,716 [pool-251-thread-1] INFO  server.RaftServerConfigKeys (ConfUtils.java:logGet(44)) - raft.server.log.use.memory = false (default)
2021-10-29 00:42:51,717 [EventQueue-PipelineReportForPipelineReportHandler] INFO  pipeline.PipelineManagerImpl (PipelineManagerImpl.java:openPipeline(289)) - Pipeline Pipeline[ Id: f5892fae-2603-4b40-b467-0776f9ed1ff9, Nodes: 86c3d915-a4b4-4376-a03d-0cc30fc6f311{ip: 10.1.0.32, host: fv-az291-161.wgnan5asplgejimfprtllbpdch.jx.internal.cloudapp.net, ports: [REPLICATION=39565, RATIS=39439, RATIS_ADMIN=39439, RATIS_SERVER=39439, STANDALONE=37599], networkLocation: /default-rack, certSerialId: null, persistedOpState: IN_SERVICE, persistedOpStateExpiryEpochSec: 0}, ReplicationConfig: RATIS/ONE, State:ALLOCATED, leaderId:86c3d915-a4b4-4376-a03d-0cc30fc6f311, CreationTimestamp2021-10-29T00:42:48.711Z[Etc/UTC]] moved to OPEN state
2021-10-29 00:42:51,717 [pool-251-thread-1] INFO  server.RaftServerConfigKeys (ConfUtils.java:logGet(44)) - raft.server.log.purge.gap = 1000000 (custom)
2021-10-29 00:42:51,717 [pool-251-thread-1] INFO  server.RaftServerConfigKeys (ConfUtils.java:logGet(44)) - raft.server.log.appender.buffer.byte-limit = 33554432 (custom)
2021-10-29 00:42:51,717 [EventQueue-OpenPipelineForHealthyPipelineSafeModeRule] INFO  safemode.SCMSafeModeManager (HealthyPipelineSafeModeRule.java:process(124)) - SCM in safe mode. Healthy pipelines reported count is 0, required healthy pipeline reported count is 1
2021-10-29 00:42:51,717 [pool-251-thread-1] INFO  server.RaftServerConfigKeys (ConfUtils.java:logGet(44)) - raft.server.log.segment.size.max = 1048576 (custom)
2021-10-29 00:42:51,718 [pool-251-thread-1] INFO  server.RaftServerConfigKeys (ConfUtils.java:logGet(44)) - raft.server.log.segment.cache.num.max = 2 (custom)
2021-10-29 00:42:51,718 [pool-251-thread-1] INFO  server.RaftServerConfigKeys (ConfUtils.java:logGet(44)) - raft.server.log.segment.cache.size.max = 200MB (=209715200) (default)
2021-10-29 00:42:51,718 [pool-251-thread-1] INFO  segmented.SegmentedRaftLogWorker (SegmentedRaftLogWorker.java:<init>(182)) - new 86c3d915-a4b4-4376-a03d-0cc30fc6f311@group-0776F9ED1FF9-SegmentedRaftLogWorker for RaftStorageImpl:Storage Directory /home/runner/work/ozone/ozone/hadoop-ozone/integration-test/target/test-dir/MiniOzoneClusterImpl-5f5ad6f1-7ccc-43e5-92d9-031f7ba6440e/datanode-1/data/ratis/f5892fae-2603-4b40-b467-0776f9ed1ff9
2021-10-29 00:42:51,718 [pool-251-thread-1] INFO  server.RaftServerConfigKeys (ConfUtils.java:logGet(44)) - raft.server.log.queue.byte-limit = 2147483647 (custom)
2021-10-29 00:42:51,718 [pool-251-thread-1] INFO  server.RaftServerConfigKeys (ConfUtils.java:logGet(44)) - raft.server.log.queue.element-limit = 1024 (custom)
2021-10-29 00:42:51,718 [pool-251-thread-1] INFO  server.RaftServerConfigKeys (ConfUtils.java:logGet(44)) - raft.server.log.segment.size.max = 1048576 (custom)
2021-10-29 00:42:51,718 [pool-251-thread-1] INFO  server.RaftServerConfigKeys (ConfUtils.java:logGet(44)) - raft.server.log.preallocated.size = 16384 (custom)
2021-10-29 00:42:51,719 [pool-251-thread-1] INFO  server.RaftServerConfigKeys (ConfUtils.java:logGet(44)) - raft.server.log.force.sync.num = 128 (default)
2021-10-29 00:42:51,719 [pool-251-thread-1] INFO  server.RaftServerConfigKeys (ConfUtils.java:logGet(44)) - raft.server.log.statemachine.data.sync = true (default)
2021-10-29 00:42:51,719 [pool-251-thread-1] INFO  server.RaftServerConfigKeys (ConfUtils.java:logGet(44)) - raft.server.log.statemachine.data.sync.timeout = 10s (default)
2021-10-29 00:42:51,719 [pool-251-thread-1] INFO  server.RaftServerConfigKeys (ConfUtils.java:logGet(44)) - raft.server.log.statemachine.data.sync.timeout.retry = -1 (default)
2021-10-29 00:42:51,720 [pool-251-thread-1] INFO  server.RaftServerConfigKeys (ConfUtils.java:logGet(44)) - raft.server.log.write.buffer.size = 1048576 (custom)
2021-10-29 00:42:51,721 [pool-251-thread-1] INFO  server.RaftServerConfigKeys (ConfUtils.java:logGet(44)) - raft.server.log.statemachine.data.caching.enabled = true (custom)
2021-10-29 00:42:51,721 [pool-251-thread-1] INFO  segmented.SegmentedRaftLogWorker (SegmentedRaftLogWorker.java:lambda$new$0(133)) - 86c3d915-a4b4-4376-a03d-0cc30fc6f311@group-0776F9ED1FF9-SegmentedRaftLogWorker: flushIndex: setUnconditionally 0 -> -1
2021-10-29 00:42:51,721 [pool-251-thread-1] INFO  segmented.SegmentedRaftLogWorker (SegmentedRaftLogWorker.java:lambda$new$0(133)) - 86c3d915-a4b4-4376-a03d-0cc30fc6f311@group-0776F9ED1FF9-SegmentedRaftLogWorker: safeCacheEvictIndex: setUnconditionally 0 -> -1
2021-10-29 00:42:51,726 [pool-251-thread-1] INFO  server.RaftServerConfigKeys (ConfUtils.java:logGet(44)) - raft.server.snapshot.auto.trigger.enabled = true (custom)
2021-10-29 00:42:51,726 [pool-251-thread-1] INFO  server.RaftServerConfigKeys (ConfUtils.java:logGet(44)) - raft.server.snapshot.auto.trigger.threshold = 10000 (custom)
2021-10-29 00:42:51,726 [pool-251-thread-1] INFO  server.RaftServerConfigKeys (ConfUtils.java:logGet(44)) - raft.server.snapshot.retention.file.num = 5 (custom)
2021-10-29 00:42:51,726 [pool-251-thread-1] INFO  server.RaftServerConfigKeys (ConfUtils.java:logGet(44)) - raft.server.log.purge.upto.snapshot.index = false (default)
2021-10-29 00:42:51,726 [pool-251-thread-1] INFO  server.RaftServerConfigKeys (ConfUtils.java:logGet(44)) - raft.server.retrycache.expirytime = 600000ms (custom)
2021-10-29 00:42:51,726 [pool-251-thread-1] INFO  server.RaftServerConfigKeys (ConfUtils.java:logGet(44)) - raft.server.retrycache.statistics.expirytime = 100μs (default)
2021-10-29 00:42:51,728 [pool-251-thread-1] INFO  server.RaftServer$Division (RaftServerImpl.java:start(301)) - 86c3d915-a4b4-4376-a03d-0cc30fc6f311@group-0776F9ED1FF9: start as a follower, conf=-1: [86c3d915-a4b4-4376-a03d-0cc30fc6f311|rpc:10.1.0.32:39439|priority:1], old=null
2021-10-29 00:42:51,728 [pool-251-thread-1] INFO  server.RaftServer$Division (RaftServerImpl.java:setRole(290)) - 86c3d915-a4b4-4376-a03d-0cc30fc6f311@group-0776F9ED1FF9: changes role from      null to FOLLOWER at term 0 for startAsFollower
2021-10-29 00:42:51,728 [pool-251-thread-1] INFO  impl.RoleInfo (RoleInfo.java:updateAndGet(130)) - 86c3d915-a4b4-4376-a03d-0cc30fc6f311: start 86c3d915-a4b4-4376-a03d-0cc30fc6f311@group-0776F9ED1FF9-FollowerState
2021-10-29 00:42:51,728 [pool-251-thread-1] INFO  util.JmxRegister (JmxRegister.java:tryRegister(44)) - Successfully registered JMX Bean with object name Ratis:service=RaftServer,group=group-0776F9ED1FF9,id=86c3d915-a4b4-4376-a03d-0cc30fc6f311
2021-10-29 00:42:51,729 [Command processor thread] INFO  ratis.XceiverServerRatis (XceiverServerRatis.java:addGroup(768)) - Created group PipelineID=f5892fae-2603-4b40-b467-0776f9ed1ff9
2021-10-29 00:42:51,729 [Command processor thread] INFO  commandhandler.CreatePipelineCommandHandler (CreatePipelineCommandHandler.java:handle(106)) - Created Pipeline RATIS ONE PipelineID=f5892fae-2603-4b40-b467-0776f9ed1ff9.
2021-10-29 00:42:52,011 [Command processor thread] INFO  keyvalue.KeyValueContainer (KeyValueContainer.java:flushAndSyncDB(397)) - Container 1 is synced with bcsId 74.
2021-10-29 00:42:52,012 [Command processor thread] INFO  keyvalue.KeyValueContainer (KeyValueContainer.java:flushAndSyncDB(397)) - Container 1 is synced with bcsId 74.
2021-10-29 00:42:52,017 [Command processor thread] INFO  keyvalue.KeyValueContainer (KeyValueContainer.java:close(334)) - Container 1 is closed with bcsId 74.
2021-10-29 00:42:52,018 [Command processor thread] INFO  keyvalue.KeyValueContainer (KeyValueContainer.java:flushAndSyncDB(397)) - Container 2 is synced with bcsId 78.
2021-10-29 00:42:52,018 [Command processor thread] INFO  keyvalue.KeyValueContainer (KeyValueContainer.java:flushAndSyncDB(397)) - Container 2 is synced with bcsId 78.
2021-10-29 00:42:52,020 [EventQueue-IncrementalContainerReportForIncrementalContainerReportHandler] INFO  container.IncrementalContainerReportHandler (AbstractContainerReportHandler.java:updateContainerState(249)) - Moving container #1 to CLOSED state, datanode e6ec3422-bd00-4bf8-8713-bff351886512{ip: 10.1.0.32, host: fv-az291-161.wgnan5asplgejimfprtllbpdch.jx.internal.cloudapp.net, ports: [REPLICATION=38043, RATIS=40113, RATIS_ADMIN=40113, RATIS_SERVER=40113, STANDALONE=39721], networkLocation: /default-rack, certSerialId: null, persistedOpState: IN_SERVICE, persistedOpStateExpiryEpochSec: 0} reported CLOSED replica.
2021-10-29 00:42:52,023 [Command processor thread] INFO  keyvalue.KeyValueContainer (KeyValueContainer.java:close(334)) - Container 2 is closed with bcsId 78.
2021-10-29 00:42:52,023 [Command processor thread] INFO  keyvalue.KeyValueContainer (KeyValueContainer.java:flushAndSyncDB(397)) - Container 3 is synced with bcsId 70.
2021-10-29 00:42:52,023 [Command processor thread] INFO  keyvalue.KeyValueContainer (KeyValueContainer.java:flushAndSyncDB(397)) - Container 3 is synced with bcsId 70.
2021-10-29 00:42:52,024 [EventQueue-IncrementalContainerReportForIncrementalContainerReportHandler] INFO  container.IncrementalContainerReportHandler (AbstractContainerReportHandler.java:updateContainerState(249)) - Moving container #2 to CLOSED state, datanode e6ec3422-bd00-4bf8-8713-bff351886512{ip: 10.1.0.32, host: fv-az291-161.wgnan5asplgejimfprtllbpdch.jx.internal.cloudapp.net, ports: [REPLICATION=38043, RATIS=40113, RATIS_ADMIN=40113, RATIS_SERVER=40113, STANDALONE=39721], networkLocation: /default-rack, certSerialId: null, persistedOpState: IN_SERVICE, persistedOpStateExpiryEpochSec: 0} reported CLOSED replica.
2021-10-29 00:42:52,026 [Command processor thread] INFO  keyvalue.KeyValueContainer (KeyValueContainer.java:close(334)) - Container 3 is closed with bcsId 70.
2021-10-29 00:42:52,027 [EventQueue-IncrementalContainerReportForIncrementalContainerReportHandler] INFO  container.IncrementalContainerReportHandler (AbstractContainerReportHandler.java:updateContainerState(249)) - Moving container #3 to CLOSED state, datanode e6ec3422-bd00-4bf8-8713-bff351886512{ip: 10.1.0.32, host: fv-az291-161.wgnan5asplgejimfprtllbpdch.jx.internal.cloudapp.net, ports: [REPLICATION=38043, RATIS=40113, RATIS_ADMIN=40113, RATIS_SERVER=40113, STANDALONE=39721], networkLocation: /default-rack, certSerialId: null, persistedOpState: IN_SERVICE, persistedOpStateExpiryEpochSec: 0} reported CLOSED replica.
2021-10-29 00:42:52,041 [ReplicationMonitor] INFO  container.ReplicationManager (ReplicationManager.java:processAll(371)) - Replication Monitor Thread took 0 milliseconds for processing 0 containers.
2021-10-29 00:42:52,161 [Command processor thread] INFO  server.RaftServer (RaftServerProxy.java:addNew(95)) - 192fc8dc-fdd7-42bb-8b0b-fd25934386bd: addNew group-F4E76D3FC2E1:[192fc8dc-fdd7-42bb-8b0b-fd25934386bd|rpc:10.1.0.32:41821|priority:1] returns group-F4E76D3FC2E1:java.util.concurrent.CompletableFuture@647c9ad[Not completed]
2021-10-29 00:42:52,162 [pool-288-thread-1] INFO  server.RaftServer$Division (RaftServerImpl.java:<init>(184)) - 192fc8dc-fdd7-42bb-8b0b-fd25934386bd: new RaftServerImpl for group-F4E76D3FC2E1:[192fc8dc-fdd7-42bb-8b0b-fd25934386bd|rpc:10.1.0.32:41821|priority:1] with ContainerStateMachine:uninitialized
2021-10-29 00:42:52,162 [pool-288-thread-1] INFO  server.RaftServerConfigKeys (ConfUtils.java:logGet(44)) - raft.server.rpc.timeout.min = 5s (custom)
2021-10-29 00:42:52,162 [pool-288-thread-1] INFO  server.RaftServerConfigKeys (ConfUtils.java:logGet(44)) - raft.server.rpc.timeout.max = 5200ms (custom)
2021-10-29 00:42:52,162 [pool-288-thread-1] INFO  server.RaftServerConfigKeys (ConfUtils.java:logGet(44)) - raft.server.rpc.sleep.time = 25ms (default)
2021-10-29 00:42:52,162 [pool-288-thread-1] INFO  server.RaftServerConfigKeys (ConfUtils.java:logGet(44)) - raft.server.rpc.slowness.timeout = 300s (custom)
2021-10-29 00:42:52,162 [pool-288-thread-1] INFO  server.RaftServerConfigKeys (ConfUtils.java:logGet(44)) - raft.server.leaderelection.leader.step-down.wait-time = 10s (default)
2021-10-29 00:42:52,163 [pool-288-thread-1] INFO  server.RaftServerConfigKeys (ConfUtils.java:logGet(44)) - raft.server.sleep.deviation.threshold = 300ms (default)
2021-10-29 00:42:52,163 [pool-288-thread-1] INFO  server.RaftServerConfigKeys (ConfUtils.java:logGet(44)) - raft.server.log.appender.install.snapshot.enabled = false (custom)
2021-10-29 00:42:52,163 [pool-288-thread-1] INFO  server.RaftServer$Division (ServerState.java:<init>(105)) - 192fc8dc-fdd7-42bb-8b0b-fd25934386bd@group-F4E76D3FC2E1: ConfigurationManager, init=-1: [192fc8dc-fdd7-42bb-8b0b-fd25934386bd|rpc:10.1.0.32:41821|priority:1], old=null, confs=<EMPTY_MAP>
2021-10-29 00:42:52,163 [pool-288-thread-1] INFO  server.RaftServerConfigKeys (ConfUtils.java:logGet(44)) - raft.server.storage.dir = [/home/runner/work/ozone/ozone/hadoop-ozone/integration-test/target/test-dir/MiniOzoneClusterImpl-5f5ad6f1-7ccc-43e5-92d9-031f7ba6440e/datanode-2/data/ratis] (custom)
2021-10-29 00:42:52,163 [pool-288-thread-1] INFO  server.RaftServerConfigKeys (ConfUtils.java:logGet(44)) - raft.server.log.corruption.policy = EXCEPTION (default)
2021-10-29 00:42:52,163 [pool-288-thread-1] INFO  server.RaftServerConfigKeys (ConfUtils.java:logGet(44)) - raft.server.storage.free-space.min = 0MB (=0) (default)
2021-10-29 00:42:52,163 [pool-288-thread-1] INFO  storage.RaftStorageDirectory (RaftStorageDirectoryImpl.java:analyzeStorage(135)) - The storage directory /home/runner/work/ozone/ozone/hadoop-ozone/integration-test/target/test-dir/MiniOzoneClusterImpl-5f5ad6f1-7ccc-43e5-92d9-031f7ba6440e/datanode-2/data/ratis/019896bf-015d-407e-8ead-f4e76d3fc2e1 does not exist. Creating ...
2021-10-29 00:42:52,165 [pool-288-thread-1] INFO  storage.RaftStorageDirectory (RaftStorageDirectoryImpl.java:tryLock(230)) - Lock on /home/runner/work/ozone/ozone/hadoop-ozone/integration-test/target/test-dir/MiniOzoneClusterImpl-5f5ad6f1-7ccc-43e5-92d9-031f7ba6440e/datanode-2/data/ratis/019896bf-015d-407e-8ead-f4e76d3fc2e1/in_use.lock acquired by nodename 21509@fv-az291-161
2021-10-29 00:42:52,167 [pool-288-thread-1] INFO  storage.RaftStorage (RaftStorageImpl.java:format(89)) - Storage directory /home/runner/work/ozone/ozone/hadoop-ozone/integration-test/target/test-dir/MiniOzoneClusterImpl-5f5ad6f1-7ccc-43e5-92d9-031f7ba6440e/datanode-2/data/ratis/019896bf-015d-407e-8ead-f4e76d3fc2e1 has been successfully formatted.
2021-10-29 00:42:52,168 [pool-288-thread-1] INFO  ratis.ContainerStateMachine (ContainerStateMachine.java:loadSnapshot(224)) - group-F4E76D3FC2E1: The snapshot info is null. Setting the last applied indexto:(t:0, i:~)
2021-10-29 00:42:52,168 [pool-288-thread-1] INFO  server.RaftServerConfigKeys (ConfUtils.java:logGet(44)) - raft.server.notification.no-leader.timeout = 300s (custom)
2021-10-29 00:42:52,168 [pool-288-thread-1] INFO  server.RaftServerConfigKeys (ConfUtils.java:logGet(44)) - raft.server.log.use.memory = false (default)
2021-10-29 00:42:52,169 [pool-288-thread-1] INFO  server.RaftServerConfigKeys (ConfUtils.java:logGet(44)) - raft.server.log.purge.gap = 1000000 (custom)
2021-10-29 00:42:52,169 [EventQueue-PipelineReportForPipelineReportHandler] INFO  pipeline.PipelineManagerImpl (PipelineManagerImpl.java:openPipeline(289)) - Pipeline Pipeline[ Id: 019896bf-015d-407e-8ead-f4e76d3fc2e1, Nodes: 192fc8dc-fdd7-42bb-8b0b-fd25934386bd{ip: 10.1.0.32, host: fv-az291-161.wgnan5asplgejimfprtllbpdch.jx.internal.cloudapp.net, ports: [REPLICATION=44263, RATIS=41821, RATIS_ADMIN=41821, RATIS_SERVER=41821, STANDALONE=40403], networkLocation: /default-rack, certSerialId: null, persistedOpState: IN_SERVICE, persistedOpStateExpiryEpochSec: 0}, ReplicationConfig: RATIS/ONE, State:ALLOCATED, leaderId:192fc8dc-fdd7-42bb-8b0b-fd25934386bd, CreationTimestamp2021-10-29T00:42:49.164Z[Etc/UTC]] moved to OPEN state
2021-10-29 00:42:52,169 [pool-288-thread-1] INFO  server.RaftServerConfigKeys (ConfUtils.java:logGet(44)) - raft.server.log.appender.buffer.byte-limit = 33554432 (custom)
2021-10-29 00:42:52,169 [EventQueue-OpenPipelineForHealthyPipelineSafeModeRule] INFO  safemode.SCMSafeModeManager (HealthyPipelineSafeModeRule.java:process(124)) - SCM in safe mode. Healthy pipelines reported count is 0, required healthy pipeline reported count is 1
2021-10-29 00:42:52,170 [pool-288-thread-1] INFO  server.RaftServerConfigKeys (ConfUtils.java:logGet(44)) - raft.server.log.segment.size.max = 1048576 (custom)
2021-10-29 00:42:52,170 [pool-288-thread-1] INFO  server.RaftServerConfigKeys (ConfUtils.java:logGet(44)) - raft.server.log.segment.cache.num.max = 2 (custom)
2021-10-29 00:42:52,170 [pool-288-thread-1] INFO  server.RaftServerConfigKeys (ConfUtils.java:logGet(44)) - raft.server.log.segment.cache.size.max = 200MB (=209715200) (default)
2021-10-29 00:42:52,170 [pool-288-thread-1] INFO  segmented.SegmentedRaftLogWorker (SegmentedRaftLogWorker.java:<init>(182)) - new 192fc8dc-fdd7-42bb-8b0b-fd25934386bd@group-F4E76D3FC2E1-SegmentedRaftLogWorker for RaftStorageImpl:Storage Directory /home/runner/work/ozone/ozone/hadoop-ozone/integration-test/target/test-dir/MiniOzoneClusterImpl-5f5ad6f1-7ccc-43e5-92d9-031f7ba6440e/datanode-2/data/ratis/019896bf-015d-407e-8ead-f4e76d3fc2e1
2021-10-29 00:42:52,170 [pool-288-thread-1] INFO  server.RaftServerConfigKeys (ConfUtils.java:logGet(44)) - raft.server.log.queue.byte-limit = 2147483647 (custom)
2021-10-29 00:42:52,170 [pool-288-thread-1] INFO  server.RaftServerConfigKeys (ConfUtils.java:logGet(44)) - raft.server.log.queue.element-limit = 1024 (custom)
2021-10-29 00:42:52,170 [pool-288-thread-1] INFO  server.RaftServerConfigKeys (ConfUtils.java:logGet(44)) - raft.server.log.segment.size.max = 1048576 (custom)
2021-10-29 00:42:52,171 [pool-288-thread-1] INFO  server.RaftServerConfigKeys (ConfUtils.java:logGet(44)) - raft.server.log.preallocated.size = 16384 (custom)
2021-10-29 00:42:52,171 [pool-288-thread-1] INFO  server.RaftServerConfigKeys (ConfUtils.java:logGet(44)) - raft.server.log.force.sync.num = 128 (default)
2021-10-29 00:42:52,171 [pool-288-thread-1] INFO  server.RaftServerConfigKeys (ConfUtils.java:logGet(44)) - raft.server.log.statemachine.data.sync = true (default)
2021-10-29 00:42:52,171 [pool-288-thread-1] INFO  server.RaftServerConfigKeys (ConfUtils.java:logGet(44)) - raft.server.log.statemachine.data.sync.timeout = 10s (default)
2021-10-29 00:42:52,171 [pool-288-thread-1] INFO  server.RaftServerConfigKeys (ConfUtils.java:logGet(44)) - raft.server.log.statemachine.data.sync.timeout.retry = -1 (default)
2021-10-29 00:42:52,172 [pool-288-thread-1] INFO  server.RaftServerConfigKeys (ConfUtils.java:logGet(44)) - raft.server.log.write.buffer.size = 1048576 (custom)
2021-10-29 00:42:52,174 [pool-288-thread-1] INFO  server.RaftServerConfigKeys (ConfUtils.java:logGet(44)) - raft.server.log.statemachine.data.caching.enabled = true (custom)
2021-10-29 00:42:52,174 [pool-288-thread-1] INFO  segmented.SegmentedRaftLogWorker (SegmentedRaftLogWorker.java:lambda$new$0(133)) - 192fc8dc-fdd7-42bb-8b0b-fd25934386bd@group-F4E76D3FC2E1-SegmentedRaftLogWorker: flushIndex: setUnconditionally 0 -> -1
2021-10-29 00:42:52,175 [pool-288-thread-1] INFO  segmented.SegmentedRaftLogWorker (SegmentedRaftLogWorker.java:lambda$new$0(133)) - 192fc8dc-fdd7-42bb-8b0b-fd25934386bd@group-F4E76D3FC2E1-SegmentedRaftLogWorker: safeCacheEvictIndex: setUnconditionally 0 -> -1
2021-10-29 00:42:52,175 [pool-288-thread-1] INFO  server.RaftServerConfigKeys (ConfUtils.java:logGet(44)) - raft.server.snapshot.auto.trigger.enabled = true (custom)
2021-10-29 00:42:52,175 [pool-288-thread-1] INFO  server.RaftServerConfigKeys (ConfUtils.java:logGet(44)) - raft.server.snapshot.auto.trigger.threshold = 10000 (custom)
2021-10-29 00:42:52,176 [pool-288-thread-1] INFO  server.RaftServerConfigKeys (ConfUtils.java:logGet(44)) - raft.server.snapshot.retention.file.num = 5 (custom)
2021-10-29 00:42:52,176 [pool-288-thread-1] INFO  server.RaftServerConfigKeys (ConfUtils.java:logGet(44)) - raft.server.log.purge.upto.snapshot.index = false (default)
2021-10-29 00:42:52,176 [pool-288-thread-1] INFO  server.RaftServerConfigKeys (ConfUtils.java:logGet(44)) - raft.server.retrycache.expirytime = 600000ms (custom)
2021-10-29 00:42:52,176 [pool-288-thread-1] INFO  server.RaftServerConfigKeys (ConfUtils.java:logGet(44)) - raft.server.retrycache.statistics.expirytime = 100μs (default)
2021-10-29 00:42:52,177 [pool-288-thread-1] INFO  server.RaftServer$Division (RaftServerImpl.java:start(301)) - 192fc8dc-fdd7-42bb-8b0b-fd25934386bd@group-F4E76D3FC2E1: start as a follower, conf=-1: [192fc8dc-fdd7-42bb-8b0b-fd25934386bd|rpc:10.1.0.32:41821|priority:1], old=null
2021-10-29 00:42:52,177 [pool-288-thread-1] INFO  server.RaftServer$Division (RaftServerImpl.java:setRole(290)) - 192fc8dc-fdd7-42bb-8b0b-fd25934386bd@group-F4E76D3FC2E1: changes role from      null to FOLLOWER at term 0 for startAsFollower
2021-10-29 00:42:52,177 [pool-288-thread-1] INFO  impl.RoleInfo (RoleInfo.java:updateAndGet(130)) - 192fc8dc-fdd7-42bb-8b0b-fd25934386bd: start 192fc8dc-fdd7-42bb-8b0b-fd25934386bd@group-F4E76D3FC2E1-FollowerState
2021-10-29 00:42:52,184 [pool-288-thread-1] INFO  util.JmxRegister (JmxRegister.java:tryRegister(44)) - Successfully registered JMX Bean with object name Ratis:service=RaftServer,group=group-F4E76D3FC2E1,id=192fc8dc-fdd7-42bb-8b0b-fd25934386bd
2021-10-29 00:42:52,184 [Command processor thread] INFO  ratis.XceiverServerRatis (XceiverServerRatis.java:addGroup(768)) - Created group PipelineID=019896bf-015d-407e-8ead-f4e76d3fc2e1
2021-10-29 00:42:52,184 [Command processor thread] INFO  commandhandler.CreatePipelineCommandHandler (CreatePipelineCommandHandler.java:handle(106)) - Created Pipeline RATIS ONE PipelineID=019896bf-015d-407e-8ead-f4e76d3fc2e1.
2021-10-29 00:42:52,217 [ReplicationMonitor] INFO  container.ReplicationManager (ReplicationManager.java:sendCloseCommand(1482)) - Sending close container command for container #1 to datanode 12cd3e49-de78-4d30-aa86-c1ffa97795c8{ip: 10.1.0.32, host: fv-az291-161.wgnan5asplgejimfprtllbpdch.jx.internal.cloudapp.net, ports: [REPLICATION=45311, RATIS=42653, RATIS_ADMIN=42653, RATIS_SERVER=42653, STANDALONE=34397], networkLocation: /default-rack, certSerialId: null, persistedOpState: DECOMMISSIONING, persistedOpStateExpiryEpochSec: 0}.
2021-10-29 00:42:52,218 [ReplicationMonitor] INFO  container.ReplicationManager (ReplicationManager.java:sendCloseCommand(1482)) - Sending close container command for container #1 to datanode 240b3f92-711e-4b06-964b-7be2bf787040{ip: 10.1.0.32, host: fv-az291-161.wgnan5asplgejimfprtllbpdch.jx.internal.cloudapp.net, ports: [REPLICATION=34171, RATIS=39315, RATIS_ADMIN=39315, RATIS_SERVER=39315, STANDALONE=46869], networkLocation: /default-rack, certSerialId: null, persistedOpState: IN_SERVICE, persistedOpStateExpiryEpochSec: 0}.
2021-10-29 00:42:52,218 [ReplicationMonitor] INFO  container.ReplicationManager (ReplicationManager.java:sendCloseCommand(1482)) - Sending close container command for container #1 to datanode f2b4d6f7-aefa-402b-a761-92c91b2f44f3{ip: 10.1.0.32, host: fv-az291-161.wgnan5asplgejimfprtllbpdch.jx.internal.cloudapp.net, ports: [REPLICATION=34403, RATIS=42307, RATIS_ADMIN=42307, RATIS_SERVER=42307, STANDALONE=32977], networkLocation: /default-rack, certSerialId: null, persistedOpState: IN_SERVICE, persistedOpStateExpiryEpochSec: 0}.
2021-10-29 00:42:52,218 [ReplicationMonitor] INFO  container.ReplicationManager (ReplicationManager.java:sendCloseCommand(1482)) - Sending close container command for container #2 to datanode 240b3f92-711e-4b06-964b-7be2bf787040{ip: 10.1.0.32, host: fv-az291-161.wgnan5asplgejimfprtllbpdch.jx.internal.cloudapp.net, ports: [REPLICATION=34171, RATIS=39315, RATIS_ADMIN=39315, RATIS_SERVER=39315, STANDALONE=46869], networkLocation: /default-rack, certSerialId: null, persistedOpState: IN_SERVICE, persistedOpStateExpiryEpochSec: 0}.
2021-10-29 00:42:52,218 [ReplicationMonitor] INFO  container.ReplicationManager (ReplicationManager.java:sendCloseCommand(1482)) - Sending close container command for container #2 to datanode f2b4d6f7-aefa-402b-a761-92c91b2f44f3{ip: 10.1.0.32, host: fv-az291-161.wgnan5asplgejimfprtllbpdch.jx.internal.cloudapp.net, ports: [REPLICATION=34403, RATIS=42307, RATIS_ADMIN=42307, RATIS_SERVER=42307, STANDALONE=32977], networkLocation: /default-rack, certSerialId: null, persistedOpState: IN_SERVICE, persistedOpStateExpiryEpochSec: 0}.
2021-10-29 00:42:52,218 [ReplicationMonitor] INFO  container.ReplicationManager (ReplicationManager.java:sendCloseCommand(1482)) - Sending close container command for container #2 to datanode 12cd3e49-de78-4d30-aa86-c1ffa97795c8{ip: 10.1.0.32, host: fv-az291-161.wgnan5asplgejimfprtllbpdch.jx.internal.cloudapp.net, ports: [REPLICATION=45311, RATIS=42653, RATIS_ADMIN=42653, RATIS_SERVER=42653, STANDALONE=34397], networkLocation: /default-rack, certSerialId: null, persistedOpState: DECOMMISSIONING, persistedOpStateExpiryEpochSec: 0}.
2021-10-29 00:42:52,219 [ReplicationMonitor] INFO  container.ReplicationManager (ReplicationManager.java:sendCloseCommand(1482)) - Sending close container command for container #3 to datanode 12cd3e49-de78-4d30-aa86-c1ffa97795c8{ip: 10.1.0.32, host: fv-az291-161.wgnan5asplgejimfprtllbpdch.jx.internal.cloudapp.net, ports: [REPLICATION=45311, RATIS=42653, RATIS_ADMIN=42653, RATIS_SERVER=42653, STANDALONE=34397], networkLocation: /default-rack, certSerialId: null, persistedOpState: DECOMMISSIONING, persistedOpStateExpiryEpochSec: 0}.
2021-10-29 00:42:52,219 [ReplicationMonitor] INFO  container.ReplicationManager (ReplicationManager.java:sendCloseCommand(1482)) - Sending close container command for container #3 to datanode ede339c2-3cec-47d6-98dc-ec75754dc7c3{ip: 10.1.0.32, host: fv-az291-161.wgnan5asplgejimfprtllbpdch.jx.internal.cloudapp.net, ports: [REPLICATION=37327, RATIS=43517, RATIS_ADMIN=43517, RATIS_SERVER=43517, STANDALONE=37483], networkLocation: /default-rack, certSerialId: null, persistedOpState: IN_SERVICE, persistedOpStateExpiryEpochSec: 0}.
2021-10-29 00:42:52,219 [ReplicationMonitor] INFO  container.ReplicationManager (ReplicationManager.java:sendCloseCommand(1482)) - Sending close container command for container #3 to datanode f2b4d6f7-aefa-402b-a761-92c91b2f44f3{ip: 10.1.0.32, host: fv-az291-161.wgnan5asplgejimfprtllbpdch.jx.internal.cloudapp.net, ports: [REPLICATION=34403, RATIS=42307, RATIS_ADMIN=42307, RATIS_SERVER=42307, STANDALONE=32977], networkLocation: /default-rack, certSerialId: null, persistedOpState: IN_SERVICE, persistedOpStateExpiryEpochSec: 0}.
2021-10-29 00:42:52,219 [ReplicationMonitor] INFO  container.ReplicationManager (ReplicationManager.java:processAll(371)) - Replication Monitor Thread took 3 milliseconds for processing 3 containers.
2021-10-29 00:42:52,432 [Listener at 127.0.0.1/33923] INFO  ozone.MiniOzoneClusterImpl (MiniOzoneClusterImpl.java:lambda$waitForClusterToBeReady$0(235)) - Nodes are ready. Got 6 of 6 DN Heartbeats.
2021-10-29 00:42:52,432 [Listener at 127.0.0.1/33923] INFO  ozone.MiniOzoneClusterImpl (MiniOzoneClusterImpl.java:lambda$waitForClusterToBeReady$0(238)) - Waiting for cluster to exit safe mode
2021-10-29 00:42:52,432 [Listener at 127.0.0.1/33923] INFO  ozone.MiniOzoneClusterImpl (MiniOzoneClusterImpl.java:lambda$waitForClusterToBeReady$0(240)) - SCM became leader
2021-10-29 00:42:52,540 [Command processor thread] INFO  keyvalue.KeyValueContainer (KeyValueContainer.java:flushAndSyncDB(397)) - Container 3 is synced with bcsId 70.
2021-10-29 00:42:52,541 [Command processor thread] INFO  keyvalue.KeyValueContainer (KeyValueContainer.java:flushAndSyncDB(397)) - Container 3 is synced with bcsId 70.
2021-10-29 00:42:52,545 [Command processor thread] INFO  keyvalue.KeyValueContainer (KeyValueContainer.java:close(334)) - Container 3 is closed with bcsId 70.
2021-10-29 00:42:52,633 [Command processor thread] INFO  keyvalue.KeyValueContainer (KeyValueContainer.java:flushAndSyncDB(397)) - Container 1 is synced with bcsId 74.
2021-10-29 00:42:52,633 [Command processor thread] INFO  keyvalue.KeyValueContainer (KeyValueContainer.java:flushAndSyncDB(397)) - Container 1 is synced with bcsId 74.
2021-10-29 00:42:52,635 [Command processor thread] INFO  keyvalue.KeyValueContainer (KeyValueContainer.java:close(334)) - Container 1 is closed with bcsId 74.
2021-10-29 00:42:52,638 [Command processor thread] INFO  server.RaftServer (RaftServerProxy.java:addNew(95)) - eb8d8e32-cd46-4831-b02b-58c8725ce07f: addNew group-C757B2605331:[eb8d8e32-cd46-4831-b02b-58c8725ce07f|rpc:10.1.0.32:35769|priority:1] returns group-C757B2605331:java.util.concurrent.CompletableFuture@3508430a[Not completed]
2021-10-29 00:42:52,642 [pool-320-thread-1] INFO  server.RaftServer$Division (RaftServerImpl.java:<init>(184)) - eb8d8e32-cd46-4831-b02b-58c8725ce07f: new RaftServerImpl for group-C757B2605331:[eb8d8e32-cd46-4831-b02b-58c8725ce07f|rpc:10.1.0.32:35769|priority:1] with ContainerStateMachine:uninitialized
2021-10-29 00:42:52,642 [pool-320-thread-1] INFO  server.RaftServerConfigKeys (ConfUtils.java:logGet(44)) - raft.server.rpc.timeout.min = 5s (custom)
2021-10-29 00:42:52,642 [pool-320-thread-1] INFO  server.RaftServerConfigKeys (ConfUtils.java:logGet(44)) - raft.server.rpc.timeout.max = 5200ms (custom)
2021-10-29 00:42:52,643 [pool-320-thread-1] INFO  server.RaftServerConfigKeys (ConfUtils.java:logGet(44)) - raft.server.rpc.sleep.time = 25ms (default)
2021-10-29 00:42:52,643 [pool-320-thread-1] INFO  server.RaftServerConfigKeys (ConfUtils.java:logGet(44)) - raft.server.rpc.slowness.timeout = 300s (custom)
2021-10-29 00:42:52,645 [pool-320-thread-1] INFO  server.RaftServerConfigKeys (ConfUtils.java:logGet(44)) - raft.server.leaderelection.leader.step-down.wait-time = 10s (default)
2021-10-29 00:42:52,645 [pool-320-thread-1] INFO  server.RaftServerConfigKeys (ConfUtils.java:logGet(44)) - raft.server.sleep.deviation.threshold = 300ms (default)
2021-10-29 00:42:52,645 [pool-320-thread-1] INFO  server.RaftServerConfigKeys (ConfUtils.java:logGet(44)) - raft.server.log.appender.install.snapshot.enabled = false (custom)
2021-10-29 00:42:52,645 [pool-320-thread-1] INFO  server.RaftServer$Division (ServerState.java:<init>(105)) - eb8d8e32-cd46-4831-b02b-58c8725ce07f@group-C757B2605331: ConfigurationManager, init=-1: [eb8d8e32-cd46-4831-b02b-58c8725ce07f|rpc:10.1.0.32:35769|priority:1], old=null, confs=<EMPTY_MAP>
2021-10-29 00:42:52,645 [pool-320-thread-1] INFO  server.RaftServerConfigKeys (ConfUtils.java:logGet(44)) - raft.server.storage.dir = [/home/runner/work/ozone/ozone/hadoop-ozone/integration-test/target/test-dir/MiniOzoneClusterImpl-5f5ad6f1-7ccc-43e5-92d9-031f7ba6440e/datanode-3/data/ratis] (custom)
2021-10-29 00:42:52,645 [pool-320-thread-1] INFO  server.RaftServerConfigKeys (ConfUtils.java:logGet(44)) - raft.server.log.corruption.policy = EXCEPTION (default)
2021-10-29 00:42:52,645 [pool-320-thread-1] INFO  server.RaftServerConfigKeys (ConfUtils.java:logGet(44)) - raft.server.storage.free-space.min = 0MB (=0) (default)
2021-10-29 00:42:52,645 [pool-320-thread-1] INFO  storage.RaftStorageDirectory (RaftStorageDirectoryImpl.java:analyzeStorage(135)) - The storage directory /home/runner/work/ozone/ozone/hadoop-ozone/integration-test/target/test-dir/MiniOzoneClusterImpl-5f5ad6f1-7ccc-43e5-92d9-031f7ba6440e/datanode-3/data/ratis/6212ddeb-7792-4209-bebb-c757b2605331 does not exist. Creating ...
2021-10-29 00:42:52,647 [pool-320-thread-1] INFO  storage.RaftStorageDirectory (RaftStorageDirectoryImpl.java:tryLock(230)) - Lock on /home/runner/work/ozone/ozone/hadoop-ozone/integration-test/target/test-dir/MiniOzoneClusterImpl-5f5ad6f1-7ccc-43e5-92d9-031f7ba6440e/datanode-3/data/ratis/6212ddeb-7792-4209-bebb-c757b2605331/in_use.lock acquired by nodename 21509@fv-az291-161
2021-10-29 00:42:52,648 [pool-320-thread-1] INFO  storage.RaftStorage (RaftStorageImpl.java:format(89)) - Storage directory /home/runner/work/ozone/ozone/hadoop-ozone/integration-test/target/test-dir/MiniOzoneClusterImpl-5f5ad6f1-7ccc-43e5-92d9-031f7ba6440e/datanode-3/data/ratis/6212ddeb-7792-4209-bebb-c757b2605331 has been successfully formatted.
2021-10-29 00:42:52,650 [pool-320-thread-1] INFO  ratis.ContainerStateMachine (ContainerStateMachine.java:loadSnapshot(224)) - group-C757B2605331: The snapshot info is null. Setting the last applied indexto:(t:0, i:~)
2021-10-29 00:42:52,650 [pool-320-thread-1] INFO  server.RaftServerConfigKeys (ConfUtils.java:logGet(44)) - raft.server.notification.no-leader.timeout = 300s (custom)
2021-10-29 00:42:52,650 [pool-320-thread-1] INFO  server.RaftServerConfigKeys (ConfUtils.java:logGet(44)) - raft.server.log.use.memory = false (default)
2021-10-29 00:42:52,650 [pool-320-thread-1] INFO  server.RaftServerConfigKeys (ConfUtils.java:logGet(44)) - raft.server.log.purge.gap = 1000000 (custom)
2021-10-29 00:42:52,650 [pool-320-thread-1] INFO  server.RaftServerConfigKeys (ConfUtils.java:logGet(44)) - raft.server.log.appender.buffer.byte-limit = 33554432 (custom)
2021-10-29 00:42:52,650 [pool-320-thread-1] INFO  server.RaftServerConfigKeys (ConfUtils.java:logGet(44)) - raft.server.log.segment.size.max = 1048576 (custom)
2021-10-29 00:42:52,651 [pool-320-thread-1] INFO  server.RaftServerConfigKeys (ConfUtils.java:logGet(44)) - raft.server.log.segment.cache.num.max = 2 (custom)
2021-10-29 00:42:52,651 [pool-320-thread-1] INFO  server.RaftServerConfigKeys (ConfUtils.java:logGet(44)) - raft.server.log.segment.cache.size.max = 200MB (=209715200) (default)
2021-10-29 00:42:52,651 [pool-320-thread-1] INFO  segmented.SegmentedRaftLogWorker (SegmentedRaftLogWorker.java:<init>(182)) - new eb8d8e32-cd46-4831-b02b-58c8725ce07f@group-C757B2605331-SegmentedRaftLogWorker for RaftStorageImpl:Storage Directory /home/runner/work/ozone/ozone/hadoop-ozone/integration-test/target/test-dir/MiniOzoneClusterImpl-5f5ad6f1-7ccc-43e5-92d9-031f7ba6440e/datanode-3/data/ratis/6212ddeb-7792-4209-bebb-c757b2605331
2021-10-29 00:42:52,651 [pool-320-thread-1] INFO  server.RaftServerConfigKeys (ConfUtils.java:logGet(44)) - raft.server.log.queue.byte-limit = 2147483647 (custom)
2021-10-29 00:42:52,651 [pool-320-thread-1] INFO  server.RaftServerConfigKeys (ConfUtils.java:logGet(44)) - raft.server.log.queue.element-limit = 1024 (custom)
2021-10-29 00:42:52,651 [pool-320-thread-1] INFO  server.RaftServerConfigKeys (ConfUtils.java:logGet(44)) - raft.server.log.segment.size.max = 1048576 (custom)
2021-10-29 00:42:52,651 [pool-320-thread-1] INFO  server.RaftServerConfigKeys (ConfUtils.java:logGet(44)) - raft.server.log.preallocated.size = 16384 (custom)
2021-10-29 00:42:52,651 [pool-320-thread-1] INFO  server.RaftServerConfigKeys (ConfUtils.java:logGet(44)) - raft.server.log.force.sync.num = 128 (default)
2021-10-29 00:42:52,651 [pool-320-thread-1] INFO  server.RaftServerConfigKeys (ConfUtils.java:logGet(44)) - raft.server.log.statemachine.data.sync = true (default)
2021-10-29 00:42:52,651 [pool-320-thread-1] INFO  server.RaftServerConfigKeys (ConfUtils.java:logGet(44)) - raft.server.log.statemachine.data.sync.timeout = 10s (default)
2021-10-29 00:42:52,651 [pool-320-thread-1] INFO  server.RaftServerConfigKeys (ConfUtils.java:logGet(44)) - raft.server.log.statemachine.data.sync.timeout.retry = -1 (default)
2021-10-29 00:42:52,653 [pool-320-thread-1] INFO  server.RaftServerConfigKeys (ConfUtils.java:logGet(44)) - raft.server.log.write.buffer.size = 1048576 (custom)
2021-10-29 00:42:52,654 [pool-320-thread-1] INFO  server.RaftServerConfigKeys (ConfUtils.java:logGet(44)) - raft.server.log.statemachine.data.caching.enabled = true (custom)
2021-10-29 00:42:52,655 [pool-320-thread-1] INFO  segmented.SegmentedRaftLogWorker (SegmentedRaftLogWorker.java:lambda$new$0(133)) - eb8d8e32-cd46-4831-b02b-58c8725ce07f@group-C757B2605331-SegmentedRaftLogWorker: flushIndex: setUnconditionally 0 -> -1
2021-10-29 00:42:52,655 [pool-320-thread-1] INFO  segmented.SegmentedRaftLogWorker (SegmentedRaftLogWorker.java:lambda$new$0(133)) - eb8d8e32-cd46-4831-b02b-58c8725ce07f@group-C757B2605331-SegmentedRaftLogWorker: safeCacheEvictIndex: setUnconditionally 0 -> -1
2021-10-29 00:42:52,655 [EventQueue-PipelineReportForPipelineReportHandler] INFO  pipeline.PipelineManagerImpl (PipelineManagerImpl.java:openPipeline(289)) - Pipeline Pipeline[ Id: 6212ddeb-7792-4209-bebb-c757b2605331, Nodes: eb8d8e32-cd46-4831-b02b-58c8725ce07f{ip: 10.1.0.32, host: fv-az291-161.wgnan5asplgejimfprtllbpdch.jx.internal.cloudapp.net, ports: [REPLICATION=45369, RATIS=35769, RATIS_ADMIN=35769, RATIS_SERVER=35769, STANDALONE=34479], networkLocation: /default-rack, certSerialId: null, persistedOpState: IN_SERVICE, persistedOpStateExpiryEpochSec: 0}, ReplicationConfig: RATIS/ONE, State:ALLOCATED, leaderId:eb8d8e32-cd46-4831-b02b-58c8725ce07f, CreationTimestamp2021-10-29T00:42:49.638Z[Etc/UTC]] moved to OPEN state
2021-10-29 00:42:52,656 [pool-320-thread-1] INFO  server.RaftServerConfigKeys (ConfUtils.java:logGet(44)) - raft.server.snapshot.auto.trigger.enabled = true (custom)
2021-10-29 00:42:52,656 [pool-320-thread-1] INFO  server.RaftServerConfigKeys (ConfUtils.java:logGet(44)) - raft.server.snapshot.auto.trigger.threshold = 10000 (custom)
2021-10-29 00:42:52,656 [pool-320-thread-1] INFO  server.RaftServerConfigKeys (ConfUtils.java:logGet(44)) - raft.server.snapshot.retention.file.num = 5 (custom)
2021-10-29 00:42:52,656 [pool-320-thread-1] INFO  server.RaftServerConfigKeys (ConfUtils.java:logGet(44)) - raft.server.log.purge.upto.snapshot.index = false (default)
2021-10-29 00:42:52,656 [pool-320-thread-1] INFO  server.RaftServerConfigKeys (ConfUtils.java:logGet(44)) - raft.server.retrycache.expirytime = 600000ms (custom)
2021-10-29 00:42:52,656 [pool-320-thread-1] INFO  server.RaftServerConfigKeys (ConfUtils.java:logGet(44)) - raft.server.retrycache.statistics.expirytime = 100μs (default)
2021-10-29 00:42:52,657 [EventQueue-OpenPipelineForHealthyPipelineSafeModeRule] INFO  safemode.SCMSafeModeManager (HealthyPipelineSafeModeRule.java:process(124)) - SCM in safe mode. Healthy pipelines reported count is 0, required healthy pipeline reported count is 1
2021-10-29 00:42:52,658 [pool-320-thread-1] INFO  server.RaftServer$Division (RaftServerImpl.java:start(301)) - eb8d8e32-cd46-4831-b02b-58c8725ce07f@group-C757B2605331: start as a follower, conf=-1: [eb8d8e32-cd46-4831-b02b-58c8725ce07f|rpc:10.1.0.32:35769|priority:1], old=null
2021-10-29 00:42:52,658 [pool-320-thread-1] INFO  server.RaftServer$Division (RaftServerImpl.java:setRole(290)) - eb8d8e32-cd46-4831-b02b-58c8725ce07f@group-C757B2605331: changes role from      null to FOLLOWER at term 0 for startAsFollower
2021-10-29 00:42:52,658 [pool-320-thread-1] INFO  impl.RoleInfo (RoleInfo.java:updateAndGet(130)) - eb8d8e32-cd46-4831-b02b-58c8725ce07f: start eb8d8e32-cd46-4831-b02b-58c8725ce07f@group-C757B2605331-FollowerState
2021-10-29 00:42:52,658 [pool-320-thread-1] INFO  util.JmxRegister (JmxRegister.java:tryRegister(44)) - Successfully registered JMX Bean with object name Ratis:service=RaftServer,group=group-C757B2605331,id=eb8d8e32-cd46-4831-b02b-58c8725ce07f
2021-10-29 00:42:52,659 [Command processor thread] INFO  ratis.XceiverServerRatis (XceiverServerRatis.java:addGroup(768)) - Created group PipelineID=6212ddeb-7792-4209-bebb-c757b2605331
2021-10-29 00:42:52,659 [Command processor thread] INFO  commandhandler.CreatePipelineCommandHandler (CreatePipelineCommandHandler.java:handle(106)) - Created Pipeline RATIS ONE PipelineID=6212ddeb-7792-4209-bebb-c757b2605331.
2021-10-29 00:42:52,659 [Command processor thread] INFO  server.RaftServer (RaftServerProxy.java:addNew(95)) - eb8d8e32-cd46-4831-b02b-58c8725ce07f: addNew group-C97255F99171:[08531864-a45b-4b81-8b31-f5d747fe8b59|rpc:10.1.0.32:46027|priority:0, eb8d8e32-cd46-4831-b02b-58c8725ce07f|rpc:10.1.0.32:35769|priority:0, e8a99e94-03a8-424f-8179-644c8590267c|rpc:10.1.0.32:38993|priority:1] returns group-C97255F99171:java.util.concurrent.CompletableFuture@3137c173[Not completed]
2021-10-29 00:42:52,660 [pool-320-thread-1] INFO  server.RaftServer$Division (RaftServerImpl.java:<init>(184)) - eb8d8e32-cd46-4831-b02b-58c8725ce07f: new RaftServerImpl for group-C97255F99171:[08531864-a45b-4b81-8b31-f5d747fe8b59|rpc:10.1.0.32:46027|priority:0, eb8d8e32-cd46-4831-b02b-58c8725ce07f|rpc:10.1.0.32:35769|priority:0, e8a99e94-03a8-424f-8179-644c8590267c|rpc:10.1.0.32:38993|priority:1] with ContainerStateMachine:uninitialized
2021-10-29 00:42:52,661 [pool-320-thread-1] INFO  server.RaftServerConfigKeys (ConfUtils.java:logGet(44)) - raft.server.rpc.timeout.min = 5s (custom)
2021-10-29 00:42:52,661 [pool-320-thread-1] INFO  server.RaftServerConfigKeys (ConfUtils.java:logGet(44)) - raft.server.rpc.timeout.max = 5200ms (custom)
2021-10-29 00:42:52,661 [pool-320-thread-1] INFO  server.RaftServerConfigKeys (ConfUtils.java:logGet(44)) - raft.server.rpc.sleep.time = 25ms (default)
2021-10-29 00:42:52,661 [pool-320-thread-1] INFO  server.RaftServerConfigKeys (ConfUtils.java:logGet(44)) - raft.server.rpc.slowness.timeout = 300s (custom)
2021-10-29 00:42:52,661 [pool-320-thread-1] INFO  server.RaftServerConfigKeys (ConfUtils.java:logGet(44)) - raft.server.leaderelection.leader.step-down.wait-time = 10s (default)
2021-10-29 00:42:52,661 [pool-320-thread-1] INFO  server.RaftServerConfigKeys (ConfUtils.java:logGet(44)) - raft.server.sleep.deviation.threshold = 300ms (default)
2021-10-29 00:42:52,661 [pool-320-thread-1] INFO  server.RaftServerConfigKeys (ConfUtils.java:logGet(44)) - raft.server.log.appender.install.snapshot.enabled = false (custom)
2021-10-29 00:42:52,661 [pool-320-thread-1] INFO  server.RaftServer$Division (ServerState.java:<init>(105)) - eb8d8e32-cd46-4831-b02b-58c8725ce07f@group-C97255F99171: ConfigurationManager, init=-1: [08531864-a45b-4b81-8b31-f5d747fe8b59|rpc:10.1.0.32:46027|priority:0, eb8d8e32-cd46-4831-b02b-58c8725ce07f|rpc:10.1.0.32:35769|priority:0, e8a99e94-03a8-424f-8179-644c8590267c|rpc:10.1.0.32:38993|priority:1], old=null, confs=<EMPTY_MAP>
2021-10-29 00:42:52,661 [pool-320-thread-1] INFO  server.RaftServerConfigKeys (ConfUtils.java:logGet(44)) - raft.server.storage.dir = [/home/runner/work/ozone/ozone/hadoop-ozone/integration-test/target/test-dir/MiniOzoneClusterImpl-5f5ad6f1-7ccc-43e5-92d9-031f7ba6440e/datanode-3/data/ratis] (custom)
2021-10-29 00:42:52,661 [pool-320-thread-1] INFO  server.RaftServerConfigKeys (ConfUtils.java:logGet(44)) - raft.server.log.corruption.policy = EXCEPTION (default)
2021-10-29 00:42:52,661 [pool-320-thread-1] INFO  server.RaftServerConfigKeys (ConfUtils.java:logGet(44)) - raft.server.storage.free-space.min = 0MB (=0) (default)
2021-10-29 00:42:52,661 [pool-320-thread-1] INFO  storage.RaftStorageDirectory (RaftStorageDirectoryImpl.java:analyzeStorage(135)) - The storage directory /home/runner/work/ozone/ozone/hadoop-ozone/integration-test/target/test-dir/MiniOzoneClusterImpl-5f5ad6f1-7ccc-43e5-92d9-031f7ba6440e/datanode-3/data/ratis/69101745-b151-4a5b-9215-c97255f99171 does not exist. Creating ...
2021-10-29 00:42:52,662 [pool-320-thread-1] INFO  storage.RaftStorageDirectory (RaftStorageDirectoryImpl.java:tryLock(230)) - Lock on /home/runner/work/ozone/ozone/hadoop-ozone/integration-test/target/test-dir/MiniOzoneClusterImpl-5f5ad6f1-7ccc-43e5-92d9-031f7ba6440e/datanode-3/data/ratis/69101745-b151-4a5b-9215-c97255f99171/in_use.lock acquired by nodename 21509@fv-az291-161
2021-10-29 00:42:52,663 [pool-320-thread-1] INFO  storage.RaftStorage (RaftStorageImpl.java:format(89)) - Storage directory /home/runner/work/ozone/ozone/hadoop-ozone/integration-test/target/test-dir/MiniOzoneClusterImpl-5f5ad6f1-7ccc-43e5-92d9-031f7ba6440e/datanode-3/data/ratis/69101745-b151-4a5b-9215-c97255f99171 has been successfully formatted.
2021-10-29 00:42:52,665 [EventQueue-OpenPipelineForHealthyPipelineSafeModeRule] INFO  safemode.SCMSafeModeManager (HealthyPipelineSafeModeRule.java:process(124)) - SCM in safe mode. Healthy pipelines reported count is 0, required healthy pipeline reported count is 1
2021-10-29 00:42:52,665 [pool-320-thread-1] INFO  ratis.ContainerStateMachine (ContainerStateMachine.java:loadSnapshot(224)) - group-C97255F99171: The snapshot info is null. Setting the last applied indexto:(t:0, i:~)
2021-10-29 00:42:52,665 [pool-320-thread-1] INFO  server.RaftServerConfigKeys (ConfUtils.java:logGet(44)) - raft.server.notification.no-leader.timeout = 300s (custom)
2021-10-29 00:42:52,665 [pool-320-thread-1] INFO  server.RaftServerConfigKeys (ConfUtils.java:logGet(44)) - raft.server.log.use.memory = false (default)
2021-10-29 00:42:52,665 [pool-320-thread-1] INFO  server.RaftServerConfigKeys (ConfUtils.java:logGet(44)) - raft.server.log.purge.gap = 1000000 (custom)
2021-10-29 00:42:52,666 [pool-320-thread-1] INFO  server.RaftServerConfigKeys (ConfUtils.java:logGet(44)) - raft.server.log.appender.buffer.byte-limit = 33554432 (custom)
2021-10-29 00:42:52,666 [pool-320-thread-1] INFO  server.RaftServerConfigKeys (ConfUtils.java:logGet(44)) - raft.server.log.segment.size.max = 1048576 (custom)
2021-10-29 00:42:52,667 [Command processor thread] INFO  keyvalue.KeyValueContainer (KeyValueContainer.java:flushAndSyncDB(397)) - Container 2 is synced with bcsId 78.
2021-10-29 00:42:52,667 [Command processor thread] INFO  keyvalue.KeyValueContainer (KeyValueContainer.java:flushAndSyncDB(397)) - Container 2 is synced with bcsId 78.
2021-10-29 00:42:52,667 [pool-320-thread-1] INFO  server.RaftServerConfigKeys (ConfUtils.java:logGet(44)) - raft.server.log.segment.cache.num.max = 2 (custom)
2021-10-29 00:42:52,667 [pool-320-thread-1] INFO  server.RaftServerConfigKeys (ConfUtils.java:logGet(44)) - raft.server.log.segment.cache.size.max = 200MB (=209715200) (default)
2021-10-29 00:42:52,667 [pool-320-thread-1] INFO  segmented.SegmentedRaftLogWorker (SegmentedRaftLogWorker.java:<init>(182)) - new eb8d8e32-cd46-4831-b02b-58c8725ce07f@group-C97255F99171-SegmentedRaftLogWorker for RaftStorageImpl:Storage Directory /home/runner/work/ozone/ozone/hadoop-ozone/integration-test/target/test-dir/MiniOzoneClusterImpl-5f5ad6f1-7ccc-43e5-92d9-031f7ba6440e/datanode-3/data/ratis/69101745-b151-4a5b-9215-c97255f99171
2021-10-29 00:42:52,667 [pool-320-thread-1] INFO  server.RaftServerConfigKeys (ConfUtils.java:logGet(44)) - raft.server.log.queue.byte-limit = 2147483647 (custom)
2021-10-29 00:42:52,667 [pool-320-thread-1] INFO  server.RaftServerConfigKeys (ConfUtils.java:logGet(44)) - raft.server.log.queue.element-limit = 1024 (custom)
2021-10-29 00:42:52,667 [pool-320-thread-1] INFO  server.RaftServerConfigKeys (ConfUtils.java:logGet(44)) - raft.server.log.segment.size.max = 1048576 (custom)
2021-10-29 00:42:52,667 [pool-320-thread-1] INFO  server.RaftServerConfigKeys (ConfUtils.java:logGet(44)) - raft.server.log.preallocated.size = 16384 (custom)
2021-10-29 00:42:52,668 [pool-320-thread-1] INFO  server.RaftServerConfigKeys (ConfUtils.java:logGet(44)) - raft.server.log.force.sync.num = 128 (default)
2021-10-29 00:42:52,668 [pool-320-thread-1] INFO  server.RaftServerConfigKeys (ConfUtils.java:logGet(44)) - raft.server.log.statemachine.data.sync = true (default)
2021-10-29 00:42:52,668 [pool-320-thread-1] INFO  server.RaftServerConfigKeys (ConfUtils.java:logGet(44)) - raft.server.log.statemachine.data.sync.timeout = 10s (default)
2021-10-29 00:42:52,668 [pool-320-thread-1] INFO  server.RaftServerConfigKeys (ConfUtils.java:logGet(44)) - raft.server.log.statemachine.data.sync.timeout.retry = -1 (default)
2021-10-29 00:42:52,669 [pool-320-thread-1] INFO  server.RaftServerConfigKeys (ConfUtils.java:logGet(44)) - raft.server.log.write.buffer.size = 1048576 (custom)
2021-10-29 00:42:52,670 [pool-320-thread-1] INFO  server.RaftServerConfigKeys (ConfUtils.java:logGet(44)) - raft.server.log.statemachine.data.caching.enabled = true (custom)
2021-10-29 00:42:52,670 [pool-320-thread-1] INFO  segmented.SegmentedRaftLogWorker (SegmentedRaftLogWorker.java:lambda$new$0(133)) - eb8d8e32-cd46-4831-b02b-58c8725ce07f@group-C97255F99171-SegmentedRaftLogWorker: flushIndex: setUnconditionally 0 -> -1
2021-10-29 00:42:52,670 [pool-320-thread-1] INFO  segmented.SegmentedRaftLogWorker (SegmentedRaftLogWorker.java:lambda$new$0(133)) - eb8d8e32-cd46-4831-b02b-58c8725ce07f@group-C97255F99171-SegmentedRaftLogWorker: safeCacheEvictIndex: setUnconditionally 0 -> -1
2021-10-29 00:42:52,670 [pool-320-thread-1] INFO  server.RaftServerConfigKeys (ConfUtils.java:logGet(44)) - raft.server.snapshot.auto.trigger.enabled = true (custom)
2021-10-29 00:42:52,670 [pool-320-thread-1] INFO  server.RaftServerConfigKeys (ConfUtils.java:logGet(44)) - raft.server.snapshot.auto.trigger.threshold = 10000 (custom)
2021-10-29 00:42:52,670 [pool-320-thread-1] INFO  server.RaftServerConfigKeys (ConfUtils.java:logGet(44)) - raft.server.snapshot.retention.file.num = 5 (custom)
2021-10-29 00:42:52,670 [pool-320-thread-1] INFO  server.RaftServerConfigKeys (ConfUtils.java:logGet(44)) - raft.server.log.purge.upto.snapshot.index = false (default)
2021-10-29 00:42:52,670 [pool-320-thread-1] INFO  server.RaftServerConfigKeys (ConfUtils.java:logGet(44)) - raft.server.retrycache.expirytime = 600000ms (custom)
2021-10-29 00:42:52,670 [pool-320-thread-1] INFO  server.RaftServerConfigKeys (ConfUtils.java:logGet(44)) - raft.server.retrycache.statistics.expirytime = 100μs (default)
2021-10-29 00:42:52,672 [pool-320-thread-1] INFO  server.RaftServer$Division (RaftServerImpl.java:start(301)) - eb8d8e32-cd46-4831-b02b-58c8725ce07f@group-C97255F99171: start as a follower, conf=-1: [08531864-a45b-4b81-8b31-f5d747fe8b59|rpc:10.1.0.32:46027|priority:0, eb8d8e32-cd46-4831-b02b-58c8725ce07f|rpc:10.1.0.32:35769|priority:0, e8a99e94-03a8-424f-8179-644c8590267c|rpc:10.1.0.32:38993|priority:1], old=null
2021-10-29 00:42:52,672 [pool-320-thread-1] INFO  server.RaftServer$Division (RaftServerImpl.java:setRole(290)) - eb8d8e32-cd46-4831-b02b-58c8725ce07f@group-C97255F99171: changes role from      null to FOLLOWER at term 0 for startAsFollower
2021-10-29 00:42:52,672 [pool-320-thread-1] INFO  impl.RoleInfo (RoleInfo.java:updateAndGet(130)) - eb8d8e32-cd46-4831-b02b-58c8725ce07f: start eb8d8e32-cd46-4831-b02b-58c8725ce07f@group-C97255F99171-FollowerState
2021-10-29 00:42:52,676 [pool-320-thread-1] INFO  util.JmxRegister (JmxRegister.java:tryRegister(44)) - Successfully registered JMX Bean with object name Ratis:service=RaftServer,group=group-C97255F99171,id=eb8d8e32-cd46-4831-b02b-58c8725ce07f
2021-10-29 00:42:52,676 [Command processor thread] INFO  ratis.XceiverServerRatis (XceiverServerRatis.java:addGroup(768)) - Created group PipelineID=69101745-b151-4a5b-9215-c97255f99171
2021-10-29 00:42:52,680 [Command processor thread] INFO  keyvalue.KeyValueContainer (KeyValueContainer.java:close(334)) - Container 2 is closed with bcsId 78.
2021-10-29 00:42:52,689 [grpc-default-executor-3] INFO  server.RaftServer (RaftServerProxy.java:addNew(95)) - e8a99e94-03a8-424f-8179-644c8590267c: addNew group-C97255F99171:[08531864-a45b-4b81-8b31-f5d747fe8b59|rpc:10.1.0.32:46027|dataStream:|priority:0, eb8d8e32-cd46-4831-b02b-58c8725ce07f|rpc:10.1.0.32:35769|dataStream:|priority:0, e8a99e94-03a8-424f-8179-644c8590267c|rpc:10.1.0.32:38993|dataStream:|priority:1] returns group-C97255F99171:java.util.concurrent.CompletableFuture@1c6f95e3[Not completed]
2021-10-29 00:42:52,690 [pool-341-thread-1] INFO  server.RaftServer$Division (RaftServerImpl.java:<init>(184)) - e8a99e94-03a8-424f-8179-644c8590267c: new RaftServerImpl for group-C97255F99171:[08531864-a45b-4b81-8b31-f5d747fe8b59|rpc:10.1.0.32:46027|dataStream:|priority:0, eb8d8e32-cd46-4831-b02b-58c8725ce07f|rpc:10.1.0.32:35769|dataStream:|priority:0, e8a99e94-03a8-424f-8179-644c8590267c|rpc:10.1.0.32:38993|dataStream:|priority:1] with ContainerStateMachine:uninitialized
2021-10-29 00:42:52,691 [pool-341-thread-1] INFO  server.RaftServerConfigKeys (ConfUtils.java:logGet(44)) - raft.server.rpc.timeout.min = 5s (custom)
2021-10-29 00:42:52,691 [pool-341-thread-1] INFO  server.RaftServerConfigKeys (ConfUtils.java:logGet(44)) - raft.server.rpc.timeout.max = 5200ms (custom)
2021-10-29 00:42:52,691 [pool-341-thread-1] INFO  server.RaftServerConfigKeys (ConfUtils.java:logGet(44)) - raft.server.rpc.sleep.time = 25ms (default)
2021-10-29 00:42:52,691 [pool-341-thread-1] INFO  server.RaftServerConfigKeys (ConfUtils.java:logGet(44)) - raft.server.rpc.slowness.timeout = 300s (custom)
2021-10-29 00:42:52,691 [pool-341-thread-1] INFO  server.RaftServerConfigKeys (ConfUtils.java:logGet(44)) - raft.server.leaderelection.leader.step-down.wait-time = 10s (default)
2021-10-29 00:42:52,691 [pool-341-thread-1] INFO  server.RaftServerConfigKeys (ConfUtils.java:logGet(44)) - raft.server.sleep.deviation.threshold = 300ms (default)
2021-10-29 00:42:52,691 [pool-341-thread-1] INFO  server.RaftServerConfigKeys (ConfUtils.java:logGet(44)) - raft.server.log.appender.install.snapshot.enabled = false (custom)
2021-10-29 00:42:52,691 [pool-341-thread-1] INFO  server.RaftServer$Division (ServerState.java:<init>(105)) - e8a99e94-03a8-424f-8179-644c8590267c@group-C97255F99171: ConfigurationManager, init=-1: [08531864-a45b-4b81-8b31-f5d747fe8b59|rpc:10.1.0.32:46027|dataStream:|priority:0, eb8d8e32-cd46-4831-b02b-58c8725ce07f|rpc:10.1.0.32:35769|dataStream:|priority:0, e8a99e94-03a8-424f-8179-644c8590267c|rpc:10.1.0.32:38993|dataStream:|priority:1], old=null, confs=<EMPTY_MAP>
2021-10-29 00:42:52,691 [pool-341-thread-1] INFO  server.RaftServerConfigKeys (ConfUtils.java:logGet(44)) - raft.server.storage.dir = [/home/runner/work/ozone/ozone/hadoop-ozone/integration-test/target/test-dir/MiniOzoneClusterImpl-5f5ad6f1-7ccc-43e5-92d9-031f7ba6440e/datanode-4/data/ratis] (custom)
2021-10-29 00:42:52,691 [pool-341-thread-1] INFO  server.RaftServerConfigKeys (ConfUtils.java:logGet(44)) - raft.server.log.corruption.policy = EXCEPTION (default)
2021-10-29 00:42:52,691 [pool-341-thread-1] INFO  server.RaftServerConfigKeys (ConfUtils.java:logGet(44)) - raft.server.storage.free-space.min = 0MB (=0) (default)
2021-10-29 00:42:52,692 [pool-341-thread-1] INFO  storage.RaftStorageDirectory (RaftStorageDirectoryImpl.java:analyzeStorage(135)) - The storage directory /home/runner/work/ozone/ozone/hadoop-ozone/integration-test/target/test-dir/MiniOzoneClusterImpl-5f5ad6f1-7ccc-43e5-92d9-031f7ba6440e/datanode-4/data/ratis/69101745-b151-4a5b-9215-c97255f99171 does not exist. Creating ...
2021-10-29 00:42:52,693 [pool-341-thread-1] INFO  storage.RaftStorageDirectory (RaftStorageDirectoryImpl.java:tryLock(230)) - Lock on /home/runner/work/ozone/ozone/hadoop-ozone/integration-test/target/test-dir/MiniOzoneClusterImpl-5f5ad6f1-7ccc-43e5-92d9-031f7ba6440e/datanode-4/data/ratis/69101745-b151-4a5b-9215-c97255f99171/in_use.lock acquired by nodename 21509@fv-az291-161
2021-10-29 00:42:52,695 [pool-341-thread-1] INFO  storage.RaftStorage (RaftStorageImpl.java:format(89)) - Storage directory /home/runner/work/ozone/ozone/hadoop-ozone/integration-test/target/test-dir/MiniOzoneClusterImpl-5f5ad6f1-7ccc-43e5-92d9-031f7ba6440e/datanode-4/data/ratis/69101745-b151-4a5b-9215-c97255f99171 has been successfully formatted.
2021-10-29 00:42:52,697 [pool-341-thread-1] INFO  ratis.ContainerStateMachine (ContainerStateMachine.java:loadSnapshot(224)) - group-C97255F99171: The snapshot info is null. Setting the last applied indexto:(t:0, i:~)
2021-10-29 00:42:52,698 [pool-341-thread-1] INFO  server.RaftServerConfigKeys (ConfUtils.java:logGet(44)) - raft.server.notification.no-leader.timeout = 300s (custom)
2021-10-29 00:42:52,698 [pool-341-thread-1] INFO  server.RaftServerConfigKeys (ConfUtils.java:logGet(44)) - raft.server.log.use.memory = false (default)
2021-10-29 00:42:52,698 [pool-341-thread-1] INFO  server.RaftServerConfigKeys (ConfUtils.java:logGet(44)) - raft.server.log.purge.gap = 1000000 (custom)
2021-10-29 00:42:52,699 [pool-341-thread-1] INFO  server.RaftServerConfigKeys (ConfUtils.java:logGet(44)) - raft.server.log.appender.buffer.byte-limit = 33554432 (custom)
2021-10-29 00:42:52,699 [pool-341-thread-1] INFO  server.RaftServerConfigKeys (ConfUtils.java:logGet(44)) - raft.server.log.segment.size.max = 1048576 (custom)
2021-10-29 00:42:52,699 [pool-341-thread-1] INFO  server.RaftServerConfigKeys (ConfUtils.java:logGet(44)) - raft.server.log.segment.cache.num.max = 2 (custom)
2021-10-29 00:42:52,699 [pool-341-thread-1] INFO  server.RaftServerConfigKeys (ConfUtils.java:logGet(44)) - raft.server.log.segment.cache.size.max = 200MB (=209715200) (default)
2021-10-29 00:42:52,699 [pool-341-thread-1] INFO  segmented.SegmentedRaftLogWorker (SegmentedRaftLogWorker.java:<init>(182)) - new e8a99e94-03a8-424f-8179-644c8590267c@group-C97255F99171-SegmentedRaftLogWorker for RaftStorageImpl:Storage Directory /home/runner/work/ozone/ozone/hadoop-ozone/integration-test/target/test-dir/MiniOzoneClusterImpl-5f5ad6f1-7ccc-43e5-92d9-031f7ba6440e/datanode-4/data/ratis/69101745-b151-4a5b-9215-c97255f99171
2021-10-29 00:42:52,699 [pool-341-thread-1] INFO  server.RaftServerConfigKeys (ConfUtils.java:logGet(44)) - raft.server.log.queue.byte-limit = 2147483647 (custom)
2021-10-29 00:42:52,700 [pool-341-thread-1] INFO  server.RaftServerConfigKeys (ConfUtils.java:logGet(44)) - raft.server.log.queue.element-limit = 1024 (custom)
2021-10-29 00:42:52,700 [pool-341-thread-1] INFO  server.RaftServerConfigKeys (ConfUtils.java:logGet(44)) - raft.server.log.segment.size.max = 1048576 (custom)
2021-10-29 00:42:52,700 [pool-341-thread-1] INFO  server.RaftServerConfigKeys (ConfUtils.java:logGet(44)) - raft.server.log.preallocated.size = 16384 (custom)
2021-10-29 00:42:52,700 [pool-341-thread-1] INFO  server.RaftServerConfigKeys (ConfUtils.java:logGet(44)) - raft.server.log.force.sync.num = 128 (default)
2021-10-29 00:42:52,700 [pool-341-thread-1] INFO  server.RaftServerConfigKeys (ConfUtils.java:logGet(44)) - raft.server.log.statemachine.data.sync = true (default)
2021-10-29 00:42:52,700 [pool-341-thread-1] INFO  server.RaftServerConfigKeys (ConfUtils.java:logGet(44)) - raft.server.log.statemachine.data.sync.timeout = 10s (default)
2021-10-29 00:42:52,700 [pool-341-thread-1] INFO  server.RaftServerConfigKeys (ConfUtils.java:logGet(44)) - raft.server.log.statemachine.data.sync.timeout.retry = -1 (default)
2021-10-29 00:42:52,701 [pool-341-thread-1] INFO  server.RaftServerConfigKeys (ConfUtils.java:logGet(44)) - raft.server.log.write.buffer.size = 1048576 (custom)
2021-10-29 00:42:52,702 [pool-341-thread-1] INFO  server.RaftServerConfigKeys (ConfUtils.java:logGet(44)) - raft.server.log.statemachine.data.caching.enabled = true (custom)
2021-10-29 00:42:52,702 [pool-341-thread-1] INFO  segmented.SegmentedRaftLogWorker (SegmentedRaftLogWorker.java:lambda$new$0(133)) - e8a99e94-03a8-424f-8179-644c8590267c@group-C97255F99171-SegmentedRaftLogWorker: flushIndex: setUnconditionally 0 -> -1
2021-10-29 00:42:52,702 [pool-341-thread-1] INFO  segmented.SegmentedRaftLogWorker (SegmentedRaftLogWorker.java:lambda$new$0(133)) - e8a99e94-03a8-424f-8179-644c8590267c@group-C97255F99171-SegmentedRaftLogWorker: safeCacheEvictIndex: setUnconditionally 0 -> -1
2021-10-29 00:42:52,702 [pool-341-thread-1] INFO  server.RaftServerConfigKeys (ConfUtils.java:logGet(44)) - raft.server.snapshot.auto.trigger.enabled = true (custom)
2021-10-29 00:42:52,702 [pool-341-thread-1] INFO  server.RaftServerConfigKeys (ConfUtils.java:logGet(44)) - raft.server.snapshot.auto.trigger.threshold = 10000 (custom)
2021-10-29 00:42:52,702 [pool-341-thread-1] INFO  server.RaftServerConfigKeys (ConfUtils.java:logGet(44)) - raft.server.snapshot.retention.file.num = 5 (custom)
2021-10-29 00:42:52,702 [pool-341-thread-1] INFO  server.RaftServerConfigKeys (ConfUtils.java:logGet(44)) - raft.server.log.purge.upto.snapshot.index = false (default)
2021-10-29 00:42:52,702 [pool-341-thread-1] INFO  server.RaftServerConfigKeys (ConfUtils.java:logGet(44)) - raft.server.retrycache.expirytime = 600000ms (custom)
2021-10-29 00:42:52,703 [pool-341-thread-1] INFO  server.RaftServerConfigKeys (ConfUtils.java:logGet(44)) - raft.server.retrycache.statistics.expirytime = 100μs (default)
2021-10-29 00:42:52,704 [pool-341-thread-1] INFO  server.RaftServer$Division (RaftServerImpl.java:start(301)) - e8a99e94-03a8-424f-8179-644c8590267c@group-C97255F99171: start as a follower, conf=-1: [08531864-a45b-4b81-8b31-f5d747fe8b59|rpc:10.1.0.32:46027|dataStream:|priority:0, eb8d8e32-cd46-4831-b02b-58c8725ce07f|rpc:10.1.0.32:35769|dataStream:|priority:0, e8a99e94-03a8-424f-8179-644c8590267c|rpc:10.1.0.32:38993|dataStream:|priority:1], old=null
2021-10-29 00:42:52,704 [pool-341-thread-1] INFO  server.RaftServer$Division (RaftServerImpl.java:setRole(290)) - e8a99e94-03a8-424f-8179-644c8590267c@group-C97255F99171: changes role from      null to FOLLOWER at term 0 for startAsFollower
2021-10-29 00:42:52,704 [pool-341-thread-1] INFO  impl.RoleInfo (RoleInfo.java:updateAndGet(130)) - e8a99e94-03a8-424f-8179-644c8590267c: start e8a99e94-03a8-424f-8179-644c8590267c@group-C97255F99171-FollowerState
2021-10-29 00:42:52,704 [pool-341-thread-1] INFO  util.JmxRegister (JmxRegister.java:tryRegister(44)) - Successfully registered JMX Bean with object name Ratis:service=RaftServer,group=group-C97255F99171,id=e8a99e94-03a8-424f-8179-644c8590267c
2021-10-29 00:42:52,719 [grpc-default-executor-3] INFO  server.RaftServer (RaftServerProxy.java:addNew(95)) - 08531864-a45b-4b81-8b31-f5d747fe8b59: addNew group-C97255F99171:[08531864-a45b-4b81-8b31-f5d747fe8b59|rpc:10.1.0.32:46027|dataStream:|priority:0, eb8d8e32-cd46-4831-b02b-58c8725ce07f|rpc:10.1.0.32:35769|dataStream:|priority:0, e8a99e94-03a8-424f-8179-644c8590267c|rpc:10.1.0.32:38993|dataStream:|priority:1] returns group-C97255F99171:java.util.concurrent.CompletableFuture@6da21855[Not completed]
2021-10-29 00:42:52,721 [pool-365-thread-1] INFO  server.RaftServer$Division (RaftServerImpl.java:<init>(184)) - 08531864-a45b-4b81-8b31-f5d747fe8b59: new RaftServerImpl for group-C97255F99171:[08531864-a45b-4b81-8b31-f5d747fe8b59|rpc:10.1.0.32:46027|dataStream:|priority:0, eb8d8e32-cd46-4831-b02b-58c8725ce07f|rpc:10.1.0.32:35769|dataStream:|priority:0, e8a99e94-03a8-424f-8179-644c8590267c|rpc:10.1.0.32:38993|dataStream:|priority:1] with ContainerStateMachine:uninitialized
2021-10-29 00:42:52,721 [pool-365-thread-1] INFO  server.RaftServerConfigKeys (ConfUtils.java:logGet(44)) - raft.server.rpc.timeout.min = 5s (custom)
2021-10-29 00:42:52,721 [pool-365-thread-1] INFO  server.RaftServerConfigKeys (ConfUtils.java:logGet(44)) - raft.server.rpc.timeout.max = 5200ms (custom)
2021-10-29 00:42:52,721 [pool-365-thread-1] INFO  server.RaftServerConfigKeys (ConfUtils.java:logGet(44)) - raft.server.rpc.sleep.time = 25ms (default)
2021-10-29 00:42:52,721 [pool-365-thread-1] INFO  server.RaftServerConfigKeys (ConfUtils.java:logGet(44)) - raft.server.rpc.slowness.timeout = 300s (custom)
2021-10-29 00:42:52,721 [pool-365-thread-1] INFO  server.RaftServerConfigKeys (ConfUtils.java:logGet(44)) - raft.server.leaderelection.leader.step-down.wait-time = 10s (default)
2021-10-29 00:42:52,721 [pool-365-thread-1] INFO  server.RaftServerConfigKeys (ConfUtils.java:logGet(44)) - raft.server.sleep.deviation.threshold = 300ms (default)
2021-10-29 00:42:52,721 [pool-365-thread-1] INFO  server.RaftServerConfigKeys (ConfUtils.java:logGet(44)) - raft.server.log.appender.install.snapshot.enabled = false (custom)
2021-10-29 00:42:52,721 [pool-365-thread-1] INFO  server.RaftServer$Division (ServerState.java:<init>(105)) - 08531864-a45b-4b81-8b31-f5d747fe8b59@group-C97255F99171: ConfigurationManager, init=-1: [08531864-a45b-4b81-8b31-f5d747fe8b59|rpc:10.1.0.32:46027|dataStream:|priority:0, eb8d8e32-cd46-4831-b02b-58c8725ce07f|rpc:10.1.0.32:35769|dataStream:|priority:0, e8a99e94-03a8-424f-8179-644c8590267c|rpc:10.1.0.32:38993|dataStream:|priority:1], old=null, confs=<EMPTY_MAP>
2021-10-29 00:42:52,722 [pool-365-thread-1] INFO  server.RaftServerConfigKeys (ConfUtils.java:logGet(44)) - raft.server.storage.dir = [/home/runner/work/ozone/ozone/hadoop-ozone/integration-test/target/test-dir/MiniOzoneClusterImpl-5f5ad6f1-7ccc-43e5-92d9-031f7ba6440e/datanode-5/data/ratis] (custom)
2021-10-29 00:42:52,722 [pool-365-thread-1] INFO  server.RaftServerConfigKeys (ConfUtils.java:logGet(44)) - raft.server.log.corruption.policy = EXCEPTION (default)
2021-10-29 00:42:52,722 [pool-365-thread-1] INFO  server.RaftServerConfigKeys (ConfUtils.java:logGet(44)) - raft.server.storage.free-space.min = 0MB (=0) (default)
2021-10-29 00:42:52,722 [pool-365-thread-1] INFO  storage.RaftStorageDirectory (RaftStorageDirectoryImpl.java:analyzeStorage(135)) - The storage directory /home/runner/work/ozone/ozone/hadoop-ozone/integration-test/target/test-dir/MiniOzoneClusterImpl-5f5ad6f1-7ccc-43e5-92d9-031f7ba6440e/datanode-5/data/ratis/69101745-b151-4a5b-9215-c97255f99171 does not exist. Creating ...
2021-10-29 00:42:52,723 [pool-365-thread-1] INFO  storage.RaftStorageDirectory (RaftStorageDirectoryImpl.java:tryLock(230)) - Lock on /home/runner/work/ozone/ozone/hadoop-ozone/integration-test/target/test-dir/MiniOzoneClusterImpl-5f5ad6f1-7ccc-43e5-92d9-031f7ba6440e/datanode-5/data/ratis/69101745-b151-4a5b-9215-c97255f99171/in_use.lock acquired by nodename 21509@fv-az291-161
2021-10-29 00:42:52,724 [pool-365-thread-1] INFO  storage.RaftStorage (RaftStorageImpl.java:format(89)) - Storage directory /home/runner/work/ozone/ozone/hadoop-ozone/integration-test/target/test-dir/MiniOzoneClusterImpl-5f5ad6f1-7ccc-43e5-92d9-031f7ba6440e/datanode-5/data/ratis/69101745-b151-4a5b-9215-c97255f99171 has been successfully formatted.
2021-10-29 00:42:52,730 [pool-365-thread-1] INFO  ratis.ContainerStateMachine (ContainerStateMachine.java:loadSnapshot(224)) - group-C97255F99171: The snapshot info is null. Setting the last applied indexto:(t:0, i:~)
2021-10-29 00:42:52,730 [pool-365-thread-1] INFO  server.RaftServerConfigKeys (ConfUtils.java:logGet(44)) - raft.server.notification.no-leader.timeout = 300s (custom)
2021-10-29 00:42:52,731 [pool-365-thread-1] INFO  server.RaftServerConfigKeys (ConfUtils.java:logGet(44)) - raft.server.log.use.memory = false (default)
2021-10-29 00:42:52,731 [pool-365-thread-1] INFO  server.RaftServerConfigKeys (ConfUtils.java:logGet(44)) - raft.server.log.purge.gap = 1000000 (custom)
2021-10-29 00:42:52,732 [pool-365-thread-1] INFO  server.RaftServerConfigKeys (ConfUtils.java:logGet(44)) - raft.server.log.appender.buffer.byte-limit = 33554432 (custom)
2021-10-29 00:42:52,732 [pool-365-thread-1] INFO  server.RaftServerConfigKeys (ConfUtils.java:logGet(44)) - raft.server.log.segment.size.max = 1048576 (custom)
2021-10-29 00:42:52,732 [pool-365-thread-1] INFO  server.RaftServerConfigKeys (ConfUtils.java:logGet(44)) - raft.server.log.segment.cache.num.max = 2 (custom)
2021-10-29 00:42:52,732 [pool-365-thread-1] INFO  server.RaftServerConfigKeys (ConfUtils.java:logGet(44)) - raft.server.log.segment.cache.size.max = 200MB (=209715200) (default)
2021-10-29 00:42:52,733 [pool-365-thread-1] INFO  segmented.SegmentedRaftLogWorker (SegmentedRaftLogWorker.java:<init>(182)) - new 08531864-a45b-4b81-8b31-f5d747fe8b59@group-C97255F99171-SegmentedRaftLogWorker for RaftStorageImpl:Storage Directory /home/runner/work/ozone/ozone/hadoop-ozone/integration-test/target/test-dir/MiniOzoneClusterImpl-5f5ad6f1-7ccc-43e5-92d9-031f7ba6440e/datanode-5/data/ratis/69101745-b151-4a5b-9215-c97255f99171
2021-10-29 00:42:52,733 [pool-365-thread-1] INFO  server.RaftServerConfigKeys (ConfUtils.java:logGet(44)) - raft.server.log.queue.byte-limit = 2147483647 (custom)
2021-10-29 00:42:52,733 [pool-365-thread-1] INFO  server.RaftServerConfigKeys (ConfUtils.java:logGet(44)) - raft.server.log.queue.element-limit = 1024 (custom)
2021-10-29 00:42:52,733 [pool-365-thread-1] INFO  server.RaftServerConfigKeys (ConfUtils.java:logGet(44)) - raft.server.log.segment.size.max = 1048576 (custom)
2021-10-29 00:42:52,733 [pool-365-thread-1] INFO  server.RaftServerConfigKeys (ConfUtils.java:logGet(44)) - raft.server.log.preallocated.size = 16384 (custom)
2021-10-29 00:42:52,733 [pool-365-thread-1] INFO  server.RaftServerConfigKeys (ConfUtils.java:logGet(44)) - raft.server.log.force.sync.num = 128 (default)
2021-10-29 00:42:52,733 [pool-365-thread-1] INFO  server.RaftServerConfigKeys (ConfUtils.java:logGet(44)) - raft.server.log.statemachine.data.sync = true (default)
2021-10-29 00:42:52,733 [pool-365-thread-1] INFO  server.RaftServerConfigKeys (ConfUtils.java:logGet(44)) - raft.server.log.statemachine.data.sync.timeout = 10s (default)
2021-10-29 00:42:52,733 [pool-365-thread-1] INFO  server.RaftServerConfigKeys (ConfUtils.java:logGet(44)) - raft.server.log.statemachine.data.sync.timeout.retry = -1 (default)
2021-10-29 00:42:52,734 [pool-365-thread-1] INFO  server.RaftServerConfigKeys (ConfUtils.java:logGet(44)) - raft.server.log.write.buffer.size = 1048576 (custom)
2021-10-29 00:42:52,735 [pool-365-thread-1] INFO  server.RaftServerConfigKeys (ConfUtils.java:logGet(44)) - raft.server.log.statemachine.data.caching.enabled = true (custom)
2021-10-29 00:42:52,735 [pool-365-thread-1] INFO  segmented.SegmentedRaftLogWorker (SegmentedRaftLogWorker.java:lambda$new$0(133)) - 08531864-a45b-4b81-8b31-f5d747fe8b59@group-C97255F99171-SegmentedRaftLogWorker: flushIndex: setUnconditionally 0 -> -1
2021-10-29 00:42:52,735 [pool-365-thread-1] INFO  segmented.SegmentedRaftLogWorker (SegmentedRaftLogWorker.java:lambda$new$0(133)) - 08531864-a45b-4b81-8b31-f5d747fe8b59@group-C97255F99171-SegmentedRaftLogWorker: safeCacheEvictIndex: setUnconditionally 0 -> -1
2021-10-29 00:42:52,740 [pool-365-thread-1] INFO  server.RaftServerConfigKeys (ConfUtils.java:logGet(44)) - raft.server.snapshot.auto.trigger.enabled = true (custom)
2021-10-29 00:42:52,740 [pool-365-thread-1] INFO  server.RaftServerConfigKeys (ConfUtils.java:logGet(44)) - raft.server.snapshot.auto.trigger.threshold = 10000 (custom)
2021-10-29 00:42:52,740 [pool-365-thread-1] INFO  server.RaftServerConfigKeys (ConfUtils.java:logGet(44)) - raft.server.snapshot.retention.file.num = 5 (custom)
2021-10-29 00:42:52,740 [pool-365-thread-1] INFO  server.RaftServerConfigKeys (ConfUtils.java:logGet(44)) - raft.server.log.purge.upto.snapshot.index = false (default)
2021-10-29 00:42:52,740 [pool-365-thread-1] INFO  server.RaftServerConfigKeys (ConfUtils.java:logGet(44)) - raft.server.retrycache.expirytime = 600000ms (custom)
2021-10-29 00:42:52,740 [pool-365-thread-1] INFO  server.RaftServerConfigKeys (ConfUtils.java:logGet(44)) - raft.server.retrycache.statistics.expirytime = 100μs (default)
2021-10-29 00:42:52,742 [pool-365-thread-1] INFO  server.RaftServer$Division (RaftServerImpl.java:start(301)) - 08531864-a45b-4b81-8b31-f5d747fe8b59@group-C97255F99171: start as a follower, conf=-1: [08531864-a45b-4b81-8b31-f5d747fe8b59|rpc:10.1.0.32:46027|dataStream:|priority:0, eb8d8e32-cd46-4831-b02b-58c8725ce07f|rpc:10.1.0.32:35769|dataStream:|priority:0, e8a99e94-03a8-424f-8179-644c8590267c|rpc:10.1.0.32:38993|dataStream:|priority:1], old=null
2021-10-29 00:42:52,742 [pool-365-thread-1] INFO  server.RaftServer$Division (RaftServerImpl.java:setRole(290)) - 08531864-a45b-4b81-8b31-f5d747fe8b59@group-C97255F99171: changes role from      null to FOLLOWER at term 0 for startAsFollower
2021-10-29 00:42:52,742 [pool-365-thread-1] INFO  impl.RoleInfo (RoleInfo.java:updateAndGet(130)) - 08531864-a45b-4b81-8b31-f5d747fe8b59: start 08531864-a45b-4b81-8b31-f5d747fe8b59@group-C97255F99171-FollowerState
2021-10-29 00:42:52,742 [pool-365-thread-1] INFO  util.JmxRegister (JmxRegister.java:tryRegister(44)) - Successfully registered JMX Bean with object name Ratis:service=RaftServer,group=group-C97255F99171,id=08531864-a45b-4b81-8b31-f5d747fe8b59
2021-10-29 00:42:52,753 [Command processor thread] INFO  commandhandler.CreatePipelineCommandHandler (CreatePipelineCommandHandler.java:handle(106)) - Created Pipeline RATIS THREE PipelineID=69101745-b151-4a5b-9215-c97255f99171.
2021-10-29 00:42:53,041 [ReplicationMonitor] INFO  container.ReplicationManager (ReplicationManager.java:processAll(371)) - Replication Monitor Thread took 1 milliseconds for processing 0 containers.
2021-10-29 00:42:53,060 [Command processor thread] INFO  server.RaftServer (RaftServerProxy.java:addNew(95)) - e8a99e94-03a8-424f-8179-644c8590267c: addNew group-4C57F47EBC72:[e8a99e94-03a8-424f-8179-644c8590267c|rpc:10.1.0.32:38993|priority:1] returns group-4C57F47EBC72:java.util.concurrent.CompletableFuture@3f39ef57[Not completed]
2021-10-29 00:42:53,061 [pool-341-thread-1] INFO  server.RaftServer$Division (RaftServerImpl.java:<init>(184)) - e8a99e94-03a8-424f-8179-644c8590267c: new RaftServerImpl for group-4C57F47EBC72:[e8a99e94-03a8-424f-8179-644c8590267c|rpc:10.1.0.32:38993|priority:1] with ContainerStateMachine:uninitialized
2021-10-29 00:42:53,062 [pool-341-thread-1] INFO  server.RaftServerConfigKeys (ConfUtils.java:logGet(44)) - raft.server.rpc.timeout.min = 5s (custom)
2021-10-29 00:42:53,062 [pool-341-thread-1] INFO  server.RaftServerConfigKeys (ConfUtils.java:logGet(44)) - raft.server.rpc.timeout.max = 5200ms (custom)
2021-10-29 00:42:53,062 [pool-341-thread-1] INFO  server.RaftServerConfigKeys (ConfUtils.java:logGet(44)) - raft.server.rpc.sleep.time = 25ms (default)
2021-10-29 00:42:53,062 [pool-341-thread-1] INFO  server.RaftServerConfigKeys (ConfUtils.java:logGet(44)) - raft.server.rpc.slowness.timeout = 300s (custom)
2021-10-29 00:42:53,062 [pool-341-thread-1] INFO  server.RaftServerConfigKeys (ConfUtils.java:logGet(44)) - raft.server.leaderelection.leader.step-down.wait-time = 10s (default)
2021-10-29 00:42:53,062 [pool-341-thread-1] INFO  server.RaftServerConfigKeys (ConfUtils.java:logGet(44)) - raft.server.sleep.deviation.threshold = 300ms (default)
2021-10-29 00:42:53,062 [pool-341-thread-1] INFO  server.RaftServerConfigKeys (ConfUtils.java:logGet(44)) - raft.server.log.appender.install.snapshot.enabled = false (custom)
2021-10-29 00:42:53,062 [pool-341-thread-1] INFO  server.RaftServer$Division (ServerState.java:<init>(105)) - e8a99e94-03a8-424f-8179-644c8590267c@group-4C57F47EBC72: ConfigurationManager, init=-1: [e8a99e94-03a8-424f-8179-644c8590267c|rpc:10.1.0.32:38993|priority:1], old=null, confs=<EMPTY_MAP>
2021-10-29 00:42:53,062 [pool-341-thread-1] INFO  server.RaftServerConfigKeys (ConfUtils.java:logGet(44)) - raft.server.storage.dir = [/home/runner/work/ozone/ozone/hadoop-ozone/integration-test/target/test-dir/MiniOzoneClusterImpl-5f5ad6f1-7ccc-43e5-92d9-031f7ba6440e/datanode-4/data/ratis] (custom)
2021-10-29 00:42:53,062 [pool-341-thread-1] INFO  server.RaftServerConfigKeys (ConfUtils.java:logGet(44)) - raft.server.log.corruption.policy = EXCEPTION (default)
2021-10-29 00:42:53,062 [pool-341-thread-1] INFO  server.RaftServerConfigKeys (ConfUtils.java:logGet(44)) - raft.server.storage.free-space.min = 0MB (=0) (default)
2021-10-29 00:42:53,063 [pool-341-thread-1] INFO  storage.RaftStorageDirectory (RaftStorageDirectoryImpl.java:analyzeStorage(135)) - The storage directory /home/runner/work/ozone/ozone/hadoop-ozone/integration-test/target/test-dir/MiniOzoneClusterImpl-5f5ad6f1-7ccc-43e5-92d9-031f7ba6440e/datanode-4/data/ratis/7b25d9ed-c431-4a6c-a27c-4c57f47ebc72 does not exist. Creating ...
2021-10-29 00:42:53,064 [pool-341-thread-1] INFO  storage.RaftStorageDirectory (RaftStorageDirectoryImpl.java:tryLock(230)) - Lock on /home/runner/work/ozone/ozone/hadoop-ozone/integration-test/target/test-dir/MiniOzoneClusterImpl-5f5ad6f1-7ccc-43e5-92d9-031f7ba6440e/datanode-4/data/ratis/7b25d9ed-c431-4a6c-a27c-4c57f47ebc72/in_use.lock acquired by nodename 21509@fv-az291-161
2021-10-29 00:42:53,065 [pool-341-thread-1] INFO  storage.RaftStorage (RaftStorageImpl.java:format(89)) - Storage directory /home/runner/work/ozone/ozone/hadoop-ozone/integration-test/target/test-dir/MiniOzoneClusterImpl-5f5ad6f1-7ccc-43e5-92d9-031f7ba6440e/datanode-4/data/ratis/7b25d9ed-c431-4a6c-a27c-4c57f47ebc72 has been successfully formatted.
2021-10-29 00:42:53,066 [pool-341-thread-1] INFO  ratis.ContainerStateMachine (ContainerStateMachine.java:loadSnapshot(224)) - group-4C57F47EBC72: The snapshot info is null. Setting the last applied indexto:(t:0, i:~)
2021-10-29 00:42:53,066 [pool-341-thread-1] INFO  server.RaftServerConfigKeys (ConfUtils.java:logGet(44)) - raft.server.notification.no-leader.timeout = 300s (custom)
2021-10-29 00:42:53,066 [pool-341-thread-1] INFO  server.RaftServerConfigKeys (ConfUtils.java:logGet(44)) - raft.server.log.use.memory = false (default)
2021-10-29 00:42:53,066 [pool-341-thread-1] INFO  server.RaftServerConfigKeys (ConfUtils.java:logGet(44)) - raft.server.log.purge.gap = 1000000 (custom)
2021-10-29 00:42:53,066 [pool-341-thread-1] INFO  server.RaftServerConfigKeys (ConfUtils.java:logGet(44)) - raft.server.log.appender.buffer.byte-limit = 33554432 (custom)
2021-10-29 00:42:53,067 [pool-341-thread-1] INFO  server.RaftServerConfigKeys (ConfUtils.java:logGet(44)) - raft.server.log.segment.size.max = 1048576 (custom)
2021-10-29 00:42:53,068 [pool-341-thread-1] INFO  server.RaftServerConfigKeys (ConfUtils.java:logGet(44)) - raft.server.log.segment.cache.num.max = 2 (custom)
2021-10-29 00:42:53,068 [pool-341-thread-1] INFO  server.RaftServerConfigKeys (ConfUtils.java:logGet(44)) - raft.server.log.segment.cache.size.max = 200MB (=209715200) (default)
2021-10-29 00:42:53,068 [EventQueue-PipelineReportForPipelineReportHandler] INFO  pipeline.PipelineManagerImpl (PipelineManagerImpl.java:openPipeline(289)) - Pipeline Pipeline[ Id: 7b25d9ed-c431-4a6c-a27c-4c57f47ebc72, Nodes: e8a99e94-03a8-424f-8179-644c8590267c{ip: 10.1.0.32, host: fv-az291-161.wgnan5asplgejimfprtllbpdch.jx.internal.cloudapp.net, ports: [REPLICATION=36861, RATIS=38993, RATIS_ADMIN=38993, RATIS_SERVER=38993, STANDALONE=46161], networkLocation: /default-rack, certSerialId: null, persistedOpState: IN_SERVICE, persistedOpStateExpiryEpochSec: 0}, ReplicationConfig: RATIS/ONE, State:ALLOCATED, leaderId:e8a99e94-03a8-424f-8179-644c8590267c, CreationTimestamp2021-10-29T00:42:50.062Z[Etc/UTC]] moved to OPEN state
2021-10-29 00:42:53,074 [EventQueue-OpenPipelineForHealthyPipelineSafeModeRule] INFO  safemode.SCMSafeModeManager (HealthyPipelineSafeModeRule.java:process(124)) - SCM in safe mode. Healthy pipelines reported count is 0, required healthy pipeline reported count is 1
2021-10-29 00:42:53,074 [pool-341-thread-1] INFO  segmented.SegmentedRaftLogWorker (SegmentedRaftLogWorker.java:<init>(182)) - new e8a99e94-03a8-424f-8179-644c8590267c@group-4C57F47EBC72-SegmentedRaftLogWorker for RaftStorageImpl:Storage Directory /home/runner/work/ozone/ozone/hadoop-ozone/integration-test/target/test-dir/MiniOzoneClusterImpl-5f5ad6f1-7ccc-43e5-92d9-031f7ba6440e/datanode-4/data/ratis/7b25d9ed-c431-4a6c-a27c-4c57f47ebc72
2021-10-29 00:42:53,080 [pool-341-thread-1] INFO  server.RaftServerConfigKeys (ConfUtils.java:logGet(44)) - raft.server.log.queue.byte-limit = 2147483647 (custom)
2021-10-29 00:42:53,080 [pool-341-thread-1] INFO  server.RaftServerConfigKeys (ConfUtils.java:logGet(44)) - raft.server.log.queue.element-limit = 1024 (custom)
2021-10-29 00:42:53,081 [pool-341-thread-1] INFO  server.RaftServerConfigKeys (ConfUtils.java:logGet(44)) - raft.server.log.segment.size.max = 1048576 (custom)
2021-10-29 00:42:53,081 [pool-341-thread-1] INFO  server.RaftServerConfigKeys (ConfUtils.java:logGet(44)) - raft.server.log.preallocated.size = 16384 (custom)
2021-10-29 00:42:53,081 [pool-341-thread-1] INFO  server.RaftServerConfigKeys (ConfUtils.java:logGet(44)) - raft.server.log.force.sync.num = 128 (default)
2021-10-29 00:42:53,081 [pool-341-thread-1] INFO  server.RaftServerConfigKeys (ConfUtils.java:logGet(44)) - raft.server.log.statemachine.data.sync = true (default)
2021-10-29 00:42:53,081 [pool-341-thread-1] INFO  server.RaftServerConfigKeys (ConfUtils.java:logGet(44)) - raft.server.log.statemachine.data.sync.timeout = 10s (default)
2021-10-29 00:42:53,081 [pool-341-thread-1] INFO  server.RaftServerConfigKeys (ConfUtils.java:logGet(44)) - raft.server.log.statemachine.data.sync.timeout.retry = -1 (default)
2021-10-29 00:42:53,085 [pool-341-thread-1] INFO  server.RaftServerConfigKeys (ConfUtils.java:logGet(44)) - raft.server.log.write.buffer.size = 1048576 (custom)
2021-10-29 00:42:53,086 [pool-341-thread-1] INFO  server.RaftServerConfigKeys (ConfUtils.java:logGet(44)) - raft.server.log.statemachine.data.caching.enabled = true (custom)
2021-10-29 00:42:53,086 [pool-341-thread-1] INFO  segmented.SegmentedRaftLogWorker (SegmentedRaftLogWorker.java:lambda$new$0(133)) - e8a99e94-03a8-424f-8179-644c8590267c@group-4C57F47EBC72-SegmentedRaftLogWorker: flushIndex: setUnconditionally 0 -> -1
2021-10-29 00:42:53,086 [pool-341-thread-1] INFO  segmented.SegmentedRaftLogWorker (SegmentedRaftLogWorker.java:lambda$new$0(133)) - e8a99e94-03a8-424f-8179-644c8590267c@group-4C57F47EBC72-SegmentedRaftLogWorker: safeCacheEvictIndex: setUnconditionally 0 -> -1
2021-10-29 00:42:53,088 [pool-341-thread-1] INFO  server.RaftServerConfigKeys (ConfUtils.java:logGet(44)) - raft.server.snapshot.auto.trigger.enabled = true (custom)
2021-10-29 00:42:53,088 [pool-341-thread-1] INFO  server.RaftServerConfigKeys (ConfUtils.java:logGet(44)) - raft.server.snapshot.auto.trigger.threshold = 10000 (custom)
2021-10-29 00:42:53,088 [pool-341-thread-1] INFO  server.RaftServerConfigKeys (ConfUtils.java:logGet(44)) - raft.server.snapshot.retention.file.num = 5 (custom)
2021-10-29 00:42:53,088 [pool-341-thread-1] INFO  server.RaftServerConfigKeys (ConfUtils.java:logGet(44)) - raft.server.log.purge.upto.snapshot.index = false (default)
2021-10-29 00:42:53,088 [pool-341-thread-1] INFO  server.RaftServerConfigKeys (ConfUtils.java:logGet(44)) - raft.server.retrycache.expirytime = 600000ms (custom)
2021-10-29 00:42:53,088 [pool-341-thread-1] INFO  server.RaftServerConfigKeys (ConfUtils.java:logGet(44)) - raft.server.retrycache.statistics.expirytime = 100μs (default)
2021-10-29 00:42:53,090 [pool-341-thread-1] INFO  server.RaftServer$Division (RaftServerImpl.java:start(301)) - e8a99e94-03a8-424f-8179-644c8590267c@group-4C57F47EBC72: start as a follower, conf=-1: [e8a99e94-03a8-424f-8179-644c8590267c|rpc:10.1.0.32:38993|priority:1], old=null
2021-10-29 00:42:53,090 [pool-341-thread-1] INFO  server.RaftServer$Division (RaftServerImpl.java:setRole(290)) - e8a99e94-03a8-424f-8179-644c8590267c@group-4C57F47EBC72: changes role from      null to FOLLOWER at term 0 for startAsFollower
2021-10-29 00:42:53,090 [pool-341-thread-1] INFO  impl.RoleInfo (RoleInfo.java:updateAndGet(130)) - e8a99e94-03a8-424f-8179-644c8590267c: start e8a99e94-03a8-424f-8179-644c8590267c@group-4C57F47EBC72-FollowerState
2021-10-29 00:42:53,094 [pool-341-thread-1] INFO  util.JmxRegister (JmxRegister.java:tryRegister(44)) - Successfully registered JMX Bean with object name Ratis:service=RaftServer,group=group-4C57F47EBC72,id=e8a99e94-03a8-424f-8179-644c8590267c
2021-10-29 00:42:53,097 [Command processor thread] INFO  ratis.XceiverServerRatis (XceiverServerRatis.java:addGroup(768)) - Created group PipelineID=7b25d9ed-c431-4a6c-a27c-4c57f47ebc72
2021-10-29 00:42:53,097 [Command processor thread] INFO  commandhandler.CreatePipelineCommandHandler (CreatePipelineCommandHandler.java:handle(106)) - Created Pipeline RATIS ONE PipelineID=7b25d9ed-c431-4a6c-a27c-4c57f47ebc72.
2021-10-29 00:42:53,109 [Command processor thread] INFO  keyvalue.KeyValueContainer (KeyValueContainer.java:flushAndSyncDB(397)) - Container 1 is synced with bcsId 74.
2021-10-29 00:42:53,109 [Command processor thread] INFO  keyvalue.KeyValueContainer (KeyValueContainer.java:flushAndSyncDB(397)) - Container 1 is synced with bcsId 74.
2021-10-29 00:42:53,112 [Command processor thread] INFO  keyvalue.KeyValueContainer (KeyValueContainer.java:close(334)) - Container 1 is closed with bcsId 74.
2021-10-29 00:42:53,141 [Command processor thread] INFO  keyvalue.KeyValueContainer (KeyValueContainer.java:flushAndSyncDB(397)) - Container 2 is synced with bcsId 78.
2021-10-29 00:42:53,141 [Command processor thread] INFO  keyvalue.KeyValueContainer (KeyValueContainer.java:flushAndSyncDB(397)) - Container 2 is synced with bcsId 78.
2021-10-29 00:42:53,143 [Command processor thread] INFO  keyvalue.KeyValueContainer (KeyValueContainer.java:close(334)) - Container 2 is closed with bcsId 78.
2021-10-29 00:42:53,169 [EventQueue-OpenPipelineForHealthyPipelineSafeModeRule] INFO  safemode.SCMSafeModeManager (HealthyPipelineSafeModeRule.java:process(124)) - SCM in safe mode. Healthy pipelines reported count is 0, required healthy pipeline reported count is 1
2021-10-29 00:42:53,180 [Command processor thread] INFO  keyvalue.KeyValueContainer (KeyValueContainer.java:flushAndSyncDB(397)) - Container 3 is synced with bcsId 70.
2021-10-29 00:42:53,181 [Command processor thread] INFO  keyvalue.KeyValueContainer (KeyValueContainer.java:flushAndSyncDB(397)) - Container 3 is synced with bcsId 70.
2021-10-29 00:42:53,183 [Command processor thread] INFO  keyvalue.KeyValueContainer (KeyValueContainer.java:close(334)) - Container 3 is closed with bcsId 70.
2021-10-29 00:42:53,220 [ReplicationMonitor] INFO  container.ReplicationManager (ReplicationManager.java:processAll(371)) - Replication Monitor Thread took 0 milliseconds for processing 3 containers.
2021-10-29 00:42:53,301 [EventQueue-OpenPipelineForHealthyPipelineSafeModeRule] INFO  safemode.SCMSafeModeManager (HealthyPipelineSafeModeRule.java:process(124)) - SCM in safe mode. Healthy pipelines reported count is 0, required healthy pipeline reported count is 1
2021-10-29 00:42:53,432 [Listener at 127.0.0.1/33923] INFO  ozone.MiniOzoneClusterImpl (MiniOzoneClusterImpl.java:lambda$waitForClusterToBeReady$0(235)) - Nodes are ready. Got 6 of 6 DN Heartbeats.
2021-10-29 00:42:53,432 [Listener at 127.0.0.1/33923] INFO  ozone.MiniOzoneClusterImpl (MiniOzoneClusterImpl.java:lambda$waitForClusterToBeReady$0(238)) - Waiting for cluster to exit safe mode
2021-10-29 00:42:53,433 [Listener at 127.0.0.1/33923] INFO  ozone.MiniOzoneClusterImpl (MiniOzoneClusterImpl.java:lambda$waitForClusterToBeReady$0(240)) - SCM became leader
2021-10-29 00:42:53,442 [Command processor thread] INFO  server.RaftServer (RaftServerProxy.java:addNew(95)) - 08531864-a45b-4b81-8b31-f5d747fe8b59: addNew group-FCAB6844D429:[08531864-a45b-4b81-8b31-f5d747fe8b59|rpc:10.1.0.32:46027|priority:1] returns group-FCAB6844D429:java.util.concurrent.CompletableFuture@ac461fc[Not completed]
2021-10-29 00:42:53,443 [pool-365-thread-1] INFO  server.RaftServer$Division (RaftServerImpl.java:<init>(184)) - 08531864-a45b-4b81-8b31-f5d747fe8b59: new RaftServerImpl for group-FCAB6844D429:[08531864-a45b-4b81-8b31-f5d747fe8b59|rpc:10.1.0.32:46027|priority:1] with ContainerStateMachine:uninitialized
2021-10-29 00:42:53,443 [pool-365-thread-1] INFO  server.RaftServerConfigKeys (ConfUtils.java:logGet(44)) - raft.server.rpc.timeout.min = 5s (custom)
2021-10-29 00:42:53,443 [pool-365-thread-1] INFO  server.RaftServerConfigKeys (ConfUtils.java:logGet(44)) - raft.server.rpc.timeout.max = 5200ms (custom)
2021-10-29 00:42:53,443 [pool-365-thread-1] INFO  server.RaftServerConfigKeys (ConfUtils.java:logGet(44)) - raft.server.rpc.sleep.time = 25ms (default)
2021-10-29 00:42:53,443 [pool-365-thread-1] INFO  server.RaftServerConfigKeys (ConfUtils.java:logGet(44)) - raft.server.rpc.slowness.timeout = 300s (custom)
2021-10-29 00:42:53,444 [pool-365-thread-1] INFO  server.RaftServerConfigKeys (ConfUtils.java:logGet(44)) - raft.server.leaderelection.leader.step-down.wait-time = 10s (default)
2021-10-29 00:42:53,444 [pool-365-thread-1] INFO  server.RaftServerConfigKeys (ConfUtils.java:logGet(44)) - raft.server.sleep.deviation.threshold = 300ms (default)
2021-10-29 00:42:53,444 [pool-365-thread-1] INFO  server.RaftServerConfigKeys (ConfUtils.java:logGet(44)) - raft.server.log.appender.install.snapshot.enabled = false (custom)
2021-10-29 00:42:53,444 [pool-365-thread-1] INFO  server.RaftServer$Division (ServerState.java:<init>(105)) - 08531864-a45b-4b81-8b31-f5d747fe8b59@group-FCAB6844D429: ConfigurationManager, init=-1: [08531864-a45b-4b81-8b31-f5d747fe8b59|rpc:10.1.0.32:46027|priority:1], old=null, confs=<EMPTY_MAP>
2021-10-29 00:42:53,444 [pool-365-thread-1] INFO  server.RaftServerConfigKeys (ConfUtils.java:logGet(44)) - raft.server.storage.dir = [/home/runner/work/ozone/ozone/hadoop-ozone/integration-test/target/test-dir/MiniOzoneClusterImpl-5f5ad6f1-7ccc-43e5-92d9-031f7ba6440e/datanode-5/data/ratis] (custom)
2021-10-29 00:42:53,444 [pool-365-thread-1] INFO  server.RaftServerConfigKeys (ConfUtils.java:logGet(44)) - raft.server.log.corruption.policy = EXCEPTION (default)
2021-10-29 00:42:53,444 [pool-365-thread-1] INFO  server.RaftServerConfigKeys (ConfUtils.java:logGet(44)) - raft.server.storage.free-space.min = 0MB (=0) (default)
2021-10-29 00:42:53,444 [pool-365-thread-1] INFO  storage.RaftStorageDirectory (RaftStorageDirectoryImpl.java:analyzeStorage(135)) - The storage directory /home/runner/work/ozone/ozone/hadoop-ozone/integration-test/target/test-dir/MiniOzoneClusterImpl-5f5ad6f1-7ccc-43e5-92d9-031f7ba6440e/datanode-5/data/ratis/2a102bbb-70ba-4218-833a-fcab6844d429 does not exist. Creating ...
2021-10-29 00:42:53,446 [pool-365-thread-1] INFO  storage.RaftStorageDirectory (RaftStorageDirectoryImpl.java:tryLock(230)) - Lock on /home/runner/work/ozone/ozone/hadoop-ozone/integration-test/target/test-dir/MiniOzoneClusterImpl-5f5ad6f1-7ccc-43e5-92d9-031f7ba6440e/datanode-5/data/ratis/2a102bbb-70ba-4218-833a-fcab6844d429/in_use.lock acquired by nodename 21509@fv-az291-161
2021-10-29 00:42:53,449 [pool-365-thread-1] INFO  storage.RaftStorage (RaftStorageImpl.java:format(89)) - Storage directory /home/runner/work/ozone/ozone/hadoop-ozone/integration-test/target/test-dir/MiniOzoneClusterImpl-5f5ad6f1-7ccc-43e5-92d9-031f7ba6440e/datanode-5/data/ratis/2a102bbb-70ba-4218-833a-fcab6844d429 has been successfully formatted.
2021-10-29 00:42:53,450 [pool-365-thread-1] INFO  ratis.ContainerStateMachine (ContainerStateMachine.java:loadSnapshot(224)) - group-FCAB6844D429: The snapshot info is null. Setting the last applied indexto:(t:0, i:~)
2021-10-29 00:42:53,452 [pool-365-thread-1] INFO  server.RaftServerConfigKeys (ConfUtils.java:logGet(44)) - raft.server.notification.no-leader.timeout = 300s (custom)
2021-10-29 00:42:53,452 [pool-365-thread-1] INFO  server.RaftServerConfigKeys (ConfUtils.java:logGet(44)) - raft.server.log.use.memory = false (default)
2021-10-29 00:42:53,452 [pool-365-thread-1] INFO  server.RaftServerConfigKeys (ConfUtils.java:logGet(44)) - raft.server.log.purge.gap = 1000000 (custom)
2021-10-29 00:42:53,452 [pool-365-thread-1] INFO  server.RaftServerConfigKeys (ConfUtils.java:logGet(44)) - raft.server.log.appender.buffer.byte-limit = 33554432 (custom)
2021-10-29 00:42:53,452 [pool-365-thread-1] INFO  server.RaftServerConfigKeys (ConfUtils.java:logGet(44)) - raft.server.log.segment.size.max = 1048576 (custom)
2021-10-29 00:42:53,453 [pool-365-thread-1] INFO  server.RaftServerConfigKeys (ConfUtils.java:logGet(44)) - raft.server.log.segment.cache.num.max = 2 (custom)
2021-10-29 00:42:53,454 [EventQueue-PipelineReportForPipelineReportHandler] INFO  pipeline.PipelineManagerImpl (PipelineManagerImpl.java:openPipeline(289)) - Pipeline Pipeline[ Id: 2a102bbb-70ba-4218-833a-fcab6844d429, Nodes: 08531864-a45b-4b81-8b31-f5d747fe8b59{ip: 10.1.0.32, host: fv-az291-161.wgnan5asplgejimfprtllbpdch.jx.internal.cloudapp.net, ports: [REPLICATION=37925, RATIS=46027, RATIS_ADMIN=46027, RATIS_SERVER=46027, STANDALONE=35199], networkLocation: /default-rack, certSerialId: null, persistedOpState: IN_SERVICE, persistedOpStateExpiryEpochSec: 0}, ReplicationConfig: RATIS/ONE, State:ALLOCATED, leaderId:08531864-a45b-4b81-8b31-f5d747fe8b59, CreationTimestamp2021-10-29T00:42:50.444Z[Etc/UTC]] moved to OPEN state
2021-10-29 00:42:53,461 [EventQueue-OpenPipelineForHealthyPipelineSafeModeRule] INFO  safemode.SCMSafeModeManager (HealthyPipelineSafeModeRule.java:process(124)) - SCM in safe mode. Healthy pipelines reported count is 0, required healthy pipeline reported count is 1
2021-10-29 00:42:53,461 [pool-365-thread-1] INFO  server.RaftServerConfigKeys (ConfUtils.java:logGet(44)) - raft.server.log.segment.cache.size.max = 200MB (=209715200) (default)
2021-10-29 00:42:53,461 [pool-365-thread-1] INFO  segmented.SegmentedRaftLogWorker (SegmentedRaftLogWorker.java:<init>(182)) - new 08531864-a45b-4b81-8b31-f5d747fe8b59@group-FCAB6844D429-SegmentedRaftLogWorker for RaftStorageImpl:Storage Directory /home/runner/work/ozone/ozone/hadoop-ozone/integration-test/target/test-dir/MiniOzoneClusterImpl-5f5ad6f1-7ccc-43e5-92d9-031f7ba6440e/datanode-5/data/ratis/2a102bbb-70ba-4218-833a-fcab6844d429
2021-10-29 00:42:53,462 [pool-365-thread-1] INFO  server.RaftServerConfigKeys (ConfUtils.java:logGet(44)) - raft.server.log.queue.byte-limit = 2147483647 (custom)
2021-10-29 00:42:53,462 [pool-365-thread-1] INFO  server.RaftServerConfigKeys (ConfUtils.java:logGet(44)) - raft.server.log.queue.element-limit = 1024 (custom)
2021-10-29 00:42:53,462 [pool-365-thread-1] INFO  server.RaftServerConfigKeys (ConfUtils.java:logGet(44)) - raft.server.log.segment.size.max = 1048576 (custom)
2021-10-29 00:42:53,462 [pool-365-thread-1] INFO  server.RaftServerConfigKeys (ConfUtils.java:logGet(44)) - raft.server.log.preallocated.size = 16384 (custom)
2021-10-29 00:42:53,462 [pool-365-thread-1] INFO  server.RaftServerConfigKeys (ConfUtils.java:logGet(44)) - raft.server.log.force.sync.num = 128 (default)
2021-10-29 00:42:53,463 [pool-365-thread-1] INFO  server.RaftServerConfigKeys (ConfUtils.java:logGet(44)) - raft.server.log.statemachine.data.sync = true (default)
2021-10-29 00:42:53,463 [pool-365-thread-1] INFO  server.RaftServerConfigKeys (ConfUtils.java:logGet(44)) - raft.server.log.statemachine.data.sync.timeout = 10s (default)
2021-10-29 00:42:53,463 [pool-365-thread-1] INFO  server.RaftServerConfigKeys (ConfUtils.java:logGet(44)) - raft.server.log.statemachine.data.sync.timeout.retry = -1 (default)
2021-10-29 00:42:53,469 [pool-365-thread-1] INFO  server.RaftServerConfigKeys (ConfUtils.java:logGet(44)) - raft.server.log.write.buffer.size = 1048576 (custom)
2021-10-29 00:42:53,470 [pool-365-thread-1] INFO  server.RaftServerConfigKeys (ConfUtils.java:logGet(44)) - raft.server.log.statemachine.data.caching.enabled = true (custom)
2021-10-29 00:42:53,470 [pool-365-thread-1] INFO  segmented.SegmentedRaftLogWorker (SegmentedRaftLogWorker.java:lambda$new$0(133)) - 08531864-a45b-4b81-8b31-f5d747fe8b59@group-FCAB6844D429-SegmentedRaftLogWorker: flushIndex: setUnconditionally 0 -> -1
2021-10-29 00:42:53,470 [pool-365-thread-1] INFO  segmented.SegmentedRaftLogWorker (SegmentedRaftLogWorker.java:lambda$new$0(133)) - 08531864-a45b-4b81-8b31-f5d747fe8b59@group-FCAB6844D429-SegmentedRaftLogWorker: safeCacheEvictIndex: setUnconditionally 0 -> -1
2021-10-29 00:42:53,471 [pool-365-thread-1] INFO  server.RaftServerConfigKeys (ConfUtils.java:logGet(44)) - raft.server.snapshot.auto.trigger.enabled = true (custom)
2021-10-29 00:42:53,471 [pool-365-thread-1] INFO  server.RaftServerConfigKeys (ConfUtils.java:logGet(44)) - raft.server.snapshot.auto.trigger.threshold = 10000 (custom)
2021-10-29 00:42:53,471 [pool-365-thread-1] INFO  server.RaftServerConfigKeys (ConfUtils.java:logGet(44)) - raft.server.snapshot.retention.file.num = 5 (custom)
2021-10-29 00:42:53,471 [pool-365-thread-1] INFO  server.RaftServerConfigKeys (ConfUtils.java:logGet(44)) - raft.server.log.purge.upto.snapshot.index = false (default)
2021-10-29 00:42:53,471 [pool-365-thread-1] INFO  server.RaftServerConfigKeys (ConfUtils.java:logGet(44)) - raft.server.retrycache.expirytime = 600000ms (custom)
2021-10-29 00:42:53,471 [pool-365-thread-1] INFO  server.RaftServerConfigKeys (ConfUtils.java:logGet(44)) - raft.server.retrycache.statistics.expirytime = 100μs (default)
2021-10-29 00:42:53,473 [pool-365-thread-1] INFO  server.RaftServer$Division (RaftServerImpl.java:start(301)) - 08531864-a45b-4b81-8b31-f5d747fe8b59@group-FCAB6844D429: start as a follower, conf=-1: [08531864-a45b-4b81-8b31-f5d747fe8b59|rpc:10.1.0.32:46027|priority:1], old=null
2021-10-29 00:42:53,473 [pool-365-thread-1] INFO  server.RaftServer$Division (RaftServerImpl.java:setRole(290)) - 08531864-a45b-4b81-8b31-f5d747fe8b59@group-FCAB6844D429: changes role from      null to FOLLOWER at term 0 for startAsFollower
2021-10-29 00:42:53,473 [pool-365-thread-1] INFO  impl.RoleInfo (RoleInfo.java:updateAndGet(130)) - 08531864-a45b-4b81-8b31-f5d747fe8b59: start 08531864-a45b-4b81-8b31-f5d747fe8b59@group-FCAB6844D429-FollowerState
2021-10-29 00:42:53,474 [pool-365-thread-1] INFO  util.JmxRegister (JmxRegister.java:tryRegister(44)) - Successfully registered JMX Bean with object name Ratis:service=RaftServer,group=group-FCAB6844D429,id=08531864-a45b-4b81-8b31-f5d747fe8b59
2021-10-29 00:42:53,479 [Command processor thread] INFO  ratis.XceiverServerRatis (XceiverServerRatis.java:addGroup(768)) - Created group PipelineID=2a102bbb-70ba-4218-833a-fcab6844d429
2021-10-29 00:42:53,479 [Command processor thread] INFO  commandhandler.CreatePipelineCommandHandler (CreatePipelineCommandHandler.java:handle(106)) - Created Pipeline RATIS ONE PipelineID=2a102bbb-70ba-4218-833a-fcab6844d429.
2021-10-29 00:42:53,665 [EventQueue-OpenPipelineForHealthyPipelineSafeModeRule] INFO  safemode.SCMSafeModeManager (HealthyPipelineSafeModeRule.java:process(124)) - SCM in safe mode. Healthy pipelines reported count is 0, required healthy pipeline reported count is 1
2021-10-29 00:42:53,718 [EventQueue-OpenPipelineForHealthyPipelineSafeModeRule] INFO  safemode.SCMSafeModeManager (HealthyPipelineSafeModeRule.java:process(124)) - SCM in safe mode. Healthy pipelines reported count is 0, required healthy pipeline reported count is 1
2021-10-29 00:42:54,041 [ReplicationMonitor] INFO  container.ReplicationManager (ReplicationManager.java:processAll(371)) - Replication Monitor Thread took 0 milliseconds for processing 0 containers.
2021-10-29 00:42:54,065 [EventQueue-StaleNodeForStaleNodeHandler] INFO  node.StaleNodeHandler (StaleNodeHandler.java:onMessage(58)) - Datanode 12cd3e49-de78-4d30-aa86-c1ffa97795c8{ip: 10.1.0.32, host: fv-az291-161.wgnan5asplgejimfprtllbpdch.jx.internal.cloudapp.net, ports: [REPLICATION=45311, RATIS=42653, RATIS_ADMIN=42653, RATIS_SERVER=42653, STANDALONE=34397], networkLocation: /default-rack, certSerialId: null, persistedOpState: DECOMMISSIONING, persistedOpStateExpiryEpochSec: 0} moved to stale state. Finalizing its pipelines []
2021-10-29 00:42:54,169 [EventQueue-OpenPipelineForHealthyPipelineSafeModeRule] INFO  safemode.SCMSafeModeManager (HealthyPipelineSafeModeRule.java:process(124)) - SCM in safe mode. Healthy pipelines reported count is 0, required healthy pipeline reported count is 1
2021-10-29 00:42:54,220 [ReplicationMonitor] INFO  container.ReplicationManager (ReplicationManager.java:processAll(371)) - Replication Monitor Thread took 0 milliseconds for processing 3 containers.
2021-10-29 00:42:54,300 [EventQueue-OpenPipelineForHealthyPipelineSafeModeRule] INFO  safemode.SCMSafeModeManager (HealthyPipelineSafeModeRule.java:process(124)) - SCM in safe mode. Healthy pipelines reported count is 0, required healthy pipeline reported count is 1
2021-10-29 00:42:54,433 [Listener at 127.0.0.1/33923] INFO  ozone.MiniOzoneClusterImpl (MiniOzoneClusterImpl.java:lambda$waitForClusterToBeReady$0(235)) - Nodes are ready. Got 6 of 6 DN Heartbeats.
2021-10-29 00:42:54,433 [Listener at 127.0.0.1/33923] INFO  ozone.MiniOzoneClusterImpl (MiniOzoneClusterImpl.java:lambda$waitForClusterToBeReady$0(238)) - Waiting for cluster to exit safe mode
2021-10-29 00:42:54,433 [Listener at 127.0.0.1/33923] INFO  ozone.MiniOzoneClusterImpl (MiniOzoneClusterImpl.java:lambda$waitForClusterToBeReady$0(240)) - SCM became leader
2021-10-29 00:42:54,452 [EventQueue-OpenPipelineForHealthyPipelineSafeModeRule] INFO  safemode.SCMSafeModeManager (HealthyPipelineSafeModeRule.java:process(124)) - SCM in safe mode. Healthy pipelines reported count is 0, required healthy pipeline reported count is 1
2021-10-29 00:42:55,042 [ReplicationMonitor] INFO  container.ReplicationManager (ReplicationManager.java:processAll(371)) - Replication Monitor Thread took 0 milliseconds for processing 0 containers.
2021-10-29 00:42:55,068 [EventQueue-OpenPipelineForHealthyPipelineSafeModeRule] INFO  safemode.SCMSafeModeManager (HealthyPipelineSafeModeRule.java:process(124)) - SCM in safe mode. Healthy pipelines reported count is 0, required healthy pipeline reported count is 1
2021-10-29 00:42:55,221 [ReplicationMonitor] INFO  container.ReplicationManager (ReplicationManager.java:processAll(371)) - Replication Monitor Thread took 1 milliseconds for processing 3 containers.
2021-10-29 00:42:55,433 [Listener at 127.0.0.1/33923] INFO  ozone.MiniOzoneClusterImpl (MiniOzoneClusterImpl.java:lambda$waitForClusterToBeReady$0(235)) - Nodes are ready. Got 6 of 6 DN Heartbeats.
2021-10-29 00:42:55,434 [Listener at 127.0.0.1/33923] INFO  ozone.MiniOzoneClusterImpl (MiniOzoneClusterImpl.java:lambda$waitForClusterToBeReady$0(238)) - Waiting for cluster to exit safe mode
2021-10-29 00:42:55,434 [Listener at 127.0.0.1/33923] INFO  ozone.MiniOzoneClusterImpl (MiniOzoneClusterImpl.java:lambda$waitForClusterToBeReady$0(240)) - SCM became leader
2021-10-29 00:42:55,666 [EventQueue-OpenPipelineForHealthyPipelineSafeModeRule] INFO  safemode.SCMSafeModeManager (HealthyPipelineSafeModeRule.java:process(124)) - SCM in safe mode. Healthy pipelines reported count is 0, required healthy pipeline reported count is 1
2021-10-29 00:42:55,718 [EventQueue-OpenPipelineForHealthyPipelineSafeModeRule] INFO  safemode.SCMSafeModeManager (HealthyPipelineSafeModeRule.java:process(124)) - SCM in safe mode. Healthy pipelines reported count is 0, required healthy pipeline reported count is 1
2021-10-29 00:42:56,042 [ReplicationMonitor] INFO  container.ReplicationManager (ReplicationManager.java:processAll(371)) - Replication Monitor Thread took 0 milliseconds for processing 0 containers.
2021-10-29 00:42:56,069 [EventQueue-OpenPipelineForHealthyPipelineSafeModeRule] INFO  safemode.SCMSafeModeManager (HealthyPipelineSafeModeRule.java:process(124)) - SCM in safe mode. Healthy pipelines reported count is 0, required healthy pipeline reported count is 1
2021-10-29 00:42:56,169 [EventQueue-OpenPipelineForHealthyPipelineSafeModeRule] INFO  safemode.SCMSafeModeManager (HealthyPipelineSafeModeRule.java:process(124)) - SCM in safe mode. Healthy pipelines reported count is 0, required healthy pipeline reported count is 1
2021-10-29 00:42:56,201 [main] INFO  ozoneimpl.OzoneContainer (OzoneContainer.java:stop(325)) - Attempting to stop container services.
2021-10-29 00:42:56,206 [main] INFO  server.RaftServer (RaftServerProxy.java:lambda$close$6(391)) - 12cd3e49-de78-4d30-aa86-c1ffa97795c8: close
2021-10-29 00:42:56,207 [main] INFO  server.GrpcService (GrpcService.java:closeImpl(262)) - 12cd3e49-de78-4d30-aa86-c1ffa97795c8: shutdown server with port 42653 now
2021-10-29 00:42:56,219 [main] INFO  server.GrpcService (GrpcService.java:closeImpl(271)) - 12cd3e49-de78-4d30-aa86-c1ffa97795c8: shutdown server with port 42653 successfully
2021-10-29 00:42:56,222 [org.apache.ratis.util.JvmPauseMonitor$$Lambda$534/1173926218@31e97316] INFO  util.JvmPauseMonitor (JvmPauseMonitor.java:run(109)) - JvmPauseMonitor-12cd3e49-de78-4d30-aa86-c1ffa97795c8: Stopped
2021-10-29 00:42:56,222 [ReplicationMonitor] INFO  container.ReplicationManager (ReplicationManager.java:processAll(371)) - Replication Monitor Thread took 0 milliseconds for processing 3 containers.
2021-10-29 00:42:56,228 [main] INFO  utils.BackgroundService (BackgroundService.java:shutdown(132)) - Shutting down service BlockDeletingService
2021-10-29 00:42:56,301 [EventQueue-OpenPipelineForHealthyPipelineSafeModeRule] INFO  safemode.SCMSafeModeManager (HealthyPipelineSafeModeRule.java:process(124)) - SCM in safe mode. Healthy pipelines reported count is 0, required healthy pipeline reported count is 1
2021-10-29 00:42:56,393 [86c3d915-a4b4-4376-a03d-0cc30fc6f311@group-5FB2BB80A63B-FollowerState] INFO  impl.FollowerState (FollowerState.java:run(134)) - 86c3d915-a4b4-4376-a03d-0cc30fc6f311@group-5FB2BB80A63B-FollowerState: change to CANDIDATE, lastRpcElapsedTime:5043132680ns, electionTimeout:5036ms
2021-10-29 00:42:56,393 [86c3d915-a4b4-4376-a03d-0cc30fc6f311@group-5FB2BB80A63B-FollowerState] INFO  impl.RoleInfo (RoleInfo.java:shutdownFollowerState(108)) - 86c3d915-a4b4-4376-a03d-0cc30fc6f311: shutdown 86c3d915-a4b4-4376-a03d-0cc30fc6f311@group-5FB2BB80A63B-FollowerState
2021-10-29 00:42:56,393 [86c3d915-a4b4-4376-a03d-0cc30fc6f311@group-5FB2BB80A63B-FollowerState] INFO  server.RaftServer$Division (RaftServerImpl.java:setRole(290)) - 86c3d915-a4b4-4376-a03d-0cc30fc6f311@group-5FB2BB80A63B: changes role from  FOLLOWER to CANDIDATE at term 0 for changeToCandidate
2021-10-29 00:42:56,393 [86c3d915-a4b4-4376-a03d-0cc30fc6f311@group-5FB2BB80A63B-FollowerState] INFO  server.RaftServerConfigKeys (ConfUtils.java:logGet(44)) - raft.server.leaderelection.pre-vote = false (custom)
2021-10-29 00:42:56,393 [86c3d915-a4b4-4376-a03d-0cc30fc6f311@group-5FB2BB80A63B-FollowerState] INFO  impl.RoleInfo (RoleInfo.java:updateAndGet(130)) - 86c3d915-a4b4-4376-a03d-0cc30fc6f311: start 86c3d915-a4b4-4376-a03d-0cc30fc6f311@group-5FB2BB80A63B-LeaderElection16
2021-10-29 00:42:56,394 [a1fdd0ef-804f-4835-9139-6ae2b6368b09@group-DA5E061A5C93-FollowerState] INFO  impl.FollowerState (FollowerState.java:run(134)) - a1fdd0ef-804f-4835-9139-6ae2b6368b09@group-DA5E061A5C93-FollowerState: change to CANDIDATE, lastRpcElapsedTime:5103014621ns, electionTimeout:5102ms
2021-10-29 00:42:56,395 [a1fdd0ef-804f-4835-9139-6ae2b6368b09@group-DA5E061A5C93-FollowerState] INFO  impl.RoleInfo (RoleInfo.java:shutdownFollowerState(108)) - a1fdd0ef-804f-4835-9139-6ae2b6368b09: shutdown a1fdd0ef-804f-4835-9139-6ae2b6368b09@group-DA5E061A5C93-FollowerState
2021-10-29 00:42:56,395 [a1fdd0ef-804f-4835-9139-6ae2b6368b09@group-DA5E061A5C93-FollowerState] INFO  server.RaftServer$Division (RaftServerImpl.java:setRole(290)) - a1fdd0ef-804f-4835-9139-6ae2b6368b09@group-DA5E061A5C93: changes role from  FOLLOWER to CANDIDATE at term 0 for changeToCandidate
2021-10-29 00:42:56,402 [a1fdd0ef-804f-4835-9139-6ae2b6368b09@group-DA5E061A5C93-FollowerState] INFO  server.RaftServerConfigKeys (ConfUtils.java:logGet(44)) - raft.server.leaderelection.pre-vote = false (custom)
2021-10-29 00:42:56,402 [a1fdd0ef-804f-4835-9139-6ae2b6368b09@group-DA5E061A5C93-FollowerState] INFO  impl.RoleInfo (RoleInfo.java:updateAndGet(130)) - a1fdd0ef-804f-4835-9139-6ae2b6368b09: start a1fdd0ef-804f-4835-9139-6ae2b6368b09@group-DA5E061A5C93-LeaderElection17
2021-10-29 00:42:56,419 [86c3d915-a4b4-4376-a03d-0cc30fc6f311@group-5FB2BB80A63B-LeaderElection16] INFO  impl.LeaderElection (LeaderElection.java:askForVotes(306)) - 86c3d915-a4b4-4376-a03d-0cc30fc6f311@group-5FB2BB80A63B-LeaderElection16 ELECTION round 0: submit vote requests at term 1 for -1: [a1fdd0ef-804f-4835-9139-6ae2b6368b09|rpc:10.1.0.32:44367|dataStream:|priority:1, 86c3d915-a4b4-4376-a03d-0cc30fc6f311|rpc:10.1.0.32:39439|dataStream:|priority:0, 192fc8dc-fdd7-42bb-8b0b-fd25934386bd|rpc:10.1.0.32:41821|dataStream:|priority:0], old=null
2021-10-29 00:42:56,428 [a1fdd0ef-804f-4835-9139-6ae2b6368b09@group-DA5E061A5C93-LeaderElection17] INFO  impl.LeaderElection (LeaderElection.java:askForVotes(306)) - a1fdd0ef-804f-4835-9139-6ae2b6368b09@group-DA5E061A5C93-LeaderElection17 ELECTION round 0: submit vote requests at term 1 for -1: [a1fdd0ef-804f-4835-9139-6ae2b6368b09|rpc:10.1.0.32:44367|priority:1], old=null
2021-10-29 00:42:56,428 [a1fdd0ef-804f-4835-9139-6ae2b6368b09@group-DA5E061A5C93-LeaderElection17] INFO  impl.LeaderElection (LeaderElection.java:askForVotes(308)) - a1fdd0ef-804f-4835-9139-6ae2b6368b09@group-DA5E061A5C93-LeaderElection17 ELECTION round 0: result PASSED (term=1)
2021-10-29 00:42:56,428 [a1fdd0ef-804f-4835-9139-6ae2b6368b09@group-DA5E061A5C93-LeaderElection17] INFO  impl.RoleInfo (RoleInfo.java:shutdownLeaderElection(121)) - a1fdd0ef-804f-4835-9139-6ae2b6368b09: shutdown a1fdd0ef-804f-4835-9139-6ae2b6368b09@group-DA5E061A5C93-LeaderElection17
2021-10-29 00:42:56,428 [a1fdd0ef-804f-4835-9139-6ae2b6368b09@group-DA5E061A5C93-LeaderElection17] INFO  server.RaftServer$Division (RaftServerImpl.java:setRole(290)) - a1fdd0ef-804f-4835-9139-6ae2b6368b09@group-DA5E061A5C93: changes role from CANDIDATE to LEADER at term 1 for changeToLeader
2021-10-29 00:42:56,428 [a1fdd0ef-804f-4835-9139-6ae2b6368b09@group-DA5E061A5C93-LeaderElection17] INFO  ratis.XceiverServerRatis (XceiverServerRatis.java:handleLeaderChangedNotification(866)) - Leader change notification received for group: group-DA5E061A5C93 with new leaderId: a1fdd0ef-804f-4835-9139-6ae2b6368b09
2021-10-29 00:42:56,434 [Listener at 127.0.0.1/33923] INFO  ozone.MiniOzoneClusterImpl (MiniOzoneClusterImpl.java:lambda$waitForClusterToBeReady$0(235)) - Nodes are ready. Got 6 of 6 DN Heartbeats.
2021-10-29 00:42:56,434 [Listener at 127.0.0.1/33923] INFO  ozone.MiniOzoneClusterImpl (MiniOzoneClusterImpl.java:lambda$waitForClusterToBeReady$0(238)) - Waiting for cluster to exit safe mode
2021-10-29 00:42:56,434 [Listener at 127.0.0.1/33923] INFO  ozone.MiniOzoneClusterImpl (MiniOzoneClusterImpl.java:lambda$waitForClusterToBeReady$0(240)) - SCM became leader
2021-10-29 00:42:56,434 [a1fdd0ef-804f-4835-9139-6ae2b6368b09@group-DA5E061A5C93-LeaderElection17] INFO  server.RaftServer$Division (ServerState.java:setLeader(285)) - a1fdd0ef-804f-4835-9139-6ae2b6368b09@group-DA5E061A5C93: change Leader from null to a1fdd0ef-804f-4835-9139-6ae2b6368b09 at term 1 for becomeLeader, leader elected after 5148ms
2021-10-29 00:42:56,434 [a1fdd0ef-804f-4835-9139-6ae2b6368b09@group-DA5E061A5C93-LeaderElection17] INFO  server.RaftServerConfigKeys (ConfUtils.java:logGet(44)) - raft.server.staging.catchup.gap = 1000 (default)
2021-10-29 00:42:56,435 [a1fdd0ef-804f-4835-9139-6ae2b6368b09@group-DA5E061A5C93-LeaderElection17] INFO  server.RaftServerConfigKeys (ConfUtils.java:logGet(44)) - raft.server.write.element-limit = 1024 (custom)
2021-10-29 00:42:56,435 [a1fdd0ef-804f-4835-9139-6ae2b6368b09@group-DA5E061A5C93-LeaderElection17] INFO  server.RaftServerConfigKeys (ConfUtils.java:logGet(44)) - raft.server.write.byte-limit = 1024 M (=1073741824) (custom)
2021-10-29 00:42:56,435 [a1fdd0ef-804f-4835-9139-6ae2b6368b09@group-DA5E061A5C93-LeaderElection17] INFO  server.RaftServerConfigKeys (ConfUtils.java:logGet(44)) - raft.server.watch.timeout = 180s (custom)
2021-10-29 00:42:56,435 [a1fdd0ef-804f-4835-9139-6ae2b6368b09@group-DA5E061A5C93-LeaderElection17] INFO  server.RaftServerConfigKeys (ConfUtils.java:logGet(44)) - raft.server.watch.timeout.denomination = 1s (default)
2021-10-29 00:42:56,435 [a1fdd0ef-804f-4835-9139-6ae2b6368b09@group-DA5E061A5C93-LeaderElection17] INFO  server.RaftServerConfigKeys (ConfUtils.java:logGet(44)) - raft.server.watch.element-limit = 65536 (default)
2021-10-29 00:42:56,435 [a1fdd0ef-804f-4835-9139-6ae2b6368b09@group-DA5E061A5C93-LeaderElection17] INFO  server.RaftServerConfigKeys (ConfUtils.java:logGet(44)) - raft.server.write.element-limit = 1024 (custom)
2021-10-29 00:42:56,435 [a1fdd0ef-804f-4835-9139-6ae2b6368b09@group-DA5E061A5C93-LeaderElection17] INFO  server.RaftServerConfigKeys (ConfUtils.java:logGet(44)) - raft.server.write.follower.gap.ratio.max = -1.0 (default)
2021-10-29 00:42:56,435 [a1fdd0ef-804f-4835-9139-6ae2b6368b09@group-DA5E061A5C93-LeaderElection17] INFO  impl.RoleInfo (RoleInfo.java:updateAndGet(130)) - a1fdd0ef-804f-4835-9139-6ae2b6368b09: start a1fdd0ef-804f-4835-9139-6ae2b6368b09@group-DA5E061A5C93-LeaderStateImpl
2021-10-29 00:42:56,436 [a1fdd0ef-804f-4835-9139-6ae2b6368b09@group-DA5E061A5C93-LeaderElection17] INFO  segmented.SegmentedRaftLogWorker (SegmentedRaftLogWorker.java:startLogSegment(394)) - a1fdd0ef-804f-4835-9139-6ae2b6368b09@group-DA5E061A5C93-SegmentedRaftLogWorker: Starting segment from index:0
2021-10-29 00:42:56,438 [EventQueue-OpenPipelineForHealthyPipelineSafeModeRule] INFO  safemode.SCMSafeModeManager (HealthyPipelineSafeModeRule.java:process(124)) - SCM in safe mode. Healthy pipelines reported count is 0, required healthy pipeline reported count is 1
2021-10-29 00:42:56,440 [a1fdd0ef-804f-4835-9139-6ae2b6368b09@group-DA5E061A5C93-SegmentedRaftLogWorker] INFO  segmented.SegmentedRaftLogWorker (SegmentedRaftLogWorker.java:execute(601)) - a1fdd0ef-804f-4835-9139-6ae2b6368b09@group-DA5E061A5C93-SegmentedRaftLogWorker: created new log segment /home/runner/work/ozone/ozone/hadoop-ozone/integration-test/target/test-dir/MiniOzoneClusterImpl-5f5ad6f1-7ccc-43e5-92d9-031f7ba6440e/datanode-0/data/ratis/b677ff41-cdec-45b5-a06c-da5e061a5c93/current/log_inprogress_0
2021-10-29 00:42:56,443 [a1fdd0ef-804f-4835-9139-6ae2b6368b09@group-DA5E061A5C93-LeaderElection17] INFO  server.RaftServer$Division (ServerState.java:setRaftConf(387)) - a1fdd0ef-804f-4835-9139-6ae2b6368b09@group-DA5E061A5C93: set configuration 0: [a1fdd0ef-804f-4835-9139-6ae2b6368b09|rpc:10.1.0.32:44367|dataStream:|priority:1], old=null
2021-10-29 00:42:56,450 [grpc-default-executor-3] INFO  server.RaftServer$Division (RaftServerImpl.java:requestVote(1046)) - a1fdd0ef-804f-4835-9139-6ae2b6368b09@group-5FB2BB80A63B: receive requestVote(ELECTION, 86c3d915-a4b4-4376-a03d-0cc30fc6f311, group-5FB2BB80A63B, 1, (t:0, i:0))
2021-10-29 00:42:56,450 [grpc-default-executor-3] INFO  impl.VoteContext (VoteContext.java:log(48)) - a1fdd0ef-804f-4835-9139-6ae2b6368b09@group-5FB2BB80A63B-FOLLOWER: reject ELECTION from 86c3d915-a4b4-4376-a03d-0cc30fc6f311: our priority 1 > candidate's priority 0
2021-10-29 00:42:56,450 [grpc-default-executor-3] INFO  server.RaftServer$Division (RaftServerImpl.java:setRole(290)) - a1fdd0ef-804f-4835-9139-6ae2b6368b09@group-5FB2BB80A63B: changes role from  FOLLOWER to FOLLOWER at term 1 for candidate:86c3d915-a4b4-4376-a03d-0cc30fc6f311
2021-10-29 00:42:56,450 [grpc-default-executor-3] INFO  impl.RoleInfo (RoleInfo.java:shutdownFollowerState(108)) - a1fdd0ef-804f-4835-9139-6ae2b6368b09: shutdown a1fdd0ef-804f-4835-9139-6ae2b6368b09@group-5FB2BB80A63B-FollowerState
2021-10-29 00:42:56,450 [grpc-default-executor-3] INFO  impl.RoleInfo (RoleInfo.java:updateAndGet(130)) - a1fdd0ef-804f-4835-9139-6ae2b6368b09: start a1fdd0ef-804f-4835-9139-6ae2b6368b09@group-5FB2BB80A63B-FollowerState
2021-10-29 00:42:56,450 [a1fdd0ef-804f-4835-9139-6ae2b6368b09@group-5FB2BB80A63B-FollowerState] INFO  impl.FollowerState (FollowerState.java:run(143)) - a1fdd0ef-804f-4835-9139-6ae2b6368b09@group-5FB2BB80A63B-FollowerState was interrupted: {}
java.lang.InterruptedException: sleep interrupted
	at java.lang.Thread.sleep(Native Method)
	at java.lang.Thread.sleep(Thread.java:340)
	at java.util.concurrent.TimeUnit.sleep(TimeUnit.java:386)
	at org.apache.ratis.util.TimeDuration.sleep(TimeDuration.java:324)
	at org.apache.ratis.util.TimeDuration.sleep(TimeDuration.java:309)
	at org.apache.ratis.server.impl.FollowerState.run(FollowerState.java:118)
2021-10-29 00:42:56,451 [grpc-default-executor-4] INFO  server.RaftServer$Division (RaftServerImpl.java:requestVote(1046)) - 192fc8dc-fdd7-42bb-8b0b-fd25934386bd@group-5FB2BB80A63B: receive requestVote(ELECTION, 86c3d915-a4b4-4376-a03d-0cc30fc6f311, group-5FB2BB80A63B, 1, (t:0, i:0))
2021-10-29 00:42:56,451 [grpc-default-executor-4] INFO  impl.VoteContext (VoteContext.java:log(48)) - 192fc8dc-fdd7-42bb-8b0b-fd25934386bd@group-5FB2BB80A63B-FOLLOWER: accept ELECTION from 86c3d915-a4b4-4376-a03d-0cc30fc6f311: our priority 0 <= candidate's priority 0
2021-10-29 00:42:56,451 [grpc-default-executor-4] INFO  server.RaftServer$Division (RaftServerImpl.java:setRole(290)) - 192fc8dc-fdd7-42bb-8b0b-fd25934386bd@group-5FB2BB80A63B: changes role from  FOLLOWER to FOLLOWER at term 1 for candidate:86c3d915-a4b4-4376-a03d-0cc30fc6f311
2021-10-29 00:42:56,451 [grpc-default-executor-4] INFO  impl.RoleInfo (RoleInfo.java:shutdownFollowerState(108)) - 192fc8dc-fdd7-42bb-8b0b-fd25934386bd: shutdown 192fc8dc-fdd7-42bb-8b0b-fd25934386bd@group-5FB2BB80A63B-FollowerState
2021-10-29 00:42:56,451 [grpc-default-executor-4] INFO  impl.RoleInfo (RoleInfo.java:updateAndGet(130)) - 192fc8dc-fdd7-42bb-8b0b-fd25934386bd: start 192fc8dc-fdd7-42bb-8b0b-fd25934386bd@group-5FB2BB80A63B-FollowerState
2021-10-29 00:42:56,452 [192fc8dc-fdd7-42bb-8b0b-fd25934386bd@group-5FB2BB80A63B-FollowerState] INFO  impl.FollowerState (FollowerState.java:run(143)) - 192fc8dc-fdd7-42bb-8b0b-fd25934386bd@group-5FB2BB80A63B-FollowerState was interrupted: {}
java.lang.InterruptedException: sleep interrupted
	at java.lang.Thread.sleep(Native Method)
	at java.lang.Thread.sleep(Thread.java:340)
	at java.util.concurrent.TimeUnit.sleep(TimeUnit.java:386)
	at org.apache.ratis.util.TimeDuration.sleep(TimeDuration.java:324)
	at org.apache.ratis.util.TimeDuration.sleep(TimeDuration.java:309)
	at org.apache.ratis.server.impl.FollowerState.run(FollowerState.java:118)
2021-10-29 00:42:56,453 [EventQueue-OpenPipelineForHealthyPipelineSafeModeRule] INFO  safemode.SCMSafeModeManager (HealthyPipelineSafeModeRule.java:process(124)) - SCM in safe mode. Healthy pipelines reported count is 0, required healthy pipeline reported count is 1
2021-10-29 00:42:56,454 [grpc-default-executor-3] INFO  server.RaftServer$Division (RaftServerImpl.java:requestVote(1078)) - a1fdd0ef-804f-4835-9139-6ae2b6368b09@group-5FB2BB80A63B replies to ELECTION vote request: 86c3d915-a4b4-4376-a03d-0cc30fc6f311<-a1fdd0ef-804f-4835-9139-6ae2b6368b09#0:FAIL-t1. Peer's state: a1fdd0ef-804f-4835-9139-6ae2b6368b09@group-5FB2BB80A63B:t1, leader=null, voted=null, raftlog=a1fdd0ef-804f-4835-9139-6ae2b6368b09@group-5FB2BB80A63B-SegmentedRaftLog:OPENED:c-1, conf=-1: [a1fdd0ef-804f-4835-9139-6ae2b6368b09|rpc:10.1.0.32:44367|priority:1, 86c3d915-a4b4-4376-a03d-0cc30fc6f311|rpc:10.1.0.32:39439|priority:0, 192fc8dc-fdd7-42bb-8b0b-fd25934386bd|rpc:10.1.0.32:41821|priority:0], old=null
2021-10-29 00:42:56,460 [grpc-default-executor-4] INFO  server.RaftServer$Division (RaftServerImpl.java:requestVote(1078)) - 192fc8dc-fdd7-42bb-8b0b-fd25934386bd@group-5FB2BB80A63B replies to ELECTION vote request: 86c3d915-a4b4-4376-a03d-0cc30fc6f311<-192fc8dc-fdd7-42bb-8b0b-fd25934386bd#0:OK-t1. Peer's state: 192fc8dc-fdd7-42bb-8b0b-fd25934386bd@group-5FB2BB80A63B:t1, leader=null, voted=86c3d915-a4b4-4376-a03d-0cc30fc6f311, raftlog=192fc8dc-fdd7-42bb-8b0b-fd25934386bd@group-5FB2BB80A63B-SegmentedRaftLog:OPENED:c-1, conf=-1: [a1fdd0ef-804f-4835-9139-6ae2b6368b09|rpc:10.1.0.32:44367|dataStream:|priority:1, 86c3d915-a4b4-4376-a03d-0cc30fc6f311|rpc:10.1.0.32:39439|dataStream:|priority:0, 192fc8dc-fdd7-42bb-8b0b-fd25934386bd|rpc:10.1.0.32:41821|dataStream:|priority:0], old=null
2021-10-29 00:42:56,466 [86c3d915-a4b4-4376-a03d-0cc30fc6f311@group-5FB2BB80A63B-LeaderElection16] INFO  impl.LeaderElection (LeaderElection.java:logAndReturn(89)) - 86c3d915-a4b4-4376-a03d-0cc30fc6f311@group-5FB2BB80A63B-LeaderElection16: ELECTION REJECTED received 2 response(s) and 0 exception(s):
2021-10-29 00:42:56,466 [86c3d915-a4b4-4376-a03d-0cc30fc6f311@group-5FB2BB80A63B-LeaderElection16] INFO  impl.LeaderElection (LeaderElection.java:logAndReturn(93)) -   Response 0: 86c3d915-a4b4-4376-a03d-0cc30fc6f311<-a1fdd0ef-804f-4835-9139-6ae2b6368b09#0:FAIL-t1
2021-10-29 00:42:56,466 [86c3d915-a4b4-4376-a03d-0cc30fc6f311@group-5FB2BB80A63B-LeaderElection16] INFO  impl.LeaderElection (LeaderElection.java:logAndReturn(93)) -   Response 1: 86c3d915-a4b4-4376-a03d-0cc30fc6f311<-192fc8dc-fdd7-42bb-8b0b-fd25934386bd#0:OK-t1
2021-10-29 00:42:56,466 [86c3d915-a4b4-4376-a03d-0cc30fc6f311@group-5FB2BB80A63B-LeaderElection16] INFO  impl.LeaderElection (LeaderElection.java:askForVotes(308)) - 86c3d915-a4b4-4376-a03d-0cc30fc6f311@group-5FB2BB80A63B-LeaderElection16 ELECTION round 0: result REJECTED
2021-10-29 00:42:56,466 [86c3d915-a4b4-4376-a03d-0cc30fc6f311@group-5FB2BB80A63B-LeaderElection16] INFO  server.RaftServer$Division (RaftServerImpl.java:setRole(290)) - 86c3d915-a4b4-4376-a03d-0cc30fc6f311@group-5FB2BB80A63B: changes role from CANDIDATE to FOLLOWER at term 1 for REJECTED
2021-10-29 00:42:56,466 [86c3d915-a4b4-4376-a03d-0cc30fc6f311@group-5FB2BB80A63B-LeaderElection16] INFO  impl.RoleInfo (RoleInfo.java:shutdownLeaderElection(121)) - 86c3d915-a4b4-4376-a03d-0cc30fc6f311: shutdown 86c3d915-a4b4-4376-a03d-0cc30fc6f311@group-5FB2BB80A63B-LeaderElection16
2021-10-29 00:42:56,466 [86c3d915-a4b4-4376-a03d-0cc30fc6f311@group-5FB2BB80A63B-LeaderElection16] INFO  impl.RoleInfo (RoleInfo.java:updateAndGet(130)) - 86c3d915-a4b4-4376-a03d-0cc30fc6f311: start 86c3d915-a4b4-4376-a03d-0cc30fc6f311@group-5FB2BB80A63B-FollowerState
2021-10-29 00:42:56,666 [EventQueue-OpenPipelineForHealthyPipelineSafeModeRule] INFO  safemode.SCMSafeModeManager (HealthyPipelineSafeModeRule.java:process(124)) - SCM in safe mode. Healthy pipelines reported count is 0, required healthy pipeline reported count is 1
2021-10-29 00:42:56,810 [86c3d915-a4b4-4376-a03d-0cc30fc6f311@group-0776F9ED1FF9-FollowerState] INFO  impl.FollowerState (FollowerState.java:run(134)) - 86c3d915-a4b4-4376-a03d-0cc30fc6f311@group-0776F9ED1FF9-FollowerState: change to CANDIDATE, lastRpcElapsedTime:5081793504ns, electionTimeout:5081ms
2021-10-29 00:42:56,810 [86c3d915-a4b4-4376-a03d-0cc30fc6f311@group-0776F9ED1FF9-FollowerState] INFO  impl.RoleInfo (RoleInfo.java:shutdownFollowerState(108)) - 86c3d915-a4b4-4376-a03d-0cc30fc6f311: shutdown 86c3d915-a4b4-4376-a03d-0cc30fc6f311@group-0776F9ED1FF9-FollowerState
2021-10-29 00:42:56,810 [86c3d915-a4b4-4376-a03d-0cc30fc6f311@group-0776F9ED1FF9-FollowerState] INFO  server.RaftServer$Division (RaftServerImpl.java:setRole(290)) - 86c3d915-a4b4-4376-a03d-0cc30fc6f311@group-0776F9ED1FF9: changes role from  FOLLOWER to CANDIDATE at term 0 for changeToCandidate
2021-10-29 00:42:56,810 [86c3d915-a4b4-4376-a03d-0cc30fc6f311@group-0776F9ED1FF9-FollowerState] INFO  server.RaftServerConfigKeys (ConfUtils.java:logGet(44)) - raft.server.leaderelection.pre-vote = false (custom)
2021-10-29 00:42:56,810 [86c3d915-a4b4-4376-a03d-0cc30fc6f311@group-0776F9ED1FF9-FollowerState] INFO  impl.RoleInfo (RoleInfo.java:updateAndGet(130)) - 86c3d915-a4b4-4376-a03d-0cc30fc6f311: start 86c3d915-a4b4-4376-a03d-0cc30fc6f311@group-0776F9ED1FF9-LeaderElection18
2021-10-29 00:42:56,818 [86c3d915-a4b4-4376-a03d-0cc30fc6f311@group-0776F9ED1FF9-LeaderElection18] INFO  impl.LeaderElection (LeaderElection.java:askForVotes(306)) - 86c3d915-a4b4-4376-a03d-0cc30fc6f311@group-0776F9ED1FF9-LeaderElection18 ELECTION round 0: submit vote requests at term 1 for -1: [86c3d915-a4b4-4376-a03d-0cc30fc6f311|rpc:10.1.0.32:39439|priority:1], old=null
2021-10-29 00:42:56,818 [86c3d915-a4b4-4376-a03d-0cc30fc6f311@group-0776F9ED1FF9-LeaderElection18] INFO  impl.LeaderElection (LeaderElection.java:askForVotes(308)) - 86c3d915-a4b4-4376-a03d-0cc30fc6f311@group-0776F9ED1FF9-LeaderElection18 ELECTION round 0: result PASSED (term=1)
2021-10-29 00:42:56,818 [86c3d915-a4b4-4376-a03d-0cc30fc6f311@group-0776F9ED1FF9-LeaderElection18] INFO  impl.RoleInfo (RoleInfo.java:shutdownLeaderElection(121)) - 86c3d915-a4b4-4376-a03d-0cc30fc6f311: shutdown 86c3d915-a4b4-4376-a03d-0cc30fc6f311@group-0776F9ED1FF9-LeaderElection18
2021-10-29 00:42:56,818 [86c3d915-a4b4-4376-a03d-0cc30fc6f311@group-0776F9ED1FF9-LeaderElection18] INFO  server.RaftServer$Division (RaftServerImpl.java:setRole(290)) - 86c3d915-a4b4-4376-a03d-0cc30fc6f311@group-0776F9ED1FF9: changes role from CANDIDATE to LEADER at term 1 for changeToLeader
2021-10-29 00:42:56,818 [86c3d915-a4b4-4376-a03d-0cc30fc6f311@group-0776F9ED1FF9-LeaderElection18] INFO  ratis.XceiverServerRatis (XceiverServerRatis.java:handleLeaderChangedNotification(866)) - Leader change notification received for group: group-0776F9ED1FF9 with new leaderId: 86c3d915-a4b4-4376-a03d-0cc30fc6f311
2021-10-29 00:42:56,821 [EventQueue-OpenPipelineForHealthyPipelineSafeModeRule] INFO  safemode.SCMSafeModeManager (HealthyPipelineSafeModeRule.java:process(124)) - SCM in safe mode. Healthy pipelines reported count is 0, required healthy pipeline reported count is 1
2021-10-29 00:42:56,822 [86c3d915-a4b4-4376-a03d-0cc30fc6f311@group-0776F9ED1FF9-LeaderElection18] INFO  server.RaftServer$Division (ServerState.java:setLeader(285)) - 86c3d915-a4b4-4376-a03d-0cc30fc6f311@group-0776F9ED1FF9: change Leader from null to 86c3d915-a4b4-4376-a03d-0cc30fc6f311 at term 1 for becomeLeader, leader elected after 5102ms
2021-10-29 00:42:56,823 [86c3d915-a4b4-4376-a03d-0cc30fc6f311@group-0776F9ED1FF9-LeaderElection18] INFO  server.RaftServerConfigKeys (ConfUtils.java:logGet(44)) - raft.server.staging.catchup.gap = 1000 (default)
2021-10-29 00:42:56,824 [86c3d915-a4b4-4376-a03d-0cc30fc6f311@group-0776F9ED1FF9-LeaderElection18] INFO  server.RaftServerConfigKeys (ConfUtils.java:logGet(44)) - raft.server.write.element-limit = 1024 (custom)
2021-10-29 00:42:56,824 [86c3d915-a4b4-4376-a03d-0cc30fc6f311@group-0776F9ED1FF9-LeaderElection18] INFO  server.RaftServerConfigKeys (ConfUtils.java:logGet(44)) - raft.server.write.byte-limit = 1024 M (=1073741824) (custom)
2021-10-29 00:42:56,832 [86c3d915-a4b4-4376-a03d-0cc30fc6f311@group-0776F9ED1FF9-LeaderElection18] INFO  server.RaftServerConfigKeys (ConfUtils.java:logGet(44)) - raft.server.watch.timeout = 180s (custom)
2021-10-29 00:42:56,832 [86c3d915-a4b4-4376-a03d-0cc30fc6f311@group-0776F9ED1FF9-LeaderElection18] INFO  server.RaftServerConfigKeys (ConfUtils.java:logGet(44)) - raft.server.watch.timeout.denomination = 1s (default)
2021-10-29 00:42:56,832 [86c3d915-a4b4-4376-a03d-0cc30fc6f311@group-0776F9ED1FF9-LeaderElection18] INFO  server.RaftServerConfigKeys (ConfUtils.java:logGet(44)) - raft.server.watch.element-limit = 65536 (default)
2021-10-29 00:42:56,832 [86c3d915-a4b4-4376-a03d-0cc30fc6f311@group-0776F9ED1FF9-LeaderElection18] INFO  server.RaftServerConfigKeys (ConfUtils.java:logGet(44)) - raft.server.write.element-limit = 1024 (custom)
2021-10-29 00:42:56,832 [86c3d915-a4b4-4376-a03d-0cc30fc6f311@group-0776F9ED1FF9-LeaderElection18] INFO  server.RaftServerConfigKeys (ConfUtils.java:logGet(44)) - raft.server.write.follower.gap.ratio.max = -1.0 (default)
2021-10-29 00:42:56,832 [86c3d915-a4b4-4376-a03d-0cc30fc6f311@group-0776F9ED1FF9-LeaderElection18] INFO  impl.RoleInfo (RoleInfo.java:updateAndGet(130)) - 86c3d915-a4b4-4376-a03d-0cc30fc6f311: start 86c3d915-a4b4-4376-a03d-0cc30fc6f311@group-0776F9ED1FF9-LeaderStateImpl
2021-10-29 00:42:56,832 [86c3d915-a4b4-4376-a03d-0cc30fc6f311@group-0776F9ED1FF9-LeaderElection18] INFO  segmented.SegmentedRaftLogWorker (SegmentedRaftLogWorker.java:startLogSegment(394)) - 86c3d915-a4b4-4376-a03d-0cc30fc6f311@group-0776F9ED1FF9-SegmentedRaftLogWorker: Starting segment from index:0
2021-10-29 00:42:56,835 [86c3d915-a4b4-4376-a03d-0cc30fc6f311@group-0776F9ED1FF9-SegmentedRaftLogWorker] INFO  segmented.SegmentedRaftLogWorker (SegmentedRaftLogWorker.java:execute(601)) - 86c3d915-a4b4-4376-a03d-0cc30fc6f311@group-0776F9ED1FF9-SegmentedRaftLogWorker: created new log segment /home/runner/work/ozone/ozone/hadoop-ozone/integration-test/target/test-dir/MiniOzoneClusterImpl-5f5ad6f1-7ccc-43e5-92d9-031f7ba6440e/datanode-1/data/ratis/f5892fae-2603-4b40-b467-0776f9ed1ff9/current/log_inprogress_0
2021-10-29 00:42:56,854 [86c3d915-a4b4-4376-a03d-0cc30fc6f311@group-0776F9ED1FF9-LeaderElection18] INFO  server.RaftServer$Division (ServerState.java:setRaftConf(387)) - 86c3d915-a4b4-4376-a03d-0cc30fc6f311@group-0776F9ED1FF9: set configuration 0: [86c3d915-a4b4-4376-a03d-0cc30fc6f311|rpc:10.1.0.32:39439|dataStream:|priority:1], old=null
2021-10-29 00:42:57,043 [ReplicationMonitor] INFO  container.ReplicationManager (ReplicationManager.java:processAll(371)) - Replication Monitor Thread took 0 milliseconds for processing 0 containers.
2021-10-29 00:42:57,069 [EventQueue-OpenPipelineForHealthyPipelineSafeModeRule] INFO  safemode.SCMSafeModeManager (HealthyPipelineSafeModeRule.java:process(124)) - SCM in safe mode. Healthy pipelines reported count is 0, required healthy pipeline reported count is 1
2021-10-29 00:42:57,070 [EventQueue-DeadNodeForDeadNodeHandler] INFO  node.DeadNodeHandler (DeadNodeHandler.java:onMessage(80)) - A dead datanode is detected. 12cd3e49-de78-4d30-aa86-c1ffa97795c8{ip: 10.1.0.32, host: fv-az291-161.wgnan5asplgejimfprtllbpdch.jx.internal.cloudapp.net, ports: [REPLICATION=45311, RATIS=42653, RATIS_ADMIN=42653, RATIS_SERVER=42653, STANDALONE=34397], networkLocation: /default-rack, certSerialId: null, persistedOpState: DECOMMISSIONING, persistedOpStateExpiryEpochSec: 0}
2021-10-29 00:42:57,073 [EventQueue-DeadNodeForDeadNodeHandler] INFO  net.NetworkTopologyImpl (NetworkTopologyImpl.java:remove(137)) - Removed a node: /default-rack/12cd3e49-de78-4d30-aa86-c1ffa97795c8
2021-10-29 00:42:57,169 [EventQueue-OpenPipelineForHealthyPipelineSafeModeRule] INFO  safemode.SCMSafeModeManager (HealthyPipelineSafeModeRule.java:process(124)) - SCM in safe mode. Healthy pipelines reported count is 0, required healthy pipeline reported count is 1
2021-10-29 00:42:57,222 [ReplicationMonitor] INFO  container.ReplicationManager (ReplicationManager.java:processAll(371)) - Replication Monitor Thread took 0 milliseconds for processing 3 containers.
2021-10-29 00:42:57,253 [192fc8dc-fdd7-42bb-8b0b-fd25934386bd@group-F4E76D3FC2E1-FollowerState] INFO  impl.FollowerState (FollowerState.java:run(134)) - 192fc8dc-fdd7-42bb-8b0b-fd25934386bd@group-F4E76D3FC2E1-FollowerState: change to CANDIDATE, lastRpcElapsedTime:5075540296ns, electionTimeout:5069ms
2021-10-29 00:42:57,253 [192fc8dc-fdd7-42bb-8b0b-fd25934386bd@group-F4E76D3FC2E1-FollowerState] INFO  impl.RoleInfo (RoleInfo.java:shutdownFollowerState(108)) - 192fc8dc-fdd7-42bb-8b0b-fd25934386bd: shutdown 192fc8dc-fdd7-42bb-8b0b-fd25934386bd@group-F4E76D3FC2E1-FollowerState
2021-10-29 00:42:57,254 [192fc8dc-fdd7-42bb-8b0b-fd25934386bd@group-F4E76D3FC2E1-FollowerState] INFO  server.RaftServer$Division (RaftServerImpl.java:setRole(290)) - 192fc8dc-fdd7-42bb-8b0b-fd25934386bd@group-F4E76D3FC2E1: changes role from  FOLLOWER to CANDIDATE at term 0 for changeToCandidate
2021-10-29 00:42:57,254 [192fc8dc-fdd7-42bb-8b0b-fd25934386bd@group-F4E76D3FC2E1-FollowerState] INFO  server.RaftServerConfigKeys (ConfUtils.java:logGet(44)) - raft.server.leaderelection.pre-vote = false (custom)
2021-10-29 00:42:57,254 [192fc8dc-fdd7-42bb-8b0b-fd25934386bd@group-F4E76D3FC2E1-FollowerState] INFO  impl.RoleInfo (RoleInfo.java:updateAndGet(130)) - 192fc8dc-fdd7-42bb-8b0b-fd25934386bd: start 192fc8dc-fdd7-42bb-8b0b-fd25934386bd@group-F4E76D3FC2E1-LeaderElection19
2021-10-29 00:42:57,270 [192fc8dc-fdd7-42bb-8b0b-fd25934386bd@group-F4E76D3FC2E1-LeaderElection19] INFO  impl.LeaderElection (LeaderElection.java:askForVotes(306)) - 192fc8dc-fdd7-42bb-8b0b-fd25934386bd@group-F4E76D3FC2E1-LeaderElection19 ELECTION round 0: submit vote requests at term 1 for -1: [192fc8dc-fdd7-42bb-8b0b-fd25934386bd|rpc:10.1.0.32:41821|priority:1], old=null
2021-10-29 00:42:57,270 [192fc8dc-fdd7-42bb-8b0b-fd25934386bd@group-F4E76D3FC2E1-LeaderElection19] INFO  impl.LeaderElection (LeaderElection.java:askForVotes(308)) - 192fc8dc-fdd7-42bb-8b0b-fd25934386bd@group-F4E76D3FC2E1-LeaderElection19 ELECTION round 0: result PASSED (term=1)
2021-10-29 00:42:57,270 [192fc8dc-fdd7-42bb-8b0b-fd25934386bd@group-F4E76D3FC2E1-LeaderElection19] INFO  impl.RoleInfo (RoleInfo.java:shutdownLeaderElection(121)) - 192fc8dc-fdd7-42bb-8b0b-fd25934386bd: shutdown 192fc8dc-fdd7-42bb-8b0b-fd25934386bd@group-F4E76D3FC2E1-LeaderElection19
2021-10-29 00:42:57,270 [192fc8dc-fdd7-42bb-8b0b-fd25934386bd@group-F4E76D3FC2E1-LeaderElection19] INFO  server.RaftServer$Division (RaftServerImpl.java:setRole(290)) - 192fc8dc-fdd7-42bb-8b0b-fd25934386bd@group-F4E76D3FC2E1: changes role from CANDIDATE to LEADER at term 1 for changeToLeader
2021-10-29 00:42:57,270 [192fc8dc-fdd7-42bb-8b0b-fd25934386bd@group-F4E76D3FC2E1-LeaderElection19] INFO  ratis.XceiverServerRatis (XceiverServerRatis.java:handleLeaderChangedNotification(866)) - Leader change notification received for group: group-F4E76D3FC2E1 with new leaderId: 192fc8dc-fdd7-42bb-8b0b-fd25934386bd
2021-10-29 00:42:57,272 [EventQueue-OpenPipelineForHealthyPipelineSafeModeRule] INFO  safemode.SCMSafeModeManager (HealthyPipelineSafeModeRule.java:process(124)) - SCM in safe mode. Healthy pipelines reported count is 0, required healthy pipeline reported count is 1
2021-10-29 00:42:57,273 [192fc8dc-fdd7-42bb-8b0b-fd25934386bd@group-F4E76D3FC2E1-LeaderElection19] INFO  server.RaftServer$Division (ServerState.java:setLeader(285)) - 192fc8dc-fdd7-42bb-8b0b-fd25934386bd@group-F4E76D3FC2E1: change Leader from null to 192fc8dc-fdd7-42bb-8b0b-fd25934386bd at term 1 for becomeLeader, leader elected after 5101ms
2021-10-29 00:42:57,275 [192fc8dc-fdd7-42bb-8b0b-fd25934386bd@group-F4E76D3FC2E1-LeaderElection19] INFO  server.RaftServerConfigKeys (ConfUtils.java:logGet(44)) - raft.server.staging.catchup.gap = 1000 (default)
2021-10-29 00:42:57,275 [192fc8dc-fdd7-42bb-8b0b-fd25934386bd@group-F4E76D3FC2E1-LeaderElection19] INFO  server.RaftServerConfigKeys (ConfUtils.java:logGet(44)) - raft.server.write.element-limit = 1024 (custom)
2021-10-29 00:42:57,275 [192fc8dc-fdd7-42bb-8b0b-fd25934386bd@group-F4E76D3FC2E1-LeaderElection19] INFO  server.RaftServerConfigKeys (ConfUtils.java:logGet(44)) - raft.server.write.byte-limit = 1024 M (=1073741824) (custom)
2021-10-29 00:42:57,285 [192fc8dc-fdd7-42bb-8b0b-fd25934386bd@group-F4E76D3FC2E1-LeaderElection19] INFO  server.RaftServerConfigKeys (ConfUtils.java:logGet(44)) - raft.server.watch.timeout = 180s (custom)
2021-10-29 00:42:57,285 [192fc8dc-fdd7-42bb-8b0b-fd25934386bd@group-F4E76D3FC2E1-LeaderElection19] INFO  server.RaftServerConfigKeys (ConfUtils.java:logGet(44)) - raft.server.watch.timeout.denomination = 1s (default)
2021-10-29 00:42:57,285 [192fc8dc-fdd7-42bb-8b0b-fd25934386bd@group-F4E76D3FC2E1-LeaderElection19] INFO  server.RaftServerConfigKeys (ConfUtils.java:logGet(44)) - raft.server.watch.element-limit = 65536 (default)
2021-10-29 00:42:57,285 [192fc8dc-fdd7-42bb-8b0b-fd25934386bd@group-F4E76D3FC2E1-LeaderElection19] INFO  server.RaftServerConfigKeys (ConfUtils.java:logGet(44)) - raft.server.write.element-limit = 1024 (custom)
2021-10-29 00:42:57,285 [192fc8dc-fdd7-42bb-8b0b-fd25934386bd@group-F4E76D3FC2E1-LeaderElection19] INFO  server.RaftServerConfigKeys (ConfUtils.java:logGet(44)) - raft.server.write.follower.gap.ratio.max = -1.0 (default)
2021-10-29 00:42:57,285 [192fc8dc-fdd7-42bb-8b0b-fd25934386bd@group-F4E76D3FC2E1-LeaderElection19] INFO  impl.RoleInfo (RoleInfo.java:updateAndGet(130)) - 192fc8dc-fdd7-42bb-8b0b-fd25934386bd: start 192fc8dc-fdd7-42bb-8b0b-fd25934386bd@group-F4E76D3FC2E1-LeaderStateImpl
2021-10-29 00:42:57,288 [192fc8dc-fdd7-42bb-8b0b-fd25934386bd@group-F4E76D3FC2E1-LeaderElection19] INFO  segmented.SegmentedRaftLogWorker (SegmentedRaftLogWorker.java:startLogSegment(394)) - 192fc8dc-fdd7-42bb-8b0b-fd25934386bd@group-F4E76D3FC2E1-SegmentedRaftLogWorker: Starting segment from index:0
2021-10-29 00:42:57,291 [192fc8dc-fdd7-42bb-8b0b-fd25934386bd@group-F4E76D3FC2E1-SegmentedRaftLogWorker] INFO  segmented.SegmentedRaftLogWorker (SegmentedRaftLogWorker.java:execute(601)) - 192fc8dc-fdd7-42bb-8b0b-fd25934386bd@group-F4E76D3FC2E1-SegmentedRaftLogWorker: created new log segment /home/runner/work/ozone/ozone/hadoop-ozone/integration-test/target/test-dir/MiniOzoneClusterImpl-5f5ad6f1-7ccc-43e5-92d9-031f7ba6440e/datanode-2/data/ratis/019896bf-015d-407e-8ead-f4e76d3fc2e1/current/log_inprogress_0
2021-10-29 00:42:57,299 [192fc8dc-fdd7-42bb-8b0b-fd25934386bd@group-F4E76D3FC2E1-LeaderElection19] INFO  server.RaftServer$Division (ServerState.java:setRaftConf(387)) - 192fc8dc-fdd7-42bb-8b0b-fd25934386bd@group-F4E76D3FC2E1: set configuration 0: [192fc8dc-fdd7-42bb-8b0b-fd25934386bd|rpc:10.1.0.32:41821|dataStream:|priority:1], old=null
2021-10-29 00:42:57,434 [Listener at 127.0.0.1/33923] INFO  ozone.MiniOzoneClusterImpl (MiniOzoneClusterImpl.java:lambda$waitForClusterToBeReady$0(235)) - Nodes are ready. Got 6 of 6 DN Heartbeats.
2021-10-29 00:42:57,434 [Listener at 127.0.0.1/33923] INFO  ozone.MiniOzoneClusterImpl (MiniOzoneClusterImpl.java:lambda$waitForClusterToBeReady$0(238)) - Waiting for cluster to exit safe mode
2021-10-29 00:42:57,434 [Listener at 127.0.0.1/33923] INFO  ozone.MiniOzoneClusterImpl (MiniOzoneClusterImpl.java:lambda$waitForClusterToBeReady$0(240)) - SCM became leader
2021-10-29 00:42:57,440 [EventQueue-OpenPipelineForHealthyPipelineSafeModeRule] INFO  safemode.SCMSafeModeManager (HealthyPipelineSafeModeRule.java:process(124)) - SCM in safe mode. Healthy pipelines reported count is 0, required healthy pipeline reported count is 1
2021-10-29 00:42:57,455 [EventQueue-OpenPipelineForHealthyPipelineSafeModeRule] INFO  safemode.SCMSafeModeManager (HealthyPipelineSafeModeRule.java:process(124)) - SCM in safe mode. Healthy pipelines reported count is 0, required healthy pipeline reported count is 1
2021-10-29 00:42:57,666 [EventQueue-OpenPipelineForHealthyPipelineSafeModeRule] INFO  safemode.SCMSafeModeManager (HealthyPipelineSafeModeRule.java:process(124)) - SCM in safe mode. Healthy pipelines reported count is 0, required healthy pipeline reported count is 1
2021-10-29 00:42:57,789 [e8a99e94-03a8-424f-8179-644c8590267c@group-C97255F99171-FollowerState] INFO  impl.FollowerState (FollowerState.java:run(134)) - e8a99e94-03a8-424f-8179-644c8590267c@group-C97255F99171-FollowerState: change to CANDIDATE, lastRpcElapsedTime:5085217108ns, electionTimeout:5084ms
2021-10-29 00:42:57,790 [e8a99e94-03a8-424f-8179-644c8590267c@group-C97255F99171-FollowerState] INFO  impl.RoleInfo (RoleInfo.java:shutdownFollowerState(108)) - e8a99e94-03a8-424f-8179-644c8590267c: shutdown e8a99e94-03a8-424f-8179-644c8590267c@group-C97255F99171-FollowerState
2021-10-29 00:42:57,790 [e8a99e94-03a8-424f-8179-644c8590267c@group-C97255F99171-FollowerState] INFO  server.RaftServer$Division (RaftServerImpl.java:setRole(290)) - e8a99e94-03a8-424f-8179-644c8590267c@group-C97255F99171: changes role from  FOLLOWER to CANDIDATE at term 0 for changeToCandidate
2021-10-29 00:42:57,790 [e8a99e94-03a8-424f-8179-644c8590267c@group-C97255F99171-FollowerState] INFO  server.RaftServerConfigKeys (ConfUtils.java:logGet(44)) - raft.server.leaderelection.pre-vote = false (custom)
2021-10-29 00:42:57,790 [e8a99e94-03a8-424f-8179-644c8590267c@group-C97255F99171-FollowerState] INFO  impl.RoleInfo (RoleInfo.java:updateAndGet(130)) - e8a99e94-03a8-424f-8179-644c8590267c: start e8a99e94-03a8-424f-8179-644c8590267c@group-C97255F99171-LeaderElection20
2021-10-29 00:42:57,797 [e8a99e94-03a8-424f-8179-644c8590267c@group-C97255F99171-LeaderElection20] INFO  impl.LeaderElection (LeaderElection.java:askForVotes(306)) - e8a99e94-03a8-424f-8179-644c8590267c@group-C97255F99171-LeaderElection20 ELECTION round 0: submit vote requests at term 1 for -1: [08531864-a45b-4b81-8b31-f5d747fe8b59|rpc:10.1.0.32:46027|dataStream:|priority:0, eb8d8e32-cd46-4831-b02b-58c8725ce07f|rpc:10.1.0.32:35769|dataStream:|priority:0, e8a99e94-03a8-424f-8179-644c8590267c|rpc:10.1.0.32:38993|dataStream:|priority:1], old=null
2021-10-29 00:42:57,804 [eb8d8e32-cd46-4831-b02b-58c8725ce07f@group-C757B2605331-FollowerState] INFO  impl.FollowerState (FollowerState.java:run(134)) - eb8d8e32-cd46-4831-b02b-58c8725ce07f@group-C757B2605331-FollowerState: change to CANDIDATE, lastRpcElapsedTime:5146430166ns, electionTimeout:5145ms
2021-10-29 00:42:57,804 [eb8d8e32-cd46-4831-b02b-58c8725ce07f@group-C757B2605331-FollowerState] INFO  impl.RoleInfo (RoleInfo.java:shutdownFollowerState(108)) - eb8d8e32-cd46-4831-b02b-58c8725ce07f: shutdown eb8d8e32-cd46-4831-b02b-58c8725ce07f@group-C757B2605331-FollowerState
2021-10-29 00:42:57,804 [eb8d8e32-cd46-4831-b02b-58c8725ce07f@group-C757B2605331-FollowerState] INFO  server.RaftServer$Division (RaftServerImpl.java:setRole(290)) - eb8d8e32-cd46-4831-b02b-58c8725ce07f@group-C757B2605331: changes role from  FOLLOWER to CANDIDATE at term 0 for changeToCandidate
2021-10-29 00:42:57,811 [eb8d8e32-cd46-4831-b02b-58c8725ce07f@group-C757B2605331-FollowerState] INFO  server.RaftServerConfigKeys (ConfUtils.java:logGet(44)) - raft.server.leaderelection.pre-vote = false (custom)
2021-10-29 00:42:57,811 [eb8d8e32-cd46-4831-b02b-58c8725ce07f@group-C757B2605331-FollowerState] INFO  impl.RoleInfo (RoleInfo.java:updateAndGet(130)) - eb8d8e32-cd46-4831-b02b-58c8725ce07f: start eb8d8e32-cd46-4831-b02b-58c8725ce07f@group-C757B2605331-LeaderElection21
2021-10-29 00:42:57,821 [EventQueue-OpenPipelineForHealthyPipelineSafeModeRule] INFO  safemode.SCMSafeModeManager (HealthyPipelineSafeModeRule.java:process(124)) - SCM in safe mode. Healthy pipelines reported count is 0, required healthy pipeline reported count is 1
2021-10-29 00:42:57,828 [08531864-a45b-4b81-8b31-f5d747fe8b59@group-C97255F99171-FollowerState] INFO  impl.FollowerState (FollowerState.java:run(134)) - 08531864-a45b-4b81-8b31-f5d747fe8b59@group-C97255F99171-FollowerState: change to CANDIDATE, lastRpcElapsedTime:5085993817ns, electionTimeout:5084ms
2021-10-29 00:42:57,828 [08531864-a45b-4b81-8b31-f5d747fe8b59@group-C97255F99171-FollowerState] INFO  impl.RoleInfo (RoleInfo.java:shutdownFollowerState(108)) - 08531864-a45b-4b81-8b31-f5d747fe8b59: shutdown 08531864-a45b-4b81-8b31-f5d747fe8b59@group-C97255F99171-FollowerState
2021-10-29 00:42:57,828 [08531864-a45b-4b81-8b31-f5d747fe8b59@group-C97255F99171-FollowerState] INFO  server.RaftServer$Division (RaftServerImpl.java:setRole(290)) - 08531864-a45b-4b81-8b31-f5d747fe8b59@group-C97255F99171: changes role from  FOLLOWER to CANDIDATE at term 0 for changeToCandidate
2021-10-29 00:42:57,828 [08531864-a45b-4b81-8b31-f5d747fe8b59@group-C97255F99171-FollowerState] INFO  server.RaftServerConfigKeys (ConfUtils.java:logGet(44)) - raft.server.leaderelection.pre-vote = false (custom)
2021-10-29 00:42:57,828 [08531864-a45b-4b81-8b31-f5d747fe8b59@group-C97255F99171-FollowerState] INFO  impl.RoleInfo (RoleInfo.java:updateAndGet(130)) - 08531864-a45b-4b81-8b31-f5d747fe8b59: start 08531864-a45b-4b81-8b31-f5d747fe8b59@group-C97255F99171-LeaderElection22
2021-10-29 00:42:57,829 [grpc-default-executor-4] INFO  server.RaftServer$Division (RaftServerImpl.java:requestVote(1046)) - eb8d8e32-cd46-4831-b02b-58c8725ce07f@group-C97255F99171: receive requestVote(ELECTION, e8a99e94-03a8-424f-8179-644c8590267c, group-C97255F99171, 1, (t:0, i:0))
2021-10-29 00:42:57,829 [grpc-default-executor-4] INFO  impl.VoteContext (VoteContext.java:log(48)) - eb8d8e32-cd46-4831-b02b-58c8725ce07f@group-C97255F99171-FOLLOWER: accept ELECTION from e8a99e94-03a8-424f-8179-644c8590267c: our priority 0 <= candidate's priority 1
2021-10-29 00:42:57,829 [grpc-default-executor-4] INFO  server.RaftServer$Division (RaftServerImpl.java:setRole(290)) - eb8d8e32-cd46-4831-b02b-58c8725ce07f@group-C97255F99171: changes role from  FOLLOWER to FOLLOWER at term 1 for candidate:e8a99e94-03a8-424f-8179-644c8590267c
2021-10-29 00:42:57,829 [grpc-default-executor-4] INFO  impl.RoleInfo (RoleInfo.java:shutdownFollowerState(108)) - eb8d8e32-cd46-4831-b02b-58c8725ce07f: shutdown eb8d8e32-cd46-4831-b02b-58c8725ce07f@group-C97255F99171-FollowerState
2021-10-29 00:42:57,829 [grpc-default-executor-4] INFO  impl.RoleInfo (RoleInfo.java:updateAndGet(130)) - eb8d8e32-cd46-4831-b02b-58c8725ce07f: start eb8d8e32-cd46-4831-b02b-58c8725ce07f@group-C97255F99171-FollowerState
2021-10-29 00:42:57,829 [eb8d8e32-cd46-4831-b02b-58c8725ce07f@group-C97255F99171-FollowerState] INFO  impl.FollowerState (FollowerState.java:run(143)) - eb8d8e32-cd46-4831-b02b-58c8725ce07f@group-C97255F99171-FollowerState was interrupted: {}
java.lang.InterruptedException: sleep interrupted
	at java.lang.Thread.sleep(Native Method)
	at java.lang.Thread.sleep(Thread.java:340)
	at java.util.concurrent.TimeUnit.sleep(TimeUnit.java:386)
	at org.apache.ratis.util.TimeDuration.sleep(TimeDuration.java:324)
	at org.apache.ratis.util.TimeDuration.sleep(TimeDuration.java:309)
	at org.apache.ratis.server.impl.FollowerState.run(FollowerState.java:118)
2021-10-29 00:42:57,830 [eb8d8e32-cd46-4831-b02b-58c8725ce07f@group-C757B2605331-LeaderElection21] INFO  impl.LeaderElection (LeaderElection.java:askForVotes(306)) - eb8d8e32-cd46-4831-b02b-58c8725ce07f@group-C757B2605331-LeaderElection21 ELECTION round 0: submit vote requests at term 1 for -1: [eb8d8e32-cd46-4831-b02b-58c8725ce07f|rpc:10.1.0.32:35769|priority:1], old=null
2021-10-29 00:42:57,830 [eb8d8e32-cd46-4831-b02b-58c8725ce07f@group-C757B2605331-LeaderElection21] INFO  impl.LeaderElection (LeaderElection.java:askForVotes(308)) - eb8d8e32-cd46-4831-b02b-58c8725ce07f@group-C757B2605331-LeaderElection21 ELECTION round 0: result PASSED (term=1)
2021-10-29 00:42:57,830 [eb8d8e32-cd46-4831-b02b-58c8725ce07f@group-C757B2605331-LeaderElection21] INFO  impl.RoleInfo (RoleInfo.java:shutdownLeaderElection(121)) - eb8d8e32-cd46-4831-b02b-58c8725ce07f: shutdown eb8d8e32-cd46-4831-b02b-58c8725ce07f@group-C757B2605331-LeaderElection21
2021-10-29 00:42:57,830 [eb8d8e32-cd46-4831-b02b-58c8725ce07f@group-C757B2605331-LeaderElection21] INFO  server.RaftServer$Division (RaftServerImpl.java:setRole(290)) - eb8d8e32-cd46-4831-b02b-58c8725ce07f@group-C757B2605331: changes role from CANDIDATE to LEADER at term 1 for changeToLeader
2021-10-29 00:42:57,830 [eb8d8e32-cd46-4831-b02b-58c8725ce07f@group-C757B2605331-LeaderElection21] INFO  ratis.XceiverServerRatis (XceiverServerRatis.java:handleLeaderChangedNotification(866)) - Leader change notification received for group: group-C757B2605331 with new leaderId: eb8d8e32-cd46-4831-b02b-58c8725ce07f
2021-10-29 00:42:57,835 [eb8d8e32-cd46-4831-b02b-58c8725ce07f@group-C757B2605331-LeaderElection21] INFO  server.RaftServer$Division (ServerState.java:setLeader(285)) - eb8d8e32-cd46-4831-b02b-58c8725ce07f@group-C757B2605331: change Leader from null to eb8d8e32-cd46-4831-b02b-58c8725ce07f at term 1 for becomeLeader, leader elected after 5179ms
2021-10-29 00:42:57,835 [eb8d8e32-cd46-4831-b02b-58c8725ce07f@group-C757B2605331-LeaderElection21] INFO  server.RaftServerConfigKeys (ConfUtils.java:logGet(44)) - raft.server.staging.catchup.gap = 1000 (default)
2021-10-29 00:42:57,837 [eb8d8e32-cd46-4831-b02b-58c8725ce07f@group-C757B2605331-LeaderElection21] INFO  server.RaftServerConfigKeys (ConfUtils.java:logGet(44)) - raft.server.write.element-limit = 1024 (custom)
2021-10-29 00:42:57,837 [eb8d8e32-cd46-4831-b02b-58c8725ce07f@group-C757B2605331-LeaderElection21] INFO  server.RaftServerConfigKeys (ConfUtils.java:logGet(44)) - raft.server.write.byte-limit = 1024 M (=1073741824) (custom)
2021-10-29 00:42:57,838 [eb8d8e32-cd46-4831-b02b-58c8725ce07f@group-C757B2605331-LeaderElection21] INFO  server.RaftServerConfigKeys (ConfUtils.java:logGet(44)) - raft.server.watch.timeout = 180s (custom)
2021-10-29 00:42:57,838 [eb8d8e32-cd46-4831-b02b-58c8725ce07f@group-C757B2605331-LeaderElection21] INFO  server.RaftServerConfigKeys (ConfUtils.java:logGet(44)) - raft.server.watch.timeout.denomination = 1s (default)
2021-10-29 00:42:57,838 [eb8d8e32-cd46-4831-b02b-58c8725ce07f@group-C757B2605331-LeaderElection21] INFO  server.RaftServerConfigKeys (ConfUtils.java:logGet(44)) - raft.server.watch.element-limit = 65536 (default)
2021-10-29 00:42:57,838 [eb8d8e32-cd46-4831-b02b-58c8725ce07f@group-C757B2605331-LeaderElection21] INFO  server.RaftServerConfigKeys (ConfUtils.java:logGet(44)) - raft.server.write.element-limit = 1024 (custom)
2021-10-29 00:42:57,838 [eb8d8e32-cd46-4831-b02b-58c8725ce07f@group-C757B2605331-LeaderElection21] INFO  server.RaftServerConfigKeys (ConfUtils.java:logGet(44)) - raft.server.write.follower.gap.ratio.max = -1.0 (default)
2021-10-29 00:42:57,838 [eb8d8e32-cd46-4831-b02b-58c8725ce07f@group-C757B2605331-LeaderElection21] INFO  impl.RoleInfo (RoleInfo.java:updateAndGet(130)) - eb8d8e32-cd46-4831-b02b-58c8725ce07f: start eb8d8e32-cd46-4831-b02b-58c8725ce07f@group-C757B2605331-LeaderStateImpl
2021-10-29 00:42:57,838 [eb8d8e32-cd46-4831-b02b-58c8725ce07f@group-C757B2605331-LeaderElection21] INFO  segmented.SegmentedRaftLogWorker (SegmentedRaftLogWorker.java:startLogSegment(394)) - eb8d8e32-cd46-4831-b02b-58c8725ce07f@group-C757B2605331-SegmentedRaftLogWorker: Starting segment from index:0
2021-10-29 00:42:57,837 [grpc-default-executor-3] INFO  server.RaftServer$Division (RaftServerImpl.java:requestVote(1046)) - 08531864-a45b-4b81-8b31-f5d747fe8b59@group-C97255F99171: receive requestVote(ELECTION, e8a99e94-03a8-424f-8179-644c8590267c, group-C97255F99171, 1, (t:0, i:0))
2021-10-29 00:42:57,837 [grpc-default-executor-4] INFO  server.RaftServer$Division (RaftServerImpl.java:requestVote(1078)) - eb8d8e32-cd46-4831-b02b-58c8725ce07f@group-C97255F99171 replies to ELECTION vote request: e8a99e94-03a8-424f-8179-644c8590267c<-eb8d8e32-cd46-4831-b02b-58c8725ce07f#0:OK-t1. Peer's state: eb8d8e32-cd46-4831-b02b-58c8725ce07f@group-C97255F99171:t1, leader=null, voted=e8a99e94-03a8-424f-8179-644c8590267c, raftlog=eb8d8e32-cd46-4831-b02b-58c8725ce07f@group-C97255F99171-SegmentedRaftLog:OPENED:c-1, conf=-1: [08531864-a45b-4b81-8b31-f5d747fe8b59|rpc:10.1.0.32:46027|priority:0, eb8d8e32-cd46-4831-b02b-58c8725ce07f|rpc:10.1.0.32:35769|priority:0, e8a99e94-03a8-424f-8179-644c8590267c|rpc:10.1.0.32:38993|priority:1], old=null
2021-10-29 00:42:57,841 [eb8d8e32-cd46-4831-b02b-58c8725ce07f@group-C757B2605331-SegmentedRaftLogWorker] INFO  segmented.SegmentedRaftLogWorker (SegmentedRaftLogWorker.java:execute(601)) - eb8d8e32-cd46-4831-b02b-58c8725ce07f@group-C757B2605331-SegmentedRaftLogWorker: created new log segment /home/runner/work/ozone/ozone/hadoop-ozone/integration-test/target/test-dir/MiniOzoneClusterImpl-5f5ad6f1-7ccc-43e5-92d9-031f7ba6440e/datanode-3/data/ratis/6212ddeb-7792-4209-bebb-c757b2605331/current/log_inprogress_0
2021-10-29 00:42:57,842 [e8a99e94-03a8-424f-8179-644c8590267c@group-C97255F99171-LeaderElection20] INFO  impl.LeaderElection (LeaderElection.java:logAndReturn(89)) - e8a99e94-03a8-424f-8179-644c8590267c@group-C97255F99171-LeaderElection20: ELECTION PASSED received 1 response(s) and 0 exception(s):
2021-10-29 00:42:57,842 [e8a99e94-03a8-424f-8179-644c8590267c@group-C97255F99171-LeaderElection20] INFO  impl.LeaderElection (LeaderElection.java:logAndReturn(93)) -   Response 0: e8a99e94-03a8-424f-8179-644c8590267c<-eb8d8e32-cd46-4831-b02b-58c8725ce07f#0:OK-t1
2021-10-29 00:42:57,842 [e8a99e94-03a8-424f-8179-644c8590267c@group-C97255F99171-LeaderElection20] INFO  impl.LeaderElection (LeaderElection.java:askForVotes(308)) - e8a99e94-03a8-424f-8179-644c8590267c@group-C97255F99171-LeaderElection20 ELECTION round 0: result PASSED
2021-10-29 00:42:57,842 [e8a99e94-03a8-424f-8179-644c8590267c@group-C97255F99171-LeaderElection20] INFO  impl.RoleInfo (RoleInfo.java:shutdownLeaderElection(121)) - e8a99e94-03a8-424f-8179-644c8590267c: shutdown e8a99e94-03a8-424f-8179-644c8590267c@group-C97255F99171-LeaderElection20
2021-10-29 00:42:57,842 [e8a99e94-03a8-424f-8179-644c8590267c@group-C97255F99171-LeaderElection20] INFO  server.RaftServer$Division (RaftServerImpl.java:setRole(290)) - e8a99e94-03a8-424f-8179-644c8590267c@group-C97255F99171: changes role from CANDIDATE to LEADER at term 1 for changeToLeader
2021-10-29 00:42:57,842 [e8a99e94-03a8-424f-8179-644c8590267c@group-C97255F99171-LeaderElection20] INFO  ratis.XceiverServerRatis (XceiverServerRatis.java:handleLeaderChangedNotification(866)) - Leader change notification received for group: group-C97255F99171 with new leaderId: e8a99e94-03a8-424f-8179-644c8590267c
2021-10-29 00:42:57,842 [e8a99e94-03a8-424f-8179-644c8590267c@group-C97255F99171-LeaderElection20] INFO  server.RaftServer$Division (ServerState.java:setLeader(285)) - e8a99e94-03a8-424f-8179-644c8590267c@group-C97255F99171: change Leader from null to e8a99e94-03a8-424f-8179-644c8590267c at term 1 for becomeLeader, leader elected after 5144ms
2021-10-29 00:42:57,843 [e8a99e94-03a8-424f-8179-644c8590267c@group-C97255F99171-LeaderElection20] INFO  server.RaftServerConfigKeys (ConfUtils.java:logGet(44)) - raft.server.staging.catchup.gap = 1000 (default)
2021-10-29 00:42:57,843 [e8a99e94-03a8-424f-8179-644c8590267c@group-C97255F99171-LeaderElection20] INFO  server.RaftServerConfigKeys (ConfUtils.java:logGet(44)) - raft.server.write.element-limit = 1024 (custom)
2021-10-29 00:42:57,843 [e8a99e94-03a8-424f-8179-644c8590267c@group-C97255F99171-LeaderElection20] INFO  server.RaftServerConfigKeys (ConfUtils.java:logGet(44)) - raft.server.write.byte-limit = 1024 M (=1073741824) (custom)
2021-10-29 00:42:57,843 [e8a99e94-03a8-424f-8179-644c8590267c@group-C97255F99171-LeaderElection20] INFO  server.RaftServerConfigKeys (ConfUtils.java:logGet(44)) - raft.server.watch.timeout = 180s (custom)
2021-10-29 00:42:57,843 [e8a99e94-03a8-424f-8179-644c8590267c@group-C97255F99171-LeaderElection20] INFO  server.RaftServerConfigKeys (ConfUtils.java:logGet(44)) - raft.server.watch.timeout.denomination = 1s (default)
2021-10-29 00:42:57,843 [e8a99e94-03a8-424f-8179-644c8590267c@group-C97255F99171-LeaderElection20] INFO  server.RaftServerConfigKeys (ConfUtils.java:logGet(44)) - raft.server.watch.element-limit = 65536 (default)
2021-10-29 00:42:57,843 [e8a99e94-03a8-424f-8179-644c8590267c@group-C97255F99171-LeaderElection20] INFO  server.RaftServerConfigKeys (ConfUtils.java:logGet(44)) - raft.server.write.element-limit = 1024 (custom)
2021-10-29 00:42:57,843 [e8a99e94-03a8-424f-8179-644c8590267c@group-C97255F99171-LeaderElection20] INFO  server.RaftServerConfigKeys (ConfUtils.java:logGet(44)) - raft.server.write.follower.gap.ratio.max = -1.0 (default)
2021-10-29 00:42:57,843 [e8a99e94-03a8-424f-8179-644c8590267c@group-C97255F99171-LeaderElection20] INFO  server.RaftServerConfigKeys (ConfUtils.java:logGet(44)) - raft.server.log.appender.snapshot.chunk.size.max = 16MB (=16777216) (default)
2021-10-29 00:42:57,843 [e8a99e94-03a8-424f-8179-644c8590267c@group-C97255F99171-LeaderElection20] INFO  server.RaftServerConfigKeys (ConfUtils.java:logGet(44)) - raft.server.log.appender.buffer.byte-limit = 33554432 (custom)
2021-10-29 00:42:57,844 [e8a99e94-03a8-424f-8179-644c8590267c@group-C97255F99171-LeaderElection20] INFO  server.RaftServerConfigKeys (ConfUtils.java:logGet(44)) - raft.server.log.appender.buffer.element-limit = 1 (custom)
2021-10-29 00:42:57,844 [e8a99e94-03a8-424f-8179-644c8590267c@group-C97255F99171-LeaderElection20] INFO  grpc.GrpcConfigKeys (ConfUtils.java:logGet(44)) - raft.grpc.server.leader.outstanding.appends.max = 128 (default)
2021-10-29 00:42:57,844 [e8a99e94-03a8-424f-8179-644c8590267c@group-C97255F99171-LeaderElection20] INFO  server.RaftServerConfigKeys (ConfUtils.java:logGet(44)) - raft.server.rpc.request.timeout = 60s (custom)
2021-10-29 00:42:57,844 [e8a99e94-03a8-424f-8179-644c8590267c@group-C97255F99171-LeaderElection20] INFO  server.RaftServerConfigKeys (ConfUtils.java:logGet(44)) - raft.server.log.appender.install.snapshot.enabled = false (custom)
2021-10-29 00:42:57,845 [e8a99e94-03a8-424f-8179-644c8590267c@group-C97255F99171-LeaderElection20] INFO  server.RaftServerConfigKeys (ConfUtils.java:logGet(44)) - raft.server.log.appender.snapshot.chunk.size.max = 16MB (=16777216) (default)
2021-10-29 00:42:57,847 [EventQueue-PipelineReportForPipelineReportHandler] INFO  pipeline.PipelineManagerImpl (PipelineManagerImpl.java:openPipeline(289)) - Pipeline Pipeline[ Id: 69101745-b151-4a5b-9215-c97255f99171, Nodes: e8a99e94-03a8-424f-8179-644c8590267c{ip: 10.1.0.32, host: fv-az291-161.wgnan5asplgejimfprtllbpdch.jx.internal.cloudapp.net, ports: [REPLICATION=36861, RATIS=38993, RATIS_ADMIN=38993, RATIS_SERVER=38993, STANDALONE=46161], networkLocation: /default-rack, certSerialId: null, persistedOpState: IN_SERVICE, persistedOpStateExpiryEpochSec: 0}08531864-a45b-4b81-8b31-f5d747fe8b59{ip: 10.1.0.32, host: fv-az291-161.wgnan5asplgejimfprtllbpdch.jx.internal.cloudapp.net, ports: [REPLICATION=37925, RATIS=46027, RATIS_ADMIN=46027, RATIS_SERVER=46027, STANDALONE=35199], networkLocation: /default-rack, certSerialId: null, persistedOpState: IN_SERVICE, persistedOpStateExpiryEpochSec: 0}eb8d8e32-cd46-4831-b02b-58c8725ce07f{ip: 10.1.0.32, host: fv-az291-161.wgnan5asplgejimfprtllbpdch.jx.internal.cloudapp.net, ports: [REPLICATION=45369, RATIS=35769, RATIS_ADMIN=35769, RATIS_SERVER=35769, STANDALONE=34479], networkLocation: /default-rack, certSerialId: null, persistedOpState: IN_SERVICE, persistedOpStateExpiryEpochSec: 0}, ReplicationConfig: RATIS/THREE, State:ALLOCATED, leaderId:e8a99e94-03a8-424f-8179-644c8590267c, CreationTimestamp2021-10-29T00:42:50.445Z[Etc/UTC]] moved to OPEN state
2021-10-29 00:42:57,849 [EventQueue-OpenPipelineForHealthyPipelineSafeModeRule] INFO  safemode.SCMSafeModeManager (HealthyPipelineSafeModeRule.java:process(124)) - SCM in safe mode. Healthy pipelines reported count is 1, required healthy pipeline reported count is 1
2021-10-29 00:42:57,849 [EventQueue-OpenPipelineForHealthyPipelineSafeModeRule] INFO  safemode.SCMSafeModeManager (SCMSafeModeManager.java:validateSafeModeExitRules(204)) - HealthyPipelineSafeModeRule rule is successfully validated
2021-10-29 00:42:57,849 [EventQueue-OpenPipelineForHealthyPipelineSafeModeRule] INFO  safemode.SCMSafeModeManager (SCMSafeModeManager.java:validateSafeModeExitRules(219)) - ScmSafeModeManager, all rules are successfully validated
2021-10-29 00:42:57,849 [EventQueue-OpenPipelineForHealthyPipelineSafeModeRule] INFO  safemode.SCMSafeModeManager (SCMSafeModeManager.java:exitSafeMode(248)) - SCM exiting safe mode.
2021-10-29 00:42:57,849 [EventQueue-OpenPipelineForHealthyPipelineSafeModeRule] WARN  events.EventQueue (EventQueue.java:fireEvent(194)) - No event handler registered for event TypedEvent{payloadType=SafeModeStatus, name='Safe mode status'}
2021-10-29 00:42:57,849 [EventQueue-OpenPipelineForHealthyPipelineSafeModeRule] INFO  ha.SCMContext (SCMContext.java:updateSafeModeStatus(205)) - Update SafeModeStatus from SafeModeStatus{safeModeStatus=true, preCheckPassed=true} to SafeModeStatus{safeModeStatus=false, preCheckPassed=true}.
2021-10-29 00:42:57,849 [EventQueue-OpenPipelineForHealthyPipelineSafeModeRule] INFO  pipeline.BackgroundPipelineCreator (BackgroundPipelineCreator.java:notifyStatusChanged(264)) - Service BackgroundPipelineCreator transitions to RUNNING.
2021-10-29 00:42:57,849 [EventQueue-OpenPipelineForHealthyPipelineSafeModeRule] INFO  container.ReplicationManager (ReplicationManager.java:notifyStatusChanged(1746)) - Service ReplicationManager transitions to RUNNING.
2021-10-29 00:42:57,849 [e8a99e94-03a8-424f-8179-644c8590267c@group-C97255F99171-LeaderElection20] INFO  server.RaftServerConfigKeys (ConfUtils.java:logGet(44)) - raft.server.log.appender.buffer.byte-limit = 33554432 (custom)
2021-10-29 00:42:57,849 [e8a99e94-03a8-424f-8179-644c8590267c@group-C97255F99171-LeaderElection20] INFO  server.RaftServerConfigKeys (ConfUtils.java:logGet(44)) - raft.server.log.appender.buffer.element-limit = 1 (custom)
2021-10-29 00:42:57,849 [e8a99e94-03a8-424f-8179-644c8590267c@group-C97255F99171-LeaderElection20] INFO  grpc.GrpcConfigKeys (ConfUtils.java:logGet(44)) - raft.grpc.server.leader.outstanding.appends.max = 128 (default)
2021-10-29 00:42:57,849 [e8a99e94-03a8-424f-8179-644c8590267c@group-C97255F99171-LeaderElection20] INFO  server.RaftServerConfigKeys (ConfUtils.java:logGet(44)) - raft.server.rpc.request.timeout = 60s (custom)
2021-10-29 00:42:57,852 [e8a99e94-03a8-424f-8179-644c8590267c@group-C97255F99171-LeaderElection20] INFO  server.RaftServerConfigKeys (ConfUtils.java:logGet(44)) - raft.server.log.appender.install.snapshot.enabled = false (custom)
2021-10-29 00:42:57,852 [e8a99e94-03a8-424f-8179-644c8590267c@group-C97255F99171-LeaderElection20] INFO  impl.RoleInfo (RoleInfo.java:updateAndGet(130)) - e8a99e94-03a8-424f-8179-644c8590267c: start e8a99e94-03a8-424f-8179-644c8590267c@group-C97255F99171-LeaderStateImpl
2021-10-29 00:42:57,853 [e8a99e94-03a8-424f-8179-644c8590267c@group-C97255F99171-LeaderElection20] INFO  segmented.SegmentedRaftLogWorker (SegmentedRaftLogWorker.java:startLogSegment(394)) - e8a99e94-03a8-424f-8179-644c8590267c@group-C97255F99171-SegmentedRaftLogWorker: Starting segment from index:0
2021-10-29 00:42:57,856 [e8a99e94-03a8-424f-8179-644c8590267c@group-C97255F99171-SegmentedRaftLogWorker] INFO  segmented.SegmentedRaftLogWorker (SegmentedRaftLogWorker.java:execute(601)) - e8a99e94-03a8-424f-8179-644c8590267c@group-C97255F99171-SegmentedRaftLogWorker: created new log segment /home/runner/work/ozone/ozone/hadoop-ozone/integration-test/target/test-dir/MiniOzoneClusterImpl-5f5ad6f1-7ccc-43e5-92d9-031f7ba6440e/datanode-4/data/ratis/69101745-b151-4a5b-9215-c97255f99171/current/log_inprogress_0
2021-10-29 00:42:57,908 [grpc-default-executor-3] INFO  impl.VoteContext (VoteContext.java:log(48)) - 08531864-a45b-4b81-8b31-f5d747fe8b59@group-C97255F99171-CANDIDATE: accept ELECTION from e8a99e94-03a8-424f-8179-644c8590267c: our priority 0 <= candidate's priority 1
2021-10-29 00:42:57,908 [grpc-default-executor-3] INFO  server.RaftServer$Division (RaftServerImpl.java:setRole(290)) - 08531864-a45b-4b81-8b31-f5d747fe8b59@group-C97255F99171: changes role from CANDIDATE to FOLLOWER at term 1 for candidate:e8a99e94-03a8-424f-8179-644c8590267c
2021-10-29 00:42:57,908 [grpc-default-executor-3] INFO  impl.RoleInfo (RoleInfo.java:shutdownLeaderElection(121)) - 08531864-a45b-4b81-8b31-f5d747fe8b59: shutdown 08531864-a45b-4b81-8b31-f5d747fe8b59@group-C97255F99171-LeaderElection22
2021-10-29 00:42:57,908 [grpc-default-executor-3] INFO  impl.RoleInfo (RoleInfo.java:updateAndGet(130)) - 08531864-a45b-4b81-8b31-f5d747fe8b59: start 08531864-a45b-4b81-8b31-f5d747fe8b59@group-C97255F99171-FollowerState
2021-10-29 00:42:57,908 [eb8d8e32-cd46-4831-b02b-58c8725ce07f@group-C757B2605331-LeaderElection21] INFO  server.RaftServer$Division (ServerState.java:setRaftConf(387)) - eb8d8e32-cd46-4831-b02b-58c8725ce07f@group-C757B2605331: set configuration 0: [eb8d8e32-cd46-4831-b02b-58c8725ce07f|rpc:10.1.0.32:35769|dataStream:|priority:1], old=null
2021-10-29 00:42:57,912 [grpc-default-executor-3] INFO  server.RaftServer$Division (RaftServerImpl.java:requestVote(1078)) - 08531864-a45b-4b81-8b31-f5d747fe8b59@group-C97255F99171 replies to ELECTION vote request: e8a99e94-03a8-424f-8179-644c8590267c<-08531864-a45b-4b81-8b31-f5d747fe8b59#0:OK-t1. Peer's state: 08531864-a45b-4b81-8b31-f5d747fe8b59@group-C97255F99171:t1, leader=null, voted=e8a99e94-03a8-424f-8179-644c8590267c, raftlog=08531864-a45b-4b81-8b31-f5d747fe8b59@group-C97255F99171-SegmentedRaftLog:OPENED:c-1, conf=-1: [08531864-a45b-4b81-8b31-f5d747fe8b59|rpc:10.1.0.32:46027|dataStream:|priority:0, eb8d8e32-cd46-4831-b02b-58c8725ce07f|rpc:10.1.0.32:35769|dataStream:|priority:0, e8a99e94-03a8-424f-8179-644c8590267c|rpc:10.1.0.32:38993|dataStream:|priority:1], old=null
2021-10-29 00:42:57,930 [e8a99e94-03a8-424f-8179-644c8590267c@group-C97255F99171-LeaderElection20] INFO  server.RaftServer$Division (ServerState.java:setRaftConf(387)) - e8a99e94-03a8-424f-8179-644c8590267c@group-C97255F99171: set configuration 0: [08531864-a45b-4b81-8b31-f5d747fe8b59|rpc:10.1.0.32:46027|dataStream:|priority:0, eb8d8e32-cd46-4831-b02b-58c8725ce07f|rpc:10.1.0.32:35769|dataStream:|priority:0, e8a99e94-03a8-424f-8179-644c8590267c|rpc:10.1.0.32:38993|dataStream:|priority:1], old=null
2021-10-29 00:42:57,941 [grpc-default-executor-4] INFO  ratis.XceiverServerRatis (XceiverServerRatis.java:handleLeaderChangedNotification(866)) - Leader change notification received for group: group-C97255F99171 with new leaderId: e8a99e94-03a8-424f-8179-644c8590267c
2021-10-29 00:42:57,941 [grpc-default-executor-4] INFO  server.RaftServer$Division (ServerState.java:setLeader(285)) - eb8d8e32-cd46-4831-b02b-58c8725ce07f@group-C97255F99171: change Leader from null to e8a99e94-03a8-424f-8179-644c8590267c at term 1 for appendEntries, leader elected after 5275ms
2021-10-29 00:42:57,942 [grpc-default-executor-3] INFO  ratis.XceiverServerRatis (XceiverServerRatis.java:handleLeaderChangedNotification(866)) - Leader change notification received for group: group-C97255F99171 with new leaderId: e8a99e94-03a8-424f-8179-644c8590267c
2021-10-29 00:42:57,942 [grpc-default-executor-3] INFO  server.RaftServer$Division (ServerState.java:setLeader(285)) - 08531864-a45b-4b81-8b31-f5d747fe8b59@group-C97255F99171: change Leader from null to e8a99e94-03a8-424f-8179-644c8590267c at term 1 for appendEntries, leader elected after 5211ms
2021-10-29 00:42:57,955 [grpc-default-executor-4] INFO  server.RaftServer$Division (ServerState.java:setRaftConf(387)) - eb8d8e32-cd46-4831-b02b-58c8725ce07f@group-C97255F99171: set configuration 0: [08531864-a45b-4b81-8b31-f5d747fe8b59|rpc:10.1.0.32:46027|dataStream:|priority:0, eb8d8e32-cd46-4831-b02b-58c8725ce07f|rpc:10.1.0.32:35769|dataStream:|priority:0, e8a99e94-03a8-424f-8179-644c8590267c|rpc:10.1.0.32:38993|dataStream:|priority:1], old=null
2021-10-29 00:42:57,955 [grpc-default-executor-4] INFO  segmented.SegmentedRaftLogWorker (SegmentedRaftLogWorker.java:startLogSegment(394)) - eb8d8e32-cd46-4831-b02b-58c8725ce07f@group-C97255F99171-SegmentedRaftLogWorker: Starting segment from index:0
2021-10-29 00:42:57,958 [grpc-default-executor-3] INFO  server.RaftServer$Division (ServerState.java:setRaftConf(387)) - 08531864-a45b-4b81-8b31-f5d747fe8b59@group-C97255F99171: set configuration 0: [08531864-a45b-4b81-8b31-f5d747fe8b59|rpc:10.1.0.32:46027|dataStream:|priority:0, eb8d8e32-cd46-4831-b02b-58c8725ce07f|rpc:10.1.0.32:35769|dataStream:|priority:0, e8a99e94-03a8-424f-8179-644c8590267c|rpc:10.1.0.32:38993|dataStream:|priority:1], old=null
2021-10-29 00:42:57,958 [grpc-default-executor-3] INFO  segmented.SegmentedRaftLogWorker (SegmentedRaftLogWorker.java:startLogSegment(394)) - 08531864-a45b-4b81-8b31-f5d747fe8b59@group-C97255F99171-SegmentedRaftLogWorker: Starting segment from index:0
2021-10-29 00:42:57,959 [08531864-a45b-4b81-8b31-f5d747fe8b59@group-C97255F99171-SegmentedRaftLogWorker] INFO  segmented.SegmentedRaftLogWorker (SegmentedRaftLogWorker.java:execute(601)) - 08531864-a45b-4b81-8b31-f5d747fe8b59@group-C97255F99171-SegmentedRaftLogWorker: created new log segment /home/runner/work/ozone/ozone/hadoop-ozone/integration-test/target/test-dir/MiniOzoneClusterImpl-5f5ad6f1-7ccc-43e5-92d9-031f7ba6440e/datanode-5/data/ratis/69101745-b151-4a5b-9215-c97255f99171/current/log_inprogress_0
2021-10-29 00:42:57,960 [eb8d8e32-cd46-4831-b02b-58c8725ce07f@group-C97255F99171-SegmentedRaftLogWorker] INFO  segmented.SegmentedRaftLogWorker (SegmentedRaftLogWorker.java:execute(601)) - eb8d8e32-cd46-4831-b02b-58c8725ce07f@group-C97255F99171-SegmentedRaftLogWorker: created new log segment /home/runner/work/ozone/ozone/hadoop-ozone/integration-test/target/test-dir/MiniOzoneClusterImpl-5f5ad6f1-7ccc-43e5-92d9-031f7ba6440e/datanode-3/data/ratis/69101745-b151-4a5b-9215-c97255f99171/current/log_inprogress_0
2021-10-29 00:42:58,043 [ReplicationMonitor] INFO  container.ReplicationManager (ReplicationManager.java:processAll(371)) - Replication Monitor Thread took 1 milliseconds for processing 0 containers.
2021-10-29 00:42:58,223 [ReplicationMonitor] INFO  container.ReplicationManager (ReplicationManager.java:processAll(371)) - Replication Monitor Thread took 1 milliseconds for processing 3 containers.
2021-10-29 00:42:58,276 [e8a99e94-03a8-424f-8179-644c8590267c@group-4C57F47EBC72-FollowerState] INFO  impl.FollowerState (FollowerState.java:run(134)) - e8a99e94-03a8-424f-8179-644c8590267c@group-4C57F47EBC72-FollowerState: change to CANDIDATE, lastRpcElapsedTime:5186188000ns, electionTimeout:5182ms
2021-10-29 00:42:58,276 [e8a99e94-03a8-424f-8179-644c8590267c@group-4C57F47EBC72-FollowerState] INFO  impl.RoleInfo (RoleInfo.java:shutdownFollowerState(108)) - e8a99e94-03a8-424f-8179-644c8590267c: shutdown e8a99e94-03a8-424f-8179-644c8590267c@group-4C57F47EBC72-FollowerState
2021-10-29 00:42:58,277 [e8a99e94-03a8-424f-8179-644c8590267c@group-4C57F47EBC72-FollowerState] INFO  server.RaftServer$Division (RaftServerImpl.java:setRole(290)) - e8a99e94-03a8-424f-8179-644c8590267c@group-4C57F47EBC72: changes role from  FOLLOWER to CANDIDATE at term 0 for changeToCandidate
2021-10-29 00:42:58,277 [e8a99e94-03a8-424f-8179-644c8590267c@group-4C57F47EBC72-FollowerState] INFO  server.RaftServerConfigKeys (ConfUtils.java:logGet(44)) - raft.server.leaderelection.pre-vote = false (custom)
2021-10-29 00:42:58,277 [e8a99e94-03a8-424f-8179-644c8590267c@group-4C57F47EBC72-FollowerState] INFO  impl.RoleInfo (RoleInfo.java:updateAndGet(130)) - e8a99e94-03a8-424f-8179-644c8590267c: start e8a99e94-03a8-424f-8179-644c8590267c@group-4C57F47EBC72-LeaderElection23
2021-10-29 00:42:58,291 [e8a99e94-03a8-424f-8179-644c8590267c@group-4C57F47EBC72-LeaderElection23] INFO  impl.LeaderElection (LeaderElection.java:askForVotes(306)) - e8a99e94-03a8-424f-8179-644c8590267c@group-4C57F47EBC72-LeaderElection23 ELECTION round 0: submit vote requests at term 1 for -1: [e8a99e94-03a8-424f-8179-644c8590267c|rpc:10.1.0.32:38993|priority:1], old=null
2021-10-29 00:42:58,291 [e8a99e94-03a8-424f-8179-644c8590267c@group-4C57F47EBC72-LeaderElection23] INFO  impl.LeaderElection (LeaderElection.java:askForVotes(308)) - e8a99e94-03a8-424f-8179-644c8590267c@group-4C57F47EBC72-LeaderElection23 ELECTION round 0: result PASSED (term=1)
2021-10-29 00:42:58,292 [e8a99e94-03a8-424f-8179-644c8590267c@group-4C57F47EBC72-LeaderElection23] INFO  impl.RoleInfo (RoleInfo.java:shutdownLeaderElection(121)) - e8a99e94-03a8-424f-8179-644c8590267c: shutdown e8a99e94-03a8-424f-8179-644c8590267c@group-4C57F47EBC72-LeaderElection23
2021-10-29 00:42:58,292 [e8a99e94-03a8-424f-8179-644c8590267c@group-4C57F47EBC72-LeaderElection23] INFO  server.RaftServer$Division (RaftServerImpl.java:setRole(290)) - e8a99e94-03a8-424f-8179-644c8590267c@group-4C57F47EBC72: changes role from CANDIDATE to LEADER at term 1 for changeToLeader
2021-10-29 00:42:58,292 [e8a99e94-03a8-424f-8179-644c8590267c@group-4C57F47EBC72-LeaderElection23] INFO  ratis.XceiverServerRatis (XceiverServerRatis.java:handleLeaderChangedNotification(866)) - Leader change notification received for group: group-4C57F47EBC72 with new leaderId: e8a99e94-03a8-424f-8179-644c8590267c
2021-10-29 00:42:58,292 [e8a99e94-03a8-424f-8179-644c8590267c@group-4C57F47EBC72-LeaderElection23] INFO  server.RaftServer$Division (ServerState.java:setLeader(285)) - e8a99e94-03a8-424f-8179-644c8590267c@group-4C57F47EBC72: change Leader from null to e8a99e94-03a8-424f-8179-644c8590267c at term 1 for becomeLeader, leader elected after 5225ms
2021-10-29 00:42:58,292 [e8a99e94-03a8-424f-8179-644c8590267c@group-4C57F47EBC72-LeaderElection23] INFO  server.RaftServerConfigKeys (ConfUtils.java:logGet(44)) - raft.server.staging.catchup.gap = 1000 (default)
2021-10-29 00:42:58,293 [e8a99e94-03a8-424f-8179-644c8590267c@group-4C57F47EBC72-LeaderElection23] INFO  server.RaftServerConfigKeys (ConfUtils.java:logGet(44)) - raft.server.write.element-limit = 1024 (custom)
2021-10-29 00:42:58,293 [e8a99e94-03a8-424f-8179-644c8590267c@group-4C57F47EBC72-LeaderElection23] INFO  server.RaftServerConfigKeys (ConfUtils.java:logGet(44)) - raft.server.write.byte-limit = 1024 M (=1073741824) (custom)
2021-10-29 00:42:58,293 [e8a99e94-03a8-424f-8179-644c8590267c@group-4C57F47EBC72-LeaderElection23] INFO  server.RaftServerConfigKeys (ConfUtils.java:logGet(44)) - raft.server.watch.timeout = 180s (custom)
2021-10-29 00:42:58,293 [e8a99e94-03a8-424f-8179-644c8590267c@group-4C57F47EBC72-LeaderElection23] INFO  server.RaftServerConfigKeys (ConfUtils.java:logGet(44)) - raft.server.watch.timeout.denomination = 1s (default)
2021-10-29 00:42:58,293 [e8a99e94-03a8-424f-8179-644c8590267c@group-4C57F47EBC72-LeaderElection23] INFO  server.RaftServerConfigKeys (ConfUtils.java:logGet(44)) - raft.server.watch.element-limit = 65536 (default)
2021-10-29 00:42:58,293 [e8a99e94-03a8-424f-8179-644c8590267c@group-4C57F47EBC72-LeaderElection23] INFO  server.RaftServerConfigKeys (ConfUtils.java:logGet(44)) - raft.server.write.element-limit = 1024 (custom)
2021-10-29 00:42:58,293 [e8a99e94-03a8-424f-8179-644c8590267c@group-4C57F47EBC72-LeaderElection23] INFO  server.RaftServerConfigKeys (ConfUtils.java:logGet(44)) - raft.server.write.follower.gap.ratio.max = -1.0 (default)
2021-10-29 00:42:58,293 [e8a99e94-03a8-424f-8179-644c8590267c@group-4C57F47EBC72-LeaderElection23] INFO  impl.RoleInfo (RoleInfo.java:updateAndGet(130)) - e8a99e94-03a8-424f-8179-644c8590267c: start e8a99e94-03a8-424f-8179-644c8590267c@group-4C57F47EBC72-LeaderStateImpl
2021-10-29 00:42:58,294 [e8a99e94-03a8-424f-8179-644c8590267c@group-4C57F47EBC72-LeaderElection23] INFO  segmented.SegmentedRaftLogWorker (SegmentedRaftLogWorker.java:startLogSegment(394)) - e8a99e94-03a8-424f-8179-644c8590267c@group-4C57F47EBC72-SegmentedRaftLogWorker: Starting segment from index:0
2021-10-29 00:42:58,295 [e8a99e94-03a8-424f-8179-644c8590267c@group-4C57F47EBC72-LeaderElection23] INFO  server.RaftServer$Division (ServerState.java:setRaftConf(387)) - e8a99e94-03a8-424f-8179-644c8590267c@group-4C57F47EBC72: set configuration 0: [e8a99e94-03a8-424f-8179-644c8590267c|rpc:10.1.0.32:38993|dataStream:|priority:1], old=null
2021-10-29 00:42:58,295 [e8a99e94-03a8-424f-8179-644c8590267c@group-4C57F47EBC72-SegmentedRaftLogWorker] INFO  segmented.SegmentedRaftLogWorker (SegmentedRaftLogWorker.java:execute(601)) - e8a99e94-03a8-424f-8179-644c8590267c@group-4C57F47EBC72-SegmentedRaftLogWorker: created new log segment /home/runner/work/ozone/ozone/hadoop-ozone/integration-test/target/test-dir/MiniOzoneClusterImpl-5f5ad6f1-7ccc-43e5-92d9-031f7ba6440e/datanode-4/data/ratis/7b25d9ed-c431-4a6c-a27c-4c57f47ebc72/current/log_inprogress_0
2021-10-29 00:42:58,435 [Listener at 127.0.0.1/33923] INFO  ozone.MiniOzoneClusterImpl (MiniOzoneClusterImpl.java:lambda$waitForClusterToBeReady$0(235)) - Nodes are ready. Got 6 of 6 DN Heartbeats.
2021-10-29 00:42:58,435 [Listener at 127.0.0.1/33923] INFO  ozone.MiniOzoneClusterImpl (MiniOzoneClusterImpl.java:lambda$waitForClusterToBeReady$0(238)) - Cluster exits safe mode
2021-10-29 00:42:58,435 [Listener at 127.0.0.1/33923] INFO  ozone.MiniOzoneClusterImpl (MiniOzoneClusterImpl.java:lambda$waitForClusterToBeReady$0(240)) - SCM became leader
2021-10-29 00:42:58,448 [Listener at 127.0.0.1/33923] WARN  server.ServerUtils (ServerUtils.java:getScmDbDir(148)) - ozone.scm.db.dirs is not configured. We recommend adding this setting. Falling back to ozone.metadata.dirs instead.
2021-10-29 00:42:58,450 [Listener at 127.0.0.1/33923] INFO  ha.SCMHANodeDetails (SCMHANodeDetails.java:loadSCMHAConfig(157)) - ServiceID for StorageContainerManager is null
2021-10-29 00:42:58,450 [Listener at 127.0.0.1/33923] INFO  ha.SCMHANodeDetails (SCMHANodeDetails.java:loadSCMHAConfig(162)) - ozone.scm.default.service.id is not defined, falling back to ozone.scm.service.ids to find serviceID for StorageContainerManager if it is HA enabled cluster
2021-10-29 00:42:58,451 [Listener at 127.0.0.1/33923] WARN  server.ServerUtils (ServerUtils.java:getScmDbDir(148)) - ozone.scm.db.dirs is not configured. We recommend adding this setting. Falling back to ozone.metadata.dirs instead.
2021-10-29 00:42:58,455 [Listener at 127.0.0.1/33923] INFO  upgrade.AbstractLayoutVersionManager (AbstractLayoutVersionManager.java:init(79)) - Initializing Layout version manager with metadata layout = SCM_HA (version = 2), software layout = SCM_HA (version = 2)
2021-10-29 00:42:58,493 [08531864-a45b-4b81-8b31-f5d747fe8b59@group-FCAB6844D429-FollowerState] INFO  impl.FollowerState (FollowerState.java:run(134)) - 08531864-a45b-4b81-8b31-f5d747fe8b59@group-FCAB6844D429-FollowerState: change to CANDIDATE, lastRpcElapsedTime:5020440567ns, electionTimeout:5014ms
2021-10-29 00:42:58,493 [08531864-a45b-4b81-8b31-f5d747fe8b59@group-FCAB6844D429-FollowerState] INFO  impl.RoleInfo (RoleInfo.java:shutdownFollowerState(108)) - 08531864-a45b-4b81-8b31-f5d747fe8b59: shutdown 08531864-a45b-4b81-8b31-f5d747fe8b59@group-FCAB6844D429-FollowerState
2021-10-29 00:42:58,493 [08531864-a45b-4b81-8b31-f5d747fe8b59@group-FCAB6844D429-FollowerState] INFO  server.RaftServer$Division (RaftServerImpl.java:setRole(290)) - 08531864-a45b-4b81-8b31-f5d747fe8b59@group-FCAB6844D429: changes role from  FOLLOWER to CANDIDATE at term 0 for changeToCandidate
2021-10-29 00:42:58,494 [08531864-a45b-4b81-8b31-f5d747fe8b59@group-FCAB6844D429-FollowerState] INFO  server.RaftServerConfigKeys (ConfUtils.java:logGet(44)) - raft.server.leaderelection.pre-vote = false (custom)
2021-10-29 00:42:58,494 [08531864-a45b-4b81-8b31-f5d747fe8b59@group-FCAB6844D429-FollowerState] INFO  impl.RoleInfo (RoleInfo.java:updateAndGet(130)) - 08531864-a45b-4b81-8b31-f5d747fe8b59: start 08531864-a45b-4b81-8b31-f5d747fe8b59@group-FCAB6844D429-LeaderElection24
2021-10-29 00:42:58,522 [08531864-a45b-4b81-8b31-f5d747fe8b59@group-FCAB6844D429-LeaderElection24] INFO  impl.LeaderElection (LeaderElection.java:askForVotes(306)) - 08531864-a45b-4b81-8b31-f5d747fe8b59@group-FCAB6844D429-LeaderElection24 ELECTION round 0: submit vote requests at term 1 for -1: [08531864-a45b-4b81-8b31-f5d747fe8b59|rpc:10.1.0.32:46027|priority:1], old=null
2021-10-29 00:42:58,522 [08531864-a45b-4b81-8b31-f5d747fe8b59@group-FCAB6844D429-LeaderElection24] INFO  impl.LeaderElection (LeaderElection.java:askForVotes(308)) - 08531864-a45b-4b81-8b31-f5d747fe8b59@group-FCAB6844D429-LeaderElection24 ELECTION round 0: result PASSED (term=1)
2021-10-29 00:42:58,522 [08531864-a45b-4b81-8b31-f5d747fe8b59@group-FCAB6844D429-LeaderElection24] INFO  impl.RoleInfo (RoleInfo.java:shutdownLeaderElection(121)) - 08531864-a45b-4b81-8b31-f5d747fe8b59: shutdown 08531864-a45b-4b81-8b31-f5d747fe8b59@group-FCAB6844D429-LeaderElection24
2021-10-29 00:42:58,522 [08531864-a45b-4b81-8b31-f5d747fe8b59@group-FCAB6844D429-LeaderElection24] INFO  server.RaftServer$Division (RaftServerImpl.java:setRole(290)) - 08531864-a45b-4b81-8b31-f5d747fe8b59@group-FCAB6844D429: changes role from CANDIDATE to LEADER at term 1 for changeToLeader
2021-10-29 00:42:58,522 [08531864-a45b-4b81-8b31-f5d747fe8b59@group-FCAB6844D429-LeaderElection24] INFO  ratis.XceiverServerRatis (XceiverServerRatis.java:handleLeaderChangedNotification(866)) - Leader change notification received for group: group-FCAB6844D429 with new leaderId: 08531864-a45b-4b81-8b31-f5d747fe8b59
2021-10-29 00:42:58,522 [08531864-a45b-4b81-8b31-f5d747fe8b59@group-FCAB6844D429-LeaderElection24] INFO  server.RaftServer$Division (ServerState.java:setLeader(285)) - 08531864-a45b-4b81-8b31-f5d747fe8b59@group-FCAB6844D429: change Leader from null to 08531864-a45b-4b81-8b31-f5d747fe8b59 at term 1 for becomeLeader, leader elected after 5070ms
2021-10-29 00:42:58,523 [08531864-a45b-4b81-8b31-f5d747fe8b59@group-FCAB6844D429-LeaderElection24] INFO  server.RaftServerConfigKeys (ConfUtils.java:logGet(44)) - raft.server.staging.catchup.gap = 1000 (default)
2021-10-29 00:42:58,523 [08531864-a45b-4b81-8b31-f5d747fe8b59@group-FCAB6844D429-LeaderElection24] INFO  server.RaftServerConfigKeys (ConfUtils.java:logGet(44)) - raft.server.write.element-limit = 1024 (custom)
2021-10-29 00:42:58,523 [08531864-a45b-4b81-8b31-f5d747fe8b59@group-FCAB6844D429-LeaderElection24] INFO  server.RaftServerConfigKeys (ConfUtils.java:logGet(44)) - raft.server.write.byte-limit = 1024 M (=1073741824) (custom)
2021-10-29 00:42:58,524 [08531864-a45b-4b81-8b31-f5d747fe8b59@group-FCAB6844D429-LeaderElection24] INFO  server.RaftServerConfigKeys (ConfUtils.java:logGet(44)) - raft.server.watch.timeout = 180s (custom)
2021-10-29 00:42:58,524 [08531864-a45b-4b81-8b31-f5d747fe8b59@group-FCAB6844D429-LeaderElection24] INFO  server.RaftServerConfigKeys (ConfUtils.java:logGet(44)) - raft.server.watch.timeout.denomination = 1s (default)
2021-10-29 00:42:58,524 [08531864-a45b-4b81-8b31-f5d747fe8b59@group-FCAB6844D429-LeaderElection24] INFO  server.RaftServerConfigKeys (ConfUtils.java:logGet(44)) - raft.server.watch.element-limit = 65536 (default)
2021-10-29 00:42:58,524 [08531864-a45b-4b81-8b31-f5d747fe8b59@group-FCAB6844D429-LeaderElection24] INFO  server.RaftServerConfigKeys (ConfUtils.java:logGet(44)) - raft.server.write.element-limit = 1024 (custom)
2021-10-29 00:42:58,524 [08531864-a45b-4b81-8b31-f5d747fe8b59@group-FCAB6844D429-LeaderElection24] INFO  server.RaftServerConfigKeys (ConfUtils.java:logGet(44)) - raft.server.write.follower.gap.ratio.max = -1.0 (default)
2021-10-29 00:42:58,524 [08531864-a45b-4b81-8b31-f5d747fe8b59@group-FCAB6844D429-LeaderElection24] INFO  impl.RoleInfo (RoleInfo.java:updateAndGet(130)) - 08531864-a45b-4b81-8b31-f5d747fe8b59: start 08531864-a45b-4b81-8b31-f5d747fe8b59@group-FCAB6844D429-LeaderStateImpl
2021-10-29 00:42:58,525 [08531864-a45b-4b81-8b31-f5d747fe8b59@group-FCAB6844D429-LeaderElection24] INFO  segmented.SegmentedRaftLogWorker (SegmentedRaftLogWorker.java:startLogSegment(394)) - 08531864-a45b-4b81-8b31-f5d747fe8b59@group-FCAB6844D429-SegmentedRaftLogWorker: Starting segment from index:0
2021-10-29 00:42:58,530 [08531864-a45b-4b81-8b31-f5d747fe8b59@group-FCAB6844D429-SegmentedRaftLogWorker] INFO  segmented.SegmentedRaftLogWorker (SegmentedRaftLogWorker.java:execute(601)) - 08531864-a45b-4b81-8b31-f5d747fe8b59@group-FCAB6844D429-SegmentedRaftLogWorker: created new log segment /home/runner/work/ozone/ozone/hadoop-ozone/integration-test/target/test-dir/MiniOzoneClusterImpl-5f5ad6f1-7ccc-43e5-92d9-031f7ba6440e/datanode-5/data/ratis/2a102bbb-70ba-4218-833a-fcab6844d429/current/log_inprogress_0
2021-10-29 00:42:58,539 [08531864-a45b-4b81-8b31-f5d747fe8b59@group-FCAB6844D429-LeaderElection24] INFO  server.RaftServer$Division (ServerState.java:setRaftConf(387)) - 08531864-a45b-4b81-8b31-f5d747fe8b59@group-FCAB6844D429: set configuration 0: [08531864-a45b-4b81-8b31-f5d747fe8b59|rpc:10.1.0.32:46027|dataStream:|priority:1], old=null
2021-10-29 00:42:58,553 [Listener at 127.0.0.1/33923] INFO  reflections.Reflections (Reflections.java:scan(232)) - Reflections took 96 ms to scan 7 urls, producing 119 keys and 279 values 
2021-10-29 00:42:58,554 [Listener at 127.0.0.1/33923] WARN  utils.HAUtils (HAUtils.java:getMetaDir(342)) - ozone.scm.db.dirs is not configured. We recommend adding this setting. Falling back to ozone.metadata.dirs instead.
2021-10-29 00:42:58,555 [Listener at 127.0.0.1/33923] WARN  db.DBStoreBuilder (DBStoreBuilder.java:applyDBDefinition(145)) - ozone.scm.db.dirs is not configured. We recommend adding this setting. Falling back to ozone.metadata.dirs instead.
2021-10-29 00:42:58,652 [Listener at 127.0.0.1/33923] INFO  net.NodeSchemaLoader (NodeSchemaLoader.java:loadSchemaFromFile(129)) - Loading schema from [jar:file:/home/runner/.m2/repository/org/apache/ozone/hdds-common/1.2.0-SNAPSHOT/hdds-common-1.2.0-SNAPSHOT.jar!/network-topology-default.xml]
2021-10-29 00:42:58,652 [Listener at 127.0.0.1/33923] INFO  net.NodeSchemaLoader (NodeSchemaLoader.java:loadSchema(176)) - Loading network topology layer schema file
2021-10-29 00:42:58,663 [Listener at 127.0.0.1/33923] WARN  impl.MetricRegistriesImpl (MetricRegistriesImpl.java:addReporterRegistration(111)) - New reporters are added after registries were created. Some metrics will be missing from the reporter. Please add reporter before adding any new registry.
2021-10-29 00:42:58,664 [Listener at 127.0.0.1/33923] WARN  impl.MetricRegistriesImpl (MetricRegistriesImpl.java:addReporterRegistration(111)) - New reporters are added after registries were created. Some metrics will be missing from the reporter. Please add reporter before adding any new registry.
2021-10-29 00:42:58,666 [Listener at 127.0.0.1/33923] INFO  ha.SequenceIdGenerator (SequenceIdGenerator.java:upgradeToSequenceId(347)) - upgrade localId to 107544261427200000
2021-10-29 00:42:58,666 [Listener at 127.0.0.1/33923] INFO  ha.SequenceIdGenerator (SequenceIdGenerator.java:upgradeToSequenceId(357)) - upgrade delTxnId to 0
2021-10-29 00:42:58,667 [Listener at 127.0.0.1/33923] INFO  ha.SequenceIdGenerator (SequenceIdGenerator.java:upgradeToSequenceId(371)) - upgrade containerId to 0
2021-10-29 00:42:58,667 [Listener at 127.0.0.1/33923] INFO  ha.SequenceIdGenerator (SequenceIdGenerator.java:<init>(218)) - Init the HA SequenceIdGenerator.
2021-10-29 00:42:58,668 [Listener at 127.0.0.1/33923] INFO  node.SCMNodeManager (SCMNodeManager.java:<init>(144)) - Entering startup safe mode.
2021-10-29 00:42:58,669 [Listener at 127.0.0.1/33923] INFO  algorithms.ContainerPlacementPolicyFactory (ContainerPlacementPolicyFactory.java:getPolicy(60)) - Create container placement policy of type org.apache.hadoop.hdds.scm.container.placement.algorithms.SCMContainerPlacementRandom
2021-10-29 00:42:58,669 [Listener at 127.0.0.1/33923] INFO  pipeline.PipelineStateManagerImpl (PipelineStateManagerImpl.java:initialize(78)) - No pipeline exists in current db
2021-10-29 00:42:58,669 [Listener at 127.0.0.1/33923] INFO  algorithms.LeaderChoosePolicyFactory (LeaderChoosePolicyFactory.java:getPolicy(57)) - Create leader choose policy of type org.apache.hadoop.hdds.scm.pipeline.leader.choose.algorithms.MinLeaderCountChoosePolicy
2021-10-29 00:42:58,669 [Listener at 127.0.0.1/33923] INFO  ha.SCMServiceManager (SCMServiceManager.java:register(43)) - Registering service BackgroundPipelineCreator.
2021-10-29 00:42:58,669 [Listener at 127.0.0.1/33923] INFO  pipeline.BackgroundPipelineCreator (BackgroundPipelineCreator.java:start(130)) - Starting RatisPipelineUtilsThread.
2021-10-29 00:42:58,676 [Listener at 127.0.0.1/33923] INFO  algorithms.PipelineChoosePolicyFactory (PipelineChoosePolicyFactory.java:createPipelineChoosePolicyFromClass(73)) - Create pipeline choose policy of type org.apache.hadoop.hdds.scm.pipeline.choose.algorithms.RandomPipelineChoosePolicy
2021-10-29 00:42:58,676 [Listener at 127.0.0.1/33923] INFO  ha.SCMServiceManager (SCMServiceManager.java:register(43)) - Registering service SCMBlockDeletingService.
2021-10-29 00:42:58,677 [Listener at 127.0.0.1/33923] INFO  ha.SCMServiceManager (SCMServiceManager.java:register(43)) - Registering service ReplicationManager.
2021-10-29 00:42:58,677 [Listener at 127.0.0.1/33923] INFO  container.ReplicationManager (ReplicationManager.java:start(319)) - Starting Replication Monitor Thread.
2021-10-29 00:42:58,680 [Listener at 127.0.0.1/33923] INFO  safemode.ContainerSafeModeRule (ContainerSafeModeRule.java:<init>(89)) - containers with one replica threshold count 0
2021-10-29 00:42:58,681 [Listener at 127.0.0.1/33923] INFO  safemode.HealthyPipelineSafeModeRule (HealthyPipelineSafeModeRule.java:initializeRule(156)) - Total pipeline count is 0, healthy pipeline threshold count is 1
2021-10-29 00:42:58,683 [Listener at 127.0.0.1/33923] INFO  safemode.OneReplicaPipelineSafeModeRule (OneReplicaPipelineSafeModeRule.java:initializeRule(180)) - Total pipeline count is 0, pipeline's with at least one datanode reported threshold count is 0
2021-10-29 00:42:58,689 [ReplicationMonitor] INFO  container.ReplicationManager (ReplicationManager.java:processAll(371)) - Replication Monitor Thread took 0 milliseconds for processing 0 containers.
2021-10-29 00:42:58,689 [Listener at 127.0.0.1/33923] INFO  ipc.CallQueueManager (CallQueueManager.java:<init>(90)) - Using callQueue: class java.util.concurrent.LinkedBlockingQueue, queueCapacity: 2000, scheduler: class org.apache.hadoop.ipc.DefaultRpcScheduler, ipcBackoff: false.
2021-10-29 00:42:58,691 [Listener at 0.0.0.0/35041] INFO  ipc.CallQueueManager (CallQueueManager.java:<init>(90)) - Using callQueue: class java.util.concurrent.LinkedBlockingQueue, queueCapacity: 2000, scheduler: class org.apache.hadoop.ipc.DefaultRpcScheduler, ipcBackoff: false.
2021-10-29 00:42:58,692 [Socket Reader #1 for port 0] INFO  ipc.Server (Server.java:run(1265)) - Starting Socket Reader #1 for port 0
2021-10-29 00:42:58,693 [Listener at 0.0.0.0/33561] INFO  ipc.CallQueueManager (CallQueueManager.java:<init>(90)) - Using callQueue: class java.util.concurrent.LinkedBlockingQueue, queueCapacity: 2000, scheduler: class org.apache.hadoop.ipc.DefaultRpcScheduler, ipcBackoff: false.
2021-10-29 00:42:58,694 [Socket Reader #1 for port 0] INFO  ipc.Server (Server.java:run(1265)) - Starting Socket Reader #1 for port 0
2021-10-29 00:42:58,694 [Socket Reader #1 for port 0] INFO  ipc.Server (Server.java:run(1265)) - Starting Socket Reader #1 for port 0
2021-10-29 00:42:58,732 [Listener at 0.0.0.0/34963] INFO  algorithms.ContainerPlacementPolicyFactory (ContainerPlacementPolicyFactory.java:getPolicy(60)) - Create container placement policy of type org.apache.hadoop.hdds.scm.container.placement.algorithms.SCMContainerPlacementRandom
2021-10-29 00:42:58,733 [Listener at 0.0.0.0/34963] INFO  server.StorageContainerManager (StorageContainerManager.java:<init>(388)) - 
Container Balancer status:
Key                            Value
Running                        false
Container Balancer Configuration values:
Key                                                Value
Threshold                                          0.1
Max Datanodes to Involve per Iteration(ratio)      0.2
Max Size to Move per Iteration                     32212254720B

2021-10-29 00:42:58,733 [Listener at 0.0.0.0/34963] WARN  events.EventQueue (EventQueue.java:fireEvent(194)) - No event handler registered for event TypedEvent{payloadType=SafeModeStatus, name='Safe mode status'}
2021-10-29 00:42:58,733 [Listener at 0.0.0.0/34963] INFO  ha.SCMContext (SCMContext.java:updateSafeModeStatus(205)) - Update SafeModeStatus from SafeModeStatus{safeModeStatus=true, preCheckPassed=false} to SafeModeStatus{safeModeStatus=true, preCheckPassed=false}.
2021-10-29 00:42:58,734 [Listener at 0.0.0.0/34963] INFO  server.StorageContainerManager (StorageContainerManager.java:start(1303)) - StorageContainerLocationProtocol RPC server is listening at /0.0.0.0:34963
2021-10-29 00:42:58,734 [Listener at 0.0.0.0/34963] INFO  impl.MetricsSystemImpl (MetricsSystemImpl.java:init(158)) - StorageContainerManager metrics system started (again)
2021-10-29 00:42:58,760 [Listener at 0.0.0.0/34963] INFO  server.SCMClientProtocolServer (SCMClientProtocolServer.java:start(164)) - RPC server for Client  is listening at /0.0.0.0:34963
2021-10-29 00:42:58,761 [IPC Server Responder] INFO  ipc.Server (Server.java:run(1507)) - IPC Server Responder: starting
2021-10-29 00:42:58,763 [IPC Server listener on 0] INFO  ipc.Server (Server.java:run(1344)) - IPC Server listener on 0: starting
2021-10-29 00:42:58,796 [Listener at 0.0.0.0/34963] INFO  server.StorageContainerManager (StorageContainerManager.java:start(1318)) - ScmBlockLocationProtocol RPC server is listening at /0.0.0.0:33561
2021-10-29 00:42:58,796 [Listener at 0.0.0.0/34963] INFO  server.SCMBlockProtocolServer (SCMBlockProtocolServer.java:start(151)) - RPC server for Block Protocol is listening at /0.0.0.0:33561
2021-10-29 00:42:58,800 [IPC Server Responder] INFO  ipc.Server (Server.java:run(1507)) - IPC Server Responder: starting
2021-10-29 00:42:58,807 [IPC Server listener on 0] INFO  ipc.Server (Server.java:run(1344)) - IPC Server listener on 0: starting
2021-10-29 00:42:58,816 [Listener at 0.0.0.0/34963] INFO  server.StorageContainerManager (StorageContainerManager.java:start(1324)) - ScmDatanodeProtocl RPC server is listening at /0.0.0.0:35041
2021-10-29 00:42:58,816 [Listener at 0.0.0.0/34963] INFO  server.SCMDatanodeProtocolServer (SCMDatanodeProtocolServer.java:start(181)) - RPC server for DataNodes is listening at /0.0.0.0:35041
2021-10-29 00:42:58,816 [IPC Server Responder] INFO  ipc.Server (Server.java:run(1507)) - IPC Server Responder: starting
2021-10-29 00:42:58,817 [IPC Server listener on 0] INFO  ipc.Server (Server.java:run(1344)) - IPC Server listener on 0: starting
2021-10-29 00:42:58,831 [Listener at 0.0.0.0/34963] INFO  http.BaseHttpServer (BaseHttpServer.java:newHttpServer2BuilderForOzone(209)) - Starting Web-server for scm at: http://0.0.0.0:0
2021-10-29 00:42:58,831 [Listener at 0.0.0.0/34963] INFO  http.BaseHttpServer (BaseHttpServer.java:<init>(107)) - Hadoop Security Enabled: false Ozone Security Enabled: false Ozone HTTP Security Enabled: false 
2021-10-29 00:42:58,832 [Listener at 0.0.0.0/34963] INFO  server.AuthenticationFilter (AuthenticationFilter.java:constructSecretProvider(240)) - Unable to initialize FileSignerSecretProvider, falling back to use random secrets.
2021-10-29 00:42:58,833 [org.apache.hadoop.util.JvmPauseMonitor$Monitor@36814133] INFO  util.JvmPauseMonitor (JvmPauseMonitor.java:run(188)) - Starting JVM pause monitor
2021-10-29 00:42:58,833 [Listener at 0.0.0.0/34963] WARN  http.HttpRequestLog (HttpRequestLog.java:getRequestLog(103)) - Jetty request log can only be enabled using Log4j
2021-10-29 00:42:58,834 [Listener at 0.0.0.0/34963] INFO  http.HttpServer2 (HttpServer2.java:addGlobalFilter(1030)) - Added global filter 'safety' (class=org.apache.hadoop.hdds.server.http.HttpServer2$QuotingInputFilter)
2021-10-29 00:42:58,834 [Listener at 0.0.0.0/34963] INFO  http.HttpServer2 (HttpServer2.java:addFilter(1006)) - Added filter static_user_filter (class=org.apache.hadoop.http.lib.StaticUserWebFilter$StaticUserFilter) to context scm
2021-10-29 00:42:58,834 [Listener at 0.0.0.0/34963] INFO  http.HttpServer2 (HttpServer2.java:addFilter(1014)) - Added filter static_user_filter (class=org.apache.hadoop.http.lib.StaticUserWebFilter$StaticUserFilter) to context logs
2021-10-29 00:42:58,834 [Listener at 0.0.0.0/34963] INFO  http.HttpServer2 (HttpServer2.java:addFilter(1014)) - Added filter static_user_filter (class=org.apache.hadoop.http.lib.StaticUserWebFilter$StaticUserFilter) to context static
2021-10-29 00:42:58,835 [Listener at 0.0.0.0/34963] INFO  http.HttpServer2 (HttpServer2.java:bindListener(1249)) - Jetty bound to port 43019
2021-10-29 00:42:58,835 [Listener at 0.0.0.0/34963] INFO  server.Server (Server.java:doStart(375)) - jetty-9.4.43.v20210629; built: 2021-06-30T11:07:22.254Z; git: 526006ecfa3af7f1a27ef3a288e2bef7ea9dd7e8; jvm 1.8.0_292-b10
2021-10-29 00:42:58,836 [Listener at 0.0.0.0/34963] INFO  server.session (DefaultSessionIdManager.java:doStart(334)) - DefaultSessionIdManager workerName=node0
2021-10-29 00:42:58,836 [Listener at 0.0.0.0/34963] INFO  server.session (DefaultSessionIdManager.java:doStart(339)) - No SessionScavenger set, using defaults
2021-10-29 00:42:58,837 [Listener at 0.0.0.0/34963] INFO  server.session (HouseKeeper.java:startScavenging(132)) - node0 Scavenging every 660000ms
2021-10-29 00:42:58,846 [Listener at 0.0.0.0/34963] INFO  handler.ContextHandler (ContextHandler.java:doStart(915)) - Started o.e.j.s.ServletContextHandler@12d258fb{logs,/logs,file:///home/runner/work/ozone/ozone/hadoop-ozone/integration-test/target/log,AVAILABLE}
2021-10-29 00:42:58,847 [Listener at 0.0.0.0/34963] INFO  handler.ContextHandler (ContextHandler.java:doStart(915)) - Started o.e.j.s.ServletContextHandler@10439ff8{static,/static,file:///home/runner/work/ozone/ozone/hadoop-ozone/integration-test/target/test-classes/webapps/static,AVAILABLE}
2021-10-29 00:42:58,852 [Listener at 0.0.0.0/34963] INFO  handler.ContextHandler (ContextHandler.java:doStart(915)) - Started o.e.j.w.WebAppContext@ade88b7{scm,/,file:///home/runner/work/ozone/ozone/hadoop-ozone/integration-test/target/test-classes/webapps/scm/,AVAILABLE}{file:/home/runner/work/ozone/ozone/hadoop-ozone/integration-test/target/test-classes/webapps/scm}
2021-10-29 00:42:58,855 [Listener at 0.0.0.0/34963] INFO  server.AbstractConnector (AbstractConnector.java:doStart(331)) - Started ServerConnector@5938fc21{HTTP/1.1, (http/1.1)}{0.0.0.0:43019}
2021-10-29 00:42:58,855 [Listener at 0.0.0.0/34963] INFO  server.Server (Server.java:doStart(415)) - Started @40771ms
2021-10-29 00:42:58,855 [Listener at 0.0.0.0/34963] WARN  impl.MetricsSystemImpl (MetricsSystemImpl.java:register(279)) - Sink prometheus already exists!
2021-10-29 00:42:58,855 [Listener at 0.0.0.0/34963] INFO  http.BaseHttpServer (BaseHttpServer.java:updateConnectorAddress(329)) - HTTP server of scm listening at http://0.0.0.0:43019
2021-10-29 00:42:58,855 [Listener at 0.0.0.0/34963] WARN  server.ServerUtils (ServerUtils.java:getDBPath(225)) - ozone.om.db.dirs is not configured. We recommend adding this setting. Falling back to ozone.metadata.dirs instead.
2021-10-29 00:42:58,858 [Listener at 0.0.0.0/34963] INFO  ha.OMHANodeDetails (OMHANodeDetails.java:loadOMHAConfig(112)) - ozone.om.internal.service.id is not defined, falling back to ozone.om.service.ids to find serviceID for OzoneManager if it is HA enabled cluster
2021-10-29 00:42:58,858 [Listener at 0.0.0.0/34963] INFO  ha.OMHANodeDetails (OMHANodeDetails.java:loadOMHAConfig(219)) - Configuration does not have ozone.om.address set. Falling back to the default OM address /127.0.0.1:0
2021-10-29 00:42:58,858 [Listener at 0.0.0.0/34963] INFO  ha.OMHANodeDetails (OMHANodeDetails.java:getOMNodeDetails(247)) - OM Service ID is not set. Setting it to the default ID: omServiceIdDefault
2021-10-29 00:42:58,858 [Listener at 0.0.0.0/34963] INFO  ha.OMHANodeDetails (OMHANodeDetails.java:getOMNodeDetails(254)) - OM Node ID is not set. Setting it to the default ID: om1
2021-10-29 00:42:58,858 [Listener at 0.0.0.0/34963] WARN  server.ServerUtils (ServerUtils.java:getDBPath(225)) - ozone.om.db.dirs is not configured. We recommend adding this setting. Falling back to ozone.metadata.dirs instead.
2021-10-29 00:42:58,858 [Listener at 0.0.0.0/34963] INFO  upgrade.AbstractLayoutVersionManager (AbstractLayoutVersionManager.java:init(79)) - Initializing Layout version manager with metadata layout = INITIAL_VERSION (version = 0), software layout = INITIAL_VERSION (version = 0)
2021-10-29 00:42:58,927 [Listener at 0.0.0.0/34963] INFO  reflections.Reflections (Reflections.java:scan(232)) - Reflections took 68 ms to scan 2 urls, producing 131 keys and 344 values [using 2 cores]
2021-10-29 00:42:58,928 [Listener at 0.0.0.0/34963] INFO  upgrade.OMLayoutVersionManager (OMLayoutVersionManager.java:lambda$0(115)) - Skipping Upgrade Action MockOmUpgradeAction since it has been finalized.
2021-10-29 00:42:58,928 [Listener at 0.0.0.0/34963] WARN  server.ServerUtils (ServerUtils.java:getDBPath(225)) - ozone.om.db.dirs is not configured. We recommend adding this setting. Falling back to ozone.metadata.dirs instead.
2021-10-29 00:42:58,941 [Listener at 0.0.0.0/34963] WARN  server.ServerUtils (ServerUtils.java:getDBPath(225)) - ozone.om.db.dirs is not configured. We recommend adding this setting. Falling back to ozone.metadata.dirs instead.
2021-10-29 00:42:58,942 [Listener at 0.0.0.0/34963] INFO  codec.OmKeyInfoCodec (OmKeyInfoCodec.java:<init>(51)) - OmKeyInfoCodec ignorePipeline = true
2021-10-29 00:42:58,942 [Listener at 0.0.0.0/34963] INFO  codec.RepeatedOmKeyInfoCodec (RepeatedOmKeyInfoCodec.java:<init>(42)) - RepeatedOmKeyInfoCodec ignorePipeline = true
2021-10-29 00:42:59,043 [ReplicationMonitor] INFO  container.ReplicationManager (ReplicationManager.java:processAll(371)) - Replication Monitor Thread took 0 milliseconds for processing 0 containers.
2021-10-29 00:42:59,103 [Listener at 0.0.0.0/34963] INFO  om.OzoneManager (OzoneManager.java:addS3GVolumeToDB(3425)) - Created Volume s3v With Owner runner required for S3Gateway operations.
2021-10-29 00:42:59,103 [Listener at 0.0.0.0/34963] WARN  server.ServerUtils (ServerUtils.java:getDefaultRatisDirectory(237)) - Storage directory for Ratis is not configured. It is a good idea to map this to an SSD disk. Falling back to ozone.metadata.dirs
2021-10-29 00:42:59,104 [Listener at 0.0.0.0/34963] WARN  utils.OzoneManagerRatisUtils (OzoneManagerRatisUtils.java:getOMRatisSnapshotDirectory(435)) - ozone.om.ratis.snapshot.dir is not configured. Falling back to ozone.metadata.dirs config
2021-10-29 00:42:59,104 [Listener at 0.0.0.0/34963] WARN  impl.MetricRegistriesImpl (MetricRegistriesImpl.java:addReporterRegistration(111)) - New reporters are added after registries were created. Some metrics will be missing from the reporter. Please add reporter before adding any new registry.
2021-10-29 00:42:59,104 [Listener at 0.0.0.0/34963] WARN  impl.MetricRegistriesImpl (MetricRegistriesImpl.java:addReporterRegistration(111)) - New reporters are added after registries were created. Some metrics will be missing from the reporter. Please add reporter before adding any new registry.
2021-10-29 00:42:59,104 [Listener at 0.0.0.0/34963] WARN  server.ServerUtils (ServerUtils.java:getDefaultRatisDirectory(237)) - Storage directory for Ratis is not configured. It is a good idea to map this to an SSD disk. Falling back to ozone.metadata.dirs
2021-10-29 00:42:59,105 [Listener at 0.0.0.0/34963] INFO  ratis.OzoneManagerRatisServer (OzoneManagerRatisServer.java:<init>(159)) - Instantiating OM Ratis server with groupID: omServiceIdDefault and peers: localhost:35123
2021-10-29 00:42:59,105 [Listener at 0.0.0.0/34963] INFO  ratis.OzoneManagerStateMachine (OzoneManagerStateMachine.java:loadSnapshotInfoFromDB(605)) - LastAppliedIndex is set from TransactionInfo from OM DB as (t:0, i:~)
2021-10-29 00:42:59,105 [Listener at 0.0.0.0/34963] INFO  server.RaftServer (ConfUtils.java:logGet(44)) - raft.rpc.type = GRPC (default)
2021-10-29 00:42:59,106 [Listener at 0.0.0.0/34963] INFO  grpc.GrpcFactory (GrpcFactory.java:checkPooledByteBufAllocatorUseCacheForAllThreads(48)) - PERFORMANCE WARNING: useCacheForAllThreads is true that may cause Netty to create a lot garbage objects and, as a result, trigger GC.
	It is recommended to disable useCacheForAllThreads by setting -Dorg.apache.ratis.thirdparty.io.netty.allocator.useCacheForAllThreads=false in command line.
2021-10-29 00:42:59,106 [Listener at 0.0.0.0/34963] INFO  grpc.GrpcConfigKeys (ConfUtils.java:logGet(44)) - raft.grpc.admin.port = -1 (default)
2021-10-29 00:42:59,106 [Listener at 0.0.0.0/34963] INFO  grpc.GrpcConfigKeys (ConfUtils.java:logGet(44)) - raft.grpc.server.port = 35123 (custom)
2021-10-29 00:42:59,106 [Listener at 0.0.0.0/34963] INFO  grpc.GrpcConfigKeys (ConfUtils.java:logGet(44)) - raft.grpc.client.port = -1 (default)
2021-10-29 00:42:59,106 [Listener at 0.0.0.0/34963] INFO  grpc.GrpcConfigKeys (ConfUtils.java:logGet(44)) - raft.grpc.server.port = 35123 (custom)
2021-10-29 00:42:59,106 [Listener at 0.0.0.0/34963] INFO  grpc.GrpcConfigKeys (ConfUtils.java:logGet(44)) - raft.grpc.server.port = 35123 (custom)
2021-10-29 00:42:59,106 [Listener at 0.0.0.0/34963] INFO  server.GrpcService (ConfUtils.java:logGet(44)) - raft.grpc.message.size.max = 33554432 (custom)
2021-10-29 00:42:59,106 [Listener at 0.0.0.0/34963] INFO  server.RaftServerConfigKeys (ConfUtils.java:logGet(44)) - raft.server.log.appender.buffer.byte-limit = 33554432 (custom)
2021-10-29 00:42:59,106 [Listener at 0.0.0.0/34963] INFO  server.GrpcService (ConfUtils.java:logGet(44)) - raft.grpc.flow.control.window = 1MB (=1048576) (default)
2021-10-29 00:42:59,106 [Listener at 0.0.0.0/34963] INFO  server.RaftServerConfigKeys (ConfUtils.java:logGet(44)) - raft.server.rpc.request.timeout = 3000ms (default)
2021-10-29 00:42:59,107 [Listener at 0.0.0.0/34963] INFO  impl.DataStreamServerImpl (ConfUtils.java:logGet(44)) - raft.datastream.type = DISABLED (default)
2021-10-29 00:42:59,107 [Listener at 0.0.0.0/34963] INFO  server.RaftServerConfigKeys (ConfUtils.java:logGet(44)) - raft.server.rpc.slowness.timeout = 120s (custom)
2021-10-29 00:42:59,108 [Listener at 0.0.0.0/34963] INFO  server.RaftServerConfigKeys (ConfUtils.java:logGet(44)) - raft.server.leaderelection.leader.step-down.wait-time = 10s (default)
2021-10-29 00:42:59,108 [Listener at 0.0.0.0/34963] INFO  server.RaftServerConfigKeys (ConfUtils.java:logGet(44)) - raft.server.storage.dir = [/home/runner/work/ozone/ozone/hadoop-ozone/integration-test/target/test-dir/MiniOzoneClusterImpl-4b10e03c-25a2-4698-ad04-6829f5c7c150/ozone-meta/ratis] (custom)
2021-10-29 00:42:59,112 [Listener at 0.0.0.0/34963] INFO  server.RaftServer (RaftServerProxy.java:addNew(95)) - om1: addNew group-C5BA1605619E:[om1|rpc:localhost:35123|priority:0] returns group-C5BA1605619E:java.util.concurrent.CompletableFuture@4c433a55[Not completed]
2021-10-29 00:42:59,112 [Listener at 0.0.0.0/34963] INFO  om.OzoneManager (OzoneManager.java:initializeRatisServer(1618)) - OzoneManager Ratis server initialized at port 35123
2021-10-29 00:42:59,113 [Listener at 0.0.0.0/34963] INFO  ipc.CallQueueManager (CallQueueManager.java:<init>(90)) - Using callQueue: class java.util.concurrent.LinkedBlockingQueue, queueCapacity: 2000, scheduler: class org.apache.hadoop.ipc.DefaultRpcScheduler, ipcBackoff: false.
2021-10-29 00:42:59,113 [pool-462-thread-1] INFO  server.RaftServer$Division (RaftServerImpl.java:<init>(184)) - om1: new RaftServerImpl for group-C5BA1605619E:[om1|rpc:localhost:35123|priority:0] with OzoneManagerStateMachine:uninitialized
2021-10-29 00:42:59,113 [pool-462-thread-1] INFO  server.RaftServerConfigKeys (ConfUtils.java:logGet(44)) - raft.server.rpc.timeout.min = 1s (custom)
2021-10-29 00:42:59,114 [pool-462-thread-1] INFO  server.RaftServerConfigKeys (ConfUtils.java:logGet(44)) - raft.server.rpc.timeout.max = 1200ms (custom)
2021-10-29 00:42:59,114 [pool-462-thread-1] INFO  server.RaftServerConfigKeys (ConfUtils.java:logGet(44)) - raft.server.rpc.sleep.time = 25ms (default)
2021-10-29 00:42:59,114 [pool-462-thread-1] INFO  server.RaftServerConfigKeys (ConfUtils.java:logGet(44)) - raft.server.rpc.slowness.timeout = 120s (custom)
2021-10-29 00:42:59,114 [pool-462-thread-1] INFO  server.RaftServerConfigKeys (ConfUtils.java:logGet(44)) - raft.server.leaderelection.leader.step-down.wait-time = 10s (default)
2021-10-29 00:42:59,114 [pool-462-thread-1] INFO  server.RaftServerConfigKeys (ConfUtils.java:logGet(44)) - raft.server.sleep.deviation.threshold = 300ms (default)
2021-10-29 00:42:59,114 [pool-462-thread-1] INFO  server.RaftServerConfigKeys (ConfUtils.java:logGet(44)) - raft.server.log.appender.install.snapshot.enabled = false (custom)
2021-10-29 00:42:59,114 [pool-462-thread-1] INFO  server.RaftServer$Division (ServerState.java:<init>(105)) - om1@group-C5BA1605619E: ConfigurationManager, init=-1: [om1|rpc:localhost:35123|priority:0], old=null, confs=<EMPTY_MAP>
2021-10-29 00:42:59,114 [pool-462-thread-1] INFO  server.RaftServerConfigKeys (ConfUtils.java:logGet(44)) - raft.server.storage.dir = [/home/runner/work/ozone/ozone/hadoop-ozone/integration-test/target/test-dir/MiniOzoneClusterImpl-4b10e03c-25a2-4698-ad04-6829f5c7c150/ozone-meta/ratis] (custom)
2021-10-29 00:42:59,114 [pool-462-thread-1] INFO  server.RaftServerConfigKeys (ConfUtils.java:logGet(44)) - raft.server.log.corruption.policy = EXCEPTION (default)
2021-10-29 00:42:59,114 [pool-462-thread-1] INFO  server.RaftServerConfigKeys (ConfUtils.java:logGet(44)) - raft.server.storage.free-space.min = 0MB (=0) (default)
2021-10-29 00:42:59,114 [pool-462-thread-1] INFO  storage.RaftStorageDirectory (RaftStorageDirectoryImpl.java:analyzeStorage(135)) - The storage directory /home/runner/work/ozone/ozone/hadoop-ozone/integration-test/target/test-dir/MiniOzoneClusterImpl-4b10e03c-25a2-4698-ad04-6829f5c7c150/ozone-meta/ratis/bf265839-605b-3f16-9796-c5ba1605619e does not exist. Creating ...
2021-10-29 00:42:59,116 [Socket Reader #1 for port 0] INFO  ipc.Server (Server.java:run(1265)) - Starting Socket Reader #1 for port 0
2021-10-29 00:42:59,116 [pool-462-thread-1] INFO  storage.RaftStorageDirectory (RaftStorageDirectoryImpl.java:tryLock(230)) - Lock on /home/runner/work/ozone/ozone/hadoop-ozone/integration-test/target/test-dir/MiniOzoneClusterImpl-4b10e03c-25a2-4698-ad04-6829f5c7c150/ozone-meta/ratis/bf265839-605b-3f16-9796-c5ba1605619e/in_use.lock acquired by nodename 21509@fv-az291-161
2021-10-29 00:42:59,117 [pool-462-thread-1] INFO  storage.RaftStorage (RaftStorageImpl.java:format(89)) - Storage directory /home/runner/work/ozone/ozone/hadoop-ozone/integration-test/target/test-dir/MiniOzoneClusterImpl-4b10e03c-25a2-4698-ad04-6829f5c7c150/ozone-meta/ratis/bf265839-605b-3f16-9796-c5ba1605619e has been successfully formatted.
2021-10-29 00:42:59,118 [pool-462-thread-1] INFO  server.RaftServerConfigKeys (ConfUtils.java:logGet(44)) - raft.server.notification.no-leader.timeout = 120s (custom)
2021-10-29 00:42:59,118 [pool-462-thread-1] INFO  server.RaftServerConfigKeys (ConfUtils.java:logGet(44)) - raft.server.log.use.memory = false (default)
2021-10-29 00:42:59,118 [pool-462-thread-1] INFO  server.RaftServerConfigKeys (ConfUtils.java:logGet(44)) - raft.server.log.purge.gap = 1000000 (custom)
2021-10-29 00:42:59,118 [pool-462-thread-1] INFO  server.RaftServerConfigKeys (ConfUtils.java:logGet(44)) - raft.server.log.appender.buffer.byte-limit = 33554432 (custom)
2021-10-29 00:42:59,118 [pool-462-thread-1] INFO  server.RaftServerConfigKeys (ConfUtils.java:logGet(44)) - raft.server.log.segment.size.max = 4194304 (custom)
2021-10-29 00:42:59,118 [pool-462-thread-1] INFO  server.RaftServerConfigKeys (ConfUtils.java:logGet(44)) - raft.server.log.segment.cache.num.max = 2 (custom)
2021-10-29 00:42:59,118 [pool-462-thread-1] INFO  server.RaftServerConfigKeys (ConfUtils.java:logGet(44)) - raft.server.log.segment.cache.size.max = 200MB (=209715200) (default)
2021-10-29 00:42:59,118 [pool-462-thread-1] INFO  segmented.SegmentedRaftLogWorker (SegmentedRaftLogWorker.java:<init>(182)) - new om1@group-C5BA1605619E-SegmentedRaftLogWorker for RaftStorageImpl:Storage Directory /home/runner/work/ozone/ozone/hadoop-ozone/integration-test/target/test-dir/MiniOzoneClusterImpl-4b10e03c-25a2-4698-ad04-6829f5c7c150/ozone-meta/ratis/bf265839-605b-3f16-9796-c5ba1605619e
2021-10-29 00:42:59,118 [pool-462-thread-1] INFO  server.RaftServerConfigKeys (ConfUtils.java:logGet(44)) - raft.server.log.queue.byte-limit = 64MB (=67108864) (default)
2021-10-29 00:42:59,119 [pool-462-thread-1] INFO  server.RaftServerConfigKeys (ConfUtils.java:logGet(44)) - raft.server.log.queue.element-limit = 4096 (default)
2021-10-29 00:42:59,119 [pool-462-thread-1] INFO  server.RaftServerConfigKeys (ConfUtils.java:logGet(44)) - raft.server.log.segment.size.max = 4194304 (custom)
2021-10-29 00:42:59,119 [pool-462-thread-1] INFO  server.RaftServerConfigKeys (ConfUtils.java:logGet(44)) - raft.server.log.preallocated.size = 4194304 (custom)
2021-10-29 00:42:59,119 [pool-462-thread-1] INFO  server.RaftServerConfigKeys (ConfUtils.java:logGet(44)) - raft.server.log.force.sync.num = 128 (default)
2021-10-29 00:42:59,119 [pool-462-thread-1] INFO  server.RaftServerConfigKeys (ConfUtils.java:logGet(44)) - raft.server.log.statemachine.data.sync = true (default)
2021-10-29 00:42:59,119 [pool-462-thread-1] INFO  server.RaftServerConfigKeys (ConfUtils.java:logGet(44)) - raft.server.log.statemachine.data.sync.timeout = 10s (default)
2021-10-29 00:42:59,119 [pool-462-thread-1] INFO  server.RaftServerConfigKeys (ConfUtils.java:logGet(44)) - raft.server.log.statemachine.data.sync.timeout.retry = -1 (default)
2021-10-29 00:42:59,134 [pool-462-thread-1] INFO  server.RaftServerConfigKeys (ConfUtils.java:logGet(44)) - raft.server.log.write.buffer.size = 64KB (=65536) (default)
2021-10-29 00:42:59,134 [pool-462-thread-1] INFO  server.RaftServerConfigKeys (ConfUtils.java:logGet(44)) - raft.server.log.statemachine.data.caching.enabled = false (default)
2021-10-29 00:42:59,134 [pool-462-thread-1] INFO  segmented.SegmentedRaftLogWorker (SegmentedRaftLogWorker.java:lambda$new$0(133)) - om1@group-C5BA1605619E-SegmentedRaftLogWorker: flushIndex: setUnconditionally 0 -> -1
2021-10-29 00:42:59,134 [pool-462-thread-1] INFO  segmented.SegmentedRaftLogWorker (SegmentedRaftLogWorker.java:lambda$new$0(133)) - om1@group-C5BA1605619E-SegmentedRaftLogWorker: safeCacheEvictIndex: setUnconditionally 0 -> -1
2021-10-29 00:42:59,135 [pool-462-thread-1] INFO  server.RaftServerConfigKeys (ConfUtils.java:logGet(44)) - raft.server.snapshot.auto.trigger.enabled = true (custom)
2021-10-29 00:42:59,135 [pool-462-thread-1] INFO  server.RaftServerConfigKeys (ConfUtils.java:logGet(44)) - raft.server.snapshot.auto.trigger.threshold = 400000 (default)
2021-10-29 00:42:59,135 [pool-462-thread-1] INFO  server.RaftServerConfigKeys (ConfUtils.java:logGet(44)) - raft.server.snapshot.retention.file.num = -1 (default)
2021-10-29 00:42:59,135 [pool-462-thread-1] INFO  server.RaftServerConfigKeys (ConfUtils.java:logGet(44)) - raft.server.log.purge.upto.snapshot.index = true (custom)
2021-10-29 00:42:59,135 [pool-462-thread-1] INFO  server.RaftServerConfigKeys (ConfUtils.java:logGet(44)) - raft.server.retrycache.expirytime = 300s (custom)
2021-10-29 00:42:59,135 [pool-462-thread-1] INFO  server.RaftServerConfigKeys (ConfUtils.java:logGet(44)) - raft.server.retrycache.statistics.expirytime = 100μs (default)
2021-10-29 00:42:59,139 [Listener at 127.0.0.1/42415] INFO  om.OzoneManager (OzoneManager.java:initFSOLayout(3631)) - Configured ozone.om.metadata.layout=SIMPLE and disabled optimized OM FS operations
2021-10-29 00:42:59,140 [Listener at 127.0.0.1/42415] INFO  impl.MetricsSystemImpl (MetricsSystemImpl.java:init(158)) - OzoneManager metrics system started (again)
2021-10-29 00:42:59,154 [Listener at 127.0.0.1/42415] INFO  om.OzoneManager (OzoneManager.java:start(1302)) - OzoneManager RPC server is listening at localhost/127.0.0.1:42415
2021-10-29 00:42:59,154 [Listener at 127.0.0.1/42415] INFO  ratis.OzoneManagerRatisServer (OzoneManagerRatisServer.java:start(522)) - Starting OzoneManagerRatisServer om1 at port 35123
2021-10-29 00:42:59,154 [Listener at 127.0.0.1/42415] INFO  server.RaftServer$Division (RaftServerImpl.java:start(301)) - om1@group-C5BA1605619E: start as a follower, conf=-1: [om1|rpc:localhost:35123|priority:0], old=null
2021-10-29 00:42:59,154 [Listener at 127.0.0.1/42415] INFO  server.RaftServer$Division (RaftServerImpl.java:setRole(290)) - om1@group-C5BA1605619E: changes role from      null to FOLLOWER at term 0 for startAsFollower
2021-10-29 00:42:59,154 [Listener at 127.0.0.1/42415] INFO  impl.RoleInfo (RoleInfo.java:updateAndGet(130)) - om1: start om1@group-C5BA1605619E-FollowerState
2021-10-29 00:42:59,155 [Listener at 127.0.0.1/42415] ERROR util.JmxRegister (JmxRegister.java:tryRegister(40)) - Failed to register JMX Bean with name Ratis:service=RaftServer,group=group-C5BA1605619E,id=om1
javax.management.InstanceAlreadyExistsException: Ratis:service=RaftServer,group=group-C5BA1605619E,id=om1
	at com.sun.jmx.mbeanserver.Repository.addMBean(Repository.java:437)
	at com.sun.jmx.interceptor.DefaultMBeanServerInterceptor.registerWithRepository(DefaultMBeanServerInterceptor.java:1898)
	at com.sun.jmx.interceptor.DefaultMBeanServerInterceptor.registerDynamicMBean(DefaultMBeanServerInterceptor.java:966)
	at com.sun.jmx.interceptor.DefaultMBeanServerInterceptor.registerObject(DefaultMBeanServerInterceptor.java:900)
	at com.sun.jmx.interceptor.DefaultMBeanServerInterceptor.registerMBean(DefaultMBeanServerInterceptor.java:324)
	at com.sun.jmx.mbeanserver.JmxMBeanServer.registerMBean(JmxMBeanServer.java:522)
	at org.apache.ratis.util.JmxRegister.tryRegister(JmxRegister.java:38)
	at org.apache.ratis.util.JmxRegister.register(JmxRegister.java:56)
	at org.apache.ratis.server.impl.RaftServerImpl.registerMBean(RaftServerImpl.java:317)
	at org.apache.ratis.server.impl.RaftServerImpl.start(RaftServerImpl.java:308)
	at java.util.stream.ForEachOps$ForEachOp$OfRef.accept(ForEachOps.java:183)
	at java.util.ArrayList$ArrayListSpliterator.forEachRemaining(ArrayList.java:1384)
	at java.util.stream.AbstractPipeline.copyInto(AbstractPipeline.java:482)
	at java.util.stream.ForEachOps$ForEachTask.compute(ForEachOps.java:290)
	at java.util.concurrent.CountedCompleter.exec(CountedCompleter.java:731)
	at java.util.concurrent.ForkJoinTask.doExec(ForkJoinTask.java:289)
	at java.util.concurrent.ForkJoinTask.doInvoke(ForkJoinTask.java:401)
	at java.util.concurrent.ForkJoinTask.invoke(ForkJoinTask.java:734)
	at java.util.stream.ForEachOps$ForEachOp.evaluateParallel(ForEachOps.java:159)
	at java.util.stream.ForEachOps$ForEachOp$OfRef.evaluateParallel(ForEachOps.java:173)
	at java.util.stream.AbstractPipeline.evaluate(AbstractPipeline.java:233)
	at java.util.stream.ReferencePipeline.forEach(ReferencePipeline.java:485)
	at java.util.stream.ReferencePipeline$Head.forEach(ReferencePipeline.java:650)
	at org.apache.ratis.server.impl.RaftServerProxy.start(RaftServerProxy.java:371)
	at org.apache.hadoop.ozone.om.ratis.OzoneManagerRatisServer.start(OzoneManagerRatisServer.java:524)
	at org.apache.hadoop.ozone.om.OzoneManager.start(OzoneManager.java:1311)
	at org.apache.hadoop.ozone.MiniOzoneClusterImpl$Builder.build(MiniOzoneClusterImpl.java:597)
	at org.apache.hadoop.ozone.MiniOzoneClusterProvider.lambda$createClusters$1(MiniOzoneClusterProvider.java:234)
	at java.lang.Thread.run(Thread.java:748)
2021-10-29 00:42:59,155 [Listener at 127.0.0.1/42415] ERROR util.JmxRegister (JmxRegister.java:tryRegister(40)) - Failed to register JMX Bean with name Ratis:service=RaftServer,group=group-C5BA1605619E,id="om1"
javax.management.InstanceAlreadyExistsException: Ratis:service=RaftServer,group=group-C5BA1605619E,id="om1"
	at com.sun.jmx.mbeanserver.Repository.addMBean(Repository.java:437)
	at com.sun.jmx.interceptor.DefaultMBeanServerInterceptor.registerWithRepository(DefaultMBeanServerInterceptor.java:1898)
	at com.sun.jmx.interceptor.DefaultMBeanServerInterceptor.registerDynamicMBean(DefaultMBeanServerInterceptor.java:966)
	at com.sun.jmx.interceptor.DefaultMBeanServerInterceptor.registerObject(DefaultMBeanServerInterceptor.java:900)
	at com.sun.jmx.interceptor.DefaultMBeanServerInterceptor.registerMBean(DefaultMBeanServerInterceptor.java:324)
	at com.sun.jmx.mbeanserver.JmxMBeanServer.registerMBean(JmxMBeanServer.java:522)
	at org.apache.ratis.util.JmxRegister.tryRegister(JmxRegister.java:38)
	at org.apache.ratis.util.JmxRegister.register(JmxRegister.java:56)
	at org.apache.ratis.server.impl.RaftServerImpl.registerMBean(RaftServerImpl.java:317)
	at org.apache.ratis.server.impl.RaftServerImpl.start(RaftServerImpl.java:308)
	at java.util.stream.ForEachOps$ForEachOp$OfRef.accept(ForEachOps.java:183)
	at java.util.ArrayList$ArrayListSpliterator.forEachRemaining(ArrayList.java:1384)
	at java.util.stream.AbstractPipeline.copyInto(AbstractPipeline.java:482)
	at java.util.stream.ForEachOps$ForEachTask.compute(ForEachOps.java:290)
	at java.util.concurrent.CountedCompleter.exec(CountedCompleter.java:731)
	at java.util.concurrent.ForkJoinTask.doExec(ForkJoinTask.java:289)
	at java.util.concurrent.ForkJoinTask.doInvoke(ForkJoinTask.java:401)
	at java.util.concurrent.ForkJoinTask.invoke(ForkJoinTask.java:734)
	at java.util.stream.ForEachOps$ForEachOp.evaluateParallel(ForEachOps.java:159)
	at java.util.stream.ForEachOps$ForEachOp$OfRef.evaluateParallel(ForEachOps.java:173)
	at java.util.stream.AbstractPipeline.evaluate(AbstractPipeline.java:233)
	at java.util.stream.ReferencePipeline.forEach(ReferencePipeline.java:485)
	at java.util.stream.ReferencePipeline$Head.forEach(ReferencePipeline.java:650)
	at org.apache.ratis.server.impl.RaftServerProxy.start(RaftServerProxy.java:371)
	at org.apache.hadoop.ozone.om.ratis.OzoneManagerRatisServer.start(OzoneManagerRatisServer.java:524)
	at org.apache.hadoop.ozone.om.OzoneManager.start(OzoneManager.java:1311)
	at org.apache.hadoop.ozone.MiniOzoneClusterImpl$Builder.build(MiniOzoneClusterImpl.java:597)
	at org.apache.hadoop.ozone.MiniOzoneClusterProvider.lambda$createClusters$1(MiniOzoneClusterProvider.java:234)
	at java.lang.Thread.run(Thread.java:748)
2021-10-29 00:42:59,156 [Listener at 127.0.0.1/42415] INFO  server.RaftServer (RaftServerProxy.java:lambda$start$5(374)) - om1: start RPC server
2021-10-29 00:42:59,156 [Listener at 127.0.0.1/42415] INFO  server.GrpcService (GrpcService.java:startImpl(253)) - om1: GrpcService started, listening on 35123
2021-10-29 00:42:59,157 [Listener at 127.0.0.1/42415] INFO  om.OzoneManager (OzoneManager.java:start(1320)) - Version File has different layout version (0) than OM DB (null). That is expected if this OM has never been finalized to a newer layout version.
2021-10-29 00:42:59,157 [org.apache.ratis.util.JvmPauseMonitor$$Lambda$534/1173926218@5742aaa9] INFO  util.JvmPauseMonitor (JvmPauseMonitor.java:run(103)) - JvmPauseMonitor-om1: Started
2021-10-29 00:42:59,163 [Listener at 127.0.0.1/42415] INFO  http.BaseHttpServer (BaseHttpServer.java:newHttpServer2BuilderForOzone(209)) - Starting Web-server for ozoneManager at: http://0.0.0.0:0
2021-10-29 00:42:59,163 [Listener at 127.0.0.1/42415] INFO  http.BaseHttpServer (BaseHttpServer.java:<init>(107)) - Hadoop Security Enabled: false Ozone Security Enabled: false Ozone HTTP Security Enabled: false 
2021-10-29 00:42:59,164 [Listener at 127.0.0.1/42415] INFO  server.AuthenticationFilter (AuthenticationFilter.java:constructSecretProvider(240)) - Unable to initialize FileSignerSecretProvider, falling back to use random secrets.
2021-10-29 00:42:59,169 [Listener at 127.0.0.1/42415] WARN  http.HttpRequestLog (HttpRequestLog.java:getRequestLog(103)) - Jetty request log can only be enabled using Log4j
2021-10-29 00:42:59,170 [Listener at 127.0.0.1/42415] INFO  http.HttpServer2 (HttpServer2.java:addGlobalFilter(1030)) - Added global filter 'safety' (class=org.apache.hadoop.hdds.server.http.HttpServer2$QuotingInputFilter)
2021-10-29 00:42:59,171 [Listener at 127.0.0.1/42415] INFO  http.HttpServer2 (HttpServer2.java:addFilter(1006)) - Added filter static_user_filter (class=org.apache.hadoop.http.lib.StaticUserWebFilter$StaticUserFilter) to context ozoneManager
2021-10-29 00:42:59,171 [Listener at 127.0.0.1/42415] INFO  http.HttpServer2 (HttpServer2.java:addFilter(1014)) - Added filter static_user_filter (class=org.apache.hadoop.http.lib.StaticUserWebFilter$StaticUserFilter) to context static
2021-10-29 00:42:59,171 [Listener at 127.0.0.1/42415] INFO  http.HttpServer2 (HttpServer2.java:addFilter(1014)) - Added filter static_user_filter (class=org.apache.hadoop.http.lib.StaticUserWebFilter$StaticUserFilter) to context logs
2021-10-29 00:42:59,171 [Listener at 127.0.0.1/42415] INFO  http.HttpServer2 (HttpServer2.java:bindListener(1249)) - Jetty bound to port 36813
2021-10-29 00:42:59,171 [Listener at 127.0.0.1/42415] INFO  server.Server (Server.java:doStart(375)) - jetty-9.4.43.v20210629; built: 2021-06-30T11:07:22.254Z; git: 526006ecfa3af7f1a27ef3a288e2bef7ea9dd7e8; jvm 1.8.0_292-b10
2021-10-29 00:42:59,223 [ReplicationMonitor] INFO  container.ReplicationManager (ReplicationManager.java:processAll(371)) - Replication Monitor Thread took 0 milliseconds for processing 3 containers.
2021-10-29 00:42:59,233 [main] INFO  statemachine.DatanodeStateMachine (DatanodeStateMachine.java:stopDaemon(526)) - Ozone container server stopped.
2021-10-29 00:42:59,234 [Listener at 127.0.0.1/42415] INFO  server.session (DefaultSessionIdManager.java:doStart(334)) - DefaultSessionIdManager workerName=node0
2021-10-29 00:42:59,234 [Listener at 127.0.0.1/42415] INFO  server.session (DefaultSessionIdManager.java:doStart(339)) - No SessionScavenger set, using defaults
2021-10-29 00:42:59,239 [Listener at 127.0.0.1/42415] INFO  server.session (HouseKeeper.java:startScavenging(132)) - node0 Scavenging every 600000ms
2021-10-29 00:42:59,241 [Listener at 127.0.0.1/42415] INFO  handler.ContextHandler (ContextHandler.java:doStart(915)) - Started o.e.j.s.ServletContextHandler@39aceceb{logs,/logs,file:///home/runner/work/ozone/ozone/hadoop-ozone/integration-test/target/log,AVAILABLE}
2021-10-29 00:42:59,241 [Listener at 127.0.0.1/42415] INFO  handler.ContextHandler (ContextHandler.java:doStart(915)) - Started o.e.j.s.ServletContextHandler@69d2f533{static,/static,file:///home/runner/work/ozone/ozone/hadoop-ozone/integration-test/target/test-classes/webapps/static,AVAILABLE}
2021-10-29 00:42:59,245 [Listener at 127.0.0.1/42415] INFO  handler.ContextHandler (ContextHandler.java:doStart(915)) - Started o.e.j.w.WebAppContext@56c52f80{ozoneManager,/,file:///home/runner/work/ozone/ozone/hadoop-ozone/integration-test/target/test-classes/webapps/ozoneManager/,AVAILABLE}{file:/home/runner/work/ozone/ozone/hadoop-ozone/integration-test/target/test-classes/webapps/ozoneManager}
2021-10-29 00:42:59,254 [main] INFO  handler.ContextHandler (ContextHandler.java:doStop(1153)) - Stopped o.e.j.w.WebAppContext@2d7002f6{hddsDatanode,/,null,STOPPED}{jar:file:/home/runner/.m2/repository/org/apache/ozone/hdds-container-service/1.2.0-SNAPSHOT/hdds-container-service-1.2.0-SNAPSHOT.jar!/webapps/hddsDatanode}
2021-10-29 00:42:59,255 [Listener at 127.0.0.1/42415] INFO  server.AbstractConnector (AbstractConnector.java:doStart(331)) - Started ServerConnector@7ec8e6dd{HTTP/1.1, (http/1.1)}{0.0.0.0:36813}
2021-10-29 00:42:59,255 [Listener at 127.0.0.1/42415] INFO  server.Server (Server.java:doStart(415)) - Started @41172ms
2021-10-29 00:42:59,255 [Listener at 127.0.0.1/42415] WARN  impl.MetricsSystemImpl (MetricsSystemImpl.java:register(279)) - Sink prometheus already exists!
2021-10-29 00:42:59,256 [Listener at 127.0.0.1/42415] INFO  http.BaseHttpServer (BaseHttpServer.java:updateConnectorAddress(329)) - HTTP server of ozoneManager listening at http://0.0.0.0:36813
2021-10-29 00:42:59,256 [IPC Server Responder] INFO  ipc.Server (Server.java:run(1507)) - IPC Server Responder: starting
2021-10-29 00:42:59,256 [IPC Server listener on 0] INFO  ipc.Server (Server.java:run(1344)) - IPC Server listener on 0: starting
2021-10-29 00:42:59,259 [Listener at 127.0.0.1/42415] INFO  om.OzoneManager (OzoneManager.java:startTrashEmptier(1576)) - Trash Interval set to 0. Files deleted will not move to trash
2021-10-29 00:42:59,259 [main] INFO  server.AbstractConnector (AbstractConnector.java:doStop(381)) - Stopped ServerConnector@6122a18d{HTTP/1.1, (http/1.1)}{0.0.0.0:0}
2021-10-29 00:42:59,259 [main] INFO  server.session (HouseKeeper.java:stopScavenging(149)) - node0 Stopped scavenging
2021-10-29 00:42:59,267 [org.apache.hadoop.util.JvmPauseMonitor$Monitor@577e8748] INFO  util.JvmPauseMonitor (JvmPauseMonitor.java:run(188)) - Starting JVM pause monitor
2021-10-29 00:42:59,268 [main] INFO  handler.ContextHandler (ContextHandler.java:doStop(1153)) - Stopped o.e.j.s.ServletContextHandler@f8c4861{static,/static,jar:file:/home/runner/.m2/repository/org/apache/ozone/hdds-container-service/1.2.0-SNAPSHOT/hdds-container-service-1.2.0-SNAPSHOT.jar!/webapps/static,STOPPED}
2021-10-29 00:42:59,269 [main] INFO  handler.ContextHandler (ContextHandler.java:doStop(1153)) - Stopped o.e.j.s.ServletContextHandler@1d464e04{logs,/logs,file:///home/runner/work/ozone/ozone/hadoop-ozone/integration-test/target/log,STOPPED}
2021-10-29 00:42:59,282 [main] WARN  impl.MetricRegistriesImpl (MetricRegistriesImpl.java:addReporterRegistration(111)) - New reporters are added after registries were created. Some metrics will be missing from the reporter. Please add reporter before adding any new registry.
2021-10-29 00:42:59,285 [main] WARN  impl.MetricRegistriesImpl (MetricRegistriesImpl.java:addReporterRegistration(111)) - New reporters are added after registries were created. Some metrics will be missing from the reporter. Please add reporter before adding any new registry.
2021-10-29 00:42:59,285 [main] INFO  impl.MetricsSystemImpl (MetricsSystemImpl.java:init(158)) - HddsDatanode metrics system started (again)
2021-10-29 00:42:59,313 [Listener at 127.0.0.1/42415] WARN  impl.MetricRegistriesImpl (MetricRegistriesImpl.java:addReporterRegistration(111)) - New reporters are added after registries were created. Some metrics will be missing from the reporter. Please add reporter before adding any new registry.
2021-10-29 00:42:59,320 [Listener at 127.0.0.1/42415] WARN  impl.MetricRegistriesImpl (MetricRegistriesImpl.java:addReporterRegistration(111)) - New reporters are added after registries were created. Some metrics will be missing from the reporter. Please add reporter before adding any new registry.
2021-10-29 00:42:59,320 [Listener at 127.0.0.1/42415] INFO  impl.MetricsSystemImpl (MetricsSystemImpl.java:init(158)) - HddsDatanode metrics system started (again)
2021-10-29 00:42:59,372 [main] INFO  ozone.HddsDatanodeService (HddsDatanodeService.java:start(234)) - HddsDatanodeService host:fv-az291-161.wgnan5asplgejimfprtllbpdch.jx.internal.cloudapp.net ip:10.1.0.32
2021-10-29 00:42:59,377 [Listener at 127.0.0.1/42415] INFO  ozone.HddsDatanodeService (HddsDatanodeService.java:start(234)) - HddsDatanodeService host:fv-az291-161.wgnan5asplgejimfprtllbpdch.jx.internal.cloudapp.net ip:10.1.0.32
2021-10-29 00:42:59,413 [main] INFO  upgrade.AbstractLayoutVersionManager (AbstractLayoutVersionManager.java:init(79)) - Initializing Layout version manager with metadata layout = SCM_HA (version = 2), software layout = SCM_HA (version = 2)
2021-10-29 00:42:59,417 [Listener at 127.0.0.1/42415] INFO  upgrade.AbstractLayoutVersionManager (AbstractLayoutVersionManager.java:init(79)) - Initializing Layout version manager with metadata layout = SCM_HA (version = 2), software layout = SCM_HA (version = 2)
2021-10-29 00:42:59,425 [Mini-Cluster-Provider-Reap] INFO  ozone.MiniOzoneClusterImpl (MiniOzoneClusterImpl.java:shutdown(453)) - Shutting down the Mini Ozone Cluster
2021-10-29 00:42:59,426 [Mini-Cluster-Provider-Reap] INFO  ozone.MiniOzoneClusterImpl (MiniOzoneClusterImpl.java:stop(468)) - Stopping the Mini Ozone Cluster
2021-10-29 00:42:59,426 [Mini-Cluster-Provider-Reap] INFO  ozone.MiniOzoneClusterImpl (MiniOzoneClusterImpl.java:stopOM(550)) - Stopping the OzoneManager
2021-10-29 00:42:59,426 [Mini-Cluster-Provider-Reap] INFO  om.OzoneManager (OzoneManager.java:stop(1677)) - Stopping Ozone Manager
2021-10-29 00:42:59,430 [Mini-Cluster-Provider-Reap] INFO  ipc.Server (Server.java:stop(3414)) - Stopping server on 33257
2021-10-29 00:42:59,440 [IPC Server listener on 0] INFO  ipc.Server (Server.java:run(1376)) - Stopping IPC Server listener on 0
2021-10-29 00:42:59,440 [IPC Server Responder] INFO  ipc.Server (Server.java:run(1512)) - Stopping IPC Server Responder
2021-10-29 00:42:59,455 [Mini-Cluster-Provider-Reap] INFO  server.RaftServer (RaftServerProxy.java:lambda$close$6(391)) - om1: close
]]></system-out>
  </testcase>
  <testcase name="testContainerIsReplicatedWhenAllNodesGotoMaintenance" classname="org.apache.hadoop.ozone.scm.node.TestDecommissionAndMaintenance" time="22.696"/>
  <testcase name="testMaintenanceEndsAutomaticallyAtTimeout" classname="org.apache.hadoop.ozone.scm.node.TestDecommissionAndMaintenance" time="54.726"/>
  <testcase name="testSingleNodeWithOpenPipelineCanGotoMaintenance" classname="org.apache.hadoop.ozone.scm.node.TestDecommissionAndMaintenance" time="48.494"/>
  <testcase name="testSCMHandlesRestartForMaintenanceNode" classname="org.apache.hadoop.ozone.scm.node.TestDecommissionAndMaintenance" time="36.256"/>
  <testcase name="testStoppedDecommissionedNodeTakesSCMStateOnRestart" classname="org.apache.hadoop.ozone.scm.node.TestDecommissionAndMaintenance" time="41.296"/>
  <testcase name="testEnteringMaintenanceNodeCompletesAfterSCMRestart" classname="org.apache.hadoop.ozone.scm.node.TestDecommissionAndMaintenance" time="26.282"/>
  <testcase name="testDecommissioningNodesCompleteDecommissionOnSCMRestart" classname="org.apache.hadoop.ozone.scm.node.TestDecommissionAndMaintenance" time="28.385"/>
</testsuite>