<?xml version="1.0" encoding="UTF-8"?>
<testsuite xmlns:xsi="http://www.w3.org/2001/XMLSchema-instance" xsi:noNamespaceSchemaLocation="https://maven.apache.org/surefire/maven-surefire-plugin/xsd/surefire-test-report.xsd" name="org.apache.hadoop.ozone.om.TestOzoneManagerHAWithData" time="311.304" tests="12" errors="0" skipped="1" failures="1">
  <properties>
    <property name="awt.toolkit" value="sun.awt.X11.XToolkit"/>
    <property name="file.encoding.pkg" value="sun.io"/>
    <property name="java.specification.version" value="1.8"/>
    <property name="sun.cpu.isalist" value=""/>
    <property name="sun.jnu.encoding" value="ANSI_X3.4-1968"/>
    <property name="java.class.path" value="/github/workspace/mnt/ozone/hadoop-ozone/integration-test/target/test-classes:/github/workspace/mnt/ozone/hadoop-ozone/integration-test/target/classes:/home/user/.m2/repository/org/apache/hadoop/hadoop-ozone-common/0.6.0-SNAPSHOT/hadoop-ozone-common-0.6.0-SNAPSHOT.jar:/home/user/.m2/repository/org/apache/commons/commons-compress/1.4.1/commons-compress-1.4.1.jar:/home/user/.m2/repository/org/tukaani/xz/1.0/xz-1.0.jar:/home/user/.m2/repository/org/apache/hadoop/hadoop-hdds-common/0.6.0-SNAPSHOT/hadoop-hdds-common-0.6.0-SNAPSHOT.jar:/home/user/.m2/repository/org/apache/hadoop/hadoop-hdds-hadoop-dependency-client/0.6.0-SNAPSHOT/hadoop-hdds-hadoop-dependency-client-0.6.0-SNAPSHOT.jar:/home/user/.m2/repository/info/picocli/picocli/3.9.6/picocli-3.9.6.jar:/home/user/.m2/repository/com/fasterxml/jackson/core/jackson-annotations/2.10.3/jackson-annotations-2.10.3.jar:/home/user/.m2/repository/javax/annotation/javax.annotation-api/1.2/javax.annotation-api-1.2.jar:/home/user/.m2/repository/org/apache/ratis/ratis-server/0.6.0-6ab75ae-SNAPSHOT/ratis-server-0.6.0-6ab75ae-SNAPSHOT.jar:/home/user/.m2/repository/org/apache/ratis/ratis-client/0.6.0-6ab75ae-SNAPSHOT/ratis-client-0.6.0-6ab75ae-SNAPSHOT.jar:/home/user/.m2/repository/org/apache/ratis/ratis-metrics/0.6.0-6ab75ae-SNAPSHOT/ratis-metrics-0.6.0-6ab75ae-SNAPSHOT.jar:/home/user/.m2/repository/org/apache/ratis/ratis-netty/0.6.0-6ab75ae-SNAPSHOT/ratis-netty-0.6.0-6ab75ae-SNAPSHOT.jar:/home/user/.m2/repository/org/apache/ratis/ratis-grpc/0.6.0-6ab75ae-SNAPSHOT/ratis-grpc-0.6.0-6ab75ae-SNAPSHOT.jar:/home/user/.m2/repository/org/apache/logging/log4j/log4j-api/2.11.0/log4j-api-2.11.0.jar:/home/user/.m2/repository/org/apache/logging/log4j/log4j-core/2.11.0/log4j-core-2.11.0.jar:/home/user/.m2/repository/com/lmax/disruptor/3.4.2/disruptor-3.4.2.jar:/home/user/.m2/repository/org/apache/commons/commons-pool2/2.6.0/commons-pool2-2.6.0.jar:/home/user/.m2/repository/org/bouncycastle/bcpkix-jdk15on/1.60/bcpkix-jdk15on-1.60.jar:/home/user/.m2/repository/commons-validator/commons-validator/1.6/commons-validator-1.6.jar:/home/user/.m2/repository/commons-digester/commons-digester/1.8.1/commons-digester-1.8.1.jar:/home/user/.m2/repository/io/jaegertracing/jaeger-client/1.2.0/jaeger-client-1.2.0.jar:/home/user/.m2/repository/io/jaegertracing/jaeger-thrift/1.2.0/jaeger-thrift-1.2.0.jar:/home/user/.m2/repository/org/apache/thrift/libthrift/0.13.0/libthrift-0.13.0.jar:/home/user/.m2/repository/com/squareup/okhttp3/okhttp/4.2.2/okhttp-4.2.2.jar:/home/user/.m2/repository/com/squareup/okio/okio/2.2.2/okio-2.2.2.jar:/home/user/.m2/repository/org/jetbrains/kotlin/kotlin-stdlib/1.3.50/kotlin-stdlib-1.3.50.jar:/home/user/.m2/repository/org/jetbrains/kotlin/kotlin-stdlib-common/1.3.50/kotlin-stdlib-common-1.3.50.jar:/home/user/.m2/repository/org/jetbrains/annotations/13.0/annotations-13.0.jar:/home/user/.m2/repository/io/jaegertracing/jaeger-core/1.2.0/jaeger-core-1.2.0.jar:/home/user/.m2/repository/io/jaegertracing/jaeger-tracerresolver/1.2.0/jaeger-tracerresolver-1.2.0.jar:/home/user/.m2/repository/io/opentracing/contrib/opentracing-tracerresolver/0.1.8/opentracing-tracerresolver-0.1.8.jar:/home/user/.m2/repository/io/opentracing/opentracing-util/0.33.0/opentracing-util-0.33.0.jar:/home/user/.m2/repository/io/opentracing/opentracing-api/0.33.0/opentracing-api-0.33.0.jar:/home/user/.m2/repository/io/opentracing/opentracing-noop/0.33.0/opentracing-noop-0.33.0.jar:/home/user/.m2/repository/org/apache/hadoop/hadoop-hdds-client/0.6.0-SNAPSHOT/hadoop-hdds-client-0.6.0-SNAPSHOT.jar:/home/user/.m2/repository/org/apache/hadoop/hadoop-ozone-interface-client/0.6.0-SNAPSHOT/hadoop-ozone-interface-client-0.6.0-SNAPSHOT.jar:/home/user/.m2/repository/org/apache/hadoop/hadoop-hdds-test-utils/0.6.0-SNAPSHOT/hadoop-hdds-test-utils-0.6.0-SNAPSHOT.jar:/home/user/.m2/repository/com/google/guava/guava/28.2-jre/guava-28.2-jre.jar:/home/user/.m2/repository/com/google/guava/failureaccess/1.0.1/failureaccess-1.0.1.jar:/home/user/.m2/repository/com/google/guava/listenablefuture/9999.0-empty-to-avoid-conflict-with-guava/listenablefuture-9999.0-empty-to-avoid-conflict-with-guava.jar:/home/user/.m2/repository/com/google/code/findbugs/jsr305/3.0.0/jsr305-3.0.0.jar:/home/user/.m2/repository/org/checkerframework/checker-qual/2.10.0/checker-qual-2.10.0.jar:/home/user/.m2/repository/com/google/errorprone/error_prone_annotations/2.2.0/error_prone_annotations-2.2.0.jar:/home/user/.m2/repository/com/google/j2objc/j2objc-annotations/1.3/j2objc-annotations-1.3.jar:/home/user/.m2/repository/commons-io/commons-io/2.5/commons-io-2.5.jar:/home/user/.m2/repository/commons-logging/commons-logging/1.2/commons-logging-1.2.jar:/home/user/.m2/repository/log4j/log4j/1.2.17/log4j-1.2.17.jar:/home/user/.m2/repository/org/slf4j/slf4j-api/1.7.25/slf4j-api-1.7.25.jar:/home/user/.m2/repository/org/apache/hadoop/hadoop-hdds-server-scm/0.6.0-SNAPSHOT/hadoop-hdds-server-scm-0.6.0-SNAPSHOT.jar:/home/user/.m2/repository/org/apache/hadoop/hadoop-hdds-container-service/0.6.0-SNAPSHOT/hadoop-hdds-container-service-0.6.0-SNAPSHOT.jar:/home/user/.m2/repository/org/apache/hadoop/hadoop-hdds-hadoop-dependency-server/0.6.0-SNAPSHOT/hadoop-hdds-hadoop-dependency-server-0.6.0-SNAPSHOT.jar:/home/user/.m2/repository/org/apache/hadoop/hadoop-hdds-server-framework/0.6.0-SNAPSHOT/hadoop-hdds-server-framework-0.6.0-SNAPSHOT.jar:/home/user/.m2/repository/org/apache/hadoop/hadoop-hdds-interface-server/0.6.0-SNAPSHOT/hadoop-hdds-interface-server-0.6.0-SNAPSHOT.jar:/home/user/.m2/repository/org/apache/hadoop/hadoop-hdds-interface-admin/0.6.0-SNAPSHOT/hadoop-hdds-interface-admin-0.6.0-SNAPSHOT.jar:/home/user/.m2/repository/org/rocksdb/rocksdbjni/6.8.1/rocksdbjni-6.8.1.jar:/home/user/.m2/repository/io/prometheus/simpleclient_dropwizard/0.7.0/simpleclient_dropwizard-0.7.0.jar:/home/user/.m2/repository/io/prometheus/simpleclient/0.7.0/simpleclient-0.7.0.jar:/home/user/.m2/repository/io/prometheus/simpleclient_common/0.7.0/simpleclient_common-0.7.0.jar:/home/user/.m2/repository/com/fasterxml/jackson/datatype/jackson-datatype-jsr310/2.10.3/jackson-datatype-jsr310-2.10.3.jar:/home/user/.m2/repository/org/apache/hadoop/hadoop-hdds-docs/0.6.0-SNAPSHOT/hadoop-hdds-docs-0.6.0-SNAPSHOT.jar:/home/user/.m2/repository/io/dropwizard/metrics/metrics-core/3.2.4/metrics-core-3.2.4.jar:/home/user/.m2/repository/org/apache/hadoop/hadoop-hdfs-client/3.2.1/hadoop-hdfs-client-3.2.1.jar:/home/user/.m2/repository/org/bouncycastle/bcprov-jdk15on/1.60/bcprov-jdk15on-1.60.jar:/home/user/.m2/repository/org/apache/hadoop/hadoop-ozone-ozone-manager/0.6.0-SNAPSHOT/hadoop-ozone-ozone-manager-0.6.0-SNAPSHOT.jar:/home/user/.m2/repository/org/apache/hadoop/hadoop-hdds-interface-client/0.6.0-SNAPSHOT/hadoop-hdds-interface-client-0.6.0-SNAPSHOT.jar:/home/user/.m2/repository/org/apache/ratis/ratis-thirdparty-misc/0.4.0/ratis-thirdparty-misc-0.4.0.jar:/home/user/.m2/repository/org/apache/hadoop/hadoop-minikdc/3.2.1/hadoop-minikdc-3.2.1.jar:/home/user/.m2/repository/org/apache/kerby/kerb-simplekdc/1.0.1/kerb-simplekdc-1.0.1.jar:/home/user/.m2/repository/org/apache/kerby/kerb-client/1.0.1/kerb-client-1.0.1.jar:/home/user/.m2/repository/org/apache/kerby/kerby-config/1.0.1/kerby-config-1.0.1.jar:/home/user/.m2/repository/org/apache/kerby/kerb-core/1.0.1/kerb-core-1.0.1.jar:/home/user/.m2/repository/org/apache/kerby/kerby-pkix/1.0.1/kerby-pkix-1.0.1.jar:/home/user/.m2/repository/org/apache/kerby/kerby-asn1/1.0.1/kerby-asn1-1.0.1.jar:/home/user/.m2/repository/org/apache/kerby/kerby-util/1.0.1/kerby-util-1.0.1.jar:/home/user/.m2/repository/org/apache/kerby/kerb-common/1.0.1/kerb-common-1.0.1.jar:/home/user/.m2/repository/org/apache/kerby/kerb-crypto/1.0.1/kerb-crypto-1.0.1.jar:/home/user/.m2/repository/org/apache/kerby/kerb-util/1.0.1/kerb-util-1.0.1.jar:/home/user/.m2/repository/org/apache/kerby/token-provider/1.0.1/token-provider-1.0.1.jar:/home/user/.m2/repository/org/apache/kerby/kerb-admin/1.0.1/kerb-admin-1.0.1.jar:/home/user/.m2/repository/org/apache/kerby/kerb-server/1.0.1/kerb-server-1.0.1.jar:/home/user/.m2/repository/org/apache/kerby/kerb-identity/1.0.1/kerb-identity-1.0.1.jar:/home/user/.m2/repository/org/apache/kerby/kerby-xdr/1.0.1/kerby-xdr-1.0.1.jar:/home/user/.m2/repository/org/slf4j/slf4j-log4j12/1.7.25/slf4j-log4j12-1.7.25.jar:/home/user/.m2/repository/org/apache/hadoop/hadoop-ozone-s3gateway/0.6.0-SNAPSHOT/hadoop-ozone-s3gateway-0.6.0-SNAPSHOT.jar:/home/user/.m2/repository/org/jboss/weld/servlet/weld-servlet/2.4.7.Final/weld-servlet-2.4.7.Final.jar:/home/user/.m2/repository/org/glassfish/jersey/containers/jersey-container-servlet-core/2.27/jersey-container-servlet-core-2.27.jar:/home/user/.m2/repository/org/glassfish/hk2/external/javax.inject/2.5.0-b42/javax.inject-2.5.0-b42.jar:/home/user/.m2/repository/org/glassfish/jersey/core/jersey-common/2.27/jersey-common-2.27.jar:/home/user/.m2/repository/org/glassfish/hk2/osgi-resource-locator/1.0.1/osgi-resource-locator-1.0.1.jar:/home/user/.m2/repository/javax/ws/rs/javax.ws.rs-api/2.1/javax.ws.rs-api-2.1.jar:/home/user/.m2/repository/org/glassfish/jersey/ext/cdi/jersey-cdi1x/2.27/jersey-cdi1x-2.27.jar:/home/user/.m2/repository/org/glassfish/jersey/inject/jersey-hk2/2.27/jersey-hk2-2.27.jar:/home/user/.m2/repository/org/glassfish/hk2/hk2-locator/2.5.0-b42/hk2-locator-2.5.0-b42.jar:/home/user/.m2/repository/org/javassist/javassist/3.22.0-CR2/javassist-3.22.0-CR2.jar:/home/user/.m2/repository/org/glassfish/hk2/hk2-api/2.5.0/hk2-api-2.5.0.jar:/home/user/.m2/repository/org/glassfish/hk2/external/jakarta.inject/2.5.0/jakarta.inject-2.5.0.jar:/home/user/.m2/repository/org/glassfish/hk2/hk2-utils/2.5.0/hk2-utils-2.5.0.jar:/home/user/.m2/repository/jakarta/annotation/jakarta.annotation-api/1.3.4/jakarta.annotation-api-1.3.4.jar:/home/user/.m2/repository/org/glassfish/hk2/external/aopalliance-repackaged/2.5.0/aopalliance-repackaged-2.5.0.jar:/home/user/.m2/repository/com/fasterxml/jackson/dataformat/jackson-dataformat-xml/2.10.3/jackson-dataformat-xml-2.10.3.jar:/home/user/.m2/repository/com/fasterxml/jackson/core/jackson-core/2.10.3/jackson-core-2.10.3.jar:/home/user/.m2/repository/com/fasterxml/jackson/module/jackson-module-jaxb-annotations/2.10.3/jackson-module-jaxb-annotations-2.10.3.jar:/home/user/.m2/repository/jakarta/xml/bind/jakarta.xml.bind-api/2.3.2/jakarta.xml.bind-api-2.3.2.jar:/home/user/.m2/repository/jakarta/activation/jakarta.activation-api/1.2.1/jakarta.activation-api-1.2.1.jar:/home/user/.m2/repository/org/codehaus/woodstox/stax2-api/3.1.4/stax2-api-3.1.4.jar:/home/user/.m2/repository/com/fasterxml/woodstox/woodstox-core/5.0.3/woodstox-core-5.0.3.jar:/home/user/.m2/repository/javax/enterprise/cdi-api/1.2/cdi-api-1.2.jar:/home/user/.m2/repository/javax/el/javax.el-api/3.0.0/javax.el-api-3.0.0.jar:/home/user/.m2/repository/javax/interceptor/javax.interceptor-api/1.2/javax.interceptor-api-1.2.jar:/home/user/.m2/repository/javax/inject/javax.inject/1/javax.inject-1.jar:/home/user/.m2/repository/com/sun/xml/bind/jaxb-impl/2.3.0.1/jaxb-impl-2.3.0.1.jar:/home/user/.m2/repository/com/sun/xml/bind/jaxb-core/2.3.0.1/jaxb-core-2.3.0.1.jar:/home/user/.m2/repository/javax/xml/bind/jaxb-api/2.3.0/jaxb-api-2.3.0.jar:/home/user/.m2/repository/javax/activation/activation/1.1.1/activation-1.1.1.jar:/home/user/.m2/repository/org/apache/hadoop/hadoop-ozone-csi/0.6.0-SNAPSHOT/hadoop-ozone-csi-0.6.0-SNAPSHOT.jar:/home/user/.m2/repository/com/google/protobuf/protobuf-java-util/3.11.0/protobuf-java-util-3.11.0.jar:/home/user/.m2/repository/com/google/code/gson/gson/2.2.4/gson-2.2.4.jar:/home/user/.m2/repository/org/apache/hadoop/hadoop-hdds-config/0.6.0-SNAPSHOT/hadoop-hdds-config-0.6.0-SNAPSHOT.jar:/home/user/.m2/repository/com/google/protobuf/protobuf-java/2.5.0/protobuf-java-2.5.0.jar:/home/user/.m2/repository/io/grpc/grpc-netty/1.29.0/grpc-netty-1.29.0.jar:/home/user/.m2/repository/io/grpc/grpc-core/1.29.0/grpc-core-1.29.0.jar:/home/user/.m2/repository/com/google/android/annotations/4.1.1.4/annotations-4.1.1.4.jar:/home/user/.m2/repository/io/perfmark/perfmark-api/0.19.0/perfmark-api-0.19.0.jar:/home/user/.m2/repository/io/netty/netty-codec-http2/4.1.48.Final/netty-codec-http2-4.1.48.Final.jar:/home/user/.m2/repository/io/netty/netty-codec/4.1.48.Final/netty-codec-4.1.48.Final.jar:/home/user/.m2/repository/io/netty/netty-handler/4.1.48.Final/netty-handler-4.1.48.Final.jar:/home/user/.m2/repository/io/netty/netty-codec-http/4.1.48.Final/netty-codec-http-4.1.48.Final.jar:/home/user/.m2/repository/io/netty/netty-handler-proxy/4.1.48.Final/netty-handler-proxy-4.1.48.Final.jar:/home/user/.m2/repository/io/netty/netty-codec-socks/4.1.48.Final/netty-codec-socks-4.1.48.Final.jar:/home/user/.m2/repository/io/netty/netty-transport-native-epoll/4.1.48.Final/netty-transport-native-epoll-4.1.48.Final.jar:/home/user/.m2/repository/io/netty/netty-common/4.1.48.Final/netty-common-4.1.48.Final.jar:/home/user/.m2/repository/io/netty/netty-buffer/4.1.48.Final/netty-buffer-4.1.48.Final.jar:/home/user/.m2/repository/io/netty/netty-transport/4.1.48.Final/netty-transport-4.1.48.Final.jar:/home/user/.m2/repository/io/netty/netty-resolver/4.1.48.Final/netty-resolver-4.1.48.Final.jar:/home/user/.m2/repository/io/netty/netty-transport-native-unix-common/4.1.48.Final/netty-transport-native-unix-common-4.1.48.Final.jar:/home/user/.m2/repository/io/grpc/grpc-protobuf/1.29.0/grpc-protobuf-1.29.0.jar:/home/user/.m2/repository/io/grpc/grpc-api/1.29.0/grpc-api-1.29.0.jar:/home/user/.m2/repository/io/grpc/grpc-context/1.29.0/grpc-context-1.29.0.jar:/home/user/.m2/repository/org/codehaus/mojo/animal-sniffer-annotations/1.18/animal-sniffer-annotations-1.18.jar:/home/user/.m2/repository/com/google/api/grpc/proto-google-common-protos/1.17.0/proto-google-common-protos-1.17.0.jar:/home/user/.m2/repository/io/grpc/grpc-protobuf-lite/1.29.0/grpc-protobuf-lite-1.29.0.jar:/home/user/.m2/repository/io/grpc/grpc-stub/1.29.0/grpc-stub-1.29.0.jar:/home/user/.m2/repository/org/apache/hadoop/hadoop-ozone-recon/0.6.0-SNAPSHOT/hadoop-ozone-recon-0.6.0-SNAPSHOT.jar:/home/user/.m2/repository/org/apache/hadoop/hadoop-ozone-reconcodegen/0.6.0-SNAPSHOT/hadoop-ozone-reconcodegen-0.6.0-SNAPSHOT.jar:/home/user/.m2/repository/com/google/inject/extensions/guice-multibindings/4.0/guice-multibindings-4.0.jar:/home/user/.m2/repository/com/google/inject/guice/4.0/guice-4.0.jar:/home/user/.m2/repository/aopalliance/aopalliance/1.0/aopalliance-1.0.jar:/home/user/.m2/repository/com/google/inject/extensions/guice-assistedinject/4.0/guice-assistedinject-4.0.jar:/home/user/.m2/repository/com/google/inject/extensions/guice-servlet/4.0/guice-servlet-4.0.jar:/home/user/.m2/repository/org/glassfish/jersey/containers/jersey-container-servlet/2.27/jersey-container-servlet-2.27.jar:/home/user/.m2/repository/org/glassfish/hk2/guice-bridge/2.5.0/guice-bridge-2.5.0.jar:/home/user/.m2/repository/org/glassfish/jersey/core/jersey-server/2.27/jersey-server-2.27.jar:/home/user/.m2/repository/org/glassfish/jersey/core/jersey-client/2.27/jersey-client-2.27.jar:/home/user/.m2/repository/org/glassfish/jersey/media/jersey-media-jaxb/2.27/jersey-media-jaxb-2.27.jar:/home/user/.m2/repository/javax/validation/validation-api/1.1.0.Final/validation-api-1.1.0.Final.jar:/home/user/.m2/repository/org/glassfish/jersey/media/jersey-media-json-jackson/2.27/jersey-media-json-jackson-2.27.jar:/home/user/.m2/repository/org/glassfish/jersey/ext/jersey-entity-filtering/2.27/jersey-entity-filtering-2.27.jar:/home/user/.m2/repository/org/jooq/jooq/3.11.10/jooq-3.11.10.jar:/home/user/.m2/repository/org/jooq/jooq-meta/3.11.10/jooq-meta-3.11.10.jar:/home/user/.m2/repository/org/jooq/jooq-codegen/3.11.10/jooq-codegen-3.11.10.jar:/home/user/.m2/repository/com/jolbox/bonecp/0.8.0.RELEASE/bonecp-0.8.0.RELEASE.jar:/home/user/.m2/repository/org/apache/derby/derby/10.14.2.0/derby-10.14.2.0.jar:/home/user/.m2/repository/org/xerial/sqlite-jdbc/3.25.2/sqlite-jdbc-3.25.2.jar:/home/user/.m2/repository/org/springframework/spring-jdbc/5.2.5.RELEASE/spring-jdbc-5.2.5.RELEASE.jar:/home/user/.m2/repository/org/springframework/spring-beans/5.2.5.RELEASE/spring-beans-5.2.5.RELEASE.jar:/home/user/.m2/repository/org/springframework/spring-core/5.2.5.RELEASE/spring-core-5.2.5.RELEASE.jar:/home/user/.m2/repository/org/springframework/spring-jcl/5.2.5.RELEASE/spring-jcl-5.2.5.RELEASE.jar:/home/user/.m2/repository/org/springframework/spring-tx/5.2.5.RELEASE/spring-tx-5.2.5.RELEASE.jar:/home/user/.m2/repository/org/apache/hadoop/hadoop-ozone-client/0.6.0-SNAPSHOT/hadoop-ozone-client-0.6.0-SNAPSHOT.jar:/home/user/.m2/repository/org/apache/hadoop/hadoop-ozone-filesystem/0.6.0-SNAPSHOT/hadoop-ozone-filesystem-0.6.0-SNAPSHOT.jar:/home/user/.m2/repository/org/apache/hadoop/hadoop-ozone-filesystem-common/0.6.0-SNAPSHOT/hadoop-ozone-filesystem-common-0.6.0-SNAPSHOT.jar:/home/user/.m2/repository/org/apache/hadoop/hadoop-ozone-tools/0.6.0-SNAPSHOT/hadoop-ozone-tools-0.6.0-SNAPSHOT.jar:/home/user/.m2/repository/org/apache/hadoop/hadoop-hdfs/3.2.1/hadoop-hdfs-3.2.1.jar:/home/user/.m2/repository/org/apache/ratis/ratis-tools/0.6.0-6ab75ae-SNAPSHOT/ratis-tools-0.6.0-6ab75ae-SNAPSHOT.jar:/home/user/.m2/repository/org/apache/ratis/ratis-proto/0.6.0-6ab75ae-SNAPSHOT/ratis-proto-0.6.0-6ab75ae-SNAPSHOT.jar:/home/user/.m2/repository/org/apache/ratis/ratis-common/0.6.0-6ab75ae-SNAPSHOT/ratis-common-0.6.0-6ab75ae-SNAPSHOT.jar:/home/user/.m2/repository/com/amazonaws/aws-java-sdk-core/1.11.615/aws-java-sdk-core-1.11.615.jar:/home/user/.m2/repository/org/apache/httpcomponents/httpclient/4.5.2/httpclient-4.5.2.jar:/home/user/.m2/repository/org/apache/httpcomponents/httpcore/4.4.4/httpcore-4.4.4.jar:/home/user/.m2/repository/software/amazon/ion/ion-java/1.0.2/ion-java-1.0.2.jar:/home/user/.m2/repository/com/fasterxml/jackson/dataformat/jackson-dataformat-cbor/2.10.3/jackson-dataformat-cbor-2.10.3.jar:/home/user/.m2/repository/joda-time/joda-time/2.8.1/joda-time-2.8.1.jar:/home/user/.m2/repository/com/amazonaws/aws-java-sdk-s3/1.11.615/aws-java-sdk-s3-1.11.615.jar:/home/user/.m2/repository/com/amazonaws/aws-java-sdk-kms/1.11.615/aws-java-sdk-kms-1.11.615.jar:/home/user/.m2/repository/com/amazonaws/jmespath-java/1.11.615/jmespath-java-1.11.615.jar:/home/user/.m2/repository/org/apache/hadoop/hadoop-hdds-tools/0.6.0-SNAPSHOT/hadoop-hdds-tools-0.6.0-SNAPSHOT.jar:/home/user/.m2/repository/commons-cli/commons-cli/1.2/commons-cli-1.2.jar:/home/user/.m2/repository/org/apache/commons/commons-lang3/3.7/commons-lang3-3.7.jar:/home/user/.m2/repository/org/apache/hadoop/hadoop-ozone-ozone-manager/0.6.0-SNAPSHOT/hadoop-ozone-ozone-manager-0.6.0-SNAPSHOT-tests.jar:/home/user/.m2/repository/junit/junit/4.11/junit-4.11.jar:/home/user/.m2/repository/org/hamcrest/hamcrest-core/1.3/hamcrest-core-1.3.jar:/home/user/.m2/repository/org/openjdk/jmh/jmh-core/1.19/jmh-core-1.19.jar:/home/user/.m2/repository/net/sf/jopt-simple/jopt-simple/4.6/jopt-simple-4.6.jar:/home/user/.m2/repository/org/apache/commons/commons-math3/3.1.1/commons-math3-3.1.1.jar:/home/user/.m2/repository/org/openjdk/jmh/jmh-generator-annprocess/1.19/jmh-generator-annprocess-1.19.jar:/home/user/.m2/repository/org/mockito/mockito-all/1.8.5/mockito-all-1.8.5.jar:/home/user/.m2/repository/org/apache/hadoop/hadoop-kms/3.2.1/hadoop-kms-3.2.1.jar:/home/user/.m2/repository/org/apache/hadoop/hadoop-auth/3.2.1/hadoop-auth-3.2.1.jar:/home/user/.m2/repository/com/nimbusds/nimbus-jose-jwt/7.9/nimbus-jose-jwt-7.9.jar:/home/user/.m2/repository/com/github/stephenc/jcip/jcip-annotations/1.0-1/jcip-annotations-1.0-1.jar:/home/user/.m2/repository/net/minidev/json-smart/2.3/json-smart-2.3.jar:/home/user/.m2/repository/net/minidev/accessors-smart/1.2/accessors-smart-1.2.jar:/home/user/.m2/repository/org/ow2/asm/asm/5.0.4/asm-5.0.4.jar:/home/user/.m2/repository/org/apache/zookeeper/zookeeper/3.4.13/zookeeper-3.4.13.jar:/home/user/.m2/repository/org/apache/yetus/audience-annotations/0.5.0/audience-annotations-0.5.0.jar:/home/user/.m2/repository/org/apache/curator/curator-framework/2.13.0/curator-framework-2.13.0.jar:/home/user/.m2/repository/com/sun/jersey/jersey-core/1.19/jersey-core-1.19.jar:/home/user/.m2/repository/javax/ws/rs/jsr311-api/1.1.1/jsr311-api-1.1.1.jar:/home/user/.m2/repository/com/sun/jersey/jersey-server/1.19/jersey-server-1.19.jar:/home/user/.m2/repository/javax/servlet/javax.servlet-api/3.1.0/javax.servlet-api-3.1.0.jar:/home/user/.m2/repository/org/eclipse/jetty/jetty-server/9.4.26.v20200117/jetty-server-9.4.26.v20200117.jar:/home/user/.m2/repository/org/eclipse/jetty/jetty-http/9.4.26.v20200117/jetty-http-9.4.26.v20200117.jar:/home/user/.m2/repository/org/eclipse/jetty/jetty-io/9.4.26.v20200117/jetty-io-9.4.26.v20200117.jar:/home/user/.m2/repository/org/eclipse/jetty/jetty-webapp/9.4.26.v20200117/jetty-webapp-9.4.26.v20200117.jar:/home/user/.m2/repository/org/eclipse/jetty/jetty-xml/9.4.26.v20200117/jetty-xml-9.4.26.v20200117.jar:/home/user/.m2/repository/org/eclipse/jetty/jetty-servlet/9.4.26.v20200117/jetty-servlet-9.4.26.v20200117.jar:/home/user/.m2/repository/org/eclipse/jetty/jetty-security/9.4.26.v20200117/jetty-security-9.4.26.v20200117.jar:/home/user/.m2/repository/org/apache/hadoop/hadoop-common/3.2.1/hadoop-common-3.2.1.jar:/home/user/.m2/repository/commons-net/commons-net/3.6/commons-net-3.6.jar:/home/user/.m2/repository/commons-collections/commons-collections/3.2.2/commons-collections-3.2.2.jar:/home/user/.m2/repository/com/sun/jersey/jersey-servlet/1.19/jersey-servlet-1.19.jar:/home/user/.m2/repository/com/sun/jersey/jersey-json/1.19/jersey-json-1.19.jar:/home/user/.m2/repository/org/codehaus/jettison/jettison/1.1/jettison-1.1.jar:/home/user/.m2/repository/org/codehaus/jackson/jackson-jaxrs/1.9.2/jackson-jaxrs-1.9.2.jar:/home/user/.m2/repository/org/codehaus/jackson/jackson-xc/1.9.2/jackson-xc-1.9.2.jar:/home/user/.m2/repository/commons-beanutils/commons-beanutils/1.9.4/commons-beanutils-1.9.4.jar:/home/user/.m2/repository/org/apache/commons/commons-configuration2/2.1.1/commons-configuration2-2.1.1.jar:/home/user/.m2/repository/org/apache/commons/commons-text/1.4/commons-text-1.4.jar:/home/user/.m2/repository/com/google/re2j/re2j/1.1/re2j-1.1.jar:/home/user/.m2/repository/com/jcraft/jsch/0.1.54/jsch-0.1.54.jar:/home/user/.m2/repository/org/apache/curator/curator-client/2.13.0/curator-client-2.13.0.jar:/home/user/.m2/repository/org/apache/curator/curator-recipes/2.13.0/curator-recipes-2.13.0.jar:/home/user/.m2/repository/dnsjava/dnsjava/2.1.7/dnsjava-2.1.7.jar:/home/user/.m2/repository/org/slf4j/jul-to-slf4j/1.7.25/jul-to-slf4j-1.7.25.jar:/home/user/.m2/repository/org/eclipse/jetty/jetty-util/9.4.26.v20200117/jetty-util-9.4.26.v20200117.jar:/home/user/.m2/repository/com/fasterxml/jackson/core/jackson-databind/2.10.3/jackson-databind-2.10.3.jar:/home/user/.m2/repository/org/apache/hadoop/hadoop-kms/3.2.1/hadoop-kms-3.2.1-tests.jar:/home/user/.m2/repository/org/apache/hadoop/hadoop-hdds-server-scm/0.6.0-SNAPSHOT/hadoop-hdds-server-scm-0.6.0-SNAPSHOT-tests.jar:/home/user/.m2/repository/org/apache/hadoop/hadoop-hdds-container-service/0.6.0-SNAPSHOT/hadoop-hdds-container-service-0.6.0-SNAPSHOT-tests.jar:/home/user/.m2/repository/org/apache/hadoop/hadoop-hdds-common/0.6.0-SNAPSHOT/hadoop-hdds-common-0.6.0-SNAPSHOT-tests.jar:/home/user/.m2/repository/org/yaml/snakeyaml/1.16/snakeyaml-1.16.jar:/home/user/.m2/repository/org/apache/hadoop/hadoop-hdds-hadoop-dependency-test/0.6.0-SNAPSHOT/hadoop-hdds-hadoop-dependency-test-0.6.0-SNAPSHOT.jar:/home/user/.m2/repository/org/apache/hadoop/hadoop-common/3.2.1/hadoop-common-3.2.1-tests.jar:/home/user/.m2/repository/javax/servlet/jsp/jsp-api/2.1/jsp-api-2.1.jar:/home/user/.m2/repository/org/apache/hadoop/hadoop-hdfs/3.2.1/hadoop-hdfs-3.2.1-tests.jar:/home/user/.m2/repository/org/eclipse/jetty/jetty-util-ajax/9.4.26.v20200117/jetty-util-ajax-9.4.26.v20200117.jar:/home/user/.m2/repository/commons-codec/commons-codec/1.11/commons-codec-1.11.jar:/home/user/.m2/repository/commons-daemon/commons-daemon/1.0.13/commons-daemon-1.0.13.jar:/home/user/.m2/repository/io/netty/netty/3.10.5.Final/netty-3.10.5.Final.jar:/home/user/.m2/repository/io/netty/netty-all/4.1.48.Final/netty-all-4.1.48.Final.jar:/home/user/.m2/repository/org/apache/htrace/htrace-core4/4.1.0-incubating/htrace-core4-4.1.0-incubating.jar:/home/user/.m2/repository/org/fusesource/leveldbjni/leveldbjni-all/1.8/leveldbjni-all-1.8.jar:/home/user/.m2/repository/org/apache/hadoop/hadoop-distcp/3.2.1/hadoop-distcp-3.2.1.jar:/home/user/.m2/repository/org/apache/hadoop/hadoop-mapreduce-client-jobclient/3.2.1/hadoop-mapreduce-client-jobclient-3.2.1.jar:/home/user/.m2/repository/org/apache/hadoop/hadoop-mapreduce-client-common/3.2.1/hadoop-mapreduce-client-common-3.2.1.jar:/home/user/.m2/repository/org/apache/hadoop/hadoop-yarn-common/3.2.1/hadoop-yarn-common-3.2.1.jar:/home/user/.m2/repository/org/apache/hadoop/hadoop-yarn-api/3.2.1/hadoop-yarn-api-3.2.1.jar:/home/user/.m2/repository/com/sun/jersey/jersey-client/1.19/jersey-client-1.19.jar:/home/user/.m2/repository/com/sun/jersey/contribs/jersey-guice/1.19/jersey-guice-1.19.jar:/home/user/.m2/repository/com/fasterxml/jackson/jaxrs/jackson-jaxrs-json-provider/2.10.3/jackson-jaxrs-json-provider-2.10.3.jar:/home/user/.m2/repository/com/fasterxml/jackson/jaxrs/jackson-jaxrs-base/2.10.3/jackson-jaxrs-base-2.10.3.jar:/home/user/.m2/repository/org/apache/hadoop/hadoop-yarn-client/3.2.1/hadoop-yarn-client-3.2.1.jar:/home/user/.m2/repository/org/apache/hadoop/hadoop-mapreduce-client-core/3.2.1/hadoop-mapreduce-client-core-3.2.1.jar:/home/user/.m2/repository/org/apache/avro/avro/1.7.7/avro-1.7.7.jar:/home/user/.m2/repository/org/codehaus/jackson/jackson-core-asl/1.9.13/jackson-core-asl-1.9.13.jar:/home/user/.m2/repository/org/codehaus/jackson/jackson-mapper-asl/1.9.13/jackson-mapper-asl-1.9.13.jar:/home/user/.m2/repository/com/thoughtworks/paranamer/paranamer/2.3/paranamer-2.3.jar:/home/user/.m2/repository/org/xerial/snappy/snappy-java/1.0.5/snappy-java-1.0.5.jar:/home/user/.m2/repository/org/apache/hadoop/hadoop-annotations/3.2.1/hadoop-annotations-3.2.1.jar:/usr/lib/jvm/java-1.8.0-openjdk-1.8.0.232.b09-0.el7_7.x86_64/jre/../lib/tools.jar:/home/user/.m2/repository/org/apache/hadoop/hadoop-distcp/3.2.1/hadoop-distcp-3.2.1-tests.jar:"/>
    <property name="java.vm.vendor" value="Oracle Corporation"/>
    <property name="sun.arch.data.model" value="64"/>
    <property name="test.build.dir" value="/github/workspace/mnt/ozone/hadoop-ozone/integration-test/target/test-dir"/>
    <property name="test.cache.data" value=""/>
    <property name="java.vendor.url" value="http://java.oracle.com/"/>
    <property name="user.timezone" value=""/>
    <property name="java.vm.specification.version" value="1.8"/>
    <property name="os.name" value="Linux"/>
    <property name="test.build.data" value="/github/workspace/mnt/ozone/hadoop-ozone/integration-test/target/test-dir"/>
    <property name="user.country" value="US"/>
    <property name="sun.java.launcher" value="SUN_STANDARD"/>
    <property name="sun.boot.library.path" value="/usr/lib/jvm/java-1.8.0-openjdk-1.8.0.232.b09-0.el7_7.x86_64/jre/lib/amd64"/>
    <property name="sun.java.command" value="/github/workspace/mnt/ozone/hadoop-ozone/integration-test/target/surefire/surefirebooter577948051851993432.jar /github/workspace/mnt/ozone/hadoop-ozone/integration-test/target/surefire 2020-07-01T12-55-38_974-jvmRun1 surefire1917670825025353270tmp surefire_244121337357362786592tmp"/>
    <property name="surefire.test.class.path" value="/github/workspace/mnt/ozone/hadoop-ozone/integration-test/target/test-classes:/github/workspace/mnt/ozone/hadoop-ozone/integration-test/target/classes:/home/user/.m2/repository/org/apache/hadoop/hadoop-ozone-common/0.6.0-SNAPSHOT/hadoop-ozone-common-0.6.0-SNAPSHOT.jar:/home/user/.m2/repository/org/apache/commons/commons-compress/1.4.1/commons-compress-1.4.1.jar:/home/user/.m2/repository/org/tukaani/xz/1.0/xz-1.0.jar:/home/user/.m2/repository/org/apache/hadoop/hadoop-hdds-common/0.6.0-SNAPSHOT/hadoop-hdds-common-0.6.0-SNAPSHOT.jar:/home/user/.m2/repository/org/apache/hadoop/hadoop-hdds-hadoop-dependency-client/0.6.0-SNAPSHOT/hadoop-hdds-hadoop-dependency-client-0.6.0-SNAPSHOT.jar:/home/user/.m2/repository/info/picocli/picocli/3.9.6/picocli-3.9.6.jar:/home/user/.m2/repository/com/fasterxml/jackson/core/jackson-annotations/2.10.3/jackson-annotations-2.10.3.jar:/home/user/.m2/repository/javax/annotation/javax.annotation-api/1.2/javax.annotation-api-1.2.jar:/home/user/.m2/repository/org/apache/ratis/ratis-server/0.6.0-6ab75ae-SNAPSHOT/ratis-server-0.6.0-6ab75ae-SNAPSHOT.jar:/home/user/.m2/repository/org/apache/ratis/ratis-client/0.6.0-6ab75ae-SNAPSHOT/ratis-client-0.6.0-6ab75ae-SNAPSHOT.jar:/home/user/.m2/repository/org/apache/ratis/ratis-metrics/0.6.0-6ab75ae-SNAPSHOT/ratis-metrics-0.6.0-6ab75ae-SNAPSHOT.jar:/home/user/.m2/repository/org/apache/ratis/ratis-netty/0.6.0-6ab75ae-SNAPSHOT/ratis-netty-0.6.0-6ab75ae-SNAPSHOT.jar:/home/user/.m2/repository/org/apache/ratis/ratis-grpc/0.6.0-6ab75ae-SNAPSHOT/ratis-grpc-0.6.0-6ab75ae-SNAPSHOT.jar:/home/user/.m2/repository/org/apache/logging/log4j/log4j-api/2.11.0/log4j-api-2.11.0.jar:/home/user/.m2/repository/org/apache/logging/log4j/log4j-core/2.11.0/log4j-core-2.11.0.jar:/home/user/.m2/repository/com/lmax/disruptor/3.4.2/disruptor-3.4.2.jar:/home/user/.m2/repository/org/apache/commons/commons-pool2/2.6.0/commons-pool2-2.6.0.jar:/home/user/.m2/repository/org/bouncycastle/bcpkix-jdk15on/1.60/bcpkix-jdk15on-1.60.jar:/home/user/.m2/repository/commons-validator/commons-validator/1.6/commons-validator-1.6.jar:/home/user/.m2/repository/commons-digester/commons-digester/1.8.1/commons-digester-1.8.1.jar:/home/user/.m2/repository/io/jaegertracing/jaeger-client/1.2.0/jaeger-client-1.2.0.jar:/home/user/.m2/repository/io/jaegertracing/jaeger-thrift/1.2.0/jaeger-thrift-1.2.0.jar:/home/user/.m2/repository/org/apache/thrift/libthrift/0.13.0/libthrift-0.13.0.jar:/home/user/.m2/repository/com/squareup/okhttp3/okhttp/4.2.2/okhttp-4.2.2.jar:/home/user/.m2/repository/com/squareup/okio/okio/2.2.2/okio-2.2.2.jar:/home/user/.m2/repository/org/jetbrains/kotlin/kotlin-stdlib/1.3.50/kotlin-stdlib-1.3.50.jar:/home/user/.m2/repository/org/jetbrains/kotlin/kotlin-stdlib-common/1.3.50/kotlin-stdlib-common-1.3.50.jar:/home/user/.m2/repository/org/jetbrains/annotations/13.0/annotations-13.0.jar:/home/user/.m2/repository/io/jaegertracing/jaeger-core/1.2.0/jaeger-core-1.2.0.jar:/home/user/.m2/repository/io/jaegertracing/jaeger-tracerresolver/1.2.0/jaeger-tracerresolver-1.2.0.jar:/home/user/.m2/repository/io/opentracing/contrib/opentracing-tracerresolver/0.1.8/opentracing-tracerresolver-0.1.8.jar:/home/user/.m2/repository/io/opentracing/opentracing-util/0.33.0/opentracing-util-0.33.0.jar:/home/user/.m2/repository/io/opentracing/opentracing-api/0.33.0/opentracing-api-0.33.0.jar:/home/user/.m2/repository/io/opentracing/opentracing-noop/0.33.0/opentracing-noop-0.33.0.jar:/home/user/.m2/repository/org/apache/hadoop/hadoop-hdds-client/0.6.0-SNAPSHOT/hadoop-hdds-client-0.6.0-SNAPSHOT.jar:/home/user/.m2/repository/org/apache/hadoop/hadoop-ozone-interface-client/0.6.0-SNAPSHOT/hadoop-ozone-interface-client-0.6.0-SNAPSHOT.jar:/home/user/.m2/repository/org/apache/hadoop/hadoop-hdds-test-utils/0.6.0-SNAPSHOT/hadoop-hdds-test-utils-0.6.0-SNAPSHOT.jar:/home/user/.m2/repository/com/google/guava/guava/28.2-jre/guava-28.2-jre.jar:/home/user/.m2/repository/com/google/guava/failureaccess/1.0.1/failureaccess-1.0.1.jar:/home/user/.m2/repository/com/google/guava/listenablefuture/9999.0-empty-to-avoid-conflict-with-guava/listenablefuture-9999.0-empty-to-avoid-conflict-with-guava.jar:/home/user/.m2/repository/com/google/code/findbugs/jsr305/3.0.0/jsr305-3.0.0.jar:/home/user/.m2/repository/org/checkerframework/checker-qual/2.10.0/checker-qual-2.10.0.jar:/home/user/.m2/repository/com/google/errorprone/error_prone_annotations/2.2.0/error_prone_annotations-2.2.0.jar:/home/user/.m2/repository/com/google/j2objc/j2objc-annotations/1.3/j2objc-annotations-1.3.jar:/home/user/.m2/repository/commons-io/commons-io/2.5/commons-io-2.5.jar:/home/user/.m2/repository/commons-logging/commons-logging/1.2/commons-logging-1.2.jar:/home/user/.m2/repository/log4j/log4j/1.2.17/log4j-1.2.17.jar:/home/user/.m2/repository/org/slf4j/slf4j-api/1.7.25/slf4j-api-1.7.25.jar:/home/user/.m2/repository/org/apache/hadoop/hadoop-hdds-server-scm/0.6.0-SNAPSHOT/hadoop-hdds-server-scm-0.6.0-SNAPSHOT.jar:/home/user/.m2/repository/org/apache/hadoop/hadoop-hdds-container-service/0.6.0-SNAPSHOT/hadoop-hdds-container-service-0.6.0-SNAPSHOT.jar:/home/user/.m2/repository/org/apache/hadoop/hadoop-hdds-hadoop-dependency-server/0.6.0-SNAPSHOT/hadoop-hdds-hadoop-dependency-server-0.6.0-SNAPSHOT.jar:/home/user/.m2/repository/org/apache/hadoop/hadoop-hdds-server-framework/0.6.0-SNAPSHOT/hadoop-hdds-server-framework-0.6.0-SNAPSHOT.jar:/home/user/.m2/repository/org/apache/hadoop/hadoop-hdds-interface-server/0.6.0-SNAPSHOT/hadoop-hdds-interface-server-0.6.0-SNAPSHOT.jar:/home/user/.m2/repository/org/apache/hadoop/hadoop-hdds-interface-admin/0.6.0-SNAPSHOT/hadoop-hdds-interface-admin-0.6.0-SNAPSHOT.jar:/home/user/.m2/repository/org/rocksdb/rocksdbjni/6.8.1/rocksdbjni-6.8.1.jar:/home/user/.m2/repository/io/prometheus/simpleclient_dropwizard/0.7.0/simpleclient_dropwizard-0.7.0.jar:/home/user/.m2/repository/io/prometheus/simpleclient/0.7.0/simpleclient-0.7.0.jar:/home/user/.m2/repository/io/prometheus/simpleclient_common/0.7.0/simpleclient_common-0.7.0.jar:/home/user/.m2/repository/com/fasterxml/jackson/datatype/jackson-datatype-jsr310/2.10.3/jackson-datatype-jsr310-2.10.3.jar:/home/user/.m2/repository/org/apache/hadoop/hadoop-hdds-docs/0.6.0-SNAPSHOT/hadoop-hdds-docs-0.6.0-SNAPSHOT.jar:/home/user/.m2/repository/io/dropwizard/metrics/metrics-core/3.2.4/metrics-core-3.2.4.jar:/home/user/.m2/repository/org/apache/hadoop/hadoop-hdfs-client/3.2.1/hadoop-hdfs-client-3.2.1.jar:/home/user/.m2/repository/org/bouncycastle/bcprov-jdk15on/1.60/bcprov-jdk15on-1.60.jar:/home/user/.m2/repository/org/apache/hadoop/hadoop-ozone-ozone-manager/0.6.0-SNAPSHOT/hadoop-ozone-ozone-manager-0.6.0-SNAPSHOT.jar:/home/user/.m2/repository/org/apache/hadoop/hadoop-hdds-interface-client/0.6.0-SNAPSHOT/hadoop-hdds-interface-client-0.6.0-SNAPSHOT.jar:/home/user/.m2/repository/org/apache/ratis/ratis-thirdparty-misc/0.4.0/ratis-thirdparty-misc-0.4.0.jar:/home/user/.m2/repository/org/apache/hadoop/hadoop-minikdc/3.2.1/hadoop-minikdc-3.2.1.jar:/home/user/.m2/repository/org/apache/kerby/kerb-simplekdc/1.0.1/kerb-simplekdc-1.0.1.jar:/home/user/.m2/repository/org/apache/kerby/kerb-client/1.0.1/kerb-client-1.0.1.jar:/home/user/.m2/repository/org/apache/kerby/kerby-config/1.0.1/kerby-config-1.0.1.jar:/home/user/.m2/repository/org/apache/kerby/kerb-core/1.0.1/kerb-core-1.0.1.jar:/home/user/.m2/repository/org/apache/kerby/kerby-pkix/1.0.1/kerby-pkix-1.0.1.jar:/home/user/.m2/repository/org/apache/kerby/kerby-asn1/1.0.1/kerby-asn1-1.0.1.jar:/home/user/.m2/repository/org/apache/kerby/kerby-util/1.0.1/kerby-util-1.0.1.jar:/home/user/.m2/repository/org/apache/kerby/kerb-common/1.0.1/kerb-common-1.0.1.jar:/home/user/.m2/repository/org/apache/kerby/kerb-crypto/1.0.1/kerb-crypto-1.0.1.jar:/home/user/.m2/repository/org/apache/kerby/kerb-util/1.0.1/kerb-util-1.0.1.jar:/home/user/.m2/repository/org/apache/kerby/token-provider/1.0.1/token-provider-1.0.1.jar:/home/user/.m2/repository/org/apache/kerby/kerb-admin/1.0.1/kerb-admin-1.0.1.jar:/home/user/.m2/repository/org/apache/kerby/kerb-server/1.0.1/kerb-server-1.0.1.jar:/home/user/.m2/repository/org/apache/kerby/kerb-identity/1.0.1/kerb-identity-1.0.1.jar:/home/user/.m2/repository/org/apache/kerby/kerby-xdr/1.0.1/kerby-xdr-1.0.1.jar:/home/user/.m2/repository/org/slf4j/slf4j-log4j12/1.7.25/slf4j-log4j12-1.7.25.jar:/home/user/.m2/repository/org/apache/hadoop/hadoop-ozone-s3gateway/0.6.0-SNAPSHOT/hadoop-ozone-s3gateway-0.6.0-SNAPSHOT.jar:/home/user/.m2/repository/org/jboss/weld/servlet/weld-servlet/2.4.7.Final/weld-servlet-2.4.7.Final.jar:/home/user/.m2/repository/org/glassfish/jersey/containers/jersey-container-servlet-core/2.27/jersey-container-servlet-core-2.27.jar:/home/user/.m2/repository/org/glassfish/hk2/external/javax.inject/2.5.0-b42/javax.inject-2.5.0-b42.jar:/home/user/.m2/repository/org/glassfish/jersey/core/jersey-common/2.27/jersey-common-2.27.jar:/home/user/.m2/repository/org/glassfish/hk2/osgi-resource-locator/1.0.1/osgi-resource-locator-1.0.1.jar:/home/user/.m2/repository/javax/ws/rs/javax.ws.rs-api/2.1/javax.ws.rs-api-2.1.jar:/home/user/.m2/repository/org/glassfish/jersey/ext/cdi/jersey-cdi1x/2.27/jersey-cdi1x-2.27.jar:/home/user/.m2/repository/org/glassfish/jersey/inject/jersey-hk2/2.27/jersey-hk2-2.27.jar:/home/user/.m2/repository/org/glassfish/hk2/hk2-locator/2.5.0-b42/hk2-locator-2.5.0-b42.jar:/home/user/.m2/repository/org/javassist/javassist/3.22.0-CR2/javassist-3.22.0-CR2.jar:/home/user/.m2/repository/org/glassfish/hk2/hk2-api/2.5.0/hk2-api-2.5.0.jar:/home/user/.m2/repository/org/glassfish/hk2/external/jakarta.inject/2.5.0/jakarta.inject-2.5.0.jar:/home/user/.m2/repository/org/glassfish/hk2/hk2-utils/2.5.0/hk2-utils-2.5.0.jar:/home/user/.m2/repository/jakarta/annotation/jakarta.annotation-api/1.3.4/jakarta.annotation-api-1.3.4.jar:/home/user/.m2/repository/org/glassfish/hk2/external/aopalliance-repackaged/2.5.0/aopalliance-repackaged-2.5.0.jar:/home/user/.m2/repository/com/fasterxml/jackson/dataformat/jackson-dataformat-xml/2.10.3/jackson-dataformat-xml-2.10.3.jar:/home/user/.m2/repository/com/fasterxml/jackson/core/jackson-core/2.10.3/jackson-core-2.10.3.jar:/home/user/.m2/repository/com/fasterxml/jackson/module/jackson-module-jaxb-annotations/2.10.3/jackson-module-jaxb-annotations-2.10.3.jar:/home/user/.m2/repository/jakarta/xml/bind/jakarta.xml.bind-api/2.3.2/jakarta.xml.bind-api-2.3.2.jar:/home/user/.m2/repository/jakarta/activation/jakarta.activation-api/1.2.1/jakarta.activation-api-1.2.1.jar:/home/user/.m2/repository/org/codehaus/woodstox/stax2-api/3.1.4/stax2-api-3.1.4.jar:/home/user/.m2/repository/com/fasterxml/woodstox/woodstox-core/5.0.3/woodstox-core-5.0.3.jar:/home/user/.m2/repository/javax/enterprise/cdi-api/1.2/cdi-api-1.2.jar:/home/user/.m2/repository/javax/el/javax.el-api/3.0.0/javax.el-api-3.0.0.jar:/home/user/.m2/repository/javax/interceptor/javax.interceptor-api/1.2/javax.interceptor-api-1.2.jar:/home/user/.m2/repository/javax/inject/javax.inject/1/javax.inject-1.jar:/home/user/.m2/repository/com/sun/xml/bind/jaxb-impl/2.3.0.1/jaxb-impl-2.3.0.1.jar:/home/user/.m2/repository/com/sun/xml/bind/jaxb-core/2.3.0.1/jaxb-core-2.3.0.1.jar:/home/user/.m2/repository/javax/xml/bind/jaxb-api/2.3.0/jaxb-api-2.3.0.jar:/home/user/.m2/repository/javax/activation/activation/1.1.1/activation-1.1.1.jar:/home/user/.m2/repository/org/apache/hadoop/hadoop-ozone-csi/0.6.0-SNAPSHOT/hadoop-ozone-csi-0.6.0-SNAPSHOT.jar:/home/user/.m2/repository/com/google/protobuf/protobuf-java-util/3.11.0/protobuf-java-util-3.11.0.jar:/home/user/.m2/repository/com/google/code/gson/gson/2.2.4/gson-2.2.4.jar:/home/user/.m2/repository/org/apache/hadoop/hadoop-hdds-config/0.6.0-SNAPSHOT/hadoop-hdds-config-0.6.0-SNAPSHOT.jar:/home/user/.m2/repository/com/google/protobuf/protobuf-java/2.5.0/protobuf-java-2.5.0.jar:/home/user/.m2/repository/io/grpc/grpc-netty/1.29.0/grpc-netty-1.29.0.jar:/home/user/.m2/repository/io/grpc/grpc-core/1.29.0/grpc-core-1.29.0.jar:/home/user/.m2/repository/com/google/android/annotations/4.1.1.4/annotations-4.1.1.4.jar:/home/user/.m2/repository/io/perfmark/perfmark-api/0.19.0/perfmark-api-0.19.0.jar:/home/user/.m2/repository/io/netty/netty-codec-http2/4.1.48.Final/netty-codec-http2-4.1.48.Final.jar:/home/user/.m2/repository/io/netty/netty-codec/4.1.48.Final/netty-codec-4.1.48.Final.jar:/home/user/.m2/repository/io/netty/netty-handler/4.1.48.Final/netty-handler-4.1.48.Final.jar:/home/user/.m2/repository/io/netty/netty-codec-http/4.1.48.Final/netty-codec-http-4.1.48.Final.jar:/home/user/.m2/repository/io/netty/netty-handler-proxy/4.1.48.Final/netty-handler-proxy-4.1.48.Final.jar:/home/user/.m2/repository/io/netty/netty-codec-socks/4.1.48.Final/netty-codec-socks-4.1.48.Final.jar:/home/user/.m2/repository/io/netty/netty-transport-native-epoll/4.1.48.Final/netty-transport-native-epoll-4.1.48.Final.jar:/home/user/.m2/repository/io/netty/netty-common/4.1.48.Final/netty-common-4.1.48.Final.jar:/home/user/.m2/repository/io/netty/netty-buffer/4.1.48.Final/netty-buffer-4.1.48.Final.jar:/home/user/.m2/repository/io/netty/netty-transport/4.1.48.Final/netty-transport-4.1.48.Final.jar:/home/user/.m2/repository/io/netty/netty-resolver/4.1.48.Final/netty-resolver-4.1.48.Final.jar:/home/user/.m2/repository/io/netty/netty-transport-native-unix-common/4.1.48.Final/netty-transport-native-unix-common-4.1.48.Final.jar:/home/user/.m2/repository/io/grpc/grpc-protobuf/1.29.0/grpc-protobuf-1.29.0.jar:/home/user/.m2/repository/io/grpc/grpc-api/1.29.0/grpc-api-1.29.0.jar:/home/user/.m2/repository/io/grpc/grpc-context/1.29.0/grpc-context-1.29.0.jar:/home/user/.m2/repository/org/codehaus/mojo/animal-sniffer-annotations/1.18/animal-sniffer-annotations-1.18.jar:/home/user/.m2/repository/com/google/api/grpc/proto-google-common-protos/1.17.0/proto-google-common-protos-1.17.0.jar:/home/user/.m2/repository/io/grpc/grpc-protobuf-lite/1.29.0/grpc-protobuf-lite-1.29.0.jar:/home/user/.m2/repository/io/grpc/grpc-stub/1.29.0/grpc-stub-1.29.0.jar:/home/user/.m2/repository/org/apache/hadoop/hadoop-ozone-recon/0.6.0-SNAPSHOT/hadoop-ozone-recon-0.6.0-SNAPSHOT.jar:/home/user/.m2/repository/org/apache/hadoop/hadoop-ozone-reconcodegen/0.6.0-SNAPSHOT/hadoop-ozone-reconcodegen-0.6.0-SNAPSHOT.jar:/home/user/.m2/repository/com/google/inject/extensions/guice-multibindings/4.0/guice-multibindings-4.0.jar:/home/user/.m2/repository/com/google/inject/guice/4.0/guice-4.0.jar:/home/user/.m2/repository/aopalliance/aopalliance/1.0/aopalliance-1.0.jar:/home/user/.m2/repository/com/google/inject/extensions/guice-assistedinject/4.0/guice-assistedinject-4.0.jar:/home/user/.m2/repository/com/google/inject/extensions/guice-servlet/4.0/guice-servlet-4.0.jar:/home/user/.m2/repository/org/glassfish/jersey/containers/jersey-container-servlet/2.27/jersey-container-servlet-2.27.jar:/home/user/.m2/repository/org/glassfish/hk2/guice-bridge/2.5.0/guice-bridge-2.5.0.jar:/home/user/.m2/repository/org/glassfish/jersey/core/jersey-server/2.27/jersey-server-2.27.jar:/home/user/.m2/repository/org/glassfish/jersey/core/jersey-client/2.27/jersey-client-2.27.jar:/home/user/.m2/repository/org/glassfish/jersey/media/jersey-media-jaxb/2.27/jersey-media-jaxb-2.27.jar:/home/user/.m2/repository/javax/validation/validation-api/1.1.0.Final/validation-api-1.1.0.Final.jar:/home/user/.m2/repository/org/glassfish/jersey/media/jersey-media-json-jackson/2.27/jersey-media-json-jackson-2.27.jar:/home/user/.m2/repository/org/glassfish/jersey/ext/jersey-entity-filtering/2.27/jersey-entity-filtering-2.27.jar:/home/user/.m2/repository/org/jooq/jooq/3.11.10/jooq-3.11.10.jar:/home/user/.m2/repository/org/jooq/jooq-meta/3.11.10/jooq-meta-3.11.10.jar:/home/user/.m2/repository/org/jooq/jooq-codegen/3.11.10/jooq-codegen-3.11.10.jar:/home/user/.m2/repository/com/jolbox/bonecp/0.8.0.RELEASE/bonecp-0.8.0.RELEASE.jar:/home/user/.m2/repository/org/apache/derby/derby/10.14.2.0/derby-10.14.2.0.jar:/home/user/.m2/repository/org/xerial/sqlite-jdbc/3.25.2/sqlite-jdbc-3.25.2.jar:/home/user/.m2/repository/org/springframework/spring-jdbc/5.2.5.RELEASE/spring-jdbc-5.2.5.RELEASE.jar:/home/user/.m2/repository/org/springframework/spring-beans/5.2.5.RELEASE/spring-beans-5.2.5.RELEASE.jar:/home/user/.m2/repository/org/springframework/spring-core/5.2.5.RELEASE/spring-core-5.2.5.RELEASE.jar:/home/user/.m2/repository/org/springframework/spring-jcl/5.2.5.RELEASE/spring-jcl-5.2.5.RELEASE.jar:/home/user/.m2/repository/org/springframework/spring-tx/5.2.5.RELEASE/spring-tx-5.2.5.RELEASE.jar:/home/user/.m2/repository/org/apache/hadoop/hadoop-ozone-client/0.6.0-SNAPSHOT/hadoop-ozone-client-0.6.0-SNAPSHOT.jar:/home/user/.m2/repository/org/apache/hadoop/hadoop-ozone-filesystem/0.6.0-SNAPSHOT/hadoop-ozone-filesystem-0.6.0-SNAPSHOT.jar:/home/user/.m2/repository/org/apache/hadoop/hadoop-ozone-filesystem-common/0.6.0-SNAPSHOT/hadoop-ozone-filesystem-common-0.6.0-SNAPSHOT.jar:/home/user/.m2/repository/org/apache/hadoop/hadoop-ozone-tools/0.6.0-SNAPSHOT/hadoop-ozone-tools-0.6.0-SNAPSHOT.jar:/home/user/.m2/repository/org/apache/hadoop/hadoop-hdfs/3.2.1/hadoop-hdfs-3.2.1.jar:/home/user/.m2/repository/org/apache/ratis/ratis-tools/0.6.0-6ab75ae-SNAPSHOT/ratis-tools-0.6.0-6ab75ae-SNAPSHOT.jar:/home/user/.m2/repository/org/apache/ratis/ratis-proto/0.6.0-6ab75ae-SNAPSHOT/ratis-proto-0.6.0-6ab75ae-SNAPSHOT.jar:/home/user/.m2/repository/org/apache/ratis/ratis-common/0.6.0-6ab75ae-SNAPSHOT/ratis-common-0.6.0-6ab75ae-SNAPSHOT.jar:/home/user/.m2/repository/com/amazonaws/aws-java-sdk-core/1.11.615/aws-java-sdk-core-1.11.615.jar:/home/user/.m2/repository/org/apache/httpcomponents/httpclient/4.5.2/httpclient-4.5.2.jar:/home/user/.m2/repository/org/apache/httpcomponents/httpcore/4.4.4/httpcore-4.4.4.jar:/home/user/.m2/repository/software/amazon/ion/ion-java/1.0.2/ion-java-1.0.2.jar:/home/user/.m2/repository/com/fasterxml/jackson/dataformat/jackson-dataformat-cbor/2.10.3/jackson-dataformat-cbor-2.10.3.jar:/home/user/.m2/repository/joda-time/joda-time/2.8.1/joda-time-2.8.1.jar:/home/user/.m2/repository/com/amazonaws/aws-java-sdk-s3/1.11.615/aws-java-sdk-s3-1.11.615.jar:/home/user/.m2/repository/com/amazonaws/aws-java-sdk-kms/1.11.615/aws-java-sdk-kms-1.11.615.jar:/home/user/.m2/repository/com/amazonaws/jmespath-java/1.11.615/jmespath-java-1.11.615.jar:/home/user/.m2/repository/org/apache/hadoop/hadoop-hdds-tools/0.6.0-SNAPSHOT/hadoop-hdds-tools-0.6.0-SNAPSHOT.jar:/home/user/.m2/repository/commons-cli/commons-cli/1.2/commons-cli-1.2.jar:/home/user/.m2/repository/org/apache/commons/commons-lang3/3.7/commons-lang3-3.7.jar:/home/user/.m2/repository/org/apache/hadoop/hadoop-ozone-ozone-manager/0.6.0-SNAPSHOT/hadoop-ozone-ozone-manager-0.6.0-SNAPSHOT-tests.jar:/home/user/.m2/repository/junit/junit/4.11/junit-4.11.jar:/home/user/.m2/repository/org/hamcrest/hamcrest-core/1.3/hamcrest-core-1.3.jar:/home/user/.m2/repository/org/openjdk/jmh/jmh-core/1.19/jmh-core-1.19.jar:/home/user/.m2/repository/net/sf/jopt-simple/jopt-simple/4.6/jopt-simple-4.6.jar:/home/user/.m2/repository/org/apache/commons/commons-math3/3.1.1/commons-math3-3.1.1.jar:/home/user/.m2/repository/org/openjdk/jmh/jmh-generator-annprocess/1.19/jmh-generator-annprocess-1.19.jar:/home/user/.m2/repository/org/mockito/mockito-all/1.8.5/mockito-all-1.8.5.jar:/home/user/.m2/repository/org/apache/hadoop/hadoop-kms/3.2.1/hadoop-kms-3.2.1.jar:/home/user/.m2/repository/org/apache/hadoop/hadoop-auth/3.2.1/hadoop-auth-3.2.1.jar:/home/user/.m2/repository/com/nimbusds/nimbus-jose-jwt/7.9/nimbus-jose-jwt-7.9.jar:/home/user/.m2/repository/com/github/stephenc/jcip/jcip-annotations/1.0-1/jcip-annotations-1.0-1.jar:/home/user/.m2/repository/net/minidev/json-smart/2.3/json-smart-2.3.jar:/home/user/.m2/repository/net/minidev/accessors-smart/1.2/accessors-smart-1.2.jar:/home/user/.m2/repository/org/ow2/asm/asm/5.0.4/asm-5.0.4.jar:/home/user/.m2/repository/org/apache/zookeeper/zookeeper/3.4.13/zookeeper-3.4.13.jar:/home/user/.m2/repository/org/apache/yetus/audience-annotations/0.5.0/audience-annotations-0.5.0.jar:/home/user/.m2/repository/org/apache/curator/curator-framework/2.13.0/curator-framework-2.13.0.jar:/home/user/.m2/repository/com/sun/jersey/jersey-core/1.19/jersey-core-1.19.jar:/home/user/.m2/repository/javax/ws/rs/jsr311-api/1.1.1/jsr311-api-1.1.1.jar:/home/user/.m2/repository/com/sun/jersey/jersey-server/1.19/jersey-server-1.19.jar:/home/user/.m2/repository/javax/servlet/javax.servlet-api/3.1.0/javax.servlet-api-3.1.0.jar:/home/user/.m2/repository/org/eclipse/jetty/jetty-server/9.4.26.v20200117/jetty-server-9.4.26.v20200117.jar:/home/user/.m2/repository/org/eclipse/jetty/jetty-http/9.4.26.v20200117/jetty-http-9.4.26.v20200117.jar:/home/user/.m2/repository/org/eclipse/jetty/jetty-io/9.4.26.v20200117/jetty-io-9.4.26.v20200117.jar:/home/user/.m2/repository/org/eclipse/jetty/jetty-webapp/9.4.26.v20200117/jetty-webapp-9.4.26.v20200117.jar:/home/user/.m2/repository/org/eclipse/jetty/jetty-xml/9.4.26.v20200117/jetty-xml-9.4.26.v20200117.jar:/home/user/.m2/repository/org/eclipse/jetty/jetty-servlet/9.4.26.v20200117/jetty-servlet-9.4.26.v20200117.jar:/home/user/.m2/repository/org/eclipse/jetty/jetty-security/9.4.26.v20200117/jetty-security-9.4.26.v20200117.jar:/home/user/.m2/repository/org/apache/hadoop/hadoop-common/3.2.1/hadoop-common-3.2.1.jar:/home/user/.m2/repository/commons-net/commons-net/3.6/commons-net-3.6.jar:/home/user/.m2/repository/commons-collections/commons-collections/3.2.2/commons-collections-3.2.2.jar:/home/user/.m2/repository/com/sun/jersey/jersey-servlet/1.19/jersey-servlet-1.19.jar:/home/user/.m2/repository/com/sun/jersey/jersey-json/1.19/jersey-json-1.19.jar:/home/user/.m2/repository/org/codehaus/jettison/jettison/1.1/jettison-1.1.jar:/home/user/.m2/repository/org/codehaus/jackson/jackson-jaxrs/1.9.2/jackson-jaxrs-1.9.2.jar:/home/user/.m2/repository/org/codehaus/jackson/jackson-xc/1.9.2/jackson-xc-1.9.2.jar:/home/user/.m2/repository/commons-beanutils/commons-beanutils/1.9.4/commons-beanutils-1.9.4.jar:/home/user/.m2/repository/org/apache/commons/commons-configuration2/2.1.1/commons-configuration2-2.1.1.jar:/home/user/.m2/repository/org/apache/commons/commons-text/1.4/commons-text-1.4.jar:/home/user/.m2/repository/com/google/re2j/re2j/1.1/re2j-1.1.jar:/home/user/.m2/repository/com/jcraft/jsch/0.1.54/jsch-0.1.54.jar:/home/user/.m2/repository/org/apache/curator/curator-client/2.13.0/curator-client-2.13.0.jar:/home/user/.m2/repository/org/apache/curator/curator-recipes/2.13.0/curator-recipes-2.13.0.jar:/home/user/.m2/repository/dnsjava/dnsjava/2.1.7/dnsjava-2.1.7.jar:/home/user/.m2/repository/org/slf4j/jul-to-slf4j/1.7.25/jul-to-slf4j-1.7.25.jar:/home/user/.m2/repository/org/eclipse/jetty/jetty-util/9.4.26.v20200117/jetty-util-9.4.26.v20200117.jar:/home/user/.m2/repository/com/fasterxml/jackson/core/jackson-databind/2.10.3/jackson-databind-2.10.3.jar:/home/user/.m2/repository/org/apache/hadoop/hadoop-kms/3.2.1/hadoop-kms-3.2.1-tests.jar:/home/user/.m2/repository/org/apache/hadoop/hadoop-hdds-server-scm/0.6.0-SNAPSHOT/hadoop-hdds-server-scm-0.6.0-SNAPSHOT-tests.jar:/home/user/.m2/repository/org/apache/hadoop/hadoop-hdds-container-service/0.6.0-SNAPSHOT/hadoop-hdds-container-service-0.6.0-SNAPSHOT-tests.jar:/home/user/.m2/repository/org/apache/hadoop/hadoop-hdds-common/0.6.0-SNAPSHOT/hadoop-hdds-common-0.6.0-SNAPSHOT-tests.jar:/home/user/.m2/repository/org/yaml/snakeyaml/1.16/snakeyaml-1.16.jar:/home/user/.m2/repository/org/apache/hadoop/hadoop-hdds-hadoop-dependency-test/0.6.0-SNAPSHOT/hadoop-hdds-hadoop-dependency-test-0.6.0-SNAPSHOT.jar:/home/user/.m2/repository/org/apache/hadoop/hadoop-common/3.2.1/hadoop-common-3.2.1-tests.jar:/home/user/.m2/repository/javax/servlet/jsp/jsp-api/2.1/jsp-api-2.1.jar:/home/user/.m2/repository/org/apache/hadoop/hadoop-hdfs/3.2.1/hadoop-hdfs-3.2.1-tests.jar:/home/user/.m2/repository/org/eclipse/jetty/jetty-util-ajax/9.4.26.v20200117/jetty-util-ajax-9.4.26.v20200117.jar:/home/user/.m2/repository/commons-codec/commons-codec/1.11/commons-codec-1.11.jar:/home/user/.m2/repository/commons-daemon/commons-daemon/1.0.13/commons-daemon-1.0.13.jar:/home/user/.m2/repository/io/netty/netty/3.10.5.Final/netty-3.10.5.Final.jar:/home/user/.m2/repository/io/netty/netty-all/4.1.48.Final/netty-all-4.1.48.Final.jar:/home/user/.m2/repository/org/apache/htrace/htrace-core4/4.1.0-incubating/htrace-core4-4.1.0-incubating.jar:/home/user/.m2/repository/org/fusesource/leveldbjni/leveldbjni-all/1.8/leveldbjni-all-1.8.jar:/home/user/.m2/repository/org/apache/hadoop/hadoop-distcp/3.2.1/hadoop-distcp-3.2.1.jar:/home/user/.m2/repository/org/apache/hadoop/hadoop-mapreduce-client-jobclient/3.2.1/hadoop-mapreduce-client-jobclient-3.2.1.jar:/home/user/.m2/repository/org/apache/hadoop/hadoop-mapreduce-client-common/3.2.1/hadoop-mapreduce-client-common-3.2.1.jar:/home/user/.m2/repository/org/apache/hadoop/hadoop-yarn-common/3.2.1/hadoop-yarn-common-3.2.1.jar:/home/user/.m2/repository/org/apache/hadoop/hadoop-yarn-api/3.2.1/hadoop-yarn-api-3.2.1.jar:/home/user/.m2/repository/com/sun/jersey/jersey-client/1.19/jersey-client-1.19.jar:/home/user/.m2/repository/com/sun/jersey/contribs/jersey-guice/1.19/jersey-guice-1.19.jar:/home/user/.m2/repository/com/fasterxml/jackson/jaxrs/jackson-jaxrs-json-provider/2.10.3/jackson-jaxrs-json-provider-2.10.3.jar:/home/user/.m2/repository/com/fasterxml/jackson/jaxrs/jackson-jaxrs-base/2.10.3/jackson-jaxrs-base-2.10.3.jar:/home/user/.m2/repository/org/apache/hadoop/hadoop-yarn-client/3.2.1/hadoop-yarn-client-3.2.1.jar:/home/user/.m2/repository/org/apache/hadoop/hadoop-mapreduce-client-core/3.2.1/hadoop-mapreduce-client-core-3.2.1.jar:/home/user/.m2/repository/org/apache/avro/avro/1.7.7/avro-1.7.7.jar:/home/user/.m2/repository/org/codehaus/jackson/jackson-core-asl/1.9.13/jackson-core-asl-1.9.13.jar:/home/user/.m2/repository/org/codehaus/jackson/jackson-mapper-asl/1.9.13/jackson-mapper-asl-1.9.13.jar:/home/user/.m2/repository/com/thoughtworks/paranamer/paranamer/2.3/paranamer-2.3.jar:/home/user/.m2/repository/org/xerial/snappy/snappy-java/1.0.5/snappy-java-1.0.5.jar:/home/user/.m2/repository/org/apache/hadoop/hadoop-annotations/3.2.1/hadoop-annotations-3.2.1.jar:/usr/lib/jvm/java-1.8.0-openjdk-1.8.0.232.b09-0.el7_7.x86_64/jre/../lib/tools.jar:/home/user/.m2/repository/org/apache/hadoop/hadoop-distcp/3.2.1/hadoop-distcp-3.2.1-tests.jar:"/>
    <property name="sun.cpu.endian" value="little"/>
    <property name="user.home" value="/home/user"/>
    <property name="user.language" value="en"/>
    <property name="java.specification.vendor" value="Oracle Corporation"/>
    <property name="java.home" value="/usr/lib/jvm/java-1.8.0-openjdk-1.8.0.232.b09-0.el7_7.x86_64/jre"/>
    <property name="java.security.krb5.conf" value="/github/workspace/mnt/ozone/hadoop-ozone/integration-test/target/test-classes/krb5.conf"/>
    <property name="basedir" value="/github/workspace/mnt/ozone/hadoop-ozone/integration-test"/>
    <property name="file.separator" value="/"/>
    <property name="line.separator" value="&#10;"/>
    <property name="java.vm.specification.vendor" value="Oracle Corporation"/>
    <property name="java.specification.name" value="Java Platform API Specification"/>
    <property name="java.awt.graphicsenv" value="sun.awt.X11GraphicsEnvironment"/>
    <property name="skip.installnpx" value="true"/>
    <property name="surefire.real.class.path" value="/github/workspace/mnt/ozone/hadoop-ozone/integration-test/target/surefire/surefirebooter577948051851993432.jar:/home/user/.m2/repository/org/jacoco/org.jacoco.agent/0.8.5/org.jacoco.agent-0.8.5-runtime.jar"/>
    <property name="hadoop.log.dir" value="/github/workspace/mnt/ozone/hadoop-ozone/integration-test/target/log"/>
    <property name="sun.boot.class.path" value="/usr/lib/jvm/java-1.8.0-openjdk-1.8.0.232.b09-0.el7_7.x86_64/jre/lib/resources.jar:/usr/lib/jvm/java-1.8.0-openjdk-1.8.0.232.b09-0.el7_7.x86_64/jre/lib/rt.jar:/usr/lib/jvm/java-1.8.0-openjdk-1.8.0.232.b09-0.el7_7.x86_64/jre/lib/sunrsasign.jar:/usr/lib/jvm/java-1.8.0-openjdk-1.8.0.232.b09-0.el7_7.x86_64/jre/lib/jsse.jar:/usr/lib/jvm/java-1.8.0-openjdk-1.8.0.232.b09-0.el7_7.x86_64/jre/lib/jce.jar:/usr/lib/jvm/java-1.8.0-openjdk-1.8.0.232.b09-0.el7_7.x86_64/jre/lib/charsets.jar:/usr/lib/jvm/java-1.8.0-openjdk-1.8.0.232.b09-0.el7_7.x86_64/jre/lib/jfr.jar:/usr/lib/jvm/java-1.8.0-openjdk-1.8.0.232.b09-0.el7_7.x86_64/jre/classes"/>
    <property name="sun.management.compiler" value="HotSpot 64-Bit Tiered Compilers"/>
    <property name="skip.npx" value="true"/>
    <property name="java.runtime.version" value="1.8.0_232-b09"/>
    <property name="java.net.preferIPv4Stack" value="true"/>
    <property name="user.name" value="jenkins1001"/>
    <property name="path.separator" value=":"/>
    <property name="java.security.egd" value="file:///dev/urandom"/>
    <property name="os.version" value="5.3.0-1031-azure"/>
    <property name="java.endorsed.dirs" value="/usr/lib/jvm/java-1.8.0-openjdk-1.8.0.232.b09-0.el7_7.x86_64/jre/lib/endorsed"/>
    <property name="java.runtime.name" value="OpenJDK Runtime Environment"/>
    <property name="file.encoding" value="ANSI_X3.4-1968"/>
    <property name="java.vm.name" value="OpenJDK 64-Bit Server VM"/>
    <property name="test.build.webapps" value=""/>
    <property name="localRepository" value="/home/user/.m2/repository"/>
    <property name="java.vendor.url.bug" value="http://bugreport.sun.com/bugreport/"/>
    <property name="java.io.tmpdir" value="/tmp"/>
    <property name="require.test.libhadoop" value=""/>
    <property name="java.version" value="1.8.0_232"/>
    <property name="user.dir" value="/github/workspace/mnt/ozone/hadoop-ozone/integration-test"/>
    <property name="os.arch" value="amd64"/>
    <property name="java.vm.specification.name" value="Java Virtual Machine Specification"/>
    <property name="test.build.classes" value="/github/workspace/mnt/ozone/hadoop-ozone/integration-test/target/test-classes"/>
    <property name="java.awt.printerjob" value="sun.print.PSPrinterJob"/>
    <property name="sun.os.patch.level" value="unknown"/>
    <property name="hadoop.tmp.dir" value="/github/workspace/mnt/ozone/hadoop-ozone/integration-test/target/tmp"/>
    <property name="java.library.path" value="/usr/lib:/usr/java/packages/lib/amd64:/usr/lib64:/lib64:/lib:/usr/lib"/>
    <property name="java.vm.info" value="mixed mode"/>
    <property name="java.vendor" value="Oracle Corporation"/>
    <property name="java.vm.version" value="25.232-b09"/>
    <property name="java.ext.dirs" value="/usr/lib/jvm/java-1.8.0-openjdk-1.8.0.232.b09-0.el7_7.x86_64/jre/lib/ext:/usr/java/packages/lib/ext"/>
    <property name="sun.io.unicode.encoding" value="UnicodeLittle"/>
    <property name="java.class.version" value="52.0"/>
  </properties>
  <testcase name="testMultipartUpload" classname="org.apache.hadoop.ozone.om.TestOzoneManagerHAWithData" time="28.79"/>
  <testcase name="testOMRatisSnapshot" classname="org.apache.hadoop.ozone.om.TestOzoneManagerHAWithData" time="25.147"/>
  <testcase name="testFileOperationsWithRecursive" classname="org.apache.hadoop.ozone.om.TestOzoneManagerHAWithData" time="24.437"/>
  <testcase name="testMultipartUploadWithOneOmNodeDown" classname="org.apache.hadoop.ozone.om.TestOzoneManagerHAWithData" time="27.347"/>
  <testcase name="testKeysDelete" classname="org.apache.hadoop.ozone.om.TestOzoneManagerHAWithData" time="30.271">
    <failure message="testFilesDelete" type="java.lang.AssertionError">java.lang.AssertionError: testFilesDelete
	at org.junit.Assert.fail(Assert.java:88)
	at org.apache.hadoop.ozone.om.TestOzoneManagerHAWithData.testKeysDelete(TestOzoneManagerHAWithData.java:188)
	at sun.reflect.NativeMethodAccessorImpl.invoke0(Native Method)
	at sun.reflect.NativeMethodAccessorImpl.invoke(NativeMethodAccessorImpl.java:62)
	at sun.reflect.DelegatingMethodAccessorImpl.invoke(DelegatingMethodAccessorImpl.java:43)
	at java.lang.reflect.Method.invoke(Method.java:498)
	at org.junit.runners.model.FrameworkMethod$1.runReflectiveCall(FrameworkMethod.java:47)
	at org.junit.internal.runners.model.ReflectiveCallable.run(ReflectiveCallable.java:12)
	at org.junit.runners.model.FrameworkMethod.invokeExplosively(FrameworkMethod.java:44)
	at org.junit.internal.runners.statements.InvokeMethod.evaluate(InvokeMethod.java:17)
	at org.junit.internal.runners.statements.RunBefores.evaluate(RunBefores.java:26)
	at org.junit.internal.runners.statements.RunAfters.evaluate(RunAfters.java:27)
	at org.junit.rules.ExpectedException$ExpectedExceptionStatement.evaluate(ExpectedException.java:168)
	at org.junit.internal.runners.statements.FailOnTimeout$StatementThread.run(FailOnTimeout.java:74)
</failure>
    <system-out><![CDATA[2020-07-01 13:14:02,657 [Thread-1818] WARN  server.ServerUtils (ServerUtils.java:getScmDbDir(148)) - ozone.scm.db.dirs is not configured. We recommend adding this setting. Falling back to ozone.metadata.dirs instead.
2020-07-01 13:14:02,659 [Thread-1818] WARN  server.ServerUtils (ServerUtils.java:getScmDbDir(148)) - ozone.scm.db.dirs is not configured. We recommend adding this setting. Falling back to ozone.metadata.dirs instead.
2020-07-01 13:14:02,659 [Thread-1818] WARN  db.DBStoreBuilder (DBStoreBuilder.java:createDBStoreBuilder(277)) - ozone.scm.db.dirs is not configured. We recommend adding this setting. Falling back to ozone.metadata.dirs instead.
2020-07-01 13:14:02,684 [Thread-1818] INFO  net.NodeSchemaLoader (NodeSchemaLoader.java:loadSchemaFromFile(126)) - Loading file from sun.misc.CompoundEnumeration@2536a613
2020-07-01 13:14:02,685 [Thread-1818] INFO  net.NodeSchemaLoader (NodeSchemaLoader.java:loadSchema(172)) - Loading network topology layer schema file
2020-07-01 13:14:02,695 [Thread-1818] WARN  server.ServerUtils (ServerUtils.java:sanitizeUserArgs(73)) - ozone.scm.stale.node.interval value = 300000 is larger than max = 100000 based on the key value of ozone.scm.heartbeat.thread.interval, reset to the max value 100000.
2020-07-01 13:14:02,696 [Thread-1818] WARN  server.ServerUtils (ServerUtils.java:sanitizeUserArgs(73)) - ozone.scm.stale.node.interval value = 300000 is larger than max = 100000 based on the key value of ozone.scm.heartbeat.thread.interval, reset to the max value 100000.
2020-07-01 13:14:02,700 [Thread-1818] INFO  node.SCMNodeManager (SCMNodeManager.java:<init>(116)) - Entering startup safe mode.
2020-07-01 13:14:02,701 [Thread-1818] INFO  algorithms.ContainerPlacementPolicyFactory (ContainerPlacementPolicyFactory.java:getPolicy(60)) - Create container placement policy of type org.apache.hadoop.hdds.scm.container.placement.algorithms.SCMContainerPlacementRandom
2020-07-01 13:14:02,701 [Thread-1818] INFO  pipeline.SCMPipelineManager (SCMPipelineManager.java:initializePipelineState(158)) - No pipeline exists in current db
2020-07-01 13:14:02,703 [Thread-1818] INFO  safemode.HealthyPipelineSafeModeRule (HealthyPipelineSafeModeRule.java:<init>(89)) - Total pipeline count is 0, healthy pipeline threshold count is 0
2020-07-01 13:14:02,704 [Thread-1818] INFO  safemode.OneReplicaPipelineSafeModeRule (OneReplicaPipelineSafeModeRule.java:<init>(79)) - Total pipeline count is 0, pipeline's with at least one datanode reported threshold count is 0
2020-07-01 13:14:02,704 [Thread-1818] INFO  ipc.CallQueueManager (CallQueueManager.java:<init>(84)) - Using callQueue: class java.util.concurrent.LinkedBlockingQueue, queueCapacity: 2000, scheduler: class org.apache.hadoop.ipc.DefaultRpcScheduler, ipcBackoff: false.
2020-07-01 13:14:02,705 [Socket Reader #1 for port 0] INFO  ipc.Server (Server.java:run(1219)) - Starting Socket Reader #1 for port 0
2020-07-01 13:14:02,706 [Listener at 0.0.0.0/38517] INFO  ipc.CallQueueManager (CallQueueManager.java:<init>(84)) - Using callQueue: class java.util.concurrent.LinkedBlockingQueue, queueCapacity: 2000, scheduler: class org.apache.hadoop.ipc.DefaultRpcScheduler, ipcBackoff: false.
2020-07-01 13:14:02,706 [Socket Reader #1 for port 0] INFO  ipc.Server (Server.java:run(1219)) - Starting Socket Reader #1 for port 0
2020-07-01 13:14:02,707 [Listener at 0.0.0.0/46255] INFO  ipc.CallQueueManager (CallQueueManager.java:<init>(84)) - Using callQueue: class java.util.concurrent.LinkedBlockingQueue, queueCapacity: 2000, scheduler: class org.apache.hadoop.ipc.DefaultRpcScheduler, ipcBackoff: false.
2020-07-01 13:14:02,708 [Socket Reader #1 for port 0] INFO  ipc.Server (Server.java:run(1219)) - Starting Socket Reader #1 for port 0
2020-07-01 13:14:02,713 [RatisPipelineUtilsThread] ERROR pipeline.SCMPipelineManager (SCMPipelineManager.java:createPipeline(222)) - Failed to create pipeline of type RATIS and factor ONE. Exception: Cannot create pipeline of factor 1 using 0 nodes. Used 0 nodes. Healthy nodes 0
2020-07-01 13:14:02,714 [Listener at 0.0.0.0/33335] INFO  http.BaseHttpServer (BaseHttpServer.java:newHttpServer2BuilderForOzone(207)) - Starting Web-server for scm at: http://0.0.0.0:0
2020-07-01 13:14:02,714 [Listener at 0.0.0.0/33335] INFO  http.BaseHttpServer (BaseHttpServer.java:<init>(106)) - Hadoop Security Enabled: false Ozone Security Enabled: false Ozone HTTP Security Enabled: false 
2020-07-01 13:14:02,715 [Listener at 0.0.0.0/33335] INFO  server.AuthenticationFilter (AuthenticationFilter.java:constructSecretProvider(240)) - Unable to initialize FileSignerSecretProvider, falling back to use random secrets.
2020-07-01 13:14:02,715 [Listener at 0.0.0.0/33335] WARN  http.HttpRequestLog (HttpRequestLog.java:getRequestLog(103)) - Jetty request log can only be enabled using Log4j
2020-07-01 13:14:02,716 [Listener at 0.0.0.0/33335] INFO  http.HttpServer2 (HttpServer2.java:addGlobalFilter(997)) - Added global filter 'safety' (class=org.apache.hadoop.hdds.server.http.HttpServer2$QuotingInputFilter)
2020-07-01 13:14:02,717 [Listener at 0.0.0.0/33335] INFO  http.HttpServer2 (HttpServer2.java:addFilter(973)) - Added filter static_user_filter (class=org.apache.hadoop.http.lib.StaticUserWebFilter$StaticUserFilter) to context scm
2020-07-01 13:14:02,717 [Listener at 0.0.0.0/33335] INFO  http.HttpServer2 (HttpServer2.java:addFilter(981)) - Added filter static_user_filter (class=org.apache.hadoop.http.lib.StaticUserWebFilter$StaticUserFilter) to context logs
2020-07-01 13:14:02,717 [Listener at 0.0.0.0/33335] INFO  http.HttpServer2 (HttpServer2.java:addFilter(981)) - Added filter static_user_filter (class=org.apache.hadoop.http.lib.StaticUserWebFilter$StaticUserFilter) to context static
2020-07-01 13:14:02,722 [Listener at 0.0.0.0/33335] INFO  server.StorageContainerManager (StorageContainerManager.java:start(782)) - StorageContainerLocationProtocol RPC server is listening at /0.0.0.0:33335
2020-07-01 13:14:02,723 [Listener at 0.0.0.0/33335] WARN  impl.MetricsConfig (MetricsConfig.java:loadFirst(134)) - Cannot locate configuration: tried hadoop-metrics2-storagecontainermanager.properties,hadoop-metrics2.properties
2020-07-01 13:14:02,726 [Listener at 0.0.0.0/33335] INFO  impl.MetricsSystemImpl (MetricsSystemImpl.java:startTimer(374)) - Scheduled Metric snapshot period at 10 second(s).
2020-07-01 13:14:02,727 [Listener at 0.0.0.0/33335] INFO  impl.MetricsSystemImpl (MetricsSystemImpl.java:start(191)) - StorageContainerManager metrics system started
2020-07-01 13:14:02,760 [Listener at 0.0.0.0/33335] WARN  impl.MetricsSystemImpl (MetricsSystemImpl.java:register(276)) - Sink prometheus already exists!
2020-07-01 13:14:02,761 [Listener at 0.0.0.0/33335] INFO  server.SCMClientProtocolServer (SCMClientProtocolServer.java:start(156)) - RPC server for Client  is listening at /0.0.0.0:33335
2020-07-01 13:14:02,761 [IPC Server Responder] INFO  ipc.Server (Server.java:run(1460)) - IPC Server Responder: starting
2020-07-01 13:14:02,762 [IPC Server listener on 0] INFO  ipc.Server (Server.java:run(1298)) - IPC Server listener on 0: starting
2020-07-01 13:14:02,769 [Listener at 0.0.0.0/33335] INFO  server.StorageContainerManager (StorageContainerManager.java:start(794)) - ScmBlockLocationProtocol RPC server is listening at /0.0.0.0:46255
2020-07-01 13:14:02,774 [Listener at 0.0.0.0/33335] INFO  server.SCMBlockProtocolServer (SCMBlockProtocolServer.java:start(149)) - RPC server for Block Protocol is listening at /0.0.0.0:46255
2020-07-01 13:14:02,774 [IPC Server Responder] INFO  ipc.Server (Server.java:run(1460)) - IPC Server Responder: starting
2020-07-01 13:14:02,775 [IPC Server listener on 0] INFO  ipc.Server (Server.java:run(1298)) - IPC Server listener on 0: starting
2020-07-01 13:14:02,780 [Listener at 0.0.0.0/33335] INFO  server.StorageContainerManager (StorageContainerManager.java:start(800)) - ScmDatanodeProtocl RPC server is listening at /0.0.0.0:38517
2020-07-01 13:14:02,781 [Listener at 0.0.0.0/33335] INFO  server.SCMDatanodeProtocolServer (SCMDatanodeProtocolServer.java:start(172)) - RPC server for DataNodes is listening at /0.0.0.0:38517
2020-07-01 13:14:02,781 [IPC Server Responder] INFO  ipc.Server (Server.java:run(1460)) - IPC Server Responder: starting
2020-07-01 13:14:02,786 [IPC Server listener on 0] INFO  ipc.Server (Server.java:run(1298)) - IPC Server listener on 0: starting
2020-07-01 13:14:02,789 [Listener at 0.0.0.0/33335] INFO  http.HttpServer2 (HttpServer2.java:bindListener(1215)) - Jetty bound to port 41179
2020-07-01 13:14:02,789 [Listener at 0.0.0.0/33335] INFO  server.Server (Server.java:doStart(359)) - jetty-9.4.26.v20200117; built: 2020-01-17T12:35:33.676Z; git: 7b38981d25d14afb4a12ff1f2596756144edf695; jvm 1.8.0_232-b09
2020-07-01 13:14:02,790 [Listener at 0.0.0.0/33335] INFO  server.session (DefaultSessionIdManager.java:doStart(333)) - DefaultSessionIdManager workerName=node0
2020-07-01 13:14:02,790 [Listener at 0.0.0.0/33335] INFO  server.session (DefaultSessionIdManager.java:doStart(338)) - No SessionScavenger set, using defaults
2020-07-01 13:14:02,790 [Listener at 0.0.0.0/33335] INFO  server.session (HouseKeeper.java:startScavenging(140)) - node0 Scavenging every 660000ms
2020-07-01 13:14:02,791 [Listener at 0.0.0.0/33335] INFO  handler.ContextHandler (ContextHandler.java:doStart(825)) - Started o.e.j.s.ServletContextHandler@eefaea5{logs,/logs,file:///github/workspace/mnt/ozone/hadoop-ozone/integration-test/target/log,AVAILABLE}
2020-07-01 13:14:02,791 [Listener at 0.0.0.0/33335] INFO  handler.ContextHandler (ContextHandler.java:doStart(825)) - Started o.e.j.s.ServletContextHandler@5bde9f80{static,/static,file:///github/workspace/mnt/ozone/hadoop-ozone/integration-test/target/test-classes/webapps/static,AVAILABLE}
2020-07-01 13:14:02,793 [Listener at 0.0.0.0/33335] INFO  handler.ContextHandler (ContextHandler.java:doStart(825)) - Started o.e.j.w.WebAppContext@5fbccc85{scm,/,file:///github/workspace/mnt/ozone/hadoop-ozone/integration-test/target/test-classes/webapps/scm/,AVAILABLE}{file:/github/workspace/mnt/ozone/hadoop-ozone/integration-test/target/test-classes/webapps/scm}
2020-07-01 13:14:02,794 [Listener at 0.0.0.0/33335] INFO  server.AbstractConnector (AbstractConnector.java:doStart(330)) - Started ServerConnector@2b976341{HTTP/1.1,[http/1.1]}{0.0.0.0:41179}
2020-07-01 13:14:02,794 [Listener at 0.0.0.0/33335] INFO  server.Server (Server.java:doStart(399)) - Started @106625ms
2020-07-01 13:14:02,794 [Listener at 0.0.0.0/33335] WARN  impl.MetricsSystemImpl (MetricsSystemImpl.java:register(276)) - Sink prometheus already exists!
2020-07-01 13:14:02,798 [Listener at 0.0.0.0/33335] INFO  http.BaseHttpServer (BaseHttpServer.java:updateConnectorAddress(327)) - HTTP server of scm listening at http://0.0.0.0:41179
2020-07-01 13:14:02,804 [org.apache.hadoop.util.JvmPauseMonitor$Monitor@4b086d79] INFO  util.JvmPauseMonitor (JvmPauseMonitor.java:run(188)) - Starting JVM pause monitor
2020-07-01 13:14:02,804 [Listener at 0.0.0.0/33335] WARN  server.ServerUtils (ServerUtils.java:getDBPath(225)) - ozone.om.db.dirs is not configured. We recommend adding this setting. Falling back to ozone.metadata.dirs instead.
2020-07-01 13:14:02,806 [Listener at 0.0.0.0/33335] INFO  ha.OMHANodeDetails (OMHANodeDetails.java:loadOMHAConfig(110)) - ServiceID for OzoneManager is om-service-test1
2020-07-01 13:14:02,806 [Listener at 0.0.0.0/33335] INFO  ha.OMHANodeDetails (OMHANodeDetails.java:loadOMHAConfig(188)) - Found matching OM address with OMServiceId: om-service-test1, OMNodeId: omNode-1, RPC Address: localhost:10600 and Ratis port: 10604
2020-07-01 13:14:02,806 [Listener at 0.0.0.0/33335] INFO  ha.OMHANodeDetails (OMHANodeDetails.java:setOMNodeSpecificConfigs(314)) - Setting configuration key ozone.om.http-address with value of key ozone.om.http-address.omNode-1: 127.0.0.1:10602
2020-07-01 13:14:02,806 [Listener at 0.0.0.0/33335] INFO  ha.OMHANodeDetails (OMHANodeDetails.java:setOMNodeSpecificConfigs(314)) - Setting configuration key ozone.om.https-address with value of key ozone.om.https-address.omNode-1: 127.0.0.1:10603
2020-07-01 13:14:02,807 [Listener at 0.0.0.0/33335] INFO  ha.OMHANodeDetails (OMHANodeDetails.java:setOMNodeSpecificConfigs(314)) - Setting configuration key ozone.om.address with value of key ozone.om.address.omNode-1: 127.0.0.1:10600
2020-07-01 13:14:02,807 [Listener at 0.0.0.0/33335] WARN  server.ServerUtils (ServerUtils.java:getDBPath(225)) - ozone.om.db.dirs is not configured. We recommend adding this setting. Falling back to ozone.metadata.dirs instead.
2020-07-01 13:14:02,807 [Listener at 0.0.0.0/33335] WARN  server.ServerUtils (ServerUtils.java:getDBPath(225)) - ozone.om.db.dirs is not configured. We recommend adding this setting. Falling back to ozone.metadata.dirs instead.
2020-07-01 13:14:02,815 [Listener at 0.0.0.0/33335] WARN  server.ServerUtils (ServerUtils.java:getDBPath(225)) - ozone.om.db.dirs is not configured. We recommend adding this setting. Falling back to ozone.metadata.dirs instead.
2020-07-01 13:14:02,865 [Listener at 0.0.0.0/33335] WARN  server.ServerUtils (ServerUtils.java:getDefaultRatisDirectory(237)) - Storage directory for Ratis is not configured. It is a good idea to map this to an SSD disk. Falling back to ozone.metadata.dirs
2020-07-01 13:14:02,865 [Listener at 0.0.0.0/33335] INFO  ratis.OzoneManagerRatisServer (OzoneManagerRatisServer.java:<init>(268)) - Instantiating OM Ratis server with GroupID: om-service-test1 and Raft Peers: localhost:10604, localhost:10610, localhost:10616
2020-07-01 13:14:02,865 [Listener at 0.0.0.0/33335] INFO  ratis.OzoneManagerStateMachine (OzoneManagerStateMachine.java:loadSnapshotInfoFromDB(539)) - LastAppliedIndex is set from TransactionInfo from OM DB as (t:0, i:~)
2020-07-01 13:14:02,866 [Listener at 0.0.0.0/33335] INFO  impl.RaftServerProxy (ConfUtils.java:logGet(44)) - raft.rpc.type = GRPC (default)
2020-07-01 13:14:02,866 [Listener at 0.0.0.0/33335] INFO  grpc.GrpcFactory (GrpcFactory.java:checkPooledByteBufAllocatorUseCacheForAllThreads(45)) - PERFORMANCE WARNING: useCacheForAllThreads is true that may cause Netty to create a lot garbage objects and, as a result, trigger GC.
	It is recommended to disable useCacheForAllThreads by setting -Dorg.apache.ratis.thirdparty.io.netty.allocator.useCacheForAllThreads=false in command line.
2020-07-01 13:14:02,866 [Listener at 0.0.0.0/33335] INFO  grpc.GrpcConfigKeys (ConfUtils.java:logGet(44)) - raft.grpc.server.port = 10604 (custom)
2020-07-01 13:14:02,866 [Listener at 0.0.0.0/33335] INFO  server.GrpcService (ConfUtils.java:logGet(44)) - raft.grpc.message.size.max = 33554432 (custom)
2020-07-01 13:14:02,866 [Listener at 0.0.0.0/33335] INFO  server.RaftServerConfigKeys (ConfUtils.java:logGet(44)) - raft.server.log.appender.buffer.byte-limit = 33554432 (custom)
2020-07-01 13:14:02,866 [Listener at 0.0.0.0/33335] INFO  server.GrpcService (ConfUtils.java:logGet(44)) - raft.grpc.flow.control.window = 1MB (=1048576) (default)
2020-07-01 13:14:02,866 [Listener at 0.0.0.0/33335] INFO  server.RaftServerConfigKeys (ConfUtils.java:logGet(44)) - raft.server.rpc.request.timeout = 3000ms (default)
2020-07-01 13:14:02,867 [Listener at 0.0.0.0/33335] INFO  server.RaftServerConfigKeys (ConfUtils.java:logGet(44)) - raft.server.storage.dir = [/github/workspace/mnt/ozone/hadoop-ozone/integration-test/target/test-dir/MiniOzoneClusterImpl-1a14e66a-5c38-443d-ac03-4d7cff470839/omNode-1/ratis] (custom)
2020-07-01 13:14:02,868 [Listener at 0.0.0.0/33335] INFO  impl.RaftServerProxy (RaftServerProxy.java:addNew(89)) - omNode-1: addNew group-523986131536:[omNode-3:localhost:10616, omNode-1:localhost:10604, omNode-2:localhost:10610] returns group-523986131536:java.util.concurrent.CompletableFuture@76f5227f[Not completed]
2020-07-01 13:14:02,868 [pool-461-thread-1] INFO  impl.RaftServerImpl (RaftServerImpl.java:<init>(99)) - omNode-1: new RaftServerImpl for group-523986131536:[omNode-3:localhost:10616, omNode-1:localhost:10604, omNode-2:localhost:10610] with OzoneManagerStateMachine:uninitialized
2020-07-01 13:14:02,868 [Listener at 0.0.0.0/33335] INFO  om.OzoneManager (OzoneManager.java:initializeRatisServer(1224)) - OzoneManager Ratis server initialized at port 10604
2020-07-01 13:14:02,868 [Listener at 0.0.0.0/33335] WARN  server.ServerUtils (ServerUtils.java:getDefaultRatisDirectory(237)) - Storage directory for Ratis is not configured. It is a good idea to map this to an SSD disk. Falling back to ozone.metadata.dirs
2020-07-01 13:14:02,868 [pool-461-thread-1] INFO  server.RaftServerConfigKeys (ConfUtils.java:logGet(44)) - raft.server.rpc.timeout.min = 1s (custom)
2020-07-01 13:14:02,869 [Listener at 0.0.0.0/33335] WARN  server.ServerUtils (ServerUtils.java:getDefaultRatisDirectory(237)) - Storage directory for Ratis is not configured. It is a good idea to map this to an SSD disk. Falling back to ozone.metadata.dirs
2020-07-01 13:14:02,869 [pool-461-thread-1] INFO  server.RaftServerConfigKeys (ConfUtils.java:logGet(44)) - raft.server.rpc.timeout.max = 1200ms (custom)
2020-07-01 13:14:02,869 [Listener at 0.0.0.0/33335] INFO  snapshot.OzoneManagerSnapshotProvider (OzoneManagerSnapshotProvider.java:<init>(77)) - Initializing OM Snapshot Provider
2020-07-01 13:14:02,869 [pool-461-thread-1] INFO  server.RaftServerConfigKeys (ConfUtils.java:logGet(44)) - raft.server.rpcslowness.timeout = 2s (custom)
2020-07-01 13:14:02,869 [pool-461-thread-1] INFO  server.RaftServerConfigKeys (ConfUtils.java:logGet(44)) - raft.server.sleep.deviation.threshold = 300 (default)
2020-07-01 13:14:02,869 [pool-461-thread-1] INFO  server.RaftServerConfigKeys (ConfUtils.java:logGet(44)) - raft.server.log.appender.install.snapshot.enabled = false (custom)
2020-07-01 13:14:02,869 [pool-461-thread-1] INFO  impl.RaftServerImpl (ServerState.java:<init>(103)) - omNode-1@group-523986131536: ConfigurationManager, init=-1: [omNode-3:localhost:10616, omNode-1:localhost:10604, omNode-2:localhost:10610], old=null, confs=<EMPTY_MAP>
2020-07-01 13:14:02,869 [pool-461-thread-1] INFO  server.RaftServerConfigKeys (ConfUtils.java:logGet(44)) - raft.server.storage.dir = [/github/workspace/mnt/ozone/hadoop-ozone/integration-test/target/test-dir/MiniOzoneClusterImpl-1a14e66a-5c38-443d-ac03-4d7cff470839/omNode-1/ratis] (custom)
2020-07-01 13:14:02,869 [pool-461-thread-1] INFO  server.RaftServerConfigKeys (ConfUtils.java:logGet(44)) - raft.server.log.corruption.policy = EXCEPTION (default)
2020-07-01 13:14:02,869 [pool-461-thread-1] INFO  storage.RaftStorageDirectory (RaftStorageDirectory.java:analyzeStorage(261)) - The storage directory /github/workspace/mnt/ozone/hadoop-ozone/integration-test/target/test-dir/MiniOzoneClusterImpl-1a14e66a-5c38-443d-ac03-4d7cff470839/omNode-1/ratis/c9bc4cf4-3bc3-3c60-a66b-523986131536 does not exist. Creating ...
2020-07-01 13:14:02,870 [Listener at 0.0.0.0/33335] INFO  ipc.CallQueueManager (CallQueueManager.java:<init>(84)) - Using callQueue: class java.util.concurrent.LinkedBlockingQueue, queueCapacity: 2000, scheduler: class org.apache.hadoop.ipc.DefaultRpcScheduler, ipcBackoff: false.
2020-07-01 13:14:02,871 [pool-461-thread-1] INFO  storage.RaftStorageDirectory (RaftStorageDirectory.java:tryLock(343)) - Lock on /github/workspace/mnt/ozone/hadoop-ozone/integration-test/target/test-dir/MiniOzoneClusterImpl-1a14e66a-5c38-443d-ac03-4d7cff470839/omNode-1/ratis/c9bc4cf4-3bc3-3c60-a66b-523986131536/in_use.lock acquired by nodename 17000@e05bf891e8f7
2020-07-01 13:14:02,871 [Socket Reader #1 for port 10600] INFO  ipc.Server (Server.java:run(1219)) - Starting Socket Reader #1 for port 10600
2020-07-01 13:14:02,872 [pool-461-thread-1] INFO  storage.RaftStorage (RaftStorage.java:format(84)) - Storage directory /github/workspace/mnt/ozone/hadoop-ozone/integration-test/target/test-dir/MiniOzoneClusterImpl-1a14e66a-5c38-443d-ac03-4d7cff470839/omNode-1/ratis/c9bc4cf4-3bc3-3c60-a66b-523986131536 has been successfully formatted.
2020-07-01 13:14:02,872 [pool-461-thread-1] INFO  ratis.OzoneManagerStateMachine (OzoneManagerStateMachine.java:getLatestSnapshot(147)) - Latest Snapshot Info 0#-1
2020-07-01 13:14:02,872 [pool-461-thread-1] INFO  server.RaftServerConfigKeys (ConfUtils.java:logGet(44)) - raft.server.notification.no-leader.timeout = 2s (custom)
2020-07-01 13:14:02,872 [pool-461-thread-1] INFO  server.RaftServerConfigKeys (ConfUtils.java:logGet(44)) - raft.server.log.use.memory = false (default)
2020-07-01 13:14:02,872 [pool-461-thread-1] INFO  server.RaftServerConfigKeys (ConfUtils.java:logGet(44)) - raft.server.log.purge.gap = 50 (custom)
2020-07-01 13:14:02,872 [pool-461-thread-1] INFO  server.RaftServerConfigKeys (ConfUtils.java:logGet(44)) - raft.server.log.appender.buffer.byte-limit = 33554432 (custom)
2020-07-01 13:14:02,872 [pool-461-thread-1] INFO  server.RaftServerConfigKeys (ConfUtils.java:logGet(44)) - raft.server.log.segment.size.max = 16384 (custom)
2020-07-01 13:14:02,873 [pool-461-thread-1] INFO  metrics.RatisMetrics (RatisMetrics.java:lambda$create$0(36)) - Creating Metrics Registry : ratis.log_worker.omNode-1@group-523986131536
2020-07-01 13:14:02,873 [pool-461-thread-1] INFO  server.RaftServerConfigKeys (ConfUtils.java:logGet(44)) - raft.server.log.segment.cache.num.max = 2 (custom)
2020-07-01 13:14:02,873 [pool-461-thread-1] INFO  segmented.SegmentedRaftLogWorker (SegmentedRaftLogWorker.java:<init>(180)) - new omNode-1@group-523986131536-SegmentedRaftLogWorker for RaftStorage:Storage Directory /github/workspace/mnt/ozone/hadoop-ozone/integration-test/target/test-dir/MiniOzoneClusterImpl-1a14e66a-5c38-443d-ac03-4d7cff470839/omNode-1/ratis/c9bc4cf4-3bc3-3c60-a66b-523986131536
2020-07-01 13:14:02,873 [pool-461-thread-1] INFO  server.RaftServerConfigKeys (ConfUtils.java:logGet(44)) - raft.server.log.queue.byte-limit = 64MB (=67108864) (default)
2020-07-01 13:14:02,873 [pool-461-thread-1] INFO  server.RaftServerConfigKeys (ConfUtils.java:logGet(44)) - raft.server.log.queue.element-limit = 4096 (default)
2020-07-01 13:14:02,873 [pool-461-thread-1] INFO  server.RaftServerConfigKeys (ConfUtils.java:logGet(44)) - raft.server.log.segment.size.max = 16384 (custom)
2020-07-01 13:14:02,873 [pool-461-thread-1] INFO  server.RaftServerConfigKeys (ConfUtils.java:logGet(44)) - raft.server.log.preallocated.size = 16384 (custom)
2020-07-01 13:14:02,873 [pool-461-thread-1] INFO  server.RaftServerConfigKeys (ConfUtils.java:logGet(44)) - raft.server.log.write.buffer.size = 64KB (=65536) (default)
2020-07-01 13:14:02,873 [pool-461-thread-1] INFO  server.RaftServerConfigKeys (ConfUtils.java:logGet(44)) - raft.server.log.force.sync.num = 128 (default)
2020-07-01 13:14:02,873 [pool-461-thread-1] INFO  server.RaftServerConfigKeys (ConfUtils.java:logGet(44)) - raft.server.log.statemachine.data.sync = true (default)
2020-07-01 13:14:02,874 [pool-461-thread-1] INFO  server.RaftServerConfigKeys (ConfUtils.java:logGet(44)) - raft.server.log.statemachine.data.sync.timeout = 10s (default)
2020-07-01 13:14:02,874 [pool-461-thread-1] INFO  server.RaftServerConfigKeys (ConfUtils.java:logGet(44)) - raft.server.log.statemachine.data.sync.timeout.retry = -1 (default)
2020-07-01 13:14:02,875 [pool-461-thread-1] INFO  server.RaftServerConfigKeys (ConfUtils.java:logGet(44)) - raft.server.log.statemachine.data.caching.enabled = false (default)
2020-07-01 13:14:02,875 [pool-461-thread-1] INFO  segmented.SegmentedRaftLogWorker (SegmentedRaftLogWorker.java:lambda$new$0(129)) - omNode-1@group-523986131536-SegmentedRaftLogWorker: flushIndex: setUnconditionally 0 -> -1
2020-07-01 13:14:02,875 [pool-461-thread-1] INFO  segmented.SegmentedRaftLogWorker (SegmentedRaftLogWorker.java:lambda$new$0(129)) - omNode-1@group-523986131536-SegmentedRaftLogWorker: safeCacheEvictIndex: setUnconditionally 0 -> -1
2020-07-01 13:14:02,876 [pool-461-thread-1] INFO  server.RaftServerConfigKeys (ConfUtils.java:logGet(44)) - raft.server.snapshot.auto.trigger.enabled = true (custom)
2020-07-01 13:14:02,876 [pool-461-thread-1] INFO  server.RaftServerConfigKeys (ConfUtils.java:logGet(44)) - raft.server.snapshot.auto.trigger.threshold = 50 (custom)
2020-07-01 13:14:02,876 [pool-461-thread-1] INFO  server.RaftServerConfigKeys (ConfUtils.java:logGet(44)) - raft.server.snapshot.retention.file.num = -1 (default)
2020-07-01 13:14:02,876 [pool-461-thread-1] INFO  server.RaftServerConfigKeys (ConfUtils.java:logGet(44)) - raft.server.log.purge.upto.snapshot.index = false (default)
2020-07-01 13:14:02,876 [pool-461-thread-1] INFO  server.RaftServerConfigKeys (ConfUtils.java:logGet(44)) - raft.server.retrycache.expirytime = 600000ms (custom)
2020-07-01 13:14:02,876 [pool-461-thread-1] INFO  metrics.RatisMetrics (RatisMetrics.java:lambda$create$0(36)) - Creating Metrics Registry : ratis.leader_election.omNode-1@group-523986131536
2020-07-01 13:14:02,877 [pool-461-thread-1] INFO  metrics.RatisMetrics (RatisMetrics.java:lambda$create$0(36)) - Creating Metrics Registry : ratis.server.omNode-1@group-523986131536
2020-07-01 13:14:03,126 [Listener at 127.0.0.1/10600] INFO  impl.MetricsSystemImpl (MetricsSystemImpl.java:init(158)) - OzoneManager metrics system started (again)
2020-07-01 13:14:03,127 [Listener at 127.0.0.1/10600] INFO  om.OzoneManager (OzoneManager.java:start(1083)) - OzoneManager RPC server is listening at localhost/127.0.0.1:10600
2020-07-01 13:14:03,127 [Listener at 127.0.0.1/10600] INFO  ratis.OzoneManagerRatisServer (OzoneManagerRatisServer.java:start(365)) - Starting OzoneManagerRatisServer omNode-1 at port 10604
2020-07-01 13:14:03,131 [Listener at 127.0.0.1/10600] INFO  impl.RaftServerImpl (RaftServerImpl.java:start(186)) - omNode-1@group-523986131536: start as a follower, conf=-1: [omNode-3:localhost:10616, omNode-1:localhost:10604, omNode-2:localhost:10610], old=null
2020-07-01 13:14:03,131 [Listener at 127.0.0.1/10600] INFO  impl.RaftServerImpl (RaftServerImpl.java:setRole(175)) - omNode-1@group-523986131536: changes role from      null to FOLLOWER at term 0 for startAsFollower
2020-07-01 13:14:03,131 [Listener at 127.0.0.1/10600] INFO  impl.RoleInfo (RoleInfo.java:updateAndGet(143)) - omNode-1: start FollowerState
2020-07-01 13:14:03,132 [Listener at 127.0.0.1/10600] INFO  util.JmxRegister (JmxRegister.java:tryRegister(44)) - Successfully registered JMX Bean with object name Ratis:service=RaftServer,group=group-523986131536,id=omNode-1
2020-07-01 13:14:03,132 [Listener at 127.0.0.1/10600] INFO  metrics.RatisMetrics (RatisMetrics.java:lambda$create$0(36)) - Creating Metrics Registry : ratis.state_machine.omNode-1@group-523986131536
2020-07-01 13:14:03,134 [Listener at 127.0.0.1/10600] INFO  impl.RaftServerProxy (RaftServerProxy.java:lambda$start$3(304)) - omNode-1: start RPC server
2020-07-01 13:14:03,135 [Listener at 127.0.0.1/10600] INFO  server.GrpcService (GrpcService.java:startImpl(160)) - omNode-1: GrpcService started, listening on 0.0.0.0/0.0.0.0:10604
2020-07-01 13:14:03,139 [IPC Server Responder] INFO  ipc.Server (Server.java:run(1460)) - IPC Server Responder: starting
2020-07-01 13:14:03,140 [IPC Server listener on 10600] INFO  ipc.Server (Server.java:run(1298)) - IPC Server listener on 10600: starting
2020-07-01 13:14:03,152 [Listener at 127.0.0.1/10600] INFO  http.BaseHttpServer (BaseHttpServer.java:newHttpServer2BuilderForOzone(207)) - Starting Web-server for ozoneManager at: http://0.0.0.0:10602
2020-07-01 13:14:03,152 [Listener at 127.0.0.1/10600] INFO  http.BaseHttpServer (BaseHttpServer.java:<init>(106)) - Hadoop Security Enabled: false Ozone Security Enabled: false Ozone HTTP Security Enabled: false 
2020-07-01 13:14:03,153 [Listener at 127.0.0.1/10600] INFO  server.AuthenticationFilter (AuthenticationFilter.java:constructSecretProvider(240)) - Unable to initialize FileSignerSecretProvider, falling back to use random secrets.
2020-07-01 13:14:03,153 [Listener at 127.0.0.1/10600] WARN  http.HttpRequestLog (HttpRequestLog.java:getRequestLog(103)) - Jetty request log can only be enabled using Log4j
2020-07-01 13:14:03,154 [Listener at 127.0.0.1/10600] INFO  http.HttpServer2 (HttpServer2.java:addGlobalFilter(997)) - Added global filter 'safety' (class=org.apache.hadoop.hdds.server.http.HttpServer2$QuotingInputFilter)
2020-07-01 13:14:03,154 [Listener at 127.0.0.1/10600] INFO  http.HttpServer2 (HttpServer2.java:addFilter(973)) - Added filter static_user_filter (class=org.apache.hadoop.http.lib.StaticUserWebFilter$StaticUserFilter) to context ozoneManager
2020-07-01 13:14:03,155 [Listener at 127.0.0.1/10600] INFO  http.HttpServer2 (HttpServer2.java:addFilter(981)) - Added filter static_user_filter (class=org.apache.hadoop.http.lib.StaticUserWebFilter$StaticUserFilter) to context static
2020-07-01 13:14:03,155 [Listener at 127.0.0.1/10600] INFO  http.HttpServer2 (HttpServer2.java:addFilter(981)) - Added filter static_user_filter (class=org.apache.hadoop.http.lib.StaticUserWebFilter$StaticUserFilter) to context logs
2020-07-01 13:14:03,155 [Listener at 127.0.0.1/10600] INFO  http.HttpServer2 (HttpServer2.java:bindListener(1215)) - Jetty bound to port 10602
2020-07-01 13:14:03,155 [Listener at 127.0.0.1/10600] INFO  server.Server (Server.java:doStart(359)) - jetty-9.4.26.v20200117; built: 2020-01-17T12:35:33.676Z; git: 7b38981d25d14afb4a12ff1f2596756144edf695; jvm 1.8.0_232-b09
2020-07-01 13:14:03,160 [Listener at 127.0.0.1/10600] INFO  server.session (DefaultSessionIdManager.java:doStart(333)) - DefaultSessionIdManager workerName=node0
2020-07-01 13:14:03,161 [Listener at 127.0.0.1/10600] INFO  server.session (DefaultSessionIdManager.java:doStart(338)) - No SessionScavenger set, using defaults
2020-07-01 13:14:03,161 [Listener at 127.0.0.1/10600] INFO  server.session (HouseKeeper.java:startScavenging(140)) - node0 Scavenging every 600000ms
2020-07-01 13:14:03,161 [Listener at 127.0.0.1/10600] INFO  handler.ContextHandler (ContextHandler.java:doStart(825)) - Started o.e.j.s.ServletContextHandler@5932e918{logs,/logs,file:///github/workspace/mnt/ozone/hadoop-ozone/integration-test/target/log,AVAILABLE}
2020-07-01 13:14:03,162 [Listener at 127.0.0.1/10600] INFO  handler.ContextHandler (ContextHandler.java:doStart(825)) - Started o.e.j.s.ServletContextHandler@1ec72470{static,/static,file:///github/workspace/mnt/ozone/hadoop-ozone/integration-test/target/test-classes/webapps/static,AVAILABLE}
2020-07-01 13:14:03,164 [Listener at 127.0.0.1/10600] INFO  handler.ContextHandler (ContextHandler.java:doStart(825)) - Started o.e.j.w.WebAppContext@45c6213c{ozoneManager,/,file:///github/workspace/mnt/ozone/hadoop-ozone/integration-test/target/test-classes/webapps/ozoneManager/,AVAILABLE}{file:/github/workspace/mnt/ozone/hadoop-ozone/integration-test/target/test-classes/webapps/ozoneManager}
2020-07-01 13:14:03,168 [Listener at 127.0.0.1/10600] INFO  server.AbstractConnector (AbstractConnector.java:doStart(330)) - Started ServerConnector@4738ed1e{HTTP/1.1,[http/1.1]}{0.0.0.0:10602}
2020-07-01 13:14:03,168 [Listener at 127.0.0.1/10600] INFO  server.Server (Server.java:doStart(399)) - Started @107000ms
2020-07-01 13:14:03,169 [Listener at 127.0.0.1/10600] WARN  impl.MetricsSystemImpl (MetricsSystemImpl.java:register(276)) - Sink prometheus already exists!
2020-07-01 13:14:03,171 [Listener at 127.0.0.1/10600] INFO  http.BaseHttpServer (BaseHttpServer.java:updateConnectorAddress(327)) - HTTP server of ozoneManager listening at http://0.0.0.0:10602
2020-07-01 13:14:03,172 [Listener at 127.0.0.1/10600] INFO  ozone.MiniOzoneHAClusterImpl (MiniOzoneHAClusterImpl.java:createOMService(380)) - Started OzoneManager RPC server at localhost/127.0.0.1:10600
2020-07-01 13:14:03,172 [org.apache.hadoop.util.JvmPauseMonitor$Monitor@40d354c8] INFO  util.JvmPauseMonitor (JvmPauseMonitor.java:run(188)) - Starting JVM pause monitor
2020-07-01 13:14:03,172 [Listener at 127.0.0.1/10600] WARN  server.ServerUtils (ServerUtils.java:getDBPath(225)) - ozone.om.db.dirs is not configured. We recommend adding this setting. Falling back to ozone.metadata.dirs instead.
2020-07-01 13:14:03,174 [Listener at 127.0.0.1/10600] INFO  ha.OMHANodeDetails (OMHANodeDetails.java:loadOMHAConfig(110)) - ServiceID for OzoneManager is om-service-test1
2020-07-01 13:14:03,174 [Listener at 127.0.0.1/10600] INFO  ha.OMHANodeDetails (OMHANodeDetails.java:loadOMHAConfig(188)) - Found matching OM address with OMServiceId: om-service-test1, OMNodeId: omNode-2, RPC Address: localhost:10606 and Ratis port: 10610
2020-07-01 13:14:03,175 [Listener at 127.0.0.1/10600] INFO  ha.OMHANodeDetails (OMHANodeDetails.java:setOMNodeSpecificConfigs(314)) - Setting configuration key ozone.om.http-address with value of key ozone.om.http-address.omNode-2: 127.0.0.1:10608
2020-07-01 13:14:03,175 [Listener at 127.0.0.1/10600] INFO  ha.OMHANodeDetails (OMHANodeDetails.java:setOMNodeSpecificConfigs(314)) - Setting configuration key ozone.om.https-address with value of key ozone.om.https-address.omNode-2: 127.0.0.1:10609
2020-07-01 13:14:03,175 [Listener at 127.0.0.1/10600] INFO  ha.OMHANodeDetails (OMHANodeDetails.java:setOMNodeSpecificConfigs(314)) - Setting configuration key ozone.om.address with value of key ozone.om.address.omNode-2: 127.0.0.1:10606
2020-07-01 13:14:03,175 [Listener at 127.0.0.1/10600] WARN  server.ServerUtils (ServerUtils.java:getDBPath(225)) - ozone.om.db.dirs is not configured. We recommend adding this setting. Falling back to ozone.metadata.dirs instead.
2020-07-01 13:14:03,175 [Listener at 127.0.0.1/10600] WARN  server.ServerUtils (ServerUtils.java:getDBPath(225)) - ozone.om.db.dirs is not configured. We recommend adding this setting. Falling back to ozone.metadata.dirs instead.
2020-07-01 13:14:03,179 [Listener at 127.0.0.1/10600] WARN  server.ServerUtils (ServerUtils.java:getDBPath(225)) - ozone.om.db.dirs is not configured. We recommend adding this setting. Falling back to ozone.metadata.dirs instead.
2020-07-01 13:14:03,234 [Listener at 127.0.0.1/10600] WARN  server.ServerUtils (ServerUtils.java:getDefaultRatisDirectory(237)) - Storage directory for Ratis is not configured. It is a good idea to map this to an SSD disk. Falling back to ozone.metadata.dirs
2020-07-01 13:14:03,235 [Listener at 127.0.0.1/10600] INFO  ratis.OzoneManagerRatisServer (OzoneManagerRatisServer.java:<init>(268)) - Instantiating OM Ratis server with GroupID: om-service-test1 and Raft Peers: localhost:10610, localhost:10604, localhost:10616
2020-07-01 13:14:03,235 [Listener at 127.0.0.1/10600] INFO  ratis.OzoneManagerStateMachine (OzoneManagerStateMachine.java:loadSnapshotInfoFromDB(539)) - LastAppliedIndex is set from TransactionInfo from OM DB as (t:0, i:~)
2020-07-01 13:14:03,235 [Listener at 127.0.0.1/10600] INFO  impl.RaftServerProxy (ConfUtils.java:logGet(44)) - raft.rpc.type = GRPC (default)
2020-07-01 13:14:03,235 [Listener at 127.0.0.1/10600] INFO  grpc.GrpcFactory (GrpcFactory.java:checkPooledByteBufAllocatorUseCacheForAllThreads(45)) - PERFORMANCE WARNING: useCacheForAllThreads is true that may cause Netty to create a lot garbage objects and, as a result, trigger GC.
	It is recommended to disable useCacheForAllThreads by setting -Dorg.apache.ratis.thirdparty.io.netty.allocator.useCacheForAllThreads=false in command line.
2020-07-01 13:14:03,235 [Listener at 127.0.0.1/10600] INFO  grpc.GrpcConfigKeys (ConfUtils.java:logGet(44)) - raft.grpc.server.port = 10610 (custom)
2020-07-01 13:14:03,235 [Listener at 127.0.0.1/10600] INFO  server.GrpcService (ConfUtils.java:logGet(44)) - raft.grpc.message.size.max = 33554432 (custom)
2020-07-01 13:14:03,236 [Listener at 127.0.0.1/10600] INFO  server.RaftServerConfigKeys (ConfUtils.java:logGet(44)) - raft.server.log.appender.buffer.byte-limit = 33554432 (custom)
2020-07-01 13:14:03,236 [Listener at 127.0.0.1/10600] INFO  server.GrpcService (ConfUtils.java:logGet(44)) - raft.grpc.flow.control.window = 1MB (=1048576) (default)
2020-07-01 13:14:03,236 [Listener at 127.0.0.1/10600] INFO  server.RaftServerConfigKeys (ConfUtils.java:logGet(44)) - raft.server.rpc.request.timeout = 3000ms (default)
2020-07-01 13:14:03,237 [Listener at 127.0.0.1/10600] INFO  server.RaftServerConfigKeys (ConfUtils.java:logGet(44)) - raft.server.storage.dir = [/github/workspace/mnt/ozone/hadoop-ozone/integration-test/target/test-dir/MiniOzoneClusterImpl-1a14e66a-5c38-443d-ac03-4d7cff470839/omNode-2/ratis] (custom)
2020-07-01 13:14:03,240 [Listener at 127.0.0.1/10600] INFO  impl.RaftServerProxy (RaftServerProxy.java:addNew(89)) - omNode-2: addNew group-523986131536:[omNode-3:localhost:10616, omNode-1:localhost:10604, omNode-2:localhost:10610] returns group-523986131536:java.util.concurrent.CompletableFuture@2c3ac7f8[Not completed]
2020-07-01 13:14:03,241 [pool-477-thread-1] INFO  impl.RaftServerImpl (RaftServerImpl.java:<init>(99)) - omNode-2: new RaftServerImpl for group-523986131536:[omNode-3:localhost:10616, omNode-1:localhost:10604, omNode-2:localhost:10610] with OzoneManagerStateMachine:uninitialized
2020-07-01 13:14:03,244 [Listener at 127.0.0.1/10600] INFO  om.OzoneManager (OzoneManager.java:initializeRatisServer(1224)) - OzoneManager Ratis server initialized at port 10610
2020-07-01 13:14:03,244 [Listener at 127.0.0.1/10600] WARN  server.ServerUtils (ServerUtils.java:getDefaultRatisDirectory(237)) - Storage directory for Ratis is not configured. It is a good idea to map this to an SSD disk. Falling back to ozone.metadata.dirs
2020-07-01 13:14:03,244 [Listener at 127.0.0.1/10600] WARN  server.ServerUtils (ServerUtils.java:getDefaultRatisDirectory(237)) - Storage directory for Ratis is not configured. It is a good idea to map this to an SSD disk. Falling back to ozone.metadata.dirs
2020-07-01 13:14:03,245 [Listener at 127.0.0.1/10600] INFO  snapshot.OzoneManagerSnapshotProvider (OzoneManagerSnapshotProvider.java:<init>(77)) - Initializing OM Snapshot Provider
2020-07-01 13:14:03,246 [Listener at 127.0.0.1/10600] INFO  ipc.CallQueueManager (CallQueueManager.java:<init>(84)) - Using callQueue: class java.util.concurrent.LinkedBlockingQueue, queueCapacity: 2000, scheduler: class org.apache.hadoop.ipc.DefaultRpcScheduler, ipcBackoff: false.
2020-07-01 13:14:03,251 [pool-477-thread-1] INFO  server.RaftServerConfigKeys (ConfUtils.java:logGet(44)) - raft.server.rpc.timeout.min = 1s (custom)
2020-07-01 13:14:03,252 [pool-477-thread-1] INFO  server.RaftServerConfigKeys (ConfUtils.java:logGet(44)) - raft.server.rpc.timeout.max = 1200ms (custom)
2020-07-01 13:14:03,252 [pool-477-thread-1] INFO  server.RaftServerConfigKeys (ConfUtils.java:logGet(44)) - raft.server.rpcslowness.timeout = 2s (custom)
2020-07-01 13:14:03,252 [pool-477-thread-1] INFO  server.RaftServerConfigKeys (ConfUtils.java:logGet(44)) - raft.server.sleep.deviation.threshold = 300 (default)
2020-07-01 13:14:03,252 [pool-477-thread-1] INFO  server.RaftServerConfigKeys (ConfUtils.java:logGet(44)) - raft.server.log.appender.install.snapshot.enabled = false (custom)
2020-07-01 13:14:03,252 [pool-477-thread-1] INFO  impl.RaftServerImpl (ServerState.java:<init>(103)) - omNode-2@group-523986131536: ConfigurationManager, init=-1: [omNode-3:localhost:10616, omNode-1:localhost:10604, omNode-2:localhost:10610], old=null, confs=<EMPTY_MAP>
2020-07-01 13:14:03,252 [pool-477-thread-1] INFO  server.RaftServerConfigKeys (ConfUtils.java:logGet(44)) - raft.server.storage.dir = [/github/workspace/mnt/ozone/hadoop-ozone/integration-test/target/test-dir/MiniOzoneClusterImpl-1a14e66a-5c38-443d-ac03-4d7cff470839/omNode-2/ratis] (custom)
2020-07-01 13:14:03,252 [pool-477-thread-1] INFO  server.RaftServerConfigKeys (ConfUtils.java:logGet(44)) - raft.server.log.corruption.policy = EXCEPTION (default)
2020-07-01 13:14:03,252 [pool-477-thread-1] INFO  storage.RaftStorageDirectory (RaftStorageDirectory.java:analyzeStorage(261)) - The storage directory /github/workspace/mnt/ozone/hadoop-ozone/integration-test/target/test-dir/MiniOzoneClusterImpl-1a14e66a-5c38-443d-ac03-4d7cff470839/omNode-2/ratis/c9bc4cf4-3bc3-3c60-a66b-523986131536 does not exist. Creating ...
2020-07-01 13:14:03,253 [Socket Reader #1 for port 10606] INFO  ipc.Server (Server.java:run(1219)) - Starting Socket Reader #1 for port 10606
2020-07-01 13:14:03,266 [pool-477-thread-1] INFO  storage.RaftStorageDirectory (RaftStorageDirectory.java:tryLock(343)) - Lock on /github/workspace/mnt/ozone/hadoop-ozone/integration-test/target/test-dir/MiniOzoneClusterImpl-1a14e66a-5c38-443d-ac03-4d7cff470839/omNode-2/ratis/c9bc4cf4-3bc3-3c60-a66b-523986131536/in_use.lock acquired by nodename 17000@e05bf891e8f7
2020-07-01 13:14:03,268 [pool-477-thread-1] INFO  storage.RaftStorage (RaftStorage.java:format(84)) - Storage directory /github/workspace/mnt/ozone/hadoop-ozone/integration-test/target/test-dir/MiniOzoneClusterImpl-1a14e66a-5c38-443d-ac03-4d7cff470839/omNode-2/ratis/c9bc4cf4-3bc3-3c60-a66b-523986131536 has been successfully formatted.
2020-07-01 13:14:03,268 [pool-477-thread-1] INFO  ratis.OzoneManagerStateMachine (OzoneManagerStateMachine.java:getLatestSnapshot(147)) - Latest Snapshot Info 0#-1
2020-07-01 13:14:03,268 [pool-477-thread-1] INFO  server.RaftServerConfigKeys (ConfUtils.java:logGet(44)) - raft.server.notification.no-leader.timeout = 2s (custom)
2020-07-01 13:14:03,268 [pool-477-thread-1] INFO  server.RaftServerConfigKeys (ConfUtils.java:logGet(44)) - raft.server.log.use.memory = false (default)
2020-07-01 13:14:03,268 [pool-477-thread-1] INFO  server.RaftServerConfigKeys (ConfUtils.java:logGet(44)) - raft.server.log.purge.gap = 50 (custom)
2020-07-01 13:14:03,268 [pool-477-thread-1] INFO  server.RaftServerConfigKeys (ConfUtils.java:logGet(44)) - raft.server.log.appender.buffer.byte-limit = 33554432 (custom)
2020-07-01 13:14:03,268 [pool-477-thread-1] INFO  server.RaftServerConfigKeys (ConfUtils.java:logGet(44)) - raft.server.log.segment.size.max = 16384 (custom)
2020-07-01 13:14:03,268 [pool-477-thread-1] INFO  metrics.RatisMetrics (RatisMetrics.java:lambda$create$0(36)) - Creating Metrics Registry : ratis.log_worker.omNode-2@group-523986131536
2020-07-01 13:14:03,269 [pool-477-thread-1] INFO  server.RaftServerConfigKeys (ConfUtils.java:logGet(44)) - raft.server.log.segment.cache.num.max = 2 (custom)
2020-07-01 13:14:03,269 [pool-477-thread-1] INFO  segmented.SegmentedRaftLogWorker (SegmentedRaftLogWorker.java:<init>(180)) - new omNode-2@group-523986131536-SegmentedRaftLogWorker for RaftStorage:Storage Directory /github/workspace/mnt/ozone/hadoop-ozone/integration-test/target/test-dir/MiniOzoneClusterImpl-1a14e66a-5c38-443d-ac03-4d7cff470839/omNode-2/ratis/c9bc4cf4-3bc3-3c60-a66b-523986131536
2020-07-01 13:14:03,269 [pool-477-thread-1] INFO  server.RaftServerConfigKeys (ConfUtils.java:logGet(44)) - raft.server.log.queue.byte-limit = 64MB (=67108864) (default)
2020-07-01 13:14:03,269 [pool-477-thread-1] INFO  server.RaftServerConfigKeys (ConfUtils.java:logGet(44)) - raft.server.log.queue.element-limit = 4096 (default)
2020-07-01 13:14:03,269 [pool-477-thread-1] INFO  server.RaftServerConfigKeys (ConfUtils.java:logGet(44)) - raft.server.log.segment.size.max = 16384 (custom)
2020-07-01 13:14:03,269 [pool-477-thread-1] INFO  server.RaftServerConfigKeys (ConfUtils.java:logGet(44)) - raft.server.log.preallocated.size = 16384 (custom)
2020-07-01 13:14:03,269 [pool-477-thread-1] INFO  server.RaftServerConfigKeys (ConfUtils.java:logGet(44)) - raft.server.log.write.buffer.size = 64KB (=65536) (default)
2020-07-01 13:14:03,269 [pool-477-thread-1] INFO  server.RaftServerConfigKeys (ConfUtils.java:logGet(44)) - raft.server.log.force.sync.num = 128 (default)
2020-07-01 13:14:03,269 [pool-477-thread-1] INFO  server.RaftServerConfigKeys (ConfUtils.java:logGet(44)) - raft.server.log.statemachine.data.sync = true (default)
2020-07-01 13:14:03,269 [pool-477-thread-1] INFO  server.RaftServerConfigKeys (ConfUtils.java:logGet(44)) - raft.server.log.statemachine.data.sync.timeout = 10s (default)
2020-07-01 13:14:03,269 [pool-477-thread-1] INFO  server.RaftServerConfigKeys (ConfUtils.java:logGet(44)) - raft.server.log.statemachine.data.sync.timeout.retry = -1 (default)
2020-07-01 13:14:03,271 [pool-477-thread-1] INFO  server.RaftServerConfigKeys (ConfUtils.java:logGet(44)) - raft.server.log.statemachine.data.caching.enabled = false (default)
2020-07-01 13:14:03,271 [pool-477-thread-1] INFO  segmented.SegmentedRaftLogWorker (SegmentedRaftLogWorker.java:lambda$new$0(129)) - omNode-2@group-523986131536-SegmentedRaftLogWorker: flushIndex: setUnconditionally 0 -> -1
2020-07-01 13:14:03,271 [pool-477-thread-1] INFO  segmented.SegmentedRaftLogWorker (SegmentedRaftLogWorker.java:lambda$new$0(129)) - omNode-2@group-523986131536-SegmentedRaftLogWorker: safeCacheEvictIndex: setUnconditionally 0 -> -1
2020-07-01 13:14:03,276 [pool-477-thread-1] INFO  server.RaftServerConfigKeys (ConfUtils.java:logGet(44)) - raft.server.snapshot.auto.trigger.enabled = true (custom)
2020-07-01 13:14:03,276 [pool-477-thread-1] INFO  server.RaftServerConfigKeys (ConfUtils.java:logGet(44)) - raft.server.snapshot.auto.trigger.threshold = 50 (custom)
2020-07-01 13:14:03,276 [pool-477-thread-1] INFO  server.RaftServerConfigKeys (ConfUtils.java:logGet(44)) - raft.server.snapshot.retention.file.num = -1 (default)
2020-07-01 13:14:03,276 [pool-477-thread-1] INFO  server.RaftServerConfigKeys (ConfUtils.java:logGet(44)) - raft.server.log.purge.upto.snapshot.index = false (default)
2020-07-01 13:14:03,276 [pool-477-thread-1] INFO  server.RaftServerConfigKeys (ConfUtils.java:logGet(44)) - raft.server.retrycache.expirytime = 600000ms (custom)
2020-07-01 13:14:03,277 [pool-477-thread-1] INFO  metrics.RatisMetrics (RatisMetrics.java:lambda$create$0(36)) - Creating Metrics Registry : ratis.leader_election.omNode-2@group-523986131536
2020-07-01 13:14:03,277 [pool-477-thread-1] INFO  metrics.RatisMetrics (RatisMetrics.java:lambda$create$0(36)) - Creating Metrics Registry : ratis.server.omNode-2@group-523986131536
2020-07-01 13:14:03,279 [Listener at 127.0.0.1/10606] INFO  impl.MetricsSystemImpl (MetricsSystemImpl.java:init(158)) - OzoneManager metrics system started (again)
2020-07-01 13:14:03,280 [Listener at 127.0.0.1/10606] INFO  om.OzoneManager (OzoneManager.java:start(1083)) - OzoneManager RPC server is listening at localhost/127.0.0.1:10606
2020-07-01 13:14:03,280 [Listener at 127.0.0.1/10606] INFO  ratis.OzoneManagerRatisServer (OzoneManagerRatisServer.java:start(365)) - Starting OzoneManagerRatisServer omNode-2 at port 10610
2020-07-01 13:14:03,281 [Listener at 127.0.0.1/10606] INFO  impl.RaftServerImpl (RaftServerImpl.java:start(186)) - omNode-2@group-523986131536: start as a follower, conf=-1: [omNode-3:localhost:10616, omNode-1:localhost:10604, omNode-2:localhost:10610], old=null
2020-07-01 13:14:03,281 [Listener at 127.0.0.1/10606] INFO  impl.RaftServerImpl (RaftServerImpl.java:setRole(175)) - omNode-2@group-523986131536: changes role from      null to FOLLOWER at term 0 for startAsFollower
2020-07-01 13:14:03,281 [Listener at 127.0.0.1/10606] INFO  impl.RoleInfo (RoleInfo.java:updateAndGet(143)) - omNode-2: start FollowerState
2020-07-01 13:14:03,281 [Listener at 127.0.0.1/10606] INFO  util.JmxRegister (JmxRegister.java:tryRegister(44)) - Successfully registered JMX Bean with object name Ratis:service=RaftServer,group=group-523986131536,id=omNode-2
2020-07-01 13:14:03,281 [Listener at 127.0.0.1/10606] INFO  metrics.RatisMetrics (RatisMetrics.java:lambda$create$0(36)) - Creating Metrics Registry : ratis.state_machine.omNode-2@group-523986131536
2020-07-01 13:14:03,282 [Listener at 127.0.0.1/10606] INFO  impl.RaftServerProxy (RaftServerProxy.java:lambda$start$3(304)) - omNode-2: start RPC server
2020-07-01 13:14:03,282 [Listener at 127.0.0.1/10606] INFO  server.GrpcService (GrpcService.java:startImpl(160)) - omNode-2: GrpcService started, listening on 0.0.0.0/0.0.0.0:10610
2020-07-01 13:14:03,283 [IPC Server Responder] INFO  ipc.Server (Server.java:run(1460)) - IPC Server Responder: starting
2020-07-01 13:14:03,284 [IPC Server listener on 10606] INFO  ipc.Server (Server.java:run(1298)) - IPC Server listener on 10606: starting
2020-07-01 13:14:03,294 [Listener at 127.0.0.1/10606] INFO  http.BaseHttpServer (BaseHttpServer.java:newHttpServer2BuilderForOzone(207)) - Starting Web-server for ozoneManager at: http://0.0.0.0:10608
2020-07-01 13:14:03,294 [Listener at 127.0.0.1/10606] INFO  http.BaseHttpServer (BaseHttpServer.java:<init>(106)) - Hadoop Security Enabled: false Ozone Security Enabled: false Ozone HTTP Security Enabled: false 
2020-07-01 13:14:03,295 [Listener at 127.0.0.1/10606] INFO  server.AuthenticationFilter (AuthenticationFilter.java:constructSecretProvider(240)) - Unable to initialize FileSignerSecretProvider, falling back to use random secrets.
2020-07-01 13:14:03,295 [Listener at 127.0.0.1/10606] WARN  http.HttpRequestLog (HttpRequestLog.java:getRequestLog(103)) - Jetty request log can only be enabled using Log4j
2020-07-01 13:14:03,296 [Listener at 127.0.0.1/10606] INFO  http.HttpServer2 (HttpServer2.java:addGlobalFilter(997)) - Added global filter 'safety' (class=org.apache.hadoop.hdds.server.http.HttpServer2$QuotingInputFilter)
2020-07-01 13:14:03,296 [Listener at 127.0.0.1/10606] INFO  http.HttpServer2 (HttpServer2.java:addFilter(973)) - Added filter static_user_filter (class=org.apache.hadoop.http.lib.StaticUserWebFilter$StaticUserFilter) to context ozoneManager
2020-07-01 13:14:03,296 [Listener at 127.0.0.1/10606] INFO  http.HttpServer2 (HttpServer2.java:addFilter(981)) - Added filter static_user_filter (class=org.apache.hadoop.http.lib.StaticUserWebFilter$StaticUserFilter) to context static
2020-07-01 13:14:03,296 [Listener at 127.0.0.1/10606] INFO  http.HttpServer2 (HttpServer2.java:addFilter(981)) - Added filter static_user_filter (class=org.apache.hadoop.http.lib.StaticUserWebFilter$StaticUserFilter) to context logs
2020-07-01 13:14:03,297 [Listener at 127.0.0.1/10606] INFO  http.HttpServer2 (HttpServer2.java:bindListener(1215)) - Jetty bound to port 10608
2020-07-01 13:14:03,297 [Listener at 127.0.0.1/10606] INFO  server.Server (Server.java:doStart(359)) - jetty-9.4.26.v20200117; built: 2020-01-17T12:35:33.676Z; git: 7b38981d25d14afb4a12ff1f2596756144edf695; jvm 1.8.0_232-b09
2020-07-01 13:14:03,298 [Listener at 127.0.0.1/10606] INFO  server.session (DefaultSessionIdManager.java:doStart(333)) - DefaultSessionIdManager workerName=node0
2020-07-01 13:14:03,298 [Listener at 127.0.0.1/10606] INFO  server.session (DefaultSessionIdManager.java:doStart(338)) - No SessionScavenger set, using defaults
2020-07-01 13:14:03,298 [Listener at 127.0.0.1/10606] INFO  server.session (HouseKeeper.java:startScavenging(140)) - node0 Scavenging every 660000ms
2020-07-01 13:14:03,299 [Listener at 127.0.0.1/10606] INFO  handler.ContextHandler (ContextHandler.java:doStart(825)) - Started o.e.j.s.ServletContextHandler@35b48478{logs,/logs,file:///github/workspace/mnt/ozone/hadoop-ozone/integration-test/target/log,AVAILABLE}
2020-07-01 13:14:03,299 [Listener at 127.0.0.1/10606] INFO  handler.ContextHandler (ContextHandler.java:doStart(825)) - Started o.e.j.s.ServletContextHandler@3b73d64{static,/static,file:///github/workspace/mnt/ozone/hadoop-ozone/integration-test/target/test-classes/webapps/static,AVAILABLE}
2020-07-01 13:14:03,302 [Listener at 127.0.0.1/10606] INFO  handler.ContextHandler (ContextHandler.java:doStart(825)) - Started o.e.j.w.WebAppContext@3e92a1ee{ozoneManager,/,file:///github/workspace/mnt/ozone/hadoop-ozone/integration-test/target/test-classes/webapps/ozoneManager/,AVAILABLE}{file:/github/workspace/mnt/ozone/hadoop-ozone/integration-test/target/test-classes/webapps/ozoneManager}
2020-07-01 13:14:03,302 [Listener at 127.0.0.1/10606] INFO  server.AbstractConnector (AbstractConnector.java:doStart(330)) - Started ServerConnector@765f8bd7{HTTP/1.1,[http/1.1]}{0.0.0.0:10608}
2020-07-01 13:14:03,303 [Listener at 127.0.0.1/10606] INFO  server.Server (Server.java:doStart(399)) - Started @107134ms
2020-07-01 13:14:03,303 [Listener at 127.0.0.1/10606] WARN  impl.MetricsSystemImpl (MetricsSystemImpl.java:register(276)) - Sink prometheus already exists!
2020-07-01 13:14:03,305 [Listener at 127.0.0.1/10606] INFO  http.BaseHttpServer (BaseHttpServer.java:updateConnectorAddress(327)) - HTTP server of ozoneManager listening at http://0.0.0.0:10608
2020-07-01 13:14:03,305 [Listener at 127.0.0.1/10606] INFO  ozone.MiniOzoneHAClusterImpl (MiniOzoneHAClusterImpl.java:createOMService(380)) - Started OzoneManager RPC server at localhost/127.0.0.1:10606
2020-07-01 13:14:03,306 [org.apache.hadoop.util.JvmPauseMonitor$Monitor@25b48c69] INFO  util.JvmPauseMonitor (JvmPauseMonitor.java:run(188)) - Starting JVM pause monitor
2020-07-01 13:14:03,306 [Listener at 127.0.0.1/10606] WARN  server.ServerUtils (ServerUtils.java:getDBPath(225)) - ozone.om.db.dirs is not configured. We recommend adding this setting. Falling back to ozone.metadata.dirs instead.
2020-07-01 13:14:03,307 [Listener at 127.0.0.1/10606] INFO  ha.OMHANodeDetails (OMHANodeDetails.java:loadOMHAConfig(110)) - ServiceID for OzoneManager is om-service-test1
2020-07-01 13:14:03,307 [Listener at 127.0.0.1/10606] INFO  ha.OMHANodeDetails (OMHANodeDetails.java:loadOMHAConfig(188)) - Found matching OM address with OMServiceId: om-service-test1, OMNodeId: omNode-3, RPC Address: localhost:10612 and Ratis port: 10616
2020-07-01 13:14:03,308 [Listener at 127.0.0.1/10606] INFO  ha.OMHANodeDetails (OMHANodeDetails.java:setOMNodeSpecificConfigs(314)) - Setting configuration key ozone.om.http-address with value of key ozone.om.http-address.omNode-3: 127.0.0.1:10614
2020-07-01 13:14:03,308 [Listener at 127.0.0.1/10606] INFO  ha.OMHANodeDetails (OMHANodeDetails.java:setOMNodeSpecificConfigs(314)) - Setting configuration key ozone.om.https-address with value of key ozone.om.https-address.omNode-3: 127.0.0.1:10615
2020-07-01 13:14:03,308 [Listener at 127.0.0.1/10606] INFO  ha.OMHANodeDetails (OMHANodeDetails.java:setOMNodeSpecificConfigs(314)) - Setting configuration key ozone.om.address with value of key ozone.om.address.omNode-3: 127.0.0.1:10612
2020-07-01 13:14:03,308 [Listener at 127.0.0.1/10606] WARN  server.ServerUtils (ServerUtils.java:getDBPath(225)) - ozone.om.db.dirs is not configured. We recommend adding this setting. Falling back to ozone.metadata.dirs instead.
2020-07-01 13:14:03,308 [Listener at 127.0.0.1/10606] WARN  server.ServerUtils (ServerUtils.java:getDBPath(225)) - ozone.om.db.dirs is not configured. We recommend adding this setting. Falling back to ozone.metadata.dirs instead.
2020-07-01 13:14:03,314 [Listener at 127.0.0.1/10606] WARN  server.ServerUtils (ServerUtils.java:getDBPath(225)) - ozone.om.db.dirs is not configured. We recommend adding this setting. Falling back to ozone.metadata.dirs instead.
2020-07-01 13:14:03,370 [Listener at 127.0.0.1/10606] WARN  server.ServerUtils (ServerUtils.java:getDefaultRatisDirectory(237)) - Storage directory for Ratis is not configured. It is a good idea to map this to an SSD disk. Falling back to ozone.metadata.dirs
2020-07-01 13:14:03,370 [Listener at 127.0.0.1/10606] INFO  ratis.OzoneManagerRatisServer (OzoneManagerRatisServer.java:<init>(268)) - Instantiating OM Ratis server with GroupID: om-service-test1 and Raft Peers: localhost:10616, localhost:10604, localhost:10610
2020-07-01 13:14:03,370 [Listener at 127.0.0.1/10606] INFO  ratis.OzoneManagerStateMachine (OzoneManagerStateMachine.java:loadSnapshotInfoFromDB(539)) - LastAppliedIndex is set from TransactionInfo from OM DB as (t:0, i:~)
2020-07-01 13:14:03,371 [Listener at 127.0.0.1/10606] INFO  impl.RaftServerProxy (ConfUtils.java:logGet(44)) - raft.rpc.type = GRPC (default)
2020-07-01 13:14:03,371 [Listener at 127.0.0.1/10606] INFO  grpc.GrpcFactory (GrpcFactory.java:checkPooledByteBufAllocatorUseCacheForAllThreads(45)) - PERFORMANCE WARNING: useCacheForAllThreads is true that may cause Netty to create a lot garbage objects and, as a result, trigger GC.
	It is recommended to disable useCacheForAllThreads by setting -Dorg.apache.ratis.thirdparty.io.netty.allocator.useCacheForAllThreads=false in command line.
2020-07-01 13:14:03,371 [Listener at 127.0.0.1/10606] INFO  grpc.GrpcConfigKeys (ConfUtils.java:logGet(44)) - raft.grpc.server.port = 10616 (custom)
2020-07-01 13:14:03,371 [Listener at 127.0.0.1/10606] INFO  server.GrpcService (ConfUtils.java:logGet(44)) - raft.grpc.message.size.max = 33554432 (custom)
2020-07-01 13:14:03,371 [Listener at 127.0.0.1/10606] INFO  server.RaftServerConfigKeys (ConfUtils.java:logGet(44)) - raft.server.log.appender.buffer.byte-limit = 33554432 (custom)
2020-07-01 13:14:03,371 [Listener at 127.0.0.1/10606] INFO  server.GrpcService (ConfUtils.java:logGet(44)) - raft.grpc.flow.control.window = 1MB (=1048576) (default)
2020-07-01 13:14:03,371 [Listener at 127.0.0.1/10606] INFO  server.RaftServerConfigKeys (ConfUtils.java:logGet(44)) - raft.server.rpc.request.timeout = 3000ms (default)
2020-07-01 13:14:03,372 [Listener at 127.0.0.1/10606] INFO  server.RaftServerConfigKeys (ConfUtils.java:logGet(44)) - raft.server.storage.dir = [/github/workspace/mnt/ozone/hadoop-ozone/integration-test/target/test-dir/MiniOzoneClusterImpl-1a14e66a-5c38-443d-ac03-4d7cff470839/omNode-3/ratis] (custom)
2020-07-01 13:14:03,372 [Listener at 127.0.0.1/10606] INFO  impl.RaftServerProxy (RaftServerProxy.java:addNew(89)) - omNode-3: addNew group-523986131536:[omNode-3:localhost:10616, omNode-1:localhost:10604, omNode-2:localhost:10610] returns group-523986131536:java.util.concurrent.CompletableFuture@3241493a[Not completed]
2020-07-01 13:14:03,372 [pool-493-thread-1] INFO  impl.RaftServerImpl (RaftServerImpl.java:<init>(99)) - omNode-3: new RaftServerImpl for group-523986131536:[omNode-3:localhost:10616, omNode-1:localhost:10604, omNode-2:localhost:10610] with OzoneManagerStateMachine:uninitialized
2020-07-01 13:14:03,373 [Listener at 127.0.0.1/10606] INFO  om.OzoneManager (OzoneManager.java:initializeRatisServer(1224)) - OzoneManager Ratis server initialized at port 10616
2020-07-01 13:14:03,377 [Listener at 127.0.0.1/10606] WARN  server.ServerUtils (ServerUtils.java:getDefaultRatisDirectory(237)) - Storage directory for Ratis is not configured. It is a good idea to map this to an SSD disk. Falling back to ozone.metadata.dirs
2020-07-01 13:14:03,377 [pool-493-thread-1] INFO  server.RaftServerConfigKeys (ConfUtils.java:logGet(44)) - raft.server.rpc.timeout.min = 1s (custom)
2020-07-01 13:14:03,377 [pool-493-thread-1] INFO  server.RaftServerConfigKeys (ConfUtils.java:logGet(44)) - raft.server.rpc.timeout.max = 1200ms (custom)
2020-07-01 13:14:03,377 [Listener at 127.0.0.1/10606] WARN  server.ServerUtils (ServerUtils.java:getDefaultRatisDirectory(237)) - Storage directory for Ratis is not configured. It is a good idea to map this to an SSD disk. Falling back to ozone.metadata.dirs
2020-07-01 13:14:03,377 [pool-493-thread-1] INFO  server.RaftServerConfigKeys (ConfUtils.java:logGet(44)) - raft.server.rpcslowness.timeout = 2s (custom)
2020-07-01 13:14:03,377 [pool-493-thread-1] INFO  server.RaftServerConfigKeys (ConfUtils.java:logGet(44)) - raft.server.sleep.deviation.threshold = 300 (default)
2020-07-01 13:14:03,377 [Listener at 127.0.0.1/10606] INFO  snapshot.OzoneManagerSnapshotProvider (OzoneManagerSnapshotProvider.java:<init>(77)) - Initializing OM Snapshot Provider
2020-07-01 13:14:03,377 [pool-493-thread-1] INFO  server.RaftServerConfigKeys (ConfUtils.java:logGet(44)) - raft.server.log.appender.install.snapshot.enabled = false (custom)
2020-07-01 13:14:03,378 [pool-493-thread-1] INFO  impl.RaftServerImpl (ServerState.java:<init>(103)) - omNode-3@group-523986131536: ConfigurationManager, init=-1: [omNode-3:localhost:10616, omNode-1:localhost:10604, omNode-2:localhost:10610], old=null, confs=<EMPTY_MAP>
2020-07-01 13:14:03,378 [pool-493-thread-1] INFO  server.RaftServerConfigKeys (ConfUtils.java:logGet(44)) - raft.server.storage.dir = [/github/workspace/mnt/ozone/hadoop-ozone/integration-test/target/test-dir/MiniOzoneClusterImpl-1a14e66a-5c38-443d-ac03-4d7cff470839/omNode-3/ratis] (custom)
2020-07-01 13:14:03,378 [pool-493-thread-1] INFO  server.RaftServerConfigKeys (ConfUtils.java:logGet(44)) - raft.server.log.corruption.policy = EXCEPTION (default)
2020-07-01 13:14:03,378 [pool-493-thread-1] INFO  storage.RaftStorageDirectory (RaftStorageDirectory.java:analyzeStorage(261)) - The storage directory /github/workspace/mnt/ozone/hadoop-ozone/integration-test/target/test-dir/MiniOzoneClusterImpl-1a14e66a-5c38-443d-ac03-4d7cff470839/omNode-3/ratis/c9bc4cf4-3bc3-3c60-a66b-523986131536 does not exist. Creating ...
2020-07-01 13:14:03,379 [pool-493-thread-1] INFO  storage.RaftStorageDirectory (RaftStorageDirectory.java:tryLock(343)) - Lock on /github/workspace/mnt/ozone/hadoop-ozone/integration-test/target/test-dir/MiniOzoneClusterImpl-1a14e66a-5c38-443d-ac03-4d7cff470839/omNode-3/ratis/c9bc4cf4-3bc3-3c60-a66b-523986131536/in_use.lock acquired by nodename 17000@e05bf891e8f7
2020-07-01 13:14:03,380 [pool-493-thread-1] INFO  storage.RaftStorage (RaftStorage.java:format(84)) - Storage directory /github/workspace/mnt/ozone/hadoop-ozone/integration-test/target/test-dir/MiniOzoneClusterImpl-1a14e66a-5c38-443d-ac03-4d7cff470839/omNode-3/ratis/c9bc4cf4-3bc3-3c60-a66b-523986131536 has been successfully formatted.
2020-07-01 13:14:03,380 [pool-493-thread-1] INFO  ratis.OzoneManagerStateMachine (OzoneManagerStateMachine.java:getLatestSnapshot(147)) - Latest Snapshot Info 0#-1
2020-07-01 13:14:03,380 [pool-493-thread-1] INFO  server.RaftServerConfigKeys (ConfUtils.java:logGet(44)) - raft.server.notification.no-leader.timeout = 2s (custom)
2020-07-01 13:14:03,380 [pool-493-thread-1] INFO  server.RaftServerConfigKeys (ConfUtils.java:logGet(44)) - raft.server.log.use.memory = false (default)
2020-07-01 13:14:03,381 [pool-493-thread-1] INFO  server.RaftServerConfigKeys (ConfUtils.java:logGet(44)) - raft.server.log.purge.gap = 50 (custom)
2020-07-01 13:14:03,381 [pool-493-thread-1] INFO  server.RaftServerConfigKeys (ConfUtils.java:logGet(44)) - raft.server.log.appender.buffer.byte-limit = 33554432 (custom)
2020-07-01 13:14:03,381 [pool-493-thread-1] INFO  server.RaftServerConfigKeys (ConfUtils.java:logGet(44)) - raft.server.log.segment.size.max = 16384 (custom)
2020-07-01 13:14:03,381 [pool-493-thread-1] INFO  metrics.RatisMetrics (RatisMetrics.java:lambda$create$0(36)) - Creating Metrics Registry : ratis.log_worker.omNode-3@group-523986131536
2020-07-01 13:14:03,381 [pool-493-thread-1] INFO  server.RaftServerConfigKeys (ConfUtils.java:logGet(44)) - raft.server.log.segment.cache.num.max = 2 (custom)
2020-07-01 13:14:03,381 [pool-493-thread-1] INFO  segmented.SegmentedRaftLogWorker (SegmentedRaftLogWorker.java:<init>(180)) - new omNode-3@group-523986131536-SegmentedRaftLogWorker for RaftStorage:Storage Directory /github/workspace/mnt/ozone/hadoop-ozone/integration-test/target/test-dir/MiniOzoneClusterImpl-1a14e66a-5c38-443d-ac03-4d7cff470839/omNode-3/ratis/c9bc4cf4-3bc3-3c60-a66b-523986131536
2020-07-01 13:14:03,381 [pool-493-thread-1] INFO  server.RaftServerConfigKeys (ConfUtils.java:logGet(44)) - raft.server.log.queue.byte-limit = 64MB (=67108864) (default)
2020-07-01 13:14:03,381 [pool-493-thread-1] INFO  server.RaftServerConfigKeys (ConfUtils.java:logGet(44)) - raft.server.log.queue.element-limit = 4096 (default)
2020-07-01 13:14:03,381 [pool-493-thread-1] INFO  server.RaftServerConfigKeys (ConfUtils.java:logGet(44)) - raft.server.log.segment.size.max = 16384 (custom)
2020-07-01 13:14:03,381 [pool-493-thread-1] INFO  server.RaftServerConfigKeys (ConfUtils.java:logGet(44)) - raft.server.log.preallocated.size = 16384 (custom)
2020-07-01 13:14:03,381 [pool-493-thread-1] INFO  server.RaftServerConfigKeys (ConfUtils.java:logGet(44)) - raft.server.log.write.buffer.size = 64KB (=65536) (default)
2020-07-01 13:14:03,381 [pool-493-thread-1] INFO  server.RaftServerConfigKeys (ConfUtils.java:logGet(44)) - raft.server.log.force.sync.num = 128 (default)
2020-07-01 13:14:03,381 [pool-493-thread-1] INFO  server.RaftServerConfigKeys (ConfUtils.java:logGet(44)) - raft.server.log.statemachine.data.sync = true (default)
2020-07-01 13:14:03,381 [pool-493-thread-1] INFO  server.RaftServerConfigKeys (ConfUtils.java:logGet(44)) - raft.server.log.statemachine.data.sync.timeout = 10s (default)
2020-07-01 13:14:03,381 [pool-493-thread-1] INFO  server.RaftServerConfigKeys (ConfUtils.java:logGet(44)) - raft.server.log.statemachine.data.sync.timeout.retry = -1 (default)
2020-07-01 13:14:03,383 [pool-493-thread-1] INFO  server.RaftServerConfigKeys (ConfUtils.java:logGet(44)) - raft.server.log.statemachine.data.caching.enabled = false (default)
2020-07-01 13:14:03,383 [pool-493-thread-1] INFO  segmented.SegmentedRaftLogWorker (SegmentedRaftLogWorker.java:lambda$new$0(129)) - omNode-3@group-523986131536-SegmentedRaftLogWorker: flushIndex: setUnconditionally 0 -> -1
2020-07-01 13:14:03,383 [pool-493-thread-1] INFO  segmented.SegmentedRaftLogWorker (SegmentedRaftLogWorker.java:lambda$new$0(129)) - omNode-3@group-523986131536-SegmentedRaftLogWorker: safeCacheEvictIndex: setUnconditionally 0 -> -1
2020-07-01 13:14:03,384 [pool-493-thread-1] INFO  server.RaftServerConfigKeys (ConfUtils.java:logGet(44)) - raft.server.snapshot.auto.trigger.enabled = true (custom)
2020-07-01 13:14:03,384 [pool-493-thread-1] INFO  server.RaftServerConfigKeys (ConfUtils.java:logGet(44)) - raft.server.snapshot.auto.trigger.threshold = 50 (custom)
2020-07-01 13:14:03,384 [pool-493-thread-1] INFO  server.RaftServerConfigKeys (ConfUtils.java:logGet(44)) - raft.server.snapshot.retention.file.num = -1 (default)
2020-07-01 13:14:03,384 [pool-493-thread-1] INFO  server.RaftServerConfigKeys (ConfUtils.java:logGet(44)) - raft.server.log.purge.upto.snapshot.index = false (default)
2020-07-01 13:14:03,384 [pool-493-thread-1] INFO  server.RaftServerConfigKeys (ConfUtils.java:logGet(44)) - raft.server.retrycache.expirytime = 600000ms (custom)
2020-07-01 13:14:03,384 [pool-493-thread-1] INFO  metrics.RatisMetrics (RatisMetrics.java:lambda$create$0(36)) - Creating Metrics Registry : ratis.leader_election.omNode-3@group-523986131536
2020-07-01 13:14:03,385 [pool-493-thread-1] INFO  metrics.RatisMetrics (RatisMetrics.java:lambda$create$0(36)) - Creating Metrics Registry : ratis.server.omNode-3@group-523986131536
2020-07-01 13:14:03,386 [Listener at 127.0.0.1/10606] INFO  ipc.CallQueueManager (CallQueueManager.java:<init>(84)) - Using callQueue: class java.util.concurrent.LinkedBlockingQueue, queueCapacity: 2000, scheduler: class org.apache.hadoop.ipc.DefaultRpcScheduler, ipcBackoff: false.
2020-07-01 13:14:03,387 [Socket Reader #1 for port 10612] INFO  ipc.Server (Server.java:run(1219)) - Starting Socket Reader #1 for port 10612
2020-07-01 13:14:03,405 [Listener at 127.0.0.1/10612] INFO  impl.MetricsSystemImpl (MetricsSystemImpl.java:init(158)) - OzoneManager metrics system started (again)
2020-07-01 13:14:03,406 [Listener at 127.0.0.1/10612] INFO  om.OzoneManager (OzoneManager.java:start(1083)) - OzoneManager RPC server is listening at localhost/127.0.0.1:10612
2020-07-01 13:14:03,406 [Listener at 127.0.0.1/10612] INFO  ratis.OzoneManagerRatisServer (OzoneManagerRatisServer.java:start(365)) - Starting OzoneManagerRatisServer omNode-3 at port 10616
2020-07-01 13:14:03,408 [Listener at 127.0.0.1/10612] INFO  impl.RaftServerImpl (RaftServerImpl.java:start(186)) - omNode-3@group-523986131536: start as a follower, conf=-1: [omNode-3:localhost:10616, omNode-1:localhost:10604, omNode-2:localhost:10610], old=null
2020-07-01 13:14:03,408 [Listener at 127.0.0.1/10612] INFO  impl.RaftServerImpl (RaftServerImpl.java:setRole(175)) - omNode-3@group-523986131536: changes role from      null to FOLLOWER at term 0 for startAsFollower
2020-07-01 13:14:03,408 [Listener at 127.0.0.1/10612] INFO  impl.RoleInfo (RoleInfo.java:updateAndGet(143)) - omNode-3: start FollowerState
2020-07-01 13:14:03,408 [Listener at 127.0.0.1/10612] INFO  util.JmxRegister (JmxRegister.java:tryRegister(44)) - Successfully registered JMX Bean with object name Ratis:service=RaftServer,group=group-523986131536,id=omNode-3
2020-07-01 13:14:03,409 [Listener at 127.0.0.1/10612] INFO  metrics.RatisMetrics (RatisMetrics.java:lambda$create$0(36)) - Creating Metrics Registry : ratis.state_machine.omNode-3@group-523986131536
2020-07-01 13:14:03,409 [Listener at 127.0.0.1/10612] INFO  impl.RaftServerProxy (RaftServerProxy.java:lambda$start$3(304)) - omNode-3: start RPC server
2020-07-01 13:14:03,410 [Listener at 127.0.0.1/10612] INFO  server.GrpcService (GrpcService.java:startImpl(160)) - omNode-3: GrpcService started, listening on 0.0.0.0/0.0.0.0:10616
2020-07-01 13:14:03,411 [IPC Server Responder] INFO  ipc.Server (Server.java:run(1460)) - IPC Server Responder: starting
2020-07-01 13:14:03,411 [IPC Server listener on 10612] INFO  ipc.Server (Server.java:run(1298)) - IPC Server listener on 10612: starting
2020-07-01 13:14:03,431 [Listener at 127.0.0.1/10612] INFO  http.BaseHttpServer (BaseHttpServer.java:newHttpServer2BuilderForOzone(207)) - Starting Web-server for ozoneManager at: http://0.0.0.0:10614
2020-07-01 13:14:03,431 [Listener at 127.0.0.1/10612] INFO  http.BaseHttpServer (BaseHttpServer.java:<init>(106)) - Hadoop Security Enabled: false Ozone Security Enabled: false Ozone HTTP Security Enabled: false 
2020-07-01 13:14:03,431 [Listener at 127.0.0.1/10612] INFO  server.AuthenticationFilter (AuthenticationFilter.java:constructSecretProvider(240)) - Unable to initialize FileSignerSecretProvider, falling back to use random secrets.
2020-07-01 13:14:03,432 [Listener at 127.0.0.1/10612] WARN  http.HttpRequestLog (HttpRequestLog.java:getRequestLog(103)) - Jetty request log can only be enabled using Log4j
2020-07-01 13:14:03,433 [Listener at 127.0.0.1/10612] INFO  http.HttpServer2 (HttpServer2.java:addGlobalFilter(997)) - Added global filter 'safety' (class=org.apache.hadoop.hdds.server.http.HttpServer2$QuotingInputFilter)
2020-07-01 13:14:03,433 [Listener at 127.0.0.1/10612] INFO  http.HttpServer2 (HttpServer2.java:addFilter(973)) - Added filter static_user_filter (class=org.apache.hadoop.http.lib.StaticUserWebFilter$StaticUserFilter) to context ozoneManager
2020-07-01 13:14:03,433 [Listener at 127.0.0.1/10612] INFO  http.HttpServer2 (HttpServer2.java:addFilter(981)) - Added filter static_user_filter (class=org.apache.hadoop.http.lib.StaticUserWebFilter$StaticUserFilter) to context logs
2020-07-01 13:14:03,433 [Listener at 127.0.0.1/10612] INFO  http.HttpServer2 (HttpServer2.java:addFilter(981)) - Added filter static_user_filter (class=org.apache.hadoop.http.lib.StaticUserWebFilter$StaticUserFilter) to context static
2020-07-01 13:14:03,434 [Listener at 127.0.0.1/10612] INFO  http.HttpServer2 (HttpServer2.java:bindListener(1215)) - Jetty bound to port 10614
2020-07-01 13:14:03,434 [Listener at 127.0.0.1/10612] INFO  server.Server (Server.java:doStart(359)) - jetty-9.4.26.v20200117; built: 2020-01-17T12:35:33.676Z; git: 7b38981d25d14afb4a12ff1f2596756144edf695; jvm 1.8.0_232-b09
2020-07-01 13:14:03,438 [Listener at 127.0.0.1/10612] INFO  server.session (DefaultSessionIdManager.java:doStart(333)) - DefaultSessionIdManager workerName=node0
2020-07-01 13:14:03,438 [Listener at 127.0.0.1/10612] INFO  server.session (DefaultSessionIdManager.java:doStart(338)) - No SessionScavenger set, using defaults
2020-07-01 13:14:03,438 [Listener at 127.0.0.1/10612] INFO  server.session (HouseKeeper.java:startScavenging(140)) - node0 Scavenging every 660000ms
2020-07-01 13:14:03,439 [Listener at 127.0.0.1/10612] INFO  handler.ContextHandler (ContextHandler.java:doStart(825)) - Started o.e.j.s.ServletContextHandler@7798ddcc{logs,/logs,file:///github/workspace/mnt/ozone/hadoop-ozone/integration-test/target/log,AVAILABLE}
2020-07-01 13:14:03,439 [Listener at 127.0.0.1/10612] INFO  handler.ContextHandler (ContextHandler.java:doStart(825)) - Started o.e.j.s.ServletContextHandler@3f50a97f{static,/static,file:///github/workspace/mnt/ozone/hadoop-ozone/integration-test/target/test-classes/webapps/static,AVAILABLE}
2020-07-01 13:14:03,442 [Listener at 127.0.0.1/10612] INFO  handler.ContextHandler (ContextHandler.java:doStart(825)) - Started o.e.j.w.WebAppContext@7ba6a03e{ozoneManager,/,file:///github/workspace/mnt/ozone/hadoop-ozone/integration-test/target/test-classes/webapps/ozoneManager/,AVAILABLE}{file:/github/workspace/mnt/ozone/hadoop-ozone/integration-test/target/test-classes/webapps/ozoneManager}
2020-07-01 13:14:03,443 [Listener at 127.0.0.1/10612] INFO  server.AbstractConnector (AbstractConnector.java:doStart(330)) - Started ServerConnector@2585a61e{HTTP/1.1,[http/1.1]}{0.0.0.0:10614}
2020-07-01 13:14:03,443 [Listener at 127.0.0.1/10612] INFO  server.Server (Server.java:doStart(399)) - Started @107274ms
2020-07-01 13:14:03,443 [Listener at 127.0.0.1/10612] WARN  impl.MetricsSystemImpl (MetricsSystemImpl.java:register(276)) - Sink prometheus already exists!
2020-07-01 13:14:03,446 [Listener at 127.0.0.1/10612] INFO  http.BaseHttpServer (BaseHttpServer.java:updateConnectorAddress(327)) - HTTP server of ozoneManager listening at http://0.0.0.0:10614
2020-07-01 13:14:03,448 [Listener at 127.0.0.1/10612] INFO  ozone.MiniOzoneHAClusterImpl (MiniOzoneHAClusterImpl.java:createOMService(380)) - Started OzoneManager RPC server at localhost/127.0.0.1:10612
2020-07-01 13:14:03,453 [Listener at 127.0.0.1/10612] INFO  impl.MetricsSystemImpl (MetricsSystemImpl.java:init(158)) - HddsDatanode metrics system started (again)
2020-07-01 13:14:03,455 [Listener at 127.0.0.1/10612] INFO  ozone.HddsDatanodeService (HddsDatanodeService.java:start(197)) - HddsDatanodeService host:e05bf891e8f7 ip:172.17.0.2
2020-07-01 13:14:03,455 [org.apache.hadoop.util.JvmPauseMonitor$Monitor@10066394] INFO  util.JvmPauseMonitor (JvmPauseMonitor.java:run(188)) - Starting JVM pause monitor
2020-07-01 13:14:03,461 [Listener at 127.0.0.1/10612] INFO  volume.HddsVolume (HddsVolume.java:<init>(176)) - Creating Volume: /github/workspace/mnt/ozone/hadoop-ozone/integration-test/target/test-dir/MiniOzoneClusterImpl-1a14e66a-5c38-443d-ac03-4d7cff470839/datanode-0/data-0/containers/hdds of storage type : DISK and capacity : 9223372036854775807
2020-07-01 13:14:03,461 [Listener at 127.0.0.1/10612] INFO  volume.MutableVolumeSet (MutableVolumeSet.java:initializeVolumeSet(181)) - Added Volume : /github/workspace/mnt/ozone/hadoop-ozone/integration-test/target/test-dir/MiniOzoneClusterImpl-1a14e66a-5c38-443d-ac03-4d7cff470839/datanode-0/data-0/containers/hdds to VolumeSet
2020-07-01 13:14:03,461 [Listener at 127.0.0.1/10612] INFO  volume.ThrottledAsyncChecker (ThrottledAsyncChecker.java:schedule(141)) - Scheduling a check for /github/workspace/mnt/ozone/hadoop-ozone/integration-test/target/test-dir/MiniOzoneClusterImpl-1a14e66a-5c38-443d-ac03-4d7cff470839/datanode-0/data-0/containers/hdds
2020-07-01 13:14:03,468 [Listener at 127.0.0.1/10612] INFO  volume.HddsVolumeChecker (HddsVolumeChecker.java:checkAllVolumes(200)) - Scheduled health check for volume /github/workspace/mnt/ozone/hadoop-ozone/integration-test/target/test-dir/MiniOzoneClusterImpl-1a14e66a-5c38-443d-ac03-4d7cff470839/datanode-0/data-0/containers/hdds
2020-07-01 13:14:03,486 [Listener at 127.0.0.1/10612] INFO  impl.RaftServerProxy (ConfUtils.java:logGet(44)) - raft.rpc.type = GRPC (default)
2020-07-01 13:14:03,486 [Listener at 127.0.0.1/10612] INFO  grpc.GrpcFactory (GrpcFactory.java:checkPooledByteBufAllocatorUseCacheForAllThreads(45)) - PERFORMANCE WARNING: useCacheForAllThreads is true that may cause Netty to create a lot garbage objects and, as a result, trigger GC.
	It is recommended to disable useCacheForAllThreads by setting -Dorg.apache.ratis.thirdparty.io.netty.allocator.useCacheForAllThreads=false in command line.
2020-07-01 13:14:03,486 [Listener at 127.0.0.1/10612] INFO  grpc.GrpcConfigKeys (ConfUtils.java:logGet(44)) - raft.grpc.server.port = 0 (default)
2020-07-01 13:14:03,486 [Listener at 127.0.0.1/10612] INFO  server.GrpcService (ConfUtils.java:logGet(44)) - raft.grpc.message.size.max = 32MB (=33554432) (custom)
2020-07-01 13:14:03,486 [Listener at 127.0.0.1/10612] INFO  server.RaftServerConfigKeys (ConfUtils.java:logGet(44)) - raft.server.log.appender.buffer.byte-limit = 33554432 (custom)
2020-07-01 13:14:03,486 [Listener at 127.0.0.1/10612] INFO  server.GrpcService (ConfUtils.java:logGet(44)) - raft.grpc.flow.control.window = 5MB (=5242880) (custom)
2020-07-01 13:14:03,487 [Listener at 127.0.0.1/10612] INFO  server.RaftServerConfigKeys (ConfUtils.java:logGet(44)) - raft.server.rpc.request.timeout = 60s (custom)
2020-07-01 13:14:03,487 [Listener at 127.0.0.1/10612] INFO  server.RaftServerConfigKeys (ConfUtils.java:logGet(44)) - raft.server.storage.dir = [/github/workspace/mnt/ozone/hadoop-ozone/integration-test/target/test-dir/MiniOzoneClusterImpl-1a14e66a-5c38-443d-ac03-4d7cff470839/datanode-0/data/ratis] (custom)
2020-07-01 13:14:03,492 [Listener at 127.0.0.1/10612] INFO  http.BaseHttpServer (BaseHttpServer.java:newHttpServer2BuilderForOzone(207)) - Starting Web-server for hddsDatanode at: http://0.0.0.0:0
2020-07-01 13:14:03,492 [Listener at 127.0.0.1/10612] INFO  http.BaseHttpServer (BaseHttpServer.java:<init>(106)) - Hadoop Security Enabled: false Ozone Security Enabled: false Ozone HTTP Security Enabled: false 
2020-07-01 13:14:03,493 [Listener at 127.0.0.1/10612] INFO  server.AuthenticationFilter (AuthenticationFilter.java:constructSecretProvider(240)) - Unable to initialize FileSignerSecretProvider, falling back to use random secrets.
2020-07-01 13:14:03,493 [Listener at 127.0.0.1/10612] WARN  http.HttpRequestLog (HttpRequestLog.java:getRequestLog(103)) - Jetty request log can only be enabled using Log4j
2020-07-01 13:14:03,494 [Listener at 127.0.0.1/10612] INFO  http.HttpServer2 (HttpServer2.java:addGlobalFilter(997)) - Added global filter 'safety' (class=org.apache.hadoop.hdds.server.http.HttpServer2$QuotingInputFilter)
2020-07-01 13:14:03,494 [Listener at 127.0.0.1/10612] INFO  http.HttpServer2 (HttpServer2.java:addFilter(973)) - Added filter static_user_filter (class=org.apache.hadoop.http.lib.StaticUserWebFilter$StaticUserFilter) to context hddsDatanode
2020-07-01 13:14:03,494 [Listener at 127.0.0.1/10612] INFO  http.HttpServer2 (HttpServer2.java:addFilter(981)) - Added filter static_user_filter (class=org.apache.hadoop.http.lib.StaticUserWebFilter$StaticUserFilter) to context static
2020-07-01 13:14:03,494 [Listener at 127.0.0.1/10612] INFO  http.HttpServer2 (HttpServer2.java:addFilter(981)) - Added filter static_user_filter (class=org.apache.hadoop.http.lib.StaticUserWebFilter$StaticUserFilter) to context logs
2020-07-01 13:14:03,494 [Listener at 127.0.0.1/10612] INFO  http.HttpServer2 (HttpServer2.java:bindListener(1215)) - Jetty bound to port 34697
2020-07-01 13:14:03,494 [Listener at 127.0.0.1/10612] INFO  server.Server (Server.java:doStart(359)) - jetty-9.4.26.v20200117; built: 2020-01-17T12:35:33.676Z; git: 7b38981d25d14afb4a12ff1f2596756144edf695; jvm 1.8.0_232-b09
2020-07-01 13:14:03,499 [Listener at 127.0.0.1/10612] INFO  server.session (DefaultSessionIdManager.java:doStart(333)) - DefaultSessionIdManager workerName=node0
2020-07-01 13:14:03,499 [Listener at 127.0.0.1/10612] INFO  server.session (DefaultSessionIdManager.java:doStart(338)) - No SessionScavenger set, using defaults
2020-07-01 13:14:03,499 [Listener at 127.0.0.1/10612] INFO  server.session (HouseKeeper.java:startScavenging(140)) - node0 Scavenging every 600000ms
2020-07-01 13:14:03,500 [Listener at 127.0.0.1/10612] INFO  handler.ContextHandler (ContextHandler.java:doStart(825)) - Started o.e.j.s.ServletContextHandler@63d8838d{logs,/logs,file:///github/workspace/mnt/ozone/hadoop-ozone/integration-test/target/log,AVAILABLE}
2020-07-01 13:14:03,500 [Listener at 127.0.0.1/10612] INFO  handler.ContextHandler (ContextHandler.java:doStart(825)) - Started o.e.j.s.ServletContextHandler@6b02aac0{static,/static,jar:file:/home/user/.m2/repository/org/apache/hadoop/hadoop-hdds-container-service/0.6.0-SNAPSHOT/hadoop-hdds-container-service-0.6.0-SNAPSHOT.jar!/webapps/static,AVAILABLE}
2020-07-01 13:14:03,518 [Listener at 127.0.0.1/10612] INFO  handler.ContextHandler (ContextHandler.java:doStart(825)) - Started o.e.j.w.WebAppContext@102caaf0{hddsDatanode,/,file:///tmp/jetty-0_0_0_0-34697-hadoop-hdds-container-service-0_6_0-SNAPSHOT_jar-_-any-6210449525743534040.dir/webapp/,AVAILABLE}{jar:file:/home/user/.m2/repository/org/apache/hadoop/hadoop-hdds-container-service/0.6.0-SNAPSHOT/hadoop-hdds-container-service-0.6.0-SNAPSHOT.jar!/webapps/hddsDatanode}
2020-07-01 13:14:03,520 [Listener at 127.0.0.1/10612] INFO  server.AbstractConnector (AbstractConnector.java:doStart(330)) - Started ServerConnector@156e9e28{HTTP/1.1,[http/1.1]}{0.0.0.0:34697}
2020-07-01 13:14:03,520 [Listener at 127.0.0.1/10612] INFO  server.Server (Server.java:doStart(399)) - Started @107351ms
2020-07-01 13:14:03,520 [Listener at 127.0.0.1/10612] WARN  impl.MetricsSystemImpl (MetricsSystemImpl.java:register(276)) - Sink prometheus already exists!
2020-07-01 13:14:03,523 [Listener at 127.0.0.1/10612] INFO  http.BaseHttpServer (BaseHttpServer.java:updateConnectorAddress(327)) - HTTP server of hddsDatanode listening at http://0.0.0.0:34697
2020-07-01 13:14:03,523 [Listener at 127.0.0.1/10612] INFO  impl.MetricsSystemImpl (MetricsSystemImpl.java:init(158)) - HddsDatanode metrics system started (again)
2020-07-01 13:14:03,524 [Listener at 127.0.0.1/10612] INFO  ozone.HddsDatanodeService (HddsDatanodeService.java:start(197)) - HddsDatanodeService host:e05bf891e8f7 ip:172.17.0.2
2020-07-01 13:14:03,526 [Listener at 127.0.0.1/10612] INFO  volume.HddsVolume (HddsVolume.java:<init>(176)) - Creating Volume: /github/workspace/mnt/ozone/hadoop-ozone/integration-test/target/test-dir/MiniOzoneClusterImpl-1a14e66a-5c38-443d-ac03-4d7cff470839/datanode-1/data-0/containers/hdds of storage type : DISK and capacity : 9223372036854775807
2020-07-01 13:14:03,526 [Listener at 127.0.0.1/10612] INFO  volume.MutableVolumeSet (MutableVolumeSet.java:initializeVolumeSet(181)) - Added Volume : /github/workspace/mnt/ozone/hadoop-ozone/integration-test/target/test-dir/MiniOzoneClusterImpl-1a14e66a-5c38-443d-ac03-4d7cff470839/datanode-1/data-0/containers/hdds to VolumeSet
2020-07-01 13:14:03,526 [Listener at 127.0.0.1/10612] INFO  volume.ThrottledAsyncChecker (ThrottledAsyncChecker.java:schedule(141)) - Scheduling a check for /github/workspace/mnt/ozone/hadoop-ozone/integration-test/target/test-dir/MiniOzoneClusterImpl-1a14e66a-5c38-443d-ac03-4d7cff470839/datanode-1/data-0/containers/hdds
2020-07-01 13:14:03,526 [Listener at 127.0.0.1/10612] INFO  volume.HddsVolumeChecker (HddsVolumeChecker.java:checkAllVolumes(200)) - Scheduled health check for volume /github/workspace/mnt/ozone/hadoop-ozone/integration-test/target/test-dir/MiniOzoneClusterImpl-1a14e66a-5c38-443d-ac03-4d7cff470839/datanode-1/data-0/containers/hdds
2020-07-01 13:14:03,536 [org.apache.hadoop.util.JvmPauseMonitor$Monitor@666fdb80] INFO  util.JvmPauseMonitor (JvmPauseMonitor.java:run(188)) - Starting JVM pause monitor
2020-07-01 13:14:03,545 [Datanode State Machine Thread - 0] INFO  datanode.InitDatanodeState (InitDatanodeState.java:persistContainerDatanodeDetails(145)) - DatanodeDetails is persisted to /github/workspace/mnt/ozone/hadoop-ozone/integration-test/target/test-dir/MiniOzoneClusterImpl-1a14e66a-5c38-443d-ac03-4d7cff470839/datanode-0/meta/datanode.id
2020-07-01 13:14:03,548 [Listener at 127.0.0.1/10612] INFO  impl.RaftServerProxy (ConfUtils.java:logGet(44)) - raft.rpc.type = GRPC (default)
2020-07-01 13:14:03,548 [Listener at 127.0.0.1/10612] INFO  grpc.GrpcFactory (GrpcFactory.java:checkPooledByteBufAllocatorUseCacheForAllThreads(45)) - PERFORMANCE WARNING: useCacheForAllThreads is true that may cause Netty to create a lot garbage objects and, as a result, trigger GC.
	It is recommended to disable useCacheForAllThreads by setting -Dorg.apache.ratis.thirdparty.io.netty.allocator.useCacheForAllThreads=false in command line.
2020-07-01 13:14:03,548 [Listener at 127.0.0.1/10612] INFO  grpc.GrpcConfigKeys (ConfUtils.java:logGet(44)) - raft.grpc.server.port = 0 (default)
2020-07-01 13:14:03,548 [Listener at 127.0.0.1/10612] INFO  server.GrpcService (ConfUtils.java:logGet(44)) - raft.grpc.message.size.max = 32MB (=33554432) (custom)
2020-07-01 13:14:03,549 [Listener at 127.0.0.1/10612] INFO  server.RaftServerConfigKeys (ConfUtils.java:logGet(44)) - raft.server.log.appender.buffer.byte-limit = 33554432 (custom)
2020-07-01 13:14:03,549 [Listener at 127.0.0.1/10612] INFO  server.GrpcService (ConfUtils.java:logGet(44)) - raft.grpc.flow.control.window = 5MB (=5242880) (custom)
2020-07-01 13:14:03,549 [Listener at 127.0.0.1/10612] INFO  server.RaftServerConfigKeys (ConfUtils.java:logGet(44)) - raft.server.rpc.request.timeout = 60s (custom)
2020-07-01 13:14:03,549 [Listener at 127.0.0.1/10612] INFO  server.RaftServerConfigKeys (ConfUtils.java:logGet(44)) - raft.server.storage.dir = [/github/workspace/mnt/ozone/hadoop-ozone/integration-test/target/test-dir/MiniOzoneClusterImpl-1a14e66a-5c38-443d-ac03-4d7cff470839/datanode-1/data/ratis] (custom)
2020-07-01 13:14:03,553 [Listener at 127.0.0.1/10612] INFO  http.BaseHttpServer (BaseHttpServer.java:newHttpServer2BuilderForOzone(207)) - Starting Web-server for hddsDatanode at: http://0.0.0.0:0
2020-07-01 13:14:03,553 [Listener at 127.0.0.1/10612] INFO  http.BaseHttpServer (BaseHttpServer.java:<init>(106)) - Hadoop Security Enabled: false Ozone Security Enabled: false Ozone HTTP Security Enabled: false 
2020-07-01 13:14:03,554 [Listener at 127.0.0.1/10612] INFO  server.AuthenticationFilter (AuthenticationFilter.java:constructSecretProvider(240)) - Unable to initialize FileSignerSecretProvider, falling back to use random secrets.
2020-07-01 13:14:03,554 [Listener at 127.0.0.1/10612] WARN  http.HttpRequestLog (HttpRequestLog.java:getRequestLog(103)) - Jetty request log can only be enabled using Log4j
2020-07-01 13:14:03,555 [Listener at 127.0.0.1/10612] INFO  http.HttpServer2 (HttpServer2.java:addGlobalFilter(997)) - Added global filter 'safety' (class=org.apache.hadoop.hdds.server.http.HttpServer2$QuotingInputFilter)
2020-07-01 13:14:03,555 [Listener at 127.0.0.1/10612] INFO  http.HttpServer2 (HttpServer2.java:addFilter(973)) - Added filter static_user_filter (class=org.apache.hadoop.http.lib.StaticUserWebFilter$StaticUserFilter) to context hddsDatanode
2020-07-01 13:14:03,555 [Listener at 127.0.0.1/10612] INFO  http.HttpServer2 (HttpServer2.java:addFilter(981)) - Added filter static_user_filter (class=org.apache.hadoop.http.lib.StaticUserWebFilter$StaticUserFilter) to context static
2020-07-01 13:14:03,555 [Listener at 127.0.0.1/10612] INFO  http.HttpServer2 (HttpServer2.java:addFilter(981)) - Added filter static_user_filter (class=org.apache.hadoop.http.lib.StaticUserWebFilter$StaticUserFilter) to context logs
2020-07-01 13:14:03,556 [Listener at 127.0.0.1/10612] INFO  http.HttpServer2 (HttpServer2.java:bindListener(1215)) - Jetty bound to port 44871
2020-07-01 13:14:03,556 [Listener at 127.0.0.1/10612] INFO  server.Server (Server.java:doStart(359)) - jetty-9.4.26.v20200117; built: 2020-01-17T12:35:33.676Z; git: 7b38981d25d14afb4a12ff1f2596756144edf695; jvm 1.8.0_232-b09
2020-07-01 13:14:03,557 [Listener at 127.0.0.1/10612] INFO  server.session (DefaultSessionIdManager.java:doStart(333)) - DefaultSessionIdManager workerName=node0
2020-07-01 13:14:03,557 [Listener at 127.0.0.1/10612] INFO  server.session (DefaultSessionIdManager.java:doStart(338)) - No SessionScavenger set, using defaults
2020-07-01 13:14:03,557 [Listener at 127.0.0.1/10612] INFO  server.session (HouseKeeper.java:startScavenging(140)) - node0 Scavenging every 600000ms
2020-07-01 13:14:03,558 [Listener at 127.0.0.1/10612] INFO  handler.ContextHandler (ContextHandler.java:doStart(825)) - Started o.e.j.s.ServletContextHandler@7363830e{logs,/logs,file:///github/workspace/mnt/ozone/hadoop-ozone/integration-test/target/log,AVAILABLE}
2020-07-01 13:14:03,558 [Listener at 127.0.0.1/10612] INFO  handler.ContextHandler (ContextHandler.java:doStart(825)) - Started o.e.j.s.ServletContextHandler@17bbd49b{static,/static,jar:file:/home/user/.m2/repository/org/apache/hadoop/hadoop-hdds-container-service/0.6.0-SNAPSHOT/hadoop-hdds-container-service-0.6.0-SNAPSHOT.jar!/webapps/static,AVAILABLE}
2020-07-01 13:14:03,572 [Listener at 127.0.0.1/10612] INFO  handler.ContextHandler (ContextHandler.java:doStart(825)) - Started o.e.j.w.WebAppContext@38f622e0{hddsDatanode,/,file:///tmp/jetty-0_0_0_0-44871-hadoop-hdds-container-service-0_6_0-SNAPSHOT_jar-_-any-8941999838439481518.dir/webapp/,AVAILABLE}{jar:file:/home/user/.m2/repository/org/apache/hadoop/hadoop-hdds-container-service/0.6.0-SNAPSHOT/hadoop-hdds-container-service-0.6.0-SNAPSHOT.jar!/webapps/hddsDatanode}
2020-07-01 13:14:03,573 [Listener at 127.0.0.1/10612] INFO  server.AbstractConnector (AbstractConnector.java:doStart(330)) - Started ServerConnector@19250384{HTTP/1.1,[http/1.1]}{0.0.0.0:44871}
2020-07-01 13:14:03,573 [Listener at 127.0.0.1/10612] INFO  server.Server (Server.java:doStart(399)) - Started @107404ms
2020-07-01 13:14:03,573 [Listener at 127.0.0.1/10612] WARN  impl.MetricsSystemImpl (MetricsSystemImpl.java:register(276)) - Sink prometheus already exists!
2020-07-01 13:14:03,576 [Listener at 127.0.0.1/10612] INFO  http.BaseHttpServer (BaseHttpServer.java:updateConnectorAddress(327)) - HTTP server of hddsDatanode listening at http://0.0.0.0:44871
2020-07-01 13:14:03,577 [Listener at 127.0.0.1/10612] INFO  impl.MetricsSystemImpl (MetricsSystemImpl.java:init(158)) - HddsDatanode metrics system started (again)
2020-07-01 13:14:03,579 [Listener at 127.0.0.1/10612] INFO  ozone.HddsDatanodeService (HddsDatanodeService.java:start(197)) - HddsDatanodeService host:e05bf891e8f7 ip:172.17.0.2
2020-07-01 13:14:03,580 [Listener at 127.0.0.1/10612] INFO  volume.HddsVolume (HddsVolume.java:<init>(176)) - Creating Volume: /github/workspace/mnt/ozone/hadoop-ozone/integration-test/target/test-dir/MiniOzoneClusterImpl-1a14e66a-5c38-443d-ac03-4d7cff470839/datanode-2/data-0/containers/hdds of storage type : DISK and capacity : 9223372036854775807
2020-07-01 13:14:03,580 [Listener at 127.0.0.1/10612] INFO  volume.MutableVolumeSet (MutableVolumeSet.java:initializeVolumeSet(181)) - Added Volume : /github/workspace/mnt/ozone/hadoop-ozone/integration-test/target/test-dir/MiniOzoneClusterImpl-1a14e66a-5c38-443d-ac03-4d7cff470839/datanode-2/data-0/containers/hdds to VolumeSet
2020-07-01 13:14:03,580 [Listener at 127.0.0.1/10612] INFO  volume.ThrottledAsyncChecker (ThrottledAsyncChecker.java:schedule(141)) - Scheduling a check for /github/workspace/mnt/ozone/hadoop-ozone/integration-test/target/test-dir/MiniOzoneClusterImpl-1a14e66a-5c38-443d-ac03-4d7cff470839/datanode-2/data-0/containers/hdds
2020-07-01 13:14:03,588 [org.apache.hadoop.util.JvmPauseMonitor$Monitor@6e66137d] INFO  util.JvmPauseMonitor (JvmPauseMonitor.java:run(188)) - Starting JVM pause monitor
2020-07-01 13:14:03,589 [Datanode State Machine Thread - 0] INFO  datanode.InitDatanodeState (InitDatanodeState.java:persistContainerDatanodeDetails(145)) - DatanodeDetails is persisted to /github/workspace/mnt/ozone/hadoop-ozone/integration-test/target/test-dir/MiniOzoneClusterImpl-1a14e66a-5c38-443d-ac03-4d7cff470839/datanode-1/meta/datanode.id
2020-07-01 13:14:03,590 [Listener at 127.0.0.1/10612] INFO  volume.HddsVolumeChecker (HddsVolumeChecker.java:checkAllVolumes(200)) - Scheduled health check for volume /github/workspace/mnt/ozone/hadoop-ozone/integration-test/target/test-dir/MiniOzoneClusterImpl-1a14e66a-5c38-443d-ac03-4d7cff470839/datanode-2/data-0/containers/hdds
2020-07-01 13:14:03,605 [Listener at 127.0.0.1/10612] INFO  impl.RaftServerProxy (ConfUtils.java:logGet(44)) - raft.rpc.type = GRPC (default)
2020-07-01 13:14:03,605 [Listener at 127.0.0.1/10612] INFO  grpc.GrpcFactory (GrpcFactory.java:checkPooledByteBufAllocatorUseCacheForAllThreads(45)) - PERFORMANCE WARNING: useCacheForAllThreads is true that may cause Netty to create a lot garbage objects and, as a result, trigger GC.
	It is recommended to disable useCacheForAllThreads by setting -Dorg.apache.ratis.thirdparty.io.netty.allocator.useCacheForAllThreads=false in command line.
2020-07-01 13:14:03,605 [Listener at 127.0.0.1/10612] INFO  grpc.GrpcConfigKeys (ConfUtils.java:logGet(44)) - raft.grpc.server.port = 0 (default)
2020-07-01 13:14:03,605 [Listener at 127.0.0.1/10612] INFO  server.GrpcService (ConfUtils.java:logGet(44)) - raft.grpc.message.size.max = 32MB (=33554432) (custom)
2020-07-01 13:14:03,605 [Listener at 127.0.0.1/10612] INFO  server.RaftServerConfigKeys (ConfUtils.java:logGet(44)) - raft.server.log.appender.buffer.byte-limit = 33554432 (custom)
2020-07-01 13:14:03,605 [Listener at 127.0.0.1/10612] INFO  server.GrpcService (ConfUtils.java:logGet(44)) - raft.grpc.flow.control.window = 5MB (=5242880) (custom)
2020-07-01 13:14:03,605 [Listener at 127.0.0.1/10612] INFO  server.RaftServerConfigKeys (ConfUtils.java:logGet(44)) - raft.server.rpc.request.timeout = 60s (custom)
2020-07-01 13:14:03,606 [Listener at 127.0.0.1/10612] INFO  server.RaftServerConfigKeys (ConfUtils.java:logGet(44)) - raft.server.storage.dir = [/github/workspace/mnt/ozone/hadoop-ozone/integration-test/target/test-dir/MiniOzoneClusterImpl-1a14e66a-5c38-443d-ac03-4d7cff470839/datanode-2/data/ratis] (custom)
2020-07-01 13:14:03,610 [Listener at 127.0.0.1/10612] INFO  http.BaseHttpServer (BaseHttpServer.java:newHttpServer2BuilderForOzone(207)) - Starting Web-server for hddsDatanode at: http://0.0.0.0:0
2020-07-01 13:14:03,610 [Listener at 127.0.0.1/10612] INFO  http.BaseHttpServer (BaseHttpServer.java:<init>(106)) - Hadoop Security Enabled: false Ozone Security Enabled: false Ozone HTTP Security Enabled: false 
2020-07-01 13:14:03,611 [Listener at 127.0.0.1/10612] INFO  server.AuthenticationFilter (AuthenticationFilter.java:constructSecretProvider(240)) - Unable to initialize FileSignerSecretProvider, falling back to use random secrets.
2020-07-01 13:14:03,611 [Listener at 127.0.0.1/10612] WARN  http.HttpRequestLog (HttpRequestLog.java:getRequestLog(103)) - Jetty request log can only be enabled using Log4j
2020-07-01 13:14:03,612 [Listener at 127.0.0.1/10612] INFO  http.HttpServer2 (HttpServer2.java:addGlobalFilter(997)) - Added global filter 'safety' (class=org.apache.hadoop.hdds.server.http.HttpServer2$QuotingInputFilter)
2020-07-01 13:14:03,612 [Listener at 127.0.0.1/10612] INFO  http.HttpServer2 (HttpServer2.java:addFilter(973)) - Added filter static_user_filter (class=org.apache.hadoop.http.lib.StaticUserWebFilter$StaticUserFilter) to context hddsDatanode
2020-07-01 13:14:03,612 [Listener at 127.0.0.1/10612] INFO  http.HttpServer2 (HttpServer2.java:addFilter(981)) - Added filter static_user_filter (class=org.apache.hadoop.http.lib.StaticUserWebFilter$StaticUserFilter) to context logs
2020-07-01 13:14:03,612 [Listener at 127.0.0.1/10612] INFO  http.HttpServer2 (HttpServer2.java:addFilter(981)) - Added filter static_user_filter (class=org.apache.hadoop.http.lib.StaticUserWebFilter$StaticUserFilter) to context static
2020-07-01 13:14:03,612 [Listener at 127.0.0.1/10612] INFO  http.HttpServer2 (HttpServer2.java:bindListener(1215)) - Jetty bound to port 32979
2020-07-01 13:14:03,612 [Listener at 127.0.0.1/10612] INFO  server.Server (Server.java:doStart(359)) - jetty-9.4.26.v20200117; built: 2020-01-17T12:35:33.676Z; git: 7b38981d25d14afb4a12ff1f2596756144edf695; jvm 1.8.0_232-b09
2020-07-01 13:14:03,613 [Listener at 127.0.0.1/10612] INFO  server.session (DefaultSessionIdManager.java:doStart(333)) - DefaultSessionIdManager workerName=node0
2020-07-01 13:14:03,613 [Listener at 127.0.0.1/10612] INFO  server.session (DefaultSessionIdManager.java:doStart(338)) - No SessionScavenger set, using defaults
2020-07-01 13:14:03,614 [Listener at 127.0.0.1/10612] INFO  server.session (HouseKeeper.java:startScavenging(140)) - node0 Scavenging every 660000ms
2020-07-01 13:14:03,614 [Listener at 127.0.0.1/10612] INFO  handler.ContextHandler (ContextHandler.java:doStart(825)) - Started o.e.j.s.ServletContextHandler@43a6cf88{logs,/logs,file:///github/workspace/mnt/ozone/hadoop-ozone/integration-test/target/log,AVAILABLE}
2020-07-01 13:14:03,614 [Listener at 127.0.0.1/10612] INFO  handler.ContextHandler (ContextHandler.java:doStart(825)) - Started o.e.j.s.ServletContextHandler@302a78b5{static,/static,jar:file:/home/user/.m2/repository/org/apache/hadoop/hadoop-hdds-container-service/0.6.0-SNAPSHOT/hadoop-hdds-container-service-0.6.0-SNAPSHOT.jar!/webapps/static,AVAILABLE}
2020-07-01 13:14:03,628 [Listener at 127.0.0.1/10612] INFO  handler.ContextHandler (ContextHandler.java:doStart(825)) - Started o.e.j.w.WebAppContext@417760ac{hddsDatanode,/,file:///tmp/jetty-0_0_0_0-32979-hadoop-hdds-container-service-0_6_0-SNAPSHOT_jar-_-any-8795637735988531596.dir/webapp/,AVAILABLE}{jar:file:/home/user/.m2/repository/org/apache/hadoop/hadoop-hdds-container-service/0.6.0-SNAPSHOT/hadoop-hdds-container-service-0.6.0-SNAPSHOT.jar!/webapps/hddsDatanode}
2020-07-01 13:14:03,629 [Listener at 127.0.0.1/10612] INFO  server.AbstractConnector (AbstractConnector.java:doStart(330)) - Started ServerConnector@671c37e1{HTTP/1.1,[http/1.1]}{0.0.0.0:32979}
2020-07-01 13:14:03,629 [Listener at 127.0.0.1/10612] INFO  server.Server (Server.java:doStart(399)) - Started @107460ms
2020-07-01 13:14:03,629 [Listener at 127.0.0.1/10612] WARN  impl.MetricsSystemImpl (MetricsSystemImpl.java:register(276)) - Sink prometheus already exists!
2020-07-01 13:14:03,632 [Listener at 127.0.0.1/10612] INFO  http.BaseHttpServer (BaseHttpServer.java:updateConnectorAddress(327)) - HTTP server of hddsDatanode listening at http://0.0.0.0:32979
2020-07-01 13:14:03,632 [Listener at 127.0.0.1/10612] INFO  ozone.MiniOzoneClusterImpl (MiniOzoneClusterImpl.java:lambda$waitForClusterToBeReady$0(177)) - Waiting for nodes to be ready. Got 0 of 3 DN Heartbeats.
2020-07-01 13:14:03,632 [Listener at 127.0.0.1/10612] INFO  ozone.MiniOzoneClusterImpl (MiniOzoneClusterImpl.java:lambda$waitForClusterToBeReady$0(180)) - Waiting for cluster to exit safe mode
2020-07-01 13:14:03,634 [org.apache.hadoop.util.JvmPauseMonitor$Monitor@62f65138] INFO  util.JvmPauseMonitor (JvmPauseMonitor.java:run(188)) - Starting JVM pause monitor
2020-07-01 13:14:03,634 [Datanode State Machine Thread - 0] INFO  datanode.InitDatanodeState (InitDatanodeState.java:persistContainerDatanodeDetails(145)) - DatanodeDetails is persisted to /github/workspace/mnt/ozone/hadoop-ozone/integration-test/target/test-dir/MiniOzoneClusterImpl-1a14e66a-5c38-443d-ac03-4d7cff470839/datanode-2/meta/datanode.id
2020-07-01 13:14:04,263 [Thread-1912] INFO  impl.FollowerState (FollowerState.java:run(108)) - omNode-1@group-523986131536-FollowerState: change to CANDIDATE, lastRpcTime:1132ms, electionTimeout:1129ms
2020-07-01 13:14:04,264 [Thread-1912] INFO  impl.RoleInfo (RoleInfo.java:shutdownFollowerState(121)) - omNode-1: shutdown FollowerState
2020-07-01 13:14:04,264 [Thread-1912] INFO  impl.RaftServerImpl (RaftServerImpl.java:setRole(175)) - omNode-1@group-523986131536: changes role from  FOLLOWER to CANDIDATE at term 0 for changeToCandidate
2020-07-01 13:14:04,264 [Thread-1912] INFO  impl.RoleInfo (RoleInfo.java:updateAndGet(143)) - omNode-1: start LeaderElection
2020-07-01 13:14:04,268 [omNode-1@group-523986131536-LeaderElection28] INFO  impl.LeaderElection (LeaderElection.java:askForVotes(206)) - omNode-1@group-523986131536-LeaderElection28: begin an election at term 1 for -1: [omNode-3:localhost:10616, omNode-1:localhost:10604, omNode-2:localhost:10610], old=null
2020-07-01 13:14:04,268 [omNode-1@group-523986131536-LeaderElection28] INFO  ratis.OzoneManagerStateMachine (OzoneManagerStateMachine.java:getLatestSnapshot(147)) - Latest Snapshot Info 0#-1
2020-07-01 13:14:04,290 [grpc-default-executor-1] DEBUG impl.RaftServerImpl (RaftServerImpl.java:requestVote(821)) - omNode-3@group-523986131536: receive requestVote(omNode-1, group-523986131536, 1, (t:0, i:~))
2020-07-01 13:14:04,290 [grpc-default-executor-1] INFO  impl.RaftServerImpl (RaftServerImpl.java:setRole(175)) - omNode-3@group-523986131536: changes role from  FOLLOWER to FOLLOWER at term 1 for recognizeCandidate:omNode-1
2020-07-01 13:14:04,291 [grpc-default-executor-1] INFO  impl.RoleInfo (RoleInfo.java:shutdownFollowerState(121)) - omNode-3: shutdown FollowerState
2020-07-01 13:14:04,291 [grpc-default-executor-1] INFO  impl.RoleInfo (RoleInfo.java:updateAndGet(143)) - omNode-3: start FollowerState
2020-07-01 13:14:04,291 [Thread-1990] INFO  impl.FollowerState (FollowerState.java:run(117)) - omNode-3@group-523986131536-FollowerState was interrupted: java.lang.InterruptedException: sleep interrupted
2020-07-01 13:14:04,291 [grpc-default-executor-0] DEBUG impl.RaftServerImpl (RaftServerImpl.java:requestVote(821)) - omNode-2@group-523986131536: receive requestVote(omNode-1, group-523986131536, 1, (t:0, i:~))
2020-07-01 13:14:04,291 [grpc-default-executor-0] INFO  impl.RaftServerImpl (RaftServerImpl.java:setRole(175)) - omNode-2@group-523986131536: changes role from  FOLLOWER to FOLLOWER at term 1 for recognizeCandidate:omNode-1
2020-07-01 13:14:04,291 [grpc-default-executor-0] INFO  impl.RoleInfo (RoleInfo.java:shutdownFollowerState(121)) - omNode-2: shutdown FollowerState
2020-07-01 13:14:04,294 [grpc-default-executor-1] INFO  ratis.OzoneManagerStateMachine (OzoneManagerStateMachine.java:getLatestSnapshot(147)) - Latest Snapshot Info 0#-1
2020-07-01 13:14:04,294 [grpc-default-executor-0] INFO  impl.RoleInfo (RoleInfo.java:updateAndGet(143)) - omNode-2: start FollowerState
2020-07-01 13:14:04,294 [Thread-1951] INFO  impl.FollowerState (FollowerState.java:run(117)) - omNode-2@group-523986131536-FollowerState was interrupted: java.lang.InterruptedException: sleep interrupted
2020-07-01 13:14:04,294 [grpc-default-executor-0] INFO  ratis.OzoneManagerStateMachine (OzoneManagerStateMachine.java:getLatestSnapshot(147)) - Latest Snapshot Info 0#-1
2020-07-01 13:14:04,300 [grpc-default-executor-1] DEBUG impl.RaftServerImpl (RaftServerImpl.java:requestVote(853)) - omNode-3@group-523986131536 replies to vote request: omNode-1<-omNode-3#0:OK-t1. Peer's state: omNode-3@group-523986131536:t1, leader=null, voted=omNode-1, raftlog=omNode-3@group-523986131536-SegmentedRaftLog:OPENED:c-1,f-1,i0, conf=-1: [omNode-3:localhost:10616, omNode-1:localhost:10604, omNode-2:localhost:10610], old=null
2020-07-01 13:14:04,300 [grpc-default-executor-0] DEBUG impl.RaftServerImpl (RaftServerImpl.java:requestVote(853)) - omNode-2@group-523986131536 replies to vote request: omNode-1<-omNode-2#0:OK-t1. Peer's state: omNode-2@group-523986131536:t1, leader=null, voted=omNode-1, raftlog=omNode-2@group-523986131536-SegmentedRaftLog:OPENED:c-1,f-1,i0, conf=-1: [omNode-3:localhost:10616, omNode-1:localhost:10604, omNode-2:localhost:10610], old=null
2020-07-01 13:14:04,302 [omNode-1@group-523986131536-LeaderElection28] INFO  impl.LeaderElection (LeaderElection.java:logAndReturn(61)) - omNode-1@group-523986131536-LeaderElection28: Election PASSED; received 1 response(s) [omNode-1<-omNode-3#0:OK-t1] and 0 exception(s); omNode-1@group-523986131536:t1, leader=null, voted=omNode-1, raftlog=omNode-1@group-523986131536-SegmentedRaftLog:OPENED:c-1,f-1,i0, conf=-1: [omNode-3:localhost:10616, omNode-1:localhost:10604, omNode-2:localhost:10610], old=null
2020-07-01 13:14:04,302 [omNode-1@group-523986131536-LeaderElection28] INFO  impl.RoleInfo (RoleInfo.java:shutdownLeaderElection(134)) - omNode-1: shutdown LeaderElection
2020-07-01 13:14:04,302 [omNode-1@group-523986131536-LeaderElection28] INFO  impl.RaftServerImpl (RaftServerImpl.java:setRole(175)) - omNode-1@group-523986131536: changes role from CANDIDATE to LEADER at term 1 for changeToLeader
2020-07-01 13:14:04,303 [omNode-1@group-523986131536-LeaderElection28] INFO  impl.RaftServerImpl (ServerState.java:setLeader(255)) - omNode-1@group-523986131536: change Leader from null to omNode-1 at term 1 for becomeLeader, leader elected after 1430ms
2020-07-01 13:14:04,303 [omNode-1@group-523986131536-LeaderElection28] INFO  server.RaftServerConfigKeys (ConfUtils.java:logGet(44)) - raft.server.staging.catchup.gap = 1000 (default)
2020-07-01 13:14:04,303 [omNode-1@group-523986131536-LeaderElection28] INFO  server.RaftServerConfigKeys (ConfUtils.java:logGet(44)) - raft.server.rpc.sleep.time = 25ms (default)
2020-07-01 13:14:04,303 [omNode-1@group-523986131536-LeaderElection28] INFO  metrics.RatisMetrics (RatisMetrics.java:lambda$create$0(36)) - Creating Metrics Registry : ratis.log_appender.omNode-1@group-523986131536
2020-07-01 13:14:04,303 [omNode-1@group-523986131536-LeaderElection28] INFO  server.RaftServerConfigKeys (ConfUtils.java:logGet(44)) - raft.server.write.element-limit = 4096 (default)
2020-07-01 13:14:04,303 [omNode-1@group-523986131536-LeaderElection28] INFO  server.RaftServerConfigKeys (ConfUtils.java:logGet(44)) - raft.server.write.byte-limit = 64MB (=67108864) (default)
2020-07-01 13:14:04,303 [omNode-1@group-523986131536-LeaderElection28] INFO  server.RaftServerConfigKeys (ConfUtils.java:logGet(44)) - raft.server.watch.timeout = 10s (default)
2020-07-01 13:14:04,303 [omNode-1@group-523986131536-LeaderElection28] INFO  server.RaftServerConfigKeys (ConfUtils.java:logGet(44)) - raft.server.watch.timeout.denomination = 1s (default)
2020-07-01 13:14:04,303 [omNode-1@group-523986131536-LeaderElection28] INFO  server.RaftServerConfigKeys (ConfUtils.java:logGet(44)) - raft.server.watch.element-limit = 65536 (default)
2020-07-01 13:14:04,304 [omNode-1@group-523986131536-LeaderElection28] INFO  server.RaftServerConfigKeys (ConfUtils.java:logGet(44)) - raft.server.log.appender.snapshot.chunk.size.max = 16MB (=16777216) (default)
2020-07-01 13:14:04,304 [omNode-1@group-523986131536-LeaderElection28] INFO  server.RaftServerConfigKeys (ConfUtils.java:logGet(44)) - raft.server.log.appender.buffer.byte-limit = 33554432 (custom)
2020-07-01 13:14:04,304 [omNode-1@group-523986131536-LeaderElection28] INFO  server.RaftServerConfigKeys (ConfUtils.java:logGet(44)) - raft.server.log.appender.buffer.element-limit = 1024 (custom)
2020-07-01 13:14:04,304 [omNode-1@group-523986131536-LeaderElection28] INFO  grpc.GrpcConfigKeys (ConfUtils.java:logGet(44)) - raft.grpc.server.leader.outstanding.appends.max = 128 (default)
2020-07-01 13:14:04,304 [omNode-1@group-523986131536-LeaderElection28] INFO  server.RaftServerConfigKeys (ConfUtils.java:logGet(44)) - raft.server.rpc.request.timeout = 3000ms (default)
2020-07-01 13:14:04,304 [omNode-1@group-523986131536-LeaderElection28] INFO  server.RaftServerConfigKeys (ConfUtils.java:logGet(44)) - raft.server.log.appender.install.snapshot.enabled = false (custom)
2020-07-01 13:14:04,304 [omNode-1@group-523986131536-LeaderElection28] INFO  metrics.RatisMetrics (RatisMetrics.java:lambda$create$0(36)) - Creating Metrics Registry : ratis_grpc.log_appender.omNode-1@group-523986131536
2020-07-01 13:14:04,305 [omNode-1@group-523986131536-LeaderElection28] INFO  server.RaftServerConfigKeys (ConfUtils.java:logGet(44)) - raft.server.log.appender.snapshot.chunk.size.max = 16MB (=16777216) (default)
2020-07-01 13:14:04,305 [omNode-1@group-523986131536-LeaderElection28] INFO  server.RaftServerConfigKeys (ConfUtils.java:logGet(44)) - raft.server.log.appender.buffer.byte-limit = 33554432 (custom)
2020-07-01 13:14:04,306 [omNode-1@group-523986131536-LeaderElection28] INFO  server.RaftServerConfigKeys (ConfUtils.java:logGet(44)) - raft.server.log.appender.buffer.element-limit = 1024 (custom)
2020-07-01 13:14:04,306 [omNode-1@group-523986131536-LeaderElection28] INFO  grpc.GrpcConfigKeys (ConfUtils.java:logGet(44)) - raft.grpc.server.leader.outstanding.appends.max = 128 (default)
2020-07-01 13:14:04,306 [omNode-1@group-523986131536-LeaderElection28] INFO  server.RaftServerConfigKeys (ConfUtils.java:logGet(44)) - raft.server.rpc.request.timeout = 3000ms (default)
2020-07-01 13:14:04,306 [omNode-1@group-523986131536-LeaderElection28] INFO  server.RaftServerConfigKeys (ConfUtils.java:logGet(44)) - raft.server.log.appender.install.snapshot.enabled = false (custom)
2020-07-01 13:14:04,307 [omNode-1@group-523986131536-LeaderElection28] INFO  impl.RoleInfo (RoleInfo.java:updateAndGet(143)) - omNode-1: start LeaderState
2020-07-01 13:14:04,307 [omNode-1@group-523986131536-LeaderElection28] INFO  segmented.SegmentedRaftLogWorker (SegmentedRaftLogWorker.java:startLogSegment(397)) - omNode-1@group-523986131536-SegmentedRaftLogWorker: Starting segment from index:0
2020-07-01 13:14:04,309 [omNode-1@group-523986131536-SegmentedRaftLogWorker] INFO  segmented.SegmentedRaftLogWorker (SegmentedRaftLogWorker.java:execute(596)) - omNode-1@group-523986131536-SegmentedRaftLogWorker: created new log segment /github/workspace/mnt/ozone/hadoop-ozone/integration-test/target/test-dir/MiniOzoneClusterImpl-1a14e66a-5c38-443d-ac03-4d7cff470839/omNode-1/ratis/c9bc4cf4-3bc3-3c60-a66b-523986131536/current/log_inprogress_0
2020-07-01 13:14:04,314 [omNode-1@group-523986131536-LeaderElection28] INFO  impl.RaftServerImpl (ServerState.java:setRaftConf(356)) - omNode-1@group-523986131536: set configuration 0: [omNode-3:localhost:10616, omNode-1:localhost:10604, omNode-2:localhost:10610], old=null at 0
2020-07-01 13:14:04,321 [grpc-default-executor-0] INFO  impl.RaftServerImpl (ServerState.java:setLeader(255)) - omNode-3@group-523986131536: change Leader from null to omNode-1 at term 1 for appendEntries, leader elected after 940ms
2020-07-01 13:14:04,322 [grpc-default-executor-0] DEBUG impl.RaftServerImpl (RaftServerImpl.java:logAppendEntries(928)) - omNode-3@group-523986131536: receive appendEntries(omNode-1, 1, null, 0, false, commits[omNode-1:c0, omNode-3:c-1, omNode-2:c-1], entries: (t:1, i:0), CONFIGURATIONENTRY
2020-07-01 13:14:04,323 [grpc-default-executor-0] INFO  ratis.OzoneManagerStateMachine (OzoneManagerStateMachine.java:getLatestSnapshot(147)) - Latest Snapshot Info 0#-1
2020-07-01 13:14:04,323 [grpc-default-executor-0] INFO  impl.RaftServerImpl (ServerState.java:setRaftConf(356)) - omNode-3@group-523986131536: set configuration 0: [omNode-3:localhost:10616, omNode-1:localhost:10604, omNode-2:localhost:10610], old=null at 0
2020-07-01 13:14:04,323 [grpc-default-executor-0] INFO  segmented.SegmentedRaftLogWorker (SegmentedRaftLogWorker.java:startLogSegment(397)) - omNode-3@group-523986131536-SegmentedRaftLogWorker: Starting segment from index:0
2020-07-01 13:14:04,324 [omNode-3@group-523986131536-SegmentedRaftLogWorker] INFO  segmented.SegmentedRaftLogWorker (SegmentedRaftLogWorker.java:execute(596)) - omNode-3@group-523986131536-SegmentedRaftLogWorker: created new log segment /github/workspace/mnt/ozone/hadoop-ozone/integration-test/target/test-dir/MiniOzoneClusterImpl-1a14e66a-5c38-443d-ac03-4d7cff470839/omNode-3/ratis/c9bc4cf4-3bc3-3c60-a66b-523986131536/current/log_inprogress_0
2020-07-01 13:14:04,329 [grpc-default-executor-0] DEBUG server.GrpcLogAppender (GrpcLogAppender.java:onNext(257)) - omNode-1@group-523986131536->omNode-3-AppendLogResponseHandler: received the first reply omNode-1<-omNode-3#0:OK,SUCCESS,nextIndex:1,term:1,followerCommit:-1, request=AppendEntriesRequest:cid=0,entriesCount=0,lastEntry=null
2020-07-01 13:14:04,345 [Thread-2066] DEBUG impl.RaftServerImpl (RaftServerImpl.java:logAppendEntries(928)) - omNode-3@group-523986131536: succeeded to handle AppendEntries. Reply: omNode-1<-omNode-3#1:OK,SUCCESS,nextIndex:1,term:1,followerCommit:0
2020-07-01 13:14:04,346 [grpc-default-executor-0] DEBUG server.GrpcLogAppender (GrpcLogAppender.java:onNext(257)) - omNode-1@group-523986131536->omNode-3-AppendLogResponseHandler: received a reply omNode-1<-omNode-3#1:OK,SUCCESS,nextIndex:1,term:1,followerCommit:0, request=AppendEntriesRequest:cid=1,entriesCount=1,lastEntry=(t:1, i:0)
2020-07-01 13:14:04,346 [grpc-default-executor-1] INFO  impl.RaftServerImpl (ServerState.java:setLeader(255)) - omNode-2@group-523986131536: change Leader from null to omNode-1 at term 1 for appendEntries, leader elected after 1078ms
2020-07-01 13:14:04,347 [grpc-default-executor-1] DEBUG impl.RaftServerImpl (RaftServerImpl.java:logAppendEntries(928)) - omNode-2@group-523986131536: receive appendEntries(omNode-1, 1, null, 0, false, commits[omNode-1:c0, omNode-3:c-1, omNode-2:c-1], entries: (t:1, i:0), CONFIGURATIONENTRY
2020-07-01 13:14:04,347 [grpc-default-executor-1] INFO  ratis.OzoneManagerStateMachine (OzoneManagerStateMachine.java:getLatestSnapshot(147)) - Latest Snapshot Info 0#-1
2020-07-01 13:14:04,347 [grpc-default-executor-1] INFO  impl.RaftServerImpl (ServerState.java:setRaftConf(356)) - omNode-2@group-523986131536: set configuration 0: [omNode-3:localhost:10616, omNode-1:localhost:10604, omNode-2:localhost:10610], old=null at 0
2020-07-01 13:14:04,348 [grpc-default-executor-1] INFO  segmented.SegmentedRaftLogWorker (SegmentedRaftLogWorker.java:startLogSegment(397)) - omNode-2@group-523986131536-SegmentedRaftLogWorker: Starting segment from index:0
2020-07-01 13:14:04,349 [grpc-default-executor-1] DEBUG server.GrpcLogAppender (GrpcLogAppender.java:onNext(257)) - omNode-1@group-523986131536->omNode-2-AppendLogResponseHandler: received the first reply omNode-1<-omNode-2#0:OK,SUCCESS,nextIndex:1,term:1,followerCommit:-1, request=AppendEntriesRequest:cid=0,entriesCount=0,lastEntry=null
2020-07-01 13:14:04,349 [omNode-2@group-523986131536-SegmentedRaftLogWorker] INFO  segmented.SegmentedRaftLogWorker (SegmentedRaftLogWorker.java:execute(596)) - omNode-2@group-523986131536-SegmentedRaftLogWorker: created new log segment /github/workspace/mnt/ozone/hadoop-ozone/integration-test/target/test-dir/MiniOzoneClusterImpl-1a14e66a-5c38-443d-ac03-4d7cff470839/omNode-2/ratis/c9bc4cf4-3bc3-3c60-a66b-523986131536/current/log_inprogress_0
2020-07-01 13:14:04,355 [Thread-2068] DEBUG impl.RaftServerImpl (RaftServerImpl.java:logAppendEntries(928)) - omNode-2@group-523986131536: succeeded to handle AppendEntries. Reply: omNode-1<-omNode-2#1:OK,SUCCESS,nextIndex:1,term:1,followerCommit:0
2020-07-01 13:14:04,355 [grpc-default-executor-1] DEBUG server.GrpcLogAppender (GrpcLogAppender.java:onNext(257)) - omNode-1@group-523986131536->omNode-2-AppendLogResponseHandler: received a reply omNode-1<-omNode-2#1:OK,SUCCESS,nextIndex:1,term:1,followerCommit:0, request=AppendEntriesRequest:cid=1,entriesCount=1,lastEntry=(t:1, i:0)
2020-07-01 13:14:04,632 [Listener at 127.0.0.1/10612] INFO  ozone.MiniOzoneClusterImpl (MiniOzoneClusterImpl.java:lambda$waitForClusterToBeReady$0(177)) - Waiting for nodes to be ready. Got 0 of 3 DN Heartbeats.
2020-07-01 13:14:04,632 [Listener at 127.0.0.1/10612] INFO  ozone.MiniOzoneClusterImpl (MiniOzoneClusterImpl.java:lambda$waitForClusterToBeReady$0(180)) - Waiting for cluster to exit safe mode
2020-07-01 13:14:04,847 [grpc-default-executor-1] INFO  ratis.OzoneManagerStateMachine (OzoneManagerStateMachine.java:getLatestSnapshot(147)) - Latest Snapshot Info 0#-1
2020-07-01 13:14:04,848 [grpc-default-executor-1] DEBUG server.GrpcLogAppender (GrpcLogAppender.java:onNext(257)) - omNode-1@group-523986131536->omNode-3-AppendLogResponseHandler: received a reply omNode-1<-omNode-3#2:OK,SUCCESS,nextIndex:1,term:1,followerCommit:0, request=AppendEntriesRequest:cid=2,entriesCount=0,lastEntry=null
2020-07-01 13:14:04,856 [grpc-default-executor-1] INFO  ratis.OzoneManagerStateMachine (OzoneManagerStateMachine.java:getLatestSnapshot(147)) - Latest Snapshot Info 0#-1
2020-07-01 13:14:04,860 [grpc-default-executor-1] DEBUG server.GrpcLogAppender (GrpcLogAppender.java:onNext(257)) - omNode-1@group-523986131536->omNode-2-AppendLogResponseHandler: received a reply omNode-1<-omNode-2#2:OK,SUCCESS,nextIndex:1,term:1,followerCommit:0, request=AppendEntriesRequest:cid=2,entriesCount=0,lastEntry=null
2020-07-01 13:14:05,349 [grpc-default-executor-1] INFO  ratis.OzoneManagerStateMachine (OzoneManagerStateMachine.java:getLatestSnapshot(147)) - Latest Snapshot Info 0#-1
2020-07-01 13:14:05,351 [grpc-default-executor-1] DEBUG server.GrpcLogAppender (GrpcLogAppender.java:onNext(257)) - omNode-1@group-523986131536->omNode-3-AppendLogResponseHandler: received a reply omNode-1<-omNode-3#3:OK,SUCCESS,nextIndex:1,term:1,followerCommit:0, request=AppendEntriesRequest:cid=3,entriesCount=0,lastEntry=null
2020-07-01 13:14:05,360 [grpc-default-executor-1] INFO  ratis.OzoneManagerStateMachine (OzoneManagerStateMachine.java:getLatestSnapshot(147)) - Latest Snapshot Info 0#-1
2020-07-01 13:14:05,361 [grpc-default-executor-1] DEBUG server.GrpcLogAppender (GrpcLogAppender.java:onNext(257)) - omNode-1@group-523986131536->omNode-2-AppendLogResponseHandler: received a reply omNode-1<-omNode-2#3:OK,SUCCESS,nextIndex:1,term:1,followerCommit:0, request=AppendEntriesRequest:cid=3,entriesCount=0,lastEntry=null
2020-07-01 13:14:05,544 [Datanode State Machine Thread - 0] INFO  ozoneimpl.OzoneContainer (OzoneContainer.java:start(232)) - Attempting to start container services.
2020-07-01 13:14:05,544 [Datanode State Machine Thread - 0] INFO  ozoneimpl.OzoneContainer (OzoneContainer.java:startContainerScrub(196)) - Background container scanner has been disabled.
2020-07-01 13:14:05,544 [Datanode State Machine Thread - 0] INFO  ratis.XceiverServerRatis (XceiverServerRatis.java:start(425)) - Starting XceiverServerRatis 5d36b0ac-9f7b-45e8-b885-e8514940a378 at port 0
2020-07-01 13:14:05,545 [Datanode State Machine Thread - 0] INFO  impl.RaftServerProxy (RaftServerProxy.java:lambda$start$3(304)) - 5d36b0ac-9f7b-45e8-b885-e8514940a378: start RPC server
2020-07-01 13:14:05,546 [Datanode State Machine Thread - 0] INFO  server.GrpcService (GrpcService.java:startImpl(160)) - 5d36b0ac-9f7b-45e8-b885-e8514940a378: GrpcService started, listening on 0.0.0.0/0.0.0.0:37909
2020-07-01 13:14:05,546 [Datanode State Machine Thread - 0] INFO  ratis.XceiverServerRatis (XceiverServerRatis.java:start(437)) - XceiverServerRatis 5d36b0ac-9f7b-45e8-b885-e8514940a378 is started using port 37909
2020-07-01 13:14:05,546 [Datanode State Machine Thread - 0] INFO  server.XceiverServerGrpc (XceiverServerGrpc.java:start(145)) - XceiverServerGrpc 5d36b0ac-9f7b-45e8-b885-e8514940a378 is started using port 38737
2020-07-01 13:14:05,592 [Datanode State Machine Thread - 0] INFO  ozoneimpl.OzoneContainer (OzoneContainer.java:start(232)) - Attempting to start container services.
2020-07-01 13:14:05,593 [Datanode State Machine Thread - 0] INFO  ozoneimpl.OzoneContainer (OzoneContainer.java:startContainerScrub(196)) - Background container scanner has been disabled.
2020-07-01 13:14:05,593 [Datanode State Machine Thread - 0] INFO  ratis.XceiverServerRatis (XceiverServerRatis.java:start(425)) - Starting XceiverServerRatis 2e054850-ba10-443b-bf2f-768eb7b2f82b at port 0
2020-07-01 13:14:05,594 [Datanode State Machine Thread - 0] INFO  impl.RaftServerProxy (RaftServerProxy.java:lambda$start$3(304)) - 2e054850-ba10-443b-bf2f-768eb7b2f82b: start RPC server
2020-07-01 13:14:05,594 [Datanode State Machine Thread - 0] INFO  server.GrpcService (GrpcService.java:startImpl(160)) - 2e054850-ba10-443b-bf2f-768eb7b2f82b: GrpcService started, listening on 0.0.0.0/0.0.0.0:36857
2020-07-01 13:14:05,595 [Datanode State Machine Thread - 0] INFO  ratis.XceiverServerRatis (XceiverServerRatis.java:start(437)) - XceiverServerRatis 2e054850-ba10-443b-bf2f-768eb7b2f82b is started using port 36857
2020-07-01 13:14:05,595 [Datanode State Machine Thread - 0] INFO  server.XceiverServerGrpc (XceiverServerGrpc.java:start(145)) - XceiverServerGrpc 2e054850-ba10-443b-bf2f-768eb7b2f82b is started using port 41849
2020-07-01 13:14:05,633 [Listener at 127.0.0.1/10612] INFO  ozone.MiniOzoneClusterImpl (MiniOzoneClusterImpl.java:lambda$waitForClusterToBeReady$0(177)) - Waiting for nodes to be ready. Got 0 of 3 DN Heartbeats.
2020-07-01 13:14:05,633 [Listener at 127.0.0.1/10612] INFO  ozone.MiniOzoneClusterImpl (MiniOzoneClusterImpl.java:lambda$waitForClusterToBeReady$0(180)) - Waiting for cluster to exit safe mode
2020-07-01 13:14:05,636 [Datanode State Machine Thread - 0] INFO  ozoneimpl.OzoneContainer (OzoneContainer.java:start(232)) - Attempting to start container services.
2020-07-01 13:14:05,637 [Datanode State Machine Thread - 0] INFO  ozoneimpl.OzoneContainer (OzoneContainer.java:startContainerScrub(196)) - Background container scanner has been disabled.
2020-07-01 13:14:05,637 [Datanode State Machine Thread - 0] INFO  ratis.XceiverServerRatis (XceiverServerRatis.java:start(425)) - Starting XceiverServerRatis 12959356-53c4-4807-9d4f-3fbf974abe92 at port 0
2020-07-01 13:14:05,638 [Datanode State Machine Thread - 0] INFO  impl.RaftServerProxy (RaftServerProxy.java:lambda$start$3(304)) - 12959356-53c4-4807-9d4f-3fbf974abe92: start RPC server
2020-07-01 13:14:05,638 [Datanode State Machine Thread - 0] INFO  server.GrpcService (GrpcService.java:startImpl(160)) - 12959356-53c4-4807-9d4f-3fbf974abe92: GrpcService started, listening on 0.0.0.0/0.0.0.0:38997
2020-07-01 13:14:05,638 [Datanode State Machine Thread - 0] INFO  ratis.XceiverServerRatis (XceiverServerRatis.java:start(437)) - XceiverServerRatis 12959356-53c4-4807-9d4f-3fbf974abe92 is started using port 38997
2020-07-01 13:14:05,639 [Datanode State Machine Thread - 0] INFO  server.XceiverServerGrpc (XceiverServerGrpc.java:start(145)) - XceiverServerGrpc 12959356-53c4-4807-9d4f-3fbf974abe92 is started using port 46557
2020-07-01 13:14:05,852 [grpc-default-executor-1] INFO  ratis.OzoneManagerStateMachine (OzoneManagerStateMachine.java:getLatestSnapshot(147)) - Latest Snapshot Info 0#-1
2020-07-01 13:14:05,855 [grpc-default-executor-1] DEBUG server.GrpcLogAppender (GrpcLogAppender.java:onNext(257)) - omNode-1@group-523986131536->omNode-3-AppendLogResponseHandler: received a reply omNode-1<-omNode-3#4:OK,SUCCESS,nextIndex:1,term:1,followerCommit:0, request=AppendEntriesRequest:cid=4,entriesCount=0,lastEntry=null
2020-07-01 13:14:05,862 [grpc-default-executor-1] INFO  ratis.OzoneManagerStateMachine (OzoneManagerStateMachine.java:getLatestSnapshot(147)) - Latest Snapshot Info 0#-1
2020-07-01 13:14:05,863 [grpc-default-executor-1] DEBUG server.GrpcLogAppender (GrpcLogAppender.java:onNext(257)) - omNode-1@group-523986131536->omNode-2-AppendLogResponseHandler: received a reply omNode-1<-omNode-2#4:OK,SUCCESS,nextIndex:1,term:1,followerCommit:0, request=AppendEntriesRequest:cid=4,entriesCount=0,lastEntry=null
2020-07-01 13:14:06,356 [grpc-default-executor-1] INFO  ratis.OzoneManagerStateMachine (OzoneManagerStateMachine.java:getLatestSnapshot(147)) - Latest Snapshot Info 0#-1
2020-07-01 13:14:06,358 [grpc-default-executor-1] DEBUG server.GrpcLogAppender (GrpcLogAppender.java:onNext(257)) - omNode-1@group-523986131536->omNode-3-AppendLogResponseHandler: received a reply omNode-1<-omNode-3#5:OK,SUCCESS,nextIndex:1,term:1,followerCommit:0, request=AppendEntriesRequest:cid=5,entriesCount=0,lastEntry=null
2020-07-01 13:14:06,364 [grpc-default-executor-1] INFO  ratis.OzoneManagerStateMachine (OzoneManagerStateMachine.java:getLatestSnapshot(147)) - Latest Snapshot Info 0#-1
2020-07-01 13:14:06,365 [grpc-default-executor-1] DEBUG server.GrpcLogAppender (GrpcLogAppender.java:onNext(257)) - omNode-1@group-523986131536->omNode-2-AppendLogResponseHandler: received a reply omNode-1<-omNode-2#5:OK,SUCCESS,nextIndex:1,term:1,followerCommit:0, request=AppendEntriesRequest:cid=5,entriesCount=0,lastEntry=null
2020-07-01 13:14:06,633 [Listener at 127.0.0.1/10612] INFO  ozone.MiniOzoneClusterImpl (MiniOzoneClusterImpl.java:lambda$waitForClusterToBeReady$0(177)) - Waiting for nodes to be ready. Got 0 of 3 DN Heartbeats.
2020-07-01 13:14:06,633 [Listener at 127.0.0.1/10612] INFO  ozone.MiniOzoneClusterImpl (MiniOzoneClusterImpl.java:lambda$waitForClusterToBeReady$0(180)) - Waiting for cluster to exit safe mode
2020-07-01 13:14:06,859 [grpc-default-executor-1] INFO  ratis.OzoneManagerStateMachine (OzoneManagerStateMachine.java:getLatestSnapshot(147)) - Latest Snapshot Info 0#-1
2020-07-01 13:14:06,860 [grpc-default-executor-1] DEBUG server.GrpcLogAppender (GrpcLogAppender.java:onNext(257)) - omNode-1@group-523986131536->omNode-3-AppendLogResponseHandler: received a reply omNode-1<-omNode-3#6:OK,SUCCESS,nextIndex:1,term:1,followerCommit:0, request=AppendEntriesRequest:cid=6,entriesCount=0,lastEntry=null
2020-07-01 13:14:06,866 [grpc-default-executor-1] INFO  ratis.OzoneManagerStateMachine (OzoneManagerStateMachine.java:getLatestSnapshot(147)) - Latest Snapshot Info 0#-1
2020-07-01 13:14:06,866 [grpc-default-executor-1] DEBUG server.GrpcLogAppender (GrpcLogAppender.java:onNext(257)) - omNode-1@group-523986131536->omNode-2-AppendLogResponseHandler: received a reply omNode-1<-omNode-2#6:OK,SUCCESS,nextIndex:1,term:1,followerCommit:0, request=AppendEntriesRequest:cid=6,entriesCount=0,lastEntry=null
2020-07-01 13:14:07,361 [grpc-default-executor-1] INFO  ratis.OzoneManagerStateMachine (OzoneManagerStateMachine.java:getLatestSnapshot(147)) - Latest Snapshot Info 0#-1
2020-07-01 13:14:07,362 [grpc-default-executor-1] DEBUG server.GrpcLogAppender (GrpcLogAppender.java:onNext(257)) - omNode-1@group-523986131536->omNode-3-AppendLogResponseHandler: received a reply omNode-1<-omNode-3#7:OK,SUCCESS,nextIndex:1,term:1,followerCommit:0, request=AppendEntriesRequest:cid=7,entriesCount=0,lastEntry=null
2020-07-01 13:14:07,367 [grpc-default-executor-1] INFO  ratis.OzoneManagerStateMachine (OzoneManagerStateMachine.java:getLatestSnapshot(147)) - Latest Snapshot Info 0#-1
2020-07-01 13:14:07,368 [grpc-default-executor-1] DEBUG server.GrpcLogAppender (GrpcLogAppender.java:onNext(257)) - omNode-1@group-523986131536->omNode-2-AppendLogResponseHandler: received a reply omNode-1<-omNode-2#7:OK,SUCCESS,nextIndex:1,term:1,followerCommit:0, request=AppendEntriesRequest:cid=7,entriesCount=0,lastEntry=null
2020-07-01 13:14:07,539 [IPC Server handler 0 on default port 38517] INFO  net.NetworkTopology (NetworkTopologyImpl.java:add(111)) - Added a new node: /default-rack/5d36b0ac-9f7b-45e8-b885-e8514940a378
2020-07-01 13:14:07,540 [IPC Server handler 0 on default port 38517] INFO  node.SCMNodeManager (SCMNodeManager.java:register(268)) - Registered Data node : 5d36b0ac-9f7b-45e8-b885-e8514940a378{ip: 172.17.0.2, host: e05bf891e8f7, networkLocation: /default-rack, certSerialId: null}
2020-07-01 13:14:07,540 [RatisPipelineUtilsThread] INFO  pipeline.RatisPipelineProvider (RatisPipelineProvider.java:lambda$create$0(138)) - Sending CreatePipelineCommand for pipeline:PipelineID=e49a8c03-25ad-4527-bf1d-1115f982b890 to datanode:5d36b0ac-9f7b-45e8-b885-e8514940a378
2020-07-01 13:14:07,540 [EventQueue-NodeRegistrationContainerReportForContainerSafeModeRule] INFO  safemode.SCMSafeModeManager (SCMSafeModeManager.java:validateSafeModeExitRules(214)) - ContainerSafeModeRule rule is successfully validated
2020-07-01 13:14:07,541 [RatisPipelineUtilsThread] INFO  pipeline.PipelineStateManager (PipelineStateManager.java:addPipeline(54)) - Created pipeline Pipeline[ Id: e49a8c03-25ad-4527-bf1d-1115f982b890, Nodes: 5d36b0ac-9f7b-45e8-b885-e8514940a378{ip: 172.17.0.2, host: e05bf891e8f7, networkLocation: /default-rack, certSerialId: null}, Type:RATIS, Factor:ONE, State:ALLOCATED, leaderId:, CreationTimestamp2020-07-01T13:14:07.540Z]
2020-07-01 13:14:07,541 [RatisPipelineUtilsThread] ERROR pipeline.SCMPipelineManager (SCMPipelineManager.java:createPipeline(222)) - Failed to create pipeline of type RATIS and factor ONE. Exception: Cannot create pipeline of factor 1 using 0 nodes. Used 1 nodes. Healthy nodes 1
2020-07-01 13:14:07,542 [EventQueue-NodeRegistrationContainerReportForDataNodeSafeModeRule] INFO  safemode.SCMSafeModeManager (DataNodeSafeModeRule.java:process(71)) - SCM in safe mode. 1 DataNodes registered, 1 required.
2020-07-01 13:14:07,543 [EventQueue-NodeRegistrationContainerReportForDataNodeSafeModeRule] INFO  safemode.SCMSafeModeManager (SCMSafeModeManager.java:validateSafeModeExitRules(214)) - DataNodeSafeModeRule rule is successfully validated
2020-07-01 13:14:07,543 [EventQueue-NodeRegistrationContainerReportForDataNodeSafeModeRule] INFO  safemode.SCMSafeModeManager (SCMSafeModeManager.java:completePreCheck(242)) - All SCM safe mode pre check rules have passed
2020-07-01 13:14:07,544 [RatisPipelineUtilsThread] ERROR pipeline.SCMPipelineManager (SCMPipelineManager.java:createPipeline(222)) - Failed to create pipeline of type RATIS and factor ONE. Exception: Cannot create pipeline of factor 1 using 0 nodes. Used 1 nodes. Healthy nodes 1
2020-07-01 13:14:07,544 [RatisPipelineUtilsThread] WARN  pipeline.PipelinePlacementPolicy (PipelinePlacementPolicy.java:filterViableNodes(133)) - Pipeline creation failed due to no sufficient healthy datanodes. Required 3. Found 1.
2020-07-01 13:14:07,544 [RatisPipelineUtilsThread] ERROR pipeline.SCMPipelineManager (SCMPipelineManager.java:createPipeline(222)) - Failed to create pipeline of type RATIS and factor THREE. Exception: Pipeline creation failed due to no sufficient healthy datanodes. Required 3. Found 1.
2020-07-01 13:14:07,589 [IPC Server handler 2 on default port 38517] INFO  net.NetworkTopology (NetworkTopologyImpl.java:add(111)) - Added a new node: /default-rack/2e054850-ba10-443b-bf2f-768eb7b2f82b
2020-07-01 13:14:07,589 [IPC Server handler 2 on default port 38517] INFO  node.SCMNodeManager (SCMNodeManager.java:register(268)) - Registered Data node : 2e054850-ba10-443b-bf2f-768eb7b2f82b{ip: 172.17.0.2, host: e05bf891e8f7, networkLocation: /default-rack, certSerialId: null}
2020-07-01 13:14:07,590 [RatisPipelineUtilsThread] INFO  pipeline.RatisPipelineProvider (RatisPipelineProvider.java:lambda$create$0(138)) - Sending CreatePipelineCommand for pipeline:PipelineID=a21d54c7-0eec-4c0c-821f-5fe5a30660ec to datanode:2e054850-ba10-443b-bf2f-768eb7b2f82b
2020-07-01 13:14:07,590 [EventQueue-NodeRegistrationContainerReportForDataNodeSafeModeRule] INFO  safemode.SCMSafeModeManager (SCMSafeModeManager.java:validateSafeModeExitRules(214)) - DataNodeSafeModeRule rule is successfully validated
2020-07-01 13:14:07,591 [RatisPipelineUtilsThread] INFO  pipeline.PipelineStateManager (PipelineStateManager.java:addPipeline(54)) - Created pipeline Pipeline[ Id: a21d54c7-0eec-4c0c-821f-5fe5a30660ec, Nodes: 2e054850-ba10-443b-bf2f-768eb7b2f82b{ip: 172.17.0.2, host: e05bf891e8f7, networkLocation: /default-rack, certSerialId: null}, Type:RATIS, Factor:ONE, State:ALLOCATED, leaderId:, CreationTimestamp2020-07-01T13:14:07.590Z]
2020-07-01 13:14:07,591 [RatisPipelineUtilsThread] ERROR pipeline.SCMPipelineManager (SCMPipelineManager.java:createPipeline(222)) - Failed to create pipeline of type RATIS and factor ONE. Exception: Cannot create pipeline of factor 1 using 0 nodes. Used 2 nodes. Healthy nodes 2
2020-07-01 13:14:07,591 [EventQueue-NodeRegistrationContainerReportForContainerSafeModeRule] INFO  safemode.SCMSafeModeManager (SCMSafeModeManager.java:validateSafeModeExitRules(214)) - ContainerSafeModeRule rule is successfully validated
2020-07-01 13:14:07,591 [RatisPipelineUtilsThread] WARN  pipeline.PipelinePlacementPolicy (PipelinePlacementPolicy.java:filterViableNodes(133)) - Pipeline creation failed due to no sufficient healthy datanodes. Required 3. Found 2.
2020-07-01 13:14:07,592 [RatisPipelineUtilsThread] ERROR pipeline.SCMPipelineManager (SCMPipelineManager.java:createPipeline(222)) - Failed to create pipeline of type RATIS and factor THREE. Exception: Pipeline creation failed due to no sufficient healthy datanodes. Required 3. Found 2.
2020-07-01 13:14:07,634 [Listener at 127.0.0.1/10612] INFO  ozone.MiniOzoneClusterImpl (MiniOzoneClusterImpl.java:lambda$waitForClusterToBeReady$0(177)) - Waiting for nodes to be ready. Got 2 of 3 DN Heartbeats.
2020-07-01 13:14:07,634 [Listener at 127.0.0.1/10612] INFO  ozone.MiniOzoneClusterImpl (MiniOzoneClusterImpl.java:lambda$waitForClusterToBeReady$0(180)) - Waiting for cluster to exit safe mode
2020-07-01 13:14:07,634 [IPC Server handler 1 on default port 38517] INFO  net.NetworkTopology (NetworkTopologyImpl.java:add(111)) - Added a new node: /default-rack/12959356-53c4-4807-9d4f-3fbf974abe92
2020-07-01 13:14:07,634 [IPC Server handler 1 on default port 38517] INFO  node.SCMNodeManager (SCMNodeManager.java:register(268)) - Registered Data node : 12959356-53c4-4807-9d4f-3fbf974abe92{ip: 172.17.0.2, host: e05bf891e8f7, networkLocation: /default-rack, certSerialId: null}
2020-07-01 13:14:07,635 [RatisPipelineUtilsThread] INFO  pipeline.RatisPipelineProvider (RatisPipelineProvider.java:lambda$create$0(138)) - Sending CreatePipelineCommand for pipeline:PipelineID=86f0ed07-a50b-48d5-8fad-7626ff365c38 to datanode:12959356-53c4-4807-9d4f-3fbf974abe92
2020-07-01 13:14:07,635 [EventQueue-NodeRegistrationContainerReportForContainerSafeModeRule] INFO  safemode.SCMSafeModeManager (SCMSafeModeManager.java:validateSafeModeExitRules(214)) - ContainerSafeModeRule rule is successfully validated
2020-07-01 13:14:07,635 [EventQueue-NodeRegistrationContainerReportForDataNodeSafeModeRule] INFO  safemode.SCMSafeModeManager (SCMSafeModeManager.java:validateSafeModeExitRules(214)) - DataNodeSafeModeRule rule is successfully validated
2020-07-01 13:14:07,635 [RatisPipelineUtilsThread] INFO  pipeline.PipelineStateManager (PipelineStateManager.java:addPipeline(54)) - Created pipeline Pipeline[ Id: 86f0ed07-a50b-48d5-8fad-7626ff365c38, Nodes: 12959356-53c4-4807-9d4f-3fbf974abe92{ip: 172.17.0.2, host: e05bf891e8f7, networkLocation: /default-rack, certSerialId: null}, Type:RATIS, Factor:ONE, State:ALLOCATED, leaderId:, CreationTimestamp2020-07-01T13:14:07.635Z]
2020-07-01 13:14:07,636 [RatisPipelineUtilsThread] ERROR pipeline.SCMPipelineManager (SCMPipelineManager.java:createPipeline(222)) - Failed to create pipeline of type RATIS and factor ONE. Exception: Cannot create pipeline of factor 1 using 0 nodes. Used 3 nodes. Healthy nodes 3
2020-07-01 13:14:07,636 [RatisPipelineUtilsThread] INFO  pipeline.RatisPipelineProvider (RatisPipelineProvider.java:lambda$create$0(138)) - Sending CreatePipelineCommand for pipeline:PipelineID=71dac77b-3d61-49df-84e9-27e4bcc3a540 to datanode:5d36b0ac-9f7b-45e8-b885-e8514940a378
2020-07-01 13:14:07,636 [RatisPipelineUtilsThread] INFO  pipeline.RatisPipelineProvider (RatisPipelineProvider.java:lambda$create$0(138)) - Sending CreatePipelineCommand for pipeline:PipelineID=71dac77b-3d61-49df-84e9-27e4bcc3a540 to datanode:2e054850-ba10-443b-bf2f-768eb7b2f82b
2020-07-01 13:14:07,636 [RatisPipelineUtilsThread] INFO  pipeline.RatisPipelineProvider (RatisPipelineProvider.java:lambda$create$0(138)) - Sending CreatePipelineCommand for pipeline:PipelineID=71dac77b-3d61-49df-84e9-27e4bcc3a540 to datanode:12959356-53c4-4807-9d4f-3fbf974abe92
2020-07-01 13:14:07,637 [RatisPipelineUtilsThread] INFO  pipeline.PipelineStateManager (PipelineStateManager.java:addPipeline(54)) - Created pipeline Pipeline[ Id: 71dac77b-3d61-49df-84e9-27e4bcc3a540, Nodes: 5d36b0ac-9f7b-45e8-b885-e8514940a378{ip: 172.17.0.2, host: e05bf891e8f7, networkLocation: /default-rack, certSerialId: null}2e054850-ba10-443b-bf2f-768eb7b2f82b{ip: 172.17.0.2, host: e05bf891e8f7, networkLocation: /default-rack, certSerialId: null}12959356-53c4-4807-9d4f-3fbf974abe92{ip: 172.17.0.2, host: e05bf891e8f7, networkLocation: /default-rack, certSerialId: null}, Type:RATIS, Factor:THREE, State:ALLOCATED, leaderId:, CreationTimestamp2020-07-01T13:14:07.636Z]
2020-07-01 13:14:07,638 [RatisPipelineUtilsThread] ERROR pipeline.SCMPipelineManager (SCMPipelineManager.java:createPipeline(222)) - Failed to create pipeline of type RATIS and factor THREE. Exception: Pipeline creation failed because nodes are engaged in other pipelines and every node can only be engaged in max 2 pipelines. Required 3. Found 0
2020-07-01 13:14:07,864 [grpc-default-executor-1] INFO  ratis.OzoneManagerStateMachine (OzoneManagerStateMachine.java:getLatestSnapshot(147)) - Latest Snapshot Info 0#-1
2020-07-01 13:14:07,867 [grpc-default-executor-1] DEBUG server.GrpcLogAppender (GrpcLogAppender.java:onNext(257)) - omNode-1@group-523986131536->omNode-3-AppendLogResponseHandler: received a reply omNode-1<-omNode-3#8:OK,SUCCESS,nextIndex:1,term:1,followerCommit:0, request=AppendEntriesRequest:cid=8,entriesCount=0,lastEntry=null
2020-07-01 13:14:07,869 [grpc-default-executor-1] INFO  ratis.OzoneManagerStateMachine (OzoneManagerStateMachine.java:getLatestSnapshot(147)) - Latest Snapshot Info 0#-1
2020-07-01 13:14:07,870 [grpc-default-executor-1] DEBUG server.GrpcLogAppender (GrpcLogAppender.java:onNext(257)) - omNode-1@group-523986131536->omNode-2-AppendLogResponseHandler: received a reply omNode-1<-omNode-2#8:OK,SUCCESS,nextIndex:1,term:1,followerCommit:0, request=AppendEntriesRequest:cid=8,entriesCount=0,lastEntry=null
2020-07-01 13:14:08,368 [grpc-default-executor-1] INFO  ratis.OzoneManagerStateMachine (OzoneManagerStateMachine.java:getLatestSnapshot(147)) - Latest Snapshot Info 0#-1
2020-07-01 13:14:08,369 [grpc-default-executor-1] DEBUG server.GrpcLogAppender (GrpcLogAppender.java:onNext(257)) - omNode-1@group-523986131536->omNode-3-AppendLogResponseHandler: received a reply omNode-1<-omNode-3#9:OK,SUCCESS,nextIndex:1,term:1,followerCommit:0, request=AppendEntriesRequest:cid=9,entriesCount=0,lastEntry=null
2020-07-01 13:14:08,370 [grpc-default-executor-1] INFO  ratis.OzoneManagerStateMachine (OzoneManagerStateMachine.java:getLatestSnapshot(147)) - Latest Snapshot Info 0#-1
2020-07-01 13:14:08,373 [grpc-default-executor-1] DEBUG server.GrpcLogAppender (GrpcLogAppender.java:onNext(257)) - omNode-1@group-523986131536->omNode-2-AppendLogResponseHandler: received a reply omNode-1<-omNode-2#9:OK,SUCCESS,nextIndex:1,term:1,followerCommit:0, request=AppendEntriesRequest:cid=9,entriesCount=0,lastEntry=null
2020-07-01 13:14:08,634 [Listener at 127.0.0.1/10612] INFO  ozone.MiniOzoneClusterImpl (MiniOzoneClusterImpl.java:lambda$waitForClusterToBeReady$0(177)) - Nodes are ready. Got 3 of 3 DN Heartbeats.
2020-07-01 13:14:08,634 [Listener at 127.0.0.1/10612] INFO  ozone.MiniOzoneClusterImpl (MiniOzoneClusterImpl.java:lambda$waitForClusterToBeReady$0(180)) - Waiting for cluster to exit safe mode
2020-07-01 13:14:08,871 [grpc-default-executor-1] INFO  ratis.OzoneManagerStateMachine (OzoneManagerStateMachine.java:getLatestSnapshot(147)) - Latest Snapshot Info 0#-1
2020-07-01 13:14:08,872 [grpc-default-executor-1] DEBUG server.GrpcLogAppender (GrpcLogAppender.java:onNext(257)) - omNode-1@group-523986131536->omNode-3-AppendLogResponseHandler: received a reply omNode-1<-omNode-3#10:OK,SUCCESS,nextIndex:1,term:1,followerCommit:0, request=AppendEntriesRequest:cid=10,entriesCount=0,lastEntry=null
2020-07-01 13:14:08,876 [grpc-default-executor-1] INFO  ratis.OzoneManagerStateMachine (OzoneManagerStateMachine.java:getLatestSnapshot(147)) - Latest Snapshot Info 0#-1
2020-07-01 13:14:08,877 [grpc-default-executor-1] DEBUG server.GrpcLogAppender (GrpcLogAppender.java:onNext(257)) - omNode-1@group-523986131536->omNode-2-AppendLogResponseHandler: received a reply omNode-1<-omNode-2#10:OK,SUCCESS,nextIndex:1,term:1,followerCommit:0, request=AppendEntriesRequest:cid=10,entriesCount=0,lastEntry=null
2020-07-01 13:14:09,374 [grpc-default-executor-1] INFO  ratis.OzoneManagerStateMachine (OzoneManagerStateMachine.java:getLatestSnapshot(147)) - Latest Snapshot Info 0#-1
2020-07-01 13:14:09,376 [grpc-default-executor-1] DEBUG server.GrpcLogAppender (GrpcLogAppender.java:onNext(257)) - omNode-1@group-523986131536->omNode-3-AppendLogResponseHandler: received a reply omNode-1<-omNode-3#11:OK,SUCCESS,nextIndex:1,term:1,followerCommit:0, request=AppendEntriesRequest:cid=11,entriesCount=0,lastEntry=null
2020-07-01 13:14:09,378 [grpc-default-executor-1] INFO  ratis.OzoneManagerStateMachine (OzoneManagerStateMachine.java:getLatestSnapshot(147)) - Latest Snapshot Info 0#-1
2020-07-01 13:14:09,379 [grpc-default-executor-1] DEBUG server.GrpcLogAppender (GrpcLogAppender.java:onNext(257)) - omNode-1@group-523986131536->omNode-2-AppendLogResponseHandler: received a reply omNode-1<-omNode-2#11:OK,SUCCESS,nextIndex:1,term:1,followerCommit:0, request=AppendEntriesRequest:cid=11,entriesCount=0,lastEntry=null
2020-07-01 13:14:09,635 [Listener at 127.0.0.1/10612] INFO  ozone.MiniOzoneClusterImpl (MiniOzoneClusterImpl.java:lambda$waitForClusterToBeReady$0(177)) - Nodes are ready. Got 3 of 3 DN Heartbeats.
2020-07-01 13:14:09,635 [Listener at 127.0.0.1/10612] INFO  ozone.MiniOzoneClusterImpl (MiniOzoneClusterImpl.java:lambda$waitForClusterToBeReady$0(180)) - Waiting for cluster to exit safe mode
2020-07-01 13:14:09,877 [grpc-default-executor-1] INFO  ratis.OzoneManagerStateMachine (OzoneManagerStateMachine.java:getLatestSnapshot(147)) - Latest Snapshot Info 0#-1
2020-07-01 13:14:09,878 [grpc-default-executor-1] DEBUG server.GrpcLogAppender (GrpcLogAppender.java:onNext(257)) - omNode-1@group-523986131536->omNode-3-AppendLogResponseHandler: received a reply omNode-1<-omNode-3#12:OK,SUCCESS,nextIndex:1,term:1,followerCommit:0, request=AppendEntriesRequest:cid=12,entriesCount=0,lastEntry=null
2020-07-01 13:14:09,880 [grpc-default-executor-1] INFO  ratis.OzoneManagerStateMachine (OzoneManagerStateMachine.java:getLatestSnapshot(147)) - Latest Snapshot Info 0#-1
2020-07-01 13:14:09,881 [grpc-default-executor-1] DEBUG server.GrpcLogAppender (GrpcLogAppender.java:onNext(257)) - omNode-1@group-523986131536->omNode-2-AppendLogResponseHandler: received a reply omNode-1<-omNode-2#12:OK,SUCCESS,nextIndex:1,term:1,followerCommit:0, request=AppendEntriesRequest:cid=12,entriesCount=0,lastEntry=null
2020-07-01 13:14:10,380 [grpc-default-executor-1] INFO  ratis.OzoneManagerStateMachine (OzoneManagerStateMachine.java:getLatestSnapshot(147)) - Latest Snapshot Info 0#-1
2020-07-01 13:14:10,381 [grpc-default-executor-1] DEBUG server.GrpcLogAppender (GrpcLogAppender.java:onNext(257)) - omNode-1@group-523986131536->omNode-3-AppendLogResponseHandler: received a reply omNode-1<-omNode-3#13:OK,SUCCESS,nextIndex:1,term:1,followerCommit:0, request=AppendEntriesRequest:cid=13,entriesCount=0,lastEntry=null
2020-07-01 13:14:10,382 [grpc-default-executor-1] INFO  ratis.OzoneManagerStateMachine (OzoneManagerStateMachine.java:getLatestSnapshot(147)) - Latest Snapshot Info 0#-1
2020-07-01 13:14:10,383 [grpc-default-executor-1] DEBUG server.GrpcLogAppender (GrpcLogAppender.java:onNext(257)) - omNode-1@group-523986131536->omNode-2-AppendLogResponseHandler: received a reply omNode-1<-omNode-2#13:OK,SUCCESS,nextIndex:1,term:1,followerCommit:0, request=AppendEntriesRequest:cid=13,entriesCount=0,lastEntry=null
2020-07-01 13:14:10,537 [Command processor thread] INFO  impl.RaftServerProxy (RaftServerProxy.java:addNew(89)) - 5d36b0ac-9f7b-45e8-b885-e8514940a378: addNew group-1115F982B890:[5d36b0ac-9f7b-45e8-b885-e8514940a378:172.17.0.2:37909] returns group-1115F982B890:java.util.concurrent.CompletableFuture@3c70afe[Not completed]
2020-07-01 13:14:10,539 [pool-505-thread-1] INFO  impl.RaftServerImpl (RaftServerImpl.java:<init>(99)) - 5d36b0ac-9f7b-45e8-b885-e8514940a378: new RaftServerImpl for group-1115F982B890:[5d36b0ac-9f7b-45e8-b885-e8514940a378:172.17.0.2:37909] with ContainerStateMachine:uninitialized
2020-07-01 13:14:10,540 [pool-505-thread-1] INFO  server.RaftServerConfigKeys (ConfUtils.java:logGet(44)) - raft.server.rpc.timeout.min = 5s (custom)
2020-07-01 13:14:10,541 [pool-505-thread-1] INFO  server.RaftServerConfigKeys (ConfUtils.java:logGet(44)) - raft.server.rpc.timeout.max = 5200ms (custom)
2020-07-01 13:14:10,541 [pool-505-thread-1] INFO  server.RaftServerConfigKeys (ConfUtils.java:logGet(44)) - raft.server.rpcslowness.timeout = 300s (custom)
2020-07-01 13:14:10,541 [pool-505-thread-1] INFO  server.RaftServerConfigKeys (ConfUtils.java:logGet(44)) - raft.server.sleep.deviation.threshold = 300 (default)
2020-07-01 13:14:10,541 [pool-505-thread-1] INFO  server.RaftServerConfigKeys (ConfUtils.java:logGet(44)) - raft.server.log.appender.install.snapshot.enabled = false (custom)
2020-07-01 13:14:10,541 [pool-505-thread-1] INFO  impl.RaftServerImpl (ServerState.java:<init>(103)) - 5d36b0ac-9f7b-45e8-b885-e8514940a378@group-1115F982B890: ConfigurationManager, init=-1: [5d36b0ac-9f7b-45e8-b885-e8514940a378:172.17.0.2:37909], old=null, confs=<EMPTY_MAP>
2020-07-01 13:14:10,541 [pool-505-thread-1] INFO  server.RaftServerConfigKeys (ConfUtils.java:logGet(44)) - raft.server.storage.dir = [/github/workspace/mnt/ozone/hadoop-ozone/integration-test/target/test-dir/MiniOzoneClusterImpl-1a14e66a-5c38-443d-ac03-4d7cff470839/datanode-0/data/ratis] (custom)
2020-07-01 13:14:10,541 [pool-505-thread-1] INFO  server.RaftServerConfigKeys (ConfUtils.java:logGet(44)) - raft.server.log.corruption.policy = EXCEPTION (default)
2020-07-01 13:14:10,542 [pool-505-thread-1] INFO  storage.RaftStorageDirectory (RaftStorageDirectory.java:analyzeStorage(261)) - The storage directory /github/workspace/mnt/ozone/hadoop-ozone/integration-test/target/test-dir/MiniOzoneClusterImpl-1a14e66a-5c38-443d-ac03-4d7cff470839/datanode-0/data/ratis/e49a8c03-25ad-4527-bf1d-1115f982b890 does not exist. Creating ...
2020-07-01 13:14:10,543 [pool-505-thread-1] INFO  storage.RaftStorageDirectory (RaftStorageDirectory.java:tryLock(343)) - Lock on /github/workspace/mnt/ozone/hadoop-ozone/integration-test/target/test-dir/MiniOzoneClusterImpl-1a14e66a-5c38-443d-ac03-4d7cff470839/datanode-0/data/ratis/e49a8c03-25ad-4527-bf1d-1115f982b890/in_use.lock acquired by nodename 17000@e05bf891e8f7
2020-07-01 13:14:10,545 [pool-505-thread-1] INFO  storage.RaftStorage (RaftStorage.java:format(84)) - Storage directory /github/workspace/mnt/ozone/hadoop-ozone/integration-test/target/test-dir/MiniOzoneClusterImpl-1a14e66a-5c38-443d-ac03-4d7cff470839/datanode-0/data/ratis/e49a8c03-25ad-4527-bf1d-1115f982b890 has been successfully formatted.
2020-07-01 13:14:10,546 [pool-505-thread-1] INFO  ratis.ContainerStateMachine (ContainerStateMachine.java:loadSnapshot(226)) - group-1115F982B890: The snapshot info is null. Setting the last applied indexto:(t:0, i:~)
2020-07-01 13:14:10,546 [pool-505-thread-1] INFO  server.RaftServerConfigKeys (ConfUtils.java:logGet(44)) - raft.server.notification.no-leader.timeout = 60s (default)
2020-07-01 13:14:10,546 [pool-505-thread-1] INFO  server.RaftServerConfigKeys (ConfUtils.java:logGet(44)) - raft.server.log.use.memory = false (default)
2020-07-01 13:14:10,546 [pool-505-thread-1] INFO  server.RaftServerConfigKeys (ConfUtils.java:logGet(44)) - raft.server.log.purge.gap = 1000000 (custom)
2020-07-01 13:14:10,546 [pool-505-thread-1] INFO  server.RaftServerConfigKeys (ConfUtils.java:logGet(44)) - raft.server.log.appender.buffer.byte-limit = 33554432 (custom)
2020-07-01 13:14:10,546 [pool-505-thread-1] INFO  server.RaftServerConfigKeys (ConfUtils.java:logGet(44)) - raft.server.log.segment.size.max = 1048576 (custom)
2020-07-01 13:14:10,546 [pool-505-thread-1] INFO  metrics.RatisMetrics (RatisMetrics.java:lambda$create$0(36)) - Creating Metrics Registry : ratis.log_worker.5d36b0ac-9f7b-45e8-b885-e8514940a378@group-1115F982B890
2020-07-01 13:14:10,546 [pool-505-thread-1] INFO  server.RaftServerConfigKeys (ConfUtils.java:logGet(44)) - raft.server.log.segment.cache.num.max = 2 (custom)
2020-07-01 13:14:10,546 [EventQueue-PipelineReportForPipelineReportHandler] INFO  pipeline.PipelineStateManager (PipelineStateManager.java:openPipeline(131)) - Pipeline Pipeline[ Id: e49a8c03-25ad-4527-bf1d-1115f982b890, Nodes: 5d36b0ac-9f7b-45e8-b885-e8514940a378{ip: 172.17.0.2, host: e05bf891e8f7, networkLocation: /default-rack, certSerialId: null}, Type:RATIS, Factor:ONE, State:ALLOCATED, leaderId:5d36b0ac-9f7b-45e8-b885-e8514940a378, CreationTimestamp2020-07-01T13:14:07.540Z] moved to OPEN state
2020-07-01 13:14:10,547 [pool-505-thread-1] INFO  segmented.SegmentedRaftLogWorker (SegmentedRaftLogWorker.java:<init>(180)) - new 5d36b0ac-9f7b-45e8-b885-e8514940a378@group-1115F982B890-SegmentedRaftLogWorker for RaftStorage:Storage Directory /github/workspace/mnt/ozone/hadoop-ozone/integration-test/target/test-dir/MiniOzoneClusterImpl-1a14e66a-5c38-443d-ac03-4d7cff470839/datanode-0/data/ratis/e49a8c03-25ad-4527-bf1d-1115f982b890
2020-07-01 13:14:10,547 [pool-505-thread-1] INFO  server.RaftServerConfigKeys (ConfUtils.java:logGet(44)) - raft.server.log.queue.byte-limit = 2147483647 (custom)
2020-07-01 13:14:10,547 [pool-505-thread-1] INFO  server.RaftServerConfigKeys (ConfUtils.java:logGet(44)) - raft.server.log.queue.element-limit = 1024 (custom)
2020-07-01 13:14:10,547 [pool-505-thread-1] INFO  server.RaftServerConfigKeys (ConfUtils.java:logGet(44)) - raft.server.log.segment.size.max = 1048576 (custom)
2020-07-01 13:14:10,547 [pool-505-thread-1] INFO  server.RaftServerConfigKeys (ConfUtils.java:logGet(44)) - raft.server.log.preallocated.size = 16384 (custom)
2020-07-01 13:14:10,547 [pool-505-thread-1] INFO  server.RaftServerConfigKeys (ConfUtils.java:logGet(44)) - raft.server.log.write.buffer.size = 1048576 (custom)
2020-07-01 13:14:10,547 [pool-505-thread-1] INFO  server.RaftServerConfigKeys (ConfUtils.java:logGet(44)) - raft.server.log.force.sync.num = 128 (default)
2020-07-01 13:14:10,547 [pool-505-thread-1] INFO  server.RaftServerConfigKeys (ConfUtils.java:logGet(44)) - raft.server.log.statemachine.data.sync = true (default)
2020-07-01 13:14:10,547 [pool-505-thread-1] INFO  server.RaftServerConfigKeys (ConfUtils.java:logGet(44)) - raft.server.log.statemachine.data.sync.timeout = 10s (default)
2020-07-01 13:14:10,547 [pool-505-thread-1] INFO  server.RaftServerConfigKeys (ConfUtils.java:logGet(44)) - raft.server.log.statemachine.data.sync.timeout.retry = -1 (default)
2020-07-01 13:14:10,549 [pool-505-thread-1] INFO  server.RaftServerConfigKeys (ConfUtils.java:logGet(44)) - raft.server.log.statemachine.data.caching.enabled = true (custom)
2020-07-01 13:14:10,549 [pool-505-thread-1] INFO  segmented.SegmentedRaftLogWorker (SegmentedRaftLogWorker.java:lambda$new$0(129)) - 5d36b0ac-9f7b-45e8-b885-e8514940a378@group-1115F982B890-SegmentedRaftLogWorker: flushIndex: setUnconditionally 0 -> -1
2020-07-01 13:14:10,549 [pool-505-thread-1] INFO  segmented.SegmentedRaftLogWorker (SegmentedRaftLogWorker.java:lambda$new$0(129)) - 5d36b0ac-9f7b-45e8-b885-e8514940a378@group-1115F982B890-SegmentedRaftLogWorker: safeCacheEvictIndex: setUnconditionally 0 -> -1
2020-07-01 13:14:10,557 [pool-505-thread-1] INFO  server.RaftServerConfigKeys (ConfUtils.java:logGet(44)) - raft.server.snapshot.auto.trigger.enabled = true (custom)
2020-07-01 13:14:10,557 [EventQueue-OpenPipelineForHealthyPipelineSafeModeRule] INFO  safemode.SCMSafeModeManager (HealthyPipelineSafeModeRule.java:process(129)) - SCM in safe mode. Healthy pipelines reported count is 0, required healthy pipeline reported count is 1
2020-07-01 13:14:10,557 [EventQueue-OpenPipelineForOneReplicaPipelineSafeModeRule] INFO  safemode.SCMSafeModeManager (SCMSafeModeManager.java:validateSafeModeExitRules(214)) - AtleastOneDatanodeReportedRule rule is successfully validated
2020-07-01 13:14:10,557 [pool-505-thread-1] INFO  server.RaftServerConfigKeys (ConfUtils.java:logGet(44)) - raft.server.snapshot.auto.trigger.threshold = 10000 (custom)
2020-07-01 13:14:10,557 [pool-505-thread-1] INFO  server.RaftServerConfigKeys (ConfUtils.java:logGet(44)) - raft.server.snapshot.retention.file.num = 5 (custom)
2020-07-01 13:14:10,557 [pool-505-thread-1] INFO  server.RaftServerConfigKeys (ConfUtils.java:logGet(44)) - raft.server.log.purge.upto.snapshot.index = false (default)
2020-07-01 13:14:10,559 [pool-505-thread-1] INFO  server.RaftServerConfigKeys (ConfUtils.java:logGet(44)) - raft.server.retrycache.expirytime = 600000ms (custom)
2020-07-01 13:14:10,559 [pool-505-thread-1] INFO  metrics.RatisMetrics (RatisMetrics.java:lambda$create$0(36)) - Creating Metrics Registry : ratis.leader_election.5d36b0ac-9f7b-45e8-b885-e8514940a378@group-1115F982B890
2020-07-01 13:14:10,559 [pool-505-thread-1] INFO  metrics.RatisMetrics (RatisMetrics.java:lambda$create$0(36)) - Creating Metrics Registry : ratis.server.5d36b0ac-9f7b-45e8-b885-e8514940a378@group-1115F982B890
2020-07-01 13:14:10,561 [pool-505-thread-1] INFO  impl.RaftServerImpl (RaftServerImpl.java:start(186)) - 5d36b0ac-9f7b-45e8-b885-e8514940a378@group-1115F982B890: start as a follower, conf=-1: [5d36b0ac-9f7b-45e8-b885-e8514940a378:172.17.0.2:37909], old=null
2020-07-01 13:14:10,561 [pool-505-thread-1] INFO  impl.RaftServerImpl (RaftServerImpl.java:setRole(175)) - 5d36b0ac-9f7b-45e8-b885-e8514940a378@group-1115F982B890: changes role from      null to FOLLOWER at term 0 for startAsFollower
2020-07-01 13:14:10,561 [pool-505-thread-1] INFO  impl.RoleInfo (RoleInfo.java:updateAndGet(143)) - 5d36b0ac-9f7b-45e8-b885-e8514940a378: start FollowerState
2020-07-01 13:14:10,561 [pool-505-thread-1] INFO  util.JmxRegister (JmxRegister.java:tryRegister(44)) - Successfully registered JMX Bean with object name Ratis:service=RaftServer,group=group-1115F982B890,id=5d36b0ac-9f7b-45e8-b885-e8514940a378
2020-07-01 13:14:10,561 [pool-505-thread-1] INFO  metrics.RatisMetrics (RatisMetrics.java:lambda$create$0(36)) - Creating Metrics Registry : ratis.state_machine.5d36b0ac-9f7b-45e8-b885-e8514940a378@group-1115F982B890
2020-07-01 13:14:10,562 [Command processor thread] INFO  commandhandler.CreatePipelineCommandHandler (CreatePipelineCommandHandler.java:handle(109)) - Created Pipeline RATIS ONE #id: "e49a8c03-25ad-4527-bf1d-1115f982b890"
.
2020-07-01 13:14:10,562 [Command processor thread] INFO  impl.RaftServerProxy (RaftServerProxy.java:addNew(89)) - 5d36b0ac-9f7b-45e8-b885-e8514940a378: addNew group-27E4BCC3A540:[5d36b0ac-9f7b-45e8-b885-e8514940a378:172.17.0.2:37909, 2e054850-ba10-443b-bf2f-768eb7b2f82b:172.17.0.2:36857, 12959356-53c4-4807-9d4f-3fbf974abe92:172.17.0.2:38997] returns group-27E4BCC3A540:java.util.concurrent.CompletableFuture@7f88e5e[Not completed]
2020-07-01 13:14:10,563 [pool-505-thread-1] INFO  impl.RaftServerImpl (RaftServerImpl.java:<init>(99)) - 5d36b0ac-9f7b-45e8-b885-e8514940a378: new RaftServerImpl for group-27E4BCC3A540:[5d36b0ac-9f7b-45e8-b885-e8514940a378:172.17.0.2:37909, 2e054850-ba10-443b-bf2f-768eb7b2f82b:172.17.0.2:36857, 12959356-53c4-4807-9d4f-3fbf974abe92:172.17.0.2:38997] with ContainerStateMachine:uninitialized
2020-07-01 13:14:10,563 [pool-505-thread-1] INFO  server.RaftServerConfigKeys (ConfUtils.java:logGet(44)) - raft.server.rpc.timeout.min = 5s (custom)
2020-07-01 13:14:10,563 [pool-505-thread-1] INFO  server.RaftServerConfigKeys (ConfUtils.java:logGet(44)) - raft.server.rpc.timeout.max = 5200ms (custom)
2020-07-01 13:14:10,563 [pool-505-thread-1] INFO  server.RaftServerConfigKeys (ConfUtils.java:logGet(44)) - raft.server.rpcslowness.timeout = 300s (custom)
2020-07-01 13:14:10,563 [pool-505-thread-1] INFO  server.RaftServerConfigKeys (ConfUtils.java:logGet(44)) - raft.server.sleep.deviation.threshold = 300 (default)
2020-07-01 13:14:10,563 [pool-505-thread-1] INFO  server.RaftServerConfigKeys (ConfUtils.java:logGet(44)) - raft.server.log.appender.install.snapshot.enabled = false (custom)
2020-07-01 13:14:10,563 [pool-505-thread-1] INFO  impl.RaftServerImpl (ServerState.java:<init>(103)) - 5d36b0ac-9f7b-45e8-b885-e8514940a378@group-27E4BCC3A540: ConfigurationManager, init=-1: [5d36b0ac-9f7b-45e8-b885-e8514940a378:172.17.0.2:37909, 2e054850-ba10-443b-bf2f-768eb7b2f82b:172.17.0.2:36857, 12959356-53c4-4807-9d4f-3fbf974abe92:172.17.0.2:38997], old=null, confs=<EMPTY_MAP>
2020-07-01 13:14:10,563 [pool-505-thread-1] INFO  server.RaftServerConfigKeys (ConfUtils.java:logGet(44)) - raft.server.storage.dir = [/github/workspace/mnt/ozone/hadoop-ozone/integration-test/target/test-dir/MiniOzoneClusterImpl-1a14e66a-5c38-443d-ac03-4d7cff470839/datanode-0/data/ratis] (custom)
2020-07-01 13:14:10,564 [pool-505-thread-1] INFO  server.RaftServerConfigKeys (ConfUtils.java:logGet(44)) - raft.server.log.corruption.policy = EXCEPTION (default)
2020-07-01 13:14:10,564 [pool-505-thread-1] INFO  storage.RaftStorageDirectory (RaftStorageDirectory.java:analyzeStorage(261)) - The storage directory /github/workspace/mnt/ozone/hadoop-ozone/integration-test/target/test-dir/MiniOzoneClusterImpl-1a14e66a-5c38-443d-ac03-4d7cff470839/datanode-0/data/ratis/71dac77b-3d61-49df-84e9-27e4bcc3a540 does not exist. Creating ...
2020-07-01 13:14:10,565 [pool-505-thread-1] INFO  storage.RaftStorageDirectory (RaftStorageDirectory.java:tryLock(343)) - Lock on /github/workspace/mnt/ozone/hadoop-ozone/integration-test/target/test-dir/MiniOzoneClusterImpl-1a14e66a-5c38-443d-ac03-4d7cff470839/datanode-0/data/ratis/71dac77b-3d61-49df-84e9-27e4bcc3a540/in_use.lock acquired by nodename 17000@e05bf891e8f7
2020-07-01 13:14:10,567 [pool-505-thread-1] INFO  storage.RaftStorage (RaftStorage.java:format(84)) - Storage directory /github/workspace/mnt/ozone/hadoop-ozone/integration-test/target/test-dir/MiniOzoneClusterImpl-1a14e66a-5c38-443d-ac03-4d7cff470839/datanode-0/data/ratis/71dac77b-3d61-49df-84e9-27e4bcc3a540 has been successfully formatted.
2020-07-01 13:14:10,567 [pool-505-thread-1] INFO  ratis.ContainerStateMachine (ContainerStateMachine.java:loadSnapshot(226)) - group-27E4BCC3A540: The snapshot info is null. Setting the last applied indexto:(t:0, i:~)
2020-07-01 13:14:10,567 [pool-505-thread-1] INFO  server.RaftServerConfigKeys (ConfUtils.java:logGet(44)) - raft.server.notification.no-leader.timeout = 60s (default)
2020-07-01 13:14:10,568 [pool-505-thread-1] INFO  server.RaftServerConfigKeys (ConfUtils.java:logGet(44)) - raft.server.log.use.memory = false (default)
2020-07-01 13:14:10,568 [pool-505-thread-1] INFO  server.RaftServerConfigKeys (ConfUtils.java:logGet(44)) - raft.server.log.purge.gap = 1000000 (custom)
2020-07-01 13:14:10,568 [pool-505-thread-1] INFO  server.RaftServerConfigKeys (ConfUtils.java:logGet(44)) - raft.server.log.appender.buffer.byte-limit = 33554432 (custom)
2020-07-01 13:14:10,568 [pool-505-thread-1] INFO  server.RaftServerConfigKeys (ConfUtils.java:logGet(44)) - raft.server.log.segment.size.max = 1048576 (custom)
2020-07-01 13:14:10,568 [pool-505-thread-1] INFO  metrics.RatisMetrics (RatisMetrics.java:lambda$create$0(36)) - Creating Metrics Registry : ratis.log_worker.5d36b0ac-9f7b-45e8-b885-e8514940a378@group-27E4BCC3A540
2020-07-01 13:14:10,568 [pool-505-thread-1] INFO  server.RaftServerConfigKeys (ConfUtils.java:logGet(44)) - raft.server.log.segment.cache.num.max = 2 (custom)
2020-07-01 13:14:10,568 [pool-505-thread-1] INFO  segmented.SegmentedRaftLogWorker (SegmentedRaftLogWorker.java:<init>(180)) - new 5d36b0ac-9f7b-45e8-b885-e8514940a378@group-27E4BCC3A540-SegmentedRaftLogWorker for RaftStorage:Storage Directory /github/workspace/mnt/ozone/hadoop-ozone/integration-test/target/test-dir/MiniOzoneClusterImpl-1a14e66a-5c38-443d-ac03-4d7cff470839/datanode-0/data/ratis/71dac77b-3d61-49df-84e9-27e4bcc3a540
2020-07-01 13:14:10,568 [pool-505-thread-1] INFO  server.RaftServerConfigKeys (ConfUtils.java:logGet(44)) - raft.server.log.queue.byte-limit = 2147483647 (custom)
2020-07-01 13:14:10,568 [pool-505-thread-1] INFO  server.RaftServerConfigKeys (ConfUtils.java:logGet(44)) - raft.server.log.queue.element-limit = 1024 (custom)
2020-07-01 13:14:10,568 [pool-505-thread-1] INFO  server.RaftServerConfigKeys (ConfUtils.java:logGet(44)) - raft.server.log.segment.size.max = 1048576 (custom)
2020-07-01 13:14:10,568 [pool-505-thread-1] INFO  server.RaftServerConfigKeys (ConfUtils.java:logGet(44)) - raft.server.log.preallocated.size = 16384 (custom)
2020-07-01 13:14:10,568 [pool-505-thread-1] INFO  server.RaftServerConfigKeys (ConfUtils.java:logGet(44)) - raft.server.log.write.buffer.size = 1048576 (custom)
2020-07-01 13:14:10,568 [pool-505-thread-1] INFO  server.RaftServerConfigKeys (ConfUtils.java:logGet(44)) - raft.server.log.force.sync.num = 128 (default)
2020-07-01 13:14:10,569 [pool-505-thread-1] INFO  server.RaftServerConfigKeys (ConfUtils.java:logGet(44)) - raft.server.log.statemachine.data.sync = true (default)
2020-07-01 13:14:10,569 [pool-505-thread-1] INFO  server.RaftServerConfigKeys (ConfUtils.java:logGet(44)) - raft.server.log.statemachine.data.sync.timeout = 10s (default)
2020-07-01 13:14:10,569 [pool-505-thread-1] INFO  server.RaftServerConfigKeys (ConfUtils.java:logGet(44)) - raft.server.log.statemachine.data.sync.timeout.retry = -1 (default)
2020-07-01 13:14:10,571 [pool-505-thread-1] INFO  server.RaftServerConfigKeys (ConfUtils.java:logGet(44)) - raft.server.log.statemachine.data.caching.enabled = true (custom)
2020-07-01 13:14:10,571 [pool-505-thread-1] INFO  segmented.SegmentedRaftLogWorker (SegmentedRaftLogWorker.java:lambda$new$0(129)) - 5d36b0ac-9f7b-45e8-b885-e8514940a378@group-27E4BCC3A540-SegmentedRaftLogWorker: flushIndex: setUnconditionally 0 -> -1
2020-07-01 13:14:10,571 [pool-505-thread-1] INFO  segmented.SegmentedRaftLogWorker (SegmentedRaftLogWorker.java:lambda$new$0(129)) - 5d36b0ac-9f7b-45e8-b885-e8514940a378@group-27E4BCC3A540-SegmentedRaftLogWorker: safeCacheEvictIndex: setUnconditionally 0 -> -1
2020-07-01 13:14:10,571 [pool-505-thread-1] INFO  server.RaftServerConfigKeys (ConfUtils.java:logGet(44)) - raft.server.snapshot.auto.trigger.enabled = true (custom)
2020-07-01 13:14:10,571 [pool-505-thread-1] INFO  server.RaftServerConfigKeys (ConfUtils.java:logGet(44)) - raft.server.snapshot.auto.trigger.threshold = 10000 (custom)
2020-07-01 13:14:10,571 [pool-505-thread-1] INFO  server.RaftServerConfigKeys (ConfUtils.java:logGet(44)) - raft.server.snapshot.retention.file.num = 5 (custom)
2020-07-01 13:14:10,571 [pool-505-thread-1] INFO  server.RaftServerConfigKeys (ConfUtils.java:logGet(44)) - raft.server.log.purge.upto.snapshot.index = false (default)
2020-07-01 13:14:10,571 [pool-505-thread-1] INFO  server.RaftServerConfigKeys (ConfUtils.java:logGet(44)) - raft.server.retrycache.expirytime = 600000ms (custom)
2020-07-01 13:14:10,571 [pool-505-thread-1] INFO  metrics.RatisMetrics (RatisMetrics.java:lambda$create$0(36)) - Creating Metrics Registry : ratis.leader_election.5d36b0ac-9f7b-45e8-b885-e8514940a378@group-27E4BCC3A540
2020-07-01 13:14:10,572 [pool-505-thread-1] INFO  metrics.RatisMetrics (RatisMetrics.java:lambda$create$0(36)) - Creating Metrics Registry : ratis.server.5d36b0ac-9f7b-45e8-b885-e8514940a378@group-27E4BCC3A540
2020-07-01 13:14:10,573 [pool-505-thread-1] INFO  impl.RaftServerImpl (RaftServerImpl.java:start(186)) - 5d36b0ac-9f7b-45e8-b885-e8514940a378@group-27E4BCC3A540: start as a follower, conf=-1: [5d36b0ac-9f7b-45e8-b885-e8514940a378:172.17.0.2:37909, 2e054850-ba10-443b-bf2f-768eb7b2f82b:172.17.0.2:36857, 12959356-53c4-4807-9d4f-3fbf974abe92:172.17.0.2:38997], old=null
2020-07-01 13:14:10,573 [pool-505-thread-1] INFO  impl.RaftServerImpl (RaftServerImpl.java:setRole(175)) - 5d36b0ac-9f7b-45e8-b885-e8514940a378@group-27E4BCC3A540: changes role from      null to FOLLOWER at term 0 for startAsFollower
2020-07-01 13:14:10,573 [pool-505-thread-1] INFO  impl.RoleInfo (RoleInfo.java:updateAndGet(143)) - 5d36b0ac-9f7b-45e8-b885-e8514940a378: start FollowerState
2020-07-01 13:14:10,576 [pool-505-thread-1] INFO  util.JmxRegister (JmxRegister.java:tryRegister(44)) - Successfully registered JMX Bean with object name Ratis:service=RaftServer,group=group-27E4BCC3A540,id=5d36b0ac-9f7b-45e8-b885-e8514940a378
2020-07-01 13:14:10,576 [pool-505-thread-1] INFO  metrics.RatisMetrics (RatisMetrics.java:lambda$create$0(36)) - Creating Metrics Registry : ratis.state_machine.5d36b0ac-9f7b-45e8-b885-e8514940a378@group-27E4BCC3A540
2020-07-01 13:14:10,583 [grpc-default-executor-1] INFO  impl.RaftServerProxy (RaftServerProxy.java:addNew(89)) - 2e054850-ba10-443b-bf2f-768eb7b2f82b: addNew group-27E4BCC3A540:[5d36b0ac-9f7b-45e8-b885-e8514940a378:172.17.0.2:37909, 2e054850-ba10-443b-bf2f-768eb7b2f82b:172.17.0.2:36857, 12959356-53c4-4807-9d4f-3fbf974abe92:172.17.0.2:38997] returns group-27E4BCC3A540:java.util.concurrent.CompletableFuture@513eef97[Not completed]
2020-07-01 13:14:10,584 [pool-520-thread-1] INFO  impl.RaftServerImpl (RaftServerImpl.java:<init>(99)) - 2e054850-ba10-443b-bf2f-768eb7b2f82b: new RaftServerImpl for group-27E4BCC3A540:[5d36b0ac-9f7b-45e8-b885-e8514940a378:172.17.0.2:37909, 2e054850-ba10-443b-bf2f-768eb7b2f82b:172.17.0.2:36857, 12959356-53c4-4807-9d4f-3fbf974abe92:172.17.0.2:38997] with ContainerStateMachine:uninitialized
2020-07-01 13:14:10,585 [pool-520-thread-1] INFO  server.RaftServerConfigKeys (ConfUtils.java:logGet(44)) - raft.server.rpc.timeout.min = 5s (custom)
2020-07-01 13:14:10,585 [pool-520-thread-1] INFO  server.RaftServerConfigKeys (ConfUtils.java:logGet(44)) - raft.server.rpc.timeout.max = 5200ms (custom)
2020-07-01 13:14:10,585 [pool-520-thread-1] INFO  server.RaftServerConfigKeys (ConfUtils.java:logGet(44)) - raft.server.rpcslowness.timeout = 300s (custom)
2020-07-01 13:14:10,585 [pool-520-thread-1] INFO  server.RaftServerConfigKeys (ConfUtils.java:logGet(44)) - raft.server.sleep.deviation.threshold = 300 (default)
2020-07-01 13:14:10,585 [pool-520-thread-1] INFO  server.RaftServerConfigKeys (ConfUtils.java:logGet(44)) - raft.server.log.appender.install.snapshot.enabled = false (custom)
2020-07-01 13:14:10,585 [pool-520-thread-1] INFO  impl.RaftServerImpl (ServerState.java:<init>(103)) - 2e054850-ba10-443b-bf2f-768eb7b2f82b@group-27E4BCC3A540: ConfigurationManager, init=-1: [5d36b0ac-9f7b-45e8-b885-e8514940a378:172.17.0.2:37909, 2e054850-ba10-443b-bf2f-768eb7b2f82b:172.17.0.2:36857, 12959356-53c4-4807-9d4f-3fbf974abe92:172.17.0.2:38997], old=null, confs=<EMPTY_MAP>
2020-07-01 13:14:10,585 [pool-520-thread-1] INFO  server.RaftServerConfigKeys (ConfUtils.java:logGet(44)) - raft.server.storage.dir = [/github/workspace/mnt/ozone/hadoop-ozone/integration-test/target/test-dir/MiniOzoneClusterImpl-1a14e66a-5c38-443d-ac03-4d7cff470839/datanode-1/data/ratis] (custom)
2020-07-01 13:14:10,585 [pool-520-thread-1] INFO  server.RaftServerConfigKeys (ConfUtils.java:logGet(44)) - raft.server.log.corruption.policy = EXCEPTION (default)
2020-07-01 13:14:10,585 [pool-520-thread-1] INFO  storage.RaftStorageDirectory (RaftStorageDirectory.java:analyzeStorage(261)) - The storage directory /github/workspace/mnt/ozone/hadoop-ozone/integration-test/target/test-dir/MiniOzoneClusterImpl-1a14e66a-5c38-443d-ac03-4d7cff470839/datanode-1/data/ratis/71dac77b-3d61-49df-84e9-27e4bcc3a540 does not exist. Creating ...
2020-07-01 13:14:10,586 [pool-520-thread-1] INFO  storage.RaftStorageDirectory (RaftStorageDirectory.java:tryLock(343)) - Lock on /github/workspace/mnt/ozone/hadoop-ozone/integration-test/target/test-dir/MiniOzoneClusterImpl-1a14e66a-5c38-443d-ac03-4d7cff470839/datanode-1/data/ratis/71dac77b-3d61-49df-84e9-27e4bcc3a540/in_use.lock acquired by nodename 17000@e05bf891e8f7
2020-07-01 13:14:10,587 [pool-520-thread-1] INFO  storage.RaftStorage (RaftStorage.java:format(84)) - Storage directory /github/workspace/mnt/ozone/hadoop-ozone/integration-test/target/test-dir/MiniOzoneClusterImpl-1a14e66a-5c38-443d-ac03-4d7cff470839/datanode-1/data/ratis/71dac77b-3d61-49df-84e9-27e4bcc3a540 has been successfully formatted.
2020-07-01 13:14:10,588 [pool-520-thread-1] INFO  ratis.ContainerStateMachine (ContainerStateMachine.java:loadSnapshot(226)) - group-27E4BCC3A540: The snapshot info is null. Setting the last applied indexto:(t:0, i:~)
2020-07-01 13:14:10,588 [pool-520-thread-1] INFO  server.RaftServerConfigKeys (ConfUtils.java:logGet(44)) - raft.server.notification.no-leader.timeout = 60s (default)
2020-07-01 13:14:10,588 [pool-520-thread-1] INFO  server.RaftServerConfigKeys (ConfUtils.java:logGet(44)) - raft.server.log.use.memory = false (default)
2020-07-01 13:14:10,588 [pool-520-thread-1] INFO  server.RaftServerConfigKeys (ConfUtils.java:logGet(44)) - raft.server.log.purge.gap = 1000000 (custom)
2020-07-01 13:14:10,588 [pool-520-thread-1] INFO  server.RaftServerConfigKeys (ConfUtils.java:logGet(44)) - raft.server.log.appender.buffer.byte-limit = 33554432 (custom)
2020-07-01 13:14:10,589 [pool-520-thread-1] INFO  server.RaftServerConfigKeys (ConfUtils.java:logGet(44)) - raft.server.log.segment.size.max = 1048576 (custom)
2020-07-01 13:14:10,589 [pool-520-thread-1] INFO  metrics.RatisMetrics (RatisMetrics.java:lambda$create$0(36)) - Creating Metrics Registry : ratis.log_worker.2e054850-ba10-443b-bf2f-768eb7b2f82b@group-27E4BCC3A540
2020-07-01 13:14:10,589 [pool-520-thread-1] INFO  server.RaftServerConfigKeys (ConfUtils.java:logGet(44)) - raft.server.log.segment.cache.num.max = 2 (custom)
2020-07-01 13:14:10,589 [pool-520-thread-1] INFO  segmented.SegmentedRaftLogWorker (SegmentedRaftLogWorker.java:<init>(180)) - new 2e054850-ba10-443b-bf2f-768eb7b2f82b@group-27E4BCC3A540-SegmentedRaftLogWorker for RaftStorage:Storage Directory /github/workspace/mnt/ozone/hadoop-ozone/integration-test/target/test-dir/MiniOzoneClusterImpl-1a14e66a-5c38-443d-ac03-4d7cff470839/datanode-1/data/ratis/71dac77b-3d61-49df-84e9-27e4bcc3a540
2020-07-01 13:14:10,589 [pool-520-thread-1] INFO  server.RaftServerConfigKeys (ConfUtils.java:logGet(44)) - raft.server.log.queue.byte-limit = 2147483647 (custom)
2020-07-01 13:14:10,589 [pool-520-thread-1] INFO  server.RaftServerConfigKeys (ConfUtils.java:logGet(44)) - raft.server.log.queue.element-limit = 1024 (custom)
2020-07-01 13:14:10,589 [pool-520-thread-1] INFO  server.RaftServerConfigKeys (ConfUtils.java:logGet(44)) - raft.server.log.segment.size.max = 1048576 (custom)
2020-07-01 13:14:10,589 [pool-520-thread-1] INFO  server.RaftServerConfigKeys (ConfUtils.java:logGet(44)) - raft.server.log.preallocated.size = 16384 (custom)
2020-07-01 13:14:10,589 [pool-520-thread-1] INFO  server.RaftServerConfigKeys (ConfUtils.java:logGet(44)) - raft.server.log.write.buffer.size = 1048576 (custom)
2020-07-01 13:14:10,589 [pool-520-thread-1] INFO  server.RaftServerConfigKeys (ConfUtils.java:logGet(44)) - raft.server.log.force.sync.num = 128 (default)
2020-07-01 13:14:10,589 [pool-520-thread-1] INFO  server.RaftServerConfigKeys (ConfUtils.java:logGet(44)) - raft.server.log.statemachine.data.sync = true (default)
2020-07-01 13:14:10,589 [pool-520-thread-1] INFO  server.RaftServerConfigKeys (ConfUtils.java:logGet(44)) - raft.server.log.statemachine.data.sync.timeout = 10s (default)
2020-07-01 13:14:10,589 [pool-520-thread-1] INFO  server.RaftServerConfigKeys (ConfUtils.java:logGet(44)) - raft.server.log.statemachine.data.sync.timeout.retry = -1 (default)
2020-07-01 13:14:10,592 [Command processor thread] INFO  impl.RaftServerProxy (RaftServerProxy.java:addNew(89)) - 2e054850-ba10-443b-bf2f-768eb7b2f82b: addNew group-5FE5A30660EC:[2e054850-ba10-443b-bf2f-768eb7b2f82b:172.17.0.2:36857] returns group-5FE5A30660EC:java.util.concurrent.CompletableFuture@49485206[Not completed]
2020-07-01 13:14:10,593 [pool-520-thread-1] INFO  server.RaftServerConfigKeys (ConfUtils.java:logGet(44)) - raft.server.log.statemachine.data.caching.enabled = true (custom)
2020-07-01 13:14:10,594 [pool-520-thread-1] INFO  segmented.SegmentedRaftLogWorker (SegmentedRaftLogWorker.java:lambda$new$0(129)) - 2e054850-ba10-443b-bf2f-768eb7b2f82b@group-27E4BCC3A540-SegmentedRaftLogWorker: flushIndex: setUnconditionally 0 -> -1
2020-07-01 13:14:10,594 [pool-520-thread-1] INFO  segmented.SegmentedRaftLogWorker (SegmentedRaftLogWorker.java:lambda$new$0(129)) - 2e054850-ba10-443b-bf2f-768eb7b2f82b@group-27E4BCC3A540-SegmentedRaftLogWorker: safeCacheEvictIndex: setUnconditionally 0 -> -1
2020-07-01 13:14:10,596 [pool-520-thread-1] INFO  server.RaftServerConfigKeys (ConfUtils.java:logGet(44)) - raft.server.snapshot.auto.trigger.enabled = true (custom)
2020-07-01 13:14:10,596 [pool-520-thread-1] INFO  server.RaftServerConfigKeys (ConfUtils.java:logGet(44)) - raft.server.snapshot.auto.trigger.threshold = 10000 (custom)
2020-07-01 13:14:10,596 [pool-520-thread-1] INFO  server.RaftServerConfigKeys (ConfUtils.java:logGet(44)) - raft.server.snapshot.retention.file.num = 5 (custom)
2020-07-01 13:14:10,596 [pool-520-thread-1] INFO  server.RaftServerConfigKeys (ConfUtils.java:logGet(44)) - raft.server.log.purge.upto.snapshot.index = false (default)
2020-07-01 13:14:10,597 [pool-520-thread-1] INFO  server.RaftServerConfigKeys (ConfUtils.java:logGet(44)) - raft.server.retrycache.expirytime = 600000ms (custom)
2020-07-01 13:14:10,597 [pool-520-thread-1] INFO  metrics.RatisMetrics (RatisMetrics.java:lambda$create$0(36)) - Creating Metrics Registry : ratis.leader_election.2e054850-ba10-443b-bf2f-768eb7b2f82b@group-27E4BCC3A540
2020-07-01 13:14:10,597 [pool-520-thread-1] INFO  metrics.RatisMetrics (RatisMetrics.java:lambda$create$0(36)) - Creating Metrics Registry : ratis.server.2e054850-ba10-443b-bf2f-768eb7b2f82b@group-27E4BCC3A540
2020-07-01 13:14:10,599 [pool-520-thread-1] INFO  impl.RaftServerImpl (RaftServerImpl.java:<init>(99)) - 2e054850-ba10-443b-bf2f-768eb7b2f82b: new RaftServerImpl for group-5FE5A30660EC:[2e054850-ba10-443b-bf2f-768eb7b2f82b:172.17.0.2:36857] with ContainerStateMachine:uninitialized
2020-07-01 13:14:10,599 [pool-520-thread-1] INFO  server.RaftServerConfigKeys (ConfUtils.java:logGet(44)) - raft.server.rpc.timeout.min = 5s (custom)
2020-07-01 13:14:10,599 [pool-520-thread-1] INFO  server.RaftServerConfigKeys (ConfUtils.java:logGet(44)) - raft.server.rpc.timeout.max = 5200ms (custom)
2020-07-01 13:14:10,599 [pool-520-thread-1] INFO  server.RaftServerConfigKeys (ConfUtils.java:logGet(44)) - raft.server.rpcslowness.timeout = 300s (custom)
2020-07-01 13:14:10,599 [pool-520-thread-1] INFO  server.RaftServerConfigKeys (ConfUtils.java:logGet(44)) - raft.server.sleep.deviation.threshold = 300 (default)
2020-07-01 13:14:10,599 [pool-520-thread-1] INFO  server.RaftServerConfigKeys (ConfUtils.java:logGet(44)) - raft.server.log.appender.install.snapshot.enabled = false (custom)
2020-07-01 13:14:10,599 [pool-520-thread-1] INFO  impl.RaftServerImpl (ServerState.java:<init>(103)) - 2e054850-ba10-443b-bf2f-768eb7b2f82b@group-5FE5A30660EC: ConfigurationManager, init=-1: [2e054850-ba10-443b-bf2f-768eb7b2f82b:172.17.0.2:36857], old=null, confs=<EMPTY_MAP>
2020-07-01 13:14:10,599 [pool-520-thread-1] INFO  server.RaftServerConfigKeys (ConfUtils.java:logGet(44)) - raft.server.storage.dir = [/github/workspace/mnt/ozone/hadoop-ozone/integration-test/target/test-dir/MiniOzoneClusterImpl-1a14e66a-5c38-443d-ac03-4d7cff470839/datanode-1/data/ratis] (custom)
2020-07-01 13:14:10,599 [pool-520-thread-1] INFO  server.RaftServerConfigKeys (ConfUtils.java:logGet(44)) - raft.server.log.corruption.policy = EXCEPTION (default)
2020-07-01 13:14:10,600 [pool-520-thread-1] INFO  storage.RaftStorageDirectory (RaftStorageDirectory.java:analyzeStorage(261)) - The storage directory /github/workspace/mnt/ozone/hadoop-ozone/integration-test/target/test-dir/MiniOzoneClusterImpl-1a14e66a-5c38-443d-ac03-4d7cff470839/datanode-1/data/ratis/a21d54c7-0eec-4c0c-821f-5fe5a30660ec does not exist. Creating ...
2020-07-01 13:14:10,600 [pool-520-thread-1] INFO  storage.RaftStorageDirectory (RaftStorageDirectory.java:tryLock(343)) - Lock on /github/workspace/mnt/ozone/hadoop-ozone/integration-test/target/test-dir/MiniOzoneClusterImpl-1a14e66a-5c38-443d-ac03-4d7cff470839/datanode-1/data/ratis/a21d54c7-0eec-4c0c-821f-5fe5a30660ec/in_use.lock acquired by nodename 17000@e05bf891e8f7
2020-07-01 13:14:10,601 [pool-520-thread-1] INFO  storage.RaftStorage (RaftStorage.java:format(84)) - Storage directory /github/workspace/mnt/ozone/hadoop-ozone/integration-test/target/test-dir/MiniOzoneClusterImpl-1a14e66a-5c38-443d-ac03-4d7cff470839/datanode-1/data/ratis/a21d54c7-0eec-4c0c-821f-5fe5a30660ec has been successfully formatted.
2020-07-01 13:14:10,602 [pool-520-thread-1] INFO  ratis.ContainerStateMachine (ContainerStateMachine.java:loadSnapshot(226)) - group-5FE5A30660EC: The snapshot info is null. Setting the last applied indexto:(t:0, i:~)
2020-07-01 13:14:10,602 [pool-520-thread-1] INFO  server.RaftServerConfigKeys (ConfUtils.java:logGet(44)) - raft.server.notification.no-leader.timeout = 60s (default)
2020-07-01 13:14:10,602 [pool-520-thread-1] INFO  server.RaftServerConfigKeys (ConfUtils.java:logGet(44)) - raft.server.log.use.memory = false (default)
2020-07-01 13:14:10,603 [pool-520-thread-1] INFO  server.RaftServerConfigKeys (ConfUtils.java:logGet(44)) - raft.server.log.purge.gap = 1000000 (custom)
2020-07-01 13:14:10,603 [pool-520-thread-1] INFO  server.RaftServerConfigKeys (ConfUtils.java:logGet(44)) - raft.server.log.appender.buffer.byte-limit = 33554432 (custom)
2020-07-01 13:14:10,603 [pool-520-thread-1] INFO  server.RaftServerConfigKeys (ConfUtils.java:logGet(44)) - raft.server.log.segment.size.max = 1048576 (custom)
2020-07-01 13:14:10,603 [pool-520-thread-1] INFO  metrics.RatisMetrics (RatisMetrics.java:lambda$create$0(36)) - Creating Metrics Registry : ratis.log_worker.2e054850-ba10-443b-bf2f-768eb7b2f82b@group-5FE5A30660EC
2020-07-01 13:14:10,603 [pool-520-thread-1] INFO  server.RaftServerConfigKeys (ConfUtils.java:logGet(44)) - raft.server.log.segment.cache.num.max = 2 (custom)
2020-07-01 13:14:10,603 [pool-520-thread-1] INFO  segmented.SegmentedRaftLogWorker (SegmentedRaftLogWorker.java:<init>(180)) - new 2e054850-ba10-443b-bf2f-768eb7b2f82b@group-5FE5A30660EC-SegmentedRaftLogWorker for RaftStorage:Storage Directory /github/workspace/mnt/ozone/hadoop-ozone/integration-test/target/test-dir/MiniOzoneClusterImpl-1a14e66a-5c38-443d-ac03-4d7cff470839/datanode-1/data/ratis/a21d54c7-0eec-4c0c-821f-5fe5a30660ec
2020-07-01 13:14:10,603 [EventQueue-PipelineReportForPipelineReportHandler] INFO  pipeline.PipelineStateManager (PipelineStateManager.java:openPipeline(131)) - Pipeline Pipeline[ Id: a21d54c7-0eec-4c0c-821f-5fe5a30660ec, Nodes: 2e054850-ba10-443b-bf2f-768eb7b2f82b{ip: 172.17.0.2, host: e05bf891e8f7, networkLocation: /default-rack, certSerialId: null}, Type:RATIS, Factor:ONE, State:ALLOCATED, leaderId:2e054850-ba10-443b-bf2f-768eb7b2f82b, CreationTimestamp2020-07-01T13:14:07.590Z] moved to OPEN state
2020-07-01 13:14:10,603 [pool-520-thread-1] INFO  server.RaftServerConfigKeys (ConfUtils.java:logGet(44)) - raft.server.log.queue.byte-limit = 2147483647 (custom)
2020-07-01 13:14:10,603 [pool-520-thread-1] INFO  server.RaftServerConfigKeys (ConfUtils.java:logGet(44)) - raft.server.log.queue.element-limit = 1024 (custom)
2020-07-01 13:14:10,603 [EventQueue-OpenPipelineForHealthyPipelineSafeModeRule] INFO  safemode.SCMSafeModeManager (HealthyPipelineSafeModeRule.java:process(129)) - SCM in safe mode. Healthy pipelines reported count is 0, required healthy pipeline reported count is 1
2020-07-01 13:14:10,603 [pool-520-thread-1] INFO  server.RaftServerConfigKeys (ConfUtils.java:logGet(44)) - raft.server.log.segment.size.max = 1048576 (custom)
2020-07-01 13:14:10,603 [EventQueue-OpenPipelineForOneReplicaPipelineSafeModeRule] INFO  safemode.SCMSafeModeManager (SCMSafeModeManager.java:validateSafeModeExitRules(214)) - AtleastOneDatanodeReportedRule rule is successfully validated
2020-07-01 13:14:10,604 [pool-520-thread-1] INFO  server.RaftServerConfigKeys (ConfUtils.java:logGet(44)) - raft.server.log.preallocated.size = 16384 (custom)
2020-07-01 13:14:10,604 [pool-520-thread-1] INFO  server.RaftServerConfigKeys (ConfUtils.java:logGet(44)) - raft.server.log.write.buffer.size = 1048576 (custom)
2020-07-01 13:14:10,604 [pool-520-thread-1] INFO  server.RaftServerConfigKeys (ConfUtils.java:logGet(44)) - raft.server.log.force.sync.num = 128 (default)
2020-07-01 13:14:10,604 [pool-520-thread-1] INFO  server.RaftServerConfigKeys (ConfUtils.java:logGet(44)) - raft.server.log.statemachine.data.sync = true (default)
2020-07-01 13:14:10,604 [pool-520-thread-1] INFO  server.RaftServerConfigKeys (ConfUtils.java:logGet(44)) - raft.server.log.statemachine.data.sync.timeout = 10s (default)
2020-07-01 13:14:10,604 [pool-520-thread-1] INFO  server.RaftServerConfigKeys (ConfUtils.java:logGet(44)) - raft.server.log.statemachine.data.sync.timeout.retry = -1 (default)
2020-07-01 13:14:10,605 [pool-520-thread-1] INFO  server.RaftServerConfigKeys (ConfUtils.java:logGet(44)) - raft.server.log.statemachine.data.caching.enabled = true (custom)
2020-07-01 13:14:10,605 [pool-520-thread-1] INFO  segmented.SegmentedRaftLogWorker (SegmentedRaftLogWorker.java:lambda$new$0(129)) - 2e054850-ba10-443b-bf2f-768eb7b2f82b@group-5FE5A30660EC-SegmentedRaftLogWorker: flushIndex: setUnconditionally 0 -> -1
2020-07-01 13:14:10,605 [pool-520-thread-1] INFO  segmented.SegmentedRaftLogWorker (SegmentedRaftLogWorker.java:lambda$new$0(129)) - 2e054850-ba10-443b-bf2f-768eb7b2f82b@group-5FE5A30660EC-SegmentedRaftLogWorker: safeCacheEvictIndex: setUnconditionally 0 -> -1
2020-07-01 13:14:10,608 [pool-520-thread-1] INFO  server.RaftServerConfigKeys (ConfUtils.java:logGet(44)) - raft.server.snapshot.auto.trigger.enabled = true (custom)
2020-07-01 13:14:10,608 [pool-520-thread-1] INFO  server.RaftServerConfigKeys (ConfUtils.java:logGet(44)) - raft.server.snapshot.auto.trigger.threshold = 10000 (custom)
2020-07-01 13:14:10,608 [pool-520-thread-1] INFO  server.RaftServerConfigKeys (ConfUtils.java:logGet(44)) - raft.server.snapshot.retention.file.num = 5 (custom)
2020-07-01 13:14:10,609 [pool-520-thread-1] INFO  server.RaftServerConfigKeys (ConfUtils.java:logGet(44)) - raft.server.log.purge.upto.snapshot.index = false (default)
2020-07-01 13:14:10,609 [pool-520-thread-1] INFO  server.RaftServerConfigKeys (ConfUtils.java:logGet(44)) - raft.server.retrycache.expirytime = 600000ms (custom)
2020-07-01 13:14:10,609 [pool-520-thread-1] INFO  metrics.RatisMetrics (RatisMetrics.java:lambda$create$0(36)) - Creating Metrics Registry : ratis.leader_election.2e054850-ba10-443b-bf2f-768eb7b2f82b@group-5FE5A30660EC
2020-07-01 13:14:10,609 [pool-520-thread-1] INFO  metrics.RatisMetrics (RatisMetrics.java:lambda$create$0(36)) - Creating Metrics Registry : ratis.server.2e054850-ba10-443b-bf2f-768eb7b2f82b@group-5FE5A30660EC
2020-07-01 13:14:10,610 [pool-520-thread-1] INFO  impl.RaftServerImpl (RaftServerImpl.java:start(186)) - 2e054850-ba10-443b-bf2f-768eb7b2f82b@group-27E4BCC3A540: start as a follower, conf=-1: [5d36b0ac-9f7b-45e8-b885-e8514940a378:172.17.0.2:37909, 2e054850-ba10-443b-bf2f-768eb7b2f82b:172.17.0.2:36857, 12959356-53c4-4807-9d4f-3fbf974abe92:172.17.0.2:38997], old=null
2020-07-01 13:14:10,611 [pool-520-thread-1] INFO  impl.RaftServerImpl (RaftServerImpl.java:setRole(175)) - 2e054850-ba10-443b-bf2f-768eb7b2f82b@group-27E4BCC3A540: changes role from      null to FOLLOWER at term 0 for startAsFollower
2020-07-01 13:14:10,611 [pool-520-thread-1] INFO  impl.RoleInfo (RoleInfo.java:updateAndGet(143)) - 2e054850-ba10-443b-bf2f-768eb7b2f82b: start FollowerState
2020-07-01 13:14:10,611 [pool-520-thread-1] INFO  util.JmxRegister (JmxRegister.java:tryRegister(44)) - Successfully registered JMX Bean with object name Ratis:service=RaftServer,group=group-27E4BCC3A540,id=2e054850-ba10-443b-bf2f-768eb7b2f82b
2020-07-01 13:14:10,611 [pool-520-thread-1] INFO  metrics.RatisMetrics (RatisMetrics.java:lambda$create$0(36)) - Creating Metrics Registry : ratis.state_machine.2e054850-ba10-443b-bf2f-768eb7b2f82b@group-27E4BCC3A540
2020-07-01 13:14:10,612 [pool-520-thread-1] INFO  impl.RaftServerImpl (RaftServerImpl.java:start(186)) - 2e054850-ba10-443b-bf2f-768eb7b2f82b@group-5FE5A30660EC: start as a follower, conf=-1: [2e054850-ba10-443b-bf2f-768eb7b2f82b:172.17.0.2:36857], old=null
2020-07-01 13:14:10,612 [pool-520-thread-1] INFO  impl.RaftServerImpl (RaftServerImpl.java:setRole(175)) - 2e054850-ba10-443b-bf2f-768eb7b2f82b@group-5FE5A30660EC: changes role from      null to FOLLOWER at term 0 for startAsFollower
2020-07-01 13:14:10,612 [pool-520-thread-1] INFO  impl.RoleInfo (RoleInfo.java:updateAndGet(143)) - 2e054850-ba10-443b-bf2f-768eb7b2f82b: start FollowerState
2020-07-01 13:14:10,613 [pool-520-thread-1] INFO  util.JmxRegister (JmxRegister.java:tryRegister(44)) - Successfully registered JMX Bean with object name Ratis:service=RaftServer,group=group-5FE5A30660EC,id=2e054850-ba10-443b-bf2f-768eb7b2f82b
2020-07-01 13:14:10,613 [pool-520-thread-1] INFO  metrics.RatisMetrics (RatisMetrics.java:lambda$create$0(36)) - Creating Metrics Registry : ratis.state_machine.2e054850-ba10-443b-bf2f-768eb7b2f82b@group-5FE5A30660EC
2020-07-01 13:14:10,624 [Command processor thread] INFO  commandhandler.CreatePipelineCommandHandler (CreatePipelineCommandHandler.java:handle(109)) - Created Pipeline RATIS ONE #id: "a21d54c7-0eec-4c0c-821f-5fe5a30660ec"
.
2020-07-01 13:14:10,635 [Listener at 127.0.0.1/10612] INFO  ozone.MiniOzoneClusterImpl (MiniOzoneClusterImpl.java:lambda$waitForClusterToBeReady$0(177)) - Nodes are ready. Got 3 of 3 DN Heartbeats.
2020-07-01 13:14:10,635 [Listener at 127.0.0.1/10612] INFO  ozone.MiniOzoneClusterImpl (MiniOzoneClusterImpl.java:lambda$waitForClusterToBeReady$0(180)) - Waiting for cluster to exit safe mode
2020-07-01 13:14:10,640 [Command processor thread] INFO  impl.RaftServerProxy (RaftServerProxy.java:addNew(89)) - 12959356-53c4-4807-9d4f-3fbf974abe92: addNew group-7626FF365C38:[12959356-53c4-4807-9d4f-3fbf974abe92:172.17.0.2:38997] returns group-7626FF365C38:java.util.concurrent.CompletableFuture@2b22a586[Not completed]
2020-07-01 13:14:10,640 [grpc-default-executor-1] INFO  impl.RaftServerProxy (RaftServerProxy.java:addNew(89)) - 12959356-53c4-4807-9d4f-3fbf974abe92: addNew group-27E4BCC3A540:[5d36b0ac-9f7b-45e8-b885-e8514940a378:172.17.0.2:37909, 2e054850-ba10-443b-bf2f-768eb7b2f82b:172.17.0.2:36857, 12959356-53c4-4807-9d4f-3fbf974abe92:172.17.0.2:38997] returns group-27E4BCC3A540:java.util.concurrent.CompletableFuture@5057ca48[Not completed]
2020-07-01 13:14:10,640 [pool-535-thread-1] INFO  impl.RaftServerImpl (RaftServerImpl.java:<init>(99)) - 12959356-53c4-4807-9d4f-3fbf974abe92: new RaftServerImpl for group-7626FF365C38:[12959356-53c4-4807-9d4f-3fbf974abe92:172.17.0.2:38997] with ContainerStateMachine:uninitialized
2020-07-01 13:14:10,641 [pool-535-thread-1] INFO  server.RaftServerConfigKeys (ConfUtils.java:logGet(44)) - raft.server.rpc.timeout.min = 5s (custom)
2020-07-01 13:14:10,641 [pool-535-thread-1] INFO  server.RaftServerConfigKeys (ConfUtils.java:logGet(44)) - raft.server.rpc.timeout.max = 5200ms (custom)
2020-07-01 13:14:10,641 [pool-535-thread-1] INFO  server.RaftServerConfigKeys (ConfUtils.java:logGet(44)) - raft.server.rpcslowness.timeout = 300s (custom)
2020-07-01 13:14:10,641 [pool-535-thread-1] INFO  server.RaftServerConfigKeys (ConfUtils.java:logGet(44)) - raft.server.sleep.deviation.threshold = 300 (default)
2020-07-01 13:14:10,641 [pool-535-thread-1] INFO  server.RaftServerConfigKeys (ConfUtils.java:logGet(44)) - raft.server.log.appender.install.snapshot.enabled = false (custom)
2020-07-01 13:14:10,641 [pool-535-thread-1] INFO  impl.RaftServerImpl (ServerState.java:<init>(103)) - 12959356-53c4-4807-9d4f-3fbf974abe92@group-7626FF365C38: ConfigurationManager, init=-1: [12959356-53c4-4807-9d4f-3fbf974abe92:172.17.0.2:38997], old=null, confs=<EMPTY_MAP>
2020-07-01 13:14:10,641 [pool-535-thread-1] INFO  server.RaftServerConfigKeys (ConfUtils.java:logGet(44)) - raft.server.storage.dir = [/github/workspace/mnt/ozone/hadoop-ozone/integration-test/target/test-dir/MiniOzoneClusterImpl-1a14e66a-5c38-443d-ac03-4d7cff470839/datanode-2/data/ratis] (custom)
2020-07-01 13:14:10,641 [pool-535-thread-1] INFO  server.RaftServerConfigKeys (ConfUtils.java:logGet(44)) - raft.server.log.corruption.policy = EXCEPTION (default)
2020-07-01 13:14:10,642 [pool-535-thread-1] INFO  storage.RaftStorageDirectory (RaftStorageDirectory.java:analyzeStorage(261)) - The storage directory /github/workspace/mnt/ozone/hadoop-ozone/integration-test/target/test-dir/MiniOzoneClusterImpl-1a14e66a-5c38-443d-ac03-4d7cff470839/datanode-2/data/ratis/86f0ed07-a50b-48d5-8fad-7626ff365c38 does not exist. Creating ...
2020-07-01 13:14:10,643 [pool-535-thread-1] INFO  storage.RaftStorageDirectory (RaftStorageDirectory.java:tryLock(343)) - Lock on /github/workspace/mnt/ozone/hadoop-ozone/integration-test/target/test-dir/MiniOzoneClusterImpl-1a14e66a-5c38-443d-ac03-4d7cff470839/datanode-2/data/ratis/86f0ed07-a50b-48d5-8fad-7626ff365c38/in_use.lock acquired by nodename 17000@e05bf891e8f7
2020-07-01 13:14:10,644 [pool-535-thread-1] INFO  storage.RaftStorage (RaftStorage.java:format(84)) - Storage directory /github/workspace/mnt/ozone/hadoop-ozone/integration-test/target/test-dir/MiniOzoneClusterImpl-1a14e66a-5c38-443d-ac03-4d7cff470839/datanode-2/data/ratis/86f0ed07-a50b-48d5-8fad-7626ff365c38 has been successfully formatted.
2020-07-01 13:14:10,644 [pool-535-thread-1] INFO  ratis.ContainerStateMachine (ContainerStateMachine.java:loadSnapshot(226)) - group-7626FF365C38: The snapshot info is null. Setting the last applied indexto:(t:0, i:~)
2020-07-01 13:14:10,645 [pool-535-thread-1] INFO  server.RaftServerConfigKeys (ConfUtils.java:logGet(44)) - raft.server.notification.no-leader.timeout = 60s (default)
2020-07-01 13:14:10,645 [pool-535-thread-1] INFO  server.RaftServerConfigKeys (ConfUtils.java:logGet(44)) - raft.server.log.use.memory = false (default)
2020-07-01 13:14:10,645 [pool-535-thread-1] INFO  server.RaftServerConfigKeys (ConfUtils.java:logGet(44)) - raft.server.log.purge.gap = 1000000 (custom)
2020-07-01 13:14:10,645 [pool-535-thread-1] INFO  server.RaftServerConfigKeys (ConfUtils.java:logGet(44)) - raft.server.log.appender.buffer.byte-limit = 33554432 (custom)
2020-07-01 13:14:10,645 [pool-535-thread-1] INFO  server.RaftServerConfigKeys (ConfUtils.java:logGet(44)) - raft.server.log.segment.size.max = 1048576 (custom)
2020-07-01 13:14:10,645 [pool-535-thread-1] INFO  metrics.RatisMetrics (RatisMetrics.java:lambda$create$0(36)) - Creating Metrics Registry : ratis.log_worker.12959356-53c4-4807-9d4f-3fbf974abe92@group-7626FF365C38
2020-07-01 13:14:10,645 [pool-535-thread-1] INFO  server.RaftServerConfigKeys (ConfUtils.java:logGet(44)) - raft.server.log.segment.cache.num.max = 2 (custom)
2020-07-01 13:14:10,645 [pool-535-thread-1] INFO  segmented.SegmentedRaftLogWorker (SegmentedRaftLogWorker.java:<init>(180)) - new 12959356-53c4-4807-9d4f-3fbf974abe92@group-7626FF365C38-SegmentedRaftLogWorker for RaftStorage:Storage Directory /github/workspace/mnt/ozone/hadoop-ozone/integration-test/target/test-dir/MiniOzoneClusterImpl-1a14e66a-5c38-443d-ac03-4d7cff470839/datanode-2/data/ratis/86f0ed07-a50b-48d5-8fad-7626ff365c38
2020-07-01 13:14:10,645 [EventQueue-PipelineReportForPipelineReportHandler] INFO  pipeline.PipelineStateManager (PipelineStateManager.java:openPipeline(131)) - Pipeline Pipeline[ Id: 86f0ed07-a50b-48d5-8fad-7626ff365c38, Nodes: 12959356-53c4-4807-9d4f-3fbf974abe92{ip: 172.17.0.2, host: e05bf891e8f7, networkLocation: /default-rack, certSerialId: null}, Type:RATIS, Factor:ONE, State:ALLOCATED, leaderId:12959356-53c4-4807-9d4f-3fbf974abe92, CreationTimestamp2020-07-01T13:14:07.635Z] moved to OPEN state
2020-07-01 13:14:10,646 [EventQueue-OpenPipelineForHealthyPipelineSafeModeRule] INFO  safemode.SCMSafeModeManager (HealthyPipelineSafeModeRule.java:process(129)) - SCM in safe mode. Healthy pipelines reported count is 0, required healthy pipeline reported count is 1
2020-07-01 13:14:10,646 [EventQueue-OpenPipelineForOneReplicaPipelineSafeModeRule] INFO  safemode.SCMSafeModeManager (SCMSafeModeManager.java:validateSafeModeExitRules(214)) - AtleastOneDatanodeReportedRule rule is successfully validated
2020-07-01 13:14:10,646 [pool-535-thread-1] INFO  server.RaftServerConfigKeys (ConfUtils.java:logGet(44)) - raft.server.log.queue.byte-limit = 2147483647 (custom)
2020-07-01 13:14:10,646 [pool-535-thread-1] INFO  server.RaftServerConfigKeys (ConfUtils.java:logGet(44)) - raft.server.log.queue.element-limit = 1024 (custom)
2020-07-01 13:14:10,646 [pool-535-thread-1] INFO  server.RaftServerConfigKeys (ConfUtils.java:logGet(44)) - raft.server.log.segment.size.max = 1048576 (custom)
2020-07-01 13:14:10,646 [pool-535-thread-1] INFO  server.RaftServerConfigKeys (ConfUtils.java:logGet(44)) - raft.server.log.preallocated.size = 16384 (custom)
2020-07-01 13:14:10,646 [pool-535-thread-1] INFO  server.RaftServerConfigKeys (ConfUtils.java:logGet(44)) - raft.server.log.write.buffer.size = 1048576 (custom)
2020-07-01 13:14:10,646 [pool-535-thread-1] INFO  server.RaftServerConfigKeys (ConfUtils.java:logGet(44)) - raft.server.log.force.sync.num = 128 (default)
2020-07-01 13:14:10,646 [pool-535-thread-1] INFO  server.RaftServerConfigKeys (ConfUtils.java:logGet(44)) - raft.server.log.statemachine.data.sync = true (default)
2020-07-01 13:14:10,646 [pool-535-thread-1] INFO  server.RaftServerConfigKeys (ConfUtils.java:logGet(44)) - raft.server.log.statemachine.data.sync.timeout = 10s (default)
2020-07-01 13:14:10,646 [pool-535-thread-1] INFO  server.RaftServerConfigKeys (ConfUtils.java:logGet(44)) - raft.server.log.statemachine.data.sync.timeout.retry = -1 (default)
2020-07-01 13:14:10,648 [pool-535-thread-1] INFO  server.RaftServerConfigKeys (ConfUtils.java:logGet(44)) - raft.server.log.statemachine.data.caching.enabled = true (custom)
2020-07-01 13:14:10,648 [pool-535-thread-1] INFO  segmented.SegmentedRaftLogWorker (SegmentedRaftLogWorker.java:lambda$new$0(129)) - 12959356-53c4-4807-9d4f-3fbf974abe92@group-7626FF365C38-SegmentedRaftLogWorker: flushIndex: setUnconditionally 0 -> -1
2020-07-01 13:14:10,648 [pool-535-thread-1] INFO  segmented.SegmentedRaftLogWorker (SegmentedRaftLogWorker.java:lambda$new$0(129)) - 12959356-53c4-4807-9d4f-3fbf974abe92@group-7626FF365C38-SegmentedRaftLogWorker: safeCacheEvictIndex: setUnconditionally 0 -> -1
2020-07-01 13:14:10,648 [pool-535-thread-1] INFO  server.RaftServerConfigKeys (ConfUtils.java:logGet(44)) - raft.server.snapshot.auto.trigger.enabled = true (custom)
2020-07-01 13:14:10,648 [pool-535-thread-1] INFO  server.RaftServerConfigKeys (ConfUtils.java:logGet(44)) - raft.server.snapshot.auto.trigger.threshold = 10000 (custom)
2020-07-01 13:14:10,648 [pool-535-thread-1] INFO  server.RaftServerConfigKeys (ConfUtils.java:logGet(44)) - raft.server.snapshot.retention.file.num = 5 (custom)
2020-07-01 13:14:10,648 [pool-535-thread-1] INFO  server.RaftServerConfigKeys (ConfUtils.java:logGet(44)) - raft.server.log.purge.upto.snapshot.index = false (default)
2020-07-01 13:14:10,648 [pool-535-thread-1] INFO  server.RaftServerConfigKeys (ConfUtils.java:logGet(44)) - raft.server.retrycache.expirytime = 600000ms (custom)
2020-07-01 13:14:10,648 [pool-535-thread-1] INFO  metrics.RatisMetrics (RatisMetrics.java:lambda$create$0(36)) - Creating Metrics Registry : ratis.leader_election.12959356-53c4-4807-9d4f-3fbf974abe92@group-7626FF365C38
2020-07-01 13:14:10,649 [pool-535-thread-1] INFO  metrics.RatisMetrics (RatisMetrics.java:lambda$create$0(36)) - Creating Metrics Registry : ratis.server.12959356-53c4-4807-9d4f-3fbf974abe92@group-7626FF365C38
2020-07-01 13:14:10,651 [pool-535-thread-1] INFO  impl.RaftServerImpl (RaftServerImpl.java:<init>(99)) - 12959356-53c4-4807-9d4f-3fbf974abe92: new RaftServerImpl for group-27E4BCC3A540:[5d36b0ac-9f7b-45e8-b885-e8514940a378:172.17.0.2:37909, 2e054850-ba10-443b-bf2f-768eb7b2f82b:172.17.0.2:36857, 12959356-53c4-4807-9d4f-3fbf974abe92:172.17.0.2:38997] with ContainerStateMachine:uninitialized
2020-07-01 13:14:10,651 [pool-535-thread-1] INFO  server.RaftServerConfigKeys (ConfUtils.java:logGet(44)) - raft.server.rpc.timeout.min = 5s (custom)
2020-07-01 13:14:10,651 [pool-535-thread-1] INFO  server.RaftServerConfigKeys (ConfUtils.java:logGet(44)) - raft.server.rpc.timeout.max = 5200ms (custom)
2020-07-01 13:14:10,651 [pool-535-thread-1] INFO  server.RaftServerConfigKeys (ConfUtils.java:logGet(44)) - raft.server.rpcslowness.timeout = 300s (custom)
2020-07-01 13:14:10,651 [pool-535-thread-1] INFO  server.RaftServerConfigKeys (ConfUtils.java:logGet(44)) - raft.server.sleep.deviation.threshold = 300 (default)
2020-07-01 13:14:10,651 [pool-535-thread-1] INFO  server.RaftServerConfigKeys (ConfUtils.java:logGet(44)) - raft.server.log.appender.install.snapshot.enabled = false (custom)
2020-07-01 13:14:10,651 [pool-535-thread-1] INFO  impl.RaftServerImpl (ServerState.java:<init>(103)) - 12959356-53c4-4807-9d4f-3fbf974abe92@group-27E4BCC3A540: ConfigurationManager, init=-1: [5d36b0ac-9f7b-45e8-b885-e8514940a378:172.17.0.2:37909, 2e054850-ba10-443b-bf2f-768eb7b2f82b:172.17.0.2:36857, 12959356-53c4-4807-9d4f-3fbf974abe92:172.17.0.2:38997], old=null, confs=<EMPTY_MAP>
2020-07-01 13:14:10,651 [pool-535-thread-1] INFO  server.RaftServerConfigKeys (ConfUtils.java:logGet(44)) - raft.server.storage.dir = [/github/workspace/mnt/ozone/hadoop-ozone/integration-test/target/test-dir/MiniOzoneClusterImpl-1a14e66a-5c38-443d-ac03-4d7cff470839/datanode-2/data/ratis] (custom)
2020-07-01 13:14:10,651 [pool-535-thread-1] INFO  server.RaftServerConfigKeys (ConfUtils.java:logGet(44)) - raft.server.log.corruption.policy = EXCEPTION (default)
2020-07-01 13:14:10,651 [pool-535-thread-1] INFO  storage.RaftStorageDirectory (RaftStorageDirectory.java:analyzeStorage(261)) - The storage directory /github/workspace/mnt/ozone/hadoop-ozone/integration-test/target/test-dir/MiniOzoneClusterImpl-1a14e66a-5c38-443d-ac03-4d7cff470839/datanode-2/data/ratis/71dac77b-3d61-49df-84e9-27e4bcc3a540 does not exist. Creating ...
2020-07-01 13:14:10,652 [pool-535-thread-1] INFO  storage.RaftStorageDirectory (RaftStorageDirectory.java:tryLock(343)) - Lock on /github/workspace/mnt/ozone/hadoop-ozone/integration-test/target/test-dir/MiniOzoneClusterImpl-1a14e66a-5c38-443d-ac03-4d7cff470839/datanode-2/data/ratis/71dac77b-3d61-49df-84e9-27e4bcc3a540/in_use.lock acquired by nodename 17000@e05bf891e8f7
2020-07-01 13:14:10,653 [pool-535-thread-1] INFO  storage.RaftStorage (RaftStorage.java:format(84)) - Storage directory /github/workspace/mnt/ozone/hadoop-ozone/integration-test/target/test-dir/MiniOzoneClusterImpl-1a14e66a-5c38-443d-ac03-4d7cff470839/datanode-2/data/ratis/71dac77b-3d61-49df-84e9-27e4bcc3a540 has been successfully formatted.
2020-07-01 13:14:10,654 [pool-535-thread-1] INFO  ratis.ContainerStateMachine (ContainerStateMachine.java:loadSnapshot(226)) - group-27E4BCC3A540: The snapshot info is null. Setting the last applied indexto:(t:0, i:~)
2020-07-01 13:14:10,654 [pool-535-thread-1] INFO  server.RaftServerConfigKeys (ConfUtils.java:logGet(44)) - raft.server.notification.no-leader.timeout = 60s (default)
2020-07-01 13:14:10,654 [pool-535-thread-1] INFO  server.RaftServerConfigKeys (ConfUtils.java:logGet(44)) - raft.server.log.use.memory = false (default)
2020-07-01 13:14:10,654 [pool-535-thread-1] INFO  server.RaftServerConfigKeys (ConfUtils.java:logGet(44)) - raft.server.log.purge.gap = 1000000 (custom)
2020-07-01 13:14:10,654 [pool-535-thread-1] INFO  server.RaftServerConfigKeys (ConfUtils.java:logGet(44)) - raft.server.log.appender.buffer.byte-limit = 33554432 (custom)
2020-07-01 13:14:10,654 [pool-535-thread-1] INFO  server.RaftServerConfigKeys (ConfUtils.java:logGet(44)) - raft.server.log.segment.size.max = 1048576 (custom)
2020-07-01 13:14:10,654 [pool-535-thread-1] INFO  metrics.RatisMetrics (RatisMetrics.java:lambda$create$0(36)) - Creating Metrics Registry : ratis.log_worker.12959356-53c4-4807-9d4f-3fbf974abe92@group-27E4BCC3A540
2020-07-01 13:14:10,655 [pool-535-thread-1] INFO  server.RaftServerConfigKeys (ConfUtils.java:logGet(44)) - raft.server.log.segment.cache.num.max = 2 (custom)
2020-07-01 13:14:10,655 [pool-535-thread-1] INFO  segmented.SegmentedRaftLogWorker (SegmentedRaftLogWorker.java:<init>(180)) - new 12959356-53c4-4807-9d4f-3fbf974abe92@group-27E4BCC3A540-SegmentedRaftLogWorker for RaftStorage:Storage Directory /github/workspace/mnt/ozone/hadoop-ozone/integration-test/target/test-dir/MiniOzoneClusterImpl-1a14e66a-5c38-443d-ac03-4d7cff470839/datanode-2/data/ratis/71dac77b-3d61-49df-84e9-27e4bcc3a540
2020-07-01 13:14:10,655 [pool-535-thread-1] INFO  server.RaftServerConfigKeys (ConfUtils.java:logGet(44)) - raft.server.log.queue.byte-limit = 2147483647 (custom)
2020-07-01 13:14:10,655 [pool-535-thread-1] INFO  server.RaftServerConfigKeys (ConfUtils.java:logGet(44)) - raft.server.log.queue.element-limit = 1024 (custom)
2020-07-01 13:14:10,655 [pool-535-thread-1] INFO  server.RaftServerConfigKeys (ConfUtils.java:logGet(44)) - raft.server.log.segment.size.max = 1048576 (custom)
2020-07-01 13:14:10,655 [pool-535-thread-1] INFO  server.RaftServerConfigKeys (ConfUtils.java:logGet(44)) - raft.server.log.preallocated.size = 16384 (custom)
2020-07-01 13:14:10,655 [pool-535-thread-1] INFO  server.RaftServerConfigKeys (ConfUtils.java:logGet(44)) - raft.server.log.write.buffer.size = 1048576 (custom)
2020-07-01 13:14:10,655 [pool-535-thread-1] INFO  server.RaftServerConfigKeys (ConfUtils.java:logGet(44)) - raft.server.log.force.sync.num = 128 (default)
2020-07-01 13:14:10,655 [pool-535-thread-1] INFO  server.RaftServerConfigKeys (ConfUtils.java:logGet(44)) - raft.server.log.statemachine.data.sync = true (default)
2020-07-01 13:14:10,655 [pool-535-thread-1] INFO  server.RaftServerConfigKeys (ConfUtils.java:logGet(44)) - raft.server.log.statemachine.data.sync.timeout = 10s (default)
2020-07-01 13:14:10,655 [pool-535-thread-1] INFO  server.RaftServerConfigKeys (ConfUtils.java:logGet(44)) - raft.server.log.statemachine.data.sync.timeout.retry = -1 (default)
2020-07-01 13:14:10,657 [pool-535-thread-1] INFO  server.RaftServerConfigKeys (ConfUtils.java:logGet(44)) - raft.server.log.statemachine.data.caching.enabled = true (custom)
2020-07-01 13:14:10,657 [pool-535-thread-1] INFO  segmented.SegmentedRaftLogWorker (SegmentedRaftLogWorker.java:lambda$new$0(129)) - 12959356-53c4-4807-9d4f-3fbf974abe92@group-27E4BCC3A540-SegmentedRaftLogWorker: flushIndex: setUnconditionally 0 -> -1
2020-07-01 13:14:10,657 [pool-535-thread-1] INFO  segmented.SegmentedRaftLogWorker (SegmentedRaftLogWorker.java:lambda$new$0(129)) - 12959356-53c4-4807-9d4f-3fbf974abe92@group-27E4BCC3A540-SegmentedRaftLogWorker: safeCacheEvictIndex: setUnconditionally 0 -> -1
2020-07-01 13:14:10,657 [pool-535-thread-1] INFO  server.RaftServerConfigKeys (ConfUtils.java:logGet(44)) - raft.server.snapshot.auto.trigger.enabled = true (custom)
2020-07-01 13:14:10,657 [pool-535-thread-1] INFO  server.RaftServerConfigKeys (ConfUtils.java:logGet(44)) - raft.server.snapshot.auto.trigger.threshold = 10000 (custom)
2020-07-01 13:14:10,658 [pool-535-thread-1] INFO  server.RaftServerConfigKeys (ConfUtils.java:logGet(44)) - raft.server.snapshot.retention.file.num = 5 (custom)
2020-07-01 13:14:10,658 [pool-535-thread-1] INFO  server.RaftServerConfigKeys (ConfUtils.java:logGet(44)) - raft.server.log.purge.upto.snapshot.index = false (default)
2020-07-01 13:14:10,658 [pool-535-thread-1] INFO  server.RaftServerConfigKeys (ConfUtils.java:logGet(44)) - raft.server.retrycache.expirytime = 600000ms (custom)
2020-07-01 13:14:10,658 [pool-535-thread-1] INFO  metrics.RatisMetrics (RatisMetrics.java:lambda$create$0(36)) - Creating Metrics Registry : ratis.leader_election.12959356-53c4-4807-9d4f-3fbf974abe92@group-27E4BCC3A540
2020-07-01 13:14:10,658 [pool-535-thread-1] INFO  metrics.RatisMetrics (RatisMetrics.java:lambda$create$0(36)) - Creating Metrics Registry : ratis.server.12959356-53c4-4807-9d4f-3fbf974abe92@group-27E4BCC3A540
2020-07-01 13:14:10,659 [pool-535-thread-1] INFO  impl.RaftServerImpl (RaftServerImpl.java:start(186)) - 12959356-53c4-4807-9d4f-3fbf974abe92@group-7626FF365C38: start as a follower, conf=-1: [12959356-53c4-4807-9d4f-3fbf974abe92:172.17.0.2:38997], old=null
2020-07-01 13:14:10,659 [pool-535-thread-1] INFO  impl.RaftServerImpl (RaftServerImpl.java:setRole(175)) - 12959356-53c4-4807-9d4f-3fbf974abe92@group-7626FF365C38: changes role from      null to FOLLOWER at term 0 for startAsFollower
2020-07-01 13:14:10,659 [pool-535-thread-1] INFO  impl.RoleInfo (RoleInfo.java:updateAndGet(143)) - 12959356-53c4-4807-9d4f-3fbf974abe92: start FollowerState
2020-07-01 13:14:10,660 [pool-535-thread-1] INFO  util.JmxRegister (JmxRegister.java:tryRegister(44)) - Successfully registered JMX Bean with object name Ratis:service=RaftServer,group=group-7626FF365C38,id=12959356-53c4-4807-9d4f-3fbf974abe92
2020-07-01 13:14:10,660 [pool-535-thread-1] INFO  metrics.RatisMetrics (RatisMetrics.java:lambda$create$0(36)) - Creating Metrics Registry : ratis.state_machine.12959356-53c4-4807-9d4f-3fbf974abe92@group-7626FF365C38
2020-07-01 13:14:10,660 [pool-535-thread-1] INFO  impl.RaftServerImpl (RaftServerImpl.java:start(186)) - 12959356-53c4-4807-9d4f-3fbf974abe92@group-27E4BCC3A540: start as a follower, conf=-1: [5d36b0ac-9f7b-45e8-b885-e8514940a378:172.17.0.2:37909, 2e054850-ba10-443b-bf2f-768eb7b2f82b:172.17.0.2:36857, 12959356-53c4-4807-9d4f-3fbf974abe92:172.17.0.2:38997], old=null
2020-07-01 13:14:10,660 [pool-535-thread-1] INFO  impl.RaftServerImpl (RaftServerImpl.java:setRole(175)) - 12959356-53c4-4807-9d4f-3fbf974abe92@group-27E4BCC3A540: changes role from      null to FOLLOWER at term 0 for startAsFollower
2020-07-01 13:14:10,660 [pool-535-thread-1] INFO  impl.RoleInfo (RoleInfo.java:updateAndGet(143)) - 12959356-53c4-4807-9d4f-3fbf974abe92: start FollowerState
2020-07-01 13:14:10,661 [Command processor thread] INFO  commandhandler.CreatePipelineCommandHandler (CreatePipelineCommandHandler.java:handle(109)) - Created Pipeline RATIS ONE #id: "86f0ed07-a50b-48d5-8fad-7626ff365c38"
.
2020-07-01 13:14:10,661 [pool-535-thread-1] INFO  util.JmxRegister (JmxRegister.java:tryRegister(44)) - Successfully registered JMX Bean with object name Ratis:service=RaftServer,group=group-27E4BCC3A540,id=12959356-53c4-4807-9d4f-3fbf974abe92
2020-07-01 13:14:10,661 [pool-535-thread-1] INFO  metrics.RatisMetrics (RatisMetrics.java:lambda$create$0(36)) - Creating Metrics Registry : ratis.state_machine.12959356-53c4-4807-9d4f-3fbf974abe92@group-27E4BCC3A540
2020-07-01 13:14:10,665 [Command processor thread] INFO  commandhandler.CreatePipelineCommandHandler (CreatePipelineCommandHandler.java:handle(109)) - Created Pipeline RATIS THREE #id: "71dac77b-3d61-49df-84e9-27e4bcc3a540"
.
2020-07-01 13:14:10,882 [grpc-default-executor-1] INFO  ratis.OzoneManagerStateMachine (OzoneManagerStateMachine.java:getLatestSnapshot(147)) - Latest Snapshot Info 0#-1
2020-07-01 13:14:10,883 [grpc-default-executor-1] INFO  ratis.OzoneManagerStateMachine (OzoneManagerStateMachine.java:getLatestSnapshot(147)) - Latest Snapshot Info 0#-1
2020-07-01 13:14:10,884 [grpc-default-executor-0] DEBUG server.GrpcLogAppender (GrpcLogAppender.java:onNext(257)) - omNode-1@group-523986131536->omNode-3-AppendLogResponseHandler: received a reply omNode-1<-omNode-3#14:OK,SUCCESS,nextIndex:1,term:1,followerCommit:0, request=AppendEntriesRequest:cid=14,entriesCount=0,lastEntry=null
2020-07-01 13:14:10,885 [grpc-default-executor-0] DEBUG server.GrpcLogAppender (GrpcLogAppender.java:onNext(257)) - omNode-1@group-523986131536->omNode-2-AppendLogResponseHandler: received a reply omNode-1<-omNode-2#14:OK,SUCCESS,nextIndex:1,term:1,followerCommit:0, request=AppendEntriesRequest:cid=14,entriesCount=0,lastEntry=null
2020-07-01 13:14:11,385 [grpc-default-executor-0] INFO  ratis.OzoneManagerStateMachine (OzoneManagerStateMachine.java:getLatestSnapshot(147)) - Latest Snapshot Info 0#-1
2020-07-01 13:14:11,386 [grpc-default-executor-1] INFO  ratis.OzoneManagerStateMachine (OzoneManagerStateMachine.java:getLatestSnapshot(147)) - Latest Snapshot Info 0#-1
2020-07-01 13:14:11,386 [grpc-default-executor-0] DEBUG server.GrpcLogAppender (GrpcLogAppender.java:onNext(257)) - omNode-1@group-523986131536->omNode-3-AppendLogResponseHandler: received a reply omNode-1<-omNode-3#15:OK,SUCCESS,nextIndex:1,term:1,followerCommit:0, request=AppendEntriesRequest:cid=15,entriesCount=0,lastEntry=null
2020-07-01 13:14:11,387 [grpc-default-executor-0] DEBUG server.GrpcLogAppender (GrpcLogAppender.java:onNext(257)) - omNode-1@group-523986131536->omNode-2-AppendLogResponseHandler: received a reply omNode-1<-omNode-2#15:OK,SUCCESS,nextIndex:1,term:1,followerCommit:0, request=AppendEntriesRequest:cid=15,entriesCount=0,lastEntry=null
2020-07-01 13:14:11,636 [Listener at 127.0.0.1/10612] INFO  ozone.MiniOzoneClusterImpl (MiniOzoneClusterImpl.java:lambda$waitForClusterToBeReady$0(177)) - Nodes are ready. Got 3 of 3 DN Heartbeats.
2020-07-01 13:14:11,636 [Listener at 127.0.0.1/10612] INFO  ozone.MiniOzoneClusterImpl (MiniOzoneClusterImpl.java:lambda$waitForClusterToBeReady$0(180)) - Waiting for cluster to exit safe mode
2020-07-01 13:14:11,888 [grpc-default-executor-0] INFO  ratis.OzoneManagerStateMachine (OzoneManagerStateMachine.java:getLatestSnapshot(147)) - Latest Snapshot Info 0#-1
2020-07-01 13:14:11,888 [grpc-default-executor-0] INFO  ratis.OzoneManagerStateMachine (OzoneManagerStateMachine.java:getLatestSnapshot(147)) - Latest Snapshot Info 0#-1
2020-07-01 13:14:11,889 [grpc-default-executor-1] DEBUG server.GrpcLogAppender (GrpcLogAppender.java:onNext(257)) - omNode-1@group-523986131536->omNode-3-AppendLogResponseHandler: received a reply omNode-1<-omNode-3#16:OK,SUCCESS,nextIndex:1,term:1,followerCommit:0, request=AppendEntriesRequest:cid=16,entriesCount=0,lastEntry=null
2020-07-01 13:14:11,889 [grpc-default-executor-1] DEBUG server.GrpcLogAppender (GrpcLogAppender.java:onNext(257)) - omNode-1@group-523986131536->omNode-2-AppendLogResponseHandler: received a reply omNode-1<-omNode-2#16:OK,SUCCESS,nextIndex:1,term:1,followerCommit:0, request=AppendEntriesRequest:cid=16,entriesCount=0,lastEntry=null
2020-07-01 13:14:12,390 [grpc-default-executor-0] INFO  ratis.OzoneManagerStateMachine (OzoneManagerStateMachine.java:getLatestSnapshot(147)) - Latest Snapshot Info 0#-1
2020-07-01 13:14:12,391 [grpc-default-executor-1] INFO  ratis.OzoneManagerStateMachine (OzoneManagerStateMachine.java:getLatestSnapshot(147)) - Latest Snapshot Info 0#-1
2020-07-01 13:14:12,392 [grpc-default-executor-0] DEBUG server.GrpcLogAppender (GrpcLogAppender.java:onNext(257)) - omNode-1@group-523986131536->omNode-3-AppendLogResponseHandler: received a reply omNode-1<-omNode-3#17:OK,SUCCESS,nextIndex:1,term:1,followerCommit:0, request=AppendEntriesRequest:cid=17,entriesCount=0,lastEntry=null
2020-07-01 13:14:12,392 [grpc-default-executor-1] DEBUG server.GrpcLogAppender (GrpcLogAppender.java:onNext(257)) - omNode-1@group-523986131536->omNode-2-AppendLogResponseHandler: received a reply omNode-1<-omNode-2#17:OK,SUCCESS,nextIndex:1,term:1,followerCommit:0, request=AppendEntriesRequest:cid=17,entriesCount=0,lastEntry=null
2020-07-01 13:14:12,636 [Listener at 127.0.0.1/10612] INFO  ozone.MiniOzoneClusterImpl (MiniOzoneClusterImpl.java:lambda$waitForClusterToBeReady$0(177)) - Nodes are ready. Got 3 of 3 DN Heartbeats.
2020-07-01 13:14:12,636 [Listener at 127.0.0.1/10612] INFO  ozone.MiniOzoneClusterImpl (MiniOzoneClusterImpl.java:lambda$waitForClusterToBeReady$0(180)) - Waiting for cluster to exit safe mode
2020-07-01 13:14:12,893 [grpc-default-executor-1] INFO  ratis.OzoneManagerStateMachine (OzoneManagerStateMachine.java:getLatestSnapshot(147)) - Latest Snapshot Info 0#-1
2020-07-01 13:14:12,893 [grpc-default-executor-0] INFO  ratis.OzoneManagerStateMachine (OzoneManagerStateMachine.java:getLatestSnapshot(147)) - Latest Snapshot Info 0#-1
2020-07-01 13:14:12,894 [grpc-default-executor-1] DEBUG server.GrpcLogAppender (GrpcLogAppender.java:onNext(257)) - omNode-1@group-523986131536->omNode-2-AppendLogResponseHandler: received a reply omNode-1<-omNode-2#18:OK,SUCCESS,nextIndex:1,term:1,followerCommit:0, request=AppendEntriesRequest:cid=18,entriesCount=0,lastEntry=null
2020-07-01 13:14:12,895 [grpc-default-executor-0] DEBUG server.GrpcLogAppender (GrpcLogAppender.java:onNext(257)) - omNode-1@group-523986131536->omNode-3-AppendLogResponseHandler: received a reply omNode-1<-omNode-3#18:OK,SUCCESS,nextIndex:1,term:1,followerCommit:0, request=AppendEntriesRequest:cid=18,entriesCount=0,lastEntry=null
2020-07-01 13:14:13,395 [grpc-default-executor-0] INFO  ratis.OzoneManagerStateMachine (OzoneManagerStateMachine.java:getLatestSnapshot(147)) - Latest Snapshot Info 0#-1
2020-07-01 13:14:13,398 [grpc-default-executor-1] INFO  ratis.OzoneManagerStateMachine (OzoneManagerStateMachine.java:getLatestSnapshot(147)) - Latest Snapshot Info 0#-1
2020-07-01 13:14:13,400 [grpc-default-executor-0] DEBUG server.GrpcLogAppender (GrpcLogAppender.java:onNext(257)) - omNode-1@group-523986131536->omNode-2-AppendLogResponseHandler: received a reply omNode-1<-omNode-2#19:OK,SUCCESS,nextIndex:1,term:1,followerCommit:0, request=AppendEntriesRequest:cid=19,entriesCount=0,lastEntry=null
2020-07-01 13:14:13,401 [grpc-default-executor-0] DEBUG server.GrpcLogAppender (GrpcLogAppender.java:onNext(257)) - omNode-1@group-523986131536->omNode-3-AppendLogResponseHandler: received a reply omNode-1<-omNode-3#19:OK,SUCCESS,nextIndex:1,term:1,followerCommit:0, request=AppendEntriesRequest:cid=19,entriesCount=0,lastEntry=null
2020-07-01 13:14:13,637 [Listener at 127.0.0.1/10612] INFO  ozone.MiniOzoneClusterImpl (MiniOzoneClusterImpl.java:lambda$waitForClusterToBeReady$0(177)) - Nodes are ready. Got 3 of 3 DN Heartbeats.
2020-07-01 13:14:13,637 [Listener at 127.0.0.1/10612] INFO  ozone.MiniOzoneClusterImpl (MiniOzoneClusterImpl.java:lambda$waitForClusterToBeReady$0(180)) - Waiting for cluster to exit safe mode
2020-07-01 13:14:13,902 [grpc-default-executor-0] INFO  ratis.OzoneManagerStateMachine (OzoneManagerStateMachine.java:getLatestSnapshot(147)) - Latest Snapshot Info 0#-1
2020-07-01 13:14:13,902 [grpc-default-executor-0] INFO  ratis.OzoneManagerStateMachine (OzoneManagerStateMachine.java:getLatestSnapshot(147)) - Latest Snapshot Info 0#-1
2020-07-01 13:14:13,903 [grpc-default-executor-1] DEBUG server.GrpcLogAppender (GrpcLogAppender.java:onNext(257)) - omNode-1@group-523986131536->omNode-2-AppendLogResponseHandler: received a reply omNode-1<-omNode-2#20:OK,SUCCESS,nextIndex:1,term:1,followerCommit:0, request=AppendEntriesRequest:cid=20,entriesCount=0,lastEntry=null
2020-07-01 13:14:13,910 [grpc-default-executor-1] DEBUG server.GrpcLogAppender (GrpcLogAppender.java:onNext(257)) - omNode-1@group-523986131536->omNode-3-AppendLogResponseHandler: received a reply omNode-1<-omNode-3#20:OK,SUCCESS,nextIndex:1,term:1,followerCommit:0, request=AppendEntriesRequest:cid=20,entriesCount=0,lastEntry=null
2020-07-01 13:14:14,404 [grpc-default-executor-1] INFO  ratis.OzoneManagerStateMachine (OzoneManagerStateMachine.java:getLatestSnapshot(147)) - Latest Snapshot Info 0#-1
2020-07-01 13:14:14,405 [grpc-default-executor-1] DEBUG server.GrpcLogAppender (GrpcLogAppender.java:onNext(257)) - omNode-1@group-523986131536->omNode-2-AppendLogResponseHandler: received a reply omNode-1<-omNode-2#21:OK,SUCCESS,nextIndex:1,term:1,followerCommit:0, request=AppendEntriesRequest:cid=21,entriesCount=0,lastEntry=null
2020-07-01 13:14:14,411 [grpc-default-executor-1] INFO  ratis.OzoneManagerStateMachine (OzoneManagerStateMachine.java:getLatestSnapshot(147)) - Latest Snapshot Info 0#-1
2020-07-01 13:14:14,412 [grpc-default-executor-1] DEBUG server.GrpcLogAppender (GrpcLogAppender.java:onNext(257)) - omNode-1@group-523986131536->omNode-3-AppendLogResponseHandler: received a reply omNode-1<-omNode-3#21:OK,SUCCESS,nextIndex:1,term:1,followerCommit:0, request=AppendEntriesRequest:cid=21,entriesCount=0,lastEntry=null
2020-07-01 13:14:14,637 [Listener at 127.0.0.1/10612] INFO  ozone.MiniOzoneClusterImpl (MiniOzoneClusterImpl.java:lambda$waitForClusterToBeReady$0(177)) - Nodes are ready. Got 3 of 3 DN Heartbeats.
2020-07-01 13:14:14,637 [Listener at 127.0.0.1/10612] INFO  ozone.MiniOzoneClusterImpl (MiniOzoneClusterImpl.java:lambda$waitForClusterToBeReady$0(180)) - Waiting for cluster to exit safe mode
2020-07-01 13:14:14,907 [grpc-default-executor-1] INFO  ratis.OzoneManagerStateMachine (OzoneManagerStateMachine.java:getLatestSnapshot(147)) - Latest Snapshot Info 0#-1
2020-07-01 13:14:14,908 [grpc-default-executor-1] DEBUG server.GrpcLogAppender (GrpcLogAppender.java:onNext(257)) - omNode-1@group-523986131536->omNode-2-AppendLogResponseHandler: received a reply omNode-1<-omNode-2#22:OK,SUCCESS,nextIndex:1,term:1,followerCommit:0, request=AppendEntriesRequest:cid=22,entriesCount=0,lastEntry=null
2020-07-01 13:14:14,913 [grpc-default-executor-1] INFO  ratis.OzoneManagerStateMachine (OzoneManagerStateMachine.java:getLatestSnapshot(147)) - Latest Snapshot Info 0#-1
2020-07-01 13:14:14,914 [grpc-default-executor-1] DEBUG server.GrpcLogAppender (GrpcLogAppender.java:onNext(257)) - omNode-1@group-523986131536->omNode-3-AppendLogResponseHandler: received a reply omNode-1<-omNode-3#22:OK,SUCCESS,nextIndex:1,term:1,followerCommit:0, request=AppendEntriesRequest:cid=22,entriesCount=0,lastEntry=null
2020-07-01 13:14:15,409 [grpc-default-executor-1] INFO  ratis.OzoneManagerStateMachine (OzoneManagerStateMachine.java:getLatestSnapshot(147)) - Latest Snapshot Info 0#-1
2020-07-01 13:14:15,410 [grpc-default-executor-1] DEBUG server.GrpcLogAppender (GrpcLogAppender.java:onNext(257)) - omNode-1@group-523986131536->omNode-2-AppendLogResponseHandler: received a reply omNode-1<-omNode-2#23:OK,SUCCESS,nextIndex:1,term:1,followerCommit:0, request=AppendEntriesRequest:cid=23,entriesCount=0,lastEntry=null
2020-07-01 13:14:15,415 [grpc-default-executor-1] INFO  ratis.OzoneManagerStateMachine (OzoneManagerStateMachine.java:getLatestSnapshot(147)) - Latest Snapshot Info 0#-1
2020-07-01 13:14:15,416 [grpc-default-executor-1] DEBUG server.GrpcLogAppender (GrpcLogAppender.java:onNext(257)) - omNode-1@group-523986131536->omNode-3-AppendLogResponseHandler: received a reply omNode-1<-omNode-3#23:OK,SUCCESS,nextIndex:1,term:1,followerCommit:0, request=AppendEntriesRequest:cid=23,entriesCount=0,lastEntry=null
2020-07-01 13:14:15,604 [Thread-2114] INFO  impl.FollowerState (FollowerState.java:run(108)) - 5d36b0ac-9f7b-45e8-b885-e8514940a378@group-27E4BCC3A540-FollowerState: change to CANDIDATE, lastRpcTime:5030ms, electionTimeout:5027ms
2020-07-01 13:14:15,605 [Thread-2114] INFO  impl.RoleInfo (RoleInfo.java:shutdownFollowerState(121)) - 5d36b0ac-9f7b-45e8-b885-e8514940a378: shutdown FollowerState
2020-07-01 13:14:15,605 [Thread-2114] INFO  impl.RaftServerImpl (RaftServerImpl.java:setRole(175)) - 5d36b0ac-9f7b-45e8-b885-e8514940a378@group-27E4BCC3A540: changes role from  FOLLOWER to CANDIDATE at term 0 for changeToCandidate
2020-07-01 13:14:15,605 [Thread-2114] INFO  impl.RoleInfo (RoleInfo.java:updateAndGet(143)) - 5d36b0ac-9f7b-45e8-b885-e8514940a378: start LeaderElection
2020-07-01 13:14:15,610 [5d36b0ac-9f7b-45e8-b885-e8514940a378@group-27E4BCC3A540-LeaderElection29] INFO  impl.LeaderElection (LeaderElection.java:askForVotes(206)) - 5d36b0ac-9f7b-45e8-b885-e8514940a378@group-27E4BCC3A540-LeaderElection29: begin an election at term 1 for -1: [5d36b0ac-9f7b-45e8-b885-e8514940a378:172.17.0.2:37909, 2e054850-ba10-443b-bf2f-768eb7b2f82b:172.17.0.2:36857, 12959356-53c4-4807-9d4f-3fbf974abe92:172.17.0.2:38997], old=null
2020-07-01 13:14:15,615 [grpc-default-executor-1] DEBUG impl.RaftServerImpl (RaftServerImpl.java:requestVote(821)) - 2e054850-ba10-443b-bf2f-768eb7b2f82b@group-27E4BCC3A540: receive requestVote(5d36b0ac-9f7b-45e8-b885-e8514940a378, group-27E4BCC3A540, 1, (t:0, i:0))
2020-07-01 13:14:15,615 [grpc-default-executor-1] INFO  impl.RaftServerImpl (RaftServerImpl.java:setRole(175)) - 2e054850-ba10-443b-bf2f-768eb7b2f82b@group-27E4BCC3A540: changes role from  FOLLOWER to FOLLOWER at term 1 for recognizeCandidate:5d36b0ac-9f7b-45e8-b885-e8514940a378
2020-07-01 13:14:15,615 [grpc-default-executor-1] INFO  impl.RoleInfo (RoleInfo.java:shutdownFollowerState(121)) - 2e054850-ba10-443b-bf2f-768eb7b2f82b: shutdown FollowerState
2020-07-01 13:14:15,615 [grpc-default-executor-1] INFO  impl.RoleInfo (RoleInfo.java:updateAndGet(143)) - 2e054850-ba10-443b-bf2f-768eb7b2f82b: start FollowerState
2020-07-01 13:14:15,616 [Thread-2117] INFO  impl.FollowerState (FollowerState.java:run(117)) - 2e054850-ba10-443b-bf2f-768eb7b2f82b@group-27E4BCC3A540-FollowerState was interrupted: java.lang.InterruptedException: sleep interrupted
2020-07-01 13:14:15,622 [grpc-default-executor-1] DEBUG impl.RaftServerImpl (RaftServerImpl.java:requestVote(853)) - 2e054850-ba10-443b-bf2f-768eb7b2f82b@group-27E4BCC3A540 replies to vote request: 5d36b0ac-9f7b-45e8-b885-e8514940a378<-2e054850-ba10-443b-bf2f-768eb7b2f82b#0:OK-t1. Peer's state: 2e054850-ba10-443b-bf2f-768eb7b2f82b@group-27E4BCC3A540:t1, leader=null, voted=5d36b0ac-9f7b-45e8-b885-e8514940a378, raftlog=2e054850-ba10-443b-bf2f-768eb7b2f82b@group-27E4BCC3A540-SegmentedRaftLog:OPENED:c-1,f-1,i0, conf=-1: [5d36b0ac-9f7b-45e8-b885-e8514940a378:172.17.0.2:37909, 2e054850-ba10-443b-bf2f-768eb7b2f82b:172.17.0.2:36857, 12959356-53c4-4807-9d4f-3fbf974abe92:172.17.0.2:38997], old=null
2020-07-01 13:14:15,625 [grpc-default-executor-1] DEBUG impl.RaftServerImpl (RaftServerImpl.java:requestVote(821)) - 12959356-53c4-4807-9d4f-3fbf974abe92@group-27E4BCC3A540: receive requestVote(5d36b0ac-9f7b-45e8-b885-e8514940a378, group-27E4BCC3A540, 1, (t:0, i:0))
2020-07-01 13:14:15,626 [5d36b0ac-9f7b-45e8-b885-e8514940a378@group-27E4BCC3A540-LeaderElection29] INFO  impl.LeaderElection (LeaderElection.java:logAndReturn(61)) - 5d36b0ac-9f7b-45e8-b885-e8514940a378@group-27E4BCC3A540-LeaderElection29: Election PASSED; received 1 response(s) [5d36b0ac-9f7b-45e8-b885-e8514940a378<-2e054850-ba10-443b-bf2f-768eb7b2f82b#0:OK-t1] and 0 exception(s); 5d36b0ac-9f7b-45e8-b885-e8514940a378@group-27E4BCC3A540:t1, leader=null, voted=5d36b0ac-9f7b-45e8-b885-e8514940a378, raftlog=5d36b0ac-9f7b-45e8-b885-e8514940a378@group-27E4BCC3A540-SegmentedRaftLog:OPENED:c-1,f-1,i0, conf=-1: [5d36b0ac-9f7b-45e8-b885-e8514940a378:172.17.0.2:37909, 2e054850-ba10-443b-bf2f-768eb7b2f82b:172.17.0.2:36857, 12959356-53c4-4807-9d4f-3fbf974abe92:172.17.0.2:38997], old=null
2020-07-01 13:14:15,626 [5d36b0ac-9f7b-45e8-b885-e8514940a378@group-27E4BCC3A540-LeaderElection29] INFO  impl.RoleInfo (RoleInfo.java:shutdownLeaderElection(134)) - 5d36b0ac-9f7b-45e8-b885-e8514940a378: shutdown LeaderElection
2020-07-01 13:14:15,626 [5d36b0ac-9f7b-45e8-b885-e8514940a378@group-27E4BCC3A540-LeaderElection29] INFO  impl.RaftServerImpl (RaftServerImpl.java:setRole(175)) - 5d36b0ac-9f7b-45e8-b885-e8514940a378@group-27E4BCC3A540: changes role from CANDIDATE to LEADER at term 1 for changeToLeader
2020-07-01 13:14:15,626 [5d36b0ac-9f7b-45e8-b885-e8514940a378@group-27E4BCC3A540-LeaderElection29] INFO  ratis.XceiverServerRatis (XceiverServerRatis.java:handleLeaderChangedNotification(762)) - Leader change notification received for group: group-27E4BCC3A540 with new leaderId: 5d36b0ac-9f7b-45e8-b885-e8514940a378
2020-07-01 13:14:15,626 [5d36b0ac-9f7b-45e8-b885-e8514940a378@group-27E4BCC3A540-LeaderElection29] INFO  impl.RaftServerImpl (ServerState.java:setLeader(255)) - 5d36b0ac-9f7b-45e8-b885-e8514940a378@group-27E4BCC3A540: change Leader from null to 5d36b0ac-9f7b-45e8-b885-e8514940a378 at term 1 for becomeLeader, leader elected after 5059ms
2020-07-01 13:14:15,626 [5d36b0ac-9f7b-45e8-b885-e8514940a378@group-27E4BCC3A540-LeaderElection29] INFO  server.RaftServerConfigKeys (ConfUtils.java:logGet(44)) - raft.server.staging.catchup.gap = 1000 (default)
2020-07-01 13:14:15,626 [5d36b0ac-9f7b-45e8-b885-e8514940a378@group-27E4BCC3A540-LeaderElection29] INFO  server.RaftServerConfigKeys (ConfUtils.java:logGet(44)) - raft.server.rpc.sleep.time = 25ms (default)
2020-07-01 13:14:15,626 [5d36b0ac-9f7b-45e8-b885-e8514940a378@group-27E4BCC3A540-LeaderElection29] INFO  metrics.RatisMetrics (RatisMetrics.java:lambda$create$0(36)) - Creating Metrics Registry : ratis.log_appender.5d36b0ac-9f7b-45e8-b885-e8514940a378@group-27E4BCC3A540
2020-07-01 13:14:15,627 [5d36b0ac-9f7b-45e8-b885-e8514940a378@group-27E4BCC3A540-LeaderElection29] INFO  server.RaftServerConfigKeys (ConfUtils.java:logGet(44)) - raft.server.write.element-limit = 1024 (custom)
2020-07-01 13:14:15,627 [5d36b0ac-9f7b-45e8-b885-e8514940a378@group-27E4BCC3A540-LeaderElection29] INFO  server.RaftServerConfigKeys (ConfUtils.java:logGet(44)) - raft.server.write.byte-limit = 1073741824 (custom)
2020-07-01 13:14:15,627 [5d36b0ac-9f7b-45e8-b885-e8514940a378@group-27E4BCC3A540-LeaderElection29] INFO  server.RaftServerConfigKeys (ConfUtils.java:logGet(44)) - raft.server.watch.timeout = 180s (custom)
2020-07-01 13:14:15,627 [5d36b0ac-9f7b-45e8-b885-e8514940a378@group-27E4BCC3A540-LeaderElection29] INFO  server.RaftServerConfigKeys (ConfUtils.java:logGet(44)) - raft.server.watch.timeout.denomination = 1s (default)
2020-07-01 13:14:15,627 [5d36b0ac-9f7b-45e8-b885-e8514940a378@group-27E4BCC3A540-LeaderElection29] INFO  server.RaftServerConfigKeys (ConfUtils.java:logGet(44)) - raft.server.watch.element-limit = 65536 (default)
2020-07-01 13:14:15,627 [5d36b0ac-9f7b-45e8-b885-e8514940a378@group-27E4BCC3A540-LeaderElection29] INFO  server.RaftServerConfigKeys (ConfUtils.java:logGet(44)) - raft.server.log.appender.snapshot.chunk.size.max = 16MB (=16777216) (default)
2020-07-01 13:14:15,628 [5d36b0ac-9f7b-45e8-b885-e8514940a378@group-27E4BCC3A540-LeaderElection29] INFO  server.RaftServerConfigKeys (ConfUtils.java:logGet(44)) - raft.server.log.appender.buffer.byte-limit = 33554432 (custom)
2020-07-01 13:14:15,628 [5d36b0ac-9f7b-45e8-b885-e8514940a378@group-27E4BCC3A540-LeaderElection29] INFO  server.RaftServerConfigKeys (ConfUtils.java:logGet(44)) - raft.server.log.appender.buffer.element-limit = 1 (custom)
2020-07-01 13:14:15,628 [5d36b0ac-9f7b-45e8-b885-e8514940a378@group-27E4BCC3A540-LeaderElection29] INFO  grpc.GrpcConfigKeys (ConfUtils.java:logGet(44)) - raft.grpc.server.leader.outstanding.appends.max = 128 (default)
2020-07-01 13:14:15,628 [5d36b0ac-9f7b-45e8-b885-e8514940a378@group-27E4BCC3A540-LeaderElection29] INFO  server.RaftServerConfigKeys (ConfUtils.java:logGet(44)) - raft.server.rpc.request.timeout = 60s (custom)
2020-07-01 13:14:15,628 [5d36b0ac-9f7b-45e8-b885-e8514940a378@group-27E4BCC3A540-LeaderElection29] INFO  server.RaftServerConfigKeys (ConfUtils.java:logGet(44)) - raft.server.log.appender.install.snapshot.enabled = false (custom)
2020-07-01 13:14:15,628 [5d36b0ac-9f7b-45e8-b885-e8514940a378@group-27E4BCC3A540-LeaderElection29] INFO  metrics.RatisMetrics (RatisMetrics.java:lambda$create$0(36)) - Creating Metrics Registry : ratis_grpc.log_appender.5d36b0ac-9f7b-45e8-b885-e8514940a378@group-27E4BCC3A540
2020-07-01 13:14:15,629 [EventQueue-PipelineReportForPipelineReportHandler] INFO  pipeline.PipelineStateManager (PipelineStateManager.java:openPipeline(131)) - Pipeline Pipeline[ Id: 71dac77b-3d61-49df-84e9-27e4bcc3a540, Nodes: 5d36b0ac-9f7b-45e8-b885-e8514940a378{ip: 172.17.0.2, host: e05bf891e8f7, networkLocation: /default-rack, certSerialId: null}2e054850-ba10-443b-bf2f-768eb7b2f82b{ip: 172.17.0.2, host: e05bf891e8f7, networkLocation: /default-rack, certSerialId: null}12959356-53c4-4807-9d4f-3fbf974abe92{ip: 172.17.0.2, host: e05bf891e8f7, networkLocation: /default-rack, certSerialId: null}, Type:RATIS, Factor:THREE, State:ALLOCATED, leaderId:5d36b0ac-9f7b-45e8-b885-e8514940a378, CreationTimestamp2020-07-01T13:14:07.636Z] moved to OPEN state
2020-07-01 13:14:15,626 [grpc-default-executor-1] INFO  impl.RaftServerImpl (RaftServerImpl.java:setRole(175)) - 12959356-53c4-4807-9d4f-3fbf974abe92@group-27E4BCC3A540: changes role from  FOLLOWER to FOLLOWER at term 1 for recognizeCandidate:5d36b0ac-9f7b-45e8-b885-e8514940a378
2020-07-01 13:14:15,632 [EventQueue-OpenPipelineForHealthyPipelineSafeModeRule] INFO  safemode.SCMSafeModeManager (HealthyPipelineSafeModeRule.java:process(129)) - SCM in safe mode. Healthy pipelines reported count is 1, required healthy pipeline reported count is 1
2020-07-01 13:14:15,631 [5d36b0ac-9f7b-45e8-b885-e8514940a378@group-27E4BCC3A540-LeaderElection29] INFO  server.RaftServerConfigKeys (ConfUtils.java:logGet(44)) - raft.server.log.appender.snapshot.chunk.size.max = 16MB (=16777216) (default)
2020-07-01 13:14:15,632 [EventQueue-OpenPipelineForOneReplicaPipelineSafeModeRule] INFO  safemode.SCMSafeModeManager (SCMSafeModeManager.java:validateSafeModeExitRules(214)) - AtleastOneDatanodeReportedRule rule is successfully validated
2020-07-01 13:14:15,632 [grpc-default-executor-1] INFO  impl.RoleInfo (RoleInfo.java:shutdownFollowerState(121)) - 12959356-53c4-4807-9d4f-3fbf974abe92: shutdown FollowerState
2020-07-01 13:14:15,633 [grpc-default-executor-1] INFO  impl.RoleInfo (RoleInfo.java:updateAndGet(143)) - 12959356-53c4-4807-9d4f-3fbf974abe92: start FollowerState
2020-07-01 13:14:15,633 [EventQueue-OpenPipelineForHealthyPipelineSafeModeRule] INFO  safemode.SCMSafeModeManager (SCMSafeModeManager.java:validateSafeModeExitRules(214)) - HealthyPipelineSafeModeRule rule is successfully validated
2020-07-01 13:14:15,633 [EventQueue-OpenPipelineForHealthyPipelineSafeModeRule] INFO  safemode.SCMSafeModeManager (SCMSafeModeManager.java:validateSafeModeExitRules(228)) - ScmSafeModeManager, all rules are successfully validated
2020-07-01 13:14:15,633 [EventQueue-OpenPipelineForHealthyPipelineSafeModeRule] INFO  safemode.SCMSafeModeManager (SCMSafeModeManager.java:exitSafeMode(257)) - SCM exiting safe mode.
2020-07-01 13:14:15,633 [5d36b0ac-9f7b-45e8-b885-e8514940a378@group-27E4BCC3A540-LeaderElection29] INFO  server.RaftServerConfigKeys (ConfUtils.java:logGet(44)) - raft.server.log.appender.buffer.byte-limit = 33554432 (custom)
2020-07-01 13:14:15,633 [5d36b0ac-9f7b-45e8-b885-e8514940a378@group-27E4BCC3A540-LeaderElection29] INFO  server.RaftServerConfigKeys (ConfUtils.java:logGet(44)) - raft.server.log.appender.buffer.element-limit = 1 (custom)
2020-07-01 13:14:15,633 [5d36b0ac-9f7b-45e8-b885-e8514940a378@group-27E4BCC3A540-LeaderElection29] INFO  grpc.GrpcConfigKeys (ConfUtils.java:logGet(44)) - raft.grpc.server.leader.outstanding.appends.max = 128 (default)
2020-07-01 13:14:15,633 [5d36b0ac-9f7b-45e8-b885-e8514940a378@group-27E4BCC3A540-LeaderElection29] INFO  server.RaftServerConfigKeys (ConfUtils.java:logGet(44)) - raft.server.rpc.request.timeout = 60s (custom)
2020-07-01 13:14:15,633 [5d36b0ac-9f7b-45e8-b885-e8514940a378@group-27E4BCC3A540-LeaderElection29] INFO  server.RaftServerConfigKeys (ConfUtils.java:logGet(44)) - raft.server.log.appender.install.snapshot.enabled = false (custom)
2020-07-01 13:14:15,633 [Thread-2123] INFO  impl.FollowerState (FollowerState.java:run(117)) - 12959356-53c4-4807-9d4f-3fbf974abe92@group-27E4BCC3A540-FollowerState was interrupted: java.lang.InterruptedException: sleep interrupted
2020-07-01 13:14:15,638 [Listener at 127.0.0.1/10612] INFO  ozone.MiniOzoneClusterImpl (MiniOzoneClusterImpl.java:lambda$waitForClusterToBeReady$0(177)) - Nodes are ready. Got 3 of 3 DN Heartbeats.
2020-07-01 13:14:15,638 [grpc-default-executor-1] DEBUG impl.RaftServerImpl (RaftServerImpl.java:requestVote(853)) - 12959356-53c4-4807-9d4f-3fbf974abe92@group-27E4BCC3A540 replies to vote request: 5d36b0ac-9f7b-45e8-b885-e8514940a378<-12959356-53c4-4807-9d4f-3fbf974abe92#0:OK-t1. Peer's state: 12959356-53c4-4807-9d4f-3fbf974abe92@group-27E4BCC3A540:t1, leader=null, voted=5d36b0ac-9f7b-45e8-b885-e8514940a378, raftlog=12959356-53c4-4807-9d4f-3fbf974abe92@group-27E4BCC3A540-SegmentedRaftLog:OPENED:c-1,f-1,i0, conf=-1: [5d36b0ac-9f7b-45e8-b885-e8514940a378:172.17.0.2:37909, 2e054850-ba10-443b-bf2f-768eb7b2f82b:172.17.0.2:36857, 12959356-53c4-4807-9d4f-3fbf974abe92:172.17.0.2:38997], old=null
2020-07-01 13:14:15,638 [Listener at 127.0.0.1/10612] INFO  ozone.MiniOzoneClusterImpl (MiniOzoneClusterImpl.java:lambda$waitForClusterToBeReady$0(180)) - Cluster exits safe mode
2020-07-01 13:14:15,649 [5d36b0ac-9f7b-45e8-b885-e8514940a378@group-27E4BCC3A540-LeaderElection29] INFO  impl.RoleInfo (RoleInfo.java:updateAndGet(143)) - 5d36b0ac-9f7b-45e8-b885-e8514940a378: start LeaderState
2020-07-01 13:14:15,653 [5d36b0ac-9f7b-45e8-b885-e8514940a378@group-27E4BCC3A540-LeaderElection29] INFO  segmented.SegmentedRaftLogWorker (SegmentedRaftLogWorker.java:startLogSegment(397)) - 5d36b0ac-9f7b-45e8-b885-e8514940a378@group-27E4BCC3A540-SegmentedRaftLogWorker: Starting segment from index:0
2020-07-01 13:14:15,654 [5d36b0ac-9f7b-45e8-b885-e8514940a378@group-27E4BCC3A540-SegmentedRaftLogWorker] INFO  segmented.SegmentedRaftLogWorker (SegmentedRaftLogWorker.java:execute(596)) - 5d36b0ac-9f7b-45e8-b885-e8514940a378@group-27E4BCC3A540-SegmentedRaftLogWorker: created new log segment /github/workspace/mnt/ozone/hadoop-ozone/integration-test/target/test-dir/MiniOzoneClusterImpl-1a14e66a-5c38-443d-ac03-4d7cff470839/datanode-0/data/ratis/71dac77b-3d61-49df-84e9-27e4bcc3a540/current/log_inprogress_0
2020-07-01 13:14:15,663 [5d36b0ac-9f7b-45e8-b885-e8514940a378@group-27E4BCC3A540-LeaderElection29] INFO  impl.RaftServerImpl (ServerState.java:setRaftConf(356)) - 5d36b0ac-9f7b-45e8-b885-e8514940a378@group-27E4BCC3A540: set configuration 0: [5d36b0ac-9f7b-45e8-b885-e8514940a378:172.17.0.2:37909, 2e054850-ba10-443b-bf2f-768eb7b2f82b:172.17.0.2:36857, 12959356-53c4-4807-9d4f-3fbf974abe92:172.17.0.2:38997], old=null at 0
2020-07-01 13:14:15,663 [Thread-2122] INFO  impl.FollowerState (FollowerState.java:run(108)) - 12959356-53c4-4807-9d4f-3fbf974abe92@group-7626FF365C38-FollowerState: change to CANDIDATE, lastRpcTime:5004ms, electionTimeout:5003ms
2020-07-01 13:14:15,667 [grpc-default-executor-1] INFO  ratis.XceiverServerRatis (XceiverServerRatis.java:handleLeaderChangedNotification(762)) - Leader change notification received for group: group-27E4BCC3A540 with new leaderId: 5d36b0ac-9f7b-45e8-b885-e8514940a378
2020-07-01 13:14:15,667 [grpc-default-executor-1] INFO  impl.RaftServerImpl (ServerState.java:setLeader(255)) - 2e054850-ba10-443b-bf2f-768eb7b2f82b@group-27E4BCC3A540: change Leader from null to 5d36b0ac-9f7b-45e8-b885-e8514940a378 at term 1 for appendEntries, leader elected after 5078ms
2020-07-01 13:14:15,667 [Thread-2122] INFO  impl.RoleInfo (RoleInfo.java:shutdownFollowerState(121)) - 12959356-53c4-4807-9d4f-3fbf974abe92: shutdown FollowerState
2020-07-01 13:14:15,667 [Thread-2122] INFO  impl.RaftServerImpl (RaftServerImpl.java:setRole(175)) - 12959356-53c4-4807-9d4f-3fbf974abe92@group-7626FF365C38: changes role from  FOLLOWER to CANDIDATE at term 0 for changeToCandidate
2020-07-01 13:14:15,670 [Thread-2122] INFO  impl.RoleInfo (RoleInfo.java:updateAndGet(143)) - 12959356-53c4-4807-9d4f-3fbf974abe92: start LeaderElection
2020-07-01 13:14:15,673 [grpc-default-executor-1] DEBUG impl.RaftServerImpl (RaftServerImpl.java:logAppendEntries(928)) - 2e054850-ba10-443b-bf2f-768eb7b2f82b@group-27E4BCC3A540: receive appendEntries(5d36b0ac-9f7b-45e8-b885-e8514940a378, 1, null, 0, false, commits[5d36b0ac-9f7b-45e8-b885-e8514940a378:c0, 2e054850-ba10-443b-bf2f-768eb7b2f82b:c-1, 12959356-53c4-4807-9d4f-3fbf974abe92:c-1], entries: (t:1, i:0), CONFIGURATIONENTRY
2020-07-01 13:14:15,673 [grpc-default-executor-0] INFO  ratis.XceiverServerRatis (XceiverServerRatis.java:handleLeaderChangedNotification(762)) - Leader change notification received for group: group-27E4BCC3A540 with new leaderId: 5d36b0ac-9f7b-45e8-b885-e8514940a378
2020-07-01 13:14:15,673 [grpc-default-executor-0] INFO  impl.RaftServerImpl (ServerState.java:setLeader(255)) - 12959356-53c4-4807-9d4f-3fbf974abe92@group-27E4BCC3A540: change Leader from null to 5d36b0ac-9f7b-45e8-b885-e8514940a378 at term 1 for appendEntries, leader elected after 5019ms
2020-07-01 13:14:15,673 [grpc-default-executor-1] INFO  impl.RaftServerImpl (ServerState.java:setRaftConf(356)) - 2e054850-ba10-443b-bf2f-768eb7b2f82b@group-27E4BCC3A540: set configuration 0: [5d36b0ac-9f7b-45e8-b885-e8514940a378:172.17.0.2:37909, 2e054850-ba10-443b-bf2f-768eb7b2f82b:172.17.0.2:36857, 12959356-53c4-4807-9d4f-3fbf974abe92:172.17.0.2:38997], old=null at 0
2020-07-01 13:14:15,674 [grpc-default-executor-1] INFO  segmented.SegmentedRaftLogWorker (SegmentedRaftLogWorker.java:startLogSegment(397)) - 2e054850-ba10-443b-bf2f-768eb7b2f82b@group-27E4BCC3A540-SegmentedRaftLogWorker: Starting segment from index:0
2020-07-01 13:14:15,674 [grpc-default-executor-2] DEBUG server.GrpcLogAppender (GrpcLogAppender.java:onNext(257)) - 5d36b0ac-9f7b-45e8-b885-e8514940a378@group-27E4BCC3A540->2e054850-ba10-443b-bf2f-768eb7b2f82b-AppendLogResponseHandler: received the first reply 5d36b0ac-9f7b-45e8-b885-e8514940a378<-2e054850-ba10-443b-bf2f-768eb7b2f82b#0:OK,SUCCESS,nextIndex:0,term:1,followerCommit:-1, request=AppendEntriesRequest:cid=0,entriesCount=0,lastEntry=null
2020-07-01 13:14:15,679 [grpc-default-executor-0] DEBUG impl.RaftServerImpl (RaftServerImpl.java:logAppendEntries(928)) - 12959356-53c4-4807-9d4f-3fbf974abe92@group-27E4BCC3A540: receive appendEntries(5d36b0ac-9f7b-45e8-b885-e8514940a378, 1, null, 0, false, commits[5d36b0ac-9f7b-45e8-b885-e8514940a378:c0, 2e054850-ba10-443b-bf2f-768eb7b2f82b:c-1, 12959356-53c4-4807-9d4f-3fbf974abe92:c-1], entries: (t:1, i:0), CONFIGURATIONENTRY
2020-07-01 13:14:15,679 [Listener at 127.0.0.1/10612] INFO  rpc.RpcClient (RpcClient.java:createVolume(315)) - Creating Volume: volume70039, with user35575 as owner.
2020-07-01 13:14:15,680 [grpc-default-executor-0] INFO  impl.RaftServerImpl (ServerState.java:setRaftConf(356)) - 12959356-53c4-4807-9d4f-3fbf974abe92@group-27E4BCC3A540: set configuration 0: [5d36b0ac-9f7b-45e8-b885-e8514940a378:172.17.0.2:37909, 2e054850-ba10-443b-bf2f-768eb7b2f82b:172.17.0.2:36857, 12959356-53c4-4807-9d4f-3fbf974abe92:172.17.0.2:38997], old=null at 0
2020-07-01 13:14:15,681 [grpc-default-executor-0] INFO  segmented.SegmentedRaftLogWorker (SegmentedRaftLogWorker.java:startLogSegment(397)) - 12959356-53c4-4807-9d4f-3fbf974abe92@group-27E4BCC3A540-SegmentedRaftLogWorker: Starting segment from index:0
2020-07-01 13:14:15,682 [IPC Server handler 2 on default port 10600] DEBUG impl.RaftServerImpl (RaftServerImpl.java:submitClientRequestAsync(575)) - omNode-1@group-523986131536: receive client request(RaftClientRequest:client-ECC34336769D->omNode-1@group-523986131536, cid=123, seq=0, RW, Message:080b12001a13636c6965...(size=150))
2020-07-01 13:14:15,682 [2e054850-ba10-443b-bf2f-768eb7b2f82b@group-27E4BCC3A540-SegmentedRaftLogWorker] INFO  segmented.SegmentedRaftLogWorker (SegmentedRaftLogWorker.java:execute(596)) - 2e054850-ba10-443b-bf2f-768eb7b2f82b@group-27E4BCC3A540-SegmentedRaftLogWorker: created new log segment /github/workspace/mnt/ozone/hadoop-ozone/integration-test/target/test-dir/MiniOzoneClusterImpl-1a14e66a-5c38-443d-ac03-4d7cff470839/datanode-1/data/ratis/71dac77b-3d61-49df-84e9-27e4bcc3a540/current/log_inprogress_0
2020-07-01 13:14:15,683 [12959356-53c4-4807-9d4f-3fbf974abe92@group-7626FF365C38-LeaderElection30] INFO  impl.LeaderElection (LeaderElection.java:askForVotes(206)) - 12959356-53c4-4807-9d4f-3fbf974abe92@group-7626FF365C38-LeaderElection30: begin an election at term 1 for -1: [12959356-53c4-4807-9d4f-3fbf974abe92:172.17.0.2:38997], old=null
2020-07-01 13:14:15,683 [12959356-53c4-4807-9d4f-3fbf974abe92@group-7626FF365C38-LeaderElection30] INFO  impl.RoleInfo (RoleInfo.java:shutdownLeaderElection(134)) - 12959356-53c4-4807-9d4f-3fbf974abe92: shutdown LeaderElection
2020-07-01 13:14:15,683 [12959356-53c4-4807-9d4f-3fbf974abe92@group-7626FF365C38-LeaderElection30] INFO  impl.RaftServerImpl (RaftServerImpl.java:setRole(175)) - 12959356-53c4-4807-9d4f-3fbf974abe92@group-7626FF365C38: changes role from CANDIDATE to LEADER at term 1 for changeToLeader
2020-07-01 13:14:15,683 [12959356-53c4-4807-9d4f-3fbf974abe92@group-7626FF365C38-LeaderElection30] INFO  ratis.XceiverServerRatis (XceiverServerRatis.java:handleLeaderChangedNotification(762)) - Leader change notification received for group: group-7626FF365C38 with new leaderId: 12959356-53c4-4807-9d4f-3fbf974abe92
2020-07-01 13:14:15,683 [12959356-53c4-4807-9d4f-3fbf974abe92@group-7626FF365C38-LeaderElection30] INFO  impl.RaftServerImpl (ServerState.java:setLeader(255)) - 12959356-53c4-4807-9d4f-3fbf974abe92@group-7626FF365C38: change Leader from null to 12959356-53c4-4807-9d4f-3fbf974abe92 at term 1 for becomeLeader, leader elected after 5038ms
2020-07-01 13:14:15,683 [12959356-53c4-4807-9d4f-3fbf974abe92@group-7626FF365C38-LeaderElection30] INFO  server.RaftServerConfigKeys (ConfUtils.java:logGet(44)) - raft.server.staging.catchup.gap = 1000 (default)
2020-07-01 13:14:15,683 [12959356-53c4-4807-9d4f-3fbf974abe92@group-7626FF365C38-LeaderElection30] INFO  server.RaftServerConfigKeys (ConfUtils.java:logGet(44)) - raft.server.rpc.sleep.time = 25ms (default)
2020-07-01 13:14:15,684 [12959356-53c4-4807-9d4f-3fbf974abe92@group-7626FF365C38-LeaderElection30] INFO  metrics.RatisMetrics (RatisMetrics.java:lambda$create$0(36)) - Creating Metrics Registry : ratis.log_appender.12959356-53c4-4807-9d4f-3fbf974abe92@group-7626FF365C38
2020-07-01 13:14:15,684 [12959356-53c4-4807-9d4f-3fbf974abe92@group-7626FF365C38-LeaderElection30] INFO  server.RaftServerConfigKeys (ConfUtils.java:logGet(44)) - raft.server.write.element-limit = 1024 (custom)
2020-07-01 13:14:15,684 [12959356-53c4-4807-9d4f-3fbf974abe92@group-7626FF365C38-LeaderElection30] INFO  server.RaftServerConfigKeys (ConfUtils.java:logGet(44)) - raft.server.write.byte-limit = 1073741824 (custom)
2020-07-01 13:14:15,682 [IPC Server handler 2 on default port 10600] DEBUG impl.RaftServerImpl (LeaderState.java:addPendingRequest(335)) - omNode-1@group-523986131536-LeaderState: addPendingRequest at RaftClientRequest:client-ECC34336769D->omNode-1@group-523986131536, cid=123, seq=0, RW, Message:080b12001a13636c6965...(size=150), entry=(t:1, i:1), STATEMACHINELOGENTRY, client-ECC34336769D, cid=123
2020-07-01 13:14:15,686 [grpc-default-executor-1] DEBUG impl.RaftServerImpl (RaftServerImpl.java:logAppendEntries(928)) - omNode-3@group-523986131536: receive appendEntries(omNode-1, 1, (t:1, i:0), 0, false, commits[omNode-1:c0, omNode-3:c0, omNode-2:c0], entries: (t:1, i:1), STATEMACHINELOGENTRY, client-ECC34336769D, cid=123
2020-07-01 13:14:15,686 [grpc-default-executor-1] INFO  ratis.OzoneManagerStateMachine (OzoneManagerStateMachine.java:getLatestSnapshot(147)) - Latest Snapshot Info 0#-1
2020-07-01 13:14:15,686 [grpc-default-executor-1] INFO  ratis.OzoneManagerStateMachine (OzoneManagerStateMachine.java:getLatestSnapshot(147)) - Latest Snapshot Info 0#-1
2020-07-01 13:14:15,686 [grpc-default-executor-2] DEBUG server.GrpcLogAppender (GrpcLogAppender.java:onNext(257)) - 5d36b0ac-9f7b-45e8-b885-e8514940a378@group-27E4BCC3A540->12959356-53c4-4807-9d4f-3fbf974abe92-AppendLogResponseHandler: received the first reply 5d36b0ac-9f7b-45e8-b885-e8514940a378<-12959356-53c4-4807-9d4f-3fbf974abe92#0:OK,SUCCESS,nextIndex:1,term:1,followerCommit:-1, request=AppendEntriesRequest:cid=0,entriesCount=0,lastEntry=null
2020-07-01 13:14:15,687 [12959356-53c4-4807-9d4f-3fbf974abe92@group-27E4BCC3A540-SegmentedRaftLogWorker] INFO  segmented.SegmentedRaftLogWorker (SegmentedRaftLogWorker.java:execute(596)) - 12959356-53c4-4807-9d4f-3fbf974abe92@group-27E4BCC3A540-SegmentedRaftLogWorker: created new log segment /github/workspace/mnt/ozone/hadoop-ozone/integration-test/target/test-dir/MiniOzoneClusterImpl-1a14e66a-5c38-443d-ac03-4d7cff470839/datanode-2/data/ratis/71dac77b-3d61-49df-84e9-27e4bcc3a540/current/log_inprogress_0
2020-07-01 13:14:15,688 [grpc-default-executor-0] DEBUG impl.RaftServerImpl (RaftServerImpl.java:logAppendEntries(928)) - omNode-2@group-523986131536: receive appendEntries(omNode-1, 1, (t:1, i:0), 0, false, commits[omNode-1:c0, omNode-3:c0, omNode-2:c0], entries: (t:1, i:1), STATEMACHINELOGENTRY, client-ECC34336769D, cid=123
2020-07-01 13:14:15,688 [grpc-default-executor-0] INFO  ratis.OzoneManagerStateMachine (OzoneManagerStateMachine.java:getLatestSnapshot(147)) - Latest Snapshot Info 0#-1
2020-07-01 13:14:15,688 [grpc-default-executor-0] INFO  ratis.OzoneManagerStateMachine (OzoneManagerStateMachine.java:getLatestSnapshot(147)) - Latest Snapshot Info 0#-1
2020-07-01 13:14:15,689 [12959356-53c4-4807-9d4f-3fbf974abe92@group-7626FF365C38-LeaderElection30] INFO  server.RaftServerConfigKeys (ConfUtils.java:logGet(44)) - raft.server.watch.timeout = 180s (custom)
2020-07-01 13:14:15,689 [12959356-53c4-4807-9d4f-3fbf974abe92@group-7626FF365C38-LeaderElection30] INFO  server.RaftServerConfigKeys (ConfUtils.java:logGet(44)) - raft.server.watch.timeout.denomination = 1s (default)
2020-07-01 13:14:15,689 [12959356-53c4-4807-9d4f-3fbf974abe92@group-7626FF365C38-LeaderElection30] INFO  server.RaftServerConfigKeys (ConfUtils.java:logGet(44)) - raft.server.watch.element-limit = 65536 (default)
2020-07-01 13:14:15,689 [12959356-53c4-4807-9d4f-3fbf974abe92@group-7626FF365C38-LeaderElection30] INFO  impl.RoleInfo (RoleInfo.java:updateAndGet(143)) - 12959356-53c4-4807-9d4f-3fbf974abe92: start LeaderState
2020-07-01 13:14:15,690 [12959356-53c4-4807-9d4f-3fbf974abe92@group-7626FF365C38-LeaderElection30] INFO  segmented.SegmentedRaftLogWorker (SegmentedRaftLogWorker.java:startLogSegment(397)) - 12959356-53c4-4807-9d4f-3fbf974abe92@group-7626FF365C38-SegmentedRaftLogWorker: Starting segment from index:0
2020-07-01 13:14:15,691 [Thread-2163] DEBUG impl.RaftServerImpl (RaftServerImpl.java:logAppendEntries(928)) - 2e054850-ba10-443b-bf2f-768eb7b2f82b@group-27E4BCC3A540: succeeded to handle AppendEntries. Reply: 5d36b0ac-9f7b-45e8-b885-e8514940a378<-2e054850-ba10-443b-bf2f-768eb7b2f82b#1:OK,SUCCESS,nextIndex:1,term:1,followerCommit:0
2020-07-01 13:14:15,691 [12959356-53c4-4807-9d4f-3fbf974abe92@group-7626FF365C38-SegmentedRaftLogWorker] INFO  segmented.SegmentedRaftLogWorker (SegmentedRaftLogWorker.java:execute(596)) - 12959356-53c4-4807-9d4f-3fbf974abe92@group-7626FF365C38-SegmentedRaftLogWorker: created new log segment /github/workspace/mnt/ozone/hadoop-ozone/integration-test/target/test-dir/MiniOzoneClusterImpl-1a14e66a-5c38-443d-ac03-4d7cff470839/datanode-2/data/ratis/86f0ed07-a50b-48d5-8fad-7626ff365c38/current/log_inprogress_0
2020-07-01 13:14:15,692 [grpc-default-executor-0] DEBUG server.GrpcLogAppender (GrpcLogAppender.java:onNext(257)) - 5d36b0ac-9f7b-45e8-b885-e8514940a378@group-27E4BCC3A540->2e054850-ba10-443b-bf2f-768eb7b2f82b-AppendLogResponseHandler: received a reply 5d36b0ac-9f7b-45e8-b885-e8514940a378<-2e054850-ba10-443b-bf2f-768eb7b2f82b#1:OK,SUCCESS,nextIndex:1,term:1,followerCommit:0, request=AppendEntriesRequest:cid=1,entriesCount=1,lastEntry=(t:1, i:0)
2020-07-01 13:14:15,692 [Thread-2166] DEBUG impl.RaftServerImpl (RaftServerImpl.java:logAppendEntries(928)) - omNode-2@group-523986131536: succeeded to handle AppendEntries. Reply: omNode-1<-omNode-2#24:OK,SUCCESS,nextIndex:2,term:1,followerCommit:0
2020-07-01 13:14:15,693 [grpc-default-executor-0] DEBUG server.GrpcLogAppender (GrpcLogAppender.java:onNext(257)) - omNode-1@group-523986131536->omNode-2-AppendLogResponseHandler: received a reply omNode-1<-omNode-2#24:OK,SUCCESS,nextIndex:2,term:1,followerCommit:0, request=AppendEntriesRequest:cid=24,entriesCount=1,lastEntry=(t:1, i:1)
2020-07-01 13:14:15,696 [Thread-2165] DEBUG impl.RaftServerImpl (RaftServerImpl.java:logAppendEntries(928)) - 12959356-53c4-4807-9d4f-3fbf974abe92@group-27E4BCC3A540: succeeded to handle AppendEntries. Reply: 5d36b0ac-9f7b-45e8-b885-e8514940a378<-12959356-53c4-4807-9d4f-3fbf974abe92#1:OK,SUCCESS,nextIndex:1,term:1,followerCommit:0
2020-07-01 13:14:15,696 [grpc-default-executor-0] DEBUG server.GrpcLogAppender (GrpcLogAppender.java:onNext(257)) - 5d36b0ac-9f7b-45e8-b885-e8514940a378@group-27E4BCC3A540->12959356-53c4-4807-9d4f-3fbf974abe92-AppendLogResponseHandler: received a reply 5d36b0ac-9f7b-45e8-b885-e8514940a378<-12959356-53c4-4807-9d4f-3fbf974abe92#1:OK,SUCCESS,nextIndex:1,term:1,followerCommit:0, request=AppendEntriesRequest:cid=1,entriesCount=1,lastEntry=(t:1, i:0)
2020-07-01 13:14:15,696 [Thread-2164] DEBUG impl.RaftServerImpl (RaftServerImpl.java:logAppendEntries(928)) - omNode-3@group-523986131536: succeeded to handle AppendEntries. Reply: omNode-1<-omNode-3#24:OK,SUCCESS,nextIndex:2,term:1,followerCommit:0
2020-07-01 13:14:15,697 [grpc-default-executor-0] DEBUG server.GrpcLogAppender (GrpcLogAppender.java:onNext(257)) - omNode-1@group-523986131536->omNode-3-AppendLogResponseHandler: received a reply omNode-1<-omNode-3#24:OK,SUCCESS,nextIndex:2,term:1,followerCommit:0, request=AppendEntriesRequest:cid=24,entriesCount=1,lastEntry=(t:1, i:1)
2020-07-01 13:14:15,697 [12959356-53c4-4807-9d4f-3fbf974abe92@group-7626FF365C38-LeaderElection30] INFO  impl.RaftServerImpl (ServerState.java:setRaftConf(356)) - 12959356-53c4-4807-9d4f-3fbf974abe92@group-7626FF365C38: set configuration 0: [12959356-53c4-4807-9d4f-3fbf974abe92:172.17.0.2:38997], old=null at 0
2020-07-01 13:14:15,698 [grpc-default-executor-0] DEBUG impl.RaftServerImpl (RaftServerImpl.java:logAppendEntries(928)) - omNode-3@group-523986131536: receive appendEntries(omNode-1, 1, (t:1, i:1), 1, false, commits[omNode-1:c1, omNode-3:c0, omNode-2:c0], entries: (t:1, i:2), METADATAENTRY(c:1)
2020-07-01 13:14:15,698 [grpc-default-executor-0] INFO  ratis.OzoneManagerStateMachine (OzoneManagerStateMachine.java:getLatestSnapshot(147)) - Latest Snapshot Info 0#-1
2020-07-01 13:14:15,698 [grpc-default-executor-0] INFO  ratis.OzoneManagerStateMachine (OzoneManagerStateMachine.java:getLatestSnapshot(147)) - Latest Snapshot Info 0#-1
2020-07-01 13:14:15,698 [grpc-default-executor-0] DEBUG impl.RaftServerImpl (RaftServerImpl.java:logAppendEntries(928)) - omNode-2@group-523986131536: receive appendEntries(omNode-1, 1, (t:1, i:1), 1, false, commits[omNode-1:c1, omNode-3:c0, omNode-2:c0], entries: (t:1, i:2), METADATAENTRY(c:1)
2020-07-01 13:14:15,699 [grpc-default-executor-0] INFO  ratis.OzoneManagerStateMachine (OzoneManagerStateMachine.java:getLatestSnapshot(147)) - Latest Snapshot Info 0#-1
2020-07-01 13:14:15,699 [grpc-default-executor-0] INFO  ratis.OzoneManagerStateMachine (OzoneManagerStateMachine.java:getLatestSnapshot(147)) - Latest Snapshot Info 0#-1
2020-07-01 13:14:15,699 [Thread-2167] DEBUG impl.RaftServerImpl (RaftServerImpl.java:logAppendEntries(928)) - omNode-3@group-523986131536: succeeded to handle AppendEntries. Reply: omNode-1<-omNode-3#25:OK,SUCCESS,nextIndex:3,term:1,followerCommit:1
2020-07-01 13:14:15,700 [Thread-2168] DEBUG impl.RaftServerImpl (RaftServerImpl.java:logAppendEntries(928)) - omNode-2@group-523986131536: succeeded to handle AppendEntries. Reply: omNode-1<-omNode-2#25:OK,SUCCESS,nextIndex:3,term:1,followerCommit:1
2020-07-01 13:14:15,702 [OM StateMachine ApplyTransaction Thread - 0] INFO  volume.OMVolumeCreateRequest (OMVolumeCreateRequest.java:validateAndUpdateCache(208)) - created volume:volume70039 for user:user35575
2020-07-01 13:14:15,713 [grpc-default-executor-0] DEBUG server.GrpcLogAppender (GrpcLogAppender.java:onNext(257)) - omNode-1@group-523986131536->omNode-2-AppendLogResponseHandler: received a reply omNode-1<-omNode-2#25:OK,SUCCESS,nextIndex:3,term:1,followerCommit:1, request=AppendEntriesRequest:cid=25,entriesCount=1,lastEntry=(t:1, i:2)
2020-07-01 13:14:15,713 [grpc-default-executor-2] DEBUG server.GrpcLogAppender (GrpcLogAppender.java:onNext(257)) - omNode-1@group-523986131536->omNode-3-AppendLogResponseHandler: received a reply omNode-1<-omNode-3#25:OK,SUCCESS,nextIndex:3,term:1,followerCommit:1, request=AppendEntriesRequest:cid=25,entriesCount=1,lastEntry=(t:1, i:2)
2020-07-01 13:14:15,714 [OM StateMachine ApplyTransaction Thread - 0] INFO  volume.OMVolumeCreateRequest (OMVolumeCreateRequest.java:validateAndUpdateCache(208)) - created volume:volume70039 for user:user35575
2020-07-01 13:14:15,717 [Thread-2112] INFO  impl.FollowerState (FollowerState.java:run(108)) - 5d36b0ac-9f7b-45e8-b885-e8514940a378@group-1115F982B890-FollowerState: change to CANDIDATE, lastRpcTime:5155ms, electionTimeout:5154ms
2020-07-01 13:14:15,717 [Thread-2112] INFO  impl.RoleInfo (RoleInfo.java:shutdownFollowerState(121)) - 5d36b0ac-9f7b-45e8-b885-e8514940a378: shutdown FollowerState
2020-07-01 13:14:15,717 [Thread-2112] INFO  impl.RaftServerImpl (RaftServerImpl.java:setRole(175)) - 5d36b0ac-9f7b-45e8-b885-e8514940a378@group-1115F982B890: changes role from  FOLLOWER to CANDIDATE at term 0 for changeToCandidate
2020-07-01 13:14:15,717 [Thread-2112] INFO  impl.RoleInfo (RoleInfo.java:updateAndGet(143)) - 5d36b0ac-9f7b-45e8-b885-e8514940a378: start LeaderElection
2020-07-01 13:14:15,717 [OM StateMachine ApplyTransaction Thread - 0] INFO  volume.OMVolumeCreateRequest (OMVolumeCreateRequest.java:validateAndUpdateCache(208)) - created volume:volume70039 for user:user35575
2020-07-01 13:14:15,724 [Listener at 127.0.0.1/10612] INFO  rpc.RpcClient (RpcClient.java:createBucket(458)) - Creating Bucket: volume70039/28e76d7d-5d63-4032-8044-9596a802845c, with Versioning false and Storage Type set to DISK and Encryption set to false 
2020-07-01 13:14:15,725 [IPC Server handler 4 on default port 10600] DEBUG impl.RaftServerImpl (RaftServerImpl.java:submitClientRequestAsync(575)) - omNode-1@group-523986131536: receive client request(RaftClientRequest:client-ECC34336769D->omNode-1@group-523986131536, cid=124, seq=0, RW, Message:081512001a13636c6965...(size=180))
2020-07-01 13:14:15,726 [IPC Server handler 4 on default port 10600] DEBUG impl.RaftServerImpl (LeaderState.java:addPendingRequest(335)) - omNode-1@group-523986131536-LeaderState: addPendingRequest at RaftClientRequest:client-ECC34336769D->omNode-1@group-523986131536, cid=124, seq=0, RW, Message:081512001a13636c6965...(size=180), entry=(t:1, i:3), STATEMACHINELOGENTRY, client-ECC34336769D, cid=124
2020-07-01 13:14:15,726 [grpc-default-executor-2] DEBUG impl.RaftServerImpl (RaftServerImpl.java:logAppendEntries(928)) - omNode-3@group-523986131536: receive appendEntries(omNode-1, 1, (t:1, i:2), 2, false, commits[omNode-1:c2, omNode-3:c1, omNode-2:c1], entries: (t:1, i:3), STATEMACHINELOGENTRY, client-ECC34336769D, cid=124
2020-07-01 13:14:15,727 [grpc-default-executor-2] INFO  ratis.OzoneManagerStateMachine (OzoneManagerStateMachine.java:getLatestSnapshot(147)) - Latest Snapshot Info 0#-1
2020-07-01 13:14:15,727 [grpc-default-executor-2] INFO  ratis.OzoneManagerStateMachine (OzoneManagerStateMachine.java:getLatestSnapshot(147)) - Latest Snapshot Info 0#-1
2020-07-01 13:14:15,727 [grpc-default-executor-0] DEBUG impl.RaftServerImpl (RaftServerImpl.java:logAppendEntries(928)) - omNode-2@group-523986131536: receive appendEntries(omNode-1, 1, (t:1, i:2), 2, false, commits[omNode-1:c2, omNode-3:c1, omNode-2:c1], entries: (t:1, i:3), STATEMACHINELOGENTRY, client-ECC34336769D, cid=124
2020-07-01 13:14:15,727 [grpc-default-executor-0] INFO  ratis.OzoneManagerStateMachine (OzoneManagerStateMachine.java:getLatestSnapshot(147)) - Latest Snapshot Info 0#-1
2020-07-01 13:14:15,727 [grpc-default-executor-0] INFO  ratis.OzoneManagerStateMachine (OzoneManagerStateMachine.java:getLatestSnapshot(147)) - Latest Snapshot Info 0#-1
2020-07-01 13:14:15,727 [5d36b0ac-9f7b-45e8-b885-e8514940a378@group-1115F982B890-LeaderElection31] INFO  impl.LeaderElection (LeaderElection.java:askForVotes(206)) - 5d36b0ac-9f7b-45e8-b885-e8514940a378@group-1115F982B890-LeaderElection31: begin an election at term 1 for -1: [5d36b0ac-9f7b-45e8-b885-e8514940a378:172.17.0.2:37909], old=null
2020-07-01 13:14:15,728 [5d36b0ac-9f7b-45e8-b885-e8514940a378@group-1115F982B890-LeaderElection31] INFO  impl.RoleInfo (RoleInfo.java:shutdownLeaderElection(134)) - 5d36b0ac-9f7b-45e8-b885-e8514940a378: shutdown LeaderElection
2020-07-01 13:14:15,728 [Thread-2170] DEBUG impl.RaftServerImpl (RaftServerImpl.java:logAppendEntries(928)) - omNode-3@group-523986131536: succeeded to handle AppendEntries. Reply: omNode-1<-omNode-3#26:OK,SUCCESS,nextIndex:4,term:1,followerCommit:2
2020-07-01 13:14:15,728 [5d36b0ac-9f7b-45e8-b885-e8514940a378@group-1115F982B890-LeaderElection31] INFO  impl.RaftServerImpl (RaftServerImpl.java:setRole(175)) - 5d36b0ac-9f7b-45e8-b885-e8514940a378@group-1115F982B890: changes role from CANDIDATE to LEADER at term 1 for changeToLeader
2020-07-01 13:14:15,728 [5d36b0ac-9f7b-45e8-b885-e8514940a378@group-1115F982B890-LeaderElection31] INFO  ratis.XceiverServerRatis (XceiverServerRatis.java:handleLeaderChangedNotification(762)) - Leader change notification received for group: group-1115F982B890 with new leaderId: 5d36b0ac-9f7b-45e8-b885-e8514940a378
2020-07-01 13:14:15,728 [Thread-2171] DEBUG impl.RaftServerImpl (RaftServerImpl.java:logAppendEntries(928)) - omNode-2@group-523986131536: succeeded to handle AppendEntries. Reply: omNode-1<-omNode-2#26:OK,SUCCESS,nextIndex:4,term:1,followerCommit:2
2020-07-01 13:14:15,729 [grpc-default-executor-0] DEBUG server.GrpcLogAppender (GrpcLogAppender.java:onNext(257)) - omNode-1@group-523986131536->omNode-3-AppendLogResponseHandler: received a reply omNode-1<-omNode-3#26:OK,SUCCESS,nextIndex:4,term:1,followerCommit:2, request=AppendEntriesRequest:cid=26,entriesCount=1,lastEntry=(t:1, i:3)
2020-07-01 13:14:15,731 [grpc-default-executor-2] DEBUG impl.RaftServerImpl (RaftServerImpl.java:logAppendEntries(928)) - omNode-3@group-523986131536: receive appendEntries(omNode-1, 1, (t:1, i:3), 3, false, commits[omNode-1:c3, omNode-3:c2, omNode-2:c1], entries: (t:1, i:4), METADATAENTRY(c:3)
2020-07-01 13:14:15,731 [grpc-default-executor-2] INFO  ratis.OzoneManagerStateMachine (OzoneManagerStateMachine.java:getLatestSnapshot(147)) - Latest Snapshot Info 0#-1
2020-07-01 13:14:15,731 [grpc-default-executor-2] INFO  ratis.OzoneManagerStateMachine (OzoneManagerStateMachine.java:getLatestSnapshot(147)) - Latest Snapshot Info 0#-1
2020-07-01 13:14:15,731 [5d36b0ac-9f7b-45e8-b885-e8514940a378@group-1115F982B890-LeaderElection31] INFO  impl.RaftServerImpl (ServerState.java:setLeader(255)) - 5d36b0ac-9f7b-45e8-b885-e8514940a378@group-1115F982B890: change Leader from null to 5d36b0ac-9f7b-45e8-b885-e8514940a378 at term 1 for becomeLeader, leader elected after 5182ms
2020-07-01 13:14:15,731 [grpc-default-executor-0] DEBUG server.GrpcLogAppender (GrpcLogAppender.java:onNext(257)) - omNode-1@group-523986131536->omNode-2-AppendLogResponseHandler: received a reply omNode-1<-omNode-2#26:OK,SUCCESS,nextIndex:4,term:1,followerCommit:2, request=AppendEntriesRequest:cid=26,entriesCount=1,lastEntry=(t:1, i:3)
2020-07-01 13:14:15,731 [5d36b0ac-9f7b-45e8-b885-e8514940a378@group-1115F982B890-LeaderElection31] INFO  server.RaftServerConfigKeys (ConfUtils.java:logGet(44)) - raft.server.staging.catchup.gap = 1000 (default)
2020-07-01 13:14:15,731 [5d36b0ac-9f7b-45e8-b885-e8514940a378@group-1115F982B890-LeaderElection31] INFO  server.RaftServerConfigKeys (ConfUtils.java:logGet(44)) - raft.server.rpc.sleep.time = 25ms (default)
2020-07-01 13:14:15,732 [5d36b0ac-9f7b-45e8-b885-e8514940a378@group-1115F982B890-LeaderElection31] INFO  metrics.RatisMetrics (RatisMetrics.java:lambda$create$0(36)) - Creating Metrics Registry : ratis.log_appender.5d36b0ac-9f7b-45e8-b885-e8514940a378@group-1115F982B890
2020-07-01 13:14:15,733 [grpc-default-executor-0] DEBUG impl.RaftServerImpl (RaftServerImpl.java:logAppendEntries(928)) - omNode-2@group-523986131536: receive appendEntries(omNode-1, 1, (t:1, i:3), 3, false, commits[omNode-1:c3, omNode-3:c2, omNode-2:c1], entries: (t:1, i:4), METADATAENTRY(c:3)
2020-07-01 13:14:15,733 [grpc-default-executor-0] INFO  ratis.OzoneManagerStateMachine (OzoneManagerStateMachine.java:getLatestSnapshot(147)) - Latest Snapshot Info 0#-1
2020-07-01 13:14:15,733 [grpc-default-executor-0] INFO  ratis.OzoneManagerStateMachine (OzoneManagerStateMachine.java:getLatestSnapshot(147)) - Latest Snapshot Info 0#-1
2020-07-01 13:14:15,733 [Thread-2173] DEBUG impl.RaftServerImpl (RaftServerImpl.java:logAppendEntries(928)) - omNode-3@group-523986131536: succeeded to handle AppendEntries. Reply: omNode-1<-omNode-3#27:OK,SUCCESS,nextIndex:5,term:1,followerCommit:3
2020-07-01 13:14:15,733 [5d36b0ac-9f7b-45e8-b885-e8514940a378@group-1115F982B890-LeaderElection31] INFO  server.RaftServerConfigKeys (ConfUtils.java:logGet(44)) - raft.server.write.element-limit = 1024 (custom)
2020-07-01 13:14:15,734 [5d36b0ac-9f7b-45e8-b885-e8514940a378@group-1115F982B890-LeaderElection31] INFO  server.RaftServerConfigKeys (ConfUtils.java:logGet(44)) - raft.server.write.byte-limit = 1073741824 (custom)
2020-07-01 13:14:15,734 [grpc-default-executor-0] DEBUG server.GrpcLogAppender (GrpcLogAppender.java:onNext(257)) - omNode-1@group-523986131536->omNode-3-AppendLogResponseHandler: received a reply omNode-1<-omNode-3#27:OK,SUCCESS,nextIndex:5,term:1,followerCommit:3, request=AppendEntriesRequest:cid=27,entriesCount=1,lastEntry=(t:1, i:4)
2020-07-01 13:14:15,734 [5d36b0ac-9f7b-45e8-b885-e8514940a378@group-1115F982B890-LeaderElection31] INFO  server.RaftServerConfigKeys (ConfUtils.java:logGet(44)) - raft.server.watch.timeout = 180s (custom)
2020-07-01 13:14:15,734 [5d36b0ac-9f7b-45e8-b885-e8514940a378@group-1115F982B890-LeaderElection31] INFO  server.RaftServerConfigKeys (ConfUtils.java:logGet(44)) - raft.server.watch.timeout.denomination = 1s (default)
2020-07-01 13:14:15,734 [5d36b0ac-9f7b-45e8-b885-e8514940a378@group-1115F982B890-LeaderElection31] INFO  server.RaftServerConfigKeys (ConfUtils.java:logGet(44)) - raft.server.watch.element-limit = 65536 (default)
2020-07-01 13:14:15,734 [5d36b0ac-9f7b-45e8-b885-e8514940a378@group-1115F982B890-LeaderElection31] INFO  impl.RoleInfo (RoleInfo.java:updateAndGet(143)) - 5d36b0ac-9f7b-45e8-b885-e8514940a378: start LeaderState
2020-07-01 13:14:15,735 [5d36b0ac-9f7b-45e8-b885-e8514940a378@group-1115F982B890-LeaderElection31] INFO  segmented.SegmentedRaftLogWorker (SegmentedRaftLogWorker.java:startLogSegment(397)) - 5d36b0ac-9f7b-45e8-b885-e8514940a378@group-1115F982B890-SegmentedRaftLogWorker: Starting segment from index:0
2020-07-01 13:14:15,737 [5d36b0ac-9f7b-45e8-b885-e8514940a378@group-1115F982B890-SegmentedRaftLogWorker] INFO  segmented.SegmentedRaftLogWorker (SegmentedRaftLogWorker.java:execute(596)) - 5d36b0ac-9f7b-45e8-b885-e8514940a378@group-1115F982B890-SegmentedRaftLogWorker: created new log segment /github/workspace/mnt/ozone/hadoop-ozone/integration-test/target/test-dir/MiniOzoneClusterImpl-1a14e66a-5c38-443d-ac03-4d7cff470839/datanode-0/data/ratis/e49a8c03-25ad-4527-bf1d-1115f982b890/current/log_inprogress_0
2020-07-01 13:14:15,743 [Thread-2174] DEBUG impl.RaftServerImpl (RaftServerImpl.java:logAppendEntries(928)) - omNode-2@group-523986131536: succeeded to handle AppendEntries. Reply: omNode-1<-omNode-2#27:OK,SUCCESS,nextIndex:5,term:1,followerCommit:3
2020-07-01 13:14:15,744 [5d36b0ac-9f7b-45e8-b885-e8514940a378@group-1115F982B890-LeaderElection31] INFO  impl.RaftServerImpl (ServerState.java:setRaftConf(356)) - 5d36b0ac-9f7b-45e8-b885-e8514940a378@group-1115F982B890: set configuration 0: [5d36b0ac-9f7b-45e8-b885-e8514940a378:172.17.0.2:37909], old=null at 0
2020-07-01 13:14:15,752 [grpc-default-executor-0] DEBUG server.GrpcLogAppender (GrpcLogAppender.java:onNext(257)) - omNode-1@group-523986131536->omNode-2-AppendLogResponseHandler: received a reply omNode-1<-omNode-2#27:OK,SUCCESS,nextIndex:5,term:1,followerCommit:3, request=AppendEntriesRequest:cid=27,entriesCount=1,lastEntry=(t:1, i:4)
2020-07-01 13:14:15,756 [IPC Server handler 6 on default port 10600] DEBUG impl.RaftServerImpl (RaftServerImpl.java:submitClientRequestAsync(575)) - omNode-1@group-523986131536: receive client request(RaftClientRequest:client-ECC34336769D->omNode-1@group-523986131536, cid=125, seq=0, RW, Message:084812001a13636c6965...(size=473))
2020-07-01 13:14:15,757 [IPC Server handler 6 on default port 10600] DEBUG impl.RaftServerImpl (LeaderState.java:addPendingRequest(335)) - omNode-1@group-523986131536-LeaderState: addPendingRequest at RaftClientRequest:client-ECC34336769D->omNode-1@group-523986131536, cid=125, seq=0, RW, Message:084812001a13636c6965...(size=473), entry=(t:1, i:5), STATEMACHINELOGENTRY, client-ECC34336769D, cid=125
2020-07-01 13:14:15,758 [grpc-default-executor-0] DEBUG impl.RaftServerImpl (RaftServerImpl.java:logAppendEntries(928)) - omNode-3@group-523986131536: receive appendEntries(omNode-1, 1, (t:1, i:4), 4, false, commits[omNode-1:c4, omNode-3:c3, omNode-2:c3], entries: (t:1, i:5), STATEMACHINELOGENTRY, client-ECC34336769D, cid=125
2020-07-01 13:14:15,758 [grpc-default-executor-0] INFO  ratis.OzoneManagerStateMachine (OzoneManagerStateMachine.java:getLatestSnapshot(147)) - Latest Snapshot Info 0#-1
2020-07-01 13:14:15,758 [grpc-default-executor-0] INFO  ratis.OzoneManagerStateMachine (OzoneManagerStateMachine.java:getLatestSnapshot(147)) - Latest Snapshot Info 0#-1
2020-07-01 13:14:15,758 [grpc-default-executor-0] DEBUG impl.RaftServerImpl (RaftServerImpl.java:logAppendEntries(928)) - omNode-2@group-523986131536: receive appendEntries(omNode-1, 1, (t:1, i:4), 4, false, commits[omNode-1:c4, omNode-3:c3, omNode-2:c3], entries: (t:1, i:5), STATEMACHINELOGENTRY, client-ECC34336769D, cid=125
2020-07-01 13:14:15,758 [grpc-default-executor-0] INFO  ratis.OzoneManagerStateMachine (OzoneManagerStateMachine.java:getLatestSnapshot(147)) - Latest Snapshot Info 0#-1
2020-07-01 13:14:15,758 [Thread-2176] DEBUG impl.RaftServerImpl (RaftServerImpl.java:logAppendEntries(928)) - omNode-3@group-523986131536: succeeded to handle AppendEntries. Reply: omNode-1<-omNode-3#28:OK,SUCCESS,nextIndex:6,term:1,followerCommit:4
2020-07-01 13:14:15,759 [grpc-default-executor-0] INFO  ratis.OzoneManagerStateMachine (OzoneManagerStateMachine.java:getLatestSnapshot(147)) - Latest Snapshot Info 0#-1
2020-07-01 13:14:15,759 [grpc-default-executor-0] DEBUG server.GrpcLogAppender (GrpcLogAppender.java:onNext(257)) - omNode-1@group-523986131536->omNode-3-AppendLogResponseHandler: received a reply omNode-1<-omNode-3#28:OK,SUCCESS,nextIndex:6,term:1,followerCommit:4, request=AppendEntriesRequest:cid=28,entriesCount=1,lastEntry=(t:1, i:5)
2020-07-01 13:14:15,760 [Thread-2177] DEBUG impl.RaftServerImpl (RaftServerImpl.java:logAppendEntries(928)) - omNode-2@group-523986131536: succeeded to handle AppendEntries. Reply: omNode-1<-omNode-2#28:OK,SUCCESS,nextIndex:6,term:1,followerCommit:4
2020-07-01 13:14:15,764 [grpc-default-executor-1] DEBUG server.GrpcLogAppender (GrpcLogAppender.java:onNext(257)) - omNode-1@group-523986131536->omNode-2-AppendLogResponseHandler: received a reply omNode-1<-omNode-2#28:OK,SUCCESS,nextIndex:6,term:1,followerCommit:4, request=AppendEntriesRequest:cid=28,entriesCount=1,lastEntry=(t:1, i:5)
2020-07-01 13:14:15,764 [grpc-default-executor-2] DEBUG impl.RaftServerImpl (RaftServerImpl.java:logAppendEntries(928)) - omNode-3@group-523986131536: receive appendEntries(omNode-1, 1, (t:1, i:5), 5, false, commits[omNode-1:c5, omNode-3:c4, omNode-2:c3], entries: (t:1, i:6), METADATAENTRY(c:5)
2020-07-01 13:14:15,765 [grpc-default-executor-2] INFO  ratis.OzoneManagerStateMachine (OzoneManagerStateMachine.java:getLatestSnapshot(147)) - Latest Snapshot Info 0#-1
2020-07-01 13:14:15,765 [grpc-default-executor-2] INFO  ratis.OzoneManagerStateMachine (OzoneManagerStateMachine.java:getLatestSnapshot(147)) - Latest Snapshot Info 0#-1
2020-07-01 13:14:15,767 [grpc-default-executor-2] DEBUG impl.RaftServerImpl (RaftServerImpl.java:logAppendEntries(928)) - omNode-2@group-523986131536: receive appendEntries(omNode-1, 1, (t:1, i:5), 5, false, commits[omNode-1:c5, omNode-3:c4, omNode-2:c3], entries: (t:1, i:6), METADATAENTRY(c:5)
2020-07-01 13:14:15,767 [grpc-default-executor-2] INFO  ratis.OzoneManagerStateMachine (OzoneManagerStateMachine.java:getLatestSnapshot(147)) - Latest Snapshot Info 0#-1
2020-07-01 13:14:15,767 [grpc-default-executor-2] INFO  ratis.OzoneManagerStateMachine (OzoneManagerStateMachine.java:getLatestSnapshot(147)) - Latest Snapshot Info 0#-1
2020-07-01 13:14:15,768 [Thread-2178] DEBUG impl.RaftServerImpl (RaftServerImpl.java:logAppendEntries(928)) - omNode-3@group-523986131536: succeeded to handle AppendEntries. Reply: omNode-1<-omNode-3#29:OK,SUCCESS,nextIndex:7,term:1,followerCommit:5
2020-07-01 13:14:15,768 [grpc-default-executor-2] DEBUG server.GrpcLogAppender (GrpcLogAppender.java:onNext(257)) - omNode-1@group-523986131536->omNode-3-AppendLogResponseHandler: received a reply omNode-1<-omNode-3#29:OK,SUCCESS,nextIndex:7,term:1,followerCommit:5, request=AppendEntriesRequest:cid=29,entriesCount=1,lastEntry=(t:1, i:6)
2020-07-01 13:14:15,770 [grpc-default-executor-0] DEBUG impl.RaftServerImpl (RaftServerImpl.java:submitClientRequestAsync(575)) - 2e054850-ba10-443b-bf2f-768eb7b2f82b@group-5FE5A30660EC: receive client request(RaftClientRequest:client-00D30B30B08F->2e054850-ba10-443b-bf2f-768eb7b2f82b@group-5FE5A30660EC, cid=26, seq=1*, Watch(0), Message:<EMPTY>)
2020-07-01 13:14:15,771 [Thread-2179] DEBUG impl.RaftServerImpl (RaftServerImpl.java:logAppendEntries(928)) - omNode-2@group-523986131536: succeeded to handle AppendEntries. Reply: omNode-1<-omNode-2#29:OK,SUCCESS,nextIndex:7,term:1,followerCommit:5
2020-07-01 13:14:15,771 [grpc-default-executor-2] DEBUG server.GrpcLogAppender (GrpcLogAppender.java:onNext(257)) - omNode-1@group-523986131536->omNode-2-AppendLogResponseHandler: received a reply omNode-1<-omNode-2#29:OK,SUCCESS,nextIndex:7,term:1,followerCommit:5, request=AppendEntriesRequest:cid=29,entriesCount=1,lastEntry=(t:1, i:6)
2020-07-01 13:14:15,778 [Thread-2119] INFO  impl.FollowerState (FollowerState.java:run(108)) - 2e054850-ba10-443b-bf2f-768eb7b2f82b@group-5FE5A30660EC-FollowerState: change to CANDIDATE, lastRpcTime:5165ms, electionTimeout:5154ms
2020-07-01 13:14:15,780 [Thread-2119] INFO  impl.RoleInfo (RoleInfo.java:shutdownFollowerState(121)) - 2e054850-ba10-443b-bf2f-768eb7b2f82b: shutdown FollowerState
2020-07-01 13:14:15,780 [Thread-2119] INFO  impl.RaftServerImpl (RaftServerImpl.java:setRole(175)) - 2e054850-ba10-443b-bf2f-768eb7b2f82b@group-5FE5A30660EC: changes role from  FOLLOWER to CANDIDATE at term 0 for changeToCandidate
2020-07-01 13:14:15,780 [Thread-2119] INFO  impl.RoleInfo (RoleInfo.java:updateAndGet(143)) - 2e054850-ba10-443b-bf2f-768eb7b2f82b: start LeaderElection
2020-07-01 13:14:15,801 [2e054850-ba10-443b-bf2f-768eb7b2f82b@group-5FE5A30660EC-LeaderElection32] INFO  impl.LeaderElection (LeaderElection.java:askForVotes(206)) - 2e054850-ba10-443b-bf2f-768eb7b2f82b@group-5FE5A30660EC-LeaderElection32: begin an election at term 1 for -1: [2e054850-ba10-443b-bf2f-768eb7b2f82b:172.17.0.2:36857], old=null
2020-07-01 13:14:15,801 [2e054850-ba10-443b-bf2f-768eb7b2f82b@group-5FE5A30660EC-LeaderElection32] INFO  impl.RoleInfo (RoleInfo.java:shutdownLeaderElection(134)) - 2e054850-ba10-443b-bf2f-768eb7b2f82b: shutdown LeaderElection
2020-07-01 13:14:15,801 [2e054850-ba10-443b-bf2f-768eb7b2f82b@group-5FE5A30660EC-LeaderElection32] INFO  impl.RaftServerImpl (RaftServerImpl.java:setRole(175)) - 2e054850-ba10-443b-bf2f-768eb7b2f82b@group-5FE5A30660EC: changes role from CANDIDATE to LEADER at term 1 for changeToLeader
2020-07-01 13:14:15,801 [2e054850-ba10-443b-bf2f-768eb7b2f82b@group-5FE5A30660EC-LeaderElection32] INFO  ratis.XceiverServerRatis (XceiverServerRatis.java:handleLeaderChangedNotification(762)) - Leader change notification received for group: group-5FE5A30660EC with new leaderId: 2e054850-ba10-443b-bf2f-768eb7b2f82b
2020-07-01 13:14:15,801 [2e054850-ba10-443b-bf2f-768eb7b2f82b@group-5FE5A30660EC-LeaderElection32] INFO  impl.RaftServerImpl (ServerState.java:setLeader(255)) - 2e054850-ba10-443b-bf2f-768eb7b2f82b@group-5FE5A30660EC: change Leader from null to 2e054850-ba10-443b-bf2f-768eb7b2f82b at term 1 for becomeLeader, leader elected after 5198ms
2020-07-01 13:14:15,801 [2e054850-ba10-443b-bf2f-768eb7b2f82b@group-5FE5A30660EC-LeaderElection32] INFO  server.RaftServerConfigKeys (ConfUtils.java:logGet(44)) - raft.server.staging.catchup.gap = 1000 (default)
2020-07-01 13:14:15,801 [2e054850-ba10-443b-bf2f-768eb7b2f82b@group-5FE5A30660EC-LeaderElection32] INFO  server.RaftServerConfigKeys (ConfUtils.java:logGet(44)) - raft.server.rpc.sleep.time = 25ms (default)
2020-07-01 13:14:15,801 [2e054850-ba10-443b-bf2f-768eb7b2f82b@group-5FE5A30660EC-LeaderElection32] INFO  metrics.RatisMetrics (RatisMetrics.java:lambda$create$0(36)) - Creating Metrics Registry : ratis.log_appender.2e054850-ba10-443b-bf2f-768eb7b2f82b@group-5FE5A30660EC
2020-07-01 13:14:15,802 [2e054850-ba10-443b-bf2f-768eb7b2f82b@group-5FE5A30660EC-LeaderElection32] INFO  server.RaftServerConfigKeys (ConfUtils.java:logGet(44)) - raft.server.write.element-limit = 1024 (custom)
2020-07-01 13:14:15,802 [2e054850-ba10-443b-bf2f-768eb7b2f82b@group-5FE5A30660EC-LeaderElection32] INFO  server.RaftServerConfigKeys (ConfUtils.java:logGet(44)) - raft.server.write.byte-limit = 1073741824 (custom)
2020-07-01 13:14:15,802 [2e054850-ba10-443b-bf2f-768eb7b2f82b@group-5FE5A30660EC-LeaderElection32] INFO  server.RaftServerConfigKeys (ConfUtils.java:logGet(44)) - raft.server.watch.timeout = 180s (custom)
2020-07-01 13:14:15,802 [2e054850-ba10-443b-bf2f-768eb7b2f82b@group-5FE5A30660EC-LeaderElection32] INFO  server.RaftServerConfigKeys (ConfUtils.java:logGet(44)) - raft.server.watch.timeout.denomination = 1s (default)
2020-07-01 13:14:15,802 [2e054850-ba10-443b-bf2f-768eb7b2f82b@group-5FE5A30660EC-LeaderElection32] INFO  server.RaftServerConfigKeys (ConfUtils.java:logGet(44)) - raft.server.watch.element-limit = 65536 (default)
2020-07-01 13:14:15,802 [2e054850-ba10-443b-bf2f-768eb7b2f82b@group-5FE5A30660EC-LeaderElection32] INFO  impl.RoleInfo (RoleInfo.java:updateAndGet(143)) - 2e054850-ba10-443b-bf2f-768eb7b2f82b: start LeaderState
2020-07-01 13:14:15,803 [2e054850-ba10-443b-bf2f-768eb7b2f82b@group-5FE5A30660EC-LeaderElection32] INFO  segmented.SegmentedRaftLogWorker (SegmentedRaftLogWorker.java:startLogSegment(397)) - 2e054850-ba10-443b-bf2f-768eb7b2f82b@group-5FE5A30660EC-SegmentedRaftLogWorker: Starting segment from index:0
2020-07-01 13:14:15,803 [2e054850-ba10-443b-bf2f-768eb7b2f82b@group-5FE5A30660EC-LeaderElection32] INFO  impl.RaftServerImpl (ServerState.java:setRaftConf(356)) - 2e054850-ba10-443b-bf2f-768eb7b2f82b@group-5FE5A30660EC: set configuration 0: [2e054850-ba10-443b-bf2f-768eb7b2f82b:172.17.0.2:36857], old=null at 0
2020-07-01 13:14:15,804 [2e054850-ba10-443b-bf2f-768eb7b2f82b@group-5FE5A30660EC-SegmentedRaftLogWorker] INFO  segmented.SegmentedRaftLogWorker (SegmentedRaftLogWorker.java:execute(596)) - 2e054850-ba10-443b-bf2f-768eb7b2f82b@group-5FE5A30660EC-SegmentedRaftLogWorker: created new log segment /github/workspace/mnt/ozone/hadoop-ozone/integration-test/target/test-dir/MiniOzoneClusterImpl-1a14e66a-5c38-443d-ac03-4d7cff470839/datanode-1/data/ratis/a21d54c7-0eec-4c0c-821f-5fe5a30660ec/current/log_inprogress_0
2020-07-01 13:14:16,270 [grpc-default-executor-0] INFO  ratis.OzoneManagerStateMachine (OzoneManagerStateMachine.java:getLatestSnapshot(147)) - Latest Snapshot Info 0#-1
2020-07-01 13:14:16,272 [grpc-default-executor-0] DEBUG server.GrpcLogAppender (GrpcLogAppender.java:onNext(257)) - omNode-1@group-523986131536->omNode-3-AppendLogResponseHandler: received a reply omNode-1<-omNode-3#30:OK,SUCCESS,nextIndex:7,term:1,followerCommit:6, request=AppendEntriesRequest:cid=30,entriesCount=0,lastEntry=null
2020-07-01 13:14:16,272 [grpc-default-executor-2] INFO  ratis.OzoneManagerStateMachine (OzoneManagerStateMachine.java:getLatestSnapshot(147)) - Latest Snapshot Info 0#-1
2020-07-01 13:14:16,273 [grpc-default-executor-2] DEBUG server.GrpcLogAppender (GrpcLogAppender.java:onNext(257)) - omNode-1@group-523986131536->omNode-2-AppendLogResponseHandler: received a reply omNode-1<-omNode-2#30:OK,SUCCESS,nextIndex:7,term:1,followerCommit:6, request=AppendEntriesRequest:cid=30,entriesCount=0,lastEntry=null
2020-07-01 13:14:16,773 [grpc-default-executor-2] INFO  ratis.OzoneManagerStateMachine (OzoneManagerStateMachine.java:getLatestSnapshot(147)) - Latest Snapshot Info 0#-1
2020-07-01 13:14:16,774 [grpc-default-executor-2] INFO  ratis.OzoneManagerStateMachine (OzoneManagerStateMachine.java:getLatestSnapshot(147)) - Latest Snapshot Info 0#-1
2020-07-01 13:14:16,774 [grpc-default-executor-0] DEBUG server.GrpcLogAppender (GrpcLogAppender.java:onNext(257)) - omNode-1@group-523986131536->omNode-3-AppendLogResponseHandler: received a reply omNode-1<-omNode-3#31:OK,SUCCESS,nextIndex:7,term:1,followerCommit:6, request=AppendEntriesRequest:cid=31,entriesCount=0,lastEntry=null
2020-07-01 13:14:16,776 [grpc-default-executor-2] DEBUG server.GrpcLogAppender (GrpcLogAppender.java:onNext(257)) - omNode-1@group-523986131536->omNode-2-AppendLogResponseHandler: received a reply omNode-1<-omNode-2#31:OK,SUCCESS,nextIndex:7,term:1,followerCommit:6, request=AppendEntriesRequest:cid=31,entriesCount=0,lastEntry=null
2020-07-01 13:14:17,275 [grpc-default-executor-2] INFO  ratis.OzoneManagerStateMachine (OzoneManagerStateMachine.java:getLatestSnapshot(147)) - Latest Snapshot Info 0#-1
2020-07-01 13:14:17,276 [grpc-default-executor-2] DEBUG server.GrpcLogAppender (GrpcLogAppender.java:onNext(257)) - omNode-1@group-523986131536->omNode-3-AppendLogResponseHandler: received a reply omNode-1<-omNode-3#32:OK,SUCCESS,nextIndex:7,term:1,followerCommit:6, request=AppendEntriesRequest:cid=32,entriesCount=0,lastEntry=null
2020-07-01 13:14:17,277 [grpc-default-executor-2] INFO  ratis.OzoneManagerStateMachine (OzoneManagerStateMachine.java:getLatestSnapshot(147)) - Latest Snapshot Info 0#-1
2020-07-01 13:14:17,278 [grpc-default-executor-2] DEBUG server.GrpcLogAppender (GrpcLogAppender.java:onNext(257)) - omNode-1@group-523986131536->omNode-2-AppendLogResponseHandler: received a reply omNode-1<-omNode-2#32:OK,SUCCESS,nextIndex:7,term:1,followerCommit:6, request=AppendEntriesRequest:cid=32,entriesCount=0,lastEntry=null
2020-07-01 13:14:17,778 [grpc-default-executor-2] INFO  ratis.OzoneManagerStateMachine (OzoneManagerStateMachine.java:getLatestSnapshot(147)) - Latest Snapshot Info 0#-1
2020-07-01 13:14:17,779 [grpc-default-executor-2] DEBUG server.GrpcLogAppender (GrpcLogAppender.java:onNext(257)) - omNode-1@group-523986131536->omNode-3-AppendLogResponseHandler: received a reply omNode-1<-omNode-3#33:OK,SUCCESS,nextIndex:7,term:1,followerCommit:6, request=AppendEntriesRequest:cid=33,entriesCount=0,lastEntry=null
2020-07-01 13:14:17,779 [grpc-default-executor-0] INFO  ratis.OzoneManagerStateMachine (OzoneManagerStateMachine.java:getLatestSnapshot(147)) - Latest Snapshot Info 0#-1
2020-07-01 13:14:17,780 [grpc-default-executor-0] DEBUG server.GrpcLogAppender (GrpcLogAppender.java:onNext(257)) - omNode-1@group-523986131536->omNode-2-AppendLogResponseHandler: received a reply omNode-1<-omNode-2#33:OK,SUCCESS,nextIndex:7,term:1,followerCommit:6, request=AppendEntriesRequest:cid=33,entriesCount=0,lastEntry=null
2020-07-01 13:14:18,194 [grpc-default-executor-0] DEBUG server.GrpcLogAppender (GrpcLogAppender.java:onNext(257)) - 5d36b0ac-9f7b-45e8-b885-e8514940a378@group-27E4BCC3A540->2e054850-ba10-443b-bf2f-768eb7b2f82b-AppendLogResponseHandler: received a reply 5d36b0ac-9f7b-45e8-b885-e8514940a378<-2e054850-ba10-443b-bf2f-768eb7b2f82b#2:OK,SUCCESS,nextIndex:1,term:1,followerCommit:0, request=AppendEntriesRequest:cid=2,entriesCount=0,lastEntry=null
2020-07-01 13:14:18,198 [grpc-default-executor-0] DEBUG server.GrpcLogAppender (GrpcLogAppender.java:onNext(257)) - 5d36b0ac-9f7b-45e8-b885-e8514940a378@group-27E4BCC3A540->12959356-53c4-4807-9d4f-3fbf974abe92-AppendLogResponseHandler: received a reply 5d36b0ac-9f7b-45e8-b885-e8514940a378<-12959356-53c4-4807-9d4f-3fbf974abe92#2:OK,SUCCESS,nextIndex:1,term:1,followerCommit:0, request=AppendEntriesRequest:cid=2,entriesCount=0,lastEntry=null
2020-07-01 13:14:18,280 [grpc-default-executor-0] INFO  ratis.OzoneManagerStateMachine (OzoneManagerStateMachine.java:getLatestSnapshot(147)) - Latest Snapshot Info 0#-1
2020-07-01 13:14:18,280 [grpc-default-executor-2] INFO  ratis.OzoneManagerStateMachine (OzoneManagerStateMachine.java:getLatestSnapshot(147)) - Latest Snapshot Info 0#-1
2020-07-01 13:14:18,281 [grpc-default-executor-2] DEBUG server.GrpcLogAppender (GrpcLogAppender.java:onNext(257)) - omNode-1@group-523986131536->omNode-3-AppendLogResponseHandler: received a reply omNode-1<-omNode-3#34:OK,SUCCESS,nextIndex:7,term:1,followerCommit:6, request=AppendEntriesRequest:cid=34,entriesCount=0,lastEntry=null
2020-07-01 13:14:18,282 [grpc-default-executor-0] DEBUG server.GrpcLogAppender (GrpcLogAppender.java:onNext(257)) - omNode-1@group-523986131536->omNode-2-AppendLogResponseHandler: received a reply omNode-1<-omNode-2#34:OK,SUCCESS,nextIndex:7,term:1,followerCommit:6, request=AppendEntriesRequest:cid=34,entriesCount=0,lastEntry=null
2020-07-01 13:14:18,640 [EventQueue-Delayed safe mode statusForReplicationManager] INFO  container.ReplicationManager (ReplicationManager.java:start(176)) - Starting Replication Monitor Thread.
2020-07-01 13:14:18,644 [ReplicationMonitor] INFO  container.ReplicationManager (ReplicationManager.java:run(240)) - Replication Monitor Thread took 0 milliseconds for processing 1 containers.
2020-07-01 13:14:18,644 [EventQueue-CloseContainerForCloseContainerEventHandler] INFO  container.CloseContainerEventHandler (CloseContainerEventHandler.java:onMessage(61)) - Close container Event triggered for container : #1
2020-07-01 13:14:18,782 [grpc-default-executor-0] INFO  ratis.OzoneManagerStateMachine (OzoneManagerStateMachine.java:getLatestSnapshot(147)) - Latest Snapshot Info 0#-1
2020-07-01 13:14:18,782 [grpc-default-executor-2] INFO  ratis.OzoneManagerStateMachine (OzoneManagerStateMachine.java:getLatestSnapshot(147)) - Latest Snapshot Info 0#-1
2020-07-01 13:14:18,783 [grpc-default-executor-2] DEBUG server.GrpcLogAppender (GrpcLogAppender.java:onNext(257)) - omNode-1@group-523986131536->omNode-2-AppendLogResponseHandler: received a reply omNode-1<-omNode-2#35:OK,SUCCESS,nextIndex:7,term:1,followerCommit:6, request=AppendEntriesRequest:cid=35,entriesCount=0,lastEntry=null
2020-07-01 13:14:18,784 [grpc-default-executor-2] DEBUG server.GrpcLogAppender (GrpcLogAppender.java:onNext(257)) - omNode-1@group-523986131536->omNode-3-AppendLogResponseHandler: received a reply omNode-1<-omNode-3#35:OK,SUCCESS,nextIndex:7,term:1,followerCommit:6, request=AppendEntriesRequest:cid=35,entriesCount=0,lastEntry=null
2020-07-01 13:14:19,287 [grpc-default-executor-0] INFO  ratis.OzoneManagerStateMachine (OzoneManagerStateMachine.java:getLatestSnapshot(147)) - Latest Snapshot Info 0#-1
2020-07-01 13:14:19,288 [grpc-default-executor-2] INFO  ratis.OzoneManagerStateMachine (OzoneManagerStateMachine.java:getLatestSnapshot(147)) - Latest Snapshot Info 0#-1
2020-07-01 13:14:19,290 [grpc-default-executor-0] DEBUG server.GrpcLogAppender (GrpcLogAppender.java:onNext(257)) - omNode-1@group-523986131536->omNode-3-AppendLogResponseHandler: received a reply omNode-1<-omNode-3#36:OK,SUCCESS,nextIndex:7,term:1,followerCommit:6, request=AppendEntriesRequest:cid=36,entriesCount=0,lastEntry=null
2020-07-01 13:14:19,291 [grpc-default-executor-2] DEBUG server.GrpcLogAppender (GrpcLogAppender.java:onNext(257)) - omNode-1@group-523986131536->omNode-2-AppendLogResponseHandler: received a reply omNode-1<-omNode-2#36:OK,SUCCESS,nextIndex:7,term:1,followerCommit:6, request=AppendEntriesRequest:cid=36,entriesCount=0,lastEntry=null
2020-07-01 13:14:19,791 [grpc-default-executor-2] INFO  ratis.OzoneManagerStateMachine (OzoneManagerStateMachine.java:getLatestSnapshot(147)) - Latest Snapshot Info 0#-1
2020-07-01 13:14:19,791 [grpc-default-executor-2] INFO  ratis.OzoneManagerStateMachine (OzoneManagerStateMachine.java:getLatestSnapshot(147)) - Latest Snapshot Info 0#-1
2020-07-01 13:14:19,792 [grpc-default-executor-2] DEBUG server.GrpcLogAppender (GrpcLogAppender.java:onNext(257)) - omNode-1@group-523986131536->omNode-3-AppendLogResponseHandler: received a reply omNode-1<-omNode-3#37:OK,SUCCESS,nextIndex:7,term:1,followerCommit:6, request=AppendEntriesRequest:cid=37,entriesCount=0,lastEntry=null
2020-07-01 13:14:19,792 [grpc-default-executor-2] DEBUG server.GrpcLogAppender (GrpcLogAppender.java:onNext(257)) - omNode-1@group-523986131536->omNode-2-AppendLogResponseHandler: received a reply omNode-1<-omNode-2#37:OK,SUCCESS,nextIndex:7,term:1,followerCommit:6, request=AppendEntriesRequest:cid=37,entriesCount=0,lastEntry=null
2020-07-01 13:14:20,293 [grpc-default-executor-2] INFO  ratis.OzoneManagerStateMachine (OzoneManagerStateMachine.java:getLatestSnapshot(147)) - Latest Snapshot Info 0#-1
2020-07-01 13:14:20,293 [grpc-default-executor-0] INFO  ratis.OzoneManagerStateMachine (OzoneManagerStateMachine.java:getLatestSnapshot(147)) - Latest Snapshot Info 0#-1
2020-07-01 13:14:20,294 [grpc-default-executor-0] DEBUG server.GrpcLogAppender (GrpcLogAppender.java:onNext(257)) - omNode-1@group-523986131536->omNode-3-AppendLogResponseHandler: received a reply omNode-1<-omNode-3#38:OK,SUCCESS,nextIndex:7,term:1,followerCommit:6, request=AppendEntriesRequest:cid=38,entriesCount=0,lastEntry=null
2020-07-01 13:14:20,294 [grpc-default-executor-2] DEBUG server.GrpcLogAppender (GrpcLogAppender.java:onNext(257)) - omNode-1@group-523986131536->omNode-2-AppendLogResponseHandler: received a reply omNode-1<-omNode-2#38:OK,SUCCESS,nextIndex:7,term:1,followerCommit:6, request=AppendEntriesRequest:cid=38,entriesCount=0,lastEntry=null
2020-07-01 13:14:20,696 [grpc-default-executor-2] DEBUG server.GrpcLogAppender (GrpcLogAppender.java:onNext(257)) - 5d36b0ac-9f7b-45e8-b885-e8514940a378@group-27E4BCC3A540->2e054850-ba10-443b-bf2f-768eb7b2f82b-AppendLogResponseHandler: received a reply 5d36b0ac-9f7b-45e8-b885-e8514940a378<-2e054850-ba10-443b-bf2f-768eb7b2f82b#3:OK,SUCCESS,nextIndex:1,term:1,followerCommit:0, request=AppendEntriesRequest:cid=3,entriesCount=0,lastEntry=null
2020-07-01 13:14:20,699 [grpc-default-executor-2] DEBUG server.GrpcLogAppender (GrpcLogAppender.java:onNext(257)) - 5d36b0ac-9f7b-45e8-b885-e8514940a378@group-27E4BCC3A540->12959356-53c4-4807-9d4f-3fbf974abe92-AppendLogResponseHandler: received a reply 5d36b0ac-9f7b-45e8-b885-e8514940a378<-12959356-53c4-4807-9d4f-3fbf974abe92#3:OK,SUCCESS,nextIndex:1,term:1,followerCommit:0, request=AppendEntriesRequest:cid=3,entriesCount=0,lastEntry=null
2020-07-01 13:14:20,795 [grpc-default-executor-0] INFO  ratis.OzoneManagerStateMachine (OzoneManagerStateMachine.java:getLatestSnapshot(147)) - Latest Snapshot Info 0#-1
2020-07-01 13:14:20,795 [grpc-default-executor-2] INFO  ratis.OzoneManagerStateMachine (OzoneManagerStateMachine.java:getLatestSnapshot(147)) - Latest Snapshot Info 0#-1
2020-07-01 13:14:20,796 [grpc-default-executor-2] DEBUG server.GrpcLogAppender (GrpcLogAppender.java:onNext(257)) - omNode-1@group-523986131536->omNode-3-AppendLogResponseHandler: received a reply omNode-1<-omNode-3#39:OK,SUCCESS,nextIndex:7,term:1,followerCommit:6, request=AppendEntriesRequest:cid=39,entriesCount=0,lastEntry=null
2020-07-01 13:14:20,797 [grpc-default-executor-2] DEBUG server.GrpcLogAppender (GrpcLogAppender.java:onNext(257)) - omNode-1@group-523986131536->omNode-2-AppendLogResponseHandler: received a reply omNode-1<-omNode-2#39:OK,SUCCESS,nextIndex:7,term:1,followerCommit:6, request=AppendEntriesRequest:cid=39,entriesCount=0,lastEntry=null
2020-07-01 13:14:20,802 [Command processor thread] ERROR commandhandler.CloseContainerCommandHandler (CloseContainerCommandHandler.java:handle(85)) - Container #1 does not exist in datanode. Container close failed.
2020-07-01 13:14:21,297 [grpc-default-executor-2] INFO  ratis.OzoneManagerStateMachine (OzoneManagerStateMachine.java:getLatestSnapshot(147)) - Latest Snapshot Info 0#-1
2020-07-01 13:14:21,298 [grpc-default-executor-2] INFO  ratis.OzoneManagerStateMachine (OzoneManagerStateMachine.java:getLatestSnapshot(147)) - Latest Snapshot Info 0#-1
2020-07-01 13:14:21,299 [grpc-default-executor-2] DEBUG server.GrpcLogAppender (GrpcLogAppender.java:onNext(257)) - omNode-1@group-523986131536->omNode-3-AppendLogResponseHandler: received a reply omNode-1<-omNode-3#40:OK,SUCCESS,nextIndex:7,term:1,followerCommit:6, request=AppendEntriesRequest:cid=40,entriesCount=0,lastEntry=null
2020-07-01 13:14:21,299 [grpc-default-executor-2] DEBUG server.GrpcLogAppender (GrpcLogAppender.java:onNext(257)) - omNode-1@group-523986131536->omNode-2-AppendLogResponseHandler: received a reply omNode-1<-omNode-2#40:OK,SUCCESS,nextIndex:7,term:1,followerCommit:6, request=AppendEntriesRequest:cid=40,entriesCount=0,lastEntry=null
2020-07-01 13:14:21,800 [grpc-default-executor-2] INFO  ratis.OzoneManagerStateMachine (OzoneManagerStateMachine.java:getLatestSnapshot(147)) - Latest Snapshot Info 0#-1
2020-07-01 13:14:21,800 [grpc-default-executor-0] INFO  ratis.OzoneManagerStateMachine (OzoneManagerStateMachine.java:getLatestSnapshot(147)) - Latest Snapshot Info 0#-1
2020-07-01 13:14:21,801 [grpc-default-executor-0] DEBUG server.GrpcLogAppender (GrpcLogAppender.java:onNext(257)) - omNode-1@group-523986131536->omNode-3-AppendLogResponseHandler: received a reply omNode-1<-omNode-3#41:OK,SUCCESS,nextIndex:7,term:1,followerCommit:6, request=AppendEntriesRequest:cid=41,entriesCount=0,lastEntry=null
2020-07-01 13:14:21,803 [grpc-default-executor-0] DEBUG server.GrpcLogAppender (GrpcLogAppender.java:onNext(257)) - omNode-1@group-523986131536->omNode-2-AppendLogResponseHandler: received a reply omNode-1<-omNode-2#41:OK,SUCCESS,nextIndex:7,term:1,followerCommit:6, request=AppendEntriesRequest:cid=41,entriesCount=0,lastEntry=null
2020-07-01 13:14:22,302 [grpc-default-executor-0] INFO  ratis.OzoneManagerStateMachine (OzoneManagerStateMachine.java:getLatestSnapshot(147)) - Latest Snapshot Info 0#-1
2020-07-01 13:14:22,303 [grpc-default-executor-0] DEBUG server.GrpcLogAppender (GrpcLogAppender.java:onNext(257)) - omNode-1@group-523986131536->omNode-3-AppendLogResponseHandler: received a reply omNode-1<-omNode-3#42:OK,SUCCESS,nextIndex:7,term:1,followerCommit:6, request=AppendEntriesRequest:cid=42,entriesCount=0,lastEntry=null
2020-07-01 13:14:22,304 [grpc-default-executor-0] INFO  ratis.OzoneManagerStateMachine (OzoneManagerStateMachine.java:getLatestSnapshot(147)) - Latest Snapshot Info 0#-1
2020-07-01 13:14:22,305 [grpc-default-executor-0] DEBUG server.GrpcLogAppender (GrpcLogAppender.java:onNext(257)) - omNode-1@group-523986131536->omNode-2-AppendLogResponseHandler: received a reply omNode-1<-omNode-2#42:OK,SUCCESS,nextIndex:7,term:1,followerCommit:6, request=AppendEntriesRequest:cid=42,entriesCount=0,lastEntry=null
2020-07-01 13:14:22,429 [grpc-default-executor-0] DEBUG impl.RaftServerImpl (RaftServerImpl.java:submitClientRequestAsync(575)) - 2e054850-ba10-443b-bf2f-768eb7b2f82b@group-5FE5A30660EC: receive client request(RaftClientRequest:client-00D30B30B08F->2e054850-ba10-443b-bf2f-768eb7b2f82b@group-5FE5A30660EC, cid=26, seq=1*, Watch(0), Message:<EMPTY>)
2020-07-01 13:14:22,429 [grpc-default-executor-0] DEBUG impl.RaftServerImpl (LeaderState.java:addWatchReqeust(353)) - 2e054850-ba10-443b-bf2f-768eb7b2f82b@group-5FE5A30660EC-LeaderState: addWatchRequest RaftClientRequest:client-00D30B30B08F->2e054850-ba10-443b-bf2f-768eb7b2f82b@group-5FE5A30660EC, cid=26, seq=1*, Watch(0), Message:<EMPTY>
2020-07-01 13:14:22,432 [grpc-default-executor-2] DEBUG impl.RaftServerImpl (RaftServerImpl.java:submitClientRequestAsync(575)) - 2e054850-ba10-443b-bf2f-768eb7b2f82b@group-5FE5A30660EC: receive client request(RaftClientRequest:client-00D30B30B08F->2e054850-ba10-443b-bf2f-768eb7b2f82b@group-5FE5A30660EC, cid=27, seq=2, RW, Message:0000006f080c12001801...(size=126))
2020-07-01 13:14:22,433 [grpc-default-executor-2] DEBUG impl.RaftServerImpl (LeaderState.java:addPendingRequest(335)) - 2e054850-ba10-443b-bf2f-768eb7b2f82b@group-5FE5A30660EC-LeaderState: addPendingRequest at RaftClientRequest:client-00D30B30B08F->2e054850-ba10-443b-bf2f-768eb7b2f82b@group-5FE5A30660EC, cid=27, seq=2, RW, Message:0000006f080c12001801...(size=126), entry=(t:1, i:1), STATEMACHINELOGENTRY, client-00D30B30B08F, cid=27
2020-07-01 13:14:22,434 [grpc-default-executor-2] DEBUG impl.RaftServerImpl (RaftServerImpl.java:submitClientRequestAsync(575)) - 2e054850-ba10-443b-bf2f-768eb7b2f82b@group-5FE5A30660EC: receive client request(RaftClientRequest:client-00D30B30B08F->2e054850-ba10-443b-bf2f-768eb7b2f82b@group-5FE5A30660EC, cid=28, seq=3, RW, Message:0000007f080612001801...(size=131))
2020-07-01 13:14:22,434 [grpc-default-executor-2] DEBUG impl.RaftServerImpl (LeaderState.java:addPendingRequest(335)) - 2e054850-ba10-443b-bf2f-768eb7b2f82b@group-5FE5A30660EC-LeaderState: addPendingRequest at RaftClientRequest:client-00D30B30B08F->2e054850-ba10-443b-bf2f-768eb7b2f82b@group-5FE5A30660EC, cid=28, seq=3, RW, Message:0000007f080612001801...(size=131), entry=(t:1, i:2), STATEMACHINELOGENTRY, client-00D30B30B08F, cid=28
2020-07-01 13:14:22,454 [IPC Server handler 5 on default port 10600] DEBUG impl.RaftServerImpl (RaftServerImpl.java:submitClientRequestAsync(575)) - omNode-1@group-523986131536: receive client request(RaftClientRequest:client-ECC34336769D->omNode-1@group-523986131536, cid=131, seq=0, RW, Message:082412001a13636c6965...(size=422))
2020-07-01 13:14:22,454 [IPC Server handler 5 on default port 10600] DEBUG impl.RaftServerImpl (LeaderState.java:addPendingRequest(335)) - omNode-1@group-523986131536-LeaderState: addPendingRequest at RaftClientRequest:client-ECC34336769D->omNode-1@group-523986131536, cid=131, seq=0, RW, Message:082412001a13636c6965...(size=422), entry=(t:1, i:7), STATEMACHINELOGENTRY, client-ECC34336769D, cid=131
2020-07-01 13:14:22,455 [grpc-default-executor-0] DEBUG impl.RaftServerImpl (RaftServerImpl.java:logAppendEntries(928)) - omNode-2@group-523986131536: receive appendEntries(omNode-1, 1, (t:1, i:6), 6, false, commits[omNode-1:c6, omNode-3:c6, omNode-2:c6], entries: (t:1, i:7), STATEMACHINELOGENTRY, client-ECC34336769D, cid=131
2020-07-01 13:14:22,455 [grpc-default-executor-0] INFO  ratis.OzoneManagerStateMachine (OzoneManagerStateMachine.java:getLatestSnapshot(147)) - Latest Snapshot Info 0#-1
2020-07-01 13:14:22,455 [grpc-default-executor-0] INFO  ratis.OzoneManagerStateMachine (OzoneManagerStateMachine.java:getLatestSnapshot(147)) - Latest Snapshot Info 0#-1
2020-07-01 13:14:22,456 [grpc-default-executor-2] DEBUG impl.RaftServerImpl (RaftServerImpl.java:logAppendEntries(928)) - omNode-3@group-523986131536: receive appendEntries(omNode-1, 1, (t:1, i:6), 6, false, commits[omNode-1:c6, omNode-3:c6, omNode-2:c6], entries: (t:1, i:7), STATEMACHINELOGENTRY, client-ECC34336769D, cid=131
2020-07-01 13:14:22,456 [grpc-default-executor-2] INFO  ratis.OzoneManagerStateMachine (OzoneManagerStateMachine.java:getLatestSnapshot(147)) - Latest Snapshot Info 0#-1
2020-07-01 13:14:22,456 [grpc-default-executor-2] INFO  ratis.OzoneManagerStateMachine (OzoneManagerStateMachine.java:getLatestSnapshot(147)) - Latest Snapshot Info 0#-1
2020-07-01 13:14:22,460 [Thread-2226] DEBUG impl.RaftServerImpl (RaftServerImpl.java:logAppendEntries(928)) - omNode-2@group-523986131536: succeeded to handle AppendEntries. Reply: omNode-1<-omNode-2#43:OK,SUCCESS,nextIndex:8,term:1,followerCommit:6
2020-07-01 13:14:22,461 [Thread-2227] DEBUG impl.RaftServerImpl (RaftServerImpl.java:logAppendEntries(928)) - omNode-3@group-523986131536: succeeded to handle AppendEntries. Reply: omNode-1<-omNode-3#43:OK,SUCCESS,nextIndex:8,term:1,followerCommit:6
2020-07-01 13:14:22,461 [grpc-default-executor-2] DEBUG server.GrpcLogAppender (GrpcLogAppender.java:onNext(257)) - omNode-1@group-523986131536->omNode-2-AppendLogResponseHandler: received a reply omNode-1<-omNode-2#43:OK,SUCCESS,nextIndex:8,term:1,followerCommit:6, request=AppendEntriesRequest:cid=43,entriesCount=1,lastEntry=(t:1, i:7)
2020-07-01 13:14:22,461 [grpc-default-executor-0] DEBUG server.GrpcLogAppender (GrpcLogAppender.java:onNext(257)) - omNode-1@group-523986131536->omNode-3-AppendLogResponseHandler: received a reply omNode-1<-omNode-3#43:OK,SUCCESS,nextIndex:8,term:1,followerCommit:6, request=AppendEntriesRequest:cid=43,entriesCount=1,lastEntry=(t:1, i:7)
2020-07-01 13:14:22,462 [grpc-default-executor-2] DEBUG impl.RaftServerImpl (RaftServerImpl.java:logAppendEntries(928)) - omNode-2@group-523986131536: receive appendEntries(omNode-1, 1, (t:1, i:7), 7, false, commits[omNode-1:c7, omNode-3:c6, omNode-2:c6], entries: (t:1, i:8), METADATAENTRY(c:7)
2020-07-01 13:14:22,462 [grpc-default-executor-2] INFO  ratis.OzoneManagerStateMachine (OzoneManagerStateMachine.java:getLatestSnapshot(147)) - Latest Snapshot Info 0#-1
2020-07-01 13:14:22,462 [grpc-default-executor-2] INFO  ratis.OzoneManagerStateMachine (OzoneManagerStateMachine.java:getLatestSnapshot(147)) - Latest Snapshot Info 0#-1
2020-07-01 13:14:22,463 [grpc-default-executor-0] DEBUG impl.RaftServerImpl (RaftServerImpl.java:logAppendEntries(928)) - omNode-3@group-523986131536: receive appendEntries(omNode-1, 1, (t:1, i:7), 7, false, commits[omNode-1:c7, omNode-3:c6, omNode-2:c6], entries: (t:1, i:8), METADATAENTRY(c:7)
2020-07-01 13:14:22,463 [grpc-default-executor-0] INFO  ratis.OzoneManagerStateMachine (OzoneManagerStateMachine.java:getLatestSnapshot(147)) - Latest Snapshot Info 0#-1
2020-07-01 13:14:22,463 [grpc-default-executor-0] INFO  ratis.OzoneManagerStateMachine (OzoneManagerStateMachine.java:getLatestSnapshot(147)) - Latest Snapshot Info 0#-1
2020-07-01 13:14:22,464 [Thread-2228] DEBUG impl.RaftServerImpl (RaftServerImpl.java:logAppendEntries(928)) - omNode-2@group-523986131536: succeeded to handle AppendEntries. Reply: omNode-1<-omNode-2#44:OK,SUCCESS,nextIndex:9,term:1,followerCommit:7
2020-07-01 13:14:22,465 [Thread-2229] DEBUG impl.RaftServerImpl (RaftServerImpl.java:logAppendEntries(928)) - omNode-3@group-523986131536: succeeded to handle AppendEntries. Reply: omNode-1<-omNode-3#44:OK,SUCCESS,nextIndex:9,term:1,followerCommit:7
2020-07-01 13:14:22,465 [grpc-default-executor-0] DEBUG server.GrpcLogAppender (GrpcLogAppender.java:onNext(257)) - omNode-1@group-523986131536->omNode-3-AppendLogResponseHandler: received a reply omNode-1<-omNode-3#44:OK,SUCCESS,nextIndex:9,term:1,followerCommit:7, request=AppendEntriesRequest:cid=44,entriesCount=1,lastEntry=(t:1, i:8)
2020-07-01 13:14:22,465 [grpc-default-executor-2] DEBUG server.GrpcLogAppender (GrpcLogAppender.java:onNext(257)) - omNode-1@group-523986131536->omNode-2-AppendLogResponseHandler: received a reply omNode-1<-omNode-2#44:OK,SUCCESS,nextIndex:9,term:1,followerCommit:7, request=AppendEntriesRequest:cid=44,entriesCount=1,lastEntry=(t:1, i:8)
2020-07-01 13:14:22,484 [IPC Server handler 4 on default port 10600] DEBUG impl.RaftServerImpl (RaftServerImpl.java:submitClientRequestAsync(575)) - omNode-1@group-523986131536: receive client request(RaftClientRequest:client-ECC34336769D->omNode-1@group-523986131536, cid=132, seq=0, RW, Message:084812001a13636c6965...(size=473))
2020-07-01 13:14:22,484 [IPC Server handler 4 on default port 10600] DEBUG impl.RaftServerImpl (LeaderState.java:addPendingRequest(335)) - omNode-1@group-523986131536-LeaderState: addPendingRequest at RaftClientRequest:client-ECC34336769D->omNode-1@group-523986131536, cid=132, seq=0, RW, Message:084812001a13636c6965...(size=473), entry=(t:1, i:9), STATEMACHINELOGENTRY, client-ECC34336769D, cid=132
2020-07-01 13:14:22,485 [grpc-default-executor-2] DEBUG impl.RaftServerImpl (RaftServerImpl.java:logAppendEntries(928)) - omNode-3@group-523986131536: receive appendEntries(omNode-1, 1, (t:1, i:8), 8, false, commits[omNode-1:c8, omNode-3:c7, omNode-2:c7], entries: (t:1, i:9), STATEMACHINELOGENTRY, client-ECC34336769D, cid=132
2020-07-01 13:14:22,485 [grpc-default-executor-2] INFO  ratis.OzoneManagerStateMachine (OzoneManagerStateMachine.java:getLatestSnapshot(147)) - Latest Snapshot Info 0#-1
2020-07-01 13:14:22,485 [grpc-default-executor-2] INFO  ratis.OzoneManagerStateMachine (OzoneManagerStateMachine.java:getLatestSnapshot(147)) - Latest Snapshot Info 0#-1
2020-07-01 13:14:22,485 [grpc-default-executor-0] DEBUG impl.RaftServerImpl (RaftServerImpl.java:logAppendEntries(928)) - omNode-2@group-523986131536: receive appendEntries(omNode-1, 1, (t:1, i:8), 8, false, commits[omNode-1:c8, omNode-3:c7, omNode-2:c7], entries: (t:1, i:9), STATEMACHINELOGENTRY, client-ECC34336769D, cid=132
2020-07-01 13:14:22,486 [grpc-default-executor-0] INFO  ratis.OzoneManagerStateMachine (OzoneManagerStateMachine.java:getLatestSnapshot(147)) - Latest Snapshot Info 0#-1
2020-07-01 13:14:22,486 [grpc-default-executor-0] INFO  ratis.OzoneManagerStateMachine (OzoneManagerStateMachine.java:getLatestSnapshot(147)) - Latest Snapshot Info 0#-1
2020-07-01 13:14:22,486 [Thread-2231] DEBUG impl.RaftServerImpl (RaftServerImpl.java:logAppendEntries(928)) - omNode-2@group-523986131536: succeeded to handle AppendEntries. Reply: omNode-1<-omNode-2#45:OK,SUCCESS,nextIndex:10,term:1,followerCommit:8
2020-07-01 13:14:22,487 [grpc-default-executor-0] DEBUG server.GrpcLogAppender (GrpcLogAppender.java:onNext(257)) - omNode-1@group-523986131536->omNode-2-AppendLogResponseHandler: received a reply omNode-1<-omNode-2#45:OK,SUCCESS,nextIndex:10,term:1,followerCommit:8, request=AppendEntriesRequest:cid=45,entriesCount=1,lastEntry=(t:1, i:9)
2020-07-01 13:14:22,487 [grpc-default-executor-0] DEBUG impl.RaftServerImpl (RaftServerImpl.java:logAppendEntries(928)) - omNode-2@group-523986131536: receive appendEntries(omNode-1, 1, (t:1, i:9), 9, false, commits[omNode-1:c9, omNode-3:c7, omNode-2:c8], entries: (t:1, i:10), METADATAENTRY(c:9)
2020-07-01 13:14:22,488 [grpc-default-executor-0] INFO  ratis.OzoneManagerStateMachine (OzoneManagerStateMachine.java:getLatestSnapshot(147)) - Latest Snapshot Info 0#-1
2020-07-01 13:14:22,488 [grpc-default-executor-0] INFO  ratis.OzoneManagerStateMachine (OzoneManagerStateMachine.java:getLatestSnapshot(147)) - Latest Snapshot Info 0#-1
2020-07-01 13:14:22,488 [grpc-default-executor-0] DEBUG impl.RaftServerImpl (RaftServerImpl.java:logAppendEntries(928)) - omNode-3@group-523986131536: receive appendEntries(omNode-1, 1, (t:1, i:9), 9, false, commits[omNode-1:c9, omNode-3:c7, omNode-2:c8], entries: (t:1, i:10), METADATAENTRY(c:9)
2020-07-01 13:14:22,489 [grpc-default-executor-0] INFO  ratis.OzoneManagerStateMachine (OzoneManagerStateMachine.java:getLatestSnapshot(147)) - Latest Snapshot Info 0#-1
2020-07-01 13:14:22,489 [grpc-default-executor-0] INFO  ratis.OzoneManagerStateMachine (OzoneManagerStateMachine.java:getLatestSnapshot(147)) - Latest Snapshot Info 0#-1
2020-07-01 13:14:22,493 [Thread-2232] DEBUG impl.RaftServerImpl (RaftServerImpl.java:logAppendEntries(928)) - omNode-3@group-523986131536: succeeded to handle AppendEntries. Reply: omNode-1<-omNode-3#45:OK,SUCCESS,nextIndex:10,term:1,followerCommit:8
2020-07-01 13:14:22,493 [grpc-default-executor-0] DEBUG server.GrpcLogAppender (GrpcLogAppender.java:onNext(257)) - omNode-1@group-523986131536->omNode-3-AppendLogResponseHandler: received a reply omNode-1<-omNode-3#45:OK,SUCCESS,nextIndex:10,term:1,followerCommit:8, request=AppendEntriesRequest:cid=45,entriesCount=1,lastEntry=(t:1, i:9)
2020-07-01 13:14:22,495 [grpc-default-executor-0] DEBUG impl.RaftServerImpl (RaftServerImpl.java:submitClientRequestAsync(575)) - 5d36b0ac-9f7b-45e8-b885-e8514940a378@group-1115F982B890: receive client request(RaftClientRequest:client-050685CAE391->5d36b0ac-9f7b-45e8-b885-e8514940a378@group-1115F982B890, cid=29, seq=1*, Watch(0), Message:<EMPTY>)
2020-07-01 13:14:22,495 [grpc-default-executor-0] DEBUG impl.RaftServerImpl (LeaderState.java:addWatchReqeust(353)) - 5d36b0ac-9f7b-45e8-b885-e8514940a378@group-1115F982B890-LeaderState: addWatchRequest RaftClientRequest:client-050685CAE391->5d36b0ac-9f7b-45e8-b885-e8514940a378@group-1115F982B890, cid=29, seq=1*, Watch(0), Message:<EMPTY>
2020-07-01 13:14:22,495 [Thread-2233] DEBUG impl.RaftServerImpl (RaftServerImpl.java:logAppendEntries(928)) - omNode-2@group-523986131536: succeeded to handle AppendEntries. Reply: omNode-1<-omNode-2#46:OK,SUCCESS,nextIndex:11,term:1,followerCommit:9
2020-07-01 13:14:22,496 [grpc-default-executor-2] DEBUG server.GrpcLogAppender (GrpcLogAppender.java:onNext(257)) - omNode-1@group-523986131536->omNode-2-AppendLogResponseHandler: received a reply omNode-1<-omNode-2#46:OK,SUCCESS,nextIndex:11,term:1,followerCommit:9, request=AppendEntriesRequest:cid=46,entriesCount=1,lastEntry=(t:1, i:10)
2020-07-01 13:14:22,497 [Thread-2234] DEBUG impl.RaftServerImpl (RaftServerImpl.java:logAppendEntries(928)) - omNode-3@group-523986131536: succeeded to handle AppendEntries. Reply: omNode-1<-omNode-3#46:OK,SUCCESS,nextIndex:11,term:1,followerCommit:9
2020-07-01 13:14:22,498 [grpc-default-executor-2] DEBUG server.GrpcLogAppender (GrpcLogAppender.java:onNext(257)) - omNode-1@group-523986131536->omNode-3-AppendLogResponseHandler: received a reply omNode-1<-omNode-3#46:OK,SUCCESS,nextIndex:11,term:1,followerCommit:9, request=AppendEntriesRequest:cid=46,entriesCount=1,lastEntry=(t:1, i:10)
2020-07-01 13:14:22,511 [grpc-default-executor-0] DEBUG impl.RaftServerImpl (RaftServerImpl.java:submitClientRequestAsync(575)) - 5d36b0ac-9f7b-45e8-b885-e8514940a378@group-1115F982B890: receive client request(RaftClientRequest:client-050685CAE391->5d36b0ac-9f7b-45e8-b885-e8514940a378@group-1115F982B890, cid=30, seq=2, RW, Message:0000006f080c12001802...(size=126))
2020-07-01 13:14:22,512 [grpc-default-executor-0] DEBUG impl.RaftServerImpl (LeaderState.java:addPendingRequest(335)) - 5d36b0ac-9f7b-45e8-b885-e8514940a378@group-1115F982B890-LeaderState: addPendingRequest at RaftClientRequest:client-050685CAE391->5d36b0ac-9f7b-45e8-b885-e8514940a378@group-1115F982B890, cid=30, seq=2, RW, Message:0000006f080c12001802...(size=126), entry=(t:1, i:1), STATEMACHINELOGENTRY, client-050685CAE391, cid=30
2020-07-01 13:14:22,514 [grpc-default-executor-0] DEBUG impl.RaftServerImpl (RaftServerImpl.java:submitClientRequestAsync(575)) - 5d36b0ac-9f7b-45e8-b885-e8514940a378@group-1115F982B890: receive client request(RaftClientRequest:client-050685CAE391->5d36b0ac-9f7b-45e8-b885-e8514940a378@group-1115F982B890, cid=31, seq=3, RW, Message:0000007f080612001802...(size=131))
2020-07-01 13:14:22,515 [grpc-default-executor-0] DEBUG impl.RaftServerImpl (LeaderState.java:addPendingRequest(335)) - 5d36b0ac-9f7b-45e8-b885-e8514940a378@group-1115F982B890-LeaderState: addPendingRequest at RaftClientRequest:client-050685CAE391->5d36b0ac-9f7b-45e8-b885-e8514940a378@group-1115F982B890, cid=31, seq=3, RW, Message:0000007f080612001802...(size=131), entry=(t:1, i:2), STATEMACHINELOGENTRY, client-050685CAE391, cid=31
2020-07-01 13:14:22,539 [IPC Server handler 3 on default port 10600] DEBUG impl.RaftServerImpl (RaftServerImpl.java:submitClientRequestAsync(575)) - omNode-1@group-523986131536: receive client request(RaftClientRequest:client-ECC34336769D->omNode-1@group-523986131536, cid=133, seq=0, RW, Message:082412001a13636c6965...(size=422))
2020-07-01 13:14:22,539 [IPC Server handler 3 on default port 10600] DEBUG impl.RaftServerImpl (LeaderState.java:addPendingRequest(335)) - omNode-1@group-523986131536-LeaderState: addPendingRequest at RaftClientRequest:client-ECC34336769D->omNode-1@group-523986131536, cid=133, seq=0, RW, Message:082412001a13636c6965...(size=422), entry=(t:1, i:11), STATEMACHINELOGENTRY, client-ECC34336769D, cid=133
2020-07-01 13:14:22,540 [grpc-default-executor-0] DEBUG impl.RaftServerImpl (RaftServerImpl.java:logAppendEntries(928)) - omNode-2@group-523986131536: receive appendEntries(omNode-1, 1, (t:1, i:10), 10, false, commits[omNode-1:c10, omNode-3:c9, omNode-2:c9], entries: (t:1, i:11), STATEMACHINELOGENTRY, client-ECC34336769D, cid=133
2020-07-01 13:14:22,540 [grpc-default-executor-0] INFO  ratis.OzoneManagerStateMachine (OzoneManagerStateMachine.java:getLatestSnapshot(147)) - Latest Snapshot Info 0#-1
2020-07-01 13:14:22,540 [grpc-default-executor-0] INFO  ratis.OzoneManagerStateMachine (OzoneManagerStateMachine.java:getLatestSnapshot(147)) - Latest Snapshot Info 0#-1
2020-07-01 13:14:22,540 [grpc-default-executor-2] DEBUG impl.RaftServerImpl (RaftServerImpl.java:logAppendEntries(928)) - omNode-3@group-523986131536: receive appendEntries(omNode-1, 1, (t:1, i:10), 10, false, commits[omNode-1:c10, omNode-3:c9, omNode-2:c9], entries: (t:1, i:11), STATEMACHINELOGENTRY, client-ECC34336769D, cid=133
2020-07-01 13:14:22,540 [grpc-default-executor-2] INFO  ratis.OzoneManagerStateMachine (OzoneManagerStateMachine.java:getLatestSnapshot(147)) - Latest Snapshot Info 0#-1
2020-07-01 13:14:22,540 [grpc-default-executor-2] INFO  ratis.OzoneManagerStateMachine (OzoneManagerStateMachine.java:getLatestSnapshot(147)) - Latest Snapshot Info 0#-1
2020-07-01 13:14:22,541 [Thread-2239] DEBUG impl.RaftServerImpl (RaftServerImpl.java:logAppendEntries(928)) - omNode-3@group-523986131536: succeeded to handle AppendEntries. Reply: omNode-1<-omNode-3#47:OK,SUCCESS,nextIndex:12,term:1,followerCommit:10
2020-07-01 13:14:22,541 [Thread-2240] DEBUG impl.RaftServerImpl (RaftServerImpl.java:logAppendEntries(928)) - omNode-2@group-523986131536: succeeded to handle AppendEntries. Reply: omNode-1<-omNode-2#47:OK,SUCCESS,nextIndex:12,term:1,followerCommit:10
2020-07-01 13:14:22,542 [grpc-default-executor-0] DEBUG server.GrpcLogAppender (GrpcLogAppender.java:onNext(257)) - omNode-1@group-523986131536->omNode-3-AppendLogResponseHandler: received a reply omNode-1<-omNode-3#47:OK,SUCCESS,nextIndex:12,term:1,followerCommit:10, request=AppendEntriesRequest:cid=47,entriesCount=1,lastEntry=(t:1, i:11)
2020-07-01 13:14:22,545 [grpc-default-executor-0] DEBUG server.GrpcLogAppender (GrpcLogAppender.java:onNext(257)) - omNode-1@group-523986131536->omNode-2-AppendLogResponseHandler: received a reply omNode-1<-omNode-2#47:OK,SUCCESS,nextIndex:12,term:1,followerCommit:10, request=AppendEntriesRequest:cid=47,entriesCount=1,lastEntry=(t:1, i:11)
2020-07-01 13:14:22,551 [grpc-default-executor-0] DEBUG impl.RaftServerImpl (RaftServerImpl.java:logAppendEntries(928)) - omNode-3@group-523986131536: receive appendEntries(omNode-1, 1, (t:1, i:11), 11, false, commits[omNode-1:c11, omNode-3:c10, omNode-2:c10], entries: (t:1, i:12), METADATAENTRY(c:11)
2020-07-01 13:14:22,552 [grpc-default-executor-0] INFO  ratis.OzoneManagerStateMachine (OzoneManagerStateMachine.java:getLatestSnapshot(147)) - Latest Snapshot Info 0#-1
2020-07-01 13:14:22,552 [grpc-default-executor-0] INFO  ratis.OzoneManagerStateMachine (OzoneManagerStateMachine.java:getLatestSnapshot(147)) - Latest Snapshot Info 0#-1
2020-07-01 13:14:22,553 [grpc-default-executor-0] DEBUG impl.RaftServerImpl (RaftServerImpl.java:logAppendEntries(928)) - omNode-2@group-523986131536: receive appendEntries(omNode-1, 1, (t:1, i:11), 11, false, commits[omNode-1:c11, omNode-3:c10, omNode-2:c10], entries: (t:1, i:12), METADATAENTRY(c:11)
2020-07-01 13:14:22,553 [grpc-default-executor-0] INFO  ratis.OzoneManagerStateMachine (OzoneManagerStateMachine.java:getLatestSnapshot(147)) - Latest Snapshot Info 0#-1
2020-07-01 13:14:22,553 [grpc-default-executor-0] INFO  ratis.OzoneManagerStateMachine (OzoneManagerStateMachine.java:getLatestSnapshot(147)) - Latest Snapshot Info 0#-1
2020-07-01 13:14:22,562 [Thread-2241] DEBUG impl.RaftServerImpl (RaftServerImpl.java:logAppendEntries(928)) - omNode-3@group-523986131536: succeeded to handle AppendEntries. Reply: omNode-1<-omNode-3#48:OK,SUCCESS,nextIndex:13,term:1,followerCommit:11
2020-07-01 13:14:22,563 [grpc-default-executor-0] DEBUG server.GrpcLogAppender (GrpcLogAppender.java:onNext(257)) - omNode-1@group-523986131536->omNode-3-AppendLogResponseHandler: received a reply omNode-1<-omNode-3#48:OK,SUCCESS,nextIndex:13,term:1,followerCommit:11, request=AppendEntriesRequest:cid=48,entriesCount=1,lastEntry=(t:1, i:12)
2020-07-01 13:14:22,563 [Thread-2242] DEBUG impl.RaftServerImpl (RaftServerImpl.java:logAppendEntries(928)) - omNode-2@group-523986131536: succeeded to handle AppendEntries. Reply: omNode-1<-omNode-2#48:OK,SUCCESS,nextIndex:13,term:1,followerCommit:11
2020-07-01 13:14:22,565 [grpc-default-executor-2] DEBUG server.GrpcLogAppender (GrpcLogAppender.java:onNext(257)) - omNode-1@group-523986131536->omNode-2-AppendLogResponseHandler: received a reply omNode-1<-omNode-2#48:OK,SUCCESS,nextIndex:13,term:1,followerCommit:11, request=AppendEntriesRequest:cid=48,entriesCount=1,lastEntry=(t:1, i:12)
2020-07-01 13:14:22,573 [IPC Server handler 13 on default port 10600] DEBUG impl.RaftServerImpl (RaftServerImpl.java:submitClientRequestAsync(575)) - omNode-1@group-523986131536: receive client request(RaftClientRequest:client-ECC34336769D->omNode-1@group-523986131536, cid=134, seq=0, RW, Message:084812001a13636c6965...(size=473))
2020-07-01 13:14:22,574 [IPC Server handler 13 on default port 10600] DEBUG impl.RaftServerImpl (LeaderState.java:addPendingRequest(335)) - omNode-1@group-523986131536-LeaderState: addPendingRequest at RaftClientRequest:client-ECC34336769D->omNode-1@group-523986131536, cid=134, seq=0, RW, Message:084812001a13636c6965...(size=473), entry=(t:1, i:13), STATEMACHINELOGENTRY, client-ECC34336769D, cid=134
2020-07-01 13:14:22,574 [grpc-default-executor-0] DEBUG impl.RaftServerImpl (RaftServerImpl.java:logAppendEntries(928)) - omNode-2@group-523986131536: receive appendEntries(omNode-1, 1, (t:1, i:12), 12, false, commits[omNode-1:c12, omNode-3:c11, omNode-2:c11], entries: (t:1, i:13), STATEMACHINELOGENTRY, client-ECC34336769D, cid=134
2020-07-01 13:14:22,574 [grpc-default-executor-2] DEBUG impl.RaftServerImpl (RaftServerImpl.java:logAppendEntries(928)) - omNode-3@group-523986131536: receive appendEntries(omNode-1, 1, (t:1, i:12), 12, false, commits[omNode-1:c12, omNode-3:c11, omNode-2:c11], entries: (t:1, i:13), STATEMACHINELOGENTRY, client-ECC34336769D, cid=134
2020-07-01 13:14:22,575 [grpc-default-executor-2] INFO  ratis.OzoneManagerStateMachine (OzoneManagerStateMachine.java:getLatestSnapshot(147)) - Latest Snapshot Info 0#-1
2020-07-01 13:14:22,575 [grpc-default-executor-2] INFO  ratis.OzoneManagerStateMachine (OzoneManagerStateMachine.java:getLatestSnapshot(147)) - Latest Snapshot Info 0#-1
2020-07-01 13:14:22,575 [grpc-default-executor-0] INFO  ratis.OzoneManagerStateMachine (OzoneManagerStateMachine.java:getLatestSnapshot(147)) - Latest Snapshot Info 0#-1
2020-07-01 13:14:22,575 [grpc-default-executor-0] INFO  ratis.OzoneManagerStateMachine (OzoneManagerStateMachine.java:getLatestSnapshot(147)) - Latest Snapshot Info 0#-1
2020-07-01 13:14:22,576 [Thread-2243] DEBUG impl.RaftServerImpl (RaftServerImpl.java:logAppendEntries(928)) - omNode-3@group-523986131536: succeeded to handle AppendEntries. Reply: omNode-1<-omNode-3#49:OK,SUCCESS,nextIndex:14,term:1,followerCommit:12
2020-07-01 13:14:22,577 [grpc-default-executor-0] DEBUG server.GrpcLogAppender (GrpcLogAppender.java:onNext(257)) - omNode-1@group-523986131536->omNode-3-AppendLogResponseHandler: received a reply omNode-1<-omNode-3#49:OK,SUCCESS,nextIndex:14,term:1,followerCommit:12, request=AppendEntriesRequest:cid=49,entriesCount=1,lastEntry=(t:1, i:13)
2020-07-01 13:14:22,579 [grpc-default-executor-2] DEBUG impl.RaftServerImpl (RaftServerImpl.java:logAppendEntries(928)) - omNode-2@group-523986131536: receive appendEntries(omNode-1, 1, (t:1, i:13), 13, false, commits[omNode-1:c13, omNode-3:c12, omNode-2:c11], entries: (t:1, i:14), METADATAENTRY(c:13)
2020-07-01 13:14:22,579 [grpc-default-executor-2] INFO  ratis.OzoneManagerStateMachine (OzoneManagerStateMachine.java:getLatestSnapshot(147)) - Latest Snapshot Info 0#-1
2020-07-01 13:14:22,579 [grpc-default-executor-2] INFO  ratis.OzoneManagerStateMachine (OzoneManagerStateMachine.java:getLatestSnapshot(147)) - Latest Snapshot Info 0#-1
2020-07-01 13:14:22,580 [grpc-default-executor-0] DEBUG impl.RaftServerImpl (RaftServerImpl.java:logAppendEntries(928)) - omNode-3@group-523986131536: receive appendEntries(omNode-1, 1, (t:1, i:13), 13, false, commits[omNode-1:c13, omNode-3:c12, omNode-2:c11], entries: (t:1, i:14), METADATAENTRY(c:13)
2020-07-01 13:14:22,580 [grpc-default-executor-0] INFO  ratis.OzoneManagerStateMachine (OzoneManagerStateMachine.java:getLatestSnapshot(147)) - Latest Snapshot Info 0#-1
2020-07-01 13:14:22,580 [grpc-default-executor-0] INFO  ratis.OzoneManagerStateMachine (OzoneManagerStateMachine.java:getLatestSnapshot(147)) - Latest Snapshot Info 0#-1
2020-07-01 13:14:22,581 [grpc-default-executor-0] DEBUG impl.RaftServerImpl (RaftServerImpl.java:submitClientRequestAsync(575)) - 2e054850-ba10-443b-bf2f-768eb7b2f82b@group-5FE5A30660EC: receive client request(RaftClientRequest:client-00D30B30B08F->2e054850-ba10-443b-bf2f-768eb7b2f82b@group-5FE5A30660EC, cid=32, seq=4, RW, Message:0000006f080c12001803...(size=126))
2020-07-01 13:14:22,583 [Thread-2245] DEBUG impl.RaftServerImpl (RaftServerImpl.java:logAppendEntries(928)) - omNode-3@group-523986131536: succeeded to handle AppendEntries. Reply: omNode-1<-omNode-3#50:OK,SUCCESS,nextIndex:15,term:1,followerCommit:13
2020-07-01 13:14:22,583 [Thread-2244] DEBUG impl.RaftServerImpl (RaftServerImpl.java:logAppendEntries(928)) - omNode-2@group-523986131536: succeeded to handle AppendEntries. Reply: omNode-1<-omNode-2#49:OK,SUCCESS,nextIndex:14,term:1,followerCommit:12
2020-07-01 13:14:22,585 [grpc-default-executor-0] DEBUG impl.RaftServerImpl (LeaderState.java:addPendingRequest(335)) - 2e054850-ba10-443b-bf2f-768eb7b2f82b@group-5FE5A30660EC-LeaderState: addPendingRequest at RaftClientRequest:client-00D30B30B08F->2e054850-ba10-443b-bf2f-768eb7b2f82b@group-5FE5A30660EC, cid=32, seq=4, RW, Message:0000006f080c12001803...(size=126), entry=(t:1, i:4), STATEMACHINELOGENTRY, client-00D30B30B08F, cid=32
2020-07-01 13:14:22,587 [grpc-default-executor-0] DEBUG impl.RaftServerImpl (RaftServerImpl.java:submitClientRequestAsync(575)) - 2e054850-ba10-443b-bf2f-768eb7b2f82b@group-5FE5A30660EC: receive client request(RaftClientRequest:client-00D30B30B08F->2e054850-ba10-443b-bf2f-768eb7b2f82b@group-5FE5A30660EC, cid=33, seq=5, RW, Message:0000007f080612001803...(size=131))
2020-07-01 13:14:22,587 [grpc-default-executor-0] DEBUG impl.RaftServerImpl (LeaderState.java:addPendingRequest(335)) - 2e054850-ba10-443b-bf2f-768eb7b2f82b@group-5FE5A30660EC-LeaderState: addPendingRequest at RaftClientRequest:client-00D30B30B08F->2e054850-ba10-443b-bf2f-768eb7b2f82b@group-5FE5A30660EC, cid=33, seq=5, RW, Message:0000007f080612001803...(size=131), entry=(t:1, i:5), STATEMACHINELOGENTRY, client-00D30B30B08F, cid=33
2020-07-01 13:14:22,587 [Thread-2246] DEBUG impl.RaftServerImpl (RaftServerImpl.java:logAppendEntries(928)) - omNode-2@group-523986131536: succeeded to handle AppendEntries. Reply: omNode-1<-omNode-2#50:OK,SUCCESS,nextIndex:15,term:1,followerCommit:13
2020-07-01 13:14:22,588 [grpc-default-executor-0] DEBUG server.GrpcLogAppender (GrpcLogAppender.java:onNext(257)) - omNode-1@group-523986131536->omNode-2-AppendLogResponseHandler: received a reply omNode-1<-omNode-2#49:OK,SUCCESS,nextIndex:14,term:1,followerCommit:12, request=AppendEntriesRequest:cid=49,entriesCount=1,lastEntry=(t:1, i:13)
2020-07-01 13:14:22,588 [grpc-default-executor-2] DEBUG server.GrpcLogAppender (GrpcLogAppender.java:onNext(257)) - omNode-1@group-523986131536->omNode-3-AppendLogResponseHandler: received a reply omNode-1<-omNode-3#50:OK,SUCCESS,nextIndex:15,term:1,followerCommit:13, request=AppendEntriesRequest:cid=50,entriesCount=1,lastEntry=(t:1, i:14)
2020-07-01 13:14:22,589 [grpc-default-executor-0] DEBUG server.GrpcLogAppender (GrpcLogAppender.java:onNext(257)) - omNode-1@group-523986131536->omNode-2-AppendLogResponseHandler: received a reply omNode-1<-omNode-2#50:OK,SUCCESS,nextIndex:15,term:1,followerCommit:13, request=AppendEntriesRequest:cid=50,entriesCount=1,lastEntry=(t:1, i:14)
2020-07-01 13:14:22,605 [IPC Server handler 14 on default port 10600] DEBUG impl.RaftServerImpl (RaftServerImpl.java:submitClientRequestAsync(575)) - omNode-1@group-523986131536: receive client request(RaftClientRequest:client-ECC34336769D->omNode-1@group-523986131536, cid=135, seq=0, RW, Message:082412001a13636c6965...(size=422))
2020-07-01 13:14:22,605 [IPC Server handler 14 on default port 10600] DEBUG impl.RaftServerImpl (LeaderState.java:addPendingRequest(335)) - omNode-1@group-523986131536-LeaderState: addPendingRequest at RaftClientRequest:client-ECC34336769D->omNode-1@group-523986131536, cid=135, seq=0, RW, Message:082412001a13636c6965...(size=422), entry=(t:1, i:15), STATEMACHINELOGENTRY, client-ECC34336769D, cid=135
2020-07-01 13:14:22,606 [grpc-default-executor-2] DEBUG impl.RaftServerImpl (RaftServerImpl.java:logAppendEntries(928)) - omNode-3@group-523986131536: receive appendEntries(omNode-1, 1, (t:1, i:14), 14, false, commits[omNode-1:c14, omNode-3:c13, omNode-2:c13], entries: (t:1, i:15), STATEMACHINELOGENTRY, client-ECC34336769D, cid=135
2020-07-01 13:14:22,606 [grpc-default-executor-2] INFO  ratis.OzoneManagerStateMachine (OzoneManagerStateMachine.java:getLatestSnapshot(147)) - Latest Snapshot Info 0#-1
2020-07-01 13:14:22,606 [grpc-default-executor-2] INFO  ratis.OzoneManagerStateMachine (OzoneManagerStateMachine.java:getLatestSnapshot(147)) - Latest Snapshot Info 0#-1
2020-07-01 13:14:22,606 [grpc-default-executor-0] DEBUG impl.RaftServerImpl (RaftServerImpl.java:logAppendEntries(928)) - omNode-2@group-523986131536: receive appendEntries(omNode-1, 1, (t:1, i:14), 14, false, commits[omNode-1:c14, omNode-3:c13, omNode-2:c13], entries: (t:1, i:15), STATEMACHINELOGENTRY, client-ECC34336769D, cid=135
2020-07-01 13:14:22,606 [grpc-default-executor-0] INFO  ratis.OzoneManagerStateMachine (OzoneManagerStateMachine.java:getLatestSnapshot(147)) - Latest Snapshot Info 0#-1
2020-07-01 13:14:22,606 [grpc-default-executor-0] INFO  ratis.OzoneManagerStateMachine (OzoneManagerStateMachine.java:getLatestSnapshot(147)) - Latest Snapshot Info 0#-1
2020-07-01 13:14:22,607 [Thread-2250] DEBUG impl.RaftServerImpl (RaftServerImpl.java:logAppendEntries(928)) - omNode-3@group-523986131536: succeeded to handle AppendEntries. Reply: omNode-1<-omNode-3#51:OK,SUCCESS,nextIndex:16,term:1,followerCommit:14
2020-07-01 13:14:22,607 [grpc-default-executor-0] DEBUG server.GrpcLogAppender (GrpcLogAppender.java:onNext(257)) - omNode-1@group-523986131536->omNode-3-AppendLogResponseHandler: received a reply omNode-1<-omNode-3#51:OK,SUCCESS,nextIndex:16,term:1,followerCommit:14, request=AppendEntriesRequest:cid=51,entriesCount=1,lastEntry=(t:1, i:15)
2020-07-01 13:14:22,608 [Thread-2251] DEBUG impl.RaftServerImpl (RaftServerImpl.java:logAppendEntries(928)) - omNode-2@group-523986131536: succeeded to handle AppendEntries. Reply: omNode-1<-omNode-2#51:OK,SUCCESS,nextIndex:16,term:1,followerCommit:14
2020-07-01 13:14:22,609 [grpc-default-executor-2] DEBUG impl.RaftServerImpl (RaftServerImpl.java:logAppendEntries(928)) - omNode-2@group-523986131536: receive appendEntries(omNode-1, 1, (t:1, i:15), 15, false, commits[omNode-1:c15, omNode-3:c14, omNode-2:c13], entries: (t:1, i:16), METADATAENTRY(c:15)
2020-07-01 13:14:22,609 [grpc-default-executor-2] INFO  ratis.OzoneManagerStateMachine (OzoneManagerStateMachine.java:getLatestSnapshot(147)) - Latest Snapshot Info 0#-1
2020-07-01 13:14:22,609 [grpc-default-executor-2] INFO  ratis.OzoneManagerStateMachine (OzoneManagerStateMachine.java:getLatestSnapshot(147)) - Latest Snapshot Info 0#-1
2020-07-01 13:14:22,609 [grpc-default-executor-0] DEBUG impl.RaftServerImpl (RaftServerImpl.java:logAppendEntries(928)) - omNode-3@group-523986131536: receive appendEntries(omNode-1, 1, (t:1, i:15), 15, false, commits[omNode-1:c15, omNode-3:c14, omNode-2:c13], entries: (t:1, i:16), METADATAENTRY(c:15)
2020-07-01 13:14:22,609 [grpc-default-executor-0] INFO  ratis.OzoneManagerStateMachine (OzoneManagerStateMachine.java:getLatestSnapshot(147)) - Latest Snapshot Info 0#-1
2020-07-01 13:14:22,610 [grpc-default-executor-0] INFO  ratis.OzoneManagerStateMachine (OzoneManagerStateMachine.java:getLatestSnapshot(147)) - Latest Snapshot Info 0#-1
2020-07-01 13:14:22,611 [grpc-default-executor-2] DEBUG server.GrpcLogAppender (GrpcLogAppender.java:onNext(257)) - omNode-1@group-523986131536->omNode-2-AppendLogResponseHandler: received a reply omNode-1<-omNode-2#51:OK,SUCCESS,nextIndex:16,term:1,followerCommit:14, request=AppendEntriesRequest:cid=51,entriesCount=1,lastEntry=(t:1, i:15)
2020-07-01 13:14:22,611 [Thread-2252] DEBUG impl.RaftServerImpl (RaftServerImpl.java:logAppendEntries(928)) - omNode-2@group-523986131536: succeeded to handle AppendEntries. Reply: omNode-1<-omNode-2#52:OK,SUCCESS,nextIndex:17,term:1,followerCommit:15
2020-07-01 13:14:22,612 [grpc-default-executor-2] DEBUG server.GrpcLogAppender (GrpcLogAppender.java:onNext(257)) - omNode-1@group-523986131536->omNode-2-AppendLogResponseHandler: received a reply omNode-1<-omNode-2#52:OK,SUCCESS,nextIndex:17,term:1,followerCommit:15, request=AppendEntriesRequest:cid=52,entriesCount=1,lastEntry=(t:1, i:16)
2020-07-01 13:14:22,613 [Thread-2253] DEBUG impl.RaftServerImpl (RaftServerImpl.java:logAppendEntries(928)) - omNode-3@group-523986131536: succeeded to handle AppendEntries. Reply: omNode-1<-omNode-3#52:OK,SUCCESS,nextIndex:17,term:1,followerCommit:15
2020-07-01 13:14:22,614 [grpc-default-executor-2] DEBUG server.GrpcLogAppender (GrpcLogAppender.java:onNext(257)) - omNode-1@group-523986131536->omNode-3-AppendLogResponseHandler: received a reply omNode-1<-omNode-3#52:OK,SUCCESS,nextIndex:17,term:1,followerCommit:15, request=AppendEntriesRequest:cid=52,entriesCount=1,lastEntry=(t:1, i:16)
2020-07-01 13:14:22,622 [IPC Server handler 8 on default port 10600] DEBUG impl.RaftServerImpl (RaftServerImpl.java:submitClientRequestAsync(575)) - omNode-1@group-523986131536: receive client request(RaftClientRequest:client-ECC34336769D->omNode-1@group-523986131536, cid=136, seq=0, RW, Message:084812001a13636c6965...(size=473))
2020-07-01 13:14:22,622 [IPC Server handler 8 on default port 10600] DEBUG impl.RaftServerImpl (LeaderState.java:addPendingRequest(335)) - omNode-1@group-523986131536-LeaderState: addPendingRequest at RaftClientRequest:client-ECC34336769D->omNode-1@group-523986131536, cid=136, seq=0, RW, Message:084812001a13636c6965...(size=473), entry=(t:1, i:17), STATEMACHINELOGENTRY, client-ECC34336769D, cid=136
2020-07-01 13:14:22,623 [grpc-default-executor-2] DEBUG impl.RaftServerImpl (RaftServerImpl.java:logAppendEntries(928)) - omNode-2@group-523986131536: receive appendEntries(omNode-1, 1, (t:1, i:16), 16, false, commits[omNode-1:c16, omNode-3:c15, omNode-2:c15], entries: (t:1, i:17), STATEMACHINELOGENTRY, client-ECC34336769D, cid=136
2020-07-01 13:14:22,623 [grpc-default-executor-2] INFO  ratis.OzoneManagerStateMachine (OzoneManagerStateMachine.java:getLatestSnapshot(147)) - Latest Snapshot Info 0#-1
2020-07-01 13:14:22,623 [grpc-default-executor-2] INFO  ratis.OzoneManagerStateMachine (OzoneManagerStateMachine.java:getLatestSnapshot(147)) - Latest Snapshot Info 0#-1
2020-07-01 13:14:22,623 [grpc-default-executor-2] DEBUG impl.RaftServerImpl (RaftServerImpl.java:logAppendEntries(928)) - omNode-3@group-523986131536: receive appendEntries(omNode-1, 1, (t:1, i:16), 16, false, commits[omNode-1:c16, omNode-3:c15, omNode-2:c15], entries: (t:1, i:17), STATEMACHINELOGENTRY, client-ECC34336769D, cid=136
2020-07-01 13:14:22,623 [grpc-default-executor-2] INFO  ratis.OzoneManagerStateMachine (OzoneManagerStateMachine.java:getLatestSnapshot(147)) - Latest Snapshot Info 0#-1
2020-07-01 13:14:22,624 [grpc-default-executor-2] INFO  ratis.OzoneManagerStateMachine (OzoneManagerStateMachine.java:getLatestSnapshot(147)) - Latest Snapshot Info 0#-1
2020-07-01 13:14:22,624 [Thread-2254] DEBUG impl.RaftServerImpl (RaftServerImpl.java:logAppendEntries(928)) - omNode-2@group-523986131536: succeeded to handle AppendEntries. Reply: omNode-1<-omNode-2#53:OK,SUCCESS,nextIndex:18,term:1,followerCommit:16
2020-07-01 13:14:22,625 [Thread-2255] DEBUG impl.RaftServerImpl (RaftServerImpl.java:logAppendEntries(928)) - omNode-3@group-523986131536: succeeded to handle AppendEntries. Reply: omNode-1<-omNode-3#53:OK,SUCCESS,nextIndex:18,term:1,followerCommit:16
2020-07-01 13:14:22,625 [grpc-default-executor-0] DEBUG server.GrpcLogAppender (GrpcLogAppender.java:onNext(257)) - omNode-1@group-523986131536->omNode-3-AppendLogResponseHandler: received a reply omNode-1<-omNode-3#53:OK,SUCCESS,nextIndex:18,term:1,followerCommit:16, request=AppendEntriesRequest:cid=53,entriesCount=1,lastEntry=(t:1, i:17)
2020-07-01 13:14:22,625 [grpc-default-executor-2] DEBUG server.GrpcLogAppender (GrpcLogAppender.java:onNext(257)) - omNode-1@group-523986131536->omNode-2-AppendLogResponseHandler: received a reply omNode-1<-omNode-2#53:OK,SUCCESS,nextIndex:18,term:1,followerCommit:16, request=AppendEntriesRequest:cid=53,entriesCount=1,lastEntry=(t:1, i:17)
2020-07-01 13:14:22,629 [grpc-default-executor-0] DEBUG impl.RaftServerImpl (RaftServerImpl.java:logAppendEntries(928)) - omNode-2@group-523986131536: receive appendEntries(omNode-1, 1, (t:1, i:17), 17, false, commits[omNode-1:c17, omNode-3:c16, omNode-2:c16], entries: (t:1, i:18), METADATAENTRY(c:17)
2020-07-01 13:14:22,629 [grpc-default-executor-1] DEBUG impl.RaftServerImpl (RaftServerImpl.java:submitClientRequestAsync(575)) - 5d36b0ac-9f7b-45e8-b885-e8514940a378@group-1115F982B890: receive client request(RaftClientRequest:client-050685CAE391->5d36b0ac-9f7b-45e8-b885-e8514940a378@group-1115F982B890, cid=34, seq=4, RW, Message:0000006f080c12001804...(size=126))
2020-07-01 13:14:22,629 [grpc-default-executor-0] INFO  ratis.OzoneManagerStateMachine (OzoneManagerStateMachine.java:getLatestSnapshot(147)) - Latest Snapshot Info 0#-1
2020-07-01 13:14:22,629 [grpc-default-executor-0] INFO  ratis.OzoneManagerStateMachine (OzoneManagerStateMachine.java:getLatestSnapshot(147)) - Latest Snapshot Info 0#-1
2020-07-01 13:14:22,633 [grpc-default-executor-1] DEBUG impl.RaftServerImpl (LeaderState.java:addPendingRequest(335)) - 5d36b0ac-9f7b-45e8-b885-e8514940a378@group-1115F982B890-LeaderState: addPendingRequest at RaftClientRequest:client-050685CAE391->5d36b0ac-9f7b-45e8-b885-e8514940a378@group-1115F982B890, cid=34, seq=4, RW, Message:0000006f080c12001804...(size=126), entry=(t:1, i:4), STATEMACHINELOGENTRY, client-050685CAE391, cid=34
2020-07-01 13:14:22,641 [grpc-default-executor-2] DEBUG impl.RaftServerImpl (RaftServerImpl.java:logAppendEntries(928)) - omNode-3@group-523986131536: receive appendEntries(omNode-1, 1, (t:1, i:17), 17, false, commits[omNode-1:c17, omNode-3:c16, omNode-2:c15], entries: (t:1, i:18), METADATAENTRY(c:17)
2020-07-01 13:14:22,641 [grpc-default-executor-2] INFO  ratis.OzoneManagerStateMachine (OzoneManagerStateMachine.java:getLatestSnapshot(147)) - Latest Snapshot Info 0#-1
2020-07-01 13:14:22,642 [grpc-default-executor-2] INFO  ratis.OzoneManagerStateMachine (OzoneManagerStateMachine.java:getLatestSnapshot(147)) - Latest Snapshot Info 0#-1
2020-07-01 13:14:22,641 [grpc-default-executor-1] DEBUG impl.RaftServerImpl (RaftServerImpl.java:submitClientRequestAsync(575)) - 5d36b0ac-9f7b-45e8-b885-e8514940a378@group-1115F982B890: receive client request(RaftClientRequest:client-050685CAE391->5d36b0ac-9f7b-45e8-b885-e8514940a378@group-1115F982B890, cid=35, seq=5, RW, Message:0000007f080612001804...(size=131))
2020-07-01 13:14:22,642 [grpc-default-executor-1] DEBUG impl.RaftServerImpl (LeaderState.java:addPendingRequest(335)) - 5d36b0ac-9f7b-45e8-b885-e8514940a378@group-1115F982B890-LeaderState: addPendingRequest at RaftClientRequest:client-050685CAE391->5d36b0ac-9f7b-45e8-b885-e8514940a378@group-1115F982B890, cid=35, seq=5, RW, Message:0000007f080612001804...(size=131), entry=(t:1, i:5), STATEMACHINELOGENTRY, client-050685CAE391, cid=35
2020-07-01 13:14:22,646 [Thread-2257] DEBUG impl.RaftServerImpl (RaftServerImpl.java:logAppendEntries(928)) - omNode-3@group-523986131536: succeeded to handle AppendEntries. Reply: omNode-1<-omNode-3#54:OK,SUCCESS,nextIndex:19,term:1,followerCommit:17
2020-07-01 13:14:22,646 [grpc-default-executor-1] DEBUG server.GrpcLogAppender (GrpcLogAppender.java:onNext(257)) - omNode-1@group-523986131536->omNode-3-AppendLogResponseHandler: received a reply omNode-1<-omNode-3#54:OK,SUCCESS,nextIndex:19,term:1,followerCommit:17, request=AppendEntriesRequest:cid=54,entriesCount=1,lastEntry=(t:1, i:18)
2020-07-01 13:14:22,647 [Thread-2256] DEBUG impl.RaftServerImpl (RaftServerImpl.java:logAppendEntries(928)) - omNode-2@group-523986131536: succeeded to handle AppendEntries. Reply: omNode-1<-omNode-2#54:OK,SUCCESS,nextIndex:19,term:1,followerCommit:17
2020-07-01 13:14:22,647 [grpc-default-executor-1] DEBUG server.GrpcLogAppender (GrpcLogAppender.java:onNext(257)) - omNode-1@group-523986131536->omNode-2-AppendLogResponseHandler: received a reply omNode-1<-omNode-2#54:OK,SUCCESS,nextIndex:19,term:1,followerCommit:17, request=AppendEntriesRequest:cid=54,entriesCount=1,lastEntry=(t:1, i:18)
2020-07-01 13:14:22,652 [IPC Server handler 7 on default port 10600] DEBUG impl.RaftServerImpl (RaftServerImpl.java:submitClientRequestAsync(575)) - omNode-1@group-523986131536: receive client request(RaftClientRequest:client-ECC34336769D->omNode-1@group-523986131536, cid=137, seq=0, RW, Message:082412001a13636c6965...(size=422))
2020-07-01 13:14:22,653 [IPC Server handler 7 on default port 10600] DEBUG impl.RaftServerImpl (LeaderState.java:addPendingRequest(335)) - omNode-1@group-523986131536-LeaderState: addPendingRequest at RaftClientRequest:client-ECC34336769D->omNode-1@group-523986131536, cid=137, seq=0, RW, Message:082412001a13636c6965...(size=422), entry=(t:1, i:19), STATEMACHINELOGENTRY, client-ECC34336769D, cid=137
2020-07-01 13:14:22,653 [grpc-default-executor-1] DEBUG impl.RaftServerImpl (RaftServerImpl.java:logAppendEntries(928)) - omNode-3@group-523986131536: receive appendEntries(omNode-1, 1, (t:1, i:18), 18, false, commits[omNode-1:c18, omNode-3:c17, omNode-2:c17], entries: (t:1, i:19), STATEMACHINELOGENTRY, client-ECC34336769D, cid=137
2020-07-01 13:14:22,653 [grpc-default-executor-2] DEBUG impl.RaftServerImpl (RaftServerImpl.java:logAppendEntries(928)) - omNode-2@group-523986131536: receive appendEntries(omNode-1, 1, (t:1, i:18), 18, false, commits[omNode-1:c18, omNode-3:c17, omNode-2:c17], entries: (t:1, i:19), STATEMACHINELOGENTRY, client-ECC34336769D, cid=137
2020-07-01 13:14:22,653 [grpc-default-executor-1] INFO  ratis.OzoneManagerStateMachine (OzoneManagerStateMachine.java:getLatestSnapshot(147)) - Latest Snapshot Info 0#-1
2020-07-01 13:14:22,654 [grpc-default-executor-1] INFO  ratis.OzoneManagerStateMachine (OzoneManagerStateMachine.java:getLatestSnapshot(147)) - Latest Snapshot Info 0#-1
2020-07-01 13:14:22,653 [grpc-default-executor-2] INFO  ratis.OzoneManagerStateMachine (OzoneManagerStateMachine.java:getLatestSnapshot(147)) - Latest Snapshot Info 0#-1
2020-07-01 13:14:22,654 [grpc-default-executor-2] INFO  ratis.OzoneManagerStateMachine (OzoneManagerStateMachine.java:getLatestSnapshot(147)) - Latest Snapshot Info 0#-1
2020-07-01 13:14:22,654 [Thread-2261] DEBUG impl.RaftServerImpl (RaftServerImpl.java:logAppendEntries(928)) - omNode-2@group-523986131536: succeeded to handle AppendEntries. Reply: omNode-1<-omNode-2#55:OK,SUCCESS,nextIndex:20,term:1,followerCommit:18
2020-07-01 13:14:22,655 [grpc-default-executor-2] DEBUG server.GrpcLogAppender (GrpcLogAppender.java:onNext(257)) - omNode-1@group-523986131536->omNode-2-AppendLogResponseHandler: received a reply omNode-1<-omNode-2#55:OK,SUCCESS,nextIndex:20,term:1,followerCommit:18, request=AppendEntriesRequest:cid=55,entriesCount=1,lastEntry=(t:1, i:19)
2020-07-01 13:14:22,656 [grpc-default-executor-2] DEBUG impl.RaftServerImpl (RaftServerImpl.java:logAppendEntries(928)) - omNode-2@group-523986131536: receive appendEntries(omNode-1, 1, (t:1, i:19), 19, false, commits[omNode-1:c19, omNode-3:c17, omNode-2:c18], entries: (t:1, i:20), METADATAENTRY(c:19)
2020-07-01 13:14:22,656 [grpc-default-executor-2] INFO  ratis.OzoneManagerStateMachine (OzoneManagerStateMachine.java:getLatestSnapshot(147)) - Latest Snapshot Info 0#-1
2020-07-01 13:14:22,656 [grpc-default-executor-2] INFO  ratis.OzoneManagerStateMachine (OzoneManagerStateMachine.java:getLatestSnapshot(147)) - Latest Snapshot Info 0#-1
2020-07-01 13:14:22,658 [grpc-default-executor-1] DEBUG impl.RaftServerImpl (RaftServerImpl.java:logAppendEntries(928)) - omNode-3@group-523986131536: receive appendEntries(omNode-1, 1, (t:1, i:19), 19, false, commits[omNode-1:c19, omNode-3:c17, omNode-2:c18], entries: (t:1, i:20), METADATAENTRY(c:19)
2020-07-01 13:14:22,659 [Thread-2262] DEBUG impl.RaftServerImpl (RaftServerImpl.java:logAppendEntries(928)) - omNode-3@group-523986131536: succeeded to handle AppendEntries. Reply: omNode-1<-omNode-3#55:OK,SUCCESS,nextIndex:20,term:1,followerCommit:18
2020-07-01 13:14:22,659 [grpc-default-executor-2] DEBUG server.GrpcLogAppender (GrpcLogAppender.java:onNext(257)) - omNode-1@group-523986131536->omNode-3-AppendLogResponseHandler: received a reply omNode-1<-omNode-3#55:OK,SUCCESS,nextIndex:20,term:1,followerCommit:18, request=AppendEntriesRequest:cid=55,entriesCount=1,lastEntry=(t:1, i:19)
2020-07-01 13:14:22,659 [grpc-default-executor-1] INFO  ratis.OzoneManagerStateMachine (OzoneManagerStateMachine.java:getLatestSnapshot(147)) - Latest Snapshot Info 0#-1
2020-07-01 13:14:22,660 [grpc-default-executor-1] INFO  ratis.OzoneManagerStateMachine (OzoneManagerStateMachine.java:getLatestSnapshot(147)) - Latest Snapshot Info 0#-1
2020-07-01 13:14:22,667 [Thread-2263] DEBUG impl.RaftServerImpl (RaftServerImpl.java:logAppendEntries(928)) - omNode-2@group-523986131536: succeeded to handle AppendEntries. Reply: omNode-1<-omNode-2#56:OK,SUCCESS,nextIndex:21,term:1,followerCommit:19
2020-07-01 13:14:22,668 [grpc-default-executor-1] DEBUG server.GrpcLogAppender (GrpcLogAppender.java:onNext(257)) - omNode-1@group-523986131536->omNode-2-AppendLogResponseHandler: received a reply omNode-1<-omNode-2#56:OK,SUCCESS,nextIndex:21,term:1,followerCommit:19, request=AppendEntriesRequest:cid=56,entriesCount=1,lastEntry=(t:1, i:20)
2020-07-01 13:14:22,670 [IPC Server handler 12 on default port 10600] DEBUG impl.RaftServerImpl (RaftServerImpl.java:submitClientRequestAsync(575)) - omNode-1@group-523986131536: receive client request(RaftClientRequest:client-ECC34336769D->omNode-1@group-523986131536, cid=138, seq=0, RW, Message:082212001a13636c6965...(size=136))
2020-07-01 13:14:22,670 [IPC Server handler 12 on default port 10600] DEBUG impl.RaftServerImpl (LeaderState.java:addPendingRequest(335)) - omNode-1@group-523986131536-LeaderState: addPendingRequest at RaftClientRequest:client-ECC34336769D->omNode-1@group-523986131536, cid=138, seq=0, RW, Message:082212001a13636c6965...(size=136), entry=(t:1, i:21), STATEMACHINELOGENTRY, client-ECC34336769D, cid=138
2020-07-01 13:14:22,670 [Thread-2264] DEBUG impl.RaftServerImpl (RaftServerImpl.java:logAppendEntries(928)) - omNode-3@group-523986131536: succeeded to handle AppendEntries. Reply: omNode-1<-omNode-3#56:OK,SUCCESS,nextIndex:21,term:1,followerCommit:19
2020-07-01 13:14:22,671 [grpc-default-executor-2] DEBUG impl.RaftServerImpl (RaftServerImpl.java:logAppendEntries(928)) - omNode-2@group-523986131536: receive appendEntries(omNode-1, 1, (t:1, i:20), 20, false, commits[omNode-1:c20, omNode-3:c18, omNode-2:c19], entries: (t:1, i:21), STATEMACHINELOGENTRY, client-ECC34336769D, cid=138
2020-07-01 13:14:22,671 [grpc-default-executor-2] INFO  ratis.OzoneManagerStateMachine (OzoneManagerStateMachine.java:getLatestSnapshot(147)) - Latest Snapshot Info 0#-1
2020-07-01 13:14:22,671 [grpc-default-executor-2] INFO  ratis.OzoneManagerStateMachine (OzoneManagerStateMachine.java:getLatestSnapshot(147)) - Latest Snapshot Info 0#-1
2020-07-01 13:14:22,671 [grpc-default-executor-1] DEBUG impl.RaftServerImpl (RaftServerImpl.java:logAppendEntries(928)) - omNode-3@group-523986131536: receive appendEntries(omNode-1, 1, (t:1, i:20), 20, false, commits[omNode-1:c20, omNode-3:c18, omNode-2:c19], entries: (t:1, i:21), STATEMACHINELOGENTRY, client-ECC34336769D, cid=138
2020-07-01 13:14:22,671 [grpc-default-executor-1] INFO  ratis.OzoneManagerStateMachine (OzoneManagerStateMachine.java:getLatestSnapshot(147)) - Latest Snapshot Info 0#-1
2020-07-01 13:14:22,671 [grpc-default-executor-1] INFO  ratis.OzoneManagerStateMachine (OzoneManagerStateMachine.java:getLatestSnapshot(147)) - Latest Snapshot Info 0#-1
2020-07-01 13:14:22,672 [grpc-default-executor-1] DEBUG server.GrpcLogAppender (GrpcLogAppender.java:onNext(257)) - omNode-1@group-523986131536->omNode-3-AppendLogResponseHandler: received a reply omNode-1<-omNode-3#56:OK,SUCCESS,nextIndex:21,term:1,followerCommit:19, request=AppendEntriesRequest:cid=56,entriesCount=1,lastEntry=(t:1, i:20)
2020-07-01 13:14:22,672 [Thread-2265] DEBUG impl.RaftServerImpl (RaftServerImpl.java:logAppendEntries(928)) - omNode-2@group-523986131536: succeeded to handle AppendEntries. Reply: omNode-1<-omNode-2#57:OK,SUCCESS,nextIndex:22,term:1,followerCommit:20
2020-07-01 13:14:22,673 [Thread-2266] DEBUG impl.RaftServerImpl (RaftServerImpl.java:logAppendEntries(928)) - omNode-3@group-523986131536: succeeded to handle AppendEntries. Reply: omNode-1<-omNode-3#57:OK,SUCCESS,nextIndex:22,term:1,followerCommit:20
2020-07-01 13:14:22,673 [grpc-default-executor-1] DEBUG server.GrpcLogAppender (GrpcLogAppender.java:onNext(257)) - omNode-1@group-523986131536->omNode-2-AppendLogResponseHandler: received a reply omNode-1<-omNode-2#57:OK,SUCCESS,nextIndex:22,term:1,followerCommit:20, request=AppendEntriesRequest:cid=57,entriesCount=1,lastEntry=(t:1, i:21)
2020-07-01 13:14:22,676 [grpc-default-executor-2] DEBUG impl.RaftServerImpl (RaftServerImpl.java:logAppendEntries(928)) - omNode-2@group-523986131536: receive appendEntries(omNode-1, 1, (t:1, i:21), 21, false, commits[omNode-1:c21, omNode-3:c19, omNode-2:c20], entries: (t:1, i:22), METADATAENTRY(c:21)
2020-07-01 13:14:22,676 [grpc-default-executor-2] INFO  ratis.OzoneManagerStateMachine (OzoneManagerStateMachine.java:getLatestSnapshot(147)) - Latest Snapshot Info 0#-1
2020-07-01 13:14:22,676 [grpc-default-executor-2] INFO  ratis.OzoneManagerStateMachine (OzoneManagerStateMachine.java:getLatestSnapshot(147)) - Latest Snapshot Info 0#-1
2020-07-01 13:14:22,676 [grpc-default-executor-1] DEBUG server.GrpcLogAppender (GrpcLogAppender.java:onNext(257)) - omNode-1@group-523986131536->omNode-3-AppendLogResponseHandler: received a reply omNode-1<-omNode-3#57:OK,SUCCESS,nextIndex:22,term:1,followerCommit:20, request=AppendEntriesRequest:cid=57,entriesCount=1,lastEntry=(t:1, i:21)
2020-07-01 13:14:22,679 [grpc-default-executor-1] DEBUG impl.RaftServerImpl (RaftServerImpl.java:logAppendEntries(928)) - omNode-3@group-523986131536: receive appendEntries(omNode-1, 1, (t:1, i:21), 21, false, commits[omNode-1:c21, omNode-3:c19, omNode-2:c20], entries: (t:1, i:22), METADATAENTRY(c:21)
2020-07-01 13:14:22,679 [grpc-default-executor-1] INFO  ratis.OzoneManagerStateMachine (OzoneManagerStateMachine.java:getLatestSnapshot(147)) - Latest Snapshot Info 0#-1
2020-07-01 13:14:22,679 [grpc-default-executor-1] INFO  ratis.OzoneManagerStateMachine (OzoneManagerStateMachine.java:getLatestSnapshot(147)) - Latest Snapshot Info 0#-1
2020-07-01 13:14:22,681 [IPC Server handler 11 on default port 10600] DEBUG impl.RaftServerImpl (RaftServerImpl.java:submitClientRequestAsync(575)) - omNode-1@group-523986131536: receive client request(RaftClientRequest:client-ECC34336769D->omNode-1@group-523986131536, cid=139, seq=0, RW, Message:082612001a13636c6965...(size=208))
2020-07-01 13:14:22,681 [IPC Server handler 11 on default port 10600] DEBUG impl.RaftServerImpl (LeaderState.java:addPendingRequest(335)) - omNode-1@group-523986131536-LeaderState: addPendingRequest at RaftClientRequest:client-ECC34336769D->omNode-1@group-523986131536, cid=139, seq=0, RW, Message:082612001a13636c6965...(size=208), entry=(t:1, i:23), STATEMACHINELOGENTRY, client-ECC34336769D, cid=139
2020-07-01 13:14:22,682 [grpc-default-executor-1] DEBUG impl.RaftServerImpl (RaftServerImpl.java:logAppendEntries(928)) - omNode-3@group-523986131536: receive appendEntries(omNode-1, 1, (t:1, i:22), 21, false, commits[omNode-1:c21, omNode-3:c20, omNode-2:c20], entries: (t:1, i:23), STATEMACHINELOGENTRY, client-ECC34336769D, cid=139
2020-07-01 13:14:22,682 [grpc-default-executor-1] INFO  ratis.OzoneManagerStateMachine (OzoneManagerStateMachine.java:getLatestSnapshot(147)) - Latest Snapshot Info 0#-1
2020-07-01 13:14:22,682 [grpc-default-executor-1] INFO  ratis.OzoneManagerStateMachine (OzoneManagerStateMachine.java:getLatestSnapshot(147)) - Latest Snapshot Info 0#-1
2020-07-01 13:14:22,682 [grpc-default-executor-2] DEBUG impl.RaftServerImpl (RaftServerImpl.java:logAppendEntries(928)) - omNode-2@group-523986131536: receive appendEntries(omNode-1, 1, (t:1, i:22), 21, false, commits[omNode-1:c21, omNode-3:c20, omNode-2:c20], entries: (t:1, i:23), STATEMACHINELOGENTRY, client-ECC34336769D, cid=139
2020-07-01 13:14:22,683 [grpc-default-executor-2] INFO  ratis.OzoneManagerStateMachine (OzoneManagerStateMachine.java:getLatestSnapshot(147)) - Latest Snapshot Info 0#-1
2020-07-01 13:14:22,683 [grpc-default-executor-2] INFO  ratis.OzoneManagerStateMachine (OzoneManagerStateMachine.java:getLatestSnapshot(147)) - Latest Snapshot Info 0#-1
2020-07-01 13:14:22,683 [Thread-2267] DEBUG impl.RaftServerImpl (RaftServerImpl.java:logAppendEntries(928)) - omNode-2@group-523986131536: succeeded to handle AppendEntries. Reply: omNode-1<-omNode-2#58:OK,SUCCESS,nextIndex:23,term:1,followerCommit:21
2020-07-01 13:14:22,683 [grpc-default-executor-2] DEBUG server.GrpcLogAppender (GrpcLogAppender.java:onNext(257)) - omNode-1@group-523986131536->omNode-2-AppendLogResponseHandler: received a reply omNode-1<-omNode-2#58:OK,SUCCESS,nextIndex:23,term:1,followerCommit:21, request=AppendEntriesRequest:cid=58,entriesCount=1,lastEntry=(t:1, i:22)
2020-07-01 13:14:22,685 [Thread-2268] DEBUG impl.RaftServerImpl (RaftServerImpl.java:logAppendEntries(928)) - omNode-3@group-523986131536: succeeded to handle AppendEntries. Reply: omNode-1<-omNode-3#58:OK,SUCCESS,nextIndex:23,term:1,followerCommit:21
2020-07-01 13:14:22,685 [grpc-default-executor-2] DEBUG server.GrpcLogAppender (GrpcLogAppender.java:onNext(257)) - omNode-1@group-523986131536->omNode-3-AppendLogResponseHandler: received a reply omNode-1<-omNode-3#58:OK,SUCCESS,nextIndex:23,term:1,followerCommit:21, request=AppendEntriesRequest:cid=58,entriesCount=1,lastEntry=(t:1, i:22)
2020-07-01 13:14:22,692 [Thread-2269] DEBUG impl.RaftServerImpl (RaftServerImpl.java:logAppendEntries(928)) - omNode-2@group-523986131536: succeeded to handle AppendEntries. Reply: omNode-1<-omNode-2#59:OK,SUCCESS,nextIndex:24,term:1,followerCommit:21
2020-07-01 13:14:22,692 [grpc-default-executor-2] DEBUG server.GrpcLogAppender (GrpcLogAppender.java:onNext(257)) - omNode-1@group-523986131536->omNode-2-AppendLogResponseHandler: received a reply omNode-1<-omNode-2#59:OK,SUCCESS,nextIndex:24,term:1,followerCommit:21, request=AppendEntriesRequest:cid=59,entriesCount=1,lastEntry=(t:1, i:23)
2020-07-01 13:14:22,694 [grpc-default-executor-2] DEBUG impl.RaftServerImpl (RaftServerImpl.java:logAppendEntries(928)) - omNode-2@group-523986131536: receive appendEntries(omNode-1, 1, (t:1, i:23), 23, false, commits[omNode-1:c23, omNode-3:c21, omNode-2:c21], entries: (t:1, i:24), METADATAENTRY(c:23)
2020-07-01 13:14:22,694 [grpc-default-executor-1] DEBUG impl.RaftServerImpl (RaftServerImpl.java:logAppendEntries(928)) - omNode-3@group-523986131536: receive appendEntries(omNode-1, 1, (t:1, i:23), 23, false, commits[omNode-1:c23, omNode-3:c21, omNode-2:c21], entries: (t:1, i:24), METADATAENTRY(c:23)
2020-07-01 13:14:22,694 [grpc-default-executor-1] INFO  ratis.OzoneManagerStateMachine (OzoneManagerStateMachine.java:getLatestSnapshot(147)) - Latest Snapshot Info 0#-1
2020-07-01 13:14:22,694 [grpc-default-executor-1] INFO  ratis.OzoneManagerStateMachine (OzoneManagerStateMachine.java:getLatestSnapshot(147)) - Latest Snapshot Info 0#-1
2020-07-01 13:14:22,694 [grpc-default-executor-2] INFO  ratis.OzoneManagerStateMachine (OzoneManagerStateMachine.java:getLatestSnapshot(147)) - Latest Snapshot Info 0#-1
2020-07-01 13:14:22,696 [grpc-default-executor-2] INFO  ratis.OzoneManagerStateMachine (OzoneManagerStateMachine.java:getLatestSnapshot(147)) - Latest Snapshot Info 0#-1
2020-07-01 13:14:22,701 [Thread-2270] DEBUG impl.RaftServerImpl (RaftServerImpl.java:logAppendEntries(928)) - omNode-3@group-523986131536: succeeded to handle AppendEntries. Reply: omNode-1<-omNode-3#59:OK,SUCCESS,nextIndex:24,term:1,followerCommit:21
2020-07-01 13:14:22,701 [IPC Server handler 19 on default port 10600] DEBUG impl.RaftServerImpl (RaftServerImpl.java:submitClientRequestAsync(575)) - omNode-1@group-523986131536: receive client request(RaftClientRequest:client-ECC34336769D->omNode-1@group-523986131536, cid=140, seq=0, RW, Message:082612001a13636c6965...(size=208))
2020-07-01 13:14:22,702 [IPC Server handler 19 on default port 10600] DEBUG impl.RaftServerImpl (LeaderState.java:addPendingRequest(335)) - omNode-1@group-523986131536-LeaderState: addPendingRequest at RaftClientRequest:client-ECC34336769D->omNode-1@group-523986131536, cid=140, seq=0, RW, Message:082612001a13636c6965...(size=208), entry=(t:1, i:25), STATEMACHINELOGENTRY, client-ECC34336769D, cid=140
2020-07-01 13:14:22,703 [grpc-default-executor-2] DEBUG impl.RaftServerImpl (RaftServerImpl.java:logAppendEntries(928)) - omNode-2@group-523986131536: receive appendEntries(omNode-1, 1, (t:1, i:24), 23, false, commits[omNode-1:c23, omNode-3:c21, omNode-2:c21], entries: (t:1, i:25), STATEMACHINELOGENTRY, client-ECC34336769D, cid=140
2020-07-01 13:14:22,703 [grpc-default-executor-2] INFO  ratis.OzoneManagerStateMachine (OzoneManagerStateMachine.java:getLatestSnapshot(147)) - Latest Snapshot Info 0#-1
2020-07-01 13:14:22,703 [grpc-default-executor-2] INFO  ratis.OzoneManagerStateMachine (OzoneManagerStateMachine.java:getLatestSnapshot(147)) - Latest Snapshot Info 0#-1
2020-07-01 13:14:22,703 [grpc-default-executor-1] DEBUG impl.RaftServerImpl (RaftServerImpl.java:logAppendEntries(928)) - omNode-3@group-523986131536: receive appendEntries(omNode-1, 1, (t:1, i:24), 23, false, commits[omNode-1:c23, omNode-3:c21, omNode-2:c21], entries: (t:1, i:25), STATEMACHINELOGENTRY, client-ECC34336769D, cid=140
2020-07-01 13:14:22,703 [grpc-default-executor-1] INFO  ratis.OzoneManagerStateMachine (OzoneManagerStateMachine.java:getLatestSnapshot(147)) - Latest Snapshot Info 0#-1
2020-07-01 13:14:22,703 [grpc-default-executor-1] INFO  ratis.OzoneManagerStateMachine (OzoneManagerStateMachine.java:getLatestSnapshot(147)) - Latest Snapshot Info 0#-1
2020-07-01 13:14:22,704 [grpc-default-executor-1] DEBUG server.GrpcLogAppender (GrpcLogAppender.java:onNext(257)) - omNode-1@group-523986131536->omNode-3-AppendLogResponseHandler: received a reply omNode-1<-omNode-3#59:OK,SUCCESS,nextIndex:24,term:1,followerCommit:21, request=AppendEntriesRequest:cid=59,entriesCount=1,lastEntry=(t:1, i:23)
2020-07-01 13:14:22,705 [Thread-2271] DEBUG impl.RaftServerImpl (RaftServerImpl.java:logAppendEntries(928)) - omNode-2@group-523986131536: succeeded to handle AppendEntries. Reply: omNode-1<-omNode-2#60:OK,SUCCESS,nextIndex:25,term:1,followerCommit:23
2020-07-01 13:14:22,705 [grpc-default-executor-1] DEBUG server.GrpcLogAppender (GrpcLogAppender.java:onNext(257)) - omNode-1@group-523986131536->omNode-2-AppendLogResponseHandler: received a reply omNode-1<-omNode-2#60:OK,SUCCESS,nextIndex:25,term:1,followerCommit:23, request=AppendEntriesRequest:cid=60,entriesCount=1,lastEntry=(t:1, i:24)
2020-07-01 13:14:22,710 [Thread-2273] DEBUG impl.RaftServerImpl (RaftServerImpl.java:logAppendEntries(928)) - omNode-2@group-523986131536: succeeded to handle AppendEntries. Reply: omNode-1<-omNode-2#61:OK,SUCCESS,nextIndex:26,term:1,followerCommit:23
2020-07-01 13:14:22,711 [Thread-2272] DEBUG impl.RaftServerImpl (RaftServerImpl.java:logAppendEntries(928)) - omNode-3@group-523986131536: succeeded to handle AppendEntries. Reply: omNode-1<-omNode-3#60:OK,SUCCESS,nextIndex:25,term:1,followerCommit:23
2020-07-01 13:14:22,713 [grpc-default-executor-1] DEBUG server.GrpcLogAppender (GrpcLogAppender.java:onNext(257)) - omNode-1@group-523986131536->omNode-3-AppendLogResponseHandler: received a reply omNode-1<-omNode-3#60:OK,SUCCESS,nextIndex:25,term:1,followerCommit:23, request=AppendEntriesRequest:cid=60,entriesCount=1,lastEntry=(t:1, i:24)
2020-07-01 13:14:22,713 [grpc-default-executor-2] DEBUG server.GrpcLogAppender (GrpcLogAppender.java:onNext(257)) - omNode-1@group-523986131536->omNode-2-AppendLogResponseHandler: received a reply omNode-1<-omNode-2#61:OK,SUCCESS,nextIndex:26,term:1,followerCommit:23, request=AppendEntriesRequest:cid=61,entriesCount=1,lastEntry=(t:1, i:25)
2020-07-01 13:14:22,713 [grpc-default-executor-2] DEBUG impl.RaftServerImpl (RaftServerImpl.java:logAppendEntries(928)) - omNode-2@group-523986131536: receive appendEntries(omNode-1, 1, (t:1, i:25), 25, false, commits[omNode-1:c25, omNode-3:c23, omNode-2:c23], entries: (t:1, i:26), METADATAENTRY(c:25)
2020-07-01 13:14:22,714 [grpc-default-executor-2] INFO  ratis.OzoneManagerStateMachine (OzoneManagerStateMachine.java:getLatestSnapshot(147)) - Latest Snapshot Info 0#-1
2020-07-01 13:14:22,714 [grpc-default-executor-2] INFO  ratis.OzoneManagerStateMachine (OzoneManagerStateMachine.java:getLatestSnapshot(147)) - Latest Snapshot Info 0#-1
2020-07-01 13:14:22,714 [Listener at 127.0.0.1/10612] INFO  ozone.MiniOzoneClusterImpl (MiniOzoneClusterImpl.java:shutdown(387)) - Shutting down the Mini Ozone Cluster
2020-07-01 13:14:22,714 [Listener at 127.0.0.1/10612] INFO  ozone.MiniOzoneHAClusterImpl (MiniOzoneHAClusterImpl.java:stop(230)) - Stopping the OzoneManager omNode-3
2020-07-01 13:14:22,714 [Listener at 127.0.0.1/10612] INFO  ipc.Server (Server.java:stop(3359)) - Stopping server on 10612
2020-07-01 13:14:22,715 [grpc-default-executor-2] DEBUG impl.RaftServerImpl (RaftServerImpl.java:logAppendEntries(928)) - omNode-3@group-523986131536: receive appendEntries(omNode-1, 1, (t:1, i:25), 25, false, commits[omNode-1:c25, omNode-3:c23, omNode-2:c23], entries: (t:1, i:26), METADATAENTRY(c:25)
2020-07-01 13:14:22,715 [grpc-default-executor-2] INFO  ratis.OzoneManagerStateMachine (OzoneManagerStateMachine.java:getLatestSnapshot(147)) - Latest Snapshot Info 0#-1
2020-07-01 13:14:22,715 [grpc-default-executor-2] INFO  ratis.OzoneManagerStateMachine (OzoneManagerStateMachine.java:getLatestSnapshot(147)) - Latest Snapshot Info 0#-1
2020-07-01 13:14:22,716 [Thread-2274] DEBUG impl.RaftServerImpl (RaftServerImpl.java:logAppendEntries(928)) - omNode-3@group-523986131536: succeeded to handle AppendEntries. Reply: omNode-1<-omNode-3#61:OK,SUCCESS,nextIndex:26,term:1,followerCommit:23
2020-07-01 13:14:22,717 [grpc-default-executor-2] DEBUG server.GrpcLogAppender (GrpcLogAppender.java:onNext(257)) - omNode-1@group-523986131536->omNode-3-AppendLogResponseHandler: received a reply omNode-1<-omNode-3#61:OK,SUCCESS,nextIndex:26,term:1,followerCommit:23, request=AppendEntriesRequest:cid=61,entriesCount=1,lastEntry=(t:1, i:25)
2020-07-01 13:14:22,720 [Thread-2276] DEBUG impl.RaftServerImpl (RaftServerImpl.java:logAppendEntries(928)) - omNode-3@group-523986131536: succeeded to handle AppendEntries. Reply: omNode-1<-omNode-3#62:OK,SUCCESS,nextIndex:27,term:1,followerCommit:25
2020-07-01 13:14:22,721 [grpc-default-executor-2] DEBUG server.GrpcLogAppender (GrpcLogAppender.java:onNext(257)) - omNode-1@group-523986131536->omNode-3-AppendLogResponseHandler: received a reply omNode-1<-omNode-3#62:OK,SUCCESS,nextIndex:27,term:1,followerCommit:25, request=AppendEntriesRequest:cid=62,entriesCount=1,lastEntry=(t:1, i:26)
2020-07-01 13:14:22,723 [Thread-2275] DEBUG impl.RaftServerImpl (RaftServerImpl.java:logAppendEntries(928)) - omNode-2@group-523986131536: succeeded to handle AppendEntries. Reply: omNode-1<-omNode-2#62:OK,SUCCESS,nextIndex:27,term:1,followerCommit:25
2020-07-01 13:14:22,723 [grpc-default-executor-2] DEBUG server.GrpcLogAppender (GrpcLogAppender.java:onNext(257)) - omNode-1@group-523986131536->omNode-2-AppendLogResponseHandler: received a reply omNode-1<-omNode-2#62:OK,SUCCESS,nextIndex:27,term:1,followerCommit:25, request=AppendEntriesRequest:cid=62,entriesCount=1,lastEntry=(t:1, i:26)
2020-07-01 13:14:22,727 [IPC Server Responder] INFO  ipc.Server (Server.java:run(1465)) - Stopping IPC Server Responder
2020-07-01 13:14:22,727 [IPC Server listener on 10612] INFO  ipc.Server (Server.java:run(1330)) - Stopping IPC Server listener on 10612
2020-07-01 13:14:22,727 [Listener at 127.0.0.1/10612] INFO  impl.RaftServerProxy (RaftServerProxy.java:lambda$close$4(319)) - omNode-3: close
2020-07-01 13:14:22,727 [Listener at 127.0.0.1/10612] INFO  impl.RaftServerImpl (RaftServerImpl.java:lambda$shutdown$3(252)) - omNode-3@group-523986131536: shutdown
2020-07-01 13:14:22,728 [Listener at 127.0.0.1/10612] INFO  util.JmxRegister (JmxRegister.java:unregister(73)) - Successfully un-registered JMX Bean with object name Ratis:service=RaftServer,group=group-523986131536,id=omNode-3
2020-07-01 13:14:22,729 [Listener at 127.0.0.1/10612] INFO  impl.RoleInfo (RoleInfo.java:shutdownFollowerState(121)) - omNode-3: shutdown FollowerState
2020-07-01 13:14:22,729 [Listener at 127.0.0.1/10612] INFO  impl.StateMachineUpdater (StateMachineUpdater.java:stopAndJoin(142)) - omNode-3@group-523986131536-StateMachineUpdater: set stopIndex = 25
2020-07-01 13:14:22,729 [Thread-2060] INFO  impl.FollowerState (FollowerState.java:run(117)) - omNode-3@group-523986131536-FollowerState was interrupted: java.lang.InterruptedException: sleep interrupted
2020-07-01 13:14:22,730 [omNode-3@group-523986131536-StateMachineUpdater] INFO  ratis.OzoneManagerStateMachine (OzoneManagerStateMachine.java:takeSnapshot(355)) - Current Snapshot Index (t:1, i:25)
2020-07-01 13:14:22,730 [omNode-3@group-523986131536-StateMachineUpdater] INFO  impl.StateMachineUpdater (StateMachineUpdater.java:takeSnapshot(277)) - omNode-3@group-523986131536-StateMachineUpdater: Took a snapshot at index 25
2020-07-01 13:14:22,730 [omNode-3@group-523986131536-StateMachineUpdater] INFO  impl.StateMachineUpdater (StateMachineUpdater.java:lambda$new$0(87)) - omNode-3@group-523986131536-StateMachineUpdater: snapshotIndex: updateIncreasingly -1 -> 25
2020-07-01 13:14:22,730 [omNode-3@group-523986131536-StateMachineUpdater] INFO  metrics.RatisMetrics (RatisMetrics.java:unregister(43)) - Unregistering Metrics Registry : ratis.state_machine.omNode-3@group-523986131536
2020-07-01 13:14:22,730 [Listener at 127.0.0.1/10612] INFO  impl.RaftServerImpl (ServerState.java:close(387)) - omNode-3@group-523986131536: closes. applyIndex: 25
2020-07-01 13:14:22,731 [omNode-3@group-523986131536-SegmentedRaftLogWorker] INFO  segmented.SegmentedRaftLogWorker (SegmentedRaftLogWorker.java:run(327)) - omNode-3@group-523986131536-SegmentedRaftLogWorker was interrupted, exiting. There are 0 tasks remaining in the queue.
2020-07-01 13:14:22,731 [Listener at 127.0.0.1/10612] INFO  segmented.SegmentedRaftLogWorker (SegmentedRaftLogWorker.java:close(234)) - omNode-3@group-523986131536-SegmentedRaftLogWorker close()
2020-07-01 13:14:22,732 [Listener at 127.0.0.1/10612] INFO  metrics.RatisMetrics (RatisMetrics.java:unregister(43)) - Unregistering Metrics Registry : ratis.log_worker.omNode-3@group-523986131536
2020-07-01 13:14:22,733 [Listener at 127.0.0.1/10612] INFO  metrics.RatisMetrics (RatisMetrics.java:unregister(43)) - Unregistering Metrics Registry : ratis.leader_election.omNode-3@group-523986131536
2020-07-01 13:14:22,733 [Listener at 127.0.0.1/10612] INFO  metrics.RatisMetrics (RatisMetrics.java:unregister(43)) - Unregistering Metrics Registry : ratis.server.omNode-3@group-523986131536
2020-07-01 13:14:22,733 [Listener at 127.0.0.1/10612] INFO  server.GrpcService (GrpcService.java:closeImpl(166)) - omNode-3: shutdown server with port 10616 now
2020-07-01 13:14:22,737 [grpc-default-executor-1] WARN  server.GrpcServerProtocolService (LogUtils.java:warn(122)) - omNode-3: installSnapshot onError, lastRequest: omNode-1->omNode-3#62-t1, previous=(t:1, i:25), leaderCommit=25, initializing? false, entries: size=1, first=(t:1, i:26), METADATAENTRY(c:25): org.apache.ratis.thirdparty.io.grpc.StatusRuntimeException: CANCELLED: cancelled before receiving half close
2020-07-01 13:14:22,737 [Listener at 127.0.0.1/10612] INFO  server.GrpcService (GrpcService.java:closeImpl(174)) - omNode-3: shutdown server with port 10616 successfully
2020-07-01 13:14:22,738 [Listener at 127.0.0.1/10612] INFO  ratis.OzoneManagerDoubleBuffer (OzoneManagerDoubleBuffer.java:stop(458)) - Stopping OMDoubleBuffer flush thread
2020-07-01 13:14:22,738 [OMDoubleBufferFlushThread] INFO  ratis.OzoneManagerDoubleBuffer (OzoneManagerDoubleBuffer.java:flushTransactions(357)) - OMDoubleBuffer flush thread OMDoubleBufferFlushThread is interrupted and will exit. OMDoubleBufferFlushThread
2020-07-01 13:14:22,738 [grpc-default-executor-1] WARN  server.GrpcLogAppender (LogUtils.java:warn(122)) - omNode-1@group-523986131536->omNode-3-AppendLogResponseHandler: Failed appendEntries: org.apache.ratis.thirdparty.io.grpc.StatusRuntimeException: CANCELLED: HTTP/2 error code: CANCEL
Received Rst Stream
2020-07-01 13:14:22,738 [Listener at 127.0.0.1/10612] INFO  ratis.OzoneManagerStateMachine (HadoopExecutors.java:shutdown(118)) - Gracefully shutting down executor service. Waiting max 5 SECONDS
2020-07-01 13:14:22,738 [Listener at 127.0.0.1/10612] INFO  ratis.OzoneManagerStateMachine (HadoopExecutors.java:shutdown(129)) - Succesfully shutdown executor service
2020-07-01 13:14:22,738 [Listener at 127.0.0.1/10612] INFO  ratis.OzoneManagerStateMachine (HadoopExecutors.java:shutdown(118)) - Gracefully shutting down executor service. Waiting max 5 SECONDS
2020-07-01 13:14:22,738 [Listener at 127.0.0.1/10612] INFO  ratis.OzoneManagerStateMachine (HadoopExecutors.java:shutdown(129)) - Succesfully shutdown executor service
2020-07-01 13:14:22,738 [Listener at 127.0.0.1/10612] INFO  utils.BackgroundService (BackgroundService.java:shutdown(157)) - Shutting down service KeyDeletingService
2020-07-01 13:14:22,739 [Listener at 127.0.0.1/10612] INFO  handler.ContextHandler (ContextHandler.java:doStop(1016)) - Stopped o.e.j.w.WebAppContext@7ba6a03e{ozoneManager,/,null,UNAVAILABLE}{file:/github/workspace/mnt/ozone/hadoop-ozone/integration-test/target/test-classes/webapps/ozoneManager}
2020-07-01 13:14:22,740 [Listener at 127.0.0.1/10612] INFO  server.AbstractConnector (AbstractConnector.java:doStop(380)) - Stopped ServerConnector@2585a61e{HTTP/1.1,[http/1.1]}{0.0.0.0:10614}
2020-07-01 13:14:22,740 [Listener at 127.0.0.1/10612] INFO  server.session (HouseKeeper.java:stopScavenging(158)) - node0 Stopped scavenging
2020-07-01 13:14:22,740 [Listener at 127.0.0.1/10612] INFO  handler.ContextHandler (ContextHandler.java:doStop(1016)) - Stopped o.e.j.s.ServletContextHandler@3f50a97f{static,/static,file:///github/workspace/mnt/ozone/hadoop-ozone/integration-test/target/test-classes/webapps/static,UNAVAILABLE}
2020-07-01 13:14:22,740 [Listener at 127.0.0.1/10612] INFO  handler.ContextHandler (ContextHandler.java:doStop(1016)) - Stopped o.e.j.s.ServletContextHandler@7798ddcc{logs,/logs,file:///github/workspace/mnt/ozone/hadoop-ozone/integration-test/target/log,UNAVAILABLE}
2020-07-01 13:14:22,742 [grpc-default-executor-1] INFO  impl.FollowerInfo (FollowerInfo.java:lambda$new$0(51)) - omNode-1@group-523986131536->omNode-3: nextIndex: updateUnconditionally 27 -> 26
2020-07-01 13:14:22,742 [Listener at 127.0.0.1/10612] INFO  ozone.MiniOzoneHAClusterImpl (MiniOzoneHAClusterImpl.java:stop(230)) - Stopping the OzoneManager omNode-1
2020-07-01 13:14:22,742 [Listener at 127.0.0.1/10612] INFO  ipc.Server (Server.java:stop(3359)) - Stopping server on 10600
2020-07-01 13:14:22,743 [IPC Server listener on 10600] INFO  ipc.Server (Server.java:run(1330)) - Stopping IPC Server listener on 10600
2020-07-01 13:14:22,745 [IPC Server Responder] INFO  ipc.Server (Server.java:run(1465)) - Stopping IPC Server Responder
2020-07-01 13:14:22,745 [Listener at 127.0.0.1/10612] INFO  impl.RaftServerProxy (RaftServerProxy.java:lambda$close$4(319)) - omNode-1: close
2020-07-01 13:14:22,745 [Listener at 127.0.0.1/10612] INFO  impl.RaftServerImpl (RaftServerImpl.java:lambda$shutdown$3(252)) - omNode-1@group-523986131536: shutdown
2020-07-01 13:14:22,745 [Listener at 127.0.0.1/10612] INFO  util.JmxRegister (JmxRegister.java:unregister(73)) - Successfully un-registered JMX Bean with object name Ratis:service=RaftServer,group=group-523986131536,id=omNode-1
2020-07-01 13:14:22,745 [Listener at 127.0.0.1/10612] INFO  impl.RoleInfo (RoleInfo.java:shutdownLeaderState(104)) - omNode-1: shutdown LeaderState
2020-07-01 13:14:22,745 [Listener at 127.0.0.1/10612] INFO  metrics.RatisMetrics (RatisMetrics.java:unregister(43)) - Unregistering Metrics Registry : ratis_grpc.log_appender.omNode-1@group-523986131536
2020-07-01 13:14:22,746 [org.apache.ratis.server.impl.LogAppender$AppenderDaemon$$Lambda$341/1581172641@56028b02] WARN  server.GrpcLogAppender (GrpcLogAppender.java:mayWait(153)) - omNode-1@group-523986131536->omNode-3-GrpcLogAppender: Wait interrupted by java.lang.InterruptedException
2020-07-01 13:14:22,746 [Listener at 127.0.0.1/10612] INFO  metrics.RatisMetrics (RatisMetrics.java:unregister(43)) - Unregistering Metrics Registry : ratis_grpc.log_appender.omNode-1@group-523986131536
2020-07-01 13:14:22,748 [Listener at 127.0.0.1/10612] INFO  impl.PendingRequests (PendingRequests.java:sendNotLeaderResponses(249)) - omNode-1@group-523986131536-PendingRequests: sendNotLeaderResponses
2020-07-01 13:14:22,748 [org.apache.ratis.server.impl.LogAppender$AppenderDaemon$$Lambda$341/1581172641@1b8300e2] WARN  server.GrpcLogAppender (GrpcLogAppender.java:mayWait(153)) - omNode-1@group-523986131536->omNode-2-GrpcLogAppender: Wait interrupted by java.lang.InterruptedException
2020-07-01 13:14:22,749 [grpc-default-executor-1] INFO  server.GrpcServerProtocolService (GrpcServerProtocolService.java:onCompleted(138)) - omNode-2: Completed APPEND_ENTRIES, lastRequest: omNode-1->omNode-2#62-t1, previous=(t:1, i:25), leaderCommit=25, initializing? false, entries: size=1, first=(t:1, i:26), METADATAENTRY(c:25)
2020-07-01 13:14:22,750 [Listener at 127.0.0.1/10612] INFO  metrics.RatisMetrics (RatisMetrics.java:unregister(43)) - Unregistering Metrics Registry : ratis.log_appender.omNode-1@group-523986131536
2020-07-01 13:14:22,750 [Listener at 127.0.0.1/10612] INFO  metrics.RatisMetrics (RatisMetrics.java:unregister(43)) - Unregistering Metrics Registry : ratis.server.omNode-1@group-523986131536
2020-07-01 13:14:22,750 [grpc-default-executor-2] INFO  server.GrpcLogAppender (GrpcLogAppender.java:onCompleted(319)) - omNode-1@group-523986131536->omNode-2-AppendLogResponseHandler: follower responses appendEntries COMPLETED
2020-07-01 13:14:22,750 [Listener at 127.0.0.1/10612] INFO  impl.StateMachineUpdater (StateMachineUpdater.java:stopAndJoin(142)) - omNode-1@group-523986131536-StateMachineUpdater: set stopIndex = 26
2020-07-01 13:14:22,751 [omNode-1@group-523986131536-StateMachineUpdater] INFO  ratis.OzoneManagerStateMachine (OzoneManagerStateMachine.java:takeSnapshot(355)) - Current Snapshot Index (t:1, i:26)
2020-07-01 13:14:22,751 [omNode-1@group-523986131536-StateMachineUpdater] INFO  impl.StateMachineUpdater (StateMachineUpdater.java:takeSnapshot(277)) - omNode-1@group-523986131536-StateMachineUpdater: Took a snapshot at index 26
2020-07-01 13:14:22,751 [omNode-1@group-523986131536-StateMachineUpdater] INFO  impl.StateMachineUpdater (StateMachineUpdater.java:lambda$new$0(87)) - omNode-1@group-523986131536-StateMachineUpdater: snapshotIndex: updateIncreasingly -1 -> 26
2020-07-01 13:14:22,751 [omNode-1@group-523986131536-StateMachineUpdater] INFO  metrics.RatisMetrics (RatisMetrics.java:unregister(43)) - Unregistering Metrics Registry : ratis.state_machine.omNode-1@group-523986131536
2020-07-01 13:14:22,751 [Listener at 127.0.0.1/10612] INFO  impl.RaftServerImpl (ServerState.java:close(387)) - omNode-1@group-523986131536: closes. applyIndex: 26
2020-07-01 13:14:22,752 [grpc-default-executor-2] INFO  impl.FollowerInfo (FollowerInfo.java:lambda$new$0(51)) - omNode-1@group-523986131536->omNode-2: nextIndex: updateUnconditionally 27 -> 26
2020-07-01 13:14:22,752 [omNode-1@group-523986131536-SegmentedRaftLogWorker] INFO  segmented.SegmentedRaftLogWorker (SegmentedRaftLogWorker.java:run(327)) - omNode-1@group-523986131536-SegmentedRaftLogWorker was interrupted, exiting. There are 0 tasks remaining in the queue.
2020-07-01 13:14:22,753 [Listener at 127.0.0.1/10612] INFO  segmented.SegmentedRaftLogWorker (SegmentedRaftLogWorker.java:close(234)) - omNode-1@group-523986131536-SegmentedRaftLogWorker close()
2020-07-01 13:14:22,753 [Listener at 127.0.0.1/10612] INFO  metrics.RatisMetrics (RatisMetrics.java:unregister(43)) - Unregistering Metrics Registry : ratis.log_worker.omNode-1@group-523986131536
2020-07-01 13:14:22,754 [Listener at 127.0.0.1/10612] INFO  metrics.RatisMetrics (RatisMetrics.java:unregister(43)) - Unregistering Metrics Registry : ratis.leader_election.omNode-1@group-523986131536
2020-07-01 13:14:22,754 [Listener at 127.0.0.1/10612] INFO  metrics.RatisMetrics (RatisMetrics.java:unregister(43)) - Unregistering Metrics Registry : ratis.server.omNode-1@group-523986131536
2020-07-01 13:14:22,754 [Listener at 127.0.0.1/10612] INFO  server.GrpcService (GrpcService.java:closeImpl(166)) - omNode-1: shutdown server with port 10604 now
2020-07-01 13:14:22,754 [Listener at 127.0.0.1/10612] INFO  server.GrpcService (GrpcService.java:closeImpl(174)) - omNode-1: shutdown server with port 10604 successfully
2020-07-01 13:14:22,754 [Listener at 127.0.0.1/10612] INFO  ratis.OzoneManagerDoubleBuffer (OzoneManagerDoubleBuffer.java:stop(458)) - Stopping OMDoubleBuffer flush thread
2020-07-01 13:14:22,754 [OMDoubleBufferFlushThread] INFO  ratis.OzoneManagerDoubleBuffer (OzoneManagerDoubleBuffer.java:flushTransactions(357)) - OMDoubleBuffer flush thread OMDoubleBufferFlushThread is interrupted and will exit. OMDoubleBufferFlushThread
2020-07-01 13:14:22,754 [Listener at 127.0.0.1/10612] INFO  ratis.OzoneManagerStateMachine (HadoopExecutors.java:shutdown(118)) - Gracefully shutting down executor service. Waiting max 5 SECONDS
2020-07-01 13:14:22,754 [Listener at 127.0.0.1/10612] INFO  ratis.OzoneManagerStateMachine (HadoopExecutors.java:shutdown(129)) - Succesfully shutdown executor service
2020-07-01 13:14:22,755 [Listener at 127.0.0.1/10612] INFO  ratis.OzoneManagerStateMachine (HadoopExecutors.java:shutdown(118)) - Gracefully shutting down executor service. Waiting max 5 SECONDS
2020-07-01 13:14:22,755 [Listener at 127.0.0.1/10612] INFO  ratis.OzoneManagerStateMachine (HadoopExecutors.java:shutdown(129)) - Succesfully shutdown executor service
2020-07-01 13:14:22,755 [Listener at 127.0.0.1/10612] INFO  utils.BackgroundService (BackgroundService.java:shutdown(157)) - Shutting down service KeyDeletingService
2020-07-01 13:14:22,755 [Listener at 127.0.0.1/10612] INFO  handler.ContextHandler (ContextHandler.java:doStop(1016)) - Stopped o.e.j.w.WebAppContext@45c6213c{ozoneManager,/,null,UNAVAILABLE}{file:/github/workspace/mnt/ozone/hadoop-ozone/integration-test/target/test-classes/webapps/ozoneManager}
2020-07-01 13:14:22,756 [Listener at 127.0.0.1/10612] INFO  server.AbstractConnector (AbstractConnector.java:doStop(380)) - Stopped ServerConnector@4738ed1e{HTTP/1.1,[http/1.1]}{0.0.0.0:10602}
2020-07-01 13:14:22,756 [Listener at 127.0.0.1/10612] INFO  server.session (HouseKeeper.java:stopScavenging(158)) - node0 Stopped scavenging
2020-07-01 13:14:22,756 [Listener at 127.0.0.1/10612] INFO  handler.ContextHandler (ContextHandler.java:doStop(1016)) - Stopped o.e.j.s.ServletContextHandler@1ec72470{static,/static,file:///github/workspace/mnt/ozone/hadoop-ozone/integration-test/target/test-classes/webapps/static,UNAVAILABLE}
2020-07-01 13:14:22,756 [Listener at 127.0.0.1/10612] INFO  handler.ContextHandler (ContextHandler.java:doStop(1016)) - Stopped o.e.j.s.ServletContextHandler@5932e918{logs,/logs,file:///github/workspace/mnt/ozone/hadoop-ozone/integration-test/target/log,UNAVAILABLE}
2020-07-01 13:14:22,758 [Listener at 127.0.0.1/10612] INFO  ozone.MiniOzoneHAClusterImpl (MiniOzoneHAClusterImpl.java:stop(230)) - Stopping the OzoneManager omNode-2
2020-07-01 13:14:22,758 [Listener at 127.0.0.1/10612] INFO  ipc.Server (Server.java:stop(3359)) - Stopping server on 10606
2020-07-01 13:14:22,759 [IPC Server listener on 10606] INFO  ipc.Server (Server.java:run(1330)) - Stopping IPC Server listener on 10606
2020-07-01 13:14:22,759 [IPC Server Responder] INFO  ipc.Server (Server.java:run(1465)) - Stopping IPC Server Responder
2020-07-01 13:14:22,760 [Listener at 127.0.0.1/10612] INFO  impl.RaftServerProxy (RaftServerProxy.java:lambda$close$4(319)) - omNode-2: close
2020-07-01 13:14:22,761 [Listener at 127.0.0.1/10612] INFO  impl.RaftServerImpl (RaftServerImpl.java:lambda$shutdown$3(252)) - omNode-2@group-523986131536: shutdown
2020-07-01 13:14:22,761 [Listener at 127.0.0.1/10612] INFO  util.JmxRegister (JmxRegister.java:unregister(73)) - Successfully un-registered JMX Bean with object name Ratis:service=RaftServer,group=group-523986131536,id=omNode-2
2020-07-01 13:14:22,761 [Listener at 127.0.0.1/10612] INFO  impl.RoleInfo (RoleInfo.java:shutdownFollowerState(121)) - omNode-2: shutdown FollowerState
2020-07-01 13:14:22,761 [Thread-2061] INFO  impl.FollowerState (FollowerState.java:run(117)) - omNode-2@group-523986131536-FollowerState was interrupted: java.lang.InterruptedException: sleep interrupted
2020-07-01 13:14:22,761 [omNode-2@group-523986131536-StateMachineUpdater] INFO  ratis.OzoneManagerStateMachine (OzoneManagerStateMachine.java:takeSnapshot(355)) - Current Snapshot Index (t:1, i:25)
2020-07-01 13:14:22,762 [omNode-2@group-523986131536-StateMachineUpdater] INFO  impl.StateMachineUpdater (StateMachineUpdater.java:takeSnapshot(277)) - omNode-2@group-523986131536-StateMachineUpdater: Took a snapshot at index 25
2020-07-01 13:14:22,762 [omNode-2@group-523986131536-StateMachineUpdater] INFO  impl.StateMachineUpdater (StateMachineUpdater.java:lambda$new$0(87)) - omNode-2@group-523986131536-StateMachineUpdater: snapshotIndex: updateIncreasingly -1 -> 25
2020-07-01 13:14:22,762 [omNode-2@group-523986131536-StateMachineUpdater] INFO  metrics.RatisMetrics (RatisMetrics.java:unregister(43)) - Unregistering Metrics Registry : ratis.state_machine.omNode-2@group-523986131536
2020-07-01 13:14:22,762 [Listener at 127.0.0.1/10612] INFO  impl.StateMachineUpdater (StateMachineUpdater.java:stopAndJoin(142)) - omNode-2@group-523986131536-StateMachineUpdater: set stopIndex = 25
2020-07-01 13:14:22,762 [Listener at 127.0.0.1/10612] INFO  impl.RaftServerImpl (ServerState.java:close(387)) - omNode-2@group-523986131536: closes. applyIndex: 25
2020-07-01 13:14:22,762 [omNode-2@group-523986131536-SegmentedRaftLogWorker] INFO  segmented.SegmentedRaftLogWorker (SegmentedRaftLogWorker.java:run(327)) - omNode-2@group-523986131536-SegmentedRaftLogWorker was interrupted, exiting. There are 0 tasks remaining in the queue.
2020-07-01 13:14:22,763 [Listener at 127.0.0.1/10612] INFO  segmented.SegmentedRaftLogWorker (SegmentedRaftLogWorker.java:close(234)) - omNode-2@group-523986131536-SegmentedRaftLogWorker close()
2020-07-01 13:14:22,764 [Listener at 127.0.0.1/10612] INFO  metrics.RatisMetrics (RatisMetrics.java:unregister(43)) - Unregistering Metrics Registry : ratis.log_worker.omNode-2@group-523986131536
2020-07-01 13:14:22,764 [Listener at 127.0.0.1/10612] INFO  metrics.RatisMetrics (RatisMetrics.java:unregister(43)) - Unregistering Metrics Registry : ratis.leader_election.omNode-2@group-523986131536
2020-07-01 13:14:22,764 [Listener at 127.0.0.1/10612] INFO  metrics.RatisMetrics (RatisMetrics.java:unregister(43)) - Unregistering Metrics Registry : ratis.server.omNode-2@group-523986131536
2020-07-01 13:14:22,764 [Listener at 127.0.0.1/10612] INFO  server.GrpcService (GrpcService.java:closeImpl(166)) - omNode-2: shutdown server with port 10610 now
2020-07-01 13:14:22,766 [Listener at 127.0.0.1/10612] INFO  server.GrpcService (GrpcService.java:closeImpl(174)) - omNode-2: shutdown server with port 10610 successfully
2020-07-01 13:14:22,767 [Listener at 127.0.0.1/10612] INFO  ratis.OzoneManagerDoubleBuffer (OzoneManagerDoubleBuffer.java:stop(458)) - Stopping OMDoubleBuffer flush thread
2020-07-01 13:14:22,767 [OMDoubleBufferFlushThread] INFO  ratis.OzoneManagerDoubleBuffer (OzoneManagerDoubleBuffer.java:flushTransactions(357)) - OMDoubleBuffer flush thread OMDoubleBufferFlushThread is interrupted and will exit. OMDoubleBufferFlushThread
2020-07-01 13:14:22,767 [Listener at 127.0.0.1/10612] INFO  ratis.OzoneManagerStateMachine (HadoopExecutors.java:shutdown(118)) - Gracefully shutting down executor service. Waiting max 5 SECONDS
2020-07-01 13:14:22,767 [Listener at 127.0.0.1/10612] INFO  ratis.OzoneManagerStateMachine (HadoopExecutors.java:shutdown(129)) - Succesfully shutdown executor service
2020-07-01 13:14:22,767 [Listener at 127.0.0.1/10612] INFO  ratis.OzoneManagerStateMachine (HadoopExecutors.java:shutdown(118)) - Gracefully shutting down executor service. Waiting max 5 SECONDS
2020-07-01 13:14:22,767 [Listener at 127.0.0.1/10612] INFO  ratis.OzoneManagerStateMachine (HadoopExecutors.java:shutdown(129)) - Succesfully shutdown executor service
2020-07-01 13:14:22,767 [Listener at 127.0.0.1/10612] INFO  utils.BackgroundService (BackgroundService.java:shutdown(157)) - Shutting down service KeyDeletingService
2020-07-01 13:14:22,768 [Listener at 127.0.0.1/10612] INFO  handler.ContextHandler (ContextHandler.java:doStop(1016)) - Stopped o.e.j.w.WebAppContext@3e92a1ee{ozoneManager,/,null,UNAVAILABLE}{file:/github/workspace/mnt/ozone/hadoop-ozone/integration-test/target/test-classes/webapps/ozoneManager}
2020-07-01 13:14:22,768 [Listener at 127.0.0.1/10612] INFO  server.AbstractConnector (AbstractConnector.java:doStop(380)) - Stopped ServerConnector@765f8bd7{HTTP/1.1,[http/1.1]}{0.0.0.0:10608}
2020-07-01 13:14:22,768 [Listener at 127.0.0.1/10612] INFO  server.session (HouseKeeper.java:stopScavenging(158)) - node0 Stopped scavenging
2020-07-01 13:14:22,769 [Listener at 127.0.0.1/10612] INFO  handler.ContextHandler (ContextHandler.java:doStop(1016)) - Stopped o.e.j.s.ServletContextHandler@3b73d64{static,/static,file:///github/workspace/mnt/ozone/hadoop-ozone/integration-test/target/test-classes/webapps/static,UNAVAILABLE}
2020-07-01 13:14:22,769 [Listener at 127.0.0.1/10612] INFO  handler.ContextHandler (ContextHandler.java:doStop(1016)) - Stopped o.e.j.s.ServletContextHandler@35b48478{logs,/logs,file:///github/workspace/mnt/ozone/hadoop-ozone/integration-test/target/log,UNAVAILABLE}
2020-07-01 13:14:22,771 [Listener at 127.0.0.1/10612] INFO  ozone.MiniOzoneClusterImpl (MiniOzoneClusterImpl.java:stop(402)) - Stopping the Mini Ozone Cluster
2020-07-01 13:14:22,771 [Listener at 127.0.0.1/10612] INFO  ozone.MiniOzoneClusterImpl (MiniOzoneClusterImpl.java:stopDatanodes(461)) - Stopping the HddsDatanodes
2020-07-01 13:14:23,198 [grpc-default-executor-2] DEBUG server.GrpcLogAppender (GrpcLogAppender.java:onNext(257)) - 5d36b0ac-9f7b-45e8-b885-e8514940a378@group-27E4BCC3A540->2e054850-ba10-443b-bf2f-768eb7b2f82b-AppendLogResponseHandler: received a reply 5d36b0ac-9f7b-45e8-b885-e8514940a378<-2e054850-ba10-443b-bf2f-768eb7b2f82b#4:OK,SUCCESS,nextIndex:1,term:1,followerCommit:0, request=AppendEntriesRequest:cid=4,entriesCount=0,lastEntry=null
2020-07-01 13:14:23,200 [grpc-default-executor-2] DEBUG server.GrpcLogAppender (GrpcLogAppender.java:onNext(257)) - 5d36b0ac-9f7b-45e8-b885-e8514940a378@group-27E4BCC3A540->12959356-53c4-4807-9d4f-3fbf974abe92-AppendLogResponseHandler: received a reply 5d36b0ac-9f7b-45e8-b885-e8514940a378<-12959356-53c4-4807-9d4f-3fbf974abe92#4:OK,SUCCESS,nextIndex:1,term:1,followerCommit:0, request=AppendEntriesRequest:cid=4,entriesCount=0,lastEntry=null
2020-07-01 13:14:23,596 [Datanode State Machine Thread - 0] INFO  statemachine.DatanodeStateMachine (DatanodeStateMachine.java:lambda$startDaemon$0(380)) - Ozone container server started.
2020-07-01 13:14:23,648 [Datanode State Machine Thread - 0] INFO  statemachine.DatanodeStateMachine (DatanodeStateMachine.java:lambda$startDaemon$0(380)) - Ozone container server started.
2020-07-01 13:14:25,700 [grpc-default-executor-2] DEBUG server.GrpcLogAppender (GrpcLogAppender.java:onNext(257)) - 5d36b0ac-9f7b-45e8-b885-e8514940a378@group-27E4BCC3A540->2e054850-ba10-443b-bf2f-768eb7b2f82b-AppendLogResponseHandler: received a reply 5d36b0ac-9f7b-45e8-b885-e8514940a378<-2e054850-ba10-443b-bf2f-768eb7b2f82b#5:OK,SUCCESS,nextIndex:1,term:1,followerCommit:0, request=AppendEntriesRequest:cid=5,entriesCount=0,lastEntry=null
2020-07-01 13:14:25,702 [grpc-default-executor-2] DEBUG server.GrpcLogAppender (GrpcLogAppender.java:onNext(257)) - 5d36b0ac-9f7b-45e8-b885-e8514940a378@group-27E4BCC3A540->12959356-53c4-4807-9d4f-3fbf974abe92-AppendLogResponseHandler: received a reply 5d36b0ac-9f7b-45e8-b885-e8514940a378<-12959356-53c4-4807-9d4f-3fbf974abe92#5:OK,SUCCESS,nextIndex:1,term:1,followerCommit:0, request=AppendEntriesRequest:cid=5,entriesCount=0,lastEntry=null
2020-07-01 13:14:27,771 [ForkJoinPool.commonPool-worker-1] INFO  ozoneimpl.OzoneContainer (OzoneContainer.java:stop(246)) - Attempting to stop container services.
2020-07-01 13:14:27,772 [ForkJoinPool.commonPool-worker-1] INFO  impl.RaftServerProxy (RaftServerProxy.java:lambda$close$4(319)) - 5d36b0ac-9f7b-45e8-b885-e8514940a378: close
2020-07-01 13:14:27,771 [Listener at 127.0.0.1/10612] INFO  ozoneimpl.OzoneContainer (OzoneContainer.java:stop(246)) - Attempting to stop container services.
2020-07-01 13:14:27,772 [ForkJoinPool.commonPool-worker-1] INFO  impl.RaftServerImpl (RaftServerImpl.java:lambda$shutdown$3(252)) - 5d36b0ac-9f7b-45e8-b885-e8514940a378@group-27E4BCC3A540: shutdown
2020-07-01 13:14:27,772 [ForkJoinPool.commonPool-worker-1] INFO  util.JmxRegister (JmxRegister.java:unregister(73)) - Successfully un-registered JMX Bean with object name Ratis:service=RaftServer,group=group-27E4BCC3A540,id=5d36b0ac-9f7b-45e8-b885-e8514940a378
2020-07-01 13:14:27,773 [ForkJoinPool.commonPool-worker-1] INFO  impl.RoleInfo (RoleInfo.java:shutdownLeaderState(104)) - 5d36b0ac-9f7b-45e8-b885-e8514940a378: shutdown LeaderState
2020-07-01 13:14:27,773 [ForkJoinPool.commonPool-worker-1] INFO  metrics.RatisMetrics (RatisMetrics.java:unregister(43)) - Unregistering Metrics Registry : ratis_grpc.log_appender.5d36b0ac-9f7b-45e8-b885-e8514940a378@group-27E4BCC3A540
2020-07-01 13:14:27,772 [Listener at 127.0.0.1/10612] INFO  impl.RaftServerProxy (RaftServerProxy.java:lambda$close$4(319)) - 2e054850-ba10-443b-bf2f-768eb7b2f82b: close
2020-07-01 13:14:27,773 [org.apache.ratis.server.impl.LogAppender$AppenderDaemon$$Lambda$341/1581172641@114588cd] WARN  server.GrpcLogAppender (GrpcLogAppender.java:mayWait(153)) - 5d36b0ac-9f7b-45e8-b885-e8514940a378@group-27E4BCC3A540->2e054850-ba10-443b-bf2f-768eb7b2f82b-GrpcLogAppender: Wait interrupted by java.lang.InterruptedException
2020-07-01 13:14:27,773 [Listener at 127.0.0.1/10612] INFO  impl.RaftServerImpl (RaftServerImpl.java:lambda$shutdown$3(252)) - 2e054850-ba10-443b-bf2f-768eb7b2f82b@group-27E4BCC3A540: shutdown
2020-07-01 13:14:27,774 [Listener at 127.0.0.1/10612] INFO  util.JmxRegister (JmxRegister.java:unregister(73)) - Successfully un-registered JMX Bean with object name Ratis:service=RaftServer,group=group-27E4BCC3A540,id=2e054850-ba10-443b-bf2f-768eb7b2f82b
2020-07-01 13:14:27,774 [Listener at 127.0.0.1/10612] INFO  impl.RoleInfo (RoleInfo.java:shutdownFollowerState(121)) - 2e054850-ba10-443b-bf2f-768eb7b2f82b: shutdown FollowerState
2020-07-01 13:14:27,774 [Listener at 127.0.0.1/10612] INFO  impl.StateMachineUpdater (StateMachineUpdater.java:stopAndJoin(142)) - 2e054850-ba10-443b-bf2f-768eb7b2f82b@group-27E4BCC3A540-StateMachineUpdater: set stopIndex = 0
2020-07-01 13:14:27,775 [2e054850-ba10-443b-bf2f-768eb7b2f82b@group-27E4BCC3A540-StateMachineUpdater] INFO  ratis.ContainerStateMachine (ContainerStateMachine.java:takeSnapshot(294)) - group-27E4BCC3A540: Taking a snapshot at:(t:1, i:0) file /github/workspace/mnt/ozone/hadoop-ozone/integration-test/target/test-dir/MiniOzoneClusterImpl-1a14e66a-5c38-443d-ac03-4d7cff470839/datanode-1/data/ratis/71dac77b-3d61-49df-84e9-27e4bcc3a540/sm/snapshot.1_0
2020-07-01 13:14:27,775 [Thread-2150] INFO  impl.FollowerState (FollowerState.java:run(117)) - 2e054850-ba10-443b-bf2f-768eb7b2f82b@group-27E4BCC3A540-FollowerState was interrupted: java.lang.InterruptedException: sleep interrupted
2020-07-01 13:14:27,773 [ForkJoinPool.commonPool-worker-1] INFO  metrics.RatisMetrics (RatisMetrics.java:unregister(43)) - Unregistering Metrics Registry : ratis_grpc.log_appender.5d36b0ac-9f7b-45e8-b885-e8514940a378@group-27E4BCC3A540
2020-07-01 13:14:27,777 [2e054850-ba10-443b-bf2f-768eb7b2f82b@group-27E4BCC3A540-StateMachineUpdater] INFO  ratis.ContainerStateMachine (ContainerStateMachine.java:takeSnapshot(305)) - group-27E4BCC3A540: Finished taking a snapshot at:(t:1, i:0) file:/github/workspace/mnt/ozone/hadoop-ozone/integration-test/target/test-dir/MiniOzoneClusterImpl-1a14e66a-5c38-443d-ac03-4d7cff470839/datanode-1/data/ratis/71dac77b-3d61-49df-84e9-27e4bcc3a540/sm/snapshot.1_0 time:2
2020-07-01 13:14:27,774 [grpc-default-executor-2] INFO  server.GrpcServerProtocolService (GrpcServerProtocolService.java:onCompleted(138)) - 2e054850-ba10-443b-bf2f-768eb7b2f82b: Completed APPEND_ENTRIES, lastRequest: 5d36b0ac-9f7b-45e8-b885-e8514940a378->2e054850-ba10-443b-bf2f-768eb7b2f82b#1-t1, previous=(t:0, i:0), leaderCommit=0, initializing? false, entries: size=1, first=(t:1, i:0), CONFIGURATIONENTRY
2020-07-01 13:14:27,777 [2e054850-ba10-443b-bf2f-768eb7b2f82b@group-27E4BCC3A540-StateMachineUpdater] INFO  impl.StateMachineUpdater (StateMachineUpdater.java:takeSnapshot(277)) - 2e054850-ba10-443b-bf2f-768eb7b2f82b@group-27E4BCC3A540-StateMachineUpdater: Took a snapshot at index 0
2020-07-01 13:14:27,777 [org.apache.ratis.server.impl.LogAppender$AppenderDaemon$$Lambda$341/1581172641@21df3a05] WARN  server.GrpcLogAppender (GrpcLogAppender.java:mayWait(153)) - 5d36b0ac-9f7b-45e8-b885-e8514940a378@group-27E4BCC3A540->12959356-53c4-4807-9d4f-3fbf974abe92-GrpcLogAppender: Wait interrupted by java.lang.InterruptedException
2020-07-01 13:14:27,777 [ForkJoinPool.commonPool-worker-1] INFO  impl.PendingRequests (PendingRequests.java:sendNotLeaderResponses(249)) - 5d36b0ac-9f7b-45e8-b885-e8514940a378@group-27E4BCC3A540-PendingRequests: sendNotLeaderResponses
2020-07-01 13:14:27,777 [ForkJoinPool.commonPool-worker-1] INFO  metrics.RatisMetrics (RatisMetrics.java:unregister(43)) - Unregistering Metrics Registry : ratis.log_appender.5d36b0ac-9f7b-45e8-b885-e8514940a378@group-27E4BCC3A540
2020-07-01 13:14:27,777 [ForkJoinPool.commonPool-worker-1] INFO  metrics.RatisMetrics (RatisMetrics.java:unregister(43)) - Unregistering Metrics Registry : ratis.server.5d36b0ac-9f7b-45e8-b885-e8514940a378@group-27E4BCC3A540
2020-07-01 13:14:27,778 [grpc-default-executor-0] INFO  server.GrpcLogAppender (GrpcLogAppender.java:onCompleted(319)) - 5d36b0ac-9f7b-45e8-b885-e8514940a378@group-27E4BCC3A540->2e054850-ba10-443b-bf2f-768eb7b2f82b-AppendLogResponseHandler: follower responses appendEntries COMPLETED
2020-07-01 13:14:27,777 [2e054850-ba10-443b-bf2f-768eb7b2f82b@group-27E4BCC3A540-StateMachineUpdater] INFO  impl.StateMachineUpdater (StateMachineUpdater.java:lambda$new$0(87)) - 2e054850-ba10-443b-bf2f-768eb7b2f82b@group-27E4BCC3A540-StateMachineUpdater: snapshotIndex: updateIncreasingly -1 -> 0
2020-07-01 13:14:27,778 [ForkJoinPool.commonPool-worker-1] INFO  impl.StateMachineUpdater (StateMachineUpdater.java:stopAndJoin(142)) - 5d36b0ac-9f7b-45e8-b885-e8514940a378@group-27E4BCC3A540-StateMachineUpdater: set stopIndex = 0
2020-07-01 13:14:27,778 [2e054850-ba10-443b-bf2f-768eb7b2f82b@group-27E4BCC3A540-StateMachineUpdater] INFO  metrics.RatisMetrics (RatisMetrics.java:unregister(43)) - Unregistering Metrics Registry : ratis.state_machine.2e054850-ba10-443b-bf2f-768eb7b2f82b@group-27E4BCC3A540
2020-07-01 13:14:27,779 [5d36b0ac-9f7b-45e8-b885-e8514940a378@group-27E4BCC3A540-StateMachineUpdater] INFO  ratis.ContainerStateMachine (ContainerStateMachine.java:takeSnapshot(294)) - group-27E4BCC3A540: Taking a snapshot at:(t:1, i:0) file /github/workspace/mnt/ozone/hadoop-ozone/integration-test/target/test-dir/MiniOzoneClusterImpl-1a14e66a-5c38-443d-ac03-4d7cff470839/datanode-0/data/ratis/71dac77b-3d61-49df-84e9-27e4bcc3a540/sm/snapshot.1_0
2020-07-01 13:14:27,779 [Listener at 127.0.0.1/10612] INFO  impl.RaftServerImpl (ServerState.java:close(387)) - 2e054850-ba10-443b-bf2f-768eb7b2f82b@group-27E4BCC3A540: closes. applyIndex: 0
2020-07-01 13:14:27,779 [2e054850-ba10-443b-bf2f-768eb7b2f82b@group-27E4BCC3A540-SegmentedRaftLogWorker] INFO  segmented.SegmentedRaftLogWorker (SegmentedRaftLogWorker.java:run(327)) - 2e054850-ba10-443b-bf2f-768eb7b2f82b@group-27E4BCC3A540-SegmentedRaftLogWorker was interrupted, exiting. There are 0 tasks remaining in the queue.
2020-07-01 13:14:27,779 [5d36b0ac-9f7b-45e8-b885-e8514940a378@group-27E4BCC3A540-StateMachineUpdater] INFO  ratis.ContainerStateMachine (ContainerStateMachine.java:takeSnapshot(305)) - group-27E4BCC3A540: Finished taking a snapshot at:(t:1, i:0) file:/github/workspace/mnt/ozone/hadoop-ozone/integration-test/target/test-dir/MiniOzoneClusterImpl-1a14e66a-5c38-443d-ac03-4d7cff470839/datanode-0/data/ratis/71dac77b-3d61-49df-84e9-27e4bcc3a540/sm/snapshot.1_0 time:1
2020-07-01 13:14:27,780 [5d36b0ac-9f7b-45e8-b885-e8514940a378@group-27E4BCC3A540-StateMachineUpdater] INFO  impl.StateMachineUpdater (StateMachineUpdater.java:takeSnapshot(277)) - 5d36b0ac-9f7b-45e8-b885-e8514940a378@group-27E4BCC3A540-StateMachineUpdater: Took a snapshot at index 0
2020-07-01 13:14:27,780 [5d36b0ac-9f7b-45e8-b885-e8514940a378@group-27E4BCC3A540-StateMachineUpdater] INFO  impl.StateMachineUpdater (StateMachineUpdater.java:lambda$new$0(87)) - 5d36b0ac-9f7b-45e8-b885-e8514940a378@group-27E4BCC3A540-StateMachineUpdater: snapshotIndex: updateIncreasingly -1 -> 0
2020-07-01 13:14:27,780 [5d36b0ac-9f7b-45e8-b885-e8514940a378@group-27E4BCC3A540-StateMachineUpdater] INFO  metrics.RatisMetrics (RatisMetrics.java:unregister(43)) - Unregistering Metrics Registry : ratis.state_machine.5d36b0ac-9f7b-45e8-b885-e8514940a378@group-27E4BCC3A540
2020-07-01 13:14:27,780 [grpc-default-executor-2] INFO  server.GrpcServerProtocolService (GrpcServerProtocolService.java:onCompleted(138)) - 12959356-53c4-4807-9d4f-3fbf974abe92: Completed APPEND_ENTRIES, lastRequest: 5d36b0ac-9f7b-45e8-b885-e8514940a378->12959356-53c4-4807-9d4f-3fbf974abe92#1-t1, previous=(t:0, i:0), leaderCommit=0, initializing? false, entries: size=1, first=(t:1, i:0), CONFIGURATIONENTRY
2020-07-01 13:14:27,781 [ForkJoinPool.commonPool-worker-1] INFO  impl.RaftServerImpl (ServerState.java:close(387)) - 5d36b0ac-9f7b-45e8-b885-e8514940a378@group-27E4BCC3A540: closes. applyIndex: 0
2020-07-01 13:14:27,782 [5d36b0ac-9f7b-45e8-b885-e8514940a378@group-27E4BCC3A540-SegmentedRaftLogWorker] INFO  segmented.SegmentedRaftLogWorker (SegmentedRaftLogWorker.java:run(327)) - 5d36b0ac-9f7b-45e8-b885-e8514940a378@group-27E4BCC3A540-SegmentedRaftLogWorker was interrupted, exiting. There are 0 tasks remaining in the queue.
2020-07-01 13:14:27,782 [grpc-default-executor-0] INFO  impl.FollowerInfo (FollowerInfo.java:lambda$new$0(51)) - 5d36b0ac-9f7b-45e8-b885-e8514940a378@group-27E4BCC3A540->2e054850-ba10-443b-bf2f-768eb7b2f82b: nextIndex: updateUnconditionally 1 -> 0
2020-07-01 13:14:27,782 [grpc-default-executor-0] INFO  server.GrpcLogAppender (GrpcLogAppender.java:onCompleted(319)) - 5d36b0ac-9f7b-45e8-b885-e8514940a378@group-27E4BCC3A540->12959356-53c4-4807-9d4f-3fbf974abe92-AppendLogResponseHandler: follower responses appendEntries COMPLETED
2020-07-01 13:14:27,783 [Listener at 127.0.0.1/10612] INFO  segmented.SegmentedRaftLogWorker (SegmentedRaftLogWorker.java:close(234)) - 2e054850-ba10-443b-bf2f-768eb7b2f82b@group-27E4BCC3A540-SegmentedRaftLogWorker close()
2020-07-01 13:14:27,784 [ForkJoinPool.commonPool-worker-1] INFO  segmented.SegmentedRaftLogWorker (SegmentedRaftLogWorker.java:close(234)) - 5d36b0ac-9f7b-45e8-b885-e8514940a378@group-27E4BCC3A540-SegmentedRaftLogWorker close()
2020-07-01 13:14:27,784 [grpc-default-executor-0] INFO  impl.FollowerInfo (FollowerInfo.java:lambda$new$0(51)) - 5d36b0ac-9f7b-45e8-b885-e8514940a378@group-27E4BCC3A540->12959356-53c4-4807-9d4f-3fbf974abe92: nextIndex: updateUnconditionally 1 -> 0
2020-07-01 13:14:27,785 [Listener at 127.0.0.1/10612] INFO  metrics.RatisMetrics (RatisMetrics.java:unregister(43)) - Unregistering Metrics Registry : ratis.log_worker.2e054850-ba10-443b-bf2f-768eb7b2f82b@group-27E4BCC3A540
2020-07-01 13:14:27,785 [Listener at 127.0.0.1/10612] INFO  metrics.RatisMetrics (RatisMetrics.java:unregister(43)) - Unregistering Metrics Registry : ratis.leader_election.2e054850-ba10-443b-bf2f-768eb7b2f82b@group-27E4BCC3A540
2020-07-01 13:14:27,785 [Listener at 127.0.0.1/10612] INFO  metrics.RatisMetrics (RatisMetrics.java:unregister(43)) - Unregistering Metrics Registry : ratis.server.2e054850-ba10-443b-bf2f-768eb7b2f82b@group-27E4BCC3A540
2020-07-01 13:14:27,785 [Listener at 127.0.0.1/10612] INFO  impl.RaftServerImpl (RaftServerImpl.java:lambda$shutdown$3(252)) - 2e054850-ba10-443b-bf2f-768eb7b2f82b@group-5FE5A30660EC: shutdown
2020-07-01 13:14:27,786 [Listener at 127.0.0.1/10612] INFO  util.JmxRegister (JmxRegister.java:unregister(73)) - Successfully un-registered JMX Bean with object name Ratis:service=RaftServer,group=group-5FE5A30660EC,id=2e054850-ba10-443b-bf2f-768eb7b2f82b
2020-07-01 13:14:27,786 [Listener at 127.0.0.1/10612] INFO  impl.RoleInfo (RoleInfo.java:shutdownLeaderState(104)) - 2e054850-ba10-443b-bf2f-768eb7b2f82b: shutdown LeaderState
2020-07-01 13:14:27,786 [Listener at 127.0.0.1/10612] INFO  impl.PendingRequests (PendingRequests.java:sendNotLeaderResponses(249)) - 2e054850-ba10-443b-bf2f-768eb7b2f82b@group-5FE5A30660EC-PendingRequests: sendNotLeaderResponses
2020-07-01 13:14:27,786 [ForkJoinPool.commonPool-worker-1] INFO  metrics.RatisMetrics (RatisMetrics.java:unregister(43)) - Unregistering Metrics Registry : ratis.log_worker.5d36b0ac-9f7b-45e8-b885-e8514940a378@group-27E4BCC3A540
2020-07-01 13:14:27,786 [ForkJoinPool.commonPool-worker-1] INFO  metrics.RatisMetrics (RatisMetrics.java:unregister(43)) - Unregistering Metrics Registry : ratis.leader_election.5d36b0ac-9f7b-45e8-b885-e8514940a378@group-27E4BCC3A540
2020-07-01 13:14:27,786 [ForkJoinPool.commonPool-worker-1] INFO  metrics.RatisMetrics (RatisMetrics.java:unregister(43)) - Unregistering Metrics Registry : ratis.server.5d36b0ac-9f7b-45e8-b885-e8514940a378@group-27E4BCC3A540
2020-07-01 13:14:27,787 [ForkJoinPool.commonPool-worker-1] INFO  impl.RaftServerImpl (RaftServerImpl.java:lambda$shutdown$3(252)) - 5d36b0ac-9f7b-45e8-b885-e8514940a378@group-1115F982B890: shutdown
2020-07-01 13:14:27,787 [ForkJoinPool.commonPool-worker-1] INFO  util.JmxRegister (JmxRegister.java:unregister(73)) - Successfully un-registered JMX Bean with object name Ratis:service=RaftServer,group=group-1115F982B890,id=5d36b0ac-9f7b-45e8-b885-e8514940a378
2020-07-01 13:14:27,787 [ForkJoinPool.commonPool-worker-1] INFO  impl.RoleInfo (RoleInfo.java:shutdownLeaderState(104)) - 5d36b0ac-9f7b-45e8-b885-e8514940a378: shutdown LeaderState
2020-07-01 13:14:27,787 [ForkJoinPool.commonPool-worker-1] INFO  impl.PendingRequests (PendingRequests.java:sendNotLeaderResponses(249)) - 5d36b0ac-9f7b-45e8-b885-e8514940a378@group-1115F982B890-PendingRequests: sendNotLeaderResponses
2020-07-01 13:14:27,788 [Listener at 127.0.0.1/10612] INFO  metrics.RatisMetrics (RatisMetrics.java:unregister(43)) - Unregistering Metrics Registry : ratis.log_appender.2e054850-ba10-443b-bf2f-768eb7b2f82b@group-5FE5A30660EC
2020-07-01 13:14:27,789 [Listener at 127.0.0.1/10612] INFO  metrics.RatisMetrics (RatisMetrics.java:unregister(43)) - Unregistering Metrics Registry : ratis.server.2e054850-ba10-443b-bf2f-768eb7b2f82b@group-5FE5A30660EC
2020-07-01 13:14:27,790 [2e054850-ba10-443b-bf2f-768eb7b2f82b@group-5FE5A30660EC-StateMachineUpdater] INFO  ratis.ContainerStateMachine (ContainerStateMachine.java:takeSnapshot(294)) - group-5FE5A30660EC: Taking a snapshot at:(t:1, i:6) file /github/workspace/mnt/ozone/hadoop-ozone/integration-test/target/test-dir/MiniOzoneClusterImpl-1a14e66a-5c38-443d-ac03-4d7cff470839/datanode-1/data/ratis/a21d54c7-0eec-4c0c-821f-5fe5a30660ec/sm/snapshot.1_6
2020-07-01 13:14:27,790 [Listener at 127.0.0.1/10612] INFO  impl.StateMachineUpdater (StateMachineUpdater.java:stopAndJoin(142)) - 2e054850-ba10-443b-bf2f-768eb7b2f82b@group-5FE5A30660EC-StateMachineUpdater: set stopIndex = 6
2020-07-01 13:14:27,791 [2e054850-ba10-443b-bf2f-768eb7b2f82b@group-5FE5A30660EC-StateMachineUpdater] INFO  ratis.ContainerStateMachine (ContainerStateMachine.java:takeSnapshot(305)) - group-5FE5A30660EC: Finished taking a snapshot at:(t:1, i:6) file:/github/workspace/mnt/ozone/hadoop-ozone/integration-test/target/test-dir/MiniOzoneClusterImpl-1a14e66a-5c38-443d-ac03-4d7cff470839/datanode-1/data/ratis/a21d54c7-0eec-4c0c-821f-5fe5a30660ec/sm/snapshot.1_6 time:1
2020-07-01 13:14:27,792 [2e054850-ba10-443b-bf2f-768eb7b2f82b@group-5FE5A30660EC-StateMachineUpdater] INFO  impl.StateMachineUpdater (StateMachineUpdater.java:takeSnapshot(277)) - 2e054850-ba10-443b-bf2f-768eb7b2f82b@group-5FE5A30660EC-StateMachineUpdater: Took a snapshot at index 6
2020-07-01 13:14:27,792 [2e054850-ba10-443b-bf2f-768eb7b2f82b@group-5FE5A30660EC-StateMachineUpdater] INFO  impl.StateMachineUpdater (StateMachineUpdater.java:lambda$new$0(87)) - 2e054850-ba10-443b-bf2f-768eb7b2f82b@group-5FE5A30660EC-StateMachineUpdater: snapshotIndex: updateIncreasingly -1 -> 6
2020-07-01 13:14:27,792 [2e054850-ba10-443b-bf2f-768eb7b2f82b@group-5FE5A30660EC-StateMachineUpdater] INFO  metrics.RatisMetrics (RatisMetrics.java:unregister(43)) - Unregistering Metrics Registry : ratis.state_machine.2e054850-ba10-443b-bf2f-768eb7b2f82b@group-5FE5A30660EC
2020-07-01 13:14:27,793 [Listener at 127.0.0.1/10612] INFO  impl.RaftServerImpl (ServerState.java:close(387)) - 2e054850-ba10-443b-bf2f-768eb7b2f82b@group-5FE5A30660EC: closes. applyIndex: 6
2020-07-01 13:14:27,794 [2e054850-ba10-443b-bf2f-768eb7b2f82b@group-5FE5A30660EC-SegmentedRaftLogWorker] INFO  segmented.SegmentedRaftLogWorker (SegmentedRaftLogWorker.java:run(327)) - 2e054850-ba10-443b-bf2f-768eb7b2f82b@group-5FE5A30660EC-SegmentedRaftLogWorker was interrupted, exiting. There are 0 tasks remaining in the queue.
2020-07-01 13:14:27,795 [ForkJoinPool.commonPool-worker-1] INFO  metrics.RatisMetrics (RatisMetrics.java:unregister(43)) - Unregistering Metrics Registry : ratis.log_appender.5d36b0ac-9f7b-45e8-b885-e8514940a378@group-1115F982B890
2020-07-01 13:14:27,797 [Listener at 127.0.0.1/10612] INFO  segmented.SegmentedRaftLogWorker (SegmentedRaftLogWorker.java:close(234)) - 2e054850-ba10-443b-bf2f-768eb7b2f82b@group-5FE5A30660EC-SegmentedRaftLogWorker close()
2020-07-01 13:14:27,797 [ForkJoinPool.commonPool-worker-1] INFO  metrics.RatisMetrics (RatisMetrics.java:unregister(43)) - Unregistering Metrics Registry : ratis.server.5d36b0ac-9f7b-45e8-b885-e8514940a378@group-1115F982B890
2020-07-01 13:14:27,798 [5d36b0ac-9f7b-45e8-b885-e8514940a378@group-1115F982B890-StateMachineUpdater] INFO  ratis.ContainerStateMachine (ContainerStateMachine.java:takeSnapshot(294)) - group-1115F982B890: Taking a snapshot at:(t:1, i:6) file /github/workspace/mnt/ozone/hadoop-ozone/integration-test/target/test-dir/MiniOzoneClusterImpl-1a14e66a-5c38-443d-ac03-4d7cff470839/datanode-0/data/ratis/e49a8c03-25ad-4527-bf1d-1115f982b890/sm/snapshot.1_6
2020-07-01 13:14:27,798 [ForkJoinPool.commonPool-worker-1] INFO  impl.StateMachineUpdater (StateMachineUpdater.java:stopAndJoin(142)) - 5d36b0ac-9f7b-45e8-b885-e8514940a378@group-1115F982B890-StateMachineUpdater: set stopIndex = 6
2020-07-01 13:14:27,800 [5d36b0ac-9f7b-45e8-b885-e8514940a378@group-1115F982B890-StateMachineUpdater] INFO  ratis.ContainerStateMachine (ContainerStateMachine.java:takeSnapshot(305)) - group-1115F982B890: Finished taking a snapshot at:(t:1, i:6) file:/github/workspace/mnt/ozone/hadoop-ozone/integration-test/target/test-dir/MiniOzoneClusterImpl-1a14e66a-5c38-443d-ac03-4d7cff470839/datanode-0/data/ratis/e49a8c03-25ad-4527-bf1d-1115f982b890/sm/snapshot.1_6 time:2
2020-07-01 13:14:27,800 [Listener at 127.0.0.1/10612] INFO  metrics.RatisMetrics (RatisMetrics.java:unregister(43)) - Unregistering Metrics Registry : ratis.log_worker.2e054850-ba10-443b-bf2f-768eb7b2f82b@group-5FE5A30660EC
2020-07-01 13:14:27,801 [5d36b0ac-9f7b-45e8-b885-e8514940a378@group-1115F982B890-StateMachineUpdater] INFO  impl.StateMachineUpdater (StateMachineUpdater.java:takeSnapshot(277)) - 5d36b0ac-9f7b-45e8-b885-e8514940a378@group-1115F982B890-StateMachineUpdater: Took a snapshot at index 6
2020-07-01 13:14:27,801 [5d36b0ac-9f7b-45e8-b885-e8514940a378@group-1115F982B890-StateMachineUpdater] INFO  impl.StateMachineUpdater (StateMachineUpdater.java:lambda$new$0(87)) - 5d36b0ac-9f7b-45e8-b885-e8514940a378@group-1115F982B890-StateMachineUpdater: snapshotIndex: updateIncreasingly -1 -> 6
2020-07-01 13:14:27,801 [5d36b0ac-9f7b-45e8-b885-e8514940a378@group-1115F982B890-StateMachineUpdater] INFO  metrics.RatisMetrics (RatisMetrics.java:unregister(43)) - Unregistering Metrics Registry : ratis.state_machine.5d36b0ac-9f7b-45e8-b885-e8514940a378@group-1115F982B890
2020-07-01 13:14:27,801 [ForkJoinPool.commonPool-worker-1] INFO  impl.RaftServerImpl (ServerState.java:close(387)) - 5d36b0ac-9f7b-45e8-b885-e8514940a378@group-1115F982B890: closes. applyIndex: 6
2020-07-01 13:14:27,801 [Listener at 127.0.0.1/10612] INFO  metrics.RatisMetrics (RatisMetrics.java:unregister(43)) - Unregistering Metrics Registry : ratis.leader_election.2e054850-ba10-443b-bf2f-768eb7b2f82b@group-5FE5A30660EC
2020-07-01 13:14:27,801 [5d36b0ac-9f7b-45e8-b885-e8514940a378@group-1115F982B890-SegmentedRaftLogWorker] INFO  segmented.SegmentedRaftLogWorker (SegmentedRaftLogWorker.java:run(327)) - 5d36b0ac-9f7b-45e8-b885-e8514940a378@group-1115F982B890-SegmentedRaftLogWorker was interrupted, exiting. There are 0 tasks remaining in the queue.
2020-07-01 13:14:27,802 [Listener at 127.0.0.1/10612] INFO  metrics.RatisMetrics (RatisMetrics.java:unregister(43)) - Unregistering Metrics Registry : ratis.server.2e054850-ba10-443b-bf2f-768eb7b2f82b@group-5FE5A30660EC
2020-07-01 13:14:27,802 [Listener at 127.0.0.1/10612] INFO  server.GrpcService (GrpcService.java:closeImpl(166)) - 2e054850-ba10-443b-bf2f-768eb7b2f82b: shutdown server with port 36857 now
2020-07-01 13:14:27,802 [ForkJoinPool.commonPool-worker-1] INFO  segmented.SegmentedRaftLogWorker (SegmentedRaftLogWorker.java:close(234)) - 5d36b0ac-9f7b-45e8-b885-e8514940a378@group-1115F982B890-SegmentedRaftLogWorker close()
2020-07-01 13:14:27,803 [ForkJoinPool.commonPool-worker-1] INFO  metrics.RatisMetrics (RatisMetrics.java:unregister(43)) - Unregistering Metrics Registry : ratis.log_worker.5d36b0ac-9f7b-45e8-b885-e8514940a378@group-1115F982B890
2020-07-01 13:14:27,803 [ForkJoinPool.commonPool-worker-1] INFO  metrics.RatisMetrics (RatisMetrics.java:unregister(43)) - Unregistering Metrics Registry : ratis.leader_election.5d36b0ac-9f7b-45e8-b885-e8514940a378@group-1115F982B890
2020-07-01 13:14:27,804 [ForkJoinPool.commonPool-worker-1] INFO  metrics.RatisMetrics (RatisMetrics.java:unregister(43)) - Unregistering Metrics Registry : ratis.server.5d36b0ac-9f7b-45e8-b885-e8514940a378@group-1115F982B890
2020-07-01 13:14:27,804 [ForkJoinPool.commonPool-worker-1] INFO  server.GrpcService (GrpcService.java:closeImpl(166)) - 5d36b0ac-9f7b-45e8-b885-e8514940a378: shutdown server with port 37909 now
2020-07-01 13:14:27,804 [Listener at 127.0.0.1/10612] INFO  server.GrpcService (GrpcService.java:closeImpl(174)) - 2e054850-ba10-443b-bf2f-768eb7b2f82b: shutdown server with port 36857 successfully
2020-07-01 13:14:27,805 [ForkJoinPool.commonPool-worker-1] INFO  server.GrpcService (GrpcService.java:closeImpl(174)) - 5d36b0ac-9f7b-45e8-b885-e8514940a378: shutdown server with port 37909 successfully
2020-07-01 13:14:27,810 [Listener at 127.0.0.1/10612] INFO  utils.BackgroundService (BackgroundService.java:shutdown(157)) - Shutting down service BlockDeletingService
2020-07-01 13:14:27,811 [ForkJoinPool.commonPool-worker-1] INFO  utils.BackgroundService (BackgroundService.java:shutdown(157)) - Shutting down service BlockDeletingService
2020-07-01 13:14:27,812 [Listener at 127.0.0.1/10612] INFO  statemachine.DatanodeStateMachine (DatanodeStateMachine.java:stopDaemon(428)) - Ozone container server stopped.
2020-07-01 13:14:27,813 [Listener at 127.0.0.1/10612] INFO  handler.ContextHandler (ContextHandler.java:doStop(1016)) - Stopped o.e.j.w.WebAppContext@38f622e0{hddsDatanode,/,null,UNAVAILABLE}{jar:file:/home/user/.m2/repository/org/apache/hadoop/hadoop-hdds-container-service/0.6.0-SNAPSHOT/hadoop-hdds-container-service-0.6.0-SNAPSHOT.jar!/webapps/hddsDatanode}
2020-07-01 13:14:27,813 [Listener at 127.0.0.1/10612] INFO  server.AbstractConnector (AbstractConnector.java:doStop(380)) - Stopped ServerConnector@19250384{HTTP/1.1,[http/1.1]}{0.0.0.0:0}
2020-07-01 13:14:27,814 [Listener at 127.0.0.1/10612] INFO  server.session (HouseKeeper.java:stopScavenging(158)) - node0 Stopped scavenging
2020-07-01 13:14:27,814 [Listener at 127.0.0.1/10612] INFO  handler.ContextHandler (ContextHandler.java:doStop(1016)) - Stopped o.e.j.s.ServletContextHandler@17bbd49b{static,/static,jar:file:/home/user/.m2/repository/org/apache/hadoop/hadoop-hdds-container-service/0.6.0-SNAPSHOT/hadoop-hdds-container-service-0.6.0-SNAPSHOT.jar!/webapps/static,UNAVAILABLE}
2020-07-01 13:14:27,814 [Listener at 127.0.0.1/10612] INFO  handler.ContextHandler (ContextHandler.java:doStop(1016)) - Stopped o.e.j.s.ServletContextHandler@7363830e{logs,/logs,file:///github/workspace/mnt/ozone/hadoop-ozone/integration-test/target/log,UNAVAILABLE}
2020-07-01 13:14:27,818 [ForkJoinPool.commonPool-worker-1] INFO  statemachine.DatanodeStateMachine (DatanodeStateMachine.java:stopDaemon(428)) - Ozone container server stopped.
2020-07-01 13:14:27,820 [ForkJoinPool.commonPool-worker-1] INFO  handler.ContextHandler (ContextHandler.java:doStop(1016)) - Stopped o.e.j.w.WebAppContext@102caaf0{hddsDatanode,/,null,UNAVAILABLE}{jar:file:/home/user/.m2/repository/org/apache/hadoop/hadoop-hdds-container-service/0.6.0-SNAPSHOT/hadoop-hdds-container-service-0.6.0-SNAPSHOT.jar!/webapps/hddsDatanode}
2020-07-01 13:14:27,820 [ForkJoinPool.commonPool-worker-1] INFO  server.AbstractConnector (AbstractConnector.java:doStop(380)) - Stopped ServerConnector@156e9e28{HTTP/1.1,[http/1.1]}{0.0.0.0:0}
2020-07-01 13:14:27,820 [ForkJoinPool.commonPool-worker-1] INFO  server.session (HouseKeeper.java:stopScavenging(158)) - node0 Stopped scavenging
2020-07-01 13:14:27,821 [ForkJoinPool.commonPool-worker-1] INFO  handler.ContextHandler (ContextHandler.java:doStop(1016)) - Stopped o.e.j.s.ServletContextHandler@6b02aac0{static,/static,jar:file:/home/user/.m2/repository/org/apache/hadoop/hadoop-hdds-container-service/0.6.0-SNAPSHOT/hadoop-hdds-container-service-0.6.0-SNAPSHOT.jar!/webapps/static,UNAVAILABLE}
2020-07-01 13:14:27,822 [ForkJoinPool.commonPool-worker-1] INFO  handler.ContextHandler (ContextHandler.java:doStop(1016)) - Stopped o.e.j.s.ServletContextHandler@63d8838d{logs,/logs,file:///github/workspace/mnt/ozone/hadoop-ozone/integration-test/target/log,UNAVAILABLE}
2020-07-01 13:14:28,686 [Datanode State Machine Thread - 0] INFO  statemachine.DatanodeStateMachine (DatanodeStateMachine.java:lambda$startDaemon$0(380)) - Ozone container server started.
2020-07-01 13:14:30,937 [Thread-2153] INFO  impl.FollowerState (FollowerState.java:run(108)) - 12959356-53c4-4807-9d4f-3fbf974abe92@group-27E4BCC3A540-FollowerState: change to CANDIDATE, lastRpcTime:5235ms, electionTimeout:5104ms
2020-07-01 13:14:30,938 [Thread-2153] INFO  impl.RoleInfo (RoleInfo.java:shutdownFollowerState(121)) - 12959356-53c4-4807-9d4f-3fbf974abe92: shutdown FollowerState
2020-07-01 13:14:30,938 [Thread-2153] INFO  impl.RaftServerImpl (RaftServerImpl.java:setRole(175)) - 12959356-53c4-4807-9d4f-3fbf974abe92@group-27E4BCC3A540: changes role from  FOLLOWER to CANDIDATE at term 1 for changeToCandidate
2020-07-01 13:14:30,938 [Thread-2153] INFO  impl.RoleInfo (RoleInfo.java:updateAndGet(143)) - 12959356-53c4-4807-9d4f-3fbf974abe92: start LeaderElection
2020-07-01 13:14:30,938 [12959356-53c4-4807-9d4f-3fbf974abe92@group-27E4BCC3A540-LeaderElection33] INFO  impl.RaftServerImpl (ServerState.java:setLeader(255)) - 12959356-53c4-4807-9d4f-3fbf974abe92@group-27E4BCC3A540: change Leader from 5d36b0ac-9f7b-45e8-b885-e8514940a378 to null at term 1 for initElection
2020-07-01 13:14:30,940 [12959356-53c4-4807-9d4f-3fbf974abe92@group-27E4BCC3A540-LeaderElection33] INFO  impl.LeaderElection (LeaderElection.java:askForVotes(206)) - 12959356-53c4-4807-9d4f-3fbf974abe92@group-27E4BCC3A540-LeaderElection33: begin an election at term 2 for 0: [5d36b0ac-9f7b-45e8-b885-e8514940a378:172.17.0.2:37909, 2e054850-ba10-443b-bf2f-768eb7b2f82b:172.17.0.2:36857, 12959356-53c4-4807-9d4f-3fbf974abe92:172.17.0.2:38997], old=null
2020-07-01 13:14:30,945 [12959356-53c4-4807-9d4f-3fbf974abe92@group-27E4BCC3A540-LeaderElection33] INFO  impl.LeaderElection (LogUtils.java:infoOrTrace(137)) - 12959356-53c4-4807-9d4f-3fbf974abe92@group-27E4BCC3A540-LeaderElection33 got exception when requesting votes: java.util.concurrent.ExecutionException: org.apache.ratis.thirdparty.io.grpc.StatusRuntimeException: UNAVAILABLE: io exception
2020-07-01 13:14:30,946 [12959356-53c4-4807-9d4f-3fbf974abe92@group-27E4BCC3A540-LeaderElection33] INFO  impl.LeaderElection (LogUtils.java:infoOrTrace(137)) - 12959356-53c4-4807-9d4f-3fbf974abe92@group-27E4BCC3A540-LeaderElection33 got exception when requesting votes: java.util.concurrent.ExecutionException: org.apache.ratis.thirdparty.io.grpc.StatusRuntimeException: UNAVAILABLE: io exception
2020-07-01 13:14:30,946 [12959356-53c4-4807-9d4f-3fbf974abe92@group-27E4BCC3A540-LeaderElection33] INFO  impl.LeaderElection (LeaderElection.java:logAndReturn(61)) - 12959356-53c4-4807-9d4f-3fbf974abe92@group-27E4BCC3A540-LeaderElection33: Election REJECTED; received 0 response(s) [] and 2 exception(s); 12959356-53c4-4807-9d4f-3fbf974abe92@group-27E4BCC3A540:t2, leader=null, voted=12959356-53c4-4807-9d4f-3fbf974abe92, raftlog=12959356-53c4-4807-9d4f-3fbf974abe92@group-27E4BCC3A540-SegmentedRaftLog:OPENED:c0,f0,i0, conf=0: [5d36b0ac-9f7b-45e8-b885-e8514940a378:172.17.0.2:37909, 2e054850-ba10-443b-bf2f-768eb7b2f82b:172.17.0.2:36857, 12959356-53c4-4807-9d4f-3fbf974abe92:172.17.0.2:38997], old=null
2020-07-01 13:14:30,946 [12959356-53c4-4807-9d4f-3fbf974abe92@group-27E4BCC3A540-LeaderElection33] INFO  impl.LeaderElection (LogUtils.java:infoOrTrace(137)) -   Exception 0: java.util.concurrent.ExecutionException: org.apache.ratis.thirdparty.io.grpc.StatusRuntimeException: UNAVAILABLE: io exception
2020-07-01 13:14:30,946 [12959356-53c4-4807-9d4f-3fbf974abe92@group-27E4BCC3A540-LeaderElection33] INFO  impl.LeaderElection (LogUtils.java:infoOrTrace(137)) -   Exception 1: java.util.concurrent.ExecutionException: org.apache.ratis.thirdparty.io.grpc.StatusRuntimeException: UNAVAILABLE: io exception
2020-07-01 13:14:30,947 [12959356-53c4-4807-9d4f-3fbf974abe92@group-27E4BCC3A540-LeaderElection33] INFO  impl.RaftServerImpl (RaftServerImpl.java:setRole(175)) - 12959356-53c4-4807-9d4f-3fbf974abe92@group-27E4BCC3A540: changes role from CANDIDATE to FOLLOWER at term 2 for DISCOVERED_A_NEW_TERM
2020-07-01 13:14:30,947 [12959356-53c4-4807-9d4f-3fbf974abe92@group-27E4BCC3A540-LeaderElection33] INFO  impl.RoleInfo (RoleInfo.java:shutdownLeaderElection(134)) - 12959356-53c4-4807-9d4f-3fbf974abe92: shutdown LeaderElection
2020-07-01 13:14:30,947 [12959356-53c4-4807-9d4f-3fbf974abe92@group-27E4BCC3A540-LeaderElection33] INFO  impl.RoleInfo (RoleInfo.java:updateAndGet(143)) - 12959356-53c4-4807-9d4f-3fbf974abe92: start FollowerState
2020-07-01 13:14:32,816 [Listener at 127.0.0.1/10612] INFO  ozoneimpl.OzoneContainer (OzoneContainer.java:stop(246)) - Attempting to stop container services.
2020-07-01 13:14:32,817 [Listener at 127.0.0.1/10612] INFO  impl.RaftServerProxy (RaftServerProxy.java:lambda$close$4(319)) - 12959356-53c4-4807-9d4f-3fbf974abe92: close
2020-07-01 13:14:32,817 [Listener at 127.0.0.1/10612] INFO  impl.RaftServerImpl (RaftServerImpl.java:lambda$shutdown$3(252)) - 12959356-53c4-4807-9d4f-3fbf974abe92@group-27E4BCC3A540: shutdown
2020-07-01 13:14:32,818 [Listener at 127.0.0.1/10612] INFO  util.JmxRegister (JmxRegister.java:unregister(73)) - Successfully un-registered JMX Bean with object name Ratis:service=RaftServer,group=group-27E4BCC3A540,id=12959356-53c4-4807-9d4f-3fbf974abe92
2020-07-01 13:14:32,818 [Listener at 127.0.0.1/10612] INFO  impl.RoleInfo (RoleInfo.java:shutdownFollowerState(121)) - 12959356-53c4-4807-9d4f-3fbf974abe92: shutdown FollowerState
2020-07-01 13:14:32,818 [Listener at 127.0.0.1/10612] INFO  impl.StateMachineUpdater (StateMachineUpdater.java:stopAndJoin(142)) - 12959356-53c4-4807-9d4f-3fbf974abe92@group-27E4BCC3A540-StateMachineUpdater: set stopIndex = 0
2020-07-01 13:14:32,818 [Thread-2286] INFO  impl.FollowerState (FollowerState.java:run(117)) - 12959356-53c4-4807-9d4f-3fbf974abe92@group-27E4BCC3A540-FollowerState was interrupted: java.lang.InterruptedException: sleep interrupted
2020-07-01 13:14:32,818 [12959356-53c4-4807-9d4f-3fbf974abe92@group-27E4BCC3A540-StateMachineUpdater] INFO  ratis.ContainerStateMachine (ContainerStateMachine.java:takeSnapshot(294)) - group-27E4BCC3A540: Taking a snapshot at:(t:1, i:0) file /github/workspace/mnt/ozone/hadoop-ozone/integration-test/target/test-dir/MiniOzoneClusterImpl-1a14e66a-5c38-443d-ac03-4d7cff470839/datanode-2/data/ratis/71dac77b-3d61-49df-84e9-27e4bcc3a540/sm/snapshot.1_0
2020-07-01 13:14:32,818 [ForkJoinPool.commonPool-worker-0] INFO  impl.RaftServerImpl (RaftServerImpl.java:lambda$shutdown$3(252)) - 12959356-53c4-4807-9d4f-3fbf974abe92@group-7626FF365C38: shutdown
2020-07-01 13:14:32,818 [ForkJoinPool.commonPool-worker-0] INFO  util.JmxRegister (JmxRegister.java:unregister(73)) - Successfully un-registered JMX Bean with object name Ratis:service=RaftServer,group=group-7626FF365C38,id=12959356-53c4-4807-9d4f-3fbf974abe92
2020-07-01 13:14:32,819 [ForkJoinPool.commonPool-worker-0] INFO  impl.RoleInfo (RoleInfo.java:shutdownLeaderState(104)) - 12959356-53c4-4807-9d4f-3fbf974abe92: shutdown LeaderState
2020-07-01 13:14:32,819 [12959356-53c4-4807-9d4f-3fbf974abe92@group-27E4BCC3A540-StateMachineUpdater] INFO  ratis.ContainerStateMachine (ContainerStateMachine.java:takeSnapshot(305)) - group-27E4BCC3A540: Finished taking a snapshot at:(t:1, i:0) file:/github/workspace/mnt/ozone/hadoop-ozone/integration-test/target/test-dir/MiniOzoneClusterImpl-1a14e66a-5c38-443d-ac03-4d7cff470839/datanode-2/data/ratis/71dac77b-3d61-49df-84e9-27e4bcc3a540/sm/snapshot.1_0 time:1
2020-07-01 13:14:32,819 [ForkJoinPool.commonPool-worker-0] INFO  impl.PendingRequests (PendingRequests.java:sendNotLeaderResponses(249)) - 12959356-53c4-4807-9d4f-3fbf974abe92@group-7626FF365C38-PendingRequests: sendNotLeaderResponses
2020-07-01 13:14:32,819 [12959356-53c4-4807-9d4f-3fbf974abe92@group-27E4BCC3A540-StateMachineUpdater] INFO  impl.StateMachineUpdater (StateMachineUpdater.java:takeSnapshot(277)) - 12959356-53c4-4807-9d4f-3fbf974abe92@group-27E4BCC3A540-StateMachineUpdater: Took a snapshot at index 0
2020-07-01 13:14:32,819 [12959356-53c4-4807-9d4f-3fbf974abe92@group-27E4BCC3A540-StateMachineUpdater] INFO  impl.StateMachineUpdater (StateMachineUpdater.java:lambda$new$0(87)) - 12959356-53c4-4807-9d4f-3fbf974abe92@group-27E4BCC3A540-StateMachineUpdater: snapshotIndex: updateIncreasingly -1 -> 0
2020-07-01 13:14:32,819 [ForkJoinPool.commonPool-worker-0] INFO  metrics.RatisMetrics (RatisMetrics.java:unregister(43)) - Unregistering Metrics Registry : ratis.log_appender.12959356-53c4-4807-9d4f-3fbf974abe92@group-7626FF365C38
2020-07-01 13:14:32,819 [12959356-53c4-4807-9d4f-3fbf974abe92@group-27E4BCC3A540-StateMachineUpdater] INFO  metrics.RatisMetrics (RatisMetrics.java:unregister(43)) - Unregistering Metrics Registry : ratis.state_machine.12959356-53c4-4807-9d4f-3fbf974abe92@group-27E4BCC3A540
2020-07-01 13:14:32,820 [ForkJoinPool.commonPool-worker-0] INFO  metrics.RatisMetrics (RatisMetrics.java:unregister(43)) - Unregistering Metrics Registry : ratis.server.12959356-53c4-4807-9d4f-3fbf974abe92@group-7626FF365C38
2020-07-01 13:14:32,820 [Listener at 127.0.0.1/10612] INFO  impl.RaftServerImpl (ServerState.java:close(387)) - 12959356-53c4-4807-9d4f-3fbf974abe92@group-27E4BCC3A540: closes. applyIndex: 0
2020-07-01 13:14:32,820 [12959356-53c4-4807-9d4f-3fbf974abe92@group-27E4BCC3A540-SegmentedRaftLogWorker] INFO  segmented.SegmentedRaftLogWorker (SegmentedRaftLogWorker.java:run(327)) - 12959356-53c4-4807-9d4f-3fbf974abe92@group-27E4BCC3A540-SegmentedRaftLogWorker was interrupted, exiting. There are 0 tasks remaining in the queue.
2020-07-01 13:14:32,820 [Listener at 127.0.0.1/10612] INFO  segmented.SegmentedRaftLogWorker (SegmentedRaftLogWorker.java:close(234)) - 12959356-53c4-4807-9d4f-3fbf974abe92@group-27E4BCC3A540-SegmentedRaftLogWorker close()
2020-07-01 13:14:32,821 [Listener at 127.0.0.1/10612] INFO  metrics.RatisMetrics (RatisMetrics.java:unregister(43)) - Unregistering Metrics Registry : ratis.log_worker.12959356-53c4-4807-9d4f-3fbf974abe92@group-27E4BCC3A540
2020-07-01 13:14:32,821 [Listener at 127.0.0.1/10612] INFO  metrics.RatisMetrics (RatisMetrics.java:unregister(43)) - Unregistering Metrics Registry : ratis.leader_election.12959356-53c4-4807-9d4f-3fbf974abe92@group-27E4BCC3A540
2020-07-01 13:14:32,821 [ForkJoinPool.commonPool-worker-0] INFO  impl.StateMachineUpdater (StateMachineUpdater.java:stopAndJoin(142)) - 12959356-53c4-4807-9d4f-3fbf974abe92@group-7626FF365C38-StateMachineUpdater: set stopIndex = 0
2020-07-01 13:14:32,821 [12959356-53c4-4807-9d4f-3fbf974abe92@group-7626FF365C38-StateMachineUpdater] INFO  ratis.ContainerStateMachine (ContainerStateMachine.java:takeSnapshot(294)) - group-7626FF365C38: Taking a snapshot at:(t:1, i:0) file /github/workspace/mnt/ozone/hadoop-ozone/integration-test/target/test-dir/MiniOzoneClusterImpl-1a14e66a-5c38-443d-ac03-4d7cff470839/datanode-2/data/ratis/86f0ed07-a50b-48d5-8fad-7626ff365c38/sm/snapshot.1_0
2020-07-01 13:14:32,821 [Listener at 127.0.0.1/10612] INFO  metrics.RatisMetrics (RatisMetrics.java:unregister(43)) - Unregistering Metrics Registry : ratis.server.12959356-53c4-4807-9d4f-3fbf974abe92@group-27E4BCC3A540
2020-07-01 13:14:32,822 [12959356-53c4-4807-9d4f-3fbf974abe92@group-7626FF365C38-StateMachineUpdater] INFO  ratis.ContainerStateMachine (ContainerStateMachine.java:takeSnapshot(305)) - group-7626FF365C38: Finished taking a snapshot at:(t:1, i:0) file:/github/workspace/mnt/ozone/hadoop-ozone/integration-test/target/test-dir/MiniOzoneClusterImpl-1a14e66a-5c38-443d-ac03-4d7cff470839/datanode-2/data/ratis/86f0ed07-a50b-48d5-8fad-7626ff365c38/sm/snapshot.1_0 time:0
2020-07-01 13:14:32,822 [12959356-53c4-4807-9d4f-3fbf974abe92@group-7626FF365C38-StateMachineUpdater] INFO  impl.StateMachineUpdater (StateMachineUpdater.java:takeSnapshot(277)) - 12959356-53c4-4807-9d4f-3fbf974abe92@group-7626FF365C38-StateMachineUpdater: Took a snapshot at index 0
2020-07-01 13:14:32,822 [12959356-53c4-4807-9d4f-3fbf974abe92@group-7626FF365C38-StateMachineUpdater] INFO  impl.StateMachineUpdater (StateMachineUpdater.java:lambda$new$0(87)) - 12959356-53c4-4807-9d4f-3fbf974abe92@group-7626FF365C38-StateMachineUpdater: snapshotIndex: updateIncreasingly -1 -> 0
2020-07-01 13:14:32,822 [12959356-53c4-4807-9d4f-3fbf974abe92@group-7626FF365C38-StateMachineUpdater] INFO  metrics.RatisMetrics (RatisMetrics.java:unregister(43)) - Unregistering Metrics Registry : ratis.state_machine.12959356-53c4-4807-9d4f-3fbf974abe92@group-7626FF365C38
2020-07-01 13:14:32,823 [ForkJoinPool.commonPool-worker-0] INFO  impl.RaftServerImpl (ServerState.java:close(387)) - 12959356-53c4-4807-9d4f-3fbf974abe92@group-7626FF365C38: closes. applyIndex: 0
2020-07-01 13:14:32,823 [12959356-53c4-4807-9d4f-3fbf974abe92@group-7626FF365C38-SegmentedRaftLogWorker] INFO  segmented.SegmentedRaftLogWorker (SegmentedRaftLogWorker.java:run(327)) - 12959356-53c4-4807-9d4f-3fbf974abe92@group-7626FF365C38-SegmentedRaftLogWorker was interrupted, exiting. There are 0 tasks remaining in the queue.
2020-07-01 13:14:32,823 [ForkJoinPool.commonPool-worker-0] INFO  segmented.SegmentedRaftLogWorker (SegmentedRaftLogWorker.java:close(234)) - 12959356-53c4-4807-9d4f-3fbf974abe92@group-7626FF365C38-SegmentedRaftLogWorker close()
2020-07-01 13:14:32,823 [ForkJoinPool.commonPool-worker-0] INFO  metrics.RatisMetrics (RatisMetrics.java:unregister(43)) - Unregistering Metrics Registry : ratis.log_worker.12959356-53c4-4807-9d4f-3fbf974abe92@group-7626FF365C38
2020-07-01 13:14:32,823 [ForkJoinPool.commonPool-worker-0] INFO  metrics.RatisMetrics (RatisMetrics.java:unregister(43)) - Unregistering Metrics Registry : ratis.leader_election.12959356-53c4-4807-9d4f-3fbf974abe92@group-7626FF365C38
2020-07-01 13:14:32,823 [ForkJoinPool.commonPool-worker-0] INFO  metrics.RatisMetrics (RatisMetrics.java:unregister(43)) - Unregistering Metrics Registry : ratis.server.12959356-53c4-4807-9d4f-3fbf974abe92@group-7626FF365C38
2020-07-01 13:14:32,824 [Listener at 127.0.0.1/10612] INFO  server.GrpcService (GrpcService.java:closeImpl(166)) - 12959356-53c4-4807-9d4f-3fbf974abe92: shutdown server with port 38997 now
2020-07-01 13:14:32,825 [Listener at 127.0.0.1/10612] INFO  server.GrpcService (GrpcService.java:closeImpl(174)) - 12959356-53c4-4807-9d4f-3fbf974abe92: shutdown server with port 38997 successfully
2020-07-01 13:14:32,826 [Listener at 127.0.0.1/10612] INFO  utils.BackgroundService (BackgroundService.java:shutdown(157)) - Shutting down service BlockDeletingService
2020-07-01 13:14:32,828 [Listener at 127.0.0.1/10612] INFO  statemachine.DatanodeStateMachine (DatanodeStateMachine.java:stopDaemon(428)) - Ozone container server stopped.
2020-07-01 13:14:32,829 [Listener at 127.0.0.1/10612] INFO  handler.ContextHandler (ContextHandler.java:doStop(1016)) - Stopped o.e.j.w.WebAppContext@417760ac{hddsDatanode,/,null,UNAVAILABLE}{jar:file:/home/user/.m2/repository/org/apache/hadoop/hadoop-hdds-container-service/0.6.0-SNAPSHOT/hadoop-hdds-container-service-0.6.0-SNAPSHOT.jar!/webapps/hddsDatanode}
2020-07-01 13:14:32,829 [Listener at 127.0.0.1/10612] INFO  server.AbstractConnector (AbstractConnector.java:doStop(380)) - Stopped ServerConnector@671c37e1{HTTP/1.1,[http/1.1]}{0.0.0.0:0}
2020-07-01 13:14:32,829 [Listener at 127.0.0.1/10612] INFO  server.session (HouseKeeper.java:stopScavenging(158)) - node0 Stopped scavenging
2020-07-01 13:14:32,829 [Listener at 127.0.0.1/10612] INFO  handler.ContextHandler (ContextHandler.java:doStop(1016)) - Stopped o.e.j.s.ServletContextHandler@302a78b5{static,/static,jar:file:/home/user/.m2/repository/org/apache/hadoop/hadoop-hdds-container-service/0.6.0-SNAPSHOT/hadoop-hdds-container-service-0.6.0-SNAPSHOT.jar!/webapps/static,UNAVAILABLE}
2020-07-01 13:14:32,829 [Listener at 127.0.0.1/10612] INFO  handler.ContextHandler (ContextHandler.java:doStop(1016)) - Stopped o.e.j.s.ServletContextHandler@43a6cf88{logs,/logs,file:///github/workspace/mnt/ozone/hadoop-ozone/integration-test/target/log,UNAVAILABLE}
2020-07-01 13:14:32,830 [Listener at 127.0.0.1/10612] INFO  ozone.MiniOzoneClusterImpl (MiniOzoneClusterImpl.java:stopSCM(476)) - Stopping the StorageContainerManager
2020-07-01 13:14:32,830 [Listener at 127.0.0.1/10612] INFO  server.StorageContainerManager (StorageContainerManager.java:stop(825)) - Stopping Replication Manager Service.
2020-07-01 13:14:32,830 [Listener at 127.0.0.1/10612] INFO  container.ReplicationManager (ReplicationManager.java:stop(217)) - Stopping Replication Monitor Thread.
2020-07-01 13:14:32,831 [Listener at 127.0.0.1/10612] INFO  server.StorageContainerManager (StorageContainerManager.java:stop(832)) - Stopping Lease Manager of the command watchers
2020-07-01 13:14:32,831 [CommandWatcher-LeaseManager#LeaseMonitor] ERROR lease.LeaseManager (LeaseManager.java:run(238)) - Execution was interrupted 
java.lang.InterruptedException: sleep interrupted
	at java.lang.Thread.sleep(Native Method)
	at org.apache.hadoop.ozone.lease.LeaseManager$LeaseMonitor.run(LeaseManager.java:234)
	at java.lang.Thread.run(Thread.java:748)
2020-07-01 13:14:32,831 [Listener at 127.0.0.1/10612] INFO  server.StorageContainerManager (StorageContainerManager.java:stop(839)) - Stopping datanode service RPC server
2020-07-01 13:14:32,831 [Listener at 127.0.0.1/10612] INFO  server.SCMDatanodeProtocolServer (SCMDatanodeProtocolServer.java:stop(361)) - Stopping the RPC server for DataNodes
2020-07-01 13:14:32,831 [Listener at 127.0.0.1/10612] INFO  ipc.Server (Server.java:stop(3359)) - Stopping server on 38517
2020-07-01 13:14:32,833 [IPC Server Responder] INFO  ipc.Server (Server.java:run(1465)) - Stopping IPC Server Responder
2020-07-01 13:14:32,833 [IPC Server listener on 0] INFO  ipc.Server (Server.java:run(1330)) - Stopping IPC Server listener on 0
2020-07-01 13:14:32,866 [SCM Heartbeat Processing Thread - 0] WARN  node.NodeStateManager (NodeStateManager.java:scheduleNextHealthCheck(661)) - Current Thread is interrupted, shutting down HB processing thread for Node Manager.
2020-07-01 13:14:32,866 [Listener at 127.0.0.1/10612] INFO  server.StorageContainerManager (StorageContainerManager.java:stop(847)) - Stopping block service RPC server
2020-07-01 13:14:32,866 [Listener at 127.0.0.1/10612] INFO  server.SCMBlockProtocolServer (SCMBlockProtocolServer.java:stop(158)) - Stopping the RPC server for Block Protocol
2020-07-01 13:14:32,866 [Listener at 127.0.0.1/10612] INFO  ipc.Server (Server.java:stop(3359)) - Stopping server on 46255
2020-07-01 13:14:32,868 [IPC Server listener on 0] INFO  ipc.Server (Server.java:run(1330)) - Stopping IPC Server listener on 0
2020-07-01 13:14:32,869 [IPC Server Responder] INFO  ipc.Server (Server.java:run(1465)) - Stopping IPC Server Responder
2020-07-01 13:14:32,869 [Listener at 127.0.0.1/10612] INFO  server.StorageContainerManager (StorageContainerManager.java:stop(854)) - Stopping the StorageContainerLocationProtocol RPC server
2020-07-01 13:14:32,869 [Listener at 127.0.0.1/10612] INFO  server.SCMClientProtocolServer (SCMClientProtocolServer.java:stop(165)) - Stopping the RPC server for Client Protocol
2020-07-01 13:14:32,869 [Listener at 127.0.0.1/10612] INFO  ipc.Server (Server.java:stop(3359)) - Stopping server on 33335
2020-07-01 13:14:32,871 [IPC Server listener on 0] INFO  ipc.Server (Server.java:run(1330)) - Stopping IPC Server listener on 0
2020-07-01 13:14:32,872 [Listener at 127.0.0.1/10612] INFO  server.StorageContainerManager (StorageContainerManager.java:stop(861)) - Stopping Storage Container Manager HTTP server.
2020-07-01 13:14:32,872 [IPC Server Responder] INFO  ipc.Server (Server.java:run(1465)) - Stopping IPC Server Responder
2020-07-01 13:14:32,873 [Listener at 127.0.0.1/10612] INFO  handler.ContextHandler (ContextHandler.java:doStop(1016)) - Stopped o.e.j.w.WebAppContext@5fbccc85{scm,/,null,UNAVAILABLE}{file:/github/workspace/mnt/ozone/hadoop-ozone/integration-test/target/test-classes/webapps/scm}
2020-07-01 13:14:32,875 [Listener at 127.0.0.1/10612] INFO  server.AbstractConnector (AbstractConnector.java:doStop(380)) - Stopped ServerConnector@2b976341{HTTP/1.1,[http/1.1]}{0.0.0.0:0}
2020-07-01 13:14:32,875 [Listener at 127.0.0.1/10612] INFO  server.session (HouseKeeper.java:stopScavenging(158)) - node0 Stopped scavenging
2020-07-01 13:14:32,876 [Listener at 127.0.0.1/10612] INFO  handler.ContextHandler (ContextHandler.java:doStop(1016)) - Stopped o.e.j.s.ServletContextHandler@5bde9f80{static,/static,file:///github/workspace/mnt/ozone/hadoop-ozone/integration-test/target/test-classes/webapps/static,UNAVAILABLE}
2020-07-01 13:14:32,876 [Listener at 127.0.0.1/10612] INFO  handler.ContextHandler (ContextHandler.java:doStop(1016)) - Stopped o.e.j.s.ServletContextHandler@eefaea5{logs,/logs,file:///github/workspace/mnt/ozone/hadoop-ozone/integration-test/target/log,UNAVAILABLE}
2020-07-01 13:14:32,879 [Listener at 127.0.0.1/10612] INFO  server.StorageContainerManager (StorageContainerManager.java:stop(872)) - Stopping Block Manager Service.
2020-07-01 13:14:32,879 [Listener at 127.0.0.1/10612] INFO  utils.BackgroundService (BackgroundService.java:shutdown(157)) - Shutting down service SCMBlockDeletingService
2020-07-01 13:14:32,879 [Listener at 127.0.0.1/10612] INFO  utils.BackgroundService (BackgroundService.java:shutdown(157)) - Shutting down service SCMBlockDeletingService
2020-07-01 13:14:32,880 [Listener at 127.0.0.1/10612] INFO  server.StorageContainerManager (StorageContainerManager.java:stop(897)) - Stopping SCM Event Queue.
2020-07-01 13:14:32,882 [Listener at 127.0.0.1/10612] INFO  impl.MetricsSystemImpl (MetricsSystemImpl.java:stop(210)) - Stopping HddsDatanode metrics system...
2020-07-01 13:14:32,885 [Listener at 127.0.0.1/10612] INFO  impl.MetricsSystemImpl (MetricsSystemImpl.java:stop(216)) - HddsDatanode metrics system stopped.
]]></system-out>
    <system-err><![CDATA[Jul 01, 2020 1:14:04 PM org.apache.ratis.thirdparty.io.grpc.internal.ManagedChannelOrphanWrapper$ManagedChannelReference cleanQueue
SEVERE: *~*~*~ Channel ManagedChannelImpl{logId=242, target=172.17.0.2:45479} was not shutdown properly!!! ~*~*~*
    Make sure to call shutdown()/shutdownNow() and wait until awaitTermination() returns true.
java.lang.RuntimeException: ManagedChannel allocation site
	at org.apache.ratis.thirdparty.io.grpc.internal.ManagedChannelOrphanWrapper$ManagedChannelReference.<init>(ManagedChannelOrphanWrapper.java:94)
	at org.apache.ratis.thirdparty.io.grpc.internal.ManagedChannelOrphanWrapper.<init>(ManagedChannelOrphanWrapper.java:52)
	at org.apache.ratis.thirdparty.io.grpc.internal.ManagedChannelOrphanWrapper.<init>(ManagedChannelOrphanWrapper.java:43)
	at org.apache.ratis.thirdparty.io.grpc.internal.AbstractManagedChannelImplBuilder.build(AbstractManagedChannelImplBuilder.java:518)
	at org.apache.hadoop.hdds.scm.XceiverClientGrpc.connectToDatanode(XceiverClientGrpc.java:193)
	at org.apache.hadoop.hdds.scm.XceiverClientGrpc.connect(XceiverClientGrpc.java:142)
	at org.apache.hadoop.hdds.scm.XceiverClientManager$2.call(XceiverClientManager.java:246)
	at org.apache.hadoop.hdds.scm.XceiverClientManager$2.call(XceiverClientManager.java:230)
	at com.google.common.cache.LocalCache$LocalManualCache$1.load(LocalCache.java:4876)
	at com.google.common.cache.LocalCache$LoadingValueReference.loadFuture(LocalCache.java:3529)
	at com.google.common.cache.LocalCache$Segment.loadSync(LocalCache.java:2278)
	at com.google.common.cache.LocalCache$Segment.lockedGetOrLoad(LocalCache.java:2155)
	at com.google.common.cache.LocalCache$Segment.get(LocalCache.java:2045)
	at com.google.common.cache.LocalCache.get(LocalCache.java:3951)
	at com.google.common.cache.LocalCache$LocalManualCache.get(LocalCache.java:4871)
	at org.apache.hadoop.hdds.scm.XceiverClientManager.getClient(XceiverClientManager.java:230)
	at org.apache.hadoop.hdds.scm.XceiverClientManager.acquireClient(XceiverClientManager.java:176)
	at org.apache.hadoop.hdds.scm.XceiverClientManager.acquireClientForReadData(XceiverClientManager.java:165)
	at org.apache.hadoop.hdds.scm.storage.BlockInputStream.getChunkInfos(BlockInputStream.java:184)
	at org.apache.hadoop.hdds.scm.storage.BlockInputStream.initialize(BlockInputStream.java:133)
	at org.apache.hadoop.hdds.scm.storage.BlockInputStream.read(BlockInputStream.java:254)
	at org.apache.hadoop.ozone.client.io.KeyInputStream.read(KeyInputStream.java:199)
	at org.apache.hadoop.ozone.client.io.OzoneInputStream.read(OzoneInputStream.java:47)
	at java.io.InputStream.read(InputStream.java:101)
	at org.apache.hadoop.ozone.om.TestOzoneManagerHAWithData.testCreateFile(TestOzoneManagerHAWithData.java:285)
	at org.apache.hadoop.ozone.om.TestOzoneManagerHAWithData.testFileOperationsWithRecursive(TestOzoneManagerHAWithData.java:123)
	at sun.reflect.NativeMethodAccessorImpl.invoke0(Native Method)
	at sun.reflect.NativeMethodAccessorImpl.invoke(NativeMethodAccessorImpl.java:62)
	at sun.reflect.DelegatingMethodAccessorImpl.invoke(DelegatingMethodAccessorImpl.java:43)
	at java.lang.reflect.Method.invoke(Method.java:498)
	at org.junit.runners.model.FrameworkMethod$1.runReflectiveCall(FrameworkMethod.java:47)
	at org.junit.internal.runners.model.ReflectiveCallable.run(ReflectiveCallable.java:12)
	at org.junit.runners.model.FrameworkMethod.invokeExplosively(FrameworkMethod.java:44)
	at org.junit.internal.runners.statements.InvokeMethod.evaluate(InvokeMethod.java:17)
	at org.junit.internal.runners.statements.RunBefores.evaluate(RunBefores.java:26)
	at org.junit.internal.runners.statements.RunAfters.evaluate(RunAfters.java:27)
	at org.junit.rules.ExpectedException$ExpectedExceptionStatement.evaluate(ExpectedException.java:168)
	at org.junit.internal.runners.statements.FailOnTimeout$StatementThread.run(FailOnTimeout.java:74)

Jul 01, 2020 1:14:04 PM org.apache.ratis.thirdparty.io.grpc.internal.ManagedChannelOrphanWrapper$ManagedChannelReference cleanQueue
SEVERE: *~*~*~ Channel ManagedChannelImpl{logId=402, target=172.17.0.2:41779} was not shutdown properly!!! ~*~*~*
    Make sure to call shutdown()/shutdownNow() and wait until awaitTermination() returns true.
java.lang.RuntimeException: ManagedChannel allocation site
	at org.apache.ratis.thirdparty.io.grpc.internal.ManagedChannelOrphanWrapper$ManagedChannelReference.<init>(ManagedChannelOrphanWrapper.java:94)
	at org.apache.ratis.thirdparty.io.grpc.internal.ManagedChannelOrphanWrapper.<init>(ManagedChannelOrphanWrapper.java:52)
	at org.apache.ratis.thirdparty.io.grpc.internal.ManagedChannelOrphanWrapper.<init>(ManagedChannelOrphanWrapper.java:43)
	at org.apache.ratis.thirdparty.io.grpc.internal.AbstractManagedChannelImplBuilder.build(AbstractManagedChannelImplBuilder.java:518)
	at org.apache.hadoop.hdds.scm.XceiverClientGrpc.connectToDatanode(XceiverClientGrpc.java:193)
	at org.apache.hadoop.hdds.scm.XceiverClientGrpc.connect(XceiverClientGrpc.java:142)
	at org.apache.hadoop.hdds.scm.XceiverClientManager$2.call(XceiverClientManager.java:246)
	at org.apache.hadoop.hdds.scm.XceiverClientManager$2.call(XceiverClientManager.java:230)
	at com.google.common.cache.LocalCache$LocalManualCache$1.load(LocalCache.java:4876)
	at com.google.common.cache.LocalCache$LoadingValueReference.loadFuture(LocalCache.java:3529)
	at com.google.common.cache.LocalCache$Segment.loadSync(LocalCache.java:2278)
	at com.google.common.cache.LocalCache$Segment.lockedGetOrLoad(LocalCache.java:2155)
	at com.google.common.cache.LocalCache$Segment.get(LocalCache.java:2045)
	at com.google.common.cache.LocalCache.get(LocalCache.java:3951)
	at com.google.common.cache.LocalCache$LocalManualCache.get(LocalCache.java:4871)
	at org.apache.hadoop.hdds.scm.XceiverClientManager.getClient(XceiverClientManager.java:230)
	at org.apache.hadoop.hdds.scm.XceiverClientManager.acquireClient(XceiverClientManager.java:176)
	at org.apache.hadoop.hdds.scm.XceiverClientManager.acquireClientForReadData(XceiverClientManager.java:165)
	at org.apache.hadoop.hdds.scm.storage.BlockInputStream.getChunkInfos(BlockInputStream.java:184)
	at org.apache.hadoop.hdds.scm.storage.BlockInputStream.initialize(BlockInputStream.java:133)
	at org.apache.hadoop.hdds.scm.storage.BlockInputStream.read(BlockInputStream.java:254)
	at org.apache.hadoop.ozone.client.io.KeyInputStream.read(KeyInputStream.java:199)
	at org.apache.hadoop.ozone.client.io.OzoneInputStream.read(OzoneInputStream.java:47)
	at java.io.InputStream.read(InputStream.java:101)
	at org.apache.hadoop.ozone.om.TestOzoneManagerHAWithData.createMultipartKeyAndReadKey(TestOzoneManagerHAWithData.java:390)
	at org.apache.hadoop.ozone.om.TestOzoneManagerHAWithData.testMultipartUploadWithOneOmNodeDown(TestOzoneManagerHAWithData.java:313)
	at sun.reflect.NativeMethodAccessorImpl.invoke0(Native Method)
	at sun.reflect.NativeMethodAccessorImpl.invoke(NativeMethodAccessorImpl.java:62)
	at sun.reflect.DelegatingMethodAccessorImpl.invoke(DelegatingMethodAccessorImpl.java:43)
	at java.lang.reflect.Method.invoke(Method.java:498)
	at org.junit.runners.model.FrameworkMethod$1.runReflectiveCall(FrameworkMethod.java:47)
	at org.junit.internal.runners.model.ReflectiveCallable.run(ReflectiveCallable.java:12)
	at org.junit.runners.model.FrameworkMethod.invokeExplosively(FrameworkMethod.java:44)
	at org.junit.internal.runners.statements.InvokeMethod.evaluate(InvokeMethod.java:17)
	at org.junit.internal.runners.statements.RunBefores.evaluate(RunBefores.java:26)
	at org.junit.internal.runners.statements.RunAfters.evaluate(RunAfters.java:27)
	at org.junit.rules.ExpectedException$ExpectedExceptionStatement.evaluate(ExpectedException.java:168)
	at org.junit.internal.runners.statements.FailOnTimeout$StatementThread.run(FailOnTimeout.java:74)

Jul 01, 2020 1:14:04 PM org.apache.ratis.thirdparty.io.grpc.internal.ManagedChannelOrphanWrapper$ManagedChannelReference cleanQueue
SEVERE: *~*~*~ Channel ManagedChannelImpl{logId=252, target=172.17.0.2:43347} was not shutdown properly!!! ~*~*~*
    Make sure to call shutdown()/shutdownNow() and wait until awaitTermination() returns true.
java.lang.RuntimeException: ManagedChannel allocation site
	at org.apache.ratis.thirdparty.io.grpc.internal.ManagedChannelOrphanWrapper$ManagedChannelReference.<init>(ManagedChannelOrphanWrapper.java:94)
	at org.apache.ratis.thirdparty.io.grpc.internal.ManagedChannelOrphanWrapper.<init>(ManagedChannelOrphanWrapper.java:52)
	at org.apache.ratis.thirdparty.io.grpc.internal.ManagedChannelOrphanWrapper.<init>(ManagedChannelOrphanWrapper.java:43)
	at org.apache.ratis.thirdparty.io.grpc.internal.AbstractManagedChannelImplBuilder.build(AbstractManagedChannelImplBuilder.java:518)
	at org.apache.hadoop.hdds.scm.XceiverClientGrpc.connectToDatanode(XceiverClientGrpc.java:193)
	at org.apache.hadoop.hdds.scm.XceiverClientGrpc.connect(XceiverClientGrpc.java:142)
	at org.apache.hadoop.hdds.scm.XceiverClientManager$2.call(XceiverClientManager.java:246)
	at org.apache.hadoop.hdds.scm.XceiverClientManager$2.call(XceiverClientManager.java:230)
	at com.google.common.cache.LocalCache$LocalManualCache$1.load(LocalCache.java:4876)
	at com.google.common.cache.LocalCache$LoadingValueReference.loadFuture(LocalCache.java:3529)
	at com.google.common.cache.LocalCache$Segment.loadSync(LocalCache.java:2278)
	at com.google.common.cache.LocalCache$Segment.lockedGetOrLoad(LocalCache.java:2155)
	at com.google.common.cache.LocalCache$Segment.get(LocalCache.java:2045)
	at com.google.common.cache.LocalCache.get(LocalCache.java:3951)
	at com.google.common.cache.LocalCache$LocalManualCache.get(LocalCache.java:4871)
	at org.apache.hadoop.hdds.scm.XceiverClientManager.getClient(XceiverClientManager.java:230)
	at org.apache.hadoop.hdds.scm.XceiverClientManager.acquireClient(XceiverClientManager.java:176)
	at org.apache.hadoop.hdds.scm.XceiverClientManager.acquireClientForReadData(XceiverClientManager.java:165)
	at org.apache.hadoop.hdds.scm.storage.BlockInputStream.getChunkInfos(BlockInputStream.java:184)
	at org.apache.hadoop.hdds.scm.storage.BlockInputStream.initialize(BlockInputStream.java:133)
	at org.apache.hadoop.hdds.scm.storage.BlockInputStream.read(BlockInputStream.java:254)
	at org.apache.hadoop.ozone.client.io.KeyInputStream.read(KeyInputStream.java:199)
	at org.apache.hadoop.ozone.client.io.OzoneInputStream.read(OzoneInputStream.java:47)
	at java.io.InputStream.read(InputStream.java:101)
	at org.apache.hadoop.ozone.om.TestOzoneManagerHAWithData.testCreateFile(TestOzoneManagerHAWithData.java:285)
	at org.apache.hadoop.ozone.om.TestOzoneManagerHAWithData.testFileOperationsWithRecursive(TestOzoneManagerHAWithData.java:133)
	at sun.reflect.NativeMethodAccessorImpl.invoke0(Native Method)
	at sun.reflect.NativeMethodAccessorImpl.invoke(NativeMethodAccessorImpl.java:62)
	at sun.reflect.DelegatingMethodAccessorImpl.invoke(DelegatingMethodAccessorImpl.java:43)
	at java.lang.reflect.Method.invoke(Method.java:498)
	at org.junit.runners.model.FrameworkMethod$1.runReflectiveCall(FrameworkMethod.java:47)
	at org.junit.internal.runners.model.ReflectiveCallable.run(ReflectiveCallable.java:12)
	at org.junit.runners.model.FrameworkMethod.invokeExplosively(FrameworkMethod.java:44)
	at org.junit.internal.runners.statements.InvokeMethod.evaluate(InvokeMethod.java:17)
	at org.junit.internal.runners.statements.RunBefores.evaluate(RunBefores.java:26)
	at org.junit.internal.runners.statements.RunAfters.evaluate(RunAfters.java:27)
	at org.junit.rules.ExpectedException$ExpectedExceptionStatement.evaluate(ExpectedException.java:168)
	at org.junit.internal.runners.statements.FailOnTimeout$StatementThread.run(FailOnTimeout.java:74)

Jul 01, 2020 1:14:04 PM org.apache.ratis.thirdparty.io.grpc.internal.ManagedChannelOrphanWrapper$ManagedChannelReference cleanQueue
SEVERE: *~*~*~ Channel ManagedChannelImpl{logId=377, target=172.17.0.2:37439} was not shutdown properly!!! ~*~*~*
    Make sure to call shutdown()/shutdownNow() and wait until awaitTermination() returns true.
java.lang.RuntimeException: ManagedChannel allocation site
	at org.apache.ratis.thirdparty.io.grpc.internal.ManagedChannelOrphanWrapper$ManagedChannelReference.<init>(ManagedChannelOrphanWrapper.java:94)
	at org.apache.ratis.thirdparty.io.grpc.internal.ManagedChannelOrphanWrapper.<init>(ManagedChannelOrphanWrapper.java:52)
	at org.apache.ratis.thirdparty.io.grpc.internal.ManagedChannelOrphanWrapper.<init>(ManagedChannelOrphanWrapper.java:43)
	at org.apache.ratis.thirdparty.io.grpc.internal.AbstractManagedChannelImplBuilder.build(AbstractManagedChannelImplBuilder.java:518)
	at org.apache.ratis.grpc.client.GrpcClientProtocolClient.<init>(GrpcClientProtocolClient.java:129)
	at org.apache.ratis.grpc.client.GrpcClientRpc.lambda$new$0(GrpcClientRpc.java:55)
	at org.apache.ratis.util.PeerProxyMap$PeerAndProxy.lambda$getProxy$0(PeerProxyMap.java:62)
	at org.apache.ratis.util.LifeCycle.startAndTransition(LifeCycle.java:214)
	at org.apache.ratis.util.PeerProxyMap$PeerAndProxy.getProxy(PeerProxyMap.java:61)
	at org.apache.ratis.util.PeerProxyMap.getProxy(PeerProxyMap.java:109)
	at org.apache.ratis.grpc.client.GrpcClientRpc.sendRequestAsync(GrpcClientRpc.java:66)
	at org.apache.ratis.client.impl.OrderedAsync.sendRequest(OrderedAsync.java:233)
	at org.apache.ratis.client.impl.OrderedAsync.sendRequestWithRetry(OrderedAsync.java:187)
	at org.apache.ratis.util.SlidingWindow$Client.sendOrDelayRequest(SlidingWindow.java:278)
	at org.apache.ratis.util.SlidingWindow$Client.submitNewRequest(SlidingWindow.java:257)
	at org.apache.ratis.client.impl.OrderedAsync.send(OrderedAsync.java:168)
	at org.apache.ratis.client.impl.OrderedAsync.newInstance(OrderedAsync.java:117)
	at org.apache.ratis.client.impl.RaftClientImpl.lambda$new$0(RaftClientImpl.java:127)
	at org.apache.ratis.util.MemoizedSupplier.get(MemoizedSupplier.java:62)
	at org.apache.ratis.client.impl.RaftClientImpl.getOrderedAsync(RaftClientImpl.java:150)
	at org.apache.ratis.client.impl.RaftClientImpl.sendAsync(RaftClientImpl.java:188)
	at org.apache.ratis.client.impl.RaftClientImpl.sendAsync(RaftClientImpl.java:160)
	at org.apache.hadoop.hdds.scm.XceiverClientRatis.lambda$sendRequestAsync$3(XceiverClientRatis.java:224)
	at org.apache.hadoop.hdds.tracing.TracingUtil.executeInNewSpan(TracingUtil.java:159)
	at org.apache.hadoop.hdds.scm.XceiverClientRatis.sendRequestAsync(XceiverClientRatis.java:209)
	at org.apache.hadoop.hdds.scm.XceiverClientRatis.sendCommandAsync(XceiverClientRatis.java:305)
	at org.apache.hadoop.hdds.scm.storage.ContainerProtocolCalls.writeChunkAsync(ContainerProtocolCalls.java:318)
	at org.apache.hadoop.hdds.scm.storage.BlockOutputStream.writeChunkToContainer(BlockOutputStream.java:632)
	at org.apache.hadoop.hdds.scm.storage.BlockOutputStream.writeChunk(BlockOutputStream.java:473)
	at org.apache.hadoop.hdds.scm.storage.BlockOutputStream.handleFlush(BlockOutputStream.java:487)
	at org.apache.hadoop.hdds.scm.storage.BlockOutputStream.close(BlockOutputStream.java:514)
	at org.apache.hadoop.ozone.client.io.BlockOutputStreamEntry.close(BlockOutputStreamEntry.java:149)
	at org.apache.hadoop.ozone.client.io.KeyOutputStream.handleStreamAction(KeyOutputStream.java:483)
	at org.apache.hadoop.ozone.client.io.KeyOutputStream.handleFlushOrClose(KeyOutputStream.java:457)
	at org.apache.hadoop.ozone.client.io.KeyOutputStream.close(KeyOutputStream.java:510)
	at org.apache.hadoop.ozone.client.io.OzoneOutputStream.close(OzoneOutputStream.java:60)
	at org.apache.hadoop.ozone.om.TestOzoneManagerHAWithData.createMultipartKeyAndReadKey(TestOzoneManagerHAWithData.java:375)
	at org.apache.hadoop.ozone.om.TestOzoneManagerHAWithData.testMultipartUploadWithOneOmNodeDown(TestOzoneManagerHAWithData.java:313)
	at sun.reflect.NativeMethodAccessorImpl.invoke0(Native Method)
	at sun.reflect.NativeMethodAccessorImpl.invoke(NativeMethodAccessorImpl.java:62)
	at sun.reflect.DelegatingMethodAccessorImpl.invoke(DelegatingMethodAccessorImpl.java:43)
	at java.lang.reflect.Method.invoke(Method.java:498)
	at org.junit.runners.model.FrameworkMethod$1.runReflectiveCall(FrameworkMethod.java:47)
	at org.junit.internal.runners.model.ReflectiveCallable.run(ReflectiveCallable.java:12)
	at org.junit.runners.model.FrameworkMethod.invokeExplosively(FrameworkMethod.java:44)
	at org.junit.internal.runners.statements.InvokeMethod.evaluate(InvokeMethod.java:17)
	at org.junit.internal.runners.statements.RunBefores.evaluate(RunBefores.java:26)
	at org.junit.internal.runners.statements.RunAfters.evaluate(RunAfters.java:27)
	at org.junit.rules.ExpectedException$ExpectedExceptionStatement.evaluate(ExpectedException.java:168)
	at org.junit.internal.runners.statements.FailOnTimeout$StatementThread.run(FailOnTimeout.java:74)

Jul 01, 2020 1:14:04 PM org.apache.ratis.thirdparty.io.grpc.internal.ManagedChannelOrphanWrapper$ManagedChannelReference cleanQueue
SEVERE: *~*~*~ Channel ManagedChannelImpl{logId=237, target=172.17.0.2:42561} was not shutdown properly!!! ~*~*~*
    Make sure to call shutdown()/shutdownNow() and wait until awaitTermination() returns true.
java.lang.RuntimeException: ManagedChannel allocation site
	at org.apache.ratis.thirdparty.io.grpc.internal.ManagedChannelOrphanWrapper$ManagedChannelReference.<init>(ManagedChannelOrphanWrapper.java:94)
	at org.apache.ratis.thirdparty.io.grpc.internal.ManagedChannelOrphanWrapper.<init>(ManagedChannelOrphanWrapper.java:52)
	at org.apache.ratis.thirdparty.io.grpc.internal.ManagedChannelOrphanWrapper.<init>(ManagedChannelOrphanWrapper.java:43)
	at org.apache.ratis.thirdparty.io.grpc.internal.AbstractManagedChannelImplBuilder.build(AbstractManagedChannelImplBuilder.java:518)
	at org.apache.ratis.grpc.client.GrpcClientProtocolClient.<init>(GrpcClientProtocolClient.java:129)
	at org.apache.ratis.grpc.client.GrpcClientRpc.lambda$new$0(GrpcClientRpc.java:55)
	at org.apache.ratis.util.PeerProxyMap$PeerAndProxy.lambda$getProxy$0(PeerProxyMap.java:62)
	at org.apache.ratis.util.LifeCycle.startAndTransition(LifeCycle.java:214)
	at org.apache.ratis.util.PeerProxyMap$PeerAndProxy.getProxy(PeerProxyMap.java:61)
	at org.apache.ratis.util.PeerProxyMap.getProxy(PeerProxyMap.java:109)
	at org.apache.ratis.grpc.client.GrpcClientRpc.sendRequestAsync(GrpcClientRpc.java:66)
	at org.apache.ratis.client.impl.OrderedAsync.sendRequest(OrderedAsync.java:233)
	at org.apache.ratis.client.impl.OrderedAsync.sendRequestWithRetry(OrderedAsync.java:187)
	at org.apache.ratis.util.SlidingWindow$Client.sendOrDelayRequest(SlidingWindow.java:278)
	at org.apache.ratis.util.SlidingWindow$Client.submitNewRequest(SlidingWindow.java:257)
	at org.apache.ratis.client.impl.OrderedAsync.send(OrderedAsync.java:168)
	at org.apache.ratis.client.impl.OrderedAsync.newInstance(OrderedAsync.java:117)
	at org.apache.ratis.client.impl.RaftClientImpl.lambda$new$0(RaftClientImpl.java:127)
	at org.apache.ratis.util.MemoizedSupplier.get(MemoizedSupplier.java:62)
	at org.apache.ratis.client.impl.RaftClientImpl.getOrderedAsync(RaftClientImpl.java:150)
	at org.apache.ratis.client.impl.RaftClientImpl.sendAsync(RaftClientImpl.java:188)
	at org.apache.ratis.client.impl.RaftClientImpl.sendAsync(RaftClientImpl.java:160)
	at org.apache.hadoop.hdds.scm.XceiverClientRatis.lambda$sendRequestAsync$3(XceiverClientRatis.java:224)
	at org.apache.hadoop.hdds.tracing.TracingUtil.executeInNewSpan(TracingUtil.java:159)
	at org.apache.hadoop.hdds.scm.XceiverClientRatis.sendRequestAsync(XceiverClientRatis.java:209)
	at org.apache.hadoop.hdds.scm.XceiverClientRatis.sendCommandAsync(XceiverClientRatis.java:305)
	at org.apache.hadoop.hdds.scm.storage.ContainerProtocolCalls.writeChunkAsync(ContainerProtocolCalls.java:318)
	at org.apache.hadoop.hdds.scm.storage.BlockOutputStream.writeChunkToContainer(BlockOutputStream.java:632)
	at org.apache.hadoop.hdds.scm.storage.BlockOutputStream.writeChunk(BlockOutputStream.java:473)
	at org.apache.hadoop.hdds.scm.storage.BlockOutputStream.handleFlush(BlockOutputStream.java:487)
	at org.apache.hadoop.hdds.scm.storage.BlockOutputStream.close(BlockOutputStream.java:514)
	at org.apache.hadoop.ozone.client.io.BlockOutputStreamEntry.close(BlockOutputStreamEntry.java:149)
	at org.apache.hadoop.ozone.client.io.KeyOutputStream.handleStreamAction(KeyOutputStream.java:483)
	at org.apache.hadoop.ozone.client.io.KeyOutputStream.handleFlushOrClose(KeyOutputStream.java:457)
	at org.apache.hadoop.ozone.client.io.KeyOutputStream.close(KeyOutputStream.java:510)
	at org.apache.hadoop.ozone.client.io.OzoneOutputStream.close(OzoneOutputStream.java:60)
	at org.apache.hadoop.ozone.om.TestOzoneManagerHAWithData.testCreateFile(TestOzoneManagerHAWithData.java:272)
	at org.apache.hadoop.ozone.om.TestOzoneManagerHAWithData.testFileOperationsWithRecursive(TestOzoneManagerHAWithData.java:123)
	at sun.reflect.NativeMethodAccessorImpl.invoke0(Native Method)
	at sun.reflect.NativeMethodAccessorImpl.invoke(NativeMethodAccessorImpl.java:62)
	at sun.reflect.DelegatingMethodAccessorImpl.invoke(DelegatingMethodAccessorImpl.java:43)
	at java.lang.reflect.Method.invoke(Method.java:498)
	at org.junit.runners.model.FrameworkMethod$1.runReflectiveCall(FrameworkMethod.java:47)
	at org.junit.internal.runners.model.ReflectiveCallable.run(ReflectiveCallable.java:12)
	at org.junit.runners.model.FrameworkMethod.invokeExplosively(FrameworkMethod.java:44)
	at org.junit.internal.runners.statements.InvokeMethod.evaluate(InvokeMethod.java:17)
	at org.junit.internal.runners.statements.RunBefores.evaluate(RunBefores.java:26)
	at org.junit.internal.runners.statements.RunAfters.evaluate(RunAfters.java:27)
	at org.junit.rules.ExpectedException$ExpectedExceptionStatement.evaluate(ExpectedException.java:168)
	at org.junit.internal.runners.statements.FailOnTimeout$StatementThread.run(FailOnTimeout.java:74)

Jul 01, 2020 1:14:04 PM org.apache.ratis.thirdparty.io.grpc.internal.ManagedChannelOrphanWrapper$ManagedChannelReference cleanQueue
SEVERE: *~*~*~ Channel ManagedChannelImpl{logId=247, target=172.17.0.2:40225} was not shutdown properly!!! ~*~*~*
    Make sure to call shutdown()/shutdownNow() and wait until awaitTermination() returns true.
java.lang.RuntimeException: ManagedChannel allocation site
	at org.apache.ratis.thirdparty.io.grpc.internal.ManagedChannelOrphanWrapper$ManagedChannelReference.<init>(ManagedChannelOrphanWrapper.java:94)
	at org.apache.ratis.thirdparty.io.grpc.internal.ManagedChannelOrphanWrapper.<init>(ManagedChannelOrphanWrapper.java:52)
	at org.apache.ratis.thirdparty.io.grpc.internal.ManagedChannelOrphanWrapper.<init>(ManagedChannelOrphanWrapper.java:43)
	at org.apache.ratis.thirdparty.io.grpc.internal.AbstractManagedChannelImplBuilder.build(AbstractManagedChannelImplBuilder.java:518)
	at org.apache.ratis.grpc.client.GrpcClientProtocolClient.<init>(GrpcClientProtocolClient.java:129)
	at org.apache.ratis.grpc.client.GrpcClientRpc.lambda$new$0(GrpcClientRpc.java:55)
	at org.apache.ratis.util.PeerProxyMap$PeerAndProxy.lambda$getProxy$0(PeerProxyMap.java:62)
	at org.apache.ratis.util.LifeCycle.startAndTransition(LifeCycle.java:214)
	at org.apache.ratis.util.PeerProxyMap$PeerAndProxy.getProxy(PeerProxyMap.java:61)
	at org.apache.ratis.util.PeerProxyMap.getProxy(PeerProxyMap.java:109)
	at org.apache.ratis.grpc.client.GrpcClientRpc.sendRequestAsync(GrpcClientRpc.java:66)
	at org.apache.ratis.client.impl.OrderedAsync.sendRequest(OrderedAsync.java:233)
	at org.apache.ratis.client.impl.OrderedAsync.sendRequestWithRetry(OrderedAsync.java:187)
	at org.apache.ratis.util.SlidingWindow$Client.sendOrDelayRequest(SlidingWindow.java:278)
	at org.apache.ratis.util.SlidingWindow$Client.submitNewRequest(SlidingWindow.java:257)
	at org.apache.ratis.client.impl.OrderedAsync.send(OrderedAsync.java:168)
	at org.apache.ratis.client.impl.OrderedAsync.newInstance(OrderedAsync.java:117)
	at org.apache.ratis.client.impl.RaftClientImpl.lambda$new$0(RaftClientImpl.java:127)
	at org.apache.ratis.util.MemoizedSupplier.get(MemoizedSupplier.java:62)
	at org.apache.ratis.client.impl.RaftClientImpl.getOrderedAsync(RaftClientImpl.java:150)
	at org.apache.ratis.client.impl.RaftClientImpl.sendAsync(RaftClientImpl.java:188)
	at org.apache.ratis.client.impl.RaftClientImpl.sendAsync(RaftClientImpl.java:160)
	at org.apache.hadoop.hdds.scm.XceiverClientRatis.lambda$sendRequestAsync$3(XceiverClientRatis.java:224)
	at org.apache.hadoop.hdds.tracing.TracingUtil.executeInNewSpan(TracingUtil.java:159)
	at org.apache.hadoop.hdds.scm.XceiverClientRatis.sendRequestAsync(XceiverClientRatis.java:209)
	at org.apache.hadoop.hdds.scm.XceiverClientRatis.sendCommandAsync(XceiverClientRatis.java:305)
	at org.apache.hadoop.hdds.scm.storage.ContainerProtocolCalls.writeChunkAsync(ContainerProtocolCalls.java:318)
	at org.apache.hadoop.hdds.scm.storage.BlockOutputStream.writeChunkToContainer(BlockOutputStream.java:632)
	at org.apache.hadoop.hdds.scm.storage.BlockOutputStream.writeChunk(BlockOutputStream.java:473)
	at org.apache.hadoop.hdds.scm.storage.BlockOutputStream.handleFlush(BlockOutputStream.java:487)
	at org.apache.hadoop.hdds.scm.storage.BlockOutputStream.close(BlockOutputStream.java:514)
	at org.apache.hadoop.ozone.client.io.BlockOutputStreamEntry.close(BlockOutputStreamEntry.java:149)
	at org.apache.hadoop.ozone.client.io.KeyOutputStream.handleStreamAction(KeyOutputStream.java:483)
	at org.apache.hadoop.ozone.client.io.KeyOutputStream.handleFlushOrClose(KeyOutputStream.java:457)
	at org.apache.hadoop.ozone.client.io.KeyOutputStream.close(KeyOutputStream.java:510)
	at org.apache.hadoop.ozone.client.io.OzoneOutputStream.close(OzoneOutputStream.java:60)
	at org.apache.hadoop.ozone.om.TestOzoneManagerHAWithData.testCreateFile(TestOzoneManagerHAWithData.java:272)
	at org.apache.hadoop.ozone.om.TestOzoneManagerHAWithData.testFileOperationsWithRecursive(TestOzoneManagerHAWithData.java:133)
	at sun.reflect.NativeMethodAccessorImpl.invoke0(Native Method)
	at sun.reflect.NativeMethodAccessorImpl.invoke(NativeMethodAccessorImpl.java:62)
	at sun.reflect.DelegatingMethodAccessorImpl.invoke(DelegatingMethodAccessorImpl.java:43)
	at java.lang.reflect.Method.invoke(Method.java:498)
	at org.junit.runners.model.FrameworkMethod$1.runReflectiveCall(FrameworkMethod.java:47)
	at org.junit.internal.runners.model.ReflectiveCallable.run(ReflectiveCallable.java:12)
	at org.junit.runners.model.FrameworkMethod.invokeExplosively(FrameworkMethod.java:44)
	at org.junit.internal.runners.statements.InvokeMethod.evaluate(InvokeMethod.java:17)
	at org.junit.internal.runners.statements.RunBefores.evaluate(RunBefores.java:26)
	at org.junit.internal.runners.statements.RunAfters.evaluate(RunAfters.java:27)
	at org.junit.rules.ExpectedException$ExpectedExceptionStatement.evaluate(ExpectedException.java:168)
	at org.junit.internal.runners.statements.FailOnTimeout$StatementThread.run(FailOnTimeout.java:74)

Jul 01, 2020 1:14:04 PM org.apache.ratis.thirdparty.io.grpc.internal.ManagedChannelOrphanWrapper$ManagedChannelReference cleanQueue
SEVERE: *~*~*~ Channel ManagedChannelImpl{logId=78, target=172.17.0.2:45363} was not shutdown properly!!! ~*~*~*
    Make sure to call shutdown()/shutdownNow() and wait until awaitTermination() returns true.
java.lang.RuntimeException: ManagedChannel allocation site
	at org.apache.ratis.thirdparty.io.grpc.internal.ManagedChannelOrphanWrapper$ManagedChannelReference.<init>(ManagedChannelOrphanWrapper.java:94)
	at org.apache.ratis.thirdparty.io.grpc.internal.ManagedChannelOrphanWrapper.<init>(ManagedChannelOrphanWrapper.java:52)
	at org.apache.ratis.thirdparty.io.grpc.internal.ManagedChannelOrphanWrapper.<init>(ManagedChannelOrphanWrapper.java:43)
	at org.apache.ratis.thirdparty.io.grpc.internal.AbstractManagedChannelImplBuilder.build(AbstractManagedChannelImplBuilder.java:518)
	at org.apache.ratis.grpc.client.GrpcClientProtocolClient.<init>(GrpcClientProtocolClient.java:129)
	at org.apache.ratis.grpc.client.GrpcClientRpc.lambda$new$0(GrpcClientRpc.java:55)
	at org.apache.ratis.util.PeerProxyMap$PeerAndProxy.lambda$getProxy$0(PeerProxyMap.java:62)
	at org.apache.ratis.util.LifeCycle.startAndTransition(LifeCycle.java:214)
	at org.apache.ratis.util.PeerProxyMap$PeerAndProxy.getProxy(PeerProxyMap.java:61)
	at org.apache.ratis.util.PeerProxyMap.getProxy(PeerProxyMap.java:109)
	at org.apache.ratis.grpc.client.GrpcClientRpc.sendRequestAsync(GrpcClientRpc.java:66)
	at org.apache.ratis.client.impl.OrderedAsync.sendRequest(OrderedAsync.java:233)
	at org.apache.ratis.client.impl.OrderedAsync.sendRequestWithRetry(OrderedAsync.java:187)
	at org.apache.ratis.util.SlidingWindow$Client.sendOrDelayRequest(SlidingWindow.java:278)
	at org.apache.ratis.util.SlidingWindow$Client.submitNewRequest(SlidingWindow.java:257)
	at org.apache.ratis.client.impl.OrderedAsync.send(OrderedAsync.java:168)
	at org.apache.ratis.client.impl.OrderedAsync.newInstance(OrderedAsync.java:117)
	at org.apache.ratis.client.impl.RaftClientImpl.lambda$new$0(RaftClientImpl.java:127)
	at org.apache.ratis.util.MemoizedSupplier.get(MemoizedSupplier.java:62)
	at org.apache.ratis.client.impl.RaftClientImpl.getOrderedAsync(RaftClientImpl.java:150)
	at org.apache.ratis.client.impl.RaftClientImpl.sendAsync(RaftClientImpl.java:188)
	at org.apache.ratis.client.impl.RaftClientImpl.sendAsync(RaftClientImpl.java:160)
	at org.apache.hadoop.hdds.scm.XceiverClientRatis.lambda$sendRequestAsync$3(XceiverClientRatis.java:224)
	at org.apache.hadoop.hdds.tracing.TracingUtil.executeInNewSpan(TracingUtil.java:159)
	at org.apache.hadoop.hdds.scm.XceiverClientRatis.sendRequestAsync(XceiverClientRatis.java:209)
	at org.apache.hadoop.hdds.scm.XceiverClientRatis.sendCommandAsync(XceiverClientRatis.java:305)
	at org.apache.hadoop.hdds.scm.storage.ContainerProtocolCalls.writeChunkAsync(ContainerProtocolCalls.java:318)
	at org.apache.hadoop.hdds.scm.storage.BlockOutputStream.writeChunkToContainer(BlockOutputStream.java:632)
	at org.apache.hadoop.hdds.scm.storage.BlockOutputStream.writeChunk(BlockOutputStream.java:473)
	at org.apache.hadoop.hdds.scm.storage.BlockOutputStream.handleFlush(BlockOutputStream.java:487)
	at org.apache.hadoop.hdds.scm.storage.BlockOutputStream.close(BlockOutputStream.java:514)
	at org.apache.hadoop.ozone.client.io.BlockOutputStreamEntry.close(BlockOutputStreamEntry.java:149)
	at org.apache.hadoop.ozone.client.io.KeyOutputStream.handleStreamAction(KeyOutputStream.java:483)
	at org.apache.hadoop.ozone.client.io.KeyOutputStream.handleFlushOrClose(KeyOutputStream.java:457)
	at org.apache.hadoop.ozone.client.io.KeyOutputStream.close(KeyOutputStream.java:510)
	at org.apache.hadoop.ozone.client.io.OzoneOutputStream.close(OzoneOutputStream.java:60)
	at org.apache.hadoop.ozone.om.TestOzoneManagerHAWithData.createMultipartKeyAndReadKey(TestOzoneManagerHAWithData.java:375)
	at org.apache.hadoop.ozone.om.TestOzoneManagerHAWithData.testMultipartUpload(TestOzoneManagerHAWithData.java:110)
	at sun.reflect.NativeMethodAccessorImpl.invoke0(Native Method)
	at sun.reflect.NativeMethodAccessorImpl.invoke(NativeMethodAccessorImpl.java:62)
	at sun.reflect.DelegatingMethodAccessorImpl.invoke(DelegatingMethodAccessorImpl.java:43)
	at java.lang.reflect.Method.invoke(Method.java:498)
	at org.junit.runners.model.FrameworkMethod$1.runReflectiveCall(FrameworkMethod.java:47)
	at org.junit.internal.runners.model.ReflectiveCallable.run(ReflectiveCallable.java:12)
	at org.junit.runners.model.FrameworkMethod.invokeExplosively(FrameworkMethod.java:44)
	at org.junit.internal.runners.statements.InvokeMethod.evaluate(InvokeMethod.java:17)
	at org.junit.internal.runners.statements.RunBefores.evaluate(RunBefores.java:26)
	at org.junit.internal.runners.statements.RunAfters.evaluate(RunAfters.java:27)
	at org.junit.rules.ExpectedException$ExpectedExceptionStatement.evaluate(ExpectedException.java:168)
	at org.junit.internal.runners.statements.FailOnTimeout$StatementThread.run(FailOnTimeout.java:74)

Jul 01, 2020 1:14:04 PM org.apache.ratis.thirdparty.io.grpc.internal.ManagedChannelOrphanWrapper$ManagedChannelReference cleanQueue
SEVERE: *~*~*~ Channel ManagedChannelImpl{logId=83, target=172.17.0.2:43971} was not shutdown properly!!! ~*~*~*
    Make sure to call shutdown()/shutdownNow() and wait until awaitTermination() returns true.
java.lang.RuntimeException: ManagedChannel allocation site
	at org.apache.ratis.thirdparty.io.grpc.internal.ManagedChannelOrphanWrapper$ManagedChannelReference.<init>(ManagedChannelOrphanWrapper.java:94)
	at org.apache.ratis.thirdparty.io.grpc.internal.ManagedChannelOrphanWrapper.<init>(ManagedChannelOrphanWrapper.java:52)
	at org.apache.ratis.thirdparty.io.grpc.internal.ManagedChannelOrphanWrapper.<init>(ManagedChannelOrphanWrapper.java:43)
	at org.apache.ratis.thirdparty.io.grpc.internal.AbstractManagedChannelImplBuilder.build(AbstractManagedChannelImplBuilder.java:518)
	at org.apache.hadoop.hdds.scm.XceiverClientGrpc.connectToDatanode(XceiverClientGrpc.java:193)
	at org.apache.hadoop.hdds.scm.XceiverClientGrpc.connect(XceiverClientGrpc.java:142)
	at org.apache.hadoop.hdds.scm.XceiverClientManager$2.call(XceiverClientManager.java:246)
	at org.apache.hadoop.hdds.scm.XceiverClientManager$2.call(XceiverClientManager.java:230)
	at com.google.common.cache.LocalCache$LocalManualCache$1.load(LocalCache.java:4876)
	at com.google.common.cache.LocalCache$LoadingValueReference.loadFuture(LocalCache.java:3529)
	at com.google.common.cache.LocalCache$Segment.loadSync(LocalCache.java:2278)
	at com.google.common.cache.LocalCache$Segment.lockedGetOrLoad(LocalCache.java:2155)
	at com.google.common.cache.LocalCache$Segment.get(LocalCache.java:2045)
	at com.google.common.cache.LocalCache.get(LocalCache.java:3951)
	at com.google.common.cache.LocalCache$LocalManualCache.get(LocalCache.java:4871)
	at org.apache.hadoop.hdds.scm.XceiverClientManager.getClient(XceiverClientManager.java:230)
	at org.apache.hadoop.hdds.scm.XceiverClientManager.acquireClient(XceiverClientManager.java:176)
	at org.apache.hadoop.hdds.scm.XceiverClientManager.acquireClientForReadData(XceiverClientManager.java:165)
	at org.apache.hadoop.hdds.scm.storage.BlockInputStream.getChunkInfos(BlockInputStream.java:184)
	at org.apache.hadoop.hdds.scm.storage.BlockInputStream.initialize(BlockInputStream.java:133)
	at org.apache.hadoop.hdds.scm.storage.BlockInputStream.read(BlockInputStream.java:254)
	at org.apache.hadoop.ozone.client.io.KeyInputStream.read(KeyInputStream.java:199)
	at org.apache.hadoop.ozone.client.io.OzoneInputStream.read(OzoneInputStream.java:47)
	at java.io.InputStream.read(InputStream.java:101)
	at org.apache.hadoop.ozone.om.TestOzoneManagerHAWithData.createMultipartKeyAndReadKey(TestOzoneManagerHAWithData.java:390)
	at org.apache.hadoop.ozone.om.TestOzoneManagerHAWithData.testMultipartUpload(TestOzoneManagerHAWithData.java:110)
	at sun.reflect.NativeMethodAccessorImpl.invoke0(Native Method)
	at sun.reflect.NativeMethodAccessorImpl.invoke(NativeMethodAccessorImpl.java:62)
	at sun.reflect.DelegatingMethodAccessorImpl.invoke(DelegatingMethodAccessorImpl.java:43)
	at java.lang.reflect.Method.invoke(Method.java:498)
	at org.junit.runners.model.FrameworkMethod$1.runReflectiveCall(FrameworkMethod.java:47)
	at org.junit.internal.runners.model.ReflectiveCallable.run(ReflectiveCallable.java:12)
	at org.junit.runners.model.FrameworkMethod.invokeExplosively(FrameworkMethod.java:44)
	at org.junit.internal.runners.statements.InvokeMethod.evaluate(InvokeMethod.java:17)
	at org.junit.internal.runners.statements.RunBefores.evaluate(RunBefores.java:26)
	at org.junit.internal.runners.statements.RunAfters.evaluate(RunAfters.java:27)
	at org.junit.rules.ExpectedException$ExpectedExceptionStatement.evaluate(ExpectedException.java:168)
	at org.junit.internal.runners.statements.FailOnTimeout$StatementThread.run(FailOnTimeout.java:74)

]]></system-err>
  </testcase>
  <testcase name="testAllOMNodesRunning" classname="org.apache.hadoop.ozone.om.TestOzoneManagerHAWithData" time="24.046"/>
  <testcase name="testIncrementalWaitTimeWithSameNodeFailover" classname="org.apache.hadoop.ozone.om.TestOzoneManagerHAWithData" time="29.022"/>
  <testcase name="testListParts" classname="org.apache.hadoop.ozone.om.TestOzoneManagerHAWithData" time="40.148"/>
  <testcase name="testFileOperationsWithNonRecursive" classname="org.apache.hadoop.ozone.om.TestOzoneManagerHAWithData" time="24.318"/>
  <testcase name="testOneOMNodeDown" classname="org.apache.hadoop.ozone.om.TestOzoneManagerHAWithData" time="28.033"/>
  <testcase name="testTwoOMNodesDown" classname="org.apache.hadoop.ozone.om.TestOzoneManagerHAWithData" time="0">
    <skipped message="This test is failing randomly. It will be enabled after fixing it."/>
  </testcase>
  <testcase name="testOMRestart" classname="org.apache.hadoop.ozone.om.TestOzoneManagerHAWithData" time="29.549"/>
</testsuite>