<?xml version="1.0" encoding="UTF-8"?>
<testsuite xmlns:xsi="http://www.w3.org/2001/XMLSchema-instance" xsi:noNamespaceSchemaLocation="https://maven.apache.org/surefire/maven-surefire-plugin/xsd/surefire-test-report.xsd" name="org.apache.hadoop.hdds.scm.TestSCMInstallSnapshot" time="59.474" tests="2" errors="0" skipped="0" failures="1">
  <properties>
    <property name="awt.toolkit" value="sun.awt.X11.XToolkit"/>
    <property name="file.encoding.pkg" value="sun.io"/>
    <property name="java.specification.version" value="1.8"/>
    <property name="sun.cpu.isalist" value=""/>
    <property name="sun.jnu.encoding" value="UTF-8"/>
    <property name="java.class.path" value="/home/runner/work/ozone/ozone/hadoop-ozone/integration-test/target/test-classes:/home/runner/work/ozone/ozone/hadoop-ozone/integration-test/target/classes:/home/runner/.m2/repository/org/apache/ozone/ozone-common/1.3.0-SNAPSHOT/ozone-common-1.3.0-SNAPSHOT.jar:/home/runner/.m2/repository/org/apache/commons/commons-compress/1.21/commons-compress-1.21.jar:/home/runner/.m2/repository/org/apache/ozone/hdds-common/1.3.0-SNAPSHOT/hdds-common-1.3.0-SNAPSHOT.jar:/home/runner/.m2/repository/org/apache/ozone/hdds-client/1.3.0-SNAPSHOT/hdds-client-1.3.0-SNAPSHOT.jar:/home/runner/.m2/repository/org/apache/ozone/ozone-interface-client/1.3.0-SNAPSHOT/ozone-interface-client-1.3.0-SNAPSHOT.jar:/home/runner/.m2/repository/org/apache/ozone/hdds-test-utils/1.3.0-SNAPSHOT/hdds-test-utils-1.3.0-SNAPSHOT.jar:/home/runner/.m2/repository/com/google/guava/guava/30.1.1-jre/guava-30.1.1-jre.jar:/home/runner/.m2/repository/com/google/guava/failureaccess/1.0.1/failureaccess-1.0.1.jar:/home/runner/.m2/repository/com/google/guava/listenablefuture/9999.0-empty-to-avoid-conflict-with-guava/listenablefuture-9999.0-empty-to-avoid-conflict-with-guava.jar:/home/runner/.m2/repository/com/google/code/findbugs/jsr305/3.0.0/jsr305-3.0.0.jar:/home/runner/.m2/repository/org/checkerframework/checker-qual/3.8.0/checker-qual-3.8.0.jar:/home/runner/.m2/repository/com/google/errorprone/error_prone_annotations/2.2.0/error_prone_annotations-2.2.0.jar:/home/runner/.m2/repository/com/google/j2objc/j2objc-annotations/1.3/j2objc-annotations-1.3.jar:/home/runner/.m2/repository/commons-io/commons-io/2.11.0/commons-io-2.11.0.jar:/home/runner/.m2/repository/commons-logging/commons-logging/1.2/commons-logging-1.2.jar:/home/runner/.m2/repository/log4j/log4j/1.2.17/log4j-1.2.17.jar:/home/runner/.m2/repository/org/slf4j/slf4j-api/1.7.30/slf4j-api-1.7.30.jar:/home/runner/.m2/repository/org/apache/ozone/hdds-server-scm/1.3.0-SNAPSHOT/hdds-server-scm-1.3.0-SNAPSHOT.jar:/home/runner/.m2/repository/org/apache/ozone/hdds-container-service/1.3.0-SNAPSHOT/hdds-container-service-1.3.0-SNAPSHOT.jar:/home/runner/.m2/repository/org/apache/ozone/hdds-hadoop-dependency-server/1.3.0-SNAPSHOT/hdds-hadoop-dependency-server-1.3.0-SNAPSHOT.jar:/home/runner/.m2/repository/org/apache/hadoop/hadoop-hdfs/3.3.1/hadoop-hdfs-3.3.1.jar:/home/runner/.m2/repository/org/apache/ozone/hdds-server-framework/1.3.0-SNAPSHOT/hdds-server-framework-1.3.0-SNAPSHOT.jar:/home/runner/.m2/repository/org/apache/ozone/hdds-interface-server/1.3.0-SNAPSHOT/hdds-interface-server-1.3.0-SNAPSHOT.jar:/home/runner/.m2/repository/org/eclipse/jetty/jetty-servlet/9.4.43.v20210629/jetty-servlet-9.4.43.v20210629.jar:/home/runner/.m2/repository/org/eclipse/jetty/jetty-security/9.4.43.v20210629/jetty-security-9.4.43.v20210629.jar:/home/runner/.m2/repository/org/rocksdb/rocksdbjni/6.25.3/rocksdbjni-6.25.3.jar:/home/runner/.m2/repository/io/prometheus/simpleclient_dropwizard/0.7.0/simpleclient_dropwizard-0.7.0.jar:/home/runner/.m2/repository/io/prometheus/simpleclient/0.7.0/simpleclient-0.7.0.jar:/home/runner/.m2/repository/io/prometheus/simpleclient_common/0.7.0/simpleclient_common-0.7.0.jar:/home/runner/.m2/repository/com/fasterxml/jackson/datatype/jackson-datatype-jsr310/2.12.1/jackson-datatype-jsr310-2.12.1.jar:/home/runner/.m2/repository/io/dropwizard/metrics/metrics-core/3.2.4/metrics-core-3.2.4.jar:/home/runner/.m2/repository/org/apache/hadoop/hadoop-hdfs-client/3.3.1/hadoop-hdfs-client-3.3.1.jar:/home/runner/.m2/repository/org/bouncycastle/bcprov-jdk15on/1.67/bcprov-jdk15on-1.67.jar:/home/runner/.m2/repository/com/google/protobuf/protobuf-java/2.5.0/protobuf-java-2.5.0.jar:/home/runner/.m2/repository/org/apache/ozone/ozone-manager/1.3.0-SNAPSHOT/ozone-manager-1.3.0-SNAPSHOT.jar:/home/runner/.m2/repository/org/aspectj/aspectjrt/1.9.7/aspectjrt-1.9.7.jar:/home/runner/.m2/repository/org/aspectj/aspectjweaver/1.9.7/aspectjweaver-1.9.7.jar:/home/runner/.m2/repository/org/apache/ozone/hdds-interface-client/1.3.0-SNAPSHOT/hdds-interface-client-1.3.0-SNAPSHOT.jar:/home/runner/.m2/repository/org/apache/hadoop/thirdparty/hadoop-shaded-protobuf_3_7/1.1.1/hadoop-shaded-protobuf_3_7-1.1.1.jar:/home/runner/.m2/repository/org/apache/ozone/ozone-interface-storage/1.3.0-SNAPSHOT/ozone-interface-storage-1.3.0-SNAPSHOT.jar:/home/runner/.m2/repository/org/reflections/reflections/0.9.11/reflections-0.9.11.jar:/home/runner/.m2/repository/org/apache/hadoop/hadoop-minikdc/3.3.1/hadoop-minikdc-3.3.1.jar:/home/runner/.m2/repository/org/apache/kerby/kerb-simplekdc/1.0.1/kerb-simplekdc-1.0.1.jar:/home/runner/.m2/repository/org/apache/kerby/kerb-client/1.0.1/kerb-client-1.0.1.jar:/home/runner/.m2/repository/org/apache/kerby/kerby-config/1.0.1/kerby-config-1.0.1.jar:/home/runner/.m2/repository/org/apache/kerby/kerb-common/1.0.1/kerb-common-1.0.1.jar:/home/runner/.m2/repository/org/apache/kerby/kerb-crypto/1.0.1/kerb-crypto-1.0.1.jar:/home/runner/.m2/repository/org/apache/kerby/kerb-util/1.0.1/kerb-util-1.0.1.jar:/home/runner/.m2/repository/org/apache/kerby/token-provider/1.0.1/token-provider-1.0.1.jar:/home/runner/.m2/repository/org/apache/kerby/kerb-admin/1.0.1/kerb-admin-1.0.1.jar:/home/runner/.m2/repository/org/apache/kerby/kerb-server/1.0.1/kerb-server-1.0.1.jar:/home/runner/.m2/repository/org/apache/kerby/kerb-identity/1.0.1/kerb-identity-1.0.1.jar:/home/runner/.m2/repository/org/apache/kerby/kerby-xdr/1.0.1/kerby-xdr-1.0.1.jar:/home/runner/.m2/repository/org/slf4j/slf4j-log4j12/1.7.30/slf4j-log4j12-1.7.30.jar:/home/runner/.m2/repository/org/apache/ozone/ozone-s3gateway/1.3.0-SNAPSHOT/ozone-s3gateway-1.3.0-SNAPSHOT.jar:/home/runner/.m2/repository/org/javassist/javassist/3.21.0-GA/javassist-3.21.0-GA.jar:/home/runner/.m2/repository/org/jboss/weld/servlet/weld-servlet/2.4.7.Final/weld-servlet-2.4.7.Final.jar:/home/runner/.m2/repository/org/glassfish/jersey/containers/jersey-container-servlet-core/2.33/jersey-container-servlet-core-2.33.jar:/home/runner/.m2/repository/org/glassfish/hk2/external/jakarta.inject/2.6.1/jakarta.inject-2.6.1.jar:/home/runner/.m2/repository/org/glassfish/jersey/core/jersey-common/2.33/jersey-common-2.33.jar:/home/runner/.m2/repository/jakarta/ws/rs/jakarta.ws.rs-api/2.1.6/jakarta.ws.rs-api-2.1.6.jar:/home/runner/.m2/repository/org/glassfish/jersey/ext/cdi/jersey-cdi1x/2.33/jersey-cdi1x-2.33.jar:/home/runner/.m2/repository/org/glassfish/jersey/inject/jersey-hk2/2.33/jersey-hk2-2.33.jar:/home/runner/.m2/repository/org/glassfish/hk2/hk2-locator/2.6.1/hk2-locator-2.6.1.jar:/home/runner/.m2/repository/org/glassfish/jersey/media/jersey-media-jaxb/2.33/jersey-media-jaxb-2.33.jar:/home/runner/.m2/repository/org/glassfish/hk2/osgi-resource-locator/1.0.3/osgi-resource-locator-1.0.3.jar:/home/runner/.m2/repository/org/glassfish/hk2/hk2-api/2.5.0/hk2-api-2.5.0.jar:/home/runner/.m2/repository/org/glassfish/hk2/hk2-utils/2.5.0/hk2-utils-2.5.0.jar:/home/runner/.m2/repository/org/glassfish/hk2/external/aopalliance-repackaged/2.5.0/aopalliance-repackaged-2.5.0.jar:/home/runner/.m2/repository/com/fasterxml/jackson/dataformat/jackson-dataformat-xml/2.12.1/jackson-dataformat-xml-2.12.1.jar:/home/runner/.m2/repository/com/fasterxml/jackson/core/jackson-core/2.12.1/jackson-core-2.12.1.jar:/home/runner/.m2/repository/com/fasterxml/jackson/module/jackson-module-jaxb-annotations/2.12.1/jackson-module-jaxb-annotations-2.12.1.jar:/home/runner/.m2/repository/jakarta/xml/bind/jakarta.xml.bind-api/2.3.2/jakarta.xml.bind-api-2.3.2.jar:/home/runner/.m2/repository/org/codehaus/woodstox/stax2-api/3.1.4/stax2-api-3.1.4.jar:/home/runner/.m2/repository/com/fasterxml/woodstox/woodstox-core/5.0.3/woodstox-core-5.0.3.jar:/home/runner/.m2/repository/javax/enterprise/cdi-api/1.2/cdi-api-1.2.jar:/home/runner/.m2/repository/javax/el/javax.el-api/3.0.0/javax.el-api-3.0.0.jar:/home/runner/.m2/repository/javax/interceptor/javax.interceptor-api/1.2/javax.interceptor-api-1.2.jar:/home/runner/.m2/repository/javax/inject/javax.inject/1/javax.inject-1.jar:/home/runner/.m2/repository/javax/xml/bind/jaxb-api/2.3.0/jaxb-api-2.3.0.jar:/home/runner/.m2/repository/org/glassfish/jaxb/jaxb-runtime/2.3.0.1/jaxb-runtime-2.3.0.1.jar:/home/runner/.m2/repository/org/glassfish/jaxb/jaxb-core/2.3.0.1/jaxb-core-2.3.0.1.jar:/home/runner/.m2/repository/org/glassfish/jaxb/txw2/2.3.0.1/txw2-2.3.0.1.jar:/home/runner/.m2/repository/com/sun/istack/istack-commons-runtime/3.0.5/istack-commons-runtime-3.0.5.jar:/home/runner/.m2/repository/org/jvnet/staxex/stax-ex/1.7.8/stax-ex-1.7.8.jar:/home/runner/.m2/repository/com/sun/xml/fastinfoset/FastInfoset/1.2.13/FastInfoset-1.2.13.jar:/home/runner/.m2/repository/javax/activation/activation/1.1.1/activation-1.1.1.jar:/home/runner/.m2/repository/org/apache/ozone/ozone-csi/1.3.0-SNAPSHOT/ozone-csi-1.3.0-SNAPSHOT.jar:/home/runner/.m2/repository/com/google/protobuf/protobuf-java-util/3.12.0/protobuf-java-util-3.12.0.jar:/home/runner/.m2/repository/com/google/code/gson/gson/2.2.4/gson-2.2.4.jar:/home/runner/.m2/repository/org/apache/ozone/hdds-config/1.3.0-SNAPSHOT/hdds-config-1.3.0-SNAPSHOT.jar:/home/runner/.m2/repository/io/grpc/grpc-netty/1.33.0/grpc-netty-1.33.0.jar:/home/runner/.m2/repository/io/grpc/grpc-core/1.33.0/grpc-core-1.33.0.jar:/home/runner/.m2/repository/com/google/android/annotations/4.1.1.4/annotations-4.1.1.4.jar:/home/runner/.m2/repository/io/netty/netty-codec-http2/4.1.63.Final/netty-codec-http2-4.1.63.Final.jar:/home/runner/.m2/repository/io/netty/netty-codec-http/4.1.63.Final/netty-codec-http-4.1.63.Final.jar:/home/runner/.m2/repository/io/netty/netty-handler-proxy/4.1.63.Final/netty-handler-proxy-4.1.63.Final.jar:/home/runner/.m2/repository/io/netty/netty-codec-socks/4.1.63.Final/netty-codec-socks-4.1.63.Final.jar:/home/runner/.m2/repository/io/perfmark/perfmark-api/0.19.0/perfmark-api-0.19.0.jar:/home/runner/.m2/repository/org/codehaus/mojo/animal-sniffer-annotations/1.18/animal-sniffer-annotations-1.18.jar:/home/runner/.m2/repository/io/netty/netty-transport-native-epoll/4.1.63.Final/netty-transport-native-epoll-4.1.63.Final.jar:/home/runner/.m2/repository/io/netty/netty-common/4.1.63.Final/netty-common-4.1.63.Final.jar:/home/runner/.m2/repository/io/netty/netty-buffer/4.1.63.Final/netty-buffer-4.1.63.Final.jar:/home/runner/.m2/repository/io/netty/netty-transport-native-unix-common/4.1.63.Final/netty-transport-native-unix-common-4.1.63.Final.jar:/home/runner/.m2/repository/io/grpc/grpc-protobuf/1.33.0/grpc-protobuf-1.33.0.jar:/home/runner/.m2/repository/io/grpc/grpc-api/1.33.0/grpc-api-1.33.0.jar:/home/runner/.m2/repository/io/grpc/grpc-context/1.33.0/grpc-context-1.33.0.jar:/home/runner/.m2/repository/com/google/api/grpc/proto-google-common-protos/1.17.0/proto-google-common-protos-1.17.0.jar:/home/runner/.m2/repository/io/grpc/grpc-protobuf-lite/1.33.0/grpc-protobuf-lite-1.33.0.jar:/home/runner/.m2/repository/io/grpc/grpc-stub/1.33.0/grpc-stub-1.33.0.jar:/home/runner/.m2/repository/org/apache/ozone/ozone-recon/1.3.0-SNAPSHOT/ozone-recon-1.3.0-SNAPSHOT.jar:/home/runner/.m2/repository/org/apache/ozone/ozone-reconcodegen/1.3.0-SNAPSHOT/ozone-reconcodegen-1.3.0-SNAPSHOT.jar:/home/runner/.m2/repository/com/google/inject/extensions/guice-multibindings/4.0/guice-multibindings-4.0.jar:/home/runner/.m2/repository/com/google/inject/guice/4.0/guice-4.0.jar:/home/runner/.m2/repository/aopalliance/aopalliance/1.0/aopalliance-1.0.jar:/home/runner/.m2/repository/com/google/inject/extensions/guice-assistedinject/4.0/guice-assistedinject-4.0.jar:/home/runner/.m2/repository/com/google/inject/extensions/guice-servlet/4.0/guice-servlet-4.0.jar:/home/runner/.m2/repository/org/glassfish/jersey/containers/jersey-container-servlet/2.33/jersey-container-servlet-2.33.jar:/home/runner/.m2/repository/org/glassfish/hk2/guice-bridge/2.5.0/guice-bridge-2.5.0.jar:/home/runner/.m2/repository/org/glassfish/jersey/core/jersey-server/2.33/jersey-server-2.33.jar:/home/runner/.m2/repository/org/glassfish/jersey/core/jersey-client/2.33/jersey-client-2.33.jar:/home/runner/.m2/repository/jakarta/annotation/jakarta.annotation-api/1.3.5/jakarta.annotation-api-1.3.5.jar:/home/runner/.m2/repository/jakarta/validation/jakarta.validation-api/2.0.2/jakarta.validation-api-2.0.2.jar:/home/runner/.m2/repository/org/glassfish/jersey/media/jersey-media-json-jackson/2.33/jersey-media-json-jackson-2.33.jar:/home/runner/.m2/repository/org/glassfish/jersey/ext/jersey-entity-filtering/2.33/jersey-entity-filtering-2.33.jar:/home/runner/.m2/repository/org/jooq/jooq/3.11.10/jooq-3.11.10.jar:/home/runner/.m2/repository/org/jooq/jooq-meta/3.11.10/jooq-meta-3.11.10.jar:/home/runner/.m2/repository/org/jooq/jooq-codegen/3.11.10/jooq-codegen-3.11.10.jar:/home/runner/.m2/repository/com/jolbox/bonecp/0.8.0.RELEASE/bonecp-0.8.0.RELEASE.jar:/home/runner/.m2/repository/org/apache/derby/derby/10.14.2.0/derby-10.14.2.0.jar:/home/runner/.m2/repository/org/xerial/sqlite-jdbc/3.25.2/sqlite-jdbc-3.25.2.jar:/home/runner/.m2/repository/org/springframework/spring-jdbc/5.2.18.RELEASE/spring-jdbc-5.2.18.RELEASE.jar:/home/runner/.m2/repository/org/springframework/spring-beans/5.2.18.RELEASE/spring-beans-5.2.18.RELEASE.jar:/home/runner/.m2/repository/org/springframework/spring-core/5.2.18.RELEASE/spring-core-5.2.18.RELEASE.jar:/home/runner/.m2/repository/org/springframework/spring-jcl/5.2.18.RELEASE/spring-jcl-5.2.18.RELEASE.jar:/home/runner/.m2/repository/org/springframework/spring-tx/5.2.18.RELEASE/spring-tx-5.2.18.RELEASE.jar:/home/runner/.m2/repository/org/apache/ozone/ozone-client/1.3.0-SNAPSHOT/ozone-client-1.3.0-SNAPSHOT.jar:/home/runner/.m2/repository/org/apache/ozone/ozone-filesystem/1.3.0-SNAPSHOT/ozone-filesystem-1.3.0-SNAPSHOT.jar:/home/runner/.m2/repository/org/apache/ozone/ozone-filesystem-common/1.3.0-SNAPSHOT/ozone-filesystem-common-1.3.0-SNAPSHOT.jar:/home/runner/.m2/repository/org/apache/ozone/ozone-tools/1.3.0-SNAPSHOT/ozone-tools-1.3.0-SNAPSHOT.jar:/home/runner/.m2/repository/org/apache/ratis/ratis-tools/2.2.0/ratis-tools-2.2.0.jar:/home/runner/.m2/repository/com/amazonaws/aws-java-sdk-core/1.12.124/aws-java-sdk-core-1.12.124.jar:/home/runner/.m2/repository/org/apache/httpcomponents/httpclient/4.5.13/httpclient-4.5.13.jar:/home/runner/.m2/repository/org/apache/httpcomponents/httpcore/4.4.13/httpcore-4.4.13.jar:/home/runner/.m2/repository/software/amazon/ion/ion-java/1.0.2/ion-java-1.0.2.jar:/home/runner/.m2/repository/com/fasterxml/jackson/dataformat/jackson-dataformat-cbor/2.12.1/jackson-dataformat-cbor-2.12.1.jar:/home/runner/.m2/repository/joda-time/joda-time/2.8.1/joda-time-2.8.1.jar:/home/runner/.m2/repository/com/amazonaws/aws-java-sdk-s3/1.12.124/aws-java-sdk-s3-1.12.124.jar:/home/runner/.m2/repository/com/amazonaws/aws-java-sdk-kms/1.12.124/aws-java-sdk-kms-1.12.124.jar:/home/runner/.m2/repository/com/amazonaws/jmespath-java/1.12.124/jmespath-java-1.12.124.jar:/home/runner/.m2/repository/org/kohsuke/metainf-services/metainf-services/1.8/metainf-services-1.8.jar:/home/runner/.m2/repository/org/apache/ozone/hdds-tools/1.3.0-SNAPSHOT/hdds-tools-1.3.0-SNAPSHOT.jar:/home/runner/.m2/repository/commons-cli/commons-cli/1.2/commons-cli-1.2.jar:/home/runner/.m2/repository/org/apache/commons/commons-lang3/3.7/commons-lang3-3.7.jar:/home/runner/.m2/repository/org/apache/ozone/ozone-manager/1.3.0-SNAPSHOT/ozone-manager-1.3.0-SNAPSHOT-tests.jar:/home/runner/.m2/repository/org/apache/ozone/hdds-common/1.3.0-SNAPSHOT/hdds-common-1.3.0-SNAPSHOT-tests.jar:/home/runner/.m2/repository/org/apache/ozone/hdds-hadoop-dependency-client/1.3.0-SNAPSHOT/hdds-hadoop-dependency-client-1.3.0-SNAPSHOT.jar:/home/runner/.m2/repository/info/picocli/picocli/4.6.1/picocli-4.6.1.jar:/home/runner/.m2/repository/com/fasterxml/jackson/core/jackson-annotations/2.12.1/jackson-annotations-2.12.1.jar:/home/runner/.m2/repository/javax/annotation/javax.annotation-api/1.2/javax.annotation-api-1.2.jar:/home/runner/.m2/repository/org/apache/ratis/ratis-server/2.2.0/ratis-server-2.2.0.jar:/home/runner/.m2/repository/org/apache/ratis/ratis-client/2.2.0/ratis-client-2.2.0.jar:/home/runner/.m2/repository/org/apache/ratis/ratis-server-api/2.2.0/ratis-server-api-2.2.0.jar:/home/runner/.m2/repository/org/apache/ratis/ratis-metrics/2.2.0/ratis-metrics-2.2.0.jar:/home/runner/.m2/repository/org/apache/ratis/ratis-netty/2.2.0/ratis-netty-2.2.0.jar:/home/runner/.m2/repository/org/apache/ratis/ratis-grpc/2.2.0/ratis-grpc-2.2.0.jar:/home/runner/.m2/repository/org/apache/logging/log4j/log4j-api/2.13.3/log4j-api-2.13.3.jar:/home/runner/.m2/repository/org/apache/logging/log4j/log4j-core/2.13.3/log4j-core-2.13.3.jar:/home/runner/.m2/repository/com/lmax/disruptor/3.4.2/disruptor-3.4.2.jar:/home/runner/.m2/repository/org/apache/commons/commons-pool2/2.6.0/commons-pool2-2.6.0.jar:/home/runner/.m2/repository/org/bouncycastle/bcpkix-jdk15on/1.67/bcpkix-jdk15on-1.67.jar:/home/runner/.m2/repository/commons-validator/commons-validator/1.6/commons-validator-1.6.jar:/home/runner/.m2/repository/commons-beanutils/commons-beanutils/1.9.4/commons-beanutils-1.9.4.jar:/home/runner/.m2/repository/commons-digester/commons-digester/1.8.1/commons-digester-1.8.1.jar:/home/runner/.m2/repository/commons-collections/commons-collections/3.2.2/commons-collections-3.2.2.jar:/home/runner/.m2/repository/io/jaegertracing/jaeger-client/1.6.0/jaeger-client-1.6.0.jar:/home/runner/.m2/repository/io/jaegertracing/jaeger-thrift/1.6.0/jaeger-thrift-1.6.0.jar:/home/runner/.m2/repository/org/apache/thrift/libthrift/0.14.1/libthrift-0.14.1.jar:/home/runner/.m2/repository/com/squareup/okhttp3/okhttp/4.9.0/okhttp-4.9.0.jar:/home/runner/.m2/repository/com/squareup/okio/okio/2.8.0/okio-2.8.0.jar:/home/runner/.m2/repository/io/jaegertracing/jaeger-core/1.6.0/jaeger-core-1.6.0.jar:/home/runner/.m2/repository/io/jaegertracing/jaeger-tracerresolver/1.6.0/jaeger-tracerresolver-1.6.0.jar:/home/runner/.m2/repository/io/opentracing/contrib/opentracing-tracerresolver/0.1.8/opentracing-tracerresolver-0.1.8.jar:/home/runner/.m2/repository/org/jetbrains/kotlin/kotlin-stdlib/1.4.31/kotlin-stdlib-1.4.31.jar:/home/runner/.m2/repository/org/jetbrains/kotlin/kotlin-stdlib-common/1.4.31/kotlin-stdlib-common-1.4.31.jar:/home/runner/.m2/repository/org/jetbrains/annotations/13.0/annotations-13.0.jar:/home/runner/.m2/repository/io/opentracing/opentracing-util/0.33.0/opentracing-util-0.33.0.jar:/home/runner/.m2/repository/io/opentracing/opentracing-api/0.33.0/opentracing-api-0.33.0.jar:/home/runner/.m2/repository/io/opentracing/opentracing-noop/0.33.0/opentracing-noop-0.33.0.jar:/home/runner/.m2/repository/org/yaml/snakeyaml/1.26/snakeyaml-1.26.jar:/home/runner/.m2/repository/org/apache/ozone/hdds-interface-admin/1.3.0-SNAPSHOT/hdds-interface-admin-1.3.0-SNAPSHOT.jar:/home/runner/.m2/repository/junit/junit/4.13.1/junit-4.13.1.jar:/home/runner/.m2/repository/org/hamcrest/hamcrest-core/1.3/hamcrest-core-1.3.jar:/home/runner/.m2/repository/org/junit/jupiter/junit-jupiter-api/5.7.0/junit-jupiter-api-5.7.0.jar:/home/runner/.m2/repository/org/apiguardian/apiguardian-api/1.1.0/apiguardian-api-1.1.0.jar:/home/runner/.m2/repository/org/opentest4j/opentest4j/1.2.0/opentest4j-1.2.0.jar:/home/runner/.m2/repository/org/junit/platform/junit-platform-commons/1.7.0/junit-platform-commons-1.7.0.jar:/home/runner/.m2/repository/org/junit/jupiter/junit-jupiter-engine/5.7.0/junit-jupiter-engine-5.7.0.jar:/home/runner/.m2/repository/org/junit/platform/junit-platform-engine/1.7.0/junit-platform-engine-1.7.0.jar:/home/runner/.m2/repository/org/junit/vintage/junit-vintage-engine/5.7.0/junit-vintage-engine-5.7.0.jar:/home/runner/.m2/repository/org/junit/platform/junit-platform-launcher/1.7.0/junit-platform-launcher-1.7.0.jar:/home/runner/.m2/repository/org/openjdk/jmh/jmh-core/1.19/jmh-core-1.19.jar:/home/runner/.m2/repository/net/sf/jopt-simple/jopt-simple/4.6/jopt-simple-4.6.jar:/home/runner/.m2/repository/org/apache/commons/commons-math3/3.1.1/commons-math3-3.1.1.jar:/home/runner/.m2/repository/org/openjdk/jmh/jmh-generator-annprocess/1.19/jmh-generator-annprocess-1.19.jar:/home/runner/.m2/repository/org/mockito/mockito-core/2.28.2/mockito-core-2.28.2.jar:/home/runner/.m2/repository/net/bytebuddy/byte-buddy/1.9.10/byte-buddy-1.9.10.jar:/home/runner/.m2/repository/net/bytebuddy/byte-buddy-agent/1.9.10/byte-buddy-agent-1.9.10.jar:/home/runner/.m2/repository/org/objenesis/objenesis/1.0/objenesis-1.0.jar:/home/runner/.m2/repository/org/apache/hadoop/hadoop-kms/3.3.1/hadoop-kms-3.3.1.jar:/home/runner/.m2/repository/org/apache/hadoop/hadoop-auth/3.3.1/hadoop-auth-3.3.1.jar:/home/runner/.m2/repository/com/nimbusds/nimbus-jose-jwt/7.9/nimbus-jose-jwt-7.9.jar:/home/runner/.m2/repository/com/github/stephenc/jcip/jcip-annotations/1.0-1/jcip-annotations-1.0-1.jar:/home/runner/.m2/repository/net/minidev/json-smart/2.3.1/json-smart-2.3.1.jar:/home/runner/.m2/repository/net/minidev/accessors-smart/2.3.1/accessors-smart-2.3.1.jar:/home/runner/.m2/repository/org/ow2/asm/asm/5.0.4/asm-5.0.4.jar:/home/runner/.m2/repository/org/apache/zookeeper/zookeeper/3.5.6/zookeeper-3.5.6.jar:/home/runner/.m2/repository/org/apache/zookeeper/zookeeper-jute/3.5.6/zookeeper-jute-3.5.6.jar:/home/runner/.m2/repository/org/apache/yetus/audience-annotations/0.5.0/audience-annotations-0.5.0.jar:/home/runner/.m2/repository/org/apache/curator/curator-framework/4.2.0/curator-framework-4.2.0.jar:/home/runner/.m2/repository/org/apache/hadoop/thirdparty/hadoop-shaded-guava/1.1.1/hadoop-shaded-guava-1.1.1.jar:/home/runner/.m2/repository/com/sun/jersey/jersey-core/1.19/jersey-core-1.19.jar:/home/runner/.m2/repository/javax/ws/rs/jsr311-api/1.1.1/jsr311-api-1.1.1.jar:/home/runner/.m2/repository/com/sun/jersey/jersey-server/1.19/jersey-server-1.19.jar:/home/runner/.m2/repository/javax/servlet/javax.servlet-api/3.1.0/javax.servlet-api-3.1.0.jar:/home/runner/.m2/repository/org/eclipse/jetty/jetty-server/9.4.43.v20210629/jetty-server-9.4.43.v20210629.jar:/home/runner/.m2/repository/org/eclipse/jetty/jetty-http/9.4.43.v20210629/jetty-http-9.4.43.v20210629.jar:/home/runner/.m2/repository/org/eclipse/jetty/jetty-io/9.4.43.v20210629/jetty-io-9.4.43.v20210629.jar:/home/runner/.m2/repository/org/eclipse/jetty/jetty-webapp/9.4.43.v20210629/jetty-webapp-9.4.43.v20210629.jar:/home/runner/.m2/repository/org/eclipse/jetty/jetty-xml/9.4.43.v20210629/jetty-xml-9.4.43.v20210629.jar:/home/runner/.m2/repository/org/apache/hadoop/hadoop-common/3.3.1/hadoop-common-3.3.1.jar:/home/runner/.m2/repository/commons-net/commons-net/3.6/commons-net-3.6.jar:/home/runner/.m2/repository/jakarta/activation/jakarta.activation-api/1.2.1/jakarta.activation-api-1.2.1.jar:/home/runner/.m2/repository/com/sun/jersey/jersey-servlet/1.19/jersey-servlet-1.19.jar:/home/runner/.m2/repository/com/sun/jersey/jersey-json/1.19/jersey-json-1.19.jar:/home/runner/.m2/repository/org/codehaus/jettison/jettison/1.1/jettison-1.1.jar:/home/runner/.m2/repository/com/sun/xml/bind/jaxb-impl/2.2.3-1/jaxb-impl-2.2.3-1.jar:/home/runner/.m2/repository/org/codehaus/jackson/jackson-jaxrs/1.9.2/jackson-jaxrs-1.9.2.jar:/home/runner/.m2/repository/org/codehaus/jackson/jackson-xc/1.9.2/jackson-xc-1.9.2.jar:/home/runner/.m2/repository/org/apache/commons/commons-configuration2/2.1.1/commons-configuration2-2.1.1.jar:/home/runner/.m2/repository/org/apache/commons/commons-text/1.4/commons-text-1.4.jar:/home/runner/.m2/repository/com/google/re2j/re2j/1.1/re2j-1.1.jar:/home/runner/.m2/repository/com/jcraft/jsch/0.1.54/jsch-0.1.54.jar:/home/runner/.m2/repository/org/apache/curator/curator-client/4.2.0/curator-client-4.2.0.jar:/home/runner/.m2/repository/org/apache/curator/curator-recipes/4.2.0/curator-recipes-4.2.0.jar:/home/runner/.m2/repository/org/apache/kerby/kerb-core/1.0.1/kerb-core-1.0.1.jar:/home/runner/.m2/repository/org/apache/kerby/kerby-pkix/1.0.1/kerby-pkix-1.0.1.jar:/home/runner/.m2/repository/org/apache/kerby/kerby-asn1/1.0.1/kerby-asn1-1.0.1.jar:/home/runner/.m2/repository/org/apache/kerby/kerby-util/1.0.1/kerby-util-1.0.1.jar:/home/runner/.m2/repository/dnsjava/dnsjava/2.1.7/dnsjava-2.1.7.jar:/home/runner/.m2/repository/org/xerial/snappy/snappy-java/1.1.8.2/snappy-java-1.1.8.2.jar:/home/runner/.m2/repository/org/slf4j/jul-to-slf4j/1.7.30/jul-to-slf4j-1.7.30.jar:/home/runner/.m2/repository/org/eclipse/jetty/jetty-util/9.4.43.v20210629/jetty-util-9.4.43.v20210629.jar:/home/runner/.m2/repository/com/fasterxml/jackson/core/jackson-databind/2.12.1/jackson-databind-2.12.1.jar:/home/runner/.m2/repository/org/apache/hadoop/hadoop-kms/3.3.1/hadoop-kms-3.3.1-tests.jar:/home/runner/.m2/repository/org/apache/ozone/hdds-server-scm/1.3.0-SNAPSHOT/hdds-server-scm-1.3.0-SNAPSHOT-tests.jar:/home/runner/.m2/repository/org/apache/ozone/hdds-container-service/1.3.0-SNAPSHOT/hdds-container-service-1.3.0-SNAPSHOT-tests.jar:/home/runner/.m2/repository/commons-codec/commons-codec/1.11/commons-codec-1.11.jar:/home/runner/.m2/repository/io/netty/netty-transport/4.1.63.Final/netty-transport-4.1.63.Final.jar:/home/runner/.m2/repository/io/netty/netty-resolver/4.1.63.Final/netty-resolver-4.1.63.Final.jar:/home/runner/.m2/repository/io/netty/netty-codec/4.1.63.Final/netty-codec-4.1.63.Final.jar:/home/runner/.m2/repository/io/netty/netty-handler/4.1.63.Final/netty-handler-4.1.63.Final.jar:/home/runner/.m2/repository/org/apache/ozone/hdds-hadoop-dependency-test/1.3.0-SNAPSHOT/hdds-hadoop-dependency-test-1.3.0-SNAPSHOT.jar:/home/runner/.m2/repository/org/apache/hadoop/hadoop-common/3.3.1/hadoop-common-3.3.1-tests.jar:/home/runner/.m2/repository/org/assertj/assertj-core/3.12.2/assertj-core-3.12.2.jar:/home/runner/.m2/repository/org/apache/hadoop/hadoop-hdfs/3.3.1/hadoop-hdfs-3.3.1-tests.jar:/home/runner/.m2/repository/org/eclipse/jetty/jetty-util-ajax/9.4.43.v20210629/jetty-util-ajax-9.4.43.v20210629.jar:/home/runner/.m2/repository/commons-daemon/commons-daemon/1.0.13/commons-daemon-1.0.13.jar:/home/runner/.m2/repository/io/netty/netty/3.10.6.Final/netty-3.10.6.Final.jar:/home/runner/.m2/repository/io/netty/netty-all/4.1.63.Final/netty-all-4.1.63.Final.jar:/home/runner/.m2/repository/org/apache/htrace/htrace-core4/4.1.0-incubating/htrace-core4-4.1.0-incubating.jar:/home/runner/.m2/repository/org/fusesource/leveldbjni/leveldbjni-all/1.8/leveldbjni-all-1.8.jar:/home/runner/.m2/repository/org/apache/hadoop/hadoop-distcp/3.3.1/hadoop-distcp-3.3.1.jar:/home/runner/.m2/repository/org/apache/hadoop/hadoop-mapreduce-client-jobclient/3.3.1/hadoop-mapreduce-client-jobclient-3.3.1.jar:/home/runner/.m2/repository/org/apache/hadoop/hadoop-mapreduce-client-common/3.3.1/hadoop-mapreduce-client-common-3.3.1.jar:/home/runner/.m2/repository/org/apache/hadoop/hadoop-yarn-common/3.3.1/hadoop-yarn-common-3.3.1.jar:/home/runner/.m2/repository/org/apache/hadoop/hadoop-yarn-api/3.3.1/hadoop-yarn-api-3.3.1.jar:/home/runner/.m2/repository/com/sun/jersey/jersey-client/1.19/jersey-client-1.19.jar:/home/runner/.m2/repository/com/sun/jersey/contribs/jersey-guice/1.19/jersey-guice-1.19.jar:/home/runner/.m2/repository/com/fasterxml/jackson/jaxrs/jackson-jaxrs-json-provider/2.12.1/jackson-jaxrs-json-provider-2.12.1.jar:/home/runner/.m2/repository/com/fasterxml/jackson/jaxrs/jackson-jaxrs-base/2.12.1/jackson-jaxrs-base-2.12.1.jar:/home/runner/.m2/repository/org/apache/hadoop/hadoop-yarn-client/3.3.1/hadoop-yarn-client-3.3.1.jar:/home/runner/.m2/repository/org/eclipse/jetty/websocket/websocket-client/9.4.40.v20210413/websocket-client-9.4.40.v20210413.jar:/home/runner/.m2/repository/org/eclipse/jetty/jetty-client/9.4.40.v20210413/jetty-client-9.4.40.v20210413.jar:/home/runner/.m2/repository/org/eclipse/jetty/websocket/websocket-common/9.4.40.v20210413/websocket-common-9.4.40.v20210413.jar:/home/runner/.m2/repository/org/eclipse/jetty/websocket/websocket-api/9.4.40.v20210413/websocket-api-9.4.40.v20210413.jar:/home/runner/.m2/repository/org/jline/jline/3.9.0/jline-3.9.0.jar:/home/runner/.m2/repository/org/apache/hadoop/hadoop-mapreduce-client-core/3.3.1/hadoop-mapreduce-client-core-3.3.1.jar:/home/runner/.m2/repository/org/apache/avro/avro/1.7.7/avro-1.7.7.jar:/home/runner/.m2/repository/org/codehaus/jackson/jackson-core-asl/1.9.13/jackson-core-asl-1.9.13.jar:/home/runner/.m2/repository/org/codehaus/jackson/jackson-mapper-asl/1.9.13/jackson-mapper-asl-1.9.13.jar:/home/runner/.m2/repository/com/thoughtworks/paranamer/paranamer/2.3/paranamer-2.3.jar:/home/runner/.m2/repository/org/apache/hadoop/hadoop-annotations/3.3.1/hadoop-annotations-3.3.1.jar:/usr/lib/jvm/adoptopenjdk-8-hotspot-amd64/jre/../lib/tools.jar:/home/runner/.m2/repository/org/apache/hadoop/hadoop-distcp/3.3.1/hadoop-distcp-3.3.1-tests.jar:/home/runner/.m2/repository/org/apache/ratis/ratis-common/2.2.0/ratis-common-2.2.0.jar:/home/runner/.m2/repository/org/apache/ratis/ratis-thirdparty-misc/0.7.0/ratis-thirdparty-misc-0.7.0.jar:/home/runner/.m2/repository/org/apache/ratis/ratis-proto/2.2.0/ratis-proto-2.2.0.jar:"/>
    <property name="java.vm.vendor" value="AdoptOpenJDK"/>
    <property name="sun.arch.data.model" value="64"/>
    <property name="test.build.dir" value="/home/runner/work/ozone/ozone/hadoop-ozone/integration-test/target/test-dir"/>
    <property name="test.cache.data" value=""/>
    <property name="java.vendor.url" value="https://adoptopenjdk.net/"/>
    <property name="user.timezone" value=""/>
    <property name="java.vm.specification.version" value="1.8"/>
    <property name="os.name" value="Linux"/>
    <property name="test.build.data" value="/home/runner/work/ozone/ozone/hadoop-ozone/integration-test/target/test-dir"/>
    <property name="sun.java.launcher" value="SUN_STANDARD"/>
    <property name="sun.boot.library.path" value="/usr/lib/jvm/adoptopenjdk-8-hotspot-amd64/jre/lib/amd64"/>
    <property name="sun.java.command" value="/home/runner/work/ozone/ozone/hadoop-ozone/integration-test/target/surefire/surefirebooter2913766724844275394.jar /home/runner/work/ozone/ozone/hadoop-ozone/integration-test/target/surefire 2021-12-08T15-40-49_211-jvmRun1 surefire5589131055845919146tmp surefire_473803823697884764018tmp"/>
    <property name="surefire.test.class.path" value="/home/runner/work/ozone/ozone/hadoop-ozone/integration-test/target/test-classes:/home/runner/work/ozone/ozone/hadoop-ozone/integration-test/target/classes:/home/runner/.m2/repository/org/apache/ozone/ozone-common/1.3.0-SNAPSHOT/ozone-common-1.3.0-SNAPSHOT.jar:/home/runner/.m2/repository/org/apache/commons/commons-compress/1.21/commons-compress-1.21.jar:/home/runner/.m2/repository/org/apache/ozone/hdds-common/1.3.0-SNAPSHOT/hdds-common-1.3.0-SNAPSHOT.jar:/home/runner/.m2/repository/org/apache/ozone/hdds-client/1.3.0-SNAPSHOT/hdds-client-1.3.0-SNAPSHOT.jar:/home/runner/.m2/repository/org/apache/ozone/ozone-interface-client/1.3.0-SNAPSHOT/ozone-interface-client-1.3.0-SNAPSHOT.jar:/home/runner/.m2/repository/org/apache/ozone/hdds-test-utils/1.3.0-SNAPSHOT/hdds-test-utils-1.3.0-SNAPSHOT.jar:/home/runner/.m2/repository/com/google/guava/guava/30.1.1-jre/guava-30.1.1-jre.jar:/home/runner/.m2/repository/com/google/guava/failureaccess/1.0.1/failureaccess-1.0.1.jar:/home/runner/.m2/repository/com/google/guava/listenablefuture/9999.0-empty-to-avoid-conflict-with-guava/listenablefuture-9999.0-empty-to-avoid-conflict-with-guava.jar:/home/runner/.m2/repository/com/google/code/findbugs/jsr305/3.0.0/jsr305-3.0.0.jar:/home/runner/.m2/repository/org/checkerframework/checker-qual/3.8.0/checker-qual-3.8.0.jar:/home/runner/.m2/repository/com/google/errorprone/error_prone_annotations/2.2.0/error_prone_annotations-2.2.0.jar:/home/runner/.m2/repository/com/google/j2objc/j2objc-annotations/1.3/j2objc-annotations-1.3.jar:/home/runner/.m2/repository/commons-io/commons-io/2.11.0/commons-io-2.11.0.jar:/home/runner/.m2/repository/commons-logging/commons-logging/1.2/commons-logging-1.2.jar:/home/runner/.m2/repository/log4j/log4j/1.2.17/log4j-1.2.17.jar:/home/runner/.m2/repository/org/slf4j/slf4j-api/1.7.30/slf4j-api-1.7.30.jar:/home/runner/.m2/repository/org/apache/ozone/hdds-server-scm/1.3.0-SNAPSHOT/hdds-server-scm-1.3.0-SNAPSHOT.jar:/home/runner/.m2/repository/org/apache/ozone/hdds-container-service/1.3.0-SNAPSHOT/hdds-container-service-1.3.0-SNAPSHOT.jar:/home/runner/.m2/repository/org/apache/ozone/hdds-hadoop-dependency-server/1.3.0-SNAPSHOT/hdds-hadoop-dependency-server-1.3.0-SNAPSHOT.jar:/home/runner/.m2/repository/org/apache/hadoop/hadoop-hdfs/3.3.1/hadoop-hdfs-3.3.1.jar:/home/runner/.m2/repository/org/apache/ozone/hdds-server-framework/1.3.0-SNAPSHOT/hdds-server-framework-1.3.0-SNAPSHOT.jar:/home/runner/.m2/repository/org/apache/ozone/hdds-interface-server/1.3.0-SNAPSHOT/hdds-interface-server-1.3.0-SNAPSHOT.jar:/home/runner/.m2/repository/org/eclipse/jetty/jetty-servlet/9.4.43.v20210629/jetty-servlet-9.4.43.v20210629.jar:/home/runner/.m2/repository/org/eclipse/jetty/jetty-security/9.4.43.v20210629/jetty-security-9.4.43.v20210629.jar:/home/runner/.m2/repository/org/rocksdb/rocksdbjni/6.25.3/rocksdbjni-6.25.3.jar:/home/runner/.m2/repository/io/prometheus/simpleclient_dropwizard/0.7.0/simpleclient_dropwizard-0.7.0.jar:/home/runner/.m2/repository/io/prometheus/simpleclient/0.7.0/simpleclient-0.7.0.jar:/home/runner/.m2/repository/io/prometheus/simpleclient_common/0.7.0/simpleclient_common-0.7.0.jar:/home/runner/.m2/repository/com/fasterxml/jackson/datatype/jackson-datatype-jsr310/2.12.1/jackson-datatype-jsr310-2.12.1.jar:/home/runner/.m2/repository/io/dropwizard/metrics/metrics-core/3.2.4/metrics-core-3.2.4.jar:/home/runner/.m2/repository/org/apache/hadoop/hadoop-hdfs-client/3.3.1/hadoop-hdfs-client-3.3.1.jar:/home/runner/.m2/repository/org/bouncycastle/bcprov-jdk15on/1.67/bcprov-jdk15on-1.67.jar:/home/runner/.m2/repository/com/google/protobuf/protobuf-java/2.5.0/protobuf-java-2.5.0.jar:/home/runner/.m2/repository/org/apache/ozone/ozone-manager/1.3.0-SNAPSHOT/ozone-manager-1.3.0-SNAPSHOT.jar:/home/runner/.m2/repository/org/aspectj/aspectjrt/1.9.7/aspectjrt-1.9.7.jar:/home/runner/.m2/repository/org/aspectj/aspectjweaver/1.9.7/aspectjweaver-1.9.7.jar:/home/runner/.m2/repository/org/apache/ozone/hdds-interface-client/1.3.0-SNAPSHOT/hdds-interface-client-1.3.0-SNAPSHOT.jar:/home/runner/.m2/repository/org/apache/hadoop/thirdparty/hadoop-shaded-protobuf_3_7/1.1.1/hadoop-shaded-protobuf_3_7-1.1.1.jar:/home/runner/.m2/repository/org/apache/ozone/ozone-interface-storage/1.3.0-SNAPSHOT/ozone-interface-storage-1.3.0-SNAPSHOT.jar:/home/runner/.m2/repository/org/reflections/reflections/0.9.11/reflections-0.9.11.jar:/home/runner/.m2/repository/org/apache/hadoop/hadoop-minikdc/3.3.1/hadoop-minikdc-3.3.1.jar:/home/runner/.m2/repository/org/apache/kerby/kerb-simplekdc/1.0.1/kerb-simplekdc-1.0.1.jar:/home/runner/.m2/repository/org/apache/kerby/kerb-client/1.0.1/kerb-client-1.0.1.jar:/home/runner/.m2/repository/org/apache/kerby/kerby-config/1.0.1/kerby-config-1.0.1.jar:/home/runner/.m2/repository/org/apache/kerby/kerb-common/1.0.1/kerb-common-1.0.1.jar:/home/runner/.m2/repository/org/apache/kerby/kerb-crypto/1.0.1/kerb-crypto-1.0.1.jar:/home/runner/.m2/repository/org/apache/kerby/kerb-util/1.0.1/kerb-util-1.0.1.jar:/home/runner/.m2/repository/org/apache/kerby/token-provider/1.0.1/token-provider-1.0.1.jar:/home/runner/.m2/repository/org/apache/kerby/kerb-admin/1.0.1/kerb-admin-1.0.1.jar:/home/runner/.m2/repository/org/apache/kerby/kerb-server/1.0.1/kerb-server-1.0.1.jar:/home/runner/.m2/repository/org/apache/kerby/kerb-identity/1.0.1/kerb-identity-1.0.1.jar:/home/runner/.m2/repository/org/apache/kerby/kerby-xdr/1.0.1/kerby-xdr-1.0.1.jar:/home/runner/.m2/repository/org/slf4j/slf4j-log4j12/1.7.30/slf4j-log4j12-1.7.30.jar:/home/runner/.m2/repository/org/apache/ozone/ozone-s3gateway/1.3.0-SNAPSHOT/ozone-s3gateway-1.3.0-SNAPSHOT.jar:/home/runner/.m2/repository/org/javassist/javassist/3.21.0-GA/javassist-3.21.0-GA.jar:/home/runner/.m2/repository/org/jboss/weld/servlet/weld-servlet/2.4.7.Final/weld-servlet-2.4.7.Final.jar:/home/runner/.m2/repository/org/glassfish/jersey/containers/jersey-container-servlet-core/2.33/jersey-container-servlet-core-2.33.jar:/home/runner/.m2/repository/org/glassfish/hk2/external/jakarta.inject/2.6.1/jakarta.inject-2.6.1.jar:/home/runner/.m2/repository/org/glassfish/jersey/core/jersey-common/2.33/jersey-common-2.33.jar:/home/runner/.m2/repository/jakarta/ws/rs/jakarta.ws.rs-api/2.1.6/jakarta.ws.rs-api-2.1.6.jar:/home/runner/.m2/repository/org/glassfish/jersey/ext/cdi/jersey-cdi1x/2.33/jersey-cdi1x-2.33.jar:/home/runner/.m2/repository/org/glassfish/jersey/inject/jersey-hk2/2.33/jersey-hk2-2.33.jar:/home/runner/.m2/repository/org/glassfish/hk2/hk2-locator/2.6.1/hk2-locator-2.6.1.jar:/home/runner/.m2/repository/org/glassfish/jersey/media/jersey-media-jaxb/2.33/jersey-media-jaxb-2.33.jar:/home/runner/.m2/repository/org/glassfish/hk2/osgi-resource-locator/1.0.3/osgi-resource-locator-1.0.3.jar:/home/runner/.m2/repository/org/glassfish/hk2/hk2-api/2.5.0/hk2-api-2.5.0.jar:/home/runner/.m2/repository/org/glassfish/hk2/hk2-utils/2.5.0/hk2-utils-2.5.0.jar:/home/runner/.m2/repository/org/glassfish/hk2/external/aopalliance-repackaged/2.5.0/aopalliance-repackaged-2.5.0.jar:/home/runner/.m2/repository/com/fasterxml/jackson/dataformat/jackson-dataformat-xml/2.12.1/jackson-dataformat-xml-2.12.1.jar:/home/runner/.m2/repository/com/fasterxml/jackson/core/jackson-core/2.12.1/jackson-core-2.12.1.jar:/home/runner/.m2/repository/com/fasterxml/jackson/module/jackson-module-jaxb-annotations/2.12.1/jackson-module-jaxb-annotations-2.12.1.jar:/home/runner/.m2/repository/jakarta/xml/bind/jakarta.xml.bind-api/2.3.2/jakarta.xml.bind-api-2.3.2.jar:/home/runner/.m2/repository/org/codehaus/woodstox/stax2-api/3.1.4/stax2-api-3.1.4.jar:/home/runner/.m2/repository/com/fasterxml/woodstox/woodstox-core/5.0.3/woodstox-core-5.0.3.jar:/home/runner/.m2/repository/javax/enterprise/cdi-api/1.2/cdi-api-1.2.jar:/home/runner/.m2/repository/javax/el/javax.el-api/3.0.0/javax.el-api-3.0.0.jar:/home/runner/.m2/repository/javax/interceptor/javax.interceptor-api/1.2/javax.interceptor-api-1.2.jar:/home/runner/.m2/repository/javax/inject/javax.inject/1/javax.inject-1.jar:/home/runner/.m2/repository/javax/xml/bind/jaxb-api/2.3.0/jaxb-api-2.3.0.jar:/home/runner/.m2/repository/org/glassfish/jaxb/jaxb-runtime/2.3.0.1/jaxb-runtime-2.3.0.1.jar:/home/runner/.m2/repository/org/glassfish/jaxb/jaxb-core/2.3.0.1/jaxb-core-2.3.0.1.jar:/home/runner/.m2/repository/org/glassfish/jaxb/txw2/2.3.0.1/txw2-2.3.0.1.jar:/home/runner/.m2/repository/com/sun/istack/istack-commons-runtime/3.0.5/istack-commons-runtime-3.0.5.jar:/home/runner/.m2/repository/org/jvnet/staxex/stax-ex/1.7.8/stax-ex-1.7.8.jar:/home/runner/.m2/repository/com/sun/xml/fastinfoset/FastInfoset/1.2.13/FastInfoset-1.2.13.jar:/home/runner/.m2/repository/javax/activation/activation/1.1.1/activation-1.1.1.jar:/home/runner/.m2/repository/org/apache/ozone/ozone-csi/1.3.0-SNAPSHOT/ozone-csi-1.3.0-SNAPSHOT.jar:/home/runner/.m2/repository/com/google/protobuf/protobuf-java-util/3.12.0/protobuf-java-util-3.12.0.jar:/home/runner/.m2/repository/com/google/code/gson/gson/2.2.4/gson-2.2.4.jar:/home/runner/.m2/repository/org/apache/ozone/hdds-config/1.3.0-SNAPSHOT/hdds-config-1.3.0-SNAPSHOT.jar:/home/runner/.m2/repository/io/grpc/grpc-netty/1.33.0/grpc-netty-1.33.0.jar:/home/runner/.m2/repository/io/grpc/grpc-core/1.33.0/grpc-core-1.33.0.jar:/home/runner/.m2/repository/com/google/android/annotations/4.1.1.4/annotations-4.1.1.4.jar:/home/runner/.m2/repository/io/netty/netty-codec-http2/4.1.63.Final/netty-codec-http2-4.1.63.Final.jar:/home/runner/.m2/repository/io/netty/netty-codec-http/4.1.63.Final/netty-codec-http-4.1.63.Final.jar:/home/runner/.m2/repository/io/netty/netty-handler-proxy/4.1.63.Final/netty-handler-proxy-4.1.63.Final.jar:/home/runner/.m2/repository/io/netty/netty-codec-socks/4.1.63.Final/netty-codec-socks-4.1.63.Final.jar:/home/runner/.m2/repository/io/perfmark/perfmark-api/0.19.0/perfmark-api-0.19.0.jar:/home/runner/.m2/repository/org/codehaus/mojo/animal-sniffer-annotations/1.18/animal-sniffer-annotations-1.18.jar:/home/runner/.m2/repository/io/netty/netty-transport-native-epoll/4.1.63.Final/netty-transport-native-epoll-4.1.63.Final.jar:/home/runner/.m2/repository/io/netty/netty-common/4.1.63.Final/netty-common-4.1.63.Final.jar:/home/runner/.m2/repository/io/netty/netty-buffer/4.1.63.Final/netty-buffer-4.1.63.Final.jar:/home/runner/.m2/repository/io/netty/netty-transport-native-unix-common/4.1.63.Final/netty-transport-native-unix-common-4.1.63.Final.jar:/home/runner/.m2/repository/io/grpc/grpc-protobuf/1.33.0/grpc-protobuf-1.33.0.jar:/home/runner/.m2/repository/io/grpc/grpc-api/1.33.0/grpc-api-1.33.0.jar:/home/runner/.m2/repository/io/grpc/grpc-context/1.33.0/grpc-context-1.33.0.jar:/home/runner/.m2/repository/com/google/api/grpc/proto-google-common-protos/1.17.0/proto-google-common-protos-1.17.0.jar:/home/runner/.m2/repository/io/grpc/grpc-protobuf-lite/1.33.0/grpc-protobuf-lite-1.33.0.jar:/home/runner/.m2/repository/io/grpc/grpc-stub/1.33.0/grpc-stub-1.33.0.jar:/home/runner/.m2/repository/org/apache/ozone/ozone-recon/1.3.0-SNAPSHOT/ozone-recon-1.3.0-SNAPSHOT.jar:/home/runner/.m2/repository/org/apache/ozone/ozone-reconcodegen/1.3.0-SNAPSHOT/ozone-reconcodegen-1.3.0-SNAPSHOT.jar:/home/runner/.m2/repository/com/google/inject/extensions/guice-multibindings/4.0/guice-multibindings-4.0.jar:/home/runner/.m2/repository/com/google/inject/guice/4.0/guice-4.0.jar:/home/runner/.m2/repository/aopalliance/aopalliance/1.0/aopalliance-1.0.jar:/home/runner/.m2/repository/com/google/inject/extensions/guice-assistedinject/4.0/guice-assistedinject-4.0.jar:/home/runner/.m2/repository/com/google/inject/extensions/guice-servlet/4.0/guice-servlet-4.0.jar:/home/runner/.m2/repository/org/glassfish/jersey/containers/jersey-container-servlet/2.33/jersey-container-servlet-2.33.jar:/home/runner/.m2/repository/org/glassfish/hk2/guice-bridge/2.5.0/guice-bridge-2.5.0.jar:/home/runner/.m2/repository/org/glassfish/jersey/core/jersey-server/2.33/jersey-server-2.33.jar:/home/runner/.m2/repository/org/glassfish/jersey/core/jersey-client/2.33/jersey-client-2.33.jar:/home/runner/.m2/repository/jakarta/annotation/jakarta.annotation-api/1.3.5/jakarta.annotation-api-1.3.5.jar:/home/runner/.m2/repository/jakarta/validation/jakarta.validation-api/2.0.2/jakarta.validation-api-2.0.2.jar:/home/runner/.m2/repository/org/glassfish/jersey/media/jersey-media-json-jackson/2.33/jersey-media-json-jackson-2.33.jar:/home/runner/.m2/repository/org/glassfish/jersey/ext/jersey-entity-filtering/2.33/jersey-entity-filtering-2.33.jar:/home/runner/.m2/repository/org/jooq/jooq/3.11.10/jooq-3.11.10.jar:/home/runner/.m2/repository/org/jooq/jooq-meta/3.11.10/jooq-meta-3.11.10.jar:/home/runner/.m2/repository/org/jooq/jooq-codegen/3.11.10/jooq-codegen-3.11.10.jar:/home/runner/.m2/repository/com/jolbox/bonecp/0.8.0.RELEASE/bonecp-0.8.0.RELEASE.jar:/home/runner/.m2/repository/org/apache/derby/derby/10.14.2.0/derby-10.14.2.0.jar:/home/runner/.m2/repository/org/xerial/sqlite-jdbc/3.25.2/sqlite-jdbc-3.25.2.jar:/home/runner/.m2/repository/org/springframework/spring-jdbc/5.2.18.RELEASE/spring-jdbc-5.2.18.RELEASE.jar:/home/runner/.m2/repository/org/springframework/spring-beans/5.2.18.RELEASE/spring-beans-5.2.18.RELEASE.jar:/home/runner/.m2/repository/org/springframework/spring-core/5.2.18.RELEASE/spring-core-5.2.18.RELEASE.jar:/home/runner/.m2/repository/org/springframework/spring-jcl/5.2.18.RELEASE/spring-jcl-5.2.18.RELEASE.jar:/home/runner/.m2/repository/org/springframework/spring-tx/5.2.18.RELEASE/spring-tx-5.2.18.RELEASE.jar:/home/runner/.m2/repository/org/apache/ozone/ozone-client/1.3.0-SNAPSHOT/ozone-client-1.3.0-SNAPSHOT.jar:/home/runner/.m2/repository/org/apache/ozone/ozone-filesystem/1.3.0-SNAPSHOT/ozone-filesystem-1.3.0-SNAPSHOT.jar:/home/runner/.m2/repository/org/apache/ozone/ozone-filesystem-common/1.3.0-SNAPSHOT/ozone-filesystem-common-1.3.0-SNAPSHOT.jar:/home/runner/.m2/repository/org/apache/ozone/ozone-tools/1.3.0-SNAPSHOT/ozone-tools-1.3.0-SNAPSHOT.jar:/home/runner/.m2/repository/org/apache/ratis/ratis-tools/2.2.0/ratis-tools-2.2.0.jar:/home/runner/.m2/repository/com/amazonaws/aws-java-sdk-core/1.12.124/aws-java-sdk-core-1.12.124.jar:/home/runner/.m2/repository/org/apache/httpcomponents/httpclient/4.5.13/httpclient-4.5.13.jar:/home/runner/.m2/repository/org/apache/httpcomponents/httpcore/4.4.13/httpcore-4.4.13.jar:/home/runner/.m2/repository/software/amazon/ion/ion-java/1.0.2/ion-java-1.0.2.jar:/home/runner/.m2/repository/com/fasterxml/jackson/dataformat/jackson-dataformat-cbor/2.12.1/jackson-dataformat-cbor-2.12.1.jar:/home/runner/.m2/repository/joda-time/joda-time/2.8.1/joda-time-2.8.1.jar:/home/runner/.m2/repository/com/amazonaws/aws-java-sdk-s3/1.12.124/aws-java-sdk-s3-1.12.124.jar:/home/runner/.m2/repository/com/amazonaws/aws-java-sdk-kms/1.12.124/aws-java-sdk-kms-1.12.124.jar:/home/runner/.m2/repository/com/amazonaws/jmespath-java/1.12.124/jmespath-java-1.12.124.jar:/home/runner/.m2/repository/org/kohsuke/metainf-services/metainf-services/1.8/metainf-services-1.8.jar:/home/runner/.m2/repository/org/apache/ozone/hdds-tools/1.3.0-SNAPSHOT/hdds-tools-1.3.0-SNAPSHOT.jar:/home/runner/.m2/repository/commons-cli/commons-cli/1.2/commons-cli-1.2.jar:/home/runner/.m2/repository/org/apache/commons/commons-lang3/3.7/commons-lang3-3.7.jar:/home/runner/.m2/repository/org/apache/ozone/ozone-manager/1.3.0-SNAPSHOT/ozone-manager-1.3.0-SNAPSHOT-tests.jar:/home/runner/.m2/repository/org/apache/ozone/hdds-common/1.3.0-SNAPSHOT/hdds-common-1.3.0-SNAPSHOT-tests.jar:/home/runner/.m2/repository/org/apache/ozone/hdds-hadoop-dependency-client/1.3.0-SNAPSHOT/hdds-hadoop-dependency-client-1.3.0-SNAPSHOT.jar:/home/runner/.m2/repository/info/picocli/picocli/4.6.1/picocli-4.6.1.jar:/home/runner/.m2/repository/com/fasterxml/jackson/core/jackson-annotations/2.12.1/jackson-annotations-2.12.1.jar:/home/runner/.m2/repository/javax/annotation/javax.annotation-api/1.2/javax.annotation-api-1.2.jar:/home/runner/.m2/repository/org/apache/ratis/ratis-server/2.2.0/ratis-server-2.2.0.jar:/home/runner/.m2/repository/org/apache/ratis/ratis-client/2.2.0/ratis-client-2.2.0.jar:/home/runner/.m2/repository/org/apache/ratis/ratis-server-api/2.2.0/ratis-server-api-2.2.0.jar:/home/runner/.m2/repository/org/apache/ratis/ratis-metrics/2.2.0/ratis-metrics-2.2.0.jar:/home/runner/.m2/repository/org/apache/ratis/ratis-netty/2.2.0/ratis-netty-2.2.0.jar:/home/runner/.m2/repository/org/apache/ratis/ratis-grpc/2.2.0/ratis-grpc-2.2.0.jar:/home/runner/.m2/repository/org/apache/logging/log4j/log4j-api/2.13.3/log4j-api-2.13.3.jar:/home/runner/.m2/repository/org/apache/logging/log4j/log4j-core/2.13.3/log4j-core-2.13.3.jar:/home/runner/.m2/repository/com/lmax/disruptor/3.4.2/disruptor-3.4.2.jar:/home/runner/.m2/repository/org/apache/commons/commons-pool2/2.6.0/commons-pool2-2.6.0.jar:/home/runner/.m2/repository/org/bouncycastle/bcpkix-jdk15on/1.67/bcpkix-jdk15on-1.67.jar:/home/runner/.m2/repository/commons-validator/commons-validator/1.6/commons-validator-1.6.jar:/home/runner/.m2/repository/commons-beanutils/commons-beanutils/1.9.4/commons-beanutils-1.9.4.jar:/home/runner/.m2/repository/commons-digester/commons-digester/1.8.1/commons-digester-1.8.1.jar:/home/runner/.m2/repository/commons-collections/commons-collections/3.2.2/commons-collections-3.2.2.jar:/home/runner/.m2/repository/io/jaegertracing/jaeger-client/1.6.0/jaeger-client-1.6.0.jar:/home/runner/.m2/repository/io/jaegertracing/jaeger-thrift/1.6.0/jaeger-thrift-1.6.0.jar:/home/runner/.m2/repository/org/apache/thrift/libthrift/0.14.1/libthrift-0.14.1.jar:/home/runner/.m2/repository/com/squareup/okhttp3/okhttp/4.9.0/okhttp-4.9.0.jar:/home/runner/.m2/repository/com/squareup/okio/okio/2.8.0/okio-2.8.0.jar:/home/runner/.m2/repository/io/jaegertracing/jaeger-core/1.6.0/jaeger-core-1.6.0.jar:/home/runner/.m2/repository/io/jaegertracing/jaeger-tracerresolver/1.6.0/jaeger-tracerresolver-1.6.0.jar:/home/runner/.m2/repository/io/opentracing/contrib/opentracing-tracerresolver/0.1.8/opentracing-tracerresolver-0.1.8.jar:/home/runner/.m2/repository/org/jetbrains/kotlin/kotlin-stdlib/1.4.31/kotlin-stdlib-1.4.31.jar:/home/runner/.m2/repository/org/jetbrains/kotlin/kotlin-stdlib-common/1.4.31/kotlin-stdlib-common-1.4.31.jar:/home/runner/.m2/repository/org/jetbrains/annotations/13.0/annotations-13.0.jar:/home/runner/.m2/repository/io/opentracing/opentracing-util/0.33.0/opentracing-util-0.33.0.jar:/home/runner/.m2/repository/io/opentracing/opentracing-api/0.33.0/opentracing-api-0.33.0.jar:/home/runner/.m2/repository/io/opentracing/opentracing-noop/0.33.0/opentracing-noop-0.33.0.jar:/home/runner/.m2/repository/org/yaml/snakeyaml/1.26/snakeyaml-1.26.jar:/home/runner/.m2/repository/org/apache/ozone/hdds-interface-admin/1.3.0-SNAPSHOT/hdds-interface-admin-1.3.0-SNAPSHOT.jar:/home/runner/.m2/repository/junit/junit/4.13.1/junit-4.13.1.jar:/home/runner/.m2/repository/org/hamcrest/hamcrest-core/1.3/hamcrest-core-1.3.jar:/home/runner/.m2/repository/org/junit/jupiter/junit-jupiter-api/5.7.0/junit-jupiter-api-5.7.0.jar:/home/runner/.m2/repository/org/apiguardian/apiguardian-api/1.1.0/apiguardian-api-1.1.0.jar:/home/runner/.m2/repository/org/opentest4j/opentest4j/1.2.0/opentest4j-1.2.0.jar:/home/runner/.m2/repository/org/junit/platform/junit-platform-commons/1.7.0/junit-platform-commons-1.7.0.jar:/home/runner/.m2/repository/org/junit/jupiter/junit-jupiter-engine/5.7.0/junit-jupiter-engine-5.7.0.jar:/home/runner/.m2/repository/org/junit/platform/junit-platform-engine/1.7.0/junit-platform-engine-1.7.0.jar:/home/runner/.m2/repository/org/junit/vintage/junit-vintage-engine/5.7.0/junit-vintage-engine-5.7.0.jar:/home/runner/.m2/repository/org/junit/platform/junit-platform-launcher/1.7.0/junit-platform-launcher-1.7.0.jar:/home/runner/.m2/repository/org/openjdk/jmh/jmh-core/1.19/jmh-core-1.19.jar:/home/runner/.m2/repository/net/sf/jopt-simple/jopt-simple/4.6/jopt-simple-4.6.jar:/home/runner/.m2/repository/org/apache/commons/commons-math3/3.1.1/commons-math3-3.1.1.jar:/home/runner/.m2/repository/org/openjdk/jmh/jmh-generator-annprocess/1.19/jmh-generator-annprocess-1.19.jar:/home/runner/.m2/repository/org/mockito/mockito-core/2.28.2/mockito-core-2.28.2.jar:/home/runner/.m2/repository/net/bytebuddy/byte-buddy/1.9.10/byte-buddy-1.9.10.jar:/home/runner/.m2/repository/net/bytebuddy/byte-buddy-agent/1.9.10/byte-buddy-agent-1.9.10.jar:/home/runner/.m2/repository/org/objenesis/objenesis/1.0/objenesis-1.0.jar:/home/runner/.m2/repository/org/apache/hadoop/hadoop-kms/3.3.1/hadoop-kms-3.3.1.jar:/home/runner/.m2/repository/org/apache/hadoop/hadoop-auth/3.3.1/hadoop-auth-3.3.1.jar:/home/runner/.m2/repository/com/nimbusds/nimbus-jose-jwt/7.9/nimbus-jose-jwt-7.9.jar:/home/runner/.m2/repository/com/github/stephenc/jcip/jcip-annotations/1.0-1/jcip-annotations-1.0-1.jar:/home/runner/.m2/repository/net/minidev/json-smart/2.3.1/json-smart-2.3.1.jar:/home/runner/.m2/repository/net/minidev/accessors-smart/2.3.1/accessors-smart-2.3.1.jar:/home/runner/.m2/repository/org/ow2/asm/asm/5.0.4/asm-5.0.4.jar:/home/runner/.m2/repository/org/apache/zookeeper/zookeeper/3.5.6/zookeeper-3.5.6.jar:/home/runner/.m2/repository/org/apache/zookeeper/zookeeper-jute/3.5.6/zookeeper-jute-3.5.6.jar:/home/runner/.m2/repository/org/apache/yetus/audience-annotations/0.5.0/audience-annotations-0.5.0.jar:/home/runner/.m2/repository/org/apache/curator/curator-framework/4.2.0/curator-framework-4.2.0.jar:/home/runner/.m2/repository/org/apache/hadoop/thirdparty/hadoop-shaded-guava/1.1.1/hadoop-shaded-guava-1.1.1.jar:/home/runner/.m2/repository/com/sun/jersey/jersey-core/1.19/jersey-core-1.19.jar:/home/runner/.m2/repository/javax/ws/rs/jsr311-api/1.1.1/jsr311-api-1.1.1.jar:/home/runner/.m2/repository/com/sun/jersey/jersey-server/1.19/jersey-server-1.19.jar:/home/runner/.m2/repository/javax/servlet/javax.servlet-api/3.1.0/javax.servlet-api-3.1.0.jar:/home/runner/.m2/repository/org/eclipse/jetty/jetty-server/9.4.43.v20210629/jetty-server-9.4.43.v20210629.jar:/home/runner/.m2/repository/org/eclipse/jetty/jetty-http/9.4.43.v20210629/jetty-http-9.4.43.v20210629.jar:/home/runner/.m2/repository/org/eclipse/jetty/jetty-io/9.4.43.v20210629/jetty-io-9.4.43.v20210629.jar:/home/runner/.m2/repository/org/eclipse/jetty/jetty-webapp/9.4.43.v20210629/jetty-webapp-9.4.43.v20210629.jar:/home/runner/.m2/repository/org/eclipse/jetty/jetty-xml/9.4.43.v20210629/jetty-xml-9.4.43.v20210629.jar:/home/runner/.m2/repository/org/apache/hadoop/hadoop-common/3.3.1/hadoop-common-3.3.1.jar:/home/runner/.m2/repository/commons-net/commons-net/3.6/commons-net-3.6.jar:/home/runner/.m2/repository/jakarta/activation/jakarta.activation-api/1.2.1/jakarta.activation-api-1.2.1.jar:/home/runner/.m2/repository/com/sun/jersey/jersey-servlet/1.19/jersey-servlet-1.19.jar:/home/runner/.m2/repository/com/sun/jersey/jersey-json/1.19/jersey-json-1.19.jar:/home/runner/.m2/repository/org/codehaus/jettison/jettison/1.1/jettison-1.1.jar:/home/runner/.m2/repository/com/sun/xml/bind/jaxb-impl/2.2.3-1/jaxb-impl-2.2.3-1.jar:/home/runner/.m2/repository/org/codehaus/jackson/jackson-jaxrs/1.9.2/jackson-jaxrs-1.9.2.jar:/home/runner/.m2/repository/org/codehaus/jackson/jackson-xc/1.9.2/jackson-xc-1.9.2.jar:/home/runner/.m2/repository/org/apache/commons/commons-configuration2/2.1.1/commons-configuration2-2.1.1.jar:/home/runner/.m2/repository/org/apache/commons/commons-text/1.4/commons-text-1.4.jar:/home/runner/.m2/repository/com/google/re2j/re2j/1.1/re2j-1.1.jar:/home/runner/.m2/repository/com/jcraft/jsch/0.1.54/jsch-0.1.54.jar:/home/runner/.m2/repository/org/apache/curator/curator-client/4.2.0/curator-client-4.2.0.jar:/home/runner/.m2/repository/org/apache/curator/curator-recipes/4.2.0/curator-recipes-4.2.0.jar:/home/runner/.m2/repository/org/apache/kerby/kerb-core/1.0.1/kerb-core-1.0.1.jar:/home/runner/.m2/repository/org/apache/kerby/kerby-pkix/1.0.1/kerby-pkix-1.0.1.jar:/home/runner/.m2/repository/org/apache/kerby/kerby-asn1/1.0.1/kerby-asn1-1.0.1.jar:/home/runner/.m2/repository/org/apache/kerby/kerby-util/1.0.1/kerby-util-1.0.1.jar:/home/runner/.m2/repository/dnsjava/dnsjava/2.1.7/dnsjava-2.1.7.jar:/home/runner/.m2/repository/org/xerial/snappy/snappy-java/1.1.8.2/snappy-java-1.1.8.2.jar:/home/runner/.m2/repository/org/slf4j/jul-to-slf4j/1.7.30/jul-to-slf4j-1.7.30.jar:/home/runner/.m2/repository/org/eclipse/jetty/jetty-util/9.4.43.v20210629/jetty-util-9.4.43.v20210629.jar:/home/runner/.m2/repository/com/fasterxml/jackson/core/jackson-databind/2.12.1/jackson-databind-2.12.1.jar:/home/runner/.m2/repository/org/apache/hadoop/hadoop-kms/3.3.1/hadoop-kms-3.3.1-tests.jar:/home/runner/.m2/repository/org/apache/ozone/hdds-server-scm/1.3.0-SNAPSHOT/hdds-server-scm-1.3.0-SNAPSHOT-tests.jar:/home/runner/.m2/repository/org/apache/ozone/hdds-container-service/1.3.0-SNAPSHOT/hdds-container-service-1.3.0-SNAPSHOT-tests.jar:/home/runner/.m2/repository/commons-codec/commons-codec/1.11/commons-codec-1.11.jar:/home/runner/.m2/repository/io/netty/netty-transport/4.1.63.Final/netty-transport-4.1.63.Final.jar:/home/runner/.m2/repository/io/netty/netty-resolver/4.1.63.Final/netty-resolver-4.1.63.Final.jar:/home/runner/.m2/repository/io/netty/netty-codec/4.1.63.Final/netty-codec-4.1.63.Final.jar:/home/runner/.m2/repository/io/netty/netty-handler/4.1.63.Final/netty-handler-4.1.63.Final.jar:/home/runner/.m2/repository/org/apache/ozone/hdds-hadoop-dependency-test/1.3.0-SNAPSHOT/hdds-hadoop-dependency-test-1.3.0-SNAPSHOT.jar:/home/runner/.m2/repository/org/apache/hadoop/hadoop-common/3.3.1/hadoop-common-3.3.1-tests.jar:/home/runner/.m2/repository/org/assertj/assertj-core/3.12.2/assertj-core-3.12.2.jar:/home/runner/.m2/repository/org/apache/hadoop/hadoop-hdfs/3.3.1/hadoop-hdfs-3.3.1-tests.jar:/home/runner/.m2/repository/org/eclipse/jetty/jetty-util-ajax/9.4.43.v20210629/jetty-util-ajax-9.4.43.v20210629.jar:/home/runner/.m2/repository/commons-daemon/commons-daemon/1.0.13/commons-daemon-1.0.13.jar:/home/runner/.m2/repository/io/netty/netty/3.10.6.Final/netty-3.10.6.Final.jar:/home/runner/.m2/repository/io/netty/netty-all/4.1.63.Final/netty-all-4.1.63.Final.jar:/home/runner/.m2/repository/org/apache/htrace/htrace-core4/4.1.0-incubating/htrace-core4-4.1.0-incubating.jar:/home/runner/.m2/repository/org/fusesource/leveldbjni/leveldbjni-all/1.8/leveldbjni-all-1.8.jar:/home/runner/.m2/repository/org/apache/hadoop/hadoop-distcp/3.3.1/hadoop-distcp-3.3.1.jar:/home/runner/.m2/repository/org/apache/hadoop/hadoop-mapreduce-client-jobclient/3.3.1/hadoop-mapreduce-client-jobclient-3.3.1.jar:/home/runner/.m2/repository/org/apache/hadoop/hadoop-mapreduce-client-common/3.3.1/hadoop-mapreduce-client-common-3.3.1.jar:/home/runner/.m2/repository/org/apache/hadoop/hadoop-yarn-common/3.3.1/hadoop-yarn-common-3.3.1.jar:/home/runner/.m2/repository/org/apache/hadoop/hadoop-yarn-api/3.3.1/hadoop-yarn-api-3.3.1.jar:/home/runner/.m2/repository/com/sun/jersey/jersey-client/1.19/jersey-client-1.19.jar:/home/runner/.m2/repository/com/sun/jersey/contribs/jersey-guice/1.19/jersey-guice-1.19.jar:/home/runner/.m2/repository/com/fasterxml/jackson/jaxrs/jackson-jaxrs-json-provider/2.12.1/jackson-jaxrs-json-provider-2.12.1.jar:/home/runner/.m2/repository/com/fasterxml/jackson/jaxrs/jackson-jaxrs-base/2.12.1/jackson-jaxrs-base-2.12.1.jar:/home/runner/.m2/repository/org/apache/hadoop/hadoop-yarn-client/3.3.1/hadoop-yarn-client-3.3.1.jar:/home/runner/.m2/repository/org/eclipse/jetty/websocket/websocket-client/9.4.40.v20210413/websocket-client-9.4.40.v20210413.jar:/home/runner/.m2/repository/org/eclipse/jetty/jetty-client/9.4.40.v20210413/jetty-client-9.4.40.v20210413.jar:/home/runner/.m2/repository/org/eclipse/jetty/websocket/websocket-common/9.4.40.v20210413/websocket-common-9.4.40.v20210413.jar:/home/runner/.m2/repository/org/eclipse/jetty/websocket/websocket-api/9.4.40.v20210413/websocket-api-9.4.40.v20210413.jar:/home/runner/.m2/repository/org/jline/jline/3.9.0/jline-3.9.0.jar:/home/runner/.m2/repository/org/apache/hadoop/hadoop-mapreduce-client-core/3.3.1/hadoop-mapreduce-client-core-3.3.1.jar:/home/runner/.m2/repository/org/apache/avro/avro/1.7.7/avro-1.7.7.jar:/home/runner/.m2/repository/org/codehaus/jackson/jackson-core-asl/1.9.13/jackson-core-asl-1.9.13.jar:/home/runner/.m2/repository/org/codehaus/jackson/jackson-mapper-asl/1.9.13/jackson-mapper-asl-1.9.13.jar:/home/runner/.m2/repository/com/thoughtworks/paranamer/paranamer/2.3/paranamer-2.3.jar:/home/runner/.m2/repository/org/apache/hadoop/hadoop-annotations/3.3.1/hadoop-annotations-3.3.1.jar:/usr/lib/jvm/adoptopenjdk-8-hotspot-amd64/jre/../lib/tools.jar:/home/runner/.m2/repository/org/apache/hadoop/hadoop-distcp/3.3.1/hadoop-distcp-3.3.1-tests.jar:/home/runner/.m2/repository/org/apache/ratis/ratis-common/2.2.0/ratis-common-2.2.0.jar:/home/runner/.m2/repository/org/apache/ratis/ratis-thirdparty-misc/0.7.0/ratis-thirdparty-misc-0.7.0.jar:/home/runner/.m2/repository/org/apache/ratis/ratis-proto/2.2.0/ratis-proto-2.2.0.jar:"/>
    <property name="sun.cpu.endian" value="little"/>
    <property name="user.home" value="/home/runner"/>
    <property name="user.language" value="en"/>
    <property name="java.specification.vendor" value="Oracle Corporation"/>
    <property name="java.home" value="/usr/lib/jvm/adoptopenjdk-8-hotspot-amd64/jre"/>
    <property name="java.security.krb5.conf" value="/home/runner/work/ozone/ozone/hadoop-ozone/integration-test/target/test-classes/krb5.conf"/>
    <property name="basedir" value="/home/runner/work/ozone/ozone/hadoop-ozone/integration-test"/>
    <property name="file.separator" value="/"/>
    <property name="line.separator" value="&#10;"/>
    <property name="java.vm.specification.vendor" value="Oracle Corporation"/>
    <property name="java.specification.name" value="Java Platform API Specification"/>
    <property name="java.awt.graphicsenv" value="sun.awt.X11GraphicsEnvironment"/>
    <property name="skip.installnpx" value="true"/>
    <property name="surefire.real.class.path" value="/home/runner/work/ozone/ozone/hadoop-ozone/integration-test/target/surefire/surefirebooter2913766724844275394.jar:/home/runner/.m2/repository/org/jacoco/org.jacoco.agent/0.8.5/org.jacoco.agent-0.8.5-runtime.jar"/>
    <property name="hadoop.log.dir" value="/home/runner/work/ozone/ozone/hadoop-ozone/integration-test/target/log"/>
    <property name="sun.boot.class.path" value="/usr/lib/jvm/adoptopenjdk-8-hotspot-amd64/jre/lib/resources.jar:/usr/lib/jvm/adoptopenjdk-8-hotspot-amd64/jre/lib/rt.jar:/usr/lib/jvm/adoptopenjdk-8-hotspot-amd64/jre/lib/sunrsasign.jar:/usr/lib/jvm/adoptopenjdk-8-hotspot-amd64/jre/lib/jsse.jar:/usr/lib/jvm/adoptopenjdk-8-hotspot-amd64/jre/lib/jce.jar:/usr/lib/jvm/adoptopenjdk-8-hotspot-amd64/jre/lib/charsets.jar:/usr/lib/jvm/adoptopenjdk-8-hotspot-amd64/jre/lib/jfr.jar:/usr/lib/jvm/adoptopenjdk-8-hotspot-amd64/jre/classes"/>
    <property name="sun.management.compiler" value="HotSpot 64-Bit Tiered Compilers"/>
    <property name="skip.npx" value="true"/>
    <property name="java.runtime.version" value="1.8.0_292-b10"/>
    <property name="java.net.preferIPv4Stack" value="true"/>
    <property name="user.name" value="runner"/>
    <property name="path.separator" value=":"/>
    <property name="java.security.egd" value="file:///dev/urandom"/>
    <property name="os.version" value="5.4.0-1063-azure"/>
    <property name="java.endorsed.dirs" value="/usr/lib/jvm/adoptopenjdk-8-hotspot-amd64/jre/lib/endorsed"/>
    <property name="java.runtime.name" value="OpenJDK Runtime Environment"/>
    <property name="file.encoding" value="UTF-8"/>
    <property name="java.vm.name" value="OpenJDK 64-Bit Server VM"/>
    <property name="test.build.webapps" value=""/>
    <property name="localRepository" value="/home/runner/.m2/repository"/>
    <property name="java.vendor.url.bug" value="https://github.com/AdoptOpenJDK/openjdk-support/issues"/>
    <property name="java.io.tmpdir" value="/tmp"/>
    <property name="require.test.libhadoop" value=""/>
    <property name="java.version" value="1.8.0_292"/>
    <property name="user.dir" value="/home/runner/work/ozone/ozone/hadoop-ozone/integration-test"/>
    <property name="os.arch" value="amd64"/>
    <property name="java.vm.specification.name" value="Java Virtual Machine Specification"/>
    <property name="test.build.classes" value="/home/runner/work/ozone/ozone/hadoop-ozone/integration-test/target/test-classes"/>
    <property name="java.awt.printerjob" value="sun.print.PSPrinterJob"/>
    <property name="sun.os.patch.level" value="unknown"/>
    <property name="hadoop.tmp.dir" value="/home/runner/work/ozone/ozone/hadoop-ozone/integration-test/target/tmp"/>
    <property name="java.library.path" value="/usr/java/packages/lib/amd64:/usr/lib64:/lib64:/lib:/usr/lib"/>
    <property name="java.vm.info" value="mixed mode"/>
    <property name="java.vendor" value="AdoptOpenJDK"/>
    <property name="java.vm.version" value="25.292-b10"/>
    <property name="java.ext.dirs" value="/usr/lib/jvm/adoptopenjdk-8-hotspot-amd64/jre/lib/ext:/usr/java/packages/lib/ext"/>
    <property name="sun.io.unicode.encoding" value="UnicodeLittle"/>
    <property name="java.class.version" value="52.0"/>
  </properties>
  <testcase name="testDownloadSnapshot" classname="org.apache.hadoop.hdds.scm.TestSCMInstallSnapshot" time="0.142"/>
  <testcase name="testInstallCheckPoint" classname="org.apache.hadoop.hdds.scm.TestSCMInstallSnapshot" time="0.254">
    <failure message="expected:&lt;100&gt; but was:&lt;34&gt;" type="java.lang.AssertionError"><![CDATA[java.lang.AssertionError: expected:<100> but was:<34>
	at org.junit.Assert.fail(Assert.java:89)
	at org.junit.Assert.failNotEquals(Assert.java:835)
	at org.junit.Assert.assertEquals(Assert.java:647)
	at org.junit.Assert.assertEquals(Assert.java:633)
	at org.apache.hadoop.hdds.scm.TestSCMInstallSnapshot.testInstallCheckPoint(TestSCMInstallSnapshot.java:155)
	at sun.reflect.NativeMethodAccessorImpl.invoke0(Native Method)
	at sun.reflect.NativeMethodAccessorImpl.invoke(NativeMethodAccessorImpl.java:62)
	at sun.reflect.DelegatingMethodAccessorImpl.invoke(DelegatingMethodAccessorImpl.java:43)
	at java.lang.reflect.Method.invoke(Method.java:498)
	at org.junit.runners.model.FrameworkMethod$1.runReflectiveCall(FrameworkMethod.java:59)
	at org.junit.internal.runners.model.ReflectiveCallable.run(ReflectiveCallable.java:12)
	at org.junit.runners.model.FrameworkMethod.invokeExplosively(FrameworkMethod.java:56)
	at org.junit.internal.runners.statements.InvokeMethod.evaluate(InvokeMethod.java:17)
	at org.junit.runners.ParentRunner$3.evaluate(ParentRunner.java:306)
	at org.junit.runners.BlockJUnit4ClassRunner$1.evaluate(BlockJUnit4ClassRunner.java:100)
	at org.junit.runners.ParentRunner.runLeaf(ParentRunner.java:366)
	at org.junit.runners.BlockJUnit4ClassRunner.runChild(BlockJUnit4ClassRunner.java:103)
	at org.junit.runners.BlockJUnit4ClassRunner.runChild(BlockJUnit4ClassRunner.java:63)
	at org.junit.runners.ParentRunner$4.run(ParentRunner.java:331)
	at org.junit.runners.ParentRunner$1.schedule(ParentRunner.java:79)
	at org.junit.runners.ParentRunner.runChildren(ParentRunner.java:329)
	at org.junit.runners.ParentRunner.access$100(ParentRunner.java:66)
	at org.junit.runners.ParentRunner$2.evaluate(ParentRunner.java:293)
	at org.junit.internal.runners.statements.RunBefores.evaluate(RunBefores.java:26)
	at org.junit.internal.runners.statements.RunAfters.evaluate(RunAfters.java:27)
	at org.junit.runners.ParentRunner$3.evaluate(ParentRunner.java:306)
	at org.junit.runners.ParentRunner.run(ParentRunner.java:413)
	at org.junit.runner.JUnitCore.run(JUnitCore.java:137)
	at org.junit.runner.JUnitCore.run(JUnitCore.java:115)
	at org.junit.vintage.engine.execution.RunnerExecutor.execute(RunnerExecutor.java:43)
	at java.util.stream.ForEachOps$ForEachOp$OfRef.accept(ForEachOps.java:183)
	at java.util.stream.ReferencePipeline$3$1.accept(ReferencePipeline.java:193)
	at java.util.Iterator.forEachRemaining(Iterator.java:116)
	at java.util.Spliterators$IteratorSpliterator.forEachRemaining(Spliterators.java:1801)
	at java.util.stream.AbstractPipeline.copyInto(AbstractPipeline.java:482)
	at java.util.stream.AbstractPipeline.wrapAndCopyInto(AbstractPipeline.java:472)
	at java.util.stream.ForEachOps$ForEachOp.evaluateSequential(ForEachOps.java:150)
	at java.util.stream.ForEachOps$ForEachOp$OfRef.evaluateSequential(ForEachOps.java:173)
	at java.util.stream.AbstractPipeline.evaluate(AbstractPipeline.java:234)
	at java.util.stream.ReferencePipeline.forEach(ReferencePipeline.java:485)
	at org.junit.vintage.engine.VintageTestEngine.executeAllChildren(VintageTestEngine.java:82)
	at org.junit.vintage.engine.VintageTestEngine.execute(VintageTestEngine.java:73)
	at org.junit.platform.launcher.core.EngineExecutionOrchestrator.execute(EngineExecutionOrchestrator.java:108)
	at org.junit.platform.launcher.core.EngineExecutionOrchestrator.execute(EngineExecutionOrchestrator.java:88)
	at org.junit.platform.launcher.core.EngineExecutionOrchestrator.lambda$execute$0(EngineExecutionOrchestrator.java:54)
	at org.junit.platform.launcher.core.EngineExecutionOrchestrator.withInterceptedStreams(EngineExecutionOrchestrator.java:67)
	at org.junit.platform.launcher.core.EngineExecutionOrchestrator.execute(EngineExecutionOrchestrator.java:52)
	at org.junit.platform.launcher.core.DefaultLauncher.execute(DefaultLauncher.java:96)
	at org.junit.platform.launcher.core.DefaultLauncher.execute(DefaultLauncher.java:75)
	at org.apache.maven.surefire.junitplatform.JUnitPlatformProvider.invokeAllTests(JUnitPlatformProvider.java:142)
	at org.apache.maven.surefire.junitplatform.JUnitPlatformProvider.invoke(JUnitPlatformProvider.java:113)
	at org.apache.maven.surefire.booter.ForkedBooter.invokeProviderInSameClassLoader(ForkedBooter.java:384)
	at org.apache.maven.surefire.booter.ForkedBooter.runSuitesInProcess(ForkedBooter.java:345)
	at org.apache.maven.surefire.booter.ForkedBooter.execute(ForkedBooter.java:126)
	at org.apache.maven.surefire.booter.ForkedBooter.main(ForkedBooter.java:418)
]]></failure>
    <system-out><![CDATA[2021-12-08 17:04:11,841 [ced0c7a6-ef9a-43ee-9495-e09d3a2c6a44@group-F0B64E6324FD-FollowerState] INFO  impl.FollowerState (FollowerState.java:run(134)) - ced0c7a6-ef9a-43ee-9495-e09d3a2c6a44@group-F0B64E6324FD-FollowerState: change to CANDIDATE, lastRpcElapsedTime:5116498951ns, electionTimeout:5104ms
2021-12-08 17:04:11,841 [ced0c7a6-ef9a-43ee-9495-e09d3a2c6a44@group-F0B64E6324FD-FollowerState] INFO  impl.RoleInfo (RoleInfo.java:shutdownFollowerState(108)) - ced0c7a6-ef9a-43ee-9495-e09d3a2c6a44: shutdown ced0c7a6-ef9a-43ee-9495-e09d3a2c6a44@group-F0B64E6324FD-FollowerState
2021-12-08 17:04:11,842 [ced0c7a6-ef9a-43ee-9495-e09d3a2c6a44@group-F0B64E6324FD-FollowerState] INFO  server.RaftServer$Division (RaftServerImpl.java:setRole(290)) - ced0c7a6-ef9a-43ee-9495-e09d3a2c6a44@group-F0B64E6324FD: changes role from  FOLLOWER to CANDIDATE at term 0 for changeToCandidate
2021-12-08 17:04:11,842 [ced0c7a6-ef9a-43ee-9495-e09d3a2c6a44@group-F0B64E6324FD-FollowerState] INFO  server.RaftServerConfigKeys (ConfUtils.java:logGet(44)) - raft.server.leaderelection.pre-vote = false (custom)
2021-12-08 17:04:11,842 [ced0c7a6-ef9a-43ee-9495-e09d3a2c6a44@group-F0B64E6324FD-FollowerState] INFO  impl.RoleInfo (RoleInfo.java:updateAndGet(130)) - ced0c7a6-ef9a-43ee-9495-e09d3a2c6a44: start ced0c7a6-ef9a-43ee-9495-e09d3a2c6a44@group-F0B64E6324FD-LeaderElection7
2021-12-08 17:04:11,843 [dd8158fc-c6c0-4c9a-9adf-6103c07fe508@group-45F61DA0D9BB-StateMachineUpdater] INFO  ha.SCMStateMachine (SCMStateMachine.java:takeSnapshot(297)) - Current Snapshot Index 28, takeSnapshot took 0 ms
2021-12-08 17:04:11,844 [dd8158fc-c6c0-4c9a-9adf-6103c07fe508@group-45F61DA0D9BB-StateMachineUpdater] INFO  impl.StateMachineUpdater (StateMachineUpdater.java:takeSnapshot(281)) - dd8158fc-c6c0-4c9a-9adf-6103c07fe508@group-45F61DA0D9BB-StateMachineUpdater: Took a snapshot at index 28
2021-12-08 17:04:11,844 [dd8158fc-c6c0-4c9a-9adf-6103c07fe508@group-45F61DA0D9BB-StateMachineUpdater] INFO  impl.StateMachineUpdater (StateMachineUpdater.java:lambda$new$0(89)) - dd8158fc-c6c0-4c9a-9adf-6103c07fe508@group-45F61DA0D9BB-StateMachineUpdater: snapshotIndex: updateIncreasingly 26 -> 28
2021-12-08 17:04:11,845 [Listener at 127.0.0.1/41481] INFO  ha.SCMHAInvocationHandler (SCMHAInvocationHandler.java:invokeRatis(113)) - Invoking method public abstract void org.apache.hadoop.hdds.scm.container.ContainerStateManager.addContainer(org.apache.hadoop.hdds.protocol.proto.HddsProtos$ContainerInfoProto) throws java.io.IOException on target org.apache.hadoop.hdds.scm.ha.SCMRatisServerImpl@5183e804, cost 11273.976us
2021-12-08 17:04:11,847 [dd8158fc-c6c0-4c9a-9adf-6103c07fe508@group-45F61DA0D9BB-StateMachineUpdater] INFO  ha.SCMStateMachine (SCMStateMachine.java:takeSnapshot(297)) - Current Snapshot Index 29, takeSnapshot took 0 ms
2021-12-08 17:04:11,847 [dd8158fc-c6c0-4c9a-9adf-6103c07fe508@group-45F61DA0D9BB-StateMachineUpdater] INFO  impl.StateMachineUpdater (StateMachineUpdater.java:takeSnapshot(281)) - dd8158fc-c6c0-4c9a-9adf-6103c07fe508@group-45F61DA0D9BB-StateMachineUpdater: Took a snapshot at index 29
2021-12-08 17:04:11,847 [dd8158fc-c6c0-4c9a-9adf-6103c07fe508@group-45F61DA0D9BB-StateMachineUpdater] INFO  impl.StateMachineUpdater (StateMachineUpdater.java:lambda$new$0(89)) - dd8158fc-c6c0-4c9a-9adf-6103c07fe508@group-45F61DA0D9BB-StateMachineUpdater: snapshotIndex: updateIncreasingly 28 -> 29
2021-12-08 17:04:11,848 [dd8158fc-c6c0-4c9a-9adf-6103c07fe508@group-45F61DA0D9BB-StateMachineUpdater] INFO  ha.SCMStateMachine (SCMStateMachine.java:takeSnapshot(297)) - Current Snapshot Index 30, takeSnapshot took 1 ms
2021-12-08 17:04:11,848 [dd8158fc-c6c0-4c9a-9adf-6103c07fe508@group-45F61DA0D9BB-StateMachineUpdater] INFO  impl.StateMachineUpdater (StateMachineUpdater.java:takeSnapshot(281)) - dd8158fc-c6c0-4c9a-9adf-6103c07fe508@group-45F61DA0D9BB-StateMachineUpdater: Took a snapshot at index 30
2021-12-08 17:04:11,848 [dd8158fc-c6c0-4c9a-9adf-6103c07fe508@group-45F61DA0D9BB-StateMachineUpdater] INFO  impl.StateMachineUpdater (StateMachineUpdater.java:lambda$new$0(89)) - dd8158fc-c6c0-4c9a-9adf-6103c07fe508@group-45F61DA0D9BB-StateMachineUpdater: snapshotIndex: updateIncreasingly 29 -> 30
2021-12-08 17:04:11,848 [Listener at 127.0.0.1/41481] INFO  ha.SCMHAInvocationHandler (SCMHAInvocationHandler.java:invokeRatis(113)) - Invoking method public abstract void org.apache.hadoop.hdds.scm.container.ContainerStateManager.addContainer(org.apache.hadoop.hdds.protocol.proto.HddsProtos$ContainerInfoProto) throws java.io.IOException on target org.apache.hadoop.hdds.scm.ha.SCMRatisServerImpl@5183e804, cost 3022.22us
2021-12-08 17:04:11,861 [grpc-default-executor-3] INFO  ha.SCMDBCheckpointProvider (SCMDBCheckpointProvider.java:writeDBCheckPointToSream(48)) - Received request to obtain SCM DB checkpoint snapshot
2021-12-08 17:04:11,863 [ced0c7a6-ef9a-43ee-9495-e09d3a2c6a44@group-F0B64E6324FD-LeaderElection7] INFO  impl.LeaderElection (LeaderElection.java:askForVotes(306)) - ced0c7a6-ef9a-43ee-9495-e09d3a2c6a44@group-F0B64E6324FD-LeaderElection7 ELECTION round 0: submit vote requests at term 1 for -1: [ced0c7a6-ef9a-43ee-9495-e09d3a2c6a44|rpc:10.1.0.52:40733|priority:1], old=null
2021-12-08 17:04:11,863 [ced0c7a6-ef9a-43ee-9495-e09d3a2c6a44@group-F0B64E6324FD-LeaderElection7] INFO  impl.LeaderElection (LeaderElection.java:askForVotes(308)) - ced0c7a6-ef9a-43ee-9495-e09d3a2c6a44@group-F0B64E6324FD-LeaderElection7 ELECTION round 0: result PASSED (term=1)
2021-12-08 17:04:11,863 [ced0c7a6-ef9a-43ee-9495-e09d3a2c6a44@group-F0B64E6324FD-LeaderElection7] INFO  impl.RoleInfo (RoleInfo.java:shutdownLeaderElection(121)) - ced0c7a6-ef9a-43ee-9495-e09d3a2c6a44: shutdown ced0c7a6-ef9a-43ee-9495-e09d3a2c6a44@group-F0B64E6324FD-LeaderElection7
2021-12-08 17:04:11,863 [ced0c7a6-ef9a-43ee-9495-e09d3a2c6a44@group-F0B64E6324FD-LeaderElection7] INFO  server.RaftServer$Division (RaftServerImpl.java:setRole(290)) - ced0c7a6-ef9a-43ee-9495-e09d3a2c6a44@group-F0B64E6324FD: changes role from CANDIDATE to LEADER at term 1 for changeToLeader
2021-12-08 17:04:11,863 [ced0c7a6-ef9a-43ee-9495-e09d3a2c6a44@group-F0B64E6324FD-LeaderElection7] INFO  ratis.XceiverServerRatis (XceiverServerRatis.java:handleLeaderChangedNotification(866)) - Leader change notification received for group: group-F0B64E6324FD with new leaderId: ced0c7a6-ef9a-43ee-9495-e09d3a2c6a44
2021-12-08 17:04:11,868 [ced0c7a6-ef9a-43ee-9495-e09d3a2c6a44@group-F0B64E6324FD-LeaderElection7] INFO  server.RaftServer$Division (ServerState.java:setLeader(285)) - ced0c7a6-ef9a-43ee-9495-e09d3a2c6a44@group-F0B64E6324FD: change Leader from null to ced0c7a6-ef9a-43ee-9495-e09d3a2c6a44 at term 1 for becomeLeader, leader elected after 5147ms
2021-12-08 17:04:11,869 [ced0c7a6-ef9a-43ee-9495-e09d3a2c6a44@group-F0B64E6324FD-LeaderElection7] INFO  server.RaftServerConfigKeys (ConfUtils.java:logGet(44)) - raft.server.staging.catchup.gap = 1000 (default)
2021-12-08 17:04:11,869 [ced0c7a6-ef9a-43ee-9495-e09d3a2c6a44@group-F0B64E6324FD-LeaderElection7] INFO  server.RaftServerConfigKeys (ConfUtils.java:logGet(44)) - raft.server.write.element-limit = 1024 (custom)
2021-12-08 17:04:11,870 [ced0c7a6-ef9a-43ee-9495-e09d3a2c6a44@group-F0B64E6324FD-LeaderElection7] INFO  server.RaftServerConfigKeys (ConfUtils.java:logGet(44)) - raft.server.write.byte-limit = 1024 M (=1073741824) (custom)
2021-12-08 17:04:11,871 [grpc-default-executor-3] INFO  db.RDBCheckpointManager (RDBCheckpointManager.java:createCheckpoint(86)) - Created checkpoint at /home/runner/work/ozone/ozone/hadoop-ozone/integration-test/target/test-dir/MiniOzoneClusterImpl-2e66d6b0-9c93-4dd6-abdd-45f61da0d9bb/ozone-meta/db.checkpoints/scm.db_checkpoint_1638983051862 in 9 milliseconds
2021-12-08 17:04:11,880 [ced0c7a6-ef9a-43ee-9495-e09d3a2c6a44@group-F0B64E6324FD-LeaderElection7] INFO  server.RaftServerConfigKeys (ConfUtils.java:logGet(44)) - raft.server.watch.timeout = 180s (custom)
2021-12-08 17:04:11,880 [ced0c7a6-ef9a-43ee-9495-e09d3a2c6a44@group-F0B64E6324FD-LeaderElection7] INFO  server.RaftServerConfigKeys (ConfUtils.java:logGet(44)) - raft.server.watch.timeout.denomination = 1s (default)
2021-12-08 17:04:11,880 [ced0c7a6-ef9a-43ee-9495-e09d3a2c6a44@group-F0B64E6324FD-LeaderElection7] INFO  server.RaftServerConfigKeys (ConfUtils.java:logGet(44)) - raft.server.watch.element-limit = 65536 (default)
2021-12-08 17:04:11,881 [ced0c7a6-ef9a-43ee-9495-e09d3a2c6a44@group-F0B64E6324FD-LeaderElection7] INFO  server.RaftServerConfigKeys (ConfUtils.java:logGet(44)) - raft.server.write.element-limit = 1024 (custom)
2021-12-08 17:04:11,881 [ced0c7a6-ef9a-43ee-9495-e09d3a2c6a44@group-F0B64E6324FD-LeaderElection7] INFO  server.RaftServerConfigKeys (ConfUtils.java:logGet(44)) - raft.server.write.follower.gap.ratio.max = -1.0 (default)
2021-12-08 17:04:11,881 [ced0c7a6-ef9a-43ee-9495-e09d3a2c6a44@group-F0B64E6324FD-LeaderElection7] INFO  impl.RoleInfo (RoleInfo.java:updateAndGet(130)) - ced0c7a6-ef9a-43ee-9495-e09d3a2c6a44: start ced0c7a6-ef9a-43ee-9495-e09d3a2c6a44@group-F0B64E6324FD-LeaderStateImpl
2021-12-08 17:04:11,881 [ced0c7a6-ef9a-43ee-9495-e09d3a2c6a44@group-F0B64E6324FD-LeaderElection7] INFO  segmented.SegmentedRaftLogWorker (SegmentedRaftLogWorker.java:startLogSegment(394)) - ced0c7a6-ef9a-43ee-9495-e09d3a2c6a44@group-F0B64E6324FD-SegmentedRaftLogWorker: Starting segment from index:0
2021-12-08 17:04:11,881 [grpc-default-executor-3] INFO  ha.SCMGrpcOutputStream (SCMGrpcOutputStream.java:close(111)) - Sent 6912 bytes for cluster 2e66d6b0-9c93-4dd6-abdd-45f61da0d9bb
2021-12-08 17:04:11,881 [grpc-default-executor-3] INFO  ha.SCMDBCheckpointProvider (SCMDBCheckpointProvider.java:writeDBCheckPointToSream(73)) - Time taken to write the checkpoint to response output stream: 10 milliseconds
2021-12-08 17:04:11,881 [grpc-default-executor-3] INFO  db.RocksDBCheckpoint (RocksDBCheckpoint.java:cleanupCheckpoint(78)) - Cleaning up RocksDB checkpoint at /home/runner/work/ozone/ozone/hadoop-ozone/integration-test/target/test-dir/MiniOzoneClusterImpl-2e66d6b0-9c93-4dd6-abdd-45f61da0d9bb/ozone-meta/db.checkpoints/scm.db_checkpoint_1638983051862
2021-12-08 17:04:11,883 [grpc-default-executor-1] INFO  ha.InterSCMGrpcClient (InterSCMGrpcClient.java:onCompleted(173)) - Checkpoint is downloaded to /home/runner/work/ozone/ozone/hadoop-ozone/integration-test/target/test-dir/MiniOzoneClusterImpl-2e66d6b0-9c93-4dd6-abdd-45f61da0d9bb/ozone-meta/snapshot/scm.db-scm1-1638983051851.tar.gz
2021-12-08 17:04:11,884 [ced0c7a6-ef9a-43ee-9495-e09d3a2c6a44@group-F0B64E6324FD-SegmentedRaftLogWorker] INFO  segmented.SegmentedRaftLogWorker (SegmentedRaftLogWorker.java:execute(601)) - ced0c7a6-ef9a-43ee-9495-e09d3a2c6a44@group-F0B64E6324FD-SegmentedRaftLogWorker: created new log segment /home/runner/work/ozone/ozone/hadoop-ozone/integration-test/target/test-dir/MiniOzoneClusterImpl-2e66d6b0-9c93-4dd6-abdd-45f61da0d9bb/datanode-2/data/ratis/0a2020d3-7268-4a3b-835c-f0b64e6324fd/current/log_inprogress_0
2021-12-08 17:04:11,895 [ced0c7a6-ef9a-43ee-9495-e09d3a2c6a44@group-F0B64E6324FD-LeaderElection7] INFO  server.RaftServer$Division (ServerState.java:setRaftConf(387)) - ced0c7a6-ef9a-43ee-9495-e09d3a2c6a44@group-F0B64E6324FD: set configuration 0: [ced0c7a6-ef9a-43ee-9495-e09d3a2c6a44|rpc:10.1.0.52:40733|dataStream:|priority:1], old=null
2021-12-08 17:04:11,906 [Listener at 127.0.0.1/41481] INFO  ha.SCMSnapshotProvider (SCMSnapshotProvider.java:getSCMDBSnapshot(131)) - Successfully downloaded latest checkpoint from leader SCM: scm1 path /home/runner/work/ozone/ozone/hadoop-ozone/integration-test/target/test-dir/MiniOzoneClusterImpl-2e66d6b0-9c93-4dd6-abdd-45f61da0d9bb/ozone-meta/snapshot/scm.db-scm1-1638983051851
2021-12-08 17:04:11,941 [Listener at 127.0.0.1/41481] INFO  ha.SCMHAInvocationHandler (SCMHAInvocationHandler.java:invokeRatis(113)) - Invoking method public abstract void org.apache.hadoop.hdds.scm.container.ContainerStateManager.removeContainer(org.apache.hadoop.hdds.protocol.proto.HddsProtos$ContainerID) throws java.io.IOException on target org.apache.hadoop.hdds.scm.ha.SCMRatisServerImpl@5183e804, cost 3625.224us
2021-12-08 17:04:11,941 [dd8158fc-c6c0-4c9a-9adf-6103c07fe508@group-45F61DA0D9BB-StateMachineUpdater] INFO  ha.SCMStateMachine (SCMStateMachine.java:takeSnapshot(297)) - Current Snapshot Index 31, takeSnapshot took 0 ms
2021-12-08 17:04:11,941 [dd8158fc-c6c0-4c9a-9adf-6103c07fe508@group-45F61DA0D9BB-StateMachineUpdater] INFO  impl.StateMachineUpdater (StateMachineUpdater.java:takeSnapshot(281)) - dd8158fc-c6c0-4c9a-9adf-6103c07fe508@group-45F61DA0D9BB-StateMachineUpdater: Took a snapshot at index 31
2021-12-08 17:04:11,941 [dd8158fc-c6c0-4c9a-9adf-6103c07fe508@group-45F61DA0D9BB-StateMachineUpdater] INFO  impl.StateMachineUpdater (StateMachineUpdater.java:lambda$new$0(89)) - dd8158fc-c6c0-4c9a-9adf-6103c07fe508@group-45F61DA0D9BB-StateMachineUpdater: snapshotIndex: updateIncreasingly 30 -> 31
2021-12-08 17:04:11,942 [dd8158fc-c6c0-4c9a-9adf-6103c07fe508@group-45F61DA0D9BB-StateMachineUpdater] INFO  ha.SCMStateMachine (SCMStateMachine.java:takeSnapshot(297)) - Current Snapshot Index 32, takeSnapshot took 0 ms
2021-12-08 17:04:11,942 [dd8158fc-c6c0-4c9a-9adf-6103c07fe508@group-45F61DA0D9BB-StateMachineUpdater] INFO  impl.StateMachineUpdater (StateMachineUpdater.java:takeSnapshot(281)) - dd8158fc-c6c0-4c9a-9adf-6103c07fe508@group-45F61DA0D9BB-StateMachineUpdater: Took a snapshot at index 32
2021-12-08 17:04:11,942 [dd8158fc-c6c0-4c9a-9adf-6103c07fe508@group-45F61DA0D9BB-StateMachineUpdater] INFO  impl.StateMachineUpdater (StateMachineUpdater.java:lambda$new$0(89)) - dd8158fc-c6c0-4c9a-9adf-6103c07fe508@group-45F61DA0D9BB-StateMachineUpdater: snapshotIndex: updateIncreasingly 31 -> 32
2021-12-08 17:04:11,967 [Listener at 127.0.0.1/41481] INFO  ha.SCMHAManagerImpl (SCMHAManagerImpl.java:installCheckpoint(227)) - Installing checkpoint with SCMTransactionInfo 10#100
2021-12-08 17:04:11,969 [Listener at 127.0.0.1/41481] INFO  ha.SCMHAManagerImpl (SCMHAManagerImpl.java:installCheckpoint(266)) - Replaced DB with checkpoint, term: 10, index: 100
2021-12-08 17:04:11,969 [Listener at 127.0.0.1/41481] WARN  utils.HAUtils (HAUtils.java:getMetaDir(342)) - ozone.scm.db.dirs is not configured. We recommend adding this setting. Falling back to ozone.metadata.dirs instead.
2021-12-08 17:04:11,970 [Listener at 127.0.0.1/41481] WARN  db.DBStoreBuilder (DBStoreBuilder.java:applyDBDefinition(145)) - ozone.scm.db.dirs is not configured. We recommend adding this setting. Falling back to ozone.metadata.dirs instead.
2021-12-08 17:04:11,977 [ced0c7a6-ef9a-43ee-9495-e09d3a2c6a44@group-B7DFE9504FD5-FollowerState] INFO  impl.FollowerState (FollowerState.java:run(134)) - ced0c7a6-ef9a-43ee-9495-e09d3a2c6a44@group-B7DFE9504FD5-FollowerState: change to CANDIDATE, lastRpcElapsedTime:5023937422ns, electionTimeout:5008ms
2021-12-08 17:04:11,977 [ced0c7a6-ef9a-43ee-9495-e09d3a2c6a44@group-B7DFE9504FD5-FollowerState] INFO  impl.RoleInfo (RoleInfo.java:shutdownFollowerState(108)) - ced0c7a6-ef9a-43ee-9495-e09d3a2c6a44: shutdown ced0c7a6-ef9a-43ee-9495-e09d3a2c6a44@group-B7DFE9504FD5-FollowerState
2021-12-08 17:04:11,977 [ced0c7a6-ef9a-43ee-9495-e09d3a2c6a44@group-B7DFE9504FD5-FollowerState] INFO  server.RaftServer$Division (RaftServerImpl.java:setRole(290)) - ced0c7a6-ef9a-43ee-9495-e09d3a2c6a44@group-B7DFE9504FD5: changes role from  FOLLOWER to CANDIDATE at term 0 for changeToCandidate
2021-12-08 17:04:11,978 [ced0c7a6-ef9a-43ee-9495-e09d3a2c6a44@group-B7DFE9504FD5-FollowerState] INFO  server.RaftServerConfigKeys (ConfUtils.java:logGet(44)) - raft.server.leaderelection.pre-vote = false (custom)
2021-12-08 17:04:11,978 [ced0c7a6-ef9a-43ee-9495-e09d3a2c6a44@group-B7DFE9504FD5-FollowerState] INFO  impl.RoleInfo (RoleInfo.java:updateAndGet(130)) - ced0c7a6-ef9a-43ee-9495-e09d3a2c6a44: start ced0c7a6-ef9a-43ee-9495-e09d3a2c6a44@group-B7DFE9504FD5-LeaderElection8
2021-12-08 17:04:11,988 [ced0c7a6-ef9a-43ee-9495-e09d3a2c6a44@group-B7DFE9504FD5-LeaderElection8] INFO  impl.LeaderElection (LeaderElection.java:askForVotes(306)) - ced0c7a6-ef9a-43ee-9495-e09d3a2c6a44@group-B7DFE9504FD5-LeaderElection8 ELECTION round 0: submit vote requests at term 1 for -1: [ced0c7a6-ef9a-43ee-9495-e09d3a2c6a44|rpc:10.1.0.52:40733|priority:1, cdafaea0-97ac-4e5d-ba53-cf956500cc39|rpc:10.1.0.52:38763|priority:0, 946d5ca0-f309-4633-8991-88ade3af3f1d|rpc:10.1.0.52:45847|priority:0], old=null
2021-12-08 17:04:11,998 [grpc-default-executor-1] INFO  server.RaftServer$Division (RaftServerImpl.java:requestVote(1046)) - cdafaea0-97ac-4e5d-ba53-cf956500cc39@group-B7DFE9504FD5: receive requestVote(ELECTION, ced0c7a6-ef9a-43ee-9495-e09d3a2c6a44, group-B7DFE9504FD5, 1, (t:0, i:0))
2021-12-08 17:04:11,998 [grpc-default-executor-1] INFO  impl.VoteContext (VoteContext.java:log(48)) - cdafaea0-97ac-4e5d-ba53-cf956500cc39@group-B7DFE9504FD5-FOLLOWER: accept ELECTION from ced0c7a6-ef9a-43ee-9495-e09d3a2c6a44: our priority 0 <= candidate's priority 1
2021-12-08 17:04:11,998 [grpc-default-executor-1] INFO  server.RaftServer$Division (RaftServerImpl.java:setRole(290)) - cdafaea0-97ac-4e5d-ba53-cf956500cc39@group-B7DFE9504FD5: changes role from  FOLLOWER to FOLLOWER at term 1 for candidate:ced0c7a6-ef9a-43ee-9495-e09d3a2c6a44
2021-12-08 17:04:11,998 [grpc-default-executor-1] INFO  impl.RoleInfo (RoleInfo.java:shutdownFollowerState(108)) - cdafaea0-97ac-4e5d-ba53-cf956500cc39: shutdown cdafaea0-97ac-4e5d-ba53-cf956500cc39@group-B7DFE9504FD5-FollowerState
2021-12-08 17:04:11,998 [grpc-default-executor-1] INFO  impl.RoleInfo (RoleInfo.java:updateAndGet(130)) - cdafaea0-97ac-4e5d-ba53-cf956500cc39: start cdafaea0-97ac-4e5d-ba53-cf956500cc39@group-B7DFE9504FD5-FollowerState
2021-12-08 17:04:11,998 [cdafaea0-97ac-4e5d-ba53-cf956500cc39@group-B7DFE9504FD5-FollowerState] INFO  impl.FollowerState (FollowerState.java:run(143)) - cdafaea0-97ac-4e5d-ba53-cf956500cc39@group-B7DFE9504FD5-FollowerState was interrupted: {}
java.lang.InterruptedException: sleep interrupted
	at java.lang.Thread.sleep(Native Method)
	at java.lang.Thread.sleep(Thread.java:340)
	at java.util.concurrent.TimeUnit.sleep(TimeUnit.java:386)
	at org.apache.ratis.util.TimeDuration.sleep(TimeDuration.java:324)
	at org.apache.ratis.util.TimeDuration.sleep(TimeDuration.java:309)
	at org.apache.ratis.server.impl.FollowerState.run(FollowerState.java:118)
2021-12-08 17:04:12,012 [grpc-default-executor-3] INFO  server.RaftServer$Division (RaftServerImpl.java:requestVote(1046)) - 946d5ca0-f309-4633-8991-88ade3af3f1d@group-B7DFE9504FD5: receive requestVote(ELECTION, ced0c7a6-ef9a-43ee-9495-e09d3a2c6a44, group-B7DFE9504FD5, 1, (t:0, i:0))
2021-12-08 17:04:12,012 [grpc-default-executor-3] INFO  impl.VoteContext (VoteContext.java:log(48)) - 946d5ca0-f309-4633-8991-88ade3af3f1d@group-B7DFE9504FD5-FOLLOWER: accept ELECTION from ced0c7a6-ef9a-43ee-9495-e09d3a2c6a44: our priority 0 <= candidate's priority 1
2021-12-08 17:04:12,013 [grpc-default-executor-3] INFO  server.RaftServer$Division (RaftServerImpl.java:setRole(290)) - 946d5ca0-f309-4633-8991-88ade3af3f1d@group-B7DFE9504FD5: changes role from  FOLLOWER to FOLLOWER at term 1 for candidate:ced0c7a6-ef9a-43ee-9495-e09d3a2c6a44
2021-12-08 17:04:12,013 [grpc-default-executor-3] INFO  impl.RoleInfo (RoleInfo.java:shutdownFollowerState(108)) - 946d5ca0-f309-4633-8991-88ade3af3f1d: shutdown 946d5ca0-f309-4633-8991-88ade3af3f1d@group-B7DFE9504FD5-FollowerState
2021-12-08 17:04:12,013 [grpc-default-executor-3] INFO  impl.RoleInfo (RoleInfo.java:updateAndGet(130)) - 946d5ca0-f309-4633-8991-88ade3af3f1d: start 946d5ca0-f309-4633-8991-88ade3af3f1d@group-B7DFE9504FD5-FollowerState
2021-12-08 17:04:12,013 [946d5ca0-f309-4633-8991-88ade3af3f1d@group-B7DFE9504FD5-FollowerState] INFO  impl.FollowerState (FollowerState.java:run(143)) - 946d5ca0-f309-4633-8991-88ade3af3f1d@group-B7DFE9504FD5-FollowerState was interrupted: {}
java.lang.InterruptedException: sleep interrupted
	at java.lang.Thread.sleep(Native Method)
	at java.lang.Thread.sleep(Thread.java:340)
	at java.util.concurrent.TimeUnit.sleep(TimeUnit.java:386)
	at org.apache.ratis.util.TimeDuration.sleep(TimeDuration.java:324)
	at org.apache.ratis.util.TimeDuration.sleep(TimeDuration.java:309)
	at org.apache.ratis.server.impl.FollowerState.run(FollowerState.java:118)
2021-12-08 17:04:12,014 [grpc-default-executor-1] INFO  server.RaftServer$Division (RaftServerImpl.java:requestVote(1078)) - cdafaea0-97ac-4e5d-ba53-cf956500cc39@group-B7DFE9504FD5 replies to ELECTION vote request: ced0c7a6-ef9a-43ee-9495-e09d3a2c6a44<-cdafaea0-97ac-4e5d-ba53-cf956500cc39#0:OK-t1. Peer's state: cdafaea0-97ac-4e5d-ba53-cf956500cc39@group-B7DFE9504FD5:t1, leader=null, voted=ced0c7a6-ef9a-43ee-9495-e09d3a2c6a44, raftlog=cdafaea0-97ac-4e5d-ba53-cf956500cc39@group-B7DFE9504FD5-SegmentedRaftLog:OPENED:c-1, conf=-1: [ced0c7a6-ef9a-43ee-9495-e09d3a2c6a44|rpc:10.1.0.52:40733|priority:1, cdafaea0-97ac-4e5d-ba53-cf956500cc39|rpc:10.1.0.52:38763|priority:0, 946d5ca0-f309-4633-8991-88ade3af3f1d|rpc:10.1.0.52:45847|priority:0], old=null
2021-12-08 17:04:12,015 [grpc-default-executor-3] INFO  server.RaftServer$Division (RaftServerImpl.java:requestVote(1078)) - 946d5ca0-f309-4633-8991-88ade3af3f1d@group-B7DFE9504FD5 replies to ELECTION vote request: ced0c7a6-ef9a-43ee-9495-e09d3a2c6a44<-946d5ca0-f309-4633-8991-88ade3af3f1d#0:OK-t1. Peer's state: 946d5ca0-f309-4633-8991-88ade3af3f1d@group-B7DFE9504FD5:t1, leader=null, voted=ced0c7a6-ef9a-43ee-9495-e09d3a2c6a44, raftlog=946d5ca0-f309-4633-8991-88ade3af3f1d@group-B7DFE9504FD5-SegmentedRaftLog:OPENED:c-1, conf=-1: [ced0c7a6-ef9a-43ee-9495-e09d3a2c6a44|rpc:10.1.0.52:40733|priority:1, cdafaea0-97ac-4e5d-ba53-cf956500cc39|rpc:10.1.0.52:38763|priority:0, 946d5ca0-f309-4633-8991-88ade3af3f1d|rpc:10.1.0.52:45847|priority:0], old=null
2021-12-08 17:04:12,021 [ced0c7a6-ef9a-43ee-9495-e09d3a2c6a44@group-B7DFE9504FD5-LeaderElection8] INFO  impl.LeaderElection (LeaderElection.java:logAndReturn(89)) - ced0c7a6-ef9a-43ee-9495-e09d3a2c6a44@group-B7DFE9504FD5-LeaderElection8: ELECTION PASSED received 1 response(s) and 0 exception(s):
2021-12-08 17:04:12,027 [ced0c7a6-ef9a-43ee-9495-e09d3a2c6a44@group-B7DFE9504FD5-LeaderElection8] INFO  impl.LeaderElection (LeaderElection.java:logAndReturn(93)) -   Response 0: ced0c7a6-ef9a-43ee-9495-e09d3a2c6a44<-cdafaea0-97ac-4e5d-ba53-cf956500cc39#0:OK-t1
2021-12-08 17:04:12,027 [ced0c7a6-ef9a-43ee-9495-e09d3a2c6a44@group-B7DFE9504FD5-LeaderElection8] INFO  impl.LeaderElection (LeaderElection.java:askForVotes(308)) - ced0c7a6-ef9a-43ee-9495-e09d3a2c6a44@group-B7DFE9504FD5-LeaderElection8 ELECTION round 0: result PASSED
2021-12-08 17:04:12,027 [ced0c7a6-ef9a-43ee-9495-e09d3a2c6a44@group-B7DFE9504FD5-LeaderElection8] INFO  impl.RoleInfo (RoleInfo.java:shutdownLeaderElection(121)) - ced0c7a6-ef9a-43ee-9495-e09d3a2c6a44: shutdown ced0c7a6-ef9a-43ee-9495-e09d3a2c6a44@group-B7DFE9504FD5-LeaderElection8
2021-12-08 17:04:12,024 [Listener at 127.0.0.1/41481] INFO  ha.SequenceIdGenerator (SequenceIdGenerator.java:reinitialize(166)) - reinitialize SequenceIdGenerator.
2021-12-08 17:04:12,027 [ced0c7a6-ef9a-43ee-9495-e09d3a2c6a44@group-B7DFE9504FD5-LeaderElection8] INFO  server.RaftServer$Division (RaftServerImpl.java:setRole(290)) - ced0c7a6-ef9a-43ee-9495-e09d3a2c6a44@group-B7DFE9504FD5: changes role from CANDIDATE to LEADER at term 1 for changeToLeader
2021-12-08 17:04:12,028 [ced0c7a6-ef9a-43ee-9495-e09d3a2c6a44@group-B7DFE9504FD5-LeaderElection8] INFO  ratis.XceiverServerRatis (XceiverServerRatis.java:handleLeaderChangedNotification(866)) - Leader change notification received for group: group-B7DFE9504FD5 with new leaderId: ced0c7a6-ef9a-43ee-9495-e09d3a2c6a44
2021-12-08 17:04:12,028 [ced0c7a6-ef9a-43ee-9495-e09d3a2c6a44@group-B7DFE9504FD5-LeaderElection8] INFO  server.RaftServer$Division (ServerState.java:setLeader(285)) - ced0c7a6-ef9a-43ee-9495-e09d3a2c6a44@group-B7DFE9504FD5: change Leader from null to ced0c7a6-ef9a-43ee-9495-e09d3a2c6a44 at term 1 for becomeLeader, leader elected after 5085ms
2021-12-08 17:04:12,028 [ced0c7a6-ef9a-43ee-9495-e09d3a2c6a44@group-B7DFE9504FD5-LeaderElection8] INFO  server.RaftServerConfigKeys (ConfUtils.java:logGet(44)) - raft.server.staging.catchup.gap = 1000 (default)
2021-12-08 17:04:12,028 [ced0c7a6-ef9a-43ee-9495-e09d3a2c6a44@group-B7DFE9504FD5-LeaderElection8] INFO  server.RaftServerConfigKeys (ConfUtils.java:logGet(44)) - raft.server.write.element-limit = 1024 (custom)
2021-12-08 17:04:12,029 [ced0c7a6-ef9a-43ee-9495-e09d3a2c6a44@group-B7DFE9504FD5-LeaderElection8] INFO  server.RaftServerConfigKeys (ConfUtils.java:logGet(44)) - raft.server.write.byte-limit = 1024 M (=1073741824) (custom)
2021-12-08 17:04:12,029 [ced0c7a6-ef9a-43ee-9495-e09d3a2c6a44@group-B7DFE9504FD5-LeaderElection8] INFO  server.RaftServerConfigKeys (ConfUtils.java:logGet(44)) - raft.server.watch.timeout = 180s (custom)
2021-12-08 17:04:12,029 [ced0c7a6-ef9a-43ee-9495-e09d3a2c6a44@group-B7DFE9504FD5-LeaderElection8] INFO  server.RaftServerConfigKeys (ConfUtils.java:logGet(44)) - raft.server.watch.timeout.denomination = 1s (default)
2021-12-08 17:04:12,029 [ced0c7a6-ef9a-43ee-9495-e09d3a2c6a44@group-B7DFE9504FD5-LeaderElection8] INFO  server.RaftServerConfigKeys (ConfUtils.java:logGet(44)) - raft.server.watch.element-limit = 65536 (default)
2021-12-08 17:04:12,029 [ced0c7a6-ef9a-43ee-9495-e09d3a2c6a44@group-B7DFE9504FD5-LeaderElection8] INFO  server.RaftServerConfigKeys (ConfUtils.java:logGet(44)) - raft.server.write.element-limit = 1024 (custom)
2021-12-08 17:04:12,029 [ced0c7a6-ef9a-43ee-9495-e09d3a2c6a44@group-B7DFE9504FD5-LeaderElection8] INFO  server.RaftServerConfigKeys (ConfUtils.java:logGet(44)) - raft.server.write.follower.gap.ratio.max = -1.0 (default)
2021-12-08 17:04:12,029 [ced0c7a6-ef9a-43ee-9495-e09d3a2c6a44@group-B7DFE9504FD5-LeaderElection8] INFO  server.RaftServerConfigKeys (ConfUtils.java:logGet(44)) - raft.server.log.appender.snapshot.chunk.size.max = 16MB (=16777216) (default)
2021-12-08 17:04:12,029 [ced0c7a6-ef9a-43ee-9495-e09d3a2c6a44@group-B7DFE9504FD5-LeaderElection8] INFO  server.RaftServerConfigKeys (ConfUtils.java:logGet(44)) - raft.server.log.appender.buffer.byte-limit = 33554432 (custom)
2021-12-08 17:04:12,029 [ced0c7a6-ef9a-43ee-9495-e09d3a2c6a44@group-B7DFE9504FD5-LeaderElection8] INFO  server.RaftServerConfigKeys (ConfUtils.java:logGet(44)) - raft.server.log.appender.buffer.element-limit = 1 (custom)
2021-12-08 17:04:12,029 [ced0c7a6-ef9a-43ee-9495-e09d3a2c6a44@group-B7DFE9504FD5-LeaderElection8] INFO  grpc.GrpcConfigKeys (ConfUtils.java:logGet(44)) - raft.grpc.server.leader.outstanding.appends.max = 128 (default)
2021-12-08 17:04:12,029 [ced0c7a6-ef9a-43ee-9495-e09d3a2c6a44@group-B7DFE9504FD5-LeaderElection8] INFO  server.RaftServerConfigKeys (ConfUtils.java:logGet(44)) - raft.server.rpc.request.timeout = 60s (custom)
2021-12-08 17:04:12,030 [ced0c7a6-ef9a-43ee-9495-e09d3a2c6a44@group-B7DFE9504FD5-LeaderElection8] INFO  server.RaftServerConfigKeys (ConfUtils.java:logGet(44)) - raft.server.log.appender.install.snapshot.enabled = false (custom)
2021-12-08 17:04:12,030 [ced0c7a6-ef9a-43ee-9495-e09d3a2c6a44@group-B7DFE9504FD5-LeaderElection8] INFO  server.RaftServerConfigKeys (ConfUtils.java:logGet(44)) - raft.server.log.appender.snapshot.chunk.size.max = 16MB (=16777216) (default)
2021-12-08 17:04:12,030 [ced0c7a6-ef9a-43ee-9495-e09d3a2c6a44@group-B7DFE9504FD5-LeaderElection8] INFO  server.RaftServerConfigKeys (ConfUtils.java:logGet(44)) - raft.server.log.appender.buffer.byte-limit = 33554432 (custom)
2021-12-08 17:04:12,030 [ced0c7a6-ef9a-43ee-9495-e09d3a2c6a44@group-B7DFE9504FD5-LeaderElection8] INFO  server.RaftServerConfigKeys (ConfUtils.java:logGet(44)) - raft.server.log.appender.buffer.element-limit = 1 (custom)
2021-12-08 17:04:12,030 [ced0c7a6-ef9a-43ee-9495-e09d3a2c6a44@group-B7DFE9504FD5-LeaderElection8] INFO  grpc.GrpcConfigKeys (ConfUtils.java:logGet(44)) - raft.grpc.server.leader.outstanding.appends.max = 128 (default)
2021-12-08 17:04:12,031 [ced0c7a6-ef9a-43ee-9495-e09d3a2c6a44@group-B7DFE9504FD5-LeaderElection8] INFO  server.RaftServerConfigKeys (ConfUtils.java:logGet(44)) - raft.server.rpc.request.timeout = 60s (custom)
2021-12-08 17:04:12,031 [ced0c7a6-ef9a-43ee-9495-e09d3a2c6a44@group-B7DFE9504FD5-LeaderElection8] INFO  server.RaftServerConfigKeys (ConfUtils.java:logGet(44)) - raft.server.log.appender.install.snapshot.enabled = false (custom)
2021-12-08 17:04:12,031 [ced0c7a6-ef9a-43ee-9495-e09d3a2c6a44@group-B7DFE9504FD5-LeaderElection8] INFO  impl.RoleInfo (RoleInfo.java:updateAndGet(130)) - ced0c7a6-ef9a-43ee-9495-e09d3a2c6a44: start ced0c7a6-ef9a-43ee-9495-e09d3a2c6a44@group-B7DFE9504FD5-LeaderStateImpl
2021-12-08 17:04:12,032 [ced0c7a6-ef9a-43ee-9495-e09d3a2c6a44@group-B7DFE9504FD5-LeaderElection8] INFO  segmented.SegmentedRaftLogWorker (SegmentedRaftLogWorker.java:startLogSegment(394)) - ced0c7a6-ef9a-43ee-9495-e09d3a2c6a44@group-B7DFE9504FD5-SegmentedRaftLogWorker: Starting segment from index:0
2021-12-08 17:04:12,033 [EventQueue-PipelineReportForPipelineReportHandler] INFO  pipeline.PipelineManagerImpl (PipelineManagerImpl.java:openPipeline(291)) - Pipeline Pipeline[ Id: e3300538-dd4b-4909-8285-b7dfe9504fd5, Nodes: cdafaea0-97ac-4e5d-ba53-cf956500cc39{ip: 10.1.0.52, host: fv-az148-92.bm4ck3pvxvsene1rjriu5fhcdb.bx.internal.cloudapp.net, ports: [REPLICATION=44837, RATIS=38763, RATIS_ADMIN=38763, RATIS_SERVER=38763, STANDALONE=34387], networkLocation: /default-rack, certSerialId: null, persistedOpState: IN_SERVICE, persistedOpStateExpiryEpochSec: 0}946d5ca0-f309-4633-8991-88ade3af3f1d{ip: 10.1.0.52, host: fv-az148-92.bm4ck3pvxvsene1rjriu5fhcdb.bx.internal.cloudapp.net, ports: [REPLICATION=36475, RATIS=45847, RATIS_ADMIN=45847, RATIS_SERVER=45847, STANDALONE=35951], networkLocation: /default-rack, certSerialId: null, persistedOpState: IN_SERVICE, persistedOpStateExpiryEpochSec: 0}ced0c7a6-ef9a-43ee-9495-e09d3a2c6a44{ip: 10.1.0.52, host: fv-az148-92.bm4ck3pvxvsene1rjriu5fhcdb.bx.internal.cloudapp.net, ports: [REPLICATION=41931, RATIS=40733, RATIS_ADMIN=40733, RATIS_SERVER=40733, STANDALONE=39835], networkLocation: /default-rack, certSerialId: null, persistedOpState: IN_SERVICE, persistedOpStateExpiryEpochSec: 0}, ReplicationConfig: RATIS/THREE, State:ALLOCATED, leaderId:ced0c7a6-ef9a-43ee-9495-e09d3a2c6a44, CreationTimestamp2021-12-08T17:04:03.690Z[Etc/UTC]] moved to OPEN state
2021-12-08 17:04:12,036 [dd8158fc-c6c0-4c9a-9adf-6103c07fe508@group-45F61DA0D9BB-StateMachineUpdater] INFO  ha.SCMStateMachine (SCMStateMachine.java:takeSnapshot(297)) - Current Snapshot Index 33, takeSnapshot took 1 ms
2021-12-08 17:04:12,036 [dd8158fc-c6c0-4c9a-9adf-6103c07fe508@group-45F61DA0D9BB-StateMachineUpdater] INFO  impl.StateMachineUpdater (StateMachineUpdater.java:takeSnapshot(281)) - dd8158fc-c6c0-4c9a-9adf-6103c07fe508@group-45F61DA0D9BB-StateMachineUpdater: Took a snapshot at index 33
2021-12-08 17:04:12,036 [dd8158fc-c6c0-4c9a-9adf-6103c07fe508@group-45F61DA0D9BB-StateMachineUpdater] INFO  impl.StateMachineUpdater (StateMachineUpdater.java:lambda$new$0(89)) - dd8158fc-c6c0-4c9a-9adf-6103c07fe508@group-45F61DA0D9BB-StateMachineUpdater: snapshotIndex: updateIncreasingly 32 -> 33
2021-12-08 17:04:12,036 [EventQueue-PipelineReportForPipelineReportHandler] INFO  ha.SCMHAInvocationHandler (SCMHAInvocationHandler.java:invokeRatis(113)) - Invoking method public abstract void org.apache.hadoop.hdds.scm.pipeline.PipelineStateManager.updatePipelineState(org.apache.hadoop.hdds.protocol.proto.HddsProtos$PipelineID,org.apache.hadoop.hdds.protocol.proto.HddsProtos$PipelineState) throws java.io.IOException on target org.apache.hadoop.hdds.scm.ha.SCMRatisServerImpl@5183e804, cost 3421.623us
2021-12-08 17:04:12,037 [dd8158fc-c6c0-4c9a-9adf-6103c07fe508@group-45F61DA0D9BB-StateMachineUpdater] INFO  ha.SCMStateMachine (SCMStateMachine.java:takeSnapshot(297)) - Current Snapshot Index 34, takeSnapshot took 1 ms
2021-12-08 17:04:12,039 [dd8158fc-c6c0-4c9a-9adf-6103c07fe508@group-45F61DA0D9BB-StateMachineUpdater] INFO  impl.StateMachineUpdater (StateMachineUpdater.java:takeSnapshot(281)) - dd8158fc-c6c0-4c9a-9adf-6103c07fe508@group-45F61DA0D9BB-StateMachineUpdater: Took a snapshot at index 34
2021-12-08 17:04:12,039 [dd8158fc-c6c0-4c9a-9adf-6103c07fe508@group-45F61DA0D9BB-StateMachineUpdater] INFO  impl.StateMachineUpdater (StateMachineUpdater.java:lambda$new$0(89)) - dd8158fc-c6c0-4c9a-9adf-6103c07fe508@group-45F61DA0D9BB-StateMachineUpdater: snapshotIndex: updateIncreasingly 33 -> 34
2021-12-08 17:04:12,042 [ced0c7a6-ef9a-43ee-9495-e09d3a2c6a44@group-B7DFE9504FD5-SegmentedRaftLogWorker] INFO  segmented.SegmentedRaftLogWorker (SegmentedRaftLogWorker.java:execute(601)) - ced0c7a6-ef9a-43ee-9495-e09d3a2c6a44@group-B7DFE9504FD5-SegmentedRaftLogWorker: created new log segment /home/runner/work/ozone/ozone/hadoop-ozone/integration-test/target/test-dir/MiniOzoneClusterImpl-2e66d6b0-9c93-4dd6-abdd-45f61da0d9bb/datanode-2/data/ratis/e3300538-dd4b-4909-8285-b7dfe9504fd5/current/log_inprogress_0
2021-12-08 17:04:12,042 [ced0c7a6-ef9a-43ee-9495-e09d3a2c6a44@group-B7DFE9504FD5-LeaderElection8] INFO  server.RaftServer$Division (ServerState.java:setRaftConf(387)) - ced0c7a6-ef9a-43ee-9495-e09d3a2c6a44@group-B7DFE9504FD5: set configuration 0: [ced0c7a6-ef9a-43ee-9495-e09d3a2c6a44|rpc:10.1.0.52:40733|dataStream:|priority:1, cdafaea0-97ac-4e5d-ba53-cf956500cc39|rpc:10.1.0.52:38763|dataStream:|priority:0, 946d5ca0-f309-4633-8991-88ade3af3f1d|rpc:10.1.0.52:45847|dataStream:|priority:0], old=null
2021-12-08 17:04:12,047 [Listener at 127.0.0.1/41481] INFO  ha.SCMHAManagerImpl (SCMHAManagerImpl.java:installCheckpoint(277)) - Reloaded SCM state with Term: 10 and Index: 100
2021-12-08 17:04:12,049 [grpc-default-executor-3] INFO  ratis.XceiverServerRatis (XceiverServerRatis.java:handleLeaderChangedNotification(866)) - Leader change notification received for group: group-B7DFE9504FD5 with new leaderId: ced0c7a6-ef9a-43ee-9495-e09d3a2c6a44
2021-12-08 17:04:12,056 [grpc-default-executor-3] INFO  server.RaftServer$Division (ServerState.java:setLeader(285)) - 946d5ca0-f309-4633-8991-88ade3af3f1d@group-B7DFE9504FD5: change Leader from null to ced0c7a6-ef9a-43ee-9495-e09d3a2c6a44 at term 1 for appendEntries, leader elected after 5061ms
2021-12-08 17:04:12,062 [grpc-default-executor-3] INFO  server.RaftServer$Division (ServerState.java:setRaftConf(387)) - 946d5ca0-f309-4633-8991-88ade3af3f1d@group-B7DFE9504FD5: set configuration 0: [ced0c7a6-ef9a-43ee-9495-e09d3a2c6a44|rpc:10.1.0.52:40733|dataStream:|priority:1, cdafaea0-97ac-4e5d-ba53-cf956500cc39|rpc:10.1.0.52:38763|dataStream:|priority:0, 946d5ca0-f309-4633-8991-88ade3af3f1d|rpc:10.1.0.52:45847|dataStream:|priority:0], old=null
2021-12-08 17:04:12,065 [grpc-default-executor-3] INFO  segmented.SegmentedRaftLogWorker (SegmentedRaftLogWorker.java:startLogSegment(394)) - 946d5ca0-f309-4633-8991-88ade3af3f1d@group-B7DFE9504FD5-SegmentedRaftLogWorker: Starting segment from index:0
2021-12-08 17:04:12,065 [grpc-default-executor-1] INFO  ratis.XceiverServerRatis (XceiverServerRatis.java:handleLeaderChangedNotification(866)) - Leader change notification received for group: group-B7DFE9504FD5 with new leaderId: ced0c7a6-ef9a-43ee-9495-e09d3a2c6a44
2021-12-08 17:04:12,065 [grpc-default-executor-1] INFO  server.RaftServer$Division (ServerState.java:setLeader(285)) - cdafaea0-97ac-4e5d-ba53-cf956500cc39@group-B7DFE9504FD5: change Leader from null to ced0c7a6-ef9a-43ee-9495-e09d3a2c6a44 at term 1 for appendEntries, leader elected after 5083ms
2021-12-08 17:04:12,066 [946d5ca0-f309-4633-8991-88ade3af3f1d@group-B7DFE9504FD5-SegmentedRaftLogWorker] INFO  segmented.SegmentedRaftLogWorker (SegmentedRaftLogWorker.java:execute(601)) - 946d5ca0-f309-4633-8991-88ade3af3f1d@group-B7DFE9504FD5-SegmentedRaftLogWorker: created new log segment /home/runner/work/ozone/ozone/hadoop-ozone/integration-test/target/test-dir/MiniOzoneClusterImpl-2e66d6b0-9c93-4dd6-abdd-45f61da0d9bb/datanode-1/data/ratis/e3300538-dd4b-4909-8285-b7dfe9504fd5/current/log_inprogress_0
2021-12-08 17:04:12,084 [grpc-default-executor-1] INFO  server.RaftServer$Division (ServerState.java:setRaftConf(387)) - cdafaea0-97ac-4e5d-ba53-cf956500cc39@group-B7DFE9504FD5: set configuration 0: [ced0c7a6-ef9a-43ee-9495-e09d3a2c6a44|rpc:10.1.0.52:40733|dataStream:|priority:1, cdafaea0-97ac-4e5d-ba53-cf956500cc39|rpc:10.1.0.52:38763|dataStream:|priority:0, 946d5ca0-f309-4633-8991-88ade3af3f1d|rpc:10.1.0.52:45847|dataStream:|priority:0], old=null
2021-12-08 17:04:12,084 [grpc-default-executor-1] INFO  segmented.SegmentedRaftLogWorker (SegmentedRaftLogWorker.java:startLogSegment(394)) - cdafaea0-97ac-4e5d-ba53-cf956500cc39@group-B7DFE9504FD5-SegmentedRaftLogWorker: Starting segment from index:0
]]></system-out>
  </testcase>
</testsuite>