<?xml version="1.0" encoding="UTF-8"?>
<testsuite xmlns:xsi="http://www.w3.org/2001/XMLSchema-instance" xsi:noNamespaceSchemaLocation="https://maven.apache.org/surefire/maven-surefire-plugin/xsd/surefire-test-report-3.0.xsd" version="3.0" name="org.apache.hadoop.ozone.recon.TestReconInsightsForDeletedDirectories" time="200.392" tests="3" errors="1" skipped="0" failures="0">
  <properties>
    <property name="awt.toolkit" value="sun.awt.X11.XToolkit"/>
    <property name="org.jooq.no-logo" value="true"/>
    <property name="file.encoding.pkg" value="sun.io"/>
    <property name="java.specification.version" value="1.8"/>
    <property name="sun.cpu.isalist" value=""/>
    <property name="sun.jnu.encoding" value="UTF-8"/>
    <property name="java.class.path" value="/home/runner/work/ozone/ozone/hadoop-ozone/integration-test/target/test-classes:/home/runner/work/ozone/ozone/hadoop-ozone/integration-test/target/classes:/home/runner/.m2/repository/org/apache/ozone/ozone-common/1.4.0-SNAPSHOT/ozone-common-1.4.0-SNAPSHOT.jar:/home/runner/.m2/repository/io/grpc/grpc-netty/1.51.1/grpc-netty-1.51.1.jar:/home/runner/.m2/repository/io/grpc/grpc-core/1.51.1/grpc-core-1.51.1.jar:/home/runner/.m2/repository/com/google/android/annotations/4.1.1.4/annotations-4.1.1.4.jar:/home/runner/.m2/repository/org/codehaus/mojo/animal-sniffer-annotations/1.21/animal-sniffer-annotations-1.21.jar:/home/runner/.m2/repository/com/google/errorprone/error_prone_annotations/2.2.0/error_prone_annotations-2.2.0.jar:/home/runner/.m2/repository/io/perfmark/perfmark-api/0.25.0/perfmark-api-0.25.0.jar:/home/runner/.m2/repository/io/netty/netty-codec-http2/4.1.94.Final/netty-codec-http2-4.1.94.Final.jar:/home/runner/.m2/repository/io/netty/netty-common/4.1.94.Final/netty-common-4.1.94.Final.jar:/home/runner/.m2/repository/io/netty/netty-buffer/4.1.94.Final/netty-buffer-4.1.94.Final.jar:/home/runner/.m2/repository/io/netty/netty-codec-http/4.1.94.Final/netty-codec-http-4.1.94.Final.jar:/home/runner/.m2/repository/io/netty/netty-handler-proxy/4.1.94.Final/netty-handler-proxy-4.1.94.Final.jar:/home/runner/.m2/repository/io/netty/netty-codec-socks/4.1.94.Final/netty-codec-socks-4.1.94.Final.jar:/home/runner/.m2/repository/io/netty/netty-tcnative-boringssl-static/2.0.61.Final/netty-tcnative-boringssl-static-2.0.61.Final.jar:/home/runner/.m2/repository/io/netty/netty-tcnative-classes/2.0.61.Final/netty-tcnative-classes-2.0.61.Final.jar:/home/runner/.m2/repository/io/netty/netty-tcnative-boringssl-static/2.0.61.Final/netty-tcnative-boringssl-static-2.0.61.Final-linux-x86_64.jar:/home/runner/.m2/repository/io/netty/netty-tcnative-boringssl-static/2.0.61.Final/netty-tcnative-boringssl-static-2.0.61.Final-linux-aarch_64.jar:/home/runner/.m2/repository/io/netty/netty-tcnative-boringssl-static/2.0.61.Final/netty-tcnative-boringssl-static-2.0.61.Final-osx-x86_64.jar:/home/runner/.m2/repository/io/netty/netty-tcnative-boringssl-static/2.0.61.Final/netty-tcnative-boringssl-static-2.0.61.Final-osx-aarch_64.jar:/home/runner/.m2/repository/io/netty/netty-tcnative-boringssl-static/2.0.61.Final/netty-tcnative-boringssl-static-2.0.61.Final-windows-x86_64.jar:/home/runner/.m2/repository/org/apache/commons/commons-compress/1.21/commons-compress-1.21.jar:/home/runner/.m2/repository/org/apache/ozone/hdds-common/1.4.0-SNAPSHOT/hdds-common-1.4.0-SNAPSHOT.jar:/home/runner/.m2/repository/org/apache/ozone/hdds-client/1.4.0-SNAPSHOT/hdds-client-1.4.0-SNAPSHOT.jar:/home/runner/.m2/repository/org/apache/ozone/ozone-interface-client/1.4.0-SNAPSHOT/ozone-interface-client-1.4.0-SNAPSHOT.jar:/home/runner/.m2/repository/org/apache/hadoop/hadoop-hdfs-client/3.3.6/hadoop-hdfs-client-3.3.6.jar:/home/runner/.m2/repository/com/squareup/okhttp3/okhttp/4.9.3/okhttp-4.9.3.jar:/home/runner/.m2/repository/com/squareup/okio/okio/3.4.0/okio-3.4.0.jar:/home/runner/.m2/repository/com/squareup/okio/okio-jvm/3.4.0/okio-jvm-3.4.0.jar:/home/runner/.m2/repository/org/jetbrains/kotlin/kotlin-stdlib-jdk8/1.8.0/kotlin-stdlib-jdk8-1.8.0.jar:/home/runner/.m2/repository/org/jetbrains/kotlin/kotlin-stdlib-jdk7/1.8.0/kotlin-stdlib-jdk7-1.8.0.jar:/home/runner/.m2/repository/org/jetbrains/kotlin/kotlin-stdlib-common/1.6.21/kotlin-stdlib-common-1.6.21.jar:/home/runner/.m2/repository/org/apache/ozone/hdds-test-utils/1.4.0-SNAPSHOT/hdds-test-utils-1.4.0-SNAPSHOT.jar:/home/runner/.m2/repository/com/google/guava/guava/32.0.0-jre/guava-32.0.0-jre.jar:/home/runner/.m2/repository/com/google/guava/failureaccess/1.0.1/failureaccess-1.0.1.jar:/home/runner/.m2/repository/com/google/guava/listenablefuture/9999.0-empty-to-avoid-conflict-with-guava/listenablefuture-9999.0-empty-to-avoid-conflict-with-guava.jar:/home/runner/.m2/repository/com/google/code/findbugs/jsr305/3.0.0/jsr305-3.0.0.jar:/home/runner/.m2/repository/org/checkerframework/checker-qual/3.33.0/checker-qual-3.33.0.jar:/home/runner/.m2/repository/com/google/j2objc/j2objc-annotations/2.8/j2objc-annotations-2.8.jar:/home/runner/.m2/repository/commons-io/commons-io/2.11.0/commons-io-2.11.0.jar:/home/runner/.m2/repository/commons-logging/commons-logging/1.2/commons-logging-1.2.jar:/home/runner/.m2/repository/ch/qos/reload4j/reload4j/1.2.22/reload4j-1.2.22.jar:/home/runner/.m2/repository/org/slf4j/slf4j-api/1.7.36/slf4j-api-1.7.36.jar:/home/runner/.m2/repository/org/apache/logging/log4j/log4j-api/2.17.1/log4j-api-2.17.1.jar:/home/runner/.m2/repository/org/apache/ozone/hdds-server-scm/1.4.0-SNAPSHOT/hdds-server-scm-1.4.0-SNAPSHOT.jar:/home/runner/.m2/repository/org/apache/ozone/hdds-container-service/1.4.0-SNAPSHOT/hdds-container-service-1.4.0-SNAPSHOT.jar:/home/runner/.m2/repository/org/apache/ozone/hdds-hadoop-dependency-server/1.4.0-SNAPSHOT/hdds-hadoop-dependency-server-1.4.0-SNAPSHOT.jar:/home/runner/.m2/repository/org/apache/hadoop/hadoop-hdfs/3.3.6/hadoop-hdfs-3.3.6.jar:/home/runner/.m2/repository/commons-daemon/commons-daemon/1.0.13/commons-daemon-1.0.13.jar:/home/runner/.m2/repository/org/apache/ozone/hdds-server-framework/1.4.0-SNAPSHOT/hdds-server-framework-1.4.0-SNAPSHOT.jar:/home/runner/.m2/repository/io/dropwizard/metrics/metrics-core/3.2.4/metrics-core-3.2.4.jar:/home/runner/.m2/repository/org/apache/commons/commons-text/1.10.0/commons-text-1.10.0.jar:/home/runner/.m2/repository/org/bouncycastle/bcprov-jdk15on/1.67/bcprov-jdk15on-1.67.jar:/home/runner/.m2/repository/com/google/protobuf/protobuf-java/2.5.0/protobuf-java-2.5.0.jar:/home/runner/.m2/repository/org/apache/ozone/hdds-server-framework/1.4.0-SNAPSHOT/hdds-server-framework-1.4.0-SNAPSHOT-tests.jar:/home/runner/.m2/repository/org/apache/ozone/hdds-interface-server/1.4.0-SNAPSHOT/hdds-interface-server-1.4.0-SNAPSHOT.jar:/home/runner/.m2/repository/org/apache/ozone/hdds-interface-admin/1.4.0-SNAPSHOT/hdds-interface-admin-1.4.0-SNAPSHOT.jar:/home/runner/.m2/repository/org/apache/ozone/hdds-managed-rocksdb/1.4.0-SNAPSHOT/hdds-managed-rocksdb-1.4.0-SNAPSHOT.jar:/home/runner/.m2/repository/org/rocksdb/rocksdbjni/7.7.3/rocksdbjni-7.7.3.jar:/home/runner/.m2/repository/org/slf4j/slf4j-reload4j/1.7.36/slf4j-reload4j-1.7.36.jar:/home/runner/.m2/repository/org/apache/commons/commons-configuration2/2.1.1/commons-configuration2-2.1.1.jar:/home/runner/.m2/repository/commons-fileupload/commons-fileupload/1.5/commons-fileupload-1.5.jar:/home/runner/.m2/repository/org/apache/logging/log4j/log4j-core/2.17.1/log4j-core-2.17.1.jar:/home/runner/.m2/repository/com/lmax/disruptor/3.4.2/disruptor-3.4.2.jar:/home/runner/.m2/repository/org/eclipse/jetty/jetty-util/9.4.51.v20230217/jetty-util-9.4.51.v20230217.jar:/home/runner/.m2/repository/org/eclipse/jetty/jetty-server/9.4.51.v20230217/jetty-server-9.4.51.v20230217.jar:/home/runner/.m2/repository/org/eclipse/jetty/jetty-http/9.4.51.v20230217/jetty-http-9.4.51.v20230217.jar:/home/runner/.m2/repository/org/eclipse/jetty/jetty-io/9.4.51.v20230217/jetty-io-9.4.51.v20230217.jar:/home/runner/.m2/repository/org/eclipse/jetty/jetty-servlet/9.4.51.v20230217/jetty-servlet-9.4.51.v20230217.jar:/home/runner/.m2/repository/org/eclipse/jetty/jetty-security/9.4.51.v20230217/jetty-security-9.4.51.v20230217.jar:/home/runner/.m2/repository/org/eclipse/jetty/jetty-util-ajax/9.4.51.v20230217/jetty-util-ajax-9.4.51.v20230217.jar:/home/runner/.m2/repository/org/eclipse/jetty/jetty-webapp/9.4.51.v20230217/jetty-webapp-9.4.51.v20230217.jar:/home/runner/.m2/repository/org/eclipse/jetty/jetty-xml/9.4.51.v20230217/jetty-xml-9.4.51.v20230217.jar:/home/runner/.m2/repository/org/apache/ratis/ratis-server/2.5.1/ratis-server-2.5.1.jar:/home/runner/.m2/repository/org/apache/ratis/ratis-thirdparty-misc/1.0.4/ratis-thirdparty-misc-1.0.4.jar:/home/runner/.m2/repository/org/apache/ratis/ratis-proto/2.5.1/ratis-proto-2.5.1.jar:/home/runner/.m2/repository/org/apache/ratis/ratis-common/2.5.1/ratis-common-2.5.1.jar:/home/runner/.m2/repository/org/apache/ratis/ratis-client/2.5.1/ratis-client-2.5.1.jar:/home/runner/.m2/repository/org/apache/ratis/ratis-server-api/2.5.1/ratis-server-api-2.5.1.jar:/home/runner/.m2/repository/org/apache/ratis/ratis-metrics/2.5.1/ratis-metrics-2.5.1.jar:/home/runner/.m2/repository/io/prometheus/simpleclient_dropwizard/0.7.0/simpleclient_dropwizard-0.7.0.jar:/home/runner/.m2/repository/io/prometheus/simpleclient/0.7.0/simpleclient-0.7.0.jar:/home/runner/.m2/repository/io/prometheus/simpleclient_common/0.7.0/simpleclient_common-0.7.0.jar:/home/runner/.m2/repository/com/fasterxml/jackson/datatype/jackson-datatype-jsr310/2.13.4/jackson-datatype-jsr310-2.13.4.jar:/home/runner/.m2/repository/com/fasterxml/jackson/core/jackson-core/2.13.4/jackson-core-2.13.4.jar:/home/runner/.m2/repository/com/github/spotbugs/spotbugs-annotations/3.1.12/spotbugs-annotations-3.1.12.jar:/home/runner/.m2/repository/org/apache/ozone/rocksdb-checkpoint-differ/1.4.0-SNAPSHOT/rocksdb-checkpoint-differ-1.4.0-SNAPSHOT.jar:/home/runner/.m2/repository/org/jgrapht/jgrapht-core/1.0.1/jgrapht-core-1.0.1.jar:/home/runner/.m2/repository/org/jgrapht/jgrapht-ext/1.0.1/jgrapht-ext-1.0.1.jar:/home/runner/.m2/repository/org/tinyjee/jgraphx/jgraphx/2.0.0.1/jgraphx-2.0.0.1.jar:/home/runner/.m2/repository/jgraph/jgraph/5.13.0.0/jgraph-5.13.0.0.jar:/home/runner/.m2/repository/org/antlr/antlr4-runtime/4.5.3/antlr4-runtime-4.5.3.jar:/home/runner/.m2/repository/org/awaitility/awaitility/4.2.0/awaitility-4.2.0.jar:/home/runner/.m2/repository/org/hamcrest/hamcrest/2.1/hamcrest-2.1.jar:/home/runner/.m2/repository/org/apache/ozone/ozone-manager/1.4.0-SNAPSHOT/ozone-manager-1.4.0-SNAPSHOT.jar:/home/runner/.m2/repository/org/aspectj/aspectjrt/1.9.7/aspectjrt-1.9.7.jar:/home/runner/.m2/repository/org/aspectj/aspectjweaver/1.9.7/aspectjweaver-1.9.7.jar:/home/runner/.m2/repository/org/apache/ozone/hdds-interface-client/1.4.0-SNAPSHOT/hdds-interface-client-1.4.0-SNAPSHOT.jar:/home/runner/.m2/repository/org/apache/hadoop/thirdparty/hadoop-shaded-protobuf_3_7/1.1.1/hadoop-shaded-protobuf_3_7-1.1.1.jar:/home/runner/.m2/repository/org/apache/ozone/ozone-interface-storage/1.4.0-SNAPSHOT/ozone-interface-storage-1.4.0-SNAPSHOT.jar:/home/runner/.m2/repository/org/reflections/reflections/0.9.11/reflections-0.9.11.jar:/home/runner/.m2/repository/com/sun/jersey/jersey-client/1.19/jersey-client-1.19.jar:/home/runner/.m2/repository/org/codehaus/jackson/jackson-core-asl/1.9.13/jackson-core-asl-1.9.13.jar:/home/runner/.m2/repository/org/codehaus/jackson/jackson-mapper-asl/1.9.13/jackson-mapper-asl-1.9.13.jar:/home/runner/.m2/repository/org/codehaus/jackson/jackson-jaxrs/1.9.13/jackson-jaxrs-1.9.13.jar:/home/runner/.m2/repository/org/apache/ranger/ranger-intg/2.3.0/ranger-intg-2.3.0.jar:/home/runner/.m2/repository/org/apache/ranger/ranger-plugins-common/2.3.0/ranger-plugins-common-2.3.0.jar:/home/runner/.m2/repository/commons-lang/commons-lang/2.6/commons-lang-2.6.jar:/home/runner/.m2/repository/org/apache/ranger/ranger-plugins-cred/2.3.0/ranger-plugins-cred-2.3.0.jar:/home/runner/.m2/repository/org/apache/ranger/ranger-plugins-audit/2.3.0/ranger-plugins-audit-2.3.0.jar:/home/runner/.m2/repository/org/eclipse/jetty/jetty-client/9.4.51.v20230217/jetty-client-9.4.51.v20230217.jar:/home/runner/.m2/repository/org/apache/httpcomponents/httpmime/4.5.6/httpmime-4.5.6.jar:/home/runner/.m2/repository/org/apache/httpcomponents/httpcore-nio/4.4.13/httpcore-nio-4.4.13.jar:/home/runner/.m2/repository/org/apache/httpcomponents/httpasyncclient/4.1.3/httpasyncclient-4.1.3.jar:/home/runner/.m2/repository/com/carrotsearch/hppc/0.8.0/hppc-0.8.0.jar:/home/runner/.m2/repository/org/apache/orc/orc-core/1.5.8/orc-core-1.5.8.jar:/home/runner/.m2/repository/net/java/dev/jna/jna/5.2.0/jna-5.2.0.jar:/home/runner/.m2/repository/net/java/dev/jna/jna-platform/5.2.0/jna-platform-5.2.0.jar:/home/runner/.m2/repository/com/kstruct/gethostname4j/0.0.2/gethostname4j-0.0.2.jar:/home/runner/.m2/repository/org/apache/ranger/ranger-plugin-classloader/2.3.0/ranger-plugin-classloader-2.3.0.jar:/home/runner/.m2/repository/org/apache/ozone/hdds-rocks-native/1.4.0-SNAPSHOT/hdds-rocks-native-1.4.0-SNAPSHOT.jar:/home/runner/.m2/repository/org/apache/hadoop/hadoop-minikdc/3.3.6/hadoop-minikdc-3.3.6.jar:/home/runner/.m2/repository/org/apache/kerby/kerb-simplekdc/1.0.1/kerb-simplekdc-1.0.1.jar:/home/runner/.m2/repository/org/apache/kerby/kerb-client/1.0.1/kerb-client-1.0.1.jar:/home/runner/.m2/repository/org/apache/kerby/kerby-config/1.0.1/kerby-config-1.0.1.jar:/home/runner/.m2/repository/org/apache/kerby/kerb-common/1.0.1/kerb-common-1.0.1.jar:/home/runner/.m2/repository/org/apache/kerby/kerb-crypto/1.0.1/kerb-crypto-1.0.1.jar:/home/runner/.m2/repository/org/apache/kerby/kerb-util/1.0.1/kerb-util-1.0.1.jar:/home/runner/.m2/repository/org/apache/kerby/token-provider/1.0.1/token-provider-1.0.1.jar:/home/runner/.m2/repository/org/apache/kerby/kerb-admin/1.0.1/kerb-admin-1.0.1.jar:/home/runner/.m2/repository/org/apache/kerby/kerb-server/1.0.1/kerb-server-1.0.1.jar:/home/runner/.m2/repository/org/apache/kerby/kerb-identity/1.0.1/kerb-identity-1.0.1.jar:/home/runner/.m2/repository/org/apache/kerby/kerby-xdr/1.0.1/kerby-xdr-1.0.1.jar:/home/runner/.m2/repository/org/apache/ozone/ozone-s3gateway/1.4.0-SNAPSHOT/ozone-s3gateway-1.4.0-SNAPSHOT.jar:/home/runner/.m2/repository/org/javassist/javassist/3.21.0-GA/javassist-3.21.0-GA.jar:/home/runner/.m2/repository/org/jboss/weld/servlet/weld-servlet-shaded/3.1.9.Final/weld-servlet-shaded-3.1.9.Final.jar:/home/runner/.m2/repository/org/glassfish/jersey/containers/jersey-container-servlet-core/2.34/jersey-container-servlet-core-2.34.jar:/home/runner/.m2/repository/org/glassfish/hk2/external/jakarta.inject/2.6.1/jakarta.inject-2.6.1.jar:/home/runner/.m2/repository/org/glassfish/jersey/core/jersey-common/2.34/jersey-common-2.34.jar:/home/runner/.m2/repository/jakarta/ws/rs/jakarta.ws.rs-api/2.1.6/jakarta.ws.rs-api-2.1.6.jar:/home/runner/.m2/repository/org/glassfish/jersey/ext/cdi/jersey-cdi1x/2.34/jersey-cdi1x-2.34.jar:/home/runner/.m2/repository/org/glassfish/jersey/inject/jersey-hk2/2.34/jersey-hk2-2.34.jar:/home/runner/.m2/repository/org/glassfish/hk2/hk2-locator/2.6.1/hk2-locator-2.6.1.jar:/home/runner/.m2/repository/org/glassfish/jersey/media/jersey-media-jaxb/2.34/jersey-media-jaxb-2.34.jar:/home/runner/.m2/repository/org/glassfish/hk2/osgi-resource-locator/1.0.3/osgi-resource-locator-1.0.3.jar:/home/runner/.m2/repository/org/glassfish/hk2/hk2-api/2.5.0/hk2-api-2.5.0.jar:/home/runner/.m2/repository/org/glassfish/hk2/hk2-utils/2.5.0/hk2-utils-2.5.0.jar:/home/runner/.m2/repository/org/glassfish/hk2/external/aopalliance-repackaged/2.5.0/aopalliance-repackaged-2.5.0.jar:/home/runner/.m2/repository/com/fasterxml/jackson/dataformat/jackson-dataformat-xml/2.13.4/jackson-dataformat-xml-2.13.4.jar:/home/runner/.m2/repository/org/codehaus/woodstox/stax2-api/4.2.1/stax2-api-4.2.1.jar:/home/runner/.m2/repository/com/fasterxml/woodstox/woodstox-core/5.4.0/woodstox-core-5.4.0.jar:/home/runner/.m2/repository/com/fasterxml/jackson/module/jackson-module-jaxb-annotations/2.13.4/jackson-module-jaxb-annotations-2.13.4.jar:/home/runner/.m2/repository/jakarta/xml/bind/jakarta.xml.bind-api/2.3.3/jakarta.xml.bind-api-2.3.3.jar:/home/runner/.m2/repository/jakarta/activation/jakarta.activation-api/1.2.2/jakarta.activation-api-1.2.2.jar:/home/runner/.m2/repository/javax/enterprise/cdi-api/2.0/cdi-api-2.0.jar:/home/runner/.m2/repository/javax/el/javax.el-api/3.0.0/javax.el-api-3.0.0.jar:/home/runner/.m2/repository/javax/interceptor/javax.interceptor-api/1.2/javax.interceptor-api-1.2.jar:/home/runner/.m2/repository/javax/inject/javax.inject/1/javax.inject-1.jar:/home/runner/.m2/repository/javax/xml/bind/jaxb-api/2.3.0/jaxb-api-2.3.0.jar:/home/runner/.m2/repository/org/glassfish/jaxb/jaxb-runtime/2.3.0.1/jaxb-runtime-2.3.0.1.jar:/home/runner/.m2/repository/org/glassfish/jaxb/jaxb-core/2.3.0.1/jaxb-core-2.3.0.1.jar:/home/runner/.m2/repository/org/glassfish/jaxb/txw2/2.3.0.1/txw2-2.3.0.1.jar:/home/runner/.m2/repository/com/sun/istack/istack-commons-runtime/3.0.5/istack-commons-runtime-3.0.5.jar:/home/runner/.m2/repository/org/jvnet/staxex/stax-ex/1.7.8/stax-ex-1.7.8.jar:/home/runner/.m2/repository/com/sun/xml/fastinfoset/FastInfoset/1.2.13/FastInfoset-1.2.13.jar:/home/runner/.m2/repository/javax/activation/activation/1.1.1/activation-1.1.1.jar:/home/runner/.m2/repository/io/grpc/grpc-protobuf/1.51.1/grpc-protobuf-1.51.1.jar:/home/runner/.m2/repository/com/google/api/grpc/proto-google-common-protos/2.9.0/proto-google-common-protos-2.9.0.jar:/home/runner/.m2/repository/io/grpc/grpc-protobuf-lite/1.51.1/grpc-protobuf-lite-1.51.1.jar:/home/runner/.m2/repository/io/grpc/grpc-stub/1.51.1/grpc-stub-1.51.1.jar:/home/runner/.m2/repository/io/netty/netty-transport/4.1.94.Final/netty-transport-4.1.94.Final.jar:/home/runner/.m2/repository/io/netty/netty-resolver/4.1.94.Final/netty-resolver-4.1.94.Final.jar:/home/runner/.m2/repository/org/apache/ozone/ozone-csi/1.4.0-SNAPSHOT/ozone-csi-1.4.0-SNAPSHOT.jar:/home/runner/.m2/repository/com/google/protobuf/protobuf-java-util/3.19.6/protobuf-java-util-3.19.6.jar:/home/runner/.m2/repository/com/google/code/gson/gson/2.9.0/gson-2.9.0.jar:/home/runner/.m2/repository/org/apache/ozone/hdds-config/1.4.0-SNAPSHOT/hdds-config-1.4.0-SNAPSHOT.jar:/home/runner/.m2/repository/io/netty/netty-transport-native-epoll/4.1.94.Final/netty-transport-native-epoll-4.1.94.Final-linux-x86_64.jar:/home/runner/.m2/repository/io/netty/netty-transport-classes-epoll/4.1.94.Final/netty-transport-classes-epoll-4.1.94.Final.jar:/home/runner/.m2/repository/io/netty/netty-transport-native-unix-common/4.1.94.Final/netty-transport-native-unix-common-4.1.94.Final.jar:/home/runner/.m2/repository/org/apache/ozone/ozone-recon/1.4.0-SNAPSHOT/ozone-recon-1.4.0-SNAPSHOT.jar:/home/runner/.m2/repository/org/apache/ozone/ozone-reconcodegen/1.4.0-SNAPSHOT/ozone-reconcodegen-1.4.0-SNAPSHOT.jar:/home/runner/.m2/repository/com/google/inject/guice/5.1.0/guice-5.1.0.jar:/home/runner/.m2/repository/aopalliance/aopalliance/1.0/aopalliance-1.0.jar:/home/runner/.m2/repository/com/google/inject/extensions/guice-assistedinject/5.1.0/guice-assistedinject-5.1.0.jar:/home/runner/.m2/repository/com/google/inject/extensions/guice-servlet/5.1.0/guice-servlet-5.1.0.jar:/home/runner/.m2/repository/org/glassfish/jersey/containers/jersey-container-servlet/2.34/jersey-container-servlet-2.34.jar:/home/runner/.m2/repository/org/glassfish/hk2/guice-bridge/2.5.0/guice-bridge-2.5.0.jar:/home/runner/.m2/repository/org/glassfish/jersey/core/jersey-server/2.34/jersey-server-2.34.jar:/home/runner/.m2/repository/org/glassfish/jersey/core/jersey-client/2.34/jersey-client-2.34.jar:/home/runner/.m2/repository/jakarta/annotation/jakarta.annotation-api/1.3.5/jakarta.annotation-api-1.3.5.jar:/home/runner/.m2/repository/jakarta/validation/jakarta.validation-api/2.0.2/jakarta.validation-api-2.0.2.jar:/home/runner/.m2/repository/org/glassfish/jersey/media/jersey-media-json-jackson/2.34/jersey-media-json-jackson-2.34.jar:/home/runner/.m2/repository/org/glassfish/jersey/ext/jersey-entity-filtering/2.34/jersey-entity-filtering-2.34.jar:/home/runner/.m2/repository/org/jooq/jooq/3.11.10/jooq-3.11.10.jar:/home/runner/.m2/repository/org/jooq/jooq-meta/3.11.10/jooq-meta-3.11.10.jar:/home/runner/.m2/repository/org/jooq/jooq-codegen/3.11.10/jooq-codegen-3.11.10.jar:/home/runner/.m2/repository/com/jolbox/bonecp/0.8.0.RELEASE/bonecp-0.8.0.RELEASE.jar:/home/runner/.m2/repository/org/apache/derby/derby/10.14.2.0/derby-10.14.2.0.jar:/home/runner/.m2/repository/org/xerial/sqlite-jdbc/3.41.2.2/sqlite-jdbc-3.41.2.2.jar:/home/runner/.m2/repository/org/springframework/spring-jdbc/5.3.27/spring-jdbc-5.3.27.jar:/home/runner/.m2/repository/org/springframework/spring-beans/5.3.27/spring-beans-5.3.27.jar:/home/runner/.m2/repository/org/springframework/spring-core/5.3.27/spring-core-5.3.27.jar:/home/runner/.m2/repository/org/springframework/spring-tx/5.3.27/spring-tx-5.3.27.jar:/home/runner/.m2/repository/org/apache/ozone/ozone-client/1.4.0-SNAPSHOT/ozone-client-1.4.0-SNAPSHOT.jar:/home/runner/.m2/repository/org/apache/ozone/hdds-erasurecode/1.4.0-SNAPSHOT/hdds-erasurecode-1.4.0-SNAPSHOT.jar:/home/runner/.m2/repository/org/apache/ozone/ozone-filesystem/1.4.0-SNAPSHOT/ozone-filesystem-1.4.0-SNAPSHOT.jar:/home/runner/.m2/repository/org/apache/ozone/ozone-filesystem-common/1.4.0-SNAPSHOT/ozone-filesystem-common-1.4.0-SNAPSHOT.jar:/home/runner/.m2/repository/org/apache/ozone/ozone-tools/1.4.0-SNAPSHOT/ozone-tools-1.4.0-SNAPSHOT.jar:/home/runner/.m2/repository/com/amazonaws/aws-java-sdk-core/1.12.261/aws-java-sdk-core-1.12.261.jar:/home/runner/.m2/repository/org/apache/httpcomponents/httpclient/4.5.13/httpclient-4.5.13.jar:/home/runner/.m2/repository/org/apache/httpcomponents/httpcore/4.4.13/httpcore-4.4.13.jar:/home/runner/.m2/repository/software/amazon/ion/ion-java/1.0.2/ion-java-1.0.2.jar:/home/runner/.m2/repository/com/fasterxml/jackson/dataformat/jackson-dataformat-cbor/2.13.4/jackson-dataformat-cbor-2.13.4.jar:/home/runner/.m2/repository/joda-time/joda-time/2.10.6/joda-time-2.10.6.jar:/home/runner/.m2/repository/com/amazonaws/aws-java-sdk-s3/1.12.261/aws-java-sdk-s3-1.12.261.jar:/home/runner/.m2/repository/com/amazonaws/aws-java-sdk-kms/1.12.261/aws-java-sdk-kms-1.12.261.jar:/home/runner/.m2/repository/com/amazonaws/jmespath-java/1.12.261/jmespath-java-1.12.261.jar:/home/runner/.m2/repository/org/kohsuke/metainf-services/metainf-services/1.8/metainf-services-1.8.jar:/home/runner/.m2/repository/org/apache/ozone/hdds-tools/1.4.0-SNAPSHOT/hdds-tools-1.4.0-SNAPSHOT.jar:/home/runner/.m2/repository/org/apache/ratis/ratis-tools/2.5.1/ratis-tools-2.5.1.jar:/home/runner/.m2/repository/commons-cli/commons-cli/1.2/commons-cli-1.2.jar:/home/runner/.m2/repository/org/apache/commons/commons-lang3/3.7/commons-lang3-3.7.jar:/home/runner/.m2/repository/org/apache/ozone/ozone-manager/1.4.0-SNAPSHOT/ozone-manager-1.4.0-SNAPSHOT-tests.jar:/home/runner/.m2/repository/org/apache/ozone/hdds-common/1.4.0-SNAPSHOT/hdds-common-1.4.0-SNAPSHOT-tests.jar:/home/runner/.m2/repository/org/apache/ozone/hdds-hadoop-dependency-client/1.4.0-SNAPSHOT/hdds-hadoop-dependency-client-1.4.0-SNAPSHOT.jar:/home/runner/.m2/repository/info/picocli/picocli/4.6.1/picocli-4.6.1.jar:/home/runner/.m2/repository/com/fasterxml/jackson/core/jackson-annotations/2.13.4/jackson-annotations-2.13.4.jar:/home/runner/.m2/repository/org/apache/ozone/hdds-annotation-processing/1.4.0-SNAPSHOT/hdds-annotation-processing-1.4.0-SNAPSHOT.jar:/home/runner/.m2/repository/javax/annotation/javax.annotation-api/1.2/javax.annotation-api-1.2.jar:/home/runner/.m2/repository/org/apache/ratis/ratis-netty/2.5.1/ratis-netty-2.5.1.jar:/home/runner/.m2/repository/org/apache/ratis/ratis-grpc/2.5.1/ratis-grpc-2.5.1.jar:/home/runner/.m2/repository/org/apache/commons/commons-pool2/2.6.0/commons-pool2-2.6.0.jar:/home/runner/.m2/repository/org/bouncycastle/bcpkix-jdk15on/1.67/bcpkix-jdk15on-1.67.jar:/home/runner/.m2/repository/commons-validator/commons-validator/1.6/commons-validator-1.6.jar:/home/runner/.m2/repository/commons-beanutils/commons-beanutils/1.9.4/commons-beanutils-1.9.4.jar:/home/runner/.m2/repository/commons-digester/commons-digester/1.8.1/commons-digester-1.8.1.jar:/home/runner/.m2/repository/commons-collections/commons-collections/3.2.2/commons-collections-3.2.2.jar:/home/runner/.m2/repository/io/jaegertracing/jaeger-client/1.6.0/jaeger-client-1.6.0.jar:/home/runner/.m2/repository/io/jaegertracing/jaeger-thrift/1.6.0/jaeger-thrift-1.6.0.jar:/home/runner/.m2/repository/org/apache/thrift/libthrift/0.14.1/libthrift-0.14.1.jar:/home/runner/.m2/repository/io/jaegertracing/jaeger-core/1.6.0/jaeger-core-1.6.0.jar:/home/runner/.m2/repository/io/jaegertracing/jaeger-tracerresolver/1.6.0/jaeger-tracerresolver-1.6.0.jar:/home/runner/.m2/repository/io/opentracing/contrib/opentracing-tracerresolver/0.1.8/opentracing-tracerresolver-0.1.8.jar:/home/runner/.m2/repository/org/jetbrains/kotlin/kotlin-stdlib/1.6.21/kotlin-stdlib-1.6.21.jar:/home/runner/.m2/repository/org/jetbrains/annotations/13.0/annotations-13.0.jar:/home/runner/.m2/repository/io/opentracing/opentracing-util/0.33.0/opentracing-util-0.33.0.jar:/home/runner/.m2/repository/io/opentracing/opentracing-api/0.33.0/opentracing-api-0.33.0.jar:/home/runner/.m2/repository/io/opentracing/opentracing-noop/0.33.0/opentracing-noop-0.33.0.jar:/home/runner/.m2/repository/org/yaml/snakeyaml/2.0/snakeyaml-2.0.jar:/home/runner/.m2/repository/io/grpc/grpc-api/1.51.1/grpc-api-1.51.1.jar:/home/runner/.m2/repository/io/grpc/grpc-context/1.51.1/grpc-context-1.51.1.jar:/home/runner/.m2/repository/junit/junit/4.13.1/junit-4.13.1.jar:/home/runner/.m2/repository/org/hamcrest/hamcrest-core/1.3/hamcrest-core-1.3.jar:/home/runner/.m2/repository/org/junit/jupiter/junit-jupiter-api/5.8.2/junit-jupiter-api-5.8.2.jar:/home/runner/.m2/repository/org/opentest4j/opentest4j/1.2.0/opentest4j-1.2.0.jar:/home/runner/.m2/repository/org/junit/platform/junit-platform-commons/1.8.2/junit-platform-commons-1.8.2.jar:/home/runner/.m2/repository/org/apiguardian/apiguardian-api/1.1.2/apiguardian-api-1.1.2.jar:/home/runner/.m2/repository/org/junit/jupiter/junit-jupiter-params/5.8.2/junit-jupiter-params-5.8.2.jar:/home/runner/.m2/repository/org/junit/jupiter/junit-jupiter-migrationsupport/5.8.2/junit-jupiter-migrationsupport-5.8.2.jar:/home/runner/.m2/repository/org/junit/jupiter/junit-jupiter-engine/5.8.2/junit-jupiter-engine-5.8.2.jar:/home/runner/.m2/repository/org/junit/platform/junit-platform-engine/1.8.2/junit-platform-engine-1.8.2.jar:/home/runner/.m2/repository/org/junit/vintage/junit-vintage-engine/5.8.2/junit-vintage-engine-5.8.2.jar:/home/runner/.m2/repository/org/junit/platform/junit-platform-launcher/1.8.2/junit-platform-launcher-1.8.2.jar:/home/runner/.m2/repository/org/mockito/mockito-core/3.5.9/mockito-core-3.5.9.jar:/home/runner/.m2/repository/net/bytebuddy/byte-buddy/1.10.13/byte-buddy-1.10.13.jar:/home/runner/.m2/repository/net/bytebuddy/byte-buddy-agent/1.10.13/byte-buddy-agent-1.10.13.jar:/home/runner/.m2/repository/org/objenesis/objenesis/1.0/objenesis-1.0.jar:/home/runner/.m2/repository/org/apache/hadoop/hadoop-kms/3.3.6/hadoop-kms-3.3.6.jar:/home/runner/.m2/repository/org/apache/hadoop/hadoop-auth/3.3.6/hadoop-auth-3.3.6.jar:/home/runner/.m2/repository/com/nimbusds/nimbus-jose-jwt/9.8.1/nimbus-jose-jwt-9.8.1.jar:/home/runner/.m2/repository/com/github/stephenc/jcip/jcip-annotations/1.0-1/jcip-annotations-1.0-1.jar:/home/runner/.m2/repository/org/apache/zookeeper/zookeeper/3.5.6/zookeeper-3.5.6.jar:/home/runner/.m2/repository/org/apache/zookeeper/zookeeper-jute/3.5.6/zookeeper-jute-3.5.6.jar:/home/runner/.m2/repository/org/apache/yetus/audience-annotations/0.5.0/audience-annotations-0.5.0.jar:/home/runner/.m2/repository/org/apache/curator/curator-framework/4.2.0/curator-framework-4.2.0.jar:/home/runner/.m2/repository/org/apache/hadoop/thirdparty/hadoop-shaded-guava/1.1.1/hadoop-shaded-guava-1.1.1.jar:/home/runner/.m2/repository/com/sun/jersey/jersey-core/1.19/jersey-core-1.19.jar:/home/runner/.m2/repository/javax/ws/rs/jsr311-api/1.1.1/jsr311-api-1.1.1.jar:/home/runner/.m2/repository/com/sun/jersey/jersey-server/1.19/jersey-server-1.19.jar:/home/runner/.m2/repository/javax/servlet/javax.servlet-api/3.1.0/javax.servlet-api-3.1.0.jar:/home/runner/.m2/repository/org/apache/hadoop/hadoop-common/3.3.6/hadoop-common-3.3.6.jar:/home/runner/.m2/repository/org/apache/commons/commons-math3/3.1.1/commons-math3-3.1.1.jar:/home/runner/.m2/repository/commons-net/commons-net/3.9.0/commons-net-3.9.0.jar:/home/runner/.m2/repository/com/sun/jersey/jersey-servlet/1.19/jersey-servlet-1.19.jar:/home/runner/.m2/repository/com/github/pjfanning/jersey-json/1.20/jersey-json-1.20.jar:/home/runner/.m2/repository/org/codehaus/jettison/jettison/1.1/jettison-1.1.jar:/home/runner/.m2/repository/com/sun/xml/bind/jaxb-impl/2.2.3-1/jaxb-impl-2.2.3-1.jar:/home/runner/.m2/repository/com/google/re2j/re2j/1.1/re2j-1.1.jar:/home/runner/.m2/repository/com/jcraft/jsch/0.1.54/jsch-0.1.54.jar:/home/runner/.m2/repository/org/apache/curator/curator-client/4.2.0/curator-client-4.2.0.jar:/home/runner/.m2/repository/org/apache/curator/curator-recipes/5.2.0/curator-recipes-5.2.0.jar:/home/runner/.m2/repository/org/apache/kerby/kerb-core/1.0.1/kerb-core-1.0.1.jar:/home/runner/.m2/repository/org/apache/kerby/kerby-pkix/1.0.1/kerby-pkix-1.0.1.jar:/home/runner/.m2/repository/org/apache/kerby/kerby-asn1/1.0.1/kerby-asn1-1.0.1.jar:/home/runner/.m2/repository/org/apache/kerby/kerby-util/1.0.1/kerby-util-1.0.1.jar:/home/runner/.m2/repository/dnsjava/dnsjava/2.1.7/dnsjava-2.1.7.jar:/home/runner/.m2/repository/org/xerial/snappy/snappy-java/1.1.8.2/snappy-java-1.1.8.2.jar:/home/runner/.m2/repository/com/fasterxml/jackson/core/jackson-databind/2.13.4.2/jackson-databind-2.13.4.2.jar:/home/runner/.m2/repository/org/apache/hadoop/hadoop-kms/3.3.6/hadoop-kms-3.3.6-tests.jar:/home/runner/.m2/repository/org/apache/ozone/hdds-server-scm/1.4.0-SNAPSHOT/hdds-server-scm-1.4.0-SNAPSHOT-tests.jar:/home/runner/.m2/repository/org/apache/ozone/hdds-container-service/1.4.0-SNAPSHOT/hdds-container-service-1.4.0-SNAPSHOT-tests.jar:/home/runner/.m2/repository/com/github/luben/zstd-jni/1.5.2-5/zstd-jni-1.5.2-5.jar:/home/runner/.m2/repository/commons-codec/commons-codec/1.15/commons-codec-1.15.jar:/home/runner/.m2/repository/io/netty/netty-codec/4.1.94.Final/netty-codec-4.1.94.Final.jar:/home/runner/.m2/repository/io/netty/netty-handler/4.1.94.Final/netty-handler-4.1.94.Final.jar:/home/runner/.m2/repository/org/apache/ozone/hdds-hadoop-dependency-test/1.4.0-SNAPSHOT/hdds-hadoop-dependency-test-1.4.0-SNAPSHOT.jar:/home/runner/.m2/repository/org/apache/hadoop/hadoop-common/3.3.6/hadoop-common-3.3.6-tests.jar:/home/runner/.m2/repository/org/apache/hadoop/hadoop-hdfs/3.3.6/hadoop-hdfs-3.3.6-tests.jar:/home/runner/.m2/repository/org/assertj/assertj-core/3.12.2/assertj-core-3.12.2.jar:/home/runner/.m2/repository/org/apache/hadoop/hadoop-distcp/3.3.6/hadoop-distcp-3.3.6.jar:/home/runner/.m2/repository/org/apache/hadoop/hadoop-mapreduce-client-jobclient/3.3.6/hadoop-mapreduce-client-jobclient-3.3.6.jar:/home/runner/.m2/repository/org/apache/hadoop/hadoop-mapreduce-client-common/3.3.6/hadoop-mapreduce-client-common-3.3.6.jar:/home/runner/.m2/repository/org/apache/hadoop/hadoop-yarn-common/3.3.6/hadoop-yarn-common-3.3.6.jar:/home/runner/.m2/repository/org/apache/hadoop/hadoop-yarn-api/3.3.6/hadoop-yarn-api-3.3.6.jar:/home/runner/.m2/repository/com/sun/jersey/contribs/jersey-guice/1.19/jersey-guice-1.19.jar:/home/runner/.m2/repository/com/fasterxml/jackson/jaxrs/jackson-jaxrs-json-provider/2.13.4/jackson-jaxrs-json-provider-2.13.4.jar:/home/runner/.m2/repository/com/fasterxml/jackson/jaxrs/jackson-jaxrs-base/2.13.4/jackson-jaxrs-base-2.13.4.jar:/home/runner/.m2/repository/org/apache/hadoop/hadoop-yarn-client/3.3.6/hadoop-yarn-client-3.3.6.jar:/home/runner/.m2/repository/org/eclipse/jetty/websocket/websocket-client/9.4.51.v20230217/websocket-client-9.4.51.v20230217.jar:/home/runner/.m2/repository/org/eclipse/jetty/websocket/websocket-common/9.4.51.v20230217/websocket-common-9.4.51.v20230217.jar:/home/runner/.m2/repository/org/eclipse/jetty/websocket/websocket-api/9.4.51.v20230217/websocket-api-9.4.51.v20230217.jar:/home/runner/.m2/repository/org/jline/jline/3.9.0/jline-3.9.0.jar:/home/runner/.m2/repository/org/apache/hadoop/hadoop-mapreduce-client-core/3.3.6/hadoop-mapreduce-client-core-3.3.6.jar:/home/runner/.m2/repository/org/apache/avro/avro/1.7.7/avro-1.7.7.jar:/home/runner/.m2/repository/com/thoughtworks/paranamer/paranamer/2.3/paranamer-2.3.jar:/home/runner/.m2/repository/org/apache/hadoop/hadoop-annotations/3.3.6/hadoop-annotations-3.3.6.jar:/usr/lib/jvm/temurin-8-jdk-amd64/jre/../lib/tools.jar:/home/runner/.m2/repository/io/netty/netty/3.10.6.Final/netty-3.10.6.Final.jar:/home/runner/.m2/repository/org/apache/hadoop/hadoop-distcp/3.3.6/hadoop-distcp-3.3.6-tests.jar:/home/runner/.m2/repository/org/slf4j/jul-to-slf4j/1.7.36/jul-to-slf4j-1.7.36.jar:"/>
    <property name="java.vm.vendor" value="Temurin"/>
    <property name="sun.arch.data.model" value="64"/>
    <property name="test.build.dir" value="/home/runner/work/ozone/ozone/hadoop-ozone/integration-test/target/test-dir"/>
    <property name="test.cache.data" value=""/>
    <property name="java.vendor.url" value="https://adoptium.net/"/>
    <property name="user.timezone" value="Etc/UTC"/>
    <property name="os.name" value="Linux"/>
    <property name="java.vm.specification.version" value="1.8"/>
    <property name="test.build.data" value="/home/runner/work/ozone/ozone/hadoop-ozone/integration-test/target/test-dir"/>
    <property name="sun.java.launcher" value="SUN_STANDARD"/>
    <property name="derby.stream.error.method" value="org.hadoop.ozone.recon.codegen.SqlDbUtils.disableDerbyLogFile"/>
    <property name="sun.boot.library.path" value="/usr/lib/jvm/temurin-8-jdk-amd64/jre/lib/amd64"/>
    <property name="sun.java.command" value="/home/runner/work/ozone/ozone/hadoop-ozone/integration-test/target/surefire/surefirebooter7761969301595238430.jar /home/runner/work/ozone/ozone/hadoop-ozone/integration-test/target/surefire 2023-09-07T08-47-15_382-jvmRun1 surefire8545034624077096497tmp surefire_178244061513364019529tmp"/>
    <property name="native.lib.tmp.dir" value="/tmp"/>
    <property name="surefire.test.class.path" value="/home/runner/work/ozone/ozone/hadoop-ozone/integration-test/target/test-classes:/home/runner/work/ozone/ozone/hadoop-ozone/integration-test/target/classes:/home/runner/.m2/repository/org/apache/ozone/ozone-common/1.4.0-SNAPSHOT/ozone-common-1.4.0-SNAPSHOT.jar:/home/runner/.m2/repository/io/grpc/grpc-netty/1.51.1/grpc-netty-1.51.1.jar:/home/runner/.m2/repository/io/grpc/grpc-core/1.51.1/grpc-core-1.51.1.jar:/home/runner/.m2/repository/com/google/android/annotations/4.1.1.4/annotations-4.1.1.4.jar:/home/runner/.m2/repository/org/codehaus/mojo/animal-sniffer-annotations/1.21/animal-sniffer-annotations-1.21.jar:/home/runner/.m2/repository/com/google/errorprone/error_prone_annotations/2.2.0/error_prone_annotations-2.2.0.jar:/home/runner/.m2/repository/io/perfmark/perfmark-api/0.25.0/perfmark-api-0.25.0.jar:/home/runner/.m2/repository/io/netty/netty-codec-http2/4.1.94.Final/netty-codec-http2-4.1.94.Final.jar:/home/runner/.m2/repository/io/netty/netty-common/4.1.94.Final/netty-common-4.1.94.Final.jar:/home/runner/.m2/repository/io/netty/netty-buffer/4.1.94.Final/netty-buffer-4.1.94.Final.jar:/home/runner/.m2/repository/io/netty/netty-codec-http/4.1.94.Final/netty-codec-http-4.1.94.Final.jar:/home/runner/.m2/repository/io/netty/netty-handler-proxy/4.1.94.Final/netty-handler-proxy-4.1.94.Final.jar:/home/runner/.m2/repository/io/netty/netty-codec-socks/4.1.94.Final/netty-codec-socks-4.1.94.Final.jar:/home/runner/.m2/repository/io/netty/netty-tcnative-boringssl-static/2.0.61.Final/netty-tcnative-boringssl-static-2.0.61.Final.jar:/home/runner/.m2/repository/io/netty/netty-tcnative-classes/2.0.61.Final/netty-tcnative-classes-2.0.61.Final.jar:/home/runner/.m2/repository/io/netty/netty-tcnative-boringssl-static/2.0.61.Final/netty-tcnative-boringssl-static-2.0.61.Final-linux-x86_64.jar:/home/runner/.m2/repository/io/netty/netty-tcnative-boringssl-static/2.0.61.Final/netty-tcnative-boringssl-static-2.0.61.Final-linux-aarch_64.jar:/home/runner/.m2/repository/io/netty/netty-tcnative-boringssl-static/2.0.61.Final/netty-tcnative-boringssl-static-2.0.61.Final-osx-x86_64.jar:/home/runner/.m2/repository/io/netty/netty-tcnative-boringssl-static/2.0.61.Final/netty-tcnative-boringssl-static-2.0.61.Final-osx-aarch_64.jar:/home/runner/.m2/repository/io/netty/netty-tcnative-boringssl-static/2.0.61.Final/netty-tcnative-boringssl-static-2.0.61.Final-windows-x86_64.jar:/home/runner/.m2/repository/org/apache/commons/commons-compress/1.21/commons-compress-1.21.jar:/home/runner/.m2/repository/org/apache/ozone/hdds-common/1.4.0-SNAPSHOT/hdds-common-1.4.0-SNAPSHOT.jar:/home/runner/.m2/repository/org/apache/ozone/hdds-client/1.4.0-SNAPSHOT/hdds-client-1.4.0-SNAPSHOT.jar:/home/runner/.m2/repository/org/apache/ozone/ozone-interface-client/1.4.0-SNAPSHOT/ozone-interface-client-1.4.0-SNAPSHOT.jar:/home/runner/.m2/repository/org/apache/hadoop/hadoop-hdfs-client/3.3.6/hadoop-hdfs-client-3.3.6.jar:/home/runner/.m2/repository/com/squareup/okhttp3/okhttp/4.9.3/okhttp-4.9.3.jar:/home/runner/.m2/repository/com/squareup/okio/okio/3.4.0/okio-3.4.0.jar:/home/runner/.m2/repository/com/squareup/okio/okio-jvm/3.4.0/okio-jvm-3.4.0.jar:/home/runner/.m2/repository/org/jetbrains/kotlin/kotlin-stdlib-jdk8/1.8.0/kotlin-stdlib-jdk8-1.8.0.jar:/home/runner/.m2/repository/org/jetbrains/kotlin/kotlin-stdlib-jdk7/1.8.0/kotlin-stdlib-jdk7-1.8.0.jar:/home/runner/.m2/repository/org/jetbrains/kotlin/kotlin-stdlib-common/1.6.21/kotlin-stdlib-common-1.6.21.jar:/home/runner/.m2/repository/org/apache/ozone/hdds-test-utils/1.4.0-SNAPSHOT/hdds-test-utils-1.4.0-SNAPSHOT.jar:/home/runner/.m2/repository/com/google/guava/guava/32.0.0-jre/guava-32.0.0-jre.jar:/home/runner/.m2/repository/com/google/guava/failureaccess/1.0.1/failureaccess-1.0.1.jar:/home/runner/.m2/repository/com/google/guava/listenablefuture/9999.0-empty-to-avoid-conflict-with-guava/listenablefuture-9999.0-empty-to-avoid-conflict-with-guava.jar:/home/runner/.m2/repository/com/google/code/findbugs/jsr305/3.0.0/jsr305-3.0.0.jar:/home/runner/.m2/repository/org/checkerframework/checker-qual/3.33.0/checker-qual-3.33.0.jar:/home/runner/.m2/repository/com/google/j2objc/j2objc-annotations/2.8/j2objc-annotations-2.8.jar:/home/runner/.m2/repository/commons-io/commons-io/2.11.0/commons-io-2.11.0.jar:/home/runner/.m2/repository/commons-logging/commons-logging/1.2/commons-logging-1.2.jar:/home/runner/.m2/repository/ch/qos/reload4j/reload4j/1.2.22/reload4j-1.2.22.jar:/home/runner/.m2/repository/org/slf4j/slf4j-api/1.7.36/slf4j-api-1.7.36.jar:/home/runner/.m2/repository/org/apache/logging/log4j/log4j-api/2.17.1/log4j-api-2.17.1.jar:/home/runner/.m2/repository/org/apache/ozone/hdds-server-scm/1.4.0-SNAPSHOT/hdds-server-scm-1.4.0-SNAPSHOT.jar:/home/runner/.m2/repository/org/apache/ozone/hdds-container-service/1.4.0-SNAPSHOT/hdds-container-service-1.4.0-SNAPSHOT.jar:/home/runner/.m2/repository/org/apache/ozone/hdds-hadoop-dependency-server/1.4.0-SNAPSHOT/hdds-hadoop-dependency-server-1.4.0-SNAPSHOT.jar:/home/runner/.m2/repository/org/apache/hadoop/hadoop-hdfs/3.3.6/hadoop-hdfs-3.3.6.jar:/home/runner/.m2/repository/commons-daemon/commons-daemon/1.0.13/commons-daemon-1.0.13.jar:/home/runner/.m2/repository/org/apache/ozone/hdds-server-framework/1.4.0-SNAPSHOT/hdds-server-framework-1.4.0-SNAPSHOT.jar:/home/runner/.m2/repository/io/dropwizard/metrics/metrics-core/3.2.4/metrics-core-3.2.4.jar:/home/runner/.m2/repository/org/apache/commons/commons-text/1.10.0/commons-text-1.10.0.jar:/home/runner/.m2/repository/org/bouncycastle/bcprov-jdk15on/1.67/bcprov-jdk15on-1.67.jar:/home/runner/.m2/repository/com/google/protobuf/protobuf-java/2.5.0/protobuf-java-2.5.0.jar:/home/runner/.m2/repository/org/apache/ozone/hdds-server-framework/1.4.0-SNAPSHOT/hdds-server-framework-1.4.0-SNAPSHOT-tests.jar:/home/runner/.m2/repository/org/apache/ozone/hdds-interface-server/1.4.0-SNAPSHOT/hdds-interface-server-1.4.0-SNAPSHOT.jar:/home/runner/.m2/repository/org/apache/ozone/hdds-interface-admin/1.4.0-SNAPSHOT/hdds-interface-admin-1.4.0-SNAPSHOT.jar:/home/runner/.m2/repository/org/apache/ozone/hdds-managed-rocksdb/1.4.0-SNAPSHOT/hdds-managed-rocksdb-1.4.0-SNAPSHOT.jar:/home/runner/.m2/repository/org/rocksdb/rocksdbjni/7.7.3/rocksdbjni-7.7.3.jar:/home/runner/.m2/repository/org/slf4j/slf4j-reload4j/1.7.36/slf4j-reload4j-1.7.36.jar:/home/runner/.m2/repository/org/apache/commons/commons-configuration2/2.1.1/commons-configuration2-2.1.1.jar:/home/runner/.m2/repository/commons-fileupload/commons-fileupload/1.5/commons-fileupload-1.5.jar:/home/runner/.m2/repository/org/apache/logging/log4j/log4j-core/2.17.1/log4j-core-2.17.1.jar:/home/runner/.m2/repository/com/lmax/disruptor/3.4.2/disruptor-3.4.2.jar:/home/runner/.m2/repository/org/eclipse/jetty/jetty-util/9.4.51.v20230217/jetty-util-9.4.51.v20230217.jar:/home/runner/.m2/repository/org/eclipse/jetty/jetty-server/9.4.51.v20230217/jetty-server-9.4.51.v20230217.jar:/home/runner/.m2/repository/org/eclipse/jetty/jetty-http/9.4.51.v20230217/jetty-http-9.4.51.v20230217.jar:/home/runner/.m2/repository/org/eclipse/jetty/jetty-io/9.4.51.v20230217/jetty-io-9.4.51.v20230217.jar:/home/runner/.m2/repository/org/eclipse/jetty/jetty-servlet/9.4.51.v20230217/jetty-servlet-9.4.51.v20230217.jar:/home/runner/.m2/repository/org/eclipse/jetty/jetty-security/9.4.51.v20230217/jetty-security-9.4.51.v20230217.jar:/home/runner/.m2/repository/org/eclipse/jetty/jetty-util-ajax/9.4.51.v20230217/jetty-util-ajax-9.4.51.v20230217.jar:/home/runner/.m2/repository/org/eclipse/jetty/jetty-webapp/9.4.51.v20230217/jetty-webapp-9.4.51.v20230217.jar:/home/runner/.m2/repository/org/eclipse/jetty/jetty-xml/9.4.51.v20230217/jetty-xml-9.4.51.v20230217.jar:/home/runner/.m2/repository/org/apache/ratis/ratis-server/2.5.1/ratis-server-2.5.1.jar:/home/runner/.m2/repository/org/apache/ratis/ratis-thirdparty-misc/1.0.4/ratis-thirdparty-misc-1.0.4.jar:/home/runner/.m2/repository/org/apache/ratis/ratis-proto/2.5.1/ratis-proto-2.5.1.jar:/home/runner/.m2/repository/org/apache/ratis/ratis-common/2.5.1/ratis-common-2.5.1.jar:/home/runner/.m2/repository/org/apache/ratis/ratis-client/2.5.1/ratis-client-2.5.1.jar:/home/runner/.m2/repository/org/apache/ratis/ratis-server-api/2.5.1/ratis-server-api-2.5.1.jar:/home/runner/.m2/repository/org/apache/ratis/ratis-metrics/2.5.1/ratis-metrics-2.5.1.jar:/home/runner/.m2/repository/io/prometheus/simpleclient_dropwizard/0.7.0/simpleclient_dropwizard-0.7.0.jar:/home/runner/.m2/repository/io/prometheus/simpleclient/0.7.0/simpleclient-0.7.0.jar:/home/runner/.m2/repository/io/prometheus/simpleclient_common/0.7.0/simpleclient_common-0.7.0.jar:/home/runner/.m2/repository/com/fasterxml/jackson/datatype/jackson-datatype-jsr310/2.13.4/jackson-datatype-jsr310-2.13.4.jar:/home/runner/.m2/repository/com/fasterxml/jackson/core/jackson-core/2.13.4/jackson-core-2.13.4.jar:/home/runner/.m2/repository/com/github/spotbugs/spotbugs-annotations/3.1.12/spotbugs-annotations-3.1.12.jar:/home/runner/.m2/repository/org/apache/ozone/rocksdb-checkpoint-differ/1.4.0-SNAPSHOT/rocksdb-checkpoint-differ-1.4.0-SNAPSHOT.jar:/home/runner/.m2/repository/org/jgrapht/jgrapht-core/1.0.1/jgrapht-core-1.0.1.jar:/home/runner/.m2/repository/org/jgrapht/jgrapht-ext/1.0.1/jgrapht-ext-1.0.1.jar:/home/runner/.m2/repository/org/tinyjee/jgraphx/jgraphx/2.0.0.1/jgraphx-2.0.0.1.jar:/home/runner/.m2/repository/jgraph/jgraph/5.13.0.0/jgraph-5.13.0.0.jar:/home/runner/.m2/repository/org/antlr/antlr4-runtime/4.5.3/antlr4-runtime-4.5.3.jar:/home/runner/.m2/repository/org/awaitility/awaitility/4.2.0/awaitility-4.2.0.jar:/home/runner/.m2/repository/org/hamcrest/hamcrest/2.1/hamcrest-2.1.jar:/home/runner/.m2/repository/org/apache/ozone/ozone-manager/1.4.0-SNAPSHOT/ozone-manager-1.4.0-SNAPSHOT.jar:/home/runner/.m2/repository/org/aspectj/aspectjrt/1.9.7/aspectjrt-1.9.7.jar:/home/runner/.m2/repository/org/aspectj/aspectjweaver/1.9.7/aspectjweaver-1.9.7.jar:/home/runner/.m2/repository/org/apache/ozone/hdds-interface-client/1.4.0-SNAPSHOT/hdds-interface-client-1.4.0-SNAPSHOT.jar:/home/runner/.m2/repository/org/apache/hadoop/thirdparty/hadoop-shaded-protobuf_3_7/1.1.1/hadoop-shaded-protobuf_3_7-1.1.1.jar:/home/runner/.m2/repository/org/apache/ozone/ozone-interface-storage/1.4.0-SNAPSHOT/ozone-interface-storage-1.4.0-SNAPSHOT.jar:/home/runner/.m2/repository/org/reflections/reflections/0.9.11/reflections-0.9.11.jar:/home/runner/.m2/repository/com/sun/jersey/jersey-client/1.19/jersey-client-1.19.jar:/home/runner/.m2/repository/org/codehaus/jackson/jackson-core-asl/1.9.13/jackson-core-asl-1.9.13.jar:/home/runner/.m2/repository/org/codehaus/jackson/jackson-mapper-asl/1.9.13/jackson-mapper-asl-1.9.13.jar:/home/runner/.m2/repository/org/codehaus/jackson/jackson-jaxrs/1.9.13/jackson-jaxrs-1.9.13.jar:/home/runner/.m2/repository/org/apache/ranger/ranger-intg/2.3.0/ranger-intg-2.3.0.jar:/home/runner/.m2/repository/org/apache/ranger/ranger-plugins-common/2.3.0/ranger-plugins-common-2.3.0.jar:/home/runner/.m2/repository/commons-lang/commons-lang/2.6/commons-lang-2.6.jar:/home/runner/.m2/repository/org/apache/ranger/ranger-plugins-cred/2.3.0/ranger-plugins-cred-2.3.0.jar:/home/runner/.m2/repository/org/apache/ranger/ranger-plugins-audit/2.3.0/ranger-plugins-audit-2.3.0.jar:/home/runner/.m2/repository/org/eclipse/jetty/jetty-client/9.4.51.v20230217/jetty-client-9.4.51.v20230217.jar:/home/runner/.m2/repository/org/apache/httpcomponents/httpmime/4.5.6/httpmime-4.5.6.jar:/home/runner/.m2/repository/org/apache/httpcomponents/httpcore-nio/4.4.13/httpcore-nio-4.4.13.jar:/home/runner/.m2/repository/org/apache/httpcomponents/httpasyncclient/4.1.3/httpasyncclient-4.1.3.jar:/home/runner/.m2/repository/com/carrotsearch/hppc/0.8.0/hppc-0.8.0.jar:/home/runner/.m2/repository/org/apache/orc/orc-core/1.5.8/orc-core-1.5.8.jar:/home/runner/.m2/repository/net/java/dev/jna/jna/5.2.0/jna-5.2.0.jar:/home/runner/.m2/repository/net/java/dev/jna/jna-platform/5.2.0/jna-platform-5.2.0.jar:/home/runner/.m2/repository/com/kstruct/gethostname4j/0.0.2/gethostname4j-0.0.2.jar:/home/runner/.m2/repository/org/apache/ranger/ranger-plugin-classloader/2.3.0/ranger-plugin-classloader-2.3.0.jar:/home/runner/.m2/repository/org/apache/ozone/hdds-rocks-native/1.4.0-SNAPSHOT/hdds-rocks-native-1.4.0-SNAPSHOT.jar:/home/runner/.m2/repository/org/apache/hadoop/hadoop-minikdc/3.3.6/hadoop-minikdc-3.3.6.jar:/home/runner/.m2/repository/org/apache/kerby/kerb-simplekdc/1.0.1/kerb-simplekdc-1.0.1.jar:/home/runner/.m2/repository/org/apache/kerby/kerb-client/1.0.1/kerb-client-1.0.1.jar:/home/runner/.m2/repository/org/apache/kerby/kerby-config/1.0.1/kerby-config-1.0.1.jar:/home/runner/.m2/repository/org/apache/kerby/kerb-common/1.0.1/kerb-common-1.0.1.jar:/home/runner/.m2/repository/org/apache/kerby/kerb-crypto/1.0.1/kerb-crypto-1.0.1.jar:/home/runner/.m2/repository/org/apache/kerby/kerb-util/1.0.1/kerb-util-1.0.1.jar:/home/runner/.m2/repository/org/apache/kerby/token-provider/1.0.1/token-provider-1.0.1.jar:/home/runner/.m2/repository/org/apache/kerby/kerb-admin/1.0.1/kerb-admin-1.0.1.jar:/home/runner/.m2/repository/org/apache/kerby/kerb-server/1.0.1/kerb-server-1.0.1.jar:/home/runner/.m2/repository/org/apache/kerby/kerb-identity/1.0.1/kerb-identity-1.0.1.jar:/home/runner/.m2/repository/org/apache/kerby/kerby-xdr/1.0.1/kerby-xdr-1.0.1.jar:/home/runner/.m2/repository/org/apache/ozone/ozone-s3gateway/1.4.0-SNAPSHOT/ozone-s3gateway-1.4.0-SNAPSHOT.jar:/home/runner/.m2/repository/org/javassist/javassist/3.21.0-GA/javassist-3.21.0-GA.jar:/home/runner/.m2/repository/org/jboss/weld/servlet/weld-servlet-shaded/3.1.9.Final/weld-servlet-shaded-3.1.9.Final.jar:/home/runner/.m2/repository/org/glassfish/jersey/containers/jersey-container-servlet-core/2.34/jersey-container-servlet-core-2.34.jar:/home/runner/.m2/repository/org/glassfish/hk2/external/jakarta.inject/2.6.1/jakarta.inject-2.6.1.jar:/home/runner/.m2/repository/org/glassfish/jersey/core/jersey-common/2.34/jersey-common-2.34.jar:/home/runner/.m2/repository/jakarta/ws/rs/jakarta.ws.rs-api/2.1.6/jakarta.ws.rs-api-2.1.6.jar:/home/runner/.m2/repository/org/glassfish/jersey/ext/cdi/jersey-cdi1x/2.34/jersey-cdi1x-2.34.jar:/home/runner/.m2/repository/org/glassfish/jersey/inject/jersey-hk2/2.34/jersey-hk2-2.34.jar:/home/runner/.m2/repository/org/glassfish/hk2/hk2-locator/2.6.1/hk2-locator-2.6.1.jar:/home/runner/.m2/repository/org/glassfish/jersey/media/jersey-media-jaxb/2.34/jersey-media-jaxb-2.34.jar:/home/runner/.m2/repository/org/glassfish/hk2/osgi-resource-locator/1.0.3/osgi-resource-locator-1.0.3.jar:/home/runner/.m2/repository/org/glassfish/hk2/hk2-api/2.5.0/hk2-api-2.5.0.jar:/home/runner/.m2/repository/org/glassfish/hk2/hk2-utils/2.5.0/hk2-utils-2.5.0.jar:/home/runner/.m2/repository/org/glassfish/hk2/external/aopalliance-repackaged/2.5.0/aopalliance-repackaged-2.5.0.jar:/home/runner/.m2/repository/com/fasterxml/jackson/dataformat/jackson-dataformat-xml/2.13.4/jackson-dataformat-xml-2.13.4.jar:/home/runner/.m2/repository/org/codehaus/woodstox/stax2-api/4.2.1/stax2-api-4.2.1.jar:/home/runner/.m2/repository/com/fasterxml/woodstox/woodstox-core/5.4.0/woodstox-core-5.4.0.jar:/home/runner/.m2/repository/com/fasterxml/jackson/module/jackson-module-jaxb-annotations/2.13.4/jackson-module-jaxb-annotations-2.13.4.jar:/home/runner/.m2/repository/jakarta/xml/bind/jakarta.xml.bind-api/2.3.3/jakarta.xml.bind-api-2.3.3.jar:/home/runner/.m2/repository/jakarta/activation/jakarta.activation-api/1.2.2/jakarta.activation-api-1.2.2.jar:/home/runner/.m2/repository/javax/enterprise/cdi-api/2.0/cdi-api-2.0.jar:/home/runner/.m2/repository/javax/el/javax.el-api/3.0.0/javax.el-api-3.0.0.jar:/home/runner/.m2/repository/javax/interceptor/javax.interceptor-api/1.2/javax.interceptor-api-1.2.jar:/home/runner/.m2/repository/javax/inject/javax.inject/1/javax.inject-1.jar:/home/runner/.m2/repository/javax/xml/bind/jaxb-api/2.3.0/jaxb-api-2.3.0.jar:/home/runner/.m2/repository/org/glassfish/jaxb/jaxb-runtime/2.3.0.1/jaxb-runtime-2.3.0.1.jar:/home/runner/.m2/repository/org/glassfish/jaxb/jaxb-core/2.3.0.1/jaxb-core-2.3.0.1.jar:/home/runner/.m2/repository/org/glassfish/jaxb/txw2/2.3.0.1/txw2-2.3.0.1.jar:/home/runner/.m2/repository/com/sun/istack/istack-commons-runtime/3.0.5/istack-commons-runtime-3.0.5.jar:/home/runner/.m2/repository/org/jvnet/staxex/stax-ex/1.7.8/stax-ex-1.7.8.jar:/home/runner/.m2/repository/com/sun/xml/fastinfoset/FastInfoset/1.2.13/FastInfoset-1.2.13.jar:/home/runner/.m2/repository/javax/activation/activation/1.1.1/activation-1.1.1.jar:/home/runner/.m2/repository/io/grpc/grpc-protobuf/1.51.1/grpc-protobuf-1.51.1.jar:/home/runner/.m2/repository/com/google/api/grpc/proto-google-common-protos/2.9.0/proto-google-common-protos-2.9.0.jar:/home/runner/.m2/repository/io/grpc/grpc-protobuf-lite/1.51.1/grpc-protobuf-lite-1.51.1.jar:/home/runner/.m2/repository/io/grpc/grpc-stub/1.51.1/grpc-stub-1.51.1.jar:/home/runner/.m2/repository/io/netty/netty-transport/4.1.94.Final/netty-transport-4.1.94.Final.jar:/home/runner/.m2/repository/io/netty/netty-resolver/4.1.94.Final/netty-resolver-4.1.94.Final.jar:/home/runner/.m2/repository/org/apache/ozone/ozone-csi/1.4.0-SNAPSHOT/ozone-csi-1.4.0-SNAPSHOT.jar:/home/runner/.m2/repository/com/google/protobuf/protobuf-java-util/3.19.6/protobuf-java-util-3.19.6.jar:/home/runner/.m2/repository/com/google/code/gson/gson/2.9.0/gson-2.9.0.jar:/home/runner/.m2/repository/org/apache/ozone/hdds-config/1.4.0-SNAPSHOT/hdds-config-1.4.0-SNAPSHOT.jar:/home/runner/.m2/repository/io/netty/netty-transport-native-epoll/4.1.94.Final/netty-transport-native-epoll-4.1.94.Final-linux-x86_64.jar:/home/runner/.m2/repository/io/netty/netty-transport-classes-epoll/4.1.94.Final/netty-transport-classes-epoll-4.1.94.Final.jar:/home/runner/.m2/repository/io/netty/netty-transport-native-unix-common/4.1.94.Final/netty-transport-native-unix-common-4.1.94.Final.jar:/home/runner/.m2/repository/org/apache/ozone/ozone-recon/1.4.0-SNAPSHOT/ozone-recon-1.4.0-SNAPSHOT.jar:/home/runner/.m2/repository/org/apache/ozone/ozone-reconcodegen/1.4.0-SNAPSHOT/ozone-reconcodegen-1.4.0-SNAPSHOT.jar:/home/runner/.m2/repository/com/google/inject/guice/5.1.0/guice-5.1.0.jar:/home/runner/.m2/repository/aopalliance/aopalliance/1.0/aopalliance-1.0.jar:/home/runner/.m2/repository/com/google/inject/extensions/guice-assistedinject/5.1.0/guice-assistedinject-5.1.0.jar:/home/runner/.m2/repository/com/google/inject/extensions/guice-servlet/5.1.0/guice-servlet-5.1.0.jar:/home/runner/.m2/repository/org/glassfish/jersey/containers/jersey-container-servlet/2.34/jersey-container-servlet-2.34.jar:/home/runner/.m2/repository/org/glassfish/hk2/guice-bridge/2.5.0/guice-bridge-2.5.0.jar:/home/runner/.m2/repository/org/glassfish/jersey/core/jersey-server/2.34/jersey-server-2.34.jar:/home/runner/.m2/repository/org/glassfish/jersey/core/jersey-client/2.34/jersey-client-2.34.jar:/home/runner/.m2/repository/jakarta/annotation/jakarta.annotation-api/1.3.5/jakarta.annotation-api-1.3.5.jar:/home/runner/.m2/repository/jakarta/validation/jakarta.validation-api/2.0.2/jakarta.validation-api-2.0.2.jar:/home/runner/.m2/repository/org/glassfish/jersey/media/jersey-media-json-jackson/2.34/jersey-media-json-jackson-2.34.jar:/home/runner/.m2/repository/org/glassfish/jersey/ext/jersey-entity-filtering/2.34/jersey-entity-filtering-2.34.jar:/home/runner/.m2/repository/org/jooq/jooq/3.11.10/jooq-3.11.10.jar:/home/runner/.m2/repository/org/jooq/jooq-meta/3.11.10/jooq-meta-3.11.10.jar:/home/runner/.m2/repository/org/jooq/jooq-codegen/3.11.10/jooq-codegen-3.11.10.jar:/home/runner/.m2/repository/com/jolbox/bonecp/0.8.0.RELEASE/bonecp-0.8.0.RELEASE.jar:/home/runner/.m2/repository/org/apache/derby/derby/10.14.2.0/derby-10.14.2.0.jar:/home/runner/.m2/repository/org/xerial/sqlite-jdbc/3.41.2.2/sqlite-jdbc-3.41.2.2.jar:/home/runner/.m2/repository/org/springframework/spring-jdbc/5.3.27/spring-jdbc-5.3.27.jar:/home/runner/.m2/repository/org/springframework/spring-beans/5.3.27/spring-beans-5.3.27.jar:/home/runner/.m2/repository/org/springframework/spring-core/5.3.27/spring-core-5.3.27.jar:/home/runner/.m2/repository/org/springframework/spring-tx/5.3.27/spring-tx-5.3.27.jar:/home/runner/.m2/repository/org/apache/ozone/ozone-client/1.4.0-SNAPSHOT/ozone-client-1.4.0-SNAPSHOT.jar:/home/runner/.m2/repository/org/apache/ozone/hdds-erasurecode/1.4.0-SNAPSHOT/hdds-erasurecode-1.4.0-SNAPSHOT.jar:/home/runner/.m2/repository/org/apache/ozone/ozone-filesystem/1.4.0-SNAPSHOT/ozone-filesystem-1.4.0-SNAPSHOT.jar:/home/runner/.m2/repository/org/apache/ozone/ozone-filesystem-common/1.4.0-SNAPSHOT/ozone-filesystem-common-1.4.0-SNAPSHOT.jar:/home/runner/.m2/repository/org/apache/ozone/ozone-tools/1.4.0-SNAPSHOT/ozone-tools-1.4.0-SNAPSHOT.jar:/home/runner/.m2/repository/com/amazonaws/aws-java-sdk-core/1.12.261/aws-java-sdk-core-1.12.261.jar:/home/runner/.m2/repository/org/apache/httpcomponents/httpclient/4.5.13/httpclient-4.5.13.jar:/home/runner/.m2/repository/org/apache/httpcomponents/httpcore/4.4.13/httpcore-4.4.13.jar:/home/runner/.m2/repository/software/amazon/ion/ion-java/1.0.2/ion-java-1.0.2.jar:/home/runner/.m2/repository/com/fasterxml/jackson/dataformat/jackson-dataformat-cbor/2.13.4/jackson-dataformat-cbor-2.13.4.jar:/home/runner/.m2/repository/joda-time/joda-time/2.10.6/joda-time-2.10.6.jar:/home/runner/.m2/repository/com/amazonaws/aws-java-sdk-s3/1.12.261/aws-java-sdk-s3-1.12.261.jar:/home/runner/.m2/repository/com/amazonaws/aws-java-sdk-kms/1.12.261/aws-java-sdk-kms-1.12.261.jar:/home/runner/.m2/repository/com/amazonaws/jmespath-java/1.12.261/jmespath-java-1.12.261.jar:/home/runner/.m2/repository/org/kohsuke/metainf-services/metainf-services/1.8/metainf-services-1.8.jar:/home/runner/.m2/repository/org/apache/ozone/hdds-tools/1.4.0-SNAPSHOT/hdds-tools-1.4.0-SNAPSHOT.jar:/home/runner/.m2/repository/org/apache/ratis/ratis-tools/2.5.1/ratis-tools-2.5.1.jar:/home/runner/.m2/repository/commons-cli/commons-cli/1.2/commons-cli-1.2.jar:/home/runner/.m2/repository/org/apache/commons/commons-lang3/3.7/commons-lang3-3.7.jar:/home/runner/.m2/repository/org/apache/ozone/ozone-manager/1.4.0-SNAPSHOT/ozone-manager-1.4.0-SNAPSHOT-tests.jar:/home/runner/.m2/repository/org/apache/ozone/hdds-common/1.4.0-SNAPSHOT/hdds-common-1.4.0-SNAPSHOT-tests.jar:/home/runner/.m2/repository/org/apache/ozone/hdds-hadoop-dependency-client/1.4.0-SNAPSHOT/hdds-hadoop-dependency-client-1.4.0-SNAPSHOT.jar:/home/runner/.m2/repository/info/picocli/picocli/4.6.1/picocli-4.6.1.jar:/home/runner/.m2/repository/com/fasterxml/jackson/core/jackson-annotations/2.13.4/jackson-annotations-2.13.4.jar:/home/runner/.m2/repository/org/apache/ozone/hdds-annotation-processing/1.4.0-SNAPSHOT/hdds-annotation-processing-1.4.0-SNAPSHOT.jar:/home/runner/.m2/repository/javax/annotation/javax.annotation-api/1.2/javax.annotation-api-1.2.jar:/home/runner/.m2/repository/org/apache/ratis/ratis-netty/2.5.1/ratis-netty-2.5.1.jar:/home/runner/.m2/repository/org/apache/ratis/ratis-grpc/2.5.1/ratis-grpc-2.5.1.jar:/home/runner/.m2/repository/org/apache/commons/commons-pool2/2.6.0/commons-pool2-2.6.0.jar:/home/runner/.m2/repository/org/bouncycastle/bcpkix-jdk15on/1.67/bcpkix-jdk15on-1.67.jar:/home/runner/.m2/repository/commons-validator/commons-validator/1.6/commons-validator-1.6.jar:/home/runner/.m2/repository/commons-beanutils/commons-beanutils/1.9.4/commons-beanutils-1.9.4.jar:/home/runner/.m2/repository/commons-digester/commons-digester/1.8.1/commons-digester-1.8.1.jar:/home/runner/.m2/repository/commons-collections/commons-collections/3.2.2/commons-collections-3.2.2.jar:/home/runner/.m2/repository/io/jaegertracing/jaeger-client/1.6.0/jaeger-client-1.6.0.jar:/home/runner/.m2/repository/io/jaegertracing/jaeger-thrift/1.6.0/jaeger-thrift-1.6.0.jar:/home/runner/.m2/repository/org/apache/thrift/libthrift/0.14.1/libthrift-0.14.1.jar:/home/runner/.m2/repository/io/jaegertracing/jaeger-core/1.6.0/jaeger-core-1.6.0.jar:/home/runner/.m2/repository/io/jaegertracing/jaeger-tracerresolver/1.6.0/jaeger-tracerresolver-1.6.0.jar:/home/runner/.m2/repository/io/opentracing/contrib/opentracing-tracerresolver/0.1.8/opentracing-tracerresolver-0.1.8.jar:/home/runner/.m2/repository/org/jetbrains/kotlin/kotlin-stdlib/1.6.21/kotlin-stdlib-1.6.21.jar:/home/runner/.m2/repository/org/jetbrains/annotations/13.0/annotations-13.0.jar:/home/runner/.m2/repository/io/opentracing/opentracing-util/0.33.0/opentracing-util-0.33.0.jar:/home/runner/.m2/repository/io/opentracing/opentracing-api/0.33.0/opentracing-api-0.33.0.jar:/home/runner/.m2/repository/io/opentracing/opentracing-noop/0.33.0/opentracing-noop-0.33.0.jar:/home/runner/.m2/repository/org/yaml/snakeyaml/2.0/snakeyaml-2.0.jar:/home/runner/.m2/repository/io/grpc/grpc-api/1.51.1/grpc-api-1.51.1.jar:/home/runner/.m2/repository/io/grpc/grpc-context/1.51.1/grpc-context-1.51.1.jar:/home/runner/.m2/repository/junit/junit/4.13.1/junit-4.13.1.jar:/home/runner/.m2/repository/org/hamcrest/hamcrest-core/1.3/hamcrest-core-1.3.jar:/home/runner/.m2/repository/org/junit/jupiter/junit-jupiter-api/5.8.2/junit-jupiter-api-5.8.2.jar:/home/runner/.m2/repository/org/opentest4j/opentest4j/1.2.0/opentest4j-1.2.0.jar:/home/runner/.m2/repository/org/junit/platform/junit-platform-commons/1.8.2/junit-platform-commons-1.8.2.jar:/home/runner/.m2/repository/org/apiguardian/apiguardian-api/1.1.2/apiguardian-api-1.1.2.jar:/home/runner/.m2/repository/org/junit/jupiter/junit-jupiter-params/5.8.2/junit-jupiter-params-5.8.2.jar:/home/runner/.m2/repository/org/junit/jupiter/junit-jupiter-migrationsupport/5.8.2/junit-jupiter-migrationsupport-5.8.2.jar:/home/runner/.m2/repository/org/junit/jupiter/junit-jupiter-engine/5.8.2/junit-jupiter-engine-5.8.2.jar:/home/runner/.m2/repository/org/junit/platform/junit-platform-engine/1.8.2/junit-platform-engine-1.8.2.jar:/home/runner/.m2/repository/org/junit/vintage/junit-vintage-engine/5.8.2/junit-vintage-engine-5.8.2.jar:/home/runner/.m2/repository/org/junit/platform/junit-platform-launcher/1.8.2/junit-platform-launcher-1.8.2.jar:/home/runner/.m2/repository/org/mockito/mockito-core/3.5.9/mockito-core-3.5.9.jar:/home/runner/.m2/repository/net/bytebuddy/byte-buddy/1.10.13/byte-buddy-1.10.13.jar:/home/runner/.m2/repository/net/bytebuddy/byte-buddy-agent/1.10.13/byte-buddy-agent-1.10.13.jar:/home/runner/.m2/repository/org/objenesis/objenesis/1.0/objenesis-1.0.jar:/home/runner/.m2/repository/org/apache/hadoop/hadoop-kms/3.3.6/hadoop-kms-3.3.6.jar:/home/runner/.m2/repository/org/apache/hadoop/hadoop-auth/3.3.6/hadoop-auth-3.3.6.jar:/home/runner/.m2/repository/com/nimbusds/nimbus-jose-jwt/9.8.1/nimbus-jose-jwt-9.8.1.jar:/home/runner/.m2/repository/com/github/stephenc/jcip/jcip-annotations/1.0-1/jcip-annotations-1.0-1.jar:/home/runner/.m2/repository/org/apache/zookeeper/zookeeper/3.5.6/zookeeper-3.5.6.jar:/home/runner/.m2/repository/org/apache/zookeeper/zookeeper-jute/3.5.6/zookeeper-jute-3.5.6.jar:/home/runner/.m2/repository/org/apache/yetus/audience-annotations/0.5.0/audience-annotations-0.5.0.jar:/home/runner/.m2/repository/org/apache/curator/curator-framework/4.2.0/curator-framework-4.2.0.jar:/home/runner/.m2/repository/org/apache/hadoop/thirdparty/hadoop-shaded-guava/1.1.1/hadoop-shaded-guava-1.1.1.jar:/home/runner/.m2/repository/com/sun/jersey/jersey-core/1.19/jersey-core-1.19.jar:/home/runner/.m2/repository/javax/ws/rs/jsr311-api/1.1.1/jsr311-api-1.1.1.jar:/home/runner/.m2/repository/com/sun/jersey/jersey-server/1.19/jersey-server-1.19.jar:/home/runner/.m2/repository/javax/servlet/javax.servlet-api/3.1.0/javax.servlet-api-3.1.0.jar:/home/runner/.m2/repository/org/apache/hadoop/hadoop-common/3.3.6/hadoop-common-3.3.6.jar:/home/runner/.m2/repository/org/apache/commons/commons-math3/3.1.1/commons-math3-3.1.1.jar:/home/runner/.m2/repository/commons-net/commons-net/3.9.0/commons-net-3.9.0.jar:/home/runner/.m2/repository/com/sun/jersey/jersey-servlet/1.19/jersey-servlet-1.19.jar:/home/runner/.m2/repository/com/github/pjfanning/jersey-json/1.20/jersey-json-1.20.jar:/home/runner/.m2/repository/org/codehaus/jettison/jettison/1.1/jettison-1.1.jar:/home/runner/.m2/repository/com/sun/xml/bind/jaxb-impl/2.2.3-1/jaxb-impl-2.2.3-1.jar:/home/runner/.m2/repository/com/google/re2j/re2j/1.1/re2j-1.1.jar:/home/runner/.m2/repository/com/jcraft/jsch/0.1.54/jsch-0.1.54.jar:/home/runner/.m2/repository/org/apache/curator/curator-client/4.2.0/curator-client-4.2.0.jar:/home/runner/.m2/repository/org/apache/curator/curator-recipes/5.2.0/curator-recipes-5.2.0.jar:/home/runner/.m2/repository/org/apache/kerby/kerb-core/1.0.1/kerb-core-1.0.1.jar:/home/runner/.m2/repository/org/apache/kerby/kerby-pkix/1.0.1/kerby-pkix-1.0.1.jar:/home/runner/.m2/repository/org/apache/kerby/kerby-asn1/1.0.1/kerby-asn1-1.0.1.jar:/home/runner/.m2/repository/org/apache/kerby/kerby-util/1.0.1/kerby-util-1.0.1.jar:/home/runner/.m2/repository/dnsjava/dnsjava/2.1.7/dnsjava-2.1.7.jar:/home/runner/.m2/repository/org/xerial/snappy/snappy-java/1.1.8.2/snappy-java-1.1.8.2.jar:/home/runner/.m2/repository/com/fasterxml/jackson/core/jackson-databind/2.13.4.2/jackson-databind-2.13.4.2.jar:/home/runner/.m2/repository/org/apache/hadoop/hadoop-kms/3.3.6/hadoop-kms-3.3.6-tests.jar:/home/runner/.m2/repository/org/apache/ozone/hdds-server-scm/1.4.0-SNAPSHOT/hdds-server-scm-1.4.0-SNAPSHOT-tests.jar:/home/runner/.m2/repository/org/apache/ozone/hdds-container-service/1.4.0-SNAPSHOT/hdds-container-service-1.4.0-SNAPSHOT-tests.jar:/home/runner/.m2/repository/com/github/luben/zstd-jni/1.5.2-5/zstd-jni-1.5.2-5.jar:/home/runner/.m2/repository/commons-codec/commons-codec/1.15/commons-codec-1.15.jar:/home/runner/.m2/repository/io/netty/netty-codec/4.1.94.Final/netty-codec-4.1.94.Final.jar:/home/runner/.m2/repository/io/netty/netty-handler/4.1.94.Final/netty-handler-4.1.94.Final.jar:/home/runner/.m2/repository/org/apache/ozone/hdds-hadoop-dependency-test/1.4.0-SNAPSHOT/hdds-hadoop-dependency-test-1.4.0-SNAPSHOT.jar:/home/runner/.m2/repository/org/apache/hadoop/hadoop-common/3.3.6/hadoop-common-3.3.6-tests.jar:/home/runner/.m2/repository/org/apache/hadoop/hadoop-hdfs/3.3.6/hadoop-hdfs-3.3.6-tests.jar:/home/runner/.m2/repository/org/assertj/assertj-core/3.12.2/assertj-core-3.12.2.jar:/home/runner/.m2/repository/org/apache/hadoop/hadoop-distcp/3.3.6/hadoop-distcp-3.3.6.jar:/home/runner/.m2/repository/org/apache/hadoop/hadoop-mapreduce-client-jobclient/3.3.6/hadoop-mapreduce-client-jobclient-3.3.6.jar:/home/runner/.m2/repository/org/apache/hadoop/hadoop-mapreduce-client-common/3.3.6/hadoop-mapreduce-client-common-3.3.6.jar:/home/runner/.m2/repository/org/apache/hadoop/hadoop-yarn-common/3.3.6/hadoop-yarn-common-3.3.6.jar:/home/runner/.m2/repository/org/apache/hadoop/hadoop-yarn-api/3.3.6/hadoop-yarn-api-3.3.6.jar:/home/runner/.m2/repository/com/sun/jersey/contribs/jersey-guice/1.19/jersey-guice-1.19.jar:/home/runner/.m2/repository/com/fasterxml/jackson/jaxrs/jackson-jaxrs-json-provider/2.13.4/jackson-jaxrs-json-provider-2.13.4.jar:/home/runner/.m2/repository/com/fasterxml/jackson/jaxrs/jackson-jaxrs-base/2.13.4/jackson-jaxrs-base-2.13.4.jar:/home/runner/.m2/repository/org/apache/hadoop/hadoop-yarn-client/3.3.6/hadoop-yarn-client-3.3.6.jar:/home/runner/.m2/repository/org/eclipse/jetty/websocket/websocket-client/9.4.51.v20230217/websocket-client-9.4.51.v20230217.jar:/home/runner/.m2/repository/org/eclipse/jetty/websocket/websocket-common/9.4.51.v20230217/websocket-common-9.4.51.v20230217.jar:/home/runner/.m2/repository/org/eclipse/jetty/websocket/websocket-api/9.4.51.v20230217/websocket-api-9.4.51.v20230217.jar:/home/runner/.m2/repository/org/jline/jline/3.9.0/jline-3.9.0.jar:/home/runner/.m2/repository/org/apache/hadoop/hadoop-mapreduce-client-core/3.3.6/hadoop-mapreduce-client-core-3.3.6.jar:/home/runner/.m2/repository/org/apache/avro/avro/1.7.7/avro-1.7.7.jar:/home/runner/.m2/repository/com/thoughtworks/paranamer/paranamer/2.3/paranamer-2.3.jar:/home/runner/.m2/repository/org/apache/hadoop/hadoop-annotations/3.3.6/hadoop-annotations-3.3.6.jar:/usr/lib/jvm/temurin-8-jdk-amd64/jre/../lib/tools.jar:/home/runner/.m2/repository/io/netty/netty/3.10.6.Final/netty-3.10.6.Final.jar:/home/runner/.m2/repository/org/apache/hadoop/hadoop-distcp/3.3.6/hadoop-distcp-3.3.6-tests.jar:/home/runner/.m2/repository/org/slf4j/jul-to-slf4j/1.7.36/jul-to-slf4j-1.7.36.jar:"/>
    <property name="sun.cpu.endian" value="little"/>
    <property name="user.home" value="/home/runner"/>
    <property name="user.language" value="en"/>
    <property name="java.specification.vendor" value="Oracle Corporation"/>
    <property name="java.home" value="/usr/lib/jvm/temurin-8-jdk-amd64/jre"/>
    <property name="java.security.krb5.conf" value="/home/runner/work/ozone/ozone/hadoop-ozone/integration-test/target/test-classes/krb5.conf"/>
    <property name="file.separator" value="/"/>
    <property name="basedir" value="/home/runner/work/ozone/ozone/hadoop-ozone/integration-test"/>
    <property name="line.separator" value="&#10;"/>
    <property name="java.vm.specification.vendor" value="Oracle Corporation"/>
    <property name="java.specification.name" value="Java Platform API Specification"/>
    <property name="skip.installnpx" value="true"/>
    <property name="java.awt.graphicsenv" value="sun.awt.X11GraphicsEnvironment"/>
    <property name="surefire.real.class.path" value="/home/runner/work/ozone/ozone/hadoop-ozone/integration-test/target/surefire/surefirebooter7761969301595238430.jar:/home/runner/.m2/repository/org/jacoco/org.jacoco.agent/0.8.5/org.jacoco.agent-0.8.5-runtime.jar"/>
    <property name="sun.boot.class.path" value="/usr/lib/jvm/temurin-8-jdk-amd64/jre/lib/resources.jar:/usr/lib/jvm/temurin-8-jdk-amd64/jre/lib/rt.jar:/usr/lib/jvm/temurin-8-jdk-amd64/jre/lib/sunrsasign.jar:/usr/lib/jvm/temurin-8-jdk-amd64/jre/lib/jsse.jar:/usr/lib/jvm/temurin-8-jdk-amd64/jre/lib/jce.jar:/usr/lib/jvm/temurin-8-jdk-amd64/jre/lib/charsets.jar:/usr/lib/jvm/temurin-8-jdk-amd64/jre/lib/jfr.jar:/usr/lib/jvm/temurin-8-jdk-amd64/jre/classes"/>
    <property name="hadoop.log.dir" value="/home/runner/work/ozone/ozone/hadoop-ozone/integration-test/target/log"/>
    <property name="sun.management.compiler" value="HotSpot 64-Bit Tiered Compilers"/>
    <property name="java.runtime.version" value="1.8.0_382-b05"/>
    <property name="skip.npx" value="true"/>
    <property name="user.name" value="runner"/>
    <property name="java.net.preferIPv4Stack" value="true"/>
    <property name="path.separator" value=":"/>
    <property name="java.security.egd" value="file:///dev/urandom"/>
    <property name="os.version" value="5.15.0-1042-azure"/>
    <property name="java.endorsed.dirs" value="/usr/lib/jvm/temurin-8-jdk-amd64/jre/lib/endorsed"/>
    <property name="java.runtime.name" value="OpenJDK Runtime Environment"/>
    <property name="file.encoding" value="UTF-8"/>
    <property name="java.vm.name" value="OpenJDK 64-Bit Server VM"/>
    <property name="test.build.webapps" value=""/>
    <property name="localRepository" value="/home/runner/.m2/repository"/>
    <property name="jetty.git.hash" value="b45c405e4544384de066f814ed42ae3dceacdd49"/>
    <property name="java.vendor.url.bug" value="https://github.com/adoptium/adoptium-support/issues"/>
    <property name="require.test.libhadoop" value=""/>
    <property name="java.io.tmpdir" value="/tmp"/>
    <property name="java.version" value="1.8.0_382"/>
    <property name="user.dir" value="/home/runner/work/ozone/ozone/hadoop-ozone/integration-test"/>
    <property name="os.arch" value="amd64"/>
    <property name="test.build.classes" value="/home/runner/work/ozone/ozone/hadoop-ozone/integration-test/target/test-classes"/>
    <property name="java.vm.specification.name" value="Java Virtual Machine Specification"/>
    <property name="java.awt.printerjob" value="sun.print.PSPrinterJob"/>
    <property name="sun.os.patch.level" value="unknown"/>
    <property name="org.apache.ratis.thirdparty.io.netty.allocator.useCacheForAllThreads" value="false"/>
    <property name="hadoop.tmp.dir" value="/home/runner/work/ozone/ozone/hadoop-ozone/integration-test/target/tmp"/>
    <property name="java.library.path" value="/usr/java/packages/lib/amd64:/usr/lib64:/lib64:/lib:/usr/lib"/>
    <property name="java.vendor" value="Temurin"/>
    <property name="java.vm.info" value="mixed mode"/>
    <property name="java.vm.version" value="25.382-b05"/>
    <property name="java.specification.maintenance.version" value="5"/>
    <property name="sun.io.unicode.encoding" value="UnicodeLittle"/>
    <property name="java.ext.dirs" value="/usr/lib/jvm/temurin-8-jdk-amd64/jre/lib/ext:/usr/java/packages/lib/ext"/>
    <property name="java.class.version" value="52.0"/>
  </properties>
  <testcase name="testGetDeletedDirectoryInfoWithMultipleSubdirectories" classname="org.apache.hadoop.ozone.recon.TestReconInsightsForDeletedDirectories" time="11.201">
    <system-out><![CDATA[2023-09-07 09:03:02,867 [main] WARN  server.ServerUtils (ServerUtils.java:getScmDbDir(155)) - ozone.scm.db.dirs is not configured. We recommend adding this setting. Falling back to ozone.metadata.dirs instead.
2023-09-07 09:03:03,213 [main] INFO  reflections.Reflections (Reflections.java:scan(232)) - Reflections took 243 ms to scan 7 urls, producing 161 keys and 379 values 
2023-09-07 09:03:03,458 [main] WARN  server.ServerUtils (ServerUtils.java:getScmDbDir(155)) - ozone.scm.db.dirs is not configured. We recommend adding this setting. Falling back to ozone.metadata.dirs instead.
2023-09-07 09:03:03,463 [main] INFO  ha.SCMHANodeDetails (SCMHANodeDetails.java:loadSCMHAConfig(210)) - ServiceID for StorageContainerManager is null
2023-09-07 09:03:03,473 [main] WARN  ha.SCMHANodeDetails (SCMHANodeDetails.java:validateSCMHAConfig(183)) - Invalid config ozone.scm.ratis.enable. The config was not specified, but the default value true conflicts with the expected config value false. Falling back to the expected value. Current State of SCM: SCM is running in Non-HA without Ratis Ratis SCM -> Non Ratis SCM or Non HA SCM -> HA SCM is not supported
2023-09-07 09:03:03,473 [main] INFO  ha.SCMHANodeDetails (SCMHANodeDetails.java:loadSCMHAConfig(215)) - ozone.scm.default.service.id is not defined, falling back to ozone.scm.service.ids to find serviceID for StorageContainerManager if it is HA enabled cluster
2023-09-07 09:03:04,411 [main] WARN  utils.HAUtils (HAUtils.java:getMetaDir(339)) - ozone.scm.db.dirs is not configured. We recommend adding this setting. Falling back to ozone.metadata.dirs instead.
2023-09-07 09:03:04,581 [main] WARN  db.DBStoreBuilder (DBStoreBuilder.java:applyDBDefinition(166)) - ozone.scm.db.dirs is not configured. We recommend adding this setting. Falling back to ozone.metadata.dirs instead.
2023-09-07 09:03:04,906 [main] INFO  net.NodeSchemaLoader (NodeSchemaLoader.java:loadSchemaFromFile(129)) - Loading schema from [jar:file:/home/runner/.m2/repository/org/apache/ozone/hdds-common/1.4.0-SNAPSHOT/hdds-common-1.4.0-SNAPSHOT.jar!/network-topology-default.xml]
2023-09-07 09:03:04,908 [main] INFO  net.NodeSchemaLoader (NodeSchemaLoader.java:loadSchema(176)) - Loading network topology layer schema file
2023-09-07 09:03:04,963 [main] INFO  metrics.MetricRegistries (MetricRegistriesLoader.java:load(64)) - Loaded MetricRegistries class org.apache.ratis.metrics.impl.MetricRegistriesImpl
2023-09-07 09:03:04,982 [main] INFO  upgrade.AbstractLayoutVersionManager (AbstractLayoutVersionManager.java:init(83)) - Initializing Layout version manager with metadata layout = HADOOP_PRC_PORTS_IN_DATANODEDETAILS (version = 7), software layout = HADOOP_PRC_PORTS_IN_DATANODEDETAILS (version = 7)
2023-09-07 09:03:05,208 [main] INFO  ha.SequenceIdGenerator (SequenceIdGenerator.java:upgradeToSequenceId(365)) - upgrade localId to 111677748019200000
2023-09-07 09:03:05,210 [main] INFO  ha.SequenceIdGenerator (SequenceIdGenerator.java:upgradeToSequenceId(375)) - upgrade delTxnId to 0
2023-09-07 09:03:05,232 [main] INFO  ha.SequenceIdGenerator (SequenceIdGenerator.java:upgradeToSequenceId(392)) - upgrade containerId to 0
2023-09-07 09:03:05,235 [main] INFO  ha.SequenceIdGenerator (SequenceIdGenerator.java:upgradeToSequenceId(428)) - upgrade rootCertificateId to 1
2023-09-07 09:03:05,238 [main] INFO  ha.SequenceIdGenerator (SequenceIdGenerator.java:<init>(236)) - Init the HA SequenceIdGenerator.
2023-09-07 09:03:05,307 [main] WARN  server.ServerUtils (ServerUtils.java:sanitizeUserArgs(80)) - ozone.scm.stale.node.interval value = 300000 is larger than max = 100000 based on the key value of ozone.scm.heartbeat.thread.interval, reset to the max value 100000.
2023-09-07 09:03:05,307 [main] WARN  server.ServerUtils (ServerUtils.java:sanitizeUserArgs(80)) - ozone.scm.stale.node.interval value = 300000 is larger than max = 100000 based on the key value of ozone.scm.heartbeat.thread.interval, reset to the max value 100000.
2023-09-07 09:03:05,317 [main] INFO  node.SCMNodeManager (SCMNodeManager.java:<init>(157)) - Entering startup safe mode.
2023-09-07 09:03:05,338 [main] INFO  algorithms.ContainerPlacementPolicyFactory (ContainerPlacementPolicyFactory.java:getPolicyInternal(86)) - Create container placement policy of type org.apache.hadoop.hdds.scm.container.placement.algorithms.SCMContainerPlacementRackAware
2023-09-07 09:03:05,344 [main] INFO  algorithms.ContainerPlacementPolicyFactory (ContainerPlacementPolicyFactory.java:getPolicyInternal(86)) - Create container placement policy of type org.apache.hadoop.hdds.scm.container.placement.algorithms.SCMContainerPlacementRackScatter
2023-09-07 09:03:05,356 [main] INFO  pipeline.PipelineStateManagerImpl (PipelineStateManagerImpl.java:initialize(78)) - No pipeline exists in current db
2023-09-07 09:03:05,374 [main] INFO  algorithms.LeaderChoosePolicyFactory (LeaderChoosePolicyFactory.java:getPolicy(57)) - Create leader choose policy of type org.apache.hadoop.hdds.scm.pipeline.leader.choose.algorithms.MinLeaderCountChoosePolicy
2023-09-07 09:03:05,374 [main] INFO  algorithms.ContainerPlacementPolicyFactory (ContainerPlacementPolicyFactory.java:getPolicyInternal(86)) - Create container placement policy of type org.apache.hadoop.hdds.scm.container.placement.algorithms.SCMContainerPlacementRackScatter
2023-09-07 09:03:05,381 [main] INFO  ha.SCMServiceManager (SCMServiceManager.java:register(42)) - Registering service BackgroundPipelineCreator.
2023-09-07 09:03:05,382 [main] INFO  pipeline.BackgroundPipelineCreator (BackgroundPipelineCreator.java:start(124)) - Starting RatisPipelineUtilsThread.
2023-09-07 09:03:05,385 [main] INFO  BackgroundPipelineScrubber (BackgroundSCMService.java:start(68)) - Starting BackgroundPipelineScrubber Service.
2023-09-07 09:03:05,389 [main] INFO  ha.SCMServiceManager (SCMServiceManager.java:register(42)) - Registering service BackgroundPipelineScrubber.
2023-09-07 09:03:05,398 [main] INFO  ExpiredContainerReplicaOpScrubber (BackgroundSCMService.java:start(68)) - Starting ExpiredContainerReplicaOpScrubber Service.
2023-09-07 09:03:05,398 [main] INFO  ha.SCMServiceManager (SCMServiceManager.java:register(42)) - Registering service ExpiredContainerReplicaOpScrubber.
2023-09-07 09:03:05,430 [main] INFO  algorithms.PipelineChoosePolicyFactory (PipelineChoosePolicyFactory.java:createPipelineChoosePolicyFromClass(78)) - Create pipeline choose policy of type org.apache.hadoop.hdds.scm.pipeline.choose.algorithms.RandomPipelineChoosePolicy
2023-09-07 09:03:05,430 [main] INFO  algorithms.PipelineChoosePolicyFactory (PipelineChoosePolicyFactory.java:createPipelineChoosePolicyFromClass(78)) - Create pipeline choose policy of type org.apache.hadoop.hdds.scm.pipeline.choose.algorithms.RandomPipelineChoosePolicy
2023-09-07 09:03:05,454 [main] INFO  ha.SCMServiceManager (SCMServiceManager.java:register(42)) - Registering service SCMBlockDeletingService.
2023-09-07 09:03:05,547 [main] INFO  replication.ReplicationManager (ReplicationManager.java:start(291)) - Starting Replication Monitor Thread.
2023-09-07 09:03:05,557 [main] INFO  ha.SCMServiceManager (SCMServiceManager.java:register(42)) - Registering service ReplicationManager.
2023-09-07 09:03:05,565 [ReplicationMonitor] INFO  replication.ReplicationManager (ReplicationManager.java:processAll(365)) - Replication Manager is not ready to run until 3000ms after safemode exit
2023-09-07 09:03:05,578 [main] INFO  safemode.ContainerSafeModeRule (ContainerSafeModeRule.java:<init>(90)) - containers with one replica threshold count 0
2023-09-07 09:03:05,584 [main] INFO  safemode.HealthyPipelineSafeModeRule (HealthyPipelineSafeModeRule.java:initializeRule(169)) - Total pipeline count is 0, healthy pipeline threshold count is 1
2023-09-07 09:03:05,586 [main] INFO  safemode.OneReplicaPipelineSafeModeRule (OneReplicaPipelineSafeModeRule.java:initializeRule(180)) - Total pipeline count is 0, pipeline's with at least one datanode reported threshold count is 0
2023-09-07 09:03:05,646 [main] INFO  server.StorageContainerManager (StorageContainerManager.java:<init>(425)) - SCM start with adminUsers: [runner]
2023-09-07 09:03:06,127 [main] INFO  audit.AuditLogger (AuditLogger.java:refreshDebugCmdSet(126)) - Refresh DebugCmdSet for SCMAudit to [].
2023-09-07 09:03:06,175 [main] INFO  ipc.CallQueueManager (CallQueueManager.java:<init>(90)) - Using callQueue: class java.util.concurrent.LinkedBlockingQueue, queueCapacity: 2000, scheduler: class org.apache.hadoop.ipc.DefaultRpcScheduler, ipcBackoff: false.
2023-09-07 09:03:06,220 [main] INFO  ipc.Server (Server.java:<init>(1287)) - Listener at 0.0.0.0:15002
2023-09-07 09:03:06,226 [Socket Reader #1 for port 15002] INFO  ipc.Server (Server.java:run(1323)) - Starting Socket Reader #1 for port 15002
2023-09-07 09:03:06,305 [main] INFO  audit.AuditLogger (AuditLogger.java:refreshDebugCmdSet(126)) - Refresh DebugCmdSet for SCMAudit to [].
2023-09-07 09:03:06,312 [main] INFO  ipc.CallQueueManager (CallQueueManager.java:<init>(90)) - Using callQueue: class java.util.concurrent.LinkedBlockingQueue, queueCapacity: 2000, scheduler: class org.apache.hadoop.ipc.DefaultRpcScheduler, ipcBackoff: false.
2023-09-07 09:03:06,312 [main] INFO  ipc.Server (Server.java:<init>(1287)) - Listener at 0.0.0.0:15001
2023-09-07 09:03:06,313 [Socket Reader #1 for port 15001] INFO  ipc.Server (Server.java:run(1323)) - Starting Socket Reader #1 for port 15001
2023-09-07 09:03:06,365 [main] INFO  audit.AuditLogger (AuditLogger.java:refreshDebugCmdSet(126)) - Refresh DebugCmdSet for SCMAudit to [].
2023-09-07 09:03:06,379 [main] INFO  ipc.CallQueueManager (CallQueueManager.java:<init>(90)) - Using callQueue: class java.util.concurrent.LinkedBlockingQueue, queueCapacity: 2000, scheduler: class org.apache.hadoop.ipc.DefaultRpcScheduler, ipcBackoff: false.
2023-09-07 09:03:06,380 [main] INFO  ipc.Server (Server.java:<init>(1287)) - Listener at 0.0.0.0:15000
2023-09-07 09:03:06,381 [Socket Reader #1 for port 15000] INFO  ipc.Server (Server.java:run(1323)) - Starting Socket Reader #1 for port 15000
2023-09-07 09:03:06,459 [main] INFO  ha.SCMServiceManager (SCMServiceManager.java:register(42)) - Registering service ContainerBalancer.
2023-09-07 09:03:06,460 [main] INFO  server.StorageContainerManager (StorageContainerManager.java:<init>(438)) - 
Container Balancer status:
Key                            Value
Running                        false
Container Balancer Configuration values:
Key                                                Value
Threshold                                          10
Max Datanodes to Involve per Iteration(percent)    20
Max Size to Move per Iteration                     500GB
Max Size Entering Target per Iteration             26GB
Max Size Leaving Source per Iteration              26GB

2023-09-07 09:03:06,460 [main] INFO  ha.SCMContext (SCMContext.java:updateSafeModeStatus(228)) - Update SafeModeStatus from SafeModeStatus{safeModeStatus=true, preCheckPassed=false} to SafeModeStatus{safeModeStatus=true, preCheckPassed=false}.
2023-09-07 09:03:06,464 [main] INFO  server.StorageContainerManager (StorageContainerManager.java:start(1483)) - StorageContainerLocationProtocol RPC server is listening at /0.0.0.0:15000
2023-09-07 09:03:06,554 [main] WARN  impl.MetricsConfig (MetricsConfig.java:loadFirst(136)) - Cannot locate configuration: tried hadoop-metrics2-storagecontainermanager.properties,hadoop-metrics2.properties
2023-09-07 09:03:06,570 [main] INFO  impl.MetricsSystemImpl (MetricsSystemImpl.java:startTimer(378)) - Scheduled Metric snapshot period at 10 second(s).
2023-09-07 09:03:06,570 [main] INFO  impl.MetricsSystemImpl (MetricsSystemImpl.java:start(191)) - StorageContainerManager metrics system started
2023-09-07 09:03:06,940 [main] INFO  server.SCMClientProtocolServer (SCMClientProtocolServer.java:start(201)) - RPC server for Client  is listening at /0.0.0.0:15000
2023-09-07 09:03:06,941 [IPC Server Responder] INFO  ipc.Server (Server.java:run(1562)) - IPC Server Responder: starting
2023-09-07 09:03:06,943 [IPC Server listener on 15000] INFO  ipc.Server (Server.java:run(1402)) - IPC Server listener on 15000: starting
2023-09-07 09:03:06,963 [main] INFO  server.StorageContainerManager (StorageContainerManager.java:start(1496)) - ScmBlockLocationProtocol RPC server is listening at /0.0.0.0:15001
2023-09-07 09:03:06,964 [main] INFO  server.SCMBlockProtocolServer (SCMBlockProtocolServer.java:start(152)) - RPC server for Block Protocol is listening at /0.0.0.0:15001
2023-09-07 09:03:06,967 [IPC Server Responder] INFO  ipc.Server (Server.java:run(1562)) - IPC Server Responder: starting
2023-09-07 09:03:06,967 [IPC Server listener on 15001] INFO  ipc.Server (Server.java:run(1402)) - IPC Server listener on 15001: starting
2023-09-07 09:03:06,976 [main] INFO  server.SCMDatanodeProtocolServer (SCMDatanodeProtocolServer.java:start(193)) - ScmDatanodeProtocol RPC server for DataNodes is listening at /0.0.0.0:15002
2023-09-07 09:03:07,002 [IPC Server listener on 15002] INFO  ipc.Server (Server.java:run(1402)) - IPC Server listener on 15002: starting
2023-09-07 09:03:07,003 [IPC Server Responder] INFO  ipc.Server (Server.java:run(1562)) - IPC Server Responder: starting
2023-09-07 09:03:07,017 [JvmPauseMonitor0] INFO  util.JvmPauseMonitor (JvmPauseMonitor.java:run(103)) - JvmPauseMonitor-58002cdb-544c-4920-a6a8-df0694553de3: Started
2023-09-07 09:03:07,030 [main] INFO  http.BaseHttpServer (BaseHttpServer.java:newHttpServer2BuilderForOzone(223)) - Starting Web-server for scm at: http://0.0.0.0:15003
2023-09-07 09:03:07,031 [main] INFO  http.BaseHttpServer (BaseHttpServer.java:<init>(110)) - Hadoop Security Enabled: false Ozone Security Enabled: false Ozone HTTP Security Enabled: false 
2023-09-07 09:03:07,064 [main] INFO  util.log (Log.java:initialized(170)) - Logging initialized @6095ms to org.eclipse.jetty.util.log.Slf4jLog
2023-09-07 09:03:07,184 [main] WARN  server.AuthenticationFilter (AuthenticationFilter.java:constructSecretProvider(240)) - Unable to initialize FileSignerSecretProvider, falling back to use random secrets. Reason: Could not read signature secret file: /home/runner/hadoop-http-auth-signature-secret
2023-09-07 09:03:07,192 [main] INFO  http.HttpRequestLog (HttpRequestLog.java:getRequestLog(86)) - Http request log for http.requests.scm is not defined
2023-09-07 09:03:07,199 [main] INFO  http.HttpServer2 (HttpServer2.java:addGlobalFilter(1031)) - Added global filter 'safety' (class=org.apache.hadoop.hdds.server.http.HttpServer2$QuotingInputFilter)
2023-09-07 09:03:07,202 [main] INFO  http.HttpServer2 (HttpServer2.java:addFilter(1007)) - Added filter static_user_filter (class=org.apache.hadoop.http.lib.StaticUserWebFilter$StaticUserFilter) to context scm
2023-09-07 09:03:07,203 [main] INFO  http.HttpServer2 (HttpServer2.java:addFilter(1015)) - Added filter static_user_filter (class=org.apache.hadoop.http.lib.StaticUserWebFilter$StaticUserFilter) to context logs
2023-09-07 09:03:07,203 [main] INFO  http.HttpServer2 (HttpServer2.java:addFilter(1015)) - Added filter static_user_filter (class=org.apache.hadoop.http.lib.StaticUserWebFilter$StaticUserFilter) to context static
2023-09-07 09:03:07,247 [main] INFO  http.BaseHttpServer (BaseHttpServer.java:<init>(189)) - HTTP server of scm uses base directory /home/runner/work/ozone/ozone/hadoop-ozone/integration-test/target/test-dir/MiniOzoneClusterImpl-9da26bb3-9e9b-4d78-afbb-0d838bea1ada/ozone-meta/webserver
2023-09-07 09:03:07,249 [main] INFO  http.HttpServer2 (HttpServer2.java:bindListener(1231)) - Jetty bound to port 15003
2023-09-07 09:03:07,250 [main] INFO  server.Server (Server.java:doStart(375)) - jetty-9.4.51.v20230217; built: 2023-02-17T08:19:37.309Z; git: b45c405e4544384de066f814ed42ae3dceacdd49; jvm 1.8.0_382-b05
2023-09-07 09:03:07,289 [main] INFO  server.session (DefaultSessionIdManager.java:doStart(334)) - DefaultSessionIdManager workerName=node0
2023-09-07 09:03:07,290 [main] INFO  server.session (DefaultSessionIdManager.java:doStart(339)) - No SessionScavenger set, using defaults
2023-09-07 09:03:07,292 [main] INFO  server.session (HouseKeeper.java:startScavenging(132)) - node0 Scavenging every 600000ms
2023-09-07 09:03:07,307 [main] INFO  handler.ContextHandler (ContextHandler.java:doStart(921)) - Started o.e.j.s.ServletContextHandler@21d478f3{logs,/logs,file:///home/runner/work/ozone/ozone/hadoop-ozone/integration-test/target/log,AVAILABLE}
2023-09-07 09:03:07,313 [main] INFO  handler.ContextHandler (ContextHandler.java:doStart(921)) - Started o.e.j.s.ServletContextHandler@7ecf4608{static,/static,file:///home/runner/work/ozone/ozone/hadoop-ozone/integration-test/target/test-classes/webapps/static,AVAILABLE}
2023-09-07 09:03:07,376 [main] INFO  handler.ContextHandler (ContextHandler.java:doStart(921)) - Started o.e.j.w.WebAppContext@44233014{scm,/,file:///home/runner/work/ozone/ozone/hadoop-ozone/integration-test/target/test-classes/webapps/scm/,AVAILABLE}{file:/home/runner/work/ozone/ozone/hadoop-ozone/integration-test/target/test-classes/webapps/scm}
2023-09-07 09:03:07,390 [main] INFO  server.AbstractConnector (AbstractConnector.java:doStart(333)) - Started ServerConnector@73bb782d{HTTP/1.1, (http/1.1)}{0.0.0.0:15003}
2023-09-07 09:03:07,390 [main] INFO  server.Server (Server.java:doStart(415)) - Started @6421ms
2023-09-07 09:03:07,395 [main] INFO  impl.MetricsSinkAdapter (MetricsSinkAdapter.java:start(204)) - Sink prometheus started
2023-09-07 09:03:07,395 [main] INFO  impl.MetricsSystemImpl (MetricsSystemImpl.java:registerSink(305)) - Registered sink prometheus
2023-09-07 09:03:07,397 [main] INFO  http.BaseHttpServer (BaseHttpServer.java:updateConnectorAddress(354)) - HTTP server of scm listening at http://0.0.0.0:15003
2023-09-07 09:03:07,402 [main] WARN  server.ServerUtils (ServerUtils.java:getDBPath(311)) - ozone.om.db.dirs is not configured. We recommend adding this setting. Falling back to ozone.metadata.dirs instead.
2023-09-07 09:03:07,499 [main] INFO  audit.AuditLogger (AuditLogger.java:refreshDebugCmdSet(126)) - Refresh DebugCmdSet for OMAudit to [].
2023-09-07 09:03:07,607 [main] INFO  ha.OMHANodeDetails (OMHANodeDetails.java:loadOMHAConfig(115)) - ozone.om.internal.service.id is not defined, falling back to ozone.om.service.ids to find serviceID for OzoneManager if it is HA enabled cluster
2023-09-07 09:03:07,612 [main] INFO  ha.OMHANodeDetails (OMHANodeDetails.java:loadOMHAConfig(226)) - Configuration does not have ozone.om.address set. Falling back to the default OM address /127.0.0.1:15004
2023-09-07 09:03:07,612 [main] INFO  ha.OMHANodeDetails (OMHANodeDetails.java:getOMNodeDetailsForNonHA(254)) - OM Service ID is not set. Setting it to the default ID: omServiceIdDefault
2023-09-07 09:03:07,613 [main] INFO  ha.OMHANodeDetails (OMHANodeDetails.java:getOMNodeDetailsForNonHA(261)) - OM Node ID is not set. Setting it to the default ID: om1
2023-09-07 09:03:07,618 [main] WARN  server.ServerUtils (ServerUtils.java:getDBPath(311)) - ozone.om.db.dirs is not configured. We recommend adding this setting. Falling back to ozone.metadata.dirs instead.
2023-09-07 09:03:07,626 [main] INFO  upgrade.AbstractLayoutVersionManager (AbstractLayoutVersionManager.java:init(83)) - Initializing Layout version manager with metadata layout = QUOTA (version = 6), software layout = QUOTA (version = 6)
2023-09-07 09:03:07,749 [main] INFO  reflections.Reflections (Reflections.java:scan(232)) - Reflections took 118 ms to scan 2 urls, producing 187 keys and 514 values [using 2 cores]
2023-09-07 09:03:07,762 [main] INFO  upgrade.OMLayoutVersionManager (OMLayoutVersionManager.java:lambda$0(115)) - Skipping Upgrade Action MockOmUpgradeAction since it has been finalized.
2023-09-07 09:03:07,763 [main] INFO  upgrade.OMLayoutVersionManager (OMLayoutVersionManager.java:lambda$0(115)) - Skipping Upgrade Action QuotaRepairUpgradeAction since it has been finalized.
2023-09-07 09:03:07,767 [main] WARN  server.ServerUtils (ServerUtils.java:getDBPath(311)) - ozone.om.db.dirs is not configured. We recommend adding this setting. Falling back to ozone.metadata.dirs instead.
2023-09-07 09:03:08,016 [main] INFO  proxy.SCMBlockLocationFailoverProxyProvider (SCMBlockLocationFailoverProxyProvider.java:<init>(114)) - Created block location fail-over proxy with 1 nodes: [nodeId=scmNodeId,nodeAddress=/0.0.0.0:15001]
2023-09-07 09:03:08,068 [main] INFO  proxy.SCMBlockLocationFailoverProxyProvider (SCMBlockLocationFailoverProxyProvider.java:<init>(114)) - Created block location fail-over proxy with 1 nodes: [nodeId=scmNodeId,nodeAddress=/0.0.0.0:15001]
2023-09-07 09:03:08,408 [main] INFO  om.OzoneManager (OzoneManager.java:<init>(665)) - OM start with adminUsers: [runner]
2023-09-07 09:03:08,446 [main] WARN  server.ServerUtils (ServerUtils.java:getDBPath(311)) - ozone.om.db.dirs is not configured. We recommend adding this setting. Falling back to ozone.metadata.dirs instead.
2023-09-07 09:03:08,494 [main] INFO  helpers.OmKeyInfo (OmKeyInfo.java:getCodec(71)) - OmKeyInfo.getCodec ignorePipeline = true
2023-09-07 09:03:08,895 [main] INFO  om.OzoneManager (OzoneManager.java:instantiateServices(794)) - S3 Multi-Tenancy is disabled
2023-09-07 09:03:08,941 [main] INFO  om.OmSnapshotManager (OmSnapshotManager.java:<init>(174)) - Ozone filesystem snapshot feature is enabled.
2023-09-07 09:03:08,953 [main] WARN  server.ServerUtils (ServerUtils.java:getDBPath(311)) - ozone.om.snapshot.diff.db.dir is not configured. We recommend adding this setting. Falling back to ozone.metadata.dirs instead.
2023-09-07 09:03:09,019 [main] INFO  utils.NativeLibraryLoader (NativeLibraryLoader.java:loadLibrary(108)) - Loading Library: ozone_rocksdb_tools
2023-09-07 09:03:09,022 [main] INFO  snapshot.SnapshotDiffManager (SnapshotDiffManager.java:closeExecutorService(1697)) - Shutting down executorService: 'SstDumpToolExecutor'
2023-09-07 09:03:09,118 [main] INFO  om.OzoneManager (OzoneManager.java:addS3GVolumeToDB(4301)) - Created Volume s3v With Owner runner required for S3Gateway operations.
2023-09-07 09:03:09,209 [main] WARN  server.ServerUtils (ServerUtils.java:getDefaultRatisDirectory(323)) - Storage directory for Ratis is not configured. It is a good idea to map this to an SSD disk. Falling back to ozone.metadata.dirs
2023-09-07 09:03:09,210 [main] WARN  utils.OzoneManagerRatisUtils (OzoneManagerRatisUtils.java:getOMRatisSnapshotDirectory(464)) - ozone.om.ratis.snapshot.dir is not configured. Falling back to ozone.metadata.dirs config
2023-09-07 09:03:09,234 [main] WARN  server.ServerUtils (ServerUtils.java:getDefaultRatisDirectory(323)) - Storage directory for Ratis is not configured. It is a good idea to map this to an SSD disk. Falling back to ozone.metadata.dirs
2023-09-07 09:03:09,268 [main] INFO  ratis.OzoneManagerRatisServer (OzoneManagerRatisServer.java:<init>(163)) - Instantiating OM Ratis server with groupID: omServiceIdDefault and peers: localhost:15007
2023-09-07 09:03:09,282 [main] INFO  ratis.OzoneManagerStateMachine (OzoneManagerStateMachine.java:loadSnapshotInfoFromDB(687)) - LastAppliedIndex is set from TransactionInfo from OM DB as (t:0, i:~)
2023-09-07 09:03:09,385 [main] INFO  server.RaftServer (ConfUtils.java:logGet(46)) - raft.rpc.type = GRPC (default)
2023-09-07 09:03:09,398 [main] INFO  grpc.GrpcConfigKeys (ConfUtils.java:logFallback(53)) - raft.grpc.admin.host = null (fallback to raft.grpc.server.host)
2023-09-07 09:03:09,400 [main] INFO  grpc.GrpcConfigKeys (ConfUtils.java:logFallback(53)) - raft.grpc.admin.port = 15007 (fallback to raft.grpc.server.port)
2023-09-07 09:03:09,401 [main] INFO  grpc.GrpcConfigKeys (ConfUtils.java:logFallback(53)) - raft.grpc.client.host = null (fallback to raft.grpc.server.host)
2023-09-07 09:03:09,402 [main] INFO  grpc.GrpcConfigKeys (ConfUtils.java:logFallback(53)) - raft.grpc.client.port = 15007 (fallback to raft.grpc.server.port)
2023-09-07 09:03:09,402 [main] INFO  grpc.GrpcConfigKeys (ConfUtils.java:logGet(46)) - raft.grpc.server.host = null (default)
2023-09-07 09:03:09,402 [main] INFO  grpc.GrpcConfigKeys (ConfUtils.java:logGet(46)) - raft.grpc.server.port = 15007 (custom)
2023-09-07 09:03:09,404 [main] INFO  server.GrpcService (ConfUtils.java:logGet(46)) - raft.grpc.message.size.max = 33554432 (custom)
2023-09-07 09:03:09,406 [main] INFO  server.RaftServerConfigKeys (ConfUtils.java:logGet(46)) - raft.server.log.appender.buffer.byte-limit = 33554432 (custom)
2023-09-07 09:03:09,407 [main] INFO  server.GrpcService (ConfUtils.java:logGet(46)) - raft.grpc.flow.control.window = 1MB (=1048576) (default)
2023-09-07 09:03:09,408 [main] INFO  server.RaftServerConfigKeys (ConfUtils.java:logGet(46)) - raft.server.rpc.request.timeout = 3000ms (default)
2023-09-07 09:03:09,424 [main] INFO  grpc.GrpcConfigKeys (ConfUtils.java:logGet(46)) - raft.grpc.server.heartbeat.channel = true (default)
2023-09-07 09:03:09,429 [main] INFO  grpc.GrpcConfigKeys (ConfUtils.java:logGet(46)) - raft.grpc.server.async.request.thread.pool.cached = true (default)
2023-09-07 09:03:09,430 [main] INFO  grpc.GrpcConfigKeys (ConfUtils.java:logGet(46)) - raft.grpc.server.async.request.thread.pool.size = 32 (default)
2023-09-07 09:03:09,739 [main] INFO  impl.DataStreamServerImpl (ConfUtils.java:logGet(46)) - raft.datastream.type = DISABLED (default)
2023-09-07 09:03:09,743 [main] INFO  server.RaftServerConfigKeys (ConfUtils.java:logGet(46)) - raft.server.threadpool.proxy.cached = true (default)
2023-09-07 09:03:09,744 [main] INFO  server.RaftServerConfigKeys (ConfUtils.java:logGet(46)) - raft.server.threadpool.proxy.size = 0 (default)
2023-09-07 09:03:09,744 [main] INFO  server.RaftServerConfigKeys (ConfUtils.java:logGet(46)) - raft.server.rpc.slowness.timeout = 120s (custom)
2023-09-07 09:03:09,744 [main] INFO  server.RaftServerConfigKeys (ConfUtils.java:logGet(46)) - raft.server.leaderelection.leader.step-down.wait-time = 10s (default)
2023-09-07 09:03:09,747 [main] INFO  server.RaftServerConfigKeys (ConfUtils.java:logGet(46)) - raft.server.storage.dir = [/home/runner/work/ozone/ozone/hadoop-ozone/integration-test/target/test-dir/MiniOzoneClusterImpl-9da26bb3-9e9b-4d78-afbb-0d838bea1ada/ozone-meta/ratis] (custom)
2023-09-07 09:03:09,756 [main] INFO  server.RaftServer (RaftServerProxy.java:addNew(98)) - om1: addNew group-C5BA1605619E:[om1|rpc:localhost:15007|priority:0|startupRole:FOLLOWER] returns group-C5BA1605619E:java.util.concurrent.CompletableFuture@64af2288[Not completed]
2023-09-07 09:03:09,756 [main] INFO  om.OzoneManager (OzoneManager.java:initializeRatisServer(2145)) - OzoneManager Ratis server initialized at port 15007
2023-09-07 09:03:09,761 [main] INFO  om.OzoneManager (OzoneManager.java:getRpcServer(1196)) - Creating RPC Server
2023-09-07 09:03:09,953 [om1-groupManagement] INFO  server.RaftServer$Division (RaftServerImpl.java:<init>(198)) - om1: new RaftServerImpl for group-C5BA1605619E:[om1|rpc:localhost:15007|priority:0|startupRole:FOLLOWER] with OzoneManagerStateMachine:uninitialized
2023-09-07 09:03:09,956 [om1-groupManagement] INFO  server.RaftServerConfigKeys (ConfUtils.java:logGet(46)) - raft.server.rpc.timeout.min = 1s (custom)
2023-09-07 09:03:09,959 [om1-groupManagement] INFO  server.RaftServerConfigKeys (ConfUtils.java:logGet(46)) - raft.server.rpc.timeout.max = 1200ms (custom)
2023-09-07 09:03:09,959 [om1-groupManagement] INFO  server.RaftServerConfigKeys (ConfUtils.java:logGet(46)) - raft.server.rpc.sleep.time = 25ms (default)
2023-09-07 09:03:09,959 [om1-groupManagement] INFO  server.RaftServerConfigKeys (ConfUtils.java:logGet(46)) - raft.server.rpc.slowness.timeout = 120s (custom)
2023-09-07 09:03:09,959 [om1-groupManagement] INFO  server.RaftServerConfigKeys (ConfUtils.java:logGet(46)) - raft.server.leaderelection.leader.step-down.wait-time = 10s (default)
2023-09-07 09:03:09,959 [om1-groupManagement] INFO  server.RaftServerConfigKeys (ConfUtils.java:logGet(46)) - raft.server.sleep.deviation.threshold = 300ms (default)
2023-09-07 09:03:09,975 [om1-groupManagement] INFO  server.RaftServer$Division (ServerState.java:<init>(120)) - om1@group-C5BA1605619E: ConfigurationManager, init=-1: peers:[om1|rpc:localhost:15007|priority:0|startupRole:FOLLOWER]|listeners:[], old=null, confs=<EMPTY_MAP>
2023-09-07 09:03:09,976 [om1-groupManagement] INFO  server.RaftServerConfigKeys (ConfUtils.java:logGet(46)) - raft.server.storage.dir = [/home/runner/work/ozone/ozone/hadoop-ozone/integration-test/target/test-dir/MiniOzoneClusterImpl-9da26bb3-9e9b-4d78-afbb-0d838bea1ada/ozone-meta/ratis] (custom)
2023-09-07 09:03:09,993 [om1-groupManagement] INFO  server.RaftServerConfigKeys (ConfUtils.java:logGet(46)) - raft.server.log.corruption.policy = EXCEPTION (default)
2023-09-07 09:03:09,993 [om1-groupManagement] INFO  server.RaftServerConfigKeys (ConfUtils.java:logGet(46)) - raft.server.storage.free-space.min = 0MB (=0) (default)
2023-09-07 09:03:10,015 [om1-groupManagement] INFO  server.RaftServerConfigKeys (ConfUtils.java:logGet(46)) - raft.server.notification.no-leader.timeout = 120s (custom)
2023-09-07 09:03:10,029 [om1-groupManagement] INFO  server.RaftServerConfigKeys (ConfUtils.java:logGet(46)) - raft.server.read.timeout = 10s (default)
2023-09-07 09:03:10,040 [om1-groupManagement] INFO  server.RaftServerConfigKeys (ConfUtils.java:logGet(46)) - raft.server.retrycache.expirytime = 300s (custom)
2023-09-07 09:03:10,041 [om1-groupManagement] INFO  server.RaftServerConfigKeys (ConfUtils.java:logGet(46)) - raft.server.retrycache.statistics.expirytime = 100μs (default)
2023-09-07 09:03:10,109 [om1-groupManagement] INFO  server.RaftServerConfigKeys (ConfUtils.java:logGet(46)) - raft.server.read.option = DEFAULT (default)
2023-09-07 09:03:10,176 [om1-groupManagement] INFO  server.RaftServerConfigKeys (ConfUtils.java:logGet(46)) - raft.server.rpc.request.timeout = 3000ms (default)
2023-09-07 09:03:10,197 [om1-groupManagement] INFO  server.RaftServerConfigKeys (ConfUtils.java:logGet(46)) - raft.server.log.appender.install.snapshot.enabled = false (custom)
2023-09-07 09:03:10,198 [om1-groupManagement] INFO  server.RaftServerConfigKeys (ConfUtils.java:logGet(46)) - raft.server.threadpool.server.cached = true (default)
2023-09-07 09:03:10,198 [om1-groupManagement] INFO  server.RaftServerConfigKeys (ConfUtils.java:logGet(46)) - raft.server.threadpool.server.size = 0 (default)
2023-09-07 09:03:10,199 [om1-groupManagement] INFO  server.RaftServerConfigKeys (ConfUtils.java:logGet(46)) - raft.server.threadpool.client.cached = true (default)
2023-09-07 09:03:10,200 [om1-groupManagement] INFO  server.RaftServerConfigKeys (ConfUtils.java:logGet(46)) - raft.server.threadpool.client.size = 0 (default)
2023-09-07 09:03:10,905 [main] INFO  reflections.Reflections (Reflections.java:scan(232)) - Reflections took 902 ms to scan 19 urls, producing 70 keys and 5688 values [using 2 cores]
2023-09-07 09:03:11,115 [main] INFO  ipc.CallQueueManager (CallQueueManager.java:<init>(90)) - Using callQueue: class java.util.concurrent.LinkedBlockingQueue, queueCapacity: 2000, scheduler: class org.apache.hadoop.ipc.DefaultRpcScheduler, ipcBackoff: false.
2023-09-07 09:03:11,116 [main] INFO  ipc.Server (Server.java:<init>(1287)) - Listener at 127.0.0.1:15004
2023-09-07 09:03:11,117 [Socket Reader #1 for port 15004] INFO  ipc.Server (Server.java:run(1323)) - Starting Socket Reader #1 for port 15004
2023-09-07 09:03:11,152 [main] INFO  impl.MetricsSystemImpl (MetricsSystemImpl.java:init(158)) - OzoneManager metrics system started (again)
2023-09-07 09:03:11,167 [main] INFO  om.OzoneManager (OzoneManager.java:start(1630)) - OzoneManager RPC server is listening at localhost/127.0.0.1:15004
2023-09-07 09:03:11,167 [main] INFO  ratis.OzoneManagerRatisServer (OzoneManagerRatisServer.java:start(558)) - Starting OzoneManagerRatisServer om1 at port 15007
2023-09-07 09:03:11,170 [om1-impl-thread1] INFO  storage.RaftStorageDirectory (RaftStorageDirectoryImpl.java:analyzeStorage(137)) - The storage directory /home/runner/work/ozone/ozone/hadoop-ozone/integration-test/target/test-dir/MiniOzoneClusterImpl-9da26bb3-9e9b-4d78-afbb-0d838bea1ada/ozone-meta/ratis/bf265839-605b-3f16-9796-c5ba1605619e does not exist. Creating ...
2023-09-07 09:03:11,176 [om1-impl-thread1] INFO  storage.RaftStorageDirectory (RaftStorageDirectoryImpl.java:tryLock(231)) - Lock on /home/runner/work/ozone/ozone/hadoop-ozone/integration-test/target/test-dir/MiniOzoneClusterImpl-9da26bb3-9e9b-4d78-afbb-0d838bea1ada/ozone-meta/ratis/bf265839-605b-3f16-9796-c5ba1605619e/in_use.lock acquired by nodename 19819@fv-az200-880
2023-09-07 09:03:11,182 [om1-impl-thread1] INFO  storage.RaftStorage (RaftStorageImpl.java:format(96)) - Storage directory /home/runner/work/ozone/ozone/hadoop-ozone/integration-test/target/test-dir/MiniOzoneClusterImpl-9da26bb3-9e9b-4d78-afbb-0d838bea1ada/ozone-meta/ratis/bf265839-605b-3f16-9796-c5ba1605619e has been successfully formatted.
2023-09-07 09:03:11,191 [om1-impl-thread1] INFO  server.RaftServerConfigKeys (ConfUtils.java:logGet(46)) - raft.server.log.use.memory = false (default)
2023-09-07 09:03:11,200 [om1-impl-thread1] INFO  server.RaftServerConfigKeys (ConfUtils.java:logGet(46)) - raft.server.log.purge.gap = 1000000 (custom)
2023-09-07 09:03:11,201 [om1-impl-thread1] INFO  server.RaftServerConfigKeys (ConfUtils.java:logGet(46)) - raft.server.log.appender.buffer.byte-limit = 33554432 (custom)
2023-09-07 09:03:11,205 [om1-impl-thread1] INFO  server.RaftServerConfigKeys (ConfUtils.java:logGet(46)) - raft.server.log.statemachine.data.read.timeout = 1000ms (default)
2023-09-07 09:03:11,207 [om1-impl-thread1] INFO  server.RaftServerConfigKeys (ConfUtils.java:logGet(46)) - raft.server.log.purge.preservation.log.num = 0 (default)
2023-09-07 09:03:11,211 [om1-impl-thread1] INFO  server.RaftServerConfigKeys (ConfUtils.java:logGet(46)) - raft.server.log.segment.size.max = 4194304 (custom)
2023-09-07 09:03:11,219 [om1-impl-thread1] INFO  server.RaftServerConfigKeys (ConfUtils.java:logGet(46)) - raft.server.log.segment.cache.num.max = 2 (custom)
2023-09-07 09:03:11,219 [om1-impl-thread1] INFO  server.RaftServerConfigKeys (ConfUtils.java:logGet(46)) - raft.server.log.segment.cache.size.max = 200MB (=209715200) (default)
2023-09-07 09:03:11,219 [om1-impl-thread1] INFO  server.RaftServerConfigKeys (ConfUtils.java:logGet(46)) - raft.server.log.appender.buffer.byte-limit = 33554432 (custom)
2023-09-07 09:03:11,228 [om1-impl-thread1] INFO  segmented.SegmentedRaftLogWorker (SegmentedRaftLogWorker.java:<init>(188)) - new om1@group-C5BA1605619E-SegmentedRaftLogWorker for RaftStorageImpl:Storage Directory /home/runner/work/ozone/ozone/hadoop-ozone/integration-test/target/test-dir/MiniOzoneClusterImpl-9da26bb3-9e9b-4d78-afbb-0d838bea1ada/ozone-meta/ratis/bf265839-605b-3f16-9796-c5ba1605619e
2023-09-07 09:03:11,228 [om1-impl-thread1] INFO  server.RaftServerConfigKeys (ConfUtils.java:logGet(46)) - raft.server.log.queue.byte-limit = 64MB (=67108864) (default)
2023-09-07 09:03:11,229 [om1-impl-thread1] INFO  server.RaftServerConfigKeys (ConfUtils.java:logGet(46)) - raft.server.log.queue.element-limit = 4096 (default)
2023-09-07 09:03:11,230 [om1-impl-thread1] INFO  server.RaftServerConfigKeys (ConfUtils.java:logGet(46)) - raft.server.log.segment.size.max = 4194304 (custom)
2023-09-07 09:03:11,230 [om1-impl-thread1] INFO  server.RaftServerConfigKeys (ConfUtils.java:logGet(46)) - raft.server.log.preallocated.size = 4194304 (custom)
2023-09-07 09:03:11,231 [om1-impl-thread1] INFO  server.RaftServerConfigKeys (ConfUtils.java:logGet(46)) - raft.server.log.force.sync.num = 128 (default)
2023-09-07 09:03:11,232 [om1-impl-thread1] INFO  server.RaftServerConfigKeys (ConfUtils.java:logGet(46)) - raft.server.log.statemachine.data.sync = true (default)
2023-09-07 09:03:11,232 [om1-impl-thread1] INFO  server.RaftServerConfigKeys (ConfUtils.java:logGet(46)) - raft.server.log.statemachine.data.sync.timeout = 10s (default)
2023-09-07 09:03:11,232 [om1-impl-thread1] INFO  server.RaftServerConfigKeys (ConfUtils.java:logGet(46)) - raft.server.log.statemachine.data.sync.timeout.retry = -1 (default)
2023-09-07 09:03:11,244 [om1-impl-thread1] INFO  server.RaftServerConfigKeys (ConfUtils.java:logGet(46)) - raft.server.log.write.buffer.size = 64KB (=65536) (default)
2023-09-07 09:03:11,245 [om1-impl-thread1] INFO  server.RaftServerConfigKeys (ConfUtils.java:logGet(46)) - raft.server.log.appender.buffer.byte-limit = 33554432 (custom)
2023-09-07 09:03:11,255 [om1-impl-thread1] INFO  server.RaftServerConfigKeys (ConfUtils.java:logGet(46)) - raft.server.log.unsafe-flush.enabled = false (default)
2023-09-07 09:03:11,255 [om1-impl-thread1] INFO  server.RaftServerConfigKeys (ConfUtils.java:logGet(46)) - raft.server.log.async-flush.enabled = false (default)
2023-09-07 09:03:11,256 [om1-impl-thread1] INFO  server.RaftServerConfigKeys (ConfUtils.java:logGet(46)) - raft.server.log.statemachine.data.caching.enabled = false (default)
2023-09-07 09:03:11,264 [om1-impl-thread1] INFO  segmented.SegmentedRaftLogWorker (SegmentedRaftLogWorker.java:lambda$new$0(135)) - om1@group-C5BA1605619E-SegmentedRaftLogWorker: flushIndex: setUnconditionally 0 -> -1
2023-09-07 09:03:11,264 [om1-impl-thread1] INFO  segmented.SegmentedRaftLogWorker (SegmentedRaftLogWorker.java:lambda$new$0(135)) - om1@group-C5BA1605619E-SegmentedRaftLogWorker: safeCacheEvictIndex: setUnconditionally 0 -> -1
2023-09-07 09:03:11,266 [om1-impl-thread1] INFO  server.RaftServer$Division (RaftServerImpl.java:start(342)) - om1@group-C5BA1605619E: start as a follower, conf=-1: peers:[om1|rpc:localhost:15007|priority:0|startupRole:FOLLOWER]|listeners:[], old=null
2023-09-07 09:03:11,267 [om1-impl-thread1] INFO  server.RaftServer$Division (RaftServerImpl.java:setRole(329)) - om1@group-C5BA1605619E: changes role from      null to FOLLOWER at term 0 for startAsFollower
2023-09-07 09:03:11,269 [om1-impl-thread1] INFO  impl.RoleInfo (RoleInfo.java:updateAndGet(139)) - om1: start om1@group-C5BA1605619E-FollowerState
2023-09-07 09:03:11,270 [om1-impl-thread1] INFO  util.JmxRegister (JmxRegister.java:tryRegister(44)) - Successfully registered JMX Bean with object name Ratis:service=RaftServer,group=group-C5BA1605619E,id=om1
2023-09-07 09:03:11,273 [om1-impl-thread1] INFO  server.RaftServerConfigKeys (ConfUtils.java:logGet(46)) - raft.server.snapshot.auto.trigger.enabled = true (custom)
2023-09-07 09:03:11,274 [om1-impl-thread1] INFO  server.RaftServerConfigKeys (ConfUtils.java:logGet(46)) - raft.server.snapshot.auto.trigger.threshold = 400000 (default)
2023-09-07 09:03:11,274 [om1-impl-thread1] INFO  server.RaftServerConfigKeys (ConfUtils.java:logGet(46)) - raft.server.snapshot.retention.file.num = -1 (default)
2023-09-07 09:03:11,276 [om1@group-C5BA1605619E-FollowerState] INFO  server.RaftServerConfigKeys (ConfUtils.java:logFallback(53)) - raft.server.rpc.first-election.timeout.min = 1s (fallback to raft.server.rpc.timeout.min)
2023-09-07 09:03:11,276 [om1@group-C5BA1605619E-FollowerState] INFO  server.RaftServerConfigKeys (ConfUtils.java:logFallback(53)) - raft.server.rpc.first-election.timeout.max = 1200ms (fallback to raft.server.rpc.timeout.max)
2023-09-07 09:03:11,276 [om1-impl-thread1] INFO  server.RaftServerConfigKeys (ConfUtils.java:logGet(46)) - raft.server.log.purge.upto.snapshot.index = true (custom)
2023-09-07 09:03:11,280 [main] INFO  server.RaftServer (RaftServerProxy.java:startImpl(400)) - om1: start RPC server
2023-09-07 09:03:11,345 [main] INFO  server.GrpcService (GrpcService.java:startImpl(302)) - om1: GrpcService started, listening on 15007
2023-09-07 09:03:11,350 [main] INFO  om.OzoneManager (OzoneManager.java:start(1646)) - Version File has different layout version (6) than OM DB (null). That is expected if this OM has never been finalized to a newer layout version.
2023-09-07 09:03:11,355 [JvmPauseMonitor1] INFO  util.JvmPauseMonitor (JvmPauseMonitor.java:run(103)) - JvmPauseMonitor-om1: Started
2023-09-07 09:03:11,390 [main] INFO  http.BaseHttpServer (BaseHttpServer.java:newHttpServer2BuilderForOzone(223)) - Starting Web-server for ozoneManager at: http://0.0.0.0:15005
2023-09-07 09:03:11,391 [main] INFO  http.BaseHttpServer (BaseHttpServer.java:<init>(110)) - Hadoop Security Enabled: false Ozone Security Enabled: false Ozone HTTP Security Enabled: false 
2023-09-07 09:03:11,393 [main] WARN  server.AuthenticationFilter (AuthenticationFilter.java:constructSecretProvider(240)) - Unable to initialize FileSignerSecretProvider, falling back to use random secrets. Reason: Could not read signature secret file: /home/runner/hadoop-http-auth-signature-secret
2023-09-07 09:03:11,396 [main] INFO  http.HttpRequestLog (HttpRequestLog.java:getRequestLog(86)) - Http request log for http.requests.ozoneManager is not defined
2023-09-07 09:03:11,403 [main] INFO  http.HttpServer2 (HttpServer2.java:addGlobalFilter(1031)) - Added global filter 'safety' (class=org.apache.hadoop.hdds.server.http.HttpServer2$QuotingInputFilter)
2023-09-07 09:03:11,407 [main] INFO  http.HttpServer2 (HttpServer2.java:addFilter(1007)) - Added filter static_user_filter (class=org.apache.hadoop.http.lib.StaticUserWebFilter$StaticUserFilter) to context ozoneManager
2023-09-07 09:03:11,408 [main] INFO  http.HttpServer2 (HttpServer2.java:addFilter(1015)) - Added filter static_user_filter (class=org.apache.hadoop.http.lib.StaticUserWebFilter$StaticUserFilter) to context static
2023-09-07 09:03:11,408 [main] INFO  http.HttpServer2 (HttpServer2.java:addFilter(1015)) - Added filter static_user_filter (class=org.apache.hadoop.http.lib.StaticUserWebFilter$StaticUserFilter) to context logs
2023-09-07 09:03:11,410 [main] INFO  http.BaseHttpServer (BaseHttpServer.java:<init>(189)) - HTTP server of ozoneManager uses base directory /home/runner/work/ozone/ozone/hadoop-ozone/integration-test/target/test-dir/MiniOzoneClusterImpl-9da26bb3-9e9b-4d78-afbb-0d838bea1ada/ozone-meta/webserver
2023-09-07 09:03:11,414 [main] INFO  http.HttpServer2 (HttpServer2.java:bindListener(1231)) - Jetty bound to port 15005
2023-09-07 09:03:11,415 [main] INFO  server.Server (Server.java:doStart(375)) - jetty-9.4.51.v20230217; built: 2023-02-17T08:19:37.309Z; git: b45c405e4544384de066f814ed42ae3dceacdd49; jvm 1.8.0_382-b05
2023-09-07 09:03:11,419 [main] INFO  server.session (DefaultSessionIdManager.java:doStart(334)) - DefaultSessionIdManager workerName=node0
2023-09-07 09:03:11,420 [main] INFO  server.session (DefaultSessionIdManager.java:doStart(339)) - No SessionScavenger set, using defaults
2023-09-07 09:03:11,420 [main] INFO  server.session (HouseKeeper.java:startScavenging(132)) - node0 Scavenging every 660000ms
2023-09-07 09:03:11,424 [main] INFO  handler.ContextHandler (ContextHandler.java:doStart(921)) - Started o.e.j.s.ServletContextHandler@566095d9{logs,/logs,file:///home/runner/work/ozone/ozone/hadoop-ozone/integration-test/target/log,AVAILABLE}
2023-09-07 09:03:11,425 [main] INFO  handler.ContextHandler (ContextHandler.java:doStart(921)) - Started o.e.j.s.ServletContextHandler@69dfa79d{static,/static,file:///home/runner/work/ozone/ozone/hadoop-ozone/integration-test/target/test-classes/webapps/static,AVAILABLE}
2023-09-07 09:03:11,431 [main] INFO  handler.ContextHandler (ContextHandler.java:doStart(921)) - Started o.e.j.w.WebAppContext@2709109{ozoneManager,/,file:///home/runner/work/ozone/ozone/hadoop-ozone/integration-test/target/test-classes/webapps/ozoneManager/,AVAILABLE}{file:/home/runner/work/ozone/ozone/hadoop-ozone/integration-test/target/test-classes/webapps/ozoneManager}
2023-09-07 09:03:11,433 [main] INFO  server.AbstractConnector (AbstractConnector.java:doStart(333)) - Started ServerConnector@4626ba1b{HTTP/1.1, (http/1.1)}{0.0.0.0:15005}
2023-09-07 09:03:11,433 [main] INFO  server.Server (Server.java:doStart(415)) - Started @10464ms
2023-09-07 09:03:11,433 [main] WARN  impl.MetricsSystemImpl (MetricsSystemImpl.java:register(279)) - Sink prometheus already exists!
2023-09-07 09:03:11,434 [main] INFO  http.BaseHttpServer (BaseHttpServer.java:updateConnectorAddress(354)) - HTTP server of ozoneManager listening at http://0.0.0.0:15005
2023-09-07 09:03:11,434 [IPC Server Responder] INFO  ipc.Server (Server.java:run(1562)) - IPC Server Responder: starting
2023-09-07 09:03:11,437 [IPC Server listener on 15004] INFO  ipc.Server (Server.java:run(1402)) - IPC Server listener on 15004: starting
2023-09-07 09:03:11,502 [main] INFO  om.OzoneManager (OzoneManager.java:startTrashEmptier(2098)) - Trash Interval set to 0. Files deleted won't move to trash
2023-09-07 09:03:11,828 [main] INFO  recon.ReconServer (StringUtils.java:startupShutdownMessage(132)) - STARTUP_MSG: 
/************************************************************
STARTUP_MSG: Starting ReconServer
STARTUP_MSG:   host = fv-az200-880/10.1.0.77
STARTUP_MSG:   args = []
STARTUP_MSG:   version = 1.4.0-SNAPSHOT
STARTUP_MSG:   classpath = /home/runner/work/ozone/ozone/hadoop-ozone/integration-test/target/test-classes:/home/runner/work/ozone/ozone/hadoop-ozone/integration-test/target/classes:/home/runner/.m2/repository/org/apache/ozone/ozone-common/1.4.0-SNAPSHOT/ozone-common-1.4.0-SNAPSHOT.jar:/home/runner/.m2/repository/io/grpc/grpc-netty/1.51.1/grpc-netty-1.51.1.jar:/home/runner/.m2/repository/io/grpc/grpc-core/1.51.1/grpc-core-1.51.1.jar:/home/runner/.m2/repository/com/google/android/annotations/4.1.1.4/annotations-4.1.1.4.jar:/home/runner/.m2/repository/org/codehaus/mojo/animal-sniffer-annotations/1.21/animal-sniffer-annotations-1.21.jar:/home/runner/.m2/repository/com/google/errorprone/error_prone_annotations/2.2.0/error_prone_annotations-2.2.0.jar:/home/runner/.m2/repository/io/perfmark/perfmark-api/0.25.0/perfmark-api-0.25.0.jar:/home/runner/.m2/repository/io/netty/netty-codec-http2/4.1.94.Final/netty-codec-http2-4.1.94.Final.jar:/home/runner/.m2/repository/io/netty/netty-common/4.1.94.Final/netty-common-4.1.94.Final.jar:/home/runner/.m2/repository/io/netty/netty-buffer/4.1.94.Final/netty-buffer-4.1.94.Final.jar:/home/runner/.m2/repository/io/netty/netty-codec-http/4.1.94.Final/netty-codec-http-4.1.94.Final.jar:/home/runner/.m2/repository/io/netty/netty-handler-proxy/4.1.94.Final/netty-handler-proxy-4.1.94.Final.jar:/home/runner/.m2/repository/io/netty/netty-codec-socks/4.1.94.Final/netty-codec-socks-4.1.94.Final.jar:/home/runner/.m2/repository/io/netty/netty-tcnative-boringssl-static/2.0.61.Final/netty-tcnative-boringssl-static-2.0.61.Final.jar:/home/runner/.m2/repository/io/netty/netty-tcnative-classes/2.0.61.Final/netty-tcnative-classes-2.0.61.Final.jar:/home/runner/.m2/repository/io/netty/netty-tcnative-boringssl-static/2.0.61.Final/netty-tcnative-boringssl-static-2.0.61.Final-linux-x86_64.jar:/home/runner/.m2/repository/io/netty/netty-tcnative-boringssl-static/2.0.61.Final/netty-tcnative-boringssl-static-2.0.61.Final-linux-aarch_64.jar:/home/runner/.m2/repository/io/netty/netty-tcnative-boringssl-static/2.0.61.Final/netty-tcnative-boringssl-static-2.0.61.Final-osx-x86_64.jar:/home/runner/.m2/repository/io/netty/netty-tcnative-boringssl-static/2.0.61.Final/netty-tcnative-boringssl-static-2.0.61.Final-osx-aarch_64.jar:/home/runner/.m2/repository/io/netty/netty-tcnative-boringssl-static/2.0.61.Final/netty-tcnative-boringssl-static-2.0.61.Final-windows-x86_64.jar:/home/runner/.m2/repository/org/apache/commons/commons-compress/1.21/commons-compress-1.21.jar:/home/runner/.m2/repository/org/apache/ozone/hdds-common/1.4.0-SNAPSHOT/hdds-common-1.4.0-SNAPSHOT.jar:/home/runner/.m2/repository/org/apache/ozone/hdds-client/1.4.0-SNAPSHOT/hdds-client-1.4.0-SNAPSHOT.jar:/home/runner/.m2/repository/org/apache/ozone/ozone-interface-client/1.4.0-SNAPSHOT/ozone-interface-client-1.4.0-SNAPSHOT.jar:/home/runner/.m2/repository/org/apache/hadoop/hadoop-hdfs-client/3.3.6/hadoop-hdfs-client-3.3.6.jar:/home/runner/.m2/repository/com/squareup/okhttp3/okhttp/4.9.3/okhttp-4.9.3.jar:/home/runner/.m2/repository/com/squareup/okio/okio/3.4.0/okio-3.4.0.jar:/home/runner/.m2/repository/com/squareup/okio/okio-jvm/3.4.0/okio-jvm-3.4.0.jar:/home/runner/.m2/repository/org/jetbrains/kotlin/kotlin-stdlib-jdk8/1.8.0/kotlin-stdlib-jdk8-1.8.0.jar:/home/runner/.m2/repository/org/jetbrains/kotlin/kotlin-stdlib-jdk7/1.8.0/kotlin-stdlib-jdk7-1.8.0.jar:/home/runner/.m2/repository/org/jetbrains/kotlin/kotlin-stdlib-common/1.6.21/kotlin-stdlib-common-1.6.21.jar:/home/runner/.m2/repository/org/apache/ozone/hdds-test-utils/1.4.0-SNAPSHOT/hdds-test-utils-1.4.0-SNAPSHOT.jar:/home/runner/.m2/repository/com/google/guava/guava/32.0.0-jre/guava-32.0.0-jre.jar:/home/runner/.m2/repository/com/google/guava/failureaccess/1.0.1/failureaccess-1.0.1.jar:/home/runner/.m2/repository/com/google/guava/listenablefuture/9999.0-empty-to-avoid-conflict-with-guava/listenablefuture-9999.0-empty-to-avoid-conflict-with-guava.jar:/home/runner/.m2/repository/com/google/code/findbugs/jsr305/3.0.0/jsr305-3.0.0.jar:/home/runner/.m2/repository/org/checkerframework/checker-qual/3.33.0/checker-qual-3.33.0.jar:/home/runner/.m2/repository/com/google/j2objc/j2objc-annotations/2.8/j2objc-annotations-2.8.jar:/home/runner/.m2/repository/commons-io/commons-io/2.11.0/commons-io-2.11.0.jar:/home/runner/.m2/repository/commons-logging/commons-logging/1.2/commons-logging-1.2.jar:/home/runner/.m2/repository/ch/qos/reload4j/reload4j/1.2.22/reload4j-1.2.22.jar:/home/runner/.m2/repository/org/slf4j/slf4j-api/1.7.36/slf4j-api-1.7.36.jar:/home/runner/.m2/repository/org/apache/logging/log4j/log4j-api/2.17.1/log4j-api-2.17.1.jar:/home/runner/.m2/repository/org/apache/ozone/hdds-server-scm/1.4.0-SNAPSHOT/hdds-server-scm-1.4.0-SNAPSHOT.jar:/home/runner/.m2/repository/org/apache/ozone/hdds-container-service/1.4.0-SNAPSHOT/hdds-container-service-1.4.0-SNAPSHOT.jar:/home/runner/.m2/repository/org/apache/ozone/hdds-hadoop-dependency-server/1.4.0-SNAPSHOT/hdds-hadoop-dependency-server-1.4.0-SNAPSHOT.jar:/home/runner/.m2/repository/org/apache/hadoop/hadoop-hdfs/3.3.6/hadoop-hdfs-3.3.6.jar:/home/runner/.m2/repository/commons-daemon/commons-daemon/1.0.13/commons-daemon-1.0.13.jar:/home/runner/.m2/repository/org/apache/ozone/hdds-server-framework/1.4.0-SNAPSHOT/hdds-server-framework-1.4.0-SNAPSHOT.jar:/home/runner/.m2/repository/io/dropwizard/metrics/metrics-core/3.2.4/metrics-core-3.2.4.jar:/home/runner/.m2/repository/org/apache/commons/commons-text/1.10.0/commons-text-1.10.0.jar:/home/runner/.m2/repository/org/bouncycastle/bcprov-jdk15on/1.67/bcprov-jdk15on-1.67.jar:/home/runner/.m2/repository/com/google/protobuf/protobuf-java/2.5.0/protobuf-java-2.5.0.jar:/home/runner/.m2/repository/org/apache/ozone/hdds-server-framework/1.4.0-SNAPSHOT/hdds-server-framework-1.4.0-SNAPSHOT-tests.jar:/home/runner/.m2/repository/org/apache/ozone/hdds-interface-server/1.4.0-SNAPSHOT/hdds-interface-server-1.4.0-SNAPSHOT.jar:/home/runner/.m2/repository/org/apache/ozone/hdds-interface-admin/1.4.0-SNAPSHOT/hdds-interface-admin-1.4.0-SNAPSHOT.jar:/home/runner/.m2/repository/org/apache/ozone/hdds-managed-rocksdb/1.4.0-SNAPSHOT/hdds-managed-rocksdb-1.4.0-SNAPSHOT.jar:/home/runner/.m2/repository/org/rocksdb/rocksdbjni/7.7.3/rocksdbjni-7.7.3.jar:/home/runner/.m2/repository/org/slf4j/slf4j-reload4j/1.7.36/slf4j-reload4j-1.7.36.jar:/home/runner/.m2/repository/org/apache/commons/commons-configuration2/2.1.1/commons-configuration2-2.1.1.jar:/home/runner/.m2/repository/commons-fileupload/commons-fileupload/1.5/commons-fileupload-1.5.jar:/home/runner/.m2/repository/org/apache/logging/log4j/log4j-core/2.17.1/log4j-core-2.17.1.jar:/home/runner/.m2/repository/com/lmax/disruptor/3.4.2/disruptor-3.4.2.jar:/home/runner/.m2/repository/org/eclipse/jetty/jetty-util/9.4.51.v20230217/jetty-util-9.4.51.v20230217.jar:/home/runner/.m2/repository/org/eclipse/jetty/jetty-server/9.4.51.v20230217/jetty-server-9.4.51.v20230217.jar:/home/runner/.m2/repository/org/eclipse/jetty/jetty-http/9.4.51.v20230217/jetty-http-9.4.51.v20230217.jar:/home/runner/.m2/repository/org/eclipse/jetty/jetty-io/9.4.51.v20230217/jetty-io-9.4.51.v20230217.jar:/home/runner/.m2/repository/org/eclipse/jetty/jetty-servlet/9.4.51.v20230217/jetty-servlet-9.4.51.v20230217.jar:/home/runner/.m2/repository/org/eclipse/jetty/jetty-security/9.4.51.v20230217/jetty-security-9.4.51.v20230217.jar:/home/runner/.m2/repository/org/eclipse/jetty/jetty-util-ajax/9.4.51.v20230217/jetty-util-ajax-9.4.51.v20230217.jar:/home/runner/.m2/repository/org/eclipse/jetty/jetty-webapp/9.4.51.v20230217/jetty-webapp-9.4.51.v20230217.jar:/home/runner/.m2/repository/org/eclipse/jetty/jetty-xml/9.4.51.v20230217/jetty-xml-9.4.51.v20230217.jar:/home/runner/.m2/repository/org/apache/ratis/ratis-server/2.5.1/ratis-server-2.5.1.jar:/home/runner/.m2/repository/org/apache/ratis/ratis-thirdparty-misc/1.0.4/ratis-thirdparty-misc-1.0.4.jar:/home/runner/.m2/repository/org/apache/ratis/ratis-proto/2.5.1/ratis-proto-2.5.1.jar:/home/runner/.m2/repository/org/apache/ratis/ratis-common/2.5.1/ratis-common-2.5.1.jar:/home/runner/.m2/repository/org/apache/ratis/ratis-client/2.5.1/ratis-client-2.5.1.jar:/home/runner/.m2/repository/org/apache/ratis/ratis-server-api/2.5.1/ratis-server-api-2.5.1.jar:/home/runner/.m2/repository/org/apache/ratis/ratis-metrics/2.5.1/ratis-metrics-2.5.1.jar:/home/runner/.m2/repository/io/prometheus/simpleclient_dropwizard/0.7.0/simpleclient_dropwizard-0.7.0.jar:/home/runner/.m2/repository/io/prometheus/simpleclient/0.7.0/simpleclient-0.7.0.jar:/home/runner/.m2/repository/io/prometheus/simpleclient_common/0.7.0/simpleclient_common-0.7.0.jar:/home/runner/.m2/repository/com/fasterxml/jackson/datatype/jackson-datatype-jsr310/2.13.4/jackson-datatype-jsr310-2.13.4.jar:/home/runner/.m2/repository/com/fasterxml/jackson/core/jackson-core/2.13.4/jackson-core-2.13.4.jar:/home/runner/.m2/repository/com/github/spotbugs/spotbugs-annotations/3.1.12/spotbugs-annotations-3.1.12.jar:/home/runner/.m2/repository/org/apache/ozone/rocksdb-checkpoint-differ/1.4.0-SNAPSHOT/rocksdb-checkpoint-differ-1.4.0-SNAPSHOT.jar:/home/runner/.m2/repository/org/jgrapht/jgrapht-core/1.0.1/jgrapht-core-1.0.1.jar:/home/runner/.m2/repository/org/jgrapht/jgrapht-ext/1.0.1/jgrapht-ext-1.0.1.jar:/home/runner/.m2/repository/org/tinyjee/jgraphx/jgraphx/2.0.0.1/jgraphx-2.0.0.1.jar:/home/runner/.m2/repository/jgraph/jgraph/5.13.0.0/jgraph-5.13.0.0.jar:/home/runner/.m2/repository/org/antlr/antlr4-runtime/4.5.3/antlr4-runtime-4.5.3.jar:/home/runner/.m2/repository/org/awaitility/awaitility/4.2.0/awaitility-4.2.0.jar:/home/runner/.m2/repository/org/hamcrest/hamcrest/2.1/hamcrest-2.1.jar:/home/runner/.m2/repository/org/apache/ozone/ozone-manager/1.4.0-SNAPSHOT/ozone-manager-1.4.0-SNAPSHOT.jar:/home/runner/.m2/repository/org/aspectj/aspectjrt/1.9.7/aspectjrt-1.9.7.jar:/home/runner/.m2/repository/org/aspectj/aspectjweaver/1.9.7/aspectjweaver-1.9.7.jar:/home/runner/.m2/repository/org/apache/ozone/hdds-interface-client/1.4.0-SNAPSHOT/hdds-interface-client-1.4.0-SNAPSHOT.jar:/home/runner/.m2/repository/org/apache/hadoop/thirdparty/hadoop-shaded-protobuf_3_7/1.1.1/hadoop-shaded-protobuf_3_7-1.1.1.jar:/home/runner/.m2/repository/org/apache/ozone/ozone-interface-storage/1.4.0-SNAPSHOT/ozone-interface-storage-1.4.0-SNAPSHOT.jar:/home/runner/.m2/repository/org/reflections/reflections/0.9.11/reflections-0.9.11.jar:/home/runner/.m2/repository/com/sun/jersey/jersey-client/1.19/jersey-client-1.19.jar:/home/runner/.m2/repository/org/codehaus/jackson/jackson-core-asl/1.9.13/jackson-core-asl-1.9.13.jar:/home/runner/.m2/repository/org/codehaus/jackson/jackson-mapper-asl/1.9.13/jackson-mapper-asl-1.9.13.jar:/home/runner/.m2/repository/org/codehaus/jackson/jackson-jaxrs/1.9.13/jackson-jaxrs-1.9.13.jar:/home/runner/.m2/repository/org/apache/ranger/ranger-intg/2.3.0/ranger-intg-2.3.0.jar:/home/runner/.m2/repository/org/apache/ranger/ranger-plugins-common/2.3.0/ranger-plugins-common-2.3.0.jar:/home/runner/.m2/repository/commons-lang/commons-lang/2.6/commons-lang-2.6.jar:/home/runner/.m2/repository/org/apache/ranger/ranger-plugins-cred/2.3.0/ranger-plugins-cred-2.3.0.jar:/home/runner/.m2/repository/org/apache/ranger/ranger-plugins-audit/2.3.0/ranger-plugins-audit-2.3.0.jar:/home/runner/.m2/repository/org/eclipse/jetty/jetty-client/9.4.51.v20230217/jetty-client-9.4.51.v20230217.jar:/home/runner/.m2/repository/org/apache/httpcomponents/httpmime/4.5.6/httpmime-4.5.6.jar:/home/runner/.m2/repository/org/apache/httpcomponents/httpcore-nio/4.4.13/httpcore-nio-4.4.13.jar:/home/runner/.m2/repository/org/apache/httpcomponents/httpasyncclient/4.1.3/httpasyncclient-4.1.3.jar:/home/runner/.m2/repository/com/carrotsearch/hppc/0.8.0/hppc-0.8.0.jar:/home/runner/.m2/repository/org/apache/orc/orc-core/1.5.8/orc-core-1.5.8.jar:/home/runner/.m2/repository/net/java/dev/jna/jna/5.2.0/jna-5.2.0.jar:/home/runner/.m2/repository/net/java/dev/jna/jna-platform/5.2.0/jna-platform-5.2.0.jar:/home/runner/.m2/repository/com/kstruct/gethostname4j/0.0.2/gethostname4j-0.0.2.jar:/home/runner/.m2/repository/org/apache/ranger/ranger-plugin-classloader/2.3.0/ranger-plugin-classloader-2.3.0.jar:/home/runner/.m2/repository/org/apache/ozone/hdds-rocks-native/1.4.0-SNAPSHOT/hdds-rocks-native-1.4.0-SNAPSHOT.jar:/home/runner/.m2/repository/org/apache/hadoop/hadoop-minikdc/3.3.6/hadoop-minikdc-3.3.6.jar:/home/runner/.m2/repository/org/apache/kerby/kerb-simplekdc/1.0.1/kerb-simplekdc-1.0.1.jar:/home/runner/.m2/repository/org/apache/kerby/kerb-client/1.0.1/kerb-client-1.0.1.jar:/home/runner/.m2/repository/org/apache/kerby/kerby-config/1.0.1/kerby-config-1.0.1.jar:/home/runner/.m2/repository/org/apache/kerby/kerb-common/1.0.1/kerb-common-1.0.1.jar:/home/runner/.m2/repository/org/apache/kerby/kerb-crypto/1.0.1/kerb-crypto-1.0.1.jar:/home/runner/.m2/repository/org/apache/kerby/kerb-util/1.0.1/kerb-util-1.0.1.jar:/home/runner/.m2/repository/org/apache/kerby/token-provider/1.0.1/token-provider-1.0.1.jar:/home/runner/.m2/repository/org/apache/kerby/kerb-admin/1.0.1/kerb-admin-1.0.1.jar:/home/runner/.m2/repository/org/apache/kerby/kerb-server/1.0.1/kerb-server-1.0.1.jar:/home/runner/.m2/repository/org/apache/kerby/kerb-identity/1.0.1/kerb-identity-1.0.1.jar:/home/runner/.m2/repository/org/apache/kerby/kerby-xdr/1.0.1/kerby-xdr-1.0.1.jar:/home/runner/.m2/repository/org/apache/ozone/ozone-s3gateway/1.4.0-SNAPSHOT/ozone-s3gateway-1.4.0-SNAPSHOT.jar:/home/runner/.m2/repository/org/javassist/javassist/3.21.0-GA/javassist-3.21.0-GA.jar:/home/runner/.m2/repository/org/jboss/weld/servlet/weld-servlet-shaded/3.1.9.Final/weld-servlet-shaded-3.1.9.Final.jar:/home/runner/.m2/repository/org/glassfish/jersey/containers/jersey-container-servlet-core/2.34/jersey-container-servlet-core-2.34.jar:/home/runner/.m2/repository/org/glassfish/hk2/external/jakarta.inject/2.6.1/jakarta.inject-2.6.1.jar:/home/runner/.m2/repository/org/glassfish/jersey/core/jersey-common/2.34/jersey-common-2.34.jar:/home/runner/.m2/repository/jakarta/ws/rs/jakarta.ws.rs-api/2.1.6/jakarta.ws.rs-api-2.1.6.jar:/home/runner/.m2/repository/org/glassfish/jersey/ext/cdi/jersey-cdi1x/2.34/jersey-cdi1x-2.34.jar:/home/runner/.m2/repository/org/glassfish/jersey/inject/jersey-hk2/2.34/jersey-hk2-2.34.jar:/home/runner/.m2/repository/org/glassfish/hk2/hk2-locator/2.6.1/hk2-locator-2.6.1.jar:/home/runner/.m2/repository/org/glassfish/jersey/media/jersey-media-jaxb/2.34/jersey-media-jaxb-2.34.jar:/home/runner/.m2/repository/org/glassfish/hk2/osgi-resource-locator/1.0.3/osgi-resource-locator-1.0.3.jar:/home/runner/.m2/repository/org/glassfish/hk2/hk2-api/2.5.0/hk2-api-2.5.0.jar:/home/runner/.m2/repository/org/glassfish/hk2/hk2-utils/2.5.0/hk2-utils-2.5.0.jar:/home/runner/.m2/repository/org/glassfish/hk2/external/aopalliance-repackaged/2.5.0/aopalliance-repackaged-2.5.0.jar:/home/runner/.m2/repository/com/fasterxml/jackson/dataformat/jackson-dataformat-xml/2.13.4/jackson-dataformat-xml-2.13.4.jar:/home/runner/.m2/repository/org/codehaus/woodstox/stax2-api/4.2.1/stax2-api-4.2.1.jar:/home/runner/.m2/repository/com/fasterxml/woodstox/woodstox-core/5.4.0/woodstox-core-5.4.0.jar:/home/runner/.m2/repository/com/fasterxml/jackson/module/jackson-module-jaxb-annotations/2.13.4/jackson-module-jaxb-annotations-2.13.4.jar:/home/runner/.m2/repository/jakarta/xml/bind/jakarta.xml.bind-api/2.3.3/jakarta.xml.bind-api-2.3.3.jar:/home/runner/.m2/repository/jakarta/activation/jakarta.activation-api/1.2.2/jakarta.activation-api-1.2.2.jar:/home/runner/.m2/repository/javax/enterprise/cdi-api/2.0/cdi-api-2.0.jar:/home/runner/.m2/repository/javax/el/javax.el-api/3.0.0/javax.el-api-3.0.0.jar:/home/runner/.m2/repository/javax/interceptor/javax.interceptor-api/1.2/javax.interceptor-api-1.2.jar:/home/runner/.m2/repository/javax/inject/javax.inject/1/javax.inject-1.jar:/home/runner/.m2/repository/javax/xml/bind/jaxb-api/2.3.0/jaxb-api-2.3.0.jar:/home/runner/.m2/repository/org/glassfish/jaxb/jaxb-runtime/2.3.0.1/jaxb-runtime-2.3.0.1.jar:/home/runner/.m2/repository/org/glassfish/jaxb/jaxb-core/2.3.0.1/jaxb-core-2.3.0.1.jar:/home/runner/.m2/repository/org/glassfish/jaxb/txw2/2.3.0.1/txw2-2.3.0.1.jar:/home/runner/.m2/repository/com/sun/istack/istack-commons-runtime/3.0.5/istack-commons-runtime-3.0.5.jar:/home/runner/.m2/repository/org/jvnet/staxex/stax-ex/1.7.8/stax-ex-1.7.8.jar:/home/runner/.m2/repository/com/sun/xml/fastinfoset/FastInfoset/1.2.13/FastInfoset-1.2.13.jar:/home/runner/.m2/repository/javax/activation/activation/1.1.1/activation-1.1.1.jar:/home/runner/.m2/repository/io/grpc/grpc-protobuf/1.51.1/grpc-protobuf-1.51.1.jar:/home/runner/.m2/repository/com/google/api/grpc/proto-google-common-protos/2.9.0/proto-google-common-protos-2.9.0.jar:/home/runner/.m2/repository/io/grpc/grpc-protobuf-lite/1.51.1/grpc-protobuf-lite-1.51.1.jar:/home/runner/.m2/repository/io/grpc/grpc-stub/1.51.1/grpc-stub-1.51.1.jar:/home/runner/.m2/repository/io/netty/netty-transport/4.1.94.Final/netty-transport-4.1.94.Final.jar:/home/runner/.m2/repository/io/netty/netty-resolver/4.1.94.Final/netty-resolver-4.1.94.Final.jar:/home/runner/.m2/repository/org/apache/ozone/ozone-csi/1.4.0-SNAPSHOT/ozone-csi-1.4.0-SNAPSHOT.jar:/home/runner/.m2/repository/com/google/protobuf/protobuf-java-util/3.19.6/protobuf-java-util-3.19.6.jar:/home/runner/.m2/repository/com/google/code/gson/gson/2.9.0/gson-2.9.0.jar:/home/runner/.m2/repository/org/apache/ozone/hdds-config/1.4.0-SNAPSHOT/hdds-config-1.4.0-SNAPSHOT.jar:/home/runner/.m2/repository/io/netty/netty-transport-native-epoll/4.1.94.Final/netty-transport-native-epoll-4.1.94.Final-linux-x86_64.jar:/home/runner/.m2/repository/io/netty/netty-transport-classes-epoll/4.1.94.Final/netty-transport-classes-epoll-4.1.94.Final.jar:/home/runner/.m2/repository/io/netty/netty-transport-native-unix-common/4.1.94.Final/netty-transport-native-unix-common-4.1.94.Final.jar:/home/runner/.m2/repository/org/apache/ozone/ozone-recon/1.4.0-SNAPSHOT/ozone-recon-1.4.0-SNAPSHOT.jar:/home/runner/.m2/repository/org/apache/ozone/ozone-reconcodegen/1.4.0-SNAPSHOT/ozone-reconcodegen-1.4.0-SNAPSHOT.jar:/home/runner/.m2/repository/com/google/inject/guice/5.1.0/guice-5.1.0.jar:/home/runner/.m2/repository/aopalliance/aopalliance/1.0/aopalliance-1.0.jar:/home/runner/.m2/repository/com/google/inject/extensions/guice-assistedinject/5.1.0/guice-assistedinject-5.1.0.jar:/home/runner/.m2/repository/com/google/inject/extensions/guice-servlet/5.1.0/guice-servlet-5.1.0.jar:/home/runner/.m2/repository/org/glassfish/jersey/containers/jersey-container-servlet/2.34/jersey-container-servlet-2.34.jar:/home/runner/.m2/repository/org/glassfish/hk2/guice-bridge/2.5.0/guice-bridge-2.5.0.jar:/home/runner/.m2/repository/org/glassfish/jersey/core/jersey-server/2.34/jersey-server-2.34.jar:/home/runner/.m2/repository/org/glassfish/jersey/core/jersey-client/2.34/jersey-client-2.34.jar:/home/runner/.m2/repository/jakarta/annotation/jakarta.annotation-api/1.3.5/jakarta.annotation-api-1.3.5.jar:/home/runner/.m2/repository/jakarta/validation/jakarta.validation-api/2.0.2/jakarta.validation-api-2.0.2.jar:/home/runner/.m2/repository/org/glassfish/jersey/media/jersey-media-json-jackson/2.34/jersey-media-json-jackson-2.34.jar:/home/runner/.m2/repository/org/glassfish/jersey/ext/jersey-entity-filtering/2.34/jersey-entity-filtering-2.34.jar:/home/runner/.m2/repository/org/jooq/jooq/3.11.10/jooq-3.11.10.jar:/home/runner/.m2/repository/org/jooq/jooq-meta/3.11.10/jooq-meta-3.11.10.jar:/home/runner/.m2/repository/org/jooq/jooq-codegen/3.11.10/jooq-codegen-3.11.10.jar:/home/runner/.m2/repository/com/jolbox/bonecp/0.8.0.RELEASE/bonecp-0.8.0.RELEASE.jar:/home/runner/.m2/repository/org/apache/derby/derby/10.14.2.0/derby-10.14.2.0.jar:/home/runner/.m2/repository/org/xerial/sqlite-jdbc/3.41.2.2/sqlite-jdbc-3.41.2.2.jar:/home/runner/.m2/repository/org/springframework/spring-jdbc/5.3.27/spring-jdbc-5.3.27.jar:/home/runner/.m2/repository/org/springframework/spring-beans/5.3.27/spring-beans-5.3.27.jar:/home/runner/.m2/repository/org/springframework/spring-core/5.3.27/spring-core-5.3.27.jar:/home/runner/.m2/repository/org/springframework/spring-tx/5.3.27/spring-tx-5.3.27.jar:/home/runner/.m2/repository/org/apache/ozone/ozone-client/1.4.0-SNAPSHOT/ozone-client-1.4.0-SNAPSHOT.jar:/home/runner/.m2/repository/org/apache/ozone/hdds-erasurecode/1.4.0-SNAPSHOT/hdds-erasurecode-1.4.0-SNAPSHOT.jar:/home/runner/.m2/repository/org/apache/ozone/ozone-filesystem/1.4.0-SNAPSHOT/ozone-filesystem-1.4.0-SNAPSHOT.jar:/home/runner/.m2/repository/org/apache/ozone/ozone-filesystem-common/1.4.0-SNAPSHOT/ozone-filesystem-common-1.4.0-SNAPSHOT.jar:/home/runner/.m2/repository/org/apache/ozone/ozone-tools/1.4.0-SNAPSHOT/ozone-tools-1.4.0-SNAPSHOT.jar:/home/runner/.m2/repository/com/amazonaws/aws-java-sdk-core/1.12.261/aws-java-sdk-core-1.12.261.jar:/home/runner/.m2/repository/org/apache/httpcomponents/httpclient/4.5.13/httpclient-4.5.13.jar:/home/runner/.m2/repository/org/apache/httpcomponents/httpcore/4.4.13/httpcore-4.4.13.jar:/home/runner/.m2/repository/software/amazon/ion/ion-java/1.0.2/ion-java-1.0.2.jar:/home/runner/.m2/repository/com/fasterxml/jackson/dataformat/jackson-dataformat-cbor/2.13.4/jackson-dataformat-cbor-2.13.4.jar:/home/runner/.m2/repository/joda-time/joda-time/2.10.6/joda-time-2.10.6.jar:/home/runner/.m2/repository/com/amazonaws/aws-java-sdk-s3/1.12.261/aws-java-sdk-s3-1.12.261.jar:/home/runner/.m2/repository/com/amazonaws/aws-java-sdk-kms/1.12.261/aws-java-sdk-kms-1.12.261.jar:/home/runner/.m2/repository/com/amazonaws/jmespath-java/1.12.261/jmespath-java-1.12.261.jar:/home/runner/.m2/repository/org/kohsuke/metainf-services/metainf-services/1.8/metainf-services-1.8.jar:/home/runner/.m2/repository/org/apache/ozone/hdds-tools/1.4.0-SNAPSHOT/hdds-tools-1.4.0-SNAPSHOT.jar:/home/runner/.m2/repository/org/apache/ratis/ratis-tools/2.5.1/ratis-tools-2.5.1.jar:/home/runner/.m2/repository/commons-cli/commons-cli/1.2/commons-cli-1.2.jar:/home/runner/.m2/repository/org/apache/commons/commons-lang3/3.7/commons-lang3-3.7.jar:/home/runner/.m2/repository/org/apache/ozone/ozone-manager/1.4.0-SNAPSHOT/ozone-manager-1.4.0-SNAPSHOT-tests.jar:/home/runner/.m2/repository/org/apache/ozone/hdds-common/1.4.0-SNAPSHOT/hdds-common-1.4.0-SNAPSHOT-tests.jar:/home/runner/.m2/repository/org/apache/ozone/hdds-hadoop-dependency-client/1.4.0-SNAPSHOT/hdds-hadoop-dependency-client-1.4.0-SNAPSHOT.jar:/home/runner/.m2/repository/info/picocli/picocli/4.6.1/picocli-4.6.1.jar:/home/runner/.m2/repository/com/fasterxml/jackson/core/jackson-annotations/2.13.4/jackson-annotations-2.13.4.jar:/home/runner/.m2/repository/org/apache/ozone/hdds-annotation-processing/1.4.0-SNAPSHOT/hdds-annotation-processing-1.4.0-SNAPSHOT.jar:/home/runner/.m2/repository/javax/annotation/javax.annotation-api/1.2/javax.annotation-api-1.2.jar:/home/runner/.m2/repository/org/apache/ratis/ratis-netty/2.5.1/ratis-netty-2.5.1.jar:/home/runner/.m2/repository/org/apache/ratis/ratis-grpc/2.5.1/ratis-grpc-2.5.1.jar:/home/runner/.m2/repository/org/apache/commons/commons-pool2/2.6.0/commons-pool2-2.6.0.jar:/home/runner/.m2/repository/org/bouncycastle/bcpkix-jdk15on/1.67/bcpkix-jdk15on-1.67.jar:/home/runner/.m2/repository/commons-validator/commons-validator/1.6/commons-validator-1.6.jar:/home/runner/.m2/repository/commons-beanutils/commons-beanutils/1.9.4/commons-beanutils-1.9.4.jar:/home/runner/.m2/repository/commons-digester/commons-digester/1.8.1/commons-digester-1.8.1.jar:/home/runner/.m2/repository/commons-collections/commons-collections/3.2.2/commons-collections-3.2.2.jar:/home/runner/.m2/repository/io/jaegertracing/jaeger-client/1.6.0/jaeger-client-1.6.0.jar:/home/runner/.m2/repository/io/jaegertracing/jaeger-thrift/1.6.0/jaeger-thrift-1.6.0.jar:/home/runner/.m2/repository/org/apache/thrift/libthrift/0.14.1/libthrift-0.14.1.jar:/home/runner/.m2/repository/io/jaegertracing/jaeger-core/1.6.0/jaeger-core-1.6.0.jar:/home/runner/.m2/repository/io/jaegertracing/jaeger-tracerresolver/1.6.0/jaeger-tracerresolver-1.6.0.jar:/home/runner/.m2/repository/io/opentracing/contrib/opentracing-tracerresolver/0.1.8/opentracing-tracerresolver-0.1.8.jar:/home/runner/.m2/repository/org/jetbrains/kotlin/kotlin-stdlib/1.6.21/kotlin-stdlib-1.6.21.jar:/home/runner/.m2/repository/org/jetbrains/annotations/13.0/annotations-13.0.jar:/home/runner/.m2/repository/io/opentracing/opentracing-util/0.33.0/opentracing-util-0.33.0.jar:/home/runner/.m2/repository/io/opentracing/opentracing-api/0.33.0/opentracing-api-0.33.0.jar:/home/runner/.m2/repository/io/opentracing/opentracing-noop/0.33.0/opentracing-noop-0.33.0.jar:/home/runner/.m2/repository/org/yaml/snakeyaml/2.0/snakeyaml-2.0.jar:/home/runner/.m2/repository/io/grpc/grpc-api/1.51.1/grpc-api-1.51.1.jar:/home/runner/.m2/repository/io/grpc/grpc-context/1.51.1/grpc-context-1.51.1.jar:/home/runner/.m2/repository/junit/junit/4.13.1/junit-4.13.1.jar:/home/runner/.m2/repository/org/hamcrest/hamcrest-core/1.3/hamcrest-core-1.3.jar:/home/runner/.m2/repository/org/junit/jupiter/junit-jupiter-api/5.8.2/junit-jupiter-api-5.8.2.jar:/home/runner/.m2/repository/org/opentest4j/opentest4j/1.2.0/opentest4j-1.2.0.jar:/home/runner/.m2/repository/org/junit/platform/junit-platform-commons/1.8.2/junit-platform-commons-1.8.2.jar:/home/runner/.m2/repository/org/apiguardian/apiguardian-api/1.1.2/apiguardian-api-1.1.2.jar:/home/runner/.m2/repository/org/junit/jupiter/junit-jupiter-params/5.8.2/junit-jupiter-params-5.8.2.jar:/home/runner/.m2/repository/org/junit/jupiter/junit-jupiter-migrationsupport/5.8.2/junit-jupiter-migrationsupport-5.8.2.jar:/home/runner/.m2/repository/org/junit/jupiter/junit-jupiter-engine/5.8.2/junit-jupiter-engine-5.8.2.jar:/home/runner/.m2/repository/org/junit/platform/junit-platform-engine/1.8.2/junit-platform-engine-1.8.2.jar:/home/runner/.m2/repository/org/junit/vintage/junit-vintage-engine/5.8.2/junit-vintage-engine-5.8.2.jar:/home/runner/.m2/repository/org/junit/platform/junit-platform-launcher/1.8.2/junit-platform-launcher-1.8.2.jar:/home/runner/.m2/repository/org/mockito/mockito-core/3.5.9/mockito-core-3.5.9.jar:/home/runner/.m2/repository/net/bytebuddy/byte-buddy/1.10.13/byte-buddy-1.10.13.jar:/home/runner/.m2/repository/net/bytebuddy/byte-buddy-agent/1.10.13/byte-buddy-agent-1.10.13.jar:/home/runner/.m2/repository/org/objenesis/objenesis/1.0/objenesis-1.0.jar:/home/runner/.m2/repository/org/apache/hadoop/hadoop-kms/3.3.6/hadoop-kms-3.3.6.jar:/home/runner/.m2/repository/org/apache/hadoop/hadoop-auth/3.3.6/hadoop-auth-3.3.6.jar:/home/runner/.m2/repository/com/nimbusds/nimbus-jose-jwt/9.8.1/nimbus-jose-jwt-9.8.1.jar:/home/runner/.m2/repository/com/github/stephenc/jcip/jcip-annotations/1.0-1/jcip-annotations-1.0-1.jar:/home/runner/.m2/repository/org/apache/zookeeper/zookeeper/3.5.6/zookeeper-3.5.6.jar:/home/runner/.m2/repository/org/apache/zookeeper/zookeeper-jute/3.5.6/zookeeper-jute-3.5.6.jar:/home/runner/.m2/repository/org/apache/yetus/audience-annotations/0.5.0/audience-annotations-0.5.0.jar:/home/runner/.m2/repository/org/apache/curator/curator-framework/4.2.0/curator-framework-4.2.0.jar:/home/runner/.m2/repository/org/apache/hadoop/thirdparty/hadoop-shaded-guava/1.1.1/hadoop-shaded-guava-1.1.1.jar:/home/runner/.m2/repository/com/sun/jersey/jersey-core/1.19/jersey-core-1.19.jar:/home/runner/.m2/repository/javax/ws/rs/jsr311-api/1.1.1/jsr311-api-1.1.1.jar:/home/runner/.m2/repository/com/sun/jersey/jersey-server/1.19/jersey-server-1.19.jar:/home/runner/.m2/repository/javax/servlet/javax.servlet-api/3.1.0/javax.servlet-api-3.1.0.jar:/home/runner/.m2/repository/org/apache/hadoop/hadoop-common/3.3.6/hadoop-common-3.3.6.jar:/home/runner/.m2/repository/org/apache/commons/commons-math3/3.1.1/commons-math3-3.1.1.jar:/home/runner/.m2/repository/commons-net/commons-net/3.9.0/commons-net-3.9.0.jar:/home/runner/.m2/repository/com/sun/jersey/jersey-servlet/1.19/jersey-servlet-1.19.jar:/home/runner/.m2/repository/com/github/pjfanning/jersey-json/1.20/jersey-json-1.20.jar:/home/runner/.m2/repository/org/codehaus/jettison/jettison/1.1/jettison-1.1.jar:/home/runner/.m2/repository/com/sun/xml/bind/jaxb-impl/2.2.3-1/jaxb-impl-2.2.3-1.jar:/home/runner/.m2/repository/com/google/re2j/re2j/1.1/re2j-1.1.jar:/home/runner/.m2/repository/com/jcraft/jsch/0.1.54/jsch-0.1.54.jar:/home/runner/.m2/repository/org/apache/curator/curator-client/4.2.0/curator-client-4.2.0.jar:/home/runner/.m2/repository/org/apache/curator/curator-recipes/5.2.0/curator-recipes-5.2.0.jar:/home/runner/.m2/repository/org/apache/kerby/kerb-core/1.0.1/kerb-core-1.0.1.jar:/home/runner/.m2/repository/org/apache/kerby/kerby-pkix/1.0.1/kerby-pkix-1.0.1.jar:/home/runner/.m2/repository/org/apache/kerby/kerby-asn1/1.0.1/kerby-asn1-1.0.1.jar:/home/runner/.m2/repository/org/apache/kerby/kerby-util/1.0.1/kerby-util-1.0.1.jar:/home/runner/.m2/repository/dnsjava/dnsjava/2.1.7/dnsjava-2.1.7.jar:/home/runner/.m2/repository/org/xerial/snappy/snappy-java/1.1.8.2/snappy-java-1.1.8.2.jar:/home/runner/.m2/repository/com/fasterxml/jackson/core/jackson-databind/2.13.4.2/jackson-databind-2.13.4.2.jar:/home/runner/.m2/repository/org/apache/hadoop/hadoop-kms/3.3.6/hadoop-kms-3.3.6-tests.jar:/home/runner/.m2/repository/org/apache/ozone/hdds-server-scm/1.4.0-SNAPSHOT/hdds-server-scm-1.4.0-SNAPSHOT-tests.jar:/home/runner/.m2/repository/org/apache/ozone/hdds-container-service/1.4.0-SNAPSHOT/hdds-container-service-1.4.0-SNAPSHOT-tests.jar:/home/runner/.m2/repository/com/github/luben/zstd-jni/1.5.2-5/zstd-jni-1.5.2-5.jar:/home/runner/.m2/repository/commons-codec/commons-codec/1.15/commons-codec-1.15.jar:/home/runner/.m2/repository/io/netty/netty-codec/4.1.94.Final/netty-codec-4.1.94.Final.jar:/home/runner/.m2/repository/io/netty/netty-handler/4.1.94.Final/netty-handler-4.1.94.Final.jar:/home/runner/.m2/repository/org/apache/ozone/hdds-hadoop-dependency-test/1.4.0-SNAPSHOT/hdds-hadoop-dependency-test-1.4.0-SNAPSHOT.jar:/home/runner/.m2/repository/org/apache/hadoop/hadoop-common/3.3.6/hadoop-common-3.3.6-tests.jar:/home/runner/.m2/repository/org/apache/hadoop/hadoop-hdfs/3.3.6/hadoop-hdfs-3.3.6-tests.jar:/home/runner/.m2/repository/org/assertj/assertj-core/3.12.2/assertj-core-3.12.2.jar:/home/runner/.m2/repository/org/apache/hadoop/hadoop-distcp/3.3.6/hadoop-distcp-3.3.6.jar:/home/runner/.m2/repository/org/apache/hadoop/hadoop-mapreduce-client-jobclient/3.3.6/hadoop-mapreduce-client-jobclient-3.3.6.jar:/home/runner/.m2/repository/org/apache/hadoop/hadoop-mapreduce-client-common/3.3.6/hadoop-mapreduce-client-common-3.3.6.jar:/home/runner/.m2/repository/org/apache/hadoop/hadoop-yarn-common/3.3.6/hadoop-yarn-common-3.3.6.jar:/home/runner/.m2/repository/org/apache/hadoop/hadoop-yarn-api/3.3.6/hadoop-yarn-api-3.3.6.jar:/home/runner/.m2/repository/com/sun/jersey/contribs/jersey-guice/1.19/jersey-guice-1.19.jar:/home/runner/.m2/repository/com/fasterxml/jackson/jaxrs/jackson-jaxrs-json-provider/2.13.4/jackson-jaxrs-json-provider-2.13.4.jar:/home/runner/.m2/repository/com/fasterxml/jackson/jaxrs/jackson-jaxrs-base/2.13.4/jackson-jaxrs-base-2.13.4.jar:/home/runner/.m2/repository/org/apache/hadoop/hadoop-yarn-client/3.3.6/hadoop-yarn-client-3.3.6.jar:/home/runner/.m2/repository/org/eclipse/jetty/websocket/websocket-client/9.4.51.v20230217/websocket-client-9.4.51.v20230217.jar:/home/runner/.m2/repository/org/eclipse/jetty/websocket/websocket-common/9.4.51.v20230217/websocket-common-9.4.51.v20230217.jar:/home/runner/.m2/repository/org/eclipse/jetty/websocket/websocket-api/9.4.51.v20230217/websocket-api-9.4.51.v20230217.jar:/home/runner/.m2/repository/org/jline/jline/3.9.0/jline-3.9.0.jar:/home/runner/.m2/repository/org/apache/hadoop/hadoop-mapreduce-client-core/3.3.6/hadoop-mapreduce-client-core-3.3.6.jar:/home/runner/.m2/repository/org/apache/avro/avro/1.7.7/avro-1.7.7.jar:/home/runner/.m2/repository/com/thoughtworks/paranamer/paranamer/2.3/paranamer-2.3.jar:/home/runner/.m2/repository/org/apache/hadoop/hadoop-annotations/3.3.6/hadoop-annotations-3.3.6.jar:/usr/lib/jvm/temurin-8-jdk-amd64/jre/../lib/tools.jar:/home/runner/.m2/repository/io/netty/netty/3.10.6.Final/netty-3.10.6.Final.jar:/home/runner/.m2/repository/org/apache/hadoop/hadoop-distcp/3.3.6/hadoop-distcp-3.3.6-tests.jar:/home/runner/.m2/repository/org/slf4j/jul-to-slf4j/1.7.36/jul-to-slf4j-1.7.36.jar:
STARTUP_MSG:   build = https://github.com/apache/ozone/f3cdbd9592edbc85d038e4c36ffa8bfba92ad227 ; compiled by 'runner' on 2023-09-07T08:33Z
STARTUP_MSG:   java = 1.8.0_382
STARTUP_MSG:   conf = {dfs.container.chunk.write.sync=false, dfs.container.ipc=9859, dfs.container.ipc.random.port=false, dfs.container.ratis.admin.port=9857, dfs.container.ratis.datastream.enabled=false, dfs.container.ratis.datastream.port=9855, dfs.container.ratis.datastream.random.port=false, dfs.container.ratis.enabled=false, dfs.container.ratis.ipc=9858, dfs.container.ratis.ipc.random.port=false, dfs.container.ratis.leader.pending.bytes.limit=1GB, dfs.container.ratis.log.appender.queue.byte-limit=32MB, dfs.container.ratis.log.appender.queue.num-elements=1, dfs.container.ratis.log.purge.gap=1000000, dfs.container.ratis.log.queue.byte-limit=4GB, dfs.container.ratis.log.queue.num-elements=1024, dfs.container.ratis.num.container.op.executors=10, dfs.container.ratis.num.write.chunk.threads.per.volume=4, dfs.container.ratis.replication.level=MAJORITY, dfs.container.ratis.rpc.type=GRPC, dfs.container.ratis.segment.preallocated.size=16KB, dfs.container.ratis.segment.size=1MB, dfs.container.ratis.server.port=9856, dfs.container.ratis.statemachine.max.pending.apply-transactions=10000, dfs.container.ratis.statemachinedata.sync.retries=-1, dfs.container.ratis.statemachinedata.sync.timeout=10s, dfs.ratis.leader.election.minimum.timeout.duration=5s, dfs.ratis.server.retry-cache.timeout.duration=600000ms, dfs.ratis.snapshot.threshold=10000, hadoop.hdds.db.rocksdb.WAL_size_limit_MB=0MB, hadoop.hdds.db.rocksdb.WAL_ttl_seconds=1200, hadoop.hdds.db.rocksdb.logging.enabled=false, hadoop.hdds.db.rocksdb.logging.level=INFO, hadoop.hdds.db.rocksdb.writeoption.sync=false, hdds.block.token.enabled=false, hdds.block.token.expiry.time=1d, hdds.command.status.report.interval=30s, hdds.container.action.max.limit=20, hdds.container.balancer.balancing.iteration.interval=70m, hdds.container.balancer.datanodes.involved.max.percentage.per.iteration=20, hdds.container.balancer.iterations=10, hdds.container.balancer.move.networkTopology.enable=false, hdds.container.balancer.move.replication.timeout=50m, hdds.container.balancer.move.timeout=65m, hdds.container.balancer.size.entering.target.max=26GB, hdds.container.balancer.size.leaving.source.max=26GB, hdds.container.balancer.size.moved.max.per.iteration=500GB, hdds.container.balancer.trigger.du.before.move.enable=false, hdds.container.balancer.utilization.threshold=10, hdds.container.checksum.verification.enabled=true, hdds.container.close.threshold=0.9f, hdds.container.replication.compression=NO_COMPRESSION, hdds.container.report.interval=60m, hdds.container.scrub.data.scan.interval=7d, hdds.container.scrub.dev.data.scan.enabled=true, hdds.container.scrub.dev.metadata.scan.enabled=true, hdds.container.scrub.enabled=false, hdds.container.scrub.metadata.scan.interval=3h, hdds.container.scrub.min.gap=15m, hdds.container.scrub.on.demand.volume.bytes.per.second=5242880, hdds.container.scrub.volume.bytes.per.second=5242880, hdds.container.token.enabled=false, hdds.crl.status.report.interval=60000ms, hdds.datanode.block.delete.queue.limit=5, hdds.datanode.block.delete.threads.max=5, hdds.datanode.block.deleting.limit.per.interval=5000, hdds.datanode.block.deleting.service.interval=60s, hdds.datanode.chunk.data.validation.check=false, hdds.datanode.client.bind.host=0.0.0.0, hdds.datanode.client.port=9864, hdds.datanode.command.queue.limit=5000, hdds.datanode.container.delete.threads.max=2, hdds.datanode.container.schema.v3.enabled=true, hdds.datanode.container.schema.v3.key.separator=|, hdds.datanode.df.refresh.period=5m, hdds.datanode.disk.check.io.failures.tolerated=1, hdds.datanode.disk.check.io.file.size=100B, hdds.datanode.disk.check.io.test.count=3, hdds.datanode.disk.check.min.gap=10m, hdds.datanode.disk.check.timeout=10m, hdds.datanode.du.factory.classname=org.apache.hadoop.hdds.fs.MockSpaceUsageCheckFactory$None, hdds.datanode.du.refresh.period=1h, hdds.datanode.failed.data.volumes.tolerated=-1, hdds.datanode.failed.db.volumes.tolerated=-1, hdds.datanode.failed.metadata.volumes.tolerated=-1, hdds.datanode.handler.count=1, hdds.datanode.hdds.datanode.check.empty.container.dir.on.delete=false, hdds.datanode.http-address=0.0.0.0:9882, hdds.datanode.http-bind-host=0.0.0.0, hdds.datanode.http.auth.kerberos.keytab=/etc/security/keytabs/HTTP.keytab, hdds.datanode.http.auth.kerberos.principal=HTTP/_HOST@REALM, hdds.datanode.http.auth.type=simple, hdds.datanode.http.enabled=true, hdds.datanode.https-address=0.0.0.0:9883, hdds.datanode.https-bind-host=0.0.0.0, hdds.datanode.metadata.rocksdb.cache.size=64MB, hdds.datanode.periodic.disk.check.interval.minutes=60, hdds.datanode.ratis.server.request.timeout=2m, hdds.datanode.read.chunk.threads.per.volume=10, hdds.datanode.recovering.container.scrubbing.service.interval=1m, hdds.datanode.replication.outofservice.limit.factor=2.0, hdds.datanode.replication.port=9886, hdds.datanode.replication.streams.limit=10, hdds.datanode.rocksdb.auto-compaction-small-sst-file=true, hdds.datanode.rocksdb.auto-compaction-small-sst-file-num-threshold=512, hdds.datanode.rocksdb.auto-compaction-small-sst-file-size-threshold=1MB, hdds.datanode.rocksdb.delete-obsolete-files-period=1h, hdds.datanode.rocksdb.log.level=INFO, hdds.datanode.rocksdb.log.max-file-num=64, hdds.datanode.rocksdb.log.max-file-size=32MB, hdds.datanode.rocksdb.max-open-files=1024, hdds.datanode.storage.utilization.critical.threshold=0.95, hdds.datanode.storage.utilization.warning.threshold=0.75, hdds.datanode.volume.min.free.space=5GB, hdds.datanode.wait.on.all.followers=false, hdds.db.profile=DISK, hdds.grpc.tls.enabled=false, hdds.grpc.tls.provider=OPENSSL, hdds.heartbeat.interval=30s, hdds.key.dir.name=keys, hdds.key.len=2048, hdds.node.report.interval=60000ms, hdds.pipeline.action.max.limit=20, hdds.pipeline.report.interval=60000ms, hdds.priv.key.file.name=private.pem, hdds.profiler.endpoint.enabled=false, hdds.prometheus.endpoint.enabled=true, hdds.public.key.file.name=public.pem, hdds.ratis.client.exponential.backoff.base.sleep=4s, hdds.ratis.client.exponential.backoff.max.sleep=40s, hdds.ratis.client.multilinear.random.retry.policy=5s, 5, 10s, 5, 15s, 5, 20s, 5, 25s, 5, 60s, 10, hdds.ratis.client.request.watch.timeout=3m, hdds.ratis.client.request.write.timeout=5m, hdds.ratis.client.retry.policy=org.apache.hadoop.hdds.ratis.retrypolicy.RequestTypeDependentRetryPolicyCreator, hdds.ratis.client.retrylimited.max.retries=180, hdds.ratis.client.retrylimited.retry.interval=1s, hdds.ratis.raft.client.async.outstanding-requests.max=32, hdds.ratis.raft.client.rpc.request.timeout=60s, hdds.ratis.raft.client.rpc.watch.request.timeout=180s, hdds.ratis.raft.grpc.flow.control.window=5MB, hdds.ratis.raft.grpc.message.size.max=32MB, hdds.ratis.raft.server.datastream.client.pool.size=10, hdds.ratis.raft.server.datastream.request.threads=20, hdds.ratis.raft.server.delete.ratis.log.directory=true, hdds.ratis.raft.server.leaderelection.pre-vote=true, hdds.ratis.raft.server.notification.no-leader.timeout=300s, hdds.ratis.raft.server.rpc.request.timeout=60s, hdds.ratis.raft.server.rpc.slowness.timeout=300s, hdds.ratis.raft.server.watch.timeout=180s, hdds.ratis.raft.server.write.element-limit=1024, hdds.ratis.server.num.snapshots.retained=5, hdds.recon.heartbeat.interval=60s, hdds.rest.http-address=0.0.0.0:9880, hdds.rest.netty.high.watermark=65535, hdds.rest.netty.low.watermark=32768, hdds.rest.rest-csrf.enabled=false, hdds.scm.block.deleting.service.interval=60s, hdds.scm.block.deletion.per-interval.max=100000, hdds.scm.ec.pipeline.choose.policy.impl=org.apache.hadoop.hdds.scm.pipeline.choose.algorithms.RandomPipelineChoosePolicy, hdds.scm.http.auth.kerberos.keytab=/etc/security/keytabs/HTTP.keytab, hdds.scm.http.auth.kerberos.principal=HTTP/_HOST@REALM, hdds.scm.http.auth.type=simple, hdds.scm.init.default.layout.version=-1, hdds.scm.kerberos.keytab.file=/etc/security/keytabs/SCM.keytab, hdds.scm.kerberos.principal=SCM/_HOST@REALM, hdds.scm.pipeline.choose.policy.impl=org.apache.hadoop.hdds.scm.pipeline.choose.algorithms.RandomPipelineChoosePolicy, hdds.scm.replication.container.inflight.deletion.limit=0, hdds.scm.replication.container.inflight.replication.limit=0, hdds.scm.replication.datanode.delete.container.limit=40, hdds.scm.replication.datanode.reconstruction.weight=3, hdds.scm.replication.datanode.replication.limit=20, hdds.scm.replication.enable.legacy=false, hdds.scm.replication.event.timeout=10m, hdds.scm.replication.event.timeout.datanode.offset=30s, hdds.scm.replication.inflight.limit.factor=0.75, hdds.scm.replication.maintenance.remaining.redundancy=1, hdds.scm.replication.maintenance.replica.minimum=2, hdds.scm.replication.over.replicated.interval=30s, hdds.scm.replication.push=true, hdds.scm.replication.thread.interval=300s, hdds.scm.replication.under.replicated.interval=30s, hdds.scm.safemode.atleast.one.node.reported.pipeline.pct=0.90, hdds.scm.safemode.enabled=true, hdds.scm.safemode.healthy.pipeline.pct=0.10, hdds.scm.safemode.min.datanode=1, hdds.scm.safemode.pipeline-availability.check=true, hdds.scm.safemode.pipeline.creation=true, hdds.scm.safemode.threshold.pct=0.99, hdds.scm.unknown-container.action=WARN, hdds.scm.wait.time.after.safemode.exit=5m, hdds.scmclient.failover.max.retry=15, hdds.scmclient.failover.retry.interval=2s, hdds.scmclient.max.retry.timeout=10m, hdds.scmclient.rpc.timeout=15m, hdds.secret.key.algorithm=HmacSHA256, hdds.secret.key.expiry.duration=7d, hdds.secret.key.file.name=secret_keys.json, hdds.secret.key.rotate.check.duration=10m, hdds.secret.key.rotate.duration=1d, hdds.security.client.datanode.container.protocol.acl=*, hdds.security.client.scm.block.protocol.acl=*, hdds.security.client.scm.certificate.protocol.acl=*, hdds.security.client.scm.container.protocol.acl=*, hdds.security.client.scm.secretkey.datanode.protocol.acl=*, hdds.security.client.scm.secretkey.om.protocol.acl=*, hdds.security.client.scm.secretkey.scm.protocol.acl=*, hdds.tracing.enabled=false, hdds.x509.ca.rotation.ack.timeout=PT15M, hdds.x509.ca.rotation.check.interval=P1D, hdds.x509.ca.rotation.enabled=false, hdds.x509.ca.rotation.time-of-day=02:00:00, hdds.x509.default.duration=P365D, hdds.x509.dir.name=certs, hdds.x509.expired.certificate.check.interval=P1D, hdds.x509.file.name=certificate.crt, hdds.x509.max.duration=P1865D, hdds.x509.renew.grace.duration=P28D, hdds.x509.rootca.certificate.polling.interval=PT2h, hdds.x509.signature.algorithm=SHA256withRSA, ozone.UnsafeByteOperations.enabled=true, ozone.acl.authorizer.class=org.apache.hadoop.ozone.security.acl.OzoneAccessAuthorizer, ozone.acl.enabled=false, ozone.block.deleting.container.limit.per.interval=10, ozone.block.deleting.limit.per.task=1000, ozone.block.deleting.service.interval=1m, ozone.block.deleting.service.timeout=300000ms, ozone.block.deleting.service.workers=10, ozone.chunk.read.buffer.default.size=64KB, ozone.client.bucket.replication.config.refresh.time.ms=30000, ozone.client.bytes.per.checksum=1MB, ozone.client.checksum.combine.mode=COMPOSITE_CRC, ozone.client.checksum.type=CRC32, ozone.client.connection.timeout=5000ms, ozone.client.datastream.buffer.flush.size=16MB, ozone.client.datastream.min.packet.size=1MB, ozone.client.datastream.pipeline.mode=true, ozone.client.datastream.window.size=64MB, ozone.client.ec.grpc.retries.enabled=true, ozone.client.ec.grpc.retries.max=3, ozone.client.ec.reconstruct.stripe.read.pool.limit=30, ozone.client.ec.stripe.queue.size=2, ozone.client.exclude.nodes.expiry.time=600000, ozone.client.failover.max.attempts=500, ozone.client.fs.default.bucket.layout=FILE_SYSTEM_OPTIMIZED, ozone.client.key.latest.version.location=true, ozone.client.key.provider.cache.expiry=10d, ozone.client.list.cache=1000, ozone.client.list.trash.keys.max=1000, ozone.client.max.ec.stripe.write.retries=10, ozone.client.max.retries=5, ozone.client.read.timeout=30s, ozone.client.retry.interval=0, ozone.client.socket.timeout=5000ms, ozone.client.stream.buffer.flush.delay=true, ozone.client.stream.buffer.flush.size=16MB, ozone.client.stream.buffer.increment=0B, ozone.client.stream.buffer.max.size=32MB, ozone.client.stream.buffer.size=4MB, ozone.client.verify.checksum=true, ozone.client.wait.between.retries.millis=2000, ozone.container.cache.lock.stripes=1024, ozone.container.cache.size=1024, ozone.csi.default-volume-size=1000000000, ozone.csi.mount.command=goofys --endpoint %s %s %s, ozone.csi.s3g.address=http://localhost:9878, ozone.csi.socket=/var/lib/csi.sock, ozone.directory.deleting.service.interval=1m, ozone.filesystem.snapshot.enabled=true, ozone.freon.http-address=0.0.0.0:9884, ozone.freon.http-bind-host=0.0.0.0, ozone.freon.http.auth.kerberos.keytab=/etc/security/keytabs/HTTP.keytab, ozone.freon.http.auth.kerberos.principal=HTTP/_HOST@REALM, ozone.freon.http.auth.type=simple, ozone.freon.http.enabled=true, ozone.freon.https-address=0.0.0.0:9885, ozone.freon.https-bind-host=0.0.0.0, ozone.fs.datastream.auto.threshold=4MB, ozone.fs.datastream.enabled=false, ozone.fs.hsync.enabled=false, ozone.fs.iterate.batch-size=100, ozone.fs.listing.page.size=1024, ozone.fs.listing.page.size.max=5000, ozone.http.policy=HTTP_ONLY, ozone.https.client.keystore.resource=ssl-client.xml, ozone.https.client.need-auth=false, ozone.https.server.keystore.resource=ssl-server.xml, ozone.key.deleting.limit.per.task=20000, ozone.key.preallocation.max.blocks=64, ozone.manager.db.checkpoint.transfer.bandwidthPerSec=0, ozone.manager.delegation.remover.scan.interval=3600000, ozone.manager.delegation.token.max-lifetime=7d, ozone.manager.delegation.token.renew-interval=1d, ozone.metadata.dirs.permissions=750, ozone.metastore.rocksdb.cf.write.buffer.size=128MB, ozone.metastore.rocksdb.statistics=OFF, ozone.network.flexible.fqdn.resolution.enabled=false, ozone.network.jvm.address.cache.enabled=true, ozone.network.topology.aware.read=true, ozone.om.address=0.0.0.0:9862, ozone.om.admin.protocol.max.retries=20, ozone.om.admin.protocol.wait.between.retries=1000, ozone.om.client.rpc.timeout=15m, ozone.om.client.trash.core.pool.size=5, ozone.om.container.location.cache.size=100000, ozone.om.container.location.cache.ttl=360m, ozone.om.db.dirs.permissions=750, ozone.om.delta.update.data.size.max.limit=1024MB, ozone.om.enable.filesystem.paths=false, ozone.om.enable.ofs.shared.tmp.dir=false, ozone.om.fs.snapshot.max.limit=1000, ozone.om.group.rights=ALL, ozone.om.grpc.bossgroup.size=8, ozone.om.grpc.maximum.response.length=134217728, ozone.om.grpc.port=8981, ozone.om.grpc.read.thread.num=32, ozone.om.grpc.workergroup.size=32, ozone.om.ha.raft.server.retrycache.expirytime=300s, ozone.om.handler.count.key=100, ozone.om.http-address=0.0.0.0:9874, ozone.om.http-bind-host=0.0.0.0, ozone.om.http.auth.kerberos.keytab=/etc/security/keytabs/HTTP.keytab, ozone.om.http.auth.kerberos.principal=HTTP/_HOST@REALM, ozone.om.http.auth.type=simple, ozone.om.http.enabled=true, ozone.om.https-address=0.0.0.0:9875, ozone.om.https-bind-host=0.0.0.0, ozone.om.init.default.layout.version=-1, ozone.om.kerberos.keytab.file=/etc/security/keytabs/OM.keytab, ozone.om.kerberos.principal=OM/_HOST@REALM, ozone.om.key.path.lock.enabled=false, ozone.om.keyname.character.check.enabled=false, ozone.om.leader.election.minimum.timeout.duration=5s, ozone.om.lock.fair=false, ozone.om.multitenancy.enabled=false, ozone.om.multitenancy.ranger.sync.interval=10m, ozone.om.multitenancy.ranger.sync.timeout=10s, ozone.om.namespace.s3.strict=true, ozone.om.open.key.cleanup.limit.per.task=1000, ozone.om.open.key.cleanup.service.interval=24h, ozone.om.open.key.cleanup.service.timeout=300s, ozone.om.open.key.expire.threshold=7d, ozone.om.ratis.enable=true, ozone.om.ratis.log.appender.queue.byte-limit=32MB, ozone.om.ratis.log.appender.queue.num-elements=1024, ozone.om.ratis.log.purge.gap=1000000, ozone.om.ratis.log.purge.preservation.log.num=0, ozone.om.ratis.log.purge.upto.snapshot.index=true, ozone.om.ratis.minimum.timeout=5s, ozone.om.ratis.port=9872, ozone.om.ratis.rpc.type=GRPC, ozone.om.ratis.segment.preallocated.size=4MB, ozone.om.ratis.segment.size=4MB, ozone.om.ratis.server.failure.timeout.duration=120s, ozone.om.ratis.server.leaderelection.pre-vote=true, ozone.om.ratis.server.request.timeout=3s, ozone.om.ratis.server.retry.cache.timeout=600000ms, ozone.om.ratis.snapshot.max.total.sst.size=100000000, ozone.om.s3.grpc.server_enabled=false, ozone.om.save.metrics.interval=5m, ozone.om.security.admin.protocol.acl=*, ozone.om.security.client.protocol.acl=*, ozone.om.snapshot.cache.max.size=10, ozone.om.snapshot.checkpoint.dir.creation.poll.timeout=20s, ozone.om.snapshot.compaction.dag.max.time.allowed=30d, ozone.om.snapshot.compaction.dag.prune.daemon.run.interval=3600s, ozone.om.snapshot.db.max.open.files=100, ozone.om.snapshot.diff.cleanup.service.run.internal=1m, ozone.om.snapshot.diff.cleanup.service.timeout=5m, ozone.om.snapshot.diff.disable.native.libs=false, ozone.om.snapshot.diff.job.default.wait.time=1s, ozone.om.snapshot.diff.job.report.persistent.time=7d, ozone.om.snapshot.diff.max.allowed.keys.changed.per.job=10000000, ozone.om.snapshot.diff.max.jobs.purge.per.task=100, ozone.om.snapshot.diff.max.page.size=1000, ozone.om.snapshot.diff.thread.pool.size=10, ozone.om.snapshot.force.full.diff=false, ozone.om.snapshot.provider.connection.timeout=5000s, ozone.om.snapshot.provider.request.timeout=300000ms, ozone.om.snapshot.provider.socket.timeout=5000s, ozone.om.snapshot.sst_dumptool.buffer.size=8KB, ozone.om.snapshot.sst_dumptool.pool.size=1, ozone.om.transport.class=org.apache.hadoop.ozone.om.protocolPB.Hadoop3OmTransportFactory, ozone.om.unflushed.transaction.max.count=10000, ozone.om.upgrade.finalization.ratis.based.timeout=30s, ozone.om.upgrade.quota.recalculate.enabled=true, ozone.om.user.max.volume=1024, ozone.om.user.rights=ALL, ozone.om.volume.listall.allowed=true, ozone.path.deleting.limit.per.task=6000, ozone.recon.containerkey.flush.db.max.threshold=150000, ozone.recon.db.dirs.permissions=750, ozone.recon.heatmap.enable=false, ozone.recon.http-address=0.0.0.0:9888, ozone.recon.http-bind-host=0.0.0.0, ozone.recon.http.auth.kerberos.keytab=/etc/security/keytabs/HTTP.keytab, ozone.recon.http.auth.kerberos.principal=HTTP/_HOST@REALM, ozone.recon.http.auth.type=simple, ozone.recon.http.enabled=true, ozone.recon.https-address=0.0.0.0:9889, ozone.recon.https-bind-host=0.0.0.0, ozone.recon.nssummary.flush.db.max.threshold=150000, ozone.recon.om.connection.request.timeout=5000, ozone.recon.om.connection.timeout=5s, ozone.recon.om.snapshot.task.flush.param=false, ozone.recon.om.snapshot.task.initial.delay=1m, ozone.recon.om.snapshot.task.interval.delay=10m, ozone.recon.om.socket.timeout=5s, ozone.recon.scm.connection.request.timeout=5s, ozone.recon.scm.connection.timeout=5s, ozone.recon.scm.container.threshold=100, ozone.recon.scm.snapshot.enabled=true, ozone.recon.scm.snapshot.task.initial.delay=1m, ozone.recon.scm.snapshot.task.interval.delay=24h, ozone.recon.security.client.datanode.container.protocol.acl=*, ozone.recon.sql.db.auto.commit=true, ozone.recon.sql.db.conn.idle.max.age=3600s, ozone.recon.sql.db.conn.idle.test=SELECT 1, ozone.recon.sql.db.conn.idle.test.period=60s, ozone.recon.sql.db.conn.max.active=5, ozone.recon.sql.db.conn.max.age=1800s, ozone.recon.sql.db.conn.timeout=30000ms, ozone.recon.sql.db.driver=org.apache.derby.jdbc.EmbeddedDriver, ozone.recon.sql.db.jdbc.url=jdbc:derby:${ozone.recon.db.dir}/ozone_recon_derby.db, ozone.recon.sql.db.jooq.dialect=DERBY, ozone.recon.task.containercounttask.interval=60s, ozone.recon.task.missingcontainer.interval=300s, ozone.recon.task.pipelinesync.interval=300s, ozone.recon.task.safemode.wait.threshold=300s, ozone.recon.task.thread.count=1, ozone.replication.allowed-configs=^((STANDALONE|RATIS)/(ONE|THREE))|(EC/(3-2|6-3|10-4)-(512|1024|2048|4096)k)$, ozone.rest.client.http.connection.max=100, ozone.rest.client.http.connection.per-route.max=20, ozone.s3g.client.buffer.size=4KB, ozone.s3g.default.bucket.layout=OBJECT_STORE, ozone.s3g.http-address=0.0.0.0:9878, ozone.s3g.http-bind-host=0.0.0.0, ozone.s3g.http.auth.kerberos.keytab=/etc/security/keytabs/HTTP.keytab, ozone.s3g.http.auth.kerberos.principal=HTTP/_HOST@REALM, ozone.s3g.http.auth.type=simple, ozone.s3g.http.enabled=true, ozone.s3g.kerberos.keytab.file=/etc/security/keytabs/s3g.keytab, ozone.s3g.kerberos.principal=s3g/_HOST@REALM, ozone.s3g.list-keys.shallow.enabled=true, ozone.s3g.secret.http.auth.type=kerberos, ozone.s3g.secret.http.enabled=false, ozone.s3g.volume.name=s3v, ozone.scm.block.client.bind.host=0.0.0.0, ozone.scm.block.client.port=9863, ozone.scm.block.deletion.max.retry=4096, ozone.scm.block.size=256MB, ozone.scm.ca.list.retry.interval=10s, ozone.scm.chunk.size=4MB, ozone.scm.client.bind.host=0.0.0.0, ozone.scm.client.port=9860, ozone.scm.close.container.wait.duration=1s, ozone.scm.container.layout=FILE_PER_BLOCK, ozone.scm.container.lock.stripes=512, ozone.scm.container.placement.ec.impl=org.apache.hadoop.hdds.scm.container.placement.algorithms.SCMContainerPlacementRackScatter, ozone.scm.container.placement.impl=org.apache.hadoop.hdds.scm.container.placement.algorithms.SCMContainerPlacementRackAware, ozone.scm.container.size=5GB, ozone.scm.datanode.admin.monitor.interval=30s, ozone.scm.datanode.disallow.same.peers=false, ozone.scm.datanode.pipeline.limit=2, ozone.scm.datanode.port=9861, ozone.scm.datanode.ratis.volume.free-space.min=1GB, ozone.scm.db.dirs.permissions=750, ozone.scm.dead.node.interval=10m, ozone.scm.ec.pipeline.minimum=5, ozone.scm.ec.pipeline.per.volume.factor=1, ozone.scm.event.ContainerReport.thread.pool.size=10, ozone.scm.expired.container.replica.op.scrub.interval=5m, ozone.scm.grpc.port=9895, ozone.scm.ha.dbtransactionbuffer.flush.interval=600s, ozone.scm.ha.grpc.deadline.interval=30m, ozone.scm.ha.ratis.leader.election.timeout=5s, ozone.scm.ha.ratis.leader.ready.check.interval=2s, ozone.scm.ha.ratis.leader.ready.wait.timeout=60s, ozone.scm.ha.ratis.log.appender.queue.byte-limit=32MB, ozone.scm.ha.ratis.log.appender.queue.num-elements=1024, ozone.scm.ha.ratis.log.purge.enabled=false, ozone.scm.ha.ratis.log.purge.gap=1000000, ozone.scm.ha.ratis.request.timeout=30s, ozone.scm.ha.ratis.rpc.type=GRPC, ozone.scm.ha.ratis.segment.preallocated.size=4MB, ozone.scm.ha.ratis.segment.size=4MB, ozone.scm.ha.ratis.server.failure.timeout.duration=120s, ozone.scm.ha.ratis.server.leaderelection.pre-vote=true, ozone.scm.ha.ratis.server.retry.cache.timeout=60s, ozone.scm.ha.ratis.server.snapshot.creation.gap=1024, ozone.scm.ha.ratis.snapshot.threshold=1000, ozone.scm.handler.count.key=100, ozone.scm.heartbeat.log.warn.interval.count=10, ozone.scm.heartbeat.rpc-retry-count=15, ozone.scm.heartbeat.rpc-retry-interval=1s, ozone.scm.heartbeat.rpc-timeout=5s, ozone.scm.heartbeat.thread.interval=3s, ozone.scm.http-address=0.0.0.0:9876, ozone.scm.http-bind-host=0.0.0.0, ozone.scm.http.enabled=true, ozone.scm.https-address=0.0.0.0:9877, ozone.scm.https-bind-host=0.0.0.0, ozone.scm.info.wait.duration=10m, ozone.scm.keyvalue.container.deletion-choosing.policy=org.apache.hadoop.ozone.container.common.impl.TopNOrderedContainerDeletionChoosingPolicy, ozone.scm.network.topology.schema.file=network-topology-default.xml, ozone.scm.pipeline.allocated.timeout=5m, ozone.scm.pipeline.creation.auto.factor.one=true, ozone.scm.pipeline.creation.interval=120s, ozone.scm.pipeline.destroy.timeout=66s, ozone.scm.pipeline.leader-choose.policy=org.apache.hadoop.hdds.scm.pipeline.leader.choose.algorithms.MinLeaderCountChoosePolicy, ozone.scm.pipeline.owner.container.count=3, ozone.scm.pipeline.per.metadata.disk=2, ozone.scm.pipeline.scrub.interval=5m, ozone.scm.ratis.pipeline.limit=0, ozone.scm.ratis.port=9894, ozone.scm.security.handler.count.key=2, ozone.scm.security.service.bind.host=0.0.0.0, ozone.scm.security.service.port=9961, ozone.scm.sequence.id.batch.size=1000, ozone.scm.skip.bootstrap.validation=false, ozone.scm.stale.node.interval=5m, ozone.scm.update.client.crl.check.interval=600s, ozone.scm.update.service.port=9893, ozone.security.enabled=false, ozone.security.http.kerberos.enabled=false, ozone.server.default.replication=3, ozone.server.default.replication.type=RATIS, ozone.service.shutdown.timeout=60s, ozone.snapshot.deleting.limit.per.task=10, ozone.snapshot.deleting.service.interval=30s, ozone.snapshot.deleting.service.timeout=300s, ozone.snapshot.filtering.limit.per.task=2, ozone.snapshot.filtering.service.interval=1m, ozone.snapshot.key.deleting.limit.per.task=20000, ozone.sst.filtering.service.timeout=300000ms, ozone.trace.enabled=false, recon.om.delta.update.limit=2000, recon.om.delta.update.loop.limit=10, scm.container.client.idle.threshold=10s, scm.container.client.max.size=256, test.scm.client.address=localhost, test.scm.client.bind.host=0.0.0.0, test.scm.client.class=java.lang.Object, test.scm.client.compression.enabled=true, test.scm.client.enabled=true, test.scm.client.port=9878, test.scm.client.threshold=10, test.scm.client.wait=30m, yarn.app.mapreduce.am.container.log.backups=0, yarn.app.mapreduce.am.container.log.limit.kb=0, yarn.app.mapreduce.task.container.log.backups=0, yarn.nodemanager.container.stderr.pattern={*stderr*,*STDERR*}, yarn.nodemanager.container.stderr.tail.bytes=4096, yarn.nodemanager.windows-container.cpu-limit.enabled=false, yarn.nodemanager.windows-container.memory-limit.enabled=false, yarn.resourcemanager.container.liveness-monitor.interval-ms=600000}
************************************************************/
2023-09-07 09:03:11,839 [main] INFO  recon.ReconServer (SignalLogger.java:register(90)) - registered UNIX signal handlers for [TERM, HUP, INT]
2023-09-07 09:03:12,203 [main] INFO  reflections.Reflections (Reflections.java:scan(232)) - Reflections took 8 ms to scan 1 urls, producing 20 keys and 75 values 
2023-09-07 09:03:12,302 [om1@group-C5BA1605619E-FollowerState] INFO  impl.FollowerState (FollowerState.java:run(143)) - om1@group-C5BA1605619E-FollowerState: change to CANDIDATE, lastRpcElapsedTime:1033558551ns, electionTimeout:1025ms
2023-09-07 09:03:12,304 [om1@group-C5BA1605619E-FollowerState] INFO  impl.RoleInfo (RoleInfo.java:shutdownFollowerState(110)) - om1: shutdown om1@group-C5BA1605619E-FollowerState
2023-09-07 09:03:12,304 [om1@group-C5BA1605619E-FollowerState] INFO  server.RaftServer$Division (RaftServerImpl.java:setRole(329)) - om1@group-C5BA1605619E: changes role from  FOLLOWER to CANDIDATE at term 0 for changeToCandidate
2023-09-07 09:03:12,308 [om1@group-C5BA1605619E-FollowerState] INFO  server.RaftServerConfigKeys (ConfUtils.java:logGet(46)) - raft.server.leaderelection.pre-vote = true (default)
2023-09-07 09:03:12,308 [om1@group-C5BA1605619E-FollowerState] INFO  impl.RoleInfo (RoleInfo.java:updateAndGet(139)) - om1: start om1@group-C5BA1605619E-LeaderElection1
2023-09-07 09:03:12,319 [om1@group-C5BA1605619E-LeaderElection1] INFO  impl.LeaderElection (LeaderElection.java:askForVotes(321)) - om1@group-C5BA1605619E-LeaderElection1 PRE_VOTE round 0: submit vote requests at term 0 for -1: peers:[om1|rpc:localhost:15007|priority:0|startupRole:FOLLOWER]|listeners:[], old=null
2023-09-07 09:03:12,320 [om1@group-C5BA1605619E-LeaderElection1] INFO  impl.LeaderElection (LeaderElection.java:askForVotes(323)) - om1@group-C5BA1605619E-LeaderElection1 PRE_VOTE round 0: result PASSED (term=0)
2023-09-07 09:03:12,324 [om1@group-C5BA1605619E-LeaderElection1] INFO  impl.LeaderElection (LeaderElection.java:askForVotes(321)) - om1@group-C5BA1605619E-LeaderElection1 ELECTION round 0: submit vote requests at term 1 for -1: peers:[om1|rpc:localhost:15007|priority:0|startupRole:FOLLOWER]|listeners:[], old=null
2023-09-07 09:03:12,324 [om1@group-C5BA1605619E-LeaderElection1] INFO  impl.LeaderElection (LeaderElection.java:askForVotes(323)) - om1@group-C5BA1605619E-LeaderElection1 ELECTION round 0: result PASSED (term=1)
2023-09-07 09:03:12,324 [om1@group-C5BA1605619E-LeaderElection1] INFO  impl.RoleInfo (RoleInfo.java:shutdownLeaderElection(130)) - om1: shutdown om1@group-C5BA1605619E-LeaderElection1
2023-09-07 09:03:12,325 [om1@group-C5BA1605619E-LeaderElection1] INFO  server.RaftServer$Division (RaftServerImpl.java:setRole(329)) - om1@group-C5BA1605619E: changes role from CANDIDATE to LEADER at term 1 for changeToLeader
2023-09-07 09:03:12,328 [om1@group-C5BA1605619E-LeaderElection1] INFO  server.RaftServer$Division (ServerState.java:setLeader(317)) - om1@group-C5BA1605619E: change Leader from null to om1 at term 1 for becomeLeader, leader elected after 2309ms
2023-09-07 09:03:12,347 [om1@group-C5BA1605619E-LeaderElection1] INFO  server.RaftServerConfigKeys (ConfUtils.java:logGet(46)) - raft.server.staging.catchup.gap = 1000 (default)
2023-09-07 09:03:12,358 [om1@group-C5BA1605619E-LeaderElection1] INFO  server.RaftServerConfigKeys (ConfUtils.java:logGet(46)) - raft.server.write.element-limit = 4096 (default)
2023-09-07 09:03:12,360 [om1@group-C5BA1605619E-LeaderElection1] INFO  server.RaftServerConfigKeys (ConfUtils.java:logGet(46)) - raft.server.write.byte-limit = 64MB (=67108864) (default)
2023-09-07 09:03:12,374 [om1@group-C5BA1605619E-LeaderElection1] INFO  server.RaftServerConfigKeys (ConfUtils.java:logGet(46)) - raft.server.watch.timeout = 10s (default)
2023-09-07 09:03:12,374 [om1@group-C5BA1605619E-LeaderElection1] INFO  server.RaftServerConfigKeys (ConfUtils.java:logGet(46)) - raft.server.watch.timeout.denomination = 1s (default)
2023-09-07 09:03:12,375 [om1@group-C5BA1605619E-LeaderElection1] INFO  server.RaftServerConfigKeys (ConfUtils.java:logGet(46)) - raft.server.watch.element-limit = 65536 (default)
2023-09-07 09:03:12,389 [om1@group-C5BA1605619E-LeaderElection1] INFO  server.RaftServerConfigKeys (ConfUtils.java:logGet(46)) - raft.server.write.element-limit = 4096 (default)
2023-09-07 09:03:12,394 [om1@group-C5BA1605619E-LeaderElection1] INFO  server.RaftServerConfigKeys (ConfUtils.java:logGet(46)) - raft.server.write.follower.gap.ratio.max = -1.0 (default)
2023-09-07 09:03:12,398 [om1@group-C5BA1605619E-LeaderElection1] INFO  impl.RoleInfo (RoleInfo.java:updateAndGet(139)) - om1: start om1@group-C5BA1605619E-LeaderStateImpl
2023-09-07 09:03:12,456 [om1@group-C5BA1605619E-LeaderElection1] INFO  segmented.SegmentedRaftLogWorker (SegmentedRaftLogWorker.java:startLogSegment(447)) - om1@group-C5BA1605619E-SegmentedRaftLogWorker: Starting segment from index:0
2023-09-07 09:03:12,559 [om1@group-C5BA1605619E-LeaderElection1] INFO  server.RaftServer$Division (ServerState.java:setRaftConf(434)) - om1@group-C5BA1605619E: set configuration 0: peers:[om1|rpc:localhost:15007|admin:|client:|dataStream:|priority:0|startupRole:FOLLOWER]|listeners:[], old=null
2023-09-07 09:03:12,630 [om1@group-C5BA1605619E-SegmentedRaftLogWorker] INFO  segmented.SegmentedRaftLogWorker (SegmentedRaftLogWorker.java:execute(651)) - om1@group-C5BA1605619E-SegmentedRaftLogWorker: created new log segment /home/runner/work/ozone/ozone/hadoop-ozone/integration-test/target/test-dir/MiniOzoneClusterImpl-9da26bb3-9e9b-4d78-afbb-0d838bea1ada/ozone-meta/ratis/bf265839-605b-3f16-9796-c5ba1605619e/current/log_inprogress_0
2023-09-07 09:03:12,702 [main] INFO  recon.ReconServer (ReconServer.java:call(116)) - Initializing Recon server...
2023-09-07 09:03:12,793 [main] INFO  persistence.DefaultDataSourceProvider (DefaultDataSourceProvider.java:get(51)) - JDBC Url for Recon : jdbc:derby:/tmp/junit4547084550709670457/junit4281527093979544809/ozone_recon_derby.db 
2023-09-07 09:03:12,799 [om1@group-C5BA1605619E-StateMachineUpdater] INFO  ratis.OzoneManagerStateMachine (OzoneManagerStateMachine.java:notifyConfigurationChanged(202)) - Received Configuration change notification from Ratis. New Peer list:
[id: "om1"
address: "localhost:15007"
startupRole: FOLLOWER
]
2023-09-07 09:03:13,816 [main] INFO  codegen.SqlDbUtils (SqlDbUtils.java:createNewDerbyDatabase(67)) - Created derby database at jdbc:derby:/tmp/junit4547084550709670457/junit4281527093979544809/ozone_recon_derby.db.
2023-09-07 09:03:14,183 [main] INFO  impl.ReconContainerMetadataManagerImpl (ReconContainerMetadataManagerImpl.java:initializeTables(141)) - KEY_CONTAINER Table is empty, initializing from CONTAINER_KEY Table ...
2023-09-07 09:03:14,184 [main] INFO  impl.ReconContainerMetadataManagerImpl (ReconContainerMetadataManagerImpl.java:initializeKeyContainerTable(657)) - It took 0.0 seconds to initialized 0 records to KEY_CONTAINER table
2023-09-07 09:03:14,212 [main] INFO  persistence.DefaultDataSourceProvider (DefaultDataSourceProvider.java:get(51)) - JDBC Url for Recon : jdbc:derby:/tmp/junit4547084550709670457/junit4281527093979544809/ozone_recon_derby.db 
2023-09-07 09:03:14,216 [main] INFO  codegen.SqlDbUtils (SqlDbUtils.java:createNewDerbyDatabase(67)) - Created derby database at jdbc:derby:/tmp/junit4547084550709670457/junit4281527093979544809/ozone_recon_derby.db.
2023-09-07 09:03:14,217 [main] INFO  recon.ReconServer (ReconServer.java:call(140)) - Creating Recon Schema.
2023-09-07 09:03:14,945 [main] INFO  http.BaseHttpServer (BaseHttpServer.java:newHttpServer2BuilderForOzone(223)) - Starting Web-server for recon at: http://0.0.0.0:15008
2023-09-07 09:03:14,945 [main] INFO  http.BaseHttpServer (BaseHttpServer.java:<init>(110)) - Hadoop Security Enabled: false Ozone Security Enabled: false Ozone HTTP Security Enabled: false 
2023-09-07 09:03:14,948 [main] WARN  server.AuthenticationFilter (AuthenticationFilter.java:constructSecretProvider(240)) - Unable to initialize FileSignerSecretProvider, falling back to use random secrets. Reason: Could not read signature secret file: /home/runner/hadoop-http-auth-signature-secret
2023-09-07 09:03:14,950 [main] INFO  http.HttpRequestLog (HttpRequestLog.java:getRequestLog(86)) - Http request log for http.requests.recon is not defined
2023-09-07 09:03:14,952 [main] INFO  http.HttpServer2 (HttpServer2.java:addGlobalFilter(1031)) - Added global filter 'safety' (class=org.apache.hadoop.hdds.server.http.HttpServer2$QuotingInputFilter)
2023-09-07 09:03:14,953 [main] INFO  http.HttpServer2 (HttpServer2.java:addFilter(1007)) - Added filter static_user_filter (class=org.apache.hadoop.http.lib.StaticUserWebFilter$StaticUserFilter) to context recon
2023-09-07 09:03:14,953 [main] INFO  http.HttpServer2 (HttpServer2.java:addFilter(1015)) - Added filter static_user_filter (class=org.apache.hadoop.http.lib.StaticUserWebFilter$StaticUserFilter) to context static
2023-09-07 09:03:14,954 [main] INFO  http.HttpServer2 (HttpServer2.java:addFilter(1015)) - Added filter static_user_filter (class=org.apache.hadoop.http.lib.StaticUserWebFilter$StaticUserFilter) to context logs
2023-09-07 09:03:14,955 [main] INFO  http.BaseHttpServer (BaseHttpServer.java:<init>(189)) - HTTP server of recon uses base directory /home/runner/work/ozone/ozone/hadoop-ozone/integration-test/target/test-dir/MiniOzoneClusterImpl-9da26bb3-9e9b-4d78-afbb-0d838bea1ada/ozone-meta/webserver
2023-09-07 09:03:14,962 [main] INFO  tasks.ReconTaskControllerImpl (ReconTaskControllerImpl.java:registerTask(79)) - Registered task ContainerKeyMapperTask with controller.
2023-09-07 09:03:15,224 [main] INFO  tasks.ReconTaskControllerImpl (ReconTaskControllerImpl.java:registerTask(79)) - Registered task FileSizeCountTask with controller.
2023-09-07 09:03:15,229 [main] INFO  tasks.ReconTaskControllerImpl (ReconTaskControllerImpl.java:registerTask(79)) - Registered task OmTableInsightTask with controller.
2023-09-07 09:03:15,233 [main] INFO  tasks.ReconTaskControllerImpl (ReconTaskControllerImpl.java:registerTask(79)) - Registered task NSSummaryTask with controller.
2023-09-07 09:03:15,237 [main] INFO  ozone.OmUtils (OmUtils.java:getOzoneManagerServiceId(647)) - ozone.om.internal.service.id is not defined, falling back to ozone.om.service.ids to find serviceID for OzoneManager if it is HA enabled cluster
2023-09-07 09:03:15,238 [main] INFO  ozone.OmUtils (OmUtils.java:getOzoneManagerServiceId(666)) - No OzoneManager ServiceID configured.
2023-09-07 09:03:15,648 [main] INFO  net.NodeSchemaLoader (NodeSchemaLoader.java:loadSchemaFromFile(129)) - Loading schema from [jar:file:/home/runner/.m2/repository/org/apache/ozone/hdds-common/1.4.0-SNAPSHOT/hdds-common-1.4.0-SNAPSHOT.jar!/network-topology-default.xml]
2023-09-07 09:03:15,648 [main] INFO  net.NodeSchemaLoader (NodeSchemaLoader.java:loadSchema(176)) - Loading network topology layer schema file
2023-09-07 09:03:15,826 [main] INFO  upgrade.AbstractLayoutVersionManager (AbstractLayoutVersionManager.java:init(83)) - Initializing Layout version manager with metadata layout = HADOOP_PRC_PORTS_IN_DATANODEDETAILS (version = 7), software layout = HADOOP_PRC_PORTS_IN_DATANODEDETAILS (version = 7)
2023-09-07 09:03:15,831 [main] INFO  ha.SequenceIdGenerator (SequenceIdGenerator.java:<init>(236)) - Init the HA SequenceIdGenerator.
2023-09-07 09:03:15,837 [main] WARN  server.ServerUtils (ServerUtils.java:sanitizeUserArgs(80)) - ozone.scm.stale.node.interval value = 300000 is larger than max = 100000 based on the key value of ozone.scm.heartbeat.thread.interval, reset to the max value 100000.
2023-09-07 09:03:15,837 [main] WARN  server.ServerUtils (ServerUtils.java:sanitizeUserArgs(80)) - ozone.scm.stale.node.interval value = 300000 is larger than max = 100000 based on the key value of ozone.scm.heartbeat.thread.interval, reset to the max value 100000.
2023-09-07 09:03:15,838 [main] INFO  node.SCMNodeManager (SCMNodeManager.java:<init>(157)) - Entering startup safe mode.
2023-09-07 09:03:15,841 [main] INFO  scm.ReconNodeManager (ReconNodeManager.java:loadExistingNodes(118)) - Loaded 0 nodes from node DB.
2023-09-07 09:03:15,841 [main] INFO  algorithms.ContainerPlacementPolicyFactory (ContainerPlacementPolicyFactory.java:getPolicyInternal(86)) - Create container placement policy of type org.apache.hadoop.hdds.scm.container.placement.algorithms.SCMContainerPlacementRackAware
2023-09-07 09:03:15,851 [main] INFO  ipc.CallQueueManager (CallQueueManager.java:<init>(90)) - Using callQueue: class java.util.concurrent.LinkedBlockingQueue, queueCapacity: 2000, scheduler: class org.apache.hadoop.ipc.DefaultRpcScheduler, ipcBackoff: false.
2023-09-07 09:03:15,852 [main] INFO  ipc.Server (Server.java:<init>(1287)) - Listener at 0.0.0.0:15009
2023-09-07 09:03:15,852 [Socket Reader #1 for port 15009] INFO  ipc.Server (Server.java:run(1323)) - Starting Socket Reader #1 for port 15009
2023-09-07 09:03:15,863 [main] INFO  pipeline.PipelineStateManagerImpl (PipelineStateManagerImpl.java:initialize(78)) - No pipeline exists in current db
2023-09-07 09:03:15,903 [main] INFO  recon.ReconServer (ReconServer.java:call(154)) - Initializing support of Recon Features...
2023-09-07 09:03:15,907 [main] INFO  recon.ReconServer (ReconServer.java:call(156)) - Recon server initialized successfully!
2023-09-07 09:03:15,907 [main] INFO  recon.ReconServer (ReconServer.java:start(237)) - Starting Recon server
2023-09-07 09:03:15,908 [main] INFO  impl.MetricsSystemImpl (MetricsSystemImpl.java:init(158)) - Recon metrics system started (again)
2023-09-07 09:03:15,948 [main] INFO  http.HttpServer2 (HttpServer2.java:bindListener(1231)) - Jetty bound to port 15008
2023-09-07 09:03:15,949 [main] INFO  server.Server (Server.java:doStart(375)) - jetty-9.4.51.v20230217; built: 2023-02-17T08:19:37.309Z; git: b45c405e4544384de066f814ed42ae3dceacdd49; jvm 1.8.0_382-b05
2023-09-07 09:03:15,971 [main] INFO  server.session (DefaultSessionIdManager.java:doStart(334)) - DefaultSessionIdManager workerName=node0
2023-09-07 09:03:15,972 [main] INFO  server.session (DefaultSessionIdManager.java:doStart(339)) - No SessionScavenger set, using defaults
2023-09-07 09:03:15,972 [main] INFO  server.session (HouseKeeper.java:startScavenging(132)) - node0 Scavenging every 660000ms
2023-09-07 09:03:15,973 [main] INFO  handler.ContextHandler (ContextHandler.java:doStart(921)) - Started o.e.j.s.ServletContextHandler@5354a59{logs,/logs,file:///home/runner/work/ozone/ozone/hadoop-ozone/integration-test/target/log,AVAILABLE}
2023-09-07 09:03:15,974 [main] INFO  handler.ContextHandler (ContextHandler.java:doStart(921)) - Started o.e.j.s.ServletContextHandler@54aac0c1{static,/static,jar:file:/home/runner/.m2/repository/org/apache/ozone/ozone-recon/1.4.0-SNAPSHOT/ozone-recon-1.4.0-SNAPSHOT.jar!/webapps/static,AVAILABLE}
2023-09-07 09:03:17,894 [main] INFO  handler.ContextHandler (ContextHandler.java:doStart(921)) - Started o.e.j.w.WebAppContext@49419096{recon,/,file:///home/runner/work/ozone/ozone/hadoop-ozone/integration-test/target/test-dir/MiniOzoneClusterImpl-9da26bb3-9e9b-4d78-afbb-0d838bea1ada/ozone-meta/webserver/jetty-0_0_0_0-15008-ozone-recon-1_4_0-SNAPSHOT_jar-_-any-4917679496675613959/webapp/,AVAILABLE}{jar:file:/home/runner/.m2/repository/org/apache/ozone/ozone-recon/1.4.0-SNAPSHOT/ozone-recon-1.4.0-SNAPSHOT.jar!/webapps/recon}
2023-09-07 09:03:17,897 [main] INFO  server.AbstractConnector (AbstractConnector.java:doStart(333)) - Started ServerConnector@465f49f2{HTTP/1.1, (http/1.1)}{0.0.0.0:15008}
2023-09-07 09:03:17,897 [main] INFO  server.Server (Server.java:doStart(415)) - Started @16928ms
2023-09-07 09:03:17,897 [main] WARN  impl.MetricsSystemImpl (MetricsSystemImpl.java:register(279)) - Sink prometheus already exists!
2023-09-07 09:03:17,898 [main] INFO  http.BaseHttpServer (BaseHttpServer.java:updateConnectorAddress(354)) - HTTP server of recon listening at http://0.0.0.0:15008
2023-09-07 09:03:17,898 [main] INFO  impl.OzoneManagerServiceProviderImpl (OzoneManagerServiceProviderImpl.java:start(230)) - Starting Ozone Manager Service Provider.
2023-09-07 09:03:17,910 [main] INFO  impl.OzoneManagerServiceProviderImpl (OzoneManagerServiceProviderImpl.java:registerOMDBTasks(208)) - Registered OmDeltaRequest task 
2023-09-07 09:03:17,916 [main] INFO  impl.OzoneManagerServiceProviderImpl (OzoneManagerServiceProviderImpl.java:registerOMDBTasks(218)) - Registered OmSnapshotRequest task 
2023-09-07 09:03:17,917 [main] INFO  recovery.ReconOmMetadataManagerImpl (ReconOmMetadataManagerImpl.java:start(71)) - Starting ReconOMMetadataManagerImpl
2023-09-07 09:03:17,917 [main] INFO  tasks.ReconTaskControllerImpl (ReconTaskControllerImpl.java:start(221)) - Starting Recon Task Controller.
2023-09-07 09:03:17,925 [main] INFO  scm.ReconStorageContainerManagerFacade (ReconStorageContainerManagerFacade.java:start(364)) - Recon ScmDatanodeProtocol RPC server is listening at /0.0.0.0:15009
2023-09-07 09:03:18,178 [main] INFO  scm.ReconStorageContainerManagerFacade (ReconStorageContainerManagerFacade.java:initializePipelinesFromScm(461)) - Obtained 0 pipelines from SCM.
2023-09-07 09:03:18,178 [main] INFO  scm.ReconPipelineManager (ReconPipelineManager.java:initializePipelines(104)) - Recon has 0 pipelines in house.
2023-09-07 09:03:18,179 [main] INFO  scm.ReconStorageContainerManagerFacade (ReconStorageContainerManagerFacade.java:start(374)) - SCM DB initialized
2023-09-07 09:03:18,181 [main] INFO  server.SCMDatanodeProtocolServer (SCMDatanodeProtocolServer.java:start(193)) - ScmDatanodeProtocol RPC server for DataNodes is listening at /0.0.0.0:15009
2023-09-07 09:03:18,185 [IPC Server Responder] INFO  ipc.Server (Server.java:run(1562)) - IPC Server Responder: starting
2023-09-07 09:03:18,186 [IPC Server listener on 15009] INFO  ipc.Server (Server.java:run(1402)) - IPC Server listener on 15009: starting
2023-09-07 09:03:29,199 [main] INFO  scm.ReconScmTask (ReconScmTask.java:register(46)) - Registered ContainerHealthTask task 
2023-09-07 09:03:29,199 [main] INFO  scm.ReconScmTask (ReconScmTask.java:start(56)) - Starting ContainerHealthTask Thread.
2023-09-07 09:03:29,204 [main] INFO  scm.ReconScmTask (ReconScmTask.java:register(46)) - Registered ContainerSizeCountTask task 
2023-09-07 09:03:29,204 [main] INFO  scm.ReconScmTask (ReconScmTask.java:start(56)) - Starting ContainerSizeCountTask Thread.
2023-09-07 09:03:29,213 [main] INFO  scm.ReconScmTask (ReconScmTask.java:register(46)) - Registered PipelineSyncTask task 
2023-09-07 09:03:29,213 [main] INFO  scm.ReconScmTask (ReconScmTask.java:start(56)) - Starting PipelineSyncTask Thread.
2023-09-07 09:03:29,215 [JvmPauseMonitor2] INFO  util.JvmPauseMonitor (JvmPauseMonitor.java:run(103)) - JvmPauseMonitor-Recon: Started
2023-09-07 09:03:29,259 [ContainerHealthTask] INFO  fsck.ContainerHealthTask (ContainerHealthTask.java:triggerContainerHealthCheck(107)) - Container Health task thread took 56 milliseconds to process 0 existing database records.
2023-09-07 09:03:29,259 [PipelineSyncTask] INFO  scm.ReconPipelineManager (ReconPipelineManager.java:initializePipelines(104)) - Recon has 0 pipelines in house.
2023-09-07 09:03:29,261 [PipelineSyncTask] INFO  scm.PipelineSyncTask (PipelineSyncTask.java:triggerPipelineSyncTask(94)) - Pipeline sync Thread took 15 milliseconds.
2023-09-07 09:03:29,303 [ContainerHealthTask] INFO  fsck.ContainerHealthTask (ContainerHealthTask.java:triggerContainerHealthCheck(116)) - Container Health task thread took 44 milliseconds for processing 0 containers.
2023-09-07 09:03:29,331 [main] WARN  impl.MetricRegistriesImpl (MetricRegistriesImpl.java:addReporterRegistration(111)) - New reporters are added after registries were created. Some metrics will be missing from the reporter. Please add reporter before adding any new registry.
2023-09-07 09:03:29,331 [main] WARN  impl.MetricRegistriesImpl (MetricRegistriesImpl.java:addReporterRegistration(111)) - New reporters are added after registries were created. Some metrics will be missing from the reporter. Please add reporter before adding any new registry.
2023-09-07 09:03:29,332 [main] INFO  impl.MetricsSystemImpl (MetricsSystemImpl.java:init(158)) - HddsDatanode metrics system started (again)
2023-09-07 09:03:29,346 [main] INFO  ozone.HddsDatanodeService (HddsDatanodeService.java:start(237)) - HddsDatanodeService host:fv-az200-880.axauvrbo4geuti20fntxkzjnxf.dx.internal.cloudapp.net ip:10.1.0.77
2023-09-07 09:03:29,386 [main] INFO  upgrade.AbstractLayoutVersionManager (AbstractLayoutVersionManager.java:init(83)) - Initializing Layout version manager with metadata layout = HADOOP_PRC_PORTS_IN_DATANODEDETAILS (version = 7), software layout = HADOOP_PRC_PORTS_IN_DATANODEDETAILS (version = 7)
2023-09-07 09:03:29,389 [main] INFO  statemachine.DatanodeStateMachine (DatanodeStateMachine.java:getEndPointTaskThreadPoolSize(282)) - Datanode State Machine Task Thread Pool size 2
2023-09-07 09:03:29,475 [main] INFO  volume.HddsVolume (HddsVolume.java:<init>(126)) - Creating HddsVolume: /home/runner/work/ozone/ozone/hadoop-ozone/integration-test/target/test-dir/MiniOzoneClusterImpl-9da26bb3-9e9b-4d78-afbb-0d838bea1ada/datanode-0/data-0/containers/hdds of storage type : DISK capacity : 9223372036854775807
2023-09-07 09:03:29,478 [main] INFO  volume.MutableVolumeSet (MutableVolumeSet.java:initializeVolumeSet(173)) - Added Volume : /home/runner/work/ozone/ozone/hadoop-ozone/integration-test/target/test-dir/MiniOzoneClusterImpl-9da26bb3-9e9b-4d78-afbb-0d838bea1ada/datanode-0/data-0/containers/hdds to VolumeSet
2023-09-07 09:03:29,483 [main] INFO  volume.MutableVolumeSet (MutableVolumeSet.java:initializeVolumeSet(173)) - Added Volume : /home/runner/work/ozone/ozone/hadoop-ozone/integration-test/target/test-dir/MiniOzoneClusterImpl-9da26bb3-9e9b-4d78-afbb-0d838bea1ada/datanode-0/data/ratis to VolumeSet
2023-09-07 09:03:29,498 [Thread-183] INFO  ozoneimpl.ContainerReader (ContainerReader.java:readVolume(177)) - Finish verifying containers on volume /home/runner/work/ozone/ozone/hadoop-ozone/integration-test/target/test-dir/MiniOzoneClusterImpl-9da26bb3-9e9b-4d78-afbb-0d838bea1ada/datanode-0/data-0/containers/hdds
2023-09-07 09:03:29,498 [main] INFO  ozoneimpl.OzoneContainer (OzoneContainer.java:buildContainerSet(314)) - Build ContainerSet costs 0s
2023-09-07 09:03:29,562 [main] INFO  audit.AuditLogger (AuditLogger.java:refreshDebugCmdSet(126)) - Refresh DebugCmdSet for DNAudit to [].
2023-09-07 09:03:29,595 [main] INFO  server.RaftServer (ConfUtils.java:logGet(46)) - raft.rpc.type = GRPC (default)
2023-09-07 09:03:29,596 [main] INFO  grpc.GrpcConfigKeys (ConfUtils.java:logFallback(53)) - raft.grpc.admin.host = null (fallback to raft.grpc.server.host)
2023-09-07 09:03:29,597 [main] INFO  grpc.GrpcConfigKeys (ConfUtils.java:logGet(46)) - raft.grpc.admin.port = 15015 (custom)
2023-09-07 09:03:29,597 [main] INFO  grpc.GrpcConfigKeys (ConfUtils.java:logFallback(53)) - raft.grpc.client.host = null (fallback to raft.grpc.server.host)
2023-09-07 09:03:29,597 [main] INFO  grpc.GrpcConfigKeys (ConfUtils.java:logGet(46)) - raft.grpc.client.port = 15014 (custom)
2023-09-07 09:03:29,597 [main] INFO  grpc.GrpcConfigKeys (ConfUtils.java:logGet(46)) - raft.grpc.server.host = null (default)
2023-09-07 09:03:29,598 [main] INFO  grpc.GrpcConfigKeys (ConfUtils.java:logGet(46)) - raft.grpc.server.port = 15016 (custom)
2023-09-07 09:03:29,598 [main] INFO  server.GrpcService (ConfUtils.java:logGet(46)) - raft.grpc.message.size.max = 32MB (=33554432) (custom)
2023-09-07 09:03:29,598 [main] INFO  server.RaftServerConfigKeys (ConfUtils.java:logGet(46)) - raft.server.log.appender.buffer.byte-limit = 33554432 (custom)
2023-09-07 09:03:29,598 [main] INFO  server.GrpcService (ConfUtils.java:logGet(46)) - raft.grpc.flow.control.window = 5MB (=5242880) (custom)
2023-09-07 09:03:29,598 [main] INFO  server.RaftServerConfigKeys (ConfUtils.java:logGet(46)) - raft.server.rpc.request.timeout = 60s (custom)
2023-09-07 09:03:29,599 [main] INFO  grpc.GrpcConfigKeys (ConfUtils.java:logGet(46)) - raft.grpc.server.heartbeat.channel = true (default)
2023-09-07 09:03:29,601 [main] INFO  grpc.GrpcConfigKeys (ConfUtils.java:logGet(46)) - raft.grpc.server.async.request.thread.pool.cached = true (default)
2023-09-07 09:03:29,601 [main] INFO  grpc.GrpcConfigKeys (ConfUtils.java:logGet(46)) - raft.grpc.server.async.request.thread.pool.size = 32 (default)
2023-09-07 09:03:29,606 [main] INFO  impl.DataStreamServerImpl (ConfUtils.java:logGet(46)) - raft.datastream.type = NETTY (custom)
2023-09-07 09:03:29,618 [main] INFO  server.RaftServerConfigKeys (ConfUtils.java:logGet(46)) - raft.server.data-stream.async.request.thread.pool.cached = false (default)
2023-09-07 09:03:29,621 [main] INFO  server.RaftServerConfigKeys (ConfUtils.java:logGet(46)) - raft.server.data-stream.async.request.thread.pool.size = 20 (custom)
2023-09-07 09:03:29,622 [main] INFO  server.RaftServerConfigKeys (ConfUtils.java:logGet(46)) - raft.server.data-stream.async.write.thread.pool.size = 16 (default)
2023-09-07 09:03:29,623 [main] INFO  server.RaftServerConfigKeys (ConfUtils.java:logGet(46)) - raft.server.data-stream.client.pool.size = 10 (default)
2023-09-07 09:03:29,627 [main] INFO  netty.NettyConfigKeys$DataStream (ConfUtils.java:logGet(46)) - raft.netty.dataStream.server.use-epoll = false (default)
2023-09-07 09:03:29,627 [main] INFO  netty.NettyConfigKeys$DataStream (ConfUtils.java:logGet(46)) - raft.netty.dataStream.server.boss-group.size = 0 (default)
2023-09-07 09:03:29,639 [main] INFO  netty.NettyConfigKeys$DataStream (ConfUtils.java:logGet(46)) - raft.netty.dataStream.server.worker-group.size = 0 (default)
2023-09-07 09:03:29,642 [main] INFO  netty.NettyConfigKeys$DataStream (ConfUtils.java:logGet(46)) - raft.netty.dataStream.server.tls.conf = null (default)
2023-09-07 09:03:29,645 [main] INFO  netty.NettyConfigKeys$DataStream (ConfUtils.java:logGet(46)) - raft.netty.dataStream.host = null (default)
2023-09-07 09:03:29,645 [main] INFO  netty.NettyConfigKeys$DataStream (ConfUtils.java:logGet(46)) - raft.netty.dataStream.port = 15017 (custom)
2023-09-07 09:03:29,659 [main] INFO  server.RaftServerConfigKeys (ConfUtils.java:logGet(46)) - raft.server.threadpool.proxy.cached = true (default)
2023-09-07 09:03:29,659 [main] INFO  server.RaftServerConfigKeys (ConfUtils.java:logGet(46)) - raft.server.threadpool.proxy.size = 0 (default)
2023-09-07 09:03:29,659 [main] INFO  server.RaftServerConfigKeys (ConfUtils.java:logGet(46)) - raft.server.rpc.slowness.timeout = 300s (custom)
2023-09-07 09:03:29,659 [main] INFO  server.RaftServerConfigKeys (ConfUtils.java:logGet(46)) - raft.server.leaderelection.leader.step-down.wait-time = 10s (default)
2023-09-07 09:03:29,660 [main] INFO  server.RaftServerConfigKeys (ConfUtils.java:logGet(46)) - raft.server.storage.dir = [/home/runner/work/ozone/ozone/hadoop-ozone/integration-test/target/test-dir/MiniOzoneClusterImpl-9da26bb3-9e9b-4d78-afbb-0d838bea1ada/datanode-0/data/ratis] (custom)
2023-09-07 09:03:29,674 [125b6ccd-ab10-424e-ac54-cb3b86c02134-impl-thread1] INFO  server.RaftServer (RaftServerProxy.java:initGroupDir(258)) - 125b6ccd-ab10-424e-ac54-cb3b86c02134: found a subdirectory /home/runner/work/ozone/ozone/hadoop-ozone/integration-test/target/test-dir/MiniOzoneClusterImpl-9da26bb3-9e9b-4d78-afbb-0d838bea1ada/datanode-0/data/ratis/tmp
2023-09-07 09:03:29,675 [125b6ccd-ab10-424e-ac54-cb3b86c02134-impl-thread1] INFO  server.RaftServer (RaftServerProxy.java:initGroupDir(263)) - 125b6ccd-ab10-424e-ac54-cb3b86c02134: The directory /home/runner/work/ozone/ozone/hadoop-ozone/integration-test/target/test-dir/MiniOzoneClusterImpl-9da26bb3-9e9b-4d78-afbb-0d838bea1ada/datanode-0/data/ratis/tmp is not a group directory; ignoring it. 
2023-09-07 09:03:29,678 [main] INFO  replication.ReplicationServer (ReplicationServer.java:<init>(81)) - Initializing replication server with thread count = 10
2023-09-07 09:03:29,702 [125b6ccd-ab10-424e-ac54-cb3b86c02134-NettyServerStreamRpc-bossGroup--thread1] INFO  logging.LoggingHandler (AbstractInternalLogger.java:log(148)) - [id: 0x8d74555a] REGISTERED
2023-09-07 09:03:29,702 [125b6ccd-ab10-424e-ac54-cb3b86c02134-NettyServerStreamRpc-bossGroup--thread1] INFO  logging.LoggingHandler (AbstractInternalLogger.java:log(148)) - [id: 0x8d74555a] BIND: 0.0.0.0/0.0.0.0:15017
2023-09-07 09:03:29,703 [125b6ccd-ab10-424e-ac54-cb3b86c02134-NettyServerStreamRpc-bossGroup--thread1] INFO  logging.LoggingHandler (AbstractInternalLogger.java:log(148)) - [id: 0x8d74555a, L:/0:0:0:0:0:0:0:0:15017] ACTIVE
2023-09-07 09:03:29,712 [main] INFO  server.XceiverServerGrpc (XceiverServerGrpc.java:<init>(132)) - GrpcServer channel type EpollServerSocketChannel
2023-09-07 09:03:29,768 [main] INFO  replication.ReplicationSupervisor (ReplicationSupervisor.java:build(155)) - Initializing replication supervisor with thread count = 10
2023-09-07 09:03:29,769 [main] INFO  replication.ReplicationSupervisor (ReplicationSupervisor.java:nodeStateUpdated(307)) - Node state updated to IN_SERVICE, scaling executor pool size to 10
2023-09-07 09:03:29,846 [main] INFO  http.BaseHttpServer (BaseHttpServer.java:newHttpServer2BuilderForOzone(223)) - Starting Web-server for hddsDatanode at: http://0.0.0.0:15011
2023-09-07 09:03:29,847 [main] INFO  http.BaseHttpServer (BaseHttpServer.java:<init>(110)) - Hadoop Security Enabled: false Ozone Security Enabled: false Ozone HTTP Security Enabled: false 
2023-09-07 09:03:29,848 [main] WARN  server.AuthenticationFilter (AuthenticationFilter.java:constructSecretProvider(240)) - Unable to initialize FileSignerSecretProvider, falling back to use random secrets. Reason: Could not read signature secret file: /home/runner/hadoop-http-auth-signature-secret
2023-09-07 09:03:29,849 [main] INFO  http.HttpRequestLog (HttpRequestLog.java:getRequestLog(86)) - Http request log for http.requests.hddsDatanode is not defined
2023-09-07 09:03:29,851 [main] INFO  http.HttpServer2 (HttpServer2.java:addGlobalFilter(1031)) - Added global filter 'safety' (class=org.apache.hadoop.hdds.server.http.HttpServer2$QuotingInputFilter)
2023-09-07 09:03:29,852 [main] INFO  http.HttpServer2 (HttpServer2.java:addFilter(1007)) - Added filter static_user_filter (class=org.apache.hadoop.http.lib.StaticUserWebFilter$StaticUserFilter) to context hddsDatanode
2023-09-07 09:03:29,852 [main] INFO  http.HttpServer2 (HttpServer2.java:addFilter(1015)) - Added filter static_user_filter (class=org.apache.hadoop.http.lib.StaticUserWebFilter$StaticUserFilter) to context logs
2023-09-07 09:03:29,852 [main] INFO  http.HttpServer2 (HttpServer2.java:addFilter(1015)) - Added filter static_user_filter (class=org.apache.hadoop.http.lib.StaticUserWebFilter$StaticUserFilter) to context static
2023-09-07 09:03:29,854 [main] INFO  http.BaseHttpServer (BaseHttpServer.java:<init>(189)) - HTTP server of hddsDatanode uses base directory /home/runner/work/ozone/ozone/hadoop-ozone/integration-test/target/test-dir/MiniOzoneClusterImpl-9da26bb3-9e9b-4d78-afbb-0d838bea1ada/datanode-0/meta/webserver
2023-09-07 09:03:29,855 [main] INFO  http.HttpServer2 (HttpServer2.java:bindListener(1231)) - Jetty bound to port 15011
2023-09-07 09:03:29,855 [main] INFO  server.Server (Server.java:doStart(375)) - jetty-9.4.51.v20230217; built: 2023-02-17T08:19:37.309Z; git: b45c405e4544384de066f814ed42ae3dceacdd49; jvm 1.8.0_382-b05
2023-09-07 09:03:29,867 [main] INFO  server.session (DefaultSessionIdManager.java:doStart(334)) - DefaultSessionIdManager workerName=node0
2023-09-07 09:03:29,867 [main] INFO  server.session (DefaultSessionIdManager.java:doStart(339)) - No SessionScavenger set, using defaults
2023-09-07 09:03:29,867 [main] INFO  server.session (HouseKeeper.java:startScavenging(132)) - node0 Scavenging every 600000ms
2023-09-07 09:03:29,868 [main] INFO  handler.ContextHandler (ContextHandler.java:doStart(921)) - Started o.e.j.s.ServletContextHandler@1b715a01{logs,/logs,file:///home/runner/work/ozone/ozone/hadoop-ozone/integration-test/target/log,AVAILABLE}
2023-09-07 09:03:29,869 [main] INFO  handler.ContextHandler (ContextHandler.java:doStart(921)) - Started o.e.j.s.ServletContextHandler@7cec6062{static,/static,jar:file:/home/runner/.m2/repository/org/apache/ozone/hdds-container-service/1.4.0-SNAPSHOT/hdds-container-service-1.4.0-SNAPSHOT.jar!/webapps/static,AVAILABLE}
2023-09-07 09:03:30,140 [main] INFO  handler.ContextHandler (ContextHandler.java:doStart(921)) - Started o.e.j.w.WebAppContext@3e46cd84{hddsDatanode,/,file:///home/runner/work/ozone/ozone/hadoop-ozone/integration-test/target/test-dir/MiniOzoneClusterImpl-9da26bb3-9e9b-4d78-afbb-0d838bea1ada/datanode-0/meta/webserver/jetty-0_0_0_0-15011-hdds-container-service-1_4_0-SNAPSHOT_jar-_-any-5928753269788859841/webapp/,AVAILABLE}{jar:file:/home/runner/.m2/repository/org/apache/ozone/hdds-container-service/1.4.0-SNAPSHOT/hdds-container-service-1.4.0-SNAPSHOT.jar!/webapps/hddsDatanode}
2023-09-07 09:03:30,142 [main] INFO  server.AbstractConnector (AbstractConnector.java:doStart(333)) - Started ServerConnector@36b73165{HTTP/1.1, (http/1.1)}{0.0.0.0:15011}
2023-09-07 09:03:30,142 [main] INFO  server.Server (Server.java:doStart(415)) - Started @29173ms
2023-09-07 09:03:30,142 [main] WARN  impl.MetricsSystemImpl (MetricsSystemImpl.java:register(279)) - Sink prometheus already exists!
2023-09-07 09:03:30,144 [main] INFO  http.BaseHttpServer (BaseHttpServer.java:updateConnectorAddress(354)) - HTTP server of hddsDatanode listening at http://0.0.0.0:15011
2023-09-07 09:03:30,150 [main] INFO  ipc.CallQueueManager (CallQueueManager.java:<init>(90)) - Using callQueue: class java.util.concurrent.LinkedBlockingQueue, queueCapacity: 100, scheduler: class org.apache.hadoop.ipc.DefaultRpcScheduler, ipcBackoff: false.
2023-09-07 09:03:30,150 [main] INFO  ipc.Server (Server.java:<init>(1287)) - Listener at 0.0.0.0:15012
2023-09-07 09:03:30,151 [Socket Reader #1 for port 15012] INFO  ipc.Server (Server.java:run(1323)) - Starting Socket Reader #1 for port 15012
2023-09-07 09:03:30,160 [main] INFO  ozone.HddsDatanodeService (HddsDatanodeService.java:start(315)) - Datanode start with admins: [runner]
2023-09-07 09:03:30,160 [main] INFO  ozone.HddsDatanodeClientProtocolServer (HddsDatanodeClientProtocolServer.java:start(72)) - RPC server for Client /0.0.0.0:15012
2023-09-07 09:03:30,161 [IPC Server Responder] INFO  ipc.Server (Server.java:run(1562)) - IPC Server Responder: starting
2023-09-07 09:03:30,174 [IPC Server listener on 15012] INFO  ipc.Server (Server.java:run(1402)) - IPC Server listener on 15012: starting
2023-09-07 09:03:30,176 [Datanode State Machine Daemon Thread] INFO  statemachine.DatanodeStateMachine (DatanodeStateMachine.java:lambda$startDaemon$0(538)) - Ozone container server started.
2023-09-07 09:03:30,179 [main] WARN  impl.MetricRegistriesImpl (MetricRegistriesImpl.java:addReporterRegistration(111)) - New reporters are added after registries were created. Some metrics will be missing from the reporter. Please add reporter before adding any new registry.
2023-09-07 09:03:30,179 [main] WARN  impl.MetricRegistriesImpl (MetricRegistriesImpl.java:addReporterRegistration(111)) - New reporters are added after registries were created. Some metrics will be missing from the reporter. Please add reporter before adding any new registry.
2023-09-07 09:03:30,179 [main] INFO  impl.MetricsSystemImpl (MetricsSystemImpl.java:init(158)) - HddsDatanode metrics system started (again)
2023-09-07 09:03:30,193 [main] INFO  ozone.HddsDatanodeService (HddsDatanodeService.java:start(237)) - HddsDatanodeService host:fv-az200-880.axauvrbo4geuti20fntxkzjnxf.dx.internal.cloudapp.net ip:10.1.0.77
2023-09-07 09:03:30,229 [main] INFO  upgrade.AbstractLayoutVersionManager (AbstractLayoutVersionManager.java:init(83)) - Initializing Layout version manager with metadata layout = HADOOP_PRC_PORTS_IN_DATANODEDETAILS (version = 7), software layout = HADOOP_PRC_PORTS_IN_DATANODEDETAILS (version = 7)
2023-09-07 09:03:30,230 [main] INFO  statemachine.DatanodeStateMachine (DatanodeStateMachine.java:getEndPointTaskThreadPoolSize(282)) - Datanode State Machine Task Thread Pool size 2
2023-09-07 09:03:30,234 [main] INFO  volume.HddsVolume (HddsVolume.java:<init>(126)) - Creating HddsVolume: /home/runner/work/ozone/ozone/hadoop-ozone/integration-test/target/test-dir/MiniOzoneClusterImpl-9da26bb3-9e9b-4d78-afbb-0d838bea1ada/datanode-1/data-0/containers/hdds of storage type : DISK capacity : 9223372036854775807
2023-09-07 09:03:30,235 [main] INFO  volume.MutableVolumeSet (MutableVolumeSet.java:initializeVolumeSet(173)) - Added Volume : /home/runner/work/ozone/ozone/hadoop-ozone/integration-test/target/test-dir/MiniOzoneClusterImpl-9da26bb3-9e9b-4d78-afbb-0d838bea1ada/datanode-1/data-0/containers/hdds to VolumeSet
2023-09-07 09:03:30,238 [main] INFO  volume.MutableVolumeSet (MutableVolumeSet.java:initializeVolumeSet(173)) - Added Volume : /home/runner/work/ozone/ozone/hadoop-ozone/integration-test/target/test-dir/MiniOzoneClusterImpl-9da26bb3-9e9b-4d78-afbb-0d838bea1ada/datanode-1/data/ratis to VolumeSet
2023-09-07 09:03:30,241 [Thread-200] INFO  ozoneimpl.ContainerReader (ContainerReader.java:readVolume(177)) - Finish verifying containers on volume /home/runner/work/ozone/ozone/hadoop-ozone/integration-test/target/test-dir/MiniOzoneClusterImpl-9da26bb3-9e9b-4d78-afbb-0d838bea1ada/datanode-1/data-0/containers/hdds
2023-09-07 09:03:30,243 [main] INFO  ozoneimpl.OzoneContainer (OzoneContainer.java:buildContainerSet(314)) - Build ContainerSet costs 0s
2023-09-07 09:03:30,249 [main] INFO  server.RaftServer (ConfUtils.java:logGet(46)) - raft.rpc.type = GRPC (default)
2023-09-07 09:03:30,249 [main] INFO  grpc.GrpcConfigKeys (ConfUtils.java:logFallback(53)) - raft.grpc.admin.host = null (fallback to raft.grpc.server.host)
2023-09-07 09:03:30,250 [main] INFO  grpc.GrpcConfigKeys (ConfUtils.java:logGet(46)) - raft.grpc.admin.port = 15024 (custom)
2023-09-07 09:03:30,250 [main] INFO  grpc.GrpcConfigKeys (ConfUtils.java:logFallback(53)) - raft.grpc.client.host = null (fallback to raft.grpc.server.host)
2023-09-07 09:03:30,250 [main] INFO  grpc.GrpcConfigKeys (ConfUtils.java:logGet(46)) - raft.grpc.client.port = 15023 (custom)
2023-09-07 09:03:30,250 [main] INFO  grpc.GrpcConfigKeys (ConfUtils.java:logGet(46)) - raft.grpc.server.host = null (default)
2023-09-07 09:03:30,250 [main] INFO  grpc.GrpcConfigKeys (ConfUtils.java:logGet(46)) - raft.grpc.server.port = 15025 (custom)
2023-09-07 09:03:30,250 [main] INFO  server.GrpcService (ConfUtils.java:logGet(46)) - raft.grpc.message.size.max = 32MB (=33554432) (custom)
2023-09-07 09:03:30,251 [main] INFO  server.RaftServerConfigKeys (ConfUtils.java:logGet(46)) - raft.server.log.appender.buffer.byte-limit = 33554432 (custom)
2023-09-07 09:03:30,251 [main] INFO  server.GrpcService (ConfUtils.java:logGet(46)) - raft.grpc.flow.control.window = 5MB (=5242880) (custom)
2023-09-07 09:03:30,251 [main] INFO  server.RaftServerConfigKeys (ConfUtils.java:logGet(46)) - raft.server.rpc.request.timeout = 60s (custom)
2023-09-07 09:03:30,251 [main] INFO  grpc.GrpcConfigKeys (ConfUtils.java:logGet(46)) - raft.grpc.server.heartbeat.channel = true (default)
2023-09-07 09:03:30,251 [main] INFO  grpc.GrpcConfigKeys (ConfUtils.java:logGet(46)) - raft.grpc.server.async.request.thread.pool.cached = true (default)
2023-09-07 09:03:30,252 [main] INFO  grpc.GrpcConfigKeys (ConfUtils.java:logGet(46)) - raft.grpc.server.async.request.thread.pool.size = 32 (default)
2023-09-07 09:03:30,256 [main] INFO  impl.DataStreamServerImpl (ConfUtils.java:logGet(46)) - raft.datastream.type = NETTY (custom)
2023-09-07 09:03:30,257 [main] INFO  server.RaftServerConfigKeys (ConfUtils.java:logGet(46)) - raft.server.data-stream.async.request.thread.pool.cached = false (default)
2023-09-07 09:03:30,263 [main] INFO  server.RaftServerConfigKeys (ConfUtils.java:logGet(46)) - raft.server.data-stream.async.request.thread.pool.size = 20 (custom)
2023-09-07 09:03:30,263 [main] INFO  server.RaftServerConfigKeys (ConfUtils.java:logGet(46)) - raft.server.data-stream.async.write.thread.pool.size = 16 (default)
2023-09-07 09:03:30,264 [main] INFO  server.RaftServerConfigKeys (ConfUtils.java:logGet(46)) - raft.server.data-stream.client.pool.size = 10 (default)
2023-09-07 09:03:30,264 [main] INFO  netty.NettyConfigKeys$DataStream (ConfUtils.java:logGet(46)) - raft.netty.dataStream.server.use-epoll = false (default)
2023-09-07 09:03:30,264 [main] INFO  netty.NettyConfigKeys$DataStream (ConfUtils.java:logGet(46)) - raft.netty.dataStream.server.boss-group.size = 0 (default)
2023-09-07 09:03:30,265 [main] INFO  netty.NettyConfigKeys$DataStream (ConfUtils.java:logGet(46)) - raft.netty.dataStream.server.worker-group.size = 0 (default)
2023-09-07 09:03:30,266 [Datanode State Machine Task Thread - 0] INFO  statemachine.SCMConnectionManager (SCMConnectionManager.java:addReconServer(183)) - Adding Recon Server : /0.0.0.0:15009
2023-09-07 09:03:30,266 [main] INFO  netty.NettyConfigKeys$DataStream (ConfUtils.java:logGet(46)) - raft.netty.dataStream.server.tls.conf = null (default)
2023-09-07 09:03:30,271 [main] INFO  netty.NettyConfigKeys$DataStream (ConfUtils.java:logGet(46)) - raft.netty.dataStream.host = null (default)
2023-09-07 09:03:30,271 [main] INFO  netty.NettyConfigKeys$DataStream (ConfUtils.java:logGet(46)) - raft.netty.dataStream.port = 15026 (custom)
2023-09-07 09:03:30,276 [main] INFO  server.RaftServerConfigKeys (ConfUtils.java:logGet(46)) - raft.server.threadpool.proxy.cached = true (default)
2023-09-07 09:03:30,277 [main] INFO  server.RaftServerConfigKeys (ConfUtils.java:logGet(46)) - raft.server.threadpool.proxy.size = 0 (default)
2023-09-07 09:03:30,277 [main] INFO  server.RaftServerConfigKeys (ConfUtils.java:logGet(46)) - raft.server.rpc.slowness.timeout = 300s (custom)
2023-09-07 09:03:30,277 [main] INFO  server.RaftServerConfigKeys (ConfUtils.java:logGet(46)) - raft.server.leaderelection.leader.step-down.wait-time = 10s (default)
2023-09-07 09:03:30,277 [main] INFO  server.RaftServerConfigKeys (ConfUtils.java:logGet(46)) - raft.server.storage.dir = [/home/runner/work/ozone/ozone/hadoop-ozone/integration-test/target/test-dir/MiniOzoneClusterImpl-9da26bb3-9e9b-4d78-afbb-0d838bea1ada/datanode-1/data/ratis] (custom)
2023-09-07 09:03:30,294 [8aaa379b-76d2-401e-9e9b-5f71144f2a0c-impl-thread1] INFO  server.RaftServer (RaftServerProxy.java:initGroupDir(258)) - 8aaa379b-76d2-401e-9e9b-5f71144f2a0c: found a subdirectory /home/runner/work/ozone/ozone/hadoop-ozone/integration-test/target/test-dir/MiniOzoneClusterImpl-9da26bb3-9e9b-4d78-afbb-0d838bea1ada/datanode-1/data/ratis/tmp
2023-09-07 09:03:30,294 [8aaa379b-76d2-401e-9e9b-5f71144f2a0c-impl-thread1] INFO  server.RaftServer (RaftServerProxy.java:initGroupDir(263)) - 8aaa379b-76d2-401e-9e9b-5f71144f2a0c: The directory /home/runner/work/ozone/ozone/hadoop-ozone/integration-test/target/test-dir/MiniOzoneClusterImpl-9da26bb3-9e9b-4d78-afbb-0d838bea1ada/datanode-1/data/ratis/tmp is not a group directory; ignoring it. 
2023-09-07 09:03:30,294 [main] INFO  replication.ReplicationServer (ReplicationServer.java:<init>(81)) - Initializing replication server with thread count = 10
2023-09-07 09:03:30,297 [main] INFO  server.XceiverServerGrpc (XceiverServerGrpc.java:<init>(132)) - GrpcServer channel type EpollServerSocketChannel
2023-09-07 09:03:30,294 [8aaa379b-76d2-401e-9e9b-5f71144f2a0c-NettyServerStreamRpc-bossGroup--thread1] INFO  logging.LoggingHandler (AbstractInternalLogger.java:log(148)) - [id: 0xefdef20d] REGISTERED
2023-09-07 09:03:30,302 [8aaa379b-76d2-401e-9e9b-5f71144f2a0c-NettyServerStreamRpc-bossGroup--thread1] INFO  logging.LoggingHandler (AbstractInternalLogger.java:log(148)) - [id: 0xefdef20d] BIND: 0.0.0.0/0.0.0.0:15026
2023-09-07 09:03:30,303 [8aaa379b-76d2-401e-9e9b-5f71144f2a0c-NettyServerStreamRpc-bossGroup--thread1] INFO  logging.LoggingHandler (AbstractInternalLogger.java:log(148)) - [id: 0xefdef20d, L:/0:0:0:0:0:0:0:0:15026] ACTIVE
2023-09-07 09:03:30,306 [main] INFO  replication.ReplicationSupervisor (ReplicationSupervisor.java:build(155)) - Initializing replication supervisor with thread count = 10
2023-09-07 09:03:30,306 [main] INFO  replication.ReplicationSupervisor (ReplicationSupervisor.java:nodeStateUpdated(307)) - Node state updated to IN_SERVICE, scaling executor pool size to 10
2023-09-07 09:03:30,313 [main] INFO  http.BaseHttpServer (BaseHttpServer.java:newHttpServer2BuilderForOzone(223)) - Starting Web-server for hddsDatanode at: http://0.0.0.0:15020
2023-09-07 09:03:30,313 [main] INFO  http.BaseHttpServer (BaseHttpServer.java:<init>(110)) - Hadoop Security Enabled: false Ozone Security Enabled: false Ozone HTTP Security Enabled: false 
2023-09-07 09:03:30,315 [main] WARN  server.AuthenticationFilter (AuthenticationFilter.java:constructSecretProvider(240)) - Unable to initialize FileSignerSecretProvider, falling back to use random secrets. Reason: Could not read signature secret file: /home/runner/hadoop-http-auth-signature-secret
2023-09-07 09:03:30,327 [main] INFO  http.HttpRequestLog (HttpRequestLog.java:getRequestLog(86)) - Http request log for http.requests.hddsDatanode is not defined
2023-09-07 09:03:30,329 [main] INFO  http.HttpServer2 (HttpServer2.java:addGlobalFilter(1031)) - Added global filter 'safety' (class=org.apache.hadoop.hdds.server.http.HttpServer2$QuotingInputFilter)
2023-09-07 09:03:30,332 [main] INFO  http.HttpServer2 (HttpServer2.java:addFilter(1007)) - Added filter static_user_filter (class=org.apache.hadoop.http.lib.StaticUserWebFilter$StaticUserFilter) to context hddsDatanode
2023-09-07 09:03:30,333 [main] INFO  http.HttpServer2 (HttpServer2.java:addFilter(1015)) - Added filter static_user_filter (class=org.apache.hadoop.http.lib.StaticUserWebFilter$StaticUserFilter) to context logs
2023-09-07 09:03:30,333 [main] INFO  http.HttpServer2 (HttpServer2.java:addFilter(1015)) - Added filter static_user_filter (class=org.apache.hadoop.http.lib.StaticUserWebFilter$StaticUserFilter) to context static
2023-09-07 09:03:30,334 [main] INFO  http.BaseHttpServer (BaseHttpServer.java:<init>(189)) - HTTP server of hddsDatanode uses base directory /home/runner/work/ozone/ozone/hadoop-ozone/integration-test/target/test-dir/MiniOzoneClusterImpl-9da26bb3-9e9b-4d78-afbb-0d838bea1ada/datanode-1/meta/webserver
2023-09-07 09:03:30,334 [main] INFO  http.HttpServer2 (HttpServer2.java:bindListener(1231)) - Jetty bound to port 15020
2023-09-07 09:03:30,334 [main] INFO  server.Server (Server.java:doStart(375)) - jetty-9.4.51.v20230217; built: 2023-02-17T08:19:37.309Z; git: b45c405e4544384de066f814ed42ae3dceacdd49; jvm 1.8.0_382-b05
2023-09-07 09:03:30,342 [main] INFO  server.session (DefaultSessionIdManager.java:doStart(334)) - DefaultSessionIdManager workerName=node0
2023-09-07 09:03:30,342 [main] INFO  server.session (DefaultSessionIdManager.java:doStart(339)) - No SessionScavenger set, using defaults
2023-09-07 09:03:30,342 [main] INFO  server.session (HouseKeeper.java:startScavenging(132)) - node0 Scavenging every 660000ms
2023-09-07 09:03:30,344 [main] INFO  handler.ContextHandler (ContextHandler.java:doStart(921)) - Started o.e.j.s.ServletContextHandler@629102e5{logs,/logs,file:///home/runner/work/ozone/ozone/hadoop-ozone/integration-test/target/log,AVAILABLE}
2023-09-07 09:03:30,346 [main] INFO  handler.ContextHandler (ContextHandler.java:doStart(921)) - Started o.e.j.s.ServletContextHandler@38850b00{static,/static,jar:file:/home/runner/.m2/repository/org/apache/ozone/hdds-container-service/1.4.0-SNAPSHOT/hdds-container-service-1.4.0-SNAPSHOT.jar!/webapps/static,AVAILABLE}
2023-09-07 09:03:30,397 [Datanode State Machine Task Thread - 0] INFO  datanode.InitDatanodeState (InitDatanodeState.java:persistContainerDatanodeDetails(138)) - DatanodeDetails is persisted to /home/runner/work/ozone/ozone/hadoop-ozone/integration-test/target/test-dir/MiniOzoneClusterImpl-9da26bb3-9e9b-4d78-afbb-0d838bea1ada/datanode-0/meta/datanode.id
2023-09-07 09:03:30,655 [main] INFO  handler.ContextHandler (ContextHandler.java:doStart(921)) - Started o.e.j.w.WebAppContext@669fd65c{hddsDatanode,/,file:///home/runner/work/ozone/ozone/hadoop-ozone/integration-test/target/test-dir/MiniOzoneClusterImpl-9da26bb3-9e9b-4d78-afbb-0d838bea1ada/datanode-1/meta/webserver/jetty-0_0_0_0-15020-hdds-container-service-1_4_0-SNAPSHOT_jar-_-any-5423537135254651082/webapp/,AVAILABLE}{jar:file:/home/runner/.m2/repository/org/apache/ozone/hdds-container-service/1.4.0-SNAPSHOT/hdds-container-service-1.4.0-SNAPSHOT.jar!/webapps/hddsDatanode}
2023-09-07 09:03:30,658 [main] INFO  server.AbstractConnector (AbstractConnector.java:doStart(333)) - Started ServerConnector@6e3d0ca8{HTTP/1.1, (http/1.1)}{0.0.0.0:15020}
2023-09-07 09:03:30,659 [main] INFO  server.Server (Server.java:doStart(415)) - Started @29690ms
2023-09-07 09:03:30,659 [main] WARN  impl.MetricsSystemImpl (MetricsSystemImpl.java:register(279)) - Sink prometheus already exists!
2023-09-07 09:03:30,660 [main] INFO  http.BaseHttpServer (BaseHttpServer.java:updateConnectorAddress(354)) - HTTP server of hddsDatanode listening at http://0.0.0.0:15020
2023-09-07 09:03:30,660 [main] INFO  ipc.CallQueueManager (CallQueueManager.java:<init>(90)) - Using callQueue: class java.util.concurrent.LinkedBlockingQueue, queueCapacity: 100, scheduler: class org.apache.hadoop.ipc.DefaultRpcScheduler, ipcBackoff: false.
2023-09-07 09:03:30,661 [main] INFO  ipc.Server (Server.java:<init>(1287)) - Listener at 0.0.0.0:15021
2023-09-07 09:03:30,661 [Socket Reader #1 for port 15021] INFO  ipc.Server (Server.java:run(1323)) - Starting Socket Reader #1 for port 15021
2023-09-07 09:03:30,665 [main] INFO  ozone.HddsDatanodeService (HddsDatanodeService.java:start(315)) - Datanode start with admins: [runner]
2023-09-07 09:03:30,666 [main] INFO  ozone.HddsDatanodeClientProtocolServer (HddsDatanodeClientProtocolServer.java:start(72)) - RPC server for Client /0.0.0.0:15021
2023-09-07 09:03:30,669 [IPC Server Responder] INFO  ipc.Server (Server.java:run(1562)) - IPC Server Responder: starting
2023-09-07 09:03:30,671 [IPC Server listener on 15021] INFO  ipc.Server (Server.java:run(1402)) - IPC Server listener on 15021: starting
2023-09-07 09:03:30,672 [main] WARN  impl.MetricRegistriesImpl (MetricRegistriesImpl.java:addReporterRegistration(111)) - New reporters are added after registries were created. Some metrics will be missing from the reporter. Please add reporter before adding any new registry.
2023-09-07 09:03:30,672 [main] WARN  impl.MetricRegistriesImpl (MetricRegistriesImpl.java:addReporterRegistration(111)) - New reporters are added after registries were created. Some metrics will be missing from the reporter. Please add reporter before adding any new registry.
2023-09-07 09:03:30,673 [main] INFO  impl.MetricsSystemImpl (MetricsSystemImpl.java:init(158)) - HddsDatanode metrics system started (again)
2023-09-07 09:03:30,679 [Datanode State Machine Daemon Thread] INFO  statemachine.DatanodeStateMachine (DatanodeStateMachine.java:lambda$startDaemon$0(538)) - Ozone container server started.
2023-09-07 09:03:30,693 [Datanode State Machine Task Thread - 0] INFO  statemachine.SCMConnectionManager (SCMConnectionManager.java:addReconServer(183)) - Adding Recon Server : /0.0.0.0:15009
2023-09-07 09:03:30,696 [main] INFO  ozone.HddsDatanodeService (HddsDatanodeService.java:start(237)) - HddsDatanodeService host:fv-az200-880.axauvrbo4geuti20fntxkzjnxf.dx.internal.cloudapp.net ip:10.1.0.77
2023-09-07 09:03:30,707 [Datanode State Machine Task Thread - 0] INFO  datanode.InitDatanodeState (InitDatanodeState.java:persistContainerDatanodeDetails(138)) - DatanodeDetails is persisted to /home/runner/work/ozone/ozone/hadoop-ozone/integration-test/target/test-dir/MiniOzoneClusterImpl-9da26bb3-9e9b-4d78-afbb-0d838bea1ada/datanode-1/meta/datanode.id
2023-09-07 09:03:30,732 [main] INFO  upgrade.AbstractLayoutVersionManager (AbstractLayoutVersionManager.java:init(83)) - Initializing Layout version manager with metadata layout = HADOOP_PRC_PORTS_IN_DATANODEDETAILS (version = 7), software layout = HADOOP_PRC_PORTS_IN_DATANODEDETAILS (version = 7)
2023-09-07 09:03:30,733 [main] INFO  statemachine.DatanodeStateMachine (DatanodeStateMachine.java:getEndPointTaskThreadPoolSize(282)) - Datanode State Machine Task Thread Pool size 2
2023-09-07 09:03:30,735 [main] INFO  volume.HddsVolume (HddsVolume.java:<init>(126)) - Creating HddsVolume: /home/runner/work/ozone/ozone/hadoop-ozone/integration-test/target/test-dir/MiniOzoneClusterImpl-9da26bb3-9e9b-4d78-afbb-0d838bea1ada/datanode-2/data-0/containers/hdds of storage type : DISK capacity : 9223372036854775807
2023-09-07 09:03:30,736 [main] INFO  volume.MutableVolumeSet (MutableVolumeSet.java:initializeVolumeSet(173)) - Added Volume : /home/runner/work/ozone/ozone/hadoop-ozone/integration-test/target/test-dir/MiniOzoneClusterImpl-9da26bb3-9e9b-4d78-afbb-0d838bea1ada/datanode-2/data-0/containers/hdds to VolumeSet
2023-09-07 09:03:30,737 [main] INFO  volume.MutableVolumeSet (MutableVolumeSet.java:initializeVolumeSet(173)) - Added Volume : /home/runner/work/ozone/ozone/hadoop-ozone/integration-test/target/test-dir/MiniOzoneClusterImpl-9da26bb3-9e9b-4d78-afbb-0d838bea1ada/datanode-2/data/ratis to VolumeSet
2023-09-07 09:03:30,738 [Thread-217] INFO  ozoneimpl.ContainerReader (ContainerReader.java:readVolume(177)) - Finish verifying containers on volume /home/runner/work/ozone/ozone/hadoop-ozone/integration-test/target/test-dir/MiniOzoneClusterImpl-9da26bb3-9e9b-4d78-afbb-0d838bea1ada/datanode-2/data-0/containers/hdds
2023-09-07 09:03:30,739 [main] INFO  ozoneimpl.OzoneContainer (OzoneContainer.java:buildContainerSet(314)) - Build ContainerSet costs 0s
2023-09-07 09:03:30,743 [main] INFO  server.RaftServer (ConfUtils.java:logGet(46)) - raft.rpc.type = GRPC (default)
2023-09-07 09:03:30,743 [main] INFO  grpc.GrpcConfigKeys (ConfUtils.java:logFallback(53)) - raft.grpc.admin.host = null (fallback to raft.grpc.server.host)
2023-09-07 09:03:30,744 [main] INFO  grpc.GrpcConfigKeys (ConfUtils.java:logGet(46)) - raft.grpc.admin.port = 15033 (custom)
2023-09-07 09:03:30,744 [main] INFO  grpc.GrpcConfigKeys (ConfUtils.java:logFallback(53)) - raft.grpc.client.host = null (fallback to raft.grpc.server.host)
2023-09-07 09:03:30,744 [main] INFO  grpc.GrpcConfigKeys (ConfUtils.java:logGet(46)) - raft.grpc.client.port = 15032 (custom)
2023-09-07 09:03:30,744 [main] INFO  grpc.GrpcConfigKeys (ConfUtils.java:logGet(46)) - raft.grpc.server.host = null (default)
2023-09-07 09:03:30,744 [main] INFO  grpc.GrpcConfigKeys (ConfUtils.java:logGet(46)) - raft.grpc.server.port = 15034 (custom)
2023-09-07 09:03:30,744 [main] INFO  server.GrpcService (ConfUtils.java:logGet(46)) - raft.grpc.message.size.max = 32MB (=33554432) (custom)
2023-09-07 09:03:30,745 [main] INFO  server.RaftServerConfigKeys (ConfUtils.java:logGet(46)) - raft.server.log.appender.buffer.byte-limit = 33554432 (custom)
2023-09-07 09:03:30,745 [main] INFO  server.GrpcService (ConfUtils.java:logGet(46)) - raft.grpc.flow.control.window = 5MB (=5242880) (custom)
2023-09-07 09:03:30,745 [main] INFO  server.RaftServerConfigKeys (ConfUtils.java:logGet(46)) - raft.server.rpc.request.timeout = 60s (custom)
2023-09-07 09:03:30,745 [main] INFO  grpc.GrpcConfigKeys (ConfUtils.java:logGet(46)) - raft.grpc.server.heartbeat.channel = true (default)
2023-09-07 09:03:30,746 [main] INFO  grpc.GrpcConfigKeys (ConfUtils.java:logGet(46)) - raft.grpc.server.async.request.thread.pool.cached = true (default)
2023-09-07 09:03:30,746 [main] INFO  grpc.GrpcConfigKeys (ConfUtils.java:logGet(46)) - raft.grpc.server.async.request.thread.pool.size = 32 (default)
2023-09-07 09:03:30,751 [main] INFO  impl.DataStreamServerImpl (ConfUtils.java:logGet(46)) - raft.datastream.type = NETTY (custom)
2023-09-07 09:03:30,752 [main] INFO  server.RaftServerConfigKeys (ConfUtils.java:logGet(46)) - raft.server.data-stream.async.request.thread.pool.cached = false (default)
2023-09-07 09:03:30,752 [main] INFO  server.RaftServerConfigKeys (ConfUtils.java:logGet(46)) - raft.server.data-stream.async.request.thread.pool.size = 20 (custom)
2023-09-07 09:03:30,753 [main] INFO  server.RaftServerConfigKeys (ConfUtils.java:logGet(46)) - raft.server.data-stream.async.write.thread.pool.size = 16 (default)
2023-09-07 09:03:30,753 [main] INFO  server.RaftServerConfigKeys (ConfUtils.java:logGet(46)) - raft.server.data-stream.client.pool.size = 10 (default)
2023-09-07 09:03:30,753 [main] INFO  netty.NettyConfigKeys$DataStream (ConfUtils.java:logGet(46)) - raft.netty.dataStream.server.use-epoll = false (default)
2023-09-07 09:03:30,753 [main] INFO  netty.NettyConfigKeys$DataStream (ConfUtils.java:logGet(46)) - raft.netty.dataStream.server.boss-group.size = 0 (default)
2023-09-07 09:03:30,754 [main] INFO  netty.NettyConfigKeys$DataStream (ConfUtils.java:logGet(46)) - raft.netty.dataStream.server.worker-group.size = 0 (default)
2023-09-07 09:03:30,755 [main] INFO  netty.NettyConfigKeys$DataStream (ConfUtils.java:logGet(46)) - raft.netty.dataStream.server.tls.conf = null (default)
2023-09-07 09:03:30,755 [main] INFO  netty.NettyConfigKeys$DataStream (ConfUtils.java:logGet(46)) - raft.netty.dataStream.host = null (default)
2023-09-07 09:03:30,755 [main] INFO  netty.NettyConfigKeys$DataStream (ConfUtils.java:logGet(46)) - raft.netty.dataStream.port = 15035 (custom)
2023-09-07 09:03:30,759 [main] INFO  server.RaftServerConfigKeys (ConfUtils.java:logGet(46)) - raft.server.threadpool.proxy.cached = true (default)
2023-09-07 09:03:30,760 [main] INFO  server.RaftServerConfigKeys (ConfUtils.java:logGet(46)) - raft.server.threadpool.proxy.size = 0 (default)
2023-09-07 09:03:30,760 [e4211b8b-b648-43cb-96ad-95a5188c1410-NettyServerStreamRpc-bossGroup--thread1] INFO  logging.LoggingHandler (AbstractInternalLogger.java:log(148)) - [id: 0xe3d3a3d3] REGISTERED
2023-09-07 09:03:30,761 [main] INFO  server.RaftServerConfigKeys (ConfUtils.java:logGet(46)) - raft.server.rpc.slowness.timeout = 300s (custom)
2023-09-07 09:03:30,761 [e4211b8b-b648-43cb-96ad-95a5188c1410-NettyServerStreamRpc-bossGroup--thread1] INFO  logging.LoggingHandler (AbstractInternalLogger.java:log(148)) - [id: 0xe3d3a3d3] BIND: 0.0.0.0/0.0.0.0:15035
2023-09-07 09:03:30,761 [main] INFO  server.RaftServerConfigKeys (ConfUtils.java:logGet(46)) - raft.server.leaderelection.leader.step-down.wait-time = 10s (default)
2023-09-07 09:03:30,761 [e4211b8b-b648-43cb-96ad-95a5188c1410-NettyServerStreamRpc-bossGroup--thread1] INFO  logging.LoggingHandler (AbstractInternalLogger.java:log(148)) - [id: 0xe3d3a3d3, L:/0:0:0:0:0:0:0:0:15035] ACTIVE
2023-09-07 09:03:30,761 [main] INFO  server.RaftServerConfigKeys (ConfUtils.java:logGet(46)) - raft.server.storage.dir = [/home/runner/work/ozone/ozone/hadoop-ozone/integration-test/target/test-dir/MiniOzoneClusterImpl-9da26bb3-9e9b-4d78-afbb-0d838bea1ada/datanode-2/data/ratis] (custom)
2023-09-07 09:03:30,762 [e4211b8b-b648-43cb-96ad-95a5188c1410-impl-thread1] INFO  server.RaftServer (RaftServerProxy.java:initGroupDir(258)) - e4211b8b-b648-43cb-96ad-95a5188c1410: found a subdirectory /home/runner/work/ozone/ozone/hadoop-ozone/integration-test/target/test-dir/MiniOzoneClusterImpl-9da26bb3-9e9b-4d78-afbb-0d838bea1ada/datanode-2/data/ratis/tmp
2023-09-07 09:03:30,762 [e4211b8b-b648-43cb-96ad-95a5188c1410-impl-thread1] INFO  server.RaftServer (RaftServerProxy.java:initGroupDir(263)) - e4211b8b-b648-43cb-96ad-95a5188c1410: The directory /home/runner/work/ozone/ozone/hadoop-ozone/integration-test/target/test-dir/MiniOzoneClusterImpl-9da26bb3-9e9b-4d78-afbb-0d838bea1ada/datanode-2/data/ratis/tmp is not a group directory; ignoring it. 
2023-09-07 09:03:30,763 [main] INFO  replication.ReplicationServer (ReplicationServer.java:<init>(81)) - Initializing replication server with thread count = 10
2023-09-07 09:03:30,764 [main] INFO  server.XceiverServerGrpc (XceiverServerGrpc.java:<init>(132)) - GrpcServer channel type EpollServerSocketChannel
2023-09-07 09:03:30,768 [main] INFO  replication.ReplicationSupervisor (ReplicationSupervisor.java:build(155)) - Initializing replication supervisor with thread count = 10
2023-09-07 09:03:30,768 [main] INFO  replication.ReplicationSupervisor (ReplicationSupervisor.java:nodeStateUpdated(307)) - Node state updated to IN_SERVICE, scaling executor pool size to 10
2023-09-07 09:03:30,771 [main] INFO  http.BaseHttpServer (BaseHttpServer.java:newHttpServer2BuilderForOzone(223)) - Starting Web-server for hddsDatanode at: http://0.0.0.0:15029
2023-09-07 09:03:30,771 [main] INFO  http.BaseHttpServer (BaseHttpServer.java:<init>(110)) - Hadoop Security Enabled: false Ozone Security Enabled: false Ozone HTTP Security Enabled: false 
2023-09-07 09:03:30,774 [main] WARN  server.AuthenticationFilter (AuthenticationFilter.java:constructSecretProvider(240)) - Unable to initialize FileSignerSecretProvider, falling back to use random secrets. Reason: Could not read signature secret file: /home/runner/hadoop-http-auth-signature-secret
2023-09-07 09:03:30,774 [main] INFO  http.HttpRequestLog (HttpRequestLog.java:getRequestLog(86)) - Http request log for http.requests.hddsDatanode is not defined
2023-09-07 09:03:30,776 [main] INFO  http.HttpServer2 (HttpServer2.java:addGlobalFilter(1031)) - Added global filter 'safety' (class=org.apache.hadoop.hdds.server.http.HttpServer2$QuotingInputFilter)
2023-09-07 09:03:30,777 [main] INFO  http.HttpServer2 (HttpServer2.java:addFilter(1007)) - Added filter static_user_filter (class=org.apache.hadoop.http.lib.StaticUserWebFilter$StaticUserFilter) to context hddsDatanode
2023-09-07 09:03:30,777 [main] INFO  http.HttpServer2 (HttpServer2.java:addFilter(1015)) - Added filter static_user_filter (class=org.apache.hadoop.http.lib.StaticUserWebFilter$StaticUserFilter) to context static
2023-09-07 09:03:30,777 [main] INFO  http.HttpServer2 (HttpServer2.java:addFilter(1015)) - Added filter static_user_filter (class=org.apache.hadoop.http.lib.StaticUserWebFilter$StaticUserFilter) to context logs
2023-09-07 09:03:30,778 [main] INFO  http.BaseHttpServer (BaseHttpServer.java:<init>(189)) - HTTP server of hddsDatanode uses base directory /home/runner/work/ozone/ozone/hadoop-ozone/integration-test/target/test-dir/MiniOzoneClusterImpl-9da26bb3-9e9b-4d78-afbb-0d838bea1ada/datanode-2/meta/webserver
2023-09-07 09:03:30,779 [main] INFO  http.HttpServer2 (HttpServer2.java:bindListener(1231)) - Jetty bound to port 15029
2023-09-07 09:03:30,779 [main] INFO  server.Server (Server.java:doStart(375)) - jetty-9.4.51.v20230217; built: 2023-02-17T08:19:37.309Z; git: b45c405e4544384de066f814ed42ae3dceacdd49; jvm 1.8.0_382-b05
2023-09-07 09:03:30,781 [main] INFO  server.session (DefaultSessionIdManager.java:doStart(334)) - DefaultSessionIdManager workerName=node0
2023-09-07 09:03:30,781 [main] INFO  server.session (DefaultSessionIdManager.java:doStart(339)) - No SessionScavenger set, using defaults
2023-09-07 09:03:30,782 [main] INFO  server.session (HouseKeeper.java:startScavenging(132)) - node0 Scavenging every 600000ms
2023-09-07 09:03:30,782 [main] INFO  handler.ContextHandler (ContextHandler.java:doStart(921)) - Started o.e.j.s.ServletContextHandler@6b776972{logs,/logs,file:///home/runner/work/ozone/ozone/hadoop-ozone/integration-test/target/log,AVAILABLE}
2023-09-07 09:03:30,783 [main] INFO  handler.ContextHandler (ContextHandler.java:doStart(921)) - Started o.e.j.s.ServletContextHandler@63dd1cdc{static,/static,jar:file:/home/runner/.m2/repository/org/apache/ozone/hdds-container-service/1.4.0-SNAPSHOT/hdds-container-service-1.4.0-SNAPSHOT.jar!/webapps/static,AVAILABLE}
2023-09-07 09:03:31,045 [main] INFO  handler.ContextHandler (ContextHandler.java:doStart(921)) - Started o.e.j.w.WebAppContext@5675ce06{hddsDatanode,/,file:///home/runner/work/ozone/ozone/hadoop-ozone/integration-test/target/test-dir/MiniOzoneClusterImpl-9da26bb3-9e9b-4d78-afbb-0d838bea1ada/datanode-2/meta/webserver/jetty-0_0_0_0-15029-hdds-container-service-1_4_0-SNAPSHOT_jar-_-any-6733533481324491232/webapp/,AVAILABLE}{jar:file:/home/runner/.m2/repository/org/apache/ozone/hdds-container-service/1.4.0-SNAPSHOT/hdds-container-service-1.4.0-SNAPSHOT.jar!/webapps/hddsDatanode}
2023-09-07 09:03:31,047 [main] INFO  server.AbstractConnector (AbstractConnector.java:doStart(333)) - Started ServerConnector@19d47ee1{HTTP/1.1, (http/1.1)}{0.0.0.0:15029}
2023-09-07 09:03:31,047 [main] INFO  server.Server (Server.java:doStart(415)) - Started @30078ms
2023-09-07 09:03:31,047 [main] WARN  impl.MetricsSystemImpl (MetricsSystemImpl.java:register(279)) - Sink prometheus already exists!
2023-09-07 09:03:31,048 [main] INFO  http.BaseHttpServer (BaseHttpServer.java:updateConnectorAddress(354)) - HTTP server of hddsDatanode listening at http://0.0.0.0:15029
2023-09-07 09:03:31,048 [main] INFO  ipc.CallQueueManager (CallQueueManager.java:<init>(90)) - Using callQueue: class java.util.concurrent.LinkedBlockingQueue, queueCapacity: 100, scheduler: class org.apache.hadoop.ipc.DefaultRpcScheduler, ipcBackoff: false.
2023-09-07 09:03:31,049 [main] INFO  ipc.Server (Server.java:<init>(1287)) - Listener at 0.0.0.0:15030
2023-09-07 09:03:31,049 [Socket Reader #1 for port 15030] INFO  ipc.Server (Server.java:run(1323)) - Starting Socket Reader #1 for port 15030
2023-09-07 09:03:31,052 [main] INFO  ozone.HddsDatanodeService (HddsDatanodeService.java:start(315)) - Datanode start with admins: [runner]
2023-09-07 09:03:31,052 [main] INFO  ozone.HddsDatanodeClientProtocolServer (HddsDatanodeClientProtocolServer.java:start(72)) - RPC server for Client /0.0.0.0:15030
2023-09-07 09:03:31,052 [IPC Server Responder] INFO  ipc.Server (Server.java:run(1562)) - IPC Server Responder: starting
2023-09-07 09:03:31,053 [Datanode State Machine Daemon Thread] INFO  statemachine.DatanodeStateMachine (DatanodeStateMachine.java:lambda$startDaemon$0(538)) - Ozone container server started.
2023-09-07 09:03:31,053 [IPC Server listener on 15030] INFO  ipc.Server (Server.java:run(1402)) - IPC Server listener on 15030: starting
2023-09-07 09:03:31,054 [main] INFO  ozone.MiniOzoneClusterImpl (MiniOzoneClusterImpl.java:lambda$waitForClusterToBeReady$0(224)) - Waiting for nodes to be ready. Got 0 of 3 DN Heartbeats.
2023-09-07 09:03:31,054 [main] INFO  ozone.MiniOzoneClusterImpl (MiniOzoneClusterImpl.java:lambda$waitForClusterToBeReady$0(227)) - Waiting for cluster to exit safe mode
2023-09-07 09:03:31,054 [main] INFO  ozone.MiniOzoneClusterImpl (MiniOzoneClusterImpl.java:lambda$waitForClusterToBeReady$0(229)) - SCM became leader
2023-09-07 09:03:31,061 [Datanode State Machine Task Thread - 0] INFO  statemachine.SCMConnectionManager (SCMConnectionManager.java:addReconServer(183)) - Adding Recon Server : /0.0.0.0:15009
2023-09-07 09:03:31,067 [Datanode State Machine Task Thread - 0] INFO  datanode.InitDatanodeState (InitDatanodeState.java:persistContainerDatanodeDetails(138)) - DatanodeDetails is persisted to /home/runner/work/ozone/ozone/hadoop-ozone/integration-test/target/test-dir/MiniOzoneClusterImpl-9da26bb3-9e9b-4d78-afbb-0d838bea1ada/datanode-2/meta/datanode.id
2023-09-07 09:03:32,055 [main] INFO  ozone.MiniOzoneClusterImpl (MiniOzoneClusterImpl.java:lambda$waitForClusterToBeReady$0(224)) - Waiting for nodes to be ready. Got 0 of 3 DN Heartbeats.
2023-09-07 09:03:32,055 [main] INFO  ozone.MiniOzoneClusterImpl (MiniOzoneClusterImpl.java:lambda$waitForClusterToBeReady$0(227)) - Waiting for cluster to exit safe mode
2023-09-07 09:03:32,055 [main] INFO  ozone.MiniOzoneClusterImpl (MiniOzoneClusterImpl.java:lambda$waitForClusterToBeReady$0(229)) - SCM became leader
2023-09-07 09:03:32,357 [EndpointStateMachine task thread for /0.0.0.0:15002 - 0 ] INFO  utils.DatanodeStoreCache (DatanodeStoreCache.java:addDB(66)) - Added db /home/runner/work/ozone/ozone/hadoop-ozone/integration-test/target/test-dir/MiniOzoneClusterImpl-9da26bb3-9e9b-4d78-afbb-0d838bea1ada/datanode-0/data-0/containers/hdds/9da26bb3-9e9b-4d78-afbb-0d838bea1ada/DS-d7693a4a-61a7-4251-9f13-6a923d3f1778/container.db to cache
2023-09-07 09:03:32,357 [EndpointStateMachine task thread for /0.0.0.0:15002 - 0 ] INFO  volume.HddsVolume (HddsVolume.java:createDbStore(422)) - SchemaV3 db is created and loaded at /home/runner/work/ozone/ozone/hadoop-ozone/integration-test/target/test-dir/MiniOzoneClusterImpl-9da26bb3-9e9b-4d78-afbb-0d838bea1ada/datanode-0/data-0/containers/hdds/9da26bb3-9e9b-4d78-afbb-0d838bea1ada/DS-d7693a4a-61a7-4251-9f13-6a923d3f1778/container.db for volume DS-d7693a4a-61a7-4251-9f13-6a923d3f1778
2023-09-07 09:03:32,366 [EndpointStateMachine task thread for /0.0.0.0:15002 - 0 ] INFO  volume.ThrottledAsyncChecker (ThrottledAsyncChecker.java:schedule(141)) - Scheduling a check for /home/runner/work/ozone/ozone/hadoop-ozone/integration-test/target/test-dir/MiniOzoneClusterImpl-9da26bb3-9e9b-4d78-afbb-0d838bea1ada/datanode-0/data-0/containers/hdds
2023-09-07 09:03:32,386 [EndpointStateMachine task thread for /0.0.0.0:15002 - 0 ] INFO  volume.StorageVolumeChecker (StorageVolumeChecker.java:checkAllVolumes(213)) - Scheduled health check for volume /home/runner/work/ozone/ozone/hadoop-ozone/integration-test/target/test-dir/MiniOzoneClusterImpl-9da26bb3-9e9b-4d78-afbb-0d838bea1ada/datanode-0/data-0/containers/hdds
2023-09-07 09:03:32,389 [EndpointStateMachine task thread for /0.0.0.0:15002 - 0 ] INFO  volume.ThrottledAsyncChecker (ThrottledAsyncChecker.java:schedule(141)) - Scheduling a check for /home/runner/work/ozone/ozone/hadoop-ozone/integration-test/target/test-dir/MiniOzoneClusterImpl-9da26bb3-9e9b-4d78-afbb-0d838bea1ada/datanode-0/data/ratis
2023-09-07 09:03:32,389 [EndpointStateMachine task thread for /0.0.0.0:15002 - 0 ] INFO  volume.StorageVolumeChecker (StorageVolumeChecker.java:checkAllVolumes(213)) - Scheduled health check for volume /home/runner/work/ozone/ozone/hadoop-ozone/integration-test/target/test-dir/MiniOzoneClusterImpl-9da26bb3-9e9b-4d78-afbb-0d838bea1ada/datanode-0/data/ratis
2023-09-07 09:03:32,391 [EndpointStateMachine task thread for /0.0.0.0:15002 - 0 ] INFO  ozoneimpl.OzoneContainer (OzoneContainer.java:start(429)) - Attempting to start container services.
2023-09-07 09:03:32,393 [EndpointStateMachine task thread for /0.0.0.0:15002 - 0 ] INFO  ozoneimpl.OzoneContainer (OzoneContainer.java:startContainerScrub(325)) - Scheduled background container scanners and the on-demand container scanner have been disabled.
2023-09-07 09:03:32,395 [EndpointStateMachine task thread for /0.0.0.0:15002 - 0 ] INFO  replication.ReplicationServer (ReplicationServer.java:start(130)) - ReplicationServer is started using port 15018
2023-09-07 09:03:32,396 [EndpointStateMachine task thread for /0.0.0.0:15002 - 0 ] INFO  ratis.XceiverServerRatis (XceiverServerRatis.java:start(517)) - Starting XceiverServerRatis 125b6ccd-ab10-424e-ac54-cb3b86c02134
2023-09-07 09:03:32,396 [EndpointStateMachine task thread for /0.0.0.0:15002 - 0 ] INFO  server.RaftServer (RaftServerProxy.java:startImpl(400)) - 125b6ccd-ab10-424e-ac54-cb3b86c02134: start RPC server
2023-09-07 09:03:32,399 [EndpointStateMachine task thread for /0.0.0.0:15002 - 0 ] INFO  server.GrpcService (GrpcService.java:startImpl(302)) - 125b6ccd-ab10-424e-ac54-cb3b86c02134: GrpcService started, listening on 15014
2023-09-07 09:03:32,401 [EndpointStateMachine task thread for /0.0.0.0:15002 - 0 ] INFO  server.GrpcService (GrpcService.java:startImpl(302)) - 125b6ccd-ab10-424e-ac54-cb3b86c02134: GrpcService started, listening on 15016
2023-09-07 09:03:32,402 [EndpointStateMachine task thread for /0.0.0.0:15002 - 0 ] INFO  server.GrpcService (GrpcService.java:startImpl(302)) - 125b6ccd-ab10-424e-ac54-cb3b86c02134: GrpcService started, listening on 15015
2023-09-07 09:03:32,405 [EndpointStateMachine task thread for /0.0.0.0:15002 - 0 ] INFO  ratis.XceiverServerRatis (XceiverServerRatis.java:getRealPort(543)) - XceiverServerRatis 125b6ccd-ab10-424e-ac54-cb3b86c02134 is started using port 15014 for RATIS
2023-09-07 09:03:32,405 [JvmPauseMonitor3] INFO  util.JvmPauseMonitor (JvmPauseMonitor.java:run(103)) - JvmPauseMonitor-125b6ccd-ab10-424e-ac54-cb3b86c02134: Started
2023-09-07 09:03:32,405 [EndpointStateMachine task thread for /0.0.0.0:15002 - 0 ] INFO  ratis.XceiverServerRatis (XceiverServerRatis.java:getRealPort(543)) - XceiverServerRatis 125b6ccd-ab10-424e-ac54-cb3b86c02134 is started using port 15015 for RATIS_ADMIN
2023-09-07 09:03:32,406 [EndpointStateMachine task thread for /0.0.0.0:15002 - 0 ] INFO  ratis.XceiverServerRatis (XceiverServerRatis.java:getRealPort(543)) - XceiverServerRatis 125b6ccd-ab10-424e-ac54-cb3b86c02134 is started using port 15016 for RATIS_SERVER
2023-09-07 09:03:32,406 [EndpointStateMachine task thread for /0.0.0.0:15002 - 0 ] INFO  ratis.XceiverServerRatis (XceiverServerRatis.java:getRealPort(543)) - XceiverServerRatis 125b6ccd-ab10-424e-ac54-cb3b86c02134 is started using port 15017 for RATIS_DATASTREAM
2023-09-07 09:03:32,423 [BlockDeletingService#0] INFO  interfaces.ContainerDeletionChoosingPolicyTemplate (ContainerDeletionChoosingPolicyTemplate.java:chooseContainerForBlockDeletion(85)) - Chosen 0/5000 blocks from 0 candidate containers.
2023-09-07 09:03:32,743 [EndpointStateMachine task thread for /0.0.0.0:15002 - 0 ] INFO  utils.DatanodeStoreCache (DatanodeStoreCache.java:addDB(66)) - Added db /home/runner/work/ozone/ozone/hadoop-ozone/integration-test/target/test-dir/MiniOzoneClusterImpl-9da26bb3-9e9b-4d78-afbb-0d838bea1ada/datanode-1/data-0/containers/hdds/9da26bb3-9e9b-4d78-afbb-0d838bea1ada/DS-3bafefac-cede-458d-b4ab-bc2d46dd44e3/container.db to cache
2023-09-07 09:03:32,743 [EndpointStateMachine task thread for /0.0.0.0:15002 - 0 ] INFO  volume.HddsVolume (HddsVolume.java:createDbStore(422)) - SchemaV3 db is created and loaded at /home/runner/work/ozone/ozone/hadoop-ozone/integration-test/target/test-dir/MiniOzoneClusterImpl-9da26bb3-9e9b-4d78-afbb-0d838bea1ada/datanode-1/data-0/containers/hdds/9da26bb3-9e9b-4d78-afbb-0d838bea1ada/DS-3bafefac-cede-458d-b4ab-bc2d46dd44e3/container.db for volume DS-3bafefac-cede-458d-b4ab-bc2d46dd44e3
2023-09-07 09:03:32,745 [EndpointStateMachine task thread for /0.0.0.0:15002 - 0 ] INFO  volume.ThrottledAsyncChecker (ThrottledAsyncChecker.java:schedule(141)) - Scheduling a check for /home/runner/work/ozone/ozone/hadoop-ozone/integration-test/target/test-dir/MiniOzoneClusterImpl-9da26bb3-9e9b-4d78-afbb-0d838bea1ada/datanode-1/data-0/containers/hdds
2023-09-07 09:03:32,747 [EndpointStateMachine task thread for /0.0.0.0:15002 - 0 ] INFO  volume.StorageVolumeChecker (StorageVolumeChecker.java:checkAllVolumes(213)) - Scheduled health check for volume /home/runner/work/ozone/ozone/hadoop-ozone/integration-test/target/test-dir/MiniOzoneClusterImpl-9da26bb3-9e9b-4d78-afbb-0d838bea1ada/datanode-1/data-0/containers/hdds
2023-09-07 09:03:32,754 [EndpointStateMachine task thread for /0.0.0.0:15002 - 0 ] INFO  volume.ThrottledAsyncChecker (ThrottledAsyncChecker.java:schedule(141)) - Scheduling a check for /home/runner/work/ozone/ozone/hadoop-ozone/integration-test/target/test-dir/MiniOzoneClusterImpl-9da26bb3-9e9b-4d78-afbb-0d838bea1ada/datanode-1/data/ratis
2023-09-07 09:03:32,754 [EndpointStateMachine task thread for /0.0.0.0:15002 - 0 ] INFO  volume.StorageVolumeChecker (StorageVolumeChecker.java:checkAllVolumes(213)) - Scheduled health check for volume /home/runner/work/ozone/ozone/hadoop-ozone/integration-test/target/test-dir/MiniOzoneClusterImpl-9da26bb3-9e9b-4d78-afbb-0d838bea1ada/datanode-1/data/ratis
2023-09-07 09:03:32,755 [EndpointStateMachine task thread for /0.0.0.0:15002 - 0 ] INFO  ozoneimpl.OzoneContainer (OzoneContainer.java:start(429)) - Attempting to start container services.
2023-09-07 09:03:32,756 [EndpointStateMachine task thread for /0.0.0.0:15002 - 0 ] INFO  ozoneimpl.OzoneContainer (OzoneContainer.java:startContainerScrub(325)) - Scheduled background container scanners and the on-demand container scanner have been disabled.
2023-09-07 09:03:32,759 [EndpointStateMachine task thread for /0.0.0.0:15002 - 0 ] INFO  replication.ReplicationServer (ReplicationServer.java:start(130)) - ReplicationServer is started using port 15027
2023-09-07 09:03:32,759 [EndpointStateMachine task thread for /0.0.0.0:15002 - 0 ] INFO  ratis.XceiverServerRatis (XceiverServerRatis.java:start(517)) - Starting XceiverServerRatis 8aaa379b-76d2-401e-9e9b-5f71144f2a0c
2023-09-07 09:03:32,761 [EndpointStateMachine task thread for /0.0.0.0:15002 - 0 ] INFO  server.RaftServer (RaftServerProxy.java:startImpl(400)) - 8aaa379b-76d2-401e-9e9b-5f71144f2a0c: start RPC server
2023-09-07 09:03:32,763 [EndpointStateMachine task thread for /0.0.0.0:15002 - 0 ] INFO  server.GrpcService (GrpcService.java:startImpl(302)) - 8aaa379b-76d2-401e-9e9b-5f71144f2a0c: GrpcService started, listening on 15023
2023-09-07 09:03:32,765 [EndpointStateMachine task thread for /0.0.0.0:15002 - 0 ] INFO  server.GrpcService (GrpcService.java:startImpl(302)) - 8aaa379b-76d2-401e-9e9b-5f71144f2a0c: GrpcService started, listening on 15025
2023-09-07 09:03:32,769 [EndpointStateMachine task thread for /0.0.0.0:15002 - 0 ] INFO  server.GrpcService (GrpcService.java:startImpl(302)) - 8aaa379b-76d2-401e-9e9b-5f71144f2a0c: GrpcService started, listening on 15024
2023-09-07 09:03:32,769 [EndpointStateMachine task thread for /0.0.0.0:15002 - 0 ] INFO  ratis.XceiverServerRatis (XceiverServerRatis.java:getRealPort(543)) - XceiverServerRatis 8aaa379b-76d2-401e-9e9b-5f71144f2a0c is started using port 15023 for RATIS
2023-09-07 09:03:32,769 [EndpointStateMachine task thread for /0.0.0.0:15002 - 0 ] INFO  ratis.XceiverServerRatis (XceiverServerRatis.java:getRealPort(543)) - XceiverServerRatis 8aaa379b-76d2-401e-9e9b-5f71144f2a0c is started using port 15024 for RATIS_ADMIN
2023-09-07 09:03:32,769 [EndpointStateMachine task thread for /0.0.0.0:15002 - 0 ] INFO  ratis.XceiverServerRatis (XceiverServerRatis.java:getRealPort(543)) - XceiverServerRatis 8aaa379b-76d2-401e-9e9b-5f71144f2a0c is started using port 15025 for RATIS_SERVER
2023-09-07 09:03:32,769 [EndpointStateMachine task thread for /0.0.0.0:15002 - 0 ] INFO  ratis.XceiverServerRatis (XceiverServerRatis.java:getRealPort(543)) - XceiverServerRatis 8aaa379b-76d2-401e-9e9b-5f71144f2a0c is started using port 15026 for RATIS_DATASTREAM
2023-09-07 09:03:32,770 [JvmPauseMonitor4] INFO  util.JvmPauseMonitor (JvmPauseMonitor.java:run(103)) - JvmPauseMonitor-8aaa379b-76d2-401e-9e9b-5f71144f2a0c: Started
2023-09-07 09:03:32,776 [BlockDeletingService#0] INFO  interfaces.ContainerDeletionChoosingPolicyTemplate (ContainerDeletionChoosingPolicyTemplate.java:chooseContainerForBlockDeletion(85)) - Chosen 0/5000 blocks from 0 candidate containers.
2023-09-07 09:03:33,055 [main] INFO  ozone.MiniOzoneClusterImpl (MiniOzoneClusterImpl.java:lambda$waitForClusterToBeReady$0(224)) - Waiting for nodes to be ready. Got 0 of 3 DN Heartbeats.
2023-09-07 09:03:33,056 [main] INFO  ozone.MiniOzoneClusterImpl (MiniOzoneClusterImpl.java:lambda$waitForClusterToBeReady$0(227)) - Waiting for cluster to exit safe mode
2023-09-07 09:03:33,056 [main] INFO  ozone.MiniOzoneClusterImpl (MiniOzoneClusterImpl.java:lambda$waitForClusterToBeReady$0(229)) - SCM became leader
2023-09-07 09:03:33,115 [EndpointStateMachine task thread for /0.0.0.0:15002 - 0 ] INFO  utils.DatanodeStoreCache (DatanodeStoreCache.java:addDB(66)) - Added db /home/runner/work/ozone/ozone/hadoop-ozone/integration-test/target/test-dir/MiniOzoneClusterImpl-9da26bb3-9e9b-4d78-afbb-0d838bea1ada/datanode-2/data-0/containers/hdds/9da26bb3-9e9b-4d78-afbb-0d838bea1ada/DS-db9f6e67-1a7b-4b04-a76a-79f16b63fa7e/container.db to cache
2023-09-07 09:03:33,115 [EndpointStateMachine task thread for /0.0.0.0:15002 - 0 ] INFO  volume.HddsVolume (HddsVolume.java:createDbStore(422)) - SchemaV3 db is created and loaded at /home/runner/work/ozone/ozone/hadoop-ozone/integration-test/target/test-dir/MiniOzoneClusterImpl-9da26bb3-9e9b-4d78-afbb-0d838bea1ada/datanode-2/data-0/containers/hdds/9da26bb3-9e9b-4d78-afbb-0d838bea1ada/DS-db9f6e67-1a7b-4b04-a76a-79f16b63fa7e/container.db for volume DS-db9f6e67-1a7b-4b04-a76a-79f16b63fa7e
2023-09-07 09:03:33,116 [EndpointStateMachine task thread for /0.0.0.0:15002 - 0 ] INFO  volume.ThrottledAsyncChecker (ThrottledAsyncChecker.java:schedule(141)) - Scheduling a check for /home/runner/work/ozone/ozone/hadoop-ozone/integration-test/target/test-dir/MiniOzoneClusterImpl-9da26bb3-9e9b-4d78-afbb-0d838bea1ada/datanode-2/data-0/containers/hdds
2023-09-07 09:03:33,122 [EndpointStateMachine task thread for /0.0.0.0:15002 - 0 ] INFO  volume.StorageVolumeChecker (StorageVolumeChecker.java:checkAllVolumes(213)) - Scheduled health check for volume /home/runner/work/ozone/ozone/hadoop-ozone/integration-test/target/test-dir/MiniOzoneClusterImpl-9da26bb3-9e9b-4d78-afbb-0d838bea1ada/datanode-2/data-0/containers/hdds
2023-09-07 09:03:33,123 [EndpointStateMachine task thread for /0.0.0.0:15002 - 0 ] INFO  volume.ThrottledAsyncChecker (ThrottledAsyncChecker.java:schedule(141)) - Scheduling a check for /home/runner/work/ozone/ozone/hadoop-ozone/integration-test/target/test-dir/MiniOzoneClusterImpl-9da26bb3-9e9b-4d78-afbb-0d838bea1ada/datanode-2/data/ratis
2023-09-07 09:03:33,123 [EndpointStateMachine task thread for /0.0.0.0:15002 - 0 ] INFO  volume.StorageVolumeChecker (StorageVolumeChecker.java:checkAllVolumes(213)) - Scheduled health check for volume /home/runner/work/ozone/ozone/hadoop-ozone/integration-test/target/test-dir/MiniOzoneClusterImpl-9da26bb3-9e9b-4d78-afbb-0d838bea1ada/datanode-2/data/ratis
2023-09-07 09:03:33,128 [EndpointStateMachine task thread for /0.0.0.0:15002 - 0 ] INFO  ozoneimpl.OzoneContainer (OzoneContainer.java:start(429)) - Attempting to start container services.
2023-09-07 09:03:33,129 [EndpointStateMachine task thread for /0.0.0.0:15002 - 0 ] INFO  ozoneimpl.OzoneContainer (OzoneContainer.java:startContainerScrub(325)) - Scheduled background container scanners and the on-demand container scanner have been disabled.
2023-09-07 09:03:33,131 [EndpointStateMachine task thread for /0.0.0.0:15002 - 0 ] INFO  replication.ReplicationServer (ReplicationServer.java:start(130)) - ReplicationServer is started using port 15036
2023-09-07 09:03:33,131 [EndpointStateMachine task thread for /0.0.0.0:15002 - 0 ] INFO  ratis.XceiverServerRatis (XceiverServerRatis.java:start(517)) - Starting XceiverServerRatis e4211b8b-b648-43cb-96ad-95a5188c1410
2023-09-07 09:03:33,132 [EndpointStateMachine task thread for /0.0.0.0:15002 - 0 ] INFO  server.RaftServer (RaftServerProxy.java:startImpl(400)) - e4211b8b-b648-43cb-96ad-95a5188c1410: start RPC server
2023-09-07 09:03:33,134 [EndpointStateMachine task thread for /0.0.0.0:15002 - 0 ] INFO  server.GrpcService (GrpcService.java:startImpl(302)) - e4211b8b-b648-43cb-96ad-95a5188c1410: GrpcService started, listening on 15032
2023-09-07 09:03:33,136 [EndpointStateMachine task thread for /0.0.0.0:15002 - 0 ] INFO  server.GrpcService (GrpcService.java:startImpl(302)) - e4211b8b-b648-43cb-96ad-95a5188c1410: GrpcService started, listening on 15034
2023-09-07 09:03:33,139 [EndpointStateMachine task thread for /0.0.0.0:15002 - 0 ] INFO  server.GrpcService (GrpcService.java:startImpl(302)) - e4211b8b-b648-43cb-96ad-95a5188c1410: GrpcService started, listening on 15033
2023-09-07 09:03:33,139 [EndpointStateMachine task thread for /0.0.0.0:15002 - 0 ] INFO  ratis.XceiverServerRatis (XceiverServerRatis.java:getRealPort(543)) - XceiverServerRatis e4211b8b-b648-43cb-96ad-95a5188c1410 is started using port 15032 for RATIS
2023-09-07 09:03:33,140 [JvmPauseMonitor5] INFO  util.JvmPauseMonitor (JvmPauseMonitor.java:run(103)) - JvmPauseMonitor-e4211b8b-b648-43cb-96ad-95a5188c1410: Started
2023-09-07 09:03:33,140 [EndpointStateMachine task thread for /0.0.0.0:15002 - 0 ] INFO  ratis.XceiverServerRatis (XceiverServerRatis.java:getRealPort(543)) - XceiverServerRatis e4211b8b-b648-43cb-96ad-95a5188c1410 is started using port 15033 for RATIS_ADMIN
2023-09-07 09:03:33,140 [EndpointStateMachine task thread for /0.0.0.0:15002 - 0 ] INFO  ratis.XceiverServerRatis (XceiverServerRatis.java:getRealPort(543)) - XceiverServerRatis e4211b8b-b648-43cb-96ad-95a5188c1410 is started using port 15034 for RATIS_SERVER
2023-09-07 09:03:33,140 [EndpointStateMachine task thread for /0.0.0.0:15002 - 0 ] INFO  ratis.XceiverServerRatis (XceiverServerRatis.java:getRealPort(543)) - XceiverServerRatis e4211b8b-b648-43cb-96ad-95a5188c1410 is started using port 15035 for RATIS_DATASTREAM
2023-09-07 09:03:33,158 [BlockDeletingService#0] INFO  interfaces.ContainerDeletionChoosingPolicyTemplate (ContainerDeletionChoosingPolicyTemplate.java:chooseContainerForBlockDeletion(85)) - Chosen 0/5000 blocks from 0 candidate containers.
2023-09-07 09:03:34,056 [main] INFO  ozone.MiniOzoneClusterImpl (MiniOzoneClusterImpl.java:lambda$waitForClusterToBeReady$0(224)) - Waiting for nodes to be ready. Got 0 of 3 DN Heartbeats.
2023-09-07 09:03:34,057 [main] INFO  ozone.MiniOzoneClusterImpl (MiniOzoneClusterImpl.java:lambda$waitForClusterToBeReady$0(227)) - Waiting for cluster to exit safe mode
2023-09-07 09:03:34,057 [main] INFO  ozone.MiniOzoneClusterImpl (MiniOzoneClusterImpl.java:lambda$waitForClusterToBeReady$0(229)) - SCM became leader
2023-09-07 09:03:34,242 [IPC Server handler 0 on default port 15009] INFO  net.NetworkTopologyImpl (NetworkTopologyImpl.java:add(112)) - Added a new node: /default-rack/125b6ccd-ab10-424e-ac54-cb3b86c02134
2023-09-07 09:03:34,246 [IPC Server handler 0 on default port 15009] INFO  node.SCMNodeManager (SCMNodeManager.java:register(405)) - Registered Data node : 125b6ccd-ab10-424e-ac54-cb3b86c02134{ip: 10.1.0.77, host: fv-az200-880.axauvrbo4geuti20fntxkzjnxf.dx.internal.cloudapp.net, ports: [HTTP=15011, CLIENT_RPC=15012, REPLICATION=15018, RATIS=15014, RATIS_ADMIN=15015, RATIS_SERVER=15016, RATIS_DATASTREAM=15017, STANDALONE=15013], networkLocation: /default-rack, certSerialId: null, persistedOpState: null, persistedOpStateExpiryEpochSec: 0}
2023-09-07 09:03:34,247 [IPC Server handler 13 on default port 15002] INFO  net.NetworkTopologyImpl (NetworkTopologyImpl.java:add(112)) - Added a new node: /default-rack/125b6ccd-ab10-424e-ac54-cb3b86c02134
2023-09-07 09:03:34,247 [IPC Server handler 13 on default port 15002] INFO  node.SCMNodeManager (SCMNodeManager.java:register(405)) - Registered Data node : 125b6ccd-ab10-424e-ac54-cb3b86c02134{ip: 10.1.0.77, host: fv-az200-880.axauvrbo4geuti20fntxkzjnxf.dx.internal.cloudapp.net, ports: [HTTP=15011, CLIENT_RPC=15012, REPLICATION=15018, RATIS=15014, RATIS_ADMIN=15015, RATIS_SERVER=15016, RATIS_DATASTREAM=15017, STANDALONE=15013], networkLocation: /default-rack, certSerialId: null, persistedOpState: null, persistedOpStateExpiryEpochSec: 0}
2023-09-07 09:03:34,273 [EventQueue-NewNodeForNewNodeHandler] INFO  pipeline.BackgroundPipelineCreator (BackgroundPipelineCreator.java:notifyEventTriggered(277)) - trigger a one-shot run on RatisPipelineUtilsThread.
2023-09-07 09:03:34,286 [EventQueue-NodeRegistrationContainerReportForDataNodeSafeModeRule] INFO  safemode.SCMSafeModeManager (DataNodeSafeModeRule.java:process(71)) - SCM in safe mode. 1 DataNodes registered, 3 required.
2023-09-07 09:03:34,300 [RatisPipelineUtilsThread - 0] INFO  pipeline.RatisPipelineProvider (RatisPipelineProvider.java:lambda$create$0(206)) - Sending CreatePipelineCommand for pipeline:PipelineID=cbfcf735-d192-4fef-a2ad-490e43b3ebb9 to datanode:125b6ccd-ab10-424e-ac54-cb3b86c02134
2023-09-07 09:03:34,291 [EventQueue-NodeRegistrationContainerReportForContainerSafeModeRule] INFO  safemode.SCMSafeModeManager (SCMSafeModeManager.java:validateSafeModeExitRules(200)) - ContainerSafeModeRule rule is successfully validated
2023-09-07 09:03:34,294 [EventQueue-NewNodeForReconNewNodeHandler] INFO  scm.ReconNodeManager (ReconNodeManager.java:addNodeToDB(137)) - Adding new node 125b6ccd-ab10-424e-ac54-cb3b86c02134 to Node DB.
2023-09-07 09:03:34,304 [EventQueue-PipelineReportForOneReplicaPipelineSafeModeRule] INFO  safemode.SCMSafeModeManager (SCMSafeModeManager.java:validateSafeModeExitRules(200)) - AtleastOneDatanodeReportedRule rule is successfully validated
2023-09-07 09:03:34,322 [RatisPipelineUtilsThread - 0] INFO  pipeline.BackgroundPipelineCreator (BackgroundPipelineCreator.java:createPipelines(233)) - Created new pipeline Pipeline[ Id: cbfcf735-d192-4fef-a2ad-490e43b3ebb9, Nodes: 125b6ccd-ab10-424e-ac54-cb3b86c02134(fv-az200-880.axauvrbo4geuti20fntxkzjnxf.dx.internal.cloudapp.net/10.1.0.77), ReplicationConfig: RATIS/ONE, State:ALLOCATED, leaderId:, CreationTimestamp2023-09-07T09:03:34.299Z[Etc/UTC]]
2023-09-07 09:03:34,690 [IPC Server handler 1 on default port 15009] INFO  net.NetworkTopologyImpl (NetworkTopologyImpl.java:add(112)) - Added a new node: /default-rack/8aaa379b-76d2-401e-9e9b-5f71144f2a0c
2023-09-07 09:03:34,690 [IPC Server handler 1 on default port 15009] INFO  node.SCMNodeManager (SCMNodeManager.java:register(405)) - Registered Data node : 8aaa379b-76d2-401e-9e9b-5f71144f2a0c{ip: 10.1.0.77, host: fv-az200-880.axauvrbo4geuti20fntxkzjnxf.dx.internal.cloudapp.net, ports: [HTTP=15020, CLIENT_RPC=15021, REPLICATION=15027, RATIS=15023, RATIS_ADMIN=15024, RATIS_SERVER=15025, RATIS_DATASTREAM=15026, STANDALONE=15022], networkLocation: /default-rack, certSerialId: null, persistedOpState: null, persistedOpStateExpiryEpochSec: 0}
2023-09-07 09:03:34,691 [IPC Server handler 19 on default port 15002] INFO  net.NetworkTopologyImpl (NetworkTopologyImpl.java:add(112)) - Added a new node: /default-rack/8aaa379b-76d2-401e-9e9b-5f71144f2a0c
2023-09-07 09:03:34,691 [IPC Server handler 19 on default port 15002] INFO  node.SCMNodeManager (SCMNodeManager.java:register(405)) - Registered Data node : 8aaa379b-76d2-401e-9e9b-5f71144f2a0c{ip: 10.1.0.77, host: fv-az200-880.axauvrbo4geuti20fntxkzjnxf.dx.internal.cloudapp.net, ports: [HTTP=15020, CLIENT_RPC=15021, REPLICATION=15027, RATIS=15023, RATIS_ADMIN=15024, RATIS_SERVER=15025, RATIS_DATASTREAM=15026, STANDALONE=15022], networkLocation: /default-rack, certSerialId: null, persistedOpState: null, persistedOpStateExpiryEpochSec: 0}
2023-09-07 09:03:34,692 [EventQueue-NewNodeForReconNewNodeHandler] INFO  scm.ReconNodeManager (ReconNodeManager.java:addNodeToDB(137)) - Adding new node 8aaa379b-76d2-401e-9e9b-5f71144f2a0c to Node DB.
2023-09-07 09:03:34,692 [EventQueue-NewNodeForNewNodeHandler] INFO  pipeline.BackgroundPipelineCreator (BackgroundPipelineCreator.java:notifyEventTriggered(277)) - trigger a one-shot run on RatisPipelineUtilsThread.
2023-09-07 09:03:34,692 [EventQueue-NodeRegistrationContainerReportForDataNodeSafeModeRule] INFO  safemode.SCMSafeModeManager (DataNodeSafeModeRule.java:process(71)) - SCM in safe mode. 2 DataNodes registered, 3 required.
2023-09-07 09:03:34,695 [RatisPipelineUtilsThread - 0] INFO  pipeline.RatisPipelineProvider (RatisPipelineProvider.java:lambda$create$0(206)) - Sending CreatePipelineCommand for pipeline:PipelineID=c17f5be7-3c17-4744-ad2e-ca2191642088 to datanode:8aaa379b-76d2-401e-9e9b-5f71144f2a0c
2023-09-07 09:03:34,696 [RatisPipelineUtilsThread - 0] INFO  pipeline.BackgroundPipelineCreator (BackgroundPipelineCreator.java:createPipelines(233)) - Created new pipeline Pipeline[ Id: c17f5be7-3c17-4744-ad2e-ca2191642088, Nodes: 8aaa379b-76d2-401e-9e9b-5f71144f2a0c(fv-az200-880.axauvrbo4geuti20fntxkzjnxf.dx.internal.cloudapp.net/10.1.0.77), ReplicationConfig: RATIS/ONE, State:ALLOCATED, leaderId:, CreationTimestamp2023-09-07T09:03:34.695Z[Etc/UTC]]
2023-09-07 09:03:35,057 [main] INFO  ozone.MiniOzoneClusterImpl (MiniOzoneClusterImpl.java:lambda$waitForClusterToBeReady$0(224)) - Waiting for nodes to be ready. Got 2 of 3 DN Heartbeats.
2023-09-07 09:03:35,058 [main] INFO  ozone.MiniOzoneClusterImpl (MiniOzoneClusterImpl.java:lambda$waitForClusterToBeReady$0(227)) - Waiting for cluster to exit safe mode
2023-09-07 09:03:35,058 [main] INFO  ozone.MiniOzoneClusterImpl (MiniOzoneClusterImpl.java:lambda$waitForClusterToBeReady$0(229)) - SCM became leader
2023-09-07 09:03:35,066 [IPC Server handler 2 on default port 15002] INFO  net.NetworkTopologyImpl (NetworkTopologyImpl.java:add(112)) - Added a new node: /default-rack/e4211b8b-b648-43cb-96ad-95a5188c1410
2023-09-07 09:03:35,066 [IPC Server handler 2 on default port 15002] INFO  node.SCMNodeManager (SCMNodeManager.java:register(405)) - Registered Data node : e4211b8b-b648-43cb-96ad-95a5188c1410{ip: 10.1.0.77, host: fv-az200-880.axauvrbo4geuti20fntxkzjnxf.dx.internal.cloudapp.net, ports: [HTTP=15029, CLIENT_RPC=15030, REPLICATION=15036, RATIS=15032, RATIS_ADMIN=15033, RATIS_SERVER=15034, RATIS_DATASTREAM=15035, STANDALONE=15031], networkLocation: /default-rack, certSerialId: null, persistedOpState: null, persistedOpStateExpiryEpochSec: 0}
2023-09-07 09:03:35,067 [IPC Server handler 2 on default port 15009] INFO  net.NetworkTopologyImpl (NetworkTopologyImpl.java:add(112)) - Added a new node: /default-rack/e4211b8b-b648-43cb-96ad-95a5188c1410
2023-09-07 09:03:35,067 [IPC Server handler 2 on default port 15009] INFO  node.SCMNodeManager (SCMNodeManager.java:register(405)) - Registered Data node : e4211b8b-b648-43cb-96ad-95a5188c1410{ip: 10.1.0.77, host: fv-az200-880.axauvrbo4geuti20fntxkzjnxf.dx.internal.cloudapp.net, ports: [HTTP=15029, CLIENT_RPC=15030, REPLICATION=15036, RATIS=15032, RATIS_ADMIN=15033, RATIS_SERVER=15034, RATIS_DATASTREAM=15035, STANDALONE=15031], networkLocation: /default-rack, certSerialId: null, persistedOpState: null, persistedOpStateExpiryEpochSec: 0}
2023-09-07 09:03:35,067 [EventQueue-NewNodeForNewNodeHandler] INFO  pipeline.BackgroundPipelineCreator (BackgroundPipelineCreator.java:notifyEventTriggered(277)) - trigger a one-shot run on RatisPipelineUtilsThread.
2023-09-07 09:03:35,071 [RatisPipelineUtilsThread - 0] INFO  pipeline.RatisPipelineProvider (RatisPipelineProvider.java:lambda$create$0(206)) - Sending CreatePipelineCommand for pipeline:PipelineID=1e71d48b-864b-4439-99dc-9a01bbd50584 to datanode:e4211b8b-b648-43cb-96ad-95a5188c1410
2023-09-07 09:03:35,073 [RatisPipelineUtilsThread - 0] INFO  pipeline.BackgroundPipelineCreator (BackgroundPipelineCreator.java:createPipelines(233)) - Created new pipeline Pipeline[ Id: 1e71d48b-864b-4439-99dc-9a01bbd50584, Nodes: e4211b8b-b648-43cb-96ad-95a5188c1410(fv-az200-880.axauvrbo4geuti20fntxkzjnxf.dx.internal.cloudapp.net/10.1.0.77), ReplicationConfig: RATIS/ONE, State:ALLOCATED, leaderId:, CreationTimestamp2023-09-07T09:03:35.071Z[Etc/UTC]]
2023-09-07 09:03:35,069 [EventQueue-NodeRegistrationContainerReportForDataNodeSafeModeRule] INFO  safemode.SCMSafeModeManager (DataNodeSafeModeRule.java:process(71)) - SCM in safe mode. 3 DataNodes registered, 3 required.
2023-09-07 09:03:35,073 [EventQueue-NodeRegistrationContainerReportForDataNodeSafeModeRule] INFO  safemode.SCMSafeModeManager (SCMSafeModeManager.java:validateSafeModeExitRules(200)) - DataNodeSafeModeRule rule is successfully validated
2023-09-07 09:03:35,073 [EventQueue-NodeRegistrationContainerReportForDataNodeSafeModeRule] INFO  safemode.SCMSafeModeManager (SCMSafeModeManager.java:completePreCheck(229)) - All SCM safe mode pre check rules have passed
2023-09-07 09:03:35,074 [EventQueue-NodeRegistrationContainerReportForDataNodeSafeModeRule] INFO  ha.SCMContext (SCMContext.java:updateSafeModeStatus(228)) - Update SafeModeStatus from SafeModeStatus{safeModeStatus=true, preCheckPassed=false} to SafeModeStatus{safeModeStatus=true, preCheckPassed=true}.
2023-09-07 09:03:35,074 [EventQueue-NodeRegistrationContainerReportForDataNodeSafeModeRule] INFO  pipeline.BackgroundPipelineCreator (BackgroundPipelineCreator.java:notifyEventTriggered(277)) - trigger a one-shot run on RatisPipelineUtilsThread.
2023-09-07 09:03:35,068 [EventQueue-NewNodeForReconNewNodeHandler] INFO  scm.ReconNodeManager (ReconNodeManager.java:addNodeToDB(137)) - Adding new node e4211b8b-b648-43cb-96ad-95a5188c1410 to Node DB.
2023-09-07 09:03:35,079 [RatisPipelineUtilsThread - 0] INFO  pipeline.RatisPipelineProvider (RatisPipelineProvider.java:lambda$create$0(206)) - Sending CreatePipelineCommand for pipeline:PipelineID=a2d281d2-730c-4a02-9c2e-ca4ce5b48592 to datanode:e4211b8b-b648-43cb-96ad-95a5188c1410
2023-09-07 09:03:35,079 [RatisPipelineUtilsThread - 0] INFO  pipeline.RatisPipelineProvider (RatisPipelineProvider.java:lambda$create$0(206)) - Sending CreatePipelineCommand for pipeline:PipelineID=a2d281d2-730c-4a02-9c2e-ca4ce5b48592 to datanode:8aaa379b-76d2-401e-9e9b-5f71144f2a0c
2023-09-07 09:03:35,079 [RatisPipelineUtilsThread - 0] INFO  pipeline.RatisPipelineProvider (RatisPipelineProvider.java:lambda$create$0(206)) - Sending CreatePipelineCommand for pipeline:PipelineID=a2d281d2-730c-4a02-9c2e-ca4ce5b48592 to datanode:125b6ccd-ab10-424e-ac54-cb3b86c02134
2023-09-07 09:03:35,081 [RatisPipelineUtilsThread - 0] INFO  pipeline.BackgroundPipelineCreator (BackgroundPipelineCreator.java:createPipelines(233)) - Created new pipeline Pipeline[ Id: a2d281d2-730c-4a02-9c2e-ca4ce5b48592, Nodes: e4211b8b-b648-43cb-96ad-95a5188c1410(fv-az200-880.axauvrbo4geuti20fntxkzjnxf.dx.internal.cloudapp.net/10.1.0.77)8aaa379b-76d2-401e-9e9b-5f71144f2a0c(fv-az200-880.axauvrbo4geuti20fntxkzjnxf.dx.internal.cloudapp.net/10.1.0.77)125b6ccd-ab10-424e-ac54-cb3b86c02134(fv-az200-880.axauvrbo4geuti20fntxkzjnxf.dx.internal.cloudapp.net/10.1.0.77), ReplicationConfig: RATIS/THREE, State:ALLOCATED, leaderId:, CreationTimestamp2023-09-07T09:03:35.079Z[Etc/UTC]]
2023-09-07 09:03:35,082 [RatisPipelineUtilsThread - 0] INFO  pipeline.RatisPipelineProvider (RatisPipelineProvider.java:lambda$create$0(206)) - Sending CreatePipelineCommand for pipeline:PipelineID=4ae2c880-1070-4148-9b0d-1f48da4a8ca8 to datanode:e4211b8b-b648-43cb-96ad-95a5188c1410
2023-09-07 09:03:35,082 [RatisPipelineUtilsThread - 0] INFO  pipeline.RatisPipelineProvider (RatisPipelineProvider.java:lambda$create$0(206)) - Sending CreatePipelineCommand for pipeline:PipelineID=4ae2c880-1070-4148-9b0d-1f48da4a8ca8 to datanode:8aaa379b-76d2-401e-9e9b-5f71144f2a0c
2023-09-07 09:03:35,082 [RatisPipelineUtilsThread - 0] INFO  pipeline.RatisPipelineProvider (RatisPipelineProvider.java:lambda$create$0(206)) - Sending CreatePipelineCommand for pipeline:PipelineID=4ae2c880-1070-4148-9b0d-1f48da4a8ca8 to datanode:125b6ccd-ab10-424e-ac54-cb3b86c02134
2023-09-07 09:03:35,083 [RatisPipelineUtilsThread - 0] INFO  pipeline.PipelineManagerImpl (PipelineManagerImpl.java:recordMetricsForPipeline(914)) - Pipeline: PipelineID=4ae2c880-1070-4148-9b0d-1f48da4a8ca8 contains same datanodes as previous pipelines: PipelineID=a2d281d2-730c-4a02-9c2e-ca4ce5b48592 nodeIds: e4211b8b-b648-43cb-96ad-95a5188c1410, 8aaa379b-76d2-401e-9e9b-5f71144f2a0c, 125b6ccd-ab10-424e-ac54-cb3b86c02134
2023-09-07 09:03:35,083 [RatisPipelineUtilsThread - 0] INFO  pipeline.BackgroundPipelineCreator (BackgroundPipelineCreator.java:createPipelines(233)) - Created new pipeline Pipeline[ Id: 4ae2c880-1070-4148-9b0d-1f48da4a8ca8, Nodes: e4211b8b-b648-43cb-96ad-95a5188c1410(fv-az200-880.axauvrbo4geuti20fntxkzjnxf.dx.internal.cloudapp.net/10.1.0.77)8aaa379b-76d2-401e-9e9b-5f71144f2a0c(fv-az200-880.axauvrbo4geuti20fntxkzjnxf.dx.internal.cloudapp.net/10.1.0.77)125b6ccd-ab10-424e-ac54-cb3b86c02134(fv-az200-880.axauvrbo4geuti20fntxkzjnxf.dx.internal.cloudapp.net/10.1.0.77), ReplicationConfig: RATIS/THREE, State:ALLOCATED, leaderId:, CreationTimestamp2023-09-07T09:03:35.082Z[Etc/UTC]]
2023-09-07 09:03:36,058 [main] INFO  ozone.MiniOzoneClusterImpl (MiniOzoneClusterImpl.java:lambda$waitForClusterToBeReady$0(224)) - Nodes are ready. Got 3 of 3 DN Heartbeats.
2023-09-07 09:03:36,060 [main] INFO  ozone.MiniOzoneClusterImpl (MiniOzoneClusterImpl.java:lambda$waitForClusterToBeReady$0(227)) - Waiting for cluster to exit safe mode
2023-09-07 09:03:36,060 [main] INFO  ozone.MiniOzoneClusterImpl (MiniOzoneClusterImpl.java:lambda$waitForClusterToBeReady$0(229)) - SCM became leader
2023-09-07 09:03:37,060 [main] INFO  ozone.MiniOzoneClusterImpl (MiniOzoneClusterImpl.java:lambda$waitForClusterToBeReady$0(224)) - Nodes are ready. Got 3 of 3 DN Heartbeats.
2023-09-07 09:03:37,061 [main] INFO  ozone.MiniOzoneClusterImpl (MiniOzoneClusterImpl.java:lambda$waitForClusterToBeReady$0(227)) - Waiting for cluster to exit safe mode
2023-09-07 09:03:37,061 [main] INFO  ozone.MiniOzoneClusterImpl (MiniOzoneClusterImpl.java:lambda$waitForClusterToBeReady$0(229)) - SCM became leader
2023-09-07 09:03:37,240 [PipelineCommandHandlerThread-0] INFO  server.RaftServer (RaftServerProxy.java:addNew(98)) - 125b6ccd-ab10-424e-ac54-cb3b86c02134: addNew group-490E43B3EBB9:[125b6ccd-ab10-424e-ac54-cb3b86c02134|rpc:10.1.0.77:15016|admin:10.1.0.77:15015|client:10.1.0.77:15014|dataStream:10.1.0.77:15017|priority:1|startupRole:FOLLOWER] returns group-490E43B3EBB9:java.util.concurrent.CompletableFuture@733b860f[Not completed]
2023-09-07 09:03:37,255 [125b6ccd-ab10-424e-ac54-cb3b86c02134-groupManagement] INFO  server.RaftServer$Division (RaftServerImpl.java:<init>(198)) - 125b6ccd-ab10-424e-ac54-cb3b86c02134: new RaftServerImpl for group-490E43B3EBB9:[125b6ccd-ab10-424e-ac54-cb3b86c02134|rpc:10.1.0.77:15016|admin:10.1.0.77:15015|client:10.1.0.77:15014|dataStream:10.1.0.77:15017|priority:1|startupRole:FOLLOWER] with ContainerStateMachine:uninitialized
2023-09-07 09:03:37,255 [125b6ccd-ab10-424e-ac54-cb3b86c02134-groupManagement] INFO  server.RaftServerConfigKeys (ConfUtils.java:logGet(46)) - raft.server.rpc.timeout.min = 5s (custom)
2023-09-07 09:03:37,255 [125b6ccd-ab10-424e-ac54-cb3b86c02134-groupManagement] INFO  server.RaftServerConfigKeys (ConfUtils.java:logGet(46)) - raft.server.rpc.timeout.max = 5200ms (custom)
2023-09-07 09:03:37,255 [125b6ccd-ab10-424e-ac54-cb3b86c02134-groupManagement] INFO  server.RaftServerConfigKeys (ConfUtils.java:logGet(46)) - raft.server.rpc.sleep.time = 25ms (default)
2023-09-07 09:03:37,255 [125b6ccd-ab10-424e-ac54-cb3b86c02134-groupManagement] INFO  server.RaftServerConfigKeys (ConfUtils.java:logGet(46)) - raft.server.rpc.slowness.timeout = 300s (custom)
2023-09-07 09:03:37,256 [125b6ccd-ab10-424e-ac54-cb3b86c02134-groupManagement] INFO  server.RaftServerConfigKeys (ConfUtils.java:logGet(46)) - raft.server.leaderelection.leader.step-down.wait-time = 10s (default)
2023-09-07 09:03:37,256 [125b6ccd-ab10-424e-ac54-cb3b86c02134-groupManagement] INFO  server.RaftServerConfigKeys (ConfUtils.java:logGet(46)) - raft.server.sleep.deviation.threshold = 300ms (default)
2023-09-07 09:03:37,256 [125b6ccd-ab10-424e-ac54-cb3b86c02134-groupManagement] INFO  server.RaftServer$Division (ServerState.java:<init>(120)) - 125b6ccd-ab10-424e-ac54-cb3b86c02134@group-490E43B3EBB9: ConfigurationManager, init=-1: peers:[125b6ccd-ab10-424e-ac54-cb3b86c02134|rpc:10.1.0.77:15016|admin:10.1.0.77:15015|client:10.1.0.77:15014|dataStream:10.1.0.77:15017|priority:1|startupRole:FOLLOWER]|listeners:[], old=null, confs=<EMPTY_MAP>
2023-09-07 09:03:37,256 [125b6ccd-ab10-424e-ac54-cb3b86c02134-groupManagement] INFO  server.RaftServerConfigKeys (ConfUtils.java:logGet(46)) - raft.server.storage.dir = [/home/runner/work/ozone/ozone/hadoop-ozone/integration-test/target/test-dir/MiniOzoneClusterImpl-9da26bb3-9e9b-4d78-afbb-0d838bea1ada/datanode-0/data/ratis] (custom)
2023-09-07 09:03:37,256 [125b6ccd-ab10-424e-ac54-cb3b86c02134-groupManagement] INFO  server.RaftServerConfigKeys (ConfUtils.java:logGet(46)) - raft.server.log.corruption.policy = EXCEPTION (default)
2023-09-07 09:03:37,256 [125b6ccd-ab10-424e-ac54-cb3b86c02134-groupManagement] INFO  server.RaftServerConfigKeys (ConfUtils.java:logGet(46)) - raft.server.storage.free-space.min = 0MB (=0) (default)
2023-09-07 09:03:37,257 [125b6ccd-ab10-424e-ac54-cb3b86c02134-groupManagement] INFO  server.RaftServerConfigKeys (ConfUtils.java:logGet(46)) - raft.server.notification.no-leader.timeout = 300s (custom)
2023-09-07 09:03:37,257 [125b6ccd-ab10-424e-ac54-cb3b86c02134-groupManagement] INFO  server.RaftServerConfigKeys (ConfUtils.java:logGet(46)) - raft.server.read.timeout = 10s (default)
2023-09-07 09:03:37,257 [125b6ccd-ab10-424e-ac54-cb3b86c02134-groupManagement] INFO  server.RaftServerConfigKeys (ConfUtils.java:logGet(46)) - raft.server.retrycache.expirytime = 600000ms (custom)
2023-09-07 09:03:37,257 [125b6ccd-ab10-424e-ac54-cb3b86c02134-groupManagement] INFO  server.RaftServerConfigKeys (ConfUtils.java:logGet(46)) - raft.server.retrycache.statistics.expirytime = 100μs (default)
2023-09-07 09:03:37,258 [125b6ccd-ab10-424e-ac54-cb3b86c02134-groupManagement] INFO  server.RaftServerConfigKeys (ConfUtils.java:logGet(46)) - raft.server.read.option = DEFAULT (default)
2023-09-07 09:03:37,262 [125b6ccd-ab10-424e-ac54-cb3b86c02134-groupManagement] INFO  server.RaftServerConfigKeys (ConfUtils.java:logGet(46)) - raft.server.rpc.request.timeout = 60s (custom)
2023-09-07 09:03:37,262 [125b6ccd-ab10-424e-ac54-cb3b86c02134-groupManagement] INFO  server.RaftServerConfigKeys (ConfUtils.java:logGet(46)) - raft.server.log.appender.install.snapshot.enabled = false (custom)
2023-09-07 09:03:37,262 [125b6ccd-ab10-424e-ac54-cb3b86c02134-groupManagement] INFO  server.RaftServerConfigKeys (ConfUtils.java:logGet(46)) - raft.server.threadpool.server.cached = true (default)
2023-09-07 09:03:37,262 [125b6ccd-ab10-424e-ac54-cb3b86c02134-groupManagement] INFO  server.RaftServerConfigKeys (ConfUtils.java:logGet(46)) - raft.server.threadpool.server.size = 0 (default)
2023-09-07 09:03:37,262 [125b6ccd-ab10-424e-ac54-cb3b86c02134-groupManagement] INFO  server.RaftServerConfigKeys (ConfUtils.java:logGet(46)) - raft.server.threadpool.client.cached = true (default)
2023-09-07 09:03:37,263 [125b6ccd-ab10-424e-ac54-cb3b86c02134-groupManagement] INFO  server.RaftServerConfigKeys (ConfUtils.java:logGet(46)) - raft.server.threadpool.client.size = 0 (default)
2023-09-07 09:03:37,263 [125b6ccd-ab10-424e-ac54-cb3b86c02134-groupManagement] INFO  storage.RaftStorageDirectory (RaftStorageDirectoryImpl.java:analyzeStorage(137)) - The storage directory /home/runner/work/ozone/ozone/hadoop-ozone/integration-test/target/test-dir/MiniOzoneClusterImpl-9da26bb3-9e9b-4d78-afbb-0d838bea1ada/datanode-0/data/ratis/cbfcf735-d192-4fef-a2ad-490e43b3ebb9 does not exist. Creating ...
2023-09-07 09:03:37,265 [125b6ccd-ab10-424e-ac54-cb3b86c02134-groupManagement] INFO  storage.RaftStorageDirectory (RaftStorageDirectoryImpl.java:tryLock(231)) - Lock on /home/runner/work/ozone/ozone/hadoop-ozone/integration-test/target/test-dir/MiniOzoneClusterImpl-9da26bb3-9e9b-4d78-afbb-0d838bea1ada/datanode-0/data/ratis/cbfcf735-d192-4fef-a2ad-490e43b3ebb9/in_use.lock acquired by nodename 19819@fv-az200-880
2023-09-07 09:03:37,267 [125b6ccd-ab10-424e-ac54-cb3b86c02134-groupManagement] INFO  storage.RaftStorage (RaftStorageImpl.java:format(96)) - Storage directory /home/runner/work/ozone/ozone/hadoop-ozone/integration-test/target/test-dir/MiniOzoneClusterImpl-9da26bb3-9e9b-4d78-afbb-0d838bea1ada/datanode-0/data/ratis/cbfcf735-d192-4fef-a2ad-490e43b3ebb9 has been successfully formatted.
2023-09-07 09:03:37,276 [125b6ccd-ab10-424e-ac54-cb3b86c02134-groupManagement] INFO  ratis.ContainerStateMachine (ContainerStateMachine.java:loadSnapshot(262)) - group-490E43B3EBB9: The snapshot info is null. Setting the last applied indexto:(t:0, i:~)
2023-09-07 09:03:37,276 [125b6ccd-ab10-424e-ac54-cb3b86c02134-groupManagement] INFO  server.RaftServerConfigKeys (ConfUtils.java:logGet(46)) - raft.server.log.use.memory = false (default)
2023-09-07 09:03:37,276 [125b6ccd-ab10-424e-ac54-cb3b86c02134-groupManagement] INFO  server.RaftServerConfigKeys (ConfUtils.java:logGet(46)) - raft.server.log.purge.gap = 1000000 (custom)
2023-09-07 09:03:37,276 [125b6ccd-ab10-424e-ac54-cb3b86c02134-groupManagement] INFO  server.RaftServerConfigKeys (ConfUtils.java:logGet(46)) - raft.server.log.appender.buffer.byte-limit = 33554432 (custom)
2023-09-07 09:03:37,277 [125b6ccd-ab10-424e-ac54-cb3b86c02134-groupManagement] INFO  server.RaftServerConfigKeys (ConfUtils.java:logGet(46)) - raft.server.log.statemachine.data.read.timeout = 1000ms (default)
2023-09-07 09:03:37,277 [125b6ccd-ab10-424e-ac54-cb3b86c02134-groupManagement] INFO  server.RaftServerConfigKeys (ConfUtils.java:logGet(46)) - raft.server.log.purge.preservation.log.num = 0 (default)
2023-09-07 09:03:37,277 [125b6ccd-ab10-424e-ac54-cb3b86c02134-groupManagement] INFO  server.RaftServerConfigKeys (ConfUtils.java:logGet(46)) - raft.server.log.segment.size.max = 1048576 (custom)
2023-09-07 09:03:37,280 [125b6ccd-ab10-424e-ac54-cb3b86c02134-groupManagement] INFO  server.RaftServerConfigKeys (ConfUtils.java:logGet(46)) - raft.server.log.segment.cache.num.max = 2 (custom)
2023-09-07 09:03:37,280 [125b6ccd-ab10-424e-ac54-cb3b86c02134-groupManagement] INFO  server.RaftServerConfigKeys (ConfUtils.java:logGet(46)) - raft.server.log.segment.cache.size.max = 200MB (=209715200) (default)
2023-09-07 09:03:37,282 [125b6ccd-ab10-424e-ac54-cb3b86c02134-groupManagement] INFO  server.RaftServerConfigKeys (ConfUtils.java:logGet(46)) - raft.server.log.appender.buffer.byte-limit = 33554432 (custom)
2023-09-07 09:03:37,282 [125b6ccd-ab10-424e-ac54-cb3b86c02134-groupManagement] INFO  segmented.SegmentedRaftLogWorker (SegmentedRaftLogWorker.java:<init>(188)) - new 125b6ccd-ab10-424e-ac54-cb3b86c02134@group-490E43B3EBB9-SegmentedRaftLogWorker for RaftStorageImpl:Storage Directory /home/runner/work/ozone/ozone/hadoop-ozone/integration-test/target/test-dir/MiniOzoneClusterImpl-9da26bb3-9e9b-4d78-afbb-0d838bea1ada/datanode-0/data/ratis/cbfcf735-d192-4fef-a2ad-490e43b3ebb9
2023-09-07 09:03:37,282 [125b6ccd-ab10-424e-ac54-cb3b86c02134-groupManagement] INFO  server.RaftServerConfigKeys (ConfUtils.java:logGet(46)) - raft.server.log.queue.byte-limit = 4294967296 (custom)
2023-09-07 09:03:37,282 [125b6ccd-ab10-424e-ac54-cb3b86c02134-groupManagement] INFO  server.RaftServerConfigKeys (ConfUtils.java:logGet(46)) - raft.server.log.queue.element-limit = 1024 (custom)
2023-09-07 09:03:37,282 [125b6ccd-ab10-424e-ac54-cb3b86c02134-groupManagement] INFO  server.RaftServerConfigKeys (ConfUtils.java:logGet(46)) - raft.server.log.segment.size.max = 1048576 (custom)
2023-09-07 09:03:37,282 [125b6ccd-ab10-424e-ac54-cb3b86c02134-groupManagement] INFO  server.RaftServerConfigKeys (ConfUtils.java:logGet(46)) - raft.server.log.preallocated.size = 16384 (custom)
2023-09-07 09:03:37,282 [125b6ccd-ab10-424e-ac54-cb3b86c02134-groupManagement] INFO  server.RaftServerConfigKeys (ConfUtils.java:logGet(46)) - raft.server.log.force.sync.num = 128 (default)
2023-09-07 09:03:37,283 [125b6ccd-ab10-424e-ac54-cb3b86c02134-groupManagement] INFO  server.RaftServerConfigKeys (ConfUtils.java:logGet(46)) - raft.server.log.statemachine.data.sync = true (default)
2023-09-07 09:03:37,283 [125b6ccd-ab10-424e-ac54-cb3b86c02134-groupManagement] INFO  server.RaftServerConfigKeys (ConfUtils.java:logGet(46)) - raft.server.log.statemachine.data.sync.timeout = 10s (default)
2023-09-07 09:03:37,283 [125b6ccd-ab10-424e-ac54-cb3b86c02134-groupManagement] INFO  server.RaftServerConfigKeys (ConfUtils.java:logGet(46)) - raft.server.log.statemachine.data.sync.timeout.retry = -1 (default)
2023-09-07 09:03:37,288 [125b6ccd-ab10-424e-ac54-cb3b86c02134-groupManagement] INFO  server.RaftServerConfigKeys (ConfUtils.java:logGet(46)) - raft.server.log.write.buffer.size = 1048576 (custom)
2023-09-07 09:03:37,291 [125b6ccd-ab10-424e-ac54-cb3b86c02134-groupManagement] INFO  server.RaftServerConfigKeys (ConfUtils.java:logGet(46)) - raft.server.log.appender.buffer.byte-limit = 33554432 (custom)
2023-09-07 09:03:37,296 [EventQueue-PipelineReportForPipelineReportHandler] INFO  pipeline.PipelineReportHandler (PipelineReportHandler.java:processPipelineReport(136)) - Opened pipeline PipelineID=cbfcf735-d192-4fef-a2ad-490e43b3ebb9
2023-09-07 09:03:37,299 [125b6ccd-ab10-424e-ac54-cb3b86c02134-groupManagement] INFO  server.RaftServerConfigKeys (ConfUtils.java:logGet(46)) - raft.server.log.unsafe-flush.enabled = false (default)
2023-09-07 09:03:37,299 [125b6ccd-ab10-424e-ac54-cb3b86c02134-groupManagement] INFO  server.RaftServerConfigKeys (ConfUtils.java:logGet(46)) - raft.server.log.async-flush.enabled = false (default)
2023-09-07 09:03:37,299 [125b6ccd-ab10-424e-ac54-cb3b86c02134-groupManagement] INFO  server.RaftServerConfigKeys (ConfUtils.java:logGet(46)) - raft.server.log.statemachine.data.caching.enabled = true (custom)
2023-09-07 09:03:37,299 [125b6ccd-ab10-424e-ac54-cb3b86c02134-groupManagement] INFO  segmented.SegmentedRaftLogWorker (SegmentedRaftLogWorker.java:lambda$new$0(135)) - 125b6ccd-ab10-424e-ac54-cb3b86c02134@group-490E43B3EBB9-SegmentedRaftLogWorker: flushIndex: setUnconditionally 0 -> -1
2023-09-07 09:03:37,300 [125b6ccd-ab10-424e-ac54-cb3b86c02134-groupManagement] INFO  segmented.SegmentedRaftLogWorker (SegmentedRaftLogWorker.java:lambda$new$0(135)) - 125b6ccd-ab10-424e-ac54-cb3b86c02134@group-490E43B3EBB9-SegmentedRaftLogWorker: safeCacheEvictIndex: setUnconditionally 0 -> -1
2023-09-07 09:03:37,300 [EventQueue-PipelineReportForReconPipelineReportHandler] INFO  scm.ReconPipelineReportHandler (ReconPipelineReportHandler.java:processPipelineReport(68)) - Unknown pipeline PipelineID=cbfcf735-d192-4fef-a2ad-490e43b3ebb9. Trying to get from SCM.
2023-09-07 09:03:37,300 [125b6ccd-ab10-424e-ac54-cb3b86c02134-groupManagement] INFO  server.RaftServer$Division (RaftServerImpl.java:start(342)) - 125b6ccd-ab10-424e-ac54-cb3b86c02134@group-490E43B3EBB9: start as a follower, conf=-1: peers:[125b6ccd-ab10-424e-ac54-cb3b86c02134|rpc:10.1.0.77:15016|admin:10.1.0.77:15015|client:10.1.0.77:15014|dataStream:10.1.0.77:15017|priority:1|startupRole:FOLLOWER]|listeners:[], old=null
2023-09-07 09:03:37,300 [125b6ccd-ab10-424e-ac54-cb3b86c02134-groupManagement] INFO  server.RaftServer$Division (RaftServerImpl.java:setRole(329)) - 125b6ccd-ab10-424e-ac54-cb3b86c02134@group-490E43B3EBB9: changes role from      null to FOLLOWER at term 0 for startAsFollower
2023-09-07 09:03:37,300 [125b6ccd-ab10-424e-ac54-cb3b86c02134-groupManagement] INFO  impl.RoleInfo (RoleInfo.java:updateAndGet(139)) - 125b6ccd-ab10-424e-ac54-cb3b86c02134: start 125b6ccd-ab10-424e-ac54-cb3b86c02134@group-490E43B3EBB9-FollowerState
2023-09-07 09:03:37,305 [125b6ccd-ab10-424e-ac54-cb3b86c02134-groupManagement] INFO  util.JmxRegister (JmxRegister.java:tryRegister(44)) - Successfully registered JMX Bean with object name Ratis:service=RaftServer,group=group-490E43B3EBB9,id=125b6ccd-ab10-424e-ac54-cb3b86c02134
2023-09-07 09:03:37,306 [125b6ccd-ab10-424e-ac54-cb3b86c02134-groupManagement] INFO  server.RaftServerConfigKeys (ConfUtils.java:logGet(46)) - raft.server.snapshot.auto.trigger.enabled = true (custom)
2023-09-07 09:03:37,306 [125b6ccd-ab10-424e-ac54-cb3b86c02134-groupManagement] INFO  server.RaftServerConfigKeys (ConfUtils.java:logGet(46)) - raft.server.snapshot.auto.trigger.threshold = 10000 (custom)
2023-09-07 09:03:37,306 [125b6ccd-ab10-424e-ac54-cb3b86c02134-groupManagement] INFO  server.RaftServerConfigKeys (ConfUtils.java:logGet(46)) - raft.server.snapshot.retention.file.num = 5 (custom)
2023-09-07 09:03:37,306 [125b6ccd-ab10-424e-ac54-cb3b86c02134-groupManagement] INFO  server.RaftServerConfigKeys (ConfUtils.java:logGet(46)) - raft.server.log.purge.upto.snapshot.index = false (default)
2023-09-07 09:03:37,308 [125b6ccd-ab10-424e-ac54-cb3b86c02134@group-490E43B3EBB9-FollowerState] INFO  server.RaftServerConfigKeys (ConfUtils.java:logFallback(53)) - raft.server.rpc.first-election.timeout.min = 5s (fallback to raft.server.rpc.timeout.min)
2023-09-07 09:03:37,309 [125b6ccd-ab10-424e-ac54-cb3b86c02134@group-490E43B3EBB9-FollowerState] INFO  server.RaftServerConfigKeys (ConfUtils.java:logFallback(53)) - raft.server.rpc.first-election.timeout.max = 5200ms (fallback to raft.server.rpc.timeout.max)
2023-09-07 09:03:37,315 [EventQueue-OpenPipelineForHealthyPipelineSafeModeRule] INFO  safemode.SCMSafeModeManager (HealthyPipelineSafeModeRule.java:process(137)) - SCM in safe mode. Healthy pipelines reported count is 0, required healthy pipeline reported count is 1
2023-09-07 09:03:37,320 [EventQueue-PipelineReportForReconPipelineReportHandler] INFO  scm.ReconPipelineReportHandler (ReconPipelineReportHandler.java:processPipelineReport(86)) - Adding new pipeline Pipeline[ Id: cbfcf735-d192-4fef-a2ad-490e43b3ebb9, Nodes: 125b6ccd-ab10-424e-ac54-cb3b86c02134(fv-az200-880.axauvrbo4geuti20fntxkzjnxf.dx.internal.cloudapp.net/10.1.0.77), ReplicationConfig: RATIS/ONE, State:OPEN, leaderId:125b6ccd-ab10-424e-ac54-cb3b86c02134, CreationTimestamp2023-09-07T09:03:34.299Z[Etc/UTC]] to Recon pipeline metadata.
2023-09-07 09:03:37,329 [PipelineCommandHandlerThread-0] INFO  ratis.XceiverServerRatis (XceiverServerRatis.java:addGroup(804)) - Created group PipelineID=cbfcf735-d192-4fef-a2ad-490e43b3ebb9
2023-09-07 09:03:37,330 [PipelineCommandHandlerThread-0] INFO  commandhandler.CreatePipelineCommandHandler (CreatePipelineCommandHandler.java:lambda$handle$2(124)) - Created Pipeline RATIS ONE PipelineID=cbfcf735-d192-4fef-a2ad-490e43b3ebb9.
2023-09-07 09:03:37,330 [PipelineCommandHandlerThread-0] INFO  server.RaftServer (RaftServerProxy.java:addNew(98)) - 125b6ccd-ab10-424e-ac54-cb3b86c02134: addNew group-CA4CE5B48592:[8aaa379b-76d2-401e-9e9b-5f71144f2a0c|rpc:10.1.0.77:15025|admin:10.1.0.77:15024|client:10.1.0.77:15023|dataStream:10.1.0.77:15026|priority:0|startupRole:FOLLOWER, 125b6ccd-ab10-424e-ac54-cb3b86c02134|rpc:10.1.0.77:15016|admin:10.1.0.77:15015|client:10.1.0.77:15014|dataStream:10.1.0.77:15017|priority:1|startupRole:FOLLOWER, e4211b8b-b648-43cb-96ad-95a5188c1410|rpc:10.1.0.77:15034|admin:10.1.0.77:15033|client:10.1.0.77:15032|dataStream:10.1.0.77:15035|priority:0|startupRole:FOLLOWER] returns group-CA4CE5B48592:java.util.concurrent.CompletableFuture@3602a14b[Not completed]
2023-09-07 09:03:37,333 [125b6ccd-ab10-424e-ac54-cb3b86c02134-groupManagement] INFO  server.RaftServer$Division (RaftServerImpl.java:<init>(198)) - 125b6ccd-ab10-424e-ac54-cb3b86c02134: new RaftServerImpl for group-CA4CE5B48592:[8aaa379b-76d2-401e-9e9b-5f71144f2a0c|rpc:10.1.0.77:15025|admin:10.1.0.77:15024|client:10.1.0.77:15023|dataStream:10.1.0.77:15026|priority:0|startupRole:FOLLOWER, 125b6ccd-ab10-424e-ac54-cb3b86c02134|rpc:10.1.0.77:15016|admin:10.1.0.77:15015|client:10.1.0.77:15014|dataStream:10.1.0.77:15017|priority:1|startupRole:FOLLOWER, e4211b8b-b648-43cb-96ad-95a5188c1410|rpc:10.1.0.77:15034|admin:10.1.0.77:15033|client:10.1.0.77:15032|dataStream:10.1.0.77:15035|priority:0|startupRole:FOLLOWER] with ContainerStateMachine:uninitialized
2023-09-07 09:03:37,334 [125b6ccd-ab10-424e-ac54-cb3b86c02134-groupManagement] INFO  server.RaftServerConfigKeys (ConfUtils.java:logGet(46)) - raft.server.rpc.timeout.min = 5s (custom)
2023-09-07 09:03:37,334 [125b6ccd-ab10-424e-ac54-cb3b86c02134-groupManagement] INFO  server.RaftServerConfigKeys (ConfUtils.java:logGet(46)) - raft.server.rpc.timeout.max = 5200ms (custom)
2023-09-07 09:03:37,334 [125b6ccd-ab10-424e-ac54-cb3b86c02134-groupManagement] INFO  server.RaftServerConfigKeys (ConfUtils.java:logGet(46)) - raft.server.rpc.sleep.time = 25ms (default)
2023-09-07 09:03:37,336 [125b6ccd-ab10-424e-ac54-cb3b86c02134-groupManagement] INFO  server.RaftServerConfigKeys (ConfUtils.java:logGet(46)) - raft.server.rpc.slowness.timeout = 300s (custom)
2023-09-07 09:03:37,337 [125b6ccd-ab10-424e-ac54-cb3b86c02134-groupManagement] INFO  server.RaftServerConfigKeys (ConfUtils.java:logGet(46)) - raft.server.leaderelection.leader.step-down.wait-time = 10s (default)
2023-09-07 09:03:37,337 [125b6ccd-ab10-424e-ac54-cb3b86c02134-groupManagement] INFO  server.RaftServerConfigKeys (ConfUtils.java:logGet(46)) - raft.server.sleep.deviation.threshold = 300ms (default)
2023-09-07 09:03:37,337 [125b6ccd-ab10-424e-ac54-cb3b86c02134-groupManagement] INFO  server.RaftServer$Division (ServerState.java:<init>(120)) - 125b6ccd-ab10-424e-ac54-cb3b86c02134@group-CA4CE5B48592: ConfigurationManager, init=-1: peers:[8aaa379b-76d2-401e-9e9b-5f71144f2a0c|rpc:10.1.0.77:15025|admin:10.1.0.77:15024|client:10.1.0.77:15023|dataStream:10.1.0.77:15026|priority:0|startupRole:FOLLOWER, 125b6ccd-ab10-424e-ac54-cb3b86c02134|rpc:10.1.0.77:15016|admin:10.1.0.77:15015|client:10.1.0.77:15014|dataStream:10.1.0.77:15017|priority:1|startupRole:FOLLOWER, e4211b8b-b648-43cb-96ad-95a5188c1410|rpc:10.1.0.77:15034|admin:10.1.0.77:15033|client:10.1.0.77:15032|dataStream:10.1.0.77:15035|priority:0|startupRole:FOLLOWER]|listeners:[], old=null, confs=<EMPTY_MAP>
2023-09-07 09:03:37,337 [125b6ccd-ab10-424e-ac54-cb3b86c02134-groupManagement] INFO  server.RaftServerConfigKeys (ConfUtils.java:logGet(46)) - raft.server.storage.dir = [/home/runner/work/ozone/ozone/hadoop-ozone/integration-test/target/test-dir/MiniOzoneClusterImpl-9da26bb3-9e9b-4d78-afbb-0d838bea1ada/datanode-0/data/ratis] (custom)
2023-09-07 09:03:37,337 [125b6ccd-ab10-424e-ac54-cb3b86c02134-groupManagement] INFO  server.RaftServerConfigKeys (ConfUtils.java:logGet(46)) - raft.server.log.corruption.policy = EXCEPTION (default)
2023-09-07 09:03:37,337 [125b6ccd-ab10-424e-ac54-cb3b86c02134-groupManagement] INFO  server.RaftServerConfigKeys (ConfUtils.java:logGet(46)) - raft.server.storage.free-space.min = 0MB (=0) (default)
2023-09-07 09:03:37,338 [125b6ccd-ab10-424e-ac54-cb3b86c02134-groupManagement] INFO  server.RaftServerConfigKeys (ConfUtils.java:logGet(46)) - raft.server.notification.no-leader.timeout = 300s (custom)
2023-09-07 09:03:37,339 [125b6ccd-ab10-424e-ac54-cb3b86c02134-groupManagement] INFO  server.RaftServerConfigKeys (ConfUtils.java:logGet(46)) - raft.server.read.timeout = 10s (default)
2023-09-07 09:03:37,339 [125b6ccd-ab10-424e-ac54-cb3b86c02134-groupManagement] INFO  server.RaftServerConfigKeys (ConfUtils.java:logGet(46)) - raft.server.retrycache.expirytime = 600000ms (custom)
2023-09-07 09:03:37,339 [125b6ccd-ab10-424e-ac54-cb3b86c02134-groupManagement] INFO  server.RaftServerConfigKeys (ConfUtils.java:logGet(46)) - raft.server.retrycache.statistics.expirytime = 100μs (default)
2023-09-07 09:03:37,339 [125b6ccd-ab10-424e-ac54-cb3b86c02134-groupManagement] INFO  server.RaftServerConfigKeys (ConfUtils.java:logGet(46)) - raft.server.read.option = DEFAULT (default)
2023-09-07 09:03:37,341 [125b6ccd-ab10-424e-ac54-cb3b86c02134-groupManagement] INFO  server.RaftServerConfigKeys (ConfUtils.java:logGet(46)) - raft.server.rpc.request.timeout = 60s (custom)
2023-09-07 09:03:37,341 [125b6ccd-ab10-424e-ac54-cb3b86c02134-groupManagement] INFO  server.RaftServerConfigKeys (ConfUtils.java:logGet(46)) - raft.server.log.appender.install.snapshot.enabled = false (custom)
2023-09-07 09:03:37,341 [125b6ccd-ab10-424e-ac54-cb3b86c02134-groupManagement] INFO  server.RaftServerConfigKeys (ConfUtils.java:logGet(46)) - raft.server.threadpool.server.cached = true (default)
2023-09-07 09:03:37,341 [125b6ccd-ab10-424e-ac54-cb3b86c02134-groupManagement] INFO  server.RaftServerConfigKeys (ConfUtils.java:logGet(46)) - raft.server.threadpool.server.size = 0 (default)
2023-09-07 09:03:37,341 [125b6ccd-ab10-424e-ac54-cb3b86c02134-groupManagement] INFO  server.RaftServerConfigKeys (ConfUtils.java:logGet(46)) - raft.server.threadpool.client.cached = true (default)
2023-09-07 09:03:37,341 [125b6ccd-ab10-424e-ac54-cb3b86c02134-groupManagement] INFO  server.RaftServerConfigKeys (ConfUtils.java:logGet(46)) - raft.server.threadpool.client.size = 0 (default)
2023-09-07 09:03:37,342 [125b6ccd-ab10-424e-ac54-cb3b86c02134-groupManagement] INFO  storage.RaftStorageDirectory (RaftStorageDirectoryImpl.java:analyzeStorage(137)) - The storage directory /home/runner/work/ozone/ozone/hadoop-ozone/integration-test/target/test-dir/MiniOzoneClusterImpl-9da26bb3-9e9b-4d78-afbb-0d838bea1ada/datanode-0/data/ratis/a2d281d2-730c-4a02-9c2e-ca4ce5b48592 does not exist. Creating ...
2023-09-07 09:03:37,344 [125b6ccd-ab10-424e-ac54-cb3b86c02134-groupManagement] INFO  storage.RaftStorageDirectory (RaftStorageDirectoryImpl.java:tryLock(231)) - Lock on /home/runner/work/ozone/ozone/hadoop-ozone/integration-test/target/test-dir/MiniOzoneClusterImpl-9da26bb3-9e9b-4d78-afbb-0d838bea1ada/datanode-0/data/ratis/a2d281d2-730c-4a02-9c2e-ca4ce5b48592/in_use.lock acquired by nodename 19819@fv-az200-880
2023-09-07 09:03:37,346 [125b6ccd-ab10-424e-ac54-cb3b86c02134-groupManagement] INFO  storage.RaftStorage (RaftStorageImpl.java:format(96)) - Storage directory /home/runner/work/ozone/ozone/hadoop-ozone/integration-test/target/test-dir/MiniOzoneClusterImpl-9da26bb3-9e9b-4d78-afbb-0d838bea1ada/datanode-0/data/ratis/a2d281d2-730c-4a02-9c2e-ca4ce5b48592 has been successfully formatted.
2023-09-07 09:03:37,347 [125b6ccd-ab10-424e-ac54-cb3b86c02134-groupManagement] INFO  ratis.ContainerStateMachine (ContainerStateMachine.java:loadSnapshot(262)) - group-CA4CE5B48592: The snapshot info is null. Setting the last applied indexto:(t:0, i:~)
2023-09-07 09:03:37,347 [125b6ccd-ab10-424e-ac54-cb3b86c02134-groupManagement] INFO  server.RaftServerConfigKeys (ConfUtils.java:logGet(46)) - raft.server.log.use.memory = false (default)
2023-09-07 09:03:37,350 [125b6ccd-ab10-424e-ac54-cb3b86c02134-groupManagement] INFO  server.RaftServerConfigKeys (ConfUtils.java:logGet(46)) - raft.server.log.purge.gap = 1000000 (custom)
2023-09-07 09:03:37,350 [125b6ccd-ab10-424e-ac54-cb3b86c02134-groupManagement] INFO  server.RaftServerConfigKeys (ConfUtils.java:logGet(46)) - raft.server.log.appender.buffer.byte-limit = 33554432 (custom)
2023-09-07 09:03:37,351 [125b6ccd-ab10-424e-ac54-cb3b86c02134-groupManagement] INFO  server.RaftServerConfigKeys (ConfUtils.java:logGet(46)) - raft.server.log.statemachine.data.read.timeout = 1000ms (default)
2023-09-07 09:03:37,351 [125b6ccd-ab10-424e-ac54-cb3b86c02134-groupManagement] INFO  server.RaftServerConfigKeys (ConfUtils.java:logGet(46)) - raft.server.log.purge.preservation.log.num = 0 (default)
2023-09-07 09:03:37,351 [125b6ccd-ab10-424e-ac54-cb3b86c02134-groupManagement] INFO  server.RaftServerConfigKeys (ConfUtils.java:logGet(46)) - raft.server.log.segment.size.max = 1048576 (custom)
2023-09-07 09:03:37,351 [EventQueue-OpenPipelineForHealthyPipelineSafeModeRule] INFO  safemode.SCMSafeModeManager (HealthyPipelineSafeModeRule.java:process(137)) - SCM in safe mode. Healthy pipelines reported count is 0, required healthy pipeline reported count is 1
2023-09-07 09:03:37,352 [EventQueue-PipelineReportForReconPipelineReportHandler] INFO  scm.ReconPipelineReportHandler (ReconPipelineReportHandler.java:processPipelineReport(68)) - Unknown pipeline PipelineID=a2d281d2-730c-4a02-9c2e-ca4ce5b48592. Trying to get from SCM.
2023-09-07 09:03:37,352 [125b6ccd-ab10-424e-ac54-cb3b86c02134-groupManagement] INFO  server.RaftServerConfigKeys (ConfUtils.java:logGet(46)) - raft.server.log.segment.cache.num.max = 2 (custom)
2023-09-07 09:03:37,355 [125b6ccd-ab10-424e-ac54-cb3b86c02134-groupManagement] INFO  server.RaftServerConfigKeys (ConfUtils.java:logGet(46)) - raft.server.log.segment.cache.size.max = 200MB (=209715200) (default)
2023-09-07 09:03:37,355 [125b6ccd-ab10-424e-ac54-cb3b86c02134-groupManagement] INFO  server.RaftServerConfigKeys (ConfUtils.java:logGet(46)) - raft.server.log.appender.buffer.byte-limit = 33554432 (custom)
2023-09-07 09:03:37,355 [125b6ccd-ab10-424e-ac54-cb3b86c02134-groupManagement] INFO  segmented.SegmentedRaftLogWorker (SegmentedRaftLogWorker.java:<init>(188)) - new 125b6ccd-ab10-424e-ac54-cb3b86c02134@group-CA4CE5B48592-SegmentedRaftLogWorker for RaftStorageImpl:Storage Directory /home/runner/work/ozone/ozone/hadoop-ozone/integration-test/target/test-dir/MiniOzoneClusterImpl-9da26bb3-9e9b-4d78-afbb-0d838bea1ada/datanode-0/data/ratis/a2d281d2-730c-4a02-9c2e-ca4ce5b48592
2023-09-07 09:03:37,355 [125b6ccd-ab10-424e-ac54-cb3b86c02134-groupManagement] INFO  server.RaftServerConfigKeys (ConfUtils.java:logGet(46)) - raft.server.log.queue.byte-limit = 4294967296 (custom)
2023-09-07 09:03:37,355 [125b6ccd-ab10-424e-ac54-cb3b86c02134-groupManagement] INFO  server.RaftServerConfigKeys (ConfUtils.java:logGet(46)) - raft.server.log.queue.element-limit = 1024 (custom)
2023-09-07 09:03:37,355 [125b6ccd-ab10-424e-ac54-cb3b86c02134-groupManagement] INFO  server.RaftServerConfigKeys (ConfUtils.java:logGet(46)) - raft.server.log.segment.size.max = 1048576 (custom)
2023-09-07 09:03:37,356 [125b6ccd-ab10-424e-ac54-cb3b86c02134-groupManagement] INFO  server.RaftServerConfigKeys (ConfUtils.java:logGet(46)) - raft.server.log.preallocated.size = 16384 (custom)
2023-09-07 09:03:37,356 [125b6ccd-ab10-424e-ac54-cb3b86c02134-groupManagement] INFO  server.RaftServerConfigKeys (ConfUtils.java:logGet(46)) - raft.server.log.force.sync.num = 128 (default)
2023-09-07 09:03:37,356 [125b6ccd-ab10-424e-ac54-cb3b86c02134-groupManagement] INFO  server.RaftServerConfigKeys (ConfUtils.java:logGet(46)) - raft.server.log.statemachine.data.sync = true (default)
2023-09-07 09:03:37,356 [125b6ccd-ab10-424e-ac54-cb3b86c02134-groupManagement] INFO  server.RaftServerConfigKeys (ConfUtils.java:logGet(46)) - raft.server.log.statemachine.data.sync.timeout = 10s (default)
2023-09-07 09:03:37,356 [125b6ccd-ab10-424e-ac54-cb3b86c02134-groupManagement] INFO  server.RaftServerConfigKeys (ConfUtils.java:logGet(46)) - raft.server.log.statemachine.data.sync.timeout.retry = -1 (default)
2023-09-07 09:03:37,358 [EventQueue-PipelineReportForReconPipelineReportHandler] INFO  scm.ReconPipelineReportHandler (ReconPipelineReportHandler.java:processPipelineReport(86)) - Adding new pipeline Pipeline[ Id: a2d281d2-730c-4a02-9c2e-ca4ce5b48592, Nodes: e4211b8b-b648-43cb-96ad-95a5188c1410(fv-az200-880.axauvrbo4geuti20fntxkzjnxf.dx.internal.cloudapp.net/10.1.0.77)8aaa379b-76d2-401e-9e9b-5f71144f2a0c(fv-az200-880.axauvrbo4geuti20fntxkzjnxf.dx.internal.cloudapp.net/10.1.0.77)125b6ccd-ab10-424e-ac54-cb3b86c02134(fv-az200-880.axauvrbo4geuti20fntxkzjnxf.dx.internal.cloudapp.net/10.1.0.77), ReplicationConfig: RATIS/THREE, State:ALLOCATED, leaderId:, CreationTimestamp2023-09-07T09:03:35.079Z[Etc/UTC]] to Recon pipeline metadata.
2023-09-07 09:03:37,359 [EventQueue-PipelineReportForReconPipelineReportHandler] INFO  scm.ReconPipelineReportHandler (ReconPipelineReportHandler.java:processPipelineReport(103)) - Pipeline RATIS/THREE PipelineID=a2d281d2-730c-4a02-9c2e-ca4ce5b48592 reported by 125b6ccd-ab10-424e-ac54-cb3b86c02134(fv-az200-880.axauvrbo4geuti20fntxkzjnxf.dx.internal.cloudapp.net/10.1.0.77)
2023-09-07 09:03:37,361 [125b6ccd-ab10-424e-ac54-cb3b86c02134-groupManagement] INFO  server.RaftServerConfigKeys (ConfUtils.java:logGet(46)) - raft.server.log.write.buffer.size = 1048576 (custom)
2023-09-07 09:03:37,362 [125b6ccd-ab10-424e-ac54-cb3b86c02134-groupManagement] INFO  server.RaftServerConfigKeys (ConfUtils.java:logGet(46)) - raft.server.log.appender.buffer.byte-limit = 33554432 (custom)
2023-09-07 09:03:37,369 [125b6ccd-ab10-424e-ac54-cb3b86c02134-groupManagement] INFO  server.RaftServerConfigKeys (ConfUtils.java:logGet(46)) - raft.server.log.unsafe-flush.enabled = false (default)
2023-09-07 09:03:37,369 [125b6ccd-ab10-424e-ac54-cb3b86c02134-groupManagement] INFO  server.RaftServerConfigKeys (ConfUtils.java:logGet(46)) - raft.server.log.async-flush.enabled = false (default)
2023-09-07 09:03:37,370 [125b6ccd-ab10-424e-ac54-cb3b86c02134-groupManagement] INFO  server.RaftServerConfigKeys (ConfUtils.java:logGet(46)) - raft.server.log.statemachine.data.caching.enabled = true (custom)
2023-09-07 09:03:37,370 [125b6ccd-ab10-424e-ac54-cb3b86c02134-groupManagement] INFO  segmented.SegmentedRaftLogWorker (SegmentedRaftLogWorker.java:lambda$new$0(135)) - 125b6ccd-ab10-424e-ac54-cb3b86c02134@group-CA4CE5B48592-SegmentedRaftLogWorker: flushIndex: setUnconditionally 0 -> -1
2023-09-07 09:03:37,370 [125b6ccd-ab10-424e-ac54-cb3b86c02134-groupManagement] INFO  segmented.SegmentedRaftLogWorker (SegmentedRaftLogWorker.java:lambda$new$0(135)) - 125b6ccd-ab10-424e-ac54-cb3b86c02134@group-CA4CE5B48592-SegmentedRaftLogWorker: safeCacheEvictIndex: setUnconditionally 0 -> -1
2023-09-07 09:03:37,370 [125b6ccd-ab10-424e-ac54-cb3b86c02134-groupManagement] INFO  server.RaftServer$Division (RaftServerImpl.java:start(342)) - 125b6ccd-ab10-424e-ac54-cb3b86c02134@group-CA4CE5B48592: start as a follower, conf=-1: peers:[8aaa379b-76d2-401e-9e9b-5f71144f2a0c|rpc:10.1.0.77:15025|admin:10.1.0.77:15024|client:10.1.0.77:15023|dataStream:10.1.0.77:15026|priority:0|startupRole:FOLLOWER, 125b6ccd-ab10-424e-ac54-cb3b86c02134|rpc:10.1.0.77:15016|admin:10.1.0.77:15015|client:10.1.0.77:15014|dataStream:10.1.0.77:15017|priority:1|startupRole:FOLLOWER, e4211b8b-b648-43cb-96ad-95a5188c1410|rpc:10.1.0.77:15034|admin:10.1.0.77:15033|client:10.1.0.77:15032|dataStream:10.1.0.77:15035|priority:0|startupRole:FOLLOWER]|listeners:[], old=null
2023-09-07 09:03:37,370 [125b6ccd-ab10-424e-ac54-cb3b86c02134-groupManagement] INFO  server.RaftServer$Division (RaftServerImpl.java:setRole(329)) - 125b6ccd-ab10-424e-ac54-cb3b86c02134@group-CA4CE5B48592: changes role from      null to FOLLOWER at term 0 for startAsFollower
2023-09-07 09:03:37,371 [125b6ccd-ab10-424e-ac54-cb3b86c02134-groupManagement] INFO  impl.RoleInfo (RoleInfo.java:updateAndGet(139)) - 125b6ccd-ab10-424e-ac54-cb3b86c02134: start 125b6ccd-ab10-424e-ac54-cb3b86c02134@group-CA4CE5B48592-FollowerState
2023-09-07 09:03:37,371 [125b6ccd-ab10-424e-ac54-cb3b86c02134@group-CA4CE5B48592-FollowerState] INFO  server.RaftServerConfigKeys (ConfUtils.java:logFallback(53)) - raft.server.rpc.first-election.timeout.min = 5s (fallback to raft.server.rpc.timeout.min)
2023-09-07 09:03:37,371 [125b6ccd-ab10-424e-ac54-cb3b86c02134-groupManagement] INFO  util.JmxRegister (JmxRegister.java:tryRegister(44)) - Successfully registered JMX Bean with object name Ratis:service=RaftServer,group=group-CA4CE5B48592,id=125b6ccd-ab10-424e-ac54-cb3b86c02134
2023-09-07 09:03:37,373 [125b6ccd-ab10-424e-ac54-cb3b86c02134@group-CA4CE5B48592-FollowerState] INFO  server.RaftServerConfigKeys (ConfUtils.java:logFallback(53)) - raft.server.rpc.first-election.timeout.max = 5200ms (fallback to raft.server.rpc.timeout.max)
2023-09-07 09:03:37,373 [125b6ccd-ab10-424e-ac54-cb3b86c02134-groupManagement] INFO  server.RaftServerConfigKeys (ConfUtils.java:logGet(46)) - raft.server.snapshot.auto.trigger.enabled = true (custom)
2023-09-07 09:03:37,373 [125b6ccd-ab10-424e-ac54-cb3b86c02134-groupManagement] INFO  server.RaftServerConfigKeys (ConfUtils.java:logGet(46)) - raft.server.snapshot.auto.trigger.threshold = 10000 (custom)
2023-09-07 09:03:37,373 [125b6ccd-ab10-424e-ac54-cb3b86c02134-groupManagement] INFO  server.RaftServerConfigKeys (ConfUtils.java:logGet(46)) - raft.server.snapshot.retention.file.num = 5 (custom)
2023-09-07 09:03:37,373 [125b6ccd-ab10-424e-ac54-cb3b86c02134-groupManagement] INFO  server.RaftServerConfigKeys (ConfUtils.java:logGet(46)) - raft.server.log.purge.upto.snapshot.index = false (default)
2023-09-07 09:03:37,374 [PipelineCommandHandlerThread-0] INFO  ratis.XceiverServerRatis (XceiverServerRatis.java:addGroup(804)) - Created group PipelineID=a2d281d2-730c-4a02-9c2e-ca4ce5b48592
2023-09-07 09:03:37,697 [PipelineCommandHandlerThread-0] INFO  server.RaftServer (RaftServerProxy.java:addNew(98)) - 8aaa379b-76d2-401e-9e9b-5f71144f2a0c: addNew group-CA2191642088:[8aaa379b-76d2-401e-9e9b-5f71144f2a0c|rpc:10.1.0.77:15025|admin:10.1.0.77:15024|client:10.1.0.77:15023|dataStream:10.1.0.77:15026|priority:1|startupRole:FOLLOWER] returns group-CA2191642088:java.util.concurrent.CompletableFuture@f2938a2[Not completed]
2023-09-07 09:03:37,699 [8aaa379b-76d2-401e-9e9b-5f71144f2a0c-groupManagement] INFO  server.RaftServer$Division (RaftServerImpl.java:<init>(198)) - 8aaa379b-76d2-401e-9e9b-5f71144f2a0c: new RaftServerImpl for group-CA2191642088:[8aaa379b-76d2-401e-9e9b-5f71144f2a0c|rpc:10.1.0.77:15025|admin:10.1.0.77:15024|client:10.1.0.77:15023|dataStream:10.1.0.77:15026|priority:1|startupRole:FOLLOWER] with ContainerStateMachine:uninitialized
2023-09-07 09:03:37,699 [8aaa379b-76d2-401e-9e9b-5f71144f2a0c-groupManagement] INFO  server.RaftServerConfigKeys (ConfUtils.java:logGet(46)) - raft.server.rpc.timeout.min = 5s (custom)
2023-09-07 09:03:37,699 [8aaa379b-76d2-401e-9e9b-5f71144f2a0c-groupManagement] INFO  server.RaftServerConfigKeys (ConfUtils.java:logGet(46)) - raft.server.rpc.timeout.max = 5200ms (custom)
2023-09-07 09:03:37,699 [8aaa379b-76d2-401e-9e9b-5f71144f2a0c-groupManagement] INFO  server.RaftServerConfigKeys (ConfUtils.java:logGet(46)) - raft.server.rpc.sleep.time = 25ms (default)
2023-09-07 09:03:37,699 [8aaa379b-76d2-401e-9e9b-5f71144f2a0c-groupManagement] INFO  server.RaftServerConfigKeys (ConfUtils.java:logGet(46)) - raft.server.rpc.slowness.timeout = 300s (custom)
2023-09-07 09:03:37,699 [8aaa379b-76d2-401e-9e9b-5f71144f2a0c-groupManagement] INFO  server.RaftServerConfigKeys (ConfUtils.java:logGet(46)) - raft.server.leaderelection.leader.step-down.wait-time = 10s (default)
2023-09-07 09:03:37,699 [8aaa379b-76d2-401e-9e9b-5f71144f2a0c-groupManagement] INFO  server.RaftServerConfigKeys (ConfUtils.java:logGet(46)) - raft.server.sleep.deviation.threshold = 300ms (default)
2023-09-07 09:03:37,700 [8aaa379b-76d2-401e-9e9b-5f71144f2a0c-groupManagement] INFO  server.RaftServer$Division (ServerState.java:<init>(120)) - 8aaa379b-76d2-401e-9e9b-5f71144f2a0c@group-CA2191642088: ConfigurationManager, init=-1: peers:[8aaa379b-76d2-401e-9e9b-5f71144f2a0c|rpc:10.1.0.77:15025|admin:10.1.0.77:15024|client:10.1.0.77:15023|dataStream:10.1.0.77:15026|priority:1|startupRole:FOLLOWER]|listeners:[], old=null, confs=<EMPTY_MAP>
2023-09-07 09:03:37,700 [8aaa379b-76d2-401e-9e9b-5f71144f2a0c-groupManagement] INFO  server.RaftServerConfigKeys (ConfUtils.java:logGet(46)) - raft.server.storage.dir = [/home/runner/work/ozone/ozone/hadoop-ozone/integration-test/target/test-dir/MiniOzoneClusterImpl-9da26bb3-9e9b-4d78-afbb-0d838bea1ada/datanode-1/data/ratis] (custom)
2023-09-07 09:03:37,700 [8aaa379b-76d2-401e-9e9b-5f71144f2a0c-groupManagement] INFO  server.RaftServerConfigKeys (ConfUtils.java:logGet(46)) - raft.server.log.corruption.policy = EXCEPTION (default)
2023-09-07 09:03:37,701 [8aaa379b-76d2-401e-9e9b-5f71144f2a0c-groupManagement] INFO  server.RaftServerConfigKeys (ConfUtils.java:logGet(46)) - raft.server.storage.free-space.min = 0MB (=0) (default)
2023-09-07 09:03:37,701 [8aaa379b-76d2-401e-9e9b-5f71144f2a0c-groupManagement] INFO  server.RaftServerConfigKeys (ConfUtils.java:logGet(46)) - raft.server.notification.no-leader.timeout = 300s (custom)
2023-09-07 09:03:37,701 [8aaa379b-76d2-401e-9e9b-5f71144f2a0c-groupManagement] INFO  server.RaftServerConfigKeys (ConfUtils.java:logGet(46)) - raft.server.read.timeout = 10s (default)
2023-09-07 09:03:37,701 [8aaa379b-76d2-401e-9e9b-5f71144f2a0c-groupManagement] INFO  server.RaftServerConfigKeys (ConfUtils.java:logGet(46)) - raft.server.retrycache.expirytime = 600000ms (custom)
2023-09-07 09:03:37,701 [8aaa379b-76d2-401e-9e9b-5f71144f2a0c-groupManagement] INFO  server.RaftServerConfigKeys (ConfUtils.java:logGet(46)) - raft.server.retrycache.statistics.expirytime = 100μs (default)
2023-09-07 09:03:37,701 [8aaa379b-76d2-401e-9e9b-5f71144f2a0c-groupManagement] INFO  server.RaftServerConfigKeys (ConfUtils.java:logGet(46)) - raft.server.read.option = DEFAULT (default)
2023-09-07 09:03:37,712 [8aaa379b-76d2-401e-9e9b-5f71144f2a0c-groupManagement] INFO  server.RaftServerConfigKeys (ConfUtils.java:logGet(46)) - raft.server.rpc.request.timeout = 60s (custom)
2023-09-07 09:03:37,712 [8aaa379b-76d2-401e-9e9b-5f71144f2a0c-groupManagement] INFO  server.RaftServerConfigKeys (ConfUtils.java:logGet(46)) - raft.server.log.appender.install.snapshot.enabled = false (custom)
2023-09-07 09:03:37,712 [8aaa379b-76d2-401e-9e9b-5f71144f2a0c-groupManagement] INFO  server.RaftServerConfigKeys (ConfUtils.java:logGet(46)) - raft.server.threadpool.server.cached = true (default)
2023-09-07 09:03:37,712 [8aaa379b-76d2-401e-9e9b-5f71144f2a0c-groupManagement] INFO  server.RaftServerConfigKeys (ConfUtils.java:logGet(46)) - raft.server.threadpool.server.size = 0 (default)
2023-09-07 09:03:37,712 [8aaa379b-76d2-401e-9e9b-5f71144f2a0c-groupManagement] INFO  server.RaftServerConfigKeys (ConfUtils.java:logGet(46)) - raft.server.threadpool.client.cached = true (default)
2023-09-07 09:03:37,712 [8aaa379b-76d2-401e-9e9b-5f71144f2a0c-groupManagement] INFO  server.RaftServerConfigKeys (ConfUtils.java:logGet(46)) - raft.server.threadpool.client.size = 0 (default)
2023-09-07 09:03:37,712 [8aaa379b-76d2-401e-9e9b-5f71144f2a0c-groupManagement] INFO  storage.RaftStorageDirectory (RaftStorageDirectoryImpl.java:analyzeStorage(137)) - The storage directory /home/runner/work/ozone/ozone/hadoop-ozone/integration-test/target/test-dir/MiniOzoneClusterImpl-9da26bb3-9e9b-4d78-afbb-0d838bea1ada/datanode-1/data/ratis/c17f5be7-3c17-4744-ad2e-ca2191642088 does not exist. Creating ...
2023-09-07 09:03:37,716 [8aaa379b-76d2-401e-9e9b-5f71144f2a0c-groupManagement] INFO  storage.RaftStorageDirectory (RaftStorageDirectoryImpl.java:tryLock(231)) - Lock on /home/runner/work/ozone/ozone/hadoop-ozone/integration-test/target/test-dir/MiniOzoneClusterImpl-9da26bb3-9e9b-4d78-afbb-0d838bea1ada/datanode-1/data/ratis/c17f5be7-3c17-4744-ad2e-ca2191642088/in_use.lock acquired by nodename 19819@fv-az200-880
2023-09-07 09:03:37,723 [8aaa379b-76d2-401e-9e9b-5f71144f2a0c-groupManagement] INFO  storage.RaftStorage (RaftStorageImpl.java:format(96)) - Storage directory /home/runner/work/ozone/ozone/hadoop-ozone/integration-test/target/test-dir/MiniOzoneClusterImpl-9da26bb3-9e9b-4d78-afbb-0d838bea1ada/datanode-1/data/ratis/c17f5be7-3c17-4744-ad2e-ca2191642088 has been successfully formatted.
2023-09-07 09:03:37,724 [8aaa379b-76d2-401e-9e9b-5f71144f2a0c-groupManagement] INFO  ratis.ContainerStateMachine (ContainerStateMachine.java:loadSnapshot(262)) - group-CA2191642088: The snapshot info is null. Setting the last applied indexto:(t:0, i:~)
2023-09-07 09:03:37,730 [8aaa379b-76d2-401e-9e9b-5f71144f2a0c-groupManagement] INFO  server.RaftServerConfigKeys (ConfUtils.java:logGet(46)) - raft.server.log.use.memory = false (default)
2023-09-07 09:03:37,730 [8aaa379b-76d2-401e-9e9b-5f71144f2a0c-groupManagement] INFO  server.RaftServerConfigKeys (ConfUtils.java:logGet(46)) - raft.server.log.purge.gap = 1000000 (custom)
2023-09-07 09:03:37,730 [8aaa379b-76d2-401e-9e9b-5f71144f2a0c-groupManagement] INFO  server.RaftServerConfigKeys (ConfUtils.java:logGet(46)) - raft.server.log.appender.buffer.byte-limit = 33554432 (custom)
2023-09-07 09:03:37,730 [8aaa379b-76d2-401e-9e9b-5f71144f2a0c-groupManagement] INFO  server.RaftServerConfigKeys (ConfUtils.java:logGet(46)) - raft.server.log.statemachine.data.read.timeout = 1000ms (default)
2023-09-07 09:03:37,731 [EventQueue-PipelineReportForReconPipelineReportHandler] INFO  scm.ReconPipelineReportHandler (ReconPipelineReportHandler.java:processPipelineReport(68)) - Unknown pipeline PipelineID=c17f5be7-3c17-4744-ad2e-ca2191642088. Trying to get from SCM.
2023-09-07 09:03:37,731 [EventQueue-PipelineReportForPipelineReportHandler] INFO  pipeline.PipelineReportHandler (PipelineReportHandler.java:processPipelineReport(136)) - Opened pipeline PipelineID=c17f5be7-3c17-4744-ad2e-ca2191642088
2023-09-07 09:03:37,734 [8aaa379b-76d2-401e-9e9b-5f71144f2a0c-groupManagement] INFO  server.RaftServerConfigKeys (ConfUtils.java:logGet(46)) - raft.server.log.purge.preservation.log.num = 0 (default)
2023-09-07 09:03:37,735 [EventQueue-OpenPipelineForHealthyPipelineSafeModeRule] INFO  safemode.SCMSafeModeManager (HealthyPipelineSafeModeRule.java:process(137)) - SCM in safe mode. Healthy pipelines reported count is 0, required healthy pipeline reported count is 1
2023-09-07 09:03:37,736 [EventQueue-PipelineReportForReconPipelineReportHandler] INFO  scm.ReconPipelineReportHandler (ReconPipelineReportHandler.java:processPipelineReport(86)) - Adding new pipeline Pipeline[ Id: c17f5be7-3c17-4744-ad2e-ca2191642088, Nodes: 8aaa379b-76d2-401e-9e9b-5f71144f2a0c(fv-az200-880.axauvrbo4geuti20fntxkzjnxf.dx.internal.cloudapp.net/10.1.0.77), ReplicationConfig: RATIS/ONE, State:OPEN, leaderId:8aaa379b-76d2-401e-9e9b-5f71144f2a0c, CreationTimestamp2023-09-07T09:03:34.695Z[Etc/UTC]] to Recon pipeline metadata.
2023-09-07 09:03:37,737 [8aaa379b-76d2-401e-9e9b-5f71144f2a0c-groupManagement] INFO  server.RaftServerConfigKeys (ConfUtils.java:logGet(46)) - raft.server.log.segment.size.max = 1048576 (custom)
2023-09-07 09:03:37,738 [8aaa379b-76d2-401e-9e9b-5f71144f2a0c-groupManagement] INFO  server.RaftServerConfigKeys (ConfUtils.java:logGet(46)) - raft.server.log.segment.cache.num.max = 2 (custom)
2023-09-07 09:03:37,738 [8aaa379b-76d2-401e-9e9b-5f71144f2a0c-groupManagement] INFO  server.RaftServerConfigKeys (ConfUtils.java:logGet(46)) - raft.server.log.segment.cache.size.max = 200MB (=209715200) (default)
2023-09-07 09:03:37,738 [8aaa379b-76d2-401e-9e9b-5f71144f2a0c-groupManagement] INFO  server.RaftServerConfigKeys (ConfUtils.java:logGet(46)) - raft.server.log.appender.buffer.byte-limit = 33554432 (custom)
2023-09-07 09:03:37,740 [8aaa379b-76d2-401e-9e9b-5f71144f2a0c-groupManagement] INFO  segmented.SegmentedRaftLogWorker (SegmentedRaftLogWorker.java:<init>(188)) - new 8aaa379b-76d2-401e-9e9b-5f71144f2a0c@group-CA2191642088-SegmentedRaftLogWorker for RaftStorageImpl:Storage Directory /home/runner/work/ozone/ozone/hadoop-ozone/integration-test/target/test-dir/MiniOzoneClusterImpl-9da26bb3-9e9b-4d78-afbb-0d838bea1ada/datanode-1/data/ratis/c17f5be7-3c17-4744-ad2e-ca2191642088
2023-09-07 09:03:37,740 [8aaa379b-76d2-401e-9e9b-5f71144f2a0c-groupManagement] INFO  server.RaftServerConfigKeys (ConfUtils.java:logGet(46)) - raft.server.log.queue.byte-limit = 4294967296 (custom)
2023-09-07 09:03:37,740 [8aaa379b-76d2-401e-9e9b-5f71144f2a0c-groupManagement] INFO  server.RaftServerConfigKeys (ConfUtils.java:logGet(46)) - raft.server.log.queue.element-limit = 1024 (custom)
2023-09-07 09:03:37,741 [8aaa379b-76d2-401e-9e9b-5f71144f2a0c-groupManagement] INFO  server.RaftServerConfigKeys (ConfUtils.java:logGet(46)) - raft.server.log.segment.size.max = 1048576 (custom)
2023-09-07 09:03:37,741 [8aaa379b-76d2-401e-9e9b-5f71144f2a0c-groupManagement] INFO  server.RaftServerConfigKeys (ConfUtils.java:logGet(46)) - raft.server.log.preallocated.size = 16384 (custom)
2023-09-07 09:03:37,741 [8aaa379b-76d2-401e-9e9b-5f71144f2a0c-groupManagement] INFO  server.RaftServerConfigKeys (ConfUtils.java:logGet(46)) - raft.server.log.force.sync.num = 128 (default)
2023-09-07 09:03:37,741 [8aaa379b-76d2-401e-9e9b-5f71144f2a0c-groupManagement] INFO  server.RaftServerConfigKeys (ConfUtils.java:logGet(46)) - raft.server.log.statemachine.data.sync = true (default)
2023-09-07 09:03:37,741 [8aaa379b-76d2-401e-9e9b-5f71144f2a0c-groupManagement] INFO  server.RaftServerConfigKeys (ConfUtils.java:logGet(46)) - raft.server.log.statemachine.data.sync.timeout = 10s (default)
2023-09-07 09:03:37,741 [8aaa379b-76d2-401e-9e9b-5f71144f2a0c-groupManagement] INFO  server.RaftServerConfigKeys (ConfUtils.java:logGet(46)) - raft.server.log.statemachine.data.sync.timeout.retry = -1 (default)
2023-09-07 09:03:37,744 [8aaa379b-76d2-401e-9e9b-5f71144f2a0c-groupManagement] INFO  server.RaftServerConfigKeys (ConfUtils.java:logGet(46)) - raft.server.log.write.buffer.size = 1048576 (custom)
2023-09-07 09:03:37,746 [8aaa379b-76d2-401e-9e9b-5f71144f2a0c-groupManagement] INFO  server.RaftServerConfigKeys (ConfUtils.java:logGet(46)) - raft.server.log.appender.buffer.byte-limit = 33554432 (custom)
2023-09-07 09:03:37,758 [8aaa379b-76d2-401e-9e9b-5f71144f2a0c-groupManagement] INFO  server.RaftServerConfigKeys (ConfUtils.java:logGet(46)) - raft.server.log.unsafe-flush.enabled = false (default)
2023-09-07 09:03:37,758 [8aaa379b-76d2-401e-9e9b-5f71144f2a0c-groupManagement] INFO  server.RaftServerConfigKeys (ConfUtils.java:logGet(46)) - raft.server.log.async-flush.enabled = false (default)
2023-09-07 09:03:37,758 [8aaa379b-76d2-401e-9e9b-5f71144f2a0c-groupManagement] INFO  server.RaftServerConfigKeys (ConfUtils.java:logGet(46)) - raft.server.log.statemachine.data.caching.enabled = true (custom)
2023-09-07 09:03:37,759 [8aaa379b-76d2-401e-9e9b-5f71144f2a0c-groupManagement] INFO  segmented.SegmentedRaftLogWorker (SegmentedRaftLogWorker.java:lambda$new$0(135)) - 8aaa379b-76d2-401e-9e9b-5f71144f2a0c@group-CA2191642088-SegmentedRaftLogWorker: flushIndex: setUnconditionally 0 -> -1
2023-09-07 09:03:37,759 [8aaa379b-76d2-401e-9e9b-5f71144f2a0c-groupManagement] INFO  segmented.SegmentedRaftLogWorker (SegmentedRaftLogWorker.java:lambda$new$0(135)) - 8aaa379b-76d2-401e-9e9b-5f71144f2a0c@group-CA2191642088-SegmentedRaftLogWorker: safeCacheEvictIndex: setUnconditionally 0 -> -1
2023-09-07 09:03:37,759 [8aaa379b-76d2-401e-9e9b-5f71144f2a0c-groupManagement] INFO  server.RaftServer$Division (RaftServerImpl.java:start(342)) - 8aaa379b-76d2-401e-9e9b-5f71144f2a0c@group-CA2191642088: start as a follower, conf=-1: peers:[8aaa379b-76d2-401e-9e9b-5f71144f2a0c|rpc:10.1.0.77:15025|admin:10.1.0.77:15024|client:10.1.0.77:15023|dataStream:10.1.0.77:15026|priority:1|startupRole:FOLLOWER]|listeners:[], old=null
2023-09-07 09:03:37,759 [8aaa379b-76d2-401e-9e9b-5f71144f2a0c-groupManagement] INFO  server.RaftServer$Division (RaftServerImpl.java:setRole(329)) - 8aaa379b-76d2-401e-9e9b-5f71144f2a0c@group-CA2191642088: changes role from      null to FOLLOWER at term 0 for startAsFollower
2023-09-07 09:03:37,759 [8aaa379b-76d2-401e-9e9b-5f71144f2a0c-groupManagement] INFO  impl.RoleInfo (RoleInfo.java:updateAndGet(139)) - 8aaa379b-76d2-401e-9e9b-5f71144f2a0c: start 8aaa379b-76d2-401e-9e9b-5f71144f2a0c@group-CA2191642088-FollowerState
2023-09-07 09:03:37,761 [8aaa379b-76d2-401e-9e9b-5f71144f2a0c-groupManagement] INFO  util.JmxRegister (JmxRegister.java:tryRegister(44)) - Successfully registered JMX Bean with object name Ratis:service=RaftServer,group=group-CA2191642088,id=8aaa379b-76d2-401e-9e9b-5f71144f2a0c
2023-09-07 09:03:37,766 [8aaa379b-76d2-401e-9e9b-5f71144f2a0c-groupManagement] INFO  server.RaftServerConfigKeys (ConfUtils.java:logGet(46)) - raft.server.snapshot.auto.trigger.enabled = true (custom)
2023-09-07 09:03:37,766 [8aaa379b-76d2-401e-9e9b-5f71144f2a0c-groupManagement] INFO  server.RaftServerConfigKeys (ConfUtils.java:logGet(46)) - raft.server.snapshot.auto.trigger.threshold = 10000 (custom)
2023-09-07 09:03:37,766 [8aaa379b-76d2-401e-9e9b-5f71144f2a0c-groupManagement] INFO  server.RaftServerConfigKeys (ConfUtils.java:logGet(46)) - raft.server.snapshot.retention.file.num = 5 (custom)
2023-09-07 09:03:37,767 [8aaa379b-76d2-401e-9e9b-5f71144f2a0c-groupManagement] INFO  server.RaftServerConfigKeys (ConfUtils.java:logGet(46)) - raft.server.log.purge.upto.snapshot.index = false (default)
2023-09-07 09:03:37,769 [8aaa379b-76d2-401e-9e9b-5f71144f2a0c@group-CA2191642088-FollowerState] INFO  server.RaftServerConfigKeys (ConfUtils.java:logFallback(53)) - raft.server.rpc.first-election.timeout.min = 5s (fallback to raft.server.rpc.timeout.min)
2023-09-07 09:03:37,778 [8aaa379b-76d2-401e-9e9b-5f71144f2a0c@group-CA2191642088-FollowerState] INFO  server.RaftServerConfigKeys (ConfUtils.java:logFallback(53)) - raft.server.rpc.first-election.timeout.max = 5200ms (fallback to raft.server.rpc.timeout.max)
2023-09-07 09:03:37,781 [PipelineCommandHandlerThread-0] INFO  ratis.XceiverServerRatis (XceiverServerRatis.java:addGroup(804)) - Created group PipelineID=c17f5be7-3c17-4744-ad2e-ca2191642088
2023-09-07 09:03:37,783 [PipelineCommandHandlerThread-0] INFO  commandhandler.CreatePipelineCommandHandler (CreatePipelineCommandHandler.java:lambda$handle$2(124)) - Created Pipeline RATIS ONE PipelineID=c17f5be7-3c17-4744-ad2e-ca2191642088.
2023-09-07 09:03:37,784 [PipelineCommandHandlerThread-0] INFO  server.RaftServer (RaftServerProxy.java:addNew(98)) - 8aaa379b-76d2-401e-9e9b-5f71144f2a0c: addNew group-CA4CE5B48592:[8aaa379b-76d2-401e-9e9b-5f71144f2a0c|rpc:10.1.0.77:15025|admin:10.1.0.77:15024|client:10.1.0.77:15023|dataStream:10.1.0.77:15026|priority:0|startupRole:FOLLOWER, 125b6ccd-ab10-424e-ac54-cb3b86c02134|rpc:10.1.0.77:15016|admin:10.1.0.77:15015|client:10.1.0.77:15014|dataStream:10.1.0.77:15017|priority:1|startupRole:FOLLOWER, e4211b8b-b648-43cb-96ad-95a5188c1410|rpc:10.1.0.77:15034|admin:10.1.0.77:15033|client:10.1.0.77:15032|dataStream:10.1.0.77:15035|priority:0|startupRole:FOLLOWER] returns group-CA4CE5B48592:java.util.concurrent.CompletableFuture@b16bd9f[Not completed]
2023-09-07 09:03:37,786 [8aaa379b-76d2-401e-9e9b-5f71144f2a0c-groupManagement] INFO  server.RaftServer$Division (RaftServerImpl.java:<init>(198)) - 8aaa379b-76d2-401e-9e9b-5f71144f2a0c: new RaftServerImpl for group-CA4CE5B48592:[8aaa379b-76d2-401e-9e9b-5f71144f2a0c|rpc:10.1.0.77:15025|admin:10.1.0.77:15024|client:10.1.0.77:15023|dataStream:10.1.0.77:15026|priority:0|startupRole:FOLLOWER, 125b6ccd-ab10-424e-ac54-cb3b86c02134|rpc:10.1.0.77:15016|admin:10.1.0.77:15015|client:10.1.0.77:15014|dataStream:10.1.0.77:15017|priority:1|startupRole:FOLLOWER, e4211b8b-b648-43cb-96ad-95a5188c1410|rpc:10.1.0.77:15034|admin:10.1.0.77:15033|client:10.1.0.77:15032|dataStream:10.1.0.77:15035|priority:0|startupRole:FOLLOWER] with ContainerStateMachine:uninitialized
2023-09-07 09:03:37,786 [8aaa379b-76d2-401e-9e9b-5f71144f2a0c-groupManagement] INFO  server.RaftServerConfigKeys (ConfUtils.java:logGet(46)) - raft.server.rpc.timeout.min = 5s (custom)
2023-09-07 09:03:37,786 [8aaa379b-76d2-401e-9e9b-5f71144f2a0c-groupManagement] INFO  server.RaftServerConfigKeys (ConfUtils.java:logGet(46)) - raft.server.rpc.timeout.max = 5200ms (custom)
2023-09-07 09:03:37,786 [8aaa379b-76d2-401e-9e9b-5f71144f2a0c-groupManagement] INFO  server.RaftServerConfigKeys (ConfUtils.java:logGet(46)) - raft.server.rpc.sleep.time = 25ms (default)
2023-09-07 09:03:37,786 [8aaa379b-76d2-401e-9e9b-5f71144f2a0c-groupManagement] INFO  server.RaftServerConfigKeys (ConfUtils.java:logGet(46)) - raft.server.rpc.slowness.timeout = 300s (custom)
2023-09-07 09:03:37,786 [8aaa379b-76d2-401e-9e9b-5f71144f2a0c-groupManagement] INFO  server.RaftServerConfigKeys (ConfUtils.java:logGet(46)) - raft.server.leaderelection.leader.step-down.wait-time = 10s (default)
2023-09-07 09:03:37,786 [8aaa379b-76d2-401e-9e9b-5f71144f2a0c-groupManagement] INFO  server.RaftServerConfigKeys (ConfUtils.java:logGet(46)) - raft.server.sleep.deviation.threshold = 300ms (default)
2023-09-07 09:03:37,787 [8aaa379b-76d2-401e-9e9b-5f71144f2a0c-groupManagement] INFO  server.RaftServer$Division (ServerState.java:<init>(120)) - 8aaa379b-76d2-401e-9e9b-5f71144f2a0c@group-CA4CE5B48592: ConfigurationManager, init=-1: peers:[8aaa379b-76d2-401e-9e9b-5f71144f2a0c|rpc:10.1.0.77:15025|admin:10.1.0.77:15024|client:10.1.0.77:15023|dataStream:10.1.0.77:15026|priority:0|startupRole:FOLLOWER, 125b6ccd-ab10-424e-ac54-cb3b86c02134|rpc:10.1.0.77:15016|admin:10.1.0.77:15015|client:10.1.0.77:15014|dataStream:10.1.0.77:15017|priority:1|startupRole:FOLLOWER, e4211b8b-b648-43cb-96ad-95a5188c1410|rpc:10.1.0.77:15034|admin:10.1.0.77:15033|client:10.1.0.77:15032|dataStream:10.1.0.77:15035|priority:0|startupRole:FOLLOWER]|listeners:[], old=null, confs=<EMPTY_MAP>
2023-09-07 09:03:37,787 [8aaa379b-76d2-401e-9e9b-5f71144f2a0c-groupManagement] INFO  server.RaftServerConfigKeys (ConfUtils.java:logGet(46)) - raft.server.storage.dir = [/home/runner/work/ozone/ozone/hadoop-ozone/integration-test/target/test-dir/MiniOzoneClusterImpl-9da26bb3-9e9b-4d78-afbb-0d838bea1ada/datanode-1/data/ratis] (custom)
2023-09-07 09:03:37,787 [8aaa379b-76d2-401e-9e9b-5f71144f2a0c-groupManagement] INFO  server.RaftServerConfigKeys (ConfUtils.java:logGet(46)) - raft.server.log.corruption.policy = EXCEPTION (default)
2023-09-07 09:03:37,787 [8aaa379b-76d2-401e-9e9b-5f71144f2a0c-groupManagement] INFO  server.RaftServerConfigKeys (ConfUtils.java:logGet(46)) - raft.server.storage.free-space.min = 0MB (=0) (default)
2023-09-07 09:03:37,787 [8aaa379b-76d2-401e-9e9b-5f71144f2a0c-groupManagement] INFO  server.RaftServerConfigKeys (ConfUtils.java:logGet(46)) - raft.server.notification.no-leader.timeout = 300s (custom)
2023-09-07 09:03:37,787 [8aaa379b-76d2-401e-9e9b-5f71144f2a0c-groupManagement] INFO  server.RaftServerConfigKeys (ConfUtils.java:logGet(46)) - raft.server.read.timeout = 10s (default)
2023-09-07 09:03:37,787 [8aaa379b-76d2-401e-9e9b-5f71144f2a0c-groupManagement] INFO  server.RaftServerConfigKeys (ConfUtils.java:logGet(46)) - raft.server.retrycache.expirytime = 600000ms (custom)
2023-09-07 09:03:37,787 [8aaa379b-76d2-401e-9e9b-5f71144f2a0c-groupManagement] INFO  server.RaftServerConfigKeys (ConfUtils.java:logGet(46)) - raft.server.retrycache.statistics.expirytime = 100μs (default)
2023-09-07 09:03:37,787 [8aaa379b-76d2-401e-9e9b-5f71144f2a0c-groupManagement] INFO  server.RaftServerConfigKeys (ConfUtils.java:logGet(46)) - raft.server.read.option = DEFAULT (default)
2023-09-07 09:03:37,789 [8aaa379b-76d2-401e-9e9b-5f71144f2a0c-groupManagement] INFO  server.RaftServerConfigKeys (ConfUtils.java:logGet(46)) - raft.server.rpc.request.timeout = 60s (custom)
2023-09-07 09:03:37,789 [8aaa379b-76d2-401e-9e9b-5f71144f2a0c-groupManagement] INFO  server.RaftServerConfigKeys (ConfUtils.java:logGet(46)) - raft.server.log.appender.install.snapshot.enabled = false (custom)
2023-09-07 09:03:37,797 [8aaa379b-76d2-401e-9e9b-5f71144f2a0c-groupManagement] INFO  server.RaftServerConfigKeys (ConfUtils.java:logGet(46)) - raft.server.threadpool.server.cached = true (default)
2023-09-07 09:03:37,797 [8aaa379b-76d2-401e-9e9b-5f71144f2a0c-groupManagement] INFO  server.RaftServerConfigKeys (ConfUtils.java:logGet(46)) - raft.server.threadpool.server.size = 0 (default)
2023-09-07 09:03:37,797 [8aaa379b-76d2-401e-9e9b-5f71144f2a0c-groupManagement] INFO  server.RaftServerConfigKeys (ConfUtils.java:logGet(46)) - raft.server.threadpool.client.cached = true (default)
2023-09-07 09:03:37,797 [8aaa379b-76d2-401e-9e9b-5f71144f2a0c-groupManagement] INFO  server.RaftServerConfigKeys (ConfUtils.java:logGet(46)) - raft.server.threadpool.client.size = 0 (default)
2023-09-07 09:03:37,797 [8aaa379b-76d2-401e-9e9b-5f71144f2a0c-groupManagement] INFO  storage.RaftStorageDirectory (RaftStorageDirectoryImpl.java:analyzeStorage(137)) - The storage directory /home/runner/work/ozone/ozone/hadoop-ozone/integration-test/target/test-dir/MiniOzoneClusterImpl-9da26bb3-9e9b-4d78-afbb-0d838bea1ada/datanode-1/data/ratis/a2d281d2-730c-4a02-9c2e-ca4ce5b48592 does not exist. Creating ...
2023-09-07 09:03:37,801 [8aaa379b-76d2-401e-9e9b-5f71144f2a0c-groupManagement] INFO  storage.RaftStorageDirectory (RaftStorageDirectoryImpl.java:tryLock(231)) - Lock on /home/runner/work/ozone/ozone/hadoop-ozone/integration-test/target/test-dir/MiniOzoneClusterImpl-9da26bb3-9e9b-4d78-afbb-0d838bea1ada/datanode-1/data/ratis/a2d281d2-730c-4a02-9c2e-ca4ce5b48592/in_use.lock acquired by nodename 19819@fv-az200-880
2023-09-07 09:03:37,805 [8aaa379b-76d2-401e-9e9b-5f71144f2a0c-groupManagement] INFO  storage.RaftStorage (RaftStorageImpl.java:format(96)) - Storage directory /home/runner/work/ozone/ozone/hadoop-ozone/integration-test/target/test-dir/MiniOzoneClusterImpl-9da26bb3-9e9b-4d78-afbb-0d838bea1ada/datanode-1/data/ratis/a2d281d2-730c-4a02-9c2e-ca4ce5b48592 has been successfully formatted.
2023-09-07 09:03:37,807 [8aaa379b-76d2-401e-9e9b-5f71144f2a0c-groupManagement] INFO  ratis.ContainerStateMachine (ContainerStateMachine.java:loadSnapshot(262)) - group-CA4CE5B48592: The snapshot info is null. Setting the last applied indexto:(t:0, i:~)
2023-09-07 09:03:37,807 [8aaa379b-76d2-401e-9e9b-5f71144f2a0c-groupManagement] INFO  server.RaftServerConfigKeys (ConfUtils.java:logGet(46)) - raft.server.log.use.memory = false (default)
2023-09-07 09:03:37,807 [8aaa379b-76d2-401e-9e9b-5f71144f2a0c-groupManagement] INFO  server.RaftServerConfigKeys (ConfUtils.java:logGet(46)) - raft.server.log.purge.gap = 1000000 (custom)
2023-09-07 09:03:37,807 [8aaa379b-76d2-401e-9e9b-5f71144f2a0c-groupManagement] INFO  server.RaftServerConfigKeys (ConfUtils.java:logGet(46)) - raft.server.log.appender.buffer.byte-limit = 33554432 (custom)
2023-09-07 09:03:37,807 [8aaa379b-76d2-401e-9e9b-5f71144f2a0c-groupManagement] INFO  server.RaftServerConfigKeys (ConfUtils.java:logGet(46)) - raft.server.log.statemachine.data.read.timeout = 1000ms (default)
2023-09-07 09:03:37,807 [8aaa379b-76d2-401e-9e9b-5f71144f2a0c-groupManagement] INFO  server.RaftServerConfigKeys (ConfUtils.java:logGet(46)) - raft.server.log.purge.preservation.log.num = 0 (default)
2023-09-07 09:03:37,808 [8aaa379b-76d2-401e-9e9b-5f71144f2a0c-groupManagement] INFO  server.RaftServerConfigKeys (ConfUtils.java:logGet(46)) - raft.server.log.segment.size.max = 1048576 (custom)
2023-09-07 09:03:37,817 [EventQueue-PipelineReportForReconPipelineReportHandler] INFO  scm.ReconPipelineReportHandler (ReconPipelineReportHandler.java:processPipelineReport(103)) - Pipeline RATIS/THREE PipelineID=a2d281d2-730c-4a02-9c2e-ca4ce5b48592 reported by 8aaa379b-76d2-401e-9e9b-5f71144f2a0c(fv-az200-880.axauvrbo4geuti20fntxkzjnxf.dx.internal.cloudapp.net/10.1.0.77)
2023-09-07 09:03:37,818 [8aaa379b-76d2-401e-9e9b-5f71144f2a0c-groupManagement] INFO  server.RaftServerConfigKeys (ConfUtils.java:logGet(46)) - raft.server.log.segment.cache.num.max = 2 (custom)
2023-09-07 09:03:37,818 [EventQueue-OpenPipelineForHealthyPipelineSafeModeRule] INFO  safemode.SCMSafeModeManager (HealthyPipelineSafeModeRule.java:process(137)) - SCM in safe mode. Healthy pipelines reported count is 0, required healthy pipeline reported count is 1
2023-09-07 09:03:37,819 [8aaa379b-76d2-401e-9e9b-5f71144f2a0c-groupManagement] INFO  server.RaftServerConfigKeys (ConfUtils.java:logGet(46)) - raft.server.log.segment.cache.size.max = 200MB (=209715200) (default)
2023-09-07 09:03:37,819 [8aaa379b-76d2-401e-9e9b-5f71144f2a0c-groupManagement] INFO  server.RaftServerConfigKeys (ConfUtils.java:logGet(46)) - raft.server.log.appender.buffer.byte-limit = 33554432 (custom)
2023-09-07 09:03:37,820 [8aaa379b-76d2-401e-9e9b-5f71144f2a0c-groupManagement] INFO  segmented.SegmentedRaftLogWorker (SegmentedRaftLogWorker.java:<init>(188)) - new 8aaa379b-76d2-401e-9e9b-5f71144f2a0c@group-CA4CE5B48592-SegmentedRaftLogWorker for RaftStorageImpl:Storage Directory /home/runner/work/ozone/ozone/hadoop-ozone/integration-test/target/test-dir/MiniOzoneClusterImpl-9da26bb3-9e9b-4d78-afbb-0d838bea1ada/datanode-1/data/ratis/a2d281d2-730c-4a02-9c2e-ca4ce5b48592
2023-09-07 09:03:37,820 [8aaa379b-76d2-401e-9e9b-5f71144f2a0c-groupManagement] INFO  server.RaftServerConfigKeys (ConfUtils.java:logGet(46)) - raft.server.log.queue.byte-limit = 4294967296 (custom)
2023-09-07 09:03:37,820 [8aaa379b-76d2-401e-9e9b-5f71144f2a0c-groupManagement] INFO  server.RaftServerConfigKeys (ConfUtils.java:logGet(46)) - raft.server.log.queue.element-limit = 1024 (custom)
2023-09-07 09:03:37,820 [8aaa379b-76d2-401e-9e9b-5f71144f2a0c-groupManagement] INFO  server.RaftServerConfigKeys (ConfUtils.java:logGet(46)) - raft.server.log.segment.size.max = 1048576 (custom)
2023-09-07 09:03:37,820 [8aaa379b-76d2-401e-9e9b-5f71144f2a0c-groupManagement] INFO  server.RaftServerConfigKeys (ConfUtils.java:logGet(46)) - raft.server.log.preallocated.size = 16384 (custom)
2023-09-07 09:03:37,820 [8aaa379b-76d2-401e-9e9b-5f71144f2a0c-groupManagement] INFO  server.RaftServerConfigKeys (ConfUtils.java:logGet(46)) - raft.server.log.force.sync.num = 128 (default)
2023-09-07 09:03:37,820 [8aaa379b-76d2-401e-9e9b-5f71144f2a0c-groupManagement] INFO  server.RaftServerConfigKeys (ConfUtils.java:logGet(46)) - raft.server.log.statemachine.data.sync = true (default)
2023-09-07 09:03:37,820 [8aaa379b-76d2-401e-9e9b-5f71144f2a0c-groupManagement] INFO  server.RaftServerConfigKeys (ConfUtils.java:logGet(46)) - raft.server.log.statemachine.data.sync.timeout = 10s (default)
2023-09-07 09:03:37,820 [8aaa379b-76d2-401e-9e9b-5f71144f2a0c-groupManagement] INFO  server.RaftServerConfigKeys (ConfUtils.java:logGet(46)) - raft.server.log.statemachine.data.sync.timeout.retry = -1 (default)
2023-09-07 09:03:37,822 [8aaa379b-76d2-401e-9e9b-5f71144f2a0c-groupManagement] INFO  server.RaftServerConfigKeys (ConfUtils.java:logGet(46)) - raft.server.log.write.buffer.size = 1048576 (custom)
2023-09-07 09:03:37,823 [8aaa379b-76d2-401e-9e9b-5f71144f2a0c-groupManagement] INFO  server.RaftServerConfigKeys (ConfUtils.java:logGet(46)) - raft.server.log.appender.buffer.byte-limit = 33554432 (custom)
2023-09-07 09:03:37,830 [8aaa379b-76d2-401e-9e9b-5f71144f2a0c-groupManagement] INFO  server.RaftServerConfigKeys (ConfUtils.java:logGet(46)) - raft.server.log.unsafe-flush.enabled = false (default)
2023-09-07 09:03:37,830 [8aaa379b-76d2-401e-9e9b-5f71144f2a0c-groupManagement] INFO  server.RaftServerConfigKeys (ConfUtils.java:logGet(46)) - raft.server.log.async-flush.enabled = false (default)
2023-09-07 09:03:37,830 [8aaa379b-76d2-401e-9e9b-5f71144f2a0c-groupManagement] INFO  server.RaftServerConfigKeys (ConfUtils.java:logGet(46)) - raft.server.log.statemachine.data.caching.enabled = true (custom)
2023-09-07 09:03:37,831 [8aaa379b-76d2-401e-9e9b-5f71144f2a0c-groupManagement] INFO  segmented.SegmentedRaftLogWorker (SegmentedRaftLogWorker.java:lambda$new$0(135)) - 8aaa379b-76d2-401e-9e9b-5f71144f2a0c@group-CA4CE5B48592-SegmentedRaftLogWorker: flushIndex: setUnconditionally 0 -> -1
2023-09-07 09:03:37,831 [8aaa379b-76d2-401e-9e9b-5f71144f2a0c-groupManagement] INFO  segmented.SegmentedRaftLogWorker (SegmentedRaftLogWorker.java:lambda$new$0(135)) - 8aaa379b-76d2-401e-9e9b-5f71144f2a0c@group-CA4CE5B48592-SegmentedRaftLogWorker: safeCacheEvictIndex: setUnconditionally 0 -> -1
2023-09-07 09:03:37,835 [8aaa379b-76d2-401e-9e9b-5f71144f2a0c-groupManagement] INFO  server.RaftServer$Division (RaftServerImpl.java:start(342)) - 8aaa379b-76d2-401e-9e9b-5f71144f2a0c@group-CA4CE5B48592: start as a follower, conf=-1: peers:[8aaa379b-76d2-401e-9e9b-5f71144f2a0c|rpc:10.1.0.77:15025|admin:10.1.0.77:15024|client:10.1.0.77:15023|dataStream:10.1.0.77:15026|priority:0|startupRole:FOLLOWER, 125b6ccd-ab10-424e-ac54-cb3b86c02134|rpc:10.1.0.77:15016|admin:10.1.0.77:15015|client:10.1.0.77:15014|dataStream:10.1.0.77:15017|priority:1|startupRole:FOLLOWER, e4211b8b-b648-43cb-96ad-95a5188c1410|rpc:10.1.0.77:15034|admin:10.1.0.77:15033|client:10.1.0.77:15032|dataStream:10.1.0.77:15035|priority:0|startupRole:FOLLOWER]|listeners:[], old=null
2023-09-07 09:03:37,835 [8aaa379b-76d2-401e-9e9b-5f71144f2a0c-groupManagement] INFO  server.RaftServer$Division (RaftServerImpl.java:setRole(329)) - 8aaa379b-76d2-401e-9e9b-5f71144f2a0c@group-CA4CE5B48592: changes role from      null to FOLLOWER at term 0 for startAsFollower
2023-09-07 09:03:37,835 [8aaa379b-76d2-401e-9e9b-5f71144f2a0c-groupManagement] INFO  impl.RoleInfo (RoleInfo.java:updateAndGet(139)) - 8aaa379b-76d2-401e-9e9b-5f71144f2a0c: start 8aaa379b-76d2-401e-9e9b-5f71144f2a0c@group-CA4CE5B48592-FollowerState
2023-09-07 09:03:37,839 [8aaa379b-76d2-401e-9e9b-5f71144f2a0c-groupManagement] INFO  util.JmxRegister (JmxRegister.java:tryRegister(44)) - Successfully registered JMX Bean with object name Ratis:service=RaftServer,group=group-CA4CE5B48592,id=8aaa379b-76d2-401e-9e9b-5f71144f2a0c
2023-09-07 09:03:37,840 [8aaa379b-76d2-401e-9e9b-5f71144f2a0c-groupManagement] INFO  server.RaftServerConfigKeys (ConfUtils.java:logGet(46)) - raft.server.snapshot.auto.trigger.enabled = true (custom)
2023-09-07 09:03:37,840 [8aaa379b-76d2-401e-9e9b-5f71144f2a0c-groupManagement] INFO  server.RaftServerConfigKeys (ConfUtils.java:logGet(46)) - raft.server.snapshot.auto.trigger.threshold = 10000 (custom)
2023-09-07 09:03:37,840 [8aaa379b-76d2-401e-9e9b-5f71144f2a0c-groupManagement] INFO  server.RaftServerConfigKeys (ConfUtils.java:logGet(46)) - raft.server.snapshot.retention.file.num = 5 (custom)
2023-09-07 09:03:37,840 [8aaa379b-76d2-401e-9e9b-5f71144f2a0c-groupManagement] INFO  server.RaftServerConfigKeys (ConfUtils.java:logGet(46)) - raft.server.log.purge.upto.snapshot.index = false (default)
2023-09-07 09:03:37,841 [8aaa379b-76d2-401e-9e9b-5f71144f2a0c@group-CA4CE5B48592-FollowerState] INFO  server.RaftServerConfigKeys (ConfUtils.java:logFallback(53)) - raft.server.rpc.first-election.timeout.min = 5s (fallback to raft.server.rpc.timeout.min)
2023-09-07 09:03:37,850 [PipelineCommandHandlerThread-0] INFO  ratis.XceiverServerRatis (XceiverServerRatis.java:addGroup(804)) - Created group PipelineID=a2d281d2-730c-4a02-9c2e-ca4ce5b48592
2023-09-07 09:03:37,853 [8aaa379b-76d2-401e-9e9b-5f71144f2a0c@group-CA4CE5B48592-FollowerState] INFO  server.RaftServerConfigKeys (ConfUtils.java:logFallback(53)) - raft.server.rpc.first-election.timeout.max = 5200ms (fallback to raft.server.rpc.timeout.max)
2023-09-07 09:03:38,003 [grpc-default-executor-0] INFO  server.RaftServer (RaftServerProxy.java:addNew(98)) - e4211b8b-b648-43cb-96ad-95a5188c1410: addNew group-CA4CE5B48592:[8aaa379b-76d2-401e-9e9b-5f71144f2a0c|rpc:10.1.0.77:15025|admin:10.1.0.77:15024|client:10.1.0.77:15023|dataStream:10.1.0.77:15026|priority:0|startupRole:FOLLOWER, 125b6ccd-ab10-424e-ac54-cb3b86c02134|rpc:10.1.0.77:15016|admin:10.1.0.77:15015|client:10.1.0.77:15014|dataStream:10.1.0.77:15017|priority:1|startupRole:FOLLOWER, e4211b8b-b648-43cb-96ad-95a5188c1410|rpc:10.1.0.77:15034|admin:10.1.0.77:15033|client:10.1.0.77:15032|dataStream:10.1.0.77:15035|priority:0|startupRole:FOLLOWER] returns group-CA4CE5B48592:java.util.concurrent.CompletableFuture@1ecef702[Not completed]
2023-09-07 09:03:38,006 [e4211b8b-b648-43cb-96ad-95a5188c1410-groupManagement] INFO  server.RaftServer$Division (RaftServerImpl.java:<init>(198)) - e4211b8b-b648-43cb-96ad-95a5188c1410: new RaftServerImpl for group-CA4CE5B48592:[8aaa379b-76d2-401e-9e9b-5f71144f2a0c|rpc:10.1.0.77:15025|admin:10.1.0.77:15024|client:10.1.0.77:15023|dataStream:10.1.0.77:15026|priority:0|startupRole:FOLLOWER, 125b6ccd-ab10-424e-ac54-cb3b86c02134|rpc:10.1.0.77:15016|admin:10.1.0.77:15015|client:10.1.0.77:15014|dataStream:10.1.0.77:15017|priority:1|startupRole:FOLLOWER, e4211b8b-b648-43cb-96ad-95a5188c1410|rpc:10.1.0.77:15034|admin:10.1.0.77:15033|client:10.1.0.77:15032|dataStream:10.1.0.77:15035|priority:0|startupRole:FOLLOWER] with ContainerStateMachine:uninitialized
2023-09-07 09:03:38,006 [e4211b8b-b648-43cb-96ad-95a5188c1410-groupManagement] INFO  server.RaftServerConfigKeys (ConfUtils.java:logGet(46)) - raft.server.rpc.timeout.min = 5s (custom)
2023-09-07 09:03:38,006 [e4211b8b-b648-43cb-96ad-95a5188c1410-groupManagement] INFO  server.RaftServerConfigKeys (ConfUtils.java:logGet(46)) - raft.server.rpc.timeout.max = 5200ms (custom)
2023-09-07 09:03:38,006 [e4211b8b-b648-43cb-96ad-95a5188c1410-groupManagement] INFO  server.RaftServerConfigKeys (ConfUtils.java:logGet(46)) - raft.server.rpc.sleep.time = 25ms (default)
2023-09-07 09:03:38,006 [e4211b8b-b648-43cb-96ad-95a5188c1410-groupManagement] INFO  server.RaftServerConfigKeys (ConfUtils.java:logGet(46)) - raft.server.rpc.slowness.timeout = 300s (custom)
2023-09-07 09:03:38,006 [e4211b8b-b648-43cb-96ad-95a5188c1410-groupManagement] INFO  server.RaftServerConfigKeys (ConfUtils.java:logGet(46)) - raft.server.leaderelection.leader.step-down.wait-time = 10s (default)
2023-09-07 09:03:38,006 [e4211b8b-b648-43cb-96ad-95a5188c1410-groupManagement] INFO  server.RaftServerConfigKeys (ConfUtils.java:logGet(46)) - raft.server.sleep.deviation.threshold = 300ms (default)
2023-09-07 09:03:38,007 [e4211b8b-b648-43cb-96ad-95a5188c1410-groupManagement] INFO  server.RaftServer$Division (ServerState.java:<init>(120)) - e4211b8b-b648-43cb-96ad-95a5188c1410@group-CA4CE5B48592: ConfigurationManager, init=-1: peers:[8aaa379b-76d2-401e-9e9b-5f71144f2a0c|rpc:10.1.0.77:15025|admin:10.1.0.77:15024|client:10.1.0.77:15023|dataStream:10.1.0.77:15026|priority:0|startupRole:FOLLOWER, 125b6ccd-ab10-424e-ac54-cb3b86c02134|rpc:10.1.0.77:15016|admin:10.1.0.77:15015|client:10.1.0.77:15014|dataStream:10.1.0.77:15017|priority:1|startupRole:FOLLOWER, e4211b8b-b648-43cb-96ad-95a5188c1410|rpc:10.1.0.77:15034|admin:10.1.0.77:15033|client:10.1.0.77:15032|dataStream:10.1.0.77:15035|priority:0|startupRole:FOLLOWER]|listeners:[], old=null, confs=<EMPTY_MAP>
2023-09-07 09:03:38,007 [e4211b8b-b648-43cb-96ad-95a5188c1410-groupManagement] INFO  server.RaftServerConfigKeys (ConfUtils.java:logGet(46)) - raft.server.storage.dir = [/home/runner/work/ozone/ozone/hadoop-ozone/integration-test/target/test-dir/MiniOzoneClusterImpl-9da26bb3-9e9b-4d78-afbb-0d838bea1ada/datanode-2/data/ratis] (custom)
2023-09-07 09:03:38,007 [e4211b8b-b648-43cb-96ad-95a5188c1410-groupManagement] INFO  server.RaftServerConfigKeys (ConfUtils.java:logGet(46)) - raft.server.log.corruption.policy = EXCEPTION (default)
2023-09-07 09:03:38,007 [e4211b8b-b648-43cb-96ad-95a5188c1410-groupManagement] INFO  server.RaftServerConfigKeys (ConfUtils.java:logGet(46)) - raft.server.storage.free-space.min = 0MB (=0) (default)
2023-09-07 09:03:38,008 [e4211b8b-b648-43cb-96ad-95a5188c1410-groupManagement] INFO  server.RaftServerConfigKeys (ConfUtils.java:logGet(46)) - raft.server.notification.no-leader.timeout = 300s (custom)
2023-09-07 09:03:38,008 [e4211b8b-b648-43cb-96ad-95a5188c1410-groupManagement] INFO  server.RaftServerConfigKeys (ConfUtils.java:logGet(46)) - raft.server.read.timeout = 10s (default)
2023-09-07 09:03:38,008 [e4211b8b-b648-43cb-96ad-95a5188c1410-groupManagement] INFO  server.RaftServerConfigKeys (ConfUtils.java:logGet(46)) - raft.server.retrycache.expirytime = 600000ms (custom)
2023-09-07 09:03:38,008 [e4211b8b-b648-43cb-96ad-95a5188c1410-groupManagement] INFO  server.RaftServerConfigKeys (ConfUtils.java:logGet(46)) - raft.server.retrycache.statistics.expirytime = 100μs (default)
2023-09-07 09:03:38,008 [e4211b8b-b648-43cb-96ad-95a5188c1410-groupManagement] INFO  server.RaftServerConfigKeys (ConfUtils.java:logGet(46)) - raft.server.read.option = DEFAULT (default)
2023-09-07 09:03:38,014 [e4211b8b-b648-43cb-96ad-95a5188c1410-groupManagement] INFO  server.RaftServerConfigKeys (ConfUtils.java:logGet(46)) - raft.server.rpc.request.timeout = 60s (custom)
2023-09-07 09:03:38,014 [e4211b8b-b648-43cb-96ad-95a5188c1410-groupManagement] INFO  server.RaftServerConfigKeys (ConfUtils.java:logGet(46)) - raft.server.log.appender.install.snapshot.enabled = false (custom)
2023-09-07 09:03:38,014 [e4211b8b-b648-43cb-96ad-95a5188c1410-groupManagement] INFO  server.RaftServerConfigKeys (ConfUtils.java:logGet(46)) - raft.server.threadpool.server.cached = true (default)
2023-09-07 09:03:38,014 [e4211b8b-b648-43cb-96ad-95a5188c1410-groupManagement] INFO  server.RaftServerConfigKeys (ConfUtils.java:logGet(46)) - raft.server.threadpool.server.size = 0 (default)
2023-09-07 09:03:38,014 [e4211b8b-b648-43cb-96ad-95a5188c1410-groupManagement] INFO  server.RaftServerConfigKeys (ConfUtils.java:logGet(46)) - raft.server.threadpool.client.cached = true (default)
2023-09-07 09:03:38,014 [e4211b8b-b648-43cb-96ad-95a5188c1410-groupManagement] INFO  server.RaftServerConfigKeys (ConfUtils.java:logGet(46)) - raft.server.threadpool.client.size = 0 (default)
2023-09-07 09:03:38,015 [e4211b8b-b648-43cb-96ad-95a5188c1410-groupManagement] INFO  storage.RaftStorageDirectory (RaftStorageDirectoryImpl.java:analyzeStorage(137)) - The storage directory /home/runner/work/ozone/ozone/hadoop-ozone/integration-test/target/test-dir/MiniOzoneClusterImpl-9da26bb3-9e9b-4d78-afbb-0d838bea1ada/datanode-2/data/ratis/a2d281d2-730c-4a02-9c2e-ca4ce5b48592 does not exist. Creating ...
2023-09-07 09:03:38,016 [e4211b8b-b648-43cb-96ad-95a5188c1410-groupManagement] INFO  storage.RaftStorageDirectory (RaftStorageDirectoryImpl.java:tryLock(231)) - Lock on /home/runner/work/ozone/ozone/hadoop-ozone/integration-test/target/test-dir/MiniOzoneClusterImpl-9da26bb3-9e9b-4d78-afbb-0d838bea1ada/datanode-2/data/ratis/a2d281d2-730c-4a02-9c2e-ca4ce5b48592/in_use.lock acquired by nodename 19819@fv-az200-880
2023-09-07 09:03:38,018 [e4211b8b-b648-43cb-96ad-95a5188c1410-groupManagement] INFO  storage.RaftStorage (RaftStorageImpl.java:format(96)) - Storage directory /home/runner/work/ozone/ozone/hadoop-ozone/integration-test/target/test-dir/MiniOzoneClusterImpl-9da26bb3-9e9b-4d78-afbb-0d838bea1ada/datanode-2/data/ratis/a2d281d2-730c-4a02-9c2e-ca4ce5b48592 has been successfully formatted.
2023-09-07 09:03:38,022 [EventQueue-PipelineReportForReconPipelineReportHandler] INFO  scm.ReconPipelineReportHandler (ReconPipelineReportHandler.java:processPipelineReport(103)) - Pipeline RATIS/THREE PipelineID=a2d281d2-730c-4a02-9c2e-ca4ce5b48592 reported by e4211b8b-b648-43cb-96ad-95a5188c1410(fv-az200-880.axauvrbo4geuti20fntxkzjnxf.dx.internal.cloudapp.net/10.1.0.77)
2023-09-07 09:03:38,022 [e4211b8b-b648-43cb-96ad-95a5188c1410-groupManagement] INFO  ratis.ContainerStateMachine (ContainerStateMachine.java:loadSnapshot(262)) - group-CA4CE5B48592: The snapshot info is null. Setting the last applied indexto:(t:0, i:~)
2023-09-07 09:03:38,024 [e4211b8b-b648-43cb-96ad-95a5188c1410-groupManagement] INFO  server.RaftServerConfigKeys (ConfUtils.java:logGet(46)) - raft.server.log.use.memory = false (default)
2023-09-07 09:03:38,024 [e4211b8b-b648-43cb-96ad-95a5188c1410-groupManagement] INFO  server.RaftServerConfigKeys (ConfUtils.java:logGet(46)) - raft.server.log.purge.gap = 1000000 (custom)
2023-09-07 09:03:38,024 [e4211b8b-b648-43cb-96ad-95a5188c1410-groupManagement] INFO  server.RaftServerConfigKeys (ConfUtils.java:logGet(46)) - raft.server.log.appender.buffer.byte-limit = 33554432 (custom)
2023-09-07 09:03:38,024 [e4211b8b-b648-43cb-96ad-95a5188c1410-groupManagement] INFO  server.RaftServerConfigKeys (ConfUtils.java:logGet(46)) - raft.server.log.statemachine.data.read.timeout = 1000ms (default)
2023-09-07 09:03:38,024 [e4211b8b-b648-43cb-96ad-95a5188c1410-groupManagement] INFO  server.RaftServerConfigKeys (ConfUtils.java:logGet(46)) - raft.server.log.purge.preservation.log.num = 0 (default)
2023-09-07 09:03:38,024 [e4211b8b-b648-43cb-96ad-95a5188c1410-groupManagement] INFO  server.RaftServerConfigKeys (ConfUtils.java:logGet(46)) - raft.server.log.segment.size.max = 1048576 (custom)
2023-09-07 09:03:38,025 [e4211b8b-b648-43cb-96ad-95a5188c1410-groupManagement] INFO  server.RaftServerConfigKeys (ConfUtils.java:logGet(46)) - raft.server.log.segment.cache.num.max = 2 (custom)
2023-09-07 09:03:38,025 [e4211b8b-b648-43cb-96ad-95a5188c1410-groupManagement] INFO  server.RaftServerConfigKeys (ConfUtils.java:logGet(46)) - raft.server.log.segment.cache.size.max = 200MB (=209715200) (default)
2023-09-07 09:03:38,025 [e4211b8b-b648-43cb-96ad-95a5188c1410-groupManagement] INFO  server.RaftServerConfigKeys (ConfUtils.java:logGet(46)) - raft.server.log.appender.buffer.byte-limit = 33554432 (custom)
2023-09-07 09:03:38,025 [e4211b8b-b648-43cb-96ad-95a5188c1410-groupManagement] INFO  segmented.SegmentedRaftLogWorker (SegmentedRaftLogWorker.java:<init>(188)) - new e4211b8b-b648-43cb-96ad-95a5188c1410@group-CA4CE5B48592-SegmentedRaftLogWorker for RaftStorageImpl:Storage Directory /home/runner/work/ozone/ozone/hadoop-ozone/integration-test/target/test-dir/MiniOzoneClusterImpl-9da26bb3-9e9b-4d78-afbb-0d838bea1ada/datanode-2/data/ratis/a2d281d2-730c-4a02-9c2e-ca4ce5b48592
2023-09-07 09:03:38,025 [e4211b8b-b648-43cb-96ad-95a5188c1410-groupManagement] INFO  server.RaftServerConfigKeys (ConfUtils.java:logGet(46)) - raft.server.log.queue.byte-limit = 4294967296 (custom)
2023-09-07 09:03:38,025 [e4211b8b-b648-43cb-96ad-95a5188c1410-groupManagement] INFO  server.RaftServerConfigKeys (ConfUtils.java:logGet(46)) - raft.server.log.queue.element-limit = 1024 (custom)
2023-09-07 09:03:38,026 [e4211b8b-b648-43cb-96ad-95a5188c1410-groupManagement] INFO  server.RaftServerConfigKeys (ConfUtils.java:logGet(46)) - raft.server.log.segment.size.max = 1048576 (custom)
2023-09-07 09:03:38,026 [e4211b8b-b648-43cb-96ad-95a5188c1410-groupManagement] INFO  server.RaftServerConfigKeys (ConfUtils.java:logGet(46)) - raft.server.log.preallocated.size = 16384 (custom)
2023-09-07 09:03:38,026 [e4211b8b-b648-43cb-96ad-95a5188c1410-groupManagement] INFO  server.RaftServerConfigKeys (ConfUtils.java:logGet(46)) - raft.server.log.force.sync.num = 128 (default)
2023-09-07 09:03:38,026 [e4211b8b-b648-43cb-96ad-95a5188c1410-groupManagement] INFO  server.RaftServerConfigKeys (ConfUtils.java:logGet(46)) - raft.server.log.statemachine.data.sync = true (default)
2023-09-07 09:03:38,026 [e4211b8b-b648-43cb-96ad-95a5188c1410-groupManagement] INFO  server.RaftServerConfigKeys (ConfUtils.java:logGet(46)) - raft.server.log.statemachine.data.sync.timeout = 10s (default)
2023-09-07 09:03:38,026 [e4211b8b-b648-43cb-96ad-95a5188c1410-groupManagement] INFO  server.RaftServerConfigKeys (ConfUtils.java:logGet(46)) - raft.server.log.statemachine.data.sync.timeout.retry = -1 (default)
2023-09-07 09:03:38,028 [e4211b8b-b648-43cb-96ad-95a5188c1410-groupManagement] INFO  server.RaftServerConfigKeys (ConfUtils.java:logGet(46)) - raft.server.log.write.buffer.size = 1048576 (custom)
2023-09-07 09:03:38,029 [e4211b8b-b648-43cb-96ad-95a5188c1410-groupManagement] INFO  server.RaftServerConfigKeys (ConfUtils.java:logGet(46)) - raft.server.log.appender.buffer.byte-limit = 33554432 (custom)
2023-09-07 09:03:38,038 [e4211b8b-b648-43cb-96ad-95a5188c1410-groupManagement] INFO  server.RaftServerConfigKeys (ConfUtils.java:logGet(46)) - raft.server.log.unsafe-flush.enabled = false (default)
2023-09-07 09:03:38,038 [e4211b8b-b648-43cb-96ad-95a5188c1410-groupManagement] INFO  server.RaftServerConfigKeys (ConfUtils.java:logGet(46)) - raft.server.log.async-flush.enabled = false (default)
2023-09-07 09:03:38,039 [e4211b8b-b648-43cb-96ad-95a5188c1410-groupManagement] INFO  server.RaftServerConfigKeys (ConfUtils.java:logGet(46)) - raft.server.log.statemachine.data.caching.enabled = true (custom)
2023-09-07 09:03:38,039 [e4211b8b-b648-43cb-96ad-95a5188c1410-groupManagement] INFO  segmented.SegmentedRaftLogWorker (SegmentedRaftLogWorker.java:lambda$new$0(135)) - e4211b8b-b648-43cb-96ad-95a5188c1410@group-CA4CE5B48592-SegmentedRaftLogWorker: flushIndex: setUnconditionally 0 -> -1
2023-09-07 09:03:38,039 [e4211b8b-b648-43cb-96ad-95a5188c1410-groupManagement] INFO  segmented.SegmentedRaftLogWorker (SegmentedRaftLogWorker.java:lambda$new$0(135)) - e4211b8b-b648-43cb-96ad-95a5188c1410@group-CA4CE5B48592-SegmentedRaftLogWorker: safeCacheEvictIndex: setUnconditionally 0 -> -1
2023-09-07 09:03:38,053 [e4211b8b-b648-43cb-96ad-95a5188c1410-groupManagement] INFO  server.RaftServer$Division (RaftServerImpl.java:start(342)) - e4211b8b-b648-43cb-96ad-95a5188c1410@group-CA4CE5B48592: start as a follower, conf=-1: peers:[8aaa379b-76d2-401e-9e9b-5f71144f2a0c|rpc:10.1.0.77:15025|admin:10.1.0.77:15024|client:10.1.0.77:15023|dataStream:10.1.0.77:15026|priority:0|startupRole:FOLLOWER, 125b6ccd-ab10-424e-ac54-cb3b86c02134|rpc:10.1.0.77:15016|admin:10.1.0.77:15015|client:10.1.0.77:15014|dataStream:10.1.0.77:15017|priority:1|startupRole:FOLLOWER, e4211b8b-b648-43cb-96ad-95a5188c1410|rpc:10.1.0.77:15034|admin:10.1.0.77:15033|client:10.1.0.77:15032|dataStream:10.1.0.77:15035|priority:0|startupRole:FOLLOWER]|listeners:[], old=null
2023-09-07 09:03:38,053 [e4211b8b-b648-43cb-96ad-95a5188c1410-groupManagement] INFO  server.RaftServer$Division (RaftServerImpl.java:setRole(329)) - e4211b8b-b648-43cb-96ad-95a5188c1410@group-CA4CE5B48592: changes role from      null to FOLLOWER at term 0 for startAsFollower
2023-09-07 09:03:38,053 [e4211b8b-b648-43cb-96ad-95a5188c1410-groupManagement] INFO  impl.RoleInfo (RoleInfo.java:updateAndGet(139)) - e4211b8b-b648-43cb-96ad-95a5188c1410: start e4211b8b-b648-43cb-96ad-95a5188c1410@group-CA4CE5B48592-FollowerState
2023-09-07 09:03:38,054 [e4211b8b-b648-43cb-96ad-95a5188c1410-groupManagement] INFO  util.JmxRegister (JmxRegister.java:tryRegister(44)) - Successfully registered JMX Bean with object name Ratis:service=RaftServer,group=group-CA4CE5B48592,id=e4211b8b-b648-43cb-96ad-95a5188c1410
2023-09-07 09:03:38,054 [e4211b8b-b648-43cb-96ad-95a5188c1410-groupManagement] INFO  server.RaftServerConfigKeys (ConfUtils.java:logGet(46)) - raft.server.snapshot.auto.trigger.enabled = true (custom)
2023-09-07 09:03:38,054 [e4211b8b-b648-43cb-96ad-95a5188c1410-groupManagement] INFO  server.RaftServerConfigKeys (ConfUtils.java:logGet(46)) - raft.server.snapshot.auto.trigger.threshold = 10000 (custom)
2023-09-07 09:03:38,054 [e4211b8b-b648-43cb-96ad-95a5188c1410-groupManagement] INFO  server.RaftServerConfigKeys (ConfUtils.java:logGet(46)) - raft.server.snapshot.retention.file.num = 5 (custom)
2023-09-07 09:03:38,054 [e4211b8b-b648-43cb-96ad-95a5188c1410-groupManagement] INFO  server.RaftServerConfigKeys (ConfUtils.java:logGet(46)) - raft.server.log.purge.upto.snapshot.index = false (default)
2023-09-07 09:03:38,056 [e4211b8b-b648-43cb-96ad-95a5188c1410@group-CA4CE5B48592-FollowerState] INFO  server.RaftServerConfigKeys (ConfUtils.java:logFallback(53)) - raft.server.rpc.first-election.timeout.min = 5s (fallback to raft.server.rpc.timeout.min)
2023-09-07 09:03:38,061 [main] INFO  ozone.MiniOzoneClusterImpl (MiniOzoneClusterImpl.java:lambda$waitForClusterToBeReady$0(224)) - Nodes are ready. Got 3 of 3 DN Heartbeats.
2023-09-07 09:03:38,066 [main] INFO  ozone.MiniOzoneClusterImpl (MiniOzoneClusterImpl.java:lambda$waitForClusterToBeReady$0(227)) - Waiting for cluster to exit safe mode
2023-09-07 09:03:38,066 [main] INFO  ozone.MiniOzoneClusterImpl (MiniOzoneClusterImpl.java:lambda$waitForClusterToBeReady$0(229)) - SCM became leader
2023-09-07 09:03:38,066 [e4211b8b-b648-43cb-96ad-95a5188c1410@group-CA4CE5B48592-FollowerState] INFO  server.RaftServerConfigKeys (ConfUtils.java:logFallback(53)) - raft.server.rpc.first-election.timeout.max = 5200ms (fallback to raft.server.rpc.timeout.max)
2023-09-07 09:03:38,079 [e4211b8b-b648-43cb-96ad-95a5188c1410-groupManagement] INFO  server.RaftServer$Division (RaftServerImpl.java:<init>(198)) - e4211b8b-b648-43cb-96ad-95a5188c1410: new RaftServerImpl for group-9A01BBD50584:[e4211b8b-b648-43cb-96ad-95a5188c1410|rpc:10.1.0.77:15034|admin:10.1.0.77:15033|client:10.1.0.77:15032|dataStream:10.1.0.77:15035|priority:1|startupRole:FOLLOWER] with ContainerStateMachine:uninitialized
2023-09-07 09:03:38,080 [e4211b8b-b648-43cb-96ad-95a5188c1410-groupManagement] INFO  server.RaftServerConfigKeys (ConfUtils.java:logGet(46)) - raft.server.rpc.timeout.min = 5s (custom)
2023-09-07 09:03:38,080 [e4211b8b-b648-43cb-96ad-95a5188c1410-groupManagement] INFO  server.RaftServerConfigKeys (ConfUtils.java:logGet(46)) - raft.server.rpc.timeout.max = 5200ms (custom)
2023-09-07 09:03:38,080 [e4211b8b-b648-43cb-96ad-95a5188c1410-groupManagement] INFO  server.RaftServerConfigKeys (ConfUtils.java:logGet(46)) - raft.server.rpc.sleep.time = 25ms (default)
2023-09-07 09:03:38,080 [e4211b8b-b648-43cb-96ad-95a5188c1410-groupManagement] INFO  server.RaftServerConfigKeys (ConfUtils.java:logGet(46)) - raft.server.rpc.slowness.timeout = 300s (custom)
2023-09-07 09:03:38,080 [e4211b8b-b648-43cb-96ad-95a5188c1410-groupManagement] INFO  server.RaftServerConfigKeys (ConfUtils.java:logGet(46)) - raft.server.leaderelection.leader.step-down.wait-time = 10s (default)
2023-09-07 09:03:38,080 [e4211b8b-b648-43cb-96ad-95a5188c1410-groupManagement] INFO  server.RaftServerConfigKeys (ConfUtils.java:logGet(46)) - raft.server.sleep.deviation.threshold = 300ms (default)
2023-09-07 09:03:38,080 [e4211b8b-b648-43cb-96ad-95a5188c1410-groupManagement] INFO  server.RaftServer$Division (ServerState.java:<init>(120)) - e4211b8b-b648-43cb-96ad-95a5188c1410@group-9A01BBD50584: ConfigurationManager, init=-1: peers:[e4211b8b-b648-43cb-96ad-95a5188c1410|rpc:10.1.0.77:15034|admin:10.1.0.77:15033|client:10.1.0.77:15032|dataStream:10.1.0.77:15035|priority:1|startupRole:FOLLOWER]|listeners:[], old=null, confs=<EMPTY_MAP>
2023-09-07 09:03:38,080 [e4211b8b-b648-43cb-96ad-95a5188c1410-groupManagement] INFO  server.RaftServerConfigKeys (ConfUtils.java:logGet(46)) - raft.server.storage.dir = [/home/runner/work/ozone/ozone/hadoop-ozone/integration-test/target/test-dir/MiniOzoneClusterImpl-9da26bb3-9e9b-4d78-afbb-0d838bea1ada/datanode-2/data/ratis] (custom)
2023-09-07 09:03:38,081 [e4211b8b-b648-43cb-96ad-95a5188c1410-groupManagement] INFO  server.RaftServerConfigKeys (ConfUtils.java:logGet(46)) - raft.server.log.corruption.policy = EXCEPTION (default)
2023-09-07 09:03:38,081 [e4211b8b-b648-43cb-96ad-95a5188c1410-groupManagement] INFO  server.RaftServerConfigKeys (ConfUtils.java:logGet(46)) - raft.server.storage.free-space.min = 0MB (=0) (default)
2023-09-07 09:03:38,081 [e4211b8b-b648-43cb-96ad-95a5188c1410-groupManagement] INFO  server.RaftServerConfigKeys (ConfUtils.java:logGet(46)) - raft.server.notification.no-leader.timeout = 300s (custom)
2023-09-07 09:03:38,081 [e4211b8b-b648-43cb-96ad-95a5188c1410-groupManagement] INFO  server.RaftServerConfigKeys (ConfUtils.java:logGet(46)) - raft.server.read.timeout = 10s (default)
2023-09-07 09:03:38,081 [e4211b8b-b648-43cb-96ad-95a5188c1410-groupManagement] INFO  server.RaftServerConfigKeys (ConfUtils.java:logGet(46)) - raft.server.retrycache.expirytime = 600000ms (custom)
2023-09-07 09:03:38,081 [e4211b8b-b648-43cb-96ad-95a5188c1410-groupManagement] INFO  server.RaftServerConfigKeys (ConfUtils.java:logGet(46)) - raft.server.retrycache.statistics.expirytime = 100μs (default)
2023-09-07 09:03:38,082 [e4211b8b-b648-43cb-96ad-95a5188c1410-groupManagement] INFO  server.RaftServerConfigKeys (ConfUtils.java:logGet(46)) - raft.server.read.option = DEFAULT (default)
2023-09-07 09:03:38,083 [e4211b8b-b648-43cb-96ad-95a5188c1410-groupManagement] INFO  server.RaftServerConfigKeys (ConfUtils.java:logGet(46)) - raft.server.rpc.request.timeout = 60s (custom)
2023-09-07 09:03:38,083 [e4211b8b-b648-43cb-96ad-95a5188c1410-groupManagement] INFO  server.RaftServerConfigKeys (ConfUtils.java:logGet(46)) - raft.server.log.appender.install.snapshot.enabled = false (custom)
2023-09-07 09:03:38,083 [e4211b8b-b648-43cb-96ad-95a5188c1410-groupManagement] INFO  server.RaftServerConfigKeys (ConfUtils.java:logGet(46)) - raft.server.threadpool.server.cached = true (default)
2023-09-07 09:03:38,083 [e4211b8b-b648-43cb-96ad-95a5188c1410-groupManagement] INFO  server.RaftServerConfigKeys (ConfUtils.java:logGet(46)) - raft.server.threadpool.server.size = 0 (default)
2023-09-07 09:03:38,083 [e4211b8b-b648-43cb-96ad-95a5188c1410-groupManagement] INFO  server.RaftServerConfigKeys (ConfUtils.java:logGet(46)) - raft.server.threadpool.client.cached = true (default)
2023-09-07 09:03:38,083 [e4211b8b-b648-43cb-96ad-95a5188c1410-groupManagement] INFO  server.RaftServerConfigKeys (ConfUtils.java:logGet(46)) - raft.server.threadpool.client.size = 0 (default)
2023-09-07 09:03:38,085 [PipelineCommandHandlerThread-0] INFO  server.RaftServer (RaftServerProxy.java:addNew(98)) - e4211b8b-b648-43cb-96ad-95a5188c1410: addNew group-9A01BBD50584:[e4211b8b-b648-43cb-96ad-95a5188c1410|rpc:10.1.0.77:15034|admin:10.1.0.77:15033|client:10.1.0.77:15032|dataStream:10.1.0.77:15035|priority:1|startupRole:FOLLOWER] returns      null e4211b8b-b648-43cb-96ad-95a5188c1410@group-9A01BBD50584:t0, leader=null, voted=null, raftlog=UNINITIALIZED, conf=-1: peers:[e4211b8b-b648-43cb-96ad-95a5188c1410|rpc:10.1.0.77:15034|admin:10.1.0.77:15033|client:10.1.0.77:15032|dataStream:10.1.0.77:15035|priority:1|startupRole:FOLLOWER]|listeners:[], old=null NEW
2023-09-07 09:03:38,085 [e4211b8b-b648-43cb-96ad-95a5188c1410-groupManagement] INFO  storage.RaftStorageDirectory (RaftStorageDirectoryImpl.java:analyzeStorage(137)) - The storage directory /home/runner/work/ozone/ozone/hadoop-ozone/integration-test/target/test-dir/MiniOzoneClusterImpl-9da26bb3-9e9b-4d78-afbb-0d838bea1ada/datanode-2/data/ratis/1e71d48b-864b-4439-99dc-9a01bbd50584 does not exist. Creating ...
2023-09-07 09:03:38,088 [e4211b8b-b648-43cb-96ad-95a5188c1410-groupManagement] INFO  storage.RaftStorageDirectory (RaftStorageDirectoryImpl.java:tryLock(231)) - Lock on /home/runner/work/ozone/ozone/hadoop-ozone/integration-test/target/test-dir/MiniOzoneClusterImpl-9da26bb3-9e9b-4d78-afbb-0d838bea1ada/datanode-2/data/ratis/1e71d48b-864b-4439-99dc-9a01bbd50584/in_use.lock acquired by nodename 19819@fv-az200-880
2023-09-07 09:03:38,094 [e4211b8b-b648-43cb-96ad-95a5188c1410-groupManagement] INFO  storage.RaftStorage (RaftStorageImpl.java:format(96)) - Storage directory /home/runner/work/ozone/ozone/hadoop-ozone/integration-test/target/test-dir/MiniOzoneClusterImpl-9da26bb3-9e9b-4d78-afbb-0d838bea1ada/datanode-2/data/ratis/1e71d48b-864b-4439-99dc-9a01bbd50584 has been successfully formatted.
2023-09-07 09:03:38,095 [e4211b8b-b648-43cb-96ad-95a5188c1410-groupManagement] INFO  ratis.ContainerStateMachine (ContainerStateMachine.java:loadSnapshot(262)) - group-9A01BBD50584: The snapshot info is null. Setting the last applied indexto:(t:0, i:~)
2023-09-07 09:03:38,095 [e4211b8b-b648-43cb-96ad-95a5188c1410-groupManagement] INFO  server.RaftServerConfigKeys (ConfUtils.java:logGet(46)) - raft.server.log.use.memory = false (default)
2023-09-07 09:03:38,096 [e4211b8b-b648-43cb-96ad-95a5188c1410-groupManagement] INFO  server.RaftServerConfigKeys (ConfUtils.java:logGet(46)) - raft.server.log.purge.gap = 1000000 (custom)
2023-09-07 09:03:38,103 [EventQueue-PipelineReportForReconPipelineReportHandler] INFO  scm.ReconPipelineReportHandler (ReconPipelineReportHandler.java:processPipelineReport(68)) - Unknown pipeline PipelineID=1e71d48b-864b-4439-99dc-9a01bbd50584. Trying to get from SCM.
2023-09-07 09:03:38,105 [EventQueue-PipelineReportForPipelineReportHandler] INFO  pipeline.PipelineReportHandler (PipelineReportHandler.java:processPipelineReport(136)) - Opened pipeline PipelineID=1e71d48b-864b-4439-99dc-9a01bbd50584
2023-09-07 09:03:38,105 [EventQueue-OpenPipelineForHealthyPipelineSafeModeRule] INFO  safemode.SCMSafeModeManager (HealthyPipelineSafeModeRule.java:process(137)) - SCM in safe mode. Healthy pipelines reported count is 0, required healthy pipeline reported count is 1
2023-09-07 09:03:38,107 [EventQueue-PipelineReportForReconPipelineReportHandler] INFO  scm.ReconPipelineReportHandler (ReconPipelineReportHandler.java:processPipelineReport(86)) - Adding new pipeline Pipeline[ Id: 1e71d48b-864b-4439-99dc-9a01bbd50584, Nodes: e4211b8b-b648-43cb-96ad-95a5188c1410(fv-az200-880.axauvrbo4geuti20fntxkzjnxf.dx.internal.cloudapp.net/10.1.0.77), ReplicationConfig: RATIS/ONE, State:OPEN, leaderId:e4211b8b-b648-43cb-96ad-95a5188c1410, CreationTimestamp2023-09-07T09:03:35.071Z[Etc/UTC]] to Recon pipeline metadata.
2023-09-07 09:03:38,108 [EventQueue-PipelineReportForReconPipelineReportHandler] INFO  scm.ReconPipelineReportHandler (ReconPipelineReportHandler.java:processPipelineReport(103)) - Pipeline RATIS/THREE PipelineID=a2d281d2-730c-4a02-9c2e-ca4ce5b48592 reported by e4211b8b-b648-43cb-96ad-95a5188c1410(fv-az200-880.axauvrbo4geuti20fntxkzjnxf.dx.internal.cloudapp.net/10.1.0.77)
2023-09-07 09:03:38,109 [e4211b8b-b648-43cb-96ad-95a5188c1410-groupManagement] INFO  server.RaftServerConfigKeys (ConfUtils.java:logGet(46)) - raft.server.log.appender.buffer.byte-limit = 33554432 (custom)
2023-09-07 09:03:38,112 [e4211b8b-b648-43cb-96ad-95a5188c1410-groupManagement] INFO  server.RaftServerConfigKeys (ConfUtils.java:logGet(46)) - raft.server.log.statemachine.data.read.timeout = 1000ms (default)
2023-09-07 09:03:38,112 [e4211b8b-b648-43cb-96ad-95a5188c1410-groupManagement] INFO  server.RaftServerConfigKeys (ConfUtils.java:logGet(46)) - raft.server.log.purge.preservation.log.num = 0 (default)
2023-09-07 09:03:38,114 [e4211b8b-b648-43cb-96ad-95a5188c1410-groupManagement] INFO  server.RaftServerConfigKeys (ConfUtils.java:logGet(46)) - raft.server.log.segment.size.max = 1048576 (custom)
2023-09-07 09:03:38,115 [e4211b8b-b648-43cb-96ad-95a5188c1410-groupManagement] INFO  server.RaftServerConfigKeys (ConfUtils.java:logGet(46)) - raft.server.log.segment.cache.num.max = 2 (custom)
2023-09-07 09:03:38,116 [e4211b8b-b648-43cb-96ad-95a5188c1410-groupManagement] INFO  server.RaftServerConfigKeys (ConfUtils.java:logGet(46)) - raft.server.log.segment.cache.size.max = 200MB (=209715200) (default)
2023-09-07 09:03:38,116 [e4211b8b-b648-43cb-96ad-95a5188c1410-groupManagement] INFO  server.RaftServerConfigKeys (ConfUtils.java:logGet(46)) - raft.server.log.appender.buffer.byte-limit = 33554432 (custom)
2023-09-07 09:03:38,116 [e4211b8b-b648-43cb-96ad-95a5188c1410-groupManagement] INFO  segmented.SegmentedRaftLogWorker (SegmentedRaftLogWorker.java:<init>(188)) - new e4211b8b-b648-43cb-96ad-95a5188c1410@group-9A01BBD50584-SegmentedRaftLogWorker for RaftStorageImpl:Storage Directory /home/runner/work/ozone/ozone/hadoop-ozone/integration-test/target/test-dir/MiniOzoneClusterImpl-9da26bb3-9e9b-4d78-afbb-0d838bea1ada/datanode-2/data/ratis/1e71d48b-864b-4439-99dc-9a01bbd50584
2023-09-07 09:03:38,116 [e4211b8b-b648-43cb-96ad-95a5188c1410-groupManagement] INFO  server.RaftServerConfigKeys (ConfUtils.java:logGet(46)) - raft.server.log.queue.byte-limit = 4294967296 (custom)
2023-09-07 09:03:38,116 [e4211b8b-b648-43cb-96ad-95a5188c1410-groupManagement] INFO  server.RaftServerConfigKeys (ConfUtils.java:logGet(46)) - raft.server.log.queue.element-limit = 1024 (custom)
2023-09-07 09:03:38,117 [e4211b8b-b648-43cb-96ad-95a5188c1410-groupManagement] INFO  server.RaftServerConfigKeys (ConfUtils.java:logGet(46)) - raft.server.log.segment.size.max = 1048576 (custom)
2023-09-07 09:03:38,117 [e4211b8b-b648-43cb-96ad-95a5188c1410-groupManagement] INFO  server.RaftServerConfigKeys (ConfUtils.java:logGet(46)) - raft.server.log.preallocated.size = 16384 (custom)
2023-09-07 09:03:38,117 [e4211b8b-b648-43cb-96ad-95a5188c1410-groupManagement] INFO  server.RaftServerConfigKeys (ConfUtils.java:logGet(46)) - raft.server.log.force.sync.num = 128 (default)
2023-09-07 09:03:38,117 [e4211b8b-b648-43cb-96ad-95a5188c1410-groupManagement] INFO  server.RaftServerConfigKeys (ConfUtils.java:logGet(46)) - raft.server.log.statemachine.data.sync = true (default)
2023-09-07 09:03:38,117 [e4211b8b-b648-43cb-96ad-95a5188c1410-groupManagement] INFO  server.RaftServerConfigKeys (ConfUtils.java:logGet(46)) - raft.server.log.statemachine.data.sync.timeout = 10s (default)
2023-09-07 09:03:38,117 [e4211b8b-b648-43cb-96ad-95a5188c1410-groupManagement] INFO  server.RaftServerConfigKeys (ConfUtils.java:logGet(46)) - raft.server.log.statemachine.data.sync.timeout.retry = -1 (default)
2023-09-07 09:03:38,119 [e4211b8b-b648-43cb-96ad-95a5188c1410-groupManagement] INFO  server.RaftServerConfigKeys (ConfUtils.java:logGet(46)) - raft.server.log.write.buffer.size = 1048576 (custom)
2023-09-07 09:03:38,120 [e4211b8b-b648-43cb-96ad-95a5188c1410-groupManagement] INFO  server.RaftServerConfigKeys (ConfUtils.java:logGet(46)) - raft.server.log.appender.buffer.byte-limit = 33554432 (custom)
2023-09-07 09:03:38,594 [JvmPauseMonitor5] WARN  util.JvmPauseMonitor (JvmPauseMonitor.java:detectPause(124)) - JvmPauseMonitor-e4211b8b-b648-43cb-96ad-95a5188c1410: Detected pause in JVM or host machine approximately 0.447s with 0.454s GC time.
GC pool 'PS MarkSweep' had collection(s): count=1 time=386ms
GC pool 'PS Scavenge' had collection(s): count=1 time=68ms
2023-09-07 09:03:38,594 [JvmPauseMonitor2] WARN  util.JvmPauseMonitor (JvmPauseMonitor.java:detectPause(124)) - JvmPauseMonitor-Recon: Detected pause in JVM or host machine approximately 0.367s with 0.454s GC time.
GC pool 'PS MarkSweep' had collection(s): count=1 time=386ms
GC pool 'PS Scavenge' had collection(s): count=1 time=68ms
2023-09-07 09:03:38,594 [JvmPauseMonitor4] WARN  util.JvmPauseMonitor (JvmPauseMonitor.java:detectPause(124)) - JvmPauseMonitor-8aaa379b-76d2-401e-9e9b-5f71144f2a0c: Detected pause in JVM or host machine approximately 0.304s with 0.454s GC time.
GC pool 'PS MarkSweep' had collection(s): count=1 time=386ms
GC pool 'PS Scavenge' had collection(s): count=1 time=68ms
2023-09-07 09:03:38,595 [JvmPauseMonitor1] WARN  util.JvmPauseMonitor (JvmPauseMonitor.java:detectPause(124)) - JvmPauseMonitor-om1: Detected pause in JVM or host machine approximately 0.207s with 0.454s GC time.
GC pool 'PS MarkSweep' had collection(s): count=1 time=386ms
GC pool 'PS Scavenge' had collection(s): count=1 time=68ms
2023-09-07 09:03:38,598 [JvmPauseMonitor3] WARN  util.JvmPauseMonitor (JvmPauseMonitor.java:detectPause(124)) - JvmPauseMonitor-125b6ccd-ab10-424e-ac54-cb3b86c02134: Detected pause in JVM or host machine approximately 0.169s with 0.454s GC time.
GC pool 'PS MarkSweep' had collection(s): count=1 time=386ms
GC pool 'PS Scavenge' had collection(s): count=1 time=68ms
2023-09-07 09:03:38,605 [e4211b8b-b648-43cb-96ad-95a5188c1410-groupManagement] INFO  server.RaftServerConfigKeys (ConfUtils.java:logGet(46)) - raft.server.log.unsafe-flush.enabled = false (default)
2023-09-07 09:03:38,605 [e4211b8b-b648-43cb-96ad-95a5188c1410-groupManagement] INFO  server.RaftServerConfigKeys (ConfUtils.java:logGet(46)) - raft.server.log.async-flush.enabled = false (default)
2023-09-07 09:03:38,605 [e4211b8b-b648-43cb-96ad-95a5188c1410-groupManagement] INFO  server.RaftServerConfigKeys (ConfUtils.java:logGet(46)) - raft.server.log.statemachine.data.caching.enabled = true (custom)
2023-09-07 09:03:38,606 [e4211b8b-b648-43cb-96ad-95a5188c1410-groupManagement] INFO  segmented.SegmentedRaftLogWorker (SegmentedRaftLogWorker.java:lambda$new$0(135)) - e4211b8b-b648-43cb-96ad-95a5188c1410@group-9A01BBD50584-SegmentedRaftLogWorker: flushIndex: setUnconditionally 0 -> -1
2023-09-07 09:03:38,606 [e4211b8b-b648-43cb-96ad-95a5188c1410-groupManagement] INFO  segmented.SegmentedRaftLogWorker (SegmentedRaftLogWorker.java:lambda$new$0(135)) - e4211b8b-b648-43cb-96ad-95a5188c1410@group-9A01BBD50584-SegmentedRaftLogWorker: safeCacheEvictIndex: setUnconditionally 0 -> -1
2023-09-07 09:03:38,611 [e4211b8b-b648-43cb-96ad-95a5188c1410-groupManagement] INFO  server.RaftServer$Division (RaftServerImpl.java:start(342)) - e4211b8b-b648-43cb-96ad-95a5188c1410@group-9A01BBD50584: start as a follower, conf=-1: peers:[e4211b8b-b648-43cb-96ad-95a5188c1410|rpc:10.1.0.77:15034|admin:10.1.0.77:15033|client:10.1.0.77:15032|dataStream:10.1.0.77:15035|priority:1|startupRole:FOLLOWER]|listeners:[], old=null
2023-09-07 09:03:38,611 [e4211b8b-b648-43cb-96ad-95a5188c1410-groupManagement] INFO  server.RaftServer$Division (RaftServerImpl.java:setRole(329)) - e4211b8b-b648-43cb-96ad-95a5188c1410@group-9A01BBD50584: changes role from      null to FOLLOWER at term 0 for startAsFollower
2023-09-07 09:03:38,611 [e4211b8b-b648-43cb-96ad-95a5188c1410-groupManagement] INFO  impl.RoleInfo (RoleInfo.java:updateAndGet(139)) - e4211b8b-b648-43cb-96ad-95a5188c1410: start e4211b8b-b648-43cb-96ad-95a5188c1410@group-9A01BBD50584-FollowerState
2023-09-07 09:03:38,616 [e4211b8b-b648-43cb-96ad-95a5188c1410-groupManagement] INFO  util.JmxRegister (JmxRegister.java:tryRegister(44)) - Successfully registered JMX Bean with object name Ratis:service=RaftServer,group=group-9A01BBD50584,id=e4211b8b-b648-43cb-96ad-95a5188c1410
2023-09-07 09:03:38,616 [e4211b8b-b648-43cb-96ad-95a5188c1410-groupManagement] INFO  server.RaftServerConfigKeys (ConfUtils.java:logGet(46)) - raft.server.snapshot.auto.trigger.enabled = true (custom)
2023-09-07 09:03:38,616 [e4211b8b-b648-43cb-96ad-95a5188c1410-groupManagement] INFO  server.RaftServerConfigKeys (ConfUtils.java:logGet(46)) - raft.server.snapshot.auto.trigger.threshold = 10000 (custom)
2023-09-07 09:03:38,616 [e4211b8b-b648-43cb-96ad-95a5188c1410-groupManagement] INFO  server.RaftServerConfigKeys (ConfUtils.java:logGet(46)) - raft.server.snapshot.retention.file.num = 5 (custom)
2023-09-07 09:03:38,616 [e4211b8b-b648-43cb-96ad-95a5188c1410-groupManagement] INFO  server.RaftServerConfigKeys (ConfUtils.java:logGet(46)) - raft.server.log.purge.upto.snapshot.index = false (default)
2023-09-07 09:03:38,617 [e4211b8b-b648-43cb-96ad-95a5188c1410@group-9A01BBD50584-FollowerState] INFO  server.RaftServerConfigKeys (ConfUtils.java:logFallback(53)) - raft.server.rpc.first-election.timeout.min = 5s (fallback to raft.server.rpc.timeout.min)
2023-09-07 09:03:38,617 [e4211b8b-b648-43cb-96ad-95a5188c1410@group-9A01BBD50584-FollowerState] INFO  server.RaftServerConfigKeys (ConfUtils.java:logFallback(53)) - raft.server.rpc.first-election.timeout.max = 5200ms (fallback to raft.server.rpc.timeout.max)
2023-09-07 09:03:38,623 [PipelineCommandHandlerThread-0] INFO  ratis.XceiverServerRatis (XceiverServerRatis.java:addGroup(804)) - Created group PipelineID=1e71d48b-864b-4439-99dc-9a01bbd50584
2023-09-07 09:03:38,623 [PipelineCommandHandlerThread-0] INFO  commandhandler.CreatePipelineCommandHandler (CreatePipelineCommandHandler.java:lambda$handle$2(124)) - Created Pipeline RATIS ONE PipelineID=1e71d48b-864b-4439-99dc-9a01bbd50584.
2023-09-07 09:03:38,623 [PipelineCommandHandlerThread-0] INFO  server.RaftServer (RaftServerProxy.java:addNew(98)) - e4211b8b-b648-43cb-96ad-95a5188c1410: addNew group-1F48DA4A8CA8:[8aaa379b-76d2-401e-9e9b-5f71144f2a0c|rpc:10.1.0.77:15025|admin:10.1.0.77:15024|client:10.1.0.77:15023|dataStream:10.1.0.77:15026|priority:1|startupRole:FOLLOWER, 125b6ccd-ab10-424e-ac54-cb3b86c02134|rpc:10.1.0.77:15016|admin:10.1.0.77:15015|client:10.1.0.77:15014|dataStream:10.1.0.77:15017|priority:0|startupRole:FOLLOWER, e4211b8b-b648-43cb-96ad-95a5188c1410|rpc:10.1.0.77:15034|admin:10.1.0.77:15033|client:10.1.0.77:15032|dataStream:10.1.0.77:15035|priority:0|startupRole:FOLLOWER] returns group-1F48DA4A8CA8:java.util.concurrent.CompletableFuture@178980a[Not completed]
2023-09-07 09:03:38,639 [e4211b8b-b648-43cb-96ad-95a5188c1410-groupManagement] INFO  server.RaftServer$Division (RaftServerImpl.java:<init>(198)) - e4211b8b-b648-43cb-96ad-95a5188c1410: new RaftServerImpl for group-1F48DA4A8CA8:[8aaa379b-76d2-401e-9e9b-5f71144f2a0c|rpc:10.1.0.77:15025|admin:10.1.0.77:15024|client:10.1.0.77:15023|dataStream:10.1.0.77:15026|priority:1|startupRole:FOLLOWER, 125b6ccd-ab10-424e-ac54-cb3b86c02134|rpc:10.1.0.77:15016|admin:10.1.0.77:15015|client:10.1.0.77:15014|dataStream:10.1.0.77:15017|priority:0|startupRole:FOLLOWER, e4211b8b-b648-43cb-96ad-95a5188c1410|rpc:10.1.0.77:15034|admin:10.1.0.77:15033|client:10.1.0.77:15032|dataStream:10.1.0.77:15035|priority:0|startupRole:FOLLOWER] with ContainerStateMachine:uninitialized
2023-09-07 09:03:38,639 [e4211b8b-b648-43cb-96ad-95a5188c1410-groupManagement] INFO  server.RaftServerConfigKeys (ConfUtils.java:logGet(46)) - raft.server.rpc.timeout.min = 5s (custom)
2023-09-07 09:03:38,639 [e4211b8b-b648-43cb-96ad-95a5188c1410-groupManagement] INFO  server.RaftServerConfigKeys (ConfUtils.java:logGet(46)) - raft.server.rpc.timeout.max = 5200ms (custom)
2023-09-07 09:03:38,639 [e4211b8b-b648-43cb-96ad-95a5188c1410-groupManagement] INFO  server.RaftServerConfigKeys (ConfUtils.java:logGet(46)) - raft.server.rpc.sleep.time = 25ms (default)
2023-09-07 09:03:38,639 [e4211b8b-b648-43cb-96ad-95a5188c1410-groupManagement] INFO  server.RaftServerConfigKeys (ConfUtils.java:logGet(46)) - raft.server.rpc.slowness.timeout = 300s (custom)
2023-09-07 09:03:38,639 [e4211b8b-b648-43cb-96ad-95a5188c1410-groupManagement] INFO  server.RaftServerConfigKeys (ConfUtils.java:logGet(46)) - raft.server.leaderelection.leader.step-down.wait-time = 10s (default)
2023-09-07 09:03:38,639 [e4211b8b-b648-43cb-96ad-95a5188c1410-groupManagement] INFO  server.RaftServerConfigKeys (ConfUtils.java:logGet(46)) - raft.server.sleep.deviation.threshold = 300ms (default)
2023-09-07 09:03:38,640 [e4211b8b-b648-43cb-96ad-95a5188c1410-groupManagement] INFO  server.RaftServer$Division (ServerState.java:<init>(120)) - e4211b8b-b648-43cb-96ad-95a5188c1410@group-1F48DA4A8CA8: ConfigurationManager, init=-1: peers:[8aaa379b-76d2-401e-9e9b-5f71144f2a0c|rpc:10.1.0.77:15025|admin:10.1.0.77:15024|client:10.1.0.77:15023|dataStream:10.1.0.77:15026|priority:1|startupRole:FOLLOWER, 125b6ccd-ab10-424e-ac54-cb3b86c02134|rpc:10.1.0.77:15016|admin:10.1.0.77:15015|client:10.1.0.77:15014|dataStream:10.1.0.77:15017|priority:0|startupRole:FOLLOWER, e4211b8b-b648-43cb-96ad-95a5188c1410|rpc:10.1.0.77:15034|admin:10.1.0.77:15033|client:10.1.0.77:15032|dataStream:10.1.0.77:15035|priority:0|startupRole:FOLLOWER]|listeners:[], old=null, confs=<EMPTY_MAP>
2023-09-07 09:03:38,640 [e4211b8b-b648-43cb-96ad-95a5188c1410-groupManagement] INFO  server.RaftServerConfigKeys (ConfUtils.java:logGet(46)) - raft.server.storage.dir = [/home/runner/work/ozone/ozone/hadoop-ozone/integration-test/target/test-dir/MiniOzoneClusterImpl-9da26bb3-9e9b-4d78-afbb-0d838bea1ada/datanode-2/data/ratis] (custom)
2023-09-07 09:03:38,640 [e4211b8b-b648-43cb-96ad-95a5188c1410-groupManagement] INFO  server.RaftServerConfigKeys (ConfUtils.java:logGet(46)) - raft.server.log.corruption.policy = EXCEPTION (default)
2023-09-07 09:03:38,640 [e4211b8b-b648-43cb-96ad-95a5188c1410-groupManagement] INFO  server.RaftServerConfigKeys (ConfUtils.java:logGet(46)) - raft.server.storage.free-space.min = 0MB (=0) (default)
2023-09-07 09:03:38,640 [e4211b8b-b648-43cb-96ad-95a5188c1410-groupManagement] INFO  server.RaftServerConfigKeys (ConfUtils.java:logGet(46)) - raft.server.notification.no-leader.timeout = 300s (custom)
2023-09-07 09:03:38,640 [e4211b8b-b648-43cb-96ad-95a5188c1410-groupManagement] INFO  server.RaftServerConfigKeys (ConfUtils.java:logGet(46)) - raft.server.read.timeout = 10s (default)
2023-09-07 09:03:38,641 [e4211b8b-b648-43cb-96ad-95a5188c1410-groupManagement] INFO  server.RaftServerConfigKeys (ConfUtils.java:logGet(46)) - raft.server.retrycache.expirytime = 600000ms (custom)
2023-09-07 09:03:38,641 [e4211b8b-b648-43cb-96ad-95a5188c1410-groupManagement] INFO  server.RaftServerConfigKeys (ConfUtils.java:logGet(46)) - raft.server.retrycache.statistics.expirytime = 100μs (default)
2023-09-07 09:03:38,641 [e4211b8b-b648-43cb-96ad-95a5188c1410-groupManagement] INFO  server.RaftServerConfigKeys (ConfUtils.java:logGet(46)) - raft.server.read.option = DEFAULT (default)
2023-09-07 09:03:38,642 [e4211b8b-b648-43cb-96ad-95a5188c1410-groupManagement] INFO  server.RaftServerConfigKeys (ConfUtils.java:logGet(46)) - raft.server.rpc.request.timeout = 60s (custom)
2023-09-07 09:03:38,642 [e4211b8b-b648-43cb-96ad-95a5188c1410-groupManagement] INFO  server.RaftServerConfigKeys (ConfUtils.java:logGet(46)) - raft.server.log.appender.install.snapshot.enabled = false (custom)
2023-09-07 09:03:38,643 [e4211b8b-b648-43cb-96ad-95a5188c1410-groupManagement] INFO  server.RaftServerConfigKeys (ConfUtils.java:logGet(46)) - raft.server.threadpool.server.cached = true (default)
2023-09-07 09:03:38,643 [e4211b8b-b648-43cb-96ad-95a5188c1410-groupManagement] INFO  server.RaftServerConfigKeys (ConfUtils.java:logGet(46)) - raft.server.threadpool.server.size = 0 (default)
2023-09-07 09:03:38,643 [e4211b8b-b648-43cb-96ad-95a5188c1410-groupManagement] INFO  server.RaftServerConfigKeys (ConfUtils.java:logGet(46)) - raft.server.threadpool.client.cached = true (default)
2023-09-07 09:03:38,643 [e4211b8b-b648-43cb-96ad-95a5188c1410-groupManagement] INFO  server.RaftServerConfigKeys (ConfUtils.java:logGet(46)) - raft.server.threadpool.client.size = 0 (default)
2023-09-07 09:03:38,643 [e4211b8b-b648-43cb-96ad-95a5188c1410-groupManagement] INFO  storage.RaftStorageDirectory (RaftStorageDirectoryImpl.java:analyzeStorage(137)) - The storage directory /home/runner/work/ozone/ozone/hadoop-ozone/integration-test/target/test-dir/MiniOzoneClusterImpl-9da26bb3-9e9b-4d78-afbb-0d838bea1ada/datanode-2/data/ratis/4ae2c880-1070-4148-9b0d-1f48da4a8ca8 does not exist. Creating ...
2023-09-07 09:03:38,657 [e4211b8b-b648-43cb-96ad-95a5188c1410-groupManagement] INFO  storage.RaftStorageDirectory (RaftStorageDirectoryImpl.java:tryLock(231)) - Lock on /home/runner/work/ozone/ozone/hadoop-ozone/integration-test/target/test-dir/MiniOzoneClusterImpl-9da26bb3-9e9b-4d78-afbb-0d838bea1ada/datanode-2/data/ratis/4ae2c880-1070-4148-9b0d-1f48da4a8ca8/in_use.lock acquired by nodename 19819@fv-az200-880
2023-09-07 09:03:38,676 [e4211b8b-b648-43cb-96ad-95a5188c1410-groupManagement] INFO  storage.RaftStorage (RaftStorageImpl.java:format(96)) - Storage directory /home/runner/work/ozone/ozone/hadoop-ozone/integration-test/target/test-dir/MiniOzoneClusterImpl-9da26bb3-9e9b-4d78-afbb-0d838bea1ada/datanode-2/data/ratis/4ae2c880-1070-4148-9b0d-1f48da4a8ca8 has been successfully formatted.
2023-09-07 09:03:38,680 [EventQueue-PipelineReportForReconPipelineReportHandler] INFO  scm.ReconPipelineReportHandler (ReconPipelineReportHandler.java:processPipelineReport(103)) - Pipeline RATIS/THREE PipelineID=a2d281d2-730c-4a02-9c2e-ca4ce5b48592 reported by e4211b8b-b648-43cb-96ad-95a5188c1410(fv-az200-880.axauvrbo4geuti20fntxkzjnxf.dx.internal.cloudapp.net/10.1.0.77)
2023-09-07 09:03:38,689 [EventQueue-PipelineReportForReconPipelineReportHandler] INFO  scm.ReconPipelineReportHandler (ReconPipelineReportHandler.java:processPipelineReport(68)) - Unknown pipeline PipelineID=4ae2c880-1070-4148-9b0d-1f48da4a8ca8. Trying to get from SCM.
2023-09-07 09:03:38,682 [EventQueue-OpenPipelineForHealthyPipelineSafeModeRule] INFO  safemode.SCMSafeModeManager (HealthyPipelineSafeModeRule.java:process(137)) - SCM in safe mode. Healthy pipelines reported count is 0, required healthy pipeline reported count is 1
2023-09-07 09:03:38,680 [e4211b8b-b648-43cb-96ad-95a5188c1410-groupManagement] INFO  ratis.ContainerStateMachine (ContainerStateMachine.java:loadSnapshot(262)) - group-1F48DA4A8CA8: The snapshot info is null. Setting the last applied indexto:(t:0, i:~)
2023-09-07 09:03:38,690 [e4211b8b-b648-43cb-96ad-95a5188c1410-groupManagement] INFO  server.RaftServerConfigKeys (ConfUtils.java:logGet(46)) - raft.server.log.use.memory = false (default)
2023-09-07 09:03:38,690 [e4211b8b-b648-43cb-96ad-95a5188c1410-groupManagement] INFO  server.RaftServerConfigKeys (ConfUtils.java:logGet(46)) - raft.server.log.purge.gap = 1000000 (custom)
2023-09-07 09:03:38,691 [e4211b8b-b648-43cb-96ad-95a5188c1410-groupManagement] INFO  server.RaftServerConfigKeys (ConfUtils.java:logGet(46)) - raft.server.log.appender.buffer.byte-limit = 33554432 (custom)
2023-09-07 09:03:38,691 [e4211b8b-b648-43cb-96ad-95a5188c1410-groupManagement] INFO  server.RaftServerConfigKeys (ConfUtils.java:logGet(46)) - raft.server.log.statemachine.data.read.timeout = 1000ms (default)
2023-09-07 09:03:38,691 [e4211b8b-b648-43cb-96ad-95a5188c1410-groupManagement] INFO  server.RaftServerConfigKeys (ConfUtils.java:logGet(46)) - raft.server.log.purge.preservation.log.num = 0 (default)
2023-09-07 09:03:38,691 [EventQueue-PipelineReportForReconPipelineReportHandler] INFO  scm.ReconPipelineReportHandler (ReconPipelineReportHandler.java:processPipelineReport(86)) - Adding new pipeline Pipeline[ Id: 4ae2c880-1070-4148-9b0d-1f48da4a8ca8, Nodes: e4211b8b-b648-43cb-96ad-95a5188c1410(fv-az200-880.axauvrbo4geuti20fntxkzjnxf.dx.internal.cloudapp.net/10.1.0.77)8aaa379b-76d2-401e-9e9b-5f71144f2a0c(fv-az200-880.axauvrbo4geuti20fntxkzjnxf.dx.internal.cloudapp.net/10.1.0.77)125b6ccd-ab10-424e-ac54-cb3b86c02134(fv-az200-880.axauvrbo4geuti20fntxkzjnxf.dx.internal.cloudapp.net/10.1.0.77), ReplicationConfig: RATIS/THREE, State:ALLOCATED, leaderId:, CreationTimestamp2023-09-07T09:03:35.082Z[Etc/UTC]] to Recon pipeline metadata.
2023-09-07 09:03:38,691 [e4211b8b-b648-43cb-96ad-95a5188c1410-groupManagement] INFO  server.RaftServerConfigKeys (ConfUtils.java:logGet(46)) - raft.server.log.segment.size.max = 1048576 (custom)
2023-09-07 09:03:38,692 [e4211b8b-b648-43cb-96ad-95a5188c1410-groupManagement] INFO  server.RaftServerConfigKeys (ConfUtils.java:logGet(46)) - raft.server.log.segment.cache.num.max = 2 (custom)
2023-09-07 09:03:38,692 [e4211b8b-b648-43cb-96ad-95a5188c1410-groupManagement] INFO  server.RaftServerConfigKeys (ConfUtils.java:logGet(46)) - raft.server.log.segment.cache.size.max = 200MB (=209715200) (default)
2023-09-07 09:03:38,692 [e4211b8b-b648-43cb-96ad-95a5188c1410-groupManagement] INFO  server.RaftServerConfigKeys (ConfUtils.java:logGet(46)) - raft.server.log.appender.buffer.byte-limit = 33554432 (custom)
2023-09-07 09:03:38,692 [e4211b8b-b648-43cb-96ad-95a5188c1410-groupManagement] INFO  segmented.SegmentedRaftLogWorker (SegmentedRaftLogWorker.java:<init>(188)) - new e4211b8b-b648-43cb-96ad-95a5188c1410@group-1F48DA4A8CA8-SegmentedRaftLogWorker for RaftStorageImpl:Storage Directory /home/runner/work/ozone/ozone/hadoop-ozone/integration-test/target/test-dir/MiniOzoneClusterImpl-9da26bb3-9e9b-4d78-afbb-0d838bea1ada/datanode-2/data/ratis/4ae2c880-1070-4148-9b0d-1f48da4a8ca8
2023-09-07 09:03:38,692 [EventQueue-PipelineReportForReconPipelineReportHandler] INFO  scm.ReconPipelineReportHandler (ReconPipelineReportHandler.java:processPipelineReport(103)) - Pipeline RATIS/THREE PipelineID=4ae2c880-1070-4148-9b0d-1f48da4a8ca8 reported by e4211b8b-b648-43cb-96ad-95a5188c1410(fv-az200-880.axauvrbo4geuti20fntxkzjnxf.dx.internal.cloudapp.net/10.1.0.77)
2023-09-07 09:03:38,694 [e4211b8b-b648-43cb-96ad-95a5188c1410-groupManagement] INFO  server.RaftServerConfigKeys (ConfUtils.java:logGet(46)) - raft.server.log.queue.byte-limit = 4294967296 (custom)
2023-09-07 09:03:38,698 [e4211b8b-b648-43cb-96ad-95a5188c1410-groupManagement] INFO  server.RaftServerConfigKeys (ConfUtils.java:logGet(46)) - raft.server.log.queue.element-limit = 1024 (custom)
2023-09-07 09:03:38,698 [e4211b8b-b648-43cb-96ad-95a5188c1410-groupManagement] INFO  server.RaftServerConfigKeys (ConfUtils.java:logGet(46)) - raft.server.log.segment.size.max = 1048576 (custom)
2023-09-07 09:03:38,698 [e4211b8b-b648-43cb-96ad-95a5188c1410-groupManagement] INFO  server.RaftServerConfigKeys (ConfUtils.java:logGet(46)) - raft.server.log.preallocated.size = 16384 (custom)
2023-09-07 09:03:38,698 [e4211b8b-b648-43cb-96ad-95a5188c1410-groupManagement] INFO  server.RaftServerConfigKeys (ConfUtils.java:logGet(46)) - raft.server.log.force.sync.num = 128 (default)
2023-09-07 09:03:38,698 [e4211b8b-b648-43cb-96ad-95a5188c1410-groupManagement] INFO  server.RaftServerConfigKeys (ConfUtils.java:logGet(46)) - raft.server.log.statemachine.data.sync = true (default)
2023-09-07 09:03:38,698 [e4211b8b-b648-43cb-96ad-95a5188c1410-groupManagement] INFO  server.RaftServerConfigKeys (ConfUtils.java:logGet(46)) - raft.server.log.statemachine.data.sync.timeout = 10s (default)
2023-09-07 09:03:38,699 [e4211b8b-b648-43cb-96ad-95a5188c1410-groupManagement] INFO  server.RaftServerConfigKeys (ConfUtils.java:logGet(46)) - raft.server.log.statemachine.data.sync.timeout.retry = -1 (default)
2023-09-07 09:03:38,705 [e4211b8b-b648-43cb-96ad-95a5188c1410-groupManagement] INFO  server.RaftServerConfigKeys (ConfUtils.java:logGet(46)) - raft.server.log.write.buffer.size = 1048576 (custom)
2023-09-07 09:03:38,707 [e4211b8b-b648-43cb-96ad-95a5188c1410-groupManagement] INFO  server.RaftServerConfigKeys (ConfUtils.java:logGet(46)) - raft.server.log.appender.buffer.byte-limit = 33554432 (custom)
2023-09-07 09:03:38,723 [e4211b8b-b648-43cb-96ad-95a5188c1410-groupManagement] INFO  server.RaftServerConfigKeys (ConfUtils.java:logGet(46)) - raft.server.log.unsafe-flush.enabled = false (default)
2023-09-07 09:03:38,726 [e4211b8b-b648-43cb-96ad-95a5188c1410-groupManagement] INFO  server.RaftServerConfigKeys (ConfUtils.java:logGet(46)) - raft.server.log.async-flush.enabled = false (default)
2023-09-07 09:03:38,728 [e4211b8b-b648-43cb-96ad-95a5188c1410-groupManagement] INFO  server.RaftServerConfigKeys (ConfUtils.java:logGet(46)) - raft.server.log.statemachine.data.caching.enabled = true (custom)
2023-09-07 09:03:38,732 [e4211b8b-b648-43cb-96ad-95a5188c1410-groupManagement] INFO  segmented.SegmentedRaftLogWorker (SegmentedRaftLogWorker.java:lambda$new$0(135)) - e4211b8b-b648-43cb-96ad-95a5188c1410@group-1F48DA4A8CA8-SegmentedRaftLogWorker: flushIndex: setUnconditionally 0 -> -1
2023-09-07 09:03:38,732 [e4211b8b-b648-43cb-96ad-95a5188c1410-groupManagement] INFO  segmented.SegmentedRaftLogWorker (SegmentedRaftLogWorker.java:lambda$new$0(135)) - e4211b8b-b648-43cb-96ad-95a5188c1410@group-1F48DA4A8CA8-SegmentedRaftLogWorker: safeCacheEvictIndex: setUnconditionally 0 -> -1
2023-09-07 09:03:38,733 [e4211b8b-b648-43cb-96ad-95a5188c1410-groupManagement] INFO  server.RaftServer$Division (RaftServerImpl.java:start(342)) - e4211b8b-b648-43cb-96ad-95a5188c1410@group-1F48DA4A8CA8: start as a follower, conf=-1: peers:[8aaa379b-76d2-401e-9e9b-5f71144f2a0c|rpc:10.1.0.77:15025|admin:10.1.0.77:15024|client:10.1.0.77:15023|dataStream:10.1.0.77:15026|priority:1|startupRole:FOLLOWER, 125b6ccd-ab10-424e-ac54-cb3b86c02134|rpc:10.1.0.77:15016|admin:10.1.0.77:15015|client:10.1.0.77:15014|dataStream:10.1.0.77:15017|priority:0|startupRole:FOLLOWER, e4211b8b-b648-43cb-96ad-95a5188c1410|rpc:10.1.0.77:15034|admin:10.1.0.77:15033|client:10.1.0.77:15032|dataStream:10.1.0.77:15035|priority:0|startupRole:FOLLOWER]|listeners:[], old=null
2023-09-07 09:03:38,733 [e4211b8b-b648-43cb-96ad-95a5188c1410-groupManagement] INFO  server.RaftServer$Division (RaftServerImpl.java:setRole(329)) - e4211b8b-b648-43cb-96ad-95a5188c1410@group-1F48DA4A8CA8: changes role from      null to FOLLOWER at term 0 for startAsFollower
2023-09-07 09:03:38,733 [e4211b8b-b648-43cb-96ad-95a5188c1410-groupManagement] INFO  impl.RoleInfo (RoleInfo.java:updateAndGet(139)) - e4211b8b-b648-43cb-96ad-95a5188c1410: start e4211b8b-b648-43cb-96ad-95a5188c1410@group-1F48DA4A8CA8-FollowerState
2023-09-07 09:03:38,734 [e4211b8b-b648-43cb-96ad-95a5188c1410-groupManagement] INFO  util.JmxRegister (JmxRegister.java:tryRegister(44)) - Successfully registered JMX Bean with object name Ratis:service=RaftServer,group=group-1F48DA4A8CA8,id=e4211b8b-b648-43cb-96ad-95a5188c1410
2023-09-07 09:03:38,734 [e4211b8b-b648-43cb-96ad-95a5188c1410-groupManagement] INFO  server.RaftServerConfigKeys (ConfUtils.java:logGet(46)) - raft.server.snapshot.auto.trigger.enabled = true (custom)
2023-09-07 09:03:38,734 [e4211b8b-b648-43cb-96ad-95a5188c1410-groupManagement] INFO  server.RaftServerConfigKeys (ConfUtils.java:logGet(46)) - raft.server.snapshot.auto.trigger.threshold = 10000 (custom)
2023-09-07 09:03:38,734 [e4211b8b-b648-43cb-96ad-95a5188c1410-groupManagement] INFO  server.RaftServerConfigKeys (ConfUtils.java:logGet(46)) - raft.server.snapshot.retention.file.num = 5 (custom)
2023-09-07 09:03:38,734 [e4211b8b-b648-43cb-96ad-95a5188c1410-groupManagement] INFO  server.RaftServerConfigKeys (ConfUtils.java:logGet(46)) - raft.server.log.purge.upto.snapshot.index = false (default)
2023-09-07 09:03:38,734 [e4211b8b-b648-43cb-96ad-95a5188c1410@group-1F48DA4A8CA8-FollowerState] INFO  server.RaftServerConfigKeys (ConfUtils.java:logFallback(53)) - raft.server.rpc.first-election.timeout.min = 5s (fallback to raft.server.rpc.timeout.min)
2023-09-07 09:03:38,743 [PipelineCommandHandlerThread-0] INFO  ratis.XceiverServerRatis (XceiverServerRatis.java:addGroup(804)) - Created group PipelineID=4ae2c880-1070-4148-9b0d-1f48da4a8ca8
2023-09-07 09:03:38,752 [e4211b8b-b648-43cb-96ad-95a5188c1410@group-1F48DA4A8CA8-FollowerState] INFO  server.RaftServerConfigKeys (ConfUtils.java:logFallback(53)) - raft.server.rpc.first-election.timeout.max = 5200ms (fallback to raft.server.rpc.timeout.max)
2023-09-07 09:03:38,772 [PipelineCommandHandlerThread-0] INFO  commandhandler.CreatePipelineCommandHandler (CreatePipelineCommandHandler.java:lambda$handle$2(124)) - Created Pipeline RATIS THREE PipelineID=a2d281d2-730c-4a02-9c2e-ca4ce5b48592.
2023-09-07 09:03:38,772 [PipelineCommandHandlerThread-0] INFO  server.RaftServer (RaftServerProxy.java:addNew(98)) - 125b6ccd-ab10-424e-ac54-cb3b86c02134: addNew group-1F48DA4A8CA8:[8aaa379b-76d2-401e-9e9b-5f71144f2a0c|rpc:10.1.0.77:15025|admin:10.1.0.77:15024|client:10.1.0.77:15023|dataStream:10.1.0.77:15026|priority:1|startupRole:FOLLOWER, 125b6ccd-ab10-424e-ac54-cb3b86c02134|rpc:10.1.0.77:15016|admin:10.1.0.77:15015|client:10.1.0.77:15014|dataStream:10.1.0.77:15017|priority:0|startupRole:FOLLOWER, e4211b8b-b648-43cb-96ad-95a5188c1410|rpc:10.1.0.77:15034|admin:10.1.0.77:15033|client:10.1.0.77:15032|dataStream:10.1.0.77:15035|priority:0|startupRole:FOLLOWER] returns group-1F48DA4A8CA8:java.util.concurrent.CompletableFuture@36fa1db6[Not completed]
2023-09-07 09:03:38,774 [125b6ccd-ab10-424e-ac54-cb3b86c02134-groupManagement] INFO  server.RaftServer$Division (RaftServerImpl.java:<init>(198)) - 125b6ccd-ab10-424e-ac54-cb3b86c02134: new RaftServerImpl for group-1F48DA4A8CA8:[8aaa379b-76d2-401e-9e9b-5f71144f2a0c|rpc:10.1.0.77:15025|admin:10.1.0.77:15024|client:10.1.0.77:15023|dataStream:10.1.0.77:15026|priority:1|startupRole:FOLLOWER, 125b6ccd-ab10-424e-ac54-cb3b86c02134|rpc:10.1.0.77:15016|admin:10.1.0.77:15015|client:10.1.0.77:15014|dataStream:10.1.0.77:15017|priority:0|startupRole:FOLLOWER, e4211b8b-b648-43cb-96ad-95a5188c1410|rpc:10.1.0.77:15034|admin:10.1.0.77:15033|client:10.1.0.77:15032|dataStream:10.1.0.77:15035|priority:0|startupRole:FOLLOWER] with ContainerStateMachine:uninitialized
2023-09-07 09:03:38,775 [125b6ccd-ab10-424e-ac54-cb3b86c02134-groupManagement] INFO  server.RaftServerConfigKeys (ConfUtils.java:logGet(46)) - raft.server.rpc.timeout.min = 5s (custom)
2023-09-07 09:03:38,775 [125b6ccd-ab10-424e-ac54-cb3b86c02134-groupManagement] INFO  server.RaftServerConfigKeys (ConfUtils.java:logGet(46)) - raft.server.rpc.timeout.max = 5200ms (custom)
2023-09-07 09:03:38,775 [125b6ccd-ab10-424e-ac54-cb3b86c02134-groupManagement] INFO  server.RaftServerConfigKeys (ConfUtils.java:logGet(46)) - raft.server.rpc.sleep.time = 25ms (default)
2023-09-07 09:03:38,775 [125b6ccd-ab10-424e-ac54-cb3b86c02134-groupManagement] INFO  server.RaftServerConfigKeys (ConfUtils.java:logGet(46)) - raft.server.rpc.slowness.timeout = 300s (custom)
2023-09-07 09:03:38,775 [125b6ccd-ab10-424e-ac54-cb3b86c02134-groupManagement] INFO  server.RaftServerConfigKeys (ConfUtils.java:logGet(46)) - raft.server.leaderelection.leader.step-down.wait-time = 10s (default)
2023-09-07 09:03:38,775 [125b6ccd-ab10-424e-ac54-cb3b86c02134-groupManagement] INFO  server.RaftServerConfigKeys (ConfUtils.java:logGet(46)) - raft.server.sleep.deviation.threshold = 300ms (default)
2023-09-07 09:03:38,775 [125b6ccd-ab10-424e-ac54-cb3b86c02134-groupManagement] INFO  server.RaftServer$Division (ServerState.java:<init>(120)) - 125b6ccd-ab10-424e-ac54-cb3b86c02134@group-1F48DA4A8CA8: ConfigurationManager, init=-1: peers:[8aaa379b-76d2-401e-9e9b-5f71144f2a0c|rpc:10.1.0.77:15025|admin:10.1.0.77:15024|client:10.1.0.77:15023|dataStream:10.1.0.77:15026|priority:1|startupRole:FOLLOWER, 125b6ccd-ab10-424e-ac54-cb3b86c02134|rpc:10.1.0.77:15016|admin:10.1.0.77:15015|client:10.1.0.77:15014|dataStream:10.1.0.77:15017|priority:0|startupRole:FOLLOWER, e4211b8b-b648-43cb-96ad-95a5188c1410|rpc:10.1.0.77:15034|admin:10.1.0.77:15033|client:10.1.0.77:15032|dataStream:10.1.0.77:15035|priority:0|startupRole:FOLLOWER]|listeners:[], old=null, confs=<EMPTY_MAP>
2023-09-07 09:03:38,775 [125b6ccd-ab10-424e-ac54-cb3b86c02134-groupManagement] INFO  server.RaftServerConfigKeys (ConfUtils.java:logGet(46)) - raft.server.storage.dir = [/home/runner/work/ozone/ozone/hadoop-ozone/integration-test/target/test-dir/MiniOzoneClusterImpl-9da26bb3-9e9b-4d78-afbb-0d838bea1ada/datanode-0/data/ratis] (custom)
2023-09-07 09:03:38,776 [125b6ccd-ab10-424e-ac54-cb3b86c02134-groupManagement] INFO  server.RaftServerConfigKeys (ConfUtils.java:logGet(46)) - raft.server.log.corruption.policy = EXCEPTION (default)
2023-09-07 09:03:38,776 [125b6ccd-ab10-424e-ac54-cb3b86c02134-groupManagement] INFO  server.RaftServerConfigKeys (ConfUtils.java:logGet(46)) - raft.server.storage.free-space.min = 0MB (=0) (default)
2023-09-07 09:03:38,776 [125b6ccd-ab10-424e-ac54-cb3b86c02134-groupManagement] INFO  server.RaftServerConfigKeys (ConfUtils.java:logGet(46)) - raft.server.notification.no-leader.timeout = 300s (custom)
2023-09-07 09:03:38,776 [125b6ccd-ab10-424e-ac54-cb3b86c02134-groupManagement] INFO  server.RaftServerConfigKeys (ConfUtils.java:logGet(46)) - raft.server.read.timeout = 10s (default)
2023-09-07 09:03:38,776 [125b6ccd-ab10-424e-ac54-cb3b86c02134-groupManagement] INFO  server.RaftServerConfigKeys (ConfUtils.java:logGet(46)) - raft.server.retrycache.expirytime = 600000ms (custom)
2023-09-07 09:03:38,776 [125b6ccd-ab10-424e-ac54-cb3b86c02134-groupManagement] INFO  server.RaftServerConfigKeys (ConfUtils.java:logGet(46)) - raft.server.retrycache.statistics.expirytime = 100μs (default)
2023-09-07 09:03:38,776 [125b6ccd-ab10-424e-ac54-cb3b86c02134-groupManagement] INFO  server.RaftServerConfigKeys (ConfUtils.java:logGet(46)) - raft.server.read.option = DEFAULT (default)
2023-09-07 09:03:38,778 [125b6ccd-ab10-424e-ac54-cb3b86c02134-groupManagement] INFO  server.RaftServerConfigKeys (ConfUtils.java:logGet(46)) - raft.server.rpc.request.timeout = 60s (custom)
2023-09-07 09:03:38,778 [125b6ccd-ab10-424e-ac54-cb3b86c02134-groupManagement] INFO  server.RaftServerConfigKeys (ConfUtils.java:logGet(46)) - raft.server.log.appender.install.snapshot.enabled = false (custom)
2023-09-07 09:03:38,779 [125b6ccd-ab10-424e-ac54-cb3b86c02134-groupManagement] INFO  server.RaftServerConfigKeys (ConfUtils.java:logGet(46)) - raft.server.threadpool.server.cached = true (default)
2023-09-07 09:03:38,779 [125b6ccd-ab10-424e-ac54-cb3b86c02134-groupManagement] INFO  server.RaftServerConfigKeys (ConfUtils.java:logGet(46)) - raft.server.threadpool.server.size = 0 (default)
2023-09-07 09:03:38,779 [125b6ccd-ab10-424e-ac54-cb3b86c02134-groupManagement] INFO  server.RaftServerConfigKeys (ConfUtils.java:logGet(46)) - raft.server.threadpool.client.cached = true (default)
2023-09-07 09:03:38,779 [125b6ccd-ab10-424e-ac54-cb3b86c02134-groupManagement] INFO  server.RaftServerConfigKeys (ConfUtils.java:logGet(46)) - raft.server.threadpool.client.size = 0 (default)
2023-09-07 09:03:38,779 [125b6ccd-ab10-424e-ac54-cb3b86c02134-groupManagement] INFO  storage.RaftStorageDirectory (RaftStorageDirectoryImpl.java:analyzeStorage(137)) - The storage directory /home/runner/work/ozone/ozone/hadoop-ozone/integration-test/target/test-dir/MiniOzoneClusterImpl-9da26bb3-9e9b-4d78-afbb-0d838bea1ada/datanode-0/data/ratis/4ae2c880-1070-4148-9b0d-1f48da4a8ca8 does not exist. Creating ...
2023-09-07 09:03:38,784 [PipelineCommandHandlerThread-0] INFO  commandhandler.CreatePipelineCommandHandler (CreatePipelineCommandHandler.java:lambda$handle$2(124)) - Created Pipeline RATIS THREE PipelineID=a2d281d2-730c-4a02-9c2e-ca4ce5b48592.
2023-09-07 09:03:38,785 [PipelineCommandHandlerThread-0] INFO  server.RaftServer (RaftServerProxy.java:addNew(98)) - 8aaa379b-76d2-401e-9e9b-5f71144f2a0c: addNew group-1F48DA4A8CA8:[8aaa379b-76d2-401e-9e9b-5f71144f2a0c|rpc:10.1.0.77:15025|admin:10.1.0.77:15024|client:10.1.0.77:15023|dataStream:10.1.0.77:15026|priority:1|startupRole:FOLLOWER, 125b6ccd-ab10-424e-ac54-cb3b86c02134|rpc:10.1.0.77:15016|admin:10.1.0.77:15015|client:10.1.0.77:15014|dataStream:10.1.0.77:15017|priority:0|startupRole:FOLLOWER, e4211b8b-b648-43cb-96ad-95a5188c1410|rpc:10.1.0.77:15034|admin:10.1.0.77:15033|client:10.1.0.77:15032|dataStream:10.1.0.77:15035|priority:0|startupRole:FOLLOWER] returns group-1F48DA4A8CA8:java.util.concurrent.CompletableFuture@4ff3e70e[Not completed]
2023-09-07 09:03:38,787 [8aaa379b-76d2-401e-9e9b-5f71144f2a0c-groupManagement] INFO  server.RaftServer$Division (RaftServerImpl.java:<init>(198)) - 8aaa379b-76d2-401e-9e9b-5f71144f2a0c: new RaftServerImpl for group-1F48DA4A8CA8:[8aaa379b-76d2-401e-9e9b-5f71144f2a0c|rpc:10.1.0.77:15025|admin:10.1.0.77:15024|client:10.1.0.77:15023|dataStream:10.1.0.77:15026|priority:1|startupRole:FOLLOWER, 125b6ccd-ab10-424e-ac54-cb3b86c02134|rpc:10.1.0.77:15016|admin:10.1.0.77:15015|client:10.1.0.77:15014|dataStream:10.1.0.77:15017|priority:0|startupRole:FOLLOWER, e4211b8b-b648-43cb-96ad-95a5188c1410|rpc:10.1.0.77:15034|admin:10.1.0.77:15033|client:10.1.0.77:15032|dataStream:10.1.0.77:15035|priority:0|startupRole:FOLLOWER] with ContainerStateMachine:uninitialized
2023-09-07 09:03:38,787 [8aaa379b-76d2-401e-9e9b-5f71144f2a0c-groupManagement] INFO  server.RaftServerConfigKeys (ConfUtils.java:logGet(46)) - raft.server.rpc.timeout.min = 5s (custom)
2023-09-07 09:03:38,787 [8aaa379b-76d2-401e-9e9b-5f71144f2a0c-groupManagement] INFO  server.RaftServerConfigKeys (ConfUtils.java:logGet(46)) - raft.server.rpc.timeout.max = 5200ms (custom)
2023-09-07 09:03:38,787 [8aaa379b-76d2-401e-9e9b-5f71144f2a0c-groupManagement] INFO  server.RaftServerConfigKeys (ConfUtils.java:logGet(46)) - raft.server.rpc.sleep.time = 25ms (default)
2023-09-07 09:03:38,787 [8aaa379b-76d2-401e-9e9b-5f71144f2a0c-groupManagement] INFO  server.RaftServerConfigKeys (ConfUtils.java:logGet(46)) - raft.server.rpc.slowness.timeout = 300s (custom)
2023-09-07 09:03:38,787 [8aaa379b-76d2-401e-9e9b-5f71144f2a0c-groupManagement] INFO  server.RaftServerConfigKeys (ConfUtils.java:logGet(46)) - raft.server.leaderelection.leader.step-down.wait-time = 10s (default)
2023-09-07 09:03:38,787 [8aaa379b-76d2-401e-9e9b-5f71144f2a0c-groupManagement] INFO  server.RaftServerConfigKeys (ConfUtils.java:logGet(46)) - raft.server.sleep.deviation.threshold = 300ms (default)
2023-09-07 09:03:38,788 [8aaa379b-76d2-401e-9e9b-5f71144f2a0c-groupManagement] INFO  server.RaftServer$Division (ServerState.java:<init>(120)) - 8aaa379b-76d2-401e-9e9b-5f71144f2a0c@group-1F48DA4A8CA8: ConfigurationManager, init=-1: peers:[8aaa379b-76d2-401e-9e9b-5f71144f2a0c|rpc:10.1.0.77:15025|admin:10.1.0.77:15024|client:10.1.0.77:15023|dataStream:10.1.0.77:15026|priority:1|startupRole:FOLLOWER, 125b6ccd-ab10-424e-ac54-cb3b86c02134|rpc:10.1.0.77:15016|admin:10.1.0.77:15015|client:10.1.0.77:15014|dataStream:10.1.0.77:15017|priority:0|startupRole:FOLLOWER, e4211b8b-b648-43cb-96ad-95a5188c1410|rpc:10.1.0.77:15034|admin:10.1.0.77:15033|client:10.1.0.77:15032|dataStream:10.1.0.77:15035|priority:0|startupRole:FOLLOWER]|listeners:[], old=null, confs=<EMPTY_MAP>
2023-09-07 09:03:38,788 [8aaa379b-76d2-401e-9e9b-5f71144f2a0c-groupManagement] INFO  server.RaftServerConfigKeys (ConfUtils.java:logGet(46)) - raft.server.storage.dir = [/home/runner/work/ozone/ozone/hadoop-ozone/integration-test/target/test-dir/MiniOzoneClusterImpl-9da26bb3-9e9b-4d78-afbb-0d838bea1ada/datanode-1/data/ratis] (custom)
2023-09-07 09:03:38,788 [8aaa379b-76d2-401e-9e9b-5f71144f2a0c-groupManagement] INFO  server.RaftServerConfigKeys (ConfUtils.java:logGet(46)) - raft.server.log.corruption.policy = EXCEPTION (default)
2023-09-07 09:03:38,788 [8aaa379b-76d2-401e-9e9b-5f71144f2a0c-groupManagement] INFO  server.RaftServerConfigKeys (ConfUtils.java:logGet(46)) - raft.server.storage.free-space.min = 0MB (=0) (default)
2023-09-07 09:03:38,788 [8aaa379b-76d2-401e-9e9b-5f71144f2a0c-groupManagement] INFO  server.RaftServerConfigKeys (ConfUtils.java:logGet(46)) - raft.server.notification.no-leader.timeout = 300s (custom)
2023-09-07 09:03:38,788 [8aaa379b-76d2-401e-9e9b-5f71144f2a0c-groupManagement] INFO  server.RaftServerConfigKeys (ConfUtils.java:logGet(46)) - raft.server.read.timeout = 10s (default)
2023-09-07 09:03:38,788 [8aaa379b-76d2-401e-9e9b-5f71144f2a0c-groupManagement] INFO  server.RaftServerConfigKeys (ConfUtils.java:logGet(46)) - raft.server.retrycache.expirytime = 600000ms (custom)
2023-09-07 09:03:38,788 [8aaa379b-76d2-401e-9e9b-5f71144f2a0c-groupManagement] INFO  server.RaftServerConfigKeys (ConfUtils.java:logGet(46)) - raft.server.retrycache.statistics.expirytime = 100μs (default)
2023-09-07 09:03:38,789 [8aaa379b-76d2-401e-9e9b-5f71144f2a0c-groupManagement] INFO  server.RaftServerConfigKeys (ConfUtils.java:logGet(46)) - raft.server.read.option = DEFAULT (default)
2023-09-07 09:03:38,784 [125b6ccd-ab10-424e-ac54-cb3b86c02134-groupManagement] INFO  storage.RaftStorageDirectory (RaftStorageDirectoryImpl.java:tryLock(231)) - Lock on /home/runner/work/ozone/ozone/hadoop-ozone/integration-test/target/test-dir/MiniOzoneClusterImpl-9da26bb3-9e9b-4d78-afbb-0d838bea1ada/datanode-0/data/ratis/4ae2c880-1070-4148-9b0d-1f48da4a8ca8/in_use.lock acquired by nodename 19819@fv-az200-880
2023-09-07 09:03:38,794 [8aaa379b-76d2-401e-9e9b-5f71144f2a0c-groupManagement] INFO  server.RaftServerConfigKeys (ConfUtils.java:logGet(46)) - raft.server.rpc.request.timeout = 60s (custom)
2023-09-07 09:03:38,794 [125b6ccd-ab10-424e-ac54-cb3b86c02134-groupManagement] INFO  storage.RaftStorage (RaftStorageImpl.java:format(96)) - Storage directory /home/runner/work/ozone/ozone/hadoop-ozone/integration-test/target/test-dir/MiniOzoneClusterImpl-9da26bb3-9e9b-4d78-afbb-0d838bea1ada/datanode-0/data/ratis/4ae2c880-1070-4148-9b0d-1f48da4a8ca8 has been successfully formatted.
2023-09-07 09:03:38,794 [8aaa379b-76d2-401e-9e9b-5f71144f2a0c-groupManagement] INFO  server.RaftServerConfigKeys (ConfUtils.java:logGet(46)) - raft.server.log.appender.install.snapshot.enabled = false (custom)
2023-09-07 09:03:38,795 [8aaa379b-76d2-401e-9e9b-5f71144f2a0c-groupManagement] INFO  server.RaftServerConfigKeys (ConfUtils.java:logGet(46)) - raft.server.threadpool.server.cached = true (default)
2023-09-07 09:03:38,795 [8aaa379b-76d2-401e-9e9b-5f71144f2a0c-groupManagement] INFO  server.RaftServerConfigKeys (ConfUtils.java:logGet(46)) - raft.server.threadpool.server.size = 0 (default)
2023-09-07 09:03:38,795 [8aaa379b-76d2-401e-9e9b-5f71144f2a0c-groupManagement] INFO  server.RaftServerConfigKeys (ConfUtils.java:logGet(46)) - raft.server.threadpool.client.cached = true (default)
2023-09-07 09:03:38,795 [8aaa379b-76d2-401e-9e9b-5f71144f2a0c-groupManagement] INFO  server.RaftServerConfigKeys (ConfUtils.java:logGet(46)) - raft.server.threadpool.client.size = 0 (default)
2023-09-07 09:03:38,795 [8aaa379b-76d2-401e-9e9b-5f71144f2a0c-groupManagement] INFO  storage.RaftStorageDirectory (RaftStorageDirectoryImpl.java:analyzeStorage(137)) - The storage directory /home/runner/work/ozone/ozone/hadoop-ozone/integration-test/target/test-dir/MiniOzoneClusterImpl-9da26bb3-9e9b-4d78-afbb-0d838bea1ada/datanode-1/data/ratis/4ae2c880-1070-4148-9b0d-1f48da4a8ca8 does not exist. Creating ...
2023-09-07 09:03:38,799 [8aaa379b-76d2-401e-9e9b-5f71144f2a0c-groupManagement] INFO  storage.RaftStorageDirectory (RaftStorageDirectoryImpl.java:tryLock(231)) - Lock on /home/runner/work/ozone/ozone/hadoop-ozone/integration-test/target/test-dir/MiniOzoneClusterImpl-9da26bb3-9e9b-4d78-afbb-0d838bea1ada/datanode-1/data/ratis/4ae2c880-1070-4148-9b0d-1f48da4a8ca8/in_use.lock acquired by nodename 19819@fv-az200-880
2023-09-07 09:03:38,800 [125b6ccd-ab10-424e-ac54-cb3b86c02134-groupManagement] INFO  ratis.ContainerStateMachine (ContainerStateMachine.java:loadSnapshot(262)) - group-1F48DA4A8CA8: The snapshot info is null. Setting the last applied indexto:(t:0, i:~)
2023-09-07 09:03:38,801 [125b6ccd-ab10-424e-ac54-cb3b86c02134-groupManagement] INFO  server.RaftServerConfigKeys (ConfUtils.java:logGet(46)) - raft.server.log.use.memory = false (default)
2023-09-07 09:03:38,801 [125b6ccd-ab10-424e-ac54-cb3b86c02134-groupManagement] INFO  server.RaftServerConfigKeys (ConfUtils.java:logGet(46)) - raft.server.log.purge.gap = 1000000 (custom)
2023-09-07 09:03:38,804 [125b6ccd-ab10-424e-ac54-cb3b86c02134-groupManagement] INFO  server.RaftServerConfigKeys (ConfUtils.java:logGet(46)) - raft.server.log.appender.buffer.byte-limit = 33554432 (custom)
2023-09-07 09:03:38,804 [125b6ccd-ab10-424e-ac54-cb3b86c02134-groupManagement] INFO  server.RaftServerConfigKeys (ConfUtils.java:logGet(46)) - raft.server.log.statemachine.data.read.timeout = 1000ms (default)
2023-09-07 09:03:38,805 [125b6ccd-ab10-424e-ac54-cb3b86c02134-groupManagement] INFO  server.RaftServerConfigKeys (ConfUtils.java:logGet(46)) - raft.server.log.purge.preservation.log.num = 0 (default)
2023-09-07 09:03:38,809 [125b6ccd-ab10-424e-ac54-cb3b86c02134-groupManagement] INFO  server.RaftServerConfigKeys (ConfUtils.java:logGet(46)) - raft.server.log.segment.size.max = 1048576 (custom)
2023-09-07 09:03:38,810 [125b6ccd-ab10-424e-ac54-cb3b86c02134-groupManagement] INFO  server.RaftServerConfigKeys (ConfUtils.java:logGet(46)) - raft.server.log.segment.cache.num.max = 2 (custom)
2023-09-07 09:03:38,810 [125b6ccd-ab10-424e-ac54-cb3b86c02134-groupManagement] INFO  server.RaftServerConfigKeys (ConfUtils.java:logGet(46)) - raft.server.log.segment.cache.size.max = 200MB (=209715200) (default)
2023-09-07 09:03:38,801 [8aaa379b-76d2-401e-9e9b-5f71144f2a0c-groupManagement] INFO  storage.RaftStorage (RaftStorageImpl.java:format(96)) - Storage directory /home/runner/work/ozone/ozone/hadoop-ozone/integration-test/target/test-dir/MiniOzoneClusterImpl-9da26bb3-9e9b-4d78-afbb-0d838bea1ada/datanode-1/data/ratis/4ae2c880-1070-4148-9b0d-1f48da4a8ca8 has been successfully formatted.
2023-09-07 09:03:38,811 [8aaa379b-76d2-401e-9e9b-5f71144f2a0c-groupManagement] INFO  ratis.ContainerStateMachine (ContainerStateMachine.java:loadSnapshot(262)) - group-1F48DA4A8CA8: The snapshot info is null. Setting the last applied indexto:(t:0, i:~)
2023-09-07 09:03:38,811 [8aaa379b-76d2-401e-9e9b-5f71144f2a0c-groupManagement] INFO  server.RaftServerConfigKeys (ConfUtils.java:logGet(46)) - raft.server.log.use.memory = false (default)
2023-09-07 09:03:38,808 [EventQueue-OpenPipelineForHealthyPipelineSafeModeRule] INFO  safemode.SCMSafeModeManager (HealthyPipelineSafeModeRule.java:process(137)) - SCM in safe mode. Healthy pipelines reported count is 0, required healthy pipeline reported count is 1
2023-09-07 09:03:38,808 [EventQueue-PipelineReportForReconPipelineReportHandler] INFO  scm.ReconPipelineReportHandler (ReconPipelineReportHandler.java:processPipelineReport(103)) - Pipeline RATIS/THREE PipelineID=a2d281d2-730c-4a02-9c2e-ca4ce5b48592 reported by 125b6ccd-ab10-424e-ac54-cb3b86c02134(fv-az200-880.axauvrbo4geuti20fntxkzjnxf.dx.internal.cloudapp.net/10.1.0.77)
2023-09-07 09:03:38,812 [EventQueue-PipelineReportForReconPipelineReportHandler] INFO  scm.ReconPipelineReportHandler (ReconPipelineReportHandler.java:processPipelineReport(103)) - Pipeline RATIS/THREE PipelineID=4ae2c880-1070-4148-9b0d-1f48da4a8ca8 reported by 125b6ccd-ab10-424e-ac54-cb3b86c02134(fv-az200-880.axauvrbo4geuti20fntxkzjnxf.dx.internal.cloudapp.net/10.1.0.77)
2023-09-07 09:03:38,813 [8aaa379b-76d2-401e-9e9b-5f71144f2a0c-groupManagement] INFO  server.RaftServerConfigKeys (ConfUtils.java:logGet(46)) - raft.server.log.purge.gap = 1000000 (custom)
2023-09-07 09:03:38,813 [8aaa379b-76d2-401e-9e9b-5f71144f2a0c-groupManagement] INFO  server.RaftServerConfigKeys (ConfUtils.java:logGet(46)) - raft.server.log.appender.buffer.byte-limit = 33554432 (custom)
2023-09-07 09:03:38,813 [8aaa379b-76d2-401e-9e9b-5f71144f2a0c-groupManagement] INFO  server.RaftServerConfigKeys (ConfUtils.java:logGet(46)) - raft.server.log.statemachine.data.read.timeout = 1000ms (default)
2023-09-07 09:03:38,813 [8aaa379b-76d2-401e-9e9b-5f71144f2a0c-groupManagement] INFO  server.RaftServerConfigKeys (ConfUtils.java:logGet(46)) - raft.server.log.purge.preservation.log.num = 0 (default)
2023-09-07 09:03:38,813 [8aaa379b-76d2-401e-9e9b-5f71144f2a0c-groupManagement] INFO  server.RaftServerConfigKeys (ConfUtils.java:logGet(46)) - raft.server.log.segment.size.max = 1048576 (custom)
2023-09-07 09:03:38,814 [EventQueue-PipelineReportForReconPipelineReportHandler] INFO  scm.ReconPipelineReportHandler (ReconPipelineReportHandler.java:processPipelineReport(103)) - Pipeline RATIS/THREE PipelineID=a2d281d2-730c-4a02-9c2e-ca4ce5b48592 reported by 8aaa379b-76d2-401e-9e9b-5f71144f2a0c(fv-az200-880.axauvrbo4geuti20fntxkzjnxf.dx.internal.cloudapp.net/10.1.0.77)
2023-09-07 09:03:38,814 [EventQueue-PipelineReportForReconPipelineReportHandler] INFO  scm.ReconPipelineReportHandler (ReconPipelineReportHandler.java:processPipelineReport(103)) - Pipeline RATIS/THREE PipelineID=4ae2c880-1070-4148-9b0d-1f48da4a8ca8 reported by 8aaa379b-76d2-401e-9e9b-5f71144f2a0c(fv-az200-880.axauvrbo4geuti20fntxkzjnxf.dx.internal.cloudapp.net/10.1.0.77)
2023-09-07 09:03:38,814 [EventQueue-OpenPipelineForHealthyPipelineSafeModeRule] INFO  safemode.SCMSafeModeManager (HealthyPipelineSafeModeRule.java:process(137)) - SCM in safe mode. Healthy pipelines reported count is 0, required healthy pipeline reported count is 1
2023-09-07 09:03:38,815 [8aaa379b-76d2-401e-9e9b-5f71144f2a0c-groupManagement] INFO  server.RaftServerConfigKeys (ConfUtils.java:logGet(46)) - raft.server.log.segment.cache.num.max = 2 (custom)
2023-09-07 09:03:38,815 [8aaa379b-76d2-401e-9e9b-5f71144f2a0c-groupManagement] INFO  server.RaftServerConfigKeys (ConfUtils.java:logGet(46)) - raft.server.log.segment.cache.size.max = 200MB (=209715200) (default)
2023-09-07 09:03:38,815 [8aaa379b-76d2-401e-9e9b-5f71144f2a0c-groupManagement] INFO  server.RaftServerConfigKeys (ConfUtils.java:logGet(46)) - raft.server.log.appender.buffer.byte-limit = 33554432 (custom)
2023-09-07 09:03:38,815 [125b6ccd-ab10-424e-ac54-cb3b86c02134-groupManagement] INFO  server.RaftServerConfigKeys (ConfUtils.java:logGet(46)) - raft.server.log.appender.buffer.byte-limit = 33554432 (custom)
2023-09-07 09:03:38,816 [125b6ccd-ab10-424e-ac54-cb3b86c02134-groupManagement] INFO  segmented.SegmentedRaftLogWorker (SegmentedRaftLogWorker.java:<init>(188)) - new 125b6ccd-ab10-424e-ac54-cb3b86c02134@group-1F48DA4A8CA8-SegmentedRaftLogWorker for RaftStorageImpl:Storage Directory /home/runner/work/ozone/ozone/hadoop-ozone/integration-test/target/test-dir/MiniOzoneClusterImpl-9da26bb3-9e9b-4d78-afbb-0d838bea1ada/datanode-0/data/ratis/4ae2c880-1070-4148-9b0d-1f48da4a8ca8
2023-09-07 09:03:38,816 [125b6ccd-ab10-424e-ac54-cb3b86c02134-groupManagement] INFO  server.RaftServerConfigKeys (ConfUtils.java:logGet(46)) - raft.server.log.queue.byte-limit = 4294967296 (custom)
2023-09-07 09:03:38,816 [125b6ccd-ab10-424e-ac54-cb3b86c02134-groupManagement] INFO  server.RaftServerConfigKeys (ConfUtils.java:logGet(46)) - raft.server.log.queue.element-limit = 1024 (custom)
2023-09-07 09:03:38,816 [125b6ccd-ab10-424e-ac54-cb3b86c02134-groupManagement] INFO  server.RaftServerConfigKeys (ConfUtils.java:logGet(46)) - raft.server.log.segment.size.max = 1048576 (custom)
2023-09-07 09:03:38,816 [125b6ccd-ab10-424e-ac54-cb3b86c02134-groupManagement] INFO  server.RaftServerConfigKeys (ConfUtils.java:logGet(46)) - raft.server.log.preallocated.size = 16384 (custom)
2023-09-07 09:03:38,816 [125b6ccd-ab10-424e-ac54-cb3b86c02134-groupManagement] INFO  server.RaftServerConfigKeys (ConfUtils.java:logGet(46)) - raft.server.log.force.sync.num = 128 (default)
2023-09-07 09:03:38,816 [125b6ccd-ab10-424e-ac54-cb3b86c02134-groupManagement] INFO  server.RaftServerConfigKeys (ConfUtils.java:logGet(46)) - raft.server.log.statemachine.data.sync = true (default)
2023-09-07 09:03:38,816 [125b6ccd-ab10-424e-ac54-cb3b86c02134-groupManagement] INFO  server.RaftServerConfigKeys (ConfUtils.java:logGet(46)) - raft.server.log.statemachine.data.sync.timeout = 10s (default)
2023-09-07 09:03:38,816 [125b6ccd-ab10-424e-ac54-cb3b86c02134-groupManagement] INFO  server.RaftServerConfigKeys (ConfUtils.java:logGet(46)) - raft.server.log.statemachine.data.sync.timeout.retry = -1 (default)
2023-09-07 09:03:38,817 [8aaa379b-76d2-401e-9e9b-5f71144f2a0c-groupManagement] INFO  segmented.SegmentedRaftLogWorker (SegmentedRaftLogWorker.java:<init>(188)) - new 8aaa379b-76d2-401e-9e9b-5f71144f2a0c@group-1F48DA4A8CA8-SegmentedRaftLogWorker for RaftStorageImpl:Storage Directory /home/runner/work/ozone/ozone/hadoop-ozone/integration-test/target/test-dir/MiniOzoneClusterImpl-9da26bb3-9e9b-4d78-afbb-0d838bea1ada/datanode-1/data/ratis/4ae2c880-1070-4148-9b0d-1f48da4a8ca8
2023-09-07 09:03:38,818 [8aaa379b-76d2-401e-9e9b-5f71144f2a0c-groupManagement] INFO  server.RaftServerConfigKeys (ConfUtils.java:logGet(46)) - raft.server.log.queue.byte-limit = 4294967296 (custom)
2023-09-07 09:03:38,818 [8aaa379b-76d2-401e-9e9b-5f71144f2a0c-groupManagement] INFO  server.RaftServerConfigKeys (ConfUtils.java:logGet(46)) - raft.server.log.queue.element-limit = 1024 (custom)
2023-09-07 09:03:38,818 [8aaa379b-76d2-401e-9e9b-5f71144f2a0c-groupManagement] INFO  server.RaftServerConfigKeys (ConfUtils.java:logGet(46)) - raft.server.log.segment.size.max = 1048576 (custom)
2023-09-07 09:03:38,818 [125b6ccd-ab10-424e-ac54-cb3b86c02134-groupManagement] INFO  server.RaftServerConfigKeys (ConfUtils.java:logGet(46)) - raft.server.log.write.buffer.size = 1048576 (custom)
2023-09-07 09:03:38,819 [8aaa379b-76d2-401e-9e9b-5f71144f2a0c-groupManagement] INFO  server.RaftServerConfigKeys (ConfUtils.java:logGet(46)) - raft.server.log.preallocated.size = 16384 (custom)
2023-09-07 09:03:38,821 [8aaa379b-76d2-401e-9e9b-5f71144f2a0c-groupManagement] INFO  server.RaftServerConfigKeys (ConfUtils.java:logGet(46)) - raft.server.log.force.sync.num = 128 (default)
2023-09-07 09:03:38,821 [8aaa379b-76d2-401e-9e9b-5f71144f2a0c-groupManagement] INFO  server.RaftServerConfigKeys (ConfUtils.java:logGet(46)) - raft.server.log.statemachine.data.sync = true (default)
2023-09-07 09:03:38,821 [8aaa379b-76d2-401e-9e9b-5f71144f2a0c-groupManagement] INFO  server.RaftServerConfigKeys (ConfUtils.java:logGet(46)) - raft.server.log.statemachine.data.sync.timeout = 10s (default)
2023-09-07 09:03:38,821 [8aaa379b-76d2-401e-9e9b-5f71144f2a0c-groupManagement] INFO  server.RaftServerConfigKeys (ConfUtils.java:logGet(46)) - raft.server.log.statemachine.data.sync.timeout.retry = -1 (default)
2023-09-07 09:03:38,822 [8aaa379b-76d2-401e-9e9b-5f71144f2a0c-groupManagement] INFO  server.RaftServerConfigKeys (ConfUtils.java:logGet(46)) - raft.server.log.write.buffer.size = 1048576 (custom)
2023-09-07 09:03:38,823 [8aaa379b-76d2-401e-9e9b-5f71144f2a0c-groupManagement] INFO  server.RaftServerConfigKeys (ConfUtils.java:logGet(46)) - raft.server.log.appender.buffer.byte-limit = 33554432 (custom)
2023-09-07 09:03:38,825 [125b6ccd-ab10-424e-ac54-cb3b86c02134-groupManagement] INFO  server.RaftServerConfigKeys (ConfUtils.java:logGet(46)) - raft.server.log.appender.buffer.byte-limit = 33554432 (custom)
2023-09-07 09:03:38,843 [125b6ccd-ab10-424e-ac54-cb3b86c02134-groupManagement] INFO  server.RaftServerConfigKeys (ConfUtils.java:logGet(46)) - raft.server.log.unsafe-flush.enabled = false (default)
2023-09-07 09:03:38,844 [125b6ccd-ab10-424e-ac54-cb3b86c02134-groupManagement] INFO  server.RaftServerConfigKeys (ConfUtils.java:logGet(46)) - raft.server.log.async-flush.enabled = false (default)
2023-09-07 09:03:38,844 [125b6ccd-ab10-424e-ac54-cb3b86c02134-groupManagement] INFO  server.RaftServerConfigKeys (ConfUtils.java:logGet(46)) - raft.server.log.statemachine.data.caching.enabled = true (custom)
2023-09-07 09:03:38,844 [125b6ccd-ab10-424e-ac54-cb3b86c02134-groupManagement] INFO  segmented.SegmentedRaftLogWorker (SegmentedRaftLogWorker.java:lambda$new$0(135)) - 125b6ccd-ab10-424e-ac54-cb3b86c02134@group-1F48DA4A8CA8-SegmentedRaftLogWorker: flushIndex: setUnconditionally 0 -> -1
2023-09-07 09:03:38,844 [125b6ccd-ab10-424e-ac54-cb3b86c02134-groupManagement] INFO  segmented.SegmentedRaftLogWorker (SegmentedRaftLogWorker.java:lambda$new$0(135)) - 125b6ccd-ab10-424e-ac54-cb3b86c02134@group-1F48DA4A8CA8-SegmentedRaftLogWorker: safeCacheEvictIndex: setUnconditionally 0 -> -1
2023-09-07 09:03:38,843 [8aaa379b-76d2-401e-9e9b-5f71144f2a0c-groupManagement] INFO  server.RaftServerConfigKeys (ConfUtils.java:logGet(46)) - raft.server.log.unsafe-flush.enabled = false (default)
2023-09-07 09:03:38,845 [8aaa379b-76d2-401e-9e9b-5f71144f2a0c-groupManagement] INFO  server.RaftServerConfigKeys (ConfUtils.java:logGet(46)) - raft.server.log.async-flush.enabled = false (default)
2023-09-07 09:03:38,845 [8aaa379b-76d2-401e-9e9b-5f71144f2a0c-groupManagement] INFO  server.RaftServerConfigKeys (ConfUtils.java:logGet(46)) - raft.server.log.statemachine.data.caching.enabled = true (custom)
2023-09-07 09:03:38,845 [8aaa379b-76d2-401e-9e9b-5f71144f2a0c-groupManagement] INFO  segmented.SegmentedRaftLogWorker (SegmentedRaftLogWorker.java:lambda$new$0(135)) - 8aaa379b-76d2-401e-9e9b-5f71144f2a0c@group-1F48DA4A8CA8-SegmentedRaftLogWorker: flushIndex: setUnconditionally 0 -> -1
2023-09-07 09:03:38,845 [8aaa379b-76d2-401e-9e9b-5f71144f2a0c-groupManagement] INFO  segmented.SegmentedRaftLogWorker (SegmentedRaftLogWorker.java:lambda$new$0(135)) - 8aaa379b-76d2-401e-9e9b-5f71144f2a0c@group-1F48DA4A8CA8-SegmentedRaftLogWorker: safeCacheEvictIndex: setUnconditionally 0 -> -1
2023-09-07 09:03:38,851 [125b6ccd-ab10-424e-ac54-cb3b86c02134-groupManagement] INFO  server.RaftServer$Division (RaftServerImpl.java:start(342)) - 125b6ccd-ab10-424e-ac54-cb3b86c02134@group-1F48DA4A8CA8: start as a follower, conf=-1: peers:[8aaa379b-76d2-401e-9e9b-5f71144f2a0c|rpc:10.1.0.77:15025|admin:10.1.0.77:15024|client:10.1.0.77:15023|dataStream:10.1.0.77:15026|priority:1|startupRole:FOLLOWER, 125b6ccd-ab10-424e-ac54-cb3b86c02134|rpc:10.1.0.77:15016|admin:10.1.0.77:15015|client:10.1.0.77:15014|dataStream:10.1.0.77:15017|priority:0|startupRole:FOLLOWER, e4211b8b-b648-43cb-96ad-95a5188c1410|rpc:10.1.0.77:15034|admin:10.1.0.77:15033|client:10.1.0.77:15032|dataStream:10.1.0.77:15035|priority:0|startupRole:FOLLOWER]|listeners:[], old=null
2023-09-07 09:03:38,851 [125b6ccd-ab10-424e-ac54-cb3b86c02134-groupManagement] INFO  server.RaftServer$Division (RaftServerImpl.java:setRole(329)) - 125b6ccd-ab10-424e-ac54-cb3b86c02134@group-1F48DA4A8CA8: changes role from      null to FOLLOWER at term 0 for startAsFollower
2023-09-07 09:03:38,852 [125b6ccd-ab10-424e-ac54-cb3b86c02134-groupManagement] INFO  impl.RoleInfo (RoleInfo.java:updateAndGet(139)) - 125b6ccd-ab10-424e-ac54-cb3b86c02134: start 125b6ccd-ab10-424e-ac54-cb3b86c02134@group-1F48DA4A8CA8-FollowerState
2023-09-07 09:03:38,852 [125b6ccd-ab10-424e-ac54-cb3b86c02134-groupManagement] INFO  util.JmxRegister (JmxRegister.java:tryRegister(44)) - Successfully registered JMX Bean with object name Ratis:service=RaftServer,group=group-1F48DA4A8CA8,id=125b6ccd-ab10-424e-ac54-cb3b86c02134
2023-09-07 09:03:38,852 [125b6ccd-ab10-424e-ac54-cb3b86c02134-groupManagement] INFO  server.RaftServerConfigKeys (ConfUtils.java:logGet(46)) - raft.server.snapshot.auto.trigger.enabled = true (custom)
2023-09-07 09:03:38,852 [125b6ccd-ab10-424e-ac54-cb3b86c02134-groupManagement] INFO  server.RaftServerConfigKeys (ConfUtils.java:logGet(46)) - raft.server.snapshot.auto.trigger.threshold = 10000 (custom)
2023-09-07 09:03:38,852 [125b6ccd-ab10-424e-ac54-cb3b86c02134-groupManagement] INFO  server.RaftServerConfigKeys (ConfUtils.java:logGet(46)) - raft.server.snapshot.retention.file.num = 5 (custom)
2023-09-07 09:03:38,852 [125b6ccd-ab10-424e-ac54-cb3b86c02134-groupManagement] INFO  server.RaftServerConfigKeys (ConfUtils.java:logGet(46)) - raft.server.log.purge.upto.snapshot.index = false (default)
2023-09-07 09:03:38,853 [125b6ccd-ab10-424e-ac54-cb3b86c02134@group-1F48DA4A8CA8-FollowerState] INFO  server.RaftServerConfigKeys (ConfUtils.java:logFallback(53)) - raft.server.rpc.first-election.timeout.min = 5s (fallback to raft.server.rpc.timeout.min)
2023-09-07 09:03:38,857 [125b6ccd-ab10-424e-ac54-cb3b86c02134@group-1F48DA4A8CA8-FollowerState] INFO  server.RaftServerConfigKeys (ConfUtils.java:logFallback(53)) - raft.server.rpc.first-election.timeout.max = 5200ms (fallback to raft.server.rpc.timeout.max)
2023-09-07 09:03:38,866 [8aaa379b-76d2-401e-9e9b-5f71144f2a0c-groupManagement] INFO  server.RaftServer$Division (RaftServerImpl.java:start(342)) - 8aaa379b-76d2-401e-9e9b-5f71144f2a0c@group-1F48DA4A8CA8: start as a follower, conf=-1: peers:[8aaa379b-76d2-401e-9e9b-5f71144f2a0c|rpc:10.1.0.77:15025|admin:10.1.0.77:15024|client:10.1.0.77:15023|dataStream:10.1.0.77:15026|priority:1|startupRole:FOLLOWER, 125b6ccd-ab10-424e-ac54-cb3b86c02134|rpc:10.1.0.77:15016|admin:10.1.0.77:15015|client:10.1.0.77:15014|dataStream:10.1.0.77:15017|priority:0|startupRole:FOLLOWER, e4211b8b-b648-43cb-96ad-95a5188c1410|rpc:10.1.0.77:15034|admin:10.1.0.77:15033|client:10.1.0.77:15032|dataStream:10.1.0.77:15035|priority:0|startupRole:FOLLOWER]|listeners:[], old=null
2023-09-07 09:03:38,866 [8aaa379b-76d2-401e-9e9b-5f71144f2a0c-groupManagement] INFO  server.RaftServer$Division (RaftServerImpl.java:setRole(329)) - 8aaa379b-76d2-401e-9e9b-5f71144f2a0c@group-1F48DA4A8CA8: changes role from      null to FOLLOWER at term 0 for startAsFollower
2023-09-07 09:03:38,866 [8aaa379b-76d2-401e-9e9b-5f71144f2a0c-groupManagement] INFO  impl.RoleInfo (RoleInfo.java:updateAndGet(139)) - 8aaa379b-76d2-401e-9e9b-5f71144f2a0c: start 8aaa379b-76d2-401e-9e9b-5f71144f2a0c@group-1F48DA4A8CA8-FollowerState
2023-09-07 09:03:38,866 [8aaa379b-76d2-401e-9e9b-5f71144f2a0c-groupManagement] INFO  util.JmxRegister (JmxRegister.java:tryRegister(44)) - Successfully registered JMX Bean with object name Ratis:service=RaftServer,group=group-1F48DA4A8CA8,id=8aaa379b-76d2-401e-9e9b-5f71144f2a0c
2023-09-07 09:03:38,866 [8aaa379b-76d2-401e-9e9b-5f71144f2a0c-groupManagement] INFO  server.RaftServerConfigKeys (ConfUtils.java:logGet(46)) - raft.server.snapshot.auto.trigger.enabled = true (custom)
2023-09-07 09:03:38,866 [8aaa379b-76d2-401e-9e9b-5f71144f2a0c-groupManagement] INFO  server.RaftServerConfigKeys (ConfUtils.java:logGet(46)) - raft.server.snapshot.auto.trigger.threshold = 10000 (custom)
2023-09-07 09:03:38,867 [8aaa379b-76d2-401e-9e9b-5f71144f2a0c-groupManagement] INFO  server.RaftServerConfigKeys (ConfUtils.java:logGet(46)) - raft.server.snapshot.retention.file.num = 5 (custom)
2023-09-07 09:03:38,867 [8aaa379b-76d2-401e-9e9b-5f71144f2a0c-groupManagement] INFO  server.RaftServerConfigKeys (ConfUtils.java:logGet(46)) - raft.server.log.purge.upto.snapshot.index = false (default)
2023-09-07 09:03:38,867 [8aaa379b-76d2-401e-9e9b-5f71144f2a0c@group-1F48DA4A8CA8-FollowerState] INFO  server.RaftServerConfigKeys (ConfUtils.java:logFallback(53)) - raft.server.rpc.first-election.timeout.min = 5s (fallback to raft.server.rpc.timeout.min)
2023-09-07 09:03:38,872 [PipelineCommandHandlerThread-0] INFO  ratis.XceiverServerRatis (XceiverServerRatis.java:addGroup(804)) - Created group PipelineID=4ae2c880-1070-4148-9b0d-1f48da4a8ca8
2023-09-07 09:03:38,868 [PipelineCommandHandlerThread-0] INFO  ratis.XceiverServerRatis (XceiverServerRatis.java:addGroup(804)) - Created group PipelineID=4ae2c880-1070-4148-9b0d-1f48da4a8ca8
2023-09-07 09:03:38,886 [8aaa379b-76d2-401e-9e9b-5f71144f2a0c@group-1F48DA4A8CA8-FollowerState] INFO  server.RaftServerConfigKeys (ConfUtils.java:logFallback(53)) - raft.server.rpc.first-election.timeout.max = 5200ms (fallback to raft.server.rpc.timeout.max)
2023-09-07 09:03:38,957 [PipelineCommandHandlerThread-0] INFO  commandhandler.CreatePipelineCommandHandler (CreatePipelineCommandHandler.java:lambda$handle$2(124)) - Created Pipeline RATIS THREE PipelineID=4ae2c880-1070-4148-9b0d-1f48da4a8ca8.
2023-09-07 09:03:39,033 [PipelineCommandHandlerThread-0] INFO  commandhandler.CreatePipelineCommandHandler (CreatePipelineCommandHandler.java:lambda$handle$2(124)) - Created Pipeline RATIS THREE PipelineID=4ae2c880-1070-4148-9b0d-1f48da4a8ca8.
2023-09-07 09:03:39,048 [PipelineCommandHandlerThread-0] INFO  commandhandler.CreatePipelineCommandHandler (CreatePipelineCommandHandler.java:lambda$handle$2(124)) - Created Pipeline RATIS THREE PipelineID=4ae2c880-1070-4148-9b0d-1f48da4a8ca8.
2023-09-07 09:03:39,066 [main] INFO  ozone.MiniOzoneClusterImpl (MiniOzoneClusterImpl.java:lambda$waitForClusterToBeReady$0(224)) - Nodes are ready. Got 3 of 3 DN Heartbeats.
2023-09-07 09:03:39,067 [main] INFO  ozone.MiniOzoneClusterImpl (MiniOzoneClusterImpl.java:lambda$waitForClusterToBeReady$0(227)) - Waiting for cluster to exit safe mode
2023-09-07 09:03:39,067 [main] INFO  ozone.MiniOzoneClusterImpl (MiniOzoneClusterImpl.java:lambda$waitForClusterToBeReady$0(229)) - SCM became leader
2023-09-07 09:03:40,067 [main] INFO  ozone.MiniOzoneClusterImpl (MiniOzoneClusterImpl.java:lambda$waitForClusterToBeReady$0(224)) - Nodes are ready. Got 3 of 3 DN Heartbeats.
2023-09-07 09:03:40,068 [main] INFO  ozone.MiniOzoneClusterImpl (MiniOzoneClusterImpl.java:lambda$waitForClusterToBeReady$0(227)) - Waiting for cluster to exit safe mode
2023-09-07 09:03:40,068 [main] INFO  ozone.MiniOzoneClusterImpl (MiniOzoneClusterImpl.java:lambda$waitForClusterToBeReady$0(229)) - SCM became leader
2023-09-07 09:03:41,068 [main] INFO  ozone.MiniOzoneClusterImpl (MiniOzoneClusterImpl.java:lambda$waitForClusterToBeReady$0(224)) - Nodes are ready. Got 3 of 3 DN Heartbeats.
2023-09-07 09:03:41,069 [main] INFO  ozone.MiniOzoneClusterImpl (MiniOzoneClusterImpl.java:lambda$waitForClusterToBeReady$0(227)) - Waiting for cluster to exit safe mode
2023-09-07 09:03:41,069 [main] INFO  ozone.MiniOzoneClusterImpl (MiniOzoneClusterImpl.java:lambda$waitForClusterToBeReady$0(229)) - SCM became leader
2023-09-07 09:03:42,069 [main] INFO  ozone.MiniOzoneClusterImpl (MiniOzoneClusterImpl.java:lambda$waitForClusterToBeReady$0(224)) - Nodes are ready. Got 3 of 3 DN Heartbeats.
2023-09-07 09:03:42,070 [main] INFO  ozone.MiniOzoneClusterImpl (MiniOzoneClusterImpl.java:lambda$waitForClusterToBeReady$0(227)) - Waiting for cluster to exit safe mode
2023-09-07 09:03:42,070 [main] INFO  ozone.MiniOzoneClusterImpl (MiniOzoneClusterImpl.java:lambda$waitForClusterToBeReady$0(229)) - SCM became leader
2023-09-07 09:03:42,340 [125b6ccd-ab10-424e-ac54-cb3b86c02134@group-490E43B3EBB9-FollowerState] INFO  impl.FollowerState (FollowerState.java:run(143)) - 125b6ccd-ab10-424e-ac54-cb3b86c02134@group-490E43B3EBB9-FollowerState: change to CANDIDATE, lastRpcElapsedTime:5039647999ns, electionTimeout:5031ms
2023-09-07 09:03:42,340 [125b6ccd-ab10-424e-ac54-cb3b86c02134@group-490E43B3EBB9-FollowerState] INFO  impl.RoleInfo (RoleInfo.java:shutdownFollowerState(110)) - 125b6ccd-ab10-424e-ac54-cb3b86c02134: shutdown 125b6ccd-ab10-424e-ac54-cb3b86c02134@group-490E43B3EBB9-FollowerState
2023-09-07 09:03:42,341 [125b6ccd-ab10-424e-ac54-cb3b86c02134@group-490E43B3EBB9-FollowerState] INFO  server.RaftServer$Division (RaftServerImpl.java:setRole(329)) - 125b6ccd-ab10-424e-ac54-cb3b86c02134@group-490E43B3EBB9: changes role from  FOLLOWER to CANDIDATE at term 0 for changeToCandidate
2023-09-07 09:03:42,342 [125b6ccd-ab10-424e-ac54-cb3b86c02134@group-490E43B3EBB9-FollowerState] INFO  server.RaftServerConfigKeys (ConfUtils.java:logGet(46)) - raft.server.leaderelection.pre-vote = true (default)
2023-09-07 09:03:42,342 [125b6ccd-ab10-424e-ac54-cb3b86c02134@group-490E43B3EBB9-FollowerState] INFO  impl.RoleInfo (RoleInfo.java:updateAndGet(139)) - 125b6ccd-ab10-424e-ac54-cb3b86c02134: start 125b6ccd-ab10-424e-ac54-cb3b86c02134@group-490E43B3EBB9-LeaderElection2
2023-09-07 09:03:42,347 [125b6ccd-ab10-424e-ac54-cb3b86c02134@group-490E43B3EBB9-LeaderElection2] INFO  impl.LeaderElection (LeaderElection.java:askForVotes(321)) - 125b6ccd-ab10-424e-ac54-cb3b86c02134@group-490E43B3EBB9-LeaderElection2 PRE_VOTE round 0: submit vote requests at term 0 for -1: peers:[125b6ccd-ab10-424e-ac54-cb3b86c02134|rpc:10.1.0.77:15016|admin:10.1.0.77:15015|client:10.1.0.77:15014|dataStream:10.1.0.77:15017|priority:1|startupRole:FOLLOWER]|listeners:[], old=null
2023-09-07 09:03:42,347 [125b6ccd-ab10-424e-ac54-cb3b86c02134@group-490E43B3EBB9-LeaderElection2] INFO  impl.LeaderElection (LeaderElection.java:askForVotes(323)) - 125b6ccd-ab10-424e-ac54-cb3b86c02134@group-490E43B3EBB9-LeaderElection2 PRE_VOTE round 0: result PASSED (term=0)
2023-09-07 09:03:42,349 [125b6ccd-ab10-424e-ac54-cb3b86c02134@group-490E43B3EBB9-LeaderElection2] INFO  impl.LeaderElection (LeaderElection.java:askForVotes(321)) - 125b6ccd-ab10-424e-ac54-cb3b86c02134@group-490E43B3EBB9-LeaderElection2 ELECTION round 0: submit vote requests at term 1 for -1: peers:[125b6ccd-ab10-424e-ac54-cb3b86c02134|rpc:10.1.0.77:15016|admin:10.1.0.77:15015|client:10.1.0.77:15014|dataStream:10.1.0.77:15017|priority:1|startupRole:FOLLOWER]|listeners:[], old=null
2023-09-07 09:03:42,349 [125b6ccd-ab10-424e-ac54-cb3b86c02134@group-490E43B3EBB9-LeaderElection2] INFO  impl.LeaderElection (LeaderElection.java:askForVotes(323)) - 125b6ccd-ab10-424e-ac54-cb3b86c02134@group-490E43B3EBB9-LeaderElection2 ELECTION round 0: result PASSED (term=1)
2023-09-07 09:03:42,349 [125b6ccd-ab10-424e-ac54-cb3b86c02134@group-490E43B3EBB9-LeaderElection2] INFO  impl.RoleInfo (RoleInfo.java:shutdownLeaderElection(130)) - 125b6ccd-ab10-424e-ac54-cb3b86c02134: shutdown 125b6ccd-ab10-424e-ac54-cb3b86c02134@group-490E43B3EBB9-LeaderElection2
2023-09-07 09:03:42,349 [125b6ccd-ab10-424e-ac54-cb3b86c02134@group-490E43B3EBB9-LeaderElection2] INFO  server.RaftServer$Division (RaftServerImpl.java:setRole(329)) - 125b6ccd-ab10-424e-ac54-cb3b86c02134@group-490E43B3EBB9: changes role from CANDIDATE to LEADER at term 1 for changeToLeader
2023-09-07 09:03:42,349 [125b6ccd-ab10-424e-ac54-cb3b86c02134@group-490E43B3EBB9-LeaderElection2] INFO  ratis.XceiverServerRatis (XceiverServerRatis.java:handleLeaderChangedNotification(902)) - Leader change notification received for group: group-490E43B3EBB9 with new leaderId: 125b6ccd-ab10-424e-ac54-cb3b86c02134
2023-09-07 09:03:42,352 [EventQueue-PipelineReportForReconPipelineReportHandler] INFO  scm.ReconPipelineReportHandler (ReconPipelineReportHandler.java:processPipelineReport(103)) - Pipeline RATIS/THREE PipelineID=a2d281d2-730c-4a02-9c2e-ca4ce5b48592 reported by 125b6ccd-ab10-424e-ac54-cb3b86c02134(fv-az200-880.axauvrbo4geuti20fntxkzjnxf.dx.internal.cloudapp.net/10.1.0.77)
2023-09-07 09:03:42,352 [125b6ccd-ab10-424e-ac54-cb3b86c02134@group-490E43B3EBB9-LeaderElection2] INFO  server.RaftServer$Division (ServerState.java:setLeader(317)) - 125b6ccd-ab10-424e-ac54-cb3b86c02134@group-490E43B3EBB9: change Leader from null to 125b6ccd-ab10-424e-ac54-cb3b86c02134 at term 1 for becomeLeader, leader elected after 5092ms
2023-09-07 09:03:42,352 [EventQueue-PipelineReportForReconPipelineReportHandler] INFO  scm.ReconPipelineReportHandler (ReconPipelineReportHandler.java:processPipelineReport(103)) - Pipeline RATIS/THREE PipelineID=4ae2c880-1070-4148-9b0d-1f48da4a8ca8 reported by 125b6ccd-ab10-424e-ac54-cb3b86c02134(fv-az200-880.axauvrbo4geuti20fntxkzjnxf.dx.internal.cloudapp.net/10.1.0.77)
2023-09-07 09:03:42,352 [125b6ccd-ab10-424e-ac54-cb3b86c02134@group-490E43B3EBB9-LeaderElection2] INFO  server.RaftServerConfigKeys (ConfUtils.java:logGet(46)) - raft.server.staging.catchup.gap = 1000 (default)
2023-09-07 09:03:42,353 [EventQueue-OpenPipelineForHealthyPipelineSafeModeRule] INFO  safemode.SCMSafeModeManager (HealthyPipelineSafeModeRule.java:process(137)) - SCM in safe mode. Healthy pipelines reported count is 0, required healthy pipeline reported count is 1
2023-09-07 09:03:42,353 [125b6ccd-ab10-424e-ac54-cb3b86c02134@group-490E43B3EBB9-LeaderElection2] INFO  server.RaftServerConfigKeys (ConfUtils.java:logGet(46)) - raft.server.write.element-limit = 1024 (custom)
2023-09-07 09:03:42,353 [125b6ccd-ab10-424e-ac54-cb3b86c02134@group-490E43B3EBB9-LeaderElection2] INFO  server.RaftServerConfigKeys (ConfUtils.java:logGet(46)) - raft.server.write.byte-limit = 1024 M (=1073741824) (custom)
2023-09-07 09:03:42,353 [125b6ccd-ab10-424e-ac54-cb3b86c02134@group-490E43B3EBB9-LeaderElection2] INFO  server.RaftServerConfigKeys (ConfUtils.java:logGet(46)) - raft.server.watch.timeout = 180s (custom)
2023-09-07 09:03:42,353 [125b6ccd-ab10-424e-ac54-cb3b86c02134@group-490E43B3EBB9-LeaderElection2] INFO  server.RaftServerConfigKeys (ConfUtils.java:logGet(46)) - raft.server.watch.timeout.denomination = 1s (default)
2023-09-07 09:03:42,353 [125b6ccd-ab10-424e-ac54-cb3b86c02134@group-490E43B3EBB9-LeaderElection2] INFO  server.RaftServerConfigKeys (ConfUtils.java:logGet(46)) - raft.server.watch.element-limit = 65536 (default)
2023-09-07 09:03:42,353 [125b6ccd-ab10-424e-ac54-cb3b86c02134@group-490E43B3EBB9-LeaderElection2] INFO  server.RaftServerConfigKeys (ConfUtils.java:logGet(46)) - raft.server.write.element-limit = 1024 (custom)
2023-09-07 09:03:42,354 [125b6ccd-ab10-424e-ac54-cb3b86c02134@group-490E43B3EBB9-LeaderElection2] INFO  server.RaftServerConfigKeys (ConfUtils.java:logGet(46)) - raft.server.write.follower.gap.ratio.max = -1.0 (default)
2023-09-07 09:03:42,354 [125b6ccd-ab10-424e-ac54-cb3b86c02134@group-490E43B3EBB9-LeaderElection2] INFO  impl.RoleInfo (RoleInfo.java:updateAndGet(139)) - 125b6ccd-ab10-424e-ac54-cb3b86c02134: start 125b6ccd-ab10-424e-ac54-cb3b86c02134@group-490E43B3EBB9-LeaderStateImpl
2023-09-07 09:03:42,354 [125b6ccd-ab10-424e-ac54-cb3b86c02134@group-490E43B3EBB9-LeaderElection2] INFO  segmented.SegmentedRaftLogWorker (SegmentedRaftLogWorker.java:startLogSegment(447)) - 125b6ccd-ab10-424e-ac54-cb3b86c02134@group-490E43B3EBB9-SegmentedRaftLogWorker: Starting segment from index:0
2023-09-07 09:03:42,356 [125b6ccd-ab10-424e-ac54-cb3b86c02134@group-490E43B3EBB9-SegmentedRaftLogWorker] INFO  segmented.SegmentedRaftLogWorker (SegmentedRaftLogWorker.java:execute(651)) - 125b6ccd-ab10-424e-ac54-cb3b86c02134@group-490E43B3EBB9-SegmentedRaftLogWorker: created new log segment /home/runner/work/ozone/ozone/hadoop-ozone/integration-test/target/test-dir/MiniOzoneClusterImpl-9da26bb3-9e9b-4d78-afbb-0d838bea1ada/datanode-0/data/ratis/cbfcf735-d192-4fef-a2ad-490e43b3ebb9/current/log_inprogress_0
2023-09-07 09:03:42,362 [125b6ccd-ab10-424e-ac54-cb3b86c02134@group-490E43B3EBB9-LeaderElection2] INFO  server.RaftServer$Division (ServerState.java:setRaftConf(434)) - 125b6ccd-ab10-424e-ac54-cb3b86c02134@group-490E43B3EBB9: set configuration 0: peers:[125b6ccd-ab10-424e-ac54-cb3b86c02134|rpc:10.1.0.77:15016|admin:10.1.0.77:15015|client:10.1.0.77:15014|dataStream:10.1.0.77:15017|priority:1|startupRole:FOLLOWER]|listeners:[], old=null
2023-09-07 09:03:42,521 [125b6ccd-ab10-424e-ac54-cb3b86c02134@group-CA4CE5B48592-FollowerState] INFO  impl.FollowerState (FollowerState.java:run(143)) - 125b6ccd-ab10-424e-ac54-cb3b86c02134@group-CA4CE5B48592-FollowerState: change to CANDIDATE, lastRpcElapsedTime:5150268271ns, electionTimeout:5148ms
2023-09-07 09:03:42,522 [125b6ccd-ab10-424e-ac54-cb3b86c02134@group-CA4CE5B48592-FollowerState] INFO  impl.RoleInfo (RoleInfo.java:shutdownFollowerState(110)) - 125b6ccd-ab10-424e-ac54-cb3b86c02134: shutdown 125b6ccd-ab10-424e-ac54-cb3b86c02134@group-CA4CE5B48592-FollowerState
2023-09-07 09:03:42,522 [125b6ccd-ab10-424e-ac54-cb3b86c02134@group-CA4CE5B48592-FollowerState] INFO  server.RaftServer$Division (RaftServerImpl.java:setRole(329)) - 125b6ccd-ab10-424e-ac54-cb3b86c02134@group-CA4CE5B48592: changes role from  FOLLOWER to CANDIDATE at term 0 for changeToCandidate
2023-09-07 09:03:42,525 [125b6ccd-ab10-424e-ac54-cb3b86c02134@group-CA4CE5B48592-FollowerState] INFO  server.RaftServerConfigKeys (ConfUtils.java:logGet(46)) - raft.server.leaderelection.pre-vote = true (default)
2023-09-07 09:03:42,525 [125b6ccd-ab10-424e-ac54-cb3b86c02134@group-CA4CE5B48592-FollowerState] INFO  impl.RoleInfo (RoleInfo.java:updateAndGet(139)) - 125b6ccd-ab10-424e-ac54-cb3b86c02134: start 125b6ccd-ab10-424e-ac54-cb3b86c02134@group-CA4CE5B48592-LeaderElection3
2023-09-07 09:03:42,528 [125b6ccd-ab10-424e-ac54-cb3b86c02134@group-CA4CE5B48592-LeaderElection3] INFO  impl.LeaderElection (LeaderElection.java:askForVotes(321)) - 125b6ccd-ab10-424e-ac54-cb3b86c02134@group-CA4CE5B48592-LeaderElection3 PRE_VOTE round 0: submit vote requests at term 0 for -1: peers:[8aaa379b-76d2-401e-9e9b-5f71144f2a0c|rpc:10.1.0.77:15025|admin:10.1.0.77:15024|client:10.1.0.77:15023|dataStream:10.1.0.77:15026|priority:0|startupRole:FOLLOWER, 125b6ccd-ab10-424e-ac54-cb3b86c02134|rpc:10.1.0.77:15016|admin:10.1.0.77:15015|client:10.1.0.77:15014|dataStream:10.1.0.77:15017|priority:1|startupRole:FOLLOWER, e4211b8b-b648-43cb-96ad-95a5188c1410|rpc:10.1.0.77:15034|admin:10.1.0.77:15033|client:10.1.0.77:15032|dataStream:10.1.0.77:15035|priority:0|startupRole:FOLLOWER]|listeners:[], old=null
2023-09-07 09:03:42,536 [125b6ccd-ab10-424e-ac54-cb3b86c02134@group-CA4CE5B48592-LeaderElection3] INFO  server.RaftServerConfigKeys (ConfUtils.java:logFallback(53)) - raft.server.rpc.first-election.timeout.min = 5s (fallback to raft.server.rpc.timeout.min)
2023-09-07 09:03:42,536 [125b6ccd-ab10-424e-ac54-cb3b86c02134@group-CA4CE5B48592-LeaderElection3] INFO  server.RaftServerConfigKeys (ConfUtils.java:logFallback(53)) - raft.server.rpc.first-election.timeout.max = 5200ms (fallback to raft.server.rpc.timeout.max)
2023-09-07 09:03:42,539 [125b6ccd-ab10-424e-ac54-cb3b86c02134@group-CA4CE5B48592-LeaderElection3-1] INFO  server.GrpcServerProtocolClient (GrpcServerProtocolClient.java:<init>(65)) - Build channel for 8aaa379b-76d2-401e-9e9b-5f71144f2a0c
2023-09-07 09:03:42,541 [125b6ccd-ab10-424e-ac54-cb3b86c02134@group-CA4CE5B48592-LeaderElection3-2] INFO  server.GrpcServerProtocolClient (GrpcServerProtocolClient.java:<init>(65)) - Build channel for e4211b8b-b648-43cb-96ad-95a5188c1410
2023-09-07 09:03:42,572 [grpc-default-executor-0] INFO  server.RaftServer$Division (RaftServerImpl.java:requestVote(1302)) - 8aaa379b-76d2-401e-9e9b-5f71144f2a0c@group-CA4CE5B48592: receive requestVote(PRE_VOTE, 125b6ccd-ab10-424e-ac54-cb3b86c02134, group-CA4CE5B48592, 0, (t:0, i:0))
2023-09-07 09:03:42,576 [grpc-default-executor-0] INFO  impl.VoteContext (VoteContext.java:log(49)) - 8aaa379b-76d2-401e-9e9b-5f71144f2a0c@group-CA4CE5B48592-FOLLOWER: accept PRE_VOTE from 125b6ccd-ab10-424e-ac54-cb3b86c02134: our priority 0 <= candidate's priority 1
2023-09-07 09:03:42,581 [grpc-default-executor-1] INFO  server.RaftServer$Division (RaftServerImpl.java:requestVote(1302)) - e4211b8b-b648-43cb-96ad-95a5188c1410@group-CA4CE5B48592: receive requestVote(PRE_VOTE, 125b6ccd-ab10-424e-ac54-cb3b86c02134, group-CA4CE5B48592, 0, (t:0, i:0))
2023-09-07 09:03:42,581 [grpc-default-executor-1] INFO  impl.VoteContext (VoteContext.java:log(49)) - e4211b8b-b648-43cb-96ad-95a5188c1410@group-CA4CE5B48592-FOLLOWER: accept PRE_VOTE from 125b6ccd-ab10-424e-ac54-cb3b86c02134: our priority 0 <= candidate's priority 1
2023-09-07 09:03:42,584 [grpc-default-executor-1] INFO  server.RaftServer$Division (RaftServerImpl.java:requestVote(1335)) - e4211b8b-b648-43cb-96ad-95a5188c1410@group-CA4CE5B48592 replies to PRE_VOTE vote request: 125b6ccd-ab10-424e-ac54-cb3b86c02134<-e4211b8b-b648-43cb-96ad-95a5188c1410#0:OK-t0. Peer's state: e4211b8b-b648-43cb-96ad-95a5188c1410@group-CA4CE5B48592:t0, leader=null, voted=, raftlog=Memoized:e4211b8b-b648-43cb-96ad-95a5188c1410@group-CA4CE5B48592-SegmentedRaftLog:OPENED:c-1, conf=-1: peers:[8aaa379b-76d2-401e-9e9b-5f71144f2a0c|rpc:10.1.0.77:15025|admin:10.1.0.77:15024|client:10.1.0.77:15023|dataStream:10.1.0.77:15026|priority:0|startupRole:FOLLOWER, 125b6ccd-ab10-424e-ac54-cb3b86c02134|rpc:10.1.0.77:15016|admin:10.1.0.77:15015|client:10.1.0.77:15014|dataStream:10.1.0.77:15017|priority:1|startupRole:FOLLOWER, e4211b8b-b648-43cb-96ad-95a5188c1410|rpc:10.1.0.77:15034|admin:10.1.0.77:15033|client:10.1.0.77:15032|dataStream:10.1.0.77:15035|priority:0|startupRole:FOLLOWER]|listeners:[], old=null
2023-09-07 09:03:42,586 [grpc-default-executor-0] INFO  server.RaftServer$Division (RaftServerImpl.java:requestVote(1335)) - 8aaa379b-76d2-401e-9e9b-5f71144f2a0c@group-CA4CE5B48592 replies to PRE_VOTE vote request: 125b6ccd-ab10-424e-ac54-cb3b86c02134<-8aaa379b-76d2-401e-9e9b-5f71144f2a0c#0:OK-t0. Peer's state: 8aaa379b-76d2-401e-9e9b-5f71144f2a0c@group-CA4CE5B48592:t0, leader=null, voted=, raftlog=Memoized:8aaa379b-76d2-401e-9e9b-5f71144f2a0c@group-CA4CE5B48592-SegmentedRaftLog:OPENED:c-1, conf=-1: peers:[8aaa379b-76d2-401e-9e9b-5f71144f2a0c|rpc:10.1.0.77:15025|admin:10.1.0.77:15024|client:10.1.0.77:15023|dataStream:10.1.0.77:15026|priority:0|startupRole:FOLLOWER, 125b6ccd-ab10-424e-ac54-cb3b86c02134|rpc:10.1.0.77:15016|admin:10.1.0.77:15015|client:10.1.0.77:15014|dataStream:10.1.0.77:15017|priority:1|startupRole:FOLLOWER, e4211b8b-b648-43cb-96ad-95a5188c1410|rpc:10.1.0.77:15034|admin:10.1.0.77:15033|client:10.1.0.77:15032|dataStream:10.1.0.77:15035|priority:0|startupRole:FOLLOWER]|listeners:[], old=null
2023-09-07 09:03:42,589 [125b6ccd-ab10-424e-ac54-cb3b86c02134@group-CA4CE5B48592-LeaderElection3] INFO  impl.LeaderElection (LeaderElection.java:logAndReturn(90)) - 125b6ccd-ab10-424e-ac54-cb3b86c02134@group-CA4CE5B48592-LeaderElection3: PRE_VOTE PASSED received 1 response(s) and 0 exception(s):
2023-09-07 09:03:42,590 [125b6ccd-ab10-424e-ac54-cb3b86c02134@group-CA4CE5B48592-LeaderElection3] INFO  impl.LeaderElection (LeaderElection.java:logAndReturn(94)) -   Response 0: 125b6ccd-ab10-424e-ac54-cb3b86c02134<-e4211b8b-b648-43cb-96ad-95a5188c1410#0:OK-t0
2023-09-07 09:03:42,590 [125b6ccd-ab10-424e-ac54-cb3b86c02134@group-CA4CE5B48592-LeaderElection3] INFO  impl.LeaderElection (LeaderElection.java:askForVotes(323)) - 125b6ccd-ab10-424e-ac54-cb3b86c02134@group-CA4CE5B48592-LeaderElection3 PRE_VOTE round 0: result PASSED
2023-09-07 09:03:42,592 [125b6ccd-ab10-424e-ac54-cb3b86c02134@group-CA4CE5B48592-LeaderElection3] INFO  impl.LeaderElection (LeaderElection.java:askForVotes(321)) - 125b6ccd-ab10-424e-ac54-cb3b86c02134@group-CA4CE5B48592-LeaderElection3 ELECTION round 0: submit vote requests at term 1 for -1: peers:[8aaa379b-76d2-401e-9e9b-5f71144f2a0c|rpc:10.1.0.77:15025|admin:10.1.0.77:15024|client:10.1.0.77:15023|dataStream:10.1.0.77:15026|priority:0|startupRole:FOLLOWER, 125b6ccd-ab10-424e-ac54-cb3b86c02134|rpc:10.1.0.77:15016|admin:10.1.0.77:15015|client:10.1.0.77:15014|dataStream:10.1.0.77:15017|priority:1|startupRole:FOLLOWER, e4211b8b-b648-43cb-96ad-95a5188c1410|rpc:10.1.0.77:15034|admin:10.1.0.77:15033|client:10.1.0.77:15032|dataStream:10.1.0.77:15035|priority:0|startupRole:FOLLOWER]|listeners:[], old=null
2023-09-07 09:03:42,593 [125b6ccd-ab10-424e-ac54-cb3b86c02134@group-CA4CE5B48592-LeaderElection3] INFO  server.RaftServerConfigKeys (ConfUtils.java:logFallback(53)) - raft.server.rpc.first-election.timeout.min = 5s (fallback to raft.server.rpc.timeout.min)
2023-09-07 09:03:42,593 [125b6ccd-ab10-424e-ac54-cb3b86c02134@group-CA4CE5B48592-LeaderElection3] INFO  server.RaftServerConfigKeys (ConfUtils.java:logFallback(53)) - raft.server.rpc.first-election.timeout.max = 5200ms (fallback to raft.server.rpc.timeout.max)
2023-09-07 09:03:42,605 [grpc-default-executor-0] INFO  server.RaftServer$Division (RaftServerImpl.java:requestVote(1302)) - e4211b8b-b648-43cb-96ad-95a5188c1410@group-CA4CE5B48592: receive requestVote(ELECTION, 125b6ccd-ab10-424e-ac54-cb3b86c02134, group-CA4CE5B48592, 1, (t:0, i:0))
2023-09-07 09:03:42,606 [grpc-default-executor-1] INFO  server.RaftServer$Division (RaftServerImpl.java:requestVote(1302)) - 8aaa379b-76d2-401e-9e9b-5f71144f2a0c@group-CA4CE5B48592: receive requestVote(ELECTION, 125b6ccd-ab10-424e-ac54-cb3b86c02134, group-CA4CE5B48592, 1, (t:0, i:0))
2023-09-07 09:03:42,607 [grpc-default-executor-0] INFO  impl.VoteContext (VoteContext.java:log(49)) - e4211b8b-b648-43cb-96ad-95a5188c1410@group-CA4CE5B48592-FOLLOWER: accept ELECTION from 125b6ccd-ab10-424e-ac54-cb3b86c02134: our priority 0 <= candidate's priority 1
2023-09-07 09:03:42,613 [grpc-default-executor-1] INFO  impl.VoteContext (VoteContext.java:log(49)) - 8aaa379b-76d2-401e-9e9b-5f71144f2a0c@group-CA4CE5B48592-FOLLOWER: accept ELECTION from 125b6ccd-ab10-424e-ac54-cb3b86c02134: our priority 0 <= candidate's priority 1
2023-09-07 09:03:42,615 [grpc-default-executor-1] INFO  server.RaftServer$Division (RaftServerImpl.java:setRole(329)) - 8aaa379b-76d2-401e-9e9b-5f71144f2a0c@group-CA4CE5B48592: changes role from  FOLLOWER to FOLLOWER at term 1 for candidate:125b6ccd-ab10-424e-ac54-cb3b86c02134
2023-09-07 09:03:42,615 [grpc-default-executor-1] INFO  impl.RoleInfo (RoleInfo.java:shutdownFollowerState(110)) - 8aaa379b-76d2-401e-9e9b-5f71144f2a0c: shutdown 8aaa379b-76d2-401e-9e9b-5f71144f2a0c@group-CA4CE5B48592-FollowerState
2023-09-07 09:03:42,616 [grpc-default-executor-1] INFO  impl.RoleInfo (RoleInfo.java:updateAndGet(139)) - 8aaa379b-76d2-401e-9e9b-5f71144f2a0c: start 8aaa379b-76d2-401e-9e9b-5f71144f2a0c@group-CA4CE5B48592-FollowerState
2023-09-07 09:03:42,616 [8aaa379b-76d2-401e-9e9b-5f71144f2a0c@group-CA4CE5B48592-FollowerState] INFO  impl.FollowerState (FollowerState.java:run(152)) - 8aaa379b-76d2-401e-9e9b-5f71144f2a0c@group-CA4CE5B48592-FollowerState was interrupted
2023-09-07 09:03:42,619 [grpc-default-executor-1] INFO  server.RaftServer$Division (RaftServerImpl.java:requestVote(1335)) - 8aaa379b-76d2-401e-9e9b-5f71144f2a0c@group-CA4CE5B48592 replies to ELECTION vote request: 125b6ccd-ab10-424e-ac54-cb3b86c02134<-8aaa379b-76d2-401e-9e9b-5f71144f2a0c#0:OK-t1. Peer's state: 8aaa379b-76d2-401e-9e9b-5f71144f2a0c@group-CA4CE5B48592:t1, leader=null, voted=125b6ccd-ab10-424e-ac54-cb3b86c02134, raftlog=Memoized:8aaa379b-76d2-401e-9e9b-5f71144f2a0c@group-CA4CE5B48592-SegmentedRaftLog:OPENED:c-1, conf=-1: peers:[8aaa379b-76d2-401e-9e9b-5f71144f2a0c|rpc:10.1.0.77:15025|admin:10.1.0.77:15024|client:10.1.0.77:15023|dataStream:10.1.0.77:15026|priority:0|startupRole:FOLLOWER, 125b6ccd-ab10-424e-ac54-cb3b86c02134|rpc:10.1.0.77:15016|admin:10.1.0.77:15015|client:10.1.0.77:15014|dataStream:10.1.0.77:15017|priority:1|startupRole:FOLLOWER, e4211b8b-b648-43cb-96ad-95a5188c1410|rpc:10.1.0.77:15034|admin:10.1.0.77:15033|client:10.1.0.77:15032|dataStream:10.1.0.77:15035|priority:0|startupRole:FOLLOWER]|listeners:[], old=null
2023-09-07 09:03:42,622 [grpc-default-executor-0] INFO  server.RaftServer$Division (RaftServerImpl.java:setRole(329)) - e4211b8b-b648-43cb-96ad-95a5188c1410@group-CA4CE5B48592: changes role from  FOLLOWER to FOLLOWER at term 1 for candidate:125b6ccd-ab10-424e-ac54-cb3b86c02134
2023-09-07 09:03:42,623 [grpc-default-executor-0] INFO  impl.RoleInfo (RoleInfo.java:shutdownFollowerState(110)) - e4211b8b-b648-43cb-96ad-95a5188c1410: shutdown e4211b8b-b648-43cb-96ad-95a5188c1410@group-CA4CE5B48592-FollowerState
2023-09-07 09:03:42,623 [grpc-default-executor-0] INFO  impl.RoleInfo (RoleInfo.java:updateAndGet(139)) - e4211b8b-b648-43cb-96ad-95a5188c1410: start e4211b8b-b648-43cb-96ad-95a5188c1410@group-CA4CE5B48592-FollowerState
2023-09-07 09:03:42,623 [e4211b8b-b648-43cb-96ad-95a5188c1410@group-CA4CE5B48592-FollowerState] INFO  impl.FollowerState (FollowerState.java:run(152)) - e4211b8b-b648-43cb-96ad-95a5188c1410@group-CA4CE5B48592-FollowerState was interrupted
2023-09-07 09:03:42,635 [125b6ccd-ab10-424e-ac54-cb3b86c02134@group-CA4CE5B48592-LeaderElection3] INFO  impl.LeaderElection (LeaderElection.java:logAndReturn(90)) - 125b6ccd-ab10-424e-ac54-cb3b86c02134@group-CA4CE5B48592-LeaderElection3: ELECTION PASSED received 1 response(s) and 0 exception(s):
2023-09-07 09:03:42,638 [125b6ccd-ab10-424e-ac54-cb3b86c02134@group-CA4CE5B48592-LeaderElection3] INFO  impl.LeaderElection (LeaderElection.java:logAndReturn(94)) -   Response 0: 125b6ccd-ab10-424e-ac54-cb3b86c02134<-8aaa379b-76d2-401e-9e9b-5f71144f2a0c#0:OK-t1
2023-09-07 09:03:42,638 [125b6ccd-ab10-424e-ac54-cb3b86c02134@group-CA4CE5B48592-LeaderElection3] INFO  impl.LeaderElection (LeaderElection.java:askForVotes(323)) - 125b6ccd-ab10-424e-ac54-cb3b86c02134@group-CA4CE5B48592-LeaderElection3 ELECTION round 0: result PASSED
2023-09-07 09:03:42,639 [125b6ccd-ab10-424e-ac54-cb3b86c02134@group-CA4CE5B48592-LeaderElection3] INFO  impl.RoleInfo (RoleInfo.java:shutdownLeaderElection(130)) - 125b6ccd-ab10-424e-ac54-cb3b86c02134: shutdown 125b6ccd-ab10-424e-ac54-cb3b86c02134@group-CA4CE5B48592-LeaderElection3
2023-09-07 09:03:42,639 [125b6ccd-ab10-424e-ac54-cb3b86c02134@group-CA4CE5B48592-LeaderElection3] INFO  server.RaftServer$Division (RaftServerImpl.java:setRole(329)) - 125b6ccd-ab10-424e-ac54-cb3b86c02134@group-CA4CE5B48592: changes role from CANDIDATE to LEADER at term 1 for changeToLeader
2023-09-07 09:03:42,639 [125b6ccd-ab10-424e-ac54-cb3b86c02134@group-CA4CE5B48592-LeaderElection3] INFO  ratis.XceiverServerRatis (XceiverServerRatis.java:handleLeaderChangedNotification(902)) - Leader change notification received for group: group-CA4CE5B48592 with new leaderId: 125b6ccd-ab10-424e-ac54-cb3b86c02134
2023-09-07 09:03:42,640 [125b6ccd-ab10-424e-ac54-cb3b86c02134@group-CA4CE5B48592-LeaderElection3] INFO  server.RaftServer$Division (ServerState.java:setLeader(317)) - 125b6ccd-ab10-424e-ac54-cb3b86c02134@group-CA4CE5B48592: change Leader from null to 125b6ccd-ab10-424e-ac54-cb3b86c02134 at term 1 for becomeLeader, leader elected after 5300ms
2023-09-07 09:03:42,640 [125b6ccd-ab10-424e-ac54-cb3b86c02134@group-CA4CE5B48592-LeaderElection3] INFO  server.RaftServerConfigKeys (ConfUtils.java:logGet(46)) - raft.server.staging.catchup.gap = 1000 (default)
2023-09-07 09:03:42,640 [125b6ccd-ab10-424e-ac54-cb3b86c02134@group-CA4CE5B48592-LeaderElection3] INFO  server.RaftServerConfigKeys (ConfUtils.java:logGet(46)) - raft.server.write.element-limit = 1024 (custom)
2023-09-07 09:03:42,640 [125b6ccd-ab10-424e-ac54-cb3b86c02134@group-CA4CE5B48592-LeaderElection3] INFO  server.RaftServerConfigKeys (ConfUtils.java:logGet(46)) - raft.server.write.byte-limit = 1024 M (=1073741824) (custom)
2023-09-07 09:03:42,641 [125b6ccd-ab10-424e-ac54-cb3b86c02134@group-CA4CE5B48592-LeaderElection3] INFO  server.RaftServerConfigKeys (ConfUtils.java:logGet(46)) - raft.server.watch.timeout = 180s (custom)
2023-09-07 09:03:42,641 [125b6ccd-ab10-424e-ac54-cb3b86c02134@group-CA4CE5B48592-LeaderElection3] INFO  server.RaftServerConfigKeys (ConfUtils.java:logGet(46)) - raft.server.watch.timeout.denomination = 1s (default)
2023-09-07 09:03:42,641 [125b6ccd-ab10-424e-ac54-cb3b86c02134@group-CA4CE5B48592-LeaderElection3] INFO  server.RaftServerConfigKeys (ConfUtils.java:logGet(46)) - raft.server.watch.element-limit = 65536 (default)
2023-09-07 09:03:42,641 [125b6ccd-ab10-424e-ac54-cb3b86c02134@group-CA4CE5B48592-LeaderElection3] INFO  server.RaftServerConfigKeys (ConfUtils.java:logGet(46)) - raft.server.write.element-limit = 1024 (custom)
2023-09-07 09:03:42,641 [125b6ccd-ab10-424e-ac54-cb3b86c02134@group-CA4CE5B48592-LeaderElection3] INFO  server.RaftServerConfigKeys (ConfUtils.java:logGet(46)) - raft.server.write.follower.gap.ratio.max = -1.0 (default)
2023-09-07 09:03:42,634 [grpc-default-executor-0] INFO  server.RaftServer$Division (RaftServerImpl.java:requestVote(1335)) - e4211b8b-b648-43cb-96ad-95a5188c1410@group-CA4CE5B48592 replies to ELECTION vote request: 125b6ccd-ab10-424e-ac54-cb3b86c02134<-e4211b8b-b648-43cb-96ad-95a5188c1410#0:OK-t1. Peer's state: e4211b8b-b648-43cb-96ad-95a5188c1410@group-CA4CE5B48592:t1, leader=null, voted=125b6ccd-ab10-424e-ac54-cb3b86c02134, raftlog=Memoized:e4211b8b-b648-43cb-96ad-95a5188c1410@group-CA4CE5B48592-SegmentedRaftLog:OPENED:c-1, conf=-1: peers:[8aaa379b-76d2-401e-9e9b-5f71144f2a0c|rpc:10.1.0.77:15025|admin:10.1.0.77:15024|client:10.1.0.77:15023|dataStream:10.1.0.77:15026|priority:0|startupRole:FOLLOWER, 125b6ccd-ab10-424e-ac54-cb3b86c02134|rpc:10.1.0.77:15016|admin:10.1.0.77:15015|client:10.1.0.77:15014|dataStream:10.1.0.77:15017|priority:1|startupRole:FOLLOWER, e4211b8b-b648-43cb-96ad-95a5188c1410|rpc:10.1.0.77:15034|admin:10.1.0.77:15033|client:10.1.0.77:15032|dataStream:10.1.0.77:15035|priority:0|startupRole:FOLLOWER]|listeners:[], old=null
2023-09-07 09:03:42,642 [EventQueue-PipelineReportForReconPipelineReportHandler] INFO  scm.ReconPipelineReportHandler (ReconPipelineReportHandler.java:processPipelineReport(103)) - Pipeline RATIS/THREE PipelineID=a2d281d2-730c-4a02-9c2e-ca4ce5b48592 reported by 125b6ccd-ab10-424e-ac54-cb3b86c02134(fv-az200-880.axauvrbo4geuti20fntxkzjnxf.dx.internal.cloudapp.net/10.1.0.77)
2023-09-07 09:03:42,644 [EventQueue-PipelineReportForReconPipelineReportHandler] INFO  scm.ReconPipelineReportHandler (ReconPipelineReportHandler.java:processPipelineReport(103)) - Pipeline RATIS/THREE PipelineID=4ae2c880-1070-4148-9b0d-1f48da4a8ca8 reported by 125b6ccd-ab10-424e-ac54-cb3b86c02134(fv-az200-880.axauvrbo4geuti20fntxkzjnxf.dx.internal.cloudapp.net/10.1.0.77)
2023-09-07 09:03:42,646 [EventQueue-PipelineReportForPipelineReportHandler] INFO  pipeline.PipelineReportHandler (PipelineReportHandler.java:processPipelineReport(136)) - Opened pipeline PipelineID=a2d281d2-730c-4a02-9c2e-ca4ce5b48592
2023-09-07 09:03:42,650 [EventQueue-OpenPipelineForHealthyPipelineSafeModeRule] INFO  safemode.SCMSafeModeManager (HealthyPipelineSafeModeRule.java:process(137)) - SCM in safe mode. Healthy pipelines reported count is 1, required healthy pipeline reported count is 1
2023-09-07 09:03:42,650 [EventQueue-OpenPipelineForHealthyPipelineSafeModeRule] INFO  safemode.SCMSafeModeManager (SCMSafeModeManager.java:validateSafeModeExitRules(200)) - HealthyPipelineSafeModeRule rule is successfully validated
2023-09-07 09:03:42,650 [EventQueue-OpenPipelineForHealthyPipelineSafeModeRule] INFO  safemode.SCMSafeModeManager (SCMSafeModeManager.java:validateSafeModeExitRules(215)) - ScmSafeModeManager, all rules are successfully validated
2023-09-07 09:03:42,651 [EventQueue-OpenPipelineForHealthyPipelineSafeModeRule] INFO  safemode.SCMSafeModeManager (SCMSafeModeManager.java:exitSafeMode(244)) - SCM exiting safe mode.
2023-09-07 09:03:42,651 [EventQueue-OpenPipelineForHealthyPipelineSafeModeRule] INFO  ha.SCMContext (SCMContext.java:updateSafeModeStatus(228)) - Update SafeModeStatus from SafeModeStatus{safeModeStatus=true, preCheckPassed=true} to SafeModeStatus{safeModeStatus=false, preCheckPassed=true}.
2023-09-07 09:03:42,651 [EventQueue-OpenPipelineForHealthyPipelineSafeModeRule] INFO  pipeline.BackgroundPipelineCreator (BackgroundPipelineCreator.java:notifyStatusChanged(255)) - Service BackgroundPipelineCreator transitions to RUNNING.
2023-09-07 09:03:42,651 [EventQueue-OpenPipelineForHealthyPipelineSafeModeRule] INFO  BackgroundPipelineScrubber (BackgroundSCMService.java:notifyStatusChanged(82)) - Service BackgroundPipelineScrubber transitions to RUNNING.
2023-09-07 09:03:42,651 [EventQueue-OpenPipelineForHealthyPipelineSafeModeRule] INFO  ExpiredContainerReplicaOpScrubber (BackgroundSCMService.java:notifyStatusChanged(82)) - Service ExpiredContainerReplicaOpScrubber transitions to RUNNING.
2023-09-07 09:03:42,651 [EventQueue-OpenPipelineForHealthyPipelineSafeModeRule] INFO  replication.ReplicationManager (ReplicationManager.java:notifyStatusChanged(1370)) - Service ReplicationManager transitions to RUNNING.
2023-09-07 09:03:42,655 [EventQueue-OpenPipelineForHealthyPipelineSafeModeRule] WARN  balancer.ContainerBalancer (ContainerBalancer.java:shouldRun(134)) - Could not find persisted configuration for ContainerBalancer when checking if ContainerBalancer should run. ContainerBalancer should not run now.
2023-09-07 09:03:42,661 [125b6ccd-ab10-424e-ac54-cb3b86c02134@group-CA4CE5B48592-LeaderElection3] INFO  server.RaftServerConfigKeys (ConfUtils.java:logGet(46)) - raft.server.log.appender.snapshot.chunk.size.max = 16MB (=16777216) (default)
2023-09-07 09:03:42,661 [125b6ccd-ab10-424e-ac54-cb3b86c02134@group-CA4CE5B48592-LeaderElection3] INFO  server.RaftServerConfigKeys (ConfUtils.java:logGet(46)) - raft.server.log.appender.buffer.byte-limit = 33554432 (custom)
2023-09-07 09:03:42,662 [125b6ccd-ab10-424e-ac54-cb3b86c02134@group-CA4CE5B48592-LeaderElection3] INFO  server.RaftServerConfigKeys (ConfUtils.java:logGet(46)) - raft.server.log.appender.buffer.element-limit = 1 (custom)
2023-09-07 09:03:42,665 [125b6ccd-ab10-424e-ac54-cb3b86c02134@group-CA4CE5B48592-LeaderElection3] INFO  server.RaftServerConfigKeys (ConfUtils.java:logGet(46)) - raft.server.log.appender.wait-time.min = 10ms (default)
2023-09-07 09:03:42,666 [125b6ccd-ab10-424e-ac54-cb3b86c02134@group-CA4CE5B48592-LeaderElection3] INFO  grpc.GrpcConfigKeys (ConfUtils.java:logGet(46)) - raft.grpc.server.leader.outstanding.appends.max = 128 (default)
2023-09-07 09:03:42,666 [125b6ccd-ab10-424e-ac54-cb3b86c02134@group-CA4CE5B48592-LeaderElection3] INFO  server.RaftServerConfigKeys (ConfUtils.java:logGet(46)) - raft.server.rpc.request.timeout = 60s (custom)
2023-09-07 09:03:42,667 [125b6ccd-ab10-424e-ac54-cb3b86c02134@group-CA4CE5B48592-LeaderElection3] INFO  grpc.GrpcConfigKeys (ConfUtils.java:logGet(46)) - raft.grpc.server.install_snapshot.request.element-limit = 8 (default)
2023-09-07 09:03:42,667 [125b6ccd-ab10-424e-ac54-cb3b86c02134@group-CA4CE5B48592-LeaderElection3] INFO  grpc.GrpcConfigKeys (ConfUtils.java:logGet(46)) - raft.grpc.server.install_snapshot.request.timeout = 3000ms (default)
2023-09-07 09:03:42,667 [125b6ccd-ab10-424e-ac54-cb3b86c02134@group-CA4CE5B48592-LeaderElection3] INFO  server.RaftServerConfigKeys (ConfUtils.java:logGet(46)) - raft.server.log.appender.install.snapshot.enabled = false (custom)
2023-09-07 09:03:42,667 [125b6ccd-ab10-424e-ac54-cb3b86c02134@group-CA4CE5B48592-LeaderElection3] INFO  grpc.GrpcConfigKeys (ConfUtils.java:logGet(46)) - raft.grpc.server.heartbeat.channel = true (default)
2023-09-07 09:03:42,669 [125b6ccd-ab10-424e-ac54-cb3b86c02134@group-CA4CE5B48592-LeaderElection3] INFO  server.RaftServerConfigKeys (ConfUtils.java:logGet(46)) - raft.server.log.appender.snapshot.chunk.size.max = 16MB (=16777216) (default)
2023-09-07 09:03:42,669 [125b6ccd-ab10-424e-ac54-cb3b86c02134@group-CA4CE5B48592-LeaderElection3] INFO  server.RaftServerConfigKeys (ConfUtils.java:logGet(46)) - raft.server.log.appender.buffer.byte-limit = 33554432 (custom)
2023-09-07 09:03:42,670 [125b6ccd-ab10-424e-ac54-cb3b86c02134@group-CA4CE5B48592-LeaderElection3] INFO  server.RaftServerConfigKeys (ConfUtils.java:logGet(46)) - raft.server.log.appender.buffer.element-limit = 1 (custom)
2023-09-07 09:03:42,670 [125b6ccd-ab10-424e-ac54-cb3b86c02134@group-CA4CE5B48592-LeaderElection3] INFO  server.RaftServerConfigKeys (ConfUtils.java:logGet(46)) - raft.server.log.appender.wait-time.min = 10ms (default)
2023-09-07 09:03:42,670 [125b6ccd-ab10-424e-ac54-cb3b86c02134@group-CA4CE5B48592-LeaderElection3] INFO  grpc.GrpcConfigKeys (ConfUtils.java:logGet(46)) - raft.grpc.server.leader.outstanding.appends.max = 128 (default)
2023-09-07 09:03:42,670 [125b6ccd-ab10-424e-ac54-cb3b86c02134@group-CA4CE5B48592-LeaderElection3] INFO  server.RaftServerConfigKeys (ConfUtils.java:logGet(46)) - raft.server.rpc.request.timeout = 60s (custom)
2023-09-07 09:03:42,670 [125b6ccd-ab10-424e-ac54-cb3b86c02134@group-CA4CE5B48592-LeaderElection3] INFO  grpc.GrpcConfigKeys (ConfUtils.java:logGet(46)) - raft.grpc.server.install_snapshot.request.element-limit = 8 (default)
2023-09-07 09:03:42,670 [125b6ccd-ab10-424e-ac54-cb3b86c02134@group-CA4CE5B48592-LeaderElection3] INFO  grpc.GrpcConfigKeys (ConfUtils.java:logGet(46)) - raft.grpc.server.install_snapshot.request.timeout = 3000ms (default)
2023-09-07 09:03:42,670 [125b6ccd-ab10-424e-ac54-cb3b86c02134@group-CA4CE5B48592-LeaderElection3] INFO  server.RaftServerConfigKeys (ConfUtils.java:logGet(46)) - raft.server.log.appender.install.snapshot.enabled = false (custom)
2023-09-07 09:03:42,670 [125b6ccd-ab10-424e-ac54-cb3b86c02134@group-CA4CE5B48592-LeaderElection3] INFO  grpc.GrpcConfigKeys (ConfUtils.java:logGet(46)) - raft.grpc.server.heartbeat.channel = true (default)
2023-09-07 09:03:42,671 [125b6ccd-ab10-424e-ac54-cb3b86c02134@group-CA4CE5B48592-LeaderElection3] INFO  impl.RoleInfo (RoleInfo.java:updateAndGet(139)) - 125b6ccd-ab10-424e-ac54-cb3b86c02134: start 125b6ccd-ab10-424e-ac54-cb3b86c02134@group-CA4CE5B48592-LeaderStateImpl
2023-09-07 09:03:42,672 [125b6ccd-ab10-424e-ac54-cb3b86c02134@group-CA4CE5B48592-LeaderElection3] INFO  segmented.SegmentedRaftLogWorker (SegmentedRaftLogWorker.java:startLogSegment(447)) - 125b6ccd-ab10-424e-ac54-cb3b86c02134@group-CA4CE5B48592-SegmentedRaftLogWorker: Starting segment from index:0
2023-09-07 09:03:42,674 [125b6ccd-ab10-424e-ac54-cb3b86c02134@group-CA4CE5B48592-SegmentedRaftLogWorker] INFO  segmented.SegmentedRaftLogWorker (SegmentedRaftLogWorker.java:execute(651)) - 125b6ccd-ab10-424e-ac54-cb3b86c02134@group-CA4CE5B48592-SegmentedRaftLogWorker: created new log segment /home/runner/work/ozone/ozone/hadoop-ozone/integration-test/target/test-dir/MiniOzoneClusterImpl-9da26bb3-9e9b-4d78-afbb-0d838bea1ada/datanode-0/data/ratis/a2d281d2-730c-4a02-9c2e-ca4ce5b48592/current/log_inprogress_0
2023-09-07 09:03:42,694 [125b6ccd-ab10-424e-ac54-cb3b86c02134@group-CA4CE5B48592-LeaderElection3] INFO  server.RaftServer$Division (ServerState.java:setRaftConf(434)) - 125b6ccd-ab10-424e-ac54-cb3b86c02134@group-CA4CE5B48592: set configuration 0: peers:[8aaa379b-76d2-401e-9e9b-5f71144f2a0c|rpc:10.1.0.77:15025|admin:10.1.0.77:15024|client:10.1.0.77:15023|dataStream:10.1.0.77:15026|priority:0|startupRole:FOLLOWER, 125b6ccd-ab10-424e-ac54-cb3b86c02134|rpc:10.1.0.77:15016|admin:10.1.0.77:15015|client:10.1.0.77:15014|dataStream:10.1.0.77:15017|priority:1|startupRole:FOLLOWER, e4211b8b-b648-43cb-96ad-95a5188c1410|rpc:10.1.0.77:15034|admin:10.1.0.77:15033|client:10.1.0.77:15032|dataStream:10.1.0.77:15035|priority:0|startupRole:FOLLOWER]|listeners:[], old=null
2023-09-07 09:03:42,733 [e4211b8b-b648-43cb-96ad-95a5188c1410-server-thread1] INFO  ratis.XceiverServerRatis (XceiverServerRatis.java:handleLeaderChangedNotification(902)) - Leader change notification received for group: group-CA4CE5B48592 with new leaderId: 125b6ccd-ab10-424e-ac54-cb3b86c02134
2023-09-07 09:03:42,733 [e4211b8b-b648-43cb-96ad-95a5188c1410-server-thread1] INFO  server.RaftServer$Division (ServerState.java:setLeader(317)) - e4211b8b-b648-43cb-96ad-95a5188c1410@group-CA4CE5B48592: change Leader from null to 125b6ccd-ab10-424e-ac54-cb3b86c02134 at term 1 for appendEntries, leader elected after 4725ms
2023-09-07 09:03:42,740 [8aaa379b-76d2-401e-9e9b-5f71144f2a0c-server-thread1] INFO  ratis.XceiverServerRatis (XceiverServerRatis.java:handleLeaderChangedNotification(902)) - Leader change notification received for group: group-CA4CE5B48592 with new leaderId: 125b6ccd-ab10-424e-ac54-cb3b86c02134
2023-09-07 09:03:42,756 [8aaa379b-76d2-401e-9e9b-5f71144f2a0c-server-thread1] INFO  server.RaftServer$Division (ServerState.java:setLeader(317)) - 8aaa379b-76d2-401e-9e9b-5f71144f2a0c@group-CA4CE5B48592: change Leader from null to 125b6ccd-ab10-424e-ac54-cb3b86c02134 at term 1 for appendEntries, leader elected after 4953ms
2023-09-07 09:03:42,762 [8aaa379b-76d2-401e-9e9b-5f71144f2a0c-server-thread2] INFO  server.RaftServer$Division (ServerState.java:setRaftConf(434)) - 8aaa379b-76d2-401e-9e9b-5f71144f2a0c@group-CA4CE5B48592: set configuration 0: peers:[8aaa379b-76d2-401e-9e9b-5f71144f2a0c|rpc:10.1.0.77:15025|admin:10.1.0.77:15024|client:10.1.0.77:15023|dataStream:10.1.0.77:15026|priority:0|startupRole:FOLLOWER, 125b6ccd-ab10-424e-ac54-cb3b86c02134|rpc:10.1.0.77:15016|admin:10.1.0.77:15015|client:10.1.0.77:15014|dataStream:10.1.0.77:15017|priority:1|startupRole:FOLLOWER, e4211b8b-b648-43cb-96ad-95a5188c1410|rpc:10.1.0.77:15034|admin:10.1.0.77:15033|client:10.1.0.77:15032|dataStream:10.1.0.77:15035|priority:0|startupRole:FOLLOWER]|listeners:[], old=null
2023-09-07 09:03:42,762 [8aaa379b-76d2-401e-9e9b-5f71144f2a0c-server-thread2] INFO  segmented.SegmentedRaftLogWorker (SegmentedRaftLogWorker.java:startLogSegment(447)) - 8aaa379b-76d2-401e-9e9b-5f71144f2a0c@group-CA4CE5B48592-SegmentedRaftLogWorker: Starting segment from index:0
2023-09-07 09:03:42,765 [8aaa379b-76d2-401e-9e9b-5f71144f2a0c@group-CA4CE5B48592-SegmentedRaftLogWorker] INFO  segmented.SegmentedRaftLogWorker (SegmentedRaftLogWorker.java:execute(651)) - 8aaa379b-76d2-401e-9e9b-5f71144f2a0c@group-CA4CE5B48592-SegmentedRaftLogWorker: created new log segment /home/runner/work/ozone/ozone/hadoop-ozone/integration-test/target/test-dir/MiniOzoneClusterImpl-9da26bb3-9e9b-4d78-afbb-0d838bea1ada/datanode-1/data/ratis/a2d281d2-730c-4a02-9c2e-ca4ce5b48592/current/log_inprogress_0
2023-09-07 09:03:42,770 [e4211b8b-b648-43cb-96ad-95a5188c1410-server-thread3] INFO  server.RaftServer$Division (ServerState.java:setRaftConf(434)) - e4211b8b-b648-43cb-96ad-95a5188c1410@group-CA4CE5B48592: set configuration 0: peers:[8aaa379b-76d2-401e-9e9b-5f71144f2a0c|rpc:10.1.0.77:15025|admin:10.1.0.77:15024|client:10.1.0.77:15023|dataStream:10.1.0.77:15026|priority:0|startupRole:FOLLOWER, 125b6ccd-ab10-424e-ac54-cb3b86c02134|rpc:10.1.0.77:15016|admin:10.1.0.77:15015|client:10.1.0.77:15014|dataStream:10.1.0.77:15017|priority:1|startupRole:FOLLOWER, e4211b8b-b648-43cb-96ad-95a5188c1410|rpc:10.1.0.77:15034|admin:10.1.0.77:15033|client:10.1.0.77:15032|dataStream:10.1.0.77:15035|priority:0|startupRole:FOLLOWER]|listeners:[], old=null
2023-09-07 09:03:42,770 [e4211b8b-b648-43cb-96ad-95a5188c1410-server-thread3] INFO  segmented.SegmentedRaftLogWorker (SegmentedRaftLogWorker.java:startLogSegment(447)) - e4211b8b-b648-43cb-96ad-95a5188c1410@group-CA4CE5B48592-SegmentedRaftLogWorker: Starting segment from index:0
2023-09-07 09:03:42,772 [e4211b8b-b648-43cb-96ad-95a5188c1410@group-CA4CE5B48592-SegmentedRaftLogWorker] INFO  segmented.SegmentedRaftLogWorker (SegmentedRaftLogWorker.java:execute(651)) - e4211b8b-b648-43cb-96ad-95a5188c1410@group-CA4CE5B48592-SegmentedRaftLogWorker: created new log segment /home/runner/work/ozone/ozone/hadoop-ozone/integration-test/target/test-dir/MiniOzoneClusterImpl-9da26bb3-9e9b-4d78-afbb-0d838bea1ada/datanode-2/data/ratis/a2d281d2-730c-4a02-9c2e-ca4ce5b48592/current/log_inprogress_0
2023-09-07 09:03:42,902 [8aaa379b-76d2-401e-9e9b-5f71144f2a0c@group-CA2191642088-FollowerState] INFO  impl.FollowerState (FollowerState.java:run(143)) - 8aaa379b-76d2-401e-9e9b-5f71144f2a0c@group-CA2191642088-FollowerState: change to CANDIDATE, lastRpcElapsedTime:5142533051ns, electionTimeout:5124ms
2023-09-07 09:03:42,902 [8aaa379b-76d2-401e-9e9b-5f71144f2a0c@group-CA2191642088-FollowerState] INFO  impl.RoleInfo (RoleInfo.java:shutdownFollowerState(110)) - 8aaa379b-76d2-401e-9e9b-5f71144f2a0c: shutdown 8aaa379b-76d2-401e-9e9b-5f71144f2a0c@group-CA2191642088-FollowerState
2023-09-07 09:03:42,903 [8aaa379b-76d2-401e-9e9b-5f71144f2a0c@group-CA2191642088-FollowerState] INFO  server.RaftServer$Division (RaftServerImpl.java:setRole(329)) - 8aaa379b-76d2-401e-9e9b-5f71144f2a0c@group-CA2191642088: changes role from  FOLLOWER to CANDIDATE at term 0 for changeToCandidate
2023-09-07 09:03:42,903 [8aaa379b-76d2-401e-9e9b-5f71144f2a0c@group-CA2191642088-FollowerState] INFO  server.RaftServerConfigKeys (ConfUtils.java:logGet(46)) - raft.server.leaderelection.pre-vote = true (default)
2023-09-07 09:03:42,903 [8aaa379b-76d2-401e-9e9b-5f71144f2a0c@group-CA2191642088-FollowerState] INFO  impl.RoleInfo (RoleInfo.java:updateAndGet(139)) - 8aaa379b-76d2-401e-9e9b-5f71144f2a0c: start 8aaa379b-76d2-401e-9e9b-5f71144f2a0c@group-CA2191642088-LeaderElection4
2023-09-07 09:03:42,906 [8aaa379b-76d2-401e-9e9b-5f71144f2a0c@group-CA2191642088-LeaderElection4] INFO  impl.LeaderElection (LeaderElection.java:askForVotes(321)) - 8aaa379b-76d2-401e-9e9b-5f71144f2a0c@group-CA2191642088-LeaderElection4 PRE_VOTE round 0: submit vote requests at term 0 for -1: peers:[8aaa379b-76d2-401e-9e9b-5f71144f2a0c|rpc:10.1.0.77:15025|admin:10.1.0.77:15024|client:10.1.0.77:15023|dataStream:10.1.0.77:15026|priority:1|startupRole:FOLLOWER]|listeners:[], old=null
2023-09-07 09:03:42,906 [8aaa379b-76d2-401e-9e9b-5f71144f2a0c@group-CA2191642088-LeaderElection4] INFO  impl.LeaderElection (LeaderElection.java:askForVotes(323)) - 8aaa379b-76d2-401e-9e9b-5f71144f2a0c@group-CA2191642088-LeaderElection4 PRE_VOTE round 0: result PASSED (term=0)
2023-09-07 09:03:42,908 [8aaa379b-76d2-401e-9e9b-5f71144f2a0c@group-CA2191642088-LeaderElection4] INFO  impl.LeaderElection (LeaderElection.java:askForVotes(321)) - 8aaa379b-76d2-401e-9e9b-5f71144f2a0c@group-CA2191642088-LeaderElection4 ELECTION round 0: submit vote requests at term 1 for -1: peers:[8aaa379b-76d2-401e-9e9b-5f71144f2a0c|rpc:10.1.0.77:15025|admin:10.1.0.77:15024|client:10.1.0.77:15023|dataStream:10.1.0.77:15026|priority:1|startupRole:FOLLOWER]|listeners:[], old=null
2023-09-07 09:03:42,908 [8aaa379b-76d2-401e-9e9b-5f71144f2a0c@group-CA2191642088-LeaderElection4] INFO  impl.LeaderElection (LeaderElection.java:askForVotes(323)) - 8aaa379b-76d2-401e-9e9b-5f71144f2a0c@group-CA2191642088-LeaderElection4 ELECTION round 0: result PASSED (term=1)
2023-09-07 09:03:42,908 [8aaa379b-76d2-401e-9e9b-5f71144f2a0c@group-CA2191642088-LeaderElection4] INFO  impl.RoleInfo (RoleInfo.java:shutdownLeaderElection(130)) - 8aaa379b-76d2-401e-9e9b-5f71144f2a0c: shutdown 8aaa379b-76d2-401e-9e9b-5f71144f2a0c@group-CA2191642088-LeaderElection4
2023-09-07 09:03:42,908 [8aaa379b-76d2-401e-9e9b-5f71144f2a0c@group-CA2191642088-LeaderElection4] INFO  server.RaftServer$Division (RaftServerImpl.java:setRole(329)) - 8aaa379b-76d2-401e-9e9b-5f71144f2a0c@group-CA2191642088: changes role from CANDIDATE to LEADER at term 1 for changeToLeader
2023-09-07 09:03:42,908 [8aaa379b-76d2-401e-9e9b-5f71144f2a0c@group-CA2191642088-LeaderElection4] INFO  ratis.XceiverServerRatis (XceiverServerRatis.java:handleLeaderChangedNotification(902)) - Leader change notification received for group: group-CA2191642088 with new leaderId: 8aaa379b-76d2-401e-9e9b-5f71144f2a0c
2023-09-07 09:03:42,909 [8aaa379b-76d2-401e-9e9b-5f71144f2a0c@group-CA2191642088-LeaderElection4] INFO  server.RaftServer$Division (ServerState.java:setLeader(317)) - 8aaa379b-76d2-401e-9e9b-5f71144f2a0c@group-CA2191642088: change Leader from null to 8aaa379b-76d2-401e-9e9b-5f71144f2a0c at term 1 for becomeLeader, leader elected after 5207ms
2023-09-07 09:03:42,912 [8aaa379b-76d2-401e-9e9b-5f71144f2a0c@group-CA2191642088-LeaderElection4] INFO  server.RaftServerConfigKeys (ConfUtils.java:logGet(46)) - raft.server.staging.catchup.gap = 1000 (default)
2023-09-07 09:03:42,913 [8aaa379b-76d2-401e-9e9b-5f71144f2a0c@group-CA2191642088-LeaderElection4] INFO  server.RaftServerConfigKeys (ConfUtils.java:logGet(46)) - raft.server.write.element-limit = 1024 (custom)
2023-09-07 09:03:42,913 [8aaa379b-76d2-401e-9e9b-5f71144f2a0c@group-CA2191642088-LeaderElection4] INFO  server.RaftServerConfigKeys (ConfUtils.java:logGet(46)) - raft.server.write.byte-limit = 1024 M (=1073741824) (custom)
2023-09-07 09:03:42,914 [EventQueue-PipelineReportForReconPipelineReportHandler] INFO  scm.ReconPipelineReportHandler (ReconPipelineReportHandler.java:processPipelineReport(103)) - Pipeline RATIS/THREE PipelineID=4ae2c880-1070-4148-9b0d-1f48da4a8ca8 reported by 8aaa379b-76d2-401e-9e9b-5f71144f2a0c(fv-az200-880.axauvrbo4geuti20fntxkzjnxf.dx.internal.cloudapp.net/10.1.0.77)
2023-09-07 09:03:42,915 [8aaa379b-76d2-401e-9e9b-5f71144f2a0c@group-CA2191642088-LeaderElection4] INFO  server.RaftServerConfigKeys (ConfUtils.java:logGet(46)) - raft.server.watch.timeout = 180s (custom)
2023-09-07 09:03:42,915 [8aaa379b-76d2-401e-9e9b-5f71144f2a0c@group-CA2191642088-LeaderElection4] INFO  server.RaftServerConfigKeys (ConfUtils.java:logGet(46)) - raft.server.watch.timeout.denomination = 1s (default)
2023-09-07 09:03:42,916 [8aaa379b-76d2-401e-9e9b-5f71144f2a0c@group-CA2191642088-LeaderElection4] INFO  server.RaftServerConfigKeys (ConfUtils.java:logGet(46)) - raft.server.watch.element-limit = 65536 (default)
2023-09-07 09:03:42,916 [8aaa379b-76d2-401e-9e9b-5f71144f2a0c@group-CA2191642088-LeaderElection4] INFO  server.RaftServerConfigKeys (ConfUtils.java:logGet(46)) - raft.server.write.element-limit = 1024 (custom)
2023-09-07 09:03:42,916 [8aaa379b-76d2-401e-9e9b-5f71144f2a0c@group-CA2191642088-LeaderElection4] INFO  server.RaftServerConfigKeys (ConfUtils.java:logGet(46)) - raft.server.write.follower.gap.ratio.max = -1.0 (default)
2023-09-07 09:03:42,916 [8aaa379b-76d2-401e-9e9b-5f71144f2a0c@group-CA2191642088-LeaderElection4] INFO  impl.RoleInfo (RoleInfo.java:updateAndGet(139)) - 8aaa379b-76d2-401e-9e9b-5f71144f2a0c: start 8aaa379b-76d2-401e-9e9b-5f71144f2a0c@group-CA2191642088-LeaderStateImpl
2023-09-07 09:03:42,916 [8aaa379b-76d2-401e-9e9b-5f71144f2a0c@group-CA2191642088-LeaderElection4] INFO  segmented.SegmentedRaftLogWorker (SegmentedRaftLogWorker.java:startLogSegment(447)) - 8aaa379b-76d2-401e-9e9b-5f71144f2a0c@group-CA2191642088-SegmentedRaftLogWorker: Starting segment from index:0
2023-09-07 09:03:42,922 [8aaa379b-76d2-401e-9e9b-5f71144f2a0c@group-CA2191642088-LeaderElection4] INFO  server.RaftServer$Division (ServerState.java:setRaftConf(434)) - 8aaa379b-76d2-401e-9e9b-5f71144f2a0c@group-CA2191642088: set configuration 0: peers:[8aaa379b-76d2-401e-9e9b-5f71144f2a0c|rpc:10.1.0.77:15025|admin:10.1.0.77:15024|client:10.1.0.77:15023|dataStream:10.1.0.77:15026|priority:1|startupRole:FOLLOWER]|listeners:[], old=null
2023-09-07 09:03:42,923 [8aaa379b-76d2-401e-9e9b-5f71144f2a0c@group-CA2191642088-SegmentedRaftLogWorker] INFO  segmented.SegmentedRaftLogWorker (SegmentedRaftLogWorker.java:execute(651)) - 8aaa379b-76d2-401e-9e9b-5f71144f2a0c@group-CA2191642088-SegmentedRaftLogWorker: created new log segment /home/runner/work/ozone/ozone/hadoop-ozone/integration-test/target/test-dir/MiniOzoneClusterImpl-9da26bb3-9e9b-4d78-afbb-0d838bea1ada/datanode-1/data/ratis/c17f5be7-3c17-4744-ad2e-ca2191642088/current/log_inprogress_0
2023-09-07 09:03:43,070 [main] INFO  ozone.MiniOzoneClusterImpl (MiniOzoneClusterImpl.java:lambda$waitForClusterToBeReady$0(224)) - Nodes are ready. Got 3 of 3 DN Heartbeats.
2023-09-07 09:03:43,070 [main] INFO  ozone.MiniOzoneClusterImpl (MiniOzoneClusterImpl.java:lambda$waitForClusterToBeReady$0(227)) - Cluster exits safe mode
2023-09-07 09:03:43,070 [main] INFO  ozone.MiniOzoneClusterImpl (MiniOzoneClusterImpl.java:lambda$waitForClusterToBeReady$0(229)) - SCM became leader
2023-09-07 09:03:43,442 [main] INFO  rpc.RpcClient (RpcClient.java:createVolume(461)) - Creating Volume: volume32593, with user24461 as owner and space quota set to -1 bytes, counts quota set to -1
2023-09-07 09:03:43,533 [OM StateMachine ApplyTransaction Thread - 0] INFO  volume.OMVolumeCreateRequest (OMVolumeCreateRequest.java:validateAndUpdateCache(196)) - created volume:volume32593 for user:user24461
2023-09-07 09:03:43,558 [main] INFO  rpc.RpcClient (RpcClient.java:createBucket(688)) - Creating Bucket: volume32593/bucket21174, with bucket layout FILE_SYSTEM_OPTIMIZED, runner as owner, Versioning false, Storage Type set to DISK and Encryption set to false, Replication Type set to server-side default replication type, Namespace Quota set to -1, Space Quota set to -1 
2023-09-07 09:03:43,580 [OM StateMachine ApplyTransaction Thread - 0] INFO  bucket.OMBucketCreateRequest (OMBucketCreateRequest.java:validateAndUpdateCache(270)) - created bucket: bucket21174 of layout FILE_SYSTEM_OPTIMIZED in volume: volume32593
2023-09-07 09:03:43,691 [e4211b8b-b648-43cb-96ad-95a5188c1410@group-9A01BBD50584-FollowerState] INFO  impl.FollowerState (FollowerState.java:run(143)) - e4211b8b-b648-43cb-96ad-95a5188c1410@group-9A01BBD50584-FollowerState: change to CANDIDATE, lastRpcElapsedTime:5079974059ns, electionTimeout:5072ms
2023-09-07 09:03:43,692 [e4211b8b-b648-43cb-96ad-95a5188c1410@group-9A01BBD50584-FollowerState] INFO  impl.RoleInfo (RoleInfo.java:shutdownFollowerState(110)) - e4211b8b-b648-43cb-96ad-95a5188c1410: shutdown e4211b8b-b648-43cb-96ad-95a5188c1410@group-9A01BBD50584-FollowerState
2023-09-07 09:03:43,692 [e4211b8b-b648-43cb-96ad-95a5188c1410@group-9A01BBD50584-FollowerState] INFO  server.RaftServer$Division (RaftServerImpl.java:setRole(329)) - e4211b8b-b648-43cb-96ad-95a5188c1410@group-9A01BBD50584: changes role from  FOLLOWER to CANDIDATE at term 0 for changeToCandidate
2023-09-07 09:03:43,692 [e4211b8b-b648-43cb-96ad-95a5188c1410@group-9A01BBD50584-FollowerState] INFO  server.RaftServerConfigKeys (ConfUtils.java:logGet(46)) - raft.server.leaderelection.pre-vote = true (default)
2023-09-07 09:03:43,692 [e4211b8b-b648-43cb-96ad-95a5188c1410@group-9A01BBD50584-FollowerState] INFO  impl.RoleInfo (RoleInfo.java:updateAndGet(139)) - e4211b8b-b648-43cb-96ad-95a5188c1410: start e4211b8b-b648-43cb-96ad-95a5188c1410@group-9A01BBD50584-LeaderElection5
2023-09-07 09:03:43,709 [e4211b8b-b648-43cb-96ad-95a5188c1410@group-9A01BBD50584-LeaderElection5] INFO  impl.LeaderElection (LeaderElection.java:askForVotes(321)) - e4211b8b-b648-43cb-96ad-95a5188c1410@group-9A01BBD50584-LeaderElection5 PRE_VOTE round 0: submit vote requests at term 0 for -1: peers:[e4211b8b-b648-43cb-96ad-95a5188c1410|rpc:10.1.0.77:15034|admin:10.1.0.77:15033|client:10.1.0.77:15032|dataStream:10.1.0.77:15035|priority:1|startupRole:FOLLOWER]|listeners:[], old=null
2023-09-07 09:03:43,709 [e4211b8b-b648-43cb-96ad-95a5188c1410@group-9A01BBD50584-LeaderElection5] INFO  impl.LeaderElection (LeaderElection.java:askForVotes(323)) - e4211b8b-b648-43cb-96ad-95a5188c1410@group-9A01BBD50584-LeaderElection5 PRE_VOTE round 0: result PASSED (term=0)
2023-09-07 09:03:43,712 [e4211b8b-b648-43cb-96ad-95a5188c1410@group-9A01BBD50584-LeaderElection5] INFO  impl.LeaderElection (LeaderElection.java:askForVotes(321)) - e4211b8b-b648-43cb-96ad-95a5188c1410@group-9A01BBD50584-LeaderElection5 ELECTION round 0: submit vote requests at term 1 for -1: peers:[e4211b8b-b648-43cb-96ad-95a5188c1410|rpc:10.1.0.77:15034|admin:10.1.0.77:15033|client:10.1.0.77:15032|dataStream:10.1.0.77:15035|priority:1|startupRole:FOLLOWER]|listeners:[], old=null
2023-09-07 09:03:43,712 [e4211b8b-b648-43cb-96ad-95a5188c1410@group-9A01BBD50584-LeaderElection5] INFO  impl.LeaderElection (LeaderElection.java:askForVotes(323)) - e4211b8b-b648-43cb-96ad-95a5188c1410@group-9A01BBD50584-LeaderElection5 ELECTION round 0: result PASSED (term=1)
2023-09-07 09:03:43,712 [e4211b8b-b648-43cb-96ad-95a5188c1410@group-9A01BBD50584-LeaderElection5] INFO  impl.RoleInfo (RoleInfo.java:shutdownLeaderElection(130)) - e4211b8b-b648-43cb-96ad-95a5188c1410: shutdown e4211b8b-b648-43cb-96ad-95a5188c1410@group-9A01BBD50584-LeaderElection5
2023-09-07 09:03:43,712 [e4211b8b-b648-43cb-96ad-95a5188c1410@group-9A01BBD50584-LeaderElection5] INFO  server.RaftServer$Division (RaftServerImpl.java:setRole(329)) - e4211b8b-b648-43cb-96ad-95a5188c1410@group-9A01BBD50584: changes role from CANDIDATE to LEADER at term 1 for changeToLeader
2023-09-07 09:03:43,713 [e4211b8b-b648-43cb-96ad-95a5188c1410@group-9A01BBD50584-LeaderElection5] INFO  ratis.XceiverServerRatis (XceiverServerRatis.java:handleLeaderChangedNotification(902)) - Leader change notification received for group: group-9A01BBD50584 with new leaderId: e4211b8b-b648-43cb-96ad-95a5188c1410
2023-09-07 09:03:43,713 [e4211b8b-b648-43cb-96ad-95a5188c1410@group-9A01BBD50584-LeaderElection5] INFO  server.RaftServer$Division (ServerState.java:setLeader(317)) - e4211b8b-b648-43cb-96ad-95a5188c1410@group-9A01BBD50584: change Leader from null to e4211b8b-b648-43cb-96ad-95a5188c1410 at term 1 for becomeLeader, leader elected after 5631ms
2023-09-07 09:03:43,714 [e4211b8b-b648-43cb-96ad-95a5188c1410@group-9A01BBD50584-LeaderElection5] INFO  server.RaftServerConfigKeys (ConfUtils.java:logGet(46)) - raft.server.staging.catchup.gap = 1000 (default)
2023-09-07 09:03:43,715 [e4211b8b-b648-43cb-96ad-95a5188c1410@group-9A01BBD50584-LeaderElection5] INFO  server.RaftServerConfigKeys (ConfUtils.java:logGet(46)) - raft.server.write.element-limit = 1024 (custom)
2023-09-07 09:03:43,715 [e4211b8b-b648-43cb-96ad-95a5188c1410@group-9A01BBD50584-LeaderElection5] INFO  server.RaftServerConfigKeys (ConfUtils.java:logGet(46)) - raft.server.write.byte-limit = 1024 M (=1073741824) (custom)
2023-09-07 09:03:43,715 [e4211b8b-b648-43cb-96ad-95a5188c1410@group-9A01BBD50584-LeaderElection5] INFO  server.RaftServerConfigKeys (ConfUtils.java:logGet(46)) - raft.server.watch.timeout = 180s (custom)
2023-09-07 09:03:43,715 [e4211b8b-b648-43cb-96ad-95a5188c1410@group-9A01BBD50584-LeaderElection5] INFO  server.RaftServerConfigKeys (ConfUtils.java:logGet(46)) - raft.server.watch.timeout.denomination = 1s (default)
2023-09-07 09:03:43,715 [e4211b8b-b648-43cb-96ad-95a5188c1410@group-9A01BBD50584-LeaderElection5] INFO  server.RaftServerConfigKeys (ConfUtils.java:logGet(46)) - raft.server.watch.element-limit = 65536 (default)
2023-09-07 09:03:43,715 [e4211b8b-b648-43cb-96ad-95a5188c1410@group-9A01BBD50584-LeaderElection5] INFO  server.RaftServerConfigKeys (ConfUtils.java:logGet(46)) - raft.server.write.element-limit = 1024 (custom)
2023-09-07 09:03:43,715 [e4211b8b-b648-43cb-96ad-95a5188c1410@group-9A01BBD50584-LeaderElection5] INFO  server.RaftServerConfigKeys (ConfUtils.java:logGet(46)) - raft.server.write.follower.gap.ratio.max = -1.0 (default)
2023-09-07 09:03:43,716 [e4211b8b-b648-43cb-96ad-95a5188c1410@group-9A01BBD50584-LeaderElection5] INFO  impl.RoleInfo (RoleInfo.java:updateAndGet(139)) - e4211b8b-b648-43cb-96ad-95a5188c1410: start e4211b8b-b648-43cb-96ad-95a5188c1410@group-9A01BBD50584-LeaderStateImpl
2023-09-07 09:03:43,716 [e4211b8b-b648-43cb-96ad-95a5188c1410@group-9A01BBD50584-LeaderElection5] INFO  segmented.SegmentedRaftLogWorker (SegmentedRaftLogWorker.java:startLogSegment(447)) - e4211b8b-b648-43cb-96ad-95a5188c1410@group-9A01BBD50584-SegmentedRaftLogWorker: Starting segment from index:0
2023-09-07 09:03:43,722 [e4211b8b-b648-43cb-96ad-95a5188c1410@group-9A01BBD50584-LeaderElection5] INFO  server.RaftServer$Division (ServerState.java:setRaftConf(434)) - e4211b8b-b648-43cb-96ad-95a5188c1410@group-9A01BBD50584: set configuration 0: peers:[e4211b8b-b648-43cb-96ad-95a5188c1410|rpc:10.1.0.77:15034|admin:10.1.0.77:15033|client:10.1.0.77:15032|dataStream:10.1.0.77:15035|priority:1|startupRole:FOLLOWER]|listeners:[], old=null
2023-09-07 09:03:43,724 [e4211b8b-b648-43cb-96ad-95a5188c1410@group-9A01BBD50584-SegmentedRaftLogWorker] INFO  segmented.SegmentedRaftLogWorker (SegmentedRaftLogWorker.java:execute(651)) - e4211b8b-b648-43cb-96ad-95a5188c1410@group-9A01BBD50584-SegmentedRaftLogWorker: created new log segment /home/runner/work/ozone/ozone/hadoop-ozone/integration-test/target/test-dir/MiniOzoneClusterImpl-9da26bb3-9e9b-4d78-afbb-0d838bea1ada/datanode-2/data/ratis/1e71d48b-864b-4439-99dc-9a01bbd50584/current/log_inprogress_0
2023-09-07 09:03:43,728 [EventQueue-PipelineReportForReconPipelineReportHandler] INFO  scm.ReconPipelineReportHandler (ReconPipelineReportHandler.java:processPipelineReport(103)) - Pipeline RATIS/THREE PipelineID=4ae2c880-1070-4148-9b0d-1f48da4a8ca8 reported by e4211b8b-b648-43cb-96ad-95a5188c1410(fv-az200-880.axauvrbo4geuti20fntxkzjnxf.dx.internal.cloudapp.net/10.1.0.77)
2023-09-07 09:03:43,787 [e4211b8b-b648-43cb-96ad-95a5188c1410@group-1F48DA4A8CA8-FollowerState] INFO  impl.FollowerState (FollowerState.java:run(143)) - e4211b8b-b648-43cb-96ad-95a5188c1410@group-1F48DA4A8CA8-FollowerState: change to CANDIDATE, lastRpcElapsedTime:5053599190ns, electionTimeout:5035ms
2023-09-07 09:03:43,788 [e4211b8b-b648-43cb-96ad-95a5188c1410@group-1F48DA4A8CA8-FollowerState] INFO  impl.RoleInfo (RoleInfo.java:shutdownFollowerState(110)) - e4211b8b-b648-43cb-96ad-95a5188c1410: shutdown e4211b8b-b648-43cb-96ad-95a5188c1410@group-1F48DA4A8CA8-FollowerState
2023-09-07 09:03:43,788 [e4211b8b-b648-43cb-96ad-95a5188c1410@group-1F48DA4A8CA8-FollowerState] INFO  server.RaftServer$Division (RaftServerImpl.java:setRole(329)) - e4211b8b-b648-43cb-96ad-95a5188c1410@group-1F48DA4A8CA8: changes role from  FOLLOWER to CANDIDATE at term 0 for changeToCandidate
2023-09-07 09:03:43,788 [e4211b8b-b648-43cb-96ad-95a5188c1410@group-1F48DA4A8CA8-FollowerState] INFO  server.RaftServerConfigKeys (ConfUtils.java:logGet(46)) - raft.server.leaderelection.pre-vote = true (default)
2023-09-07 09:03:43,788 [e4211b8b-b648-43cb-96ad-95a5188c1410@group-1F48DA4A8CA8-FollowerState] INFO  impl.RoleInfo (RoleInfo.java:updateAndGet(139)) - e4211b8b-b648-43cb-96ad-95a5188c1410: start e4211b8b-b648-43cb-96ad-95a5188c1410@group-1F48DA4A8CA8-LeaderElection6
2023-09-07 09:03:43,796 [e4211b8b-b648-43cb-96ad-95a5188c1410@group-1F48DA4A8CA8-LeaderElection6] INFO  impl.LeaderElection (LeaderElection.java:askForVotes(321)) - e4211b8b-b648-43cb-96ad-95a5188c1410@group-1F48DA4A8CA8-LeaderElection6 PRE_VOTE round 0: submit vote requests at term 0 for -1: peers:[8aaa379b-76d2-401e-9e9b-5f71144f2a0c|rpc:10.1.0.77:15025|admin:10.1.0.77:15024|client:10.1.0.77:15023|dataStream:10.1.0.77:15026|priority:1|startupRole:FOLLOWER, 125b6ccd-ab10-424e-ac54-cb3b86c02134|rpc:10.1.0.77:15016|admin:10.1.0.77:15015|client:10.1.0.77:15014|dataStream:10.1.0.77:15017|priority:0|startupRole:FOLLOWER, e4211b8b-b648-43cb-96ad-95a5188c1410|rpc:10.1.0.77:15034|admin:10.1.0.77:15033|client:10.1.0.77:15032|dataStream:10.1.0.77:15035|priority:0|startupRole:FOLLOWER]|listeners:[], old=null
2023-09-07 09:03:43,799 [e4211b8b-b648-43cb-96ad-95a5188c1410@group-1F48DA4A8CA8-LeaderElection6-1] INFO  server.GrpcServerProtocolClient (GrpcServerProtocolClient.java:<init>(65)) - Build channel for 8aaa379b-76d2-401e-9e9b-5f71144f2a0c
2023-09-07 09:03:43,801 [e4211b8b-b648-43cb-96ad-95a5188c1410@group-1F48DA4A8CA8-LeaderElection6] INFO  server.RaftServerConfigKeys (ConfUtils.java:logFallback(53)) - raft.server.rpc.first-election.timeout.min = 5s (fallback to raft.server.rpc.timeout.min)
2023-09-07 09:03:43,801 [e4211b8b-b648-43cb-96ad-95a5188c1410@group-1F48DA4A8CA8-LeaderElection6] INFO  server.RaftServerConfigKeys (ConfUtils.java:logFallback(53)) - raft.server.rpc.first-election.timeout.max = 5200ms (fallback to raft.server.rpc.timeout.max)
2023-09-07 09:03:43,802 [e4211b8b-b648-43cb-96ad-95a5188c1410@group-1F48DA4A8CA8-LeaderElection6-2] INFO  server.GrpcServerProtocolClient (GrpcServerProtocolClient.java:<init>(65)) - Build channel for 125b6ccd-ab10-424e-ac54-cb3b86c02134
2023-09-07 09:03:43,819 [grpc-default-executor-0] INFO  server.RaftServer$Division (RaftServerImpl.java:requestVote(1302)) - 8aaa379b-76d2-401e-9e9b-5f71144f2a0c@group-1F48DA4A8CA8: receive requestVote(PRE_VOTE, e4211b8b-b648-43cb-96ad-95a5188c1410, group-1F48DA4A8CA8, 0, (t:0, i:0))
2023-09-07 09:03:43,819 [grpc-default-executor-0] INFO  impl.VoteContext (VoteContext.java:log(49)) - 8aaa379b-76d2-401e-9e9b-5f71144f2a0c@group-1F48DA4A8CA8-FOLLOWER: reject PRE_VOTE from e4211b8b-b648-43cb-96ad-95a5188c1410: our priority 1 > candidate's priority 0
2023-09-07 09:03:43,820 [grpc-default-executor-0] INFO  server.RaftServer$Division (RaftServerImpl.java:requestVote(1335)) - 8aaa379b-76d2-401e-9e9b-5f71144f2a0c@group-1F48DA4A8CA8 replies to PRE_VOTE vote request: e4211b8b-b648-43cb-96ad-95a5188c1410<-8aaa379b-76d2-401e-9e9b-5f71144f2a0c#0:FAIL-t0. Peer's state: 8aaa379b-76d2-401e-9e9b-5f71144f2a0c@group-1F48DA4A8CA8:t0, leader=null, voted=, raftlog=Memoized:8aaa379b-76d2-401e-9e9b-5f71144f2a0c@group-1F48DA4A8CA8-SegmentedRaftLog:OPENED:c-1, conf=-1: peers:[8aaa379b-76d2-401e-9e9b-5f71144f2a0c|rpc:10.1.0.77:15025|admin:10.1.0.77:15024|client:10.1.0.77:15023|dataStream:10.1.0.77:15026|priority:1|startupRole:FOLLOWER, 125b6ccd-ab10-424e-ac54-cb3b86c02134|rpc:10.1.0.77:15016|admin:10.1.0.77:15015|client:10.1.0.77:15014|dataStream:10.1.0.77:15017|priority:0|startupRole:FOLLOWER, e4211b8b-b648-43cb-96ad-95a5188c1410|rpc:10.1.0.77:15034|admin:10.1.0.77:15033|client:10.1.0.77:15032|dataStream:10.1.0.77:15035|priority:0|startupRole:FOLLOWER]|listeners:[], old=null
2023-09-07 09:03:43,829 [e4211b8b-b648-43cb-96ad-95a5188c1410@group-1F48DA4A8CA8-LeaderElection6] INFO  impl.LeaderElection (LeaderElection.java:logAndReturn(90)) - e4211b8b-b648-43cb-96ad-95a5188c1410@group-1F48DA4A8CA8-LeaderElection6: PRE_VOTE REJECTED received 1 response(s) and 0 exception(s):
2023-09-07 09:03:43,830 [e4211b8b-b648-43cb-96ad-95a5188c1410@group-1F48DA4A8CA8-LeaderElection6] INFO  impl.LeaderElection (LeaderElection.java:logAndReturn(94)) -   Response 0: e4211b8b-b648-43cb-96ad-95a5188c1410<-8aaa379b-76d2-401e-9e9b-5f71144f2a0c#0:FAIL-t0
2023-09-07 09:03:43,830 [e4211b8b-b648-43cb-96ad-95a5188c1410@group-1F48DA4A8CA8-LeaderElection6] INFO  impl.LeaderElection (LeaderElection.java:askForVotes(323)) - e4211b8b-b648-43cb-96ad-95a5188c1410@group-1F48DA4A8CA8-LeaderElection6 PRE_VOTE round 0: result REJECTED
2023-09-07 09:03:43,830 [e4211b8b-b648-43cb-96ad-95a5188c1410@group-1F48DA4A8CA8-LeaderElection6] INFO  server.RaftServer$Division (RaftServerImpl.java:setRole(329)) - e4211b8b-b648-43cb-96ad-95a5188c1410@group-1F48DA4A8CA8: changes role from CANDIDATE to FOLLOWER at term 0 for REJECTED
2023-09-07 09:03:43,830 [e4211b8b-b648-43cb-96ad-95a5188c1410@group-1F48DA4A8CA8-LeaderElection6] INFO  impl.RoleInfo (RoleInfo.java:shutdownLeaderElection(130)) - e4211b8b-b648-43cb-96ad-95a5188c1410: shutdown e4211b8b-b648-43cb-96ad-95a5188c1410@group-1F48DA4A8CA8-LeaderElection6
2023-09-07 09:03:43,830 [e4211b8b-b648-43cb-96ad-95a5188c1410@group-1F48DA4A8CA8-LeaderElection6] INFO  impl.RoleInfo (RoleInfo.java:updateAndGet(139)) - e4211b8b-b648-43cb-96ad-95a5188c1410: start e4211b8b-b648-43cb-96ad-95a5188c1410@group-1F48DA4A8CA8-FollowerState
2023-09-07 09:03:43,839 [grpc-default-executor-0] INFO  server.RaftServer$Division (RaftServerImpl.java:requestVote(1302)) - 125b6ccd-ab10-424e-ac54-cb3b86c02134@group-1F48DA4A8CA8: receive requestVote(PRE_VOTE, e4211b8b-b648-43cb-96ad-95a5188c1410, group-1F48DA4A8CA8, 0, (t:0, i:0))
2023-09-07 09:03:43,840 [grpc-default-executor-0] INFO  impl.VoteContext (VoteContext.java:log(49)) - 125b6ccd-ab10-424e-ac54-cb3b86c02134@group-1F48DA4A8CA8-FOLLOWER: accept PRE_VOTE from e4211b8b-b648-43cb-96ad-95a5188c1410: our priority 0 <= candidate's priority 0
2023-09-07 09:03:43,840 [grpc-default-executor-0] INFO  server.RaftServer$Division (RaftServerImpl.java:requestVote(1335)) - 125b6ccd-ab10-424e-ac54-cb3b86c02134@group-1F48DA4A8CA8 replies to PRE_VOTE vote request: e4211b8b-b648-43cb-96ad-95a5188c1410<-125b6ccd-ab10-424e-ac54-cb3b86c02134#0:OK-t0. Peer's state: 125b6ccd-ab10-424e-ac54-cb3b86c02134@group-1F48DA4A8CA8:t0, leader=null, voted=, raftlog=Memoized:125b6ccd-ab10-424e-ac54-cb3b86c02134@group-1F48DA4A8CA8-SegmentedRaftLog:OPENED:c-1, conf=-1: peers:[8aaa379b-76d2-401e-9e9b-5f71144f2a0c|rpc:10.1.0.77:15025|admin:10.1.0.77:15024|client:10.1.0.77:15023|dataStream:10.1.0.77:15026|priority:1|startupRole:FOLLOWER, 125b6ccd-ab10-424e-ac54-cb3b86c02134|rpc:10.1.0.77:15016|admin:10.1.0.77:15015|client:10.1.0.77:15014|dataStream:10.1.0.77:15017|priority:0|startupRole:FOLLOWER, e4211b8b-b648-43cb-96ad-95a5188c1410|rpc:10.1.0.77:15034|admin:10.1.0.77:15033|client:10.1.0.77:15032|dataStream:10.1.0.77:15035|priority:0|startupRole:FOLLOWER]|listeners:[], old=null
2023-09-07 09:03:44,011 [8aaa379b-76d2-401e-9e9b-5f71144f2a0c@group-1F48DA4A8CA8-FollowerState] INFO  impl.FollowerState (FollowerState.java:run(143)) - 8aaa379b-76d2-401e-9e9b-5f71144f2a0c@group-1F48DA4A8CA8-FollowerState: change to CANDIDATE, lastRpcElapsedTime:5145041704ns, electionTimeout:5111ms
2023-09-07 09:03:44,011 [8aaa379b-76d2-401e-9e9b-5f71144f2a0c@group-1F48DA4A8CA8-FollowerState] INFO  impl.RoleInfo (RoleInfo.java:shutdownFollowerState(110)) - 8aaa379b-76d2-401e-9e9b-5f71144f2a0c: shutdown 8aaa379b-76d2-401e-9e9b-5f71144f2a0c@group-1F48DA4A8CA8-FollowerState
2023-09-07 09:03:44,011 [8aaa379b-76d2-401e-9e9b-5f71144f2a0c@group-1F48DA4A8CA8-FollowerState] INFO  server.RaftServer$Division (RaftServerImpl.java:setRole(329)) - 8aaa379b-76d2-401e-9e9b-5f71144f2a0c@group-1F48DA4A8CA8: changes role from  FOLLOWER to CANDIDATE at term 0 for changeToCandidate
2023-09-07 09:03:44,011 [8aaa379b-76d2-401e-9e9b-5f71144f2a0c@group-1F48DA4A8CA8-FollowerState] INFO  server.RaftServerConfigKeys (ConfUtils.java:logGet(46)) - raft.server.leaderelection.pre-vote = true (default)
2023-09-07 09:03:44,012 [8aaa379b-76d2-401e-9e9b-5f71144f2a0c@group-1F48DA4A8CA8-FollowerState] INFO  impl.RoleInfo (RoleInfo.java:updateAndGet(139)) - 8aaa379b-76d2-401e-9e9b-5f71144f2a0c: start 8aaa379b-76d2-401e-9e9b-5f71144f2a0c@group-1F48DA4A8CA8-LeaderElection7
2023-09-07 09:03:44,019 [8aaa379b-76d2-401e-9e9b-5f71144f2a0c@group-1F48DA4A8CA8-LeaderElection7] INFO  impl.LeaderElection (LeaderElection.java:askForVotes(321)) - 8aaa379b-76d2-401e-9e9b-5f71144f2a0c@group-1F48DA4A8CA8-LeaderElection7 PRE_VOTE round 0: submit vote requests at term 0 for -1: peers:[8aaa379b-76d2-401e-9e9b-5f71144f2a0c|rpc:10.1.0.77:15025|admin:10.1.0.77:15024|client:10.1.0.77:15023|dataStream:10.1.0.77:15026|priority:1|startupRole:FOLLOWER, 125b6ccd-ab10-424e-ac54-cb3b86c02134|rpc:10.1.0.77:15016|admin:10.1.0.77:15015|client:10.1.0.77:15014|dataStream:10.1.0.77:15017|priority:0|startupRole:FOLLOWER, e4211b8b-b648-43cb-96ad-95a5188c1410|rpc:10.1.0.77:15034|admin:10.1.0.77:15033|client:10.1.0.77:15032|dataStream:10.1.0.77:15035|priority:0|startupRole:FOLLOWER]|listeners:[], old=null
2023-09-07 09:03:44,020 [8aaa379b-76d2-401e-9e9b-5f71144f2a0c@group-1F48DA4A8CA8-LeaderElection7-1] INFO  server.GrpcServerProtocolClient (GrpcServerProtocolClient.java:<init>(65)) - Build channel for 125b6ccd-ab10-424e-ac54-cb3b86c02134
2023-09-07 09:03:44,024 [8aaa379b-76d2-401e-9e9b-5f71144f2a0c@group-1F48DA4A8CA8-LeaderElection7] INFO  server.RaftServerConfigKeys (ConfUtils.java:logFallback(53)) - raft.server.rpc.first-election.timeout.min = 5s (fallback to raft.server.rpc.timeout.min)
2023-09-07 09:03:44,024 [8aaa379b-76d2-401e-9e9b-5f71144f2a0c@group-1F48DA4A8CA8-LeaderElection7] INFO  server.RaftServerConfigKeys (ConfUtils.java:logFallback(53)) - raft.server.rpc.first-election.timeout.max = 5200ms (fallback to raft.server.rpc.timeout.max)
2023-09-07 09:03:44,024 [8aaa379b-76d2-401e-9e9b-5f71144f2a0c@group-1F48DA4A8CA8-LeaderElection7-2] INFO  server.GrpcServerProtocolClient (GrpcServerProtocolClient.java:<init>(65)) - Build channel for e4211b8b-b648-43cb-96ad-95a5188c1410
2023-09-07 09:03:44,037 [grpc-default-executor-0] INFO  server.RaftServer$Division (RaftServerImpl.java:requestVote(1302)) - 125b6ccd-ab10-424e-ac54-cb3b86c02134@group-1F48DA4A8CA8: receive requestVote(PRE_VOTE, 8aaa379b-76d2-401e-9e9b-5f71144f2a0c, group-1F48DA4A8CA8, 0, (t:0, i:0))
2023-09-07 09:03:44,038 [grpc-default-executor-0] INFO  impl.VoteContext (VoteContext.java:log(49)) - 125b6ccd-ab10-424e-ac54-cb3b86c02134@group-1F48DA4A8CA8-FOLLOWER: accept PRE_VOTE from 8aaa379b-76d2-401e-9e9b-5f71144f2a0c: our priority 0 <= candidate's priority 1
2023-09-07 09:03:44,038 [grpc-default-executor-0] INFO  server.RaftServer$Division (RaftServerImpl.java:requestVote(1335)) - 125b6ccd-ab10-424e-ac54-cb3b86c02134@group-1F48DA4A8CA8 replies to PRE_VOTE vote request: 8aaa379b-76d2-401e-9e9b-5f71144f2a0c<-125b6ccd-ab10-424e-ac54-cb3b86c02134#0:OK-t0. Peer's state: 125b6ccd-ab10-424e-ac54-cb3b86c02134@group-1F48DA4A8CA8:t0, leader=null, voted=, raftlog=Memoized:125b6ccd-ab10-424e-ac54-cb3b86c02134@group-1F48DA4A8CA8-SegmentedRaftLog:OPENED:c-1, conf=-1: peers:[8aaa379b-76d2-401e-9e9b-5f71144f2a0c|rpc:10.1.0.77:15025|admin:10.1.0.77:15024|client:10.1.0.77:15023|dataStream:10.1.0.77:15026|priority:1|startupRole:FOLLOWER, 125b6ccd-ab10-424e-ac54-cb3b86c02134|rpc:10.1.0.77:15016|admin:10.1.0.77:15015|client:10.1.0.77:15014|dataStream:10.1.0.77:15017|priority:0|startupRole:FOLLOWER, e4211b8b-b648-43cb-96ad-95a5188c1410|rpc:10.1.0.77:15034|admin:10.1.0.77:15033|client:10.1.0.77:15032|dataStream:10.1.0.77:15035|priority:0|startupRole:FOLLOWER]|listeners:[], old=null
2023-09-07 09:03:44,043 [8aaa379b-76d2-401e-9e9b-5f71144f2a0c@group-1F48DA4A8CA8-LeaderElection7] INFO  impl.LeaderElection (LeaderElection.java:logAndReturn(90)) - 8aaa379b-76d2-401e-9e9b-5f71144f2a0c@group-1F48DA4A8CA8-LeaderElection7: PRE_VOTE PASSED received 1 response(s) and 0 exception(s):
2023-09-07 09:03:44,043 [8aaa379b-76d2-401e-9e9b-5f71144f2a0c@group-1F48DA4A8CA8-LeaderElection7] INFO  impl.LeaderElection (LeaderElection.java:logAndReturn(94)) -   Response 0: 8aaa379b-76d2-401e-9e9b-5f71144f2a0c<-125b6ccd-ab10-424e-ac54-cb3b86c02134#0:OK-t0
2023-09-07 09:03:44,043 [8aaa379b-76d2-401e-9e9b-5f71144f2a0c@group-1F48DA4A8CA8-LeaderElection7] INFO  impl.LeaderElection (LeaderElection.java:askForVotes(323)) - 8aaa379b-76d2-401e-9e9b-5f71144f2a0c@group-1F48DA4A8CA8-LeaderElection7 PRE_VOTE round 0: result PASSED
2023-09-07 09:03:44,065 [8aaa379b-76d2-401e-9e9b-5f71144f2a0c@group-1F48DA4A8CA8-LeaderElection7] INFO  impl.LeaderElection (LeaderElection.java:askForVotes(321)) - 8aaa379b-76d2-401e-9e9b-5f71144f2a0c@group-1F48DA4A8CA8-LeaderElection7 ELECTION round 0: submit vote requests at term 1 for -1: peers:[8aaa379b-76d2-401e-9e9b-5f71144f2a0c|rpc:10.1.0.77:15025|admin:10.1.0.77:15024|client:10.1.0.77:15023|dataStream:10.1.0.77:15026|priority:1|startupRole:FOLLOWER, 125b6ccd-ab10-424e-ac54-cb3b86c02134|rpc:10.1.0.77:15016|admin:10.1.0.77:15015|client:10.1.0.77:15014|dataStream:10.1.0.77:15017|priority:0|startupRole:FOLLOWER, e4211b8b-b648-43cb-96ad-95a5188c1410|rpc:10.1.0.77:15034|admin:10.1.0.77:15033|client:10.1.0.77:15032|dataStream:10.1.0.77:15035|priority:0|startupRole:FOLLOWER]|listeners:[], old=null
2023-09-07 09:03:44,066 [125b6ccd-ab10-424e-ac54-cb3b86c02134@group-1F48DA4A8CA8-FollowerState] INFO  server.RaftServerConfigKeys (ConfUtils.java:logFallback(53)) - raft.server.rpc.first-election.timeout.min = 5s (fallback to raft.server.rpc.timeout.min)
2023-09-07 09:03:44,066 [125b6ccd-ab10-424e-ac54-cb3b86c02134@group-1F48DA4A8CA8-FollowerState] INFO  server.RaftServerConfigKeys (ConfUtils.java:logFallback(53)) - raft.server.rpc.first-election.timeout.max = 5200ms (fallback to raft.server.rpc.timeout.max)
2023-09-07 09:03:44,067 [8aaa379b-76d2-401e-9e9b-5f71144f2a0c@group-1F48DA4A8CA8-LeaderElection7] INFO  server.RaftServerConfigKeys (ConfUtils.java:logFallback(53)) - raft.server.rpc.first-election.timeout.min = 5s (fallback to raft.server.rpc.timeout.min)
2023-09-07 09:03:44,067 [8aaa379b-76d2-401e-9e9b-5f71144f2a0c@group-1F48DA4A8CA8-LeaderElection7] INFO  server.RaftServerConfigKeys (ConfUtils.java:logFallback(53)) - raft.server.rpc.first-election.timeout.max = 5200ms (fallback to raft.server.rpc.timeout.max)
2023-09-07 09:03:44,076 [grpc-default-executor-0] INFO  server.RaftServer$Division (RaftServerImpl.java:requestVote(1302)) - 125b6ccd-ab10-424e-ac54-cb3b86c02134@group-1F48DA4A8CA8: receive requestVote(ELECTION, 8aaa379b-76d2-401e-9e9b-5f71144f2a0c, group-1F48DA4A8CA8, 1, (t:0, i:0))
2023-09-07 09:03:44,077 [grpc-default-executor-0] INFO  impl.VoteContext (VoteContext.java:log(49)) - 125b6ccd-ab10-424e-ac54-cb3b86c02134@group-1F48DA4A8CA8-FOLLOWER: accept ELECTION from 8aaa379b-76d2-401e-9e9b-5f71144f2a0c: our priority 0 <= candidate's priority 1
2023-09-07 09:03:44,077 [grpc-default-executor-0] INFO  server.RaftServer$Division (RaftServerImpl.java:setRole(329)) - 125b6ccd-ab10-424e-ac54-cb3b86c02134@group-1F48DA4A8CA8: changes role from  FOLLOWER to FOLLOWER at term 1 for candidate:8aaa379b-76d2-401e-9e9b-5f71144f2a0c
2023-09-07 09:03:44,077 [grpc-default-executor-0] INFO  impl.RoleInfo (RoleInfo.java:shutdownFollowerState(110)) - 125b6ccd-ab10-424e-ac54-cb3b86c02134: shutdown 125b6ccd-ab10-424e-ac54-cb3b86c02134@group-1F48DA4A8CA8-FollowerState
2023-09-07 09:03:44,077 [grpc-default-executor-0] INFO  impl.RoleInfo (RoleInfo.java:updateAndGet(139)) - 125b6ccd-ab10-424e-ac54-cb3b86c02134: start 125b6ccd-ab10-424e-ac54-cb3b86c02134@group-1F48DA4A8CA8-FollowerState
2023-09-07 09:03:44,078 [125b6ccd-ab10-424e-ac54-cb3b86c02134@group-1F48DA4A8CA8-FollowerState] INFO  impl.FollowerState (FollowerState.java:run(152)) - 125b6ccd-ab10-424e-ac54-cb3b86c02134@group-1F48DA4A8CA8-FollowerState was interrupted
2023-09-07 09:03:44,088 [grpc-default-executor-0] INFO  server.RaftServer$Division (RaftServerImpl.java:requestVote(1335)) - 125b6ccd-ab10-424e-ac54-cb3b86c02134@group-1F48DA4A8CA8 replies to ELECTION vote request: 8aaa379b-76d2-401e-9e9b-5f71144f2a0c<-125b6ccd-ab10-424e-ac54-cb3b86c02134#0:OK-t1. Peer's state: 125b6ccd-ab10-424e-ac54-cb3b86c02134@group-1F48DA4A8CA8:t1, leader=null, voted=8aaa379b-76d2-401e-9e9b-5f71144f2a0c, raftlog=Memoized:125b6ccd-ab10-424e-ac54-cb3b86c02134@group-1F48DA4A8CA8-SegmentedRaftLog:OPENED:c-1, conf=-1: peers:[8aaa379b-76d2-401e-9e9b-5f71144f2a0c|rpc:10.1.0.77:15025|admin:10.1.0.77:15024|client:10.1.0.77:15023|dataStream:10.1.0.77:15026|priority:1|startupRole:FOLLOWER, 125b6ccd-ab10-424e-ac54-cb3b86c02134|rpc:10.1.0.77:15016|admin:10.1.0.77:15015|client:10.1.0.77:15014|dataStream:10.1.0.77:15017|priority:0|startupRole:FOLLOWER, e4211b8b-b648-43cb-96ad-95a5188c1410|rpc:10.1.0.77:15034|admin:10.1.0.77:15033|client:10.1.0.77:15032|dataStream:10.1.0.77:15035|priority:0|startupRole:FOLLOWER]|listeners:[], old=null
2023-09-07 09:03:44,089 [IPC Server handler 4 on default port 15001] INFO  ha.SequenceIdGenerator (SequenceIdGenerator.java:getNextId(140)) - Allocate a batch for containerId, change lastId from 0 to 1000.
2023-09-07 09:03:44,090 [8aaa379b-76d2-401e-9e9b-5f71144f2a0c@group-1F48DA4A8CA8-LeaderElection7] INFO  impl.LeaderElection (LeaderElection.java:logAndReturn(90)) - 8aaa379b-76d2-401e-9e9b-5f71144f2a0c@group-1F48DA4A8CA8-LeaderElection7: ELECTION PASSED received 1 response(s) and 0 exception(s):
2023-09-07 09:03:44,093 [8aaa379b-76d2-401e-9e9b-5f71144f2a0c@group-1F48DA4A8CA8-LeaderElection7] INFO  impl.LeaderElection (LeaderElection.java:logAndReturn(94)) -   Response 0: 8aaa379b-76d2-401e-9e9b-5f71144f2a0c<-125b6ccd-ab10-424e-ac54-cb3b86c02134#0:OK-t1
2023-09-07 09:03:44,093 [8aaa379b-76d2-401e-9e9b-5f71144f2a0c@group-1F48DA4A8CA8-LeaderElection7] INFO  impl.LeaderElection (LeaderElection.java:askForVotes(323)) - 8aaa379b-76d2-401e-9e9b-5f71144f2a0c@group-1F48DA4A8CA8-LeaderElection7 ELECTION round 0: result PASSED
2023-09-07 09:03:44,093 [8aaa379b-76d2-401e-9e9b-5f71144f2a0c@group-1F48DA4A8CA8-LeaderElection7] INFO  impl.RoleInfo (RoleInfo.java:shutdownLeaderElection(130)) - 8aaa379b-76d2-401e-9e9b-5f71144f2a0c: shutdown 8aaa379b-76d2-401e-9e9b-5f71144f2a0c@group-1F48DA4A8CA8-LeaderElection7
2023-09-07 09:03:44,093 [8aaa379b-76d2-401e-9e9b-5f71144f2a0c@group-1F48DA4A8CA8-LeaderElection7] INFO  server.RaftServer$Division (RaftServerImpl.java:setRole(329)) - 8aaa379b-76d2-401e-9e9b-5f71144f2a0c@group-1F48DA4A8CA8: changes role from CANDIDATE to LEADER at term 1 for changeToLeader
2023-09-07 09:03:44,094 [8aaa379b-76d2-401e-9e9b-5f71144f2a0c@group-1F48DA4A8CA8-LeaderElection7] INFO  ratis.XceiverServerRatis (XceiverServerRatis.java:handleLeaderChangedNotification(902)) - Leader change notification received for group: group-1F48DA4A8CA8 with new leaderId: 8aaa379b-76d2-401e-9e9b-5f71144f2a0c
2023-09-07 09:03:44,094 [8aaa379b-76d2-401e-9e9b-5f71144f2a0c@group-1F48DA4A8CA8-LeaderElection7] INFO  server.RaftServer$Division (ServerState.java:setLeader(317)) - 8aaa379b-76d2-401e-9e9b-5f71144f2a0c@group-1F48DA4A8CA8: change Leader from null to 8aaa379b-76d2-401e-9e9b-5f71144f2a0c at term 1 for becomeLeader, leader elected after 5305ms
2023-09-07 09:03:44,094 [8aaa379b-76d2-401e-9e9b-5f71144f2a0c@group-1F48DA4A8CA8-LeaderElection7] INFO  server.RaftServerConfigKeys (ConfUtils.java:logGet(46)) - raft.server.staging.catchup.gap = 1000 (default)
2023-09-07 09:03:44,094 [8aaa379b-76d2-401e-9e9b-5f71144f2a0c@group-1F48DA4A8CA8-LeaderElection7] INFO  server.RaftServerConfigKeys (ConfUtils.java:logGet(46)) - raft.server.write.element-limit = 1024 (custom)
2023-09-07 09:03:44,095 [8aaa379b-76d2-401e-9e9b-5f71144f2a0c@group-1F48DA4A8CA8-LeaderElection7] INFO  server.RaftServerConfigKeys (ConfUtils.java:logGet(46)) - raft.server.write.byte-limit = 1024 M (=1073741824) (custom)
2023-09-07 09:03:44,095 [8aaa379b-76d2-401e-9e9b-5f71144f2a0c@group-1F48DA4A8CA8-LeaderElection7] INFO  server.RaftServerConfigKeys (ConfUtils.java:logGet(46)) - raft.server.watch.timeout = 180s (custom)
2023-09-07 09:03:44,095 [8aaa379b-76d2-401e-9e9b-5f71144f2a0c@group-1F48DA4A8CA8-LeaderElection7] INFO  server.RaftServerConfigKeys (ConfUtils.java:logGet(46)) - raft.server.watch.timeout.denomination = 1s (default)
2023-09-07 09:03:44,095 [8aaa379b-76d2-401e-9e9b-5f71144f2a0c@group-1F48DA4A8CA8-LeaderElection7] INFO  server.RaftServerConfigKeys (ConfUtils.java:logGet(46)) - raft.server.watch.element-limit = 65536 (default)
2023-09-07 09:03:44,095 [8aaa379b-76d2-401e-9e9b-5f71144f2a0c@group-1F48DA4A8CA8-LeaderElection7] INFO  server.RaftServerConfigKeys (ConfUtils.java:logGet(46)) - raft.server.write.element-limit = 1024 (custom)
2023-09-07 09:03:44,095 [8aaa379b-76d2-401e-9e9b-5f71144f2a0c@group-1F48DA4A8CA8-LeaderElection7] INFO  server.RaftServerConfigKeys (ConfUtils.java:logGet(46)) - raft.server.write.follower.gap.ratio.max = -1.0 (default)
2023-09-07 09:03:44,096 [8aaa379b-76d2-401e-9e9b-5f71144f2a0c@group-1F48DA4A8CA8-LeaderElection7] INFO  server.RaftServerConfigKeys (ConfUtils.java:logGet(46)) - raft.server.log.appender.snapshot.chunk.size.max = 16MB (=16777216) (default)
2023-09-07 09:03:44,096 [8aaa379b-76d2-401e-9e9b-5f71144f2a0c@group-1F48DA4A8CA8-LeaderElection7] INFO  server.RaftServerConfigKeys (ConfUtils.java:logGet(46)) - raft.server.log.appender.buffer.byte-limit = 33554432 (custom)
2023-09-07 09:03:44,096 [8aaa379b-76d2-401e-9e9b-5f71144f2a0c@group-1F48DA4A8CA8-LeaderElection7] INFO  server.RaftServerConfigKeys (ConfUtils.java:logGet(46)) - raft.server.log.appender.buffer.element-limit = 1 (custom)
2023-09-07 09:03:44,096 [8aaa379b-76d2-401e-9e9b-5f71144f2a0c@group-1F48DA4A8CA8-LeaderElection7] INFO  server.RaftServerConfigKeys (ConfUtils.java:logGet(46)) - raft.server.log.appender.wait-time.min = 10ms (default)
2023-09-07 09:03:44,097 [grpc-default-executor-3] INFO  server.RaftServer$Division (RaftServerImpl.java:requestVote(1302)) - e4211b8b-b648-43cb-96ad-95a5188c1410@group-1F48DA4A8CA8: receive requestVote(PRE_VOTE, 8aaa379b-76d2-401e-9e9b-5f71144f2a0c, group-1F48DA4A8CA8, 0, (t:0, i:0))
2023-09-07 09:03:44,097 [grpc-default-executor-3] INFO  impl.VoteContext (VoteContext.java:log(49)) - e4211b8b-b648-43cb-96ad-95a5188c1410@group-1F48DA4A8CA8-FOLLOWER: accept PRE_VOTE from 8aaa379b-76d2-401e-9e9b-5f71144f2a0c: our priority 0 <= candidate's priority 1
2023-09-07 09:03:44,097 [grpc-default-executor-3] INFO  server.RaftServer$Division (RaftServerImpl.java:requestVote(1335)) - e4211b8b-b648-43cb-96ad-95a5188c1410@group-1F48DA4A8CA8 replies to PRE_VOTE vote request: 8aaa379b-76d2-401e-9e9b-5f71144f2a0c<-e4211b8b-b648-43cb-96ad-95a5188c1410#0:OK-t0. Peer's state: e4211b8b-b648-43cb-96ad-95a5188c1410@group-1F48DA4A8CA8:t0, leader=null, voted=, raftlog=Memoized:e4211b8b-b648-43cb-96ad-95a5188c1410@group-1F48DA4A8CA8-SegmentedRaftLog:OPENED:c-1, conf=-1: peers:[8aaa379b-76d2-401e-9e9b-5f71144f2a0c|rpc:10.1.0.77:15025|admin:10.1.0.77:15024|client:10.1.0.77:15023|dataStream:10.1.0.77:15026|priority:1|startupRole:FOLLOWER, 125b6ccd-ab10-424e-ac54-cb3b86c02134|rpc:10.1.0.77:15016|admin:10.1.0.77:15015|client:10.1.0.77:15014|dataStream:10.1.0.77:15017|priority:0|startupRole:FOLLOWER, e4211b8b-b648-43cb-96ad-95a5188c1410|rpc:10.1.0.77:15034|admin:10.1.0.77:15033|client:10.1.0.77:15032|dataStream:10.1.0.77:15035|priority:0|startupRole:FOLLOWER]|listeners:[], old=null
2023-09-07 09:03:44,098 [grpc-default-executor-2] INFO  server.RaftServer$Division (RaftServerImpl.java:requestVote(1302)) - e4211b8b-b648-43cb-96ad-95a5188c1410@group-1F48DA4A8CA8: receive requestVote(ELECTION, 8aaa379b-76d2-401e-9e9b-5f71144f2a0c, group-1F48DA4A8CA8, 1, (t:0, i:0))
2023-09-07 09:03:44,098 [grpc-default-executor-2] INFO  impl.VoteContext (VoteContext.java:log(49)) - e4211b8b-b648-43cb-96ad-95a5188c1410@group-1F48DA4A8CA8-FOLLOWER: accept ELECTION from 8aaa379b-76d2-401e-9e9b-5f71144f2a0c: our priority 0 <= candidate's priority 1
2023-09-07 09:03:44,098 [grpc-default-executor-2] INFO  server.RaftServer$Division (RaftServerImpl.java:setRole(329)) - e4211b8b-b648-43cb-96ad-95a5188c1410@group-1F48DA4A8CA8: changes role from  FOLLOWER to FOLLOWER at term 1 for candidate:8aaa379b-76d2-401e-9e9b-5f71144f2a0c
2023-09-07 09:03:44,098 [grpc-default-executor-2] INFO  impl.RoleInfo (RoleInfo.java:shutdownFollowerState(110)) - e4211b8b-b648-43cb-96ad-95a5188c1410: shutdown e4211b8b-b648-43cb-96ad-95a5188c1410@group-1F48DA4A8CA8-FollowerState
2023-09-07 09:03:44,098 [grpc-default-executor-2] INFO  impl.RoleInfo (RoleInfo.java:updateAndGet(139)) - e4211b8b-b648-43cb-96ad-95a5188c1410: start e4211b8b-b648-43cb-96ad-95a5188c1410@group-1F48DA4A8CA8-FollowerState
2023-09-07 09:03:44,098 [e4211b8b-b648-43cb-96ad-95a5188c1410@group-1F48DA4A8CA8-FollowerState] INFO  impl.FollowerState (FollowerState.java:run(152)) - e4211b8b-b648-43cb-96ad-95a5188c1410@group-1F48DA4A8CA8-FollowerState was interrupted
2023-09-07 09:03:44,116 [grpc-default-executor-2] INFO  server.RaftServer$Division (RaftServerImpl.java:requestVote(1335)) - e4211b8b-b648-43cb-96ad-95a5188c1410@group-1F48DA4A8CA8 replies to ELECTION vote request: 8aaa379b-76d2-401e-9e9b-5f71144f2a0c<-e4211b8b-b648-43cb-96ad-95a5188c1410#0:OK-t1. Peer's state: e4211b8b-b648-43cb-96ad-95a5188c1410@group-1F48DA4A8CA8:t1, leader=null, voted=8aaa379b-76d2-401e-9e9b-5f71144f2a0c, raftlog=Memoized:e4211b8b-b648-43cb-96ad-95a5188c1410@group-1F48DA4A8CA8-SegmentedRaftLog:OPENED:c-1, conf=-1: peers:[8aaa379b-76d2-401e-9e9b-5f71144f2a0c|rpc:10.1.0.77:15025|admin:10.1.0.77:15024|client:10.1.0.77:15023|dataStream:10.1.0.77:15026|priority:1|startupRole:FOLLOWER, 125b6ccd-ab10-424e-ac54-cb3b86c02134|rpc:10.1.0.77:15016|admin:10.1.0.77:15015|client:10.1.0.77:15014|dataStream:10.1.0.77:15017|priority:0|startupRole:FOLLOWER, e4211b8b-b648-43cb-96ad-95a5188c1410|rpc:10.1.0.77:15034|admin:10.1.0.77:15033|client:10.1.0.77:15032|dataStream:10.1.0.77:15035|priority:0|startupRole:FOLLOWER]|listeners:[], old=null
2023-09-07 09:03:44,096 [8aaa379b-76d2-401e-9e9b-5f71144f2a0c@group-1F48DA4A8CA8-LeaderElection7] INFO  grpc.GrpcConfigKeys (ConfUtils.java:logGet(46)) - raft.grpc.server.leader.outstanding.appends.max = 128 (default)
2023-09-07 09:03:44,117 [8aaa379b-76d2-401e-9e9b-5f71144f2a0c@group-1F48DA4A8CA8-LeaderElection7] INFO  server.RaftServerConfigKeys (ConfUtils.java:logGet(46)) - raft.server.rpc.request.timeout = 60s (custom)
2023-09-07 09:03:44,118 [8aaa379b-76d2-401e-9e9b-5f71144f2a0c@group-1F48DA4A8CA8-LeaderElection7] INFO  grpc.GrpcConfigKeys (ConfUtils.java:logGet(46)) - raft.grpc.server.install_snapshot.request.element-limit = 8 (default)
2023-09-07 09:03:44,118 [8aaa379b-76d2-401e-9e9b-5f71144f2a0c@group-1F48DA4A8CA8-LeaderElection7] INFO  grpc.GrpcConfigKeys (ConfUtils.java:logGet(46)) - raft.grpc.server.install_snapshot.request.timeout = 3000ms (default)
2023-09-07 09:03:44,118 [8aaa379b-76d2-401e-9e9b-5f71144f2a0c@group-1F48DA4A8CA8-LeaderElection7] INFO  server.RaftServerConfigKeys (ConfUtils.java:logGet(46)) - raft.server.log.appender.install.snapshot.enabled = false (custom)
2023-09-07 09:03:44,118 [8aaa379b-76d2-401e-9e9b-5f71144f2a0c@group-1F48DA4A8CA8-LeaderElection7] INFO  grpc.GrpcConfigKeys (ConfUtils.java:logGet(46)) - raft.grpc.server.heartbeat.channel = true (default)
2023-09-07 09:03:44,119 [8aaa379b-76d2-401e-9e9b-5f71144f2a0c@group-1F48DA4A8CA8-LeaderElection7] INFO  server.RaftServerConfigKeys (ConfUtils.java:logGet(46)) - raft.server.log.appender.snapshot.chunk.size.max = 16MB (=16777216) (default)
2023-09-07 09:03:44,119 [8aaa379b-76d2-401e-9e9b-5f71144f2a0c@group-1F48DA4A8CA8-LeaderElection7] INFO  server.RaftServerConfigKeys (ConfUtils.java:logGet(46)) - raft.server.log.appender.buffer.byte-limit = 33554432 (custom)
2023-09-07 09:03:44,119 [8aaa379b-76d2-401e-9e9b-5f71144f2a0c@group-1F48DA4A8CA8-LeaderElection7] INFO  server.RaftServerConfigKeys (ConfUtils.java:logGet(46)) - raft.server.log.appender.buffer.element-limit = 1 (custom)
2023-09-07 09:03:44,119 [8aaa379b-76d2-401e-9e9b-5f71144f2a0c@group-1F48DA4A8CA8-LeaderElection7] INFO  server.RaftServerConfigKeys (ConfUtils.java:logGet(46)) - raft.server.log.appender.wait-time.min = 10ms (default)
2023-09-07 09:03:44,119 [8aaa379b-76d2-401e-9e9b-5f71144f2a0c@group-1F48DA4A8CA8-LeaderElection7] INFO  grpc.GrpcConfigKeys (ConfUtils.java:logGet(46)) - raft.grpc.server.leader.outstanding.appends.max = 128 (default)
2023-09-07 09:03:44,119 [8aaa379b-76d2-401e-9e9b-5f71144f2a0c@group-1F48DA4A8CA8-LeaderElection7] INFO  server.RaftServerConfigKeys (ConfUtils.java:logGet(46)) - raft.server.rpc.request.timeout = 60s (custom)
2023-09-07 09:03:44,123 [8aaa379b-76d2-401e-9e9b-5f71144f2a0c@group-1F48DA4A8CA8-LeaderElection7] INFO  grpc.GrpcConfigKeys (ConfUtils.java:logGet(46)) - raft.grpc.server.install_snapshot.request.element-limit = 8 (default)
2023-09-07 09:03:44,123 [8aaa379b-76d2-401e-9e9b-5f71144f2a0c@group-1F48DA4A8CA8-LeaderElection7] INFO  grpc.GrpcConfigKeys (ConfUtils.java:logGet(46)) - raft.grpc.server.install_snapshot.request.timeout = 3000ms (default)
2023-09-07 09:03:44,123 [8aaa379b-76d2-401e-9e9b-5f71144f2a0c@group-1F48DA4A8CA8-LeaderElection7] INFO  server.RaftServerConfigKeys (ConfUtils.java:logGet(46)) - raft.server.log.appender.install.snapshot.enabled = false (custom)
2023-09-07 09:03:44,123 [8aaa379b-76d2-401e-9e9b-5f71144f2a0c@group-1F48DA4A8CA8-LeaderElection7] INFO  grpc.GrpcConfigKeys (ConfUtils.java:logGet(46)) - raft.grpc.server.heartbeat.channel = true (default)
2023-09-07 09:03:44,123 [8aaa379b-76d2-401e-9e9b-5f71144f2a0c@group-1F48DA4A8CA8-LeaderElection7] INFO  impl.RoleInfo (RoleInfo.java:updateAndGet(139)) - 8aaa379b-76d2-401e-9e9b-5f71144f2a0c: start 8aaa379b-76d2-401e-9e9b-5f71144f2a0c@group-1F48DA4A8CA8-LeaderStateImpl
2023-09-07 09:03:44,122 [EventQueue-PipelineReportForReconPipelineReportHandler] INFO  scm.ReconPipelineReportHandler (ReconPipelineReportHandler.java:processPipelineReport(103)) - Pipeline RATIS/THREE PipelineID=4ae2c880-1070-4148-9b0d-1f48da4a8ca8 reported by 8aaa379b-76d2-401e-9e9b-5f71144f2a0c(fv-az200-880.axauvrbo4geuti20fntxkzjnxf.dx.internal.cloudapp.net/10.1.0.77)
2023-09-07 09:03:44,126 [8aaa379b-76d2-401e-9e9b-5f71144f2a0c@group-1F48DA4A8CA8-LeaderElection7] INFO  segmented.SegmentedRaftLogWorker (SegmentedRaftLogWorker.java:startLogSegment(447)) - 8aaa379b-76d2-401e-9e9b-5f71144f2a0c@group-1F48DA4A8CA8-SegmentedRaftLogWorker: Starting segment from index:0
2023-09-07 09:03:44,128 [8aaa379b-76d2-401e-9e9b-5f71144f2a0c@group-1F48DA4A8CA8-SegmentedRaftLogWorker] INFO  segmented.SegmentedRaftLogWorker (SegmentedRaftLogWorker.java:execute(651)) - 8aaa379b-76d2-401e-9e9b-5f71144f2a0c@group-1F48DA4A8CA8-SegmentedRaftLogWorker: created new log segment /home/runner/work/ozone/ozone/hadoop-ozone/integration-test/target/test-dir/MiniOzoneClusterImpl-9da26bb3-9e9b-4d78-afbb-0d838bea1ada/datanode-1/data/ratis/4ae2c880-1070-4148-9b0d-1f48da4a8ca8/current/log_inprogress_0
2023-09-07 09:03:44,129 [EventQueue-PipelineReportForPipelineReportHandler] INFO  pipeline.PipelineReportHandler (PipelineReportHandler.java:processPipelineReport(136)) - Opened pipeline PipelineID=4ae2c880-1070-4148-9b0d-1f48da4a8ca8
2023-09-07 09:03:44,130 [IPC Server handler 4 on default port 15001] WARN  ha.SequenceIdGenerator (SequenceIdGenerator.java:allocateBatch(253)) - Failed to allocate a batch for localId, expected lastId is 0, actual lastId is 111677748019200000.
2023-09-07 09:03:44,132 [IPC Server handler 4 on default port 15001] INFO  ha.SequenceIdGenerator (SequenceIdGenerator.java:getNextId(140)) - Allocate a batch for localId, change lastId from 111677748019200000 to 111677748019201000.
2023-09-07 09:03:44,154 [8aaa379b-76d2-401e-9e9b-5f71144f2a0c@group-1F48DA4A8CA8-LeaderElection7] INFO  server.RaftServer$Division (ServerState.java:setRaftConf(434)) - 8aaa379b-76d2-401e-9e9b-5f71144f2a0c@group-1F48DA4A8CA8: set configuration 0: peers:[8aaa379b-76d2-401e-9e9b-5f71144f2a0c|rpc:10.1.0.77:15025|admin:10.1.0.77:15024|client:10.1.0.77:15023|dataStream:10.1.0.77:15026|priority:1|startupRole:FOLLOWER, 125b6ccd-ab10-424e-ac54-cb3b86c02134|rpc:10.1.0.77:15016|admin:10.1.0.77:15015|client:10.1.0.77:15014|dataStream:10.1.0.77:15017|priority:0|startupRole:FOLLOWER, e4211b8b-b648-43cb-96ad-95a5188c1410|rpc:10.1.0.77:15034|admin:10.1.0.77:15033|client:10.1.0.77:15032|dataStream:10.1.0.77:15035|priority:0|startupRole:FOLLOWER]|listeners:[], old=null
2023-09-07 09:03:44,184 [125b6ccd-ab10-424e-ac54-cb3b86c02134-server-thread1] INFO  ratis.XceiverServerRatis (XceiverServerRatis.java:handleLeaderChangedNotification(902)) - Leader change notification received for group: group-1F48DA4A8CA8 with new leaderId: 8aaa379b-76d2-401e-9e9b-5f71144f2a0c
2023-09-07 09:03:44,184 [125b6ccd-ab10-424e-ac54-cb3b86c02134-server-thread1] INFO  server.RaftServer$Division (ServerState.java:setLeader(317)) - 125b6ccd-ab10-424e-ac54-cb3b86c02134@group-1F48DA4A8CA8: change Leader from null to 8aaa379b-76d2-401e-9e9b-5f71144f2a0c at term 1 for appendEntries, leader elected after 5407ms
2023-09-07 09:03:44,201 [e4211b8b-b648-43cb-96ad-95a5188c1410-server-thread1] INFO  ratis.XceiverServerRatis (XceiverServerRatis.java:handleLeaderChangedNotification(902)) - Leader change notification received for group: group-1F48DA4A8CA8 with new leaderId: 8aaa379b-76d2-401e-9e9b-5f71144f2a0c
2023-09-07 09:03:44,201 [e4211b8b-b648-43cb-96ad-95a5188c1410-server-thread1] INFO  server.RaftServer$Division (ServerState.java:setLeader(317)) - e4211b8b-b648-43cb-96ad-95a5188c1410@group-1F48DA4A8CA8: change Leader from null to 8aaa379b-76d2-401e-9e9b-5f71144f2a0c at term 1 for appendEntries, leader elected after 5560ms
2023-09-07 09:03:44,210 [125b6ccd-ab10-424e-ac54-cb3b86c02134-server-thread3] INFO  server.RaftServer$Division (ServerState.java:setRaftConf(434)) - 125b6ccd-ab10-424e-ac54-cb3b86c02134@group-1F48DA4A8CA8: set configuration 0: peers:[8aaa379b-76d2-401e-9e9b-5f71144f2a0c|rpc:10.1.0.77:15025|admin:10.1.0.77:15024|client:10.1.0.77:15023|dataStream:10.1.0.77:15026|priority:1|startupRole:FOLLOWER, 125b6ccd-ab10-424e-ac54-cb3b86c02134|rpc:10.1.0.77:15016|admin:10.1.0.77:15015|client:10.1.0.77:15014|dataStream:10.1.0.77:15017|priority:0|startupRole:FOLLOWER, e4211b8b-b648-43cb-96ad-95a5188c1410|rpc:10.1.0.77:15034|admin:10.1.0.77:15033|client:10.1.0.77:15032|dataStream:10.1.0.77:15035|priority:0|startupRole:FOLLOWER]|listeners:[], old=null
2023-09-07 09:03:44,211 [125b6ccd-ab10-424e-ac54-cb3b86c02134-server-thread3] INFO  segmented.SegmentedRaftLogWorker (SegmentedRaftLogWorker.java:startLogSegment(447)) - 125b6ccd-ab10-424e-ac54-cb3b86c02134@group-1F48DA4A8CA8-SegmentedRaftLogWorker: Starting segment from index:0
2023-09-07 09:03:44,213 [125b6ccd-ab10-424e-ac54-cb3b86c02134@group-1F48DA4A8CA8-SegmentedRaftLogWorker] INFO  segmented.SegmentedRaftLogWorker (SegmentedRaftLogWorker.java:execute(651)) - 125b6ccd-ab10-424e-ac54-cb3b86c02134@group-1F48DA4A8CA8-SegmentedRaftLogWorker: created new log segment /home/runner/work/ozone/ozone/hadoop-ozone/integration-test/target/test-dir/MiniOzoneClusterImpl-9da26bb3-9e9b-4d78-afbb-0d838bea1ada/datanode-0/data/ratis/4ae2c880-1070-4148-9b0d-1f48da4a8ca8/current/log_inprogress_0
2023-09-07 09:03:44,230 [e4211b8b-b648-43cb-96ad-95a5188c1410-server-thread2] INFO  server.RaftServer$Division (ServerState.java:setRaftConf(434)) - e4211b8b-b648-43cb-96ad-95a5188c1410@group-1F48DA4A8CA8: set configuration 0: peers:[8aaa379b-76d2-401e-9e9b-5f71144f2a0c|rpc:10.1.0.77:15025|admin:10.1.0.77:15024|client:10.1.0.77:15023|dataStream:10.1.0.77:15026|priority:1|startupRole:FOLLOWER, 125b6ccd-ab10-424e-ac54-cb3b86c02134|rpc:10.1.0.77:15016|admin:10.1.0.77:15015|client:10.1.0.77:15014|dataStream:10.1.0.77:15017|priority:0|startupRole:FOLLOWER, e4211b8b-b648-43cb-96ad-95a5188c1410|rpc:10.1.0.77:15034|admin:10.1.0.77:15033|client:10.1.0.77:15032|dataStream:10.1.0.77:15035|priority:0|startupRole:FOLLOWER]|listeners:[], old=null
2023-09-07 09:03:44,230 [e4211b8b-b648-43cb-96ad-95a5188c1410-server-thread2] INFO  segmented.SegmentedRaftLogWorker (SegmentedRaftLogWorker.java:startLogSegment(447)) - e4211b8b-b648-43cb-96ad-95a5188c1410@group-1F48DA4A8CA8-SegmentedRaftLogWorker: Starting segment from index:0
2023-09-07 09:03:44,232 [e4211b8b-b648-43cb-96ad-95a5188c1410@group-1F48DA4A8CA8-SegmentedRaftLogWorker] INFO  segmented.SegmentedRaftLogWorker (SegmentedRaftLogWorker.java:execute(651)) - e4211b8b-b648-43cb-96ad-95a5188c1410@group-1F48DA4A8CA8-SegmentedRaftLogWorker: created new log segment /home/runner/work/ozone/ozone/hadoop-ozone/integration-test/target/test-dir/MiniOzoneClusterImpl-9da26bb3-9e9b-4d78-afbb-0d838bea1ada/datanode-2/data/ratis/4ae2c880-1070-4148-9b0d-1f48da4a8ca8/current/log_inprogress_0
2023-09-07 09:03:44,298 [main] INFO  impl.MetricsSystemImpl (MetricsSystemImpl.java:init(158)) - XceiverClientMetrics metrics system started (again)
2023-09-07 09:03:44,299 [main] INFO  lib.Interns (Interns.java:removeEldestEntry(50)) - Metrics intern cache overflow at 2011 for MetricsSystem={MetricsSystem=MetricsInfoImpl{name=MetricsSystem, description=MetricsSystem}, MetricsSystem record=MetricsInfoImpl{name=MetricsSystem, description=MetricsSystem record}}
2023-09-07 09:03:44,592 [FixedThreadPoolWithAffinityExecutor-8-0] INFO  scm.ReconContainerManager (ReconContainerManager.java:checkAndAddNewContainer(114)) - New container #1 got from fv-az200-880.axauvrbo4geuti20fntxkzjnxf.dx.internal.cloudapp.net.
2023-09-07 09:03:44,611 [FixedThreadPoolWithAffinityExecutor-1-0] INFO  scm.ReconContainerManager (ReconContainerManager.java:checkAndAddNewContainer(114)) - New container #1 got from fv-az200-880.axauvrbo4geuti20fntxkzjnxf.dx.internal.cloudapp.net.
2023-09-07 09:03:44,617 [FixedThreadPoolWithAffinityExecutor-1-0] INFO  scm.ReconContainerManager (ReconContainerManager.java:addNewContainer(238)) - Successfully added container #1 to Recon.
2023-09-07 09:03:44,619 [FixedThreadPoolWithAffinityExecutor-8-0] INFO  scm.ReconContainerManager (ReconContainerManager.java:addNewContainer(238)) - Successfully added container #1 to Recon.
2023-09-07 09:03:44,887 [FixedThreadPoolWithAffinityExecutor-8-0] INFO  scm.ReconContainerManager (ReconContainerManager.java:checkAndAddNewContainer(114)) - New container #2 got from fv-az200-880.axauvrbo4geuti20fntxkzjnxf.dx.internal.cloudapp.net.
2023-09-07 09:03:44,890 [FixedThreadPoolWithAffinityExecutor-8-0] INFO  scm.ReconContainerManager (ReconContainerManager.java:addNewContainer(238)) - Successfully added container #2 to Recon.
2023-09-07 09:03:45,001 [FixedThreadPoolWithAffinityExecutor-1-0] INFO  scm.ReconContainerManager (ReconContainerManager.java:checkAndAddNewContainer(114)) - New container #3 got from fv-az200-880.axauvrbo4geuti20fntxkzjnxf.dx.internal.cloudapp.net.
2023-09-07 09:03:45,004 [FixedThreadPoolWithAffinityExecutor-8-0] INFO  scm.ReconContainerManager (ReconContainerManager.java:checkAndAddNewContainer(114)) - New container #3 got from fv-az200-880.axauvrbo4geuti20fntxkzjnxf.dx.internal.cloudapp.net.
2023-09-07 09:03:45,018 [FixedThreadPoolWithAffinityExecutor-1-0] INFO  scm.ReconContainerManager (ReconContainerManager.java:addNewContainer(238)) - Successfully added container #3 to Recon.
2023-09-07 09:03:45,019 [FixedThreadPoolWithAffinityExecutor-8-0] INFO  scm.ReconContainerManager (ReconContainerManager.java:addNewContainer(238)) - Successfully added container #3 to Recon.
2023-09-07 09:03:45,131 [FixedThreadPoolWithAffinityExecutor-1-0] INFO  scm.ReconContainerManager (ReconContainerManager.java:checkAndAddNewContainer(114)) - New container #4 got from fv-az200-880.axauvrbo4geuti20fntxkzjnxf.dx.internal.cloudapp.net.
2023-09-07 09:03:45,147 [FixedThreadPoolWithAffinityExecutor-1-0] INFO  scm.ReconContainerManager (ReconContainerManager.java:addNewContainer(238)) - Successfully added container #4 to Recon.
09:03:51.422 [IPC Server handler 3 on default port 15004] ERROR OMAudit - user=runner | ip=127.0.0.1 | op=GET_FILE_STATUS {volume=volume32593, bucket=bucket21174, key=largeDirectory, dataSize=0, replicationConfig=null} | ret=FAILURE
org.apache.hadoop.ozone.om.exceptions.OMException: Unable to get file status: volume: volume32593 bucket: bucket21174 key: largeDirectory
	at org.apache.hadoop.ozone.om.KeyManagerImpl.getOzoneFileStatusFSO(KeyManagerImpl.java:1320) ~[ozone-manager-1.4.0-SNAPSHOT.jar:?]
	at org.apache.hadoop.ozone.om.KeyManagerImpl.getFileStatus(KeyManagerImpl.java:1111) ~[ozone-manager-1.4.0-SNAPSHOT.jar:?]
	at org.apache.hadoop.ozone.om.OmMetadataReader.getFileStatus(OmMetadataReader.java:262) ~[ozone-manager-1.4.0-SNAPSHOT.jar:?]
	at org.apache.hadoop.ozone.om.OzoneManager.getFileStatus(OzoneManager.java:3530) ~[ozone-manager-1.4.0-SNAPSHOT.jar:?]
	at org.apache.hadoop.ozone.protocolPB.OzoneManagerRequestHandler.getOzoneFileStatus(OzoneManagerRequestHandler.java:971) ~[ozone-manager-1.4.0-SNAPSHOT.jar:?]
	at org.apache.hadoop.ozone.protocolPB.OzoneManagerRequestHandler.handleReadRequest(OzoneManagerRequestHandler.java:250) ~[ozone-manager-1.4.0-SNAPSHOT.jar:?]
	at org.apache.hadoop.ozone.protocolPB.OzoneManagerProtocolServerSideTranslatorPB.submitReadRequestToOM(OzoneManagerProtocolServerSideTranslatorPB.java:225) ~[ozone-manager-1.4.0-SNAPSHOT.jar:?]
	at org.apache.hadoop.ozone.protocolPB.OzoneManagerProtocolServerSideTranslatorPB.processRequest(OzoneManagerProtocolServerSideTranslatorPB.java:179) ~[ozone-manager-1.4.0-SNAPSHOT.jar:?]
	at org.apache.hadoop.hdds.server.OzoneProtocolMessageDispatcher.processRequest(OzoneProtocolMessageDispatcher.java:87) [hdds-server-framework-1.4.0-SNAPSHOT.jar:?]
	at org.apache.hadoop.ozone.protocolPB.OzoneManagerProtocolServerSideTranslatorPB.submitRequest(OzoneManagerProtocolServerSideTranslatorPB.java:148) [ozone-manager-1.4.0-SNAPSHOT.jar:?]
	at org.apache.hadoop.ozone.protocol.proto.OzoneManagerProtocolProtos$OzoneManagerService$2.callBlockingMethod(OzoneManagerProtocolProtos.java) [ozone-interface-client-1.4.0-SNAPSHOT.jar:?]
	at org.apache.hadoop.ipc.ProtobufRpcEngine$Server.processCall(ProtobufRpcEngine.java:484) [hadoop-common-3.3.6.jar:?]
	at org.apache.hadoop.ipc.ProtobufRpcEngine2$Server$ProtoBufRpcInvoker.call(ProtobufRpcEngine2.java:595) [hadoop-common-3.3.6.jar:?]
	at org.apache.hadoop.ipc.ProtobufRpcEngine2$Server$ProtoBufRpcInvoker.call(ProtobufRpcEngine2.java:573) [hadoop-common-3.3.6.jar:?]
	at org.apache.hadoop.ipc.RPC$Server.call(RPC.java:1227) [hadoop-common-3.3.6.jar:?]
	at org.apache.hadoop.ipc.Server$RpcCall.run(Server.java:1094) [hadoop-common-3.3.6.jar:?]
	at org.apache.hadoop.ipc.Server$RpcCall.run(Server.java:1017) [hadoop-common-3.3.6.jar:?]
	at java.security.AccessController.doPrivileged(Native Method) ~[?:1.8.0_382]
	at javax.security.auth.Subject.doAs(Subject.java:422) [?:1.8.0_382]
	at org.apache.hadoop.security.UserGroupInformation.doAs(UserGroupInformation.java:1899) [hadoop-common-3.3.6.jar:?]
	at org.apache.hadoop.ipc.Server$Handler.run(Server.java:3048) [hadoop-common-3.3.6.jar:?]
2023-09-07 09:03:51,444 [main] INFO  impl.OzoneManagerServiceProviderImpl (OzoneManagerServiceProviderImpl.java:syncDataFromOM(490)) - Syncing data from Ozone Manager.
2023-09-07 09:03:51,444 [main] INFO  impl.OzoneManagerServiceProviderImpl (OzoneManagerServiceProviderImpl.java:syncDataFromOM(525)) - Obtaining full snapshot from Ozone Manager
2023-09-07 09:03:51,577 [qtp1648385724-157] INFO  utils.DBCheckpointServlet (DBCheckpointServlet.java:doGet(301)) - Received GET request to obtain DB checkpoint snapshot
2023-09-07 09:03:52,415 [qtp1648385724-157] INFO  om.OMDBCheckpointServlet (OMDBCheckpointServlet.java:getCheckpoint(246)) - Compaction pausing 1 started.
2023-09-07 09:03:52,490 [qtp1648385724-157] INFO  db.RDBCheckpointManager (RDBCheckpointManager.java:createCheckpoint(89)) - Created checkpoint in rocksDB at /home/runner/work/ozone/ozone/hadoop-ozone/integration-test/target/test-dir/MiniOzoneClusterImpl-9da26bb3-9e9b-4d78-afbb-0d838bea1ada/ozone-meta/db.checkpoints/om.db_checkpoint_1694077432429 in 61 milliseconds
2023-09-07 09:03:52,515 [qtp1648385724-157] INFO  db.RDBCheckpointUtils (RDBCheckpointUtils.java:waitForCheckpointDirectoryExist(60)) - Waited for 23 milliseconds for checkpoint directory /home/runner/work/ozone/ozone/hadoop-ozone/integration-test/target/test-dir/MiniOzoneClusterImpl-9da26bb3-9e9b-4d78-afbb-0d838bea1ada/ozone-meta/db.checkpoints/om.db_checkpoint_1694077432429 availability.
2023-09-07 09:03:52,518 [qtp1648385724-157] INFO  om.OMDBCheckpointServlet (OMDBCheckpointServlet.java:getCheckpoint(259)) - Compaction pausing 1 ended. Elapsed ms: 103
2023-09-07 09:03:52,543 [qtp1648385724-157] INFO  utils.DBCheckpointServlet (DBCheckpointServlet.java:generateSnapshotCheckpoint(225)) - Time taken to write the checkpoint to response output stream: 24 milliseconds
2023-09-07 09:03:52,543 [qtp1648385724-157] INFO  utils.DBCheckpointServlet (DBCheckpointServlet.java:generateSnapshotCheckpoint(228)) - Excluded SST [] from the latest checkpoint.
2023-09-07 09:03:52,558 [qtp1648385724-157] INFO  db.RocksDBCheckpoint (RocksDBCheckpoint.java:cleanupCheckpoint(78)) - Cleaning up RocksDB checkpoint at /home/runner/work/ozone/ozone/hadoop-ozone/integration-test/target/test-dir/MiniOzoneClusterImpl-9da26bb3-9e9b-4d78-afbb-0d838bea1ada/ozone-meta/db.checkpoints/om.db_checkpoint_1694077432429
2023-09-07 09:03:52,569 [main] INFO  impl.OzoneManagerServiceProviderImpl (OzoneManagerServiceProviderImpl.java:updateReconOmDBWithNewSnapshot(381)) - Got new checkpoint from OM : /tmp/junit4547084550709670457/junit4281527093979544809/om.snapshot.db_1694077431445
2023-09-07 09:03:52,570 [main] INFO  helpers.OmKeyInfo (OmKeyInfo.java:getCodec(71)) - OmKeyInfo.getCodec ignorePipeline = true
2023-09-07 09:03:52,654 [main] INFO  recovery.ReconOmMetadataManagerImpl (ReconOmMetadataManagerImpl.java:initializeNewRdbStore(96)) - Created OM DB handle from snapshot at /tmp/junit4547084550709670457/junit4281527093979544809/om.snapshot.db_1694077431445.
2023-09-07 09:03:52,665 [main] INFO  impl.OzoneManagerServiceProviderImpl (OzoneManagerServiceProviderImpl.java:syncDataFromOM(538)) - Calling reprocess on Recon tasks.
2023-09-07 09:03:52,966 [pool-92-thread-1] INFO  tasks.OmTableInsightTask (OmTableInsightTask.java:reprocess(134)) - Completed a 'reprocess' run of OmTableInsightTask.
2023-09-07 09:03:52,981 [pool-311-thread-2] INFO  tasks.NSSummaryTaskWithLegacy (NSSummaryTaskWithLegacy.java:reprocessWithLegacy(267)) - Completed a reprocess run of NSSummaryTaskWithLegacy
2023-09-07 09:03:53,006 [pool-311-thread-1] INFO  tasks.NSSummaryTaskWithFSO (NSSummaryTaskWithFSO.java:reprocessWithFSO(213)) - Completed a reprocess run of NSSummaryTaskWithFSO
2023-09-07 09:03:53,006 [pool-92-thread-1] INFO  tasks.ContainerKeyMapperTask (ContainerKeyMapperTask.java:reprocess(97)) - Starting a 'reprocess' run of ContainerKeyMapperTask.
2023-09-07 09:03:53,007 [pool-92-thread-1] INFO  impl.ReconContainerMetadataManagerImpl (ReconContainerMetadataManagerImpl.java:initializeTables(141)) - KEY_CONTAINER Table is empty, initializing from CONTAINER_KEY Table ...
2023-09-07 09:03:53,007 [pool-92-thread-1] INFO  impl.ReconContainerMetadataManagerImpl (ReconContainerMetadataManagerImpl.java:initializeKeyContainerTable(657)) - It took 0.0 seconds to initialized 0 records to KEY_CONTAINER table
2023-09-07 09:03:53,097 [pool-92-thread-1] INFO  tasks.ContainerKeyMapperTask (ContainerKeyMapperTask.java:reprocess(140)) - Completed 'reprocess' of ContainerKeyMapperTask.
2023-09-07 09:03:53,098 [pool-92-thread-1] INFO  tasks.ContainerKeyMapperTask (ContainerKeyMapperTask.java:reprocess(143)) - It took me 0.091 seconds to process 100 keys.
2023-09-07 09:03:53,118 [pool-92-thread-1] INFO  tasks.FileSizeCountTask (FileSizeCountTask.java:reprocess(84)) - Deleted 0 records from "FILE_COUNT_BY_SIZE"
2023-09-07 09:03:53,148 [pool-92-thread-1] INFO  tasks.FileSizeCountTask (FileSizeCountTask.java:reprocess(99)) - Completed a 'reprocess' run of FileSizeCountTask.
2023-09-07 09:03:53,408 [KeyDeletingService#0] INFO  utils.BackgroundService (AbstractKeyDeletingService.java:optimizeDirDeletesAndSubmitRequest(445)) - Number of dirs deleted: 0, Number of sub-dir deleted: 0, Number of sub-files moved: 0 to DeletedTable, Number of sub-dirs moved 5 to DeletedDirectoryTable, iteration elapsed: 25ms, totalRunCount: 21
]]></system-out>
  </testcase>
  <testcase name="testGetDeletedDirectoryInfoForNestedDirectories" classname="org.apache.hadoop.ozone.recon.TestReconInsightsForDeletedDirectories" time="1.378">
    <system-out><![CDATA[2023-09-07 09:03:55,491 [main] INFO  recon.TestReconInsightsForDeletedDirectories (TestReconInsightsForDeletedDirectories.java:assertTableRowCount(479)) - fileTable actual row count=3, expectedCount=3
2023-09-07 09:03:55,492 [main] INFO  recon.TestReconInsightsForDeletedDirectories (TestReconInsightsForDeletedDirectories.java:assertTableRowCount(479)) - directoryTable actual row count=3, expectedCount=3
2023-09-07 09:03:55,494 [main] INFO  impl.OzoneManagerServiceProviderImpl (OzoneManagerServiceProviderImpl.java:syncDataFromOM(490)) - Syncing data from Ozone Manager.
2023-09-07 09:03:55,504 [main] INFO  helpers.OmKeyInfo (OmKeyInfo.java:getCodec(71)) - OmKeyInfo.getCodec ignorePipeline = true
2023-09-07 09:03:55,504 [main] INFO  helpers.OmKeyInfo (OmKeyInfo.java:getCodec(71)) - OmKeyInfo.getCodec ignorePipeline = true
2023-09-07 09:03:55,505 [main] INFO  helpers.OmKeyInfo (OmKeyInfo.java:getCodec(71)) - OmKeyInfo.getCodec ignorePipeline = true
2023-09-07 09:03:55,505 [main] INFO  helpers.OmKeyInfo (OmKeyInfo.java:getCodec(71)) - OmKeyInfo.getCodec ignorePipeline = true
2023-09-07 09:03:55,505 [main] INFO  helpers.OmKeyInfo (OmKeyInfo.java:getCodec(71)) - OmKeyInfo.getCodec ignorePipeline = true
2023-09-07 09:03:55,512 [main] INFO  impl.OzoneManagerServiceProviderImpl (OzoneManagerServiceProviderImpl.java:syncDataFromOM(500)) - Obtaining delta updates from Ozone Manager
2023-09-07 09:03:55,512 [main] INFO  impl.OzoneManagerServiceProviderImpl (OzoneManagerServiceProviderImpl.java:getAndApplyDeltaUpdatesFromOM(409)) - OriginalFromSequenceNumber : 745 
2023-09-07 09:03:55,723 [main] INFO  impl.OzoneManagerServiceProviderImpl (OzoneManagerServiceProviderImpl.java:innerGetAndApplyDeltaUpdatesFromOM(476)) - Number of updates received from OM : 119, SequenceNumber diff: 149, SequenceNumber Lag from OM 0.
2023-09-07 09:03:55,724 [main] INFO  impl.OzoneManagerServiceProviderImpl (OzoneManagerServiceProviderImpl.java:getAndApplyDeltaUpdatesFromOM(429)) - Delta updates received from OM : 1 loops, 149 records
2023-09-07 09:03:56,106 [pool-92-thread-1] INFO  tasks.OmTableInsightTask (OmTableInsightTask.java:process(265)) - Completed a 'process' run of OmTableInsightTask.
2023-09-07 09:03:56,114 [pool-92-thread-1] INFO  tasks.NSSummaryTaskWithFSO (NSSummaryTaskWithFSO.java:processWithFSO(165)) - Completed a process run of NSSummaryTaskWithFSO
2023-09-07 09:03:56,116 [pool-92-thread-1] INFO  tasks.NSSummaryTaskWithLegacy (NSSummaryTaskWithLegacy.java:processWithLegacy(205)) - Completed a process run of NSSummaryTaskWithLegacy
2023-09-07 09:03:56,150 [pool-92-thread-1] INFO  tasks.ContainerKeyMapperTask (ContainerKeyMapperTask.java:process(261)) - ContainerKeyMapperTask successfully processed 103 OM DB update event(s).
2023-09-07 09:03:56,202 [pool-92-thread-1] INFO  tasks.FileSizeCountTask (FileSizeCountTask.java:process(201)) - Completed a 'process' run of FileSizeCountTask.
2023-09-07 09:03:56,214 [main] INFO  recon.TestReconInsightsForDeletedDirectories (TestReconInsightsForDeletedDirectories.java:assertTableRowCount(479)) - fileTable actual row count=3, expectedCount=3
2023-09-07 09:03:56,218 [main] INFO  recon.TestReconInsightsForDeletedDirectories (TestReconInsightsForDeletedDirectories.java:assertTableRowCount(479)) - directoryTable actual row count=3, expectedCount=3
2023-09-07 09:03:56,219 [main] INFO  recon.TestReconInsightsForDeletedDirectories (TestReconInsightsForDeletedDirectories.java:assertTableRowCount(479)) - deletedDirectoryTable actual row count=0, expectedCount=0
2023-09-07 09:03:56,241 [main] INFO  impl.OzoneManagerServiceProviderImpl (OzoneManagerServiceProviderImpl.java:syncDataFromOM(490)) - Syncing data from Ozone Manager.
2023-09-07 09:03:56,241 [main] INFO  impl.OzoneManagerServiceProviderImpl (OzoneManagerServiceProviderImpl.java:syncDataFromOM(500)) - Obtaining delta updates from Ozone Manager
2023-09-07 09:03:56,242 [main] INFO  impl.OzoneManagerServiceProviderImpl (OzoneManagerServiceProviderImpl.java:getAndApplyDeltaUpdatesFromOM(409)) - OriginalFromSequenceNumber : 894 
2023-09-07 09:03:56,246 [main] INFO  impl.OzoneManagerServiceProviderImpl (OzoneManagerServiceProviderImpl.java:innerGetAndApplyDeltaUpdatesFromOM(476)) - Number of updates received from OM : 1, SequenceNumber diff: 4, SequenceNumber Lag from OM 0.
2023-09-07 09:03:56,246 [main] INFO  impl.OzoneManagerServiceProviderImpl (OzoneManagerServiceProviderImpl.java:getAndApplyDeltaUpdatesFromOM(429)) - Delta updates received from OM : 1 loops, 4 records
2023-09-07 09:03:56,458 [pool-92-thread-1] INFO  tasks.OmTableInsightTask (OmTableInsightTask.java:process(265)) - Completed a 'process' run of OmTableInsightTask.
2023-09-07 09:03:56,460 [pool-92-thread-1] INFO  tasks.NSSummaryTaskWithFSO (NSSummaryTaskWithFSO.java:processWithFSO(165)) - Completed a process run of NSSummaryTaskWithFSO
2023-09-07 09:03:56,460 [pool-92-thread-1] INFO  tasks.NSSummaryTaskWithLegacy (NSSummaryTaskWithLegacy.java:processWithLegacy(205)) - Completed a process run of NSSummaryTaskWithLegacy
2023-09-07 09:03:56,460 [pool-92-thread-1] INFO  tasks.ContainerKeyMapperTask (ContainerKeyMapperTask.java:process(261)) - ContainerKeyMapperTask successfully processed 0 OM DB update event(s).
2023-09-07 09:03:56,460 [pool-92-thread-1] INFO  tasks.FileSizeCountTask (FileSizeCountTask.java:process(201)) - Completed a 'process' run of FileSizeCountTask.
2023-09-07 09:03:56,474 [main] INFO  recon.TestReconInsightsForDeletedDirectories (TestReconInsightsForDeletedDirectories.java:assertTableRowCount(479)) - fileTable actual row count=3, expectedCount=3
2023-09-07 09:03:56,475 [main] INFO  recon.TestReconInsightsForDeletedDirectories (TestReconInsightsForDeletedDirectories.java:assertTableRowCount(479)) - directoryTable actual row count=2, expectedCount=2
2023-09-07 09:03:56,476 [main] INFO  recon.TestReconInsightsForDeletedDirectories (TestReconInsightsForDeletedDirectories.java:assertTableRowCount(479)) - deletedDirectoryTable actual row count=1, expectedCount=1
]]></system-out>
  </testcase>
  <testcase name="testGetDeletedDirectoryInfo" classname="org.apache.hadoop.ozone.recon.TestReconInsightsForDeletedDirectories" time="142.31">
    <error type="java.util.concurrent.TimeoutException"><![CDATA[java.util.concurrent.TimeoutException: 
Timed out waiting for condition. Thread diagnostics:
Timestamp: 2023-09-07 09:06:18,737

"qtp1695980007-254" daemon prio=5 tid=254 timed_waiting
java.lang.Thread.State: TIMED_WAITING
        at sun.misc.Unsafe.park(Native Method)
        at java.util.concurrent.locks.LockSupport.parkNanos(LockSupport.java:215)
        at java.util.concurrent.locks.AbstractQueuedSynchronizer$ConditionObject.awaitNanos(AbstractQueuedSynchronizer.java:2078)
        at org.eclipse.jetty.util.BlockingArrayQueue.poll(BlockingArrayQueue.java:382)
        at org.eclipse.jetty.util.thread.QueuedThreadPool$Runner.idleJobPoll(QueuedThreadPool.java:974)
        at org.eclipse.jetty.util.thread.QueuedThreadPool$Runner.run(QueuedThreadPool.java:1018)
        at java.lang.Thread.run(Thread.java:750)
"qtp1704019169-283" daemon prio=5 tid=283 timed_waiting
java.lang.Thread.State: TIMED_WAITING
        at sun.misc.Unsafe.park(Native Method)
        at java.util.concurrent.locks.LockSupport.parkNanos(LockSupport.java:215)
        at java.util.concurrent.locks.AbstractQueuedSynchronizer$ConditionObject.awaitNanos(AbstractQueuedSynchronizer.java:2078)
        at org.eclipse.jetty.util.BlockingArrayQueue.poll(BlockingArrayQueue.java:382)
        at org.eclipse.jetty.util.thread.QueuedThreadPool$Runner.idleJobPoll(QueuedThreadPool.java:974)
        at org.eclipse.jetty.util.thread.QueuedThreadPool$Runner.run(QueuedThreadPool.java:1018)
        at java.lang.Thread.run(Thread.java:750)
"IPC Client (1032600842) connection to 0.0.0.0/0.0.0.0:15002 from runner" daemon prio=5 tid=335 timed_waiting
java.lang.Thread.State: TIMED_WAITING
        at java.lang.Object.wait(Native Method)
        at org.apache.hadoop.ipc.Client$Connection.waitForWork(Client.java:1026)
        at org.apache.hadoop.ipc.Client$Connection.run(Client.java:1077)
"IPC Server handler 15 on default port 15002" daemon prio=5 tid=104 timed_waiting
java.lang.Thread.State: TIMED_WAITING
        at sun.misc.Unsafe.park(Native Method)
        at java.util.concurrent.locks.LockSupport.parkNanos(LockSupport.java:215)
        at java.util.concurrent.locks.AbstractQueuedSynchronizer$ConditionObject.awaitNanos(AbstractQueuedSynchronizer.java:2078)
        at java.util.concurrent.LinkedBlockingQueue.poll(LinkedBlockingQueue.java:467)
        at org.apache.hadoop.ipc.CallQueueManager.take(CallQueueManager.java:317)
        at org.apache.hadoop.ipc.Server$Handler.run(Server.java:3014)
"SCM Heartbeat Processing Thread - 0" daemon prio=5 tid=190 timed_waiting
java.lang.Thread.State: TIMED_WAITING
        at sun.misc.Unsafe.park(Native Method)
        at java.util.concurrent.locks.LockSupport.parkNanos(LockSupport.java:215)
        at java.util.concurrent.locks.AbstractQueuedSynchronizer$ConditionObject.awaitNanos(AbstractQueuedSynchronizer.java:2078)
        at java.util.concurrent.ScheduledThreadPoolExecutor$DelayedWorkQueue.take(ScheduledThreadPoolExecutor.java:1093)
        at java.util.concurrent.ScheduledThreadPoolExecutor$DelayedWorkQueue.take(ScheduledThreadPoolExecutor.java:809)
        at java.util.concurrent.ThreadPoolExecutor.getTask(ThreadPoolExecutor.java:1074)
        at java.util.concurrent.ThreadPoolExecutor.runWorker(ThreadPoolExecutor.java:1134)
        at java.util.concurrent.ThreadPoolExecutor$Worker.run(ThreadPoolExecutor.java:624)
        at java.lang.Thread.run(Thread.java:750)
"qtp1811082427-117" daemon prio=5 tid=117 timed_waiting
java.lang.Thread.State: TIMED_WAITING
        at sun.misc.Unsafe.park(Native Method)
        at java.util.concurrent.locks.LockSupport.parkNanos(LockSupport.java:215)
        at java.util.concurrent.locks.AbstractQueuedSynchronizer$ConditionObject.awaitNanos(AbstractQueuedSynchronizer.java:2078)
        at org.eclipse.jetty.util.BlockingArrayQueue.poll(BlockingArrayQueue.java:382)
        at org.eclipse.jetty.util.thread.QueuedThreadPool$Runner.idleJobPoll(QueuedThreadPool.java:974)
        at org.eclipse.jetty.util.thread.QueuedThreadPool$Runner.run(QueuedThreadPool.java:1018)
        at java.lang.Thread.run(Thread.java:750)
"Timer-1" daemon prio=5 tid=185 in Object.wait()
java.lang.Thread.State: WAITING (on object monitor)
        at java.lang.Object.wait(Native Method)
        at java.lang.Object.wait(Object.java:502)
        at java.util.TimerThread.mainLoop(Timer.java:526)
        at java.util.TimerThread.run(Timer.java:505)
"EventQueue-NewNodeForNewNodeHandler" daemon prio=5 tid=384 in Object.wait()
java.lang.Thread.State: WAITING (on object monitor)
        at sun.misc.Unsafe.park(Native Method)
        at java.util.concurrent.locks.LockSupport.park(LockSupport.java:175)
        at java.util.concurrent.locks.AbstractQueuedSynchronizer$ConditionObject.await(AbstractQueuedSynchronizer.java:2039)
        at java.util.concurrent.LinkedBlockingQueue.take(LinkedBlockingQueue.java:442)
        at java.util.concurrent.ThreadPoolExecutor.getTask(ThreadPoolExecutor.java:1074)
        at java.util.concurrent.ThreadPoolExecutor.runWorker(ThreadPoolExecutor.java:1134)
        at java.util.concurrent.ThreadPoolExecutor$Worker.run(ThreadPoolExecutor.java:624)
        at java.lang.Thread.run(Thread.java:750)
"IPC Server listener on 15001" daemon prio=5 tid=28 runnable
java.lang.Thread.State: RUNNABLE
        at sun.nio.ch.EPollArrayWrapper.epollWait(Native Method)
        at sun.nio.ch.EPollArrayWrapper.poll(EPollArrayWrapper.java:269)
        at sun.nio.ch.EPollSelectorImpl.doSelect(EPollSelectorImpl.java:93)
        at sun.nio.ch.SelectorImpl.lockAndDoSelect(SelectorImpl.java:86)
        at sun.nio.ch.SelectorImpl.select(SelectorImpl.java:97)
        at sun.nio.ch.SelectorImpl.select(SelectorImpl.java:101)
        at org.apache.hadoop.ipc.Server$Listener.run(Server.java:1408)
"IPC Server handler 6 on default port 15009" daemon prio=5 tid=225 timed_waiting
java.lang.Thread.State: TIMED_WAITING
        at sun.misc.Unsafe.park(Native Method)
        at java.util.concurrent.locks.LockSupport.parkNanos(LockSupport.java:215)
        at java.util.concurrent.locks.AbstractQueuedSynchronizer$ConditionObject.awaitNanos(AbstractQueuedSynchronizer.java:2078)
        at java.util.concurrent.LinkedBlockingQueue.poll(LinkedBlockingQueue.java:467)
        at org.apache.hadoop.ipc.CallQueueManager.take(CallQueueManager.java:317)
        at org.apache.hadoop.ipc.Server$Handler.run(Server.java:3014)
"ContainerOp-a2d281d2-730c-4a02-9c2e-ca4ce5b48592-7"  prio=5 tid=595 in Object.wait()
java.lang.Thread.State: WAITING (on object monitor)
        at sun.misc.Unsafe.park(Native Method)
        at java.util.concurrent.locks.LockSupport.park(LockSupport.java:175)
        at java.util.concurrent.locks.AbstractQueuedSynchronizer$ConditionObject.await(AbstractQueuedSynchronizer.java:2039)
        at java.util.concurrent.LinkedBlockingQueue.take(LinkedBlockingQueue.java:442)
        at java.util.concurrent.ThreadPoolExecutor.getTask(ThreadPoolExecutor.java:1074)
        at java.util.concurrent.ThreadPoolExecutor.runWorker(ThreadPoolExecutor.java:1134)
        at java.util.concurrent.ThreadPoolExecutor$Worker.run(ThreadPoolExecutor.java:624)
        at java.lang.Thread.run(Thread.java:750)
"IPC Server handler 2 on default port 15009" daemon prio=5 tid=221 timed_waiting
java.lang.Thread.State: TIMED_WAITING
        at sun.misc.Unsafe.park(Native Method)
        at java.util.concurrent.locks.LockSupport.parkNanos(LockSupport.java:215)
        at java.util.concurrent.locks.AbstractQueuedSynchronizer$ConditionObject.awaitNanos(AbstractQueuedSynchronizer.java:2078)
        at java.util.concurrent.LinkedBlockingQueue.poll(LinkedBlockingQueue.java:467)
        at org.apache.hadoop.ipc.CallQueueManager.take(CallQueueManager.java:317)
        at org.apache.hadoop.ipc.Server$Handler.run(Server.java:3014)
"ChunkWriter-2-0" daemon prio=5 tid=344 in Object.wait()
java.lang.Thread.State: WAITING (on object monitor)
        at sun.misc.Unsafe.park(Native Method)
        at java.util.concurrent.locks.LockSupport.park(LockSupport.java:175)
        at java.util.concurrent.locks.AbstractQueuedSynchronizer$ConditionObject.await(AbstractQueuedSynchronizer.java:2039)
        at java.util.concurrent.LinkedBlockingDeque.takeFirst(LinkedBlockingDeque.java:492)
        at java.util.concurrent.LinkedBlockingDeque.take(LinkedBlockingDeque.java:680)
        at java.util.concurrent.ThreadPoolExecutor.getTask(ThreadPoolExecutor.java:1074)
        at java.util.concurrent.ThreadPoolExecutor.runWorker(ThreadPoolExecutor.java:1134)
        at java.util.concurrent.ThreadPoolExecutor$Worker.run(ThreadPoolExecutor.java:624)
        at java.lang.Thread.run(Thread.java:750)
"IPC Server Responder" daemon prio=5 tid=26 runnable
java.lang.Thread.State: RUNNABLE
        at sun.nio.ch.EPollArrayWrapper.epollWait(Native Method)
        at sun.nio.ch.EPollArrayWrapper.poll(EPollArrayWrapper.java:269)
        at sun.nio.ch.EPollSelectorImpl.doSelect(EPollSelectorImpl.java:93)
        at sun.nio.ch.SelectorImpl.lockAndDoSelect(SelectorImpl.java:86)
        at sun.nio.ch.SelectorImpl.select(SelectorImpl.java:97)
        at org.apache.hadoop.ipc.Server$Responder.doRunLoop(Server.java:1582)
        at org.apache.hadoop.ipc.Server$Responder.run(Server.java:1565)
"Datanode State Machine Daemon Thread" daemon prio=5 tid=295 timed_waiting
java.lang.Thread.State: TIMED_WAITING
        at java.lang.Thread.sleep(Native Method)
        at org.apache.hadoop.ozone.container.common.statemachine.DatanodeStateMachine.startStateMachineThread(DatanodeStateMachine.java:352)
        at org.apache.hadoop.ozone.container.common.statemachine.DatanodeStateMachine.lambda$startDaemon$0(DatanodeStateMachine.java:539)
        at org.apache.hadoop.ozone.container.common.statemachine.DatanodeStateMachine$$Lambda$1236/1550963509.run(Unknown Source)
        at java.lang.Thread.run(Thread.java:750)
"IPC Server handler 5 on default port 15000" daemon prio=5 tid=54 timed_waiting
java.lang.Thread.State: TIMED_WAITING
        at sun.misc.Unsafe.park(Native Method)
        at java.util.concurrent.locks.LockSupport.parkNanos(LockSupport.java:215)
        at java.util.concurrent.locks.AbstractQueuedSynchronizer$ConditionObject.awaitNanos(AbstractQueuedSynchronizer.java:2078)
        at java.util.concurrent.LinkedBlockingQueue.poll(LinkedBlockingQueue.java:467)
        at org.apache.hadoop.ipc.CallQueueManager.take(CallQueueManager.java:317)
        at org.apache.hadoop.ipc.Server$Handler.run(Server.java:3014)
"IPC Server handler 3 on default port 15000" daemon prio=5 tid=52 timed_waiting
java.lang.Thread.State: TIMED_WAITING
        at sun.misc.Unsafe.park(Native Method)
        at java.util.concurrent.locks.LockSupport.parkNanos(LockSupport.java:215)
        at java.util.concurrent.locks.AbstractQueuedSynchronizer$ConditionObject.awaitNanos(AbstractQueuedSynchronizer.java:2078)
        at java.util.concurrent.LinkedBlockingQueue.poll(LinkedBlockingQueue.java:467)
        at org.apache.hadoop.ipc.CallQueueManager.take(CallQueueManager.java:317)
        at org.apache.hadoop.ipc.Server$Handler.run(Server.java:3014)
"SCM Heartbeat Processing Thread - 0" daemon prio=5 tid=14 timed_waiting
java.lang.Thread.State: TIMED_WAITING
        at sun.misc.Unsafe.park(Native Method)
        at java.util.concurrent.locks.LockSupport.parkNanos(LockSupport.java:215)
        at java.util.concurrent.locks.AbstractQueuedSynchronizer$ConditionObject.awaitNanos(AbstractQueuedSynchronizer.java:2078)
        at java.util.concurrent.ScheduledThreadPoolExecutor$DelayedWorkQueue.take(ScheduledThreadPoolExecutor.java:1093)
        at java.util.concurrent.ScheduledThreadPoolExecutor$DelayedWorkQueue.take(ScheduledThreadPoolExecutor.java:809)
        at java.util.concurrent.ThreadPoolExecutor.getTask(ThreadPoolExecutor.java:1074)
        at java.util.concurrent.ThreadPoolExecutor.runWorker(ThreadPoolExecutor.java:1134)
        at java.util.concurrent.ThreadPoolExecutor$Worker.run(ThreadPoolExecutor.java:624)
        at java.lang.Thread.run(Thread.java:750)
"SCMBlockDeletingService#0" daemon prio=5 tid=109 timed_waiting
java.lang.Thread.State: TIMED_WAITING
        at sun.misc.Unsafe.park(Native Method)
        at java.util.concurrent.locks.LockSupport.parkNanos(LockSupport.java:215)
        at java.util.concurrent.locks.AbstractQueuedSynchronizer$ConditionObject.awaitNanos(AbstractQueuedSynchronizer.java:2078)
        at java.util.concurrent.ScheduledThreadPoolExecutor$DelayedWorkQueue.take(ScheduledThreadPoolExecutor.java:1093)
        at java.util.concurrent.ScheduledThreadPoolExecutor$DelayedWorkQueue.take(ScheduledThreadPoolExecutor.java:809)
        at java.util.concurrent.ThreadPoolExecutor.getTask(ThreadPoolExecutor.java:1074)
        at java.util.concurrent.ThreadPoolExecutor.runWorker(ThreadPoolExecutor.java:1134)
        at java.util.concurrent.ThreadPoolExecutor$Worker.run(ThreadPoolExecutor.java:624)
        at java.lang.Thread.run(Thread.java:750)
"ContainerOp-4ae2c880-1070-4148-9b0d-1f48da4a8ca8-4"  prio=5 tid=586 in Object.wait()
java.lang.Thread.State: WAITING (on object monitor)
        at sun.misc.Unsafe.park(Native Method)
        at java.util.concurrent.locks.LockSupport.park(LockSupport.java:175)
        at java.util.concurrent.locks.AbstractQueuedSynchronizer$ConditionObject.await(AbstractQueuedSynchronizer.java:2039)
        at java.util.concurrent.LinkedBlockingQueue.take(LinkedBlockingQueue.java:442)
        at java.util.concurrent.ThreadPoolExecutor.getTask(ThreadPoolExecutor.java:1074)
        at java.util.concurrent.ThreadPoolExecutor.runWorker(ThreadPoolExecutor.java:1134)
        at java.util.concurrent.ThreadPoolExecutor$Worker.run(ThreadPoolExecutor.java:624)
        at java.lang.Thread.run(Thread.java:750)
"ChunkReader-ELG-0" daemon prio=5 tid=363 runnable
java.lang.Thread.State: RUNNABLE
        at org.apache.ratis.thirdparty.io.netty.channel.epoll.Native.epollWait(Native Method)
        at org.apache.ratis.thirdparty.io.netty.channel.epoll.Native.epollWait(Native.java:209)
        at org.apache.ratis.thirdparty.io.netty.channel.epoll.Native.epollWait(Native.java:202)
        at org.apache.ratis.thirdparty.io.netty.channel.epoll.EpollEventLoop.epollWaitNoTimerChange(EpollEventLoop.java:306)
        at org.apache.ratis.thirdparty.io.netty.channel.epoll.EpollEventLoop.run(EpollEventLoop.java:363)
        at org.apache.ratis.thirdparty.io.netty.util.concurrent.SingleThreadEventExecutor$4.run(SingleThreadEventExecutor.java:997)
        at org.apache.ratis.thirdparty.io.netty.util.internal.ThreadExecutorMap$2.run(ThreadExecutorMap.java:74)
        at java.lang.Thread.run(Thread.java:750)
"StaleRecoveringContainerScrubbingService#0" daemon prio=5 tid=349 timed_waiting
java.lang.Thread.State: TIMED_WAITING
        at sun.misc.Unsafe.park(Native Method)
        at java.util.concurrent.locks.LockSupport.parkNanos(LockSupport.java:215)
        at java.util.concurrent.locks.AbstractQueuedSynchronizer$ConditionObject.awaitNanos(AbstractQueuedSynchronizer.java:2078)
        at java.util.concurrent.ScheduledThreadPoolExecutor$DelayedWorkQueue.take(ScheduledThreadPoolExecutor.java:1093)
        at java.util.concurrent.ScheduledThreadPoolExecutor$DelayedWorkQueue.take(ScheduledThreadPoolExecutor.java:809)
        at java.util.concurrent.ThreadPoolExecutor.getTask(ThreadPoolExecutor.java:1074)
        at java.util.concurrent.ThreadPoolExecutor.runWorker(ThreadPoolExecutor.java:1134)
        at java.util.concurrent.ThreadPoolExecutor$Worker.run(ThreadPoolExecutor.java:624)
        at java.lang.Thread.run(Thread.java:750)
"Datanode ReportManager Thread - 2" daemon prio=5 tid=298 timed_waiting
java.lang.Thread.State: TIMED_WAITING
        at sun.misc.Unsafe.park(Native Method)
        at java.util.concurrent.locks.LockSupport.parkNanos(LockSupport.java:215)
        at java.util.concurrent.locks.AbstractQueuedSynchronizer$ConditionObject.awaitNanos(AbstractQueuedSynchronizer.java:2078)
        at java.util.concurrent.ScheduledThreadPoolExecutor$DelayedWorkQueue.take(ScheduledThreadPoolExecutor.java:1093)
        at java.util.concurrent.ScheduledThreadPoolExecutor$DelayedWorkQueue.take(ScheduledThreadPoolExecutor.java:809)
        at java.util.concurrent.ThreadPoolExecutor.getTask(ThreadPoolExecutor.java:1074)
        at java.util.concurrent.ThreadPoolExecutor.runWorker(ThreadPoolExecutor.java:1134)
        at java.util.concurrent.ThreadPoolExecutor$Worker.run(ThreadPoolExecutor.java:624)
        at java.lang.Thread.run(Thread.java:750)
"Datanode ReportManager Thread - 1" daemon prio=5 tid=326 in Object.wait()
java.lang.Thread.State: WAITING (on object monitor)
        at sun.misc.Unsafe.park(Native Method)
        at java.util.concurrent.locks.LockSupport.park(LockSupport.java:175)
        at java.util.concurrent.locks.AbstractQueuedSynchronizer$ConditionObject.await(AbstractQueuedSynchronizer.java:2039)
        at java.util.concurrent.ScheduledThreadPoolExecutor$DelayedWorkQueue.take(ScheduledThreadPoolExecutor.java:1088)
        at java.util.concurrent.ScheduledThreadPoolExecutor$DelayedWorkQueue.take(ScheduledThreadPoolExecutor.java:809)
        at java.util.concurrent.ThreadPoolExecutor.getTask(ThreadPoolExecutor.java:1074)
        at java.util.concurrent.ThreadPoolExecutor.runWorker(ThreadPoolExecutor.java:1134)
        at java.util.concurrent.ThreadPoolExecutor$Worker.run(ThreadPoolExecutor.java:624)
        at java.lang.Thread.run(Thread.java:750)
"IPC Server handler 16 on default port 15000" daemon prio=5 tid=65 timed_waiting
java.lang.Thread.State: TIMED_WAITING
        at sun.misc.Unsafe.park(Native Method)
        at java.util.concurrent.locks.LockSupport.parkNanos(LockSupport.java:215)
        at java.util.concurrent.locks.AbstractQueuedSynchronizer$ConditionObject.awaitNanos(AbstractQueuedSynchronizer.java:2078)
        at java.util.concurrent.LinkedBlockingQueue.poll(LinkedBlockingQueue.java:467)
        at org.apache.hadoop.ipc.CallQueueManager.take(CallQueueManager.java:317)
        at org.apache.hadoop.ipc.Server$Handler.run(Server.java:3014)
"Hadoop-Metrics-Updater-0" daemon prio=5 tid=27 timed_waiting
java.lang.Thread.State: TIMED_WAITING
        at sun.misc.Unsafe.park(Native Method)
        at java.util.concurrent.locks.LockSupport.parkNanos(LockSupport.java:215)
        at java.util.concurrent.locks.AbstractQueuedSynchronizer$ConditionObject.awaitNanos(AbstractQueuedSynchronizer.java:2078)
        at java.util.concurrent.ScheduledThreadPoolExecutor$DelayedWorkQueue.take(ScheduledThreadPoolExecutor.java:1093)
        at java.util.concurrent.ScheduledThreadPoolExecutor$DelayedWorkQueue.take(ScheduledThreadPoolExecutor.java:809)
        at java.util.concurrent.ThreadPoolExecutor.getTask(ThreadPoolExecutor.java:1074)
        at java.util.concurrent.ThreadPoolExecutor.runWorker(ThreadPoolExecutor.java:1134)
        at java.util.concurrent.ThreadPoolExecutor$Worker.run(ThreadPoolExecutor.java:624)
        at java.lang.Thread.run(Thread.java:750)
"Over Replicated Processor" daemon prio=5 tid=20 timed_waiting
java.lang.Thread.State: TIMED_WAITING
        at java.lang.Object.wait(Native Method)
        at org.apache.hadoop.hdds.scm.container.replication.UnhealthyReplicationProcessor.run(UnhealthyReplicationProcessor.java:174)
        at java.lang.Thread.run(Thread.java:750)
"grpc-default-worker-ELG-3-2" daemon prio=5 tid=405 runnable
java.lang.Thread.State: RUNNABLE
        at org.apache.ratis.thirdparty.io.netty.channel.epoll.Native.epollWait0(Native Method)
        at org.apache.ratis.thirdparty.io.netty.channel.epoll.Native.epollWait(Native.java:182)
        at org.apache.ratis.thirdparty.io.netty.channel.epoll.EpollEventLoop.epollWait(EpollEventLoop.java:302)
        at org.apache.ratis.thirdparty.io.netty.channel.epoll.EpollEventLoop.run(EpollEventLoop.java:366)
        at org.apache.ratis.thirdparty.io.netty.util.concurrent.SingleThreadEventExecutor$4.run(SingleThreadEventExecutor.java:997)
        at org.apache.ratis.thirdparty.io.netty.util.internal.ThreadExecutorMap$2.run(ThreadExecutorMap.java:74)
        at org.apache.ratis.thirdparty.io.netty.util.concurrent.FastThreadLocalRunnable.run(FastThreadLocalRunnable.java:30)
        at java.lang.Thread.run(Thread.java:750)
"org.apache.hadoop.ozone.container.common.statemachine.commandhandler.DeleteBlocksCommandHandler$DeleteCmdWorker@737d02e7" daemon prio=5 tid=249 timed_waiting
java.lang.Thread.State: TIMED_WAITING
        at java.lang.Thread.sleep(Native Method)
        at org.apache.hadoop.ozone.container.common.statemachine.commandhandler.DeleteBlocksCommandHandler$DeleteCmdWorker.run(DeleteBlocksCommandHandler.java:198)
        at java.lang.Thread.run(Thread.java:750)
"ContainerOp-a2d281d2-730c-4a02-9c2e-ca4ce5b48592-9"  prio=5 tid=601 in Object.wait()
java.lang.Thread.State: WAITING (on object monitor)
        at sun.misc.Unsafe.park(Native Method)
        at java.util.concurrent.locks.LockSupport.park(LockSupport.java:175)
        at java.util.concurrent.locks.AbstractQueuedSynchronizer$ConditionObject.await(AbstractQueuedSynchronizer.java:2039)
        at java.util.concurrent.LinkedBlockingQueue.take(LinkedBlockingQueue.java:442)
        at java.util.concurrent.ThreadPoolExecutor.getTask(ThreadPoolExecutor.java:1074)
        at java.util.concurrent.ThreadPoolExecutor.runWorker(ThreadPoolExecutor.java:1134)
        at java.util.concurrent.ThreadPoolExecutor$Worker.run(ThreadPoolExecutor.java:624)
        at java.lang.Thread.run(Thread.java:750)
"Periodic HDDS volume checker" daemon prio=5 tid=355 timed_waiting
java.lang.Thread.State: TIMED_WAITING
        at sun.misc.Unsafe.park(Native Method)
        at java.util.concurrent.locks.LockSupport.parkNanos(LockSupport.java:215)
        at java.util.concurrent.locks.AbstractQueuedSynchronizer$ConditionObject.awaitNanos(AbstractQueuedSynchronizer.java:2078)
        at java.util.concurrent.ScheduledThreadPoolExecutor$DelayedWorkQueue.take(ScheduledThreadPoolExecutor.java:1093)
        at java.util.concurrent.ScheduledThreadPoolExecutor$DelayedWorkQueue.take(ScheduledThreadPoolExecutor.java:809)
        at java.util.concurrent.ThreadPoolExecutor.getTask(ThreadPoolExecutor.java:1074)
        at java.util.concurrent.ThreadPoolExecutor.runWorker(ThreadPoolExecutor.java:1134)
        at java.util.concurrent.ThreadPoolExecutor$Worker.run(ThreadPoolExecutor.java:624)
        at java.lang.Thread.run(Thread.java:750)
"qtp1704019169-287" daemon prio=5 tid=287 timed_waiting
java.lang.Thread.State: TIMED_WAITING
        at sun.misc.Unsafe.park(Native Method)
        at java.util.concurrent.locks.LockSupport.parkNanos(LockSupport.java:215)
        at java.util.concurrent.locks.AbstractQueuedSynchronizer$ConditionObject.awaitNanos(AbstractQueuedSynchronizer.java:2078)
        at org.eclipse.jetty.util.BlockingArrayQueue.poll(BlockingArrayQueue.java:382)
        at org.eclipse.jetty.util.thread.QueuedThreadPool$Runner.idleJobPoll(QueuedThreadPool.java:974)
        at org.eclipse.jetty.util.thread.QueuedThreadPool$Runner.run(QueuedThreadPool.java:1018)
        at java.lang.Thread.run(Thread.java:750)
"Timer for 'StorageContainerManager' metrics system" daemon prio=5 tid=48 timed_waiting
java.lang.Thread.State: TIMED_WAITING
        at java.lang.Object.wait(Native Method)
        at java.util.TimerThread.mainLoop(Timer.java:552)
        at java.util.TimerThread.run(Timer.java:505)
"Session-HouseKeeper-70c90744-1"  prio=5 tid=317 timed_waiting
java.lang.Thread.State: TIMED_WAITING
        at sun.misc.Unsafe.park(Native Method)
        at java.util.concurrent.locks.LockSupport.parkNanos(LockSupport.java:215)
        at java.util.concurrent.locks.AbstractQueuedSynchronizer$ConditionObject.awaitNanos(AbstractQueuedSynchronizer.java:2078)
        at java.util.concurrent.ScheduledThreadPoolExecutor$DelayedWorkQueue.take(ScheduledThreadPoolExecutor.java:1093)
        at java.util.concurrent.ScheduledThreadPoolExecutor$DelayedWorkQueue.take(ScheduledThreadPoolExecutor.java:809)
        at java.util.concurrent.ThreadPoolExecutor.getTask(ThreadPoolExecutor.java:1074)
        at java.util.concurrent.ThreadPoolExecutor.runWorker(ThreadPoolExecutor.java:1134)
        at java.util.concurrent.ThreadPoolExecutor$Worker.run(ThreadPoolExecutor.java:624)
        at java.lang.Thread.run(Thread.java:750)
"ContainerOp-4ae2c880-1070-4148-9b0d-1f48da4a8ca8-0"  prio=5 tid=557 in Object.wait()
java.lang.Thread.State: WAITING (on object monitor)
        at sun.misc.Unsafe.park(Native Method)
        at java.util.concurrent.locks.LockSupport.park(LockSupport.java:175)
        at java.util.concurrent.locks.AbstractQueuedSynchronizer$ConditionObject.await(AbstractQueuedSynchronizer.java:2039)
        at java.util.concurrent.LinkedBlockingQueue.take(LinkedBlockingQueue.java:442)
        at java.util.concurrent.ThreadPoolExecutor.getTask(ThreadPoolExecutor.java:1074)
        at java.util.concurrent.ThreadPoolExecutor.runWorker(ThreadPoolExecutor.java:1134)
        at java.util.concurrent.ThreadPoolExecutor$Worker.run(ThreadPoolExecutor.java:624)
        at java.lang.Thread.run(Thread.java:750)
"qtp1599378115-311" daemon prio=5 tid=311 timed_waiting
java.lang.Thread.State: TIMED_WAITING
        at sun.misc.Unsafe.park(Native Method)
        at java.util.concurrent.locks.LockSupport.parkNanos(LockSupport.java:215)
        at java.util.concurrent.locks.AbstractQueuedSynchronizer$ConditionObject.awaitNanos(AbstractQueuedSynchronizer.java:2078)
        at org.eclipse.jetty.util.BlockingArrayQueue.poll(BlockingArrayQueue.java:382)
        at org.eclipse.jetty.util.thread.QueuedThreadPool$Runner.idleJobPoll(QueuedThreadPool.java:974)
        at org.eclipse.jetty.util.thread.QueuedThreadPool$Runner.run(QueuedThreadPool.java:1018)
        at java.lang.Thread.run(Thread.java:750)
"IPC Server handler 10 on default port 15004" daemon prio=5 tid=172 timed_waiting
java.lang.Thread.State: TIMED_WAITING
        at sun.misc.Unsafe.park(Native Method)
        at java.util.concurrent.locks.LockSupport.parkNanos(LockSupport.java:215)
        at java.util.concurrent.locks.AbstractQueuedSynchronizer$ConditionObject.awaitNanos(AbstractQueuedSynchronizer.java:2078)
        at java.util.concurrent.LinkedBlockingQueue.poll(LinkedBlockingQueue.java:467)
        at org.apache.hadoop.ipc.CallQueueManager.take(CallQueueManager.java:317)
        at org.apache.hadoop.ipc.Server$Handler.run(Server.java:3014)
"IPC Server handler 4 on default port 15002" daemon prio=5 tid=93 timed_waiting
java.lang.Thread.State: TIMED_WAITING
        at sun.misc.Unsafe.park(Native Method)
        at java.util.concurrent.locks.LockSupport.parkNanos(LockSupport.java:215)
        at java.util.concurrent.locks.AbstractQueuedSynchronizer$ConditionObject.awaitNanos(AbstractQueuedSynchronizer.java:2078)
        at java.util.concurrent.LinkedBlockingQueue.poll(LinkedBlockingQueue.java:467)
        at org.apache.hadoop.ipc.CallQueueManager.take(CallQueueManager.java:317)
        at org.apache.hadoop.ipc.Server$Handler.run(Server.java:3014)
"grpc-default-executor-3" daemon prio=5 tid=492 timed_waiting
java.lang.Thread.State: TIMED_WAITING
        at sun.misc.Unsafe.park(Native Method)
        at java.util.concurrent.locks.LockSupport.parkNanos(LockSupport.java:215)
        at java.util.concurrent.SynchronousQueue$TransferStack.awaitFulfill(SynchronousQueue.java:460)
        at java.util.concurrent.SynchronousQueue$TransferStack.transfer(SynchronousQueue.java:362)
        at java.util.concurrent.SynchronousQueue.poll(SynchronousQueue.java:941)
        at java.util.concurrent.ThreadPoolExecutor.getTask(ThreadPoolExecutor.java:1073)
        at java.util.concurrent.ThreadPoolExecutor.runWorker(ThreadPoolExecutor.java:1134)
        at java.util.concurrent.ThreadPoolExecutor$Worker.run(ThreadPoolExecutor.java:624)
        at java.lang.Thread.run(Thread.java:750)
"IPC Server handler 8 on default port 15009" daemon prio=5 tid=227 timed_waiting
java.lang.Thread.State: TIMED_WAITING
        at sun.misc.Unsafe.park(Native Method)
        at java.util.concurrent.locks.LockSupport.parkNanos(LockSupport.java:215)
        at java.util.concurrent.locks.AbstractQueuedSynchronizer$ConditionObject.awaitNanos(AbstractQueuedSynchronizer.java:2078)
        at java.util.concurrent.LinkedBlockingQueue.poll(LinkedBlockingQueue.java:467)
        at org.apache.hadoop.ipc.CallQueueManager.take(CallQueueManager.java:317)
        at org.apache.hadoop.ipc.Server$Handler.run(Server.java:3014)
"StaleRecoveringContainerScrubbingService#1" daemon prio=5 tid=350 in Object.wait()
java.lang.Thread.State: WAITING (on object monitor)
        at sun.misc.Unsafe.park(Native Method)
        at java.util.concurrent.locks.LockSupport.park(LockSupport.java:175)
        at java.util.concurrent.locks.AbstractQueuedSynchronizer$ConditionObject.await(AbstractQueuedSynchronizer.java:2039)
        at java.util.concurrent.ScheduledThreadPoolExecutor$DelayedWorkQueue.take(ScheduledThreadPoolExecutor.java:1088)
        at java.util.concurrent.ScheduledThreadPoolExecutor$DelayedWorkQueue.take(ScheduledThreadPoolExecutor.java:809)
        at java.util.concurrent.ThreadPoolExecutor.getTask(ThreadPoolExecutor.java:1074)
        at java.util.concurrent.ThreadPoolExecutor.runWorker(ThreadPoolExecutor.java:1134)
        at java.util.concurrent.ThreadPoolExecutor$Worker.run(ThreadPoolExecutor.java:624)
        at java.lang.Thread.run(Thread.java:750)
"e4211b8b-b648-43cb-96ad-95a5188c1410@group-9A01BBD50584-StateMachineUpdater" daemon prio=5 tid=424 timed_waiting
java.lang.Thread.State: TIMED_WAITING
        at sun.misc.Unsafe.park(Native Method)
        at java.util.concurrent.locks.LockSupport.parkNanos(LockSupport.java:215)
        at java.util.concurrent.locks.AbstractQueuedSynchronizer$ConditionObject.await(AbstractQueuedSynchronizer.java:2163)
        at org.apache.ratis.util.AwaitForSignal.await(AwaitForSignal.java:62)
        at org.apache.ratis.server.impl.StateMachineUpdater.waitForCommit(StateMachineUpdater.java:209)
        at org.apache.ratis.server.impl.StateMachineUpdater.run(StateMachineUpdater.java:178)
        at java.lang.Thread.run(Thread.java:750)
"ContainerOp-4ae2c880-1070-4148-9b0d-1f48da4a8ca8-3"  prio=5 tid=574 in Object.wait()
java.lang.Thread.State: WAITING (on object monitor)
        at sun.misc.Unsafe.park(Native Method)
        at java.util.concurrent.locks.LockSupport.park(LockSupport.java:175)
        at java.util.concurrent.locks.AbstractQueuedSynchronizer$ConditionObject.await(AbstractQueuedSynchronizer.java:2039)
        at java.util.concurrent.LinkedBlockingQueue.take(LinkedBlockingQueue.java:442)
        at java.util.concurrent.ThreadPoolExecutor.getTask(ThreadPoolExecutor.java:1074)
        at java.util.concurrent.ThreadPoolExecutor.runWorker(ThreadPoolExecutor.java:1134)
        at java.util.concurrent.ThreadPoolExecutor$Worker.run(ThreadPoolExecutor.java:624)
        at java.lang.Thread.run(Thread.java:750)
"ContainerOp-a2d281d2-730c-4a02-9c2e-ca4ce5b48592-2"  prio=5 tid=562 in Object.wait()
java.lang.Thread.State: WAITING (on object monitor)
        at sun.misc.Unsafe.park(Native Method)
        at java.util.concurrent.locks.LockSupport.park(LockSupport.java:175)
        at java.util.concurrent.locks.AbstractQueuedSynchronizer$ConditionObject.await(AbstractQueuedSynchronizer.java:2039)
        at java.util.concurrent.LinkedBlockingQueue.take(LinkedBlockingQueue.java:442)
        at java.util.concurrent.ThreadPoolExecutor.getTask(ThreadPoolExecutor.java:1074)
        at java.util.concurrent.ThreadPoolExecutor.runWorker(ThreadPoolExecutor.java:1134)
        at java.util.concurrent.ThreadPoolExecutor$Worker.run(ThreadPoolExecutor.java:624)
        at java.lang.Thread.run(Thread.java:750)
"Command processor thread" daemon prio=5 tid=272 timed_waiting
java.lang.Thread.State: TIMED_WAITING
        at java.lang.Thread.sleep(Native Method)
        at org.apache.hadoop.ozone.container.common.statemachine.DatanodeStateMachine.lambda$initCommandHandlerThread$3(DatanodeStateMachine.java:666)
        at org.apache.hadoop.ozone.container.common.statemachine.DatanodeStateMachine$$Lambda$1238/578126107.run(Unknown Source)
        at java.lang.Thread.run(Thread.java:750)
"ChunkWriter-2-0" daemon prio=5 tid=360 in Object.wait()
java.lang.Thread.State: WAITING (on object monitor)
        at sun.misc.Unsafe.park(Native Method)
        at java.util.concurrent.locks.LockSupport.park(LockSupport.java:175)
        at java.util.concurrent.locks.AbstractQueuedSynchronizer$ConditionObject.await(AbstractQueuedSynchronizer.java:2039)
        at java.util.concurrent.LinkedBlockingDeque.takeFirst(LinkedBlockingDeque.java:492)
        at java.util.concurrent.LinkedBlockingDeque.take(LinkedBlockingDeque.java:680)
        at java.util.concurrent.ThreadPoolExecutor.getTask(ThreadPoolExecutor.java:1074)
        at java.util.concurrent.ThreadPoolExecutor.runWorker(ThreadPoolExecutor.java:1134)
        at java.util.concurrent.ThreadPoolExecutor$Worker.run(ThreadPoolExecutor.java:624)
        at java.lang.Thread.run(Thread.java:750)
"KeyDeletingService#0" daemon prio=5 tid=147 timed_waiting
java.lang.Thread.State: TIMED_WAITING
        at sun.misc.Unsafe.park(Native Method)
        at java.util.concurrent.locks.LockSupport.parkNanos(LockSupport.java:215)
        at java.util.concurrent.locks.AbstractQueuedSynchronizer$ConditionObject.awaitNanos(AbstractQueuedSynchronizer.java:2078)
        at java.util.concurrent.ScheduledThreadPoolExecutor$DelayedWorkQueue.take(ScheduledThreadPoolExecutor.java:1093)
        at java.util.concurrent.ScheduledThreadPoolExecutor$DelayedWorkQueue.take(ScheduledThreadPoolExecutor.java:809)
        at java.util.concurrent.ThreadPoolExecutor.getTask(ThreadPoolExecutor.java:1074)
        at java.util.concurrent.ThreadPoolExecutor.runWorker(ThreadPoolExecutor.java:1134)
        at java.util.concurrent.ThreadPoolExecutor$Worker.run(ThreadPoolExecutor.java:624)
        at java.lang.Thread.run(Thread.java:750)
"Socket Reader #1 for port 15002"  prio=5 tid=24 runnable
java.lang.Thread.State: RUNNABLE
        at sun.nio.ch.EPollArrayWrapper.epollWait(Native Method)
        at sun.nio.ch.EPollArrayWrapper.poll(EPollArrayWrapper.java:269)
        at sun.nio.ch.EPollSelectorImpl.doSelect(EPollSelectorImpl.java:93)
        at sun.nio.ch.SelectorImpl.lockAndDoSelect(SelectorImpl.java:86)
        at sun.nio.ch.SelectorImpl.select(SelectorImpl.java:97)
        at sun.nio.ch.SelectorImpl.select(SelectorImpl.java:101)
        at org.apache.hadoop.ipc.Server$Listener$Reader.doRunLoop(Server.java:1346)
        at org.apache.hadoop.ipc.Server$Listener$Reader.run(Server.java:1325)
"e4211b8b-b648-43cb-96ad-95a5188c1410-server-thread3" daemon prio=5 tid=494 timed_waiting
java.lang.Thread.State: TIMED_WAITING
        at sun.misc.Unsafe.park(Native Method)
        at java.util.concurrent.locks.LockSupport.parkNanos(LockSupport.java:215)
        at java.util.concurrent.SynchronousQueue$TransferStack.awaitFulfill(SynchronousQueue.java:460)
        at java.util.concurrent.SynchronousQueue$TransferStack.transfer(SynchronousQueue.java:362)
        at java.util.concurrent.SynchronousQueue.poll(SynchronousQueue.java:941)
        at java.util.concurrent.ThreadPoolExecutor.getTask(ThreadPoolExecutor.java:1073)
        at java.util.concurrent.ThreadPoolExecutor.runWorker(ThreadPoolExecutor.java:1134)
        at java.util.concurrent.ThreadPoolExecutor$Worker.run(ThreadPoolExecutor.java:624)
        at java.lang.Thread.run(Thread.java:750)
"DatanodeAdminManager-0" daemon prio=5 tid=21 timed_waiting
java.lang.Thread.State: TIMED_WAITING
        at sun.misc.Unsafe.park(Native Method)
        at java.util.concurrent.locks.LockSupport.parkNanos(LockSupport.java:215)
        at java.util.concurrent.locks.AbstractQueuedSynchronizer$ConditionObject.awaitNanos(AbstractQueuedSynchronizer.java:2078)
        at java.util.concurrent.ScheduledThreadPoolExecutor$DelayedWorkQueue.take(ScheduledThreadPoolExecutor.java:1093)
        at java.util.concurrent.ScheduledThreadPoolExecutor$DelayedWorkQueue.take(ScheduledThreadPoolExecutor.java:809)
        at java.util.concurrent.ThreadPoolExecutor.getTask(ThreadPoolExecutor.java:1074)
        at java.util.concurrent.ThreadPoolExecutor.runWorker(ThreadPoolExecutor.java:1134)
        at java.util.concurrent.ThreadPoolExecutor$Worker.run(ThreadPoolExecutor.java:624)
        at java.lang.Thread.run(Thread.java:750)
"IPC Server idle connection scanner for port 15030" daemon prio=5 tid=320 timed_waiting
java.lang.Thread.State: TIMED_WAITING
        at java.lang.Object.wait(Native Method)
        at java.util.TimerThread.mainLoop(Timer.java:552)
        at java.util.TimerThread.run(Timer.java:505)
"Session-HouseKeeper-47713b2b-1"  prio=5 tid=288 timed_waiting
java.lang.Thread.State: TIMED_WAITING
        at sun.misc.Unsafe.park(Native Method)
        at java.util.concurrent.locks.LockSupport.parkNanos(LockSupport.java:215)
        at java.util.concurrent.locks.AbstractQueuedSynchronizer$ConditionObject.awaitNanos(AbstractQueuedSynchronizer.java:2078)
        at java.util.concurrent.ScheduledThreadPoolExecutor$DelayedWorkQueue.take(ScheduledThreadPoolExecutor.java:1093)
        at java.util.concurrent.ScheduledThreadPoolExecutor$DelayedWorkQueue.take(ScheduledThreadPoolExecutor.java:809)
        at java.util.concurrent.ThreadPoolExecutor.getTask(ThreadPoolExecutor.java:1074)
        at java.util.concurrent.ThreadPoolExecutor.runWorker(ThreadPoolExecutor.java:1134)
        at java.util.concurrent.ThreadPoolExecutor$Worker.run(ThreadPoolExecutor.java:624)
        at java.lang.Thread.run(Thread.java:750)
"pool-148-thread-1" daemon prio=5 tid=373 timed_waiting
java.lang.Thread.State: TIMED_WAITING
        at sun.misc.Unsafe.park(Native Method)
        at java.util.concurrent.locks.LockSupport.parkNanos(LockSupport.java:215)
        at java.util.concurrent.locks.AbstractQueuedSynchronizer$ConditionObject.awaitNanos(AbstractQueuedSynchronizer.java:2078)
        at java.util.concurrent.ScheduledThreadPoolExecutor$DelayedWorkQueue.take(ScheduledThreadPoolExecutor.java:1093)
        at java.util.concurrent.ScheduledThreadPoolExecutor$DelayedWorkQueue.take(ScheduledThreadPoolExecutor.java:809)
        at java.util.concurrent.ThreadPoolExecutor.getTask(ThreadPoolExecutor.java:1074)
        at java.util.concurrent.ThreadPoolExecutor.runWorker(ThreadPoolExecutor.java:1134)
        at java.util.concurrent.ThreadPoolExecutor$Worker.run(ThreadPoolExecutor.java:624)
        at java.lang.Thread.run(Thread.java:750)
"qtp1695980007-253" daemon prio=5 tid=253 timed_waiting
java.lang.Thread.State: TIMED_WAITING
        at sun.misc.Unsafe.park(Native Method)
        at java.util.concurrent.locks.LockSupport.parkNanos(LockSupport.java:215)
        at java.util.concurrent.locks.AbstractQueuedSynchronizer$ConditionObject.awaitNanos(AbstractQueuedSynchronizer.java:2078)
        at org.eclipse.jetty.util.BlockingArrayQueue.poll(BlockingArrayQueue.java:382)
        at org.eclipse.jetty.util.thread.QueuedThreadPool$Runner.idleJobPoll(QueuedThreadPool.java:974)
        at org.eclipse.jetty.util.thread.QueuedThreadPool$Runner.run(QueuedThreadPool.java:1018)
        at java.lang.Thread.run(Thread.java:750)
"IPC Server handler 8 on default port 15004" daemon prio=5 tid=170 timed_waiting
java.lang.Thread.State: TIMED_WAITING
        at sun.misc.Unsafe.park(Native Method)
        at java.util.concurrent.locks.LockSupport.parkNanos(LockSupport.java:215)
        at java.util.concurrent.locks.AbstractQueuedSynchronizer$ConditionObject.awaitNanos(AbstractQueuedSynchronizer.java:2078)
        at java.util.concurrent.LinkedBlockingQueue.poll(LinkedBlockingQueue.java:467)
        at org.apache.hadoop.ipc.CallQueueManager.take(CallQueueManager.java:317)
        at org.apache.hadoop.ipc.Server$Handler.run(Server.java:3014)
"IPC Server handler 13 on default port 15000" daemon prio=5 tid=62 timed_waiting
java.lang.Thread.State: TIMED_WAITING
        at sun.misc.Unsafe.park(Native Method)
        at java.util.concurrent.locks.LockSupport.parkNanos(LockSupport.java:215)
        at java.util.concurrent.locks.AbstractQueuedSynchronizer$ConditionObject.awaitNanos(AbstractQueuedSynchronizer.java:2078)
        at java.util.concurrent.LinkedBlockingQueue.poll(LinkedBlockingQueue.java:467)
        at org.apache.hadoop.ipc.CallQueueManager.take(CallQueueManager.java:317)
        at org.apache.hadoop.ipc.Server$Handler.run(Server.java:3014)
"BlockDeletingService#2" daemon prio=5 tid=941 in Object.wait()
java.lang.Thread.State: WAITING (on object monitor)
        at sun.misc.Unsafe.park(Native Method)
        at java.util.concurrent.locks.LockSupport.park(LockSupport.java:175)
        at java.util.concurrent.locks.AbstractQueuedSynchronizer$ConditionObject.await(AbstractQueuedSynchronizer.java:2039)
        at java.util.concurrent.ScheduledThreadPoolExecutor$DelayedWorkQueue.take(ScheduledThreadPoolExecutor.java:1088)
        at java.util.concurrent.ScheduledThreadPoolExecutor$DelayedWorkQueue.take(ScheduledThreadPoolExecutor.java:809)
        at java.util.concurrent.ThreadPoolExecutor.getTask(ThreadPoolExecutor.java:1074)
        at java.util.concurrent.ThreadPoolExecutor.runWorker(ThreadPoolExecutor.java:1134)
        at java.util.concurrent.ThreadPoolExecutor$Worker.run(ThreadPoolExecutor.java:624)
        at java.lang.Thread.run(Thread.java:750)
"IPC Server Responder" daemon prio=5 tid=321 runnable
java.lang.Thread.State: RUNNABLE
        at sun.nio.ch.EPollArrayWrapper.epollWait(Native Method)
        at sun.nio.ch.EPollArrayWrapper.poll(EPollArrayWrapper.java:269)
        at sun.nio.ch.EPollSelectorImpl.doSelect(EPollSelectorImpl.java:93)
        at sun.nio.ch.SelectorImpl.lockAndDoSelect(SelectorImpl.java:86)
        at sun.nio.ch.SelectorImpl.select(SelectorImpl.java:97)
        at org.apache.hadoop.ipc.Server$Responder.doRunLoop(Server.java:1582)
        at org.apache.hadoop.ipc.Server$Responder.run(Server.java:1565)
"FixedThreadPoolWithAffinityExecutor-7-0" daemon prio=5 tid=203 timed_waiting
java.lang.Thread.State: TIMED_WAITING
        at sun.misc.Unsafe.park(Native Method)
        at java.util.concurrent.locks.LockSupport.parkNanos(LockSupport.java:215)
        at java.util.concurrent.locks.AbstractQueuedSynchronizer$ConditionObject.awaitNanos(AbstractQueuedSynchronizer.java:2078)
        at java.util.concurrent.LinkedBlockingQueue.poll(LinkedBlockingQueue.java:467)
        at org.apache.hadoop.hdds.scm.server.ContainerReportQueue.poll(ContainerReportQueue.java:266)
        at org.apache.hadoop.hdds.scm.server.ContainerReportQueue.poll(ContainerReportQueue.java:42)
        at org.apache.hadoop.hdds.server.events.FixedThreadPoolWithAffinityExecutor$ContainerReportProcessTask.run(FixedThreadPoolWithAffinityExecutor.java:247)
        at java.util.concurrent.Executors$RunnableAdapter.call(Executors.java:511)
        at java.util.concurrent.FutureTask.run(FutureTask.java:266)
        at java.util.concurrent.ThreadPoolExecutor.runWorker(ThreadPoolExecutor.java:1149)
        at java.util.concurrent.ThreadPoolExecutor$Worker.run(ThreadPoolExecutor.java:624)
        at java.lang.Thread.run(Thread.java:750)
"StaleRecoveringContainerScrubbingService#2" daemon prio=5 tid=943 in Object.wait()
java.lang.Thread.State: WAITING (on object monitor)
        at sun.misc.Unsafe.park(Native Method)
        at java.util.concurrent.locks.LockSupport.park(LockSupport.java:175)
        at java.util.concurrent.locks.AbstractQueuedSynchronizer$ConditionObject.await(AbstractQueuedSynchronizer.java:2039)
        at java.util.concurrent.ScheduledThreadPoolExecutor$DelayedWorkQueue.take(ScheduledThreadPoolExecutor.java:1088)
        at java.util.concurrent.ScheduledThreadPoolExecutor$DelayedWorkQueue.take(ScheduledThreadPoolExecutor.java:809)
        at java.util.concurrent.ThreadPoolExecutor.getTask(ThreadPoolExecutor.java:1074)
        at java.util.concurrent.ThreadPoolExecutor.runWorker(ThreadPoolExecutor.java:1134)
        at java.util.concurrent.ThreadPoolExecutor$Worker.run(ThreadPoolExecutor.java:624)
        at java.lang.Thread.run(Thread.java:750)
"125b6ccd-ab10-424e-ac54-cb3b86c02134@group-490E43B3EBB9-StateMachineUpdater" daemon prio=5 tid=399 timed_waiting
java.lang.Thread.State: TIMED_WAITING
        at sun.misc.Unsafe.park(Native Method)
        at java.util.concurrent.locks.LockSupport.parkNanos(LockSupport.java:215)
        at java.util.concurrent.locks.AbstractQueuedSynchronizer$ConditionObject.await(AbstractQueuedSynchronizer.java:2163)
        at org.apache.ratis.util.AwaitForSignal.await(AwaitForSignal.java:62)
        at org.apache.ratis.server.impl.StateMachineUpdater.waitForCommit(StateMachineUpdater.java:209)
        at org.apache.ratis.server.impl.StateMachineUpdater.run(StateMachineUpdater.java:178)
        at java.lang.Thread.run(Thread.java:750)
"ContainerOp-a2d281d2-730c-4a02-9c2e-ca4ce5b48592-8"  prio=5 tid=600 in Object.wait()
java.lang.Thread.State: WAITING (on object monitor)
        at sun.misc.Unsafe.park(Native Method)
        at java.util.concurrent.locks.LockSupport.park(LockSupport.java:175)
        at java.util.concurrent.locks.AbstractQueuedSynchronizer$ConditionObject.await(AbstractQueuedSynchronizer.java:2039)
        at java.util.concurrent.LinkedBlockingQueue.take(LinkedBlockingQueue.java:442)
        at java.util.concurrent.ThreadPoolExecutor.getTask(ThreadPoolExecutor.java:1074)
        at java.util.concurrent.ThreadPoolExecutor.runWorker(ThreadPoolExecutor.java:1134)
        at java.util.concurrent.ThreadPoolExecutor$Worker.run(ThreadPoolExecutor.java:624)
        at java.lang.Thread.run(Thread.java:750)
"FixedThreadPoolWithAffinityExecutor-8-0" daemon prio=5 tid=204 timed_waiting
java.lang.Thread.State: TIMED_WAITING
        at sun.misc.Unsafe.park(Native Method)
        at java.util.concurrent.locks.LockSupport.parkNanos(LockSupport.java:215)
        at java.util.concurrent.locks.AbstractQueuedSynchronizer$ConditionObject.awaitNanos(AbstractQueuedSynchronizer.java:2078)
        at java.util.concurrent.LinkedBlockingQueue.poll(LinkedBlockingQueue.java:467)
        at org.apache.hadoop.hdds.scm.server.ContainerReportQueue.poll(ContainerReportQueue.java:266)
        at org.apache.hadoop.hdds.scm.server.ContainerReportQueue.poll(ContainerReportQueue.java:42)
        at org.apache.hadoop.hdds.server.events.FixedThreadPoolWithAffinityExecutor$ContainerReportProcessTask.run(FixedThreadPoolWithAffinityExecutor.java:247)
        at java.util.concurrent.Executors$RunnableAdapter.call(Executors.java:511)
        at java.util.concurrent.FutureTask.run(FutureTask.java:266)
        at java.util.concurrent.ThreadPoolExecutor.runWorker(ThreadPoolExecutor.java:1149)
        at java.util.concurrent.ThreadPoolExecutor$Worker.run(ThreadPoolExecutor.java:624)
        at java.lang.Thread.run(Thread.java:750)
"IPC Server handler 13 on default port 15004" daemon prio=5 tid=175 timed_waiting
java.lang.Thread.State: TIMED_WAITING
        at sun.misc.Unsafe.park(Native Method)
        at java.util.concurrent.locks.LockSupport.parkNanos(LockSupport.java:215)
        at java.util.concurrent.locks.AbstractQueuedSynchronizer$ConditionObject.awaitNanos(AbstractQueuedSynchronizer.java:2078)
        at java.util.concurrent.LinkedBlockingQueue.poll(LinkedBlockingQueue.java:467)
        at org.apache.hadoop.ipc.CallQueueManager.take(CallQueueManager.java:317)
        at org.apache.hadoop.ipc.Server$Handler.run(Server.java:3014)
"qtp1811082427-118" daemon prio=5 tid=118 timed_waiting
java.lang.Thread.State: TIMED_WAITING
        at sun.misc.Unsafe.park(Native Method)
        at java.util.concurrent.locks.LockSupport.parkNanos(LockSupport.java:215)
        at java.util.concurrent.locks.AbstractQueuedSynchronizer$ConditionObject.awaitNanos(AbstractQueuedSynchronizer.java:2078)
        at org.eclipse.jetty.util.BlockingArrayQueue.poll(BlockingArrayQueue.java:382)
        at org.eclipse.jetty.util.thread.QueuedThreadPool$Runner.idleJobPoll(QueuedThreadPool.java:974)
        at org.eclipse.jetty.util.thread.QueuedThreadPool$Runner.run(QueuedThreadPool.java:1018)
        at java.lang.Thread.run(Thread.java:750)
"IPC Server handler 1 on default port 15000" daemon prio=5 tid=50 timed_waiting
java.lang.Thread.State: TIMED_WAITING
        at sun.misc.Unsafe.park(Native Method)
        at java.util.concurrent.locks.LockSupport.parkNanos(LockSupport.java:215)
        at java.util.concurrent.locks.AbstractQueuedSynchronizer$ConditionObject.awaitNanos(AbstractQueuedSynchronizer.java:2078)
        at java.util.concurrent.LinkedBlockingQueue.poll(LinkedBlockingQueue.java:467)
        at org.apache.hadoop.ipc.CallQueueManager.take(CallQueueManager.java:317)
        at org.apache.hadoop.ipc.Server$Handler.run(Server.java:3014)
"Socket Reader #1 for port 15030"  prio=5 tid=319 runnable
java.lang.Thread.State: RUNNABLE
        at sun.nio.ch.EPollArrayWrapper.epollWait(Native Method)
        at sun.nio.ch.EPollArrayWrapper.poll(EPollArrayWrapper.java:269)
        at sun.nio.ch.EPollSelectorImpl.doSelect(EPollSelectorImpl.java:93)
        at sun.nio.ch.SelectorImpl.lockAndDoSelect(SelectorImpl.java:86)
        at sun.nio.ch.SelectorImpl.select(SelectorImpl.java:97)
        at sun.nio.ch.SelectorImpl.select(SelectorImpl.java:101)
        at org.apache.hadoop.ipc.Server$Listener$Reader.doRunLoop(Server.java:1346)
        at org.apache.hadoop.ipc.Server$Listener$Reader.run(Server.java:1325)
"IPC Server handler 15 on default port 15004" daemon prio=5 tid=177 timed_waiting
java.lang.Thread.State: TIMED_WAITING
        at sun.misc.Unsafe.park(Native Method)
        at java.util.concurrent.locks.LockSupport.parkNanos(LockSupport.java:215)
        at java.util.concurrent.locks.AbstractQueuedSynchronizer$ConditionObject.awaitNanos(AbstractQueuedSynchronizer.java:2078)
        at java.util.concurrent.LinkedBlockingQueue.poll(LinkedBlockingQueue.java:467)
        at org.apache.hadoop.ipc.CallQueueManager.take(CallQueueManager.java:317)
        at org.apache.hadoop.ipc.Server$Handler.run(Server.java:3014)
"IPC Server Responder" daemon prio=5 tid=36 runnable
java.lang.Thread.State: RUNNABLE
        at sun.nio.ch.EPollArrayWrapper.epollWait(Native Method)
        at sun.nio.ch.EPollArrayWrapper.poll(EPollArrayWrapper.java:269)
        at sun.nio.ch.EPollSelectorImpl.doSelect(EPollSelectorImpl.java:93)
        at sun.nio.ch.SelectorImpl.lockAndDoSelect(SelectorImpl.java:86)
        at sun.nio.ch.SelectorImpl.select(SelectorImpl.java:97)
        at org.apache.hadoop.ipc.Server$Responder.doRunLoop(Server.java:1582)
        at org.apache.hadoop.ipc.Server$Responder.run(Server.java:1565)
"ContainerOp-a2d281d2-730c-4a02-9c2e-ca4ce5b48592-0"  prio=5 tid=543 in Object.wait()
java.lang.Thread.State: WAITING (on object monitor)
        at sun.misc.Unsafe.park(Native Method)
        at java.util.concurrent.locks.LockSupport.park(LockSupport.java:175)
        at java.util.concurrent.locks.AbstractQueuedSynchronizer$ConditionObject.await(AbstractQueuedSynchronizer.java:2039)
        at java.util.concurrent.LinkedBlockingQueue.take(LinkedBlockingQueue.java:442)
        at java.util.concurrent.ThreadPoolExecutor.getTask(ThreadPoolExecutor.java:1074)
        at java.util.concurrent.ThreadPoolExecutor.runWorker(ThreadPoolExecutor.java:1134)
        at java.util.concurrent.ThreadPoolExecutor$Worker.run(ThreadPoolExecutor.java:624)
        at java.lang.Thread.run(Thread.java:750)
"ContainerHealthTask" daemon prio=5 tid=239 timed_waiting
java.lang.Thread.State: TIMED_WAITING
        at java.lang.Thread.sleep(Native Method)
        at org.apache.hadoop.ozone.recon.fsck.ContainerHealthTask.run(ContainerHealthTask.java:91)
        at org.apache.hadoop.ozone.recon.scm.ReconScmTask$$Lambda$1164/1091609880.run(Unknown Source)
        at java.lang.Thread.run(Thread.java:750)
"IPC Server handler 13 on default port 15002" daemon prio=5 tid=102 timed_waiting
java.lang.Thread.State: TIMED_WAITING
        at sun.misc.Unsafe.park(Native Method)
        at java.util.concurrent.locks.LockSupport.parkNanos(LockSupport.java:215)
        at java.util.concurrent.locks.AbstractQueuedSynchronizer$ConditionObject.awaitNanos(AbstractQueuedSynchronizer.java:2078)
        at java.util.concurrent.LinkedBlockingQueue.poll(LinkedBlockingQueue.java:467)
        at org.apache.hadoop.ipc.CallQueueManager.take(CallQueueManager.java:317)
        at org.apache.hadoop.ipc.Server$Handler.run(Server.java:3014)
"qtp1648385724-155" daemon prio=5 tid=155 timed_waiting
java.lang.Thread.State: TIMED_WAITING
        at sun.misc.Unsafe.park(Native Method)
        at java.util.concurrent.locks.LockSupport.parkNanos(LockSupport.java:215)
        at java.util.concurrent.locks.AbstractQueuedSynchronizer$ConditionObject.awaitNanos(AbstractQueuedSynchronizer.java:2078)
        at org.eclipse.jetty.util.BlockingArrayQueue.poll(BlockingArrayQueue.java:382)
        at org.eclipse.jetty.util.thread.QueuedThreadPool$Runner.idleJobPoll(QueuedThreadPool.java:974)
        at org.eclipse.jetty.util.thread.QueuedThreadPool$Runner.run(QueuedThreadPool.java:1018)
        at java.lang.Thread.run(Thread.java:750)
"FixedThreadPoolWithAffinityExecutor-5-0" daemon prio=5 tid=43 timed_waiting
java.lang.Thread.State: TIMED_WAITING
        at sun.misc.Unsafe.park(Native Method)
        at java.util.concurrent.locks.LockSupport.parkNanos(LockSupport.java:215)
        at java.util.concurrent.locks.AbstractQueuedSynchronizer$ConditionObject.awaitNanos(AbstractQueuedSynchronizer.java:2078)
        at java.util.concurrent.LinkedBlockingQueue.poll(LinkedBlockingQueue.java:467)
        at org.apache.hadoop.hdds.scm.server.ContainerReportQueue.poll(ContainerReportQueue.java:266)
        at org.apache.hadoop.hdds.scm.server.ContainerReportQueue.poll(ContainerReportQueue.java:42)
        at org.apache.hadoop.hdds.server.events.FixedThreadPoolWithAffinityExecutor$ContainerReportProcessTask.run(FixedThreadPoolWithAffinityExecutor.java:247)
        at java.util.concurrent.Executors$RunnableAdapter.call(Executors.java:511)
        at java.util.concurrent.FutureTask.run(FutureTask.java:266)
        at java.util.concurrent.ThreadPoolExecutor.runWorker(ThreadPoolExecutor.java:1149)
        at java.util.concurrent.ThreadPoolExecutor$Worker.run(ThreadPoolExecutor.java:624)
        at java.lang.Thread.run(Thread.java:750)
"CompactionDagPruningService" daemon prio=5 tid=127 timed_waiting
java.lang.Thread.State: TIMED_WAITING
        at sun.misc.Unsafe.park(Native Method)
        at java.util.concurrent.locks.LockSupport.parkNanos(LockSupport.java:215)
        at java.util.concurrent.locks.AbstractQueuedSynchronizer$ConditionObject.awaitNanos(AbstractQueuedSynchronizer.java:2078)
        at java.util.concurrent.ScheduledThreadPoolExecutor$DelayedWorkQueue.take(ScheduledThreadPoolExecutor.java:1093)
        at java.util.concurrent.ScheduledThreadPoolExecutor$DelayedWorkQueue.take(ScheduledThreadPoolExecutor.java:809)
        at java.util.concurrent.ThreadPoolExecutor.getTask(ThreadPoolExecutor.java:1074)
        at java.util.concurrent.ThreadPoolExecutor.runWorker(ThreadPoolExecutor.java:1134)
        at java.util.concurrent.ThreadPoolExecutor$Worker.run(ThreadPoolExecutor.java:624)
        at java.lang.Thread.run(Thread.java:750)
"IPC Server handler 8 on default port 15001" daemon prio=5 tid=77 timed_waiting
java.lang.Thread.State: TIMED_WAITING
        at sun.misc.Unsafe.park(Native Method)
        at java.util.concurrent.locks.LockSupport.parkNanos(LockSupport.java:215)
        at java.util.concurrent.locks.AbstractQueuedSynchronizer$ConditionObject.awaitNanos(AbstractQueuedSynchronizer.java:2078)
        at java.util.concurrent.LinkedBlockingQueue.poll(LinkedBlockingQueue.java:467)
        at org.apache.hadoop.ipc.CallQueueManager.take(CallQueueManager.java:317)
        at org.apache.hadoop.ipc.Server$Handler.run(Server.java:3014)
"IPC Server handler 18 on default port 15002" daemon prio=5 tid=107 timed_waiting
java.lang.Thread.State: TIMED_WAITING
        at sun.misc.Unsafe.park(Native Method)
        at java.util.concurrent.locks.LockSupport.parkNanos(LockSupport.java:215)
        at java.util.concurrent.locks.AbstractQueuedSynchronizer$ConditionObject.awaitNanos(AbstractQueuedSynchronizer.java:2078)
        at java.util.concurrent.LinkedBlockingQueue.poll(LinkedBlockingQueue.java:467)
        at org.apache.hadoop.ipc.CallQueueManager.take(CallQueueManager.java:317)
        at org.apache.hadoop.ipc.Server$Handler.run(Server.java:3014)
"EventQueue-NodeReportForNodeReportHandler" daemon prio=5 tid=938 in Object.wait()
java.lang.Thread.State: WAITING (on object monitor)
        at sun.misc.Unsafe.park(Native Method)
        at java.util.concurrent.locks.LockSupport.park(LockSupport.java:175)
        at java.util.concurrent.locks.AbstractQueuedSynchronizer$ConditionObject.await(AbstractQueuedSynchronizer.java:2039)
        at java.util.concurrent.LinkedBlockingQueue.take(LinkedBlockingQueue.java:442)
        at java.util.concurrent.ThreadPoolExecutor.getTask(ThreadPoolExecutor.java:1074)
        at java.util.concurrent.ThreadPoolExecutor.runWorker(ThreadPoolExecutor.java:1134)
        at java.util.concurrent.ThreadPoolExecutor$Worker.run(ThreadPoolExecutor.java:624)
        at java.lang.Thread.run(Thread.java:750)
"Socket Reader #1 for port 15001"  prio=5 tid=29 runnable
java.lang.Thread.State: RUNNABLE
        at sun.nio.ch.EPollArrayWrapper.epollWait(Native Method)
        at sun.nio.ch.EPollArrayWrapper.poll(EPollArrayWrapper.java:269)
        at sun.nio.ch.EPollSelectorImpl.doSelect(EPollSelectorImpl.java:93)
        at sun.nio.ch.SelectorImpl.lockAndDoSelect(SelectorImpl.java:86)
        at sun.nio.ch.SelectorImpl.select(SelectorImpl.java:97)
        at sun.nio.ch.SelectorImpl.select(SelectorImpl.java:101)
        at org.apache.hadoop.ipc.Server$Listener$Reader.doRunLoop(Server.java:1346)
        at org.apache.hadoop.ipc.Server$Listener$Reader.run(Server.java:1325)
"125b6ccd-ab10-424e-ac54-cb3b86c02134@group-490E43B3EBB9-LeaderStateImpl" daemon prio=5 tid=473 timed_waiting
java.lang.Thread.State: TIMED_WAITING
        at sun.misc.Unsafe.park(Native Method)
        at java.util.concurrent.locks.LockSupport.parkNanos(LockSupport.java:215)
        at java.util.concurrent.locks.AbstractQueuedSynchronizer$ConditionObject.awaitNanos(AbstractQueuedSynchronizer.java:2078)
        at java.util.concurrent.ArrayBlockingQueue.poll(ArrayBlockingQueue.java:418)
        at org.apache.ratis.server.impl.LeaderStateImpl$EventQueue.poll(LeaderStateImpl.java:164)
        at org.apache.ratis.server.impl.LeaderStateImpl$EventProcessor.run(LeaderStateImpl.java:702)
"ContainerSizeCountTask" daemon prio=5 tid=240 timed_waiting
java.lang.Thread.State: TIMED_WAITING
        at java.lang.Object.wait(Native Method)
        at org.apache.hadoop.ozone.recon.tasks.ContainerSizeCountTask.run(ContainerSizeCountTask.java:90)
        at org.apache.hadoop.ozone.recon.scm.ReconScmTask$$Lambda$1164/1091609880.run(Unknown Source)
        at java.lang.Thread.run(Thread.java:750)
"Datanode ReportManager Thread - 0" daemon prio=5 tid=296 in Object.wait()
java.lang.Thread.State: WAITING (on object monitor)
        at sun.misc.Unsafe.park(Native Method)
        at java.util.concurrent.locks.LockSupport.park(LockSupport.java:175)
        at java.util.concurrent.locks.AbstractQueuedSynchronizer$ConditionObject.await(AbstractQueuedSynchronizer.java:2039)
        at java.util.concurrent.ScheduledThreadPoolExecutor$DelayedWorkQueue.take(ScheduledThreadPoolExecutor.java:1088)
        at java.util.concurrent.ScheduledThreadPoolExecutor$DelayedWorkQueue.take(ScheduledThreadPoolExecutor.java:809)
        at java.util.concurrent.ThreadPoolExecutor.getTask(ThreadPoolExecutor.java:1074)
        at java.util.concurrent.ThreadPoolExecutor.runWorker(ThreadPoolExecutor.java:1134)
        at java.util.concurrent.ThreadPoolExecutor$Worker.run(ThreadPoolExecutor.java:624)
        at java.lang.Thread.run(Thread.java:750)
"IPC Server handler 0 on default port 15021" daemon prio=5 tid=294 timed_waiting
java.lang.Thread.State: TIMED_WAITING
        at sun.misc.Unsafe.park(Native Method)
        at java.util.concurrent.locks.LockSupport.parkNanos(LockSupport.java:215)
        at java.util.concurrent.locks.AbstractQueuedSynchronizer$ConditionObject.awaitNanos(AbstractQueuedSynchronizer.java:2078)
        at java.util.concurrent.LinkedBlockingQueue.poll(LinkedBlockingQueue.java:467)
        at org.apache.hadoop.ipc.CallQueueManager.take(CallQueueManager.java:317)
        at org.apache.hadoop.ipc.Server$Handler.run(Server.java:3014)
"pool-65-thread-1"  prio=5 tid=152 timed_waiting
java.lang.Thread.State: TIMED_WAITING
        at sun.misc.Unsafe.park(Native Method)
        at java.util.concurrent.locks.LockSupport.parkNanos(LockSupport.java:215)
        at java.util.concurrent.locks.AbstractQueuedSynchronizer$ConditionObject.awaitNanos(AbstractQueuedSynchronizer.java:2078)
        at java.util.concurrent.ScheduledThreadPoolExecutor$DelayedWorkQueue.take(ScheduledThreadPoolExecutor.java:1093)
        at java.util.concurrent.ScheduledThreadPoolExecutor$DelayedWorkQueue.take(ScheduledThreadPoolExecutor.java:809)
        at java.util.concurrent.ThreadPoolExecutor.getTask(ThreadPoolExecutor.java:1074)
        at java.util.concurrent.ThreadPoolExecutor.runWorker(ThreadPoolExecutor.java:1134)
        at java.util.concurrent.ThreadPoolExecutor$Worker.run(ThreadPoolExecutor.java:624)
        at java.lang.Thread.run(Thread.java:750)
"ContainerOp-a2d281d2-730c-4a02-9c2e-ca4ce5b48592-8"  prio=5 tid=597 in Object.wait()
java.lang.Thread.State: WAITING (on object monitor)
        at sun.misc.Unsafe.park(Native Method)
        at java.util.concurrent.locks.LockSupport.park(LockSupport.java:175)
        at java.util.concurrent.locks.AbstractQueuedSynchronizer$ConditionObject.await(AbstractQueuedSynchronizer.java:2039)
        at java.util.concurrent.LinkedBlockingQueue.take(LinkedBlockingQueue.java:442)
        at java.util.concurrent.ThreadPoolExecutor.getTask(ThreadPoolExecutor.java:1074)
        at java.util.concurrent.ThreadPoolExecutor.runWorker(ThreadPoolExecutor.java:1134)
        at java.util.concurrent.ThreadPoolExecutor$Worker.run(ThreadPoolExecutor.java:624)
        at java.lang.Thread.run(Thread.java:750)
"EventQueue-DatanodeCommandQueueUpdatedForDatanodeCommandCountUpdatedHandler" daemon prio=5 tid=393 in Object.wait()
java.lang.Thread.State: WAITING (on object monitor)
        at sun.misc.Unsafe.park(Native Method)
        at java.util.concurrent.locks.LockSupport.park(LockSupport.java:175)
        at java.util.concurrent.locks.AbstractQueuedSynchronizer$ConditionObject.await(AbstractQueuedSynchronizer.java:2039)
        at java.util.concurrent.LinkedBlockingQueue.take(LinkedBlockingQueue.java:442)
        at java.util.concurrent.ThreadPoolExecutor.getTask(ThreadPoolExecutor.java:1074)
        at java.util.concurrent.ThreadPoolExecutor.runWorker(ThreadPoolExecutor.java:1134)
        at java.util.concurrent.ThreadPoolExecutor$Worker.run(ThreadPoolExecutor.java:624)
        at java.lang.Thread.run(Thread.java:750)
"IPC Server handler 16 on default port 15004" daemon prio=5 tid=178 timed_waiting
java.lang.Thread.State: TIMED_WAITING
        at sun.misc.Unsafe.park(Native Method)
        at java.util.concurrent.locks.LockSupport.parkNanos(LockSupport.java:215)
        at java.util.concurrent.locks.AbstractQueuedSynchronizer$ConditionObject.awaitNanos(AbstractQueuedSynchronizer.java:2078)
        at java.util.concurrent.LinkedBlockingQueue.poll(LinkedBlockingQueue.java:467)
        at org.apache.hadoop.ipc.CallQueueManager.take(CallQueueManager.java:317)
        at org.apache.hadoop.ipc.Server$Handler.run(Server.java:3014)
"pool-98-thread-1" daemon prio=5 tid=341 timed_waiting
java.lang.Thread.State: TIMED_WAITING
        at sun.misc.Unsafe.park(Native Method)
        at java.util.concurrent.locks.LockSupport.parkNanos(LockSupport.java:215)
        at java.util.concurrent.locks.AbstractQueuedSynchronizer$ConditionObject.awaitNanos(AbstractQueuedSynchronizer.java:2078)
        at java.util.concurrent.ScheduledThreadPoolExecutor$DelayedWorkQueue.take(ScheduledThreadPoolExecutor.java:1093)
        at java.util.concurrent.ScheduledThreadPoolExecutor$DelayedWorkQueue.take(ScheduledThreadPoolExecutor.java:809)
        at java.util.concurrent.ThreadPoolExecutor.getTask(ThreadPoolExecutor.java:1074)
        at java.util.concurrent.ThreadPoolExecutor.runWorker(ThreadPoolExecutor.java:1134)
        at java.util.concurrent.ThreadPoolExecutor$Worker.run(ThreadPoolExecutor.java:624)
        at java.lang.Thread.run(Thread.java:750)
"qtp1599378115-315" daemon prio=5 tid=315 timed_waiting
java.lang.Thread.State: TIMED_WAITING
        at sun.misc.Unsafe.park(Native Method)
        at java.util.concurrent.locks.LockSupport.parkNanos(LockSupport.java:215)
        at java.util.concurrent.locks.AbstractQueuedSynchronizer$ConditionObject.awaitNanos(AbstractQueuedSynchronizer.java:2078)
        at org.eclipse.jetty.util.BlockingArrayQueue.poll(BlockingArrayQueue.java:382)
        at org.eclipse.jetty.util.thread.QueuedThreadPool$Runner.idleJobPoll(QueuedThreadPool.java:974)
        at org.eclipse.jetty.util.thread.QueuedThreadPool$Runner.run(QueuedThreadPool.java:1018)
        at java.lang.Thread.run(Thread.java:750)
"IPC Server handler 12 on default port 15000" daemon prio=5 tid=61 timed_waiting
java.lang.Thread.State: TIMED_WAITING
        at sun.misc.Unsafe.park(Native Method)
        at java.util.concurrent.locks.LockSupport.parkNanos(LockSupport.java:215)
        at java.util.concurrent.locks.AbstractQueuedSynchronizer$ConditionObject.awaitNanos(AbstractQueuedSynchronizer.java:2078)
        at java.util.concurrent.LinkedBlockingQueue.poll(LinkedBlockingQueue.java:467)
        at org.apache.hadoop.ipc.CallQueueManager.take(CallQueueManager.java:317)
        at org.apache.hadoop.ipc.Server$Handler.run(Server.java:3014)
"PartialTableCache Cleanup Thread - 0" daemon prio=5 tid=551 in Object.wait()
java.lang.Thread.State: WAITING (on object monitor)
        at sun.misc.Unsafe.park(Native Method)
        at java.util.concurrent.locks.LockSupport.park(LockSupport.java:175)
        at java.util.concurrent.locks.AbstractQueuedSynchronizer$ConditionObject.await(AbstractQueuedSynchronizer.java:2039)
        at java.util.concurrent.LinkedBlockingQueue.take(LinkedBlockingQueue.java:442)
        at java.util.concurrent.ThreadPoolExecutor.getTask(ThreadPoolExecutor.java:1074)
        at java.util.concurrent.ThreadPoolExecutor.runWorker(ThreadPoolExecutor.java:1134)
        at java.util.concurrent.ThreadPoolExecutor$Worker.run(ThreadPoolExecutor.java:624)
        at java.lang.Thread.run(Thread.java:750)
"pool-121-thread-1" daemon prio=5 tid=357 timed_waiting
java.lang.Thread.State: TIMED_WAITING
        at sun.misc.Unsafe.park(Native Method)
        at java.util.concurrent.locks.LockSupport.parkNanos(LockSupport.java:215)
        at java.util.concurrent.locks.AbstractQueuedSynchronizer$ConditionObject.awaitNanos(AbstractQueuedSynchronizer.java:2078)
        at java.util.concurrent.ScheduledThreadPoolExecutor$DelayedWorkQueue.take(ScheduledThreadPoolExecutor.java:1093)
        at java.util.concurrent.ScheduledThreadPoolExecutor$DelayedWorkQueue.take(ScheduledThreadPoolExecutor.java:809)
        at java.util.concurrent.ThreadPoolExecutor.getTask(ThreadPoolExecutor.java:1074)
        at java.util.concurrent.ThreadPoolExecutor.runWorker(ThreadPoolExecutor.java:1134)
        at java.util.concurrent.ThreadPoolExecutor$Worker.run(ThreadPoolExecutor.java:624)
        at java.lang.Thread.run(Thread.java:750)
"Hadoop-Metrics-Updater-0" daemon prio=5 tid=139 timed_waiting
java.lang.Thread.State: TIMED_WAITING
        at sun.misc.Unsafe.park(Native Method)
        at java.util.concurrent.locks.LockSupport.parkNanos(LockSupport.java:215)
        at java.util.concurrent.locks.AbstractQueuedSynchronizer$ConditionObject.awaitNanos(AbstractQueuedSynchronizer.java:2078)
        at java.util.concurrent.ScheduledThreadPoolExecutor$DelayedWorkQueue.take(ScheduledThreadPoolExecutor.java:1093)
        at java.util.concurrent.ScheduledThreadPoolExecutor$DelayedWorkQueue.take(ScheduledThreadPoolExecutor.java:809)
        at java.util.concurrent.ThreadPoolExecutor.getTask(ThreadPoolExecutor.java:1074)
        at java.util.concurrent.ThreadPoolExecutor.runWorker(ThreadPoolExecutor.java:1134)
        at java.util.concurrent.ThreadPoolExecutor$Worker.run(ThreadPoolExecutor.java:624)
        at java.lang.Thread.run(Thread.java:750)
"timer1" daemon prio=5 tid=485 timed_waiting
java.lang.Thread.State: TIMED_WAITING
        at java.lang.Object.wait(Native Method)
        at java.util.TimerThread.mainLoop(Timer.java:552)
        at java.util.TimerThread.run(Timer.java:505)
"FixedThreadPoolWithAffinityExecutor-6-0" daemon prio=5 tid=202 timed_waiting
java.lang.Thread.State: TIMED_WAITING
        at sun.misc.Unsafe.park(Native Method)
        at java.util.concurrent.locks.LockSupport.parkNanos(LockSupport.java:215)
        at java.util.concurrent.locks.AbstractQueuedSynchronizer$ConditionObject.awaitNanos(AbstractQueuedSynchronizer.java:2078)
        at java.util.concurrent.LinkedBlockingQueue.poll(LinkedBlockingQueue.java:467)
        at org.apache.hadoop.hdds.scm.server.ContainerReportQueue.poll(ContainerReportQueue.java:266)
        at org.apache.hadoop.hdds.scm.server.ContainerReportQueue.poll(ContainerReportQueue.java:42)
        at org.apache.hadoop.hdds.server.events.FixedThreadPoolWithAffinityExecutor$ContainerReportProcessTask.run(FixedThreadPoolWithAffinityExecutor.java:247)
        at java.util.concurrent.Executors$RunnableAdapter.call(Executors.java:511)
        at java.util.concurrent.FutureTask.run(FutureTask.java:266)
        at java.util.concurrent.ThreadPoolExecutor.runWorker(ThreadPoolExecutor.java:1149)
        at java.util.concurrent.ThreadPoolExecutor$Worker.run(ThreadPoolExecutor.java:624)
        at java.lang.Thread.run(Thread.java:750)
"FixedThreadPoolWithAffinityExecutor-9-0" daemon prio=5 tid=47 timed_waiting
java.lang.Thread.State: TIMED_WAITING
        at sun.misc.Unsafe.park(Native Method)
        at java.util.concurrent.locks.LockSupport.parkNanos(LockSupport.java:215)
        at java.util.concurrent.locks.AbstractQueuedSynchronizer$ConditionObject.awaitNanos(AbstractQueuedSynchronizer.java:2078)
        at java.util.concurrent.LinkedBlockingQueue.poll(LinkedBlockingQueue.java:467)
        at org.apache.hadoop.hdds.scm.server.ContainerReportQueue.poll(ContainerReportQueue.java:266)
        at org.apache.hadoop.hdds.scm.server.ContainerReportQueue.poll(ContainerReportQueue.java:42)
        at org.apache.hadoop.hdds.server.events.FixedThreadPoolWithAffinityExecutor$ContainerReportProcessTask.run(FixedThreadPoolWithAffinityExecutor.java:247)
        at java.util.concurrent.Executors$RunnableAdapter.call(Executors.java:511)
        at java.util.concurrent.FutureTask.run(FutureTask.java:266)
        at java.util.concurrent.ThreadPoolExecutor.runWorker(ThreadPoolExecutor.java:1149)
        at java.util.concurrent.ThreadPoolExecutor$Worker.run(ThreadPoolExecutor.java:624)
        at java.lang.Thread.run(Thread.java:750)
"ContainerOp-a2d281d2-730c-4a02-9c2e-ca4ce5b48592-5"  prio=5 tid=581 in Object.wait()
java.lang.Thread.State: WAITING (on object monitor)
        at sun.misc.Unsafe.park(Native Method)
        at java.util.concurrent.locks.LockSupport.park(LockSupport.java:175)
        at java.util.concurrent.locks.AbstractQueuedSynchronizer$ConditionObject.await(AbstractQueuedSynchronizer.java:2039)
        at java.util.concurrent.LinkedBlockingQueue.take(LinkedBlockingQueue.java:442)
        at java.util.concurrent.ThreadPoolExecutor.getTask(ThreadPoolExecutor.java:1074)
        at java.util.concurrent.ThreadPoolExecutor.runWorker(ThreadPoolExecutor.java:1134)
        at java.util.concurrent.ThreadPoolExecutor$Worker.run(ThreadPoolExecutor.java:624)
        at java.lang.Thread.run(Thread.java:750)
"Timer-0"  prio=5 tid=146 timed_waiting
java.lang.Thread.State: TIMED_WAITING
        at java.lang.Object.wait(Native Method)
        at java.util.TimerThread.mainLoop(Timer.java:552)
        at java.util.TimerThread.run(Timer.java:505)
"IPC Server Responder" daemon prio=5 tid=263 runnable
java.lang.Thread.State: RUNNABLE
        at sun.nio.ch.EPollArrayWrapper.epollWait(Native Method)
        at sun.nio.ch.EPollArrayWrapper.poll(EPollArrayWrapper.java:269)
        at sun.nio.ch.EPollSelectorImpl.doSelect(EPollSelectorImpl.java:93)
        at sun.nio.ch.SelectorImpl.lockAndDoSelect(SelectorImpl.java:86)
        at sun.nio.ch.SelectorImpl.select(SelectorImpl.java:97)
        at org.apache.hadoop.ipc.Server$Responder.doRunLoop(Server.java:1582)
        at org.apache.hadoop.ipc.Server$Responder.run(Server.java:1565)
"qtp1648385724-158" daemon prio=5 tid=158 timed_waiting
java.lang.Thread.State: TIMED_WAITING
        at sun.misc.Unsafe.park(Native Method)
        at java.util.concurrent.locks.LockSupport.parkNanos(LockSupport.java:215)
        at java.util.concurrent.locks.AbstractQueuedSynchronizer$ConditionObject.awaitNanos(AbstractQueuedSynchronizer.java:2078)
        at org.eclipse.jetty.util.BlockingArrayQueue.poll(BlockingArrayQueue.java:382)
        at org.eclipse.jetty.util.thread.QueuedThreadPool$Runner.idleJobPoll(QueuedThreadPool.java:974)
        at org.eclipse.jetty.util.thread.QueuedThreadPool$Runner.run(QueuedThreadPool.java:1018)
        at java.lang.Thread.run(Thread.java:750)
"IPC Server handler 11 on default port 15001" daemon prio=5 tid=80 timed_waiting
java.lang.Thread.State: TIMED_WAITING
        at sun.misc.Unsafe.park(Native Method)
        at java.util.concurrent.locks.LockSupport.parkNanos(LockSupport.java:215)
        at java.util.concurrent.locks.AbstractQueuedSynchronizer$ConditionObject.awaitNanos(AbstractQueuedSynchronizer.java:2078)
        at java.util.concurrent.LinkedBlockingQueue.poll(LinkedBlockingQueue.java:467)
        at org.apache.hadoop.ipc.CallQueueManager.take(CallQueueManager.java:317)
        at org.apache.hadoop.ipc.Server$Handler.run(Server.java:3014)
"Socket Reader #1 for port 15012"  prio=5 tid=261 runnable
java.lang.Thread.State: RUNNABLE
        at sun.nio.ch.EPollArrayWrapper.epollWait(Native Method)
        at sun.nio.ch.EPollArrayWrapper.poll(EPollArrayWrapper.java:269)
        at sun.nio.ch.EPollSelectorImpl.doSelect(EPollSelectorImpl.java:93)
        at sun.nio.ch.SelectorImpl.lockAndDoSelect(SelectorImpl.java:86)
        at sun.nio.ch.SelectorImpl.select(SelectorImpl.java:97)
        at sun.nio.ch.SelectorImpl.select(SelectorImpl.java:101)
        at org.apache.hadoop.ipc.Server$Listener$Reader.doRunLoop(Server.java:1346)
        at org.apache.hadoop.ipc.Server$Listener$Reader.run(Server.java:1325)
"IPC Server listener on 15021" daemon prio=5 tid=289 runnable
java.lang.Thread.State: RUNNABLE
        at sun.nio.ch.EPollArrayWrapper.epollWait(Native Method)
        at sun.nio.ch.EPollArrayWrapper.poll(EPollArrayWrapper.java:269)
        at sun.nio.ch.EPollSelectorImpl.doSelect(EPollSelectorImpl.java:93)
        at sun.nio.ch.SelectorImpl.lockAndDoSelect(SelectorImpl.java:86)
        at sun.nio.ch.SelectorImpl.select(SelectorImpl.java:97)
        at sun.nio.ch.SelectorImpl.select(SelectorImpl.java:101)
        at org.apache.hadoop.ipc.Server$Listener.run(Server.java:1408)
"qtp837784224-206-acceptor-0@7a32bf9e-ServerConnector@465f49f2{HTTP/1.1, (http/1.1)}{0.0.0.0:15008}" daemon prio=3 tid=206 runnable
java.lang.Thread.State: RUNNABLE
        at sun.nio.ch.ServerSocketChannelImpl.accept0(Native Method)
        at sun.nio.ch.ServerSocketChannelImpl.accept(ServerSocketChannelImpl.java:421)
        at sun.nio.ch.ServerSocketChannelImpl.accept(ServerSocketChannelImpl.java:249)
        at org.eclipse.jetty.server.ServerConnector.accept(ServerConnector.java:388)
        at org.eclipse.jetty.server.AbstractConnector$Acceptor.run(AbstractConnector.java:704)
        at org.eclipse.jetty.util.thread.QueuedThreadPool.runJob(QueuedThreadPool.java:883)
        at org.eclipse.jetty.util.thread.QueuedThreadPool$Runner.run(QueuedThreadPool.java:1034)
        at java.lang.Thread.run(Thread.java:750)
"EndpointStateMachine task thread for /0.0.0.0:15002 - 0 "  prio=5 tid=369 in Object.wait()
java.lang.Thread.State: WAITING (on object monitor)
        at sun.misc.Unsafe.park(Native Method)
        at java.util.concurrent.locks.LockSupport.park(LockSupport.java:175)
        at java.util.concurrent.locks.AbstractQueuedSynchronizer$ConditionObject.await(AbstractQueuedSynchronizer.java:2039)
        at java.util.concurrent.LinkedBlockingQueue.take(LinkedBlockingQueue.java:442)
        at java.util.concurrent.ThreadPoolExecutor.getTask(ThreadPoolExecutor.java:1074)
        at java.util.concurrent.ThreadPoolExecutor.runWorker(ThreadPoolExecutor.java:1134)
        at java.util.concurrent.ThreadPoolExecutor$Worker.run(ThreadPoolExecutor.java:624)
        at java.lang.Thread.run(Thread.java:750)
"IPC Server handler 17 on default port 15000" daemon prio=5 tid=66 timed_waiting
java.lang.Thread.State: TIMED_WAITING
        at sun.misc.Unsafe.park(Native Method)
        at java.util.concurrent.locks.LockSupport.parkNanos(LockSupport.java:215)
        at java.util.concurrent.locks.AbstractQueuedSynchronizer$ConditionObject.awaitNanos(AbstractQueuedSynchronizer.java:2078)
        at java.util.concurrent.LinkedBlockingQueue.poll(LinkedBlockingQueue.java:467)
        at org.apache.hadoop.ipc.CallQueueManager.take(CallQueueManager.java:317)
        at org.apache.hadoop.ipc.Server$Handler.run(Server.java:3014)
"Socket Reader #1 for port 15000"  prio=5 tid=34 runnable
java.lang.Thread.State: RUNNABLE
        at sun.nio.ch.EPollArrayWrapper.epollWait(Native Method)
        at sun.nio.ch.EPollArrayWrapper.poll(EPollArrayWrapper.java:269)
        at sun.nio.ch.EPollSelectorImpl.doSelect(EPollSelectorImpl.java:93)
        at sun.nio.ch.SelectorImpl.lockAndDoSelect(SelectorImpl.java:86)
        at sun.nio.ch.SelectorImpl.select(SelectorImpl.java:97)
        at sun.nio.ch.SelectorImpl.select(SelectorImpl.java:101)
        at org.apache.hadoop.ipc.Server$Listener$Reader.doRunLoop(Server.java:1346)
        at org.apache.hadoop.ipc.Server$Listener$Reader.run(Server.java:1325)
"e4211b8b-b648-43cb-96ad-95a5188c1410@group-CA4CE5B48592-FollowerState" daemon prio=5 tid=480 timed_waiting
java.lang.Thread.State: TIMED_WAITING
        at java.lang.Thread.sleep(Native Method)
        at java.lang.Thread.sleep(Thread.java:342)
        at java.util.concurrent.TimeUnit.sleep(TimeUnit.java:386)
        at org.apache.ratis.util.TimeDuration.sleep(TimeDuration.java:325)
        at org.apache.ratis.util.TimeDuration.sleep(TimeDuration.java:310)
        at org.apache.ratis.server.impl.FollowerState.run(FollowerState.java:128)
"PartialTableCache Cleanup Thread - 0" daemon prio=5 tid=539 in Object.wait()
java.lang.Thread.State: WAITING (on object monitor)
        at sun.misc.Unsafe.park(Native Method)
        at java.util.concurrent.locks.LockSupport.park(LockSupport.java:175)
        at java.util.concurrent.locks.AbstractQueuedSynchronizer$ConditionObject.await(AbstractQueuedSynchronizer.java:2039)
        at java.util.concurrent.LinkedBlockingQueue.take(LinkedBlockingQueue.java:442)
        at java.util.concurrent.ThreadPoolExecutor.getTask(ThreadPoolExecutor.java:1074)
        at java.util.concurrent.ThreadPoolExecutor.runWorker(ThreadPoolExecutor.java:1134)
        at java.util.concurrent.ThreadPoolExecutor$Worker.run(ThreadPoolExecutor.java:624)
        at java.lang.Thread.run(Thread.java:750)
"IPC Server idle connection scanner for port 15001" daemon prio=5 tid=30 timed_waiting
java.lang.Thread.State: TIMED_WAITING
        at java.lang.Object.wait(Native Method)
        at java.util.TimerThread.mainLoop(Timer.java:552)
        at java.util.TimerThread.run(Timer.java:505)
"EventQueue-NewNodeForReconNewNodeHandler" daemon prio=5 tid=385 in Object.wait()
java.lang.Thread.State: WAITING (on object monitor)
        at sun.misc.Unsafe.park(Native Method)
        at java.util.concurrent.locks.LockSupport.park(LockSupport.java:175)
        at java.util.concurrent.locks.AbstractQueuedSynchronizer$ConditionObject.await(AbstractQueuedSynchronizer.java:2039)
        at java.util.concurrent.LinkedBlockingQueue.take(LinkedBlockingQueue.java:442)
        at java.util.concurrent.ThreadPoolExecutor.getTask(ThreadPoolExecutor.java:1074)
        at java.util.concurrent.ThreadPoolExecutor.runWorker(ThreadPoolExecutor.java:1134)
        at java.util.concurrent.ThreadPoolExecutor$Worker.run(ThreadPoolExecutor.java:624)
        at java.lang.Thread.run(Thread.java:750)
"PipelineSyncTask" daemon prio=5 tid=241 timed_waiting
java.lang.Thread.State: TIMED_WAITING
        at java.lang.Thread.sleep(Native Method)
        at org.apache.hadoop.ozone.recon.scm.PipelineSyncTask.run(PipelineSyncTask.java:76)
        at org.apache.hadoop.ozone.recon.scm.ReconScmTask$$Lambda$1164/1091609880.run(Unknown Source)
        at java.lang.Thread.run(Thread.java:750)
"ContainerOp-4ae2c880-1070-4148-9b0d-1f48da4a8ca8-8"  prio=5 tid=629 in Object.wait()
java.lang.Thread.State: WAITING (on object monitor)
        at sun.misc.Unsafe.park(Native Method)
        at java.util.concurrent.locks.LockSupport.park(LockSupport.java:175)
        at java.util.concurrent.locks.AbstractQueuedSynchronizer$ConditionObject.await(AbstractQueuedSynchronizer.java:2039)
        at java.util.concurrent.LinkedBlockingQueue.take(LinkedBlockingQueue.java:442)
        at java.util.concurrent.ThreadPoolExecutor.getTask(ThreadPoolExecutor.java:1074)
        at java.util.concurrent.ThreadPoolExecutor.runWorker(ThreadPoolExecutor.java:1134)
        at java.util.concurrent.ThreadPoolExecutor$Worker.run(ThreadPoolExecutor.java:624)
        at java.lang.Thread.run(Thread.java:750)
"Socket Reader #1 for port 15009"  prio=5 tid=192 runnable
java.lang.Thread.State: RUNNABLE
        at sun.nio.ch.EPollArrayWrapper.epollWait(Native Method)
        at sun.nio.ch.EPollArrayWrapper.poll(EPollArrayWrapper.java:269)
        at sun.nio.ch.EPollSelectorImpl.doSelect(EPollSelectorImpl.java:93)
        at sun.nio.ch.SelectorImpl.lockAndDoSelect(SelectorImpl.java:86)
        at sun.nio.ch.SelectorImpl.select(SelectorImpl.java:97)
        at sun.nio.ch.SelectorImpl.select(SelectorImpl.java:101)
        at org.apache.hadoop.ipc.Server$Listener$Reader.doRunLoop(Server.java:1346)
        at org.apache.hadoop.ipc.Server$Listener$Reader.run(Server.java:1325)
"IPC Server handler 9 on default port 15002" daemon prio=5 tid=98 timed_waiting
java.lang.Thread.State: TIMED_WAITING
        at sun.misc.Unsafe.park(Native Method)
        at java.util.concurrent.locks.LockSupport.parkNanos(LockSupport.java:215)
        at java.util.concurrent.locks.AbstractQueuedSynchronizer$ConditionObject.awaitNanos(AbstractQueuedSynchronizer.java:2078)
        at java.util.concurrent.LinkedBlockingQueue.poll(LinkedBlockingQueue.java:467)
        at org.apache.hadoop.ipc.CallQueueManager.take(CallQueueManager.java:317)
        at org.apache.hadoop.ipc.Server$Handler.run(Server.java:3014)
"ContainerOp-4ae2c880-1070-4148-9b0d-1f48da4a8ca8-1"  prio=5 tid=560 in Object.wait()
java.lang.Thread.State: WAITING (on object monitor)
        at sun.misc.Unsafe.park(Native Method)
        at java.util.concurrent.locks.LockSupport.park(LockSupport.java:175)
        at java.util.concurrent.locks.AbstractQueuedSynchronizer$ConditionObject.await(AbstractQueuedSynchronizer.java:2039)
        at java.util.concurrent.LinkedBlockingQueue.take(LinkedBlockingQueue.java:442)
        at java.util.concurrent.ThreadPoolExecutor.getTask(ThreadPoolExecutor.java:1074)
        at java.util.concurrent.ThreadPoolExecutor.runWorker(ThreadPoolExecutor.java:1134)
        at java.util.concurrent.ThreadPoolExecutor$Worker.run(ThreadPoolExecutor.java:624)
        at java.lang.Thread.run(Thread.java:750)
"Datanode State Machine Task Thread - 1"  prio=5 tid=368 in Object.wait()
java.lang.Thread.State: WAITING (on object monitor)
        at sun.misc.Unsafe.park(Native Method)
        at java.util.concurrent.locks.LockSupport.park(LockSupport.java:175)
        at java.util.concurrent.locks.AbstractQueuedSynchronizer$ConditionObject.await(AbstractQueuedSynchronizer.java:2039)
        at java.util.concurrent.LinkedBlockingQueue.take(LinkedBlockingQueue.java:442)
        at java.util.concurrent.ThreadPoolExecutor.getTask(ThreadPoolExecutor.java:1074)
        at java.util.concurrent.ThreadPoolExecutor.runWorker(ThreadPoolExecutor.java:1134)
        at java.util.concurrent.ThreadPoolExecutor$Worker.run(ThreadPoolExecutor.java:624)
        at java.lang.Thread.run(Thread.java:750)
"8aaa379b-76d2-401e-9e9b-5f71144f2a0c-groupManagement"  prio=5 tid=407 in Object.wait()
java.lang.Thread.State: WAITING (on object monitor)
        at sun.misc.Unsafe.park(Native Method)
        at java.util.concurrent.locks.LockSupport.park(LockSupport.java:175)
        at java.util.concurrent.locks.AbstractQueuedSynchronizer$ConditionObject.await(AbstractQueuedSynchronizer.java:2039)
        at java.util.concurrent.LinkedBlockingQueue.take(LinkedBlockingQueue.java:442)
        at java.util.concurrent.ThreadPoolExecutor.getTask(ThreadPoolExecutor.java:1074)
        at java.util.concurrent.ThreadPoolExecutor.runWorker(ThreadPoolExecutor.java:1134)
        at java.util.concurrent.ThreadPoolExecutor$Worker.run(ThreadPoolExecutor.java:624)
        at java.lang.Thread.run(Thread.java:750)
"qtp1695980007-255" daemon prio=5 tid=255 timed_waiting
java.lang.Thread.State: TIMED_WAITING
        at sun.misc.Unsafe.park(Native Method)
        at java.util.concurrent.locks.LockSupport.parkNanos(LockSupport.java:215)
        at java.util.concurrent.locks.AbstractQueuedSynchronizer$ConditionObject.awaitNanos(AbstractQueuedSynchronizer.java:2078)
        at org.eclipse.jetty.util.BlockingArrayQueue.poll(BlockingArrayQueue.java:382)
        at org.eclipse.jetty.util.thread.QueuedThreadPool$Runner.idleJobPoll(QueuedThreadPool.java:974)
        at org.eclipse.jetty.util.thread.QueuedThreadPool$Runner.run(QueuedThreadPool.java:1018)
        at java.lang.Thread.run(Thread.java:750)
"IPC Server handler 19 on default port 15004" daemon prio=5 tid=181 timed_waiting
java.lang.Thread.State: TIMED_WAITING
        at sun.misc.Unsafe.park(Native Method)
        at java.util.concurrent.locks.LockSupport.parkNanos(LockSupport.java:215)
        at java.util.concurrent.locks.AbstractQueuedSynchronizer$ConditionObject.awaitNanos(AbstractQueuedSynchronizer.java:2078)
        at java.util.concurrent.LinkedBlockingQueue.poll(LinkedBlockingQueue.java:467)
        at org.apache.hadoop.ipc.CallQueueManager.take(CallQueueManager.java:317)
        at org.apache.hadoop.ipc.Server$Handler.run(Server.java:3014)
"IPC Server handler 0 on default port 15004" daemon prio=5 tid=162 timed_waiting
java.lang.Thread.State: TIMED_WAITING
        at sun.misc.Unsafe.park(Native Method)
        at java.util.concurrent.locks.LockSupport.parkNanos(LockSupport.java:215)
        at java.util.concurrent.locks.AbstractQueuedSynchronizer$ConditionObject.awaitNanos(AbstractQueuedSynchronizer.java:2078)
        at java.util.concurrent.LinkedBlockingQueue.poll(LinkedBlockingQueue.java:467)
        at org.apache.hadoop.ipc.CallQueueManager.take(CallQueueManager.java:317)
        at org.apache.hadoop.ipc.Server$Handler.run(Server.java:3014)
"ContainerOp-4ae2c880-1070-4148-9b0d-1f48da4a8ca8-4"  prio=5 tid=583 in Object.wait()
java.lang.Thread.State: WAITING (on object monitor)
        at sun.misc.Unsafe.park(Native Method)
        at java.util.concurrent.locks.LockSupport.park(LockSupport.java:175)
        at java.util.concurrent.locks.AbstractQueuedSynchronizer$ConditionObject.await(AbstractQueuedSynchronizer.java:2039)
        at java.util.concurrent.LinkedBlockingQueue.take(LinkedBlockingQueue.java:442)
        at java.util.concurrent.ThreadPoolExecutor.getTask(ThreadPoolExecutor.java:1074)
        at java.util.concurrent.ThreadPoolExecutor.runWorker(ThreadPoolExecutor.java:1134)
        at java.util.concurrent.ThreadPoolExecutor$Worker.run(ThreadPoolExecutor.java:624)
        at java.lang.Thread.run(Thread.java:750)
"FixedThreadPoolWithAffinityExecutor-1-0" daemon prio=5 tid=197 timed_waiting
java.lang.Thread.State: TIMED_WAITING
        at sun.misc.Unsafe.park(Native Method)
        at java.util.concurrent.locks.LockSupport.parkNanos(LockSupport.java:215)
        at java.util.concurrent.locks.AbstractQueuedSynchronizer$ConditionObject.awaitNanos(AbstractQueuedSynchronizer.java:2078)
        at java.util.concurrent.LinkedBlockingQueue.poll(LinkedBlockingQueue.java:467)
        at org.apache.hadoop.hdds.scm.server.ContainerReportQueue.poll(ContainerReportQueue.java:266)
        at org.apache.hadoop.hdds.scm.server.ContainerReportQueue.poll(ContainerReportQueue.java:42)
        at org.apache.hadoop.hdds.server.events.FixedThreadPoolWithAffinityExecutor$ContainerReportProcessTask.run(FixedThreadPoolWithAffinityExecutor.java:247)
        at java.util.concurrent.Executors$RunnableAdapter.call(Executors.java:511)
        at java.util.concurrent.FutureTask.run(FutureTask.java:266)
        at java.util.concurrent.ThreadPoolExecutor.runWorker(ThreadPoolExecutor.java:1149)
        at java.util.concurrent.ThreadPoolExecutor$Worker.run(ThreadPoolExecutor.java:624)
        at java.lang.Thread.run(Thread.java:750)
"ContainerOp-4ae2c880-1070-4148-9b0d-1f48da4a8ca8-2"  prio=5 tid=571 in Object.wait()
java.lang.Thread.State: WAITING (on object monitor)
        at sun.misc.Unsafe.park(Native Method)
        at java.util.concurrent.locks.LockSupport.park(LockSupport.java:175)
        at java.util.concurrent.locks.AbstractQueuedSynchronizer$ConditionObject.await(AbstractQueuedSynchronizer.java:2039)
        at java.util.concurrent.LinkedBlockingQueue.take(LinkedBlockingQueue.java:442)
        at java.util.concurrent.ThreadPoolExecutor.getTask(ThreadPoolExecutor.java:1074)
        at java.util.concurrent.ThreadPoolExecutor.runWorker(ThreadPoolExecutor.java:1134)
        at java.util.concurrent.ThreadPoolExecutor$Worker.run(ThreadPoolExecutor.java:624)
        at java.lang.Thread.run(Thread.java:750)
"125b6ccd-ab10-424e-ac54-cb3b86c02134@group-CA4CE5B48592->e4211b8b-b648-43cb-96ad-95a5188c1410-GrpcLogAppender-LogAppenderDaemon" daemon prio=5 tid=483 timed_waiting
java.lang.Thread.State: TIMED_WAITING
        at sun.misc.Unsafe.park(Native Method)
        at java.util.concurrent.locks.LockSupport.parkNanos(LockSupport.java:215)
        at java.util.concurrent.locks.AbstractQueuedSynchronizer$ConditionObject.await(AbstractQueuedSynchronizer.java:2163)
        at org.apache.ratis.util.AwaitForSignal.await(AwaitForSignal.java:62)
        at org.apache.ratis.grpc.server.GrpcLogAppender.mayWait(GrpcLogAppender.java:197)
        at org.apache.ratis.grpc.server.GrpcLogAppender.run(GrpcLogAppender.java:148)
        at org.apache.ratis.server.leader.LogAppenderDaemon.run(LogAppenderDaemon.java:78)
        at org.apache.ratis.server.leader.LogAppenderDaemon$$Lambda$1461/1150831190.run(Unknown Source)
        at java.lang.Thread.run(Thread.java:750)
"ContainerOp-a2d281d2-730c-4a02-9c2e-ca4ce5b48592-6"  prio=5 tid=590 in Object.wait()
java.lang.Thread.State: WAITING (on object monitor)
        at sun.misc.Unsafe.park(Native Method)
        at java.util.concurrent.locks.LockSupport.park(LockSupport.java:175)
        at java.util.concurrent.locks.AbstractQueuedSynchronizer$ConditionObject.await(AbstractQueuedSynchronizer.java:2039)
        at java.util.concurrent.LinkedBlockingQueue.take(LinkedBlockingQueue.java:442)
        at java.util.concurrent.ThreadPoolExecutor.getTask(ThreadPoolExecutor.java:1074)
        at java.util.concurrent.ThreadPoolExecutor.runWorker(ThreadPoolExecutor.java:1134)
        at java.util.concurrent.ThreadPoolExecutor$Worker.run(ThreadPoolExecutor.java:624)
        at java.lang.Thread.run(Thread.java:750)
"ChunkWriter-1-0" daemon prio=5 tid=375 in Object.wait()
java.lang.Thread.State: WAITING (on object monitor)
        at sun.misc.Unsafe.park(Native Method)
        at java.util.concurrent.locks.LockSupport.park(LockSupport.java:175)
        at java.util.concurrent.locks.AbstractQueuedSynchronizer$ConditionObject.await(AbstractQueuedSynchronizer.java:2039)
        at java.util.concurrent.LinkedBlockingDeque.takeFirst(LinkedBlockingDeque.java:492)
        at java.util.concurrent.LinkedBlockingDeque.take(LinkedBlockingDeque.java:680)
        at java.util.concurrent.ThreadPoolExecutor.getTask(ThreadPoolExecutor.java:1074)
        at java.util.concurrent.ThreadPoolExecutor.runWorker(ThreadPoolExecutor.java:1134)
        at java.util.concurrent.ThreadPoolExecutor$Worker.run(ThreadPoolExecutor.java:624)
        at java.lang.Thread.run(Thread.java:750)
"Datanode ReportManager Thread - 4" daemon prio=5 tid=329 timed_waiting
java.lang.Thread.State: TIMED_WAITING
        at sun.misc.Unsafe.park(Native Method)
        at java.util.concurrent.locks.LockSupport.parkNanos(LockSupport.java:215)
        at java.util.concurrent.locks.AbstractQueuedSynchronizer$ConditionObject.awaitNanos(AbstractQueuedSynchronizer.java:2078)
        at java.util.concurrent.ScheduledThreadPoolExecutor$DelayedWorkQueue.take(ScheduledThreadPoolExecutor.java:1093)
        at java.util.concurrent.ScheduledThreadPoolExecutor$DelayedWorkQueue.take(ScheduledThreadPoolExecutor.java:809)
        at java.util.concurrent.ThreadPoolExecutor.getTask(ThreadPoolExecutor.java:1074)
        at java.util.concurrent.ThreadPoolExecutor.runWorker(ThreadPoolExecutor.java:1134)
        at java.util.concurrent.ThreadPoolExecutor$Worker.run(ThreadPoolExecutor.java:624)
        at java.lang.Thread.run(Thread.java:750)
"Socket Reader #1 for port 15021"  prio=5 tid=290 runnable
java.lang.Thread.State: RUNNABLE
        at sun.nio.ch.EPollArrayWrapper.epollWait(Native Method)
        at sun.nio.ch.EPollArrayWrapper.poll(EPollArrayWrapper.java:269)
        at sun.nio.ch.EPollSelectorImpl.doSelect(EPollSelectorImpl.java:93)
        at sun.nio.ch.SelectorImpl.lockAndDoSelect(SelectorImpl.java:86)
        at sun.nio.ch.SelectorImpl.select(SelectorImpl.java:97)
        at sun.nio.ch.SelectorImpl.select(SelectorImpl.java:101)
        at org.apache.hadoop.ipc.Server$Listener$Reader.doRunLoop(Server.java:1346)
        at org.apache.hadoop.ipc.Server$Listener$Reader.run(Server.java:1325)
"IPC Server handler 18 on default port 15001" daemon prio=5 tid=87 timed_waiting
java.lang.Thread.State: TIMED_WAITING
        at sun.misc.Unsafe.park(Native Method)
        at java.util.concurrent.locks.LockSupport.parkNanos(LockSupport.java:215)
        at java.util.concurrent.locks.AbstractQueuedSynchronizer$ConditionObject.awaitNanos(AbstractQueuedSynchronizer.java:2078)
        at java.util.concurrent.LinkedBlockingQueue.poll(LinkedBlockingQueue.java:467)
        at org.apache.hadoop.ipc.CallQueueManager.take(CallQueueManager.java:317)
        at org.apache.hadoop.ipc.Server$Handler.run(Server.java:3014)
"ContainerOp-4ae2c880-1070-4148-9b0d-1f48da4a8ca8-6"  prio=5 tid=604 in Object.wait()
java.lang.Thread.State: WAITING (on object monitor)
        at sun.misc.Unsafe.park(Native Method)
        at java.util.concurrent.locks.LockSupport.park(LockSupport.java:175)
        at java.util.concurrent.locks.AbstractQueuedSynchronizer$ConditionObject.await(AbstractQueuedSynchronizer.java:2039)
        at java.util.concurrent.LinkedBlockingQueue.take(LinkedBlockingQueue.java:442)
        at java.util.concurrent.ThreadPoolExecutor.getTask(ThreadPoolExecutor.java:1074)
        at java.util.concurrent.ThreadPoolExecutor.runWorker(ThreadPoolExecutor.java:1134)
        at java.util.concurrent.ThreadPoolExecutor$Worker.run(ThreadPoolExecutor.java:624)
        at java.lang.Thread.run(Thread.java:750)
"qtp1599378115-314" daemon prio=5 tid=314 timed_waiting
java.lang.Thread.State: TIMED_WAITING
        at sun.misc.Unsafe.park(Native Method)
        at java.util.concurrent.locks.LockSupport.parkNanos(LockSupport.java:215)
        at java.util.concurrent.locks.AbstractQueuedSynchronizer$ConditionObject.awaitNanos(AbstractQueuedSynchronizer.java:2078)
        at org.eclipse.jetty.util.BlockingArrayQueue.poll(BlockingArrayQueue.java:382)
        at org.eclipse.jetty.util.thread.QueuedThreadPool$Runner.idleJobPoll(QueuedThreadPool.java:974)
        at org.eclipse.jetty.util.thread.QueuedThreadPool$Runner.run(QueuedThreadPool.java:1018)
        at java.lang.Thread.run(Thread.java:750)
"IPC Server handler 14 on default port 15009" daemon prio=5 tid=233 timed_waiting
java.lang.Thread.State: TIMED_WAITING
        at sun.misc.Unsafe.park(Native Method)
        at java.util.concurrent.locks.LockSupport.parkNanos(LockSupport.java:215)
        at java.util.concurrent.locks.AbstractQueuedSynchronizer$ConditionObject.awaitNanos(AbstractQueuedSynchronizer.java:2078)
        at java.util.concurrent.LinkedBlockingQueue.poll(LinkedBlockingQueue.java:467)
        at org.apache.hadoop.ipc.CallQueueManager.take(CallQueueManager.java:317)
        at org.apache.hadoop.ipc.Server$Handler.run(Server.java:3014)
"ContainerOp-a2d281d2-730c-4a02-9c2e-ca4ce5b48592-0"  prio=5 tid=542 in Object.wait()
java.lang.Thread.State: WAITING (on object monitor)
        at sun.misc.Unsafe.park(Native Method)
        at java.util.concurrent.locks.LockSupport.park(LockSupport.java:175)
        at java.util.concurrent.locks.AbstractQueuedSynchronizer$ConditionObject.await(AbstractQueuedSynchronizer.java:2039)
        at java.util.concurrent.LinkedBlockingQueue.take(LinkedBlockingQueue.java:442)
        at java.util.concurrent.ThreadPoolExecutor.getTask(ThreadPoolExecutor.java:1074)
        at java.util.concurrent.ThreadPoolExecutor.runWorker(ThreadPoolExecutor.java:1134)
        at java.util.concurrent.ThreadPoolExecutor$Worker.run(ThreadPoolExecutor.java:624)
        at java.lang.Thread.run(Thread.java:750)
"prometheus" daemon prio=5 tid=122 in Object.wait()
java.lang.Thread.State: WAITING (on object monitor)
        at java.lang.Object.wait(Native Method)
        at java.lang.Object.wait(Object.java:502)
        at org.apache.hadoop.metrics2.impl.SinkQueue.waitForData(SinkQueue.java:114)
        at org.apache.hadoop.metrics2.impl.SinkQueue.consumeAll(SinkQueue.java:83)
        at org.apache.hadoop.metrics2.impl.MetricsSinkAdapter.publishMetricsFromQueue(MetricsSinkAdapter.java:135)
        at org.apache.hadoop.metrics2.impl.MetricsSinkAdapter$1.run(MetricsSinkAdapter.java:89)
"Datanode ReportManager Thread - 2" daemon prio=5 tid=327 in Object.wait()
java.lang.Thread.State: WAITING (on object monitor)
        at sun.misc.Unsafe.park(Native Method)
        at java.util.concurrent.locks.LockSupport.park(LockSupport.java:175)
        at java.util.concurrent.locks.AbstractQueuedSynchronizer$ConditionObject.await(AbstractQueuedSynchronizer.java:2039)
        at java.util.concurrent.ScheduledThreadPoolExecutor$DelayedWorkQueue.take(ScheduledThreadPoolExecutor.java:1088)
        at java.util.concurrent.ScheduledThreadPoolExecutor$DelayedWorkQueue.take(ScheduledThreadPoolExecutor.java:809)
        at java.util.concurrent.ThreadPoolExecutor.getTask(ThreadPoolExecutor.java:1074)
        at java.util.concurrent.ThreadPoolExecutor.runWorker(ThreadPoolExecutor.java:1134)
        at java.util.concurrent.ThreadPoolExecutor$Worker.run(ThreadPoolExecutor.java:624)
        at java.lang.Thread.run(Thread.java:750)
"pool-91-thread-1"  prio=5 tid=215 timed_waiting
java.lang.Thread.State: TIMED_WAITING
        at sun.misc.Unsafe.park(Native Method)
        at java.util.concurrent.locks.LockSupport.parkNanos(LockSupport.java:215)
        at java.util.concurrent.locks.AbstractQueuedSynchronizer$ConditionObject.awaitNanos(AbstractQueuedSynchronizer.java:2078)
        at java.util.concurrent.ScheduledThreadPoolExecutor$DelayedWorkQueue.take(ScheduledThreadPoolExecutor.java:1093)
        at java.util.concurrent.ScheduledThreadPoolExecutor$DelayedWorkQueue.take(ScheduledThreadPoolExecutor.java:809)
        at java.util.concurrent.ThreadPoolExecutor.getTask(ThreadPoolExecutor.java:1074)
        at java.util.concurrent.ThreadPoolExecutor.runWorker(ThreadPoolExecutor.java:1134)
        at java.util.concurrent.ThreadPoolExecutor$Worker.run(ThreadPoolExecutor.java:624)
        at java.lang.Thread.run(Thread.java:750)
"IPC Server handler 2 on default port 15001" daemon prio=5 tid=71 timed_waiting
java.lang.Thread.State: TIMED_WAITING
        at sun.misc.Unsafe.park(Native Method)
        at java.util.concurrent.locks.LockSupport.parkNanos(LockSupport.java:215)
        at java.util.concurrent.locks.AbstractQueuedSynchronizer$ConditionObject.awaitNanos(AbstractQueuedSynchronizer.java:2078)
        at java.util.concurrent.LinkedBlockingQueue.poll(LinkedBlockingQueue.java:467)
        at org.apache.hadoop.ipc.CallQueueManager.take(CallQueueManager.java:317)
        at org.apache.hadoop.ipc.Server$Handler.run(Server.java:3014)
"ChunkWriter-1-0" daemon prio=5 tid=359 in Object.wait()
java.lang.Thread.State: WAITING (on object monitor)
        at sun.misc.Unsafe.park(Native Method)
        at java.util.concurrent.locks.LockSupport.park(LockSupport.java:175)
        at java.util.concurrent.locks.AbstractQueuedSynchronizer$ConditionObject.await(AbstractQueuedSynchronizer.java:2039)
        at java.util.concurrent.LinkedBlockingDeque.takeFirst(LinkedBlockingDeque.java:492)
        at java.util.concurrent.LinkedBlockingDeque.take(LinkedBlockingDeque.java:680)
        at java.util.concurrent.ThreadPoolExecutor.getTask(ThreadPoolExecutor.java:1074)
        at java.util.concurrent.ThreadPoolExecutor.runWorker(ThreadPoolExecutor.java:1134)
        at java.util.concurrent.ThreadPoolExecutor$Worker.run(ThreadPoolExecutor.java:624)
        at java.lang.Thread.run(Thread.java:750)
"IPC Server idle connection scanner for port 15021" daemon prio=5 tid=291 timed_waiting
java.lang.Thread.State: TIMED_WAITING
        at java.lang.Object.wait(Native Method)
        at java.util.TimerThread.mainLoop(Timer.java:552)
        at java.util.TimerThread.run(Timer.java:505)
"ContainerOp-a2d281d2-730c-4a02-9c2e-ca4ce5b48592-4"  prio=5 tid=579 in Object.wait()
java.lang.Thread.State: WAITING (on object monitor)
        at sun.misc.Unsafe.park(Native Method)
        at java.util.concurrent.locks.LockSupport.park(LockSupport.java:175)
        at java.util.concurrent.locks.AbstractQueuedSynchronizer$ConditionObject.await(AbstractQueuedSynchronizer.java:2039)
        at java.util.concurrent.LinkedBlockingQueue.take(LinkedBlockingQueue.java:442)
        at java.util.concurrent.ThreadPoolExecutor.getTask(ThreadPoolExecutor.java:1074)
        at java.util.concurrent.ThreadPoolExecutor.runWorker(ThreadPoolExecutor.java:1134)
        at java.util.concurrent.ThreadPoolExecutor$Worker.run(ThreadPoolExecutor.java:624)
        at java.lang.Thread.run(Thread.java:750)
"IPC Server handler 17 on default port 15009" daemon prio=5 tid=236 timed_waiting
java.lang.Thread.State: TIMED_WAITING
        at sun.misc.Unsafe.park(Native Method)
        at java.util.concurrent.locks.LockSupport.parkNanos(LockSupport.java:215)
        at java.util.concurrent.locks.AbstractQueuedSynchronizer$ConditionObject.awaitNanos(AbstractQueuedSynchronizer.java:2078)
        at java.util.concurrent.LinkedBlockingQueue.poll(LinkedBlockingQueue.java:467)
        at org.apache.hadoop.ipc.CallQueueManager.take(CallQueueManager.java:317)
        at org.apache.hadoop.ipc.Server$Handler.run(Server.java:3014)
"Session-HouseKeeper-2b58afb8-1"  prio=5 tid=214 timed_waiting
java.lang.Thread.State: TIMED_WAITING
        at sun.misc.Unsafe.park(Native Method)
        at java.util.concurrent.locks.LockSupport.parkNanos(LockSupport.java:215)
        at java.util.concurrent.locks.AbstractQueuedSynchronizer$ConditionObject.awaitNanos(AbstractQueuedSynchronizer.java:2078)
        at java.util.concurrent.ScheduledThreadPoolExecutor$DelayedWorkQueue.take(ScheduledThreadPoolExecutor.java:1093)
        at java.util.concurrent.ScheduledThreadPoolExecutor$DelayedWorkQueue.take(ScheduledThreadPoolExecutor.java:809)
        at java.util.concurrent.ThreadPoolExecutor.getTask(ThreadPoolExecutor.java:1074)
        at java.util.concurrent.ThreadPoolExecutor.runWorker(ThreadPoolExecutor.java:1134)
        at java.util.concurrent.ThreadPoolExecutor$Worker.run(ThreadPoolExecutor.java:624)
        at java.lang.Thread.run(Thread.java:750)
"Hadoop-Metrics-Updater-0" daemon prio=5 tid=195 timed_waiting
java.lang.Thread.State: TIMED_WAITING
        at sun.misc.Unsafe.park(Native Method)
        at java.util.concurrent.locks.LockSupport.parkNanos(LockSupport.java:215)
        at java.util.concurrent.locks.AbstractQueuedSynchronizer$ConditionObject.awaitNanos(AbstractQueuedSynchronizer.java:2078)
        at java.util.concurrent.ScheduledThreadPoolExecutor$DelayedWorkQueue.take(ScheduledThreadPoolExecutor.java:1093)
        at java.util.concurrent.ScheduledThreadPoolExecutor$DelayedWorkQueue.take(ScheduledThreadPoolExecutor.java:809)
        at java.util.concurrent.ThreadPoolExecutor.getTask(ThreadPoolExecutor.java:1074)
        at java.util.concurrent.ThreadPoolExecutor.runWorker(ThreadPoolExecutor.java:1134)
        at java.util.concurrent.ThreadPoolExecutor$Worker.run(ThreadPoolExecutor.java:624)
        at java.lang.Thread.run(Thread.java:750)
"Finalizer" daemon prio=8 tid=3 in Object.wait()
java.lang.Thread.State: WAITING (on object monitor)
        at java.lang.Object.wait(Native Method)
        at java.lang.ref.ReferenceQueue.remove(ReferenceQueue.java:144)
        at java.lang.ref.ReferenceQueue.remove(ReferenceQueue.java:165)
        at java.lang.ref.Finalizer$FinalizerThread.run(Finalizer.java:188)
"8aaa379b-76d2-401e-9e9b-5f71144f2a0c@group-CA4CE5B48592-SegmentedRaftLogWorker"  prio=5 tid=411 timed_waiting
java.lang.Thread.State: TIMED_WAITING
        at sun.misc.Unsafe.park(Native Method)
        at java.util.concurrent.locks.LockSupport.parkNanos(LockSupport.java:215)
        at java.util.concurrent.locks.AbstractQueuedSynchronizer$ConditionObject.awaitNanos(AbstractQueuedSynchronizer.java:2078)
        at org.apache.ratis.util.DataBlockingQueue.poll(DataBlockingQueue.java:148)
        at org.apache.ratis.server.raftlog.segmented.SegmentedRaftLogWorker.run(SegmentedRaftLogWorker.java:307)
        at org.apache.ratis.server.raftlog.segmented.SegmentedRaftLogWorker$$Lambda$797/1364610811.run(Unknown Source)
        at java.util.concurrent.Executors$RunnableAdapter.call(Executors.java:511)
        at java.util.concurrent.FutureTask.run(FutureTask.java:266)
        at java.util.concurrent.ThreadPoolExecutor.runWorker(ThreadPoolExecutor.java:1149)
        at java.util.concurrent.ThreadPoolExecutor$Worker.run(ThreadPoolExecutor.java:624)
        at java.lang.Thread.run(Thread.java:750)
"IPC Server Responder" daemon prio=5 tid=31 runnable
java.lang.Thread.State: RUNNABLE
        at sun.nio.ch.EPollArrayWrapper.epollWait(Native Method)
        at sun.nio.ch.EPollArrayWrapper.poll(EPollArrayWrapper.java:269)
        at sun.nio.ch.EPollSelectorImpl.doSelect(EPollSelectorImpl.java:93)
        at sun.nio.ch.SelectorImpl.lockAndDoSelect(SelectorImpl.java:86)
        at sun.nio.ch.SelectorImpl.select(SelectorImpl.java:97)
        at org.apache.hadoop.ipc.Server$Responder.doRunLoop(Server.java:1582)
        at org.apache.hadoop.ipc.Server$Responder.run(Server.java:1565)
"EndpointStateMachine task thread for /0.0.0.0:15009 - 0 "  prio=5 tid=334 in Object.wait()
java.lang.Thread.State: WAITING (on object monitor)
        at sun.misc.Unsafe.park(Native Method)
        at java.util.concurrent.locks.LockSupport.park(LockSupport.java:175)
        at java.util.concurrent.locks.AbstractQueuedSynchronizer$ConditionObject.await(AbstractQueuedSynchronizer.java:2039)
        at java.util.concurrent.LinkedBlockingQueue.take(LinkedBlockingQueue.java:442)
        at java.util.concurrent.ThreadPoolExecutor.getTask(ThreadPoolExecutor.java:1074)
        at java.util.concurrent.ThreadPoolExecutor.runWorker(ThreadPoolExecutor.java:1134)
        at java.util.concurrent.ThreadPoolExecutor$Worker.run(ThreadPoolExecutor.java:624)
        at java.lang.Thread.run(Thread.java:750)
"IPC Server Responder" daemon prio=5 tid=138 runnable
java.lang.Thread.State: RUNNABLE
        at sun.nio.ch.EPollArrayWrapper.epollWait(Native Method)
        at sun.nio.ch.EPollArrayWrapper.poll(EPollArrayWrapper.java:269)
        at sun.nio.ch.EPollSelectorImpl.doSelect(EPollSelectorImpl.java:93)
        at sun.nio.ch.SelectorImpl.lockAndDoSelect(SelectorImpl.java:86)
        at sun.nio.ch.SelectorImpl.select(SelectorImpl.java:97)
        at org.apache.hadoop.ipc.Server$Responder.doRunLoop(Server.java:1582)
        at org.apache.hadoop.ipc.Server$Responder.run(Server.java:1565)
"ContainerOp-4ae2c880-1070-4148-9b0d-1f48da4a8ca8-3"  prio=5 tid=573 in Object.wait()
java.lang.Thread.State: WAITING (on object monitor)
        at sun.misc.Unsafe.park(Native Method)
        at java.util.concurrent.locks.LockSupport.park(LockSupport.java:175)
        at java.util.concurrent.locks.AbstractQueuedSynchronizer$ConditionObject.await(AbstractQueuedSynchronizer.java:2039)
        at java.util.concurrent.LinkedBlockingQueue.take(LinkedBlockingQueue.java:442)
        at java.util.concurrent.ThreadPoolExecutor.getTask(ThreadPoolExecutor.java:1074)
        at java.util.concurrent.ThreadPoolExecutor.runWorker(ThreadPoolExecutor.java:1134)
        at java.util.concurrent.ThreadPoolExecutor$Worker.run(ThreadPoolExecutor.java:624)
        at java.lang.Thread.run(Thread.java:750)
"ContainerOp-4ae2c880-1070-4148-9b0d-1f48da4a8ca8-2"  prio=5 tid=568 in Object.wait()
java.lang.Thread.State: WAITING (on object monitor)
        at sun.misc.Unsafe.park(Native Method)
        at java.util.concurrent.locks.LockSupport.park(LockSupport.java:175)
        at java.util.concurrent.locks.AbstractQueuedSynchronizer$ConditionObject.await(AbstractQueuedSynchronizer.java:2039)
        at java.util.concurrent.LinkedBlockingQueue.take(LinkedBlockingQueue.java:442)
        at java.util.concurrent.ThreadPoolExecutor.getTask(ThreadPoolExecutor.java:1074)
        at java.util.concurrent.ThreadPoolExecutor.runWorker(ThreadPoolExecutor.java:1134)
        at java.util.concurrent.ThreadPoolExecutor$Worker.run(ThreadPoolExecutor.java:624)
        at java.lang.Thread.run(Thread.java:750)
"SSL Certificates Store Monitor" daemon prio=5 tid=188 in Object.wait()
java.lang.Thread.State: WAITING (on object monitor)
        at java.lang.Object.wait(Native Method)
        at java.lang.Object.wait(Object.java:502)
        at java.util.TimerThread.mainLoop(Timer.java:526)
        at java.util.TimerThread.run(Timer.java:505)
"IPC Server handler 1 on default port 15004" daemon prio=5 tid=163 timed_waiting
java.lang.Thread.State: TIMED_WAITING
        at sun.misc.Unsafe.park(Native Method)
        at java.util.concurrent.locks.LockSupport.parkNanos(LockSupport.java:215)
        at java.util.concurrent.locks.AbstractQueuedSynchronizer$ConditionObject.awaitNanos(AbstractQueuedSynchronizer.java:2078)
        at java.util.concurrent.LinkedBlockingQueue.poll(LinkedBlockingQueue.java:467)
        at org.apache.hadoop.ipc.CallQueueManager.take(CallQueueManager.java:317)
        at org.apache.hadoop.ipc.Server$Handler.run(Server.java:3014)
"ChunkWriter-2-0" daemon prio=5 tid=376 in Object.wait()
java.lang.Thread.State: WAITING (on object monitor)
        at sun.misc.Unsafe.park(Native Method)
        at java.util.concurrent.locks.LockSupport.park(LockSupport.java:175)
        at java.util.concurrent.locks.AbstractQueuedSynchronizer$ConditionObject.await(AbstractQueuedSynchronizer.java:2039)
        at java.util.concurrent.LinkedBlockingDeque.takeFirst(LinkedBlockingDeque.java:492)
        at java.util.concurrent.LinkedBlockingDeque.take(LinkedBlockingDeque.java:680)
        at java.util.concurrent.ThreadPoolExecutor.getTask(ThreadPoolExecutor.java:1074)
        at java.util.concurrent.ThreadPoolExecutor.runWorker(ThreadPoolExecutor.java:1134)
        at java.util.concurrent.ThreadPoolExecutor$Worker.run(ThreadPoolExecutor.java:624)
        at java.lang.Thread.run(Thread.java:750)
"Under Replicated Processor" daemon prio=5 tid=19 timed_waiting
java.lang.Thread.State: TIMED_WAITING
        at java.lang.Object.wait(Native Method)
        at org.apache.hadoop.hdds.scm.container.replication.UnhealthyReplicationProcessor.run(UnhealthyReplicationProcessor.java:174)
        at java.lang.Thread.run(Thread.java:750)
"BlockDeletingService#0" daemon prio=5 tid=364 timed_waiting
java.lang.Thread.State: TIMED_WAITING
        at sun.misc.Unsafe.park(Native Method)
        at java.util.concurrent.locks.LockSupport.parkNanos(LockSupport.java:215)
        at java.util.concurrent.locks.AbstractQueuedSynchronizer$ConditionObject.awaitNanos(AbstractQueuedSynchronizer.java:2078)
        at java.util.concurrent.ScheduledThreadPoolExecutor$DelayedWorkQueue.take(ScheduledThreadPoolExecutor.java:1093)
        at java.util.concurrent.ScheduledThreadPoolExecutor$DelayedWorkQueue.take(ScheduledThreadPoolExecutor.java:809)
        at java.util.concurrent.ThreadPoolExecutor.getTask(ThreadPoolExecutor.java:1074)
        at java.util.concurrent.ThreadPoolExecutor.runWorker(ThreadPoolExecutor.java:1134)
        at java.util.concurrent.ThreadPoolExecutor$Worker.run(ThreadPoolExecutor.java:624)
        at java.lang.Thread.run(Thread.java:750)
"PipelineCommandHandlerThread-0"  prio=5 tid=421 in Object.wait()
java.lang.Thread.State: WAITING (on object monitor)
        at sun.misc.Unsafe.park(Native Method)
        at java.util.concurrent.locks.LockSupport.park(LockSupport.java:175)
        at java.util.concurrent.locks.AbstractQueuedSynchronizer$ConditionObject.await(AbstractQueuedSynchronizer.java:2039)
        at java.util.concurrent.LinkedBlockingQueue.take(LinkedBlockingQueue.java:442)
        at java.util.concurrent.ThreadPoolExecutor.getTask(ThreadPoolExecutor.java:1074)
        at java.util.concurrent.ThreadPoolExecutor.runWorker(ThreadPoolExecutor.java:1134)
        at java.util.concurrent.ThreadPoolExecutor$Worker.run(ThreadPoolExecutor.java:624)
        at java.lang.Thread.run(Thread.java:750)
"ChunkWriter-0-0" daemon prio=5 tid=358 in Object.wait()
java.lang.Thread.State: WAITING (on object monitor)
        at sun.misc.Unsafe.park(Native Method)
        at java.util.concurrent.locks.LockSupport.park(LockSupport.java:175)
        at java.util.concurrent.locks.AbstractQueuedSynchronizer$ConditionObject.await(AbstractQueuedSynchronizer.java:2039)
        at java.util.concurrent.LinkedBlockingDeque.takeFirst(LinkedBlockingDeque.java:492)
        at java.util.concurrent.LinkedBlockingDeque.take(LinkedBlockingDeque.java:680)
        at java.util.concurrent.ThreadPoolExecutor.getTask(ThreadPoolExecutor.java:1074)
        at java.util.concurrent.ThreadPoolExecutor.runWorker(ThreadPoolExecutor.java:1134)
        at java.util.concurrent.ThreadPoolExecutor$Worker.run(ThreadPoolExecutor.java:624)
        at java.lang.Thread.run(Thread.java:750)
"ContainerOp-a2d281d2-730c-4a02-9c2e-ca4ce5b48592-4"  prio=5 tid=575 in Object.wait()
java.lang.Thread.State: WAITING (on object monitor)
        at sun.misc.Unsafe.park(Native Method)
        at java.util.concurrent.locks.LockSupport.park(LockSupport.java:175)
        at java.util.concurrent.locks.AbstractQueuedSynchronizer$ConditionObject.await(AbstractQueuedSynchronizer.java:2039)
        at java.util.concurrent.LinkedBlockingQueue.take(LinkedBlockingQueue.java:442)
        at java.util.concurrent.ThreadPoolExecutor.getTask(ThreadPoolExecutor.java:1074)
        at java.util.concurrent.ThreadPoolExecutor.runWorker(ThreadPoolExecutor.java:1134)
        at java.util.concurrent.ThreadPoolExecutor$Worker.run(ThreadPoolExecutor.java:624)
        at java.lang.Thread.run(Thread.java:750)
"grpc-default-boss-ELG-1-1" daemon prio=5 tid=144 runnable
java.lang.Thread.State: RUNNABLE
        at org.apache.ratis.thirdparty.io.netty.channel.epoll.Native.epollWait(Native Method)
        at org.apache.ratis.thirdparty.io.netty.channel.epoll.Native.epollWait(Native.java:209)
        at org.apache.ratis.thirdparty.io.netty.channel.epoll.Native.epollWait(Native.java:202)
        at org.apache.ratis.thirdparty.io.netty.channel.epoll.EpollEventLoop.epollWaitNoTimerChange(EpollEventLoop.java:306)
        at org.apache.ratis.thirdparty.io.netty.channel.epoll.EpollEventLoop.run(EpollEventLoop.java:363)
        at org.apache.ratis.thirdparty.io.netty.util.concurrent.SingleThreadEventExecutor$4.run(SingleThreadEventExecutor.java:997)
        at org.apache.ratis.thirdparty.io.netty.util.internal.ThreadExecutorMap$2.run(ThreadExecutorMap.java:74)
        at org.apache.ratis.thirdparty.io.netty.util.concurrent.FastThreadLocalRunnable.run(FastThreadLocalRunnable.java:30)
        at java.lang.Thread.run(Thread.java:750)
"ContainerOp-4ae2c880-1070-4148-9b0d-1f48da4a8ca8-8"  prio=5 tid=631 in Object.wait()
java.lang.Thread.State: WAITING (on object monitor)
        at sun.misc.Unsafe.park(Native Method)
        at java.util.concurrent.locks.LockSupport.park(LockSupport.java:175)
        at java.util.concurrent.locks.AbstractQueuedSynchronizer$ConditionObject.await(AbstractQueuedSynchronizer.java:2039)
        at java.util.concurrent.LinkedBlockingQueue.take(LinkedBlockingQueue.java:442)
        at java.util.concurrent.ThreadPoolExecutor.getTask(ThreadPoolExecutor.java:1074)
        at java.util.concurrent.ThreadPoolExecutor.runWorker(ThreadPoolExecutor.java:1134)
        at java.util.concurrent.ThreadPoolExecutor$Worker.run(ThreadPoolExecutor.java:624)
        at java.lang.Thread.run(Thread.java:750)
"EventQueue-NodeRegistrationContainerReportForContainerSafeModeRule" daemon prio=5 tid=387 in Object.wait()
java.lang.Thread.State: WAITING (on object monitor)
        at sun.misc.Unsafe.park(Native Method)
        at java.util.concurrent.locks.LockSupport.park(LockSupport.java:175)
        at java.util.concurrent.locks.AbstractQueuedSynchronizer$ConditionObject.await(AbstractQueuedSynchronizer.java:2039)
        at java.util.concurrent.LinkedBlockingQueue.take(LinkedBlockingQueue.java:442)
        at java.util.concurrent.ThreadPoolExecutor.getTask(ThreadPoolExecutor.java:1074)
        at java.util.concurrent.ThreadPoolExecutor.runWorker(ThreadPoolExecutor.java:1134)
        at java.util.concurrent.ThreadPoolExecutor$Worker.run(ThreadPoolExecutor.java:624)
        at java.lang.Thread.run(Thread.java:750)
"125b6ccd-ab10-424e-ac54-cb3b86c02134@group-CA4CE5B48592-SegmentedRaftLogWorker"  prio=5 tid=400 timed_waiting
java.lang.Thread.State: TIMED_WAITING
        at sun.misc.Unsafe.park(Native Method)
        at java.util.concurrent.locks.LockSupport.parkNanos(LockSupport.java:215)
        at java.util.concurrent.locks.AbstractQueuedSynchronizer$ConditionObject.awaitNanos(AbstractQueuedSynchronizer.java:2078)
        at org.apache.ratis.util.DataBlockingQueue.poll(DataBlockingQueue.java:148)
        at org.apache.ratis.server.raftlog.segmented.SegmentedRaftLogWorker.run(SegmentedRaftLogWorker.java:307)
        at org.apache.ratis.server.raftlog.segmented.SegmentedRaftLogWorker$$Lambda$797/1364610811.run(Unknown Source)
        at java.util.concurrent.Executors$RunnableAdapter.call(Executors.java:511)
        at java.util.concurrent.FutureTask.run(FutureTask.java:266)
        at java.util.concurrent.ThreadPoolExecutor.runWorker(ThreadPoolExecutor.java:1149)
        at java.util.concurrent.ThreadPoolExecutor$Worker.run(ThreadPoolExecutor.java:624)
        at java.lang.Thread.run(Thread.java:750)
"ContainerOp-4ae2c880-1070-4148-9b0d-1f48da4a8ca8-7"  prio=5 tid=610 in Object.wait()
java.lang.Thread.State: WAITING (on object monitor)
        at sun.misc.Unsafe.park(Native Method)
        at java.util.concurrent.locks.LockSupport.park(LockSupport.java:175)
        at java.util.concurrent.locks.AbstractQueuedSynchronizer$ConditionObject.await(AbstractQueuedSynchronizer.java:2039)
        at java.util.concurrent.LinkedBlockingQueue.take(LinkedBlockingQueue.java:442)
        at java.util.concurrent.ThreadPoolExecutor.getTask(ThreadPoolExecutor.java:1074)
        at java.util.concurrent.ThreadPoolExecutor.runWorker(ThreadPoolExecutor.java:1134)
        at java.util.concurrent.ThreadPoolExecutor$Worker.run(ThreadPoolExecutor.java:624)
        at java.lang.Thread.run(Thread.java:750)
"ContainerOp-4ae2c880-1070-4148-9b0d-1f48da4a8ca8-5"  prio=5 tid=589 in Object.wait()
java.lang.Thread.State: WAITING (on object monitor)
        at sun.misc.Unsafe.park(Native Method)
        at java.util.concurrent.locks.LockSupport.park(LockSupport.java:175)
        at java.util.concurrent.locks.AbstractQueuedSynchronizer$ConditionObject.await(AbstractQueuedSynchronizer.java:2039)
        at java.util.concurrent.LinkedBlockingQueue.take(LinkedBlockingQueue.java:442)
        at java.util.concurrent.ThreadPoolExecutor.getTask(ThreadPoolExecutor.java:1074)
        at java.util.concurrent.ThreadPoolExecutor.runWorker(ThreadPoolExecutor.java:1134)
        at java.util.concurrent.ThreadPoolExecutor$Worker.run(ThreadPoolExecutor.java:624)
        at java.lang.Thread.run(Thread.java:750)
"EndpointStateMachine task thread for /0.0.0.0:15002 - 0 "  prio=5 tid=333 in Object.wait()
java.lang.Thread.State: WAITING (on object monitor)
        at sun.misc.Unsafe.park(Native Method)
        at java.util.concurrent.locks.LockSupport.park(LockSupport.java:175)
        at java.util.concurrent.locks.AbstractQueuedSynchronizer$ConditionObject.await(AbstractQueuedSynchronizer.java:2039)
        at java.util.concurrent.LinkedBlockingQueue.take(LinkedBlockingQueue.java:442)
        at java.util.concurrent.ThreadPoolExecutor.getTask(ThreadPoolExecutor.java:1074)
        at java.util.concurrent.ThreadPoolExecutor.runWorker(ThreadPoolExecutor.java:1134)
        at java.util.concurrent.ThreadPoolExecutor$Worker.run(ThreadPoolExecutor.java:624)
        at java.lang.Thread.run(Thread.java:750)
"org.apache.hadoop.ozone.container.common.statemachine.commandhandler.DeleteBlocksCommandHandler$DeleteCmdWorker@3f84455d" daemon prio=5 tid=307 timed_waiting
java.lang.Thread.State: TIMED_WAITING
        at java.lang.Thread.sleep(Native Method)
        at org.apache.hadoop.ozone.container.common.statemachine.commandhandler.DeleteBlocksCommandHandler$DeleteCmdWorker.run(DeleteBlocksCommandHandler.java:198)
        at java.lang.Thread.run(Thread.java:750)
"Datanode ReportManager Thread - 3" daemon prio=5 tid=328 in Object.wait()
java.lang.Thread.State: WAITING (on object monitor)
        at sun.misc.Unsafe.park(Native Method)
        at java.util.concurrent.locks.LockSupport.park(LockSupport.java:175)
        at java.util.concurrent.locks.AbstractQueuedSynchronizer$ConditionObject.await(AbstractQueuedSynchronizer.java:2039)
        at java.util.concurrent.ScheduledThreadPoolExecutor$DelayedWorkQueue.take(ScheduledThreadPoolExecutor.java:1088)
        at java.util.concurrent.ScheduledThreadPoolExecutor$DelayedWorkQueue.take(ScheduledThreadPoolExecutor.java:809)
        at java.util.concurrent.ThreadPoolExecutor.getTask(ThreadPoolExecutor.java:1074)
        at java.util.concurrent.ThreadPoolExecutor.runWorker(ThreadPoolExecutor.java:1134)
        at java.util.concurrent.ThreadPoolExecutor$Worker.run(ThreadPoolExecutor.java:624)
        at java.lang.Thread.run(Thread.java:750)
"EventQueue-DatanodeCommandForSCMNodeManager"  prio=5 tid=391 in Object.wait()
java.lang.Thread.State: WAITING (on object monitor)
        at sun.misc.Unsafe.park(Native Method)
        at java.util.concurrent.locks.LockSupport.park(LockSupport.java:175)
        at java.util.concurrent.locks.AbstractQueuedSynchronizer$ConditionObject.await(AbstractQueuedSynchronizer.java:2039)
        at java.util.concurrent.LinkedBlockingQueue.take(LinkedBlockingQueue.java:442)
        at java.util.concurrent.ThreadPoolExecutor.getTask(ThreadPoolExecutor.java:1074)
        at java.util.concurrent.ThreadPoolExecutor.runWorker(ThreadPoolExecutor.java:1134)
        at java.util.concurrent.ThreadPoolExecutor$Worker.run(ThreadPoolExecutor.java:624)
        at java.lang.Thread.run(Thread.java:750)
"IPC Server handler 14 on default port 15002" daemon prio=5 tid=103 timed_waiting
java.lang.Thread.State: TIMED_WAITING
        at sun.misc.Unsafe.park(Native Method)
        at java.util.concurrent.locks.LockSupport.parkNanos(LockSupport.java:215)
        at java.util.concurrent.locks.AbstractQueuedSynchronizer$ConditionObject.awaitNanos(AbstractQueuedSynchronizer.java:2078)
        at java.util.concurrent.LinkedBlockingQueue.poll(LinkedBlockingQueue.java:467)
        at org.apache.hadoop.ipc.CallQueueManager.take(CallQueueManager.java:317)
        at org.apache.hadoop.ipc.Server$Handler.run(Server.java:3014)
"Reference Handler" daemon prio=10 tid=2 in Object.wait()
java.lang.Thread.State: WAITING (on object monitor)
        at java.lang.Object.wait(Native Method)
        at java.lang.Object.wait(Object.java:502)
        at java.lang.ref.Reference.tryHandlePending(Reference.java:191)
        at java.lang.ref.Reference$ReferenceHandler.run(Reference.java:153)
"8aaa379b-76d2-401e-9e9b-5f71144f2a0c@group-1F48DA4A8CA8->e4211b8b-b648-43cb-96ad-95a5188c1410-GrpcLogAppender-LogAppenderDaemon" daemon prio=5 tid=526 timed_waiting
java.lang.Thread.State: TIMED_WAITING
        at sun.misc.Unsafe.park(Native Method)
        at java.util.concurrent.locks.LockSupport.parkNanos(LockSupport.java:215)
        at java.util.concurrent.locks.AbstractQueuedSynchronizer$ConditionObject.await(AbstractQueuedSynchronizer.java:2163)
        at org.apache.ratis.util.AwaitForSignal.await(AwaitForSignal.java:62)
        at org.apache.ratis.grpc.server.GrpcLogAppender.mayWait(GrpcLogAppender.java:197)
        at org.apache.ratis.grpc.server.GrpcLogAppender.run(GrpcLogAppender.java:148)
        at org.apache.ratis.server.leader.LogAppenderDaemon.run(LogAppenderDaemon.java:78)
        at org.apache.ratis.server.leader.LogAppenderDaemon$$Lambda$1461/1150831190.run(Unknown Source)
        at java.lang.Thread.run(Thread.java:750)
"ContainerOp-a2d281d2-730c-4a02-9c2e-ca4ce5b48592-9"  prio=5 tid=602 in Object.wait()
java.lang.Thread.State: WAITING (on object monitor)
        at sun.misc.Unsafe.park(Native Method)
        at java.util.concurrent.locks.LockSupport.park(LockSupport.java:175)
        at java.util.concurrent.locks.AbstractQueuedSynchronizer$ConditionObject.await(AbstractQueuedSynchronizer.java:2039)
        at java.util.concurrent.LinkedBlockingQueue.take(LinkedBlockingQueue.java:442)
        at java.util.concurrent.ThreadPoolExecutor.getTask(ThreadPoolExecutor.java:1074)
        at java.util.concurrent.ThreadPoolExecutor.runWorker(ThreadPoolExecutor.java:1134)
        at java.util.concurrent.ThreadPoolExecutor$Worker.run(ThreadPoolExecutor.java:624)
        at java.lang.Thread.run(Thread.java:750)
"qtp1811082427-120" daemon prio=5 tid=120 timed_waiting
java.lang.Thread.State: TIMED_WAITING
        at sun.misc.Unsafe.park(Native Method)
        at java.util.concurrent.locks.LockSupport.parkNanos(LockSupport.java:215)
        at java.util.concurrent.locks.AbstractQueuedSynchronizer$ConditionObject.awaitNanos(AbstractQueuedSynchronizer.java:2078)
        at org.eclipse.jetty.util.BlockingArrayQueue.poll(BlockingArrayQueue.java:382)
        at org.eclipse.jetty.util.thread.QueuedThreadPool$Runner.idleJobPoll(QueuedThreadPool.java:974)
        at org.eclipse.jetty.util.thread.QueuedThreadPool$Runner.run(QueuedThreadPool.java:1018)
        at java.lang.Thread.run(Thread.java:750)
"EventQueue-NodeReportForNodeReportHandler" daemon prio=5 tid=937 in Object.wait()
java.lang.Thread.State: WAITING (on object monitor)
        at sun.misc.Unsafe.park(Native Method)
        at java.util.concurrent.locks.LockSupport.park(LockSupport.java:175)
        at java.util.concurrent.locks.AbstractQueuedSynchronizer$ConditionObject.await(AbstractQueuedSynchronizer.java:2039)
        at java.util.concurrent.LinkedBlockingQueue.take(LinkedBlockingQueue.java:442)
        at java.util.concurrent.ThreadPoolExecutor.getTask(ThreadPoolExecutor.java:1074)
        at java.util.concurrent.ThreadPoolExecutor.runWorker(ThreadPoolExecutor.java:1134)
        at java.util.concurrent.ThreadPoolExecutor$Worker.run(ThreadPoolExecutor.java:624)
        at java.lang.Thread.run(Thread.java:750)
"BlockDeletingService#1" daemon prio=5 tid=366 in Object.wait()
java.lang.Thread.State: WAITING (on object monitor)
        at sun.misc.Unsafe.park(Native Method)
        at java.util.concurrent.locks.LockSupport.park(LockSupport.java:175)
        at java.util.concurrent.locks.AbstractQueuedSynchronizer$ConditionObject.await(AbstractQueuedSynchronizer.java:2039)
        at java.util.concurrent.ScheduledThreadPoolExecutor$DelayedWorkQueue.take(ScheduledThreadPoolExecutor.java:1088)
        at java.util.concurrent.ScheduledThreadPoolExecutor$DelayedWorkQueue.take(ScheduledThreadPoolExecutor.java:809)
        at java.util.concurrent.ThreadPoolExecutor.getTask(ThreadPoolExecutor.java:1074)
        at java.util.concurrent.ThreadPoolExecutor.runWorker(ThreadPoolExecutor.java:1134)
        at java.util.concurrent.ThreadPoolExecutor$Worker.run(ThreadPoolExecutor.java:624)
        at java.lang.Thread.run(Thread.java:750)
"ContainerOp-a2d281d2-730c-4a02-9c2e-ca4ce5b48592-3"  prio=5 tid=567 in Object.wait()
java.lang.Thread.State: WAITING (on object monitor)
        at sun.misc.Unsafe.park(Native Method)
        at java.util.concurrent.locks.LockSupport.park(LockSupport.java:175)
        at java.util.concurrent.locks.AbstractQueuedSynchronizer$ConditionObject.await(AbstractQueuedSynchronizer.java:2039)
        at java.util.concurrent.LinkedBlockingQueue.take(LinkedBlockingQueue.java:442)
        at java.util.concurrent.ThreadPoolExecutor.getTask(ThreadPoolExecutor.java:1074)
        at java.util.concurrent.ThreadPoolExecutor.runWorker(ThreadPoolExecutor.java:1134)
        at java.util.concurrent.ThreadPoolExecutor$Worker.run(ThreadPoolExecutor.java:624)
        at java.lang.Thread.run(Thread.java:750)
"pool-93-thread-1"  prio=5 tid=218 timed_waiting
java.lang.Thread.State: TIMED_WAITING
        at sun.misc.Unsafe.park(Native Method)
        at java.util.concurrent.locks.LockSupport.parkNanos(LockSupport.java:215)
        at java.util.concurrent.locks.AbstractQueuedSynchronizer$ConditionObject.awaitNanos(AbstractQueuedSynchronizer.java:2078)
        at java.util.concurrent.ScheduledThreadPoolExecutor$DelayedWorkQueue.take(ScheduledThreadPoolExecutor.java:1093)
        at java.util.concurrent.ScheduledThreadPoolExecutor$DelayedWorkQueue.take(ScheduledThreadPoolExecutor.java:809)
        at java.util.concurrent.ThreadPoolExecutor.getTask(ThreadPoolExecutor.java:1074)
        at java.util.concurrent.ThreadPoolExecutor.runWorker(ThreadPoolExecutor.java:1134)
        at java.util.concurrent.ThreadPoolExecutor$Worker.run(ThreadPoolExecutor.java:624)
        at java.lang.Thread.run(Thread.java:750)
"IPC Server handler 11 on default port 15009" daemon prio=5 tid=230 timed_waiting
java.lang.Thread.State: TIMED_WAITING
        at sun.misc.Unsafe.park(Native Method)
        at java.util.concurrent.locks.LockSupport.parkNanos(LockSupport.java:215)
        at java.util.concurrent.locks.AbstractQueuedSynchronizer$ConditionObject.awaitNanos(AbstractQueuedSynchronizer.java:2078)
        at java.util.concurrent.LinkedBlockingQueue.poll(LinkedBlockingQueue.java:467)
        at org.apache.hadoop.ipc.CallQueueManager.take(CallQueueManager.java:317)
        at org.apache.hadoop.ipc.Server$Handler.run(Server.java:3014)
"FixedThreadPoolWithAffinityExecutor-3-0" daemon prio=5 tid=41 timed_waiting
java.lang.Thread.State: TIMED_WAITING
        at sun.misc.Unsafe.park(Native Method)
        at java.util.concurrent.locks.LockSupport.parkNanos(LockSupport.java:215)
        at java.util.concurrent.locks.AbstractQueuedSynchronizer$ConditionObject.awaitNanos(AbstractQueuedSynchronizer.java:2078)
        at java.util.concurrent.LinkedBlockingQueue.poll(LinkedBlockingQueue.java:467)
        at org.apache.hadoop.hdds.scm.server.ContainerReportQueue.poll(ContainerReportQueue.java:266)
        at org.apache.hadoop.hdds.scm.server.ContainerReportQueue.poll(ContainerReportQueue.java:42)
        at org.apache.hadoop.hdds.server.events.FixedThreadPoolWithAffinityExecutor$ContainerReportProcessTask.run(FixedThreadPoolWithAffinityExecutor.java:247)
        at java.util.concurrent.Executors$RunnableAdapter.call(Executors.java:511)
        at java.util.concurrent.FutureTask.run(FutureTask.java:266)
        at java.util.concurrent.ThreadPoolExecutor.runWorker(ThreadPoolExecutor.java:1149)
        at java.util.concurrent.ThreadPoolExecutor$Worker.run(ThreadPoolExecutor.java:624)
        at java.lang.Thread.run(Thread.java:750)
"e4211b8b-b648-43cb-96ad-95a5188c1410-server-thread2" daemon prio=5 tid=536 timed_waiting
java.lang.Thread.State: TIMED_WAITING
        at sun.misc.Unsafe.park(Native Method)
        at java.util.concurrent.locks.LockSupport.parkNanos(LockSupport.java:215)
        at java.util.concurrent.SynchronousQueue$TransferStack.awaitFulfill(SynchronousQueue.java:460)
        at java.util.concurrent.SynchronousQueue$TransferStack.transfer(SynchronousQueue.java:362)
        at java.util.concurrent.SynchronousQueue.poll(SynchronousQueue.java:941)
        at java.util.concurrent.ThreadPoolExecutor.getTask(ThreadPoolExecutor.java:1073)
        at java.util.concurrent.ThreadPoolExecutor.runWorker(ThreadPoolExecutor.java:1134)
        at java.util.concurrent.ThreadPoolExecutor$Worker.run(ThreadPoolExecutor.java:624)
        at java.lang.Thread.run(Thread.java:750)
"Session-HouseKeeper-15a9f940-1"  prio=5 tid=259 timed_waiting
java.lang.Thread.State: TIMED_WAITING
        at sun.misc.Unsafe.park(Native Method)
        at java.util.concurrent.locks.LockSupport.parkNanos(LockSupport.java:215)
        at java.util.concurrent.locks.AbstractQueuedSynchronizer$ConditionObject.awaitNanos(AbstractQueuedSynchronizer.java:2078)
        at java.util.concurrent.ScheduledThreadPoolExecutor$DelayedWorkQueue.take(ScheduledThreadPoolExecutor.java:1093)
        at java.util.concurrent.ScheduledThreadPoolExecutor$DelayedWorkQueue.take(ScheduledThreadPoolExecutor.java:809)
        at java.util.concurrent.ThreadPoolExecutor.getTask(ThreadPoolExecutor.java:1074)
        at java.util.concurrent.ThreadPoolExecutor.runWorker(ThreadPoolExecutor.java:1134)
        at java.util.concurrent.ThreadPoolExecutor$Worker.run(ThreadPoolExecutor.java:624)
        at java.lang.Thread.run(Thread.java:750)
"IPC Server handler 14 on default port 15001" daemon prio=5 tid=83 timed_waiting
java.lang.Thread.State: TIMED_WAITING
        at sun.misc.Unsafe.park(Native Method)
        at java.util.concurrent.locks.LockSupport.parkNanos(LockSupport.java:215)
        at java.util.concurrent.locks.AbstractQueuedSynchronizer$ConditionObject.awaitNanos(AbstractQueuedSynchronizer.java:2078)
        at java.util.concurrent.LinkedBlockingQueue.poll(LinkedBlockingQueue.java:467)
        at org.apache.hadoop.ipc.CallQueueManager.take(CallQueueManager.java:317)
        at org.apache.hadoop.ipc.Server$Handler.run(Server.java:3014)
"IPC Server listener on 15004" daemon prio=5 tid=135 runnable
java.lang.Thread.State: RUNNABLE
        at sun.nio.ch.EPollArrayWrapper.epollWait(Native Method)
        at sun.nio.ch.EPollArrayWrapper.poll(EPollArrayWrapper.java:269)
        at sun.nio.ch.EPollSelectorImpl.doSelect(EPollSelectorImpl.java:93)
        at sun.nio.ch.SelectorImpl.lockAndDoSelect(SelectorImpl.java:86)
        at sun.nio.ch.SelectorImpl.select(SelectorImpl.java:97)
        at sun.nio.ch.SelectorImpl.select(SelectorImpl.java:101)
        at org.apache.hadoop.ipc.Server$Listener.run(Server.java:1408)
"ContainerOp-a2d281d2-730c-4a02-9c2e-ca4ce5b48592-9"  prio=5 tid=603 in Object.wait()
java.lang.Thread.State: WAITING (on object monitor)
        at sun.misc.Unsafe.park(Native Method)
        at java.util.concurrent.locks.LockSupport.park(LockSupport.java:175)
        at java.util.concurrent.locks.AbstractQueuedSynchronizer$ConditionObject.await(AbstractQueuedSynchronizer.java:2039)
        at java.util.concurrent.LinkedBlockingQueue.take(LinkedBlockingQueue.java:442)
        at java.util.concurrent.ThreadPoolExecutor.getTask(ThreadPoolExecutor.java:1074)
        at java.util.concurrent.ThreadPoolExecutor.runWorker(ThreadPoolExecutor.java:1134)
        at java.util.concurrent.ThreadPoolExecutor$Worker.run(ThreadPoolExecutor.java:624)
        at java.lang.Thread.run(Thread.java:750)
"qtp1695980007-257" daemon prio=5 tid=257 timed_waiting
java.lang.Thread.State: TIMED_WAITING
        at sun.misc.Unsafe.park(Native Method)
        at java.util.concurrent.locks.LockSupport.parkNanos(LockSupport.java:215)
        at java.util.concurrent.locks.AbstractQueuedSynchronizer$ConditionObject.awaitNanos(AbstractQueuedSynchronizer.java:2078)
        at org.eclipse.jetty.util.BlockingArrayQueue.poll(BlockingArrayQueue.java:382)
        at org.eclipse.jetty.util.thread.QueuedThreadPool$Runner.idleJobPoll(QueuedThreadPool.java:974)
        at org.eclipse.jetty.util.thread.QueuedThreadPool$Runner.run(QueuedThreadPool.java:1018)
        at java.lang.Thread.run(Thread.java:750)
"BlockDeletingService#3" daemon prio=5 tid=950 in Object.wait()
java.lang.Thread.State: WAITING (on object monitor)
        at sun.misc.Unsafe.park(Native Method)
        at java.util.concurrent.locks.LockSupport.park(LockSupport.java:175)
        at java.util.concurrent.locks.AbstractQueuedSynchronizer$ConditionObject.await(AbstractQueuedSynchronizer.java:2039)
        at java.util.concurrent.ScheduledThreadPoolExecutor$DelayedWorkQueue.take(ScheduledThreadPoolExecutor.java:1088)
        at java.util.concurrent.ScheduledThreadPoolExecutor$DelayedWorkQueue.take(ScheduledThreadPoolExecutor.java:809)
        at java.util.concurrent.ThreadPoolExecutor.getTask(ThreadPoolExecutor.java:1074)
        at java.util.concurrent.ThreadPoolExecutor.runWorker(ThreadPoolExecutor.java:1134)
        at java.util.concurrent.ThreadPoolExecutor$Worker.run(ThreadPoolExecutor.java:624)
        at java.lang.Thread.run(Thread.java:750)
"IPC Server handler 9 on default port 15004" daemon prio=5 tid=171 timed_waiting
java.lang.Thread.State: TIMED_WAITING
        at sun.misc.Unsafe.park(Native Method)
        at java.util.concurrent.locks.LockSupport.parkNanos(LockSupport.java:215)
        at java.util.concurrent.locks.AbstractQueuedSynchronizer$ConditionObject.awaitNanos(AbstractQueuedSynchronizer.java:2078)
        at java.util.concurrent.LinkedBlockingQueue.poll(LinkedBlockingQueue.java:467)
        at org.apache.hadoop.ipc.CallQueueManager.take(CallQueueManager.java:317)
        at org.apache.hadoop.ipc.Server$Handler.run(Server.java:3014)
"ContainerOp-4ae2c880-1070-4148-9b0d-1f48da4a8ca8-7"  prio=5 tid=606 in Object.wait()
java.lang.Thread.State: WAITING (on object monitor)
        at sun.misc.Unsafe.park(Native Method)
        at java.util.concurrent.locks.LockSupport.park(LockSupport.java:175)
        at java.util.concurrent.locks.AbstractQueuedSynchronizer$ConditionObject.await(AbstractQueuedSynchronizer.java:2039)
        at java.util.concurrent.LinkedBlockingQueue.take(LinkedBlockingQueue.java:442)
        at java.util.concurrent.ThreadPoolExecutor.getTask(ThreadPoolExecutor.java:1074)
        at java.util.concurrent.ThreadPoolExecutor.runWorker(ThreadPoolExecutor.java:1134)
        at java.util.concurrent.ThreadPoolExecutor$Worker.run(ThreadPoolExecutor.java:624)
        at java.lang.Thread.run(Thread.java:750)
"timer2" daemon prio=5 tid=486 timed_waiting
java.lang.Thread.State: TIMED_WAITING
        at java.lang.Object.wait(Native Method)
        at java.util.TimerThread.mainLoop(Timer.java:552)
        at java.util.TimerThread.run(Timer.java:505)
"Session-HouseKeeper-6147ff01-1"  prio=5 tid=161 timed_waiting
java.lang.Thread.State: TIMED_WAITING
        at sun.misc.Unsafe.park(Native Method)
        at java.util.concurrent.locks.LockSupport.parkNanos(LockSupport.java:215)
        at java.util.concurrent.locks.AbstractQueuedSynchronizer$ConditionObject.awaitNanos(AbstractQueuedSynchronizer.java:2078)
        at java.util.concurrent.ScheduledThreadPoolExecutor$DelayedWorkQueue.take(ScheduledThreadPoolExecutor.java:1093)
        at java.util.concurrent.ScheduledThreadPoolExecutor$DelayedWorkQueue.take(ScheduledThreadPoolExecutor.java:809)
        at java.util.concurrent.ThreadPoolExecutor.getTask(ThreadPoolExecutor.java:1074)
        at java.util.concurrent.ThreadPoolExecutor.runWorker(ThreadPoolExecutor.java:1134)
        at java.util.concurrent.ThreadPoolExecutor$Worker.run(ThreadPoolExecutor.java:624)
        at java.lang.Thread.run(Thread.java:750)
"ContainerOp-4ae2c880-1070-4148-9b0d-1f48da4a8ca8-6"  prio=5 tid=608 in Object.wait()
java.lang.Thread.State: WAITING (on object monitor)
        at sun.misc.Unsafe.park(Native Method)
        at java.util.concurrent.locks.LockSupport.park(LockSupport.java:175)
        at java.util.concurrent.locks.AbstractQueuedSynchronizer$ConditionObject.await(AbstractQueuedSynchronizer.java:2039)
        at java.util.concurrent.LinkedBlockingQueue.take(LinkedBlockingQueue.java:442)
        at java.util.concurrent.ThreadPoolExecutor.getTask(ThreadPoolExecutor.java:1074)
        at java.util.concurrent.ThreadPoolExecutor.runWorker(ThreadPoolExecutor.java:1134)
        at java.util.concurrent.ThreadPoolExecutor$Worker.run(ThreadPoolExecutor.java:624)
        at java.lang.Thread.run(Thread.java:750)
"Lease Manager-LeaseManager#LeaseMonitor" daemon prio=5 tid=110 timed_waiting
java.lang.Thread.State: TIMED_WAITING
        at sun.misc.Unsafe.park(Native Method)
        at java.util.concurrent.locks.LockSupport.parkNanos(LockSupport.java:215)
        at java.util.concurrent.locks.AbstractQueuedSynchronizer.doAcquireSharedNanos(AbstractQueuedSynchronizer.java:1037)
        at java.util.concurrent.locks.AbstractQueuedSynchronizer.tryAcquireSharedNanos(AbstractQueuedSynchronizer.java:1328)
        at java.util.concurrent.Semaphore.tryAcquire(Semaphore.java:409)
        at org.apache.hadoop.ozone.lease.LeaseManager$LeaseMonitor.run(LeaseManager.java:270)
        at java.lang.Thread.run(Thread.java:750)
"timer5" daemon prio=5 tid=527 timed_waiting
java.lang.Thread.State: TIMED_WAITING
        at java.lang.Object.wait(Native Method)
        at java.util.TimerThread.mainLoop(Timer.java:552)
        at java.util.TimerThread.run(Timer.java:505)
"timer6" daemon prio=5 tid=529 timed_waiting
java.lang.Thread.State: TIMED_WAITING
        at java.lang.Object.wait(Native Method)
        at java.util.TimerThread.mainLoop(Timer.java:552)
        at java.util.TimerThread.run(Timer.java:505)
"StaleRecoveringContainerScrubbingService#2" daemon prio=5 tid=939 in Object.wait()
java.lang.Thread.State: WAITING (on object monitor)
        at sun.misc.Unsafe.park(Native Method)
        at java.util.concurrent.locks.LockSupport.park(LockSupport.java:175)
        at java.util.concurrent.locks.AbstractQueuedSynchronizer$ConditionObject.await(AbstractQueuedSynchronizer.java:2039)
        at java.util.concurrent.ScheduledThreadPoolExecutor$DelayedWorkQueue.take(ScheduledThreadPoolExecutor.java:1088)
        at java.util.concurrent.ScheduledThreadPoolExecutor$DelayedWorkQueue.take(ScheduledThreadPoolExecutor.java:809)
        at java.util.concurrent.ThreadPoolExecutor.getTask(ThreadPoolExecutor.java:1074)
        at java.util.concurrent.ThreadPoolExecutor.runWorker(ThreadPoolExecutor.java:1134)
        at java.util.concurrent.ThreadPoolExecutor$Worker.run(ThreadPoolExecutor.java:624)
        at java.lang.Thread.run(Thread.java:750)
"e4211b8b-b648-43cb-96ad-95a5188c1410-NettyServerStreamRpc-bossGroup--thread1"  prio=5 tid=305 runnable
java.lang.Thread.State: RUNNABLE
        at sun.nio.ch.EPollArrayWrapper.epollWait(Native Method)
        at sun.nio.ch.EPollArrayWrapper.poll(EPollArrayWrapper.java:269)
        at sun.nio.ch.EPollSelectorImpl.doSelect(EPollSelectorImpl.java:93)
        at sun.nio.ch.SelectorImpl.lockAndDoSelect(SelectorImpl.java:86)
        at sun.nio.ch.SelectorImpl.select(SelectorImpl.java:97)
        at sun.nio.ch.SelectorImpl.select(SelectorImpl.java:101)
        at org.apache.ratis.thirdparty.io.netty.channel.nio.SelectedSelectionKeySetSelector.select(SelectedSelectionKeySetSelector.java:68)
        at org.apache.ratis.thirdparty.io.netty.channel.nio.NioEventLoop.select(NioEventLoop.java:879)
        at org.apache.ratis.thirdparty.io.netty.channel.nio.NioEventLoop.run(NioEventLoop.java:526)
        at org.apache.ratis.thirdparty.io.netty.util.concurrent.SingleThreadEventExecutor$4.run(SingleThreadEventExecutor.java:997)
        at org.apache.ratis.thirdparty.io.netty.util.internal.ThreadExecutorMap$2.run(ThreadExecutorMap.java:74)
        at java.lang.Thread.run(Thread.java:750)
"IPC Server handler 2 on default port 15002" daemon prio=5 tid=91 timed_waiting
java.lang.Thread.State: TIMED_WAITING
        at sun.misc.Unsafe.park(Native Method)
        at java.util.concurrent.locks.LockSupport.parkNanos(LockSupport.java:215)
        at java.util.concurrent.locks.AbstractQueuedSynchronizer$ConditionObject.awaitNanos(AbstractQueuedSynchronizer.java:2078)
        at java.util.concurrent.LinkedBlockingQueue.poll(LinkedBlockingQueue.java:467)
        at org.apache.hadoop.ipc.CallQueueManager.take(CallQueueManager.java:317)
        at org.apache.hadoop.ipc.Server$Handler.run(Server.java:3014)
"PartialTableCache Cleanup Thread - 0" daemon prio=5 tid=514 in Object.wait()
java.lang.Thread.State: WAITING (on object monitor)
        at sun.misc.Unsafe.park(Native Method)
        at java.util.concurrent.locks.LockSupport.park(LockSupport.java:175)
        at java.util.concurrent.locks.AbstractQueuedSynchronizer$ConditionObject.await(AbstractQueuedSynchronizer.java:2039)
        at java.util.concurrent.LinkedBlockingQueue.take(LinkedBlockingQueue.java:442)
        at java.util.concurrent.ThreadPoolExecutor.getTask(ThreadPoolExecutor.java:1074)
        at java.util.concurrent.ThreadPoolExecutor.runWorker(ThreadPoolExecutor.java:1134)
        at java.util.concurrent.ThreadPoolExecutor$Worker.run(ThreadPoolExecutor.java:624)
        at java.lang.Thread.run(Thread.java:750)
"BlockDeletingService#0" daemon prio=5 tid=380 timed_waiting
java.lang.Thread.State: TIMED_WAITING
        at sun.misc.Unsafe.park(Native Method)
        at java.util.concurrent.locks.LockSupport.parkNanos(LockSupport.java:215)
        at java.util.concurrent.locks.AbstractQueuedSynchronizer$ConditionObject.awaitNanos(AbstractQueuedSynchronizer.java:2078)
        at java.util.concurrent.ScheduledThreadPoolExecutor$DelayedWorkQueue.take(ScheduledThreadPoolExecutor.java:1093)
        at java.util.concurrent.ScheduledThreadPoolExecutor$DelayedWorkQueue.take(ScheduledThreadPoolExecutor.java:809)
        at java.util.concurrent.ThreadPoolExecutor.getTask(ThreadPoolExecutor.java:1074)
        at java.util.concurrent.ThreadPoolExecutor.runWorker(ThreadPoolExecutor.java:1134)
        at java.util.concurrent.ThreadPoolExecutor$Worker.run(ThreadPoolExecutor.java:624)
        at java.lang.Thread.run(Thread.java:750)
"e4211b8b-b648-43cb-96ad-95a5188c1410@group-9A01BBD50584-LeaderStateImpl" daemon prio=5 tid=506 timed_waiting
java.lang.Thread.State: TIMED_WAITING
        at sun.misc.Unsafe.park(Native Method)
        at java.util.concurrent.locks.LockSupport.parkNanos(LockSupport.java:215)
        at java.util.concurrent.locks.AbstractQueuedSynchronizer$ConditionObject.awaitNanos(AbstractQueuedSynchronizer.java:2078)
        at java.util.concurrent.ArrayBlockingQueue.poll(ArrayBlockingQueue.java:418)
        at org.apache.ratis.server.impl.LeaderStateImpl$EventQueue.poll(LeaderStateImpl.java:164)
        at org.apache.ratis.server.impl.LeaderStateImpl$EventProcessor.run(LeaderStateImpl.java:702)
"IPC Server handler 0 on default port 15000" daemon prio=5 tid=49 timed_waiting
java.lang.Thread.State: TIMED_WAITING
        at sun.misc.Unsafe.park(Native Method)
        at java.util.concurrent.locks.LockSupport.parkNanos(LockSupport.java:215)
        at java.util.concurrent.locks.AbstractQueuedSynchronizer$ConditionObject.awaitNanos(AbstractQueuedSynchronizer.java:2078)
        at java.util.concurrent.LinkedBlockingQueue.poll(LinkedBlockingQueue.java:467)
        at org.apache.hadoop.ipc.CallQueueManager.take(CallQueueManager.java:317)
        at org.apache.hadoop.ipc.Server$Handler.run(Server.java:3014)
"Periodic HDDS volume checker" daemon prio=5 tid=339 timed_waiting
java.lang.Thread.State: TIMED_WAITING
        at sun.misc.Unsafe.park(Native Method)
        at java.util.concurrent.locks.LockSupport.parkNanos(LockSupport.java:215)
        at java.util.concurrent.locks.AbstractQueuedSynchronizer$ConditionObject.awaitNanos(AbstractQueuedSynchronizer.java:2078)
        at java.util.concurrent.ScheduledThreadPoolExecutor$DelayedWorkQueue.take(ScheduledThreadPoolExecutor.java:1093)
        at java.util.concurrent.ScheduledThreadPoolExecutor$DelayedWorkQueue.take(ScheduledThreadPoolExecutor.java:809)
        at java.util.concurrent.ThreadPoolExecutor.getTask(ThreadPoolExecutor.java:1074)
        at java.util.concurrent.ThreadPoolExecutor.runWorker(ThreadPoolExecutor.java:1134)
        at java.util.concurrent.ThreadPoolExecutor$Worker.run(ThreadPoolExecutor.java:624)
        at java.lang.Thread.run(Thread.java:750)
"Datanode State Machine Task Thread - 0"  prio=5 tid=273 in Object.wait()
java.lang.Thread.State: WAITING (on object monitor)
        at sun.misc.Unsafe.park(Native Method)
        at java.util.concurrent.locks.LockSupport.park(LockSupport.java:175)
        at java.util.concurrent.locks.AbstractQueuedSynchronizer$ConditionObject.await(AbstractQueuedSynchronizer.java:2039)
        at java.util.concurrent.LinkedBlockingQueue.take(LinkedBlockingQueue.java:442)
        at java.util.concurrent.ThreadPoolExecutor.getTask(ThreadPoolExecutor.java:1074)
        at java.util.concurrent.ThreadPoolExecutor.runWorker(ThreadPoolExecutor.java:1134)
        at java.util.concurrent.ThreadPoolExecutor$Worker.run(ThreadPoolExecutor.java:624)
        at java.lang.Thread.run(Thread.java:750)
"ContainerOp-4ae2c880-1070-4148-9b0d-1f48da4a8ca8-3"  prio=5 tid=570 in Object.wait()
java.lang.Thread.State: WAITING (on object monitor)
        at sun.misc.Unsafe.park(Native Method)
        at java.util.concurrent.locks.LockSupport.park(LockSupport.java:175)
        at java.util.concurrent.locks.AbstractQueuedSynchronizer$ConditionObject.await(AbstractQueuedSynchronizer.java:2039)
        at java.util.concurrent.LinkedBlockingQueue.take(LinkedBlockingQueue.java:442)
        at java.util.concurrent.ThreadPoolExecutor.getTask(ThreadPoolExecutor.java:1074)
        at java.util.concurrent.ThreadPoolExecutor.runWorker(ThreadPoolExecutor.java:1134)
        at java.util.concurrent.ThreadPoolExecutor$Worker.run(ThreadPoolExecutor.java:624)
        at java.lang.Thread.run(Thread.java:750)
"timer4" daemon prio=5 tid=493 timed_waiting
java.lang.Thread.State: TIMED_WAITING
        at java.lang.Object.wait(Native Method)
        at java.util.TimerThread.mainLoop(Timer.java:552)
        at java.util.TimerThread.run(Timer.java:505)
"EventQueue-PipelineReportForPipelineReportHandler" daemon prio=5 tid=388 in Object.wait()
java.lang.Thread.State: WAITING (on object monitor)
        at sun.misc.Unsafe.park(Native Method)
        at java.util.concurrent.locks.LockSupport.park(LockSupport.java:175)
        at java.util.concurrent.locks.AbstractQueuedSynchronizer$ConditionObject.await(AbstractQueuedSynchronizer.java:2039)
        at java.util.concurrent.LinkedBlockingQueue.take(LinkedBlockingQueue.java:442)
        at java.util.concurrent.ThreadPoolExecutor.getTask(ThreadPoolExecutor.java:1074)
        at java.util.concurrent.ThreadPoolExecutor.runWorker(ThreadPoolExecutor.java:1134)
        at java.util.concurrent.ThreadPoolExecutor$Worker.run(ThreadPoolExecutor.java:624)
        at java.lang.Thread.run(Thread.java:750)
"Datanode State Machine Task Thread - 0"  prio=5 tid=302 in Object.wait()
java.lang.Thread.State: WAITING (on object monitor)
        at sun.misc.Unsafe.park(Native Method)
        at java.util.concurrent.locks.LockSupport.park(LockSupport.java:175)
        at java.util.concurrent.locks.AbstractQueuedSynchronizer$ConditionObject.await(AbstractQueuedSynchronizer.java:2039)
        at java.util.concurrent.LinkedBlockingQueue.take(LinkedBlockingQueue.java:442)
        at java.util.concurrent.ThreadPoolExecutor.getTask(ThreadPoolExecutor.java:1074)
        at java.util.concurrent.ThreadPoolExecutor.runWorker(ThreadPoolExecutor.java:1134)
        at java.util.concurrent.ThreadPoolExecutor$Worker.run(ThreadPoolExecutor.java:624)
        at java.lang.Thread.run(Thread.java:750)
"qtp837784224-207" daemon prio=5 tid=207 runnable
java.lang.Thread.State: RUNNABLE
        at sun.nio.ch.EPollArrayWrapper.epollWait(Native Method)
        at sun.nio.ch.EPollArrayWrapper.poll(EPollArrayWrapper.java:269)
        at sun.nio.ch.EPollSelectorImpl.doSelect(EPollSelectorImpl.java:93)
        at sun.nio.ch.SelectorImpl.lockAndDoSelect(SelectorImpl.java:86)
        at sun.nio.ch.SelectorImpl.select(SelectorImpl.java:97)
        at sun.nio.ch.SelectorImpl.select(SelectorImpl.java:101)
        at org.eclipse.jetty.io.ManagedSelector.nioSelect(ManagedSelector.java:183)
        at org.eclipse.jetty.io.ManagedSelector.select(ManagedSelector.java:190)
        at org.eclipse.jetty.io.ManagedSelector$SelectorProducer.select(ManagedSelector.java:606)
        at org.eclipse.jetty.io.ManagedSelector$SelectorProducer.produce(ManagedSelector.java:543)
        at org.eclipse.jetty.util.thread.strategy.EatWhatYouKill.produceTask(EatWhatYouKill.java:362)
        at org.eclipse.jetty.util.thread.strategy.EatWhatYouKill.doProduce(EatWhatYouKill.java:186)
        at org.eclipse.jetty.util.thread.strategy.EatWhatYouKill.tryProduce(EatWhatYouKill.java:173)
        at org.eclipse.jetty.util.thread.strategy.EatWhatYouKill.produce(EatWhatYouKill.java:137)
        at org.eclipse.jetty.io.ManagedSelector$$Lambda$503/1412764055.run(Unknown Source)
        at org.eclipse.jetty.util.thread.QueuedThreadPool.runJob(QueuedThreadPool.java:883)
        at org.eclipse.jetty.util.thread.QueuedThreadPool$Runner.run(QueuedThreadPool.java:1034)
        at java.lang.Thread.run(Thread.java:750)
"8aaa379b-76d2-401e-9e9b-5f71144f2a0c-server-thread1" daemon prio=5 tid=488 timed_waiting
java.lang.Thread.State: TIMED_WAITING
        at sun.misc.Unsafe.park(Native Method)
        at java.util.concurrent.locks.LockSupport.parkNanos(LockSupport.java:215)
        at java.util.concurrent.SynchronousQueue$TransferStack.awaitFulfill(SynchronousQueue.java:460)
        at java.util.concurrent.SynchronousQueue$TransferStack.transfer(SynchronousQueue.java:362)
        at java.util.concurrent.SynchronousQueue.poll(SynchronousQueue.java:941)
        at java.util.concurrent.ThreadPoolExecutor.getTask(ThreadPoolExecutor.java:1073)
        at java.util.concurrent.ThreadPoolExecutor.runWorker(ThreadPoolExecutor.java:1134)
        at java.util.concurrent.ThreadPoolExecutor$Worker.run(ThreadPoolExecutor.java:624)
        at java.lang.Thread.run(Thread.java:750)
"qtp1811082427-115" daemon prio=5 tid=115 timed_waiting
java.lang.Thread.State: TIMED_WAITING
        at sun.misc.Unsafe.park(Native Method)
        at java.util.concurrent.locks.LockSupport.parkNanos(LockSupport.java:215)
        at java.util.concurrent.locks.AbstractQueuedSynchronizer$ConditionObject.awaitNanos(AbstractQueuedSynchronizer.java:2078)
        at org.eclipse.jetty.util.BlockingArrayQueue.poll(BlockingArrayQueue.java:382)
        at org.eclipse.jetty.util.thread.QueuedThreadPool$Runner.idleJobPoll(QueuedThreadPool.java:974)
        at org.eclipse.jetty.util.thread.QueuedThreadPool$Runner.run(QueuedThreadPool.java:1018)
        at java.lang.Thread.run(Thread.java:750)
"IPC Server handler 19 on default port 15002" daemon prio=5 tid=108 timed_waiting
java.lang.Thread.State: TIMED_WAITING
        at sun.misc.Unsafe.park(Native Method)
        at java.util.concurrent.locks.LockSupport.parkNanos(LockSupport.java:215)
        at java.util.concurrent.locks.AbstractQueuedSynchronizer$ConditionObject.awaitNanos(AbstractQueuedSynchronizer.java:2078)
        at java.util.concurrent.LinkedBlockingQueue.poll(LinkedBlockingQueue.java:467)
        at org.apache.hadoop.ipc.CallQueueManager.take(CallQueueManager.java:317)
        at org.apache.hadoop.ipc.Server$Handler.run(Server.java:3014)
"qtp1648385724-157" daemon prio=5 tid=157 timed_waiting
java.lang.Thread.State: TIMED_WAITING
        at sun.misc.Unsafe.park(Native Method)
        at java.util.concurrent.locks.LockSupport.parkNanos(LockSupport.java:215)
        at java.util.concurrent.locks.AbstractQueuedSynchronizer$ConditionObject.awaitNanos(AbstractQueuedSynchronizer.java:2078)
        at org.eclipse.jetty.util.BlockingArrayQueue.poll(BlockingArrayQueue.java:382)
        at org.eclipse.jetty.util.thread.QueuedThreadPool$Runner.idleJobPoll(QueuedThreadPool.java:974)
        at org.eclipse.jetty.util.thread.QueuedThreadPool$Runner.run(QueuedThreadPool.java:1018)
        at java.lang.Thread.run(Thread.java:750)
"Signal Dispatcher" daemon prio=9 tid=4 runnable
java.lang.Thread.State: RUNNABLE
"qtp1695980007-258" daemon prio=5 tid=258 timed_waiting
java.lang.Thread.State: TIMED_WAITING
        at sun.misc.Unsafe.park(Native Method)
        at java.util.concurrent.locks.LockSupport.parkNanos(LockSupport.java:215)
        at java.util.concurrent.locks.AbstractQueuedSynchronizer$ConditionObject.awaitNanos(AbstractQueuedSynchronizer.java:2078)
        at org.eclipse.jetty.util.BlockingArrayQueue.poll(BlockingArrayQueue.java:382)
        at org.eclipse.jetty.util.thread.QueuedThreadPool$Runner.idleJobPoll(QueuedThreadPool.java:974)
        at org.eclipse.jetty.util.thread.QueuedThreadPool$Runner.run(QueuedThreadPool.java:1018)
        at java.lang.Thread.run(Thread.java:750)
"EndpointStateMachine task thread for /0.0.0.0:15009 - 0 "  prio=5 tid=353 in Object.wait()
java.lang.Thread.State: WAITING (on object monitor)
        at sun.misc.Unsafe.park(Native Method)
        at java.util.concurrent.locks.LockSupport.park(LockSupport.java:175)
        at java.util.concurrent.locks.AbstractQueuedSynchronizer$ConditionObject.await(AbstractQueuedSynchronizer.java:2039)
        at java.util.concurrent.LinkedBlockingQueue.take(LinkedBlockingQueue.java:442)
        at java.util.concurrent.ThreadPoolExecutor.getTask(ThreadPoolExecutor.java:1074)
        at java.util.concurrent.ThreadPoolExecutor.runWorker(ThreadPoolExecutor.java:1134)
        at java.util.concurrent.ThreadPoolExecutor$Worker.run(ThreadPoolExecutor.java:624)
        at java.lang.Thread.run(Thread.java:750)
"Datanode State Machine Daemon Thread" daemon prio=5 tid=266 timed_waiting
java.lang.Thread.State: TIMED_WAITING
        at java.lang.Thread.sleep(Native Method)
        at org.apache.hadoop.ozone.container.common.statemachine.DatanodeStateMachine.startStateMachineThread(DatanodeStateMachine.java:352)
        at org.apache.hadoop.ozone.container.common.statemachine.DatanodeStateMachine.lambda$startDaemon$0(DatanodeStateMachine.java:539)
        at org.apache.hadoop.ozone.container.common.statemachine.DatanodeStateMachine$$Lambda$1236/1550963509.run(Unknown Source)
        at java.lang.Thread.run(Thread.java:750)
"ContainerOp-4ae2c880-1070-4148-9b0d-1f48da4a8ca8-9"  prio=5 tid=628 in Object.wait()
java.lang.Thread.State: WAITING (on object monitor)
        at sun.misc.Unsafe.park(Native Method)
        at java.util.concurrent.locks.LockSupport.park(LockSupport.java:175)
        at java.util.concurrent.locks.AbstractQueuedSynchronizer$ConditionObject.await(AbstractQueuedSynchronizer.java:2039)
        at java.util.concurrent.LinkedBlockingQueue.take(LinkedBlockingQueue.java:442)
        at java.util.concurrent.ThreadPoolExecutor.getTask(ThreadPoolExecutor.java:1074)
        at java.util.concurrent.ThreadPoolExecutor.runWorker(ThreadPoolExecutor.java:1134)
        at java.util.concurrent.ThreadPoolExecutor$Worker.run(ThreadPoolExecutor.java:624)
        at java.lang.Thread.run(Thread.java:750)
"IPC Server handler 11 on default port 15004" daemon prio=5 tid=173 timed_waiting
java.lang.Thread.State: TIMED_WAITING
        at sun.misc.Unsafe.park(Native Method)
        at java.util.concurrent.locks.LockSupport.parkNanos(LockSupport.java:215)
        at java.util.concurrent.locks.AbstractQueuedSynchronizer$ConditionObject.awaitNanos(AbstractQueuedSynchronizer.java:2078)
        at java.util.concurrent.LinkedBlockingQueue.poll(LinkedBlockingQueue.java:467)
        at org.apache.hadoop.ipc.CallQueueManager.take(CallQueueManager.java:317)
        at org.apache.hadoop.ipc.Server$Handler.run(Server.java:3014)
"IPC Server handler 3 on default port 15004" daemon prio=5 tid=165 timed_waiting
java.lang.Thread.State: TIMED_WAITING
        at sun.misc.Unsafe.park(Native Method)
        at java.util.concurrent.locks.LockSupport.parkNanos(LockSupport.java:215)
        at java.util.concurrent.locks.AbstractQueuedSynchronizer$ConditionObject.awaitNanos(AbstractQueuedSynchronizer.java:2078)
        at java.util.concurrent.LinkedBlockingQueue.poll(LinkedBlockingQueue.java:467)
        at org.apache.hadoop.ipc.CallQueueManager.take(CallQueueManager.java:317)
        at org.apache.hadoop.ipc.Server$Handler.run(Server.java:3014)
"Command processor thread" daemon prio=5 tid=330 timed_waiting
java.lang.Thread.State: TIMED_WAITING
        at java.lang.Thread.sleep(Native Method)
        at org.apache.hadoop.ozone.container.common.statemachine.DatanodeStateMachine.lambda$initCommandHandlerThread$3(DatanodeStateMachine.java:666)
        at org.apache.hadoop.ozone.container.common.statemachine.DatanodeStateMachine$$Lambda$1238/578126107.run(Unknown Source)
        at java.lang.Thread.run(Thread.java:750)
"ChunkWriter-0-0" daemon prio=5 tid=342 in Object.wait()
java.lang.Thread.State: WAITING (on object monitor)
        at sun.misc.Unsafe.park(Native Method)
        at java.util.concurrent.locks.LockSupport.park(LockSupport.java:175)
        at java.util.concurrent.locks.AbstractQueuedSynchronizer$ConditionObject.await(AbstractQueuedSynchronizer.java:2039)
        at java.util.concurrent.LinkedBlockingDeque.takeFirst(LinkedBlockingDeque.java:492)
        at java.util.concurrent.LinkedBlockingDeque.take(LinkedBlockingDeque.java:680)
        at java.util.concurrent.ThreadPoolExecutor.getTask(ThreadPoolExecutor.java:1074)
        at java.util.concurrent.ThreadPoolExecutor.runWorker(ThreadPoolExecutor.java:1134)
        at java.util.concurrent.ThreadPoolExecutor$Worker.run(ThreadPoolExecutor.java:624)
        at java.lang.Thread.run(Thread.java:750)
"PipelineCommandHandlerThread-0"  prio=5 tid=406 in Object.wait()
java.lang.Thread.State: WAITING (on object monitor)
        at sun.misc.Unsafe.park(Native Method)
        at java.util.concurrent.locks.LockSupport.park(LockSupport.java:175)
        at java.util.concurrent.locks.AbstractQueuedSynchronizer$ConditionObject.await(AbstractQueuedSynchronizer.java:2039)
        at java.util.concurrent.LinkedBlockingQueue.take(LinkedBlockingQueue.java:442)
        at java.util.concurrent.ThreadPoolExecutor.getTask(ThreadPoolExecutor.java:1074)
        at java.util.concurrent.ThreadPoolExecutor.runWorker(ThreadPoolExecutor.java:1134)
        at java.util.concurrent.ThreadPoolExecutor$Worker.run(ThreadPoolExecutor.java:624)
        at java.lang.Thread.run(Thread.java:750)
"StaleRecoveringContainerScrubbingService#3" daemon prio=5 tid=948 in Object.wait()
java.lang.Thread.State: WAITING (on object monitor)
        at sun.misc.Unsafe.park(Native Method)
        at java.util.concurrent.locks.LockSupport.park(LockSupport.java:175)
        at java.util.concurrent.locks.AbstractQueuedSynchronizer$ConditionObject.await(AbstractQueuedSynchronizer.java:2039)
        at java.util.concurrent.ScheduledThreadPoolExecutor$DelayedWorkQueue.take(ScheduledThreadPoolExecutor.java:1088)
        at java.util.concurrent.ScheduledThreadPoolExecutor$DelayedWorkQueue.take(ScheduledThreadPoolExecutor.java:809)
        at java.util.concurrent.ThreadPoolExecutor.getTask(ThreadPoolExecutor.java:1074)
        at java.util.concurrent.ThreadPoolExecutor.runWorker(ThreadPoolExecutor.java:1134)
        at java.util.concurrent.ThreadPoolExecutor$Worker.run(ThreadPoolExecutor.java:624)
        at java.lang.Thread.run(Thread.java:750)
"IPC Server handler 10 on default port 15009" daemon prio=5 tid=229 timed_waiting
java.lang.Thread.State: TIMED_WAITING
        at sun.misc.Unsafe.park(Native Method)
        at java.util.concurrent.locks.LockSupport.parkNanos(LockSupport.java:215)
        at java.util.concurrent.locks.AbstractQueuedSynchronizer$ConditionObject.awaitNanos(AbstractQueuedSynchronizer.java:2078)
        at java.util.concurrent.LinkedBlockingQueue.poll(LinkedBlockingQueue.java:467)
        at org.apache.hadoop.ipc.CallQueueManager.take(CallQueueManager.java:317)
        at org.apache.hadoop.ipc.Server$Handler.run(Server.java:3014)
"Datanode ReportManager Thread - 1" daemon prio=5 tid=297 in Object.wait()
java.lang.Thread.State: WAITING (on object monitor)
        at sun.misc.Unsafe.park(Native Method)
        at java.util.concurrent.locks.LockSupport.park(LockSupport.java:175)
        at java.util.concurrent.locks.AbstractQueuedSynchronizer$ConditionObject.await(AbstractQueuedSynchronizer.java:2039)
        at java.util.concurrent.ScheduledThreadPoolExecutor$DelayedWorkQueue.take(ScheduledThreadPoolExecutor.java:1088)
        at java.util.concurrent.ScheduledThreadPoolExecutor$DelayedWorkQueue.take(ScheduledThreadPoolExecutor.java:809)
        at java.util.concurrent.ThreadPoolExecutor.getTask(ThreadPoolExecutor.java:1074)
        at java.util.concurrent.ThreadPoolExecutor.runWorker(ThreadPoolExecutor.java:1134)
        at java.util.concurrent.ThreadPoolExecutor$Worker.run(ThreadPoolExecutor.java:624)
        at java.lang.Thread.run(Thread.java:750)
"pool-114-thread-1"  prio=5 tid=250 timed_waiting
java.lang.Thread.State: TIMED_WAITING
        at sun.misc.Unsafe.park(Native Method)
        at java.util.concurrent.locks.LockSupport.parkNanos(LockSupport.java:215)
        at java.util.concurrent.locks.AbstractQueuedSynchronizer$ConditionObject.awaitNanos(AbstractQueuedSynchronizer.java:2078)
        at java.util.concurrent.ScheduledThreadPoolExecutor$DelayedWorkQueue.take(ScheduledThreadPoolExecutor.java:1093)
        at java.util.concurrent.ScheduledThreadPoolExecutor$DelayedWorkQueue.take(ScheduledThreadPoolExecutor.java:809)
        at java.util.concurrent.ThreadPoolExecutor.getTask(ThreadPoolExecutor.java:1074)
        at java.util.concurrent.ThreadPoolExecutor.runWorker(ThreadPoolExecutor.java:1134)
        at java.util.concurrent.ThreadPoolExecutor$Worker.run(ThreadPoolExecutor.java:624)
        at java.lang.Thread.run(Thread.java:750)
"IPC Server handler 4 on default port 15004" daemon prio=5 tid=166 timed_waiting
java.lang.Thread.State: TIMED_WAITING
        at sun.misc.Unsafe.park(Native Method)
        at java.util.concurrent.locks.LockSupport.parkNanos(LockSupport.java:215)
        at java.util.concurrent.locks.AbstractQueuedSynchronizer$ConditionObject.awaitNanos(AbstractQueuedSynchronizer.java:2078)
        at java.util.concurrent.LinkedBlockingQueue.poll(LinkedBlockingQueue.java:467)
        at org.apache.hadoop.ipc.CallQueueManager.take(CallQueueManager.java:317)
        at org.apache.hadoop.ipc.Server$Handler.run(Server.java:3014)
"IPC Server handler 12 on default port 15004" daemon prio=5 tid=174 timed_waiting
java.lang.Thread.State: TIMED_WAITING
        at sun.misc.Unsafe.park(Native Method)
        at java.util.concurrent.locks.LockSupport.parkNanos(LockSupport.java:215)
        at java.util.concurrent.locks.AbstractQueuedSynchronizer$ConditionObject.awaitNanos(AbstractQueuedSynchronizer.java:2078)
        at java.util.concurrent.LinkedBlockingQueue.poll(LinkedBlockingQueue.java:467)
        at org.apache.hadoop.ipc.CallQueueManager.take(CallQueueManager.java:317)
        at org.apache.hadoop.ipc.Server$Handler.run(Server.java:3014)
"IPC Server handler 6 on default port 15002" daemon prio=5 tid=95 timed_waiting
java.lang.Thread.State: TIMED_WAITING
        at sun.misc.Unsafe.park(Native Method)
        at java.util.concurrent.locks.LockSupport.parkNanos(LockSupport.java:215)
        at java.util.concurrent.locks.AbstractQueuedSynchronizer$ConditionObject.awaitNanos(AbstractQueuedSynchronizer.java:2078)
        at java.util.concurrent.LinkedBlockingQueue.poll(LinkedBlockingQueue.java:467)
        at org.apache.hadoop.ipc.CallQueueManager.take(CallQueueManager.java:317)
        at org.apache.hadoop.ipc.Server$Handler.run(Server.java:3014)
"IPC Server handler 12 on default port 15001" daemon prio=5 tid=81 timed_waiting
java.lang.Thread.State: TIMED_WAITING
        at sun.misc.Unsafe.park(Native Method)
        at java.util.concurrent.locks.LockSupport.parkNanos(LockSupport.java:215)
        at java.util.concurrent.locks.AbstractQueuedSynchronizer$ConditionObject.awaitNanos(AbstractQueuedSynchronizer.java:2078)
        at java.util.concurrent.LinkedBlockingQueue.poll(LinkedBlockingQueue.java:467)
        at org.apache.hadoop.ipc.CallQueueManager.take(CallQueueManager.java:317)
        at org.apache.hadoop.ipc.Server$Handler.run(Server.java:3014)
"8aaa379b-76d2-401e-9e9b-5f71144f2a0c@group-1F48DA4A8CA8->125b6ccd-ab10-424e-ac54-cb3b86c02134-GrpcLogAppender-LogAppenderDaemon" daemon prio=5 tid=524 timed_waiting
java.lang.Thread.State: TIMED_WAITING
        at sun.misc.Unsafe.park(Native Method)
        at java.util.concurrent.locks.LockSupport.parkNanos(LockSupport.java:215)
        at java.util.concurrent.locks.AbstractQueuedSynchronizer$ConditionObject.await(AbstractQueuedSynchronizer.java:2163)
        at org.apache.ratis.util.AwaitForSignal.await(AwaitForSignal.java:62)
        at org.apache.ratis.grpc.server.GrpcLogAppender.mayWait(GrpcLogAppender.java:197)
        at org.apache.ratis.grpc.server.GrpcLogAppender.run(GrpcLogAppender.java:148)
        at org.apache.ratis.server.leader.LogAppenderDaemon.run(LogAppenderDaemon.java:78)
        at org.apache.ratis.server.leader.LogAppenderDaemon$$Lambda$1461/1150831190.run(Unknown Source)
        at java.lang.Thread.run(Thread.java:750)
"ContainerOp-4ae2c880-1070-4148-9b0d-1f48da4a8ca8-0"  prio=5 tid=554 in Object.wait()
java.lang.Thread.State: WAITING (on object monitor)
        at sun.misc.Unsafe.park(Native Method)
        at java.util.concurrent.locks.LockSupport.park(LockSupport.java:175)
        at java.util.concurrent.locks.AbstractQueuedSynchronizer$ConditionObject.await(AbstractQueuedSynchronizer.java:2039)
        at java.util.concurrent.LinkedBlockingQueue.take(LinkedBlockingQueue.java:442)
        at java.util.concurrent.ThreadPoolExecutor.getTask(ThreadPoolExecutor.java:1074)
        at java.util.concurrent.ThreadPoolExecutor.runWorker(ThreadPoolExecutor.java:1134)
        at java.util.concurrent.ThreadPoolExecutor$Worker.run(ThreadPoolExecutor.java:624)
        at java.lang.Thread.run(Thread.java:750)
"ContainerOp-a2d281d2-730c-4a02-9c2e-ca4ce5b48592-1"  prio=5 tid=547 in Object.wait()
java.lang.Thread.State: WAITING (on object monitor)
        at sun.misc.Unsafe.park(Native Method)
        at java.util.concurrent.locks.LockSupport.park(LockSupport.java:175)
        at java.util.concurrent.locks.AbstractQueuedSynchronizer$ConditionObject.await(AbstractQueuedSynchronizer.java:2039)
        at java.util.concurrent.LinkedBlockingQueue.take(LinkedBlockingQueue.java:442)
        at java.util.concurrent.ThreadPoolExecutor.getTask(ThreadPoolExecutor.java:1074)
        at java.util.concurrent.ThreadPoolExecutor.runWorker(ThreadPoolExecutor.java:1134)
        at java.util.concurrent.ThreadPoolExecutor$Worker.run(ThreadPoolExecutor.java:624)
        at java.lang.Thread.run(Thread.java:750)
"FullTableCache Cleanup Thread - 0" daemon prio=5 tid=504 in Object.wait()
java.lang.Thread.State: WAITING (on object monitor)
        at sun.misc.Unsafe.park(Native Method)
        at java.util.concurrent.locks.LockSupport.park(LockSupport.java:175)
        at java.util.concurrent.locks.AbstractQueuedSynchronizer$ConditionObject.await(AbstractQueuedSynchronizer.java:2039)
        at java.util.concurrent.LinkedBlockingQueue.take(LinkedBlockingQueue.java:442)
        at java.util.concurrent.ThreadPoolExecutor.getTask(ThreadPoolExecutor.java:1074)
        at java.util.concurrent.ThreadPoolExecutor.runWorker(ThreadPoolExecutor.java:1134)
        at java.util.concurrent.ThreadPoolExecutor$Worker.run(ThreadPoolExecutor.java:624)
        at java.lang.Thread.run(Thread.java:750)
"Datanode ReportManager Thread - 3" daemon prio=5 tid=270 in Object.wait()
java.lang.Thread.State: WAITING (on object monitor)
        at sun.misc.Unsafe.park(Native Method)
        at java.util.concurrent.locks.LockSupport.park(LockSupport.java:175)
        at java.util.concurrent.locks.AbstractQueuedSynchronizer$ConditionObject.await(AbstractQueuedSynchronizer.java:2039)
        at java.util.concurrent.ScheduledThreadPoolExecutor$DelayedWorkQueue.take(ScheduledThreadPoolExecutor.java:1088)
        at java.util.concurrent.ScheduledThreadPoolExecutor$DelayedWorkQueue.take(ScheduledThreadPoolExecutor.java:809)
        at java.util.concurrent.ThreadPoolExecutor.getTask(ThreadPoolExecutor.java:1074)
        at java.util.concurrent.ThreadPoolExecutor.runWorker(ThreadPoolExecutor.java:1134)
        at java.util.concurrent.ThreadPoolExecutor$Worker.run(ThreadPoolExecutor.java:624)
        at java.lang.Thread.run(Thread.java:750)
"BlockDeletingService#3" daemon prio=5 tid=947 in Object.wait()
java.lang.Thread.State: WAITING (on object monitor)
        at sun.misc.Unsafe.park(Native Method)
        at java.util.concurrent.locks.LockSupport.park(LockSupport.java:175)
        at java.util.concurrent.locks.AbstractQueuedSynchronizer$ConditionObject.await(AbstractQueuedSynchronizer.java:2039)
        at java.util.concurrent.ScheduledThreadPoolExecutor$DelayedWorkQueue.take(ScheduledThreadPoolExecutor.java:1088)
        at java.util.concurrent.ScheduledThreadPoolExecutor$DelayedWorkQueue.take(ScheduledThreadPoolExecutor.java:809)
        at java.util.concurrent.ThreadPoolExecutor.getTask(ThreadPoolExecutor.java:1074)
        at java.util.concurrent.ThreadPoolExecutor.runWorker(ThreadPoolExecutor.java:1134)
        at java.util.concurrent.ThreadPoolExecutor$Worker.run(ThreadPoolExecutor.java:624)
        at java.lang.Thread.run(Thread.java:750)
"IPC Server handler 6 on default port 15000" daemon prio=5 tid=55 timed_waiting
java.lang.Thread.State: TIMED_WAITING
        at sun.misc.Unsafe.park(Native Method)
        at java.util.concurrent.locks.LockSupport.parkNanos(LockSupport.java:215)
        at java.util.concurrent.locks.AbstractQueuedSynchronizer$ConditionObject.awaitNanos(AbstractQueuedSynchronizer.java:2078)
        at java.util.concurrent.LinkedBlockingQueue.poll(LinkedBlockingQueue.java:467)
        at org.apache.hadoop.ipc.CallQueueManager.take(CallQueueManager.java:317)
        at org.apache.hadoop.ipc.Server$Handler.run(Server.java:3014)
"JvmPauseMonitor3" daemon prio=5 tid=346 timed_waiting
java.lang.Thread.State: TIMED_WAITING
        at java.lang.Thread.sleep(Native Method)
        at java.lang.Thread.sleep(Thread.java:342)
        at java.util.concurrent.TimeUnit.sleep(TimeUnit.java:386)
        at org.apache.ratis.util.TimeDuration.sleep(TimeDuration.java:325)
        at org.apache.ratis.util.TimeDuration.sleep(TimeDuration.java:310)
        at org.apache.ratis.util.JvmPauseMonitor.detectPause(JvmPauseMonitor.java:117)
        at org.apache.ratis.util.JvmPauseMonitor.run(JvmPauseMonitor.java:106)
        at org.apache.ratis.util.JvmPauseMonitor$$Lambda$468/781449501.run(Unknown Source)
        at java.lang.Thread.run(Thread.java:750)
"ReplicationMonitor" daemon prio=5 tid=18 timed_waiting
java.lang.Thread.State: TIMED_WAITING
        at java.lang.Object.wait(Native Method)
        at org.apache.hadoop.hdds.scm.container.replication.ReplicationManager.run(ReplicationManager.java:917)
        at org.apache.hadoop.hdds.scm.container.replication.ReplicationManager$$Lambda$435/561801758.run(Unknown Source)
        at java.lang.Thread.run(Thread.java:750)
"IPC Server handler 5 on default port 15009" daemon prio=5 tid=224 timed_waiting
java.lang.Thread.State: TIMED_WAITING
        at sun.misc.Unsafe.park(Native Method)
        at java.util.concurrent.locks.LockSupport.parkNanos(LockSupport.java:215)
        at java.util.concurrent.locks.AbstractQueuedSynchronizer$ConditionObject.awaitNanos(AbstractQueuedSynchronizer.java:2078)
        at java.util.concurrent.LinkedBlockingQueue.poll(LinkedBlockingQueue.java:467)
        at org.apache.hadoop.ipc.CallQueueManager.take(CallQueueManager.java:317)
        at org.apache.hadoop.ipc.Server$Handler.run(Server.java:3014)
"ContainerOp-a2d281d2-730c-4a02-9c2e-ca4ce5b48592-2"  prio=5 tid=564 in Object.wait()
java.lang.Thread.State: WAITING (on object monitor)
        at sun.misc.Unsafe.park(Native Method)
        at java.util.concurrent.locks.LockSupport.park(LockSupport.java:175)
        at java.util.concurrent.locks.AbstractQueuedSynchronizer$ConditionObject.await(AbstractQueuedSynchronizer.java:2039)
        at java.util.concurrent.LinkedBlockingQueue.take(LinkedBlockingQueue.java:442)
        at java.util.concurrent.ThreadPoolExecutor.getTask(ThreadPoolExecutor.java:1074)
        at java.util.concurrent.ThreadPoolExecutor.runWorker(ThreadPoolExecutor.java:1134)
        at java.util.concurrent.ThreadPoolExecutor$Worker.run(ThreadPoolExecutor.java:624)
        at java.lang.Thread.run(Thread.java:750)
"IPC Server handler 18 on default port 15000" daemon prio=5 tid=67 timed_waiting
java.lang.Thread.State: TIMED_WAITING
        at sun.misc.Unsafe.park(Native Method)
        at java.util.concurrent.locks.LockSupport.parkNanos(LockSupport.java:215)
        at java.util.concurrent.locks.AbstractQueuedSynchronizer$ConditionObject.awaitNanos(AbstractQueuedSynchronizer.java:2078)
        at java.util.concurrent.LinkedBlockingQueue.poll(LinkedBlockingQueue.java:467)
        at org.apache.hadoop.ipc.CallQueueManager.take(CallQueueManager.java:317)
        at org.apache.hadoop.ipc.Server$Handler.run(Server.java:3014)
"grpc-default-executor-5" daemon prio=5 tid=537 timed_waiting
java.lang.Thread.State: TIMED_WAITING
        at sun.misc.Unsafe.park(Native Method)
        at java.util.concurrent.locks.LockSupport.parkNanos(LockSupport.java:215)
        at java.util.concurrent.SynchronousQueue$TransferStack.awaitFulfill(SynchronousQueue.java:460)
        at java.util.concurrent.SynchronousQueue$TransferStack.transfer(SynchronousQueue.java:362)
        at java.util.concurrent.SynchronousQueue.poll(SynchronousQueue.java:941)
        at java.util.concurrent.ThreadPoolExecutor.getTask(ThreadPoolExecutor.java:1073)
        at java.util.concurrent.ThreadPoolExecutor.runWorker(ThreadPoolExecutor.java:1134)
        at java.util.concurrent.ThreadPoolExecutor$Worker.run(ThreadPoolExecutor.java:624)
        at java.lang.Thread.run(Thread.java:750)
"ContainerOp-a2d281d2-730c-4a02-9c2e-ca4ce5b48592-1"  prio=5 tid=548 in Object.wait()
java.lang.Thread.State: WAITING (on object monitor)
        at sun.misc.Unsafe.park(Native Method)
        at java.util.concurrent.locks.LockSupport.park(LockSupport.java:175)
        at java.util.concurrent.locks.AbstractQueuedSynchronizer$ConditionObject.await(AbstractQueuedSynchronizer.java:2039)
        at java.util.concurrent.LinkedBlockingQueue.take(LinkedBlockingQueue.java:442)
        at java.util.concurrent.ThreadPoolExecutor.getTask(ThreadPoolExecutor.java:1074)
        at java.util.concurrent.ThreadPoolExecutor.runWorker(ThreadPoolExecutor.java:1134)
        at java.util.concurrent.ThreadPoolExecutor$Worker.run(ThreadPoolExecutor.java:624)
        at java.lang.Thread.run(Thread.java:750)
"om1@group-C5BA1605619E-SegmentedRaftLogWorker"  prio=5 tid=141 timed_waiting
java.lang.Thread.State: TIMED_WAITING
        at sun.misc.Unsafe.park(Native Method)
        at java.util.concurrent.locks.LockSupport.parkNanos(LockSupport.java:215)
        at java.util.concurrent.locks.AbstractQueuedSynchronizer$ConditionObject.awaitNanos(AbstractQueuedSynchronizer.java:2078)
        at org.apache.ratis.util.DataBlockingQueue.poll(DataBlockingQueue.java:148)
        at org.apache.ratis.server.raftlog.segmented.SegmentedRaftLogWorker.run(SegmentedRaftLogWorker.java:307)
        at org.apache.ratis.server.raftlog.segmented.SegmentedRaftLogWorker$$Lambda$797/1364610811.run(Unknown Source)
        at java.util.concurrent.Executors$RunnableAdapter.call(Executors.java:511)
        at java.util.concurrent.FutureTask.run(FutureTask.java:266)
        at java.util.concurrent.ThreadPoolExecutor.runWorker(ThreadPoolExecutor.java:1149)
        at java.util.concurrent.ThreadPoolExecutor$Worker.run(ThreadPoolExecutor.java:624)
        at java.lang.Thread.run(Thread.java:750)
"IPC Server handler 5 on default port 15004" daemon prio=5 tid=167 timed_waiting
java.lang.Thread.State: TIMED_WAITING
        at sun.misc.Unsafe.park(Native Method)
        at java.util.concurrent.locks.LockSupport.parkNanos(LockSupport.java:215)
        at java.util.concurrent.locks.AbstractQueuedSynchronizer$ConditionObject.awaitNanos(AbstractQueuedSynchronizer.java:2078)
        at java.util.concurrent.LinkedBlockingQueue.poll(LinkedBlockingQueue.java:467)
        at org.apache.hadoop.ipc.CallQueueManager.take(CallQueueManager.java:317)
        at org.apache.hadoop.ipc.Server$Handler.run(Server.java:3014)
"IPC Server handler 9 on default port 15009" daemon prio=5 tid=228 timed_waiting
java.lang.Thread.State: TIMED_WAITING
        at sun.misc.Unsafe.park(Native Method)
        at java.util.concurrent.locks.LockSupport.parkNanos(LockSupport.java:215)
        at java.util.concurrent.locks.AbstractQueuedSynchronizer$ConditionObject.awaitNanos(AbstractQueuedSynchronizer.java:2078)
        at java.util.concurrent.LinkedBlockingQueue.poll(LinkedBlockingQueue.java:467)
        at org.apache.hadoop.ipc.CallQueueManager.take(CallQueueManager.java:317)
        at org.apache.hadoop.ipc.Server$Handler.run(Server.java:3014)
"IPC Server handler 18 on default port 15004" daemon prio=5 tid=180 timed_waiting
java.lang.Thread.State: TIMED_WAITING
        at sun.misc.Unsafe.park(Native Method)
        at java.util.concurrent.locks.LockSupport.parkNanos(LockSupport.java:215)
        at java.util.concurrent.locks.AbstractQueuedSynchronizer$ConditionObject.awaitNanos(AbstractQueuedSynchronizer.java:2078)
        at java.util.concurrent.LinkedBlockingQueue.poll(LinkedBlockingQueue.java:467)
        at org.apache.hadoop.ipc.CallQueueManager.take(CallQueueManager.java:317)
        at org.apache.hadoop.ipc.Server$Handler.run(Server.java:3014)
"IPC Server handler 1 on default port 15009" daemon prio=5 tid=220 timed_waiting
java.lang.Thread.State: TIMED_WAITING
        at sun.misc.Unsafe.park(Native Method)
        at java.util.concurrent.locks.LockSupport.parkNanos(LockSupport.java:215)
        at java.util.concurrent.locks.AbstractQueuedSynchronizer$ConditionObject.awaitNanos(AbstractQueuedSynchronizer.java:2078)
        at java.util.concurrent.LinkedBlockingQueue.poll(LinkedBlockingQueue.java:467)
        at org.apache.hadoop.ipc.CallQueueManager.take(CallQueueManager.java:317)
        at org.apache.hadoop.ipc.Server$Handler.run(Server.java:3014)
"surefire-forkedjvm-command-thread" daemon prio=5 tid=10 runnable
java.lang.Thread.State: RUNNABLE
        at java.io.FileInputStream.readBytes(Native Method)
        at java.io.FileInputStream.read(FileInputStream.java:255)
        at java.io.BufferedInputStream.read1(BufferedInputStream.java:284)
        at java.io.BufferedInputStream.read(BufferedInputStream.java:345)
        at java.io.BufferedInputStream.fill(BufferedInputStream.java:246)
        at java.io.BufferedInputStream.read1(BufferedInputStream.java:286)
        at java.io.BufferedInputStream.read(BufferedInputStream.java:345)
        at org.apache.maven.surefire.api.util.internal.Channels$3.readImpl(Channels.java:214)
        at org.apache.maven.surefire.api.util.internal.AbstractNoninterruptibleReadableChannel.read(AbstractNoninterruptibleReadableChannel.java:54)
        at org.apache.maven.surefire.booter.spi.LegacyMasterProcessChannelDecoder.decode(LegacyMasterProcessChannelDecoder.java:80)
        at org.apache.maven.surefire.booter.CommandReader$CommandRunnable.run(CommandReader.java:343)
        at java.lang.Thread.run(Thread.java:750)
"om1-groupManagement"  prio=5 tid=132 in Object.wait()
java.lang.Thread.State: WAITING (on object monitor)
        at sun.misc.Unsafe.park(Native Method)
        at java.util.concurrent.locks.LockSupport.park(LockSupport.java:175)
        at java.util.concurrent.locks.AbstractQueuedSynchronizer$ConditionObject.await(AbstractQueuedSynchronizer.java:2039)
        at java.util.concurrent.LinkedBlockingQueue.take(LinkedBlockingQueue.java:442)
        at java.util.concurrent.ThreadPoolExecutor.getTask(ThreadPoolExecutor.java:1074)
        at java.util.concurrent.ThreadPoolExecutor.runWorker(ThreadPoolExecutor.java:1134)
        at java.util.concurrent.ThreadPoolExecutor$Worker.run(ThreadPoolExecutor.java:624)
        at java.lang.Thread.run(Thread.java:750)
"IPC Server handler 12 on default port 15009" daemon prio=5 tid=231 timed_waiting
java.lang.Thread.State: TIMED_WAITING
        at sun.misc.Unsafe.park(Native Method)
        at java.util.concurrent.locks.LockSupport.parkNanos(LockSupport.java:215)
        at java.util.concurrent.locks.AbstractQueuedSynchronizer$ConditionObject.awaitNanos(AbstractQueuedSynchronizer.java:2078)
        at java.util.concurrent.LinkedBlockingQueue.poll(LinkedBlockingQueue.java:467)
        at org.apache.hadoop.ipc.CallQueueManager.take(CallQueueManager.java:317)
        at org.apache.hadoop.ipc.Server$Handler.run(Server.java:3014)
"IPC Server handler 11 on default port 15002" daemon prio=5 tid=100 timed_waiting
java.lang.Thread.State: TIMED_WAITING
        at sun.misc.Unsafe.park(Native Method)
        at java.util.concurrent.locks.LockSupport.parkNanos(LockSupport.java:215)
        at java.util.concurrent.locks.AbstractQueuedSynchronizer$ConditionObject.awaitNanos(AbstractQueuedSynchronizer.java:2078)
        at java.util.concurrent.LinkedBlockingQueue.poll(LinkedBlockingQueue.java:467)
        at org.apache.hadoop.ipc.CallQueueManager.take(CallQueueManager.java:317)
        at org.apache.hadoop.ipc.Server$Handler.run(Server.java:3014)
"pool-92-thread-1"  prio=5 tid=902 in Object.wait()
java.lang.Thread.State: WAITING (on object monitor)
        at sun.misc.Unsafe.park(Native Method)
        at java.util.concurrent.locks.LockSupport.park(LockSupport.java:175)
        at java.util.concurrent.locks.AbstractQueuedSynchronizer$ConditionObject.await(AbstractQueuedSynchronizer.java:2039)
        at java.util.concurrent.LinkedBlockingQueue.take(LinkedBlockingQueue.java:442)
        at java.util.concurrent.ThreadPoolExecutor.getTask(ThreadPoolExecutor.java:1074)
        at java.util.concurrent.ThreadPoolExecutor.runWorker(ThreadPoolExecutor.java:1134)
        at java.util.concurrent.ThreadPoolExecutor$Worker.run(ThreadPoolExecutor.java:624)
        at java.lang.Thread.run(Thread.java:750)
"BackgroundPipelineScrubberThread" daemon prio=5 tid=16 timed_waiting
java.lang.Thread.State: TIMED_WAITING
        at java.lang.Object.wait(Native Method)
        at org.apache.hadoop.hdds.scm.ha.BackgroundSCMService.run(BackgroundSCMService.java:110)
        at org.apache.hadoop.hdds.scm.ha.BackgroundSCMService$$Lambda$420/1214850053.run(Unknown Source)
        at java.lang.Thread.run(Thread.java:750)
"qtp1704019169-286" daemon prio=5 tid=286 timed_waiting
java.lang.Thread.State: TIMED_WAITING
        at sun.misc.Unsafe.park(Native Method)
        at java.util.concurrent.locks.LockSupport.parkNanos(LockSupport.java:215)
        at java.util.concurrent.locks.AbstractQueuedSynchronizer$ConditionObject.awaitNanos(AbstractQueuedSynchronizer.java:2078)
        at org.eclipse.jetty.util.BlockingArrayQueue.poll(BlockingArrayQueue.java:382)
        at org.eclipse.jetty.util.thread.QueuedThreadPool$Runner.idleJobPoll(QueuedThreadPool.java:974)
        at org.eclipse.jetty.util.thread.QueuedThreadPool$Runner.run(QueuedThreadPool.java:1018)
        at java.lang.Thread.run(Thread.java:750)
"IPC Server handler 1 on default port 15002" daemon prio=5 tid=90 timed_waiting
java.lang.Thread.State: TIMED_WAITING
        at sun.misc.Unsafe.park(Native Method)
        at java.util.concurrent.locks.LockSupport.parkNanos(LockSupport.java:215)
        at java.util.concurrent.locks.AbstractQueuedSynchronizer$ConditionObject.awaitNanos(AbstractQueuedSynchronizer.java:2078)
        at java.util.concurrent.LinkedBlockingQueue.poll(LinkedBlockingQueue.java:467)
        at org.apache.hadoop.ipc.CallQueueManager.take(CallQueueManager.java:317)
        at org.apache.hadoop.ipc.Server$Handler.run(Server.java:3014)
"pool-164-thread-1"  prio=5 tid=308 timed_waiting
java.lang.Thread.State: TIMED_WAITING
        at sun.misc.Unsafe.park(Native Method)
        at java.util.concurrent.locks.LockSupport.parkNanos(LockSupport.java:215)
        at java.util.concurrent.locks.AbstractQueuedSynchronizer$ConditionObject.awaitNanos(AbstractQueuedSynchronizer.java:2078)
        at java.util.concurrent.ScheduledThreadPoolExecutor$DelayedWorkQueue.take(ScheduledThreadPoolExecutor.java:1093)
        at java.util.concurrent.ScheduledThreadPoolExecutor$DelayedWorkQueue.take(ScheduledThreadPoolExecutor.java:809)
        at java.util.concurrent.ThreadPoolExecutor.getTask(ThreadPoolExecutor.java:1074)
        at java.util.concurrent.ThreadPoolExecutor.runWorker(ThreadPoolExecutor.java:1134)
        at java.util.concurrent.ThreadPoolExecutor$Worker.run(ThreadPoolExecutor.java:624)
        at java.lang.Thread.run(Thread.java:750)
"IPC Server handler 3 on default port 15002" daemon prio=5 tid=92 timed_waiting
java.lang.Thread.State: TIMED_WAITING
        at sun.misc.Unsafe.park(Native Method)
        at java.util.concurrent.locks.LockSupport.parkNanos(LockSupport.java:215)
        at java.util.concurrent.locks.AbstractQueuedSynchronizer$ConditionObject.awaitNanos(AbstractQueuedSynchronizer.java:2078)
        at java.util.concurrent.LinkedBlockingQueue.poll(LinkedBlockingQueue.java:467)
        at org.apache.hadoop.ipc.CallQueueManager.take(CallQueueManager.java:317)
        at org.apache.hadoop.ipc.Server$Handler.run(Server.java:3014)
"IPC Server handler 16 on default port 15002" daemon prio=5 tid=105 timed_waiting
java.lang.Thread.State: TIMED_WAITING
        at sun.misc.Unsafe.park(Native Method)
        at java.util.concurrent.locks.LockSupport.parkNanos(LockSupport.java:215)
        at java.util.concurrent.locks.AbstractQueuedSynchronizer$ConditionObject.awaitNanos(AbstractQueuedSynchronizer.java:2078)
        at java.util.concurrent.LinkedBlockingQueue.poll(LinkedBlockingQueue.java:467)
        at org.apache.hadoop.ipc.CallQueueManager.take(CallQueueManager.java:317)
        at org.apache.hadoop.ipc.Server$Handler.run(Server.java:3014)
"main"  prio=5 tid=1 runnable
java.lang.Thread.State: RUNNABLE
        at java.lang.Thread.dumpThreads(Native Method)
        at java.lang.Thread.getAllStackTraces(Thread.java:1615)
        at org.apache.ozone.test.TimedOutTestsListener.buildThreadDump(TimedOutTestsListener.java:93)
        at org.apache.ozone.test.TimedOutTestsListener.buildThreadDiagnosticString(TimedOutTestsListener.java:79)
        at org.apache.ozone.test.GenericTestUtils.waitFor(GenericTestUtils.java:231)
        at org.apache.hadoop.ozone.recon.TestReconInsightsForDeletedDirectories.assertTableRowCount(TestReconInsightsForDeletedDirectories.java:463)
        at org.apache.hadoop.ozone.recon.TestReconInsightsForDeletedDirectories.testGetDeletedDirectoryInfo(TestReconInsightsForDeletedDirectories.java:229)
        at sun.reflect.NativeMethodAccessorImpl.invoke0(Native Method)
        at sun.reflect.NativeMethodAccessorImpl.invoke(NativeMethodAccessorImpl.java:62)
        at sun.reflect.DelegatingMethodAccessorImpl.invoke(DelegatingMethodAccessorImpl.java:43)
        at java.lang.reflect.Method.invoke(Method.java:498)
        at org.junit.platform.commons.util.ReflectionUtils.invokeMethod(ReflectionUtils.java:725)
        at org.junit.jupiter.engine.execution.MethodInvocation.proceed(MethodInvocation.java:60)
        at org.junit.jupiter.engine.execution.InvocationInterceptorChain$ValidatingInvocation.proceed(InvocationInterceptorChain.java:131)
        at org.junit.jupiter.engine.extension.TimeoutExtension.intercept(TimeoutExtension.java:149)
        at org.junit.jupiter.engine.extension.TimeoutExtension.interceptTestableMethod(TimeoutExtension.java:140)
        at org.junit.jupiter.engine.extension.TimeoutExtension.interceptTestMethod(TimeoutExtension.java:84)
        at org.junit.jupiter.engine.descriptor.TestMethodTestDescriptor$$Lambda$158/1819063424.apply(Unknown Source)
        at org.junit.jupiter.engine.execution.ExecutableInvoker$ReflectiveInterceptorCall.lambda$ofVoidMethod$0(ExecutableInvoker.java:115)
        at org.junit.jupiter.engine.execution.ExecutableInvoker$ReflectiveInterceptorCall$$Lambda$159/576020159.apply(Unknown Source)
        at org.junit.jupiter.engine.execution.ExecutableInvoker.lambda$invoke$0(ExecutableInvoker.java:105)
        at org.junit.jupiter.engine.execution.ExecutableInvoker$$Lambda$315/1041365481.apply(Unknown Source)
        at org.junit.jupiter.engine.execution.InvocationInterceptorChain$InterceptedInvocation.proceed(InvocationInterceptorChain.java:106)
        at org.junit.jupiter.engine.execution.InvocationInterceptorChain.proceed(InvocationInterceptorChain.java:64)
        at org.junit.jupiter.engine.execution.InvocationInterceptorChain.chainAndInvoke(InvocationInterceptorChain.java:45)
        at org.junit.jupiter.engine.execution.InvocationInterceptorChain.invoke(InvocationInterceptorChain.java:37)
        at org.junit.jupiter.engine.execution.ExecutableInvoker.invoke(ExecutableInvoker.java:104)
        at org.junit.jupiter.engine.execution.ExecutableInvoker.invoke(ExecutableInvoker.java:98)
        at org.junit.jupiter.engine.descriptor.TestMethodTestDescriptor.lambda$invokeTestMethod$7(TestMethodTestDescriptor.java:214)
        at org.junit.jupiter.engine.descriptor.TestMethodTestDescriptor$$Lambda$1600/1959560770.execute(Unknown Source)
        at org.junit.platform.engine.support.hierarchical.ThrowableCollector.execute(ThrowableCollector.java:73)
        at org.junit.jupiter.engine.descriptor.TestMethodTestDescriptor.invokeTestMethod(TestMethodTestDescriptor.java:210)
        at org.junit.jupiter.engine.descriptor.TestMethodTestDescriptor.execute(TestMethodTestDescriptor.java:135)
        at org.junit.jupiter.engine.descriptor.TestMethodTestDescriptor.execute(TestMethodTestDescriptor.java:66)
        at org.junit.platform.engine.support.hierarchical.NodeTestTask.lambda$executeRecursively$6(NodeTestTask.java:151)
        at org.junit.platform.engine.support.hierarchical.NodeTestTask$$Lambda$258/552936351.execute(Unknown Source)
        at org.junit.platform.engine.support.hierarchical.ThrowableCollector.execute(ThrowableCollector.java:73)
        at org.junit.platform.engine.support.hierarchical.NodeTestTask.lambda$executeRecursively$8(NodeTestTask.java:141)
        at org.junit.platform.engine.support.hierarchical.NodeTestTask$$Lambda$257/423583818.invoke(Unknown Source)
        at org.junit.platform.engine.support.hierarchical.Node.around(Node.java:137)
        at org.junit.platform.engine.support.hierarchical.NodeTestTask.lambda$executeRecursively$9(NodeTestTask.java:139)
        at org.junit.platform.engine.support.hierarchical.NodeTestTask$$Lambda$256/1787079037.execute(Unknown Source)
        at org.junit.platform.engine.support.hierarchical.ThrowableCollector.execute(ThrowableCollector.java:73)
        at org.junit.platform.engine.support.hierarchical.NodeTestTask.executeRecursively(NodeTestTask.java:138)
        at org.junit.platform.engine.support.hierarchical.NodeTestTask.execute(NodeTestTask.java:95)
        at org.junit.platform.engine.support.hierarchical.SameThreadHierarchicalTestExecutorService$$Lambda$262/890545344.accept(Unknown Source)
        at java.util.ArrayList.forEach(ArrayList.java:1259)
        at org.junit.platform.engine.support.hierarchical.SameThreadHierarchicalTestExecutorService.invokeAll(SameThreadHierarchicalTestExecutorService.java:41)
        at org.junit.platform.engine.support.hierarchical.NodeTestTask.lambda$executeRecursively$6(NodeTestTask.java:155)
        at org.junit.platform.engine.support.hierarchical.NodeTestTask$$Lambda$258/552936351.execute(Unknown Source)
        at org.junit.platform.engine.support.hierarchical.ThrowableCollector.execute(ThrowableCollector.java:73)
        at org.junit.platform.engine.support.hierarchical.NodeTestTask.lambda$executeRecursively$8(NodeTestTask.java:141)
        at org.junit.platform.engine.support.hierarchical.NodeTestTask$$Lambda$257/423583818.invoke(Unknown Source)
        at org.junit.platform.engine.support.hierarchical.Node.around(Node.java:137)
        at org.junit.platform.engine.support.hierarchical.NodeTestTask.lambda$executeRecursively$9(NodeTestTask.java:139)
        at org.junit.platform.engine.support.hierarchical.NodeTestTask$$Lambda$256/1787079037.execute(Unknown Source)
        at org.junit.platform.engine.support.hierarchical.ThrowableCollector.execute(ThrowableCollector.java:73)
        at org.junit.platform.engine.support.hierarchical.NodeTestTask.executeRecursively(NodeTestTask.java:138)
        at org.junit.platform.engine.support.hierarchical.NodeTestTask.execute(NodeTestTask.java:95)
        at org.junit.platform.engine.support.hierarchical.SameThreadHierarchicalTestExecutorService$$Lambda$262/890545344.accept(Unknown Source)
        at java.util.ArrayList.forEach(ArrayList.java:1259)
        at org.junit.platform.engine.support.hierarchical.SameThreadHierarchicalTestExecutorService.invokeAll(SameThreadHierarchicalTestExecutorService.java:41)
        at org.junit.platform.engine.support.hierarchical.NodeTestTask.lambda$executeRecursively$6(NodeTestTask.java:155)
        at org.junit.platform.engine.support.hierarchical.NodeTestTask$$Lambda$258/552936351.execute(Unknown Source)
        at org.junit.platform.engine.support.hierarchical.ThrowableCollector.execute(ThrowableCollector.java:73)
        at org.junit.platform.engine.support.hierarchical.NodeTestTask.lambda$executeRecursively$8(NodeTestTask.java:141)
        at org.junit.platform.engine.support.hierarchical.NodeTestTask$$Lambda$257/423583818.invoke(Unknown Source)
        at org.junit.platform.engine.support.hierarchical.Node.around(Node.java:137)
        at org.junit.platform.engine.support.hierarchical.NodeTestTask.lambda$executeRecursively$9(NodeTestTask.java:139)
        at org.junit.platform.engine.support.hierarchical.NodeTestTask$$Lambda$256/1787079037.execute(Unknown Source)
        at org.junit.platform.engine.support.hierarchical.ThrowableCollector.execute(ThrowableCollector.java:73)
        at org.junit.platform.engine.support.hierarchical.NodeTestTask.executeRecursively(NodeTestTask.java:138)
        at org.junit.platform.engine.support.hierarchical.NodeTestTask.execute(NodeTestTask.java:95)
        at org.junit.platform.engine.support.hierarchical.SameThreadHierarchicalTestExecutorService.submit(SameThreadHierarchicalTestExecutorService.java:35)
        at org.junit.platform.engine.support.hierarchical.HierarchicalTestExecutor.execute(HierarchicalTestExecutor.java:57)
        at org.junit.platform.engine.support.hierarchical.HierarchicalTestEngine.execute(HierarchicalTestEngine.java:54)
        at org.junit.platform.launcher.core.EngineExecutionOrchestrator.execute(EngineExecutionOrchestrator.java:107)
        at org.junit.platform.launcher.core.EngineExecutionOrchestrator.execute(EngineExecutionOrchestrator.java:88)
        at org.junit.platform.launcher.core.EngineExecutionOrchestrator.lambda$execute$0(EngineExecutionOrchestrator.java:54)
        at org.junit.platform.launcher.core.EngineExecutionOrchestrator$$Lambda$214/169663597.accept(Unknown Source)
        at org.junit.platform.launcher.core.EngineExecutionOrchestrator.withInterceptedStreams(EngineExecutionOrchestrator.java:67)
        at org.junit.platform.launcher.core.EngineExecutionOrchestrator.execute(EngineExecutionOrchestrator.java:52)
        at org.junit.platform.launcher.core.DefaultLauncher.execute(DefaultLauncher.java:114)
        at org.junit.platform.launcher.core.DefaultLauncher.execute(DefaultLauncher.java:86)
        at org.junit.platform.launcher.core.DefaultLauncherSession$DelegatingLauncher.execute(DefaultLauncherSession.java:86)
        at org.junit.platform.launcher.core.SessionPerRequestLauncher.execute(SessionPerRequestLauncher.java:53)
        at org.apache.maven.surefire.junitplatform.JUnitPlatformProvider.execute(JUnitPlatformProvider.java:188)
        at org.apache.maven.surefire.junitplatform.JUnitPlatformProvider.invokeAllTests(JUnitPlatformProvider.java:154)
        at org.apache.maven.surefire.junitplatform.JUnitPlatformProvider.invoke(JUnitPlatformProvider.java:124)
        at org.apache.maven.surefire.booter.ForkedBooter.runSuitesInProcess(ForkedBooter.java:428)
        at org.apache.maven.surefire.booter.ForkedBooter.execute(ForkedBooter.java:162)
        at org.apache.maven.surefire.booter.ForkedBooter.run(ForkedBooter.java:562)
        at org.apache.maven.surefire.booter.ForkedBooter.main(ForkedBooter.java:548)
"qtp837784224-211" daemon prio=5 tid=211 timed_waiting
java.lang.Thread.State: TIMED_WAITING
        at sun.misc.Unsafe.park(Native Method)
        at java.util.concurrent.locks.LockSupport.parkNanos(LockSupport.java:215)
        at java.util.concurrent.locks.AbstractQueuedSynchronizer$ConditionObject.awaitNanos(AbstractQueuedSynchronizer.java:2078)
        at org.eclipse.jetty.util.BlockingArrayQueue.poll(BlockingArrayQueue.java:382)
        at org.eclipse.jetty.util.thread.QueuedThreadPool$Runner.idleJobPoll(QueuedThreadPool.java:974)
        at org.eclipse.jetty.util.thread.QueuedThreadPool$Runner.run(QueuedThreadPool.java:1018)
        at java.lang.Thread.run(Thread.java:750)
"FixedThreadPoolWithAffinityExecutor-2-0" daemon prio=5 tid=198 timed_waiting
java.lang.Thread.State: TIMED_WAITING
        at sun.misc.Unsafe.park(Native Method)
        at java.util.concurrent.locks.LockSupport.parkNanos(LockSupport.java:215)
        at java.util.concurrent.locks.AbstractQueuedSynchronizer$ConditionObject.awaitNanos(AbstractQueuedSynchronizer.java:2078)
        at java.util.concurrent.LinkedBlockingQueue.poll(LinkedBlockingQueue.java:467)
        at org.apache.hadoop.hdds.scm.server.ContainerReportQueue.poll(ContainerReportQueue.java:266)
        at org.apache.hadoop.hdds.scm.server.ContainerReportQueue.poll(ContainerReportQueue.java:42)
        at org.apache.hadoop.hdds.server.events.FixedThreadPoolWithAffinityExecutor$ContainerReportProcessTask.run(FixedThreadPoolWithAffinityExecutor.java:247)
        at java.util.concurrent.Executors$RunnableAdapter.call(Executors.java:511)
        at java.util.concurrent.FutureTask.run(FutureTask.java:266)
        at java.util.concurrent.ThreadPoolExecutor.runWorker(ThreadPoolExecutor.java:1149)
        at java.util.concurrent.ThreadPoolExecutor$Worker.run(ThreadPoolExecutor.java:624)
        at java.lang.Thread.run(Thread.java:750)
"IPC Server handler 18 on default port 15009" daemon prio=5 tid=237 timed_waiting
java.lang.Thread.State: TIMED_WAITING
        at sun.misc.Unsafe.park(Native Method)
        at java.util.concurrent.locks.LockSupport.parkNanos(LockSupport.java:215)
        at java.util.concurrent.locks.AbstractQueuedSynchronizer$ConditionObject.awaitNanos(AbstractQueuedSynchronizer.java:2078)
        at java.util.concurrent.LinkedBlockingQueue.poll(LinkedBlockingQueue.java:467)
        at org.apache.hadoop.ipc.CallQueueManager.take(CallQueueManager.java:317)
        at org.apache.hadoop.ipc.Server$Handler.run(Server.java:3014)
"BlockDeletingService#2" daemon prio=5 tid=940 in Object.wait()
java.lang.Thread.State: WAITING (on object monitor)
        at sun.misc.Unsafe.park(Native Method)
        at java.util.concurrent.locks.LockSupport.park(LockSupport.java:175)
        at java.util.concurrent.locks.AbstractQueuedSynchronizer$ConditionObject.await(AbstractQueuedSynchronizer.java:2039)
        at java.util.concurrent.ScheduledThreadPoolExecutor$DelayedWorkQueue.take(ScheduledThreadPoolExecutor.java:1088)
        at java.util.concurrent.ScheduledThreadPoolExecutor$DelayedWorkQueue.take(ScheduledThreadPoolExecutor.java:809)
        at java.util.concurrent.ThreadPoolExecutor.getTask(ThreadPoolExecutor.java:1074)
        at java.util.concurrent.ThreadPoolExecutor.runWorker(ThreadPoolExecutor.java:1134)
        at java.util.concurrent.ThreadPoolExecutor$Worker.run(ThreadPoolExecutor.java:624)
        at java.lang.Thread.run(Thread.java:750)
"qtp1648385724-153" daemon prio=5 tid=153 timed_waiting
java.lang.Thread.State: TIMED_WAITING
        at sun.misc.Unsafe.park(Native Method)
        at java.util.concurrent.locks.LockSupport.parkNanos(LockSupport.java:215)
        at java.util.concurrent.locks.AbstractQueuedSynchronizer$ConditionObject.awaitNanos(AbstractQueuedSynchronizer.java:2078)
        at org.eclipse.jetty.util.BlockingArrayQueue.poll(BlockingArrayQueue.java:382)
        at org.eclipse.jetty.util.thread.QueuedThreadPool$Runner.idleJobPoll(QueuedThreadPool.java:974)
        at org.eclipse.jetty.util.thread.QueuedThreadPool$Runner.run(QueuedThreadPool.java:1018)
        at java.lang.Thread.run(Thread.java:750)
"IPC Server handler 2 on default port 15000" daemon prio=5 tid=51 timed_waiting
java.lang.Thread.State: TIMED_WAITING
        at sun.misc.Unsafe.park(Native Method)
        at java.util.concurrent.locks.LockSupport.parkNanos(LockSupport.java:215)
        at java.util.concurrent.locks.AbstractQueuedSynchronizer$ConditionObject.awaitNanos(AbstractQueuedSynchronizer.java:2078)
        at java.util.concurrent.LinkedBlockingQueue.poll(LinkedBlockingQueue.java:467)
        at org.apache.hadoop.ipc.CallQueueManager.take(CallQueueManager.java:317)
        at org.apache.hadoop.ipc.Server$Handler.run(Server.java:3014)
"IPC Parameter Sending Thread for 0.0.0.0/0.0.0.0:15002" daemon prio=5 tid=336 timed_waiting
java.lang.Thread.State: TIMED_WAITING
        at sun.misc.Unsafe.park(Native Method)
        at java.util.concurrent.locks.LockSupport.parkNanos(LockSupport.java:215)
        at java.util.concurrent.SynchronousQueue$TransferQueue.awaitFulfill(SynchronousQueue.java:764)
        at java.util.concurrent.SynchronousQueue$TransferQueue.transfer(SynchronousQueue.java:695)
        at java.util.concurrent.SynchronousQueue.poll(SynchronousQueue.java:941)
        at org.apache.hadoop.ipc.Client$Connection$RpcRequestSender.run(Client.java:1105)
        at java.lang.Thread.run(Thread.java:750)
"Datanode ReportManager Thread - 4" daemon prio=5 tid=300 in Object.wait()
java.lang.Thread.State: WAITING (on object monitor)
        at sun.misc.Unsafe.park(Native Method)
        at java.util.concurrent.locks.LockSupport.park(LockSupport.java:175)
        at java.util.concurrent.locks.AbstractQueuedSynchronizer$ConditionObject.await(AbstractQueuedSynchronizer.java:2039)
        at java.util.concurrent.ScheduledThreadPoolExecutor$DelayedWorkQueue.take(ScheduledThreadPoolExecutor.java:1088)
        at java.util.concurrent.ScheduledThreadPoolExecutor$DelayedWorkQueue.take(ScheduledThreadPoolExecutor.java:809)
        at java.util.concurrent.ThreadPoolExecutor.getTask(ThreadPoolExecutor.java:1074)
        at java.util.concurrent.ThreadPoolExecutor.runWorker(ThreadPoolExecutor.java:1134)
        at java.util.concurrent.ThreadPoolExecutor$Worker.run(ThreadPoolExecutor.java:624)
        at java.lang.Thread.run(Thread.java:750)
"IPC Server Responder" daemon prio=5 tid=194 runnable
java.lang.Thread.State: RUNNABLE
        at sun.nio.ch.EPollArrayWrapper.epollWait(Native Method)
        at sun.nio.ch.EPollArrayWrapper.poll(EPollArrayWrapper.java:269)
        at sun.nio.ch.EPollSelectorImpl.doSelect(EPollSelectorImpl.java:93)
        at sun.nio.ch.SelectorImpl.lockAndDoSelect(SelectorImpl.java:86)
        at sun.nio.ch.SelectorImpl.select(SelectorImpl.java:97)
        at org.apache.hadoop.ipc.Server$Responder.doRunLoop(Server.java:1582)
        at org.apache.hadoop.ipc.Server$Responder.run(Server.java:1565)
"FullTableCache Cleanup Thread - 0" daemon prio=5 tid=503 in Object.wait()
java.lang.Thread.State: WAITING (on object monitor)
        at sun.misc.Unsafe.park(Native Method)
        at java.util.concurrent.locks.LockSupport.park(LockSupport.java:175)
        at java.util.concurrent.locks.AbstractQueuedSynchronizer$ConditionObject.await(AbstractQueuedSynchronizer.java:2039)
        at java.util.concurrent.LinkedBlockingQueue.take(LinkedBlockingQueue.java:442)
        at java.util.concurrent.ThreadPoolExecutor.getTask(ThreadPoolExecutor.java:1074)
        at java.util.concurrent.ThreadPoolExecutor.runWorker(ThreadPoolExecutor.java:1134)
        at java.util.concurrent.ThreadPoolExecutor$Worker.run(ThreadPoolExecutor.java:624)
        at java.lang.Thread.run(Thread.java:750)
"8aaa379b-76d2-401e-9e9b-5f71144f2a0c@group-CA4CE5B48592-FollowerState" daemon prio=5 tid=479 timed_waiting
java.lang.Thread.State: TIMED_WAITING
        at java.lang.Thread.sleep(Native Method)
        at java.lang.Thread.sleep(Thread.java:342)
        at java.util.concurrent.TimeUnit.sleep(TimeUnit.java:386)
        at org.apache.ratis.util.TimeDuration.sleep(TimeDuration.java:325)
        at org.apache.ratis.util.TimeDuration.sleep(TimeDuration.java:310)
        at org.apache.ratis.server.impl.FollowerState.run(FollowerState.java:128)
"IPC Server handler 11 on default port 15000" daemon prio=5 tid=60 timed_waiting
java.lang.Thread.State: TIMED_WAITING
        at sun.misc.Unsafe.park(Native Method)
        at java.util.concurrent.locks.LockSupport.parkNanos(LockSupport.java:215)
        at java.util.concurrent.locks.AbstractQueuedSynchronizer$ConditionObject.awaitNanos(AbstractQueuedSynchronizer.java:2078)
        at java.util.concurrent.LinkedBlockingQueue.poll(LinkedBlockingQueue.java:467)
        at org.apache.hadoop.ipc.CallQueueManager.take(CallQueueManager.java:317)
        at org.apache.hadoop.ipc.Server$Handler.run(Server.java:3014)
"qtp1599378115-312" daemon prio=5 tid=312 timed_waiting
java.lang.Thread.State: TIMED_WAITING
        at sun.misc.Unsafe.park(Native Method)
        at java.util.concurrent.locks.LockSupport.parkNanos(LockSupport.java:215)
        at java.util.concurrent.locks.AbstractQueuedSynchronizer$ConditionObject.awaitNanos(AbstractQueuedSynchronizer.java:2078)
        at org.eclipse.jetty.util.BlockingArrayQueue.poll(BlockingArrayQueue.java:382)
        at org.eclipse.jetty.util.thread.QueuedThreadPool$Runner.idleJobPoll(QueuedThreadPool.java:974)
        at org.eclipse.jetty.util.thread.QueuedThreadPool$Runner.run(QueuedThreadPool.java:1018)
        at java.lang.Thread.run(Thread.java:750)
"Datanode ReportManager Thread - 0" daemon prio=5 tid=325 in Object.wait()
java.lang.Thread.State: WAITING (on object monitor)
        at sun.misc.Unsafe.park(Native Method)
        at java.util.concurrent.locks.LockSupport.park(LockSupport.java:175)
        at java.util.concurrent.locks.AbstractQueuedSynchronizer$ConditionObject.await(AbstractQueuedSynchronizer.java:2039)
        at java.util.concurrent.ScheduledThreadPoolExecutor$DelayedWorkQueue.take(ScheduledThreadPoolExecutor.java:1088)
        at java.util.concurrent.ScheduledThreadPoolExecutor$DelayedWorkQueue.take(ScheduledThreadPoolExecutor.java:809)
        at java.util.concurrent.ThreadPoolExecutor.getTask(ThreadPoolExecutor.java:1074)
        at java.util.concurrent.ThreadPoolExecutor.runWorker(ThreadPoolExecutor.java:1134)
        at java.util.concurrent.ThreadPoolExecutor$Worker.run(ThreadPoolExecutor.java:624)
        at java.lang.Thread.run(Thread.java:750)
"IPC Server handler 5 on default port 15002" daemon prio=5 tid=94 timed_waiting
java.lang.Thread.State: TIMED_WAITING
        at sun.misc.Unsafe.park(Native Method)
        at java.util.concurrent.locks.LockSupport.parkNanos(LockSupport.java:215)
        at java.util.concurrent.locks.AbstractQueuedSynchronizer$ConditionObject.awaitNanos(AbstractQueuedSynchronizer.java:2078)
        at java.util.concurrent.LinkedBlockingQueue.poll(LinkedBlockingQueue.java:467)
        at org.apache.hadoop.ipc.CallQueueManager.take(CallQueueManager.java:317)
        at org.apache.hadoop.ipc.Server$Handler.run(Server.java:3014)
"Datanode ReportManager Thread - 2" daemon prio=5 tid=269 in Object.wait()
java.lang.Thread.State: WAITING (on object monitor)
        at sun.misc.Unsafe.park(Native Method)
        at java.util.concurrent.locks.LockSupport.park(LockSupport.java:175)
        at java.util.concurrent.locks.AbstractQueuedSynchronizer$ConditionObject.await(AbstractQueuedSynchronizer.java:2039)
        at java.util.concurrent.ScheduledThreadPoolExecutor$DelayedWorkQueue.take(ScheduledThreadPoolExecutor.java:1088)
        at java.util.concurrent.ScheduledThreadPoolExecutor$DelayedWorkQueue.take(ScheduledThreadPoolExecutor.java:809)
        at java.util.concurrent.ThreadPoolExecutor.getTask(ThreadPoolExecutor.java:1074)
        at java.util.concurrent.ThreadPoolExecutor.runWorker(ThreadPoolExecutor.java:1134)
        at java.util.concurrent.ThreadPoolExecutor$Worker.run(ThreadPoolExecutor.java:624)
        at java.lang.Thread.run(Thread.java:750)
"ContainerOp-a2d281d2-730c-4a02-9c2e-ca4ce5b48592-7"  prio=5 tid=596 in Object.wait()
java.lang.Thread.State: WAITING (on object monitor)
        at sun.misc.Unsafe.park(Native Method)
        at java.util.concurrent.locks.LockSupport.park(LockSupport.java:175)
        at java.util.concurrent.locks.AbstractQueuedSynchronizer$ConditionObject.await(AbstractQueuedSynchronizer.java:2039)
        at java.util.concurrent.LinkedBlockingQueue.take(LinkedBlockingQueue.java:442)
        at java.util.concurrent.ThreadPoolExecutor.getTask(ThreadPoolExecutor.java:1074)
        at java.util.concurrent.ThreadPoolExecutor.runWorker(ThreadPoolExecutor.java:1134)
        at java.util.concurrent.ThreadPoolExecutor$Worker.run(ThreadPoolExecutor.java:624)
        at java.lang.Thread.run(Thread.java:750)
"Datanode State Machine Daemon Thread" daemon prio=5 tid=324 timed_waiting
java.lang.Thread.State: TIMED_WAITING
        at java.lang.Thread.sleep(Native Method)
        at org.apache.hadoop.ozone.container.common.statemachine.DatanodeStateMachine.startStateMachineThread(DatanodeStateMachine.java:352)
        at org.apache.hadoop.ozone.container.common.statemachine.DatanodeStateMachine.lambda$startDaemon$0(DatanodeStateMachine.java:539)
        at org.apache.hadoop.ozone.container.common.statemachine.DatanodeStateMachine$$Lambda$1236/1550963509.run(Unknown Source)
        at java.lang.Thread.run(Thread.java:750)
"qtp1704019169-285" daemon prio=5 tid=285 timed_waiting
java.lang.Thread.State: TIMED_WAITING
        at sun.misc.Unsafe.park(Native Method)
        at java.util.concurrent.locks.LockSupport.parkNanos(LockSupport.java:215)
        at java.util.concurrent.locks.AbstractQueuedSynchronizer$ConditionObject.awaitNanos(AbstractQueuedSynchronizer.java:2078)
        at org.eclipse.jetty.util.BlockingArrayQueue.poll(BlockingArrayQueue.java:382)
        at org.eclipse.jetty.util.thread.QueuedThreadPool$Runner.idleJobPoll(QueuedThreadPool.java:974)
        at org.eclipse.jetty.util.thread.QueuedThreadPool$Runner.run(QueuedThreadPool.java:1018)
        at java.lang.Thread.run(Thread.java:750)
"qtp1811082427-119" daemon prio=5 tid=119 timed_waiting
java.lang.Thread.State: TIMED_WAITING
        at sun.misc.Unsafe.park(Native Method)
        at java.util.concurrent.locks.LockSupport.parkNanos(LockSupport.java:215)
        at java.util.concurrent.locks.AbstractQueuedSynchronizer$ConditionObject.awaitNanos(AbstractQueuedSynchronizer.java:2078)
        at org.eclipse.jetty.util.BlockingArrayQueue.poll(BlockingArrayQueue.java:382)
        at org.eclipse.jetty.util.thread.QueuedThreadPool$Runner.idleJobPoll(QueuedThreadPool.java:974)
        at org.eclipse.jetty.util.thread.QueuedThreadPool$Runner.run(QueuedThreadPool.java:1018)
        at java.lang.Thread.run(Thread.java:750)
"Connector-Scheduler-4626ba1b-1"  prio=5 tid=803 in Object.wait()
java.lang.Thread.State: WAITING (on object monitor)
        at sun.misc.Unsafe.park(Native Method)
        at java.util.concurrent.locks.LockSupport.park(LockSupport.java:175)
        at java.util.concurrent.locks.AbstractQueuedSynchronizer$ConditionObject.await(AbstractQueuedSynchronizer.java:2039)
        at java.util.concurrent.ScheduledThreadPoolExecutor$DelayedWorkQueue.take(ScheduledThreadPoolExecutor.java:1081)
        at java.util.concurrent.ScheduledThreadPoolExecutor$DelayedWorkQueue.take(ScheduledThreadPoolExecutor.java:809)
        at java.util.concurrent.ThreadPoolExecutor.getTask(ThreadPoolExecutor.java:1074)
        at java.util.concurrent.ThreadPoolExecutor.runWorker(ThreadPoolExecutor.java:1134)
        at java.util.concurrent.ThreadPoolExecutor$Worker.run(ThreadPoolExecutor.java:624)
        at java.lang.Thread.run(Thread.java:750)
"qtp1599378115-316" daemon prio=5 tid=316 timed_waiting
java.lang.Thread.State: TIMED_WAITING
        at sun.misc.Unsafe.park(Native Method)
        at java.util.concurrent.locks.LockSupport.parkNanos(LockSupport.java:215)
        at java.util.concurrent.locks.AbstractQueuedSynchronizer$ConditionObject.awaitNanos(AbstractQueuedSynchronizer.java:2078)
        at org.eclipse.jetty.util.BlockingArrayQueue.poll(BlockingArrayQueue.java:382)
        at org.eclipse.jetty.util.thread.QueuedThreadPool$Runner.idleJobPoll(QueuedThreadPool.java:974)
        at org.eclipse.jetty.util.thread.QueuedThreadPool$Runner.run(QueuedThreadPool.java:1018)
        at java.lang.Thread.run(Thread.java:750)
"125b6ccd-ab10-424e-ac54-cb3b86c02134-groupManagement"  prio=5 tid=395 in Object.wait()
java.lang.Thread.State: WAITING (on object monitor)
        at sun.misc.Unsafe.park(Native Method)
        at java.util.concurrent.locks.LockSupport.park(LockSupport.java:175)
        at java.util.concurrent.locks.AbstractQueuedSynchronizer$ConditionObject.await(AbstractQueuedSynchronizer.java:2039)
        at java.util.concurrent.LinkedBlockingQueue.take(LinkedBlockingQueue.java:442)
        at java.util.concurrent.ThreadPoolExecutor.getTask(ThreadPoolExecutor.java:1074)
        at java.util.concurrent.ThreadPoolExecutor.runWorker(ThreadPoolExecutor.java:1134)
        at java.util.concurrent.ThreadPoolExecutor$Worker.run(ThreadPoolExecutor.java:624)
        at java.lang.Thread.run(Thread.java:750)
"IPC Server handler 10 on default port 15002" daemon prio=5 tid=99 timed_waiting
java.lang.Thread.State: TIMED_WAITING
        at sun.misc.Unsafe.park(Native Method)
        at java.util.concurrent.locks.LockSupport.parkNanos(LockSupport.java:215)
        at java.util.concurrent.locks.AbstractQueuedSynchronizer$ConditionObject.awaitNanos(AbstractQueuedSynchronizer.java:2078)
        at java.util.concurrent.LinkedBlockingQueue.poll(LinkedBlockingQueue.java:467)
        at org.apache.hadoop.ipc.CallQueueManager.take(CallQueueManager.java:317)
        at org.apache.hadoop.ipc.Server$Handler.run(Server.java:3014)
"ContainerOp-a2d281d2-730c-4a02-9c2e-ca4ce5b48592-7"  prio=5 tid=594 in Object.wait()
java.lang.Thread.State: WAITING (on object monitor)
        at sun.misc.Unsafe.park(Native Method)
        at java.util.concurrent.locks.LockSupport.park(LockSupport.java:175)
        at java.util.concurrent.locks.AbstractQueuedSynchronizer$ConditionObject.await(AbstractQueuedSynchronizer.java:2039)
        at java.util.concurrent.LinkedBlockingQueue.take(LinkedBlockingQueue.java:442)
        at java.util.concurrent.ThreadPoolExecutor.getTask(ThreadPoolExecutor.java:1074)
        at java.util.concurrent.ThreadPoolExecutor.runWorker(ThreadPoolExecutor.java:1134)
        at java.util.concurrent.ThreadPoolExecutor$Worker.run(ThreadPoolExecutor.java:624)
        at java.lang.Thread.run(Thread.java:750)
"PartialTableCache Cleanup Thread - 0" daemon prio=5 tid=550 in Object.wait()
java.lang.Thread.State: WAITING (on object monitor)
        at sun.misc.Unsafe.park(Native Method)
        at java.util.concurrent.locks.LockSupport.park(LockSupport.java:175)
        at java.util.concurrent.locks.AbstractQueuedSynchronizer$ConditionObject.await(AbstractQueuedSynchronizer.java:2039)
        at java.util.concurrent.LinkedBlockingQueue.take(LinkedBlockingQueue.java:442)
        at java.util.concurrent.ThreadPoolExecutor.getTask(ThreadPoolExecutor.java:1074)
        at java.util.concurrent.ThreadPoolExecutor.runWorker(ThreadPoolExecutor.java:1134)
        at java.util.concurrent.ThreadPoolExecutor$Worker.run(ThreadPoolExecutor.java:624)
        at java.lang.Thread.run(Thread.java:750)
"ChunkWriter-3-0" daemon prio=5 tid=377 in Object.wait()
java.lang.Thread.State: WAITING (on object monitor)
        at sun.misc.Unsafe.park(Native Method)
        at java.util.concurrent.locks.LockSupport.park(LockSupport.java:175)
        at java.util.concurrent.locks.AbstractQueuedSynchronizer$ConditionObject.await(AbstractQueuedSynchronizer.java:2039)
        at java.util.concurrent.LinkedBlockingDeque.takeFirst(LinkedBlockingDeque.java:492)
        at java.util.concurrent.LinkedBlockingDeque.take(LinkedBlockingDeque.java:680)
        at java.util.concurrent.ThreadPoolExecutor.getTask(ThreadPoolExecutor.java:1074)
        at java.util.concurrent.ThreadPoolExecutor.runWorker(ThreadPoolExecutor.java:1134)
        at java.util.concurrent.ThreadPoolExecutor$Worker.run(ThreadPoolExecutor.java:624)
        at java.lang.Thread.run(Thread.java:750)
"IPC Server idle connection scanner for port 15012" daemon prio=5 tid=262 timed_waiting
java.lang.Thread.State: TIMED_WAITING
        at java.lang.Object.wait(Native Method)
        at java.util.TimerThread.mainLoop(Timer.java:552)
        at java.util.TimerThread.run(Timer.java:505)
"e4211b8b-b648-43cb-96ad-95a5188c1410-server-thread3" daemon prio=5 tid=538 timed_waiting
java.lang.Thread.State: TIMED_WAITING
        at sun.misc.Unsafe.park(Native Method)
        at java.util.concurrent.locks.LockSupport.parkNanos(LockSupport.java:215)
        at java.util.concurrent.SynchronousQueue$TransferStack.awaitFulfill(SynchronousQueue.java:460)
        at java.util.concurrent.SynchronousQueue$TransferStack.transfer(SynchronousQueue.java:362)
        at java.util.concurrent.SynchronousQueue.poll(SynchronousQueue.java:941)
        at java.util.concurrent.ThreadPoolExecutor.getTask(ThreadPoolExecutor.java:1073)
        at java.util.concurrent.ThreadPoolExecutor.runWorker(ThreadPoolExecutor.java:1134)
        at java.util.concurrent.ThreadPoolExecutor$Worker.run(ThreadPoolExecutor.java:624)
        at java.lang.Thread.run(Thread.java:750)
"pool-139-thread-1"  prio=5 tid=279 timed_waiting
java.lang.Thread.State: TIMED_WAITING
        at sun.misc.Unsafe.park(Native Method)
        at java.util.concurrent.locks.LockSupport.parkNanos(LockSupport.java:215)
        at java.util.concurrent.locks.AbstractQueuedSynchronizer$ConditionObject.awaitNanos(AbstractQueuedSynchronizer.java:2078)
        at java.util.concurrent.ScheduledThreadPoolExecutor$DelayedWorkQueue.take(ScheduledThreadPoolExecutor.java:1093)
        at java.util.concurrent.ScheduledThreadPoolExecutor$DelayedWorkQueue.take(ScheduledThreadPoolExecutor.java:809)
        at java.util.concurrent.ThreadPoolExecutor.getTask(ThreadPoolExecutor.java:1074)
        at java.util.concurrent.ThreadPoolExecutor.runWorker(ThreadPoolExecutor.java:1134)
        at java.util.concurrent.ThreadPoolExecutor$Worker.run(ThreadPoolExecutor.java:624)
        at java.lang.Thread.run(Thread.java:750)
"Datanode ReportManager Thread - 3" daemon prio=5 tid=299 in Object.wait()
java.lang.Thread.State: WAITING (on object monitor)
        at sun.misc.Unsafe.park(Native Method)
        at java.util.concurrent.locks.LockSupport.park(LockSupport.java:175)
        at java.util.concurrent.locks.AbstractQueuedSynchronizer$ConditionObject.await(AbstractQueuedSynchronizer.java:2039)
        at java.util.concurrent.ScheduledThreadPoolExecutor$DelayedWorkQueue.take(ScheduledThreadPoolExecutor.java:1088)
        at java.util.concurrent.ScheduledThreadPoolExecutor$DelayedWorkQueue.take(ScheduledThreadPoolExecutor.java:809)
        at java.util.concurrent.ThreadPoolExecutor.getTask(ThreadPoolExecutor.java:1074)
        at java.util.concurrent.ThreadPoolExecutor.runWorker(ThreadPoolExecutor.java:1134)
        at java.util.concurrent.ThreadPoolExecutor$Worker.run(ThreadPoolExecutor.java:624)
        at java.lang.Thread.run(Thread.java:750)
"BlockDeletingService#1" daemon prio=5 tid=351 in Object.wait()
java.lang.Thread.State: WAITING (on object monitor)
        at sun.misc.Unsafe.park(Native Method)
        at java.util.concurrent.locks.LockSupport.park(LockSupport.java:175)
        at java.util.concurrent.locks.AbstractQueuedSynchronizer$ConditionObject.await(AbstractQueuedSynchronizer.java:2039)
        at java.util.concurrent.ScheduledThreadPoolExecutor$DelayedWorkQueue.take(ScheduledThreadPoolExecutor.java:1088)
        at java.util.concurrent.ScheduledThreadPoolExecutor$DelayedWorkQueue.take(ScheduledThreadPoolExecutor.java:809)
        at java.util.concurrent.ThreadPoolExecutor.getTask(ThreadPoolExecutor.java:1074)
        at java.util.concurrent.ThreadPoolExecutor.runWorker(ThreadPoolExecutor.java:1134)
        at java.util.concurrent.ThreadPoolExecutor$Worker.run(ThreadPoolExecutor.java:624)
        at java.lang.Thread.run(Thread.java:750)
"125b6ccd-ab10-424e-ac54-cb3b86c02134@group-1F48DA4A8CA8-SegmentedRaftLogWorker"  prio=5 tid=446 timed_waiting
java.lang.Thread.State: TIMED_WAITING
        at sun.misc.Unsafe.park(Native Method)
        at java.util.concurrent.locks.LockSupport.parkNanos(LockSupport.java:215)
        at java.util.concurrent.locks.AbstractQueuedSynchronizer$ConditionObject.awaitNanos(AbstractQueuedSynchronizer.java:2078)
        at org.apache.ratis.util.DataBlockingQueue.poll(DataBlockingQueue.java:148)
        at org.apache.ratis.server.raftlog.segmented.SegmentedRaftLogWorker.run(SegmentedRaftLogWorker.java:307)
        at org.apache.ratis.server.raftlog.segmented.SegmentedRaftLogWorker$$Lambda$797/1364610811.run(Unknown Source)
        at java.util.concurrent.Executors$RunnableAdapter.call(Executors.java:511)
        at java.util.concurrent.FutureTask.run(FutureTask.java:266)
        at java.util.concurrent.ThreadPoolExecutor.runWorker(ThreadPoolExecutor.java:1149)
        at java.util.concurrent.ThreadPoolExecutor$Worker.run(ThreadPoolExecutor.java:624)
        at java.lang.Thread.run(Thread.java:750)
"FixedThreadPoolWithAffinityExecutor-9-0" daemon prio=5 tid=205 timed_waiting
java.lang.Thread.State: TIMED_WAITING
        at sun.misc.Unsafe.park(Native Method)
        at java.util.concurrent.locks.LockSupport.parkNanos(LockSupport.java:215)
        at java.util.concurrent.locks.AbstractQueuedSynchronizer$ConditionObject.awaitNanos(AbstractQueuedSynchronizer.java:2078)
        at java.util.concurrent.LinkedBlockingQueue.poll(LinkedBlockingQueue.java:467)
        at org.apache.hadoop.hdds.scm.server.ContainerReportQueue.poll(ContainerReportQueue.java:266)
        at org.apache.hadoop.hdds.scm.server.ContainerReportQueue.poll(ContainerReportQueue.java:42)
        at org.apache.hadoop.hdds.server.events.FixedThreadPoolWithAffinityExecutor$ContainerReportProcessTask.run(FixedThreadPoolWithAffinityExecutor.java:247)
        at java.util.concurrent.Executors$RunnableAdapter.call(Executors.java:511)
        at java.util.concurrent.FutureTask.run(FutureTask.java:266)
        at java.util.concurrent.ThreadPoolExecutor.runWorker(ThreadPoolExecutor.java:1149)
        at java.util.concurrent.ThreadPoolExecutor$Worker.run(ThreadPoolExecutor.java:624)
        at java.lang.Thread.run(Thread.java:750)
"qtp1599378115-309" daemon prio=5 tid=309 runnable
java.lang.Thread.State: RUNNABLE
        at sun.nio.ch.EPollArrayWrapper.epollWait(Native Method)
        at sun.nio.ch.EPollArrayWrapper.poll(EPollArrayWrapper.java:269)
        at sun.nio.ch.EPollSelectorImpl.doSelect(EPollSelectorImpl.java:93)
        at sun.nio.ch.SelectorImpl.lockAndDoSelect(SelectorImpl.java:86)
        at sun.nio.ch.SelectorImpl.select(SelectorImpl.java:97)
        at sun.nio.ch.SelectorImpl.select(SelectorImpl.java:101)
        at org.eclipse.jetty.io.ManagedSelector.nioSelect(ManagedSelector.java:183)
        at org.eclipse.jetty.io.ManagedSelector.select(ManagedSelector.java:190)
        at org.eclipse.jetty.io.ManagedSelector$SelectorProducer.select(ManagedSelector.java:606)
        at org.eclipse.jetty.io.ManagedSelector$SelectorProducer.produce(ManagedSelector.java:543)
        at org.eclipse.jetty.util.thread.strategy.EatWhatYouKill.produceTask(EatWhatYouKill.java:362)
        at org.eclipse.jetty.util.thread.strategy.EatWhatYouKill.doProduce(EatWhatYouKill.java:186)
        at org.eclipse.jetty.util.thread.strategy.EatWhatYouKill.tryProduce(EatWhatYouKill.java:173)
        at org.eclipse.jetty.util.thread.strategy.EatWhatYouKill.produce(EatWhatYouKill.java:137)
        at org.eclipse.jetty.io.ManagedSelector$$Lambda$503/1412764055.run(Unknown Source)
        at org.eclipse.jetty.util.thread.QueuedThreadPool.runJob(QueuedThreadPool.java:883)
        at org.eclipse.jetty.util.thread.QueuedThreadPool$Runner.run(QueuedThreadPool.java:1034)
        at java.lang.Thread.run(Thread.java:750)
"Attach Listener" daemon prio=9 tid=905 runnable
java.lang.Thread.State: RUNNABLE
"IPC Server handler 17 on default port 15002" daemon prio=5 tid=106 timed_waiting
java.lang.Thread.State: TIMED_WAITING
        at sun.misc.Unsafe.park(Native Method)
        at java.util.concurrent.locks.LockSupport.parkNanos(LockSupport.java:215)
        at java.util.concurrent.locks.AbstractQueuedSynchronizer$ConditionObject.awaitNanos(AbstractQueuedSynchronizer.java:2078)
        at java.util.concurrent.LinkedBlockingQueue.poll(LinkedBlockingQueue.java:467)
        at org.apache.hadoop.ipc.CallQueueManager.take(CallQueueManager.java:317)
        at org.apache.hadoop.ipc.Server$Handler.run(Server.java:3014)
"IPC Server handler 17 on default port 15004" daemon prio=5 tid=179 timed_waiting
java.lang.Thread.State: TIMED_WAITING
        at sun.misc.Unsafe.park(Native Method)
        at java.util.concurrent.locks.LockSupport.parkNanos(LockSupport.java:215)
        at java.util.concurrent.locks.AbstractQueuedSynchronizer$ConditionObject.awaitNanos(AbstractQueuedSynchronizer.java:2078)
        at java.util.concurrent.LinkedBlockingQueue.poll(LinkedBlockingQueue.java:467)
        at org.apache.hadoop.ipc.CallQueueManager.take(CallQueueManager.java:317)
        at org.apache.hadoop.ipc.Server$Handler.run(Server.java:3014)
"qtp1695980007-252-acceptor-0@776a0854-ServerConnector@36b73165{HTTP/1.1, (http/1.1)}{0.0.0.0:15011}" daemon prio=3 tid=252 runnable
java.lang.Thread.State: RUNNABLE
        at sun.nio.ch.ServerSocketChannelImpl.accept0(Native Method)
        at sun.nio.ch.ServerSocketChannelImpl.accept(ServerSocketChannelImpl.java:421)
        at sun.nio.ch.ServerSocketChannelImpl.accept(ServerSocketChannelImpl.java:249)
        at org.eclipse.jetty.server.ServerConnector.accept(ServerConnector.java:388)
        at org.eclipse.jetty.server.AbstractConnector$Acceptor.run(AbstractConnector.java:704)
        at org.eclipse.jetty.util.thread.QueuedThreadPool.runJob(QueuedThreadPool.java:883)
        at org.eclipse.jetty.util.thread.QueuedThreadPool$Runner.run(QueuedThreadPool.java:1034)
        at java.lang.Thread.run(Thread.java:750)
"IPC Server handler 12 on default port 15002" daemon prio=5 tid=101 timed_waiting
java.lang.Thread.State: TIMED_WAITING
        at sun.misc.Unsafe.park(Native Method)
        at java.util.concurrent.locks.LockSupport.parkNanos(LockSupport.java:215)
        at java.util.concurrent.locks.AbstractQueuedSynchronizer$ConditionObject.awaitNanos(AbstractQueuedSynchronizer.java:2078)
        at java.util.concurrent.LinkedBlockingQueue.poll(LinkedBlockingQueue.java:467)
        at org.apache.hadoop.ipc.CallQueueManager.take(CallQueueManager.java:317)
        at org.apache.hadoop.ipc.Server$Handler.run(Server.java:3014)
"EndpointStateMachine task thread for /0.0.0.0:15002 - 0 "  prio=5 tid=354 in Object.wait()
java.lang.Thread.State: WAITING (on object monitor)
        at sun.misc.Unsafe.park(Native Method)
        at java.util.concurrent.locks.LockSupport.park(LockSupport.java:175)
        at java.util.concurrent.locks.AbstractQueuedSynchronizer$ConditionObject.await(AbstractQueuedSynchronizer.java:2039)
        at java.util.concurrent.LinkedBlockingQueue.take(LinkedBlockingQueue.java:442)
        at java.util.concurrent.ThreadPoolExecutor.getTask(ThreadPoolExecutor.java:1074)
        at java.util.concurrent.ThreadPoolExecutor.runWorker(ThreadPoolExecutor.java:1134)
        at java.util.concurrent.ThreadPoolExecutor$Worker.run(ThreadPoolExecutor.java:624)
        at java.lang.Thread.run(Thread.java:750)
"8aaa379b-76d2-401e-9e9b-5f71144f2a0c@group-CA2191642088-LeaderStateImpl" daemon prio=5 tid=497 timed_waiting
java.lang.Thread.State: TIMED_WAITING
        at sun.misc.Unsafe.park(Native Method)
        at java.util.concurrent.locks.LockSupport.parkNanos(LockSupport.java:215)
        at java.util.concurrent.locks.AbstractQueuedSynchronizer$ConditionObject.awaitNanos(AbstractQueuedSynchronizer.java:2078)
        at java.util.concurrent.ArrayBlockingQueue.poll(ArrayBlockingQueue.java:418)
        at org.apache.ratis.server.impl.LeaderStateImpl$EventQueue.poll(LeaderStateImpl.java:164)
        at org.apache.ratis.server.impl.LeaderStateImpl$EventProcessor.run(LeaderStateImpl.java:702)
"IPC Server handler 0 on default port 15009" daemon prio=5 tid=219 timed_waiting
java.lang.Thread.State: TIMED_WAITING
        at sun.misc.Unsafe.park(Native Method)
        at java.util.concurrent.locks.LockSupport.parkNanos(LockSupport.java:215)
        at java.util.concurrent.locks.AbstractQueuedSynchronizer$ConditionObject.awaitNanos(AbstractQueuedSynchronizer.java:2078)
        at java.util.concurrent.LinkedBlockingQueue.poll(LinkedBlockingQueue.java:467)
        at org.apache.hadoop.ipc.CallQueueManager.take(CallQueueManager.java:317)
        at org.apache.hadoop.ipc.Server$Handler.run(Server.java:3014)
"IPC Server handler 17 on default port 15001" daemon prio=5 tid=86 timed_waiting
java.lang.Thread.State: TIMED_WAITING
        at sun.misc.Unsafe.park(Native Method)
        at java.util.concurrent.locks.LockSupport.parkNanos(LockSupport.java:215)
        at java.util.concurrent.locks.AbstractQueuedSynchronizer$ConditionObject.awaitNanos(AbstractQueuedSynchronizer.java:2078)
        at java.util.concurrent.LinkedBlockingQueue.poll(LinkedBlockingQueue.java:467)
        at org.apache.hadoop.ipc.CallQueueManager.take(CallQueueManager.java:317)
        at org.apache.hadoop.ipc.Server$Handler.run(Server.java:3014)
"IPC Parameter Sending Thread for 0.0.0.0/0.0.0.0:15009" daemon prio=5 tid=338 timed_waiting
java.lang.Thread.State: TIMED_WAITING
        at sun.misc.Unsafe.park(Native Method)
        at java.util.concurrent.locks.LockSupport.parkNanos(LockSupport.java:215)
        at java.util.concurrent.SynchronousQueue$TransferQueue.awaitFulfill(SynchronousQueue.java:764)
        at java.util.concurrent.SynchronousQueue$TransferQueue.transfer(SynchronousQueue.java:695)
        at java.util.concurrent.SynchronousQueue.poll(SynchronousQueue.java:941)
        at org.apache.hadoop.ipc.Client$Connection$RpcRequestSender.run(Client.java:1105)
        at java.lang.Thread.run(Thread.java:750)
"Datanode ReportManager Thread - 4" daemon prio=5 tid=271 in Object.wait()
java.lang.Thread.State: WAITING (on object monitor)
        at sun.misc.Unsafe.park(Native Method)
        at java.util.concurrent.locks.LockSupport.park(LockSupport.java:175)
        at java.util.concurrent.locks.AbstractQueuedSynchronizer$ConditionObject.await(AbstractQueuedSynchronizer.java:2039)
        at java.util.concurrent.ScheduledThreadPoolExecutor$DelayedWorkQueue.take(ScheduledThreadPoolExecutor.java:1088)
        at java.util.concurrent.ScheduledThreadPoolExecutor$DelayedWorkQueue.take(ScheduledThreadPoolExecutor.java:809)
        at java.util.concurrent.ThreadPoolExecutor.getTask(ThreadPoolExecutor.java:1074)
        at java.util.concurrent.ThreadPoolExecutor.runWorker(ThreadPoolExecutor.java:1134)
        at java.util.concurrent.ThreadPoolExecutor$Worker.run(ThreadPoolExecutor.java:624)
        at java.lang.Thread.run(Thread.java:750)
"FixedThreadPoolWithAffinityExecutor-4-0" daemon prio=5 tid=200 timed_waiting
java.lang.Thread.State: TIMED_WAITING
        at sun.misc.Unsafe.park(Native Method)
        at java.util.concurrent.locks.LockSupport.parkNanos(LockSupport.java:215)
        at java.util.concurrent.locks.AbstractQueuedSynchronizer$ConditionObject.awaitNanos(AbstractQueuedSynchronizer.java:2078)
        at java.util.concurrent.LinkedBlockingQueue.poll(LinkedBlockingQueue.java:467)
        at org.apache.hadoop.hdds.scm.server.ContainerReportQueue.poll(ContainerReportQueue.java:266)
        at org.apache.hadoop.hdds.scm.server.ContainerReportQueue.poll(ContainerReportQueue.java:42)
        at org.apache.hadoop.hdds.server.events.FixedThreadPoolWithAffinityExecutor$ContainerReportProcessTask.run(FixedThreadPoolWithAffinityExecutor.java:247)
        at java.util.concurrent.Executors$RunnableAdapter.call(Executors.java:511)
        at java.util.concurrent.FutureTask.run(FutureTask.java:266)
        at java.util.concurrent.ThreadPoolExecutor.runWorker(ThreadPoolExecutor.java:1149)
        at java.util.concurrent.ThreadPoolExecutor$Worker.run(ThreadPoolExecutor.java:624)
        at java.lang.Thread.run(Thread.java:750)
"IPC Server handler 0 on default port 15001" daemon prio=5 tid=69 timed_waiting
java.lang.Thread.State: TIMED_WAITING
        at sun.misc.Unsafe.park(Native Method)
        at java.util.concurrent.locks.LockSupport.parkNanos(LockSupport.java:215)
        at java.util.concurrent.locks.AbstractQueuedSynchronizer$ConditionObject.awaitNanos(AbstractQueuedSynchronizer.java:2078)
        at java.util.concurrent.LinkedBlockingQueue.poll(LinkedBlockingQueue.java:467)
        at org.apache.hadoop.ipc.CallQueueManager.take(CallQueueManager.java:317)
        at org.apache.hadoop.ipc.Server$Handler.run(Server.java:3014)
"8aaa379b-76d2-401e-9e9b-5f71144f2a0c-server-thread3" daemon prio=5 tid=495 timed_waiting
java.lang.Thread.State: TIMED_WAITING
        at sun.misc.Unsafe.park(Native Method)
        at java.util.concurrent.locks.LockSupport.parkNanos(LockSupport.java:215)
        at java.util.concurrent.SynchronousQueue$TransferStack.awaitFulfill(SynchronousQueue.java:460)
        at java.util.concurrent.SynchronousQueue$TransferStack.transfer(SynchronousQueue.java:362)
        at java.util.concurrent.SynchronousQueue.poll(SynchronousQueue.java:941)
        at java.util.concurrent.ThreadPoolExecutor.getTask(ThreadPoolExecutor.java:1073)
        at java.util.concurrent.ThreadPoolExecutor.runWorker(ThreadPoolExecutor.java:1134)
        at java.util.concurrent.ThreadPoolExecutor$Worker.run(ThreadPoolExecutor.java:624)
        at java.lang.Thread.run(Thread.java:750)
"FixedThreadPoolWithAffinityExecutor-4-0" daemon prio=5 tid=42 timed_waiting
java.lang.Thread.State: TIMED_WAITING
        at sun.misc.Unsafe.park(Native Method)
        at java.util.concurrent.locks.LockSupport.parkNanos(LockSupport.java:215)
        at java.util.concurrent.locks.AbstractQueuedSynchronizer$ConditionObject.awaitNanos(AbstractQueuedSynchronizer.java:2078)
        at java.util.concurrent.LinkedBlockingQueue.poll(LinkedBlockingQueue.java:467)
        at org.apache.hadoop.hdds.scm.server.ContainerReportQueue.poll(ContainerReportQueue.java:266)
        at org.apache.hadoop.hdds.scm.server.ContainerReportQueue.poll(ContainerReportQueue.java:42)
        at org.apache.hadoop.hdds.server.events.FixedThreadPoolWithAffinityExecutor$ContainerReportProcessTask.run(FixedThreadPoolWithAffinityExecutor.java:247)
        at java.util.concurrent.Executors$RunnableAdapter.call(Executors.java:511)
        at java.util.concurrent.FutureTask.run(FutureTask.java:266)
        at java.util.concurrent.ThreadPoolExecutor.runWorker(ThreadPoolExecutor.java:1149)
        at java.util.concurrent.ThreadPoolExecutor$Worker.run(ThreadPoolExecutor.java:624)
        at java.lang.Thread.run(Thread.java:750)
"ContainerOp-4ae2c880-1070-4148-9b0d-1f48da4a8ca8-8"  prio=5 tid=626 in Object.wait()
java.lang.Thread.State: WAITING (on object monitor)
        at sun.misc.Unsafe.park(Native Method)
        at java.util.concurrent.locks.LockSupport.park(LockSupport.java:175)
        at java.util.concurrent.locks.AbstractQueuedSynchronizer$ConditionObject.await(AbstractQueuedSynchronizer.java:2039)
        at java.util.concurrent.LinkedBlockingQueue.take(LinkedBlockingQueue.java:442)
        at java.util.concurrent.ThreadPoolExecutor.getTask(ThreadPoolExecutor.java:1074)
        at java.util.concurrent.ThreadPoolExecutor.runWorker(ThreadPoolExecutor.java:1134)
        at java.util.concurrent.ThreadPoolExecutor$Worker.run(ThreadPoolExecutor.java:624)
        at java.lang.Thread.run(Thread.java:750)
"IPC Server handler 9 on default port 15001" daemon prio=5 tid=78 timed_waiting
java.lang.Thread.State: TIMED_WAITING
        at sun.misc.Unsafe.park(Native Method)
        at java.util.concurrent.locks.LockSupport.parkNanos(LockSupport.java:215)
        at java.util.concurrent.locks.AbstractQueuedSynchronizer$ConditionObject.awaitNanos(AbstractQueuedSynchronizer.java:2078)
        at java.util.concurrent.LinkedBlockingQueue.poll(LinkedBlockingQueue.java:467)
        at org.apache.hadoop.ipc.CallQueueManager.take(CallQueueManager.java:317)
        at org.apache.hadoop.ipc.Server$Handler.run(Server.java:3014)
"125b6ccd-ab10-424e-ac54-cb3b86c02134@group-CA4CE5B48592-StateMachineUpdater" daemon prio=5 tid=402 timed_waiting
java.lang.Thread.State: TIMED_WAITING
        at sun.misc.Unsafe.park(Native Method)
        at java.util.concurrent.locks.LockSupport.parkNanos(LockSupport.java:215)
        at java.util.concurrent.locks.AbstractQueuedSynchronizer$ConditionObject.await(AbstractQueuedSynchronizer.java:2163)
        at org.apache.ratis.util.AwaitForSignal.await(AwaitForSignal.java:62)
        at org.apache.ratis.server.impl.StateMachineUpdater.waitForCommit(StateMachineUpdater.java:209)
        at org.apache.ratis.server.impl.StateMachineUpdater.run(StateMachineUpdater.java:178)
        at java.lang.Thread.run(Thread.java:750)
"IPC Server listener on 15012" daemon prio=5 tid=260 runnable
java.lang.Thread.State: RUNNABLE
        at sun.nio.ch.EPollArrayWrapper.epollWait(Native Method)
        at sun.nio.ch.EPollArrayWrapper.poll(EPollArrayWrapper.java:269)
        at sun.nio.ch.EPollSelectorImpl.doSelect(EPollSelectorImpl.java:93)
        at sun.nio.ch.SelectorImpl.lockAndDoSelect(SelectorImpl.java:86)
        at sun.nio.ch.SelectorImpl.select(SelectorImpl.java:97)
        at sun.nio.ch.SelectorImpl.select(SelectorImpl.java:101)
        at org.apache.hadoop.ipc.Server$Listener.run(Server.java:1408)
"IPC Server handler 16 on default port 15009" daemon prio=5 tid=235 timed_waiting
java.lang.Thread.State: TIMED_WAITING
        at sun.misc.Unsafe.park(Native Method)
        at java.util.concurrent.locks.LockSupport.parkNanos(LockSupport.java:215)
        at java.util.concurrent.locks.AbstractQueuedSynchronizer$ConditionObject.awaitNanos(AbstractQueuedSynchronizer.java:2078)
        at java.util.concurrent.LinkedBlockingQueue.poll(LinkedBlockingQueue.java:467)
        at org.apache.hadoop.ipc.CallQueueManager.take(CallQueueManager.java:317)
        at org.apache.hadoop.ipc.Server$Handler.run(Server.java:3014)
"IPC Server handler 3 on default port 15001" daemon prio=5 tid=72 timed_waiting
java.lang.Thread.State: TIMED_WAITING
        at sun.misc.Unsafe.park(Native Method)
        at java.util.concurrent.locks.LockSupport.parkNanos(LockSupport.java:215)
        at java.util.concurrent.locks.AbstractQueuedSynchronizer$ConditionObject.awaitNanos(AbstractQueuedSynchronizer.java:2078)
        at java.util.concurrent.LinkedBlockingQueue.poll(LinkedBlockingQueue.java:467)
        at org.apache.hadoop.ipc.CallQueueManager.take(CallQueueManager.java:317)
        at org.apache.hadoop.ipc.Server$Handler.run(Server.java:3014)
"Periodic HDDS volume checker" daemon prio=5 tid=371 timed_waiting
java.lang.Thread.State: TIMED_WAITING
        at sun.misc.Unsafe.park(Native Method)
        at java.util.concurrent.locks.LockSupport.parkNanos(LockSupport.java:215)
        at java.util.concurrent.locks.AbstractQueuedSynchronizer$ConditionObject.awaitNanos(AbstractQueuedSynchronizer.java:2078)
        at java.util.concurrent.ScheduledThreadPoolExecutor$DelayedWorkQueue.take(ScheduledThreadPoolExecutor.java:1093)
        at java.util.concurrent.ScheduledThreadPoolExecutor$DelayedWorkQueue.take(ScheduledThreadPoolExecutor.java:809)
        at java.util.concurrent.ThreadPoolExecutor.getTask(ThreadPoolExecutor.java:1074)
        at java.util.concurrent.ThreadPoolExecutor.runWorker(ThreadPoolExecutor.java:1134)
        at java.util.concurrent.ThreadPoolExecutor$Worker.run(ThreadPoolExecutor.java:624)
        at java.lang.Thread.run(Thread.java:750)
"ContainerOp-4ae2c880-1070-4148-9b0d-1f48da4a8ca8-1"  prio=5 tid=559 in Object.wait()
java.lang.Thread.State: WAITING (on object monitor)
        at sun.misc.Unsafe.park(Native Method)
        at java.util.concurrent.locks.LockSupport.park(LockSupport.java:175)
        at java.util.concurrent.locks.AbstractQueuedSynchronizer$ConditionObject.await(AbstractQueuedSynchronizer.java:2039)
        at java.util.concurrent.LinkedBlockingQueue.take(LinkedBlockingQueue.java:442)
        at java.util.concurrent.ThreadPoolExecutor.getTask(ThreadPoolExecutor.java:1074)
        at java.util.concurrent.ThreadPoolExecutor.runWorker(ThreadPoolExecutor.java:1134)
        at java.util.concurrent.ThreadPoolExecutor$Worker.run(ThreadPoolExecutor.java:624)
        at java.lang.Thread.run(Thread.java:750)
"qtp837784224-212" daemon prio=5 tid=212 timed_waiting
java.lang.Thread.State: TIMED_WAITING
        at sun.misc.Unsafe.park(Native Method)
        at java.util.concurrent.locks.LockSupport.parkNanos(LockSupport.java:215)
        at java.util.concurrent.locks.AbstractQueuedSynchronizer$ConditionObject.awaitNanos(AbstractQueuedSynchronizer.java:2078)
        at org.eclipse.jetty.util.BlockingArrayQueue.poll(BlockingArrayQueue.java:382)
        at org.eclipse.jetty.util.thread.QueuedThreadPool$Runner.idleJobPoll(QueuedThreadPool.java:974)
        at org.eclipse.jetty.util.thread.QueuedThreadPool$Runner.run(QueuedThreadPool.java:1018)
        at java.lang.Thread.run(Thread.java:750)
"ContainerOp-a2d281d2-730c-4a02-9c2e-ca4ce5b48592-5"  prio=5 tid=576 in Object.wait()
java.lang.Thread.State: WAITING (on object monitor)
        at sun.misc.Unsafe.park(Native Method)
        at java.util.concurrent.locks.LockSupport.park(LockSupport.java:175)
        at java.util.concurrent.locks.AbstractQueuedSynchronizer$ConditionObject.await(AbstractQueuedSynchronizer.java:2039)
        at java.util.concurrent.LinkedBlockingQueue.take(LinkedBlockingQueue.java:442)
        at java.util.concurrent.ThreadPoolExecutor.getTask(ThreadPoolExecutor.java:1074)
        at java.util.concurrent.ThreadPoolExecutor.runWorker(ThreadPoolExecutor.java:1134)
        at java.util.concurrent.ThreadPoolExecutor$Worker.run(ThreadPoolExecutor.java:624)
        at java.lang.Thread.run(Thread.java:750)
"qtp837784224-208" daemon prio=5 tid=208 timed_waiting
java.lang.Thread.State: TIMED_WAITING
        at sun.misc.Unsafe.park(Native Method)
        at java.util.concurrent.locks.LockSupport.parkNanos(LockSupport.java:215)
        at java.util.concurrent.locks.AbstractQueuedSynchronizer$ConditionObject.awaitNanos(AbstractQueuedSynchronizer.java:2078)
        at org.eclipse.jetty.util.BlockingArrayQueue.poll(BlockingArrayQueue.java:382)
        at org.eclipse.jetty.util.thread.QueuedThreadPool$Runner.idleJobPoll(QueuedThreadPool.java:974)
        at org.eclipse.jetty.util.thread.QueuedThreadPool$Runner.run(QueuedThreadPool.java:1018)
        at java.lang.Thread.run(Thread.java:750)
"125b6ccd-ab10-424e-ac54-cb3b86c02134@group-CA4CE5B48592->8aaa379b-76d2-401e-9e9b-5f71144f2a0c-GrpcLogAppender-LogAppenderDaemon" daemon prio=5 tid=482 timed_waiting
java.lang.Thread.State: TIMED_WAITING
        at sun.misc.Unsafe.park(Native Method)
        at java.util.concurrent.locks.LockSupport.parkNanos(LockSupport.java:215)
        at java.util.concurrent.locks.AbstractQueuedSynchronizer$ConditionObject.await(AbstractQueuedSynchronizer.java:2163)
        at org.apache.ratis.util.AwaitForSignal.await(AwaitForSignal.java:62)
        at org.apache.ratis.grpc.server.GrpcLogAppender.mayWait(GrpcLogAppender.java:197)
        at org.apache.ratis.grpc.server.GrpcLogAppender.run(GrpcLogAppender.java:148)
        at org.apache.ratis.server.leader.LogAppenderDaemon.run(LogAppenderDaemon.java:78)
        at org.apache.ratis.server.leader.LogAppenderDaemon$$Lambda$1461/1150831190.run(Unknown Source)
        at java.lang.Thread.run(Thread.java:750)
"qtp837784224-209" daemon prio=5 tid=209 timed_waiting
java.lang.Thread.State: TIMED_WAITING
        at sun.misc.Unsafe.park(Native Method)
        at java.util.concurrent.locks.LockSupport.parkNanos(LockSupport.java:215)
        at java.util.concurrent.locks.AbstractQueuedSynchronizer$ConditionObject.awaitNanos(AbstractQueuedSynchronizer.java:2078)
        at org.eclipse.jetty.util.BlockingArrayQueue.poll(BlockingArrayQueue.java:382)
        at org.eclipse.jetty.util.thread.QueuedThreadPool$Runner.idleJobPoll(QueuedThreadPool.java:974)
        at org.eclipse.jetty.util.thread.QueuedThreadPool$Runner.run(QueuedThreadPool.java:1018)
        at java.lang.Thread.run(Thread.java:750)
"125b6ccd-ab10-424e-ac54-cb3b86c02134-server-thread2" daemon prio=5 tid=534 timed_waiting
java.lang.Thread.State: TIMED_WAITING
        at sun.misc.Unsafe.park(Native Method)
        at java.util.concurrent.locks.LockSupport.parkNanos(LockSupport.java:215)
        at java.util.concurrent.SynchronousQueue$TransferStack.awaitFulfill(SynchronousQueue.java:460)
        at java.util.concurrent.SynchronousQueue$TransferStack.transfer(SynchronousQueue.java:362)
        at java.util.concurrent.SynchronousQueue.poll(SynchronousQueue.java:941)
        at java.util.concurrent.ThreadPoolExecutor.getTask(ThreadPoolExecutor.java:1073)
        at java.util.concurrent.ThreadPoolExecutor.runWorker(ThreadPoolExecutor.java:1134)
        at java.util.concurrent.ThreadPoolExecutor$Worker.run(ThreadPoolExecutor.java:624)
        at java.lang.Thread.run(Thread.java:750)
"StaleRecoveringContainerScrubbingService#2" daemon prio=5 tid=942 in Object.wait()
java.lang.Thread.State: WAITING (on object monitor)
        at sun.misc.Unsafe.park(Native Method)
        at java.util.concurrent.locks.LockSupport.park(LockSupport.java:175)
        at java.util.concurrent.locks.AbstractQueuedSynchronizer$ConditionObject.await(AbstractQueuedSynchronizer.java:2039)
        at java.util.concurrent.ScheduledThreadPoolExecutor$DelayedWorkQueue.take(ScheduledThreadPoolExecutor.java:1088)
        at java.util.concurrent.ScheduledThreadPoolExecutor$DelayedWorkQueue.take(ScheduledThreadPoolExecutor.java:809)
        at java.util.concurrent.ThreadPoolExecutor.getTask(ThreadPoolExecutor.java:1074)
        at java.util.concurrent.ThreadPoolExecutor.runWorker(ThreadPoolExecutor.java:1134)
        at java.util.concurrent.ThreadPoolExecutor$Worker.run(ThreadPoolExecutor.java:624)
        at java.lang.Thread.run(Thread.java:750)
"IPC Server handler 8 on default port 15000" daemon prio=5 tid=57 timed_waiting
java.lang.Thread.State: TIMED_WAITING
        at sun.misc.Unsafe.park(Native Method)
        at java.util.concurrent.locks.LockSupport.parkNanos(LockSupport.java:215)
        at java.util.concurrent.locks.AbstractQueuedSynchronizer$ConditionObject.awaitNanos(AbstractQueuedSynchronizer.java:2078)
        at java.util.concurrent.LinkedBlockingQueue.poll(LinkedBlockingQueue.java:467)
        at org.apache.hadoop.ipc.CallQueueManager.take(CallQueueManager.java:317)
        at org.apache.hadoop.ipc.Server$Handler.run(Server.java:3014)
"JvmPauseMonitor4" daemon prio=5 tid=362 timed_waiting
java.lang.Thread.State: TIMED_WAITING
        at java.lang.Thread.sleep(Native Method)
        at java.lang.Thread.sleep(Thread.java:342)
        at java.util.concurrent.TimeUnit.sleep(TimeUnit.java:386)
        at org.apache.ratis.util.TimeDuration.sleep(TimeDuration.java:325)
        at org.apache.ratis.util.TimeDuration.sleep(TimeDuration.java:310)
        at org.apache.ratis.util.JvmPauseMonitor.detectPause(JvmPauseMonitor.java:117)
        at org.apache.ratis.util.JvmPauseMonitor.run(JvmPauseMonitor.java:106)
        at org.apache.ratis.util.JvmPauseMonitor$$Lambda$468/781449501.run(Unknown Source)
        at java.lang.Thread.run(Thread.java:750)
"SnapshotDeletingService#0" daemon prio=5 tid=151 timed_waiting
java.lang.Thread.State: TIMED_WAITING
        at sun.misc.Unsafe.park(Native Method)
        at java.util.concurrent.locks.LockSupport.parkNanos(LockSupport.java:215)
        at java.util.concurrent.locks.AbstractQueuedSynchronizer$ConditionObject.awaitNanos(AbstractQueuedSynchronizer.java:2078)
        at java.util.concurrent.ScheduledThreadPoolExecutor$DelayedWorkQueue.take(ScheduledThreadPoolExecutor.java:1093)
        at java.util.concurrent.ScheduledThreadPoolExecutor$DelayedWorkQueue.take(ScheduledThreadPoolExecutor.java:809)
        at java.util.concurrent.ThreadPoolExecutor.getTask(ThreadPoolExecutor.java:1074)
        at java.util.concurrent.ThreadPoolExecutor.runWorker(ThreadPoolExecutor.java:1134)
        at java.util.concurrent.ThreadPoolExecutor$Worker.run(ThreadPoolExecutor.java:624)
        at java.lang.Thread.run(Thread.java:750)
"EventQueue-NodeRegistrationContainerReportForDataNodeSafeModeRule" daemon prio=5 tid=386 in Object.wait()
java.lang.Thread.State: WAITING (on object monitor)
        at sun.misc.Unsafe.park(Native Method)
        at java.util.concurrent.locks.LockSupport.park(LockSupport.java:175)
        at java.util.concurrent.locks.AbstractQueuedSynchronizer$ConditionObject.await(AbstractQueuedSynchronizer.java:2039)
        at java.util.concurrent.LinkedBlockingQueue.take(LinkedBlockingQueue.java:442)
        at java.util.concurrent.ThreadPoolExecutor.getTask(ThreadPoolExecutor.java:1074)
        at java.util.concurrent.ThreadPoolExecutor.runWorker(ThreadPoolExecutor.java:1134)
        at java.util.concurrent.ThreadPoolExecutor$Worker.run(ThreadPoolExecutor.java:624)
        at java.lang.Thread.run(Thread.java:750)
"125b6ccd-ab10-424e-ac54-cb3b86c02134@group-CA4CE5B48592-LeaderStateImpl" daemon prio=5 tid=481 timed_waiting
java.lang.Thread.State: TIMED_WAITING
        at sun.misc.Unsafe.park(Native Method)
        at java.util.concurrent.locks.LockSupport.parkNanos(LockSupport.java:215)
        at java.util.concurrent.locks.AbstractQueuedSynchronizer$ConditionObject.awaitNanos(AbstractQueuedSynchronizer.java:2078)
        at java.util.concurrent.ArrayBlockingQueue.poll(ArrayBlockingQueue.java:418)
        at org.apache.ratis.server.impl.LeaderStateImpl$EventQueue.poll(LeaderStateImpl.java:164)
        at org.apache.ratis.server.impl.LeaderStateImpl$EventProcessor.run(LeaderStateImpl.java:702)
"StaleRecoveringContainerScrubbingService#3" daemon prio=5 tid=945 in Object.wait()
java.lang.Thread.State: WAITING (on object monitor)
        at sun.misc.Unsafe.park(Native Method)
        at java.util.concurrent.locks.LockSupport.park(LockSupport.java:175)
        at java.util.concurrent.locks.AbstractQueuedSynchronizer$ConditionObject.await(AbstractQueuedSynchronizer.java:2039)
        at java.util.concurrent.ScheduledThreadPoolExecutor$DelayedWorkQueue.take(ScheduledThreadPoolExecutor.java:1088)
        at java.util.concurrent.ScheduledThreadPoolExecutor$DelayedWorkQueue.take(ScheduledThreadPoolExecutor.java:809)
        at java.util.concurrent.ThreadPoolExecutor.getTask(ThreadPoolExecutor.java:1074)
        at java.util.concurrent.ThreadPoolExecutor.runWorker(ThreadPoolExecutor.java:1134)
        at java.util.concurrent.ThreadPoolExecutor$Worker.run(ThreadPoolExecutor.java:624)
        at java.lang.Thread.run(Thread.java:750)
"PipelineCommandHandlerThread-0"  prio=5 tid=394 in Object.wait()
java.lang.Thread.State: WAITING (on object monitor)
        at sun.misc.Unsafe.park(Native Method)
        at java.util.concurrent.locks.LockSupport.park(LockSupport.java:175)
        at java.util.concurrent.locks.AbstractQueuedSynchronizer$ConditionObject.await(AbstractQueuedSynchronizer.java:2039)
        at java.util.concurrent.LinkedBlockingQueue.take(LinkedBlockingQueue.java:442)
        at java.util.concurrent.ThreadPoolExecutor.getTask(ThreadPoolExecutor.java:1074)
        at java.util.concurrent.ThreadPoolExecutor.runWorker(ThreadPoolExecutor.java:1134)
        at java.util.concurrent.ThreadPoolExecutor$Worker.run(ThreadPoolExecutor.java:624)
        at java.lang.Thread.run(Thread.java:750)
"Hadoop-Metrics-Updater-0" daemon prio=5 tid=32 timed_waiting
java.lang.Thread.State: TIMED_WAITING
        at sun.misc.Unsafe.park(Native Method)
        at java.util.concurrent.locks.LockSupport.parkNanos(LockSupport.java:215)
        at java.util.concurrent.locks.AbstractQueuedSynchronizer$ConditionObject.awaitNanos(AbstractQueuedSynchronizer.java:2078)
        at java.util.concurrent.ScheduledThreadPoolExecutor$DelayedWorkQueue.take(ScheduledThreadPoolExecutor.java:1093)
        at java.util.concurrent.ScheduledThreadPoolExecutor$DelayedWorkQueue.take(ScheduledThreadPoolExecutor.java:809)
        at java.util.concurrent.ThreadPoolExecutor.getTask(ThreadPoolExecutor.java:1074)
        at java.util.concurrent.ThreadPoolExecutor.runWorker(ThreadPoolExecutor.java:1134)
        at java.util.concurrent.ThreadPoolExecutor$Worker.run(ThreadPoolExecutor.java:624)
        at java.lang.Thread.run(Thread.java:750)
"IPC Server handler 6 on default port 15001" daemon prio=5 tid=75 timed_waiting
java.lang.Thread.State: TIMED_WAITING
        at sun.misc.Unsafe.park(Native Method)
        at java.util.concurrent.locks.LockSupport.parkNanos(LockSupport.java:215)
        at java.util.concurrent.locks.AbstractQueuedSynchronizer$ConditionObject.awaitNanos(AbstractQueuedSynchronizer.java:2078)
        at java.util.concurrent.LinkedBlockingQueue.poll(LinkedBlockingQueue.java:467)
        at org.apache.hadoop.ipc.CallQueueManager.take(CallQueueManager.java:317)
        at org.apache.hadoop.ipc.Server$Handler.run(Server.java:3014)
"ChunkReader-ELG-0" daemon prio=5 tid=379 runnable
java.lang.Thread.State: RUNNABLE
        at org.apache.ratis.thirdparty.io.netty.channel.epoll.Native.epollWait(Native Method)
        at org.apache.ratis.thirdparty.io.netty.channel.epoll.Native.epollWait(Native.java:209)
        at org.apache.ratis.thirdparty.io.netty.channel.epoll.Native.epollWait(Native.java:202)
        at org.apache.ratis.thirdparty.io.netty.channel.epoll.EpollEventLoop.epollWaitNoTimerChange(EpollEventLoop.java:306)
        at org.apache.ratis.thirdparty.io.netty.channel.epoll.EpollEventLoop.run(EpollEventLoop.java:363)
        at org.apache.ratis.thirdparty.io.netty.util.concurrent.SingleThreadEventExecutor$4.run(SingleThreadEventExecutor.java:997)
        at org.apache.ratis.thirdparty.io.netty.util.internal.ThreadExecutorMap$2.run(ThreadExecutorMap.java:74)
        at java.lang.Thread.run(Thread.java:750)
"EventQueue-OpenPipelineForHealthyPipelineSafeModeRule" daemon prio=5 tid=396 in Object.wait()
java.lang.Thread.State: WAITING (on object monitor)
        at sun.misc.Unsafe.park(Native Method)
        at java.util.concurrent.locks.LockSupport.park(LockSupport.java:175)
        at java.util.concurrent.locks.AbstractQueuedSynchronizer$ConditionObject.await(AbstractQueuedSynchronizer.java:2039)
        at java.util.concurrent.LinkedBlockingQueue.take(LinkedBlockingQueue.java:442)
        at java.util.concurrent.ThreadPoolExecutor.getTask(ThreadPoolExecutor.java:1074)
        at java.util.concurrent.ThreadPoolExecutor.runWorker(ThreadPoolExecutor.java:1134)
        at java.util.concurrent.ThreadPoolExecutor$Worker.run(ThreadPoolExecutor.java:624)
        at java.lang.Thread.run(Thread.java:750)
"e4211b8b-b648-43cb-96ad-95a5188c1410@group-9A01BBD50584-SegmentedRaftLogWorker" daemon prio=5 tid=422 timed_waiting
java.lang.Thread.State: TIMED_WAITING
        at sun.misc.Unsafe.park(Native Method)
        at java.util.concurrent.locks.LockSupport.parkNanos(LockSupport.java:215)
        at java.util.concurrent.locks.AbstractQueuedSynchronizer$ConditionObject.awaitNanos(AbstractQueuedSynchronizer.java:2078)
        at org.apache.ratis.util.DataBlockingQueue.poll(DataBlockingQueue.java:148)
        at org.apache.ratis.server.raftlog.segmented.SegmentedRaftLogWorker.run(SegmentedRaftLogWorker.java:307)
        at org.apache.ratis.server.raftlog.segmented.SegmentedRaftLogWorker$$Lambda$797/1364610811.run(Unknown Source)
        at java.util.concurrent.Executors$RunnableAdapter.call(Executors.java:511)
        at java.util.concurrent.FutureTask.run(FutureTask.java:266)
        at java.util.concurrent.ThreadPoolExecutor.runWorker(ThreadPoolExecutor.java:1149)
        at java.util.concurrent.ThreadPoolExecutor$Worker.run(ThreadPoolExecutor.java:624)
        at java.lang.Thread.run(Thread.java:750)
"JvmPauseMonitor2" daemon prio=5 tid=242 timed_waiting
java.lang.Thread.State: TIMED_WAITING
        at java.lang.Thread.sleep(Native Method)
        at java.lang.Thread.sleep(Thread.java:342)
        at java.util.concurrent.TimeUnit.sleep(TimeUnit.java:386)
        at org.apache.ratis.util.TimeDuration.sleep(TimeDuration.java:325)
        at org.apache.ratis.util.TimeDuration.sleep(TimeDuration.java:310)
        at org.apache.ratis.util.JvmPauseMonitor.detectPause(JvmPauseMonitor.java:117)
        at org.apache.ratis.util.JvmPauseMonitor.run(JvmPauseMonitor.java:106)
        at org.apache.ratis.util.JvmPauseMonitor$$Lambda$468/781449501.run(Unknown Source)
        at java.lang.Thread.run(Thread.java:750)
"FixedThreadPoolWithAffinityExecutor-6-0" daemon prio=5 tid=44 timed_waiting
java.lang.Thread.State: TIMED_WAITING
        at sun.misc.Unsafe.park(Native Method)
        at java.util.concurrent.locks.LockSupport.parkNanos(LockSupport.java:215)
        at java.util.concurrent.locks.AbstractQueuedSynchronizer$ConditionObject.awaitNanos(AbstractQueuedSynchronizer.java:2078)
        at java.util.concurrent.LinkedBlockingQueue.poll(LinkedBlockingQueue.java:467)
        at org.apache.hadoop.hdds.scm.server.ContainerReportQueue.poll(ContainerReportQueue.java:266)
        at org.apache.hadoop.hdds.scm.server.ContainerReportQueue.poll(ContainerReportQueue.java:42)
        at org.apache.hadoop.hdds.server.events.FixedThreadPoolWithAffinityExecutor$ContainerReportProcessTask.run(FixedThreadPoolWithAffinityExecutor.java:247)
        at java.util.concurrent.Executors$RunnableAdapter.call(Executors.java:511)
        at java.util.concurrent.FutureTask.run(FutureTask.java:266)
        at java.util.concurrent.ThreadPoolExecutor.runWorker(ThreadPoolExecutor.java:1149)
        at java.util.concurrent.ThreadPoolExecutor$Worker.run(ThreadPoolExecutor.java:624)
        at java.lang.Thread.run(Thread.java:750)
"ContainerOp-4ae2c880-1070-4148-9b0d-1f48da4a8ca8-2"  prio=5 tid=572 in Object.wait()
java.lang.Thread.State: WAITING (on object monitor)
        at sun.misc.Unsafe.park(Native Method)
        at java.util.concurrent.locks.LockSupport.park(LockSupport.java:175)
        at java.util.concurrent.locks.AbstractQueuedSynchronizer$ConditionObject.await(AbstractQueuedSynchronizer.java:2039)
        at java.util.concurrent.LinkedBlockingQueue.take(LinkedBlockingQueue.java:442)
        at java.util.concurrent.ThreadPoolExecutor.getTask(ThreadPoolExecutor.java:1074)
        at java.util.concurrent.ThreadPoolExecutor.runWorker(ThreadPoolExecutor.java:1134)
        at java.util.concurrent.ThreadPoolExecutor$Worker.run(ThreadPoolExecutor.java:624)
        at java.lang.Thread.run(Thread.java:750)
"SnapshotDiffCleanupService#0" daemon prio=5 tid=128 timed_waiting
java.lang.Thread.State: TIMED_WAITING
        at sun.misc.Unsafe.park(Native Method)
        at java.util.concurrent.locks.LockSupport.parkNanos(LockSupport.java:215)
        at java.util.concurrent.locks.AbstractQueuedSynchronizer$ConditionObject.awaitNanos(AbstractQueuedSynchronizer.java:2078)
        at java.util.concurrent.ScheduledThreadPoolExecutor$DelayedWorkQueue.take(ScheduledThreadPoolExecutor.java:1093)
        at java.util.concurrent.ScheduledThreadPoolExecutor$DelayedWorkQueue.take(ScheduledThreadPoolExecutor.java:809)
        at java.util.concurrent.ThreadPoolExecutor.getTask(ThreadPoolExecutor.java:1074)
        at java.util.concurrent.ThreadPoolExecutor.runWorker(ThreadPoolExecutor.java:1134)
        at java.util.concurrent.ThreadPoolExecutor$Worker.run(ThreadPoolExecutor.java:624)
        at java.lang.Thread.run(Thread.java:750)
"IPC Server handler 14 on default port 15000" daemon prio=5 tid=63 timed_waiting
java.lang.Thread.State: TIMED_WAITING
        at sun.misc.Unsafe.park(Native Method)
        at java.util.concurrent.locks.LockSupport.parkNanos(LockSupport.java:215)
        at java.util.concurrent.locks.AbstractQueuedSynchronizer$ConditionObject.awaitNanos(AbstractQueuedSynchronizer.java:2078)
        at java.util.concurrent.LinkedBlockingQueue.poll(LinkedBlockingQueue.java:467)
        at org.apache.hadoop.ipc.CallQueueManager.take(CallQueueManager.java:317)
        at org.apache.hadoop.ipc.Server$Handler.run(Server.java:3014)
"IPC Server handler 7 on default port 15001" daemon prio=5 tid=76 timed_waiting
java.lang.Thread.State: TIMED_WAITING
        at sun.misc.Unsafe.park(Native Method)
        at java.util.concurrent.locks.LockSupport.parkNanos(LockSupport.java:215)
        at java.util.concurrent.locks.AbstractQueuedSynchronizer$ConditionObject.awaitNanos(AbstractQueuedSynchronizer.java:2078)
        at java.util.concurrent.LinkedBlockingQueue.poll(LinkedBlockingQueue.java:467)
        at org.apache.hadoop.ipc.CallQueueManager.take(CallQueueManager.java:317)
        at org.apache.hadoop.ipc.Server$Handler.run(Server.java:3014)
"JvmPauseMonitor5" daemon prio=5 tid=378 timed_waiting
java.lang.Thread.State: TIMED_WAITING
        at java.lang.Thread.sleep(Native Method)
        at java.lang.Thread.sleep(Thread.java:342)
        at java.util.concurrent.TimeUnit.sleep(TimeUnit.java:386)
        at org.apache.ratis.util.TimeDuration.sleep(TimeDuration.java:325)
        at org.apache.ratis.util.TimeDuration.sleep(TimeDuration.java:310)
        at org.apache.ratis.util.JvmPauseMonitor.detectPause(JvmPauseMonitor.java:117)
        at org.apache.ratis.util.JvmPauseMonitor.run(JvmPauseMonitor.java:106)
        at org.apache.ratis.util.JvmPauseMonitor$$Lambda$468/781449501.run(Unknown Source)
        at java.lang.Thread.run(Thread.java:750)
"SSL Certificates Store Monitor" daemon prio=5 tid=189 in Object.wait()
java.lang.Thread.State: WAITING (on object monitor)
        at java.lang.Object.wait(Native Method)
        at java.lang.Object.wait(Object.java:502)
        at java.util.TimerThread.mainLoop(Timer.java:526)
        at java.util.TimerThread.run(Timer.java:505)
"BlockDeletingService#0" daemon prio=5 tid=348 timed_waiting
java.lang.Thread.State: TIMED_WAITING
        at sun.misc.Unsafe.park(Native Method)
        at java.util.concurrent.locks.LockSupport.parkNanos(LockSupport.java:215)
        at java.util.concurrent.locks.AbstractQueuedSynchronizer$ConditionObject.awaitNanos(AbstractQueuedSynchronizer.java:2078)
        at java.util.concurrent.ScheduledThreadPoolExecutor$DelayedWorkQueue.take(ScheduledThreadPoolExecutor.java:1093)
        at java.util.concurrent.ScheduledThreadPoolExecutor$DelayedWorkQueue.take(ScheduledThreadPoolExecutor.java:809)
        at java.util.concurrent.ThreadPoolExecutor.getTask(ThreadPoolExecutor.java:1074)
        at java.util.concurrent.ThreadPoolExecutor.runWorker(ThreadPoolExecutor.java:1134)
        at java.util.concurrent.ThreadPoolExecutor$Worker.run(ThreadPoolExecutor.java:624)
        at java.lang.Thread.run(Thread.java:750)
"IPC Server listener on 15002" daemon prio=5 tid=23 runnable
java.lang.Thread.State: RUNNABLE
        at sun.nio.ch.EPollArrayWrapper.epollWait(Native Method)
        at sun.nio.ch.EPollArrayWrapper.poll(EPollArrayWrapper.java:269)
        at sun.nio.ch.EPollSelectorImpl.doSelect(EPollSelectorImpl.java:93)
        at sun.nio.ch.SelectorImpl.lockAndDoSelect(SelectorImpl.java:86)
        at sun.nio.ch.SelectorImpl.select(SelectorImpl.java:97)
        at sun.nio.ch.SelectorImpl.select(SelectorImpl.java:101)
        at org.apache.hadoop.ipc.Server$Listener.run(Server.java:1408)
"IPC Server handler 19 on default port 15001" daemon prio=5 tid=88 timed_waiting
java.lang.Thread.State: TIMED_WAITING
        at sun.misc.Unsafe.park(Native Method)
        at java.util.concurrent.locks.LockSupport.parkNanos(LockSupport.java:215)
        at java.util.concurrent.locks.AbstractQueuedSynchronizer$ConditionObject.awaitNanos(AbstractQueuedSynchronizer.java:2078)
        at java.util.concurrent.LinkedBlockingQueue.poll(LinkedBlockingQueue.java:467)
        at org.apache.hadoop.ipc.CallQueueManager.take(CallQueueManager.java:317)
        at org.apache.hadoop.ipc.Server$Handler.run(Server.java:3014)
"StaleRecoveringContainerScrubbingService#0" daemon prio=5 tid=365 in Object.wait()
java.lang.Thread.State: WAITING (on object monitor)
        at sun.misc.Unsafe.park(Native Method)
        at java.util.concurrent.locks.LockSupport.park(LockSupport.java:175)
        at java.util.concurrent.locks.AbstractQueuedSynchronizer$ConditionObject.await(AbstractQueuedSynchronizer.java:2039)
        at java.util.concurrent.ScheduledThreadPoolExecutor$DelayedWorkQueue.take(ScheduledThreadPoolExecutor.java:1088)
        at java.util.concurrent.ScheduledThreadPoolExecutor$DelayedWorkQueue.take(ScheduledThreadPoolExecutor.java:809)
        at java.util.concurrent.ThreadPoolExecutor.getTask(ThreadPoolExecutor.java:1074)
        at java.util.concurrent.ThreadPoolExecutor.runWorker(ThreadPoolExecutor.java:1134)
        at java.util.concurrent.ThreadPoolExecutor$Worker.run(ThreadPoolExecutor.java:624)
        at java.lang.Thread.run(Thread.java:750)
"IPC Server handler 14 on default port 15004" daemon prio=5 tid=176 timed_waiting
java.lang.Thread.State: TIMED_WAITING
        at sun.misc.Unsafe.park(Native Method)
        at java.util.concurrent.locks.LockSupport.parkNanos(LockSupport.java:215)
        at java.util.concurrent.locks.AbstractQueuedSynchronizer$ConditionObject.awaitNanos(AbstractQueuedSynchronizer.java:2078)
        at java.util.concurrent.LinkedBlockingQueue.poll(LinkedBlockingQueue.java:467)
        at org.apache.hadoop.ipc.CallQueueManager.take(CallQueueManager.java:317)
        at org.apache.hadoop.ipc.Server$Handler.run(Server.java:3014)
"qtp1648385724-159" daemon prio=5 tid=159 timed_waiting
java.lang.Thread.State: TIMED_WAITING
        at sun.misc.Unsafe.park(Native Method)
        at java.util.concurrent.locks.LockSupport.parkNanos(LockSupport.java:215)
        at java.util.concurrent.locks.AbstractQueuedSynchronizer$ConditionObject.awaitNanos(AbstractQueuedSynchronizer.java:2078)
        at org.eclipse.jetty.util.BlockingArrayQueue.poll(BlockingArrayQueue.java:382)
        at org.eclipse.jetty.util.thread.QueuedThreadPool$Runner.idleJobPoll(QueuedThreadPool.java:974)
        at org.eclipse.jetty.util.thread.QueuedThreadPool$Runner.run(QueuedThreadPool.java:1018)
        at java.lang.Thread.run(Thread.java:750)
"e4211b8b-b648-43cb-96ad-95a5188c1410-server-thread1" daemon prio=5 tid=487 timed_waiting
java.lang.Thread.State: TIMED_WAITING
        at sun.misc.Unsafe.park(Native Method)
        at java.util.concurrent.locks.LockSupport.parkNanos(LockSupport.java:215)
        at java.util.concurrent.SynchronousQueue$TransferStack.awaitFulfill(SynchronousQueue.java:460)
        at java.util.concurrent.SynchronousQueue$TransferStack.transfer(SynchronousQueue.java:362)
        at java.util.concurrent.SynchronousQueue.poll(SynchronousQueue.java:941)
        at java.util.concurrent.ThreadPoolExecutor.getTask(ThreadPoolExecutor.java:1073)
        at java.util.concurrent.ThreadPoolExecutor.runWorker(ThreadPoolExecutor.java:1134)
        at java.util.concurrent.ThreadPoolExecutor$Worker.run(ThreadPoolExecutor.java:624)
        at java.lang.Thread.run(Thread.java:750)
"ContainerOp-4ae2c880-1070-4148-9b0d-1f48da4a8ca8-0"  prio=5 tid=558 in Object.wait()
java.lang.Thread.State: WAITING (on object monitor)
        at sun.misc.Unsafe.park(Native Method)
        at java.util.concurrent.locks.LockSupport.park(LockSupport.java:175)
        at java.util.concurrent.locks.AbstractQueuedSynchronizer$ConditionObject.await(AbstractQueuedSynchronizer.java:2039)
        at java.util.concurrent.LinkedBlockingQueue.take(LinkedBlockingQueue.java:442)
        at java.util.concurrent.ThreadPoolExecutor.getTask(ThreadPoolExecutor.java:1074)
        at java.util.concurrent.ThreadPoolExecutor.runWorker(ThreadPoolExecutor.java:1134)
        at java.util.concurrent.ThreadPoolExecutor$Worker.run(ThreadPoolExecutor.java:624)
        at java.lang.Thread.run(Thread.java:750)
"IPC Client (1032600842) connection to 0.0.0.0/0.0.0.0:15009 from runner" daemon prio=5 tid=337 timed_waiting
java.lang.Thread.State: TIMED_WAITING
        at java.lang.Object.wait(Native Method)
        at org.apache.hadoop.ipc.Client$Connection.waitForWork(Client.java:1026)
        at org.apache.hadoop.ipc.Client$Connection.run(Client.java:1077)
"Session-HouseKeeper-5b476930-1"  prio=5 tid=121 timed_waiting
java.lang.Thread.State: TIMED_WAITING
        at sun.misc.Unsafe.park(Native Method)
        at java.util.concurrent.locks.LockSupport.parkNanos(LockSupport.java:215)
        at java.util.concurrent.locks.AbstractQueuedSynchronizer$ConditionObject.awaitNanos(AbstractQueuedSynchronizer.java:2078)
        at java.util.concurrent.ScheduledThreadPoolExecutor$DelayedWorkQueue.take(ScheduledThreadPoolExecutor.java:1093)
        at java.util.concurrent.ScheduledThreadPoolExecutor$DelayedWorkQueue.take(ScheduledThreadPoolExecutor.java:809)
        at java.util.concurrent.ThreadPoolExecutor.getTask(ThreadPoolExecutor.java:1074)
        at java.util.concurrent.ThreadPoolExecutor.runWorker(ThreadPoolExecutor.java:1134)
        at java.util.concurrent.ThreadPoolExecutor$Worker.run(ThreadPoolExecutor.java:624)
        at java.lang.Thread.run(Thread.java:750)
"IPC Server idle connection scanner for port 15000" daemon prio=5 tid=35 timed_waiting
java.lang.Thread.State: TIMED_WAITING
        at java.lang.Object.wait(Native Method)
        at java.util.TimerThread.mainLoop(Timer.java:552)
        at java.util.TimerThread.run(Timer.java:505)
"FixedThreadPoolWithAffinityExecutor-5-0" daemon prio=5 tid=201 timed_waiting
java.lang.Thread.State: TIMED_WAITING
        at sun.misc.Unsafe.park(Native Method)
        at java.util.concurrent.locks.LockSupport.parkNanos(LockSupport.java:215)
        at java.util.concurrent.locks.AbstractQueuedSynchronizer$ConditionObject.awaitNanos(AbstractQueuedSynchronizer.java:2078)
        at java.util.concurrent.LinkedBlockingQueue.poll(LinkedBlockingQueue.java:467)
        at org.apache.hadoop.hdds.scm.server.ContainerReportQueue.poll(ContainerReportQueue.java:266)
        at org.apache.hadoop.hdds.scm.server.ContainerReportQueue.poll(ContainerReportQueue.java:42)
        at org.apache.hadoop.hdds.server.events.FixedThreadPoolWithAffinityExecutor$ContainerReportProcessTask.run(FixedThreadPoolWithAffinityExecutor.java:247)
        at java.util.concurrent.Executors$RunnableAdapter.call(Executors.java:511)
        at java.util.concurrent.FutureTask.run(FutureTask.java:266)
        at java.util.concurrent.ThreadPoolExecutor.runWorker(ThreadPoolExecutor.java:1149)
        at java.util.concurrent.ThreadPoolExecutor$Worker.run(ThreadPoolExecutor.java:624)
        at java.lang.Thread.run(Thread.java:750)
"qtp1811082427-114-acceptor-0@4b30b785-ServerConnector@73bb782d{HTTP/1.1, (http/1.1)}{0.0.0.0:15003}" daemon prio=3 tid=114 runnable
java.lang.Thread.State: RUNNABLE
        at sun.nio.ch.ServerSocketChannelImpl.accept0(Native Method)
        at sun.nio.ch.ServerSocketChannelImpl.accept(ServerSocketChannelImpl.java:421)
        at sun.nio.ch.ServerSocketChannelImpl.accept(ServerSocketChannelImpl.java:249)
        at org.eclipse.jetty.server.ServerConnector.accept(ServerConnector.java:388)
        at org.eclipse.jetty.server.AbstractConnector$Acceptor.run(AbstractConnector.java:704)
        at org.eclipse.jetty.util.thread.QueuedThreadPool.runJob(QueuedThreadPool.java:883)
        at org.eclipse.jetty.util.thread.QueuedThreadPool$Runner.run(QueuedThreadPool.java:1034)
        at java.lang.Thread.run(Thread.java:750)
"Datanode State Machine Task Thread - 0"  prio=5 tid=331 in Object.wait()
java.lang.Thread.State: WAITING (on object monitor)
        at sun.misc.Unsafe.park(Native Method)
        at java.util.concurrent.locks.LockSupport.park(LockSupport.java:175)
        at java.util.concurrent.locks.AbstractQueuedSynchronizer$ConditionObject.await(AbstractQueuedSynchronizer.java:2039)
        at java.util.concurrent.LinkedBlockingQueue.take(LinkedBlockingQueue.java:442)
        at java.util.concurrent.ThreadPoolExecutor.getTask(ThreadPoolExecutor.java:1074)
        at java.util.concurrent.ThreadPoolExecutor.runWorker(ThreadPoolExecutor.java:1134)
        at java.util.concurrent.ThreadPoolExecutor$Worker.run(ThreadPoolExecutor.java:624)
        at java.lang.Thread.run(Thread.java:750)
"qtp1695980007-251" daemon prio=5 tid=251 runnable
java.lang.Thread.State: RUNNABLE
        at sun.nio.ch.EPollArrayWrapper.epollWait(Native Method)
        at sun.nio.ch.EPollArrayWrapper.poll(EPollArrayWrapper.java:269)
        at sun.nio.ch.EPollSelectorImpl.doSelect(EPollSelectorImpl.java:93)
        at sun.nio.ch.SelectorImpl.lockAndDoSelect(SelectorImpl.java:86)
        at sun.nio.ch.SelectorImpl.select(SelectorImpl.java:97)
        at sun.nio.ch.SelectorImpl.select(SelectorImpl.java:101)
        at org.eclipse.jetty.io.ManagedSelector.nioSelect(ManagedSelector.java:183)
        at org.eclipse.jetty.io.ManagedSelector.select(ManagedSelector.java:190)
        at org.eclipse.jetty.io.ManagedSelector$SelectorProducer.select(ManagedSelector.java:606)
        at org.eclipse.jetty.io.ManagedSelector$SelectorProducer.produce(ManagedSelector.java:543)
        at org.eclipse.jetty.util.thread.strategy.EatWhatYouKill.produceTask(EatWhatYouKill.java:362)
        at org.eclipse.jetty.util.thread.strategy.EatWhatYouKill.doProduce(EatWhatYouKill.java:186)
        at org.eclipse.jetty.util.thread.strategy.EatWhatYouKill.tryProduce(EatWhatYouKill.java:173)
        at org.eclipse.jetty.util.thread.strategy.EatWhatYouKill.produce(EatWhatYouKill.java:137)
        at org.eclipse.jetty.io.ManagedSelector$$Lambda$503/1412764055.run(Unknown Source)
        at org.eclipse.jetty.util.thread.QueuedThreadPool.runJob(QueuedThreadPool.java:883)
        at org.eclipse.jetty.util.thread.QueuedThreadPool$Runner.run(QueuedThreadPool.java:1034)
        at java.lang.Thread.run(Thread.java:750)
"IPC Server handler 7 on default port 15000" daemon prio=5 tid=56 timed_waiting
java.lang.Thread.State: TIMED_WAITING
        at sun.misc.Unsafe.park(Native Method)
        at java.util.concurrent.locks.LockSupport.parkNanos(LockSupport.java:215)
        at java.util.concurrent.locks.AbstractQueuedSynchronizer$ConditionObject.awaitNanos(AbstractQueuedSynchronizer.java:2078)
        at java.util.concurrent.LinkedBlockingQueue.poll(LinkedBlockingQueue.java:467)
        at org.apache.hadoop.ipc.CallQueueManager.take(CallQueueManager.java:317)
        at org.apache.hadoop.ipc.Server$Handler.run(Server.java:3014)
"IPC Server Responder" daemon prio=5 tid=292 runnable
java.lang.Thread.State: RUNNABLE
        at sun.nio.ch.EPollArrayWrapper.epollWait(Native Method)
        at sun.nio.ch.EPollArrayWrapper.poll(EPollArrayWrapper.java:269)
        at sun.nio.ch.EPollSelectorImpl.doSelect(EPollSelectorImpl.java:93)
        at sun.nio.ch.SelectorImpl.lockAndDoSelect(SelectorImpl.java:86)
        at sun.nio.ch.SelectorImpl.select(SelectorImpl.java:97)
        at org.apache.hadoop.ipc.Server$Responder.doRunLoop(Server.java:1582)
        at org.apache.hadoop.ipc.Server$Responder.run(Server.java:1565)
"EndpointStateMachine task thread for /0.0.0.0:15009 - 0 "  prio=5 tid=370 in Object.wait()
java.lang.Thread.State: WAITING (on object monitor)
        at sun.misc.Unsafe.park(Native Method)
        at java.util.concurrent.locks.LockSupport.park(LockSupport.java:175)
        at java.util.concurrent.locks.AbstractQueuedSynchronizer$ConditionObject.await(AbstractQueuedSynchronizer.java:2039)
        at java.util.concurrent.LinkedBlockingQueue.take(LinkedBlockingQueue.java:442)
        at java.util.concurrent.ThreadPoolExecutor.getTask(ThreadPoolExecutor.java:1074)
        at java.util.concurrent.ThreadPoolExecutor.runWorker(ThreadPoolExecutor.java:1134)
        at java.util.concurrent.ThreadPoolExecutor$Worker.run(ThreadPoolExecutor.java:624)
        at java.lang.Thread.run(Thread.java:750)
"125b6ccd-ab10-424e-ac54-cb3b86c02134@group-1F48DA4A8CA8-StateMachineUpdater" daemon prio=5 tid=448 timed_waiting
java.lang.Thread.State: TIMED_WAITING
        at sun.misc.Unsafe.park(Native Method)
        at java.util.concurrent.locks.LockSupport.parkNanos(LockSupport.java:215)
        at java.util.concurrent.locks.AbstractQueuedSynchronizer$ConditionObject.await(AbstractQueuedSynchronizer.java:2163)
        at org.apache.ratis.util.AwaitForSignal.await(AwaitForSignal.java:62)
        at org.apache.ratis.server.impl.StateMachineUpdater.waitForCommit(StateMachineUpdater.java:209)
        at org.apache.ratis.server.impl.StateMachineUpdater.run(StateMachineUpdater.java:178)
        at java.lang.Thread.run(Thread.java:750)
"om1@group-C5BA1605619E-LeaderStateImpl" daemon prio=5 tid=184 timed_waiting
java.lang.Thread.State: TIMED_WAITING
        at sun.misc.Unsafe.park(Native Method)
        at java.util.concurrent.locks.LockSupport.parkNanos(LockSupport.java:215)
        at java.util.concurrent.locks.AbstractQueuedSynchronizer$ConditionObject.awaitNanos(AbstractQueuedSynchronizer.java:2078)
        at java.util.concurrent.ArrayBlockingQueue.poll(ArrayBlockingQueue.java:418)
        at org.apache.ratis.server.impl.LeaderStateImpl$EventQueue.poll(LeaderStateImpl.java:164)
        at org.apache.ratis.server.impl.LeaderStateImpl$EventProcessor.run(LeaderStateImpl.java:702)
"IPC Server listener on 15009" daemon prio=5 tid=191 runnable
java.lang.Thread.State: RUNNABLE
        at sun.nio.ch.EPollArrayWrapper.epollWait(Native Method)
        at sun.nio.ch.EPollArrayWrapper.poll(EPollArrayWrapper.java:269)
        at sun.nio.ch.EPollSelectorImpl.doSelect(EPollSelectorImpl.java:93)
        at sun.nio.ch.SelectorImpl.lockAndDoSelect(SelectorImpl.java:86)
        at sun.nio.ch.SelectorImpl.select(SelectorImpl.java:97)
        at sun.nio.ch.SelectorImpl.select(SelectorImpl.java:101)
        at org.apache.hadoop.ipc.Server$Listener.run(Server.java:1408)
"8aaa379b-76d2-401e-9e9b-5f71144f2a0c@group-1F48DA4A8CA8-SegmentedRaftLogWorker"  prio=5 tid=449 timed_waiting
java.lang.Thread.State: TIMED_WAITING
        at sun.misc.Unsafe.park(Native Method)
        at java.util.concurrent.locks.LockSupport.parkNanos(LockSupport.java:215)
        at java.util.concurrent.locks.AbstractQueuedSynchronizer$ConditionObject.awaitNanos(AbstractQueuedSynchronizer.java:2078)
        at org.apache.ratis.util.DataBlockingQueue.poll(DataBlockingQueue.java:148)
        at org.apache.ratis.server.raftlog.segmented.SegmentedRaftLogWorker.run(SegmentedRaftLogWorker.java:307)
        at org.apache.ratis.server.raftlog.segmented.SegmentedRaftLogWorker$$Lambda$797/1364610811.run(Unknown Source)
        at java.util.concurrent.Executors$RunnableAdapter.call(Executors.java:511)
        at java.util.concurrent.FutureTask.run(FutureTask.java:266)
        at java.util.concurrent.ThreadPoolExecutor.runWorker(ThreadPoolExecutor.java:1149)
        at java.util.concurrent.ThreadPoolExecutor$Worker.run(ThreadPoolExecutor.java:624)
        at java.lang.Thread.run(Thread.java:750)
"BlockDeletingService#2" daemon prio=5 tid=944 in Object.wait()
java.lang.Thread.State: WAITING (on object monitor)
        at sun.misc.Unsafe.park(Native Method)
        at java.util.concurrent.locks.LockSupport.park(LockSupport.java:175)
        at java.util.concurrent.locks.AbstractQueuedSynchronizer$ConditionObject.await(AbstractQueuedSynchronizer.java:2039)
        at java.util.concurrent.ScheduledThreadPoolExecutor$DelayedWorkQueue.take(ScheduledThreadPoolExecutor.java:1088)
        at java.util.concurrent.ScheduledThreadPoolExecutor$DelayedWorkQueue.take(ScheduledThreadPoolExecutor.java:809)
        at java.util.concurrent.ThreadPoolExecutor.getTask(ThreadPoolExecutor.java:1074)
        at java.util.concurrent.ThreadPoolExecutor.runWorker(ThreadPoolExecutor.java:1134)
        at java.util.concurrent.ThreadPoolExecutor$Worker.run(ThreadPoolExecutor.java:624)
        at java.lang.Thread.run(Thread.java:750)
"EventQueue-PipelineReportForOneReplicaPipelineSafeModeRule" daemon prio=5 tid=389 in Object.wait()
java.lang.Thread.State: WAITING (on object monitor)
        at sun.misc.Unsafe.park(Native Method)
        at java.util.concurrent.locks.LockSupport.park(LockSupport.java:175)
        at java.util.concurrent.locks.AbstractQueuedSynchronizer$ConditionObject.await(AbstractQueuedSynchronizer.java:2039)
        at java.util.concurrent.LinkedBlockingQueue.take(LinkedBlockingQueue.java:442)
        at java.util.concurrent.ThreadPoolExecutor.getTask(ThreadPoolExecutor.java:1074)
        at java.util.concurrent.ThreadPoolExecutor.runWorker(ThreadPoolExecutor.java:1134)
        at java.util.concurrent.ThreadPoolExecutor$Worker.run(ThreadPoolExecutor.java:624)
        at java.lang.Thread.run(Thread.java:750)
"PartialTableCache Cleanup Thread - 0" daemon prio=5 tid=800 in Object.wait()
java.lang.Thread.State: WAITING (on object monitor)
        at sun.misc.Unsafe.park(Native Method)
        at java.util.concurrent.locks.LockSupport.park(LockSupport.java:175)
        at java.util.concurrent.locks.AbstractQueuedSynchronizer$ConditionObject.await(AbstractQueuedSynchronizer.java:2039)
        at java.util.concurrent.LinkedBlockingQueue.take(LinkedBlockingQueue.java:442)
        at java.util.concurrent.ThreadPoolExecutor.getTask(ThreadPoolExecutor.java:1074)
        at java.util.concurrent.ThreadPoolExecutor.runWorker(ThreadPoolExecutor.java:1134)
        at java.util.concurrent.ThreadPoolExecutor$Worker.run(ThreadPoolExecutor.java:624)
        at java.lang.Thread.run(Thread.java:750)
"IPC Server handler 7 on default port 15002" daemon prio=5 tid=96 timed_waiting
java.lang.Thread.State: TIMED_WAITING
        at sun.misc.Unsafe.park(Native Method)
        at java.util.concurrent.locks.LockSupport.parkNanos(LockSupport.java:215)
        at java.util.concurrent.locks.AbstractQueuedSynchronizer$ConditionObject.awaitNanos(AbstractQueuedSynchronizer.java:2078)
        at java.util.concurrent.LinkedBlockingQueue.poll(LinkedBlockingQueue.java:467)
        at org.apache.hadoop.ipc.CallQueueManager.take(CallQueueManager.java:317)
        at org.apache.hadoop.ipc.Server$Handler.run(Server.java:3014)
"Datanode State Machine Task Thread - 1"  prio=5 tid=352 in Object.wait()
java.lang.Thread.State: WAITING (on object monitor)
        at sun.misc.Unsafe.park(Native Method)
        at java.util.concurrent.locks.LockSupport.park(LockSupport.java:175)
        at java.util.concurrent.locks.AbstractQueuedSynchronizer$ConditionObject.await(AbstractQueuedSynchronizer.java:2039)
        at java.util.concurrent.LinkedBlockingQueue.take(LinkedBlockingQueue.java:442)
        at java.util.concurrent.ThreadPoolExecutor.getTask(ThreadPoolExecutor.java:1074)
        at java.util.concurrent.ThreadPoolExecutor.runWorker(ThreadPoolExecutor.java:1134)
        at java.util.concurrent.ThreadPoolExecutor$Worker.run(ThreadPoolExecutor.java:624)
        at java.lang.Thread.run(Thread.java:750)
"ChunkWriter-0-0" daemon prio=5 tid=374 in Object.wait()
java.lang.Thread.State: WAITING (on object monitor)
        at sun.misc.Unsafe.park(Native Method)
        at java.util.concurrent.locks.LockSupport.park(LockSupport.java:175)
        at java.util.concurrent.locks.AbstractQueuedSynchronizer$ConditionObject.await(AbstractQueuedSynchronizer.java:2039)
        at java.util.concurrent.LinkedBlockingDeque.takeFirst(LinkedBlockingDeque.java:492)
        at java.util.concurrent.LinkedBlockingDeque.take(LinkedBlockingDeque.java:680)
        at java.util.concurrent.ThreadPoolExecutor.getTask(ThreadPoolExecutor.java:1074)
        at java.util.concurrent.ThreadPoolExecutor.runWorker(ThreadPoolExecutor.java:1134)
        at java.util.concurrent.ThreadPoolExecutor$Worker.run(ThreadPoolExecutor.java:624)
        at java.lang.Thread.run(Thread.java:750)
"RatisPipelineUtilsThread - 0"  prio=5 tid=15 timed_waiting
java.lang.Thread.State: TIMED_WAITING
        at java.lang.Object.wait(Native Method)
        at org.apache.hadoop.hdds.scm.pipeline.BackgroundPipelineCreator.run(BackgroundPipelineCreator.java:176)
        at org.apache.hadoop.hdds.scm.pipeline.BackgroundPipelineCreator$$Lambda$418/533053618.run(Unknown Source)
        at java.lang.Thread.run(Thread.java:750)
"qtp1811082427-113" daemon prio=5 tid=113 runnable
java.lang.Thread.State: RUNNABLE
        at sun.nio.ch.EPollArrayWrapper.epollWait(Native Method)
        at sun.nio.ch.EPollArrayWrapper.poll(EPollArrayWrapper.java:269)
        at sun.nio.ch.EPollSelectorImpl.doSelect(EPollSelectorImpl.java:93)
        at sun.nio.ch.SelectorImpl.lockAndDoSelect(SelectorImpl.java:86)
        at sun.nio.ch.SelectorImpl.select(SelectorImpl.java:97)
        at sun.nio.ch.SelectorImpl.select(SelectorImpl.java:101)
        at org.eclipse.jetty.io.ManagedSelector.nioSelect(ManagedSelector.java:183)
        at org.eclipse.jetty.io.ManagedSelector.select(ManagedSelector.java:190)
        at org.eclipse.jetty.io.ManagedSelector$SelectorProducer.select(ManagedSelector.java:606)
        at org.eclipse.jetty.io.ManagedSelector$SelectorProducer.produce(ManagedSelector.java:543)
        at org.eclipse.jetty.util.thread.strategy.EatWhatYouKill.produceTask(EatWhatYouKill.java:362)
        at org.eclipse.jetty.util.thread.strategy.EatWhatYouKill.doProduce(EatWhatYouKill.java:186)
        at org.eclipse.jetty.util.thread.strategy.EatWhatYouKill.tryProduce(EatWhatYouKill.java:173)
        at org.eclipse.jetty.util.thread.strategy.EatWhatYouKill.produce(EatWhatYouKill.java:137)
        at org.eclipse.jetty.io.ManagedSelector$$Lambda$503/1412764055.run(Unknown Source)
        at org.eclipse.jetty.util.thread.QueuedThreadPool.runJob(QueuedThreadPool.java:883)
        at org.eclipse.jetty.util.thread.QueuedThreadPool$Runner.run(QueuedThreadPool.java:1034)
        at java.lang.Thread.run(Thread.java:750)
"IPC Server handler 4 on default port 15000" daemon prio=5 tid=53 timed_waiting
java.lang.Thread.State: TIMED_WAITING
        at sun.misc.Unsafe.park(Native Method)
        at java.util.concurrent.locks.LockSupport.parkNanos(LockSupport.java:215)
        at java.util.concurrent.locks.AbstractQueuedSynchronizer$ConditionObject.awaitNanos(AbstractQueuedSynchronizer.java:2078)
        at java.util.concurrent.LinkedBlockingQueue.poll(LinkedBlockingQueue.java:467)
        at org.apache.hadoop.ipc.CallQueueManager.take(CallQueueManager.java:317)
        at org.apache.hadoop.ipc.Server$Handler.run(Server.java:3014)
"qtp1704019169-280" daemon prio=5 tid=280 runnable
java.lang.Thread.State: RUNNABLE
        at sun.nio.ch.EPollArrayWrapper.epollWait(Native Method)
        at sun.nio.ch.EPollArrayWrapper.poll(EPollArrayWrapper.java:269)
        at sun.nio.ch.EPollSelectorImpl.doSelect(EPollSelectorImpl.java:93)
        at sun.nio.ch.SelectorImpl.lockAndDoSelect(SelectorImpl.java:86)
        at sun.nio.ch.SelectorImpl.select(SelectorImpl.java:97)
        at sun.nio.ch.SelectorImpl.select(SelectorImpl.java:101)
        at org.eclipse.jetty.io.ManagedSelector.nioSelect(ManagedSelector.java:183)
        at org.eclipse.jetty.io.ManagedSelector.select(ManagedSelector.java:190)
        at org.eclipse.jetty.io.ManagedSelector$SelectorProducer.select(ManagedSelector.java:606)
        at org.eclipse.jetty.io.ManagedSelector$SelectorProducer.produce(ManagedSelector.java:543)
        at org.eclipse.jetty.util.thread.strategy.EatWhatYouKill.produceTask(EatWhatYouKill.java:362)
        at org.eclipse.jetty.util.thread.strategy.EatWhatYouKill.doProduce(EatWhatYouKill.java:186)
        at org.eclipse.jetty.util.thread.strategy.EatWhatYouKill.tryProduce(EatWhatYouKill.java:173)
        at org.eclipse.jetty.util.thread.strategy.EatWhatYouKill.produce(EatWhatYouKill.java:137)
        at org.eclipse.jetty.io.ManagedSelector$$Lambda$503/1412764055.run(Unknown Source)
        at org.eclipse.jetty.util.thread.QueuedThreadPool.runJob(QueuedThreadPool.java:883)
        at org.eclipse.jetty.util.thread.QueuedThreadPool$Runner.run(QueuedThreadPool.java:1034)
        at java.lang.Thread.run(Thread.java:750)
"qtp837784224-213" daemon prio=5 tid=213 timed_waiting
java.lang.Thread.State: TIMED_WAITING
        at sun.misc.Unsafe.park(Native Method)
        at java.util.concurrent.locks.LockSupport.parkNanos(LockSupport.java:215)
        at java.util.concurrent.locks.AbstractQueuedSynchronizer$ConditionObject.awaitNanos(AbstractQueuedSynchronizer.java:2078)
        at org.eclipse.jetty.util.BlockingArrayQueue.poll(BlockingArrayQueue.java:382)
        at org.eclipse.jetty.util.thread.QueuedThreadPool$Runner.idleJobPoll(QueuedThreadPool.java:974)
        at org.eclipse.jetty.util.thread.QueuedThreadPool$Runner.run(QueuedThreadPool.java:1018)
        at java.lang.Thread.run(Thread.java:750)
"om1@group-C5BA1605619E-StateMachineUpdater" daemon prio=5 tid=143 timed_waiting
java.lang.Thread.State: TIMED_WAITING
        at sun.misc.Unsafe.park(Native Method)
        at java.util.concurrent.locks.LockSupport.parkNanos(LockSupport.java:215)
        at java.util.concurrent.locks.AbstractQueuedSynchronizer$ConditionObject.await(AbstractQueuedSynchronizer.java:2163)
        at org.apache.ratis.util.AwaitForSignal.await(AwaitForSignal.java:62)
        at org.apache.ratis.server.impl.StateMachineUpdater.waitForCommit(StateMachineUpdater.java:209)
        at org.apache.ratis.server.impl.StateMachineUpdater.run(StateMachineUpdater.java:178)
        at java.lang.Thread.run(Thread.java:750)
"FixedThreadPoolWithAffinityExecutor-7-0" daemon prio=5 tid=45 timed_waiting
java.lang.Thread.State: TIMED_WAITING
        at sun.misc.Unsafe.park(Native Method)
        at java.util.concurrent.locks.LockSupport.parkNanos(LockSupport.java:215)
        at java.util.concurrent.locks.AbstractQueuedSynchronizer$ConditionObject.awaitNanos(AbstractQueuedSynchronizer.java:2078)
        at java.util.concurrent.LinkedBlockingQueue.poll(LinkedBlockingQueue.java:467)
        at org.apache.hadoop.hdds.scm.server.ContainerReportQueue.poll(ContainerReportQueue.java:266)
        at org.apache.hadoop.hdds.scm.server.ContainerReportQueue.poll(ContainerReportQueue.java:42)
        at org.apache.hadoop.hdds.server.events.FixedThreadPoolWithAffinityExecutor$ContainerReportProcessTask.run(FixedThreadPoolWithAffinityExecutor.java:247)
        at java.util.concurrent.Executors$RunnableAdapter.call(Executors.java:511)
        at java.util.concurrent.FutureTask.run(FutureTask.java:266)
        at java.util.concurrent.ThreadPoolExecutor.runWorker(ThreadPoolExecutor.java:1149)
        at java.util.concurrent.ThreadPoolExecutor$Worker.run(ThreadPoolExecutor.java:624)
        at java.lang.Thread.run(Thread.java:750)
"125b6ccd-ab10-424e-ac54-cb3b86c02134-server-thread1" daemon prio=5 tid=528 timed_waiting
java.lang.Thread.State: TIMED_WAITING
        at sun.misc.Unsafe.park(Native Method)
        at java.util.concurrent.locks.LockSupport.parkNanos(LockSupport.java:215)
        at java.util.concurrent.SynchronousQueue$TransferStack.awaitFulfill(SynchronousQueue.java:460)
        at java.util.concurrent.SynchronousQueue$TransferStack.transfer(SynchronousQueue.java:362)
        at java.util.concurrent.SynchronousQueue.poll(SynchronousQueue.java:941)
        at java.util.concurrent.ThreadPoolExecutor.getTask(ThreadPoolExecutor.java:1073)
        at java.util.concurrent.ThreadPoolExecutor.runWorker(ThreadPoolExecutor.java:1134)
        at java.util.concurrent.ThreadPoolExecutor$Worker.run(ThreadPoolExecutor.java:624)
        at java.lang.Thread.run(Thread.java:750)
"FixedThreadPoolWithAffinityExecutor-2-0" daemon prio=5 tid=40 timed_waiting
java.lang.Thread.State: TIMED_WAITING
        at sun.misc.Unsafe.park(Native Method)
        at java.util.concurrent.locks.LockSupport.parkNanos(LockSupport.java:215)
        at java.util.concurrent.locks.AbstractQueuedSynchronizer$ConditionObject.awaitNanos(AbstractQueuedSynchronizer.java:2078)
        at java.util.concurrent.LinkedBlockingQueue.poll(LinkedBlockingQueue.java:467)
        at org.apache.hadoop.hdds.scm.server.ContainerReportQueue.poll(ContainerReportQueue.java:266)
        at org.apache.hadoop.hdds.scm.server.ContainerReportQueue.poll(ContainerReportQueue.java:42)
        at org.apache.hadoop.hdds.server.events.FixedThreadPoolWithAffinityExecutor$ContainerReportProcessTask.run(FixedThreadPoolWithAffinityExecutor.java:247)
        at java.util.concurrent.Executors$RunnableAdapter.call(Executors.java:511)
        at java.util.concurrent.FutureTask.run(FutureTask.java:266)
        at java.util.concurrent.ThreadPoolExecutor.runWorker(ThreadPoolExecutor.java:1149)
        at java.util.concurrent.ThreadPoolExecutor$Worker.run(ThreadPoolExecutor.java:624)
        at java.lang.Thread.run(Thread.java:750)
"qtp1648385724-154-acceptor-0@4bbaa9b8-ServerConnector@4626ba1b{HTTP/1.1, (http/1.1)}{0.0.0.0:15005}" daemon prio=3 tid=154 runnable
java.lang.Thread.State: RUNNABLE
        at sun.nio.ch.ServerSocketChannelImpl.accept0(Native Method)
        at sun.nio.ch.ServerSocketChannelImpl.accept(ServerSocketChannelImpl.java:421)
        at sun.nio.ch.ServerSocketChannelImpl.accept(ServerSocketChannelImpl.java:249)
        at org.eclipse.jetty.server.ServerConnector.accept(ServerConnector.java:388)
        at org.eclipse.jetty.server.AbstractConnector$Acceptor.run(AbstractConnector.java:704)
        at org.eclipse.jetty.util.thread.QueuedThreadPool.runJob(QueuedThreadPool.java:883)
        at org.eclipse.jetty.util.thread.QueuedThreadPool$Runner.run(QueuedThreadPool.java:1034)
        at java.lang.Thread.run(Thread.java:750)
"ContainerOp-4ae2c880-1070-4148-9b0d-1f48da4a8ca8-7"  prio=5 tid=611 in Object.wait()
java.lang.Thread.State: WAITING (on object monitor)
        at sun.misc.Unsafe.park(Native Method)
        at java.util.concurrent.locks.LockSupport.park(LockSupport.java:175)
        at java.util.concurrent.locks.AbstractQueuedSynchronizer$ConditionObject.await(AbstractQueuedSynchronizer.java:2039)
        at java.util.concurrent.LinkedBlockingQueue.take(LinkedBlockingQueue.java:442)
        at java.util.concurrent.ThreadPoolExecutor.getTask(ThreadPoolExecutor.java:1074)
        at java.util.concurrent.ThreadPoolExecutor.runWorker(ThreadPoolExecutor.java:1134)
        at java.util.concurrent.ThreadPoolExecutor$Worker.run(ThreadPoolExecutor.java:624)
        at java.lang.Thread.run(Thread.java:750)
"IPC Server handler 19 on default port 15009" daemon prio=5 tid=238 timed_waiting
java.lang.Thread.State: TIMED_WAITING
        at sun.misc.Unsafe.park(Native Method)
        at java.util.concurrent.locks.LockSupport.parkNanos(LockSupport.java:215)
        at java.util.concurrent.locks.AbstractQueuedSynchronizer$ConditionObject.awaitNanos(AbstractQueuedSynchronizer.java:2078)
        at java.util.concurrent.LinkedBlockingQueue.poll(LinkedBlockingQueue.java:467)
        at org.apache.hadoop.ipc.CallQueueManager.take(CallQueueManager.java:317)
        at org.apache.hadoop.ipc.Server$Handler.run(Server.java:3014)
"e4211b8b-b648-43cb-96ad-95a5188c1410-groupManagement" daemon prio=5 tid=415 in Object.wait()
java.lang.Thread.State: WAITING (on object monitor)
        at sun.misc.Unsafe.park(Native Method)
        at java.util.concurrent.locks.LockSupport.park(LockSupport.java:175)
        at java.util.concurrent.locks.AbstractQueuedSynchronizer$ConditionObject.await(AbstractQueuedSynchronizer.java:2039)
        at java.util.concurrent.LinkedBlockingQueue.take(LinkedBlockingQueue.java:442)
        at java.util.concurrent.ThreadPoolExecutor.getTask(ThreadPoolExecutor.java:1074)
        at java.util.concurrent.ThreadPoolExecutor.runWorker(ThreadPoolExecutor.java:1134)
        at java.util.concurrent.ThreadPoolExecutor$Worker.run(ThreadPoolExecutor.java:624)
        at java.lang.Thread.run(Thread.java:750)
"pool-72-thread-1"  prio=5 tid=187 timed_waiting
java.lang.Thread.State: TIMED_WAITING
        at sun.misc.Unsafe.park(Native Method)
        at java.util.concurrent.locks.LockSupport.parkNanos(LockSupport.java:215)
        at java.util.concurrent.locks.AbstractQueuedSynchronizer$ConditionObject.awaitNanos(AbstractQueuedSynchronizer.java:2078)
        at java.util.concurrent.ScheduledThreadPoolExecutor$DelayedWorkQueue.take(ScheduledThreadPoolExecutor.java:1093)
        at java.util.concurrent.ScheduledThreadPoolExecutor$DelayedWorkQueue.take(ScheduledThreadPoolExecutor.java:809)
        at java.util.concurrent.ThreadPoolExecutor.getTask(ThreadPoolExecutor.java:1074)
        at java.util.concurrent.ThreadPoolExecutor.runWorker(ThreadPoolExecutor.java:1134)
        at java.util.concurrent.ThreadPoolExecutor$Worker.run(ThreadPoolExecutor.java:624)
        at java.lang.Thread.run(Thread.java:750)
"e4211b8b-b648-43cb-96ad-95a5188c1410@group-1F48DA4A8CA8-SegmentedRaftLogWorker" daemon prio=5 tid=433 timed_waiting
java.lang.Thread.State: TIMED_WAITING
        at sun.misc.Unsafe.park(Native Method)
        at java.util.concurrent.locks.LockSupport.parkNanos(LockSupport.java:215)
        at java.util.concurrent.locks.AbstractQueuedSynchronizer$ConditionObject.awaitNanos(AbstractQueuedSynchronizer.java:2078)
        at org.apache.ratis.util.DataBlockingQueue.poll(DataBlockingQueue.java:148)
        at org.apache.ratis.server.raftlog.segmented.SegmentedRaftLogWorker.run(SegmentedRaftLogWorker.java:307)
        at org.apache.ratis.server.raftlog.segmented.SegmentedRaftLogWorker$$Lambda$797/1364610811.run(Unknown Source)
        at java.util.concurrent.Executors$RunnableAdapter.call(Executors.java:511)
        at java.util.concurrent.FutureTask.run(FutureTask.java:266)
        at java.util.concurrent.ThreadPoolExecutor.runWorker(ThreadPoolExecutor.java:1149)
        at java.util.concurrent.ThreadPoolExecutor$Worker.run(ThreadPoolExecutor.java:624)
        at java.lang.Thread.run(Thread.java:750)
"IPC Server handler 13 on default port 15009" daemon prio=5 tid=232 timed_waiting
java.lang.Thread.State: TIMED_WAITING
        at sun.misc.Unsafe.park(Native Method)
        at java.util.concurrent.locks.LockSupport.parkNanos(LockSupport.java:215)
        at java.util.concurrent.locks.AbstractQueuedSynchronizer$ConditionObject.awaitNanos(AbstractQueuedSynchronizer.java:2078)
        at java.util.concurrent.LinkedBlockingQueue.poll(LinkedBlockingQueue.java:467)
        at org.apache.hadoop.ipc.CallQueueManager.take(CallQueueManager.java:317)
        at org.apache.hadoop.ipc.Server$Handler.run(Server.java:3014)
"IPC Server handler 2 on default port 15004" daemon prio=5 tid=164 timed_waiting
java.lang.Thread.State: TIMED_WAITING
        at sun.misc.Unsafe.park(Native Method)
        at java.util.concurrent.locks.LockSupport.parkNanos(LockSupport.java:215)
        at java.util.concurrent.locks.AbstractQueuedSynchronizer$ConditionObject.awaitNanos(AbstractQueuedSynchronizer.java:2078)
        at java.util.concurrent.LinkedBlockingQueue.poll(LinkedBlockingQueue.java:467)
        at org.apache.hadoop.ipc.CallQueueManager.take(CallQueueManager.java:317)
        at org.apache.hadoop.ipc.Server$Handler.run(Server.java:3014)
"IPC Server idle connection scanner for port 15004" daemon prio=5 tid=137 timed_waiting
java.lang.Thread.State: TIMED_WAITING
        at java.lang.Object.wait(Native Method)
        at java.util.TimerThread.mainLoop(Timer.java:552)
        at java.util.TimerThread.run(Timer.java:505)
"IPC Server handler 9 on default port 15000" daemon prio=5 tid=58 timed_waiting
java.lang.Thread.State: TIMED_WAITING
        at sun.misc.Unsafe.park(Native Method)
        at java.util.concurrent.locks.LockSupport.parkNanos(LockSupport.java:215)
        at java.util.concurrent.locks.AbstractQueuedSynchronizer$ConditionObject.awaitNanos(AbstractQueuedSynchronizer.java:2078)
        at java.util.concurrent.LinkedBlockingQueue.poll(LinkedBlockingQueue.java:467)
        at org.apache.hadoop.ipc.CallQueueManager.take(CallQueueManager.java:317)
        at org.apache.hadoop.ipc.Server$Handler.run(Server.java:3014)
"ChunkWriter-1-0" daemon prio=5 tid=343 in Object.wait()
java.lang.Thread.State: WAITING (on object monitor)
        at sun.misc.Unsafe.park(Native Method)
        at java.util.concurrent.locks.LockSupport.park(LockSupport.java:175)
        at java.util.concurrent.locks.AbstractQueuedSynchronizer$ConditionObject.await(AbstractQueuedSynchronizer.java:2039)
        at java.util.concurrent.LinkedBlockingDeque.takeFirst(LinkedBlockingDeque.java:492)
        at java.util.concurrent.LinkedBlockingDeque.take(LinkedBlockingDeque.java:680)
        at java.util.concurrent.ThreadPoolExecutor.getTask(ThreadPoolExecutor.java:1074)
        at java.util.concurrent.ThreadPoolExecutor.runWorker(ThreadPoolExecutor.java:1134)
        at java.util.concurrent.ThreadPoolExecutor$Worker.run(ThreadPoolExecutor.java:624)
        at java.lang.Thread.run(Thread.java:750)
"grpc-default-worker-ELG-3-1" daemon prio=5 tid=403 runnable
java.lang.Thread.State: RUNNABLE
        at org.apache.ratis.thirdparty.io.netty.channel.epoll.Native.epollWait0(Native Method)
        at org.apache.ratis.thirdparty.io.netty.channel.epoll.Native.epollWait(Native.java:182)
        at org.apache.ratis.thirdparty.io.netty.channel.epoll.EpollEventLoop.epollWait(EpollEventLoop.java:302)
        at org.apache.ratis.thirdparty.io.netty.channel.epoll.EpollEventLoop.run(EpollEventLoop.java:366)
        at org.apache.ratis.thirdparty.io.netty.util.concurrent.SingleThreadEventExecutor$4.run(SingleThreadEventExecutor.java:997)
        at org.apache.ratis.thirdparty.io.netty.util.internal.ThreadExecutorMap$2.run(ThreadExecutorMap.java:74)
        at org.apache.ratis.thirdparty.io.netty.util.concurrent.FastThreadLocalRunnable.run(FastThreadLocalRunnable.java:30)
        at java.lang.Thread.run(Thread.java:750)
"IPC Server handler 19 on default port 15000" daemon prio=5 tid=68 timed_waiting
java.lang.Thread.State: TIMED_WAITING
        at sun.misc.Unsafe.park(Native Method)
        at java.util.concurrent.locks.LockSupport.parkNanos(LockSupport.java:215)
        at java.util.concurrent.locks.AbstractQueuedSynchronizer$ConditionObject.awaitNanos(AbstractQueuedSynchronizer.java:2078)
        at java.util.concurrent.LinkedBlockingQueue.poll(LinkedBlockingQueue.java:467)
        at org.apache.hadoop.ipc.CallQueueManager.take(CallQueueManager.java:317)
        at org.apache.hadoop.ipc.Server$Handler.run(Server.java:3014)
"org.apache.hadoop.ozone.container.common.statemachine.commandhandler.DeleteBlocksCommandHandler$DeleteCmdWorker@1422c17f" daemon prio=5 tid=278 timed_waiting
java.lang.Thread.State: TIMED_WAITING
        at java.lang.Thread.sleep(Native Method)
        at org.apache.hadoop.ozone.container.common.statemachine.commandhandler.DeleteBlocksCommandHandler$DeleteCmdWorker.run(DeleteBlocksCommandHandler.java:198)
        at java.lang.Thread.run(Thread.java:750)
"IPC Server handler 3 on default port 15009" daemon prio=5 tid=222 timed_waiting
java.lang.Thread.State: TIMED_WAITING
        at sun.misc.Unsafe.park(Native Method)
        at java.util.concurrent.locks.LockSupport.parkNanos(LockSupport.java:215)
        at java.util.concurrent.locks.AbstractQueuedSynchronizer$ConditionObject.awaitNanos(AbstractQueuedSynchronizer.java:2078)
        at java.util.concurrent.LinkedBlockingQueue.poll(LinkedBlockingQueue.java:467)
        at org.apache.hadoop.ipc.CallQueueManager.take(CallQueueManager.java:317)
        at org.apache.hadoop.ipc.Server$Handler.run(Server.java:3014)
"ChunkWriter-3-0" daemon prio=5 tid=345 in Object.wait()
java.lang.Thread.State: WAITING (on object monitor)
        at sun.misc.Unsafe.park(Native Method)
        at java.util.concurrent.locks.LockSupport.park(LockSupport.java:175)
        at java.util.concurrent.locks.AbstractQueuedSynchronizer$ConditionObject.await(AbstractQueuedSynchronizer.java:2039)
        at java.util.concurrent.LinkedBlockingDeque.takeFirst(LinkedBlockingDeque.java:492)
        at java.util.concurrent.LinkedBlockingDeque.take(LinkedBlockingDeque.java:680)
        at java.util.concurrent.ThreadPoolExecutor.getTask(ThreadPoolExecutor.java:1074)
        at java.util.concurrent.ThreadPoolExecutor.runWorker(ThreadPoolExecutor.java:1134)
        at java.util.concurrent.ThreadPoolExecutor$Worker.run(ThreadPoolExecutor.java:624)
        at java.lang.Thread.run(Thread.java:750)
"ContainerOp-4ae2c880-1070-4148-9b0d-1f48da4a8ca8-6"  prio=5 tid=607 in Object.wait()
java.lang.Thread.State: WAITING (on object monitor)
        at sun.misc.Unsafe.park(Native Method)
        at java.util.concurrent.locks.LockSupport.park(LockSupport.java:175)
        at java.util.concurrent.locks.AbstractQueuedSynchronizer$ConditionObject.await(AbstractQueuedSynchronizer.java:2039)
        at java.util.concurrent.LinkedBlockingQueue.take(LinkedBlockingQueue.java:442)
        at java.util.concurrent.ThreadPoolExecutor.getTask(ThreadPoolExecutor.java:1074)
        at java.util.concurrent.ThreadPoolExecutor.runWorker(ThreadPoolExecutor.java:1134)
        at java.util.concurrent.ThreadPoolExecutor$Worker.run(ThreadPoolExecutor.java:624)
        at java.lang.Thread.run(Thread.java:750)
"IPC Server handler 15 on default port 15000" daemon prio=5 tid=64 timed_waiting
java.lang.Thread.State: TIMED_WAITING
        at sun.misc.Unsafe.park(Native Method)
        at java.util.concurrent.locks.LockSupport.parkNanos(LockSupport.java:215)
        at java.util.concurrent.locks.AbstractQueuedSynchronizer$ConditionObject.awaitNanos(AbstractQueuedSynchronizer.java:2078)
        at java.util.concurrent.LinkedBlockingQueue.poll(LinkedBlockingQueue.java:467)
        at org.apache.hadoop.ipc.CallQueueManager.take(CallQueueManager.java:317)
        at org.apache.hadoop.ipc.Server$Handler.run(Server.java:3014)
"8aaa379b-76d2-401e-9e9b-5f71144f2a0c@group-CA4CE5B48592-StateMachineUpdater" daemon prio=5 tid=413 timed_waiting
java.lang.Thread.State: TIMED_WAITING
        at sun.misc.Unsafe.park(Native Method)
        at java.util.concurrent.locks.LockSupport.parkNanos(LockSupport.java:215)
        at java.util.concurrent.locks.AbstractQueuedSynchronizer$ConditionObject.await(AbstractQueuedSynchronizer.java:2163)
        at org.apache.ratis.util.AwaitForSignal.await(AwaitForSignal.java:62)
        at org.apache.ratis.server.impl.StateMachineUpdater.waitForCommit(StateMachineUpdater.java:209)
        at org.apache.ratis.server.impl.StateMachineUpdater.run(StateMachineUpdater.java:178)
        at java.lang.Thread.run(Thread.java:750)
"8aaa379b-76d2-401e-9e9b-5f71144f2a0c@group-CA2191642088-StateMachineUpdater" daemon prio=5 tid=410 timed_waiting
java.lang.Thread.State: TIMED_WAITING
        at sun.misc.Unsafe.park(Native Method)
        at java.util.concurrent.locks.LockSupport.parkNanos(LockSupport.java:215)
        at java.util.concurrent.locks.AbstractQueuedSynchronizer$ConditionObject.await(AbstractQueuedSynchronizer.java:2163)
        at org.apache.ratis.util.AwaitForSignal.await(AwaitForSignal.java:62)
        at org.apache.ratis.server.impl.StateMachineUpdater.waitForCommit(StateMachineUpdater.java:209)
        at org.apache.ratis.server.impl.StateMachineUpdater.run(StateMachineUpdater.java:178)
        at java.lang.Thread.run(Thread.java:750)
"IPC Server handler 0 on default port 15030" daemon prio=5 tid=323 timed_waiting
java.lang.Thread.State: TIMED_WAITING
        at sun.misc.Unsafe.park(Native Method)
        at java.util.concurrent.locks.LockSupport.parkNanos(LockSupport.java:215)
        at java.util.concurrent.locks.AbstractQueuedSynchronizer$ConditionObject.awaitNanos(AbstractQueuedSynchronizer.java:2078)
        at java.util.concurrent.LinkedBlockingQueue.poll(LinkedBlockingQueue.java:467)
        at org.apache.hadoop.ipc.CallQueueManager.take(CallQueueManager.java:317)
        at org.apache.hadoop.ipc.Server$Handler.run(Server.java:3014)
"BlockDeletingService#3" daemon prio=5 tid=946 in Object.wait()
java.lang.Thread.State: WAITING (on object monitor)
        at sun.misc.Unsafe.park(Native Method)
        at java.util.concurrent.locks.LockSupport.park(LockSupport.java:175)
        at java.util.concurrent.locks.AbstractQueuedSynchronizer$ConditionObject.await(AbstractQueuedSynchronizer.java:2039)
        at java.util.concurrent.ScheduledThreadPoolExecutor$DelayedWorkQueue.take(ScheduledThreadPoolExecutor.java:1088)
        at java.util.concurrent.ScheduledThreadPoolExecutor$DelayedWorkQueue.take(ScheduledThreadPoolExecutor.java:809)
        at java.util.concurrent.ThreadPoolExecutor.getTask(ThreadPoolExecutor.java:1074)
        at java.util.concurrent.ThreadPoolExecutor.runWorker(ThreadPoolExecutor.java:1134)
        at java.util.concurrent.ThreadPoolExecutor$Worker.run(ThreadPoolExecutor.java:624)
        at java.lang.Thread.run(Thread.java:750)
"JvmPauseMonitor0" daemon prio=5 tid=111 timed_waiting
java.lang.Thread.State: TIMED_WAITING
        at java.lang.Thread.sleep(Native Method)
        at java.lang.Thread.sleep(Thread.java:342)
        at java.util.concurrent.TimeUnit.sleep(TimeUnit.java:386)
        at org.apache.ratis.util.TimeDuration.sleep(TimeDuration.java:325)
        at org.apache.ratis.util.TimeDuration.sleep(TimeDuration.java:310)
        at org.apache.ratis.util.JvmPauseMonitor.detectPause(JvmPauseMonitor.java:117)
        at org.apache.ratis.util.JvmPauseMonitor.run(JvmPauseMonitor.java:106)
        at org.apache.ratis.util.JvmPauseMonitor$$Lambda$468/781449501.run(Unknown Source)
        at java.lang.Thread.run(Thread.java:750)
"Command processor thread" daemon prio=5 tid=301 timed_waiting
java.lang.Thread.State: TIMED_WAITING
        at java.lang.Thread.sleep(Native Method)
        at org.apache.hadoop.ozone.container.common.statemachine.DatanodeStateMachine.lambda$initCommandHandlerThread$3(DatanodeStateMachine.java:666)
        at org.apache.hadoop.ozone.container.common.statemachine.DatanodeStateMachine$$Lambda$1238/578126107.run(Unknown Source)
        at java.lang.Thread.run(Thread.java:750)
"ContainerOp-4ae2c880-1070-4148-9b0d-1f48da4a8ca8-9"  prio=5 tid=633 in Object.wait()
java.lang.Thread.State: WAITING (on object monitor)
        at sun.misc.Unsafe.park(Native Method)
        at java.util.concurrent.locks.LockSupport.park(LockSupport.java:175)
        at java.util.concurrent.locks.AbstractQueuedSynchronizer$ConditionObject.await(AbstractQueuedSynchronizer.java:2039)
        at java.util.concurrent.LinkedBlockingQueue.take(LinkedBlockingQueue.java:442)
        at java.util.concurrent.ThreadPoolExecutor.getTask(ThreadPoolExecutor.java:1074)
        at java.util.concurrent.ThreadPoolExecutor.runWorker(ThreadPoolExecutor.java:1134)
        at java.util.concurrent.ThreadPoolExecutor$Worker.run(ThreadPoolExecutor.java:624)
        at java.lang.Thread.run(Thread.java:750)
"StaleRecoveringContainerScrubbingService#1" daemon prio=5 tid=367 timed_waiting
java.lang.Thread.State: TIMED_WAITING
        at sun.misc.Unsafe.park(Native Method)
        at java.util.concurrent.locks.LockSupport.parkNanos(LockSupport.java:215)
        at java.util.concurrent.locks.AbstractQueuedSynchronizer$ConditionObject.awaitNanos(AbstractQueuedSynchronizer.java:2078)
        at java.util.concurrent.ScheduledThreadPoolExecutor$DelayedWorkQueue.take(ScheduledThreadPoolExecutor.java:1093)
        at java.util.concurrent.ScheduledThreadPoolExecutor$DelayedWorkQueue.take(ScheduledThreadPoolExecutor.java:809)
        at java.util.concurrent.ThreadPoolExecutor.getTask(ThreadPoolExecutor.java:1074)
        at java.util.concurrent.ThreadPoolExecutor.runWorker(ThreadPoolExecutor.java:1134)
        at java.util.concurrent.ThreadPoolExecutor$Worker.run(ThreadPoolExecutor.java:624)
        at java.lang.Thread.run(Thread.java:750)
"8aaa379b-76d2-401e-9e9b-5f71144f2a0c@group-1F48DA4A8CA8-StateMachineUpdater" daemon prio=5 tid=451 timed_waiting
java.lang.Thread.State: TIMED_WAITING
        at sun.misc.Unsafe.park(Native Method)
        at java.util.concurrent.locks.LockSupport.parkNanos(LockSupport.java:215)
        at java.util.concurrent.locks.AbstractQueuedSynchronizer$ConditionObject.await(AbstractQueuedSynchronizer.java:2163)
        at org.apache.ratis.util.AwaitForSignal.await(AwaitForSignal.java:62)
        at org.apache.ratis.server.impl.StateMachineUpdater.waitForCommit(StateMachineUpdater.java:209)
        at org.apache.ratis.server.impl.StateMachineUpdater.run(StateMachineUpdater.java:178)
        at java.lang.Thread.run(Thread.java:750)
"IPC Server handler 10 on default port 15001" daemon prio=5 tid=79 timed_waiting
java.lang.Thread.State: TIMED_WAITING
        at sun.misc.Unsafe.park(Native Method)
        at java.util.concurrent.locks.LockSupport.parkNanos(LockSupport.java:215)
        at java.util.concurrent.locks.AbstractQueuedSynchronizer$ConditionObject.awaitNanos(AbstractQueuedSynchronizer.java:2078)
        at java.util.concurrent.LinkedBlockingQueue.poll(LinkedBlockingQueue.java:467)
        at org.apache.hadoop.ipc.CallQueueManager.take(CallQueueManager.java:317)
        at org.apache.hadoop.ipc.Server$Handler.run(Server.java:3014)
"ContainerOp-4ae2c880-1070-4148-9b0d-1f48da4a8ca8-5"  prio=5 tid=588 in Object.wait()
java.lang.Thread.State: WAITING (on object monitor)
        at sun.misc.Unsafe.park(Native Method)
        at java.util.concurrent.locks.LockSupport.park(LockSupport.java:175)
        at java.util.concurrent.locks.AbstractQueuedSynchronizer$ConditionObject.await(AbstractQueuedSynchronizer.java:2039)
        at java.util.concurrent.LinkedBlockingQueue.take(LinkedBlockingQueue.java:442)
        at java.util.concurrent.ThreadPoolExecutor.getTask(ThreadPoolExecutor.java:1074)
        at java.util.concurrent.ThreadPoolExecutor.runWorker(ThreadPoolExecutor.java:1134)
        at java.util.concurrent.ThreadPoolExecutor$Worker.run(ThreadPoolExecutor.java:624)
        at java.lang.Thread.run(Thread.java:750)
"StaleRecoveringContainerScrubbingService#3" daemon prio=5 tid=949 in Object.wait()
java.lang.Thread.State: WAITING (on object monitor)
        at sun.misc.Unsafe.park(Native Method)
        at java.util.concurrent.locks.LockSupport.park(LockSupport.java:175)
        at java.util.concurrent.locks.AbstractQueuedSynchronizer$ConditionObject.await(AbstractQueuedSynchronizer.java:2039)
        at java.util.concurrent.ScheduledThreadPoolExecutor$DelayedWorkQueue.take(ScheduledThreadPoolExecutor.java:1088)
        at java.util.concurrent.ScheduledThreadPoolExecutor$DelayedWorkQueue.take(ScheduledThreadPoolExecutor.java:809)
        at java.util.concurrent.ThreadPoolExecutor.getTask(ThreadPoolExecutor.java:1074)
        at java.util.concurrent.ThreadPoolExecutor.runWorker(ThreadPoolExecutor.java:1134)
        at java.util.concurrent.ThreadPoolExecutor$Worker.run(ThreadPoolExecutor.java:624)
        at java.lang.Thread.run(Thread.java:750)
"8aaa379b-76d2-401e-9e9b-5f71144f2a0c@group-CA2191642088-SegmentedRaftLogWorker"  prio=5 tid=408 timed_waiting
java.lang.Thread.State: TIMED_WAITING
        at sun.misc.Unsafe.park(Native Method)
        at java.util.concurrent.locks.LockSupport.parkNanos(LockSupport.java:215)
        at java.util.concurrent.locks.AbstractQueuedSynchronizer$ConditionObject.awaitNanos(AbstractQueuedSynchronizer.java:2078)
        at org.apache.ratis.util.DataBlockingQueue.poll(DataBlockingQueue.java:148)
        at org.apache.ratis.server.raftlog.segmented.SegmentedRaftLogWorker.run(SegmentedRaftLogWorker.java:307)
        at org.apache.ratis.server.raftlog.segmented.SegmentedRaftLogWorker$$Lambda$797/1364610811.run(Unknown Source)
        at java.util.concurrent.Executors$RunnableAdapter.call(Executors.java:511)
        at java.util.concurrent.FutureTask.run(FutureTask.java:266)
        at java.util.concurrent.ThreadPoolExecutor.runWorker(ThreadPoolExecutor.java:1149)
        at java.util.concurrent.ThreadPoolExecutor$Worker.run(ThreadPoolExecutor.java:624)
        at java.lang.Thread.run(Thread.java:750)
"IPC Server handler 7 on default port 15009" daemon prio=5 tid=226 timed_waiting
java.lang.Thread.State: TIMED_WAITING
        at sun.misc.Unsafe.park(Native Method)
        at java.util.concurrent.locks.LockSupport.parkNanos(LockSupport.java:215)
        at java.util.concurrent.locks.AbstractQueuedSynchronizer$ConditionObject.awaitNanos(AbstractQueuedSynchronizer.java:2078)
        at java.util.concurrent.LinkedBlockingQueue.poll(LinkedBlockingQueue.java:467)
        at org.apache.hadoop.ipc.CallQueueManager.take(CallQueueManager.java:317)
        at org.apache.hadoop.ipc.Server$Handler.run(Server.java:3014)
"ChunkReader-ELG-0" daemon prio=5 tid=347 runnable
java.lang.Thread.State: RUNNABLE
        at org.apache.ratis.thirdparty.io.netty.channel.epoll.Native.epollWait(Native Method)
        at org.apache.ratis.thirdparty.io.netty.channel.epoll.Native.epollWait(Native.java:209)
        at org.apache.ratis.thirdparty.io.netty.channel.epoll.Native.epollWait(Native.java:202)
        at org.apache.ratis.thirdparty.io.netty.channel.epoll.EpollEventLoop.epollWaitNoTimerChange(EpollEventLoop.java:306)
        at org.apache.ratis.thirdparty.io.netty.channel.epoll.EpollEventLoop.run(EpollEventLoop.java:363)
        at org.apache.ratis.thirdparty.io.netty.util.concurrent.SingleThreadEventExecutor$4.run(SingleThreadEventExecutor.java:997)
        at org.apache.ratis.thirdparty.io.netty.util.internal.ThreadExecutorMap$2.run(ThreadExecutorMap.java:74)
        at java.lang.Thread.run(Thread.java:750)
"ContainerOp-a2d281d2-730c-4a02-9c2e-ca4ce5b48592-1"  prio=5 tid=545 in Object.wait()
java.lang.Thread.State: WAITING (on object monitor)
        at sun.misc.Unsafe.park(Native Method)
        at java.util.concurrent.locks.LockSupport.park(LockSupport.java:175)
        at java.util.concurrent.locks.AbstractQueuedSynchronizer$ConditionObject.await(AbstractQueuedSynchronizer.java:2039)
        at java.util.concurrent.LinkedBlockingQueue.take(LinkedBlockingQueue.java:442)
        at java.util.concurrent.ThreadPoolExecutor.getTask(ThreadPoolExecutor.java:1074)
        at java.util.concurrent.ThreadPoolExecutor.runWorker(ThreadPoolExecutor.java:1134)
        at java.util.concurrent.ThreadPoolExecutor$Worker.run(ThreadPoolExecutor.java:624)
        at java.lang.Thread.run(Thread.java:750)
"8aaa379b-76d2-401e-9e9b-5f71144f2a0c-NettyServerStreamRpc-bossGroup--thread1"  prio=5 tid=276 runnable
java.lang.Thread.State: RUNNABLE
        at sun.nio.ch.EPollArrayWrapper.epollWait(Native Method)
        at sun.nio.ch.EPollArrayWrapper.poll(EPollArrayWrapper.java:269)
        at sun.nio.ch.EPollSelectorImpl.doSelect(EPollSelectorImpl.java:93)
        at sun.nio.ch.SelectorImpl.lockAndDoSelect(SelectorImpl.java:86)
        at sun.nio.ch.SelectorImpl.select(SelectorImpl.java:97)
        at sun.nio.ch.SelectorImpl.select(SelectorImpl.java:101)
        at org.apache.ratis.thirdparty.io.netty.channel.nio.SelectedSelectionKeySetSelector.select(SelectedSelectionKeySetSelector.java:68)
        at org.apache.ratis.thirdparty.io.netty.channel.nio.NioEventLoop.select(NioEventLoop.java:879)
        at org.apache.ratis.thirdparty.io.netty.channel.nio.NioEventLoop.run(NioEventLoop.java:526)
        at org.apache.ratis.thirdparty.io.netty.util.concurrent.SingleThreadEventExecutor$4.run(SingleThreadEventExecutor.java:997)
        at org.apache.ratis.thirdparty.io.netty.util.internal.ThreadExecutorMap$2.run(ThreadExecutorMap.java:74)
        at java.lang.Thread.run(Thread.java:750)
"IPC Server handler 13 on default port 15001" daemon prio=5 tid=82 timed_waiting
java.lang.Thread.State: TIMED_WAITING
        at sun.misc.Unsafe.park(Native Method)
        at java.util.concurrent.locks.LockSupport.parkNanos(LockSupport.java:215)
        at java.util.concurrent.locks.AbstractQueuedSynchronizer$ConditionObject.awaitNanos(AbstractQueuedSynchronizer.java:2078)
        at java.util.concurrent.LinkedBlockingQueue.poll(LinkedBlockingQueue.java:467)
        at org.apache.hadoop.ipc.CallQueueManager.take(CallQueueManager.java:317)
        at org.apache.hadoop.ipc.Server$Handler.run(Server.java:3014)
"e4211b8b-b648-43cb-96ad-95a5188c1410@group-CA4CE5B48592-SegmentedRaftLogWorker" daemon prio=5 tid=417 timed_waiting
java.lang.Thread.State: TIMED_WAITING
        at sun.misc.Unsafe.park(Native Method)
        at java.util.concurrent.locks.LockSupport.parkNanos(LockSupport.java:215)
        at java.util.concurrent.locks.AbstractQueuedSynchronizer$ConditionObject.awaitNanos(AbstractQueuedSynchronizer.java:2078)
        at org.apache.ratis.util.DataBlockingQueue.poll(DataBlockingQueue.java:148)
        at org.apache.ratis.server.raftlog.segmented.SegmentedRaftLogWorker.run(SegmentedRaftLogWorker.java:307)
        at org.apache.ratis.server.raftlog.segmented.SegmentedRaftLogWorker$$Lambda$797/1364610811.run(Unknown Source)
        at java.util.concurrent.Executors$RunnableAdapter.call(Executors.java:511)
        at java.util.concurrent.FutureTask.run(FutureTask.java:266)
        at java.util.concurrent.ThreadPoolExecutor.runWorker(ThreadPoolExecutor.java:1149)
        at java.util.concurrent.ThreadPoolExecutor$Worker.run(ThreadPoolExecutor.java:624)
        at java.lang.Thread.run(Thread.java:750)
"BlockDeletingService#1" daemon prio=5 tid=383 in Object.wait()
java.lang.Thread.State: WAITING (on object monitor)
        at sun.misc.Unsafe.park(Native Method)
        at java.util.concurrent.locks.LockSupport.park(LockSupport.java:175)
        at java.util.concurrent.locks.AbstractQueuedSynchronizer$ConditionObject.await(AbstractQueuedSynchronizer.java:2039)
        at java.util.concurrent.ScheduledThreadPoolExecutor$DelayedWorkQueue.take(ScheduledThreadPoolExecutor.java:1088)
        at java.util.concurrent.ScheduledThreadPoolExecutor$DelayedWorkQueue.take(ScheduledThreadPoolExecutor.java:809)
        at java.util.concurrent.ThreadPoolExecutor.getTask(ThreadPoolExecutor.java:1074)
        at java.util.concurrent.ThreadPoolExecutor.runWorker(ThreadPoolExecutor.java:1134)
        at java.util.concurrent.ThreadPoolExecutor$Worker.run(ThreadPoolExecutor.java:624)
        at java.lang.Thread.run(Thread.java:750)
"Hadoop-Metrics-Updater-0" daemon prio=5 tid=322 timed_waiting
java.lang.Thread.State: TIMED_WAITING
        at sun.misc.Unsafe.park(Native Method)
        at java.util.concurrent.locks.LockSupport.parkNanos(LockSupport.java:215)
        at java.util.concurrent.locks.AbstractQueuedSynchronizer$ConditionObject.awaitNanos(AbstractQueuedSynchronizer.java:2078)
        at java.util.concurrent.ScheduledThreadPoolExecutor$DelayedWorkQueue.take(ScheduledThreadPoolExecutor.java:1093)
        at java.util.concurrent.ScheduledThreadPoolExecutor$DelayedWorkQueue.take(ScheduledThreadPoolExecutor.java:809)
        at java.util.concurrent.ThreadPoolExecutor.getTask(ThreadPoolExecutor.java:1074)
        at java.util.concurrent.ThreadPoolExecutor.runWorker(ThreadPoolExecutor.java:1134)
        at java.util.concurrent.ThreadPoolExecutor$Worker.run(ThreadPoolExecutor.java:624)
        at java.lang.Thread.run(Thread.java:750)
"SstFilteringService#0" daemon prio=5 tid=150 timed_waiting
java.lang.Thread.State: TIMED_WAITING
        at sun.misc.Unsafe.park(Native Method)
        at java.util.concurrent.locks.LockSupport.parkNanos(LockSupport.java:215)
        at java.util.concurrent.locks.AbstractQueuedSynchronizer$ConditionObject.awaitNanos(AbstractQueuedSynchronizer.java:2078)
        at java.util.concurrent.ScheduledThreadPoolExecutor$DelayedWorkQueue.take(ScheduledThreadPoolExecutor.java:1093)
        at java.util.concurrent.ScheduledThreadPoolExecutor$DelayedWorkQueue.take(ScheduledThreadPoolExecutor.java:809)
        at java.util.concurrent.ThreadPoolExecutor.getTask(ThreadPoolExecutor.java:1074)
        at java.util.concurrent.ThreadPoolExecutor.runWorker(ThreadPoolExecutor.java:1134)
        at java.util.concurrent.ThreadPoolExecutor$Worker.run(ThreadPoolExecutor.java:624)
        at java.lang.Thread.run(Thread.java:750)
"IPC Server handler 16 on default port 15001" daemon prio=5 tid=85 timed_waiting
java.lang.Thread.State: TIMED_WAITING
        at sun.misc.Unsafe.park(Native Method)
        at java.util.concurrent.locks.LockSupport.parkNanos(LockSupport.java:215)
        at java.util.concurrent.locks.AbstractQueuedSynchronizer$ConditionObject.awaitNanos(AbstractQueuedSynchronizer.java:2078)
        at java.util.concurrent.LinkedBlockingQueue.poll(LinkedBlockingQueue.java:467)
        at org.apache.hadoop.ipc.CallQueueManager.take(CallQueueManager.java:317)
        at org.apache.hadoop.ipc.Server$Handler.run(Server.java:3014)
"Hadoop-Metrics-Updater-0" daemon prio=5 tid=264 timed_waiting
java.lang.Thread.State: TIMED_WAITING
        at sun.misc.Unsafe.park(Native Method)
        at java.util.concurrent.locks.LockSupport.parkNanos(LockSupport.java:215)
        at java.util.concurrent.locks.AbstractQueuedSynchronizer$ConditionObject.awaitNanos(AbstractQueuedSynchronizer.java:2078)
        at java.util.concurrent.ScheduledThreadPoolExecutor$DelayedWorkQueue.take(ScheduledThreadPoolExecutor.java:1093)
        at java.util.concurrent.ScheduledThreadPoolExecutor$DelayedWorkQueue.take(ScheduledThreadPoolExecutor.java:809)
        at java.util.concurrent.ThreadPoolExecutor.getTask(ThreadPoolExecutor.java:1074)
        at java.util.concurrent.ThreadPoolExecutor.runWorker(ThreadPoolExecutor.java:1134)
        at java.util.concurrent.ThreadPoolExecutor$Worker.run(ThreadPoolExecutor.java:624)
        at java.lang.Thread.run(Thread.java:750)
"ChunkWriter-3-0" daemon prio=5 tid=361 in Object.wait()
java.lang.Thread.State: WAITING (on object monitor)
        at sun.misc.Unsafe.park(Native Method)
        at java.util.concurrent.locks.LockSupport.park(LockSupport.java:175)
        at java.util.concurrent.locks.AbstractQueuedSynchronizer$ConditionObject.await(AbstractQueuedSynchronizer.java:2039)
        at java.util.concurrent.LinkedBlockingDeque.takeFirst(LinkedBlockingDeque.java:492)
        at java.util.concurrent.LinkedBlockingDeque.take(LinkedBlockingDeque.java:680)
        at java.util.concurrent.ThreadPoolExecutor.getTask(ThreadPoolExecutor.java:1074)
        at java.util.concurrent.ThreadPoolExecutor.runWorker(ThreadPoolExecutor.java:1134)
        at java.util.concurrent.ThreadPoolExecutor$Worker.run(ThreadPoolExecutor.java:624)
        at java.lang.Thread.run(Thread.java:750)
"pool-34-thread-1"  prio=5 tid=112 timed_waiting
java.lang.Thread.State: TIMED_WAITING
        at sun.misc.Unsafe.park(Native Method)
        at java.util.concurrent.locks.LockSupport.parkNanos(LockSupport.java:215)
        at java.util.concurrent.locks.AbstractQueuedSynchronizer$ConditionObject.awaitNanos(AbstractQueuedSynchronizer.java:2078)
        at java.util.concurrent.ScheduledThreadPoolExecutor$DelayedWorkQueue.take(ScheduledThreadPoolExecutor.java:1093)
        at java.util.concurrent.ScheduledThreadPoolExecutor$DelayedWorkQueue.take(ScheduledThreadPoolExecutor.java:809)
        at java.util.concurrent.ThreadPoolExecutor.getTask(ThreadPoolExecutor.java:1074)
        at java.util.concurrent.ThreadPoolExecutor.runWorker(ThreadPoolExecutor.java:1134)
        at java.util.concurrent.ThreadPoolExecutor$Worker.run(ThreadPoolExecutor.java:624)
        at java.lang.Thread.run(Thread.java:750)
"IPC Server handler 0 on default port 15002" daemon prio=5 tid=89 timed_waiting
java.lang.Thread.State: TIMED_WAITING
        at sun.misc.Unsafe.park(Native Method)
        at java.util.concurrent.locks.LockSupport.parkNanos(LockSupport.java:215)
        at java.util.concurrent.locks.AbstractQueuedSynchronizer$ConditionObject.awaitNanos(AbstractQueuedSynchronizer.java:2078)
        at java.util.concurrent.LinkedBlockingQueue.poll(LinkedBlockingQueue.java:467)
        at org.apache.hadoop.ipc.CallQueueManager.take(CallQueueManager.java:317)
        at org.apache.hadoop.ipc.Server$Handler.run(Server.java:3014)
"ContainerOp-a2d281d2-730c-4a02-9c2e-ca4ce5b48592-2"  prio=5 tid=561 in Object.wait()
java.lang.Thread.State: WAITING (on object monitor)
        at sun.misc.Unsafe.park(Native Method)
        at java.util.concurrent.locks.LockSupport.park(LockSupport.java:175)
        at java.util.concurrent.locks.AbstractQueuedSynchronizer$ConditionObject.await(AbstractQueuedSynchronizer.java:2039)
        at java.util.concurrent.LinkedBlockingQueue.take(LinkedBlockingQueue.java:442)
        at java.util.concurrent.ThreadPoolExecutor.getTask(ThreadPoolExecutor.java:1074)
        at java.util.concurrent.ThreadPoolExecutor.runWorker(ThreadPoolExecutor.java:1134)
        at java.util.concurrent.ThreadPoolExecutor$Worker.run(ThreadPoolExecutor.java:624)
        at java.lang.Thread.run(Thread.java:750)
"qtp1599378115-313" daemon prio=5 tid=313 timed_waiting
java.lang.Thread.State: TIMED_WAITING
        at sun.misc.Unsafe.park(Native Method)
        at java.util.concurrent.locks.LockSupport.parkNanos(LockSupport.java:215)
        at java.util.concurrent.locks.AbstractQueuedSynchronizer$ConditionObject.awaitNanos(AbstractQueuedSynchronizer.java:2078)
        at org.eclipse.jetty.util.BlockingArrayQueue.poll(BlockingArrayQueue.java:382)
        at org.eclipse.jetty.util.thread.QueuedThreadPool$Runner.idleJobPoll(QueuedThreadPool.java:974)
        at org.eclipse.jetty.util.thread.QueuedThreadPool$Runner.run(QueuedThreadPool.java:1018)
        at java.lang.Thread.run(Thread.java:750)
"qtp1695980007-256" daemon prio=5 tid=256 timed_waiting
java.lang.Thread.State: TIMED_WAITING
        at sun.misc.Unsafe.park(Native Method)
        at java.util.concurrent.locks.LockSupport.parkNanos(LockSupport.java:215)
        at java.util.concurrent.locks.AbstractQueuedSynchronizer$ConditionObject.awaitNanos(AbstractQueuedSynchronizer.java:2078)
        at org.eclipse.jetty.util.BlockingArrayQueue.poll(BlockingArrayQueue.java:382)
        at org.eclipse.jetty.util.thread.QueuedThreadPool$Runner.idleJobPoll(QueuedThreadPool.java:974)
        at org.eclipse.jetty.util.thread.QueuedThreadPool$Runner.run(QueuedThreadPool.java:1018)
        at java.lang.Thread.run(Thread.java:750)
"timer0" daemon prio=5 tid=530 timed_waiting
java.lang.Thread.State: TIMED_WAITING
        at java.lang.Object.wait(Native Method)
        at java.util.TimerThread.mainLoop(Timer.java:552)
        at java.util.TimerThread.run(Timer.java:505)
"qtp1599378115-310-acceptor-0@2bb13605-ServerConnector@19d47ee1{HTTP/1.1, (http/1.1)}{0.0.0.0:15029}" daemon prio=3 tid=310 runnable
java.lang.Thread.State: RUNNABLE
        at sun.nio.ch.ServerSocketChannelImpl.accept0(Native Method)
        at sun.nio.ch.ServerSocketChannelImpl.accept(ServerSocketChannelImpl.java:421)
        at sun.nio.ch.ServerSocketChannelImpl.accept(ServerSocketChannelImpl.java:249)
        at org.eclipse.jetty.server.ServerConnector.accept(ServerConnector.java:388)
        at org.eclipse.jetty.server.AbstractConnector$Acceptor.run(AbstractConnector.java:704)
        at org.eclipse.jetty.util.thread.QueuedThreadPool.runJob(QueuedThreadPool.java:883)
        at org.eclipse.jetty.util.thread.QueuedThreadPool$Runner.run(QueuedThreadPool.java:1034)
        at java.lang.Thread.run(Thread.java:750)
"IPC Server listener on 15000" daemon prio=5 tid=33 runnable
java.lang.Thread.State: RUNNABLE
        at sun.nio.ch.EPollArrayWrapper.epollWait(Native Method)
        at sun.nio.ch.EPollArrayWrapper.poll(EPollArrayWrapper.java:269)
        at sun.nio.ch.EPollSelectorImpl.doSelect(EPollSelectorImpl.java:93)
        at sun.nio.ch.SelectorImpl.lockAndDoSelect(SelectorImpl.java:86)
        at sun.nio.ch.SelectorImpl.select(SelectorImpl.java:97)
        at sun.nio.ch.SelectorImpl.select(SelectorImpl.java:101)
        at org.apache.hadoop.ipc.Server$Listener.run(Server.java:1408)
"IPC Server handler 7 on default port 15004" daemon prio=5 tid=169 timed_waiting
java.lang.Thread.State: TIMED_WAITING
        at sun.misc.Unsafe.park(Native Method)
        at java.util.concurrent.locks.LockSupport.parkNanos(LockSupport.java:215)
        at java.util.concurrent.locks.AbstractQueuedSynchronizer$ConditionObject.awaitNanos(AbstractQueuedSynchronizer.java:2078)
        at java.util.concurrent.LinkedBlockingQueue.poll(LinkedBlockingQueue.java:467)
        at org.apache.hadoop.ipc.CallQueueManager.take(CallQueueManager.java:317)
        at org.apache.hadoop.ipc.Server$Handler.run(Server.java:3014)
"IPC Server handler 6 on default port 15004" daemon prio=5 tid=168 timed_waiting
java.lang.Thread.State: TIMED_WAITING
        at sun.misc.Unsafe.park(Native Method)
        at java.util.concurrent.locks.LockSupport.parkNanos(LockSupport.java:215)
        at java.util.concurrent.locks.AbstractQueuedSynchronizer$ConditionObject.awaitNanos(AbstractQueuedSynchronizer.java:2078)
        at java.util.concurrent.LinkedBlockingQueue.poll(LinkedBlockingQueue.java:467)
        at org.apache.hadoop.ipc.CallQueueManager.take(CallQueueManager.java:317)
        at org.apache.hadoop.ipc.Server$Handler.run(Server.java:3014)
"ContainerOp-4ae2c880-1070-4148-9b0d-1f48da4a8ca8-4"  prio=5 tid=587 in Object.wait()
java.lang.Thread.State: WAITING (on object monitor)
        at sun.misc.Unsafe.park(Native Method)
        at java.util.concurrent.locks.LockSupport.park(LockSupport.java:175)
        at java.util.concurrent.locks.AbstractQueuedSynchronizer$ConditionObject.await(AbstractQueuedSynchronizer.java:2039)
        at java.util.concurrent.LinkedBlockingQueue.take(LinkedBlockingQueue.java:442)
        at java.util.concurrent.ThreadPoolExecutor.getTask(ThreadPoolExecutor.java:1074)
        at java.util.concurrent.ThreadPoolExecutor.runWorker(ThreadPoolExecutor.java:1134)
        at java.util.concurrent.ThreadPoolExecutor$Worker.run(ThreadPoolExecutor.java:624)
        at java.lang.Thread.run(Thread.java:750)
"125b6ccd-ab10-424e-ac54-cb3b86c02134@group-490E43B3EBB9-SegmentedRaftLogWorker"  prio=5 tid=397 timed_waiting
java.lang.Thread.State: TIMED_WAITING
        at sun.misc.Unsafe.park(Native Method)
        at java.util.concurrent.locks.LockSupport.parkNanos(LockSupport.java:215)
        at java.util.concurrent.locks.AbstractQueuedSynchronizer$ConditionObject.awaitNanos(AbstractQueuedSynchronizer.java:2078)
        at org.apache.ratis.util.DataBlockingQueue.poll(DataBlockingQueue.java:148)
        at org.apache.ratis.server.raftlog.segmented.SegmentedRaftLogWorker.run(SegmentedRaftLogWorker.java:307)
        at org.apache.ratis.server.raftlog.segmented.SegmentedRaftLogWorker$$Lambda$797/1364610811.run(Unknown Source)
        at java.util.concurrent.Executors$RunnableAdapter.call(Executors.java:511)
        at java.util.concurrent.FutureTask.run(FutureTask.java:266)
        at java.util.concurrent.ThreadPoolExecutor.runWorker(ThreadPoolExecutor.java:1149)
        at java.util.concurrent.ThreadPoolExecutor$Worker.run(ThreadPoolExecutor.java:624)
        at java.lang.Thread.run(Thread.java:750)
"8aaa379b-76d2-401e-9e9b-5f71144f2a0c@group-1F48DA4A8CA8-LeaderStateImpl" daemon prio=5 tid=523 timed_waiting
java.lang.Thread.State: TIMED_WAITING
        at sun.misc.Unsafe.park(Native Method)
        at java.util.concurrent.locks.LockSupport.parkNanos(LockSupport.java:215)
        at java.util.concurrent.locks.AbstractQueuedSynchronizer$ConditionObject.awaitNanos(AbstractQueuedSynchronizer.java:2078)
        at java.util.concurrent.ArrayBlockingQueue.poll(ArrayBlockingQueue.java:418)
        at org.apache.ratis.server.impl.LeaderStateImpl$EventQueue.poll(LeaderStateImpl.java:164)
        at org.apache.ratis.server.impl.LeaderStateImpl$EventProcessor.run(LeaderStateImpl.java:702)
"qtp1648385724-160" daemon prio=5 tid=160 timed_waiting
java.lang.Thread.State: TIMED_WAITING
        at sun.misc.Unsafe.park(Native Method)
        at java.util.concurrent.locks.LockSupport.parkNanos(LockSupport.java:215)
        at java.util.concurrent.locks.AbstractQueuedSynchronizer$ConditionObject.awaitNanos(AbstractQueuedSynchronizer.java:2078)
        at org.eclipse.jetty.util.BlockingArrayQueue.poll(BlockingArrayQueue.java:382)
        at org.eclipse.jetty.util.thread.QueuedThreadPool$Runner.idleJobPoll(QueuedThreadPool.java:974)
        at org.eclipse.jetty.util.thread.QueuedThreadPool$Runner.run(QueuedThreadPool.java:1018)
        at java.lang.Thread.run(Thread.java:750)
"ContainerOp-a2d281d2-730c-4a02-9c2e-ca4ce5b48592-5"  prio=5 tid=580 in Object.wait()
java.lang.Thread.State: WAITING (on object monitor)
        at sun.misc.Unsafe.park(Native Method)
        at java.util.concurrent.locks.LockSupport.park(LockSupport.java:175)
        at java.util.concurrent.locks.AbstractQueuedSynchronizer$ConditionObject.await(AbstractQueuedSynchronizer.java:2039)
        at java.util.concurrent.LinkedBlockingQueue.take(LinkedBlockingQueue.java:442)
        at java.util.concurrent.ThreadPoolExecutor.getTask(ThreadPoolExecutor.java:1074)
        at java.util.concurrent.ThreadPoolExecutor.runWorker(ThreadPoolExecutor.java:1134)
        at java.util.concurrent.ThreadPoolExecutor$Worker.run(ThreadPoolExecutor.java:624)
        at java.lang.Thread.run(Thread.java:750)
"KeyDeletingService#0" daemon prio=5 tid=148 timed_waiting
java.lang.Thread.State: TIMED_WAITING
        at sun.misc.Unsafe.park(Native Method)
        at java.util.concurrent.locks.LockSupport.parkNanos(LockSupport.java:215)
        at java.util.concurrent.locks.AbstractQueuedSynchronizer$ConditionObject.awaitNanos(AbstractQueuedSynchronizer.java:2078)
        at java.util.concurrent.ScheduledThreadPoolExecutor$DelayedWorkQueue.take(ScheduledThreadPoolExecutor.java:1093)
        at java.util.concurrent.ScheduledThreadPoolExecutor$DelayedWorkQueue.take(ScheduledThreadPoolExecutor.java:809)
        at java.util.concurrent.ThreadPoolExecutor.getTask(ThreadPoolExecutor.java:1074)
        at java.util.concurrent.ThreadPoolExecutor.runWorker(ThreadPoolExecutor.java:1134)
        at java.util.concurrent.ThreadPoolExecutor$Worker.run(ThreadPoolExecutor.java:624)
        at java.lang.Thread.run(Thread.java:750)
"derby.rawStoreDaemon" daemon prio=5 tid=186 timed_waiting
java.lang.Thread.State: TIMED_WAITING
        at java.lang.Object.wait(Native Method)
        at org.apache.derby.impl.services.daemon.BasicDaemon.rest(Unknown Source)
        at org.apache.derby.impl.services.daemon.BasicDaemon.run(Unknown Source)
        at java.lang.Thread.run(Thread.java:750)
"OpenKeyCleanupService#0" daemon prio=5 tid=149 timed_waiting
java.lang.Thread.State: TIMED_WAITING
        at sun.misc.Unsafe.park(Native Method)
        at java.util.concurrent.locks.LockSupport.parkNanos(LockSupport.java:215)
        at java.util.concurrent.locks.AbstractQueuedSynchronizer$ConditionObject.awaitNanos(AbstractQueuedSynchronizer.java:2078)
        at java.util.concurrent.ScheduledThreadPoolExecutor$DelayedWorkQueue.take(ScheduledThreadPoolExecutor.java:1093)
        at java.util.concurrent.ScheduledThreadPoolExecutor$DelayedWorkQueue.take(ScheduledThreadPoolExecutor.java:809)
        at java.util.concurrent.ThreadPoolExecutor.getTask(ThreadPoolExecutor.java:1074)
        at java.util.concurrent.ThreadPoolExecutor.runWorker(ThreadPoolExecutor.java:1134)
        at java.util.concurrent.ThreadPoolExecutor$Worker.run(ThreadPoolExecutor.java:624)
        at java.lang.Thread.run(Thread.java:750)
"StaleRecoveringContainerScrubbingService#0" daemon prio=5 tid=381 timed_waiting
java.lang.Thread.State: TIMED_WAITING
        at sun.misc.Unsafe.park(Native Method)
        at java.util.concurrent.locks.LockSupport.parkNanos(LockSupport.java:215)
        at java.util.concurrent.locks.AbstractQueuedSynchronizer$ConditionObject.awaitNanos(AbstractQueuedSynchronizer.java:2078)
        at java.util.concurrent.ScheduledThreadPoolExecutor$DelayedWorkQueue.take(ScheduledThreadPoolExecutor.java:1093)
        at java.util.concurrent.ScheduledThreadPoolExecutor$DelayedWorkQueue.take(ScheduledThreadPoolExecutor.java:809)
        at java.util.concurrent.ThreadPoolExecutor.getTask(ThreadPoolExecutor.java:1074)
        at java.util.concurrent.ThreadPoolExecutor.runWorker(ThreadPoolExecutor.java:1134)
        at java.util.concurrent.ThreadPoolExecutor$Worker.run(ThreadPoolExecutor.java:624)
        at java.lang.Thread.run(Thread.java:750)
"OMDoubleBufferFlushThread" daemon prio=5 tid=130 timed_waiting
java.lang.Thread.State: TIMED_WAITING
        at java.lang.Object.wait(Native Method)
        at org.apache.hadoop.ozone.om.ratis.OzoneManagerDoubleBuffer.canFlush(OzoneManagerDoubleBuffer.java:627)
        at org.apache.hadoop.ozone.om.ratis.OzoneManagerDoubleBuffer.flushTransactions(OzoneManagerDoubleBuffer.java:278)
        at org.apache.hadoop.ozone.om.ratis.OzoneManagerDoubleBuffer$$Lambda$610/679933427.run(Unknown Source)
        at java.lang.Thread.run(Thread.java:750)
"IPC Server handler 4 on default port 15009" daemon prio=5 tid=223 timed_waiting
java.lang.Thread.State: TIMED_WAITING
        at sun.misc.Unsafe.park(Native Method)
        at java.util.concurrent.locks.LockSupport.parkNanos(LockSupport.java:215)
        at java.util.concurrent.locks.AbstractQueuedSynchronizer$ConditionObject.awaitNanos(AbstractQueuedSynchronizer.java:2078)
        at java.util.concurrent.LinkedBlockingQueue.poll(LinkedBlockingQueue.java:467)
        at org.apache.hadoop.ipc.CallQueueManager.take(CallQueueManager.java:317)
        at org.apache.hadoop.ipc.Server$Handler.run(Server.java:3014)
"org.apache.hadoop.fs.FileSystem$Statistics$StatisticsDataReferenceCleaner" daemon prio=5 tid=511 in Object.wait()
java.lang.Thread.State: WAITING (on object monitor)
        at java.lang.Object.wait(Native Method)
        at java.lang.ref.ReferenceQueue.remove(ReferenceQueue.java:144)
        at java.lang.ref.ReferenceQueue.remove(ReferenceQueue.java:165)
        at org.apache.hadoop.fs.FileSystem$Statistics$StatisticsDataReferenceCleaner.run(FileSystem.java:4159)
        at java.lang.Thread.run(Thread.java:750)
"Datanode ReportManager Thread - 0" daemon prio=5 tid=267 in Object.wait()
java.lang.Thread.State: WAITING (on object monitor)
        at sun.misc.Unsafe.park(Native Method)
        at java.util.concurrent.locks.LockSupport.park(LockSupport.java:175)
        at java.util.concurrent.locks.AbstractQueuedSynchronizer$ConditionObject.await(AbstractQueuedSynchronizer.java:2039)
        at java.util.concurrent.ScheduledThreadPoolExecutor$DelayedWorkQueue.take(ScheduledThreadPoolExecutor.java:1088)
        at java.util.concurrent.ScheduledThreadPoolExecutor$DelayedWorkQueue.take(ScheduledThreadPoolExecutor.java:809)
        at java.util.concurrent.ThreadPoolExecutor.getTask(ThreadPoolExecutor.java:1074)
        at java.util.concurrent.ThreadPoolExecutor.runWorker(ThreadPoolExecutor.java:1134)
        at java.util.concurrent.ThreadPoolExecutor$Worker.run(ThreadPoolExecutor.java:624)
        at java.lang.Thread.run(Thread.java:750)
"e4211b8b-b648-43cb-96ad-95a5188c1410@group-1F48DA4A8CA8-StateMachineUpdater" daemon prio=5 tid=435 timed_waiting
java.lang.Thread.State: TIMED_WAITING
        at sun.misc.Unsafe.park(Native Method)
        at java.util.concurrent.locks.LockSupport.parkNanos(LockSupport.java:215)
        at java.util.concurrent.locks.AbstractQueuedSynchronizer$ConditionObject.await(AbstractQueuedSynchronizer.java:2163)
        at org.apache.ratis.util.AwaitForSignal.await(AwaitForSignal.java:62)
        at org.apache.ratis.server.impl.StateMachineUpdater.waitForCommit(StateMachineUpdater.java:209)
        at org.apache.ratis.server.impl.StateMachineUpdater.run(StateMachineUpdater.java:178)
        at java.lang.Thread.run(Thread.java:750)
"IPC Server handler 15 on default port 15001" daemon prio=5 tid=84 timed_waiting
java.lang.Thread.State: TIMED_WAITING
        at sun.misc.Unsafe.park(Native Method)
        at java.util.concurrent.locks.LockSupport.parkNanos(LockSupport.java:215)
        at java.util.concurrent.locks.AbstractQueuedSynchronizer$ConditionObject.awaitNanos(AbstractQueuedSynchronizer.java:2078)
        at java.util.concurrent.LinkedBlockingQueue.poll(LinkedBlockingQueue.java:467)
        at org.apache.hadoop.ipc.CallQueueManager.take(CallQueueManager.java:317)
        at org.apache.hadoop.ipc.Server$Handler.run(Server.java:3014)
"ContainerOp-a2d281d2-730c-4a02-9c2e-ca4ce5b48592-6"  prio=5 tid=593 in Object.wait()
java.lang.Thread.State: WAITING (on object monitor)
        at sun.misc.Unsafe.park(Native Method)
        at java.util.concurrent.locks.LockSupport.park(LockSupport.java:175)
        at java.util.concurrent.locks.AbstractQueuedSynchronizer$ConditionObject.await(AbstractQueuedSynchronizer.java:2039)
        at java.util.concurrent.LinkedBlockingQueue.take(LinkedBlockingQueue.java:442)
        at java.util.concurrent.ThreadPoolExecutor.getTask(ThreadPoolExecutor.java:1074)
        at java.util.concurrent.ThreadPoolExecutor.runWorker(ThreadPoolExecutor.java:1134)
        at java.util.concurrent.ThreadPoolExecutor$Worker.run(ThreadPoolExecutor.java:624)
        at java.lang.Thread.run(Thread.java:750)
"OM StateMachine ApplyTransaction Thread - 0" daemon prio=5 tid=502 in Object.wait()
java.lang.Thread.State: WAITING (on object monitor)
        at sun.misc.Unsafe.park(Native Method)
        at java.util.concurrent.locks.LockSupport.park(LockSupport.java:175)
        at java.util.concurrent.locks.AbstractQueuedSynchronizer$ConditionObject.await(AbstractQueuedSynchronizer.java:2039)
        at java.util.concurrent.LinkedBlockingQueue.take(LinkedBlockingQueue.java:442)
        at java.util.concurrent.ThreadPoolExecutor.getTask(ThreadPoolExecutor.java:1074)
        at java.util.concurrent.ThreadPoolExecutor.runWorker(ThreadPoolExecutor.java:1134)
        at java.util.concurrent.ThreadPoolExecutor$Worker.run(ThreadPoolExecutor.java:624)
        at java.lang.Thread.run(Thread.java:750)
"JvmPauseMonitor1" daemon prio=5 tid=145 timed_waiting
java.lang.Thread.State: TIMED_WAITING
        at java.lang.Thread.sleep(Native Method)
        at java.lang.Thread.sleep(Thread.java:342)
        at java.util.concurrent.TimeUnit.sleep(TimeUnit.java:386)
        at org.apache.ratis.util.TimeDuration.sleep(TimeDuration.java:325)
        at org.apache.ratis.util.TimeDuration.sleep(TimeDuration.java:310)
        at org.apache.ratis.util.JvmPauseMonitor.detectPause(JvmPauseMonitor.java:117)
        at org.apache.ratis.util.JvmPauseMonitor.run(JvmPauseMonitor.java:106)
        at org.apache.ratis.util.JvmPauseMonitor$$Lambda$468/781449501.run(Unknown Source)
        at java.lang.Thread.run(Thread.java:750)
"Hadoop-Metrics-Updater-0" daemon prio=5 tid=37 timed_waiting
java.lang.Thread.State: TIMED_WAITING
        at sun.misc.Unsafe.park(Native Method)
        at java.util.concurrent.locks.LockSupport.parkNanos(LockSupport.java:215)
        at java.util.concurrent.locks.AbstractQueuedSynchronizer$ConditionObject.awaitNanos(AbstractQueuedSynchronizer.java:2078)
        at java.util.concurrent.ScheduledThreadPoolExecutor$DelayedWorkQueue.take(ScheduledThreadPoolExecutor.java:1093)
        at java.util.concurrent.ScheduledThreadPoolExecutor$DelayedWorkQueue.take(ScheduledThreadPoolExecutor.java:809)
        at java.util.concurrent.ThreadPoolExecutor.getTask(ThreadPoolExecutor.java:1074)
        at java.util.concurrent.ThreadPoolExecutor.runWorker(ThreadPoolExecutor.java:1134)
        at java.util.concurrent.ThreadPoolExecutor$Worker.run(ThreadPoolExecutor.java:624)
        at java.lang.Thread.run(Thread.java:750)
"IPC Server handler 4 on default port 15001" daemon prio=5 tid=73 timed_waiting
java.lang.Thread.State: TIMED_WAITING
        at sun.misc.Unsafe.park(Native Method)
        at java.util.concurrent.locks.LockSupport.parkNanos(LockSupport.java:215)
        at java.util.concurrent.locks.AbstractQueuedSynchronizer$ConditionObject.awaitNanos(AbstractQueuedSynchronizer.java:2078)
        at java.util.concurrent.LinkedBlockingQueue.poll(LinkedBlockingQueue.java:467)
        at org.apache.hadoop.ipc.CallQueueManager.take(CallQueueManager.java:317)
        at org.apache.hadoop.ipc.Server$Handler.run(Server.java:3014)
"ContainerOp-a2d281d2-730c-4a02-9c2e-ca4ce5b48592-6"  prio=5 tid=591 in Object.wait()
java.lang.Thread.State: WAITING (on object monitor)
        at sun.misc.Unsafe.park(Native Method)
        at java.util.concurrent.locks.LockSupport.park(LockSupport.java:175)
        at java.util.concurrent.locks.AbstractQueuedSynchronizer$ConditionObject.await(AbstractQueuedSynchronizer.java:2039)
        at java.util.concurrent.LinkedBlockingQueue.take(LinkedBlockingQueue.java:442)
        at java.util.concurrent.ThreadPoolExecutor.getTask(ThreadPoolExecutor.java:1074)
        at java.util.concurrent.ThreadPoolExecutor.runWorker(ThreadPoolExecutor.java:1134)
        at java.util.concurrent.ThreadPoolExecutor$Worker.run(ThreadPoolExecutor.java:624)
        at java.lang.Thread.run(Thread.java:750)
"qtp1648385724-156" daemon prio=5 tid=156 runnable
java.lang.Thread.State: RUNNABLE
        at sun.nio.ch.EPollArrayWrapper.epollWait(Native Method)
        at sun.nio.ch.EPollArrayWrapper.poll(EPollArrayWrapper.java:269)
        at sun.nio.ch.EPollSelectorImpl.doSelect(EPollSelectorImpl.java:93)
        at sun.nio.ch.SelectorImpl.lockAndDoSelect(SelectorImpl.java:86)
        at sun.nio.ch.SelectorImpl.select(SelectorImpl.java:97)
        at sun.nio.ch.SelectorImpl.select(SelectorImpl.java:101)
        at org.eclipse.jetty.io.ManagedSelector.nioSelect(ManagedSelector.java:183)
        at org.eclipse.jetty.io.ManagedSelector.select(ManagedSelector.java:190)
        at org.eclipse.jetty.io.ManagedSelector$SelectorProducer.select(ManagedSelector.java:606)
        at org.eclipse.jetty.io.ManagedSelector$SelectorProducer.produce(ManagedSelector.java:543)
        at org.eclipse.jetty.util.thread.strategy.EatWhatYouKill.produceTask(EatWhatYouKill.java:362)
        at org.eclipse.jetty.util.thread.strategy.EatWhatYouKill.doProduce(EatWhatYouKill.java:186)
        at org.eclipse.jetty.util.thread.strategy.EatWhatYouKill.tryProduce(EatWhatYouKill.java:173)
        at org.eclipse.jetty.util.thread.strategy.EatWhatYouKill.run(EatWhatYouKill.java:131)
        at org.eclipse.jetty.util.thread.ReservedThreadExecutor$ReservedThread.run(ReservedThreadExecutor.java:409)
        at org.eclipse.jetty.util.thread.QueuedThreadPool.runJob(QueuedThreadPool.java:883)
        at org.eclipse.jetty.util.thread.QueuedThreadPool$Runner.run(QueuedThreadPool.java:1034)
        at java.lang.Thread.run(Thread.java:750)
"qtp837784224-210" daemon prio=5 tid=210 timed_waiting
java.lang.Thread.State: TIMED_WAITING
        at sun.misc.Unsafe.park(Native Method)
        at java.util.concurrent.locks.LockSupport.parkNanos(LockSupport.java:215)
        at java.util.concurrent.locks.AbstractQueuedSynchronizer$ConditionObject.awaitNanos(AbstractQueuedSynchronizer.java:2078)
        at org.eclipse.jetty.util.BlockingArrayQueue.poll(BlockingArrayQueue.java:382)
        at org.eclipse.jetty.util.thread.QueuedThreadPool$Runner.idleJobPoll(QueuedThreadPool.java:974)
        at org.eclipse.jetty.util.thread.QueuedThreadPool$Runner.run(QueuedThreadPool.java:1018)
        at java.lang.Thread.run(Thread.java:750)
"timer7" daemon prio=5 tid=533 timed_waiting
java.lang.Thread.State: TIMED_WAITING
        at java.lang.Object.wait(Native Method)
        at java.util.TimerThread.mainLoop(Timer.java:552)
        at java.util.TimerThread.run(Timer.java:505)
"IPC Server handler 10 on default port 15000" daemon prio=5 tid=59 timed_waiting
java.lang.Thread.State: TIMED_WAITING
        at sun.misc.Unsafe.park(Native Method)
        at java.util.concurrent.locks.LockSupport.parkNanos(LockSupport.java:215)
        at java.util.concurrent.locks.AbstractQueuedSynchronizer$ConditionObject.awaitNanos(AbstractQueuedSynchronizer.java:2078)
        at java.util.concurrent.LinkedBlockingQueue.poll(LinkedBlockingQueue.java:467)
        at org.apache.hadoop.ipc.CallQueueManager.take(CallQueueManager.java:317)
        at org.apache.hadoop.ipc.Server$Handler.run(Server.java:3014)
"timer3" daemon prio=5 tid=489 timed_waiting
java.lang.Thread.State: TIMED_WAITING
        at java.lang.Object.wait(Native Method)
        at java.util.TimerThread.mainLoop(Timer.java:552)
        at java.util.TimerThread.run(Timer.java:505)
"IPC Server listener on 15030" daemon prio=5 tid=318 runnable
java.lang.Thread.State: RUNNABLE
        at sun.nio.ch.EPollArrayWrapper.epollWait(Native Method)
        at sun.nio.ch.EPollArrayWrapper.poll(EPollArrayWrapper.java:269)
        at sun.nio.ch.EPollSelectorImpl.doSelect(EPollSelectorImpl.java:93)
        at sun.nio.ch.SelectorImpl.lockAndDoSelect(SelectorImpl.java:86)
        at sun.nio.ch.SelectorImpl.select(SelectorImpl.java:97)
        at sun.nio.ch.SelectorImpl.select(SelectorImpl.java:101)
        at org.apache.hadoop.ipc.Server$Listener.run(Server.java:1408)
"ContainerOp-a2d281d2-730c-4a02-9c2e-ca4ce5b48592-3"  prio=5 tid=563 in Object.wait()
java.lang.Thread.State: WAITING (on object monitor)
        at sun.misc.Unsafe.park(Native Method)
        at java.util.concurrent.locks.LockSupport.park(LockSupport.java:175)
        at java.util.concurrent.locks.AbstractQueuedSynchronizer$ConditionObject.await(AbstractQueuedSynchronizer.java:2039)
        at java.util.concurrent.LinkedBlockingQueue.take(LinkedBlockingQueue.java:442)
        at java.util.concurrent.ThreadPoolExecutor.getTask(ThreadPoolExecutor.java:1074)
        at java.util.concurrent.ThreadPoolExecutor.runWorker(ThreadPoolExecutor.java:1134)
        at java.util.concurrent.ThreadPoolExecutor$Worker.run(ThreadPoolExecutor.java:624)
        at java.lang.Thread.run(Thread.java:750)
"Socket Reader #1 for port 15004"  prio=5 tid=136 runnable
java.lang.Thread.State: RUNNABLE
        at sun.nio.ch.EPollArrayWrapper.epollWait(Native Method)
        at sun.nio.ch.EPollArrayWrapper.poll(EPollArrayWrapper.java:269)
        at sun.nio.ch.EPollSelectorImpl.doSelect(EPollSelectorImpl.java:93)
        at sun.nio.ch.SelectorImpl.lockAndDoSelect(SelectorImpl.java:86)
        at sun.nio.ch.SelectorImpl.select(SelectorImpl.java:97)
        at sun.nio.ch.SelectorImpl.select(SelectorImpl.java:101)
        at org.apache.hadoop.ipc.Server$Listener$Reader.doRunLoop(Server.java:1346)
        at org.apache.hadoop.ipc.Server$Listener$Reader.run(Server.java:1325)
"IPC Server handler 8 on default port 15002" daemon prio=5 tid=97 timed_waiting
java.lang.Thread.State: TIMED_WAITING
        at sun.misc.Unsafe.park(Native Method)
        at java.util.concurrent.locks.LockSupport.parkNanos(LockSupport.java:215)
        at java.util.concurrent.locks.AbstractQueuedSynchronizer$ConditionObject.awaitNanos(AbstractQueuedSynchronizer.java:2078)
        at java.util.concurrent.LinkedBlockingQueue.poll(LinkedBlockingQueue.java:467)
        at org.apache.hadoop.ipc.CallQueueManager.take(CallQueueManager.java:317)
        at org.apache.hadoop.ipc.Server$Handler.run(Server.java:3014)
"ContainerOp-a2d281d2-730c-4a02-9c2e-ca4ce5b48592-0"  prio=5 tid=544 in Object.wait()
java.lang.Thread.State: WAITING (on object monitor)
        at sun.misc.Unsafe.park(Native Method)
        at java.util.concurrent.locks.LockSupport.park(LockSupport.java:175)
        at java.util.concurrent.locks.AbstractQueuedSynchronizer$ConditionObject.await(AbstractQueuedSynchronizer.java:2039)
        at java.util.concurrent.LinkedBlockingQueue.take(LinkedBlockingQueue.java:442)
        at java.util.concurrent.ThreadPoolExecutor.getTask(ThreadPoolExecutor.java:1074)
        at java.util.concurrent.ThreadPoolExecutor.runWorker(ThreadPoolExecutor.java:1134)
        at java.util.concurrent.ThreadPoolExecutor$Worker.run(ThreadPoolExecutor.java:624)
        at java.lang.Thread.run(Thread.java:750)
"qtp1704019169-284" daemon prio=5 tid=284 timed_waiting
java.lang.Thread.State: TIMED_WAITING
        at sun.misc.Unsafe.park(Native Method)
        at java.util.concurrent.locks.LockSupport.parkNanos(LockSupport.java:215)
        at java.util.concurrent.locks.AbstractQueuedSynchronizer$ConditionObject.awaitNanos(AbstractQueuedSynchronizer.java:2078)
        at org.eclipse.jetty.util.BlockingArrayQueue.poll(BlockingArrayQueue.java:382)
        at org.eclipse.jetty.util.thread.QueuedThreadPool$Runner.idleJobPoll(QueuedThreadPool.java:974)
        at org.eclipse.jetty.util.thread.QueuedThreadPool$Runner.run(QueuedThreadPool.java:1018)
        at java.lang.Thread.run(Thread.java:750)
"e4211b8b-b648-43cb-96ad-95a5188c1410@group-CA4CE5B48592-StateMachineUpdater" daemon prio=5 tid=419 timed_waiting
java.lang.Thread.State: TIMED_WAITING
        at sun.misc.Unsafe.park(Native Method)
        at java.util.concurrent.locks.LockSupport.parkNanos(LockSupport.java:215)
        at java.util.concurrent.locks.AbstractQueuedSynchronizer$ConditionObject.await(AbstractQueuedSynchronizer.java:2163)
        at org.apache.ratis.util.AwaitForSignal.await(AwaitForSignal.java:62)
        at org.apache.ratis.server.impl.StateMachineUpdater.waitForCommit(StateMachineUpdater.java:209)
        at org.apache.ratis.server.impl.StateMachineUpdater.run(StateMachineUpdater.java:178)
        at java.lang.Thread.run(Thread.java:750)
"ContainerOp-a2d281d2-730c-4a02-9c2e-ca4ce5b48592-3"  prio=5 tid=565 in Object.wait()
java.lang.Thread.State: WAITING (on object monitor)
        at sun.misc.Unsafe.park(Native Method)
        at java.util.concurrent.locks.LockSupport.park(LockSupport.java:175)
        at java.util.concurrent.locks.AbstractQueuedSynchronizer$ConditionObject.await(AbstractQueuedSynchronizer.java:2039)
        at java.util.concurrent.LinkedBlockingQueue.take(LinkedBlockingQueue.java:442)
        at java.util.concurrent.ThreadPoolExecutor.getTask(ThreadPoolExecutor.java:1074)
        at java.util.concurrent.ThreadPoolExecutor.runWorker(ThreadPoolExecutor.java:1134)
        at java.util.concurrent.ThreadPoolExecutor$Worker.run(ThreadPoolExecutor.java:624)
        at java.lang.Thread.run(Thread.java:750)
"EventQueue-PipelineReportForReconPipelineReportHandler" daemon prio=5 tid=390 in Object.wait()
java.lang.Thread.State: WAITING (on object monitor)
        at sun.misc.Unsafe.park(Native Method)
        at java.util.concurrent.locks.LockSupport.park(LockSupport.java:175)
        at java.util.concurrent.locks.AbstractQueuedSynchronizer$ConditionObject.await(AbstractQueuedSynchronizer.java:2039)
        at java.util.concurrent.LinkedBlockingQueue.take(LinkedBlockingQueue.java:442)
        at java.util.concurrent.ThreadPoolExecutor.getTask(ThreadPoolExecutor.java:1074)
        at java.util.concurrent.ThreadPoolExecutor.runWorker(ThreadPoolExecutor.java:1134)
        at java.util.concurrent.ThreadPoolExecutor$Worker.run(ThreadPoolExecutor.java:624)
        at java.lang.Thread.run(Thread.java:750)
"qtp1811082427-116" daemon prio=5 tid=116 timed_waiting
java.lang.Thread.State: TIMED_WAITING
        at sun.misc.Unsafe.park(Native Method)
        at java.util.concurrent.locks.LockSupport.parkNanos(LockSupport.java:215)
        at java.util.concurrent.locks.AbstractQueuedSynchronizer$ConditionObject.awaitNanos(AbstractQueuedSynchronizer.java:2078)
        at org.eclipse.jetty.util.BlockingArrayQueue.poll(BlockingArrayQueue.java:382)
        at org.eclipse.jetty.util.thread.QueuedThreadPool$Runner.idleJobPoll(QueuedThreadPool.java:974)
        at org.eclipse.jetty.util.thread.QueuedThreadPool$Runner.run(QueuedThreadPool.java:1018)
        at java.lang.Thread.run(Thread.java:750)
"Datanode ReportManager Thread - 1" daemon prio=5 tid=268 timed_waiting
java.lang.Thread.State: TIMED_WAITING
        at sun.misc.Unsafe.park(Native Method)
        at java.util.concurrent.locks.LockSupport.parkNanos(LockSupport.java:215)
        at java.util.concurrent.locks.AbstractQueuedSynchronizer$ConditionObject.awaitNanos(AbstractQueuedSynchronizer.java:2078)
        at java.util.concurrent.ScheduledThreadPoolExecutor$DelayedWorkQueue.take(ScheduledThreadPoolExecutor.java:1093)
        at java.util.concurrent.ScheduledThreadPoolExecutor$DelayedWorkQueue.take(ScheduledThreadPoolExecutor.java:809)
        at java.util.concurrent.ThreadPoolExecutor.getTask(ThreadPoolExecutor.java:1074)
        at java.util.concurrent.ThreadPoolExecutor.runWorker(ThreadPoolExecutor.java:1134)
        at java.util.concurrent.ThreadPoolExecutor$Worker.run(ThreadPoolExecutor.java:624)
        at java.lang.Thread.run(Thread.java:750)
"ExpiredContainerReplicaOpScrubberThread" daemon prio=5 tid=17 timed_waiting
java.lang.Thread.State: TIMED_WAITING
        at java.lang.Object.wait(Native Method)
        at org.apache.hadoop.hdds.scm.ha.BackgroundSCMService.run(BackgroundSCMService.java:110)
        at org.apache.hadoop.hdds.scm.ha.BackgroundSCMService$$Lambda$420/1214850053.run(Unknown Source)
        at java.lang.Thread.run(Thread.java:750)
"FixedThreadPoolWithAffinityExecutor-3-0" daemon prio=5 tid=199 timed_waiting
java.lang.Thread.State: TIMED_WAITING
        at sun.misc.Unsafe.park(Native Method)
        at java.util.concurrent.locks.LockSupport.parkNanos(LockSupport.java:215)
        at java.util.concurrent.locks.AbstractQueuedSynchronizer$ConditionObject.awaitNanos(AbstractQueuedSynchronizer.java:2078)
        at java.util.concurrent.LinkedBlockingQueue.poll(LinkedBlockingQueue.java:467)
        at org.apache.hadoop.hdds.scm.server.ContainerReportQueue.poll(ContainerReportQueue.java:266)
        at org.apache.hadoop.hdds.scm.server.ContainerReportQueue.poll(ContainerReportQueue.java:42)
        at org.apache.hadoop.hdds.server.events.FixedThreadPoolWithAffinityExecutor$ContainerReportProcessTask.run(FixedThreadPoolWithAffinityExecutor.java:247)
        at java.util.concurrent.Executors$RunnableAdapter.call(Executors.java:511)
        at java.util.concurrent.FutureTask.run(FutureTask.java:266)
        at java.util.concurrent.ThreadPoolExecutor.runWorker(ThreadPoolExecutor.java:1149)
        at java.util.concurrent.ThreadPoolExecutor$Worker.run(ThreadPoolExecutor.java:624)
        at java.lang.Thread.run(Thread.java:750)
"ContainerOp-4ae2c880-1070-4148-9b0d-1f48da4a8ca8-1"  prio=5 tid=555 in Object.wait()
java.lang.Thread.State: WAITING (on object monitor)
        at sun.misc.Unsafe.park(Native Method)
        at java.util.concurrent.locks.LockSupport.park(LockSupport.java:175)
        at java.util.concurrent.locks.AbstractQueuedSynchronizer$ConditionObject.await(AbstractQueuedSynchronizer.java:2039)
        at java.util.concurrent.LinkedBlockingQueue.take(LinkedBlockingQueue.java:442)
        at java.util.concurrent.ThreadPoolExecutor.getTask(ThreadPoolExecutor.java:1074)
        at java.util.concurrent.ThreadPoolExecutor.runWorker(ThreadPoolExecutor.java:1134)
        at java.util.concurrent.ThreadPoolExecutor$Worker.run(ThreadPoolExecutor.java:624)
        at java.lang.Thread.run(Thread.java:750)
"FixedThreadPoolWithAffinityExecutor-1-0" daemon prio=5 tid=39 timed_waiting
java.lang.Thread.State: TIMED_WAITING
        at sun.misc.Unsafe.park(Native Method)
        at java.util.concurrent.locks.LockSupport.parkNanos(LockSupport.java:215)
        at java.util.concurrent.locks.AbstractQueuedSynchronizer$ConditionObject.awaitNanos(AbstractQueuedSynchronizer.java:2078)
        at java.util.concurrent.LinkedBlockingQueue.poll(LinkedBlockingQueue.java:467)
        at org.apache.hadoop.hdds.scm.server.ContainerReportQueue.poll(ContainerReportQueue.java:266)
        at org.apache.hadoop.hdds.scm.server.ContainerReportQueue.poll(ContainerReportQueue.java:42)
        at org.apache.hadoop.hdds.server.events.FixedThreadPoolWithAffinityExecutor$ContainerReportProcessTask.run(FixedThreadPoolWithAffinityExecutor.java:247)
        at java.util.concurrent.Executors$RunnableAdapter.call(Executors.java:511)
        at java.util.concurrent.FutureTask.run(FutureTask.java:266)
        at java.util.concurrent.ThreadPoolExecutor.runWorker(ThreadPoolExecutor.java:1149)
        at java.util.concurrent.ThreadPoolExecutor$Worker.run(ThreadPoolExecutor.java:624)
        at java.lang.Thread.run(Thread.java:750)
"e4211b8b-b648-43cb-96ad-95a5188c1410@group-1F48DA4A8CA8-FollowerState" daemon prio=5 tid=525 timed_waiting
java.lang.Thread.State: TIMED_WAITING
        at java.lang.Thread.sleep(Native Method)
        at java.lang.Thread.sleep(Thread.java:342)
        at java.util.concurrent.TimeUnit.sleep(TimeUnit.java:386)
        at org.apache.ratis.util.TimeDuration.sleep(TimeDuration.java:325)
        at org.apache.ratis.util.TimeDuration.sleep(TimeDuration.java:310)
        at org.apache.ratis.server.impl.FollowerState.run(FollowerState.java:128)
"StaleRecoveringContainerScrubbingService#1" daemon prio=5 tid=382 in Object.wait()
java.lang.Thread.State: WAITING (on object monitor)
        at sun.misc.Unsafe.park(Native Method)
        at java.util.concurrent.locks.LockSupport.park(LockSupport.java:175)
        at java.util.concurrent.locks.AbstractQueuedSynchronizer$ConditionObject.await(AbstractQueuedSynchronizer.java:2039)
        at java.util.concurrent.ScheduledThreadPoolExecutor$DelayedWorkQueue.take(ScheduledThreadPoolExecutor.java:1088)
        at java.util.concurrent.ScheduledThreadPoolExecutor$DelayedWorkQueue.take(ScheduledThreadPoolExecutor.java:809)
        at java.util.concurrent.ThreadPoolExecutor.getTask(ThreadPoolExecutor.java:1074)
        at java.util.concurrent.ThreadPoolExecutor.runWorker(ThreadPoolExecutor.java:1134)
        at java.util.concurrent.ThreadPoolExecutor$Worker.run(ThreadPoolExecutor.java:624)
        at java.lang.Thread.run(Thread.java:750)
"IPC Server handler 0 on default port 15012" daemon prio=5 tid=265 timed_waiting
java.lang.Thread.State: TIMED_WAITING
        at sun.misc.Unsafe.park(Native Method)
        at java.util.concurrent.locks.LockSupport.parkNanos(LockSupport.java:215)
        at java.util.concurrent.locks.AbstractQueuedSynchronizer$ConditionObject.awaitNanos(AbstractQueuedSynchronizer.java:2078)
        at java.util.concurrent.LinkedBlockingQueue.poll(LinkedBlockingQueue.java:467)
        at org.apache.hadoop.ipc.CallQueueManager.take(CallQueueManager.java:317)
        at org.apache.hadoop.ipc.Server$Handler.run(Server.java:3014)
"IPC Server handler 1 on default port 15001" daemon prio=5 tid=70 timed_waiting
java.lang.Thread.State: TIMED_WAITING
        at sun.misc.Unsafe.park(Native Method)
        at java.util.concurrent.locks.LockSupport.parkNanos(LockSupport.java:215)
        at java.util.concurrent.locks.AbstractQueuedSynchronizer$ConditionObject.awaitNanos(AbstractQueuedSynchronizer.java:2078)
        at java.util.concurrent.LinkedBlockingQueue.poll(LinkedBlockingQueue.java:467)
        at org.apache.hadoop.ipc.CallQueueManager.take(CallQueueManager.java:317)
        at org.apache.hadoop.ipc.Server$Handler.run(Server.java:3014)
"ContainerOp-4ae2c880-1070-4148-9b0d-1f48da4a8ca8-5"  prio=5 tid=584 in Object.wait()
java.lang.Thread.State: WAITING (on object monitor)
        at sun.misc.Unsafe.park(Native Method)
        at java.util.concurrent.locks.LockSupport.park(LockSupport.java:175)
        at java.util.concurrent.locks.AbstractQueuedSynchronizer$ConditionObject.await(AbstractQueuedSynchronizer.java:2039)
        at java.util.concurrent.LinkedBlockingQueue.take(LinkedBlockingQueue.java:442)
        at java.util.concurrent.ThreadPoolExecutor.getTask(ThreadPoolExecutor.java:1074)
        at java.util.concurrent.ThreadPoolExecutor.runWorker(ThreadPoolExecutor.java:1134)
        at java.util.concurrent.ThreadPoolExecutor$Worker.run(ThreadPoolExecutor.java:624)
        at java.lang.Thread.run(Thread.java:750)
"IPC Server handler 15 on default port 15009" daemon prio=5 tid=234 timed_waiting
java.lang.Thread.State: TIMED_WAITING
        at sun.misc.Unsafe.park(Native Method)
        at java.util.concurrent.locks.LockSupport.parkNanos(LockSupport.java:215)
        at java.util.concurrent.locks.AbstractQueuedSynchronizer$ConditionObject.awaitNanos(AbstractQueuedSynchronizer.java:2078)
        at java.util.concurrent.LinkedBlockingQueue.poll(LinkedBlockingQueue.java:467)
        at org.apache.hadoop.ipc.CallQueueManager.take(CallQueueManager.java:317)
        at org.apache.hadoop.ipc.Server$Handler.run(Server.java:3014)
"Hadoop-Metrics-Updater-0" daemon prio=5 tid=293 timed_waiting
java.lang.Thread.State: TIMED_WAITING
        at sun.misc.Unsafe.park(Native Method)
        at java.util.concurrent.locks.LockSupport.parkNanos(LockSupport.java:215)
        at java.util.concurrent.locks.AbstractQueuedSynchronizer$ConditionObject.awaitNanos(AbstractQueuedSynchronizer.java:2078)
        at java.util.concurrent.ScheduledThreadPoolExecutor$DelayedWorkQueue.take(ScheduledThreadPoolExecutor.java:1093)
        at java.util.concurrent.ScheduledThreadPoolExecutor$DelayedWorkQueue.take(ScheduledThreadPoolExecutor.java:809)
        at java.util.concurrent.ThreadPoolExecutor.getTask(ThreadPoolExecutor.java:1074)
        at java.util.concurrent.ThreadPoolExecutor.runWorker(ThreadPoolExecutor.java:1134)
        at java.util.concurrent.ThreadPoolExecutor$Worker.run(ThreadPoolExecutor.java:624)
        at java.lang.Thread.run(Thread.java:750)
"IPC Server idle connection scanner for port 15002" daemon prio=5 tid=25 timed_waiting
java.lang.Thread.State: TIMED_WAITING
        at java.lang.Object.wait(Native Method)
        at java.util.TimerThread.mainLoop(Timer.java:552)
        at java.util.TimerThread.run(Timer.java:505)
"FixedThreadPoolWithAffinityExecutor-0-0" daemon prio=5 tid=196 timed_waiting
java.lang.Thread.State: TIMED_WAITING
        at sun.misc.Unsafe.park(Native Method)
        at java.util.concurrent.locks.LockSupport.parkNanos(LockSupport.java:215)
        at java.util.concurrent.locks.AbstractQueuedSynchronizer$ConditionObject.awaitNanos(AbstractQueuedSynchronizer.java:2078)
        at java.util.concurrent.LinkedBlockingQueue.poll(LinkedBlockingQueue.java:467)
        at org.apache.hadoop.hdds.scm.server.ContainerReportQueue.poll(ContainerReportQueue.java:266)
        at org.apache.hadoop.hdds.scm.server.ContainerReportQueue.poll(ContainerReportQueue.java:42)
        at org.apache.hadoop.hdds.server.events.FixedThreadPoolWithAffinityExecutor$ContainerReportProcessTask.run(FixedThreadPoolWithAffinityExecutor.java:247)
        at java.util.concurrent.Executors$RunnableAdapter.call(Executors.java:511)
        at java.util.concurrent.FutureTask.run(FutureTask.java:266)
        at java.util.concurrent.ThreadPoolExecutor.runWorker(ThreadPoolExecutor.java:1149)
        at java.util.concurrent.ThreadPoolExecutor$Worker.run(ThreadPoolExecutor.java:624)
        at java.lang.Thread.run(Thread.java:750)
"Datanode State Machine Task Thread - 1"  prio=5 tid=332 in Object.wait()
java.lang.Thread.State: WAITING (on object monitor)
        at sun.misc.Unsafe.park(Native Method)
        at java.util.concurrent.locks.LockSupport.park(LockSupport.java:175)
        at java.util.concurrent.locks.AbstractQueuedSynchronizer$ConditionObject.await(AbstractQueuedSynchronizer.java:2039)
        at java.util.concurrent.LinkedBlockingQueue.take(LinkedBlockingQueue.java:442)
        at java.util.concurrent.ThreadPoolExecutor.getTask(ThreadPoolExecutor.java:1074)
        at java.util.concurrent.ThreadPoolExecutor.runWorker(ThreadPoolExecutor.java:1134)
        at java.util.concurrent.ThreadPoolExecutor$Worker.run(ThreadPoolExecutor.java:624)
        at java.lang.Thread.run(Thread.java:750)
"ContainerOp-a2d281d2-730c-4a02-9c2e-ca4ce5b48592-4"  prio=5 tid=578 in Object.wait()
java.lang.Thread.State: WAITING (on object monitor)
        at sun.misc.Unsafe.park(Native Method)
        at java.util.concurrent.locks.LockSupport.park(LockSupport.java:175)
        at java.util.concurrent.locks.AbstractQueuedSynchronizer$ConditionObject.await(AbstractQueuedSynchronizer.java:2039)
        at java.util.concurrent.LinkedBlockingQueue.take(LinkedBlockingQueue.java:442)
        at java.util.concurrent.ThreadPoolExecutor.getTask(ThreadPoolExecutor.java:1074)
        at java.util.concurrent.ThreadPoolExecutor.runWorker(ThreadPoolExecutor.java:1134)
        at java.util.concurrent.ThreadPoolExecutor$Worker.run(ThreadPoolExecutor.java:624)
        at java.lang.Thread.run(Thread.java:750)
"qtp1704019169-282" daemon prio=5 tid=282 timed_waiting
java.lang.Thread.State: TIMED_WAITING
        at sun.misc.Unsafe.park(Native Method)
        at java.util.concurrent.locks.LockSupport.parkNanos(LockSupport.java:215)
        at java.util.concurrent.locks.AbstractQueuedSynchronizer$ConditionObject.awaitNanos(AbstractQueuedSynchronizer.java:2078)
        at org.eclipse.jetty.util.BlockingArrayQueue.poll(BlockingArrayQueue.java:382)
        at org.eclipse.jetty.util.thread.QueuedThreadPool$Runner.idleJobPoll(QueuedThreadPool.java:974)
        at org.eclipse.jetty.util.thread.QueuedThreadPool$Runner.run(QueuedThreadPool.java:1018)
        at java.lang.Thread.run(Thread.java:750)
"qtp1704019169-281-acceptor-0@5b616f89-ServerConnector@6e3d0ca8{HTTP/1.1, (http/1.1)}{0.0.0.0:15020}" daemon prio=3 tid=281 runnable
java.lang.Thread.State: RUNNABLE
        at sun.nio.ch.ServerSocketChannelImpl.accept0(Native Method)
        at sun.nio.ch.ServerSocketChannelImpl.accept(ServerSocketChannelImpl.java:421)
        at sun.nio.ch.ServerSocketChannelImpl.accept(ServerSocketChannelImpl.java:249)
        at org.eclipse.jetty.server.ServerConnector.accept(ServerConnector.java:388)
        at org.eclipse.jetty.server.AbstractConnector$Acceptor.run(AbstractConnector.java:704)
        at org.eclipse.jetty.util.thread.QueuedThreadPool.runJob(QueuedThreadPool.java:883)
        at org.eclipse.jetty.util.thread.QueuedThreadPool$Runner.run(QueuedThreadPool.java:1034)
        at java.lang.Thread.run(Thread.java:750)
"ContainerOp-4ae2c880-1070-4148-9b0d-1f48da4a8ca8-9"  prio=5 tid=632 in Object.wait()
java.lang.Thread.State: WAITING (on object monitor)
        at sun.misc.Unsafe.park(Native Method)
        at java.util.concurrent.locks.LockSupport.park(LockSupport.java:175)
        at java.util.concurrent.locks.AbstractQueuedSynchronizer$ConditionObject.await(AbstractQueuedSynchronizer.java:2039)
        at java.util.concurrent.LinkedBlockingQueue.take(LinkedBlockingQueue.java:442)
        at java.util.concurrent.ThreadPoolExecutor.getTask(ThreadPoolExecutor.java:1074)
        at java.util.concurrent.ThreadPoolExecutor.runWorker(ThreadPoolExecutor.java:1134)
        at java.util.concurrent.ThreadPoolExecutor$Worker.run(ThreadPoolExecutor.java:624)
        at java.lang.Thread.run(Thread.java:750)
"125b6ccd-ab10-424e-ac54-cb3b86c02134@group-1F48DA4A8CA8-FollowerState" daemon prio=5 tid=522 timed_waiting
java.lang.Thread.State: TIMED_WAITING
        at java.lang.Thread.sleep(Native Method)
        at java.lang.Thread.sleep(Thread.java:342)
        at java.util.concurrent.TimeUnit.sleep(TimeUnit.java:386)
        at org.apache.ratis.util.TimeDuration.sleep(TimeDuration.java:325)
        at org.apache.ratis.util.TimeDuration.sleep(TimeDuration.java:310)
        at org.apache.ratis.server.impl.FollowerState.run(FollowerState.java:128)
"FixedThreadPoolWithAffinityExecutor-8-0" daemon prio=5 tid=46 timed_waiting
java.lang.Thread.State: TIMED_WAITING
        at sun.misc.Unsafe.park(Native Method)
        at java.util.concurrent.locks.LockSupport.parkNanos(LockSupport.java:215)
        at java.util.concurrent.locks.AbstractQueuedSynchronizer$ConditionObject.awaitNanos(AbstractQueuedSynchronizer.java:2078)
        at java.util.concurrent.LinkedBlockingQueue.poll(LinkedBlockingQueue.java:467)
        at org.apache.hadoop.hdds.scm.server.ContainerReportQueue.poll(ContainerReportQueue.java:266)
        at org.apache.hadoop.hdds.scm.server.ContainerReportQueue.poll(ContainerReportQueue.java:42)
        at org.apache.hadoop.hdds.server.events.FixedThreadPoolWithAffinityExecutor$ContainerReportProcessTask.run(FixedThreadPoolWithAffinityExecutor.java:247)
        at java.util.concurrent.Executors$RunnableAdapter.call(Executors.java:511)
        at java.util.concurrent.FutureTask.run(FutureTask.java:266)
        at java.util.concurrent.ThreadPoolExecutor.runWorker(ThreadPoolExecutor.java:1149)
        at java.util.concurrent.ThreadPoolExecutor$Worker.run(ThreadPoolExecutor.java:624)
        at java.lang.Thread.run(Thread.java:750)
"125b6ccd-ab10-424e-ac54-cb3b86c02134-NettyServerStreamRpc-bossGroup--thread1"  prio=5 tid=247 runnable
java.lang.Thread.State: RUNNABLE
        at sun.nio.ch.EPollArrayWrapper.epollWait(Native Method)
        at sun.nio.ch.EPollArrayWrapper.poll(EPollArrayWrapper.java:269)
        at sun.nio.ch.EPollSelectorImpl.doSelect(EPollSelectorImpl.java:93)
        at sun.nio.ch.SelectorImpl.lockAndDoSelect(SelectorImpl.java:86)
        at sun.nio.ch.SelectorImpl.select(SelectorImpl.java:97)
        at sun.nio.ch.SelectorImpl.select(SelectorImpl.java:101)
        at org.apache.ratis.thirdparty.io.netty.channel.nio.SelectedSelectionKeySetSelector.select(SelectedSelectionKeySetSelector.java:68)
        at org.apache.ratis.thirdparty.io.netty.channel.nio.NioEventLoop.select(NioEventLoop.java:879)
        at org.apache.ratis.thirdparty.io.netty.channel.nio.NioEventLoop.run(NioEventLoop.java:526)
        at org.apache.ratis.thirdparty.io.netty.util.concurrent.SingleThreadEventExecutor$4.run(SingleThreadEventExecutor.java:997)
        at org.apache.ratis.thirdparty.io.netty.util.internal.ThreadExecutorMap$2.run(ThreadExecutorMap.java:74)
        at java.lang.Thread.run(Thread.java:750)
"IPC Server idle connection scanner for port 15009" daemon prio=5 tid=193 timed_waiting
java.lang.Thread.State: TIMED_WAITING
        at java.lang.Object.wait(Native Method)
        at java.util.TimerThread.mainLoop(Timer.java:552)
        at java.util.TimerThread.run(Timer.java:505)
"ContainerOp-a2d281d2-730c-4a02-9c2e-ca4ce5b48592-8"  prio=5 tid=598 in Object.wait()
java.lang.Thread.State: WAITING (on object monitor)
        at sun.misc.Unsafe.park(Native Method)
        at java.util.concurrent.locks.LockSupport.park(LockSupport.java:175)
        at java.util.concurrent.locks.AbstractQueuedSynchronizer$ConditionObject.await(AbstractQueuedSynchronizer.java:2039)
        at java.util.concurrent.LinkedBlockingQueue.take(LinkedBlockingQueue.java:442)
        at java.util.concurrent.ThreadPoolExecutor.getTask(ThreadPoolExecutor.java:1074)
        at java.util.concurrent.ThreadPoolExecutor.runWorker(ThreadPoolExecutor.java:1134)
        at java.util.concurrent.ThreadPoolExecutor$Worker.run(ThreadPoolExecutor.java:624)
        at java.lang.Thread.run(Thread.java:750)
"FixedThreadPoolWithAffinityExecutor-0-0" daemon prio=5 tid=38 timed_waiting
java.lang.Thread.State: TIMED_WAITING
        at sun.misc.Unsafe.park(Native Method)
        at java.util.concurrent.locks.LockSupport.parkNanos(LockSupport.java:215)
        at java.util.concurrent.locks.AbstractQueuedSynchronizer$ConditionObject.awaitNanos(AbstractQueuedSynchronizer.java:2078)
        at java.util.concurrent.LinkedBlockingQueue.poll(LinkedBlockingQueue.java:467)
        at org.apache.hadoop.hdds.scm.server.ContainerReportQueue.poll(ContainerReportQueue.java:266)
        at org.apache.hadoop.hdds.scm.server.ContainerReportQueue.poll(ContainerReportQueue.java:42)
        at org.apache.hadoop.hdds.server.events.FixedThreadPoolWithAffinityExecutor$ContainerReportProcessTask.run(FixedThreadPoolWithAffinityExecutor.java:247)
        at java.util.concurrent.Executors$RunnableAdapter.call(Executors.java:511)
        at java.util.concurrent.FutureTask.run(FutureTask.java:266)
        at java.util.concurrent.ThreadPoolExecutor.runWorker(ThreadPoolExecutor.java:1149)
        at java.util.concurrent.ThreadPoolExecutor$Worker.run(ThreadPoolExecutor.java:624)
        at java.lang.Thread.run(Thread.java:750)
"IPC Server handler 5 on default port 15001" daemon prio=5 tid=74 timed_waiting
java.lang.Thread.State: TIMED_WAITING
        at sun.misc.Unsafe.park(Native Method)
        at java.util.concurrent.locks.LockSupport.parkNanos(LockSupport.java:215)
        at java.util.concurrent.locks.AbstractQueuedSynchronizer$ConditionObject.awaitNanos(AbstractQueuedSynchronizer.java:2078)
        at java.util.concurrent.LinkedBlockingQueue.poll(LinkedBlockingQueue.java:467)
        at org.apache.hadoop.ipc.CallQueueManager.take(CallQueueManager.java:317)
        at org.apache.hadoop.ipc.Server$Handler.run(Server.java:3014)


	at org.apache.ozone.test.GenericTestUtils.waitFor(GenericTestUtils.java:231)
	at org.apache.hadoop.ozone.recon.TestReconInsightsForDeletedDirectories.assertTableRowCount(TestReconInsightsForDeletedDirectories.java:463)
	at org.apache.hadoop.ozone.recon.TestReconInsightsForDeletedDirectories.testGetDeletedDirectoryInfo(TestReconInsightsForDeletedDirectories.java:229)
	at sun.reflect.NativeMethodAccessorImpl.invoke0(Native Method)
	at sun.reflect.NativeMethodAccessorImpl.invoke(NativeMethodAccessorImpl.java:62)
	at sun.reflect.DelegatingMethodAccessorImpl.invoke(DelegatingMethodAccessorImpl.java:43)
	at java.lang.reflect.Method.invoke(Method.java:498)
	at org.junit.platform.commons.util.ReflectionUtils.invokeMethod(ReflectionUtils.java:725)
	at org.junit.jupiter.engine.execution.MethodInvocation.proceed(MethodInvocation.java:60)
	at org.junit.jupiter.engine.execution.InvocationInterceptorChain$ValidatingInvocation.proceed(InvocationInterceptorChain.java:131)
	at org.junit.jupiter.engine.extension.TimeoutExtension.intercept(TimeoutExtension.java:149)
	at org.junit.jupiter.engine.extension.TimeoutExtension.interceptTestableMethod(TimeoutExtension.java:140)
	at org.junit.jupiter.engine.extension.TimeoutExtension.interceptTestMethod(TimeoutExtension.java:84)
	at org.junit.jupiter.engine.execution.ExecutableInvoker$ReflectiveInterceptorCall.lambda$ofVoidMethod$0(ExecutableInvoker.java:115)
	at org.junit.jupiter.engine.execution.ExecutableInvoker.lambda$invoke$0(ExecutableInvoker.java:105)
	at org.junit.jupiter.engine.execution.InvocationInterceptorChain$InterceptedInvocation.proceed(InvocationInterceptorChain.java:106)
	at org.junit.jupiter.engine.execution.InvocationInterceptorChain.proceed(InvocationInterceptorChain.java:64)
	at org.junit.jupiter.engine.execution.InvocationInterceptorChain.chainAndInvoke(InvocationInterceptorChain.java:45)
	at org.junit.jupiter.engine.execution.InvocationInterceptorChain.invoke(InvocationInterceptorChain.java:37)
	at org.junit.jupiter.engine.execution.ExecutableInvoker.invoke(ExecutableInvoker.java:104)
	at org.junit.jupiter.engine.execution.ExecutableInvoker.invoke(ExecutableInvoker.java:98)
	at org.junit.jupiter.engine.descriptor.TestMethodTestDescriptor.lambda$invokeTestMethod$7(TestMethodTestDescriptor.java:214)
	at org.junit.platform.engine.support.hierarchical.ThrowableCollector.execute(ThrowableCollector.java:73)
	at org.junit.jupiter.engine.descriptor.TestMethodTestDescriptor.invokeTestMethod(TestMethodTestDescriptor.java:210)
	at org.junit.jupiter.engine.descriptor.TestMethodTestDescriptor.execute(TestMethodTestDescriptor.java:135)
	at org.junit.jupiter.engine.descriptor.TestMethodTestDescriptor.execute(TestMethodTestDescriptor.java:66)
	at org.junit.platform.engine.support.hierarchical.NodeTestTask.lambda$executeRecursively$6(NodeTestTask.java:151)
	at org.junit.platform.engine.support.hierarchical.ThrowableCollector.execute(ThrowableCollector.java:73)
	at org.junit.platform.engine.support.hierarchical.NodeTestTask.lambda$executeRecursively$8(NodeTestTask.java:141)
	at org.junit.platform.engine.support.hierarchical.Node.around(Node.java:137)
	at org.junit.platform.engine.support.hierarchical.NodeTestTask.lambda$executeRecursively$9(NodeTestTask.java:139)
	at org.junit.platform.engine.support.hierarchical.ThrowableCollector.execute(ThrowableCollector.java:73)
	at org.junit.platform.engine.support.hierarchical.NodeTestTask.executeRecursively(NodeTestTask.java:138)
	at org.junit.platform.engine.support.hierarchical.NodeTestTask.execute(NodeTestTask.java:95)
	at java.util.ArrayList.forEach(ArrayList.java:1259)
	at org.junit.platform.engine.support.hierarchical.SameThreadHierarchicalTestExecutorService.invokeAll(SameThreadHierarchicalTestExecutorService.java:41)
	at org.junit.platform.engine.support.hierarchical.NodeTestTask.lambda$executeRecursively$6(NodeTestTask.java:155)
	at org.junit.platform.engine.support.hierarchical.ThrowableCollector.execute(ThrowableCollector.java:73)
	at org.junit.platform.engine.support.hierarchical.NodeTestTask.lambda$executeRecursively$8(NodeTestTask.java:141)
	at org.junit.platform.engine.support.hierarchical.Node.around(Node.java:137)
	at org.junit.platform.engine.support.hierarchical.NodeTestTask.lambda$executeRecursively$9(NodeTestTask.java:139)
	at org.junit.platform.engine.support.hierarchical.ThrowableCollector.execute(ThrowableCollector.java:73)
	at org.junit.platform.engine.support.hierarchical.NodeTestTask.executeRecursively(NodeTestTask.java:138)
	at org.junit.platform.engine.support.hierarchical.NodeTestTask.execute(NodeTestTask.java:95)
	at java.util.ArrayList.forEach(ArrayList.java:1259)
	at org.junit.platform.engine.support.hierarchical.SameThreadHierarchicalTestExecutorService.invokeAll(SameThreadHierarchicalTestExecutorService.java:41)
	at org.junit.platform.engine.support.hierarchical.NodeTestTask.lambda$executeRecursively$6(NodeTestTask.java:155)
	at org.junit.platform.engine.support.hierarchical.ThrowableCollector.execute(ThrowableCollector.java:73)
	at org.junit.platform.engine.support.hierarchical.NodeTestTask.lambda$executeRecursively$8(NodeTestTask.java:141)
	at org.junit.platform.engine.support.hierarchical.Node.around(Node.java:137)
	at org.junit.platform.engine.support.hierarchical.NodeTestTask.lambda$executeRecursively$9(NodeTestTask.java:139)
	at org.junit.platform.engine.support.hierarchical.ThrowableCollector.execute(ThrowableCollector.java:73)
	at org.junit.platform.engine.support.hierarchical.NodeTestTask.executeRecursively(NodeTestTask.java:138)
	at org.junit.platform.engine.support.hierarchical.NodeTestTask.execute(NodeTestTask.java:95)
	at org.junit.platform.engine.support.hierarchical.SameThreadHierarchicalTestExecutorService.submit(SameThreadHierarchicalTestExecutorService.java:35)
	at org.junit.platform.engine.support.hierarchical.HierarchicalTestExecutor.execute(HierarchicalTestExecutor.java:57)
	at org.junit.platform.engine.support.hierarchical.HierarchicalTestEngine.execute(HierarchicalTestEngine.java:54)
	at org.junit.platform.launcher.core.EngineExecutionOrchestrator.execute(EngineExecutionOrchestrator.java:107)
	at org.junit.platform.launcher.core.EngineExecutionOrchestrator.execute(EngineExecutionOrchestrator.java:88)
	at org.junit.platform.launcher.core.EngineExecutionOrchestrator.lambda$execute$0(EngineExecutionOrchestrator.java:54)
	at org.junit.platform.launcher.core.EngineExecutionOrchestrator.withInterceptedStreams(EngineExecutionOrchestrator.java:67)
	at org.junit.platform.launcher.core.EngineExecutionOrchestrator.execute(EngineExecutionOrchestrator.java:52)
	at org.junit.platform.launcher.core.DefaultLauncher.execute(DefaultLauncher.java:114)
	at org.junit.platform.launcher.core.DefaultLauncher.execute(DefaultLauncher.java:86)
	at org.junit.platform.launcher.core.DefaultLauncherSession$DelegatingLauncher.execute(DefaultLauncherSession.java:86)
	at org.junit.platform.launcher.core.SessionPerRequestLauncher.execute(SessionPerRequestLauncher.java:53)
	at org.apache.maven.surefire.junitplatform.JUnitPlatformProvider.execute(JUnitPlatformProvider.java:188)
	at org.apache.maven.surefire.junitplatform.JUnitPlatformProvider.invokeAllTests(JUnitPlatformProvider.java:154)
	at org.apache.maven.surefire.junitplatform.JUnitPlatformProvider.invoke(JUnitPlatformProvider.java:124)
	at org.apache.maven.surefire.booter.ForkedBooter.runSuitesInProcess(ForkedBooter.java:428)
	at org.apache.maven.surefire.booter.ForkedBooter.execute(ForkedBooter.java:162)
	at org.apache.maven.surefire.booter.ForkedBooter.run(ForkedBooter.java:562)
	at org.apache.maven.surefire.booter.ForkedBooter.main(ForkedBooter.java:548)
]]></error>
    <system-out><![CDATA[2023-09-07 09:03:57,271 [main] INFO  recon.TestReconInsightsForDeletedDirectories (TestReconInsightsForDeletedDirectories.java:assertTableRowCount(479)) - fileTable actual row count=10, expectedCount=10
2023-09-07 09:03:57,272 [main] INFO  recon.TestReconInsightsForDeletedDirectories (TestReconInsightsForDeletedDirectories.java:assertTableRowCount(479)) - directoryTable actual row count=1, expectedCount=1
2023-09-07 09:03:57,272 [main] INFO  impl.OzoneManagerServiceProviderImpl (OzoneManagerServiceProviderImpl.java:syncDataFromOM(490)) - Syncing data from Ozone Manager.
2023-09-07 09:03:57,273 [main] INFO  impl.OzoneManagerServiceProviderImpl (OzoneManagerServiceProviderImpl.java:syncDataFromOM(500)) - Obtaining delta updates from Ozone Manager
2023-09-07 09:03:57,273 [main] INFO  impl.OzoneManagerServiceProviderImpl (OzoneManagerServiceProviderImpl.java:getAndApplyDeltaUpdatesFromOM(409)) - OriginalFromSequenceNumber : 898 
2023-09-07 09:03:57,305 [main] INFO  impl.OzoneManagerServiceProviderImpl (OzoneManagerServiceProviderImpl.java:innerGetAndApplyDeltaUpdatesFromOM(476)) - Number of updates received from OM : 27, SequenceNumber diff: 79, SequenceNumber Lag from OM 0.
2023-09-07 09:03:57,306 [main] INFO  impl.OzoneManagerServiceProviderImpl (OzoneManagerServiceProviderImpl.java:getAndApplyDeltaUpdatesFromOM(429)) - Delta updates received from OM : 1 loops, 79 records
2023-09-07 09:03:57,526 [pool-92-thread-1] INFO  tasks.OmTableInsightTask (OmTableInsightTask.java:process(265)) - Completed a 'process' run of OmTableInsightTask.
2023-09-07 09:03:57,528 [pool-92-thread-1] INFO  tasks.NSSummaryTaskWithFSO (NSSummaryTaskWithFSO.java:processWithFSO(165)) - Completed a process run of NSSummaryTaskWithFSO
2023-09-07 09:03:57,528 [pool-92-thread-1] INFO  tasks.NSSummaryTaskWithLegacy (NSSummaryTaskWithLegacy.java:processWithLegacy(205)) - Completed a process run of NSSummaryTaskWithLegacy
2023-09-07 09:03:57,537 [pool-92-thread-1] INFO  tasks.ContainerKeyMapperTask (ContainerKeyMapperTask.java:process(261)) - ContainerKeyMapperTask successfully processed 13 OM DB update event(s).
2023-09-07 09:03:57,545 [pool-92-thread-1] INFO  tasks.FileSizeCountTask (FileSizeCountTask.java:process(201)) - Completed a 'process' run of FileSizeCountTask.
2023-09-07 09:03:57,555 [main] INFO  recon.TestReconInsightsForDeletedDirectories (TestReconInsightsForDeletedDirectories.java:assertTableRowCount(479)) - fileTable actual row count=10, expectedCount=10
2023-09-07 09:03:57,569 [main] INFO  recon.TestReconInsightsForDeletedDirectories (TestReconInsightsForDeletedDirectories.java:assertTableRowCount(479)) - directoryTable actual row count=1, expectedCount=1
2023-09-07 09:03:57,569 [main] INFO  recon.TestReconInsightsForDeletedDirectories (TestReconInsightsForDeletedDirectories.java:assertTableRowCount(479)) - deletedDirectoryTable actual row count=0, expectedCount=0
2023-09-07 09:03:57,583 [main] INFO  impl.OzoneManagerServiceProviderImpl (OzoneManagerServiceProviderImpl.java:syncDataFromOM(490)) - Syncing data from Ozone Manager.
2023-09-07 09:03:57,583 [main] INFO  impl.OzoneManagerServiceProviderImpl (OzoneManagerServiceProviderImpl.java:syncDataFromOM(500)) - Obtaining delta updates from Ozone Manager
2023-09-07 09:03:57,584 [main] INFO  impl.OzoneManagerServiceProviderImpl (OzoneManagerServiceProviderImpl.java:getAndApplyDeltaUpdatesFromOM(409)) - OriginalFromSequenceNumber : 977 
2023-09-07 09:03:57,586 [main] INFO  impl.OzoneManagerServiceProviderImpl (OzoneManagerServiceProviderImpl.java:innerGetAndApplyDeltaUpdatesFromOM(476)) - Number of updates received from OM : 0, SequenceNumber diff: 0, SequenceNumber Lag from OM 0.
2023-09-07 09:03:57,586 [main] INFO  impl.OzoneManagerServiceProviderImpl (OzoneManagerServiceProviderImpl.java:getAndApplyDeltaUpdatesFromOM(429)) - Delta updates received from OM : 1 loops, 0 records
2023-09-07 09:03:57,590 [main] INFO  recon.TestReconInsightsForDeletedDirectories (TestReconInsightsForDeletedDirectories.java:assertTableRowCount(479)) - directoryTable actual row count=1, expectedCount=0
2023-09-07 09:03:58,591 [main] INFO  recon.TestReconInsightsForDeletedDirectories (TestReconInsightsForDeletedDirectories.java:assertTableRowCount(479)) - directoryTable actual row count=1, expectedCount=0
2023-09-07 09:03:59,398 [KeyDeletingService#0] INFO  utils.BackgroundService (AbstractKeyDeletingService.java:optimizeDirDeletesAndSubmitRequest(445)) - Number of dirs deleted: 0, Number of sub-dir deleted: 0, Number of sub-files moved: 5 to DeletedTable, Number of sub-dirs moved 0 to DeletedDirectoryTable, iteration elapsed: 15ms, totalRunCount: 24
2023-09-07 09:03:59,570 [IPC Server handler 13 on default port 15001] INFO  ha.SequenceIdGenerator (SequenceIdGenerator.java:getNextId(140)) - Allocate a batch for delTxnId, change lastId from 0 to 1000.
2023-09-07 09:03:59,593 [main] INFO  recon.TestReconInsightsForDeletedDirectories (TestReconInsightsForDeletedDirectories.java:assertTableRowCount(479)) - directoryTable actual row count=1, expectedCount=0
2023-09-07 09:04:00,594 [main] INFO  recon.TestReconInsightsForDeletedDirectories (TestReconInsightsForDeletedDirectories.java:assertTableRowCount(479)) - directoryTable actual row count=1, expectedCount=0
2023-09-07 09:04:01,394 [KeyDeletingService#0] INFO  utils.BackgroundService (AbstractKeyDeletingService.java:optimizeDirDeletesAndSubmitRequest(445)) - Number of dirs deleted: 0, Number of sub-dir deleted: 0, Number of sub-files moved: 5 to DeletedTable, Number of sub-dirs moved 0 to DeletedDirectoryTable, iteration elapsed: 11ms, totalRunCount: 25
2023-09-07 09:04:01,596 [main] INFO  recon.TestReconInsightsForDeletedDirectories (TestReconInsightsForDeletedDirectories.java:assertTableRowCount(479)) - directoryTable actual row count=1, expectedCount=0
2023-09-07 09:04:02,598 [main] INFO  recon.TestReconInsightsForDeletedDirectories (TestReconInsightsForDeletedDirectories.java:assertTableRowCount(479)) - directoryTable actual row count=1, expectedCount=0
2023-09-07 09:04:03,390 [KeyDeletingService#0] INFO  utils.BackgroundService (AbstractKeyDeletingService.java:optimizeDirDeletesAndSubmitRequest(445)) - Number of dirs deleted: 1, Number of sub-dir deleted: 0, Number of sub-files moved: 0 to DeletedTable, Number of sub-dirs moved 0 to DeletedDirectoryTable, iteration elapsed: 7ms, totalRunCount: 26
2023-09-07 09:04:03,599 [main] INFO  recon.TestReconInsightsForDeletedDirectories (TestReconInsightsForDeletedDirectories.java:assertTableRowCount(479)) - directoryTable actual row count=1, expectedCount=0
2023-09-07 09:04:04,601 [main] INFO  recon.TestReconInsightsForDeletedDirectories (TestReconInsightsForDeletedDirectories.java:assertTableRowCount(479)) - directoryTable actual row count=1, expectedCount=0
2023-09-07 09:04:05,603 [main] INFO  recon.TestReconInsightsForDeletedDirectories (TestReconInsightsForDeletedDirectories.java:assertTableRowCount(479)) - directoryTable actual row count=1, expectedCount=0
2023-09-07 09:04:06,605 [main] INFO  recon.TestReconInsightsForDeletedDirectories (TestReconInsightsForDeletedDirectories.java:assertTableRowCount(479)) - directoryTable actual row count=1, expectedCount=0
2023-09-07 09:04:07,606 [main] INFO  recon.TestReconInsightsForDeletedDirectories (TestReconInsightsForDeletedDirectories.java:assertTableRowCount(479)) - directoryTable actual row count=1, expectedCount=0
2023-09-07 09:04:08,608 [main] INFO  recon.TestReconInsightsForDeletedDirectories (TestReconInsightsForDeletedDirectories.java:assertTableRowCount(479)) - directoryTable actual row count=1, expectedCount=0
2023-09-07 09:04:09,609 [main] INFO  recon.TestReconInsightsForDeletedDirectories (TestReconInsightsForDeletedDirectories.java:assertTableRowCount(479)) - directoryTable actual row count=1, expectedCount=0
2023-09-07 09:04:10,611 [main] INFO  recon.TestReconInsightsForDeletedDirectories (TestReconInsightsForDeletedDirectories.java:assertTableRowCount(479)) - directoryTable actual row count=1, expectedCount=0
2023-09-07 09:04:11,612 [main] INFO  recon.TestReconInsightsForDeletedDirectories (TestReconInsightsForDeletedDirectories.java:assertTableRowCount(479)) - directoryTable actual row count=1, expectedCount=0
2023-09-07 09:04:12,614 [main] INFO  recon.TestReconInsightsForDeletedDirectories (TestReconInsightsForDeletedDirectories.java:assertTableRowCount(479)) - directoryTable actual row count=1, expectedCount=0
2023-09-07 09:04:13,616 [main] INFO  recon.TestReconInsightsForDeletedDirectories (TestReconInsightsForDeletedDirectories.java:assertTableRowCount(479)) - directoryTable actual row count=1, expectedCount=0
2023-09-07 09:04:14,617 [main] INFO  recon.TestReconInsightsForDeletedDirectories (TestReconInsightsForDeletedDirectories.java:assertTableRowCount(479)) - directoryTable actual row count=1, expectedCount=0
2023-09-07 09:04:15,619 [main] INFO  recon.TestReconInsightsForDeletedDirectories (TestReconInsightsForDeletedDirectories.java:assertTableRowCount(479)) - directoryTable actual row count=1, expectedCount=0
2023-09-07 09:04:16,620 [main] INFO  recon.TestReconInsightsForDeletedDirectories (TestReconInsightsForDeletedDirectories.java:assertTableRowCount(479)) - directoryTable actual row count=1, expectedCount=0
2023-09-07 09:04:17,621 [main] INFO  recon.TestReconInsightsForDeletedDirectories (TestReconInsightsForDeletedDirectories.java:assertTableRowCount(479)) - directoryTable actual row count=1, expectedCount=0
2023-09-07 09:04:17,918 [pool-91-thread-1] INFO  impl.OzoneManagerServiceProviderImpl (OzoneManagerServiceProviderImpl.java:syncDataFromOM(490)) - Syncing data from Ozone Manager.
2023-09-07 09:04:17,920 [pool-91-thread-1] INFO  impl.OzoneManagerServiceProviderImpl (OzoneManagerServiceProviderImpl.java:syncDataFromOM(500)) - Obtaining delta updates from Ozone Manager
2023-09-07 09:04:17,921 [pool-91-thread-1] INFO  impl.OzoneManagerServiceProviderImpl (OzoneManagerServiceProviderImpl.java:getAndApplyDeltaUpdatesFromOM(409)) - OriginalFromSequenceNumber : 977 
2023-09-07 09:04:17,946 [pool-91-thread-1] INFO  impl.OzoneManagerServiceProviderImpl (OzoneManagerServiceProviderImpl.java:innerGetAndApplyDeltaUpdatesFromOM(476)) - Number of updates received from OM : 6, SequenceNumber diff: 42, SequenceNumber Lag from OM 0.
2023-09-07 09:04:17,947 [pool-91-thread-1] INFO  impl.OzoneManagerServiceProviderImpl (OzoneManagerServiceProviderImpl.java:getAndApplyDeltaUpdatesFromOM(429)) - Delta updates received from OM : 1 loops, 42 records
2023-09-07 09:04:18,069 [pool-92-thread-1] INFO  tasks.OmTableInsightTask (OmTableInsightTask.java:process(265)) - Completed a 'process' run of OmTableInsightTask.
2023-09-07 09:04:18,070 [pool-92-thread-1] INFO  tasks.NSSummaryTaskWithFSO (NSSummaryTaskWithFSO.java:processWithFSO(165)) - Completed a process run of NSSummaryTaskWithFSO
2023-09-07 09:04:18,071 [pool-92-thread-1] INFO  tasks.NSSummaryTaskWithLegacy (NSSummaryTaskWithLegacy.java:processWithLegacy(205)) - Completed a process run of NSSummaryTaskWithLegacy
2023-09-07 09:04:18,075 [pool-92-thread-1] INFO  tasks.ContainerKeyMapperTask (ContainerKeyMapperTask.java:process(261)) - ContainerKeyMapperTask successfully processed 10 OM DB update event(s).
2023-09-07 09:04:18,082 [pool-92-thread-1] INFO  tasks.FileSizeCountTask (FileSizeCountTask.java:process(201)) - Completed a 'process' run of FileSizeCountTask.
2023-09-07 09:04:18,622 [main] INFO  recon.TestReconInsightsForDeletedDirectories (TestReconInsightsForDeletedDirectories.java:assertTableRowCount(479)) - directoryTable actual row count=0, expectedCount=0
2023-09-07 09:04:18,623 [main] INFO  recon.TestReconInsightsForDeletedDirectories (TestReconInsightsForDeletedDirectories.java:assertTableRowCount(479)) - deletedDirectoryTable actual row count=0, expectedCount=1
2023-09-07 09:04:19,624 [main] INFO  recon.TestReconInsightsForDeletedDirectories (TestReconInsightsForDeletedDirectories.java:assertTableRowCount(479)) - deletedDirectoryTable actual row count=0, expectedCount=1
2023-09-07 09:04:20,625 [main] INFO  recon.TestReconInsightsForDeletedDirectories (TestReconInsightsForDeletedDirectories.java:assertTableRowCount(479)) - deletedDirectoryTable actual row count=0, expectedCount=1
2023-09-07 09:04:21,625 [main] INFO  recon.TestReconInsightsForDeletedDirectories (TestReconInsightsForDeletedDirectories.java:assertTableRowCount(479)) - deletedDirectoryTable actual row count=0, expectedCount=1
2023-09-07 09:04:22,630 [main] INFO  recon.TestReconInsightsForDeletedDirectories (TestReconInsightsForDeletedDirectories.java:assertTableRowCount(479)) - deletedDirectoryTable actual row count=0, expectedCount=1
2023-09-07 09:04:23,631 [main] INFO  recon.TestReconInsightsForDeletedDirectories (TestReconInsightsForDeletedDirectories.java:assertTableRowCount(479)) - deletedDirectoryTable actual row count=0, expectedCount=1
2023-09-07 09:04:24,632 [main] INFO  recon.TestReconInsightsForDeletedDirectories (TestReconInsightsForDeletedDirectories.java:assertTableRowCount(479)) - deletedDirectoryTable actual row count=0, expectedCount=1
2023-09-07 09:04:25,633 [main] INFO  recon.TestReconInsightsForDeletedDirectories (TestReconInsightsForDeletedDirectories.java:assertTableRowCount(479)) - deletedDirectoryTable actual row count=0, expectedCount=1
2023-09-07 09:04:26,634 [main] INFO  recon.TestReconInsightsForDeletedDirectories (TestReconInsightsForDeletedDirectories.java:assertTableRowCount(479)) - deletedDirectoryTable actual row count=0, expectedCount=1
2023-09-07 09:04:27,635 [main] INFO  recon.TestReconInsightsForDeletedDirectories (TestReconInsightsForDeletedDirectories.java:assertTableRowCount(479)) - deletedDirectoryTable actual row count=0, expectedCount=1
2023-09-07 09:04:28,635 [main] INFO  recon.TestReconInsightsForDeletedDirectories (TestReconInsightsForDeletedDirectories.java:assertTableRowCount(479)) - deletedDirectoryTable actual row count=0, expectedCount=1
2023-09-07 09:04:29,268 [ContainerSizeCountTask] INFO  tasks.ContainerSizeCountTask (ContainerSizeCountTask.java:run(97)) - Deleted 0 records from "CONTAINER_COUNT_BY_SIZE"
2023-09-07 09:04:29,294 [ContainerSizeCountTask] INFO  tasks.ContainerSizeCountTask (ContainerSizeCountTask.java:process(180)) - Completed a 'process' run of ContainerSizeCountTask.
2023-09-07 09:04:29,294 [ContainerSizeCountTask] INFO  tasks.ContainerSizeCountTask (ContainerSizeCountTask.java:run(110)) - Elapsed Time in milliseconds for Process() execution: 26
2023-09-07 09:04:29,636 [main] INFO  recon.TestReconInsightsForDeletedDirectories (TestReconInsightsForDeletedDirectories.java:assertTableRowCount(479)) - deletedDirectoryTable actual row count=0, expectedCount=1
2023-09-07 09:04:30,637 [main] INFO  recon.TestReconInsightsForDeletedDirectories (TestReconInsightsForDeletedDirectories.java:assertTableRowCount(479)) - deletedDirectoryTable actual row count=0, expectedCount=1
2023-09-07 09:04:31,638 [main] INFO  recon.TestReconInsightsForDeletedDirectories (TestReconInsightsForDeletedDirectories.java:assertTableRowCount(479)) - deletedDirectoryTable actual row count=0, expectedCount=1
2023-09-07 09:04:32,424 [BlockDeletingService#0] INFO  interfaces.ContainerDeletionChoosingPolicyTemplate (ContainerDeletionChoosingPolicyTemplate.java:chooseContainerForBlockDeletion(85)) - Chosen 0/5000 blocks from 0 candidate containers.
2023-09-07 09:04:32,639 [main] INFO  recon.TestReconInsightsForDeletedDirectories (TestReconInsightsForDeletedDirectories.java:assertTableRowCount(479)) - deletedDirectoryTable actual row count=0, expectedCount=1
2023-09-07 09:04:32,777 [BlockDeletingService#0] INFO  interfaces.ContainerDeletionChoosingPolicyTemplate (ContainerDeletionChoosingPolicyTemplate.java:chooseContainerForBlockDeletion(85)) - Chosen 0/5000 blocks from 0 candidate containers.
2023-09-07 09:04:33,162 [BlockDeletingService#0] INFO  interfaces.ContainerDeletionChoosingPolicyTemplate (ContainerDeletionChoosingPolicyTemplate.java:chooseContainerForBlockDeletion(85)) - Chosen 0/5000 blocks from 0 candidate containers.
2023-09-07 09:04:33,640 [main] INFO  recon.TestReconInsightsForDeletedDirectories (TestReconInsightsForDeletedDirectories.java:assertTableRowCount(479)) - deletedDirectoryTable actual row count=0, expectedCount=1
2023-09-07 09:04:34,641 [main] INFO  recon.TestReconInsightsForDeletedDirectories (TestReconInsightsForDeletedDirectories.java:assertTableRowCount(479)) - deletedDirectoryTable actual row count=0, expectedCount=1
2023-09-07 09:04:35,642 [main] INFO  recon.TestReconInsightsForDeletedDirectories (TestReconInsightsForDeletedDirectories.java:assertTableRowCount(479)) - deletedDirectoryTable actual row count=0, expectedCount=1
2023-09-07 09:04:36,643 [main] INFO  recon.TestReconInsightsForDeletedDirectories (TestReconInsightsForDeletedDirectories.java:assertTableRowCount(479)) - deletedDirectoryTable actual row count=0, expectedCount=1
2023-09-07 09:04:37,644 [main] INFO  recon.TestReconInsightsForDeletedDirectories (TestReconInsightsForDeletedDirectories.java:assertTableRowCount(479)) - deletedDirectoryTable actual row count=0, expectedCount=1
2023-09-07 09:04:38,645 [main] INFO  recon.TestReconInsightsForDeletedDirectories (TestReconInsightsForDeletedDirectories.java:assertTableRowCount(479)) - deletedDirectoryTable actual row count=0, expectedCount=1
2023-09-07 09:04:39,646 [main] INFO  recon.TestReconInsightsForDeletedDirectories (TestReconInsightsForDeletedDirectories.java:assertTableRowCount(479)) - deletedDirectoryTable actual row count=0, expectedCount=1
2023-09-07 09:04:40,647 [main] INFO  recon.TestReconInsightsForDeletedDirectories (TestReconInsightsForDeletedDirectories.java:assertTableRowCount(479)) - deletedDirectoryTable actual row count=0, expectedCount=1
2023-09-07 09:04:41,648 [main] INFO  recon.TestReconInsightsForDeletedDirectories (TestReconInsightsForDeletedDirectories.java:assertTableRowCount(479)) - deletedDirectoryTable actual row count=0, expectedCount=1
2023-09-07 09:04:42,649 [main] INFO  recon.TestReconInsightsForDeletedDirectories (TestReconInsightsForDeletedDirectories.java:assertTableRowCount(479)) - deletedDirectoryTable actual row count=0, expectedCount=1
2023-09-07 09:04:43,650 [main] INFO  recon.TestReconInsightsForDeletedDirectories (TestReconInsightsForDeletedDirectories.java:assertTableRowCount(479)) - deletedDirectoryTable actual row count=0, expectedCount=1
2023-09-07 09:04:44,651 [main] INFO  recon.TestReconInsightsForDeletedDirectories (TestReconInsightsForDeletedDirectories.java:assertTableRowCount(479)) - deletedDirectoryTable actual row count=0, expectedCount=1
2023-09-07 09:04:45,652 [main] INFO  recon.TestReconInsightsForDeletedDirectories (TestReconInsightsForDeletedDirectories.java:assertTableRowCount(479)) - deletedDirectoryTable actual row count=0, expectedCount=1
2023-09-07 09:04:46,652 [main] INFO  recon.TestReconInsightsForDeletedDirectories (TestReconInsightsForDeletedDirectories.java:assertTableRowCount(479)) - deletedDirectoryTable actual row count=0, expectedCount=1
2023-09-07 09:04:47,653 [main] INFO  recon.TestReconInsightsForDeletedDirectories (TestReconInsightsForDeletedDirectories.java:assertTableRowCount(479)) - deletedDirectoryTable actual row count=0, expectedCount=1
2023-09-07 09:04:48,654 [main] INFO  recon.TestReconInsightsForDeletedDirectories (TestReconInsightsForDeletedDirectories.java:assertTableRowCount(479)) - deletedDirectoryTable actual row count=0, expectedCount=1
2023-09-07 09:04:49,655 [main] INFO  recon.TestReconInsightsForDeletedDirectories (TestReconInsightsForDeletedDirectories.java:assertTableRowCount(479)) - deletedDirectoryTable actual row count=0, expectedCount=1
2023-09-07 09:04:50,656 [main] INFO  recon.TestReconInsightsForDeletedDirectories (TestReconInsightsForDeletedDirectories.java:assertTableRowCount(479)) - deletedDirectoryTable actual row count=0, expectedCount=1
2023-09-07 09:04:51,657 [main] INFO  recon.TestReconInsightsForDeletedDirectories (TestReconInsightsForDeletedDirectories.java:assertTableRowCount(479)) - deletedDirectoryTable actual row count=0, expectedCount=1
2023-09-07 09:04:52,658 [main] INFO  recon.TestReconInsightsForDeletedDirectories (TestReconInsightsForDeletedDirectories.java:assertTableRowCount(479)) - deletedDirectoryTable actual row count=0, expectedCount=1
2023-09-07 09:04:53,659 [main] INFO  recon.TestReconInsightsForDeletedDirectories (TestReconInsightsForDeletedDirectories.java:assertTableRowCount(479)) - deletedDirectoryTable actual row count=0, expectedCount=1
2023-09-07 09:04:54,660 [main] INFO  recon.TestReconInsightsForDeletedDirectories (TestReconInsightsForDeletedDirectories.java:assertTableRowCount(479)) - deletedDirectoryTable actual row count=0, expectedCount=1
2023-09-07 09:04:55,661 [main] INFO  recon.TestReconInsightsForDeletedDirectories (TestReconInsightsForDeletedDirectories.java:assertTableRowCount(479)) - deletedDirectoryTable actual row count=0, expectedCount=1
2023-09-07 09:04:56,662 [main] INFO  recon.TestReconInsightsForDeletedDirectories (TestReconInsightsForDeletedDirectories.java:assertTableRowCount(479)) - deletedDirectoryTable actual row count=0, expectedCount=1
2023-09-07 09:04:57,663 [main] INFO  recon.TestReconInsightsForDeletedDirectories (TestReconInsightsForDeletedDirectories.java:assertTableRowCount(479)) - deletedDirectoryTable actual row count=0, expectedCount=1
2023-09-07 09:04:58,664 [main] INFO  recon.TestReconInsightsForDeletedDirectories (TestReconInsightsForDeletedDirectories.java:assertTableRowCount(479)) - deletedDirectoryTable actual row count=0, expectedCount=1
2023-09-07 09:04:59,665 [main] INFO  recon.TestReconInsightsForDeletedDirectories (TestReconInsightsForDeletedDirectories.java:assertTableRowCount(479)) - deletedDirectoryTable actual row count=0, expectedCount=1
2023-09-07 09:05:00,666 [main] INFO  recon.TestReconInsightsForDeletedDirectories (TestReconInsightsForDeletedDirectories.java:assertTableRowCount(479)) - deletedDirectoryTable actual row count=0, expectedCount=1
2023-09-07 09:05:01,667 [main] INFO  recon.TestReconInsightsForDeletedDirectories (TestReconInsightsForDeletedDirectories.java:assertTableRowCount(479)) - deletedDirectoryTable actual row count=0, expectedCount=1
2023-09-07 09:05:02,667 [main] INFO  recon.TestReconInsightsForDeletedDirectories (TestReconInsightsForDeletedDirectories.java:assertTableRowCount(479)) - deletedDirectoryTable actual row count=0, expectedCount=1
2023-09-07 09:05:03,668 [main] INFO  recon.TestReconInsightsForDeletedDirectories (TestReconInsightsForDeletedDirectories.java:assertTableRowCount(479)) - deletedDirectoryTable actual row count=0, expectedCount=1
2023-09-07 09:05:04,669 [main] INFO  recon.TestReconInsightsForDeletedDirectories (TestReconInsightsForDeletedDirectories.java:assertTableRowCount(479)) - deletedDirectoryTable actual row count=0, expectedCount=1
2023-09-07 09:05:05,670 [main] INFO  recon.TestReconInsightsForDeletedDirectories (TestReconInsightsForDeletedDirectories.java:assertTableRowCount(479)) - deletedDirectoryTable actual row count=0, expectedCount=1
2023-09-07 09:05:06,671 [main] INFO  recon.TestReconInsightsForDeletedDirectories (TestReconInsightsForDeletedDirectories.java:assertTableRowCount(479)) - deletedDirectoryTable actual row count=0, expectedCount=1
2023-09-07 09:05:07,672 [main] INFO  recon.TestReconInsightsForDeletedDirectories (TestReconInsightsForDeletedDirectories.java:assertTableRowCount(479)) - deletedDirectoryTable actual row count=0, expectedCount=1
2023-09-07 09:05:08,672 [main] INFO  recon.TestReconInsightsForDeletedDirectories (TestReconInsightsForDeletedDirectories.java:assertTableRowCount(479)) - deletedDirectoryTable actual row count=0, expectedCount=1
2023-09-07 09:05:09,673 [main] INFO  recon.TestReconInsightsForDeletedDirectories (TestReconInsightsForDeletedDirectories.java:assertTableRowCount(479)) - deletedDirectoryTable actual row count=0, expectedCount=1
2023-09-07 09:05:10,674 [main] INFO  recon.TestReconInsightsForDeletedDirectories (TestReconInsightsForDeletedDirectories.java:assertTableRowCount(479)) - deletedDirectoryTable actual row count=0, expectedCount=1
2023-09-07 09:05:11,675 [main] INFO  recon.TestReconInsightsForDeletedDirectories (TestReconInsightsForDeletedDirectories.java:assertTableRowCount(479)) - deletedDirectoryTable actual row count=0, expectedCount=1
2023-09-07 09:05:12,676 [main] INFO  recon.TestReconInsightsForDeletedDirectories (TestReconInsightsForDeletedDirectories.java:assertTableRowCount(479)) - deletedDirectoryTable actual row count=0, expectedCount=1
2023-09-07 09:05:13,677 [main] INFO  recon.TestReconInsightsForDeletedDirectories (TestReconInsightsForDeletedDirectories.java:assertTableRowCount(479)) - deletedDirectoryTable actual row count=0, expectedCount=1
2023-09-07 09:05:14,678 [main] INFO  recon.TestReconInsightsForDeletedDirectories (TestReconInsightsForDeletedDirectories.java:assertTableRowCount(479)) - deletedDirectoryTable actual row count=0, expectedCount=1
2023-09-07 09:05:15,679 [main] INFO  recon.TestReconInsightsForDeletedDirectories (TestReconInsightsForDeletedDirectories.java:assertTableRowCount(479)) - deletedDirectoryTable actual row count=0, expectedCount=1
2023-09-07 09:05:16,679 [main] INFO  recon.TestReconInsightsForDeletedDirectories (TestReconInsightsForDeletedDirectories.java:assertTableRowCount(479)) - deletedDirectoryTable actual row count=0, expectedCount=1
2023-09-07 09:05:17,680 [main] INFO  recon.TestReconInsightsForDeletedDirectories (TestReconInsightsForDeletedDirectories.java:assertTableRowCount(479)) - deletedDirectoryTable actual row count=0, expectedCount=1
2023-09-07 09:05:18,681 [main] INFO  recon.TestReconInsightsForDeletedDirectories (TestReconInsightsForDeletedDirectories.java:assertTableRowCount(479)) - deletedDirectoryTable actual row count=0, expectedCount=1
2023-09-07 09:05:19,683 [main] INFO  recon.TestReconInsightsForDeletedDirectories (TestReconInsightsForDeletedDirectories.java:assertTableRowCount(479)) - deletedDirectoryTable actual row count=0, expectedCount=1
2023-09-07 09:05:20,683 [main] INFO  recon.TestReconInsightsForDeletedDirectories (TestReconInsightsForDeletedDirectories.java:assertTableRowCount(479)) - deletedDirectoryTable actual row count=0, expectedCount=1
2023-09-07 09:05:21,684 [main] INFO  recon.TestReconInsightsForDeletedDirectories (TestReconInsightsForDeletedDirectories.java:assertTableRowCount(479)) - deletedDirectoryTable actual row count=0, expectedCount=1
2023-09-07 09:05:22,685 [main] INFO  recon.TestReconInsightsForDeletedDirectories (TestReconInsightsForDeletedDirectories.java:assertTableRowCount(479)) - deletedDirectoryTable actual row count=0, expectedCount=1
2023-09-07 09:05:23,686 [main] INFO  recon.TestReconInsightsForDeletedDirectories (TestReconInsightsForDeletedDirectories.java:assertTableRowCount(479)) - deletedDirectoryTable actual row count=0, expectedCount=1
2023-09-07 09:05:24,687 [main] INFO  recon.TestReconInsightsForDeletedDirectories (TestReconInsightsForDeletedDirectories.java:assertTableRowCount(479)) - deletedDirectoryTable actual row count=0, expectedCount=1
2023-09-07 09:05:25,688 [main] INFO  recon.TestReconInsightsForDeletedDirectories (TestReconInsightsForDeletedDirectories.java:assertTableRowCount(479)) - deletedDirectoryTable actual row count=0, expectedCount=1
2023-09-07 09:05:26,689 [main] INFO  recon.TestReconInsightsForDeletedDirectories (TestReconInsightsForDeletedDirectories.java:assertTableRowCount(479)) - deletedDirectoryTable actual row count=0, expectedCount=1
2023-09-07 09:05:27,690 [main] INFO  recon.TestReconInsightsForDeletedDirectories (TestReconInsightsForDeletedDirectories.java:assertTableRowCount(479)) - deletedDirectoryTable actual row count=0, expectedCount=1
2023-09-07 09:05:28,691 [main] INFO  recon.TestReconInsightsForDeletedDirectories (TestReconInsightsForDeletedDirectories.java:assertTableRowCount(479)) - deletedDirectoryTable actual row count=0, expectedCount=1
2023-09-07 09:05:29,294 [ContainerSizeCountTask] INFO  tasks.ContainerSizeCountTask (ContainerSizeCountTask.java:process(180)) - Completed a 'process' run of ContainerSizeCountTask.
2023-09-07 09:05:29,295 [ContainerSizeCountTask] INFO  tasks.ContainerSizeCountTask (ContainerSizeCountTask.java:run(110)) - Elapsed Time in milliseconds for Process() execution: 0
2023-09-07 09:05:29,692 [main] INFO  recon.TestReconInsightsForDeletedDirectories (TestReconInsightsForDeletedDirectories.java:assertTableRowCount(479)) - deletedDirectoryTable actual row count=0, expectedCount=1
2023-09-07 09:05:30,693 [main] INFO  recon.TestReconInsightsForDeletedDirectories (TestReconInsightsForDeletedDirectories.java:assertTableRowCount(479)) - deletedDirectoryTable actual row count=0, expectedCount=1
2023-09-07 09:05:31,694 [main] INFO  recon.TestReconInsightsForDeletedDirectories (TestReconInsightsForDeletedDirectories.java:assertTableRowCount(479)) - deletedDirectoryTable actual row count=0, expectedCount=1
2023-09-07 09:05:32,425 [BlockDeletingService#1] INFO  interfaces.ContainerDeletionChoosingPolicyTemplate (ContainerDeletionChoosingPolicyTemplate.java:chooseContainerForBlockDeletion(85)) - Chosen 0/5000 blocks from 0 candidate containers.
2023-09-07 09:05:32,694 [main] INFO  recon.TestReconInsightsForDeletedDirectories (TestReconInsightsForDeletedDirectories.java:assertTableRowCount(479)) - deletedDirectoryTable actual row count=0, expectedCount=1
2023-09-07 09:05:32,779 [BlockDeletingService#1] INFO  interfaces.ContainerDeletionChoosingPolicyTemplate (ContainerDeletionChoosingPolicyTemplate.java:chooseContainerForBlockDeletion(85)) - Chosen 0/5000 blocks from 0 candidate containers.
2023-09-07 09:05:33,164 [BlockDeletingService#1] INFO  interfaces.ContainerDeletionChoosingPolicyTemplate (ContainerDeletionChoosingPolicyTemplate.java:chooseContainerForBlockDeletion(85)) - Chosen 0/5000 blocks from 0 candidate containers.
2023-09-07 09:05:33,695 [main] INFO  recon.TestReconInsightsForDeletedDirectories (TestReconInsightsForDeletedDirectories.java:assertTableRowCount(479)) - deletedDirectoryTable actual row count=0, expectedCount=1
2023-09-07 09:05:34,696 [main] INFO  recon.TestReconInsightsForDeletedDirectories (TestReconInsightsForDeletedDirectories.java:assertTableRowCount(479)) - deletedDirectoryTable actual row count=0, expectedCount=1
2023-09-07 09:05:35,697 [main] INFO  recon.TestReconInsightsForDeletedDirectories (TestReconInsightsForDeletedDirectories.java:assertTableRowCount(479)) - deletedDirectoryTable actual row count=0, expectedCount=1
2023-09-07 09:05:36,698 [main] INFO  recon.TestReconInsightsForDeletedDirectories (TestReconInsightsForDeletedDirectories.java:assertTableRowCount(479)) - deletedDirectoryTable actual row count=0, expectedCount=1
2023-09-07 09:05:37,699 [main] INFO  recon.TestReconInsightsForDeletedDirectories (TestReconInsightsForDeletedDirectories.java:assertTableRowCount(479)) - deletedDirectoryTable actual row count=0, expectedCount=1
2023-09-07 09:05:38,700 [main] INFO  recon.TestReconInsightsForDeletedDirectories (TestReconInsightsForDeletedDirectories.java:assertTableRowCount(479)) - deletedDirectoryTable actual row count=0, expectedCount=1
2023-09-07 09:05:39,700 [main] INFO  recon.TestReconInsightsForDeletedDirectories (TestReconInsightsForDeletedDirectories.java:assertTableRowCount(479)) - deletedDirectoryTable actual row count=0, expectedCount=1
2023-09-07 09:05:40,701 [main] INFO  recon.TestReconInsightsForDeletedDirectories (TestReconInsightsForDeletedDirectories.java:assertTableRowCount(479)) - deletedDirectoryTable actual row count=0, expectedCount=1
2023-09-07 09:05:41,702 [main] INFO  recon.TestReconInsightsForDeletedDirectories (TestReconInsightsForDeletedDirectories.java:assertTableRowCount(479)) - deletedDirectoryTable actual row count=0, expectedCount=1
2023-09-07 09:05:42,703 [main] INFO  recon.TestReconInsightsForDeletedDirectories (TestReconInsightsForDeletedDirectories.java:assertTableRowCount(479)) - deletedDirectoryTable actual row count=0, expectedCount=1
2023-09-07 09:05:43,704 [main] INFO  recon.TestReconInsightsForDeletedDirectories (TestReconInsightsForDeletedDirectories.java:assertTableRowCount(479)) - deletedDirectoryTable actual row count=0, expectedCount=1
2023-09-07 09:05:44,704 [main] INFO  recon.TestReconInsightsForDeletedDirectories (TestReconInsightsForDeletedDirectories.java:assertTableRowCount(479)) - deletedDirectoryTable actual row count=0, expectedCount=1
2023-09-07 09:05:45,705 [main] INFO  recon.TestReconInsightsForDeletedDirectories (TestReconInsightsForDeletedDirectories.java:assertTableRowCount(479)) - deletedDirectoryTable actual row count=0, expectedCount=1
2023-09-07 09:05:46,706 [main] INFO  recon.TestReconInsightsForDeletedDirectories (TestReconInsightsForDeletedDirectories.java:assertTableRowCount(479)) - deletedDirectoryTable actual row count=0, expectedCount=1
2023-09-07 09:05:47,707 [main] INFO  recon.TestReconInsightsForDeletedDirectories (TestReconInsightsForDeletedDirectories.java:assertTableRowCount(479)) - deletedDirectoryTable actual row count=0, expectedCount=1
2023-09-07 09:05:48,707 [main] INFO  recon.TestReconInsightsForDeletedDirectories (TestReconInsightsForDeletedDirectories.java:assertTableRowCount(479)) - deletedDirectoryTable actual row count=0, expectedCount=1
2023-09-07 09:05:49,708 [main] INFO  recon.TestReconInsightsForDeletedDirectories (TestReconInsightsForDeletedDirectories.java:assertTableRowCount(479)) - deletedDirectoryTable actual row count=0, expectedCount=1
2023-09-07 09:05:50,709 [main] INFO  recon.TestReconInsightsForDeletedDirectories (TestReconInsightsForDeletedDirectories.java:assertTableRowCount(479)) - deletedDirectoryTable actual row count=0, expectedCount=1
2023-09-07 09:05:51,710 [main] INFO  recon.TestReconInsightsForDeletedDirectories (TestReconInsightsForDeletedDirectories.java:assertTableRowCount(479)) - deletedDirectoryTable actual row count=0, expectedCount=1
2023-09-07 09:05:52,710 [main] INFO  recon.TestReconInsightsForDeletedDirectories (TestReconInsightsForDeletedDirectories.java:assertTableRowCount(479)) - deletedDirectoryTable actual row count=0, expectedCount=1
2023-09-07 09:05:53,711 [main] INFO  recon.TestReconInsightsForDeletedDirectories (TestReconInsightsForDeletedDirectories.java:assertTableRowCount(479)) - deletedDirectoryTable actual row count=0, expectedCount=1
2023-09-07 09:05:54,712 [main] INFO  recon.TestReconInsightsForDeletedDirectories (TestReconInsightsForDeletedDirectories.java:assertTableRowCount(479)) - deletedDirectoryTable actual row count=0, expectedCount=1
2023-09-07 09:05:55,713 [main] INFO  recon.TestReconInsightsForDeletedDirectories (TestReconInsightsForDeletedDirectories.java:assertTableRowCount(479)) - deletedDirectoryTable actual row count=0, expectedCount=1
2023-09-07 09:05:56,714 [main] INFO  recon.TestReconInsightsForDeletedDirectories (TestReconInsightsForDeletedDirectories.java:assertTableRowCount(479)) - deletedDirectoryTable actual row count=0, expectedCount=1
2023-09-07 09:05:57,715 [main] INFO  recon.TestReconInsightsForDeletedDirectories (TestReconInsightsForDeletedDirectories.java:assertTableRowCount(479)) - deletedDirectoryTable actual row count=0, expectedCount=1
2023-09-07 09:05:58,716 [main] INFO  recon.TestReconInsightsForDeletedDirectories (TestReconInsightsForDeletedDirectories.java:assertTableRowCount(479)) - deletedDirectoryTable actual row count=0, expectedCount=1
2023-09-07 09:05:59,718 [main] INFO  recon.TestReconInsightsForDeletedDirectories (TestReconInsightsForDeletedDirectories.java:assertTableRowCount(479)) - deletedDirectoryTable actual row count=0, expectedCount=1
2023-09-07 09:06:00,719 [main] INFO  recon.TestReconInsightsForDeletedDirectories (TestReconInsightsForDeletedDirectories.java:assertTableRowCount(479)) - deletedDirectoryTable actual row count=0, expectedCount=1
2023-09-07 09:06:01,720 [main] INFO  recon.TestReconInsightsForDeletedDirectories (TestReconInsightsForDeletedDirectories.java:assertTableRowCount(479)) - deletedDirectoryTable actual row count=0, expectedCount=1
2023-09-07 09:06:02,721 [main] INFO  recon.TestReconInsightsForDeletedDirectories (TestReconInsightsForDeletedDirectories.java:assertTableRowCount(479)) - deletedDirectoryTable actual row count=0, expectedCount=1
2023-09-07 09:06:03,722 [main] INFO  recon.TestReconInsightsForDeletedDirectories (TestReconInsightsForDeletedDirectories.java:assertTableRowCount(479)) - deletedDirectoryTable actual row count=0, expectedCount=1
2023-09-07 09:06:04,722 [main] INFO  recon.TestReconInsightsForDeletedDirectories (TestReconInsightsForDeletedDirectories.java:assertTableRowCount(479)) - deletedDirectoryTable actual row count=0, expectedCount=1
2023-09-07 09:06:05,723 [main] INFO  recon.TestReconInsightsForDeletedDirectories (TestReconInsightsForDeletedDirectories.java:assertTableRowCount(479)) - deletedDirectoryTable actual row count=0, expectedCount=1
2023-09-07 09:06:06,724 [main] INFO  recon.TestReconInsightsForDeletedDirectories (TestReconInsightsForDeletedDirectories.java:assertTableRowCount(479)) - deletedDirectoryTable actual row count=0, expectedCount=1
2023-09-07 09:06:07,725 [main] INFO  recon.TestReconInsightsForDeletedDirectories (TestReconInsightsForDeletedDirectories.java:assertTableRowCount(479)) - deletedDirectoryTable actual row count=0, expectedCount=1
2023-09-07 09:06:08,726 [main] INFO  recon.TestReconInsightsForDeletedDirectories (TestReconInsightsForDeletedDirectories.java:assertTableRowCount(479)) - deletedDirectoryTable actual row count=0, expectedCount=1
2023-09-07 09:06:09,726 [main] INFO  recon.TestReconInsightsForDeletedDirectories (TestReconInsightsForDeletedDirectories.java:assertTableRowCount(479)) - deletedDirectoryTable actual row count=0, expectedCount=1
2023-09-07 09:06:10,727 [main] INFO  recon.TestReconInsightsForDeletedDirectories (TestReconInsightsForDeletedDirectories.java:assertTableRowCount(479)) - deletedDirectoryTable actual row count=0, expectedCount=1
2023-09-07 09:06:11,728 [main] INFO  recon.TestReconInsightsForDeletedDirectories (TestReconInsightsForDeletedDirectories.java:assertTableRowCount(479)) - deletedDirectoryTable actual row count=0, expectedCount=1
2023-09-07 09:06:12,729 [main] INFO  recon.TestReconInsightsForDeletedDirectories (TestReconInsightsForDeletedDirectories.java:assertTableRowCount(479)) - deletedDirectoryTable actual row count=0, expectedCount=1
2023-09-07 09:06:13,729 [main] INFO  recon.TestReconInsightsForDeletedDirectories (TestReconInsightsForDeletedDirectories.java:assertTableRowCount(479)) - deletedDirectoryTable actual row count=0, expectedCount=1
2023-09-07 09:06:14,730 [main] INFO  recon.TestReconInsightsForDeletedDirectories (TestReconInsightsForDeletedDirectories.java:assertTableRowCount(479)) - deletedDirectoryTable actual row count=0, expectedCount=1
2023-09-07 09:06:15,731 [main] INFO  recon.TestReconInsightsForDeletedDirectories (TestReconInsightsForDeletedDirectories.java:assertTableRowCount(479)) - deletedDirectoryTable actual row count=0, expectedCount=1
2023-09-07 09:06:16,732 [main] INFO  recon.TestReconInsightsForDeletedDirectories (TestReconInsightsForDeletedDirectories.java:assertTableRowCount(479)) - deletedDirectoryTable actual row count=0, expectedCount=1
2023-09-07 09:06:17,733 [main] INFO  recon.TestReconInsightsForDeletedDirectories (TestReconInsightsForDeletedDirectories.java:assertTableRowCount(479)) - deletedDirectoryTable actual row count=0, expectedCount=1
2023-09-07 09:06:18,734 [main] INFO  recon.TestReconInsightsForDeletedDirectories (TestReconInsightsForDeletedDirectories.java:assertTableRowCount(479)) - deletedDirectoryTable actual row count=0, expectedCount=1
]]></system-out>
  </testcase>
</testsuite>