<?xml version="1.0" encoding="UTF-8"?>
<testsuite xmlns:xsi="http://www.w3.org/2001/XMLSchema-instance" xsi:noNamespaceSchemaLocation="https://maven.apache.org/surefire/maven-surefire-plugin/xsd/surefire-test-report-3.0.xsd" version="3.0" name="org.apache.hadoop.fs.ozone.TestSafeMode" time="159.114" tests="2" errors="1" skipped="0" failures="0">
  <properties>
    <property name="awt.toolkit" value="sun.awt.X11.XToolkit"/>
    <property name="file.encoding.pkg" value="sun.io"/>
    <property name="java.specification.version" value="1.8"/>
    <property name="sun.cpu.isalist" value=""/>
    <property name="sun.jnu.encoding" value="UTF-8"/>
    <property name="gradle.enterprise.listener.surefire.forkId" value="1"/>
    <property name="java.class.path" value="/home/runner/work/ozone/ozone/hadoop-ozone/integration-test/target/test-classes:/home/runner/work/ozone/ozone/hadoop-ozone/integration-test/target/classes:/home/runner/.m2/repository/org/apache/ozone/ozone-common/1.5.0-SNAPSHOT/ozone-common-1.5.0-SNAPSHOT.jar:/home/runner/.m2/repository/io/grpc/grpc-netty/1.58.0/grpc-netty-1.58.0.jar:/home/runner/.m2/repository/io/grpc/grpc-core/1.58.0/grpc-core-1.58.0.jar:/home/runner/.m2/repository/com/google/android/annotations/4.1.1.4/annotations-4.1.1.4.jar:/home/runner/.m2/repository/org/codehaus/mojo/animal-sniffer-annotations/1.23/animal-sniffer-annotations-1.23.jar:/home/runner/.m2/repository/io/grpc/grpc-context/1.58.0/grpc-context-1.58.0.jar:/home/runner/.m2/repository/io/grpc/grpc-util/1.58.0/grpc-util-1.58.0.jar:/home/runner/.m2/repository/com/google/errorprone/error_prone_annotations/2.2.0/error_prone_annotations-2.2.0.jar:/home/runner/.m2/repository/io/perfmark/perfmark-api/0.26.0/perfmark-api-0.26.0.jar:/home/runner/.m2/repository/io/netty/netty-codec-http2/4.1.100.Final/netty-codec-http2-4.1.100.Final.jar:/home/runner/.m2/repository/io/netty/netty-common/4.1.100.Final/netty-common-4.1.100.Final.jar:/home/runner/.m2/repository/io/netty/netty-buffer/4.1.100.Final/netty-buffer-4.1.100.Final.jar:/home/runner/.m2/repository/io/netty/netty-codec-http/4.1.100.Final/netty-codec-http-4.1.100.Final.jar:/home/runner/.m2/repository/io/netty/netty-handler-proxy/4.1.100.Final/netty-handler-proxy-4.1.100.Final.jar:/home/runner/.m2/repository/io/netty/netty-codec-socks/4.1.100.Final/netty-codec-socks-4.1.100.Final.jar:/home/runner/.m2/repository/io/netty/netty-tcnative-boringssl-static/2.0.61.Final/netty-tcnative-boringssl-static-2.0.61.Final.jar:/home/runner/.m2/repository/io/netty/netty-tcnative-classes/2.0.61.Final/netty-tcnative-classes-2.0.61.Final.jar:/home/runner/.m2/repository/io/netty/netty-tcnative-boringssl-static/2.0.61.Final/netty-tcnative-boringssl-static-2.0.61.Final-linux-x86_64.jar:/home/runner/.m2/repository/io/netty/netty-tcnative-boringssl-static/2.0.61.Final/netty-tcnative-boringssl-static-2.0.61.Final-linux-aarch_64.jar:/home/runner/.m2/repository/io/netty/netty-tcnative-boringssl-static/2.0.61.Final/netty-tcnative-boringssl-static-2.0.61.Final-osx-x86_64.jar:/home/runner/.m2/repository/io/netty/netty-tcnative-boringssl-static/2.0.61.Final/netty-tcnative-boringssl-static-2.0.61.Final-osx-aarch_64.jar:/home/runner/.m2/repository/io/netty/netty-tcnative-boringssl-static/2.0.61.Final/netty-tcnative-boringssl-static-2.0.61.Final-windows-x86_64.jar:/home/runner/.m2/repository/org/apache/commons/commons-compress/1.25.0/commons-compress-1.25.0.jar:/home/runner/.m2/repository/org/apache/ozone/hdds-common/1.5.0-SNAPSHOT/hdds-common-1.5.0-SNAPSHOT.jar:/home/runner/.m2/repository/org/apache/ozone/hdds-client/1.5.0-SNAPSHOT/hdds-client-1.5.0-SNAPSHOT.jar:/home/runner/.m2/repository/org/apache/ozone/ozone-interface-client/1.5.0-SNAPSHOT/ozone-interface-client-1.5.0-SNAPSHOT.jar:/home/runner/.m2/repository/org/apache/hadoop/hadoop-hdfs-client/3.3.6/hadoop-hdfs-client-3.3.6.jar:/home/runner/.m2/repository/com/squareup/okhttp3/okhttp/4.12.0/okhttp-4.12.0.jar:/home/runner/.m2/repository/com/squareup/okio/okio/3.6.0/okio-3.6.0.jar:/home/runner/.m2/repository/com/squareup/okio/okio-jvm/3.6.0/okio-jvm-3.6.0.jar:/home/runner/.m2/repository/org/jetbrains/kotlin/kotlin-stdlib-jdk8/1.9.22/kotlin-stdlib-jdk8-1.9.22.jar:/home/runner/.m2/repository/org/jetbrains/kotlin/kotlin-stdlib-jdk7/1.9.22/kotlin-stdlib-jdk7-1.9.22.jar:/home/runner/.m2/repository/org/jetbrains/kotlin/kotlin-stdlib-common/1.9.22/kotlin-stdlib-common-1.9.22.jar:/home/runner/.m2/repository/org/apache/ozone/hdds-test-utils/1.5.0-SNAPSHOT/hdds-test-utils-1.5.0-SNAPSHOT.jar:/home/runner/.m2/repository/org/assertj/assertj-core/3.12.2/assertj-core-3.12.2.jar:/home/runner/.m2/repository/com/google/guava/guava/32.0.0-jre/guava-32.0.0-jre.jar:/home/runner/.m2/repository/com/google/guava/failureaccess/1.0.1/failureaccess-1.0.1.jar:/home/runner/.m2/repository/com/google/guava/listenablefuture/9999.0-empty-to-avoid-conflict-with-guava/listenablefuture-9999.0-empty-to-avoid-conflict-with-guava.jar:/home/runner/.m2/repository/com/google/code/findbugs/jsr305/3.0.0/jsr305-3.0.0.jar:/home/runner/.m2/repository/org/checkerframework/checker-qual/3.33.0/checker-qual-3.33.0.jar:/home/runner/.m2/repository/com/google/j2objc/j2objc-annotations/2.8/j2objc-annotations-2.8.jar:/home/runner/.m2/repository/commons-io/commons-io/2.11.0/commons-io-2.11.0.jar:/home/runner/.m2/repository/commons-logging/commons-logging/1.2/commons-logging-1.2.jar:/home/runner/.m2/repository/org/junit/jupiter/junit-jupiter-api/5.10.1/junit-jupiter-api-5.10.1.jar:/home/runner/.m2/repository/org/opentest4j/opentest4j/1.3.0/opentest4j-1.3.0.jar:/home/runner/.m2/repository/org/junit/platform/junit-platform-commons/1.10.1/junit-platform-commons-1.10.1.jar:/home/runner/.m2/repository/ch/qos/reload4j/reload4j/1.2.25/reload4j-1.2.25.jar:/home/runner/.m2/repository/org/slf4j/slf4j-api/2.0.10/slf4j-api-2.0.10.jar:/home/runner/.m2/repository/org/apache/logging/log4j/log4j-api/2.17.1/log4j-api-2.17.1.jar:/home/runner/.m2/repository/org/apache/ozone/hdds-server-scm/1.5.0-SNAPSHOT/hdds-server-scm-1.5.0-SNAPSHOT.jar:/home/runner/.m2/repository/com/google/protobuf/protobuf-java/2.5.0/protobuf-java-2.5.0.jar:/home/runner/.m2/repository/org/apache/ozone/hdds-container-service/1.5.0-SNAPSHOT/hdds-container-service-1.5.0-SNAPSHOT.jar:/home/runner/.m2/repository/org/apache/ozone/hdds-hadoop-dependency-server/1.5.0-SNAPSHOT/hdds-hadoop-dependency-server-1.5.0-SNAPSHOT.jar:/home/runner/.m2/repository/org/apache/hadoop/hadoop-hdfs/3.3.6/hadoop-hdfs-3.3.6.jar:/home/runner/.m2/repository/commons-daemon/commons-daemon/1.0.13/commons-daemon-1.0.13.jar:/home/runner/.m2/repository/org/apache/ozone/hdds-server-framework/1.5.0-SNAPSHOT/hdds-server-framework-1.5.0-SNAPSHOT.jar:/home/runner/.m2/repository/org/bouncycastle/bcprov-jdk15on/1.67/bcprov-jdk15on-1.67.jar:/home/runner/.m2/repository/io/dropwizard/metrics/metrics-core/3.2.4/metrics-core-3.2.4.jar:/home/runner/.m2/repository/org/apache/commons/commons-text/1.11.0/commons-text-1.11.0.jar:/home/runner/.m2/repository/org/apache/ozone/hdds-server-framework/1.5.0-SNAPSHOT/hdds-server-framework-1.5.0-SNAPSHOT-tests.jar:/home/runner/.m2/repository/org/apache/ozone/hdds-interface-server/1.5.0-SNAPSHOT/hdds-interface-server-1.5.0-SNAPSHOT.jar:/home/runner/.m2/repository/org/apache/ozone/hdds-interface-admin/1.5.0-SNAPSHOT/hdds-interface-admin-1.5.0-SNAPSHOT.jar:/home/runner/.m2/repository/org/apache/ozone/hdds-managed-rocksdb/1.5.0-SNAPSHOT/hdds-managed-rocksdb-1.5.0-SNAPSHOT.jar:/home/runner/.m2/repository/org/rocksdb/rocksdbjni/7.7.3/rocksdbjni-7.7.3.jar:/home/runner/.m2/repository/org/slf4j/slf4j-reload4j/2.0.10/slf4j-reload4j-2.0.10.jar:/home/runner/.m2/repository/org/apache/commons/commons-configuration2/2.8.0/commons-configuration2-2.8.0.jar:/home/runner/.m2/repository/commons-fileupload/commons-fileupload/1.5/commons-fileupload-1.5.jar:/home/runner/.m2/repository/org/apache/logging/log4j/log4j-core/2.17.1/log4j-core-2.17.1.jar:/home/runner/.m2/repository/com/lmax/disruptor/3.4.2/disruptor-3.4.2.jar:/home/runner/.m2/repository/org/eclipse/jetty/jetty-util/9.4.53.v20231009/jetty-util-9.4.53.v20231009.jar:/home/runner/.m2/repository/org/eclipse/jetty/jetty-server/9.4.53.v20231009/jetty-server-9.4.53.v20231009.jar:/home/runner/.m2/repository/org/eclipse/jetty/jetty-http/9.4.53.v20231009/jetty-http-9.4.53.v20231009.jar:/home/runner/.m2/repository/org/eclipse/jetty/jetty-io/9.4.53.v20231009/jetty-io-9.4.53.v20231009.jar:/home/runner/.m2/repository/org/eclipse/jetty/jetty-servlet/9.4.53.v20231009/jetty-servlet-9.4.53.v20231009.jar:/home/runner/.m2/repository/org/eclipse/jetty/jetty-security/9.4.53.v20231009/jetty-security-9.4.53.v20231009.jar:/home/runner/.m2/repository/org/eclipse/jetty/jetty-util-ajax/9.4.53.v20231009/jetty-util-ajax-9.4.53.v20231009.jar:/home/runner/.m2/repository/org/eclipse/jetty/jetty-webapp/9.4.53.v20231009/jetty-webapp-9.4.53.v20231009.jar:/home/runner/.m2/repository/org/eclipse/jetty/jetty-xml/9.4.53.v20231009/jetty-xml-9.4.53.v20231009.jar:/home/runner/.m2/repository/org/apache/ratis/ratis-server/3.0.1/ratis-server-3.0.1.jar:/home/runner/.m2/repository/org/apache/ratis/ratis-thirdparty-misc/1.0.5/ratis-thirdparty-misc-1.0.5.jar:/home/runner/.m2/repository/org/apache/ratis/ratis-proto/3.0.1/ratis-proto-3.0.1.jar:/home/runner/.m2/repository/org/apache/ratis/ratis-common/3.0.1/ratis-common-3.0.1.jar:/home/runner/.m2/repository/org/apache/ratis/ratis-client/3.0.1/ratis-client-3.0.1.jar:/home/runner/.m2/repository/org/apache/ratis/ratis-server-api/3.0.1/ratis-server-api-3.0.1.jar:/home/runner/.m2/repository/org/apache/ratis/ratis-metrics-api/3.0.1/ratis-metrics-api-3.0.1.jar:/home/runner/.m2/repository/org/apache/ratis/ratis-metrics-dropwizard3/3.0.1/ratis-metrics-dropwizard3-3.0.1.jar:/home/runner/.m2/repository/io/prometheus/simpleclient_dropwizard/0.16.0/simpleclient_dropwizard-0.16.0.jar:/home/runner/.m2/repository/io/prometheus/simpleclient/0.16.0/simpleclient-0.16.0.jar:/home/runner/.m2/repository/io/prometheus/simpleclient_common/0.16.0/simpleclient_common-0.16.0.jar:/home/runner/.m2/repository/com/fasterxml/jackson/datatype/jackson-datatype-jsr310/2.13.4/jackson-datatype-jsr310-2.13.4.jar:/home/runner/.m2/repository/com/fasterxml/jackson/core/jackson-core/2.13.4/jackson-core-2.13.4.jar:/home/runner/.m2/repository/org/apache/ozone/rocksdb-checkpoint-differ/1.5.0-SNAPSHOT/rocksdb-checkpoint-differ-1.5.0-SNAPSHOT.jar:/home/runner/.m2/repository/org/jgrapht/jgrapht-core/1.0.1/jgrapht-core-1.0.1.jar:/home/runner/.m2/repository/org/jgrapht/jgrapht-ext/1.0.1/jgrapht-ext-1.0.1.jar:/home/runner/.m2/repository/org/tinyjee/jgraphx/jgraphx/2.0.0.1/jgraphx-2.0.0.1.jar:/home/runner/.m2/repository/jgraph/jgraph/5.13.0.0/jgraph-5.13.0.0.jar:/home/runner/.m2/repository/org/antlr/antlr4-runtime/4.5.3/antlr4-runtime-4.5.3.jar:/home/runner/.m2/repository/org/apache/ozone/ozone-manager/1.5.0-SNAPSHOT/ozone-manager-1.5.0-SNAPSHOT.jar:/home/runner/.m2/repository/org/aspectj/aspectjrt/1.9.7/aspectjrt-1.9.7.jar:/home/runner/.m2/repository/org/aspectj/aspectjweaver/1.9.7/aspectjweaver-1.9.7.jar:/home/runner/.m2/repository/org/apache/ozone/hdds-interface-client/1.5.0-SNAPSHOT/hdds-interface-client-1.5.0-SNAPSHOT.jar:/home/runner/.m2/repository/org/apache/hadoop/thirdparty/hadoop-shaded-protobuf_3_7/1.1.1/hadoop-shaded-protobuf_3_7-1.1.1.jar:/home/runner/.m2/repository/org/apache/ozone/ozone-interface-storage/1.5.0-SNAPSHOT/ozone-interface-storage-1.5.0-SNAPSHOT.jar:/home/runner/.m2/repository/org/reflections/reflections/0.9.11/reflections-0.9.11.jar:/home/runner/.m2/repository/com/sun/jersey/jersey-client/1.19.4/jersey-client-1.19.4.jar:/home/runner/.m2/repository/org/codehaus/jackson/jackson-core-asl/1.9.13/jackson-core-asl-1.9.13.jar:/home/runner/.m2/repository/org/codehaus/jackson/jackson-mapper-asl/1.9.13/jackson-mapper-asl-1.9.13.jar:/home/runner/.m2/repository/org/codehaus/jackson/jackson-jaxrs/1.9.13/jackson-jaxrs-1.9.13.jar:/home/runner/.m2/repository/org/apache/ranger/ranger-intg/2.3.0/ranger-intg-2.3.0.jar:/home/runner/.m2/repository/org/apache/ranger/ranger-plugins-common/2.3.0/ranger-plugins-common-2.3.0.jar:/home/runner/.m2/repository/commons-lang/commons-lang/2.6/commons-lang-2.6.jar:/home/runner/.m2/repository/org/apache/ranger/ranger-plugins-cred/2.3.0/ranger-plugins-cred-2.3.0.jar:/home/runner/.m2/repository/org/apache/ranger/ranger-plugins-audit/2.3.0/ranger-plugins-audit-2.3.0.jar:/home/runner/.m2/repository/org/eclipse/jetty/jetty-client/9.4.53.v20231009/jetty-client-9.4.53.v20231009.jar:/home/runner/.m2/repository/org/apache/httpcomponents/httpmime/4.5.6/httpmime-4.5.6.jar:/home/runner/.m2/repository/org/apache/httpcomponents/httpcore-nio/4.4.16/httpcore-nio-4.4.16.jar:/home/runner/.m2/repository/org/apache/httpcomponents/httpasyncclient/4.1.3/httpasyncclient-4.1.3.jar:/home/runner/.m2/repository/com/carrotsearch/hppc/0.8.0/hppc-0.8.0.jar:/home/runner/.m2/repository/org/apache/orc/orc-core/1.5.8/orc-core-1.5.8.jar:/home/runner/.m2/repository/net/java/dev/jna/jna/5.2.0/jna-5.2.0.jar:/home/runner/.m2/repository/net/java/dev/jna/jna-platform/5.2.0/jna-platform-5.2.0.jar:/home/runner/.m2/repository/com/kstruct/gethostname4j/0.0.2/gethostname4j-0.0.2.jar:/home/runner/.m2/repository/org/apache/ranger/ranger-plugin-classloader/2.3.0/ranger-plugin-classloader-2.3.0.jar:/home/runner/.m2/repository/org/apache/ozone/hdds-rocks-native/1.5.0-SNAPSHOT/hdds-rocks-native-1.5.0-SNAPSHOT.jar:/home/runner/.m2/repository/org/apache/hadoop/hadoop-minikdc/3.3.6/hadoop-minikdc-3.3.6.jar:/home/runner/.m2/repository/org/apache/kerby/kerb-simplekdc/1.0.1/kerb-simplekdc-1.0.1.jar:/home/runner/.m2/repository/org/apache/kerby/kerb-client/1.0.1/kerb-client-1.0.1.jar:/home/runner/.m2/repository/org/apache/kerby/kerby-config/1.0.1/kerby-config-1.0.1.jar:/home/runner/.m2/repository/org/apache/kerby/kerb-common/1.0.1/kerb-common-1.0.1.jar:/home/runner/.m2/repository/org/apache/kerby/kerb-crypto/1.0.1/kerb-crypto-1.0.1.jar:/home/runner/.m2/repository/org/apache/kerby/kerb-util/1.0.1/kerb-util-1.0.1.jar:/home/runner/.m2/repository/org/apache/kerby/token-provider/1.0.1/token-provider-1.0.1.jar:/home/runner/.m2/repository/org/apache/kerby/kerb-admin/1.0.1/kerb-admin-1.0.1.jar:/home/runner/.m2/repository/org/apache/kerby/kerb-server/1.0.1/kerb-server-1.0.1.jar:/home/runner/.m2/repository/org/apache/kerby/kerb-identity/1.0.1/kerb-identity-1.0.1.jar:/home/runner/.m2/repository/org/apache/kerby/kerby-xdr/1.0.1/kerby-xdr-1.0.1.jar:/home/runner/.m2/repository/junit/junit/4.13.2/junit-4.13.2.jar:/home/runner/.m2/repository/org/hamcrest/hamcrest-core/1.3/hamcrest-core-1.3.jar:/home/runner/.m2/repository/org/apache/ozone/ozone-s3gateway/1.5.0-SNAPSHOT/ozone-s3gateway-1.5.0-SNAPSHOT.jar:/home/runner/.m2/repository/org/javassist/javassist/3.21.0-GA/javassist-3.21.0-GA.jar:/home/runner/.m2/repository/org/jboss/weld/servlet/weld-servlet-shaded/3.1.9.Final/weld-servlet-shaded-3.1.9.Final.jar:/home/runner/.m2/repository/org/glassfish/jersey/containers/jersey-container-servlet-core/2.41/jersey-container-servlet-core-2.41.jar:/home/runner/.m2/repository/org/glassfish/hk2/external/jakarta.inject/2.6.1/jakarta.inject-2.6.1.jar:/home/runner/.m2/repository/org/glassfish/jersey/core/jersey-common/2.41/jersey-common-2.41.jar:/home/runner/.m2/repository/jakarta/ws/rs/jakarta.ws.rs-api/2.1.6/jakarta.ws.rs-api-2.1.6.jar:/home/runner/.m2/repository/org/glassfish/jersey/ext/cdi/jersey-cdi1x/2.41/jersey-cdi1x-2.41.jar:/home/runner/.m2/repository/org/glassfish/jersey/inject/jersey-hk2/2.41/jersey-hk2-2.41.jar:/home/runner/.m2/repository/org/glassfish/hk2/hk2-locator/2.6.1/hk2-locator-2.6.1.jar:/home/runner/.m2/repository/org/glassfish/jersey/media/jersey-media-jaxb/2.41/jersey-media-jaxb-2.41.jar:/home/runner/.m2/repository/org/glassfish/hk2/osgi-resource-locator/1.0.3/osgi-resource-locator-1.0.3.jar:/home/runner/.m2/repository/org/glassfish/hk2/hk2-api/2.6.1/hk2-api-2.6.1.jar:/home/runner/.m2/repository/org/glassfish/hk2/hk2-utils/2.6.1/hk2-utils-2.6.1.jar:/home/runner/.m2/repository/org/glassfish/hk2/external/aopalliance-repackaged/2.6.1/aopalliance-repackaged-2.6.1.jar:/home/runner/.m2/repository/com/fasterxml/jackson/dataformat/jackson-dataformat-xml/2.13.4/jackson-dataformat-xml-2.13.4.jar:/home/runner/.m2/repository/org/codehaus/woodstox/stax2-api/4.2.2/stax2-api-4.2.2.jar:/home/runner/.m2/repository/com/fasterxml/woodstox/woodstox-core/5.4.0/woodstox-core-5.4.0.jar:/home/runner/.m2/repository/com/fasterxml/jackson/module/jackson-module-jaxb-annotations/2.13.4/jackson-module-jaxb-annotations-2.13.4.jar:/home/runner/.m2/repository/javax/enterprise/cdi-api/2.0/cdi-api-2.0.jar:/home/runner/.m2/repository/javax/el/javax.el-api/3.0.0/javax.el-api-3.0.0.jar:/home/runner/.m2/repository/javax/interceptor/javax.interceptor-api/1.2/javax.interceptor-api-1.2.jar:/home/runner/.m2/repository/javax/inject/javax.inject/1/javax.inject-1.jar:/home/runner/.m2/repository/jakarta/xml/bind/jakarta.xml.bind-api/2.3.3/jakarta.xml.bind-api-2.3.3.jar:/home/runner/.m2/repository/org/glassfish/jaxb/jaxb-runtime/2.3.9/jaxb-runtime-2.3.9.jar:/home/runner/.m2/repository/org/glassfish/jaxb/txw2/2.3.9/txw2-2.3.9.jar:/home/runner/.m2/repository/com/sun/istack/istack-commons-runtime/3.0.12/istack-commons-runtime-3.0.12.jar:/home/runner/.m2/repository/com/sun/activation/jakarta.activation/1.2.2/jakarta.activation-1.2.2.jar:/home/runner/.m2/repository/jakarta/activation/jakarta.activation-api/1.2.2/jakarta.activation-api-1.2.2.jar:/home/runner/.m2/repository/io/grpc/grpc-protobuf/1.58.0/grpc-protobuf-1.58.0.jar:/home/runner/.m2/repository/com/google/api/grpc/proto-google-common-protos/2.22.0/proto-google-common-protos-2.22.0.jar:/home/runner/.m2/repository/io/grpc/grpc-protobuf-lite/1.58.0/grpc-protobuf-lite-1.58.0.jar:/home/runner/.m2/repository/io/grpc/grpc-stub/1.58.0/grpc-stub-1.58.0.jar:/home/runner/.m2/repository/io/netty/netty-transport/4.1.100.Final/netty-transport-4.1.100.Final.jar:/home/runner/.m2/repository/io/netty/netty-resolver/4.1.100.Final/netty-resolver-4.1.100.Final.jar:/home/runner/.m2/repository/org/apache/ozone/ozone-csi/1.5.0-SNAPSHOT/ozone-csi-1.5.0-SNAPSHOT.jar:/home/runner/.m2/repository/com/google/protobuf/protobuf-java-util/3.19.6/protobuf-java-util-3.19.6.jar:/home/runner/.m2/repository/com/google/code/gson/gson/2.9.0/gson-2.9.0.jar:/home/runner/.m2/repository/org/apache/ozone/hdds-config/1.5.0-SNAPSHOT/hdds-config-1.5.0-SNAPSHOT.jar:/home/runner/.m2/repository/io/netty/netty-transport-native-epoll/4.1.100.Final/netty-transport-native-epoll-4.1.100.Final-linux-x86_64.jar:/home/runner/.m2/repository/io/netty/netty-transport-classes-epoll/4.1.100.Final/netty-transport-classes-epoll-4.1.100.Final.jar:/home/runner/.m2/repository/io/netty/netty-transport-native-unix-common/4.1.100.Final/netty-transport-native-unix-common-4.1.100.Final.jar:/home/runner/.m2/repository/org/apache/ozone/ozone-recon/1.5.0-SNAPSHOT/ozone-recon-1.5.0-SNAPSHOT.jar:/home/runner/.m2/repository/org/apache/ozone/ozone-reconcodegen/1.5.0-SNAPSHOT/ozone-reconcodegen-1.5.0-SNAPSHOT.jar:/home/runner/.m2/repository/com/google/inject/guice/5.1.0/guice-5.1.0.jar:/home/runner/.m2/repository/aopalliance/aopalliance/1.0/aopalliance-1.0.jar:/home/runner/.m2/repository/com/google/inject/extensions/guice-assistedinject/5.1.0/guice-assistedinject-5.1.0.jar:/home/runner/.m2/repository/com/google/inject/extensions/guice-servlet/5.1.0/guice-servlet-5.1.0.jar:/home/runner/.m2/repository/org/glassfish/jersey/containers/jersey-container-servlet/2.41/jersey-container-servlet-2.41.jar:/home/runner/.m2/repository/org/glassfish/hk2/guice-bridge/2.6.1/guice-bridge-2.6.1.jar:/home/runner/.m2/repository/org/glassfish/jersey/core/jersey-server/2.41/jersey-server-2.41.jar:/home/runner/.m2/repository/org/glassfish/jersey/core/jersey-client/2.41/jersey-client-2.41.jar:/home/runner/.m2/repository/jakarta/annotation/jakarta.annotation-api/1.3.5/jakarta.annotation-api-1.3.5.jar:/home/runner/.m2/repository/jakarta/validation/jakarta.validation-api/2.0.2/jakarta.validation-api-2.0.2.jar:/home/runner/.m2/repository/org/glassfish/jersey/media/jersey-media-json-jackson/2.41/jersey-media-json-jackson-2.41.jar:/home/runner/.m2/repository/org/glassfish/jersey/ext/jersey-entity-filtering/2.41/jersey-entity-filtering-2.41.jar:/home/runner/.m2/repository/org/jooq/jooq/3.11.10/jooq-3.11.10.jar:/home/runner/.m2/repository/org/jooq/jooq-meta/3.11.10/jooq-meta-3.11.10.jar:/home/runner/.m2/repository/org/jooq/jooq-codegen/3.11.10/jooq-codegen-3.11.10.jar:/home/runner/.m2/repository/com/jolbox/bonecp/0.8.0.RELEASE/bonecp-0.8.0.RELEASE.jar:/home/runner/.m2/repository/org/apache/derby/derby/10.14.2.0/derby-10.14.2.0.jar:/home/runner/.m2/repository/org/xerial/sqlite-jdbc/3.44.1.0/sqlite-jdbc-3.44.1.0.jar:/home/runner/.m2/repository/org/springframework/spring-jdbc/5.3.27/spring-jdbc-5.3.27.jar:/home/runner/.m2/repository/org/springframework/spring-beans/5.3.27/spring-beans-5.3.27.jar:/home/runner/.m2/repository/org/springframework/spring-core/5.3.27/spring-core-5.3.27.jar:/home/runner/.m2/repository/org/springframework/spring-tx/5.3.27/spring-tx-5.3.27.jar:/home/runner/.m2/repository/org/apache/ozone/ozone-client/1.5.0-SNAPSHOT/ozone-client-1.5.0-SNAPSHOT.jar:/home/runner/.m2/repository/org/apache/ozone/hdds-erasurecode/1.5.0-SNAPSHOT/hdds-erasurecode-1.5.0-SNAPSHOT.jar:/home/runner/.m2/repository/org/apache/ozone/ozone-filesystem/1.5.0-SNAPSHOT/ozone-filesystem-1.5.0-SNAPSHOT.jar:/home/runner/.m2/repository/org/apache/ozone/ozone-filesystem-common/1.5.0-SNAPSHOT/ozone-filesystem-common-1.5.0-SNAPSHOT.jar:/home/runner/.m2/repository/org/apache/ozone/ozone-tools/1.5.0-SNAPSHOT/ozone-tools-1.5.0-SNAPSHOT.jar:/home/runner/.m2/repository/com/amazonaws/aws-java-sdk-core/1.12.632/aws-java-sdk-core-1.12.632.jar:/home/runner/.m2/repository/org/apache/httpcomponents/httpclient/4.5.13/httpclient-4.5.13.jar:/home/runner/.m2/repository/org/apache/httpcomponents/httpcore/4.4.16/httpcore-4.4.16.jar:/home/runner/.m2/repository/software/amazon/ion/ion-java/1.0.2/ion-java-1.0.2.jar:/home/runner/.m2/repository/com/fasterxml/jackson/dataformat/jackson-dataformat-cbor/2.13.4/jackson-dataformat-cbor-2.13.4.jar:/home/runner/.m2/repository/joda-time/joda-time/2.12.5/joda-time-2.12.5.jar:/home/runner/.m2/repository/com/amazonaws/aws-java-sdk-s3/1.12.632/aws-java-sdk-s3-1.12.632.jar:/home/runner/.m2/repository/com/amazonaws/aws-java-sdk-kms/1.12.632/aws-java-sdk-kms-1.12.632.jar:/home/runner/.m2/repository/com/amazonaws/jmespath-java/1.12.632/jmespath-java-1.12.632.jar:/home/runner/.m2/repository/org/kohsuke/metainf-services/metainf-services/1.8/metainf-services-1.8.jar:/home/runner/.m2/repository/org/apache/ozone/hdds-tools/1.5.0-SNAPSHOT/hdds-tools-1.5.0-SNAPSHOT.jar:/home/runner/.m2/repository/org/apache/ratis/ratis-tools/3.0.1/ratis-tools-3.0.1.jar:/home/runner/.m2/repository/commons-cli/commons-cli/1.6.0/commons-cli-1.6.0.jar:/home/runner/.m2/repository/org/apache/commons/commons-lang3/3.14.0/commons-lang3-3.14.0.jar:/home/runner/.m2/repository/org/apache/ozone/ozone-manager/1.5.0-SNAPSHOT/ozone-manager-1.5.0-SNAPSHOT-tests.jar:/home/runner/.m2/repository/org/apache/ozone/hdds-common/1.5.0-SNAPSHOT/hdds-common-1.5.0-SNAPSHOT-tests.jar:/home/runner/.m2/repository/org/apache/ozone/hdds-hadoop-dependency-client/1.5.0-SNAPSHOT/hdds-hadoop-dependency-client-1.5.0-SNAPSHOT.jar:/home/runner/.m2/repository/info/picocli/picocli/4.7.5/picocli-4.7.5.jar:/home/runner/.m2/repository/com/fasterxml/jackson/core/jackson-annotations/2.13.4/jackson-annotations-2.13.4.jar:/home/runner/.m2/repository/org/apache/ozone/hdds-annotation-processing/1.5.0-SNAPSHOT/hdds-annotation-processing-1.5.0-SNAPSHOT.jar:/home/runner/.m2/repository/javax/annotation/javax.annotation-api/1.3.2/javax.annotation-api-1.3.2.jar:/home/runner/.m2/repository/org/apache/ratis/ratis-netty/3.0.1/ratis-netty-3.0.1.jar:/home/runner/.m2/repository/org/apache/ratis/ratis-grpc/3.0.1/ratis-grpc-3.0.1.jar:/home/runner/.m2/repository/org/apache/commons/commons-pool2/2.6.0/commons-pool2-2.6.0.jar:/home/runner/.m2/repository/org/bouncycastle/bcpkix-jdk15on/1.67/bcpkix-jdk15on-1.67.jar:/home/runner/.m2/repository/commons-validator/commons-validator/1.6/commons-validator-1.6.jar:/home/runner/.m2/repository/commons-beanutils/commons-beanutils/1.9.4/commons-beanutils-1.9.4.jar:/home/runner/.m2/repository/commons-digester/commons-digester/1.8.1/commons-digester-1.8.1.jar:/home/runner/.m2/repository/commons-collections/commons-collections/3.2.2/commons-collections-3.2.2.jar:/home/runner/.m2/repository/io/jaegertracing/jaeger-client/1.6.0/jaeger-client-1.6.0.jar:/home/runner/.m2/repository/io/jaegertracing/jaeger-thrift/1.6.0/jaeger-thrift-1.6.0.jar:/home/runner/.m2/repository/org/apache/thrift/libthrift/0.14.1/libthrift-0.14.1.jar:/home/runner/.m2/repository/io/jaegertracing/jaeger-core/1.6.0/jaeger-core-1.6.0.jar:/home/runner/.m2/repository/io/jaegertracing/jaeger-tracerresolver/1.6.0/jaeger-tracerresolver-1.6.0.jar:/home/runner/.m2/repository/io/opentracing/contrib/opentracing-tracerresolver/0.1.8/opentracing-tracerresolver-0.1.8.jar:/home/runner/.m2/repository/org/jetbrains/kotlin/kotlin-stdlib/1.9.22/kotlin-stdlib-1.9.22.jar:/home/runner/.m2/repository/org/jetbrains/annotations/13.0/annotations-13.0.jar:/home/runner/.m2/repository/io/opentracing/opentracing-util/0.33.0/opentracing-util-0.33.0.jar:/home/runner/.m2/repository/io/opentracing/opentracing-api/0.33.0/opentracing-api-0.33.0.jar:/home/runner/.m2/repository/io/opentracing/opentracing-noop/0.33.0/opentracing-noop-0.33.0.jar:/home/runner/.m2/repository/org/yaml/snakeyaml/2.0/snakeyaml-2.0.jar:/home/runner/.m2/repository/io/grpc/grpc-api/1.58.0/grpc-api-1.58.0.jar:/home/runner/.m2/repository/org/junit/jupiter/junit-jupiter-engine/5.10.1/junit-jupiter-engine-5.10.1.jar:/home/runner/.m2/repository/org/junit/platform/junit-platform-engine/1.10.1/junit-platform-engine-1.10.1.jar:/home/runner/.m2/repository/org/apiguardian/apiguardian-api/1.1.2/apiguardian-api-1.1.2.jar:/home/runner/.m2/repository/org/junit/platform/junit-platform-launcher/1.10.1/junit-platform-launcher-1.10.1.jar:/home/runner/.m2/repository/org/apache/hadoop/hadoop-kms/3.3.6/hadoop-kms-3.3.6.jar:/home/runner/.m2/repository/org/apache/hadoop/hadoop-auth/3.3.6/hadoop-auth-3.3.6.jar:/home/runner/.m2/repository/com/nimbusds/nimbus-jose-jwt/9.8.1/nimbus-jose-jwt-9.8.1.jar:/home/runner/.m2/repository/com/github/stephenc/jcip/jcip-annotations/1.0-1/jcip-annotations-1.0-1.jar:/home/runner/.m2/repository/org/apache/zookeeper/zookeeper/3.7.2/zookeeper-3.7.2.jar:/home/runner/.m2/repository/org/apache/zookeeper/zookeeper-jute/3.7.2/zookeeper-jute-3.7.2.jar:/home/runner/.m2/repository/org/apache/yetus/audience-annotations/0.12.0/audience-annotations-0.12.0.jar:/home/runner/.m2/repository/org/apache/curator/curator-framework/4.2.0/curator-framework-4.2.0.jar:/home/runner/.m2/repository/org/apache/hadoop/thirdparty/hadoop-shaded-guava/1.1.1/hadoop-shaded-guava-1.1.1.jar:/home/runner/.m2/repository/com/sun/jersey/jersey-core/1.19.4/jersey-core-1.19.4.jar:/home/runner/.m2/repository/javax/ws/rs/jsr311-api/1.1.1/jsr311-api-1.1.1.jar:/home/runner/.m2/repository/com/sun/jersey/jersey-server/1.19.4/jersey-server-1.19.4.jar:/home/runner/.m2/repository/javax/servlet/javax.servlet-api/3.1.0/javax.servlet-api-3.1.0.jar:/home/runner/.m2/repository/org/apache/hadoop/hadoop-common/3.3.6/hadoop-common-3.3.6.jar:/home/runner/.m2/repository/org/apache/commons/commons-math3/3.1.1/commons-math3-3.1.1.jar:/home/runner/.m2/repository/commons-net/commons-net/3.10.0/commons-net-3.10.0.jar:/home/runner/.m2/repository/com/sun/jersey/jersey-servlet/1.19.4/jersey-servlet-1.19.4.jar:/home/runner/.m2/repository/com/github/pjfanning/jersey-json/1.20/jersey-json-1.20.jar:/home/runner/.m2/repository/org/codehaus/jettison/jettison/1.1/jettison-1.1.jar:/home/runner/.m2/repository/com/sun/xml/bind/jaxb-impl/2.2.3-1/jaxb-impl-2.2.3-1.jar:/home/runner/.m2/repository/com/google/re2j/re2j/1.7/re2j-1.7.jar:/home/runner/.m2/repository/com/jcraft/jsch/0.1.54/jsch-0.1.54.jar:/home/runner/.m2/repository/org/apache/curator/curator-client/4.2.0/curator-client-4.2.0.jar:/home/runner/.m2/repository/org/apache/curator/curator-recipes/5.2.0/curator-recipes-5.2.0.jar:/home/runner/.m2/repository/org/apache/kerby/kerb-core/1.0.1/kerb-core-1.0.1.jar:/home/runner/.m2/repository/org/apache/kerby/kerby-pkix/1.0.1/kerby-pkix-1.0.1.jar:/home/runner/.m2/repository/org/apache/kerby/kerby-asn1/1.0.1/kerby-asn1-1.0.1.jar:/home/runner/.m2/repository/org/apache/kerby/kerby-util/1.0.1/kerby-util-1.0.1.jar:/home/runner/.m2/repository/dnsjava/dnsjava/2.1.7/dnsjava-2.1.7.jar:/home/runner/.m2/repository/org/xerial/snappy/snappy-java/1.1.8.2/snappy-java-1.1.8.2.jar:/home/runner/.m2/repository/com/fasterxml/jackson/core/jackson-databind/2.13.4.2/jackson-databind-2.13.4.2.jar:/home/runner/.m2/repository/org/apache/hadoop/hadoop-kms/3.3.6/hadoop-kms-3.3.6-tests.jar:/home/runner/.m2/repository/org/apache/ozone/hdds-server-scm/1.5.0-SNAPSHOT/hdds-server-scm-1.5.0-SNAPSHOT-tests.jar:/home/runner/.m2/repository/org/apache/ozone/hdds-container-service/1.5.0-SNAPSHOT/hdds-container-service-1.5.0-SNAPSHOT-tests.jar:/home/runner/.m2/repository/com/github/luben/zstd-jni/1.5.2-5/zstd-jni-1.5.2-5.jar:/home/runner/.m2/repository/commons-codec/commons-codec/1.15/commons-codec-1.15.jar:/home/runner/.m2/repository/io/netty/netty-codec/4.1.100.Final/netty-codec-4.1.100.Final.jar:/home/runner/.m2/repository/io/netty/netty-handler/4.1.100.Final/netty-handler-4.1.100.Final.jar:/home/runner/.m2/repository/org/apache/ozone/hdds-hadoop-dependency-test/1.5.0-SNAPSHOT/hdds-hadoop-dependency-test-1.5.0-SNAPSHOT.jar:/home/runner/.m2/repository/org/apache/hadoop/hadoop-common/3.3.6/hadoop-common-3.3.6-tests.jar:/home/runner/.m2/repository/org/apache/hadoop/hadoop-hdfs/3.3.6/hadoop-hdfs-3.3.6-tests.jar:/home/runner/.m2/repository/org/junit/jupiter/junit-jupiter-params/5.10.1/junit-jupiter-params-5.10.1.jar:/home/runner/.m2/repository/org/mockito/mockito-core/4.11.0/mockito-core-4.11.0.jar:/home/runner/.m2/repository/net/bytebuddy/byte-buddy/1.12.19/byte-buddy-1.12.19.jar:/home/runner/.m2/repository/net/bytebuddy/byte-buddy-agent/1.12.19/byte-buddy-agent-1.12.19.jar:/home/runner/.m2/repository/org/objenesis/objenesis/1.0/objenesis-1.0.jar:/home/runner/.m2/repository/org/mockito/mockito-junit-jupiter/4.11.0/mockito-junit-jupiter-4.11.0.jar:/home/runner/.m2/repository/org/apache/hadoop/hadoop-distcp/3.3.6/hadoop-distcp-3.3.6.jar:/home/runner/.m2/repository/org/apache/hadoop/hadoop-mapreduce-client-jobclient/3.3.6/hadoop-mapreduce-client-jobclient-3.3.6.jar:/home/runner/.m2/repository/org/apache/hadoop/hadoop-mapreduce-client-common/3.3.6/hadoop-mapreduce-client-common-3.3.6.jar:/home/runner/.m2/repository/org/apache/hadoop/hadoop-yarn-common/3.3.6/hadoop-yarn-common-3.3.6.jar:/home/runner/.m2/repository/org/apache/hadoop/hadoop-yarn-api/3.3.6/hadoop-yarn-api-3.3.6.jar:/home/runner/.m2/repository/javax/xml/bind/jaxb-api/2.2.11/jaxb-api-2.2.11.jar:/home/runner/.m2/repository/com/sun/jersey/contribs/jersey-guice/1.19.4/jersey-guice-1.19.4.jar:/home/runner/.m2/repository/com/fasterxml/jackson/jaxrs/jackson-jaxrs-json-provider/2.13.4/jackson-jaxrs-json-provider-2.13.4.jar:/home/runner/.m2/repository/com/fasterxml/jackson/jaxrs/jackson-jaxrs-base/2.13.4/jackson-jaxrs-base-2.13.4.jar:/home/runner/.m2/repository/org/apache/hadoop/hadoop-yarn-client/3.3.6/hadoop-yarn-client-3.3.6.jar:/home/runner/.m2/repository/org/eclipse/jetty/websocket/websocket-client/9.4.51.v20230217/websocket-client-9.4.51.v20230217.jar:/home/runner/.m2/repository/org/eclipse/jetty/websocket/websocket-common/9.4.51.v20230217/websocket-common-9.4.51.v20230217.jar:/home/runner/.m2/repository/org/eclipse/jetty/websocket/websocket-api/9.4.51.v20230217/websocket-api-9.4.51.v20230217.jar:/home/runner/.m2/repository/org/jline/jline/3.9.0/jline-3.9.0.jar:/home/runner/.m2/repository/org/apache/hadoop/hadoop-mapreduce-client-core/3.3.6/hadoop-mapreduce-client-core-3.3.6.jar:/home/runner/.m2/repository/org/apache/avro/avro/1.7.7/avro-1.7.7.jar:/home/runner/.m2/repository/com/thoughtworks/paranamer/paranamer/2.3/paranamer-2.3.jar:/home/runner/.m2/repository/org/apache/hadoop/hadoop-annotations/3.3.6/hadoop-annotations-3.3.6.jar:/usr/lib/jvm/temurin-8-jdk-amd64/jre/../lib/tools.jar:/home/runner/.m2/repository/io/netty/netty/3.10.6.Final/netty-3.10.6.Final.jar:/home/runner/.m2/repository/org/apache/hadoop/hadoop-distcp/3.3.6/hadoop-distcp-3.3.6-tests.jar:/home/runner/.m2/repository/org/hamcrest/hamcrest/2.2/hamcrest-2.2.jar:/home/runner/.m2/repository/org/slf4j/jul-to-slf4j/2.0.10/jul-to-slf4j-2.0.10.jar:/home/runner/work/ozone/ozone/hadoop-ozone/integration-test/target/gradle-enterprise/test-listeners.jar:"/>
    <property name="java.vm.vendor" value="Temurin"/>
    <property name="sun.arch.data.model" value="64"/>
    <property name="test.build.dir" value="/home/runner/work/ozone/ozone/hadoop-ozone/integration-test/target/test-dir"/>
    <property name="test.cache.data" value=""/>
    <property name="java.vendor.url" value="https://adoptium.net/"/>
    <property name="user.timezone" value="Etc/UTC"/>
    <property name="maven-surefire-plugin.argLineAccessArgs" value=""/>
    <property name="os.name" value="Linux"/>
    <property name="java.vm.specification.version" value="1.8"/>
    <property name="test.build.data" value="/home/runner/work/ozone/ozone/hadoop-ozone/integration-test/target/test-dir"/>
    <property name="sun.java.launcher" value="SUN_STANDARD"/>
    <property name="sun.boot.library.path" value="/usr/lib/jvm/temurin-8-jdk-amd64/jre/lib/amd64"/>
    <property name="sun.java.command" value="/home/runner/work/ozone/ozone/hadoop-ozone/integration-test/target/surefire/surefirebooter3788105759374173007.jar /home/runner/work/ozone/ozone/hadoop-ozone/integration-test/target/surefire 2024-01-26T11-33-50_319-jvmRun1 surefire4703352625007062429tmp surefire_281336792976081239719tmp"/>
    <property name="native.lib.tmp.dir" value="/tmp"/>
    <property name="surefire.test.class.path" value="/home/runner/work/ozone/ozone/hadoop-ozone/integration-test/target/test-classes:/home/runner/work/ozone/ozone/hadoop-ozone/integration-test/target/classes:/home/runner/.m2/repository/org/apache/ozone/ozone-common/1.5.0-SNAPSHOT/ozone-common-1.5.0-SNAPSHOT.jar:/home/runner/.m2/repository/io/grpc/grpc-netty/1.58.0/grpc-netty-1.58.0.jar:/home/runner/.m2/repository/io/grpc/grpc-core/1.58.0/grpc-core-1.58.0.jar:/home/runner/.m2/repository/com/google/android/annotations/4.1.1.4/annotations-4.1.1.4.jar:/home/runner/.m2/repository/org/codehaus/mojo/animal-sniffer-annotations/1.23/animal-sniffer-annotations-1.23.jar:/home/runner/.m2/repository/io/grpc/grpc-context/1.58.0/grpc-context-1.58.0.jar:/home/runner/.m2/repository/io/grpc/grpc-util/1.58.0/grpc-util-1.58.0.jar:/home/runner/.m2/repository/com/google/errorprone/error_prone_annotations/2.2.0/error_prone_annotations-2.2.0.jar:/home/runner/.m2/repository/io/perfmark/perfmark-api/0.26.0/perfmark-api-0.26.0.jar:/home/runner/.m2/repository/io/netty/netty-codec-http2/4.1.100.Final/netty-codec-http2-4.1.100.Final.jar:/home/runner/.m2/repository/io/netty/netty-common/4.1.100.Final/netty-common-4.1.100.Final.jar:/home/runner/.m2/repository/io/netty/netty-buffer/4.1.100.Final/netty-buffer-4.1.100.Final.jar:/home/runner/.m2/repository/io/netty/netty-codec-http/4.1.100.Final/netty-codec-http-4.1.100.Final.jar:/home/runner/.m2/repository/io/netty/netty-handler-proxy/4.1.100.Final/netty-handler-proxy-4.1.100.Final.jar:/home/runner/.m2/repository/io/netty/netty-codec-socks/4.1.100.Final/netty-codec-socks-4.1.100.Final.jar:/home/runner/.m2/repository/io/netty/netty-tcnative-boringssl-static/2.0.61.Final/netty-tcnative-boringssl-static-2.0.61.Final.jar:/home/runner/.m2/repository/io/netty/netty-tcnative-classes/2.0.61.Final/netty-tcnative-classes-2.0.61.Final.jar:/home/runner/.m2/repository/io/netty/netty-tcnative-boringssl-static/2.0.61.Final/netty-tcnative-boringssl-static-2.0.61.Final-linux-x86_64.jar:/home/runner/.m2/repository/io/netty/netty-tcnative-boringssl-static/2.0.61.Final/netty-tcnative-boringssl-static-2.0.61.Final-linux-aarch_64.jar:/home/runner/.m2/repository/io/netty/netty-tcnative-boringssl-static/2.0.61.Final/netty-tcnative-boringssl-static-2.0.61.Final-osx-x86_64.jar:/home/runner/.m2/repository/io/netty/netty-tcnative-boringssl-static/2.0.61.Final/netty-tcnative-boringssl-static-2.0.61.Final-osx-aarch_64.jar:/home/runner/.m2/repository/io/netty/netty-tcnative-boringssl-static/2.0.61.Final/netty-tcnative-boringssl-static-2.0.61.Final-windows-x86_64.jar:/home/runner/.m2/repository/org/apache/commons/commons-compress/1.25.0/commons-compress-1.25.0.jar:/home/runner/.m2/repository/org/apache/ozone/hdds-common/1.5.0-SNAPSHOT/hdds-common-1.5.0-SNAPSHOT.jar:/home/runner/.m2/repository/org/apache/ozone/hdds-client/1.5.0-SNAPSHOT/hdds-client-1.5.0-SNAPSHOT.jar:/home/runner/.m2/repository/org/apache/ozone/ozone-interface-client/1.5.0-SNAPSHOT/ozone-interface-client-1.5.0-SNAPSHOT.jar:/home/runner/.m2/repository/org/apache/hadoop/hadoop-hdfs-client/3.3.6/hadoop-hdfs-client-3.3.6.jar:/home/runner/.m2/repository/com/squareup/okhttp3/okhttp/4.12.0/okhttp-4.12.0.jar:/home/runner/.m2/repository/com/squareup/okio/okio/3.6.0/okio-3.6.0.jar:/home/runner/.m2/repository/com/squareup/okio/okio-jvm/3.6.0/okio-jvm-3.6.0.jar:/home/runner/.m2/repository/org/jetbrains/kotlin/kotlin-stdlib-jdk8/1.9.22/kotlin-stdlib-jdk8-1.9.22.jar:/home/runner/.m2/repository/org/jetbrains/kotlin/kotlin-stdlib-jdk7/1.9.22/kotlin-stdlib-jdk7-1.9.22.jar:/home/runner/.m2/repository/org/jetbrains/kotlin/kotlin-stdlib-common/1.9.22/kotlin-stdlib-common-1.9.22.jar:/home/runner/.m2/repository/org/apache/ozone/hdds-test-utils/1.5.0-SNAPSHOT/hdds-test-utils-1.5.0-SNAPSHOT.jar:/home/runner/.m2/repository/org/assertj/assertj-core/3.12.2/assertj-core-3.12.2.jar:/home/runner/.m2/repository/com/google/guava/guava/32.0.0-jre/guava-32.0.0-jre.jar:/home/runner/.m2/repository/com/google/guava/failureaccess/1.0.1/failureaccess-1.0.1.jar:/home/runner/.m2/repository/com/google/guava/listenablefuture/9999.0-empty-to-avoid-conflict-with-guava/listenablefuture-9999.0-empty-to-avoid-conflict-with-guava.jar:/home/runner/.m2/repository/com/google/code/findbugs/jsr305/3.0.0/jsr305-3.0.0.jar:/home/runner/.m2/repository/org/checkerframework/checker-qual/3.33.0/checker-qual-3.33.0.jar:/home/runner/.m2/repository/com/google/j2objc/j2objc-annotations/2.8/j2objc-annotations-2.8.jar:/home/runner/.m2/repository/commons-io/commons-io/2.11.0/commons-io-2.11.0.jar:/home/runner/.m2/repository/commons-logging/commons-logging/1.2/commons-logging-1.2.jar:/home/runner/.m2/repository/org/junit/jupiter/junit-jupiter-api/5.10.1/junit-jupiter-api-5.10.1.jar:/home/runner/.m2/repository/org/opentest4j/opentest4j/1.3.0/opentest4j-1.3.0.jar:/home/runner/.m2/repository/org/junit/platform/junit-platform-commons/1.10.1/junit-platform-commons-1.10.1.jar:/home/runner/.m2/repository/ch/qos/reload4j/reload4j/1.2.25/reload4j-1.2.25.jar:/home/runner/.m2/repository/org/slf4j/slf4j-api/2.0.10/slf4j-api-2.0.10.jar:/home/runner/.m2/repository/org/apache/logging/log4j/log4j-api/2.17.1/log4j-api-2.17.1.jar:/home/runner/.m2/repository/org/apache/ozone/hdds-server-scm/1.5.0-SNAPSHOT/hdds-server-scm-1.5.0-SNAPSHOT.jar:/home/runner/.m2/repository/com/google/protobuf/protobuf-java/2.5.0/protobuf-java-2.5.0.jar:/home/runner/.m2/repository/org/apache/ozone/hdds-container-service/1.5.0-SNAPSHOT/hdds-container-service-1.5.0-SNAPSHOT.jar:/home/runner/.m2/repository/org/apache/ozone/hdds-hadoop-dependency-server/1.5.0-SNAPSHOT/hdds-hadoop-dependency-server-1.5.0-SNAPSHOT.jar:/home/runner/.m2/repository/org/apache/hadoop/hadoop-hdfs/3.3.6/hadoop-hdfs-3.3.6.jar:/home/runner/.m2/repository/commons-daemon/commons-daemon/1.0.13/commons-daemon-1.0.13.jar:/home/runner/.m2/repository/org/apache/ozone/hdds-server-framework/1.5.0-SNAPSHOT/hdds-server-framework-1.5.0-SNAPSHOT.jar:/home/runner/.m2/repository/org/bouncycastle/bcprov-jdk15on/1.67/bcprov-jdk15on-1.67.jar:/home/runner/.m2/repository/io/dropwizard/metrics/metrics-core/3.2.4/metrics-core-3.2.4.jar:/home/runner/.m2/repository/org/apache/commons/commons-text/1.11.0/commons-text-1.11.0.jar:/home/runner/.m2/repository/org/apache/ozone/hdds-server-framework/1.5.0-SNAPSHOT/hdds-server-framework-1.5.0-SNAPSHOT-tests.jar:/home/runner/.m2/repository/org/apache/ozone/hdds-interface-server/1.5.0-SNAPSHOT/hdds-interface-server-1.5.0-SNAPSHOT.jar:/home/runner/.m2/repository/org/apache/ozone/hdds-interface-admin/1.5.0-SNAPSHOT/hdds-interface-admin-1.5.0-SNAPSHOT.jar:/home/runner/.m2/repository/org/apache/ozone/hdds-managed-rocksdb/1.5.0-SNAPSHOT/hdds-managed-rocksdb-1.5.0-SNAPSHOT.jar:/home/runner/.m2/repository/org/rocksdb/rocksdbjni/7.7.3/rocksdbjni-7.7.3.jar:/home/runner/.m2/repository/org/slf4j/slf4j-reload4j/2.0.10/slf4j-reload4j-2.0.10.jar:/home/runner/.m2/repository/org/apache/commons/commons-configuration2/2.8.0/commons-configuration2-2.8.0.jar:/home/runner/.m2/repository/commons-fileupload/commons-fileupload/1.5/commons-fileupload-1.5.jar:/home/runner/.m2/repository/org/apache/logging/log4j/log4j-core/2.17.1/log4j-core-2.17.1.jar:/home/runner/.m2/repository/com/lmax/disruptor/3.4.2/disruptor-3.4.2.jar:/home/runner/.m2/repository/org/eclipse/jetty/jetty-util/9.4.53.v20231009/jetty-util-9.4.53.v20231009.jar:/home/runner/.m2/repository/org/eclipse/jetty/jetty-server/9.4.53.v20231009/jetty-server-9.4.53.v20231009.jar:/home/runner/.m2/repository/org/eclipse/jetty/jetty-http/9.4.53.v20231009/jetty-http-9.4.53.v20231009.jar:/home/runner/.m2/repository/org/eclipse/jetty/jetty-io/9.4.53.v20231009/jetty-io-9.4.53.v20231009.jar:/home/runner/.m2/repository/org/eclipse/jetty/jetty-servlet/9.4.53.v20231009/jetty-servlet-9.4.53.v20231009.jar:/home/runner/.m2/repository/org/eclipse/jetty/jetty-security/9.4.53.v20231009/jetty-security-9.4.53.v20231009.jar:/home/runner/.m2/repository/org/eclipse/jetty/jetty-util-ajax/9.4.53.v20231009/jetty-util-ajax-9.4.53.v20231009.jar:/home/runner/.m2/repository/org/eclipse/jetty/jetty-webapp/9.4.53.v20231009/jetty-webapp-9.4.53.v20231009.jar:/home/runner/.m2/repository/org/eclipse/jetty/jetty-xml/9.4.53.v20231009/jetty-xml-9.4.53.v20231009.jar:/home/runner/.m2/repository/org/apache/ratis/ratis-server/3.0.1/ratis-server-3.0.1.jar:/home/runner/.m2/repository/org/apache/ratis/ratis-thirdparty-misc/1.0.5/ratis-thirdparty-misc-1.0.5.jar:/home/runner/.m2/repository/org/apache/ratis/ratis-proto/3.0.1/ratis-proto-3.0.1.jar:/home/runner/.m2/repository/org/apache/ratis/ratis-common/3.0.1/ratis-common-3.0.1.jar:/home/runner/.m2/repository/org/apache/ratis/ratis-client/3.0.1/ratis-client-3.0.1.jar:/home/runner/.m2/repository/org/apache/ratis/ratis-server-api/3.0.1/ratis-server-api-3.0.1.jar:/home/runner/.m2/repository/org/apache/ratis/ratis-metrics-api/3.0.1/ratis-metrics-api-3.0.1.jar:/home/runner/.m2/repository/org/apache/ratis/ratis-metrics-dropwizard3/3.0.1/ratis-metrics-dropwizard3-3.0.1.jar:/home/runner/.m2/repository/io/prometheus/simpleclient_dropwizard/0.16.0/simpleclient_dropwizard-0.16.0.jar:/home/runner/.m2/repository/io/prometheus/simpleclient/0.16.0/simpleclient-0.16.0.jar:/home/runner/.m2/repository/io/prometheus/simpleclient_common/0.16.0/simpleclient_common-0.16.0.jar:/home/runner/.m2/repository/com/fasterxml/jackson/datatype/jackson-datatype-jsr310/2.13.4/jackson-datatype-jsr310-2.13.4.jar:/home/runner/.m2/repository/com/fasterxml/jackson/core/jackson-core/2.13.4/jackson-core-2.13.4.jar:/home/runner/.m2/repository/org/apache/ozone/rocksdb-checkpoint-differ/1.5.0-SNAPSHOT/rocksdb-checkpoint-differ-1.5.0-SNAPSHOT.jar:/home/runner/.m2/repository/org/jgrapht/jgrapht-core/1.0.1/jgrapht-core-1.0.1.jar:/home/runner/.m2/repository/org/jgrapht/jgrapht-ext/1.0.1/jgrapht-ext-1.0.1.jar:/home/runner/.m2/repository/org/tinyjee/jgraphx/jgraphx/2.0.0.1/jgraphx-2.0.0.1.jar:/home/runner/.m2/repository/jgraph/jgraph/5.13.0.0/jgraph-5.13.0.0.jar:/home/runner/.m2/repository/org/antlr/antlr4-runtime/4.5.3/antlr4-runtime-4.5.3.jar:/home/runner/.m2/repository/org/apache/ozone/ozone-manager/1.5.0-SNAPSHOT/ozone-manager-1.5.0-SNAPSHOT.jar:/home/runner/.m2/repository/org/aspectj/aspectjrt/1.9.7/aspectjrt-1.9.7.jar:/home/runner/.m2/repository/org/aspectj/aspectjweaver/1.9.7/aspectjweaver-1.9.7.jar:/home/runner/.m2/repository/org/apache/ozone/hdds-interface-client/1.5.0-SNAPSHOT/hdds-interface-client-1.5.0-SNAPSHOT.jar:/home/runner/.m2/repository/org/apache/hadoop/thirdparty/hadoop-shaded-protobuf_3_7/1.1.1/hadoop-shaded-protobuf_3_7-1.1.1.jar:/home/runner/.m2/repository/org/apache/ozone/ozone-interface-storage/1.5.0-SNAPSHOT/ozone-interface-storage-1.5.0-SNAPSHOT.jar:/home/runner/.m2/repository/org/reflections/reflections/0.9.11/reflections-0.9.11.jar:/home/runner/.m2/repository/com/sun/jersey/jersey-client/1.19.4/jersey-client-1.19.4.jar:/home/runner/.m2/repository/org/codehaus/jackson/jackson-core-asl/1.9.13/jackson-core-asl-1.9.13.jar:/home/runner/.m2/repository/org/codehaus/jackson/jackson-mapper-asl/1.9.13/jackson-mapper-asl-1.9.13.jar:/home/runner/.m2/repository/org/codehaus/jackson/jackson-jaxrs/1.9.13/jackson-jaxrs-1.9.13.jar:/home/runner/.m2/repository/org/apache/ranger/ranger-intg/2.3.0/ranger-intg-2.3.0.jar:/home/runner/.m2/repository/org/apache/ranger/ranger-plugins-common/2.3.0/ranger-plugins-common-2.3.0.jar:/home/runner/.m2/repository/commons-lang/commons-lang/2.6/commons-lang-2.6.jar:/home/runner/.m2/repository/org/apache/ranger/ranger-plugins-cred/2.3.0/ranger-plugins-cred-2.3.0.jar:/home/runner/.m2/repository/org/apache/ranger/ranger-plugins-audit/2.3.0/ranger-plugins-audit-2.3.0.jar:/home/runner/.m2/repository/org/eclipse/jetty/jetty-client/9.4.53.v20231009/jetty-client-9.4.53.v20231009.jar:/home/runner/.m2/repository/org/apache/httpcomponents/httpmime/4.5.6/httpmime-4.5.6.jar:/home/runner/.m2/repository/org/apache/httpcomponents/httpcore-nio/4.4.16/httpcore-nio-4.4.16.jar:/home/runner/.m2/repository/org/apache/httpcomponents/httpasyncclient/4.1.3/httpasyncclient-4.1.3.jar:/home/runner/.m2/repository/com/carrotsearch/hppc/0.8.0/hppc-0.8.0.jar:/home/runner/.m2/repository/org/apache/orc/orc-core/1.5.8/orc-core-1.5.8.jar:/home/runner/.m2/repository/net/java/dev/jna/jna/5.2.0/jna-5.2.0.jar:/home/runner/.m2/repository/net/java/dev/jna/jna-platform/5.2.0/jna-platform-5.2.0.jar:/home/runner/.m2/repository/com/kstruct/gethostname4j/0.0.2/gethostname4j-0.0.2.jar:/home/runner/.m2/repository/org/apache/ranger/ranger-plugin-classloader/2.3.0/ranger-plugin-classloader-2.3.0.jar:/home/runner/.m2/repository/org/apache/ozone/hdds-rocks-native/1.5.0-SNAPSHOT/hdds-rocks-native-1.5.0-SNAPSHOT.jar:/home/runner/.m2/repository/org/apache/hadoop/hadoop-minikdc/3.3.6/hadoop-minikdc-3.3.6.jar:/home/runner/.m2/repository/org/apache/kerby/kerb-simplekdc/1.0.1/kerb-simplekdc-1.0.1.jar:/home/runner/.m2/repository/org/apache/kerby/kerb-client/1.0.1/kerb-client-1.0.1.jar:/home/runner/.m2/repository/org/apache/kerby/kerby-config/1.0.1/kerby-config-1.0.1.jar:/home/runner/.m2/repository/org/apache/kerby/kerb-common/1.0.1/kerb-common-1.0.1.jar:/home/runner/.m2/repository/org/apache/kerby/kerb-crypto/1.0.1/kerb-crypto-1.0.1.jar:/home/runner/.m2/repository/org/apache/kerby/kerb-util/1.0.1/kerb-util-1.0.1.jar:/home/runner/.m2/repository/org/apache/kerby/token-provider/1.0.1/token-provider-1.0.1.jar:/home/runner/.m2/repository/org/apache/kerby/kerb-admin/1.0.1/kerb-admin-1.0.1.jar:/home/runner/.m2/repository/org/apache/kerby/kerb-server/1.0.1/kerb-server-1.0.1.jar:/home/runner/.m2/repository/org/apache/kerby/kerb-identity/1.0.1/kerb-identity-1.0.1.jar:/home/runner/.m2/repository/org/apache/kerby/kerby-xdr/1.0.1/kerby-xdr-1.0.1.jar:/home/runner/.m2/repository/junit/junit/4.13.2/junit-4.13.2.jar:/home/runner/.m2/repository/org/hamcrest/hamcrest-core/1.3/hamcrest-core-1.3.jar:/home/runner/.m2/repository/org/apache/ozone/ozone-s3gateway/1.5.0-SNAPSHOT/ozone-s3gateway-1.5.0-SNAPSHOT.jar:/home/runner/.m2/repository/org/javassist/javassist/3.21.0-GA/javassist-3.21.0-GA.jar:/home/runner/.m2/repository/org/jboss/weld/servlet/weld-servlet-shaded/3.1.9.Final/weld-servlet-shaded-3.1.9.Final.jar:/home/runner/.m2/repository/org/glassfish/jersey/containers/jersey-container-servlet-core/2.41/jersey-container-servlet-core-2.41.jar:/home/runner/.m2/repository/org/glassfish/hk2/external/jakarta.inject/2.6.1/jakarta.inject-2.6.1.jar:/home/runner/.m2/repository/org/glassfish/jersey/core/jersey-common/2.41/jersey-common-2.41.jar:/home/runner/.m2/repository/jakarta/ws/rs/jakarta.ws.rs-api/2.1.6/jakarta.ws.rs-api-2.1.6.jar:/home/runner/.m2/repository/org/glassfish/jersey/ext/cdi/jersey-cdi1x/2.41/jersey-cdi1x-2.41.jar:/home/runner/.m2/repository/org/glassfish/jersey/inject/jersey-hk2/2.41/jersey-hk2-2.41.jar:/home/runner/.m2/repository/org/glassfish/hk2/hk2-locator/2.6.1/hk2-locator-2.6.1.jar:/home/runner/.m2/repository/org/glassfish/jersey/media/jersey-media-jaxb/2.41/jersey-media-jaxb-2.41.jar:/home/runner/.m2/repository/org/glassfish/hk2/osgi-resource-locator/1.0.3/osgi-resource-locator-1.0.3.jar:/home/runner/.m2/repository/org/glassfish/hk2/hk2-api/2.6.1/hk2-api-2.6.1.jar:/home/runner/.m2/repository/org/glassfish/hk2/hk2-utils/2.6.1/hk2-utils-2.6.1.jar:/home/runner/.m2/repository/org/glassfish/hk2/external/aopalliance-repackaged/2.6.1/aopalliance-repackaged-2.6.1.jar:/home/runner/.m2/repository/com/fasterxml/jackson/dataformat/jackson-dataformat-xml/2.13.4/jackson-dataformat-xml-2.13.4.jar:/home/runner/.m2/repository/org/codehaus/woodstox/stax2-api/4.2.2/stax2-api-4.2.2.jar:/home/runner/.m2/repository/com/fasterxml/woodstox/woodstox-core/5.4.0/woodstox-core-5.4.0.jar:/home/runner/.m2/repository/com/fasterxml/jackson/module/jackson-module-jaxb-annotations/2.13.4/jackson-module-jaxb-annotations-2.13.4.jar:/home/runner/.m2/repository/javax/enterprise/cdi-api/2.0/cdi-api-2.0.jar:/home/runner/.m2/repository/javax/el/javax.el-api/3.0.0/javax.el-api-3.0.0.jar:/home/runner/.m2/repository/javax/interceptor/javax.interceptor-api/1.2/javax.interceptor-api-1.2.jar:/home/runner/.m2/repository/javax/inject/javax.inject/1/javax.inject-1.jar:/home/runner/.m2/repository/jakarta/xml/bind/jakarta.xml.bind-api/2.3.3/jakarta.xml.bind-api-2.3.3.jar:/home/runner/.m2/repository/org/glassfish/jaxb/jaxb-runtime/2.3.9/jaxb-runtime-2.3.9.jar:/home/runner/.m2/repository/org/glassfish/jaxb/txw2/2.3.9/txw2-2.3.9.jar:/home/runner/.m2/repository/com/sun/istack/istack-commons-runtime/3.0.12/istack-commons-runtime-3.0.12.jar:/home/runner/.m2/repository/com/sun/activation/jakarta.activation/1.2.2/jakarta.activation-1.2.2.jar:/home/runner/.m2/repository/jakarta/activation/jakarta.activation-api/1.2.2/jakarta.activation-api-1.2.2.jar:/home/runner/.m2/repository/io/grpc/grpc-protobuf/1.58.0/grpc-protobuf-1.58.0.jar:/home/runner/.m2/repository/com/google/api/grpc/proto-google-common-protos/2.22.0/proto-google-common-protos-2.22.0.jar:/home/runner/.m2/repository/io/grpc/grpc-protobuf-lite/1.58.0/grpc-protobuf-lite-1.58.0.jar:/home/runner/.m2/repository/io/grpc/grpc-stub/1.58.0/grpc-stub-1.58.0.jar:/home/runner/.m2/repository/io/netty/netty-transport/4.1.100.Final/netty-transport-4.1.100.Final.jar:/home/runner/.m2/repository/io/netty/netty-resolver/4.1.100.Final/netty-resolver-4.1.100.Final.jar:/home/runner/.m2/repository/org/apache/ozone/ozone-csi/1.5.0-SNAPSHOT/ozone-csi-1.5.0-SNAPSHOT.jar:/home/runner/.m2/repository/com/google/protobuf/protobuf-java-util/3.19.6/protobuf-java-util-3.19.6.jar:/home/runner/.m2/repository/com/google/code/gson/gson/2.9.0/gson-2.9.0.jar:/home/runner/.m2/repository/org/apache/ozone/hdds-config/1.5.0-SNAPSHOT/hdds-config-1.5.0-SNAPSHOT.jar:/home/runner/.m2/repository/io/netty/netty-transport-native-epoll/4.1.100.Final/netty-transport-native-epoll-4.1.100.Final-linux-x86_64.jar:/home/runner/.m2/repository/io/netty/netty-transport-classes-epoll/4.1.100.Final/netty-transport-classes-epoll-4.1.100.Final.jar:/home/runner/.m2/repository/io/netty/netty-transport-native-unix-common/4.1.100.Final/netty-transport-native-unix-common-4.1.100.Final.jar:/home/runner/.m2/repository/org/apache/ozone/ozone-recon/1.5.0-SNAPSHOT/ozone-recon-1.5.0-SNAPSHOT.jar:/home/runner/.m2/repository/org/apache/ozone/ozone-reconcodegen/1.5.0-SNAPSHOT/ozone-reconcodegen-1.5.0-SNAPSHOT.jar:/home/runner/.m2/repository/com/google/inject/guice/5.1.0/guice-5.1.0.jar:/home/runner/.m2/repository/aopalliance/aopalliance/1.0/aopalliance-1.0.jar:/home/runner/.m2/repository/com/google/inject/extensions/guice-assistedinject/5.1.0/guice-assistedinject-5.1.0.jar:/home/runner/.m2/repository/com/google/inject/extensions/guice-servlet/5.1.0/guice-servlet-5.1.0.jar:/home/runner/.m2/repository/org/glassfish/jersey/containers/jersey-container-servlet/2.41/jersey-container-servlet-2.41.jar:/home/runner/.m2/repository/org/glassfish/hk2/guice-bridge/2.6.1/guice-bridge-2.6.1.jar:/home/runner/.m2/repository/org/glassfish/jersey/core/jersey-server/2.41/jersey-server-2.41.jar:/home/runner/.m2/repository/org/glassfish/jersey/core/jersey-client/2.41/jersey-client-2.41.jar:/home/runner/.m2/repository/jakarta/annotation/jakarta.annotation-api/1.3.5/jakarta.annotation-api-1.3.5.jar:/home/runner/.m2/repository/jakarta/validation/jakarta.validation-api/2.0.2/jakarta.validation-api-2.0.2.jar:/home/runner/.m2/repository/org/glassfish/jersey/media/jersey-media-json-jackson/2.41/jersey-media-json-jackson-2.41.jar:/home/runner/.m2/repository/org/glassfish/jersey/ext/jersey-entity-filtering/2.41/jersey-entity-filtering-2.41.jar:/home/runner/.m2/repository/org/jooq/jooq/3.11.10/jooq-3.11.10.jar:/home/runner/.m2/repository/org/jooq/jooq-meta/3.11.10/jooq-meta-3.11.10.jar:/home/runner/.m2/repository/org/jooq/jooq-codegen/3.11.10/jooq-codegen-3.11.10.jar:/home/runner/.m2/repository/com/jolbox/bonecp/0.8.0.RELEASE/bonecp-0.8.0.RELEASE.jar:/home/runner/.m2/repository/org/apache/derby/derby/10.14.2.0/derby-10.14.2.0.jar:/home/runner/.m2/repository/org/xerial/sqlite-jdbc/3.44.1.0/sqlite-jdbc-3.44.1.0.jar:/home/runner/.m2/repository/org/springframework/spring-jdbc/5.3.27/spring-jdbc-5.3.27.jar:/home/runner/.m2/repository/org/springframework/spring-beans/5.3.27/spring-beans-5.3.27.jar:/home/runner/.m2/repository/org/springframework/spring-core/5.3.27/spring-core-5.3.27.jar:/home/runner/.m2/repository/org/springframework/spring-tx/5.3.27/spring-tx-5.3.27.jar:/home/runner/.m2/repository/org/apache/ozone/ozone-client/1.5.0-SNAPSHOT/ozone-client-1.5.0-SNAPSHOT.jar:/home/runner/.m2/repository/org/apache/ozone/hdds-erasurecode/1.5.0-SNAPSHOT/hdds-erasurecode-1.5.0-SNAPSHOT.jar:/home/runner/.m2/repository/org/apache/ozone/ozone-filesystem/1.5.0-SNAPSHOT/ozone-filesystem-1.5.0-SNAPSHOT.jar:/home/runner/.m2/repository/org/apache/ozone/ozone-filesystem-common/1.5.0-SNAPSHOT/ozone-filesystem-common-1.5.0-SNAPSHOT.jar:/home/runner/.m2/repository/org/apache/ozone/ozone-tools/1.5.0-SNAPSHOT/ozone-tools-1.5.0-SNAPSHOT.jar:/home/runner/.m2/repository/com/amazonaws/aws-java-sdk-core/1.12.632/aws-java-sdk-core-1.12.632.jar:/home/runner/.m2/repository/org/apache/httpcomponents/httpclient/4.5.13/httpclient-4.5.13.jar:/home/runner/.m2/repository/org/apache/httpcomponents/httpcore/4.4.16/httpcore-4.4.16.jar:/home/runner/.m2/repository/software/amazon/ion/ion-java/1.0.2/ion-java-1.0.2.jar:/home/runner/.m2/repository/com/fasterxml/jackson/dataformat/jackson-dataformat-cbor/2.13.4/jackson-dataformat-cbor-2.13.4.jar:/home/runner/.m2/repository/joda-time/joda-time/2.12.5/joda-time-2.12.5.jar:/home/runner/.m2/repository/com/amazonaws/aws-java-sdk-s3/1.12.632/aws-java-sdk-s3-1.12.632.jar:/home/runner/.m2/repository/com/amazonaws/aws-java-sdk-kms/1.12.632/aws-java-sdk-kms-1.12.632.jar:/home/runner/.m2/repository/com/amazonaws/jmespath-java/1.12.632/jmespath-java-1.12.632.jar:/home/runner/.m2/repository/org/kohsuke/metainf-services/metainf-services/1.8/metainf-services-1.8.jar:/home/runner/.m2/repository/org/apache/ozone/hdds-tools/1.5.0-SNAPSHOT/hdds-tools-1.5.0-SNAPSHOT.jar:/home/runner/.m2/repository/org/apache/ratis/ratis-tools/3.0.1/ratis-tools-3.0.1.jar:/home/runner/.m2/repository/commons-cli/commons-cli/1.6.0/commons-cli-1.6.0.jar:/home/runner/.m2/repository/org/apache/commons/commons-lang3/3.14.0/commons-lang3-3.14.0.jar:/home/runner/.m2/repository/org/apache/ozone/ozone-manager/1.5.0-SNAPSHOT/ozone-manager-1.5.0-SNAPSHOT-tests.jar:/home/runner/.m2/repository/org/apache/ozone/hdds-common/1.5.0-SNAPSHOT/hdds-common-1.5.0-SNAPSHOT-tests.jar:/home/runner/.m2/repository/org/apache/ozone/hdds-hadoop-dependency-client/1.5.0-SNAPSHOT/hdds-hadoop-dependency-client-1.5.0-SNAPSHOT.jar:/home/runner/.m2/repository/info/picocli/picocli/4.7.5/picocli-4.7.5.jar:/home/runner/.m2/repository/com/fasterxml/jackson/core/jackson-annotations/2.13.4/jackson-annotations-2.13.4.jar:/home/runner/.m2/repository/org/apache/ozone/hdds-annotation-processing/1.5.0-SNAPSHOT/hdds-annotation-processing-1.5.0-SNAPSHOT.jar:/home/runner/.m2/repository/javax/annotation/javax.annotation-api/1.3.2/javax.annotation-api-1.3.2.jar:/home/runner/.m2/repository/org/apache/ratis/ratis-netty/3.0.1/ratis-netty-3.0.1.jar:/home/runner/.m2/repository/org/apache/ratis/ratis-grpc/3.0.1/ratis-grpc-3.0.1.jar:/home/runner/.m2/repository/org/apache/commons/commons-pool2/2.6.0/commons-pool2-2.6.0.jar:/home/runner/.m2/repository/org/bouncycastle/bcpkix-jdk15on/1.67/bcpkix-jdk15on-1.67.jar:/home/runner/.m2/repository/commons-validator/commons-validator/1.6/commons-validator-1.6.jar:/home/runner/.m2/repository/commons-beanutils/commons-beanutils/1.9.4/commons-beanutils-1.9.4.jar:/home/runner/.m2/repository/commons-digester/commons-digester/1.8.1/commons-digester-1.8.1.jar:/home/runner/.m2/repository/commons-collections/commons-collections/3.2.2/commons-collections-3.2.2.jar:/home/runner/.m2/repository/io/jaegertracing/jaeger-client/1.6.0/jaeger-client-1.6.0.jar:/home/runner/.m2/repository/io/jaegertracing/jaeger-thrift/1.6.0/jaeger-thrift-1.6.0.jar:/home/runner/.m2/repository/org/apache/thrift/libthrift/0.14.1/libthrift-0.14.1.jar:/home/runner/.m2/repository/io/jaegertracing/jaeger-core/1.6.0/jaeger-core-1.6.0.jar:/home/runner/.m2/repository/io/jaegertracing/jaeger-tracerresolver/1.6.0/jaeger-tracerresolver-1.6.0.jar:/home/runner/.m2/repository/io/opentracing/contrib/opentracing-tracerresolver/0.1.8/opentracing-tracerresolver-0.1.8.jar:/home/runner/.m2/repository/org/jetbrains/kotlin/kotlin-stdlib/1.9.22/kotlin-stdlib-1.9.22.jar:/home/runner/.m2/repository/org/jetbrains/annotations/13.0/annotations-13.0.jar:/home/runner/.m2/repository/io/opentracing/opentracing-util/0.33.0/opentracing-util-0.33.0.jar:/home/runner/.m2/repository/io/opentracing/opentracing-api/0.33.0/opentracing-api-0.33.0.jar:/home/runner/.m2/repository/io/opentracing/opentracing-noop/0.33.0/opentracing-noop-0.33.0.jar:/home/runner/.m2/repository/org/yaml/snakeyaml/2.0/snakeyaml-2.0.jar:/home/runner/.m2/repository/io/grpc/grpc-api/1.58.0/grpc-api-1.58.0.jar:/home/runner/.m2/repository/org/junit/jupiter/junit-jupiter-engine/5.10.1/junit-jupiter-engine-5.10.1.jar:/home/runner/.m2/repository/org/junit/platform/junit-platform-engine/1.10.1/junit-platform-engine-1.10.1.jar:/home/runner/.m2/repository/org/apiguardian/apiguardian-api/1.1.2/apiguardian-api-1.1.2.jar:/home/runner/.m2/repository/org/junit/platform/junit-platform-launcher/1.10.1/junit-platform-launcher-1.10.1.jar:/home/runner/.m2/repository/org/apache/hadoop/hadoop-kms/3.3.6/hadoop-kms-3.3.6.jar:/home/runner/.m2/repository/org/apache/hadoop/hadoop-auth/3.3.6/hadoop-auth-3.3.6.jar:/home/runner/.m2/repository/com/nimbusds/nimbus-jose-jwt/9.8.1/nimbus-jose-jwt-9.8.1.jar:/home/runner/.m2/repository/com/github/stephenc/jcip/jcip-annotations/1.0-1/jcip-annotations-1.0-1.jar:/home/runner/.m2/repository/org/apache/zookeeper/zookeeper/3.7.2/zookeeper-3.7.2.jar:/home/runner/.m2/repository/org/apache/zookeeper/zookeeper-jute/3.7.2/zookeeper-jute-3.7.2.jar:/home/runner/.m2/repository/org/apache/yetus/audience-annotations/0.12.0/audience-annotations-0.12.0.jar:/home/runner/.m2/repository/org/apache/curator/curator-framework/4.2.0/curator-framework-4.2.0.jar:/home/runner/.m2/repository/org/apache/hadoop/thirdparty/hadoop-shaded-guava/1.1.1/hadoop-shaded-guava-1.1.1.jar:/home/runner/.m2/repository/com/sun/jersey/jersey-core/1.19.4/jersey-core-1.19.4.jar:/home/runner/.m2/repository/javax/ws/rs/jsr311-api/1.1.1/jsr311-api-1.1.1.jar:/home/runner/.m2/repository/com/sun/jersey/jersey-server/1.19.4/jersey-server-1.19.4.jar:/home/runner/.m2/repository/javax/servlet/javax.servlet-api/3.1.0/javax.servlet-api-3.1.0.jar:/home/runner/.m2/repository/org/apache/hadoop/hadoop-common/3.3.6/hadoop-common-3.3.6.jar:/home/runner/.m2/repository/org/apache/commons/commons-math3/3.1.1/commons-math3-3.1.1.jar:/home/runner/.m2/repository/commons-net/commons-net/3.10.0/commons-net-3.10.0.jar:/home/runner/.m2/repository/com/sun/jersey/jersey-servlet/1.19.4/jersey-servlet-1.19.4.jar:/home/runner/.m2/repository/com/github/pjfanning/jersey-json/1.20/jersey-json-1.20.jar:/home/runner/.m2/repository/org/codehaus/jettison/jettison/1.1/jettison-1.1.jar:/home/runner/.m2/repository/com/sun/xml/bind/jaxb-impl/2.2.3-1/jaxb-impl-2.2.3-1.jar:/home/runner/.m2/repository/com/google/re2j/re2j/1.7/re2j-1.7.jar:/home/runner/.m2/repository/com/jcraft/jsch/0.1.54/jsch-0.1.54.jar:/home/runner/.m2/repository/org/apache/curator/curator-client/4.2.0/curator-client-4.2.0.jar:/home/runner/.m2/repository/org/apache/curator/curator-recipes/5.2.0/curator-recipes-5.2.0.jar:/home/runner/.m2/repository/org/apache/kerby/kerb-core/1.0.1/kerb-core-1.0.1.jar:/home/runner/.m2/repository/org/apache/kerby/kerby-pkix/1.0.1/kerby-pkix-1.0.1.jar:/home/runner/.m2/repository/org/apache/kerby/kerby-asn1/1.0.1/kerby-asn1-1.0.1.jar:/home/runner/.m2/repository/org/apache/kerby/kerby-util/1.0.1/kerby-util-1.0.1.jar:/home/runner/.m2/repository/dnsjava/dnsjava/2.1.7/dnsjava-2.1.7.jar:/home/runner/.m2/repository/org/xerial/snappy/snappy-java/1.1.8.2/snappy-java-1.1.8.2.jar:/home/runner/.m2/repository/com/fasterxml/jackson/core/jackson-databind/2.13.4.2/jackson-databind-2.13.4.2.jar:/home/runner/.m2/repository/org/apache/hadoop/hadoop-kms/3.3.6/hadoop-kms-3.3.6-tests.jar:/home/runner/.m2/repository/org/apache/ozone/hdds-server-scm/1.5.0-SNAPSHOT/hdds-server-scm-1.5.0-SNAPSHOT-tests.jar:/home/runner/.m2/repository/org/apache/ozone/hdds-container-service/1.5.0-SNAPSHOT/hdds-container-service-1.5.0-SNAPSHOT-tests.jar:/home/runner/.m2/repository/com/github/luben/zstd-jni/1.5.2-5/zstd-jni-1.5.2-5.jar:/home/runner/.m2/repository/commons-codec/commons-codec/1.15/commons-codec-1.15.jar:/home/runner/.m2/repository/io/netty/netty-codec/4.1.100.Final/netty-codec-4.1.100.Final.jar:/home/runner/.m2/repository/io/netty/netty-handler/4.1.100.Final/netty-handler-4.1.100.Final.jar:/home/runner/.m2/repository/org/apache/ozone/hdds-hadoop-dependency-test/1.5.0-SNAPSHOT/hdds-hadoop-dependency-test-1.5.0-SNAPSHOT.jar:/home/runner/.m2/repository/org/apache/hadoop/hadoop-common/3.3.6/hadoop-common-3.3.6-tests.jar:/home/runner/.m2/repository/org/apache/hadoop/hadoop-hdfs/3.3.6/hadoop-hdfs-3.3.6-tests.jar:/home/runner/.m2/repository/org/junit/jupiter/junit-jupiter-params/5.10.1/junit-jupiter-params-5.10.1.jar:/home/runner/.m2/repository/org/mockito/mockito-core/4.11.0/mockito-core-4.11.0.jar:/home/runner/.m2/repository/net/bytebuddy/byte-buddy/1.12.19/byte-buddy-1.12.19.jar:/home/runner/.m2/repository/net/bytebuddy/byte-buddy-agent/1.12.19/byte-buddy-agent-1.12.19.jar:/home/runner/.m2/repository/org/objenesis/objenesis/1.0/objenesis-1.0.jar:/home/runner/.m2/repository/org/mockito/mockito-junit-jupiter/4.11.0/mockito-junit-jupiter-4.11.0.jar:/home/runner/.m2/repository/org/apache/hadoop/hadoop-distcp/3.3.6/hadoop-distcp-3.3.6.jar:/home/runner/.m2/repository/org/apache/hadoop/hadoop-mapreduce-client-jobclient/3.3.6/hadoop-mapreduce-client-jobclient-3.3.6.jar:/home/runner/.m2/repository/org/apache/hadoop/hadoop-mapreduce-client-common/3.3.6/hadoop-mapreduce-client-common-3.3.6.jar:/home/runner/.m2/repository/org/apache/hadoop/hadoop-yarn-common/3.3.6/hadoop-yarn-common-3.3.6.jar:/home/runner/.m2/repository/org/apache/hadoop/hadoop-yarn-api/3.3.6/hadoop-yarn-api-3.3.6.jar:/home/runner/.m2/repository/javax/xml/bind/jaxb-api/2.2.11/jaxb-api-2.2.11.jar:/home/runner/.m2/repository/com/sun/jersey/contribs/jersey-guice/1.19.4/jersey-guice-1.19.4.jar:/home/runner/.m2/repository/com/fasterxml/jackson/jaxrs/jackson-jaxrs-json-provider/2.13.4/jackson-jaxrs-json-provider-2.13.4.jar:/home/runner/.m2/repository/com/fasterxml/jackson/jaxrs/jackson-jaxrs-base/2.13.4/jackson-jaxrs-base-2.13.4.jar:/home/runner/.m2/repository/org/apache/hadoop/hadoop-yarn-client/3.3.6/hadoop-yarn-client-3.3.6.jar:/home/runner/.m2/repository/org/eclipse/jetty/websocket/websocket-client/9.4.51.v20230217/websocket-client-9.4.51.v20230217.jar:/home/runner/.m2/repository/org/eclipse/jetty/websocket/websocket-common/9.4.51.v20230217/websocket-common-9.4.51.v20230217.jar:/home/runner/.m2/repository/org/eclipse/jetty/websocket/websocket-api/9.4.51.v20230217/websocket-api-9.4.51.v20230217.jar:/home/runner/.m2/repository/org/jline/jline/3.9.0/jline-3.9.0.jar:/home/runner/.m2/repository/org/apache/hadoop/hadoop-mapreduce-client-core/3.3.6/hadoop-mapreduce-client-core-3.3.6.jar:/home/runner/.m2/repository/org/apache/avro/avro/1.7.7/avro-1.7.7.jar:/home/runner/.m2/repository/com/thoughtworks/paranamer/paranamer/2.3/paranamer-2.3.jar:/home/runner/.m2/repository/org/apache/hadoop/hadoop-annotations/3.3.6/hadoop-annotations-3.3.6.jar:/usr/lib/jvm/temurin-8-jdk-amd64/jre/../lib/tools.jar:/home/runner/.m2/repository/io/netty/netty/3.10.6.Final/netty-3.10.6.Final.jar:/home/runner/.m2/repository/org/apache/hadoop/hadoop-distcp/3.3.6/hadoop-distcp-3.3.6-tests.jar:/home/runner/.m2/repository/org/hamcrest/hamcrest/2.2/hamcrest-2.2.jar:/home/runner/.m2/repository/org/slf4j/jul-to-slf4j/2.0.10/jul-to-slf4j-2.0.10.jar:/home/runner/work/ozone/ozone/hadoop-ozone/integration-test/target/gradle-enterprise/test-listeners.jar:"/>
    <property name="sun.cpu.endian" value="little"/>
    <property name="user.home" value="/home/runner"/>
    <property name="user.language" value="en"/>
    <property name="java.specification.vendor" value="Oracle Corporation"/>
    <property name="java.home" value="/usr/lib/jvm/temurin-8-jdk-amd64/jre"/>
    <property name="java.security.krb5.conf" value="/home/runner/work/ozone/ozone/hadoop-ozone/integration-test/target/test-classes/krb5.conf"/>
    <property name="file.separator" value="/"/>
    <property name="basedir" value="/home/runner/work/ozone/ozone/hadoop-ozone/integration-test"/>
    <property name="line.separator" value="&#10;"/>
    <property name="java.vm.specification.vendor" value="Oracle Corporation"/>
    <property name="java.specification.name" value="Java Platform API Specification"/>
    <property name="skip.installnpx" value="true"/>
    <property name="java.awt.graphicsenv" value="sun.awt.X11GraphicsEnvironment"/>
    <property name="surefire.real.class.path" value="/home/runner/work/ozone/ozone/hadoop-ozone/integration-test/target/surefire/surefirebooter3788105759374173007.jar:/home/runner/.m2/repository/org/jacoco/org.jacoco.agent/0.8.5/org.jacoco.agent-0.8.5-runtime.jar"/>
    <property name="sun.boot.class.path" value="/usr/lib/jvm/temurin-8-jdk-amd64/jre/lib/resources.jar:/usr/lib/jvm/temurin-8-jdk-amd64/jre/lib/rt.jar:/usr/lib/jvm/temurin-8-jdk-amd64/jre/lib/sunrsasign.jar:/usr/lib/jvm/temurin-8-jdk-amd64/jre/lib/jsse.jar:/usr/lib/jvm/temurin-8-jdk-amd64/jre/lib/jce.jar:/usr/lib/jvm/temurin-8-jdk-amd64/jre/lib/charsets.jar:/usr/lib/jvm/temurin-8-jdk-amd64/jre/lib/jfr.jar:/usr/lib/jvm/temurin-8-jdk-amd64/jre/classes"/>
    <property name="hadoop.log.dir" value="/home/runner/work/ozone/ozone/hadoop-ozone/integration-test/target/log"/>
    <property name="sun.management.compiler" value="HotSpot 64-Bit Tiered Compilers"/>
    <property name="java.runtime.version" value="1.8.0_392-b08"/>
    <property name="skip.npx" value="true"/>
    <property name="user.name" value="runner"/>
    <property name="java.net.preferIPv4Stack" value="true"/>
    <property name="path.separator" value=":"/>
    <property name="java.security.egd" value="file:///dev/urandom"/>
    <property name="os.version" value="5.15.0-1053-azure"/>
    <property name="java.endorsed.dirs" value="/usr/lib/jvm/temurin-8-jdk-amd64/jre/lib/endorsed"/>
    <property name="java.runtime.name" value="OpenJDK Runtime Environment"/>
    <property name="com.gradle.maven.scan.extension.test.listener.junitplatform.NestedExecutionSafeDelegatingTestExecutionListener" value="1d296da"/>
    <property name="file.encoding" value="UTF-8"/>
    <property name="java.vm.name" value="OpenJDK 64-Bit Server VM"/>
    <property name="test.build.webapps" value=""/>
    <property name="localRepository" value="/home/runner/.m2/repository"/>
    <property name="gradle.enterprise.listener.port" value="44715"/>
    <property name="jetty.git.hash" value="27bde00a0b95a1d5bbee0eae7984f891d2d0f8c9"/>
    <property name="java.vendor.url.bug" value="https://github.com/adoptium/adoptium-support/issues"/>
    <property name="require.test.libhadoop" value=""/>
    <property name="java.io.tmpdir" value="/tmp"/>
    <property name="java.version" value="1.8.0_392"/>
    <property name="user.dir" value="/home/runner/work/ozone/ozone/hadoop-ozone/integration-test"/>
    <property name="os.arch" value="amd64"/>
    <property name="test.build.classes" value="/home/runner/work/ozone/ozone/hadoop-ozone/integration-test/target/test-classes"/>
    <property name="java.vm.specification.name" value="Java Virtual Machine Specification"/>
    <property name="java.awt.printerjob" value="sun.print.PSPrinterJob"/>
    <property name="sun.os.patch.level" value="unknown"/>
    <property name="org.apache.ratis.thirdparty.io.netty.allocator.useCacheForAllThreads" value="false"/>
    <property name="hadoop.tmp.dir" value="/home/runner/work/ozone/ozone/hadoop-ozone/integration-test/target/tmp"/>
    <property name="java.library.path" value="/usr/java/packages/lib/amd64:/usr/lib64:/lib64:/lib:/usr/lib"/>
    <property name="java.vendor" value="Temurin"/>
    <property name="java.vm.info" value="mixed mode"/>
    <property name="java.vm.version" value="25.392-b08"/>
    <property name="java.specification.maintenance.version" value="5"/>
    <property name="sun.io.unicode.encoding" value="UnicodeLittle"/>
    <property name="java.ext.dirs" value="/usr/lib/jvm/temurin-8-jdk-amd64/jre/lib/ext:/usr/java/packages/lib/ext"/>
    <property name="java.class.version" value="52.0"/>
  </properties>
  <testcase name="ofs" classname="org.apache.hadoop.fs.ozone.TestSafeMode" time="31.606">
    <system-out><![CDATA[2024-01-26 11:56:02,567 [Mini-Cluster-Provider-Create] WARN  server.ServerUtils (ServerUtils.java:getScmDbDir(155)) - ozone.scm.db.dirs is not configured. We recommend adding this setting. Falling back to ozone.metadata.dirs instead.
2024-01-26 11:56:02,863 [Mini-Cluster-Provider-Create] WARN  server.ServerUtils (ServerUtils.java:getScmDbDir(155)) - ozone.scm.db.dirs is not configured. We recommend adding this setting. Falling back to ozone.metadata.dirs instead.
2024-01-26 11:56:02,866 [Mini-Cluster-Provider-Create] INFO  ha.SCMHANodeDetails (SCMHANodeDetails.java:loadSCMHAConfig(207)) - ServiceID for StorageContainerManager is null
2024-01-26 11:56:02,874 [Mini-Cluster-Provider-Create] WARN  ha.SCMHANodeDetails (SCMHANodeDetails.java:validateSCMHAConfig(180)) - Default/Configured value of config ozone.scm.ratis.enable conflicts with the expected value. Default/Configured: true. Expected: false. Falling back to the expected value. Current State of SCM: SCM is running without Ratis. Ratis SCM -> Non Ratis SCM is not supported.
2024-01-26 11:56:02,874 [Mini-Cluster-Provider-Create] INFO  ha.SCMHANodeDetails (SCMHANodeDetails.java:loadSCMHAConfig(212)) - ozone.scm.default.service.id is not defined, falling back to ozone.scm.service.ids to find serviceID for StorageContainerManager if it is HA enabled cluster
2024-01-26 11:56:03,424 [Mini-Cluster-Provider-Create] WARN  utils.HAUtils (HAUtils.java:getMetaDir(339)) - ozone.scm.db.dirs is not configured. We recommend adding this setting. Falling back to ozone.metadata.dirs instead.
2024-01-26 11:56:03,538 [Mini-Cluster-Provider-Create] WARN  db.DBStoreBuilder (DBStoreBuilder.java:applyDBDefinition(170)) - ozone.scm.db.dirs is not configured. We recommend adding this setting. Falling back to ozone.metadata.dirs instead.
2024-01-26 11:56:03,545 [Mini-Cluster-Provider-Create] INFO  utils.LeakDetector (LeakDetector.java:start(73)) - Starting leak detector thread ManagedRocksObject0.
2024-01-26 11:56:03,705 [Mini-Cluster-Provider-Create] INFO  net.NodeSchemaLoader (NodeSchemaLoader.java:loadSchemaFromFile(129)) - Loading schema from [jar:file:/home/runner/.m2/repository/org/apache/ozone/hdds-common/1.5.0-SNAPSHOT/hdds-common-1.5.0-SNAPSHOT.jar!/network-topology-default.xml]
2024-01-26 11:56:03,707 [Mini-Cluster-Provider-Create] INFO  net.NodeSchemaLoader (NodeSchemaLoader.java:loadSchema(176)) - Loading network topology layer schema file
2024-01-26 11:56:03,738 [Mini-Cluster-Provider-Create] INFO  metrics.MetricRegistries (MetricRegistriesLoader.java:load(64)) - Loaded MetricRegistries class org.apache.ratis.metrics.dropwizard3.Dm3MetricRegistriesImpl
2024-01-26 11:56:03,758 [Mini-Cluster-Provider-Create] INFO  upgrade.AbstractLayoutVersionManager (AbstractLayoutVersionManager.java:init(83)) - Initializing Layout version manager with metadata layout = HADOOP_PRC_PORTS_IN_DATANODEDETAILS (version = 7), software layout = HADOOP_PRC_PORTS_IN_DATANODEDETAILS (version = 7)
2024-01-26 11:56:03,910 [Mini-Cluster-Provider-Create] INFO  ha.SequenceIdGenerator (SequenceIdGenerator.java:upgradeToSequenceId(370)) - upgrade localId to 113750153625600000
2024-01-26 11:56:03,911 [Mini-Cluster-Provider-Create] INFO  ha.SequenceIdGenerator (SequenceIdGenerator.java:upgradeToSequenceId(380)) - upgrade delTxnId to 0
2024-01-26 11:56:03,917 [Mini-Cluster-Provider-Create] INFO  ha.SequenceIdGenerator (SequenceIdGenerator.java:upgradeToSequenceId(397)) - upgrade containerId to 0
2024-01-26 11:56:03,919 [Mini-Cluster-Provider-Create] INFO  ha.SequenceIdGenerator (SequenceIdGenerator.java:upgradeToCertificateSequenceId(444)) - upgrade CertificateId to 2
2024-01-26 11:56:03,920 [Mini-Cluster-Provider-Create] INFO  ha.SequenceIdGenerator (SequenceIdGenerator.java:<init>(241)) - Init the HA SequenceIdGenerator.
2024-01-26 11:56:03,971 [Mini-Cluster-Provider-Create] WARN  server.ServerUtils (ServerUtils.java:sanitizeUserArgs(80)) - ozone.scm.stale.node.interval value = 300000 is larger than max = 100000 based on the key value of ozone.scm.heartbeat.thread.interval, reset to the max value 100000.
2024-01-26 11:56:03,971 [Mini-Cluster-Provider-Create] WARN  server.ServerUtils (ServerUtils.java:sanitizeUserArgs(80)) - ozone.scm.stale.node.interval value = 300000 is larger than max = 100000 based on the key value of ozone.scm.heartbeat.thread.interval, reset to the max value 100000.
2024-01-26 11:56:03,976 [Mini-Cluster-Provider-Create] INFO  node.SCMNodeManager (SCMNodeManager.java:<init>(177)) - Entering startup safe mode.
2024-01-26 11:56:03,989 [Mini-Cluster-Provider-Create] INFO  algorithms.ContainerPlacementPolicyFactory (ContainerPlacementPolicyFactory.java:getPolicyInternal(86)) - Create container placement policy of type org.apache.hadoop.hdds.scm.container.placement.algorithms.SCMContainerPlacementRackAware
2024-01-26 11:56:03,992 [Mini-Cluster-Provider-Create] INFO  algorithms.ContainerPlacementPolicyFactory (ContainerPlacementPolicyFactory.java:getPolicyInternal(86)) - Create container placement policy of type org.apache.hadoop.hdds.scm.container.placement.algorithms.SCMContainerPlacementRackScatter
2024-01-26 11:56:04,001 [Mini-Cluster-Provider-Create] INFO  pipeline.PipelineStateManagerImpl (PipelineStateManagerImpl.java:initialize(78)) - No pipeline exists in current db
2024-01-26 11:56:04,014 [Mini-Cluster-Provider-Create] INFO  algorithms.LeaderChoosePolicyFactory (LeaderChoosePolicyFactory.java:getPolicy(57)) - Create leader choose policy of type org.apache.hadoop.hdds.scm.pipeline.leader.choose.algorithms.MinLeaderCountChoosePolicy
2024-01-26 11:56:04,014 [Mini-Cluster-Provider-Create] INFO  algorithms.ContainerPlacementPolicyFactory (ContainerPlacementPolicyFactory.java:getPolicyInternal(86)) - Create container placement policy of type org.apache.hadoop.hdds.scm.container.placement.algorithms.SCMContainerPlacementRackScatter
2024-01-26 11:56:04,024 [Mini-Cluster-Provider-Create] INFO  ha.SCMServiceManager (SCMServiceManager.java:register(42)) - Registering service BackgroundPipelineCreator.
2024-01-26 11:56:04,024 [Mini-Cluster-Provider-Create] INFO  pipeline.BackgroundPipelineCreator (BackgroundPipelineCreator.java:start(127)) - Starting RatisPipelineUtilsThread.
2024-01-26 11:56:04,027 [Mini-Cluster-Provider-Create] INFO  BackgroundPipelineScrubber (BackgroundSCMService.java:start(68)) - Starting BackgroundPipelineScrubber Service.
2024-01-26 11:56:04,028 [Mini-Cluster-Provider-Create] INFO  ha.SCMServiceManager (SCMServiceManager.java:register(42)) - Registering service BackgroundPipelineScrubber.
2024-01-26 11:56:04,034 [Mini-Cluster-Provider-Create] INFO  ExpiredContainerReplicaOpScrubber (BackgroundSCMService.java:start(68)) - Starting ExpiredContainerReplicaOpScrubber Service.
2024-01-26 11:56:04,035 [Mini-Cluster-Provider-Create] INFO  ha.SCMServiceManager (SCMServiceManager.java:register(42)) - Registering service ExpiredContainerReplicaOpScrubber.
2024-01-26 11:56:04,057 [Mini-Cluster-Provider-Create] INFO  algorithms.PipelineChoosePolicyFactory (PipelineChoosePolicyFactory.java:createPipelineChoosePolicyFromClass(80)) - Create pipeline choose policy of type org.apache.hadoop.hdds.scm.pipeline.choose.algorithms.RandomPipelineChoosePolicy
2024-01-26 11:56:04,058 [Mini-Cluster-Provider-Create] INFO  algorithms.PipelineChoosePolicyFactory (PipelineChoosePolicyFactory.java:createPipelineChoosePolicyFromClass(80)) - Create pipeline choose policy of type org.apache.hadoop.hdds.scm.pipeline.choose.algorithms.RandomPipelineChoosePolicy
2024-01-26 11:56:04,085 [Mini-Cluster-Provider-Create] INFO  ha.SCMServiceManager (SCMServiceManager.java:register(42)) - Registering service SCMBlockDeletingService.
2024-01-26 11:56:04,141 [Mini-Cluster-Provider-Create] INFO  replication.ReplicationManager (ReplicationManager.java:start(294)) - Starting Replication Monitor Thread.
2024-01-26 11:56:04,143 [ReplicationMonitor] INFO  replication.ReplicationManager (ReplicationManager.java:processAll(369)) - Replication Manager is not ready to run until 3000ms after safemode exit
2024-01-26 11:56:04,143 [Mini-Cluster-Provider-Create] INFO  ha.SCMServiceManager (SCMServiceManager.java:register(42)) - Registering service ReplicationManager.
2024-01-26 11:56:04,152 [Mini-Cluster-Provider-Create] INFO  safemode.ContainerSafeModeRule (ContainerSafeModeRule.java:<init>(91)) - containers with one replica threshold count 0
2024-01-26 11:56:04,155 [Mini-Cluster-Provider-Create] INFO  safemode.HealthyPipelineSafeModeRule (HealthyPipelineSafeModeRule.java:initializeRule(176)) - Total pipeline count is 0, healthy pipeline threshold count is 1
2024-01-26 11:56:04,157 [Mini-Cluster-Provider-Create] INFO  safemode.OneReplicaPipelineSafeModeRule (OneReplicaPipelineSafeModeRule.java:initializeRule(193)) - Total pipeline count is 0, pipeline's with at least one datanode reported threshold count is 0
2024-01-26 11:56:04,191 [Mini-Cluster-Provider-Create] INFO  server.StorageContainerManager (StorageContainerManager.java:<init>(440)) - SCM start with adminUsers: [runner]
2024-01-26 11:56:04,480 [Mini-Cluster-Provider-Create] INFO  audit.AuditLogger (AuditLogger.java:refreshDebugCmdSet(130)) - Refresh DebugCmdSet for SCMAudit to [].
2024-01-26 11:56:04,510 [Mini-Cluster-Provider-Create] INFO  ipc.CallQueueManager (CallQueueManager.java:<init>(90)) - Using callQueue: class java.util.concurrent.LinkedBlockingQueue, queueCapacity: 10000, scheduler: class org.apache.hadoop.ipc.DefaultRpcScheduler, ipcBackoff: false.
2024-01-26 11:56:04,544 [Mini-Cluster-Provider-Create] INFO  ipc.Server (Server.java:<init>(1287)) - Listener at 0.0.0.0:15002
2024-01-26 11:56:04,547 [Socket Reader #1 for port 15002] INFO  ipc.Server (Server.java:run(1323)) - Starting Socket Reader #1 for port 15002
2024-01-26 11:56:04,595 [Mini-Cluster-Provider-Create] INFO  audit.AuditLogger (AuditLogger.java:refreshDebugCmdSet(130)) - Refresh DebugCmdSet for SCMAudit to [].
2024-01-26 11:56:04,599 [Mini-Cluster-Provider-Create] INFO  ipc.CallQueueManager (CallQueueManager.java:<init>(90)) - Using callQueue: class java.util.concurrent.LinkedBlockingQueue, queueCapacity: 10000, scheduler: class org.apache.hadoop.ipc.DefaultRpcScheduler, ipcBackoff: false.
2024-01-26 11:56:04,600 [Mini-Cluster-Provider-Create] INFO  ipc.Server (Server.java:<init>(1287)) - Listener at 0.0.0.0:15001
2024-01-26 11:56:04,603 [Socket Reader #1 for port 15001] INFO  ipc.Server (Server.java:run(1323)) - Starting Socket Reader #1 for port 15001
2024-01-26 11:56:04,627 [Mini-Cluster-Provider-Create] INFO  audit.AuditLogger (AuditLogger.java:refreshDebugCmdSet(130)) - Refresh DebugCmdSet for SCMAudit to [].
2024-01-26 11:56:04,640 [Mini-Cluster-Provider-Create] INFO  ipc.CallQueueManager (CallQueueManager.java:<init>(90)) - Using callQueue: class java.util.concurrent.LinkedBlockingQueue, queueCapacity: 10000, scheduler: class org.apache.hadoop.ipc.DefaultRpcScheduler, ipcBackoff: false.
2024-01-26 11:56:04,641 [Mini-Cluster-Provider-Create] INFO  ipc.Server (Server.java:<init>(1287)) - Listener at 0.0.0.0:15000
2024-01-26 11:56:04,643 [Socket Reader #1 for port 15000] INFO  ipc.Server (Server.java:run(1323)) - Starting Socket Reader #1 for port 15000
2024-01-26 11:56:04,698 [Mini-Cluster-Provider-Create] INFO  ha.SCMServiceManager (SCMServiceManager.java:register(42)) - Registering service ContainerBalancer.
2024-01-26 11:56:04,699 [Mini-Cluster-Provider-Create] INFO  server.StorageContainerManager (StorageContainerManager.java:<init>(453)) - 
Container Balancer status:
Key                            Value
Running                        false
Container Balancer Configuration values:
Key                                                Value
Threshold                                          10
Max Datanodes to Involve per Iteration(percent)    20
Max Size to Move per Iteration                     500GB
Max Size Entering Target per Iteration             26GB
Max Size Leaving Source per Iteration              26GB
Number of Iterations                               10
Time Limit for Single Container's Movement         65min
Time Limit for Single Container's Replication      50min
Interval between each Iteration                    70min
Whether to Enable Network Topology                 false
Whether to Trigger Refresh Datanode Usage Info     false
Container IDs to Exclude from Balancing            None
Datanodes Specified to be Balanced                 None
Datanodes Excluded from Balancing                  None

2024-01-26 11:56:04,700 [Mini-Cluster-Provider-Create] INFO  ha.SCMContext (SCMContext.java:updateSafeModeStatus(230)) - Update SafeModeStatus from SafeModeStatus{safeModeStatus=true, preCheckPassed=false} to SafeModeStatus{safeModeStatus=true, preCheckPassed=false}.
2024-01-26 11:56:04,703 [Mini-Cluster-Provider-Create] INFO  server.StorageContainerManager (StorageContainerManager.java:start(1546)) - StorageContainerLocationProtocol RPC server is listening at /0.0.0.0:15000
2024-01-26 11:56:04,764 [Mini-Cluster-Provider-Create] WARN  impl.MetricsConfig (MetricsConfig.java:loadFirst(136)) - Cannot locate configuration: tried hadoop-metrics2-storagecontainermanager.properties,hadoop-metrics2.properties
2024-01-26 11:56:04,775 [Mini-Cluster-Provider-Create] INFO  impl.MetricsSystemImpl (MetricsSystemImpl.java:startTimer(378)) - Scheduled Metric snapshot period at 10 second(s).
2024-01-26 11:56:04,776 [Mini-Cluster-Provider-Create] INFO  impl.MetricsSystemImpl (MetricsSystemImpl.java:start(191)) - StorageContainerManager metrics system started
2024-01-26 11:56:04,951 [Mini-Cluster-Provider-Create] INFO  server.SCMClientProtocolServer (SCMClientProtocolServer.java:start(203)) - RPC server for Client  is listening at /0.0.0.0:15000
2024-01-26 11:56:04,951 [IPC Server Responder] INFO  ipc.Server (Server.java:run(1562)) - IPC Server Responder: starting
2024-01-26 11:56:04,952 [IPC Server listener on 15000] INFO  ipc.Server (Server.java:run(1402)) - IPC Server listener on 15000: starting
2024-01-26 11:56:04,976 [Mini-Cluster-Provider-Create] INFO  server.StorageContainerManager (StorageContainerManager.java:start(1559)) - ScmBlockLocationProtocol RPC server is listening at /0.0.0.0:15001
2024-01-26 11:56:04,976 [Mini-Cluster-Provider-Create] INFO  server.SCMBlockProtocolServer (SCMBlockProtocolServer.java:start(160)) - RPC server for Block Protocol is listening at /0.0.0.0:15001
2024-01-26 11:56:04,977 [IPC Server Responder] INFO  ipc.Server (Server.java:run(1562)) - IPC Server Responder: starting
2024-01-26 11:56:04,981 [IPC Server listener on 15001] INFO  ipc.Server (Server.java:run(1402)) - IPC Server listener on 15001: starting
2024-01-26 11:56:04,994 [Mini-Cluster-Provider-Create] INFO  server.SCMDatanodeProtocolServer (SCMDatanodeProtocolServer.java:start(194)) - ScmDatanodeProtocol RPC server for DataNodes is listening at /0.0.0.0:15002
2024-01-26 11:56:04,995 [IPC Server Responder] INFO  ipc.Server (Server.java:run(1562)) - IPC Server Responder: starting
2024-01-26 11:56:04,998 [IPC Server listener on 15002] INFO  ipc.Server (Server.java:run(1402)) - IPC Server listener on 15002: starting
2024-01-26 11:56:05,012 [JvmPauseMonitor0] INFO  util.JvmPauseMonitor (JvmPauseMonitor.java:run(146)) - JvmPauseMonitor-7ad7f6d5-37ce-4bfa-8f83-498f77b4e9f0: Started
2024-01-26 11:56:05,020 [Mini-Cluster-Provider-Create] INFO  http.BaseHttpServer (BaseHttpServer.java:newHttpServer2BuilderForOzone(223)) - Starting Web-server for scm at: http://0.0.0.0:15003
2024-01-26 11:56:05,021 [Mini-Cluster-Provider-Create] INFO  http.BaseHttpServer (BaseHttpServer.java:<init>(110)) - Hadoop Security Enabled: false Ozone Security Enabled: false Ozone HTTP Security Enabled: false 
2024-01-26 11:56:05,037 [Mini-Cluster-Provider-Create] INFO  util.log (Log.java:initialized(170)) - Logging initialized @3601ms to org.eclipse.jetty.util.log.Slf4jLog
2024-01-26 11:56:05,104 [Mini-Cluster-Provider-Create] WARN  server.AuthenticationFilter (AuthenticationFilter.java:constructSecretProvider(240)) - Unable to initialize FileSignerSecretProvider, falling back to use random secrets. Reason: Could not read signature secret file: /home/runner/hadoop-http-auth-signature-secret
2024-01-26 11:56:05,108 [Mini-Cluster-Provider-Create] INFO  http.HttpRequestLog (HttpRequestLog.java:getRequestLog(86)) - Http request log for http.requests.scm is not defined
2024-01-26 11:56:05,113 [Mini-Cluster-Provider-Create] INFO  http.HttpServer2 (HttpServer2.java:addGlobalFilter(1036)) - Added global filter 'safety' (class=org.apache.hadoop.hdds.server.http.HttpServer2$QuotingInputFilter)
2024-01-26 11:56:05,114 [Mini-Cluster-Provider-Create] INFO  http.HttpServer2 (HttpServer2.java:addFilter(1012)) - Added filter static_user_filter (class=org.apache.hadoop.http.lib.StaticUserWebFilter$StaticUserFilter) to context scm
2024-01-26 11:56:05,114 [Mini-Cluster-Provider-Create] INFO  http.HttpServer2 (HttpServer2.java:addFilter(1020)) - Added filter static_user_filter (class=org.apache.hadoop.http.lib.StaticUserWebFilter$StaticUserFilter) to context logs
2024-01-26 11:56:05,115 [Mini-Cluster-Provider-Create] INFO  http.HttpServer2 (HttpServer2.java:addFilter(1020)) - Added filter static_user_filter (class=org.apache.hadoop.http.lib.StaticUserWebFilter$StaticUserFilter) to context static
2024-01-26 11:56:05,137 [Mini-Cluster-Provider-Create] INFO  http.BaseHttpServer (BaseHttpServer.java:<init>(189)) - HTTP server of scm uses base directory /home/runner/work/ozone/ozone/hadoop-ozone/integration-test/target/test-dir/MiniOzoneClusterImpl-b54bfeae-1ef8-4c1d-b639-09e56ef7dc0e/ozone-meta/webserver
2024-01-26 11:56:05,138 [Mini-Cluster-Provider-Create] INFO  http.HttpServer2 (HttpServer2.java:bindListener(1236)) - Jetty bound to port 15003
2024-01-26 11:56:05,139 [Mini-Cluster-Provider-Create] INFO  server.Server (Server.java:doStart(375)) - jetty-9.4.53.v20231009; built: 2023-10-09T12:29:09.265Z; git: 27bde00a0b95a1d5bbee0eae7984f891d2d0f8c9; jvm 1.8.0_392-b08
2024-01-26 11:56:05,168 [Mini-Cluster-Provider-Create] INFO  server.session (DefaultSessionIdManager.java:doStart(334)) - DefaultSessionIdManager workerName=node0
2024-01-26 11:56:05,168 [Mini-Cluster-Provider-Create] INFO  server.session (DefaultSessionIdManager.java:doStart(339)) - No SessionScavenger set, using defaults
2024-01-26 11:56:05,169 [Mini-Cluster-Provider-Create] INFO  server.session (HouseKeeper.java:startScavenging(132)) - node0 Scavenging every 600000ms
2024-01-26 11:56:05,178 [Mini-Cluster-Provider-Create] INFO  handler.ContextHandler (ContextHandler.java:doStart(921)) - Started o.e.j.s.ServletContextHandler@5aa14f{logs,/logs,file:///home/runner/work/ozone/ozone/hadoop-ozone/integration-test/target/log,AVAILABLE}
2024-01-26 11:56:05,179 [Mini-Cluster-Provider-Create] INFO  handler.ContextHandler (ContextHandler.java:doStart(921)) - Started o.e.j.s.ServletContextHandler@61982d3f{static,/static,file:///home/runner/work/ozone/ozone/hadoop-ozone/integration-test/target/test-classes/webapps/static,AVAILABLE}
2024-01-26 11:56:05,209 [Mini-Cluster-Provider-Create] INFO  handler.ContextHandler (ContextHandler.java:doStart(921)) - Started o.e.j.w.WebAppContext@56e81b23{scm,/,file:///home/runner/work/ozone/ozone/hadoop-ozone/integration-test/target/test-classes/webapps/scm/,AVAILABLE}{file:/home/runner/work/ozone/ozone/hadoop-ozone/integration-test/target/test-classes/webapps/scm}
2024-01-26 11:56:05,215 [Mini-Cluster-Provider-Create] INFO  server.AbstractConnector (AbstractConnector.java:doStart(333)) - Started ServerConnector@206f6b5b{HTTP/1.1, (http/1.1)}{0.0.0.0:15003}
2024-01-26 11:56:05,215 [Mini-Cluster-Provider-Create] INFO  server.Server (Server.java:doStart(415)) - Started @3779ms
2024-01-26 11:56:05,218 [Mini-Cluster-Provider-Create] INFO  impl.MetricsSinkAdapter (MetricsSinkAdapter.java:start(204)) - Sink prometheus started
2024-01-26 11:56:05,218 [Mini-Cluster-Provider-Create] INFO  impl.MetricsSystemImpl (MetricsSystemImpl.java:registerSink(305)) - Registered sink prometheus
2024-01-26 11:56:05,219 [Mini-Cluster-Provider-Create] INFO  http.BaseHttpServer (BaseHttpServer.java:updateConnectorAddress(354)) - HTTP server of scm listening at http://0.0.0.0:15003
2024-01-26 11:56:05,222 [Mini-Cluster-Provider-Create] WARN  server.ServerUtils (ServerUtils.java:getDBPath(311)) - ozone.om.db.dirs is not configured. We recommend adding this setting. Falling back to ozone.metadata.dirs instead.
2024-01-26 11:56:05,270 [Mini-Cluster-Provider-Create] INFO  audit.AuditLogger (AuditLogger.java:refreshDebugCmdSet(130)) - Refresh DebugCmdSet for OMAudit to [].
2024-01-26 11:56:05,321 [Mini-Cluster-Provider-Create] INFO  ha.OMHANodeDetails (OMHANodeDetails.java:loadOMHAConfig(115)) - ozone.om.internal.service.id is not defined, falling back to ozone.om.service.ids to find serviceID for OzoneManager if it is HA enabled cluster
2024-01-26 11:56:05,324 [Mini-Cluster-Provider-Create] INFO  ha.OMHANodeDetails (OMHANodeDetails.java:loadOMHAConfig(226)) - Configuration does not have ozone.om.address set. Falling back to the default OM address /127.0.0.1:15004
2024-01-26 11:56:05,324 [Mini-Cluster-Provider-Create] INFO  ha.OMHANodeDetails (OMHANodeDetails.java:getOMNodeDetailsForNonHA(254)) - OM Service ID is not set. Setting it to the default ID: omServiceIdDefault
2024-01-26 11:56:05,324 [Mini-Cluster-Provider-Create] INFO  ha.OMHANodeDetails (OMHANodeDetails.java:getOMNodeDetailsForNonHA(261)) - OM Node ID is not set. Setting it to the default ID: om1
2024-01-26 11:56:05,327 [Mini-Cluster-Provider-Create] WARN  server.ServerUtils (ServerUtils.java:getDBPath(311)) - ozone.om.db.dirs is not configured. We recommend adding this setting. Falling back to ozone.metadata.dirs instead.
2024-01-26 11:56:05,330 [Mini-Cluster-Provider-Create] INFO  upgrade.AbstractLayoutVersionManager (AbstractLayoutVersionManager.java:init(83)) - Initializing Layout version manager with metadata layout = QUOTA (version = 6), software layout = QUOTA (version = 6)
2024-01-26 11:56:05,391 [Mini-Cluster-Provider-Create] INFO  upgrade.OMLayoutVersionManager (OMLayoutVersionManager.java:lambda$0(113)) - Skipping Upgrade Action MockOmUpgradeAction since it has been finalized.
2024-01-26 11:56:05,391 [Mini-Cluster-Provider-Create] INFO  upgrade.OMLayoutVersionManager (OMLayoutVersionManager.java:lambda$0(113)) - Skipping Upgrade Action QuotaRepairUpgradeAction since it has been finalized.
2024-01-26 11:56:05,393 [Mini-Cluster-Provider-Create] WARN  server.ServerUtils (ServerUtils.java:getDBPath(311)) - ozone.om.db.dirs is not configured. We recommend adding this setting. Falling back to ozone.metadata.dirs instead.
2024-01-26 11:56:05,531 [Mini-Cluster-Provider-Create] INFO  proxy.SCMBlockLocationFailoverProxyProvider (SCMBlockLocationFailoverProxyProvider.java:<init>(115)) - Created block location fail-over proxy with 1 nodes: [nodeId=scmNodeId,nodeAddress=/0.0.0.0:15001]
2024-01-26 11:56:05,555 [Mini-Cluster-Provider-Create] INFO  proxy.SCMBlockLocationFailoverProxyProvider (SCMBlockLocationFailoverProxyProvider.java:<init>(115)) - Created block location fail-over proxy with 1 nodes: [nodeId=scmNodeId,nodeAddress=/0.0.0.0:15001]
2024-01-26 11:56:05,724 [Mini-Cluster-Provider-Create] INFO  om.OzoneManager (OzoneManager.java:<init>(673)) - OM start with adminUsers: [runner]
2024-01-26 11:56:05,739 [Mini-Cluster-Provider-Create] WARN  server.ServerUtils (ServerUtils.java:getDBPath(311)) - ozone.om.db.dirs is not configured. We recommend adding this setting. Falling back to ozone.metadata.dirs instead.
2024-01-26 11:56:05,760 [Mini-Cluster-Provider-Create] INFO  helpers.OmKeyInfo (OmKeyInfo.java:getCodec(71)) - OmKeyInfo.getCodec ignorePipeline = true
2024-01-26 11:56:05,957 [Mini-Cluster-Provider-Create] INFO  om.OzoneManager (OzoneManager.java:instantiateServices(805)) - S3 Multi-Tenancy is disabled
2024-01-26 11:56:05,980 [Mini-Cluster-Provider-Create] INFO  om.OmSnapshotManager (OmSnapshotManager.java:<init>(176)) - Ozone filesystem snapshot feature is enabled.
2024-01-26 11:56:05,986 [Mini-Cluster-Provider-Create] WARN  server.ServerUtils (ServerUtils.java:getDBPath(311)) - ozone.om.snapshot.diff.db.dir is not configured. We recommend adding this setting. Falling back to ozone.metadata.dirs instead.
2024-01-26 11:56:06,012 [Mini-Cluster-Provider-Create] INFO  utils.NativeLibraryLoader (NativeLibraryLoader.java:loadLibrary(108)) - Loading Library: ozone_rocksdb_tools
2024-01-26 11:56:06,013 [Mini-Cluster-Provider-Create] INFO  snapshot.SnapshotDiffManager (SnapshotDiffManager.java:closeExecutorService(1688)) - Shutting down executorService: 'SstDumpToolExecutor'
2024-01-26 11:56:06,056 [Mini-Cluster-Provider-Create] INFO  om.OzoneManager (OzoneManager.java:addS3GVolumeToDB(4429)) - Created Volume s3v With Owner runner required for S3Gateway operations.
2024-01-26 11:56:06,099 [Mini-Cluster-Provider-Create] WARN  server.ServerUtils (ServerUtils.java:getDefaultRatisDirectory(323)) - Storage directory for Ratis is not configured. It is a good idea to map this to an SSD disk. Falling back to ozone.metadata.dirs
2024-01-26 11:56:06,100 [Mini-Cluster-Provider-Create] WARN  utils.OzoneManagerRatisUtils (OzoneManagerRatisUtils.java:getOMRatisSnapshotDirectory(473)) - ozone.om.ratis.snapshot.dir is not configured. Falling back to ozone.metadata.dirs config
2024-01-26 11:56:06,110 [Mini-Cluster-Provider-Create] WARN  server.ServerUtils (ServerUtils.java:getDefaultRatisDirectory(323)) - Storage directory for Ratis is not configured. It is a good idea to map this to an SSD disk. Falling back to ozone.metadata.dirs
2024-01-26 11:56:06,127 [Mini-Cluster-Provider-Create] INFO  ratis.OzoneManagerRatisServer (OzoneManagerRatisServer.java:<init>(167)) - Instantiating OM Ratis server with groupID: omServiceIdDefault and peers: localhost:15007
2024-01-26 11:56:06,134 [Mini-Cluster-Provider-Create] INFO  ratis.OzoneManagerStateMachine (OzoneManagerStateMachine.java:loadSnapshotInfoFromDB(576)) - TransactionInfo not found in OM DB.
2024-01-26 11:56:06,176 [Mini-Cluster-Provider-Create] INFO  server.RaftServer (ConfUtils.java:logGet(46)) - raft.rpc.type = GRPC (default)
2024-01-26 11:56:06,182 [Mini-Cluster-Provider-Create] INFO  grpc.GrpcConfigKeys (ConfUtils.java:logFallback(53)) - raft.grpc.admin.host = null (fallback to raft.grpc.server.host)
2024-01-26 11:56:06,183 [Mini-Cluster-Provider-Create] INFO  grpc.GrpcConfigKeys (ConfUtils.java:logFallback(53)) - raft.grpc.admin.port = 15007 (fallback to raft.grpc.server.port)
2024-01-26 11:56:06,183 [Mini-Cluster-Provider-Create] INFO  grpc.GrpcConfigKeys (ConfUtils.java:logFallback(53)) - raft.grpc.client.host = null (fallback to raft.grpc.server.host)
2024-01-26 11:56:06,184 [Mini-Cluster-Provider-Create] INFO  grpc.GrpcConfigKeys (ConfUtils.java:logFallback(53)) - raft.grpc.client.port = 15007 (fallback to raft.grpc.server.port)
2024-01-26 11:56:06,184 [Mini-Cluster-Provider-Create] INFO  grpc.GrpcConfigKeys (ConfUtils.java:logGet(46)) - raft.grpc.server.host = null (default)
2024-01-26 11:56:06,184 [Mini-Cluster-Provider-Create] INFO  grpc.GrpcConfigKeys (ConfUtils.java:logGet(46)) - raft.grpc.server.port = 15007 (custom)
2024-01-26 11:56:06,185 [Mini-Cluster-Provider-Create] INFO  server.GrpcService (ConfUtils.java:logGet(46)) - raft.grpc.message.size.max = 4194304 (custom)
2024-01-26 11:56:06,186 [Mini-Cluster-Provider-Create] INFO  server.RaftServerConfigKeys (ConfUtils.java:logGet(46)) - raft.server.log.appender.buffer.byte-limit = 4194304 (custom)
2024-01-26 11:56:06,186 [Mini-Cluster-Provider-Create] INFO  server.GrpcService (ConfUtils.java:logGet(46)) - raft.grpc.flow.control.window = 1MB (=1048576) (default)
2024-01-26 11:56:06,187 [Mini-Cluster-Provider-Create] INFO  server.RaftServerConfigKeys (ConfUtils.java:logGet(46)) - raft.server.rpc.request.timeout = 3000ms (default)
2024-01-26 11:56:06,193 [Mini-Cluster-Provider-Create] INFO  grpc.GrpcConfigKeys (ConfUtils.java:logGet(46)) - raft.grpc.server.heartbeat.channel = true (default)
2024-01-26 11:56:06,196 [Mini-Cluster-Provider-Create] INFO  grpc.GrpcConfigKeys (ConfUtils.java:logGet(46)) - raft.grpc.server.async.request.thread.pool.cached = true (default)
2024-01-26 11:56:06,196 [Mini-Cluster-Provider-Create] INFO  grpc.GrpcConfigKeys (ConfUtils.java:logGet(46)) - raft.grpc.server.async.request.thread.pool.size = 32 (default)
2024-01-26 11:56:06,434 [Mini-Cluster-Provider-Create] INFO  impl.DataStreamServerImpl (ConfUtils.java:logGet(46)) - raft.datastream.type = DISABLED (default)
2024-01-26 11:56:06,436 [Mini-Cluster-Provider-Create] INFO  server.RaftServerConfigKeys (ConfUtils.java:logGet(46)) - raft.server.sleep.deviation.threshold = 300ms (default)
2024-01-26 11:56:06,437 [Mini-Cluster-Provider-Create] INFO  server.RaftServerConfigKeys (ConfUtils.java:logGet(46)) - raft.server.close.threshold = 60s (default)
2024-01-26 11:56:06,437 [Mini-Cluster-Provider-Create] INFO  server.RaftServerConfigKeys (ConfUtils.java:logGet(46)) - raft.server.leaderelection.leader.step-down.wait-time = 10s (default)
2024-01-26 11:56:06,438 [Mini-Cluster-Provider-Create] INFO  server.RaftServerConfigKeys (ConfUtils.java:logGet(46)) - raft.server.storage.dir = [/home/runner/work/ozone/ozone/hadoop-ozone/integration-test/target/test-dir/MiniOzoneClusterImpl-b54bfeae-1ef8-4c1d-b639-09e56ef7dc0e/ozone-meta/ratis] (custom)
2024-01-26 11:56:06,439 [Mini-Cluster-Provider-Create] INFO  server.RaftServerConfigKeys (ConfUtils.java:logGet(46)) - raft.server.threadpool.proxy.cached = true (default)
2024-01-26 11:56:06,439 [Mini-Cluster-Provider-Create] INFO  server.RaftServerConfigKeys (ConfUtils.java:logGet(46)) - raft.server.threadpool.proxy.size = 0 (default)
2024-01-26 11:56:06,444 [Mini-Cluster-Provider-Create] INFO  server.RaftServer (RaftServerProxy.java:addNew(100)) - om1: addNew group-C5BA1605619E:[om1|localhost:15007] returns group-C5BA1605619E:java.util.concurrent.CompletableFuture@737d400c[Not completed]
2024-01-26 11:56:06,444 [Mini-Cluster-Provider-Create] INFO  om.OzoneManager (OzoneManager.java:initializeRatisServer(2141)) - OzoneManager Ratis server initialized at port 15007
2024-01-26 11:56:06,448 [Mini-Cluster-Provider-Create] INFO  om.OzoneManager (OzoneManager.java:getRpcServer(1207)) - Creating RPC Server
2024-01-26 11:56:06,453 [om1-groupManagement] INFO  server.RaftServer$Division (RaftServerImpl.java:<init>(256)) - om1: new RaftServerImpl for group-C5BA1605619E:[om1|localhost:15007] with OzoneManagerStateMachine:uninitialized
2024-01-26 11:56:06,454 [om1-groupManagement] INFO  server.RaftServerConfigKeys (ConfUtils.java:logGet(46)) - raft.server.rpc.timeout.min = 1s (custom)
2024-01-26 11:56:06,455 [om1-groupManagement] INFO  server.RaftServerConfigKeys (ConfUtils.java:logGet(46)) - raft.server.rpc.timeout.max = 1200ms (custom)
2024-01-26 11:56:06,455 [om1-groupManagement] INFO  server.RaftServerConfigKeys (ConfUtils.java:logGet(46)) - raft.server.rpc.sleep.time = 25ms (default)
2024-01-26 11:56:06,455 [om1-groupManagement] INFO  server.RaftServerConfigKeys (ConfUtils.java:logGet(46)) - raft.server.rpc.slowness.timeout = 120s (custom)
2024-01-26 11:56:06,455 [om1-groupManagement] INFO  server.RaftServerConfigKeys (ConfUtils.java:logGet(46)) - raft.server.leaderelection.leader.step-down.wait-time = 10s (default)
2024-01-26 11:56:06,456 [om1-groupManagement] INFO  server.RaftServerConfigKeys (ConfUtils.java:logGet(46)) - raft.server.leaderelection.member.majority-add = false (default)
2024-01-26 11:56:06,456 [om1-groupManagement] INFO  server.RaftServerConfigKeys (ConfUtils.java:logGet(46)) - raft.server.sleep.deviation.threshold = 300ms (default)
2024-01-26 11:56:06,461 [om1-groupManagement] INFO  server.RaftServer$Division (ServerState.java:<init>(113)) - om1@group-C5BA1605619E: ConfigurationManager, init=-1: peers:[om1|localhost:15007]|listeners:[], old=null, confs=<EMPTY_MAP>
2024-01-26 11:56:06,466 [om1-groupManagement] INFO  server.RaftServerConfigKeys (ConfUtils.java:logGet(46)) - raft.server.notification.no-leader.timeout = 120s (custom)
2024-01-26 11:56:06,469 [om1-groupManagement] INFO  server.RaftServerConfigKeys (ConfUtils.java:logGet(46)) - raft.server.read.timeout = 10s (default)
2024-01-26 11:56:06,472 [om1-groupManagement] INFO  server.RaftServerConfigKeys (ConfUtils.java:logGet(46)) - raft.server.retrycache.expirytime = 300s (custom)
2024-01-26 11:56:06,472 [om1-groupManagement] INFO  server.RaftServerConfigKeys (ConfUtils.java:logGet(46)) - raft.server.retrycache.statistics.expirytime = 100ms (default)
2024-01-26 11:56:06,475 [om1-groupManagement] INFO  server.RaftServerConfigKeys (ConfUtils.java:logGet(46)) - raft.server.read.option = DEFAULT (default)
2024-01-26 11:56:06,476 [om1-groupManagement] INFO  server.RaftServerConfigKeys (ConfUtils.java:logGet(46)) - raft.server.read.read-after-write-consistent.write-index-cache.expiry-time = 60s (default)
2024-01-26 11:56:06,516 [om1-groupManagement] INFO  server.RaftServerConfigKeys (ConfUtils.java:logGet(46)) - raft.server.rpc.request.timeout = 3000ms (default)
2024-01-26 11:56:06,518 [om1-groupManagement] INFO  server.RaftServerConfigKeys (ConfUtils.java:logGet(46)) - raft.server.log.appender.install.snapshot.enabled = false (custom)
2024-01-26 11:56:06,518 [om1-groupManagement] INFO  server.RaftServerConfigKeys (ConfUtils.java:logGet(46)) - raft.server.threadpool.server.cached = true (default)
2024-01-26 11:56:06,519 [om1-groupManagement] INFO  server.RaftServerConfigKeys (ConfUtils.java:logGet(46)) - raft.server.threadpool.server.size = 0 (default)
2024-01-26 11:56:06,519 [om1-groupManagement] INFO  server.RaftServerConfigKeys (ConfUtils.java:logGet(46)) - raft.server.threadpool.client.cached = true (default)
2024-01-26 11:56:06,519 [om1-groupManagement] INFO  server.RaftServerConfigKeys (ConfUtils.java:logGet(46)) - raft.server.threadpool.client.size = 0 (default)
2024-01-26 11:56:07,295 [Mini-Cluster-Provider-Create] INFO  ipc.CallQueueManager (CallQueueManager.java:<init>(90)) - Using callQueue: class java.util.concurrent.LinkedBlockingQueue, queueCapacity: 2000, scheduler: class org.apache.hadoop.ipc.DefaultRpcScheduler, ipcBackoff: false.
2024-01-26 11:56:07,295 [Mini-Cluster-Provider-Create] INFO  ipc.Server (Server.java:<init>(1287)) - Listener at 127.0.0.1:15004
2024-01-26 11:56:07,296 [Socket Reader #1 for port 15004] INFO  ipc.Server (Server.java:run(1323)) - Starting Socket Reader #1 for port 15004
2024-01-26 11:56:07,323 [Mini-Cluster-Provider-Create] INFO  impl.MetricsSystemImpl (MetricsSystemImpl.java:init(158)) - OzoneManager metrics system started (again)
2024-01-26 11:56:07,337 [Mini-Cluster-Provider-Create] INFO  om.OzoneManager (OzoneManager.java:start(1629)) - OzoneManager RPC server is listening at localhost/127.0.0.1:15004
2024-01-26 11:56:07,338 [Mini-Cluster-Provider-Create] INFO  ratis.OzoneManagerRatisServer (OzoneManagerRatisServer.java:start(588)) - Starting OzoneManagerRatisServer om1 at port 15007
2024-01-26 11:56:07,342 [om1-impl-thread1] INFO  server.RaftServerConfigKeys (ConfUtils.java:logGet(46)) - raft.server.storage.free-space.min = 0MB (=0) (default)
2024-01-26 11:56:07,342 [om1-impl-thread1] INFO  server.RaftServerConfigKeys (ConfUtils.java:logGet(46)) - raft.server.log.corruption.policy = EXCEPTION (default)
2024-01-26 11:56:07,342 [om1-impl-thread1] INFO  server.RaftServerConfigKeys (ConfUtils.java:logGet(46)) - raft.server.storage.dir = [/home/runner/work/ozone/ozone/hadoop-ozone/integration-test/target/test-dir/MiniOzoneClusterImpl-b54bfeae-1ef8-4c1d-b639-09e56ef7dc0e/ozone-meta/ratis] (custom)
2024-01-26 11:56:07,347 [om1-impl-thread1] INFO  storage.RaftStorageDirectory (RaftStorageDirectoryImpl.java:analyzeStorage(138)) - The storage directory /home/runner/work/ozone/ozone/hadoop-ozone/integration-test/target/test-dir/MiniOzoneClusterImpl-b54bfeae-1ef8-4c1d-b639-09e56ef7dc0e/ozone-meta/ratis/bf265839-605b-3f16-9796-c5ba1605619e does not exist. Creating ...
2024-01-26 11:56:07,352 [om1-impl-thread1] INFO  storage.RaftStorageDirectory (RaftStorageDirectoryImpl.java:tryLock(228)) - Lock on /home/runner/work/ozone/ozone/hadoop-ozone/integration-test/target/test-dir/MiniOzoneClusterImpl-b54bfeae-1ef8-4c1d-b639-09e56ef7dc0e/ozone-meta/ratis/bf265839-605b-3f16-9796-c5ba1605619e/in_use.lock acquired by nodename 67451@fv-az1250-627
2024-01-26 11:56:07,358 [om1-impl-thread1] INFO  storage.RaftStorage (RaftStorageImpl.java:format(99)) - Storage directory /home/runner/work/ozone/ozone/hadoop-ozone/integration-test/target/test-dir/MiniOzoneClusterImpl-b54bfeae-1ef8-4c1d-b639-09e56ef7dc0e/ozone-meta/ratis/bf265839-605b-3f16-9796-c5ba1605619e has been successfully formatted.
2024-01-26 11:56:07,359 [om1-impl-thread1] WARN  util.FileUtils (LogUtils.java:supplyAndLog(63)) - Failed to Files.newInputStream /home/runner/work/ozone/ozone/hadoop-ozone/integration-test/target/test-dir/MiniOzoneClusterImpl-b54bfeae-1ef8-4c1d-b639-09e56ef7dc0e/ozone-meta/ratis/bf265839-605b-3f16-9796-c5ba1605619e/current/raft-meta.conf with options []: java.nio.file.NoSuchFileException: /home/runner/work/ozone/ozone/hadoop-ozone/integration-test/target/test-dir/MiniOzoneClusterImpl-b54bfeae-1ef8-4c1d-b639-09e56ef7dc0e/ozone-meta/ratis/bf265839-605b-3f16-9796-c5ba1605619e/current/raft-meta.conf
2024-01-26 11:56:07,361 [om1-impl-thread1] INFO  server.RaftServerConfigKeys (ConfUtils.java:logGet(46)) - raft.server.log.use.memory = false (default)
2024-01-26 11:56:07,369 [om1-impl-thread1] INFO  server.RaftServerConfigKeys (ConfUtils.java:logGet(46)) - raft.server.log.purge.gap = 1000000 (custom)
2024-01-26 11:56:07,369 [om1-impl-thread1] INFO  server.RaftServerConfigKeys (ConfUtils.java:logGet(46)) - raft.server.log.appender.buffer.byte-limit = 4194304 (custom)
2024-01-26 11:56:07,371 [om1-impl-thread1] INFO  server.RaftServerConfigKeys (ConfUtils.java:logGet(46)) - raft.server.log.statemachine.data.read.timeout = 1000ms (default)
2024-01-26 11:56:07,372 [om1-impl-thread1] INFO  server.RaftServerConfigKeys (ConfUtils.java:logGet(46)) - raft.server.log.purge.preservation.log.num = 0 (default)
2024-01-26 11:56:07,376 [om1-impl-thread1] INFO  server.RaftServerConfigKeys (ConfUtils.java:logGet(46)) - raft.server.log.segment.size.max = 4194304 (custom)
2024-01-26 11:56:07,381 [om1-impl-thread1] INFO  server.RaftServerConfigKeys (ConfUtils.java:logGet(46)) - raft.server.log.segment.cache.num.max = 2 (custom)
2024-01-26 11:56:07,382 [om1-impl-thread1] INFO  server.RaftServerConfigKeys (ConfUtils.java:logGet(46)) - raft.server.log.segment.cache.size.max = 200MB (=209715200) (default)
2024-01-26 11:56:07,383 [om1-impl-thread1] INFO  server.RaftServerConfigKeys (ConfUtils.java:logGet(46)) - raft.server.log.appender.buffer.byte-limit = 4194304 (custom)
2024-01-26 11:56:07,385 [om1-impl-thread1] INFO  util.AwaitToRun (AwaitToRun.java:start(81)) - Thread[om1@group-C5BA1605619E-cacheEviction-AwaitToRun,5,main] started
2024-01-26 11:56:07,388 [om1-impl-thread1] INFO  segmented.SegmentedRaftLogWorker (SegmentedRaftLogWorker.java:<init>(182)) - new om1@group-C5BA1605619E-SegmentedRaftLogWorker for RaftStorageImpl:Storage Directory /home/runner/work/ozone/ozone/hadoop-ozone/integration-test/target/test-dir/MiniOzoneClusterImpl-b54bfeae-1ef8-4c1d-b639-09e56ef7dc0e/ozone-meta/ratis/bf265839-605b-3f16-9796-c5ba1605619e
2024-01-26 11:56:07,388 [om1-impl-thread1] INFO  server.RaftServerConfigKeys (ConfUtils.java:logGet(46)) - raft.server.log.queue.byte-limit = 64MB (=67108864) (default)
2024-01-26 11:56:07,389 [om1-impl-thread1] INFO  server.RaftServerConfigKeys (ConfUtils.java:logGet(46)) - raft.server.log.queue.element-limit = 4096 (default)
2024-01-26 11:56:07,390 [om1-impl-thread1] INFO  server.RaftServerConfigKeys (ConfUtils.java:logGet(46)) - raft.server.log.segment.size.max = 4194304 (custom)
2024-01-26 11:56:07,391 [om1-impl-thread1] INFO  server.RaftServerConfigKeys (ConfUtils.java:logGet(46)) - raft.server.log.preallocated.size = 4194304 (custom)
2024-01-26 11:56:07,391 [om1-impl-thread1] INFO  server.RaftServerConfigKeys (ConfUtils.java:logGet(46)) - raft.server.log.force.sync.num = 128 (default)
2024-01-26 11:56:07,392 [om1-impl-thread1] INFO  server.RaftServerConfigKeys (ConfUtils.java:logGet(46)) - raft.server.log.statemachine.data.sync = true (default)
2024-01-26 11:56:07,392 [om1-impl-thread1] INFO  server.RaftServerConfigKeys (ConfUtils.java:logGet(46)) - raft.server.log.statemachine.data.sync.timeout = 10s (default)
2024-01-26 11:56:07,392 [om1-impl-thread1] INFO  server.RaftServerConfigKeys (ConfUtils.java:logGet(46)) - raft.server.log.statemachine.data.sync.timeout.retry = -1 (default)
2024-01-26 11:56:07,394 [om1-impl-thread1] INFO  server.RaftServerConfigKeys (ConfUtils.java:logGet(46)) - raft.server.log.write.buffer.size = 4194312 (custom)
2024-01-26 11:56:07,396 [om1-impl-thread1] INFO  server.RaftServerConfigKeys (ConfUtils.java:logGet(46)) - raft.server.log.appender.buffer.byte-limit = 4194304 (custom)
2024-01-26 11:56:07,397 [om1-impl-thread1] INFO  server.RaftServerConfigKeys (ConfUtils.java:logGet(46)) - raft.server.log.unsafe-flush.enabled = false (default)
2024-01-26 11:56:07,397 [om1-impl-thread1] INFO  server.RaftServerConfigKeys (ConfUtils.java:logGet(46)) - raft.server.log.async-flush.enabled = false (default)
2024-01-26 11:56:07,398 [om1-impl-thread1] INFO  server.RaftServerConfigKeys (ConfUtils.java:logGet(46)) - raft.server.log.statemachine.data.caching.enabled = false (default)
2024-01-26 11:56:07,401 [om1-impl-thread1] INFO  segmented.SegmentedRaftLogWorker (SegmentedRaftLogWorker.java:lambda$new$0(134)) - om1@group-C5BA1605619E-SegmentedRaftLogWorker: flushIndex: setUnconditionally 0 -> -1
2024-01-26 11:56:07,401 [om1-impl-thread1] INFO  segmented.SegmentedRaftLogWorker (SegmentedRaftLogWorker.java:lambda$new$0(134)) - om1@group-C5BA1605619E-SegmentedRaftLogWorker: safeCacheEvictIndex: setUnconditionally 0 -> -1
2024-01-26 11:56:07,403 [om1-impl-thread1] INFO  server.RaftServer$Division (RaftServerImpl.java:start(396)) - om1@group-C5BA1605619E: start as a follower, conf=-1: peers:[om1|localhost:15007]|listeners:[], old=null
2024-01-26 11:56:07,403 [om1-impl-thread1] INFO  server.RaftServer$Division (RaftServerImpl.java:setRole(383)) - om1@group-C5BA1605619E: changes role from      null to FOLLOWER at term 0 for startAsFollower
2024-01-26 11:56:07,404 [om1-impl-thread1] INFO  impl.RoleInfo (RoleInfo.java:updateAndGet(139)) - om1: start om1@group-C5BA1605619E-FollowerState
2024-01-26 11:56:07,405 [om1@group-C5BA1605619E-FollowerState] INFO  server.RaftServerConfigKeys (ConfUtils.java:logFallback(53)) - raft.server.rpc.first-election.timeout.min = 1s (fallback to raft.server.rpc.timeout.min)
2024-01-26 11:56:07,405 [om1@group-C5BA1605619E-FollowerState] INFO  server.RaftServerConfigKeys (ConfUtils.java:logFallback(53)) - raft.server.rpc.first-election.timeout.max = 1200ms (fallback to raft.server.rpc.timeout.max)
2024-01-26 11:56:07,406 [om1-impl-thread1] INFO  util.JmxRegister (JmxRegister.java:tryRegister(44)) - Successfully registered JMX Bean with object name Ratis:service=RaftServer,group=group-C5BA1605619E,id=om1
2024-01-26 11:56:07,407 [om1-impl-thread1] INFO  server.RaftServerConfigKeys (ConfUtils.java:logGet(46)) - raft.server.snapshot.trigger-when-stop.enabled = true (default)
2024-01-26 11:56:07,407 [om1-impl-thread1] INFO  server.RaftServerConfigKeys (ConfUtils.java:logGet(46)) - raft.server.snapshot.auto.trigger.enabled = true (custom)
2024-01-26 11:56:07,408 [om1-impl-thread1] INFO  server.RaftServerConfigKeys (ConfUtils.java:logGet(46)) - raft.server.snapshot.auto.trigger.threshold = 400000 (default)
2024-01-26 11:56:07,408 [om1-impl-thread1] INFO  server.RaftServerConfigKeys (ConfUtils.java:logGet(46)) - raft.server.snapshot.retention.file.num = -1 (default)
2024-01-26 11:56:07,409 [om1-impl-thread1] INFO  server.RaftServerConfigKeys (ConfUtils.java:logGet(46)) - raft.server.log.purge.upto.snapshot.index = true (custom)
2024-01-26 11:56:07,412 [Mini-Cluster-Provider-Create] INFO  server.RaftServer (RaftServerProxy.java:startImpl(406)) - om1: start RPC server
2024-01-26 11:56:07,444 [Mini-Cluster-Provider-Create] INFO  server.GrpcService (GrpcService.java:startImpl(302)) - om1: GrpcService started, listening on 15007
2024-01-26 11:56:07,445 [JvmPauseMonitor1] INFO  util.JvmPauseMonitor (JvmPauseMonitor.java:run(146)) - JvmPauseMonitor-om1: Started
2024-01-26 11:56:07,445 [Mini-Cluster-Provider-Create] INFO  om.OzoneManager (OzoneManager.java:start(1645)) - Version File has different layout version (6) than OM DB (null). That is expected if this OM has never been finalized to a newer layout version.
2024-01-26 11:56:07,464 [Mini-Cluster-Provider-Create] INFO  http.BaseHttpServer (BaseHttpServer.java:newHttpServer2BuilderForOzone(223)) - Starting Web-server for ozoneManager at: http://0.0.0.0:15005
2024-01-26 11:56:07,464 [Mini-Cluster-Provider-Create] INFO  http.BaseHttpServer (BaseHttpServer.java:<init>(110)) - Hadoop Security Enabled: false Ozone Security Enabled: false Ozone HTTP Security Enabled: false 
2024-01-26 11:56:07,465 [Mini-Cluster-Provider-Create] WARN  server.AuthenticationFilter (AuthenticationFilter.java:constructSecretProvider(240)) - Unable to initialize FileSignerSecretProvider, falling back to use random secrets. Reason: Could not read signature secret file: /home/runner/hadoop-http-auth-signature-secret
2024-01-26 11:56:07,466 [Mini-Cluster-Provider-Create] INFO  http.HttpRequestLog (HttpRequestLog.java:getRequestLog(86)) - Http request log for http.requests.ozoneManager is not defined
2024-01-26 11:56:07,467 [Mini-Cluster-Provider-Create] INFO  http.HttpServer2 (HttpServer2.java:addGlobalFilter(1036)) - Added global filter 'safety' (class=org.apache.hadoop.hdds.server.http.HttpServer2$QuotingInputFilter)
2024-01-26 11:56:07,469 [Mini-Cluster-Provider-Create] INFO  http.HttpServer2 (HttpServer2.java:addFilter(1012)) - Added filter static_user_filter (class=org.apache.hadoop.http.lib.StaticUserWebFilter$StaticUserFilter) to context ozoneManager
2024-01-26 11:56:07,470 [Mini-Cluster-Provider-Create] INFO  http.HttpServer2 (HttpServer2.java:addFilter(1020)) - Added filter static_user_filter (class=org.apache.hadoop.http.lib.StaticUserWebFilter$StaticUserFilter) to context logs
2024-01-26 11:56:07,470 [Mini-Cluster-Provider-Create] INFO  http.HttpServer2 (HttpServer2.java:addFilter(1020)) - Added filter static_user_filter (class=org.apache.hadoop.http.lib.StaticUserWebFilter$StaticUserFilter) to context static
2024-01-26 11:56:07,471 [Mini-Cluster-Provider-Create] INFO  http.BaseHttpServer (BaseHttpServer.java:<init>(189)) - HTTP server of ozoneManager uses base directory /home/runner/work/ozone/ozone/hadoop-ozone/integration-test/target/test-dir/MiniOzoneClusterImpl-b54bfeae-1ef8-4c1d-b639-09e56ef7dc0e/ozone-meta/webserver
2024-01-26 11:56:07,473 [Mini-Cluster-Provider-Create] INFO  http.HttpServer2 (HttpServer2.java:bindListener(1236)) - Jetty bound to port 15005
2024-01-26 11:56:07,473 [Mini-Cluster-Provider-Create] INFO  server.Server (Server.java:doStart(375)) - jetty-9.4.53.v20231009; built: 2023-10-09T12:29:09.265Z; git: 27bde00a0b95a1d5bbee0eae7984f891d2d0f8c9; jvm 1.8.0_392-b08
2024-01-26 11:56:07,474 [Mini-Cluster-Provider-Create] INFO  server.session (DefaultSessionIdManager.java:doStart(334)) - DefaultSessionIdManager workerName=node0
2024-01-26 11:56:07,474 [Mini-Cluster-Provider-Create] INFO  server.session (DefaultSessionIdManager.java:doStart(339)) - No SessionScavenger set, using defaults
2024-01-26 11:56:07,474 [Mini-Cluster-Provider-Create] INFO  server.session (HouseKeeper.java:startScavenging(132)) - node0 Scavenging every 660000ms
2024-01-26 11:56:07,475 [Mini-Cluster-Provider-Create] INFO  handler.ContextHandler (ContextHandler.java:doStart(921)) - Started o.e.j.s.ServletContextHandler@47540496{logs,/logs,file:///home/runner/work/ozone/ozone/hadoop-ozone/integration-test/target/log,AVAILABLE}
2024-01-26 11:56:07,476 [Mini-Cluster-Provider-Create] INFO  handler.ContextHandler (ContextHandler.java:doStart(921)) - Started o.e.j.s.ServletContextHandler@67838bc8{static,/static,file:///home/runner/work/ozone/ozone/hadoop-ozone/integration-test/target/test-classes/webapps/static,AVAILABLE}
2024-01-26 11:56:07,479 [Mini-Cluster-Provider-Create] INFO  handler.ContextHandler (ContextHandler.java:doStart(921)) - Started o.e.j.w.WebAppContext@3308ee4{ozoneManager,/,file:///home/runner/work/ozone/ozone/hadoop-ozone/integration-test/target/test-classes/webapps/ozoneManager/,AVAILABLE}{file:/home/runner/work/ozone/ozone/hadoop-ozone/integration-test/target/test-classes/webapps/ozoneManager}
2024-01-26 11:56:07,481 [Mini-Cluster-Provider-Create] INFO  server.AbstractConnector (AbstractConnector.java:doStart(333)) - Started ServerConnector@5f3a705e{HTTP/1.1, (http/1.1)}{0.0.0.0:15005}
2024-01-26 11:56:07,483 [Mini-Cluster-Provider-Create] INFO  server.Server (Server.java:doStart(415)) - Started @6047ms
2024-01-26 11:56:07,483 [Mini-Cluster-Provider-Create] WARN  impl.MetricsSystemImpl (MetricsSystemImpl.java:register(279)) - Sink prometheus already exists!
2024-01-26 11:56:07,483 [Mini-Cluster-Provider-Create] INFO  http.BaseHttpServer (BaseHttpServer.java:updateConnectorAddress(354)) - HTTP server of ozoneManager listening at http://0.0.0.0:15005
2024-01-26 11:56:07,484 [IPC Server Responder] INFO  ipc.Server (Server.java:run(1562)) - IPC Server Responder: starting
2024-01-26 11:56:07,485 [IPC Server listener on 15004] INFO  ipc.Server (Server.java:run(1402)) - IPC Server listener on 15004: starting
2024-01-26 11:56:07,492 [Mini-Cluster-Provider-Create] INFO  om.OzoneManager (OzoneManager.java:startTrashEmptier(2094)) - Trash Interval set to 0. Files deleted won't move to trash
2024-01-26 11:56:07,586 [Mini-Cluster-Provider-Create] INFO  db.CodecBuffer (CodecBuffer.java:set(62)) - Successfully set constructor to org.apache.hadoop.hdds.utils.db.CodecBuffer$$Lambda$977/571431315@1c0a9fc5
2024-01-26 11:56:07,587 [Mini-Cluster-Provider-Create] WARN  dropwizard3.Dm3MetricRegistriesImpl (Dm3MetricRegistriesImpl.java:addReporterRegistration(113)) - New reporters are added after registries were created. Some metrics will be missing from the reporter. Please add reporter before adding any new registry.
2024-01-26 11:56:07,587 [Mini-Cluster-Provider-Create] WARN  dropwizard3.Dm3MetricRegistriesImpl (Dm3MetricRegistriesImpl.java:addReporterRegistration(113)) - New reporters are added after registries were created. Some metrics will be missing from the reporter. Please add reporter before adding any new registry.
2024-01-26 11:56:07,587 [Mini-Cluster-Provider-Create] INFO  impl.MetricsSystemImpl (MetricsSystemImpl.java:init(158)) - HddsDatanode metrics system started (again)
2024-01-26 11:56:07,604 [Mini-Cluster-Provider-Create] INFO  ozone.HddsDatanodeService (HddsDatanodeService.java:start(239)) - HddsDatanodeService host:fv-az1250-627 ip:10.1.0.50
2024-01-26 11:56:07,622 [Mini-Cluster-Provider-Create] INFO  upgrade.AbstractLayoutVersionManager (AbstractLayoutVersionManager.java:init(83)) - Initializing Layout version manager with metadata layout = HADOOP_PRC_PORTS_IN_DATANODEDETAILS (version = 7), software layout = HADOOP_PRC_PORTS_IN_DATANODEDETAILS (version = 7)
2024-01-26 11:56:07,624 [Mini-Cluster-Provider-Create] INFO  statemachine.DatanodeStateMachine (DatanodeStateMachine.java:getEndPointTaskThreadPoolSize(299)) - Datanode State Machine Task Thread Pool size 2
2024-01-26 11:56:07,668 [Mini-Cluster-Provider-Create] INFO  volume.HddsVolume (HddsVolume.java:<init>(125)) - Creating HddsVolume: /home/runner/work/ozone/ozone/hadoop-ozone/integration-test/target/test-dir/MiniOzoneClusterImpl-b54bfeae-1ef8-4c1d-b639-09e56ef7dc0e/datanode-0/data-0/containers/hdds of storage type : DISK capacity : 9223372036854775807
2024-01-26 11:56:07,670 [Mini-Cluster-Provider-Create] INFO  volume.MutableVolumeSet (MutableVolumeSet.java:initializeVolumeSet(173)) - Added Volume : /home/runner/work/ozone/ozone/hadoop-ozone/integration-test/target/test-dir/MiniOzoneClusterImpl-b54bfeae-1ef8-4c1d-b639-09e56ef7dc0e/datanode-0/data-0/containers/hdds to VolumeSet
2024-01-26 11:56:07,674 [Mini-Cluster-Provider-Create] INFO  volume.MutableVolumeSet (MutableVolumeSet.java:initializeVolumeSet(173)) - Added Volume : /home/runner/work/ozone/ozone/hadoop-ozone/integration-test/target/test-dir/MiniOzoneClusterImpl-b54bfeae-1ef8-4c1d-b639-09e56ef7dc0e/datanode-0/data/ratis to VolumeSet
2024-01-26 11:56:07,676 [Mini-Cluster-Provider-Create] INFO  ozoneimpl.OzoneContainer (HddsVolumeUtil.java:loadAllHddsVolumeDbStore(103)) - Load 1 volumes DbStore cost: 0ms
2024-01-26 11:56:07,684 [5e57565a-2fac-4b31-b24f-016e073e3d73-ContainerReader-0] INFO  ozoneimpl.ContainerReader (ContainerReader.java:readVolume(178)) - Finish verifying containers on volume /home/runner/work/ozone/ozone/hadoop-ozone/integration-test/target/test-dir/MiniOzoneClusterImpl-b54bfeae-1ef8-4c1d-b639-09e56ef7dc0e/datanode-0/data-0/containers/hdds
2024-01-26 11:56:07,685 [Mini-Cluster-Provider-Create] INFO  ozoneimpl.OzoneContainer (OzoneContainer.java:buildContainerSet(328)) - Build ContainerSet costs 0s
2024-01-26 11:56:07,725 [Mini-Cluster-Provider-Create] INFO  audit.AuditLogger (AuditLogger.java:refreshDebugCmdSet(130)) - Refresh DebugCmdSet for DNAudit to [].
2024-01-26 11:56:07,745 [Mini-Cluster-Provider-Create] INFO  server.RaftServer (ConfUtils.java:logGet(46)) - raft.rpc.type = GRPC (default)
2024-01-26 11:56:07,745 [Mini-Cluster-Provider-Create] INFO  grpc.GrpcConfigKeys (ConfUtils.java:logFallback(53)) - raft.grpc.admin.host = null (fallback to raft.grpc.server.host)
2024-01-26 11:56:07,746 [Mini-Cluster-Provider-Create] INFO  grpc.GrpcConfigKeys (ConfUtils.java:logGet(46)) - raft.grpc.admin.port = 15013 (custom)
2024-01-26 11:56:07,746 [Mini-Cluster-Provider-Create] INFO  grpc.GrpcConfigKeys (ConfUtils.java:logFallback(53)) - raft.grpc.client.host = null (fallback to raft.grpc.server.host)
2024-01-26 11:56:07,746 [Mini-Cluster-Provider-Create] INFO  grpc.GrpcConfigKeys (ConfUtils.java:logGet(46)) - raft.grpc.client.port = 15012 (custom)
2024-01-26 11:56:07,746 [Mini-Cluster-Provider-Create] INFO  grpc.GrpcConfigKeys (ConfUtils.java:logGet(46)) - raft.grpc.server.host = null (default)
2024-01-26 11:56:07,746 [Mini-Cluster-Provider-Create] INFO  grpc.GrpcConfigKeys (ConfUtils.java:logGet(46)) - raft.grpc.server.port = 15014 (custom)
2024-01-26 11:56:07,746 [Mini-Cluster-Provider-Create] INFO  server.GrpcService (ConfUtils.java:logGet(46)) - raft.grpc.message.size.max = 32MB (=33554432) (custom)
2024-01-26 11:56:07,746 [Mini-Cluster-Provider-Create] INFO  server.RaftServerConfigKeys (ConfUtils.java:logGet(46)) - raft.server.log.appender.buffer.byte-limit = 8388608 (custom)
2024-01-26 11:56:07,747 [Mini-Cluster-Provider-Create] INFO  server.GrpcService (ConfUtils.java:logGet(46)) - raft.grpc.flow.control.window = 5MB (=5242880) (custom)
2024-01-26 11:56:07,747 [Mini-Cluster-Provider-Create] INFO  server.RaftServerConfigKeys (ConfUtils.java:logGet(46)) - raft.server.rpc.request.timeout = 60s (custom)
2024-01-26 11:56:07,747 [Mini-Cluster-Provider-Create] INFO  grpc.GrpcConfigKeys (ConfUtils.java:logGet(46)) - raft.grpc.server.heartbeat.channel = true (default)
2024-01-26 11:56:07,747 [Mini-Cluster-Provider-Create] INFO  grpc.GrpcConfigKeys (ConfUtils.java:logGet(46)) - raft.grpc.server.async.request.thread.pool.cached = true (default)
2024-01-26 11:56:07,747 [Mini-Cluster-Provider-Create] INFO  grpc.GrpcConfigKeys (ConfUtils.java:logGet(46)) - raft.grpc.server.async.request.thread.pool.size = 32 (default)
2024-01-26 11:56:07,749 [Mini-Cluster-Provider-Create] INFO  impl.DataStreamServerImpl (ConfUtils.java:logGet(46)) - raft.datastream.type = NETTY (custom)
2024-01-26 11:56:07,758 [Mini-Cluster-Provider-Create] INFO  server.RaftServerConfigKeys (ConfUtils.java:logGet(46)) - raft.server.data-stream.async.request.thread.pool.cached = false (default)
2024-01-26 11:56:07,758 [Mini-Cluster-Provider-Create] INFO  server.RaftServerConfigKeys (ConfUtils.java:logGet(46)) - raft.server.data-stream.async.request.thread.pool.size = 20 (custom)
2024-01-26 11:56:07,759 [Mini-Cluster-Provider-Create] INFO  server.RaftServerConfigKeys (ConfUtils.java:logGet(46)) - raft.server.data-stream.async.write.thread.pool.size = 16 (default)
2024-01-26 11:56:07,760 [Mini-Cluster-Provider-Create] INFO  netty.NettyConfigKeys$DataStream (ConfUtils.java:logGet(46)) - raft.netty.dataStream.server.channel.inactive.grace-period = 10min (default)
2024-01-26 11:56:07,760 [Mini-Cluster-Provider-Create] INFO  server.RaftServerConfigKeys (ConfUtils.java:logGet(46)) - raft.server.data-stream.client.pool.size = 10 (default)
2024-01-26 11:56:07,761 [Mini-Cluster-Provider-Create] INFO  netty.NettyConfigKeys$DataStream (ConfUtils.java:logGet(46)) - raft.netty.dataStream.server.use-epoll = true (default)
2024-01-26 11:56:07,762 [Mini-Cluster-Provider-Create] INFO  netty.NettyConfigKeys$DataStream (ConfUtils.java:logGet(46)) - raft.netty.dataStream.server.boss-group.size = 0 (default)
2024-01-26 11:56:07,762 [Mini-Cluster-Provider-Create] INFO  netty.NettyUtils (NettyUtils.java:newEventLoopGroup(69)) - Create EpollEventLoopGroup for 5e57565a-2fac-4b31-b24f-016e073e3d73-NettyServerStreamRpc-bossGroup; Thread size is 0.
2024-01-26 11:56:07,775 [Mini-Cluster-Provider-Create] INFO  netty.NettyConfigKeys$DataStream (ConfUtils.java:logGet(46)) - raft.netty.dataStream.server.worker-group.size = 0 (default)
2024-01-26 11:56:07,775 [Mini-Cluster-Provider-Create] INFO  netty.NettyUtils (NettyUtils.java:newEventLoopGroup(69)) - Create EpollEventLoopGroup for 5e57565a-2fac-4b31-b24f-016e073e3d73-NettyServerStreamRpc-workerGroup; Thread size is 0.
2024-01-26 11:56:07,776 [Mini-Cluster-Provider-Create] INFO  netty.NettyConfigKeys$DataStream (ConfUtils.java:logGet(46)) - raft.netty.dataStream.server.tls.conf = null (default)
2024-01-26 11:56:07,778 [Mini-Cluster-Provider-Create] INFO  netty.NettyConfigKeys$DataStream (ConfUtils.java:logGet(46)) - raft.netty.dataStream.host = null (default)
2024-01-26 11:56:07,778 [Mini-Cluster-Provider-Create] INFO  netty.NettyConfigKeys$DataStream (ConfUtils.java:logGet(46)) - raft.netty.dataStream.port = 15015 (custom)
2024-01-26 11:56:07,782 [Mini-Cluster-Provider-Create] INFO  server.RaftServerConfigKeys (ConfUtils.java:logGet(46)) - raft.server.sleep.deviation.threshold = 300ms (default)
2024-01-26 11:56:07,782 [Mini-Cluster-Provider-Create] INFO  server.RaftServerConfigKeys (ConfUtils.java:logGet(46)) - raft.server.close.threshold = 60s (default)
2024-01-26 11:56:07,782 [Mini-Cluster-Provider-Create] INFO  server.RaftServerConfigKeys (ConfUtils.java:logGet(46)) - raft.server.leaderelection.leader.step-down.wait-time = 10s (default)
2024-01-26 11:56:07,782 [Mini-Cluster-Provider-Create] INFO  server.RaftServerConfigKeys (ConfUtils.java:logGet(46)) - raft.server.storage.dir = [/home/runner/work/ozone/ozone/hadoop-ozone/integration-test/target/test-dir/MiniOzoneClusterImpl-b54bfeae-1ef8-4c1d-b639-09e56ef7dc0e/datanode-0/data/ratis] (custom)
2024-01-26 11:56:07,782 [Mini-Cluster-Provider-Create] INFO  server.RaftServerConfigKeys (ConfUtils.java:logGet(46)) - raft.server.threadpool.proxy.cached = true (default)
2024-01-26 11:56:07,783 [Mini-Cluster-Provider-Create] INFO  server.RaftServerConfigKeys (ConfUtils.java:logGet(46)) - raft.server.threadpool.proxy.size = 0 (default)
2024-01-26 11:56:07,783 [5e57565a-2fac-4b31-b24f-016e073e3d73-impl-thread1] INFO  server.RaftServer (RaftServerProxy.java:initGroupDir(264)) - 5e57565a-2fac-4b31-b24f-016e073e3d73: found a subdirectory /home/runner/work/ozone/ozone/hadoop-ozone/integration-test/target/test-dir/MiniOzoneClusterImpl-b54bfeae-1ef8-4c1d-b639-09e56ef7dc0e/datanode-0/data/ratis/tmp
2024-01-26 11:56:07,784 [5e57565a-2fac-4b31-b24f-016e073e3d73-impl-thread1] INFO  server.RaftServer (RaftServerProxy.java:initGroupDir(269)) - 5e57565a-2fac-4b31-b24f-016e073e3d73: The directory /home/runner/work/ozone/ozone/hadoop-ozone/integration-test/target/test-dir/MiniOzoneClusterImpl-b54bfeae-1ef8-4c1d-b639-09e56ef7dc0e/datanode-0/data/ratis/tmp is not a group directory; ignoring it. 
2024-01-26 11:56:07,787 [Mini-Cluster-Provider-Create] INFO  replication.ReplicationServer (ReplicationServer.java:<init>(85)) - Initializing replication server with thread count = 10 queue length = 4096
2024-01-26 11:56:07,792 [5e57565a-2fac-4b31-b24f-016e073e3d73-NettyServerStreamRpc-bossGroup--thread1] INFO  logging.LoggingHandler (AbstractInternalLogger.java:log(148)) - [id: 0xcf6dea0e] REGISTERED
2024-01-26 11:56:07,792 [5e57565a-2fac-4b31-b24f-016e073e3d73-NettyServerStreamRpc-bossGroup--thread1] INFO  logging.LoggingHandler (AbstractInternalLogger.java:log(148)) - [id: 0xcf6dea0e] BIND: 0.0.0.0/0.0.0.0:15015
2024-01-26 11:56:07,792 [5e57565a-2fac-4b31-b24f-016e073e3d73-NettyServerStreamRpc-bossGroup--thread1] INFO  logging.LoggingHandler (AbstractInternalLogger.java:log(148)) - [id: 0xcf6dea0e, L:/0.0.0.0:15015] ACTIVE
2024-01-26 11:56:07,804 [Mini-Cluster-Provider-Create] INFO  server.XceiverServerGrpc (XceiverServerGrpc.java:<init>(141)) - GrpcServer channel type EpollServerSocketChannel
2024-01-26 11:56:07,875 [Mini-Cluster-Provider-Create] INFO  replication.ReplicationSupervisor (ReplicationSupervisor.java:build(163)) - Initializing replication supervisor with thread count = 10
2024-01-26 11:56:07,875 [Mini-Cluster-Provider-Create] INFO  replication.ReplicationSupervisor (ReplicationSupervisor.java:nodeStateUpdated(317)) - Node state updated to IN_SERVICE, scaling executor pool size to 10
2024-01-26 11:56:07,911 [Mini-Cluster-Provider-Create] INFO  http.BaseHttpServer (BaseHttpServer.java:newHttpServer2BuilderForOzone(223)) - Starting Web-server for hddsDatanode at: http://0.0.0.0:15009
2024-01-26 11:56:07,911 [Mini-Cluster-Provider-Create] INFO  http.BaseHttpServer (BaseHttpServer.java:<init>(110)) - Hadoop Security Enabled: false Ozone Security Enabled: false Ozone HTTP Security Enabled: false 
2024-01-26 11:56:07,913 [Mini-Cluster-Provider-Create] WARN  server.AuthenticationFilter (AuthenticationFilter.java:constructSecretProvider(240)) - Unable to initialize FileSignerSecretProvider, falling back to use random secrets. Reason: Could not read signature secret file: /home/runner/hadoop-http-auth-signature-secret
2024-01-26 11:56:07,913 [Mini-Cluster-Provider-Create] INFO  http.HttpRequestLog (HttpRequestLog.java:getRequestLog(86)) - Http request log for http.requests.hddsDatanode is not defined
2024-01-26 11:56:07,915 [Mini-Cluster-Provider-Create] INFO  http.HttpServer2 (HttpServer2.java:addGlobalFilter(1036)) - Added global filter 'safety' (class=org.apache.hadoop.hdds.server.http.HttpServer2$QuotingInputFilter)
2024-01-26 11:56:07,916 [Mini-Cluster-Provider-Create] INFO  http.HttpServer2 (HttpServer2.java:addFilter(1012)) - Added filter static_user_filter (class=org.apache.hadoop.http.lib.StaticUserWebFilter$StaticUserFilter) to context hddsDatanode
2024-01-26 11:56:07,916 [Mini-Cluster-Provider-Create] INFO  http.HttpServer2 (HttpServer2.java:addFilter(1020)) - Added filter static_user_filter (class=org.apache.hadoop.http.lib.StaticUserWebFilter$StaticUserFilter) to context static
2024-01-26 11:56:07,916 [Mini-Cluster-Provider-Create] INFO  http.HttpServer2 (HttpServer2.java:addFilter(1020)) - Added filter static_user_filter (class=org.apache.hadoop.http.lib.StaticUserWebFilter$StaticUserFilter) to context logs
2024-01-26 11:56:07,917 [Mini-Cluster-Provider-Create] INFO  http.BaseHttpServer (BaseHttpServer.java:<init>(189)) - HTTP server of hddsDatanode uses base directory /home/runner/work/ozone/ozone/hadoop-ozone/integration-test/target/test-dir/MiniOzoneClusterImpl-b54bfeae-1ef8-4c1d-b639-09e56ef7dc0e/datanode-0/meta/webserver
2024-01-26 11:56:07,918 [Mini-Cluster-Provider-Create] INFO  http.HttpServer2 (HttpServer2.java:bindListener(1236)) - Jetty bound to port 15009
2024-01-26 11:56:07,918 [Mini-Cluster-Provider-Create] INFO  server.Server (Server.java:doStart(375)) - jetty-9.4.53.v20231009; built: 2023-10-09T12:29:09.265Z; git: 27bde00a0b95a1d5bbee0eae7984f891d2d0f8c9; jvm 1.8.0_392-b08
2024-01-26 11:56:07,924 [Mini-Cluster-Provider-Create] INFO  server.session (DefaultSessionIdManager.java:doStart(334)) - DefaultSessionIdManager workerName=node0
2024-01-26 11:56:07,924 [Mini-Cluster-Provider-Create] INFO  server.session (DefaultSessionIdManager.java:doStart(339)) - No SessionScavenger set, using defaults
2024-01-26 11:56:07,925 [Mini-Cluster-Provider-Create] INFO  server.session (HouseKeeper.java:startScavenging(132)) - node0 Scavenging every 600000ms
2024-01-26 11:56:07,925 [Mini-Cluster-Provider-Create] INFO  handler.ContextHandler (ContextHandler.java:doStart(921)) - Started o.e.j.s.ServletContextHandler@9f726d3{logs,/logs,file:///home/runner/work/ozone/ozone/hadoop-ozone/integration-test/target/log,AVAILABLE}
2024-01-26 11:56:07,926 [Mini-Cluster-Provider-Create] INFO  handler.ContextHandler (ContextHandler.java:doStart(921)) - Started o.e.j.s.ServletContextHandler@57933bb2{static,/static,jar:file:/home/runner/.m2/repository/org/apache/ozone/hdds-container-service/1.5.0-SNAPSHOT/hdds-container-service-1.5.0-SNAPSHOT.jar!/webapps/static,AVAILABLE}
2024-01-26 11:56:07,994 [Mini-Cluster-Provider-Create] INFO  handler.ContextHandler (ContextHandler.java:doStart(921)) - Started o.e.j.w.WebAppContext@6f441039{hddsDatanode,/,file:///home/runner/work/ozone/ozone/hadoop-ozone/integration-test/target/test-dir/MiniOzoneClusterImpl-b54bfeae-1ef8-4c1d-b639-09e56ef7dc0e/datanode-0/meta/webserver/jetty-0_0_0_0-15009-hdds-container-service-1_5_0-SNAPSHOT_jar-_-any-410007634210090533/webapp/,AVAILABLE}{jar:file:/home/runner/.m2/repository/org/apache/ozone/hdds-container-service/1.5.0-SNAPSHOT/hdds-container-service-1.5.0-SNAPSHOT.jar!/webapps/hddsDatanode}
2024-01-26 11:56:07,995 [Mini-Cluster-Provider-Create] INFO  server.AbstractConnector (AbstractConnector.java:doStart(333)) - Started ServerConnector@6fee0fe2{HTTP/1.1, (http/1.1)}{0.0.0.0:15009}
2024-01-26 11:56:07,995 [Mini-Cluster-Provider-Create] INFO  server.Server (Server.java:doStart(415)) - Started @6560ms
2024-01-26 11:56:07,996 [Mini-Cluster-Provider-Create] WARN  impl.MetricsSystemImpl (MetricsSystemImpl.java:register(279)) - Sink prometheus already exists!
2024-01-26 11:56:07,996 [Mini-Cluster-Provider-Create] INFO  http.BaseHttpServer (BaseHttpServer.java:updateConnectorAddress(354)) - HTTP server of hddsDatanode listening at http://0.0.0.0:15009
2024-01-26 11:56:07,998 [Mini-Cluster-Provider-Create] INFO  ipc.CallQueueManager (CallQueueManager.java:<init>(90)) - Using callQueue: class java.util.concurrent.LinkedBlockingQueue, queueCapacity: 100, scheduler: class org.apache.hadoop.ipc.DefaultRpcScheduler, ipcBackoff: false.
2024-01-26 11:56:07,999 [Mini-Cluster-Provider-Create] INFO  ipc.Server (Server.java:<init>(1287)) - Listener at 0.0.0.0:15010
2024-01-26 11:56:07,999 [Socket Reader #1 for port 15010] INFO  ipc.Server (Server.java:run(1323)) - Starting Socket Reader #1 for port 15010
2024-01-26 11:56:08,002 [Mini-Cluster-Provider-Create] INFO  ozone.HddsDatanodeService (HddsDatanodeService.java:start(324)) - Datanode start with admins: [runner]
2024-01-26 11:56:08,002 [Mini-Cluster-Provider-Create] INFO  ozone.HddsDatanodeClientProtocolServer (HddsDatanodeClientProtocolServer.java:start(72)) - RPC server for Client /0.0.0.0:15010
2024-01-26 11:56:08,002 [IPC Server Responder] INFO  ipc.Server (Server.java:run(1562)) - IPC Server Responder: starting
2024-01-26 11:56:08,002 [IPC Server listener on 15010] INFO  ipc.Server (Server.java:run(1402)) - IPC Server listener on 15010: starting
2024-01-26 11:56:08,004 [5e57565a-2fac-4b31-b24f-016e073e3d73-DatanodeStateMachineDaemonThread] INFO  statemachine.DatanodeStateMachine (DatanodeStateMachine.java:lambda$startDaemon$1(555)) - Ozone container server started.
2024-01-26 11:56:08,005 [Mini-Cluster-Provider-Create] WARN  dropwizard3.Dm3MetricRegistriesImpl (Dm3MetricRegistriesImpl.java:addReporterRegistration(113)) - New reporters are added after registries were created. Some metrics will be missing from the reporter. Please add reporter before adding any new registry.
2024-01-26 11:56:08,005 [Mini-Cluster-Provider-Create] WARN  dropwizard3.Dm3MetricRegistriesImpl (Dm3MetricRegistriesImpl.java:addReporterRegistration(113)) - New reporters are added after registries were created. Some metrics will be missing from the reporter. Please add reporter before adding any new registry.
2024-01-26 11:56:08,006 [Mini-Cluster-Provider-Create] INFO  impl.MetricsSystemImpl (MetricsSystemImpl.java:init(158)) - HddsDatanode metrics system started (again)
2024-01-26 11:56:08,019 [Mini-Cluster-Provider-Create] INFO  ozone.HddsDatanodeService (HddsDatanodeService.java:start(239)) - HddsDatanodeService host:fv-az1250-627 ip:10.1.0.50
2024-01-26 11:56:08,035 [Mini-Cluster-Provider-Create] INFO  upgrade.AbstractLayoutVersionManager (AbstractLayoutVersionManager.java:init(83)) - Initializing Layout version manager with metadata layout = HADOOP_PRC_PORTS_IN_DATANODEDETAILS (version = 7), software layout = HADOOP_PRC_PORTS_IN_DATANODEDETAILS (version = 7)
2024-01-26 11:56:08,035 [Mini-Cluster-Provider-Create] INFO  statemachine.DatanodeStateMachine (DatanodeStateMachine.java:getEndPointTaskThreadPoolSize(299)) - Datanode State Machine Task Thread Pool size 2
2024-01-26 11:56:08,039 [Mini-Cluster-Provider-Create] INFO  volume.HddsVolume (HddsVolume.java:<init>(125)) - Creating HddsVolume: /home/runner/work/ozone/ozone/hadoop-ozone/integration-test/target/test-dir/MiniOzoneClusterImpl-b54bfeae-1ef8-4c1d-b639-09e56ef7dc0e/datanode-1/data-0/containers/hdds of storage type : DISK capacity : 9223372036854775807
2024-01-26 11:56:08,039 [Mini-Cluster-Provider-Create] INFO  volume.MutableVolumeSet (MutableVolumeSet.java:initializeVolumeSet(173)) - Added Volume : /home/runner/work/ozone/ozone/hadoop-ozone/integration-test/target/test-dir/MiniOzoneClusterImpl-b54bfeae-1ef8-4c1d-b639-09e56ef7dc0e/datanode-1/data-0/containers/hdds to VolumeSet
2024-01-26 11:56:08,041 [Mini-Cluster-Provider-Create] INFO  volume.MutableVolumeSet (MutableVolumeSet.java:initializeVolumeSet(173)) - Added Volume : /home/runner/work/ozone/ozone/hadoop-ozone/integration-test/target/test-dir/MiniOzoneClusterImpl-b54bfeae-1ef8-4c1d-b639-09e56ef7dc0e/datanode-1/data/ratis to VolumeSet
2024-01-26 11:56:08,042 [Mini-Cluster-Provider-Create] INFO  ozoneimpl.OzoneContainer (HddsVolumeUtil.java:loadAllHddsVolumeDbStore(103)) - Load 1 volumes DbStore cost: 0ms
2024-01-26 11:56:08,042 [5c737fdf-f228-4231-bbf6-1cc383ec73d2-ContainerReader-0] INFO  ozoneimpl.ContainerReader (ContainerReader.java:readVolume(178)) - Finish verifying containers on volume /home/runner/work/ozone/ozone/hadoop-ozone/integration-test/target/test-dir/MiniOzoneClusterImpl-b54bfeae-1ef8-4c1d-b639-09e56ef7dc0e/datanode-1/data-0/containers/hdds
2024-01-26 11:56:08,043 [Mini-Cluster-Provider-Create] INFO  ozoneimpl.OzoneContainer (OzoneContainer.java:buildContainerSet(328)) - Build ContainerSet costs 0s
2024-01-26 11:56:08,046 [Mini-Cluster-Provider-Create] INFO  server.RaftServer (ConfUtils.java:logGet(46)) - raft.rpc.type = GRPC (default)
2024-01-26 11:56:08,047 [Mini-Cluster-Provider-Create] INFO  grpc.GrpcConfigKeys (ConfUtils.java:logFallback(53)) - raft.grpc.admin.host = null (fallback to raft.grpc.server.host)
2024-01-26 11:56:08,047 [Mini-Cluster-Provider-Create] INFO  grpc.GrpcConfigKeys (ConfUtils.java:logGet(46)) - raft.grpc.admin.port = 15022 (custom)
2024-01-26 11:56:08,047 [Mini-Cluster-Provider-Create] INFO  grpc.GrpcConfigKeys (ConfUtils.java:logFallback(53)) - raft.grpc.client.host = null (fallback to raft.grpc.server.host)
2024-01-26 11:56:08,047 [Mini-Cluster-Provider-Create] INFO  grpc.GrpcConfigKeys (ConfUtils.java:logGet(46)) - raft.grpc.client.port = 15021 (custom)
2024-01-26 11:56:08,047 [Mini-Cluster-Provider-Create] INFO  grpc.GrpcConfigKeys (ConfUtils.java:logGet(46)) - raft.grpc.server.host = null (default)
2024-01-26 11:56:08,047 [Mini-Cluster-Provider-Create] INFO  grpc.GrpcConfigKeys (ConfUtils.java:logGet(46)) - raft.grpc.server.port = 15023 (custom)
2024-01-26 11:56:08,048 [Mini-Cluster-Provider-Create] INFO  server.GrpcService (ConfUtils.java:logGet(46)) - raft.grpc.message.size.max = 32MB (=33554432) (custom)
2024-01-26 11:56:08,048 [Mini-Cluster-Provider-Create] INFO  server.RaftServerConfigKeys (ConfUtils.java:logGet(46)) - raft.server.log.appender.buffer.byte-limit = 8388608 (custom)
2024-01-26 11:56:08,048 [Mini-Cluster-Provider-Create] INFO  server.GrpcService (ConfUtils.java:logGet(46)) - raft.grpc.flow.control.window = 5MB (=5242880) (custom)
2024-01-26 11:56:08,048 [Mini-Cluster-Provider-Create] INFO  server.RaftServerConfigKeys (ConfUtils.java:logGet(46)) - raft.server.rpc.request.timeout = 60s (custom)
2024-01-26 11:56:08,048 [Mini-Cluster-Provider-Create] INFO  grpc.GrpcConfigKeys (ConfUtils.java:logGet(46)) - raft.grpc.server.heartbeat.channel = true (default)
2024-01-26 11:56:08,048 [Mini-Cluster-Provider-Create] INFO  grpc.GrpcConfigKeys (ConfUtils.java:logGet(46)) - raft.grpc.server.async.request.thread.pool.cached = true (default)
2024-01-26 11:56:08,048 [Mini-Cluster-Provider-Create] INFO  grpc.GrpcConfigKeys (ConfUtils.java:logGet(46)) - raft.grpc.server.async.request.thread.pool.size = 32 (default)
2024-01-26 11:56:08,050 [Mini-Cluster-Provider-Create] INFO  impl.DataStreamServerImpl (ConfUtils.java:logGet(46)) - raft.datastream.type = NETTY (custom)
2024-01-26 11:56:08,051 [Mini-Cluster-Provider-Create] INFO  server.RaftServerConfigKeys (ConfUtils.java:logGet(46)) - raft.server.data-stream.async.request.thread.pool.cached = false (default)
2024-01-26 11:56:08,051 [Mini-Cluster-Provider-Create] INFO  server.RaftServerConfigKeys (ConfUtils.java:logGet(46)) - raft.server.data-stream.async.request.thread.pool.size = 20 (custom)
2024-01-26 11:56:08,051 [Mini-Cluster-Provider-Create] INFO  server.RaftServerConfigKeys (ConfUtils.java:logGet(46)) - raft.server.data-stream.async.write.thread.pool.size = 16 (default)
2024-01-26 11:56:08,051 [Mini-Cluster-Provider-Create] INFO  netty.NettyConfigKeys$DataStream (ConfUtils.java:logGet(46)) - raft.netty.dataStream.server.channel.inactive.grace-period = 10min (default)
2024-01-26 11:56:08,051 [Mini-Cluster-Provider-Create] INFO  server.RaftServerConfigKeys (ConfUtils.java:logGet(46)) - raft.server.data-stream.client.pool.size = 10 (default)
2024-01-26 11:56:08,052 [Mini-Cluster-Provider-Create] INFO  netty.NettyConfigKeys$DataStream (ConfUtils.java:logGet(46)) - raft.netty.dataStream.server.use-epoll = true (default)
2024-01-26 11:56:08,052 [Mini-Cluster-Provider-Create] INFO  netty.NettyConfigKeys$DataStream (ConfUtils.java:logGet(46)) - raft.netty.dataStream.server.boss-group.size = 0 (default)
2024-01-26 11:56:08,052 [Mini-Cluster-Provider-Create] INFO  netty.NettyUtils (NettyUtils.java:newEventLoopGroup(69)) - Create EpollEventLoopGroup for 5c737fdf-f228-4231-bbf6-1cc383ec73d2-NettyServerStreamRpc-bossGroup; Thread size is 0.
2024-01-26 11:56:08,052 [Mini-Cluster-Provider-Create] INFO  netty.NettyConfigKeys$DataStream (ConfUtils.java:logGet(46)) - raft.netty.dataStream.server.worker-group.size = 0 (default)
2024-01-26 11:56:08,052 [Mini-Cluster-Provider-Create] INFO  netty.NettyUtils (NettyUtils.java:newEventLoopGroup(69)) - Create EpollEventLoopGroup for 5c737fdf-f228-4231-bbf6-1cc383ec73d2-NettyServerStreamRpc-workerGroup; Thread size is 0.
2024-01-26 11:56:08,053 [Mini-Cluster-Provider-Create] INFO  netty.NettyConfigKeys$DataStream (ConfUtils.java:logGet(46)) - raft.netty.dataStream.server.tls.conf = null (default)
2024-01-26 11:56:08,053 [Mini-Cluster-Provider-Create] INFO  netty.NettyConfigKeys$DataStream (ConfUtils.java:logGet(46)) - raft.netty.dataStream.host = null (default)
2024-01-26 11:56:08,053 [Mini-Cluster-Provider-Create] INFO  netty.NettyConfigKeys$DataStream (ConfUtils.java:logGet(46)) - raft.netty.dataStream.port = 15024 (custom)
2024-01-26 11:56:08,055 [Mini-Cluster-Provider-Create] INFO  server.RaftServerConfigKeys (ConfUtils.java:logGet(46)) - raft.server.sleep.deviation.threshold = 300ms (default)
2024-01-26 11:56:08,055 [Mini-Cluster-Provider-Create] INFO  server.RaftServerConfigKeys (ConfUtils.java:logGet(46)) - raft.server.close.threshold = 60s (default)
2024-01-26 11:56:08,055 [Mini-Cluster-Provider-Create] INFO  server.RaftServerConfigKeys (ConfUtils.java:logGet(46)) - raft.server.leaderelection.leader.step-down.wait-time = 10s (default)
2024-01-26 11:56:08,056 [Mini-Cluster-Provider-Create] INFO  server.RaftServerConfigKeys (ConfUtils.java:logGet(46)) - raft.server.storage.dir = [/home/runner/work/ozone/ozone/hadoop-ozone/integration-test/target/test-dir/MiniOzoneClusterImpl-b54bfeae-1ef8-4c1d-b639-09e56ef7dc0e/datanode-1/data/ratis] (custom)
2024-01-26 11:56:08,056 [Mini-Cluster-Provider-Create] INFO  server.RaftServerConfigKeys (ConfUtils.java:logGet(46)) - raft.server.threadpool.proxy.cached = true (default)
2024-01-26 11:56:08,056 [Mini-Cluster-Provider-Create] INFO  server.RaftServerConfigKeys (ConfUtils.java:logGet(46)) - raft.server.threadpool.proxy.size = 0 (default)
2024-01-26 11:56:08,064 [5c737fdf-f228-4231-bbf6-1cc383ec73d2-NettyServerStreamRpc-bossGroup--thread1] INFO  logging.LoggingHandler (AbstractInternalLogger.java:log(148)) - [id: 0xdfc58267] REGISTERED
2024-01-26 11:56:08,064 [5c737fdf-f228-4231-bbf6-1cc383ec73d2-NettyServerStreamRpc-bossGroup--thread1] INFO  logging.LoggingHandler (AbstractInternalLogger.java:log(148)) - [id: 0xdfc58267] BIND: 0.0.0.0/0.0.0.0:15024
2024-01-26 11:56:08,065 [5c737fdf-f228-4231-bbf6-1cc383ec73d2-NettyServerStreamRpc-bossGroup--thread1] INFO  logging.LoggingHandler (AbstractInternalLogger.java:log(148)) - [id: 0xdfc58267, L:/0.0.0.0:15024] ACTIVE
2024-01-26 11:56:08,064 [5c737fdf-f228-4231-bbf6-1cc383ec73d2-impl-thread1] INFO  server.RaftServer (RaftServerProxy.java:initGroupDir(264)) - 5c737fdf-f228-4231-bbf6-1cc383ec73d2: found a subdirectory /home/runner/work/ozone/ozone/hadoop-ozone/integration-test/target/test-dir/MiniOzoneClusterImpl-b54bfeae-1ef8-4c1d-b639-09e56ef7dc0e/datanode-1/data/ratis/tmp
2024-01-26 11:56:08,067 [5c737fdf-f228-4231-bbf6-1cc383ec73d2-impl-thread1] INFO  server.RaftServer (RaftServerProxy.java:initGroupDir(269)) - 5c737fdf-f228-4231-bbf6-1cc383ec73d2: The directory /home/runner/work/ozone/ozone/hadoop-ozone/integration-test/target/test-dir/MiniOzoneClusterImpl-b54bfeae-1ef8-4c1d-b639-09e56ef7dc0e/datanode-1/data/ratis/tmp is not a group directory; ignoring it. 
2024-01-26 11:56:08,067 [Mini-Cluster-Provider-Create] INFO  replication.ReplicationServer (ReplicationServer.java:<init>(85)) - Initializing replication server with thread count = 10 queue length = 4096
2024-01-26 11:56:08,068 [Mini-Cluster-Provider-Create] INFO  server.XceiverServerGrpc (XceiverServerGrpc.java:<init>(141)) - GrpcServer channel type EpollServerSocketChannel
2024-01-26 11:56:08,071 [Mini-Cluster-Provider-Create] INFO  replication.ReplicationSupervisor (ReplicationSupervisor.java:build(163)) - Initializing replication supervisor with thread count = 10
2024-01-26 11:56:08,072 [Mini-Cluster-Provider-Create] INFO  replication.ReplicationSupervisor (ReplicationSupervisor.java:nodeStateUpdated(317)) - Node state updated to IN_SERVICE, scaling executor pool size to 10
2024-01-26 11:56:08,075 [Mini-Cluster-Provider-Create] INFO  http.BaseHttpServer (BaseHttpServer.java:newHttpServer2BuilderForOzone(223)) - Starting Web-server for hddsDatanode at: http://0.0.0.0:15018
2024-01-26 11:56:08,075 [Mini-Cluster-Provider-Create] INFO  http.BaseHttpServer (BaseHttpServer.java:<init>(110)) - Hadoop Security Enabled: false Ozone Security Enabled: false Ozone HTTP Security Enabled: false 
2024-01-26 11:56:08,077 [Mini-Cluster-Provider-Create] WARN  server.AuthenticationFilter (AuthenticationFilter.java:constructSecretProvider(240)) - Unable to initialize FileSignerSecretProvider, falling back to use random secrets. Reason: Could not read signature secret file: /home/runner/hadoop-http-auth-signature-secret
2024-01-26 11:56:08,079 [Mini-Cluster-Provider-Create] INFO  http.HttpRequestLog (HttpRequestLog.java:getRequestLog(86)) - Http request log for http.requests.hddsDatanode is not defined
2024-01-26 11:56:08,080 [Mini-Cluster-Provider-Create] INFO  http.HttpServer2 (HttpServer2.java:addGlobalFilter(1036)) - Added global filter 'safety' (class=org.apache.hadoop.hdds.server.http.HttpServer2$QuotingInputFilter)
2024-01-26 11:56:08,081 [Mini-Cluster-Provider-Create] INFO  http.HttpServer2 (HttpServer2.java:addFilter(1012)) - Added filter static_user_filter (class=org.apache.hadoop.http.lib.StaticUserWebFilter$StaticUserFilter) to context hddsDatanode
2024-01-26 11:56:08,082 [Mini-Cluster-Provider-Create] INFO  http.HttpServer2 (HttpServer2.java:addFilter(1020)) - Added filter static_user_filter (class=org.apache.hadoop.http.lib.StaticUserWebFilter$StaticUserFilter) to context logs
2024-01-26 11:56:08,082 [Mini-Cluster-Provider-Create] INFO  http.HttpServer2 (HttpServer2.java:addFilter(1020)) - Added filter static_user_filter (class=org.apache.hadoop.http.lib.StaticUserWebFilter$StaticUserFilter) to context static
2024-01-26 11:56:08,082 [Mini-Cluster-Provider-Create] INFO  http.BaseHttpServer (BaseHttpServer.java:<init>(189)) - HTTP server of hddsDatanode uses base directory /home/runner/work/ozone/ozone/hadoop-ozone/integration-test/target/test-dir/MiniOzoneClusterImpl-b54bfeae-1ef8-4c1d-b639-09e56ef7dc0e/datanode-1/meta/webserver
2024-01-26 11:56:08,084 [Mini-Cluster-Provider-Create] INFO  http.HttpServer2 (HttpServer2.java:bindListener(1236)) - Jetty bound to port 15018
2024-01-26 11:56:08,085 [Mini-Cluster-Provider-Create] INFO  server.Server (Server.java:doStart(375)) - jetty-9.4.53.v20231009; built: 2023-10-09T12:29:09.265Z; git: 27bde00a0b95a1d5bbee0eae7984f891d2d0f8c9; jvm 1.8.0_392-b08
2024-01-26 11:56:08,093 [Mini-Cluster-Provider-Create] INFO  server.session (DefaultSessionIdManager.java:doStart(334)) - DefaultSessionIdManager workerName=node0
2024-01-26 11:56:08,093 [Mini-Cluster-Provider-Create] INFO  server.session (DefaultSessionIdManager.java:doStart(339)) - No SessionScavenger set, using defaults
2024-01-26 11:56:08,094 [Mini-Cluster-Provider-Create] INFO  server.session (HouseKeeper.java:startScavenging(132)) - node0 Scavenging every 660000ms
2024-01-26 11:56:08,094 [Mini-Cluster-Provider-Create] INFO  handler.ContextHandler (ContextHandler.java:doStart(921)) - Started o.e.j.s.ServletContextHandler@3ac16c99{logs,/logs,file:///home/runner/work/ozone/ozone/hadoop-ozone/integration-test/target/log,AVAILABLE}
2024-01-26 11:56:08,094 [Mini-Cluster-Provider-Create] INFO  handler.ContextHandler (ContextHandler.java:doStart(921)) - Started o.e.j.s.ServletContextHandler@3db91321{static,/static,jar:file:/home/runner/.m2/repository/org/apache/ozone/hdds-container-service/1.5.0-SNAPSHOT/hdds-container-service-1.5.0-SNAPSHOT.jar!/webapps/static,AVAILABLE}
2024-01-26 11:56:08,104 [5e57565a-2fac-4b31-b24f-016e073e3d73-DatanodeStateMachineTaskThread-0] INFO  datanode.InitDatanodeState (InitDatanodeState.java:persistContainerDatanodeDetails(139)) - DatanodeDetails is persisted to /home/runner/work/ozone/ozone/hadoop-ozone/integration-test/target/test-dir/MiniOzoneClusterImpl-b54bfeae-1ef8-4c1d-b639-09e56ef7dc0e/datanode-0/meta/datanode.id
2024-01-26 11:56:08,133 [Mini-Cluster-Provider-Create] INFO  handler.ContextHandler (ContextHandler.java:doStart(921)) - Started o.e.j.w.WebAppContext@6d3554bc{hddsDatanode,/,file:///home/runner/work/ozone/ozone/hadoop-ozone/integration-test/target/test-dir/MiniOzoneClusterImpl-b54bfeae-1ef8-4c1d-b639-09e56ef7dc0e/datanode-1/meta/webserver/jetty-0_0_0_0-15018-hdds-container-service-1_5_0-SNAPSHOT_jar-_-any-5767457908272309430/webapp/,AVAILABLE}{jar:file:/home/runner/.m2/repository/org/apache/ozone/hdds-container-service/1.5.0-SNAPSHOT/hdds-container-service-1.5.0-SNAPSHOT.jar!/webapps/hddsDatanode}
2024-01-26 11:56:08,134 [Mini-Cluster-Provider-Create] INFO  server.AbstractConnector (AbstractConnector.java:doStart(333)) - Started ServerConnector@7ecc67d4{HTTP/1.1, (http/1.1)}{0.0.0.0:15018}
2024-01-26 11:56:08,134 [Mini-Cluster-Provider-Create] INFO  server.Server (Server.java:doStart(415)) - Started @6698ms
2024-01-26 11:56:08,134 [Mini-Cluster-Provider-Create] WARN  impl.MetricsSystemImpl (MetricsSystemImpl.java:register(279)) - Sink prometheus already exists!
2024-01-26 11:56:08,134 [Mini-Cluster-Provider-Create] INFO  http.BaseHttpServer (BaseHttpServer.java:updateConnectorAddress(354)) - HTTP server of hddsDatanode listening at http://0.0.0.0:15018
2024-01-26 11:56:08,135 [Mini-Cluster-Provider-Create] INFO  ipc.CallQueueManager (CallQueueManager.java:<init>(90)) - Using callQueue: class java.util.concurrent.LinkedBlockingQueue, queueCapacity: 100, scheduler: class org.apache.hadoop.ipc.DefaultRpcScheduler, ipcBackoff: false.
2024-01-26 11:56:08,135 [Mini-Cluster-Provider-Create] INFO  ipc.Server (Server.java:<init>(1287)) - Listener at 0.0.0.0:15019
2024-01-26 11:56:08,135 [Socket Reader #1 for port 15019] INFO  ipc.Server (Server.java:run(1323)) - Starting Socket Reader #1 for port 15019
2024-01-26 11:56:08,137 [Mini-Cluster-Provider-Create] INFO  ozone.HddsDatanodeService (HddsDatanodeService.java:start(324)) - Datanode start with admins: [runner]
2024-01-26 11:56:08,137 [Mini-Cluster-Provider-Create] INFO  ozone.HddsDatanodeClientProtocolServer (HddsDatanodeClientProtocolServer.java:start(72)) - RPC server for Client /0.0.0.0:15019
2024-01-26 11:56:08,138 [IPC Server Responder] INFO  ipc.Server (Server.java:run(1562)) - IPC Server Responder: starting
2024-01-26 11:56:08,138 [IPC Server listener on 15019] INFO  ipc.Server (Server.java:run(1402)) - IPC Server listener on 15019: starting
2024-01-26 11:56:08,139 [5c737fdf-f228-4231-bbf6-1cc383ec73d2-DatanodeStateMachineDaemonThread] INFO  statemachine.DatanodeStateMachine (DatanodeStateMachine.java:lambda$startDaemon$1(555)) - Ozone container server started.
2024-01-26 11:56:08,139 [Mini-Cluster-Provider-Create] WARN  dropwizard3.Dm3MetricRegistriesImpl (Dm3MetricRegistriesImpl.java:addReporterRegistration(113)) - New reporters are added after registries were created. Some metrics will be missing from the reporter. Please add reporter before adding any new registry.
2024-01-26 11:56:08,139 [Mini-Cluster-Provider-Create] WARN  dropwizard3.Dm3MetricRegistriesImpl (Dm3MetricRegistriesImpl.java:addReporterRegistration(113)) - New reporters are added after registries were created. Some metrics will be missing from the reporter. Please add reporter before adding any new registry.
2024-01-26 11:56:08,139 [Mini-Cluster-Provider-Create] INFO  impl.MetricsSystemImpl (MetricsSystemImpl.java:init(158)) - HddsDatanode metrics system started (again)
2024-01-26 11:56:08,146 [5c737fdf-f228-4231-bbf6-1cc383ec73d2-DatanodeStateMachineTaskThread-0] INFO  datanode.InitDatanodeState (InitDatanodeState.java:persistContainerDatanodeDetails(139)) - DatanodeDetails is persisted to /home/runner/work/ozone/ozone/hadoop-ozone/integration-test/target/test-dir/MiniOzoneClusterImpl-b54bfeae-1ef8-4c1d-b639-09e56ef7dc0e/datanode-1/meta/datanode.id
2024-01-26 11:56:08,152 [Mini-Cluster-Provider-Create] INFO  ozone.HddsDatanodeService (HddsDatanodeService.java:start(239)) - HddsDatanodeService host:fv-az1250-627 ip:10.1.0.50
2024-01-26 11:56:08,167 [Mini-Cluster-Provider-Create] INFO  upgrade.AbstractLayoutVersionManager (AbstractLayoutVersionManager.java:init(83)) - Initializing Layout version manager with metadata layout = HADOOP_PRC_PORTS_IN_DATANODEDETAILS (version = 7), software layout = HADOOP_PRC_PORTS_IN_DATANODEDETAILS (version = 7)
2024-01-26 11:56:08,167 [Mini-Cluster-Provider-Create] INFO  statemachine.DatanodeStateMachine (DatanodeStateMachine.java:getEndPointTaskThreadPoolSize(299)) - Datanode State Machine Task Thread Pool size 2
2024-01-26 11:56:08,170 [Mini-Cluster-Provider-Create] INFO  volume.HddsVolume (HddsVolume.java:<init>(125)) - Creating HddsVolume: /home/runner/work/ozone/ozone/hadoop-ozone/integration-test/target/test-dir/MiniOzoneClusterImpl-b54bfeae-1ef8-4c1d-b639-09e56ef7dc0e/datanode-2/data-0/containers/hdds of storage type : DISK capacity : 9223372036854775807
2024-01-26 11:56:08,170 [Mini-Cluster-Provider-Create] INFO  volume.MutableVolumeSet (MutableVolumeSet.java:initializeVolumeSet(173)) - Added Volume : /home/runner/work/ozone/ozone/hadoop-ozone/integration-test/target/test-dir/MiniOzoneClusterImpl-b54bfeae-1ef8-4c1d-b639-09e56ef7dc0e/datanode-2/data-0/containers/hdds to VolumeSet
2024-01-26 11:56:08,172 [Mini-Cluster-Provider-Create] INFO  volume.MutableVolumeSet (MutableVolumeSet.java:initializeVolumeSet(173)) - Added Volume : /home/runner/work/ozone/ozone/hadoop-ozone/integration-test/target/test-dir/MiniOzoneClusterImpl-b54bfeae-1ef8-4c1d-b639-09e56ef7dc0e/datanode-2/data/ratis to VolumeSet
2024-01-26 11:56:08,172 [Mini-Cluster-Provider-Create] INFO  ozoneimpl.OzoneContainer (HddsVolumeUtil.java:loadAllHddsVolumeDbStore(103)) - Load 1 volumes DbStore cost: 0ms
2024-01-26 11:56:08,173 [5052cfc4-081a-46ed-8261-0b7a8ad7db0a-ContainerReader-0] INFO  ozoneimpl.ContainerReader (ContainerReader.java:readVolume(178)) - Finish verifying containers on volume /home/runner/work/ozone/ozone/hadoop-ozone/integration-test/target/test-dir/MiniOzoneClusterImpl-b54bfeae-1ef8-4c1d-b639-09e56ef7dc0e/datanode-2/data-0/containers/hdds
2024-01-26 11:56:08,174 [Mini-Cluster-Provider-Create] INFO  ozoneimpl.OzoneContainer (OzoneContainer.java:buildContainerSet(328)) - Build ContainerSet costs 0s
2024-01-26 11:56:08,177 [Mini-Cluster-Provider-Create] INFO  server.RaftServer (ConfUtils.java:logGet(46)) - raft.rpc.type = GRPC (default)
2024-01-26 11:56:08,177 [Mini-Cluster-Provider-Create] INFO  grpc.GrpcConfigKeys (ConfUtils.java:logFallback(53)) - raft.grpc.admin.host = null (fallback to raft.grpc.server.host)
2024-01-26 11:56:08,177 [Mini-Cluster-Provider-Create] INFO  grpc.GrpcConfigKeys (ConfUtils.java:logGet(46)) - raft.grpc.admin.port = 15031 (custom)
2024-01-26 11:56:08,177 [Mini-Cluster-Provider-Create] INFO  grpc.GrpcConfigKeys (ConfUtils.java:logFallback(53)) - raft.grpc.client.host = null (fallback to raft.grpc.server.host)
2024-01-26 11:56:08,177 [Mini-Cluster-Provider-Create] INFO  grpc.GrpcConfigKeys (ConfUtils.java:logGet(46)) - raft.grpc.client.port = 15030 (custom)
2024-01-26 11:56:08,177 [Mini-Cluster-Provider-Create] INFO  grpc.GrpcConfigKeys (ConfUtils.java:logGet(46)) - raft.grpc.server.host = null (default)
2024-01-26 11:56:08,177 [Mini-Cluster-Provider-Create] INFO  grpc.GrpcConfigKeys (ConfUtils.java:logGet(46)) - raft.grpc.server.port = 15032 (custom)
2024-01-26 11:56:08,177 [Mini-Cluster-Provider-Create] INFO  server.GrpcService (ConfUtils.java:logGet(46)) - raft.grpc.message.size.max = 32MB (=33554432) (custom)
2024-01-26 11:56:08,177 [Mini-Cluster-Provider-Create] INFO  server.RaftServerConfigKeys (ConfUtils.java:logGet(46)) - raft.server.log.appender.buffer.byte-limit = 8388608 (custom)
2024-01-26 11:56:08,178 [Mini-Cluster-Provider-Create] INFO  server.GrpcService (ConfUtils.java:logGet(46)) - raft.grpc.flow.control.window = 5MB (=5242880) (custom)
2024-01-26 11:56:08,178 [Mini-Cluster-Provider-Create] INFO  server.RaftServerConfigKeys (ConfUtils.java:logGet(46)) - raft.server.rpc.request.timeout = 60s (custom)
2024-01-26 11:56:08,178 [Mini-Cluster-Provider-Create] INFO  grpc.GrpcConfigKeys (ConfUtils.java:logGet(46)) - raft.grpc.server.heartbeat.channel = true (default)
2024-01-26 11:56:08,178 [Mini-Cluster-Provider-Create] INFO  grpc.GrpcConfigKeys (ConfUtils.java:logGet(46)) - raft.grpc.server.async.request.thread.pool.cached = true (default)
2024-01-26 11:56:08,178 [Mini-Cluster-Provider-Create] INFO  grpc.GrpcConfigKeys (ConfUtils.java:logGet(46)) - raft.grpc.server.async.request.thread.pool.size = 32 (default)
2024-01-26 11:56:08,180 [Mini-Cluster-Provider-Create] INFO  impl.DataStreamServerImpl (ConfUtils.java:logGet(46)) - raft.datastream.type = NETTY (custom)
2024-01-26 11:56:08,180 [Mini-Cluster-Provider-Create] INFO  server.RaftServerConfigKeys (ConfUtils.java:logGet(46)) - raft.server.data-stream.async.request.thread.pool.cached = false (default)
2024-01-26 11:56:08,180 [Mini-Cluster-Provider-Create] INFO  server.RaftServerConfigKeys (ConfUtils.java:logGet(46)) - raft.server.data-stream.async.request.thread.pool.size = 20 (custom)
2024-01-26 11:56:08,181 [Mini-Cluster-Provider-Create] INFO  server.RaftServerConfigKeys (ConfUtils.java:logGet(46)) - raft.server.data-stream.async.write.thread.pool.size = 16 (default)
2024-01-26 11:56:08,181 [Mini-Cluster-Provider-Create] INFO  netty.NettyConfigKeys$DataStream (ConfUtils.java:logGet(46)) - raft.netty.dataStream.server.channel.inactive.grace-period = 10min (default)
2024-01-26 11:56:08,181 [Mini-Cluster-Provider-Create] INFO  server.RaftServerConfigKeys (ConfUtils.java:logGet(46)) - raft.server.data-stream.client.pool.size = 10 (default)
2024-01-26 11:56:08,181 [Mini-Cluster-Provider-Create] INFO  netty.NettyConfigKeys$DataStream (ConfUtils.java:logGet(46)) - raft.netty.dataStream.server.use-epoll = true (default)
2024-01-26 11:56:08,181 [Mini-Cluster-Provider-Create] INFO  netty.NettyConfigKeys$DataStream (ConfUtils.java:logGet(46)) - raft.netty.dataStream.server.boss-group.size = 0 (default)
2024-01-26 11:56:08,181 [Mini-Cluster-Provider-Create] INFO  netty.NettyUtils (NettyUtils.java:newEventLoopGroup(69)) - Create EpollEventLoopGroup for 5052cfc4-081a-46ed-8261-0b7a8ad7db0a-NettyServerStreamRpc-bossGroup; Thread size is 0.
2024-01-26 11:56:08,181 [Mini-Cluster-Provider-Create] INFO  netty.NettyConfigKeys$DataStream (ConfUtils.java:logGet(46)) - raft.netty.dataStream.server.worker-group.size = 0 (default)
2024-01-26 11:56:08,182 [Mini-Cluster-Provider-Create] INFO  netty.NettyUtils (NettyUtils.java:newEventLoopGroup(69)) - Create EpollEventLoopGroup for 5052cfc4-081a-46ed-8261-0b7a8ad7db0a-NettyServerStreamRpc-workerGroup; Thread size is 0.
2024-01-26 11:56:08,182 [Mini-Cluster-Provider-Create] INFO  netty.NettyConfigKeys$DataStream (ConfUtils.java:logGet(46)) - raft.netty.dataStream.server.tls.conf = null (default)
2024-01-26 11:56:08,182 [Mini-Cluster-Provider-Create] INFO  netty.NettyConfigKeys$DataStream (ConfUtils.java:logGet(46)) - raft.netty.dataStream.host = null (default)
2024-01-26 11:56:08,182 [Mini-Cluster-Provider-Create] INFO  netty.NettyConfigKeys$DataStream (ConfUtils.java:logGet(46)) - raft.netty.dataStream.port = 15033 (custom)
2024-01-26 11:56:08,183 [Mini-Cluster-Provider-Create] INFO  server.RaftServerConfigKeys (ConfUtils.java:logGet(46)) - raft.server.sleep.deviation.threshold = 300ms (default)
2024-01-26 11:56:08,183 [Mini-Cluster-Provider-Create] INFO  server.RaftServerConfigKeys (ConfUtils.java:logGet(46)) - raft.server.close.threshold = 60s (default)
2024-01-26 11:56:08,184 [5052cfc4-081a-46ed-8261-0b7a8ad7db0a-NettyServerStreamRpc-bossGroup--thread1] INFO  logging.LoggingHandler (AbstractInternalLogger.java:log(148)) - [id: 0xd71bfc57] REGISTERED
2024-01-26 11:56:08,184 [Mini-Cluster-Provider-Create] INFO  server.RaftServerConfigKeys (ConfUtils.java:logGet(46)) - raft.server.leaderelection.leader.step-down.wait-time = 10s (default)
2024-01-26 11:56:08,184 [5052cfc4-081a-46ed-8261-0b7a8ad7db0a-NettyServerStreamRpc-bossGroup--thread1] INFO  logging.LoggingHandler (AbstractInternalLogger.java:log(148)) - [id: 0xd71bfc57] BIND: 0.0.0.0/0.0.0.0:15033
2024-01-26 11:56:08,184 [Mini-Cluster-Provider-Create] INFO  server.RaftServerConfigKeys (ConfUtils.java:logGet(46)) - raft.server.storage.dir = [/home/runner/work/ozone/ozone/hadoop-ozone/integration-test/target/test-dir/MiniOzoneClusterImpl-b54bfeae-1ef8-4c1d-b639-09e56ef7dc0e/datanode-2/data/ratis] (custom)
2024-01-26 11:56:08,184 [5052cfc4-081a-46ed-8261-0b7a8ad7db0a-NettyServerStreamRpc-bossGroup--thread1] INFO  logging.LoggingHandler (AbstractInternalLogger.java:log(148)) - [id: 0xd71bfc57, L:/0.0.0.0:15033] ACTIVE
2024-01-26 11:56:08,184 [Mini-Cluster-Provider-Create] INFO  server.RaftServerConfigKeys (ConfUtils.java:logGet(46)) - raft.server.threadpool.proxy.cached = true (default)
2024-01-26 11:56:08,185 [Mini-Cluster-Provider-Create] INFO  server.RaftServerConfigKeys (ConfUtils.java:logGet(46)) - raft.server.threadpool.proxy.size = 0 (default)
2024-01-26 11:56:08,185 [5052cfc4-081a-46ed-8261-0b7a8ad7db0a-impl-thread1] INFO  server.RaftServer (RaftServerProxy.java:initGroupDir(264)) - 5052cfc4-081a-46ed-8261-0b7a8ad7db0a: found a subdirectory /home/runner/work/ozone/ozone/hadoop-ozone/integration-test/target/test-dir/MiniOzoneClusterImpl-b54bfeae-1ef8-4c1d-b639-09e56ef7dc0e/datanode-2/data/ratis/tmp
2024-01-26 11:56:08,185 [5052cfc4-081a-46ed-8261-0b7a8ad7db0a-impl-thread1] INFO  server.RaftServer (RaftServerProxy.java:initGroupDir(269)) - 5052cfc4-081a-46ed-8261-0b7a8ad7db0a: The directory /home/runner/work/ozone/ozone/hadoop-ozone/integration-test/target/test-dir/MiniOzoneClusterImpl-b54bfeae-1ef8-4c1d-b639-09e56ef7dc0e/datanode-2/data/ratis/tmp is not a group directory; ignoring it. 
2024-01-26 11:56:08,185 [Mini-Cluster-Provider-Create] INFO  replication.ReplicationServer (ReplicationServer.java:<init>(85)) - Initializing replication server with thread count = 10 queue length = 4096
2024-01-26 11:56:08,186 [Mini-Cluster-Provider-Create] INFO  server.XceiverServerGrpc (XceiverServerGrpc.java:<init>(141)) - GrpcServer channel type EpollServerSocketChannel
2024-01-26 11:56:08,188 [Mini-Cluster-Provider-Create] INFO  replication.ReplicationSupervisor (ReplicationSupervisor.java:build(163)) - Initializing replication supervisor with thread count = 10
2024-01-26 11:56:08,188 [Mini-Cluster-Provider-Create] INFO  replication.ReplicationSupervisor (ReplicationSupervisor.java:nodeStateUpdated(317)) - Node state updated to IN_SERVICE, scaling executor pool size to 10
2024-01-26 11:56:08,191 [Mini-Cluster-Provider-Create] INFO  http.BaseHttpServer (BaseHttpServer.java:newHttpServer2BuilderForOzone(223)) - Starting Web-server for hddsDatanode at: http://0.0.0.0:15027
2024-01-26 11:56:08,191 [Mini-Cluster-Provider-Create] INFO  http.BaseHttpServer (BaseHttpServer.java:<init>(110)) - Hadoop Security Enabled: false Ozone Security Enabled: false Ozone HTTP Security Enabled: false 
2024-01-26 11:56:08,192 [Mini-Cluster-Provider-Create] WARN  server.AuthenticationFilter (AuthenticationFilter.java:constructSecretProvider(240)) - Unable to initialize FileSignerSecretProvider, falling back to use random secrets. Reason: Could not read signature secret file: /home/runner/hadoop-http-auth-signature-secret
2024-01-26 11:56:08,192 [Mini-Cluster-Provider-Create] INFO  http.HttpRequestLog (HttpRequestLog.java:getRequestLog(86)) - Http request log for http.requests.hddsDatanode is not defined
2024-01-26 11:56:08,194 [Mini-Cluster-Provider-Create] INFO  http.HttpServer2 (HttpServer2.java:addGlobalFilter(1036)) - Added global filter 'safety' (class=org.apache.hadoop.hdds.server.http.HttpServer2$QuotingInputFilter)
2024-01-26 11:56:08,194 [Mini-Cluster-Provider-Create] INFO  http.HttpServer2 (HttpServer2.java:addFilter(1012)) - Added filter static_user_filter (class=org.apache.hadoop.http.lib.StaticUserWebFilter$StaticUserFilter) to context hddsDatanode
2024-01-26 11:56:08,194 [Mini-Cluster-Provider-Create] INFO  http.HttpServer2 (HttpServer2.java:addFilter(1020)) - Added filter static_user_filter (class=org.apache.hadoop.http.lib.StaticUserWebFilter$StaticUserFilter) to context static
2024-01-26 11:56:08,195 [Mini-Cluster-Provider-Create] INFO  http.HttpServer2 (HttpServer2.java:addFilter(1020)) - Added filter static_user_filter (class=org.apache.hadoop.http.lib.StaticUserWebFilter$StaticUserFilter) to context logs
2024-01-26 11:56:08,195 [Mini-Cluster-Provider-Create] INFO  http.BaseHttpServer (BaseHttpServer.java:<init>(189)) - HTTP server of hddsDatanode uses base directory /home/runner/work/ozone/ozone/hadoop-ozone/integration-test/target/test-dir/MiniOzoneClusterImpl-b54bfeae-1ef8-4c1d-b639-09e56ef7dc0e/datanode-2/meta/webserver
2024-01-26 11:56:08,195 [Mini-Cluster-Provider-Create] INFO  http.HttpServer2 (HttpServer2.java:bindListener(1236)) - Jetty bound to port 15027
2024-01-26 11:56:08,196 [Mini-Cluster-Provider-Create] INFO  server.Server (Server.java:doStart(375)) - jetty-9.4.53.v20231009; built: 2023-10-09T12:29:09.265Z; git: 27bde00a0b95a1d5bbee0eae7984f891d2d0f8c9; jvm 1.8.0_392-b08
2024-01-26 11:56:08,198 [Mini-Cluster-Provider-Create] INFO  server.session (DefaultSessionIdManager.java:doStart(334)) - DefaultSessionIdManager workerName=node0
2024-01-26 11:56:08,198 [Mini-Cluster-Provider-Create] INFO  server.session (DefaultSessionIdManager.java:doStart(339)) - No SessionScavenger set, using defaults
2024-01-26 11:56:08,198 [Mini-Cluster-Provider-Create] INFO  server.session (HouseKeeper.java:startScavenging(132)) - node0 Scavenging every 660000ms
2024-01-26 11:56:08,199 [Mini-Cluster-Provider-Create] INFO  handler.ContextHandler (ContextHandler.java:doStart(921)) - Started o.e.j.s.ServletContextHandler@4b66180a{logs,/logs,file:///home/runner/work/ozone/ozone/hadoop-ozone/integration-test/target/log,AVAILABLE}
2024-01-26 11:56:08,199 [Mini-Cluster-Provider-Create] INFO  handler.ContextHandler (ContextHandler.java:doStart(921)) - Started o.e.j.s.ServletContextHandler@110e3524{static,/static,jar:file:/home/runner/.m2/repository/org/apache/ozone/hdds-container-service/1.5.0-SNAPSHOT/hdds-container-service-1.5.0-SNAPSHOT.jar!/webapps/static,AVAILABLE}
2024-01-26 11:56:08,232 [Mini-Cluster-Provider-Create] INFO  handler.ContextHandler (ContextHandler.java:doStart(921)) - Started o.e.j.w.WebAppContext@5083b2c3{hddsDatanode,/,file:///home/runner/work/ozone/ozone/hadoop-ozone/integration-test/target/test-dir/MiniOzoneClusterImpl-b54bfeae-1ef8-4c1d-b639-09e56ef7dc0e/datanode-2/meta/webserver/jetty-0_0_0_0-15027-hdds-container-service-1_5_0-SNAPSHOT_jar-_-any-2700696559887104226/webapp/,AVAILABLE}{jar:file:/home/runner/.m2/repository/org/apache/ozone/hdds-container-service/1.5.0-SNAPSHOT/hdds-container-service-1.5.0-SNAPSHOT.jar!/webapps/hddsDatanode}
2024-01-26 11:56:08,234 [Mini-Cluster-Provider-Create] INFO  server.AbstractConnector (AbstractConnector.java:doStart(333)) - Started ServerConnector@4bb81729{HTTP/1.1, (http/1.1)}{0.0.0.0:15027}
2024-01-26 11:56:08,234 [Mini-Cluster-Provider-Create] INFO  server.Server (Server.java:doStart(415)) - Started @6799ms
2024-01-26 11:56:08,235 [Mini-Cluster-Provider-Create] WARN  impl.MetricsSystemImpl (MetricsSystemImpl.java:register(279)) - Sink prometheus already exists!
2024-01-26 11:56:08,237 [Mini-Cluster-Provider-Create] INFO  http.BaseHttpServer (BaseHttpServer.java:updateConnectorAddress(354)) - HTTP server of hddsDatanode listening at http://0.0.0.0:15027
2024-01-26 11:56:08,237 [Mini-Cluster-Provider-Create] INFO  ipc.CallQueueManager (CallQueueManager.java:<init>(90)) - Using callQueue: class java.util.concurrent.LinkedBlockingQueue, queueCapacity: 100, scheduler: class org.apache.hadoop.ipc.DefaultRpcScheduler, ipcBackoff: false.
2024-01-26 11:56:08,237 [Mini-Cluster-Provider-Create] INFO  ipc.Server (Server.java:<init>(1287)) - Listener at 0.0.0.0:15028
2024-01-26 11:56:08,238 [Socket Reader #1 for port 15028] INFO  ipc.Server (Server.java:run(1323)) - Starting Socket Reader #1 for port 15028
2024-01-26 11:56:08,240 [Mini-Cluster-Provider-Create] INFO  ozone.HddsDatanodeService (HddsDatanodeService.java:start(324)) - Datanode start with admins: [runner]
2024-01-26 11:56:08,240 [Mini-Cluster-Provider-Create] INFO  ozone.HddsDatanodeClientProtocolServer (HddsDatanodeClientProtocolServer.java:start(72)) - RPC server for Client /0.0.0.0:15028
2024-01-26 11:56:08,247 [IPC Server Responder] INFO  ipc.Server (Server.java:run(1562)) - IPC Server Responder: starting
2024-01-26 11:56:08,247 [IPC Server listener on 15028] INFO  ipc.Server (Server.java:run(1402)) - IPC Server listener on 15028: starting
2024-01-26 11:56:08,252 [5052cfc4-081a-46ed-8261-0b7a8ad7db0a-DatanodeStateMachineDaemonThread] INFO  statemachine.DatanodeStateMachine (DatanodeStateMachine.java:lambda$startDaemon$1(555)) - Ozone container server started.
2024-01-26 11:56:08,254 [Mini-Cluster-Provider-Create] INFO  ozone.MiniOzoneClusterImpl (MiniOzoneClusterImpl.java:lambda$waitForClusterToBeReady$0(229)) - Waiting for nodes to be ready. Got 0 of 3 DN Heartbeats.
2024-01-26 11:56:08,254 [Mini-Cluster-Provider-Create] INFO  ozone.MiniOzoneClusterImpl (MiniOzoneClusterImpl.java:lambda$waitForClusterToBeReady$0(232)) - Waiting for cluster to exit safe mode
2024-01-26 11:56:08,254 [Mini-Cluster-Provider-Create] INFO  ozone.MiniOzoneClusterImpl (MiniOzoneClusterImpl.java:lambda$waitForClusterToBeReady$0(234)) - SCM became leader
2024-01-26 11:56:08,256 [5052cfc4-081a-46ed-8261-0b7a8ad7db0a-DatanodeStateMachineTaskThread-0] INFO  datanode.InitDatanodeState (InitDatanodeState.java:persistContainerDatanodeDetails(139)) - DatanodeDetails is persisted to /home/runner/work/ozone/ozone/hadoop-ozone/integration-test/target/test-dir/MiniOzoneClusterImpl-b54bfeae-1ef8-4c1d-b639-09e56ef7dc0e/datanode-2/meta/datanode.id
2024-01-26 11:56:08,521 [om1@group-C5BA1605619E-FollowerState] INFO  impl.FollowerState (FollowerState.java:run(143)) - om1@group-C5BA1605619E-FollowerState: change to CANDIDATE, lastRpcElapsedTime:1116333224ns, electionTimeout:1114ms
2024-01-26 11:56:08,521 [om1@group-C5BA1605619E-FollowerState] INFO  impl.RoleInfo (RoleInfo.java:shutdownFollowerState(110)) - om1: shutdown om1@group-C5BA1605619E-FollowerState
2024-01-26 11:56:08,521 [om1@group-C5BA1605619E-FollowerState] INFO  server.RaftServer$Division (RaftServerImpl.java:setRole(383)) - om1@group-C5BA1605619E: changes role from  FOLLOWER to CANDIDATE at term 0 for changeToCandidate
2024-01-26 11:56:08,524 [om1@group-C5BA1605619E-FollowerState] INFO  server.RaftServerConfigKeys (ConfUtils.java:logGet(46)) - raft.server.leaderelection.pre-vote = true (default)
2024-01-26 11:56:08,524 [om1@group-C5BA1605619E-FollowerState] INFO  impl.RoleInfo (RoleInfo.java:updateAndGet(139)) - om1: start om1@group-C5BA1605619E-LeaderElection1
2024-01-26 11:56:08,527 [om1@group-C5BA1605619E-LeaderElection1] INFO  impl.LeaderElection (LeaderElection.java:askForVotes(321)) - om1@group-C5BA1605619E-LeaderElection1 PRE_VOTE round 0: submit vote requests at term 0 for -1: peers:[om1|localhost:15007]|listeners:[], old=null
2024-01-26 11:56:08,528 [om1@group-C5BA1605619E-LeaderElection1] INFO  impl.LeaderElection (LeaderElection.java:askForVotes(323)) - om1@group-C5BA1605619E-LeaderElection1 PRE_VOTE round 0: result PASSED (term=0)
2024-01-26 11:56:08,530 [om1@group-C5BA1605619E-LeaderElection1] INFO  impl.LeaderElection (LeaderElection.java:askForVotes(321)) - om1@group-C5BA1605619E-LeaderElection1 ELECTION round 0: submit vote requests at term 1 for -1: peers:[om1|localhost:15007]|listeners:[], old=null
2024-01-26 11:56:08,530 [om1@group-C5BA1605619E-LeaderElection1] INFO  impl.LeaderElection (LeaderElection.java:askForVotes(323)) - om1@group-C5BA1605619E-LeaderElection1 ELECTION round 0: result PASSED (term=1)
2024-01-26 11:56:08,530 [om1@group-C5BA1605619E-LeaderElection1] INFO  impl.RoleInfo (RoleInfo.java:shutdownLeaderElection(130)) - om1: shutdown om1@group-C5BA1605619E-LeaderElection1
2024-01-26 11:56:08,531 [om1@group-C5BA1605619E-LeaderElection1] INFO  server.RaftServer$Division (RaftServerImpl.java:setRole(383)) - om1@group-C5BA1605619E: changes role from CANDIDATE to LEADER at term 1 for changeToLeader
2024-01-26 11:56:08,535 [om1@group-C5BA1605619E-LeaderElection1] INFO  server.RaftServerConfigKeys (ConfUtils.java:logGet(46)) - raft.server.staging.catchup.gap = 1000 (default)
2024-01-26 11:56:08,538 [om1@group-C5BA1605619E-LeaderElection1] INFO  server.RaftServerConfigKeys (ConfUtils.java:logGet(46)) - raft.server.write.element-limit = 4096 (default)
2024-01-26 11:56:08,538 [om1@group-C5BA1605619E-LeaderElection1] INFO  server.RaftServerConfigKeys (ConfUtils.java:logGet(46)) - raft.server.write.byte-limit = 64MB (=67108864) (default)
2024-01-26 11:56:08,541 [om1@group-C5BA1605619E-LeaderElection1] INFO  server.RaftServerConfigKeys (ConfUtils.java:logGet(46)) - raft.server.watch.timeout = 10s (default)
2024-01-26 11:56:08,541 [om1@group-C5BA1605619E-LeaderElection1] INFO  server.RaftServerConfigKeys (ConfUtils.java:logGet(46)) - raft.server.watch.timeout.denomination = 1s (default)
2024-01-26 11:56:08,541 [om1@group-C5BA1605619E-LeaderElection1] INFO  server.RaftServerConfigKeys (ConfUtils.java:logGet(46)) - raft.server.watch.element-limit = 65536 (default)
2024-01-26 11:56:08,545 [om1@group-C5BA1605619E-LeaderElection1] INFO  server.RaftServerConfigKeys (ConfUtils.java:logGet(46)) - raft.server.read.leader.lease.enabled = false (default)
2024-01-26 11:56:08,546 [om1@group-C5BA1605619E-LeaderElection1] INFO  server.RaftServerConfigKeys (ConfUtils.java:logGet(46)) - raft.server.read.leader.lease.timeout.ratio = 0.9 (default)
2024-01-26 11:56:08,546 [om1@group-C5BA1605619E-LeaderElection1] INFO  server.RaftServerConfigKeys (ConfUtils.java:logGet(46)) - raft.server.rpc.timeout.min = 1s (custom)
2024-01-26 11:56:08,547 [om1@group-C5BA1605619E-LeaderElection1] INFO  server.RaftServerConfigKeys (ConfUtils.java:logGet(46)) - raft.server.write.element-limit = 4096 (default)
2024-01-26 11:56:08,547 [om1@group-C5BA1605619E-LeaderElection1] INFO  server.RaftServerConfigKeys (ConfUtils.java:logGet(46)) - raft.server.write.follower.gap.ratio.max = -1.0 (default)
2024-01-26 11:56:08,548 [om1@group-C5BA1605619E-LeaderElection1] INFO  impl.RoleInfo (RoleInfo.java:updateAndGet(139)) - om1: start om1@group-C5BA1605619E-LeaderStateImpl
2024-01-26 11:56:08,548 [om1@group-C5BA1605619E-LeaderElection1] INFO  server.RaftServer$Division (RaftServerImpl.java:setFirstElection(574)) - om1@group-C5BA1605619E: set firstElectionSinceStartup to false for becomeLeader
2024-01-26 11:56:08,549 [om1@group-C5BA1605619E-LeaderElection1] INFO  server.RaftServer$Division (ServerState.java:setLeader(269)) - om1@group-C5BA1605619E: change Leader from null to om1 at term 1 for becomeLeader, leader elected after 2081ms
2024-01-26 11:56:08,570 [om1@group-C5BA1605619E-LeaderElection1] INFO  segmented.SegmentedRaftLogWorker (SegmentedRaftLogWorker.java:startLogSegment(430)) - om1@group-C5BA1605619E-SegmentedRaftLogWorker: Starting segment from index:0
2024-01-26 11:56:08,584 [om1@group-C5BA1605619E-SegmentedRaftLogWorker] INFO  segmented.BufferedWriteChannel (BufferedWriteChannel.java:open(62)) - open log_inprogress_0 at position 0
2024-01-26 11:56:08,587 [om1@group-C5BA1605619E-LeaderElection1] INFO  server.RaftServer$Division (ServerState.java:setRaftConf(386)) - om1@group-C5BA1605619E: set configuration 0: peers:[om1|localhost:15007]|listeners:[], old=null
2024-01-26 11:56:08,593 [om1@group-C5BA1605619E-SegmentedRaftLogWorker] INFO  segmented.SegmentedRaftLogWorker (SegmentedRaftLogWorker.java:execute(634)) - om1@group-C5BA1605619E-SegmentedRaftLogWorker: created new log segment /home/runner/work/ozone/ozone/hadoop-ozone/integration-test/target/test-dir/MiniOzoneClusterImpl-b54bfeae-1ef8-4c1d-b639-09e56ef7dc0e/ozone-meta/ratis/bf265839-605b-3f16-9796-c5ba1605619e/current/log_inprogress_0
2024-01-26 11:56:08,670 [om1@group-C5BA1605619E-StateMachineUpdater] INFO  ratis.OzoneManagerStateMachine (OzoneManagerStateMachine.java:notifyConfigurationChanged(200)) - Received Configuration change notification from Ratis. New Peer list:
[id: "om1"
address: "localhost:15007"
startupRole: FOLLOWER
]
2024-01-26 11:56:08,671 [om1@group-C5BA1605619E-StateMachineUpdater] INFO  server.RaftServer$Division (LeaderStateImpl.java:isApplied(320)) - leader is ready since appliedIndex == 0 >= startIndex == 0
2024-01-26 11:56:09,254 [Mini-Cluster-Provider-Create] INFO  ozone.MiniOzoneClusterImpl (MiniOzoneClusterImpl.java:lambda$waitForClusterToBeReady$0(229)) - Waiting for nodes to be ready. Got 0 of 3 DN Heartbeats.
2024-01-26 11:56:09,254 [Mini-Cluster-Provider-Create] INFO  ozone.MiniOzoneClusterImpl (MiniOzoneClusterImpl.java:lambda$waitForClusterToBeReady$0(232)) - Waiting for cluster to exit safe mode
2024-01-26 11:56:09,254 [Mini-Cluster-Provider-Create] INFO  ozone.MiniOzoneClusterImpl (MiniOzoneClusterImpl.java:lambda$waitForClusterToBeReady$0(234)) - SCM became leader
2024-01-26 11:56:10,094 [5e57565a-2fac-4b31-b24f-016e073e3d73-EndpointStateMachineTaskThread-/0.0.0.0:15002-0 ] INFO  utils.DatanodeStoreCache (DatanodeStoreCache.java:addDB(72)) - Added db /home/runner/work/ozone/ozone/hadoop-ozone/integration-test/target/test-dir/MiniOzoneClusterImpl-b54bfeae-1ef8-4c1d-b639-09e56ef7dc0e/datanode-0/data-0/containers/hdds/b54bfeae-1ef8-4c1d-b639-09e56ef7dc0e/DS-4aff0b5b-4b4b-4fa2-be8c-8102c30a7104/container.db to cache
2024-01-26 11:56:10,094 [5e57565a-2fac-4b31-b24f-016e073e3d73-EndpointStateMachineTaskThread-/0.0.0.0:15002-0 ] INFO  volume.HddsVolume (HddsVolume.java:createDbStore(420)) - SchemaV3 db is created and loaded at /home/runner/work/ozone/ozone/hadoop-ozone/integration-test/target/test-dir/MiniOzoneClusterImpl-b54bfeae-1ef8-4c1d-b639-09e56ef7dc0e/datanode-0/data-0/containers/hdds/b54bfeae-1ef8-4c1d-b639-09e56ef7dc0e/DS-4aff0b5b-4b4b-4fa2-be8c-8102c30a7104/container.db for volume DS-4aff0b5b-4b4b-4fa2-be8c-8102c30a7104
2024-01-26 11:56:10,097 [5e57565a-2fac-4b31-b24f-016e073e3d73-EndpointStateMachineTaskThread-/0.0.0.0:15002-0 ] INFO  volume.ThrottledAsyncChecker (ThrottledAsyncChecker.java:schedule(141)) - Scheduling a check for /home/runner/work/ozone/ozone/hadoop-ozone/integration-test/target/test-dir/MiniOzoneClusterImpl-b54bfeae-1ef8-4c1d-b639-09e56ef7dc0e/datanode-0/data-0/containers/hdds
2024-01-26 11:56:10,108 [5e57565a-2fac-4b31-b24f-016e073e3d73-EndpointStateMachineTaskThread-/0.0.0.0:15002-0 ] INFO  volume.StorageVolumeChecker (StorageVolumeChecker.java:checkAllVolumes(218)) - Scheduled health check for volume /home/runner/work/ozone/ozone/hadoop-ozone/integration-test/target/test-dir/MiniOzoneClusterImpl-b54bfeae-1ef8-4c1d-b639-09e56ef7dc0e/datanode-0/data-0/containers/hdds
2024-01-26 11:56:10,109 [5e57565a-2fac-4b31-b24f-016e073e3d73-EndpointStateMachineTaskThread-/0.0.0.0:15002-0 ] INFO  volume.ThrottledAsyncChecker (ThrottledAsyncChecker.java:schedule(141)) - Scheduling a check for /home/runner/work/ozone/ozone/hadoop-ozone/integration-test/target/test-dir/MiniOzoneClusterImpl-b54bfeae-1ef8-4c1d-b639-09e56ef7dc0e/datanode-0/data/ratis
2024-01-26 11:56:10,109 [5e57565a-2fac-4b31-b24f-016e073e3d73-EndpointStateMachineTaskThread-/0.0.0.0:15002-0 ] INFO  volume.StorageVolumeChecker (StorageVolumeChecker.java:checkAllVolumes(218)) - Scheduled health check for volume /home/runner/work/ozone/ozone/hadoop-ozone/integration-test/target/test-dir/MiniOzoneClusterImpl-b54bfeae-1ef8-4c1d-b639-09e56ef7dc0e/datanode-0/data/ratis
2024-01-26 11:56:10,110 [5e57565a-2fac-4b31-b24f-016e073e3d73-EndpointStateMachineTaskThread-/0.0.0.0:15002-0 ] INFO  ozoneimpl.OzoneContainer (OzoneContainer.java:start(457)) - Attempting to start container services.
2024-01-26 11:56:10,112 [5e57565a-2fac-4b31-b24f-016e073e3d73-EndpointStateMachineTaskThread-/0.0.0.0:15002-0 ] INFO  ozoneimpl.OzoneContainer (OzoneContainer.java:startContainerScrub(339)) - Scheduled background container scanners and the on-demand container scanner have been disabled.
2024-01-26 11:56:10,114 [5e57565a-2fac-4b31-b24f-016e073e3d73-EndpointStateMachineTaskThread-/0.0.0.0:15002-0 ] INFO  replication.ReplicationServer (ReplicationServer.java:start(139)) - ReplicationServer is started using port 15016
2024-01-26 11:56:10,114 [5e57565a-2fac-4b31-b24f-016e073e3d73-EndpointStateMachineTaskThread-/0.0.0.0:15002-0 ] INFO  ratis.XceiverServerRatis (XceiverServerRatis.java:start(549)) - Starting XceiverServerRatis 5e57565a-2fac-4b31-b24f-016e073e3d73
2024-01-26 11:56:10,115 [5e57565a-2fac-4b31-b24f-016e073e3d73-EndpointStateMachineTaskThread-/0.0.0.0:15002-0 ] INFO  server.RaftServer (RaftServerProxy.java:startImpl(406)) - 5e57565a-2fac-4b31-b24f-016e073e3d73: start RPC server
2024-01-26 11:56:10,116 [5e57565a-2fac-4b31-b24f-016e073e3d73-EndpointStateMachineTaskThread-/0.0.0.0:15002-0 ] INFO  server.GrpcService (GrpcService.java:startImpl(302)) - 5e57565a-2fac-4b31-b24f-016e073e3d73: GrpcService started, listening on 15012
2024-01-26 11:56:10,118 [5e57565a-2fac-4b31-b24f-016e073e3d73-EndpointStateMachineTaskThread-/0.0.0.0:15002-0 ] INFO  server.GrpcService (GrpcService.java:startImpl(302)) - 5e57565a-2fac-4b31-b24f-016e073e3d73: GrpcService started, listening on 15014
2024-01-26 11:56:10,119 [5e57565a-2fac-4b31-b24f-016e073e3d73-EndpointStateMachineTaskThread-/0.0.0.0:15002-0 ] INFO  server.GrpcService (GrpcService.java:startImpl(302)) - 5e57565a-2fac-4b31-b24f-016e073e3d73: GrpcService started, listening on 15013
2024-01-26 11:56:10,119 [JvmPauseMonitor2] INFO  util.JvmPauseMonitor (JvmPauseMonitor.java:run(146)) - JvmPauseMonitor-5e57565a-2fac-4b31-b24f-016e073e3d73: Started
2024-01-26 11:56:10,119 [5e57565a-2fac-4b31-b24f-016e073e3d73-EndpointStateMachineTaskThread-/0.0.0.0:15002-0 ] INFO  ratis.XceiverServerRatis (XceiverServerRatis.java:getRealPort(575)) - XceiverServerRatis 5e57565a-2fac-4b31-b24f-016e073e3d73 is started using port 15012 for RATIS
2024-01-26 11:56:10,120 [5e57565a-2fac-4b31-b24f-016e073e3d73-EndpointStateMachineTaskThread-/0.0.0.0:15002-0 ] INFO  ratis.XceiverServerRatis (XceiverServerRatis.java:getRealPort(575)) - XceiverServerRatis 5e57565a-2fac-4b31-b24f-016e073e3d73 is started using port 15013 for RATIS_ADMIN
2024-01-26 11:56:10,120 [5e57565a-2fac-4b31-b24f-016e073e3d73-EndpointStateMachineTaskThread-/0.0.0.0:15002-0 ] INFO  ratis.XceiverServerRatis (XceiverServerRatis.java:getRealPort(575)) - XceiverServerRatis 5e57565a-2fac-4b31-b24f-016e073e3d73 is started using port 15014 for RATIS_SERVER
2024-01-26 11:56:10,120 [5e57565a-2fac-4b31-b24f-016e073e3d73-EndpointStateMachineTaskThread-/0.0.0.0:15002-0 ] INFO  ratis.XceiverServerRatis (XceiverServerRatis.java:getRealPort(575)) - XceiverServerRatis 5e57565a-2fac-4b31-b24f-016e073e3d73 is started using port 15015 for RATIS_DATASTREAM
2024-01-26 11:56:10,124 [5e57565a-2fac-4b31-b24f-016e073e3d73-BlockDeletingService#0] INFO  interfaces.ContainerDeletionChoosingPolicyTemplate (ContainerDeletionChoosingPolicyTemplate.java:chooseContainerForBlockDeletion(85)) - Chosen 0/5000 blocks from 0 candidate containers.
2024-01-26 11:56:10,163 [5c737fdf-f228-4231-bbf6-1cc383ec73d2-EndpointStateMachineTaskThread-/0.0.0.0:15002-0 ] INFO  utils.DatanodeStoreCache (DatanodeStoreCache.java:addDB(72)) - Added db /home/runner/work/ozone/ozone/hadoop-ozone/integration-test/target/test-dir/MiniOzoneClusterImpl-b54bfeae-1ef8-4c1d-b639-09e56ef7dc0e/datanode-1/data-0/containers/hdds/b54bfeae-1ef8-4c1d-b639-09e56ef7dc0e/DS-d90347c2-38b8-4a4d-8fb8-0f81852325c8/container.db to cache
2024-01-26 11:56:10,163 [5c737fdf-f228-4231-bbf6-1cc383ec73d2-EndpointStateMachineTaskThread-/0.0.0.0:15002-0 ] INFO  volume.HddsVolume (HddsVolume.java:createDbStore(420)) - SchemaV3 db is created and loaded at /home/runner/work/ozone/ozone/hadoop-ozone/integration-test/target/test-dir/MiniOzoneClusterImpl-b54bfeae-1ef8-4c1d-b639-09e56ef7dc0e/datanode-1/data-0/containers/hdds/b54bfeae-1ef8-4c1d-b639-09e56ef7dc0e/DS-d90347c2-38b8-4a4d-8fb8-0f81852325c8/container.db for volume DS-d90347c2-38b8-4a4d-8fb8-0f81852325c8
2024-01-26 11:56:10,165 [5c737fdf-f228-4231-bbf6-1cc383ec73d2-EndpointStateMachineTaskThread-/0.0.0.0:15002-0 ] INFO  volume.ThrottledAsyncChecker (ThrottledAsyncChecker.java:schedule(141)) - Scheduling a check for /home/runner/work/ozone/ozone/hadoop-ozone/integration-test/target/test-dir/MiniOzoneClusterImpl-b54bfeae-1ef8-4c1d-b639-09e56ef7dc0e/datanode-1/data-0/containers/hdds
2024-01-26 11:56:10,166 [5c737fdf-f228-4231-bbf6-1cc383ec73d2-EndpointStateMachineTaskThread-/0.0.0.0:15002-0 ] INFO  volume.StorageVolumeChecker (StorageVolumeChecker.java:checkAllVolumes(218)) - Scheduled health check for volume /home/runner/work/ozone/ozone/hadoop-ozone/integration-test/target/test-dir/MiniOzoneClusterImpl-b54bfeae-1ef8-4c1d-b639-09e56ef7dc0e/datanode-1/data-0/containers/hdds
2024-01-26 11:56:10,170 [5c737fdf-f228-4231-bbf6-1cc383ec73d2-EndpointStateMachineTaskThread-/0.0.0.0:15002-0 ] INFO  volume.ThrottledAsyncChecker (ThrottledAsyncChecker.java:schedule(141)) - Scheduling a check for /home/runner/work/ozone/ozone/hadoop-ozone/integration-test/target/test-dir/MiniOzoneClusterImpl-b54bfeae-1ef8-4c1d-b639-09e56ef7dc0e/datanode-1/data/ratis
2024-01-26 11:56:10,171 [5c737fdf-f228-4231-bbf6-1cc383ec73d2-EndpointStateMachineTaskThread-/0.0.0.0:15002-0 ] INFO  volume.StorageVolumeChecker (StorageVolumeChecker.java:checkAllVolumes(218)) - Scheduled health check for volume /home/runner/work/ozone/ozone/hadoop-ozone/integration-test/target/test-dir/MiniOzoneClusterImpl-b54bfeae-1ef8-4c1d-b639-09e56ef7dc0e/datanode-1/data/ratis
2024-01-26 11:56:10,171 [5c737fdf-f228-4231-bbf6-1cc383ec73d2-EndpointStateMachineTaskThread-/0.0.0.0:15002-0 ] INFO  ozoneimpl.OzoneContainer (OzoneContainer.java:start(457)) - Attempting to start container services.
2024-01-26 11:56:10,171 [5c737fdf-f228-4231-bbf6-1cc383ec73d2-EndpointStateMachineTaskThread-/0.0.0.0:15002-0 ] INFO  ozoneimpl.OzoneContainer (OzoneContainer.java:startContainerScrub(339)) - Scheduled background container scanners and the on-demand container scanner have been disabled.
2024-01-26 11:56:10,174 [5c737fdf-f228-4231-bbf6-1cc383ec73d2-EndpointStateMachineTaskThread-/0.0.0.0:15002-0 ] INFO  replication.ReplicationServer (ReplicationServer.java:start(139)) - ReplicationServer is started using port 15025
2024-01-26 11:56:10,174 [5c737fdf-f228-4231-bbf6-1cc383ec73d2-EndpointStateMachineTaskThread-/0.0.0.0:15002-0 ] INFO  ratis.XceiverServerRatis (XceiverServerRatis.java:start(549)) - Starting XceiverServerRatis 5c737fdf-f228-4231-bbf6-1cc383ec73d2
2024-01-26 11:56:10,175 [5c737fdf-f228-4231-bbf6-1cc383ec73d2-EndpointStateMachineTaskThread-/0.0.0.0:15002-0 ] INFO  server.RaftServer (RaftServerProxy.java:startImpl(406)) - 5c737fdf-f228-4231-bbf6-1cc383ec73d2: start RPC server
2024-01-26 11:56:10,176 [5c737fdf-f228-4231-bbf6-1cc383ec73d2-EndpointStateMachineTaskThread-/0.0.0.0:15002-0 ] INFO  server.GrpcService (GrpcService.java:startImpl(302)) - 5c737fdf-f228-4231-bbf6-1cc383ec73d2: GrpcService started, listening on 15021
2024-01-26 11:56:10,178 [5c737fdf-f228-4231-bbf6-1cc383ec73d2-EndpointStateMachineTaskThread-/0.0.0.0:15002-0 ] INFO  server.GrpcService (GrpcService.java:startImpl(302)) - 5c737fdf-f228-4231-bbf6-1cc383ec73d2: GrpcService started, listening on 15023
2024-01-26 11:56:10,180 [5c737fdf-f228-4231-bbf6-1cc383ec73d2-EndpointStateMachineTaskThread-/0.0.0.0:15002-0 ] INFO  server.GrpcService (GrpcService.java:startImpl(302)) - 5c737fdf-f228-4231-bbf6-1cc383ec73d2: GrpcService started, listening on 15022
2024-01-26 11:56:10,180 [5c737fdf-f228-4231-bbf6-1cc383ec73d2-EndpointStateMachineTaskThread-/0.0.0.0:15002-0 ] INFO  ratis.XceiverServerRatis (XceiverServerRatis.java:getRealPort(575)) - XceiverServerRatis 5c737fdf-f228-4231-bbf6-1cc383ec73d2 is started using port 15021 for RATIS
2024-01-26 11:56:10,180 [JvmPauseMonitor3] INFO  util.JvmPauseMonitor (JvmPauseMonitor.java:run(146)) - JvmPauseMonitor-5c737fdf-f228-4231-bbf6-1cc383ec73d2: Started
2024-01-26 11:56:10,180 [5c737fdf-f228-4231-bbf6-1cc383ec73d2-EndpointStateMachineTaskThread-/0.0.0.0:15002-0 ] INFO  ratis.XceiverServerRatis (XceiverServerRatis.java:getRealPort(575)) - XceiverServerRatis 5c737fdf-f228-4231-bbf6-1cc383ec73d2 is started using port 15022 for RATIS_ADMIN
2024-01-26 11:56:10,182 [5c737fdf-f228-4231-bbf6-1cc383ec73d2-EndpointStateMachineTaskThread-/0.0.0.0:15002-0 ] INFO  ratis.XceiverServerRatis (XceiverServerRatis.java:getRealPort(575)) - XceiverServerRatis 5c737fdf-f228-4231-bbf6-1cc383ec73d2 is started using port 15023 for RATIS_SERVER
2024-01-26 11:56:10,182 [5c737fdf-f228-4231-bbf6-1cc383ec73d2-EndpointStateMachineTaskThread-/0.0.0.0:15002-0 ] INFO  ratis.XceiverServerRatis (XceiverServerRatis.java:getRealPort(575)) - XceiverServerRatis 5c737fdf-f228-4231-bbf6-1cc383ec73d2 is started using port 15024 for RATIS_DATASTREAM
2024-01-26 11:56:10,190 [5c737fdf-f228-4231-bbf6-1cc383ec73d2-BlockDeletingService#0] INFO  interfaces.ContainerDeletionChoosingPolicyTemplate (ContainerDeletionChoosingPolicyTemplate.java:chooseContainerForBlockDeletion(85)) - Chosen 0/5000 blocks from 0 candidate containers.
2024-01-26 11:56:10,254 [Mini-Cluster-Provider-Create] INFO  ozone.MiniOzoneClusterImpl (MiniOzoneClusterImpl.java:lambda$waitForClusterToBeReady$0(229)) - Waiting for nodes to be ready. Got 0 of 3 DN Heartbeats.
2024-01-26 11:56:10,254 [Mini-Cluster-Provider-Create] INFO  ozone.MiniOzoneClusterImpl (MiniOzoneClusterImpl.java:lambda$waitForClusterToBeReady$0(232)) - Waiting for cluster to exit safe mode
2024-01-26 11:56:10,255 [Mini-Cluster-Provider-Create] INFO  ozone.MiniOzoneClusterImpl (MiniOzoneClusterImpl.java:lambda$waitForClusterToBeReady$0(234)) - SCM became leader
2024-01-26 11:56:10,282 [5052cfc4-081a-46ed-8261-0b7a8ad7db0a-EndpointStateMachineTaskThread-/0.0.0.0:15002-0 ] INFO  utils.DatanodeStoreCache (DatanodeStoreCache.java:addDB(72)) - Added db /home/runner/work/ozone/ozone/hadoop-ozone/integration-test/target/test-dir/MiniOzoneClusterImpl-b54bfeae-1ef8-4c1d-b639-09e56ef7dc0e/datanode-2/data-0/containers/hdds/b54bfeae-1ef8-4c1d-b639-09e56ef7dc0e/DS-741ed83f-3865-455f-a440-1e5d21d11166/container.db to cache
2024-01-26 11:56:10,282 [5052cfc4-081a-46ed-8261-0b7a8ad7db0a-EndpointStateMachineTaskThread-/0.0.0.0:15002-0 ] INFO  volume.HddsVolume (HddsVolume.java:createDbStore(420)) - SchemaV3 db is created and loaded at /home/runner/work/ozone/ozone/hadoop-ozone/integration-test/target/test-dir/MiniOzoneClusterImpl-b54bfeae-1ef8-4c1d-b639-09e56ef7dc0e/datanode-2/data-0/containers/hdds/b54bfeae-1ef8-4c1d-b639-09e56ef7dc0e/DS-741ed83f-3865-455f-a440-1e5d21d11166/container.db for volume DS-741ed83f-3865-455f-a440-1e5d21d11166
2024-01-26 11:56:10,284 [5052cfc4-081a-46ed-8261-0b7a8ad7db0a-EndpointStateMachineTaskThread-/0.0.0.0:15002-0 ] INFO  volume.ThrottledAsyncChecker (ThrottledAsyncChecker.java:schedule(141)) - Scheduling a check for /home/runner/work/ozone/ozone/hadoop-ozone/integration-test/target/test-dir/MiniOzoneClusterImpl-b54bfeae-1ef8-4c1d-b639-09e56ef7dc0e/datanode-2/data-0/containers/hdds
2024-01-26 11:56:10,284 [5052cfc4-081a-46ed-8261-0b7a8ad7db0a-EndpointStateMachineTaskThread-/0.0.0.0:15002-0 ] INFO  volume.StorageVolumeChecker (StorageVolumeChecker.java:checkAllVolumes(218)) - Scheduled health check for volume /home/runner/work/ozone/ozone/hadoop-ozone/integration-test/target/test-dir/MiniOzoneClusterImpl-b54bfeae-1ef8-4c1d-b639-09e56ef7dc0e/datanode-2/data-0/containers/hdds
2024-01-26 11:56:10,286 [5052cfc4-081a-46ed-8261-0b7a8ad7db0a-EndpointStateMachineTaskThread-/0.0.0.0:15002-0 ] INFO  volume.ThrottledAsyncChecker (ThrottledAsyncChecker.java:schedule(141)) - Scheduling a check for /home/runner/work/ozone/ozone/hadoop-ozone/integration-test/target/test-dir/MiniOzoneClusterImpl-b54bfeae-1ef8-4c1d-b639-09e56ef7dc0e/datanode-2/data/ratis
2024-01-26 11:56:10,286 [5052cfc4-081a-46ed-8261-0b7a8ad7db0a-EndpointStateMachineTaskThread-/0.0.0.0:15002-0 ] INFO  volume.StorageVolumeChecker (StorageVolumeChecker.java:checkAllVolumes(218)) - Scheduled health check for volume /home/runner/work/ozone/ozone/hadoop-ozone/integration-test/target/test-dir/MiniOzoneClusterImpl-b54bfeae-1ef8-4c1d-b639-09e56ef7dc0e/datanode-2/data/ratis
2024-01-26 11:56:10,286 [5052cfc4-081a-46ed-8261-0b7a8ad7db0a-EndpointStateMachineTaskThread-/0.0.0.0:15002-0 ] INFO  ozoneimpl.OzoneContainer (OzoneContainer.java:start(457)) - Attempting to start container services.
2024-01-26 11:56:10,287 [5052cfc4-081a-46ed-8261-0b7a8ad7db0a-EndpointStateMachineTaskThread-/0.0.0.0:15002-0 ] INFO  ozoneimpl.OzoneContainer (OzoneContainer.java:startContainerScrub(339)) - Scheduled background container scanners and the on-demand container scanner have been disabled.
2024-01-26 11:56:10,288 [5052cfc4-081a-46ed-8261-0b7a8ad7db0a-EndpointStateMachineTaskThread-/0.0.0.0:15002-0 ] INFO  replication.ReplicationServer (ReplicationServer.java:start(139)) - ReplicationServer is started using port 15034
2024-01-26 11:56:10,288 [5052cfc4-081a-46ed-8261-0b7a8ad7db0a-EndpointStateMachineTaskThread-/0.0.0.0:15002-0 ] INFO  ratis.XceiverServerRatis (XceiverServerRatis.java:start(549)) - Starting XceiverServerRatis 5052cfc4-081a-46ed-8261-0b7a8ad7db0a
2024-01-26 11:56:10,289 [5052cfc4-081a-46ed-8261-0b7a8ad7db0a-EndpointStateMachineTaskThread-/0.0.0.0:15002-0 ] INFO  server.RaftServer (RaftServerProxy.java:startImpl(406)) - 5052cfc4-081a-46ed-8261-0b7a8ad7db0a: start RPC server
2024-01-26 11:56:10,290 [5052cfc4-081a-46ed-8261-0b7a8ad7db0a-EndpointStateMachineTaskThread-/0.0.0.0:15002-0 ] INFO  server.GrpcService (GrpcService.java:startImpl(302)) - 5052cfc4-081a-46ed-8261-0b7a8ad7db0a: GrpcService started, listening on 15030
2024-01-26 11:56:10,291 [5052cfc4-081a-46ed-8261-0b7a8ad7db0a-EndpointStateMachineTaskThread-/0.0.0.0:15002-0 ] INFO  server.GrpcService (GrpcService.java:startImpl(302)) - 5052cfc4-081a-46ed-8261-0b7a8ad7db0a: GrpcService started, listening on 15032
2024-01-26 11:56:10,293 [5052cfc4-081a-46ed-8261-0b7a8ad7db0a-EndpointStateMachineTaskThread-/0.0.0.0:15002-0 ] INFO  server.GrpcService (GrpcService.java:startImpl(302)) - 5052cfc4-081a-46ed-8261-0b7a8ad7db0a: GrpcService started, listening on 15031
2024-01-26 11:56:10,293 [5052cfc4-081a-46ed-8261-0b7a8ad7db0a-EndpointStateMachineTaskThread-/0.0.0.0:15002-0 ] INFO  ratis.XceiverServerRatis (XceiverServerRatis.java:getRealPort(575)) - XceiverServerRatis 5052cfc4-081a-46ed-8261-0b7a8ad7db0a is started using port 15030 for RATIS
2024-01-26 11:56:10,293 [JvmPauseMonitor4] INFO  util.JvmPauseMonitor (JvmPauseMonitor.java:run(146)) - JvmPauseMonitor-5052cfc4-081a-46ed-8261-0b7a8ad7db0a: Started
2024-01-26 11:56:10,293 [5052cfc4-081a-46ed-8261-0b7a8ad7db0a-EndpointStateMachineTaskThread-/0.0.0.0:15002-0 ] INFO  ratis.XceiverServerRatis (XceiverServerRatis.java:getRealPort(575)) - XceiverServerRatis 5052cfc4-081a-46ed-8261-0b7a8ad7db0a is started using port 15031 for RATIS_ADMIN
2024-01-26 11:56:10,294 [5052cfc4-081a-46ed-8261-0b7a8ad7db0a-EndpointStateMachineTaskThread-/0.0.0.0:15002-0 ] INFO  ratis.XceiverServerRatis (XceiverServerRatis.java:getRealPort(575)) - XceiverServerRatis 5052cfc4-081a-46ed-8261-0b7a8ad7db0a is started using port 15032 for RATIS_SERVER
2024-01-26 11:56:10,294 [5052cfc4-081a-46ed-8261-0b7a8ad7db0a-EndpointStateMachineTaskThread-/0.0.0.0:15002-0 ] INFO  ratis.XceiverServerRatis (XceiverServerRatis.java:getRealPort(575)) - XceiverServerRatis 5052cfc4-081a-46ed-8261-0b7a8ad7db0a is started using port 15033 for RATIS_DATASTREAM
2024-01-26 11:56:10,296 [5052cfc4-081a-46ed-8261-0b7a8ad7db0a-BlockDeletingService#0] INFO  interfaces.ContainerDeletionChoosingPolicyTemplate (ContainerDeletionChoosingPolicyTemplate.java:chooseContainerForBlockDeletion(85)) - Chosen 0/5000 blocks from 0 candidate containers.
2024-01-26 11:56:11,255 [Mini-Cluster-Provider-Create] INFO  ozone.MiniOzoneClusterImpl (MiniOzoneClusterImpl.java:lambda$waitForClusterToBeReady$0(229)) - Waiting for nodes to be ready. Got 0 of 3 DN Heartbeats.
2024-01-26 11:56:11,255 [Mini-Cluster-Provider-Create] INFO  ozone.MiniOzoneClusterImpl (MiniOzoneClusterImpl.java:lambda$waitForClusterToBeReady$0(232)) - Waiting for cluster to exit safe mode
2024-01-26 11:56:11,255 [Mini-Cluster-Provider-Create] INFO  ozone.MiniOzoneClusterImpl (MiniOzoneClusterImpl.java:lambda$waitForClusterToBeReady$0(234)) - SCM became leader
2024-01-26 11:56:12,039 [IPC Server handler 98 on default port 15002] INFO  net.NetworkTopologyImpl (NetworkTopologyImpl.java:add(124)) - Added a new node: /default-rack/5e57565a-2fac-4b31-b24f-016e073e3d73
2024-01-26 11:56:12,042 [IPC Server handler 98 on default port 15002] INFO  node.SCMNodeManager (SCMNodeManager.java:register(421)) - Registered datanode: 5e57565a-2fac-4b31-b24f-016e073e3d73{ip: 10.1.0.50, host: fv-az1250-627, ports: [HTTP=15009, CLIENT_RPC=15010, REPLICATION=15016, RATIS=15012, RATIS_ADMIN=15013, RATIS_SERVER=15014, RATIS_DATASTREAM=15015, STANDALONE=15011], networkLocation: /default-rack, certSerialId: null, persistedOpState: null, persistedOpStateExpiryEpochSec: 0}
2024-01-26 11:56:12,045 [EventQueue-NewNodeForNewNodeHandler] INFO  pipeline.BackgroundPipelineCreator (BackgroundPipelineCreator.java:notifyEventTriggered(280)) - trigger a one-shot run on RatisPipelineUtilsThread.
2024-01-26 11:56:12,045 [EventQueue-NodeRegistrationContainerReportForDataNodeSafeModeRule] INFO  safemode.SCMSafeModeManager (DataNodeSafeModeRule.java:process(71)) - SCM in safe mode. 1 DataNodes registered, 3 required.
2024-01-26 11:56:12,046 [EventQueue-NodeRegistrationContainerReportForContainerSafeModeRule] INFO  safemode.SCMSafeModeManager (SCMSafeModeManager.java:validateSafeModeExitRules(200)) - ContainerSafeModeRule rule is successfully validated
2024-01-26 11:56:12,046 [EventQueue-PipelineReportForOneReplicaPipelineSafeModeRule] INFO  safemode.SCMSafeModeManager (SCMSafeModeManager.java:validateSafeModeExitRules(200)) - AtleastOneDatanodeReportedRule rule is successfully validated
2024-01-26 11:56:12,050 [RatisPipelineUtilsThread-0] INFO  pipeline.RatisPipelineProvider (RatisPipelineProvider.java:lambda$create$0(206)) - Sending CreatePipelineCommand for pipeline:PipelineID=e517abf9-fe06-462f-bee2-338a3d310b1d to datanode:5e57565a-2fac-4b31-b24f-016e073e3d73
2024-01-26 11:56:12,058 [RatisPipelineUtilsThread-0] INFO  pipeline.BackgroundPipelineCreator (BackgroundPipelineCreator.java:createPipelines(236)) - Created new pipeline Pipeline[ Id: e517abf9-fe06-462f-bee2-338a3d310b1d, Nodes: 5e57565a-2fac-4b31-b24f-016e073e3d73(fv-az1250-627/10.1.0.50), ReplicationConfig: RATIS/ONE, State:ALLOCATED, leaderId:, CreationTimestamp2024-01-26T11:56:12.050Z[Etc/UTC]]
2024-01-26 11:56:12,142 [IPC Server handler 97 on default port 15002] INFO  net.NetworkTopologyImpl (NetworkTopologyImpl.java:add(124)) - Added a new node: /default-rack/5c737fdf-f228-4231-bbf6-1cc383ec73d2
2024-01-26 11:56:12,142 [IPC Server handler 97 on default port 15002] INFO  node.SCMNodeManager (SCMNodeManager.java:register(421)) - Registered datanode: 5c737fdf-f228-4231-bbf6-1cc383ec73d2{ip: 10.1.0.50, host: fv-az1250-627, ports: [HTTP=15018, CLIENT_RPC=15019, REPLICATION=15025, RATIS=15021, RATIS_ADMIN=15022, RATIS_SERVER=15023, RATIS_DATASTREAM=15024, STANDALONE=15020], networkLocation: /default-rack, certSerialId: null, persistedOpState: null, persistedOpStateExpiryEpochSec: 0}
2024-01-26 11:56:12,142 [EventQueue-NodeRegistrationContainerReportForDataNodeSafeModeRule] INFO  safemode.SCMSafeModeManager (DataNodeSafeModeRule.java:process(71)) - SCM in safe mode. 2 DataNodes registered, 3 required.
2024-01-26 11:56:12,143 [EventQueue-NewNodeForNewNodeHandler] INFO  pipeline.BackgroundPipelineCreator (BackgroundPipelineCreator.java:notifyEventTriggered(280)) - trigger a one-shot run on RatisPipelineUtilsThread.
2024-01-26 11:56:12,143 [RatisPipelineUtilsThread-0] INFO  pipeline.RatisPipelineProvider (RatisPipelineProvider.java:lambda$create$0(206)) - Sending CreatePipelineCommand for pipeline:PipelineID=39f03c89-330a-44bd-ae6f-3e098637a30d to datanode:5c737fdf-f228-4231-bbf6-1cc383ec73d2
2024-01-26 11:56:12,144 [RatisPipelineUtilsThread-0] INFO  pipeline.BackgroundPipelineCreator (BackgroundPipelineCreator.java:createPipelines(236)) - Created new pipeline Pipeline[ Id: 39f03c89-330a-44bd-ae6f-3e098637a30d, Nodes: 5c737fdf-f228-4231-bbf6-1cc383ec73d2(fv-az1250-627/10.1.0.50), ReplicationConfig: RATIS/ONE, State:ALLOCATED, leaderId:, CreationTimestamp2024-01-26T11:56:12.143Z[Etc/UTC]]
2024-01-26 11:56:12,255 [Mini-Cluster-Provider-Create] INFO  ozone.MiniOzoneClusterImpl (MiniOzoneClusterImpl.java:lambda$waitForClusterToBeReady$0(229)) - Waiting for nodes to be ready. Got 2 of 3 DN Heartbeats.
2024-01-26 11:56:12,255 [Mini-Cluster-Provider-Create] INFO  ozone.MiniOzoneClusterImpl (MiniOzoneClusterImpl.java:lambda$waitForClusterToBeReady$0(232)) - Waiting for cluster to exit safe mode
2024-01-26 11:56:12,256 [Mini-Cluster-Provider-Create] INFO  ozone.MiniOzoneClusterImpl (MiniOzoneClusterImpl.java:lambda$waitForClusterToBeReady$0(234)) - SCM became leader
2024-01-26 11:56:12,256 [IPC Server handler 99 on default port 15002] INFO  net.NetworkTopologyImpl (NetworkTopologyImpl.java:add(124)) - Added a new node: /default-rack/5052cfc4-081a-46ed-8261-0b7a8ad7db0a
2024-01-26 11:56:12,256 [IPC Server handler 99 on default port 15002] INFO  node.SCMNodeManager (SCMNodeManager.java:register(421)) - Registered datanode: 5052cfc4-081a-46ed-8261-0b7a8ad7db0a{ip: 10.1.0.50, host: fv-az1250-627, ports: [HTTP=15027, CLIENT_RPC=15028, REPLICATION=15034, RATIS=15030, RATIS_ADMIN=15031, RATIS_SERVER=15032, RATIS_DATASTREAM=15033, STANDALONE=15029], networkLocation: /default-rack, certSerialId: null, persistedOpState: null, persistedOpStateExpiryEpochSec: 0}
2024-01-26 11:56:12,257 [EventQueue-NewNodeForNewNodeHandler] INFO  pipeline.BackgroundPipelineCreator (BackgroundPipelineCreator.java:notifyEventTriggered(280)) - trigger a one-shot run on RatisPipelineUtilsThread.
2024-01-26 11:56:12,257 [EventQueue-NodeRegistrationContainerReportForDataNodeSafeModeRule] INFO  safemode.SCMSafeModeManager (DataNodeSafeModeRule.java:process(71)) - SCM in safe mode. 3 DataNodes registered, 3 required.
2024-01-26 11:56:12,257 [EventQueue-NodeRegistrationContainerReportForDataNodeSafeModeRule] INFO  safemode.SCMSafeModeManager (SCMSafeModeManager.java:validateSafeModeExitRules(200)) - DataNodeSafeModeRule rule is successfully validated
2024-01-26 11:56:12,257 [EventQueue-NodeRegistrationContainerReportForDataNodeSafeModeRule] INFO  safemode.SCMSafeModeManager (SCMSafeModeManager.java:completePreCheck(229)) - All SCM safe mode pre check rules have passed
2024-01-26 11:56:12,257 [EventQueue-NodeRegistrationContainerReportForDataNodeSafeModeRule] INFO  ha.SCMContext (SCMContext.java:updateSafeModeStatus(230)) - Update SafeModeStatus from SafeModeStatus{safeModeStatus=true, preCheckPassed=false} to SafeModeStatus{safeModeStatus=true, preCheckPassed=true}.
2024-01-26 11:56:12,257 [EventQueue-NodeRegistrationContainerReportForDataNodeSafeModeRule] INFO  pipeline.BackgroundPipelineCreator (BackgroundPipelineCreator.java:notifyEventTriggered(280)) - trigger a one-shot run on RatisPipelineUtilsThread.
2024-01-26 11:56:12,257 [RatisPipelineUtilsThread-0] INFO  pipeline.RatisPipelineProvider (RatisPipelineProvider.java:lambda$create$0(206)) - Sending CreatePipelineCommand for pipeline:PipelineID=546903ca-aac8-4a23-99bb-2467d720484d to datanode:5052cfc4-081a-46ed-8261-0b7a8ad7db0a
2024-01-26 11:56:12,258 [RatisPipelineUtilsThread-0] INFO  pipeline.BackgroundPipelineCreator (BackgroundPipelineCreator.java:createPipelines(236)) - Created new pipeline Pipeline[ Id: 546903ca-aac8-4a23-99bb-2467d720484d, Nodes: 5052cfc4-081a-46ed-8261-0b7a8ad7db0a(fv-az1250-627/10.1.0.50), ReplicationConfig: RATIS/ONE, State:ALLOCATED, leaderId:, CreationTimestamp2024-01-26T11:56:12.257Z[Etc/UTC]]
2024-01-26 11:56:12,261 [RatisPipelineUtilsThread-0] INFO  pipeline.RatisPipelineProvider (RatisPipelineProvider.java:lambda$create$0(206)) - Sending CreatePipelineCommand for pipeline:PipelineID=89cbe570-fc20-4065-982c-342f2af39fd7 to datanode:5e57565a-2fac-4b31-b24f-016e073e3d73
2024-01-26 11:56:12,261 [RatisPipelineUtilsThread-0] INFO  pipeline.RatisPipelineProvider (RatisPipelineProvider.java:lambda$create$0(206)) - Sending CreatePipelineCommand for pipeline:PipelineID=89cbe570-fc20-4065-982c-342f2af39fd7 to datanode:5c737fdf-f228-4231-bbf6-1cc383ec73d2
2024-01-26 11:56:12,261 [RatisPipelineUtilsThread-0] INFO  pipeline.RatisPipelineProvider (RatisPipelineProvider.java:lambda$create$0(206)) - Sending CreatePipelineCommand for pipeline:PipelineID=89cbe570-fc20-4065-982c-342f2af39fd7 to datanode:5052cfc4-081a-46ed-8261-0b7a8ad7db0a
2024-01-26 11:56:12,263 [RatisPipelineUtilsThread-0] INFO  pipeline.BackgroundPipelineCreator (BackgroundPipelineCreator.java:createPipelines(236)) - Created new pipeline Pipeline[ Id: 89cbe570-fc20-4065-982c-342f2af39fd7, Nodes: 5e57565a-2fac-4b31-b24f-016e073e3d73(fv-az1250-627/10.1.0.50)5c737fdf-f228-4231-bbf6-1cc383ec73d2(fv-az1250-627/10.1.0.50)5052cfc4-081a-46ed-8261-0b7a8ad7db0a(fv-az1250-627/10.1.0.50), ReplicationConfig: RATIS/THREE, State:ALLOCATED, leaderId:, CreationTimestamp2024-01-26T11:56:12.261Z[Etc/UTC]]
2024-01-26 11:56:12,264 [RatisPipelineUtilsThread-0] INFO  pipeline.RatisPipelineProvider (RatisPipelineProvider.java:lambda$create$0(206)) - Sending CreatePipelineCommand for pipeline:PipelineID=998bf58e-5fa1-4369-b33d-cb413aa61fbb to datanode:5052cfc4-081a-46ed-8261-0b7a8ad7db0a
2024-01-26 11:56:12,264 [RatisPipelineUtilsThread-0] INFO  pipeline.RatisPipelineProvider (RatisPipelineProvider.java:lambda$create$0(206)) - Sending CreatePipelineCommand for pipeline:PipelineID=998bf58e-5fa1-4369-b33d-cb413aa61fbb to datanode:5e57565a-2fac-4b31-b24f-016e073e3d73
2024-01-26 11:56:12,265 [RatisPipelineUtilsThread-0] INFO  pipeline.RatisPipelineProvider (RatisPipelineProvider.java:lambda$create$0(206)) - Sending CreatePipelineCommand for pipeline:PipelineID=998bf58e-5fa1-4369-b33d-cb413aa61fbb to datanode:5c737fdf-f228-4231-bbf6-1cc383ec73d2
2024-01-26 11:56:12,266 [RatisPipelineUtilsThread-0] INFO  pipeline.PipelineManagerImpl (PipelineManagerImpl.java:recordMetricsForPipeline(916)) - Pipeline: PipelineID=998bf58e-5fa1-4369-b33d-cb413aa61fbb contains same datanodes as previous pipelines: PipelineID=89cbe570-fc20-4065-982c-342f2af39fd7 nodeIds: 5052cfc4-081a-46ed-8261-0b7a8ad7db0a, 5e57565a-2fac-4b31-b24f-016e073e3d73, 5c737fdf-f228-4231-bbf6-1cc383ec73d2
2024-01-26 11:56:12,266 [RatisPipelineUtilsThread-0] INFO  pipeline.BackgroundPipelineCreator (BackgroundPipelineCreator.java:createPipelines(236)) - Created new pipeline Pipeline[ Id: 998bf58e-5fa1-4369-b33d-cb413aa61fbb, Nodes: 5052cfc4-081a-46ed-8261-0b7a8ad7db0a(fv-az1250-627/10.1.0.50)5e57565a-2fac-4b31-b24f-016e073e3d73(fv-az1250-627/10.1.0.50)5c737fdf-f228-4231-bbf6-1cc383ec73d2(fv-az1250-627/10.1.0.50), ReplicationConfig: RATIS/THREE, State:ALLOCATED, leaderId:, CreationTimestamp2024-01-26T11:56:12.264Z[Etc/UTC]]
2024-01-26 11:56:13,256 [Mini-Cluster-Provider-Create] INFO  ozone.MiniOzoneClusterImpl (MiniOzoneClusterImpl.java:lambda$waitForClusterToBeReady$0(229)) - Nodes are ready. Got 3 of 3 DN Heartbeats.
2024-01-26 11:56:13,256 [Mini-Cluster-Provider-Create] INFO  ozone.MiniOzoneClusterImpl (MiniOzoneClusterImpl.java:lambda$waitForClusterToBeReady$0(232)) - Waiting for cluster to exit safe mode
2024-01-26 11:56:13,257 [Mini-Cluster-Provider-Create] INFO  ozone.MiniOzoneClusterImpl (MiniOzoneClusterImpl.java:lambda$waitForClusterToBeReady$0(234)) - SCM became leader
2024-01-26 11:56:14,257 [Mini-Cluster-Provider-Create] INFO  ozone.MiniOzoneClusterImpl (MiniOzoneClusterImpl.java:lambda$waitForClusterToBeReady$0(229)) - Nodes are ready. Got 3 of 3 DN Heartbeats.
2024-01-26 11:56:14,257 [Mini-Cluster-Provider-Create] INFO  ozone.MiniOzoneClusterImpl (MiniOzoneClusterImpl.java:lambda$waitForClusterToBeReady$0(232)) - Waiting for cluster to exit safe mode
2024-01-26 11:56:14,257 [Mini-Cluster-Provider-Create] INFO  ozone.MiniOzoneClusterImpl (MiniOzoneClusterImpl.java:lambda$waitForClusterToBeReady$0(234)) - SCM became leader
2024-01-26 11:56:15,038 [5e57565a-2fac-4b31-b24f-016e073e3d73-PipelineCommandHandlerThread-0] INFO  server.RaftServer (RaftServerProxy.java:addNew(100)) - 5e57565a-2fac-4b31-b24f-016e073e3d73: addNew group-338A3D310B1D:[5e57565a-2fac-4b31-b24f-016e073e3d73|10.1.0.50:15014] returns group-338A3D310B1D:java.util.concurrent.CompletableFuture@69a6a1f6[Not completed]
2024-01-26 11:56:15,045 [5e57565a-2fac-4b31-b24f-016e073e3d73-groupManagement] INFO  server.RaftServer$Division (RaftServerImpl.java:<init>(256)) - 5e57565a-2fac-4b31-b24f-016e073e3d73: new RaftServerImpl for group-338A3D310B1D:[5e57565a-2fac-4b31-b24f-016e073e3d73|10.1.0.50:15014] with ContainerStateMachine:uninitialized
2024-01-26 11:56:15,046 [5e57565a-2fac-4b31-b24f-016e073e3d73-groupManagement] INFO  server.RaftServerConfigKeys (ConfUtils.java:logGet(46)) - raft.server.rpc.timeout.min = 5s (custom)
2024-01-26 11:56:15,046 [5e57565a-2fac-4b31-b24f-016e073e3d73-groupManagement] INFO  server.RaftServerConfigKeys (ConfUtils.java:logGet(46)) - raft.server.rpc.timeout.max = 5200ms (custom)
2024-01-26 11:56:15,046 [5e57565a-2fac-4b31-b24f-016e073e3d73-groupManagement] INFO  server.RaftServerConfigKeys (ConfUtils.java:logGet(46)) - raft.server.rpc.sleep.time = 25ms (default)
2024-01-26 11:56:15,046 [5e57565a-2fac-4b31-b24f-016e073e3d73-groupManagement] INFO  server.RaftServerConfigKeys (ConfUtils.java:logGet(46)) - raft.server.rpc.slowness.timeout = 300s (custom)
2024-01-26 11:56:15,046 [5e57565a-2fac-4b31-b24f-016e073e3d73-groupManagement] INFO  server.RaftServerConfigKeys (ConfUtils.java:logGet(46)) - raft.server.leaderelection.leader.step-down.wait-time = 10s (default)
2024-01-26 11:56:15,046 [5e57565a-2fac-4b31-b24f-016e073e3d73-groupManagement] INFO  server.RaftServerConfigKeys (ConfUtils.java:logGet(46)) - raft.server.leaderelection.member.majority-add = false (default)
2024-01-26 11:56:15,046 [5e57565a-2fac-4b31-b24f-016e073e3d73-groupManagement] INFO  server.RaftServerConfigKeys (ConfUtils.java:logGet(46)) - raft.server.sleep.deviation.threshold = 300ms (default)
2024-01-26 11:56:15,046 [5e57565a-2fac-4b31-b24f-016e073e3d73-groupManagement] INFO  server.RaftServer$Division (ServerState.java:<init>(113)) - 5e57565a-2fac-4b31-b24f-016e073e3d73@group-338A3D310B1D: ConfigurationManager, init=-1: peers:[5e57565a-2fac-4b31-b24f-016e073e3d73|10.1.0.50:15014]|listeners:[], old=null, confs=<EMPTY_MAP>
2024-01-26 11:56:15,047 [5e57565a-2fac-4b31-b24f-016e073e3d73-groupManagement] INFO  server.RaftServerConfigKeys (ConfUtils.java:logGet(46)) - raft.server.notification.no-leader.timeout = 300s (custom)
2024-01-26 11:56:15,047 [5e57565a-2fac-4b31-b24f-016e073e3d73-groupManagement] INFO  server.RaftServerConfigKeys (ConfUtils.java:logGet(46)) - raft.server.read.timeout = 10s (default)
2024-01-26 11:56:15,047 [5e57565a-2fac-4b31-b24f-016e073e3d73-groupManagement] INFO  server.RaftServerConfigKeys (ConfUtils.java:logGet(46)) - raft.server.retrycache.expirytime = 600000ms (custom)
2024-01-26 11:56:15,047 [5e57565a-2fac-4b31-b24f-016e073e3d73-groupManagement] INFO  server.RaftServerConfigKeys (ConfUtils.java:logGet(46)) - raft.server.retrycache.statistics.expirytime = 100ms (default)
2024-01-26 11:56:15,047 [5e57565a-2fac-4b31-b24f-016e073e3d73-groupManagement] INFO  server.RaftServerConfigKeys (ConfUtils.java:logGet(46)) - raft.server.read.option = DEFAULT (default)
2024-01-26 11:56:15,047 [5e57565a-2fac-4b31-b24f-016e073e3d73-groupManagement] INFO  server.RaftServerConfigKeys (ConfUtils.java:logGet(46)) - raft.server.read.read-after-write-consistent.write-index-cache.expiry-time = 60s (default)
2024-01-26 11:56:15,053 [5e57565a-2fac-4b31-b24f-016e073e3d73-groupManagement] INFO  server.RaftServerConfigKeys (ConfUtils.java:logGet(46)) - raft.server.rpc.request.timeout = 60s (custom)
2024-01-26 11:56:15,053 [5e57565a-2fac-4b31-b24f-016e073e3d73-groupManagement] INFO  server.RaftServerConfigKeys (ConfUtils.java:logGet(46)) - raft.server.log.appender.install.snapshot.enabled = false (custom)
2024-01-26 11:56:15,054 [5e57565a-2fac-4b31-b24f-016e073e3d73-groupManagement] INFO  server.RaftServerConfigKeys (ConfUtils.java:logGet(46)) - raft.server.threadpool.server.cached = true (default)
2024-01-26 11:56:15,054 [5e57565a-2fac-4b31-b24f-016e073e3d73-groupManagement] INFO  server.RaftServerConfigKeys (ConfUtils.java:logGet(46)) - raft.server.threadpool.server.size = 0 (default)
2024-01-26 11:56:15,054 [5e57565a-2fac-4b31-b24f-016e073e3d73-groupManagement] INFO  server.RaftServerConfigKeys (ConfUtils.java:logGet(46)) - raft.server.threadpool.client.cached = true (default)
2024-01-26 11:56:15,054 [5e57565a-2fac-4b31-b24f-016e073e3d73-groupManagement] INFO  server.RaftServerConfigKeys (ConfUtils.java:logGet(46)) - raft.server.threadpool.client.size = 0 (default)
2024-01-26 11:56:15,054 [5e57565a-2fac-4b31-b24f-016e073e3d73-groupManagement] INFO  server.RaftServerConfigKeys (ConfUtils.java:logGet(46)) - raft.server.storage.free-space.min = 0MB (=0) (default)
2024-01-26 11:56:15,054 [5e57565a-2fac-4b31-b24f-016e073e3d73-groupManagement] INFO  server.RaftServerConfigKeys (ConfUtils.java:logGet(46)) - raft.server.log.corruption.policy = EXCEPTION (default)
2024-01-26 11:56:15,054 [5e57565a-2fac-4b31-b24f-016e073e3d73-groupManagement] INFO  server.RaftServerConfigKeys (ConfUtils.java:logGet(46)) - raft.server.storage.dir = [/home/runner/work/ozone/ozone/hadoop-ozone/integration-test/target/test-dir/MiniOzoneClusterImpl-b54bfeae-1ef8-4c1d-b639-09e56ef7dc0e/datanode-0/data/ratis] (custom)
2024-01-26 11:56:15,055 [5e57565a-2fac-4b31-b24f-016e073e3d73-groupManagement] INFO  storage.RaftStorageDirectory (RaftStorageDirectoryImpl.java:analyzeStorage(138)) - The storage directory /home/runner/work/ozone/ozone/hadoop-ozone/integration-test/target/test-dir/MiniOzoneClusterImpl-b54bfeae-1ef8-4c1d-b639-09e56ef7dc0e/datanode-0/data/ratis/e517abf9-fe06-462f-bee2-338a3d310b1d does not exist. Creating ...
2024-01-26 11:56:15,056 [5e57565a-2fac-4b31-b24f-016e073e3d73-groupManagement] INFO  storage.RaftStorageDirectory (RaftStorageDirectoryImpl.java:tryLock(228)) - Lock on /home/runner/work/ozone/ozone/hadoop-ozone/integration-test/target/test-dir/MiniOzoneClusterImpl-b54bfeae-1ef8-4c1d-b639-09e56ef7dc0e/datanode-0/data/ratis/e517abf9-fe06-462f-bee2-338a3d310b1d/in_use.lock acquired by nodename 67451@fv-az1250-627
2024-01-26 11:56:15,057 [5e57565a-2fac-4b31-b24f-016e073e3d73-groupManagement] INFO  storage.RaftStorage (RaftStorageImpl.java:format(99)) - Storage directory /home/runner/work/ozone/ozone/hadoop-ozone/integration-test/target/test-dir/MiniOzoneClusterImpl-b54bfeae-1ef8-4c1d-b639-09e56ef7dc0e/datanode-0/data/ratis/e517abf9-fe06-462f-bee2-338a3d310b1d has been successfully formatted.
2024-01-26 11:56:15,059 [5e57565a-2fac-4b31-b24f-016e073e3d73-groupManagement] WARN  util.FileUtils (LogUtils.java:supplyAndLog(63)) - Failed to Files.newInputStream /home/runner/work/ozone/ozone/hadoop-ozone/integration-test/target/test-dir/MiniOzoneClusterImpl-b54bfeae-1ef8-4c1d-b639-09e56ef7dc0e/datanode-0/data/ratis/e517abf9-fe06-462f-bee2-338a3d310b1d/current/raft-meta.conf with options []: java.nio.file.NoSuchFileException: /home/runner/work/ozone/ozone/hadoop-ozone/integration-test/target/test-dir/MiniOzoneClusterImpl-b54bfeae-1ef8-4c1d-b639-09e56ef7dc0e/datanode-0/data/ratis/e517abf9-fe06-462f-bee2-338a3d310b1d/current/raft-meta.conf
2024-01-26 11:56:15,062 [5e57565a-2fac-4b31-b24f-016e073e3d73-groupManagement] INFO  ratis.ContainerStateMachine (ContainerStateMachine.java:loadSnapshot(287)) - group-338A3D310B1D: The snapshot info is null. Setting the last applied index to:(t:0, i:~)
2024-01-26 11:56:15,062 [5e57565a-2fac-4b31-b24f-016e073e3d73-groupManagement] INFO  server.RaftServerConfigKeys (ConfUtils.java:logGet(46)) - raft.server.log.use.memory = false (default)
2024-01-26 11:56:15,062 [5e57565a-2fac-4b31-b24f-016e073e3d73-groupManagement] INFO  server.RaftServerConfigKeys (ConfUtils.java:logGet(46)) - raft.server.log.purge.gap = 1000000 (custom)
2024-01-26 11:56:15,063 [5e57565a-2fac-4b31-b24f-016e073e3d73-groupManagement] INFO  server.RaftServerConfigKeys (ConfUtils.java:logGet(46)) - raft.server.log.appender.buffer.byte-limit = 8388608 (custom)
2024-01-26 11:56:15,063 [5e57565a-2fac-4b31-b24f-016e073e3d73-groupManagement] INFO  server.RaftServerConfigKeys (ConfUtils.java:logGet(46)) - raft.server.log.statemachine.data.read.timeout = 1000ms (default)
2024-01-26 11:56:15,063 [5e57565a-2fac-4b31-b24f-016e073e3d73-groupManagement] INFO  server.RaftServerConfigKeys (ConfUtils.java:logGet(46)) - raft.server.log.purge.preservation.log.num = 0 (default)
2024-01-26 11:56:15,065 [5e57565a-2fac-4b31-b24f-016e073e3d73-groupManagement] INFO  server.RaftServerConfigKeys (ConfUtils.java:logGet(46)) - raft.server.log.segment.size.max = 67108864 (custom)
2024-01-26 11:56:15,066 [5e57565a-2fac-4b31-b24f-016e073e3d73-groupManagement] INFO  server.RaftServerConfigKeys (ConfUtils.java:logGet(46)) - raft.server.log.segment.cache.num.max = 2 (custom)
2024-01-26 11:56:15,066 [5e57565a-2fac-4b31-b24f-016e073e3d73-groupManagement] INFO  server.RaftServerConfigKeys (ConfUtils.java:logGet(46)) - raft.server.log.segment.cache.size.max = 200MB (=209715200) (default)
2024-01-26 11:56:15,066 [5e57565a-2fac-4b31-b24f-016e073e3d73-groupManagement] INFO  server.RaftServerConfigKeys (ConfUtils.java:logGet(46)) - raft.server.log.appender.buffer.byte-limit = 8388608 (custom)
2024-01-26 11:56:15,066 [5e57565a-2fac-4b31-b24f-016e073e3d73-groupManagement] INFO  util.AwaitToRun (AwaitToRun.java:start(81)) - Thread[5e57565a-2fac-4b31-b24f-016e073e3d73@group-338A3D310B1D-cacheEviction-AwaitToRun,5,main] started
2024-01-26 11:56:15,066 [5e57565a-2fac-4b31-b24f-016e073e3d73-groupManagement] INFO  segmented.SegmentedRaftLogWorker (SegmentedRaftLogWorker.java:<init>(182)) - new 5e57565a-2fac-4b31-b24f-016e073e3d73@group-338A3D310B1D-SegmentedRaftLogWorker for RaftStorageImpl:Storage Directory /home/runner/work/ozone/ozone/hadoop-ozone/integration-test/target/test-dir/MiniOzoneClusterImpl-b54bfeae-1ef8-4c1d-b639-09e56ef7dc0e/datanode-0/data/ratis/e517abf9-fe06-462f-bee2-338a3d310b1d
2024-01-26 11:56:15,066 [5e57565a-2fac-4b31-b24f-016e073e3d73-groupManagement] INFO  server.RaftServerConfigKeys (ConfUtils.java:logGet(46)) - raft.server.log.queue.byte-limit = 4294967296 (custom)
2024-01-26 11:56:15,066 [5e57565a-2fac-4b31-b24f-016e073e3d73-groupManagement] INFO  server.RaftServerConfigKeys (ConfUtils.java:logGet(46)) - raft.server.log.queue.element-limit = 1024 (custom)
2024-01-26 11:56:15,067 [5e57565a-2fac-4b31-b24f-016e073e3d73-groupManagement] INFO  server.RaftServerConfigKeys (ConfUtils.java:logGet(46)) - raft.server.log.segment.size.max = 67108864 (custom)
2024-01-26 11:56:15,067 [5e57565a-2fac-4b31-b24f-016e073e3d73-groupManagement] INFO  server.RaftServerConfigKeys (ConfUtils.java:logGet(46)) - raft.server.log.preallocated.size = 4194304 (custom)
2024-01-26 11:56:15,067 [5e57565a-2fac-4b31-b24f-016e073e3d73-groupManagement] INFO  server.RaftServerConfigKeys (ConfUtils.java:logGet(46)) - raft.server.log.force.sync.num = 128 (default)
2024-01-26 11:56:15,067 [5e57565a-2fac-4b31-b24f-016e073e3d73-groupManagement] INFO  server.RaftServerConfigKeys (ConfUtils.java:logGet(46)) - raft.server.log.statemachine.data.sync = true (default)
2024-01-26 11:56:15,067 [5e57565a-2fac-4b31-b24f-016e073e3d73-groupManagement] INFO  server.RaftServerConfigKeys (ConfUtils.java:logGet(46)) - raft.server.log.statemachine.data.sync.timeout = 10s (default)
2024-01-26 11:56:15,067 [5e57565a-2fac-4b31-b24f-016e073e3d73-groupManagement] INFO  server.RaftServerConfigKeys (ConfUtils.java:logGet(46)) - raft.server.log.statemachine.data.sync.timeout.retry = 0 (custom)
2024-01-26 11:56:15,068 [5e57565a-2fac-4b31-b24f-016e073e3d73-groupManagement] INFO  server.RaftServerConfigKeys (ConfUtils.java:logGet(46)) - raft.server.log.write.buffer.size = 8388616 (custom)
2024-01-26 11:56:15,069 [5e57565a-2fac-4b31-b24f-016e073e3d73-groupManagement] INFO  server.RaftServerConfigKeys (ConfUtils.java:logGet(46)) - raft.server.log.appender.buffer.byte-limit = 8388608 (custom)
2024-01-26 11:56:15,069 [5e57565a-2fac-4b31-b24f-016e073e3d73-groupManagement] INFO  server.RaftServerConfigKeys (ConfUtils.java:logGet(46)) - raft.server.log.unsafe-flush.enabled = false (default)
2024-01-26 11:56:15,070 [5e57565a-2fac-4b31-b24f-016e073e3d73-groupManagement] INFO  server.RaftServerConfigKeys (ConfUtils.java:logGet(46)) - raft.server.log.async-flush.enabled = false (default)
2024-01-26 11:56:15,070 [5e57565a-2fac-4b31-b24f-016e073e3d73-groupManagement] INFO  server.RaftServerConfigKeys (ConfUtils.java:logGet(46)) - raft.server.log.statemachine.data.caching.enabled = true (custom)
2024-01-26 11:56:15,070 [5e57565a-2fac-4b31-b24f-016e073e3d73-groupManagement] INFO  segmented.SegmentedRaftLogWorker (SegmentedRaftLogWorker.java:lambda$new$0(134)) - 5e57565a-2fac-4b31-b24f-016e073e3d73@group-338A3D310B1D-SegmentedRaftLogWorker: flushIndex: setUnconditionally 0 -> -1
2024-01-26 11:56:15,070 [5e57565a-2fac-4b31-b24f-016e073e3d73-groupManagement] INFO  segmented.SegmentedRaftLogWorker (SegmentedRaftLogWorker.java:lambda$new$0(134)) - 5e57565a-2fac-4b31-b24f-016e073e3d73@group-338A3D310B1D-SegmentedRaftLogWorker: safeCacheEvictIndex: setUnconditionally 0 -> -1
2024-01-26 11:56:15,070 [5e57565a-2fac-4b31-b24f-016e073e3d73-groupManagement] INFO  server.RaftServer$Division (RaftServerImpl.java:start(396)) - 5e57565a-2fac-4b31-b24f-016e073e3d73@group-338A3D310B1D: start as a follower, conf=-1: peers:[5e57565a-2fac-4b31-b24f-016e073e3d73|10.1.0.50:15014]|listeners:[], old=null
2024-01-26 11:56:15,070 [5e57565a-2fac-4b31-b24f-016e073e3d73-groupManagement] INFO  server.RaftServer$Division (RaftServerImpl.java:setRole(383)) - 5e57565a-2fac-4b31-b24f-016e073e3d73@group-338A3D310B1D: changes role from      null to FOLLOWER at term 0 for startAsFollower
2024-01-26 11:56:15,071 [5e57565a-2fac-4b31-b24f-016e073e3d73-groupManagement] INFO  impl.RoleInfo (RoleInfo.java:updateAndGet(139)) - 5e57565a-2fac-4b31-b24f-016e073e3d73: start 5e57565a-2fac-4b31-b24f-016e073e3d73@group-338A3D310B1D-FollowerState
2024-01-26 11:56:15,071 [5e57565a-2fac-4b31-b24f-016e073e3d73@group-338A3D310B1D-FollowerState] INFO  server.RaftServerConfigKeys (ConfUtils.java:logFallback(53)) - raft.server.rpc.first-election.timeout.min = 5s (fallback to raft.server.rpc.timeout.min)
2024-01-26 11:56:15,072 [5e57565a-2fac-4b31-b24f-016e073e3d73-groupManagement] INFO  util.JmxRegister (JmxRegister.java:tryRegister(44)) - Successfully registered JMX Bean with object name Ratis:service=RaftServer,group=group-338A3D310B1D,id=5e57565a-2fac-4b31-b24f-016e073e3d73
2024-01-26 11:56:15,072 [5e57565a-2fac-4b31-b24f-016e073e3d73-groupManagement] INFO  server.RaftServerConfigKeys (ConfUtils.java:logGet(46)) - raft.server.snapshot.trigger-when-stop.enabled = true (default)
2024-01-26 11:56:15,073 [5e57565a-2fac-4b31-b24f-016e073e3d73-groupManagement] INFO  server.RaftServerConfigKeys (ConfUtils.java:logGet(46)) - raft.server.snapshot.auto.trigger.enabled = true (custom)
2024-01-26 11:56:15,073 [5e57565a-2fac-4b31-b24f-016e073e3d73-groupManagement] INFO  server.RaftServerConfigKeys (ConfUtils.java:logGet(46)) - raft.server.snapshot.auto.trigger.threshold = 10000 (custom)
2024-01-26 11:56:15,073 [5e57565a-2fac-4b31-b24f-016e073e3d73-groupManagement] INFO  server.RaftServerConfigKeys (ConfUtils.java:logGet(46)) - raft.server.snapshot.retention.file.num = 5 (custom)
2024-01-26 11:56:15,073 [5e57565a-2fac-4b31-b24f-016e073e3d73-groupManagement] INFO  server.RaftServerConfigKeys (ConfUtils.java:logGet(46)) - raft.server.log.purge.upto.snapshot.index = false (default)
2024-01-26 11:56:15,074 [5e57565a-2fac-4b31-b24f-016e073e3d73@group-338A3D310B1D-FollowerState] INFO  server.RaftServerConfigKeys (ConfUtils.java:logFallback(53)) - raft.server.rpc.first-election.timeout.max = 5200ms (fallback to raft.server.rpc.timeout.max)
2024-01-26 11:56:15,088 [EventQueue-PipelineReportForPipelineReportHandler] INFO  pipeline.PipelineReportHandler (PipelineReportHandler.java:processPipelineReport(136)) - Opened pipeline PipelineID=e517abf9-fe06-462f-bee2-338a3d310b1d
2024-01-26 11:56:15,089 [EventQueue-OpenPipelineForHealthyPipelineSafeModeRule] INFO  safemode.SCMSafeModeManager (HealthyPipelineSafeModeRule.java:process(140)) - SCM in safe mode. Healthy pipelines reported count is 0, required healthy pipeline reported count is 1
2024-01-26 11:56:15,089 [5e57565a-2fac-4b31-b24f-016e073e3d73-PipelineCommandHandlerThread-0] INFO  ratis.XceiverServerRatis (XceiverServerRatis.java:addGroup(842)) - Created group PipelineID=e517abf9-fe06-462f-bee2-338a3d310b1d
2024-01-26 11:56:15,090 [5e57565a-2fac-4b31-b24f-016e073e3d73-PipelineCommandHandlerThread-0] INFO  commandhandler.CreatePipelineCommandHandler (CreatePipelineCommandHandler.java:lambda$handle$2(124)) - Created Pipeline RATIS ONE PipelineID=e517abf9-fe06-462f-bee2-338a3d310b1d.
2024-01-26 11:56:15,090 [5e57565a-2fac-4b31-b24f-016e073e3d73-PipelineCommandHandlerThread-0] INFO  server.RaftServer (RaftServerProxy.java:addNew(100)) - 5e57565a-2fac-4b31-b24f-016e073e3d73: addNew group-342F2AF39FD7:[5c737fdf-f228-4231-bbf6-1cc383ec73d2|10.1.0.50:15023, 5052cfc4-081a-46ed-8261-0b7a8ad7db0a|10.1.0.50:15032, 5e57565a-2fac-4b31-b24f-016e073e3d73|10.1.0.50:15014] returns group-342F2AF39FD7:java.util.concurrent.CompletableFuture@5a0cf0a1[Not completed]
2024-01-26 11:56:15,092 [5e57565a-2fac-4b31-b24f-016e073e3d73-groupManagement] INFO  server.RaftServer$Division (RaftServerImpl.java:<init>(256)) - 5e57565a-2fac-4b31-b24f-016e073e3d73: new RaftServerImpl for group-342F2AF39FD7:[5c737fdf-f228-4231-bbf6-1cc383ec73d2|10.1.0.50:15023, 5052cfc4-081a-46ed-8261-0b7a8ad7db0a|10.1.0.50:15032, 5e57565a-2fac-4b31-b24f-016e073e3d73|10.1.0.50:15014] with ContainerStateMachine:uninitialized
2024-01-26 11:56:15,092 [5e57565a-2fac-4b31-b24f-016e073e3d73-groupManagement] INFO  server.RaftServerConfigKeys (ConfUtils.java:logGet(46)) - raft.server.rpc.timeout.min = 5s (custom)
2024-01-26 11:56:15,092 [5e57565a-2fac-4b31-b24f-016e073e3d73-groupManagement] INFO  server.RaftServerConfigKeys (ConfUtils.java:logGet(46)) - raft.server.rpc.timeout.max = 5200ms (custom)
2024-01-26 11:56:15,092 [5e57565a-2fac-4b31-b24f-016e073e3d73-groupManagement] INFO  server.RaftServerConfigKeys (ConfUtils.java:logGet(46)) - raft.server.rpc.sleep.time = 25ms (default)
2024-01-26 11:56:15,092 [5e57565a-2fac-4b31-b24f-016e073e3d73-groupManagement] INFO  server.RaftServerConfigKeys (ConfUtils.java:logGet(46)) - raft.server.rpc.slowness.timeout = 300s (custom)
2024-01-26 11:56:15,092 [5e57565a-2fac-4b31-b24f-016e073e3d73-groupManagement] INFO  server.RaftServerConfigKeys (ConfUtils.java:logGet(46)) - raft.server.leaderelection.leader.step-down.wait-time = 10s (default)
2024-01-26 11:56:15,092 [5e57565a-2fac-4b31-b24f-016e073e3d73-groupManagement] INFO  server.RaftServerConfigKeys (ConfUtils.java:logGet(46)) - raft.server.leaderelection.member.majority-add = false (default)
2024-01-26 11:56:15,092 [5e57565a-2fac-4b31-b24f-016e073e3d73-groupManagement] INFO  server.RaftServerConfigKeys (ConfUtils.java:logGet(46)) - raft.server.sleep.deviation.threshold = 300ms (default)
2024-01-26 11:56:15,092 [5e57565a-2fac-4b31-b24f-016e073e3d73-groupManagement] INFO  server.RaftServer$Division (ServerState.java:<init>(113)) - 5e57565a-2fac-4b31-b24f-016e073e3d73@group-342F2AF39FD7: ConfigurationManager, init=-1: peers:[5c737fdf-f228-4231-bbf6-1cc383ec73d2|10.1.0.50:15023, 5052cfc4-081a-46ed-8261-0b7a8ad7db0a|10.1.0.50:15032, 5e57565a-2fac-4b31-b24f-016e073e3d73|10.1.0.50:15014]|listeners:[], old=null, confs=<EMPTY_MAP>
2024-01-26 11:56:15,093 [5e57565a-2fac-4b31-b24f-016e073e3d73-groupManagement] INFO  server.RaftServerConfigKeys (ConfUtils.java:logGet(46)) - raft.server.notification.no-leader.timeout = 300s (custom)
2024-01-26 11:56:15,093 [5e57565a-2fac-4b31-b24f-016e073e3d73-groupManagement] INFO  server.RaftServerConfigKeys (ConfUtils.java:logGet(46)) - raft.server.read.timeout = 10s (default)
2024-01-26 11:56:15,093 [5e57565a-2fac-4b31-b24f-016e073e3d73-groupManagement] INFO  server.RaftServerConfigKeys (ConfUtils.java:logGet(46)) - raft.server.retrycache.expirytime = 600000ms (custom)
2024-01-26 11:56:15,093 [5e57565a-2fac-4b31-b24f-016e073e3d73-groupManagement] INFO  server.RaftServerConfigKeys (ConfUtils.java:logGet(46)) - raft.server.retrycache.statistics.expirytime = 100ms (default)
2024-01-26 11:56:15,093 [5e57565a-2fac-4b31-b24f-016e073e3d73-groupManagement] INFO  server.RaftServerConfigKeys (ConfUtils.java:logGet(46)) - raft.server.read.option = DEFAULT (default)
2024-01-26 11:56:15,093 [5e57565a-2fac-4b31-b24f-016e073e3d73-groupManagement] INFO  server.RaftServerConfigKeys (ConfUtils.java:logGet(46)) - raft.server.read.read-after-write-consistent.write-index-cache.expiry-time = 60s (default)
2024-01-26 11:56:15,099 [5e57565a-2fac-4b31-b24f-016e073e3d73-groupManagement] INFO  server.RaftServerConfigKeys (ConfUtils.java:logGet(46)) - raft.server.rpc.request.timeout = 60s (custom)
2024-01-26 11:56:15,099 [5e57565a-2fac-4b31-b24f-016e073e3d73-groupManagement] INFO  server.RaftServerConfigKeys (ConfUtils.java:logGet(46)) - raft.server.log.appender.install.snapshot.enabled = false (custom)
2024-01-26 11:56:15,101 [5e57565a-2fac-4b31-b24f-016e073e3d73-groupManagement] INFO  server.RaftServerConfigKeys (ConfUtils.java:logGet(46)) - raft.server.threadpool.server.cached = true (default)
2024-01-26 11:56:15,101 [5e57565a-2fac-4b31-b24f-016e073e3d73-groupManagement] INFO  server.RaftServerConfigKeys (ConfUtils.java:logGet(46)) - raft.server.threadpool.server.size = 0 (default)
2024-01-26 11:56:15,101 [5e57565a-2fac-4b31-b24f-016e073e3d73-groupManagement] INFO  server.RaftServerConfigKeys (ConfUtils.java:logGet(46)) - raft.server.threadpool.client.cached = true (default)
2024-01-26 11:56:15,101 [5e57565a-2fac-4b31-b24f-016e073e3d73-groupManagement] INFO  server.RaftServerConfigKeys (ConfUtils.java:logGet(46)) - raft.server.threadpool.client.size = 0 (default)
2024-01-26 11:56:15,101 [5e57565a-2fac-4b31-b24f-016e073e3d73-groupManagement] INFO  server.RaftServerConfigKeys (ConfUtils.java:logGet(46)) - raft.server.storage.free-space.min = 0MB (=0) (default)
2024-01-26 11:56:15,101 [5e57565a-2fac-4b31-b24f-016e073e3d73-groupManagement] INFO  server.RaftServerConfigKeys (ConfUtils.java:logGet(46)) - raft.server.log.corruption.policy = EXCEPTION (default)
2024-01-26 11:56:15,101 [5e57565a-2fac-4b31-b24f-016e073e3d73-groupManagement] INFO  server.RaftServerConfigKeys (ConfUtils.java:logGet(46)) - raft.server.storage.dir = [/home/runner/work/ozone/ozone/hadoop-ozone/integration-test/target/test-dir/MiniOzoneClusterImpl-b54bfeae-1ef8-4c1d-b639-09e56ef7dc0e/datanode-0/data/ratis] (custom)
2024-01-26 11:56:15,102 [5e57565a-2fac-4b31-b24f-016e073e3d73-groupManagement] INFO  storage.RaftStorageDirectory (RaftStorageDirectoryImpl.java:analyzeStorage(138)) - The storage directory /home/runner/work/ozone/ozone/hadoop-ozone/integration-test/target/test-dir/MiniOzoneClusterImpl-b54bfeae-1ef8-4c1d-b639-09e56ef7dc0e/datanode-0/data/ratis/89cbe570-fc20-4065-982c-342f2af39fd7 does not exist. Creating ...
2024-01-26 11:56:15,102 [5e57565a-2fac-4b31-b24f-016e073e3d73-groupManagement] INFO  storage.RaftStorageDirectory (RaftStorageDirectoryImpl.java:tryLock(228)) - Lock on /home/runner/work/ozone/ozone/hadoop-ozone/integration-test/target/test-dir/MiniOzoneClusterImpl-b54bfeae-1ef8-4c1d-b639-09e56ef7dc0e/datanode-0/data/ratis/89cbe570-fc20-4065-982c-342f2af39fd7/in_use.lock acquired by nodename 67451@fv-az1250-627
2024-01-26 11:56:15,104 [5e57565a-2fac-4b31-b24f-016e073e3d73-groupManagement] INFO  storage.RaftStorage (RaftStorageImpl.java:format(99)) - Storage directory /home/runner/work/ozone/ozone/hadoop-ozone/integration-test/target/test-dir/MiniOzoneClusterImpl-b54bfeae-1ef8-4c1d-b639-09e56ef7dc0e/datanode-0/data/ratis/89cbe570-fc20-4065-982c-342f2af39fd7 has been successfully formatted.
2024-01-26 11:56:15,104 [5e57565a-2fac-4b31-b24f-016e073e3d73-groupManagement] WARN  util.FileUtils (LogUtils.java:supplyAndLog(63)) - Failed to Files.newInputStream /home/runner/work/ozone/ozone/hadoop-ozone/integration-test/target/test-dir/MiniOzoneClusterImpl-b54bfeae-1ef8-4c1d-b639-09e56ef7dc0e/datanode-0/data/ratis/89cbe570-fc20-4065-982c-342f2af39fd7/current/raft-meta.conf with options []: java.nio.file.NoSuchFileException: /home/runner/work/ozone/ozone/hadoop-ozone/integration-test/target/test-dir/MiniOzoneClusterImpl-b54bfeae-1ef8-4c1d-b639-09e56ef7dc0e/datanode-0/data/ratis/89cbe570-fc20-4065-982c-342f2af39fd7/current/raft-meta.conf
2024-01-26 11:56:15,104 [5e57565a-2fac-4b31-b24f-016e073e3d73-groupManagement] INFO  ratis.ContainerStateMachine (ContainerStateMachine.java:loadSnapshot(287)) - group-342F2AF39FD7: The snapshot info is null. Setting the last applied index to:(t:0, i:~)
2024-01-26 11:56:15,104 [5e57565a-2fac-4b31-b24f-016e073e3d73-groupManagement] INFO  server.RaftServerConfigKeys (ConfUtils.java:logGet(46)) - raft.server.log.use.memory = false (default)
2024-01-26 11:56:15,104 [5e57565a-2fac-4b31-b24f-016e073e3d73-groupManagement] INFO  server.RaftServerConfigKeys (ConfUtils.java:logGet(46)) - raft.server.log.purge.gap = 1000000 (custom)
2024-01-26 11:56:15,104 [5e57565a-2fac-4b31-b24f-016e073e3d73-groupManagement] INFO  server.RaftServerConfigKeys (ConfUtils.java:logGet(46)) - raft.server.log.appender.buffer.byte-limit = 8388608 (custom)
2024-01-26 11:56:15,105 [5e57565a-2fac-4b31-b24f-016e073e3d73-groupManagement] INFO  server.RaftServerConfigKeys (ConfUtils.java:logGet(46)) - raft.server.log.statemachine.data.read.timeout = 1000ms (default)
2024-01-26 11:56:15,105 [5e57565a-2fac-4b31-b24f-016e073e3d73-groupManagement] INFO  server.RaftServerConfigKeys (ConfUtils.java:logGet(46)) - raft.server.log.purge.preservation.log.num = 0 (default)
2024-01-26 11:56:15,108 [EventQueue-OpenPipelineForHealthyPipelineSafeModeRule] INFO  safemode.SCMSafeModeManager (HealthyPipelineSafeModeRule.java:process(140)) - SCM in safe mode. Healthy pipelines reported count is 0, required healthy pipeline reported count is 1
2024-01-26 11:56:15,112 [5e57565a-2fac-4b31-b24f-016e073e3d73-groupManagement] INFO  server.RaftServerConfigKeys (ConfUtils.java:logGet(46)) - raft.server.log.segment.size.max = 67108864 (custom)
2024-01-26 11:56:15,115 [5e57565a-2fac-4b31-b24f-016e073e3d73-groupManagement] INFO  server.RaftServerConfigKeys (ConfUtils.java:logGet(46)) - raft.server.log.segment.cache.num.max = 2 (custom)
2024-01-26 11:56:15,115 [5e57565a-2fac-4b31-b24f-016e073e3d73-groupManagement] INFO  server.RaftServerConfigKeys (ConfUtils.java:logGet(46)) - raft.server.log.segment.cache.size.max = 200MB (=209715200) (default)
2024-01-26 11:56:15,117 [5e57565a-2fac-4b31-b24f-016e073e3d73-groupManagement] INFO  server.RaftServerConfigKeys (ConfUtils.java:logGet(46)) - raft.server.log.appender.buffer.byte-limit = 8388608 (custom)
2024-01-26 11:56:15,117 [5e57565a-2fac-4b31-b24f-016e073e3d73-groupManagement] INFO  util.AwaitToRun (AwaitToRun.java:start(81)) - Thread[5e57565a-2fac-4b31-b24f-016e073e3d73@group-342F2AF39FD7-cacheEviction-AwaitToRun,5,main] started
2024-01-26 11:56:15,118 [5e57565a-2fac-4b31-b24f-016e073e3d73-groupManagement] INFO  segmented.SegmentedRaftLogWorker (SegmentedRaftLogWorker.java:<init>(182)) - new 5e57565a-2fac-4b31-b24f-016e073e3d73@group-342F2AF39FD7-SegmentedRaftLogWorker for RaftStorageImpl:Storage Directory /home/runner/work/ozone/ozone/hadoop-ozone/integration-test/target/test-dir/MiniOzoneClusterImpl-b54bfeae-1ef8-4c1d-b639-09e56ef7dc0e/datanode-0/data/ratis/89cbe570-fc20-4065-982c-342f2af39fd7
2024-01-26 11:56:15,118 [5e57565a-2fac-4b31-b24f-016e073e3d73-groupManagement] INFO  server.RaftServerConfigKeys (ConfUtils.java:logGet(46)) - raft.server.log.queue.byte-limit = 4294967296 (custom)
2024-01-26 11:56:15,118 [5e57565a-2fac-4b31-b24f-016e073e3d73-groupManagement] INFO  server.RaftServerConfigKeys (ConfUtils.java:logGet(46)) - raft.server.log.queue.element-limit = 1024 (custom)
2024-01-26 11:56:15,119 [5e57565a-2fac-4b31-b24f-016e073e3d73-groupManagement] INFO  server.RaftServerConfigKeys (ConfUtils.java:logGet(46)) - raft.server.log.segment.size.max = 67108864 (custom)
2024-01-26 11:56:15,119 [5e57565a-2fac-4b31-b24f-016e073e3d73-groupManagement] INFO  server.RaftServerConfigKeys (ConfUtils.java:logGet(46)) - raft.server.log.preallocated.size = 4194304 (custom)
2024-01-26 11:56:15,119 [5e57565a-2fac-4b31-b24f-016e073e3d73-groupManagement] INFO  server.RaftServerConfigKeys (ConfUtils.java:logGet(46)) - raft.server.log.force.sync.num = 128 (default)
2024-01-26 11:56:15,120 [5e57565a-2fac-4b31-b24f-016e073e3d73-groupManagement] INFO  server.RaftServerConfigKeys (ConfUtils.java:logGet(46)) - raft.server.log.statemachine.data.sync = true (default)
2024-01-26 11:56:15,120 [5e57565a-2fac-4b31-b24f-016e073e3d73-groupManagement] INFO  server.RaftServerConfigKeys (ConfUtils.java:logGet(46)) - raft.server.log.statemachine.data.sync.timeout = 10s (default)
2024-01-26 11:56:15,120 [5e57565a-2fac-4b31-b24f-016e073e3d73-groupManagement] INFO  server.RaftServerConfigKeys (ConfUtils.java:logGet(46)) - raft.server.log.statemachine.data.sync.timeout.retry = 0 (custom)
2024-01-26 11:56:15,121 [5e57565a-2fac-4b31-b24f-016e073e3d73-groupManagement] INFO  server.RaftServerConfigKeys (ConfUtils.java:logGet(46)) - raft.server.log.write.buffer.size = 8388616 (custom)
2024-01-26 11:56:15,123 [5e57565a-2fac-4b31-b24f-016e073e3d73-groupManagement] INFO  server.RaftServerConfigKeys (ConfUtils.java:logGet(46)) - raft.server.log.appender.buffer.byte-limit = 8388608 (custom)
2024-01-26 11:56:15,123 [5e57565a-2fac-4b31-b24f-016e073e3d73-groupManagement] INFO  server.RaftServerConfigKeys (ConfUtils.java:logGet(46)) - raft.server.log.unsafe-flush.enabled = false (default)
2024-01-26 11:56:15,123 [5e57565a-2fac-4b31-b24f-016e073e3d73-groupManagement] INFO  server.RaftServerConfigKeys (ConfUtils.java:logGet(46)) - raft.server.log.async-flush.enabled = false (default)
2024-01-26 11:56:15,123 [5e57565a-2fac-4b31-b24f-016e073e3d73-groupManagement] INFO  server.RaftServerConfigKeys (ConfUtils.java:logGet(46)) - raft.server.log.statemachine.data.caching.enabled = true (custom)
2024-01-26 11:56:15,123 [5e57565a-2fac-4b31-b24f-016e073e3d73-groupManagement] INFO  segmented.SegmentedRaftLogWorker (SegmentedRaftLogWorker.java:lambda$new$0(134)) - 5e57565a-2fac-4b31-b24f-016e073e3d73@group-342F2AF39FD7-SegmentedRaftLogWorker: flushIndex: setUnconditionally 0 -> -1
2024-01-26 11:56:15,125 [5e57565a-2fac-4b31-b24f-016e073e3d73-groupManagement] INFO  segmented.SegmentedRaftLogWorker (SegmentedRaftLogWorker.java:lambda$new$0(134)) - 5e57565a-2fac-4b31-b24f-016e073e3d73@group-342F2AF39FD7-SegmentedRaftLogWorker: safeCacheEvictIndex: setUnconditionally 0 -> -1
2024-01-26 11:56:15,125 [5e57565a-2fac-4b31-b24f-016e073e3d73-groupManagement] INFO  server.RaftServer$Division (RaftServerImpl.java:start(396)) - 5e57565a-2fac-4b31-b24f-016e073e3d73@group-342F2AF39FD7: start as a follower, conf=-1: peers:[5c737fdf-f228-4231-bbf6-1cc383ec73d2|10.1.0.50:15023, 5052cfc4-081a-46ed-8261-0b7a8ad7db0a|10.1.0.50:15032, 5e57565a-2fac-4b31-b24f-016e073e3d73|10.1.0.50:15014]|listeners:[], old=null
2024-01-26 11:56:15,125 [5e57565a-2fac-4b31-b24f-016e073e3d73-groupManagement] INFO  server.RaftServer$Division (RaftServerImpl.java:setRole(383)) - 5e57565a-2fac-4b31-b24f-016e073e3d73@group-342F2AF39FD7: changes role from      null to FOLLOWER at term 0 for startAsFollower
2024-01-26 11:56:15,125 [5e57565a-2fac-4b31-b24f-016e073e3d73-groupManagement] INFO  impl.RoleInfo (RoleInfo.java:updateAndGet(139)) - 5e57565a-2fac-4b31-b24f-016e073e3d73: start 5e57565a-2fac-4b31-b24f-016e073e3d73@group-342F2AF39FD7-FollowerState
2024-01-26 11:56:15,125 [5e57565a-2fac-4b31-b24f-016e073e3d73@group-342F2AF39FD7-FollowerState] INFO  server.RaftServerConfigKeys (ConfUtils.java:logFallback(53)) - raft.server.rpc.first-election.timeout.min = 5s (fallback to raft.server.rpc.timeout.min)
2024-01-26 11:56:15,126 [5e57565a-2fac-4b31-b24f-016e073e3d73-groupManagement] INFO  util.JmxRegister (JmxRegister.java:tryRegister(44)) - Successfully registered JMX Bean with object name Ratis:service=RaftServer,group=group-342F2AF39FD7,id=5e57565a-2fac-4b31-b24f-016e073e3d73
2024-01-26 11:56:15,126 [5e57565a-2fac-4b31-b24f-016e073e3d73-groupManagement] INFO  server.RaftServerConfigKeys (ConfUtils.java:logGet(46)) - raft.server.snapshot.trigger-when-stop.enabled = true (default)
2024-01-26 11:56:15,126 [5e57565a-2fac-4b31-b24f-016e073e3d73-groupManagement] INFO  server.RaftServerConfigKeys (ConfUtils.java:logGet(46)) - raft.server.snapshot.auto.trigger.enabled = true (custom)
2024-01-26 11:56:15,126 [5e57565a-2fac-4b31-b24f-016e073e3d73-groupManagement] INFO  server.RaftServerConfigKeys (ConfUtils.java:logGet(46)) - raft.server.snapshot.auto.trigger.threshold = 10000 (custom)
2024-01-26 11:56:15,126 [5e57565a-2fac-4b31-b24f-016e073e3d73-groupManagement] INFO  server.RaftServerConfigKeys (ConfUtils.java:logGet(46)) - raft.server.snapshot.retention.file.num = 5 (custom)
2024-01-26 11:56:15,126 [5e57565a-2fac-4b31-b24f-016e073e3d73-groupManagement] INFO  server.RaftServerConfigKeys (ConfUtils.java:logGet(46)) - raft.server.log.purge.upto.snapshot.index = false (default)
2024-01-26 11:56:15,126 [5e57565a-2fac-4b31-b24f-016e073e3d73@group-342F2AF39FD7-FollowerState] INFO  server.RaftServerConfigKeys (ConfUtils.java:logFallback(53)) - raft.server.rpc.first-election.timeout.max = 5200ms (fallback to raft.server.rpc.timeout.max)
2024-01-26 11:56:15,128 [5e57565a-2fac-4b31-b24f-016e073e3d73-PipelineCommandHandlerThread-0] INFO  ratis.XceiverServerRatis (XceiverServerRatis.java:addGroup(842)) - Created group PipelineID=89cbe570-fc20-4065-982c-342f2af39fd7
2024-01-26 11:56:15,144 [5c737fdf-f228-4231-bbf6-1cc383ec73d2-PipelineCommandHandlerThread-0] INFO  server.RaftServer (RaftServerProxy.java:addNew(100)) - 5c737fdf-f228-4231-bbf6-1cc383ec73d2: addNew group-3E098637A30D:[5c737fdf-f228-4231-bbf6-1cc383ec73d2|10.1.0.50:15023] returns group-3E098637A30D:java.util.concurrent.CompletableFuture@12328001[Not completed]
2024-01-26 11:56:15,145 [5c737fdf-f228-4231-bbf6-1cc383ec73d2-groupManagement] INFO  server.RaftServer$Division (RaftServerImpl.java:<init>(256)) - 5c737fdf-f228-4231-bbf6-1cc383ec73d2: new RaftServerImpl for group-3E098637A30D:[5c737fdf-f228-4231-bbf6-1cc383ec73d2|10.1.0.50:15023] with ContainerStateMachine:uninitialized
2024-01-26 11:56:15,146 [5c737fdf-f228-4231-bbf6-1cc383ec73d2-groupManagement] INFO  server.RaftServerConfigKeys (ConfUtils.java:logGet(46)) - raft.server.rpc.timeout.min = 5s (custom)
2024-01-26 11:56:15,146 [5c737fdf-f228-4231-bbf6-1cc383ec73d2-groupManagement] INFO  server.RaftServerConfigKeys (ConfUtils.java:logGet(46)) - raft.server.rpc.timeout.max = 5200ms (custom)
2024-01-26 11:56:15,146 [5c737fdf-f228-4231-bbf6-1cc383ec73d2-groupManagement] INFO  server.RaftServerConfigKeys (ConfUtils.java:logGet(46)) - raft.server.rpc.sleep.time = 25ms (default)
2024-01-26 11:56:15,146 [5c737fdf-f228-4231-bbf6-1cc383ec73d2-groupManagement] INFO  server.RaftServerConfigKeys (ConfUtils.java:logGet(46)) - raft.server.rpc.slowness.timeout = 300s (custom)
2024-01-26 11:56:15,146 [5c737fdf-f228-4231-bbf6-1cc383ec73d2-groupManagement] INFO  server.RaftServerConfigKeys (ConfUtils.java:logGet(46)) - raft.server.leaderelection.leader.step-down.wait-time = 10s (default)
2024-01-26 11:56:15,146 [5c737fdf-f228-4231-bbf6-1cc383ec73d2-groupManagement] INFO  server.RaftServerConfigKeys (ConfUtils.java:logGet(46)) - raft.server.leaderelection.member.majority-add = false (default)
2024-01-26 11:56:15,146 [5c737fdf-f228-4231-bbf6-1cc383ec73d2-groupManagement] INFO  server.RaftServerConfigKeys (ConfUtils.java:logGet(46)) - raft.server.sleep.deviation.threshold = 300ms (default)
2024-01-26 11:56:15,146 [5c737fdf-f228-4231-bbf6-1cc383ec73d2-groupManagement] INFO  server.RaftServer$Division (ServerState.java:<init>(113)) - 5c737fdf-f228-4231-bbf6-1cc383ec73d2@group-3E098637A30D: ConfigurationManager, init=-1: peers:[5c737fdf-f228-4231-bbf6-1cc383ec73d2|10.1.0.50:15023]|listeners:[], old=null, confs=<EMPTY_MAP>
2024-01-26 11:56:15,146 [5c737fdf-f228-4231-bbf6-1cc383ec73d2-groupManagement] INFO  server.RaftServerConfigKeys (ConfUtils.java:logGet(46)) - raft.server.notification.no-leader.timeout = 300s (custom)
2024-01-26 11:56:15,146 [5c737fdf-f228-4231-bbf6-1cc383ec73d2-groupManagement] INFO  server.RaftServerConfigKeys (ConfUtils.java:logGet(46)) - raft.server.read.timeout = 10s (default)
2024-01-26 11:56:15,146 [5c737fdf-f228-4231-bbf6-1cc383ec73d2-groupManagement] INFO  server.RaftServerConfigKeys (ConfUtils.java:logGet(46)) - raft.server.retrycache.expirytime = 600000ms (custom)
2024-01-26 11:56:15,146 [5c737fdf-f228-4231-bbf6-1cc383ec73d2-groupManagement] INFO  server.RaftServerConfigKeys (ConfUtils.java:logGet(46)) - raft.server.retrycache.statistics.expirytime = 100ms (default)
2024-01-26 11:56:15,146 [5c737fdf-f228-4231-bbf6-1cc383ec73d2-groupManagement] INFO  server.RaftServerConfigKeys (ConfUtils.java:logGet(46)) - raft.server.read.option = DEFAULT (default)
2024-01-26 11:56:15,146 [5c737fdf-f228-4231-bbf6-1cc383ec73d2-groupManagement] INFO  server.RaftServerConfigKeys (ConfUtils.java:logGet(46)) - raft.server.read.read-after-write-consistent.write-index-cache.expiry-time = 60s (default)
2024-01-26 11:56:15,151 [5c737fdf-f228-4231-bbf6-1cc383ec73d2-groupManagement] INFO  server.RaftServerConfigKeys (ConfUtils.java:logGet(46)) - raft.server.rpc.request.timeout = 60s (custom)
2024-01-26 11:56:15,151 [5c737fdf-f228-4231-bbf6-1cc383ec73d2-groupManagement] INFO  server.RaftServerConfigKeys (ConfUtils.java:logGet(46)) - raft.server.log.appender.install.snapshot.enabled = false (custom)
2024-01-26 11:56:15,151 [5c737fdf-f228-4231-bbf6-1cc383ec73d2-groupManagement] INFO  server.RaftServerConfigKeys (ConfUtils.java:logGet(46)) - raft.server.threadpool.server.cached = true (default)
2024-01-26 11:56:15,152 [5c737fdf-f228-4231-bbf6-1cc383ec73d2-groupManagement] INFO  server.RaftServerConfigKeys (ConfUtils.java:logGet(46)) - raft.server.threadpool.server.size = 0 (default)
2024-01-26 11:56:15,152 [5c737fdf-f228-4231-bbf6-1cc383ec73d2-groupManagement] INFO  server.RaftServerConfigKeys (ConfUtils.java:logGet(46)) - raft.server.threadpool.client.cached = true (default)
2024-01-26 11:56:15,152 [5c737fdf-f228-4231-bbf6-1cc383ec73d2-groupManagement] INFO  server.RaftServerConfigKeys (ConfUtils.java:logGet(46)) - raft.server.threadpool.client.size = 0 (default)
2024-01-26 11:56:15,152 [5c737fdf-f228-4231-bbf6-1cc383ec73d2-groupManagement] INFO  server.RaftServerConfigKeys (ConfUtils.java:logGet(46)) - raft.server.storage.free-space.min = 0MB (=0) (default)
2024-01-26 11:56:15,152 [5c737fdf-f228-4231-bbf6-1cc383ec73d2-groupManagement] INFO  server.RaftServerConfigKeys (ConfUtils.java:logGet(46)) - raft.server.log.corruption.policy = EXCEPTION (default)
2024-01-26 11:56:15,152 [5c737fdf-f228-4231-bbf6-1cc383ec73d2-groupManagement] INFO  server.RaftServerConfigKeys (ConfUtils.java:logGet(46)) - raft.server.storage.dir = [/home/runner/work/ozone/ozone/hadoop-ozone/integration-test/target/test-dir/MiniOzoneClusterImpl-b54bfeae-1ef8-4c1d-b639-09e56ef7dc0e/datanode-1/data/ratis] (custom)
2024-01-26 11:56:15,152 [5c737fdf-f228-4231-bbf6-1cc383ec73d2-groupManagement] INFO  storage.RaftStorageDirectory (RaftStorageDirectoryImpl.java:analyzeStorage(138)) - The storage directory /home/runner/work/ozone/ozone/hadoop-ozone/integration-test/target/test-dir/MiniOzoneClusterImpl-b54bfeae-1ef8-4c1d-b639-09e56ef7dc0e/datanode-1/data/ratis/39f03c89-330a-44bd-ae6f-3e098637a30d does not exist. Creating ...
2024-01-26 11:56:15,153 [5c737fdf-f228-4231-bbf6-1cc383ec73d2-groupManagement] INFO  storage.RaftStorageDirectory (RaftStorageDirectoryImpl.java:tryLock(228)) - Lock on /home/runner/work/ozone/ozone/hadoop-ozone/integration-test/target/test-dir/MiniOzoneClusterImpl-b54bfeae-1ef8-4c1d-b639-09e56ef7dc0e/datanode-1/data/ratis/39f03c89-330a-44bd-ae6f-3e098637a30d/in_use.lock acquired by nodename 67451@fv-az1250-627
2024-01-26 11:56:15,154 [5c737fdf-f228-4231-bbf6-1cc383ec73d2-groupManagement] INFO  storage.RaftStorage (RaftStorageImpl.java:format(99)) - Storage directory /home/runner/work/ozone/ozone/hadoop-ozone/integration-test/target/test-dir/MiniOzoneClusterImpl-b54bfeae-1ef8-4c1d-b639-09e56ef7dc0e/datanode-1/data/ratis/39f03c89-330a-44bd-ae6f-3e098637a30d has been successfully formatted.
2024-01-26 11:56:15,155 [5c737fdf-f228-4231-bbf6-1cc383ec73d2-groupManagement] WARN  util.FileUtils (LogUtils.java:supplyAndLog(63)) - Failed to Files.newInputStream /home/runner/work/ozone/ozone/hadoop-ozone/integration-test/target/test-dir/MiniOzoneClusterImpl-b54bfeae-1ef8-4c1d-b639-09e56ef7dc0e/datanode-1/data/ratis/39f03c89-330a-44bd-ae6f-3e098637a30d/current/raft-meta.conf with options []: java.nio.file.NoSuchFileException: /home/runner/work/ozone/ozone/hadoop-ozone/integration-test/target/test-dir/MiniOzoneClusterImpl-b54bfeae-1ef8-4c1d-b639-09e56ef7dc0e/datanode-1/data/ratis/39f03c89-330a-44bd-ae6f-3e098637a30d/current/raft-meta.conf
2024-01-26 11:56:15,157 [5c737fdf-f228-4231-bbf6-1cc383ec73d2-groupManagement] INFO  ratis.ContainerStateMachine (ContainerStateMachine.java:loadSnapshot(287)) - group-3E098637A30D: The snapshot info is null. Setting the last applied index to:(t:0, i:~)
2024-01-26 11:56:15,157 [5c737fdf-f228-4231-bbf6-1cc383ec73d2-groupManagement] INFO  server.RaftServerConfigKeys (ConfUtils.java:logGet(46)) - raft.server.log.use.memory = false (default)
2024-01-26 11:56:15,158 [5c737fdf-f228-4231-bbf6-1cc383ec73d2-groupManagement] INFO  server.RaftServerConfigKeys (ConfUtils.java:logGet(46)) - raft.server.log.purge.gap = 1000000 (custom)
2024-01-26 11:56:15,158 [5c737fdf-f228-4231-bbf6-1cc383ec73d2-groupManagement] INFO  server.RaftServerConfigKeys (ConfUtils.java:logGet(46)) - raft.server.log.appender.buffer.byte-limit = 8388608 (custom)
2024-01-26 11:56:15,158 [5c737fdf-f228-4231-bbf6-1cc383ec73d2-groupManagement] INFO  server.RaftServerConfigKeys (ConfUtils.java:logGet(46)) - raft.server.log.statemachine.data.read.timeout = 1000ms (default)
2024-01-26 11:56:15,158 [5c737fdf-f228-4231-bbf6-1cc383ec73d2-groupManagement] INFO  server.RaftServerConfigKeys (ConfUtils.java:logGet(46)) - raft.server.log.purge.preservation.log.num = 0 (default)
2024-01-26 11:56:15,160 [EventQueue-PipelineReportForPipelineReportHandler] INFO  pipeline.PipelineReportHandler (PipelineReportHandler.java:processPipelineReport(136)) - Opened pipeline PipelineID=39f03c89-330a-44bd-ae6f-3e098637a30d
2024-01-26 11:56:15,161 [EventQueue-OpenPipelineForHealthyPipelineSafeModeRule] INFO  safemode.SCMSafeModeManager (HealthyPipelineSafeModeRule.java:process(140)) - SCM in safe mode. Healthy pipelines reported count is 0, required healthy pipeline reported count is 1
2024-01-26 11:56:15,162 [5c737fdf-f228-4231-bbf6-1cc383ec73d2-groupManagement] INFO  server.RaftServerConfigKeys (ConfUtils.java:logGet(46)) - raft.server.log.segment.size.max = 67108864 (custom)
2024-01-26 11:56:15,162 [5c737fdf-f228-4231-bbf6-1cc383ec73d2-groupManagement] INFO  server.RaftServerConfigKeys (ConfUtils.java:logGet(46)) - raft.server.log.segment.cache.num.max = 2 (custom)
2024-01-26 11:56:15,162 [5c737fdf-f228-4231-bbf6-1cc383ec73d2-groupManagement] INFO  server.RaftServerConfigKeys (ConfUtils.java:logGet(46)) - raft.server.log.segment.cache.size.max = 200MB (=209715200) (default)
2024-01-26 11:56:15,162 [5c737fdf-f228-4231-bbf6-1cc383ec73d2-groupManagement] INFO  server.RaftServerConfigKeys (ConfUtils.java:logGet(46)) - raft.server.log.appender.buffer.byte-limit = 8388608 (custom)
2024-01-26 11:56:15,163 [5c737fdf-f228-4231-bbf6-1cc383ec73d2-groupManagement] INFO  util.AwaitToRun (AwaitToRun.java:start(81)) - Thread[5c737fdf-f228-4231-bbf6-1cc383ec73d2@group-3E098637A30D-cacheEviction-AwaitToRun,5,main] started
2024-01-26 11:56:15,166 [5c737fdf-f228-4231-bbf6-1cc383ec73d2-groupManagement] INFO  segmented.SegmentedRaftLogWorker (SegmentedRaftLogWorker.java:<init>(182)) - new 5c737fdf-f228-4231-bbf6-1cc383ec73d2@group-3E098637A30D-SegmentedRaftLogWorker for RaftStorageImpl:Storage Directory /home/runner/work/ozone/ozone/hadoop-ozone/integration-test/target/test-dir/MiniOzoneClusterImpl-b54bfeae-1ef8-4c1d-b639-09e56ef7dc0e/datanode-1/data/ratis/39f03c89-330a-44bd-ae6f-3e098637a30d
2024-01-26 11:56:15,166 [5c737fdf-f228-4231-bbf6-1cc383ec73d2-groupManagement] INFO  server.RaftServerConfigKeys (ConfUtils.java:logGet(46)) - raft.server.log.queue.byte-limit = 4294967296 (custom)
2024-01-26 11:56:15,166 [5c737fdf-f228-4231-bbf6-1cc383ec73d2-groupManagement] INFO  server.RaftServerConfigKeys (ConfUtils.java:logGet(46)) - raft.server.log.queue.element-limit = 1024 (custom)
2024-01-26 11:56:15,166 [5c737fdf-f228-4231-bbf6-1cc383ec73d2-groupManagement] INFO  server.RaftServerConfigKeys (ConfUtils.java:logGet(46)) - raft.server.log.segment.size.max = 67108864 (custom)
2024-01-26 11:56:15,166 [5c737fdf-f228-4231-bbf6-1cc383ec73d2-groupManagement] INFO  server.RaftServerConfigKeys (ConfUtils.java:logGet(46)) - raft.server.log.preallocated.size = 4194304 (custom)
2024-01-26 11:56:15,166 [5c737fdf-f228-4231-bbf6-1cc383ec73d2-groupManagement] INFO  server.RaftServerConfigKeys (ConfUtils.java:logGet(46)) - raft.server.log.force.sync.num = 128 (default)
2024-01-26 11:56:15,166 [5c737fdf-f228-4231-bbf6-1cc383ec73d2-groupManagement] INFO  server.RaftServerConfigKeys (ConfUtils.java:logGet(46)) - raft.server.log.statemachine.data.sync = true (default)
2024-01-26 11:56:15,167 [5c737fdf-f228-4231-bbf6-1cc383ec73d2-groupManagement] INFO  server.RaftServerConfigKeys (ConfUtils.java:logGet(46)) - raft.server.log.statemachine.data.sync.timeout = 10s (default)
2024-01-26 11:56:15,167 [5c737fdf-f228-4231-bbf6-1cc383ec73d2-groupManagement] INFO  server.RaftServerConfigKeys (ConfUtils.java:logGet(46)) - raft.server.log.statemachine.data.sync.timeout.retry = 0 (custom)
2024-01-26 11:56:15,167 [5c737fdf-f228-4231-bbf6-1cc383ec73d2-groupManagement] INFO  server.RaftServerConfigKeys (ConfUtils.java:logGet(46)) - raft.server.log.write.buffer.size = 8388616 (custom)
2024-01-26 11:56:15,169 [5c737fdf-f228-4231-bbf6-1cc383ec73d2-groupManagement] INFO  server.RaftServerConfigKeys (ConfUtils.java:logGet(46)) - raft.server.log.appender.buffer.byte-limit = 8388608 (custom)
2024-01-26 11:56:15,169 [5c737fdf-f228-4231-bbf6-1cc383ec73d2-groupManagement] INFO  server.RaftServerConfigKeys (ConfUtils.java:logGet(46)) - raft.server.log.unsafe-flush.enabled = false (default)
2024-01-26 11:56:15,170 [5c737fdf-f228-4231-bbf6-1cc383ec73d2-groupManagement] INFO  server.RaftServerConfigKeys (ConfUtils.java:logGet(46)) - raft.server.log.async-flush.enabled = false (default)
2024-01-26 11:56:15,170 [5c737fdf-f228-4231-bbf6-1cc383ec73d2-groupManagement] INFO  server.RaftServerConfigKeys (ConfUtils.java:logGet(46)) - raft.server.log.statemachine.data.caching.enabled = true (custom)
2024-01-26 11:56:15,171 [5c737fdf-f228-4231-bbf6-1cc383ec73d2-groupManagement] INFO  segmented.SegmentedRaftLogWorker (SegmentedRaftLogWorker.java:lambda$new$0(134)) - 5c737fdf-f228-4231-bbf6-1cc383ec73d2@group-3E098637A30D-SegmentedRaftLogWorker: flushIndex: setUnconditionally 0 -> -1
2024-01-26 11:56:15,171 [5c737fdf-f228-4231-bbf6-1cc383ec73d2-groupManagement] INFO  segmented.SegmentedRaftLogWorker (SegmentedRaftLogWorker.java:lambda$new$0(134)) - 5c737fdf-f228-4231-bbf6-1cc383ec73d2@group-3E098637A30D-SegmentedRaftLogWorker: safeCacheEvictIndex: setUnconditionally 0 -> -1
2024-01-26 11:56:15,175 [5c737fdf-f228-4231-bbf6-1cc383ec73d2-groupManagement] INFO  server.RaftServer$Division (RaftServerImpl.java:start(396)) - 5c737fdf-f228-4231-bbf6-1cc383ec73d2@group-3E098637A30D: start as a follower, conf=-1: peers:[5c737fdf-f228-4231-bbf6-1cc383ec73d2|10.1.0.50:15023]|listeners:[], old=null
2024-01-26 11:56:15,175 [5c737fdf-f228-4231-bbf6-1cc383ec73d2-groupManagement] INFO  server.RaftServer$Division (RaftServerImpl.java:setRole(383)) - 5c737fdf-f228-4231-bbf6-1cc383ec73d2@group-3E098637A30D: changes role from      null to FOLLOWER at term 0 for startAsFollower
2024-01-26 11:56:15,175 [5c737fdf-f228-4231-bbf6-1cc383ec73d2-groupManagement] INFO  impl.RoleInfo (RoleInfo.java:updateAndGet(139)) - 5c737fdf-f228-4231-bbf6-1cc383ec73d2: start 5c737fdf-f228-4231-bbf6-1cc383ec73d2@group-3E098637A30D-FollowerState
2024-01-26 11:56:15,179 [5c737fdf-f228-4231-bbf6-1cc383ec73d2-groupManagement] INFO  util.JmxRegister (JmxRegister.java:tryRegister(44)) - Successfully registered JMX Bean with object name Ratis:service=RaftServer,group=group-3E098637A30D,id=5c737fdf-f228-4231-bbf6-1cc383ec73d2
2024-01-26 11:56:15,180 [5c737fdf-f228-4231-bbf6-1cc383ec73d2@group-3E098637A30D-FollowerState] INFO  server.RaftServerConfigKeys (ConfUtils.java:logFallback(53)) - raft.server.rpc.first-election.timeout.min = 5s (fallback to raft.server.rpc.timeout.min)
2024-01-26 11:56:15,180 [5c737fdf-f228-4231-bbf6-1cc383ec73d2-groupManagement] INFO  server.RaftServerConfigKeys (ConfUtils.java:logGet(46)) - raft.server.snapshot.trigger-when-stop.enabled = true (default)
2024-01-26 11:56:15,180 [5c737fdf-f228-4231-bbf6-1cc383ec73d2@group-3E098637A30D-FollowerState] INFO  server.RaftServerConfigKeys (ConfUtils.java:logFallback(53)) - raft.server.rpc.first-election.timeout.max = 5200ms (fallback to raft.server.rpc.timeout.max)
2024-01-26 11:56:15,180 [5c737fdf-f228-4231-bbf6-1cc383ec73d2-groupManagement] INFO  server.RaftServerConfigKeys (ConfUtils.java:logGet(46)) - raft.server.snapshot.auto.trigger.enabled = true (custom)
2024-01-26 11:56:15,180 [5c737fdf-f228-4231-bbf6-1cc383ec73d2-groupManagement] INFO  server.RaftServerConfigKeys (ConfUtils.java:logGet(46)) - raft.server.snapshot.auto.trigger.threshold = 10000 (custom)
2024-01-26 11:56:15,180 [5c737fdf-f228-4231-bbf6-1cc383ec73d2-groupManagement] INFO  server.RaftServerConfigKeys (ConfUtils.java:logGet(46)) - raft.server.snapshot.retention.file.num = 5 (custom)
2024-01-26 11:56:15,180 [5c737fdf-f228-4231-bbf6-1cc383ec73d2-groupManagement] INFO  server.RaftServerConfigKeys (ConfUtils.java:logGet(46)) - raft.server.log.purge.upto.snapshot.index = false (default)
2024-01-26 11:56:15,183 [5c737fdf-f228-4231-bbf6-1cc383ec73d2-PipelineCommandHandlerThread-0] INFO  ratis.XceiverServerRatis (XceiverServerRatis.java:addGroup(842)) - Created group PipelineID=39f03c89-330a-44bd-ae6f-3e098637a30d
2024-01-26 11:56:15,183 [5c737fdf-f228-4231-bbf6-1cc383ec73d2-PipelineCommandHandlerThread-0] INFO  commandhandler.CreatePipelineCommandHandler (CreatePipelineCommandHandler.java:lambda$handle$2(124)) - Created Pipeline RATIS ONE PipelineID=39f03c89-330a-44bd-ae6f-3e098637a30d.
2024-01-26 11:56:15,184 [5c737fdf-f228-4231-bbf6-1cc383ec73d2-PipelineCommandHandlerThread-0] INFO  server.RaftServer (RaftServerProxy.java:addNew(100)) - 5c737fdf-f228-4231-bbf6-1cc383ec73d2: addNew group-342F2AF39FD7:[5c737fdf-f228-4231-bbf6-1cc383ec73d2|10.1.0.50:15023, 5052cfc4-081a-46ed-8261-0b7a8ad7db0a|10.1.0.50:15032, 5e57565a-2fac-4b31-b24f-016e073e3d73|10.1.0.50:15014] returns group-342F2AF39FD7:java.util.concurrent.CompletableFuture@160d069f[Not completed]
2024-01-26 11:56:15,185 [5c737fdf-f228-4231-bbf6-1cc383ec73d2-groupManagement] INFO  server.RaftServer$Division (RaftServerImpl.java:<init>(256)) - 5c737fdf-f228-4231-bbf6-1cc383ec73d2: new RaftServerImpl for group-342F2AF39FD7:[5c737fdf-f228-4231-bbf6-1cc383ec73d2|10.1.0.50:15023, 5052cfc4-081a-46ed-8261-0b7a8ad7db0a|10.1.0.50:15032, 5e57565a-2fac-4b31-b24f-016e073e3d73|10.1.0.50:15014] with ContainerStateMachine:uninitialized
2024-01-26 11:56:15,186 [5c737fdf-f228-4231-bbf6-1cc383ec73d2-groupManagement] INFO  server.RaftServerConfigKeys (ConfUtils.java:logGet(46)) - raft.server.rpc.timeout.min = 5s (custom)
2024-01-26 11:56:15,186 [5c737fdf-f228-4231-bbf6-1cc383ec73d2-groupManagement] INFO  server.RaftServerConfigKeys (ConfUtils.java:logGet(46)) - raft.server.rpc.timeout.max = 5200ms (custom)
2024-01-26 11:56:15,186 [5c737fdf-f228-4231-bbf6-1cc383ec73d2-groupManagement] INFO  server.RaftServerConfigKeys (ConfUtils.java:logGet(46)) - raft.server.rpc.sleep.time = 25ms (default)
2024-01-26 11:56:15,186 [5c737fdf-f228-4231-bbf6-1cc383ec73d2-groupManagement] INFO  server.RaftServerConfigKeys (ConfUtils.java:logGet(46)) - raft.server.rpc.slowness.timeout = 300s (custom)
2024-01-26 11:56:15,186 [5c737fdf-f228-4231-bbf6-1cc383ec73d2-groupManagement] INFO  server.RaftServerConfigKeys (ConfUtils.java:logGet(46)) - raft.server.leaderelection.leader.step-down.wait-time = 10s (default)
2024-01-26 11:56:15,186 [5c737fdf-f228-4231-bbf6-1cc383ec73d2-groupManagement] INFO  server.RaftServerConfigKeys (ConfUtils.java:logGet(46)) - raft.server.leaderelection.member.majority-add = false (default)
2024-01-26 11:56:15,186 [5c737fdf-f228-4231-bbf6-1cc383ec73d2-groupManagement] INFO  server.RaftServerConfigKeys (ConfUtils.java:logGet(46)) - raft.server.sleep.deviation.threshold = 300ms (default)
2024-01-26 11:56:15,186 [5c737fdf-f228-4231-bbf6-1cc383ec73d2-groupManagement] INFO  server.RaftServer$Division (ServerState.java:<init>(113)) - 5c737fdf-f228-4231-bbf6-1cc383ec73d2@group-342F2AF39FD7: ConfigurationManager, init=-1: peers:[5c737fdf-f228-4231-bbf6-1cc383ec73d2|10.1.0.50:15023, 5052cfc4-081a-46ed-8261-0b7a8ad7db0a|10.1.0.50:15032, 5e57565a-2fac-4b31-b24f-016e073e3d73|10.1.0.50:15014]|listeners:[], old=null, confs=<EMPTY_MAP>
2024-01-26 11:56:15,186 [5c737fdf-f228-4231-bbf6-1cc383ec73d2-groupManagement] INFO  server.RaftServerConfigKeys (ConfUtils.java:logGet(46)) - raft.server.notification.no-leader.timeout = 300s (custom)
2024-01-26 11:56:15,186 [5c737fdf-f228-4231-bbf6-1cc383ec73d2-groupManagement] INFO  server.RaftServerConfigKeys (ConfUtils.java:logGet(46)) - raft.server.read.timeout = 10s (default)
2024-01-26 11:56:15,186 [5c737fdf-f228-4231-bbf6-1cc383ec73d2-groupManagement] INFO  server.RaftServerConfigKeys (ConfUtils.java:logGet(46)) - raft.server.retrycache.expirytime = 600000ms (custom)
2024-01-26 11:56:15,187 [5c737fdf-f228-4231-bbf6-1cc383ec73d2-groupManagement] INFO  server.RaftServerConfigKeys (ConfUtils.java:logGet(46)) - raft.server.retrycache.statistics.expirytime = 100ms (default)
2024-01-26 11:56:15,187 [5c737fdf-f228-4231-bbf6-1cc383ec73d2-groupManagement] INFO  server.RaftServerConfigKeys (ConfUtils.java:logGet(46)) - raft.server.read.option = DEFAULT (default)
2024-01-26 11:56:15,187 [5c737fdf-f228-4231-bbf6-1cc383ec73d2-groupManagement] INFO  server.RaftServerConfigKeys (ConfUtils.java:logGet(46)) - raft.server.read.read-after-write-consistent.write-index-cache.expiry-time = 60s (default)
2024-01-26 11:56:15,190 [5c737fdf-f228-4231-bbf6-1cc383ec73d2-groupManagement] INFO  server.RaftServerConfigKeys (ConfUtils.java:logGet(46)) - raft.server.rpc.request.timeout = 60s (custom)
2024-01-26 11:56:15,190 [5c737fdf-f228-4231-bbf6-1cc383ec73d2-groupManagement] INFO  server.RaftServerConfigKeys (ConfUtils.java:logGet(46)) - raft.server.log.appender.install.snapshot.enabled = false (custom)
2024-01-26 11:56:15,191 [5c737fdf-f228-4231-bbf6-1cc383ec73d2-groupManagement] INFO  server.RaftServerConfigKeys (ConfUtils.java:logGet(46)) - raft.server.threadpool.server.cached = true (default)
2024-01-26 11:56:15,191 [5c737fdf-f228-4231-bbf6-1cc383ec73d2-groupManagement] INFO  server.RaftServerConfigKeys (ConfUtils.java:logGet(46)) - raft.server.threadpool.server.size = 0 (default)
2024-01-26 11:56:15,191 [5c737fdf-f228-4231-bbf6-1cc383ec73d2-groupManagement] INFO  server.RaftServerConfigKeys (ConfUtils.java:logGet(46)) - raft.server.threadpool.client.cached = true (default)
2024-01-26 11:56:15,191 [5c737fdf-f228-4231-bbf6-1cc383ec73d2-groupManagement] INFO  server.RaftServerConfigKeys (ConfUtils.java:logGet(46)) - raft.server.threadpool.client.size = 0 (default)
2024-01-26 11:56:15,191 [5c737fdf-f228-4231-bbf6-1cc383ec73d2-groupManagement] INFO  server.RaftServerConfigKeys (ConfUtils.java:logGet(46)) - raft.server.storage.free-space.min = 0MB (=0) (default)
2024-01-26 11:56:15,191 [5c737fdf-f228-4231-bbf6-1cc383ec73d2-groupManagement] INFO  server.RaftServerConfigKeys (ConfUtils.java:logGet(46)) - raft.server.log.corruption.policy = EXCEPTION (default)
2024-01-26 11:56:15,195 [5c737fdf-f228-4231-bbf6-1cc383ec73d2-groupManagement] INFO  server.RaftServerConfigKeys (ConfUtils.java:logGet(46)) - raft.server.storage.dir = [/home/runner/work/ozone/ozone/hadoop-ozone/integration-test/target/test-dir/MiniOzoneClusterImpl-b54bfeae-1ef8-4c1d-b639-09e56ef7dc0e/datanode-1/data/ratis] (custom)
2024-01-26 11:56:15,195 [5c737fdf-f228-4231-bbf6-1cc383ec73d2-groupManagement] INFO  storage.RaftStorageDirectory (RaftStorageDirectoryImpl.java:analyzeStorage(138)) - The storage directory /home/runner/work/ozone/ozone/hadoop-ozone/integration-test/target/test-dir/MiniOzoneClusterImpl-b54bfeae-1ef8-4c1d-b639-09e56ef7dc0e/datanode-1/data/ratis/89cbe570-fc20-4065-982c-342f2af39fd7 does not exist. Creating ...
2024-01-26 11:56:15,196 [5c737fdf-f228-4231-bbf6-1cc383ec73d2-groupManagement] INFO  storage.RaftStorageDirectory (RaftStorageDirectoryImpl.java:tryLock(228)) - Lock on /home/runner/work/ozone/ozone/hadoop-ozone/integration-test/target/test-dir/MiniOzoneClusterImpl-b54bfeae-1ef8-4c1d-b639-09e56ef7dc0e/datanode-1/data/ratis/89cbe570-fc20-4065-982c-342f2af39fd7/in_use.lock acquired by nodename 67451@fv-az1250-627
2024-01-26 11:56:15,197 [5c737fdf-f228-4231-bbf6-1cc383ec73d2-groupManagement] INFO  storage.RaftStorage (RaftStorageImpl.java:format(99)) - Storage directory /home/runner/work/ozone/ozone/hadoop-ozone/integration-test/target/test-dir/MiniOzoneClusterImpl-b54bfeae-1ef8-4c1d-b639-09e56ef7dc0e/datanode-1/data/ratis/89cbe570-fc20-4065-982c-342f2af39fd7 has been successfully formatted.
2024-01-26 11:56:15,197 [5c737fdf-f228-4231-bbf6-1cc383ec73d2-groupManagement] WARN  util.FileUtils (LogUtils.java:supplyAndLog(63)) - Failed to Files.newInputStream /home/runner/work/ozone/ozone/hadoop-ozone/integration-test/target/test-dir/MiniOzoneClusterImpl-b54bfeae-1ef8-4c1d-b639-09e56ef7dc0e/datanode-1/data/ratis/89cbe570-fc20-4065-982c-342f2af39fd7/current/raft-meta.conf with options []: java.nio.file.NoSuchFileException: /home/runner/work/ozone/ozone/hadoop-ozone/integration-test/target/test-dir/MiniOzoneClusterImpl-b54bfeae-1ef8-4c1d-b639-09e56ef7dc0e/datanode-1/data/ratis/89cbe570-fc20-4065-982c-342f2af39fd7/current/raft-meta.conf
2024-01-26 11:56:15,198 [5c737fdf-f228-4231-bbf6-1cc383ec73d2-groupManagement] INFO  ratis.ContainerStateMachine (ContainerStateMachine.java:loadSnapshot(287)) - group-342F2AF39FD7: The snapshot info is null. Setting the last applied index to:(t:0, i:~)
2024-01-26 11:56:15,198 [5c737fdf-f228-4231-bbf6-1cc383ec73d2-groupManagement] INFO  server.RaftServerConfigKeys (ConfUtils.java:logGet(46)) - raft.server.log.use.memory = false (default)
2024-01-26 11:56:15,198 [5c737fdf-f228-4231-bbf6-1cc383ec73d2-groupManagement] INFO  server.RaftServerConfigKeys (ConfUtils.java:logGet(46)) - raft.server.log.purge.gap = 1000000 (custom)
2024-01-26 11:56:15,198 [5c737fdf-f228-4231-bbf6-1cc383ec73d2-groupManagement] INFO  server.RaftServerConfigKeys (ConfUtils.java:logGet(46)) - raft.server.log.appender.buffer.byte-limit = 8388608 (custom)
2024-01-26 11:56:15,198 [5c737fdf-f228-4231-bbf6-1cc383ec73d2-groupManagement] INFO  server.RaftServerConfigKeys (ConfUtils.java:logGet(46)) - raft.server.log.statemachine.data.read.timeout = 1000ms (default)
2024-01-26 11:56:15,198 [5c737fdf-f228-4231-bbf6-1cc383ec73d2-groupManagement] INFO  server.RaftServerConfigKeys (ConfUtils.java:logGet(46)) - raft.server.log.purge.preservation.log.num = 0 (default)
2024-01-26 11:56:15,200 [EventQueue-OpenPipelineForHealthyPipelineSafeModeRule] INFO  safemode.SCMSafeModeManager (HealthyPipelineSafeModeRule.java:process(140)) - SCM in safe mode. Healthy pipelines reported count is 0, required healthy pipeline reported count is 1
2024-01-26 11:56:15,201 [5c737fdf-f228-4231-bbf6-1cc383ec73d2-groupManagement] INFO  server.RaftServerConfigKeys (ConfUtils.java:logGet(46)) - raft.server.log.segment.size.max = 67108864 (custom)
2024-01-26 11:56:15,202 [5c737fdf-f228-4231-bbf6-1cc383ec73d2-groupManagement] INFO  server.RaftServerConfigKeys (ConfUtils.java:logGet(46)) - raft.server.log.segment.cache.num.max = 2 (custom)
2024-01-26 11:56:15,202 [5c737fdf-f228-4231-bbf6-1cc383ec73d2-groupManagement] INFO  server.RaftServerConfigKeys (ConfUtils.java:logGet(46)) - raft.server.log.segment.cache.size.max = 200MB (=209715200) (default)
2024-01-26 11:56:15,202 [5c737fdf-f228-4231-bbf6-1cc383ec73d2-groupManagement] INFO  server.RaftServerConfigKeys (ConfUtils.java:logGet(46)) - raft.server.log.appender.buffer.byte-limit = 8388608 (custom)
2024-01-26 11:56:15,202 [5c737fdf-f228-4231-bbf6-1cc383ec73d2-groupManagement] INFO  util.AwaitToRun (AwaitToRun.java:start(81)) - Thread[5c737fdf-f228-4231-bbf6-1cc383ec73d2@group-342F2AF39FD7-cacheEviction-AwaitToRun,5,main] started
2024-01-26 11:56:15,202 [5c737fdf-f228-4231-bbf6-1cc383ec73d2-groupManagement] INFO  segmented.SegmentedRaftLogWorker (SegmentedRaftLogWorker.java:<init>(182)) - new 5c737fdf-f228-4231-bbf6-1cc383ec73d2@group-342F2AF39FD7-SegmentedRaftLogWorker for RaftStorageImpl:Storage Directory /home/runner/work/ozone/ozone/hadoop-ozone/integration-test/target/test-dir/MiniOzoneClusterImpl-b54bfeae-1ef8-4c1d-b639-09e56ef7dc0e/datanode-1/data/ratis/89cbe570-fc20-4065-982c-342f2af39fd7
2024-01-26 11:56:15,202 [5c737fdf-f228-4231-bbf6-1cc383ec73d2-groupManagement] INFO  server.RaftServerConfigKeys (ConfUtils.java:logGet(46)) - raft.server.log.queue.byte-limit = 4294967296 (custom)
2024-01-26 11:56:15,203 [5c737fdf-f228-4231-bbf6-1cc383ec73d2-groupManagement] INFO  server.RaftServerConfigKeys (ConfUtils.java:logGet(46)) - raft.server.log.queue.element-limit = 1024 (custom)
2024-01-26 11:56:15,203 [5c737fdf-f228-4231-bbf6-1cc383ec73d2-groupManagement] INFO  server.RaftServerConfigKeys (ConfUtils.java:logGet(46)) - raft.server.log.segment.size.max = 67108864 (custom)
2024-01-26 11:56:15,203 [5c737fdf-f228-4231-bbf6-1cc383ec73d2-groupManagement] INFO  server.RaftServerConfigKeys (ConfUtils.java:logGet(46)) - raft.server.log.preallocated.size = 4194304 (custom)
2024-01-26 11:56:15,203 [5c737fdf-f228-4231-bbf6-1cc383ec73d2-groupManagement] INFO  server.RaftServerConfigKeys (ConfUtils.java:logGet(46)) - raft.server.log.force.sync.num = 128 (default)
2024-01-26 11:56:15,203 [5c737fdf-f228-4231-bbf6-1cc383ec73d2-groupManagement] INFO  server.RaftServerConfigKeys (ConfUtils.java:logGet(46)) - raft.server.log.statemachine.data.sync = true (default)
2024-01-26 11:56:15,203 [5c737fdf-f228-4231-bbf6-1cc383ec73d2-groupManagement] INFO  server.RaftServerConfigKeys (ConfUtils.java:logGet(46)) - raft.server.log.statemachine.data.sync.timeout = 10s (default)
2024-01-26 11:56:15,203 [5c737fdf-f228-4231-bbf6-1cc383ec73d2-groupManagement] INFO  server.RaftServerConfigKeys (ConfUtils.java:logGet(46)) - raft.server.log.statemachine.data.sync.timeout.retry = 0 (custom)
2024-01-26 11:56:15,204 [5c737fdf-f228-4231-bbf6-1cc383ec73d2-groupManagement] INFO  server.RaftServerConfigKeys (ConfUtils.java:logGet(46)) - raft.server.log.write.buffer.size = 8388616 (custom)
2024-01-26 11:56:15,209 [5c737fdf-f228-4231-bbf6-1cc383ec73d2-groupManagement] INFO  server.RaftServerConfigKeys (ConfUtils.java:logGet(46)) - raft.server.log.appender.buffer.byte-limit = 8388608 (custom)
2024-01-26 11:56:15,209 [5c737fdf-f228-4231-bbf6-1cc383ec73d2-groupManagement] INFO  server.RaftServerConfigKeys (ConfUtils.java:logGet(46)) - raft.server.log.unsafe-flush.enabled = false (default)
2024-01-26 11:56:15,210 [5c737fdf-f228-4231-bbf6-1cc383ec73d2-groupManagement] INFO  server.RaftServerConfigKeys (ConfUtils.java:logGet(46)) - raft.server.log.async-flush.enabled = false (default)
2024-01-26 11:56:15,210 [5c737fdf-f228-4231-bbf6-1cc383ec73d2-groupManagement] INFO  server.RaftServerConfigKeys (ConfUtils.java:logGet(46)) - raft.server.log.statemachine.data.caching.enabled = true (custom)
2024-01-26 11:56:15,210 [5c737fdf-f228-4231-bbf6-1cc383ec73d2-groupManagement] INFO  segmented.SegmentedRaftLogWorker (SegmentedRaftLogWorker.java:lambda$new$0(134)) - 5c737fdf-f228-4231-bbf6-1cc383ec73d2@group-342F2AF39FD7-SegmentedRaftLogWorker: flushIndex: setUnconditionally 0 -> -1
2024-01-26 11:56:15,210 [5c737fdf-f228-4231-bbf6-1cc383ec73d2-groupManagement] INFO  segmented.SegmentedRaftLogWorker (SegmentedRaftLogWorker.java:lambda$new$0(134)) - 5c737fdf-f228-4231-bbf6-1cc383ec73d2@group-342F2AF39FD7-SegmentedRaftLogWorker: safeCacheEvictIndex: setUnconditionally 0 -> -1
2024-01-26 11:56:15,211 [5c737fdf-f228-4231-bbf6-1cc383ec73d2-groupManagement] INFO  server.RaftServer$Division (RaftServerImpl.java:start(396)) - 5c737fdf-f228-4231-bbf6-1cc383ec73d2@group-342F2AF39FD7: start as a follower, conf=-1: peers:[5c737fdf-f228-4231-bbf6-1cc383ec73d2|10.1.0.50:15023, 5052cfc4-081a-46ed-8261-0b7a8ad7db0a|10.1.0.50:15032, 5e57565a-2fac-4b31-b24f-016e073e3d73|10.1.0.50:15014]|listeners:[], old=null
2024-01-26 11:56:15,211 [5c737fdf-f228-4231-bbf6-1cc383ec73d2-groupManagement] INFO  server.RaftServer$Division (RaftServerImpl.java:setRole(383)) - 5c737fdf-f228-4231-bbf6-1cc383ec73d2@group-342F2AF39FD7: changes role from      null to FOLLOWER at term 0 for startAsFollower
2024-01-26 11:56:15,211 [5c737fdf-f228-4231-bbf6-1cc383ec73d2-groupManagement] INFO  impl.RoleInfo (RoleInfo.java:updateAndGet(139)) - 5c737fdf-f228-4231-bbf6-1cc383ec73d2: start 5c737fdf-f228-4231-bbf6-1cc383ec73d2@group-342F2AF39FD7-FollowerState
2024-01-26 11:56:15,211 [5c737fdf-f228-4231-bbf6-1cc383ec73d2-groupManagement] INFO  util.JmxRegister (JmxRegister.java:tryRegister(44)) - Successfully registered JMX Bean with object name Ratis:service=RaftServer,group=group-342F2AF39FD7,id=5c737fdf-f228-4231-bbf6-1cc383ec73d2
2024-01-26 11:56:15,211 [5c737fdf-f228-4231-bbf6-1cc383ec73d2@group-342F2AF39FD7-FollowerState] INFO  server.RaftServerConfigKeys (ConfUtils.java:logFallback(53)) - raft.server.rpc.first-election.timeout.min = 5s (fallback to raft.server.rpc.timeout.min)
2024-01-26 11:56:15,212 [5c737fdf-f228-4231-bbf6-1cc383ec73d2-groupManagement] INFO  server.RaftServerConfigKeys (ConfUtils.java:logGet(46)) - raft.server.snapshot.trigger-when-stop.enabled = true (default)
2024-01-26 11:56:15,213 [5c737fdf-f228-4231-bbf6-1cc383ec73d2@group-342F2AF39FD7-FollowerState] INFO  server.RaftServerConfigKeys (ConfUtils.java:logFallback(53)) - raft.server.rpc.first-election.timeout.max = 5200ms (fallback to raft.server.rpc.timeout.max)
2024-01-26 11:56:15,213 [5c737fdf-f228-4231-bbf6-1cc383ec73d2-groupManagement] INFO  server.RaftServerConfigKeys (ConfUtils.java:logGet(46)) - raft.server.snapshot.auto.trigger.enabled = true (custom)
2024-01-26 11:56:15,213 [5c737fdf-f228-4231-bbf6-1cc383ec73d2-groupManagement] INFO  server.RaftServerConfigKeys (ConfUtils.java:logGet(46)) - raft.server.snapshot.auto.trigger.threshold = 10000 (custom)
2024-01-26 11:56:15,213 [5c737fdf-f228-4231-bbf6-1cc383ec73d2-groupManagement] INFO  server.RaftServerConfigKeys (ConfUtils.java:logGet(46)) - raft.server.snapshot.retention.file.num = 5 (custom)
2024-01-26 11:56:15,213 [5c737fdf-f228-4231-bbf6-1cc383ec73d2-groupManagement] INFO  server.RaftServerConfigKeys (ConfUtils.java:logGet(46)) - raft.server.log.purge.upto.snapshot.index = false (default)
2024-01-26 11:56:15,214 [5c737fdf-f228-4231-bbf6-1cc383ec73d2-PipelineCommandHandlerThread-0] INFO  ratis.XceiverServerRatis (XceiverServerRatis.java:addGroup(842)) - Created group PipelineID=89cbe570-fc20-4065-982c-342f2af39fd7
2024-01-26 11:56:15,259 [Mini-Cluster-Provider-Create] INFO  ozone.MiniOzoneClusterImpl (MiniOzoneClusterImpl.java:lambda$waitForClusterToBeReady$0(229)) - Nodes are ready. Got 3 of 3 DN Heartbeats.
2024-01-26 11:56:15,260 [Mini-Cluster-Provider-Create] INFO  ozone.MiniOzoneClusterImpl (MiniOzoneClusterImpl.java:lambda$waitForClusterToBeReady$0(232)) - Waiting for cluster to exit safe mode
2024-01-26 11:56:15,260 [Mini-Cluster-Provider-Create] INFO  ozone.MiniOzoneClusterImpl (MiniOzoneClusterImpl.java:lambda$waitForClusterToBeReady$0(234)) - SCM became leader
2024-01-26 11:56:15,264 [5052cfc4-081a-46ed-8261-0b7a8ad7db0a-PipelineCommandHandlerThread-0] INFO  server.RaftServer (RaftServerProxy.java:addNew(100)) - 5052cfc4-081a-46ed-8261-0b7a8ad7db0a: addNew group-2467D720484D:[5052cfc4-081a-46ed-8261-0b7a8ad7db0a|10.1.0.50:15032] returns group-2467D720484D:java.util.concurrent.CompletableFuture@61965df3[Not completed]
2024-01-26 11:56:15,268 [5052cfc4-081a-46ed-8261-0b7a8ad7db0a-groupManagement] INFO  server.RaftServer$Division (RaftServerImpl.java:<init>(256)) - 5052cfc4-081a-46ed-8261-0b7a8ad7db0a: new RaftServerImpl for group-2467D720484D:[5052cfc4-081a-46ed-8261-0b7a8ad7db0a|10.1.0.50:15032] with ContainerStateMachine:uninitialized
2024-01-26 11:56:15,268 [5052cfc4-081a-46ed-8261-0b7a8ad7db0a-groupManagement] INFO  server.RaftServerConfigKeys (ConfUtils.java:logGet(46)) - raft.server.rpc.timeout.min = 5s (custom)
2024-01-26 11:56:15,268 [5052cfc4-081a-46ed-8261-0b7a8ad7db0a-groupManagement] INFO  server.RaftServerConfigKeys (ConfUtils.java:logGet(46)) - raft.server.rpc.timeout.max = 5200ms (custom)
2024-01-26 11:56:15,269 [5052cfc4-081a-46ed-8261-0b7a8ad7db0a-groupManagement] INFO  server.RaftServerConfigKeys (ConfUtils.java:logGet(46)) - raft.server.rpc.sleep.time = 25ms (default)
2024-01-26 11:56:15,269 [5052cfc4-081a-46ed-8261-0b7a8ad7db0a-groupManagement] INFO  server.RaftServerConfigKeys (ConfUtils.java:logGet(46)) - raft.server.rpc.slowness.timeout = 300s (custom)
2024-01-26 11:56:15,269 [5052cfc4-081a-46ed-8261-0b7a8ad7db0a-groupManagement] INFO  server.RaftServerConfigKeys (ConfUtils.java:logGet(46)) - raft.server.leaderelection.leader.step-down.wait-time = 10s (default)
2024-01-26 11:56:15,269 [5052cfc4-081a-46ed-8261-0b7a8ad7db0a-groupManagement] INFO  server.RaftServerConfigKeys (ConfUtils.java:logGet(46)) - raft.server.leaderelection.member.majority-add = false (default)
2024-01-26 11:56:15,269 [5052cfc4-081a-46ed-8261-0b7a8ad7db0a-groupManagement] INFO  server.RaftServerConfigKeys (ConfUtils.java:logGet(46)) - raft.server.sleep.deviation.threshold = 300ms (default)
2024-01-26 11:56:15,269 [5052cfc4-081a-46ed-8261-0b7a8ad7db0a-groupManagement] INFO  server.RaftServer$Division (ServerState.java:<init>(113)) - 5052cfc4-081a-46ed-8261-0b7a8ad7db0a@group-2467D720484D: ConfigurationManager, init=-1: peers:[5052cfc4-081a-46ed-8261-0b7a8ad7db0a|10.1.0.50:15032]|listeners:[], old=null, confs=<EMPTY_MAP>
2024-01-26 11:56:15,269 [5052cfc4-081a-46ed-8261-0b7a8ad7db0a-groupManagement] INFO  server.RaftServerConfigKeys (ConfUtils.java:logGet(46)) - raft.server.notification.no-leader.timeout = 300s (custom)
2024-01-26 11:56:15,269 [5052cfc4-081a-46ed-8261-0b7a8ad7db0a-groupManagement] INFO  server.RaftServerConfigKeys (ConfUtils.java:logGet(46)) - raft.server.read.timeout = 10s (default)
2024-01-26 11:56:15,269 [5052cfc4-081a-46ed-8261-0b7a8ad7db0a-groupManagement] INFO  server.RaftServerConfigKeys (ConfUtils.java:logGet(46)) - raft.server.retrycache.expirytime = 600000ms (custom)
2024-01-26 11:56:15,269 [5052cfc4-081a-46ed-8261-0b7a8ad7db0a-groupManagement] INFO  server.RaftServerConfigKeys (ConfUtils.java:logGet(46)) - raft.server.retrycache.statistics.expirytime = 100ms (default)
2024-01-26 11:56:15,270 [5052cfc4-081a-46ed-8261-0b7a8ad7db0a-groupManagement] INFO  server.RaftServerConfigKeys (ConfUtils.java:logGet(46)) - raft.server.read.option = DEFAULT (default)
2024-01-26 11:56:15,270 [5052cfc4-081a-46ed-8261-0b7a8ad7db0a-groupManagement] INFO  server.RaftServerConfigKeys (ConfUtils.java:logGet(46)) - raft.server.read.read-after-write-consistent.write-index-cache.expiry-time = 60s (default)
2024-01-26 11:56:15,275 [5052cfc4-081a-46ed-8261-0b7a8ad7db0a-groupManagement] INFO  server.RaftServerConfigKeys (ConfUtils.java:logGet(46)) - raft.server.rpc.request.timeout = 60s (custom)
2024-01-26 11:56:15,275 [5052cfc4-081a-46ed-8261-0b7a8ad7db0a-groupManagement] INFO  server.RaftServerConfigKeys (ConfUtils.java:logGet(46)) - raft.server.log.appender.install.snapshot.enabled = false (custom)
2024-01-26 11:56:15,275 [5052cfc4-081a-46ed-8261-0b7a8ad7db0a-groupManagement] INFO  server.RaftServerConfigKeys (ConfUtils.java:logGet(46)) - raft.server.threadpool.server.cached = true (default)
2024-01-26 11:56:15,275 [5052cfc4-081a-46ed-8261-0b7a8ad7db0a-groupManagement] INFO  server.RaftServerConfigKeys (ConfUtils.java:logGet(46)) - raft.server.threadpool.server.size = 0 (default)
2024-01-26 11:56:15,275 [5052cfc4-081a-46ed-8261-0b7a8ad7db0a-groupManagement] INFO  server.RaftServerConfigKeys (ConfUtils.java:logGet(46)) - raft.server.threadpool.client.cached = true (default)
2024-01-26 11:56:15,275 [5052cfc4-081a-46ed-8261-0b7a8ad7db0a-groupManagement] INFO  server.RaftServerConfigKeys (ConfUtils.java:logGet(46)) - raft.server.threadpool.client.size = 0 (default)
2024-01-26 11:56:15,276 [5052cfc4-081a-46ed-8261-0b7a8ad7db0a-groupManagement] INFO  server.RaftServerConfigKeys (ConfUtils.java:logGet(46)) - raft.server.storage.free-space.min = 0MB (=0) (default)
2024-01-26 11:56:15,276 [5052cfc4-081a-46ed-8261-0b7a8ad7db0a-groupManagement] INFO  server.RaftServerConfigKeys (ConfUtils.java:logGet(46)) - raft.server.log.corruption.policy = EXCEPTION (default)
2024-01-26 11:56:15,276 [5052cfc4-081a-46ed-8261-0b7a8ad7db0a-groupManagement] INFO  server.RaftServerConfigKeys (ConfUtils.java:logGet(46)) - raft.server.storage.dir = [/home/runner/work/ozone/ozone/hadoop-ozone/integration-test/target/test-dir/MiniOzoneClusterImpl-b54bfeae-1ef8-4c1d-b639-09e56ef7dc0e/datanode-2/data/ratis] (custom)
2024-01-26 11:56:15,276 [5052cfc4-081a-46ed-8261-0b7a8ad7db0a-groupManagement] INFO  storage.RaftStorageDirectory (RaftStorageDirectoryImpl.java:analyzeStorage(138)) - The storage directory /home/runner/work/ozone/ozone/hadoop-ozone/integration-test/target/test-dir/MiniOzoneClusterImpl-b54bfeae-1ef8-4c1d-b639-09e56ef7dc0e/datanode-2/data/ratis/546903ca-aac8-4a23-99bb-2467d720484d does not exist. Creating ...
2024-01-26 11:56:15,277 [5052cfc4-081a-46ed-8261-0b7a8ad7db0a-groupManagement] INFO  storage.RaftStorageDirectory (RaftStorageDirectoryImpl.java:tryLock(228)) - Lock on /home/runner/work/ozone/ozone/hadoop-ozone/integration-test/target/test-dir/MiniOzoneClusterImpl-b54bfeae-1ef8-4c1d-b639-09e56ef7dc0e/datanode-2/data/ratis/546903ca-aac8-4a23-99bb-2467d720484d/in_use.lock acquired by nodename 67451@fv-az1250-627
2024-01-26 11:56:15,278 [5052cfc4-081a-46ed-8261-0b7a8ad7db0a-groupManagement] INFO  storage.RaftStorage (RaftStorageImpl.java:format(99)) - Storage directory /home/runner/work/ozone/ozone/hadoop-ozone/integration-test/target/test-dir/MiniOzoneClusterImpl-b54bfeae-1ef8-4c1d-b639-09e56ef7dc0e/datanode-2/data/ratis/546903ca-aac8-4a23-99bb-2467d720484d has been successfully formatted.
2024-01-26 11:56:15,278 [5052cfc4-081a-46ed-8261-0b7a8ad7db0a-groupManagement] WARN  util.FileUtils (LogUtils.java:supplyAndLog(63)) - Failed to Files.newInputStream /home/runner/work/ozone/ozone/hadoop-ozone/integration-test/target/test-dir/MiniOzoneClusterImpl-b54bfeae-1ef8-4c1d-b639-09e56ef7dc0e/datanode-2/data/ratis/546903ca-aac8-4a23-99bb-2467d720484d/current/raft-meta.conf with options []: java.nio.file.NoSuchFileException: /home/runner/work/ozone/ozone/hadoop-ozone/integration-test/target/test-dir/MiniOzoneClusterImpl-b54bfeae-1ef8-4c1d-b639-09e56ef7dc0e/datanode-2/data/ratis/546903ca-aac8-4a23-99bb-2467d720484d/current/raft-meta.conf
2024-01-26 11:56:15,279 [5052cfc4-081a-46ed-8261-0b7a8ad7db0a-groupManagement] INFO  ratis.ContainerStateMachine (ContainerStateMachine.java:loadSnapshot(287)) - group-2467D720484D: The snapshot info is null. Setting the last applied index to:(t:0, i:~)
2024-01-26 11:56:15,279 [5052cfc4-081a-46ed-8261-0b7a8ad7db0a-groupManagement] INFO  server.RaftServerConfigKeys (ConfUtils.java:logGet(46)) - raft.server.log.use.memory = false (default)
2024-01-26 11:56:15,280 [5052cfc4-081a-46ed-8261-0b7a8ad7db0a-groupManagement] INFO  server.RaftServerConfigKeys (ConfUtils.java:logGet(46)) - raft.server.log.purge.gap = 1000000 (custom)
2024-01-26 11:56:15,280 [5052cfc4-081a-46ed-8261-0b7a8ad7db0a-groupManagement] INFO  server.RaftServerConfigKeys (ConfUtils.java:logGet(46)) - raft.server.log.appender.buffer.byte-limit = 8388608 (custom)
2024-01-26 11:56:15,280 [5052cfc4-081a-46ed-8261-0b7a8ad7db0a-groupManagement] INFO  server.RaftServerConfigKeys (ConfUtils.java:logGet(46)) - raft.server.log.statemachine.data.read.timeout = 1000ms (default)
2024-01-26 11:56:15,280 [5052cfc4-081a-46ed-8261-0b7a8ad7db0a-groupManagement] INFO  server.RaftServerConfigKeys (ConfUtils.java:logGet(46)) - raft.server.log.purge.preservation.log.num = 0 (default)
2024-01-26 11:56:15,282 [EventQueue-PipelineReportForPipelineReportHandler] INFO  pipeline.PipelineReportHandler (PipelineReportHandler.java:processPipelineReport(136)) - Opened pipeline PipelineID=546903ca-aac8-4a23-99bb-2467d720484d
2024-01-26 11:56:15,283 [EventQueue-OpenPipelineForHealthyPipelineSafeModeRule] INFO  safemode.SCMSafeModeManager (HealthyPipelineSafeModeRule.java:process(140)) - SCM in safe mode. Healthy pipelines reported count is 0, required healthy pipeline reported count is 1
2024-01-26 11:56:15,287 [5052cfc4-081a-46ed-8261-0b7a8ad7db0a-groupManagement] INFO  server.RaftServerConfigKeys (ConfUtils.java:logGet(46)) - raft.server.log.segment.size.max = 67108864 (custom)
2024-01-26 11:56:15,288 [5052cfc4-081a-46ed-8261-0b7a8ad7db0a-groupManagement] INFO  server.RaftServerConfigKeys (ConfUtils.java:logGet(46)) - raft.server.log.segment.cache.num.max = 2 (custom)
2024-01-26 11:56:15,288 [5052cfc4-081a-46ed-8261-0b7a8ad7db0a-groupManagement] INFO  server.RaftServerConfigKeys (ConfUtils.java:logGet(46)) - raft.server.log.segment.cache.size.max = 200MB (=209715200) (default)
2024-01-26 11:56:15,288 [5052cfc4-081a-46ed-8261-0b7a8ad7db0a-groupManagement] INFO  server.RaftServerConfigKeys (ConfUtils.java:logGet(46)) - raft.server.log.appender.buffer.byte-limit = 8388608 (custom)
2024-01-26 11:56:15,288 [5052cfc4-081a-46ed-8261-0b7a8ad7db0a-groupManagement] INFO  util.AwaitToRun (AwaitToRun.java:start(81)) - Thread[5052cfc4-081a-46ed-8261-0b7a8ad7db0a@group-2467D720484D-cacheEviction-AwaitToRun,5,main] started
2024-01-26 11:56:15,288 [5052cfc4-081a-46ed-8261-0b7a8ad7db0a-groupManagement] INFO  segmented.SegmentedRaftLogWorker (SegmentedRaftLogWorker.java:<init>(182)) - new 5052cfc4-081a-46ed-8261-0b7a8ad7db0a@group-2467D720484D-SegmentedRaftLogWorker for RaftStorageImpl:Storage Directory /home/runner/work/ozone/ozone/hadoop-ozone/integration-test/target/test-dir/MiniOzoneClusterImpl-b54bfeae-1ef8-4c1d-b639-09e56ef7dc0e/datanode-2/data/ratis/546903ca-aac8-4a23-99bb-2467d720484d
2024-01-26 11:56:15,288 [5052cfc4-081a-46ed-8261-0b7a8ad7db0a-groupManagement] INFO  server.RaftServerConfigKeys (ConfUtils.java:logGet(46)) - raft.server.log.queue.byte-limit = 4294967296 (custom)
2024-01-26 11:56:15,288 [5052cfc4-081a-46ed-8261-0b7a8ad7db0a-groupManagement] INFO  server.RaftServerConfigKeys (ConfUtils.java:logGet(46)) - raft.server.log.queue.element-limit = 1024 (custom)
2024-01-26 11:56:15,289 [5052cfc4-081a-46ed-8261-0b7a8ad7db0a-groupManagement] INFO  server.RaftServerConfigKeys (ConfUtils.java:logGet(46)) - raft.server.log.segment.size.max = 67108864 (custom)
2024-01-26 11:56:15,289 [5052cfc4-081a-46ed-8261-0b7a8ad7db0a-groupManagement] INFO  server.RaftServerConfigKeys (ConfUtils.java:logGet(46)) - raft.server.log.preallocated.size = 4194304 (custom)
2024-01-26 11:56:15,289 [5052cfc4-081a-46ed-8261-0b7a8ad7db0a-groupManagement] INFO  server.RaftServerConfigKeys (ConfUtils.java:logGet(46)) - raft.server.log.force.sync.num = 128 (default)
2024-01-26 11:56:15,289 [5052cfc4-081a-46ed-8261-0b7a8ad7db0a-groupManagement] INFO  server.RaftServerConfigKeys (ConfUtils.java:logGet(46)) - raft.server.log.statemachine.data.sync = true (default)
2024-01-26 11:56:15,289 [5052cfc4-081a-46ed-8261-0b7a8ad7db0a-groupManagement] INFO  server.RaftServerConfigKeys (ConfUtils.java:logGet(46)) - raft.server.log.statemachine.data.sync.timeout = 10s (default)
2024-01-26 11:56:15,289 [5052cfc4-081a-46ed-8261-0b7a8ad7db0a-groupManagement] INFO  server.RaftServerConfigKeys (ConfUtils.java:logGet(46)) - raft.server.log.statemachine.data.sync.timeout.retry = 0 (custom)
2024-01-26 11:56:15,289 [5052cfc4-081a-46ed-8261-0b7a8ad7db0a-groupManagement] INFO  server.RaftServerConfigKeys (ConfUtils.java:logGet(46)) - raft.server.log.write.buffer.size = 8388616 (custom)
2024-01-26 11:56:15,291 [5052cfc4-081a-46ed-8261-0b7a8ad7db0a-groupManagement] INFO  server.RaftServerConfigKeys (ConfUtils.java:logGet(46)) - raft.server.log.appender.buffer.byte-limit = 8388608 (custom)
2024-01-26 11:56:15,291 [5052cfc4-081a-46ed-8261-0b7a8ad7db0a-groupManagement] INFO  server.RaftServerConfigKeys (ConfUtils.java:logGet(46)) - raft.server.log.unsafe-flush.enabled = false (default)
2024-01-26 11:56:15,291 [5052cfc4-081a-46ed-8261-0b7a8ad7db0a-groupManagement] INFO  server.RaftServerConfigKeys (ConfUtils.java:logGet(46)) - raft.server.log.async-flush.enabled = false (default)
2024-01-26 11:56:15,291 [5052cfc4-081a-46ed-8261-0b7a8ad7db0a-groupManagement] INFO  server.RaftServerConfigKeys (ConfUtils.java:logGet(46)) - raft.server.log.statemachine.data.caching.enabled = true (custom)
2024-01-26 11:56:15,292 [5052cfc4-081a-46ed-8261-0b7a8ad7db0a-groupManagement] INFO  segmented.SegmentedRaftLogWorker (SegmentedRaftLogWorker.java:lambda$new$0(134)) - 5052cfc4-081a-46ed-8261-0b7a8ad7db0a@group-2467D720484D-SegmentedRaftLogWorker: flushIndex: setUnconditionally 0 -> -1
2024-01-26 11:56:15,292 [5052cfc4-081a-46ed-8261-0b7a8ad7db0a-groupManagement] INFO  segmented.SegmentedRaftLogWorker (SegmentedRaftLogWorker.java:lambda$new$0(134)) - 5052cfc4-081a-46ed-8261-0b7a8ad7db0a@group-2467D720484D-SegmentedRaftLogWorker: safeCacheEvictIndex: setUnconditionally 0 -> -1
2024-01-26 11:56:15,295 [5052cfc4-081a-46ed-8261-0b7a8ad7db0a-groupManagement] INFO  server.RaftServer$Division (RaftServerImpl.java:start(396)) - 5052cfc4-081a-46ed-8261-0b7a8ad7db0a@group-2467D720484D: start as a follower, conf=-1: peers:[5052cfc4-081a-46ed-8261-0b7a8ad7db0a|10.1.0.50:15032]|listeners:[], old=null
2024-01-26 11:56:15,295 [5052cfc4-081a-46ed-8261-0b7a8ad7db0a-groupManagement] INFO  server.RaftServer$Division (RaftServerImpl.java:setRole(383)) - 5052cfc4-081a-46ed-8261-0b7a8ad7db0a@group-2467D720484D: changes role from      null to FOLLOWER at term 0 for startAsFollower
2024-01-26 11:56:15,297 [5052cfc4-081a-46ed-8261-0b7a8ad7db0a-groupManagement] INFO  impl.RoleInfo (RoleInfo.java:updateAndGet(139)) - 5052cfc4-081a-46ed-8261-0b7a8ad7db0a: start 5052cfc4-081a-46ed-8261-0b7a8ad7db0a@group-2467D720484D-FollowerState
2024-01-26 11:56:15,298 [5052cfc4-081a-46ed-8261-0b7a8ad7db0a-groupManagement] INFO  util.JmxRegister (JmxRegister.java:tryRegister(44)) - Successfully registered JMX Bean with object name Ratis:service=RaftServer,group=group-2467D720484D,id=5052cfc4-081a-46ed-8261-0b7a8ad7db0a
2024-01-26 11:56:15,298 [5052cfc4-081a-46ed-8261-0b7a8ad7db0a-groupManagement] INFO  server.RaftServerConfigKeys (ConfUtils.java:logGet(46)) - raft.server.snapshot.trigger-when-stop.enabled = true (default)
2024-01-26 11:56:15,298 [5052cfc4-081a-46ed-8261-0b7a8ad7db0a-groupManagement] INFO  server.RaftServerConfigKeys (ConfUtils.java:logGet(46)) - raft.server.snapshot.auto.trigger.enabled = true (custom)
2024-01-26 11:56:15,298 [5052cfc4-081a-46ed-8261-0b7a8ad7db0a-groupManagement] INFO  server.RaftServerConfigKeys (ConfUtils.java:logGet(46)) - raft.server.snapshot.auto.trigger.threshold = 10000 (custom)
2024-01-26 11:56:15,298 [5052cfc4-081a-46ed-8261-0b7a8ad7db0a-groupManagement] INFO  server.RaftServerConfigKeys (ConfUtils.java:logGet(46)) - raft.server.snapshot.retention.file.num = 5 (custom)
2024-01-26 11:56:15,298 [5052cfc4-081a-46ed-8261-0b7a8ad7db0a-groupManagement] INFO  server.RaftServerConfigKeys (ConfUtils.java:logGet(46)) - raft.server.log.purge.upto.snapshot.index = false (default)
2024-01-26 11:56:15,299 [5052cfc4-081a-46ed-8261-0b7a8ad7db0a@group-2467D720484D-FollowerState] INFO  server.RaftServerConfigKeys (ConfUtils.java:logFallback(53)) - raft.server.rpc.first-election.timeout.min = 5s (fallback to raft.server.rpc.timeout.min)
2024-01-26 11:56:15,299 [5052cfc4-081a-46ed-8261-0b7a8ad7db0a@group-2467D720484D-FollowerState] INFO  server.RaftServerConfigKeys (ConfUtils.java:logFallback(53)) - raft.server.rpc.first-election.timeout.max = 5200ms (fallback to raft.server.rpc.timeout.max)
2024-01-26 11:56:15,312 [5052cfc4-081a-46ed-8261-0b7a8ad7db0a-PipelineCommandHandlerThread-0] INFO  ratis.XceiverServerRatis (XceiverServerRatis.java:addGroup(842)) - Created group PipelineID=546903ca-aac8-4a23-99bb-2467d720484d
2024-01-26 11:56:15,312 [5052cfc4-081a-46ed-8261-0b7a8ad7db0a-PipelineCommandHandlerThread-0] INFO  commandhandler.CreatePipelineCommandHandler (CreatePipelineCommandHandler.java:lambda$handle$2(124)) - Created Pipeline RATIS ONE PipelineID=546903ca-aac8-4a23-99bb-2467d720484d.
2024-01-26 11:56:15,320 [5052cfc4-081a-46ed-8261-0b7a8ad7db0a-PipelineCommandHandlerThread-0] INFO  server.RaftServer (RaftServerProxy.java:addNew(100)) - 5052cfc4-081a-46ed-8261-0b7a8ad7db0a: addNew group-342F2AF39FD7:[5c737fdf-f228-4231-bbf6-1cc383ec73d2|10.1.0.50:15023, 5052cfc4-081a-46ed-8261-0b7a8ad7db0a|10.1.0.50:15032, 5e57565a-2fac-4b31-b24f-016e073e3d73|10.1.0.50:15014] returns group-342F2AF39FD7:java.util.concurrent.CompletableFuture@65a9c519[Not completed]
2024-01-26 11:56:15,321 [5052cfc4-081a-46ed-8261-0b7a8ad7db0a-groupManagement] INFO  server.RaftServer$Division (RaftServerImpl.java:<init>(256)) - 5052cfc4-081a-46ed-8261-0b7a8ad7db0a: new RaftServerImpl for group-342F2AF39FD7:[5c737fdf-f228-4231-bbf6-1cc383ec73d2|10.1.0.50:15023, 5052cfc4-081a-46ed-8261-0b7a8ad7db0a|10.1.0.50:15032, 5e57565a-2fac-4b31-b24f-016e073e3d73|10.1.0.50:15014] with ContainerStateMachine:uninitialized
2024-01-26 11:56:15,321 [5052cfc4-081a-46ed-8261-0b7a8ad7db0a-groupManagement] INFO  server.RaftServerConfigKeys (ConfUtils.java:logGet(46)) - raft.server.rpc.timeout.min = 5s (custom)
2024-01-26 11:56:15,321 [5052cfc4-081a-46ed-8261-0b7a8ad7db0a-groupManagement] INFO  server.RaftServerConfigKeys (ConfUtils.java:logGet(46)) - raft.server.rpc.timeout.max = 5200ms (custom)
2024-01-26 11:56:15,321 [5052cfc4-081a-46ed-8261-0b7a8ad7db0a-groupManagement] INFO  server.RaftServerConfigKeys (ConfUtils.java:logGet(46)) - raft.server.rpc.sleep.time = 25ms (default)
2024-01-26 11:56:15,321 [5052cfc4-081a-46ed-8261-0b7a8ad7db0a-groupManagement] INFO  server.RaftServerConfigKeys (ConfUtils.java:logGet(46)) - raft.server.rpc.slowness.timeout = 300s (custom)
2024-01-26 11:56:15,321 [5052cfc4-081a-46ed-8261-0b7a8ad7db0a-groupManagement] INFO  server.RaftServerConfigKeys (ConfUtils.java:logGet(46)) - raft.server.leaderelection.leader.step-down.wait-time = 10s (default)
2024-01-26 11:56:15,321 [5052cfc4-081a-46ed-8261-0b7a8ad7db0a-groupManagement] INFO  server.RaftServerConfigKeys (ConfUtils.java:logGet(46)) - raft.server.leaderelection.member.majority-add = false (default)
2024-01-26 11:56:15,321 [5052cfc4-081a-46ed-8261-0b7a8ad7db0a-groupManagement] INFO  server.RaftServerConfigKeys (ConfUtils.java:logGet(46)) - raft.server.sleep.deviation.threshold = 300ms (default)
2024-01-26 11:56:15,322 [5052cfc4-081a-46ed-8261-0b7a8ad7db0a-groupManagement] INFO  server.RaftServer$Division (ServerState.java:<init>(113)) - 5052cfc4-081a-46ed-8261-0b7a8ad7db0a@group-342F2AF39FD7: ConfigurationManager, init=-1: peers:[5c737fdf-f228-4231-bbf6-1cc383ec73d2|10.1.0.50:15023, 5052cfc4-081a-46ed-8261-0b7a8ad7db0a|10.1.0.50:15032, 5e57565a-2fac-4b31-b24f-016e073e3d73|10.1.0.50:15014]|listeners:[], old=null, confs=<EMPTY_MAP>
2024-01-26 11:56:15,322 [5052cfc4-081a-46ed-8261-0b7a8ad7db0a-groupManagement] INFO  server.RaftServerConfigKeys (ConfUtils.java:logGet(46)) - raft.server.notification.no-leader.timeout = 300s (custom)
2024-01-26 11:56:15,322 [5052cfc4-081a-46ed-8261-0b7a8ad7db0a-groupManagement] INFO  server.RaftServerConfigKeys (ConfUtils.java:logGet(46)) - raft.server.read.timeout = 10s (default)
2024-01-26 11:56:15,322 [5052cfc4-081a-46ed-8261-0b7a8ad7db0a-groupManagement] INFO  server.RaftServerConfigKeys (ConfUtils.java:logGet(46)) - raft.server.retrycache.expirytime = 600000ms (custom)
2024-01-26 11:56:15,322 [5052cfc4-081a-46ed-8261-0b7a8ad7db0a-groupManagement] INFO  server.RaftServerConfigKeys (ConfUtils.java:logGet(46)) - raft.server.retrycache.statistics.expirytime = 100ms (default)
2024-01-26 11:56:15,322 [5052cfc4-081a-46ed-8261-0b7a8ad7db0a-groupManagement] INFO  server.RaftServerConfigKeys (ConfUtils.java:logGet(46)) - raft.server.read.option = DEFAULT (default)
2024-01-26 11:56:15,322 [5052cfc4-081a-46ed-8261-0b7a8ad7db0a-groupManagement] INFO  server.RaftServerConfigKeys (ConfUtils.java:logGet(46)) - raft.server.read.read-after-write-consistent.write-index-cache.expiry-time = 60s (default)
2024-01-26 11:56:15,326 [5052cfc4-081a-46ed-8261-0b7a8ad7db0a-groupManagement] INFO  server.RaftServerConfigKeys (ConfUtils.java:logGet(46)) - raft.server.rpc.request.timeout = 60s (custom)
2024-01-26 11:56:15,326 [5052cfc4-081a-46ed-8261-0b7a8ad7db0a-groupManagement] INFO  server.RaftServerConfigKeys (ConfUtils.java:logGet(46)) - raft.server.log.appender.install.snapshot.enabled = false (custom)
2024-01-26 11:56:15,326 [5052cfc4-081a-46ed-8261-0b7a8ad7db0a-groupManagement] INFO  server.RaftServerConfigKeys (ConfUtils.java:logGet(46)) - raft.server.threadpool.server.cached = true (default)
2024-01-26 11:56:15,326 [5052cfc4-081a-46ed-8261-0b7a8ad7db0a-groupManagement] INFO  server.RaftServerConfigKeys (ConfUtils.java:logGet(46)) - raft.server.threadpool.server.size = 0 (default)
2024-01-26 11:56:15,326 [5052cfc4-081a-46ed-8261-0b7a8ad7db0a-groupManagement] INFO  server.RaftServerConfigKeys (ConfUtils.java:logGet(46)) - raft.server.threadpool.client.cached = true (default)
2024-01-26 11:56:15,326 [5052cfc4-081a-46ed-8261-0b7a8ad7db0a-groupManagement] INFO  server.RaftServerConfigKeys (ConfUtils.java:logGet(46)) - raft.server.threadpool.client.size = 0 (default)
2024-01-26 11:56:15,326 [5052cfc4-081a-46ed-8261-0b7a8ad7db0a-groupManagement] INFO  server.RaftServerConfigKeys (ConfUtils.java:logGet(46)) - raft.server.storage.free-space.min = 0MB (=0) (default)
2024-01-26 11:56:15,327 [5052cfc4-081a-46ed-8261-0b7a8ad7db0a-groupManagement] INFO  server.RaftServerConfigKeys (ConfUtils.java:logGet(46)) - raft.server.log.corruption.policy = EXCEPTION (default)
2024-01-26 11:56:15,327 [5052cfc4-081a-46ed-8261-0b7a8ad7db0a-groupManagement] INFO  server.RaftServerConfigKeys (ConfUtils.java:logGet(46)) - raft.server.storage.dir = [/home/runner/work/ozone/ozone/hadoop-ozone/integration-test/target/test-dir/MiniOzoneClusterImpl-b54bfeae-1ef8-4c1d-b639-09e56ef7dc0e/datanode-2/data/ratis] (custom)
2024-01-26 11:56:15,327 [5052cfc4-081a-46ed-8261-0b7a8ad7db0a-groupManagement] INFO  storage.RaftStorageDirectory (RaftStorageDirectoryImpl.java:analyzeStorage(138)) - The storage directory /home/runner/work/ozone/ozone/hadoop-ozone/integration-test/target/test-dir/MiniOzoneClusterImpl-b54bfeae-1ef8-4c1d-b639-09e56ef7dc0e/datanode-2/data/ratis/89cbe570-fc20-4065-982c-342f2af39fd7 does not exist. Creating ...
2024-01-26 11:56:15,329 [5052cfc4-081a-46ed-8261-0b7a8ad7db0a-groupManagement] INFO  storage.RaftStorageDirectory (RaftStorageDirectoryImpl.java:tryLock(228)) - Lock on /home/runner/work/ozone/ozone/hadoop-ozone/integration-test/target/test-dir/MiniOzoneClusterImpl-b54bfeae-1ef8-4c1d-b639-09e56ef7dc0e/datanode-2/data/ratis/89cbe570-fc20-4065-982c-342f2af39fd7/in_use.lock acquired by nodename 67451@fv-az1250-627
2024-01-26 11:56:15,332 [5052cfc4-081a-46ed-8261-0b7a8ad7db0a-groupManagement] INFO  storage.RaftStorage (RaftStorageImpl.java:format(99)) - Storage directory /home/runner/work/ozone/ozone/hadoop-ozone/integration-test/target/test-dir/MiniOzoneClusterImpl-b54bfeae-1ef8-4c1d-b639-09e56ef7dc0e/datanode-2/data/ratis/89cbe570-fc20-4065-982c-342f2af39fd7 has been successfully formatted.
2024-01-26 11:56:15,333 [5052cfc4-081a-46ed-8261-0b7a8ad7db0a-groupManagement] WARN  util.FileUtils (LogUtils.java:supplyAndLog(63)) - Failed to Files.newInputStream /home/runner/work/ozone/ozone/hadoop-ozone/integration-test/target/test-dir/MiniOzoneClusterImpl-b54bfeae-1ef8-4c1d-b639-09e56ef7dc0e/datanode-2/data/ratis/89cbe570-fc20-4065-982c-342f2af39fd7/current/raft-meta.conf with options []: java.nio.file.NoSuchFileException: /home/runner/work/ozone/ozone/hadoop-ozone/integration-test/target/test-dir/MiniOzoneClusterImpl-b54bfeae-1ef8-4c1d-b639-09e56ef7dc0e/datanode-2/data/ratis/89cbe570-fc20-4065-982c-342f2af39fd7/current/raft-meta.conf
2024-01-26 11:56:15,334 [5052cfc4-081a-46ed-8261-0b7a8ad7db0a-groupManagement] INFO  ratis.ContainerStateMachine (ContainerStateMachine.java:loadSnapshot(287)) - group-342F2AF39FD7: The snapshot info is null. Setting the last applied index to:(t:0, i:~)
2024-01-26 11:56:15,334 [5052cfc4-081a-46ed-8261-0b7a8ad7db0a-groupManagement] INFO  server.RaftServerConfigKeys (ConfUtils.java:logGet(46)) - raft.server.log.use.memory = false (default)
2024-01-26 11:56:15,335 [5052cfc4-081a-46ed-8261-0b7a8ad7db0a-groupManagement] INFO  server.RaftServerConfigKeys (ConfUtils.java:logGet(46)) - raft.server.log.purge.gap = 1000000 (custom)
2024-01-26 11:56:15,336 [5052cfc4-081a-46ed-8261-0b7a8ad7db0a-groupManagement] INFO  server.RaftServerConfigKeys (ConfUtils.java:logGet(46)) - raft.server.log.appender.buffer.byte-limit = 8388608 (custom)
2024-01-26 11:56:15,336 [5052cfc4-081a-46ed-8261-0b7a8ad7db0a-groupManagement] INFO  server.RaftServerConfigKeys (ConfUtils.java:logGet(46)) - raft.server.log.statemachine.data.read.timeout = 1000ms (default)
2024-01-26 11:56:15,336 [5052cfc4-081a-46ed-8261-0b7a8ad7db0a-groupManagement] INFO  server.RaftServerConfigKeys (ConfUtils.java:logGet(46)) - raft.server.log.purge.preservation.log.num = 0 (default)
2024-01-26 11:56:15,337 [EventQueue-OpenPipelineForHealthyPipelineSafeModeRule] INFO  safemode.SCMSafeModeManager (HealthyPipelineSafeModeRule.java:process(140)) - SCM in safe mode. Healthy pipelines reported count is 0, required healthy pipeline reported count is 1
2024-01-26 11:56:15,340 [5052cfc4-081a-46ed-8261-0b7a8ad7db0a-groupManagement] INFO  server.RaftServerConfigKeys (ConfUtils.java:logGet(46)) - raft.server.log.segment.size.max = 67108864 (custom)
2024-01-26 11:56:15,340 [5052cfc4-081a-46ed-8261-0b7a8ad7db0a-groupManagement] INFO  server.RaftServerConfigKeys (ConfUtils.java:logGet(46)) - raft.server.log.segment.cache.num.max = 2 (custom)
2024-01-26 11:56:15,340 [5052cfc4-081a-46ed-8261-0b7a8ad7db0a-groupManagement] INFO  server.RaftServerConfigKeys (ConfUtils.java:logGet(46)) - raft.server.log.segment.cache.size.max = 200MB (=209715200) (default)
2024-01-26 11:56:15,340 [5052cfc4-081a-46ed-8261-0b7a8ad7db0a-groupManagement] INFO  server.RaftServerConfigKeys (ConfUtils.java:logGet(46)) - raft.server.log.appender.buffer.byte-limit = 8388608 (custom)
2024-01-26 11:56:15,343 [5052cfc4-081a-46ed-8261-0b7a8ad7db0a-groupManagement] INFO  util.AwaitToRun (AwaitToRun.java:start(81)) - Thread[5052cfc4-081a-46ed-8261-0b7a8ad7db0a@group-342F2AF39FD7-cacheEviction-AwaitToRun,5,main] started
2024-01-26 11:56:15,343 [5052cfc4-081a-46ed-8261-0b7a8ad7db0a-groupManagement] INFO  segmented.SegmentedRaftLogWorker (SegmentedRaftLogWorker.java:<init>(182)) - new 5052cfc4-081a-46ed-8261-0b7a8ad7db0a@group-342F2AF39FD7-SegmentedRaftLogWorker for RaftStorageImpl:Storage Directory /home/runner/work/ozone/ozone/hadoop-ozone/integration-test/target/test-dir/MiniOzoneClusterImpl-b54bfeae-1ef8-4c1d-b639-09e56ef7dc0e/datanode-2/data/ratis/89cbe570-fc20-4065-982c-342f2af39fd7
2024-01-26 11:56:15,343 [5052cfc4-081a-46ed-8261-0b7a8ad7db0a-groupManagement] INFO  server.RaftServerConfigKeys (ConfUtils.java:logGet(46)) - raft.server.log.queue.byte-limit = 4294967296 (custom)
2024-01-26 11:56:15,343 [5052cfc4-081a-46ed-8261-0b7a8ad7db0a-groupManagement] INFO  server.RaftServerConfigKeys (ConfUtils.java:logGet(46)) - raft.server.log.queue.element-limit = 1024 (custom)
2024-01-26 11:56:15,343 [5052cfc4-081a-46ed-8261-0b7a8ad7db0a-groupManagement] INFO  server.RaftServerConfigKeys (ConfUtils.java:logGet(46)) - raft.server.log.segment.size.max = 67108864 (custom)
2024-01-26 11:56:15,343 [5052cfc4-081a-46ed-8261-0b7a8ad7db0a-groupManagement] INFO  server.RaftServerConfigKeys (ConfUtils.java:logGet(46)) - raft.server.log.preallocated.size = 4194304 (custom)
2024-01-26 11:56:15,343 [5052cfc4-081a-46ed-8261-0b7a8ad7db0a-groupManagement] INFO  server.RaftServerConfigKeys (ConfUtils.java:logGet(46)) - raft.server.log.force.sync.num = 128 (default)
2024-01-26 11:56:15,343 [5052cfc4-081a-46ed-8261-0b7a8ad7db0a-groupManagement] INFO  server.RaftServerConfigKeys (ConfUtils.java:logGet(46)) - raft.server.log.statemachine.data.sync = true (default)
2024-01-26 11:56:15,343 [5052cfc4-081a-46ed-8261-0b7a8ad7db0a-groupManagement] INFO  server.RaftServerConfigKeys (ConfUtils.java:logGet(46)) - raft.server.log.statemachine.data.sync.timeout = 10s (default)
2024-01-26 11:56:15,343 [5052cfc4-081a-46ed-8261-0b7a8ad7db0a-groupManagement] INFO  server.RaftServerConfigKeys (ConfUtils.java:logGet(46)) - raft.server.log.statemachine.data.sync.timeout.retry = 0 (custom)
2024-01-26 11:56:15,344 [5052cfc4-081a-46ed-8261-0b7a8ad7db0a-groupManagement] INFO  server.RaftServerConfigKeys (ConfUtils.java:logGet(46)) - raft.server.log.write.buffer.size = 8388616 (custom)
2024-01-26 11:56:15,346 [5052cfc4-081a-46ed-8261-0b7a8ad7db0a-groupManagement] INFO  server.RaftServerConfigKeys (ConfUtils.java:logGet(46)) - raft.server.log.appender.buffer.byte-limit = 8388608 (custom)
2024-01-26 11:56:15,347 [5052cfc4-081a-46ed-8261-0b7a8ad7db0a-groupManagement] INFO  server.RaftServerConfigKeys (ConfUtils.java:logGet(46)) - raft.server.log.unsafe-flush.enabled = false (default)
2024-01-26 11:56:15,347 [5052cfc4-081a-46ed-8261-0b7a8ad7db0a-groupManagement] INFO  server.RaftServerConfigKeys (ConfUtils.java:logGet(46)) - raft.server.log.async-flush.enabled = false (default)
2024-01-26 11:56:15,347 [5052cfc4-081a-46ed-8261-0b7a8ad7db0a-groupManagement] INFO  server.RaftServerConfigKeys (ConfUtils.java:logGet(46)) - raft.server.log.statemachine.data.caching.enabled = true (custom)
2024-01-26 11:56:15,347 [5052cfc4-081a-46ed-8261-0b7a8ad7db0a-groupManagement] INFO  segmented.SegmentedRaftLogWorker (SegmentedRaftLogWorker.java:lambda$new$0(134)) - 5052cfc4-081a-46ed-8261-0b7a8ad7db0a@group-342F2AF39FD7-SegmentedRaftLogWorker: flushIndex: setUnconditionally 0 -> -1
2024-01-26 11:56:15,347 [5052cfc4-081a-46ed-8261-0b7a8ad7db0a-groupManagement] INFO  segmented.SegmentedRaftLogWorker (SegmentedRaftLogWorker.java:lambda$new$0(134)) - 5052cfc4-081a-46ed-8261-0b7a8ad7db0a@group-342F2AF39FD7-SegmentedRaftLogWorker: safeCacheEvictIndex: setUnconditionally 0 -> -1
2024-01-26 11:56:15,349 [5052cfc4-081a-46ed-8261-0b7a8ad7db0a-groupManagement] INFO  server.RaftServer$Division (RaftServerImpl.java:start(396)) - 5052cfc4-081a-46ed-8261-0b7a8ad7db0a@group-342F2AF39FD7: start as a follower, conf=-1: peers:[5c737fdf-f228-4231-bbf6-1cc383ec73d2|10.1.0.50:15023, 5052cfc4-081a-46ed-8261-0b7a8ad7db0a|10.1.0.50:15032, 5e57565a-2fac-4b31-b24f-016e073e3d73|10.1.0.50:15014]|listeners:[], old=null
2024-01-26 11:56:15,349 [5052cfc4-081a-46ed-8261-0b7a8ad7db0a-groupManagement] INFO  server.RaftServer$Division (RaftServerImpl.java:setRole(383)) - 5052cfc4-081a-46ed-8261-0b7a8ad7db0a@group-342F2AF39FD7: changes role from      null to FOLLOWER at term 0 for startAsFollower
2024-01-26 11:56:15,350 [5052cfc4-081a-46ed-8261-0b7a8ad7db0a-groupManagement] INFO  impl.RoleInfo (RoleInfo.java:updateAndGet(139)) - 5052cfc4-081a-46ed-8261-0b7a8ad7db0a: start 5052cfc4-081a-46ed-8261-0b7a8ad7db0a@group-342F2AF39FD7-FollowerState
2024-01-26 11:56:15,351 [5052cfc4-081a-46ed-8261-0b7a8ad7db0a-groupManagement] INFO  util.JmxRegister (JmxRegister.java:tryRegister(44)) - Successfully registered JMX Bean with object name Ratis:service=RaftServer,group=group-342F2AF39FD7,id=5052cfc4-081a-46ed-8261-0b7a8ad7db0a
2024-01-26 11:56:15,351 [5052cfc4-081a-46ed-8261-0b7a8ad7db0a-groupManagement] INFO  server.RaftServerConfigKeys (ConfUtils.java:logGet(46)) - raft.server.snapshot.trigger-when-stop.enabled = true (default)
2024-01-26 11:56:15,351 [5052cfc4-081a-46ed-8261-0b7a8ad7db0a-groupManagement] INFO  server.RaftServerConfigKeys (ConfUtils.java:logGet(46)) - raft.server.snapshot.auto.trigger.enabled = true (custom)
2024-01-26 11:56:15,351 [5052cfc4-081a-46ed-8261-0b7a8ad7db0a-groupManagement] INFO  server.RaftServerConfigKeys (ConfUtils.java:logGet(46)) - raft.server.snapshot.auto.trigger.threshold = 10000 (custom)
2024-01-26 11:56:15,351 [5052cfc4-081a-46ed-8261-0b7a8ad7db0a-groupManagement] INFO  server.RaftServerConfigKeys (ConfUtils.java:logGet(46)) - raft.server.snapshot.retention.file.num = 5 (custom)
2024-01-26 11:56:15,352 [5052cfc4-081a-46ed-8261-0b7a8ad7db0a-groupManagement] INFO  server.RaftServerConfigKeys (ConfUtils.java:logGet(46)) - raft.server.log.purge.upto.snapshot.index = false (default)
2024-01-26 11:56:15,352 [5052cfc4-081a-46ed-8261-0b7a8ad7db0a@group-342F2AF39FD7-FollowerState] INFO  server.RaftServerConfigKeys (ConfUtils.java:logFallback(53)) - raft.server.rpc.first-election.timeout.min = 5s (fallback to raft.server.rpc.timeout.min)
2024-01-26 11:56:15,352 [5052cfc4-081a-46ed-8261-0b7a8ad7db0a@group-342F2AF39FD7-FollowerState] INFO  server.RaftServerConfigKeys (ConfUtils.java:logFallback(53)) - raft.server.rpc.first-election.timeout.max = 5200ms (fallback to raft.server.rpc.timeout.max)
2024-01-26 11:56:15,355 [5052cfc4-081a-46ed-8261-0b7a8ad7db0a-PipelineCommandHandlerThread-0] INFO  ratis.XceiverServerRatis (XceiverServerRatis.java:addGroup(842)) - Created group PipelineID=89cbe570-fc20-4065-982c-342f2af39fd7
2024-01-26 11:56:15,650 [5c737fdf-f228-4231-bbf6-1cc383ec73d2-PipelineCommandHandlerThread-0] INFO  commandhandler.CreatePipelineCommandHandler (CreatePipelineCommandHandler.java:lambda$handle$2(124)) - Created Pipeline RATIS THREE PipelineID=89cbe570-fc20-4065-982c-342f2af39fd7.
2024-01-26 11:56:15,651 [5c737fdf-f228-4231-bbf6-1cc383ec73d2-PipelineCommandHandlerThread-0] INFO  server.RaftServer (RaftServerProxy.java:addNew(100)) - 5c737fdf-f228-4231-bbf6-1cc383ec73d2: addNew group-CB413AA61FBB:[5052cfc4-081a-46ed-8261-0b7a8ad7db0a|10.1.0.50:15032, 5c737fdf-f228-4231-bbf6-1cc383ec73d2|10.1.0.50:15023, 5e57565a-2fac-4b31-b24f-016e073e3d73|10.1.0.50:15014] returns group-CB413AA61FBB:java.util.concurrent.CompletableFuture@5d6c6d7f[Not completed]
2024-01-26 11:56:15,650 [5052cfc4-081a-46ed-8261-0b7a8ad7db0a-PipelineCommandHandlerThread-0] INFO  commandhandler.CreatePipelineCommandHandler (CreatePipelineCommandHandler.java:lambda$handle$2(124)) - Created Pipeline RATIS THREE PipelineID=89cbe570-fc20-4065-982c-342f2af39fd7.
2024-01-26 11:56:15,652 [5052cfc4-081a-46ed-8261-0b7a8ad7db0a-PipelineCommandHandlerThread-0] INFO  server.RaftServer (RaftServerProxy.java:addNew(100)) - 5052cfc4-081a-46ed-8261-0b7a8ad7db0a: addNew group-CB413AA61FBB:[5052cfc4-081a-46ed-8261-0b7a8ad7db0a|10.1.0.50:15032, 5c737fdf-f228-4231-bbf6-1cc383ec73d2|10.1.0.50:15023, 5e57565a-2fac-4b31-b24f-016e073e3d73|10.1.0.50:15014] returns group-CB413AA61FBB:java.util.concurrent.CompletableFuture@1ae586ef[Not completed]
2024-01-26 11:56:15,653 [5e57565a-2fac-4b31-b24f-016e073e3d73-PipelineCommandHandlerThread-0] INFO  commandhandler.CreatePipelineCommandHandler (CreatePipelineCommandHandler.java:lambda$handle$2(124)) - Created Pipeline RATIS THREE PipelineID=89cbe570-fc20-4065-982c-342f2af39fd7.
2024-01-26 11:56:15,653 [5e57565a-2fac-4b31-b24f-016e073e3d73-PipelineCommandHandlerThread-0] INFO  server.RaftServer (RaftServerProxy.java:addNew(100)) - 5e57565a-2fac-4b31-b24f-016e073e3d73: addNew group-CB413AA61FBB:[5052cfc4-081a-46ed-8261-0b7a8ad7db0a|10.1.0.50:15032, 5c737fdf-f228-4231-bbf6-1cc383ec73d2|10.1.0.50:15023, 5e57565a-2fac-4b31-b24f-016e073e3d73|10.1.0.50:15014] returns group-CB413AA61FBB:java.util.concurrent.CompletableFuture@f5785e5[Not completed]
2024-01-26 11:56:15,653 [5c737fdf-f228-4231-bbf6-1cc383ec73d2-groupManagement] INFO  server.RaftServer$Division (RaftServerImpl.java:<init>(256)) - 5c737fdf-f228-4231-bbf6-1cc383ec73d2: new RaftServerImpl for group-CB413AA61FBB:[5052cfc4-081a-46ed-8261-0b7a8ad7db0a|10.1.0.50:15032, 5c737fdf-f228-4231-bbf6-1cc383ec73d2|10.1.0.50:15023, 5e57565a-2fac-4b31-b24f-016e073e3d73|10.1.0.50:15014] with ContainerStateMachine:uninitialized
2024-01-26 11:56:15,653 [5c737fdf-f228-4231-bbf6-1cc383ec73d2-groupManagement] INFO  server.RaftServerConfigKeys (ConfUtils.java:logGet(46)) - raft.server.rpc.timeout.min = 5s (custom)
2024-01-26 11:56:15,653 [5c737fdf-f228-4231-bbf6-1cc383ec73d2-groupManagement] INFO  server.RaftServerConfigKeys (ConfUtils.java:logGet(46)) - raft.server.rpc.timeout.max = 5200ms (custom)
2024-01-26 11:56:15,653 [5c737fdf-f228-4231-bbf6-1cc383ec73d2-groupManagement] INFO  server.RaftServerConfigKeys (ConfUtils.java:logGet(46)) - raft.server.rpc.sleep.time = 25ms (default)
2024-01-26 11:56:15,653 [5c737fdf-f228-4231-bbf6-1cc383ec73d2-groupManagement] INFO  server.RaftServerConfigKeys (ConfUtils.java:logGet(46)) - raft.server.rpc.slowness.timeout = 300s (custom)
2024-01-26 11:56:15,654 [5c737fdf-f228-4231-bbf6-1cc383ec73d2-groupManagement] INFO  server.RaftServerConfigKeys (ConfUtils.java:logGet(46)) - raft.server.leaderelection.leader.step-down.wait-time = 10s (default)
2024-01-26 11:56:15,654 [5c737fdf-f228-4231-bbf6-1cc383ec73d2-groupManagement] INFO  server.RaftServerConfigKeys (ConfUtils.java:logGet(46)) - raft.server.leaderelection.member.majority-add = false (default)
2024-01-26 11:56:15,654 [5c737fdf-f228-4231-bbf6-1cc383ec73d2-groupManagement] INFO  server.RaftServerConfigKeys (ConfUtils.java:logGet(46)) - raft.server.sleep.deviation.threshold = 300ms (default)
2024-01-26 11:56:15,654 [5e57565a-2fac-4b31-b24f-016e073e3d73-groupManagement] INFO  server.RaftServer$Division (RaftServerImpl.java:<init>(256)) - 5e57565a-2fac-4b31-b24f-016e073e3d73: new RaftServerImpl for group-CB413AA61FBB:[5052cfc4-081a-46ed-8261-0b7a8ad7db0a|10.1.0.50:15032, 5c737fdf-f228-4231-bbf6-1cc383ec73d2|10.1.0.50:15023, 5e57565a-2fac-4b31-b24f-016e073e3d73|10.1.0.50:15014] with ContainerStateMachine:uninitialized
2024-01-26 11:56:15,654 [5c737fdf-f228-4231-bbf6-1cc383ec73d2-groupManagement] INFO  server.RaftServer$Division (ServerState.java:<init>(113)) - 5c737fdf-f228-4231-bbf6-1cc383ec73d2@group-CB413AA61FBB: ConfigurationManager, init=-1: peers:[5052cfc4-081a-46ed-8261-0b7a8ad7db0a|10.1.0.50:15032, 5c737fdf-f228-4231-bbf6-1cc383ec73d2|10.1.0.50:15023, 5e57565a-2fac-4b31-b24f-016e073e3d73|10.1.0.50:15014]|listeners:[], old=null, confs=<EMPTY_MAP>
2024-01-26 11:56:15,654 [5e57565a-2fac-4b31-b24f-016e073e3d73-groupManagement] INFO  server.RaftServerConfigKeys (ConfUtils.java:logGet(46)) - raft.server.rpc.timeout.min = 5s (custom)
2024-01-26 11:56:15,654 [5c737fdf-f228-4231-bbf6-1cc383ec73d2-groupManagement] INFO  server.RaftServerConfigKeys (ConfUtils.java:logGet(46)) - raft.server.notification.no-leader.timeout = 300s (custom)
2024-01-26 11:56:15,654 [5c737fdf-f228-4231-bbf6-1cc383ec73d2-groupManagement] INFO  server.RaftServerConfigKeys (ConfUtils.java:logGet(46)) - raft.server.read.timeout = 10s (default)
2024-01-26 11:56:15,654 [5c737fdf-f228-4231-bbf6-1cc383ec73d2-groupManagement] INFO  server.RaftServerConfigKeys (ConfUtils.java:logGet(46)) - raft.server.retrycache.expirytime = 600000ms (custom)
2024-01-26 11:56:15,654 [5c737fdf-f228-4231-bbf6-1cc383ec73d2-groupManagement] INFO  server.RaftServerConfigKeys (ConfUtils.java:logGet(46)) - raft.server.retrycache.statistics.expirytime = 100ms (default)
2024-01-26 11:56:15,654 [5c737fdf-f228-4231-bbf6-1cc383ec73d2-groupManagement] INFO  server.RaftServerConfigKeys (ConfUtils.java:logGet(46)) - raft.server.read.option = DEFAULT (default)
2024-01-26 11:56:15,654 [5c737fdf-f228-4231-bbf6-1cc383ec73d2-groupManagement] INFO  server.RaftServerConfigKeys (ConfUtils.java:logGet(46)) - raft.server.read.read-after-write-consistent.write-index-cache.expiry-time = 60s (default)
2024-01-26 11:56:15,654 [5e57565a-2fac-4b31-b24f-016e073e3d73-groupManagement] INFO  server.RaftServerConfigKeys (ConfUtils.java:logGet(46)) - raft.server.rpc.timeout.max = 5200ms (custom)
2024-01-26 11:56:15,655 [5e57565a-2fac-4b31-b24f-016e073e3d73-groupManagement] INFO  server.RaftServerConfigKeys (ConfUtils.java:logGet(46)) - raft.server.rpc.sleep.time = 25ms (default)
2024-01-26 11:56:15,655 [5e57565a-2fac-4b31-b24f-016e073e3d73-groupManagement] INFO  server.RaftServerConfigKeys (ConfUtils.java:logGet(46)) - raft.server.rpc.slowness.timeout = 300s (custom)
2024-01-26 11:56:15,655 [5e57565a-2fac-4b31-b24f-016e073e3d73-groupManagement] INFO  server.RaftServerConfigKeys (ConfUtils.java:logGet(46)) - raft.server.leaderelection.leader.step-down.wait-time = 10s (default)
2024-01-26 11:56:15,655 [5e57565a-2fac-4b31-b24f-016e073e3d73-groupManagement] INFO  server.RaftServerConfigKeys (ConfUtils.java:logGet(46)) - raft.server.leaderelection.member.majority-add = false (default)
2024-01-26 11:56:15,655 [5e57565a-2fac-4b31-b24f-016e073e3d73-groupManagement] INFO  server.RaftServerConfigKeys (ConfUtils.java:logGet(46)) - raft.server.sleep.deviation.threshold = 300ms (default)
2024-01-26 11:56:15,655 [5e57565a-2fac-4b31-b24f-016e073e3d73-groupManagement] INFO  server.RaftServer$Division (ServerState.java:<init>(113)) - 5e57565a-2fac-4b31-b24f-016e073e3d73@group-CB413AA61FBB: ConfigurationManager, init=-1: peers:[5052cfc4-081a-46ed-8261-0b7a8ad7db0a|10.1.0.50:15032, 5c737fdf-f228-4231-bbf6-1cc383ec73d2|10.1.0.50:15023, 5e57565a-2fac-4b31-b24f-016e073e3d73|10.1.0.50:15014]|listeners:[], old=null, confs=<EMPTY_MAP>
2024-01-26 11:56:15,655 [5e57565a-2fac-4b31-b24f-016e073e3d73-groupManagement] INFO  server.RaftServerConfigKeys (ConfUtils.java:logGet(46)) - raft.server.notification.no-leader.timeout = 300s (custom)
2024-01-26 11:56:15,656 [5e57565a-2fac-4b31-b24f-016e073e3d73-groupManagement] INFO  server.RaftServerConfigKeys (ConfUtils.java:logGet(46)) - raft.server.read.timeout = 10s (default)
2024-01-26 11:56:15,656 [5e57565a-2fac-4b31-b24f-016e073e3d73-groupManagement] INFO  server.RaftServerConfigKeys (ConfUtils.java:logGet(46)) - raft.server.retrycache.expirytime = 600000ms (custom)
2024-01-26 11:56:15,656 [5e57565a-2fac-4b31-b24f-016e073e3d73-groupManagement] INFO  server.RaftServerConfigKeys (ConfUtils.java:logGet(46)) - raft.server.retrycache.statistics.expirytime = 100ms (default)
2024-01-26 11:56:15,656 [5052cfc4-081a-46ed-8261-0b7a8ad7db0a-groupManagement] INFO  server.RaftServer$Division (RaftServerImpl.java:<init>(256)) - 5052cfc4-081a-46ed-8261-0b7a8ad7db0a: new RaftServerImpl for group-CB413AA61FBB:[5052cfc4-081a-46ed-8261-0b7a8ad7db0a|10.1.0.50:15032, 5c737fdf-f228-4231-bbf6-1cc383ec73d2|10.1.0.50:15023, 5e57565a-2fac-4b31-b24f-016e073e3d73|10.1.0.50:15014] with ContainerStateMachine:uninitialized
2024-01-26 11:56:15,656 [5e57565a-2fac-4b31-b24f-016e073e3d73-groupManagement] INFO  server.RaftServerConfigKeys (ConfUtils.java:logGet(46)) - raft.server.read.option = DEFAULT (default)
2024-01-26 11:56:15,656 [5e57565a-2fac-4b31-b24f-016e073e3d73-groupManagement] INFO  server.RaftServerConfigKeys (ConfUtils.java:logGet(46)) - raft.server.read.read-after-write-consistent.write-index-cache.expiry-time = 60s (default)
2024-01-26 11:56:15,656 [5052cfc4-081a-46ed-8261-0b7a8ad7db0a-groupManagement] INFO  server.RaftServerConfigKeys (ConfUtils.java:logGet(46)) - raft.server.rpc.timeout.min = 5s (custom)
2024-01-26 11:56:15,657 [5052cfc4-081a-46ed-8261-0b7a8ad7db0a-groupManagement] INFO  server.RaftServerConfigKeys (ConfUtils.java:logGet(46)) - raft.server.rpc.timeout.max = 5200ms (custom)
2024-01-26 11:56:15,657 [5052cfc4-081a-46ed-8261-0b7a8ad7db0a-groupManagement] INFO  server.RaftServerConfigKeys (ConfUtils.java:logGet(46)) - raft.server.rpc.sleep.time = 25ms (default)
2024-01-26 11:56:15,657 [5052cfc4-081a-46ed-8261-0b7a8ad7db0a-groupManagement] INFO  server.RaftServerConfigKeys (ConfUtils.java:logGet(46)) - raft.server.rpc.slowness.timeout = 300s (custom)
2024-01-26 11:56:15,657 [5052cfc4-081a-46ed-8261-0b7a8ad7db0a-groupManagement] INFO  server.RaftServerConfigKeys (ConfUtils.java:logGet(46)) - raft.server.leaderelection.leader.step-down.wait-time = 10s (default)
2024-01-26 11:56:15,657 [5052cfc4-081a-46ed-8261-0b7a8ad7db0a-groupManagement] INFO  server.RaftServerConfigKeys (ConfUtils.java:logGet(46)) - raft.server.leaderelection.member.majority-add = false (default)
2024-01-26 11:56:15,657 [5052cfc4-081a-46ed-8261-0b7a8ad7db0a-groupManagement] INFO  server.RaftServerConfigKeys (ConfUtils.java:logGet(46)) - raft.server.sleep.deviation.threshold = 300ms (default)
2024-01-26 11:56:15,658 [5052cfc4-081a-46ed-8261-0b7a8ad7db0a-groupManagement] INFO  server.RaftServer$Division (ServerState.java:<init>(113)) - 5052cfc4-081a-46ed-8261-0b7a8ad7db0a@group-CB413AA61FBB: ConfigurationManager, init=-1: peers:[5052cfc4-081a-46ed-8261-0b7a8ad7db0a|10.1.0.50:15032, 5c737fdf-f228-4231-bbf6-1cc383ec73d2|10.1.0.50:15023, 5e57565a-2fac-4b31-b24f-016e073e3d73|10.1.0.50:15014]|listeners:[], old=null, confs=<EMPTY_MAP>
2024-01-26 11:56:15,658 [5052cfc4-081a-46ed-8261-0b7a8ad7db0a-groupManagement] INFO  server.RaftServerConfigKeys (ConfUtils.java:logGet(46)) - raft.server.notification.no-leader.timeout = 300s (custom)
2024-01-26 11:56:15,658 [5052cfc4-081a-46ed-8261-0b7a8ad7db0a-groupManagement] INFO  server.RaftServerConfigKeys (ConfUtils.java:logGet(46)) - raft.server.read.timeout = 10s (default)
2024-01-26 11:56:15,658 [5052cfc4-081a-46ed-8261-0b7a8ad7db0a-groupManagement] INFO  server.RaftServerConfigKeys (ConfUtils.java:logGet(46)) - raft.server.retrycache.expirytime = 600000ms (custom)
2024-01-26 11:56:15,658 [5052cfc4-081a-46ed-8261-0b7a8ad7db0a-groupManagement] INFO  server.RaftServerConfigKeys (ConfUtils.java:logGet(46)) - raft.server.retrycache.statistics.expirytime = 100ms (default)
2024-01-26 11:56:15,658 [5052cfc4-081a-46ed-8261-0b7a8ad7db0a-groupManagement] INFO  server.RaftServerConfigKeys (ConfUtils.java:logGet(46)) - raft.server.read.option = DEFAULT (default)
2024-01-26 11:56:15,658 [5052cfc4-081a-46ed-8261-0b7a8ad7db0a-groupManagement] INFO  server.RaftServerConfigKeys (ConfUtils.java:logGet(46)) - raft.server.read.read-after-write-consistent.write-index-cache.expiry-time = 60s (default)
2024-01-26 11:56:15,661 [5e57565a-2fac-4b31-b24f-016e073e3d73-groupManagement] INFO  server.RaftServerConfigKeys (ConfUtils.java:logGet(46)) - raft.server.rpc.request.timeout = 60s (custom)
2024-01-26 11:56:15,661 [5e57565a-2fac-4b31-b24f-016e073e3d73-groupManagement] INFO  server.RaftServerConfigKeys (ConfUtils.java:logGet(46)) - raft.server.log.appender.install.snapshot.enabled = false (custom)
2024-01-26 11:56:15,661 [5e57565a-2fac-4b31-b24f-016e073e3d73-groupManagement] INFO  server.RaftServerConfigKeys (ConfUtils.java:logGet(46)) - raft.server.threadpool.server.cached = true (default)
2024-01-26 11:56:15,661 [5e57565a-2fac-4b31-b24f-016e073e3d73-groupManagement] INFO  server.RaftServerConfigKeys (ConfUtils.java:logGet(46)) - raft.server.threadpool.server.size = 0 (default)
2024-01-26 11:56:15,662 [5e57565a-2fac-4b31-b24f-016e073e3d73-groupManagement] INFO  server.RaftServerConfigKeys (ConfUtils.java:logGet(46)) - raft.server.threadpool.client.cached = true (default)
2024-01-26 11:56:15,662 [5e57565a-2fac-4b31-b24f-016e073e3d73-groupManagement] INFO  server.RaftServerConfigKeys (ConfUtils.java:logGet(46)) - raft.server.threadpool.client.size = 0 (default)
2024-01-26 11:56:15,662 [5e57565a-2fac-4b31-b24f-016e073e3d73-groupManagement] INFO  server.RaftServerConfigKeys (ConfUtils.java:logGet(46)) - raft.server.storage.free-space.min = 0MB (=0) (default)
2024-01-26 11:56:15,662 [5e57565a-2fac-4b31-b24f-016e073e3d73-groupManagement] INFO  server.RaftServerConfigKeys (ConfUtils.java:logGet(46)) - raft.server.log.corruption.policy = EXCEPTION (default)
2024-01-26 11:56:15,662 [5e57565a-2fac-4b31-b24f-016e073e3d73-groupManagement] INFO  server.RaftServerConfigKeys (ConfUtils.java:logGet(46)) - raft.server.storage.dir = [/home/runner/work/ozone/ozone/hadoop-ozone/integration-test/target/test-dir/MiniOzoneClusterImpl-b54bfeae-1ef8-4c1d-b639-09e56ef7dc0e/datanode-0/data/ratis] (custom)
2024-01-26 11:56:15,663 [5e57565a-2fac-4b31-b24f-016e073e3d73-groupManagement] INFO  storage.RaftStorageDirectory (RaftStorageDirectoryImpl.java:analyzeStorage(138)) - The storage directory /home/runner/work/ozone/ozone/hadoop-ozone/integration-test/target/test-dir/MiniOzoneClusterImpl-b54bfeae-1ef8-4c1d-b639-09e56ef7dc0e/datanode-0/data/ratis/998bf58e-5fa1-4369-b33d-cb413aa61fbb does not exist. Creating ...
2024-01-26 11:56:15,664 [5052cfc4-081a-46ed-8261-0b7a8ad7db0a-groupManagement] INFO  server.RaftServerConfigKeys (ConfUtils.java:logGet(46)) - raft.server.rpc.request.timeout = 60s (custom)
2024-01-26 11:56:15,664 [5052cfc4-081a-46ed-8261-0b7a8ad7db0a-groupManagement] INFO  server.RaftServerConfigKeys (ConfUtils.java:logGet(46)) - raft.server.log.appender.install.snapshot.enabled = false (custom)
2024-01-26 11:56:15,664 [5052cfc4-081a-46ed-8261-0b7a8ad7db0a-groupManagement] INFO  server.RaftServerConfigKeys (ConfUtils.java:logGet(46)) - raft.server.threadpool.server.cached = true (default)
2024-01-26 11:56:15,664 [5052cfc4-081a-46ed-8261-0b7a8ad7db0a-groupManagement] INFO  server.RaftServerConfigKeys (ConfUtils.java:logGet(46)) - raft.server.threadpool.server.size = 0 (default)
2024-01-26 11:56:15,664 [5e57565a-2fac-4b31-b24f-016e073e3d73-groupManagement] INFO  storage.RaftStorageDirectory (RaftStorageDirectoryImpl.java:tryLock(228)) - Lock on /home/runner/work/ozone/ozone/hadoop-ozone/integration-test/target/test-dir/MiniOzoneClusterImpl-b54bfeae-1ef8-4c1d-b639-09e56ef7dc0e/datanode-0/data/ratis/998bf58e-5fa1-4369-b33d-cb413aa61fbb/in_use.lock acquired by nodename 67451@fv-az1250-627
2024-01-26 11:56:15,664 [5052cfc4-081a-46ed-8261-0b7a8ad7db0a-groupManagement] INFO  server.RaftServerConfigKeys (ConfUtils.java:logGet(46)) - raft.server.threadpool.client.cached = true (default)
2024-01-26 11:56:15,664 [5052cfc4-081a-46ed-8261-0b7a8ad7db0a-groupManagement] INFO  server.RaftServerConfigKeys (ConfUtils.java:logGet(46)) - raft.server.threadpool.client.size = 0 (default)
2024-01-26 11:56:15,664 [5052cfc4-081a-46ed-8261-0b7a8ad7db0a-groupManagement] INFO  server.RaftServerConfigKeys (ConfUtils.java:logGet(46)) - raft.server.storage.free-space.min = 0MB (=0) (default)
2024-01-26 11:56:15,665 [5052cfc4-081a-46ed-8261-0b7a8ad7db0a-groupManagement] INFO  server.RaftServerConfigKeys (ConfUtils.java:logGet(46)) - raft.server.log.corruption.policy = EXCEPTION (default)
2024-01-26 11:56:15,665 [5052cfc4-081a-46ed-8261-0b7a8ad7db0a-groupManagement] INFO  server.RaftServerConfigKeys (ConfUtils.java:logGet(46)) - raft.server.storage.dir = [/home/runner/work/ozone/ozone/hadoop-ozone/integration-test/target/test-dir/MiniOzoneClusterImpl-b54bfeae-1ef8-4c1d-b639-09e56ef7dc0e/datanode-2/data/ratis] (custom)
2024-01-26 11:56:15,665 [5052cfc4-081a-46ed-8261-0b7a8ad7db0a-groupManagement] INFO  storage.RaftStorageDirectory (RaftStorageDirectoryImpl.java:analyzeStorage(138)) - The storage directory /home/runner/work/ozone/ozone/hadoop-ozone/integration-test/target/test-dir/MiniOzoneClusterImpl-b54bfeae-1ef8-4c1d-b639-09e56ef7dc0e/datanode-2/data/ratis/998bf58e-5fa1-4369-b33d-cb413aa61fbb does not exist. Creating ...
2024-01-26 11:56:15,665 [5c737fdf-f228-4231-bbf6-1cc383ec73d2-groupManagement] INFO  server.RaftServerConfigKeys (ConfUtils.java:logGet(46)) - raft.server.rpc.request.timeout = 60s (custom)
2024-01-26 11:56:15,665 [5c737fdf-f228-4231-bbf6-1cc383ec73d2-groupManagement] INFO  server.RaftServerConfigKeys (ConfUtils.java:logGet(46)) - raft.server.log.appender.install.snapshot.enabled = false (custom)
2024-01-26 11:56:15,666 [5c737fdf-f228-4231-bbf6-1cc383ec73d2-groupManagement] INFO  server.RaftServerConfigKeys (ConfUtils.java:logGet(46)) - raft.server.threadpool.server.cached = true (default)
2024-01-26 11:56:15,666 [5c737fdf-f228-4231-bbf6-1cc383ec73d2-groupManagement] INFO  server.RaftServerConfigKeys (ConfUtils.java:logGet(46)) - raft.server.threadpool.server.size = 0 (default)
2024-01-26 11:56:15,666 [5c737fdf-f228-4231-bbf6-1cc383ec73d2-groupManagement] INFO  server.RaftServerConfigKeys (ConfUtils.java:logGet(46)) - raft.server.threadpool.client.cached = true (default)
2024-01-26 11:56:15,666 [5c737fdf-f228-4231-bbf6-1cc383ec73d2-groupManagement] INFO  server.RaftServerConfigKeys (ConfUtils.java:logGet(46)) - raft.server.threadpool.client.size = 0 (default)
2024-01-26 11:56:15,666 [5c737fdf-f228-4231-bbf6-1cc383ec73d2-groupManagement] INFO  server.RaftServerConfigKeys (ConfUtils.java:logGet(46)) - raft.server.storage.free-space.min = 0MB (=0) (default)
2024-01-26 11:56:15,667 [5c737fdf-f228-4231-bbf6-1cc383ec73d2-groupManagement] INFO  server.RaftServerConfigKeys (ConfUtils.java:logGet(46)) - raft.server.log.corruption.policy = EXCEPTION (default)
2024-01-26 11:56:15,667 [5c737fdf-f228-4231-bbf6-1cc383ec73d2-groupManagement] INFO  server.RaftServerConfigKeys (ConfUtils.java:logGet(46)) - raft.server.storage.dir = [/home/runner/work/ozone/ozone/hadoop-ozone/integration-test/target/test-dir/MiniOzoneClusterImpl-b54bfeae-1ef8-4c1d-b639-09e56ef7dc0e/datanode-1/data/ratis] (custom)
2024-01-26 11:56:15,667 [5c737fdf-f228-4231-bbf6-1cc383ec73d2-groupManagement] INFO  storage.RaftStorageDirectory (RaftStorageDirectoryImpl.java:analyzeStorage(138)) - The storage directory /home/runner/work/ozone/ozone/hadoop-ozone/integration-test/target/test-dir/MiniOzoneClusterImpl-b54bfeae-1ef8-4c1d-b639-09e56ef7dc0e/datanode-1/data/ratis/998bf58e-5fa1-4369-b33d-cb413aa61fbb does not exist. Creating ...
2024-01-26 11:56:15,666 [5052cfc4-081a-46ed-8261-0b7a8ad7db0a-groupManagement] INFO  storage.RaftStorageDirectory (RaftStorageDirectoryImpl.java:tryLock(228)) - Lock on /home/runner/work/ozone/ozone/hadoop-ozone/integration-test/target/test-dir/MiniOzoneClusterImpl-b54bfeae-1ef8-4c1d-b639-09e56ef7dc0e/datanode-2/data/ratis/998bf58e-5fa1-4369-b33d-cb413aa61fbb/in_use.lock acquired by nodename 67451@fv-az1250-627
2024-01-26 11:56:15,667 [5e57565a-2fac-4b31-b24f-016e073e3d73-groupManagement] INFO  storage.RaftStorage (RaftStorageImpl.java:format(99)) - Storage directory /home/runner/work/ozone/ozone/hadoop-ozone/integration-test/target/test-dir/MiniOzoneClusterImpl-b54bfeae-1ef8-4c1d-b639-09e56ef7dc0e/datanode-0/data/ratis/998bf58e-5fa1-4369-b33d-cb413aa61fbb has been successfully formatted.
2024-01-26 11:56:15,668 [5e57565a-2fac-4b31-b24f-016e073e3d73-groupManagement] WARN  util.FileUtils (LogUtils.java:supplyAndLog(63)) - Failed to Files.newInputStream /home/runner/work/ozone/ozone/hadoop-ozone/integration-test/target/test-dir/MiniOzoneClusterImpl-b54bfeae-1ef8-4c1d-b639-09e56ef7dc0e/datanode-0/data/ratis/998bf58e-5fa1-4369-b33d-cb413aa61fbb/current/raft-meta.conf with options []: java.nio.file.NoSuchFileException: /home/runner/work/ozone/ozone/hadoop-ozone/integration-test/target/test-dir/MiniOzoneClusterImpl-b54bfeae-1ef8-4c1d-b639-09e56ef7dc0e/datanode-0/data/ratis/998bf58e-5fa1-4369-b33d-cb413aa61fbb/current/raft-meta.conf
2024-01-26 11:56:15,668 [5c737fdf-f228-4231-bbf6-1cc383ec73d2-groupManagement] INFO  storage.RaftStorageDirectory (RaftStorageDirectoryImpl.java:tryLock(228)) - Lock on /home/runner/work/ozone/ozone/hadoop-ozone/integration-test/target/test-dir/MiniOzoneClusterImpl-b54bfeae-1ef8-4c1d-b639-09e56ef7dc0e/datanode-1/data/ratis/998bf58e-5fa1-4369-b33d-cb413aa61fbb/in_use.lock acquired by nodename 67451@fv-az1250-627
2024-01-26 11:56:15,668 [5e57565a-2fac-4b31-b24f-016e073e3d73-groupManagement] INFO  ratis.ContainerStateMachine (ContainerStateMachine.java:loadSnapshot(287)) - group-CB413AA61FBB: The snapshot info is null. Setting the last applied index to:(t:0, i:~)
2024-01-26 11:56:15,669 [5e57565a-2fac-4b31-b24f-016e073e3d73-groupManagement] INFO  server.RaftServerConfigKeys (ConfUtils.java:logGet(46)) - raft.server.log.use.memory = false (default)
2024-01-26 11:56:15,669 [5e57565a-2fac-4b31-b24f-016e073e3d73-groupManagement] INFO  server.RaftServerConfigKeys (ConfUtils.java:logGet(46)) - raft.server.log.purge.gap = 1000000 (custom)
2024-01-26 11:56:15,669 [5e57565a-2fac-4b31-b24f-016e073e3d73-groupManagement] INFO  server.RaftServerConfigKeys (ConfUtils.java:logGet(46)) - raft.server.log.appender.buffer.byte-limit = 8388608 (custom)
2024-01-26 11:56:15,669 [5e57565a-2fac-4b31-b24f-016e073e3d73-groupManagement] INFO  server.RaftServerConfigKeys (ConfUtils.java:logGet(46)) - raft.server.log.statemachine.data.read.timeout = 1000ms (default)
2024-01-26 11:56:15,669 [5e57565a-2fac-4b31-b24f-016e073e3d73-groupManagement] INFO  server.RaftServerConfigKeys (ConfUtils.java:logGet(46)) - raft.server.log.purge.preservation.log.num = 0 (default)
2024-01-26 11:56:15,668 [5052cfc4-081a-46ed-8261-0b7a8ad7db0a-groupManagement] INFO  storage.RaftStorage (RaftStorageImpl.java:format(99)) - Storage directory /home/runner/work/ozone/ozone/hadoop-ozone/integration-test/target/test-dir/MiniOzoneClusterImpl-b54bfeae-1ef8-4c1d-b639-09e56ef7dc0e/datanode-2/data/ratis/998bf58e-5fa1-4369-b33d-cb413aa61fbb has been successfully formatted.
2024-01-26 11:56:15,670 [5052cfc4-081a-46ed-8261-0b7a8ad7db0a-groupManagement] WARN  util.FileUtils (LogUtils.java:supplyAndLog(63)) - Failed to Files.newInputStream /home/runner/work/ozone/ozone/hadoop-ozone/integration-test/target/test-dir/MiniOzoneClusterImpl-b54bfeae-1ef8-4c1d-b639-09e56ef7dc0e/datanode-2/data/ratis/998bf58e-5fa1-4369-b33d-cb413aa61fbb/current/raft-meta.conf with options []: java.nio.file.NoSuchFileException: /home/runner/work/ozone/ozone/hadoop-ozone/integration-test/target/test-dir/MiniOzoneClusterImpl-b54bfeae-1ef8-4c1d-b639-09e56ef7dc0e/datanode-2/data/ratis/998bf58e-5fa1-4369-b33d-cb413aa61fbb/current/raft-meta.conf
2024-01-26 11:56:15,670 [5c737fdf-f228-4231-bbf6-1cc383ec73d2-groupManagement] INFO  storage.RaftStorage (RaftStorageImpl.java:format(99)) - Storage directory /home/runner/work/ozone/ozone/hadoop-ozone/integration-test/target/test-dir/MiniOzoneClusterImpl-b54bfeae-1ef8-4c1d-b639-09e56ef7dc0e/datanode-1/data/ratis/998bf58e-5fa1-4369-b33d-cb413aa61fbb has been successfully formatted.
2024-01-26 11:56:15,671 [5c737fdf-f228-4231-bbf6-1cc383ec73d2-groupManagement] WARN  util.FileUtils (LogUtils.java:supplyAndLog(63)) - Failed to Files.newInputStream /home/runner/work/ozone/ozone/hadoop-ozone/integration-test/target/test-dir/MiniOzoneClusterImpl-b54bfeae-1ef8-4c1d-b639-09e56ef7dc0e/datanode-1/data/ratis/998bf58e-5fa1-4369-b33d-cb413aa61fbb/current/raft-meta.conf with options []: java.nio.file.NoSuchFileException: /home/runner/work/ozone/ozone/hadoop-ozone/integration-test/target/test-dir/MiniOzoneClusterImpl-b54bfeae-1ef8-4c1d-b639-09e56ef7dc0e/datanode-1/data/ratis/998bf58e-5fa1-4369-b33d-cb413aa61fbb/current/raft-meta.conf
2024-01-26 11:56:15,671 [5052cfc4-081a-46ed-8261-0b7a8ad7db0a-groupManagement] INFO  ratis.ContainerStateMachine (ContainerStateMachine.java:loadSnapshot(287)) - group-CB413AA61FBB: The snapshot info is null. Setting the last applied index to:(t:0, i:~)
2024-01-26 11:56:15,676 [5052cfc4-081a-46ed-8261-0b7a8ad7db0a-groupManagement] INFO  server.RaftServerConfigKeys (ConfUtils.java:logGet(46)) - raft.server.log.use.memory = false (default)
2024-01-26 11:56:15,676 [5052cfc4-081a-46ed-8261-0b7a8ad7db0a-groupManagement] INFO  server.RaftServerConfigKeys (ConfUtils.java:logGet(46)) - raft.server.log.purge.gap = 1000000 (custom)
2024-01-26 11:56:15,676 [5052cfc4-081a-46ed-8261-0b7a8ad7db0a-groupManagement] INFO  server.RaftServerConfigKeys (ConfUtils.java:logGet(46)) - raft.server.log.appender.buffer.byte-limit = 8388608 (custom)
2024-01-26 11:56:15,675 [5c737fdf-f228-4231-bbf6-1cc383ec73d2-groupManagement] INFO  ratis.ContainerStateMachine (ContainerStateMachine.java:loadSnapshot(287)) - group-CB413AA61FBB: The snapshot info is null. Setting the last applied index to:(t:0, i:~)
2024-01-26 11:56:15,675 [EventQueue-OpenPipelineForHealthyPipelineSafeModeRule] INFO  safemode.SCMSafeModeManager (HealthyPipelineSafeModeRule.java:process(140)) - SCM in safe mode. Healthy pipelines reported count is 0, required healthy pipeline reported count is 1
2024-01-26 11:56:15,674 [5e57565a-2fac-4b31-b24f-016e073e3d73-groupManagement] INFO  server.RaftServerConfigKeys (ConfUtils.java:logGet(46)) - raft.server.log.segment.size.max = 67108864 (custom)
2024-01-26 11:56:15,681 [EventQueue-OpenPipelineForHealthyPipelineSafeModeRule] INFO  safemode.SCMSafeModeManager (HealthyPipelineSafeModeRule.java:process(140)) - SCM in safe mode. Healthy pipelines reported count is 0, required healthy pipeline reported count is 1
2024-01-26 11:56:15,682 [EventQueue-OpenPipelineForHealthyPipelineSafeModeRule] INFO  safemode.SCMSafeModeManager (HealthyPipelineSafeModeRule.java:process(140)) - SCM in safe mode. Healthy pipelines reported count is 0, required healthy pipeline reported count is 1
2024-01-26 11:56:15,682 [5e57565a-2fac-4b31-b24f-016e073e3d73-groupManagement] INFO  server.RaftServerConfigKeys (ConfUtils.java:logGet(46)) - raft.server.log.segment.cache.num.max = 2 (custom)
2024-01-26 11:56:15,682 [5e57565a-2fac-4b31-b24f-016e073e3d73-groupManagement] INFO  server.RaftServerConfigKeys (ConfUtils.java:logGet(46)) - raft.server.log.segment.cache.size.max = 200MB (=209715200) (default)
2024-01-26 11:56:15,682 [5e57565a-2fac-4b31-b24f-016e073e3d73-groupManagement] INFO  server.RaftServerConfigKeys (ConfUtils.java:logGet(46)) - raft.server.log.appender.buffer.byte-limit = 8388608 (custom)
2024-01-26 11:56:15,681 [5c737fdf-f228-4231-bbf6-1cc383ec73d2-groupManagement] INFO  server.RaftServerConfigKeys (ConfUtils.java:logGet(46)) - raft.server.log.use.memory = false (default)
2024-01-26 11:56:15,682 [5c737fdf-f228-4231-bbf6-1cc383ec73d2-groupManagement] INFO  server.RaftServerConfigKeys (ConfUtils.java:logGet(46)) - raft.server.log.purge.gap = 1000000 (custom)
2024-01-26 11:56:15,682 [5c737fdf-f228-4231-bbf6-1cc383ec73d2-groupManagement] INFO  server.RaftServerConfigKeys (ConfUtils.java:logGet(46)) - raft.server.log.appender.buffer.byte-limit = 8388608 (custom)
2024-01-26 11:56:15,683 [5c737fdf-f228-4231-bbf6-1cc383ec73d2-groupManagement] INFO  server.RaftServerConfigKeys (ConfUtils.java:logGet(46)) - raft.server.log.statemachine.data.read.timeout = 1000ms (default)
2024-01-26 11:56:15,683 [5c737fdf-f228-4231-bbf6-1cc383ec73d2-groupManagement] INFO  server.RaftServerConfigKeys (ConfUtils.java:logGet(46)) - raft.server.log.purge.preservation.log.num = 0 (default)
2024-01-26 11:56:15,684 [5c737fdf-f228-4231-bbf6-1cc383ec73d2-groupManagement] INFO  server.RaftServerConfigKeys (ConfUtils.java:logGet(46)) - raft.server.log.segment.size.max = 67108864 (custom)
2024-01-26 11:56:15,684 [5c737fdf-f228-4231-bbf6-1cc383ec73d2-groupManagement] INFO  server.RaftServerConfigKeys (ConfUtils.java:logGet(46)) - raft.server.log.segment.cache.num.max = 2 (custom)
2024-01-26 11:56:15,684 [5c737fdf-f228-4231-bbf6-1cc383ec73d2-groupManagement] INFO  server.RaftServerConfigKeys (ConfUtils.java:logGet(46)) - raft.server.log.segment.cache.size.max = 200MB (=209715200) (default)
2024-01-26 11:56:15,684 [5c737fdf-f228-4231-bbf6-1cc383ec73d2-groupManagement] INFO  server.RaftServerConfigKeys (ConfUtils.java:logGet(46)) - raft.server.log.appender.buffer.byte-limit = 8388608 (custom)
2024-01-26 11:56:15,681 [5052cfc4-081a-46ed-8261-0b7a8ad7db0a-groupManagement] INFO  server.RaftServerConfigKeys (ConfUtils.java:logGet(46)) - raft.server.log.statemachine.data.read.timeout = 1000ms (default)
2024-01-26 11:56:15,685 [5052cfc4-081a-46ed-8261-0b7a8ad7db0a-groupManagement] INFO  server.RaftServerConfigKeys (ConfUtils.java:logGet(46)) - raft.server.log.purge.preservation.log.num = 0 (default)
2024-01-26 11:56:15,687 [5052cfc4-081a-46ed-8261-0b7a8ad7db0a-groupManagement] INFO  server.RaftServerConfigKeys (ConfUtils.java:logGet(46)) - raft.server.log.segment.size.max = 67108864 (custom)
2024-01-26 11:56:15,688 [5052cfc4-081a-46ed-8261-0b7a8ad7db0a-groupManagement] INFO  server.RaftServerConfigKeys (ConfUtils.java:logGet(46)) - raft.server.log.segment.cache.num.max = 2 (custom)
2024-01-26 11:56:15,688 [5052cfc4-081a-46ed-8261-0b7a8ad7db0a-groupManagement] INFO  server.RaftServerConfigKeys (ConfUtils.java:logGet(46)) - raft.server.log.segment.cache.size.max = 200MB (=209715200) (default)
2024-01-26 11:56:15,688 [5052cfc4-081a-46ed-8261-0b7a8ad7db0a-groupManagement] INFO  server.RaftServerConfigKeys (ConfUtils.java:logGet(46)) - raft.server.log.appender.buffer.byte-limit = 8388608 (custom)
2024-01-26 11:56:15,688 [5e57565a-2fac-4b31-b24f-016e073e3d73-groupManagement] INFO  util.AwaitToRun (AwaitToRun.java:start(81)) - Thread[5e57565a-2fac-4b31-b24f-016e073e3d73@group-CB413AA61FBB-cacheEviction-AwaitToRun,5,main] started
2024-01-26 11:56:15,689 [5e57565a-2fac-4b31-b24f-016e073e3d73-groupManagement] INFO  segmented.SegmentedRaftLogWorker (SegmentedRaftLogWorker.java:<init>(182)) - new 5e57565a-2fac-4b31-b24f-016e073e3d73@group-CB413AA61FBB-SegmentedRaftLogWorker for RaftStorageImpl:Storage Directory /home/runner/work/ozone/ozone/hadoop-ozone/integration-test/target/test-dir/MiniOzoneClusterImpl-b54bfeae-1ef8-4c1d-b639-09e56ef7dc0e/datanode-0/data/ratis/998bf58e-5fa1-4369-b33d-cb413aa61fbb
2024-01-26 11:56:15,689 [5e57565a-2fac-4b31-b24f-016e073e3d73-groupManagement] INFO  server.RaftServerConfigKeys (ConfUtils.java:logGet(46)) - raft.server.log.queue.byte-limit = 4294967296 (custom)
2024-01-26 11:56:15,689 [5e57565a-2fac-4b31-b24f-016e073e3d73-groupManagement] INFO  server.RaftServerConfigKeys (ConfUtils.java:logGet(46)) - raft.server.log.queue.element-limit = 1024 (custom)
2024-01-26 11:56:15,689 [5e57565a-2fac-4b31-b24f-016e073e3d73-groupManagement] INFO  server.RaftServerConfigKeys (ConfUtils.java:logGet(46)) - raft.server.log.segment.size.max = 67108864 (custom)
2024-01-26 11:56:15,689 [5e57565a-2fac-4b31-b24f-016e073e3d73-groupManagement] INFO  server.RaftServerConfigKeys (ConfUtils.java:logGet(46)) - raft.server.log.preallocated.size = 4194304 (custom)
2024-01-26 11:56:15,689 [5e57565a-2fac-4b31-b24f-016e073e3d73-groupManagement] INFO  server.RaftServerConfigKeys (ConfUtils.java:logGet(46)) - raft.server.log.force.sync.num = 128 (default)
2024-01-26 11:56:15,689 [5e57565a-2fac-4b31-b24f-016e073e3d73-groupManagement] INFO  server.RaftServerConfigKeys (ConfUtils.java:logGet(46)) - raft.server.log.statemachine.data.sync = true (default)
2024-01-26 11:56:15,689 [5e57565a-2fac-4b31-b24f-016e073e3d73-groupManagement] INFO  server.RaftServerConfigKeys (ConfUtils.java:logGet(46)) - raft.server.log.statemachine.data.sync.timeout = 10s (default)
2024-01-26 11:56:15,689 [5e57565a-2fac-4b31-b24f-016e073e3d73-groupManagement] INFO  server.RaftServerConfigKeys (ConfUtils.java:logGet(46)) - raft.server.log.statemachine.data.sync.timeout.retry = 0 (custom)
2024-01-26 11:56:15,690 [5e57565a-2fac-4b31-b24f-016e073e3d73-groupManagement] INFO  server.RaftServerConfigKeys (ConfUtils.java:logGet(46)) - raft.server.log.write.buffer.size = 8388616 (custom)
2024-01-26 11:56:15,691 [5e57565a-2fac-4b31-b24f-016e073e3d73-groupManagement] INFO  server.RaftServerConfigKeys (ConfUtils.java:logGet(46)) - raft.server.log.appender.buffer.byte-limit = 8388608 (custom)
2024-01-26 11:56:15,691 [5e57565a-2fac-4b31-b24f-016e073e3d73-groupManagement] INFO  server.RaftServerConfigKeys (ConfUtils.java:logGet(46)) - raft.server.log.unsafe-flush.enabled = false (default)
2024-01-26 11:56:15,691 [5e57565a-2fac-4b31-b24f-016e073e3d73-groupManagement] INFO  server.RaftServerConfigKeys (ConfUtils.java:logGet(46)) - raft.server.log.async-flush.enabled = false (default)
2024-01-26 11:56:15,692 [5e57565a-2fac-4b31-b24f-016e073e3d73-groupManagement] INFO  server.RaftServerConfigKeys (ConfUtils.java:logGet(46)) - raft.server.log.statemachine.data.caching.enabled = true (custom)
2024-01-26 11:56:15,692 [5e57565a-2fac-4b31-b24f-016e073e3d73-groupManagement] INFO  segmented.SegmentedRaftLogWorker (SegmentedRaftLogWorker.java:lambda$new$0(134)) - 5e57565a-2fac-4b31-b24f-016e073e3d73@group-CB413AA61FBB-SegmentedRaftLogWorker: flushIndex: setUnconditionally 0 -> -1
2024-01-26 11:56:15,692 [5e57565a-2fac-4b31-b24f-016e073e3d73-groupManagement] INFO  segmented.SegmentedRaftLogWorker (SegmentedRaftLogWorker.java:lambda$new$0(134)) - 5e57565a-2fac-4b31-b24f-016e073e3d73@group-CB413AA61FBB-SegmentedRaftLogWorker: safeCacheEvictIndex: setUnconditionally 0 -> -1
2024-01-26 11:56:15,694 [5052cfc4-081a-46ed-8261-0b7a8ad7db0a-groupManagement] INFO  util.AwaitToRun (AwaitToRun.java:start(81)) - Thread[5052cfc4-081a-46ed-8261-0b7a8ad7db0a@group-CB413AA61FBB-cacheEviction-AwaitToRun,5,main] started
2024-01-26 11:56:15,694 [5052cfc4-081a-46ed-8261-0b7a8ad7db0a-groupManagement] INFO  segmented.SegmentedRaftLogWorker (SegmentedRaftLogWorker.java:<init>(182)) - new 5052cfc4-081a-46ed-8261-0b7a8ad7db0a@group-CB413AA61FBB-SegmentedRaftLogWorker for RaftStorageImpl:Storage Directory /home/runner/work/ozone/ozone/hadoop-ozone/integration-test/target/test-dir/MiniOzoneClusterImpl-b54bfeae-1ef8-4c1d-b639-09e56ef7dc0e/datanode-2/data/ratis/998bf58e-5fa1-4369-b33d-cb413aa61fbb
2024-01-26 11:56:15,694 [5052cfc4-081a-46ed-8261-0b7a8ad7db0a-groupManagement] INFO  server.RaftServerConfigKeys (ConfUtils.java:logGet(46)) - raft.server.log.queue.byte-limit = 4294967296 (custom)
2024-01-26 11:56:15,694 [5052cfc4-081a-46ed-8261-0b7a8ad7db0a-groupManagement] INFO  server.RaftServerConfigKeys (ConfUtils.java:logGet(46)) - raft.server.log.queue.element-limit = 1024 (custom)
2024-01-26 11:56:15,694 [5052cfc4-081a-46ed-8261-0b7a8ad7db0a-groupManagement] INFO  server.RaftServerConfigKeys (ConfUtils.java:logGet(46)) - raft.server.log.segment.size.max = 67108864 (custom)
2024-01-26 11:56:15,694 [5052cfc4-081a-46ed-8261-0b7a8ad7db0a-groupManagement] INFO  server.RaftServerConfigKeys (ConfUtils.java:logGet(46)) - raft.server.log.preallocated.size = 4194304 (custom)
2024-01-26 11:56:15,694 [5052cfc4-081a-46ed-8261-0b7a8ad7db0a-groupManagement] INFO  server.RaftServerConfigKeys (ConfUtils.java:logGet(46)) - raft.server.log.force.sync.num = 128 (default)
2024-01-26 11:56:15,695 [5052cfc4-081a-46ed-8261-0b7a8ad7db0a-groupManagement] INFO  server.RaftServerConfigKeys (ConfUtils.java:logGet(46)) - raft.server.log.statemachine.data.sync = true (default)
2024-01-26 11:56:15,695 [5052cfc4-081a-46ed-8261-0b7a8ad7db0a-groupManagement] INFO  server.RaftServerConfigKeys (ConfUtils.java:logGet(46)) - raft.server.log.statemachine.data.sync.timeout = 10s (default)
2024-01-26 11:56:15,695 [5052cfc4-081a-46ed-8261-0b7a8ad7db0a-groupManagement] INFO  server.RaftServerConfigKeys (ConfUtils.java:logGet(46)) - raft.server.log.statemachine.data.sync.timeout.retry = 0 (custom)
2024-01-26 11:56:15,695 [5052cfc4-081a-46ed-8261-0b7a8ad7db0a-groupManagement] INFO  server.RaftServerConfigKeys (ConfUtils.java:logGet(46)) - raft.server.log.write.buffer.size = 8388616 (custom)
2024-01-26 11:56:15,697 [5052cfc4-081a-46ed-8261-0b7a8ad7db0a-groupManagement] INFO  server.RaftServerConfigKeys (ConfUtils.java:logGet(46)) - raft.server.log.appender.buffer.byte-limit = 8388608 (custom)
2024-01-26 11:56:15,697 [5052cfc4-081a-46ed-8261-0b7a8ad7db0a-groupManagement] INFO  server.RaftServerConfigKeys (ConfUtils.java:logGet(46)) - raft.server.log.unsafe-flush.enabled = false (default)
2024-01-26 11:56:15,697 [5052cfc4-081a-46ed-8261-0b7a8ad7db0a-groupManagement] INFO  server.RaftServerConfigKeys (ConfUtils.java:logGet(46)) - raft.server.log.async-flush.enabled = false (default)
2024-01-26 11:56:15,697 [5052cfc4-081a-46ed-8261-0b7a8ad7db0a-groupManagement] INFO  server.RaftServerConfigKeys (ConfUtils.java:logGet(46)) - raft.server.log.statemachine.data.caching.enabled = true (custom)
2024-01-26 11:56:15,697 [5052cfc4-081a-46ed-8261-0b7a8ad7db0a-groupManagement] INFO  segmented.SegmentedRaftLogWorker (SegmentedRaftLogWorker.java:lambda$new$0(134)) - 5052cfc4-081a-46ed-8261-0b7a8ad7db0a@group-CB413AA61FBB-SegmentedRaftLogWorker: flushIndex: setUnconditionally 0 -> -1
2024-01-26 11:56:15,697 [5052cfc4-081a-46ed-8261-0b7a8ad7db0a-groupManagement] INFO  segmented.SegmentedRaftLogWorker (SegmentedRaftLogWorker.java:lambda$new$0(134)) - 5052cfc4-081a-46ed-8261-0b7a8ad7db0a@group-CB413AA61FBB-SegmentedRaftLogWorker: safeCacheEvictIndex: setUnconditionally 0 -> -1
2024-01-26 11:56:15,699 [5052cfc4-081a-46ed-8261-0b7a8ad7db0a-groupManagement] INFO  server.RaftServer$Division (RaftServerImpl.java:start(396)) - 5052cfc4-081a-46ed-8261-0b7a8ad7db0a@group-CB413AA61FBB: start as a follower, conf=-1: peers:[5052cfc4-081a-46ed-8261-0b7a8ad7db0a|10.1.0.50:15032, 5c737fdf-f228-4231-bbf6-1cc383ec73d2|10.1.0.50:15023, 5e57565a-2fac-4b31-b24f-016e073e3d73|10.1.0.50:15014]|listeners:[], old=null
2024-01-26 11:56:15,699 [5052cfc4-081a-46ed-8261-0b7a8ad7db0a-groupManagement] INFO  server.RaftServer$Division (RaftServerImpl.java:setRole(383)) - 5052cfc4-081a-46ed-8261-0b7a8ad7db0a@group-CB413AA61FBB: changes role from      null to FOLLOWER at term 0 for startAsFollower
2024-01-26 11:56:15,699 [5c737fdf-f228-4231-bbf6-1cc383ec73d2-groupManagement] INFO  util.AwaitToRun (AwaitToRun.java:start(81)) - Thread[5c737fdf-f228-4231-bbf6-1cc383ec73d2@group-CB413AA61FBB-cacheEviction-AwaitToRun,5,main] started
2024-01-26 11:56:15,700 [5c737fdf-f228-4231-bbf6-1cc383ec73d2-groupManagement] INFO  segmented.SegmentedRaftLogWorker (SegmentedRaftLogWorker.java:<init>(182)) - new 5c737fdf-f228-4231-bbf6-1cc383ec73d2@group-CB413AA61FBB-SegmentedRaftLogWorker for RaftStorageImpl:Storage Directory /home/runner/work/ozone/ozone/hadoop-ozone/integration-test/target/test-dir/MiniOzoneClusterImpl-b54bfeae-1ef8-4c1d-b639-09e56ef7dc0e/datanode-1/data/ratis/998bf58e-5fa1-4369-b33d-cb413aa61fbb
2024-01-26 11:56:15,700 [5c737fdf-f228-4231-bbf6-1cc383ec73d2-groupManagement] INFO  server.RaftServerConfigKeys (ConfUtils.java:logGet(46)) - raft.server.log.queue.byte-limit = 4294967296 (custom)
2024-01-26 11:56:15,700 [5c737fdf-f228-4231-bbf6-1cc383ec73d2-groupManagement] INFO  server.RaftServerConfigKeys (ConfUtils.java:logGet(46)) - raft.server.log.queue.element-limit = 1024 (custom)
2024-01-26 11:56:15,700 [5c737fdf-f228-4231-bbf6-1cc383ec73d2-groupManagement] INFO  server.RaftServerConfigKeys (ConfUtils.java:logGet(46)) - raft.server.log.segment.size.max = 67108864 (custom)
2024-01-26 11:56:15,700 [5c737fdf-f228-4231-bbf6-1cc383ec73d2-groupManagement] INFO  server.RaftServerConfigKeys (ConfUtils.java:logGet(46)) - raft.server.log.preallocated.size = 4194304 (custom)
2024-01-26 11:56:15,700 [5c737fdf-f228-4231-bbf6-1cc383ec73d2-groupManagement] INFO  server.RaftServerConfigKeys (ConfUtils.java:logGet(46)) - raft.server.log.force.sync.num = 128 (default)
2024-01-26 11:56:15,700 [5c737fdf-f228-4231-bbf6-1cc383ec73d2-groupManagement] INFO  server.RaftServerConfigKeys (ConfUtils.java:logGet(46)) - raft.server.log.statemachine.data.sync = true (default)
2024-01-26 11:56:15,700 [5c737fdf-f228-4231-bbf6-1cc383ec73d2-groupManagement] INFO  server.RaftServerConfigKeys (ConfUtils.java:logGet(46)) - raft.server.log.statemachine.data.sync.timeout = 10s (default)
2024-01-26 11:56:15,700 [5c737fdf-f228-4231-bbf6-1cc383ec73d2-groupManagement] INFO  server.RaftServerConfigKeys (ConfUtils.java:logGet(46)) - raft.server.log.statemachine.data.sync.timeout.retry = 0 (custom)
2024-01-26 11:56:15,701 [5c737fdf-f228-4231-bbf6-1cc383ec73d2-groupManagement] INFO  server.RaftServerConfigKeys (ConfUtils.java:logGet(46)) - raft.server.log.write.buffer.size = 8388616 (custom)
2024-01-26 11:56:15,702 [5c737fdf-f228-4231-bbf6-1cc383ec73d2-groupManagement] INFO  server.RaftServerConfigKeys (ConfUtils.java:logGet(46)) - raft.server.log.appender.buffer.byte-limit = 8388608 (custom)
2024-01-26 11:56:15,702 [5c737fdf-f228-4231-bbf6-1cc383ec73d2-groupManagement] INFO  server.RaftServerConfigKeys (ConfUtils.java:logGet(46)) - raft.server.log.unsafe-flush.enabled = false (default)
2024-01-26 11:56:15,702 [5c737fdf-f228-4231-bbf6-1cc383ec73d2-groupManagement] INFO  server.RaftServerConfigKeys (ConfUtils.java:logGet(46)) - raft.server.log.async-flush.enabled = false (default)
2024-01-26 11:56:15,702 [5c737fdf-f228-4231-bbf6-1cc383ec73d2-groupManagement] INFO  server.RaftServerConfigKeys (ConfUtils.java:logGet(46)) - raft.server.log.statemachine.data.caching.enabled = true (custom)
2024-01-26 11:56:15,703 [5c737fdf-f228-4231-bbf6-1cc383ec73d2-groupManagement] INFO  segmented.SegmentedRaftLogWorker (SegmentedRaftLogWorker.java:lambda$new$0(134)) - 5c737fdf-f228-4231-bbf6-1cc383ec73d2@group-CB413AA61FBB-SegmentedRaftLogWorker: flushIndex: setUnconditionally 0 -> -1
2024-01-26 11:56:15,703 [5c737fdf-f228-4231-bbf6-1cc383ec73d2-groupManagement] INFO  segmented.SegmentedRaftLogWorker (SegmentedRaftLogWorker.java:lambda$new$0(134)) - 5c737fdf-f228-4231-bbf6-1cc383ec73d2@group-CB413AA61FBB-SegmentedRaftLogWorker: safeCacheEvictIndex: setUnconditionally 0 -> -1
2024-01-26 11:56:15,703 [5c737fdf-f228-4231-bbf6-1cc383ec73d2-groupManagement] INFO  server.RaftServer$Division (RaftServerImpl.java:start(396)) - 5c737fdf-f228-4231-bbf6-1cc383ec73d2@group-CB413AA61FBB: start as a follower, conf=-1: peers:[5052cfc4-081a-46ed-8261-0b7a8ad7db0a|10.1.0.50:15032, 5c737fdf-f228-4231-bbf6-1cc383ec73d2|10.1.0.50:15023, 5e57565a-2fac-4b31-b24f-016e073e3d73|10.1.0.50:15014]|listeners:[], old=null
2024-01-26 11:56:15,703 [5c737fdf-f228-4231-bbf6-1cc383ec73d2-groupManagement] INFO  server.RaftServer$Division (RaftServerImpl.java:setRole(383)) - 5c737fdf-f228-4231-bbf6-1cc383ec73d2@group-CB413AA61FBB: changes role from      null to FOLLOWER at term 0 for startAsFollower
2024-01-26 11:56:15,703 [5c737fdf-f228-4231-bbf6-1cc383ec73d2-groupManagement] INFO  impl.RoleInfo (RoleInfo.java:updateAndGet(139)) - 5c737fdf-f228-4231-bbf6-1cc383ec73d2: start 5c737fdf-f228-4231-bbf6-1cc383ec73d2@group-CB413AA61FBB-FollowerState
2024-01-26 11:56:15,704 [5c737fdf-f228-4231-bbf6-1cc383ec73d2-groupManagement] INFO  util.JmxRegister (JmxRegister.java:tryRegister(44)) - Successfully registered JMX Bean with object name Ratis:service=RaftServer,group=group-CB413AA61FBB,id=5c737fdf-f228-4231-bbf6-1cc383ec73d2
2024-01-26 11:56:15,704 [5c737fdf-f228-4231-bbf6-1cc383ec73d2-groupManagement] INFO  server.RaftServerConfigKeys (ConfUtils.java:logGet(46)) - raft.server.snapshot.trigger-when-stop.enabled = true (default)
2024-01-26 11:56:15,704 [5c737fdf-f228-4231-bbf6-1cc383ec73d2-groupManagement] INFO  server.RaftServerConfigKeys (ConfUtils.java:logGet(46)) - raft.server.snapshot.auto.trigger.enabled = true (custom)
2024-01-26 11:56:15,704 [5c737fdf-f228-4231-bbf6-1cc383ec73d2-groupManagement] INFO  server.RaftServerConfigKeys (ConfUtils.java:logGet(46)) - raft.server.snapshot.auto.trigger.threshold = 10000 (custom)
2024-01-26 11:56:15,704 [5c737fdf-f228-4231-bbf6-1cc383ec73d2-groupManagement] INFO  server.RaftServerConfigKeys (ConfUtils.java:logGet(46)) - raft.server.snapshot.retention.file.num = 5 (custom)
2024-01-26 11:56:15,704 [5c737fdf-f228-4231-bbf6-1cc383ec73d2-groupManagement] INFO  server.RaftServerConfigKeys (ConfUtils.java:logGet(46)) - raft.server.log.purge.upto.snapshot.index = false (default)
2024-01-26 11:56:15,705 [5c737fdf-f228-4231-bbf6-1cc383ec73d2@group-CB413AA61FBB-FollowerState] INFO  server.RaftServerConfigKeys (ConfUtils.java:logFallback(53)) - raft.server.rpc.first-election.timeout.min = 5s (fallback to raft.server.rpc.timeout.min)
2024-01-26 11:56:15,705 [5c737fdf-f228-4231-bbf6-1cc383ec73d2@group-CB413AA61FBB-FollowerState] INFO  server.RaftServerConfigKeys (ConfUtils.java:logFallback(53)) - raft.server.rpc.first-election.timeout.max = 5200ms (fallback to raft.server.rpc.timeout.max)
2024-01-26 11:56:15,705 [5c737fdf-f228-4231-bbf6-1cc383ec73d2-PipelineCommandHandlerThread-0] INFO  ratis.XceiverServerRatis (XceiverServerRatis.java:addGroup(842)) - Created group PipelineID=998bf58e-5fa1-4369-b33d-cb413aa61fbb
2024-01-26 11:56:15,707 [5e57565a-2fac-4b31-b24f-016e073e3d73-groupManagement] INFO  server.RaftServer$Division (RaftServerImpl.java:start(396)) - 5e57565a-2fac-4b31-b24f-016e073e3d73@group-CB413AA61FBB: start as a follower, conf=-1: peers:[5052cfc4-081a-46ed-8261-0b7a8ad7db0a|10.1.0.50:15032, 5c737fdf-f228-4231-bbf6-1cc383ec73d2|10.1.0.50:15023, 5e57565a-2fac-4b31-b24f-016e073e3d73|10.1.0.50:15014]|listeners:[], old=null
2024-01-26 11:56:15,707 [5e57565a-2fac-4b31-b24f-016e073e3d73-groupManagement] INFO  server.RaftServer$Division (RaftServerImpl.java:setRole(383)) - 5e57565a-2fac-4b31-b24f-016e073e3d73@group-CB413AA61FBB: changes role from      null to FOLLOWER at term 0 for startAsFollower
2024-01-26 11:56:15,707 [5e57565a-2fac-4b31-b24f-016e073e3d73-groupManagement] INFO  impl.RoleInfo (RoleInfo.java:updateAndGet(139)) - 5e57565a-2fac-4b31-b24f-016e073e3d73: start 5e57565a-2fac-4b31-b24f-016e073e3d73@group-CB413AA61FBB-FollowerState
2024-01-26 11:56:15,713 [5e57565a-2fac-4b31-b24f-016e073e3d73-groupManagement] INFO  util.JmxRegister (JmxRegister.java:tryRegister(44)) - Successfully registered JMX Bean with object name Ratis:service=RaftServer,group=group-CB413AA61FBB,id=5e57565a-2fac-4b31-b24f-016e073e3d73
2024-01-26 11:56:15,713 [5e57565a-2fac-4b31-b24f-016e073e3d73-groupManagement] INFO  server.RaftServerConfigKeys (ConfUtils.java:logGet(46)) - raft.server.snapshot.trigger-when-stop.enabled = true (default)
2024-01-26 11:56:15,713 [5e57565a-2fac-4b31-b24f-016e073e3d73@group-CB413AA61FBB-FollowerState] INFO  server.RaftServerConfigKeys (ConfUtils.java:logFallback(53)) - raft.server.rpc.first-election.timeout.min = 5s (fallback to raft.server.rpc.timeout.min)
2024-01-26 11:56:15,713 [5052cfc4-081a-46ed-8261-0b7a8ad7db0a-groupManagement] INFO  impl.RoleInfo (RoleInfo.java:updateAndGet(139)) - 5052cfc4-081a-46ed-8261-0b7a8ad7db0a: start 5052cfc4-081a-46ed-8261-0b7a8ad7db0a@group-CB413AA61FBB-FollowerState
2024-01-26 11:56:15,713 [5e57565a-2fac-4b31-b24f-016e073e3d73-groupManagement] INFO  server.RaftServerConfigKeys (ConfUtils.java:logGet(46)) - raft.server.snapshot.auto.trigger.enabled = true (custom)
2024-01-26 11:56:15,714 [5e57565a-2fac-4b31-b24f-016e073e3d73-groupManagement] INFO  server.RaftServerConfigKeys (ConfUtils.java:logGet(46)) - raft.server.snapshot.auto.trigger.threshold = 10000 (custom)
2024-01-26 11:56:15,714 [5e57565a-2fac-4b31-b24f-016e073e3d73-groupManagement] INFO  server.RaftServerConfigKeys (ConfUtils.java:logGet(46)) - raft.server.snapshot.retention.file.num = 5 (custom)
2024-01-26 11:56:15,714 [5e57565a-2fac-4b31-b24f-016e073e3d73-groupManagement] INFO  server.RaftServerConfigKeys (ConfUtils.java:logGet(46)) - raft.server.log.purge.upto.snapshot.index = false (default)
2024-01-26 11:56:15,715 [5e57565a-2fac-4b31-b24f-016e073e3d73@group-CB413AA61FBB-FollowerState] INFO  server.RaftServerConfigKeys (ConfUtils.java:logFallback(53)) - raft.server.rpc.first-election.timeout.max = 5200ms (fallback to raft.server.rpc.timeout.max)
2024-01-26 11:56:15,728 [5052cfc4-081a-46ed-8261-0b7a8ad7db0a@group-CB413AA61FBB-FollowerState] INFO  server.RaftServerConfigKeys (ConfUtils.java:logFallback(53)) - raft.server.rpc.first-election.timeout.min = 5s (fallback to raft.server.rpc.timeout.min)
2024-01-26 11:56:15,719 [5052cfc4-081a-46ed-8261-0b7a8ad7db0a-groupManagement] INFO  util.JmxRegister (JmxRegister.java:tryRegister(44)) - Successfully registered JMX Bean with object name Ratis:service=RaftServer,group=group-CB413AA61FBB,id=5052cfc4-081a-46ed-8261-0b7a8ad7db0a
2024-01-26 11:56:15,728 [5052cfc4-081a-46ed-8261-0b7a8ad7db0a-groupManagement] INFO  server.RaftServerConfigKeys (ConfUtils.java:logGet(46)) - raft.server.snapshot.trigger-when-stop.enabled = true (default)
2024-01-26 11:56:15,728 [5052cfc4-081a-46ed-8261-0b7a8ad7db0a-groupManagement] INFO  server.RaftServerConfigKeys (ConfUtils.java:logGet(46)) - raft.server.snapshot.auto.trigger.enabled = true (custom)
2024-01-26 11:56:15,728 [5052cfc4-081a-46ed-8261-0b7a8ad7db0a-groupManagement] INFO  server.RaftServerConfigKeys (ConfUtils.java:logGet(46)) - raft.server.snapshot.auto.trigger.threshold = 10000 (custom)
2024-01-26 11:56:15,729 [5052cfc4-081a-46ed-8261-0b7a8ad7db0a-groupManagement] INFO  server.RaftServerConfigKeys (ConfUtils.java:logGet(46)) - raft.server.snapshot.retention.file.num = 5 (custom)
2024-01-26 11:56:15,729 [5052cfc4-081a-46ed-8261-0b7a8ad7db0a-groupManagement] INFO  server.RaftServerConfigKeys (ConfUtils.java:logGet(46)) - raft.server.log.purge.upto.snapshot.index = false (default)
2024-01-26 11:56:15,717 [5e57565a-2fac-4b31-b24f-016e073e3d73-PipelineCommandHandlerThread-0] INFO  ratis.XceiverServerRatis (XceiverServerRatis.java:addGroup(842)) - Created group PipelineID=998bf58e-5fa1-4369-b33d-cb413aa61fbb
2024-01-26 11:56:15,733 [5052cfc4-081a-46ed-8261-0b7a8ad7db0a-PipelineCommandHandlerThread-0] INFO  ratis.XceiverServerRatis (XceiverServerRatis.java:addGroup(842)) - Created group PipelineID=998bf58e-5fa1-4369-b33d-cb413aa61fbb
2024-01-26 11:56:15,728 [5052cfc4-081a-46ed-8261-0b7a8ad7db0a@group-CB413AA61FBB-FollowerState] INFO  server.RaftServerConfigKeys (ConfUtils.java:logFallback(53)) - raft.server.rpc.first-election.timeout.max = 5200ms (fallback to raft.server.rpc.timeout.max)
2024-01-26 11:56:15,795 [5c737fdf-f228-4231-bbf6-1cc383ec73d2-PipelineCommandHandlerThread-0] INFO  commandhandler.CreatePipelineCommandHandler (CreatePipelineCommandHandler.java:lambda$handle$2(124)) - Created Pipeline RATIS THREE PipelineID=998bf58e-5fa1-4369-b33d-cb413aa61fbb.
2024-01-26 11:56:15,800 [5052cfc4-081a-46ed-8261-0b7a8ad7db0a-PipelineCommandHandlerThread-0] INFO  commandhandler.CreatePipelineCommandHandler (CreatePipelineCommandHandler.java:lambda$handle$2(124)) - Created Pipeline RATIS THREE PipelineID=998bf58e-5fa1-4369-b33d-cb413aa61fbb.
2024-01-26 11:56:15,804 [5e57565a-2fac-4b31-b24f-016e073e3d73-PipelineCommandHandlerThread-0] INFO  commandhandler.CreatePipelineCommandHandler (CreatePipelineCommandHandler.java:lambda$handle$2(124)) - Created Pipeline RATIS THREE PipelineID=998bf58e-5fa1-4369-b33d-cb413aa61fbb.
2024-01-26 11:56:16,260 [Mini-Cluster-Provider-Create] INFO  ozone.MiniOzoneClusterImpl (MiniOzoneClusterImpl.java:lambda$waitForClusterToBeReady$0(229)) - Nodes are ready. Got 3 of 3 DN Heartbeats.
2024-01-26 11:56:16,260 [Mini-Cluster-Provider-Create] INFO  ozone.MiniOzoneClusterImpl (MiniOzoneClusterImpl.java:lambda$waitForClusterToBeReady$0(232)) - Waiting for cluster to exit safe mode
2024-01-26 11:56:16,260 [Mini-Cluster-Provider-Create] INFO  ozone.MiniOzoneClusterImpl (MiniOzoneClusterImpl.java:lambda$waitForClusterToBeReady$0(234)) - SCM became leader
2024-01-26 11:56:17,260 [Mini-Cluster-Provider-Create] INFO  ozone.MiniOzoneClusterImpl (MiniOzoneClusterImpl.java:lambda$waitForClusterToBeReady$0(229)) - Nodes are ready. Got 3 of 3 DN Heartbeats.
2024-01-26 11:56:17,260 [Mini-Cluster-Provider-Create] INFO  ozone.MiniOzoneClusterImpl (MiniOzoneClusterImpl.java:lambda$waitForClusterToBeReady$0(232)) - Waiting for cluster to exit safe mode
2024-01-26 11:56:17,260 [Mini-Cluster-Provider-Create] INFO  ozone.MiniOzoneClusterImpl (MiniOzoneClusterImpl.java:lambda$waitForClusterToBeReady$0(234)) - SCM became leader
2024-01-26 11:56:18,261 [Mini-Cluster-Provider-Create] INFO  ozone.MiniOzoneClusterImpl (MiniOzoneClusterImpl.java:lambda$waitForClusterToBeReady$0(229)) - Nodes are ready. Got 3 of 3 DN Heartbeats.
2024-01-26 11:56:18,261 [Mini-Cluster-Provider-Create] INFO  ozone.MiniOzoneClusterImpl (MiniOzoneClusterImpl.java:lambda$waitForClusterToBeReady$0(232)) - Waiting for cluster to exit safe mode
2024-01-26 11:56:18,261 [Mini-Cluster-Provider-Create] INFO  ozone.MiniOzoneClusterImpl (MiniOzoneClusterImpl.java:lambda$waitForClusterToBeReady$0(234)) - SCM became leader
2024-01-26 11:56:19,261 [Mini-Cluster-Provider-Create] INFO  ozone.MiniOzoneClusterImpl (MiniOzoneClusterImpl.java:lambda$waitForClusterToBeReady$0(229)) - Nodes are ready. Got 3 of 3 DN Heartbeats.
2024-01-26 11:56:19,261 [Mini-Cluster-Provider-Create] INFO  ozone.MiniOzoneClusterImpl (MiniOzoneClusterImpl.java:lambda$waitForClusterToBeReady$0(232)) - Waiting for cluster to exit safe mode
2024-01-26 11:56:19,261 [Mini-Cluster-Provider-Create] INFO  ozone.MiniOzoneClusterImpl (MiniOzoneClusterImpl.java:lambda$waitForClusterToBeReady$0(234)) - SCM became leader
2024-01-26 11:56:20,207 [5c737fdf-f228-4231-bbf6-1cc383ec73d2@group-3E098637A30D-FollowerState] INFO  impl.FollowerState (FollowerState.java:run(143)) - 5c737fdf-f228-4231-bbf6-1cc383ec73d2@group-3E098637A30D-FollowerState: change to CANDIDATE, lastRpcElapsedTime:5032018286ns, electionTimeout:5027ms
2024-01-26 11:56:20,207 [5c737fdf-f228-4231-bbf6-1cc383ec73d2@group-3E098637A30D-FollowerState] INFO  impl.RoleInfo (RoleInfo.java:shutdownFollowerState(110)) - 5c737fdf-f228-4231-bbf6-1cc383ec73d2: shutdown 5c737fdf-f228-4231-bbf6-1cc383ec73d2@group-3E098637A30D-FollowerState
2024-01-26 11:56:20,207 [5c737fdf-f228-4231-bbf6-1cc383ec73d2@group-3E098637A30D-FollowerState] INFO  server.RaftServer$Division (RaftServerImpl.java:setRole(383)) - 5c737fdf-f228-4231-bbf6-1cc383ec73d2@group-3E098637A30D: changes role from  FOLLOWER to CANDIDATE at term 0 for changeToCandidate
2024-01-26 11:56:20,208 [5c737fdf-f228-4231-bbf6-1cc383ec73d2@group-3E098637A30D-FollowerState] INFO  server.RaftServerConfigKeys (ConfUtils.java:logGet(46)) - raft.server.leaderelection.pre-vote = true (default)
2024-01-26 11:56:20,208 [5c737fdf-f228-4231-bbf6-1cc383ec73d2@group-3E098637A30D-FollowerState] INFO  impl.RoleInfo (RoleInfo.java:updateAndGet(139)) - 5c737fdf-f228-4231-bbf6-1cc383ec73d2: start 5c737fdf-f228-4231-bbf6-1cc383ec73d2@group-3E098637A30D-LeaderElection2
2024-01-26 11:56:20,212 [5c737fdf-f228-4231-bbf6-1cc383ec73d2@group-3E098637A30D-LeaderElection2] INFO  impl.LeaderElection (LeaderElection.java:askForVotes(321)) - 5c737fdf-f228-4231-bbf6-1cc383ec73d2@group-3E098637A30D-LeaderElection2 PRE_VOTE round 0: submit vote requests at term 0 for -1: peers:[5c737fdf-f228-4231-bbf6-1cc383ec73d2|10.1.0.50:15023]|listeners:[], old=null
2024-01-26 11:56:20,212 [5c737fdf-f228-4231-bbf6-1cc383ec73d2@group-3E098637A30D-LeaderElection2] INFO  impl.LeaderElection (LeaderElection.java:askForVotes(323)) - 5c737fdf-f228-4231-bbf6-1cc383ec73d2@group-3E098637A30D-LeaderElection2 PRE_VOTE round 0: result PASSED (term=0)
2024-01-26 11:56:20,213 [5c737fdf-f228-4231-bbf6-1cc383ec73d2@group-3E098637A30D-LeaderElection2] INFO  impl.LeaderElection (LeaderElection.java:askForVotes(321)) - 5c737fdf-f228-4231-bbf6-1cc383ec73d2@group-3E098637A30D-LeaderElection2 ELECTION round 0: submit vote requests at term 1 for -1: peers:[5c737fdf-f228-4231-bbf6-1cc383ec73d2|10.1.0.50:15023]|listeners:[], old=null
2024-01-26 11:56:20,213 [5c737fdf-f228-4231-bbf6-1cc383ec73d2@group-3E098637A30D-LeaderElection2] INFO  impl.LeaderElection (LeaderElection.java:askForVotes(323)) - 5c737fdf-f228-4231-bbf6-1cc383ec73d2@group-3E098637A30D-LeaderElection2 ELECTION round 0: result PASSED (term=1)
2024-01-26 11:56:20,213 [5c737fdf-f228-4231-bbf6-1cc383ec73d2@group-3E098637A30D-LeaderElection2] INFO  impl.RoleInfo (RoleInfo.java:shutdownLeaderElection(130)) - 5c737fdf-f228-4231-bbf6-1cc383ec73d2: shutdown 5c737fdf-f228-4231-bbf6-1cc383ec73d2@group-3E098637A30D-LeaderElection2
2024-01-26 11:56:20,213 [5c737fdf-f228-4231-bbf6-1cc383ec73d2@group-3E098637A30D-LeaderElection2] INFO  server.RaftServer$Division (RaftServerImpl.java:setRole(383)) - 5c737fdf-f228-4231-bbf6-1cc383ec73d2@group-3E098637A30D: changes role from CANDIDATE to LEADER at term 1 for changeToLeader
2024-01-26 11:56:20,214 [5c737fdf-f228-4231-bbf6-1cc383ec73d2@group-3E098637A30D-LeaderElection2] INFO  server.RaftServerConfigKeys (ConfUtils.java:logGet(46)) - raft.server.staging.catchup.gap = 1000 (default)
2024-01-26 11:56:20,214 [5c737fdf-f228-4231-bbf6-1cc383ec73d2@group-3E098637A30D-LeaderElection2] INFO  server.RaftServerConfigKeys (ConfUtils.java:logGet(46)) - raft.server.write.element-limit = 1024 (custom)
2024-01-26 11:56:20,214 [5c737fdf-f228-4231-bbf6-1cc383ec73d2@group-3E098637A30D-LeaderElection2] INFO  server.RaftServerConfigKeys (ConfUtils.java:logGet(46)) - raft.server.write.byte-limit = 1024 M (=1073741824) (custom)
2024-01-26 11:56:20,214 [5c737fdf-f228-4231-bbf6-1cc383ec73d2@group-3E098637A30D-LeaderElection2] INFO  server.RaftServerConfigKeys (ConfUtils.java:logGet(46)) - raft.server.watch.timeout = 180s (custom)
2024-01-26 11:56:20,214 [5c737fdf-f228-4231-bbf6-1cc383ec73d2@group-3E098637A30D-LeaderElection2] INFO  server.RaftServerConfigKeys (ConfUtils.java:logGet(46)) - raft.server.watch.timeout.denomination = 1s (default)
2024-01-26 11:56:20,214 [5c737fdf-f228-4231-bbf6-1cc383ec73d2@group-3E098637A30D-LeaderElection2] INFO  server.RaftServerConfigKeys (ConfUtils.java:logGet(46)) - raft.server.watch.element-limit = 65536 (default)
2024-01-26 11:56:20,215 [5c737fdf-f228-4231-bbf6-1cc383ec73d2@group-3E098637A30D-LeaderElection2] INFO  server.RaftServerConfigKeys (ConfUtils.java:logGet(46)) - raft.server.read.leader.lease.enabled = false (default)
2024-01-26 11:56:20,215 [5c737fdf-f228-4231-bbf6-1cc383ec73d2@group-3E098637A30D-LeaderElection2] INFO  server.RaftServerConfigKeys (ConfUtils.java:logGet(46)) - raft.server.read.leader.lease.timeout.ratio = 0.9 (default)
2024-01-26 11:56:20,215 [5c737fdf-f228-4231-bbf6-1cc383ec73d2@group-3E098637A30D-LeaderElection2] INFO  server.RaftServerConfigKeys (ConfUtils.java:logGet(46)) - raft.server.rpc.timeout.min = 5s (custom)
2024-01-26 11:56:20,215 [5c737fdf-f228-4231-bbf6-1cc383ec73d2@group-3E098637A30D-LeaderElection2] INFO  server.RaftServerConfigKeys (ConfUtils.java:logGet(46)) - raft.server.write.element-limit = 1024 (custom)
2024-01-26 11:56:20,215 [5c737fdf-f228-4231-bbf6-1cc383ec73d2@group-3E098637A30D-LeaderElection2] INFO  server.RaftServerConfigKeys (ConfUtils.java:logGet(46)) - raft.server.write.follower.gap.ratio.max = -1.0 (default)
2024-01-26 11:56:20,215 [5c737fdf-f228-4231-bbf6-1cc383ec73d2@group-3E098637A30D-LeaderElection2] INFO  impl.RoleInfo (RoleInfo.java:updateAndGet(139)) - 5c737fdf-f228-4231-bbf6-1cc383ec73d2: start 5c737fdf-f228-4231-bbf6-1cc383ec73d2@group-3E098637A30D-LeaderStateImpl
2024-01-26 11:56:20,215 [5c737fdf-f228-4231-bbf6-1cc383ec73d2@group-3E098637A30D-LeaderElection2] INFO  server.RaftServer$Division (RaftServerImpl.java:setFirstElection(574)) - 5c737fdf-f228-4231-bbf6-1cc383ec73d2@group-3E098637A30D: set firstElectionSinceStartup to false for becomeLeader
2024-01-26 11:56:20,215 [5c737fdf-f228-4231-bbf6-1cc383ec73d2@group-3E098637A30D-LeaderElection2] INFO  ratis.XceiverServerRatis (XceiverServerRatis.java:handleLeaderChangedNotification(945)) - Leader change notification received for group: group-3E098637A30D with new leaderId: 5c737fdf-f228-4231-bbf6-1cc383ec73d2
2024-01-26 11:56:20,215 [5c737fdf-f228-4231-bbf6-1cc383ec73d2@group-3E098637A30D-LeaderElection2] INFO  server.RaftServer$Division (ServerState.java:setLeader(269)) - 5c737fdf-f228-4231-bbf6-1cc383ec73d2@group-3E098637A30D: change Leader from null to 5c737fdf-f228-4231-bbf6-1cc383ec73d2 at term 1 for becomeLeader, leader elected after 5069ms
2024-01-26 11:56:20,216 [5c737fdf-f228-4231-bbf6-1cc383ec73d2@group-3E098637A30D-LeaderElection2] INFO  segmented.SegmentedRaftLogWorker (SegmentedRaftLogWorker.java:startLogSegment(430)) - 5c737fdf-f228-4231-bbf6-1cc383ec73d2@group-3E098637A30D-SegmentedRaftLogWorker: Starting segment from index:0
2024-01-26 11:56:20,216 [5c737fdf-f228-4231-bbf6-1cc383ec73d2@group-3E098637A30D-SegmentedRaftLogWorker] INFO  segmented.BufferedWriteChannel (BufferedWriteChannel.java:open(62)) - open log_inprogress_0 at position 0
2024-01-26 11:56:20,217 [5c737fdf-f228-4231-bbf6-1cc383ec73d2@group-3E098637A30D-LeaderElection2] INFO  server.RaftServer$Division (ServerState.java:setRaftConf(386)) - 5c737fdf-f228-4231-bbf6-1cc383ec73d2@group-3E098637A30D: set configuration 0: peers:[5c737fdf-f228-4231-bbf6-1cc383ec73d2|10.1.0.50:15023]|listeners:[], old=null
2024-01-26 11:56:20,220 [EventQueue-OpenPipelineForHealthyPipelineSafeModeRule] INFO  safemode.SCMSafeModeManager (HealthyPipelineSafeModeRule.java:process(140)) - SCM in safe mode. Healthy pipelines reported count is 0, required healthy pipeline reported count is 1
2024-01-26 11:56:20,223 [5c737fdf-f228-4231-bbf6-1cc383ec73d2@group-3E098637A30D-SegmentedRaftLogWorker] INFO  segmented.SegmentedRaftLogWorker (SegmentedRaftLogWorker.java:execute(634)) - 5c737fdf-f228-4231-bbf6-1cc383ec73d2@group-3E098637A30D-SegmentedRaftLogWorker: created new log segment /home/runner/work/ozone/ozone/hadoop-ozone/integration-test/target/test-dir/MiniOzoneClusterImpl-b54bfeae-1ef8-4c1d-b639-09e56ef7dc0e/datanode-1/data/ratis/39f03c89-330a-44bd-ae6f-3e098637a30d/current/log_inprogress_0
2024-01-26 11:56:20,225 [5c737fdf-f228-4231-bbf6-1cc383ec73d2@group-3E098637A30D-StateMachineUpdater] INFO  server.RaftServer$Division (LeaderStateImpl.java:isApplied(320)) - leader is ready since appliedIndex == 0 >= startIndex == 0
2024-01-26 11:56:20,231 [5e57565a-2fac-4b31-b24f-016e073e3d73@group-342F2AF39FD7-FollowerState] INFO  impl.FollowerState (FollowerState.java:run(143)) - 5e57565a-2fac-4b31-b24f-016e073e3d73@group-342F2AF39FD7-FollowerState: change to CANDIDATE, lastRpcElapsedTime:5106298426ns, electionTimeout:5105ms
2024-01-26 11:56:20,232 [5e57565a-2fac-4b31-b24f-016e073e3d73@group-342F2AF39FD7-FollowerState] INFO  impl.RoleInfo (RoleInfo.java:shutdownFollowerState(110)) - 5e57565a-2fac-4b31-b24f-016e073e3d73: shutdown 5e57565a-2fac-4b31-b24f-016e073e3d73@group-342F2AF39FD7-FollowerState
2024-01-26 11:56:20,232 [5e57565a-2fac-4b31-b24f-016e073e3d73@group-342F2AF39FD7-FollowerState] INFO  server.RaftServer$Division (RaftServerImpl.java:setRole(383)) - 5e57565a-2fac-4b31-b24f-016e073e3d73@group-342F2AF39FD7: changes role from  FOLLOWER to CANDIDATE at term 0 for changeToCandidate
2024-01-26 11:56:20,233 [5e57565a-2fac-4b31-b24f-016e073e3d73@group-338A3D310B1D-FollowerState] INFO  impl.FollowerState (FollowerState.java:run(143)) - 5e57565a-2fac-4b31-b24f-016e073e3d73@group-338A3D310B1D-FollowerState: change to CANDIDATE, lastRpcElapsedTime:5162908113ns, electionTimeout:5158ms
2024-01-26 11:56:20,233 [5e57565a-2fac-4b31-b24f-016e073e3d73@group-342F2AF39FD7-FollowerState] INFO  server.RaftServerConfigKeys (ConfUtils.java:logGet(46)) - raft.server.leaderelection.pre-vote = true (default)
2024-01-26 11:56:20,234 [5e57565a-2fac-4b31-b24f-016e073e3d73@group-338A3D310B1D-FollowerState] INFO  impl.RoleInfo (RoleInfo.java:shutdownFollowerState(110)) - 5e57565a-2fac-4b31-b24f-016e073e3d73: shutdown 5e57565a-2fac-4b31-b24f-016e073e3d73@group-338A3D310B1D-FollowerState
2024-01-26 11:56:20,234 [5e57565a-2fac-4b31-b24f-016e073e3d73@group-342F2AF39FD7-FollowerState] INFO  impl.RoleInfo (RoleInfo.java:updateAndGet(139)) - 5e57565a-2fac-4b31-b24f-016e073e3d73: start 5e57565a-2fac-4b31-b24f-016e073e3d73@group-342F2AF39FD7-LeaderElection3
2024-01-26 11:56:20,234 [5e57565a-2fac-4b31-b24f-016e073e3d73@group-338A3D310B1D-FollowerState] INFO  server.RaftServer$Division (RaftServerImpl.java:setRole(383)) - 5e57565a-2fac-4b31-b24f-016e073e3d73@group-338A3D310B1D: changes role from  FOLLOWER to CANDIDATE at term 0 for changeToCandidate
2024-01-26 11:56:20,234 [5e57565a-2fac-4b31-b24f-016e073e3d73@group-338A3D310B1D-FollowerState] INFO  server.RaftServerConfigKeys (ConfUtils.java:logGet(46)) - raft.server.leaderelection.pre-vote = true (default)
2024-01-26 11:56:20,234 [5e57565a-2fac-4b31-b24f-016e073e3d73@group-338A3D310B1D-FollowerState] INFO  impl.RoleInfo (RoleInfo.java:updateAndGet(139)) - 5e57565a-2fac-4b31-b24f-016e073e3d73: start 5e57565a-2fac-4b31-b24f-016e073e3d73@group-338A3D310B1D-LeaderElection4
2024-01-26 11:56:20,235 [5e57565a-2fac-4b31-b24f-016e073e3d73@group-342F2AF39FD7-LeaderElection3] INFO  impl.LeaderElection (LeaderElection.java:askForVotes(321)) - 5e57565a-2fac-4b31-b24f-016e073e3d73@group-342F2AF39FD7-LeaderElection3 PRE_VOTE round 0: submit vote requests at term 0 for -1: peers:[5c737fdf-f228-4231-bbf6-1cc383ec73d2|10.1.0.50:15023, 5052cfc4-081a-46ed-8261-0b7a8ad7db0a|10.1.0.50:15032, 5e57565a-2fac-4b31-b24f-016e073e3d73|10.1.0.50:15014]|listeners:[], old=null
2024-01-26 11:56:20,235 [5e57565a-2fac-4b31-b24f-016e073e3d73@group-338A3D310B1D-LeaderElection4] INFO  impl.LeaderElection (LeaderElection.java:askForVotes(321)) - 5e57565a-2fac-4b31-b24f-016e073e3d73@group-338A3D310B1D-LeaderElection4 PRE_VOTE round 0: submit vote requests at term 0 for -1: peers:[5e57565a-2fac-4b31-b24f-016e073e3d73|10.1.0.50:15014]|listeners:[], old=null
2024-01-26 11:56:20,236 [5e57565a-2fac-4b31-b24f-016e073e3d73@group-338A3D310B1D-LeaderElection4] INFO  impl.LeaderElection (LeaderElection.java:askForVotes(323)) - 5e57565a-2fac-4b31-b24f-016e073e3d73@group-338A3D310B1D-LeaderElection4 PRE_VOTE round 0: result PASSED (term=0)
2024-01-26 11:56:20,236 [5e57565a-2fac-4b31-b24f-016e073e3d73@group-338A3D310B1D-LeaderElection4] INFO  impl.LeaderElection (LeaderElection.java:askForVotes(321)) - 5e57565a-2fac-4b31-b24f-016e073e3d73@group-338A3D310B1D-LeaderElection4 ELECTION round 0: submit vote requests at term 1 for -1: peers:[5e57565a-2fac-4b31-b24f-016e073e3d73|10.1.0.50:15014]|listeners:[], old=null
2024-01-26 11:56:20,237 [5e57565a-2fac-4b31-b24f-016e073e3d73@group-338A3D310B1D-LeaderElection4] INFO  impl.LeaderElection (LeaderElection.java:askForVotes(323)) - 5e57565a-2fac-4b31-b24f-016e073e3d73@group-338A3D310B1D-LeaderElection4 ELECTION round 0: result PASSED (term=1)
2024-01-26 11:56:20,237 [5e57565a-2fac-4b31-b24f-016e073e3d73@group-338A3D310B1D-LeaderElection4] INFO  impl.RoleInfo (RoleInfo.java:shutdownLeaderElection(130)) - 5e57565a-2fac-4b31-b24f-016e073e3d73: shutdown 5e57565a-2fac-4b31-b24f-016e073e3d73@group-338A3D310B1D-LeaderElection4
2024-01-26 11:56:20,237 [5e57565a-2fac-4b31-b24f-016e073e3d73@group-338A3D310B1D-LeaderElection4] INFO  server.RaftServer$Division (RaftServerImpl.java:setRole(383)) - 5e57565a-2fac-4b31-b24f-016e073e3d73@group-338A3D310B1D: changes role from CANDIDATE to LEADER at term 1 for changeToLeader
2024-01-26 11:56:20,237 [5e57565a-2fac-4b31-b24f-016e073e3d73@group-338A3D310B1D-LeaderElection4] INFO  server.RaftServerConfigKeys (ConfUtils.java:logGet(46)) - raft.server.staging.catchup.gap = 1000 (default)
2024-01-26 11:56:20,237 [5e57565a-2fac-4b31-b24f-016e073e3d73@group-338A3D310B1D-LeaderElection4] INFO  server.RaftServerConfigKeys (ConfUtils.java:logGet(46)) - raft.server.write.element-limit = 1024 (custom)
2024-01-26 11:56:20,238 [5e57565a-2fac-4b31-b24f-016e073e3d73@group-338A3D310B1D-LeaderElection4] INFO  server.RaftServerConfigKeys (ConfUtils.java:logGet(46)) - raft.server.write.byte-limit = 1024 M (=1073741824) (custom)
2024-01-26 11:56:20,239 [5e57565a-2fac-4b31-b24f-016e073e3d73@group-338A3D310B1D-LeaderElection4] INFO  server.RaftServerConfigKeys (ConfUtils.java:logGet(46)) - raft.server.watch.timeout = 180s (custom)
2024-01-26 11:56:20,239 [5e57565a-2fac-4b31-b24f-016e073e3d73@group-338A3D310B1D-LeaderElection4] INFO  server.RaftServerConfigKeys (ConfUtils.java:logGet(46)) - raft.server.watch.timeout.denomination = 1s (default)
2024-01-26 11:56:20,240 [5e57565a-2fac-4b31-b24f-016e073e3d73@group-338A3D310B1D-LeaderElection4] INFO  server.RaftServerConfigKeys (ConfUtils.java:logGet(46)) - raft.server.watch.element-limit = 65536 (default)
2024-01-26 11:56:20,240 [5e57565a-2fac-4b31-b24f-016e073e3d73@group-338A3D310B1D-LeaderElection4] INFO  server.RaftServerConfigKeys (ConfUtils.java:logGet(46)) - raft.server.read.leader.lease.enabled = false (default)
2024-01-26 11:56:20,240 [5e57565a-2fac-4b31-b24f-016e073e3d73@group-338A3D310B1D-LeaderElection4] INFO  server.RaftServerConfigKeys (ConfUtils.java:logGet(46)) - raft.server.read.leader.lease.timeout.ratio = 0.9 (default)
2024-01-26 11:56:20,240 [5e57565a-2fac-4b31-b24f-016e073e3d73@group-338A3D310B1D-LeaderElection4] INFO  server.RaftServerConfigKeys (ConfUtils.java:logGet(46)) - raft.server.rpc.timeout.min = 5s (custom)
2024-01-26 11:56:20,240 [5e57565a-2fac-4b31-b24f-016e073e3d73@group-338A3D310B1D-LeaderElection4] INFO  server.RaftServerConfigKeys (ConfUtils.java:logGet(46)) - raft.server.write.element-limit = 1024 (custom)
2024-01-26 11:56:20,240 [5e57565a-2fac-4b31-b24f-016e073e3d73@group-338A3D310B1D-LeaderElection4] INFO  server.RaftServerConfigKeys (ConfUtils.java:logGet(46)) - raft.server.write.follower.gap.ratio.max = -1.0 (default)
2024-01-26 11:56:20,240 [5e57565a-2fac-4b31-b24f-016e073e3d73@group-338A3D310B1D-LeaderElection4] INFO  impl.RoleInfo (RoleInfo.java:updateAndGet(139)) - 5e57565a-2fac-4b31-b24f-016e073e3d73: start 5e57565a-2fac-4b31-b24f-016e073e3d73@group-338A3D310B1D-LeaderStateImpl
2024-01-26 11:56:20,240 [5e57565a-2fac-4b31-b24f-016e073e3d73@group-338A3D310B1D-LeaderElection4] INFO  server.RaftServer$Division (RaftServerImpl.java:setFirstElection(574)) - 5e57565a-2fac-4b31-b24f-016e073e3d73@group-338A3D310B1D: set firstElectionSinceStartup to false for becomeLeader
2024-01-26 11:56:20,240 [5e57565a-2fac-4b31-b24f-016e073e3d73@group-338A3D310B1D-LeaderElection4] INFO  ratis.XceiverServerRatis (XceiverServerRatis.java:handleLeaderChangedNotification(945)) - Leader change notification received for group: group-338A3D310B1D with new leaderId: 5e57565a-2fac-4b31-b24f-016e073e3d73
2024-01-26 11:56:20,241 [5e57565a-2fac-4b31-b24f-016e073e3d73@group-338A3D310B1D-LeaderElection4] INFO  server.RaftServer$Division (ServerState.java:setLeader(269)) - 5e57565a-2fac-4b31-b24f-016e073e3d73@group-338A3D310B1D: change Leader from null to 5e57565a-2fac-4b31-b24f-016e073e3d73 at term 1 for becomeLeader, leader elected after 5193ms
2024-01-26 11:56:20,241 [5e57565a-2fac-4b31-b24f-016e073e3d73@group-338A3D310B1D-LeaderElection4] INFO  segmented.SegmentedRaftLogWorker (SegmentedRaftLogWorker.java:startLogSegment(430)) - 5e57565a-2fac-4b31-b24f-016e073e3d73@group-338A3D310B1D-SegmentedRaftLogWorker: Starting segment from index:0
2024-01-26 11:56:20,244 [5e57565a-2fac-4b31-b24f-016e073e3d73@group-338A3D310B1D-LeaderElection4] INFO  server.RaftServer$Division (ServerState.java:setRaftConf(386)) - 5e57565a-2fac-4b31-b24f-016e073e3d73@group-338A3D310B1D: set configuration 0: peers:[5e57565a-2fac-4b31-b24f-016e073e3d73|10.1.0.50:15014]|listeners:[], old=null
2024-01-26 11:56:20,244 [5e57565a-2fac-4b31-b24f-016e073e3d73@group-338A3D310B1D-SegmentedRaftLogWorker] INFO  segmented.BufferedWriteChannel (BufferedWriteChannel.java:open(62)) - open log_inprogress_0 at position 0
2024-01-26 11:56:20,251 [EventQueue-OpenPipelineForHealthyPipelineSafeModeRule] INFO  safemode.SCMSafeModeManager (HealthyPipelineSafeModeRule.java:process(140)) - SCM in safe mode. Healthy pipelines reported count is 0, required healthy pipeline reported count is 1
2024-01-26 11:56:20,256 [5e57565a-2fac-4b31-b24f-016e073e3d73@group-338A3D310B1D-SegmentedRaftLogWorker] INFO  segmented.SegmentedRaftLogWorker (SegmentedRaftLogWorker.java:execute(634)) - 5e57565a-2fac-4b31-b24f-016e073e3d73@group-338A3D310B1D-SegmentedRaftLogWorker: created new log segment /home/runner/work/ozone/ozone/hadoop-ozone/integration-test/target/test-dir/MiniOzoneClusterImpl-b54bfeae-1ef8-4c1d-b639-09e56ef7dc0e/datanode-0/data/ratis/e517abf9-fe06-462f-bee2-338a3d310b1d/current/log_inprogress_0
2024-01-26 11:56:20,256 [5e57565a-2fac-4b31-b24f-016e073e3d73@group-342F2AF39FD7-LeaderElection3] INFO  server.RaftServerConfigKeys (ConfUtils.java:logFallback(53)) - raft.server.rpc.first-election.timeout.min = 5s (fallback to raft.server.rpc.timeout.min)
2024-01-26 11:56:20,257 [5e57565a-2fac-4b31-b24f-016e073e3d73@group-342F2AF39FD7-LeaderElection3] INFO  server.RaftServerConfigKeys (ConfUtils.java:logFallback(53)) - raft.server.rpc.first-election.timeout.max = 5200ms (fallback to raft.server.rpc.timeout.max)
2024-01-26 11:56:20,258 [5e57565a-2fac-4b31-b24f-016e073e3d73@group-342F2AF39FD7-LeaderElection3-1] INFO  server.GrpcServerProtocolClient (GrpcServerProtocolClient.java:<init>(65)) - Build channel for 5c737fdf-f228-4231-bbf6-1cc383ec73d2|10.1.0.50:15023
2024-01-26 11:56:20,259 [5e57565a-2fac-4b31-b24f-016e073e3d73@group-338A3D310B1D-StateMachineUpdater] INFO  server.RaftServer$Division (LeaderStateImpl.java:isApplied(320)) - leader is ready since appliedIndex == 0 >= startIndex == 0
2024-01-26 11:56:20,259 [5e57565a-2fac-4b31-b24f-016e073e3d73@group-342F2AF39FD7-LeaderElection3-2] INFO  server.GrpcServerProtocolClient (GrpcServerProtocolClient.java:<init>(65)) - Build channel for 5052cfc4-081a-46ed-8261-0b7a8ad7db0a|10.1.0.50:15032
2024-01-26 11:56:20,261 [Mini-Cluster-Provider-Create] INFO  ozone.MiniOzoneClusterImpl (MiniOzoneClusterImpl.java:lambda$waitForClusterToBeReady$0(229)) - Nodes are ready. Got 3 of 3 DN Heartbeats.
2024-01-26 11:56:20,261 [Mini-Cluster-Provider-Create] INFO  ozone.MiniOzoneClusterImpl (MiniOzoneClusterImpl.java:lambda$waitForClusterToBeReady$0(232)) - Waiting for cluster to exit safe mode
2024-01-26 11:56:20,261 [Mini-Cluster-Provider-Create] INFO  ozone.MiniOzoneClusterImpl (MiniOzoneClusterImpl.java:lambda$waitForClusterToBeReady$0(234)) - SCM became leader
2024-01-26 11:56:20,271 [grpc-default-executor-1] INFO  server.RaftServer$Division (RaftServerImpl.java:requestVote(1389)) - 5052cfc4-081a-46ed-8261-0b7a8ad7db0a@group-342F2AF39FD7: receive requestVote(PRE_VOTE, 5e57565a-2fac-4b31-b24f-016e073e3d73, group-342F2AF39FD7, 0, (t:0, i:0))
2024-01-26 11:56:20,273 [grpc-default-executor-2] INFO  server.RaftServer$Division (RaftServerImpl.java:requestVote(1389)) - 5c737fdf-f228-4231-bbf6-1cc383ec73d2@group-342F2AF39FD7: receive requestVote(PRE_VOTE, 5e57565a-2fac-4b31-b24f-016e073e3d73, group-342F2AF39FD7, 0, (t:0, i:0))
2024-01-26 11:56:20,274 [grpc-default-executor-1] INFO  impl.VoteContext (VoteContext.java:log(49)) - 5052cfc4-081a-46ed-8261-0b7a8ad7db0a@group-342F2AF39FD7-FOLLOWER: reject PRE_VOTE from 5e57565a-2fac-4b31-b24f-016e073e3d73: our priority 1 > candidate's priority 0
2024-01-26 11:56:20,279 [grpc-default-executor-2] INFO  impl.VoteContext (VoteContext.java:log(49)) - 5c737fdf-f228-4231-bbf6-1cc383ec73d2@group-342F2AF39FD7-FOLLOWER: accept PRE_VOTE from 5e57565a-2fac-4b31-b24f-016e073e3d73: our priority 0 <= candidate's priority 0
2024-01-26 11:56:20,280 [grpc-default-executor-1] INFO  server.RaftServer$Division (RaftServerImpl.java:requestVote(1422)) - 5052cfc4-081a-46ed-8261-0b7a8ad7db0a@group-342F2AF39FD7 replies to PRE_VOTE vote request: 5e57565a-2fac-4b31-b24f-016e073e3d73<-5052cfc4-081a-46ed-8261-0b7a8ad7db0a#0:FAIL-t0. Peer's state: 5052cfc4-081a-46ed-8261-0b7a8ad7db0a@group-342F2AF39FD7:t0, leader=null, voted=, raftlog=Memoized:5052cfc4-081a-46ed-8261-0b7a8ad7db0a@group-342F2AF39FD7-SegmentedRaftLog:OPENED:c-1, conf=-1: peers:[5c737fdf-f228-4231-bbf6-1cc383ec73d2|10.1.0.50:15023, 5052cfc4-081a-46ed-8261-0b7a8ad7db0a|10.1.0.50:15032, 5e57565a-2fac-4b31-b24f-016e073e3d73|10.1.0.50:15014]|listeners:[], old=null
2024-01-26 11:56:20,281 [grpc-default-executor-2] INFO  server.RaftServer$Division (RaftServerImpl.java:requestVote(1422)) - 5c737fdf-f228-4231-bbf6-1cc383ec73d2@group-342F2AF39FD7 replies to PRE_VOTE vote request: 5e57565a-2fac-4b31-b24f-016e073e3d73<-5c737fdf-f228-4231-bbf6-1cc383ec73d2#0:OK-t0. Peer's state: 5c737fdf-f228-4231-bbf6-1cc383ec73d2@group-342F2AF39FD7:t0, leader=null, voted=, raftlog=Memoized:5c737fdf-f228-4231-bbf6-1cc383ec73d2@group-342F2AF39FD7-SegmentedRaftLog:OPENED:c-1, conf=-1: peers:[5c737fdf-f228-4231-bbf6-1cc383ec73d2|10.1.0.50:15023, 5052cfc4-081a-46ed-8261-0b7a8ad7db0a|10.1.0.50:15032, 5e57565a-2fac-4b31-b24f-016e073e3d73|10.1.0.50:15014]|listeners:[], old=null
2024-01-26 11:56:20,285 [5e57565a-2fac-4b31-b24f-016e073e3d73@group-342F2AF39FD7-LeaderElection3] INFO  impl.LeaderElection (LeaderElection.java:logAndReturn(89)) - 5e57565a-2fac-4b31-b24f-016e073e3d73@group-342F2AF39FD7-LeaderElection3: PRE_VOTE REJECTED received 1 response(s) and 0 exception(s):
2024-01-26 11:56:20,286 [5e57565a-2fac-4b31-b24f-016e073e3d73@group-342F2AF39FD7-LeaderElection3] INFO  impl.LeaderElection (LeaderElection.java:logAndReturn(93)) -   Response 0: 5e57565a-2fac-4b31-b24f-016e073e3d73<-5052cfc4-081a-46ed-8261-0b7a8ad7db0a#0:FAIL-t0
2024-01-26 11:56:20,286 [5e57565a-2fac-4b31-b24f-016e073e3d73@group-342F2AF39FD7-LeaderElection3] INFO  impl.LeaderElection (LeaderElection.java:askForVotes(323)) - 5e57565a-2fac-4b31-b24f-016e073e3d73@group-342F2AF39FD7-LeaderElection3 PRE_VOTE round 0: result REJECTED
2024-01-26 11:56:20,286 [5e57565a-2fac-4b31-b24f-016e073e3d73@group-342F2AF39FD7-LeaderElection3] INFO  server.RaftServer$Division (RaftServerImpl.java:setRole(383)) - 5e57565a-2fac-4b31-b24f-016e073e3d73@group-342F2AF39FD7: changes role from CANDIDATE to FOLLOWER at term 0 for REJECTED
2024-01-26 11:56:20,286 [5e57565a-2fac-4b31-b24f-016e073e3d73@group-342F2AF39FD7-LeaderElection3] INFO  impl.RoleInfo (RoleInfo.java:shutdownLeaderElection(130)) - 5e57565a-2fac-4b31-b24f-016e073e3d73: shutdown 5e57565a-2fac-4b31-b24f-016e073e3d73@group-342F2AF39FD7-LeaderElection3
2024-01-26 11:56:20,287 [5e57565a-2fac-4b31-b24f-016e073e3d73@group-342F2AF39FD7-LeaderElection3] INFO  impl.RoleInfo (RoleInfo.java:updateAndGet(139)) - 5e57565a-2fac-4b31-b24f-016e073e3d73: start 5e57565a-2fac-4b31-b24f-016e073e3d73@group-342F2AF39FD7-FollowerState
2024-01-26 11:56:20,287 [5e57565a-2fac-4b31-b24f-016e073e3d73@group-342F2AF39FD7-LeaderElection3] INFO  server.RaftServer$Division (RaftServerImpl.java:setFirstElection(574)) - 5e57565a-2fac-4b31-b24f-016e073e3d73@group-342F2AF39FD7: set firstElectionSinceStartup to false for REJECTED
2024-01-26 11:56:20,319 [5c737fdf-f228-4231-bbf6-1cc383ec73d2@group-342F2AF39FD7-FollowerState] INFO  server.RaftServerConfigKeys (ConfUtils.java:logFallback(53)) - raft.server.rpc.first-election.timeout.min = 5s (fallback to raft.server.rpc.timeout.min)
2024-01-26 11:56:20,321 [5c737fdf-f228-4231-bbf6-1cc383ec73d2@group-342F2AF39FD7-FollowerState] INFO  server.RaftServerConfigKeys (ConfUtils.java:logFallback(53)) - raft.server.rpc.first-election.timeout.max = 5200ms (fallback to raft.server.rpc.timeout.max)
2024-01-26 11:56:20,357 [5052cfc4-081a-46ed-8261-0b7a8ad7db0a@group-342F2AF39FD7-FollowerState] INFO  impl.FollowerState (FollowerState.java:run(143)) - 5052cfc4-081a-46ed-8261-0b7a8ad7db0a@group-342F2AF39FD7-FollowerState: change to CANDIDATE, lastRpcElapsedTime:5007387808ns, electionTimeout:5004ms
2024-01-26 11:56:20,357 [5052cfc4-081a-46ed-8261-0b7a8ad7db0a@group-342F2AF39FD7-FollowerState] INFO  impl.RoleInfo (RoleInfo.java:shutdownFollowerState(110)) - 5052cfc4-081a-46ed-8261-0b7a8ad7db0a: shutdown 5052cfc4-081a-46ed-8261-0b7a8ad7db0a@group-342F2AF39FD7-FollowerState
2024-01-26 11:56:20,357 [5052cfc4-081a-46ed-8261-0b7a8ad7db0a@group-342F2AF39FD7-FollowerState] INFO  server.RaftServer$Division (RaftServerImpl.java:setRole(383)) - 5052cfc4-081a-46ed-8261-0b7a8ad7db0a@group-342F2AF39FD7: changes role from  FOLLOWER to CANDIDATE at term 0 for changeToCandidate
2024-01-26 11:56:20,357 [5052cfc4-081a-46ed-8261-0b7a8ad7db0a@group-342F2AF39FD7-FollowerState] INFO  server.RaftServerConfigKeys (ConfUtils.java:logGet(46)) - raft.server.leaderelection.pre-vote = true (default)
2024-01-26 11:56:20,357 [5052cfc4-081a-46ed-8261-0b7a8ad7db0a@group-342F2AF39FD7-FollowerState] INFO  impl.RoleInfo (RoleInfo.java:updateAndGet(139)) - 5052cfc4-081a-46ed-8261-0b7a8ad7db0a: start 5052cfc4-081a-46ed-8261-0b7a8ad7db0a@group-342F2AF39FD7-LeaderElection5
2024-01-26 11:56:20,358 [5052cfc4-081a-46ed-8261-0b7a8ad7db0a@group-342F2AF39FD7-LeaderElection5] INFO  impl.LeaderElection (LeaderElection.java:askForVotes(321)) - 5052cfc4-081a-46ed-8261-0b7a8ad7db0a@group-342F2AF39FD7-LeaderElection5 PRE_VOTE round 0: submit vote requests at term 0 for -1: peers:[5c737fdf-f228-4231-bbf6-1cc383ec73d2|10.1.0.50:15023, 5052cfc4-081a-46ed-8261-0b7a8ad7db0a|10.1.0.50:15032, 5e57565a-2fac-4b31-b24f-016e073e3d73|10.1.0.50:15014]|listeners:[], old=null
2024-01-26 11:56:20,359 [5052cfc4-081a-46ed-8261-0b7a8ad7db0a@group-342F2AF39FD7-LeaderElection5-1] INFO  server.GrpcServerProtocolClient (GrpcServerProtocolClient.java:<init>(65)) - Build channel for 5c737fdf-f228-4231-bbf6-1cc383ec73d2|10.1.0.50:15023
2024-01-26 11:56:20,359 [5052cfc4-081a-46ed-8261-0b7a8ad7db0a@group-342F2AF39FD7-LeaderElection5-2] INFO  server.GrpcServerProtocolClient (GrpcServerProtocolClient.java:<init>(65)) - Build channel for 5e57565a-2fac-4b31-b24f-016e073e3d73|10.1.0.50:15014
2024-01-26 11:56:20,359 [5052cfc4-081a-46ed-8261-0b7a8ad7db0a@group-342F2AF39FD7-LeaderElection5] INFO  server.RaftServerConfigKeys (ConfUtils.java:logFallback(53)) - raft.server.rpc.first-election.timeout.min = 5s (fallback to raft.server.rpc.timeout.min)
2024-01-26 11:56:20,364 [5052cfc4-081a-46ed-8261-0b7a8ad7db0a@group-342F2AF39FD7-LeaderElection5] INFO  server.RaftServerConfigKeys (ConfUtils.java:logFallback(53)) - raft.server.rpc.first-election.timeout.max = 5200ms (fallback to raft.server.rpc.timeout.max)
2024-01-26 11:56:20,375 [grpc-default-executor-1] INFO  server.RaftServer$Division (RaftServerImpl.java:requestVote(1389)) - 5c737fdf-f228-4231-bbf6-1cc383ec73d2@group-342F2AF39FD7: receive requestVote(PRE_VOTE, 5052cfc4-081a-46ed-8261-0b7a8ad7db0a, group-342F2AF39FD7, 0, (t:0, i:0))
2024-01-26 11:56:20,375 [grpc-default-executor-2] INFO  server.RaftServer$Division (RaftServerImpl.java:requestVote(1389)) - 5e57565a-2fac-4b31-b24f-016e073e3d73@group-342F2AF39FD7: receive requestVote(PRE_VOTE, 5052cfc4-081a-46ed-8261-0b7a8ad7db0a, group-342F2AF39FD7, 0, (t:0, i:0))
2024-01-26 11:56:20,376 [grpc-default-executor-1] INFO  impl.VoteContext (VoteContext.java:log(49)) - 5c737fdf-f228-4231-bbf6-1cc383ec73d2@group-342F2AF39FD7-FOLLOWER: accept PRE_VOTE from 5052cfc4-081a-46ed-8261-0b7a8ad7db0a: our priority 0 <= candidate's priority 1
2024-01-26 11:56:20,376 [grpc-default-executor-2] INFO  impl.VoteContext (VoteContext.java:log(49)) - 5e57565a-2fac-4b31-b24f-016e073e3d73@group-342F2AF39FD7-FOLLOWER: accept PRE_VOTE from 5052cfc4-081a-46ed-8261-0b7a8ad7db0a: our priority 0 <= candidate's priority 1
2024-01-26 11:56:20,376 [grpc-default-executor-1] INFO  server.RaftServer$Division (RaftServerImpl.java:requestVote(1422)) - 5c737fdf-f228-4231-bbf6-1cc383ec73d2@group-342F2AF39FD7 replies to PRE_VOTE vote request: 5052cfc4-081a-46ed-8261-0b7a8ad7db0a<-5c737fdf-f228-4231-bbf6-1cc383ec73d2#0:OK-t0. Peer's state: 5c737fdf-f228-4231-bbf6-1cc383ec73d2@group-342F2AF39FD7:t0, leader=null, voted=, raftlog=Memoized:5c737fdf-f228-4231-bbf6-1cc383ec73d2@group-342F2AF39FD7-SegmentedRaftLog:OPENED:c-1, conf=-1: peers:[5c737fdf-f228-4231-bbf6-1cc383ec73d2|10.1.0.50:15023, 5052cfc4-081a-46ed-8261-0b7a8ad7db0a|10.1.0.50:15032, 5e57565a-2fac-4b31-b24f-016e073e3d73|10.1.0.50:15014]|listeners:[], old=null
2024-01-26 11:56:20,376 [grpc-default-executor-2] INFO  server.RaftServer$Division (RaftServerImpl.java:requestVote(1422)) - 5e57565a-2fac-4b31-b24f-016e073e3d73@group-342F2AF39FD7 replies to PRE_VOTE vote request: 5052cfc4-081a-46ed-8261-0b7a8ad7db0a<-5e57565a-2fac-4b31-b24f-016e073e3d73#0:OK-t0. Peer's state: 5e57565a-2fac-4b31-b24f-016e073e3d73@group-342F2AF39FD7:t0, leader=null, voted=, raftlog=Memoized:5e57565a-2fac-4b31-b24f-016e073e3d73@group-342F2AF39FD7-SegmentedRaftLog:OPENED:c-1, conf=-1: peers:[5c737fdf-f228-4231-bbf6-1cc383ec73d2|10.1.0.50:15023, 5052cfc4-081a-46ed-8261-0b7a8ad7db0a|10.1.0.50:15032, 5e57565a-2fac-4b31-b24f-016e073e3d73|10.1.0.50:15014]|listeners:[], old=null
2024-01-26 11:56:20,380 [5052cfc4-081a-46ed-8261-0b7a8ad7db0a@group-342F2AF39FD7-LeaderElection5] INFO  impl.LeaderElection (LeaderElection.java:logAndReturn(89)) - 5052cfc4-081a-46ed-8261-0b7a8ad7db0a@group-342F2AF39FD7-LeaderElection5: PRE_VOTE PASSED received 1 response(s) and 0 exception(s):
2024-01-26 11:56:20,380 [5052cfc4-081a-46ed-8261-0b7a8ad7db0a@group-342F2AF39FD7-LeaderElection5] INFO  impl.LeaderElection (LeaderElection.java:logAndReturn(93)) -   Response 0: 5052cfc4-081a-46ed-8261-0b7a8ad7db0a<-5e57565a-2fac-4b31-b24f-016e073e3d73#0:OK-t0
2024-01-26 11:56:20,381 [5052cfc4-081a-46ed-8261-0b7a8ad7db0a@group-342F2AF39FD7-LeaderElection5] INFO  impl.LeaderElection (LeaderElection.java:askForVotes(323)) - 5052cfc4-081a-46ed-8261-0b7a8ad7db0a@group-342F2AF39FD7-LeaderElection5 PRE_VOTE round 0: result PASSED
2024-01-26 11:56:20,382 [5052cfc4-081a-46ed-8261-0b7a8ad7db0a@group-342F2AF39FD7-LeaderElection5] INFO  impl.LeaderElection (LeaderElection.java:askForVotes(321)) - 5052cfc4-081a-46ed-8261-0b7a8ad7db0a@group-342F2AF39FD7-LeaderElection5 ELECTION round 0: submit vote requests at term 1 for -1: peers:[5c737fdf-f228-4231-bbf6-1cc383ec73d2|10.1.0.50:15023, 5052cfc4-081a-46ed-8261-0b7a8ad7db0a|10.1.0.50:15032, 5e57565a-2fac-4b31-b24f-016e073e3d73|10.1.0.50:15014]|listeners:[], old=null
2024-01-26 11:56:20,384 [5052cfc4-081a-46ed-8261-0b7a8ad7db0a@group-342F2AF39FD7-LeaderElection5] INFO  server.RaftServerConfigKeys (ConfUtils.java:logFallback(53)) - raft.server.rpc.first-election.timeout.min = 5s (fallback to raft.server.rpc.timeout.min)
2024-01-26 11:56:20,384 [5052cfc4-081a-46ed-8261-0b7a8ad7db0a@group-342F2AF39FD7-LeaderElection5] INFO  server.RaftServerConfigKeys (ConfUtils.java:logFallback(53)) - raft.server.rpc.first-election.timeout.max = 5200ms (fallback to raft.server.rpc.timeout.max)
2024-01-26 11:56:20,385 [grpc-default-executor-1] INFO  server.RaftServer$Division (RaftServerImpl.java:requestVote(1389)) - 5c737fdf-f228-4231-bbf6-1cc383ec73d2@group-342F2AF39FD7: receive requestVote(ELECTION, 5052cfc4-081a-46ed-8261-0b7a8ad7db0a, group-342F2AF39FD7, 1, (t:0, i:0))
2024-01-26 11:56:20,386 [grpc-default-executor-1] INFO  impl.VoteContext (VoteContext.java:log(49)) - 5c737fdf-f228-4231-bbf6-1cc383ec73d2@group-342F2AF39FD7-FOLLOWER: accept ELECTION from 5052cfc4-081a-46ed-8261-0b7a8ad7db0a: our priority 0 <= candidate's priority 1
2024-01-26 11:56:20,386 [grpc-default-executor-1] INFO  server.RaftServer$Division (RaftServerImpl.java:setRole(383)) - 5c737fdf-f228-4231-bbf6-1cc383ec73d2@group-342F2AF39FD7: changes role from  FOLLOWER to FOLLOWER at term 1 for candidate:5052cfc4-081a-46ed-8261-0b7a8ad7db0a
2024-01-26 11:56:20,386 [grpc-default-executor-1] INFO  impl.RoleInfo (RoleInfo.java:shutdownFollowerState(110)) - 5c737fdf-f228-4231-bbf6-1cc383ec73d2: shutdown 5c737fdf-f228-4231-bbf6-1cc383ec73d2@group-342F2AF39FD7-FollowerState
2024-01-26 11:56:20,386 [grpc-default-executor-2] INFO  server.RaftServer$Division (RaftServerImpl.java:requestVote(1389)) - 5e57565a-2fac-4b31-b24f-016e073e3d73@group-342F2AF39FD7: receive requestVote(ELECTION, 5052cfc4-081a-46ed-8261-0b7a8ad7db0a, group-342F2AF39FD7, 1, (t:0, i:0))
2024-01-26 11:56:20,386 [5c737fdf-f228-4231-bbf6-1cc383ec73d2@group-342F2AF39FD7-FollowerState] INFO  impl.FollowerState (FollowerState.java:run(152)) - 5c737fdf-f228-4231-bbf6-1cc383ec73d2@group-342F2AF39FD7-FollowerState was interrupted
2024-01-26 11:56:20,386 [grpc-default-executor-2] INFO  impl.VoteContext (VoteContext.java:log(49)) - 5e57565a-2fac-4b31-b24f-016e073e3d73@group-342F2AF39FD7-FOLLOWER: accept ELECTION from 5052cfc4-081a-46ed-8261-0b7a8ad7db0a: our priority 0 <= candidate's priority 1
2024-01-26 11:56:20,387 [grpc-default-executor-2] INFO  server.RaftServer$Division (RaftServerImpl.java:setRole(383)) - 5e57565a-2fac-4b31-b24f-016e073e3d73@group-342F2AF39FD7: changes role from  FOLLOWER to FOLLOWER at term 1 for candidate:5052cfc4-081a-46ed-8261-0b7a8ad7db0a
2024-01-26 11:56:20,387 [grpc-default-executor-1] INFO  impl.RoleInfo (RoleInfo.java:updateAndGet(139)) - 5c737fdf-f228-4231-bbf6-1cc383ec73d2: start 5c737fdf-f228-4231-bbf6-1cc383ec73d2@group-342F2AF39FD7-FollowerState
2024-01-26 11:56:20,387 [grpc-default-executor-2] INFO  impl.RoleInfo (RoleInfo.java:shutdownFollowerState(110)) - 5e57565a-2fac-4b31-b24f-016e073e3d73: shutdown 5e57565a-2fac-4b31-b24f-016e073e3d73@group-342F2AF39FD7-FollowerState
2024-01-26 11:56:20,388 [grpc-default-executor-1] INFO  server.RaftServer$Division (RaftServerImpl.java:setFirstElection(574)) - 5c737fdf-f228-4231-bbf6-1cc383ec73d2@group-342F2AF39FD7: set firstElectionSinceStartup to false for candidate:5052cfc4-081a-46ed-8261-0b7a8ad7db0a
2024-01-26 11:56:20,388 [5e57565a-2fac-4b31-b24f-016e073e3d73@group-342F2AF39FD7-FollowerState] INFO  impl.FollowerState (FollowerState.java:run(152)) - 5e57565a-2fac-4b31-b24f-016e073e3d73@group-342F2AF39FD7-FollowerState was interrupted
2024-01-26 11:56:20,388 [grpc-default-executor-2] INFO  impl.RoleInfo (RoleInfo.java:updateAndGet(139)) - 5e57565a-2fac-4b31-b24f-016e073e3d73: start 5e57565a-2fac-4b31-b24f-016e073e3d73@group-342F2AF39FD7-FollowerState
2024-01-26 11:56:20,389 [grpc-default-executor-1] INFO  server.RaftServer$Division (RaftServerImpl.java:requestVote(1422)) - 5c737fdf-f228-4231-bbf6-1cc383ec73d2@group-342F2AF39FD7 replies to ELECTION vote request: 5052cfc4-081a-46ed-8261-0b7a8ad7db0a<-5c737fdf-f228-4231-bbf6-1cc383ec73d2#0:OK-t1. Peer's state: 5c737fdf-f228-4231-bbf6-1cc383ec73d2@group-342F2AF39FD7:t1, leader=null, voted=5052cfc4-081a-46ed-8261-0b7a8ad7db0a, raftlog=Memoized:5c737fdf-f228-4231-bbf6-1cc383ec73d2@group-342F2AF39FD7-SegmentedRaftLog:OPENED:c-1, conf=-1: peers:[5c737fdf-f228-4231-bbf6-1cc383ec73d2|10.1.0.50:15023, 5052cfc4-081a-46ed-8261-0b7a8ad7db0a|10.1.0.50:15032, 5e57565a-2fac-4b31-b24f-016e073e3d73|10.1.0.50:15014]|listeners:[], old=null
2024-01-26 11:56:20,390 [grpc-default-executor-2] INFO  server.RaftServer$Division (RaftServerImpl.java:requestVote(1422)) - 5e57565a-2fac-4b31-b24f-016e073e3d73@group-342F2AF39FD7 replies to ELECTION vote request: 5052cfc4-081a-46ed-8261-0b7a8ad7db0a<-5e57565a-2fac-4b31-b24f-016e073e3d73#0:OK-t1. Peer's state: 5e57565a-2fac-4b31-b24f-016e073e3d73@group-342F2AF39FD7:t1, leader=null, voted=5052cfc4-081a-46ed-8261-0b7a8ad7db0a, raftlog=Memoized:5e57565a-2fac-4b31-b24f-016e073e3d73@group-342F2AF39FD7-SegmentedRaftLog:OPENED:c-1, conf=-1: peers:[5c737fdf-f228-4231-bbf6-1cc383ec73d2|10.1.0.50:15023, 5052cfc4-081a-46ed-8261-0b7a8ad7db0a|10.1.0.50:15032, 5e57565a-2fac-4b31-b24f-016e073e3d73|10.1.0.50:15014]|listeners:[], old=null
2024-01-26 11:56:20,391 [5052cfc4-081a-46ed-8261-0b7a8ad7db0a@group-342F2AF39FD7-LeaderElection5] INFO  impl.LeaderElection (LeaderElection.java:logAndReturn(89)) - 5052cfc4-081a-46ed-8261-0b7a8ad7db0a@group-342F2AF39FD7-LeaderElection5: ELECTION PASSED received 1 response(s) and 0 exception(s):
2024-01-26 11:56:20,391 [5052cfc4-081a-46ed-8261-0b7a8ad7db0a@group-342F2AF39FD7-LeaderElection5] INFO  impl.LeaderElection (LeaderElection.java:logAndReturn(93)) -   Response 0: 5052cfc4-081a-46ed-8261-0b7a8ad7db0a<-5c737fdf-f228-4231-bbf6-1cc383ec73d2#0:OK-t1
2024-01-26 11:56:20,391 [5052cfc4-081a-46ed-8261-0b7a8ad7db0a@group-342F2AF39FD7-LeaderElection5] INFO  impl.LeaderElection (LeaderElection.java:askForVotes(323)) - 5052cfc4-081a-46ed-8261-0b7a8ad7db0a@group-342F2AF39FD7-LeaderElection5 ELECTION round 0: result PASSED
2024-01-26 11:56:20,391 [5052cfc4-081a-46ed-8261-0b7a8ad7db0a@group-342F2AF39FD7-LeaderElection5] INFO  impl.RoleInfo (RoleInfo.java:shutdownLeaderElection(130)) - 5052cfc4-081a-46ed-8261-0b7a8ad7db0a: shutdown 5052cfc4-081a-46ed-8261-0b7a8ad7db0a@group-342F2AF39FD7-LeaderElection5
2024-01-26 11:56:20,391 [5052cfc4-081a-46ed-8261-0b7a8ad7db0a@group-342F2AF39FD7-LeaderElection5] INFO  server.RaftServer$Division (RaftServerImpl.java:setRole(383)) - 5052cfc4-081a-46ed-8261-0b7a8ad7db0a@group-342F2AF39FD7: changes role from CANDIDATE to LEADER at term 1 for changeToLeader
2024-01-26 11:56:20,391 [5052cfc4-081a-46ed-8261-0b7a8ad7db0a@group-342F2AF39FD7-LeaderElection5] INFO  server.RaftServerConfigKeys (ConfUtils.java:logGet(46)) - raft.server.staging.catchup.gap = 1000 (default)
2024-01-26 11:56:20,392 [5052cfc4-081a-46ed-8261-0b7a8ad7db0a@group-342F2AF39FD7-LeaderElection5] INFO  server.RaftServerConfigKeys (ConfUtils.java:logGet(46)) - raft.server.write.element-limit = 1024 (custom)
2024-01-26 11:56:20,392 [5052cfc4-081a-46ed-8261-0b7a8ad7db0a@group-342F2AF39FD7-LeaderElection5] INFO  server.RaftServerConfigKeys (ConfUtils.java:logGet(46)) - raft.server.write.byte-limit = 1024 M (=1073741824) (custom)
2024-01-26 11:56:20,392 [5052cfc4-081a-46ed-8261-0b7a8ad7db0a@group-342F2AF39FD7-LeaderElection5] INFO  server.RaftServerConfigKeys (ConfUtils.java:logGet(46)) - raft.server.watch.timeout = 180s (custom)
2024-01-26 11:56:20,392 [5052cfc4-081a-46ed-8261-0b7a8ad7db0a@group-342F2AF39FD7-LeaderElection5] INFO  server.RaftServerConfigKeys (ConfUtils.java:logGet(46)) - raft.server.watch.timeout.denomination = 1s (default)
2024-01-26 11:56:20,392 [5052cfc4-081a-46ed-8261-0b7a8ad7db0a@group-342F2AF39FD7-LeaderElection5] INFO  server.RaftServerConfigKeys (ConfUtils.java:logGet(46)) - raft.server.watch.element-limit = 65536 (default)
2024-01-26 11:56:20,392 [5052cfc4-081a-46ed-8261-0b7a8ad7db0a@group-342F2AF39FD7-LeaderElection5] INFO  server.RaftServerConfigKeys (ConfUtils.java:logGet(46)) - raft.server.read.leader.lease.enabled = false (default)
2024-01-26 11:56:20,393 [5052cfc4-081a-46ed-8261-0b7a8ad7db0a@group-342F2AF39FD7-LeaderElection5] INFO  server.RaftServerConfigKeys (ConfUtils.java:logGet(46)) - raft.server.read.leader.lease.timeout.ratio = 0.9 (default)
2024-01-26 11:56:20,393 [5052cfc4-081a-46ed-8261-0b7a8ad7db0a@group-342F2AF39FD7-LeaderElection5] INFO  server.RaftServerConfigKeys (ConfUtils.java:logGet(46)) - raft.server.rpc.timeout.min = 5s (custom)
2024-01-26 11:56:20,393 [5052cfc4-081a-46ed-8261-0b7a8ad7db0a@group-342F2AF39FD7-LeaderElection5] INFO  server.RaftServerConfigKeys (ConfUtils.java:logGet(46)) - raft.server.write.element-limit = 1024 (custom)
2024-01-26 11:56:20,393 [5052cfc4-081a-46ed-8261-0b7a8ad7db0a@group-342F2AF39FD7-LeaderElection5] INFO  server.RaftServerConfigKeys (ConfUtils.java:logGet(46)) - raft.server.write.follower.gap.ratio.max = -1.0 (default)
2024-01-26 11:56:20,400 [5052cfc4-081a-46ed-8261-0b7a8ad7db0a@group-342F2AF39FD7-LeaderElection5] INFO  server.RaftServerConfigKeys (ConfUtils.java:logGet(46)) - raft.server.log.appender.snapshot.chunk.size.max = 16MB (=16777216) (default)
2024-01-26 11:56:20,400 [5052cfc4-081a-46ed-8261-0b7a8ad7db0a@group-342F2AF39FD7-LeaderElection5] INFO  server.RaftServerConfigKeys (ConfUtils.java:logGet(46)) - raft.server.log.appender.buffer.byte-limit = 8388608 (custom)
2024-01-26 11:56:20,400 [5052cfc4-081a-46ed-8261-0b7a8ad7db0a@group-342F2AF39FD7-LeaderElection5] INFO  server.RaftServerConfigKeys (ConfUtils.java:logGet(46)) - raft.server.log.appender.buffer.element-limit = 1 (custom)
2024-01-26 11:56:20,402 [5052cfc4-081a-46ed-8261-0b7a8ad7db0a@group-342F2AF39FD7-LeaderElection5] INFO  server.RaftServerConfigKeys (ConfUtils.java:logGet(46)) - raft.server.log.appender.wait-time.min = 0μs (custom)
2024-01-26 11:56:20,404 [5052cfc4-081a-46ed-8261-0b7a8ad7db0a@group-342F2AF39FD7-LeaderElection5] INFO  grpc.GrpcConfigKeys (ConfUtils.java:logGet(46)) - raft.grpc.server.leader.outstanding.appends.max = 8 (default)
2024-01-26 11:56:20,404 [5052cfc4-081a-46ed-8261-0b7a8ad7db0a@group-342F2AF39FD7-LeaderElection5] INFO  server.RaftServerConfigKeys (ConfUtils.java:logGet(46)) - raft.server.rpc.request.timeout = 60s (custom)
2024-01-26 11:56:20,405 [5052cfc4-081a-46ed-8261-0b7a8ad7db0a@group-342F2AF39FD7-LeaderElection5] INFO  grpc.GrpcConfigKeys (ConfUtils.java:logGet(46)) - raft.grpc.server.install_snapshot.request.element-limit = 8 (default)
2024-01-26 11:56:20,405 [5052cfc4-081a-46ed-8261-0b7a8ad7db0a@group-342F2AF39FD7-LeaderElection5] INFO  grpc.GrpcConfigKeys (ConfUtils.java:logGet(46)) - raft.grpc.server.install_snapshot.request.timeout = 3000ms (default)
2024-01-26 11:56:20,405 [5052cfc4-081a-46ed-8261-0b7a8ad7db0a@group-342F2AF39FD7-LeaderElection5] INFO  grpc.GrpcConfigKeys (ConfUtils.java:logGet(46)) - raft.grpc.server.log-message.batch.duration = 5s (default)
2024-01-26 11:56:20,405 [5052cfc4-081a-46ed-8261-0b7a8ad7db0a@group-342F2AF39FD7-LeaderElection5] INFO  server.RaftServerConfigKeys (ConfUtils.java:logGet(46)) - raft.server.log.appender.install.snapshot.enabled = false (custom)
2024-01-26 11:56:20,405 [5052cfc4-081a-46ed-8261-0b7a8ad7db0a@group-342F2AF39FD7-LeaderElection5] INFO  grpc.GrpcConfigKeys (ConfUtils.java:logGet(46)) - raft.grpc.server.heartbeat.channel = true (default)
2024-01-26 11:56:20,408 [5052cfc4-081a-46ed-8261-0b7a8ad7db0a@group-342F2AF39FD7-LeaderElection5] INFO  server.RaftServerConfigKeys (ConfUtils.java:logGet(46)) - raft.server.log.appender.snapshot.chunk.size.max = 16MB (=16777216) (default)
2024-01-26 11:56:20,408 [5052cfc4-081a-46ed-8261-0b7a8ad7db0a@group-342F2AF39FD7-LeaderElection5] INFO  server.RaftServerConfigKeys (ConfUtils.java:logGet(46)) - raft.server.log.appender.buffer.byte-limit = 8388608 (custom)
2024-01-26 11:56:20,408 [5052cfc4-081a-46ed-8261-0b7a8ad7db0a@group-342F2AF39FD7-LeaderElection5] INFO  server.RaftServerConfigKeys (ConfUtils.java:logGet(46)) - raft.server.log.appender.buffer.element-limit = 1 (custom)
2024-01-26 11:56:20,408 [5052cfc4-081a-46ed-8261-0b7a8ad7db0a@group-342F2AF39FD7-LeaderElection5] INFO  server.RaftServerConfigKeys (ConfUtils.java:logGet(46)) - raft.server.log.appender.wait-time.min = 0μs (custom)
2024-01-26 11:56:20,409 [5052cfc4-081a-46ed-8261-0b7a8ad7db0a@group-342F2AF39FD7-LeaderElection5] INFO  grpc.GrpcConfigKeys (ConfUtils.java:logGet(46)) - raft.grpc.server.leader.outstanding.appends.max = 8 (default)
2024-01-26 11:56:20,409 [5052cfc4-081a-46ed-8261-0b7a8ad7db0a@group-342F2AF39FD7-LeaderElection5] INFO  server.RaftServerConfigKeys (ConfUtils.java:logGet(46)) - raft.server.rpc.request.timeout = 60s (custom)
2024-01-26 11:56:20,409 [5052cfc4-081a-46ed-8261-0b7a8ad7db0a@group-342F2AF39FD7-LeaderElection5] INFO  grpc.GrpcConfigKeys (ConfUtils.java:logGet(46)) - raft.grpc.server.install_snapshot.request.element-limit = 8 (default)
2024-01-26 11:56:20,409 [5052cfc4-081a-46ed-8261-0b7a8ad7db0a@group-342F2AF39FD7-LeaderElection5] INFO  grpc.GrpcConfigKeys (ConfUtils.java:logGet(46)) - raft.grpc.server.install_snapshot.request.timeout = 3000ms (default)
2024-01-26 11:56:20,409 [5052cfc4-081a-46ed-8261-0b7a8ad7db0a@group-342F2AF39FD7-LeaderElection5] INFO  grpc.GrpcConfigKeys (ConfUtils.java:logGet(46)) - raft.grpc.server.log-message.batch.duration = 5s (default)
2024-01-26 11:56:20,409 [5052cfc4-081a-46ed-8261-0b7a8ad7db0a@group-342F2AF39FD7-LeaderElection5] INFO  server.RaftServerConfigKeys (ConfUtils.java:logGet(46)) - raft.server.log.appender.install.snapshot.enabled = false (custom)
2024-01-26 11:56:20,409 [5052cfc4-081a-46ed-8261-0b7a8ad7db0a@group-342F2AF39FD7-LeaderElection5] INFO  grpc.GrpcConfigKeys (ConfUtils.java:logGet(46)) - raft.grpc.server.heartbeat.channel = true (default)
2024-01-26 11:56:20,410 [5052cfc4-081a-46ed-8261-0b7a8ad7db0a@group-342F2AF39FD7-LeaderElection5] INFO  impl.RoleInfo (RoleInfo.java:updateAndGet(139)) - 5052cfc4-081a-46ed-8261-0b7a8ad7db0a: start 5052cfc4-081a-46ed-8261-0b7a8ad7db0a@group-342F2AF39FD7-LeaderStateImpl
2024-01-26 11:56:20,411 [5052cfc4-081a-46ed-8261-0b7a8ad7db0a@group-342F2AF39FD7-LeaderElection5] INFO  server.RaftServer$Division (RaftServerImpl.java:setFirstElection(574)) - 5052cfc4-081a-46ed-8261-0b7a8ad7db0a@group-342F2AF39FD7: set firstElectionSinceStartup to false for becomeLeader
2024-01-26 11:56:20,411 [5052cfc4-081a-46ed-8261-0b7a8ad7db0a@group-342F2AF39FD7-LeaderElection5] INFO  ratis.XceiverServerRatis (XceiverServerRatis.java:handleLeaderChangedNotification(945)) - Leader change notification received for group: group-342F2AF39FD7 with new leaderId: 5052cfc4-081a-46ed-8261-0b7a8ad7db0a
2024-01-26 11:56:20,411 [5052cfc4-081a-46ed-8261-0b7a8ad7db0a@group-342F2AF39FD7-LeaderElection5] INFO  server.RaftServer$Division (ServerState.java:setLeader(269)) - 5052cfc4-081a-46ed-8261-0b7a8ad7db0a@group-342F2AF39FD7: change Leader from null to 5052cfc4-081a-46ed-8261-0b7a8ad7db0a at term 1 for becomeLeader, leader elected after 5088ms
2024-01-26 11:56:20,411 [5052cfc4-081a-46ed-8261-0b7a8ad7db0a@group-342F2AF39FD7-LeaderElection5] INFO  segmented.SegmentedRaftLogWorker (SegmentedRaftLogWorker.java:startLogSegment(430)) - 5052cfc4-081a-46ed-8261-0b7a8ad7db0a@group-342F2AF39FD7-SegmentedRaftLogWorker: Starting segment from index:0
2024-01-26 11:56:20,412 [5052cfc4-081a-46ed-8261-0b7a8ad7db0a@group-342F2AF39FD7-SegmentedRaftLogWorker] INFO  segmented.BufferedWriteChannel (BufferedWriteChannel.java:open(62)) - open log_inprogress_0 at position 0
2024-01-26 11:56:20,412 [5052cfc4-081a-46ed-8261-0b7a8ad7db0a@group-2467D720484D-FollowerState] INFO  impl.FollowerState (FollowerState.java:run(143)) - 5052cfc4-081a-46ed-8261-0b7a8ad7db0a@group-2467D720484D-FollowerState: change to CANDIDATE, lastRpcElapsedTime:5115295715ns, electionTimeout:5113ms
2024-01-26 11:56:20,413 [5052cfc4-081a-46ed-8261-0b7a8ad7db0a@group-2467D720484D-FollowerState] INFO  impl.RoleInfo (RoleInfo.java:shutdownFollowerState(110)) - 5052cfc4-081a-46ed-8261-0b7a8ad7db0a: shutdown 5052cfc4-081a-46ed-8261-0b7a8ad7db0a@group-2467D720484D-FollowerState
2024-01-26 11:56:20,413 [5052cfc4-081a-46ed-8261-0b7a8ad7db0a@group-2467D720484D-FollowerState] INFO  server.RaftServer$Division (RaftServerImpl.java:setRole(383)) - 5052cfc4-081a-46ed-8261-0b7a8ad7db0a@group-2467D720484D: changes role from  FOLLOWER to CANDIDATE at term 0 for changeToCandidate
2024-01-26 11:56:20,413 [5052cfc4-081a-46ed-8261-0b7a8ad7db0a@group-2467D720484D-FollowerState] INFO  server.RaftServerConfigKeys (ConfUtils.java:logGet(46)) - raft.server.leaderelection.pre-vote = true (default)
2024-01-26 11:56:20,413 [5052cfc4-081a-46ed-8261-0b7a8ad7db0a@group-2467D720484D-FollowerState] INFO  impl.RoleInfo (RoleInfo.java:updateAndGet(139)) - 5052cfc4-081a-46ed-8261-0b7a8ad7db0a: start 5052cfc4-081a-46ed-8261-0b7a8ad7db0a@group-2467D720484D-LeaderElection6
2024-01-26 11:56:20,414 [EventQueue-PipelineReportForPipelineReportHandler] INFO  pipeline.PipelineReportHandler (PipelineReportHandler.java:processPipelineReport(136)) - Opened pipeline PipelineID=89cbe570-fc20-4065-982c-342f2af39fd7
2024-01-26 11:56:20,414 [EventQueue-OpenPipelineForHealthyPipelineSafeModeRule] INFO  safemode.SCMSafeModeManager (HealthyPipelineSafeModeRule.java:process(140)) - SCM in safe mode. Healthy pipelines reported count is 0, required healthy pipeline reported count is 1
2024-01-26 11:56:20,415 [EventQueue-OpenPipelineForHealthyPipelineSafeModeRule] INFO  safemode.SCMSafeModeManager (HealthyPipelineSafeModeRule.java:process(140)) - SCM in safe mode. Healthy pipelines reported count is 1, required healthy pipeline reported count is 1
2024-01-26 11:56:20,415 [EventQueue-OpenPipelineForHealthyPipelineSafeModeRule] INFO  safemode.SCMSafeModeManager (SCMSafeModeManager.java:validateSafeModeExitRules(200)) - HealthyPipelineSafeModeRule rule is successfully validated
2024-01-26 11:56:20,415 [EventQueue-OpenPipelineForHealthyPipelineSafeModeRule] INFO  safemode.SCMSafeModeManager (SCMSafeModeManager.java:validateSafeModeExitRules(215)) - ScmSafeModeManager, all rules are successfully validated
2024-01-26 11:56:20,415 [EventQueue-OpenPipelineForHealthyPipelineSafeModeRule] INFO  safemode.SCMSafeModeManager (SCMSafeModeManager.java:exitSafeMode(244)) - SCM exiting safe mode.
2024-01-26 11:56:20,415 [EventQueue-OpenPipelineForHealthyPipelineSafeModeRule] INFO  ha.SCMContext (SCMContext.java:updateSafeModeStatus(230)) - Update SafeModeStatus from SafeModeStatus{safeModeStatus=true, preCheckPassed=true} to SafeModeStatus{safeModeStatus=false, preCheckPassed=true}.
2024-01-26 11:56:20,415 [EventQueue-OpenPipelineForHealthyPipelineSafeModeRule] INFO  pipeline.BackgroundPipelineCreator (BackgroundPipelineCreator.java:notifyStatusChanged(258)) - Service BackgroundPipelineCreator transitions to RUNNING.
2024-01-26 11:56:20,415 [EventQueue-OpenPipelineForHealthyPipelineSafeModeRule] INFO  BackgroundPipelineScrubber (BackgroundSCMService.java:notifyStatusChanged(82)) - Service BackgroundPipelineScrubber transitions to RUNNING.
2024-01-26 11:56:20,416 [EventQueue-OpenPipelineForHealthyPipelineSafeModeRule] INFO  ExpiredContainerReplicaOpScrubber (BackgroundSCMService.java:notifyStatusChanged(82)) - Service ExpiredContainerReplicaOpScrubber transitions to RUNNING.
2024-01-26 11:56:20,416 [EventQueue-OpenPipelineForHealthyPipelineSafeModeRule] INFO  block.SCMBlockDeletingService (SCMBlockDeletingService.java:notifyStatusChanged(247)) - notifyStatusChanged:RUNNING
2024-01-26 11:56:20,416 [EventQueue-OpenPipelineForHealthyPipelineSafeModeRule] INFO  replication.ReplicationManager (ReplicationManager.java:notifyStatusChanged(1401)) - Service ReplicationManager transitions to RUNNING.
2024-01-26 11:56:20,417 [5052cfc4-081a-46ed-8261-0b7a8ad7db0a@group-342F2AF39FD7-LeaderElection5] INFO  server.RaftServer$Division (ServerState.java:setRaftConf(386)) - 5052cfc4-081a-46ed-8261-0b7a8ad7db0a@group-342F2AF39FD7: set configuration 0: peers:[5c737fdf-f228-4231-bbf6-1cc383ec73d2|10.1.0.50:15023, 5052cfc4-081a-46ed-8261-0b7a8ad7db0a|10.1.0.50:15032, 5e57565a-2fac-4b31-b24f-016e073e3d73|10.1.0.50:15014]|listeners:[], old=null
2024-01-26 11:56:20,421 [EventQueue-OpenPipelineForHealthyPipelineSafeModeRule] WARN  balancer.ContainerBalancer (ContainerBalancer.java:shouldRun(134)) - Could not find persisted configuration for ContainerBalancer when checking if ContainerBalancer should run. ContainerBalancer should not run now.
2024-01-26 11:56:20,421 [5052cfc4-081a-46ed-8261-0b7a8ad7db0a@group-342F2AF39FD7-SegmentedRaftLogWorker] INFO  segmented.SegmentedRaftLogWorker (SegmentedRaftLogWorker.java:execute(634)) - 5052cfc4-081a-46ed-8261-0b7a8ad7db0a@group-342F2AF39FD7-SegmentedRaftLogWorker: created new log segment /home/runner/work/ozone/ozone/hadoop-ozone/integration-test/target/test-dir/MiniOzoneClusterImpl-b54bfeae-1ef8-4c1d-b639-09e56ef7dc0e/datanode-2/data/ratis/89cbe570-fc20-4065-982c-342f2af39fd7/current/log_inprogress_0
2024-01-26 11:56:20,423 [5052cfc4-081a-46ed-8261-0b7a8ad7db0a@group-2467D720484D-LeaderElection6] INFO  impl.LeaderElection (LeaderElection.java:askForVotes(321)) - 5052cfc4-081a-46ed-8261-0b7a8ad7db0a@group-2467D720484D-LeaderElection6 PRE_VOTE round 0: submit vote requests at term 0 for -1: peers:[5052cfc4-081a-46ed-8261-0b7a8ad7db0a|10.1.0.50:15032]|listeners:[], old=null
2024-01-26 11:56:20,423 [5052cfc4-081a-46ed-8261-0b7a8ad7db0a@group-2467D720484D-LeaderElection6] INFO  impl.LeaderElection (LeaderElection.java:askForVotes(323)) - 5052cfc4-081a-46ed-8261-0b7a8ad7db0a@group-2467D720484D-LeaderElection6 PRE_VOTE round 0: result PASSED (term=0)
2024-01-26 11:56:20,425 [5052cfc4-081a-46ed-8261-0b7a8ad7db0a@group-2467D720484D-LeaderElection6] INFO  impl.LeaderElection (LeaderElection.java:askForVotes(321)) - 5052cfc4-081a-46ed-8261-0b7a8ad7db0a@group-2467D720484D-LeaderElection6 ELECTION round 0: submit vote requests at term 1 for -1: peers:[5052cfc4-081a-46ed-8261-0b7a8ad7db0a|10.1.0.50:15032]|listeners:[], old=null
2024-01-26 11:56:20,425 [5052cfc4-081a-46ed-8261-0b7a8ad7db0a@group-2467D720484D-LeaderElection6] INFO  impl.LeaderElection (LeaderElection.java:askForVotes(323)) - 5052cfc4-081a-46ed-8261-0b7a8ad7db0a@group-2467D720484D-LeaderElection6 ELECTION round 0: result PASSED (term=1)
2024-01-26 11:56:20,425 [5052cfc4-081a-46ed-8261-0b7a8ad7db0a@group-2467D720484D-LeaderElection6] INFO  impl.RoleInfo (RoleInfo.java:shutdownLeaderElection(130)) - 5052cfc4-081a-46ed-8261-0b7a8ad7db0a: shutdown 5052cfc4-081a-46ed-8261-0b7a8ad7db0a@group-2467D720484D-LeaderElection6
2024-01-26 11:56:20,425 [5052cfc4-081a-46ed-8261-0b7a8ad7db0a@group-2467D720484D-LeaderElection6] INFO  server.RaftServer$Division (RaftServerImpl.java:setRole(383)) - 5052cfc4-081a-46ed-8261-0b7a8ad7db0a@group-2467D720484D: changes role from CANDIDATE to LEADER at term 1 for changeToLeader
2024-01-26 11:56:20,425 [5052cfc4-081a-46ed-8261-0b7a8ad7db0a@group-2467D720484D-LeaderElection6] INFO  server.RaftServerConfigKeys (ConfUtils.java:logGet(46)) - raft.server.staging.catchup.gap = 1000 (default)
2024-01-26 11:56:20,426 [5052cfc4-081a-46ed-8261-0b7a8ad7db0a@group-2467D720484D-LeaderElection6] INFO  server.RaftServerConfigKeys (ConfUtils.java:logGet(46)) - raft.server.write.element-limit = 1024 (custom)
2024-01-26 11:56:20,426 [5052cfc4-081a-46ed-8261-0b7a8ad7db0a@group-2467D720484D-LeaderElection6] INFO  server.RaftServerConfigKeys (ConfUtils.java:logGet(46)) - raft.server.write.byte-limit = 1024 M (=1073741824) (custom)
2024-01-26 11:56:20,426 [5052cfc4-081a-46ed-8261-0b7a8ad7db0a@group-2467D720484D-LeaderElection6] INFO  server.RaftServerConfigKeys (ConfUtils.java:logGet(46)) - raft.server.watch.timeout = 180s (custom)
2024-01-26 11:56:20,427 [5052cfc4-081a-46ed-8261-0b7a8ad7db0a@group-2467D720484D-LeaderElection6] INFO  server.RaftServerConfigKeys (ConfUtils.java:logGet(46)) - raft.server.watch.timeout.denomination = 1s (default)
2024-01-26 11:56:20,427 [5052cfc4-081a-46ed-8261-0b7a8ad7db0a@group-2467D720484D-LeaderElection6] INFO  server.RaftServerConfigKeys (ConfUtils.java:logGet(46)) - raft.server.watch.element-limit = 65536 (default)
2024-01-26 11:56:20,427 [5052cfc4-081a-46ed-8261-0b7a8ad7db0a@group-2467D720484D-LeaderElection6] INFO  server.RaftServerConfigKeys (ConfUtils.java:logGet(46)) - raft.server.read.leader.lease.enabled = false (default)
2024-01-26 11:56:20,427 [5052cfc4-081a-46ed-8261-0b7a8ad7db0a@group-2467D720484D-LeaderElection6] INFO  server.RaftServerConfigKeys (ConfUtils.java:logGet(46)) - raft.server.read.leader.lease.timeout.ratio = 0.9 (default)
2024-01-26 11:56:20,427 [5052cfc4-081a-46ed-8261-0b7a8ad7db0a@group-2467D720484D-LeaderElection6] INFO  server.RaftServerConfigKeys (ConfUtils.java:logGet(46)) - raft.server.rpc.timeout.min = 5s (custom)
2024-01-26 11:56:20,427 [5052cfc4-081a-46ed-8261-0b7a8ad7db0a@group-2467D720484D-LeaderElection6] INFO  server.RaftServerConfigKeys (ConfUtils.java:logGet(46)) - raft.server.write.element-limit = 1024 (custom)
2024-01-26 11:56:20,427 [5052cfc4-081a-46ed-8261-0b7a8ad7db0a@group-2467D720484D-LeaderElection6] INFO  server.RaftServerConfigKeys (ConfUtils.java:logGet(46)) - raft.server.write.follower.gap.ratio.max = -1.0 (default)
2024-01-26 11:56:20,427 [5052cfc4-081a-46ed-8261-0b7a8ad7db0a@group-2467D720484D-LeaderElection6] INFO  impl.RoleInfo (RoleInfo.java:updateAndGet(139)) - 5052cfc4-081a-46ed-8261-0b7a8ad7db0a: start 5052cfc4-081a-46ed-8261-0b7a8ad7db0a@group-2467D720484D-LeaderStateImpl
2024-01-26 11:56:20,427 [5052cfc4-081a-46ed-8261-0b7a8ad7db0a@group-2467D720484D-LeaderElection6] INFO  server.RaftServer$Division (RaftServerImpl.java:setFirstElection(574)) - 5052cfc4-081a-46ed-8261-0b7a8ad7db0a@group-2467D720484D: set firstElectionSinceStartup to false for becomeLeader
2024-01-26 11:56:20,428 [5052cfc4-081a-46ed-8261-0b7a8ad7db0a@group-2467D720484D-LeaderElection6] INFO  ratis.XceiverServerRatis (XceiverServerRatis.java:handleLeaderChangedNotification(945)) - Leader change notification received for group: group-2467D720484D with new leaderId: 5052cfc4-081a-46ed-8261-0b7a8ad7db0a
2024-01-26 11:56:20,428 [5052cfc4-081a-46ed-8261-0b7a8ad7db0a@group-2467D720484D-LeaderElection6] INFO  server.RaftServer$Division (ServerState.java:setLeader(269)) - 5052cfc4-081a-46ed-8261-0b7a8ad7db0a@group-2467D720484D: change Leader from null to 5052cfc4-081a-46ed-8261-0b7a8ad7db0a at term 1 for becomeLeader, leader elected after 5158ms
2024-01-26 11:56:20,428 [5052cfc4-081a-46ed-8261-0b7a8ad7db0a@group-2467D720484D-LeaderElection6] INFO  segmented.SegmentedRaftLogWorker (SegmentedRaftLogWorker.java:startLogSegment(430)) - 5052cfc4-081a-46ed-8261-0b7a8ad7db0a@group-2467D720484D-SegmentedRaftLogWorker: Starting segment from index:0
2024-01-26 11:56:20,429 [5052cfc4-081a-46ed-8261-0b7a8ad7db0a@group-2467D720484D-LeaderElection6] INFO  server.RaftServer$Division (ServerState.java:setRaftConf(386)) - 5052cfc4-081a-46ed-8261-0b7a8ad7db0a@group-2467D720484D: set configuration 0: peers:[5052cfc4-081a-46ed-8261-0b7a8ad7db0a|10.1.0.50:15032]|listeners:[], old=null
2024-01-26 11:56:20,429 [5052cfc4-081a-46ed-8261-0b7a8ad7db0a@group-2467D720484D-SegmentedRaftLogWorker] INFO  segmented.BufferedWriteChannel (BufferedWriteChannel.java:open(62)) - open log_inprogress_0 at position 0
2024-01-26 11:56:20,445 [5052cfc4-081a-46ed-8261-0b7a8ad7db0a@group-2467D720484D-SegmentedRaftLogWorker] INFO  segmented.SegmentedRaftLogWorker (SegmentedRaftLogWorker.java:execute(634)) - 5052cfc4-081a-46ed-8261-0b7a8ad7db0a@group-2467D720484D-SegmentedRaftLogWorker: created new log segment /home/runner/work/ozone/ozone/hadoop-ozone/integration-test/target/test-dir/MiniOzoneClusterImpl-b54bfeae-1ef8-4c1d-b639-09e56ef7dc0e/datanode-2/data/ratis/546903ca-aac8-4a23-99bb-2467d720484d/current/log_inprogress_0
2024-01-26 11:56:20,448 [5052cfc4-081a-46ed-8261-0b7a8ad7db0a@group-2467D720484D-StateMachineUpdater] INFO  server.RaftServer$Division (LeaderStateImpl.java:isApplied(320)) - leader is ready since appliedIndex == 0 >= startIndex == 0
2024-01-26 11:56:20,457 [5e57565a-2fac-4b31-b24f-016e073e3d73-server-thread1] INFO  ratis.XceiverServerRatis (XceiverServerRatis.java:handleLeaderChangedNotification(945)) - Leader change notification received for group: group-342F2AF39FD7 with new leaderId: 5052cfc4-081a-46ed-8261-0b7a8ad7db0a
2024-01-26 11:56:20,457 [5e57565a-2fac-4b31-b24f-016e073e3d73-server-thread1] INFO  server.RaftServer$Division (ServerState.java:setLeader(269)) - 5e57565a-2fac-4b31-b24f-016e073e3d73@group-342F2AF39FD7: change Leader from null to 5052cfc4-081a-46ed-8261-0b7a8ad7db0a at term 1 for appendEntries, leader elected after 5364ms
2024-01-26 11:56:20,461 [5c737fdf-f228-4231-bbf6-1cc383ec73d2-server-thread1] INFO  ratis.XceiverServerRatis (XceiverServerRatis.java:handleLeaderChangedNotification(945)) - Leader change notification received for group: group-342F2AF39FD7 with new leaderId: 5052cfc4-081a-46ed-8261-0b7a8ad7db0a
2024-01-26 11:56:20,461 [5c737fdf-f228-4231-bbf6-1cc383ec73d2-server-thread1] INFO  server.RaftServer$Division (ServerState.java:setLeader(269)) - 5c737fdf-f228-4231-bbf6-1cc383ec73d2@group-342F2AF39FD7: change Leader from null to 5052cfc4-081a-46ed-8261-0b7a8ad7db0a at term 1 for appendEntries, leader elected after 5274ms
2024-01-26 11:56:20,464 [5c737fdf-f228-4231-bbf6-1cc383ec73d2-server-thread2] INFO  server.RaftServer$Division (ServerState.java:setRaftConf(386)) - 5c737fdf-f228-4231-bbf6-1cc383ec73d2@group-342F2AF39FD7: set configuration 0: peers:[5c737fdf-f228-4231-bbf6-1cc383ec73d2|10.1.0.50:15023, 5052cfc4-081a-46ed-8261-0b7a8ad7db0a|10.1.0.50:15032, 5e57565a-2fac-4b31-b24f-016e073e3d73|10.1.0.50:15014]|listeners:[], old=null
2024-01-26 11:56:20,466 [5c737fdf-f228-4231-bbf6-1cc383ec73d2-server-thread2] INFO  segmented.SegmentedRaftLogWorker (SegmentedRaftLogWorker.java:startLogSegment(430)) - 5c737fdf-f228-4231-bbf6-1cc383ec73d2@group-342F2AF39FD7-SegmentedRaftLogWorker: Starting segment from index:0
2024-01-26 11:56:20,467 [5c737fdf-f228-4231-bbf6-1cc383ec73d2@group-342F2AF39FD7-SegmentedRaftLogWorker] INFO  segmented.BufferedWriteChannel (BufferedWriteChannel.java:open(62)) - open log_inprogress_0 at position 0
2024-01-26 11:56:20,469 [5e57565a-2fac-4b31-b24f-016e073e3d73-server-thread3] INFO  server.RaftServer$Division (ServerState.java:setRaftConf(386)) - 5e57565a-2fac-4b31-b24f-016e073e3d73@group-342F2AF39FD7: set configuration 0: peers:[5c737fdf-f228-4231-bbf6-1cc383ec73d2|10.1.0.50:15023, 5052cfc4-081a-46ed-8261-0b7a8ad7db0a|10.1.0.50:15032, 5e57565a-2fac-4b31-b24f-016e073e3d73|10.1.0.50:15014]|listeners:[], old=null
2024-01-26 11:56:20,469 [5e57565a-2fac-4b31-b24f-016e073e3d73-server-thread3] INFO  segmented.SegmentedRaftLogWorker (SegmentedRaftLogWorker.java:startLogSegment(430)) - 5e57565a-2fac-4b31-b24f-016e073e3d73@group-342F2AF39FD7-SegmentedRaftLogWorker: Starting segment from index:0
2024-01-26 11:56:20,469 [5e57565a-2fac-4b31-b24f-016e073e3d73@group-342F2AF39FD7-SegmentedRaftLogWorker] INFO  segmented.BufferedWriteChannel (BufferedWriteChannel.java:open(62)) - open log_inprogress_0 at position 0
2024-01-26 11:56:20,479 [5e57565a-2fac-4b31-b24f-016e073e3d73@group-342F2AF39FD7-SegmentedRaftLogWorker] INFO  segmented.SegmentedRaftLogWorker (SegmentedRaftLogWorker.java:execute(634)) - 5e57565a-2fac-4b31-b24f-016e073e3d73@group-342F2AF39FD7-SegmentedRaftLogWorker: created new log segment /home/runner/work/ozone/ozone/hadoop-ozone/integration-test/target/test-dir/MiniOzoneClusterImpl-b54bfeae-1ef8-4c1d-b639-09e56ef7dc0e/datanode-0/data/ratis/89cbe570-fc20-4065-982c-342f2af39fd7/current/log_inprogress_0
2024-01-26 11:56:20,479 [5c737fdf-f228-4231-bbf6-1cc383ec73d2@group-342F2AF39FD7-SegmentedRaftLogWorker] INFO  segmented.SegmentedRaftLogWorker (SegmentedRaftLogWorker.java:execute(634)) - 5c737fdf-f228-4231-bbf6-1cc383ec73d2@group-342F2AF39FD7-SegmentedRaftLogWorker: created new log segment /home/runner/work/ozone/ozone/hadoop-ozone/integration-test/target/test-dir/MiniOzoneClusterImpl-b54bfeae-1ef8-4c1d-b639-09e56ef7dc0e/datanode-1/data/ratis/89cbe570-fc20-4065-982c-342f2af39fd7/current/log_inprogress_0
2024-01-26 11:56:20,484 [5052cfc4-081a-46ed-8261-0b7a8ad7db0a@group-342F2AF39FD7-StateMachineUpdater] INFO  server.RaftServer$Division (LeaderStateImpl.java:isApplied(320)) - leader is ready since appliedIndex == 0 >= startIndex == 0
2024-01-26 11:56:20,742 [5052cfc4-081a-46ed-8261-0b7a8ad7db0a@group-CB413AA61FBB-FollowerState] INFO  impl.FollowerState (FollowerState.java:run(143)) - 5052cfc4-081a-46ed-8261-0b7a8ad7db0a@group-CB413AA61FBB-FollowerState: change to CANDIDATE, lastRpcElapsedTime:5029415569ns, electionTimeout:5007ms
2024-01-26 11:56:20,742 [5052cfc4-081a-46ed-8261-0b7a8ad7db0a@group-CB413AA61FBB-FollowerState] INFO  impl.RoleInfo (RoleInfo.java:shutdownFollowerState(110)) - 5052cfc4-081a-46ed-8261-0b7a8ad7db0a: shutdown 5052cfc4-081a-46ed-8261-0b7a8ad7db0a@group-CB413AA61FBB-FollowerState
2024-01-26 11:56:20,743 [5052cfc4-081a-46ed-8261-0b7a8ad7db0a@group-CB413AA61FBB-FollowerState] INFO  server.RaftServer$Division (RaftServerImpl.java:setRole(383)) - 5052cfc4-081a-46ed-8261-0b7a8ad7db0a@group-CB413AA61FBB: changes role from  FOLLOWER to CANDIDATE at term 0 for changeToCandidate
2024-01-26 11:56:20,743 [5052cfc4-081a-46ed-8261-0b7a8ad7db0a@group-CB413AA61FBB-FollowerState] INFO  server.RaftServerConfigKeys (ConfUtils.java:logGet(46)) - raft.server.leaderelection.pre-vote = true (default)
2024-01-26 11:56:20,743 [5052cfc4-081a-46ed-8261-0b7a8ad7db0a@group-CB413AA61FBB-FollowerState] INFO  impl.RoleInfo (RoleInfo.java:updateAndGet(139)) - 5052cfc4-081a-46ed-8261-0b7a8ad7db0a: start 5052cfc4-081a-46ed-8261-0b7a8ad7db0a@group-CB413AA61FBB-LeaderElection7
2024-01-26 11:56:20,744 [5052cfc4-081a-46ed-8261-0b7a8ad7db0a@group-CB413AA61FBB-LeaderElection7] INFO  impl.LeaderElection (LeaderElection.java:askForVotes(321)) - 5052cfc4-081a-46ed-8261-0b7a8ad7db0a@group-CB413AA61FBB-LeaderElection7 PRE_VOTE round 0: submit vote requests at term 0 for -1: peers:[5052cfc4-081a-46ed-8261-0b7a8ad7db0a|10.1.0.50:15032, 5c737fdf-f228-4231-bbf6-1cc383ec73d2|10.1.0.50:15023, 5e57565a-2fac-4b31-b24f-016e073e3d73|10.1.0.50:15014]|listeners:[], old=null
2024-01-26 11:56:20,745 [5052cfc4-081a-46ed-8261-0b7a8ad7db0a@group-CB413AA61FBB-LeaderElection7] INFO  server.RaftServerConfigKeys (ConfUtils.java:logFallback(53)) - raft.server.rpc.first-election.timeout.min = 5s (fallback to raft.server.rpc.timeout.min)
2024-01-26 11:56:20,745 [5052cfc4-081a-46ed-8261-0b7a8ad7db0a@group-CB413AA61FBB-LeaderElection7] INFO  server.RaftServerConfigKeys (ConfUtils.java:logFallback(53)) - raft.server.rpc.first-election.timeout.max = 5200ms (fallback to raft.server.rpc.timeout.max)
2024-01-26 11:56:20,749 [grpc-default-executor-1] INFO  server.RaftServer$Division (RaftServerImpl.java:requestVote(1389)) - 5e57565a-2fac-4b31-b24f-016e073e3d73@group-CB413AA61FBB: receive requestVote(PRE_VOTE, 5052cfc4-081a-46ed-8261-0b7a8ad7db0a, group-CB413AA61FBB, 0, (t:0, i:0))
2024-01-26 11:56:20,749 [grpc-default-executor-1] INFO  impl.VoteContext (VoteContext.java:log(49)) - 5e57565a-2fac-4b31-b24f-016e073e3d73@group-CB413AA61FBB-FOLLOWER: reject PRE_VOTE from 5052cfc4-081a-46ed-8261-0b7a8ad7db0a: our priority 1 > candidate's priority 0
2024-01-26 11:56:20,749 [grpc-default-executor-3] INFO  server.RaftServer$Division (RaftServerImpl.java:requestVote(1389)) - 5c737fdf-f228-4231-bbf6-1cc383ec73d2@group-CB413AA61FBB: receive requestVote(PRE_VOTE, 5052cfc4-081a-46ed-8261-0b7a8ad7db0a, group-CB413AA61FBB, 0, (t:0, i:0))
2024-01-26 11:56:20,750 [grpc-default-executor-1] INFO  server.RaftServer$Division (RaftServerImpl.java:requestVote(1422)) - 5e57565a-2fac-4b31-b24f-016e073e3d73@group-CB413AA61FBB replies to PRE_VOTE vote request: 5052cfc4-081a-46ed-8261-0b7a8ad7db0a<-5e57565a-2fac-4b31-b24f-016e073e3d73#0:FAIL-t0. Peer's state: 5e57565a-2fac-4b31-b24f-016e073e3d73@group-CB413AA61FBB:t0, leader=null, voted=, raftlog=Memoized:5e57565a-2fac-4b31-b24f-016e073e3d73@group-CB413AA61FBB-SegmentedRaftLog:OPENED:c-1, conf=-1: peers:[5052cfc4-081a-46ed-8261-0b7a8ad7db0a|10.1.0.50:15032, 5c737fdf-f228-4231-bbf6-1cc383ec73d2|10.1.0.50:15023, 5e57565a-2fac-4b31-b24f-016e073e3d73|10.1.0.50:15014]|listeners:[], old=null
2024-01-26 11:56:20,750 [grpc-default-executor-3] INFO  impl.VoteContext (VoteContext.java:log(49)) - 5c737fdf-f228-4231-bbf6-1cc383ec73d2@group-CB413AA61FBB-FOLLOWER: accept PRE_VOTE from 5052cfc4-081a-46ed-8261-0b7a8ad7db0a: our priority 0 <= candidate's priority 0
2024-01-26 11:56:20,750 [grpc-default-executor-3] INFO  server.RaftServer$Division (RaftServerImpl.java:requestVote(1422)) - 5c737fdf-f228-4231-bbf6-1cc383ec73d2@group-CB413AA61FBB replies to PRE_VOTE vote request: 5052cfc4-081a-46ed-8261-0b7a8ad7db0a<-5c737fdf-f228-4231-bbf6-1cc383ec73d2#0:OK-t0. Peer's state: 5c737fdf-f228-4231-bbf6-1cc383ec73d2@group-CB413AA61FBB:t0, leader=null, voted=, raftlog=Memoized:5c737fdf-f228-4231-bbf6-1cc383ec73d2@group-CB413AA61FBB-SegmentedRaftLog:OPENED:c-1, conf=-1: peers:[5052cfc4-081a-46ed-8261-0b7a8ad7db0a|10.1.0.50:15032, 5c737fdf-f228-4231-bbf6-1cc383ec73d2|10.1.0.50:15023, 5e57565a-2fac-4b31-b24f-016e073e3d73|10.1.0.50:15014]|listeners:[], old=null
2024-01-26 11:56:20,759 [5052cfc4-081a-46ed-8261-0b7a8ad7db0a@group-CB413AA61FBB-LeaderElection7] INFO  impl.LeaderElection (LeaderElection.java:logAndReturn(89)) - 5052cfc4-081a-46ed-8261-0b7a8ad7db0a@group-CB413AA61FBB-LeaderElection7: PRE_VOTE REJECTED received 1 response(s) and 0 exception(s):
2024-01-26 11:56:20,759 [5052cfc4-081a-46ed-8261-0b7a8ad7db0a@group-CB413AA61FBB-LeaderElection7] INFO  impl.LeaderElection (LeaderElection.java:logAndReturn(93)) -   Response 0: 5052cfc4-081a-46ed-8261-0b7a8ad7db0a<-5e57565a-2fac-4b31-b24f-016e073e3d73#0:FAIL-t0
2024-01-26 11:56:20,759 [5052cfc4-081a-46ed-8261-0b7a8ad7db0a@group-CB413AA61FBB-LeaderElection7] INFO  impl.LeaderElection (LeaderElection.java:askForVotes(323)) - 5052cfc4-081a-46ed-8261-0b7a8ad7db0a@group-CB413AA61FBB-LeaderElection7 PRE_VOTE round 0: result REJECTED
2024-01-26 11:56:20,760 [5052cfc4-081a-46ed-8261-0b7a8ad7db0a@group-CB413AA61FBB-LeaderElection7] INFO  server.RaftServer$Division (RaftServerImpl.java:setRole(383)) - 5052cfc4-081a-46ed-8261-0b7a8ad7db0a@group-CB413AA61FBB: changes role from CANDIDATE to FOLLOWER at term 0 for REJECTED
2024-01-26 11:56:20,761 [5052cfc4-081a-46ed-8261-0b7a8ad7db0a@group-CB413AA61FBB-LeaderElection7] INFO  impl.RoleInfo (RoleInfo.java:shutdownLeaderElection(130)) - 5052cfc4-081a-46ed-8261-0b7a8ad7db0a: shutdown 5052cfc4-081a-46ed-8261-0b7a8ad7db0a@group-CB413AA61FBB-LeaderElection7
2024-01-26 11:56:20,761 [5052cfc4-081a-46ed-8261-0b7a8ad7db0a@group-CB413AA61FBB-LeaderElection7] INFO  impl.RoleInfo (RoleInfo.java:updateAndGet(139)) - 5052cfc4-081a-46ed-8261-0b7a8ad7db0a: start 5052cfc4-081a-46ed-8261-0b7a8ad7db0a@group-CB413AA61FBB-FollowerState
2024-01-26 11:56:20,761 [5052cfc4-081a-46ed-8261-0b7a8ad7db0a@group-CB413AA61FBB-LeaderElection7] INFO  server.RaftServer$Division (RaftServerImpl.java:setFirstElection(574)) - 5052cfc4-081a-46ed-8261-0b7a8ad7db0a@group-CB413AA61FBB: set firstElectionSinceStartup to false for REJECTED
2024-01-26 11:56:20,839 [5c737fdf-f228-4231-bbf6-1cc383ec73d2@group-CB413AA61FBB-FollowerState] INFO  server.RaftServerConfigKeys (ConfUtils.java:logFallback(53)) - raft.server.rpc.first-election.timeout.min = 5s (fallback to raft.server.rpc.timeout.min)
2024-01-26 11:56:20,839 [5c737fdf-f228-4231-bbf6-1cc383ec73d2@group-CB413AA61FBB-FollowerState] INFO  server.RaftServerConfigKeys (ConfUtils.java:logFallback(53)) - raft.server.rpc.first-election.timeout.max = 5200ms (fallback to raft.server.rpc.timeout.max)
2024-01-26 11:56:20,884 [5e57565a-2fac-4b31-b24f-016e073e3d73@group-CB413AA61FBB-FollowerState] INFO  impl.FollowerState (FollowerState.java:run(143)) - 5e57565a-2fac-4b31-b24f-016e073e3d73@group-CB413AA61FBB-FollowerState: change to CANDIDATE, lastRpcElapsedTime:5177182358ns, electionTimeout:5156ms
2024-01-26 11:56:20,885 [5e57565a-2fac-4b31-b24f-016e073e3d73@group-CB413AA61FBB-FollowerState] INFO  impl.RoleInfo (RoleInfo.java:shutdownFollowerState(110)) - 5e57565a-2fac-4b31-b24f-016e073e3d73: shutdown 5e57565a-2fac-4b31-b24f-016e073e3d73@group-CB413AA61FBB-FollowerState
2024-01-26 11:56:20,885 [5e57565a-2fac-4b31-b24f-016e073e3d73@group-CB413AA61FBB-FollowerState] INFO  server.RaftServer$Division (RaftServerImpl.java:setRole(383)) - 5e57565a-2fac-4b31-b24f-016e073e3d73@group-CB413AA61FBB: changes role from  FOLLOWER to CANDIDATE at term 0 for changeToCandidate
2024-01-26 11:56:20,885 [5e57565a-2fac-4b31-b24f-016e073e3d73@group-CB413AA61FBB-FollowerState] INFO  server.RaftServerConfigKeys (ConfUtils.java:logGet(46)) - raft.server.leaderelection.pre-vote = true (default)
2024-01-26 11:56:20,885 [5e57565a-2fac-4b31-b24f-016e073e3d73@group-CB413AA61FBB-FollowerState] INFO  impl.RoleInfo (RoleInfo.java:updateAndGet(139)) - 5e57565a-2fac-4b31-b24f-016e073e3d73: start 5e57565a-2fac-4b31-b24f-016e073e3d73@group-CB413AA61FBB-LeaderElection8
2024-01-26 11:56:20,885 [5e57565a-2fac-4b31-b24f-016e073e3d73@group-CB413AA61FBB-LeaderElection8] INFO  impl.LeaderElection (LeaderElection.java:askForVotes(321)) - 5e57565a-2fac-4b31-b24f-016e073e3d73@group-CB413AA61FBB-LeaderElection8 PRE_VOTE round 0: submit vote requests at term 0 for -1: peers:[5052cfc4-081a-46ed-8261-0b7a8ad7db0a|10.1.0.50:15032, 5c737fdf-f228-4231-bbf6-1cc383ec73d2|10.1.0.50:15023, 5e57565a-2fac-4b31-b24f-016e073e3d73|10.1.0.50:15014]|listeners:[], old=null
2024-01-26 11:56:20,886 [5e57565a-2fac-4b31-b24f-016e073e3d73@group-CB413AA61FBB-LeaderElection8] INFO  server.RaftServerConfigKeys (ConfUtils.java:logFallback(53)) - raft.server.rpc.first-election.timeout.min = 5s (fallback to raft.server.rpc.timeout.min)
2024-01-26 11:56:20,887 [5e57565a-2fac-4b31-b24f-016e073e3d73@group-CB413AA61FBB-LeaderElection8] INFO  server.RaftServerConfigKeys (ConfUtils.java:logFallback(53)) - raft.server.rpc.first-election.timeout.max = 5200ms (fallback to raft.server.rpc.timeout.max)
2024-01-26 11:56:20,889 [grpc-default-executor-3] INFO  server.RaftServer$Division (RaftServerImpl.java:requestVote(1389)) - 5c737fdf-f228-4231-bbf6-1cc383ec73d2@group-CB413AA61FBB: receive requestVote(PRE_VOTE, 5e57565a-2fac-4b31-b24f-016e073e3d73, group-CB413AA61FBB, 0, (t:0, i:0))
2024-01-26 11:56:20,889 [grpc-default-executor-1] INFO  server.RaftServer$Division (RaftServerImpl.java:requestVote(1389)) - 5052cfc4-081a-46ed-8261-0b7a8ad7db0a@group-CB413AA61FBB: receive requestVote(PRE_VOTE, 5e57565a-2fac-4b31-b24f-016e073e3d73, group-CB413AA61FBB, 0, (t:0, i:0))
2024-01-26 11:56:20,890 [grpc-default-executor-1] INFO  impl.VoteContext (VoteContext.java:log(49)) - 5052cfc4-081a-46ed-8261-0b7a8ad7db0a@group-CB413AA61FBB-FOLLOWER: accept PRE_VOTE from 5e57565a-2fac-4b31-b24f-016e073e3d73: our priority 0 <= candidate's priority 1
2024-01-26 11:56:20,890 [grpc-default-executor-1] INFO  server.RaftServer$Division (RaftServerImpl.java:requestVote(1422)) - 5052cfc4-081a-46ed-8261-0b7a8ad7db0a@group-CB413AA61FBB replies to PRE_VOTE vote request: 5e57565a-2fac-4b31-b24f-016e073e3d73<-5052cfc4-081a-46ed-8261-0b7a8ad7db0a#0:OK-t0. Peer's state: 5052cfc4-081a-46ed-8261-0b7a8ad7db0a@group-CB413AA61FBB:t0, leader=null, voted=, raftlog=Memoized:5052cfc4-081a-46ed-8261-0b7a8ad7db0a@group-CB413AA61FBB-SegmentedRaftLog:OPENED:c-1, conf=-1: peers:[5052cfc4-081a-46ed-8261-0b7a8ad7db0a|10.1.0.50:15032, 5c737fdf-f228-4231-bbf6-1cc383ec73d2|10.1.0.50:15023, 5e57565a-2fac-4b31-b24f-016e073e3d73|10.1.0.50:15014]|listeners:[], old=null
2024-01-26 11:56:20,890 [grpc-default-executor-3] INFO  impl.VoteContext (VoteContext.java:log(49)) - 5c737fdf-f228-4231-bbf6-1cc383ec73d2@group-CB413AA61FBB-FOLLOWER: accept PRE_VOTE from 5e57565a-2fac-4b31-b24f-016e073e3d73: our priority 0 <= candidate's priority 1
2024-01-26 11:56:20,891 [grpc-default-executor-3] INFO  server.RaftServer$Division (RaftServerImpl.java:requestVote(1422)) - 5c737fdf-f228-4231-bbf6-1cc383ec73d2@group-CB413AA61FBB replies to PRE_VOTE vote request: 5e57565a-2fac-4b31-b24f-016e073e3d73<-5c737fdf-f228-4231-bbf6-1cc383ec73d2#0:OK-t0. Peer's state: 5c737fdf-f228-4231-bbf6-1cc383ec73d2@group-CB413AA61FBB:t0, leader=null, voted=, raftlog=Memoized:5c737fdf-f228-4231-bbf6-1cc383ec73d2@group-CB413AA61FBB-SegmentedRaftLog:OPENED:c-1, conf=-1: peers:[5052cfc4-081a-46ed-8261-0b7a8ad7db0a|10.1.0.50:15032, 5c737fdf-f228-4231-bbf6-1cc383ec73d2|10.1.0.50:15023, 5e57565a-2fac-4b31-b24f-016e073e3d73|10.1.0.50:15014]|listeners:[], old=null
2024-01-26 11:56:20,891 [5e57565a-2fac-4b31-b24f-016e073e3d73@group-CB413AA61FBB-LeaderElection8] INFO  impl.LeaderElection (LeaderElection.java:logAndReturn(89)) - 5e57565a-2fac-4b31-b24f-016e073e3d73@group-CB413AA61FBB-LeaderElection8: PRE_VOTE PASSED received 1 response(s) and 0 exception(s):
2024-01-26 11:56:20,891 [5e57565a-2fac-4b31-b24f-016e073e3d73@group-CB413AA61FBB-LeaderElection8] INFO  impl.LeaderElection (LeaderElection.java:logAndReturn(93)) -   Response 0: 5e57565a-2fac-4b31-b24f-016e073e3d73<-5052cfc4-081a-46ed-8261-0b7a8ad7db0a#0:OK-t0
2024-01-26 11:56:20,891 [5e57565a-2fac-4b31-b24f-016e073e3d73@group-CB413AA61FBB-LeaderElection8] INFO  impl.LeaderElection (LeaderElection.java:askForVotes(323)) - 5e57565a-2fac-4b31-b24f-016e073e3d73@group-CB413AA61FBB-LeaderElection8 PRE_VOTE round 0: result PASSED
2024-01-26 11:56:20,893 [5e57565a-2fac-4b31-b24f-016e073e3d73@group-CB413AA61FBB-LeaderElection8] INFO  impl.LeaderElection (LeaderElection.java:askForVotes(321)) - 5e57565a-2fac-4b31-b24f-016e073e3d73@group-CB413AA61FBB-LeaderElection8 ELECTION round 0: submit vote requests at term 1 for -1: peers:[5052cfc4-081a-46ed-8261-0b7a8ad7db0a|10.1.0.50:15032, 5c737fdf-f228-4231-bbf6-1cc383ec73d2|10.1.0.50:15023, 5e57565a-2fac-4b31-b24f-016e073e3d73|10.1.0.50:15014]|listeners:[], old=null
2024-01-26 11:56:20,893 [5e57565a-2fac-4b31-b24f-016e073e3d73@group-CB413AA61FBB-LeaderElection8] INFO  server.RaftServerConfigKeys (ConfUtils.java:logFallback(53)) - raft.server.rpc.first-election.timeout.min = 5s (fallback to raft.server.rpc.timeout.min)
2024-01-26 11:56:20,894 [5e57565a-2fac-4b31-b24f-016e073e3d73@group-CB413AA61FBB-LeaderElection8] INFO  server.RaftServerConfigKeys (ConfUtils.java:logFallback(53)) - raft.server.rpc.first-election.timeout.max = 5200ms (fallback to raft.server.rpc.timeout.max)
2024-01-26 11:56:20,895 [grpc-default-executor-1] INFO  server.RaftServer$Division (RaftServerImpl.java:requestVote(1389)) - 5c737fdf-f228-4231-bbf6-1cc383ec73d2@group-CB413AA61FBB: receive requestVote(ELECTION, 5e57565a-2fac-4b31-b24f-016e073e3d73, group-CB413AA61FBB, 1, (t:0, i:0))
2024-01-26 11:56:20,895 [grpc-default-executor-3] INFO  server.RaftServer$Division (RaftServerImpl.java:requestVote(1389)) - 5052cfc4-081a-46ed-8261-0b7a8ad7db0a@group-CB413AA61FBB: receive requestVote(ELECTION, 5e57565a-2fac-4b31-b24f-016e073e3d73, group-CB413AA61FBB, 1, (t:0, i:0))
2024-01-26 11:56:20,896 [grpc-default-executor-1] INFO  impl.VoteContext (VoteContext.java:log(49)) - 5c737fdf-f228-4231-bbf6-1cc383ec73d2@group-CB413AA61FBB-FOLLOWER: accept ELECTION from 5e57565a-2fac-4b31-b24f-016e073e3d73: our priority 0 <= candidate's priority 1
2024-01-26 11:56:20,896 [grpc-default-executor-3] INFO  impl.VoteContext (VoteContext.java:log(49)) - 5052cfc4-081a-46ed-8261-0b7a8ad7db0a@group-CB413AA61FBB-FOLLOWER: accept ELECTION from 5e57565a-2fac-4b31-b24f-016e073e3d73: our priority 0 <= candidate's priority 1
2024-01-26 11:56:20,896 [grpc-default-executor-1] INFO  server.RaftServer$Division (RaftServerImpl.java:setRole(383)) - 5c737fdf-f228-4231-bbf6-1cc383ec73d2@group-CB413AA61FBB: changes role from  FOLLOWER to FOLLOWER at term 1 for candidate:5e57565a-2fac-4b31-b24f-016e073e3d73
2024-01-26 11:56:20,896 [grpc-default-executor-1] INFO  impl.RoleInfo (RoleInfo.java:shutdownFollowerState(110)) - 5c737fdf-f228-4231-bbf6-1cc383ec73d2: shutdown 5c737fdf-f228-4231-bbf6-1cc383ec73d2@group-CB413AA61FBB-FollowerState
2024-01-26 11:56:20,896 [grpc-default-executor-1] INFO  impl.RoleInfo (RoleInfo.java:updateAndGet(139)) - 5c737fdf-f228-4231-bbf6-1cc383ec73d2: start 5c737fdf-f228-4231-bbf6-1cc383ec73d2@group-CB413AA61FBB-FollowerState
2024-01-26 11:56:20,896 [5c737fdf-f228-4231-bbf6-1cc383ec73d2@group-CB413AA61FBB-FollowerState] INFO  impl.FollowerState (FollowerState.java:run(152)) - 5c737fdf-f228-4231-bbf6-1cc383ec73d2@group-CB413AA61FBB-FollowerState was interrupted
2024-01-26 11:56:20,896 [grpc-default-executor-3] INFO  server.RaftServer$Division (RaftServerImpl.java:setRole(383)) - 5052cfc4-081a-46ed-8261-0b7a8ad7db0a@group-CB413AA61FBB: changes role from  FOLLOWER to FOLLOWER at term 1 for candidate:5e57565a-2fac-4b31-b24f-016e073e3d73
2024-01-26 11:56:20,896 [grpc-default-executor-3] INFO  impl.RoleInfo (RoleInfo.java:shutdownFollowerState(110)) - 5052cfc4-081a-46ed-8261-0b7a8ad7db0a: shutdown 5052cfc4-081a-46ed-8261-0b7a8ad7db0a@group-CB413AA61FBB-FollowerState
2024-01-26 11:56:20,897 [grpc-default-executor-1] INFO  server.RaftServer$Division (RaftServerImpl.java:setFirstElection(574)) - 5c737fdf-f228-4231-bbf6-1cc383ec73d2@group-CB413AA61FBB: set firstElectionSinceStartup to false for candidate:5e57565a-2fac-4b31-b24f-016e073e3d73
2024-01-26 11:56:20,898 [5052cfc4-081a-46ed-8261-0b7a8ad7db0a@group-CB413AA61FBB-FollowerState] INFO  impl.FollowerState (FollowerState.java:run(152)) - 5052cfc4-081a-46ed-8261-0b7a8ad7db0a@group-CB413AA61FBB-FollowerState was interrupted
2024-01-26 11:56:20,899 [grpc-default-executor-1] INFO  server.RaftServer$Division (RaftServerImpl.java:requestVote(1422)) - 5c737fdf-f228-4231-bbf6-1cc383ec73d2@group-CB413AA61FBB replies to ELECTION vote request: 5e57565a-2fac-4b31-b24f-016e073e3d73<-5c737fdf-f228-4231-bbf6-1cc383ec73d2#0:OK-t1. Peer's state: 5c737fdf-f228-4231-bbf6-1cc383ec73d2@group-CB413AA61FBB:t1, leader=null, voted=5e57565a-2fac-4b31-b24f-016e073e3d73, raftlog=Memoized:5c737fdf-f228-4231-bbf6-1cc383ec73d2@group-CB413AA61FBB-SegmentedRaftLog:OPENED:c-1, conf=-1: peers:[5052cfc4-081a-46ed-8261-0b7a8ad7db0a|10.1.0.50:15032, 5c737fdf-f228-4231-bbf6-1cc383ec73d2|10.1.0.50:15023, 5e57565a-2fac-4b31-b24f-016e073e3d73|10.1.0.50:15014]|listeners:[], old=null
2024-01-26 11:56:20,898 [grpc-default-executor-3] INFO  impl.RoleInfo (RoleInfo.java:updateAndGet(139)) - 5052cfc4-081a-46ed-8261-0b7a8ad7db0a: start 5052cfc4-081a-46ed-8261-0b7a8ad7db0a@group-CB413AA61FBB-FollowerState
2024-01-26 11:56:20,901 [5e57565a-2fac-4b31-b24f-016e073e3d73@group-CB413AA61FBB-LeaderElection8] INFO  impl.LeaderElection (LeaderElection.java:logAndReturn(89)) - 5e57565a-2fac-4b31-b24f-016e073e3d73@group-CB413AA61FBB-LeaderElection8: ELECTION PASSED received 1 response(s) and 0 exception(s):
2024-01-26 11:56:20,901 [5e57565a-2fac-4b31-b24f-016e073e3d73@group-CB413AA61FBB-LeaderElection8] INFO  impl.LeaderElection (LeaderElection.java:logAndReturn(93)) -   Response 0: 5e57565a-2fac-4b31-b24f-016e073e3d73<-5c737fdf-f228-4231-bbf6-1cc383ec73d2#0:OK-t1
2024-01-26 11:56:20,901 [5e57565a-2fac-4b31-b24f-016e073e3d73@group-CB413AA61FBB-LeaderElection8] INFO  impl.LeaderElection (LeaderElection.java:askForVotes(323)) - 5e57565a-2fac-4b31-b24f-016e073e3d73@group-CB413AA61FBB-LeaderElection8 ELECTION round 0: result PASSED
2024-01-26 11:56:20,901 [grpc-default-executor-3] INFO  server.RaftServer$Division (RaftServerImpl.java:requestVote(1422)) - 5052cfc4-081a-46ed-8261-0b7a8ad7db0a@group-CB413AA61FBB replies to ELECTION vote request: 5e57565a-2fac-4b31-b24f-016e073e3d73<-5052cfc4-081a-46ed-8261-0b7a8ad7db0a#0:OK-t1. Peer's state: 5052cfc4-081a-46ed-8261-0b7a8ad7db0a@group-CB413AA61FBB:t1, leader=null, voted=5e57565a-2fac-4b31-b24f-016e073e3d73, raftlog=Memoized:5052cfc4-081a-46ed-8261-0b7a8ad7db0a@group-CB413AA61FBB-SegmentedRaftLog:OPENED:c-1, conf=-1: peers:[5052cfc4-081a-46ed-8261-0b7a8ad7db0a|10.1.0.50:15032, 5c737fdf-f228-4231-bbf6-1cc383ec73d2|10.1.0.50:15023, 5e57565a-2fac-4b31-b24f-016e073e3d73|10.1.0.50:15014]|listeners:[], old=null
2024-01-26 11:56:20,902 [5e57565a-2fac-4b31-b24f-016e073e3d73@group-CB413AA61FBB-LeaderElection8] INFO  impl.RoleInfo (RoleInfo.java:shutdownLeaderElection(130)) - 5e57565a-2fac-4b31-b24f-016e073e3d73: shutdown 5e57565a-2fac-4b31-b24f-016e073e3d73@group-CB413AA61FBB-LeaderElection8
2024-01-26 11:56:20,902 [5e57565a-2fac-4b31-b24f-016e073e3d73@group-CB413AA61FBB-LeaderElection8] INFO  server.RaftServer$Division (RaftServerImpl.java:setRole(383)) - 5e57565a-2fac-4b31-b24f-016e073e3d73@group-CB413AA61FBB: changes role from CANDIDATE to LEADER at term 1 for changeToLeader
2024-01-26 11:56:20,903 [5e57565a-2fac-4b31-b24f-016e073e3d73@group-CB413AA61FBB-LeaderElection8] INFO  server.RaftServerConfigKeys (ConfUtils.java:logGet(46)) - raft.server.staging.catchup.gap = 1000 (default)
2024-01-26 11:56:20,903 [5e57565a-2fac-4b31-b24f-016e073e3d73@group-CB413AA61FBB-LeaderElection8] INFO  server.RaftServerConfigKeys (ConfUtils.java:logGet(46)) - raft.server.write.element-limit = 1024 (custom)
2024-01-26 11:56:20,903 [5e57565a-2fac-4b31-b24f-016e073e3d73@group-CB413AA61FBB-LeaderElection8] INFO  server.RaftServerConfigKeys (ConfUtils.java:logGet(46)) - raft.server.write.byte-limit = 1024 M (=1073741824) (custom)
2024-01-26 11:56:20,903 [5e57565a-2fac-4b31-b24f-016e073e3d73@group-CB413AA61FBB-LeaderElection8] INFO  server.RaftServerConfigKeys (ConfUtils.java:logGet(46)) - raft.server.watch.timeout = 180s (custom)
2024-01-26 11:56:20,904 [5e57565a-2fac-4b31-b24f-016e073e3d73@group-CB413AA61FBB-LeaderElection8] INFO  server.RaftServerConfigKeys (ConfUtils.java:logGet(46)) - raft.server.watch.timeout.denomination = 1s (default)
2024-01-26 11:56:20,904 [5e57565a-2fac-4b31-b24f-016e073e3d73@group-CB413AA61FBB-LeaderElection8] INFO  server.RaftServerConfigKeys (ConfUtils.java:logGet(46)) - raft.server.watch.element-limit = 65536 (default)
2024-01-26 11:56:20,904 [5e57565a-2fac-4b31-b24f-016e073e3d73@group-CB413AA61FBB-LeaderElection8] INFO  server.RaftServerConfigKeys (ConfUtils.java:logGet(46)) - raft.server.read.leader.lease.enabled = false (default)
2024-01-26 11:56:20,904 [5e57565a-2fac-4b31-b24f-016e073e3d73@group-CB413AA61FBB-LeaderElection8] INFO  server.RaftServerConfigKeys (ConfUtils.java:logGet(46)) - raft.server.read.leader.lease.timeout.ratio = 0.9 (default)
2024-01-26 11:56:20,904 [5e57565a-2fac-4b31-b24f-016e073e3d73@group-CB413AA61FBB-LeaderElection8] INFO  server.RaftServerConfigKeys (ConfUtils.java:logGet(46)) - raft.server.rpc.timeout.min = 5s (custom)
2024-01-26 11:56:20,904 [5e57565a-2fac-4b31-b24f-016e073e3d73@group-CB413AA61FBB-LeaderElection8] INFO  server.RaftServerConfigKeys (ConfUtils.java:logGet(46)) - raft.server.write.element-limit = 1024 (custom)
2024-01-26 11:56:20,904 [5e57565a-2fac-4b31-b24f-016e073e3d73@group-CB413AA61FBB-LeaderElection8] INFO  server.RaftServerConfigKeys (ConfUtils.java:logGet(46)) - raft.server.write.follower.gap.ratio.max = -1.0 (default)
2024-01-26 11:56:20,905 [5e57565a-2fac-4b31-b24f-016e073e3d73@group-CB413AA61FBB-LeaderElection8] INFO  server.RaftServerConfigKeys (ConfUtils.java:logGet(46)) - raft.server.log.appender.snapshot.chunk.size.max = 16MB (=16777216) (default)
2024-01-26 11:56:20,905 [5e57565a-2fac-4b31-b24f-016e073e3d73@group-CB413AA61FBB-LeaderElection8] INFO  server.RaftServerConfigKeys (ConfUtils.java:logGet(46)) - raft.server.log.appender.buffer.byte-limit = 8388608 (custom)
2024-01-26 11:56:20,905 [5e57565a-2fac-4b31-b24f-016e073e3d73@group-CB413AA61FBB-LeaderElection8] INFO  server.RaftServerConfigKeys (ConfUtils.java:logGet(46)) - raft.server.log.appender.buffer.element-limit = 1 (custom)
2024-01-26 11:56:20,906 [5e57565a-2fac-4b31-b24f-016e073e3d73@group-CB413AA61FBB-LeaderElection8] INFO  server.RaftServerConfigKeys (ConfUtils.java:logGet(46)) - raft.server.log.appender.wait-time.min = 0μs (custom)
2024-01-26 11:56:20,906 [5e57565a-2fac-4b31-b24f-016e073e3d73@group-CB413AA61FBB-LeaderElection8] INFO  grpc.GrpcConfigKeys (ConfUtils.java:logGet(46)) - raft.grpc.server.leader.outstanding.appends.max = 8 (default)
2024-01-26 11:56:20,906 [5e57565a-2fac-4b31-b24f-016e073e3d73@group-CB413AA61FBB-LeaderElection8] INFO  server.RaftServerConfigKeys (ConfUtils.java:logGet(46)) - raft.server.rpc.request.timeout = 60s (custom)
2024-01-26 11:56:20,906 [5e57565a-2fac-4b31-b24f-016e073e3d73@group-CB413AA61FBB-LeaderElection8] INFO  grpc.GrpcConfigKeys (ConfUtils.java:logGet(46)) - raft.grpc.server.install_snapshot.request.element-limit = 8 (default)
2024-01-26 11:56:20,907 [5e57565a-2fac-4b31-b24f-016e073e3d73@group-CB413AA61FBB-LeaderElection8] INFO  grpc.GrpcConfigKeys (ConfUtils.java:logGet(46)) - raft.grpc.server.install_snapshot.request.timeout = 3000ms (default)
2024-01-26 11:56:20,907 [5e57565a-2fac-4b31-b24f-016e073e3d73@group-CB413AA61FBB-LeaderElection8] INFO  grpc.GrpcConfigKeys (ConfUtils.java:logGet(46)) - raft.grpc.server.log-message.batch.duration = 5s (default)
2024-01-26 11:56:20,907 [5e57565a-2fac-4b31-b24f-016e073e3d73@group-CB413AA61FBB-LeaderElection8] INFO  server.RaftServerConfigKeys (ConfUtils.java:logGet(46)) - raft.server.log.appender.install.snapshot.enabled = false (custom)
2024-01-26 11:56:20,907 [5e57565a-2fac-4b31-b24f-016e073e3d73@group-CB413AA61FBB-LeaderElection8] INFO  grpc.GrpcConfigKeys (ConfUtils.java:logGet(46)) - raft.grpc.server.heartbeat.channel = true (default)
2024-01-26 11:56:20,908 [5e57565a-2fac-4b31-b24f-016e073e3d73@group-CB413AA61FBB-LeaderElection8] INFO  server.RaftServerConfigKeys (ConfUtils.java:logGet(46)) - raft.server.log.appender.snapshot.chunk.size.max = 16MB (=16777216) (default)
2024-01-26 11:56:20,908 [5e57565a-2fac-4b31-b24f-016e073e3d73@group-CB413AA61FBB-LeaderElection8] INFO  server.RaftServerConfigKeys (ConfUtils.java:logGet(46)) - raft.server.log.appender.buffer.byte-limit = 8388608 (custom)
2024-01-26 11:56:20,909 [5e57565a-2fac-4b31-b24f-016e073e3d73@group-CB413AA61FBB-LeaderElection8] INFO  server.RaftServerConfigKeys (ConfUtils.java:logGet(46)) - raft.server.log.appender.buffer.element-limit = 1 (custom)
2024-01-26 11:56:20,909 [5e57565a-2fac-4b31-b24f-016e073e3d73@group-CB413AA61FBB-LeaderElection8] INFO  server.RaftServerConfigKeys (ConfUtils.java:logGet(46)) - raft.server.log.appender.wait-time.min = 0μs (custom)
2024-01-26 11:56:20,910 [5e57565a-2fac-4b31-b24f-016e073e3d73@group-CB413AA61FBB-LeaderElection8] INFO  grpc.GrpcConfigKeys (ConfUtils.java:logGet(46)) - raft.grpc.server.leader.outstanding.appends.max = 8 (default)
2024-01-26 11:56:20,910 [5e57565a-2fac-4b31-b24f-016e073e3d73@group-CB413AA61FBB-LeaderElection8] INFO  server.RaftServerConfigKeys (ConfUtils.java:logGet(46)) - raft.server.rpc.request.timeout = 60s (custom)
2024-01-26 11:56:20,910 [5e57565a-2fac-4b31-b24f-016e073e3d73@group-CB413AA61FBB-LeaderElection8] INFO  grpc.GrpcConfigKeys (ConfUtils.java:logGet(46)) - raft.grpc.server.install_snapshot.request.element-limit = 8 (default)
2024-01-26 11:56:20,910 [5e57565a-2fac-4b31-b24f-016e073e3d73@group-CB413AA61FBB-LeaderElection8] INFO  grpc.GrpcConfigKeys (ConfUtils.java:logGet(46)) - raft.grpc.server.install_snapshot.request.timeout = 3000ms (default)
2024-01-26 11:56:20,910 [5e57565a-2fac-4b31-b24f-016e073e3d73@group-CB413AA61FBB-LeaderElection8] INFO  grpc.GrpcConfigKeys (ConfUtils.java:logGet(46)) - raft.grpc.server.log-message.batch.duration = 5s (default)
2024-01-26 11:56:20,910 [5e57565a-2fac-4b31-b24f-016e073e3d73@group-CB413AA61FBB-LeaderElection8] INFO  server.RaftServerConfigKeys (ConfUtils.java:logGet(46)) - raft.server.log.appender.install.snapshot.enabled = false (custom)
2024-01-26 11:56:20,910 [5e57565a-2fac-4b31-b24f-016e073e3d73@group-CB413AA61FBB-LeaderElection8] INFO  grpc.GrpcConfigKeys (ConfUtils.java:logGet(46)) - raft.grpc.server.heartbeat.channel = true (default)
2024-01-26 11:56:20,911 [5e57565a-2fac-4b31-b24f-016e073e3d73@group-CB413AA61FBB-LeaderElection8] INFO  impl.RoleInfo (RoleInfo.java:updateAndGet(139)) - 5e57565a-2fac-4b31-b24f-016e073e3d73: start 5e57565a-2fac-4b31-b24f-016e073e3d73@group-CB413AA61FBB-LeaderStateImpl
2024-01-26 11:56:20,911 [5e57565a-2fac-4b31-b24f-016e073e3d73@group-CB413AA61FBB-LeaderElection8] INFO  server.RaftServer$Division (RaftServerImpl.java:setFirstElection(574)) - 5e57565a-2fac-4b31-b24f-016e073e3d73@group-CB413AA61FBB: set firstElectionSinceStartup to false for becomeLeader
2024-01-26 11:56:20,911 [5e57565a-2fac-4b31-b24f-016e073e3d73@group-CB413AA61FBB-LeaderElection8] INFO  ratis.XceiverServerRatis (XceiverServerRatis.java:handleLeaderChangedNotification(945)) - Leader change notification received for group: group-CB413AA61FBB with new leaderId: 5e57565a-2fac-4b31-b24f-016e073e3d73
2024-01-26 11:56:20,911 [5e57565a-2fac-4b31-b24f-016e073e3d73@group-CB413AA61FBB-LeaderElection8] INFO  server.RaftServer$Division (ServerState.java:setLeader(269)) - 5e57565a-2fac-4b31-b24f-016e073e3d73@group-CB413AA61FBB: change Leader from null to 5e57565a-2fac-4b31-b24f-016e073e3d73 at term 1 for becomeLeader, leader elected after 5255ms
2024-01-26 11:56:20,911 [5e57565a-2fac-4b31-b24f-016e073e3d73@group-CB413AA61FBB-LeaderElection8] INFO  segmented.SegmentedRaftLogWorker (SegmentedRaftLogWorker.java:startLogSegment(430)) - 5e57565a-2fac-4b31-b24f-016e073e3d73@group-CB413AA61FBB-SegmentedRaftLogWorker: Starting segment from index:0
2024-01-26 11:56:20,912 [5e57565a-2fac-4b31-b24f-016e073e3d73@group-CB413AA61FBB-SegmentedRaftLogWorker] INFO  segmented.BufferedWriteChannel (BufferedWriteChannel.java:open(62)) - open log_inprogress_0 at position 0
2024-01-26 11:56:20,914 [EventQueue-PipelineReportForPipelineReportHandler] INFO  pipeline.PipelineReportHandler (PipelineReportHandler.java:processPipelineReport(136)) - Opened pipeline PipelineID=998bf58e-5fa1-4369-b33d-cb413aa61fbb
2024-01-26 11:56:20,916 [5e57565a-2fac-4b31-b24f-016e073e3d73@group-CB413AA61FBB-LeaderElection8] INFO  server.RaftServer$Division (ServerState.java:setRaftConf(386)) - 5e57565a-2fac-4b31-b24f-016e073e3d73@group-CB413AA61FBB: set configuration 0: peers:[5052cfc4-081a-46ed-8261-0b7a8ad7db0a|10.1.0.50:15032, 5c737fdf-f228-4231-bbf6-1cc383ec73d2|10.1.0.50:15023, 5e57565a-2fac-4b31-b24f-016e073e3d73|10.1.0.50:15014]|listeners:[], old=null
2024-01-26 11:56:20,920 [5e57565a-2fac-4b31-b24f-016e073e3d73@group-CB413AA61FBB-SegmentedRaftLogWorker] INFO  segmented.SegmentedRaftLogWorker (SegmentedRaftLogWorker.java:execute(634)) - 5e57565a-2fac-4b31-b24f-016e073e3d73@group-CB413AA61FBB-SegmentedRaftLogWorker: created new log segment /home/runner/work/ozone/ozone/hadoop-ozone/integration-test/target/test-dir/MiniOzoneClusterImpl-b54bfeae-1ef8-4c1d-b639-09e56ef7dc0e/datanode-0/data/ratis/998bf58e-5fa1-4369-b33d-cb413aa61fbb/current/log_inprogress_0
2024-01-26 11:56:20,948 [5c737fdf-f228-4231-bbf6-1cc383ec73d2-server-thread1] INFO  ratis.XceiverServerRatis (XceiverServerRatis.java:handleLeaderChangedNotification(945)) - Leader change notification received for group: group-CB413AA61FBB with new leaderId: 5e57565a-2fac-4b31-b24f-016e073e3d73
2024-01-26 11:56:20,948 [5c737fdf-f228-4231-bbf6-1cc383ec73d2-server-thread1] INFO  server.RaftServer$Division (ServerState.java:setLeader(269)) - 5c737fdf-f228-4231-bbf6-1cc383ec73d2@group-CB413AA61FBB: change Leader from null to 5e57565a-2fac-4b31-b24f-016e073e3d73 at term 1 for appendEntries, leader elected after 5293ms
2024-01-26 11:56:20,955 [5052cfc4-081a-46ed-8261-0b7a8ad7db0a-server-thread1] INFO  ratis.XceiverServerRatis (XceiverServerRatis.java:handleLeaderChangedNotification(945)) - Leader change notification received for group: group-CB413AA61FBB with new leaderId: 5e57565a-2fac-4b31-b24f-016e073e3d73
2024-01-26 11:56:20,955 [5c737fdf-f228-4231-bbf6-1cc383ec73d2-server-thread2] INFO  server.RaftServer$Division (ServerState.java:setRaftConf(386)) - 5c737fdf-f228-4231-bbf6-1cc383ec73d2@group-CB413AA61FBB: set configuration 0: peers:[5052cfc4-081a-46ed-8261-0b7a8ad7db0a|10.1.0.50:15032, 5c737fdf-f228-4231-bbf6-1cc383ec73d2|10.1.0.50:15023, 5e57565a-2fac-4b31-b24f-016e073e3d73|10.1.0.50:15014]|listeners:[], old=null
2024-01-26 11:56:20,955 [5052cfc4-081a-46ed-8261-0b7a8ad7db0a-server-thread1] INFO  server.RaftServer$Division (ServerState.java:setLeader(269)) - 5052cfc4-081a-46ed-8261-0b7a8ad7db0a@group-CB413AA61FBB: change Leader from null to 5e57565a-2fac-4b31-b24f-016e073e3d73 at term 1 for appendEntries, leader elected after 5297ms
2024-01-26 11:56:20,956 [5c737fdf-f228-4231-bbf6-1cc383ec73d2-server-thread2] INFO  segmented.SegmentedRaftLogWorker (SegmentedRaftLogWorker.java:startLogSegment(430)) - 5c737fdf-f228-4231-bbf6-1cc383ec73d2@group-CB413AA61FBB-SegmentedRaftLogWorker: Starting segment from index:0
2024-01-26 11:56:20,956 [5c737fdf-f228-4231-bbf6-1cc383ec73d2@group-CB413AA61FBB-SegmentedRaftLogWorker] INFO  segmented.BufferedWriteChannel (BufferedWriteChannel.java:open(62)) - open log_inprogress_0 at position 0
2024-01-26 11:56:20,957 [5052cfc4-081a-46ed-8261-0b7a8ad7db0a-server-thread2] INFO  server.RaftServer$Division (ServerState.java:setRaftConf(386)) - 5052cfc4-081a-46ed-8261-0b7a8ad7db0a@group-CB413AA61FBB: set configuration 0: peers:[5052cfc4-081a-46ed-8261-0b7a8ad7db0a|10.1.0.50:15032, 5c737fdf-f228-4231-bbf6-1cc383ec73d2|10.1.0.50:15023, 5e57565a-2fac-4b31-b24f-016e073e3d73|10.1.0.50:15014]|listeners:[], old=null
2024-01-26 11:56:20,962 [5052cfc4-081a-46ed-8261-0b7a8ad7db0a-server-thread2] INFO  segmented.SegmentedRaftLogWorker (SegmentedRaftLogWorker.java:startLogSegment(430)) - 5052cfc4-081a-46ed-8261-0b7a8ad7db0a@group-CB413AA61FBB-SegmentedRaftLogWorker: Starting segment from index:0
2024-01-26 11:56:20,963 [5052cfc4-081a-46ed-8261-0b7a8ad7db0a@group-CB413AA61FBB-SegmentedRaftLogWorker] INFO  segmented.BufferedWriteChannel (BufferedWriteChannel.java:open(62)) - open log_inprogress_0 at position 0
2024-01-26 11:56:20,967 [5c737fdf-f228-4231-bbf6-1cc383ec73d2@group-CB413AA61FBB-SegmentedRaftLogWorker] INFO  segmented.SegmentedRaftLogWorker (SegmentedRaftLogWorker.java:execute(634)) - 5c737fdf-f228-4231-bbf6-1cc383ec73d2@group-CB413AA61FBB-SegmentedRaftLogWorker: created new log segment /home/runner/work/ozone/ozone/hadoop-ozone/integration-test/target/test-dir/MiniOzoneClusterImpl-b54bfeae-1ef8-4c1d-b639-09e56ef7dc0e/datanode-1/data/ratis/998bf58e-5fa1-4369-b33d-cb413aa61fbb/current/log_inprogress_0
2024-01-26 11:56:20,971 [5052cfc4-081a-46ed-8261-0b7a8ad7db0a@group-CB413AA61FBB-SegmentedRaftLogWorker] INFO  segmented.SegmentedRaftLogWorker (SegmentedRaftLogWorker.java:execute(634)) - 5052cfc4-081a-46ed-8261-0b7a8ad7db0a@group-CB413AA61FBB-SegmentedRaftLogWorker: created new log segment /home/runner/work/ozone/ozone/hadoop-ozone/integration-test/target/test-dir/MiniOzoneClusterImpl-b54bfeae-1ef8-4c1d-b639-09e56ef7dc0e/datanode-2/data/ratis/998bf58e-5fa1-4369-b33d-cb413aa61fbb/current/log_inprogress_0
2024-01-26 11:56:20,972 [5e57565a-2fac-4b31-b24f-016e073e3d73@group-CB413AA61FBB-StateMachineUpdater] INFO  server.RaftServer$Division (LeaderStateImpl.java:isApplied(320)) - leader is ready since appliedIndex == 0 >= startIndex == 0
2024-01-26 11:56:21,262 [Mini-Cluster-Provider-Create] INFO  ozone.MiniOzoneClusterImpl (MiniOzoneClusterImpl.java:lambda$waitForClusterToBeReady$0(229)) - Nodes are ready. Got 3 of 3 DN Heartbeats.
2024-01-26 11:56:21,262 [Mini-Cluster-Provider-Create] INFO  ozone.MiniOzoneClusterImpl (MiniOzoneClusterImpl.java:lambda$waitForClusterToBeReady$0(232)) - Cluster exits safe mode
2024-01-26 11:56:21,262 [Mini-Cluster-Provider-Create] INFO  ozone.MiniOzoneClusterImpl (MiniOzoneClusterImpl.java:lambda$waitForClusterToBeReady$0(234)) - SCM became leader
2024-01-26 11:56:21,262 [main] INFO  ozone.MiniOzoneClusterImpl (MiniOzoneClusterImpl.java:lambda$waitForClusterToBeReady$0(229)) - Nodes are ready. Got 3 of 3 DN Heartbeats.
2024-01-26 11:56:21,263 [main] INFO  ozone.MiniOzoneClusterImpl (MiniOzoneClusterImpl.java:lambda$waitForClusterToBeReady$0(232)) - Cluster exits safe mode
2024-01-26 11:56:21,263 [main] INFO  ozone.MiniOzoneClusterImpl (MiniOzoneClusterImpl.java:lambda$waitForClusterToBeReady$0(234)) - SCM became leader
2024-01-26 11:56:21,282 [Mini-Cluster-Provider-Create] WARN  server.ServerUtils (ServerUtils.java:getScmDbDir(155)) - ozone.scm.db.dirs is not configured. We recommend adding this setting. Falling back to ozone.metadata.dirs instead.
2024-01-26 11:56:21,283 [Mini-Cluster-Provider-Create] WARN  server.ServerUtils (ServerUtils.java:getScmDbDir(155)) - ozone.scm.db.dirs is not configured. We recommend adding this setting. Falling back to ozone.metadata.dirs instead.
2024-01-26 11:56:21,284 [Mini-Cluster-Provider-Create] INFO  ha.SCMHANodeDetails (SCMHANodeDetails.java:loadSCMHAConfig(207)) - ServiceID for StorageContainerManager is null
2024-01-26 11:56:21,284 [Mini-Cluster-Provider-Create] INFO  ha.SCMHANodeDetails (SCMHANodeDetails.java:loadSCMHAConfig(212)) - ozone.scm.default.service.id is not defined, falling back to ozone.scm.service.ids to find serviceID for StorageContainerManager if it is HA enabled cluster
2024-01-26 11:56:21,285 [Mini-Cluster-Provider-Create] WARN  utils.HAUtils (HAUtils.java:getMetaDir(339)) - ozone.scm.db.dirs is not configured. We recommend adding this setting. Falling back to ozone.metadata.dirs instead.
2024-01-26 11:56:21,285 [Mini-Cluster-Provider-Create] WARN  db.DBStoreBuilder (DBStoreBuilder.java:applyDBDefinition(170)) - ozone.scm.db.dirs is not configured. We recommend adding this setting. Falling back to ozone.metadata.dirs instead.
2024-01-26 11:56:21,286 [main] INFO  protocolPB.OmTransportFactory (OmTransportFactory.java:createFactory(62)) - Loading OM transport implementation org.apache.hadoop.ozone.om.protocolPB.Hadoop3OmTransportFactory as specified by configuration.
2024-01-26 11:56:21,409 [Mini-Cluster-Provider-Create] INFO  net.NodeSchemaLoader (NodeSchemaLoader.java:loadSchemaFromFile(129)) - Loading schema from [jar:file:/home/runner/.m2/repository/org/apache/ozone/hdds-common/1.5.0-SNAPSHOT/hdds-common-1.5.0-SNAPSHOT.jar!/network-topology-default.xml]
2024-01-26 11:56:21,409 [Mini-Cluster-Provider-Create] INFO  net.NodeSchemaLoader (NodeSchemaLoader.java:loadSchema(176)) - Loading network topology layer schema file
2024-01-26 11:56:21,412 [Mini-Cluster-Provider-Create] WARN  dropwizard3.Dm3MetricRegistriesImpl (Dm3MetricRegistriesImpl.java:addReporterRegistration(113)) - New reporters are added after registries were created. Some metrics will be missing from the reporter. Please add reporter before adding any new registry.
2024-01-26 11:56:21,412 [Mini-Cluster-Provider-Create] WARN  dropwizard3.Dm3MetricRegistriesImpl (Dm3MetricRegistriesImpl.java:addReporterRegistration(113)) - New reporters are added after registries were created. Some metrics will be missing from the reporter. Please add reporter before adding any new registry.
2024-01-26 11:56:21,413 [Mini-Cluster-Provider-Create] INFO  upgrade.AbstractLayoutVersionManager (AbstractLayoutVersionManager.java:init(83)) - Initializing Layout version manager with metadata layout = HADOOP_PRC_PORTS_IN_DATANODEDETAILS (version = 7), software layout = HADOOP_PRC_PORTS_IN_DATANODEDETAILS (version = 7)
2024-01-26 11:56:21,414 [Mini-Cluster-Provider-Create] INFO  ha.SequenceIdGenerator (SequenceIdGenerator.java:upgradeToSequenceId(370)) - upgrade localId to 113750153625600000
2024-01-26 11:56:21,415 [Mini-Cluster-Provider-Create] INFO  ha.SequenceIdGenerator (SequenceIdGenerator.java:upgradeToSequenceId(380)) - upgrade delTxnId to 0
2024-01-26 11:56:21,416 [Mini-Cluster-Provider-Create] INFO  ha.SequenceIdGenerator (SequenceIdGenerator.java:upgradeToSequenceId(397)) - upgrade containerId to 0
2024-01-26 11:56:21,416 [Mini-Cluster-Provider-Create] INFO  ha.SequenceIdGenerator (SequenceIdGenerator.java:upgradeToCertificateSequenceId(444)) - upgrade CertificateId to 2
2024-01-26 11:56:21,417 [Mini-Cluster-Provider-Create] INFO  ha.SequenceIdGenerator (SequenceIdGenerator.java:<init>(241)) - Init the HA SequenceIdGenerator.
2024-01-26 11:56:21,417 [Mini-Cluster-Provider-Create] WARN  server.ServerUtils (ServerUtils.java:sanitizeUserArgs(80)) - ozone.scm.stale.node.interval value = 300000 is larger than max = 100000 based on the key value of ozone.scm.heartbeat.thread.interval, reset to the max value 100000.
2024-01-26 11:56:21,417 [Mini-Cluster-Provider-Create] WARN  server.ServerUtils (ServerUtils.java:sanitizeUserArgs(80)) - ozone.scm.stale.node.interval value = 300000 is larger than max = 100000 based on the key value of ozone.scm.heartbeat.thread.interval, reset to the max value 100000.
2024-01-26 11:56:21,423 [Mini-Cluster-Provider-Create] INFO  node.SCMNodeManager (SCMNodeManager.java:<init>(177)) - Entering startup safe mode.
2024-01-26 11:56:21,424 [Mini-Cluster-Provider-Create] INFO  algorithms.ContainerPlacementPolicyFactory (ContainerPlacementPolicyFactory.java:getPolicyInternal(86)) - Create container placement policy of type org.apache.hadoop.hdds.scm.container.placement.algorithms.SCMContainerPlacementRackAware
2024-01-26 11:56:21,424 [Mini-Cluster-Provider-Create] INFO  algorithms.ContainerPlacementPolicyFactory (ContainerPlacementPolicyFactory.java:getPolicyInternal(86)) - Create container placement policy of type org.apache.hadoop.hdds.scm.container.placement.algorithms.SCMContainerPlacementRackScatter
2024-01-26 11:56:21,424 [Mini-Cluster-Provider-Create] INFO  pipeline.PipelineStateManagerImpl (PipelineStateManagerImpl.java:initialize(78)) - No pipeline exists in current db
2024-01-26 11:56:21,424 [Mini-Cluster-Provider-Create] INFO  algorithms.LeaderChoosePolicyFactory (LeaderChoosePolicyFactory.java:getPolicy(57)) - Create leader choose policy of type org.apache.hadoop.hdds.scm.pipeline.leader.choose.algorithms.MinLeaderCountChoosePolicy
2024-01-26 11:56:21,425 [Mini-Cluster-Provider-Create] INFO  algorithms.ContainerPlacementPolicyFactory (ContainerPlacementPolicyFactory.java:getPolicyInternal(86)) - Create container placement policy of type org.apache.hadoop.hdds.scm.container.placement.algorithms.SCMContainerPlacementRackScatter
2024-01-26 11:56:21,425 [Mini-Cluster-Provider-Create] INFO  ha.SCMServiceManager (SCMServiceManager.java:register(42)) - Registering service BackgroundPipelineCreator.
2024-01-26 11:56:21,425 [Mini-Cluster-Provider-Create] INFO  pipeline.BackgroundPipelineCreator (BackgroundPipelineCreator.java:start(127)) - Starting RatisPipelineUtilsThread.
2024-01-26 11:56:21,427 [Mini-Cluster-Provider-Create] INFO  BackgroundPipelineScrubber (BackgroundSCMService.java:start(68)) - Starting BackgroundPipelineScrubber Service.
2024-01-26 11:56:21,439 [Mini-Cluster-Provider-Create] INFO  ha.SCMServiceManager (SCMServiceManager.java:register(42)) - Registering service BackgroundPipelineScrubber.
2024-01-26 11:56:21,439 [Mini-Cluster-Provider-Create] INFO  ExpiredContainerReplicaOpScrubber (BackgroundSCMService.java:start(68)) - Starting ExpiredContainerReplicaOpScrubber Service.
2024-01-26 11:56:21,446 [Mini-Cluster-Provider-Create] INFO  ha.SCMServiceManager (SCMServiceManager.java:register(42)) - Registering service ExpiredContainerReplicaOpScrubber.
2024-01-26 11:56:21,447 [Mini-Cluster-Provider-Create] INFO  algorithms.PipelineChoosePolicyFactory (PipelineChoosePolicyFactory.java:createPipelineChoosePolicyFromClass(80)) - Create pipeline choose policy of type org.apache.hadoop.hdds.scm.pipeline.choose.algorithms.RandomPipelineChoosePolicy
2024-01-26 11:56:21,447 [Mini-Cluster-Provider-Create] INFO  algorithms.PipelineChoosePolicyFactory (PipelineChoosePolicyFactory.java:createPipelineChoosePolicyFromClass(80)) - Create pipeline choose policy of type org.apache.hadoop.hdds.scm.pipeline.choose.algorithms.RandomPipelineChoosePolicy
2024-01-26 11:56:21,448 [Mini-Cluster-Provider-Create] INFO  ha.SCMServiceManager (SCMServiceManager.java:register(42)) - Registering service SCMBlockDeletingService.
2024-01-26 11:56:21,452 [Mini-Cluster-Provider-Create] INFO  replication.ReplicationManager (ReplicationManager.java:start(294)) - Starting Replication Monitor Thread.
2024-01-26 11:56:21,454 [Mini-Cluster-Provider-Create] INFO  ha.SCMServiceManager (SCMServiceManager.java:register(42)) - Registering service ReplicationManager.
2024-01-26 11:56:21,455 [Mini-Cluster-Provider-Create] INFO  safemode.ContainerSafeModeRule (ContainerSafeModeRule.java:<init>(91)) - containers with one replica threshold count 0
2024-01-26 11:56:21,456 [Mini-Cluster-Provider-Create] INFO  safemode.HealthyPipelineSafeModeRule (HealthyPipelineSafeModeRule.java:initializeRule(176)) - Total pipeline count is 0, healthy pipeline threshold count is 1
2024-01-26 11:56:21,456 [Mini-Cluster-Provider-Create] INFO  safemode.OneReplicaPipelineSafeModeRule (OneReplicaPipelineSafeModeRule.java:initializeRule(193)) - Total pipeline count is 0, pipeline's with at least one datanode reported threshold count is 0
2024-01-26 11:56:21,457 [Mini-Cluster-Provider-Create] INFO  server.StorageContainerManager (StorageContainerManager.java:<init>(440)) - SCM start with adminUsers: [runner]
2024-01-26 11:56:21,458 [Mini-Cluster-Provider-Create] INFO  ipc.CallQueueManager (CallQueueManager.java:<init>(90)) - Using callQueue: class java.util.concurrent.LinkedBlockingQueue, queueCapacity: 10000, scheduler: class org.apache.hadoop.ipc.DefaultRpcScheduler, ipcBackoff: false.
2024-01-26 11:56:21,458 [Mini-Cluster-Provider-Create] INFO  ipc.Server (Server.java:<init>(1287)) - Listener at 0.0.0.0:15037
2024-01-26 11:56:21,458 [Socket Reader #1 for port 15037] INFO  ipc.Server (Server.java:run(1323)) - Starting Socket Reader #1 for port 15037
2024-01-26 11:56:21,460 [Mini-Cluster-Provider-Create] INFO  ipc.CallQueueManager (CallQueueManager.java:<init>(90)) - Using callQueue: class java.util.concurrent.LinkedBlockingQueue, queueCapacity: 10000, scheduler: class org.apache.hadoop.ipc.DefaultRpcScheduler, ipcBackoff: false.
2024-01-26 11:56:21,460 [Mini-Cluster-Provider-Create] INFO  ipc.Server (Server.java:<init>(1287)) - Listener at 0.0.0.0:15036
2024-01-26 11:56:21,461 [Socket Reader #1 for port 15036] INFO  ipc.Server (Server.java:run(1323)) - Starting Socket Reader #1 for port 15036
2024-01-26 11:56:21,462 [ReplicationMonitor] INFO  replication.ReplicationManager (ReplicationManager.java:processAll(369)) - Replication Manager is not ready to run until 3000ms after safemode exit
2024-01-26 11:56:21,467 [Mini-Cluster-Provider-Create] INFO  ipc.CallQueueManager (CallQueueManager.java:<init>(90)) - Using callQueue: class java.util.concurrent.LinkedBlockingQueue, queueCapacity: 10000, scheduler: class org.apache.hadoop.ipc.DefaultRpcScheduler, ipcBackoff: false.
2024-01-26 11:56:21,467 [Mini-Cluster-Provider-Create] INFO  ipc.Server (Server.java:<init>(1287)) - Listener at 0.0.0.0:15035
2024-01-26 11:56:21,470 [Socket Reader #1 for port 15035] INFO  ipc.Server (Server.java:run(1323)) - Starting Socket Reader #1 for port 15035
2024-01-26 11:56:21,481 [Mini-Cluster-Provider-Create] INFO  ha.SCMServiceManager (SCMServiceManager.java:register(42)) - Registering service ContainerBalancer.
2024-01-26 11:56:21,481 [Mini-Cluster-Provider-Create] INFO  server.StorageContainerManager (StorageContainerManager.java:<init>(453)) - 
Container Balancer status:
Key                            Value
Running                        false
Container Balancer Configuration values:
Key                                                Value
Threshold                                          10
Max Datanodes to Involve per Iteration(percent)    20
Max Size to Move per Iteration                     500GB
Max Size Entering Target per Iteration             26GB
Max Size Leaving Source per Iteration              26GB
Number of Iterations                               10
Time Limit for Single Container's Movement         65min
Time Limit for Single Container's Replication      50min
Interval between each Iteration                    70min
Whether to Enable Network Topology                 false
Whether to Trigger Refresh Datanode Usage Info     false
Container IDs to Exclude from Balancing            None
Datanodes Specified to be Balanced                 None
Datanodes Excluded from Balancing                  None

2024-01-26 11:56:21,481 [Mini-Cluster-Provider-Create] INFO  ha.SCMContext (SCMContext.java:updateSafeModeStatus(230)) - Update SafeModeStatus from SafeModeStatus{safeModeStatus=true, preCheckPassed=false} to SafeModeStatus{safeModeStatus=true, preCheckPassed=false}.
2024-01-26 11:56:21,482 [Mini-Cluster-Provider-Create] INFO  server.StorageContainerManager (StorageContainerManager.java:start(1546)) - StorageContainerLocationProtocol RPC server is listening at /0.0.0.0:15035
2024-01-26 11:56:21,482 [Mini-Cluster-Provider-Create] INFO  impl.MetricsSystemImpl (MetricsSystemImpl.java:init(158)) - StorageContainerManager metrics system started (again)
2024-01-26 11:56:21,495 [Mini-Cluster-Provider-Create] INFO  server.SCMClientProtocolServer (SCMClientProtocolServer.java:start(203)) - RPC server for Client  is listening at /0.0.0.0:15035
2024-01-26 11:56:21,495 [IPC Server Responder] INFO  ipc.Server (Server.java:run(1562)) - IPC Server Responder: starting
2024-01-26 11:56:21,495 [IPC Server listener on 15035] INFO  ipc.Server (Server.java:run(1402)) - IPC Server listener on 15035: starting
2024-01-26 11:56:21,526 [Mini-Cluster-Provider-Create] INFO  server.StorageContainerManager (StorageContainerManager.java:start(1559)) - ScmBlockLocationProtocol RPC server is listening at /0.0.0.0:15036
2024-01-26 11:56:21,527 [Mini-Cluster-Provider-Create] INFO  server.SCMBlockProtocolServer (SCMBlockProtocolServer.java:start(160)) - RPC server for Block Protocol is listening at /0.0.0.0:15036
2024-01-26 11:56:21,527 [IPC Server Responder] INFO  ipc.Server (Server.java:run(1562)) - IPC Server Responder: starting
2024-01-26 11:56:21,527 [IPC Server listener on 15036] INFO  ipc.Server (Server.java:run(1402)) - IPC Server listener on 15036: starting
2024-01-26 11:56:21,539 [Mini-Cluster-Provider-Create] INFO  server.SCMDatanodeProtocolServer (SCMDatanodeProtocolServer.java:start(194)) - ScmDatanodeProtocol RPC server for DataNodes is listening at /0.0.0.0:15037
2024-01-26 11:56:21,540 [IPC Server Responder] INFO  ipc.Server (Server.java:run(1562)) - IPC Server Responder: starting
2024-01-26 11:56:21,540 [IPC Server listener on 15037] INFO  ipc.Server (Server.java:run(1402)) - IPC Server listener on 15037: starting
2024-01-26 11:56:21,564 [JvmPauseMonitor5] INFO  util.JvmPauseMonitor (JvmPauseMonitor.java:run(146)) - JvmPauseMonitor-7ad7f6d5-37ce-4bfa-8f83-498f77b4e9f0: Started
2024-01-26 11:56:21,573 [Mini-Cluster-Provider-Create] INFO  http.BaseHttpServer (BaseHttpServer.java:newHttpServer2BuilderForOzone(223)) - Starting Web-server for scm at: http://0.0.0.0:15038
2024-01-26 11:56:21,573 [Mini-Cluster-Provider-Create] INFO  http.BaseHttpServer (BaseHttpServer.java:<init>(110)) - Hadoop Security Enabled: false Ozone Security Enabled: false Ozone HTTP Security Enabled: false 
2024-01-26 11:56:21,575 [Mini-Cluster-Provider-Create] WARN  server.AuthenticationFilter (AuthenticationFilter.java:constructSecretProvider(240)) - Unable to initialize FileSignerSecretProvider, falling back to use random secrets. Reason: Could not read signature secret file: /home/runner/hadoop-http-auth-signature-secret
2024-01-26 11:56:21,575 [Mini-Cluster-Provider-Create] INFO  http.HttpRequestLog (HttpRequestLog.java:getRequestLog(86)) - Http request log for http.requests.scm is not defined
2024-01-26 11:56:21,577 [Mini-Cluster-Provider-Create] INFO  http.HttpServer2 (HttpServer2.java:addGlobalFilter(1036)) - Added global filter 'safety' (class=org.apache.hadoop.hdds.server.http.HttpServer2$QuotingInputFilter)
2024-01-26 11:56:21,578 [Mini-Cluster-Provider-Create] INFO  http.HttpServer2 (HttpServer2.java:addFilter(1012)) - Added filter static_user_filter (class=org.apache.hadoop.http.lib.StaticUserWebFilter$StaticUserFilter) to context scm
2024-01-26 11:56:21,578 [Mini-Cluster-Provider-Create] INFO  http.HttpServer2 (HttpServer2.java:addFilter(1020)) - Added filter static_user_filter (class=org.apache.hadoop.http.lib.StaticUserWebFilter$StaticUserFilter) to context logs
2024-01-26 11:56:21,578 [Mini-Cluster-Provider-Create] INFO  http.HttpServer2 (HttpServer2.java:addFilter(1020)) - Added filter static_user_filter (class=org.apache.hadoop.http.lib.StaticUserWebFilter$StaticUserFilter) to context static
2024-01-26 11:56:21,579 [Mini-Cluster-Provider-Create] INFO  http.BaseHttpServer (BaseHttpServer.java:<init>(189)) - HTTP server of scm uses base directory /home/runner/work/ozone/ozone/hadoop-ozone/integration-test/target/test-dir/MiniOzoneClusterImpl-47c92df5-8859-41b8-9f26-037451183754/ozone-meta/webserver
2024-01-26 11:56:21,579 [Mini-Cluster-Provider-Create] INFO  http.HttpServer2 (HttpServer2.java:bindListener(1236)) - Jetty bound to port 15038
2024-01-26 11:56:21,579 [Mini-Cluster-Provider-Create] INFO  server.Server (Server.java:doStart(375)) - jetty-9.4.53.v20231009; built: 2023-10-09T12:29:09.265Z; git: 27bde00a0b95a1d5bbee0eae7984f891d2d0f8c9; jvm 1.8.0_392-b08
2024-01-26 11:56:21,582 [Mini-Cluster-Provider-Create] INFO  server.session (DefaultSessionIdManager.java:doStart(334)) - DefaultSessionIdManager workerName=node0
2024-01-26 11:56:21,582 [Mini-Cluster-Provider-Create] INFO  server.session (DefaultSessionIdManager.java:doStart(339)) - No SessionScavenger set, using defaults
2024-01-26 11:56:21,582 [Mini-Cluster-Provider-Create] INFO  server.session (HouseKeeper.java:startScavenging(132)) - node0 Scavenging every 660000ms
2024-01-26 11:56:21,583 [Mini-Cluster-Provider-Create] INFO  handler.ContextHandler (ContextHandler.java:doStart(921)) - Started o.e.j.s.ServletContextHandler@31c4ff1e{logs,/logs,file:///home/runner/work/ozone/ozone/hadoop-ozone/integration-test/target/log,AVAILABLE}
2024-01-26 11:56:21,584 [Mini-Cluster-Provider-Create] INFO  handler.ContextHandler (ContextHandler.java:doStart(921)) - Started o.e.j.s.ServletContextHandler@1da6019c{static,/static,file:///home/runner/work/ozone/ozone/hadoop-ozone/integration-test/target/test-classes/webapps/static,AVAILABLE}
2024-01-26 11:56:21,587 [Mini-Cluster-Provider-Create] INFO  handler.ContextHandler (ContextHandler.java:doStart(921)) - Started o.e.j.w.WebAppContext@45a40c10{scm,/,file:///home/runner/work/ozone/ozone/hadoop-ozone/integration-test/target/test-classes/webapps/scm/,AVAILABLE}{file:/home/runner/work/ozone/ozone/hadoop-ozone/integration-test/target/test-classes/webapps/scm}
2024-01-26 11:56:21,592 [Mini-Cluster-Provider-Create] INFO  server.AbstractConnector (AbstractConnector.java:doStart(333)) - Started ServerConnector@3636cffb{HTTP/1.1, (http/1.1)}{0.0.0.0:15038}
2024-01-26 11:56:21,592 [Mini-Cluster-Provider-Create] INFO  server.Server (Server.java:doStart(415)) - Started @20156ms
2024-01-26 11:56:21,592 [Mini-Cluster-Provider-Create] WARN  impl.MetricsSystemImpl (MetricsSystemImpl.java:register(279)) - Sink prometheus already exists!
2024-01-26 11:56:21,593 [Mini-Cluster-Provider-Create] INFO  http.BaseHttpServer (BaseHttpServer.java:updateConnectorAddress(354)) - HTTP server of scm listening at http://0.0.0.0:15038
2024-01-26 11:56:21,593 [Mini-Cluster-Provider-Create] WARN  server.ServerUtils (ServerUtils.java:getDBPath(311)) - ozone.om.db.dirs is not configured. We recommend adding this setting. Falling back to ozone.metadata.dirs instead.
2024-01-26 11:56:21,594 [Mini-Cluster-Provider-Create] INFO  ha.OMHANodeDetails (OMHANodeDetails.java:loadOMHAConfig(115)) - ozone.om.internal.service.id is not defined, falling back to ozone.om.service.ids to find serviceID for OzoneManager if it is HA enabled cluster
2024-01-26 11:56:21,594 [Mini-Cluster-Provider-Create] INFO  ha.OMHANodeDetails (OMHANodeDetails.java:loadOMHAConfig(226)) - Configuration does not have ozone.om.address set. Falling back to the default OM address /127.0.0.1:15039
2024-01-26 11:56:21,595 [Mini-Cluster-Provider-Create] INFO  ha.OMHANodeDetails (OMHANodeDetails.java:getOMNodeDetailsForNonHA(254)) - OM Service ID is not set. Setting it to the default ID: omServiceIdDefault
2024-01-26 11:56:21,595 [Mini-Cluster-Provider-Create] INFO  ha.OMHANodeDetails (OMHANodeDetails.java:getOMNodeDetailsForNonHA(261)) - OM Node ID is not set. Setting it to the default ID: om1
2024-01-26 11:56:21,595 [Mini-Cluster-Provider-Create] WARN  server.ServerUtils (ServerUtils.java:getDBPath(311)) - ozone.om.db.dirs is not configured. We recommend adding this setting. Falling back to ozone.metadata.dirs instead.
2024-01-26 11:56:21,595 [Mini-Cluster-Provider-Create] INFO  upgrade.AbstractLayoutVersionManager (AbstractLayoutVersionManager.java:init(83)) - Initializing Layout version manager with metadata layout = QUOTA (version = 6), software layout = QUOTA (version = 6)
2024-01-26 11:56:21,649 [Mini-Cluster-Provider-Create] INFO  upgrade.OMLayoutVersionManager (OMLayoutVersionManager.java:lambda$0(113)) - Skipping Upgrade Action MockOmUpgradeAction since it has been finalized.
2024-01-26 11:56:21,649 [Mini-Cluster-Provider-Create] INFO  upgrade.OMLayoutVersionManager (OMLayoutVersionManager.java:lambda$0(113)) - Skipping Upgrade Action QuotaRepairUpgradeAction since it has been finalized.
2024-01-26 11:56:21,649 [Mini-Cluster-Provider-Create] WARN  server.ServerUtils (ServerUtils.java:getDBPath(311)) - ozone.om.db.dirs is not configured. We recommend adding this setting. Falling back to ozone.metadata.dirs instead.
2024-01-26 11:56:21,650 [Mini-Cluster-Provider-Create] INFO  proxy.SCMBlockLocationFailoverProxyProvider (SCMBlockLocationFailoverProxyProvider.java:<init>(115)) - Created block location fail-over proxy with 1 nodes: [nodeId=scmNodeId,nodeAddress=/0.0.0.0:15036]
2024-01-26 11:56:21,652 [Mini-Cluster-Provider-Create] INFO  proxy.SCMBlockLocationFailoverProxyProvider (SCMBlockLocationFailoverProxyProvider.java:<init>(115)) - Created block location fail-over proxy with 1 nodes: [nodeId=scmNodeId,nodeAddress=/0.0.0.0:15036]
2024-01-26 11:56:21,680 [Mini-Cluster-Provider-Create] INFO  om.OzoneManager (OzoneManager.java:<init>(673)) - OM start with adminUsers: [runner]
2024-01-26 11:56:21,681 [Mini-Cluster-Provider-Create] WARN  server.ServerUtils (ServerUtils.java:getDBPath(311)) - ozone.om.db.dirs is not configured. We recommend adding this setting. Falling back to ozone.metadata.dirs instead.
2024-01-26 11:56:21,681 [Mini-Cluster-Provider-Create] INFO  helpers.OmKeyInfo (OmKeyInfo.java:getCodec(71)) - OmKeyInfo.getCodec ignorePipeline = true
2024-01-26 11:56:21,825 [main] INFO  rpc.RpcClient (RpcClient.java:createVolume(456)) - Creating Volume: vol, with runner as owner and space quota set to -1 bytes, counts quota set to -1
2024-01-26 11:56:21,873 [Mini-Cluster-Provider-Create] INFO  om.OzoneManager (OzoneManager.java:instantiateServices(805)) - S3 Multi-Tenancy is disabled
2024-01-26 11:56:21,873 [Mini-Cluster-Provider-Create] INFO  om.OmSnapshotManager (OmSnapshotManager.java:<init>(176)) - Ozone filesystem snapshot feature is enabled.
2024-01-26 11:56:21,874 [Mini-Cluster-Provider-Create] WARN  server.ServerUtils (ServerUtils.java:getDBPath(311)) - ozone.om.snapshot.diff.db.dir is not configured. We recommend adding this setting. Falling back to ozone.metadata.dirs instead.
2024-01-26 11:56:21,878 [om1-OMStateMachineApplyTransactionThread - 0] INFO  volume.OMVolumeCreateRequest (OMVolumeCreateRequest.java:validateAndUpdateCache(198)) - created volume:vol for user:runner
2024-01-26 11:56:21,886 [om1-OMDoubleBufferFlushThread] INFO  helpers.OmKeyInfo (OmKeyInfo.java:getCodec(71)) - OmKeyInfo.getCodec ignorePipeline = true
2024-01-26 11:56:21,886 [om1-OMDoubleBufferFlushThread] INFO  helpers.OmKeyInfo (OmKeyInfo.java:getCodec(71)) - OmKeyInfo.getCodec ignorePipeline = true
2024-01-26 11:56:21,886 [om1-OMDoubleBufferFlushThread] INFO  helpers.OmKeyInfo (OmKeyInfo.java:getCodec(71)) - OmKeyInfo.getCodec ignorePipeline = true
2024-01-26 11:56:21,886 [om1-OMDoubleBufferFlushThread] INFO  helpers.OmKeyInfo (OmKeyInfo.java:getCodec(71)) - OmKeyInfo.getCodec ignorePipeline = true
2024-01-26 11:56:21,886 [om1-OMDoubleBufferFlushThread] INFO  helpers.OmKeyInfo (OmKeyInfo.java:getCodec(71)) - OmKeyInfo.getCodec ignorePipeline = true
2024-01-26 11:56:21,898 [Mini-Cluster-Provider-Create] INFO  utils.NativeLibraryLoader (NativeLibraryLoader.java:loadLibrary(108)) - Loading Library: ozone_rocksdb_tools
2024-01-26 11:56:21,899 [Mini-Cluster-Provider-Create] INFO  snapshot.SnapshotDiffManager (SnapshotDiffManager.java:closeExecutorService(1688)) - Shutting down executorService: 'SstDumpToolExecutor'
2024-01-26 11:56:21,899 [main] INFO  rpc.RpcClient (RpcClient.java:createBucket(683)) - Creating Bucket: vol/bucket, with server-side default bucket layout, runner as owner, Versioning false, Storage Type set to DISK and Encryption set to false, Replication Type set to server-side default replication type, Namespace Quota set to -1, Space Quota set to -1 
2024-01-26 11:56:21,900 [Mini-Cluster-Provider-Create] INFO  om.OzoneManager (OzoneManager.java:addS3GVolumeToDB(4429)) - Created Volume s3v With Owner runner required for S3Gateway operations.
2024-01-26 11:56:21,900 [Mini-Cluster-Provider-Create] WARN  server.ServerUtils (ServerUtils.java:getDefaultRatisDirectory(323)) - Storage directory for Ratis is not configured. It is a good idea to map this to an SSD disk. Falling back to ozone.metadata.dirs
2024-01-26 11:56:21,900 [Mini-Cluster-Provider-Create] WARN  utils.OzoneManagerRatisUtils (OzoneManagerRatisUtils.java:getOMRatisSnapshotDirectory(473)) - ozone.om.ratis.snapshot.dir is not configured. Falling back to ozone.metadata.dirs config
2024-01-26 11:56:21,901 [Mini-Cluster-Provider-Create] WARN  dropwizard3.Dm3MetricRegistriesImpl (Dm3MetricRegistriesImpl.java:addReporterRegistration(113)) - New reporters are added after registries were created. Some metrics will be missing from the reporter. Please add reporter before adding any new registry.
2024-01-26 11:56:21,901 [Mini-Cluster-Provider-Create] WARN  dropwizard3.Dm3MetricRegistriesImpl (Dm3MetricRegistriesImpl.java:addReporterRegistration(113)) - New reporters are added after registries were created. Some metrics will be missing from the reporter. Please add reporter before adding any new registry.
2024-01-26 11:56:21,901 [Mini-Cluster-Provider-Create] WARN  server.ServerUtils (ServerUtils.java:getDefaultRatisDirectory(323)) - Storage directory for Ratis is not configured. It is a good idea to map this to an SSD disk. Falling back to ozone.metadata.dirs
2024-01-26 11:56:21,902 [Mini-Cluster-Provider-Create] INFO  ratis.OzoneManagerRatisServer (OzoneManagerRatisServer.java:<init>(167)) - Instantiating OM Ratis server with groupID: omServiceIdDefault and peers: localhost:15042
2024-01-26 11:56:21,902 [Mini-Cluster-Provider-Create] INFO  ratis.OzoneManagerStateMachine (OzoneManagerStateMachine.java:loadSnapshotInfoFromDB(576)) - TransactionInfo not found in OM DB.
2024-01-26 11:56:21,903 [Mini-Cluster-Provider-Create] INFO  server.RaftServer (ConfUtils.java:logGet(46)) - raft.rpc.type = GRPC (default)
2024-01-26 11:56:21,903 [Mini-Cluster-Provider-Create] INFO  grpc.GrpcConfigKeys (ConfUtils.java:logFallback(53)) - raft.grpc.admin.host = null (fallback to raft.grpc.server.host)
2024-01-26 11:56:21,903 [Mini-Cluster-Provider-Create] INFO  grpc.GrpcConfigKeys (ConfUtils.java:logFallback(53)) - raft.grpc.admin.port = 15042 (fallback to raft.grpc.server.port)
2024-01-26 11:56:21,903 [Mini-Cluster-Provider-Create] INFO  grpc.GrpcConfigKeys (ConfUtils.java:logFallback(53)) - raft.grpc.client.host = null (fallback to raft.grpc.server.host)
2024-01-26 11:56:21,903 [Mini-Cluster-Provider-Create] INFO  grpc.GrpcConfigKeys (ConfUtils.java:logFallback(53)) - raft.grpc.client.port = 15042 (fallback to raft.grpc.server.port)
2024-01-26 11:56:21,903 [Mini-Cluster-Provider-Create] INFO  grpc.GrpcConfigKeys (ConfUtils.java:logGet(46)) - raft.grpc.server.host = null (default)
2024-01-26 11:56:21,903 [Mini-Cluster-Provider-Create] INFO  grpc.GrpcConfigKeys (ConfUtils.java:logGet(46)) - raft.grpc.server.port = 15042 (custom)
2024-01-26 11:56:21,903 [Mini-Cluster-Provider-Create] INFO  server.GrpcService (ConfUtils.java:logGet(46)) - raft.grpc.message.size.max = 4194304 (custom)
2024-01-26 11:56:21,903 [Mini-Cluster-Provider-Create] INFO  server.RaftServerConfigKeys (ConfUtils.java:logGet(46)) - raft.server.log.appender.buffer.byte-limit = 4194304 (custom)
2024-01-26 11:56:21,903 [Mini-Cluster-Provider-Create] INFO  server.GrpcService (ConfUtils.java:logGet(46)) - raft.grpc.flow.control.window = 1MB (=1048576) (default)
2024-01-26 11:56:21,903 [Mini-Cluster-Provider-Create] INFO  server.RaftServerConfigKeys (ConfUtils.java:logGet(46)) - raft.server.rpc.request.timeout = 3000ms (default)
2024-01-26 11:56:21,903 [Mini-Cluster-Provider-Create] INFO  grpc.GrpcConfigKeys (ConfUtils.java:logGet(46)) - raft.grpc.server.heartbeat.channel = true (default)
2024-01-26 11:56:21,903 [Mini-Cluster-Provider-Create] INFO  grpc.GrpcConfigKeys (ConfUtils.java:logGet(46)) - raft.grpc.server.async.request.thread.pool.cached = true (default)
2024-01-26 11:56:21,904 [Mini-Cluster-Provider-Create] INFO  grpc.GrpcConfigKeys (ConfUtils.java:logGet(46)) - raft.grpc.server.async.request.thread.pool.size = 32 (default)
2024-01-26 11:56:21,904 [Mini-Cluster-Provider-Create] INFO  impl.DataStreamServerImpl (ConfUtils.java:logGet(46)) - raft.datastream.type = DISABLED (default)
2024-01-26 11:56:21,904 [Mini-Cluster-Provider-Create] INFO  server.RaftServerConfigKeys (ConfUtils.java:logGet(46)) - raft.server.sleep.deviation.threshold = 300ms (default)
2024-01-26 11:56:21,905 [Mini-Cluster-Provider-Create] INFO  server.RaftServerConfigKeys (ConfUtils.java:logGet(46)) - raft.server.close.threshold = 60s (default)
2024-01-26 11:56:21,905 [Mini-Cluster-Provider-Create] INFO  server.RaftServerConfigKeys (ConfUtils.java:logGet(46)) - raft.server.leaderelection.leader.step-down.wait-time = 10s (default)
2024-01-26 11:56:21,905 [Mini-Cluster-Provider-Create] INFO  server.RaftServerConfigKeys (ConfUtils.java:logGet(46)) - raft.server.storage.dir = [/home/runner/work/ozone/ozone/hadoop-ozone/integration-test/target/test-dir/MiniOzoneClusterImpl-47c92df5-8859-41b8-9f26-037451183754/ozone-meta/ratis] (custom)
2024-01-26 11:56:21,905 [Mini-Cluster-Provider-Create] INFO  server.RaftServerConfigKeys (ConfUtils.java:logGet(46)) - raft.server.threadpool.proxy.cached = true (default)
2024-01-26 11:56:21,905 [Mini-Cluster-Provider-Create] INFO  server.RaftServerConfigKeys (ConfUtils.java:logGet(46)) - raft.server.threadpool.proxy.size = 0 (default)
2024-01-26 11:56:21,907 [Mini-Cluster-Provider-Create] INFO  server.RaftServer (RaftServerProxy.java:addNew(100)) - om1: addNew group-C5BA1605619E:[om1|localhost:15042] returns group-C5BA1605619E:java.util.concurrent.CompletableFuture@551f7012[Not completed]
2024-01-26 11:56:21,907 [Mini-Cluster-Provider-Create] INFO  om.OzoneManager (OzoneManager.java:initializeRatisServer(2141)) - OzoneManager Ratis server initialized at port 15042
2024-01-26 11:56:21,907 [om1-groupManagement] INFO  server.RaftServer$Division (RaftServerImpl.java:<init>(256)) - om1: new RaftServerImpl for group-C5BA1605619E:[om1|localhost:15042] with OzoneManagerStateMachine:uninitialized
2024-01-26 11:56:21,907 [Mini-Cluster-Provider-Create] INFO  om.OzoneManager (OzoneManager.java:getRpcServer(1207)) - Creating RPC Server
2024-01-26 11:56:21,907 [om1-groupManagement] INFO  server.RaftServerConfigKeys (ConfUtils.java:logGet(46)) - raft.server.rpc.timeout.min = 1s (custom)
2024-01-26 11:56:21,907 [om1-groupManagement] INFO  server.RaftServerConfigKeys (ConfUtils.java:logGet(46)) - raft.server.rpc.timeout.max = 1200ms (custom)
2024-01-26 11:56:21,907 [om1-groupManagement] INFO  server.RaftServerConfigKeys (ConfUtils.java:logGet(46)) - raft.server.rpc.sleep.time = 25ms (default)
2024-01-26 11:56:21,907 [om1-groupManagement] INFO  server.RaftServerConfigKeys (ConfUtils.java:logGet(46)) - raft.server.rpc.slowness.timeout = 120s (custom)
2024-01-26 11:56:21,910 [om1-groupManagement] INFO  server.RaftServerConfigKeys (ConfUtils.java:logGet(46)) - raft.server.leaderelection.leader.step-down.wait-time = 10s (default)
2024-01-26 11:56:21,910 [om1-groupManagement] INFO  server.RaftServerConfigKeys (ConfUtils.java:logGet(46)) - raft.server.leaderelection.member.majority-add = false (default)
2024-01-26 11:56:21,910 [om1-groupManagement] INFO  server.RaftServerConfigKeys (ConfUtils.java:logGet(46)) - raft.server.sleep.deviation.threshold = 300ms (default)
2024-01-26 11:56:21,911 [om1-groupManagement] INFO  server.RaftServer$Division (ServerState.java:<init>(113)) - om1@group-C5BA1605619E: ConfigurationManager, init=-1: peers:[om1|localhost:15042]|listeners:[], old=null, confs=<EMPTY_MAP>
2024-01-26 11:56:21,911 [om1-groupManagement] INFO  server.RaftServerConfigKeys (ConfUtils.java:logGet(46)) - raft.server.notification.no-leader.timeout = 120s (custom)
2024-01-26 11:56:21,911 [om1-groupManagement] INFO  server.RaftServerConfigKeys (ConfUtils.java:logGet(46)) - raft.server.read.timeout = 10s (default)
2024-01-26 11:56:21,911 [om1-groupManagement] INFO  server.RaftServerConfigKeys (ConfUtils.java:logGet(46)) - raft.server.retrycache.expirytime = 300s (custom)
2024-01-26 11:56:21,911 [om1-groupManagement] INFO  server.RaftServerConfigKeys (ConfUtils.java:logGet(46)) - raft.server.retrycache.statistics.expirytime = 100ms (default)
2024-01-26 11:56:21,911 [om1-groupManagement] INFO  server.RaftServerConfigKeys (ConfUtils.java:logGet(46)) - raft.server.read.option = DEFAULT (default)
2024-01-26 11:56:21,911 [om1-groupManagement] INFO  server.RaftServerConfigKeys (ConfUtils.java:logGet(46)) - raft.server.read.read-after-write-consistent.write-index-cache.expiry-time = 60s (default)
2024-01-26 11:56:21,911 [om1-groupManagement] INFO  server.RaftServerConfigKeys (ConfUtils.java:logGet(46)) - raft.server.rpc.request.timeout = 3000ms (default)
2024-01-26 11:56:21,911 [om1-groupManagement] INFO  server.RaftServerConfigKeys (ConfUtils.java:logGet(46)) - raft.server.log.appender.install.snapshot.enabled = false (custom)
2024-01-26 11:56:21,912 [om1-groupManagement] INFO  server.RaftServerConfigKeys (ConfUtils.java:logGet(46)) - raft.server.threadpool.server.cached = true (default)
2024-01-26 11:56:21,912 [om1-groupManagement] INFO  server.RaftServerConfigKeys (ConfUtils.java:logGet(46)) - raft.server.threadpool.server.size = 0 (default)
2024-01-26 11:56:21,912 [om1-groupManagement] INFO  server.RaftServerConfigKeys (ConfUtils.java:logGet(46)) - raft.server.threadpool.client.cached = true (default)
2024-01-26 11:56:21,912 [om1-groupManagement] INFO  server.RaftServerConfigKeys (ConfUtils.java:logGet(46)) - raft.server.threadpool.client.size = 0 (default)
2024-01-26 11:56:21,915 [om1-OMStateMachineApplyTransactionThread - 0] INFO  bucket.OMBucketCreateRequest (OMBucketCreateRequest.java:validateAndUpdateCache(292)) - created bucket: bucket of layout FILE_SYSTEM_OPTIMIZED in volume: vol
2024-01-26 11:56:22,139 [main] INFO  protocolPB.OmTransportFactory (OmTransportFactory.java:createFactory(62)) - Loading OM transport implementation org.apache.hadoop.ozone.om.protocolPB.Hadoop3OmTransportFactory as specified by configuration.
2024-01-26 11:56:22,216 [Mini-Cluster-Provider-Create] INFO  ipc.CallQueueManager (CallQueueManager.java:<init>(90)) - Using callQueue: class java.util.concurrent.LinkedBlockingQueue, queueCapacity: 2000, scheduler: class org.apache.hadoop.ipc.DefaultRpcScheduler, ipcBackoff: false.
2024-01-26 11:56:22,217 [Mini-Cluster-Provider-Create] INFO  ipc.Server (Server.java:<init>(1287)) - Listener at 127.0.0.1:15039
2024-01-26 11:56:22,217 [Socket Reader #1 for port 15039] INFO  ipc.Server (Server.java:run(1323)) - Starting Socket Reader #1 for port 15039
2024-01-26 11:56:22,246 [Mini-Cluster-Provider-Create] INFO  impl.MetricsSystemImpl (MetricsSystemImpl.java:init(158)) - OzoneManager metrics system started (again)
2024-01-26 11:56:22,257 [Mini-Cluster-Provider-Create] INFO  om.OzoneManager (OzoneManager.java:start(1629)) - OzoneManager RPC server is listening at localhost/127.0.0.1:15039
2024-01-26 11:56:22,257 [Mini-Cluster-Provider-Create] INFO  ratis.OzoneManagerRatisServer (OzoneManagerRatisServer.java:start(588)) - Starting OzoneManagerRatisServer om1 at port 15042
2024-01-26 11:56:22,257 [om1-impl-thread1] INFO  server.RaftServerConfigKeys (ConfUtils.java:logGet(46)) - raft.server.storage.free-space.min = 0MB (=0) (default)
2024-01-26 11:56:22,257 [om1-impl-thread1] INFO  server.RaftServerConfigKeys (ConfUtils.java:logGet(46)) - raft.server.log.corruption.policy = EXCEPTION (default)
2024-01-26 11:56:22,257 [om1-impl-thread1] INFO  server.RaftServerConfigKeys (ConfUtils.java:logGet(46)) - raft.server.storage.dir = [/home/runner/work/ozone/ozone/hadoop-ozone/integration-test/target/test-dir/MiniOzoneClusterImpl-47c92df5-8859-41b8-9f26-037451183754/ozone-meta/ratis] (custom)
2024-01-26 11:56:22,258 [om1-impl-thread1] INFO  storage.RaftStorageDirectory (RaftStorageDirectoryImpl.java:analyzeStorage(138)) - The storage directory /home/runner/work/ozone/ozone/hadoop-ozone/integration-test/target/test-dir/MiniOzoneClusterImpl-47c92df5-8859-41b8-9f26-037451183754/ozone-meta/ratis/bf265839-605b-3f16-9796-c5ba1605619e does not exist. Creating ...
2024-01-26 11:56:22,259 [om1-impl-thread1] INFO  storage.RaftStorageDirectory (RaftStorageDirectoryImpl.java:tryLock(228)) - Lock on /home/runner/work/ozone/ozone/hadoop-ozone/integration-test/target/test-dir/MiniOzoneClusterImpl-47c92df5-8859-41b8-9f26-037451183754/ozone-meta/ratis/bf265839-605b-3f16-9796-c5ba1605619e/in_use.lock acquired by nodename 67451@fv-az1250-627
2024-01-26 11:56:22,260 [om1-impl-thread1] INFO  storage.RaftStorage (RaftStorageImpl.java:format(99)) - Storage directory /home/runner/work/ozone/ozone/hadoop-ozone/integration-test/target/test-dir/MiniOzoneClusterImpl-47c92df5-8859-41b8-9f26-037451183754/ozone-meta/ratis/bf265839-605b-3f16-9796-c5ba1605619e has been successfully formatted.
2024-01-26 11:56:22,260 [om1-impl-thread1] WARN  util.FileUtils (LogUtils.java:supplyAndLog(63)) - Failed to Files.newInputStream /home/runner/work/ozone/ozone/hadoop-ozone/integration-test/target/test-dir/MiniOzoneClusterImpl-47c92df5-8859-41b8-9f26-037451183754/ozone-meta/ratis/bf265839-605b-3f16-9796-c5ba1605619e/current/raft-meta.conf with options []: java.nio.file.NoSuchFileException: /home/runner/work/ozone/ozone/hadoop-ozone/integration-test/target/test-dir/MiniOzoneClusterImpl-47c92df5-8859-41b8-9f26-037451183754/ozone-meta/ratis/bf265839-605b-3f16-9796-c5ba1605619e/current/raft-meta.conf
2024-01-26 11:56:22,261 [om1-impl-thread1] INFO  server.RaftServerConfigKeys (ConfUtils.java:logGet(46)) - raft.server.log.use.memory = false (default)
2024-01-26 11:56:22,261 [om1-impl-thread1] INFO  server.RaftServerConfigKeys (ConfUtils.java:logGet(46)) - raft.server.log.purge.gap = 1000000 (custom)
2024-01-26 11:56:22,261 [om1-impl-thread1] INFO  server.RaftServerConfigKeys (ConfUtils.java:logGet(46)) - raft.server.log.appender.buffer.byte-limit = 4194304 (custom)
2024-01-26 11:56:22,261 [om1-impl-thread1] INFO  server.RaftServerConfigKeys (ConfUtils.java:logGet(46)) - raft.server.log.statemachine.data.read.timeout = 1000ms (default)
2024-01-26 11:56:22,261 [om1-impl-thread1] INFO  server.RaftServerConfigKeys (ConfUtils.java:logGet(46)) - raft.server.log.purge.preservation.log.num = 0 (default)
2024-01-26 11:56:22,261 [om1-impl-thread1] INFO  server.RaftServerConfigKeys (ConfUtils.java:logGet(46)) - raft.server.log.segment.size.max = 4194304 (custom)
2024-01-26 11:56:22,261 [om1-impl-thread1] INFO  server.RaftServerConfigKeys (ConfUtils.java:logGet(46)) - raft.server.log.segment.cache.num.max = 2 (custom)
2024-01-26 11:56:22,261 [om1-impl-thread1] INFO  server.RaftServerConfigKeys (ConfUtils.java:logGet(46)) - raft.server.log.segment.cache.size.max = 200MB (=209715200) (default)
2024-01-26 11:56:22,262 [om1-impl-thread1] INFO  server.RaftServerConfigKeys (ConfUtils.java:logGet(46)) - raft.server.log.appender.buffer.byte-limit = 4194304 (custom)
2024-01-26 11:56:22,262 [om1-impl-thread1] INFO  util.AwaitToRun (AwaitToRun.java:start(81)) - Thread[om1@group-C5BA1605619E-cacheEviction-AwaitToRun,5,main] started
2024-01-26 11:56:22,262 [om1-impl-thread1] INFO  segmented.SegmentedRaftLogWorker (SegmentedRaftLogWorker.java:<init>(182)) - new om1@group-C5BA1605619E-SegmentedRaftLogWorker for RaftStorageImpl:Storage Directory /home/runner/work/ozone/ozone/hadoop-ozone/integration-test/target/test-dir/MiniOzoneClusterImpl-47c92df5-8859-41b8-9f26-037451183754/ozone-meta/ratis/bf265839-605b-3f16-9796-c5ba1605619e
2024-01-26 11:56:22,262 [om1-impl-thread1] INFO  server.RaftServerConfigKeys (ConfUtils.java:logGet(46)) - raft.server.log.queue.byte-limit = 64MB (=67108864) (default)
2024-01-26 11:56:22,262 [om1-impl-thread1] INFO  server.RaftServerConfigKeys (ConfUtils.java:logGet(46)) - raft.server.log.queue.element-limit = 4096 (default)
2024-01-26 11:56:22,262 [om1-impl-thread1] INFO  server.RaftServerConfigKeys (ConfUtils.java:logGet(46)) - raft.server.log.segment.size.max = 4194304 (custom)
2024-01-26 11:56:22,262 [om1-impl-thread1] INFO  server.RaftServerConfigKeys (ConfUtils.java:logGet(46)) - raft.server.log.preallocated.size = 4194304 (custom)
2024-01-26 11:56:22,262 [om1-impl-thread1] INFO  server.RaftServerConfigKeys (ConfUtils.java:logGet(46)) - raft.server.log.force.sync.num = 128 (default)
2024-01-26 11:56:22,262 [om1-impl-thread1] INFO  server.RaftServerConfigKeys (ConfUtils.java:logGet(46)) - raft.server.log.statemachine.data.sync = true (default)
2024-01-26 11:56:22,262 [om1-impl-thread1] INFO  server.RaftServerConfigKeys (ConfUtils.java:logGet(46)) - raft.server.log.statemachine.data.sync.timeout = 10s (default)
2024-01-26 11:56:22,262 [om1-impl-thread1] INFO  server.RaftServerConfigKeys (ConfUtils.java:logGet(46)) - raft.server.log.statemachine.data.sync.timeout.retry = -1 (default)
2024-01-26 11:56:22,263 [om1-impl-thread1] INFO  server.RaftServerConfigKeys (ConfUtils.java:logGet(46)) - raft.server.log.write.buffer.size = 4194312 (custom)
2024-01-26 11:56:22,264 [om1-impl-thread1] INFO  server.RaftServerConfigKeys (ConfUtils.java:logGet(46)) - raft.server.log.appender.buffer.byte-limit = 4194304 (custom)
2024-01-26 11:56:22,264 [om1-impl-thread1] INFO  server.RaftServerConfigKeys (ConfUtils.java:logGet(46)) - raft.server.log.unsafe-flush.enabled = false (default)
2024-01-26 11:56:22,264 [om1-impl-thread1] INFO  server.RaftServerConfigKeys (ConfUtils.java:logGet(46)) - raft.server.log.async-flush.enabled = false (default)
2024-01-26 11:56:22,264 [om1-impl-thread1] INFO  server.RaftServerConfigKeys (ConfUtils.java:logGet(46)) - raft.server.log.statemachine.data.caching.enabled = false (default)
2024-01-26 11:56:22,264 [om1-impl-thread1] INFO  segmented.SegmentedRaftLogWorker (SegmentedRaftLogWorker.java:lambda$new$0(134)) - om1@group-C5BA1605619E-SegmentedRaftLogWorker: flushIndex: setUnconditionally 0 -> -1
2024-01-26 11:56:22,264 [om1-impl-thread1] INFO  segmented.SegmentedRaftLogWorker (SegmentedRaftLogWorker.java:lambda$new$0(134)) - om1@group-C5BA1605619E-SegmentedRaftLogWorker: safeCacheEvictIndex: setUnconditionally 0 -> -1
2024-01-26 11:56:22,266 [om1-impl-thread1] INFO  server.RaftServer$Division (RaftServerImpl.java:start(396)) - om1@group-C5BA1605619E: start as a follower, conf=-1: peers:[om1|localhost:15042]|listeners:[], old=null
2024-01-26 11:56:22,266 [om1-impl-thread1] INFO  server.RaftServer$Division (RaftServerImpl.java:setRole(383)) - om1@group-C5BA1605619E: changes role from      null to FOLLOWER at term 0 for startAsFollower
2024-01-26 11:56:22,267 [om1-impl-thread1] INFO  impl.RoleInfo (RoleInfo.java:updateAndGet(139)) - om1: start om1@group-C5BA1605619E-FollowerState
2024-01-26 11:56:22,267 [om1@group-C5BA1605619E-FollowerState] INFO  server.RaftServerConfigKeys (ConfUtils.java:logFallback(53)) - raft.server.rpc.first-election.timeout.min = 1s (fallback to raft.server.rpc.timeout.min)
2024-01-26 11:56:22,268 [om1@group-C5BA1605619E-FollowerState] INFO  server.RaftServerConfigKeys (ConfUtils.java:logFallback(53)) - raft.server.rpc.first-election.timeout.max = 1200ms (fallback to raft.server.rpc.timeout.max)
2024-01-26 11:56:22,269 [om1-impl-thread1] ERROR util.JmxRegister (JmxRegister.java:tryRegister(40)) - Failed to register JMX Bean with name Ratis:service=RaftServer,group=group-C5BA1605619E,id=om1
javax.management.InstanceAlreadyExistsException: Ratis:service=RaftServer,group=group-C5BA1605619E,id=om1
	at com.sun.jmx.mbeanserver.Repository.addMBean(Repository.java:437)
	at com.sun.jmx.interceptor.DefaultMBeanServerInterceptor.registerWithRepository(DefaultMBeanServerInterceptor.java:1898)
	at com.sun.jmx.interceptor.DefaultMBeanServerInterceptor.registerDynamicMBean(DefaultMBeanServerInterceptor.java:966)
	at com.sun.jmx.interceptor.DefaultMBeanServerInterceptor.registerObject(DefaultMBeanServerInterceptor.java:900)
	at com.sun.jmx.interceptor.DefaultMBeanServerInterceptor.registerMBean(DefaultMBeanServerInterceptor.java:324)
	at com.sun.jmx.mbeanserver.JmxMBeanServer.registerMBean(JmxMBeanServer.java:522)
	at org.apache.ratis.util.JmxRegister.tryRegister(JmxRegister.java:38)
	at org.apache.ratis.util.JmxRegister.register(JmxRegister.java:56)
	at org.apache.ratis.server.impl.RaftServerImpl.registerMBean(RaftServerImpl.java:415)
	at org.apache.ratis.server.impl.RaftServerImpl.start(RaftServerImpl.java:406)
	at org.apache.ratis.util.ConcurrentUtils.accept(ConcurrentUtils.java:203)
	at org.apache.ratis.util.ConcurrentUtils.lambda$null$4(ConcurrentUtils.java:182)
	at java.util.concurrent.ThreadPoolExecutor.runWorker(ThreadPoolExecutor.java:1149)
	at java.util.concurrent.ThreadPoolExecutor$Worker.run(ThreadPoolExecutor.java:624)
	at java.lang.Thread.run(Thread.java:750)
2024-01-26 11:56:22,270 [om1-impl-thread1] INFO  util.JmxRegister (JmxRegister.java:tryRegister(44)) - Successfully registered JMX Bean with object name Ratis:service=RaftServer,group=group-C5BA1605619E,id="om1"
2024-01-26 11:56:22,270 [om1-impl-thread1] INFO  server.RaftServerConfigKeys (ConfUtils.java:logGet(46)) - raft.server.snapshot.trigger-when-stop.enabled = true (default)
2024-01-26 11:56:22,270 [om1-impl-thread1] INFO  server.RaftServerConfigKeys (ConfUtils.java:logGet(46)) - raft.server.snapshot.auto.trigger.enabled = true (custom)
2024-01-26 11:56:22,270 [om1-impl-thread1] INFO  server.RaftServerConfigKeys (ConfUtils.java:logGet(46)) - raft.server.snapshot.auto.trigger.threshold = 400000 (default)
2024-01-26 11:56:22,270 [om1-impl-thread1] INFO  server.RaftServerConfigKeys (ConfUtils.java:logGet(46)) - raft.server.snapshot.retention.file.num = -1 (default)
2024-01-26 11:56:22,270 [om1-impl-thread1] INFO  server.RaftServerConfigKeys (ConfUtils.java:logGet(46)) - raft.server.log.purge.upto.snapshot.index = true (custom)
2024-01-26 11:56:22,271 [Mini-Cluster-Provider-Create] INFO  server.RaftServer (RaftServerProxy.java:startImpl(406)) - om1: start RPC server
2024-01-26 11:56:22,275 [Mini-Cluster-Provider-Create] INFO  server.GrpcService (GrpcService.java:startImpl(302)) - om1: GrpcService started, listening on 15042
2024-01-26 11:56:22,275 [Mini-Cluster-Provider-Create] INFO  om.OzoneManager (OzoneManager.java:start(1645)) - Version File has different layout version (6) than OM DB (null). That is expected if this OM has never been finalized to a newer layout version.
2024-01-26 11:56:22,276 [JvmPauseMonitor6] INFO  util.JvmPauseMonitor (JvmPauseMonitor.java:run(146)) - JvmPauseMonitor-om1: Started
2024-01-26 11:56:22,281 [Mini-Cluster-Provider-Create] INFO  http.BaseHttpServer (BaseHttpServer.java:newHttpServer2BuilderForOzone(223)) - Starting Web-server for ozoneManager at: http://0.0.0.0:15040
2024-01-26 11:56:22,281 [Mini-Cluster-Provider-Create] INFO  http.BaseHttpServer (BaseHttpServer.java:<init>(110)) - Hadoop Security Enabled: false Ozone Security Enabled: false Ozone HTTP Security Enabled: false 
2024-01-26 11:56:22,282 [Mini-Cluster-Provider-Create] WARN  server.AuthenticationFilter (AuthenticationFilter.java:constructSecretProvider(240)) - Unable to initialize FileSignerSecretProvider, falling back to use random secrets. Reason: Could not read signature secret file: /home/runner/hadoop-http-auth-signature-secret
2024-01-26 11:56:22,282 [Mini-Cluster-Provider-Create] INFO  http.HttpRequestLog (HttpRequestLog.java:getRequestLog(86)) - Http request log for http.requests.ozoneManager is not defined
2024-01-26 11:56:22,284 [Mini-Cluster-Provider-Create] INFO  http.HttpServer2 (HttpServer2.java:addGlobalFilter(1036)) - Added global filter 'safety' (class=org.apache.hadoop.hdds.server.http.HttpServer2$QuotingInputFilter)
2024-01-26 11:56:22,284 [Mini-Cluster-Provider-Create] INFO  http.HttpServer2 (HttpServer2.java:addFilter(1012)) - Added filter static_user_filter (class=org.apache.hadoop.http.lib.StaticUserWebFilter$StaticUserFilter) to context ozoneManager
2024-01-26 11:56:22,284 [Mini-Cluster-Provider-Create] INFO  http.HttpServer2 (HttpServer2.java:addFilter(1020)) - Added filter static_user_filter (class=org.apache.hadoop.http.lib.StaticUserWebFilter$StaticUserFilter) to context logs
2024-01-26 11:56:22,284 [Mini-Cluster-Provider-Create] INFO  http.HttpServer2 (HttpServer2.java:addFilter(1020)) - Added filter static_user_filter (class=org.apache.hadoop.http.lib.StaticUserWebFilter$StaticUserFilter) to context static
2024-01-26 11:56:22,285 [Mini-Cluster-Provider-Create] INFO  http.BaseHttpServer (BaseHttpServer.java:<init>(189)) - HTTP server of ozoneManager uses base directory /home/runner/work/ozone/ozone/hadoop-ozone/integration-test/target/test-dir/MiniOzoneClusterImpl-47c92df5-8859-41b8-9f26-037451183754/ozone-meta/webserver
2024-01-26 11:56:22,285 [Mini-Cluster-Provider-Create] INFO  http.HttpServer2 (HttpServer2.java:bindListener(1236)) - Jetty bound to port 15040
2024-01-26 11:56:22,285 [Mini-Cluster-Provider-Create] INFO  server.Server (Server.java:doStart(375)) - jetty-9.4.53.v20231009; built: 2023-10-09T12:29:09.265Z; git: 27bde00a0b95a1d5bbee0eae7984f891d2d0f8c9; jvm 1.8.0_392-b08
2024-01-26 11:56:22,292 [Mini-Cluster-Provider-Create] INFO  server.session (DefaultSessionIdManager.java:doStart(334)) - DefaultSessionIdManager workerName=node0
2024-01-26 11:56:22,293 [Mini-Cluster-Provider-Create] INFO  server.session (DefaultSessionIdManager.java:doStart(339)) - No SessionScavenger set, using defaults
2024-01-26 11:56:22,293 [Mini-Cluster-Provider-Create] INFO  server.session (HouseKeeper.java:startScavenging(132)) - node0 Scavenging every 600000ms
2024-01-26 11:56:22,293 [Mini-Cluster-Provider-Create] INFO  handler.ContextHandler (ContextHandler.java:doStart(921)) - Started o.e.j.s.ServletContextHandler@32c5a2e1{logs,/logs,file:///home/runner/work/ozone/ozone/hadoop-ozone/integration-test/target/log,AVAILABLE}
2024-01-26 11:56:22,294 [Mini-Cluster-Provider-Create] INFO  handler.ContextHandler (ContextHandler.java:doStart(921)) - Started o.e.j.s.ServletContextHandler@196946ed{static,/static,file:///home/runner/work/ozone/ozone/hadoop-ozone/integration-test/target/test-classes/webapps/static,AVAILABLE}
2024-01-26 11:56:22,296 [Mini-Cluster-Provider-Create] INFO  handler.ContextHandler (ContextHandler.java:doStart(921)) - Started o.e.j.w.WebAppContext@380bdaae{ozoneManager,/,file:///home/runner/work/ozone/ozone/hadoop-ozone/integration-test/target/test-classes/webapps/ozoneManager/,AVAILABLE}{file:/home/runner/work/ozone/ozone/hadoop-ozone/integration-test/target/test-classes/webapps/ozoneManager}
2024-01-26 11:56:22,300 [Mini-Cluster-Provider-Create] INFO  server.AbstractConnector (AbstractConnector.java:doStart(333)) - Started ServerConnector@1c917d26{HTTP/1.1, (http/1.1)}{0.0.0.0:15040}
2024-01-26 11:56:22,301 [Mini-Cluster-Provider-Create] INFO  server.Server (Server.java:doStart(415)) - Started @20865ms
2024-01-26 11:56:22,301 [Mini-Cluster-Provider-Create] WARN  impl.MetricsSystemImpl (MetricsSystemImpl.java:register(279)) - Sink prometheus already exists!
2024-01-26 11:56:22,301 [Mini-Cluster-Provider-Create] INFO  http.BaseHttpServer (BaseHttpServer.java:updateConnectorAddress(354)) - HTTP server of ozoneManager listening at http://0.0.0.0:15040
2024-01-26 11:56:22,302 [IPC Server listener on 15039] INFO  ipc.Server (Server.java:run(1402)) - IPC Server listener on 15039: starting
2024-01-26 11:56:22,302 [IPC Server Responder] INFO  ipc.Server (Server.java:run(1562)) - IPC Server Responder: starting
2024-01-26 11:56:22,307 [Mini-Cluster-Provider-Create] INFO  om.OzoneManager (OzoneManager.java:startTrashEmptier(2094)) - Trash Interval set to 0. Files deleted won't move to trash
2024-01-26 11:56:22,315 [main] INFO  ozoneimpl.OzoneContainer (OzoneContainer.java:stop(479)) - Attempting to stop container services.
2024-01-26 11:56:22,319 [main] INFO  server.RaftServer (RaftServerProxy.java:lambda$close$9(416)) - 5e57565a-2fac-4b31-b24f-016e073e3d73: close
2024-01-26 11:56:22,319 [5e57565a-2fac-4b31-b24f-016e073e3d73-impl-thread1] INFO  server.RaftServer$Division (RaftServerImpl.java:lambda$close$3(526)) - 5e57565a-2fac-4b31-b24f-016e073e3d73@group-338A3D310B1D: shutdown
2024-01-26 11:56:22,319 [5e57565a-2fac-4b31-b24f-016e073e3d73-impl-thread1] INFO  util.JmxRegister (JmxRegister.java:unregister(73)) - Successfully un-registered JMX Bean with object name Ratis:service=RaftServer,group=group-338A3D310B1D,id=5e57565a-2fac-4b31-b24f-016e073e3d73
2024-01-26 11:56:22,319 [5e57565a-2fac-4b31-b24f-016e073e3d73-impl-thread1] INFO  impl.RoleInfo (RoleInfo.java:shutdownLeaderState(94)) - 5e57565a-2fac-4b31-b24f-016e073e3d73: shutdown 5e57565a-2fac-4b31-b24f-016e073e3d73@group-338A3D310B1D-LeaderStateImpl
2024-01-26 11:56:22,320 [5e57565a-2fac-4b31-b24f-016e073e3d73-impl-thread1] INFO  impl.PendingRequests (PendingRequests.java:sendNotLeaderResponses(289)) - 5e57565a-2fac-4b31-b24f-016e073e3d73@group-338A3D310B1D-PendingRequests: sendNotLeaderResponses
2024-01-26 11:56:22,320 [Mini-Cluster-Provider-Create] WARN  dropwizard3.Dm3MetricRegistriesImpl (Dm3MetricRegistriesImpl.java:addReporterRegistration(113)) - New reporters are added after registries were created. Some metrics will be missing from the reporter. Please add reporter before adding any new registry.
2024-01-26 11:56:22,320 [Mini-Cluster-Provider-Create] WARN  dropwizard3.Dm3MetricRegistriesImpl (Dm3MetricRegistriesImpl.java:addReporterRegistration(113)) - New reporters are added after registries were created. Some metrics will be missing from the reporter. Please add reporter before adding any new registry.
2024-01-26 11:56:22,321 [Mini-Cluster-Provider-Create] INFO  impl.MetricsSystemImpl (MetricsSystemImpl.java:init(158)) - HddsDatanode metrics system started (again)
2024-01-26 11:56:22,321 [5e57565a-2fac-4b31-b24f-016e073e3d73-impl-thread1] INFO  impl.StateMachineUpdater (StateMachineUpdater.java:stopAndJoin(157)) - 5e57565a-2fac-4b31-b24f-016e073e3d73@group-338A3D310B1D-StateMachineUpdater: set stopIndex = 0
2024-01-26 11:56:22,321 [5e57565a-2fac-4b31-b24f-016e073e3d73@group-338A3D310B1D-StateMachineUpdater] INFO  ratis.ContainerStateMachine (ContainerStateMachine.java:takeSnapshot(355)) - group-338A3D310B1D: Taking a snapshot at:(t:1, i:0) file /home/runner/work/ozone/ozone/hadoop-ozone/integration-test/target/test-dir/MiniOzoneClusterImpl-b54bfeae-1ef8-4c1d-b639-09e56ef7dc0e/datanode-0/data/ratis/e517abf9-fe06-462f-bee2-338a3d310b1d/sm/snapshot.1_0
2024-01-26 11:56:22,327 [5e57565a-2fac-4b31-b24f-016e073e3d73-impl-thread2] INFO  server.RaftServer$Division (RaftServerImpl.java:lambda$close$3(526)) - 5e57565a-2fac-4b31-b24f-016e073e3d73@group-342F2AF39FD7: shutdown
2024-01-26 11:56:22,327 [5e57565a-2fac-4b31-b24f-016e073e3d73-impl-thread2] INFO  util.JmxRegister (JmxRegister.java:unregister(73)) - Successfully un-registered JMX Bean with object name Ratis:service=RaftServer,group=group-342F2AF39FD7,id=5e57565a-2fac-4b31-b24f-016e073e3d73
2024-01-26 11:56:22,327 [5e57565a-2fac-4b31-b24f-016e073e3d73-impl-thread2] INFO  impl.RoleInfo (RoleInfo.java:shutdownFollowerState(110)) - 5e57565a-2fac-4b31-b24f-016e073e3d73: shutdown 5e57565a-2fac-4b31-b24f-016e073e3d73@group-342F2AF39FD7-FollowerState
2024-01-26 11:56:22,331 [5e57565a-2fac-4b31-b24f-016e073e3d73@group-342F2AF39FD7-FollowerState] INFO  impl.FollowerState (FollowerState.java:run(152)) - 5e57565a-2fac-4b31-b24f-016e073e3d73@group-342F2AF39FD7-FollowerState was interrupted
2024-01-26 11:56:22,334 [main] INFO  server.GrpcService (GrpcService.java:closeImpl(311)) - 5e57565a-2fac-4b31-b24f-016e073e3d73: shutdown server org.apache.ratis.grpc.server.GrpcClientProtocolService now
2024-01-26 11:56:22,340 [5e57565a-2fac-4b31-b24f-016e073e3d73-impl-thread3] INFO  server.RaftServer$Division (RaftServerImpl.java:lambda$close$3(526)) - 5e57565a-2fac-4b31-b24f-016e073e3d73@group-CB413AA61FBB: shutdown
2024-01-26 11:56:22,335 [Mini-Cluster-Provider-Create] INFO  ozone.HddsDatanodeService (HddsDatanodeService.java:start(239)) - HddsDatanodeService host:fv-az1250-627 ip:10.1.0.50
2024-01-26 11:56:22,334 [5e57565a-2fac-4b31-b24f-016e073e3d73-impl-thread2] INFO  impl.StateMachineUpdater (StateMachineUpdater.java:stopAndJoin(157)) - 5e57565a-2fac-4b31-b24f-016e073e3d73@group-342F2AF39FD7-StateMachineUpdater: set stopIndex = -1
2024-01-26 11:56:22,341 [5e57565a-2fac-4b31-b24f-016e073e3d73-impl-thread3] INFO  util.JmxRegister (JmxRegister.java:unregister(73)) - Successfully un-registered JMX Bean with object name Ratis:service=RaftServer,group=group-CB413AA61FBB,id=5e57565a-2fac-4b31-b24f-016e073e3d73
2024-01-26 11:56:22,342 [5e57565a-2fac-4b31-b24f-016e073e3d73-impl-thread3] INFO  impl.RoleInfo (RoleInfo.java:shutdownLeaderState(94)) - 5e57565a-2fac-4b31-b24f-016e073e3d73: shutdown 5e57565a-2fac-4b31-b24f-016e073e3d73@group-CB413AA61FBB-LeaderStateImpl
2024-01-26 11:56:22,342 [5e57565a-2fac-4b31-b24f-016e073e3d73-impl-thread2] INFO  server.RaftServer$Division (ServerState.java:close(427)) - 5e57565a-2fac-4b31-b24f-016e073e3d73@group-342F2AF39FD7: applyIndex: -1
2024-01-26 11:56:22,344 [5e57565a-2fac-4b31-b24f-016e073e3d73-impl-thread3] INFO  impl.PendingRequests (PendingRequests.java:sendNotLeaderResponses(289)) - 5e57565a-2fac-4b31-b24f-016e073e3d73@group-CB413AA61FBB-PendingRequests: sendNotLeaderResponses
2024-01-26 11:56:22,343 [5e57565a-2fac-4b31-b24f-016e073e3d73@group-CB413AA61FBB->5c737fdf-f228-4231-bbf6-1cc383ec73d2-GrpcLogAppender-LogAppenderDaemon] WARN  server.GrpcLogAppender (GrpcLogAppender.java:mayWait(289)) - 5e57565a-2fac-4b31-b24f-016e073e3d73@group-CB413AA61FBB->5c737fdf-f228-4231-bbf6-1cc383ec73d2-GrpcLogAppender: Wait interrupted by java.lang.InterruptedException
2024-01-26 11:56:22,348 [Thread-972] INFO  server.GrpcServerProtocolClient (GrpcServerProtocolClient.java:close(103)) - 5052cfc4-081a-46ed-8261-0b7a8ad7db0a Close channels
2024-01-26 11:56:22,343 [5e57565a-2fac-4b31-b24f-016e073e3d73@group-CB413AA61FBB->5052cfc4-081a-46ed-8261-0b7a8ad7db0a-GrpcLogAppender-LogAppenderDaemon] WARN  server.GrpcLogAppender (GrpcLogAppender.java:mayWait(289)) - 5e57565a-2fac-4b31-b24f-016e073e3d73@group-CB413AA61FBB->5052cfc4-081a-46ed-8261-0b7a8ad7db0a-GrpcLogAppender: Wait interrupted by java.lang.InterruptedException
2024-01-26 11:56:22,343 [Thread-971] INFO  server.GrpcServerProtocolClient (GrpcServerProtocolClient.java:close(103)) - 5c737fdf-f228-4231-bbf6-1cc383ec73d2 Close channels
2024-01-26 11:56:22,349 [5e57565a-2fac-4b31-b24f-016e073e3d73-impl-thread3] INFO  impl.StateMachineUpdater (StateMachineUpdater.java:stopAndJoin(157)) - 5e57565a-2fac-4b31-b24f-016e073e3d73@group-CB413AA61FBB-StateMachineUpdater: set stopIndex = 0
2024-01-26 11:56:22,349 [5e57565a-2fac-4b31-b24f-016e073e3d73@group-CB413AA61FBB-StateMachineUpdater] INFO  ratis.ContainerStateMachine (ContainerStateMachine.java:takeSnapshot(355)) - group-CB413AA61FBB: Taking a snapshot at:(t:1, i:0) file /home/runner/work/ozone/ozone/hadoop-ozone/integration-test/target/test-dir/MiniOzoneClusterImpl-b54bfeae-1ef8-4c1d-b639-09e56ef7dc0e/datanode-0/data/ratis/998bf58e-5fa1-4369-b33d-cb413aa61fbb/sm/snapshot.1_0
2024-01-26 11:56:22,350 [grpc-default-executor-0] INFO  server.GrpcServerProtocolService (GrpcServerProtocolService.java:onCompleted(157)) - 5c737fdf-f228-4231-bbf6-1cc383ec73d2: Completed APPEND_ENTRIES, lastRequest: 5e57565a-2fac-4b31-b24f-016e073e3d73->5c737fdf-f228-4231-bbf6-1cc383ec73d2#1-t1,previous=(t:0, i:0),leaderCommit=-1,initializing? false,entries: size=1, first=(t:1, i:0), CONFIGURATIONENTRY(current:id: "5052cfc4-081a-46ed-8261-0b7a8ad7db0a"
address: "10.1.0.50:15032"
dataStreamAddress: "10.1.0.50:15033"
clientAddress: "10.1.0.50:15030"
adminAddress: "10.1.0.50:15031"
startupRole: FOLLOWER
,id: "5c737fdf-f228-4231-bbf6-1cc383ec73d2"
address: "10.1.0.50:15023"
dataStreamAddress: "10.1.0.50:15024"
clientAddress: "10.1.0.50:15021"
adminAddress: "10.1.0.50:15022"
startupRole: FOLLOWER
,id: "5e57565a-2fac-4b31-b24f-016e073e3d73"
address: "10.1.0.50:15014"
priority: 1
dataStreamAddress: "10.1.0.50:15015"
clientAddress: "10.1.0.50:15012"
adminAddress: "10.1.0.50:15013"
startupRole: FOLLOWER
, old:)
2024-01-26 11:56:22,351 [grpc-default-executor-0] INFO  server.GrpcServerProtocolService (GrpcServerProtocolService.java:lambda$onCompleted$5(159)) - 5c737fdf-f228-4231-bbf6-1cc383ec73d2: Completed APPEND_ENTRIES, lastReply: null
2024-01-26 11:56:22,351 [grpc-default-executor-2] INFO  server.GrpcServerProtocolService (GrpcServerProtocolService.java:onCompleted(157)) - 5c737fdf-f228-4231-bbf6-1cc383ec73d2: Completed APPEND_ENTRIES, lastRequest: null
2024-01-26 11:56:22,357 [grpc-default-executor-3] INFO  server.GrpcLogAppender (GrpcLogAppender.java:onCompleted(546)) - 5e57565a-2fac-4b31-b24f-016e073e3d73@group-CB413AA61FBB->5c737fdf-f228-4231-bbf6-1cc383ec73d2-AppendLogResponseHandler: follower responses appendEntries COMPLETED
2024-01-26 11:56:22,357 [grpc-default-executor-3] WARN  server.GrpcLogAppender (GrpcLogAppender.java:resetClient(226)) - 5e57565a-2fac-4b31-b24f-016e073e3d73@group-CB413AA61FBB->5c737fdf-f228-4231-bbf6-1cc383ec73d2-GrpcLogAppender: Failed to getClient for 5c737fdf-f228-4231-bbf6-1cc383ec73d2
org.apache.ratis.protocol.exceptions.AlreadyClosedException: 5e57565a-2fac-4b31-b24f-016e073e3d73 is already CLOSED
	at org.apache.ratis.util.PeerProxyMap$PeerAndProxy.getProxy(PeerProxyMap.java:65)
	at org.apache.ratis.util.PeerProxyMap.getProxy(PeerProxyMap.java:114)
	at org.apache.ratis.grpc.server.GrpcLogAppender.getClient(GrpcLogAppender.java:196)
	at org.apache.ratis.grpc.server.GrpcLogAppender.resetClient(GrpcLogAppender.java:201)
	at org.apache.ratis.grpc.server.GrpcLogAppender.access$800(GrpcLogAppender.java:62)
	at org.apache.ratis.grpc.server.GrpcLogAppender$AppendLogResponseHandler.onCompleted(GrpcLogAppender.java:547)
	at org.apache.ratis.thirdparty.io.grpc.stub.ClientCalls$StreamObserverToCallListenerAdapter.onClose(ClientCalls.java:479)
	at org.apache.ratis.thirdparty.io.grpc.internal.ClientCallImpl.closeObserver(ClientCallImpl.java:567)
	at org.apache.ratis.thirdparty.io.grpc.internal.ClientCallImpl.access$300(ClientCallImpl.java:71)
	at org.apache.ratis.thirdparty.io.grpc.internal.ClientCallImpl$ClientStreamListenerImpl$1StreamClosed.runInternal(ClientCallImpl.java:735)
	at org.apache.ratis.thirdparty.io.grpc.internal.ClientCallImpl$ClientStreamListenerImpl$1StreamClosed.runInContext(ClientCallImpl.java:716)
	at org.apache.ratis.thirdparty.io.grpc.internal.ContextRunnable.run(ContextRunnable.java:37)
	at org.apache.ratis.thirdparty.io.grpc.internal.SerializingExecutor.run(SerializingExecutor.java:133)
	at java.util.concurrent.ThreadPoolExecutor.runWorker(ThreadPoolExecutor.java:1149)
	at java.util.concurrent.ThreadPoolExecutor$Worker.run(ThreadPoolExecutor.java:624)
	at java.lang.Thread.run(Thread.java:750)
2024-01-26 11:56:22,358 [5e57565a-2fac-4b31-b24f-016e073e3d73@group-342F2AF39FD7-cacheEviction-AwaitToRun] INFO  util.AwaitToRun (AwaitToRun.java:run(49)) - 5e57565a-2fac-4b31-b24f-016e073e3d73@group-342F2AF39FD7-cacheEviction-AwaitToRun-AwaitForSignal is interrupted
2024-01-26 11:56:22,358 [grpc-default-executor-0] INFO  server.GrpcServerProtocolService (GrpcServerProtocolService.java:onCompleted(157)) - 5052cfc4-081a-46ed-8261-0b7a8ad7db0a: Completed APPEND_ENTRIES, lastRequest: null
2024-01-26 11:56:22,359 [grpc-default-executor-0] INFO  server.GrpcServerProtocolService (GrpcServerProtocolService.java:lambda$onCompleted$5(159)) - 5052cfc4-081a-46ed-8261-0b7a8ad7db0a: Completed APPEND_ENTRIES, lastReply: serverReply {
  requestorId: "5e57565a-2fac-4b31-b24f-016e073e3d73"
  replyId: "5052cfc4-081a-46ed-8261-0b7a8ad7db0a"
  raftGroupId {
    id: "\231\213\365\216_\241Ci\263=\313A:\246\037\273"
  }
  success: true
}
term: 1
followerCommit: 18446744073709551615
matchIndex: 18446744073709551615
isHearbeat: true

2024-01-26 11:56:22,358 [grpc-default-executor-1] INFO  server.GrpcServerProtocolService (GrpcServerProtocolService.java:onCompleted(157)) - 5052cfc4-081a-46ed-8261-0b7a8ad7db0a: Completed APPEND_ENTRIES, lastRequest: 5e57565a-2fac-4b31-b24f-016e073e3d73->5052cfc4-081a-46ed-8261-0b7a8ad7db0a#1-t1,previous=(t:0, i:0),leaderCommit=-1,initializing? false,entries: size=1, first=(t:1, i:0), CONFIGURATIONENTRY(current:id: "5052cfc4-081a-46ed-8261-0b7a8ad7db0a"
address: "10.1.0.50:15032"
dataStreamAddress: "10.1.0.50:15033"
clientAddress: "10.1.0.50:15030"
adminAddress: "10.1.0.50:15031"
startupRole: FOLLOWER
,id: "5c737fdf-f228-4231-bbf6-1cc383ec73d2"
address: "10.1.0.50:15023"
dataStreamAddress: "10.1.0.50:15024"
clientAddress: "10.1.0.50:15021"
adminAddress: "10.1.0.50:15022"
startupRole: FOLLOWER
,id: "5e57565a-2fac-4b31-b24f-016e073e3d73"
address: "10.1.0.50:15014"
priority: 1
dataStreamAddress: "10.1.0.50:15015"
clientAddress: "10.1.0.50:15012"
adminAddress: "10.1.0.50:15013"
startupRole: FOLLOWER
, old:)
2024-01-26 11:56:22,359 [grpc-default-executor-1] INFO  server.GrpcServerProtocolService (GrpcServerProtocolService.java:lambda$onCompleted$5(159)) - 5052cfc4-081a-46ed-8261-0b7a8ad7db0a: Completed APPEND_ENTRIES, lastReply: null
2024-01-26 11:56:22,358 [grpc-default-executor-2] INFO  server.GrpcServerProtocolService (GrpcServerProtocolService.java:lambda$onCompleted$5(159)) - 5c737fdf-f228-4231-bbf6-1cc383ec73d2: Completed APPEND_ENTRIES, lastReply: serverReply {
  requestorId: "5e57565a-2fac-4b31-b24f-016e073e3d73"
  replyId: "5c737fdf-f228-4231-bbf6-1cc383ec73d2"
  raftGroupId {
    id: "\231\213\365\216_\241Ci\263=\313A:\246\037\273"
  }
  success: true
}
term: 1
nextIndex: 1
followerCommit: 18446744073709551615
matchIndex: 18446744073709551615
isHearbeat: true

2024-01-26 11:56:22,361 [grpc-default-executor-1] INFO  server.GrpcLogAppender (GrpcLogAppender.java:onCompleted(546)) - 5e57565a-2fac-4b31-b24f-016e073e3d73@group-CB413AA61FBB->5052cfc4-081a-46ed-8261-0b7a8ad7db0a-AppendLogResponseHandler: follower responses appendEntries COMPLETED
2024-01-26 11:56:22,361 [grpc-default-executor-1] WARN  server.GrpcLogAppender (GrpcLogAppender.java:resetClient(226)) - 5e57565a-2fac-4b31-b24f-016e073e3d73@group-CB413AA61FBB->5052cfc4-081a-46ed-8261-0b7a8ad7db0a-GrpcLogAppender: Failed to getClient for 5052cfc4-081a-46ed-8261-0b7a8ad7db0a
org.apache.ratis.protocol.exceptions.AlreadyClosedException: 5e57565a-2fac-4b31-b24f-016e073e3d73 is already CLOSED
	at org.apache.ratis.util.PeerProxyMap$PeerAndProxy.getProxy(PeerProxyMap.java:65)
	at org.apache.ratis.util.PeerProxyMap.getProxy(PeerProxyMap.java:114)
	at org.apache.ratis.grpc.server.GrpcLogAppender.getClient(GrpcLogAppender.java:196)
	at org.apache.ratis.grpc.server.GrpcLogAppender.resetClient(GrpcLogAppender.java:201)
	at org.apache.ratis.grpc.server.GrpcLogAppender.access$800(GrpcLogAppender.java:62)
	at org.apache.ratis.grpc.server.GrpcLogAppender$AppendLogResponseHandler.onCompleted(GrpcLogAppender.java:547)
	at org.apache.ratis.thirdparty.io.grpc.stub.ClientCalls$StreamObserverToCallListenerAdapter.onClose(ClientCalls.java:479)
	at org.apache.ratis.thirdparty.io.grpc.internal.DelayedClientCall$DelayedListener$3.run(DelayedClientCall.java:489)
	at org.apache.ratis.thirdparty.io.grpc.internal.DelayedClientCall$DelayedListener.delayOrExecute(DelayedClientCall.java:453)
	at org.apache.ratis.thirdparty.io.grpc.internal.DelayedClientCall$DelayedListener.onClose(DelayedClientCall.java:486)
	at org.apache.ratis.thirdparty.io.grpc.internal.ClientCallImpl.closeObserver(ClientCallImpl.java:567)
	at org.apache.ratis.thirdparty.io.grpc.internal.ClientCallImpl.access$300(ClientCallImpl.java:71)
	at org.apache.ratis.thirdparty.io.grpc.internal.ClientCallImpl$ClientStreamListenerImpl$1StreamClosed.runInternal(ClientCallImpl.java:735)
	at org.apache.ratis.thirdparty.io.grpc.internal.ClientCallImpl$ClientStreamListenerImpl$1StreamClosed.runInContext(ClientCallImpl.java:716)
	at org.apache.ratis.thirdparty.io.grpc.internal.ContextRunnable.run(ContextRunnable.java:37)
	at org.apache.ratis.thirdparty.io.grpc.internal.SerializingExecutor.run(SerializingExecutor.java:133)
	at java.util.concurrent.ThreadPoolExecutor.runWorker(ThreadPoolExecutor.java:1149)
	at java.util.concurrent.ThreadPoolExecutor$Worker.run(ThreadPoolExecutor.java:624)
	at java.lang.Thread.run(Thread.java:750)
2024-01-26 11:56:22,361 [grpc-default-executor-3] INFO  server.GrpcLogAppender (GrpcLogAppender.java:onCompleted(546)) - 5e57565a-2fac-4b31-b24f-016e073e3d73@group-CB413AA61FBB->5052cfc4-081a-46ed-8261-0b7a8ad7db0a-AppendLogResponseHandler: follower responses appendEntries COMPLETED
2024-01-26 11:56:22,364 [grpc-default-executor-3] WARN  server.GrpcLogAppender (GrpcLogAppender.java:resetClient(226)) - 5e57565a-2fac-4b31-b24f-016e073e3d73@group-CB413AA61FBB->5052cfc4-081a-46ed-8261-0b7a8ad7db0a-GrpcLogAppender: Failed to getClient for 5052cfc4-081a-46ed-8261-0b7a8ad7db0a
org.apache.ratis.protocol.exceptions.AlreadyClosedException: 5e57565a-2fac-4b31-b24f-016e073e3d73 is already CLOSED
	at org.apache.ratis.util.PeerProxyMap$PeerAndProxy.getProxy(PeerProxyMap.java:65)
	at org.apache.ratis.util.PeerProxyMap.getProxy(PeerProxyMap.java:114)
	at org.apache.ratis.grpc.server.GrpcLogAppender.getClient(GrpcLogAppender.java:196)
	at org.apache.ratis.grpc.server.GrpcLogAppender.resetClient(GrpcLogAppender.java:201)
	at org.apache.ratis.grpc.server.GrpcLogAppender.access$800(GrpcLogAppender.java:62)
	at org.apache.ratis.grpc.server.GrpcLogAppender$AppendLogResponseHandler.onCompleted(GrpcLogAppender.java:547)
	at org.apache.ratis.thirdparty.io.grpc.stub.ClientCalls$StreamObserverToCallListenerAdapter.onClose(ClientCalls.java:479)
	at org.apache.ratis.thirdparty.io.grpc.internal.ClientCallImpl.closeObserver(ClientCallImpl.java:567)
	at org.apache.ratis.thirdparty.io.grpc.internal.ClientCallImpl.access$300(ClientCallImpl.java:71)
	at org.apache.ratis.thirdparty.io.grpc.internal.ClientCallImpl$ClientStreamListenerImpl$1StreamClosed.runInternal(ClientCallImpl.java:735)
	at org.apache.ratis.thirdparty.io.grpc.internal.ClientCallImpl$ClientStreamListenerImpl$1StreamClosed.runInContext(ClientCallImpl.java:716)
	at org.apache.ratis.thirdparty.io.grpc.internal.ContextRunnable.run(ContextRunnable.java:37)
	at org.apache.ratis.thirdparty.io.grpc.internal.SerializingExecutor.run(SerializingExecutor.java:133)
	at java.util.concurrent.ThreadPoolExecutor.runWorker(ThreadPoolExecutor.java:1149)
	at java.util.concurrent.ThreadPoolExecutor$Worker.run(ThreadPoolExecutor.java:624)
	at java.lang.Thread.run(Thread.java:750)
2024-01-26 11:56:22,365 [grpc-default-executor-1] INFO  server.GrpcLogAppender (GrpcLogAppender.java:onCompleted(546)) - 5e57565a-2fac-4b31-b24f-016e073e3d73@group-CB413AA61FBB->5c737fdf-f228-4231-bbf6-1cc383ec73d2-AppendLogResponseHandler: follower responses appendEntries COMPLETED
2024-01-26 11:56:22,365 [grpc-default-executor-1] WARN  server.GrpcLogAppender (GrpcLogAppender.java:resetClient(226)) - 5e57565a-2fac-4b31-b24f-016e073e3d73@group-CB413AA61FBB->5c737fdf-f228-4231-bbf6-1cc383ec73d2-GrpcLogAppender: Failed to getClient for 5c737fdf-f228-4231-bbf6-1cc383ec73d2
org.apache.ratis.protocol.exceptions.AlreadyClosedException: 5e57565a-2fac-4b31-b24f-016e073e3d73 is already CLOSED
	at org.apache.ratis.util.PeerProxyMap$PeerAndProxy.getProxy(PeerProxyMap.java:65)
	at org.apache.ratis.util.PeerProxyMap.getProxy(PeerProxyMap.java:114)
	at org.apache.ratis.grpc.server.GrpcLogAppender.getClient(GrpcLogAppender.java:196)
	at org.apache.ratis.grpc.server.GrpcLogAppender.resetClient(GrpcLogAppender.java:201)
	at org.apache.ratis.grpc.server.GrpcLogAppender.access$800(GrpcLogAppender.java:62)
	at org.apache.ratis.grpc.server.GrpcLogAppender$AppendLogResponseHandler.onCompleted(GrpcLogAppender.java:547)
	at org.apache.ratis.thirdparty.io.grpc.stub.ClientCalls$StreamObserverToCallListenerAdapter.onClose(ClientCalls.java:479)
	at org.apache.ratis.thirdparty.io.grpc.internal.DelayedClientCall$DelayedListener$3.run(DelayedClientCall.java:489)
	at org.apache.ratis.thirdparty.io.grpc.internal.DelayedClientCall$DelayedListener.delayOrExecute(DelayedClientCall.java:453)
	at org.apache.ratis.thirdparty.io.grpc.internal.DelayedClientCall$DelayedListener.onClose(DelayedClientCall.java:486)
	at org.apache.ratis.thirdparty.io.grpc.internal.ClientCallImpl.closeObserver(ClientCallImpl.java:567)
	at org.apache.ratis.thirdparty.io.grpc.internal.ClientCallImpl.access$300(ClientCallImpl.java:71)
	at org.apache.ratis.thirdparty.io.grpc.internal.ClientCallImpl$ClientStreamListenerImpl$1StreamClosed.runInternal(ClientCallImpl.java:735)
	at org.apache.ratis.thirdparty.io.grpc.internal.ClientCallImpl$ClientStreamListenerImpl$1StreamClosed.runInContext(ClientCallImpl.java:716)
	at org.apache.ratis.thirdparty.io.grpc.internal.ContextRunnable.run(ContextRunnable.java:37)
	at org.apache.ratis.thirdparty.io.grpc.internal.SerializingExecutor.run(SerializingExecutor.java:133)
	at java.util.concurrent.ThreadPoolExecutor.runWorker(ThreadPoolExecutor.java:1149)
	at java.util.concurrent.ThreadPoolExecutor$Worker.run(ThreadPoolExecutor.java:624)
	at java.lang.Thread.run(Thread.java:750)
2024-01-26 11:56:22,365 [Mini-Cluster-Provider-Create] INFO  upgrade.AbstractLayoutVersionManager (AbstractLayoutVersionManager.java:init(83)) - Initializing Layout version manager with metadata layout = HADOOP_PRC_PORTS_IN_DATANODEDETAILS (version = 7), software layout = HADOOP_PRC_PORTS_IN_DATANODEDETAILS (version = 7)
2024-01-26 11:56:22,366 [Mini-Cluster-Provider-Create] INFO  statemachine.DatanodeStateMachine (DatanodeStateMachine.java:getEndPointTaskThreadPoolSize(299)) - Datanode State Machine Task Thread Pool size 2
2024-01-26 11:56:22,368 [5e57565a-2fac-4b31-b24f-016e073e3d73@group-CB413AA61FBB-StateMachineUpdater] INFO  ratis.ContainerStateMachine (ContainerStateMachine.java:takeSnapshot(366)) - group-CB413AA61FBB: Finished taking a snapshot at:(t:1, i:0) file:/home/runner/work/ozone/ozone/hadoop-ozone/integration-test/target/test-dir/MiniOzoneClusterImpl-b54bfeae-1ef8-4c1d-b639-09e56ef7dc0e/datanode-0/data/ratis/998bf58e-5fa1-4369-b33d-cb413aa61fbb/sm/snapshot.1_0 took: 18 ms
2024-01-26 11:56:22,369 [5e57565a-2fac-4b31-b24f-016e073e3d73@group-CB413AA61FBB-StateMachineUpdater] INFO  impl.StateMachineUpdater (StateMachineUpdater.java:takeSnapshot(295)) - 5e57565a-2fac-4b31-b24f-016e073e3d73@group-CB413AA61FBB-StateMachineUpdater: Took a snapshot at index 0
2024-01-26 11:56:22,369 [5e57565a-2fac-4b31-b24f-016e073e3d73@group-CB413AA61FBB-StateMachineUpdater] INFO  impl.StateMachineUpdater (StateMachineUpdater.java:lambda$new$0(98)) - 5e57565a-2fac-4b31-b24f-016e073e3d73@group-CB413AA61FBB-StateMachineUpdater: snapshotIndex: updateIncreasingly -1 -> 0
2024-01-26 11:56:22,370 [5e57565a-2fac-4b31-b24f-016e073e3d73-impl-thread3] INFO  server.RaftServer$Division (ServerState.java:close(427)) - 5e57565a-2fac-4b31-b24f-016e073e3d73@group-CB413AA61FBB: applyIndex: 0
2024-01-26 11:56:22,370 [5e57565a-2fac-4b31-b24f-016e073e3d73@group-CB413AA61FBB-cacheEviction-AwaitToRun] INFO  util.AwaitToRun (AwaitToRun.java:run(49)) - 5e57565a-2fac-4b31-b24f-016e073e3d73@group-CB413AA61FBB-cacheEviction-AwaitToRun-AwaitForSignal is interrupted
2024-01-26 11:56:22,370 [5e57565a-2fac-4b31-b24f-016e073e3d73@group-338A3D310B1D-StateMachineUpdater] INFO  ratis.ContainerStateMachine (ContainerStateMachine.java:takeSnapshot(366)) - group-338A3D310B1D: Finished taking a snapshot at:(t:1, i:0) file:/home/runner/work/ozone/ozone/hadoop-ozone/integration-test/target/test-dir/MiniOzoneClusterImpl-b54bfeae-1ef8-4c1d-b639-09e56ef7dc0e/datanode-0/data/ratis/e517abf9-fe06-462f-bee2-338a3d310b1d/sm/snapshot.1_0 took: 49 ms
2024-01-26 11:56:22,371 [5e57565a-2fac-4b31-b24f-016e073e3d73@group-338A3D310B1D-StateMachineUpdater] INFO  impl.StateMachineUpdater (StateMachineUpdater.java:takeSnapshot(295)) - 5e57565a-2fac-4b31-b24f-016e073e3d73@group-338A3D310B1D-StateMachineUpdater: Took a snapshot at index 0
2024-01-26 11:56:22,371 [5e57565a-2fac-4b31-b24f-016e073e3d73@group-338A3D310B1D-StateMachineUpdater] INFO  impl.StateMachineUpdater (StateMachineUpdater.java:lambda$new$0(98)) - 5e57565a-2fac-4b31-b24f-016e073e3d73@group-338A3D310B1D-StateMachineUpdater: snapshotIndex: updateIncreasingly -1 -> 0
2024-01-26 11:56:22,371 [5e57565a-2fac-4b31-b24f-016e073e3d73-impl-thread1] INFO  server.RaftServer$Division (ServerState.java:close(427)) - 5e57565a-2fac-4b31-b24f-016e073e3d73@group-338A3D310B1D: applyIndex: 0
2024-01-26 11:56:22,372 [5e57565a-2fac-4b31-b24f-016e073e3d73@group-338A3D310B1D-cacheEviction-AwaitToRun] INFO  util.AwaitToRun (AwaitToRun.java:run(49)) - 5e57565a-2fac-4b31-b24f-016e073e3d73@group-338A3D310B1D-cacheEviction-AwaitToRun-AwaitForSignal is interrupted
2024-01-26 11:56:22,373 [main] INFO  server.GrpcService (GrpcService.java:closeImpl(320)) - 5e57565a-2fac-4b31-b24f-016e073e3d73: shutdown server org.apache.ratis.grpc.server.GrpcClientProtocolService successfully
2024-01-26 11:56:22,373 [main] INFO  server.GrpcService (GrpcService.java:closeImpl(311)) - 5e57565a-2fac-4b31-b24f-016e073e3d73: shutdown server GrpcServerProtocolService now
2024-01-26 11:56:22,375 [Mini-Cluster-Provider-Create] INFO  volume.HddsVolume (HddsVolume.java:<init>(125)) - Creating HddsVolume: /home/runner/work/ozone/ozone/hadoop-ozone/integration-test/target/test-dir/MiniOzoneClusterImpl-47c92df5-8859-41b8-9f26-037451183754/datanode-0/data-0/containers/hdds of storage type : DISK capacity : 9223372036854775807
2024-01-26 11:56:22,375 [Mini-Cluster-Provider-Create] INFO  volume.MutableVolumeSet (MutableVolumeSet.java:initializeVolumeSet(173)) - Added Volume : /home/runner/work/ozone/ozone/hadoop-ozone/integration-test/target/test-dir/MiniOzoneClusterImpl-47c92df5-8859-41b8-9f26-037451183754/datanode-0/data-0/containers/hdds to VolumeSet
2024-01-26 11:56:22,376 [Mini-Cluster-Provider-Create] INFO  volume.MutableVolumeSet (MutableVolumeSet.java:initializeVolumeSet(173)) - Added Volume : /home/runner/work/ozone/ozone/hadoop-ozone/integration-test/target/test-dir/MiniOzoneClusterImpl-47c92df5-8859-41b8-9f26-037451183754/datanode-0/data/ratis to VolumeSet
2024-01-26 11:56:22,377 [Mini-Cluster-Provider-Create] INFO  ozoneimpl.OzoneContainer (HddsVolumeUtil.java:loadAllHddsVolumeDbStore(103)) - Load 1 volumes DbStore cost: 0ms
2024-01-26 11:56:22,383 [grpc-default-executor-1] WARN  server.GrpcServerProtocolService (LogUtils.java:warn(121)) - 5e57565a-2fac-4b31-b24f-016e073e3d73: APPEND_ENTRIES onError, lastRequest: null: org.apache.ratis.thirdparty.io.grpc.StatusRuntimeException: CANCELLED: client cancelled
2024-01-26 11:56:22,384 [0f734c5b-620a-4a31-a7a8-a1d45a227569-ContainerReader-0] INFO  ozoneimpl.ContainerReader (ContainerReader.java:readVolume(178)) - Finish verifying containers on volume /home/runner/work/ozone/ozone/hadoop-ozone/integration-test/target/test-dir/MiniOzoneClusterImpl-47c92df5-8859-41b8-9f26-037451183754/datanode-0/data-0/containers/hdds
2024-01-26 11:56:22,384 [Mini-Cluster-Provider-Create] INFO  ozoneimpl.OzoneContainer (OzoneContainer.java:buildContainerSet(328)) - Build ContainerSet costs 0s
2024-01-26 11:56:22,388 [main] INFO  server.GrpcService (GrpcService.java:closeImpl(320)) - 5e57565a-2fac-4b31-b24f-016e073e3d73: shutdown server GrpcServerProtocolService successfully
2024-01-26 11:56:22,388 [main] INFO  server.GrpcService (GrpcService.java:closeImpl(311)) - 5e57565a-2fac-4b31-b24f-016e073e3d73: shutdown server org.apache.ratis.grpc.server.GrpcAdminProtocolService now
2024-01-26 11:56:22,389 [grpc-default-executor-1] WARN  server.GrpcServerProtocolService (LogUtils.java:warn(121)) - 5e57565a-2fac-4b31-b24f-016e073e3d73: APPEND_ENTRIES onError, lastRequest: 5052cfc4-081a-46ed-8261-0b7a8ad7db0a->5e57565a-2fac-4b31-b24f-016e073e3d73#1-t1,previous=(t:0, i:0),leaderCommit=-1,initializing? false,entries: size=1, first=(t:1, i:0), CONFIGURATIONENTRY(current:id: "5c737fdf-f228-4231-bbf6-1cc383ec73d2"
address: "10.1.0.50:15023"
dataStreamAddress: "10.1.0.50:15024"
clientAddress: "10.1.0.50:15021"
adminAddress: "10.1.0.50:15022"
startupRole: FOLLOWER
,id: "5052cfc4-081a-46ed-8261-0b7a8ad7db0a"
address: "10.1.0.50:15032"
priority: 1
dataStreamAddress: "10.1.0.50:15033"
clientAddress: "10.1.0.50:15030"
adminAddress: "10.1.0.50:15031"
startupRole: FOLLOWER
,id: "5e57565a-2fac-4b31-b24f-016e073e3d73"
address: "10.1.0.50:15014"
dataStreamAddress: "10.1.0.50:15015"
clientAddress: "10.1.0.50:15012"
adminAddress: "10.1.0.50:15013"
startupRole: FOLLOWER
, old:): org.apache.ratis.thirdparty.io.grpc.StatusRuntimeException: CANCELLED: client cancelled
2024-01-26 11:56:22,397 [main] INFO  server.GrpcService (GrpcService.java:closeImpl(320)) - 5e57565a-2fac-4b31-b24f-016e073e3d73: shutdown server org.apache.ratis.grpc.server.GrpcAdminProtocolService successfully
2024-01-26 11:56:22,398 [Mini-Cluster-Provider-Create] INFO  server.RaftServer (ConfUtils.java:logGet(46)) - raft.rpc.type = GRPC (default)
2024-01-26 11:56:22,401 [Mini-Cluster-Provider-Create] INFO  grpc.GrpcConfigKeys (ConfUtils.java:logFallback(53)) - raft.grpc.admin.host = null (fallback to raft.grpc.server.host)
2024-01-26 11:56:22,401 [Mini-Cluster-Provider-Create] INFO  grpc.GrpcConfigKeys (ConfUtils.java:logGet(46)) - raft.grpc.admin.port = 15048 (custom)
2024-01-26 11:56:22,401 [Mini-Cluster-Provider-Create] INFO  grpc.GrpcConfigKeys (ConfUtils.java:logFallback(53)) - raft.grpc.client.host = null (fallback to raft.grpc.server.host)
2024-01-26 11:56:22,402 [Mini-Cluster-Provider-Create] INFO  grpc.GrpcConfigKeys (ConfUtils.java:logGet(46)) - raft.grpc.client.port = 15047 (custom)
2024-01-26 11:56:22,402 [Mini-Cluster-Provider-Create] INFO  grpc.GrpcConfigKeys (ConfUtils.java:logGet(46)) - raft.grpc.server.host = null (default)
2024-01-26 11:56:22,402 [Mini-Cluster-Provider-Create] INFO  grpc.GrpcConfigKeys (ConfUtils.java:logGet(46)) - raft.grpc.server.port = 15049 (custom)
2024-01-26 11:56:22,402 [Mini-Cluster-Provider-Create] INFO  server.GrpcService (ConfUtils.java:logGet(46)) - raft.grpc.message.size.max = 32MB (=33554432) (custom)
2024-01-26 11:56:22,402 [Mini-Cluster-Provider-Create] INFO  server.RaftServerConfigKeys (ConfUtils.java:logGet(46)) - raft.server.log.appender.buffer.byte-limit = 8388608 (custom)
2024-01-26 11:56:22,402 [Mini-Cluster-Provider-Create] INFO  server.GrpcService (ConfUtils.java:logGet(46)) - raft.grpc.flow.control.window = 5MB (=5242880) (custom)
2024-01-26 11:56:22,402 [Mini-Cluster-Provider-Create] INFO  server.RaftServerConfigKeys (ConfUtils.java:logGet(46)) - raft.server.rpc.request.timeout = 60s (custom)
2024-01-26 11:56:22,402 [Mini-Cluster-Provider-Create] INFO  grpc.GrpcConfigKeys (ConfUtils.java:logGet(46)) - raft.grpc.server.heartbeat.channel = true (default)
2024-01-26 11:56:22,402 [Mini-Cluster-Provider-Create] INFO  grpc.GrpcConfigKeys (ConfUtils.java:logGet(46)) - raft.grpc.server.async.request.thread.pool.cached = true (default)
2024-01-26 11:56:22,403 [Mini-Cluster-Provider-Create] INFO  grpc.GrpcConfigKeys (ConfUtils.java:logGet(46)) - raft.grpc.server.async.request.thread.pool.size = 32 (default)
2024-01-26 11:56:22,405 [Mini-Cluster-Provider-Create] INFO  impl.DataStreamServerImpl (ConfUtils.java:logGet(46)) - raft.datastream.type = NETTY (custom)
2024-01-26 11:56:22,405 [Mini-Cluster-Provider-Create] INFO  server.RaftServerConfigKeys (ConfUtils.java:logGet(46)) - raft.server.data-stream.async.request.thread.pool.cached = false (default)
2024-01-26 11:56:22,405 [Mini-Cluster-Provider-Create] INFO  server.RaftServerConfigKeys (ConfUtils.java:logGet(46)) - raft.server.data-stream.async.request.thread.pool.size = 20 (custom)
2024-01-26 11:56:22,406 [Mini-Cluster-Provider-Create] INFO  server.RaftServerConfigKeys (ConfUtils.java:logGet(46)) - raft.server.data-stream.async.write.thread.pool.size = 16 (default)
2024-01-26 11:56:22,406 [Mini-Cluster-Provider-Create] INFO  netty.NettyConfigKeys$DataStream (ConfUtils.java:logGet(46)) - raft.netty.dataStream.server.channel.inactive.grace-period = 10min (default)
2024-01-26 11:56:22,406 [Mini-Cluster-Provider-Create] INFO  server.RaftServerConfigKeys (ConfUtils.java:logGet(46)) - raft.server.data-stream.client.pool.size = 10 (default)
2024-01-26 11:56:22,406 [Mini-Cluster-Provider-Create] INFO  netty.NettyConfigKeys$DataStream (ConfUtils.java:logGet(46)) - raft.netty.dataStream.server.use-epoll = true (default)
2024-01-26 11:56:22,406 [Mini-Cluster-Provider-Create] INFO  netty.NettyConfigKeys$DataStream (ConfUtils.java:logGet(46)) - raft.netty.dataStream.server.boss-group.size = 0 (default)
2024-01-26 11:56:22,406 [Mini-Cluster-Provider-Create] INFO  netty.NettyUtils (NettyUtils.java:newEventLoopGroup(69)) - Create EpollEventLoopGroup for 0f734c5b-620a-4a31-a7a8-a1d45a227569-NettyServerStreamRpc-bossGroup; Thread size is 0.
2024-01-26 11:56:22,407 [Mini-Cluster-Provider-Create] INFO  netty.NettyConfigKeys$DataStream (ConfUtils.java:logGet(46)) - raft.netty.dataStream.server.worker-group.size = 0 (default)
2024-01-26 11:56:22,407 [Mini-Cluster-Provider-Create] INFO  netty.NettyUtils (NettyUtils.java:newEventLoopGroup(69)) - Create EpollEventLoopGroup for 0f734c5b-620a-4a31-a7a8-a1d45a227569-NettyServerStreamRpc-workerGroup; Thread size is 0.
2024-01-26 11:56:22,407 [Mini-Cluster-Provider-Create] INFO  netty.NettyConfigKeys$DataStream (ConfUtils.java:logGet(46)) - raft.netty.dataStream.server.tls.conf = null (default)
2024-01-26 11:56:22,408 [Mini-Cluster-Provider-Create] INFO  netty.NettyConfigKeys$DataStream (ConfUtils.java:logGet(46)) - raft.netty.dataStream.host = null (default)
2024-01-26 11:56:22,408 [grpc-default-executor-1] WARN  server.GrpcLogAppender (LogUtils.java:warn(121)) - 5052cfc4-081a-46ed-8261-0b7a8ad7db0a@group-342F2AF39FD7->5e57565a-2fac-4b31-b24f-016e073e3d73-AppendLogResponseHandler: Failed appendEntries: org.apache.ratis.thirdparty.io.grpc.StatusRuntimeException: CANCELLED: RST_STREAM closed stream. HTTP/2 error code: CANCEL
2024-01-26 11:56:22,408 [Mini-Cluster-Provider-Create] INFO  netty.NettyConfigKeys$DataStream (ConfUtils.java:logGet(46)) - raft.netty.dataStream.port = 15050 (custom)
2024-01-26 11:56:22,409 [Mini-Cluster-Provider-Create] INFO  server.RaftServerConfigKeys (ConfUtils.java:logGet(46)) - raft.server.sleep.deviation.threshold = 300ms (default)
2024-01-26 11:56:22,409 [Mini-Cluster-Provider-Create] INFO  server.RaftServerConfigKeys (ConfUtils.java:logGet(46)) - raft.server.close.threshold = 60s (default)
2024-01-26 11:56:22,410 [Mini-Cluster-Provider-Create] INFO  server.RaftServerConfigKeys (ConfUtils.java:logGet(46)) - raft.server.leaderelection.leader.step-down.wait-time = 10s (default)
2024-01-26 11:56:22,410 [Mini-Cluster-Provider-Create] INFO  server.RaftServerConfigKeys (ConfUtils.java:logGet(46)) - raft.server.storage.dir = [/home/runner/work/ozone/ozone/hadoop-ozone/integration-test/target/test-dir/MiniOzoneClusterImpl-47c92df5-8859-41b8-9f26-037451183754/datanode-0/data/ratis] (custom)
2024-01-26 11:56:22,411 [Mini-Cluster-Provider-Create] INFO  server.RaftServerConfigKeys (ConfUtils.java:logGet(46)) - raft.server.threadpool.proxy.cached = true (default)
2024-01-26 11:56:22,411 [Mini-Cluster-Provider-Create] INFO  server.RaftServerConfigKeys (ConfUtils.java:logGet(46)) - raft.server.threadpool.proxy.size = 0 (default)
2024-01-26 11:56:22,411 [grpc-default-executor-1] WARN  server.GrpcLogAppender (GrpcLogAppender.java:lambda$resetClient$1(217)) - 5052cfc4-081a-46ed-8261-0b7a8ad7db0a@group-342F2AF39FD7->5e57565a-2fac-4b31-b24f-016e073e3d73-GrpcLogAppender: Follower failed (request=null, errorCount=1); keep nextIndex (1) unchanged and retry.
2024-01-26 11:56:22,420 [0f734c5b-620a-4a31-a7a8-a1d45a227569-NettyServerStreamRpc-bossGroup--thread1] INFO  logging.LoggingHandler (AbstractInternalLogger.java:log(148)) - [id: 0xd49a2f3a] REGISTERED
2024-01-26 11:56:22,420 [0f734c5b-620a-4a31-a7a8-a1d45a227569-NettyServerStreamRpc-bossGroup--thread1] INFO  logging.LoggingHandler (AbstractInternalLogger.java:log(148)) - [id: 0xd49a2f3a] BIND: 0.0.0.0/0.0.0.0:15050
2024-01-26 11:56:22,420 [0f734c5b-620a-4a31-a7a8-a1d45a227569-NettyServerStreamRpc-bossGroup--thread1] INFO  logging.LoggingHandler (AbstractInternalLogger.java:log(148)) - [id: 0xd49a2f3a, L:/0.0.0.0:15050] ACTIVE
2024-01-26 11:56:22,420 [0f734c5b-620a-4a31-a7a8-a1d45a227569-impl-thread1] INFO  server.RaftServer (RaftServerProxy.java:initGroupDir(264)) - 0f734c5b-620a-4a31-a7a8-a1d45a227569: found a subdirectory /home/runner/work/ozone/ozone/hadoop-ozone/integration-test/target/test-dir/MiniOzoneClusterImpl-47c92df5-8859-41b8-9f26-037451183754/datanode-0/data/ratis/tmp
2024-01-26 11:56:22,421 [0f734c5b-620a-4a31-a7a8-a1d45a227569-impl-thread1] INFO  server.RaftServer (RaftServerProxy.java:initGroupDir(269)) - 0f734c5b-620a-4a31-a7a8-a1d45a227569: The directory /home/runner/work/ozone/ozone/hadoop-ozone/integration-test/target/test-dir/MiniOzoneClusterImpl-47c92df5-8859-41b8-9f26-037451183754/datanode-0/data/ratis/tmp is not a group directory; ignoring it. 
2024-01-26 11:56:22,421 [Mini-Cluster-Provider-Create] INFO  replication.ReplicationServer (ReplicationServer.java:<init>(85)) - Initializing replication server with thread count = 10 queue length = 4096
2024-01-26 11:56:22,422 [Mini-Cluster-Provider-Create] INFO  server.XceiverServerGrpc (XceiverServerGrpc.java:<init>(141)) - GrpcServer channel type EpollServerSocketChannel
2024-01-26 11:56:22,424 [Mini-Cluster-Provider-Create] INFO  replication.ReplicationSupervisor (ReplicationSupervisor.java:build(163)) - Initializing replication supervisor with thread count = 10
2024-01-26 11:56:22,424 [Mini-Cluster-Provider-Create] INFO  replication.ReplicationSupervisor (ReplicationSupervisor.java:nodeStateUpdated(317)) - Node state updated to IN_SERVICE, scaling executor pool size to 10
2024-01-26 11:56:22,426 [5e57565a-2fac-4b31-b24f-016e073e3d73-NettyServerStreamRpc-bossGroup--thread1] INFO  logging.LoggingHandler (AbstractInternalLogger.java:log(148)) - [id: 0xcf6dea0e, L:/0.0.0.0:15015] CLOSE
2024-01-26 11:56:22,426 [5e57565a-2fac-4b31-b24f-016e073e3d73-NettyServerStreamRpc-bossGroup--thread1] INFO  logging.LoggingHandler (AbstractInternalLogger.java:log(148)) - [id: 0xcf6dea0e, L:/0.0.0.0:15015] INACTIVE
2024-01-26 11:56:22,426 [5e57565a-2fac-4b31-b24f-016e073e3d73-NettyServerStreamRpc-bossGroup--thread1] INFO  logging.LoggingHandler (AbstractInternalLogger.java:log(148)) - [id: 0xcf6dea0e, L:/0.0.0.0:15015] UNREGISTERED
2024-01-26 11:56:22,445 [Mini-Cluster-Provider-Create] INFO  http.BaseHttpServer (BaseHttpServer.java:newHttpServer2BuilderForOzone(223)) - Starting Web-server for hddsDatanode at: http://0.0.0.0:15044
2024-01-26 11:56:22,445 [Mini-Cluster-Provider-Create] INFO  http.BaseHttpServer (BaseHttpServer.java:<init>(110)) - Hadoop Security Enabled: false Ozone Security Enabled: false Ozone HTTP Security Enabled: false 
2024-01-26 11:56:22,448 [Mini-Cluster-Provider-Create] WARN  server.AuthenticationFilter (AuthenticationFilter.java:constructSecretProvider(240)) - Unable to initialize FileSignerSecretProvider, falling back to use random secrets. Reason: Could not read signature secret file: /home/runner/hadoop-http-auth-signature-secret
2024-01-26 11:56:22,449 [Mini-Cluster-Provider-Create] INFO  http.HttpRequestLog (HttpRequestLog.java:getRequestLog(86)) - Http request log for http.requests.hddsDatanode is not defined
2024-01-26 11:56:22,450 [Mini-Cluster-Provider-Create] INFO  http.HttpServer2 (HttpServer2.java:addGlobalFilter(1036)) - Added global filter 'safety' (class=org.apache.hadoop.hdds.server.http.HttpServer2$QuotingInputFilter)
2024-01-26 11:56:22,451 [Mini-Cluster-Provider-Create] INFO  http.HttpServer2 (HttpServer2.java:addFilter(1012)) - Added filter static_user_filter (class=org.apache.hadoop.http.lib.StaticUserWebFilter$StaticUserFilter) to context hddsDatanode
2024-01-26 11:56:22,451 [Mini-Cluster-Provider-Create] INFO  http.HttpServer2 (HttpServer2.java:addFilter(1020)) - Added filter static_user_filter (class=org.apache.hadoop.http.lib.StaticUserWebFilter$StaticUserFilter) to context static
2024-01-26 11:56:22,451 [Mini-Cluster-Provider-Create] INFO  http.HttpServer2 (HttpServer2.java:addFilter(1020)) - Added filter static_user_filter (class=org.apache.hadoop.http.lib.StaticUserWebFilter$StaticUserFilter) to context logs
2024-01-26 11:56:22,451 [Mini-Cluster-Provider-Create] INFO  http.BaseHttpServer (BaseHttpServer.java:<init>(189)) - HTTP server of hddsDatanode uses base directory /home/runner/work/ozone/ozone/hadoop-ozone/integration-test/target/test-dir/MiniOzoneClusterImpl-47c92df5-8859-41b8-9f26-037451183754/datanode-0/meta/webserver
2024-01-26 11:56:22,451 [Mini-Cluster-Provider-Create] INFO  http.HttpServer2 (HttpServer2.java:bindListener(1236)) - Jetty bound to port 15044
2024-01-26 11:56:22,451 [Mini-Cluster-Provider-Create] INFO  server.Server (Server.java:doStart(375)) - jetty-9.4.53.v20231009; built: 2023-10-09T12:29:09.265Z; git: 27bde00a0b95a1d5bbee0eae7984f891d2d0f8c9; jvm 1.8.0_392-b08
2024-01-26 11:56:22,455 [Mini-Cluster-Provider-Create] INFO  server.session (DefaultSessionIdManager.java:doStart(334)) - DefaultSessionIdManager workerName=node0
2024-01-26 11:56:22,455 [Mini-Cluster-Provider-Create] INFO  server.session (DefaultSessionIdManager.java:doStart(339)) - No SessionScavenger set, using defaults
2024-01-26 11:56:22,455 [Mini-Cluster-Provider-Create] INFO  server.session (HouseKeeper.java:startScavenging(132)) - node0 Scavenging every 600000ms
2024-01-26 11:56:22,456 [Mini-Cluster-Provider-Create] INFO  handler.ContextHandler (ContextHandler.java:doStart(921)) - Started o.e.j.s.ServletContextHandler@5f593f31{logs,/logs,file:///home/runner/work/ozone/ozone/hadoop-ozone/integration-test/target/log,AVAILABLE}
2024-01-26 11:56:22,456 [Mini-Cluster-Provider-Create] INFO  handler.ContextHandler (ContextHandler.java:doStart(921)) - Started o.e.j.s.ServletContextHandler@50c03637{static,/static,jar:file:/home/runner/.m2/repository/org/apache/ozone/hdds-container-service/1.5.0-SNAPSHOT/hdds-container-service-1.5.0-SNAPSHOT.jar!/webapps/static,AVAILABLE}
2024-01-26 11:56:22,482 [5e57565a-2fac-4b31-b24f-016e073e3d73-impl-thread2] INFO  segmented.SegmentedRaftLogWorker (SegmentedRaftLogWorker.java:close(245)) - 5e57565a-2fac-4b31-b24f-016e073e3d73@group-342F2AF39FD7-SegmentedRaftLogWorker close()
2024-01-26 11:56:22,498 [Mini-Cluster-Provider-Create] INFO  handler.ContextHandler (ContextHandler.java:doStart(921)) - Started o.e.j.w.WebAppContext@5e042bb9{hddsDatanode,/,file:///home/runner/work/ozone/ozone/hadoop-ozone/integration-test/target/test-dir/MiniOzoneClusterImpl-47c92df5-8859-41b8-9f26-037451183754/datanode-0/meta/webserver/jetty-0_0_0_0-15044-hdds-container-service-1_5_0-SNAPSHOT_jar-_-any-8159575250570910005/webapp/,AVAILABLE}{jar:file:/home/runner/.m2/repository/org/apache/ozone/hdds-container-service/1.5.0-SNAPSHOT/hdds-container-service-1.5.0-SNAPSHOT.jar!/webapps/hddsDatanode}
2024-01-26 11:56:22,500 [Mini-Cluster-Provider-Create] INFO  server.AbstractConnector (AbstractConnector.java:doStart(333)) - Started ServerConnector@74593dd2{HTTP/1.1, (http/1.1)}{0.0.0.0:15044}
2024-01-26 11:56:22,500 [Mini-Cluster-Provider-Create] INFO  server.Server (Server.java:doStart(415)) - Started @21064ms
2024-01-26 11:56:22,500 [Mini-Cluster-Provider-Create] WARN  impl.MetricsSystemImpl (MetricsSystemImpl.java:register(279)) - Sink prometheus already exists!
2024-01-26 11:56:22,500 [Mini-Cluster-Provider-Create] INFO  http.BaseHttpServer (BaseHttpServer.java:updateConnectorAddress(354)) - HTTP server of hddsDatanode listening at http://0.0.0.0:15044
2024-01-26 11:56:22,501 [Mini-Cluster-Provider-Create] INFO  ipc.CallQueueManager (CallQueueManager.java:<init>(90)) - Using callQueue: class java.util.concurrent.LinkedBlockingQueue, queueCapacity: 100, scheduler: class org.apache.hadoop.ipc.DefaultRpcScheduler, ipcBackoff: false.
2024-01-26 11:56:22,501 [Mini-Cluster-Provider-Create] INFO  ipc.Server (Server.java:<init>(1287)) - Listener at 0.0.0.0:15045
2024-01-26 11:56:22,501 [Socket Reader #1 for port 15045] INFO  ipc.Server (Server.java:run(1323)) - Starting Socket Reader #1 for port 15045
2024-01-26 11:56:22,504 [Mini-Cluster-Provider-Create] INFO  ozone.HddsDatanodeService (HddsDatanodeService.java:start(324)) - Datanode start with admins: [runner]
2024-01-26 11:56:22,504 [Mini-Cluster-Provider-Create] INFO  ozone.HddsDatanodeClientProtocolServer (HddsDatanodeClientProtocolServer.java:start(72)) - RPC server for Client /0.0.0.0:15045
2024-01-26 11:56:22,504 [IPC Server Responder] INFO  ipc.Server (Server.java:run(1562)) - IPC Server Responder: starting
2024-01-26 11:56:22,504 [IPC Server listener on 15045] INFO  ipc.Server (Server.java:run(1402)) - IPC Server listener on 15045: starting
2024-01-26 11:56:22,506 [0f734c5b-620a-4a31-a7a8-a1d45a227569-DatanodeStateMachineDaemonThread] INFO  statemachine.DatanodeStateMachine (DatanodeStateMachine.java:lambda$startDaemon$1(555)) - Ozone container server started.
2024-01-26 11:56:22,506 [Mini-Cluster-Provider-Create] WARN  dropwizard3.Dm3MetricRegistriesImpl (Dm3MetricRegistriesImpl.java:addReporterRegistration(113)) - New reporters are added after registries were created. Some metrics will be missing from the reporter. Please add reporter before adding any new registry.
2024-01-26 11:56:22,506 [Mini-Cluster-Provider-Create] WARN  dropwizard3.Dm3MetricRegistriesImpl (Dm3MetricRegistriesImpl.java:addReporterRegistration(113)) - New reporters are added after registries were created. Some metrics will be missing from the reporter. Please add reporter before adding any new registry.
2024-01-26 11:56:22,507 [Mini-Cluster-Provider-Create] INFO  impl.MetricsSystemImpl (MetricsSystemImpl.java:init(158)) - HddsDatanode metrics system started (again)
2024-01-26 11:56:22,510 [0f734c5b-620a-4a31-a7a8-a1d45a227569-DatanodeStateMachineTaskThread-0] INFO  datanode.InitDatanodeState (InitDatanodeState.java:persistContainerDatanodeDetails(139)) - DatanodeDetails is persisted to /home/runner/work/ozone/ozone/hadoop-ozone/integration-test/target/test-dir/MiniOzoneClusterImpl-47c92df5-8859-41b8-9f26-037451183754/datanode-0/meta/datanode.id
2024-01-26 11:56:22,520 [Mini-Cluster-Provider-Create] INFO  ozone.HddsDatanodeService (HddsDatanodeService.java:start(239)) - HddsDatanodeService host:fv-az1250-627 ip:10.1.0.50
2024-01-26 11:56:22,532 [Mini-Cluster-Provider-Create] INFO  upgrade.AbstractLayoutVersionManager (AbstractLayoutVersionManager.java:init(83)) - Initializing Layout version manager with metadata layout = HADOOP_PRC_PORTS_IN_DATANODEDETAILS (version = 7), software layout = HADOOP_PRC_PORTS_IN_DATANODEDETAILS (version = 7)
2024-01-26 11:56:22,533 [Mini-Cluster-Provider-Create] INFO  statemachine.DatanodeStateMachine (DatanodeStateMachine.java:getEndPointTaskThreadPoolSize(299)) - Datanode State Machine Task Thread Pool size 2
2024-01-26 11:56:22,535 [Mini-Cluster-Provider-Create] INFO  volume.HddsVolume (HddsVolume.java:<init>(125)) - Creating HddsVolume: /home/runner/work/ozone/ozone/hadoop-ozone/integration-test/target/test-dir/MiniOzoneClusterImpl-47c92df5-8859-41b8-9f26-037451183754/datanode-1/data-0/containers/hdds of storage type : DISK capacity : 9223372036854775807
2024-01-26 11:56:22,535 [Mini-Cluster-Provider-Create] INFO  volume.MutableVolumeSet (MutableVolumeSet.java:initializeVolumeSet(173)) - Added Volume : /home/runner/work/ozone/ozone/hadoop-ozone/integration-test/target/test-dir/MiniOzoneClusterImpl-47c92df5-8859-41b8-9f26-037451183754/datanode-1/data-0/containers/hdds to VolumeSet
2024-01-26 11:56:22,536 [Mini-Cluster-Provider-Create] INFO  volume.MutableVolumeSet (MutableVolumeSet.java:initializeVolumeSet(173)) - Added Volume : /home/runner/work/ozone/ozone/hadoop-ozone/integration-test/target/test-dir/MiniOzoneClusterImpl-47c92df5-8859-41b8-9f26-037451183754/datanode-1/data/ratis to VolumeSet
2024-01-26 11:56:22,536 [Mini-Cluster-Provider-Create] INFO  ozoneimpl.OzoneContainer (HddsVolumeUtil.java:loadAllHddsVolumeDbStore(103)) - Load 1 volumes DbStore cost: 0ms
2024-01-26 11:56:22,536 [9cb68909-d63b-4c8c-a8c2-d1f5498e35c0-ContainerReader-0] INFO  ozoneimpl.ContainerReader (ContainerReader.java:readVolume(178)) - Finish verifying containers on volume /home/runner/work/ozone/ozone/hadoop-ozone/integration-test/target/test-dir/MiniOzoneClusterImpl-47c92df5-8859-41b8-9f26-037451183754/datanode-1/data-0/containers/hdds
2024-01-26 11:56:22,536 [Mini-Cluster-Provider-Create] INFO  ozoneimpl.OzoneContainer (OzoneContainer.java:buildContainerSet(328)) - Build ContainerSet costs 0s
2024-01-26 11:56:22,539 [Mini-Cluster-Provider-Create] INFO  server.RaftServer (ConfUtils.java:logGet(46)) - raft.rpc.type = GRPC (default)
2024-01-26 11:56:22,539 [Mini-Cluster-Provider-Create] INFO  grpc.GrpcConfigKeys (ConfUtils.java:logFallback(53)) - raft.grpc.admin.host = null (fallback to raft.grpc.server.host)
2024-01-26 11:56:22,539 [Mini-Cluster-Provider-Create] INFO  grpc.GrpcConfigKeys (ConfUtils.java:logGet(46)) - raft.grpc.admin.port = 15057 (custom)
2024-01-26 11:56:22,539 [Mini-Cluster-Provider-Create] INFO  grpc.GrpcConfigKeys (ConfUtils.java:logFallback(53)) - raft.grpc.client.host = null (fallback to raft.grpc.server.host)
2024-01-26 11:56:22,540 [Mini-Cluster-Provider-Create] INFO  grpc.GrpcConfigKeys (ConfUtils.java:logGet(46)) - raft.grpc.client.port = 15056 (custom)
2024-01-26 11:56:22,540 [Mini-Cluster-Provider-Create] INFO  grpc.GrpcConfigKeys (ConfUtils.java:logGet(46)) - raft.grpc.server.host = null (default)
2024-01-26 11:56:22,540 [Mini-Cluster-Provider-Create] INFO  grpc.GrpcConfigKeys (ConfUtils.java:logGet(46)) - raft.grpc.server.port = 15058 (custom)
2024-01-26 11:56:22,540 [Mini-Cluster-Provider-Create] INFO  server.GrpcService (ConfUtils.java:logGet(46)) - raft.grpc.message.size.max = 32MB (=33554432) (custom)
2024-01-26 11:56:22,540 [Mini-Cluster-Provider-Create] INFO  server.RaftServerConfigKeys (ConfUtils.java:logGet(46)) - raft.server.log.appender.buffer.byte-limit = 8388608 (custom)
2024-01-26 11:56:22,540 [Mini-Cluster-Provider-Create] INFO  server.GrpcService (ConfUtils.java:logGet(46)) - raft.grpc.flow.control.window = 5MB (=5242880) (custom)
2024-01-26 11:56:22,540 [Mini-Cluster-Provider-Create] INFO  server.RaftServerConfigKeys (ConfUtils.java:logGet(46)) - raft.server.rpc.request.timeout = 60s (custom)
2024-01-26 11:56:22,540 [Mini-Cluster-Provider-Create] INFO  grpc.GrpcConfigKeys (ConfUtils.java:logGet(46)) - raft.grpc.server.heartbeat.channel = true (default)
2024-01-26 11:56:22,541 [Mini-Cluster-Provider-Create] INFO  grpc.GrpcConfigKeys (ConfUtils.java:logGet(46)) - raft.grpc.server.async.request.thread.pool.cached = true (default)
2024-01-26 11:56:22,541 [Mini-Cluster-Provider-Create] INFO  grpc.GrpcConfigKeys (ConfUtils.java:logGet(46)) - raft.grpc.server.async.request.thread.pool.size = 32 (default)
2024-01-26 11:56:22,543 [Mini-Cluster-Provider-Create] INFO  impl.DataStreamServerImpl (ConfUtils.java:logGet(46)) - raft.datastream.type = NETTY (custom)
2024-01-26 11:56:22,543 [Mini-Cluster-Provider-Create] INFO  server.RaftServerConfigKeys (ConfUtils.java:logGet(46)) - raft.server.data-stream.async.request.thread.pool.cached = false (default)
2024-01-26 11:56:22,543 [Mini-Cluster-Provider-Create] INFO  server.RaftServerConfigKeys (ConfUtils.java:logGet(46)) - raft.server.data-stream.async.request.thread.pool.size = 20 (custom)
2024-01-26 11:56:22,543 [Mini-Cluster-Provider-Create] INFO  server.RaftServerConfigKeys (ConfUtils.java:logGet(46)) - raft.server.data-stream.async.write.thread.pool.size = 16 (default)
2024-01-26 11:56:22,543 [Mini-Cluster-Provider-Create] INFO  netty.NettyConfigKeys$DataStream (ConfUtils.java:logGet(46)) - raft.netty.dataStream.server.channel.inactive.grace-period = 10min (default)
2024-01-26 11:56:22,543 [Mini-Cluster-Provider-Create] INFO  server.RaftServerConfigKeys (ConfUtils.java:logGet(46)) - raft.server.data-stream.client.pool.size = 10 (default)
2024-01-26 11:56:22,543 [Mini-Cluster-Provider-Create] INFO  netty.NettyConfigKeys$DataStream (ConfUtils.java:logGet(46)) - raft.netty.dataStream.server.use-epoll = true (default)
2024-01-26 11:56:22,544 [Mini-Cluster-Provider-Create] INFO  netty.NettyConfigKeys$DataStream (ConfUtils.java:logGet(46)) - raft.netty.dataStream.server.boss-group.size = 0 (default)
2024-01-26 11:56:22,544 [Mini-Cluster-Provider-Create] INFO  netty.NettyUtils (NettyUtils.java:newEventLoopGroup(69)) - Create EpollEventLoopGroup for 9cb68909-d63b-4c8c-a8c2-d1f5498e35c0-NettyServerStreamRpc-bossGroup; Thread size is 0.
2024-01-26 11:56:22,544 [Mini-Cluster-Provider-Create] INFO  netty.NettyConfigKeys$DataStream (ConfUtils.java:logGet(46)) - raft.netty.dataStream.server.worker-group.size = 0 (default)
2024-01-26 11:56:22,544 [Mini-Cluster-Provider-Create] INFO  netty.NettyUtils (NettyUtils.java:newEventLoopGroup(69)) - Create EpollEventLoopGroup for 9cb68909-d63b-4c8c-a8c2-d1f5498e35c0-NettyServerStreamRpc-workerGroup; Thread size is 0.
2024-01-26 11:56:22,544 [Mini-Cluster-Provider-Create] INFO  netty.NettyConfigKeys$DataStream (ConfUtils.java:logGet(46)) - raft.netty.dataStream.server.tls.conf = null (default)
2024-01-26 11:56:22,545 [Mini-Cluster-Provider-Create] INFO  netty.NettyConfigKeys$DataStream (ConfUtils.java:logGet(46)) - raft.netty.dataStream.host = null (default)
2024-01-26 11:56:22,545 [Mini-Cluster-Provider-Create] INFO  netty.NettyConfigKeys$DataStream (ConfUtils.java:logGet(46)) - raft.netty.dataStream.port = 15059 (custom)
2024-01-26 11:56:22,545 [Mini-Cluster-Provider-Create] INFO  server.RaftServerConfigKeys (ConfUtils.java:logGet(46)) - raft.server.sleep.deviation.threshold = 300ms (default)
2024-01-26 11:56:22,545 [Mini-Cluster-Provider-Create] INFO  server.RaftServerConfigKeys (ConfUtils.java:logGet(46)) - raft.server.close.threshold = 60s (default)
2024-01-26 11:56:22,545 [9cb68909-d63b-4c8c-a8c2-d1f5498e35c0-NettyServerStreamRpc-bossGroup--thread1] INFO  logging.LoggingHandler (AbstractInternalLogger.java:log(148)) - [id: 0xe3e8aee6] REGISTERED
2024-01-26 11:56:22,545 [Mini-Cluster-Provider-Create] INFO  server.RaftServerConfigKeys (ConfUtils.java:logGet(46)) - raft.server.leaderelection.leader.step-down.wait-time = 10s (default)
2024-01-26 11:56:22,545 [9cb68909-d63b-4c8c-a8c2-d1f5498e35c0-NettyServerStreamRpc-bossGroup--thread1] INFO  logging.LoggingHandler (AbstractInternalLogger.java:log(148)) - [id: 0xe3e8aee6] BIND: 0.0.0.0/0.0.0.0:15059
2024-01-26 11:56:22,546 [Mini-Cluster-Provider-Create] INFO  server.RaftServerConfigKeys (ConfUtils.java:logGet(46)) - raft.server.storage.dir = [/home/runner/work/ozone/ozone/hadoop-ozone/integration-test/target/test-dir/MiniOzoneClusterImpl-47c92df5-8859-41b8-9f26-037451183754/datanode-1/data/ratis] (custom)
2024-01-26 11:56:22,546 [9cb68909-d63b-4c8c-a8c2-d1f5498e35c0-NettyServerStreamRpc-bossGroup--thread1] INFO  logging.LoggingHandler (AbstractInternalLogger.java:log(148)) - [id: 0xe3e8aee6, L:/0.0.0.0:15059] ACTIVE
2024-01-26 11:56:22,546 [Mini-Cluster-Provider-Create] INFO  server.RaftServerConfigKeys (ConfUtils.java:logGet(46)) - raft.server.threadpool.proxy.cached = true (default)
2024-01-26 11:56:22,546 [Mini-Cluster-Provider-Create] INFO  server.RaftServerConfigKeys (ConfUtils.java:logGet(46)) - raft.server.threadpool.proxy.size = 0 (default)
2024-01-26 11:56:22,546 [9cb68909-d63b-4c8c-a8c2-d1f5498e35c0-impl-thread1] INFO  server.RaftServer (RaftServerProxy.java:initGroupDir(264)) - 9cb68909-d63b-4c8c-a8c2-d1f5498e35c0: found a subdirectory /home/runner/work/ozone/ozone/hadoop-ozone/integration-test/target/test-dir/MiniOzoneClusterImpl-47c92df5-8859-41b8-9f26-037451183754/datanode-1/data/ratis/tmp
2024-01-26 11:56:22,546 [9cb68909-d63b-4c8c-a8c2-d1f5498e35c0-impl-thread1] INFO  server.RaftServer (RaftServerProxy.java:initGroupDir(269)) - 9cb68909-d63b-4c8c-a8c2-d1f5498e35c0: The directory /home/runner/work/ozone/ozone/hadoop-ozone/integration-test/target/test-dir/MiniOzoneClusterImpl-47c92df5-8859-41b8-9f26-037451183754/datanode-1/data/ratis/tmp is not a group directory; ignoring it. 
2024-01-26 11:56:22,547 [Mini-Cluster-Provider-Create] INFO  replication.ReplicationServer (ReplicationServer.java:<init>(85)) - Initializing replication server with thread count = 10 queue length = 4096
2024-01-26 11:56:22,548 [Mini-Cluster-Provider-Create] INFO  server.XceiverServerGrpc (XceiverServerGrpc.java:<init>(141)) - GrpcServer channel type EpollServerSocketChannel
2024-01-26 11:56:22,549 [Mini-Cluster-Provider-Create] INFO  replication.ReplicationSupervisor (ReplicationSupervisor.java:build(163)) - Initializing replication supervisor with thread count = 10
2024-01-26 11:56:22,549 [Mini-Cluster-Provider-Create] INFO  replication.ReplicationSupervisor (ReplicationSupervisor.java:nodeStateUpdated(317)) - Node state updated to IN_SERVICE, scaling executor pool size to 10
2024-01-26 11:56:22,552 [Mini-Cluster-Provider-Create] INFO  http.BaseHttpServer (BaseHttpServer.java:newHttpServer2BuilderForOzone(223)) - Starting Web-server for hddsDatanode at: http://0.0.0.0:15053
2024-01-26 11:56:22,552 [Mini-Cluster-Provider-Create] INFO  http.BaseHttpServer (BaseHttpServer.java:<init>(110)) - Hadoop Security Enabled: false Ozone Security Enabled: false Ozone HTTP Security Enabled: false 
2024-01-26 11:56:22,552 [Mini-Cluster-Provider-Create] WARN  server.AuthenticationFilter (AuthenticationFilter.java:constructSecretProvider(240)) - Unable to initialize FileSignerSecretProvider, falling back to use random secrets. Reason: Could not read signature secret file: /home/runner/hadoop-http-auth-signature-secret
2024-01-26 11:56:22,553 [Mini-Cluster-Provider-Create] INFO  http.HttpRequestLog (HttpRequestLog.java:getRequestLog(86)) - Http request log for http.requests.hddsDatanode is not defined
2024-01-26 11:56:22,554 [Mini-Cluster-Provider-Create] INFO  http.HttpServer2 (HttpServer2.java:addGlobalFilter(1036)) - Added global filter 'safety' (class=org.apache.hadoop.hdds.server.http.HttpServer2$QuotingInputFilter)
2024-01-26 11:56:22,555 [Mini-Cluster-Provider-Create] INFO  http.HttpServer2 (HttpServer2.java:addFilter(1012)) - Added filter static_user_filter (class=org.apache.hadoop.http.lib.StaticUserWebFilter$StaticUserFilter) to context hddsDatanode
2024-01-26 11:56:22,555 [Mini-Cluster-Provider-Create] INFO  http.HttpServer2 (HttpServer2.java:addFilter(1020)) - Added filter static_user_filter (class=org.apache.hadoop.http.lib.StaticUserWebFilter$StaticUserFilter) to context static
2024-01-26 11:56:22,555 [Mini-Cluster-Provider-Create] INFO  http.HttpServer2 (HttpServer2.java:addFilter(1020)) - Added filter static_user_filter (class=org.apache.hadoop.http.lib.StaticUserWebFilter$StaticUserFilter) to context logs
2024-01-26 11:56:22,555 [Mini-Cluster-Provider-Create] INFO  http.BaseHttpServer (BaseHttpServer.java:<init>(189)) - HTTP server of hddsDatanode uses base directory /home/runner/work/ozone/ozone/hadoop-ozone/integration-test/target/test-dir/MiniOzoneClusterImpl-47c92df5-8859-41b8-9f26-037451183754/datanode-1/meta/webserver
2024-01-26 11:56:22,555 [Mini-Cluster-Provider-Create] INFO  http.HttpServer2 (HttpServer2.java:bindListener(1236)) - Jetty bound to port 15053
2024-01-26 11:56:22,555 [Mini-Cluster-Provider-Create] INFO  server.Server (Server.java:doStart(375)) - jetty-9.4.53.v20231009; built: 2023-10-09T12:29:09.265Z; git: 27bde00a0b95a1d5bbee0eae7984f891d2d0f8c9; jvm 1.8.0_392-b08
2024-01-26 11:56:22,556 [Mini-Cluster-Provider-Create] INFO  server.session (DefaultSessionIdManager.java:doStart(334)) - DefaultSessionIdManager workerName=node0
2024-01-26 11:56:22,557 [Mini-Cluster-Provider-Create] INFO  server.session (DefaultSessionIdManager.java:doStart(339)) - No SessionScavenger set, using defaults
2024-01-26 11:56:22,557 [Mini-Cluster-Provider-Create] INFO  server.session (HouseKeeper.java:startScavenging(132)) - node0 Scavenging every 600000ms
2024-01-26 11:56:22,557 [Mini-Cluster-Provider-Create] INFO  handler.ContextHandler (ContextHandler.java:doStart(921)) - Started o.e.j.s.ServletContextHandler@136a47b{logs,/logs,file:///home/runner/work/ozone/ozone/hadoop-ozone/integration-test/target/log,AVAILABLE}
2024-01-26 11:56:22,558 [Mini-Cluster-Provider-Create] INFO  handler.ContextHandler (ContextHandler.java:doStart(921)) - Started o.e.j.s.ServletContextHandler@70751f41{static,/static,jar:file:/home/runner/.m2/repository/org/apache/ozone/hdds-container-service/1.5.0-SNAPSHOT/hdds-container-service-1.5.0-SNAPSHOT.jar!/webapps/static,AVAILABLE}
2024-01-26 11:56:22,593 [Mini-Cluster-Provider-Create] INFO  handler.ContextHandler (ContextHandler.java:doStart(921)) - Started o.e.j.w.WebAppContext@a54834d{hddsDatanode,/,file:///home/runner/work/ozone/ozone/hadoop-ozone/integration-test/target/test-dir/MiniOzoneClusterImpl-47c92df5-8859-41b8-9f26-037451183754/datanode-1/meta/webserver/jetty-0_0_0_0-15053-hdds-container-service-1_5_0-SNAPSHOT_jar-_-any-61925806216264715/webapp/,AVAILABLE}{jar:file:/home/runner/.m2/repository/org/apache/ozone/hdds-container-service/1.5.0-SNAPSHOT/hdds-container-service-1.5.0-SNAPSHOT.jar!/webapps/hddsDatanode}
2024-01-26 11:56:22,596 [Mini-Cluster-Provider-Create] INFO  server.AbstractConnector (AbstractConnector.java:doStart(333)) - Started ServerConnector@22c8cab7{HTTP/1.1, (http/1.1)}{0.0.0.0:15053}
2024-01-26 11:56:22,597 [Mini-Cluster-Provider-Create] INFO  server.Server (Server.java:doStart(415)) - Started @21161ms
2024-01-26 11:56:22,597 [Mini-Cluster-Provider-Create] WARN  impl.MetricsSystemImpl (MetricsSystemImpl.java:register(279)) - Sink prometheus already exists!
2024-01-26 11:56:22,597 [Mini-Cluster-Provider-Create] INFO  http.BaseHttpServer (BaseHttpServer.java:updateConnectorAddress(354)) - HTTP server of hddsDatanode listening at http://0.0.0.0:15053
2024-01-26 11:56:22,597 [Mini-Cluster-Provider-Create] INFO  ipc.CallQueueManager (CallQueueManager.java:<init>(90)) - Using callQueue: class java.util.concurrent.LinkedBlockingQueue, queueCapacity: 100, scheduler: class org.apache.hadoop.ipc.DefaultRpcScheduler, ipcBackoff: false.
2024-01-26 11:56:22,598 [Mini-Cluster-Provider-Create] INFO  ipc.Server (Server.java:<init>(1287)) - Listener at 0.0.0.0:15054
2024-01-26 11:56:22,598 [Socket Reader #1 for port 15054] INFO  ipc.Server (Server.java:run(1323)) - Starting Socket Reader #1 for port 15054
2024-01-26 11:56:22,604 [Mini-Cluster-Provider-Create] INFO  ozone.HddsDatanodeService (HddsDatanodeService.java:start(324)) - Datanode start with admins: [runner]
2024-01-26 11:56:22,604 [Mini-Cluster-Provider-Create] INFO  ozone.HddsDatanodeClientProtocolServer (HddsDatanodeClientProtocolServer.java:start(72)) - RPC server for Client /0.0.0.0:15054
2024-01-26 11:56:22,604 [IPC Server Responder] INFO  ipc.Server (Server.java:run(1562)) - IPC Server Responder: starting
2024-01-26 11:56:22,607 [IPC Server listener on 15054] INFO  ipc.Server (Server.java:run(1402)) - IPC Server listener on 15054: starting
2024-01-26 11:56:22,609 [9cb68909-d63b-4c8c-a8c2-d1f5498e35c0-DatanodeStateMachineDaemonThread] INFO  statemachine.DatanodeStateMachine (DatanodeStateMachine.java:lambda$startDaemon$1(555)) - Ozone container server started.
2024-01-26 11:56:22,609 [Mini-Cluster-Provider-Create] WARN  dropwizard3.Dm3MetricRegistriesImpl (Dm3MetricRegistriesImpl.java:addReporterRegistration(113)) - New reporters are added after registries were created. Some metrics will be missing from the reporter. Please add reporter before adding any new registry.
2024-01-26 11:56:22,611 [Mini-Cluster-Provider-Create] WARN  dropwizard3.Dm3MetricRegistriesImpl (Dm3MetricRegistriesImpl.java:addReporterRegistration(113)) - New reporters are added after registries were created. Some metrics will be missing from the reporter. Please add reporter before adding any new registry.
2024-01-26 11:56:22,611 [Mini-Cluster-Provider-Create] INFO  impl.MetricsSystemImpl (MetricsSystemImpl.java:init(158)) - HddsDatanode metrics system started (again)
2024-01-26 11:56:22,637 [9cb68909-d63b-4c8c-a8c2-d1f5498e35c0-DatanodeStateMachineTaskThread-0] INFO  datanode.InitDatanodeState (InitDatanodeState.java:persistContainerDatanodeDetails(139)) - DatanodeDetails is persisted to /home/runner/work/ozone/ozone/hadoop-ozone/integration-test/target/test-dir/MiniOzoneClusterImpl-47c92df5-8859-41b8-9f26-037451183754/datanode-1/meta/datanode.id
2024-01-26 11:56:22,644 [Mini-Cluster-Provider-Create] INFO  ozone.HddsDatanodeService (HddsDatanodeService.java:start(239)) - HddsDatanodeService host:fv-az1250-627 ip:10.1.0.50
2024-01-26 11:56:22,658 [Mini-Cluster-Provider-Create] INFO  upgrade.AbstractLayoutVersionManager (AbstractLayoutVersionManager.java:init(83)) - Initializing Layout version manager with metadata layout = HADOOP_PRC_PORTS_IN_DATANODEDETAILS (version = 7), software layout = HADOOP_PRC_PORTS_IN_DATANODEDETAILS (version = 7)
2024-01-26 11:56:22,658 [Mini-Cluster-Provider-Create] INFO  statemachine.DatanodeStateMachine (DatanodeStateMachine.java:getEndPointTaskThreadPoolSize(299)) - Datanode State Machine Task Thread Pool size 2
2024-01-26 11:56:22,660 [Mini-Cluster-Provider-Create] INFO  volume.HddsVolume (HddsVolume.java:<init>(125)) - Creating HddsVolume: /home/runner/work/ozone/ozone/hadoop-ozone/integration-test/target/test-dir/MiniOzoneClusterImpl-47c92df5-8859-41b8-9f26-037451183754/datanode-2/data-0/containers/hdds of storage type : DISK capacity : 9223372036854775807
2024-01-26 11:56:22,660 [Mini-Cluster-Provider-Create] INFO  volume.MutableVolumeSet (MutableVolumeSet.java:initializeVolumeSet(173)) - Added Volume : /home/runner/work/ozone/ozone/hadoop-ozone/integration-test/target/test-dir/MiniOzoneClusterImpl-47c92df5-8859-41b8-9f26-037451183754/datanode-2/data-0/containers/hdds to VolumeSet
2024-01-26 11:56:22,661 [Mini-Cluster-Provider-Create] INFO  volume.MutableVolumeSet (MutableVolumeSet.java:initializeVolumeSet(173)) - Added Volume : /home/runner/work/ozone/ozone/hadoop-ozone/integration-test/target/test-dir/MiniOzoneClusterImpl-47c92df5-8859-41b8-9f26-037451183754/datanode-2/data/ratis to VolumeSet
2024-01-26 11:56:22,661 [Mini-Cluster-Provider-Create] INFO  ozoneimpl.OzoneContainer (HddsVolumeUtil.java:loadAllHddsVolumeDbStore(103)) - Load 1 volumes DbStore cost: 0ms
2024-01-26 11:56:22,661 [b514b48b-a23c-4b35-9087-6efcb4999551-ContainerReader-0] INFO  ozoneimpl.ContainerReader (ContainerReader.java:readVolume(178)) - Finish verifying containers on volume /home/runner/work/ozone/ozone/hadoop-ozone/integration-test/target/test-dir/MiniOzoneClusterImpl-47c92df5-8859-41b8-9f26-037451183754/datanode-2/data-0/containers/hdds
2024-01-26 11:56:22,661 [Mini-Cluster-Provider-Create] INFO  ozoneimpl.OzoneContainer (OzoneContainer.java:buildContainerSet(328)) - Build ContainerSet costs 0s
2024-01-26 11:56:22,664 [Mini-Cluster-Provider-Create] INFO  server.RaftServer (ConfUtils.java:logGet(46)) - raft.rpc.type = GRPC (default)
2024-01-26 11:56:22,664 [Mini-Cluster-Provider-Create] INFO  grpc.GrpcConfigKeys (ConfUtils.java:logFallback(53)) - raft.grpc.admin.host = null (fallback to raft.grpc.server.host)
2024-01-26 11:56:22,664 [Mini-Cluster-Provider-Create] INFO  grpc.GrpcConfigKeys (ConfUtils.java:logGet(46)) - raft.grpc.admin.port = 15066 (custom)
2024-01-26 11:56:22,664 [Mini-Cluster-Provider-Create] INFO  grpc.GrpcConfigKeys (ConfUtils.java:logFallback(53)) - raft.grpc.client.host = null (fallback to raft.grpc.server.host)
2024-01-26 11:56:22,665 [Mini-Cluster-Provider-Create] INFO  grpc.GrpcConfigKeys (ConfUtils.java:logGet(46)) - raft.grpc.client.port = 15065 (custom)
2024-01-26 11:56:22,665 [Mini-Cluster-Provider-Create] INFO  grpc.GrpcConfigKeys (ConfUtils.java:logGet(46)) - raft.grpc.server.host = null (default)
2024-01-26 11:56:22,665 [Mini-Cluster-Provider-Create] INFO  grpc.GrpcConfigKeys (ConfUtils.java:logGet(46)) - raft.grpc.server.port = 15067 (custom)
2024-01-26 11:56:22,665 [Mini-Cluster-Provider-Create] INFO  server.GrpcService (ConfUtils.java:logGet(46)) - raft.grpc.message.size.max = 32MB (=33554432) (custom)
2024-01-26 11:56:22,665 [Mini-Cluster-Provider-Create] INFO  server.RaftServerConfigKeys (ConfUtils.java:logGet(46)) - raft.server.log.appender.buffer.byte-limit = 8388608 (custom)
2024-01-26 11:56:22,665 [Mini-Cluster-Provider-Create] INFO  server.GrpcService (ConfUtils.java:logGet(46)) - raft.grpc.flow.control.window = 5MB (=5242880) (custom)
2024-01-26 11:56:22,665 [Mini-Cluster-Provider-Create] INFO  server.RaftServerConfigKeys (ConfUtils.java:logGet(46)) - raft.server.rpc.request.timeout = 60s (custom)
2024-01-26 11:56:22,665 [Mini-Cluster-Provider-Create] INFO  grpc.GrpcConfigKeys (ConfUtils.java:logGet(46)) - raft.grpc.server.heartbeat.channel = true (default)
2024-01-26 11:56:22,665 [Mini-Cluster-Provider-Create] INFO  grpc.GrpcConfigKeys (ConfUtils.java:logGet(46)) - raft.grpc.server.async.request.thread.pool.cached = true (default)
2024-01-26 11:56:22,666 [Mini-Cluster-Provider-Create] INFO  grpc.GrpcConfigKeys (ConfUtils.java:logGet(46)) - raft.grpc.server.async.request.thread.pool.size = 32 (default)
2024-01-26 11:56:22,667 [Mini-Cluster-Provider-Create] INFO  impl.DataStreamServerImpl (ConfUtils.java:logGet(46)) - raft.datastream.type = NETTY (custom)
2024-01-26 11:56:22,668 [Mini-Cluster-Provider-Create] INFO  server.RaftServerConfigKeys (ConfUtils.java:logGet(46)) - raft.server.data-stream.async.request.thread.pool.cached = false (default)
2024-01-26 11:56:22,668 [Mini-Cluster-Provider-Create] INFO  server.RaftServerConfigKeys (ConfUtils.java:logGet(46)) - raft.server.data-stream.async.request.thread.pool.size = 20 (custom)
2024-01-26 11:56:22,668 [Mini-Cluster-Provider-Create] INFO  server.RaftServerConfigKeys (ConfUtils.java:logGet(46)) - raft.server.data-stream.async.write.thread.pool.size = 16 (default)
2024-01-26 11:56:22,668 [Mini-Cluster-Provider-Create] INFO  netty.NettyConfigKeys$DataStream (ConfUtils.java:logGet(46)) - raft.netty.dataStream.server.channel.inactive.grace-period = 10min (default)
2024-01-26 11:56:22,668 [Mini-Cluster-Provider-Create] INFO  server.RaftServerConfigKeys (ConfUtils.java:logGet(46)) - raft.server.data-stream.client.pool.size = 10 (default)
2024-01-26 11:56:22,668 [Mini-Cluster-Provider-Create] INFO  netty.NettyConfigKeys$DataStream (ConfUtils.java:logGet(46)) - raft.netty.dataStream.server.use-epoll = true (default)
2024-01-26 11:56:22,668 [Mini-Cluster-Provider-Create] INFO  netty.NettyConfigKeys$DataStream (ConfUtils.java:logGet(46)) - raft.netty.dataStream.server.boss-group.size = 0 (default)
2024-01-26 11:56:22,668 [Mini-Cluster-Provider-Create] INFO  netty.NettyUtils (NettyUtils.java:newEventLoopGroup(69)) - Create EpollEventLoopGroup for b514b48b-a23c-4b35-9087-6efcb4999551-NettyServerStreamRpc-bossGroup; Thread size is 0.
2024-01-26 11:56:22,669 [Mini-Cluster-Provider-Create] INFO  netty.NettyConfigKeys$DataStream (ConfUtils.java:logGet(46)) - raft.netty.dataStream.server.worker-group.size = 0 (default)
2024-01-26 11:56:22,669 [Mini-Cluster-Provider-Create] INFO  netty.NettyUtils (NettyUtils.java:newEventLoopGroup(69)) - Create EpollEventLoopGroup for b514b48b-a23c-4b35-9087-6efcb4999551-NettyServerStreamRpc-workerGroup; Thread size is 0.
2024-01-26 11:56:22,669 [Mini-Cluster-Provider-Create] INFO  netty.NettyConfigKeys$DataStream (ConfUtils.java:logGet(46)) - raft.netty.dataStream.server.tls.conf = null (default)
2024-01-26 11:56:22,669 [Mini-Cluster-Provider-Create] INFO  netty.NettyConfigKeys$DataStream (ConfUtils.java:logGet(46)) - raft.netty.dataStream.host = null (default)
2024-01-26 11:56:22,669 [Mini-Cluster-Provider-Create] INFO  netty.NettyConfigKeys$DataStream (ConfUtils.java:logGet(46)) - raft.netty.dataStream.port = 15068 (custom)
2024-01-26 11:56:22,670 [Mini-Cluster-Provider-Create] INFO  server.RaftServerConfigKeys (ConfUtils.java:logGet(46)) - raft.server.sleep.deviation.threshold = 300ms (default)
2024-01-26 11:56:22,670 [Mini-Cluster-Provider-Create] INFO  server.RaftServerConfigKeys (ConfUtils.java:logGet(46)) - raft.server.close.threshold = 60s (default)
2024-01-26 11:56:22,670 [Mini-Cluster-Provider-Create] INFO  server.RaftServerConfigKeys (ConfUtils.java:logGet(46)) - raft.server.leaderelection.leader.step-down.wait-time = 10s (default)
2024-01-26 11:56:22,670 [b514b48b-a23c-4b35-9087-6efcb4999551-NettyServerStreamRpc-bossGroup--thread1] INFO  logging.LoggingHandler (AbstractInternalLogger.java:log(148)) - [id: 0x19e9c65e] REGISTERED
2024-01-26 11:56:22,670 [Mini-Cluster-Provider-Create] INFO  server.RaftServerConfigKeys (ConfUtils.java:logGet(46)) - raft.server.storage.dir = [/home/runner/work/ozone/ozone/hadoop-ozone/integration-test/target/test-dir/MiniOzoneClusterImpl-47c92df5-8859-41b8-9f26-037451183754/datanode-2/data/ratis] (custom)
2024-01-26 11:56:22,670 [b514b48b-a23c-4b35-9087-6efcb4999551-NettyServerStreamRpc-bossGroup--thread1] INFO  logging.LoggingHandler (AbstractInternalLogger.java:log(148)) - [id: 0x19e9c65e] BIND: 0.0.0.0/0.0.0.0:15068
2024-01-26 11:56:22,670 [Mini-Cluster-Provider-Create] INFO  server.RaftServerConfigKeys (ConfUtils.java:logGet(46)) - raft.server.threadpool.proxy.cached = true (default)
2024-01-26 11:56:22,670 [b514b48b-a23c-4b35-9087-6efcb4999551-NettyServerStreamRpc-bossGroup--thread1] INFO  logging.LoggingHandler (AbstractInternalLogger.java:log(148)) - [id: 0x19e9c65e, L:/0.0.0.0:15068] ACTIVE
2024-01-26 11:56:22,670 [Mini-Cluster-Provider-Create] INFO  server.RaftServerConfigKeys (ConfUtils.java:logGet(46)) - raft.server.threadpool.proxy.size = 0 (default)
2024-01-26 11:56:22,671 [b514b48b-a23c-4b35-9087-6efcb4999551-impl-thread1] INFO  server.RaftServer (RaftServerProxy.java:initGroupDir(264)) - b514b48b-a23c-4b35-9087-6efcb4999551: found a subdirectory /home/runner/work/ozone/ozone/hadoop-ozone/integration-test/target/test-dir/MiniOzoneClusterImpl-47c92df5-8859-41b8-9f26-037451183754/datanode-2/data/ratis/tmp
2024-01-26 11:56:22,671 [b514b48b-a23c-4b35-9087-6efcb4999551-impl-thread1] INFO  server.RaftServer (RaftServerProxy.java:initGroupDir(269)) - b514b48b-a23c-4b35-9087-6efcb4999551: The directory /home/runner/work/ozone/ozone/hadoop-ozone/integration-test/target/test-dir/MiniOzoneClusterImpl-47c92df5-8859-41b8-9f26-037451183754/datanode-2/data/ratis/tmp is not a group directory; ignoring it. 
2024-01-26 11:56:22,671 [Mini-Cluster-Provider-Create] INFO  replication.ReplicationServer (ReplicationServer.java:<init>(85)) - Initializing replication server with thread count = 10 queue length = 4096
2024-01-26 11:56:22,672 [Mini-Cluster-Provider-Create] INFO  server.XceiverServerGrpc (XceiverServerGrpc.java:<init>(141)) - GrpcServer channel type EpollServerSocketChannel
2024-01-26 11:56:22,673 [Mini-Cluster-Provider-Create] INFO  replication.ReplicationSupervisor (ReplicationSupervisor.java:build(163)) - Initializing replication supervisor with thread count = 10
2024-01-26 11:56:22,673 [Mini-Cluster-Provider-Create] INFO  replication.ReplicationSupervisor (ReplicationSupervisor.java:nodeStateUpdated(317)) - Node state updated to IN_SERVICE, scaling executor pool size to 10
2024-01-26 11:56:22,675 [Mini-Cluster-Provider-Create] INFO  http.BaseHttpServer (BaseHttpServer.java:newHttpServer2BuilderForOzone(223)) - Starting Web-server for hddsDatanode at: http://0.0.0.0:15062
2024-01-26 11:56:22,676 [Mini-Cluster-Provider-Create] INFO  http.BaseHttpServer (BaseHttpServer.java:<init>(110)) - Hadoop Security Enabled: false Ozone Security Enabled: false Ozone HTTP Security Enabled: false 
2024-01-26 11:56:22,677 [Mini-Cluster-Provider-Create] WARN  server.AuthenticationFilter (AuthenticationFilter.java:constructSecretProvider(240)) - Unable to initialize FileSignerSecretProvider, falling back to use random secrets. Reason: Could not read signature secret file: /home/runner/hadoop-http-auth-signature-secret
2024-01-26 11:56:22,677 [Mini-Cluster-Provider-Create] INFO  http.HttpRequestLog (HttpRequestLog.java:getRequestLog(86)) - Http request log for http.requests.hddsDatanode is not defined
2024-01-26 11:56:22,679 [Mini-Cluster-Provider-Create] INFO  http.HttpServer2 (HttpServer2.java:addGlobalFilter(1036)) - Added global filter 'safety' (class=org.apache.hadoop.hdds.server.http.HttpServer2$QuotingInputFilter)
2024-01-26 11:56:22,679 [Mini-Cluster-Provider-Create] INFO  http.HttpServer2 (HttpServer2.java:addFilter(1012)) - Added filter static_user_filter (class=org.apache.hadoop.http.lib.StaticUserWebFilter$StaticUserFilter) to context hddsDatanode
2024-01-26 11:56:22,683 [Mini-Cluster-Provider-Create] INFO  http.HttpServer2 (HttpServer2.java:addFilter(1020)) - Added filter static_user_filter (class=org.apache.hadoop.http.lib.StaticUserWebFilter$StaticUserFilter) to context logs
2024-01-26 11:56:22,683 [Mini-Cluster-Provider-Create] INFO  http.HttpServer2 (HttpServer2.java:addFilter(1020)) - Added filter static_user_filter (class=org.apache.hadoop.http.lib.StaticUserWebFilter$StaticUserFilter) to context static
2024-01-26 11:56:22,684 [Mini-Cluster-Provider-Create] INFO  http.BaseHttpServer (BaseHttpServer.java:<init>(189)) - HTTP server of hddsDatanode uses base directory /home/runner/work/ozone/ozone/hadoop-ozone/integration-test/target/test-dir/MiniOzoneClusterImpl-47c92df5-8859-41b8-9f26-037451183754/datanode-2/meta/webserver
2024-01-26 11:56:22,684 [Mini-Cluster-Provider-Create] INFO  http.HttpServer2 (HttpServer2.java:bindListener(1236)) - Jetty bound to port 15062
2024-01-26 11:56:22,684 [Mini-Cluster-Provider-Create] INFO  server.Server (Server.java:doStart(375)) - jetty-9.4.53.v20231009; built: 2023-10-09T12:29:09.265Z; git: 27bde00a0b95a1d5bbee0eae7984f891d2d0f8c9; jvm 1.8.0_392-b08
2024-01-26 11:56:22,685 [Mini-Cluster-Provider-Create] INFO  server.session (DefaultSessionIdManager.java:doStart(334)) - DefaultSessionIdManager workerName=node0
2024-01-26 11:56:22,685 [Mini-Cluster-Provider-Create] INFO  server.session (DefaultSessionIdManager.java:doStart(339)) - No SessionScavenger set, using defaults
2024-01-26 11:56:22,685 [Mini-Cluster-Provider-Create] INFO  server.session (HouseKeeper.java:startScavenging(132)) - node0 Scavenging every 600000ms
2024-01-26 11:56:22,686 [Mini-Cluster-Provider-Create] INFO  handler.ContextHandler (ContextHandler.java:doStart(921)) - Started o.e.j.s.ServletContextHandler@17a590c6{logs,/logs,file:///home/runner/work/ozone/ozone/hadoop-ozone/integration-test/target/log,AVAILABLE}
2024-01-26 11:56:22,686 [Mini-Cluster-Provider-Create] INFO  handler.ContextHandler (ContextHandler.java:doStart(921)) - Started o.e.j.s.ServletContextHandler@6fb1613c{static,/static,jar:file:/home/runner/.m2/repository/org/apache/ozone/hdds-container-service/1.5.0-SNAPSHOT/hdds-container-service-1.5.0-SNAPSHOT.jar!/webapps/static,AVAILABLE}
2024-01-26 11:56:22,719 [Mini-Cluster-Provider-Create] INFO  handler.ContextHandler (ContextHandler.java:doStart(921)) - Started o.e.j.w.WebAppContext@1c19f22f{hddsDatanode,/,file:///home/runner/work/ozone/ozone/hadoop-ozone/integration-test/target/test-dir/MiniOzoneClusterImpl-47c92df5-8859-41b8-9f26-037451183754/datanode-2/meta/webserver/jetty-0_0_0_0-15062-hdds-container-service-1_5_0-SNAPSHOT_jar-_-any-6584801755374889714/webapp/,AVAILABLE}{jar:file:/home/runner/.m2/repository/org/apache/ozone/hdds-container-service/1.5.0-SNAPSHOT/hdds-container-service-1.5.0-SNAPSHOT.jar!/webapps/hddsDatanode}
2024-01-26 11:56:22,721 [Mini-Cluster-Provider-Create] INFO  server.AbstractConnector (AbstractConnector.java:doStart(333)) - Started ServerConnector@b9e3db9{HTTP/1.1, (http/1.1)}{0.0.0.0:15062}
2024-01-26 11:56:22,721 [Mini-Cluster-Provider-Create] INFO  server.Server (Server.java:doStart(415)) - Started @21286ms
2024-01-26 11:56:22,722 [Mini-Cluster-Provider-Create] WARN  impl.MetricsSystemImpl (MetricsSystemImpl.java:register(279)) - Sink prometheus already exists!
2024-01-26 11:56:22,722 [Mini-Cluster-Provider-Create] INFO  http.BaseHttpServer (BaseHttpServer.java:updateConnectorAddress(354)) - HTTP server of hddsDatanode listening at http://0.0.0.0:15062
2024-01-26 11:56:22,722 [Mini-Cluster-Provider-Create] INFO  ipc.CallQueueManager (CallQueueManager.java:<init>(90)) - Using callQueue: class java.util.concurrent.LinkedBlockingQueue, queueCapacity: 100, scheduler: class org.apache.hadoop.ipc.DefaultRpcScheduler, ipcBackoff: false.
2024-01-26 11:56:22,722 [Mini-Cluster-Provider-Create] INFO  ipc.Server (Server.java:<init>(1287)) - Listener at 0.0.0.0:15063
2024-01-26 11:56:22,723 [Socket Reader #1 for port 15063] INFO  ipc.Server (Server.java:run(1323)) - Starting Socket Reader #1 for port 15063
2024-01-26 11:56:22,727 [Mini-Cluster-Provider-Create] INFO  ozone.HddsDatanodeService (HddsDatanodeService.java:start(324)) - Datanode start with admins: [runner]
2024-01-26 11:56:22,727 [Mini-Cluster-Provider-Create] INFO  ozone.HddsDatanodeClientProtocolServer (HddsDatanodeClientProtocolServer.java:start(72)) - RPC server for Client /0.0.0.0:15063
2024-01-26 11:56:22,728 [IPC Server Responder] INFO  ipc.Server (Server.java:run(1562)) - IPC Server Responder: starting
2024-01-26 11:56:22,728 [IPC Server listener on 15063] INFO  ipc.Server (Server.java:run(1402)) - IPC Server listener on 15063: starting
2024-01-26 11:56:22,729 [b514b48b-a23c-4b35-9087-6efcb4999551-DatanodeStateMachineDaemonThread] INFO  statemachine.DatanodeStateMachine (DatanodeStateMachine.java:lambda$startDaemon$1(555)) - Ozone container server started.
2024-01-26 11:56:22,730 [Mini-Cluster-Provider-Create] INFO  ozone.MiniOzoneClusterImpl (MiniOzoneClusterImpl.java:lambda$waitForClusterToBeReady$0(229)) - Waiting for nodes to be ready. Got 0 of 3 DN Heartbeats.
2024-01-26 11:56:22,731 [Mini-Cluster-Provider-Create] INFO  ozone.MiniOzoneClusterImpl (MiniOzoneClusterImpl.java:lambda$waitForClusterToBeReady$0(232)) - Waiting for cluster to exit safe mode
2024-01-26 11:56:22,731 [Mini-Cluster-Provider-Create] INFO  ozone.MiniOzoneClusterImpl (MiniOzoneClusterImpl.java:lambda$waitForClusterToBeReady$0(234)) - SCM became leader
2024-01-26 11:56:22,735 [b514b48b-a23c-4b35-9087-6efcb4999551-DatanodeStateMachineTaskThread-0] INFO  datanode.InitDatanodeState (InitDatanodeState.java:persistContainerDatanodeDetails(139)) - DatanodeDetails is persisted to /home/runner/work/ozone/ozone/hadoop-ozone/integration-test/target/test-dir/MiniOzoneClusterImpl-47c92df5-8859-41b8-9f26-037451183754/datanode-2/meta/datanode.id
2024-01-26 11:56:22,923 [5e57565a-2fac-4b31-b24f-016e073e3d73-impl-thread3] INFO  segmented.SegmentedRaftLogWorker (SegmentedRaftLogWorker.java:close(245)) - 5e57565a-2fac-4b31-b24f-016e073e3d73@group-CB413AA61FBB-SegmentedRaftLogWorker close()
2024-01-26 11:56:23,261 [5e57565a-2fac-4b31-b24f-016e073e3d73-impl-thread1] INFO  segmented.SegmentedRaftLogWorker (SegmentedRaftLogWorker.java:close(245)) - 5e57565a-2fac-4b31-b24f-016e073e3d73@group-338A3D310B1D-SegmentedRaftLogWorker close()
2024-01-26 11:56:23,263 [JvmPauseMonitor2] INFO  util.JvmPauseMonitor (JvmPauseMonitor.java:run(152)) - JvmPauseMonitor-5e57565a-2fac-4b31-b24f-016e073e3d73: Stopped
2024-01-26 11:56:23,424 [om1@group-C5BA1605619E-FollowerState] INFO  impl.FollowerState (FollowerState.java:run(143)) - om1@group-C5BA1605619E-FollowerState: change to CANDIDATE, lastRpcElapsedTime:1157399210ns, electionTimeout:1156ms
2024-01-26 11:56:23,424 [om1@group-C5BA1605619E-FollowerState] INFO  impl.RoleInfo (RoleInfo.java:shutdownFollowerState(110)) - om1: shutdown om1@group-C5BA1605619E-FollowerState
2024-01-26 11:56:23,424 [om1@group-C5BA1605619E-FollowerState] INFO  server.RaftServer$Division (RaftServerImpl.java:setRole(383)) - om1@group-C5BA1605619E: changes role from  FOLLOWER to CANDIDATE at term 0 for changeToCandidate
2024-01-26 11:56:23,425 [om1@group-C5BA1605619E-FollowerState] INFO  server.RaftServerConfigKeys (ConfUtils.java:logGet(46)) - raft.server.leaderelection.pre-vote = true (default)
2024-01-26 11:56:23,425 [om1@group-C5BA1605619E-FollowerState] INFO  impl.RoleInfo (RoleInfo.java:updateAndGet(139)) - om1: start om1@group-C5BA1605619E-LeaderElection9
2024-01-26 11:56:23,427 [om1@group-C5BA1605619E-LeaderElection9] INFO  impl.LeaderElection (LeaderElection.java:askForVotes(321)) - om1@group-C5BA1605619E-LeaderElection9 PRE_VOTE round 0: submit vote requests at term 0 for -1: peers:[om1|localhost:15042]|listeners:[], old=null
2024-01-26 11:56:23,427 [om1@group-C5BA1605619E-LeaderElection9] INFO  impl.LeaderElection (LeaderElection.java:askForVotes(323)) - om1@group-C5BA1605619E-LeaderElection9 PRE_VOTE round 0: result PASSED (term=0)
2024-01-26 11:56:23,428 [om1@group-C5BA1605619E-LeaderElection9] INFO  impl.LeaderElection (LeaderElection.java:askForVotes(321)) - om1@group-C5BA1605619E-LeaderElection9 ELECTION round 0: submit vote requests at term 1 for -1: peers:[om1|localhost:15042]|listeners:[], old=null
2024-01-26 11:56:23,428 [om1@group-C5BA1605619E-LeaderElection9] INFO  impl.LeaderElection (LeaderElection.java:askForVotes(323)) - om1@group-C5BA1605619E-LeaderElection9 ELECTION round 0: result PASSED (term=1)
2024-01-26 11:56:23,428 [om1@group-C5BA1605619E-LeaderElection9] INFO  impl.RoleInfo (RoleInfo.java:shutdownLeaderElection(130)) - om1: shutdown om1@group-C5BA1605619E-LeaderElection9
2024-01-26 11:56:23,428 [om1@group-C5BA1605619E-LeaderElection9] INFO  server.RaftServer$Division (RaftServerImpl.java:setRole(383)) - om1@group-C5BA1605619E: changes role from CANDIDATE to LEADER at term 1 for changeToLeader
2024-01-26 11:56:23,428 [om1@group-C5BA1605619E-LeaderElection9] INFO  server.RaftServerConfigKeys (ConfUtils.java:logGet(46)) - raft.server.staging.catchup.gap = 1000 (default)
2024-01-26 11:56:23,428 [om1@group-C5BA1605619E-LeaderElection9] INFO  server.RaftServerConfigKeys (ConfUtils.java:logGet(46)) - raft.server.write.element-limit = 4096 (default)
2024-01-26 11:56:23,428 [om1@group-C5BA1605619E-LeaderElection9] INFO  server.RaftServerConfigKeys (ConfUtils.java:logGet(46)) - raft.server.write.byte-limit = 64MB (=67108864) (default)
2024-01-26 11:56:23,428 [om1@group-C5BA1605619E-LeaderElection9] INFO  server.RaftServerConfigKeys (ConfUtils.java:logGet(46)) - raft.server.watch.timeout = 10s (default)
2024-01-26 11:56:23,429 [om1@group-C5BA1605619E-LeaderElection9] INFO  server.RaftServerConfigKeys (ConfUtils.java:logGet(46)) - raft.server.watch.timeout.denomination = 1s (default)
2024-01-26 11:56:23,429 [om1@group-C5BA1605619E-LeaderElection9] INFO  server.RaftServerConfigKeys (ConfUtils.java:logGet(46)) - raft.server.watch.element-limit = 65536 (default)
2024-01-26 11:56:23,429 [om1@group-C5BA1605619E-LeaderElection9] INFO  server.RaftServerConfigKeys (ConfUtils.java:logGet(46)) - raft.server.read.leader.lease.enabled = false (default)
2024-01-26 11:56:23,429 [om1@group-C5BA1605619E-LeaderElection9] INFO  server.RaftServerConfigKeys (ConfUtils.java:logGet(46)) - raft.server.read.leader.lease.timeout.ratio = 0.9 (default)
2024-01-26 11:56:23,429 [om1@group-C5BA1605619E-LeaderElection9] INFO  server.RaftServerConfigKeys (ConfUtils.java:logGet(46)) - raft.server.rpc.timeout.min = 1s (custom)
2024-01-26 11:56:23,429 [om1@group-C5BA1605619E-LeaderElection9] INFO  server.RaftServerConfigKeys (ConfUtils.java:logGet(46)) - raft.server.write.element-limit = 4096 (default)
2024-01-26 11:56:23,429 [om1@group-C5BA1605619E-LeaderElection9] INFO  server.RaftServerConfigKeys (ConfUtils.java:logGet(46)) - raft.server.write.follower.gap.ratio.max = -1.0 (default)
2024-01-26 11:56:23,429 [om1@group-C5BA1605619E-LeaderElection9] INFO  impl.RoleInfo (RoleInfo.java:updateAndGet(139)) - om1: start om1@group-C5BA1605619E-LeaderStateImpl
2024-01-26 11:56:23,429 [om1@group-C5BA1605619E-LeaderElection9] INFO  server.RaftServer$Division (RaftServerImpl.java:setFirstElection(574)) - om1@group-C5BA1605619E: set firstElectionSinceStartup to false for becomeLeader
2024-01-26 11:56:23,432 [om1@group-C5BA1605619E-LeaderElection9] INFO  server.RaftServer$Division (ServerState.java:setLeader(269)) - om1@group-C5BA1605619E: change Leader from null to om1 at term 1 for becomeLeader, leader elected after 1518ms
2024-01-26 11:56:23,432 [om1@group-C5BA1605619E-LeaderElection9] INFO  segmented.SegmentedRaftLogWorker (SegmentedRaftLogWorker.java:startLogSegment(430)) - om1@group-C5BA1605619E-SegmentedRaftLogWorker: Starting segment from index:0
2024-01-26 11:56:23,432 [om1@group-C5BA1605619E-SegmentedRaftLogWorker] INFO  segmented.BufferedWriteChannel (BufferedWriteChannel.java:open(62)) - open log_inprogress_0 at position 0
2024-01-26 11:56:23,436 [om1@group-C5BA1605619E-LeaderElection9] INFO  server.RaftServer$Division (ServerState.java:setRaftConf(386)) - om1@group-C5BA1605619E: set configuration 0: peers:[om1|localhost:15042]|listeners:[], old=null
2024-01-26 11:56:23,439 [om1@group-C5BA1605619E-SegmentedRaftLogWorker] INFO  segmented.SegmentedRaftLogWorker (SegmentedRaftLogWorker.java:execute(634)) - om1@group-C5BA1605619E-SegmentedRaftLogWorker: created new log segment /home/runner/work/ozone/ozone/hadoop-ozone/integration-test/target/test-dir/MiniOzoneClusterImpl-47c92df5-8859-41b8-9f26-037451183754/ozone-meta/ratis/bf265839-605b-3f16-9796-c5ba1605619e/current/log_inprogress_0
2024-01-26 11:56:23,440 [om1@group-C5BA1605619E-StateMachineUpdater] INFO  ratis.OzoneManagerStateMachine (OzoneManagerStateMachine.java:notifyConfigurationChanged(200)) - Received Configuration change notification from Ratis. New Peer list:
[id: "om1"
address: "localhost:15042"
startupRole: FOLLOWER
]
2024-01-26 11:56:23,440 [om1@group-C5BA1605619E-StateMachineUpdater] INFO  server.RaftServer$Division (LeaderStateImpl.java:isApplied(320)) - leader is ready since appliedIndex == 0 >= startIndex == 0
2024-01-26 11:56:23,732 [Mini-Cluster-Provider-Create] INFO  ozone.MiniOzoneClusterImpl (MiniOzoneClusterImpl.java:lambda$waitForClusterToBeReady$0(229)) - Waiting for nodes to be ready. Got 0 of 3 DN Heartbeats.
2024-01-26 11:56:23,732 [Mini-Cluster-Provider-Create] INFO  ozone.MiniOzoneClusterImpl (MiniOzoneClusterImpl.java:lambda$waitForClusterToBeReady$0(232)) - Waiting for cluster to exit safe mode
2024-01-26 11:56:23,732 [Mini-Cluster-Provider-Create] INFO  ozone.MiniOzoneClusterImpl (MiniOzoneClusterImpl.java:lambda$waitForClusterToBeReady$0(234)) - SCM became leader
2024-01-26 11:56:24,537 [0f734c5b-620a-4a31-a7a8-a1d45a227569-EndpointStateMachineTaskThread-/0.0.0.0:15037-0 ] INFO  utils.DatanodeStoreCache (DatanodeStoreCache.java:addDB(72)) - Added db /home/runner/work/ozone/ozone/hadoop-ozone/integration-test/target/test-dir/MiniOzoneClusterImpl-47c92df5-8859-41b8-9f26-037451183754/datanode-0/data-0/containers/hdds/47c92df5-8859-41b8-9f26-037451183754/DS-d0ad8b78-8d35-4f8d-8372-6e3abedb040d/container.db to cache
2024-01-26 11:56:24,538 [0f734c5b-620a-4a31-a7a8-a1d45a227569-EndpointStateMachineTaskThread-/0.0.0.0:15037-0 ] INFO  volume.HddsVolume (HddsVolume.java:createDbStore(420)) - SchemaV3 db is created and loaded at /home/runner/work/ozone/ozone/hadoop-ozone/integration-test/target/test-dir/MiniOzoneClusterImpl-47c92df5-8859-41b8-9f26-037451183754/datanode-0/data-0/containers/hdds/47c92df5-8859-41b8-9f26-037451183754/DS-d0ad8b78-8d35-4f8d-8372-6e3abedb040d/container.db for volume DS-d0ad8b78-8d35-4f8d-8372-6e3abedb040d
2024-01-26 11:56:24,539 [0f734c5b-620a-4a31-a7a8-a1d45a227569-EndpointStateMachineTaskThread-/0.0.0.0:15037-0 ] INFO  volume.ThrottledAsyncChecker (ThrottledAsyncChecker.java:schedule(141)) - Scheduling a check for /home/runner/work/ozone/ozone/hadoop-ozone/integration-test/target/test-dir/MiniOzoneClusterImpl-47c92df5-8859-41b8-9f26-037451183754/datanode-0/data-0/containers/hdds
2024-01-26 11:56:24,540 [0f734c5b-620a-4a31-a7a8-a1d45a227569-EndpointStateMachineTaskThread-/0.0.0.0:15037-0 ] INFO  volume.StorageVolumeChecker (StorageVolumeChecker.java:checkAllVolumes(218)) - Scheduled health check for volume /home/runner/work/ozone/ozone/hadoop-ozone/integration-test/target/test-dir/MiniOzoneClusterImpl-47c92df5-8859-41b8-9f26-037451183754/datanode-0/data-0/containers/hdds
2024-01-26 11:56:24,541 [0f734c5b-620a-4a31-a7a8-a1d45a227569-EndpointStateMachineTaskThread-/0.0.0.0:15037-0 ] INFO  volume.ThrottledAsyncChecker (ThrottledAsyncChecker.java:schedule(141)) - Scheduling a check for /home/runner/work/ozone/ozone/hadoop-ozone/integration-test/target/test-dir/MiniOzoneClusterImpl-47c92df5-8859-41b8-9f26-037451183754/datanode-0/data/ratis
2024-01-26 11:56:24,542 [0f734c5b-620a-4a31-a7a8-a1d45a227569-EndpointStateMachineTaskThread-/0.0.0.0:15037-0 ] INFO  volume.StorageVolumeChecker (StorageVolumeChecker.java:checkAllVolumes(218)) - Scheduled health check for volume /home/runner/work/ozone/ozone/hadoop-ozone/integration-test/target/test-dir/MiniOzoneClusterImpl-47c92df5-8859-41b8-9f26-037451183754/datanode-0/data/ratis
2024-01-26 11:56:24,542 [0f734c5b-620a-4a31-a7a8-a1d45a227569-EndpointStateMachineTaskThread-/0.0.0.0:15037-0 ] INFO  ozoneimpl.OzoneContainer (OzoneContainer.java:start(457)) - Attempting to start container services.
2024-01-26 11:56:24,542 [0f734c5b-620a-4a31-a7a8-a1d45a227569-EndpointStateMachineTaskThread-/0.0.0.0:15037-0 ] INFO  ozoneimpl.OzoneContainer (OzoneContainer.java:startContainerScrub(339)) - Scheduled background container scanners and the on-demand container scanner have been disabled.
2024-01-26 11:56:24,545 [0f734c5b-620a-4a31-a7a8-a1d45a227569-EndpointStateMachineTaskThread-/0.0.0.0:15037-0 ] INFO  replication.ReplicationServer (ReplicationServer.java:start(139)) - ReplicationServer is started using port 15051
2024-01-26 11:56:24,545 [0f734c5b-620a-4a31-a7a8-a1d45a227569-EndpointStateMachineTaskThread-/0.0.0.0:15037-0 ] INFO  ratis.XceiverServerRatis (XceiverServerRatis.java:start(549)) - Starting XceiverServerRatis 0f734c5b-620a-4a31-a7a8-a1d45a227569
2024-01-26 11:56:24,545 [0f734c5b-620a-4a31-a7a8-a1d45a227569-EndpointStateMachineTaskThread-/0.0.0.0:15037-0 ] INFO  server.RaftServer (RaftServerProxy.java:startImpl(406)) - 0f734c5b-620a-4a31-a7a8-a1d45a227569: start RPC server
2024-01-26 11:56:24,547 [0f734c5b-620a-4a31-a7a8-a1d45a227569-EndpointStateMachineTaskThread-/0.0.0.0:15037-0 ] INFO  server.GrpcService (GrpcService.java:startImpl(302)) - 0f734c5b-620a-4a31-a7a8-a1d45a227569: GrpcService started, listening on 15047
2024-01-26 11:56:24,557 [0f734c5b-620a-4a31-a7a8-a1d45a227569-EndpointStateMachineTaskThread-/0.0.0.0:15037-0 ] INFO  server.GrpcService (GrpcService.java:startImpl(302)) - 0f734c5b-620a-4a31-a7a8-a1d45a227569: GrpcService started, listening on 15049
2024-01-26 11:56:24,558 [0f734c5b-620a-4a31-a7a8-a1d45a227569-EndpointStateMachineTaskThread-/0.0.0.0:15037-0 ] INFO  server.GrpcService (GrpcService.java:startImpl(302)) - 0f734c5b-620a-4a31-a7a8-a1d45a227569: GrpcService started, listening on 15048
2024-01-26 11:56:24,558 [0f734c5b-620a-4a31-a7a8-a1d45a227569-EndpointStateMachineTaskThread-/0.0.0.0:15037-0 ] INFO  ratis.XceiverServerRatis (XceiverServerRatis.java:getRealPort(575)) - XceiverServerRatis 0f734c5b-620a-4a31-a7a8-a1d45a227569 is started using port 15047 for RATIS
2024-01-26 11:56:24,558 [0f734c5b-620a-4a31-a7a8-a1d45a227569-EndpointStateMachineTaskThread-/0.0.0.0:15037-0 ] INFO  ratis.XceiverServerRatis (XceiverServerRatis.java:getRealPort(575)) - XceiverServerRatis 0f734c5b-620a-4a31-a7a8-a1d45a227569 is started using port 15048 for RATIS_ADMIN
2024-01-26 11:56:24,558 [JvmPauseMonitor7] INFO  util.JvmPauseMonitor (JvmPauseMonitor.java:run(146)) - JvmPauseMonitor-0f734c5b-620a-4a31-a7a8-a1d45a227569: Started
2024-01-26 11:56:24,558 [0f734c5b-620a-4a31-a7a8-a1d45a227569-EndpointStateMachineTaskThread-/0.0.0.0:15037-0 ] INFO  ratis.XceiverServerRatis (XceiverServerRatis.java:getRealPort(575)) - XceiverServerRatis 0f734c5b-620a-4a31-a7a8-a1d45a227569 is started using port 15049 for RATIS_SERVER
2024-01-26 11:56:24,558 [0f734c5b-620a-4a31-a7a8-a1d45a227569-EndpointStateMachineTaskThread-/0.0.0.0:15037-0 ] INFO  ratis.XceiverServerRatis (XceiverServerRatis.java:getRealPort(575)) - XceiverServerRatis 0f734c5b-620a-4a31-a7a8-a1d45a227569 is started using port 15050 for RATIS_DATASTREAM
2024-01-26 11:56:24,565 [0f734c5b-620a-4a31-a7a8-a1d45a227569-BlockDeletingService#0] INFO  interfaces.ContainerDeletionChoosingPolicyTemplate (ContainerDeletionChoosingPolicyTemplate.java:chooseContainerForBlockDeletion(85)) - Chosen 0/5000 blocks from 0 candidate containers.
2024-01-26 11:56:24,633 [9cb68909-d63b-4c8c-a8c2-d1f5498e35c0-EndpointStateMachineTaskThread-/0.0.0.0:15037-0 ] INFO  utils.DatanodeStoreCache (DatanodeStoreCache.java:addDB(72)) - Added db /home/runner/work/ozone/ozone/hadoop-ozone/integration-test/target/test-dir/MiniOzoneClusterImpl-47c92df5-8859-41b8-9f26-037451183754/datanode-1/data-0/containers/hdds/47c92df5-8859-41b8-9f26-037451183754/DS-3fa24114-ab61-4899-85b7-ea6a4c7cce67/container.db to cache
2024-01-26 11:56:24,633 [9cb68909-d63b-4c8c-a8c2-d1f5498e35c0-EndpointStateMachineTaskThread-/0.0.0.0:15037-0 ] INFO  volume.HddsVolume (HddsVolume.java:createDbStore(420)) - SchemaV3 db is created and loaded at /home/runner/work/ozone/ozone/hadoop-ozone/integration-test/target/test-dir/MiniOzoneClusterImpl-47c92df5-8859-41b8-9f26-037451183754/datanode-1/data-0/containers/hdds/47c92df5-8859-41b8-9f26-037451183754/DS-3fa24114-ab61-4899-85b7-ea6a4c7cce67/container.db for volume DS-3fa24114-ab61-4899-85b7-ea6a4c7cce67
2024-01-26 11:56:24,635 [9cb68909-d63b-4c8c-a8c2-d1f5498e35c0-EndpointStateMachineTaskThread-/0.0.0.0:15037-0 ] INFO  volume.ThrottledAsyncChecker (ThrottledAsyncChecker.java:schedule(141)) - Scheduling a check for /home/runner/work/ozone/ozone/hadoop-ozone/integration-test/target/test-dir/MiniOzoneClusterImpl-47c92df5-8859-41b8-9f26-037451183754/datanode-1/data-0/containers/hdds
2024-01-26 11:56:24,635 [9cb68909-d63b-4c8c-a8c2-d1f5498e35c0-EndpointStateMachineTaskThread-/0.0.0.0:15037-0 ] INFO  volume.StorageVolumeChecker (StorageVolumeChecker.java:checkAllVolumes(218)) - Scheduled health check for volume /home/runner/work/ozone/ozone/hadoop-ozone/integration-test/target/test-dir/MiniOzoneClusterImpl-47c92df5-8859-41b8-9f26-037451183754/datanode-1/data-0/containers/hdds
2024-01-26 11:56:24,637 [9cb68909-d63b-4c8c-a8c2-d1f5498e35c0-EndpointStateMachineTaskThread-/0.0.0.0:15037-0 ] INFO  volume.ThrottledAsyncChecker (ThrottledAsyncChecker.java:schedule(141)) - Scheduling a check for /home/runner/work/ozone/ozone/hadoop-ozone/integration-test/target/test-dir/MiniOzoneClusterImpl-47c92df5-8859-41b8-9f26-037451183754/datanode-1/data/ratis
2024-01-26 11:56:24,637 [9cb68909-d63b-4c8c-a8c2-d1f5498e35c0-EndpointStateMachineTaskThread-/0.0.0.0:15037-0 ] INFO  volume.StorageVolumeChecker (StorageVolumeChecker.java:checkAllVolumes(218)) - Scheduled health check for volume /home/runner/work/ozone/ozone/hadoop-ozone/integration-test/target/test-dir/MiniOzoneClusterImpl-47c92df5-8859-41b8-9f26-037451183754/datanode-1/data/ratis
2024-01-26 11:56:24,639 [9cb68909-d63b-4c8c-a8c2-d1f5498e35c0-EndpointStateMachineTaskThread-/0.0.0.0:15037-0 ] INFO  ozoneimpl.OzoneContainer (OzoneContainer.java:start(457)) - Attempting to start container services.
2024-01-26 11:56:24,639 [9cb68909-d63b-4c8c-a8c2-d1f5498e35c0-EndpointStateMachineTaskThread-/0.0.0.0:15037-0 ] INFO  ozoneimpl.OzoneContainer (OzoneContainer.java:startContainerScrub(339)) - Scheduled background container scanners and the on-demand container scanner have been disabled.
2024-01-26 11:56:24,640 [9cb68909-d63b-4c8c-a8c2-d1f5498e35c0-EndpointStateMachineTaskThread-/0.0.0.0:15037-0 ] INFO  replication.ReplicationServer (ReplicationServer.java:start(139)) - ReplicationServer is started using port 15060
2024-01-26 11:56:24,640 [9cb68909-d63b-4c8c-a8c2-d1f5498e35c0-EndpointStateMachineTaskThread-/0.0.0.0:15037-0 ] INFO  ratis.XceiverServerRatis (XceiverServerRatis.java:start(549)) - Starting XceiverServerRatis 9cb68909-d63b-4c8c-a8c2-d1f5498e35c0
2024-01-26 11:56:24,641 [9cb68909-d63b-4c8c-a8c2-d1f5498e35c0-EndpointStateMachineTaskThread-/0.0.0.0:15037-0 ] INFO  server.RaftServer (RaftServerProxy.java:startImpl(406)) - 9cb68909-d63b-4c8c-a8c2-d1f5498e35c0: start RPC server
2024-01-26 11:56:24,642 [9cb68909-d63b-4c8c-a8c2-d1f5498e35c0-EndpointStateMachineTaskThread-/0.0.0.0:15037-0 ] INFO  server.GrpcService (GrpcService.java:startImpl(302)) - 9cb68909-d63b-4c8c-a8c2-d1f5498e35c0: GrpcService started, listening on 15056
2024-01-26 11:56:24,643 [9cb68909-d63b-4c8c-a8c2-d1f5498e35c0-EndpointStateMachineTaskThread-/0.0.0.0:15037-0 ] INFO  server.GrpcService (GrpcService.java:startImpl(302)) - 9cb68909-d63b-4c8c-a8c2-d1f5498e35c0: GrpcService started, listening on 15058
2024-01-26 11:56:24,644 [9cb68909-d63b-4c8c-a8c2-d1f5498e35c0-EndpointStateMachineTaskThread-/0.0.0.0:15037-0 ] INFO  server.GrpcService (GrpcService.java:startImpl(302)) - 9cb68909-d63b-4c8c-a8c2-d1f5498e35c0: GrpcService started, listening on 15057
2024-01-26 11:56:24,644 [9cb68909-d63b-4c8c-a8c2-d1f5498e35c0-EndpointStateMachineTaskThread-/0.0.0.0:15037-0 ] INFO  ratis.XceiverServerRatis (XceiverServerRatis.java:getRealPort(575)) - XceiverServerRatis 9cb68909-d63b-4c8c-a8c2-d1f5498e35c0 is started using port 15056 for RATIS
2024-01-26 11:56:24,644 [9cb68909-d63b-4c8c-a8c2-d1f5498e35c0-EndpointStateMachineTaskThread-/0.0.0.0:15037-0 ] INFO  ratis.XceiverServerRatis (XceiverServerRatis.java:getRealPort(575)) - XceiverServerRatis 9cb68909-d63b-4c8c-a8c2-d1f5498e35c0 is started using port 15057 for RATIS_ADMIN
2024-01-26 11:56:24,645 [9cb68909-d63b-4c8c-a8c2-d1f5498e35c0-EndpointStateMachineTaskThread-/0.0.0.0:15037-0 ] INFO  ratis.XceiverServerRatis (XceiverServerRatis.java:getRealPort(575)) - XceiverServerRatis 9cb68909-d63b-4c8c-a8c2-d1f5498e35c0 is started using port 15058 for RATIS_SERVER
2024-01-26 11:56:24,645 [9cb68909-d63b-4c8c-a8c2-d1f5498e35c0-EndpointStateMachineTaskThread-/0.0.0.0:15037-0 ] INFO  ratis.XceiverServerRatis (XceiverServerRatis.java:getRealPort(575)) - XceiverServerRatis 9cb68909-d63b-4c8c-a8c2-d1f5498e35c0 is started using port 15059 for RATIS_DATASTREAM
2024-01-26 11:56:24,644 [JvmPauseMonitor8] INFO  util.JvmPauseMonitor (JvmPauseMonitor.java:run(146)) - JvmPauseMonitor-9cb68909-d63b-4c8c-a8c2-d1f5498e35c0: Started
2024-01-26 11:56:24,649 [9cb68909-d63b-4c8c-a8c2-d1f5498e35c0-BlockDeletingService#0] INFO  interfaces.ContainerDeletionChoosingPolicyTemplate (ContainerDeletionChoosingPolicyTemplate.java:chooseContainerForBlockDeletion(85)) - Chosen 0/5000 blocks from 0 candidate containers.
2024-01-26 11:56:24,732 [Mini-Cluster-Provider-Create] INFO  ozone.MiniOzoneClusterImpl (MiniOzoneClusterImpl.java:lambda$waitForClusterToBeReady$0(229)) - Waiting for nodes to be ready. Got 0 of 3 DN Heartbeats.
2024-01-26 11:56:24,732 [Mini-Cluster-Provider-Create] INFO  ozone.MiniOzoneClusterImpl (MiniOzoneClusterImpl.java:lambda$waitForClusterToBeReady$0(232)) - Waiting for cluster to exit safe mode
2024-01-26 11:56:24,732 [Mini-Cluster-Provider-Create] INFO  ozone.MiniOzoneClusterImpl (MiniOzoneClusterImpl.java:lambda$waitForClusterToBeReady$0(234)) - SCM became leader
2024-01-26 11:56:24,754 [b514b48b-a23c-4b35-9087-6efcb4999551-EndpointStateMachineTaskThread-/0.0.0.0:15037-0 ] INFO  utils.DatanodeStoreCache (DatanodeStoreCache.java:addDB(72)) - Added db /home/runner/work/ozone/ozone/hadoop-ozone/integration-test/target/test-dir/MiniOzoneClusterImpl-47c92df5-8859-41b8-9f26-037451183754/datanode-2/data-0/containers/hdds/47c92df5-8859-41b8-9f26-037451183754/DS-ebee3a98-def0-46fd-8582-53cebdd03222/container.db to cache
2024-01-26 11:56:24,755 [b514b48b-a23c-4b35-9087-6efcb4999551-EndpointStateMachineTaskThread-/0.0.0.0:15037-0 ] INFO  volume.HddsVolume (HddsVolume.java:createDbStore(420)) - SchemaV3 db is created and loaded at /home/runner/work/ozone/ozone/hadoop-ozone/integration-test/target/test-dir/MiniOzoneClusterImpl-47c92df5-8859-41b8-9f26-037451183754/datanode-2/data-0/containers/hdds/47c92df5-8859-41b8-9f26-037451183754/DS-ebee3a98-def0-46fd-8582-53cebdd03222/container.db for volume DS-ebee3a98-def0-46fd-8582-53cebdd03222
2024-01-26 11:56:24,756 [b514b48b-a23c-4b35-9087-6efcb4999551-EndpointStateMachineTaskThread-/0.0.0.0:15037-0 ] INFO  volume.ThrottledAsyncChecker (ThrottledAsyncChecker.java:schedule(141)) - Scheduling a check for /home/runner/work/ozone/ozone/hadoop-ozone/integration-test/target/test-dir/MiniOzoneClusterImpl-47c92df5-8859-41b8-9f26-037451183754/datanode-2/data-0/containers/hdds
2024-01-26 11:56:24,756 [b514b48b-a23c-4b35-9087-6efcb4999551-EndpointStateMachineTaskThread-/0.0.0.0:15037-0 ] INFO  volume.StorageVolumeChecker (StorageVolumeChecker.java:checkAllVolumes(218)) - Scheduled health check for volume /home/runner/work/ozone/ozone/hadoop-ozone/integration-test/target/test-dir/MiniOzoneClusterImpl-47c92df5-8859-41b8-9f26-037451183754/datanode-2/data-0/containers/hdds
2024-01-26 11:56:24,758 [b514b48b-a23c-4b35-9087-6efcb4999551-EndpointStateMachineTaskThread-/0.0.0.0:15037-0 ] INFO  volume.ThrottledAsyncChecker (ThrottledAsyncChecker.java:schedule(141)) - Scheduling a check for /home/runner/work/ozone/ozone/hadoop-ozone/integration-test/target/test-dir/MiniOzoneClusterImpl-47c92df5-8859-41b8-9f26-037451183754/datanode-2/data/ratis
2024-01-26 11:56:24,758 [b514b48b-a23c-4b35-9087-6efcb4999551-EndpointStateMachineTaskThread-/0.0.0.0:15037-0 ] INFO  volume.StorageVolumeChecker (StorageVolumeChecker.java:checkAllVolumes(218)) - Scheduled health check for volume /home/runner/work/ozone/ozone/hadoop-ozone/integration-test/target/test-dir/MiniOzoneClusterImpl-47c92df5-8859-41b8-9f26-037451183754/datanode-2/data/ratis
2024-01-26 11:56:24,759 [b514b48b-a23c-4b35-9087-6efcb4999551-EndpointStateMachineTaskThread-/0.0.0.0:15037-0 ] INFO  ozoneimpl.OzoneContainer (OzoneContainer.java:start(457)) - Attempting to start container services.
2024-01-26 11:56:24,759 [b514b48b-a23c-4b35-9087-6efcb4999551-EndpointStateMachineTaskThread-/0.0.0.0:15037-0 ] INFO  ozoneimpl.OzoneContainer (OzoneContainer.java:startContainerScrub(339)) - Scheduled background container scanners and the on-demand container scanner have been disabled.
2024-01-26 11:56:24,760 [b514b48b-a23c-4b35-9087-6efcb4999551-EndpointStateMachineTaskThread-/0.0.0.0:15037-0 ] INFO  replication.ReplicationServer (ReplicationServer.java:start(139)) - ReplicationServer is started using port 15069
2024-01-26 11:56:24,761 [b514b48b-a23c-4b35-9087-6efcb4999551-EndpointStateMachineTaskThread-/0.0.0.0:15037-0 ] INFO  ratis.XceiverServerRatis (XceiverServerRatis.java:start(549)) - Starting XceiverServerRatis b514b48b-a23c-4b35-9087-6efcb4999551
2024-01-26 11:56:24,761 [b514b48b-a23c-4b35-9087-6efcb4999551-EndpointStateMachineTaskThread-/0.0.0.0:15037-0 ] INFO  server.RaftServer (RaftServerProxy.java:startImpl(406)) - b514b48b-a23c-4b35-9087-6efcb4999551: start RPC server
2024-01-26 11:56:24,762 [b514b48b-a23c-4b35-9087-6efcb4999551-EndpointStateMachineTaskThread-/0.0.0.0:15037-0 ] INFO  server.GrpcService (GrpcService.java:startImpl(302)) - b514b48b-a23c-4b35-9087-6efcb4999551: GrpcService started, listening on 15065
2024-01-26 11:56:24,763 [b514b48b-a23c-4b35-9087-6efcb4999551-EndpointStateMachineTaskThread-/0.0.0.0:15037-0 ] INFO  server.GrpcService (GrpcService.java:startImpl(302)) - b514b48b-a23c-4b35-9087-6efcb4999551: GrpcService started, listening on 15067
2024-01-26 11:56:24,764 [b514b48b-a23c-4b35-9087-6efcb4999551-EndpointStateMachineTaskThread-/0.0.0.0:15037-0 ] INFO  server.GrpcService (GrpcService.java:startImpl(302)) - b514b48b-a23c-4b35-9087-6efcb4999551: GrpcService started, listening on 15066
2024-01-26 11:56:24,764 [b514b48b-a23c-4b35-9087-6efcb4999551-EndpointStateMachineTaskThread-/0.0.0.0:15037-0 ] INFO  ratis.XceiverServerRatis (XceiverServerRatis.java:getRealPort(575)) - XceiverServerRatis b514b48b-a23c-4b35-9087-6efcb4999551 is started using port 15065 for RATIS
2024-01-26 11:56:24,764 [JvmPauseMonitor9] INFO  util.JvmPauseMonitor (JvmPauseMonitor.java:run(146)) - JvmPauseMonitor-b514b48b-a23c-4b35-9087-6efcb4999551: Started
2024-01-26 11:56:24,764 [b514b48b-a23c-4b35-9087-6efcb4999551-EndpointStateMachineTaskThread-/0.0.0.0:15037-0 ] INFO  ratis.XceiverServerRatis (XceiverServerRatis.java:getRealPort(575)) - XceiverServerRatis b514b48b-a23c-4b35-9087-6efcb4999551 is started using port 15066 for RATIS_ADMIN
2024-01-26 11:56:24,765 [b514b48b-a23c-4b35-9087-6efcb4999551-EndpointStateMachineTaskThread-/0.0.0.0:15037-0 ] INFO  ratis.XceiverServerRatis (XceiverServerRatis.java:getRealPort(575)) - XceiverServerRatis b514b48b-a23c-4b35-9087-6efcb4999551 is started using port 15067 for RATIS_SERVER
2024-01-26 11:56:24,765 [b514b48b-a23c-4b35-9087-6efcb4999551-EndpointStateMachineTaskThread-/0.0.0.0:15037-0 ] INFO  ratis.XceiverServerRatis (XceiverServerRatis.java:getRealPort(575)) - XceiverServerRatis b514b48b-a23c-4b35-9087-6efcb4999551 is started using port 15068 for RATIS_DATASTREAM
2024-01-26 11:56:24,766 [b514b48b-a23c-4b35-9087-6efcb4999551-BlockDeletingService#0] INFO  interfaces.ContainerDeletionChoosingPolicyTemplate (ContainerDeletionChoosingPolicyTemplate.java:chooseContainerForBlockDeletion(85)) - Chosen 0/5000 blocks from 0 candidate containers.
2024-01-26 11:56:25,292 [main] INFO  utils.DatanodeStoreCache (DatanodeStoreCache.java:shutdownCache(116)) - Skip clearing cache in mini cluster mode. Entries left: [/home/runner/work/ozone/ozone/hadoop-ozone/integration-test/target/test-dir/MiniOzoneClusterImpl-47c92df5-8859-41b8-9f26-037451183754/datanode-0/data-0/containers/hdds/47c92df5-8859-41b8-9f26-037451183754/DS-d0ad8b78-8d35-4f8d-8372-6e3abedb040d/container.db, /home/runner/work/ozone/ozone/hadoop-ozone/integration-test/target/test-dir/MiniOzoneClusterImpl-47c92df5-8859-41b8-9f26-037451183754/datanode-1/data-0/containers/hdds/47c92df5-8859-41b8-9f26-037451183754/DS-3fa24114-ab61-4899-85b7-ea6a4c7cce67/container.db, /home/runner/work/ozone/ozone/hadoop-ozone/integration-test/target/test-dir/MiniOzoneClusterImpl-47c92df5-8859-41b8-9f26-037451183754/datanode-2/data-0/containers/hdds/47c92df5-8859-41b8-9f26-037451183754/DS-ebee3a98-def0-46fd-8582-53cebdd03222/container.db, /home/runner/work/ozone/ozone/hadoop-ozone/integration-test/target/test-dir/MiniOzoneClusterImpl-b54bfeae-1ef8-4c1d-b639-09e56ef7dc0e/datanode-0/data-0/containers/hdds/b54bfeae-1ef8-4c1d-b639-09e56ef7dc0e/DS-4aff0b5b-4b4b-4fa2-be8c-8102c30a7104/container.db, /home/runner/work/ozone/ozone/hadoop-ozone/integration-test/target/test-dir/MiniOzoneClusterImpl-b54bfeae-1ef8-4c1d-b639-09e56ef7dc0e/datanode-1/data-0/containers/hdds/b54bfeae-1ef8-4c1d-b639-09e56ef7dc0e/DS-d90347c2-38b8-4a4d-8fb8-0f81852325c8/container.db, /home/runner/work/ozone/ozone/hadoop-ozone/integration-test/target/test-dir/MiniOzoneClusterImpl-b54bfeae-1ef8-4c1d-b639-09e56ef7dc0e/datanode-2/data-0/containers/hdds/b54bfeae-1ef8-4c1d-b639-09e56ef7dc0e/DS-741ed83f-3865-455f-a440-1e5d21d11166/container.db]
2024-01-26 11:56:25,298 [main] INFO  utils.DatanodeStoreCache (DatanodeStoreCache.java:removeDB(110)) - Removed db /home/runner/work/ozone/ozone/hadoop-ozone/integration-test/target/test-dir/MiniOzoneClusterImpl-b54bfeae-1ef8-4c1d-b639-09e56ef7dc0e/datanode-0/data-0/containers/hdds/b54bfeae-1ef8-4c1d-b639-09e56ef7dc0e/DS-4aff0b5b-4b4b-4fa2-be8c-8102c30a7104/container.db from cache
2024-01-26 11:56:25,298 [main] INFO  volume.HddsVolume (HddsVolume.java:closeDbStore(451)) - SchemaV3 db is stopped at /home/runner/work/ozone/ozone/hadoop-ozone/integration-test/target/test-dir/MiniOzoneClusterImpl-b54bfeae-1ef8-4c1d-b639-09e56ef7dc0e/datanode-0/data-0/containers/hdds/b54bfeae-1ef8-4c1d-b639-09e56ef7dc0e/DS-4aff0b5b-4b4b-4fa2-be8c-8102c30a7104/container.db for volume DS-4aff0b5b-4b4b-4fa2-be8c-8102c30a7104
2024-01-26 11:56:25,299 [main] INFO  utils.BackgroundService (BackgroundService.java:shutdown(160)) - Shutting down service BlockDeletingService
2024-01-26 11:56:25,300 [main] INFO  utils.BackgroundService (BackgroundService.java:shutdown(160)) - Shutting down service StaleRecoveringContainerScrubbingService
2024-01-26 11:56:25,304 [main] INFO  statemachine.DatanodeStateMachine (DatanodeStateMachine.java:stopDaemon(638)) - Ozone container server stopped.
2024-01-26 11:56:25,308 [main] INFO  handler.ContextHandler (ContextHandler.java:doStop(1159)) - Stopped o.e.j.w.WebAppContext@6f441039{hddsDatanode,/,null,STOPPED}{jar:file:/home/runner/.m2/repository/org/apache/ozone/hdds-container-service/1.5.0-SNAPSHOT/hdds-container-service-1.5.0-SNAPSHOT.jar!/webapps/hddsDatanode}
2024-01-26 11:56:25,310 [main] INFO  server.AbstractConnector (AbstractConnector.java:doStop(383)) - Stopped ServerConnector@6fee0fe2{HTTP/1.1, (http/1.1)}{0.0.0.0:15009}
2024-01-26 11:56:25,310 [main] INFO  server.session (HouseKeeper.java:stopScavenging(149)) - node0 Stopped scavenging
2024-01-26 11:56:25,313 [main] INFO  handler.ContextHandler (ContextHandler.java:doStop(1159)) - Stopped o.e.j.s.ServletContextHandler@57933bb2{static,/static,jar:file:/home/runner/.m2/repository/org/apache/ozone/hdds-container-service/1.5.0-SNAPSHOT/hdds-container-service-1.5.0-SNAPSHOT.jar!/webapps/static,STOPPED}
2024-01-26 11:56:25,314 [main] INFO  handler.ContextHandler (ContextHandler.java:doStop(1159)) - Stopped o.e.j.s.ServletContextHandler@9f726d3{logs,/logs,file:///home/runner/work/ozone/ozone/hadoop-ozone/integration-test/target/log,STOPPED}
2024-01-26 11:56:25,316 [main] INFO  ozone.HddsDatanodeClientProtocolServer (HddsDatanodeClientProtocolServer.java:stop(78)) - Stopping the RPC server for Client Protocol
2024-01-26 11:56:25,318 [main] INFO  ipc.Server (Server.java:stop(3523)) - Stopping server on 15010
2024-01-26 11:56:25,319 [IPC Server listener on 15010] INFO  ipc.Server (Server.java:run(1434)) - Stopping IPC Server listener on 15010
2024-01-26 11:56:25,320 [IPC Server Responder] INFO  ipc.Server (Server.java:run(1567)) - Stopping IPC Server Responder
2024-01-26 11:56:25,327 [main] INFO  ozoneimpl.OzoneContainer (OzoneContainer.java:stop(479)) - Attempting to stop container services.
2024-01-26 11:56:25,327 [main] INFO  server.RaftServer (RaftServerProxy.java:lambda$close$9(416)) - 5c737fdf-f228-4231-bbf6-1cc383ec73d2: close
2024-01-26 11:56:25,328 [5c737fdf-f228-4231-bbf6-1cc383ec73d2-impl-thread1] INFO  server.RaftServer$Division (RaftServerImpl.java:lambda$close$3(526)) - 5c737fdf-f228-4231-bbf6-1cc383ec73d2@group-3E098637A30D: shutdown
2024-01-26 11:56:25,328 [5c737fdf-f228-4231-bbf6-1cc383ec73d2-impl-thread1] INFO  util.JmxRegister (JmxRegister.java:unregister(73)) - Successfully un-registered JMX Bean with object name Ratis:service=RaftServer,group=group-3E098637A30D,id=5c737fdf-f228-4231-bbf6-1cc383ec73d2
2024-01-26 11:56:25,328 [main] INFO  server.GrpcService (GrpcService.java:closeImpl(311)) - 5c737fdf-f228-4231-bbf6-1cc383ec73d2: shutdown server org.apache.ratis.grpc.server.GrpcClientProtocolService now
2024-01-26 11:56:25,328 [5c737fdf-f228-4231-bbf6-1cc383ec73d2-impl-thread2] INFO  server.RaftServer$Division (RaftServerImpl.java:lambda$close$3(526)) - 5c737fdf-f228-4231-bbf6-1cc383ec73d2@group-342F2AF39FD7: shutdown
2024-01-26 11:56:25,328 [5c737fdf-f228-4231-bbf6-1cc383ec73d2-impl-thread1] INFO  impl.RoleInfo (RoleInfo.java:shutdownLeaderState(94)) - 5c737fdf-f228-4231-bbf6-1cc383ec73d2: shutdown 5c737fdf-f228-4231-bbf6-1cc383ec73d2@group-3E098637A30D-LeaderStateImpl
2024-01-26 11:56:25,328 [5c737fdf-f228-4231-bbf6-1cc383ec73d2-impl-thread3] INFO  server.RaftServer$Division (RaftServerImpl.java:lambda$close$3(526)) - 5c737fdf-f228-4231-bbf6-1cc383ec73d2@group-CB413AA61FBB: shutdown
2024-01-26 11:56:25,329 [5c737fdf-f228-4231-bbf6-1cc383ec73d2-impl-thread3] INFO  util.JmxRegister (JmxRegister.java:unregister(73)) - Successfully un-registered JMX Bean with object name Ratis:service=RaftServer,group=group-CB413AA61FBB,id=5c737fdf-f228-4231-bbf6-1cc383ec73d2
2024-01-26 11:56:25,329 [5c737fdf-f228-4231-bbf6-1cc383ec73d2-impl-thread3] INFO  impl.RoleInfo (RoleInfo.java:shutdownFollowerState(110)) - 5c737fdf-f228-4231-bbf6-1cc383ec73d2: shutdown 5c737fdf-f228-4231-bbf6-1cc383ec73d2@group-CB413AA61FBB-FollowerState
2024-01-26 11:56:25,329 [5c737fdf-f228-4231-bbf6-1cc383ec73d2-impl-thread3] INFO  impl.StateMachineUpdater (StateMachineUpdater.java:stopAndJoin(157)) - 5c737fdf-f228-4231-bbf6-1cc383ec73d2@group-CB413AA61FBB-StateMachineUpdater: set stopIndex = -1
2024-01-26 11:56:25,329 [main] INFO  server.GrpcService (GrpcService.java:closeImpl(320)) - 5c737fdf-f228-4231-bbf6-1cc383ec73d2: shutdown server org.apache.ratis.grpc.server.GrpcClientProtocolService successfully
2024-01-26 11:56:25,329 [main] INFO  server.GrpcService (GrpcService.java:closeImpl(311)) - 5c737fdf-f228-4231-bbf6-1cc383ec73d2: shutdown server GrpcServerProtocolService now
2024-01-26 11:56:25,328 [5c737fdf-f228-4231-bbf6-1cc383ec73d2-impl-thread2] INFO  util.JmxRegister (JmxRegister.java:unregister(73)) - Successfully un-registered JMX Bean with object name Ratis:service=RaftServer,group=group-342F2AF39FD7,id=5c737fdf-f228-4231-bbf6-1cc383ec73d2
2024-01-26 11:56:25,329 [5c737fdf-f228-4231-bbf6-1cc383ec73d2-impl-thread2] INFO  impl.RoleInfo (RoleInfo.java:shutdownFollowerState(110)) - 5c737fdf-f228-4231-bbf6-1cc383ec73d2: shutdown 5c737fdf-f228-4231-bbf6-1cc383ec73d2@group-342F2AF39FD7-FollowerState
2024-01-26 11:56:25,329 [5c737fdf-f228-4231-bbf6-1cc383ec73d2-impl-thread2] INFO  impl.StateMachineUpdater (StateMachineUpdater.java:stopAndJoin(157)) - 5c737fdf-f228-4231-bbf6-1cc383ec73d2@group-342F2AF39FD7-StateMachineUpdater: set stopIndex = 0
2024-01-26 11:56:25,329 [5c737fdf-f228-4231-bbf6-1cc383ec73d2-impl-thread3] INFO  server.RaftServer$Division (ServerState.java:close(427)) - 5c737fdf-f228-4231-bbf6-1cc383ec73d2@group-CB413AA61FBB: applyIndex: -1
2024-01-26 11:56:25,329 [5c737fdf-f228-4231-bbf6-1cc383ec73d2@group-CB413AA61FBB-FollowerState] INFO  impl.FollowerState (FollowerState.java:run(152)) - 5c737fdf-f228-4231-bbf6-1cc383ec73d2@group-CB413AA61FBB-FollowerState was interrupted
2024-01-26 11:56:25,328 [5c737fdf-f228-4231-bbf6-1cc383ec73d2-impl-thread1] INFO  impl.PendingRequests (PendingRequests.java:sendNotLeaderResponses(289)) - 5c737fdf-f228-4231-bbf6-1cc383ec73d2@group-3E098637A30D-PendingRequests: sendNotLeaderResponses
2024-01-26 11:56:25,332 [5c737fdf-f228-4231-bbf6-1cc383ec73d2@group-CB413AA61FBB-cacheEviction-AwaitToRun] INFO  util.AwaitToRun (AwaitToRun.java:run(49)) - 5c737fdf-f228-4231-bbf6-1cc383ec73d2@group-CB413AA61FBB-cacheEviction-AwaitToRun-AwaitForSignal is interrupted
2024-01-26 11:56:25,332 [5c737fdf-f228-4231-bbf6-1cc383ec73d2@group-342F2AF39FD7-StateMachineUpdater] INFO  ratis.ContainerStateMachine (ContainerStateMachine.java:takeSnapshot(355)) - group-342F2AF39FD7: Taking a snapshot at:(t:1, i:0) file /home/runner/work/ozone/ozone/hadoop-ozone/integration-test/target/test-dir/MiniOzoneClusterImpl-b54bfeae-1ef8-4c1d-b639-09e56ef7dc0e/datanode-1/data/ratis/89cbe570-fc20-4065-982c-342f2af39fd7/sm/snapshot.1_0
2024-01-26 11:56:25,332 [5c737fdf-f228-4231-bbf6-1cc383ec73d2-impl-thread1] INFO  impl.StateMachineUpdater (StateMachineUpdater.java:stopAndJoin(157)) - 5c737fdf-f228-4231-bbf6-1cc383ec73d2@group-3E098637A30D-StateMachineUpdater: set stopIndex = 0
2024-01-26 11:56:25,334 [5c737fdf-f228-4231-bbf6-1cc383ec73d2@group-3E098637A30D-StateMachineUpdater] INFO  ratis.ContainerStateMachine (ContainerStateMachine.java:takeSnapshot(355)) - group-3E098637A30D: Taking a snapshot at:(t:1, i:0) file /home/runner/work/ozone/ozone/hadoop-ozone/integration-test/target/test-dir/MiniOzoneClusterImpl-b54bfeae-1ef8-4c1d-b639-09e56ef7dc0e/datanode-1/data/ratis/39f03c89-330a-44bd-ae6f-3e098637a30d/sm/snapshot.1_0
2024-01-26 11:56:25,334 [5c737fdf-f228-4231-bbf6-1cc383ec73d2@group-342F2AF39FD7-FollowerState] INFO  impl.FollowerState (FollowerState.java:run(152)) - 5c737fdf-f228-4231-bbf6-1cc383ec73d2@group-342F2AF39FD7-FollowerState was interrupted
2024-01-26 11:56:25,335 [5c737fdf-f228-4231-bbf6-1cc383ec73d2@group-342F2AF39FD7-StateMachineUpdater] INFO  ratis.ContainerStateMachine (ContainerStateMachine.java:takeSnapshot(366)) - group-342F2AF39FD7: Finished taking a snapshot at:(t:1, i:0) file:/home/runner/work/ozone/ozone/hadoop-ozone/integration-test/target/test-dir/MiniOzoneClusterImpl-b54bfeae-1ef8-4c1d-b639-09e56ef7dc0e/datanode-1/data/ratis/89cbe570-fc20-4065-982c-342f2af39fd7/sm/snapshot.1_0 took: 2 ms
2024-01-26 11:56:25,335 [5c737fdf-f228-4231-bbf6-1cc383ec73d2@group-342F2AF39FD7-StateMachineUpdater] INFO  impl.StateMachineUpdater (StateMachineUpdater.java:takeSnapshot(295)) - 5c737fdf-f228-4231-bbf6-1cc383ec73d2@group-342F2AF39FD7-StateMachineUpdater: Took a snapshot at index 0
2024-01-26 11:56:25,335 [5c737fdf-f228-4231-bbf6-1cc383ec73d2@group-3E098637A30D-StateMachineUpdater] INFO  ratis.ContainerStateMachine (ContainerStateMachine.java:takeSnapshot(366)) - group-3E098637A30D: Finished taking a snapshot at:(t:1, i:0) file:/home/runner/work/ozone/ozone/hadoop-ozone/integration-test/target/test-dir/MiniOzoneClusterImpl-b54bfeae-1ef8-4c1d-b639-09e56ef7dc0e/datanode-1/data/ratis/39f03c89-330a-44bd-ae6f-3e098637a30d/sm/snapshot.1_0 took: 2 ms
2024-01-26 11:56:25,335 [5c737fdf-f228-4231-bbf6-1cc383ec73d2@group-342F2AF39FD7-StateMachineUpdater] INFO  impl.StateMachineUpdater (StateMachineUpdater.java:lambda$new$0(98)) - 5c737fdf-f228-4231-bbf6-1cc383ec73d2@group-342F2AF39FD7-StateMachineUpdater: snapshotIndex: updateIncreasingly -1 -> 0
2024-01-26 11:56:25,335 [5c737fdf-f228-4231-bbf6-1cc383ec73d2@group-3E098637A30D-StateMachineUpdater] INFO  impl.StateMachineUpdater (StateMachineUpdater.java:takeSnapshot(295)) - 5c737fdf-f228-4231-bbf6-1cc383ec73d2@group-3E098637A30D-StateMachineUpdater: Took a snapshot at index 0
2024-01-26 11:56:25,335 [5c737fdf-f228-4231-bbf6-1cc383ec73d2@group-3E098637A30D-StateMachineUpdater] INFO  impl.StateMachineUpdater (StateMachineUpdater.java:lambda$new$0(98)) - 5c737fdf-f228-4231-bbf6-1cc383ec73d2@group-3E098637A30D-StateMachineUpdater: snapshotIndex: updateIncreasingly -1 -> 0
2024-01-26 11:56:25,336 [5c737fdf-f228-4231-bbf6-1cc383ec73d2-impl-thread1] INFO  server.RaftServer$Division (ServerState.java:close(427)) - 5c737fdf-f228-4231-bbf6-1cc383ec73d2@group-3E098637A30D: applyIndex: 0
2024-01-26 11:56:25,336 [5c737fdf-f228-4231-bbf6-1cc383ec73d2-impl-thread2] INFO  server.RaftServer$Division (ServerState.java:close(427)) - 5c737fdf-f228-4231-bbf6-1cc383ec73d2@group-342F2AF39FD7: applyIndex: 0
2024-01-26 11:56:25,336 [grpc-default-executor-3] WARN  server.GrpcLogAppender (LogUtils.java:warn(121)) - 5052cfc4-081a-46ed-8261-0b7a8ad7db0a@group-342F2AF39FD7->5c737fdf-f228-4231-bbf6-1cc383ec73d2-AppendLogResponseHandler: Failed appendEntries: org.apache.ratis.thirdparty.io.grpc.StatusRuntimeException: CANCELLED: RST_STREAM closed stream. HTTP/2 error code: CANCEL
2024-01-26 11:56:25,337 [grpc-default-executor-3] WARN  server.GrpcLogAppender (GrpcLogAppender.java:lambda$resetClient$1(217)) - 5052cfc4-081a-46ed-8261-0b7a8ad7db0a@group-342F2AF39FD7->5c737fdf-f228-4231-bbf6-1cc383ec73d2-GrpcLogAppender: Follower failed (request=null, errorCount=1); keep nextIndex (1) unchanged and retry.
2024-01-26 11:56:25,337 [5c737fdf-f228-4231-bbf6-1cc383ec73d2@group-3E098637A30D-cacheEviction-AwaitToRun] INFO  util.AwaitToRun (AwaitToRun.java:run(49)) - 5c737fdf-f228-4231-bbf6-1cc383ec73d2@group-3E098637A30D-cacheEviction-AwaitToRun-AwaitForSignal is interrupted
2024-01-26 11:56:25,337 [grpc-default-executor-2] WARN  server.GrpcServerProtocolService (LogUtils.java:warn(121)) - 5c737fdf-f228-4231-bbf6-1cc383ec73d2: APPEND_ENTRIES onError, lastRequest: null: org.apache.ratis.thirdparty.io.grpc.StatusRuntimeException: CANCELLED: client cancelled
2024-01-26 11:56:25,337 [5c737fdf-f228-4231-bbf6-1cc383ec73d2@group-342F2AF39FD7-cacheEviction-AwaitToRun] INFO  util.AwaitToRun (AwaitToRun.java:run(49)) - 5c737fdf-f228-4231-bbf6-1cc383ec73d2@group-342F2AF39FD7-cacheEviction-AwaitToRun-AwaitForSignal is interrupted
2024-01-26 11:56:25,338 [main] INFO  server.GrpcService (GrpcService.java:closeImpl(320)) - 5c737fdf-f228-4231-bbf6-1cc383ec73d2: shutdown server GrpcServerProtocolService successfully
2024-01-26 11:56:25,338 [main] INFO  server.GrpcService (GrpcService.java:closeImpl(311)) - 5c737fdf-f228-4231-bbf6-1cc383ec73d2: shutdown server org.apache.ratis.grpc.server.GrpcAdminProtocolService now
2024-01-26 11:56:25,340 [main] INFO  server.GrpcService (GrpcService.java:closeImpl(320)) - 5c737fdf-f228-4231-bbf6-1cc383ec73d2: shutdown server org.apache.ratis.grpc.server.GrpcAdminProtocolService successfully
2024-01-26 11:56:25,341 [grpc-default-executor-3] WARN  server.GrpcServerProtocolService (LogUtils.java:warn(121)) - 5c737fdf-f228-4231-bbf6-1cc383ec73d2: APPEND_ENTRIES onError, lastRequest: 5052cfc4-081a-46ed-8261-0b7a8ad7db0a->5c737fdf-f228-4231-bbf6-1cc383ec73d2#1-t1,previous=(t:0, i:0),leaderCommit=-1,initializing? false,entries: size=1, first=(t:1, i:0), CONFIGURATIONENTRY(current:id: "5c737fdf-f228-4231-bbf6-1cc383ec73d2"
address: "10.1.0.50:15023"
dataStreamAddress: "10.1.0.50:15024"
clientAddress: "10.1.0.50:15021"
adminAddress: "10.1.0.50:15022"
startupRole: FOLLOWER
,id: "5052cfc4-081a-46ed-8261-0b7a8ad7db0a"
address: "10.1.0.50:15032"
priority: 1
dataStreamAddress: "10.1.0.50:15033"
clientAddress: "10.1.0.50:15030"
adminAddress: "10.1.0.50:15031"
startupRole: FOLLOWER
,id: "5e57565a-2fac-4b31-b24f-016e073e3d73"
address: "10.1.0.50:15014"
dataStreamAddress: "10.1.0.50:15015"
clientAddress: "10.1.0.50:15012"
adminAddress: "10.1.0.50:15013"
startupRole: FOLLOWER
, old:): org.apache.ratis.thirdparty.io.grpc.StatusRuntimeException: CANCELLED: client cancelled
2024-01-26 11:56:25,344 [5c737fdf-f228-4231-bbf6-1cc383ec73d2-NettyServerStreamRpc-bossGroup--thread1] INFO  logging.LoggingHandler (AbstractInternalLogger.java:log(148)) - [id: 0xdfc58267, L:/0.0.0.0:15024] CLOSE
2024-01-26 11:56:25,344 [5c737fdf-f228-4231-bbf6-1cc383ec73d2-NettyServerStreamRpc-bossGroup--thread1] INFO  logging.LoggingHandler (AbstractInternalLogger.java:log(148)) - [id: 0xdfc58267, L:/0.0.0.0:15024] INACTIVE
2024-01-26 11:56:25,344 [5c737fdf-f228-4231-bbf6-1cc383ec73d2-NettyServerStreamRpc-bossGroup--thread1] INFO  logging.LoggingHandler (AbstractInternalLogger.java:log(148)) - [id: 0xdfc58267, L:/0.0.0.0:15024] UNREGISTERED
2024-01-26 11:56:25,482 [5c737fdf-f228-4231-bbf6-1cc383ec73d2-impl-thread2] INFO  segmented.SegmentedRaftLogWorker (SegmentedRaftLogWorker.java:close(245)) - 5c737fdf-f228-4231-bbf6-1cc383ec73d2@group-342F2AF39FD7-SegmentedRaftLogWorker close()
2024-01-26 11:56:25,732 [Mini-Cluster-Provider-Create] INFO  ozone.MiniOzoneClusterImpl (MiniOzoneClusterImpl.java:lambda$waitForClusterToBeReady$0(229)) - Waiting for nodes to be ready. Got 0 of 3 DN Heartbeats.
2024-01-26 11:56:25,732 [Mini-Cluster-Provider-Create] INFO  ozone.MiniOzoneClusterImpl (MiniOzoneClusterImpl.java:lambda$waitForClusterToBeReady$0(232)) - Waiting for cluster to exit safe mode
2024-01-26 11:56:25,732 [Mini-Cluster-Provider-Create] INFO  ozone.MiniOzoneClusterImpl (MiniOzoneClusterImpl.java:lambda$waitForClusterToBeReady$0(234)) - SCM became leader
2024-01-26 11:56:25,970 [5c737fdf-f228-4231-bbf6-1cc383ec73d2-impl-thread3] INFO  segmented.SegmentedRaftLogWorker (SegmentedRaftLogWorker.java:close(245)) - 5c737fdf-f228-4231-bbf6-1cc383ec73d2@group-CB413AA61FBB-SegmentedRaftLogWorker close()
2024-01-26 11:56:26,228 [5c737fdf-f228-4231-bbf6-1cc383ec73d2-impl-thread1] INFO  segmented.SegmentedRaftLogWorker (SegmentedRaftLogWorker.java:close(245)) - 5c737fdf-f228-4231-bbf6-1cc383ec73d2@group-3E098637A30D-SegmentedRaftLogWorker close()
2024-01-26 11:56:26,229 [JvmPauseMonitor3] INFO  util.JvmPauseMonitor (JvmPauseMonitor.java:run(152)) - JvmPauseMonitor-5c737fdf-f228-4231-bbf6-1cc383ec73d2: Stopped
2024-01-26 11:56:26,509 [IPC Server handler 3 on default port 15037] INFO  net.NetworkTopologyImpl (NetworkTopologyImpl.java:add(124)) - Added a new node: /default-rack/0f734c5b-620a-4a31-a7a8-a1d45a227569
2024-01-26 11:56:26,510 [IPC Server handler 3 on default port 15037] INFO  node.SCMNodeManager (SCMNodeManager.java:register(421)) - Registered datanode: 0f734c5b-620a-4a31-a7a8-a1d45a227569{ip: 10.1.0.50, host: fv-az1250-627, ports: [HTTP=15044, CLIENT_RPC=15045, REPLICATION=15051, RATIS=15047, RATIS_ADMIN=15048, RATIS_SERVER=15049, RATIS_DATASTREAM=15050, STANDALONE=15046], networkLocation: /default-rack, certSerialId: null, persistedOpState: null, persistedOpStateExpiryEpochSec: 0}
2024-01-26 11:56:26,512 [EventQueue-NodeRegistrationContainerReportForDataNodeSafeModeRule] INFO  safemode.SCMSafeModeManager (DataNodeSafeModeRule.java:process(71)) - SCM in safe mode. 1 DataNodes registered, 3 required.
2024-01-26 11:56:26,512 [EventQueue-NodeRegistrationContainerReportForContainerSafeModeRule] INFO  safemode.SCMSafeModeManager (SCMSafeModeManager.java:validateSafeModeExitRules(200)) - ContainerSafeModeRule rule is successfully validated
2024-01-26 11:56:26,513 [EventQueue-PipelineReportForOneReplicaPipelineSafeModeRule] INFO  safemode.SCMSafeModeManager (SCMSafeModeManager.java:validateSafeModeExitRules(200)) - AtleastOneDatanodeReportedRule rule is successfully validated
2024-01-26 11:56:26,514 [EventQueue-NewNodeForNewNodeHandler] INFO  pipeline.BackgroundPipelineCreator (BackgroundPipelineCreator.java:notifyEventTriggered(280)) - trigger a one-shot run on RatisPipelineUtilsThread.
2024-01-26 11:56:26,515 [RatisPipelineUtilsThread-0] INFO  pipeline.RatisPipelineProvider (RatisPipelineProvider.java:lambda$create$0(206)) - Sending CreatePipelineCommand for pipeline:PipelineID=17589509-4de3-43f7-b139-f8e872da5d61 to datanode:0f734c5b-620a-4a31-a7a8-a1d45a227569
2024-01-26 11:56:26,516 [RatisPipelineUtilsThread-0] INFO  pipeline.BackgroundPipelineCreator (BackgroundPipelineCreator.java:createPipelines(236)) - Created new pipeline Pipeline[ Id: 17589509-4de3-43f7-b139-f8e872da5d61, Nodes: 0f734c5b-620a-4a31-a7a8-a1d45a227569(fv-az1250-627/10.1.0.50), ReplicationConfig: RATIS/ONE, State:ALLOCATED, leaderId:, CreationTimestamp2024-01-26T11:56:26.515Z[Etc/UTC]]
2024-01-26 11:56:26,613 [IPC Server handler 1 on default port 15037] INFO  net.NetworkTopologyImpl (NetworkTopologyImpl.java:add(124)) - Added a new node: /default-rack/9cb68909-d63b-4c8c-a8c2-d1f5498e35c0
2024-01-26 11:56:26,613 [IPC Server handler 1 on default port 15037] INFO  node.SCMNodeManager (SCMNodeManager.java:register(421)) - Registered datanode: 9cb68909-d63b-4c8c-a8c2-d1f5498e35c0{ip: 10.1.0.50, host: fv-az1250-627, ports: [HTTP=15053, CLIENT_RPC=15054, REPLICATION=15060, RATIS=15056, RATIS_ADMIN=15057, RATIS_SERVER=15058, RATIS_DATASTREAM=15059, STANDALONE=15055], networkLocation: /default-rack, certSerialId: null, persistedOpState: null, persistedOpStateExpiryEpochSec: 0}
2024-01-26 11:56:26,614 [EventQueue-NewNodeForNewNodeHandler] INFO  pipeline.BackgroundPipelineCreator (BackgroundPipelineCreator.java:notifyEventTriggered(280)) - trigger a one-shot run on RatisPipelineUtilsThread.
2024-01-26 11:56:26,615 [EventQueue-NodeRegistrationContainerReportForDataNodeSafeModeRule] INFO  safemode.SCMSafeModeManager (DataNodeSafeModeRule.java:process(71)) - SCM in safe mode. 2 DataNodes registered, 3 required.
2024-01-26 11:56:26,615 [RatisPipelineUtilsThread-0] INFO  pipeline.RatisPipelineProvider (RatisPipelineProvider.java:lambda$create$0(206)) - Sending CreatePipelineCommand for pipeline:PipelineID=31b92d74-d28b-40c2-a4f4-4ec49586b597 to datanode:9cb68909-d63b-4c8c-a8c2-d1f5498e35c0
2024-01-26 11:56:26,616 [RatisPipelineUtilsThread-0] INFO  pipeline.BackgroundPipelineCreator (BackgroundPipelineCreator.java:createPipelines(236)) - Created new pipeline Pipeline[ Id: 31b92d74-d28b-40c2-a4f4-4ec49586b597, Nodes: 9cb68909-d63b-4c8c-a8c2-d1f5498e35c0(fv-az1250-627/10.1.0.50), ReplicationConfig: RATIS/ONE, State:ALLOCATED, leaderId:, CreationTimestamp2024-01-26T11:56:26.615Z[Etc/UTC]]
2024-01-26 11:56:26,732 [Mini-Cluster-Provider-Create] INFO  ozone.MiniOzoneClusterImpl (MiniOzoneClusterImpl.java:lambda$waitForClusterToBeReady$0(229)) - Waiting for nodes to be ready. Got 2 of 3 DN Heartbeats.
2024-01-26 11:56:26,733 [Mini-Cluster-Provider-Create] INFO  ozone.MiniOzoneClusterImpl (MiniOzoneClusterImpl.java:lambda$waitForClusterToBeReady$0(232)) - Waiting for cluster to exit safe mode
2024-01-26 11:56:26,733 [Mini-Cluster-Provider-Create] INFO  ozone.MiniOzoneClusterImpl (MiniOzoneClusterImpl.java:lambda$waitForClusterToBeReady$0(234)) - SCM became leader
2024-01-26 11:56:26,733 [IPC Server handler 2 on default port 15037] INFO  net.NetworkTopologyImpl (NetworkTopologyImpl.java:add(124)) - Added a new node: /default-rack/b514b48b-a23c-4b35-9087-6efcb4999551
2024-01-26 11:56:26,734 [IPC Server handler 2 on default port 15037] INFO  node.SCMNodeManager (SCMNodeManager.java:register(421)) - Registered datanode: b514b48b-a23c-4b35-9087-6efcb4999551{ip: 10.1.0.50, host: fv-az1250-627, ports: [HTTP=15062, CLIENT_RPC=15063, REPLICATION=15069, RATIS=15065, RATIS_ADMIN=15066, RATIS_SERVER=15067, RATIS_DATASTREAM=15068, STANDALONE=15064], networkLocation: /default-rack, certSerialId: null, persistedOpState: null, persistedOpStateExpiryEpochSec: 0}
2024-01-26 11:56:26,734 [EventQueue-NewNodeForNewNodeHandler] INFO  pipeline.BackgroundPipelineCreator (BackgroundPipelineCreator.java:notifyEventTriggered(280)) - trigger a one-shot run on RatisPipelineUtilsThread.
2024-01-26 11:56:26,734 [EventQueue-NodeRegistrationContainerReportForDataNodeSafeModeRule] INFO  safemode.SCMSafeModeManager (DataNodeSafeModeRule.java:process(71)) - SCM in safe mode. 3 DataNodes registered, 3 required.
2024-01-26 11:56:26,734 [EventQueue-NodeRegistrationContainerReportForDataNodeSafeModeRule] INFO  safemode.SCMSafeModeManager (SCMSafeModeManager.java:validateSafeModeExitRules(200)) - DataNodeSafeModeRule rule is successfully validated
2024-01-26 11:56:26,734 [EventQueue-NodeRegistrationContainerReportForDataNodeSafeModeRule] INFO  safemode.SCMSafeModeManager (SCMSafeModeManager.java:completePreCheck(229)) - All SCM safe mode pre check rules have passed
2024-01-26 11:56:26,734 [EventQueue-NodeRegistrationContainerReportForDataNodeSafeModeRule] INFO  ha.SCMContext (SCMContext.java:updateSafeModeStatus(230)) - Update SafeModeStatus from SafeModeStatus{safeModeStatus=true, preCheckPassed=false} to SafeModeStatus{safeModeStatus=true, preCheckPassed=true}.
2024-01-26 11:56:26,734 [EventQueue-NodeRegistrationContainerReportForDataNodeSafeModeRule] INFO  pipeline.BackgroundPipelineCreator (BackgroundPipelineCreator.java:notifyEventTriggered(280)) - trigger a one-shot run on RatisPipelineUtilsThread.
2024-01-26 11:56:26,736 [RatisPipelineUtilsThread-0] INFO  pipeline.RatisPipelineProvider (RatisPipelineProvider.java:lambda$create$0(206)) - Sending CreatePipelineCommand for pipeline:PipelineID=20f8bcd2-606e-428a-bff0-e3295a5948af to datanode:b514b48b-a23c-4b35-9087-6efcb4999551
2024-01-26 11:56:26,736 [RatisPipelineUtilsThread-0] INFO  pipeline.BackgroundPipelineCreator (BackgroundPipelineCreator.java:createPipelines(236)) - Created new pipeline Pipeline[ Id: 20f8bcd2-606e-428a-bff0-e3295a5948af, Nodes: b514b48b-a23c-4b35-9087-6efcb4999551(fv-az1250-627/10.1.0.50), ReplicationConfig: RATIS/ONE, State:ALLOCATED, leaderId:, CreationTimestamp2024-01-26T11:56:26.736Z[Etc/UTC]]
2024-01-26 11:56:26,737 [RatisPipelineUtilsThread-0] INFO  pipeline.RatisPipelineProvider (RatisPipelineProvider.java:lambda$create$0(206)) - Sending CreatePipelineCommand for pipeline:PipelineID=003d7111-6c20-4dd4-941b-ee265d257b52 to datanode:0f734c5b-620a-4a31-a7a8-a1d45a227569
2024-01-26 11:56:26,737 [RatisPipelineUtilsThread-0] INFO  pipeline.RatisPipelineProvider (RatisPipelineProvider.java:lambda$create$0(206)) - Sending CreatePipelineCommand for pipeline:PipelineID=003d7111-6c20-4dd4-941b-ee265d257b52 to datanode:9cb68909-d63b-4c8c-a8c2-d1f5498e35c0
2024-01-26 11:56:26,737 [RatisPipelineUtilsThread-0] INFO  pipeline.RatisPipelineProvider (RatisPipelineProvider.java:lambda$create$0(206)) - Sending CreatePipelineCommand for pipeline:PipelineID=003d7111-6c20-4dd4-941b-ee265d257b52 to datanode:b514b48b-a23c-4b35-9087-6efcb4999551
2024-01-26 11:56:26,738 [RatisPipelineUtilsThread-0] INFO  pipeline.BackgroundPipelineCreator (BackgroundPipelineCreator.java:createPipelines(236)) - Created new pipeline Pipeline[ Id: 003d7111-6c20-4dd4-941b-ee265d257b52, Nodes: 0f734c5b-620a-4a31-a7a8-a1d45a227569(fv-az1250-627/10.1.0.50)9cb68909-d63b-4c8c-a8c2-d1f5498e35c0(fv-az1250-627/10.1.0.50)b514b48b-a23c-4b35-9087-6efcb4999551(fv-az1250-627/10.1.0.50), ReplicationConfig: RATIS/THREE, State:ALLOCATED, leaderId:, CreationTimestamp2024-01-26T11:56:26.737Z[Etc/UTC]]
2024-01-26 11:56:26,739 [RatisPipelineUtilsThread-0] INFO  pipeline.RatisPipelineProvider (RatisPipelineProvider.java:lambda$create$0(206)) - Sending CreatePipelineCommand for pipeline:PipelineID=275c314f-37ff-47c3-8830-b4467a1991d0 to datanode:9cb68909-d63b-4c8c-a8c2-d1f5498e35c0
2024-01-26 11:56:26,739 [RatisPipelineUtilsThread-0] INFO  pipeline.RatisPipelineProvider (RatisPipelineProvider.java:lambda$create$0(206)) - Sending CreatePipelineCommand for pipeline:PipelineID=275c314f-37ff-47c3-8830-b4467a1991d0 to datanode:b514b48b-a23c-4b35-9087-6efcb4999551
2024-01-26 11:56:26,739 [RatisPipelineUtilsThread-0] INFO  pipeline.RatisPipelineProvider (RatisPipelineProvider.java:lambda$create$0(206)) - Sending CreatePipelineCommand for pipeline:PipelineID=275c314f-37ff-47c3-8830-b4467a1991d0 to datanode:0f734c5b-620a-4a31-a7a8-a1d45a227569
2024-01-26 11:56:26,740 [RatisPipelineUtilsThread-0] INFO  pipeline.PipelineManagerImpl (PipelineManagerImpl.java:recordMetricsForPipeline(916)) - Pipeline: PipelineID=275c314f-37ff-47c3-8830-b4467a1991d0 contains same datanodes as previous pipelines: PipelineID=003d7111-6c20-4dd4-941b-ee265d257b52 nodeIds: 9cb68909-d63b-4c8c-a8c2-d1f5498e35c0, b514b48b-a23c-4b35-9087-6efcb4999551, 0f734c5b-620a-4a31-a7a8-a1d45a227569
2024-01-26 11:56:26,740 [RatisPipelineUtilsThread-0] INFO  pipeline.BackgroundPipelineCreator (BackgroundPipelineCreator.java:createPipelines(236)) - Created new pipeline Pipeline[ Id: 275c314f-37ff-47c3-8830-b4467a1991d0, Nodes: 9cb68909-d63b-4c8c-a8c2-d1f5498e35c0(fv-az1250-627/10.1.0.50)b514b48b-a23c-4b35-9087-6efcb4999551(fv-az1250-627/10.1.0.50)0f734c5b-620a-4a31-a7a8-a1d45a227569(fv-az1250-627/10.1.0.50), ReplicationConfig: RATIS/THREE, State:ALLOCATED, leaderId:, CreationTimestamp2024-01-26T11:56:26.739Z[Etc/UTC]]
2024-01-26 11:56:27,409 [timer1] WARN  server.GrpcLogAppender (LogUtils.java:warn(121)) - 5052cfc4-081a-46ed-8261-0b7a8ad7db0a@group-342F2AF39FD7->5e57565a-2fac-4b31-b24f-016e073e3d73-AppendLogResponseHandler: Failed appendEntries (Repeated 10 times in the last 5.001s): org.apache.ratis.thirdparty.io.grpc.StatusRuntimeException: UNAVAILABLE: io exception
2024-01-26 11:56:27,411 [timer2] WARN  server.GrpcLogAppender (GrpcLogAppender.java:lambda$resetClient$1(217)) - 5052cfc4-081a-46ed-8261-0b7a8ad7db0a@group-342F2AF39FD7->5e57565a-2fac-4b31-b24f-016e073e3d73-GrpcLogAppender: Follower failed (request=null, errorCount=10); keep nextIndex (1) unchanged and retry. (Repeated 10 times in the last 5.000s)
2024-01-26 11:56:27,733 [Mini-Cluster-Provider-Create] INFO  ozone.MiniOzoneClusterImpl (MiniOzoneClusterImpl.java:lambda$waitForClusterToBeReady$0(229)) - Nodes are ready. Got 3 of 3 DN Heartbeats.
2024-01-26 11:56:27,733 [Mini-Cluster-Provider-Create] INFO  ozone.MiniOzoneClusterImpl (MiniOzoneClusterImpl.java:lambda$waitForClusterToBeReady$0(232)) - Waiting for cluster to exit safe mode
2024-01-26 11:56:27,733 [Mini-Cluster-Provider-Create] INFO  ozone.MiniOzoneClusterImpl (MiniOzoneClusterImpl.java:lambda$waitForClusterToBeReady$0(234)) - SCM became leader
2024-01-26 11:56:28,002 [grpc-default-executor-1] WARN  server.GrpcLogAppender (LogUtils.java:warn(121)) - 5052cfc4-081a-46ed-8261-0b7a8ad7db0a@group-342F2AF39FD7->5e57565a-2fac-4b31-b24f-016e073e3d73-AppendLogResponseHandler: Failed appendEntries: org.apache.ratis.thirdparty.io.grpc.StatusRuntimeException: UNAVAILABLE: io exception
2024-01-26 11:56:28,003 [grpc-default-executor-1] WARN  server.GrpcLogAppender (GrpcLogAppender.java:lambda$resetClient$1(217)) - 5052cfc4-081a-46ed-8261-0b7a8ad7db0a@group-342F2AF39FD7->5e57565a-2fac-4b31-b24f-016e073e3d73-GrpcLogAppender: Follower failed (request=null, errorCount=11); keep nextIndex (1) unchanged and retry.
2024-01-26 11:56:28,235 [main] INFO  utils.DatanodeStoreCache (DatanodeStoreCache.java:shutdownCache(116)) - Skip clearing cache in mini cluster mode. Entries left: [/home/runner/work/ozone/ozone/hadoop-ozone/integration-test/target/test-dir/MiniOzoneClusterImpl-47c92df5-8859-41b8-9f26-037451183754/datanode-0/data-0/containers/hdds/47c92df5-8859-41b8-9f26-037451183754/DS-d0ad8b78-8d35-4f8d-8372-6e3abedb040d/container.db, /home/runner/work/ozone/ozone/hadoop-ozone/integration-test/target/test-dir/MiniOzoneClusterImpl-47c92df5-8859-41b8-9f26-037451183754/datanode-1/data-0/containers/hdds/47c92df5-8859-41b8-9f26-037451183754/DS-3fa24114-ab61-4899-85b7-ea6a4c7cce67/container.db, /home/runner/work/ozone/ozone/hadoop-ozone/integration-test/target/test-dir/MiniOzoneClusterImpl-47c92df5-8859-41b8-9f26-037451183754/datanode-2/data-0/containers/hdds/47c92df5-8859-41b8-9f26-037451183754/DS-ebee3a98-def0-46fd-8582-53cebdd03222/container.db, /home/runner/work/ozone/ozone/hadoop-ozone/integration-test/target/test-dir/MiniOzoneClusterImpl-b54bfeae-1ef8-4c1d-b639-09e56ef7dc0e/datanode-1/data-0/containers/hdds/b54bfeae-1ef8-4c1d-b639-09e56ef7dc0e/DS-d90347c2-38b8-4a4d-8fb8-0f81852325c8/container.db, /home/runner/work/ozone/ozone/hadoop-ozone/integration-test/target/test-dir/MiniOzoneClusterImpl-b54bfeae-1ef8-4c1d-b639-09e56ef7dc0e/datanode-2/data-0/containers/hdds/b54bfeae-1ef8-4c1d-b639-09e56ef7dc0e/DS-741ed83f-3865-455f-a440-1e5d21d11166/container.db]
2024-01-26 11:56:28,237 [main] INFO  utils.DatanodeStoreCache (DatanodeStoreCache.java:removeDB(110)) - Removed db /home/runner/work/ozone/ozone/hadoop-ozone/integration-test/target/test-dir/MiniOzoneClusterImpl-b54bfeae-1ef8-4c1d-b639-09e56ef7dc0e/datanode-1/data-0/containers/hdds/b54bfeae-1ef8-4c1d-b639-09e56ef7dc0e/DS-d90347c2-38b8-4a4d-8fb8-0f81852325c8/container.db from cache
2024-01-26 11:56:28,237 [main] INFO  volume.HddsVolume (HddsVolume.java:closeDbStore(451)) - SchemaV3 db is stopped at /home/runner/work/ozone/ozone/hadoop-ozone/integration-test/target/test-dir/MiniOzoneClusterImpl-b54bfeae-1ef8-4c1d-b639-09e56ef7dc0e/datanode-1/data-0/containers/hdds/b54bfeae-1ef8-4c1d-b639-09e56ef7dc0e/DS-d90347c2-38b8-4a4d-8fb8-0f81852325c8/container.db for volume DS-d90347c2-38b8-4a4d-8fb8-0f81852325c8
2024-01-26 11:56:28,238 [main] INFO  utils.BackgroundService (BackgroundService.java:shutdown(160)) - Shutting down service BlockDeletingService
2024-01-26 11:56:28,239 [main] INFO  utils.BackgroundService (BackgroundService.java:shutdown(160)) - Shutting down service StaleRecoveringContainerScrubbingService
2024-01-26 11:56:28,240 [main] INFO  statemachine.DatanodeStateMachine (DatanodeStateMachine.java:stopDaemon(638)) - Ozone container server stopped.
2024-01-26 11:56:28,244 [main] INFO  handler.ContextHandler (ContextHandler.java:doStop(1159)) - Stopped o.e.j.w.WebAppContext@6d3554bc{hddsDatanode,/,null,STOPPED}{jar:file:/home/runner/.m2/repository/org/apache/ozone/hdds-container-service/1.5.0-SNAPSHOT/hdds-container-service-1.5.0-SNAPSHOT.jar!/webapps/hddsDatanode}
2024-01-26 11:56:28,244 [main] INFO  server.AbstractConnector (AbstractConnector.java:doStop(383)) - Stopped ServerConnector@7ecc67d4{HTTP/1.1, (http/1.1)}{0.0.0.0:15018}
2024-01-26 11:56:28,244 [main] INFO  server.session (HouseKeeper.java:stopScavenging(149)) - node0 Stopped scavenging
2024-01-26 11:56:28,246 [main] INFO  handler.ContextHandler (ContextHandler.java:doStop(1159)) - Stopped o.e.j.s.ServletContextHandler@3db91321{static,/static,jar:file:/home/runner/.m2/repository/org/apache/ozone/hdds-container-service/1.5.0-SNAPSHOT/hdds-container-service-1.5.0-SNAPSHOT.jar!/webapps/static,STOPPED}
2024-01-26 11:56:28,246 [main] INFO  handler.ContextHandler (ContextHandler.java:doStop(1159)) - Stopped o.e.j.s.ServletContextHandler@3ac16c99{logs,/logs,file:///home/runner/work/ozone/ozone/hadoop-ozone/integration-test/target/log,STOPPED}
2024-01-26 11:56:28,247 [main] INFO  ozone.HddsDatanodeClientProtocolServer (HddsDatanodeClientProtocolServer.java:stop(78)) - Stopping the RPC server for Client Protocol
2024-01-26 11:56:28,256 [main] INFO  ipc.Server (Server.java:stop(3523)) - Stopping server on 15019
2024-01-26 11:56:28,258 [IPC Server listener on 15019] INFO  ipc.Server (Server.java:run(1434)) - Stopping IPC Server listener on 15019
2024-01-26 11:56:28,259 [IPC Server Responder] INFO  ipc.Server (Server.java:run(1567)) - Stopping IPC Server Responder
2024-01-26 11:56:28,261 [main] INFO  ozoneimpl.OzoneContainer (OzoneContainer.java:stop(479)) - Attempting to stop container services.
2024-01-26 11:56:28,262 [main] INFO  server.RaftServer (RaftServerProxy.java:lambda$close$9(416)) - 5052cfc4-081a-46ed-8261-0b7a8ad7db0a: close
2024-01-26 11:56:28,262 [5052cfc4-081a-46ed-8261-0b7a8ad7db0a-impl-thread1] INFO  server.RaftServer$Division (RaftServerImpl.java:lambda$close$3(526)) - 5052cfc4-081a-46ed-8261-0b7a8ad7db0a@group-2467D720484D: shutdown
2024-01-26 11:56:28,262 [5052cfc4-081a-46ed-8261-0b7a8ad7db0a-impl-thread1] INFO  util.JmxRegister (JmxRegister.java:unregister(73)) - Successfully un-registered JMX Bean with object name Ratis:service=RaftServer,group=group-2467D720484D,id=5052cfc4-081a-46ed-8261-0b7a8ad7db0a
2024-01-26 11:56:28,262 [5052cfc4-081a-46ed-8261-0b7a8ad7db0a-impl-thread1] INFO  impl.RoleInfo (RoleInfo.java:shutdownLeaderState(94)) - 5052cfc4-081a-46ed-8261-0b7a8ad7db0a: shutdown 5052cfc4-081a-46ed-8261-0b7a8ad7db0a@group-2467D720484D-LeaderStateImpl
2024-01-26 11:56:28,262 [main] INFO  server.GrpcService (GrpcService.java:closeImpl(311)) - 5052cfc4-081a-46ed-8261-0b7a8ad7db0a: shutdown server org.apache.ratis.grpc.server.GrpcClientProtocolService now
2024-01-26 11:56:28,262 [5052cfc4-081a-46ed-8261-0b7a8ad7db0a-impl-thread1] INFO  impl.PendingRequests (PendingRequests.java:sendNotLeaderResponses(289)) - 5052cfc4-081a-46ed-8261-0b7a8ad7db0a@group-2467D720484D-PendingRequests: sendNotLeaderResponses
2024-01-26 11:56:28,263 [5052cfc4-081a-46ed-8261-0b7a8ad7db0a-impl-thread1] INFO  impl.StateMachineUpdater (StateMachineUpdater.java:stopAndJoin(157)) - 5052cfc4-081a-46ed-8261-0b7a8ad7db0a@group-2467D720484D-StateMachineUpdater: set stopIndex = 0
2024-01-26 11:56:28,263 [5052cfc4-081a-46ed-8261-0b7a8ad7db0a@group-2467D720484D-StateMachineUpdater] INFO  ratis.ContainerStateMachine (ContainerStateMachine.java:takeSnapshot(355)) - group-2467D720484D: Taking a snapshot at:(t:1, i:0) file /home/runner/work/ozone/ozone/hadoop-ozone/integration-test/target/test-dir/MiniOzoneClusterImpl-b54bfeae-1ef8-4c1d-b639-09e56ef7dc0e/datanode-2/data/ratis/546903ca-aac8-4a23-99bb-2467d720484d/sm/snapshot.1_0
2024-01-26 11:56:28,262 [5052cfc4-081a-46ed-8261-0b7a8ad7db0a-impl-thread2] INFO  server.RaftServer$Division (RaftServerImpl.java:lambda$close$3(526)) - 5052cfc4-081a-46ed-8261-0b7a8ad7db0a@group-342F2AF39FD7: shutdown
2024-01-26 11:56:28,263 [5052cfc4-081a-46ed-8261-0b7a8ad7db0a-impl-thread2] INFO  util.JmxRegister (JmxRegister.java:unregister(73)) - Successfully un-registered JMX Bean with object name Ratis:service=RaftServer,group=group-342F2AF39FD7,id=5052cfc4-081a-46ed-8261-0b7a8ad7db0a
2024-01-26 11:56:28,263 [5052cfc4-081a-46ed-8261-0b7a8ad7db0a-impl-thread2] INFO  impl.RoleInfo (RoleInfo.java:shutdownLeaderState(94)) - 5052cfc4-081a-46ed-8261-0b7a8ad7db0a: shutdown 5052cfc4-081a-46ed-8261-0b7a8ad7db0a@group-342F2AF39FD7-LeaderStateImpl
2024-01-26 11:56:28,263 [5052cfc4-081a-46ed-8261-0b7a8ad7db0a-impl-thread3] INFO  server.RaftServer$Division (RaftServerImpl.java:lambda$close$3(526)) - 5052cfc4-081a-46ed-8261-0b7a8ad7db0a@group-CB413AA61FBB: shutdown
2024-01-26 11:56:28,264 [5052cfc4-081a-46ed-8261-0b7a8ad7db0a-impl-thread3] INFO  util.JmxRegister (JmxRegister.java:unregister(73)) - Successfully un-registered JMX Bean with object name Ratis:service=RaftServer,group=group-CB413AA61FBB,id=5052cfc4-081a-46ed-8261-0b7a8ad7db0a
2024-01-26 11:56:28,264 [5052cfc4-081a-46ed-8261-0b7a8ad7db0a-impl-thread3] INFO  impl.RoleInfo (RoleInfo.java:shutdownFollowerState(110)) - 5052cfc4-081a-46ed-8261-0b7a8ad7db0a: shutdown 5052cfc4-081a-46ed-8261-0b7a8ad7db0a@group-CB413AA61FBB-FollowerState
2024-01-26 11:56:28,264 [5052cfc4-081a-46ed-8261-0b7a8ad7db0a-impl-thread3] INFO  impl.StateMachineUpdater (StateMachineUpdater.java:stopAndJoin(157)) - 5052cfc4-081a-46ed-8261-0b7a8ad7db0a@group-CB413AA61FBB-StateMachineUpdater: set stopIndex = -1
2024-01-26 11:56:28,264 [5052cfc4-081a-46ed-8261-0b7a8ad7db0a-impl-thread3] INFO  server.RaftServer$Division (ServerState.java:close(427)) - 5052cfc4-081a-46ed-8261-0b7a8ad7db0a@group-CB413AA61FBB: applyIndex: -1
2024-01-26 11:56:28,264 [5052cfc4-081a-46ed-8261-0b7a8ad7db0a@group-CB413AA61FBB-cacheEviction-AwaitToRun] INFO  util.AwaitToRun (AwaitToRun.java:run(49)) - 5052cfc4-081a-46ed-8261-0b7a8ad7db0a@group-CB413AA61FBB-cacheEviction-AwaitToRun-AwaitForSignal is interrupted
2024-01-26 11:56:28,265 [5052cfc4-081a-46ed-8261-0b7a8ad7db0a@group-2467D720484D-StateMachineUpdater] INFO  ratis.ContainerStateMachine (ContainerStateMachine.java:takeSnapshot(366)) - group-2467D720484D: Finished taking a snapshot at:(t:1, i:0) file:/home/runner/work/ozone/ozone/hadoop-ozone/integration-test/target/test-dir/MiniOzoneClusterImpl-b54bfeae-1ef8-4c1d-b639-09e56ef7dc0e/datanode-2/data/ratis/546903ca-aac8-4a23-99bb-2467d720484d/sm/snapshot.1_0 took: 3 ms
2024-01-26 11:56:28,265 [5052cfc4-081a-46ed-8261-0b7a8ad7db0a@group-342F2AF39FD7->5e57565a-2fac-4b31-b24f-016e073e3d73-GrpcLogAppender-LogAppenderDaemon] WARN  server.GrpcLogAppender (GrpcLogAppender.java:mayWait(289)) - 5052cfc4-081a-46ed-8261-0b7a8ad7db0a@group-342F2AF39FD7->5e57565a-2fac-4b31-b24f-016e073e3d73-GrpcLogAppender: Wait interrupted by java.lang.InterruptedException
2024-01-26 11:56:28,265 [Thread-1135] INFO  server.GrpcServerProtocolClient (GrpcServerProtocolClient.java:close(103)) - 5c737fdf-f228-4231-bbf6-1cc383ec73d2 Close channels
2024-01-26 11:56:28,265 [5052cfc4-081a-46ed-8261-0b7a8ad7db0a-impl-thread2] INFO  impl.PendingRequests (PendingRequests.java:sendNotLeaderResponses(289)) - 5052cfc4-081a-46ed-8261-0b7a8ad7db0a@group-342F2AF39FD7-PendingRequests: sendNotLeaderResponses
2024-01-26 11:56:28,265 [5052cfc4-081a-46ed-8261-0b7a8ad7db0a@group-2467D720484D-StateMachineUpdater] INFO  impl.StateMachineUpdater (StateMachineUpdater.java:takeSnapshot(295)) - 5052cfc4-081a-46ed-8261-0b7a8ad7db0a@group-2467D720484D-StateMachineUpdater: Took a snapshot at index 0
2024-01-26 11:56:28,266 [Thread-1137] INFO  server.GrpcServerProtocolClient (GrpcServerProtocolClient.java:close(103)) - 5e57565a-2fac-4b31-b24f-016e073e3d73 Close channels
2024-01-26 11:56:28,267 [5052cfc4-081a-46ed-8261-0b7a8ad7db0a-impl-thread2] INFO  impl.StateMachineUpdater (StateMachineUpdater.java:stopAndJoin(157)) - 5052cfc4-081a-46ed-8261-0b7a8ad7db0a@group-342F2AF39FD7-StateMachineUpdater: set stopIndex = 0
2024-01-26 11:56:28,267 [5052cfc4-081a-46ed-8261-0b7a8ad7db0a@group-342F2AF39FD7-StateMachineUpdater] INFO  ratis.ContainerStateMachine (ContainerStateMachine.java:takeSnapshot(355)) - group-342F2AF39FD7: Taking a snapshot at:(t:1, i:0) file /home/runner/work/ozone/ozone/hadoop-ozone/integration-test/target/test-dir/MiniOzoneClusterImpl-b54bfeae-1ef8-4c1d-b639-09e56ef7dc0e/datanode-2/data/ratis/89cbe570-fc20-4065-982c-342f2af39fd7/sm/snapshot.1_0
2024-01-26 11:56:28,266 [5052cfc4-081a-46ed-8261-0b7a8ad7db0a@group-2467D720484D-StateMachineUpdater] INFO  impl.StateMachineUpdater (StateMachineUpdater.java:lambda$new$0(98)) - 5052cfc4-081a-46ed-8261-0b7a8ad7db0a@group-2467D720484D-StateMachineUpdater: snapshotIndex: updateIncreasingly -1 -> 0
2024-01-26 11:56:28,266 [5052cfc4-081a-46ed-8261-0b7a8ad7db0a@group-CB413AA61FBB-FollowerState] INFO  impl.FollowerState (FollowerState.java:run(152)) - 5052cfc4-081a-46ed-8261-0b7a8ad7db0a@group-CB413AA61FBB-FollowerState was interrupted
2024-01-26 11:56:28,267 [5052cfc4-081a-46ed-8261-0b7a8ad7db0a-impl-thread1] INFO  server.RaftServer$Division (ServerState.java:close(427)) - 5052cfc4-081a-46ed-8261-0b7a8ad7db0a@group-2467D720484D: applyIndex: 0
2024-01-26 11:56:28,267 [5052cfc4-081a-46ed-8261-0b7a8ad7db0a@group-342F2AF39FD7-StateMachineUpdater] INFO  ratis.ContainerStateMachine (ContainerStateMachine.java:takeSnapshot(366)) - group-342F2AF39FD7: Finished taking a snapshot at:(t:1, i:0) file:/home/runner/work/ozone/ozone/hadoop-ozone/integration-test/target/test-dir/MiniOzoneClusterImpl-b54bfeae-1ef8-4c1d-b639-09e56ef7dc0e/datanode-2/data/ratis/89cbe570-fc20-4065-982c-342f2af39fd7/sm/snapshot.1_0 took: 1 ms
2024-01-26 11:56:28,267 [5052cfc4-081a-46ed-8261-0b7a8ad7db0a@group-2467D720484D-cacheEviction-AwaitToRun] INFO  util.AwaitToRun (AwaitToRun.java:run(49)) - 5052cfc4-081a-46ed-8261-0b7a8ad7db0a@group-2467D720484D-cacheEviction-AwaitToRun-AwaitForSignal is interrupted
2024-01-26 11:56:28,267 [5052cfc4-081a-46ed-8261-0b7a8ad7db0a@group-342F2AF39FD7-StateMachineUpdater] INFO  impl.StateMachineUpdater (StateMachineUpdater.java:takeSnapshot(295)) - 5052cfc4-081a-46ed-8261-0b7a8ad7db0a@group-342F2AF39FD7-StateMachineUpdater: Took a snapshot at index 0
2024-01-26 11:56:28,267 [5052cfc4-081a-46ed-8261-0b7a8ad7db0a@group-342F2AF39FD7-StateMachineUpdater] INFO  impl.StateMachineUpdater (StateMachineUpdater.java:lambda$new$0(98)) - 5052cfc4-081a-46ed-8261-0b7a8ad7db0a@group-342F2AF39FD7-StateMachineUpdater: snapshotIndex: updateIncreasingly -1 -> 0
2024-01-26 11:56:28,268 [5052cfc4-081a-46ed-8261-0b7a8ad7db0a-impl-thread2] INFO  server.RaftServer$Division (ServerState.java:close(427)) - 5052cfc4-081a-46ed-8261-0b7a8ad7db0a@group-342F2AF39FD7: applyIndex: 0
2024-01-26 11:56:28,270 [5052cfc4-081a-46ed-8261-0b7a8ad7db0a@group-342F2AF39FD7-cacheEviction-AwaitToRun] INFO  util.AwaitToRun (AwaitToRun.java:run(49)) - 5052cfc4-081a-46ed-8261-0b7a8ad7db0a@group-342F2AF39FD7-cacheEviction-AwaitToRun-AwaitForSignal is interrupted
2024-01-26 11:56:28,276 [main] INFO  server.GrpcService (GrpcService.java:closeImpl(320)) - 5052cfc4-081a-46ed-8261-0b7a8ad7db0a: shutdown server org.apache.ratis.grpc.server.GrpcClientProtocolService successfully
2024-01-26 11:56:28,276 [main] INFO  server.GrpcService (GrpcService.java:closeImpl(311)) - 5052cfc4-081a-46ed-8261-0b7a8ad7db0a: shutdown server GrpcServerProtocolService now
2024-01-26 11:56:28,278 [main] INFO  server.GrpcService (GrpcService.java:closeImpl(320)) - 5052cfc4-081a-46ed-8261-0b7a8ad7db0a: shutdown server GrpcServerProtocolService successfully
2024-01-26 11:56:28,278 [main] INFO  server.GrpcService (GrpcService.java:closeImpl(311)) - 5052cfc4-081a-46ed-8261-0b7a8ad7db0a: shutdown server org.apache.ratis.grpc.server.GrpcAdminProtocolService now
2024-01-26 11:56:28,278 [main] INFO  server.GrpcService (GrpcService.java:closeImpl(320)) - 5052cfc4-081a-46ed-8261-0b7a8ad7db0a: shutdown server org.apache.ratis.grpc.server.GrpcAdminProtocolService successfully
2024-01-26 11:56:28,281 [5052cfc4-081a-46ed-8261-0b7a8ad7db0a-NettyServerStreamRpc-bossGroup--thread1] INFO  logging.LoggingHandler (AbstractInternalLogger.java:log(148)) - [id: 0xd71bfc57, L:/0.0.0.0:15033] CLOSE
2024-01-26 11:56:28,281 [5052cfc4-081a-46ed-8261-0b7a8ad7db0a-NettyServerStreamRpc-bossGroup--thread1] INFO  logging.LoggingHandler (AbstractInternalLogger.java:log(148)) - [id: 0xd71bfc57, L:/0.0.0.0:15033] INACTIVE
2024-01-26 11:56:28,281 [5052cfc4-081a-46ed-8261-0b7a8ad7db0a-NettyServerStreamRpc-bossGroup--thread1] INFO  logging.LoggingHandler (AbstractInternalLogger.java:log(148)) - [id: 0xd71bfc57, L:/0.0.0.0:15033] UNREGISTERED
2024-01-26 11:56:28,424 [5052cfc4-081a-46ed-8261-0b7a8ad7db0a-impl-thread2] INFO  segmented.SegmentedRaftLogWorker (SegmentedRaftLogWorker.java:close(245)) - 5052cfc4-081a-46ed-8261-0b7a8ad7db0a@group-342F2AF39FD7-SegmentedRaftLogWorker close()
2024-01-26 11:56:28,448 [5052cfc4-081a-46ed-8261-0b7a8ad7db0a-impl-thread1] INFO  segmented.SegmentedRaftLogWorker (SegmentedRaftLogWorker.java:close(245)) - 5052cfc4-081a-46ed-8261-0b7a8ad7db0a@group-2467D720484D-SegmentedRaftLogWorker close()
2024-01-26 11:56:28,733 [Mini-Cluster-Provider-Create] INFO  ozone.MiniOzoneClusterImpl (MiniOzoneClusterImpl.java:lambda$waitForClusterToBeReady$0(229)) - Nodes are ready. Got 3 of 3 DN Heartbeats.
2024-01-26 11:56:28,733 [Mini-Cluster-Provider-Create] INFO  ozone.MiniOzoneClusterImpl (MiniOzoneClusterImpl.java:lambda$waitForClusterToBeReady$0(232)) - Waiting for cluster to exit safe mode
2024-01-26 11:56:28,733 [Mini-Cluster-Provider-Create] INFO  ozone.MiniOzoneClusterImpl (MiniOzoneClusterImpl.java:lambda$waitForClusterToBeReady$0(234)) - SCM became leader
2024-01-26 11:56:28,974 [5052cfc4-081a-46ed-8261-0b7a8ad7db0a-impl-thread3] INFO  segmented.SegmentedRaftLogWorker (SegmentedRaftLogWorker.java:close(245)) - 5052cfc4-081a-46ed-8261-0b7a8ad7db0a@group-CB413AA61FBB-SegmentedRaftLogWorker close()
2024-01-26 11:56:28,976 [JvmPauseMonitor4] INFO  util.JvmPauseMonitor (JvmPauseMonitor.java:run(152)) - JvmPauseMonitor-5052cfc4-081a-46ed-8261-0b7a8ad7db0a: Stopped
2024-01-26 11:56:29,529 [0f734c5b-620a-4a31-a7a8-a1d45a227569-PipelineCommandHandlerThread-0] INFO  server.RaftServer (RaftServerProxy.java:addNew(100)) - 0f734c5b-620a-4a31-a7a8-a1d45a227569: addNew group-F8E872DA5D61:[0f734c5b-620a-4a31-a7a8-a1d45a227569|10.1.0.50:15049] returns group-F8E872DA5D61:java.util.concurrent.CompletableFuture@1cdf2c13[Not completed]
2024-01-26 11:56:29,530 [0f734c5b-620a-4a31-a7a8-a1d45a227569-groupManagement] INFO  server.RaftServer$Division (RaftServerImpl.java:<init>(256)) - 0f734c5b-620a-4a31-a7a8-a1d45a227569: new RaftServerImpl for group-F8E872DA5D61:[0f734c5b-620a-4a31-a7a8-a1d45a227569|10.1.0.50:15049] with ContainerStateMachine:uninitialized
2024-01-26 11:56:29,530 [0f734c5b-620a-4a31-a7a8-a1d45a227569-groupManagement] INFO  server.RaftServerConfigKeys (ConfUtils.java:logGet(46)) - raft.server.rpc.timeout.min = 5s (custom)
2024-01-26 11:56:29,530 [0f734c5b-620a-4a31-a7a8-a1d45a227569-groupManagement] INFO  server.RaftServerConfigKeys (ConfUtils.java:logGet(46)) - raft.server.rpc.timeout.max = 5200ms (custom)
2024-01-26 11:56:29,530 [0f734c5b-620a-4a31-a7a8-a1d45a227569-groupManagement] INFO  server.RaftServerConfigKeys (ConfUtils.java:logGet(46)) - raft.server.rpc.sleep.time = 25ms (default)
2024-01-26 11:56:29,530 [0f734c5b-620a-4a31-a7a8-a1d45a227569-groupManagement] INFO  server.RaftServerConfigKeys (ConfUtils.java:logGet(46)) - raft.server.rpc.slowness.timeout = 300s (custom)
2024-01-26 11:56:29,530 [0f734c5b-620a-4a31-a7a8-a1d45a227569-groupManagement] INFO  server.RaftServerConfigKeys (ConfUtils.java:logGet(46)) - raft.server.leaderelection.leader.step-down.wait-time = 10s (default)
2024-01-26 11:56:29,530 [0f734c5b-620a-4a31-a7a8-a1d45a227569-groupManagement] INFO  server.RaftServerConfigKeys (ConfUtils.java:logGet(46)) - raft.server.leaderelection.member.majority-add = false (default)
2024-01-26 11:56:29,530 [0f734c5b-620a-4a31-a7a8-a1d45a227569-groupManagement] INFO  server.RaftServerConfigKeys (ConfUtils.java:logGet(46)) - raft.server.sleep.deviation.threshold = 300ms (default)
2024-01-26 11:56:29,530 [0f734c5b-620a-4a31-a7a8-a1d45a227569-groupManagement] INFO  server.RaftServer$Division (ServerState.java:<init>(113)) - 0f734c5b-620a-4a31-a7a8-a1d45a227569@group-F8E872DA5D61: ConfigurationManager, init=-1: peers:[0f734c5b-620a-4a31-a7a8-a1d45a227569|10.1.0.50:15049]|listeners:[], old=null, confs=<EMPTY_MAP>
2024-01-26 11:56:29,530 [0f734c5b-620a-4a31-a7a8-a1d45a227569-groupManagement] INFO  server.RaftServerConfigKeys (ConfUtils.java:logGet(46)) - raft.server.notification.no-leader.timeout = 300s (custom)
2024-01-26 11:56:29,530 [0f734c5b-620a-4a31-a7a8-a1d45a227569-groupManagement] INFO  server.RaftServerConfigKeys (ConfUtils.java:logGet(46)) - raft.server.read.timeout = 10s (default)
2024-01-26 11:56:29,531 [0f734c5b-620a-4a31-a7a8-a1d45a227569-groupManagement] INFO  server.RaftServerConfigKeys (ConfUtils.java:logGet(46)) - raft.server.retrycache.expirytime = 600000ms (custom)
2024-01-26 11:56:29,531 [0f734c5b-620a-4a31-a7a8-a1d45a227569-groupManagement] INFO  server.RaftServerConfigKeys (ConfUtils.java:logGet(46)) - raft.server.retrycache.statistics.expirytime = 100ms (default)
2024-01-26 11:56:29,531 [0f734c5b-620a-4a31-a7a8-a1d45a227569-groupManagement] INFO  server.RaftServerConfigKeys (ConfUtils.java:logGet(46)) - raft.server.read.option = DEFAULT (default)
2024-01-26 11:56:29,531 [0f734c5b-620a-4a31-a7a8-a1d45a227569-groupManagement] INFO  server.RaftServerConfigKeys (ConfUtils.java:logGet(46)) - raft.server.read.read-after-write-consistent.write-index-cache.expiry-time = 60s (default)
2024-01-26 11:56:29,533 [0f734c5b-620a-4a31-a7a8-a1d45a227569-groupManagement] INFO  server.RaftServerConfigKeys (ConfUtils.java:logGet(46)) - raft.server.rpc.request.timeout = 60s (custom)
2024-01-26 11:56:29,533 [0f734c5b-620a-4a31-a7a8-a1d45a227569-groupManagement] INFO  server.RaftServerConfigKeys (ConfUtils.java:logGet(46)) - raft.server.log.appender.install.snapshot.enabled = false (custom)
2024-01-26 11:56:29,533 [0f734c5b-620a-4a31-a7a8-a1d45a227569-groupManagement] INFO  server.RaftServerConfigKeys (ConfUtils.java:logGet(46)) - raft.server.threadpool.server.cached = true (default)
2024-01-26 11:56:29,533 [0f734c5b-620a-4a31-a7a8-a1d45a227569-groupManagement] INFO  server.RaftServerConfigKeys (ConfUtils.java:logGet(46)) - raft.server.threadpool.server.size = 0 (default)
2024-01-26 11:56:29,533 [0f734c5b-620a-4a31-a7a8-a1d45a227569-groupManagement] INFO  server.RaftServerConfigKeys (ConfUtils.java:logGet(46)) - raft.server.threadpool.client.cached = true (default)
2024-01-26 11:56:29,533 [0f734c5b-620a-4a31-a7a8-a1d45a227569-groupManagement] INFO  server.RaftServerConfigKeys (ConfUtils.java:logGet(46)) - raft.server.threadpool.client.size = 0 (default)
2024-01-26 11:56:29,534 [0f734c5b-620a-4a31-a7a8-a1d45a227569-groupManagement] INFO  server.RaftServerConfigKeys (ConfUtils.java:logGet(46)) - raft.server.storage.free-space.min = 0MB (=0) (default)
2024-01-26 11:56:29,534 [0f734c5b-620a-4a31-a7a8-a1d45a227569-groupManagement] INFO  server.RaftServerConfigKeys (ConfUtils.java:logGet(46)) - raft.server.log.corruption.policy = EXCEPTION (default)
2024-01-26 11:56:29,534 [0f734c5b-620a-4a31-a7a8-a1d45a227569-groupManagement] INFO  server.RaftServerConfigKeys (ConfUtils.java:logGet(46)) - raft.server.storage.dir = [/home/runner/work/ozone/ozone/hadoop-ozone/integration-test/target/test-dir/MiniOzoneClusterImpl-47c92df5-8859-41b8-9f26-037451183754/datanode-0/data/ratis] (custom)
2024-01-26 11:56:29,534 [0f734c5b-620a-4a31-a7a8-a1d45a227569-groupManagement] INFO  storage.RaftStorageDirectory (RaftStorageDirectoryImpl.java:analyzeStorage(138)) - The storage directory /home/runner/work/ozone/ozone/hadoop-ozone/integration-test/target/test-dir/MiniOzoneClusterImpl-47c92df5-8859-41b8-9f26-037451183754/datanode-0/data/ratis/17589509-4de3-43f7-b139-f8e872da5d61 does not exist. Creating ...
2024-01-26 11:56:29,535 [0f734c5b-620a-4a31-a7a8-a1d45a227569-groupManagement] INFO  storage.RaftStorageDirectory (RaftStorageDirectoryImpl.java:tryLock(228)) - Lock on /home/runner/work/ozone/ozone/hadoop-ozone/integration-test/target/test-dir/MiniOzoneClusterImpl-47c92df5-8859-41b8-9f26-037451183754/datanode-0/data/ratis/17589509-4de3-43f7-b139-f8e872da5d61/in_use.lock acquired by nodename 67451@fv-az1250-627
2024-01-26 11:56:29,536 [0f734c5b-620a-4a31-a7a8-a1d45a227569-groupManagement] INFO  storage.RaftStorage (RaftStorageImpl.java:format(99)) - Storage directory /home/runner/work/ozone/ozone/hadoop-ozone/integration-test/target/test-dir/MiniOzoneClusterImpl-47c92df5-8859-41b8-9f26-037451183754/datanode-0/data/ratis/17589509-4de3-43f7-b139-f8e872da5d61 has been successfully formatted.
2024-01-26 11:56:29,536 [0f734c5b-620a-4a31-a7a8-a1d45a227569-groupManagement] WARN  util.FileUtils (LogUtils.java:supplyAndLog(63)) - Failed to Files.newInputStream /home/runner/work/ozone/ozone/hadoop-ozone/integration-test/target/test-dir/MiniOzoneClusterImpl-47c92df5-8859-41b8-9f26-037451183754/datanode-0/data/ratis/17589509-4de3-43f7-b139-f8e872da5d61/current/raft-meta.conf with options []: java.nio.file.NoSuchFileException: /home/runner/work/ozone/ozone/hadoop-ozone/integration-test/target/test-dir/MiniOzoneClusterImpl-47c92df5-8859-41b8-9f26-037451183754/datanode-0/data/ratis/17589509-4de3-43f7-b139-f8e872da5d61/current/raft-meta.conf
2024-01-26 11:56:29,537 [0f734c5b-620a-4a31-a7a8-a1d45a227569-groupManagement] INFO  ratis.ContainerStateMachine (ContainerStateMachine.java:loadSnapshot(287)) - group-F8E872DA5D61: The snapshot info is null. Setting the last applied index to:(t:0, i:~)
2024-01-26 11:56:29,538 [0f734c5b-620a-4a31-a7a8-a1d45a227569-groupManagement] INFO  server.RaftServerConfigKeys (ConfUtils.java:logGet(46)) - raft.server.log.use.memory = false (default)
2024-01-26 11:56:29,538 [0f734c5b-620a-4a31-a7a8-a1d45a227569-groupManagement] INFO  server.RaftServerConfigKeys (ConfUtils.java:logGet(46)) - raft.server.log.purge.gap = 1000000 (custom)
2024-01-26 11:56:29,538 [0f734c5b-620a-4a31-a7a8-a1d45a227569-groupManagement] INFO  server.RaftServerConfigKeys (ConfUtils.java:logGet(46)) - raft.server.log.appender.buffer.byte-limit = 8388608 (custom)
2024-01-26 11:56:29,538 [0f734c5b-620a-4a31-a7a8-a1d45a227569-groupManagement] INFO  server.RaftServerConfigKeys (ConfUtils.java:logGet(46)) - raft.server.log.statemachine.data.read.timeout = 1000ms (default)
2024-01-26 11:56:29,538 [0f734c5b-620a-4a31-a7a8-a1d45a227569-groupManagement] INFO  server.RaftServerConfigKeys (ConfUtils.java:logGet(46)) - raft.server.log.purge.preservation.log.num = 0 (default)
2024-01-26 11:56:29,539 [EventQueue-PipelineReportForPipelineReportHandler] INFO  pipeline.PipelineReportHandler (PipelineReportHandler.java:processPipelineReport(136)) - Opened pipeline PipelineID=17589509-4de3-43f7-b139-f8e872da5d61
2024-01-26 11:56:29,541 [EventQueue-OpenPipelineForHealthyPipelineSafeModeRule] INFO  safemode.SCMSafeModeManager (HealthyPipelineSafeModeRule.java:process(140)) - SCM in safe mode. Healthy pipelines reported count is 0, required healthy pipeline reported count is 1
2024-01-26 11:56:29,541 [0f734c5b-620a-4a31-a7a8-a1d45a227569-groupManagement] INFO  server.RaftServerConfigKeys (ConfUtils.java:logGet(46)) - raft.server.log.segment.size.max = 67108864 (custom)
2024-01-26 11:56:29,541 [0f734c5b-620a-4a31-a7a8-a1d45a227569-groupManagement] INFO  server.RaftServerConfigKeys (ConfUtils.java:logGet(46)) - raft.server.log.segment.cache.num.max = 2 (custom)
2024-01-26 11:56:29,541 [0f734c5b-620a-4a31-a7a8-a1d45a227569-groupManagement] INFO  server.RaftServerConfigKeys (ConfUtils.java:logGet(46)) - raft.server.log.segment.cache.size.max = 200MB (=209715200) (default)
2024-01-26 11:56:29,541 [0f734c5b-620a-4a31-a7a8-a1d45a227569-groupManagement] INFO  server.RaftServerConfigKeys (ConfUtils.java:logGet(46)) - raft.server.log.appender.buffer.byte-limit = 8388608 (custom)
2024-01-26 11:56:29,542 [0f734c5b-620a-4a31-a7a8-a1d45a227569-groupManagement] INFO  util.AwaitToRun (AwaitToRun.java:start(81)) - Thread[0f734c5b-620a-4a31-a7a8-a1d45a227569@group-F8E872DA5D61-cacheEviction-AwaitToRun,5,main] started
2024-01-26 11:56:29,542 [0f734c5b-620a-4a31-a7a8-a1d45a227569-groupManagement] INFO  segmented.SegmentedRaftLogWorker (SegmentedRaftLogWorker.java:<init>(182)) - new 0f734c5b-620a-4a31-a7a8-a1d45a227569@group-F8E872DA5D61-SegmentedRaftLogWorker for RaftStorageImpl:Storage Directory /home/runner/work/ozone/ozone/hadoop-ozone/integration-test/target/test-dir/MiniOzoneClusterImpl-47c92df5-8859-41b8-9f26-037451183754/datanode-0/data/ratis/17589509-4de3-43f7-b139-f8e872da5d61
2024-01-26 11:56:29,542 [0f734c5b-620a-4a31-a7a8-a1d45a227569-groupManagement] INFO  server.RaftServerConfigKeys (ConfUtils.java:logGet(46)) - raft.server.log.queue.byte-limit = 4294967296 (custom)
2024-01-26 11:56:29,542 [0f734c5b-620a-4a31-a7a8-a1d45a227569-groupManagement] INFO  server.RaftServerConfigKeys (ConfUtils.java:logGet(46)) - raft.server.log.queue.element-limit = 1024 (custom)
2024-01-26 11:56:29,542 [0f734c5b-620a-4a31-a7a8-a1d45a227569-groupManagement] INFO  server.RaftServerConfigKeys (ConfUtils.java:logGet(46)) - raft.server.log.segment.size.max = 67108864 (custom)
2024-01-26 11:56:29,542 [0f734c5b-620a-4a31-a7a8-a1d45a227569-groupManagement] INFO  server.RaftServerConfigKeys (ConfUtils.java:logGet(46)) - raft.server.log.preallocated.size = 4194304 (custom)
2024-01-26 11:56:29,542 [0f734c5b-620a-4a31-a7a8-a1d45a227569-groupManagement] INFO  server.RaftServerConfigKeys (ConfUtils.java:logGet(46)) - raft.server.log.force.sync.num = 128 (default)
2024-01-26 11:56:29,542 [0f734c5b-620a-4a31-a7a8-a1d45a227569-groupManagement] INFO  server.RaftServerConfigKeys (ConfUtils.java:logGet(46)) - raft.server.log.statemachine.data.sync = true (default)
2024-01-26 11:56:29,542 [0f734c5b-620a-4a31-a7a8-a1d45a227569-groupManagement] INFO  server.RaftServerConfigKeys (ConfUtils.java:logGet(46)) - raft.server.log.statemachine.data.sync.timeout = 10s (default)
2024-01-26 11:56:29,542 [0f734c5b-620a-4a31-a7a8-a1d45a227569-groupManagement] INFO  server.RaftServerConfigKeys (ConfUtils.java:logGet(46)) - raft.server.log.statemachine.data.sync.timeout.retry = 0 (custom)
2024-01-26 11:56:29,543 [0f734c5b-620a-4a31-a7a8-a1d45a227569-groupManagement] INFO  server.RaftServerConfigKeys (ConfUtils.java:logGet(46)) - raft.server.log.write.buffer.size = 8388616 (custom)
2024-01-26 11:56:29,544 [0f734c5b-620a-4a31-a7a8-a1d45a227569-groupManagement] INFO  server.RaftServerConfigKeys (ConfUtils.java:logGet(46)) - raft.server.log.appender.buffer.byte-limit = 8388608 (custom)
2024-01-26 11:56:29,544 [0f734c5b-620a-4a31-a7a8-a1d45a227569-groupManagement] INFO  server.RaftServerConfigKeys (ConfUtils.java:logGet(46)) - raft.server.log.unsafe-flush.enabled = false (default)
2024-01-26 11:56:29,544 [0f734c5b-620a-4a31-a7a8-a1d45a227569-groupManagement] INFO  server.RaftServerConfigKeys (ConfUtils.java:logGet(46)) - raft.server.log.async-flush.enabled = false (default)
2024-01-26 11:56:29,544 [0f734c5b-620a-4a31-a7a8-a1d45a227569-groupManagement] INFO  server.RaftServerConfigKeys (ConfUtils.java:logGet(46)) - raft.server.log.statemachine.data.caching.enabled = true (custom)
2024-01-26 11:56:29,544 [0f734c5b-620a-4a31-a7a8-a1d45a227569-groupManagement] INFO  segmented.SegmentedRaftLogWorker (SegmentedRaftLogWorker.java:lambda$new$0(134)) - 0f734c5b-620a-4a31-a7a8-a1d45a227569@group-F8E872DA5D61-SegmentedRaftLogWorker: flushIndex: setUnconditionally 0 -> -1
2024-01-26 11:56:29,544 [0f734c5b-620a-4a31-a7a8-a1d45a227569-groupManagement] INFO  segmented.SegmentedRaftLogWorker (SegmentedRaftLogWorker.java:lambda$new$0(134)) - 0f734c5b-620a-4a31-a7a8-a1d45a227569@group-F8E872DA5D61-SegmentedRaftLogWorker: safeCacheEvictIndex: setUnconditionally 0 -> -1
2024-01-26 11:56:29,544 [0f734c5b-620a-4a31-a7a8-a1d45a227569-groupManagement] INFO  server.RaftServer$Division (RaftServerImpl.java:start(396)) - 0f734c5b-620a-4a31-a7a8-a1d45a227569@group-F8E872DA5D61: start as a follower, conf=-1: peers:[0f734c5b-620a-4a31-a7a8-a1d45a227569|10.1.0.50:15049]|listeners:[], old=null
2024-01-26 11:56:29,545 [0f734c5b-620a-4a31-a7a8-a1d45a227569-groupManagement] INFO  server.RaftServer$Division (RaftServerImpl.java:setRole(383)) - 0f734c5b-620a-4a31-a7a8-a1d45a227569@group-F8E872DA5D61: changes role from      null to FOLLOWER at term 0 for startAsFollower
2024-01-26 11:56:29,545 [0f734c5b-620a-4a31-a7a8-a1d45a227569-groupManagement] INFO  impl.RoleInfo (RoleInfo.java:updateAndGet(139)) - 0f734c5b-620a-4a31-a7a8-a1d45a227569: start 0f734c5b-620a-4a31-a7a8-a1d45a227569@group-F8E872DA5D61-FollowerState
2024-01-26 11:56:29,545 [0f734c5b-620a-4a31-a7a8-a1d45a227569@group-F8E872DA5D61-FollowerState] INFO  server.RaftServerConfigKeys (ConfUtils.java:logFallback(53)) - raft.server.rpc.first-election.timeout.min = 5s (fallback to raft.server.rpc.timeout.min)
2024-01-26 11:56:29,545 [0f734c5b-620a-4a31-a7a8-a1d45a227569@group-F8E872DA5D61-FollowerState] INFO  server.RaftServerConfigKeys (ConfUtils.java:logFallback(53)) - raft.server.rpc.first-election.timeout.max = 5200ms (fallback to raft.server.rpc.timeout.max)
2024-01-26 11:56:29,545 [0f734c5b-620a-4a31-a7a8-a1d45a227569-groupManagement] INFO  util.JmxRegister (JmxRegister.java:tryRegister(44)) - Successfully registered JMX Bean with object name Ratis:service=RaftServer,group=group-F8E872DA5D61,id=0f734c5b-620a-4a31-a7a8-a1d45a227569
2024-01-26 11:56:29,546 [0f734c5b-620a-4a31-a7a8-a1d45a227569-groupManagement] INFO  server.RaftServerConfigKeys (ConfUtils.java:logGet(46)) - raft.server.snapshot.trigger-when-stop.enabled = true (default)
2024-01-26 11:56:29,546 [0f734c5b-620a-4a31-a7a8-a1d45a227569-groupManagement] INFO  server.RaftServerConfigKeys (ConfUtils.java:logGet(46)) - raft.server.snapshot.auto.trigger.enabled = true (custom)
2024-01-26 11:56:29,546 [0f734c5b-620a-4a31-a7a8-a1d45a227569-groupManagement] INFO  server.RaftServerConfigKeys (ConfUtils.java:logGet(46)) - raft.server.snapshot.auto.trigger.threshold = 10000 (custom)
2024-01-26 11:56:29,546 [0f734c5b-620a-4a31-a7a8-a1d45a227569-groupManagement] INFO  server.RaftServerConfigKeys (ConfUtils.java:logGet(46)) - raft.server.snapshot.retention.file.num = 5 (custom)
2024-01-26 11:56:29,546 [0f734c5b-620a-4a31-a7a8-a1d45a227569-groupManagement] INFO  server.RaftServerConfigKeys (ConfUtils.java:logGet(46)) - raft.server.log.purge.upto.snapshot.index = false (default)
2024-01-26 11:56:29,547 [0f734c5b-620a-4a31-a7a8-a1d45a227569-PipelineCommandHandlerThread-0] INFO  ratis.XceiverServerRatis (XceiverServerRatis.java:addGroup(842)) - Created group PipelineID=17589509-4de3-43f7-b139-f8e872da5d61
2024-01-26 11:56:29,547 [0f734c5b-620a-4a31-a7a8-a1d45a227569-PipelineCommandHandlerThread-0] INFO  commandhandler.CreatePipelineCommandHandler (CreatePipelineCommandHandler.java:lambda$handle$2(124)) - Created Pipeline RATIS ONE PipelineID=17589509-4de3-43f7-b139-f8e872da5d61.
2024-01-26 11:56:29,547 [0f734c5b-620a-4a31-a7a8-a1d45a227569-PipelineCommandHandlerThread-0] INFO  server.RaftServer (RaftServerProxy.java:addNew(100)) - 0f734c5b-620a-4a31-a7a8-a1d45a227569: addNew group-EE265D257B52:[b514b48b-a23c-4b35-9087-6efcb4999551|10.1.0.50:15067, 0f734c5b-620a-4a31-a7a8-a1d45a227569|10.1.0.50:15049, 9cb68909-d63b-4c8c-a8c2-d1f5498e35c0|10.1.0.50:15058] returns group-EE265D257B52:java.util.concurrent.CompletableFuture@7e19543a[Not completed]
2024-01-26 11:56:29,549 [0f734c5b-620a-4a31-a7a8-a1d45a227569-groupManagement] INFO  server.RaftServer$Division (RaftServerImpl.java:<init>(256)) - 0f734c5b-620a-4a31-a7a8-a1d45a227569: new RaftServerImpl for group-EE265D257B52:[b514b48b-a23c-4b35-9087-6efcb4999551|10.1.0.50:15067, 0f734c5b-620a-4a31-a7a8-a1d45a227569|10.1.0.50:15049, 9cb68909-d63b-4c8c-a8c2-d1f5498e35c0|10.1.0.50:15058] with ContainerStateMachine:uninitialized
2024-01-26 11:56:29,549 [0f734c5b-620a-4a31-a7a8-a1d45a227569-groupManagement] INFO  server.RaftServerConfigKeys (ConfUtils.java:logGet(46)) - raft.server.rpc.timeout.min = 5s (custom)
2024-01-26 11:56:29,549 [0f734c5b-620a-4a31-a7a8-a1d45a227569-groupManagement] INFO  server.RaftServerConfigKeys (ConfUtils.java:logGet(46)) - raft.server.rpc.timeout.max = 5200ms (custom)
2024-01-26 11:56:29,549 [0f734c5b-620a-4a31-a7a8-a1d45a227569-groupManagement] INFO  server.RaftServerConfigKeys (ConfUtils.java:logGet(46)) - raft.server.rpc.sleep.time = 25ms (default)
2024-01-26 11:56:29,549 [0f734c5b-620a-4a31-a7a8-a1d45a227569-groupManagement] INFO  server.RaftServerConfigKeys (ConfUtils.java:logGet(46)) - raft.server.rpc.slowness.timeout = 300s (custom)
2024-01-26 11:56:29,549 [0f734c5b-620a-4a31-a7a8-a1d45a227569-groupManagement] INFO  server.RaftServerConfigKeys (ConfUtils.java:logGet(46)) - raft.server.leaderelection.leader.step-down.wait-time = 10s (default)
2024-01-26 11:56:29,550 [0f734c5b-620a-4a31-a7a8-a1d45a227569-groupManagement] INFO  server.RaftServerConfigKeys (ConfUtils.java:logGet(46)) - raft.server.leaderelection.member.majority-add = false (default)
2024-01-26 11:56:29,550 [0f734c5b-620a-4a31-a7a8-a1d45a227569-groupManagement] INFO  server.RaftServerConfigKeys (ConfUtils.java:logGet(46)) - raft.server.sleep.deviation.threshold = 300ms (default)
2024-01-26 11:56:29,550 [0f734c5b-620a-4a31-a7a8-a1d45a227569-groupManagement] INFO  server.RaftServer$Division (ServerState.java:<init>(113)) - 0f734c5b-620a-4a31-a7a8-a1d45a227569@group-EE265D257B52: ConfigurationManager, init=-1: peers:[b514b48b-a23c-4b35-9087-6efcb4999551|10.1.0.50:15067, 0f734c5b-620a-4a31-a7a8-a1d45a227569|10.1.0.50:15049, 9cb68909-d63b-4c8c-a8c2-d1f5498e35c0|10.1.0.50:15058]|listeners:[], old=null, confs=<EMPTY_MAP>
2024-01-26 11:56:29,550 [0f734c5b-620a-4a31-a7a8-a1d45a227569-groupManagement] INFO  server.RaftServerConfigKeys (ConfUtils.java:logGet(46)) - raft.server.notification.no-leader.timeout = 300s (custom)
2024-01-26 11:56:29,550 [0f734c5b-620a-4a31-a7a8-a1d45a227569-groupManagement] INFO  server.RaftServerConfigKeys (ConfUtils.java:logGet(46)) - raft.server.read.timeout = 10s (default)
2024-01-26 11:56:29,550 [0f734c5b-620a-4a31-a7a8-a1d45a227569-groupManagement] INFO  server.RaftServerConfigKeys (ConfUtils.java:logGet(46)) - raft.server.retrycache.expirytime = 600000ms (custom)
2024-01-26 11:56:29,550 [0f734c5b-620a-4a31-a7a8-a1d45a227569-groupManagement] INFO  server.RaftServerConfigKeys (ConfUtils.java:logGet(46)) - raft.server.retrycache.statistics.expirytime = 100ms (default)
2024-01-26 11:56:29,550 [0f734c5b-620a-4a31-a7a8-a1d45a227569-groupManagement] INFO  server.RaftServerConfigKeys (ConfUtils.java:logGet(46)) - raft.server.read.option = DEFAULT (default)
2024-01-26 11:56:29,550 [0f734c5b-620a-4a31-a7a8-a1d45a227569-groupManagement] INFO  server.RaftServerConfigKeys (ConfUtils.java:logGet(46)) - raft.server.read.read-after-write-consistent.write-index-cache.expiry-time = 60s (default)
2024-01-26 11:56:29,553 [0f734c5b-620a-4a31-a7a8-a1d45a227569-groupManagement] INFO  server.RaftServerConfigKeys (ConfUtils.java:logGet(46)) - raft.server.rpc.request.timeout = 60s (custom)
2024-01-26 11:56:29,553 [0f734c5b-620a-4a31-a7a8-a1d45a227569-groupManagement] INFO  server.RaftServerConfigKeys (ConfUtils.java:logGet(46)) - raft.server.log.appender.install.snapshot.enabled = false (custom)
2024-01-26 11:56:29,553 [0f734c5b-620a-4a31-a7a8-a1d45a227569-groupManagement] INFO  server.RaftServerConfigKeys (ConfUtils.java:logGet(46)) - raft.server.threadpool.server.cached = true (default)
2024-01-26 11:56:29,553 [0f734c5b-620a-4a31-a7a8-a1d45a227569-groupManagement] INFO  server.RaftServerConfigKeys (ConfUtils.java:logGet(46)) - raft.server.threadpool.server.size = 0 (default)
2024-01-26 11:56:29,553 [0f734c5b-620a-4a31-a7a8-a1d45a227569-groupManagement] INFO  server.RaftServerConfigKeys (ConfUtils.java:logGet(46)) - raft.server.threadpool.client.cached = true (default)
2024-01-26 11:56:29,553 [0f734c5b-620a-4a31-a7a8-a1d45a227569-groupManagement] INFO  server.RaftServerConfigKeys (ConfUtils.java:logGet(46)) - raft.server.threadpool.client.size = 0 (default)
2024-01-26 11:56:29,553 [0f734c5b-620a-4a31-a7a8-a1d45a227569-groupManagement] INFO  server.RaftServerConfigKeys (ConfUtils.java:logGet(46)) - raft.server.storage.free-space.min = 0MB (=0) (default)
2024-01-26 11:56:29,553 [0f734c5b-620a-4a31-a7a8-a1d45a227569-groupManagement] INFO  server.RaftServerConfigKeys (ConfUtils.java:logGet(46)) - raft.server.log.corruption.policy = EXCEPTION (default)
2024-01-26 11:56:29,554 [0f734c5b-620a-4a31-a7a8-a1d45a227569-groupManagement] INFO  server.RaftServerConfigKeys (ConfUtils.java:logGet(46)) - raft.server.storage.dir = [/home/runner/work/ozone/ozone/hadoop-ozone/integration-test/target/test-dir/MiniOzoneClusterImpl-47c92df5-8859-41b8-9f26-037451183754/datanode-0/data/ratis] (custom)
2024-01-26 11:56:29,554 [0f734c5b-620a-4a31-a7a8-a1d45a227569-groupManagement] INFO  storage.RaftStorageDirectory (RaftStorageDirectoryImpl.java:analyzeStorage(138)) - The storage directory /home/runner/work/ozone/ozone/hadoop-ozone/integration-test/target/test-dir/MiniOzoneClusterImpl-47c92df5-8859-41b8-9f26-037451183754/datanode-0/data/ratis/003d7111-6c20-4dd4-941b-ee265d257b52 does not exist. Creating ...
2024-01-26 11:56:29,554 [0f734c5b-620a-4a31-a7a8-a1d45a227569-groupManagement] INFO  storage.RaftStorageDirectory (RaftStorageDirectoryImpl.java:tryLock(228)) - Lock on /home/runner/work/ozone/ozone/hadoop-ozone/integration-test/target/test-dir/MiniOzoneClusterImpl-47c92df5-8859-41b8-9f26-037451183754/datanode-0/data/ratis/003d7111-6c20-4dd4-941b-ee265d257b52/in_use.lock acquired by nodename 67451@fv-az1250-627
2024-01-26 11:56:29,555 [0f734c5b-620a-4a31-a7a8-a1d45a227569-groupManagement] INFO  storage.RaftStorage (RaftStorageImpl.java:format(99)) - Storage directory /home/runner/work/ozone/ozone/hadoop-ozone/integration-test/target/test-dir/MiniOzoneClusterImpl-47c92df5-8859-41b8-9f26-037451183754/datanode-0/data/ratis/003d7111-6c20-4dd4-941b-ee265d257b52 has been successfully formatted.
2024-01-26 11:56:29,555 [0f734c5b-620a-4a31-a7a8-a1d45a227569-groupManagement] WARN  util.FileUtils (LogUtils.java:supplyAndLog(63)) - Failed to Files.newInputStream /home/runner/work/ozone/ozone/hadoop-ozone/integration-test/target/test-dir/MiniOzoneClusterImpl-47c92df5-8859-41b8-9f26-037451183754/datanode-0/data/ratis/003d7111-6c20-4dd4-941b-ee265d257b52/current/raft-meta.conf with options []: java.nio.file.NoSuchFileException: /home/runner/work/ozone/ozone/hadoop-ozone/integration-test/target/test-dir/MiniOzoneClusterImpl-47c92df5-8859-41b8-9f26-037451183754/datanode-0/data/ratis/003d7111-6c20-4dd4-941b-ee265d257b52/current/raft-meta.conf
2024-01-26 11:56:29,556 [0f734c5b-620a-4a31-a7a8-a1d45a227569-groupManagement] INFO  ratis.ContainerStateMachine (ContainerStateMachine.java:loadSnapshot(287)) - group-EE265D257B52: The snapshot info is null. Setting the last applied index to:(t:0, i:~)
2024-01-26 11:56:29,556 [0f734c5b-620a-4a31-a7a8-a1d45a227569-groupManagement] INFO  server.RaftServerConfigKeys (ConfUtils.java:logGet(46)) - raft.server.log.use.memory = false (default)
2024-01-26 11:56:29,556 [0f734c5b-620a-4a31-a7a8-a1d45a227569-groupManagement] INFO  server.RaftServerConfigKeys (ConfUtils.java:logGet(46)) - raft.server.log.purge.gap = 1000000 (custom)
2024-01-26 11:56:29,556 [0f734c5b-620a-4a31-a7a8-a1d45a227569-groupManagement] INFO  server.RaftServerConfigKeys (ConfUtils.java:logGet(46)) - raft.server.log.appender.buffer.byte-limit = 8388608 (custom)
2024-01-26 11:56:29,556 [0f734c5b-620a-4a31-a7a8-a1d45a227569-groupManagement] INFO  server.RaftServerConfigKeys (ConfUtils.java:logGet(46)) - raft.server.log.statemachine.data.read.timeout = 1000ms (default)
2024-01-26 11:56:29,556 [0f734c5b-620a-4a31-a7a8-a1d45a227569-groupManagement] INFO  server.RaftServerConfigKeys (ConfUtils.java:logGet(46)) - raft.server.log.purge.preservation.log.num = 0 (default)
2024-01-26 11:56:29,558 [0f734c5b-620a-4a31-a7a8-a1d45a227569-groupManagement] INFO  server.RaftServerConfigKeys (ConfUtils.java:logGet(46)) - raft.server.log.segment.size.max = 67108864 (custom)
2024-01-26 11:56:29,558 [0f734c5b-620a-4a31-a7a8-a1d45a227569-groupManagement] INFO  server.RaftServerConfigKeys (ConfUtils.java:logGet(46)) - raft.server.log.segment.cache.num.max = 2 (custom)
2024-01-26 11:56:29,558 [0f734c5b-620a-4a31-a7a8-a1d45a227569-groupManagement] INFO  server.RaftServerConfigKeys (ConfUtils.java:logGet(46)) - raft.server.log.segment.cache.size.max = 200MB (=209715200) (default)
2024-01-26 11:56:29,558 [0f734c5b-620a-4a31-a7a8-a1d45a227569-groupManagement] INFO  server.RaftServerConfigKeys (ConfUtils.java:logGet(46)) - raft.server.log.appender.buffer.byte-limit = 8388608 (custom)
2024-01-26 11:56:29,558 [0f734c5b-620a-4a31-a7a8-a1d45a227569-groupManagement] INFO  util.AwaitToRun (AwaitToRun.java:start(81)) - Thread[0f734c5b-620a-4a31-a7a8-a1d45a227569@group-EE265D257B52-cacheEviction-AwaitToRun,5,main] started
2024-01-26 11:56:29,558 [0f734c5b-620a-4a31-a7a8-a1d45a227569-groupManagement] INFO  segmented.SegmentedRaftLogWorker (SegmentedRaftLogWorker.java:<init>(182)) - new 0f734c5b-620a-4a31-a7a8-a1d45a227569@group-EE265D257B52-SegmentedRaftLogWorker for RaftStorageImpl:Storage Directory /home/runner/work/ozone/ozone/hadoop-ozone/integration-test/target/test-dir/MiniOzoneClusterImpl-47c92df5-8859-41b8-9f26-037451183754/datanode-0/data/ratis/003d7111-6c20-4dd4-941b-ee265d257b52
2024-01-26 11:56:29,559 [0f734c5b-620a-4a31-a7a8-a1d45a227569-groupManagement] INFO  server.RaftServerConfigKeys (ConfUtils.java:logGet(46)) - raft.server.log.queue.byte-limit = 4294967296 (custom)
2024-01-26 11:56:29,559 [0f734c5b-620a-4a31-a7a8-a1d45a227569-groupManagement] INFO  server.RaftServerConfigKeys (ConfUtils.java:logGet(46)) - raft.server.log.queue.element-limit = 1024 (custom)
2024-01-26 11:56:29,559 [0f734c5b-620a-4a31-a7a8-a1d45a227569-groupManagement] INFO  server.RaftServerConfigKeys (ConfUtils.java:logGet(46)) - raft.server.log.segment.size.max = 67108864 (custom)
2024-01-26 11:56:29,559 [0f734c5b-620a-4a31-a7a8-a1d45a227569-groupManagement] INFO  server.RaftServerConfigKeys (ConfUtils.java:logGet(46)) - raft.server.log.preallocated.size = 4194304 (custom)
2024-01-26 11:56:29,559 [0f734c5b-620a-4a31-a7a8-a1d45a227569-groupManagement] INFO  server.RaftServerConfigKeys (ConfUtils.java:logGet(46)) - raft.server.log.force.sync.num = 128 (default)
2024-01-26 11:56:29,559 [0f734c5b-620a-4a31-a7a8-a1d45a227569-groupManagement] INFO  server.RaftServerConfigKeys (ConfUtils.java:logGet(46)) - raft.server.log.statemachine.data.sync = true (default)
2024-01-26 11:56:29,559 [EventQueue-OpenPipelineForHealthyPipelineSafeModeRule] INFO  safemode.SCMSafeModeManager (HealthyPipelineSafeModeRule.java:process(140)) - SCM in safe mode. Healthy pipelines reported count is 0, required healthy pipeline reported count is 1
2024-01-26 11:56:29,559 [0f734c5b-620a-4a31-a7a8-a1d45a227569-groupManagement] INFO  server.RaftServerConfigKeys (ConfUtils.java:logGet(46)) - raft.server.log.statemachine.data.sync.timeout = 10s (default)
2024-01-26 11:56:29,559 [0f734c5b-620a-4a31-a7a8-a1d45a227569-groupManagement] INFO  server.RaftServerConfigKeys (ConfUtils.java:logGet(46)) - raft.server.log.statemachine.data.sync.timeout.retry = 0 (custom)
2024-01-26 11:56:29,560 [0f734c5b-620a-4a31-a7a8-a1d45a227569-groupManagement] INFO  server.RaftServerConfigKeys (ConfUtils.java:logGet(46)) - raft.server.log.write.buffer.size = 8388616 (custom)
2024-01-26 11:56:29,561 [0f734c5b-620a-4a31-a7a8-a1d45a227569-groupManagement] INFO  server.RaftServerConfigKeys (ConfUtils.java:logGet(46)) - raft.server.log.appender.buffer.byte-limit = 8388608 (custom)
2024-01-26 11:56:29,561 [0f734c5b-620a-4a31-a7a8-a1d45a227569-groupManagement] INFO  server.RaftServerConfigKeys (ConfUtils.java:logGet(46)) - raft.server.log.unsafe-flush.enabled = false (default)
2024-01-26 11:56:29,561 [0f734c5b-620a-4a31-a7a8-a1d45a227569-groupManagement] INFO  server.RaftServerConfigKeys (ConfUtils.java:logGet(46)) - raft.server.log.async-flush.enabled = false (default)
2024-01-26 11:56:29,561 [0f734c5b-620a-4a31-a7a8-a1d45a227569-groupManagement] INFO  server.RaftServerConfigKeys (ConfUtils.java:logGet(46)) - raft.server.log.statemachine.data.caching.enabled = true (custom)
2024-01-26 11:56:29,561 [0f734c5b-620a-4a31-a7a8-a1d45a227569-groupManagement] INFO  segmented.SegmentedRaftLogWorker (SegmentedRaftLogWorker.java:lambda$new$0(134)) - 0f734c5b-620a-4a31-a7a8-a1d45a227569@group-EE265D257B52-SegmentedRaftLogWorker: flushIndex: setUnconditionally 0 -> -1
2024-01-26 11:56:29,561 [0f734c5b-620a-4a31-a7a8-a1d45a227569-groupManagement] INFO  segmented.SegmentedRaftLogWorker (SegmentedRaftLogWorker.java:lambda$new$0(134)) - 0f734c5b-620a-4a31-a7a8-a1d45a227569@group-EE265D257B52-SegmentedRaftLogWorker: safeCacheEvictIndex: setUnconditionally 0 -> -1
2024-01-26 11:56:29,562 [0f734c5b-620a-4a31-a7a8-a1d45a227569-groupManagement] INFO  server.RaftServer$Division (RaftServerImpl.java:start(396)) - 0f734c5b-620a-4a31-a7a8-a1d45a227569@group-EE265D257B52: start as a follower, conf=-1: peers:[b514b48b-a23c-4b35-9087-6efcb4999551|10.1.0.50:15067, 0f734c5b-620a-4a31-a7a8-a1d45a227569|10.1.0.50:15049, 9cb68909-d63b-4c8c-a8c2-d1f5498e35c0|10.1.0.50:15058]|listeners:[], old=null
2024-01-26 11:56:29,562 [0f734c5b-620a-4a31-a7a8-a1d45a227569-groupManagement] INFO  server.RaftServer$Division (RaftServerImpl.java:setRole(383)) - 0f734c5b-620a-4a31-a7a8-a1d45a227569@group-EE265D257B52: changes role from      null to FOLLOWER at term 0 for startAsFollower
2024-01-26 11:56:29,562 [0f734c5b-620a-4a31-a7a8-a1d45a227569-groupManagement] INFO  impl.RoleInfo (RoleInfo.java:updateAndGet(139)) - 0f734c5b-620a-4a31-a7a8-a1d45a227569: start 0f734c5b-620a-4a31-a7a8-a1d45a227569@group-EE265D257B52-FollowerState
2024-01-26 11:56:29,562 [0f734c5b-620a-4a31-a7a8-a1d45a227569-groupManagement] INFO  util.JmxRegister (JmxRegister.java:tryRegister(44)) - Successfully registered JMX Bean with object name Ratis:service=RaftServer,group=group-EE265D257B52,id=0f734c5b-620a-4a31-a7a8-a1d45a227569
2024-01-26 11:56:29,562 [0f734c5b-620a-4a31-a7a8-a1d45a227569@group-EE265D257B52-FollowerState] INFO  server.RaftServerConfigKeys (ConfUtils.java:logFallback(53)) - raft.server.rpc.first-election.timeout.min = 5s (fallback to raft.server.rpc.timeout.min)
2024-01-26 11:56:29,562 [0f734c5b-620a-4a31-a7a8-a1d45a227569-groupManagement] INFO  server.RaftServerConfigKeys (ConfUtils.java:logGet(46)) - raft.server.snapshot.trigger-when-stop.enabled = true (default)
2024-01-26 11:56:29,562 [0f734c5b-620a-4a31-a7a8-a1d45a227569@group-EE265D257B52-FollowerState] INFO  server.RaftServerConfigKeys (ConfUtils.java:logFallback(53)) - raft.server.rpc.first-election.timeout.max = 5200ms (fallback to raft.server.rpc.timeout.max)
2024-01-26 11:56:29,562 [0f734c5b-620a-4a31-a7a8-a1d45a227569-groupManagement] INFO  server.RaftServerConfigKeys (ConfUtils.java:logGet(46)) - raft.server.snapshot.auto.trigger.enabled = true (custom)
2024-01-26 11:56:29,562 [0f734c5b-620a-4a31-a7a8-a1d45a227569-groupManagement] INFO  server.RaftServerConfigKeys (ConfUtils.java:logGet(46)) - raft.server.snapshot.auto.trigger.threshold = 10000 (custom)
2024-01-26 11:56:29,563 [0f734c5b-620a-4a31-a7a8-a1d45a227569-groupManagement] INFO  server.RaftServerConfigKeys (ConfUtils.java:logGet(46)) - raft.server.snapshot.retention.file.num = 5 (custom)
2024-01-26 11:56:29,563 [0f734c5b-620a-4a31-a7a8-a1d45a227569-groupManagement] INFO  server.RaftServerConfigKeys (ConfUtils.java:logGet(46)) - raft.server.log.purge.upto.snapshot.index = false (default)
2024-01-26 11:56:29,563 [0f734c5b-620a-4a31-a7a8-a1d45a227569-PipelineCommandHandlerThread-0] INFO  ratis.XceiverServerRatis (XceiverServerRatis.java:addGroup(842)) - Created group PipelineID=003d7111-6c20-4dd4-941b-ee265d257b52
2024-01-26 11:56:29,572 [grpc-default-executor-0] INFO  server.RaftServer (RaftServerProxy.java:addNew(100)) - 9cb68909-d63b-4c8c-a8c2-d1f5498e35c0: addNew group-EE265D257B52:[b514b48b-a23c-4b35-9087-6efcb4999551|10.1.0.50:15067, 0f734c5b-620a-4a31-a7a8-a1d45a227569|10.1.0.50:15049, 9cb68909-d63b-4c8c-a8c2-d1f5498e35c0|10.1.0.50:15058] returns group-EE265D257B52:java.util.concurrent.CompletableFuture@7809507[Not completed]
2024-01-26 11:56:29,573 [9cb68909-d63b-4c8c-a8c2-d1f5498e35c0-groupManagement] INFO  server.RaftServer$Division (RaftServerImpl.java:<init>(256)) - 9cb68909-d63b-4c8c-a8c2-d1f5498e35c0: new RaftServerImpl for group-EE265D257B52:[b514b48b-a23c-4b35-9087-6efcb4999551|10.1.0.50:15067, 0f734c5b-620a-4a31-a7a8-a1d45a227569|10.1.0.50:15049, 9cb68909-d63b-4c8c-a8c2-d1f5498e35c0|10.1.0.50:15058] with ContainerStateMachine:uninitialized
2024-01-26 11:56:29,573 [9cb68909-d63b-4c8c-a8c2-d1f5498e35c0-groupManagement] INFO  server.RaftServerConfigKeys (ConfUtils.java:logGet(46)) - raft.server.rpc.timeout.min = 5s (custom)
2024-01-26 11:56:29,573 [9cb68909-d63b-4c8c-a8c2-d1f5498e35c0-groupManagement] INFO  server.RaftServerConfigKeys (ConfUtils.java:logGet(46)) - raft.server.rpc.timeout.max = 5200ms (custom)
2024-01-26 11:56:29,573 [9cb68909-d63b-4c8c-a8c2-d1f5498e35c0-groupManagement] INFO  server.RaftServerConfigKeys (ConfUtils.java:logGet(46)) - raft.server.rpc.sleep.time = 25ms (default)
2024-01-26 11:56:29,573 [9cb68909-d63b-4c8c-a8c2-d1f5498e35c0-groupManagement] INFO  server.RaftServerConfigKeys (ConfUtils.java:logGet(46)) - raft.server.rpc.slowness.timeout = 300s (custom)
2024-01-26 11:56:29,573 [9cb68909-d63b-4c8c-a8c2-d1f5498e35c0-groupManagement] INFO  server.RaftServerConfigKeys (ConfUtils.java:logGet(46)) - raft.server.leaderelection.leader.step-down.wait-time = 10s (default)
2024-01-26 11:56:29,573 [9cb68909-d63b-4c8c-a8c2-d1f5498e35c0-groupManagement] INFO  server.RaftServerConfigKeys (ConfUtils.java:logGet(46)) - raft.server.leaderelection.member.majority-add = false (default)
2024-01-26 11:56:29,573 [9cb68909-d63b-4c8c-a8c2-d1f5498e35c0-groupManagement] INFO  server.RaftServerConfigKeys (ConfUtils.java:logGet(46)) - raft.server.sleep.deviation.threshold = 300ms (default)
2024-01-26 11:56:29,574 [9cb68909-d63b-4c8c-a8c2-d1f5498e35c0-groupManagement] INFO  server.RaftServer$Division (ServerState.java:<init>(113)) - 9cb68909-d63b-4c8c-a8c2-d1f5498e35c0@group-EE265D257B52: ConfigurationManager, init=-1: peers:[b514b48b-a23c-4b35-9087-6efcb4999551|10.1.0.50:15067, 0f734c5b-620a-4a31-a7a8-a1d45a227569|10.1.0.50:15049, 9cb68909-d63b-4c8c-a8c2-d1f5498e35c0|10.1.0.50:15058]|listeners:[], old=null, confs=<EMPTY_MAP>
2024-01-26 11:56:29,574 [9cb68909-d63b-4c8c-a8c2-d1f5498e35c0-groupManagement] INFO  server.RaftServerConfigKeys (ConfUtils.java:logGet(46)) - raft.server.notification.no-leader.timeout = 300s (custom)
2024-01-26 11:56:29,574 [9cb68909-d63b-4c8c-a8c2-d1f5498e35c0-groupManagement] INFO  server.RaftServerConfigKeys (ConfUtils.java:logGet(46)) - raft.server.read.timeout = 10s (default)
2024-01-26 11:56:29,574 [9cb68909-d63b-4c8c-a8c2-d1f5498e35c0-groupManagement] INFO  server.RaftServerConfigKeys (ConfUtils.java:logGet(46)) - raft.server.retrycache.expirytime = 600000ms (custom)
2024-01-26 11:56:29,574 [9cb68909-d63b-4c8c-a8c2-d1f5498e35c0-groupManagement] INFO  server.RaftServerConfigKeys (ConfUtils.java:logGet(46)) - raft.server.retrycache.statistics.expirytime = 100ms (default)
2024-01-26 11:56:29,574 [9cb68909-d63b-4c8c-a8c2-d1f5498e35c0-groupManagement] INFO  server.RaftServerConfigKeys (ConfUtils.java:logGet(46)) - raft.server.read.option = DEFAULT (default)
2024-01-26 11:56:29,574 [9cb68909-d63b-4c8c-a8c2-d1f5498e35c0-groupManagement] INFO  server.RaftServerConfigKeys (ConfUtils.java:logGet(46)) - raft.server.read.read-after-write-consistent.write-index-cache.expiry-time = 60s (default)
2024-01-26 11:56:29,576 [9cb68909-d63b-4c8c-a8c2-d1f5498e35c0-groupManagement] INFO  server.RaftServerConfigKeys (ConfUtils.java:logGet(46)) - raft.server.rpc.request.timeout = 60s (custom)
2024-01-26 11:56:29,576 [9cb68909-d63b-4c8c-a8c2-d1f5498e35c0-groupManagement] INFO  server.RaftServerConfigKeys (ConfUtils.java:logGet(46)) - raft.server.log.appender.install.snapshot.enabled = false (custom)
2024-01-26 11:56:29,576 [9cb68909-d63b-4c8c-a8c2-d1f5498e35c0-groupManagement] INFO  server.RaftServerConfigKeys (ConfUtils.java:logGet(46)) - raft.server.threadpool.server.cached = true (default)
2024-01-26 11:56:29,576 [9cb68909-d63b-4c8c-a8c2-d1f5498e35c0-groupManagement] INFO  server.RaftServerConfigKeys (ConfUtils.java:logGet(46)) - raft.server.threadpool.server.size = 0 (default)
2024-01-26 11:56:29,576 [9cb68909-d63b-4c8c-a8c2-d1f5498e35c0-groupManagement] INFO  server.RaftServerConfigKeys (ConfUtils.java:logGet(46)) - raft.server.threadpool.client.cached = true (default)
2024-01-26 11:56:29,576 [9cb68909-d63b-4c8c-a8c2-d1f5498e35c0-groupManagement] INFO  server.RaftServerConfigKeys (ConfUtils.java:logGet(46)) - raft.server.threadpool.client.size = 0 (default)
2024-01-26 11:56:29,577 [9cb68909-d63b-4c8c-a8c2-d1f5498e35c0-groupManagement] INFO  server.RaftServerConfigKeys (ConfUtils.java:logGet(46)) - raft.server.storage.free-space.min = 0MB (=0) (default)
2024-01-26 11:56:29,577 [9cb68909-d63b-4c8c-a8c2-d1f5498e35c0-groupManagement] INFO  server.RaftServerConfigKeys (ConfUtils.java:logGet(46)) - raft.server.log.corruption.policy = EXCEPTION (default)
2024-01-26 11:56:29,577 [9cb68909-d63b-4c8c-a8c2-d1f5498e35c0-groupManagement] INFO  server.RaftServerConfigKeys (ConfUtils.java:logGet(46)) - raft.server.storage.dir = [/home/runner/work/ozone/ozone/hadoop-ozone/integration-test/target/test-dir/MiniOzoneClusterImpl-47c92df5-8859-41b8-9f26-037451183754/datanode-1/data/ratis] (custom)
2024-01-26 11:56:29,577 [9cb68909-d63b-4c8c-a8c2-d1f5498e35c0-groupManagement] INFO  storage.RaftStorageDirectory (RaftStorageDirectoryImpl.java:analyzeStorage(138)) - The storage directory /home/runner/work/ozone/ozone/hadoop-ozone/integration-test/target/test-dir/MiniOzoneClusterImpl-47c92df5-8859-41b8-9f26-037451183754/datanode-1/data/ratis/003d7111-6c20-4dd4-941b-ee265d257b52 does not exist. Creating ...
2024-01-26 11:56:29,578 [9cb68909-d63b-4c8c-a8c2-d1f5498e35c0-groupManagement] INFO  storage.RaftStorageDirectory (RaftStorageDirectoryImpl.java:tryLock(228)) - Lock on /home/runner/work/ozone/ozone/hadoop-ozone/integration-test/target/test-dir/MiniOzoneClusterImpl-47c92df5-8859-41b8-9f26-037451183754/datanode-1/data/ratis/003d7111-6c20-4dd4-941b-ee265d257b52/in_use.lock acquired by nodename 67451@fv-az1250-627
2024-01-26 11:56:29,578 [9cb68909-d63b-4c8c-a8c2-d1f5498e35c0-groupManagement] INFO  storage.RaftStorage (RaftStorageImpl.java:format(99)) - Storage directory /home/runner/work/ozone/ozone/hadoop-ozone/integration-test/target/test-dir/MiniOzoneClusterImpl-47c92df5-8859-41b8-9f26-037451183754/datanode-1/data/ratis/003d7111-6c20-4dd4-941b-ee265d257b52 has been successfully formatted.
2024-01-26 11:56:29,579 [9cb68909-d63b-4c8c-a8c2-d1f5498e35c0-groupManagement] WARN  util.FileUtils (LogUtils.java:supplyAndLog(63)) - Failed to Files.newInputStream /home/runner/work/ozone/ozone/hadoop-ozone/integration-test/target/test-dir/MiniOzoneClusterImpl-47c92df5-8859-41b8-9f26-037451183754/datanode-1/data/ratis/003d7111-6c20-4dd4-941b-ee265d257b52/current/raft-meta.conf with options []: java.nio.file.NoSuchFileException: /home/runner/work/ozone/ozone/hadoop-ozone/integration-test/target/test-dir/MiniOzoneClusterImpl-47c92df5-8859-41b8-9f26-037451183754/datanode-1/data/ratis/003d7111-6c20-4dd4-941b-ee265d257b52/current/raft-meta.conf
2024-01-26 11:56:29,580 [9cb68909-d63b-4c8c-a8c2-d1f5498e35c0-groupManagement] INFO  ratis.ContainerStateMachine (ContainerStateMachine.java:loadSnapshot(287)) - group-EE265D257B52: The snapshot info is null. Setting the last applied index to:(t:0, i:~)
2024-01-26 11:56:29,580 [9cb68909-d63b-4c8c-a8c2-d1f5498e35c0-groupManagement] INFO  server.RaftServerConfigKeys (ConfUtils.java:logGet(46)) - raft.server.log.use.memory = false (default)
2024-01-26 11:56:29,580 [9cb68909-d63b-4c8c-a8c2-d1f5498e35c0-groupManagement] INFO  server.RaftServerConfigKeys (ConfUtils.java:logGet(46)) - raft.server.log.purge.gap = 1000000 (custom)
2024-01-26 11:56:29,580 [9cb68909-d63b-4c8c-a8c2-d1f5498e35c0-groupManagement] INFO  server.RaftServerConfigKeys (ConfUtils.java:logGet(46)) - raft.server.log.appender.buffer.byte-limit = 8388608 (custom)
2024-01-26 11:56:29,580 [9cb68909-d63b-4c8c-a8c2-d1f5498e35c0-groupManagement] INFO  server.RaftServerConfigKeys (ConfUtils.java:logGet(46)) - raft.server.log.statemachine.data.read.timeout = 1000ms (default)
2024-01-26 11:56:29,580 [9cb68909-d63b-4c8c-a8c2-d1f5498e35c0-groupManagement] INFO  server.RaftServerConfigKeys (ConfUtils.java:logGet(46)) - raft.server.log.purge.preservation.log.num = 0 (default)
2024-01-26 11:56:29,582 [9cb68909-d63b-4c8c-a8c2-d1f5498e35c0-groupManagement] INFO  server.RaftServerConfigKeys (ConfUtils.java:logGet(46)) - raft.server.log.segment.size.max = 67108864 (custom)
2024-01-26 11:56:29,582 [9cb68909-d63b-4c8c-a8c2-d1f5498e35c0-groupManagement] INFO  server.RaftServerConfigKeys (ConfUtils.java:logGet(46)) - raft.server.log.segment.cache.num.max = 2 (custom)
2024-01-26 11:56:29,582 [9cb68909-d63b-4c8c-a8c2-d1f5498e35c0-groupManagement] INFO  server.RaftServerConfigKeys (ConfUtils.java:logGet(46)) - raft.server.log.segment.cache.size.max = 200MB (=209715200) (default)
2024-01-26 11:56:29,582 [9cb68909-d63b-4c8c-a8c2-d1f5498e35c0-groupManagement] INFO  server.RaftServerConfigKeys (ConfUtils.java:logGet(46)) - raft.server.log.appender.buffer.byte-limit = 8388608 (custom)
2024-01-26 11:56:29,582 [9cb68909-d63b-4c8c-a8c2-d1f5498e35c0-groupManagement] INFO  util.AwaitToRun (AwaitToRun.java:start(81)) - Thread[9cb68909-d63b-4c8c-a8c2-d1f5498e35c0@group-EE265D257B52-cacheEviction-AwaitToRun,5,main] started
2024-01-26 11:56:29,582 [9cb68909-d63b-4c8c-a8c2-d1f5498e35c0-groupManagement] INFO  segmented.SegmentedRaftLogWorker (SegmentedRaftLogWorker.java:<init>(182)) - new 9cb68909-d63b-4c8c-a8c2-d1f5498e35c0@group-EE265D257B52-SegmentedRaftLogWorker for RaftStorageImpl:Storage Directory /home/runner/work/ozone/ozone/hadoop-ozone/integration-test/target/test-dir/MiniOzoneClusterImpl-47c92df5-8859-41b8-9f26-037451183754/datanode-1/data/ratis/003d7111-6c20-4dd4-941b-ee265d257b52
2024-01-26 11:56:29,582 [9cb68909-d63b-4c8c-a8c2-d1f5498e35c0-groupManagement] INFO  server.RaftServerConfigKeys (ConfUtils.java:logGet(46)) - raft.server.log.queue.byte-limit = 4294967296 (custom)
2024-01-26 11:56:29,583 [9cb68909-d63b-4c8c-a8c2-d1f5498e35c0-groupManagement] INFO  server.RaftServerConfigKeys (ConfUtils.java:logGet(46)) - raft.server.log.queue.element-limit = 1024 (custom)
2024-01-26 11:56:29,583 [9cb68909-d63b-4c8c-a8c2-d1f5498e35c0-groupManagement] INFO  server.RaftServerConfigKeys (ConfUtils.java:logGet(46)) - raft.server.log.segment.size.max = 67108864 (custom)
2024-01-26 11:56:29,583 [9cb68909-d63b-4c8c-a8c2-d1f5498e35c0-groupManagement] INFO  server.RaftServerConfigKeys (ConfUtils.java:logGet(46)) - raft.server.log.preallocated.size = 4194304 (custom)
2024-01-26 11:56:29,583 [9cb68909-d63b-4c8c-a8c2-d1f5498e35c0-groupManagement] INFO  server.RaftServerConfigKeys (ConfUtils.java:logGet(46)) - raft.server.log.force.sync.num = 128 (default)
2024-01-26 11:56:29,583 [9cb68909-d63b-4c8c-a8c2-d1f5498e35c0-groupManagement] INFO  server.RaftServerConfigKeys (ConfUtils.java:logGet(46)) - raft.server.log.statemachine.data.sync = true (default)
2024-01-26 11:56:29,583 [9cb68909-d63b-4c8c-a8c2-d1f5498e35c0-groupManagement] INFO  server.RaftServerConfigKeys (ConfUtils.java:logGet(46)) - raft.server.log.statemachine.data.sync.timeout = 10s (default)
2024-01-26 11:56:29,583 [9cb68909-d63b-4c8c-a8c2-d1f5498e35c0-groupManagement] INFO  server.RaftServerConfigKeys (ConfUtils.java:logGet(46)) - raft.server.log.statemachine.data.sync.timeout.retry = 0 (custom)
2024-01-26 11:56:29,583 [9cb68909-d63b-4c8c-a8c2-d1f5498e35c0-groupManagement] INFO  server.RaftServerConfigKeys (ConfUtils.java:logGet(46)) - raft.server.log.write.buffer.size = 8388616 (custom)
2024-01-26 11:56:29,585 [9cb68909-d63b-4c8c-a8c2-d1f5498e35c0-groupManagement] INFO  server.RaftServerConfigKeys (ConfUtils.java:logGet(46)) - raft.server.log.appender.buffer.byte-limit = 8388608 (custom)
2024-01-26 11:56:29,585 [9cb68909-d63b-4c8c-a8c2-d1f5498e35c0-groupManagement] INFO  server.RaftServerConfigKeys (ConfUtils.java:logGet(46)) - raft.server.log.unsafe-flush.enabled = false (default)
2024-01-26 11:56:29,585 [9cb68909-d63b-4c8c-a8c2-d1f5498e35c0-groupManagement] INFO  server.RaftServerConfigKeys (ConfUtils.java:logGet(46)) - raft.server.log.async-flush.enabled = false (default)
2024-01-26 11:56:29,585 [9cb68909-d63b-4c8c-a8c2-d1f5498e35c0-groupManagement] INFO  server.RaftServerConfigKeys (ConfUtils.java:logGet(46)) - raft.server.log.statemachine.data.caching.enabled = true (custom)
2024-01-26 11:56:29,585 [9cb68909-d63b-4c8c-a8c2-d1f5498e35c0-groupManagement] INFO  segmented.SegmentedRaftLogWorker (SegmentedRaftLogWorker.java:lambda$new$0(134)) - 9cb68909-d63b-4c8c-a8c2-d1f5498e35c0@group-EE265D257B52-SegmentedRaftLogWorker: flushIndex: setUnconditionally 0 -> -1
2024-01-26 11:56:29,585 [9cb68909-d63b-4c8c-a8c2-d1f5498e35c0-groupManagement] INFO  segmented.SegmentedRaftLogWorker (SegmentedRaftLogWorker.java:lambda$new$0(134)) - 9cb68909-d63b-4c8c-a8c2-d1f5498e35c0@group-EE265D257B52-SegmentedRaftLogWorker: safeCacheEvictIndex: setUnconditionally 0 -> -1
2024-01-26 11:56:29,585 [9cb68909-d63b-4c8c-a8c2-d1f5498e35c0-groupManagement] INFO  server.RaftServer$Division (RaftServerImpl.java:start(396)) - 9cb68909-d63b-4c8c-a8c2-d1f5498e35c0@group-EE265D257B52: start as a follower, conf=-1: peers:[b514b48b-a23c-4b35-9087-6efcb4999551|10.1.0.50:15067, 0f734c5b-620a-4a31-a7a8-a1d45a227569|10.1.0.50:15049, 9cb68909-d63b-4c8c-a8c2-d1f5498e35c0|10.1.0.50:15058]|listeners:[], old=null
2024-01-26 11:56:29,586 [9cb68909-d63b-4c8c-a8c2-d1f5498e35c0-groupManagement] INFO  server.RaftServer$Division (RaftServerImpl.java:setRole(383)) - 9cb68909-d63b-4c8c-a8c2-d1f5498e35c0@group-EE265D257B52: changes role from      null to FOLLOWER at term 0 for startAsFollower
2024-01-26 11:56:29,586 [9cb68909-d63b-4c8c-a8c2-d1f5498e35c0-groupManagement] INFO  impl.RoleInfo (RoleInfo.java:updateAndGet(139)) - 9cb68909-d63b-4c8c-a8c2-d1f5498e35c0: start 9cb68909-d63b-4c8c-a8c2-d1f5498e35c0@group-EE265D257B52-FollowerState
2024-01-26 11:56:29,586 [9cb68909-d63b-4c8c-a8c2-d1f5498e35c0@group-EE265D257B52-FollowerState] INFO  server.RaftServerConfigKeys (ConfUtils.java:logFallback(53)) - raft.server.rpc.first-election.timeout.min = 5s (fallback to raft.server.rpc.timeout.min)
2024-01-26 11:56:29,586 [9cb68909-d63b-4c8c-a8c2-d1f5498e35c0@group-EE265D257B52-FollowerState] INFO  server.RaftServerConfigKeys (ConfUtils.java:logFallback(53)) - raft.server.rpc.first-election.timeout.max = 5200ms (fallback to raft.server.rpc.timeout.max)
2024-01-26 11:56:29,586 [9cb68909-d63b-4c8c-a8c2-d1f5498e35c0-groupManagement] INFO  util.JmxRegister (JmxRegister.java:tryRegister(44)) - Successfully registered JMX Bean with object name Ratis:service=RaftServer,group=group-EE265D257B52,id=9cb68909-d63b-4c8c-a8c2-d1f5498e35c0
2024-01-26 11:56:29,586 [9cb68909-d63b-4c8c-a8c2-d1f5498e35c0-groupManagement] INFO  server.RaftServerConfigKeys (ConfUtils.java:logGet(46)) - raft.server.snapshot.trigger-when-stop.enabled = true (default)
2024-01-26 11:56:29,586 [9cb68909-d63b-4c8c-a8c2-d1f5498e35c0-groupManagement] INFO  server.RaftServerConfigKeys (ConfUtils.java:logGet(46)) - raft.server.snapshot.auto.trigger.enabled = true (custom)
2024-01-26 11:56:29,586 [9cb68909-d63b-4c8c-a8c2-d1f5498e35c0-groupManagement] INFO  server.RaftServerConfigKeys (ConfUtils.java:logGet(46)) - raft.server.snapshot.auto.trigger.threshold = 10000 (custom)
2024-01-26 11:56:29,586 [9cb68909-d63b-4c8c-a8c2-d1f5498e35c0-groupManagement] INFO  server.RaftServerConfigKeys (ConfUtils.java:logGet(46)) - raft.server.snapshot.retention.file.num = 5 (custom)
2024-01-26 11:56:29,586 [9cb68909-d63b-4c8c-a8c2-d1f5498e35c0-groupManagement] INFO  server.RaftServerConfigKeys (ConfUtils.java:logGet(46)) - raft.server.log.purge.upto.snapshot.index = false (default)
2024-01-26 11:56:29,613 [9cb68909-d63b-4c8c-a8c2-d1f5498e35c0-PipelineCommandHandlerThread-0] INFO  server.RaftServer (RaftServerProxy.java:addNew(100)) - 9cb68909-d63b-4c8c-a8c2-d1f5498e35c0: addNew group-4EC49586B597:[9cb68909-d63b-4c8c-a8c2-d1f5498e35c0|10.1.0.50:15058] returns group-4EC49586B597:java.util.concurrent.CompletableFuture@7f7a73ef[Not completed]
2024-01-26 11:56:29,614 [grpc-default-executor-0] INFO  server.RaftServer (RaftServerProxy.java:addNew(100)) - b514b48b-a23c-4b35-9087-6efcb4999551: addNew group-EE265D257B52:[b514b48b-a23c-4b35-9087-6efcb4999551|10.1.0.50:15067, 0f734c5b-620a-4a31-a7a8-a1d45a227569|10.1.0.50:15049, 9cb68909-d63b-4c8c-a8c2-d1f5498e35c0|10.1.0.50:15058] returns group-EE265D257B52:java.util.concurrent.CompletableFuture@71ad3786[Not completed]
2024-01-26 11:56:29,616 [b514b48b-a23c-4b35-9087-6efcb4999551-groupManagement] INFO  server.RaftServer$Division (RaftServerImpl.java:<init>(256)) - b514b48b-a23c-4b35-9087-6efcb4999551: new RaftServerImpl for group-EE265D257B52:[b514b48b-a23c-4b35-9087-6efcb4999551|10.1.0.50:15067, 0f734c5b-620a-4a31-a7a8-a1d45a227569|10.1.0.50:15049, 9cb68909-d63b-4c8c-a8c2-d1f5498e35c0|10.1.0.50:15058] with ContainerStateMachine:uninitialized
2024-01-26 11:56:29,617 [9cb68909-d63b-4c8c-a8c2-d1f5498e35c0-groupManagement] INFO  server.RaftServer$Division (RaftServerImpl.java:<init>(256)) - 9cb68909-d63b-4c8c-a8c2-d1f5498e35c0: new RaftServerImpl for group-4EC49586B597:[9cb68909-d63b-4c8c-a8c2-d1f5498e35c0|10.1.0.50:15058] with ContainerStateMachine:uninitialized
2024-01-26 11:56:29,617 [9cb68909-d63b-4c8c-a8c2-d1f5498e35c0-groupManagement] INFO  server.RaftServerConfigKeys (ConfUtils.java:logGet(46)) - raft.server.rpc.timeout.min = 5s (custom)
2024-01-26 11:56:29,617 [9cb68909-d63b-4c8c-a8c2-d1f5498e35c0-groupManagement] INFO  server.RaftServerConfigKeys (ConfUtils.java:logGet(46)) - raft.server.rpc.timeout.max = 5200ms (custom)
2024-01-26 11:56:29,617 [9cb68909-d63b-4c8c-a8c2-d1f5498e35c0-groupManagement] INFO  server.RaftServerConfigKeys (ConfUtils.java:logGet(46)) - raft.server.rpc.sleep.time = 25ms (default)
2024-01-26 11:56:29,617 [9cb68909-d63b-4c8c-a8c2-d1f5498e35c0-groupManagement] INFO  server.RaftServerConfigKeys (ConfUtils.java:logGet(46)) - raft.server.rpc.slowness.timeout = 300s (custom)
2024-01-26 11:56:29,617 [9cb68909-d63b-4c8c-a8c2-d1f5498e35c0-groupManagement] INFO  server.RaftServerConfigKeys (ConfUtils.java:logGet(46)) - raft.server.leaderelection.leader.step-down.wait-time = 10s (default)
2024-01-26 11:56:29,617 [9cb68909-d63b-4c8c-a8c2-d1f5498e35c0-groupManagement] INFO  server.RaftServerConfigKeys (ConfUtils.java:logGet(46)) - raft.server.leaderelection.member.majority-add = false (default)
2024-01-26 11:56:29,617 [9cb68909-d63b-4c8c-a8c2-d1f5498e35c0-groupManagement] INFO  server.RaftServerConfigKeys (ConfUtils.java:logGet(46)) - raft.server.sleep.deviation.threshold = 300ms (default)
2024-01-26 11:56:29,617 [9cb68909-d63b-4c8c-a8c2-d1f5498e35c0-groupManagement] INFO  server.RaftServer$Division (ServerState.java:<init>(113)) - 9cb68909-d63b-4c8c-a8c2-d1f5498e35c0@group-4EC49586B597: ConfigurationManager, init=-1: peers:[9cb68909-d63b-4c8c-a8c2-d1f5498e35c0|10.1.0.50:15058]|listeners:[], old=null, confs=<EMPTY_MAP>
2024-01-26 11:56:29,617 [9cb68909-d63b-4c8c-a8c2-d1f5498e35c0-groupManagement] INFO  server.RaftServerConfigKeys (ConfUtils.java:logGet(46)) - raft.server.notification.no-leader.timeout = 300s (custom)
2024-01-26 11:56:29,617 [9cb68909-d63b-4c8c-a8c2-d1f5498e35c0-groupManagement] INFO  server.RaftServerConfigKeys (ConfUtils.java:logGet(46)) - raft.server.read.timeout = 10s (default)
2024-01-26 11:56:29,617 [9cb68909-d63b-4c8c-a8c2-d1f5498e35c0-groupManagement] INFO  server.RaftServerConfigKeys (ConfUtils.java:logGet(46)) - raft.server.retrycache.expirytime = 600000ms (custom)
2024-01-26 11:56:29,617 [9cb68909-d63b-4c8c-a8c2-d1f5498e35c0-groupManagement] INFO  server.RaftServerConfigKeys (ConfUtils.java:logGet(46)) - raft.server.retrycache.statistics.expirytime = 100ms (default)
2024-01-26 11:56:29,618 [9cb68909-d63b-4c8c-a8c2-d1f5498e35c0-groupManagement] INFO  server.RaftServerConfigKeys (ConfUtils.java:logGet(46)) - raft.server.read.option = DEFAULT (default)
2024-01-26 11:56:29,618 [9cb68909-d63b-4c8c-a8c2-d1f5498e35c0-groupManagement] INFO  server.RaftServerConfigKeys (ConfUtils.java:logGet(46)) - raft.server.read.read-after-write-consistent.write-index-cache.expiry-time = 60s (default)
2024-01-26 11:56:29,617 [b514b48b-a23c-4b35-9087-6efcb4999551-groupManagement] INFO  server.RaftServerConfigKeys (ConfUtils.java:logGet(46)) - raft.server.rpc.timeout.min = 5s (custom)
2024-01-26 11:56:29,618 [b514b48b-a23c-4b35-9087-6efcb4999551-groupManagement] INFO  server.RaftServerConfigKeys (ConfUtils.java:logGet(46)) - raft.server.rpc.timeout.max = 5200ms (custom)
2024-01-26 11:56:29,619 [b514b48b-a23c-4b35-9087-6efcb4999551-groupManagement] INFO  server.RaftServerConfigKeys (ConfUtils.java:logGet(46)) - raft.server.rpc.sleep.time = 25ms (default)
2024-01-26 11:56:29,619 [b514b48b-a23c-4b35-9087-6efcb4999551-groupManagement] INFO  server.RaftServerConfigKeys (ConfUtils.java:logGet(46)) - raft.server.rpc.slowness.timeout = 300s (custom)
2024-01-26 11:56:29,619 [b514b48b-a23c-4b35-9087-6efcb4999551-groupManagement] INFO  server.RaftServerConfigKeys (ConfUtils.java:logGet(46)) - raft.server.leaderelection.leader.step-down.wait-time = 10s (default)
2024-01-26 11:56:29,620 [b514b48b-a23c-4b35-9087-6efcb4999551-groupManagement] INFO  server.RaftServerConfigKeys (ConfUtils.java:logGet(46)) - raft.server.leaderelection.member.majority-add = false (default)
2024-01-26 11:56:29,620 [b514b48b-a23c-4b35-9087-6efcb4999551-groupManagement] INFO  server.RaftServerConfigKeys (ConfUtils.java:logGet(46)) - raft.server.sleep.deviation.threshold = 300ms (default)
2024-01-26 11:56:29,620 [b514b48b-a23c-4b35-9087-6efcb4999551-groupManagement] INFO  server.RaftServer$Division (ServerState.java:<init>(113)) - b514b48b-a23c-4b35-9087-6efcb4999551@group-EE265D257B52: ConfigurationManager, init=-1: peers:[b514b48b-a23c-4b35-9087-6efcb4999551|10.1.0.50:15067, 0f734c5b-620a-4a31-a7a8-a1d45a227569|10.1.0.50:15049, 9cb68909-d63b-4c8c-a8c2-d1f5498e35c0|10.1.0.50:15058]|listeners:[], old=null, confs=<EMPTY_MAP>
2024-01-26 11:56:29,621 [b514b48b-a23c-4b35-9087-6efcb4999551-groupManagement] INFO  server.RaftServerConfigKeys (ConfUtils.java:logGet(46)) - raft.server.notification.no-leader.timeout = 300s (custom)
2024-01-26 11:56:29,621 [b514b48b-a23c-4b35-9087-6efcb4999551-groupManagement] INFO  server.RaftServerConfigKeys (ConfUtils.java:logGet(46)) - raft.server.read.timeout = 10s (default)
2024-01-26 11:56:29,621 [b514b48b-a23c-4b35-9087-6efcb4999551-groupManagement] INFO  server.RaftServerConfigKeys (ConfUtils.java:logGet(46)) - raft.server.retrycache.expirytime = 600000ms (custom)
2024-01-26 11:56:29,622 [b514b48b-a23c-4b35-9087-6efcb4999551-groupManagement] INFO  server.RaftServerConfigKeys (ConfUtils.java:logGet(46)) - raft.server.retrycache.statistics.expirytime = 100ms (default)
2024-01-26 11:56:29,622 [b514b48b-a23c-4b35-9087-6efcb4999551-groupManagement] INFO  server.RaftServerConfigKeys (ConfUtils.java:logGet(46)) - raft.server.read.option = DEFAULT (default)
2024-01-26 11:56:29,622 [b514b48b-a23c-4b35-9087-6efcb4999551-groupManagement] INFO  server.RaftServerConfigKeys (ConfUtils.java:logGet(46)) - raft.server.read.read-after-write-consistent.write-index-cache.expiry-time = 60s (default)
2024-01-26 11:56:29,622 [9cb68909-d63b-4c8c-a8c2-d1f5498e35c0-groupManagement] INFO  server.RaftServerConfigKeys (ConfUtils.java:logGet(46)) - raft.server.rpc.request.timeout = 60s (custom)
2024-01-26 11:56:29,623 [9cb68909-d63b-4c8c-a8c2-d1f5498e35c0-groupManagement] INFO  server.RaftServerConfigKeys (ConfUtils.java:logGet(46)) - raft.server.log.appender.install.snapshot.enabled = false (custom)
2024-01-26 11:56:29,623 [9cb68909-d63b-4c8c-a8c2-d1f5498e35c0-groupManagement] INFO  server.RaftServerConfigKeys (ConfUtils.java:logGet(46)) - raft.server.threadpool.server.cached = true (default)
2024-01-26 11:56:29,623 [9cb68909-d63b-4c8c-a8c2-d1f5498e35c0-groupManagement] INFO  server.RaftServerConfigKeys (ConfUtils.java:logGet(46)) - raft.server.threadpool.server.size = 0 (default)
2024-01-26 11:56:29,623 [9cb68909-d63b-4c8c-a8c2-d1f5498e35c0-groupManagement] INFO  server.RaftServerConfigKeys (ConfUtils.java:logGet(46)) - raft.server.threadpool.client.cached = true (default)
2024-01-26 11:56:29,623 [9cb68909-d63b-4c8c-a8c2-d1f5498e35c0-groupManagement] INFO  server.RaftServerConfigKeys (ConfUtils.java:logGet(46)) - raft.server.threadpool.client.size = 0 (default)
2024-01-26 11:56:29,623 [9cb68909-d63b-4c8c-a8c2-d1f5498e35c0-groupManagement] INFO  server.RaftServerConfigKeys (ConfUtils.java:logGet(46)) - raft.server.storage.free-space.min = 0MB (=0) (default)
2024-01-26 11:56:29,623 [9cb68909-d63b-4c8c-a8c2-d1f5498e35c0-groupManagement] INFO  server.RaftServerConfigKeys (ConfUtils.java:logGet(46)) - raft.server.log.corruption.policy = EXCEPTION (default)
2024-01-26 11:56:29,623 [9cb68909-d63b-4c8c-a8c2-d1f5498e35c0-groupManagement] INFO  server.RaftServerConfigKeys (ConfUtils.java:logGet(46)) - raft.server.storage.dir = [/home/runner/work/ozone/ozone/hadoop-ozone/integration-test/target/test-dir/MiniOzoneClusterImpl-47c92df5-8859-41b8-9f26-037451183754/datanode-1/data/ratis] (custom)
2024-01-26 11:56:29,624 [9cb68909-d63b-4c8c-a8c2-d1f5498e35c0-groupManagement] INFO  storage.RaftStorageDirectory (RaftStorageDirectoryImpl.java:analyzeStorage(138)) - The storage directory /home/runner/work/ozone/ozone/hadoop-ozone/integration-test/target/test-dir/MiniOzoneClusterImpl-47c92df5-8859-41b8-9f26-037451183754/datanode-1/data/ratis/31b92d74-d28b-40c2-a4f4-4ec49586b597 does not exist. Creating ...
2024-01-26 11:56:29,627 [b514b48b-a23c-4b35-9087-6efcb4999551-groupManagement] INFO  server.RaftServerConfigKeys (ConfUtils.java:logGet(46)) - raft.server.rpc.request.timeout = 60s (custom)
2024-01-26 11:56:29,627 [b514b48b-a23c-4b35-9087-6efcb4999551-groupManagement] INFO  server.RaftServerConfigKeys (ConfUtils.java:logGet(46)) - raft.server.log.appender.install.snapshot.enabled = false (custom)
2024-01-26 11:56:29,627 [b514b48b-a23c-4b35-9087-6efcb4999551-groupManagement] INFO  server.RaftServerConfigKeys (ConfUtils.java:logGet(46)) - raft.server.threadpool.server.cached = true (default)
2024-01-26 11:56:29,627 [b514b48b-a23c-4b35-9087-6efcb4999551-groupManagement] INFO  server.RaftServerConfigKeys (ConfUtils.java:logGet(46)) - raft.server.threadpool.server.size = 0 (default)
2024-01-26 11:56:29,627 [b514b48b-a23c-4b35-9087-6efcb4999551-groupManagement] INFO  server.RaftServerConfigKeys (ConfUtils.java:logGet(46)) - raft.server.threadpool.client.cached = true (default)
2024-01-26 11:56:29,627 [b514b48b-a23c-4b35-9087-6efcb4999551-groupManagement] INFO  server.RaftServerConfigKeys (ConfUtils.java:logGet(46)) - raft.server.threadpool.client.size = 0 (default)
2024-01-26 11:56:29,628 [b514b48b-a23c-4b35-9087-6efcb4999551-groupManagement] INFO  server.RaftServerConfigKeys (ConfUtils.java:logGet(46)) - raft.server.storage.free-space.min = 0MB (=0) (default)
2024-01-26 11:56:29,628 [b514b48b-a23c-4b35-9087-6efcb4999551-groupManagement] INFO  server.RaftServerConfigKeys (ConfUtils.java:logGet(46)) - raft.server.log.corruption.policy = EXCEPTION (default)
2024-01-26 11:56:29,628 [b514b48b-a23c-4b35-9087-6efcb4999551-groupManagement] INFO  server.RaftServerConfigKeys (ConfUtils.java:logGet(46)) - raft.server.storage.dir = [/home/runner/work/ozone/ozone/hadoop-ozone/integration-test/target/test-dir/MiniOzoneClusterImpl-47c92df5-8859-41b8-9f26-037451183754/datanode-2/data/ratis] (custom)
2024-01-26 11:56:29,628 [b514b48b-a23c-4b35-9087-6efcb4999551-groupManagement] INFO  storage.RaftStorageDirectory (RaftStorageDirectoryImpl.java:analyzeStorage(138)) - The storage directory /home/runner/work/ozone/ozone/hadoop-ozone/integration-test/target/test-dir/MiniOzoneClusterImpl-47c92df5-8859-41b8-9f26-037451183754/datanode-2/data/ratis/003d7111-6c20-4dd4-941b-ee265d257b52 does not exist. Creating ...
2024-01-26 11:56:29,631 [9cb68909-d63b-4c8c-a8c2-d1f5498e35c0-groupManagement] INFO  storage.RaftStorageDirectory (RaftStorageDirectoryImpl.java:tryLock(228)) - Lock on /home/runner/work/ozone/ozone/hadoop-ozone/integration-test/target/test-dir/MiniOzoneClusterImpl-47c92df5-8859-41b8-9f26-037451183754/datanode-1/data/ratis/31b92d74-d28b-40c2-a4f4-4ec49586b597/in_use.lock acquired by nodename 67451@fv-az1250-627
2024-01-26 11:56:29,632 [b514b48b-a23c-4b35-9087-6efcb4999551-groupManagement] INFO  storage.RaftStorageDirectory (RaftStorageDirectoryImpl.java:tryLock(228)) - Lock on /home/runner/work/ozone/ozone/hadoop-ozone/integration-test/target/test-dir/MiniOzoneClusterImpl-47c92df5-8859-41b8-9f26-037451183754/datanode-2/data/ratis/003d7111-6c20-4dd4-941b-ee265d257b52/in_use.lock acquired by nodename 67451@fv-az1250-627
2024-01-26 11:56:29,632 [9cb68909-d63b-4c8c-a8c2-d1f5498e35c0-groupManagement] INFO  storage.RaftStorage (RaftStorageImpl.java:format(99)) - Storage directory /home/runner/work/ozone/ozone/hadoop-ozone/integration-test/target/test-dir/MiniOzoneClusterImpl-47c92df5-8859-41b8-9f26-037451183754/datanode-1/data/ratis/31b92d74-d28b-40c2-a4f4-4ec49586b597 has been successfully formatted.
2024-01-26 11:56:29,633 [9cb68909-d63b-4c8c-a8c2-d1f5498e35c0-groupManagement] WARN  util.FileUtils (LogUtils.java:supplyAndLog(63)) - Failed to Files.newInputStream /home/runner/work/ozone/ozone/hadoop-ozone/integration-test/target/test-dir/MiniOzoneClusterImpl-47c92df5-8859-41b8-9f26-037451183754/datanode-1/data/ratis/31b92d74-d28b-40c2-a4f4-4ec49586b597/current/raft-meta.conf with options []: java.nio.file.NoSuchFileException: /home/runner/work/ozone/ozone/hadoop-ozone/integration-test/target/test-dir/MiniOzoneClusterImpl-47c92df5-8859-41b8-9f26-037451183754/datanode-1/data/ratis/31b92d74-d28b-40c2-a4f4-4ec49586b597/current/raft-meta.conf
2024-01-26 11:56:29,633 [9cb68909-d63b-4c8c-a8c2-d1f5498e35c0-groupManagement] INFO  ratis.ContainerStateMachine (ContainerStateMachine.java:loadSnapshot(287)) - group-4EC49586B597: The snapshot info is null. Setting the last applied index to:(t:0, i:~)
2024-01-26 11:56:29,633 [9cb68909-d63b-4c8c-a8c2-d1f5498e35c0-groupManagement] INFO  server.RaftServerConfigKeys (ConfUtils.java:logGet(46)) - raft.server.log.use.memory = false (default)
2024-01-26 11:56:29,633 [9cb68909-d63b-4c8c-a8c2-d1f5498e35c0-groupManagement] INFO  server.RaftServerConfigKeys (ConfUtils.java:logGet(46)) - raft.server.log.purge.gap = 1000000 (custom)
2024-01-26 11:56:29,634 [9cb68909-d63b-4c8c-a8c2-d1f5498e35c0-groupManagement] INFO  server.RaftServerConfigKeys (ConfUtils.java:logGet(46)) - raft.server.log.appender.buffer.byte-limit = 8388608 (custom)
2024-01-26 11:56:29,634 [9cb68909-d63b-4c8c-a8c2-d1f5498e35c0-groupManagement] INFO  server.RaftServerConfigKeys (ConfUtils.java:logGet(46)) - raft.server.log.statemachine.data.read.timeout = 1000ms (default)
2024-01-26 11:56:29,634 [9cb68909-d63b-4c8c-a8c2-d1f5498e35c0-groupManagement] INFO  server.RaftServerConfigKeys (ConfUtils.java:logGet(46)) - raft.server.log.purge.preservation.log.num = 0 (default)
2024-01-26 11:56:29,634 [b514b48b-a23c-4b35-9087-6efcb4999551-groupManagement] INFO  storage.RaftStorage (RaftStorageImpl.java:format(99)) - Storage directory /home/runner/work/ozone/ozone/hadoop-ozone/integration-test/target/test-dir/MiniOzoneClusterImpl-47c92df5-8859-41b8-9f26-037451183754/datanode-2/data/ratis/003d7111-6c20-4dd4-941b-ee265d257b52 has been successfully formatted.
2024-01-26 11:56:29,634 [b514b48b-a23c-4b35-9087-6efcb4999551-groupManagement] WARN  util.FileUtils (LogUtils.java:supplyAndLog(63)) - Failed to Files.newInputStream /home/runner/work/ozone/ozone/hadoop-ozone/integration-test/target/test-dir/MiniOzoneClusterImpl-47c92df5-8859-41b8-9f26-037451183754/datanode-2/data/ratis/003d7111-6c20-4dd4-941b-ee265d257b52/current/raft-meta.conf with options []: java.nio.file.NoSuchFileException: /home/runner/work/ozone/ozone/hadoop-ozone/integration-test/target/test-dir/MiniOzoneClusterImpl-47c92df5-8859-41b8-9f26-037451183754/datanode-2/data/ratis/003d7111-6c20-4dd4-941b-ee265d257b52/current/raft-meta.conf
2024-01-26 11:56:29,636 [b514b48b-a23c-4b35-9087-6efcb4999551-groupManagement] INFO  ratis.ContainerStateMachine (ContainerStateMachine.java:loadSnapshot(287)) - group-EE265D257B52: The snapshot info is null. Setting the last applied index to:(t:0, i:~)
2024-01-26 11:56:29,636 [b514b48b-a23c-4b35-9087-6efcb4999551-groupManagement] INFO  server.RaftServerConfigKeys (ConfUtils.java:logGet(46)) - raft.server.log.use.memory = false (default)
2024-01-26 11:56:29,637 [b514b48b-a23c-4b35-9087-6efcb4999551-groupManagement] INFO  server.RaftServerConfigKeys (ConfUtils.java:logGet(46)) - raft.server.log.purge.gap = 1000000 (custom)
2024-01-26 11:56:29,637 [b514b48b-a23c-4b35-9087-6efcb4999551-groupManagement] INFO  server.RaftServerConfigKeys (ConfUtils.java:logGet(46)) - raft.server.log.appender.buffer.byte-limit = 8388608 (custom)
2024-01-26 11:56:29,637 [b514b48b-a23c-4b35-9087-6efcb4999551-groupManagement] INFO  server.RaftServerConfigKeys (ConfUtils.java:logGet(46)) - raft.server.log.statemachine.data.read.timeout = 1000ms (default)
2024-01-26 11:56:29,637 [b514b48b-a23c-4b35-9087-6efcb4999551-groupManagement] INFO  server.RaftServerConfigKeys (ConfUtils.java:logGet(46)) - raft.server.log.purge.preservation.log.num = 0 (default)
2024-01-26 11:56:29,637 [EventQueue-PipelineReportForPipelineReportHandler] INFO  pipeline.PipelineReportHandler (PipelineReportHandler.java:processPipelineReport(136)) - Opened pipeline PipelineID=31b92d74-d28b-40c2-a4f4-4ec49586b597
2024-01-26 11:56:29,638 [EventQueue-OpenPipelineForHealthyPipelineSafeModeRule] INFO  safemode.SCMSafeModeManager (HealthyPipelineSafeModeRule.java:process(140)) - SCM in safe mode. Healthy pipelines reported count is 0, required healthy pipeline reported count is 1
2024-01-26 11:56:29,644 [b514b48b-a23c-4b35-9087-6efcb4999551-groupManagement] INFO  server.RaftServerConfigKeys (ConfUtils.java:logGet(46)) - raft.server.log.segment.size.max = 67108864 (custom)
2024-01-26 11:56:29,645 [b514b48b-a23c-4b35-9087-6efcb4999551-groupManagement] INFO  server.RaftServerConfigKeys (ConfUtils.java:logGet(46)) - raft.server.log.segment.cache.num.max = 2 (custom)
2024-01-26 11:56:29,645 [b514b48b-a23c-4b35-9087-6efcb4999551-groupManagement] INFO  server.RaftServerConfigKeys (ConfUtils.java:logGet(46)) - raft.server.log.segment.cache.size.max = 200MB (=209715200) (default)
2024-01-26 11:56:29,645 [9cb68909-d63b-4c8c-a8c2-d1f5498e35c0-groupManagement] INFO  server.RaftServerConfigKeys (ConfUtils.java:logGet(46)) - raft.server.log.segment.size.max = 67108864 (custom)
2024-01-26 11:56:29,645 [b514b48b-a23c-4b35-9087-6efcb4999551-groupManagement] INFO  server.RaftServerConfigKeys (ConfUtils.java:logGet(46)) - raft.server.log.appender.buffer.byte-limit = 8388608 (custom)
2024-01-26 11:56:29,646 [9cb68909-d63b-4c8c-a8c2-d1f5498e35c0-groupManagement] INFO  server.RaftServerConfigKeys (ConfUtils.java:logGet(46)) - raft.server.log.segment.cache.num.max = 2 (custom)
2024-01-26 11:56:29,646 [9cb68909-d63b-4c8c-a8c2-d1f5498e35c0-groupManagement] INFO  server.RaftServerConfigKeys (ConfUtils.java:logGet(46)) - raft.server.log.segment.cache.size.max = 200MB (=209715200) (default)
2024-01-26 11:56:29,646 [9cb68909-d63b-4c8c-a8c2-d1f5498e35c0-groupManagement] INFO  server.RaftServerConfigKeys (ConfUtils.java:logGet(46)) - raft.server.log.appender.buffer.byte-limit = 8388608 (custom)
2024-01-26 11:56:29,646 [b514b48b-a23c-4b35-9087-6efcb4999551-groupManagement] INFO  util.AwaitToRun (AwaitToRun.java:start(81)) - Thread[b514b48b-a23c-4b35-9087-6efcb4999551@group-EE265D257B52-cacheEviction-AwaitToRun,5,main] started
2024-01-26 11:56:29,647 [b514b48b-a23c-4b35-9087-6efcb4999551-groupManagement] INFO  segmented.SegmentedRaftLogWorker (SegmentedRaftLogWorker.java:<init>(182)) - new b514b48b-a23c-4b35-9087-6efcb4999551@group-EE265D257B52-SegmentedRaftLogWorker for RaftStorageImpl:Storage Directory /home/runner/work/ozone/ozone/hadoop-ozone/integration-test/target/test-dir/MiniOzoneClusterImpl-47c92df5-8859-41b8-9f26-037451183754/datanode-2/data/ratis/003d7111-6c20-4dd4-941b-ee265d257b52
2024-01-26 11:56:29,647 [b514b48b-a23c-4b35-9087-6efcb4999551-groupManagement] INFO  server.RaftServerConfigKeys (ConfUtils.java:logGet(46)) - raft.server.log.queue.byte-limit = 4294967296 (custom)
2024-01-26 11:56:29,647 [b514b48b-a23c-4b35-9087-6efcb4999551-groupManagement] INFO  server.RaftServerConfigKeys (ConfUtils.java:logGet(46)) - raft.server.log.queue.element-limit = 1024 (custom)
2024-01-26 11:56:29,647 [b514b48b-a23c-4b35-9087-6efcb4999551-groupManagement] INFO  server.RaftServerConfigKeys (ConfUtils.java:logGet(46)) - raft.server.log.segment.size.max = 67108864 (custom)
2024-01-26 11:56:29,647 [b514b48b-a23c-4b35-9087-6efcb4999551-groupManagement] INFO  server.RaftServerConfigKeys (ConfUtils.java:logGet(46)) - raft.server.log.preallocated.size = 4194304 (custom)
2024-01-26 11:56:29,647 [b514b48b-a23c-4b35-9087-6efcb4999551-groupManagement] INFO  server.RaftServerConfigKeys (ConfUtils.java:logGet(46)) - raft.server.log.force.sync.num = 128 (default)
2024-01-26 11:56:29,647 [b514b48b-a23c-4b35-9087-6efcb4999551-groupManagement] INFO  server.RaftServerConfigKeys (ConfUtils.java:logGet(46)) - raft.server.log.statemachine.data.sync = true (default)
2024-01-26 11:56:29,648 [b514b48b-a23c-4b35-9087-6efcb4999551-groupManagement] INFO  server.RaftServerConfigKeys (ConfUtils.java:logGet(46)) - raft.server.log.statemachine.data.sync.timeout = 10s (default)
2024-01-26 11:56:29,648 [b514b48b-a23c-4b35-9087-6efcb4999551-groupManagement] INFO  server.RaftServerConfigKeys (ConfUtils.java:logGet(46)) - raft.server.log.statemachine.data.sync.timeout.retry = 0 (custom)
2024-01-26 11:56:29,648 [b514b48b-a23c-4b35-9087-6efcb4999551-groupManagement] INFO  server.RaftServerConfigKeys (ConfUtils.java:logGet(46)) - raft.server.log.write.buffer.size = 8388616 (custom)
2024-01-26 11:56:29,650 [b514b48b-a23c-4b35-9087-6efcb4999551-groupManagement] INFO  server.RaftServerConfigKeys (ConfUtils.java:logGet(46)) - raft.server.log.appender.buffer.byte-limit = 8388608 (custom)
2024-01-26 11:56:29,650 [b514b48b-a23c-4b35-9087-6efcb4999551-groupManagement] INFO  server.RaftServerConfigKeys (ConfUtils.java:logGet(46)) - raft.server.log.unsafe-flush.enabled = false (default)
2024-01-26 11:56:29,650 [b514b48b-a23c-4b35-9087-6efcb4999551-groupManagement] INFO  server.RaftServerConfigKeys (ConfUtils.java:logGet(46)) - raft.server.log.async-flush.enabled = false (default)
2024-01-26 11:56:29,650 [b514b48b-a23c-4b35-9087-6efcb4999551-groupManagement] INFO  server.RaftServerConfigKeys (ConfUtils.java:logGet(46)) - raft.server.log.statemachine.data.caching.enabled = true (custom)
2024-01-26 11:56:29,650 [b514b48b-a23c-4b35-9087-6efcb4999551-groupManagement] INFO  segmented.SegmentedRaftLogWorker (SegmentedRaftLogWorker.java:lambda$new$0(134)) - b514b48b-a23c-4b35-9087-6efcb4999551@group-EE265D257B52-SegmentedRaftLogWorker: flushIndex: setUnconditionally 0 -> -1
2024-01-26 11:56:29,650 [b514b48b-a23c-4b35-9087-6efcb4999551-groupManagement] INFO  segmented.SegmentedRaftLogWorker (SegmentedRaftLogWorker.java:lambda$new$0(134)) - b514b48b-a23c-4b35-9087-6efcb4999551@group-EE265D257B52-SegmentedRaftLogWorker: safeCacheEvictIndex: setUnconditionally 0 -> -1
2024-01-26 11:56:29,651 [9cb68909-d63b-4c8c-a8c2-d1f5498e35c0-groupManagement] INFO  util.AwaitToRun (AwaitToRun.java:start(81)) - Thread[9cb68909-d63b-4c8c-a8c2-d1f5498e35c0@group-4EC49586B597-cacheEviction-AwaitToRun,5,main] started
2024-01-26 11:56:29,651 [9cb68909-d63b-4c8c-a8c2-d1f5498e35c0-groupManagement] INFO  segmented.SegmentedRaftLogWorker (SegmentedRaftLogWorker.java:<init>(182)) - new 9cb68909-d63b-4c8c-a8c2-d1f5498e35c0@group-4EC49586B597-SegmentedRaftLogWorker for RaftStorageImpl:Storage Directory /home/runner/work/ozone/ozone/hadoop-ozone/integration-test/target/test-dir/MiniOzoneClusterImpl-47c92df5-8859-41b8-9f26-037451183754/datanode-1/data/ratis/31b92d74-d28b-40c2-a4f4-4ec49586b597
2024-01-26 11:56:29,651 [9cb68909-d63b-4c8c-a8c2-d1f5498e35c0-groupManagement] INFO  server.RaftServerConfigKeys (ConfUtils.java:logGet(46)) - raft.server.log.queue.byte-limit = 4294967296 (custom)
2024-01-26 11:56:29,651 [9cb68909-d63b-4c8c-a8c2-d1f5498e35c0-groupManagement] INFO  server.RaftServerConfigKeys (ConfUtils.java:logGet(46)) - raft.server.log.queue.element-limit = 1024 (custom)
2024-01-26 11:56:29,651 [9cb68909-d63b-4c8c-a8c2-d1f5498e35c0-groupManagement] INFO  server.RaftServerConfigKeys (ConfUtils.java:logGet(46)) - raft.server.log.segment.size.max = 67108864 (custom)
2024-01-26 11:56:29,651 [9cb68909-d63b-4c8c-a8c2-d1f5498e35c0-groupManagement] INFO  server.RaftServerConfigKeys (ConfUtils.java:logGet(46)) - raft.server.log.preallocated.size = 4194304 (custom)
2024-01-26 11:56:29,651 [9cb68909-d63b-4c8c-a8c2-d1f5498e35c0-groupManagement] INFO  server.RaftServerConfigKeys (ConfUtils.java:logGet(46)) - raft.server.log.force.sync.num = 128 (default)
2024-01-26 11:56:29,652 [9cb68909-d63b-4c8c-a8c2-d1f5498e35c0-groupManagement] INFO  server.RaftServerConfigKeys (ConfUtils.java:logGet(46)) - raft.server.log.statemachine.data.sync = true (default)
2024-01-26 11:56:29,652 [9cb68909-d63b-4c8c-a8c2-d1f5498e35c0-groupManagement] INFO  server.RaftServerConfigKeys (ConfUtils.java:logGet(46)) - raft.server.log.statemachine.data.sync.timeout = 10s (default)
2024-01-26 11:56:29,652 [9cb68909-d63b-4c8c-a8c2-d1f5498e35c0-groupManagement] INFO  server.RaftServerConfigKeys (ConfUtils.java:logGet(46)) - raft.server.log.statemachine.data.sync.timeout.retry = 0 (custom)
2024-01-26 11:56:29,652 [9cb68909-d63b-4c8c-a8c2-d1f5498e35c0-groupManagement] INFO  server.RaftServerConfigKeys (ConfUtils.java:logGet(46)) - raft.server.log.write.buffer.size = 8388616 (custom)
2024-01-26 11:56:29,653 [9cb68909-d63b-4c8c-a8c2-d1f5498e35c0-groupManagement] INFO  server.RaftServerConfigKeys (ConfUtils.java:logGet(46)) - raft.server.log.appender.buffer.byte-limit = 8388608 (custom)
2024-01-26 11:56:29,653 [9cb68909-d63b-4c8c-a8c2-d1f5498e35c0-groupManagement] INFO  server.RaftServerConfigKeys (ConfUtils.java:logGet(46)) - raft.server.log.unsafe-flush.enabled = false (default)
2024-01-26 11:56:29,653 [9cb68909-d63b-4c8c-a8c2-d1f5498e35c0-groupManagement] INFO  server.RaftServerConfigKeys (ConfUtils.java:logGet(46)) - raft.server.log.async-flush.enabled = false (default)
2024-01-26 11:56:29,654 [9cb68909-d63b-4c8c-a8c2-d1f5498e35c0-groupManagement] INFO  server.RaftServerConfigKeys (ConfUtils.java:logGet(46)) - raft.server.log.statemachine.data.caching.enabled = true (custom)
2024-01-26 11:56:29,654 [9cb68909-d63b-4c8c-a8c2-d1f5498e35c0-groupManagement] INFO  segmented.SegmentedRaftLogWorker (SegmentedRaftLogWorker.java:lambda$new$0(134)) - 9cb68909-d63b-4c8c-a8c2-d1f5498e35c0@group-4EC49586B597-SegmentedRaftLogWorker: flushIndex: setUnconditionally 0 -> -1
2024-01-26 11:56:29,654 [9cb68909-d63b-4c8c-a8c2-d1f5498e35c0-groupManagement] INFO  segmented.SegmentedRaftLogWorker (SegmentedRaftLogWorker.java:lambda$new$0(134)) - 9cb68909-d63b-4c8c-a8c2-d1f5498e35c0@group-4EC49586B597-SegmentedRaftLogWorker: safeCacheEvictIndex: setUnconditionally 0 -> -1
2024-01-26 11:56:29,659 [b514b48b-a23c-4b35-9087-6efcb4999551-groupManagement] INFO  server.RaftServer$Division (RaftServerImpl.java:start(396)) - b514b48b-a23c-4b35-9087-6efcb4999551@group-EE265D257B52: start as a follower, conf=-1: peers:[b514b48b-a23c-4b35-9087-6efcb4999551|10.1.0.50:15067, 0f734c5b-620a-4a31-a7a8-a1d45a227569|10.1.0.50:15049, 9cb68909-d63b-4c8c-a8c2-d1f5498e35c0|10.1.0.50:15058]|listeners:[], old=null
2024-01-26 11:56:29,659 [b514b48b-a23c-4b35-9087-6efcb4999551-groupManagement] INFO  server.RaftServer$Division (RaftServerImpl.java:setRole(383)) - b514b48b-a23c-4b35-9087-6efcb4999551@group-EE265D257B52: changes role from      null to FOLLOWER at term 0 for startAsFollower
2024-01-26 11:56:29,661 [b514b48b-a23c-4b35-9087-6efcb4999551-groupManagement] INFO  impl.RoleInfo (RoleInfo.java:updateAndGet(139)) - b514b48b-a23c-4b35-9087-6efcb4999551: start b514b48b-a23c-4b35-9087-6efcb4999551@group-EE265D257B52-FollowerState
2024-01-26 11:56:29,661 [9cb68909-d63b-4c8c-a8c2-d1f5498e35c0-groupManagement] INFO  server.RaftServer$Division (RaftServerImpl.java:start(396)) - 9cb68909-d63b-4c8c-a8c2-d1f5498e35c0@group-4EC49586B597: start as a follower, conf=-1: peers:[9cb68909-d63b-4c8c-a8c2-d1f5498e35c0|10.1.0.50:15058]|listeners:[], old=null
2024-01-26 11:56:29,662 [9cb68909-d63b-4c8c-a8c2-d1f5498e35c0-groupManagement] INFO  server.RaftServer$Division (RaftServerImpl.java:setRole(383)) - 9cb68909-d63b-4c8c-a8c2-d1f5498e35c0@group-4EC49586B597: changes role from      null to FOLLOWER at term 0 for startAsFollower
2024-01-26 11:56:29,662 [9cb68909-d63b-4c8c-a8c2-d1f5498e35c0-groupManagement] INFO  impl.RoleInfo (RoleInfo.java:updateAndGet(139)) - 9cb68909-d63b-4c8c-a8c2-d1f5498e35c0: start 9cb68909-d63b-4c8c-a8c2-d1f5498e35c0@group-4EC49586B597-FollowerState
2024-01-26 11:56:29,662 [9cb68909-d63b-4c8c-a8c2-d1f5498e35c0-groupManagement] INFO  util.JmxRegister (JmxRegister.java:tryRegister(44)) - Successfully registered JMX Bean with object name Ratis:service=RaftServer,group=group-4EC49586B597,id=9cb68909-d63b-4c8c-a8c2-d1f5498e35c0
2024-01-26 11:56:29,662 [9cb68909-d63b-4c8c-a8c2-d1f5498e35c0-groupManagement] INFO  server.RaftServerConfigKeys (ConfUtils.java:logGet(46)) - raft.server.snapshot.trigger-when-stop.enabled = true (default)
2024-01-26 11:56:29,662 [9cb68909-d63b-4c8c-a8c2-d1f5498e35c0-groupManagement] INFO  server.RaftServerConfigKeys (ConfUtils.java:logGet(46)) - raft.server.snapshot.auto.trigger.enabled = true (custom)
2024-01-26 11:56:29,662 [9cb68909-d63b-4c8c-a8c2-d1f5498e35c0-groupManagement] INFO  server.RaftServerConfigKeys (ConfUtils.java:logGet(46)) - raft.server.snapshot.auto.trigger.threshold = 10000 (custom)
2024-01-26 11:56:29,662 [9cb68909-d63b-4c8c-a8c2-d1f5498e35c0-groupManagement] INFO  server.RaftServerConfigKeys (ConfUtils.java:logGet(46)) - raft.server.snapshot.retention.file.num = 5 (custom)
2024-01-26 11:56:29,663 [9cb68909-d63b-4c8c-a8c2-d1f5498e35c0-groupManagement] INFO  server.RaftServerConfigKeys (ConfUtils.java:logGet(46)) - raft.server.log.purge.upto.snapshot.index = false (default)
2024-01-26 11:56:29,663 [9cb68909-d63b-4c8c-a8c2-d1f5498e35c0@group-4EC49586B597-FollowerState] INFO  server.RaftServerConfigKeys (ConfUtils.java:logFallback(53)) - raft.server.rpc.first-election.timeout.min = 5s (fallback to raft.server.rpc.timeout.min)
2024-01-26 11:56:29,664 [9cb68909-d63b-4c8c-a8c2-d1f5498e35c0@group-4EC49586B597-FollowerState] INFO  server.RaftServerConfigKeys (ConfUtils.java:logFallback(53)) - raft.server.rpc.first-election.timeout.max = 5200ms (fallback to raft.server.rpc.timeout.max)
2024-01-26 11:56:29,664 [9cb68909-d63b-4c8c-a8c2-d1f5498e35c0-PipelineCommandHandlerThread-0] INFO  ratis.XceiverServerRatis (XceiverServerRatis.java:addGroup(842)) - Created group PipelineID=31b92d74-d28b-40c2-a4f4-4ec49586b597
2024-01-26 11:56:29,664 [9cb68909-d63b-4c8c-a8c2-d1f5498e35c0-PipelineCommandHandlerThread-0] INFO  commandhandler.CreatePipelineCommandHandler (CreatePipelineCommandHandler.java:lambda$handle$2(124)) - Created Pipeline RATIS ONE PipelineID=31b92d74-d28b-40c2-a4f4-4ec49586b597.
2024-01-26 11:56:29,664 [b514b48b-a23c-4b35-9087-6efcb4999551@group-EE265D257B52-FollowerState] INFO  server.RaftServerConfigKeys (ConfUtils.java:logFallback(53)) - raft.server.rpc.first-election.timeout.min = 5s (fallback to raft.server.rpc.timeout.min)
2024-01-26 11:56:29,664 [b514b48b-a23c-4b35-9087-6efcb4999551-groupManagement] INFO  util.JmxRegister (JmxRegister.java:tryRegister(44)) - Successfully registered JMX Bean with object name Ratis:service=RaftServer,group=group-EE265D257B52,id=b514b48b-a23c-4b35-9087-6efcb4999551
2024-01-26 11:56:29,664 [b514b48b-a23c-4b35-9087-6efcb4999551-groupManagement] INFO  server.RaftServerConfigKeys (ConfUtils.java:logGet(46)) - raft.server.snapshot.trigger-when-stop.enabled = true (default)
2024-01-26 11:56:29,665 [b514b48b-a23c-4b35-9087-6efcb4999551-groupManagement] INFO  server.RaftServerConfigKeys (ConfUtils.java:logGet(46)) - raft.server.snapshot.auto.trigger.enabled = true (custom)
2024-01-26 11:56:29,665 [9cb68909-d63b-4c8c-a8c2-d1f5498e35c0-PipelineCommandHandlerThread-0] INFO  server.RaftServer (RaftServerProxy.java:addNew(100)) - 9cb68909-d63b-4c8c-a8c2-d1f5498e35c0: addNew group-B4467A1991D0:[b514b48b-a23c-4b35-9087-6efcb4999551|10.1.0.50:15067, 0f734c5b-620a-4a31-a7a8-a1d45a227569|10.1.0.50:15049, 9cb68909-d63b-4c8c-a8c2-d1f5498e35c0|10.1.0.50:15058] returns group-B4467A1991D0:java.util.concurrent.CompletableFuture@71bd8270[Not completed]
2024-01-26 11:56:29,664 [b514b48b-a23c-4b35-9087-6efcb4999551@group-EE265D257B52-FollowerState] INFO  server.RaftServerConfigKeys (ConfUtils.java:logFallback(53)) - raft.server.rpc.first-election.timeout.max = 5200ms (fallback to raft.server.rpc.timeout.max)
2024-01-26 11:56:29,665 [b514b48b-a23c-4b35-9087-6efcb4999551-groupManagement] INFO  server.RaftServerConfigKeys (ConfUtils.java:logGet(46)) - raft.server.snapshot.auto.trigger.threshold = 10000 (custom)
2024-01-26 11:56:29,665 [b514b48b-a23c-4b35-9087-6efcb4999551-groupManagement] INFO  server.RaftServerConfigKeys (ConfUtils.java:logGet(46)) - raft.server.snapshot.retention.file.num = 5 (custom)
2024-01-26 11:56:29,665 [b514b48b-a23c-4b35-9087-6efcb4999551-groupManagement] INFO  server.RaftServerConfigKeys (ConfUtils.java:logGet(46)) - raft.server.log.purge.upto.snapshot.index = false (default)
2024-01-26 11:56:29,666 [9cb68909-d63b-4c8c-a8c2-d1f5498e35c0-groupManagement] INFO  server.RaftServer$Division (RaftServerImpl.java:<init>(256)) - 9cb68909-d63b-4c8c-a8c2-d1f5498e35c0: new RaftServerImpl for group-B4467A1991D0:[b514b48b-a23c-4b35-9087-6efcb4999551|10.1.0.50:15067, 0f734c5b-620a-4a31-a7a8-a1d45a227569|10.1.0.50:15049, 9cb68909-d63b-4c8c-a8c2-d1f5498e35c0|10.1.0.50:15058] with ContainerStateMachine:uninitialized
2024-01-26 11:56:29,666 [9cb68909-d63b-4c8c-a8c2-d1f5498e35c0-groupManagement] INFO  server.RaftServerConfigKeys (ConfUtils.java:logGet(46)) - raft.server.rpc.timeout.min = 5s (custom)
2024-01-26 11:56:29,666 [9cb68909-d63b-4c8c-a8c2-d1f5498e35c0-groupManagement] INFO  server.RaftServerConfigKeys (ConfUtils.java:logGet(46)) - raft.server.rpc.timeout.max = 5200ms (custom)
2024-01-26 11:56:29,666 [9cb68909-d63b-4c8c-a8c2-d1f5498e35c0-groupManagement] INFO  server.RaftServerConfigKeys (ConfUtils.java:logGet(46)) - raft.server.rpc.sleep.time = 25ms (default)
2024-01-26 11:56:29,666 [9cb68909-d63b-4c8c-a8c2-d1f5498e35c0-groupManagement] INFO  server.RaftServerConfigKeys (ConfUtils.java:logGet(46)) - raft.server.rpc.slowness.timeout = 300s (custom)
2024-01-26 11:56:29,666 [9cb68909-d63b-4c8c-a8c2-d1f5498e35c0-groupManagement] INFO  server.RaftServerConfigKeys (ConfUtils.java:logGet(46)) - raft.server.leaderelection.leader.step-down.wait-time = 10s (default)
2024-01-26 11:56:29,666 [9cb68909-d63b-4c8c-a8c2-d1f5498e35c0-groupManagement] INFO  server.RaftServerConfigKeys (ConfUtils.java:logGet(46)) - raft.server.leaderelection.member.majority-add = false (default)
2024-01-26 11:56:29,666 [9cb68909-d63b-4c8c-a8c2-d1f5498e35c0-groupManagement] INFO  server.RaftServerConfigKeys (ConfUtils.java:logGet(46)) - raft.server.sleep.deviation.threshold = 300ms (default)
2024-01-26 11:56:29,666 [9cb68909-d63b-4c8c-a8c2-d1f5498e35c0-groupManagement] INFO  server.RaftServer$Division (ServerState.java:<init>(113)) - 9cb68909-d63b-4c8c-a8c2-d1f5498e35c0@group-B4467A1991D0: ConfigurationManager, init=-1: peers:[b514b48b-a23c-4b35-9087-6efcb4999551|10.1.0.50:15067, 0f734c5b-620a-4a31-a7a8-a1d45a227569|10.1.0.50:15049, 9cb68909-d63b-4c8c-a8c2-d1f5498e35c0|10.1.0.50:15058]|listeners:[], old=null, confs=<EMPTY_MAP>
2024-01-26 11:56:29,667 [9cb68909-d63b-4c8c-a8c2-d1f5498e35c0-groupManagement] INFO  server.RaftServerConfigKeys (ConfUtils.java:logGet(46)) - raft.server.notification.no-leader.timeout = 300s (custom)
2024-01-26 11:56:29,667 [9cb68909-d63b-4c8c-a8c2-d1f5498e35c0-groupManagement] INFO  server.RaftServerConfigKeys (ConfUtils.java:logGet(46)) - raft.server.read.timeout = 10s (default)
2024-01-26 11:56:29,667 [9cb68909-d63b-4c8c-a8c2-d1f5498e35c0-groupManagement] INFO  server.RaftServerConfigKeys (ConfUtils.java:logGet(46)) - raft.server.retrycache.expirytime = 600000ms (custom)
2024-01-26 11:56:29,667 [9cb68909-d63b-4c8c-a8c2-d1f5498e35c0-groupManagement] INFO  server.RaftServerConfigKeys (ConfUtils.java:logGet(46)) - raft.server.retrycache.statistics.expirytime = 100ms (default)
2024-01-26 11:56:29,667 [9cb68909-d63b-4c8c-a8c2-d1f5498e35c0-groupManagement] INFO  server.RaftServerConfigKeys (ConfUtils.java:logGet(46)) - raft.server.read.option = DEFAULT (default)
2024-01-26 11:56:29,667 [9cb68909-d63b-4c8c-a8c2-d1f5498e35c0-groupManagement] INFO  server.RaftServerConfigKeys (ConfUtils.java:logGet(46)) - raft.server.read.read-after-write-consistent.write-index-cache.expiry-time = 60s (default)
2024-01-26 11:56:29,674 [0f734c5b-620a-4a31-a7a8-a1d45a227569-PipelineCommandHandlerThread-0] INFO  commandhandler.CreatePipelineCommandHandler (CreatePipelineCommandHandler.java:lambda$handle$2(124)) - Created Pipeline RATIS THREE PipelineID=003d7111-6c20-4dd4-941b-ee265d257b52.
2024-01-26 11:56:29,674 [0f734c5b-620a-4a31-a7a8-a1d45a227569-PipelineCommandHandlerThread-0] INFO  server.RaftServer (RaftServerProxy.java:addNew(100)) - 0f734c5b-620a-4a31-a7a8-a1d45a227569: addNew group-B4467A1991D0:[b514b48b-a23c-4b35-9087-6efcb4999551|10.1.0.50:15067, 0f734c5b-620a-4a31-a7a8-a1d45a227569|10.1.0.50:15049, 9cb68909-d63b-4c8c-a8c2-d1f5498e35c0|10.1.0.50:15058] returns group-B4467A1991D0:java.util.concurrent.CompletableFuture@1dd3cba8[Not completed]
2024-01-26 11:56:29,675 [0f734c5b-620a-4a31-a7a8-a1d45a227569-groupManagement] INFO  server.RaftServer$Division (RaftServerImpl.java:<init>(256)) - 0f734c5b-620a-4a31-a7a8-a1d45a227569: new RaftServerImpl for group-B4467A1991D0:[b514b48b-a23c-4b35-9087-6efcb4999551|10.1.0.50:15067, 0f734c5b-620a-4a31-a7a8-a1d45a227569|10.1.0.50:15049, 9cb68909-d63b-4c8c-a8c2-d1f5498e35c0|10.1.0.50:15058] with ContainerStateMachine:uninitialized
2024-01-26 11:56:29,675 [0f734c5b-620a-4a31-a7a8-a1d45a227569-groupManagement] INFO  server.RaftServerConfigKeys (ConfUtils.java:logGet(46)) - raft.server.rpc.timeout.min = 5s (custom)
2024-01-26 11:56:29,675 [0f734c5b-620a-4a31-a7a8-a1d45a227569-groupManagement] INFO  server.RaftServerConfigKeys (ConfUtils.java:logGet(46)) - raft.server.rpc.timeout.max = 5200ms (custom)
2024-01-26 11:56:29,675 [0f734c5b-620a-4a31-a7a8-a1d45a227569-groupManagement] INFO  server.RaftServerConfigKeys (ConfUtils.java:logGet(46)) - raft.server.rpc.sleep.time = 25ms (default)
2024-01-26 11:56:29,675 [0f734c5b-620a-4a31-a7a8-a1d45a227569-groupManagement] INFO  server.RaftServerConfigKeys (ConfUtils.java:logGet(46)) - raft.server.rpc.slowness.timeout = 300s (custom)
2024-01-26 11:56:29,675 [0f734c5b-620a-4a31-a7a8-a1d45a227569-groupManagement] INFO  server.RaftServerConfigKeys (ConfUtils.java:logGet(46)) - raft.server.leaderelection.leader.step-down.wait-time = 10s (default)
2024-01-26 11:56:29,675 [0f734c5b-620a-4a31-a7a8-a1d45a227569-groupManagement] INFO  server.RaftServerConfigKeys (ConfUtils.java:logGet(46)) - raft.server.leaderelection.member.majority-add = false (default)
2024-01-26 11:56:29,675 [0f734c5b-620a-4a31-a7a8-a1d45a227569-groupManagement] INFO  server.RaftServerConfigKeys (ConfUtils.java:logGet(46)) - raft.server.sleep.deviation.threshold = 300ms (default)
2024-01-26 11:56:29,675 [0f734c5b-620a-4a31-a7a8-a1d45a227569-groupManagement] INFO  server.RaftServer$Division (ServerState.java:<init>(113)) - 0f734c5b-620a-4a31-a7a8-a1d45a227569@group-B4467A1991D0: ConfigurationManager, init=-1: peers:[b514b48b-a23c-4b35-9087-6efcb4999551|10.1.0.50:15067, 0f734c5b-620a-4a31-a7a8-a1d45a227569|10.1.0.50:15049, 9cb68909-d63b-4c8c-a8c2-d1f5498e35c0|10.1.0.50:15058]|listeners:[], old=null, confs=<EMPTY_MAP>
2024-01-26 11:56:29,675 [0f734c5b-620a-4a31-a7a8-a1d45a227569-groupManagement] INFO  server.RaftServerConfigKeys (ConfUtils.java:logGet(46)) - raft.server.notification.no-leader.timeout = 300s (custom)
2024-01-26 11:56:29,676 [0f734c5b-620a-4a31-a7a8-a1d45a227569-groupManagement] INFO  server.RaftServerConfigKeys (ConfUtils.java:logGet(46)) - raft.server.read.timeout = 10s (default)
2024-01-26 11:56:29,676 [0f734c5b-620a-4a31-a7a8-a1d45a227569-groupManagement] INFO  server.RaftServerConfigKeys (ConfUtils.java:logGet(46)) - raft.server.retrycache.expirytime = 600000ms (custom)
2024-01-26 11:56:29,676 [0f734c5b-620a-4a31-a7a8-a1d45a227569-groupManagement] INFO  server.RaftServerConfigKeys (ConfUtils.java:logGet(46)) - raft.server.retrycache.statistics.expirytime = 100ms (default)
2024-01-26 11:56:29,676 [0f734c5b-620a-4a31-a7a8-a1d45a227569-groupManagement] INFO  server.RaftServerConfigKeys (ConfUtils.java:logGet(46)) - raft.server.read.option = DEFAULT (default)
2024-01-26 11:56:29,676 [0f734c5b-620a-4a31-a7a8-a1d45a227569-groupManagement] INFO  server.RaftServerConfigKeys (ConfUtils.java:logGet(46)) - raft.server.read.read-after-write-consistent.write-index-cache.expiry-time = 60s (default)
2024-01-26 11:56:29,677 [9cb68909-d63b-4c8c-a8c2-d1f5498e35c0-groupManagement] INFO  server.RaftServerConfigKeys (ConfUtils.java:logGet(46)) - raft.server.rpc.request.timeout = 60s (custom)
2024-01-26 11:56:29,677 [9cb68909-d63b-4c8c-a8c2-d1f5498e35c0-groupManagement] INFO  server.RaftServerConfigKeys (ConfUtils.java:logGet(46)) - raft.server.log.appender.install.snapshot.enabled = false (custom)
2024-01-26 11:56:29,677 [9cb68909-d63b-4c8c-a8c2-d1f5498e35c0-groupManagement] INFO  server.RaftServerConfigKeys (ConfUtils.java:logGet(46)) - raft.server.threadpool.server.cached = true (default)
2024-01-26 11:56:29,678 [9cb68909-d63b-4c8c-a8c2-d1f5498e35c0-groupManagement] INFO  server.RaftServerConfigKeys (ConfUtils.java:logGet(46)) - raft.server.threadpool.server.size = 0 (default)
2024-01-26 11:56:29,678 [9cb68909-d63b-4c8c-a8c2-d1f5498e35c0-groupManagement] INFO  server.RaftServerConfigKeys (ConfUtils.java:logGet(46)) - raft.server.threadpool.client.cached = true (default)
2024-01-26 11:56:29,678 [9cb68909-d63b-4c8c-a8c2-d1f5498e35c0-groupManagement] INFO  server.RaftServerConfigKeys (ConfUtils.java:logGet(46)) - raft.server.threadpool.client.size = 0 (default)
2024-01-26 11:56:29,679 [9cb68909-d63b-4c8c-a8c2-d1f5498e35c0-groupManagement] INFO  server.RaftServerConfigKeys (ConfUtils.java:logGet(46)) - raft.server.storage.free-space.min = 0MB (=0) (default)
2024-01-26 11:56:29,679 [9cb68909-d63b-4c8c-a8c2-d1f5498e35c0-groupManagement] INFO  server.RaftServerConfigKeys (ConfUtils.java:logGet(46)) - raft.server.log.corruption.policy = EXCEPTION (default)
2024-01-26 11:56:29,679 [9cb68909-d63b-4c8c-a8c2-d1f5498e35c0-groupManagement] INFO  server.RaftServerConfigKeys (ConfUtils.java:logGet(46)) - raft.server.storage.dir = [/home/runner/work/ozone/ozone/hadoop-ozone/integration-test/target/test-dir/MiniOzoneClusterImpl-47c92df5-8859-41b8-9f26-037451183754/datanode-1/data/ratis] (custom)
2024-01-26 11:56:29,680 [9cb68909-d63b-4c8c-a8c2-d1f5498e35c0-groupManagement] INFO  storage.RaftStorageDirectory (RaftStorageDirectoryImpl.java:analyzeStorage(138)) - The storage directory /home/runner/work/ozone/ozone/hadoop-ozone/integration-test/target/test-dir/MiniOzoneClusterImpl-47c92df5-8859-41b8-9f26-037451183754/datanode-1/data/ratis/275c314f-37ff-47c3-8830-b4467a1991d0 does not exist. Creating ...
2024-01-26 11:56:29,679 [0f734c5b-620a-4a31-a7a8-a1d45a227569-groupManagement] INFO  server.RaftServerConfigKeys (ConfUtils.java:logGet(46)) - raft.server.rpc.request.timeout = 60s (custom)
2024-01-26 11:56:29,680 [0f734c5b-620a-4a31-a7a8-a1d45a227569-groupManagement] INFO  server.RaftServerConfigKeys (ConfUtils.java:logGet(46)) - raft.server.log.appender.install.snapshot.enabled = false (custom)
2024-01-26 11:56:29,681 [0f734c5b-620a-4a31-a7a8-a1d45a227569-groupManagement] INFO  server.RaftServerConfigKeys (ConfUtils.java:logGet(46)) - raft.server.threadpool.server.cached = true (default)
2024-01-26 11:56:29,681 [0f734c5b-620a-4a31-a7a8-a1d45a227569-groupManagement] INFO  server.RaftServerConfigKeys (ConfUtils.java:logGet(46)) - raft.server.threadpool.server.size = 0 (default)
2024-01-26 11:56:29,681 [0f734c5b-620a-4a31-a7a8-a1d45a227569-groupManagement] INFO  server.RaftServerConfigKeys (ConfUtils.java:logGet(46)) - raft.server.threadpool.client.cached = true (default)
2024-01-26 11:56:29,681 [0f734c5b-620a-4a31-a7a8-a1d45a227569-groupManagement] INFO  server.RaftServerConfigKeys (ConfUtils.java:logGet(46)) - raft.server.threadpool.client.size = 0 (default)
2024-01-26 11:56:29,681 [0f734c5b-620a-4a31-a7a8-a1d45a227569-groupManagement] INFO  server.RaftServerConfigKeys (ConfUtils.java:logGet(46)) - raft.server.storage.free-space.min = 0MB (=0) (default)
2024-01-26 11:56:29,681 [0f734c5b-620a-4a31-a7a8-a1d45a227569-groupManagement] INFO  server.RaftServerConfigKeys (ConfUtils.java:logGet(46)) - raft.server.log.corruption.policy = EXCEPTION (default)
2024-01-26 11:56:29,681 [0f734c5b-620a-4a31-a7a8-a1d45a227569-groupManagement] INFO  server.RaftServerConfigKeys (ConfUtils.java:logGet(46)) - raft.server.storage.dir = [/home/runner/work/ozone/ozone/hadoop-ozone/integration-test/target/test-dir/MiniOzoneClusterImpl-47c92df5-8859-41b8-9f26-037451183754/datanode-0/data/ratis] (custom)
2024-01-26 11:56:29,681 [0f734c5b-620a-4a31-a7a8-a1d45a227569-groupManagement] INFO  storage.RaftStorageDirectory (RaftStorageDirectoryImpl.java:analyzeStorage(138)) - The storage directory /home/runner/work/ozone/ozone/hadoop-ozone/integration-test/target/test-dir/MiniOzoneClusterImpl-47c92df5-8859-41b8-9f26-037451183754/datanode-0/data/ratis/275c314f-37ff-47c3-8830-b4467a1991d0 does not exist. Creating ...
2024-01-26 11:56:29,683 [9cb68909-d63b-4c8c-a8c2-d1f5498e35c0-groupManagement] INFO  storage.RaftStorageDirectory (RaftStorageDirectoryImpl.java:tryLock(228)) - Lock on /home/runner/work/ozone/ozone/hadoop-ozone/integration-test/target/test-dir/MiniOzoneClusterImpl-47c92df5-8859-41b8-9f26-037451183754/datanode-1/data/ratis/275c314f-37ff-47c3-8830-b4467a1991d0/in_use.lock acquired by nodename 67451@fv-az1250-627
2024-01-26 11:56:29,683 [0f734c5b-620a-4a31-a7a8-a1d45a227569-groupManagement] INFO  storage.RaftStorageDirectory (RaftStorageDirectoryImpl.java:tryLock(228)) - Lock on /home/runner/work/ozone/ozone/hadoop-ozone/integration-test/target/test-dir/MiniOzoneClusterImpl-47c92df5-8859-41b8-9f26-037451183754/datanode-0/data/ratis/275c314f-37ff-47c3-8830-b4467a1991d0/in_use.lock acquired by nodename 67451@fv-az1250-627
2024-01-26 11:56:29,684 [9cb68909-d63b-4c8c-a8c2-d1f5498e35c0-groupManagement] INFO  storage.RaftStorage (RaftStorageImpl.java:format(99)) - Storage directory /home/runner/work/ozone/ozone/hadoop-ozone/integration-test/target/test-dir/MiniOzoneClusterImpl-47c92df5-8859-41b8-9f26-037451183754/datanode-1/data/ratis/275c314f-37ff-47c3-8830-b4467a1991d0 has been successfully formatted.
2024-01-26 11:56:29,684 [0f734c5b-620a-4a31-a7a8-a1d45a227569-groupManagement] INFO  storage.RaftStorage (RaftStorageImpl.java:format(99)) - Storage directory /home/runner/work/ozone/ozone/hadoop-ozone/integration-test/target/test-dir/MiniOzoneClusterImpl-47c92df5-8859-41b8-9f26-037451183754/datanode-0/data/ratis/275c314f-37ff-47c3-8830-b4467a1991d0 has been successfully formatted.
2024-01-26 11:56:29,685 [0f734c5b-620a-4a31-a7a8-a1d45a227569-groupManagement] WARN  util.FileUtils (LogUtils.java:supplyAndLog(63)) - Failed to Files.newInputStream /home/runner/work/ozone/ozone/hadoop-ozone/integration-test/target/test-dir/MiniOzoneClusterImpl-47c92df5-8859-41b8-9f26-037451183754/datanode-0/data/ratis/275c314f-37ff-47c3-8830-b4467a1991d0/current/raft-meta.conf with options []: java.nio.file.NoSuchFileException: /home/runner/work/ozone/ozone/hadoop-ozone/integration-test/target/test-dir/MiniOzoneClusterImpl-47c92df5-8859-41b8-9f26-037451183754/datanode-0/data/ratis/275c314f-37ff-47c3-8830-b4467a1991d0/current/raft-meta.conf
2024-01-26 11:56:29,685 [0f734c5b-620a-4a31-a7a8-a1d45a227569-groupManagement] INFO  ratis.ContainerStateMachine (ContainerStateMachine.java:loadSnapshot(287)) - group-B4467A1991D0: The snapshot info is null. Setting the last applied index to:(t:0, i:~)
2024-01-26 11:56:29,685 [0f734c5b-620a-4a31-a7a8-a1d45a227569-groupManagement] INFO  server.RaftServerConfigKeys (ConfUtils.java:logGet(46)) - raft.server.log.use.memory = false (default)
2024-01-26 11:56:29,685 [0f734c5b-620a-4a31-a7a8-a1d45a227569-groupManagement] INFO  server.RaftServerConfigKeys (ConfUtils.java:logGet(46)) - raft.server.log.purge.gap = 1000000 (custom)
2024-01-26 11:56:29,685 [0f734c5b-620a-4a31-a7a8-a1d45a227569-groupManagement] INFO  server.RaftServerConfigKeys (ConfUtils.java:logGet(46)) - raft.server.log.appender.buffer.byte-limit = 8388608 (custom)
2024-01-26 11:56:29,685 [0f734c5b-620a-4a31-a7a8-a1d45a227569-groupManagement] INFO  server.RaftServerConfigKeys (ConfUtils.java:logGet(46)) - raft.server.log.statemachine.data.read.timeout = 1000ms (default)
2024-01-26 11:56:29,686 [0f734c5b-620a-4a31-a7a8-a1d45a227569-groupManagement] INFO  server.RaftServerConfigKeys (ConfUtils.java:logGet(46)) - raft.server.log.purge.preservation.log.num = 0 (default)
2024-01-26 11:56:29,684 [9cb68909-d63b-4c8c-a8c2-d1f5498e35c0-groupManagement] WARN  util.FileUtils (LogUtils.java:supplyAndLog(63)) - Failed to Files.newInputStream /home/runner/work/ozone/ozone/hadoop-ozone/integration-test/target/test-dir/MiniOzoneClusterImpl-47c92df5-8859-41b8-9f26-037451183754/datanode-1/data/ratis/275c314f-37ff-47c3-8830-b4467a1991d0/current/raft-meta.conf with options []: java.nio.file.NoSuchFileException: /home/runner/work/ozone/ozone/hadoop-ozone/integration-test/target/test-dir/MiniOzoneClusterImpl-47c92df5-8859-41b8-9f26-037451183754/datanode-1/data/ratis/275c314f-37ff-47c3-8830-b4467a1991d0/current/raft-meta.conf
2024-01-26 11:56:29,686 [9cb68909-d63b-4c8c-a8c2-d1f5498e35c0-groupManagement] INFO  ratis.ContainerStateMachine (ContainerStateMachine.java:loadSnapshot(287)) - group-B4467A1991D0: The snapshot info is null. Setting the last applied index to:(t:0, i:~)
2024-01-26 11:56:29,686 [9cb68909-d63b-4c8c-a8c2-d1f5498e35c0-groupManagement] INFO  server.RaftServerConfigKeys (ConfUtils.java:logGet(46)) - raft.server.log.use.memory = false (default)
2024-01-26 11:56:29,686 [9cb68909-d63b-4c8c-a8c2-d1f5498e35c0-groupManagement] INFO  server.RaftServerConfigKeys (ConfUtils.java:logGet(46)) - raft.server.log.purge.gap = 1000000 (custom)
2024-01-26 11:56:29,686 [9cb68909-d63b-4c8c-a8c2-d1f5498e35c0-groupManagement] INFO  server.RaftServerConfigKeys (ConfUtils.java:logGet(46)) - raft.server.log.appender.buffer.byte-limit = 8388608 (custom)
2024-01-26 11:56:29,686 [9cb68909-d63b-4c8c-a8c2-d1f5498e35c0-groupManagement] INFO  server.RaftServerConfigKeys (ConfUtils.java:logGet(46)) - raft.server.log.statemachine.data.read.timeout = 1000ms (default)
2024-01-26 11:56:29,686 [9cb68909-d63b-4c8c-a8c2-d1f5498e35c0-groupManagement] INFO  server.RaftServerConfigKeys (ConfUtils.java:logGet(46)) - raft.server.log.purge.preservation.log.num = 0 (default)
2024-01-26 11:56:29,688 [EventQueue-OpenPipelineForHealthyPipelineSafeModeRule] INFO  safemode.SCMSafeModeManager (HealthyPipelineSafeModeRule.java:process(140)) - SCM in safe mode. Healthy pipelines reported count is 0, required healthy pipeline reported count is 1
2024-01-26 11:56:29,688 [EventQueue-OpenPipelineForHealthyPipelineSafeModeRule] INFO  safemode.SCMSafeModeManager (HealthyPipelineSafeModeRule.java:process(140)) - SCM in safe mode. Healthy pipelines reported count is 0, required healthy pipeline reported count is 1
2024-01-26 11:56:29,692 [0f734c5b-620a-4a31-a7a8-a1d45a227569-groupManagement] INFO  server.RaftServerConfigKeys (ConfUtils.java:logGet(46)) - raft.server.log.segment.size.max = 67108864 (custom)
2024-01-26 11:56:29,693 [0f734c5b-620a-4a31-a7a8-a1d45a227569-groupManagement] INFO  server.RaftServerConfigKeys (ConfUtils.java:logGet(46)) - raft.server.log.segment.cache.num.max = 2 (custom)
2024-01-26 11:56:29,693 [9cb68909-d63b-4c8c-a8c2-d1f5498e35c0-groupManagement] INFO  server.RaftServerConfigKeys (ConfUtils.java:logGet(46)) - raft.server.log.segment.size.max = 67108864 (custom)
2024-01-26 11:56:29,693 [0f734c5b-620a-4a31-a7a8-a1d45a227569-groupManagement] INFO  server.RaftServerConfigKeys (ConfUtils.java:logGet(46)) - raft.server.log.segment.cache.size.max = 200MB (=209715200) (default)
2024-01-26 11:56:29,694 [0f734c5b-620a-4a31-a7a8-a1d45a227569-groupManagement] INFO  server.RaftServerConfigKeys (ConfUtils.java:logGet(46)) - raft.server.log.appender.buffer.byte-limit = 8388608 (custom)
2024-01-26 11:56:29,694 [0f734c5b-620a-4a31-a7a8-a1d45a227569-groupManagement] INFO  util.AwaitToRun (AwaitToRun.java:start(81)) - Thread[0f734c5b-620a-4a31-a7a8-a1d45a227569@group-B4467A1991D0-cacheEviction-AwaitToRun,5,main] started
2024-01-26 11:56:29,694 [0f734c5b-620a-4a31-a7a8-a1d45a227569-groupManagement] INFO  segmented.SegmentedRaftLogWorker (SegmentedRaftLogWorker.java:<init>(182)) - new 0f734c5b-620a-4a31-a7a8-a1d45a227569@group-B4467A1991D0-SegmentedRaftLogWorker for RaftStorageImpl:Storage Directory /home/runner/work/ozone/ozone/hadoop-ozone/integration-test/target/test-dir/MiniOzoneClusterImpl-47c92df5-8859-41b8-9f26-037451183754/datanode-0/data/ratis/275c314f-37ff-47c3-8830-b4467a1991d0
2024-01-26 11:56:29,694 [0f734c5b-620a-4a31-a7a8-a1d45a227569-groupManagement] INFO  server.RaftServerConfigKeys (ConfUtils.java:logGet(46)) - raft.server.log.queue.byte-limit = 4294967296 (custom)
2024-01-26 11:56:29,694 [0f734c5b-620a-4a31-a7a8-a1d45a227569-groupManagement] INFO  server.RaftServerConfigKeys (ConfUtils.java:logGet(46)) - raft.server.log.queue.element-limit = 1024 (custom)
2024-01-26 11:56:29,694 [0f734c5b-620a-4a31-a7a8-a1d45a227569-groupManagement] INFO  server.RaftServerConfigKeys (ConfUtils.java:logGet(46)) - raft.server.log.segment.size.max = 67108864 (custom)
2024-01-26 11:56:29,694 [0f734c5b-620a-4a31-a7a8-a1d45a227569-groupManagement] INFO  server.RaftServerConfigKeys (ConfUtils.java:logGet(46)) - raft.server.log.preallocated.size = 4194304 (custom)
2024-01-26 11:56:29,694 [0f734c5b-620a-4a31-a7a8-a1d45a227569-groupManagement] INFO  server.RaftServerConfigKeys (ConfUtils.java:logGet(46)) - raft.server.log.force.sync.num = 128 (default)
2024-01-26 11:56:29,695 [0f734c5b-620a-4a31-a7a8-a1d45a227569-groupManagement] INFO  server.RaftServerConfigKeys (ConfUtils.java:logGet(46)) - raft.server.log.statemachine.data.sync = true (default)
2024-01-26 11:56:29,695 [0f734c5b-620a-4a31-a7a8-a1d45a227569-groupManagement] INFO  server.RaftServerConfigKeys (ConfUtils.java:logGet(46)) - raft.server.log.statemachine.data.sync.timeout = 10s (default)
2024-01-26 11:56:29,695 [0f734c5b-620a-4a31-a7a8-a1d45a227569-groupManagement] INFO  server.RaftServerConfigKeys (ConfUtils.java:logGet(46)) - raft.server.log.statemachine.data.sync.timeout.retry = 0 (custom)
2024-01-26 11:56:29,695 [0f734c5b-620a-4a31-a7a8-a1d45a227569-groupManagement] INFO  server.RaftServerConfigKeys (ConfUtils.java:logGet(46)) - raft.server.log.write.buffer.size = 8388616 (custom)
2024-01-26 11:56:29,694 [9cb68909-d63b-4c8c-a8c2-d1f5498e35c0-groupManagement] INFO  server.RaftServerConfigKeys (ConfUtils.java:logGet(46)) - raft.server.log.segment.cache.num.max = 2 (custom)
2024-01-26 11:56:29,697 [9cb68909-d63b-4c8c-a8c2-d1f5498e35c0-groupManagement] INFO  server.RaftServerConfigKeys (ConfUtils.java:logGet(46)) - raft.server.log.segment.cache.size.max = 200MB (=209715200) (default)
2024-01-26 11:56:29,697 [9cb68909-d63b-4c8c-a8c2-d1f5498e35c0-groupManagement] INFO  server.RaftServerConfigKeys (ConfUtils.java:logGet(46)) - raft.server.log.appender.buffer.byte-limit = 8388608 (custom)
2024-01-26 11:56:29,697 [0f734c5b-620a-4a31-a7a8-a1d45a227569-groupManagement] INFO  server.RaftServerConfigKeys (ConfUtils.java:logGet(46)) - raft.server.log.appender.buffer.byte-limit = 8388608 (custom)
2024-01-26 11:56:29,698 [0f734c5b-620a-4a31-a7a8-a1d45a227569-groupManagement] INFO  server.RaftServerConfigKeys (ConfUtils.java:logGet(46)) - raft.server.log.unsafe-flush.enabled = false (default)
2024-01-26 11:56:29,698 [0f734c5b-620a-4a31-a7a8-a1d45a227569-groupManagement] INFO  server.RaftServerConfigKeys (ConfUtils.java:logGet(46)) - raft.server.log.async-flush.enabled = false (default)
2024-01-26 11:56:29,698 [0f734c5b-620a-4a31-a7a8-a1d45a227569-groupManagement] INFO  server.RaftServerConfigKeys (ConfUtils.java:logGet(46)) - raft.server.log.statemachine.data.caching.enabled = true (custom)
2024-01-26 11:56:29,698 [0f734c5b-620a-4a31-a7a8-a1d45a227569-groupManagement] INFO  segmented.SegmentedRaftLogWorker (SegmentedRaftLogWorker.java:lambda$new$0(134)) - 0f734c5b-620a-4a31-a7a8-a1d45a227569@group-B4467A1991D0-SegmentedRaftLogWorker: flushIndex: setUnconditionally 0 -> -1
2024-01-26 11:56:29,698 [0f734c5b-620a-4a31-a7a8-a1d45a227569-groupManagement] INFO  segmented.SegmentedRaftLogWorker (SegmentedRaftLogWorker.java:lambda$new$0(134)) - 0f734c5b-620a-4a31-a7a8-a1d45a227569@group-B4467A1991D0-SegmentedRaftLogWorker: safeCacheEvictIndex: setUnconditionally 0 -> -1
2024-01-26 11:56:29,699 [9cb68909-d63b-4c8c-a8c2-d1f5498e35c0-groupManagement] INFO  util.AwaitToRun (AwaitToRun.java:start(81)) - Thread[9cb68909-d63b-4c8c-a8c2-d1f5498e35c0@group-B4467A1991D0-cacheEviction-AwaitToRun,5,main] started
2024-01-26 11:56:29,699 [9cb68909-d63b-4c8c-a8c2-d1f5498e35c0-groupManagement] INFO  segmented.SegmentedRaftLogWorker (SegmentedRaftLogWorker.java:<init>(182)) - new 9cb68909-d63b-4c8c-a8c2-d1f5498e35c0@group-B4467A1991D0-SegmentedRaftLogWorker for RaftStorageImpl:Storage Directory /home/runner/work/ozone/ozone/hadoop-ozone/integration-test/target/test-dir/MiniOzoneClusterImpl-47c92df5-8859-41b8-9f26-037451183754/datanode-1/data/ratis/275c314f-37ff-47c3-8830-b4467a1991d0
2024-01-26 11:56:29,699 [9cb68909-d63b-4c8c-a8c2-d1f5498e35c0-groupManagement] INFO  server.RaftServerConfigKeys (ConfUtils.java:logGet(46)) - raft.server.log.queue.byte-limit = 4294967296 (custom)
2024-01-26 11:56:29,699 [9cb68909-d63b-4c8c-a8c2-d1f5498e35c0-groupManagement] INFO  server.RaftServerConfigKeys (ConfUtils.java:logGet(46)) - raft.server.log.queue.element-limit = 1024 (custom)
2024-01-26 11:56:29,699 [9cb68909-d63b-4c8c-a8c2-d1f5498e35c0-groupManagement] INFO  server.RaftServerConfigKeys (ConfUtils.java:logGet(46)) - raft.server.log.segment.size.max = 67108864 (custom)
2024-01-26 11:56:29,700 [9cb68909-d63b-4c8c-a8c2-d1f5498e35c0-groupManagement] INFO  server.RaftServerConfigKeys (ConfUtils.java:logGet(46)) - raft.server.log.preallocated.size = 4194304 (custom)
2024-01-26 11:56:29,700 [9cb68909-d63b-4c8c-a8c2-d1f5498e35c0-groupManagement] INFO  server.RaftServerConfigKeys (ConfUtils.java:logGet(46)) - raft.server.log.force.sync.num = 128 (default)
2024-01-26 11:56:29,700 [9cb68909-d63b-4c8c-a8c2-d1f5498e35c0-groupManagement] INFO  server.RaftServerConfigKeys (ConfUtils.java:logGet(46)) - raft.server.log.statemachine.data.sync = true (default)
2024-01-26 11:56:29,700 [9cb68909-d63b-4c8c-a8c2-d1f5498e35c0-groupManagement] INFO  server.RaftServerConfigKeys (ConfUtils.java:logGet(46)) - raft.server.log.statemachine.data.sync.timeout = 10s (default)
2024-01-26 11:56:29,700 [0f734c5b-620a-4a31-a7a8-a1d45a227569-groupManagement] INFO  server.RaftServer$Division (RaftServerImpl.java:start(396)) - 0f734c5b-620a-4a31-a7a8-a1d45a227569@group-B4467A1991D0: start as a follower, conf=-1: peers:[b514b48b-a23c-4b35-9087-6efcb4999551|10.1.0.50:15067, 0f734c5b-620a-4a31-a7a8-a1d45a227569|10.1.0.50:15049, 9cb68909-d63b-4c8c-a8c2-d1f5498e35c0|10.1.0.50:15058]|listeners:[], old=null
2024-01-26 11:56:29,700 [9cb68909-d63b-4c8c-a8c2-d1f5498e35c0-groupManagement] INFO  server.RaftServerConfigKeys (ConfUtils.java:logGet(46)) - raft.server.log.statemachine.data.sync.timeout.retry = 0 (custom)
2024-01-26 11:56:29,700 [0f734c5b-620a-4a31-a7a8-a1d45a227569-groupManagement] INFO  server.RaftServer$Division (RaftServerImpl.java:setRole(383)) - 0f734c5b-620a-4a31-a7a8-a1d45a227569@group-B4467A1991D0: changes role from      null to FOLLOWER at term 0 for startAsFollower
2024-01-26 11:56:29,700 [0f734c5b-620a-4a31-a7a8-a1d45a227569-groupManagement] INFO  impl.RoleInfo (RoleInfo.java:updateAndGet(139)) - 0f734c5b-620a-4a31-a7a8-a1d45a227569: start 0f734c5b-620a-4a31-a7a8-a1d45a227569@group-B4467A1991D0-FollowerState
2024-01-26 11:56:29,700 [0f734c5b-620a-4a31-a7a8-a1d45a227569-groupManagement] INFO  util.JmxRegister (JmxRegister.java:tryRegister(44)) - Successfully registered JMX Bean with object name Ratis:service=RaftServer,group=group-B4467A1991D0,id=0f734c5b-620a-4a31-a7a8-a1d45a227569
2024-01-26 11:56:29,700 [0f734c5b-620a-4a31-a7a8-a1d45a227569-groupManagement] INFO  server.RaftServerConfigKeys (ConfUtils.java:logGet(46)) - raft.server.snapshot.trigger-when-stop.enabled = true (default)
2024-01-26 11:56:29,701 [9cb68909-d63b-4c8c-a8c2-d1f5498e35c0-groupManagement] INFO  server.RaftServerConfigKeys (ConfUtils.java:logGet(46)) - raft.server.log.write.buffer.size = 8388616 (custom)
2024-01-26 11:56:29,701 [0f734c5b-620a-4a31-a7a8-a1d45a227569-groupManagement] INFO  server.RaftServerConfigKeys (ConfUtils.java:logGet(46)) - raft.server.snapshot.auto.trigger.enabled = true (custom)
2024-01-26 11:56:29,701 [0f734c5b-620a-4a31-a7a8-a1d45a227569@group-B4467A1991D0-FollowerState] INFO  server.RaftServerConfigKeys (ConfUtils.java:logFallback(53)) - raft.server.rpc.first-election.timeout.min = 5s (fallback to raft.server.rpc.timeout.min)
2024-01-26 11:56:29,701 [0f734c5b-620a-4a31-a7a8-a1d45a227569-groupManagement] INFO  server.RaftServerConfigKeys (ConfUtils.java:logGet(46)) - raft.server.snapshot.auto.trigger.threshold = 10000 (custom)
2024-01-26 11:56:29,701 [0f734c5b-620a-4a31-a7a8-a1d45a227569-groupManagement] INFO  server.RaftServerConfigKeys (ConfUtils.java:logGet(46)) - raft.server.snapshot.retention.file.num = 5 (custom)
2024-01-26 11:56:29,701 [0f734c5b-620a-4a31-a7a8-a1d45a227569-groupManagement] INFO  server.RaftServerConfigKeys (ConfUtils.java:logGet(46)) - raft.server.log.purge.upto.snapshot.index = false (default)
2024-01-26 11:56:29,702 [0f734c5b-620a-4a31-a7a8-a1d45a227569@group-B4467A1991D0-FollowerState] INFO  server.RaftServerConfigKeys (ConfUtils.java:logFallback(53)) - raft.server.rpc.first-election.timeout.max = 5200ms (fallback to raft.server.rpc.timeout.max)
2024-01-26 11:56:29,703 [9cb68909-d63b-4c8c-a8c2-d1f5498e35c0-groupManagement] INFO  server.RaftServerConfigKeys (ConfUtils.java:logGet(46)) - raft.server.log.appender.buffer.byte-limit = 8388608 (custom)
2024-01-26 11:56:29,703 [9cb68909-d63b-4c8c-a8c2-d1f5498e35c0-groupManagement] INFO  server.RaftServerConfigKeys (ConfUtils.java:logGet(46)) - raft.server.log.unsafe-flush.enabled = false (default)
2024-01-26 11:56:29,703 [9cb68909-d63b-4c8c-a8c2-d1f5498e35c0-groupManagement] INFO  server.RaftServerConfigKeys (ConfUtils.java:logGet(46)) - raft.server.log.async-flush.enabled = false (default)
2024-01-26 11:56:29,703 [9cb68909-d63b-4c8c-a8c2-d1f5498e35c0-groupManagement] INFO  server.RaftServerConfigKeys (ConfUtils.java:logGet(46)) - raft.server.log.statemachine.data.caching.enabled = true (custom)
2024-01-26 11:56:29,703 [9cb68909-d63b-4c8c-a8c2-d1f5498e35c0-groupManagement] INFO  segmented.SegmentedRaftLogWorker (SegmentedRaftLogWorker.java:lambda$new$0(134)) - 9cb68909-d63b-4c8c-a8c2-d1f5498e35c0@group-B4467A1991D0-SegmentedRaftLogWorker: flushIndex: setUnconditionally 0 -> -1
2024-01-26 11:56:29,703 [9cb68909-d63b-4c8c-a8c2-d1f5498e35c0-groupManagement] INFO  segmented.SegmentedRaftLogWorker (SegmentedRaftLogWorker.java:lambda$new$0(134)) - 9cb68909-d63b-4c8c-a8c2-d1f5498e35c0@group-B4467A1991D0-SegmentedRaftLogWorker: safeCacheEvictIndex: setUnconditionally 0 -> -1
2024-01-26 11:56:29,704 [0f734c5b-620a-4a31-a7a8-a1d45a227569-PipelineCommandHandlerThread-0] INFO  ratis.XceiverServerRatis (XceiverServerRatis.java:addGroup(842)) - Created group PipelineID=275c314f-37ff-47c3-8830-b4467a1991d0
2024-01-26 11:56:29,707 [9cb68909-d63b-4c8c-a8c2-d1f5498e35c0-groupManagement] INFO  server.RaftServer$Division (RaftServerImpl.java:start(396)) - 9cb68909-d63b-4c8c-a8c2-d1f5498e35c0@group-B4467A1991D0: start as a follower, conf=-1: peers:[b514b48b-a23c-4b35-9087-6efcb4999551|10.1.0.50:15067, 0f734c5b-620a-4a31-a7a8-a1d45a227569|10.1.0.50:15049, 9cb68909-d63b-4c8c-a8c2-d1f5498e35c0|10.1.0.50:15058]|listeners:[], old=null
2024-01-26 11:56:29,707 [9cb68909-d63b-4c8c-a8c2-d1f5498e35c0-groupManagement] INFO  server.RaftServer$Division (RaftServerImpl.java:setRole(383)) - 9cb68909-d63b-4c8c-a8c2-d1f5498e35c0@group-B4467A1991D0: changes role from      null to FOLLOWER at term 0 for startAsFollower
2024-01-26 11:56:29,707 [9cb68909-d63b-4c8c-a8c2-d1f5498e35c0-groupManagement] INFO  impl.RoleInfo (RoleInfo.java:updateAndGet(139)) - 9cb68909-d63b-4c8c-a8c2-d1f5498e35c0: start 9cb68909-d63b-4c8c-a8c2-d1f5498e35c0@group-B4467A1991D0-FollowerState
2024-01-26 11:56:29,708 [9cb68909-d63b-4c8c-a8c2-d1f5498e35c0@group-B4467A1991D0-FollowerState] INFO  server.RaftServerConfigKeys (ConfUtils.java:logFallback(53)) - raft.server.rpc.first-election.timeout.min = 5s (fallback to raft.server.rpc.timeout.min)
2024-01-26 11:56:29,708 [9cb68909-d63b-4c8c-a8c2-d1f5498e35c0@group-B4467A1991D0-FollowerState] INFO  server.RaftServerConfigKeys (ConfUtils.java:logFallback(53)) - raft.server.rpc.first-election.timeout.max = 5200ms (fallback to raft.server.rpc.timeout.max)
2024-01-26 11:56:29,712 [9cb68909-d63b-4c8c-a8c2-d1f5498e35c0-groupManagement] INFO  util.JmxRegister (JmxRegister.java:tryRegister(44)) - Successfully registered JMX Bean with object name Ratis:service=RaftServer,group=group-B4467A1991D0,id=9cb68909-d63b-4c8c-a8c2-d1f5498e35c0
2024-01-26 11:56:29,712 [9cb68909-d63b-4c8c-a8c2-d1f5498e35c0-groupManagement] INFO  server.RaftServerConfigKeys (ConfUtils.java:logGet(46)) - raft.server.snapshot.trigger-when-stop.enabled = true (default)
2024-01-26 11:56:29,712 [9cb68909-d63b-4c8c-a8c2-d1f5498e35c0-groupManagement] INFO  server.RaftServerConfigKeys (ConfUtils.java:logGet(46)) - raft.server.snapshot.auto.trigger.enabled = true (custom)
2024-01-26 11:56:29,712 [9cb68909-d63b-4c8c-a8c2-d1f5498e35c0-groupManagement] INFO  server.RaftServerConfigKeys (ConfUtils.java:logGet(46)) - raft.server.snapshot.auto.trigger.threshold = 10000 (custom)
2024-01-26 11:56:29,714 [9cb68909-d63b-4c8c-a8c2-d1f5498e35c0-groupManagement] INFO  server.RaftServerConfigKeys (ConfUtils.java:logGet(46)) - raft.server.snapshot.retention.file.num = 5 (custom)
2024-01-26 11:56:29,714 [9cb68909-d63b-4c8c-a8c2-d1f5498e35c0-groupManagement] INFO  server.RaftServerConfigKeys (ConfUtils.java:logGet(46)) - raft.server.log.purge.upto.snapshot.index = false (default)
2024-01-26 11:56:29,724 [9cb68909-d63b-4c8c-a8c2-d1f5498e35c0-PipelineCommandHandlerThread-0] INFO  ratis.XceiverServerRatis (XceiverServerRatis.java:addGroup(842)) - Created group PipelineID=275c314f-37ff-47c3-8830-b4467a1991d0
2024-01-26 11:56:29,733 [Mini-Cluster-Provider-Create] INFO  ozone.MiniOzoneClusterImpl (MiniOzoneClusterImpl.java:lambda$waitForClusterToBeReady$0(229)) - Nodes are ready. Got 3 of 3 DN Heartbeats.
2024-01-26 11:56:29,733 [Mini-Cluster-Provider-Create] INFO  ozone.MiniOzoneClusterImpl (MiniOzoneClusterImpl.java:lambda$waitForClusterToBeReady$0(232)) - Waiting for cluster to exit safe mode
2024-01-26 11:56:29,733 [Mini-Cluster-Provider-Create] INFO  ozone.MiniOzoneClusterImpl (MiniOzoneClusterImpl.java:lambda$waitForClusterToBeReady$0(234)) - SCM became leader
2024-01-26 11:56:29,737 [b514b48b-a23c-4b35-9087-6efcb4999551-PipelineCommandHandlerThread-0] INFO  server.RaftServer (RaftServerProxy.java:addNew(100)) - b514b48b-a23c-4b35-9087-6efcb4999551: addNew group-E3295A5948AF:[b514b48b-a23c-4b35-9087-6efcb4999551|10.1.0.50:15067] returns group-E3295A5948AF:java.util.concurrent.CompletableFuture@13308c31[Not completed]
2024-01-26 11:56:29,738 [b514b48b-a23c-4b35-9087-6efcb4999551-groupManagement] INFO  server.RaftServer$Division (RaftServerImpl.java:<init>(256)) - b514b48b-a23c-4b35-9087-6efcb4999551: new RaftServerImpl for group-E3295A5948AF:[b514b48b-a23c-4b35-9087-6efcb4999551|10.1.0.50:15067] with ContainerStateMachine:uninitialized
2024-01-26 11:56:29,738 [b514b48b-a23c-4b35-9087-6efcb4999551-groupManagement] INFO  server.RaftServerConfigKeys (ConfUtils.java:logGet(46)) - raft.server.rpc.timeout.min = 5s (custom)
2024-01-26 11:56:29,738 [b514b48b-a23c-4b35-9087-6efcb4999551-groupManagement] INFO  server.RaftServerConfigKeys (ConfUtils.java:logGet(46)) - raft.server.rpc.timeout.max = 5200ms (custom)
2024-01-26 11:56:29,738 [b514b48b-a23c-4b35-9087-6efcb4999551-groupManagement] INFO  server.RaftServerConfigKeys (ConfUtils.java:logGet(46)) - raft.server.rpc.sleep.time = 25ms (default)
2024-01-26 11:56:29,738 [b514b48b-a23c-4b35-9087-6efcb4999551-groupManagement] INFO  server.RaftServerConfigKeys (ConfUtils.java:logGet(46)) - raft.server.rpc.slowness.timeout = 300s (custom)
2024-01-26 11:56:29,738 [b514b48b-a23c-4b35-9087-6efcb4999551-groupManagement] INFO  server.RaftServerConfigKeys (ConfUtils.java:logGet(46)) - raft.server.leaderelection.leader.step-down.wait-time = 10s (default)
2024-01-26 11:56:29,739 [b514b48b-a23c-4b35-9087-6efcb4999551-groupManagement] INFO  server.RaftServerConfigKeys (ConfUtils.java:logGet(46)) - raft.server.leaderelection.member.majority-add = false (default)
2024-01-26 11:56:29,739 [b514b48b-a23c-4b35-9087-6efcb4999551-groupManagement] INFO  server.RaftServerConfigKeys (ConfUtils.java:logGet(46)) - raft.server.sleep.deviation.threshold = 300ms (default)
2024-01-26 11:56:29,739 [b514b48b-a23c-4b35-9087-6efcb4999551-groupManagement] INFO  server.RaftServer$Division (ServerState.java:<init>(113)) - b514b48b-a23c-4b35-9087-6efcb4999551@group-E3295A5948AF: ConfigurationManager, init=-1: peers:[b514b48b-a23c-4b35-9087-6efcb4999551|10.1.0.50:15067]|listeners:[], old=null, confs=<EMPTY_MAP>
2024-01-26 11:56:29,739 [b514b48b-a23c-4b35-9087-6efcb4999551-groupManagement] INFO  server.RaftServerConfigKeys (ConfUtils.java:logGet(46)) - raft.server.notification.no-leader.timeout = 300s (custom)
2024-01-26 11:56:29,739 [b514b48b-a23c-4b35-9087-6efcb4999551-groupManagement] INFO  server.RaftServerConfigKeys (ConfUtils.java:logGet(46)) - raft.server.read.timeout = 10s (default)
2024-01-26 11:56:29,739 [b514b48b-a23c-4b35-9087-6efcb4999551-groupManagement] INFO  server.RaftServerConfigKeys (ConfUtils.java:logGet(46)) - raft.server.retrycache.expirytime = 600000ms (custom)
2024-01-26 11:56:29,739 [b514b48b-a23c-4b35-9087-6efcb4999551-groupManagement] INFO  server.RaftServerConfigKeys (ConfUtils.java:logGet(46)) - raft.server.retrycache.statistics.expirytime = 100ms (default)
2024-01-26 11:56:29,739 [b514b48b-a23c-4b35-9087-6efcb4999551-groupManagement] INFO  server.RaftServerConfigKeys (ConfUtils.java:logGet(46)) - raft.server.read.option = DEFAULT (default)
2024-01-26 11:56:29,739 [b514b48b-a23c-4b35-9087-6efcb4999551-groupManagement] INFO  server.RaftServerConfigKeys (ConfUtils.java:logGet(46)) - raft.server.read.read-after-write-consistent.write-index-cache.expiry-time = 60s (default)
2024-01-26 11:56:29,741 [b514b48b-a23c-4b35-9087-6efcb4999551-groupManagement] INFO  server.RaftServerConfigKeys (ConfUtils.java:logGet(46)) - raft.server.rpc.request.timeout = 60s (custom)
2024-01-26 11:56:29,741 [b514b48b-a23c-4b35-9087-6efcb4999551-groupManagement] INFO  server.RaftServerConfigKeys (ConfUtils.java:logGet(46)) - raft.server.log.appender.install.snapshot.enabled = false (custom)
2024-01-26 11:56:29,741 [b514b48b-a23c-4b35-9087-6efcb4999551-groupManagement] INFO  server.RaftServerConfigKeys (ConfUtils.java:logGet(46)) - raft.server.threadpool.server.cached = true (default)
2024-01-26 11:56:29,741 [b514b48b-a23c-4b35-9087-6efcb4999551-groupManagement] INFO  server.RaftServerConfigKeys (ConfUtils.java:logGet(46)) - raft.server.threadpool.server.size = 0 (default)
2024-01-26 11:56:29,741 [b514b48b-a23c-4b35-9087-6efcb4999551-groupManagement] INFO  server.RaftServerConfigKeys (ConfUtils.java:logGet(46)) - raft.server.threadpool.client.cached = true (default)
2024-01-26 11:56:29,741 [b514b48b-a23c-4b35-9087-6efcb4999551-groupManagement] INFO  server.RaftServerConfigKeys (ConfUtils.java:logGet(46)) - raft.server.threadpool.client.size = 0 (default)
2024-01-26 11:56:29,741 [b514b48b-a23c-4b35-9087-6efcb4999551-groupManagement] INFO  server.RaftServerConfigKeys (ConfUtils.java:logGet(46)) - raft.server.storage.free-space.min = 0MB (=0) (default)
2024-01-26 11:56:29,741 [b514b48b-a23c-4b35-9087-6efcb4999551-groupManagement] INFO  server.RaftServerConfigKeys (ConfUtils.java:logGet(46)) - raft.server.log.corruption.policy = EXCEPTION (default)
2024-01-26 11:56:29,741 [b514b48b-a23c-4b35-9087-6efcb4999551-groupManagement] INFO  server.RaftServerConfigKeys (ConfUtils.java:logGet(46)) - raft.server.storage.dir = [/home/runner/work/ozone/ozone/hadoop-ozone/integration-test/target/test-dir/MiniOzoneClusterImpl-47c92df5-8859-41b8-9f26-037451183754/datanode-2/data/ratis] (custom)
2024-01-26 11:56:29,741 [b514b48b-a23c-4b35-9087-6efcb4999551-groupManagement] INFO  storage.RaftStorageDirectory (RaftStorageDirectoryImpl.java:analyzeStorage(138)) - The storage directory /home/runner/work/ozone/ozone/hadoop-ozone/integration-test/target/test-dir/MiniOzoneClusterImpl-47c92df5-8859-41b8-9f26-037451183754/datanode-2/data/ratis/20f8bcd2-606e-428a-bff0-e3295a5948af does not exist. Creating ...
2024-01-26 11:56:29,745 [grpc-default-executor-0] INFO  server.RaftServer (RaftServerProxy.java:addNew(100)) - b514b48b-a23c-4b35-9087-6efcb4999551: addNew group-B4467A1991D0:[b514b48b-a23c-4b35-9087-6efcb4999551|10.1.0.50:15067, 0f734c5b-620a-4a31-a7a8-a1d45a227569|10.1.0.50:15049, 9cb68909-d63b-4c8c-a8c2-d1f5498e35c0|10.1.0.50:15058] returns group-B4467A1991D0:java.util.concurrent.CompletableFuture@7b874160[Not completed]
2024-01-26 11:56:29,747 [b514b48b-a23c-4b35-9087-6efcb4999551-groupManagement] INFO  storage.RaftStorageDirectory (RaftStorageDirectoryImpl.java:tryLock(228)) - Lock on /home/runner/work/ozone/ozone/hadoop-ozone/integration-test/target/test-dir/MiniOzoneClusterImpl-47c92df5-8859-41b8-9f26-037451183754/datanode-2/data/ratis/20f8bcd2-606e-428a-bff0-e3295a5948af/in_use.lock acquired by nodename 67451@fv-az1250-627
2024-01-26 11:56:29,756 [b514b48b-a23c-4b35-9087-6efcb4999551-groupManagement] INFO  storage.RaftStorage (RaftStorageImpl.java:format(99)) - Storage directory /home/runner/work/ozone/ozone/hadoop-ozone/integration-test/target/test-dir/MiniOzoneClusterImpl-47c92df5-8859-41b8-9f26-037451183754/datanode-2/data/ratis/20f8bcd2-606e-428a-bff0-e3295a5948af has been successfully formatted.
2024-01-26 11:56:29,756 [b514b48b-a23c-4b35-9087-6efcb4999551-groupManagement] WARN  util.FileUtils (LogUtils.java:supplyAndLog(63)) - Failed to Files.newInputStream /home/runner/work/ozone/ozone/hadoop-ozone/integration-test/target/test-dir/MiniOzoneClusterImpl-47c92df5-8859-41b8-9f26-037451183754/datanode-2/data/ratis/20f8bcd2-606e-428a-bff0-e3295a5948af/current/raft-meta.conf with options []: java.nio.file.NoSuchFileException: /home/runner/work/ozone/ozone/hadoop-ozone/integration-test/target/test-dir/MiniOzoneClusterImpl-47c92df5-8859-41b8-9f26-037451183754/datanode-2/data/ratis/20f8bcd2-606e-428a-bff0-e3295a5948af/current/raft-meta.conf
2024-01-26 11:56:29,758 [b514b48b-a23c-4b35-9087-6efcb4999551-groupManagement] INFO  ratis.ContainerStateMachine (ContainerStateMachine.java:loadSnapshot(287)) - group-E3295A5948AF: The snapshot info is null. Setting the last applied index to:(t:0, i:~)
2024-01-26 11:56:29,759 [b514b48b-a23c-4b35-9087-6efcb4999551-groupManagement] INFO  server.RaftServerConfigKeys (ConfUtils.java:logGet(46)) - raft.server.log.use.memory = false (default)
2024-01-26 11:56:29,761 [b514b48b-a23c-4b35-9087-6efcb4999551-groupManagement] INFO  server.RaftServerConfigKeys (ConfUtils.java:logGet(46)) - raft.server.log.purge.gap = 1000000 (custom)
2024-01-26 11:56:29,761 [b514b48b-a23c-4b35-9087-6efcb4999551-groupManagement] INFO  server.RaftServerConfigKeys (ConfUtils.java:logGet(46)) - raft.server.log.appender.buffer.byte-limit = 8388608 (custom)
2024-01-26 11:56:29,761 [b514b48b-a23c-4b35-9087-6efcb4999551-groupManagement] INFO  server.RaftServerConfigKeys (ConfUtils.java:logGet(46)) - raft.server.log.statemachine.data.read.timeout = 1000ms (default)
2024-01-26 11:56:29,761 [b514b48b-a23c-4b35-9087-6efcb4999551-groupManagement] INFO  server.RaftServerConfigKeys (ConfUtils.java:logGet(46)) - raft.server.log.purge.preservation.log.num = 0 (default)
2024-01-26 11:56:29,762 [EventQueue-PipelineReportForPipelineReportHandler] INFO  pipeline.PipelineReportHandler (PipelineReportHandler.java:processPipelineReport(136)) - Opened pipeline PipelineID=20f8bcd2-606e-428a-bff0-e3295a5948af
2024-01-26 11:56:29,762 [EventQueue-OpenPipelineForHealthyPipelineSafeModeRule] INFO  safemode.SCMSafeModeManager (HealthyPipelineSafeModeRule.java:process(140)) - SCM in safe mode. Healthy pipelines reported count is 0, required healthy pipeline reported count is 1
2024-01-26 11:56:29,763 [b514b48b-a23c-4b35-9087-6efcb4999551-groupManagement] INFO  server.RaftServerConfigKeys (ConfUtils.java:logGet(46)) - raft.server.log.segment.size.max = 67108864 (custom)
2024-01-26 11:56:29,763 [b514b48b-a23c-4b35-9087-6efcb4999551-groupManagement] INFO  server.RaftServerConfigKeys (ConfUtils.java:logGet(46)) - raft.server.log.segment.cache.num.max = 2 (custom)
2024-01-26 11:56:29,763 [b514b48b-a23c-4b35-9087-6efcb4999551-groupManagement] INFO  server.RaftServerConfigKeys (ConfUtils.java:logGet(46)) - raft.server.log.segment.cache.size.max = 200MB (=209715200) (default)
2024-01-26 11:56:29,763 [b514b48b-a23c-4b35-9087-6efcb4999551-groupManagement] INFO  server.RaftServerConfigKeys (ConfUtils.java:logGet(46)) - raft.server.log.appender.buffer.byte-limit = 8388608 (custom)
2024-01-26 11:56:29,767 [b514b48b-a23c-4b35-9087-6efcb4999551-groupManagement] INFO  util.AwaitToRun (AwaitToRun.java:start(81)) - Thread[b514b48b-a23c-4b35-9087-6efcb4999551@group-E3295A5948AF-cacheEviction-AwaitToRun,5,main] started
2024-01-26 11:56:29,767 [b514b48b-a23c-4b35-9087-6efcb4999551-groupManagement] INFO  segmented.SegmentedRaftLogWorker (SegmentedRaftLogWorker.java:<init>(182)) - new b514b48b-a23c-4b35-9087-6efcb4999551@group-E3295A5948AF-SegmentedRaftLogWorker for RaftStorageImpl:Storage Directory /home/runner/work/ozone/ozone/hadoop-ozone/integration-test/target/test-dir/MiniOzoneClusterImpl-47c92df5-8859-41b8-9f26-037451183754/datanode-2/data/ratis/20f8bcd2-606e-428a-bff0-e3295a5948af
2024-01-26 11:56:29,767 [b514b48b-a23c-4b35-9087-6efcb4999551-groupManagement] INFO  server.RaftServerConfigKeys (ConfUtils.java:logGet(46)) - raft.server.log.queue.byte-limit = 4294967296 (custom)
2024-01-26 11:56:29,767 [b514b48b-a23c-4b35-9087-6efcb4999551-groupManagement] INFO  server.RaftServerConfigKeys (ConfUtils.java:logGet(46)) - raft.server.log.queue.element-limit = 1024 (custom)
2024-01-26 11:56:29,768 [b514b48b-a23c-4b35-9087-6efcb4999551-groupManagement] INFO  server.RaftServerConfigKeys (ConfUtils.java:logGet(46)) - raft.server.log.segment.size.max = 67108864 (custom)
2024-01-26 11:56:29,768 [b514b48b-a23c-4b35-9087-6efcb4999551-groupManagement] INFO  server.RaftServerConfigKeys (ConfUtils.java:logGet(46)) - raft.server.log.preallocated.size = 4194304 (custom)
2024-01-26 11:56:29,768 [b514b48b-a23c-4b35-9087-6efcb4999551-groupManagement] INFO  server.RaftServerConfigKeys (ConfUtils.java:logGet(46)) - raft.server.log.force.sync.num = 128 (default)
2024-01-26 11:56:29,768 [b514b48b-a23c-4b35-9087-6efcb4999551-groupManagement] INFO  server.RaftServerConfigKeys (ConfUtils.java:logGet(46)) - raft.server.log.statemachine.data.sync = true (default)
2024-01-26 11:56:29,768 [b514b48b-a23c-4b35-9087-6efcb4999551-groupManagement] INFO  server.RaftServerConfigKeys (ConfUtils.java:logGet(46)) - raft.server.log.statemachine.data.sync.timeout = 10s (default)
2024-01-26 11:56:29,768 [b514b48b-a23c-4b35-9087-6efcb4999551-groupManagement] INFO  server.RaftServerConfigKeys (ConfUtils.java:logGet(46)) - raft.server.log.statemachine.data.sync.timeout.retry = 0 (custom)
2024-01-26 11:56:29,769 [b514b48b-a23c-4b35-9087-6efcb4999551-groupManagement] INFO  server.RaftServerConfigKeys (ConfUtils.java:logGet(46)) - raft.server.log.write.buffer.size = 8388616 (custom)
2024-01-26 11:56:29,771 [b514b48b-a23c-4b35-9087-6efcb4999551-groupManagement] INFO  server.RaftServerConfigKeys (ConfUtils.java:logGet(46)) - raft.server.log.appender.buffer.byte-limit = 8388608 (custom)
2024-01-26 11:56:29,771 [b514b48b-a23c-4b35-9087-6efcb4999551-groupManagement] INFO  server.RaftServerConfigKeys (ConfUtils.java:logGet(46)) - raft.server.log.unsafe-flush.enabled = false (default)
2024-01-26 11:56:29,772 [b514b48b-a23c-4b35-9087-6efcb4999551-groupManagement] INFO  server.RaftServerConfigKeys (ConfUtils.java:logGet(46)) - raft.server.log.async-flush.enabled = false (default)
2024-01-26 11:56:29,772 [b514b48b-a23c-4b35-9087-6efcb4999551-groupManagement] INFO  server.RaftServerConfigKeys (ConfUtils.java:logGet(46)) - raft.server.log.statemachine.data.caching.enabled = true (custom)
2024-01-26 11:56:29,772 [b514b48b-a23c-4b35-9087-6efcb4999551-groupManagement] INFO  segmented.SegmentedRaftLogWorker (SegmentedRaftLogWorker.java:lambda$new$0(134)) - b514b48b-a23c-4b35-9087-6efcb4999551@group-E3295A5948AF-SegmentedRaftLogWorker: flushIndex: setUnconditionally 0 -> -1
2024-01-26 11:56:29,772 [b514b48b-a23c-4b35-9087-6efcb4999551-groupManagement] INFO  segmented.SegmentedRaftLogWorker (SegmentedRaftLogWorker.java:lambda$new$0(134)) - b514b48b-a23c-4b35-9087-6efcb4999551@group-E3295A5948AF-SegmentedRaftLogWorker: safeCacheEvictIndex: setUnconditionally 0 -> -1
2024-01-26 11:56:29,781 [b514b48b-a23c-4b35-9087-6efcb4999551-groupManagement] INFO  server.RaftServer$Division (RaftServerImpl.java:start(396)) - b514b48b-a23c-4b35-9087-6efcb4999551@group-E3295A5948AF: start as a follower, conf=-1: peers:[b514b48b-a23c-4b35-9087-6efcb4999551|10.1.0.50:15067]|listeners:[], old=null
2024-01-26 11:56:29,781 [b514b48b-a23c-4b35-9087-6efcb4999551-groupManagement] INFO  server.RaftServer$Division (RaftServerImpl.java:setRole(383)) - b514b48b-a23c-4b35-9087-6efcb4999551@group-E3295A5948AF: changes role from      null to FOLLOWER at term 0 for startAsFollower
2024-01-26 11:56:29,781 [b514b48b-a23c-4b35-9087-6efcb4999551-groupManagement] INFO  impl.RoleInfo (RoleInfo.java:updateAndGet(139)) - b514b48b-a23c-4b35-9087-6efcb4999551: start b514b48b-a23c-4b35-9087-6efcb4999551@group-E3295A5948AF-FollowerState
2024-01-26 11:56:29,782 [b514b48b-a23c-4b35-9087-6efcb4999551-groupManagement] INFO  util.JmxRegister (JmxRegister.java:tryRegister(44)) - Successfully registered JMX Bean with object name Ratis:service=RaftServer,group=group-E3295A5948AF,id=b514b48b-a23c-4b35-9087-6efcb4999551
2024-01-26 11:56:29,782 [b514b48b-a23c-4b35-9087-6efcb4999551-groupManagement] INFO  server.RaftServerConfigKeys (ConfUtils.java:logGet(46)) - raft.server.snapshot.trigger-when-stop.enabled = true (default)
2024-01-26 11:56:29,782 [b514b48b-a23c-4b35-9087-6efcb4999551-groupManagement] INFO  server.RaftServerConfigKeys (ConfUtils.java:logGet(46)) - raft.server.snapshot.auto.trigger.enabled = true (custom)
2024-01-26 11:56:29,782 [b514b48b-a23c-4b35-9087-6efcb4999551-groupManagement] INFO  server.RaftServerConfigKeys (ConfUtils.java:logGet(46)) - raft.server.snapshot.auto.trigger.threshold = 10000 (custom)
2024-01-26 11:56:29,782 [b514b48b-a23c-4b35-9087-6efcb4999551-groupManagement] INFO  server.RaftServerConfigKeys (ConfUtils.java:logGet(46)) - raft.server.snapshot.retention.file.num = 5 (custom)
2024-01-26 11:56:29,782 [b514b48b-a23c-4b35-9087-6efcb4999551-groupManagement] INFO  server.RaftServerConfigKeys (ConfUtils.java:logGet(46)) - raft.server.log.purge.upto.snapshot.index = false (default)
2024-01-26 11:56:29,784 [0f734c5b-620a-4a31-a7a8-a1d45a227569-PipelineCommandHandlerThread-0] INFO  commandhandler.CreatePipelineCommandHandler (CreatePipelineCommandHandler.java:lambda$handle$2(124)) - Created Pipeline RATIS THREE PipelineID=275c314f-37ff-47c3-8830-b4467a1991d0.
2024-01-26 11:56:29,784 [b514b48b-a23c-4b35-9087-6efcb4999551-PipelineCommandHandlerThread-0] INFO  ratis.XceiverServerRatis (XceiverServerRatis.java:addGroup(842)) - Created group PipelineID=20f8bcd2-606e-428a-bff0-e3295a5948af
2024-01-26 11:56:29,784 [b514b48b-a23c-4b35-9087-6efcb4999551-PipelineCommandHandlerThread-0] INFO  commandhandler.CreatePipelineCommandHandler (CreatePipelineCommandHandler.java:lambda$handle$2(124)) - Created Pipeline RATIS ONE PipelineID=20f8bcd2-606e-428a-bff0-e3295a5948af.
2024-01-26 11:56:29,786 [b514b48b-a23c-4b35-9087-6efcb4999551-groupManagement] INFO  server.RaftServer$Division (RaftServerImpl.java:<init>(256)) - b514b48b-a23c-4b35-9087-6efcb4999551: new RaftServerImpl for group-B4467A1991D0:[b514b48b-a23c-4b35-9087-6efcb4999551|10.1.0.50:15067, 0f734c5b-620a-4a31-a7a8-a1d45a227569|10.1.0.50:15049, 9cb68909-d63b-4c8c-a8c2-d1f5498e35c0|10.1.0.50:15058] with ContainerStateMachine:uninitialized
2024-01-26 11:56:29,786 [b514b48b-a23c-4b35-9087-6efcb4999551-groupManagement] INFO  server.RaftServerConfigKeys (ConfUtils.java:logGet(46)) - raft.server.rpc.timeout.min = 5s (custom)
2024-01-26 11:56:29,786 [b514b48b-a23c-4b35-9087-6efcb4999551-groupManagement] INFO  server.RaftServerConfigKeys (ConfUtils.java:logGet(46)) - raft.server.rpc.timeout.max = 5200ms (custom)
2024-01-26 11:56:29,786 [b514b48b-a23c-4b35-9087-6efcb4999551-groupManagement] INFO  server.RaftServerConfigKeys (ConfUtils.java:logGet(46)) - raft.server.rpc.sleep.time = 25ms (default)
2024-01-26 11:56:29,786 [b514b48b-a23c-4b35-9087-6efcb4999551-groupManagement] INFO  server.RaftServerConfigKeys (ConfUtils.java:logGet(46)) - raft.server.rpc.slowness.timeout = 300s (custom)
2024-01-26 11:56:29,786 [b514b48b-a23c-4b35-9087-6efcb4999551-groupManagement] INFO  server.RaftServerConfigKeys (ConfUtils.java:logGet(46)) - raft.server.leaderelection.leader.step-down.wait-time = 10s (default)
2024-01-26 11:56:29,786 [b514b48b-a23c-4b35-9087-6efcb4999551-groupManagement] INFO  server.RaftServerConfigKeys (ConfUtils.java:logGet(46)) - raft.server.leaderelection.member.majority-add = false (default)
2024-01-26 11:56:29,786 [b514b48b-a23c-4b35-9087-6efcb4999551-groupManagement] INFO  server.RaftServerConfigKeys (ConfUtils.java:logGet(46)) - raft.server.sleep.deviation.threshold = 300ms (default)
2024-01-26 11:56:29,787 [b514b48b-a23c-4b35-9087-6efcb4999551@group-E3295A5948AF-FollowerState] INFO  server.RaftServerConfigKeys (ConfUtils.java:logFallback(53)) - raft.server.rpc.first-election.timeout.min = 5s (fallback to raft.server.rpc.timeout.min)
2024-01-26 11:56:29,787 [b514b48b-a23c-4b35-9087-6efcb4999551@group-E3295A5948AF-FollowerState] INFO  server.RaftServerConfigKeys (ConfUtils.java:logFallback(53)) - raft.server.rpc.first-election.timeout.max = 5200ms (fallback to raft.server.rpc.timeout.max)
2024-01-26 11:56:29,787 [b514b48b-a23c-4b35-9087-6efcb4999551-groupManagement] INFO  server.RaftServer$Division (ServerState.java:<init>(113)) - b514b48b-a23c-4b35-9087-6efcb4999551@group-B4467A1991D0: ConfigurationManager, init=-1: peers:[b514b48b-a23c-4b35-9087-6efcb4999551|10.1.0.50:15067, 0f734c5b-620a-4a31-a7a8-a1d45a227569|10.1.0.50:15049, 9cb68909-d63b-4c8c-a8c2-d1f5498e35c0|10.1.0.50:15058]|listeners:[], old=null, confs=<EMPTY_MAP>
2024-01-26 11:56:29,787 [b514b48b-a23c-4b35-9087-6efcb4999551-groupManagement] INFO  server.RaftServerConfigKeys (ConfUtils.java:logGet(46)) - raft.server.notification.no-leader.timeout = 300s (custom)
2024-01-26 11:56:29,787 [b514b48b-a23c-4b35-9087-6efcb4999551-groupManagement] INFO  server.RaftServerConfigKeys (ConfUtils.java:logGet(46)) - raft.server.read.timeout = 10s (default)
2024-01-26 11:56:29,788 [b514b48b-a23c-4b35-9087-6efcb4999551-groupManagement] INFO  server.RaftServerConfigKeys (ConfUtils.java:logGet(46)) - raft.server.retrycache.expirytime = 600000ms (custom)
2024-01-26 11:56:29,788 [b514b48b-a23c-4b35-9087-6efcb4999551-groupManagement] INFO  server.RaftServerConfigKeys (ConfUtils.java:logGet(46)) - raft.server.retrycache.statistics.expirytime = 100ms (default)
2024-01-26 11:56:29,788 [b514b48b-a23c-4b35-9087-6efcb4999551-groupManagement] INFO  server.RaftServerConfigKeys (ConfUtils.java:logGet(46)) - raft.server.read.option = DEFAULT (default)
2024-01-26 11:56:29,788 [b514b48b-a23c-4b35-9087-6efcb4999551-groupManagement] INFO  server.RaftServerConfigKeys (ConfUtils.java:logGet(46)) - raft.server.read.read-after-write-consistent.write-index-cache.expiry-time = 60s (default)
2024-01-26 11:56:29,792 [b514b48b-a23c-4b35-9087-6efcb4999551-groupManagement] INFO  server.RaftServerConfigKeys (ConfUtils.java:logGet(46)) - raft.server.rpc.request.timeout = 60s (custom)
2024-01-26 11:56:29,792 [b514b48b-a23c-4b35-9087-6efcb4999551-groupManagement] INFO  server.RaftServerConfigKeys (ConfUtils.java:logGet(46)) - raft.server.log.appender.install.snapshot.enabled = false (custom)
2024-01-26 11:56:29,792 [b514b48b-a23c-4b35-9087-6efcb4999551-groupManagement] INFO  server.RaftServerConfigKeys (ConfUtils.java:logGet(46)) - raft.server.threadpool.server.cached = true (default)
2024-01-26 11:56:29,792 [b514b48b-a23c-4b35-9087-6efcb4999551-groupManagement] INFO  server.RaftServerConfigKeys (ConfUtils.java:logGet(46)) - raft.server.threadpool.server.size = 0 (default)
2024-01-26 11:56:29,792 [b514b48b-a23c-4b35-9087-6efcb4999551-groupManagement] INFO  server.RaftServerConfigKeys (ConfUtils.java:logGet(46)) - raft.server.threadpool.client.cached = true (default)
2024-01-26 11:56:29,792 [b514b48b-a23c-4b35-9087-6efcb4999551-groupManagement] INFO  server.RaftServerConfigKeys (ConfUtils.java:logGet(46)) - raft.server.threadpool.client.size = 0 (default)
2024-01-26 11:56:29,794 [b514b48b-a23c-4b35-9087-6efcb4999551-groupManagement] INFO  server.RaftServerConfigKeys (ConfUtils.java:logGet(46)) - raft.server.storage.free-space.min = 0MB (=0) (default)
2024-01-26 11:56:29,794 [b514b48b-a23c-4b35-9087-6efcb4999551-groupManagement] INFO  server.RaftServerConfigKeys (ConfUtils.java:logGet(46)) - raft.server.log.corruption.policy = EXCEPTION (default)
2024-01-26 11:56:29,794 [b514b48b-a23c-4b35-9087-6efcb4999551-groupManagement] INFO  server.RaftServerConfigKeys (ConfUtils.java:logGet(46)) - raft.server.storage.dir = [/home/runner/work/ozone/ozone/hadoop-ozone/integration-test/target/test-dir/MiniOzoneClusterImpl-47c92df5-8859-41b8-9f26-037451183754/datanode-2/data/ratis] (custom)
2024-01-26 11:56:29,794 [b514b48b-a23c-4b35-9087-6efcb4999551-groupManagement] INFO  storage.RaftStorageDirectory (RaftStorageDirectoryImpl.java:analyzeStorage(138)) - The storage directory /home/runner/work/ozone/ozone/hadoop-ozone/integration-test/target/test-dir/MiniOzoneClusterImpl-47c92df5-8859-41b8-9f26-037451183754/datanode-2/data/ratis/275c314f-37ff-47c3-8830-b4467a1991d0 does not exist. Creating ...
2024-01-26 11:56:29,795 [b514b48b-a23c-4b35-9087-6efcb4999551-groupManagement] INFO  storage.RaftStorageDirectory (RaftStorageDirectoryImpl.java:tryLock(228)) - Lock on /home/runner/work/ozone/ozone/hadoop-ozone/integration-test/target/test-dir/MiniOzoneClusterImpl-47c92df5-8859-41b8-9f26-037451183754/datanode-2/data/ratis/275c314f-37ff-47c3-8830-b4467a1991d0/in_use.lock acquired by nodename 67451@fv-az1250-627
2024-01-26 11:56:29,796 [b514b48b-a23c-4b35-9087-6efcb4999551-groupManagement] INFO  storage.RaftStorage (RaftStorageImpl.java:format(99)) - Storage directory /home/runner/work/ozone/ozone/hadoop-ozone/integration-test/target/test-dir/MiniOzoneClusterImpl-47c92df5-8859-41b8-9f26-037451183754/datanode-2/data/ratis/275c314f-37ff-47c3-8830-b4467a1991d0 has been successfully formatted.
2024-01-26 11:56:29,797 [b514b48b-a23c-4b35-9087-6efcb4999551-groupManagement] WARN  util.FileUtils (LogUtils.java:supplyAndLog(63)) - Failed to Files.newInputStream /home/runner/work/ozone/ozone/hadoop-ozone/integration-test/target/test-dir/MiniOzoneClusterImpl-47c92df5-8859-41b8-9f26-037451183754/datanode-2/data/ratis/275c314f-37ff-47c3-8830-b4467a1991d0/current/raft-meta.conf with options []: java.nio.file.NoSuchFileException: /home/runner/work/ozone/ozone/hadoop-ozone/integration-test/target/test-dir/MiniOzoneClusterImpl-47c92df5-8859-41b8-9f26-037451183754/datanode-2/data/ratis/275c314f-37ff-47c3-8830-b4467a1991d0/current/raft-meta.conf
2024-01-26 11:56:29,797 [b514b48b-a23c-4b35-9087-6efcb4999551-groupManagement] INFO  ratis.ContainerStateMachine (ContainerStateMachine.java:loadSnapshot(287)) - group-B4467A1991D0: The snapshot info is null. Setting the last applied index to:(t:0, i:~)
2024-01-26 11:56:29,798 [b514b48b-a23c-4b35-9087-6efcb4999551-groupManagement] INFO  server.RaftServerConfigKeys (ConfUtils.java:logGet(46)) - raft.server.log.use.memory = false (default)
2024-01-26 11:56:29,798 [b514b48b-a23c-4b35-9087-6efcb4999551-groupManagement] INFO  server.RaftServerConfigKeys (ConfUtils.java:logGet(46)) - raft.server.log.purge.gap = 1000000 (custom)
2024-01-26 11:56:29,798 [b514b48b-a23c-4b35-9087-6efcb4999551-groupManagement] INFO  server.RaftServerConfigKeys (ConfUtils.java:logGet(46)) - raft.server.log.appender.buffer.byte-limit = 8388608 (custom)
2024-01-26 11:56:29,799 [EventQueue-OpenPipelineForHealthyPipelineSafeModeRule] INFO  safemode.SCMSafeModeManager (HealthyPipelineSafeModeRule.java:process(140)) - SCM in safe mode. Healthy pipelines reported count is 0, required healthy pipeline reported count is 1
2024-01-26 11:56:29,799 [b514b48b-a23c-4b35-9087-6efcb4999551-groupManagement] INFO  server.RaftServerConfigKeys (ConfUtils.java:logGet(46)) - raft.server.log.statemachine.data.read.timeout = 1000ms (default)
2024-01-26 11:56:29,799 [b514b48b-a23c-4b35-9087-6efcb4999551-groupManagement] INFO  server.RaftServerConfigKeys (ConfUtils.java:logGet(46)) - raft.server.log.purge.preservation.log.num = 0 (default)
2024-01-26 11:56:29,804 [b514b48b-a23c-4b35-9087-6efcb4999551-groupManagement] INFO  server.RaftServerConfigKeys (ConfUtils.java:logGet(46)) - raft.server.log.segment.size.max = 67108864 (custom)
2024-01-26 11:56:29,804 [b514b48b-a23c-4b35-9087-6efcb4999551-groupManagement] INFO  server.RaftServerConfigKeys (ConfUtils.java:logGet(46)) - raft.server.log.segment.cache.num.max = 2 (custom)
2024-01-26 11:56:29,804 [b514b48b-a23c-4b35-9087-6efcb4999551-groupManagement] INFO  server.RaftServerConfigKeys (ConfUtils.java:logGet(46)) - raft.server.log.segment.cache.size.max = 200MB (=209715200) (default)
2024-01-26 11:56:29,804 [b514b48b-a23c-4b35-9087-6efcb4999551-groupManagement] INFO  server.RaftServerConfigKeys (ConfUtils.java:logGet(46)) - raft.server.log.appender.buffer.byte-limit = 8388608 (custom)
2024-01-26 11:56:29,805 [b514b48b-a23c-4b35-9087-6efcb4999551-groupManagement] INFO  util.AwaitToRun (AwaitToRun.java:start(81)) - Thread[b514b48b-a23c-4b35-9087-6efcb4999551@group-B4467A1991D0-cacheEviction-AwaitToRun,5,main] started
2024-01-26 11:56:29,805 [b514b48b-a23c-4b35-9087-6efcb4999551-groupManagement] INFO  segmented.SegmentedRaftLogWorker (SegmentedRaftLogWorker.java:<init>(182)) - new b514b48b-a23c-4b35-9087-6efcb4999551@group-B4467A1991D0-SegmentedRaftLogWorker for RaftStorageImpl:Storage Directory /home/runner/work/ozone/ozone/hadoop-ozone/integration-test/target/test-dir/MiniOzoneClusterImpl-47c92df5-8859-41b8-9f26-037451183754/datanode-2/data/ratis/275c314f-37ff-47c3-8830-b4467a1991d0
2024-01-26 11:56:29,805 [b514b48b-a23c-4b35-9087-6efcb4999551-groupManagement] INFO  server.RaftServerConfigKeys (ConfUtils.java:logGet(46)) - raft.server.log.queue.byte-limit = 4294967296 (custom)
2024-01-26 11:56:29,805 [b514b48b-a23c-4b35-9087-6efcb4999551-groupManagement] INFO  server.RaftServerConfigKeys (ConfUtils.java:logGet(46)) - raft.server.log.queue.element-limit = 1024 (custom)
2024-01-26 11:56:29,805 [b514b48b-a23c-4b35-9087-6efcb4999551-groupManagement] INFO  server.RaftServerConfigKeys (ConfUtils.java:logGet(46)) - raft.server.log.segment.size.max = 67108864 (custom)
2024-01-26 11:56:29,805 [b514b48b-a23c-4b35-9087-6efcb4999551-groupManagement] INFO  server.RaftServerConfigKeys (ConfUtils.java:logGet(46)) - raft.server.log.preallocated.size = 4194304 (custom)
2024-01-26 11:56:29,805 [b514b48b-a23c-4b35-9087-6efcb4999551-groupManagement] INFO  server.RaftServerConfigKeys (ConfUtils.java:logGet(46)) - raft.server.log.force.sync.num = 128 (default)
2024-01-26 11:56:29,805 [b514b48b-a23c-4b35-9087-6efcb4999551-groupManagement] INFO  server.RaftServerConfigKeys (ConfUtils.java:logGet(46)) - raft.server.log.statemachine.data.sync = true (default)
2024-01-26 11:56:29,805 [b514b48b-a23c-4b35-9087-6efcb4999551-groupManagement] INFO  server.RaftServerConfigKeys (ConfUtils.java:logGet(46)) - raft.server.log.statemachine.data.sync.timeout = 10s (default)
2024-01-26 11:56:29,805 [b514b48b-a23c-4b35-9087-6efcb4999551-groupManagement] INFO  server.RaftServerConfigKeys (ConfUtils.java:logGet(46)) - raft.server.log.statemachine.data.sync.timeout.retry = 0 (custom)
2024-01-26 11:56:29,805 [b514b48b-a23c-4b35-9087-6efcb4999551-groupManagement] INFO  server.RaftServerConfigKeys (ConfUtils.java:logGet(46)) - raft.server.log.write.buffer.size = 8388616 (custom)
2024-01-26 11:56:29,807 [b514b48b-a23c-4b35-9087-6efcb4999551-groupManagement] INFO  server.RaftServerConfigKeys (ConfUtils.java:logGet(46)) - raft.server.log.appender.buffer.byte-limit = 8388608 (custom)
2024-01-26 11:56:29,807 [b514b48b-a23c-4b35-9087-6efcb4999551-groupManagement] INFO  server.RaftServerConfigKeys (ConfUtils.java:logGet(46)) - raft.server.log.unsafe-flush.enabled = false (default)
2024-01-26 11:56:29,807 [b514b48b-a23c-4b35-9087-6efcb4999551-groupManagement] INFO  server.RaftServerConfigKeys (ConfUtils.java:logGet(46)) - raft.server.log.async-flush.enabled = false (default)
2024-01-26 11:56:29,807 [b514b48b-a23c-4b35-9087-6efcb4999551-groupManagement] INFO  server.RaftServerConfigKeys (ConfUtils.java:logGet(46)) - raft.server.log.statemachine.data.caching.enabled = true (custom)
2024-01-26 11:56:29,807 [b514b48b-a23c-4b35-9087-6efcb4999551-groupManagement] INFO  segmented.SegmentedRaftLogWorker (SegmentedRaftLogWorker.java:lambda$new$0(134)) - b514b48b-a23c-4b35-9087-6efcb4999551@group-B4467A1991D0-SegmentedRaftLogWorker: flushIndex: setUnconditionally 0 -> -1
2024-01-26 11:56:29,807 [b514b48b-a23c-4b35-9087-6efcb4999551-groupManagement] INFO  segmented.SegmentedRaftLogWorker (SegmentedRaftLogWorker.java:lambda$new$0(134)) - b514b48b-a23c-4b35-9087-6efcb4999551@group-B4467A1991D0-SegmentedRaftLogWorker: safeCacheEvictIndex: setUnconditionally 0 -> -1
2024-01-26 11:56:29,807 [b514b48b-a23c-4b35-9087-6efcb4999551-groupManagement] INFO  server.RaftServer$Division (RaftServerImpl.java:start(396)) - b514b48b-a23c-4b35-9087-6efcb4999551@group-B4467A1991D0: start as a follower, conf=-1: peers:[b514b48b-a23c-4b35-9087-6efcb4999551|10.1.0.50:15067, 0f734c5b-620a-4a31-a7a8-a1d45a227569|10.1.0.50:15049, 9cb68909-d63b-4c8c-a8c2-d1f5498e35c0|10.1.0.50:15058]|listeners:[], old=null
2024-01-26 11:56:29,807 [b514b48b-a23c-4b35-9087-6efcb4999551-groupManagement] INFO  server.RaftServer$Division (RaftServerImpl.java:setRole(383)) - b514b48b-a23c-4b35-9087-6efcb4999551@group-B4467A1991D0: changes role from      null to FOLLOWER at term 0 for startAsFollower
2024-01-26 11:56:29,807 [b514b48b-a23c-4b35-9087-6efcb4999551-groupManagement] INFO  impl.RoleInfo (RoleInfo.java:updateAndGet(139)) - b514b48b-a23c-4b35-9087-6efcb4999551: start b514b48b-a23c-4b35-9087-6efcb4999551@group-B4467A1991D0-FollowerState
2024-01-26 11:56:29,811 [b514b48b-a23c-4b35-9087-6efcb4999551-groupManagement] INFO  util.JmxRegister (JmxRegister.java:tryRegister(44)) - Successfully registered JMX Bean with object name Ratis:service=RaftServer,group=group-B4467A1991D0,id=b514b48b-a23c-4b35-9087-6efcb4999551
2024-01-26 11:56:29,811 [b514b48b-a23c-4b35-9087-6efcb4999551-groupManagement] INFO  server.RaftServerConfigKeys (ConfUtils.java:logGet(46)) - raft.server.snapshot.trigger-when-stop.enabled = true (default)
2024-01-26 11:56:29,811 [b514b48b-a23c-4b35-9087-6efcb4999551-groupManagement] INFO  server.RaftServerConfigKeys (ConfUtils.java:logGet(46)) - raft.server.snapshot.auto.trigger.enabled = true (custom)
2024-01-26 11:56:29,811 [b514b48b-a23c-4b35-9087-6efcb4999551-groupManagement] INFO  server.RaftServerConfigKeys (ConfUtils.java:logGet(46)) - raft.server.snapshot.auto.trigger.threshold = 10000 (custom)
2024-01-26 11:56:29,811 [b514b48b-a23c-4b35-9087-6efcb4999551-groupManagement] INFO  server.RaftServerConfigKeys (ConfUtils.java:logGet(46)) - raft.server.snapshot.retention.file.num = 5 (custom)
2024-01-26 11:56:29,811 [b514b48b-a23c-4b35-9087-6efcb4999551@group-B4467A1991D0-FollowerState] INFO  server.RaftServerConfigKeys (ConfUtils.java:logFallback(53)) - raft.server.rpc.first-election.timeout.min = 5s (fallback to raft.server.rpc.timeout.min)
2024-01-26 11:56:29,811 [b514b48b-a23c-4b35-9087-6efcb4999551@group-B4467A1991D0-FollowerState] INFO  server.RaftServerConfigKeys (ConfUtils.java:logFallback(53)) - raft.server.rpc.first-election.timeout.max = 5200ms (fallback to raft.server.rpc.timeout.max)
2024-01-26 11:56:29,811 [b514b48b-a23c-4b35-9087-6efcb4999551-groupManagement] INFO  server.RaftServerConfigKeys (ConfUtils.java:logGet(46)) - raft.server.log.purge.upto.snapshot.index = false (default)
2024-01-26 11:56:29,836 [9cb68909-d63b-4c8c-a8c2-d1f5498e35c0-PipelineCommandHandlerThread-0] INFO  commandhandler.CreatePipelineCommandHandler (CreatePipelineCommandHandler.java:lambda$handle$2(124)) - Created Pipeline RATIS THREE PipelineID=275c314f-37ff-47c3-8830-b4467a1991d0.
2024-01-26 11:56:30,337 [timer6] WARN  server.GrpcLogAppender (LogUtils.java:warn(121)) - 5052cfc4-081a-46ed-8261-0b7a8ad7db0a@group-342F2AF39FD7->5c737fdf-f228-4231-bbf6-1cc383ec73d2-AppendLogResponseHandler: Failed appendEntries (Repeated 8 times in the last 5.000s): org.apache.ratis.thirdparty.io.grpc.StatusRuntimeException: UNAVAILABLE: io exception
2024-01-26 11:56:30,337 [timer7] WARN  server.GrpcLogAppender (GrpcLogAppender.java:lambda$resetClient$1(217)) - 5052cfc4-081a-46ed-8261-0b7a8ad7db0a@group-342F2AF39FD7->5c737fdf-f228-4231-bbf6-1cc383ec73d2-GrpcLogAppender: Follower failed (request=null, errorCount=8); keep nextIndex (1) unchanged and retry. (Repeated 8 times in the last 5.001s)
2024-01-26 11:56:30,734 [Mini-Cluster-Provider-Create] INFO  ozone.MiniOzoneClusterImpl (MiniOzoneClusterImpl.java:lambda$waitForClusterToBeReady$0(229)) - Nodes are ready. Got 3 of 3 DN Heartbeats.
2024-01-26 11:56:30,734 [Mini-Cluster-Provider-Create] INFO  ozone.MiniOzoneClusterImpl (MiniOzoneClusterImpl.java:lambda$waitForClusterToBeReady$0(232)) - Waiting for cluster to exit safe mode
2024-01-26 11:56:30,734 [Mini-Cluster-Provider-Create] INFO  ozone.MiniOzoneClusterImpl (MiniOzoneClusterImpl.java:lambda$waitForClusterToBeReady$0(234)) - SCM became leader
2024-01-26 11:56:30,981 [main] INFO  utils.DatanodeStoreCache (DatanodeStoreCache.java:shutdownCache(116)) - Skip clearing cache in mini cluster mode. Entries left: [/home/runner/work/ozone/ozone/hadoop-ozone/integration-test/target/test-dir/MiniOzoneClusterImpl-47c92df5-8859-41b8-9f26-037451183754/datanode-0/data-0/containers/hdds/47c92df5-8859-41b8-9f26-037451183754/DS-d0ad8b78-8d35-4f8d-8372-6e3abedb040d/container.db, /home/runner/work/ozone/ozone/hadoop-ozone/integration-test/target/test-dir/MiniOzoneClusterImpl-47c92df5-8859-41b8-9f26-037451183754/datanode-1/data-0/containers/hdds/47c92df5-8859-41b8-9f26-037451183754/DS-3fa24114-ab61-4899-85b7-ea6a4c7cce67/container.db, /home/runner/work/ozone/ozone/hadoop-ozone/integration-test/target/test-dir/MiniOzoneClusterImpl-47c92df5-8859-41b8-9f26-037451183754/datanode-2/data-0/containers/hdds/47c92df5-8859-41b8-9f26-037451183754/DS-ebee3a98-def0-46fd-8582-53cebdd03222/container.db, /home/runner/work/ozone/ozone/hadoop-ozone/integration-test/target/test-dir/MiniOzoneClusterImpl-b54bfeae-1ef8-4c1d-b639-09e56ef7dc0e/datanode-2/data-0/containers/hdds/b54bfeae-1ef8-4c1d-b639-09e56ef7dc0e/DS-741ed83f-3865-455f-a440-1e5d21d11166/container.db]
2024-01-26 11:56:30,983 [main] INFO  utils.DatanodeStoreCache (DatanodeStoreCache.java:removeDB(110)) - Removed db /home/runner/work/ozone/ozone/hadoop-ozone/integration-test/target/test-dir/MiniOzoneClusterImpl-b54bfeae-1ef8-4c1d-b639-09e56ef7dc0e/datanode-2/data-0/containers/hdds/b54bfeae-1ef8-4c1d-b639-09e56ef7dc0e/DS-741ed83f-3865-455f-a440-1e5d21d11166/container.db from cache
2024-01-26 11:56:30,983 [main] INFO  volume.HddsVolume (HddsVolume.java:closeDbStore(451)) - SchemaV3 db is stopped at /home/runner/work/ozone/ozone/hadoop-ozone/integration-test/target/test-dir/MiniOzoneClusterImpl-b54bfeae-1ef8-4c1d-b639-09e56ef7dc0e/datanode-2/data-0/containers/hdds/b54bfeae-1ef8-4c1d-b639-09e56ef7dc0e/DS-741ed83f-3865-455f-a440-1e5d21d11166/container.db for volume DS-741ed83f-3865-455f-a440-1e5d21d11166
2024-01-26 11:56:30,984 [main] INFO  utils.BackgroundService (BackgroundService.java:shutdown(160)) - Shutting down service BlockDeletingService
2024-01-26 11:56:30,985 [main] INFO  utils.BackgroundService (BackgroundService.java:shutdown(160)) - Shutting down service StaleRecoveringContainerScrubbingService
2024-01-26 11:56:30,986 [main] INFO  statemachine.DatanodeStateMachine (DatanodeStateMachine.java:stopDaemon(638)) - Ozone container server stopped.
2024-01-26 11:56:30,988 [main] INFO  handler.ContextHandler (ContextHandler.java:doStop(1159)) - Stopped o.e.j.w.WebAppContext@5083b2c3{hddsDatanode,/,null,STOPPED}{jar:file:/home/runner/.m2/repository/org/apache/ozone/hdds-container-service/1.5.0-SNAPSHOT/hdds-container-service-1.5.0-SNAPSHOT.jar!/webapps/hddsDatanode}
2024-01-26 11:56:30,989 [main] INFO  server.AbstractConnector (AbstractConnector.java:doStop(383)) - Stopped ServerConnector@4bb81729{HTTP/1.1, (http/1.1)}{0.0.0.0:15027}
2024-01-26 11:56:30,989 [main] INFO  server.session (HouseKeeper.java:stopScavenging(149)) - node0 Stopped scavenging
2024-01-26 11:56:30,990 [main] INFO  handler.ContextHandler (ContextHandler.java:doStop(1159)) - Stopped o.e.j.s.ServletContextHandler@110e3524{static,/static,jar:file:/home/runner/.m2/repository/org/apache/ozone/hdds-container-service/1.5.0-SNAPSHOT/hdds-container-service-1.5.0-SNAPSHOT.jar!/webapps/static,STOPPED}
2024-01-26 11:56:30,991 [main] INFO  handler.ContextHandler (ContextHandler.java:doStop(1159)) - Stopped o.e.j.s.ServletContextHandler@4b66180a{logs,/logs,file:///home/runner/work/ozone/ozone/hadoop-ozone/integration-test/target/log,STOPPED}
2024-01-26 11:56:30,991 [main] INFO  ozone.HddsDatanodeClientProtocolServer (HddsDatanodeClientProtocolServer.java:stop(78)) - Stopping the RPC server for Client Protocol
2024-01-26 11:56:30,992 [main] INFO  ipc.Server (Server.java:stop(3523)) - Stopping server on 15028
2024-01-26 11:56:30,993 [IPC Server listener on 15028] INFO  ipc.Server (Server.java:run(1434)) - Stopping IPC Server listener on 15028
2024-01-26 11:56:30,994 [IPC Server Responder] INFO  ipc.Server (Server.java:run(1567)) - Stopping IPC Server Responder
2024-01-26 11:56:30,995 [main] INFO  ozone.MiniOzoneClusterImpl (MiniOzoneClusterImpl.java:restartStorageContainerManager(363)) - Restarting SCM in cluster class org.apache.hadoop.ozone.MiniOzoneClusterImpl
2024-01-26 11:56:30,995 [main] INFO  server.StorageContainerManager (StorageContainerManager.java:stop(1654)) - Container Balancer is not running.
2024-01-26 11:56:30,995 [main] INFO  server.StorageContainerManager (StorageContainerManager.java:stopReplicationManager(1787)) - Stopping Replication Manager Service.
2024-01-26 11:56:30,995 [main] INFO  replication.ReplicationManager (ReplicationManager.java:stop(326)) - Stopping Replication Monitor Thread.
2024-01-26 11:56:30,995 [main] INFO  server.StorageContainerManager (StorageContainerManager.java:stop(1663)) - Stopping the Datanode Admin Monitor.
2024-01-26 11:56:30,996 [OverReplicatedProcessor] WARN  replication.UnhealthyReplicationProcessor (UnhealthyReplicationProcessor.java:run(180)) - OverReplicatedProcessor interrupted. Exiting...
2024-01-26 11:56:30,996 [main] INFO  server.StorageContainerManager (StorageContainerManager.java:stop(1670)) - Stopping datanode service RPC server
2024-01-26 11:56:30,996 [main] INFO  server.SCMDatanodeProtocolServer (SCMDatanodeProtocolServer.java:stop(425)) - Stopping the RPC server for DataNodes
2024-01-26 11:56:30,996 [ReplicationMonitor] INFO  replication.ReplicationManager (ReplicationManager.java:run(933)) - Replication Monitor Thread is stopped
2024-01-26 11:56:30,996 [UnderReplicatedProcessor] WARN  replication.UnhealthyReplicationProcessor (UnhealthyReplicationProcessor.java:run(180)) - UnderReplicatedProcessor interrupted. Exiting...
2024-01-26 11:56:30,996 [main] INFO  ipc.Server (Server.java:stop(3523)) - Stopping server on 15002
2024-01-26 11:56:31,001 [IPC Server Responder] INFO  ipc.Server (Server.java:run(1567)) - Stopping IPC Server Responder
2024-01-26 11:56:31,001 [IPC Server listener on 15002] INFO  ipc.Server (Server.java:run(1434)) - Stopping IPC Server listener on 15002
2024-01-26 11:56:31,025 [SCMHeartbeatProcessor-0] WARN  node.NodeStateManager (NodeStateManager.java:scheduleNextHealthCheck(878)) - Current Thread is interrupted, shutting down HB processing thread for Node Manager.
2024-01-26 11:56:31,025 [main] INFO  server.StorageContainerManager (StorageContainerManager.java:stop(1678)) - Stopping block service RPC server
2024-01-26 11:56:31,025 [main] INFO  server.SCMBlockProtocolServer (SCMBlockProtocolServer.java:stop(169)) - Stopping the RPC server for Block Protocol
2024-01-26 11:56:31,025 [main] INFO  ipc.Server (Server.java:stop(3523)) - Stopping server on 15001
2024-01-26 11:56:31,028 [IPC Server listener on 15001] INFO  ipc.Server (Server.java:run(1434)) - Stopping IPC Server listener on 15001
2024-01-26 11:56:31,029 [IPC Server Responder] INFO  ipc.Server (Server.java:run(1567)) - Stopping IPC Server Responder
2024-01-26 11:56:31,029 [main] INFO  server.StorageContainerManager (StorageContainerManager.java:stop(1685)) - Stopping the StorageContainerLocationProtocol RPC server
2024-01-26 11:56:31,029 [main] INFO  server.SCMClientProtocolServer (SCMClientProtocolServer.java:stop(212)) - Stopping the RPC server for Client Protocol
2024-01-26 11:56:31,029 [main] INFO  ipc.Server (Server.java:stop(3523)) - Stopping server on 15000
2024-01-26 11:56:31,034 [IPC Server listener on 15000] INFO  ipc.Server (Server.java:run(1434)) - Stopping IPC Server listener on 15000
2024-01-26 11:56:31,034 [IPC Server Responder] INFO  ipc.Server (Server.java:run(1567)) - Stopping IPC Server Responder
2024-01-26 11:56:31,034 [main] INFO  server.StorageContainerManager (StorageContainerManager.java:stop(1692)) - Stopping Storage Container Manager HTTP server.
2024-01-26 11:56:31,035 [main] INFO  handler.ContextHandler (ContextHandler.java:doStop(1159)) - Stopped o.e.j.w.WebAppContext@56e81b23{scm,/,null,STOPPED}{file:/home/runner/work/ozone/ozone/hadoop-ozone/integration-test/target/test-classes/webapps/scm}
2024-01-26 11:56:31,036 [main] INFO  server.AbstractConnector (AbstractConnector.java:doStop(383)) - Stopped ServerConnector@206f6b5b{HTTP/1.1, (http/1.1)}{0.0.0.0:15003}
2024-01-26 11:56:31,036 [main] INFO  server.session (HouseKeeper.java:stopScavenging(149)) - node0 Stopped scavenging
2024-01-26 11:56:31,037 [main] INFO  handler.ContextHandler (ContextHandler.java:doStop(1159)) - Stopped o.e.j.s.ServletContextHandler@61982d3f{static,/static,file:///home/runner/work/ozone/ozone/hadoop-ozone/integration-test/target/test-classes/webapps/static,STOPPED}
2024-01-26 11:56:31,037 [main] INFO  handler.ContextHandler (ContextHandler.java:doStop(1159)) - Stopped o.e.j.s.ServletContextHandler@5aa14f{logs,/logs,file:///home/runner/work/ozone/ozone/hadoop-ozone/integration-test/target/log,STOPPED}
2024-01-26 11:56:31,038 [main] INFO  server.StorageContainerManager (StorageContainerManager.java:stop(1700)) - Stopping SCM LayoutVersionManager Service.
2024-01-26 11:56:31,038 [main] INFO  server.StorageContainerManager (StorageContainerManager.java:stop(1712)) - Stopping Block Manager Service.
2024-01-26 11:56:31,038 [main] INFO  utils.BackgroundService (BackgroundService.java:shutdown(160)) - Shutting down service SCMBlockDeletingService
2024-01-26 11:56:31,039 [main] INFO  utils.BackgroundService (BackgroundService.java:shutdown(160)) - Shutting down service SCMBlockDeletingService
2024-01-26 11:56:31,039 [main] INFO  server.StorageContainerManager (StorageContainerManager.java:stop(1732)) - Stopping SCM Event Queue.
2024-01-26 11:56:31,041 [JvmPauseMonitor0] INFO  util.JvmPauseMonitor (JvmPauseMonitor.java:run(152)) - JvmPauseMonitor-7ad7f6d5-37ce-4bfa-8f83-498f77b4e9f0: Stopped
2024-01-26 11:56:31,041 [main] INFO  server.StorageContainerManager (StorageContainerManager.java:stop(1743)) - Stopping SCM HA services.
2024-01-26 11:56:31,042 [main] INFO  pipeline.BackgroundPipelineCreator (BackgroundPipelineCreator.java:stop(152)) - Stopping RatisPipelineUtilsThread.
2024-01-26 11:56:31,042 [RatisPipelineUtilsThread-0] WARN  pipeline.BackgroundPipelineCreator (BackgroundPipelineCreator.java:run(183)) - RatisPipelineUtilsThread is interrupted.
2024-01-26 11:56:31,042 [main] INFO  BackgroundPipelineScrubber (BackgroundSCMService.java:stop(131)) - Stopping BackgroundPipelineScrubber Service.
2024-01-26 11:56:31,042 [BackgroundPipelineScrubber] WARN  BackgroundPipelineScrubber (BackgroundSCMService.java:run(115)) - BackgroundPipelineScrubber is interrupted, exit
2024-01-26 11:56:31,043 [main] INFO  impl.MetricsSystemImpl (MetricsSystemImpl.java:stop(210)) - Stopping HddsDatanode metrics system...
2024-01-26 11:56:31,049 [prometheus] INFO  impl.MetricsSinkAdapter (MetricsSinkAdapter.java:publishMetricsFromQueue(141)) - prometheus thread interrupted.
2024-01-26 11:56:31,049 [main] INFO  impl.MetricsSystemImpl (MetricsSystemImpl.java:stop(216)) - HddsDatanode metrics system stopped.
2024-01-26 11:56:31,050 [main] WARN  pipeline.BackgroundPipelineCreator (BackgroundPipelineCreator.java:stop(148)) - RatisPipelineUtilsThread is not running, just ignore.
2024-01-26 11:56:31,050 [main] INFO  BackgroundPipelineScrubber (BackgroundSCMService.java:stop(126)) - BackgroundPipelineScrubber Service is not running, skip stop.
2024-01-26 11:56:31,050 [main] INFO  ExpiredContainerReplicaOpScrubber (BackgroundSCMService.java:stop(131)) - Stopping ExpiredContainerReplicaOpScrubber Service.
2024-01-26 11:56:31,050 [ExpiredContainerReplicaOpScrubber] WARN  ExpiredContainerReplicaOpScrubber (BackgroundSCMService.java:run(115)) - ExpiredContainerReplicaOpScrubber is interrupted, exit
2024-01-26 11:56:31,050 [main] INFO  utils.BackgroundService (BackgroundService.java:shutdown(160)) - Shutting down service SCMBlockDeletingService
2024-01-26 11:56:31,050 [main] INFO  replication.ReplicationManager (ReplicationManager.java:stop(336)) - Replication Monitor Thread is not running.
2024-01-26 11:56:31,050 [main] WARN  balancer.ContainerBalancer (ContainerBalancer.java:stop(327)) - Cannot stop Container Balancer because it's not running or stopping
2024-01-26 11:56:31,051 [LeaseManager#LeaseMonitor] WARN  lease.LeaseManager (LeaseManager.java:run(287)) - Lease manager is interrupted. Shutting down...
java.lang.InterruptedException
	at java.util.concurrent.locks.AbstractQueuedSynchronizer.doAcquireSharedNanos(AbstractQueuedSynchronizer.java:1039)
	at java.util.concurrent.locks.AbstractQueuedSynchronizer.tryAcquireSharedNanos(AbstractQueuedSynchronizer.java:1328)
	at java.util.concurrent.Semaphore.tryAcquire(Semaphore.java:409)
	at org.apache.hadoop.ozone.lease.LeaseManager$LeaseMonitor.run(LeaseManager.java:285)
	at java.lang.Thread.run(Thread.java:750)
2024-01-26 11:56:31,051 [main] INFO  server.StorageContainerManager (StorageContainerManager.java:stop(1778)) - Stopping SCM MetadataStore.
2024-01-26 11:56:31,052 [main] WARN  server.ServerUtils (ServerUtils.java:getScmDbDir(155)) - ozone.scm.db.dirs is not configured. We recommend adding this setting. Falling back to ozone.metadata.dirs instead.
2024-01-26 11:56:31,052 [main] INFO  ha.SCMHANodeDetails (SCMHANodeDetails.java:loadSCMHAConfig(207)) - ServiceID for StorageContainerManager is null
2024-01-26 11:56:31,052 [main] INFO  ha.SCMHANodeDetails (SCMHANodeDetails.java:loadSCMHAConfig(212)) - ozone.scm.default.service.id is not defined, falling back to ozone.scm.service.ids to find serviceID for StorageContainerManager if it is HA enabled cluster
2024-01-26 11:56:31,053 [main] WARN  utils.HAUtils (HAUtils.java:getMetaDir(339)) - ozone.scm.db.dirs is not configured. We recommend adding this setting. Falling back to ozone.metadata.dirs instead.
2024-01-26 11:56:31,053 [main] WARN  db.DBStoreBuilder (DBStoreBuilder.java:applyDBDefinition(170)) - ozone.scm.db.dirs is not configured. We recommend adding this setting. Falling back to ozone.metadata.dirs instead.
2024-01-26 11:56:31,080 [main] INFO  net.NodeSchemaLoader (NodeSchemaLoader.java:loadSchemaFromFile(129)) - Loading schema from [jar:file:/home/runner/.m2/repository/org/apache/ozone/hdds-common/1.5.0-SNAPSHOT/hdds-common-1.5.0-SNAPSHOT.jar!/network-topology-default.xml]
2024-01-26 11:56:31,080 [main] INFO  net.NodeSchemaLoader (NodeSchemaLoader.java:loadSchema(176)) - Loading network topology layer schema file
2024-01-26 11:56:31,083 [main] INFO  upgrade.AbstractLayoutVersionManager (AbstractLayoutVersionManager.java:init(83)) - Initializing Layout version manager with metadata layout = HADOOP_PRC_PORTS_IN_DATANODEDETAILS (version = 7), software layout = HADOOP_PRC_PORTS_IN_DATANODEDETAILS (version = 7)
2024-01-26 11:56:31,085 [main] INFO  ha.SequenceIdGenerator (SequenceIdGenerator.java:<init>(241)) - Init the HA SequenceIdGenerator.
2024-01-26 11:56:31,085 [main] WARN  server.ServerUtils (ServerUtils.java:sanitizeUserArgs(80)) - ozone.scm.stale.node.interval value = 300000 is larger than max = 100000 based on the key value of ozone.scm.heartbeat.thread.interval, reset to the max value 100000.
2024-01-26 11:56:31,085 [main] WARN  server.ServerUtils (ServerUtils.java:sanitizeUserArgs(80)) - ozone.scm.stale.node.interval value = 300000 is larger than max = 100000 based on the key value of ozone.scm.heartbeat.thread.interval, reset to the max value 100000.
2024-01-26 11:56:31,086 [main] INFO  node.SCMNodeManager (SCMNodeManager.java:<init>(177)) - Entering startup safe mode.
2024-01-26 11:56:31,086 [main] INFO  algorithms.ContainerPlacementPolicyFactory (ContainerPlacementPolicyFactory.java:getPolicyInternal(86)) - Create container placement policy of type org.apache.hadoop.hdds.scm.container.placement.algorithms.SCMContainerPlacementRackAware
2024-01-26 11:56:31,086 [main] INFO  algorithms.ContainerPlacementPolicyFactory (ContainerPlacementPolicyFactory.java:getPolicyInternal(86)) - Create container placement policy of type org.apache.hadoop.hdds.scm.container.placement.algorithms.SCMContainerPlacementRackScatter
2024-01-26 11:56:31,089 [main] INFO  algorithms.LeaderChoosePolicyFactory (LeaderChoosePolicyFactory.java:getPolicy(57)) - Create leader choose policy of type org.apache.hadoop.hdds.scm.pipeline.leader.choose.algorithms.MinLeaderCountChoosePolicy
2024-01-26 11:56:31,089 [main] INFO  algorithms.ContainerPlacementPolicyFactory (ContainerPlacementPolicyFactory.java:getPolicyInternal(86)) - Create container placement policy of type org.apache.hadoop.hdds.scm.container.placement.algorithms.SCMContainerPlacementRackScatter
2024-01-26 11:56:31,090 [main] INFO  ha.SCMServiceManager (SCMServiceManager.java:register(42)) - Registering service BackgroundPipelineCreator.
2024-01-26 11:56:31,090 [main] INFO  pipeline.BackgroundPipelineCreator (BackgroundPipelineCreator.java:start(127)) - Starting RatisPipelineUtilsThread.
2024-01-26 11:56:31,090 [main] INFO  BackgroundPipelineScrubber (BackgroundSCMService.java:start(68)) - Starting BackgroundPipelineScrubber Service.
2024-01-26 11:56:31,090 [main] INFO  ha.SCMServiceManager (SCMServiceManager.java:register(42)) - Registering service BackgroundPipelineScrubber.
2024-01-26 11:56:31,090 [main] INFO  ExpiredContainerReplicaOpScrubber (BackgroundSCMService.java:start(68)) - Starting ExpiredContainerReplicaOpScrubber Service.
2024-01-26 11:56:31,091 [main] INFO  ha.SCMServiceManager (SCMServiceManager.java:register(42)) - Registering service ExpiredContainerReplicaOpScrubber.
2024-01-26 11:56:31,092 [main] INFO  algorithms.PipelineChoosePolicyFactory (PipelineChoosePolicyFactory.java:createPipelineChoosePolicyFromClass(80)) - Create pipeline choose policy of type org.apache.hadoop.hdds.scm.pipeline.choose.algorithms.RandomPipelineChoosePolicy
2024-01-26 11:56:31,092 [main] INFO  algorithms.PipelineChoosePolicyFactory (PipelineChoosePolicyFactory.java:createPipelineChoosePolicyFromClass(80)) - Create pipeline choose policy of type org.apache.hadoop.hdds.scm.pipeline.choose.algorithms.RandomPipelineChoosePolicy
2024-01-26 11:56:31,092 [main] INFO  ha.SCMServiceManager (SCMServiceManager.java:register(42)) - Registering service SCMBlockDeletingService.
2024-01-26 11:56:31,093 [main] INFO  replication.ReplicationManager (ReplicationManager.java:start(294)) - Starting Replication Monitor Thread.
2024-01-26 11:56:31,094 [ReplicationMonitor] INFO  replication.ReplicationManager (ReplicationManager.java:processAll(369)) - Replication Manager is not ready to run until 3000ms after safemode exit
2024-01-26 11:56:31,094 [main] INFO  ha.SCMServiceManager (SCMServiceManager.java:register(42)) - Registering service ReplicationManager.
2024-01-26 11:56:31,095 [main] INFO  safemode.ContainerSafeModeRule (ContainerSafeModeRule.java:<init>(91)) - containers with one replica threshold count 0
2024-01-26 11:56:31,095 [main] INFO  safemode.HealthyPipelineSafeModeRule (HealthyPipelineSafeModeRule.java:initializeRule(176)) - Total pipeline count is 2, healthy pipeline threshold count is 1
2024-01-26 11:56:31,095 [main] INFO  safemode.OneReplicaPipelineSafeModeRule (OneReplicaPipelineSafeModeRule.java:initializeRule(193)) - Total pipeline count is 2, pipeline's with at least one datanode reported threshold count is 2
2024-01-26 11:56:31,096 [main] INFO  server.StorageContainerManager (StorageContainerManager.java:<init>(440)) - SCM start with adminUsers: [runner]
2024-01-26 11:56:31,096 [main] INFO  ipc.CallQueueManager (CallQueueManager.java:<init>(90)) - Using callQueue: class java.util.concurrent.LinkedBlockingQueue, queueCapacity: 10000, scheduler: class org.apache.hadoop.ipc.DefaultRpcScheduler, ipcBackoff: false.
2024-01-26 11:56:31,096 [main] INFO  ipc.Server (Server.java:<init>(1287)) - Listener at 0.0.0.0:15002
2024-01-26 11:56:31,097 [Socket Reader #1 for port 15002] INFO  ipc.Server (Server.java:run(1323)) - Starting Socket Reader #1 for port 15002
2024-01-26 11:56:31,100 [main] INFO  ipc.CallQueueManager (CallQueueManager.java:<init>(90)) - Using callQueue: class java.util.concurrent.LinkedBlockingQueue, queueCapacity: 10000, scheduler: class org.apache.hadoop.ipc.DefaultRpcScheduler, ipcBackoff: false.
2024-01-26 11:56:31,101 [main] INFO  ipc.Server (Server.java:<init>(1287)) - Listener at 0.0.0.0:15001
2024-01-26 11:56:31,101 [Socket Reader #1 for port 15001] INFO  ipc.Server (Server.java:run(1323)) - Starting Socket Reader #1 for port 15001
2024-01-26 11:56:31,102 [main] INFO  ipc.CallQueueManager (CallQueueManager.java:<init>(90)) - Using callQueue: class java.util.concurrent.LinkedBlockingQueue, queueCapacity: 10000, scheduler: class org.apache.hadoop.ipc.DefaultRpcScheduler, ipcBackoff: false.
2024-01-26 11:56:31,102 [main] INFO  ipc.Server (Server.java:<init>(1287)) - Listener at 0.0.0.0:15000
2024-01-26 11:56:31,103 [Socket Reader #1 for port 15000] INFO  ipc.Server (Server.java:run(1323)) - Starting Socket Reader #1 for port 15000
2024-01-26 11:56:31,108 [main] INFO  ha.SCMServiceManager (SCMServiceManager.java:register(42)) - Registering service ContainerBalancer.
2024-01-26 11:56:31,108 [main] INFO  server.StorageContainerManager (StorageContainerManager.java:<init>(453)) - 
Container Balancer status:
Key                            Value
Running                        false
Container Balancer Configuration values:
Key                                                Value
Threshold                                          10
Max Datanodes to Involve per Iteration(percent)    20
Max Size to Move per Iteration                     500GB
Max Size Entering Target per Iteration             26GB
Max Size Leaving Source per Iteration              26GB
Number of Iterations                               10
Time Limit for Single Container's Movement         65min
Time Limit for Single Container's Replication      50min
Interval between each Iteration                    70min
Whether to Enable Network Topology                 false
Whether to Trigger Refresh Datanode Usage Info     false
Container IDs to Exclude from Balancing            None
Datanodes Specified to be Balanced                 None
Datanodes Excluded from Balancing                  None

2024-01-26 11:56:31,109 [main] INFO  ha.SCMContext (SCMContext.java:updateSafeModeStatus(230)) - Update SafeModeStatus from SafeModeStatus{safeModeStatus=true, preCheckPassed=false} to SafeModeStatus{safeModeStatus=true, preCheckPassed=false}.
2024-01-26 11:56:31,109 [main] INFO  server.StorageContainerManager (StorageContainerManager.java:start(1546)) - StorageContainerLocationProtocol RPC server is listening at /0.0.0.0:15000
2024-01-26 11:56:31,110 [main] WARN  impl.MetricsConfig (MetricsConfig.java:loadFirst(136)) - Cannot locate configuration: tried hadoop-metrics2-storagecontainermanager.properties,hadoop-metrics2.properties
2024-01-26 11:56:31,112 [main] INFO  impl.MetricsSystemImpl (MetricsSystemImpl.java:startTimer(378)) - Scheduled Metric snapshot period at 10 second(s).
2024-01-26 11:56:31,112 [main] INFO  impl.MetricsSystemImpl (MetricsSystemImpl.java:start(191)) - StorageContainerManager metrics system started
2024-01-26 11:56:31,124 [main] INFO  impl.MetricsSinkAdapter (MetricsSinkAdapter.java:start(204)) - Sink prometheus started
2024-01-26 11:56:31,124 [main] INFO  impl.MetricsSystemImpl (MetricsSystemImpl.java:registerSink(305)) - Registered sink prometheus
2024-01-26 11:56:31,193 [main] INFO  server.SCMClientProtocolServer (SCMClientProtocolServer.java:start(203)) - RPC server for Client  is listening at /0.0.0.0:15000
2024-01-26 11:56:31,193 [IPC Server Responder] INFO  ipc.Server (Server.java:run(1562)) - IPC Server Responder: starting
2024-01-26 11:56:31,194 [IPC Server listener on 15000] INFO  ipc.Server (Server.java:run(1402)) - IPC Server listener on 15000: starting
2024-01-26 11:56:31,200 [main] INFO  server.StorageContainerManager (StorageContainerManager.java:start(1559)) - ScmBlockLocationProtocol RPC server is listening at /0.0.0.0:15001
2024-01-26 11:56:31,201 [main] INFO  server.SCMBlockProtocolServer (SCMBlockProtocolServer.java:start(160)) - RPC server for Block Protocol is listening at /0.0.0.0:15001
2024-01-26 11:56:31,201 [IPC Server Responder] INFO  ipc.Server (Server.java:run(1562)) - IPC Server Responder: starting
2024-01-26 11:56:31,201 [IPC Server listener on 15001] INFO  ipc.Server (Server.java:run(1402)) - IPC Server listener on 15001: starting
2024-01-26 11:56:31,208 [main] INFO  server.SCMDatanodeProtocolServer (SCMDatanodeProtocolServer.java:start(194)) - ScmDatanodeProtocol RPC server for DataNodes is listening at /0.0.0.0:15002
2024-01-26 11:56:31,209 [IPC Server Responder] INFO  ipc.Server (Server.java:run(1562)) - IPC Server Responder: starting
2024-01-26 11:56:31,210 [IPC Server listener on 15002] INFO  ipc.Server (Server.java:run(1402)) - IPC Server listener on 15002: starting
2024-01-26 11:56:31,217 [JvmPauseMonitor10] INFO  util.JvmPauseMonitor (JvmPauseMonitor.java:run(146)) - JvmPauseMonitor-7ad7f6d5-37ce-4bfa-8f83-498f77b4e9f0: Started
2024-01-26 11:56:31,218 [main] INFO  http.BaseHttpServer (BaseHttpServer.java:newHttpServer2BuilderForOzone(223)) - Starting Web-server for scm at: http://0.0.0.0:15003
2024-01-26 11:56:31,218 [main] INFO  http.BaseHttpServer (BaseHttpServer.java:<init>(110)) - Hadoop Security Enabled: false Ozone Security Enabled: false Ozone HTTP Security Enabled: false 
2024-01-26 11:56:31,219 [main] WARN  server.AuthenticationFilter (AuthenticationFilter.java:constructSecretProvider(240)) - Unable to initialize FileSignerSecretProvider, falling back to use random secrets. Reason: Could not read signature secret file: /home/runner/hadoop-http-auth-signature-secret
2024-01-26 11:56:31,220 [main] INFO  http.HttpRequestLog (HttpRequestLog.java:getRequestLog(86)) - Http request log for http.requests.scm is not defined
2024-01-26 11:56:31,221 [main] INFO  http.HttpServer2 (HttpServer2.java:addGlobalFilter(1036)) - Added global filter 'safety' (class=org.apache.hadoop.hdds.server.http.HttpServer2$QuotingInputFilter)
2024-01-26 11:56:31,222 [main] INFO  http.HttpServer2 (HttpServer2.java:addFilter(1012)) - Added filter static_user_filter (class=org.apache.hadoop.http.lib.StaticUserWebFilter$StaticUserFilter) to context scm
2024-01-26 11:56:31,222 [main] INFO  http.HttpServer2 (HttpServer2.java:addFilter(1020)) - Added filter static_user_filter (class=org.apache.hadoop.http.lib.StaticUserWebFilter$StaticUserFilter) to context static
2024-01-26 11:56:31,222 [main] INFO  http.HttpServer2 (HttpServer2.java:addFilter(1020)) - Added filter static_user_filter (class=org.apache.hadoop.http.lib.StaticUserWebFilter$StaticUserFilter) to context logs
2024-01-26 11:56:31,223 [main] INFO  http.BaseHttpServer (BaseHttpServer.java:<init>(189)) - HTTP server of scm uses base directory /home/runner/work/ozone/ozone/hadoop-ozone/integration-test/target/test-dir/MiniOzoneClusterImpl-b54bfeae-1ef8-4c1d-b639-09e56ef7dc0e/ozone-meta/webserver
2024-01-26 11:56:31,223 [main] INFO  http.HttpServer2 (HttpServer2.java:bindListener(1236)) - Jetty bound to port 15003
2024-01-26 11:56:31,224 [main] INFO  server.Server (Server.java:doStart(375)) - jetty-9.4.53.v20231009; built: 2023-10-09T12:29:09.265Z; git: 27bde00a0b95a1d5bbee0eae7984f891d2d0f8c9; jvm 1.8.0_392-b08
2024-01-26 11:56:31,225 [main] INFO  server.session (DefaultSessionIdManager.java:doStart(334)) - DefaultSessionIdManager workerName=node0
2024-01-26 11:56:31,225 [main] INFO  server.session (DefaultSessionIdManager.java:doStart(339)) - No SessionScavenger set, using defaults
2024-01-26 11:56:31,225 [main] INFO  server.session (HouseKeeper.java:startScavenging(132)) - node0 Scavenging every 600000ms
2024-01-26 11:56:31,225 [main] INFO  handler.ContextHandler (ContextHandler.java:doStart(921)) - Started o.e.j.s.ServletContextHandler@76c86567{logs,/logs,file:///home/runner/work/ozone/ozone/hadoop-ozone/integration-test/target/log,AVAILABLE}
2024-01-26 11:56:31,226 [main] INFO  handler.ContextHandler (ContextHandler.java:doStart(921)) - Started o.e.j.s.ServletContextHandler@5a4dda2{static,/static,file:///home/runner/work/ozone/ozone/hadoop-ozone/integration-test/target/test-classes/webapps/static,AVAILABLE}
2024-01-26 11:56:31,229 [main] INFO  handler.ContextHandler (ContextHandler.java:doStart(921)) - Started o.e.j.w.WebAppContext@7a04f730{scm,/,file:///home/runner/work/ozone/ozone/hadoop-ozone/integration-test/target/test-classes/webapps/scm/,AVAILABLE}{file:/home/runner/work/ozone/ozone/hadoop-ozone/integration-test/target/test-classes/webapps/scm}
2024-01-26 11:56:31,234 [main] INFO  server.AbstractConnector (AbstractConnector.java:doStart(333)) - Started ServerConnector@1efac5b9{HTTP/1.1, (http/1.1)}{0.0.0.0:15003}
2024-01-26 11:56:31,235 [main] INFO  server.Server (Server.java:doStart(415)) - Started @29799ms
2024-01-26 11:56:31,235 [main] WARN  impl.MetricsSystemImpl (MetricsSystemImpl.java:register(279)) - Sink prometheus already exists!
2024-01-26 11:56:31,235 [main] INFO  http.BaseHttpServer (BaseHttpServer.java:updateConnectorAddress(354)) - HTTP server of scm listening at http://0.0.0.0:15003
2024-01-26 11:56:31,241 [IPC Server handler 9 on default port 15004] INFO  retry.RetryInvocationHandler (RetryInvocationHandler.java:log(422)) - com.google.protobuf.ServiceException: java.io.EOFException: End of File Exception between local host is: "fv-az1250-627/10.1.0.50"; destination host is: "0.0.0.0":15000; : java.io.EOFException; For more details see:  http://wiki.apache.org/hadoop/EOFException, while invoking $Proxy45.submitRequest over nodeId=scmNodeId,nodeAddress=/0.0.0.0:15000. Trying to failover after sleeping for 2000ms. Current retry count: 0.
2024-01-26 11:56:31,734 [Mini-Cluster-Provider-Create] INFO  ozone.MiniOzoneClusterImpl (MiniOzoneClusterImpl.java:lambda$waitForClusterToBeReady$0(229)) - Nodes are ready. Got 3 of 3 DN Heartbeats.
2024-01-26 11:56:31,734 [Mini-Cluster-Provider-Create] INFO  ozone.MiniOzoneClusterImpl (MiniOzoneClusterImpl.java:lambda$waitForClusterToBeReady$0(232)) - Waiting for cluster to exit safe mode
2024-01-26 11:56:31,734 [Mini-Cluster-Provider-Create] INFO  ozone.MiniOzoneClusterImpl (MiniOzoneClusterImpl.java:lambda$waitForClusterToBeReady$0(234)) - SCM became leader
2024-01-26 11:56:32,734 [Mini-Cluster-Provider-Create] INFO  ozone.MiniOzoneClusterImpl (MiniOzoneClusterImpl.java:lambda$waitForClusterToBeReady$0(229)) - Nodes are ready. Got 3 of 3 DN Heartbeats.
2024-01-26 11:56:32,734 [Mini-Cluster-Provider-Create] INFO  ozone.MiniOzoneClusterImpl (MiniOzoneClusterImpl.java:lambda$waitForClusterToBeReady$0(232)) - Waiting for cluster to exit safe mode
2024-01-26 11:56:32,734 [Mini-Cluster-Provider-Create] INFO  ozone.MiniOzoneClusterImpl (MiniOzoneClusterImpl.java:lambda$waitForClusterToBeReady$0(234)) - SCM became leader
2024-01-26 11:56:33,002 [timer2] WARN  server.GrpcLogAppender (LogUtils.java:warn(121)) - 5052cfc4-081a-46ed-8261-0b7a8ad7db0a@group-342F2AF39FD7->5e57565a-2fac-4b31-b24f-016e073e3d73-AppendLogResponseHandler: Failed appendEntries (Repeated 2 times in the last 5.000s): org.apache.ratis.thirdparty.io.grpc.StatusRuntimeException: UNAVAILABLE: io exception
2024-01-26 11:56:33,003 [timer3] WARN  server.GrpcLogAppender (GrpcLogAppender.java:lambda$resetClient$1(217)) - 5052cfc4-081a-46ed-8261-0b7a8ad7db0a@group-342F2AF39FD7->5e57565a-2fac-4b31-b24f-016e073e3d73-GrpcLogAppender: Follower failed (request=null, errorCount=12); keep nextIndex (1) unchanged and retry. (Repeated 2 times in the last 5.000s)
2024-01-26 11:56:33,249 [IPC Server handler 1 on default port 15000] INFO  safemode.SCMSafeModeManager (SCMSafeModeManager.java:exitSafeMode(244)) - SCM exiting safe mode.
2024-01-26 11:56:33,250 [IPC Server handler 1 on default port 15000] INFO  ha.SCMContext (SCMContext.java:updateSafeModeStatus(230)) - Update SafeModeStatus from SafeModeStatus{safeModeStatus=true, preCheckPassed=false} to SafeModeStatus{safeModeStatus=false, preCheckPassed=true}.
2024-01-26 11:56:33,250 [IPC Server handler 1 on default port 15000] INFO  pipeline.BackgroundPipelineCreator (BackgroundPipelineCreator.java:notifyStatusChanged(258)) - Service BackgroundPipelineCreator transitions to RUNNING.
2024-01-26 11:56:33,250 [IPC Server handler 1 on default port 15000] INFO  BackgroundPipelineScrubber (BackgroundSCMService.java:notifyStatusChanged(82)) - Service BackgroundPipelineScrubber transitions to RUNNING.
2024-01-26 11:56:33,250 [IPC Server handler 1 on default port 15000] INFO  ExpiredContainerReplicaOpScrubber (BackgroundSCMService.java:notifyStatusChanged(82)) - Service ExpiredContainerReplicaOpScrubber transitions to RUNNING.
2024-01-26 11:56:33,250 [IPC Server handler 1 on default port 15000] INFO  block.SCMBlockDeletingService (SCMBlockDeletingService.java:notifyStatusChanged(247)) - notifyStatusChanged:RUNNING
2024-01-26 11:56:33,250 [IPC Server handler 1 on default port 15000] INFO  replication.ReplicationManager (ReplicationManager.java:notifyStatusChanged(1401)) - Service ReplicationManager transitions to RUNNING.
2024-01-26 11:56:33,251 [IPC Server handler 1 on default port 15000] WARN  balancer.ContainerBalancer (ContainerBalancer.java:shouldRun(134)) - Could not find persisted configuration for ContainerBalancer when checking if ContainerBalancer should run. ContainerBalancer should not run now.
2024-01-26 11:56:33,257 [main] WARN  node.SCMNodeManager (SCMNodeManager.java:minHealthyVolumeNum(1290)) - Cannot generate NodeStat, datanode 5e57565a-2fac-4b31-b24f-016e073e3d73 not found.
2024-01-26 11:56:33,257 [main] WARN  node.SCMNodeManager (SCMNodeManager.java:minHealthyVolumeNum(1290)) - Cannot generate NodeStat, datanode 5c737fdf-f228-4231-bbf6-1cc383ec73d2 not found.
2024-01-26 11:56:33,257 [main] WARN  node.SCMNodeManager (SCMNodeManager.java:minHealthyVolumeNum(1290)) - Cannot generate NodeStat, datanode 5052cfc4-081a-46ed-8261-0b7a8ad7db0a not found.
2024-01-26 11:56:33,258 [main] WARN  container.ContainerManagerImpl (ContainerManagerImpl.java:getMatchingContainer(344)) - Container allocation failed on pipeline=Pipeline[ Id: 89cbe570-fc20-4065-982c-342f2af39fd7, Nodes: 5e57565a-2fac-4b31-b24f-016e073e3d73(fv-az1250-627/10.1.0.50)5c737fdf-f228-4231-bbf6-1cc383ec73d2(fv-az1250-627/10.1.0.50)5052cfc4-081a-46ed-8261-0b7a8ad7db0a(fv-az1250-627/10.1.0.50), ReplicationConfig: RATIS/THREE, State:OPEN, leaderId:5052cfc4-081a-46ed-8261-0b7a8ad7db0a, CreationTimestamp2024-01-26T11:56:31.089Z[Etc/UTC]]
java.lang.IllegalArgumentException
	at com.google.common.base.Preconditions.checkArgument(Preconditions.java:129)
	at org.apache.hadoop.hdds.scm.node.SCMNodeManager.minHealthyVolumeNum(SCMNodeManager.java:1294)
	at org.apache.hadoop.hdds.scm.pipeline.PipelineManagerImpl.minHealthyVolumeNum(PipelineManagerImpl.java:669)
	at org.apache.hadoop.hdds.scm.container.ContainerManagerImpl.getOpenContainerCountPerPipeline(ContainerManagerImpl.java:351)
	at org.apache.hadoop.hdds.scm.container.ContainerManagerImpl.getMatchingContainer(ContainerManagerImpl.java:331)
	at org.apache.hadoop.hdds.scm.pipeline.WritableRatisContainerProvider.selectContainer(WritableRatisContainerProvider.java:193)
	at org.apache.hadoop.hdds.scm.pipeline.WritableRatisContainerProvider.getContainer(WritableRatisContainerProvider.java:163)
	at org.apache.hadoop.hdds.scm.pipeline.WritableRatisContainerProvider.getContainer(WritableRatisContainerProvider.java:92)
	at org.apache.hadoop.hdds.scm.pipeline.WritableContainerFactory.getContainer(WritableContainerFactory.java:74)
	at org.apache.hadoop.fs.ozone.TestSafeMode.lambda$testSafeMode$0(TestSafeMode.java:123)
	at org.junit.jupiter.api.AssertThrows.assertThrows(AssertThrows.java:53)
	at org.junit.jupiter.api.AssertThrows.assertThrows(AssertThrows.java:35)
	at org.junit.jupiter.api.Assertions.assertThrows(Assertions.java:3115)
	at org.apache.hadoop.fs.ozone.TestSafeMode.testSafeMode(TestSafeMode.java:121)
	at org.apache.hadoop.fs.ozone.TestSafeMode.ofs(TestSafeMode.java:92)
	at sun.reflect.NativeMethodAccessorImpl.invoke0(Native Method)
	at sun.reflect.NativeMethodAccessorImpl.invoke(NativeMethodAccessorImpl.java:62)
	at sun.reflect.DelegatingMethodAccessorImpl.invoke(DelegatingMethodAccessorImpl.java:43)
	at java.lang.reflect.Method.invoke(Method.java:498)
	at org.junit.platform.commons.util.ReflectionUtils.invokeMethod(ReflectionUtils.java:728)
	at org.junit.jupiter.engine.execution.MethodInvocation.proceed(MethodInvocation.java:60)
	at org.junit.jupiter.engine.execution.InvocationInterceptorChain$ValidatingInvocation.proceed(InvocationInterceptorChain.java:131)
	at org.junit.jupiter.engine.extension.SameThreadTimeoutInvocation.proceed(SameThreadTimeoutInvocation.java:45)
	at org.junit.jupiter.engine.extension.TimeoutExtension.intercept(TimeoutExtension.java:156)
	at org.junit.jupiter.engine.extension.TimeoutExtension.interceptTestableMethod(TimeoutExtension.java:147)
	at org.junit.jupiter.engine.extension.TimeoutExtension.interceptTestMethod(TimeoutExtension.java:86)
	at org.junit.jupiter.engine.execution.InterceptingExecutableInvoker$ReflectiveInterceptorCall.lambda$ofVoidMethod$0(InterceptingExecutableInvoker.java:103)
	at org.junit.jupiter.engine.execution.InterceptingExecutableInvoker.lambda$invoke$0(InterceptingExecutableInvoker.java:93)
	at org.junit.jupiter.engine.execution.InvocationInterceptorChain$InterceptedInvocation.proceed(InvocationInterceptorChain.java:106)
	at org.junit.jupiter.engine.execution.InvocationInterceptorChain.proceed(InvocationInterceptorChain.java:64)
	at org.junit.jupiter.engine.execution.InvocationInterceptorChain.chainAndInvoke(InvocationInterceptorChain.java:45)
	at org.junit.jupiter.engine.execution.InvocationInterceptorChain.invoke(InvocationInterceptorChain.java:37)
	at org.junit.jupiter.engine.execution.InterceptingExecutableInvoker.invoke(InterceptingExecutableInvoker.java:92)
	at org.junit.jupiter.engine.execution.InterceptingExecutableInvoker.invoke(InterceptingExecutableInvoker.java:86)
	at org.junit.jupiter.engine.descriptor.TestMethodTestDescriptor.lambda$invokeTestMethod$7(TestMethodTestDescriptor.java:218)
	at org.junit.platform.engine.support.hierarchical.ThrowableCollector.execute(ThrowableCollector.java:73)
	at org.junit.jupiter.engine.descriptor.TestMethodTestDescriptor.invokeTestMethod(TestMethodTestDescriptor.java:214)
	at org.junit.jupiter.engine.descriptor.TestMethodTestDescriptor.execute(TestMethodTestDescriptor.java:139)
	at org.junit.jupiter.engine.descriptor.TestMethodTestDescriptor.execute(TestMethodTestDescriptor.java:69)
	at org.junit.platform.engine.support.hierarchical.NodeTestTask.lambda$executeRecursively$6(NodeTestTask.java:151)
	at org.junit.platform.engine.support.hierarchical.ThrowableCollector.execute(ThrowableCollector.java:73)
	at org.junit.platform.engine.support.hierarchical.NodeTestTask.lambda$executeRecursively$8(NodeTestTask.java:141)
	at org.junit.platform.engine.support.hierarchical.Node.around(Node.java:137)
	at org.junit.platform.engine.support.hierarchical.NodeTestTask.lambda$executeRecursively$9(NodeTestTask.java:139)
	at org.junit.platform.engine.support.hierarchical.ThrowableCollector.execute(ThrowableCollector.java:73)
	at org.junit.platform.engine.support.hierarchical.NodeTestTask.executeRecursively(NodeTestTask.java:138)
	at org.junit.platform.engine.support.hierarchical.NodeTestTask.execute(NodeTestTask.java:95)
	at java.util.ArrayList.forEach(ArrayList.java:1259)
	at org.junit.platform.engine.support.hierarchical.SameThreadHierarchicalTestExecutorService.invokeAll(SameThreadHierarchicalTestExecutorService.java:41)
	at org.junit.platform.engine.support.hierarchical.NodeTestTask.lambda$executeRecursively$6(NodeTestTask.java:155)
	at org.junit.platform.engine.support.hierarchical.ThrowableCollector.execute(ThrowableCollector.java:73)
	at org.junit.platform.engine.support.hierarchical.NodeTestTask.lambda$executeRecursively$8(NodeTestTask.java:141)
	at org.junit.platform.engine.support.hierarchical.Node.around(Node.java:137)
	at org.junit.platform.engine.support.hierarchical.NodeTestTask.lambda$executeRecursively$9(NodeTestTask.java:139)
	at org.junit.platform.engine.support.hierarchical.ThrowableCollector.execute(ThrowableCollector.java:73)
	at org.junit.platform.engine.support.hierarchical.NodeTestTask.executeRecursively(NodeTestTask.java:138)
	at org.junit.platform.engine.support.hierarchical.NodeTestTask.execute(NodeTestTask.java:95)
	at java.util.ArrayList.forEach(ArrayList.java:1259)
	at org.junit.platform.engine.support.hierarchical.SameThreadHierarchicalTestExecutorService.invokeAll(SameThreadHierarchicalTestExecutorService.java:41)
	at org.junit.platform.engine.support.hierarchical.NodeTestTask.lambda$executeRecursively$6(NodeTestTask.java:155)
	at org.junit.platform.engine.support.hierarchical.ThrowableCollector.execute(ThrowableCollector.java:73)
	at org.junit.platform.engine.support.hierarchical.NodeTestTask.lambda$executeRecursively$8(NodeTestTask.java:141)
	at org.junit.platform.engine.support.hierarchical.Node.around(Node.java:137)
	at org.junit.platform.engine.support.hierarchical.NodeTestTask.lambda$executeRecursively$9(NodeTestTask.java:139)
	at org.junit.platform.engine.support.hierarchical.ThrowableCollector.execute(ThrowableCollector.java:73)
	at org.junit.platform.engine.support.hierarchical.NodeTestTask.executeRecursively(NodeTestTask.java:138)
	at org.junit.platform.engine.support.hierarchical.NodeTestTask.execute(NodeTestTask.java:95)
	at org.junit.platform.engine.support.hierarchical.SameThreadHierarchicalTestExecutorService.submit(SameThreadHierarchicalTestExecutorService.java:35)
	at org.junit.platform.engine.support.hierarchical.HierarchicalTestExecutor.execute(HierarchicalTestExecutor.java:57)
	at org.junit.platform.engine.support.hierarchical.HierarchicalTestEngine.execute(HierarchicalTestEngine.java:54)
	at org.junit.platform.launcher.core.EngineExecutionOrchestrator.execute(EngineExecutionOrchestrator.java:198)
	at org.junit.platform.launcher.core.EngineExecutionOrchestrator.execute(EngineExecutionOrchestrator.java:169)
	at org.junit.platform.launcher.core.EngineExecutionOrchestrator.execute(EngineExecutionOrchestrator.java:93)
	at org.junit.platform.launcher.core.EngineExecutionOrchestrator.lambda$execute$0(EngineExecutionOrchestrator.java:58)
	at org.junit.platform.launcher.core.EngineExecutionOrchestrator.withInterceptedStreams(EngineExecutionOrchestrator.java:141)
	at org.junit.platform.launcher.core.EngineExecutionOrchestrator.execute(EngineExecutionOrchestrator.java:57)
	at org.junit.platform.launcher.core.DefaultLauncher.execute(DefaultLauncher.java:103)
	at org.junit.platform.launcher.core.DefaultLauncher.execute(DefaultLauncher.java:85)
	at org.junit.platform.launcher.core.DelegatingLauncher.execute(DelegatingLauncher.java:47)
	at org.junit.platform.launcher.core.SessionPerRequestLauncher.execute(SessionPerRequestLauncher.java:63)
	at org.apache.maven.surefire.junitplatform.JUnitPlatformProvider.execute(JUnitPlatformProvider.java:188)
	at org.apache.maven.surefire.junitplatform.JUnitPlatformProvider.invokeAllTests(JUnitPlatformProvider.java:154)
	at org.apache.maven.surefire.junitplatform.JUnitPlatformProvider.invoke(JUnitPlatformProvider.java:124)
	at org.apache.maven.surefire.booter.ForkedBooter.runSuitesInProcess(ForkedBooter.java:428)
	at org.apache.maven.surefire.booter.ForkedBooter.execute(ForkedBooter.java:162)
	at org.apache.maven.surefire.booter.ForkedBooter.run(ForkedBooter.java:562)
	at org.apache.maven.surefire.booter.ForkedBooter.main(ForkedBooter.java:548)
2024-01-26 11:56:33,259 [main] WARN  node.SCMNodeManager (SCMNodeManager.java:minHealthyVolumeNum(1290)) - Cannot generate NodeStat, datanode 5052cfc4-081a-46ed-8261-0b7a8ad7db0a not found.
2024-01-26 11:56:33,260 [main] WARN  node.SCMNodeManager (SCMNodeManager.java:minHealthyVolumeNum(1290)) - Cannot generate NodeStat, datanode 5e57565a-2fac-4b31-b24f-016e073e3d73 not found.
2024-01-26 11:56:33,260 [main] WARN  node.SCMNodeManager (SCMNodeManager.java:minHealthyVolumeNum(1290)) - Cannot generate NodeStat, datanode 5c737fdf-f228-4231-bbf6-1cc383ec73d2 not found.
2024-01-26 11:56:33,260 [main] WARN  container.ContainerManagerImpl (ContainerManagerImpl.java:getMatchingContainer(344)) - Container allocation failed on pipeline=Pipeline[ Id: 998bf58e-5fa1-4369-b33d-cb413aa61fbb, Nodes: 5052cfc4-081a-46ed-8261-0b7a8ad7db0a(fv-az1250-627/10.1.0.50)5e57565a-2fac-4b31-b24f-016e073e3d73(fv-az1250-627/10.1.0.50)5c737fdf-f228-4231-bbf6-1cc383ec73d2(fv-az1250-627/10.1.0.50), ReplicationConfig: RATIS/THREE, State:OPEN, leaderId:5e57565a-2fac-4b31-b24f-016e073e3d73, CreationTimestamp2024-01-26T11:56:31.089Z[Etc/UTC]]
java.lang.IllegalArgumentException
	at com.google.common.base.Preconditions.checkArgument(Preconditions.java:129)
	at org.apache.hadoop.hdds.scm.node.SCMNodeManager.minHealthyVolumeNum(SCMNodeManager.java:1294)
	at org.apache.hadoop.hdds.scm.pipeline.PipelineManagerImpl.minHealthyVolumeNum(PipelineManagerImpl.java:669)
	at org.apache.hadoop.hdds.scm.container.ContainerManagerImpl.getOpenContainerCountPerPipeline(ContainerManagerImpl.java:351)
	at org.apache.hadoop.hdds.scm.container.ContainerManagerImpl.getMatchingContainer(ContainerManagerImpl.java:331)
	at org.apache.hadoop.hdds.scm.pipeline.WritableRatisContainerProvider.selectContainer(WritableRatisContainerProvider.java:193)
	at org.apache.hadoop.hdds.scm.pipeline.WritableRatisContainerProvider.getContainer(WritableRatisContainerProvider.java:163)
	at org.apache.hadoop.hdds.scm.pipeline.WritableRatisContainerProvider.getContainer(WritableRatisContainerProvider.java:92)
	at org.apache.hadoop.hdds.scm.pipeline.WritableContainerFactory.getContainer(WritableContainerFactory.java:74)
	at org.apache.hadoop.fs.ozone.TestSafeMode.lambda$testSafeMode$0(TestSafeMode.java:123)
	at org.junit.jupiter.api.AssertThrows.assertThrows(AssertThrows.java:53)
	at org.junit.jupiter.api.AssertThrows.assertThrows(AssertThrows.java:35)
	at org.junit.jupiter.api.Assertions.assertThrows(Assertions.java:3115)
	at org.apache.hadoop.fs.ozone.TestSafeMode.testSafeMode(TestSafeMode.java:121)
	at org.apache.hadoop.fs.ozone.TestSafeMode.ofs(TestSafeMode.java:92)
	at sun.reflect.NativeMethodAccessorImpl.invoke0(Native Method)
	at sun.reflect.NativeMethodAccessorImpl.invoke(NativeMethodAccessorImpl.java:62)
	at sun.reflect.DelegatingMethodAccessorImpl.invoke(DelegatingMethodAccessorImpl.java:43)
	at java.lang.reflect.Method.invoke(Method.java:498)
	at org.junit.platform.commons.util.ReflectionUtils.invokeMethod(ReflectionUtils.java:728)
	at org.junit.jupiter.engine.execution.MethodInvocation.proceed(MethodInvocation.java:60)
	at org.junit.jupiter.engine.execution.InvocationInterceptorChain$ValidatingInvocation.proceed(InvocationInterceptorChain.java:131)
	at org.junit.jupiter.engine.extension.SameThreadTimeoutInvocation.proceed(SameThreadTimeoutInvocation.java:45)
	at org.junit.jupiter.engine.extension.TimeoutExtension.intercept(TimeoutExtension.java:156)
	at org.junit.jupiter.engine.extension.TimeoutExtension.interceptTestableMethod(TimeoutExtension.java:147)
	at org.junit.jupiter.engine.extension.TimeoutExtension.interceptTestMethod(TimeoutExtension.java:86)
	at org.junit.jupiter.engine.execution.InterceptingExecutableInvoker$ReflectiveInterceptorCall.lambda$ofVoidMethod$0(InterceptingExecutableInvoker.java:103)
	at org.junit.jupiter.engine.execution.InterceptingExecutableInvoker.lambda$invoke$0(InterceptingExecutableInvoker.java:93)
	at org.junit.jupiter.engine.execution.InvocationInterceptorChain$InterceptedInvocation.proceed(InvocationInterceptorChain.java:106)
	at org.junit.jupiter.engine.execution.InvocationInterceptorChain.proceed(InvocationInterceptorChain.java:64)
	at org.junit.jupiter.engine.execution.InvocationInterceptorChain.chainAndInvoke(InvocationInterceptorChain.java:45)
	at org.junit.jupiter.engine.execution.InvocationInterceptorChain.invoke(InvocationInterceptorChain.java:37)
	at org.junit.jupiter.engine.execution.InterceptingExecutableInvoker.invoke(InterceptingExecutableInvoker.java:92)
	at org.junit.jupiter.engine.execution.InterceptingExecutableInvoker.invoke(InterceptingExecutableInvoker.java:86)
	at org.junit.jupiter.engine.descriptor.TestMethodTestDescriptor.lambda$invokeTestMethod$7(TestMethodTestDescriptor.java:218)
	at org.junit.platform.engine.support.hierarchical.ThrowableCollector.execute(ThrowableCollector.java:73)
	at org.junit.jupiter.engine.descriptor.TestMethodTestDescriptor.invokeTestMethod(TestMethodTestDescriptor.java:214)
	at org.junit.jupiter.engine.descriptor.TestMethodTestDescriptor.execute(TestMethodTestDescriptor.java:139)
	at org.junit.jupiter.engine.descriptor.TestMethodTestDescriptor.execute(TestMethodTestDescriptor.java:69)
	at org.junit.platform.engine.support.hierarchical.NodeTestTask.lambda$executeRecursively$6(NodeTestTask.java:151)
	at org.junit.platform.engine.support.hierarchical.ThrowableCollector.execute(ThrowableCollector.java:73)
	at org.junit.platform.engine.support.hierarchical.NodeTestTask.lambda$executeRecursively$8(NodeTestTask.java:141)
	at org.junit.platform.engine.support.hierarchical.Node.around(Node.java:137)
	at org.junit.platform.engine.support.hierarchical.NodeTestTask.lambda$executeRecursively$9(NodeTestTask.java:139)
	at org.junit.platform.engine.support.hierarchical.ThrowableCollector.execute(ThrowableCollector.java:73)
	at org.junit.platform.engine.support.hierarchical.NodeTestTask.executeRecursively(NodeTestTask.java:138)
	at org.junit.platform.engine.support.hierarchical.NodeTestTask.execute(NodeTestTask.java:95)
	at java.util.ArrayList.forEach(ArrayList.java:1259)
	at org.junit.platform.engine.support.hierarchical.SameThreadHierarchicalTestExecutorService.invokeAll(SameThreadHierarchicalTestExecutorService.java:41)
	at org.junit.platform.engine.support.hierarchical.NodeTestTask.lambda$executeRecursively$6(NodeTestTask.java:155)
	at org.junit.platform.engine.support.hierarchical.ThrowableCollector.execute(ThrowableCollector.java:73)
	at org.junit.platform.engine.support.hierarchical.NodeTestTask.lambda$executeRecursively$8(NodeTestTask.java:141)
	at org.junit.platform.engine.support.hierarchical.Node.around(Node.java:137)
	at org.junit.platform.engine.support.hierarchical.NodeTestTask.lambda$executeRecursively$9(NodeTestTask.java:139)
	at org.junit.platform.engine.support.hierarchical.ThrowableCollector.execute(ThrowableCollector.java:73)
	at org.junit.platform.engine.support.hierarchical.NodeTestTask.executeRecursively(NodeTestTask.java:138)
	at org.junit.platform.engine.support.hierarchical.NodeTestTask.execute(NodeTestTask.java:95)
	at java.util.ArrayList.forEach(ArrayList.java:1259)
	at org.junit.platform.engine.support.hierarchical.SameThreadHierarchicalTestExecutorService.invokeAll(SameThreadHierarchicalTestExecutorService.java:41)
	at org.junit.platform.engine.support.hierarchical.NodeTestTask.lambda$executeRecursively$6(NodeTestTask.java:155)
	at org.junit.platform.engine.support.hierarchical.ThrowableCollector.execute(ThrowableCollector.java:73)
	at org.junit.platform.engine.support.hierarchical.NodeTestTask.lambda$executeRecursively$8(NodeTestTask.java:141)
	at org.junit.platform.engine.support.hierarchical.Node.around(Node.java:137)
	at org.junit.platform.engine.support.hierarchical.NodeTestTask.lambda$executeRecursively$9(NodeTestTask.java:139)
	at org.junit.platform.engine.support.hierarchical.ThrowableCollector.execute(ThrowableCollector.java:73)
	at org.junit.platform.engine.support.hierarchical.NodeTestTask.executeRecursively(NodeTestTask.java:138)
	at org.junit.platform.engine.support.hierarchical.NodeTestTask.execute(NodeTestTask.java:95)
	at org.junit.platform.engine.support.hierarchical.SameThreadHierarchicalTestExecutorService.submit(SameThreadHierarchicalTestExecutorService.java:35)
	at org.junit.platform.engine.support.hierarchical.HierarchicalTestExecutor.execute(HierarchicalTestExecutor.java:57)
	at org.junit.platform.engine.support.hierarchical.HierarchicalTestEngine.execute(HierarchicalTestEngine.java:54)
	at org.junit.platform.launcher.core.EngineExecutionOrchestrator.execute(EngineExecutionOrchestrator.java:198)
	at org.junit.platform.launcher.core.EngineExecutionOrchestrator.execute(EngineExecutionOrchestrator.java:169)
	at org.junit.platform.launcher.core.EngineExecutionOrchestrator.execute(EngineExecutionOrchestrator.java:93)
	at org.junit.platform.launcher.core.EngineExecutionOrchestrator.lambda$execute$0(EngineExecutionOrchestrator.java:58)
	at org.junit.platform.launcher.core.EngineExecutionOrchestrator.withInterceptedStreams(EngineExecutionOrchestrator.java:141)
	at org.junit.platform.launcher.core.EngineExecutionOrchestrator.execute(EngineExecutionOrchestrator.java:57)
	at org.junit.platform.launcher.core.DefaultLauncher.execute(DefaultLauncher.java:103)
	at org.junit.platform.launcher.core.DefaultLauncher.execute(DefaultLauncher.java:85)
	at org.junit.platform.launcher.core.DelegatingLauncher.execute(DelegatingLauncher.java:47)
	at org.junit.platform.launcher.core.SessionPerRequestLauncher.execute(SessionPerRequestLauncher.java:63)
	at org.apache.maven.surefire.junitplatform.JUnitPlatformProvider.execute(JUnitPlatformProvider.java:188)
	at org.apache.maven.surefire.junitplatform.JUnitPlatformProvider.invokeAllTests(JUnitPlatformProvider.java:154)
	at org.apache.maven.surefire.junitplatform.JUnitPlatformProvider.invoke(JUnitPlatformProvider.java:124)
	at org.apache.maven.surefire.booter.ForkedBooter.runSuitesInProcess(ForkedBooter.java:428)
	at org.apache.maven.surefire.booter.ForkedBooter.execute(ForkedBooter.java:162)
	at org.apache.maven.surefire.booter.ForkedBooter.run(ForkedBooter.java:562)
	at org.apache.maven.surefire.booter.ForkedBooter.main(ForkedBooter.java:548)
2024-01-26 11:56:33,262 [main] WARN  pipeline.WritableRatisContainerProvider (WritableRatisContainerProvider.java:getContainer(106)) - Pipeline creation failed for repConfig RATIS/THREE Datanodes may be used up. Try to see if any pipeline is in ALLOCATED state, and then will wait for it to be OPEN
org.apache.hadoop.hdds.scm.exceptions.SCMException: Ratis pipeline number meets the limit: 3 replicationConfig : RATIS/THREE
	at org.apache.hadoop.hdds.scm.pipeline.RatisPipelineProvider.create(RatisPipelineProvider.java:153)
	at org.apache.hadoop.hdds.scm.pipeline.RatisPipelineProvider.create(RatisPipelineProvider.java:57)
	at org.apache.hadoop.hdds.scm.pipeline.PipelineFactory.create(PipelineFactory.java:89)
	at org.apache.hadoop.hdds.scm.pipeline.PipelineManagerImpl.createPipeline(PipelineManagerImpl.java:255)
	at org.apache.hadoop.hdds.scm.pipeline.PipelineManagerImpl.createPipeline(PipelineManagerImpl.java:241)
	at org.apache.hadoop.hdds.scm.pipeline.WritableRatisContainerProvider.getContainer(WritableRatisContainerProvider.java:100)
	at org.apache.hadoop.hdds.scm.pipeline.WritableContainerFactory.getContainer(WritableContainerFactory.java:74)
	at org.apache.hadoop.fs.ozone.TestSafeMode.lambda$testSafeMode$0(TestSafeMode.java:123)
	at org.junit.jupiter.api.AssertThrows.assertThrows(AssertThrows.java:53)
	at org.junit.jupiter.api.AssertThrows.assertThrows(AssertThrows.java:35)
	at org.junit.jupiter.api.Assertions.assertThrows(Assertions.java:3115)
	at org.apache.hadoop.fs.ozone.TestSafeMode.testSafeMode(TestSafeMode.java:121)
	at org.apache.hadoop.fs.ozone.TestSafeMode.ofs(TestSafeMode.java:92)
	at sun.reflect.NativeMethodAccessorImpl.invoke0(Native Method)
	at sun.reflect.NativeMethodAccessorImpl.invoke(NativeMethodAccessorImpl.java:62)
	at sun.reflect.DelegatingMethodAccessorImpl.invoke(DelegatingMethodAccessorImpl.java:43)
	at java.lang.reflect.Method.invoke(Method.java:498)
	at org.junit.platform.commons.util.ReflectionUtils.invokeMethod(ReflectionUtils.java:728)
	at org.junit.jupiter.engine.execution.MethodInvocation.proceed(MethodInvocation.java:60)
	at org.junit.jupiter.engine.execution.InvocationInterceptorChain$ValidatingInvocation.proceed(InvocationInterceptorChain.java:131)
	at org.junit.jupiter.engine.extension.SameThreadTimeoutInvocation.proceed(SameThreadTimeoutInvocation.java:45)
	at org.junit.jupiter.engine.extension.TimeoutExtension.intercept(TimeoutExtension.java:156)
	at org.junit.jupiter.engine.extension.TimeoutExtension.interceptTestableMethod(TimeoutExtension.java:147)
	at org.junit.jupiter.engine.extension.TimeoutExtension.interceptTestMethod(TimeoutExtension.java:86)
	at org.junit.jupiter.engine.execution.InterceptingExecutableInvoker$ReflectiveInterceptorCall.lambda$ofVoidMethod$0(InterceptingExecutableInvoker.java:103)
	at org.junit.jupiter.engine.execution.InterceptingExecutableInvoker.lambda$invoke$0(InterceptingExecutableInvoker.java:93)
	at org.junit.jupiter.engine.execution.InvocationInterceptorChain$InterceptedInvocation.proceed(InvocationInterceptorChain.java:106)
	at org.junit.jupiter.engine.execution.InvocationInterceptorChain.proceed(InvocationInterceptorChain.java:64)
	at org.junit.jupiter.engine.execution.InvocationInterceptorChain.chainAndInvoke(InvocationInterceptorChain.java:45)
	at org.junit.jupiter.engine.execution.InvocationInterceptorChain.invoke(InvocationInterceptorChain.java:37)
	at org.junit.jupiter.engine.execution.InterceptingExecutableInvoker.invoke(InterceptingExecutableInvoker.java:92)
	at org.junit.jupiter.engine.execution.InterceptingExecutableInvoker.invoke(InterceptingExecutableInvoker.java:86)
	at org.junit.jupiter.engine.descriptor.TestMethodTestDescriptor.lambda$invokeTestMethod$7(TestMethodTestDescriptor.java:218)
	at org.junit.platform.engine.support.hierarchical.ThrowableCollector.execute(ThrowableCollector.java:73)
	at org.junit.jupiter.engine.descriptor.TestMethodTestDescriptor.invokeTestMethod(TestMethodTestDescriptor.java:214)
	at org.junit.jupiter.engine.descriptor.TestMethodTestDescriptor.execute(TestMethodTestDescriptor.java:139)
	at org.junit.jupiter.engine.descriptor.TestMethodTestDescriptor.execute(TestMethodTestDescriptor.java:69)
	at org.junit.platform.engine.support.hierarchical.NodeTestTask.lambda$executeRecursively$6(NodeTestTask.java:151)
	at org.junit.platform.engine.support.hierarchical.ThrowableCollector.execute(ThrowableCollector.java:73)
	at org.junit.platform.engine.support.hierarchical.NodeTestTask.lambda$executeRecursively$8(NodeTestTask.java:141)
	at org.junit.platform.engine.support.hierarchical.Node.around(Node.java:137)
	at org.junit.platform.engine.support.hierarchical.NodeTestTask.lambda$executeRecursively$9(NodeTestTask.java:139)
	at org.junit.platform.engine.support.hierarchical.ThrowableCollector.execute(ThrowableCollector.java:73)
	at org.junit.platform.engine.support.hierarchical.NodeTestTask.executeRecursively(NodeTestTask.java:138)
	at org.junit.platform.engine.support.hierarchical.NodeTestTask.execute(NodeTestTask.java:95)
	at java.util.ArrayList.forEach(ArrayList.java:1259)
	at org.junit.platform.engine.support.hierarchical.SameThreadHierarchicalTestExecutorService.invokeAll(SameThreadHierarchicalTestExecutorService.java:41)
	at org.junit.platform.engine.support.hierarchical.NodeTestTask.lambda$executeRecursively$6(NodeTestTask.java:155)
	at org.junit.platform.engine.support.hierarchical.ThrowableCollector.execute(ThrowableCollector.java:73)
	at org.junit.platform.engine.support.hierarchical.NodeTestTask.lambda$executeRecursively$8(NodeTestTask.java:141)
	at org.junit.platform.engine.support.hierarchical.Node.around(Node.java:137)
	at org.junit.platform.engine.support.hierarchical.NodeTestTask.lambda$executeRecursively$9(NodeTestTask.java:139)
	at org.junit.platform.engine.support.hierarchical.ThrowableCollector.execute(ThrowableCollector.java:73)
	at org.junit.platform.engine.support.hierarchical.NodeTestTask.executeRecursively(NodeTestTask.java:138)
	at org.junit.platform.engine.support.hierarchical.NodeTestTask.execute(NodeTestTask.java:95)
	at java.util.ArrayList.forEach(ArrayList.java:1259)
	at org.junit.platform.engine.support.hierarchical.SameThreadHierarchicalTestExecutorService.invokeAll(SameThreadHierarchicalTestExecutorService.java:41)
	at org.junit.platform.engine.support.hierarchical.NodeTestTask.lambda$executeRecursively$6(NodeTestTask.java:155)
	at org.junit.platform.engine.support.hierarchical.ThrowableCollector.execute(ThrowableCollector.java:73)
	at org.junit.platform.engine.support.hierarchical.NodeTestTask.lambda$executeRecursively$8(NodeTestTask.java:141)
	at org.junit.platform.engine.support.hierarchical.Node.around(Node.java:137)
	at org.junit.platform.engine.support.hierarchical.NodeTestTask.lambda$executeRecursively$9(NodeTestTask.java:139)
	at org.junit.platform.engine.support.hierarchical.ThrowableCollector.execute(ThrowableCollector.java:73)
	at org.junit.platform.engine.support.hierarchical.NodeTestTask.executeRecursively(NodeTestTask.java:138)
	at org.junit.platform.engine.support.hierarchical.NodeTestTask.execute(NodeTestTask.java:95)
	at org.junit.platform.engine.support.hierarchical.SameThreadHierarchicalTestExecutorService.submit(SameThreadHierarchicalTestExecutorService.java:35)
	at org.junit.platform.engine.support.hierarchical.HierarchicalTestExecutor.execute(HierarchicalTestExecutor.java:57)
	at org.junit.platform.engine.support.hierarchical.HierarchicalTestEngine.execute(HierarchicalTestEngine.java:54)
	at org.junit.platform.launcher.core.EngineExecutionOrchestrator.execute(EngineExecutionOrchestrator.java:198)
	at org.junit.platform.launcher.core.EngineExecutionOrchestrator.execute(EngineExecutionOrchestrator.java:169)
	at org.junit.platform.launcher.core.EngineExecutionOrchestrator.execute(EngineExecutionOrchestrator.java:93)
	at org.junit.platform.launcher.core.EngineExecutionOrchestrator.lambda$execute$0(EngineExecutionOrchestrator.java:58)
	at org.junit.platform.launcher.core.EngineExecutionOrchestrator.withInterceptedStreams(EngineExecutionOrchestrator.java:141)
	at org.junit.platform.launcher.core.EngineExecutionOrchestrator.execute(EngineExecutionOrchestrator.java:57)
	at org.junit.platform.launcher.core.DefaultLauncher.execute(DefaultLauncher.java:103)
	at org.junit.platform.launcher.core.DefaultLauncher.execute(DefaultLauncher.java:85)
	at org.junit.platform.launcher.core.DelegatingLauncher.execute(DelegatingLauncher.java:47)
	at org.junit.platform.launcher.core.SessionPerRequestLauncher.execute(SessionPerRequestLauncher.java:63)
	at org.apache.maven.surefire.junitplatform.JUnitPlatformProvider.execute(JUnitPlatformProvider.java:188)
	at org.apache.maven.surefire.junitplatform.JUnitPlatformProvider.invokeAllTests(JUnitPlatformProvider.java:154)
	at org.apache.maven.surefire.junitplatform.JUnitPlatformProvider.invoke(JUnitPlatformProvider.java:124)
	at org.apache.maven.surefire.booter.ForkedBooter.runSuitesInProcess(ForkedBooter.java:428)
	at org.apache.maven.surefire.booter.ForkedBooter.execute(ForkedBooter.java:162)
	at org.apache.maven.surefire.booter.ForkedBooter.run(ForkedBooter.java:562)
	at org.apache.maven.surefire.booter.ForkedBooter.main(ForkedBooter.java:548)
2024-01-26 11:56:33,263 [main] WARN  node.SCMNodeManager (SCMNodeManager.java:minHealthyVolumeNum(1290)) - Cannot generate NodeStat, datanode 5e57565a-2fac-4b31-b24f-016e073e3d73 not found.
2024-01-26 11:56:33,264 [main] WARN  node.SCMNodeManager (SCMNodeManager.java:minHealthyVolumeNum(1290)) - Cannot generate NodeStat, datanode 5c737fdf-f228-4231-bbf6-1cc383ec73d2 not found.
2024-01-26 11:56:33,264 [main] WARN  node.SCMNodeManager (SCMNodeManager.java:minHealthyVolumeNum(1290)) - Cannot generate NodeStat, datanode 5052cfc4-081a-46ed-8261-0b7a8ad7db0a not found.
2024-01-26 11:56:33,264 [main] WARN  container.ContainerManagerImpl (ContainerManagerImpl.java:getMatchingContainer(344)) - Container allocation failed on pipeline=Pipeline[ Id: 89cbe570-fc20-4065-982c-342f2af39fd7, Nodes: 5e57565a-2fac-4b31-b24f-016e073e3d73(fv-az1250-627/10.1.0.50)5c737fdf-f228-4231-bbf6-1cc383ec73d2(fv-az1250-627/10.1.0.50)5052cfc4-081a-46ed-8261-0b7a8ad7db0a(fv-az1250-627/10.1.0.50), ReplicationConfig: RATIS/THREE, State:OPEN, leaderId:5052cfc4-081a-46ed-8261-0b7a8ad7db0a, CreationTimestamp2024-01-26T11:56:31.089Z[Etc/UTC]]
java.lang.IllegalArgumentException
	at com.google.common.base.Preconditions.checkArgument(Preconditions.java:129)
	at org.apache.hadoop.hdds.scm.node.SCMNodeManager.minHealthyVolumeNum(SCMNodeManager.java:1294)
	at org.apache.hadoop.hdds.scm.pipeline.PipelineManagerImpl.minHealthyVolumeNum(PipelineManagerImpl.java:669)
	at org.apache.hadoop.hdds.scm.container.ContainerManagerImpl.getOpenContainerCountPerPipeline(ContainerManagerImpl.java:351)
	at org.apache.hadoop.hdds.scm.container.ContainerManagerImpl.getMatchingContainer(ContainerManagerImpl.java:331)
	at org.apache.hadoop.hdds.scm.pipeline.WritableRatisContainerProvider.selectContainer(WritableRatisContainerProvider.java:193)
	at org.apache.hadoop.hdds.scm.pipeline.WritableRatisContainerProvider.getContainer(WritableRatisContainerProvider.java:163)
	at org.apache.hadoop.hdds.scm.pipeline.WritableRatisContainerProvider.getContainer(WritableRatisContainerProvider.java:138)
	at org.apache.hadoop.hdds.scm.pipeline.WritableContainerFactory.getContainer(WritableContainerFactory.java:74)
	at org.apache.hadoop.fs.ozone.TestSafeMode.lambda$testSafeMode$0(TestSafeMode.java:123)
	at org.junit.jupiter.api.AssertThrows.assertThrows(AssertThrows.java:53)
	at org.junit.jupiter.api.AssertThrows.assertThrows(AssertThrows.java:35)
	at org.junit.jupiter.api.Assertions.assertThrows(Assertions.java:3115)
	at org.apache.hadoop.fs.ozone.TestSafeMode.testSafeMode(TestSafeMode.java:121)
	at org.apache.hadoop.fs.ozone.TestSafeMode.ofs(TestSafeMode.java:92)
	at sun.reflect.NativeMethodAccessorImpl.invoke0(Native Method)
	at sun.reflect.NativeMethodAccessorImpl.invoke(NativeMethodAccessorImpl.java:62)
	at sun.reflect.DelegatingMethodAccessorImpl.invoke(DelegatingMethodAccessorImpl.java:43)
	at java.lang.reflect.Method.invoke(Method.java:498)
	at org.junit.platform.commons.util.ReflectionUtils.invokeMethod(ReflectionUtils.java:728)
	at org.junit.jupiter.engine.execution.MethodInvocation.proceed(MethodInvocation.java:60)
	at org.junit.jupiter.engine.execution.InvocationInterceptorChain$ValidatingInvocation.proceed(InvocationInterceptorChain.java:131)
	at org.junit.jupiter.engine.extension.SameThreadTimeoutInvocation.proceed(SameThreadTimeoutInvocation.java:45)
	at org.junit.jupiter.engine.extension.TimeoutExtension.intercept(TimeoutExtension.java:156)
	at org.junit.jupiter.engine.extension.TimeoutExtension.interceptTestableMethod(TimeoutExtension.java:147)
	at org.junit.jupiter.engine.extension.TimeoutExtension.interceptTestMethod(TimeoutExtension.java:86)
	at org.junit.jupiter.engine.execution.InterceptingExecutableInvoker$ReflectiveInterceptorCall.lambda$ofVoidMethod$0(InterceptingExecutableInvoker.java:103)
	at org.junit.jupiter.engine.execution.InterceptingExecutableInvoker.lambda$invoke$0(InterceptingExecutableInvoker.java:93)
	at org.junit.jupiter.engine.execution.InvocationInterceptorChain$InterceptedInvocation.proceed(InvocationInterceptorChain.java:106)
	at org.junit.jupiter.engine.execution.InvocationInterceptorChain.proceed(InvocationInterceptorChain.java:64)
	at org.junit.jupiter.engine.execution.InvocationInterceptorChain.chainAndInvoke(InvocationInterceptorChain.java:45)
	at org.junit.jupiter.engine.execution.InvocationInterceptorChain.invoke(InvocationInterceptorChain.java:37)
	at org.junit.jupiter.engine.execution.InterceptingExecutableInvoker.invoke(InterceptingExecutableInvoker.java:92)
	at org.junit.jupiter.engine.execution.InterceptingExecutableInvoker.invoke(InterceptingExecutableInvoker.java:86)
	at org.junit.jupiter.engine.descriptor.TestMethodTestDescriptor.lambda$invokeTestMethod$7(TestMethodTestDescriptor.java:218)
	at org.junit.platform.engine.support.hierarchical.ThrowableCollector.execute(ThrowableCollector.java:73)
	at org.junit.jupiter.engine.descriptor.TestMethodTestDescriptor.invokeTestMethod(TestMethodTestDescriptor.java:214)
	at org.junit.jupiter.engine.descriptor.TestMethodTestDescriptor.execute(TestMethodTestDescriptor.java:139)
	at org.junit.jupiter.engine.descriptor.TestMethodTestDescriptor.execute(TestMethodTestDescriptor.java:69)
	at org.junit.platform.engine.support.hierarchical.NodeTestTask.lambda$executeRecursively$6(NodeTestTask.java:151)
	at org.junit.platform.engine.support.hierarchical.ThrowableCollector.execute(ThrowableCollector.java:73)
	at org.junit.platform.engine.support.hierarchical.NodeTestTask.lambda$executeRecursively$8(NodeTestTask.java:141)
	at org.junit.platform.engine.support.hierarchical.Node.around(Node.java:137)
	at org.junit.platform.engine.support.hierarchical.NodeTestTask.lambda$executeRecursively$9(NodeTestTask.java:139)
	at org.junit.platform.engine.support.hierarchical.ThrowableCollector.execute(ThrowableCollector.java:73)
	at org.junit.platform.engine.support.hierarchical.NodeTestTask.executeRecursively(NodeTestTask.java:138)
	at org.junit.platform.engine.support.hierarchical.NodeTestTask.execute(NodeTestTask.java:95)
	at java.util.ArrayList.forEach(ArrayList.java:1259)
	at org.junit.platform.engine.support.hierarchical.SameThreadHierarchicalTestExecutorService.invokeAll(SameThreadHierarchicalTestExecutorService.java:41)
	at org.junit.platform.engine.support.hierarchical.NodeTestTask.lambda$executeRecursively$6(NodeTestTask.java:155)
	at org.junit.platform.engine.support.hierarchical.ThrowableCollector.execute(ThrowableCollector.java:73)
	at org.junit.platform.engine.support.hierarchical.NodeTestTask.lambda$executeRecursively$8(NodeTestTask.java:141)
	at org.junit.platform.engine.support.hierarchical.Node.around(Node.java:137)
	at org.junit.platform.engine.support.hierarchical.NodeTestTask.lambda$executeRecursively$9(NodeTestTask.java:139)
	at org.junit.platform.engine.support.hierarchical.ThrowableCollector.execute(ThrowableCollector.java:73)
	at org.junit.platform.engine.support.hierarchical.NodeTestTask.executeRecursively(NodeTestTask.java:138)
	at org.junit.platform.engine.support.hierarchical.NodeTestTask.execute(NodeTestTask.java:95)
	at java.util.ArrayList.forEach(ArrayList.java:1259)
	at org.junit.platform.engine.support.hierarchical.SameThreadHierarchicalTestExecutorService.invokeAll(SameThreadHierarchicalTestExecutorService.java:41)
	at org.junit.platform.engine.support.hierarchical.NodeTestTask.lambda$executeRecursively$6(NodeTestTask.java:155)
	at org.junit.platform.engine.support.hierarchical.ThrowableCollector.execute(ThrowableCollector.java:73)
	at org.junit.platform.engine.support.hierarchical.NodeTestTask.lambda$executeRecursively$8(NodeTestTask.java:141)
	at org.junit.platform.engine.support.hierarchical.Node.around(Node.java:137)
	at org.junit.platform.engine.support.hierarchical.NodeTestTask.lambda$executeRecursively$9(NodeTestTask.java:139)
	at org.junit.platform.engine.support.hierarchical.ThrowableCollector.execute(ThrowableCollector.java:73)
	at org.junit.platform.engine.support.hierarchical.NodeTestTask.executeRecursively(NodeTestTask.java:138)
	at org.junit.platform.engine.support.hierarchical.NodeTestTask.execute(NodeTestTask.java:95)
	at org.junit.platform.engine.support.hierarchical.SameThreadHierarchicalTestExecutorService.submit(SameThreadHierarchicalTestExecutorService.java:35)
	at org.junit.platform.engine.support.hierarchical.HierarchicalTestExecutor.execute(HierarchicalTestExecutor.java:57)
	at org.junit.platform.engine.support.hierarchical.HierarchicalTestEngine.execute(HierarchicalTestEngine.java:54)
	at org.junit.platform.launcher.core.EngineExecutionOrchestrator.execute(EngineExecutionOrchestrator.java:198)
	at org.junit.platform.launcher.core.EngineExecutionOrchestrator.execute(EngineExecutionOrchestrator.java:169)
	at org.junit.platform.launcher.core.EngineExecutionOrchestrator.execute(EngineExecutionOrchestrator.java:93)
	at org.junit.platform.launcher.core.EngineExecutionOrchestrator.lambda$execute$0(EngineExecutionOrchestrator.java:58)
	at org.junit.platform.launcher.core.EngineExecutionOrchestrator.withInterceptedStreams(EngineExecutionOrchestrator.java:141)
	at org.junit.platform.launcher.core.EngineExecutionOrchestrator.execute(EngineExecutionOrchestrator.java:57)
	at org.junit.platform.launcher.core.DefaultLauncher.execute(DefaultLauncher.java:103)
	at org.junit.platform.launcher.core.DefaultLauncher.execute(DefaultLauncher.java:85)
	at org.junit.platform.launcher.core.DelegatingLauncher.execute(DelegatingLauncher.java:47)
	at org.junit.platform.launcher.core.SessionPerRequestLauncher.execute(SessionPerRequestLauncher.java:63)
	at org.apache.maven.surefire.junitplatform.JUnitPlatformProvider.execute(JUnitPlatformProvider.java:188)
	at org.apache.maven.surefire.junitplatform.JUnitPlatformProvider.invokeAllTests(JUnitPlatformProvider.java:154)
	at org.apache.maven.surefire.junitplatform.JUnitPlatformProvider.invoke(JUnitPlatformProvider.java:124)
	at org.apache.maven.surefire.booter.ForkedBooter.runSuitesInProcess(ForkedBooter.java:428)
	at org.apache.maven.surefire.booter.ForkedBooter.execute(ForkedBooter.java:162)
	at org.apache.maven.surefire.booter.ForkedBooter.run(ForkedBooter.java:562)
	at org.apache.maven.surefire.booter.ForkedBooter.main(ForkedBooter.java:548)
2024-01-26 11:56:33,265 [main] WARN  node.SCMNodeManager (SCMNodeManager.java:minHealthyVolumeNum(1290)) - Cannot generate NodeStat, datanode 5052cfc4-081a-46ed-8261-0b7a8ad7db0a not found.
2024-01-26 11:56:33,266 [main] WARN  node.SCMNodeManager (SCMNodeManager.java:minHealthyVolumeNum(1290)) - Cannot generate NodeStat, datanode 5e57565a-2fac-4b31-b24f-016e073e3d73 not found.
2024-01-26 11:56:33,266 [main] WARN  node.SCMNodeManager (SCMNodeManager.java:minHealthyVolumeNum(1290)) - Cannot generate NodeStat, datanode 5c737fdf-f228-4231-bbf6-1cc383ec73d2 not found.
2024-01-26 11:56:33,266 [main] WARN  container.ContainerManagerImpl (ContainerManagerImpl.java:getMatchingContainer(344)) - Container allocation failed on pipeline=Pipeline[ Id: 998bf58e-5fa1-4369-b33d-cb413aa61fbb, Nodes: 5052cfc4-081a-46ed-8261-0b7a8ad7db0a(fv-az1250-627/10.1.0.50)5e57565a-2fac-4b31-b24f-016e073e3d73(fv-az1250-627/10.1.0.50)5c737fdf-f228-4231-bbf6-1cc383ec73d2(fv-az1250-627/10.1.0.50), ReplicationConfig: RATIS/THREE, State:OPEN, leaderId:5e57565a-2fac-4b31-b24f-016e073e3d73, CreationTimestamp2024-01-26T11:56:31.089Z[Etc/UTC]]
java.lang.IllegalArgumentException
	at com.google.common.base.Preconditions.checkArgument(Preconditions.java:129)
	at org.apache.hadoop.hdds.scm.node.SCMNodeManager.minHealthyVolumeNum(SCMNodeManager.java:1294)
	at org.apache.hadoop.hdds.scm.pipeline.PipelineManagerImpl.minHealthyVolumeNum(PipelineManagerImpl.java:669)
	at org.apache.hadoop.hdds.scm.container.ContainerManagerImpl.getOpenContainerCountPerPipeline(ContainerManagerImpl.java:351)
	at org.apache.hadoop.hdds.scm.container.ContainerManagerImpl.getMatchingContainer(ContainerManagerImpl.java:331)
	at org.apache.hadoop.hdds.scm.pipeline.WritableRatisContainerProvider.selectContainer(WritableRatisContainerProvider.java:193)
	at org.apache.hadoop.hdds.scm.pipeline.WritableRatisContainerProvider.getContainer(WritableRatisContainerProvider.java:163)
	at org.apache.hadoop.hdds.scm.pipeline.WritableRatisContainerProvider.getContainer(WritableRatisContainerProvider.java:138)
	at org.apache.hadoop.hdds.scm.pipeline.WritableContainerFactory.getContainer(WritableContainerFactory.java:74)
	at org.apache.hadoop.fs.ozone.TestSafeMode.lambda$testSafeMode$0(TestSafeMode.java:123)
	at org.junit.jupiter.api.AssertThrows.assertThrows(AssertThrows.java:53)
	at org.junit.jupiter.api.AssertThrows.assertThrows(AssertThrows.java:35)
	at org.junit.jupiter.api.Assertions.assertThrows(Assertions.java:3115)
	at org.apache.hadoop.fs.ozone.TestSafeMode.testSafeMode(TestSafeMode.java:121)
	at org.apache.hadoop.fs.ozone.TestSafeMode.ofs(TestSafeMode.java:92)
	at sun.reflect.NativeMethodAccessorImpl.invoke0(Native Method)
	at sun.reflect.NativeMethodAccessorImpl.invoke(NativeMethodAccessorImpl.java:62)
	at sun.reflect.DelegatingMethodAccessorImpl.invoke(DelegatingMethodAccessorImpl.java:43)
	at java.lang.reflect.Method.invoke(Method.java:498)
	at org.junit.platform.commons.util.ReflectionUtils.invokeMethod(ReflectionUtils.java:728)
	at org.junit.jupiter.engine.execution.MethodInvocation.proceed(MethodInvocation.java:60)
	at org.junit.jupiter.engine.execution.InvocationInterceptorChain$ValidatingInvocation.proceed(InvocationInterceptorChain.java:131)
	at org.junit.jupiter.engine.extension.SameThreadTimeoutInvocation.proceed(SameThreadTimeoutInvocation.java:45)
	at org.junit.jupiter.engine.extension.TimeoutExtension.intercept(TimeoutExtension.java:156)
	at org.junit.jupiter.engine.extension.TimeoutExtension.interceptTestableMethod(TimeoutExtension.java:147)
	at org.junit.jupiter.engine.extension.TimeoutExtension.interceptTestMethod(TimeoutExtension.java:86)
	at org.junit.jupiter.engine.execution.InterceptingExecutableInvoker$ReflectiveInterceptorCall.lambda$ofVoidMethod$0(InterceptingExecutableInvoker.java:103)
	at org.junit.jupiter.engine.execution.InterceptingExecutableInvoker.lambda$invoke$0(InterceptingExecutableInvoker.java:93)
	at org.junit.jupiter.engine.execution.InvocationInterceptorChain$InterceptedInvocation.proceed(InvocationInterceptorChain.java:106)
	at org.junit.jupiter.engine.execution.InvocationInterceptorChain.proceed(InvocationInterceptorChain.java:64)
	at org.junit.jupiter.engine.execution.InvocationInterceptorChain.chainAndInvoke(InvocationInterceptorChain.java:45)
	at org.junit.jupiter.engine.execution.InvocationInterceptorChain.invoke(InvocationInterceptorChain.java:37)
	at org.junit.jupiter.engine.execution.InterceptingExecutableInvoker.invoke(InterceptingExecutableInvoker.java:92)
	at org.junit.jupiter.engine.execution.InterceptingExecutableInvoker.invoke(InterceptingExecutableInvoker.java:86)
	at org.junit.jupiter.engine.descriptor.TestMethodTestDescriptor.lambda$invokeTestMethod$7(TestMethodTestDescriptor.java:218)
	at org.junit.platform.engine.support.hierarchical.ThrowableCollector.execute(ThrowableCollector.java:73)
	at org.junit.jupiter.engine.descriptor.TestMethodTestDescriptor.invokeTestMethod(TestMethodTestDescriptor.java:214)
	at org.junit.jupiter.engine.descriptor.TestMethodTestDescriptor.execute(TestMethodTestDescriptor.java:139)
	at org.junit.jupiter.engine.descriptor.TestMethodTestDescriptor.execute(TestMethodTestDescriptor.java:69)
	at org.junit.platform.engine.support.hierarchical.NodeTestTask.lambda$executeRecursively$6(NodeTestTask.java:151)
	at org.junit.platform.engine.support.hierarchical.ThrowableCollector.execute(ThrowableCollector.java:73)
	at org.junit.platform.engine.support.hierarchical.NodeTestTask.lambda$executeRecursively$8(NodeTestTask.java:141)
	at org.junit.platform.engine.support.hierarchical.Node.around(Node.java:137)
	at org.junit.platform.engine.support.hierarchical.NodeTestTask.lambda$executeRecursively$9(NodeTestTask.java:139)
	at org.junit.platform.engine.support.hierarchical.ThrowableCollector.execute(ThrowableCollector.java:73)
	at org.junit.platform.engine.support.hierarchical.NodeTestTask.executeRecursively(NodeTestTask.java:138)
	at org.junit.platform.engine.support.hierarchical.NodeTestTask.execute(NodeTestTask.java:95)
	at java.util.ArrayList.forEach(ArrayList.java:1259)
	at org.junit.platform.engine.support.hierarchical.SameThreadHierarchicalTestExecutorService.invokeAll(SameThreadHierarchicalTestExecutorService.java:41)
	at org.junit.platform.engine.support.hierarchical.NodeTestTask.lambda$executeRecursively$6(NodeTestTask.java:155)
	at org.junit.platform.engine.support.hierarchical.ThrowableCollector.execute(ThrowableCollector.java:73)
	at org.junit.platform.engine.support.hierarchical.NodeTestTask.lambda$executeRecursively$8(NodeTestTask.java:141)
	at org.junit.platform.engine.support.hierarchical.Node.around(Node.java:137)
	at org.junit.platform.engine.support.hierarchical.NodeTestTask.lambda$executeRecursively$9(NodeTestTask.java:139)
	at org.junit.platform.engine.support.hierarchical.ThrowableCollector.execute(ThrowableCollector.java:73)
	at org.junit.platform.engine.support.hierarchical.NodeTestTask.executeRecursively(NodeTestTask.java:138)
	at org.junit.platform.engine.support.hierarchical.NodeTestTask.execute(NodeTestTask.java:95)
	at java.util.ArrayList.forEach(ArrayList.java:1259)
	at org.junit.platform.engine.support.hierarchical.SameThreadHierarchicalTestExecutorService.invokeAll(SameThreadHierarchicalTestExecutorService.java:41)
	at org.junit.platform.engine.support.hierarchical.NodeTestTask.lambda$executeRecursively$6(NodeTestTask.java:155)
	at org.junit.platform.engine.support.hierarchical.ThrowableCollector.execute(ThrowableCollector.java:73)
	at org.junit.platform.engine.support.hierarchical.NodeTestTask.lambda$executeRecursively$8(NodeTestTask.java:141)
	at org.junit.platform.engine.support.hierarchical.Node.around(Node.java:137)
	at org.junit.platform.engine.support.hierarchical.NodeTestTask.lambda$executeRecursively$9(NodeTestTask.java:139)
	at org.junit.platform.engine.support.hierarchical.ThrowableCollector.execute(ThrowableCollector.java:73)
	at org.junit.platform.engine.support.hierarchical.NodeTestTask.executeRecursively(NodeTestTask.java:138)
	at org.junit.platform.engine.support.hierarchical.NodeTestTask.execute(NodeTestTask.java:95)
	at org.junit.platform.engine.support.hierarchical.SameThreadHierarchicalTestExecutorService.submit(SameThreadHierarchicalTestExecutorService.java:35)
	at org.junit.platform.engine.support.hierarchical.HierarchicalTestExecutor.execute(HierarchicalTestExecutor.java:57)
	at org.junit.platform.engine.support.hierarchical.HierarchicalTestEngine.execute(HierarchicalTestEngine.java:54)
	at org.junit.platform.launcher.core.EngineExecutionOrchestrator.execute(EngineExecutionOrchestrator.java:198)
	at org.junit.platform.launcher.core.EngineExecutionOrchestrator.execute(EngineExecutionOrchestrator.java:169)
	at org.junit.platform.launcher.core.EngineExecutionOrchestrator.execute(EngineExecutionOrchestrator.java:93)
	at org.junit.platform.launcher.core.EngineExecutionOrchestrator.lambda$execute$0(EngineExecutionOrchestrator.java:58)
	at org.junit.platform.launcher.core.EngineExecutionOrchestrator.withInterceptedStreams(EngineExecutionOrchestrator.java:141)
	at org.junit.platform.launcher.core.EngineExecutionOrchestrator.execute(EngineExecutionOrchestrator.java:57)
	at org.junit.platform.launcher.core.DefaultLauncher.execute(DefaultLauncher.java:103)
	at org.junit.platform.launcher.core.DefaultLauncher.execute(DefaultLauncher.java:85)
	at org.junit.platform.launcher.core.DelegatingLauncher.execute(DelegatingLauncher.java:47)
	at org.junit.platform.launcher.core.SessionPerRequestLauncher.execute(SessionPerRequestLauncher.java:63)
	at org.apache.maven.surefire.junitplatform.JUnitPlatformProvider.execute(JUnitPlatformProvider.java:188)
	at org.apache.maven.surefire.junitplatform.JUnitPlatformProvider.invokeAllTests(JUnitPlatformProvider.java:154)
	at org.apache.maven.surefire.junitplatform.JUnitPlatformProvider.invoke(JUnitPlatformProvider.java:124)
	at org.apache.maven.surefire.booter.ForkedBooter.runSuitesInProcess(ForkedBooter.java:428)
	at org.apache.maven.surefire.booter.ForkedBooter.execute(ForkedBooter.java:162)
	at org.apache.maven.surefire.booter.ForkedBooter.run(ForkedBooter.java:562)
	at org.apache.maven.surefire.booter.ForkedBooter.main(ForkedBooter.java:548)
2024-01-26 11:56:33,268 [main] ERROR pipeline.WritableRatisContainerProvider (WritableRatisContainerProvider.java:getContainer(145)) - Unable to allocate a block for the size: 1048576, repConfig: RATIS/THREE
2024-01-26 11:56:33,272 [main] INFO  ozone.MiniOzoneClusterImpl (MiniOzoneClusterImpl.java:shutdown(449)) - Shutting down the Mini Ozone Cluster
2024-01-26 11:56:33,273 [main] INFO  db.CodecTestUtil (CodecTestUtil.java:gc(50)) - gc 0
2024-01-26 11:56:33,545 [main] INFO  ozone.MiniOzoneClusterImpl (MiniOzoneClusterImpl.java:stop(465)) - Stopping the Mini Ozone Cluster
2024-01-26 11:56:33,545 [main] INFO  om.OzoneManager (OzoneManager.java:stop(2204)) - om1[localhost:15004]: Stopping Ozone Manager
2024-01-26 11:56:33,546 [main] INFO  ipc.Server (Server.java:stop(3523)) - Stopping server on 15004
2024-01-26 11:56:33,549 [IPC Server Responder] INFO  ipc.Server (Server.java:run(1567)) - Stopping IPC Server Responder
2024-01-26 11:56:33,549 [IPC Server listener on 15004] INFO  ipc.Server (Server.java:run(1434)) - Stopping IPC Server listener on 15004
2024-01-26 11:56:33,554 [main] INFO  ratis.OzoneManagerRatisServer (OzoneManagerRatisServer.java:stop(594)) - Stopping org.apache.hadoop.ozone.om.ratis.OzoneManagerRatisServer@48bc2fce at port 15007
2024-01-26 11:56:33,554 [main] INFO  server.RaftServer (RaftServerProxy.java:lambda$close$9(416)) - om1: close
2024-01-26 11:56:33,555 [om1-impl-thread1] INFO  server.RaftServer$Division (RaftServerImpl.java:lambda$close$3(526)) - om1@group-C5BA1605619E: shutdown
2024-01-26 11:56:33,555 [om1-impl-thread1] INFO  util.JmxRegister (JmxRegister.java:unregister(73)) - Successfully un-registered JMX Bean with object name Ratis:service=RaftServer,group=group-C5BA1605619E,id=om1
2024-01-26 11:56:33,555 [main] INFO  server.GrpcService (GrpcService.java:closeImpl(311)) - om1: shutdown server GrpcServerProtocolService now
2024-01-26 11:56:33,555 [om1-impl-thread1] INFO  impl.RoleInfo (RoleInfo.java:shutdownLeaderState(94)) - om1: shutdown om1@group-C5BA1605619E-LeaderStateImpl
2024-01-26 11:56:33,556 [om1-impl-thread1] INFO  impl.PendingRequests (PendingRequests.java:sendNotLeaderResponses(289)) - om1@group-C5BA1605619E-PendingRequests: sendNotLeaderResponses
2024-01-26 11:56:33,559 [main] INFO  server.GrpcService (GrpcService.java:closeImpl(320)) - om1: shutdown server GrpcServerProtocolService successfully
2024-01-26 11:56:33,559 [om1-impl-thread1] INFO  impl.StateMachineUpdater (StateMachineUpdater.java:stopAndJoin(157)) - om1@group-C5BA1605619E-StateMachineUpdater: set stopIndex = 4
2024-01-26 11:56:33,559 [om1@group-C5BA1605619E-StateMachineUpdater] INFO  ratis.OzoneManagerStateMachine (OzoneManagerStateMachine.java:takeSnapshotImpl(469)) -  applied = (t:1, i:3)
2024-01-26 11:56:33,560 [om1@group-C5BA1605619E-StateMachineUpdater] INFO  ratis.OzoneManagerStateMachine (OzoneManagerStateMachine.java:takeSnapshotImpl(470)) -  skipped = 3
2024-01-26 11:56:33,560 [om1@group-C5BA1605619E-StateMachineUpdater] INFO  ratis.OzoneManagerStateMachine (OzoneManagerStateMachine.java:takeSnapshotImpl(471)) - notified = (t:1, i:4)
2024-01-26 11:56:33,560 [om1@group-C5BA1605619E-StateMachineUpdater] INFO  ratis.OzoneManagerStateMachine (OzoneManagerStateMachine.java:takeSnapshotImpl(472)) - snapshot = (t:1, i:4)
2024-01-26 11:56:33,580 [om1@group-C5BA1605619E-StateMachineUpdater] INFO  impl.StateMachineUpdater (StateMachineUpdater.java:takeSnapshot(295)) - om1@group-C5BA1605619E-StateMachineUpdater: Took a snapshot at index 4
2024-01-26 11:56:33,580 [om1@group-C5BA1605619E-StateMachineUpdater] INFO  impl.StateMachineUpdater (StateMachineUpdater.java:lambda$new$0(98)) - om1@group-C5BA1605619E-StateMachineUpdater: snapshotIndex: updateIncreasingly -1 -> 4
2024-01-26 11:56:33,580 [om1@group-C5BA1605619E-StateMachineUpdater] INFO  ratis.OzoneManagerStateMachine (OzoneManagerStateMachine.java:close(515)) - Stopping OzoneManagerStateMachine:om1:group-C5BA1605619E.
2024-01-26 11:56:33,581 [om1@group-C5BA1605619E-StateMachineUpdater] INFO  ratis.OzoneManagerDoubleBuffer (OzoneManagerDoubleBuffer.java:stopDaemon(514)) - Stopping OMDoubleBuffer flush thread
2024-01-26 11:56:33,581 [om1-OMDoubleBufferFlushThread] INFO  ratis.OzoneManagerDoubleBuffer (OzoneManagerDoubleBuffer.java:canFlush(578)) - OMDoubleBuffer flush thread om1-OMDoubleBufferFlushThread is interrupted and will exit.
2024-01-26 11:56:33,584 [om1-impl-thread1] INFO  server.RaftServer$Division (ServerState.java:close(427)) - om1@group-C5BA1605619E: applyIndex: 3
2024-01-26 11:56:33,584 [om1@group-C5BA1605619E-cacheEviction-AwaitToRun] INFO  util.AwaitToRun (AwaitToRun.java:run(49)) - om1@group-C5BA1605619E-cacheEviction-AwaitToRun-AwaitForSignal is interrupted
2024-01-26 11:56:33,734 [Mini-Cluster-Provider-Create] INFO  ozone.MiniOzoneClusterImpl (MiniOzoneClusterImpl.java:lambda$waitForClusterToBeReady$0(229)) - Nodes are ready. Got 3 of 3 DN Heartbeats.
2024-01-26 11:56:33,735 [Mini-Cluster-Provider-Create] INFO  ozone.MiniOzoneClusterImpl (MiniOzoneClusterImpl.java:lambda$waitForClusterToBeReady$0(232)) - Waiting for cluster to exit safe mode
2024-01-26 11:56:33,735 [Mini-Cluster-Provider-Create] INFO  ozone.MiniOzoneClusterImpl (MiniOzoneClusterImpl.java:lambda$waitForClusterToBeReady$0(234)) - SCM became leader
2024-01-26 11:56:33,916 [om1-impl-thread1] INFO  segmented.SegmentedRaftLogWorker (SegmentedRaftLogWorker.java:close(245)) - om1@group-C5BA1605619E-SegmentedRaftLogWorker close()
2024-01-26 11:56:33,916 [JvmPauseMonitor1] INFO  util.JvmPauseMonitor (JvmPauseMonitor.java:run(152)) - JvmPauseMonitor-om1: Stopped
2024-01-26 11:56:33,917 [main] INFO  utils.BackgroundService (BackgroundService.java:shutdown(160)) - Shutting down service KeyDeletingService
2024-01-26 11:56:33,917 [main] INFO  utils.BackgroundService (BackgroundService.java:shutdown(160)) - Shutting down service DirectoryDeletingService
2024-01-26 11:56:33,917 [main] INFO  utils.BackgroundService (BackgroundService.java:shutdown(160)) - Shutting down service OpenKeyCleanupService
2024-01-26 11:56:33,917 [main] INFO  utils.BackgroundService (BackgroundService.java:shutdown(160)) - Shutting down service SstFilteringService
2024-01-26 11:56:33,918 [main] INFO  utils.BackgroundService (BackgroundService.java:shutdown(160)) - Shutting down service SnapshotDeletingService
2024-01-26 11:56:33,918 [main] INFO  utils.BackgroundService (BackgroundService.java:shutdown(160)) - Shutting down service MultipartUploadCleanupService
2024-01-26 11:56:33,920 [main] INFO  handler.ContextHandler (ContextHandler.java:doStop(1159)) - Stopped o.e.j.w.WebAppContext@3308ee4{ozoneManager,/,null,STOPPED}{file:/home/runner/work/ozone/ozone/hadoop-ozone/integration-test/target/test-classes/webapps/ozoneManager}
2024-01-26 11:56:33,921 [main] INFO  server.AbstractConnector (AbstractConnector.java:doStop(383)) - Stopped ServerConnector@5f3a705e{HTTP/1.1, (http/1.1)}{0.0.0.0:15005}
2024-01-26 11:56:33,921 [main] INFO  server.session (HouseKeeper.java:stopScavenging(149)) - node0 Stopped scavenging
2024-01-26 11:56:33,922 [main] INFO  handler.ContextHandler (ContextHandler.java:doStop(1159)) - Stopped o.e.j.s.ServletContextHandler@67838bc8{static,/static,file:///home/runner/work/ozone/ozone/hadoop-ozone/integration-test/target/test-classes/webapps/static,STOPPED}
2024-01-26 11:56:33,923 [main] INFO  handler.ContextHandler (ContextHandler.java:doStop(1159)) - Stopped o.e.j.s.ServletContextHandler@47540496{logs,/logs,file:///home/runner/work/ozone/ozone/hadoop-ozone/integration-test/target/log,STOPPED}
2024-01-26 11:56:33,925 [main] INFO  rocksdiff.RocksDBCheckpointDiffer (RocksDBCheckpointDiffer.java:close(310)) - Shutting down CompactionDagPruningService.
2024-01-26 11:56:33,927 [main] INFO  snapshot.SnapshotDiffManager (SnapshotDiffManager.java:closeExecutorService(1688)) - Shutting down executorService: 'SnapDiffExecutor'
2024-01-26 11:56:33,928 [main] INFO  snapshot.SnapshotDiffManager (SnapshotDiffManager.java:closeExecutorService(1688)) - Shutting down executorService: 'SstDumpToolExecutor'
2024-01-26 11:56:33,928 [main] INFO  utils.BackgroundService (BackgroundService.java:shutdown(160)) - Shutting down service SnapshotDiffCleanupService
2024-01-26 11:56:33,929 [main] INFO  ozone.MiniOzoneClusterImpl (MiniOzoneClusterImpl.java:stopDatanodes(535)) - Stopping the HddsDatanodes
2024-01-26 11:56:33,930 [main] INFO  ozone.MiniOzoneClusterImpl (MiniOzoneClusterImpl.java:stopSCM(550)) - Stopping the StorageContainerManager
2024-01-26 11:56:33,930 [main] INFO  server.StorageContainerManager (StorageContainerManager.java:stop(1654)) - Container Balancer is not running.
2024-01-26 11:56:33,931 [main] INFO  server.StorageContainerManager (StorageContainerManager.java:stopReplicationManager(1787)) - Stopping Replication Manager Service.
2024-01-26 11:56:33,931 [main] INFO  replication.ReplicationManager (ReplicationManager.java:stop(326)) - Stopping Replication Monitor Thread.
2024-01-26 11:56:33,931 [main] INFO  server.StorageContainerManager (StorageContainerManager.java:stop(1663)) - Stopping the Datanode Admin Monitor.
2024-01-26 11:56:33,931 [ReplicationMonitor] INFO  replication.ReplicationManager (ReplicationManager.java:run(933)) - Replication Monitor Thread is stopped
2024-01-26 11:56:33,931 [OverReplicatedProcessor] WARN  replication.UnhealthyReplicationProcessor (UnhealthyReplicationProcessor.java:run(180)) - OverReplicatedProcessor interrupted. Exiting...
2024-01-26 11:56:33,931 [UnderReplicatedProcessor] WARN  replication.UnhealthyReplicationProcessor (UnhealthyReplicationProcessor.java:run(180)) - UnderReplicatedProcessor interrupted. Exiting...
2024-01-26 11:56:33,931 [main] INFO  server.StorageContainerManager (StorageContainerManager.java:stop(1670)) - Stopping datanode service RPC server
2024-01-26 11:56:33,932 [main] INFO  server.SCMDatanodeProtocolServer (SCMDatanodeProtocolServer.java:stop(425)) - Stopping the RPC server for DataNodes
2024-01-26 11:56:33,932 [main] INFO  ipc.Server (Server.java:stop(3523)) - Stopping server on 15002
2024-01-26 11:56:33,934 [IPC Server listener on 15002] INFO  ipc.Server (Server.java:run(1434)) - Stopping IPC Server listener on 15002
2024-01-26 11:56:33,934 [IPC Server Responder] INFO  ipc.Server (Server.java:run(1567)) - Stopping IPC Server Responder
2024-01-26 11:56:33,945 [SCMHeartbeatProcessor-0] WARN  node.NodeStateManager (NodeStateManager.java:scheduleNextHealthCheck(878)) - Current Thread is interrupted, shutting down HB processing thread for Node Manager.
2024-01-26 11:56:33,945 [main] INFO  server.StorageContainerManager (StorageContainerManager.java:stop(1678)) - Stopping block service RPC server
2024-01-26 11:56:33,945 [main] INFO  server.SCMBlockProtocolServer (SCMBlockProtocolServer.java:stop(169)) - Stopping the RPC server for Block Protocol
2024-01-26 11:56:33,946 [main] INFO  ipc.Server (Server.java:stop(3523)) - Stopping server on 15001
2024-01-26 11:56:33,947 [IPC Server listener on 15001] INFO  ipc.Server (Server.java:run(1434)) - Stopping IPC Server listener on 15001
2024-01-26 11:56:33,948 [IPC Server Responder] INFO  ipc.Server (Server.java:run(1567)) - Stopping IPC Server Responder
2024-01-26 11:56:33,949 [main] INFO  server.StorageContainerManager (StorageContainerManager.java:stop(1685)) - Stopping the StorageContainerLocationProtocol RPC server
2024-01-26 11:56:33,949 [main] INFO  server.SCMClientProtocolServer (SCMClientProtocolServer.java:stop(212)) - Stopping the RPC server for Client Protocol
2024-01-26 11:56:33,949 [main] INFO  ipc.Server (Server.java:stop(3523)) - Stopping server on 15000
2024-01-26 11:56:33,954 [IPC Server listener on 15000] INFO  ipc.Server (Server.java:run(1434)) - Stopping IPC Server listener on 15000
2024-01-26 11:56:33,954 [IPC Server Responder] INFO  ipc.Server (Server.java:run(1567)) - Stopping IPC Server Responder
2024-01-26 11:56:33,955 [main] INFO  server.StorageContainerManager (StorageContainerManager.java:stop(1692)) - Stopping Storage Container Manager HTTP server.
2024-01-26 11:56:33,956 [main] INFO  handler.ContextHandler (ContextHandler.java:doStop(1159)) - Stopped o.e.j.w.WebAppContext@7a04f730{scm,/,null,STOPPED}{file:/home/runner/work/ozone/ozone/hadoop-ozone/integration-test/target/test-classes/webapps/scm}
2024-01-26 11:56:33,957 [main] INFO  server.AbstractConnector (AbstractConnector.java:doStop(383)) - Stopped ServerConnector@1efac5b9{HTTP/1.1, (http/1.1)}{0.0.0.0:15003}
2024-01-26 11:56:33,957 [main] INFO  server.session (HouseKeeper.java:stopScavenging(149)) - node0 Stopped scavenging
2024-01-26 11:56:33,958 [main] INFO  handler.ContextHandler (ContextHandler.java:doStop(1159)) - Stopped o.e.j.s.ServletContextHandler@5a4dda2{static,/static,file:///home/runner/work/ozone/ozone/hadoop-ozone/integration-test/target/test-classes/webapps/static,STOPPED}
2024-01-26 11:56:33,958 [main] INFO  handler.ContextHandler (ContextHandler.java:doStop(1159)) - Stopped o.e.j.s.ServletContextHandler@76c86567{logs,/logs,file:///home/runner/work/ozone/ozone/hadoop-ozone/integration-test/target/log,STOPPED}
2024-01-26 11:56:33,959 [main] INFO  server.StorageContainerManager (StorageContainerManager.java:stop(1700)) - Stopping SCM LayoutVersionManager Service.
2024-01-26 11:56:33,961 [main] INFO  server.StorageContainerManager (StorageContainerManager.java:stop(1712)) - Stopping Block Manager Service.
2024-01-26 11:56:33,961 [main] INFO  utils.BackgroundService (BackgroundService.java:shutdown(160)) - Shutting down service SCMBlockDeletingService
2024-01-26 11:56:33,961 [main] INFO  utils.BackgroundService (BackgroundService.java:shutdown(160)) - Shutting down service SCMBlockDeletingService
2024-01-26 11:56:33,961 [main] INFO  server.StorageContainerManager (StorageContainerManager.java:stop(1732)) - Stopping SCM Event Queue.
2024-01-26 11:56:33,962 [JvmPauseMonitor10] INFO  util.JvmPauseMonitor (JvmPauseMonitor.java:run(152)) - JvmPauseMonitor-7ad7f6d5-37ce-4bfa-8f83-498f77b4e9f0: Stopped
2024-01-26 11:56:33,962 [main] INFO  server.StorageContainerManager (StorageContainerManager.java:stop(1743)) - Stopping SCM HA services.
2024-01-26 11:56:33,966 [main] INFO  pipeline.BackgroundPipelineCreator (BackgroundPipelineCreator.java:stop(152)) - Stopping RatisPipelineUtilsThread.
2024-01-26 11:56:33,966 [RatisPipelineUtilsThread-0] WARN  pipeline.BackgroundPipelineCreator (BackgroundPipelineCreator.java:run(183)) - RatisPipelineUtilsThread is interrupted.
2024-01-26 11:56:33,966 [BackgroundPipelineScrubber] WARN  BackgroundPipelineScrubber (BackgroundSCMService.java:run(115)) - BackgroundPipelineScrubber is interrupted, exit
2024-01-26 11:56:33,967 [main] INFO  BackgroundPipelineScrubber (BackgroundSCMService.java:stop(131)) - Stopping BackgroundPipelineScrubber Service.
2024-01-26 11:56:33,967 [main] INFO  impl.MetricsSystemImpl (MetricsSystemImpl.java:stop(210)) - Stopping StorageContainerManager metrics system...
2024-01-26 11:56:33,970 [prometheus] INFO  impl.MetricsSinkAdapter (MetricsSinkAdapter.java:publishMetricsFromQueue(141)) - prometheus thread interrupted.
2024-01-26 11:56:33,971 [main] INFO  impl.MetricsSystemImpl (MetricsSystemImpl.java:stop(216)) - StorageContainerManager metrics system stopped.
2024-01-26 11:56:33,971 [main] WARN  pipeline.BackgroundPipelineCreator (BackgroundPipelineCreator.java:stop(148)) - RatisPipelineUtilsThread is not running, just ignore.
2024-01-26 11:56:33,972 [main] INFO  BackgroundPipelineScrubber (BackgroundSCMService.java:stop(126)) - BackgroundPipelineScrubber Service is not running, skip stop.
2024-01-26 11:56:33,972 [main] INFO  ExpiredContainerReplicaOpScrubber (BackgroundSCMService.java:stop(131)) - Stopping ExpiredContainerReplicaOpScrubber Service.
2024-01-26 11:56:33,972 [ExpiredContainerReplicaOpScrubber] WARN  ExpiredContainerReplicaOpScrubber (BackgroundSCMService.java:run(115)) - ExpiredContainerReplicaOpScrubber is interrupted, exit
2024-01-26 11:56:33,973 [main] INFO  utils.BackgroundService (BackgroundService.java:shutdown(160)) - Shutting down service SCMBlockDeletingService
2024-01-26 11:56:33,973 [main] INFO  replication.ReplicationManager (ReplicationManager.java:stop(336)) - Replication Monitor Thread is not running.
2024-01-26 11:56:33,974 [main] WARN  balancer.ContainerBalancer (ContainerBalancer.java:stop(327)) - Cannot stop Container Balancer because it's not running or stopping
2024-01-26 11:56:33,974 [main] INFO  server.StorageContainerManager (StorageContainerManager.java:stop(1778)) - Stopping SCM MetadataStore.
]]></system-out>
  </testcase>
  <testcase name="o3fs" classname="org.apache.hadoop.fs.ozone.TestSafeMode" time="126.891">
    <error type="java.util.concurrent.TimeoutException"><![CDATA[java.util.concurrent.TimeoutException: o3fs() timed out after 120 seconds
	at java.util.ArrayList.forEach(ArrayList.java:1259)
	at java.util.ArrayList.forEach(ArrayList.java:1259)
]]></error>
    <system-out><![CDATA[2024-01-26 11:56:34,616 [0f734c5b-620a-4a31-a7a8-a1d45a227569@group-F8E872DA5D61-FollowerState] INFO  impl.FollowerState (FollowerState.java:run(143)) - 0f734c5b-620a-4a31-a7a8-a1d45a227569@group-F8E872DA5D61-FollowerState: change to CANDIDATE, lastRpcElapsedTime:5071526911ns, electionTimeout:5071ms
2024-01-26 11:56:34,616 [0f734c5b-620a-4a31-a7a8-a1d45a227569@group-F8E872DA5D61-FollowerState] INFO  impl.RoleInfo (RoleInfo.java:shutdownFollowerState(110)) - 0f734c5b-620a-4a31-a7a8-a1d45a227569: shutdown 0f734c5b-620a-4a31-a7a8-a1d45a227569@group-F8E872DA5D61-FollowerState
2024-01-26 11:56:34,616 [0f734c5b-620a-4a31-a7a8-a1d45a227569@group-F8E872DA5D61-FollowerState] INFO  server.RaftServer$Division (RaftServerImpl.java:setRole(383)) - 0f734c5b-620a-4a31-a7a8-a1d45a227569@group-F8E872DA5D61: changes role from  FOLLOWER to CANDIDATE at term 0 for changeToCandidate
2024-01-26 11:56:34,617 [0f734c5b-620a-4a31-a7a8-a1d45a227569@group-F8E872DA5D61-FollowerState] INFO  server.RaftServerConfigKeys (ConfUtils.java:logGet(46)) - raft.server.leaderelection.pre-vote = true (default)
2024-01-26 11:56:34,617 [0f734c5b-620a-4a31-a7a8-a1d45a227569@group-F8E872DA5D61-FollowerState] INFO  impl.RoleInfo (RoleInfo.java:updateAndGet(139)) - 0f734c5b-620a-4a31-a7a8-a1d45a227569: start 0f734c5b-620a-4a31-a7a8-a1d45a227569@group-F8E872DA5D61-LeaderElection10
2024-01-26 11:56:34,618 [0f734c5b-620a-4a31-a7a8-a1d45a227569@group-F8E872DA5D61-LeaderElection10] INFO  impl.LeaderElection (LeaderElection.java:askForVotes(321)) - 0f734c5b-620a-4a31-a7a8-a1d45a227569@group-F8E872DA5D61-LeaderElection10 PRE_VOTE round 0: submit vote requests at term 0 for -1: peers:[0f734c5b-620a-4a31-a7a8-a1d45a227569|10.1.0.50:15049]|listeners:[], old=null
2024-01-26 11:56:34,618 [0f734c5b-620a-4a31-a7a8-a1d45a227569@group-F8E872DA5D61-LeaderElection10] INFO  impl.LeaderElection (LeaderElection.java:askForVotes(323)) - 0f734c5b-620a-4a31-a7a8-a1d45a227569@group-F8E872DA5D61-LeaderElection10 PRE_VOTE round 0: result PASSED (term=0)
2024-01-26 11:56:34,620 [0f734c5b-620a-4a31-a7a8-a1d45a227569@group-F8E872DA5D61-LeaderElection10] INFO  impl.LeaderElection (LeaderElection.java:askForVotes(321)) - 0f734c5b-620a-4a31-a7a8-a1d45a227569@group-F8E872DA5D61-LeaderElection10 ELECTION round 0: submit vote requests at term 1 for -1: peers:[0f734c5b-620a-4a31-a7a8-a1d45a227569|10.1.0.50:15049]|listeners:[], old=null
2024-01-26 11:56:34,620 [0f734c5b-620a-4a31-a7a8-a1d45a227569@group-F8E872DA5D61-LeaderElection10] INFO  impl.LeaderElection (LeaderElection.java:askForVotes(323)) - 0f734c5b-620a-4a31-a7a8-a1d45a227569@group-F8E872DA5D61-LeaderElection10 ELECTION round 0: result PASSED (term=1)
2024-01-26 11:56:34,620 [0f734c5b-620a-4a31-a7a8-a1d45a227569@group-F8E872DA5D61-LeaderElection10] INFO  impl.RoleInfo (RoleInfo.java:shutdownLeaderElection(130)) - 0f734c5b-620a-4a31-a7a8-a1d45a227569: shutdown 0f734c5b-620a-4a31-a7a8-a1d45a227569@group-F8E872DA5D61-LeaderElection10
2024-01-26 11:56:34,620 [0f734c5b-620a-4a31-a7a8-a1d45a227569@group-F8E872DA5D61-LeaderElection10] INFO  server.RaftServer$Division (RaftServerImpl.java:setRole(383)) - 0f734c5b-620a-4a31-a7a8-a1d45a227569@group-F8E872DA5D61: changes role from CANDIDATE to LEADER at term 1 for changeToLeader
2024-01-26 11:56:34,620 [0f734c5b-620a-4a31-a7a8-a1d45a227569@group-F8E872DA5D61-LeaderElection10] INFO  server.RaftServerConfigKeys (ConfUtils.java:logGet(46)) - raft.server.staging.catchup.gap = 1000 (default)
2024-01-26 11:56:34,621 [0f734c5b-620a-4a31-a7a8-a1d45a227569@group-F8E872DA5D61-LeaderElection10] INFO  server.RaftServerConfigKeys (ConfUtils.java:logGet(46)) - raft.server.write.element-limit = 1024 (custom)
2024-01-26 11:56:34,621 [0f734c5b-620a-4a31-a7a8-a1d45a227569@group-F8E872DA5D61-LeaderElection10] INFO  server.RaftServerConfigKeys (ConfUtils.java:logGet(46)) - raft.server.write.byte-limit = 1024 M (=1073741824) (custom)
2024-01-26 11:56:34,621 [0f734c5b-620a-4a31-a7a8-a1d45a227569@group-F8E872DA5D61-LeaderElection10] INFO  server.RaftServerConfigKeys (ConfUtils.java:logGet(46)) - raft.server.watch.timeout = 180s (custom)
2024-01-26 11:56:34,621 [0f734c5b-620a-4a31-a7a8-a1d45a227569@group-F8E872DA5D61-LeaderElection10] INFO  server.RaftServerConfigKeys (ConfUtils.java:logGet(46)) - raft.server.watch.timeout.denomination = 1s (default)
2024-01-26 11:56:34,621 [0f734c5b-620a-4a31-a7a8-a1d45a227569@group-F8E872DA5D61-LeaderElection10] INFO  server.RaftServerConfigKeys (ConfUtils.java:logGet(46)) - raft.server.watch.element-limit = 65536 (default)
2024-01-26 11:56:34,622 [0f734c5b-620a-4a31-a7a8-a1d45a227569@group-F8E872DA5D61-LeaderElection10] INFO  server.RaftServerConfigKeys (ConfUtils.java:logGet(46)) - raft.server.read.leader.lease.enabled = false (default)
2024-01-26 11:56:34,622 [0f734c5b-620a-4a31-a7a8-a1d45a227569@group-F8E872DA5D61-LeaderElection10] INFO  server.RaftServerConfigKeys (ConfUtils.java:logGet(46)) - raft.server.read.leader.lease.timeout.ratio = 0.9 (default)
2024-01-26 11:56:34,622 [0f734c5b-620a-4a31-a7a8-a1d45a227569@group-F8E872DA5D61-LeaderElection10] INFO  server.RaftServerConfigKeys (ConfUtils.java:logGet(46)) - raft.server.rpc.timeout.min = 5s (custom)
2024-01-26 11:56:34,622 [0f734c5b-620a-4a31-a7a8-a1d45a227569@group-F8E872DA5D61-LeaderElection10] INFO  server.RaftServerConfigKeys (ConfUtils.java:logGet(46)) - raft.server.write.element-limit = 1024 (custom)
2024-01-26 11:56:34,622 [0f734c5b-620a-4a31-a7a8-a1d45a227569@group-F8E872DA5D61-LeaderElection10] INFO  server.RaftServerConfigKeys (ConfUtils.java:logGet(46)) - raft.server.write.follower.gap.ratio.max = -1.0 (default)
2024-01-26 11:56:34,622 [0f734c5b-620a-4a31-a7a8-a1d45a227569@group-F8E872DA5D61-LeaderElection10] INFO  impl.RoleInfo (RoleInfo.java:updateAndGet(139)) - 0f734c5b-620a-4a31-a7a8-a1d45a227569: start 0f734c5b-620a-4a31-a7a8-a1d45a227569@group-F8E872DA5D61-LeaderStateImpl
2024-01-26 11:56:34,622 [0f734c5b-620a-4a31-a7a8-a1d45a227569@group-F8E872DA5D61-LeaderElection10] INFO  server.RaftServer$Division (RaftServerImpl.java:setFirstElection(574)) - 0f734c5b-620a-4a31-a7a8-a1d45a227569@group-F8E872DA5D61: set firstElectionSinceStartup to false for becomeLeader
2024-01-26 11:56:34,622 [0f734c5b-620a-4a31-a7a8-a1d45a227569@group-F8E872DA5D61-LeaderElection10] INFO  ratis.XceiverServerRatis (XceiverServerRatis.java:handleLeaderChangedNotification(945)) - Leader change notification received for group: group-F8E872DA5D61 with new leaderId: 0f734c5b-620a-4a31-a7a8-a1d45a227569
2024-01-26 11:56:34,622 [0f734c5b-620a-4a31-a7a8-a1d45a227569@group-F8E872DA5D61-LeaderElection10] INFO  server.RaftServer$Division (ServerState.java:setLeader(269)) - 0f734c5b-620a-4a31-a7a8-a1d45a227569@group-F8E872DA5D61: change Leader from null to 0f734c5b-620a-4a31-a7a8-a1d45a227569 at term 1 for becomeLeader, leader elected after 5091ms
2024-01-26 11:56:34,623 [0f734c5b-620a-4a31-a7a8-a1d45a227569@group-F8E872DA5D61-LeaderElection10] INFO  segmented.SegmentedRaftLogWorker (SegmentedRaftLogWorker.java:startLogSegment(430)) - 0f734c5b-620a-4a31-a7a8-a1d45a227569@group-F8E872DA5D61-SegmentedRaftLogWorker: Starting segment from index:0
2024-01-26 11:56:34,623 [0f734c5b-620a-4a31-a7a8-a1d45a227569@group-F8E872DA5D61-LeaderElection10] INFO  server.RaftServer$Division (ServerState.java:setRaftConf(386)) - 0f734c5b-620a-4a31-a7a8-a1d45a227569@group-F8E872DA5D61: set configuration 0: peers:[0f734c5b-620a-4a31-a7a8-a1d45a227569|10.1.0.50:15049]|listeners:[], old=null
2024-01-26 11:56:34,626 [EventQueue-OpenPipelineForHealthyPipelineSafeModeRule] INFO  safemode.SCMSafeModeManager (HealthyPipelineSafeModeRule.java:process(140)) - SCM in safe mode. Healthy pipelines reported count is 0, required healthy pipeline reported count is 1
2024-01-26 11:56:34,624 [0f734c5b-620a-4a31-a7a8-a1d45a227569@group-F8E872DA5D61-SegmentedRaftLogWorker] INFO  segmented.BufferedWriteChannel (BufferedWriteChannel.java:open(62)) - open log_inprogress_0 at position 0
2024-01-26 11:56:34,629 [0f734c5b-620a-4a31-a7a8-a1d45a227569@group-EE265D257B52-FollowerState] INFO  impl.FollowerState (FollowerState.java:run(143)) - 0f734c5b-620a-4a31-a7a8-a1d45a227569@group-EE265D257B52-FollowerState: change to CANDIDATE, lastRpcElapsedTime:5067617541ns, electionTimeout:5067ms
2024-01-26 11:56:34,629 [0f734c5b-620a-4a31-a7a8-a1d45a227569@group-EE265D257B52-FollowerState] INFO  impl.RoleInfo (RoleInfo.java:shutdownFollowerState(110)) - 0f734c5b-620a-4a31-a7a8-a1d45a227569: shutdown 0f734c5b-620a-4a31-a7a8-a1d45a227569@group-EE265D257B52-FollowerState
2024-01-26 11:56:34,630 [0f734c5b-620a-4a31-a7a8-a1d45a227569@group-EE265D257B52-FollowerState] INFO  server.RaftServer$Division (RaftServerImpl.java:setRole(383)) - 0f734c5b-620a-4a31-a7a8-a1d45a227569@group-EE265D257B52: changes role from  FOLLOWER to CANDIDATE at term 0 for changeToCandidate
2024-01-26 11:56:34,630 [0f734c5b-620a-4a31-a7a8-a1d45a227569@group-EE265D257B52-FollowerState] INFO  server.RaftServerConfigKeys (ConfUtils.java:logGet(46)) - raft.server.leaderelection.pre-vote = true (default)
2024-01-26 11:56:34,630 [0f734c5b-620a-4a31-a7a8-a1d45a227569@group-EE265D257B52-FollowerState] INFO  impl.RoleInfo (RoleInfo.java:updateAndGet(139)) - 0f734c5b-620a-4a31-a7a8-a1d45a227569: start 0f734c5b-620a-4a31-a7a8-a1d45a227569@group-EE265D257B52-LeaderElection11
2024-01-26 11:56:34,633 [0f734c5b-620a-4a31-a7a8-a1d45a227569@group-EE265D257B52-LeaderElection11] INFO  impl.LeaderElection (LeaderElection.java:askForVotes(321)) - 0f734c5b-620a-4a31-a7a8-a1d45a227569@group-EE265D257B52-LeaderElection11 PRE_VOTE round 0: submit vote requests at term 0 for -1: peers:[b514b48b-a23c-4b35-9087-6efcb4999551|10.1.0.50:15067, 0f734c5b-620a-4a31-a7a8-a1d45a227569|10.1.0.50:15049, 9cb68909-d63b-4c8c-a8c2-d1f5498e35c0|10.1.0.50:15058]|listeners:[], old=null
2024-01-26 11:56:34,633 [0f734c5b-620a-4a31-a7a8-a1d45a227569@group-EE265D257B52-LeaderElection11] INFO  server.RaftServerConfigKeys (ConfUtils.java:logFallback(53)) - raft.server.rpc.first-election.timeout.min = 5s (fallback to raft.server.rpc.timeout.min)
2024-01-26 11:56:34,633 [0f734c5b-620a-4a31-a7a8-a1d45a227569@group-EE265D257B52-LeaderElection11] INFO  server.RaftServerConfigKeys (ConfUtils.java:logFallback(53)) - raft.server.rpc.first-election.timeout.max = 5200ms (fallback to raft.server.rpc.timeout.max)
2024-01-26 11:56:34,633 [0f734c5b-620a-4a31-a7a8-a1d45a227569@group-EE265D257B52-LeaderElection11-1] INFO  server.GrpcServerProtocolClient (GrpcServerProtocolClient.java:<init>(65)) - Build channel for b514b48b-a23c-4b35-9087-6efcb4999551|10.1.0.50:15067
2024-01-26 11:56:34,633 [0f734c5b-620a-4a31-a7a8-a1d45a227569@group-EE265D257B52-LeaderElection11-2] INFO  server.GrpcServerProtocolClient (GrpcServerProtocolClient.java:<init>(65)) - Build channel for 9cb68909-d63b-4c8c-a8c2-d1f5498e35c0|10.1.0.50:15058
2024-01-26 11:56:34,636 [0f734c5b-620a-4a31-a7a8-a1d45a227569@group-F8E872DA5D61-SegmentedRaftLogWorker] INFO  segmented.SegmentedRaftLogWorker (SegmentedRaftLogWorker.java:execute(634)) - 0f734c5b-620a-4a31-a7a8-a1d45a227569@group-F8E872DA5D61-SegmentedRaftLogWorker: created new log segment /home/runner/work/ozone/ozone/hadoop-ozone/integration-test/target/test-dir/MiniOzoneClusterImpl-47c92df5-8859-41b8-9f26-037451183754/datanode-0/data/ratis/17589509-4de3-43f7-b139-f8e872da5d61/current/log_inprogress_0
2024-01-26 11:56:34,638 [0f734c5b-620a-4a31-a7a8-a1d45a227569@group-F8E872DA5D61-StateMachineUpdater] INFO  server.RaftServer$Division (LeaderStateImpl.java:isApplied(320)) - leader is ready since appliedIndex == 0 >= startIndex == 0
2024-01-26 11:56:34,640 [9cb68909-d63b-4c8c-a8c2-d1f5498e35c0@group-EE265D257B52-FollowerState] INFO  impl.FollowerState (FollowerState.java:run(143)) - 9cb68909-d63b-4c8c-a8c2-d1f5498e35c0@group-EE265D257B52-FollowerState: change to CANDIDATE, lastRpcElapsedTime:5054511442ns, electionTimeout:5054ms
2024-01-26 11:56:34,640 [9cb68909-d63b-4c8c-a8c2-d1f5498e35c0@group-EE265D257B52-FollowerState] INFO  impl.RoleInfo (RoleInfo.java:shutdownFollowerState(110)) - 9cb68909-d63b-4c8c-a8c2-d1f5498e35c0: shutdown 9cb68909-d63b-4c8c-a8c2-d1f5498e35c0@group-EE265D257B52-FollowerState
2024-01-26 11:56:34,640 [9cb68909-d63b-4c8c-a8c2-d1f5498e35c0@group-EE265D257B52-FollowerState] INFO  server.RaftServer$Division (RaftServerImpl.java:setRole(383)) - 9cb68909-d63b-4c8c-a8c2-d1f5498e35c0@group-EE265D257B52: changes role from  FOLLOWER to CANDIDATE at term 0 for changeToCandidate
2024-01-26 11:56:34,641 [9cb68909-d63b-4c8c-a8c2-d1f5498e35c0@group-EE265D257B52-FollowerState] INFO  server.RaftServerConfigKeys (ConfUtils.java:logGet(46)) - raft.server.leaderelection.pre-vote = true (default)
2024-01-26 11:56:34,642 [9cb68909-d63b-4c8c-a8c2-d1f5498e35c0@group-EE265D257B52-FollowerState] INFO  impl.RoleInfo (RoleInfo.java:updateAndGet(139)) - 9cb68909-d63b-4c8c-a8c2-d1f5498e35c0: start 9cb68909-d63b-4c8c-a8c2-d1f5498e35c0@group-EE265D257B52-LeaderElection12
2024-01-26 11:56:34,645 [9cb68909-d63b-4c8c-a8c2-d1f5498e35c0@group-EE265D257B52-LeaderElection12] INFO  impl.LeaderElection (LeaderElection.java:askForVotes(321)) - 9cb68909-d63b-4c8c-a8c2-d1f5498e35c0@group-EE265D257B52-LeaderElection12 PRE_VOTE round 0: submit vote requests at term 0 for -1: peers:[b514b48b-a23c-4b35-9087-6efcb4999551|10.1.0.50:15067, 0f734c5b-620a-4a31-a7a8-a1d45a227569|10.1.0.50:15049, 9cb68909-d63b-4c8c-a8c2-d1f5498e35c0|10.1.0.50:15058]|listeners:[], old=null
2024-01-26 11:56:34,645 [grpc-default-executor-0] INFO  server.RaftServer$Division (RaftServerImpl.java:requestVote(1389)) - b514b48b-a23c-4b35-9087-6efcb4999551@group-EE265D257B52: receive requestVote(PRE_VOTE, 0f734c5b-620a-4a31-a7a8-a1d45a227569, group-EE265D257B52, 0, (t:0, i:0))
2024-01-26 11:56:34,645 [grpc-default-executor-0] INFO  impl.VoteContext (VoteContext.java:log(49)) - b514b48b-a23c-4b35-9087-6efcb4999551@group-EE265D257B52-FOLLOWER: accept PRE_VOTE from 0f734c5b-620a-4a31-a7a8-a1d45a227569: our priority 0 <= candidate's priority 0
2024-01-26 11:56:34,645 [grpc-default-executor-0] INFO  server.RaftServer$Division (RaftServerImpl.java:requestVote(1422)) - b514b48b-a23c-4b35-9087-6efcb4999551@group-EE265D257B52 replies to PRE_VOTE vote request: 0f734c5b-620a-4a31-a7a8-a1d45a227569<-b514b48b-a23c-4b35-9087-6efcb4999551#0:OK-t0. Peer's state: b514b48b-a23c-4b35-9087-6efcb4999551@group-EE265D257B52:t0, leader=null, voted=, raftlog=Memoized:b514b48b-a23c-4b35-9087-6efcb4999551@group-EE265D257B52-SegmentedRaftLog:OPENED:c-1, conf=-1: peers:[b514b48b-a23c-4b35-9087-6efcb4999551|10.1.0.50:15067, 0f734c5b-620a-4a31-a7a8-a1d45a227569|10.1.0.50:15049, 9cb68909-d63b-4c8c-a8c2-d1f5498e35c0|10.1.0.50:15058]|listeners:[], old=null
2024-01-26 11:56:34,645 [9cb68909-d63b-4c8c-a8c2-d1f5498e35c0@group-EE265D257B52-LeaderElection12-1] INFO  server.GrpcServerProtocolClient (GrpcServerProtocolClient.java:<init>(65)) - Build channel for b514b48b-a23c-4b35-9087-6efcb4999551|10.1.0.50:15067
2024-01-26 11:56:34,646 [9cb68909-d63b-4c8c-a8c2-d1f5498e35c0@group-EE265D257B52-LeaderElection12] INFO  server.RaftServerConfigKeys (ConfUtils.java:logFallback(53)) - raft.server.rpc.first-election.timeout.min = 5s (fallback to raft.server.rpc.timeout.min)
2024-01-26 11:56:34,646 [9cb68909-d63b-4c8c-a8c2-d1f5498e35c0@group-EE265D257B52-LeaderElection12] INFO  server.RaftServerConfigKeys (ConfUtils.java:logFallback(53)) - raft.server.rpc.first-election.timeout.max = 5200ms (fallback to raft.server.rpc.timeout.max)
2024-01-26 11:56:34,652 [9cb68909-d63b-4c8c-a8c2-d1f5498e35c0@group-EE265D257B52-LeaderElection12-2] INFO  server.GrpcServerProtocolClient (GrpcServerProtocolClient.java:<init>(65)) - Build channel for 0f734c5b-620a-4a31-a7a8-a1d45a227569|10.1.0.50:15049
2024-01-26 11:56:34,652 [grpc-default-executor-2] INFO  server.RaftServer$Division (RaftServerImpl.java:requestVote(1389)) - 9cb68909-d63b-4c8c-a8c2-d1f5498e35c0@group-EE265D257B52: receive requestVote(PRE_VOTE, 0f734c5b-620a-4a31-a7a8-a1d45a227569, group-EE265D257B52, 0, (t:0, i:0))
2024-01-26 11:56:34,653 [grpc-default-executor-2] INFO  impl.VoteContext (VoteContext.java:log(49)) - 9cb68909-d63b-4c8c-a8c2-d1f5498e35c0@group-EE265D257B52-CANDIDATE: reject PRE_VOTE from 0f734c5b-620a-4a31-a7a8-a1d45a227569: our priority 1 > candidate's priority 0
2024-01-26 11:56:34,653 [grpc-default-executor-2] INFO  server.RaftServer$Division (RaftServerImpl.java:requestVote(1422)) - 9cb68909-d63b-4c8c-a8c2-d1f5498e35c0@group-EE265D257B52 replies to PRE_VOTE vote request: 0f734c5b-620a-4a31-a7a8-a1d45a227569<-9cb68909-d63b-4c8c-a8c2-d1f5498e35c0#0:FAIL-t0. Peer's state: 9cb68909-d63b-4c8c-a8c2-d1f5498e35c0@group-EE265D257B52:t0, leader=null, voted=, raftlog=Memoized:9cb68909-d63b-4c8c-a8c2-d1f5498e35c0@group-EE265D257B52-SegmentedRaftLog:OPENED:c-1, conf=-1: peers:[b514b48b-a23c-4b35-9087-6efcb4999551|10.1.0.50:15067, 0f734c5b-620a-4a31-a7a8-a1d45a227569|10.1.0.50:15049, 9cb68909-d63b-4c8c-a8c2-d1f5498e35c0|10.1.0.50:15058]|listeners:[], old=null
2024-01-26 11:56:34,654 [0f734c5b-620a-4a31-a7a8-a1d45a227569@group-EE265D257B52-LeaderElection11] INFO  impl.LeaderElection (LeaderElection.java:logAndReturn(89)) - 0f734c5b-620a-4a31-a7a8-a1d45a227569@group-EE265D257B52-LeaderElection11: PRE_VOTE REJECTED received 2 response(s) and 0 exception(s):
2024-01-26 11:56:34,654 [0f734c5b-620a-4a31-a7a8-a1d45a227569@group-EE265D257B52-LeaderElection11] INFO  impl.LeaderElection (LeaderElection.java:logAndReturn(93)) -   Response 0: 0f734c5b-620a-4a31-a7a8-a1d45a227569<-b514b48b-a23c-4b35-9087-6efcb4999551#0:OK-t0
2024-01-26 11:56:34,654 [0f734c5b-620a-4a31-a7a8-a1d45a227569@group-EE265D257B52-LeaderElection11] INFO  impl.LeaderElection (LeaderElection.java:logAndReturn(93)) -   Response 1: 0f734c5b-620a-4a31-a7a8-a1d45a227569<-9cb68909-d63b-4c8c-a8c2-d1f5498e35c0#0:FAIL-t0
2024-01-26 11:56:34,654 [0f734c5b-620a-4a31-a7a8-a1d45a227569@group-EE265D257B52-LeaderElection11] INFO  impl.LeaderElection (LeaderElection.java:askForVotes(323)) - 0f734c5b-620a-4a31-a7a8-a1d45a227569@group-EE265D257B52-LeaderElection11 PRE_VOTE round 0: result REJECTED
2024-01-26 11:56:34,654 [0f734c5b-620a-4a31-a7a8-a1d45a227569@group-EE265D257B52-LeaderElection11] INFO  server.RaftServer$Division (RaftServerImpl.java:setRole(383)) - 0f734c5b-620a-4a31-a7a8-a1d45a227569@group-EE265D257B52: changes role from CANDIDATE to FOLLOWER at term 0 for REJECTED
2024-01-26 11:56:34,654 [0f734c5b-620a-4a31-a7a8-a1d45a227569@group-EE265D257B52-LeaderElection11] INFO  impl.RoleInfo (RoleInfo.java:shutdownLeaderElection(130)) - 0f734c5b-620a-4a31-a7a8-a1d45a227569: shutdown 0f734c5b-620a-4a31-a7a8-a1d45a227569@group-EE265D257B52-LeaderElection11
2024-01-26 11:56:34,654 [0f734c5b-620a-4a31-a7a8-a1d45a227569@group-EE265D257B52-LeaderElection11] INFO  impl.RoleInfo (RoleInfo.java:updateAndGet(139)) - 0f734c5b-620a-4a31-a7a8-a1d45a227569: start 0f734c5b-620a-4a31-a7a8-a1d45a227569@group-EE265D257B52-FollowerState
2024-01-26 11:56:34,656 [0f734c5b-620a-4a31-a7a8-a1d45a227569@group-EE265D257B52-LeaderElection11] INFO  server.RaftServer$Division (RaftServerImpl.java:setFirstElection(574)) - 0f734c5b-620a-4a31-a7a8-a1d45a227569@group-EE265D257B52: set firstElectionSinceStartup to false for REJECTED
2024-01-26 11:56:34,659 [grpc-default-executor-0] INFO  server.RaftServer$Division (RaftServerImpl.java:requestVote(1389)) - b514b48b-a23c-4b35-9087-6efcb4999551@group-EE265D257B52: receive requestVote(PRE_VOTE, 9cb68909-d63b-4c8c-a8c2-d1f5498e35c0, group-EE265D257B52, 0, (t:0, i:0))
2024-01-26 11:56:34,659 [grpc-default-executor-0] INFO  impl.VoteContext (VoteContext.java:log(49)) - b514b48b-a23c-4b35-9087-6efcb4999551@group-EE265D257B52-FOLLOWER: accept PRE_VOTE from 9cb68909-d63b-4c8c-a8c2-d1f5498e35c0: our priority 0 <= candidate's priority 1
2024-01-26 11:56:34,659 [grpc-default-executor-0] INFO  server.RaftServer$Division (RaftServerImpl.java:requestVote(1422)) - b514b48b-a23c-4b35-9087-6efcb4999551@group-EE265D257B52 replies to PRE_VOTE vote request: 9cb68909-d63b-4c8c-a8c2-d1f5498e35c0<-b514b48b-a23c-4b35-9087-6efcb4999551#0:OK-t0. Peer's state: b514b48b-a23c-4b35-9087-6efcb4999551@group-EE265D257B52:t0, leader=null, voted=, raftlog=Memoized:b514b48b-a23c-4b35-9087-6efcb4999551@group-EE265D257B52-SegmentedRaftLog:OPENED:c-1, conf=-1: peers:[b514b48b-a23c-4b35-9087-6efcb4999551|10.1.0.50:15067, 0f734c5b-620a-4a31-a7a8-a1d45a227569|10.1.0.50:15049, 9cb68909-d63b-4c8c-a8c2-d1f5498e35c0|10.1.0.50:15058]|listeners:[], old=null
2024-01-26 11:56:34,660 [grpc-default-executor-2] INFO  server.RaftServer$Division (RaftServerImpl.java:requestVote(1389)) - 0f734c5b-620a-4a31-a7a8-a1d45a227569@group-EE265D257B52: receive requestVote(PRE_VOTE, 9cb68909-d63b-4c8c-a8c2-d1f5498e35c0, group-EE265D257B52, 0, (t:0, i:0))
2024-01-26 11:56:34,660 [grpc-default-executor-2] INFO  impl.VoteContext (VoteContext.java:log(49)) - 0f734c5b-620a-4a31-a7a8-a1d45a227569@group-EE265D257B52-FOLLOWER: accept PRE_VOTE from 9cb68909-d63b-4c8c-a8c2-d1f5498e35c0: our priority 0 <= candidate's priority 1
2024-01-26 11:56:34,660 [grpc-default-executor-2] INFO  server.RaftServer$Division (RaftServerImpl.java:requestVote(1422)) - 0f734c5b-620a-4a31-a7a8-a1d45a227569@group-EE265D257B52 replies to PRE_VOTE vote request: 9cb68909-d63b-4c8c-a8c2-d1f5498e35c0<-0f734c5b-620a-4a31-a7a8-a1d45a227569#0:OK-t0. Peer's state: 0f734c5b-620a-4a31-a7a8-a1d45a227569@group-EE265D257B52:t0, leader=null, voted=, raftlog=Memoized:0f734c5b-620a-4a31-a7a8-a1d45a227569@group-EE265D257B52-SegmentedRaftLog:OPENED:c-1, conf=-1: peers:[b514b48b-a23c-4b35-9087-6efcb4999551|10.1.0.50:15067, 0f734c5b-620a-4a31-a7a8-a1d45a227569|10.1.0.50:15049, 9cb68909-d63b-4c8c-a8c2-d1f5498e35c0|10.1.0.50:15058]|listeners:[], old=null
2024-01-26 11:56:34,661 [9cb68909-d63b-4c8c-a8c2-d1f5498e35c0@group-EE265D257B52-LeaderElection12] INFO  impl.LeaderElection (LeaderElection.java:logAndReturn(89)) - 9cb68909-d63b-4c8c-a8c2-d1f5498e35c0@group-EE265D257B52-LeaderElection12: PRE_VOTE PASSED received 1 response(s) and 0 exception(s):
2024-01-26 11:56:34,661 [9cb68909-d63b-4c8c-a8c2-d1f5498e35c0@group-EE265D257B52-LeaderElection12] INFO  impl.LeaderElection (LeaderElection.java:logAndReturn(93)) -   Response 0: 9cb68909-d63b-4c8c-a8c2-d1f5498e35c0<-0f734c5b-620a-4a31-a7a8-a1d45a227569#0:OK-t0
2024-01-26 11:56:34,661 [9cb68909-d63b-4c8c-a8c2-d1f5498e35c0@group-EE265D257B52-LeaderElection12] INFO  impl.LeaderElection (LeaderElection.java:askForVotes(323)) - 9cb68909-d63b-4c8c-a8c2-d1f5498e35c0@group-EE265D257B52-LeaderElection12 PRE_VOTE round 0: result PASSED
2024-01-26 11:56:34,663 [9cb68909-d63b-4c8c-a8c2-d1f5498e35c0@group-EE265D257B52-LeaderElection12] INFO  impl.LeaderElection (LeaderElection.java:askForVotes(321)) - 9cb68909-d63b-4c8c-a8c2-d1f5498e35c0@group-EE265D257B52-LeaderElection12 ELECTION round 0: submit vote requests at term 1 for -1: peers:[b514b48b-a23c-4b35-9087-6efcb4999551|10.1.0.50:15067, 0f734c5b-620a-4a31-a7a8-a1d45a227569|10.1.0.50:15049, 9cb68909-d63b-4c8c-a8c2-d1f5498e35c0|10.1.0.50:15058]|listeners:[], old=null
2024-01-26 11:56:34,663 [9cb68909-d63b-4c8c-a8c2-d1f5498e35c0@group-EE265D257B52-LeaderElection12] INFO  server.RaftServerConfigKeys (ConfUtils.java:logFallback(53)) - raft.server.rpc.first-election.timeout.min = 5s (fallback to raft.server.rpc.timeout.min)
2024-01-26 11:56:34,663 [9cb68909-d63b-4c8c-a8c2-d1f5498e35c0@group-EE265D257B52-LeaderElection12] INFO  server.RaftServerConfigKeys (ConfUtils.java:logFallback(53)) - raft.server.rpc.first-election.timeout.max = 5200ms (fallback to raft.server.rpc.timeout.max)
2024-01-26 11:56:34,664 [grpc-default-executor-2] INFO  server.RaftServer$Division (RaftServerImpl.java:requestVote(1389)) - b514b48b-a23c-4b35-9087-6efcb4999551@group-EE265D257B52: receive requestVote(ELECTION, 9cb68909-d63b-4c8c-a8c2-d1f5498e35c0, group-EE265D257B52, 1, (t:0, i:0))
2024-01-26 11:56:34,664 [grpc-default-executor-0] INFO  server.RaftServer$Division (RaftServerImpl.java:requestVote(1389)) - 0f734c5b-620a-4a31-a7a8-a1d45a227569@group-EE265D257B52: receive requestVote(ELECTION, 9cb68909-d63b-4c8c-a8c2-d1f5498e35c0, group-EE265D257B52, 1, (t:0, i:0))
2024-01-26 11:56:34,664 [grpc-default-executor-0] INFO  impl.VoteContext (VoteContext.java:log(49)) - 0f734c5b-620a-4a31-a7a8-a1d45a227569@group-EE265D257B52-FOLLOWER: accept ELECTION from 9cb68909-d63b-4c8c-a8c2-d1f5498e35c0: our priority 0 <= candidate's priority 1
2024-01-26 11:56:34,665 [grpc-default-executor-0] INFO  server.RaftServer$Division (RaftServerImpl.java:setRole(383)) - 0f734c5b-620a-4a31-a7a8-a1d45a227569@group-EE265D257B52: changes role from  FOLLOWER to FOLLOWER at term 1 for candidate:9cb68909-d63b-4c8c-a8c2-d1f5498e35c0
2024-01-26 11:56:34,665 [grpc-default-executor-0] INFO  impl.RoleInfo (RoleInfo.java:shutdownFollowerState(110)) - 0f734c5b-620a-4a31-a7a8-a1d45a227569: shutdown 0f734c5b-620a-4a31-a7a8-a1d45a227569@group-EE265D257B52-FollowerState
2024-01-26 11:56:34,665 [grpc-default-executor-0] INFO  impl.RoleInfo (RoleInfo.java:updateAndGet(139)) - 0f734c5b-620a-4a31-a7a8-a1d45a227569: start 0f734c5b-620a-4a31-a7a8-a1d45a227569@group-EE265D257B52-FollowerState
2024-01-26 11:56:34,665 [grpc-default-executor-2] INFO  impl.VoteContext (VoteContext.java:log(49)) - b514b48b-a23c-4b35-9087-6efcb4999551@group-EE265D257B52-FOLLOWER: accept ELECTION from 9cb68909-d63b-4c8c-a8c2-d1f5498e35c0: our priority 0 <= candidate's priority 1
2024-01-26 11:56:34,665 [grpc-default-executor-2] INFO  server.RaftServer$Division (RaftServerImpl.java:setRole(383)) - b514b48b-a23c-4b35-9087-6efcb4999551@group-EE265D257B52: changes role from  FOLLOWER to FOLLOWER at term 1 for candidate:9cb68909-d63b-4c8c-a8c2-d1f5498e35c0
2024-01-26 11:56:34,666 [grpc-default-executor-2] INFO  impl.RoleInfo (RoleInfo.java:shutdownFollowerState(110)) - b514b48b-a23c-4b35-9087-6efcb4999551: shutdown b514b48b-a23c-4b35-9087-6efcb4999551@group-EE265D257B52-FollowerState
2024-01-26 11:56:34,666 [grpc-default-executor-2] INFO  impl.RoleInfo (RoleInfo.java:updateAndGet(139)) - b514b48b-a23c-4b35-9087-6efcb4999551: start b514b48b-a23c-4b35-9087-6efcb4999551@group-EE265D257B52-FollowerState
2024-01-26 11:56:34,665 [0f734c5b-620a-4a31-a7a8-a1d45a227569@group-EE265D257B52-FollowerState] INFO  impl.FollowerState (FollowerState.java:run(152)) - 0f734c5b-620a-4a31-a7a8-a1d45a227569@group-EE265D257B52-FollowerState was interrupted
2024-01-26 11:56:34,666 [b514b48b-a23c-4b35-9087-6efcb4999551@group-EE265D257B52-FollowerState] INFO  impl.FollowerState (FollowerState.java:run(152)) - b514b48b-a23c-4b35-9087-6efcb4999551@group-EE265D257B52-FollowerState was interrupted
2024-01-26 11:56:34,666 [grpc-default-executor-0] INFO  server.RaftServer$Division (RaftServerImpl.java:requestVote(1422)) - 0f734c5b-620a-4a31-a7a8-a1d45a227569@group-EE265D257B52 replies to ELECTION vote request: 9cb68909-d63b-4c8c-a8c2-d1f5498e35c0<-0f734c5b-620a-4a31-a7a8-a1d45a227569#0:OK-t1. Peer's state: 0f734c5b-620a-4a31-a7a8-a1d45a227569@group-EE265D257B52:t1, leader=null, voted=9cb68909-d63b-4c8c-a8c2-d1f5498e35c0, raftlog=Memoized:0f734c5b-620a-4a31-a7a8-a1d45a227569@group-EE265D257B52-SegmentedRaftLog:OPENED:c-1, conf=-1: peers:[b514b48b-a23c-4b35-9087-6efcb4999551|10.1.0.50:15067, 0f734c5b-620a-4a31-a7a8-a1d45a227569|10.1.0.50:15049, 9cb68909-d63b-4c8c-a8c2-d1f5498e35c0|10.1.0.50:15058]|listeners:[], old=null
2024-01-26 11:56:34,669 [grpc-default-executor-2] INFO  server.RaftServer$Division (RaftServerImpl.java:setFirstElection(574)) - b514b48b-a23c-4b35-9087-6efcb4999551@group-EE265D257B52: set firstElectionSinceStartup to false for candidate:9cb68909-d63b-4c8c-a8c2-d1f5498e35c0
2024-01-26 11:56:34,670 [9cb68909-d63b-4c8c-a8c2-d1f5498e35c0@group-EE265D257B52-LeaderElection12] INFO  impl.LeaderElection (LeaderElection.java:logAndReturn(89)) - 9cb68909-d63b-4c8c-a8c2-d1f5498e35c0@group-EE265D257B52-LeaderElection12: ELECTION PASSED received 1 response(s) and 0 exception(s):
2024-01-26 11:56:34,670 [9cb68909-d63b-4c8c-a8c2-d1f5498e35c0@group-EE265D257B52-LeaderElection12] INFO  impl.LeaderElection (LeaderElection.java:logAndReturn(93)) -   Response 0: 9cb68909-d63b-4c8c-a8c2-d1f5498e35c0<-0f734c5b-620a-4a31-a7a8-a1d45a227569#0:OK-t1
2024-01-26 11:56:34,670 [grpc-default-executor-2] INFO  server.RaftServer$Division (RaftServerImpl.java:requestVote(1422)) - b514b48b-a23c-4b35-9087-6efcb4999551@group-EE265D257B52 replies to ELECTION vote request: 9cb68909-d63b-4c8c-a8c2-d1f5498e35c0<-b514b48b-a23c-4b35-9087-6efcb4999551#0:OK-t1. Peer's state: b514b48b-a23c-4b35-9087-6efcb4999551@group-EE265D257B52:t1, leader=null, voted=9cb68909-d63b-4c8c-a8c2-d1f5498e35c0, raftlog=Memoized:b514b48b-a23c-4b35-9087-6efcb4999551@group-EE265D257B52-SegmentedRaftLog:OPENED:c-1, conf=-1: peers:[b514b48b-a23c-4b35-9087-6efcb4999551|10.1.0.50:15067, 0f734c5b-620a-4a31-a7a8-a1d45a227569|10.1.0.50:15049, 9cb68909-d63b-4c8c-a8c2-d1f5498e35c0|10.1.0.50:15058]|listeners:[], old=null
2024-01-26 11:56:34,671 [9cb68909-d63b-4c8c-a8c2-d1f5498e35c0@group-EE265D257B52-LeaderElection12] INFO  impl.LeaderElection (LeaderElection.java:askForVotes(323)) - 9cb68909-d63b-4c8c-a8c2-d1f5498e35c0@group-EE265D257B52-LeaderElection12 ELECTION round 0: result PASSED
2024-01-26 11:56:34,671 [9cb68909-d63b-4c8c-a8c2-d1f5498e35c0@group-EE265D257B52-LeaderElection12] INFO  impl.RoleInfo (RoleInfo.java:shutdownLeaderElection(130)) - 9cb68909-d63b-4c8c-a8c2-d1f5498e35c0: shutdown 9cb68909-d63b-4c8c-a8c2-d1f5498e35c0@group-EE265D257B52-LeaderElection12
2024-01-26 11:56:34,671 [9cb68909-d63b-4c8c-a8c2-d1f5498e35c0@group-EE265D257B52-LeaderElection12] INFO  server.RaftServer$Division (RaftServerImpl.java:setRole(383)) - 9cb68909-d63b-4c8c-a8c2-d1f5498e35c0@group-EE265D257B52: changes role from CANDIDATE to LEADER at term 1 for changeToLeader
2024-01-26 11:56:34,671 [9cb68909-d63b-4c8c-a8c2-d1f5498e35c0@group-EE265D257B52-LeaderElection12] INFO  server.RaftServerConfigKeys (ConfUtils.java:logGet(46)) - raft.server.staging.catchup.gap = 1000 (default)
2024-01-26 11:56:34,671 [9cb68909-d63b-4c8c-a8c2-d1f5498e35c0@group-EE265D257B52-LeaderElection12] INFO  server.RaftServerConfigKeys (ConfUtils.java:logGet(46)) - raft.server.write.element-limit = 1024 (custom)
2024-01-26 11:56:34,671 [9cb68909-d63b-4c8c-a8c2-d1f5498e35c0@group-EE265D257B52-LeaderElection12] INFO  server.RaftServerConfigKeys (ConfUtils.java:logGet(46)) - raft.server.write.byte-limit = 1024 M (=1073741824) (custom)
2024-01-26 11:56:34,671 [9cb68909-d63b-4c8c-a8c2-d1f5498e35c0@group-EE265D257B52-LeaderElection12] INFO  server.RaftServerConfigKeys (ConfUtils.java:logGet(46)) - raft.server.watch.timeout = 180s (custom)
2024-01-26 11:56:34,672 [9cb68909-d63b-4c8c-a8c2-d1f5498e35c0@group-EE265D257B52-LeaderElection12] INFO  server.RaftServerConfigKeys (ConfUtils.java:logGet(46)) - raft.server.watch.timeout.denomination = 1s (default)
2024-01-26 11:56:34,672 [9cb68909-d63b-4c8c-a8c2-d1f5498e35c0@group-EE265D257B52-LeaderElection12] INFO  server.RaftServerConfigKeys (ConfUtils.java:logGet(46)) - raft.server.watch.element-limit = 65536 (default)
2024-01-26 11:56:34,672 [9cb68909-d63b-4c8c-a8c2-d1f5498e35c0@group-EE265D257B52-LeaderElection12] INFO  server.RaftServerConfigKeys (ConfUtils.java:logGet(46)) - raft.server.read.leader.lease.enabled = false (default)
2024-01-26 11:56:34,672 [9cb68909-d63b-4c8c-a8c2-d1f5498e35c0@group-EE265D257B52-LeaderElection12] INFO  server.RaftServerConfigKeys (ConfUtils.java:logGet(46)) - raft.server.read.leader.lease.timeout.ratio = 0.9 (default)
2024-01-26 11:56:34,672 [9cb68909-d63b-4c8c-a8c2-d1f5498e35c0@group-EE265D257B52-LeaderElection12] INFO  server.RaftServerConfigKeys (ConfUtils.java:logGet(46)) - raft.server.rpc.timeout.min = 5s (custom)
2024-01-26 11:56:34,672 [9cb68909-d63b-4c8c-a8c2-d1f5498e35c0@group-EE265D257B52-LeaderElection12] INFO  server.RaftServerConfigKeys (ConfUtils.java:logGet(46)) - raft.server.write.element-limit = 1024 (custom)
2024-01-26 11:56:34,672 [9cb68909-d63b-4c8c-a8c2-d1f5498e35c0@group-EE265D257B52-LeaderElection12] INFO  server.RaftServerConfigKeys (ConfUtils.java:logGet(46)) - raft.server.write.follower.gap.ratio.max = -1.0 (default)
2024-01-26 11:56:34,673 [9cb68909-d63b-4c8c-a8c2-d1f5498e35c0@group-EE265D257B52-LeaderElection12] INFO  server.RaftServerConfigKeys (ConfUtils.java:logGet(46)) - raft.server.log.appender.snapshot.chunk.size.max = 16MB (=16777216) (default)
2024-01-26 11:56:34,673 [9cb68909-d63b-4c8c-a8c2-d1f5498e35c0@group-EE265D257B52-LeaderElection12] INFO  server.RaftServerConfigKeys (ConfUtils.java:logGet(46)) - raft.server.log.appender.buffer.byte-limit = 8388608 (custom)
2024-01-26 11:56:34,673 [9cb68909-d63b-4c8c-a8c2-d1f5498e35c0@group-EE265D257B52-LeaderElection12] INFO  server.RaftServerConfigKeys (ConfUtils.java:logGet(46)) - raft.server.log.appender.buffer.element-limit = 1 (custom)
2024-01-26 11:56:34,673 [9cb68909-d63b-4c8c-a8c2-d1f5498e35c0@group-EE265D257B52-LeaderElection12] INFO  server.RaftServerConfigKeys (ConfUtils.java:logGet(46)) - raft.server.log.appender.wait-time.min = 0μs (custom)
2024-01-26 11:56:34,673 [9cb68909-d63b-4c8c-a8c2-d1f5498e35c0@group-EE265D257B52-LeaderElection12] INFO  grpc.GrpcConfigKeys (ConfUtils.java:logGet(46)) - raft.grpc.server.leader.outstanding.appends.max = 8 (default)
2024-01-26 11:56:34,673 [9cb68909-d63b-4c8c-a8c2-d1f5498e35c0@group-EE265D257B52-LeaderElection12] INFO  server.RaftServerConfigKeys (ConfUtils.java:logGet(46)) - raft.server.rpc.request.timeout = 60s (custom)
2024-01-26 11:56:34,673 [9cb68909-d63b-4c8c-a8c2-d1f5498e35c0@group-EE265D257B52-LeaderElection12] INFO  grpc.GrpcConfigKeys (ConfUtils.java:logGet(46)) - raft.grpc.server.install_snapshot.request.element-limit = 8 (default)
2024-01-26 11:56:34,673 [9cb68909-d63b-4c8c-a8c2-d1f5498e35c0@group-EE265D257B52-LeaderElection12] INFO  grpc.GrpcConfigKeys (ConfUtils.java:logGet(46)) - raft.grpc.server.install_snapshot.request.timeout = 3000ms (default)
2024-01-26 11:56:34,673 [9cb68909-d63b-4c8c-a8c2-d1f5498e35c0@group-EE265D257B52-LeaderElection12] INFO  grpc.GrpcConfigKeys (ConfUtils.java:logGet(46)) - raft.grpc.server.log-message.batch.duration = 5s (default)
2024-01-26 11:56:34,673 [9cb68909-d63b-4c8c-a8c2-d1f5498e35c0@group-EE265D257B52-LeaderElection12] INFO  server.RaftServerConfigKeys (ConfUtils.java:logGet(46)) - raft.server.log.appender.install.snapshot.enabled = false (custom)
2024-01-26 11:56:34,674 [9cb68909-d63b-4c8c-a8c2-d1f5498e35c0@group-EE265D257B52-LeaderElection12] INFO  grpc.GrpcConfigKeys (ConfUtils.java:logGet(46)) - raft.grpc.server.heartbeat.channel = true (default)
2024-01-26 11:56:34,674 [9cb68909-d63b-4c8c-a8c2-d1f5498e35c0@group-EE265D257B52-LeaderElection12] INFO  server.RaftServerConfigKeys (ConfUtils.java:logGet(46)) - raft.server.log.appender.snapshot.chunk.size.max = 16MB (=16777216) (default)
2024-01-26 11:56:34,674 [9cb68909-d63b-4c8c-a8c2-d1f5498e35c0@group-EE265D257B52-LeaderElection12] INFO  server.RaftServerConfigKeys (ConfUtils.java:logGet(46)) - raft.server.log.appender.buffer.byte-limit = 8388608 (custom)
2024-01-26 11:56:34,675 [9cb68909-d63b-4c8c-a8c2-d1f5498e35c0@group-EE265D257B52-LeaderElection12] INFO  server.RaftServerConfigKeys (ConfUtils.java:logGet(46)) - raft.server.log.appender.buffer.element-limit = 1 (custom)
2024-01-26 11:56:34,675 [9cb68909-d63b-4c8c-a8c2-d1f5498e35c0@group-EE265D257B52-LeaderElection12] INFO  server.RaftServerConfigKeys (ConfUtils.java:logGet(46)) - raft.server.log.appender.wait-time.min = 0μs (custom)
2024-01-26 11:56:34,675 [9cb68909-d63b-4c8c-a8c2-d1f5498e35c0@group-EE265D257B52-LeaderElection12] INFO  grpc.GrpcConfigKeys (ConfUtils.java:logGet(46)) - raft.grpc.server.leader.outstanding.appends.max = 8 (default)
2024-01-26 11:56:34,675 [9cb68909-d63b-4c8c-a8c2-d1f5498e35c0@group-EE265D257B52-LeaderElection12] INFO  server.RaftServerConfigKeys (ConfUtils.java:logGet(46)) - raft.server.rpc.request.timeout = 60s (custom)
2024-01-26 11:56:34,675 [9cb68909-d63b-4c8c-a8c2-d1f5498e35c0@group-EE265D257B52-LeaderElection12] INFO  grpc.GrpcConfigKeys (ConfUtils.java:logGet(46)) - raft.grpc.server.install_snapshot.request.element-limit = 8 (default)
2024-01-26 11:56:34,675 [9cb68909-d63b-4c8c-a8c2-d1f5498e35c0@group-EE265D257B52-LeaderElection12] INFO  grpc.GrpcConfigKeys (ConfUtils.java:logGet(46)) - raft.grpc.server.install_snapshot.request.timeout = 3000ms (default)
2024-01-26 11:56:34,675 [9cb68909-d63b-4c8c-a8c2-d1f5498e35c0@group-EE265D257B52-LeaderElection12] INFO  grpc.GrpcConfigKeys (ConfUtils.java:logGet(46)) - raft.grpc.server.log-message.batch.duration = 5s (default)
2024-01-26 11:56:34,675 [9cb68909-d63b-4c8c-a8c2-d1f5498e35c0@group-EE265D257B52-LeaderElection12] INFO  server.RaftServerConfigKeys (ConfUtils.java:logGet(46)) - raft.server.log.appender.install.snapshot.enabled = false (custom)
2024-01-26 11:56:34,675 [9cb68909-d63b-4c8c-a8c2-d1f5498e35c0@group-EE265D257B52-LeaderElection12] INFO  grpc.GrpcConfigKeys (ConfUtils.java:logGet(46)) - raft.grpc.server.heartbeat.channel = true (default)
2024-01-26 11:56:34,675 [9cb68909-d63b-4c8c-a8c2-d1f5498e35c0@group-EE265D257B52-LeaderElection12] INFO  impl.RoleInfo (RoleInfo.java:updateAndGet(139)) - 9cb68909-d63b-4c8c-a8c2-d1f5498e35c0: start 9cb68909-d63b-4c8c-a8c2-d1f5498e35c0@group-EE265D257B52-LeaderStateImpl
2024-01-26 11:56:34,676 [9cb68909-d63b-4c8c-a8c2-d1f5498e35c0@group-EE265D257B52-LeaderElection12] INFO  server.RaftServer$Division (RaftServerImpl.java:setFirstElection(574)) - 9cb68909-d63b-4c8c-a8c2-d1f5498e35c0@group-EE265D257B52: set firstElectionSinceStartup to false for becomeLeader
2024-01-26 11:56:34,676 [9cb68909-d63b-4c8c-a8c2-d1f5498e35c0@group-EE265D257B52-LeaderElection12] INFO  ratis.XceiverServerRatis (XceiverServerRatis.java:handleLeaderChangedNotification(945)) - Leader change notification received for group: group-EE265D257B52 with new leaderId: 9cb68909-d63b-4c8c-a8c2-d1f5498e35c0
2024-01-26 11:56:34,677 [9cb68909-d63b-4c8c-a8c2-d1f5498e35c0@group-EE265D257B52-LeaderElection12] INFO  server.RaftServer$Division (ServerState.java:setLeader(269)) - 9cb68909-d63b-4c8c-a8c2-d1f5498e35c0@group-EE265D257B52: change Leader from null to 9cb68909-d63b-4c8c-a8c2-d1f5498e35c0 at term 1 for becomeLeader, leader elected after 5101ms
2024-01-26 11:56:34,678 [9cb68909-d63b-4c8c-a8c2-d1f5498e35c0@group-EE265D257B52-LeaderElection12] INFO  segmented.SegmentedRaftLogWorker (SegmentedRaftLogWorker.java:startLogSegment(430)) - 9cb68909-d63b-4c8c-a8c2-d1f5498e35c0@group-EE265D257B52-SegmentedRaftLogWorker: Starting segment from index:0
2024-01-26 11:56:34,679 [9cb68909-d63b-4c8c-a8c2-d1f5498e35c0@group-EE265D257B52-SegmentedRaftLogWorker] INFO  segmented.BufferedWriteChannel (BufferedWriteChannel.java:open(62)) - open log_inprogress_0 at position 0
2024-01-26 11:56:34,679 [EventQueue-PipelineReportForPipelineReportHandler] INFO  pipeline.PipelineReportHandler (PipelineReportHandler.java:processPipelineReport(136)) - Opened pipeline PipelineID=003d7111-6c20-4dd4-941b-ee265d257b52
2024-01-26 11:56:34,679 [EventQueue-OpenPipelineForHealthyPipelineSafeModeRule] INFO  safemode.SCMSafeModeManager (HealthyPipelineSafeModeRule.java:process(140)) - SCM in safe mode. Healthy pipelines reported count is 1, required healthy pipeline reported count is 1
2024-01-26 11:56:34,679 [EventQueue-OpenPipelineForHealthyPipelineSafeModeRule] INFO  safemode.SCMSafeModeManager (SCMSafeModeManager.java:validateSafeModeExitRules(200)) - HealthyPipelineSafeModeRule rule is successfully validated
2024-01-26 11:56:34,679 [EventQueue-OpenPipelineForHealthyPipelineSafeModeRule] INFO  safemode.SCMSafeModeManager (SCMSafeModeManager.java:validateSafeModeExitRules(215)) - ScmSafeModeManager, all rules are successfully validated
2024-01-26 11:56:34,679 [EventQueue-OpenPipelineForHealthyPipelineSafeModeRule] INFO  safemode.SCMSafeModeManager (SCMSafeModeManager.java:exitSafeMode(244)) - SCM exiting safe mode.
2024-01-26 11:56:34,679 [EventQueue-OpenPipelineForHealthyPipelineSafeModeRule] INFO  ha.SCMContext (SCMContext.java:updateSafeModeStatus(230)) - Update SafeModeStatus from SafeModeStatus{safeModeStatus=true, preCheckPassed=true} to SafeModeStatus{safeModeStatus=false, preCheckPassed=true}.
2024-01-26 11:56:34,679 [EventQueue-OpenPipelineForHealthyPipelineSafeModeRule] INFO  pipeline.BackgroundPipelineCreator (BackgroundPipelineCreator.java:notifyStatusChanged(258)) - Service BackgroundPipelineCreator transitions to RUNNING.
2024-01-26 11:56:34,679 [EventQueue-OpenPipelineForHealthyPipelineSafeModeRule] INFO  BackgroundPipelineScrubber (BackgroundSCMService.java:notifyStatusChanged(82)) - Service BackgroundPipelineScrubber transitions to RUNNING.
2024-01-26 11:56:34,679 [EventQueue-OpenPipelineForHealthyPipelineSafeModeRule] INFO  ExpiredContainerReplicaOpScrubber (BackgroundSCMService.java:notifyStatusChanged(82)) - Service ExpiredContainerReplicaOpScrubber transitions to RUNNING.
2024-01-26 11:56:34,679 [EventQueue-OpenPipelineForHealthyPipelineSafeModeRule] INFO  block.SCMBlockDeletingService (SCMBlockDeletingService.java:notifyStatusChanged(247)) - notifyStatusChanged:RUNNING
2024-01-26 11:56:34,679 [EventQueue-OpenPipelineForHealthyPipelineSafeModeRule] INFO  replication.ReplicationManager (ReplicationManager.java:notifyStatusChanged(1401)) - Service ReplicationManager transitions to RUNNING.
2024-01-26 11:56:34,680 [EventQueue-OpenPipelineForHealthyPipelineSafeModeRule] WARN  balancer.ContainerBalancer (ContainerBalancer.java:shouldRun(134)) - Could not find persisted configuration for ContainerBalancer when checking if ContainerBalancer should run. ContainerBalancer should not run now.
2024-01-26 11:56:34,684 [9cb68909-d63b-4c8c-a8c2-d1f5498e35c0@group-EE265D257B52-LeaderElection12] INFO  server.RaftServer$Division (ServerState.java:setRaftConf(386)) - 9cb68909-d63b-4c8c-a8c2-d1f5498e35c0@group-EE265D257B52: set configuration 0: peers:[b514b48b-a23c-4b35-9087-6efcb4999551|10.1.0.50:15067, 0f734c5b-620a-4a31-a7a8-a1d45a227569|10.1.0.50:15049, 9cb68909-d63b-4c8c-a8c2-d1f5498e35c0|10.1.0.50:15058]|listeners:[], old=null
2024-01-26 11:56:34,687 [9cb68909-d63b-4c8c-a8c2-d1f5498e35c0@group-EE265D257B52-SegmentedRaftLogWorker] INFO  segmented.SegmentedRaftLogWorker (SegmentedRaftLogWorker.java:execute(634)) - 9cb68909-d63b-4c8c-a8c2-d1f5498e35c0@group-EE265D257B52-SegmentedRaftLogWorker: created new log segment /home/runner/work/ozone/ozone/hadoop-ozone/integration-test/target/test-dir/MiniOzoneClusterImpl-47c92df5-8859-41b8-9f26-037451183754/datanode-1/data/ratis/003d7111-6c20-4dd4-941b-ee265d257b52/current/log_inprogress_0
2024-01-26 11:56:34,699 [b514b48b-a23c-4b35-9087-6efcb4999551-server-thread2] INFO  ratis.XceiverServerRatis (XceiverServerRatis.java:handleLeaderChangedNotification(945)) - Leader change notification received for group: group-EE265D257B52 with new leaderId: 9cb68909-d63b-4c8c-a8c2-d1f5498e35c0
2024-01-26 11:56:34,699 [b514b48b-a23c-4b35-9087-6efcb4999551-server-thread2] INFO  server.RaftServer$Division (ServerState.java:setLeader(269)) - b514b48b-a23c-4b35-9087-6efcb4999551@group-EE265D257B52: change Leader from null to 9cb68909-d63b-4c8c-a8c2-d1f5498e35c0 at term 1 for appendEntries, leader elected after 5078ms
2024-01-26 11:56:34,706 [b514b48b-a23c-4b35-9087-6efcb4999551-server-thread2] INFO  server.RaftServer$Division (ServerState.java:setRaftConf(386)) - b514b48b-a23c-4b35-9087-6efcb4999551@group-EE265D257B52: set configuration 0: peers:[b514b48b-a23c-4b35-9087-6efcb4999551|10.1.0.50:15067, 0f734c5b-620a-4a31-a7a8-a1d45a227569|10.1.0.50:15049, 9cb68909-d63b-4c8c-a8c2-d1f5498e35c0|10.1.0.50:15058]|listeners:[], old=null
2024-01-26 11:56:34,706 [b514b48b-a23c-4b35-9087-6efcb4999551-server-thread2] INFO  segmented.SegmentedRaftLogWorker (SegmentedRaftLogWorker.java:startLogSegment(430)) - b514b48b-a23c-4b35-9087-6efcb4999551@group-EE265D257B52-SegmentedRaftLogWorker: Starting segment from index:0
2024-01-26 11:56:34,706 [b514b48b-a23c-4b35-9087-6efcb4999551@group-EE265D257B52-SegmentedRaftLogWorker] INFO  segmented.BufferedWriteChannel (BufferedWriteChannel.java:open(62)) - open log_inprogress_0 at position 0
2024-01-26 11:56:34,709 [9cb68909-d63b-4c8c-a8c2-d1f5498e35c0@group-B4467A1991D0-FollowerState] INFO  impl.FollowerState (FollowerState.java:run(143)) - 9cb68909-d63b-4c8c-a8c2-d1f5498e35c0@group-B4467A1991D0-FollowerState: change to CANDIDATE, lastRpcElapsedTime:5001526126ns, electionTimeout:5001ms
2024-01-26 11:56:34,709 [9cb68909-d63b-4c8c-a8c2-d1f5498e35c0@group-B4467A1991D0-FollowerState] INFO  impl.RoleInfo (RoleInfo.java:shutdownFollowerState(110)) - 9cb68909-d63b-4c8c-a8c2-d1f5498e35c0: shutdown 9cb68909-d63b-4c8c-a8c2-d1f5498e35c0@group-B4467A1991D0-FollowerState
2024-01-26 11:56:34,709 [9cb68909-d63b-4c8c-a8c2-d1f5498e35c0@group-B4467A1991D0-FollowerState] INFO  server.RaftServer$Division (RaftServerImpl.java:setRole(383)) - 9cb68909-d63b-4c8c-a8c2-d1f5498e35c0@group-B4467A1991D0: changes role from  FOLLOWER to CANDIDATE at term 0 for changeToCandidate
2024-01-26 11:56:34,712 [9cb68909-d63b-4c8c-a8c2-d1f5498e35c0@group-B4467A1991D0-FollowerState] INFO  server.RaftServerConfigKeys (ConfUtils.java:logGet(46)) - raft.server.leaderelection.pre-vote = true (default)
2024-01-26 11:56:34,712 [9cb68909-d63b-4c8c-a8c2-d1f5498e35c0@group-B4467A1991D0-FollowerState] INFO  impl.RoleInfo (RoleInfo.java:updateAndGet(139)) - 9cb68909-d63b-4c8c-a8c2-d1f5498e35c0: start 9cb68909-d63b-4c8c-a8c2-d1f5498e35c0@group-B4467A1991D0-LeaderElection13
2024-01-26 11:56:34,714 [b514b48b-a23c-4b35-9087-6efcb4999551@group-EE265D257B52-SegmentedRaftLogWorker] INFO  segmented.SegmentedRaftLogWorker (SegmentedRaftLogWorker.java:execute(634)) - b514b48b-a23c-4b35-9087-6efcb4999551@group-EE265D257B52-SegmentedRaftLogWorker: created new log segment /home/runner/work/ozone/ozone/hadoop-ozone/integration-test/target/test-dir/MiniOzoneClusterImpl-47c92df5-8859-41b8-9f26-037451183754/datanode-2/data/ratis/003d7111-6c20-4dd4-941b-ee265d257b52/current/log_inprogress_0
2024-01-26 11:56:34,716 [9cb68909-d63b-4c8c-a8c2-d1f5498e35c0@group-B4467A1991D0-LeaderElection13] INFO  impl.LeaderElection (LeaderElection.java:askForVotes(321)) - 9cb68909-d63b-4c8c-a8c2-d1f5498e35c0@group-B4467A1991D0-LeaderElection13 PRE_VOTE round 0: submit vote requests at term 0 for -1: peers:[b514b48b-a23c-4b35-9087-6efcb4999551|10.1.0.50:15067, 0f734c5b-620a-4a31-a7a8-a1d45a227569|10.1.0.50:15049, 9cb68909-d63b-4c8c-a8c2-d1f5498e35c0|10.1.0.50:15058]|listeners:[], old=null
2024-01-26 11:56:34,720 [0f734c5b-620a-4a31-a7a8-a1d45a227569-server-thread1] INFO  ratis.XceiverServerRatis (XceiverServerRatis.java:handleLeaderChangedNotification(945)) - Leader change notification received for group: group-EE265D257B52 with new leaderId: 9cb68909-d63b-4c8c-a8c2-d1f5498e35c0
2024-01-26 11:56:34,721 [0f734c5b-620a-4a31-a7a8-a1d45a227569-server-thread1] INFO  server.RaftServer$Division (ServerState.java:setLeader(269)) - 0f734c5b-620a-4a31-a7a8-a1d45a227569@group-EE265D257B52: change Leader from null to 9cb68909-d63b-4c8c-a8c2-d1f5498e35c0 at term 1 for appendEntries, leader elected after 5170ms
2024-01-26 11:56:34,726 [grpc-default-executor-5] INFO  server.RaftServer$Division (RaftServerImpl.java:requestVote(1389)) - b514b48b-a23c-4b35-9087-6efcb4999551@group-B4467A1991D0: receive requestVote(PRE_VOTE, 9cb68909-d63b-4c8c-a8c2-d1f5498e35c0, group-B4467A1991D0, 0, (t:0, i:0))
2024-01-26 11:56:34,726 [grpc-default-executor-5] INFO  impl.VoteContext (VoteContext.java:log(49)) - b514b48b-a23c-4b35-9087-6efcb4999551@group-B4467A1991D0-FOLLOWER: accept PRE_VOTE from 9cb68909-d63b-4c8c-a8c2-d1f5498e35c0: our priority 0 <= candidate's priority 0
2024-01-26 11:56:34,727 [grpc-default-executor-5] INFO  server.RaftServer$Division (RaftServerImpl.java:requestVote(1422)) - b514b48b-a23c-4b35-9087-6efcb4999551@group-B4467A1991D0 replies to PRE_VOTE vote request: 9cb68909-d63b-4c8c-a8c2-d1f5498e35c0<-b514b48b-a23c-4b35-9087-6efcb4999551#0:OK-t0. Peer's state: b514b48b-a23c-4b35-9087-6efcb4999551@group-B4467A1991D0:t0, leader=null, voted=, raftlog=Memoized:b514b48b-a23c-4b35-9087-6efcb4999551@group-B4467A1991D0-SegmentedRaftLog:OPENED:c-1, conf=-1: peers:[b514b48b-a23c-4b35-9087-6efcb4999551|10.1.0.50:15067, 0f734c5b-620a-4a31-a7a8-a1d45a227569|10.1.0.50:15049, 9cb68909-d63b-4c8c-a8c2-d1f5498e35c0|10.1.0.50:15058]|listeners:[], old=null
2024-01-26 11:56:34,730 [9cb68909-d63b-4c8c-a8c2-d1f5498e35c0@group-B4467A1991D0-LeaderElection13] INFO  server.RaftServerConfigKeys (ConfUtils.java:logFallback(53)) - raft.server.rpc.first-election.timeout.min = 5s (fallback to raft.server.rpc.timeout.min)
2024-01-26 11:56:34,730 [9cb68909-d63b-4c8c-a8c2-d1f5498e35c0@group-B4467A1991D0-LeaderElection13] INFO  server.RaftServerConfigKeys (ConfUtils.java:logFallback(53)) - raft.server.rpc.first-election.timeout.max = 5200ms (fallback to raft.server.rpc.timeout.max)
2024-01-26 11:56:34,732 [0f734c5b-620a-4a31-a7a8-a1d45a227569-server-thread2] INFO  server.RaftServer$Division (ServerState.java:setRaftConf(386)) - 0f734c5b-620a-4a31-a7a8-a1d45a227569@group-EE265D257B52: set configuration 0: peers:[b514b48b-a23c-4b35-9087-6efcb4999551|10.1.0.50:15067, 0f734c5b-620a-4a31-a7a8-a1d45a227569|10.1.0.50:15049, 9cb68909-d63b-4c8c-a8c2-d1f5498e35c0|10.1.0.50:15058]|listeners:[], old=null
2024-01-26 11:56:34,732 [grpc-default-executor-5] INFO  server.RaftServer$Division (RaftServerImpl.java:requestVote(1389)) - 0f734c5b-620a-4a31-a7a8-a1d45a227569@group-B4467A1991D0: receive requestVote(PRE_VOTE, 9cb68909-d63b-4c8c-a8c2-d1f5498e35c0, group-B4467A1991D0, 0, (t:0, i:0))
2024-01-26 11:56:34,733 [grpc-default-executor-5] INFO  impl.VoteContext (VoteContext.java:log(49)) - 0f734c5b-620a-4a31-a7a8-a1d45a227569@group-B4467A1991D0-FOLLOWER: reject PRE_VOTE from 9cb68909-d63b-4c8c-a8c2-d1f5498e35c0: our priority 1 > candidate's priority 0
2024-01-26 11:56:34,733 [grpc-default-executor-5] INFO  server.RaftServer$Division (RaftServerImpl.java:requestVote(1422)) - 0f734c5b-620a-4a31-a7a8-a1d45a227569@group-B4467A1991D0 replies to PRE_VOTE vote request: 9cb68909-d63b-4c8c-a8c2-d1f5498e35c0<-0f734c5b-620a-4a31-a7a8-a1d45a227569#0:FAIL-t0. Peer's state: 0f734c5b-620a-4a31-a7a8-a1d45a227569@group-B4467A1991D0:t0, leader=null, voted=, raftlog=Memoized:0f734c5b-620a-4a31-a7a8-a1d45a227569@group-B4467A1991D0-SegmentedRaftLog:OPENED:c-1, conf=-1: peers:[b514b48b-a23c-4b35-9087-6efcb4999551|10.1.0.50:15067, 0f734c5b-620a-4a31-a7a8-a1d45a227569|10.1.0.50:15049, 9cb68909-d63b-4c8c-a8c2-d1f5498e35c0|10.1.0.50:15058]|listeners:[], old=null
2024-01-26 11:56:34,732 [0f734c5b-620a-4a31-a7a8-a1d45a227569-server-thread2] INFO  segmented.SegmentedRaftLogWorker (SegmentedRaftLogWorker.java:startLogSegment(430)) - 0f734c5b-620a-4a31-a7a8-a1d45a227569@group-EE265D257B52-SegmentedRaftLogWorker: Starting segment from index:0
2024-01-26 11:56:34,734 [9cb68909-d63b-4c8c-a8c2-d1f5498e35c0@group-EE265D257B52-StateMachineUpdater] INFO  server.RaftServer$Division (LeaderStateImpl.java:isApplied(320)) - leader is ready since appliedIndex == 0 >= startIndex == 0
2024-01-26 11:56:34,735 [Mini-Cluster-Provider-Create] INFO  ozone.MiniOzoneClusterImpl (MiniOzoneClusterImpl.java:lambda$waitForClusterToBeReady$0(229)) - Nodes are ready. Got 3 of 3 DN Heartbeats.
2024-01-26 11:56:34,735 [Mini-Cluster-Provider-Create] INFO  ozone.MiniOzoneClusterImpl (MiniOzoneClusterImpl.java:lambda$waitForClusterToBeReady$0(232)) - Cluster exits safe mode
2024-01-26 11:56:34,736 [Mini-Cluster-Provider-Create] INFO  ozone.MiniOzoneClusterImpl (MiniOzoneClusterImpl.java:lambda$waitForClusterToBeReady$0(234)) - SCM became leader
2024-01-26 11:56:34,736 [main] INFO  ozone.MiniOzoneClusterImpl (MiniOzoneClusterImpl.java:lambda$waitForClusterToBeReady$0(229)) - Nodes are ready. Got 3 of 3 DN Heartbeats.
2024-01-26 11:56:34,736 [main] INFO  ozone.MiniOzoneClusterImpl (MiniOzoneClusterImpl.java:lambda$waitForClusterToBeReady$0(232)) - Cluster exits safe mode
2024-01-26 11:56:34,736 [main] INFO  ozone.MiniOzoneClusterImpl (MiniOzoneClusterImpl.java:lambda$waitForClusterToBeReady$0(234)) - SCM became leader
2024-01-26 11:56:34,736 [0f734c5b-620a-4a31-a7a8-a1d45a227569@group-EE265D257B52-SegmentedRaftLogWorker] INFO  segmented.BufferedWriteChannel (BufferedWriteChannel.java:open(62)) - open log_inprogress_0 at position 0
2024-01-26 11:56:34,737 [main] INFO  protocolPB.OmTransportFactory (OmTransportFactory.java:createFactory(62)) - Loading OM transport implementation org.apache.hadoop.ozone.om.protocolPB.Hadoop3OmTransportFactory as specified by configuration.
2024-01-26 11:56:34,743 [9cb68909-d63b-4c8c-a8c2-d1f5498e35c0@group-B4467A1991D0-LeaderElection13] INFO  impl.LeaderElection (LeaderElection.java:logAndReturn(89)) - 9cb68909-d63b-4c8c-a8c2-d1f5498e35c0@group-B4467A1991D0-LeaderElection13: PRE_VOTE REJECTED received 2 response(s) and 0 exception(s):
2024-01-26 11:56:34,743 [9cb68909-d63b-4c8c-a8c2-d1f5498e35c0@group-B4467A1991D0-LeaderElection13] INFO  impl.LeaderElection (LeaderElection.java:logAndReturn(93)) -   Response 0: 9cb68909-d63b-4c8c-a8c2-d1f5498e35c0<-b514b48b-a23c-4b35-9087-6efcb4999551#0:OK-t0
2024-01-26 11:56:34,745 [9cb68909-d63b-4c8c-a8c2-d1f5498e35c0@group-B4467A1991D0-LeaderElection13] INFO  impl.LeaderElection (LeaderElection.java:logAndReturn(93)) -   Response 1: 9cb68909-d63b-4c8c-a8c2-d1f5498e35c0<-0f734c5b-620a-4a31-a7a8-a1d45a227569#0:FAIL-t0
2024-01-26 11:56:34,746 [9cb68909-d63b-4c8c-a8c2-d1f5498e35c0@group-B4467A1991D0-LeaderElection13] INFO  impl.LeaderElection (LeaderElection.java:askForVotes(323)) - 9cb68909-d63b-4c8c-a8c2-d1f5498e35c0@group-B4467A1991D0-LeaderElection13 PRE_VOTE round 0: result REJECTED
2024-01-26 11:56:34,746 [9cb68909-d63b-4c8c-a8c2-d1f5498e35c0@group-B4467A1991D0-LeaderElection13] INFO  server.RaftServer$Division (RaftServerImpl.java:setRole(383)) - 9cb68909-d63b-4c8c-a8c2-d1f5498e35c0@group-B4467A1991D0: changes role from CANDIDATE to FOLLOWER at term 0 for REJECTED
2024-01-26 11:56:34,746 [9cb68909-d63b-4c8c-a8c2-d1f5498e35c0@group-B4467A1991D0-LeaderElection13] INFO  impl.RoleInfo (RoleInfo.java:shutdownLeaderElection(130)) - 9cb68909-d63b-4c8c-a8c2-d1f5498e35c0: shutdown 9cb68909-d63b-4c8c-a8c2-d1f5498e35c0@group-B4467A1991D0-LeaderElection13
2024-01-26 11:56:34,746 [9cb68909-d63b-4c8c-a8c2-d1f5498e35c0@group-B4467A1991D0-LeaderElection13] INFO  impl.RoleInfo (RoleInfo.java:updateAndGet(139)) - 9cb68909-d63b-4c8c-a8c2-d1f5498e35c0: start 9cb68909-d63b-4c8c-a8c2-d1f5498e35c0@group-B4467A1991D0-FollowerState
2024-01-26 11:56:34,746 [9cb68909-d63b-4c8c-a8c2-d1f5498e35c0@group-B4467A1991D0-LeaderElection13] INFO  server.RaftServer$Division (RaftServerImpl.java:setFirstElection(574)) - 9cb68909-d63b-4c8c-a8c2-d1f5498e35c0@group-B4467A1991D0: set firstElectionSinceStartup to false for REJECTED
2024-01-26 11:56:34,750 [main] INFO  rpc.RpcClient (RpcClient.java:createVolume(456)) - Creating Volume: vol, with runner as owner and space quota set to -1 bytes, counts quota set to -1
2024-01-26 11:56:34,752 [0f734c5b-620a-4a31-a7a8-a1d45a227569@group-EE265D257B52-SegmentedRaftLogWorker] INFO  segmented.SegmentedRaftLogWorker (SegmentedRaftLogWorker.java:execute(634)) - 0f734c5b-620a-4a31-a7a8-a1d45a227569@group-EE265D257B52-SegmentedRaftLogWorker: created new log segment /home/runner/work/ozone/ozone/hadoop-ozone/integration-test/target/test-dir/MiniOzoneClusterImpl-47c92df5-8859-41b8-9f26-037451183754/datanode-0/data/ratis/003d7111-6c20-4dd4-941b-ee265d257b52/current/log_inprogress_0
2024-01-26 11:56:34,754 [om1-OMStateMachineApplyTransactionThread - 0] INFO  volume.OMVolumeCreateRequest (OMVolumeCreateRequest.java:validateAndUpdateCache(198)) - created volume:vol for user:runner
2024-01-26 11:56:34,760 [main] INFO  rpc.RpcClient (RpcClient.java:createBucket(683)) - Creating Bucket: vol/bucket, with server-side default bucket layout, runner as owner, Versioning false, Storage Type set to DISK and Encryption set to false, Replication Type set to server-side default replication type, Namespace Quota set to -1, Space Quota set to -1 
2024-01-26 11:56:34,763 [om1-OMStateMachineApplyTransactionThread - 0] INFO  bucket.OMBucketCreateRequest (OMBucketCreateRequest.java:validateAndUpdateCache(292)) - created bucket: bucket of layout FILE_SYSTEM_OPTIMIZED in volume: vol
2024-01-26 11:56:34,770 [main] INFO  protocolPB.OmTransportFactory (OmTransportFactory.java:createFactory(62)) - Loading OM transport implementation org.apache.hadoop.ozone.om.protocolPB.Hadoop3OmTransportFactory as specified by configuration.
2024-01-26 11:56:34,780 [0f734c5b-620a-4a31-a7a8-a1d45a227569@group-B4467A1991D0-FollowerState] INFO  impl.FollowerState (FollowerState.java:run(143)) - 0f734c5b-620a-4a31-a7a8-a1d45a227569@group-B4467A1991D0-FollowerState: change to CANDIDATE, lastRpcElapsedTime:5080135629ns, electionTimeout:5078ms
2024-01-26 11:56:34,780 [0f734c5b-620a-4a31-a7a8-a1d45a227569@group-B4467A1991D0-FollowerState] INFO  impl.RoleInfo (RoleInfo.java:shutdownFollowerState(110)) - 0f734c5b-620a-4a31-a7a8-a1d45a227569: shutdown 0f734c5b-620a-4a31-a7a8-a1d45a227569@group-B4467A1991D0-FollowerState
2024-01-26 11:56:34,780 [0f734c5b-620a-4a31-a7a8-a1d45a227569@group-B4467A1991D0-FollowerState] INFO  server.RaftServer$Division (RaftServerImpl.java:setRole(383)) - 0f734c5b-620a-4a31-a7a8-a1d45a227569@group-B4467A1991D0: changes role from  FOLLOWER to CANDIDATE at term 0 for changeToCandidate
2024-01-26 11:56:34,780 [0f734c5b-620a-4a31-a7a8-a1d45a227569@group-B4467A1991D0-FollowerState] INFO  server.RaftServerConfigKeys (ConfUtils.java:logGet(46)) - raft.server.leaderelection.pre-vote = true (default)
2024-01-26 11:56:34,781 [0f734c5b-620a-4a31-a7a8-a1d45a227569@group-B4467A1991D0-FollowerState] INFO  impl.RoleInfo (RoleInfo.java:updateAndGet(139)) - 0f734c5b-620a-4a31-a7a8-a1d45a227569: start 0f734c5b-620a-4a31-a7a8-a1d45a227569@group-B4467A1991D0-LeaderElection14
2024-01-26 11:56:34,782 [0f734c5b-620a-4a31-a7a8-a1d45a227569@group-B4467A1991D0-LeaderElection14] INFO  impl.LeaderElection (LeaderElection.java:askForVotes(321)) - 0f734c5b-620a-4a31-a7a8-a1d45a227569@group-B4467A1991D0-LeaderElection14 PRE_VOTE round 0: submit vote requests at term 0 for -1: peers:[b514b48b-a23c-4b35-9087-6efcb4999551|10.1.0.50:15067, 0f734c5b-620a-4a31-a7a8-a1d45a227569|10.1.0.50:15049, 9cb68909-d63b-4c8c-a8c2-d1f5498e35c0|10.1.0.50:15058]|listeners:[], old=null
2024-01-26 11:56:34,785 [0f734c5b-620a-4a31-a7a8-a1d45a227569@group-B4467A1991D0-LeaderElection14] INFO  server.RaftServerConfigKeys (ConfUtils.java:logFallback(53)) - raft.server.rpc.first-election.timeout.min = 5s (fallback to raft.server.rpc.timeout.min)
2024-01-26 11:56:34,785 [0f734c5b-620a-4a31-a7a8-a1d45a227569@group-B4467A1991D0-LeaderElection14] INFO  server.RaftServerConfigKeys (ConfUtils.java:logFallback(53)) - raft.server.rpc.first-election.timeout.max = 5200ms (fallback to raft.server.rpc.timeout.max)
2024-01-26 11:56:34,787 [grpc-default-executor-2] INFO  server.RaftServer$Division (RaftServerImpl.java:requestVote(1389)) - b514b48b-a23c-4b35-9087-6efcb4999551@group-B4467A1991D0: receive requestVote(PRE_VOTE, 0f734c5b-620a-4a31-a7a8-a1d45a227569, group-B4467A1991D0, 0, (t:0, i:0))
2024-01-26 11:56:34,789 [grpc-default-executor-2] INFO  impl.VoteContext (VoteContext.java:log(49)) - b514b48b-a23c-4b35-9087-6efcb4999551@group-B4467A1991D0-FOLLOWER: accept PRE_VOTE from 0f734c5b-620a-4a31-a7a8-a1d45a227569: our priority 0 <= candidate's priority 1
2024-01-26 11:56:34,789 [grpc-default-executor-2] INFO  server.RaftServer$Division (RaftServerImpl.java:requestVote(1422)) - b514b48b-a23c-4b35-9087-6efcb4999551@group-B4467A1991D0 replies to PRE_VOTE vote request: 0f734c5b-620a-4a31-a7a8-a1d45a227569<-b514b48b-a23c-4b35-9087-6efcb4999551#0:OK-t0. Peer's state: b514b48b-a23c-4b35-9087-6efcb4999551@group-B4467A1991D0:t0, leader=null, voted=, raftlog=Memoized:b514b48b-a23c-4b35-9087-6efcb4999551@group-B4467A1991D0-SegmentedRaftLog:OPENED:c-1, conf=-1: peers:[b514b48b-a23c-4b35-9087-6efcb4999551|10.1.0.50:15067, 0f734c5b-620a-4a31-a7a8-a1d45a227569|10.1.0.50:15049, 9cb68909-d63b-4c8c-a8c2-d1f5498e35c0|10.1.0.50:15058]|listeners:[], old=null
2024-01-26 11:56:34,789 [grpc-default-executor-2] INFO  server.RaftServer$Division (RaftServerImpl.java:requestVote(1389)) - 9cb68909-d63b-4c8c-a8c2-d1f5498e35c0@group-B4467A1991D0: receive requestVote(PRE_VOTE, 0f734c5b-620a-4a31-a7a8-a1d45a227569, group-B4467A1991D0, 0, (t:0, i:0))
2024-01-26 11:56:34,790 [grpc-default-executor-2] INFO  impl.VoteContext (VoteContext.java:log(49)) - 9cb68909-d63b-4c8c-a8c2-d1f5498e35c0@group-B4467A1991D0-FOLLOWER: accept PRE_VOTE from 0f734c5b-620a-4a31-a7a8-a1d45a227569: our priority 0 <= candidate's priority 1
2024-01-26 11:56:34,790 [grpc-default-executor-2] INFO  server.RaftServer$Division (RaftServerImpl.java:requestVote(1422)) - 9cb68909-d63b-4c8c-a8c2-d1f5498e35c0@group-B4467A1991D0 replies to PRE_VOTE vote request: 0f734c5b-620a-4a31-a7a8-a1d45a227569<-9cb68909-d63b-4c8c-a8c2-d1f5498e35c0#0:OK-t0. Peer's state: 9cb68909-d63b-4c8c-a8c2-d1f5498e35c0@group-B4467A1991D0:t0, leader=null, voted=, raftlog=Memoized:9cb68909-d63b-4c8c-a8c2-d1f5498e35c0@group-B4467A1991D0-SegmentedRaftLog:OPENED:c-1, conf=-1: peers:[b514b48b-a23c-4b35-9087-6efcb4999551|10.1.0.50:15067, 0f734c5b-620a-4a31-a7a8-a1d45a227569|10.1.0.50:15049, 9cb68909-d63b-4c8c-a8c2-d1f5498e35c0|10.1.0.50:15058]|listeners:[], old=null
2024-01-26 11:56:34,792 [0f734c5b-620a-4a31-a7a8-a1d45a227569@group-B4467A1991D0-LeaderElection14] INFO  impl.LeaderElection (LeaderElection.java:logAndReturn(89)) - 0f734c5b-620a-4a31-a7a8-a1d45a227569@group-B4467A1991D0-LeaderElection14: PRE_VOTE PASSED received 1 response(s) and 0 exception(s):
2024-01-26 11:56:34,792 [0f734c5b-620a-4a31-a7a8-a1d45a227569@group-B4467A1991D0-LeaderElection14] INFO  impl.LeaderElection (LeaderElection.java:logAndReturn(93)) -   Response 0: 0f734c5b-620a-4a31-a7a8-a1d45a227569<-b514b48b-a23c-4b35-9087-6efcb4999551#0:OK-t0
2024-01-26 11:56:34,792 [0f734c5b-620a-4a31-a7a8-a1d45a227569@group-B4467A1991D0-LeaderElection14] INFO  impl.LeaderElection (LeaderElection.java:askForVotes(323)) - 0f734c5b-620a-4a31-a7a8-a1d45a227569@group-B4467A1991D0-LeaderElection14 PRE_VOTE round 0: result PASSED
2024-01-26 11:56:34,794 [0f734c5b-620a-4a31-a7a8-a1d45a227569@group-B4467A1991D0-LeaderElection14] INFO  impl.LeaderElection (LeaderElection.java:askForVotes(321)) - 0f734c5b-620a-4a31-a7a8-a1d45a227569@group-B4467A1991D0-LeaderElection14 ELECTION round 0: submit vote requests at term 1 for -1: peers:[b514b48b-a23c-4b35-9087-6efcb4999551|10.1.0.50:15067, 0f734c5b-620a-4a31-a7a8-a1d45a227569|10.1.0.50:15049, 9cb68909-d63b-4c8c-a8c2-d1f5498e35c0|10.1.0.50:15058]|listeners:[], old=null
2024-01-26 11:56:34,796 [0f734c5b-620a-4a31-a7a8-a1d45a227569@group-B4467A1991D0-LeaderElection14] INFO  server.RaftServerConfigKeys (ConfUtils.java:logFallback(53)) - raft.server.rpc.first-election.timeout.min = 5s (fallback to raft.server.rpc.timeout.min)
2024-01-26 11:56:34,796 [0f734c5b-620a-4a31-a7a8-a1d45a227569@group-B4467A1991D0-LeaderElection14] INFO  server.RaftServerConfigKeys (ConfUtils.java:logFallback(53)) - raft.server.rpc.first-election.timeout.max = 5200ms (fallback to raft.server.rpc.timeout.max)
2024-01-26 11:56:34,798 [grpc-default-executor-2] INFO  server.RaftServer$Division (RaftServerImpl.java:requestVote(1389)) - b514b48b-a23c-4b35-9087-6efcb4999551@group-B4467A1991D0: receive requestVote(ELECTION, 0f734c5b-620a-4a31-a7a8-a1d45a227569, group-B4467A1991D0, 1, (t:0, i:0))
2024-01-26 11:56:34,798 [grpc-default-executor-2] INFO  impl.VoteContext (VoteContext.java:log(49)) - b514b48b-a23c-4b35-9087-6efcb4999551@group-B4467A1991D0-FOLLOWER: accept ELECTION from 0f734c5b-620a-4a31-a7a8-a1d45a227569: our priority 0 <= candidate's priority 1
2024-01-26 11:56:34,798 [grpc-default-executor-2] INFO  server.RaftServer$Division (RaftServerImpl.java:setRole(383)) - b514b48b-a23c-4b35-9087-6efcb4999551@group-B4467A1991D0: changes role from  FOLLOWER to FOLLOWER at term 1 for candidate:0f734c5b-620a-4a31-a7a8-a1d45a227569
2024-01-26 11:56:34,798 [grpc-default-executor-2] INFO  impl.RoleInfo (RoleInfo.java:shutdownFollowerState(110)) - b514b48b-a23c-4b35-9087-6efcb4999551: shutdown b514b48b-a23c-4b35-9087-6efcb4999551@group-B4467A1991D0-FollowerState
2024-01-26 11:56:34,798 [grpc-default-executor-2] INFO  impl.RoleInfo (RoleInfo.java:updateAndGet(139)) - b514b48b-a23c-4b35-9087-6efcb4999551: start b514b48b-a23c-4b35-9087-6efcb4999551@group-B4467A1991D0-FollowerState
2024-01-26 11:56:34,798 [b514b48b-a23c-4b35-9087-6efcb4999551@group-B4467A1991D0-FollowerState] INFO  impl.FollowerState (FollowerState.java:run(152)) - b514b48b-a23c-4b35-9087-6efcb4999551@group-B4467A1991D0-FollowerState was interrupted
2024-01-26 11:56:34,798 [grpc-default-executor-2] INFO  server.RaftServer$Division (RaftServerImpl.java:setFirstElection(574)) - b514b48b-a23c-4b35-9087-6efcb4999551@group-B4467A1991D0: set firstElectionSinceStartup to false for candidate:0f734c5b-620a-4a31-a7a8-a1d45a227569
2024-01-26 11:56:34,798 [grpc-default-executor-5] INFO  server.RaftServer$Division (RaftServerImpl.java:requestVote(1389)) - 9cb68909-d63b-4c8c-a8c2-d1f5498e35c0@group-B4467A1991D0: receive requestVote(ELECTION, 0f734c5b-620a-4a31-a7a8-a1d45a227569, group-B4467A1991D0, 1, (t:0, i:0))
2024-01-26 11:56:34,799 [grpc-default-executor-5] INFO  impl.VoteContext (VoteContext.java:log(49)) - 9cb68909-d63b-4c8c-a8c2-d1f5498e35c0@group-B4467A1991D0-FOLLOWER: accept ELECTION from 0f734c5b-620a-4a31-a7a8-a1d45a227569: our priority 0 <= candidate's priority 1
2024-01-26 11:56:34,799 [grpc-default-executor-5] INFO  server.RaftServer$Division (RaftServerImpl.java:setRole(383)) - 9cb68909-d63b-4c8c-a8c2-d1f5498e35c0@group-B4467A1991D0: changes role from  FOLLOWER to FOLLOWER at term 1 for candidate:0f734c5b-620a-4a31-a7a8-a1d45a227569
2024-01-26 11:56:34,799 [grpc-default-executor-5] INFO  impl.RoleInfo (RoleInfo.java:shutdownFollowerState(110)) - 9cb68909-d63b-4c8c-a8c2-d1f5498e35c0: shutdown 9cb68909-d63b-4c8c-a8c2-d1f5498e35c0@group-B4467A1991D0-FollowerState
2024-01-26 11:56:34,799 [grpc-default-executor-5] INFO  impl.RoleInfo (RoleInfo.java:updateAndGet(139)) - 9cb68909-d63b-4c8c-a8c2-d1f5498e35c0: start 9cb68909-d63b-4c8c-a8c2-d1f5498e35c0@group-B4467A1991D0-FollowerState
2024-01-26 11:56:34,799 [9cb68909-d63b-4c8c-a8c2-d1f5498e35c0@group-B4467A1991D0-FollowerState] INFO  impl.FollowerState (FollowerState.java:run(152)) - 9cb68909-d63b-4c8c-a8c2-d1f5498e35c0@group-B4467A1991D0-FollowerState was interrupted
2024-01-26 11:56:34,801 [grpc-default-executor-2] INFO  server.RaftServer$Division (RaftServerImpl.java:requestVote(1422)) - b514b48b-a23c-4b35-9087-6efcb4999551@group-B4467A1991D0 replies to ELECTION vote request: 0f734c5b-620a-4a31-a7a8-a1d45a227569<-b514b48b-a23c-4b35-9087-6efcb4999551#0:OK-t1. Peer's state: b514b48b-a23c-4b35-9087-6efcb4999551@group-B4467A1991D0:t1, leader=null, voted=0f734c5b-620a-4a31-a7a8-a1d45a227569, raftlog=Memoized:b514b48b-a23c-4b35-9087-6efcb4999551@group-B4467A1991D0-SegmentedRaftLog:OPENED:c-1, conf=-1: peers:[b514b48b-a23c-4b35-9087-6efcb4999551|10.1.0.50:15067, 0f734c5b-620a-4a31-a7a8-a1d45a227569|10.1.0.50:15049, 9cb68909-d63b-4c8c-a8c2-d1f5498e35c0|10.1.0.50:15058]|listeners:[], old=null
2024-01-26 11:56:34,801 [grpc-default-executor-5] INFO  server.RaftServer$Division (RaftServerImpl.java:requestVote(1422)) - 9cb68909-d63b-4c8c-a8c2-d1f5498e35c0@group-B4467A1991D0 replies to ELECTION vote request: 0f734c5b-620a-4a31-a7a8-a1d45a227569<-9cb68909-d63b-4c8c-a8c2-d1f5498e35c0#0:OK-t1. Peer's state: 9cb68909-d63b-4c8c-a8c2-d1f5498e35c0@group-B4467A1991D0:t1, leader=null, voted=0f734c5b-620a-4a31-a7a8-a1d45a227569, raftlog=Memoized:9cb68909-d63b-4c8c-a8c2-d1f5498e35c0@group-B4467A1991D0-SegmentedRaftLog:OPENED:c-1, conf=-1: peers:[b514b48b-a23c-4b35-9087-6efcb4999551|10.1.0.50:15067, 0f734c5b-620a-4a31-a7a8-a1d45a227569|10.1.0.50:15049, 9cb68909-d63b-4c8c-a8c2-d1f5498e35c0|10.1.0.50:15058]|listeners:[], old=null
2024-01-26 11:56:34,802 [0f734c5b-620a-4a31-a7a8-a1d45a227569@group-B4467A1991D0-LeaderElection14] INFO  impl.LeaderElection (LeaderElection.java:logAndReturn(89)) - 0f734c5b-620a-4a31-a7a8-a1d45a227569@group-B4467A1991D0-LeaderElection14: ELECTION PASSED received 1 response(s) and 0 exception(s):
2024-01-26 11:56:34,802 [0f734c5b-620a-4a31-a7a8-a1d45a227569@group-B4467A1991D0-LeaderElection14] INFO  impl.LeaderElection (LeaderElection.java:logAndReturn(93)) -   Response 0: 0f734c5b-620a-4a31-a7a8-a1d45a227569<-b514b48b-a23c-4b35-9087-6efcb4999551#0:OK-t1
2024-01-26 11:56:34,802 [0f734c5b-620a-4a31-a7a8-a1d45a227569@group-B4467A1991D0-LeaderElection14] INFO  impl.LeaderElection (LeaderElection.java:askForVotes(323)) - 0f734c5b-620a-4a31-a7a8-a1d45a227569@group-B4467A1991D0-LeaderElection14 ELECTION round 0: result PASSED
2024-01-26 11:56:34,802 [0f734c5b-620a-4a31-a7a8-a1d45a227569@group-B4467A1991D0-LeaderElection14] INFO  impl.RoleInfo (RoleInfo.java:shutdownLeaderElection(130)) - 0f734c5b-620a-4a31-a7a8-a1d45a227569: shutdown 0f734c5b-620a-4a31-a7a8-a1d45a227569@group-B4467A1991D0-LeaderElection14
2024-01-26 11:56:34,802 [0f734c5b-620a-4a31-a7a8-a1d45a227569@group-B4467A1991D0-LeaderElection14] INFO  server.RaftServer$Division (RaftServerImpl.java:setRole(383)) - 0f734c5b-620a-4a31-a7a8-a1d45a227569@group-B4467A1991D0: changes role from CANDIDATE to LEADER at term 1 for changeToLeader
2024-01-26 11:56:34,802 [0f734c5b-620a-4a31-a7a8-a1d45a227569@group-B4467A1991D0-LeaderElection14] INFO  server.RaftServerConfigKeys (ConfUtils.java:logGet(46)) - raft.server.staging.catchup.gap = 1000 (default)
2024-01-26 11:56:34,802 [0f734c5b-620a-4a31-a7a8-a1d45a227569@group-B4467A1991D0-LeaderElection14] INFO  server.RaftServerConfigKeys (ConfUtils.java:logGet(46)) - raft.server.write.element-limit = 1024 (custom)
2024-01-26 11:56:34,803 [0f734c5b-620a-4a31-a7a8-a1d45a227569@group-B4467A1991D0-LeaderElection14] INFO  server.RaftServerConfigKeys (ConfUtils.java:logGet(46)) - raft.server.write.byte-limit = 1024 M (=1073741824) (custom)
2024-01-26 11:56:34,803 [0f734c5b-620a-4a31-a7a8-a1d45a227569@group-B4467A1991D0-LeaderElection14] INFO  server.RaftServerConfigKeys (ConfUtils.java:logGet(46)) - raft.server.watch.timeout = 180s (custom)
2024-01-26 11:56:34,804 [0f734c5b-620a-4a31-a7a8-a1d45a227569@group-B4467A1991D0-LeaderElection14] INFO  server.RaftServerConfigKeys (ConfUtils.java:logGet(46)) - raft.server.watch.timeout.denomination = 1s (default)
2024-01-26 11:56:34,804 [0f734c5b-620a-4a31-a7a8-a1d45a227569@group-B4467A1991D0-LeaderElection14] INFO  server.RaftServerConfigKeys (ConfUtils.java:logGet(46)) - raft.server.watch.element-limit = 65536 (default)
2024-01-26 11:56:34,804 [0f734c5b-620a-4a31-a7a8-a1d45a227569@group-B4467A1991D0-LeaderElection14] INFO  server.RaftServerConfigKeys (ConfUtils.java:logGet(46)) - raft.server.read.leader.lease.enabled = false (default)
2024-01-26 11:56:34,804 [0f734c5b-620a-4a31-a7a8-a1d45a227569@group-B4467A1991D0-LeaderElection14] INFO  server.RaftServerConfigKeys (ConfUtils.java:logGet(46)) - raft.server.read.leader.lease.timeout.ratio = 0.9 (default)
2024-01-26 11:56:34,804 [0f734c5b-620a-4a31-a7a8-a1d45a227569@group-B4467A1991D0-LeaderElection14] INFO  server.RaftServerConfigKeys (ConfUtils.java:logGet(46)) - raft.server.rpc.timeout.min = 5s (custom)
2024-01-26 11:56:34,804 [0f734c5b-620a-4a31-a7a8-a1d45a227569@group-B4467A1991D0-LeaderElection14] INFO  server.RaftServerConfigKeys (ConfUtils.java:logGet(46)) - raft.server.write.element-limit = 1024 (custom)
2024-01-26 11:56:34,804 [0f734c5b-620a-4a31-a7a8-a1d45a227569@group-B4467A1991D0-LeaderElection14] INFO  server.RaftServerConfigKeys (ConfUtils.java:logGet(46)) - raft.server.write.follower.gap.ratio.max = -1.0 (default)
2024-01-26 11:56:34,804 [0f734c5b-620a-4a31-a7a8-a1d45a227569@group-B4467A1991D0-LeaderElection14] INFO  server.RaftServerConfigKeys (ConfUtils.java:logGet(46)) - raft.server.log.appender.snapshot.chunk.size.max = 16MB (=16777216) (default)
2024-01-26 11:56:34,805 [0f734c5b-620a-4a31-a7a8-a1d45a227569@group-B4467A1991D0-LeaderElection14] INFO  server.RaftServerConfigKeys (ConfUtils.java:logGet(46)) - raft.server.log.appender.buffer.byte-limit = 8388608 (custom)
2024-01-26 11:56:34,805 [0f734c5b-620a-4a31-a7a8-a1d45a227569@group-B4467A1991D0-LeaderElection14] INFO  server.RaftServerConfigKeys (ConfUtils.java:logGet(46)) - raft.server.log.appender.buffer.element-limit = 1 (custom)
2024-01-26 11:56:34,805 [0f734c5b-620a-4a31-a7a8-a1d45a227569@group-B4467A1991D0-LeaderElection14] INFO  server.RaftServerConfigKeys (ConfUtils.java:logGet(46)) - raft.server.log.appender.wait-time.min = 0μs (custom)
2024-01-26 11:56:34,805 [0f734c5b-620a-4a31-a7a8-a1d45a227569@group-B4467A1991D0-LeaderElection14] INFO  grpc.GrpcConfigKeys (ConfUtils.java:logGet(46)) - raft.grpc.server.leader.outstanding.appends.max = 8 (default)
2024-01-26 11:56:34,805 [0f734c5b-620a-4a31-a7a8-a1d45a227569@group-B4467A1991D0-LeaderElection14] INFO  server.RaftServerConfigKeys (ConfUtils.java:logGet(46)) - raft.server.rpc.request.timeout = 60s (custom)
2024-01-26 11:56:34,805 [0f734c5b-620a-4a31-a7a8-a1d45a227569@group-B4467A1991D0-LeaderElection14] INFO  grpc.GrpcConfigKeys (ConfUtils.java:logGet(46)) - raft.grpc.server.install_snapshot.request.element-limit = 8 (default)
2024-01-26 11:56:34,805 [0f734c5b-620a-4a31-a7a8-a1d45a227569@group-B4467A1991D0-LeaderElection14] INFO  grpc.GrpcConfigKeys (ConfUtils.java:logGet(46)) - raft.grpc.server.install_snapshot.request.timeout = 3000ms (default)
2024-01-26 11:56:34,805 [0f734c5b-620a-4a31-a7a8-a1d45a227569@group-B4467A1991D0-LeaderElection14] INFO  grpc.GrpcConfigKeys (ConfUtils.java:logGet(46)) - raft.grpc.server.log-message.batch.duration = 5s (default)
2024-01-26 11:56:34,805 [0f734c5b-620a-4a31-a7a8-a1d45a227569@group-B4467A1991D0-LeaderElection14] INFO  server.RaftServerConfigKeys (ConfUtils.java:logGet(46)) - raft.server.log.appender.install.snapshot.enabled = false (custom)
2024-01-26 11:56:34,805 [0f734c5b-620a-4a31-a7a8-a1d45a227569@group-B4467A1991D0-LeaderElection14] INFO  grpc.GrpcConfigKeys (ConfUtils.java:logGet(46)) - raft.grpc.server.heartbeat.channel = true (default)
2024-01-26 11:56:34,806 [0f734c5b-620a-4a31-a7a8-a1d45a227569@group-B4467A1991D0-LeaderElection14] INFO  server.RaftServerConfigKeys (ConfUtils.java:logGet(46)) - raft.server.log.appender.snapshot.chunk.size.max = 16MB (=16777216) (default)
2024-01-26 11:56:34,806 [0f734c5b-620a-4a31-a7a8-a1d45a227569@group-B4467A1991D0-LeaderElection14] INFO  server.RaftServerConfigKeys (ConfUtils.java:logGet(46)) - raft.server.log.appender.buffer.byte-limit = 8388608 (custom)
2024-01-26 11:56:34,806 [0f734c5b-620a-4a31-a7a8-a1d45a227569@group-B4467A1991D0-LeaderElection14] INFO  server.RaftServerConfigKeys (ConfUtils.java:logGet(46)) - raft.server.log.appender.buffer.element-limit = 1 (custom)
2024-01-26 11:56:34,806 [0f734c5b-620a-4a31-a7a8-a1d45a227569@group-B4467A1991D0-LeaderElection14] INFO  server.RaftServerConfigKeys (ConfUtils.java:logGet(46)) - raft.server.log.appender.wait-time.min = 0μs (custom)
2024-01-26 11:56:34,807 [0f734c5b-620a-4a31-a7a8-a1d45a227569@group-B4467A1991D0-LeaderElection14] INFO  grpc.GrpcConfigKeys (ConfUtils.java:logGet(46)) - raft.grpc.server.leader.outstanding.appends.max = 8 (default)
2024-01-26 11:56:34,807 [0f734c5b-620a-4a31-a7a8-a1d45a227569@group-B4467A1991D0-LeaderElection14] INFO  server.RaftServerConfigKeys (ConfUtils.java:logGet(46)) - raft.server.rpc.request.timeout = 60s (custom)
2024-01-26 11:56:34,807 [main] INFO  ozoneimpl.OzoneContainer (OzoneContainer.java:stop(479)) - Attempting to stop container services.
2024-01-26 11:56:34,807 [0f734c5b-620a-4a31-a7a8-a1d45a227569@group-B4467A1991D0-LeaderElection14] INFO  grpc.GrpcConfigKeys (ConfUtils.java:logGet(46)) - raft.grpc.server.install_snapshot.request.element-limit = 8 (default)
2024-01-26 11:56:34,807 [0f734c5b-620a-4a31-a7a8-a1d45a227569@group-B4467A1991D0-LeaderElection14] INFO  grpc.GrpcConfigKeys (ConfUtils.java:logGet(46)) - raft.grpc.server.install_snapshot.request.timeout = 3000ms (default)
2024-01-26 11:56:34,807 [0f734c5b-620a-4a31-a7a8-a1d45a227569@group-B4467A1991D0-LeaderElection14] INFO  grpc.GrpcConfigKeys (ConfUtils.java:logGet(46)) - raft.grpc.server.log-message.batch.duration = 5s (default)
2024-01-26 11:56:34,807 [0f734c5b-620a-4a31-a7a8-a1d45a227569@group-B4467A1991D0-LeaderElection14] INFO  server.RaftServerConfigKeys (ConfUtils.java:logGet(46)) - raft.server.log.appender.install.snapshot.enabled = false (custom)
2024-01-26 11:56:34,807 [0f734c5b-620a-4a31-a7a8-a1d45a227569@group-B4467A1991D0-LeaderElection14] INFO  grpc.GrpcConfigKeys (ConfUtils.java:logGet(46)) - raft.grpc.server.heartbeat.channel = true (default)
2024-01-26 11:56:34,808 [main] INFO  server.RaftServer (RaftServerProxy.java:lambda$close$9(416)) - 0f734c5b-620a-4a31-a7a8-a1d45a227569: close
2024-01-26 11:56:34,808 [0f734c5b-620a-4a31-a7a8-a1d45a227569@group-B4467A1991D0-LeaderElection14] INFO  impl.RoleInfo (RoleInfo.java:updateAndGet(139)) - 0f734c5b-620a-4a31-a7a8-a1d45a227569: start 0f734c5b-620a-4a31-a7a8-a1d45a227569@group-B4467A1991D0-LeaderStateImpl
2024-01-26 11:56:34,808 [0f734c5b-620a-4a31-a7a8-a1d45a227569-impl-thread1] INFO  server.RaftServer$Division (RaftServerImpl.java:lambda$close$3(526)) - 0f734c5b-620a-4a31-a7a8-a1d45a227569@group-B4467A1991D0: shutdown
2024-01-26 11:56:34,808 [0f734c5b-620a-4a31-a7a8-a1d45a227569-impl-thread1] INFO  util.JmxRegister (JmxRegister.java:unregister(73)) - Successfully un-registered JMX Bean with object name Ratis:service=RaftServer,group=group-B4467A1991D0,id=0f734c5b-620a-4a31-a7a8-a1d45a227569
2024-01-26 11:56:34,808 [0f734c5b-620a-4a31-a7a8-a1d45a227569-impl-thread1] INFO  impl.RoleInfo (RoleInfo.java:shutdownLeaderState(94)) - 0f734c5b-620a-4a31-a7a8-a1d45a227569: shutdown 0f734c5b-620a-4a31-a7a8-a1d45a227569@group-B4467A1991D0-LeaderStateImpl
2024-01-26 11:56:34,808 [0f734c5b-620a-4a31-a7a8-a1d45a227569@group-B4467A1991D0-LeaderElection14] INFO  server.RaftServer$Division (RaftServerImpl.java:setFirstElection(574)) - 0f734c5b-620a-4a31-a7a8-a1d45a227569@group-B4467A1991D0: set firstElectionSinceStartup to false for becomeLeader
2024-01-26 11:56:34,808 [0f734c5b-620a-4a31-a7a8-a1d45a227569@group-B4467A1991D0-LeaderElection14] INFO  ratis.XceiverServerRatis (XceiverServerRatis.java:handleLeaderChangedNotification(945)) - Leader change notification received for group: group-B4467A1991D0 with new leaderId: 0f734c5b-620a-4a31-a7a8-a1d45a227569
2024-01-26 11:56:34,808 [0f734c5b-620a-4a31-a7a8-a1d45a227569-impl-thread1] INFO  impl.PendingRequests (PendingRequests.java:sendNotLeaderResponses(289)) - 0f734c5b-620a-4a31-a7a8-a1d45a227569@group-B4467A1991D0-PendingRequests: sendNotLeaderResponses
2024-01-26 11:56:34,809 [0f734c5b-620a-4a31-a7a8-a1d45a227569-impl-thread1] INFO  segmented.SegmentedRaftLogWorker (SegmentedRaftLogWorker.java:startLogSegment(430)) - 0f734c5b-620a-4a31-a7a8-a1d45a227569@group-B4467A1991D0-SegmentedRaftLogWorker: Starting segment from index:0
2024-01-26 11:56:34,809 [0f734c5b-620a-4a31-a7a8-a1d45a227569-impl-thread2] INFO  server.RaftServer$Division (RaftServerImpl.java:lambda$close$3(526)) - 0f734c5b-620a-4a31-a7a8-a1d45a227569@group-EE265D257B52: shutdown
2024-01-26 11:56:34,809 [0f734c5b-620a-4a31-a7a8-a1d45a227569@group-B4467A1991D0-SegmentedRaftLogWorker] INFO  segmented.BufferedWriteChannel (BufferedWriteChannel.java:open(62)) - open log_inprogress_0 at position 0
2024-01-26 11:56:34,809 [0f734c5b-620a-4a31-a7a8-a1d45a227569-impl-thread2] INFO  util.JmxRegister (JmxRegister.java:unregister(73)) - Successfully un-registered JMX Bean with object name Ratis:service=RaftServer,group=group-EE265D257B52,id=0f734c5b-620a-4a31-a7a8-a1d45a227569
2024-01-26 11:56:34,809 [0f734c5b-620a-4a31-a7a8-a1d45a227569-impl-thread2] INFO  impl.RoleInfo (RoleInfo.java:shutdownFollowerState(110)) - 0f734c5b-620a-4a31-a7a8-a1d45a227569: shutdown 0f734c5b-620a-4a31-a7a8-a1d45a227569@group-EE265D257B52-FollowerState
2024-01-26 11:56:34,813 [main] INFO  server.GrpcService (GrpcService.java:closeImpl(311)) - 0f734c5b-620a-4a31-a7a8-a1d45a227569: shutdown server org.apache.ratis.grpc.server.GrpcClientProtocolService now
2024-01-26 11:56:34,813 [0f734c5b-620a-4a31-a7a8-a1d45a227569@group-B4467A1991D0-LeaderElection14] INFO  server.RaftServer$Division (ServerState.java:setLeader(269)) - 0f734c5b-620a-4a31-a7a8-a1d45a227569@group-B4467A1991D0: change Leader from null to 0f734c5b-620a-4a31-a7a8-a1d45a227569 at term 1 for becomeLeader, leader elected after 5132ms
2024-01-26 11:56:34,814 [0f734c5b-620a-4a31-a7a8-a1d45a227569-impl-thread3] INFO  server.RaftServer$Division (RaftServerImpl.java:lambda$close$3(526)) - 0f734c5b-620a-4a31-a7a8-a1d45a227569@group-F8E872DA5D61: shutdown
2024-01-26 11:56:34,814 [0f734c5b-620a-4a31-a7a8-a1d45a227569-impl-thread3] INFO  util.JmxRegister (JmxRegister.java:unregister(73)) - Successfully un-registered JMX Bean with object name Ratis:service=RaftServer,group=group-F8E872DA5D61,id=0f734c5b-620a-4a31-a7a8-a1d45a227569
2024-01-26 11:56:34,814 [0f734c5b-620a-4a31-a7a8-a1d45a227569-impl-thread3] INFO  impl.RoleInfo (RoleInfo.java:shutdownLeaderState(94)) - 0f734c5b-620a-4a31-a7a8-a1d45a227569: shutdown 0f734c5b-620a-4a31-a7a8-a1d45a227569@group-F8E872DA5D61-LeaderStateImpl
2024-01-26 11:56:34,815 [0f734c5b-620a-4a31-a7a8-a1d45a227569-impl-thread3] INFO  impl.PendingRequests (PendingRequests.java:sendNotLeaderResponses(289)) - 0f734c5b-620a-4a31-a7a8-a1d45a227569@group-F8E872DA5D61-PendingRequests: sendNotLeaderResponses
2024-01-26 11:56:34,815 [0f734c5b-620a-4a31-a7a8-a1d45a227569@group-EE265D257B52-FollowerState] INFO  impl.FollowerState (FollowerState.java:run(152)) - 0f734c5b-620a-4a31-a7a8-a1d45a227569@group-EE265D257B52-FollowerState was interrupted
2024-01-26 11:56:34,815 [0f734c5b-620a-4a31-a7a8-a1d45a227569-impl-thread2] INFO  impl.StateMachineUpdater (StateMachineUpdater.java:stopAndJoin(157)) - 0f734c5b-620a-4a31-a7a8-a1d45a227569@group-EE265D257B52-StateMachineUpdater: set stopIndex = -1
2024-01-26 11:56:34,820 [0f734c5b-620a-4a31-a7a8-a1d45a227569-impl-thread1] INFO  server.RaftServer$Division (ServerState.java:setRaftConf(386)) - 0f734c5b-620a-4a31-a7a8-a1d45a227569@group-B4467A1991D0: set configuration 0: peers:[b514b48b-a23c-4b35-9087-6efcb4999551|10.1.0.50:15067, 0f734c5b-620a-4a31-a7a8-a1d45a227569|10.1.0.50:15049, 9cb68909-d63b-4c8c-a8c2-d1f5498e35c0|10.1.0.50:15058]|listeners:[], old=null
2024-01-26 11:56:34,820 [Thread-1657] INFO  server.GrpcServerProtocolClient (GrpcServerProtocolClient.java:close(103)) - b514b48b-a23c-4b35-9087-6efcb4999551 Close channels
2024-01-26 11:56:34,820 [0f734c5b-620a-4a31-a7a8-a1d45a227569-impl-thread2] INFO  server.RaftServer$Division (ServerState.java:close(427)) - 0f734c5b-620a-4a31-a7a8-a1d45a227569@group-EE265D257B52: applyIndex: -1
2024-01-26 11:56:34,820 [0f734c5b-620a-4a31-a7a8-a1d45a227569@group-B4467A1991D0-SegmentedRaftLogWorker] INFO  segmented.SegmentedRaftLogWorker (SegmentedRaftLogWorker.java:execute(634)) - 0f734c5b-620a-4a31-a7a8-a1d45a227569@group-B4467A1991D0-SegmentedRaftLogWorker: created new log segment /home/runner/work/ozone/ozone/hadoop-ozone/integration-test/target/test-dir/MiniOzoneClusterImpl-47c92df5-8859-41b8-9f26-037451183754/datanode-0/data/ratis/275c314f-37ff-47c3-8830-b4467a1991d0/current/log_inprogress_0
2024-01-26 11:56:34,821 [0f734c5b-620a-4a31-a7a8-a1d45a227569@group-EE265D257B52-cacheEviction-AwaitToRun] INFO  util.AwaitToRun (AwaitToRun.java:run(49)) - 0f734c5b-620a-4a31-a7a8-a1d45a227569@group-EE265D257B52-cacheEviction-AwaitToRun-AwaitForSignal is interrupted
2024-01-26 11:56:34,821 [0f734c5b-620a-4a31-a7a8-a1d45a227569-impl-thread3] INFO  impl.StateMachineUpdater (StateMachineUpdater.java:stopAndJoin(157)) - 0f734c5b-620a-4a31-a7a8-a1d45a227569@group-F8E872DA5D61-StateMachineUpdater: set stopIndex = 0
2024-01-26 11:56:34,821 [0f734c5b-620a-4a31-a7a8-a1d45a227569@group-F8E872DA5D61-StateMachineUpdater] INFO  ratis.ContainerStateMachine (ContainerStateMachine.java:takeSnapshot(355)) - group-F8E872DA5D61: Taking a snapshot at:(t:1, i:0) file /home/runner/work/ozone/ozone/hadoop-ozone/integration-test/target/test-dir/MiniOzoneClusterImpl-47c92df5-8859-41b8-9f26-037451183754/datanode-0/data/ratis/17589509-4de3-43f7-b139-f8e872da5d61/sm/snapshot.1_0
2024-01-26 11:56:34,822 [Thread-1659] INFO  server.GrpcServerProtocolClient (GrpcServerProtocolClient.java:close(103)) - 9cb68909-d63b-4c8c-a8c2-d1f5498e35c0 Close channels
2024-01-26 11:56:34,822 [0f734c5b-620a-4a31-a7a8-a1d45a227569@group-F8E872DA5D61-StateMachineUpdater] INFO  ratis.ContainerStateMachine (ContainerStateMachine.java:takeSnapshot(366)) - group-F8E872DA5D61: Finished taking a snapshot at:(t:1, i:0) file:/home/runner/work/ozone/ozone/hadoop-ozone/integration-test/target/test-dir/MiniOzoneClusterImpl-47c92df5-8859-41b8-9f26-037451183754/datanode-0/data/ratis/17589509-4de3-43f7-b139-f8e872da5d61/sm/snapshot.1_0 took: 1 ms
2024-01-26 11:56:34,823 [0f734c5b-620a-4a31-a7a8-a1d45a227569@group-F8E872DA5D61-StateMachineUpdater] INFO  impl.StateMachineUpdater (StateMachineUpdater.java:takeSnapshot(295)) - 0f734c5b-620a-4a31-a7a8-a1d45a227569@group-F8E872DA5D61-StateMachineUpdater: Took a snapshot at index 0
2024-01-26 11:56:34,823 [0f734c5b-620a-4a31-a7a8-a1d45a227569@group-F8E872DA5D61-StateMachineUpdater] INFO  impl.StateMachineUpdater (StateMachineUpdater.java:lambda$new$0(98)) - 0f734c5b-620a-4a31-a7a8-a1d45a227569@group-F8E872DA5D61-StateMachineUpdater: snapshotIndex: updateIncreasingly -1 -> 0
2024-01-26 11:56:34,826 [0f734c5b-620a-4a31-a7a8-a1d45a227569-impl-thread3] INFO  server.RaftServer$Division (ServerState.java:close(427)) - 0f734c5b-620a-4a31-a7a8-a1d45a227569@group-F8E872DA5D61: applyIndex: 0
2024-01-26 11:56:34,826 [0f734c5b-620a-4a31-a7a8-a1d45a227569@group-F8E872DA5D61-cacheEviction-AwaitToRun] INFO  util.AwaitToRun (AwaitToRun.java:run(49)) - 0f734c5b-620a-4a31-a7a8-a1d45a227569@group-F8E872DA5D61-cacheEviction-AwaitToRun-AwaitForSignal is interrupted
2024-01-26 11:56:34,826 [main] INFO  server.GrpcService (GrpcService.java:closeImpl(320)) - 0f734c5b-620a-4a31-a7a8-a1d45a227569: shutdown server org.apache.ratis.grpc.server.GrpcClientProtocolService successfully
2024-01-26 11:56:34,826 [main] INFO  server.GrpcService (GrpcService.java:closeImpl(311)) - 0f734c5b-620a-4a31-a7a8-a1d45a227569: shutdown server GrpcServerProtocolService now
2024-01-26 11:56:34,827 [grpc-default-executor-2] WARN  server.GrpcServerProtocolService (LogUtils.java:warn(121)) - 0f734c5b-620a-4a31-a7a8-a1d45a227569: APPEND_ENTRIES onError, lastRequest: null: org.apache.ratis.thirdparty.io.grpc.StatusRuntimeException: CANCELLED: client cancelled
2024-01-26 11:56:34,832 [grpc-default-executor-5] WARN  server.GrpcLogAppender (LogUtils.java:warn(121)) - 9cb68909-d63b-4c8c-a8c2-d1f5498e35c0@group-EE265D257B52->0f734c5b-620a-4a31-a7a8-a1d45a227569-AppendLogResponseHandler: Failed appendEntries: org.apache.ratis.thirdparty.io.grpc.StatusRuntimeException: CANCELLED: RST_STREAM closed stream. HTTP/2 error code: CANCEL
2024-01-26 11:56:34,833 [grpc-default-executor-5] WARN  server.GrpcLogAppender (GrpcLogAppender.java:lambda$resetClient$1(217)) - 9cb68909-d63b-4c8c-a8c2-d1f5498e35c0@group-EE265D257B52->0f734c5b-620a-4a31-a7a8-a1d45a227569-GrpcLogAppender: Follower failed (request=null, errorCount=1); keep nextIndex (1) unchanged and retry.
2024-01-26 11:56:34,833 [grpc-default-executor-4] WARN  server.GrpcServerProtocolService (LogUtils.java:warn(121)) - 0f734c5b-620a-4a31-a7a8-a1d45a227569: APPEND_ENTRIES onError, lastRequest: 9cb68909-d63b-4c8c-a8c2-d1f5498e35c0->0f734c5b-620a-4a31-a7a8-a1d45a227569#1-t1,previous=(t:0, i:0),leaderCommit=-1,initializing? false,entries: size=1, first=(t:1, i:0), CONFIGURATIONENTRY(current:id: "b514b48b-a23c-4b35-9087-6efcb4999551"
address: "10.1.0.50:15067"
dataStreamAddress: "10.1.0.50:15068"
clientAddress: "10.1.0.50:15065"
adminAddress: "10.1.0.50:15066"
startupRole: FOLLOWER
,id: "0f734c5b-620a-4a31-a7a8-a1d45a227569"
address: "10.1.0.50:15049"
dataStreamAddress: "10.1.0.50:15050"
clientAddress: "10.1.0.50:15047"
adminAddress: "10.1.0.50:15048"
startupRole: FOLLOWER
,id: "9cb68909-d63b-4c8c-a8c2-d1f5498e35c0"
address: "10.1.0.50:15058"
priority: 1
dataStreamAddress: "10.1.0.50:15059"
clientAddress: "10.1.0.50:15056"
adminAddress: "10.1.0.50:15057"
startupRole: FOLLOWER
, old:): org.apache.ratis.thirdparty.io.grpc.StatusRuntimeException: CANCELLED: client cancelled
2024-01-26 11:56:34,834 [main] INFO  server.GrpcService (GrpcService.java:closeImpl(320)) - 0f734c5b-620a-4a31-a7a8-a1d45a227569: shutdown server GrpcServerProtocolService successfully
2024-01-26 11:56:34,834 [main] INFO  server.GrpcService (GrpcService.java:closeImpl(311)) - 0f734c5b-620a-4a31-a7a8-a1d45a227569: shutdown server org.apache.ratis.grpc.server.GrpcAdminProtocolService now
2024-01-26 11:56:34,834 [9cb68909-d63b-4c8c-a8c2-d1f5498e35c0@group-4EC49586B597-FollowerState] INFO  impl.FollowerState (FollowerState.java:run(143)) - 9cb68909-d63b-4c8c-a8c2-d1f5498e35c0@group-4EC49586B597-FollowerState: change to CANDIDATE, lastRpcElapsedTime:5172222008ns, electionTimeout:5170ms
2024-01-26 11:56:34,834 [9cb68909-d63b-4c8c-a8c2-d1f5498e35c0@group-4EC49586B597-FollowerState] INFO  impl.RoleInfo (RoleInfo.java:shutdownFollowerState(110)) - 9cb68909-d63b-4c8c-a8c2-d1f5498e35c0: shutdown 9cb68909-d63b-4c8c-a8c2-d1f5498e35c0@group-4EC49586B597-FollowerState
2024-01-26 11:56:34,834 [9cb68909-d63b-4c8c-a8c2-d1f5498e35c0@group-4EC49586B597-FollowerState] INFO  server.RaftServer$Division (RaftServerImpl.java:setRole(383)) - 9cb68909-d63b-4c8c-a8c2-d1f5498e35c0@group-4EC49586B597: changes role from  FOLLOWER to CANDIDATE at term 0 for changeToCandidate
2024-01-26 11:56:34,834 [9cb68909-d63b-4c8c-a8c2-d1f5498e35c0@group-4EC49586B597-FollowerState] INFO  server.RaftServerConfigKeys (ConfUtils.java:logGet(46)) - raft.server.leaderelection.pre-vote = true (default)
2024-01-26 11:56:34,834 [9cb68909-d63b-4c8c-a8c2-d1f5498e35c0@group-4EC49586B597-FollowerState] INFO  impl.RoleInfo (RoleInfo.java:updateAndGet(139)) - 9cb68909-d63b-4c8c-a8c2-d1f5498e35c0: start 9cb68909-d63b-4c8c-a8c2-d1f5498e35c0@group-4EC49586B597-LeaderElection15
2024-01-26 11:56:34,844 [main] INFO  server.GrpcService (GrpcService.java:closeImpl(320)) - 0f734c5b-620a-4a31-a7a8-a1d45a227569: shutdown server org.apache.ratis.grpc.server.GrpcAdminProtocolService successfully
2024-01-26 11:56:34,844 [9cb68909-d63b-4c8c-a8c2-d1f5498e35c0@group-4EC49586B597-LeaderElection15] INFO  impl.LeaderElection (LeaderElection.java:askForVotes(321)) - 9cb68909-d63b-4c8c-a8c2-d1f5498e35c0@group-4EC49586B597-LeaderElection15 PRE_VOTE round 0: submit vote requests at term 0 for -1: peers:[9cb68909-d63b-4c8c-a8c2-d1f5498e35c0|10.1.0.50:15058]|listeners:[], old=null
2024-01-26 11:56:34,844 [9cb68909-d63b-4c8c-a8c2-d1f5498e35c0@group-4EC49586B597-LeaderElection15] INFO  impl.LeaderElection (LeaderElection.java:askForVotes(323)) - 9cb68909-d63b-4c8c-a8c2-d1f5498e35c0@group-4EC49586B597-LeaderElection15 PRE_VOTE round 0: result PASSED (term=0)
2024-01-26 11:56:34,845 [9cb68909-d63b-4c8c-a8c2-d1f5498e35c0@group-4EC49586B597-LeaderElection15] INFO  impl.LeaderElection (LeaderElection.java:askForVotes(321)) - 9cb68909-d63b-4c8c-a8c2-d1f5498e35c0@group-4EC49586B597-LeaderElection15 ELECTION round 0: submit vote requests at term 1 for -1: peers:[9cb68909-d63b-4c8c-a8c2-d1f5498e35c0|10.1.0.50:15058]|listeners:[], old=null
2024-01-26 11:56:34,845 [9cb68909-d63b-4c8c-a8c2-d1f5498e35c0@group-4EC49586B597-LeaderElection15] INFO  impl.LeaderElection (LeaderElection.java:askForVotes(323)) - 9cb68909-d63b-4c8c-a8c2-d1f5498e35c0@group-4EC49586B597-LeaderElection15 ELECTION round 0: result PASSED (term=1)
2024-01-26 11:56:34,845 [9cb68909-d63b-4c8c-a8c2-d1f5498e35c0@group-4EC49586B597-LeaderElection15] INFO  impl.RoleInfo (RoleInfo.java:shutdownLeaderElection(130)) - 9cb68909-d63b-4c8c-a8c2-d1f5498e35c0: shutdown 9cb68909-d63b-4c8c-a8c2-d1f5498e35c0@group-4EC49586B597-LeaderElection15
2024-01-26 11:56:34,845 [9cb68909-d63b-4c8c-a8c2-d1f5498e35c0@group-4EC49586B597-LeaderElection15] INFO  server.RaftServer$Division (RaftServerImpl.java:setRole(383)) - 9cb68909-d63b-4c8c-a8c2-d1f5498e35c0@group-4EC49586B597: changes role from CANDIDATE to LEADER at term 1 for changeToLeader
2024-01-26 11:56:34,845 [9cb68909-d63b-4c8c-a8c2-d1f5498e35c0@group-4EC49586B597-LeaderElection15] INFO  server.RaftServerConfigKeys (ConfUtils.java:logGet(46)) - raft.server.staging.catchup.gap = 1000 (default)
2024-01-26 11:56:34,847 [9cb68909-d63b-4c8c-a8c2-d1f5498e35c0@group-4EC49586B597-LeaderElection15] INFO  server.RaftServerConfigKeys (ConfUtils.java:logGet(46)) - raft.server.write.element-limit = 1024 (custom)
2024-01-26 11:56:34,847 [9cb68909-d63b-4c8c-a8c2-d1f5498e35c0@group-4EC49586B597-LeaderElection15] INFO  server.RaftServerConfigKeys (ConfUtils.java:logGet(46)) - raft.server.write.byte-limit = 1024 M (=1073741824) (custom)
2024-01-26 11:56:34,848 [9cb68909-d63b-4c8c-a8c2-d1f5498e35c0@group-4EC49586B597-LeaderElection15] INFO  server.RaftServerConfigKeys (ConfUtils.java:logGet(46)) - raft.server.watch.timeout = 180s (custom)
2024-01-26 11:56:34,848 [9cb68909-d63b-4c8c-a8c2-d1f5498e35c0@group-4EC49586B597-LeaderElection15] INFO  server.RaftServerConfigKeys (ConfUtils.java:logGet(46)) - raft.server.watch.timeout.denomination = 1s (default)
2024-01-26 11:56:34,848 [9cb68909-d63b-4c8c-a8c2-d1f5498e35c0@group-4EC49586B597-LeaderElection15] INFO  server.RaftServerConfigKeys (ConfUtils.java:logGet(46)) - raft.server.watch.element-limit = 65536 (default)
2024-01-26 11:56:34,848 [9cb68909-d63b-4c8c-a8c2-d1f5498e35c0@group-4EC49586B597-LeaderElection15] INFO  server.RaftServerConfigKeys (ConfUtils.java:logGet(46)) - raft.server.read.leader.lease.enabled = false (default)
2024-01-26 11:56:34,848 [9cb68909-d63b-4c8c-a8c2-d1f5498e35c0@group-4EC49586B597-LeaderElection15] INFO  server.RaftServerConfigKeys (ConfUtils.java:logGet(46)) - raft.server.read.leader.lease.timeout.ratio = 0.9 (default)
2024-01-26 11:56:34,848 [9cb68909-d63b-4c8c-a8c2-d1f5498e35c0@group-4EC49586B597-LeaderElection15] INFO  server.RaftServerConfigKeys (ConfUtils.java:logGet(46)) - raft.server.rpc.timeout.min = 5s (custom)
2024-01-26 11:56:34,848 [9cb68909-d63b-4c8c-a8c2-d1f5498e35c0@group-4EC49586B597-LeaderElection15] INFO  server.RaftServerConfigKeys (ConfUtils.java:logGet(46)) - raft.server.write.element-limit = 1024 (custom)
2024-01-26 11:56:34,848 [9cb68909-d63b-4c8c-a8c2-d1f5498e35c0@group-4EC49586B597-LeaderElection15] INFO  server.RaftServerConfigKeys (ConfUtils.java:logGet(46)) - raft.server.write.follower.gap.ratio.max = -1.0 (default)
2024-01-26 11:56:34,848 [9cb68909-d63b-4c8c-a8c2-d1f5498e35c0@group-4EC49586B597-LeaderElection15] INFO  impl.RoleInfo (RoleInfo.java:updateAndGet(139)) - 9cb68909-d63b-4c8c-a8c2-d1f5498e35c0: start 9cb68909-d63b-4c8c-a8c2-d1f5498e35c0@group-4EC49586B597-LeaderStateImpl
2024-01-26 11:56:34,848 [9cb68909-d63b-4c8c-a8c2-d1f5498e35c0@group-4EC49586B597-LeaderElection15] INFO  server.RaftServer$Division (RaftServerImpl.java:setFirstElection(574)) - 9cb68909-d63b-4c8c-a8c2-d1f5498e35c0@group-4EC49586B597: set firstElectionSinceStartup to false for becomeLeader
2024-01-26 11:56:34,848 [9cb68909-d63b-4c8c-a8c2-d1f5498e35c0@group-4EC49586B597-LeaderElection15] INFO  ratis.XceiverServerRatis (XceiverServerRatis.java:handleLeaderChangedNotification(945)) - Leader change notification received for group: group-4EC49586B597 with new leaderId: 9cb68909-d63b-4c8c-a8c2-d1f5498e35c0
2024-01-26 11:56:34,848 [9cb68909-d63b-4c8c-a8c2-d1f5498e35c0@group-4EC49586B597-LeaderElection15] INFO  server.RaftServer$Division (ServerState.java:setLeader(269)) - 9cb68909-d63b-4c8c-a8c2-d1f5498e35c0@group-4EC49586B597: change Leader from null to 9cb68909-d63b-4c8c-a8c2-d1f5498e35c0 at term 1 for becomeLeader, leader elected after 5230ms
2024-01-26 11:56:34,849 [9cb68909-d63b-4c8c-a8c2-d1f5498e35c0@group-4EC49586B597-LeaderElection15] INFO  segmented.SegmentedRaftLogWorker (SegmentedRaftLogWorker.java:startLogSegment(430)) - 9cb68909-d63b-4c8c-a8c2-d1f5498e35c0@group-4EC49586B597-SegmentedRaftLogWorker: Starting segment from index:0
2024-01-26 11:56:34,849 [9cb68909-d63b-4c8c-a8c2-d1f5498e35c0@group-4EC49586B597-SegmentedRaftLogWorker] INFO  segmented.BufferedWriteChannel (BufferedWriteChannel.java:open(62)) - open log_inprogress_0 at position 0
2024-01-26 11:56:34,855 [9cb68909-d63b-4c8c-a8c2-d1f5498e35c0@group-4EC49586B597-LeaderElection15] INFO  server.RaftServer$Division (ServerState.java:setRaftConf(386)) - 9cb68909-d63b-4c8c-a8c2-d1f5498e35c0@group-4EC49586B597: set configuration 0: peers:[9cb68909-d63b-4c8c-a8c2-d1f5498e35c0|10.1.0.50:15058]|listeners:[], old=null
2024-01-26 11:56:34,857 [9cb68909-d63b-4c8c-a8c2-d1f5498e35c0@group-4EC49586B597-SegmentedRaftLogWorker] INFO  segmented.SegmentedRaftLogWorker (SegmentedRaftLogWorker.java:execute(634)) - 9cb68909-d63b-4c8c-a8c2-d1f5498e35c0@group-4EC49586B597-SegmentedRaftLogWorker: created new log segment /home/runner/work/ozone/ozone/hadoop-ozone/integration-test/target/test-dir/MiniOzoneClusterImpl-47c92df5-8859-41b8-9f26-037451183754/datanode-1/data/ratis/31b92d74-d28b-40c2-a4f4-4ec49586b597/current/log_inprogress_0
2024-01-26 11:56:34,859 [9cb68909-d63b-4c8c-a8c2-d1f5498e35c0@group-4EC49586B597-StateMachineUpdater] INFO  server.RaftServer$Division (LeaderStateImpl.java:isApplied(320)) - leader is ready since appliedIndex == 0 >= startIndex == 0
2024-01-26 11:56:34,867 [0f734c5b-620a-4a31-a7a8-a1d45a227569-NettyServerStreamRpc-bossGroup--thread1] INFO  logging.LoggingHandler (AbstractInternalLogger.java:log(148)) - [id: 0xd49a2f3a, L:/0.0.0.0:15050] CLOSE
2024-01-26 11:56:34,867 [0f734c5b-620a-4a31-a7a8-a1d45a227569-NettyServerStreamRpc-bossGroup--thread1] INFO  logging.LoggingHandler (AbstractInternalLogger.java:log(148)) - [id: 0xd49a2f3a, L:/0.0.0.0:15050] INACTIVE
2024-01-26 11:56:34,867 [0f734c5b-620a-4a31-a7a8-a1d45a227569-NettyServerStreamRpc-bossGroup--thread1] INFO  logging.LoggingHandler (AbstractInternalLogger.java:log(148)) - [id: 0xd49a2f3a, L:/0.0.0.0:15050] UNREGISTERED
2024-01-26 11:56:34,971 [b514b48b-a23c-4b35-9087-6efcb4999551@group-E3295A5948AF-FollowerState] INFO  impl.FollowerState (FollowerState.java:run(143)) - b514b48b-a23c-4b35-9087-6efcb4999551@group-E3295A5948AF-FollowerState: change to CANDIDATE, lastRpcElapsedTime:5189940529ns, electionTimeout:5184ms
2024-01-26 11:56:34,971 [b514b48b-a23c-4b35-9087-6efcb4999551@group-E3295A5948AF-FollowerState] INFO  impl.RoleInfo (RoleInfo.java:shutdownFollowerState(110)) - b514b48b-a23c-4b35-9087-6efcb4999551: shutdown b514b48b-a23c-4b35-9087-6efcb4999551@group-E3295A5948AF-FollowerState
2024-01-26 11:56:34,971 [b514b48b-a23c-4b35-9087-6efcb4999551@group-E3295A5948AF-FollowerState] INFO  server.RaftServer$Division (RaftServerImpl.java:setRole(383)) - b514b48b-a23c-4b35-9087-6efcb4999551@group-E3295A5948AF: changes role from  FOLLOWER to CANDIDATE at term 0 for changeToCandidate
2024-01-26 11:56:34,971 [b514b48b-a23c-4b35-9087-6efcb4999551@group-E3295A5948AF-FollowerState] INFO  server.RaftServerConfigKeys (ConfUtils.java:logGet(46)) - raft.server.leaderelection.pre-vote = true (default)
2024-01-26 11:56:34,971 [b514b48b-a23c-4b35-9087-6efcb4999551@group-E3295A5948AF-FollowerState] INFO  impl.RoleInfo (RoleInfo.java:updateAndGet(139)) - b514b48b-a23c-4b35-9087-6efcb4999551: start b514b48b-a23c-4b35-9087-6efcb4999551@group-E3295A5948AF-LeaderElection16
2024-01-26 11:56:34,973 [b514b48b-a23c-4b35-9087-6efcb4999551@group-E3295A5948AF-LeaderElection16] INFO  impl.LeaderElection (LeaderElection.java:askForVotes(321)) - b514b48b-a23c-4b35-9087-6efcb4999551@group-E3295A5948AF-LeaderElection16 PRE_VOTE round 0: submit vote requests at term 0 for -1: peers:[b514b48b-a23c-4b35-9087-6efcb4999551|10.1.0.50:15067]|listeners:[], old=null
2024-01-26 11:56:34,974 [b514b48b-a23c-4b35-9087-6efcb4999551@group-E3295A5948AF-LeaderElection16] INFO  impl.LeaderElection (LeaderElection.java:askForVotes(323)) - b514b48b-a23c-4b35-9087-6efcb4999551@group-E3295A5948AF-LeaderElection16 PRE_VOTE round 0: result PASSED (term=0)
2024-01-26 11:56:34,975 [b514b48b-a23c-4b35-9087-6efcb4999551@group-E3295A5948AF-LeaderElection16] INFO  impl.LeaderElection (LeaderElection.java:askForVotes(321)) - b514b48b-a23c-4b35-9087-6efcb4999551@group-E3295A5948AF-LeaderElection16 ELECTION round 0: submit vote requests at term 1 for -1: peers:[b514b48b-a23c-4b35-9087-6efcb4999551|10.1.0.50:15067]|listeners:[], old=null
2024-01-26 11:56:34,975 [b514b48b-a23c-4b35-9087-6efcb4999551@group-E3295A5948AF-LeaderElection16] INFO  impl.LeaderElection (LeaderElection.java:askForVotes(323)) - b514b48b-a23c-4b35-9087-6efcb4999551@group-E3295A5948AF-LeaderElection16 ELECTION round 0: result PASSED (term=1)
2024-01-26 11:56:34,975 [b514b48b-a23c-4b35-9087-6efcb4999551@group-E3295A5948AF-LeaderElection16] INFO  impl.RoleInfo (RoleInfo.java:shutdownLeaderElection(130)) - b514b48b-a23c-4b35-9087-6efcb4999551: shutdown b514b48b-a23c-4b35-9087-6efcb4999551@group-E3295A5948AF-LeaderElection16
2024-01-26 11:56:34,975 [b514b48b-a23c-4b35-9087-6efcb4999551@group-E3295A5948AF-LeaderElection16] INFO  server.RaftServer$Division (RaftServerImpl.java:setRole(383)) - b514b48b-a23c-4b35-9087-6efcb4999551@group-E3295A5948AF: changes role from CANDIDATE to LEADER at term 1 for changeToLeader
2024-01-26 11:56:34,975 [b514b48b-a23c-4b35-9087-6efcb4999551@group-E3295A5948AF-LeaderElection16] INFO  server.RaftServerConfigKeys (ConfUtils.java:logGet(46)) - raft.server.staging.catchup.gap = 1000 (default)
2024-01-26 11:56:34,975 [b514b48b-a23c-4b35-9087-6efcb4999551@group-E3295A5948AF-LeaderElection16] INFO  server.RaftServerConfigKeys (ConfUtils.java:logGet(46)) - raft.server.write.element-limit = 1024 (custom)
2024-01-26 11:56:34,975 [b514b48b-a23c-4b35-9087-6efcb4999551@group-E3295A5948AF-LeaderElection16] INFO  server.RaftServerConfigKeys (ConfUtils.java:logGet(46)) - raft.server.write.byte-limit = 1024 M (=1073741824) (custom)
2024-01-26 11:56:34,975 [b514b48b-a23c-4b35-9087-6efcb4999551@group-E3295A5948AF-LeaderElection16] INFO  server.RaftServerConfigKeys (ConfUtils.java:logGet(46)) - raft.server.watch.timeout = 180s (custom)
2024-01-26 11:56:34,975 [b514b48b-a23c-4b35-9087-6efcb4999551@group-E3295A5948AF-LeaderElection16] INFO  server.RaftServerConfigKeys (ConfUtils.java:logGet(46)) - raft.server.watch.timeout.denomination = 1s (default)
2024-01-26 11:56:34,975 [b514b48b-a23c-4b35-9087-6efcb4999551@group-E3295A5948AF-LeaderElection16] INFO  server.RaftServerConfigKeys (ConfUtils.java:logGet(46)) - raft.server.watch.element-limit = 65536 (default)
2024-01-26 11:56:34,975 [b514b48b-a23c-4b35-9087-6efcb4999551@group-E3295A5948AF-LeaderElection16] INFO  server.RaftServerConfigKeys (ConfUtils.java:logGet(46)) - raft.server.read.leader.lease.enabled = false (default)
2024-01-26 11:56:34,975 [b514b48b-a23c-4b35-9087-6efcb4999551@group-E3295A5948AF-LeaderElection16] INFO  server.RaftServerConfigKeys (ConfUtils.java:logGet(46)) - raft.server.read.leader.lease.timeout.ratio = 0.9 (default)
2024-01-26 11:56:34,976 [b514b48b-a23c-4b35-9087-6efcb4999551@group-E3295A5948AF-LeaderElection16] INFO  server.RaftServerConfigKeys (ConfUtils.java:logGet(46)) - raft.server.rpc.timeout.min = 5s (custom)
2024-01-26 11:56:34,976 [b514b48b-a23c-4b35-9087-6efcb4999551@group-E3295A5948AF-LeaderElection16] INFO  server.RaftServerConfigKeys (ConfUtils.java:logGet(46)) - raft.server.write.element-limit = 1024 (custom)
2024-01-26 11:56:34,976 [b514b48b-a23c-4b35-9087-6efcb4999551@group-E3295A5948AF-LeaderElection16] INFO  server.RaftServerConfigKeys (ConfUtils.java:logGet(46)) - raft.server.write.follower.gap.ratio.max = -1.0 (default)
2024-01-26 11:56:34,976 [b514b48b-a23c-4b35-9087-6efcb4999551@group-E3295A5948AF-LeaderElection16] INFO  impl.RoleInfo (RoleInfo.java:updateAndGet(139)) - b514b48b-a23c-4b35-9087-6efcb4999551: start b514b48b-a23c-4b35-9087-6efcb4999551@group-E3295A5948AF-LeaderStateImpl
2024-01-26 11:56:34,976 [b514b48b-a23c-4b35-9087-6efcb4999551@group-E3295A5948AF-LeaderElection16] INFO  server.RaftServer$Division (RaftServerImpl.java:setFirstElection(574)) - b514b48b-a23c-4b35-9087-6efcb4999551@group-E3295A5948AF: set firstElectionSinceStartup to false for becomeLeader
2024-01-26 11:56:34,976 [b514b48b-a23c-4b35-9087-6efcb4999551@group-E3295A5948AF-LeaderElection16] INFO  ratis.XceiverServerRatis (XceiverServerRatis.java:handleLeaderChangedNotification(945)) - Leader change notification received for group: group-E3295A5948AF with new leaderId: b514b48b-a23c-4b35-9087-6efcb4999551
2024-01-26 11:56:34,976 [b514b48b-a23c-4b35-9087-6efcb4999551@group-E3295A5948AF-LeaderElection16] INFO  server.RaftServer$Division (ServerState.java:setLeader(269)) - b514b48b-a23c-4b35-9087-6efcb4999551@group-E3295A5948AF: change Leader from null to b514b48b-a23c-4b35-9087-6efcb4999551 at term 1 for becomeLeader, leader elected after 5237ms
2024-01-26 11:56:34,976 [b514b48b-a23c-4b35-9087-6efcb4999551@group-E3295A5948AF-LeaderElection16] INFO  segmented.SegmentedRaftLogWorker (SegmentedRaftLogWorker.java:startLogSegment(430)) - b514b48b-a23c-4b35-9087-6efcb4999551@group-E3295A5948AF-SegmentedRaftLogWorker: Starting segment from index:0
2024-01-26 11:56:34,977 [b514b48b-a23c-4b35-9087-6efcb4999551@group-E3295A5948AF-SegmentedRaftLogWorker] INFO  segmented.BufferedWriteChannel (BufferedWriteChannel.java:open(62)) - open log_inprogress_0 at position 0
2024-01-26 11:56:34,980 [b514b48b-a23c-4b35-9087-6efcb4999551@group-E3295A5948AF-LeaderElection16] INFO  server.RaftServer$Division (ServerState.java:setRaftConf(386)) - b514b48b-a23c-4b35-9087-6efcb4999551@group-E3295A5948AF: set configuration 0: peers:[b514b48b-a23c-4b35-9087-6efcb4999551|10.1.0.50:15067]|listeners:[], old=null
2024-01-26 11:56:34,984 [b514b48b-a23c-4b35-9087-6efcb4999551@group-E3295A5948AF-SegmentedRaftLogWorker] INFO  segmented.SegmentedRaftLogWorker (SegmentedRaftLogWorker.java:execute(634)) - b514b48b-a23c-4b35-9087-6efcb4999551@group-E3295A5948AF-SegmentedRaftLogWorker: created new log segment /home/runner/work/ozone/ozone/hadoop-ozone/integration-test/target/test-dir/MiniOzoneClusterImpl-47c92df5-8859-41b8-9f26-037451183754/datanode-2/data/ratis/20f8bcd2-606e-428a-bff0-e3295a5948af/current/log_inprogress_0
2024-01-26 11:56:34,985 [b514b48b-a23c-4b35-9087-6efcb4999551@group-E3295A5948AF-StateMachineUpdater] INFO  server.RaftServer$Division (LeaderStateImpl.java:isApplied(320)) - leader is ready since appliedIndex == 0 >= startIndex == 0
2024-01-26 11:56:35,639 [0f734c5b-620a-4a31-a7a8-a1d45a227569-impl-thread3] INFO  segmented.SegmentedRaftLogWorker (SegmentedRaftLogWorker.java:close(245)) - 0f734c5b-620a-4a31-a7a8-a1d45a227569@group-F8E872DA5D61-SegmentedRaftLogWorker close()
2024-01-26 11:56:35,753 [0f734c5b-620a-4a31-a7a8-a1d45a227569-impl-thread2] INFO  segmented.SegmentedRaftLogWorker (SegmentedRaftLogWorker.java:close(245)) - 0f734c5b-620a-4a31-a7a8-a1d45a227569@group-EE265D257B52-SegmentedRaftLogWorker close()
2024-01-26 11:56:39,833 [timer6] WARN  server.GrpcLogAppender (LogUtils.java:warn(121)) - 9cb68909-d63b-4c8c-a8c2-d1f5498e35c0@group-EE265D257B52->0f734c5b-620a-4a31-a7a8-a1d45a227569-AppendLogResponseHandler: Failed appendEntries (Repeated 8 times in the last 5.000s): org.apache.ratis.thirdparty.io.grpc.StatusRuntimeException: UNAVAILABLE: io exception
2024-01-26 11:56:39,833 [timer7] WARN  server.GrpcLogAppender (GrpcLogAppender.java:lambda$resetClient$1(217)) - 9cb68909-d63b-4c8c-a8c2-d1f5498e35c0@group-EE265D257B52->0f734c5b-620a-4a31-a7a8-a1d45a227569-GrpcLogAppender: Follower failed (request=null, errorCount=8); keep nextIndex (1) unchanged and retry. (Repeated 8 times in the last 5.001s)
2024-01-26 11:56:41,014 [grpc-default-executor-6] WARN  server.GrpcLogAppender (LogUtils.java:warn(121)) - 9cb68909-d63b-4c8c-a8c2-d1f5498e35c0@group-EE265D257B52->0f734c5b-620a-4a31-a7a8-a1d45a227569-AppendLogResponseHandler: Failed appendEntries: org.apache.ratis.thirdparty.io.grpc.StatusRuntimeException: UNAVAILABLE: io exception
2024-01-26 11:56:41,016 [grpc-default-executor-2] WARN  server.GrpcLogAppender (GrpcLogAppender.java:lambda$resetClient$1(217)) - 9cb68909-d63b-4c8c-a8c2-d1f5498e35c0@group-EE265D257B52->0f734c5b-620a-4a31-a7a8-a1d45a227569-GrpcLogAppender: Follower failed (request=null, errorCount=9); keep nextIndex (1) unchanged and retry.
2024-01-26 11:56:44,916 [b514b48b-a23c-4b35-9087-6efcb4999551@group-B4467A1991D0-FollowerState] INFO  impl.FollowerState (FollowerState.java:run(143)) - b514b48b-a23c-4b35-9087-6efcb4999551@group-B4467A1991D0-FollowerState: change to CANDIDATE, lastRpcElapsedTime:10114787827ns, electionTimeout:5057ms
2024-01-26 11:56:44,916 [b514b48b-a23c-4b35-9087-6efcb4999551@group-B4467A1991D0-FollowerState] INFO  impl.RoleInfo (RoleInfo.java:shutdownFollowerState(110)) - b514b48b-a23c-4b35-9087-6efcb4999551: shutdown b514b48b-a23c-4b35-9087-6efcb4999551@group-B4467A1991D0-FollowerState
2024-01-26 11:56:44,916 [b514b48b-a23c-4b35-9087-6efcb4999551@group-B4467A1991D0-FollowerState] INFO  server.RaftServer$Division (RaftServerImpl.java:setRole(383)) - b514b48b-a23c-4b35-9087-6efcb4999551@group-B4467A1991D0: changes role from  FOLLOWER to CANDIDATE at term 1 for changeToCandidate
2024-01-26 11:56:44,916 [b514b48b-a23c-4b35-9087-6efcb4999551@group-B4467A1991D0-FollowerState] INFO  server.RaftServerConfigKeys (ConfUtils.java:logGet(46)) - raft.server.leaderelection.pre-vote = true (default)
2024-01-26 11:56:44,916 [b514b48b-a23c-4b35-9087-6efcb4999551@group-B4467A1991D0-FollowerState] INFO  impl.RoleInfo (RoleInfo.java:updateAndGet(139)) - b514b48b-a23c-4b35-9087-6efcb4999551: start b514b48b-a23c-4b35-9087-6efcb4999551@group-B4467A1991D0-LeaderElection17
2024-01-26 11:56:44,917 [b514b48b-a23c-4b35-9087-6efcb4999551@group-B4467A1991D0-LeaderElection17] INFO  impl.LeaderElection (LeaderElection.java:askForVotes(321)) - b514b48b-a23c-4b35-9087-6efcb4999551@group-B4467A1991D0-LeaderElection17 PRE_VOTE round 0: submit vote requests at term 1 for -1: peers:[b514b48b-a23c-4b35-9087-6efcb4999551|10.1.0.50:15067, 0f734c5b-620a-4a31-a7a8-a1d45a227569|10.1.0.50:15049, 9cb68909-d63b-4c8c-a8c2-d1f5498e35c0|10.1.0.50:15058]|listeners:[], old=null
2024-01-26 11:56:44,917 [b514b48b-a23c-4b35-9087-6efcb4999551@group-B4467A1991D0-LeaderElection17-1] INFO  server.GrpcServerProtocolClient (GrpcServerProtocolClient.java:<init>(65)) - Build channel for 0f734c5b-620a-4a31-a7a8-a1d45a227569|10.1.0.50:15049
2024-01-26 11:56:44,917 [b514b48b-a23c-4b35-9087-6efcb4999551@group-B4467A1991D0-LeaderElection17-2] INFO  server.GrpcServerProtocolClient (GrpcServerProtocolClient.java:<init>(65)) - Build channel for 9cb68909-d63b-4c8c-a8c2-d1f5498e35c0|10.1.0.50:15058
2024-01-26 11:56:44,922 [b514b48b-a23c-4b35-9087-6efcb4999551@group-B4467A1991D0-LeaderElection17] INFO  impl.LeaderElection (LogUtils.java:infoOrTrace(136)) - b514b48b-a23c-4b35-9087-6efcb4999551@group-B4467A1991D0-LeaderElection17 got exception when requesting votes: java.util.concurrent.ExecutionException: org.apache.ratis.thirdparty.io.grpc.StatusRuntimeException: UNAVAILABLE: io exception
2024-01-26 11:56:44,923 [grpc-default-executor-6] INFO  server.RaftServer$Division (RaftServerImpl.java:requestVote(1389)) - 9cb68909-d63b-4c8c-a8c2-d1f5498e35c0@group-B4467A1991D0: receive requestVote(PRE_VOTE, b514b48b-a23c-4b35-9087-6efcb4999551, group-B4467A1991D0, 1, (t:0, i:0))
2024-01-26 11:56:44,923 [grpc-default-executor-6] INFO  impl.VoteContext (VoteContext.java:log(49)) - 9cb68909-d63b-4c8c-a8c2-d1f5498e35c0@group-B4467A1991D0-FOLLOWER: accept PRE_VOTE from b514b48b-a23c-4b35-9087-6efcb4999551: our priority 0 <= candidate's priority 0
2024-01-26 11:56:44,923 [grpc-default-executor-6] INFO  server.RaftServer$Division (RaftServerImpl.java:requestVote(1422)) - 9cb68909-d63b-4c8c-a8c2-d1f5498e35c0@group-B4467A1991D0 replies to PRE_VOTE vote request: b514b48b-a23c-4b35-9087-6efcb4999551<-9cb68909-d63b-4c8c-a8c2-d1f5498e35c0#0:OK-t1. Peer's state: 9cb68909-d63b-4c8c-a8c2-d1f5498e35c0@group-B4467A1991D0:t1, leader=null, voted=0f734c5b-620a-4a31-a7a8-a1d45a227569, raftlog=Memoized:9cb68909-d63b-4c8c-a8c2-d1f5498e35c0@group-B4467A1991D0-SegmentedRaftLog:OPENED:c-1, conf=-1: peers:[b514b48b-a23c-4b35-9087-6efcb4999551|10.1.0.50:15067, 0f734c5b-620a-4a31-a7a8-a1d45a227569|10.1.0.50:15049, 9cb68909-d63b-4c8c-a8c2-d1f5498e35c0|10.1.0.50:15058]|listeners:[], old=null
2024-01-26 11:56:44,925 [b514b48b-a23c-4b35-9087-6efcb4999551@group-B4467A1991D0-LeaderElection17] INFO  impl.LeaderElection (LeaderElection.java:logAndReturn(89)) - b514b48b-a23c-4b35-9087-6efcb4999551@group-B4467A1991D0-LeaderElection17: PRE_VOTE PASSED received 1 response(s) and 1 exception(s):
2024-01-26 11:56:44,925 [b514b48b-a23c-4b35-9087-6efcb4999551@group-B4467A1991D0-LeaderElection17] INFO  impl.LeaderElection (LeaderElection.java:logAndReturn(93)) -   Response 0: b514b48b-a23c-4b35-9087-6efcb4999551<-9cb68909-d63b-4c8c-a8c2-d1f5498e35c0#0:OK-t1
2024-01-26 11:56:44,926 [b514b48b-a23c-4b35-9087-6efcb4999551@group-B4467A1991D0-LeaderElection17] INFO  impl.LeaderElection (LogUtils.java:infoOrTrace(136)) -   Exception 1: java.util.concurrent.ExecutionException: org.apache.ratis.thirdparty.io.grpc.StatusRuntimeException: UNAVAILABLE: io exception
2024-01-26 11:56:44,926 [b514b48b-a23c-4b35-9087-6efcb4999551@group-B4467A1991D0-LeaderElection17] INFO  impl.LeaderElection (LeaderElection.java:askForVotes(323)) - b514b48b-a23c-4b35-9087-6efcb4999551@group-B4467A1991D0-LeaderElection17 PRE_VOTE round 0: result PASSED
2024-01-26 11:56:44,927 [b514b48b-a23c-4b35-9087-6efcb4999551@group-B4467A1991D0-LeaderElection17] INFO  impl.LeaderElection (LeaderElection.java:askForVotes(321)) - b514b48b-a23c-4b35-9087-6efcb4999551@group-B4467A1991D0-LeaderElection17 ELECTION round 0: submit vote requests at term 2 for -1: peers:[b514b48b-a23c-4b35-9087-6efcb4999551|10.1.0.50:15067, 0f734c5b-620a-4a31-a7a8-a1d45a227569|10.1.0.50:15049, 9cb68909-d63b-4c8c-a8c2-d1f5498e35c0|10.1.0.50:15058]|listeners:[], old=null
2024-01-26 11:56:44,928 [b514b48b-a23c-4b35-9087-6efcb4999551@group-B4467A1991D0-LeaderElection17] INFO  impl.LeaderElection (LogUtils.java:infoOrTrace(136)) - b514b48b-a23c-4b35-9087-6efcb4999551@group-B4467A1991D0-LeaderElection17 got exception when requesting votes: java.util.concurrent.ExecutionException: org.apache.ratis.thirdparty.io.grpc.StatusRuntimeException: UNAVAILABLE: io exception
2024-01-26 11:56:44,929 [grpc-default-executor-6] INFO  server.RaftServer$Division (RaftServerImpl.java:requestVote(1389)) - 9cb68909-d63b-4c8c-a8c2-d1f5498e35c0@group-B4467A1991D0: receive requestVote(ELECTION, b514b48b-a23c-4b35-9087-6efcb4999551, group-B4467A1991D0, 2, (t:0, i:0))
2024-01-26 11:56:44,929 [grpc-default-executor-6] INFO  impl.VoteContext (VoteContext.java:log(49)) - 9cb68909-d63b-4c8c-a8c2-d1f5498e35c0@group-B4467A1991D0-FOLLOWER: accept ELECTION from b514b48b-a23c-4b35-9087-6efcb4999551: our priority 0 <= candidate's priority 0
2024-01-26 11:56:44,929 [grpc-default-executor-6] INFO  server.RaftServer$Division (RaftServerImpl.java:setRole(383)) - 9cb68909-d63b-4c8c-a8c2-d1f5498e35c0@group-B4467A1991D0: changes role from  FOLLOWER to FOLLOWER at term 2 for candidate:b514b48b-a23c-4b35-9087-6efcb4999551
2024-01-26 11:56:44,929 [grpc-default-executor-6] INFO  impl.RoleInfo (RoleInfo.java:shutdownFollowerState(110)) - 9cb68909-d63b-4c8c-a8c2-d1f5498e35c0: shutdown 9cb68909-d63b-4c8c-a8c2-d1f5498e35c0@group-B4467A1991D0-FollowerState
2024-01-26 11:56:44,929 [grpc-default-executor-6] INFO  impl.RoleInfo (RoleInfo.java:updateAndGet(139)) - 9cb68909-d63b-4c8c-a8c2-d1f5498e35c0: start 9cb68909-d63b-4c8c-a8c2-d1f5498e35c0@group-B4467A1991D0-FollowerState
2024-01-26 11:56:44,929 [9cb68909-d63b-4c8c-a8c2-d1f5498e35c0@group-B4467A1991D0-FollowerState] INFO  impl.FollowerState (FollowerState.java:run(152)) - 9cb68909-d63b-4c8c-a8c2-d1f5498e35c0@group-B4467A1991D0-FollowerState was interrupted
2024-01-26 11:56:44,931 [grpc-default-executor-6] INFO  server.RaftServer$Division (RaftServerImpl.java:requestVote(1422)) - 9cb68909-d63b-4c8c-a8c2-d1f5498e35c0@group-B4467A1991D0 replies to ELECTION vote request: b514b48b-a23c-4b35-9087-6efcb4999551<-9cb68909-d63b-4c8c-a8c2-d1f5498e35c0#0:OK-t2. Peer's state: 9cb68909-d63b-4c8c-a8c2-d1f5498e35c0@group-B4467A1991D0:t2, leader=null, voted=b514b48b-a23c-4b35-9087-6efcb4999551, raftlog=Memoized:9cb68909-d63b-4c8c-a8c2-d1f5498e35c0@group-B4467A1991D0-SegmentedRaftLog:OPENED:c-1, conf=-1: peers:[b514b48b-a23c-4b35-9087-6efcb4999551|10.1.0.50:15067, 0f734c5b-620a-4a31-a7a8-a1d45a227569|10.1.0.50:15049, 9cb68909-d63b-4c8c-a8c2-d1f5498e35c0|10.1.0.50:15058]|listeners:[], old=null
2024-01-26 11:56:44,932 [b514b48b-a23c-4b35-9087-6efcb4999551@group-B4467A1991D0-LeaderElection17] INFO  impl.LeaderElection (LeaderElection.java:logAndReturn(89)) - b514b48b-a23c-4b35-9087-6efcb4999551@group-B4467A1991D0-LeaderElection17: ELECTION PASSED received 1 response(s) and 1 exception(s):
2024-01-26 11:56:44,932 [b514b48b-a23c-4b35-9087-6efcb4999551@group-B4467A1991D0-LeaderElection17] INFO  impl.LeaderElection (LeaderElection.java:logAndReturn(93)) -   Response 0: b514b48b-a23c-4b35-9087-6efcb4999551<-9cb68909-d63b-4c8c-a8c2-d1f5498e35c0#0:OK-t2
2024-01-26 11:56:44,932 [b514b48b-a23c-4b35-9087-6efcb4999551@group-B4467A1991D0-LeaderElection17] INFO  impl.LeaderElection (LogUtils.java:infoOrTrace(136)) -   Exception 1: java.util.concurrent.ExecutionException: org.apache.ratis.thirdparty.io.grpc.StatusRuntimeException: UNAVAILABLE: io exception
2024-01-26 11:56:44,932 [b514b48b-a23c-4b35-9087-6efcb4999551@group-B4467A1991D0-LeaderElection17] INFO  impl.LeaderElection (LeaderElection.java:askForVotes(323)) - b514b48b-a23c-4b35-9087-6efcb4999551@group-B4467A1991D0-LeaderElection17 ELECTION round 0: result PASSED
2024-01-26 11:56:44,932 [b514b48b-a23c-4b35-9087-6efcb4999551@group-B4467A1991D0-LeaderElection17] INFO  impl.RoleInfo (RoleInfo.java:shutdownLeaderElection(130)) - b514b48b-a23c-4b35-9087-6efcb4999551: shutdown b514b48b-a23c-4b35-9087-6efcb4999551@group-B4467A1991D0-LeaderElection17
2024-01-26 11:56:44,932 [b514b48b-a23c-4b35-9087-6efcb4999551@group-B4467A1991D0-LeaderElection17] INFO  server.RaftServer$Division (RaftServerImpl.java:setRole(383)) - b514b48b-a23c-4b35-9087-6efcb4999551@group-B4467A1991D0: changes role from CANDIDATE to LEADER at term 2 for changeToLeader
2024-01-26 11:56:44,933 [b514b48b-a23c-4b35-9087-6efcb4999551@group-B4467A1991D0-LeaderElection17] INFO  server.RaftServerConfigKeys (ConfUtils.java:logGet(46)) - raft.server.staging.catchup.gap = 1000 (default)
2024-01-26 11:56:44,933 [b514b48b-a23c-4b35-9087-6efcb4999551@group-B4467A1991D0-LeaderElection17] INFO  server.RaftServerConfigKeys (ConfUtils.java:logGet(46)) - raft.server.write.element-limit = 1024 (custom)
2024-01-26 11:56:44,933 [b514b48b-a23c-4b35-9087-6efcb4999551@group-B4467A1991D0-LeaderElection17] INFO  server.RaftServerConfigKeys (ConfUtils.java:logGet(46)) - raft.server.write.byte-limit = 1024 M (=1073741824) (custom)
2024-01-26 11:56:44,933 [b514b48b-a23c-4b35-9087-6efcb4999551@group-B4467A1991D0-LeaderElection17] INFO  server.RaftServerConfigKeys (ConfUtils.java:logGet(46)) - raft.server.watch.timeout = 180s (custom)
2024-01-26 11:56:44,933 [b514b48b-a23c-4b35-9087-6efcb4999551@group-B4467A1991D0-LeaderElection17] INFO  server.RaftServerConfigKeys (ConfUtils.java:logGet(46)) - raft.server.watch.timeout.denomination = 1s (default)
2024-01-26 11:56:44,933 [b514b48b-a23c-4b35-9087-6efcb4999551@group-B4467A1991D0-LeaderElection17] INFO  server.RaftServerConfigKeys (ConfUtils.java:logGet(46)) - raft.server.watch.element-limit = 65536 (default)
2024-01-26 11:56:44,933 [b514b48b-a23c-4b35-9087-6efcb4999551@group-B4467A1991D0-LeaderElection17] INFO  server.RaftServerConfigKeys (ConfUtils.java:logGet(46)) - raft.server.read.leader.lease.enabled = false (default)
2024-01-26 11:56:44,933 [b514b48b-a23c-4b35-9087-6efcb4999551@group-B4467A1991D0-LeaderElection17] INFO  server.RaftServerConfigKeys (ConfUtils.java:logGet(46)) - raft.server.read.leader.lease.timeout.ratio = 0.9 (default)
2024-01-26 11:56:44,934 [b514b48b-a23c-4b35-9087-6efcb4999551@group-B4467A1991D0-LeaderElection17] INFO  server.RaftServerConfigKeys (ConfUtils.java:logGet(46)) - raft.server.rpc.timeout.min = 5s (custom)
2024-01-26 11:56:44,934 [b514b48b-a23c-4b35-9087-6efcb4999551@group-B4467A1991D0-LeaderElection17] INFO  server.RaftServerConfigKeys (ConfUtils.java:logGet(46)) - raft.server.write.element-limit = 1024 (custom)
2024-01-26 11:56:44,934 [b514b48b-a23c-4b35-9087-6efcb4999551@group-B4467A1991D0-LeaderElection17] INFO  server.RaftServerConfigKeys (ConfUtils.java:logGet(46)) - raft.server.write.follower.gap.ratio.max = -1.0 (default)
2024-01-26 11:56:44,934 [b514b48b-a23c-4b35-9087-6efcb4999551@group-B4467A1991D0-LeaderElection17] INFO  server.RaftServerConfigKeys (ConfUtils.java:logGet(46)) - raft.server.log.appender.snapshot.chunk.size.max = 16MB (=16777216) (default)
2024-01-26 11:56:44,934 [b514b48b-a23c-4b35-9087-6efcb4999551@group-B4467A1991D0-LeaderElection17] INFO  server.RaftServerConfigKeys (ConfUtils.java:logGet(46)) - raft.server.log.appender.buffer.byte-limit = 8388608 (custom)
2024-01-26 11:56:44,934 [b514b48b-a23c-4b35-9087-6efcb4999551@group-B4467A1991D0-LeaderElection17] INFO  server.RaftServerConfigKeys (ConfUtils.java:logGet(46)) - raft.server.log.appender.buffer.element-limit = 1 (custom)
2024-01-26 11:56:44,934 [b514b48b-a23c-4b35-9087-6efcb4999551@group-B4467A1991D0-LeaderElection17] INFO  server.RaftServerConfigKeys (ConfUtils.java:logGet(46)) - raft.server.log.appender.wait-time.min = 0μs (custom)
2024-01-26 11:56:44,935 [b514b48b-a23c-4b35-9087-6efcb4999551@group-B4467A1991D0-LeaderElection17] INFO  grpc.GrpcConfigKeys (ConfUtils.java:logGet(46)) - raft.grpc.server.leader.outstanding.appends.max = 8 (default)
2024-01-26 11:56:44,935 [b514b48b-a23c-4b35-9087-6efcb4999551@group-B4467A1991D0-LeaderElection17] INFO  server.RaftServerConfigKeys (ConfUtils.java:logGet(46)) - raft.server.rpc.request.timeout = 60s (custom)
2024-01-26 11:56:44,935 [b514b48b-a23c-4b35-9087-6efcb4999551@group-B4467A1991D0-LeaderElection17] INFO  grpc.GrpcConfigKeys (ConfUtils.java:logGet(46)) - raft.grpc.server.install_snapshot.request.element-limit = 8 (default)
2024-01-26 11:56:44,935 [b514b48b-a23c-4b35-9087-6efcb4999551@group-B4467A1991D0-LeaderElection17] INFO  grpc.GrpcConfigKeys (ConfUtils.java:logGet(46)) - raft.grpc.server.install_snapshot.request.timeout = 3000ms (default)
2024-01-26 11:56:44,935 [b514b48b-a23c-4b35-9087-6efcb4999551@group-B4467A1991D0-LeaderElection17] INFO  grpc.GrpcConfigKeys (ConfUtils.java:logGet(46)) - raft.grpc.server.log-message.batch.duration = 5s (default)
2024-01-26 11:56:44,935 [b514b48b-a23c-4b35-9087-6efcb4999551@group-B4467A1991D0-LeaderElection17] INFO  server.RaftServerConfigKeys (ConfUtils.java:logGet(46)) - raft.server.log.appender.install.snapshot.enabled = false (custom)
2024-01-26 11:56:44,935 [b514b48b-a23c-4b35-9087-6efcb4999551@group-B4467A1991D0-LeaderElection17] INFO  grpc.GrpcConfigKeys (ConfUtils.java:logGet(46)) - raft.grpc.server.heartbeat.channel = true (default)
2024-01-26 11:56:44,936 [b514b48b-a23c-4b35-9087-6efcb4999551@group-B4467A1991D0-LeaderElection17] INFO  server.RaftServerConfigKeys (ConfUtils.java:logGet(46)) - raft.server.log.appender.snapshot.chunk.size.max = 16MB (=16777216) (default)
2024-01-26 11:56:44,936 [b514b48b-a23c-4b35-9087-6efcb4999551@group-B4467A1991D0-LeaderElection17] INFO  server.RaftServerConfigKeys (ConfUtils.java:logGet(46)) - raft.server.log.appender.buffer.byte-limit = 8388608 (custom)
2024-01-26 11:56:44,936 [b514b48b-a23c-4b35-9087-6efcb4999551@group-B4467A1991D0-LeaderElection17] INFO  server.RaftServerConfigKeys (ConfUtils.java:logGet(46)) - raft.server.log.appender.buffer.element-limit = 1 (custom)
2024-01-26 11:56:44,936 [b514b48b-a23c-4b35-9087-6efcb4999551@group-B4467A1991D0-LeaderElection17] INFO  server.RaftServerConfigKeys (ConfUtils.java:logGet(46)) - raft.server.log.appender.wait-time.min = 0μs (custom)
2024-01-26 11:56:44,936 [b514b48b-a23c-4b35-9087-6efcb4999551@group-B4467A1991D0-LeaderElection17] INFO  grpc.GrpcConfigKeys (ConfUtils.java:logGet(46)) - raft.grpc.server.leader.outstanding.appends.max = 8 (default)
2024-01-26 11:56:44,936 [b514b48b-a23c-4b35-9087-6efcb4999551@group-B4467A1991D0-LeaderElection17] INFO  server.RaftServerConfigKeys (ConfUtils.java:logGet(46)) - raft.server.rpc.request.timeout = 60s (custom)
2024-01-26 11:56:44,936 [b514b48b-a23c-4b35-9087-6efcb4999551@group-B4467A1991D0-LeaderElection17] INFO  grpc.GrpcConfigKeys (ConfUtils.java:logGet(46)) - raft.grpc.server.install_snapshot.request.element-limit = 8 (default)
2024-01-26 11:56:44,936 [b514b48b-a23c-4b35-9087-6efcb4999551@group-B4467A1991D0-LeaderElection17] INFO  grpc.GrpcConfigKeys (ConfUtils.java:logGet(46)) - raft.grpc.server.install_snapshot.request.timeout = 3000ms (default)
2024-01-26 11:56:44,936 [b514b48b-a23c-4b35-9087-6efcb4999551@group-B4467A1991D0-LeaderElection17] INFO  grpc.GrpcConfigKeys (ConfUtils.java:logGet(46)) - raft.grpc.server.log-message.batch.duration = 5s (default)
2024-01-26 11:56:44,936 [b514b48b-a23c-4b35-9087-6efcb4999551@group-B4467A1991D0-LeaderElection17] INFO  server.RaftServerConfigKeys (ConfUtils.java:logGet(46)) - raft.server.log.appender.install.snapshot.enabled = false (custom)
2024-01-26 11:56:44,937 [b514b48b-a23c-4b35-9087-6efcb4999551@group-B4467A1991D0-LeaderElection17] INFO  grpc.GrpcConfigKeys (ConfUtils.java:logGet(46)) - raft.grpc.server.heartbeat.channel = true (default)
2024-01-26 11:56:44,937 [b514b48b-a23c-4b35-9087-6efcb4999551@group-B4467A1991D0-LeaderElection17] INFO  impl.RoleInfo (RoleInfo.java:updateAndGet(139)) - b514b48b-a23c-4b35-9087-6efcb4999551: start b514b48b-a23c-4b35-9087-6efcb4999551@group-B4467A1991D0-LeaderStateImpl
2024-01-26 11:56:44,937 [b514b48b-a23c-4b35-9087-6efcb4999551@group-B4467A1991D0-LeaderElection17] INFO  ratis.XceiverServerRatis (XceiverServerRatis.java:handleLeaderChangedNotification(945)) - Leader change notification received for group: group-B4467A1991D0 with new leaderId: b514b48b-a23c-4b35-9087-6efcb4999551
2024-01-26 11:56:44,937 [b514b48b-a23c-4b35-9087-6efcb4999551@group-B4467A1991D0-LeaderElection17] INFO  server.RaftServer$Division (ServerState.java:setLeader(269)) - b514b48b-a23c-4b35-9087-6efcb4999551@group-B4467A1991D0: change Leader from null to b514b48b-a23c-4b35-9087-6efcb4999551 at term 2 for becomeLeader, leader elected after 15149ms
2024-01-26 11:56:44,937 [b514b48b-a23c-4b35-9087-6efcb4999551@group-B4467A1991D0-LeaderElection17] INFO  segmented.SegmentedRaftLogWorker (SegmentedRaftLogWorker.java:startLogSegment(430)) - b514b48b-a23c-4b35-9087-6efcb4999551@group-B4467A1991D0-SegmentedRaftLogWorker: Starting segment from index:0
2024-01-26 11:56:44,938 [b514b48b-a23c-4b35-9087-6efcb4999551@group-B4467A1991D0-LeaderElection17] INFO  server.RaftServer$Division (ServerState.java:setRaftConf(386)) - b514b48b-a23c-4b35-9087-6efcb4999551@group-B4467A1991D0: set configuration 0: peers:[b514b48b-a23c-4b35-9087-6efcb4999551|10.1.0.50:15067, 0f734c5b-620a-4a31-a7a8-a1d45a227569|10.1.0.50:15049, 9cb68909-d63b-4c8c-a8c2-d1f5498e35c0|10.1.0.50:15058]|listeners:[], old=null
2024-01-26 11:56:44,938 [b514b48b-a23c-4b35-9087-6efcb4999551@group-B4467A1991D0-SegmentedRaftLogWorker] INFO  segmented.BufferedWriteChannel (BufferedWriteChannel.java:open(62)) - open log_inprogress_0 at position 0
2024-01-26 11:56:44,941 [EventQueue-PipelineReportForPipelineReportHandler] INFO  lib.Interns (Interns.java:removeEldestEntry(50)) - Metrics intern cache overflow at 2011 for MetricsSystem={MetricsSystem=MetricsInfoImpl{name=MetricsSystem, description=MetricsSystem}, MetricsSystem record=MetricsInfoImpl{name=MetricsSystem, description=MetricsSystem record}}
2024-01-26 11:56:44,941 [EventQueue-PipelineReportForPipelineReportHandler] INFO  pipeline.PipelineReportHandler (PipelineReportHandler.java:processPipelineReport(136)) - Opened pipeline PipelineID=275c314f-37ff-47c3-8830-b4467a1991d0
2024-01-26 11:56:44,941 [grpc-default-executor-6] WARN  server.GrpcLogAppender (LogUtils.java:warn(121)) - b514b48b-a23c-4b35-9087-6efcb4999551@group-B4467A1991D0->0f734c5b-620a-4a31-a7a8-a1d45a227569-AppendLogResponseHandler: Failed appendEntries: org.apache.ratis.thirdparty.io.grpc.StatusRuntimeException: UNAVAILABLE: io exception
2024-01-26 11:56:44,944 [grpc-default-executor-6] WARN  server.GrpcLogAppender (GrpcLogAppender.java:lambda$resetClient$1(217)) - b514b48b-a23c-4b35-9087-6efcb4999551@group-B4467A1991D0->0f734c5b-620a-4a31-a7a8-a1d45a227569-GrpcLogAppender: Follower failed (request=null, errorCount=1); keep nextIndex (0) unchanged and retry.
2024-01-26 11:56:44,947 [b514b48b-a23c-4b35-9087-6efcb4999551@group-B4467A1991D0-SegmentedRaftLogWorker] INFO  segmented.SegmentedRaftLogWorker (SegmentedRaftLogWorker.java:execute(634)) - b514b48b-a23c-4b35-9087-6efcb4999551@group-B4467A1991D0-SegmentedRaftLogWorker: created new log segment /home/runner/work/ozone/ozone/hadoop-ozone/integration-test/target/test-dir/MiniOzoneClusterImpl-47c92df5-8859-41b8-9f26-037451183754/datanode-2/data/ratis/275c314f-37ff-47c3-8830-b4467a1991d0/current/log_inprogress_0
2024-01-26 11:56:44,949 [9cb68909-d63b-4c8c-a8c2-d1f5498e35c0-server-thread1] INFO  ratis.XceiverServerRatis (XceiverServerRatis.java:handleLeaderChangedNotification(945)) - Leader change notification received for group: group-B4467A1991D0 with new leaderId: b514b48b-a23c-4b35-9087-6efcb4999551
2024-01-26 11:56:44,950 [9cb68909-d63b-4c8c-a8c2-d1f5498e35c0-server-thread1] INFO  server.RaftServer$Division (ServerState.java:setLeader(269)) - 9cb68909-d63b-4c8c-a8c2-d1f5498e35c0@group-B4467A1991D0: change Leader from null to b514b48b-a23c-4b35-9087-6efcb4999551 at term 2 for appendEntries, leader elected after 15282ms
2024-01-26 11:56:44,952 [9cb68909-d63b-4c8c-a8c2-d1f5498e35c0-server-thread1] INFO  server.RaftServer$Division (ServerState.java:setRaftConf(386)) - 9cb68909-d63b-4c8c-a8c2-d1f5498e35c0@group-B4467A1991D0: set configuration 0: peers:[b514b48b-a23c-4b35-9087-6efcb4999551|10.1.0.50:15067, 0f734c5b-620a-4a31-a7a8-a1d45a227569|10.1.0.50:15049, 9cb68909-d63b-4c8c-a8c2-d1f5498e35c0|10.1.0.50:15058]|listeners:[], old=null
2024-01-26 11:56:44,952 [9cb68909-d63b-4c8c-a8c2-d1f5498e35c0-server-thread1] INFO  segmented.SegmentedRaftLogWorker (SegmentedRaftLogWorker.java:startLogSegment(430)) - 9cb68909-d63b-4c8c-a8c2-d1f5498e35c0@group-B4467A1991D0-SegmentedRaftLogWorker: Starting segment from index:0
2024-01-26 11:56:44,952 [9cb68909-d63b-4c8c-a8c2-d1f5498e35c0@group-B4467A1991D0-SegmentedRaftLogWorker] INFO  segmented.BufferedWriteChannel (BufferedWriteChannel.java:open(62)) - open log_inprogress_0 at position 0
2024-01-26 11:56:44,960 [9cb68909-d63b-4c8c-a8c2-d1f5498e35c0@group-B4467A1991D0-SegmentedRaftLogWorker] INFO  segmented.SegmentedRaftLogWorker (SegmentedRaftLogWorker.java:execute(634)) - 9cb68909-d63b-4c8c-a8c2-d1f5498e35c0@group-B4467A1991D0-SegmentedRaftLogWorker: created new log segment /home/runner/work/ozone/ozone/hadoop-ozone/integration-test/target/test-dir/MiniOzoneClusterImpl-47c92df5-8859-41b8-9f26-037451183754/datanode-1/data/ratis/275c314f-37ff-47c3-8830-b4467a1991d0/current/log_inprogress_0
2024-01-26 11:56:44,962 [b514b48b-a23c-4b35-9087-6efcb4999551@group-B4467A1991D0-StateMachineUpdater] INFO  server.RaftServer$Division (LeaderStateImpl.java:isApplied(320)) - leader is ready since appliedIndex == 0 >= startIndex == 0
2024-01-26 11:56:46,015 [timer3] WARN  server.GrpcLogAppender (LogUtils.java:warn(121)) - 9cb68909-d63b-4c8c-a8c2-d1f5498e35c0@group-EE265D257B52->0f734c5b-620a-4a31-a7a8-a1d45a227569-AppendLogResponseHandler: Failed appendEntries (Repeated 8 times in the last 5.001s): org.apache.ratis.thirdparty.io.grpc.StatusRuntimeException: UNAVAILABLE: io exception
2024-01-26 11:56:46,016 [timer4] WARN  server.GrpcLogAppender (GrpcLogAppender.java:lambda$resetClient$1(217)) - 9cb68909-d63b-4c8c-a8c2-d1f5498e35c0@group-EE265D257B52->0f734c5b-620a-4a31-a7a8-a1d45a227569-GrpcLogAppender: Follower failed (request=null, errorCount=16); keep nextIndex (1) unchanged and retry. (Repeated 10 times in the last 5.000s)
2024-01-26 11:56:46,197 [grpc-default-executor-1] WARN  server.GrpcLogAppender (GrpcLogAppender.java:lambda$resetClient$1(217)) - b514b48b-a23c-4b35-9087-6efcb4999551@group-B4467A1991D0->0f734c5b-620a-4a31-a7a8-a1d45a227569-GrpcLogAppender: Follower failed (request=null, errorCount=5); keep nextIndex (1) unchanged and retry.
2024-01-26 11:56:47,851 [grpc-default-executor-1] WARN  server.GrpcLogAppender (LogUtils.java:warn(121)) - 9cb68909-d63b-4c8c-a8c2-d1f5498e35c0@group-EE265D257B52->0f734c5b-620a-4a31-a7a8-a1d45a227569-AppendLogResponseHandler: Failed appendEntries: org.apache.ratis.thirdparty.io.grpc.StatusRuntimeException: UNAVAILABLE: io exception
2024-01-26 11:56:49,942 [timer2] WARN  server.GrpcLogAppender (LogUtils.java:warn(121)) - b514b48b-a23c-4b35-9087-6efcb4999551@group-B4467A1991D0->0f734c5b-620a-4a31-a7a8-a1d45a227569-AppendLogResponseHandler: Failed appendEntries (Repeated 10 times in the last 5.000s): org.apache.ratis.thirdparty.io.grpc.StatusRuntimeException: UNAVAILABLE: io exception
2024-01-26 11:56:49,944 [timer3] WARN  server.GrpcLogAppender (GrpcLogAppender.java:lambda$resetClient$1(217)) - b514b48b-a23c-4b35-9087-6efcb4999551@group-B4467A1991D0->0f734c5b-620a-4a31-a7a8-a1d45a227569-GrpcLogAppender: Follower failed (request=null, errorCount=2); keep nextIndex (0) unchanged and retry. (Repeated 2 times in the last 5.000s)
2024-01-26 11:56:49,952 [grpc-default-executor-1] WARN  server.GrpcLogAppender (LogUtils.java:warn(121)) - b514b48b-a23c-4b35-9087-6efcb4999551@group-B4467A1991D0->0f734c5b-620a-4a31-a7a8-a1d45a227569-AppendLogResponseHandler: Failed appendEntries: org.apache.ratis.thirdparty.io.grpc.StatusRuntimeException: UNAVAILABLE: io exception
2024-01-26 11:56:51,198 [timer7] WARN  server.GrpcLogAppender (GrpcLogAppender.java:lambda$resetClient$1(217)) - 9cb68909-d63b-4c8c-a8c2-d1f5498e35c0@group-EE265D257B52->0f734c5b-620a-4a31-a7a8-a1d45a227569-GrpcLogAppender: Follower failed (request=null, errorCount=22); keep nextIndex (1) unchanged and retry. (Repeated 14 times in the last 5.000s)
2024-01-26 11:56:51,898 [grpc-default-executor-6] WARN  server.GrpcLogAppender (GrpcLogAppender.java:lambda$resetClient$1(217)) - b514b48b-a23c-4b35-9087-6efcb4999551@group-B4467A1991D0->0f734c5b-620a-4a31-a7a8-a1d45a227569-GrpcLogAppender: Follower failed (request=null, errorCount=13); keep nextIndex (1) unchanged and retry.
2024-01-26 11:56:52,852 [timer4] WARN  server.GrpcLogAppender (LogUtils.java:warn(121)) - 9cb68909-d63b-4c8c-a8c2-d1f5498e35c0@group-EE265D257B52->0f734c5b-620a-4a31-a7a8-a1d45a227569-AppendLogResponseHandler: Failed appendEntries (Repeated 6 times in the last 5.001s): org.apache.ratis.thirdparty.io.grpc.StatusRuntimeException: UNAVAILABLE: io exception
2024-01-26 11:56:53,068 [grpc-default-executor-1] WARN  server.GrpcLogAppender (LogUtils.java:warn(121)) - 9cb68909-d63b-4c8c-a8c2-d1f5498e35c0@group-EE265D257B52->0f734c5b-620a-4a31-a7a8-a1d45a227569-AppendLogResponseHandler: Failed appendEntries: org.apache.ratis.thirdparty.io.grpc.StatusRuntimeException: UNAVAILABLE: io exception
2024-01-26 11:56:54,952 [timer7] WARN  server.GrpcLogAppender (LogUtils.java:warn(121)) - b514b48b-a23c-4b35-9087-6efcb4999551@group-B4467A1991D0->0f734c5b-620a-4a31-a7a8-a1d45a227569-AppendLogResponseHandler: Failed appendEntries (Repeated 6 times in the last 5.000s): org.apache.ratis.thirdparty.io.grpc.StatusRuntimeException: UNAVAILABLE: io exception
2024-01-26 11:56:55,362 [grpc-default-executor-1] WARN  server.GrpcLogAppender (LogUtils.java:warn(121)) - b514b48b-a23c-4b35-9087-6efcb4999551@group-B4467A1991D0->0f734c5b-620a-4a31-a7a8-a1d45a227569-AppendLogResponseHandler: Failed appendEntries: org.apache.ratis.thirdparty.io.grpc.StatusRuntimeException: UNAVAILABLE: io exception
2024-01-26 11:56:56,898 [timer2] WARN  server.GrpcLogAppender (GrpcLogAppender.java:lambda$resetClient$1(217)) - b514b48b-a23c-4b35-9087-6efcb4999551@group-B4467A1991D0->0f734c5b-620a-4a31-a7a8-a1d45a227569-GrpcLogAppender: Follower failed (request=null, errorCount=20); keep nextIndex (1) unchanged and retry. (Repeated 14 times in the last 5.000s)
2024-01-26 11:56:57,018 [grpc-default-executor-1] WARN  server.GrpcLogAppender (GrpcLogAppender.java:lambda$resetClient$1(217)) - 9cb68909-d63b-4c8c-a8c2-d1f5498e35c0@group-EE265D257B52->0f734c5b-620a-4a31-a7a8-a1d45a227569-GrpcLogAppender: Follower failed (request=null, errorCount=29); keep nextIndex (1) unchanged and retry.
2024-01-26 11:56:58,069 [timer5] WARN  server.GrpcLogAppender (LogUtils.java:warn(121)) - 9cb68909-d63b-4c8c-a8c2-d1f5498e35c0@group-EE265D257B52->0f734c5b-620a-4a31-a7a8-a1d45a227569-AppendLogResponseHandler: Failed appendEntries (Repeated 8 times in the last 5.001s): org.apache.ratis.thirdparty.io.grpc.StatusRuntimeException: UNAVAILABLE: io exception
2024-01-26 11:56:58,913 [grpc-default-executor-1] WARN  server.GrpcLogAppender (LogUtils.java:warn(121)) - 9cb68909-d63b-4c8c-a8c2-d1f5498e35c0@group-EE265D257B52->0f734c5b-620a-4a31-a7a8-a1d45a227569-AppendLogResponseHandler: Failed appendEntries: org.apache.ratis.thirdparty.io.grpc.StatusRuntimeException: UNAVAILABLE: io exception
2024-01-26 11:57:00,363 [timer2] WARN  server.GrpcLogAppender (LogUtils.java:warn(121)) - b514b48b-a23c-4b35-9087-6efcb4999551@group-B4467A1991D0->0f734c5b-620a-4a31-a7a8-a1d45a227569-AppendLogResponseHandler: Failed appendEntries (Repeated 8 times in the last 5.001s): org.apache.ratis.thirdparty.io.grpc.StatusRuntimeException: UNAVAILABLE: io exception
2024-01-26 11:57:01,517 [grpc-default-executor-6] WARN  server.GrpcLogAppender (LogUtils.java:warn(121)) - b514b48b-a23c-4b35-9087-6efcb4999551@group-B4467A1991D0->0f734c5b-620a-4a31-a7a8-a1d45a227569-AppendLogResponseHandler: Failed appendEntries: org.apache.ratis.thirdparty.io.grpc.StatusRuntimeException: UNAVAILABLE: io exception
2024-01-26 11:57:02,019 [timer5] WARN  server.GrpcLogAppender (GrpcLogAppender.java:lambda$resetClient$1(217)) - b514b48b-a23c-4b35-9087-6efcb4999551@group-B4467A1991D0->0f734c5b-620a-4a31-a7a8-a1d45a227569-GrpcLogAppender: Follower failed (request=null, errorCount=26); keep nextIndex (1) unchanged and retry. (Repeated 10 times in the last 5.001s)
2024-01-26 11:57:03,914 [timer1] WARN  server.GrpcLogAppender (LogUtils.java:warn(121)) - 9cb68909-d63b-4c8c-a8c2-d1f5498e35c0@group-EE265D257B52->0f734c5b-620a-4a31-a7a8-a1d45a227569-AppendLogResponseHandler: Failed appendEntries (Repeated 2 times in the last 5.001s): org.apache.ratis.thirdparty.io.grpc.StatusRuntimeException: UNAVAILABLE: io exception
2024-01-26 11:57:03,915 [grpc-default-executor-6] WARN  server.GrpcLogAppender (GrpcLogAppender.java:lambda$resetClient$1(217)) - b514b48b-a23c-4b35-9087-6efcb4999551@group-B4467A1991D0->0f734c5b-620a-4a31-a7a8-a1d45a227569-GrpcLogAppender: Follower failed (request=null, errorCount=27); keep nextIndex (1) unchanged and retry.
2024-01-26 11:57:04,624 [grpc-default-executor-1] WARN  server.GrpcLogAppender (LogUtils.java:warn(121)) - 9cb68909-d63b-4c8c-a8c2-d1f5498e35c0@group-EE265D257B52->0f734c5b-620a-4a31-a7a8-a1d45a227569-AppendLogResponseHandler: Failed appendEntries: org.apache.ratis.thirdparty.io.grpc.StatusRuntimeException: UNAVAILABLE: io exception
2024-01-26 11:57:06,519 [timer5] WARN  server.GrpcLogAppender (LogUtils.java:warn(121)) - b514b48b-a23c-4b35-9087-6efcb4999551@group-B4467A1991D0->0f734c5b-620a-4a31-a7a8-a1d45a227569-AppendLogResponseHandler: Failed appendEntries (Repeated 6 times in the last 5.002s): org.apache.ratis.thirdparty.io.grpc.StatusRuntimeException: UNAVAILABLE: io exception
2024-01-26 11:57:06,731 [grpc-default-executor-6] WARN  server.GrpcLogAppender (LogUtils.java:warn(121)) - b514b48b-a23c-4b35-9087-6efcb4999551@group-B4467A1991D0->0f734c5b-620a-4a31-a7a8-a1d45a227569-AppendLogResponseHandler: Failed appendEntries: org.apache.ratis.thirdparty.io.grpc.StatusRuntimeException: UNAVAILABLE: io exception
2024-01-26 11:57:08,915 [timer7] WARN  server.GrpcLogAppender (GrpcLogAppender.java:lambda$resetClient$1(217)) - b514b48b-a23c-4b35-9087-6efcb4999551@group-B4467A1991D0->0f734c5b-620a-4a31-a7a8-a1d45a227569-GrpcLogAppender: Follower failed (request=null, errorCount=32); keep nextIndex (1) unchanged and retry. (Repeated 8 times in the last 5.001s)
2024-01-26 11:57:09,287 [grpc-default-executor-6] WARN  server.GrpcLogAppender (GrpcLogAppender.java:lambda$resetClient$1(217)) - b514b48b-a23c-4b35-9087-6efcb4999551@group-B4467A1991D0->0f734c5b-620a-4a31-a7a8-a1d45a227569-GrpcLogAppender: Follower failed (request=null, errorCount=33); keep nextIndex (1) unchanged and retry.
2024-01-26 11:57:09,626 [timer1] WARN  server.GrpcLogAppender (LogUtils.java:warn(121)) - 9cb68909-d63b-4c8c-a8c2-d1f5498e35c0@group-EE265D257B52->0f734c5b-620a-4a31-a7a8-a1d45a227569-AppendLogResponseHandler: Failed appendEntries (Repeated 2 times in the last 5.001s): org.apache.ratis.thirdparty.io.grpc.StatusRuntimeException: UNAVAILABLE: io exception
2024-01-26 11:57:10,619 [grpc-default-executor-1] WARN  server.GrpcLogAppender (LogUtils.java:warn(121)) - 9cb68909-d63b-4c8c-a8c2-d1f5498e35c0@group-EE265D257B52->0f734c5b-620a-4a31-a7a8-a1d45a227569-AppendLogResponseHandler: Failed appendEntries: org.apache.ratis.thirdparty.io.grpc.StatusRuntimeException: UNAVAILABLE: io exception
2024-01-26 11:57:11,732 [timer5] WARN  server.GrpcLogAppender (LogUtils.java:warn(121)) - b514b48b-a23c-4b35-9087-6efcb4999551@group-B4467A1991D0->0f734c5b-620a-4a31-a7a8-a1d45a227569-AppendLogResponseHandler: Failed appendEntries (Repeated 4 times in the last 5.001s): org.apache.ratis.thirdparty.io.grpc.StatusRuntimeException: UNAVAILABLE: io exception
2024-01-26 11:57:14,172 [grpc-default-executor-1] WARN  server.GrpcLogAppender (LogUtils.java:warn(121)) - b514b48b-a23c-4b35-9087-6efcb4999551@group-B4467A1991D0->0f734c5b-620a-4a31-a7a8-a1d45a227569-AppendLogResponseHandler: Failed appendEntries: org.apache.ratis.thirdparty.io.grpc.StatusRuntimeException: UNAVAILABLE: io exception
2024-01-26 11:57:14,288 [timer0] WARN  server.GrpcLogAppender (GrpcLogAppender.java:lambda$resetClient$1(217)) - b514b48b-a23c-4b35-9087-6efcb4999551@group-B4467A1991D0->0f734c5b-620a-4a31-a7a8-a1d45a227569-GrpcLogAppender: Follower failed (request=null, errorCount=36); keep nextIndex (1) unchanged and retry. (Repeated 6 times in the last 5.000s)
2024-01-26 11:57:14,920 [grpc-default-executor-1] WARN  server.GrpcLogAppender (GrpcLogAppender.java:lambda$resetClient$1(217)) - 9cb68909-d63b-4c8c-a8c2-d1f5498e35c0@group-EE265D257B52->0f734c5b-620a-4a31-a7a8-a1d45a227569-GrpcLogAppender: Follower failed (request=null, errorCount=37); keep nextIndex (1) unchanged and retry.
2024-01-26 11:57:15,620 [timer3] WARN  server.GrpcLogAppender (LogUtils.java:warn(121)) - 9cb68909-d63b-4c8c-a8c2-d1f5498e35c0@group-EE265D257B52->0f734c5b-620a-4a31-a7a8-a1d45a227569-AppendLogResponseHandler: Failed appendEntries (Repeated 4 times in the last 5.001s): org.apache.ratis.thirdparty.io.grpc.StatusRuntimeException: UNAVAILABLE: io exception
2024-01-26 11:57:19,173 [timer6] WARN  server.GrpcLogAppender (LogUtils.java:warn(121)) - b514b48b-a23c-4b35-9087-6efcb4999551@group-B4467A1991D0->0f734c5b-620a-4a31-a7a8-a1d45a227569-AppendLogResponseHandler: Failed appendEntries (Repeated 2 times in the last 5.001s): org.apache.ratis.thirdparty.io.grpc.StatusRuntimeException: UNAVAILABLE: io exception
2024-01-26 11:57:19,921 [timer0] WARN  server.GrpcLogAppender (GrpcLogAppender.java:lambda$resetClient$1(217)) - 9cb68909-d63b-4c8c-a8c2-d1f5498e35c0@group-EE265D257B52->0f734c5b-620a-4a31-a7a8-a1d45a227569-GrpcLogAppender: Follower failed (request=null, errorCount=38); keep nextIndex (1) unchanged and retry. (Repeated 2 times in the last 5.000s)
2024-01-26 11:57:21,080 [grpc-default-executor-6] WARN  server.GrpcLogAppender (LogUtils.java:warn(121)) - b514b48b-a23c-4b35-9087-6efcb4999551@group-B4467A1991D0->0f734c5b-620a-4a31-a7a8-a1d45a227569-AppendLogResponseHandler: Failed appendEntries: org.apache.ratis.thirdparty.io.grpc.StatusRuntimeException: UNAVAILABLE: io exception
2024-01-26 11:57:21,082 [grpc-default-executor-1] WARN  server.GrpcLogAppender (GrpcLogAppender.java:lambda$resetClient$1(217)) - b514b48b-a23c-4b35-9087-6efcb4999551@group-B4467A1991D0->0f734c5b-620a-4a31-a7a8-a1d45a227569-GrpcLogAppender: Follower failed (request=null, errorCount=37); keep nextIndex (1) unchanged and retry.
2024-01-26 11:57:21,332 [grpc-default-executor-6] WARN  server.GrpcLogAppender (LogUtils.java:warn(121)) - 9cb68909-d63b-4c8c-a8c2-d1f5498e35c0@group-EE265D257B52->0f734c5b-620a-4a31-a7a8-a1d45a227569-AppendLogResponseHandler: Failed appendEntries: org.apache.ratis.thirdparty.io.grpc.StatusRuntimeException: UNAVAILABLE: io exception
2024-01-26 11:57:24,565 [0f734c5b-620a-4a31-a7a8-a1d45a227569-BlockDeletingService#0] INFO  interfaces.ContainerDeletionChoosingPolicyTemplate (ContainerDeletionChoosingPolicyTemplate.java:chooseContainerForBlockDeletion(85)) - Chosen 0/5000 blocks from 0 candidate containers.
2024-01-26 11:57:24,650 [9cb68909-d63b-4c8c-a8c2-d1f5498e35c0-BlockDeletingService#0] INFO  interfaces.ContainerDeletionChoosingPolicyTemplate (ContainerDeletionChoosingPolicyTemplate.java:chooseContainerForBlockDeletion(85)) - Chosen 0/5000 blocks from 0 candidate containers.
2024-01-26 11:57:24,767 [b514b48b-a23c-4b35-9087-6efcb4999551-BlockDeletingService#0] INFO  interfaces.ContainerDeletionChoosingPolicyTemplate (ContainerDeletionChoosingPolicyTemplate.java:chooseContainerForBlockDeletion(85)) - Chosen 0/5000 blocks from 0 candidate containers.
2024-01-26 11:57:26,082 [timer4] WARN  server.GrpcLogAppender (LogUtils.java:warn(121)) - b514b48b-a23c-4b35-9087-6efcb4999551@group-B4467A1991D0->0f734c5b-620a-4a31-a7a8-a1d45a227569-AppendLogResponseHandler: Failed appendEntries (Repeated 4 times in the last 5.001s): org.apache.ratis.thirdparty.io.grpc.StatusRuntimeException: UNAVAILABLE: io exception
2024-01-26 11:57:26,083 [timer5] WARN  server.GrpcLogAppender (GrpcLogAppender.java:lambda$resetClient$1(217)) - b514b48b-a23c-4b35-9087-6efcb4999551@group-B4467A1991D0->0f734c5b-620a-4a31-a7a8-a1d45a227569-GrpcLogAppender: Follower failed (request=null, errorCount=40); keep nextIndex (1) unchanged and retry. (Repeated 6 times in the last 5.001s)
2024-01-26 11:57:26,333 [timer7] WARN  server.GrpcLogAppender (LogUtils.java:warn(121)) - 9cb68909-d63b-4c8c-a8c2-d1f5498e35c0@group-EE265D257B52->0f734c5b-620a-4a31-a7a8-a1d45a227569-AppendLogResponseHandler: Failed appendEntries (Repeated 2 times in the last 5.001s): org.apache.ratis.thirdparty.io.grpc.StatusRuntimeException: UNAVAILABLE: io exception
2024-01-26 11:57:27,165 [grpc-default-executor-1] WARN  server.GrpcLogAppender (LogUtils.java:warn(121)) - 9cb68909-d63b-4c8c-a8c2-d1f5498e35c0@group-EE265D257B52->0f734c5b-620a-4a31-a7a8-a1d45a227569-AppendLogResponseHandler: Failed appendEntries: org.apache.ratis.thirdparty.io.grpc.StatusRuntimeException: UNAVAILABLE: io exception
2024-01-26 11:57:27,166 [grpc-default-executor-6] WARN  server.GrpcLogAppender (GrpcLogAppender.java:lambda$resetClient$1(217)) - 9cb68909-d63b-4c8c-a8c2-d1f5498e35c0@group-EE265D257B52->0f734c5b-620a-4a31-a7a8-a1d45a227569-GrpcLogAppender: Follower failed (request=null, errorCount=41); keep nextIndex (1) unchanged and retry.
2024-01-26 11:57:31,745 [grpc-default-executor-1] WARN  server.GrpcLogAppender (LogUtils.java:warn(121)) - b514b48b-a23c-4b35-9087-6efcb4999551@group-B4467A1991D0->0f734c5b-620a-4a31-a7a8-a1d45a227569-AppendLogResponseHandler: Failed appendEntries: org.apache.ratis.thirdparty.io.grpc.StatusRuntimeException: UNAVAILABLE: io exception
2024-01-26 11:57:32,166 [timer5] WARN  server.GrpcLogAppender (GrpcLogAppender.java:lambda$resetClient$1(217)) - b514b48b-a23c-4b35-9087-6efcb4999551@group-B4467A1991D0->0f734c5b-620a-4a31-a7a8-a1d45a227569-GrpcLogAppender: Follower failed (request=null, errorCount=42); keep nextIndex (1) unchanged and retry. (Repeated 4 times in the last 5.000s)
2024-01-26 11:57:32,166 [timer4] WARN  server.GrpcLogAppender (LogUtils.java:warn(121)) - 9cb68909-d63b-4c8c-a8c2-d1f5498e35c0@group-EE265D257B52->0f734c5b-620a-4a31-a7a8-a1d45a227569-AppendLogResponseHandler: Failed appendEntries (Repeated 2 times in the last 5.001s): org.apache.ratis.thirdparty.io.grpc.StatusRuntimeException: UNAVAILABLE: io exception
2024-01-26 11:57:33,207 [grpc-default-executor-1] WARN  server.GrpcLogAppender (LogUtils.java:warn(121)) - 9cb68909-d63b-4c8c-a8c2-d1f5498e35c0@group-EE265D257B52->0f734c5b-620a-4a31-a7a8-a1d45a227569-AppendLogResponseHandler: Failed appendEntries: org.apache.ratis.thirdparty.io.grpc.StatusRuntimeException: UNAVAILABLE: io exception
2024-01-26 11:57:33,208 [grpc-default-executor-6] WARN  server.GrpcLogAppender (GrpcLogAppender.java:lambda$resetClient$1(217)) - 9cb68909-d63b-4c8c-a8c2-d1f5498e35c0@group-EE265D257B52->0f734c5b-620a-4a31-a7a8-a1d45a227569-GrpcLogAppender: Follower failed (request=null, errorCount=43); keep nextIndex (1) unchanged and retry.
2024-01-26 11:57:36,746 [timer1] WARN  server.GrpcLogAppender (LogUtils.java:warn(121)) - b514b48b-a23c-4b35-9087-6efcb4999551@group-B4467A1991D0->0f734c5b-620a-4a31-a7a8-a1d45a227569-AppendLogResponseHandler: Failed appendEntries (Repeated 4 times in the last 5.001s): org.apache.ratis.thirdparty.io.grpc.StatusRuntimeException: UNAVAILABLE: io exception
2024-01-26 11:57:38,208 [timer3] WARN  server.GrpcLogAppender (LogUtils.java:warn(121)) - 9cb68909-d63b-4c8c-a8c2-d1f5498e35c0@group-EE265D257B52->0f734c5b-620a-4a31-a7a8-a1d45a227569-AppendLogResponseHandler: Failed appendEntries (Repeated 4 times in the last 5.001s): org.apache.ratis.thirdparty.io.grpc.StatusRuntimeException: UNAVAILABLE: io exception
2024-01-26 11:57:38,208 [timer4] WARN  server.GrpcLogAppender (GrpcLogAppender.java:lambda$resetClient$1(217)) - 9cb68909-d63b-4c8c-a8c2-d1f5498e35c0@group-EE265D257B52->0f734c5b-620a-4a31-a7a8-a1d45a227569-GrpcLogAppender: Follower failed (request=null, errorCount=46); keep nextIndex (1) unchanged and retry. (Repeated 6 times in the last 5.000s)
2024-01-26 11:57:43,193 [grpc-default-executor-1] WARN  server.GrpcLogAppender (LogUtils.java:warn(121)) - b514b48b-a23c-4b35-9087-6efcb4999551@group-B4467A1991D0->0f734c5b-620a-4a31-a7a8-a1d45a227569-AppendLogResponseHandler: Failed appendEntries: org.apache.ratis.thirdparty.io.grpc.StatusRuntimeException: UNAVAILABLE: io exception
2024-01-26 11:57:43,194 [grpc-default-executor-6] WARN  server.GrpcLogAppender (GrpcLogAppender.java:lambda$resetClient$1(217)) - b514b48b-a23c-4b35-9087-6efcb4999551@group-B4467A1991D0->0f734c5b-620a-4a31-a7a8-a1d45a227569-GrpcLogAppender: Follower failed (request=null, errorCount=45); keep nextIndex (1) unchanged and retry.
2024-01-26 11:57:44,235 [grpc-default-executor-1] WARN  server.GrpcLogAppender (LogUtils.java:warn(121)) - 9cb68909-d63b-4c8c-a8c2-d1f5498e35c0@group-EE265D257B52->0f734c5b-620a-4a31-a7a8-a1d45a227569-AppendLogResponseHandler: Failed appendEntries: org.apache.ratis.thirdparty.io.grpc.StatusRuntimeException: UNAVAILABLE: io exception
2024-01-26 11:57:48,195 [timer1] WARN  server.GrpcLogAppender (LogUtils.java:warn(121)) - b514b48b-a23c-4b35-9087-6efcb4999551@group-B4467A1991D0->0f734c5b-620a-4a31-a7a8-a1d45a227569-AppendLogResponseHandler: Failed appendEntries (Repeated 2 times in the last 5.002s): org.apache.ratis.thirdparty.io.grpc.StatusRuntimeException: UNAVAILABLE: io exception
2024-01-26 11:57:48,195 [timer2] WARN  server.GrpcLogAppender (GrpcLogAppender.java:lambda$resetClient$1(217)) - 9cb68909-d63b-4c8c-a8c2-d1f5498e35c0@group-EE265D257B52->0f734c5b-620a-4a31-a7a8-a1d45a227569-GrpcLogAppender: Follower failed (request=null, errorCount=50); keep nextIndex (1) unchanged and retry. (Repeated 6 times in the last 5.001s)
2024-01-26 11:57:48,327 [grpc-default-executor-6] WARN  server.GrpcLogAppender (LogUtils.java:warn(121)) - b514b48b-a23c-4b35-9087-6efcb4999551@group-B4467A1991D0->0f734c5b-620a-4a31-a7a8-a1d45a227569-AppendLogResponseHandler: Failed appendEntries: org.apache.ratis.thirdparty.io.grpc.StatusRuntimeException: UNAVAILABLE: io exception
2024-01-26 11:57:48,328 [grpc-default-executor-1] WARN  server.GrpcLogAppender (GrpcLogAppender.java:lambda$resetClient$1(217)) - b514b48b-a23c-4b35-9087-6efcb4999551@group-B4467A1991D0->0f734c5b-620a-4a31-a7a8-a1d45a227569-GrpcLogAppender: Follower failed (request=null, errorCount=47); keep nextIndex (1) unchanged and retry.
2024-01-26 11:57:49,237 [timer3] WARN  server.GrpcLogAppender (LogUtils.java:warn(121)) - 9cb68909-d63b-4c8c-a8c2-d1f5498e35c0@group-EE265D257B52->0f734c5b-620a-4a31-a7a8-a1d45a227569-AppendLogResponseHandler: Failed appendEntries (Repeated 4 times in the last 5.002s): org.apache.ratis.thirdparty.io.grpc.StatusRuntimeException: UNAVAILABLE: io exception
2024-01-26 11:57:51,453 [grpc-default-executor-6] WARN  server.GrpcLogAppender (LogUtils.java:warn(121)) - 9cb68909-d63b-4c8c-a8c2-d1f5498e35c0@group-EE265D257B52->0f734c5b-620a-4a31-a7a8-a1d45a227569-AppendLogResponseHandler: Failed appendEntries: org.apache.ratis.thirdparty.io.grpc.StatusRuntimeException: UNAVAILABLE: io exception
2024-01-26 11:57:53,328 [timer6] WARN  server.GrpcLogAppender (GrpcLogAppender.java:lambda$resetClient$1(217)) - b514b48b-a23c-4b35-9087-6efcb4999551@group-B4467A1991D0->0f734c5b-620a-4a31-a7a8-a1d45a227569-GrpcLogAppender: Follower failed (request=null, errorCount=50); keep nextIndex (1) unchanged and retry. (Repeated 6 times in the last 5.000s)
2024-01-26 11:57:53,329 [timer5] WARN  server.GrpcLogAppender (LogUtils.java:warn(121)) - b514b48b-a23c-4b35-9087-6efcb4999551@group-B4467A1991D0->0f734c5b-620a-4a31-a7a8-a1d45a227569-AppendLogResponseHandler: Failed appendEntries (Repeated 4 times in the last 5.002s): org.apache.ratis.thirdparty.io.grpc.StatusRuntimeException: UNAVAILABLE: io exception
2024-01-26 11:57:55,757 [grpc-default-executor-1] WARN  server.GrpcLogAppender (GrpcLogAppender.java:lambda$resetClient$1(217)) - 9cb68909-d63b-4c8c-a8c2-d1f5498e35c0@group-EE265D257B52->0f734c5b-620a-4a31-a7a8-a1d45a227569-GrpcLogAppender: Follower failed (request=null, errorCount=53); keep nextIndex (1) unchanged and retry.
2024-01-26 11:57:56,454 [timer3] WARN  server.GrpcLogAppender (LogUtils.java:warn(121)) - 9cb68909-d63b-4c8c-a8c2-d1f5498e35c0@group-EE265D257B52->0f734c5b-620a-4a31-a7a8-a1d45a227569-AppendLogResponseHandler: Failed appendEntries (Repeated 4 times in the last 5.001s): org.apache.ratis.thirdparty.io.grpc.StatusRuntimeException: UNAVAILABLE: io exception
2024-01-26 11:57:59,806 [grpc-default-executor-6] WARN  server.GrpcLogAppender (LogUtils.java:warn(121)) - b514b48b-a23c-4b35-9087-6efcb4999551@group-B4467A1991D0->0f734c5b-620a-4a31-a7a8-a1d45a227569-AppendLogResponseHandler: Failed appendEntries: org.apache.ratis.thirdparty.io.grpc.StatusRuntimeException: UNAVAILABLE: io exception
2024-01-26 11:57:59,850 [grpc-default-executor-6] WARN  server.GrpcLogAppender (LogUtils.java:warn(121)) - 9cb68909-d63b-4c8c-a8c2-d1f5498e35c0@group-EE265D257B52->0f734c5b-620a-4a31-a7a8-a1d45a227569-AppendLogResponseHandler: Failed appendEntries: org.apache.ratis.thirdparty.io.grpc.StatusRuntimeException: UNAVAILABLE: io exception
2024-01-26 11:58:00,757 [timer6] WARN  server.GrpcLogAppender (GrpcLogAppender.java:lambda$resetClient$1(217)) - 9cb68909-d63b-4c8c-a8c2-d1f5498e35c0@group-EE265D257B52->0f734c5b-620a-4a31-a7a8-a1d45a227569-GrpcLogAppender: Follower failed (request=null, errorCount=56); keep nextIndex (1) unchanged and retry. (Repeated 6 times in the last 5.001s)
2024-01-26 11:58:02,476 [grpc-default-executor-6] WARN  server.GrpcLogAppender (GrpcLogAppender.java:lambda$resetClient$1(217)) - 9cb68909-d63b-4c8c-a8c2-d1f5498e35c0@group-EE265D257B52->0f734c5b-620a-4a31-a7a8-a1d45a227569-GrpcLogAppender: Follower failed (request=null, errorCount=57); keep nextIndex (1) unchanged and retry.
2024-01-26 11:58:04,808 [timer3] WARN  server.GrpcLogAppender (LogUtils.java:warn(121)) - b514b48b-a23c-4b35-9087-6efcb4999551@group-B4467A1991D0->0f734c5b-620a-4a31-a7a8-a1d45a227569-AppendLogResponseHandler: Failed appendEntries (Repeated 2 times in the last 5.002s): org.apache.ratis.thirdparty.io.grpc.StatusRuntimeException: UNAVAILABLE: io exception
2024-01-26 11:58:04,850 [timer5] WARN  server.GrpcLogAppender (LogUtils.java:warn(121)) - 9cb68909-d63b-4c8c-a8c2-d1f5498e35c0@group-EE265D257B52->0f734c5b-620a-4a31-a7a8-a1d45a227569-AppendLogResponseHandler: Failed appendEntries (Repeated 4 times in the last 5.000s): org.apache.ratis.thirdparty.io.grpc.StatusRuntimeException: UNAVAILABLE: io exception
2024-01-26 11:58:05,118 [grpc-default-executor-1] WARN  server.GrpcLogAppender (LogUtils.java:warn(121)) - 9cb68909-d63b-4c8c-a8c2-d1f5498e35c0@group-EE265D257B52->0f734c5b-620a-4a31-a7a8-a1d45a227569-AppendLogResponseHandler: Failed appendEntries: org.apache.ratis.thirdparty.io.grpc.StatusRuntimeException: UNAVAILABLE: io exception
2024-01-26 11:58:05,882 [grpc-default-executor-1] WARN  server.GrpcLogAppender (LogUtils.java:warn(121)) - b514b48b-a23c-4b35-9087-6efcb4999551@group-B4467A1991D0->0f734c5b-620a-4a31-a7a8-a1d45a227569-AppendLogResponseHandler: Failed appendEntries: org.apache.ratis.thirdparty.io.grpc.StatusRuntimeException: UNAVAILABLE: io exception
2024-01-26 11:58:07,477 [timer3] WARN  server.GrpcLogAppender (GrpcLogAppender.java:lambda$resetClient$1(217)) - b514b48b-a23c-4b35-9087-6efcb4999551@group-B4467A1991D0->0f734c5b-620a-4a31-a7a8-a1d45a227569-GrpcLogAppender: Follower failed (request=null, errorCount=54); keep nextIndex (1) unchanged and retry. (Repeated 6 times in the last 5.000s)
2024-01-26 11:58:09,038 [grpc-default-executor-1] WARN  server.GrpcLogAppender (GrpcLogAppender.java:lambda$resetClient$1(217)) - b514b48b-a23c-4b35-9087-6efcb4999551@group-B4467A1991D0->0f734c5b-620a-4a31-a7a8-a1d45a227569-GrpcLogAppender: Follower failed (request=null, errorCount=55); keep nextIndex (1) unchanged and retry.
2024-01-26 11:58:10,119 [timer2] WARN  server.GrpcLogAppender (LogUtils.java:warn(121)) - 9cb68909-d63b-4c8c-a8c2-d1f5498e35c0@group-EE265D257B52->0f734c5b-620a-4a31-a7a8-a1d45a227569-AppendLogResponseHandler: Failed appendEntries (Repeated 2 times in the last 5.001s): org.apache.ratis.thirdparty.io.grpc.StatusRuntimeException: UNAVAILABLE: io exception
2024-01-26 11:58:10,669 [grpc-default-executor-6] WARN  server.GrpcLogAppender (LogUtils.java:warn(121)) - 9cb68909-d63b-4c8c-a8c2-d1f5498e35c0@group-EE265D257B52->0f734c5b-620a-4a31-a7a8-a1d45a227569-AppendLogResponseHandler: Failed appendEntries: org.apache.ratis.thirdparty.io.grpc.StatusRuntimeException: UNAVAILABLE: io exception
2024-01-26 11:58:10,883 [timer3] WARN  server.GrpcLogAppender (LogUtils.java:warn(121)) - b514b48b-a23c-4b35-9087-6efcb4999551@group-B4467A1991D0->0f734c5b-620a-4a31-a7a8-a1d45a227569-AppendLogResponseHandler: Failed appendEntries (Repeated 4 times in the last 5.001s): org.apache.ratis.thirdparty.io.grpc.StatusRuntimeException: UNAVAILABLE: io exception
2024-01-26 11:58:11,578 [grpc-default-executor-6] WARN  server.GrpcLogAppender (LogUtils.java:warn(121)) - b514b48b-a23c-4b35-9087-6efcb4999551@group-B4467A1991D0->0f734c5b-620a-4a31-a7a8-a1d45a227569-AppendLogResponseHandler: Failed appendEntries: org.apache.ratis.thirdparty.io.grpc.StatusRuntimeException: UNAVAILABLE: io exception
2024-01-26 11:58:14,039 [timer3] WARN  server.GrpcLogAppender (GrpcLogAppender.java:lambda$resetClient$1(217)) - 9cb68909-d63b-4c8c-a8c2-d1f5498e35c0@group-EE265D257B52->0f734c5b-620a-4a31-a7a8-a1d45a227569-GrpcLogAppender: Follower failed (request=null, errorCount=64); keep nextIndex (1) unchanged and retry. (Repeated 8 times in the last 5.000s)
2024-01-26 11:58:14,722 [EventQueue-StaleNodeForStaleNodeHandler] INFO  node.StaleNodeHandler (StaleNodeHandler.java:onMessage(57)) - Datanode 0f734c5b-620a-4a31-a7a8-a1d45a227569(fv-az1250-627/10.1.0.50) moved to stale state. Finalizing its pipelines [PipelineID=275c314f-37ff-47c3-8830-b4467a1991d0, PipelineID=003d7111-6c20-4dd4-941b-ee265d257b52, PipelineID=17589509-4de3-43f7-b139-f8e872da5d61]
2024-01-26 11:58:14,723 [EventQueue-StaleNodeForStaleNodeHandler] INFO  pipeline.PipelineManagerImpl (PipelineManagerImpl.java:closePipeline(518)) - Pipeline PipelineID=275c314f-37ff-47c3-8830-b4467a1991d0 moved to CLOSED state
2024-01-26 11:58:14,724 [EventQueue-StaleNodeForStaleNodeHandler] INFO  pipeline.PipelineManagerImpl (PipelineManagerImpl.java:closePipeline(518)) - Pipeline PipelineID=003d7111-6c20-4dd4-941b-ee265d257b52 moved to CLOSED state
2024-01-26 11:58:14,724 [EventQueue-StaleNodeForStaleNodeHandler] INFO  pipeline.PipelineManagerImpl (PipelineManagerImpl.java:closePipeline(518)) - Pipeline PipelineID=17589509-4de3-43f7-b139-f8e872da5d61 moved to CLOSED state
2024-01-26 11:58:15,670 [timer2] WARN  server.GrpcLogAppender (LogUtils.java:warn(121)) - 9cb68909-d63b-4c8c-a8c2-d1f5498e35c0@group-EE265D257B52->0f734c5b-620a-4a31-a7a8-a1d45a227569-AppendLogResponseHandler: Failed appendEntries (Repeated 4 times in the last 5.002s): org.apache.ratis.thirdparty.io.grpc.StatusRuntimeException: UNAVAILABLE: io exception
2024-01-26 11:58:16,581 [timer3] WARN  server.GrpcLogAppender (LogUtils.java:warn(121)) - b514b48b-a23c-4b35-9087-6efcb4999551@group-B4467A1991D0->0f734c5b-620a-4a31-a7a8-a1d45a227569-AppendLogResponseHandler: Failed appendEntries (Repeated 2 times in the last 5.002s): org.apache.ratis.thirdparty.io.grpc.StatusRuntimeException: UNAVAILABLE: io exception
2024-01-26 11:58:18,438 [grpc-default-executor-1] WARN  server.GrpcLogAppender (LogUtils.java:warn(121)) - b514b48b-a23c-4b35-9087-6efcb4999551@group-B4467A1991D0->0f734c5b-620a-4a31-a7a8-a1d45a227569-AppendLogResponseHandler: Failed appendEntries: org.apache.ratis.thirdparty.io.grpc.StatusRuntimeException: UNAVAILABLE: io exception
2024-01-26 11:58:18,439 [grpc-default-executor-6] WARN  server.GrpcLogAppender (GrpcLogAppender.java:lambda$resetClient$1(217)) - b514b48b-a23c-4b35-9087-6efcb4999551@group-B4467A1991D0->0f734c5b-620a-4a31-a7a8-a1d45a227569-GrpcLogAppender: Follower failed (request=null, errorCount=59); keep nextIndex (1) unchanged and retry.
2024-01-26 11:58:19,758 [grpc-default-executor-1] WARN  server.GrpcLogAppender (LogUtils.java:warn(121)) - 9cb68909-d63b-4c8c-a8c2-d1f5498e35c0@group-EE265D257B52->0f734c5b-620a-4a31-a7a8-a1d45a227569-AppendLogResponseHandler: Failed appendEntries: org.apache.ratis.thirdparty.io.grpc.StatusRuntimeException: UNAVAILABLE: io exception
2024-01-26 11:58:23,439 [timer2] WARN  server.GrpcLogAppender (GrpcLogAppender.java:lambda$resetClient$1(217)) - b514b48b-a23c-4b35-9087-6efcb4999551@group-B4467A1991D0->0f734c5b-620a-4a31-a7a8-a1d45a227569-GrpcLogAppender: Follower failed (request=null, errorCount=62); keep nextIndex (1) unchanged and retry. (Repeated 6 times in the last 5.000s)
2024-01-26 11:58:23,440 [timer1] WARN  server.GrpcLogAppender (LogUtils.java:warn(121)) - b514b48b-a23c-4b35-9087-6efcb4999551@group-B4467A1991D0->0f734c5b-620a-4a31-a7a8-a1d45a227569-AppendLogResponseHandler: Failed appendEntries (Repeated 4 times in the last 5.002s): org.apache.ratis.thirdparty.io.grpc.StatusRuntimeException: UNAVAILABLE: io exception
2024-01-26 11:58:24,566 [0f734c5b-620a-4a31-a7a8-a1d45a227569-BlockDeletingService#1] INFO  interfaces.ContainerDeletionChoosingPolicyTemplate (ContainerDeletionChoosingPolicyTemplate.java:chooseContainerForBlockDeletion(85)) - Chosen 0/5000 blocks from 0 candidate containers.
2024-01-26 11:58:24,650 [9cb68909-d63b-4c8c-a8c2-d1f5498e35c0-BlockDeletingService#1] INFO  interfaces.ContainerDeletionChoosingPolicyTemplate (ContainerDeletionChoosingPolicyTemplate.java:chooseContainerForBlockDeletion(85)) - Chosen 0/5000 blocks from 0 candidate containers.
2024-01-26 11:58:24,759 [timer4] WARN  server.GrpcLogAppender (LogUtils.java:warn(121)) - 9cb68909-d63b-4c8c-a8c2-d1f5498e35c0@group-EE265D257B52->0f734c5b-620a-4a31-a7a8-a1d45a227569-AppendLogResponseHandler: Failed appendEntries (Repeated 2 times in the last 5.001s): org.apache.ratis.thirdparty.io.grpc.StatusRuntimeException: UNAVAILABLE: io exception
2024-01-26 11:58:24,768 [b514b48b-a23c-4b35-9087-6efcb4999551-BlockDeletingService#1] INFO  interfaces.ContainerDeletionChoosingPolicyTemplate (ContainerDeletionChoosingPolicyTemplate.java:chooseContainerForBlockDeletion(85)) - Chosen 0/5000 blocks from 0 candidate containers.
2024-01-26 11:58:25,034 [grpc-default-executor-6] WARN  server.GrpcLogAppender (LogUtils.java:warn(121)) - b514b48b-a23c-4b35-9087-6efcb4999551@group-B4467A1991D0->0f734c5b-620a-4a31-a7a8-a1d45a227569-AppendLogResponseHandler: Failed appendEntries: org.apache.ratis.thirdparty.io.grpc.StatusRuntimeException: UNAVAILABLE: io exception
2024-01-26 11:58:25,036 [grpc-default-executor-1] WARN  server.GrpcLogAppender (GrpcLogAppender.java:lambda$resetClient$1(217)) - b514b48b-a23c-4b35-9087-6efcb4999551@group-B4467A1991D0->0f734c5b-620a-4a31-a7a8-a1d45a227569-GrpcLogAppender: Follower failed (request=null, errorCount=63); keep nextIndex (1) unchanged and retry.
2024-01-26 11:58:26,718 [grpc-default-executor-6] WARN  server.GrpcLogAppender (LogUtils.java:warn(121)) - 9cb68909-d63b-4c8c-a8c2-d1f5498e35c0@group-EE265D257B52->0f734c5b-620a-4a31-a7a8-a1d45a227569-AppendLogResponseHandler: Failed appendEntries: org.apache.ratis.thirdparty.io.grpc.StatusRuntimeException: UNAVAILABLE: io exception
2024-01-26 11:58:26,742 [RatisPipelineUtilsThread-0] WARN  scm.SCMCommonPlacementPolicy (SCMCommonPlacementPolicy.java:filterNodesWithSpace(287)) - Unable to find enough nodes that meet the space requirement of 1073741824 bytes for metadata and 5368709120 bytes for data in healthy node set. Required 3. Found 2.
2024-01-26 11:58:30,036 [timer1] WARN  server.GrpcLogAppender (LogUtils.java:warn(121)) - b514b48b-a23c-4b35-9087-6efcb4999551@group-B4467A1991D0->0f734c5b-620a-4a31-a7a8-a1d45a227569-AppendLogResponseHandler: Failed appendEntries (Repeated 2 times in the last 5.001s): org.apache.ratis.thirdparty.io.grpc.StatusRuntimeException: UNAVAILABLE: io exception
2024-01-26 11:58:30,036 [timer3] WARN  server.GrpcLogAppender (GrpcLogAppender.java:lambda$resetClient$1(217)) - 9cb68909-d63b-4c8c-a8c2-d1f5498e35c0@group-EE265D257B52->0f734c5b-620a-4a31-a7a8-a1d45a227569-GrpcLogAppender: Follower failed (request=null, errorCount=68); keep nextIndex (1) unchanged and retry. (Repeated 4 times in the last 5.000s)
2024-01-26 11:58:30,343 [grpc-default-executor-6] WARN  server.GrpcLogAppender (LogUtils.java:warn(121)) - b514b48b-a23c-4b35-9087-6efcb4999551@group-B4467A1991D0->0f734c5b-620a-4a31-a7a8-a1d45a227569-AppendLogResponseHandler: Failed appendEntries: org.apache.ratis.thirdparty.io.grpc.StatusRuntimeException: UNAVAILABLE: io exception
2024-01-26 11:58:30,344 [grpc-default-executor-1] WARN  server.GrpcLogAppender (GrpcLogAppender.java:lambda$resetClient$1(217)) - b514b48b-a23c-4b35-9087-6efcb4999551@group-B4467A1991D0->0f734c5b-620a-4a31-a7a8-a1d45a227569-GrpcLogAppender: Follower failed (request=null, errorCount=65); keep nextIndex (1) unchanged and retry.
2024-01-26 11:58:31,719 [timer4] WARN  server.GrpcLogAppender (LogUtils.java:warn(121)) - 9cb68909-d63b-4c8c-a8c2-d1f5498e35c0@group-EE265D257B52->0f734c5b-620a-4a31-a7a8-a1d45a227569-AppendLogResponseHandler: Failed appendEntries (Repeated 4 times in the last 5.001s): org.apache.ratis.thirdparty.io.grpc.StatusRuntimeException: UNAVAILABLE: io exception
2024-01-26 11:58:34,765 [JvmPauseMonitor7] INFO  util.JvmPauseMonitor (JvmPauseMonitor.java:run(152)) - JvmPauseMonitor-0f734c5b-620a-4a31-a7a8-a1d45a227569: Stopped
2024-01-26 11:58:34,765 [main] ERROR server.XceiverServerGrpc (XceiverServerGrpc.java:stop(216)) - failed to shutdown XceiverServerGrpc
java.lang.InterruptedException
	at java.lang.Object.wait(Native Method)
	at java.lang.Object.wait(Object.java:460)
	at java.util.concurrent.TimeUnit.timedWait(TimeUnit.java:348)
	at org.apache.ratis.thirdparty.io.grpc.internal.ServerImpl.awaitTermination(ServerImpl.java:312)
	at org.apache.hadoop.ozone.container.common.transport.server.XceiverServerGrpc.stop(XceiverServerGrpc.java:213)
	at org.apache.hadoop.ozone.container.ozoneimpl.OzoneContainer.stop(OzoneContainer.java:483)
	at org.apache.hadoop.ozone.container.common.statemachine.DatanodeStateMachine.close(DatanodeStateMachine.java:447)
	at org.apache.hadoop.ozone.container.common.statemachine.DatanodeStateMachine.stopDaemon(DatanodeStateMachine.java:637)
	at org.apache.hadoop.ozone.HddsDatanodeService.stop(HddsDatanodeService.java:547)
	at org.apache.hadoop.ozone.MiniOzoneClusterImpl.stopDatanode(MiniOzoneClusterImpl.java:543)
	at org.apache.hadoop.ozone.MiniOzoneClusterImpl.shutdownHddsDatanode(MiniOzoneClusterImpl.java:434)
	at org.apache.hadoop.ozone.MiniOzoneClusterImpl.shutdownHddsDatanode(MiniOzoneClusterImpl.java:439)
	at org.apache.hadoop.ozone.MiniOzoneClusterImpl.lambda$shutdownHddsDatanodes$4(MiniOzoneClusterImpl.java:502)
	at java.util.ArrayList.forEach(ArrayList.java:1259)
	at org.apache.hadoop.ozone.MiniOzoneClusterImpl.shutdownHddsDatanodes(MiniOzoneClusterImpl.java:500)
	at org.apache.hadoop.fs.ozone.TestSafeMode.testSafeMode(TestSafeMode.java:108)
	at org.apache.hadoop.fs.ozone.TestSafeMode.o3fs(TestSafeMode.java:97)
	at sun.reflect.NativeMethodAccessorImpl.invoke0(Native Method)
	at sun.reflect.NativeMethodAccessorImpl.invoke(NativeMethodAccessorImpl.java:62)
	at sun.reflect.DelegatingMethodAccessorImpl.invoke(DelegatingMethodAccessorImpl.java:43)
	at java.lang.reflect.Method.invoke(Method.java:498)
	at org.junit.platform.commons.util.ReflectionUtils.invokeMethod(ReflectionUtils.java:728)
	at org.junit.jupiter.engine.execution.MethodInvocation.proceed(MethodInvocation.java:60)
	at org.junit.jupiter.engine.execution.InvocationInterceptorChain$ValidatingInvocation.proceed(InvocationInterceptorChain.java:131)
	at org.junit.jupiter.engine.extension.SameThreadTimeoutInvocation.proceed(SameThreadTimeoutInvocation.java:45)
	at org.junit.jupiter.engine.extension.TimeoutExtension.intercept(TimeoutExtension.java:156)
	at org.junit.jupiter.engine.extension.TimeoutExtension.interceptTestableMethod(TimeoutExtension.java:147)
	at org.junit.jupiter.engine.extension.TimeoutExtension.interceptTestMethod(TimeoutExtension.java:86)
	at org.junit.jupiter.engine.execution.InterceptingExecutableInvoker$ReflectiveInterceptorCall.lambda$ofVoidMethod$0(InterceptingExecutableInvoker.java:103)
	at org.junit.jupiter.engine.execution.InterceptingExecutableInvoker.lambda$invoke$0(InterceptingExecutableInvoker.java:93)
	at org.junit.jupiter.engine.execution.InvocationInterceptorChain$InterceptedInvocation.proceed(InvocationInterceptorChain.java:106)
	at org.junit.jupiter.engine.execution.InvocationInterceptorChain.proceed(InvocationInterceptorChain.java:64)
	at org.junit.jupiter.engine.execution.InvocationInterceptorChain.chainAndInvoke(InvocationInterceptorChain.java:45)
	at org.junit.jupiter.engine.execution.InvocationInterceptorChain.invoke(InvocationInterceptorChain.java:37)
	at org.junit.jupiter.engine.execution.InterceptingExecutableInvoker.invoke(InterceptingExecutableInvoker.java:92)
	at org.junit.jupiter.engine.execution.InterceptingExecutableInvoker.invoke(InterceptingExecutableInvoker.java:86)
	at org.junit.jupiter.engine.descriptor.TestMethodTestDescriptor.lambda$invokeTestMethod$7(TestMethodTestDescriptor.java:218)
	at org.junit.platform.engine.support.hierarchical.ThrowableCollector.execute(ThrowableCollector.java:73)
	at org.junit.jupiter.engine.descriptor.TestMethodTestDescriptor.invokeTestMethod(TestMethodTestDescriptor.java:214)
	at org.junit.jupiter.engine.descriptor.TestMethodTestDescriptor.execute(TestMethodTestDescriptor.java:139)
	at org.junit.jupiter.engine.descriptor.TestMethodTestDescriptor.execute(TestMethodTestDescriptor.java:69)
	at org.junit.platform.engine.support.hierarchical.NodeTestTask.lambda$executeRecursively$6(NodeTestTask.java:151)
	at org.junit.platform.engine.support.hierarchical.ThrowableCollector.execute(ThrowableCollector.java:73)
	at org.junit.platform.engine.support.hierarchical.NodeTestTask.lambda$executeRecursively$8(NodeTestTask.java:141)
	at org.junit.platform.engine.support.hierarchical.Node.around(Node.java:137)
	at org.junit.platform.engine.support.hierarchical.NodeTestTask.lambda$executeRecursively$9(NodeTestTask.java:139)
	at org.junit.platform.engine.support.hierarchical.ThrowableCollector.execute(ThrowableCollector.java:73)
	at org.junit.platform.engine.support.hierarchical.NodeTestTask.executeRecursively(NodeTestTask.java:138)
	at org.junit.platform.engine.support.hierarchical.NodeTestTask.execute(NodeTestTask.java:95)
	at java.util.ArrayList.forEach(ArrayList.java:1259)
	at org.junit.platform.engine.support.hierarchical.SameThreadHierarchicalTestExecutorService.invokeAll(SameThreadHierarchicalTestExecutorService.java:41)
	at org.junit.platform.engine.support.hierarchical.NodeTestTask.lambda$executeRecursively$6(NodeTestTask.java:155)
	at org.junit.platform.engine.support.hierarchical.ThrowableCollector.execute(ThrowableCollector.java:73)
	at org.junit.platform.engine.support.hierarchical.NodeTestTask.lambda$executeRecursively$8(NodeTestTask.java:141)
	at org.junit.platform.engine.support.hierarchical.Node.around(Node.java:137)
	at org.junit.platform.engine.support.hierarchical.NodeTestTask.lambda$executeRecursively$9(NodeTestTask.java:139)
	at org.junit.platform.engine.support.hierarchical.ThrowableCollector.execute(ThrowableCollector.java:73)
	at org.junit.platform.engine.support.hierarchical.NodeTestTask.executeRecursively(NodeTestTask.java:138)
	at org.junit.platform.engine.support.hierarchical.NodeTestTask.execute(NodeTestTask.java:95)
	at java.util.ArrayList.forEach(ArrayList.java:1259)
	at org.junit.platform.engine.support.hierarchical.SameThreadHierarchicalTestExecutorService.invokeAll(SameThreadHierarchicalTestExecutorService.java:41)
	at org.junit.platform.engine.support.hierarchical.NodeTestTask.lambda$executeRecursively$6(NodeTestTask.java:155)
	at org.junit.platform.engine.support.hierarchical.ThrowableCollector.execute(ThrowableCollector.java:73)
	at org.junit.platform.engine.support.hierarchical.NodeTestTask.lambda$executeRecursively$8(NodeTestTask.java:141)
	at org.junit.platform.engine.support.hierarchical.Node.around(Node.java:137)
	at org.junit.platform.engine.support.hierarchical.NodeTestTask.lambda$executeRecursively$9(NodeTestTask.java:139)
	at org.junit.platform.engine.support.hierarchical.ThrowableCollector.execute(ThrowableCollector.java:73)
	at org.junit.platform.engine.support.hierarchical.NodeTestTask.executeRecursively(NodeTestTask.java:138)
	at org.junit.platform.engine.support.hierarchical.NodeTestTask.execute(NodeTestTask.java:95)
	at org.junit.platform.engine.support.hierarchical.SameThreadHierarchicalTestExecutorService.submit(SameThreadHierarchicalTestExecutorService.java:35)
	at org.junit.platform.engine.support.hierarchical.HierarchicalTestExecutor.execute(HierarchicalTestExecutor.java:57)
	at org.junit.platform.engine.support.hierarchical.HierarchicalTestEngine.execute(HierarchicalTestEngine.java:54)
	at org.junit.platform.launcher.core.EngineExecutionOrchestrator.execute(EngineExecutionOrchestrator.java:198)
	at org.junit.platform.launcher.core.EngineExecutionOrchestrator.execute(EngineExecutionOrchestrator.java:169)
	at org.junit.platform.launcher.core.EngineExecutionOrchestrator.execute(EngineExecutionOrchestrator.java:93)
	at org.junit.platform.launcher.core.EngineExecutionOrchestrator.lambda$execute$0(EngineExecutionOrchestrator.java:58)
	at org.junit.platform.launcher.core.EngineExecutionOrchestrator.withInterceptedStreams(EngineExecutionOrchestrator.java:141)
	at org.junit.platform.launcher.core.EngineExecutionOrchestrator.execute(EngineExecutionOrchestrator.java:57)
	at org.junit.platform.launcher.core.DefaultLauncher.execute(DefaultLauncher.java:103)
	at org.junit.platform.launcher.core.DefaultLauncher.execute(DefaultLauncher.java:85)
	at org.junit.platform.launcher.core.DelegatingLauncher.execute(DelegatingLauncher.java:47)
	at org.junit.platform.launcher.core.SessionPerRequestLauncher.execute(SessionPerRequestLauncher.java:63)
	at org.apache.maven.surefire.junitplatform.JUnitPlatformProvider.execute(JUnitPlatformProvider.java:188)
	at org.apache.maven.surefire.junitplatform.JUnitPlatformProvider.invokeAllTests(JUnitPlatformProvider.java:154)
	at org.apache.maven.surefire.junitplatform.JUnitPlatformProvider.invoke(JUnitPlatformProvider.java:124)
	at org.apache.maven.surefire.booter.ForkedBooter.runSuitesInProcess(ForkedBooter.java:428)
	at org.apache.maven.surefire.booter.ForkedBooter.execute(ForkedBooter.java:162)
	at org.apache.maven.surefire.booter.ForkedBooter.run(ForkedBooter.java:562)
	at org.apache.maven.surefire.booter.ForkedBooter.main(ForkedBooter.java:548)
2024-01-26 11:58:34,766 [main] INFO  utils.DatanodeStoreCache (DatanodeStoreCache.java:shutdownCache(116)) - Skip clearing cache in mini cluster mode. Entries left: [/home/runner/work/ozone/ozone/hadoop-ozone/integration-test/target/test-dir/MiniOzoneClusterImpl-47c92df5-8859-41b8-9f26-037451183754/datanode-0/data-0/containers/hdds/47c92df5-8859-41b8-9f26-037451183754/DS-d0ad8b78-8d35-4f8d-8372-6e3abedb040d/container.db, /home/runner/work/ozone/ozone/hadoop-ozone/integration-test/target/test-dir/MiniOzoneClusterImpl-47c92df5-8859-41b8-9f26-037451183754/datanode-1/data-0/containers/hdds/47c92df5-8859-41b8-9f26-037451183754/DS-3fa24114-ab61-4899-85b7-ea6a4c7cce67/container.db, /home/runner/work/ozone/ozone/hadoop-ozone/integration-test/target/test-dir/MiniOzoneClusterImpl-47c92df5-8859-41b8-9f26-037451183754/datanode-2/data-0/containers/hdds/47c92df5-8859-41b8-9f26-037451183754/DS-ebee3a98-def0-46fd-8582-53cebdd03222/container.db]
2024-01-26 11:58:34,767 [main] INFO  utils.DatanodeStoreCache (DatanodeStoreCache.java:removeDB(110)) - Removed db /home/runner/work/ozone/ozone/hadoop-ozone/integration-test/target/test-dir/MiniOzoneClusterImpl-47c92df5-8859-41b8-9f26-037451183754/datanode-0/data-0/containers/hdds/47c92df5-8859-41b8-9f26-037451183754/DS-d0ad8b78-8d35-4f8d-8372-6e3abedb040d/container.db from cache
2024-01-26 11:58:34,768 [main] INFO  volume.HddsVolume (HddsVolume.java:closeDbStore(451)) - SchemaV3 db is stopped at /home/runner/work/ozone/ozone/hadoop-ozone/integration-test/target/test-dir/MiniOzoneClusterImpl-47c92df5-8859-41b8-9f26-037451183754/datanode-0/data-0/containers/hdds/47c92df5-8859-41b8-9f26-037451183754/DS-d0ad8b78-8d35-4f8d-8372-6e3abedb040d/container.db for volume DS-d0ad8b78-8d35-4f8d-8372-6e3abedb040d
2024-01-26 11:58:34,768 [main] INFO  utils.BackgroundService (BackgroundService.java:shutdown(160)) - Shutting down service BlockDeletingService
2024-01-26 11:58:34,769 [main] INFO  utils.BackgroundService (BackgroundService.java:shutdown(160)) - Shutting down service StaleRecoveringContainerScrubbingService
2024-01-26 11:58:34,770 [main] INFO  statemachine.DatanodeStateMachine (DatanodeStateMachine.java:stopDaemon(638)) - Ozone container server stopped.
2024-01-26 11:58:34,772 [main] INFO  handler.ContextHandler (ContextHandler.java:doStop(1159)) - Stopped o.e.j.w.WebAppContext@5e042bb9{hddsDatanode,/,null,STOPPED}{jar:file:/home/runner/.m2/repository/org/apache/ozone/hdds-container-service/1.5.0-SNAPSHOT/hdds-container-service-1.5.0-SNAPSHOT.jar!/webapps/hddsDatanode}
2024-01-26 11:58:34,773 [main] INFO  server.AbstractConnector (AbstractConnector.java:doStop(383)) - Stopped ServerConnector@74593dd2{HTTP/1.1, (http/1.1)}{0.0.0.0:15044}
2024-01-26 11:58:34,773 [main] INFO  server.session (HouseKeeper.java:stopScavenging(149)) - node0 Stopped scavenging
2024-01-26 11:58:34,774 [main] INFO  handler.ContextHandler (ContextHandler.java:doStop(1159)) - Stopped o.e.j.s.ServletContextHandler@50c03637{static,/static,jar:file:/home/runner/.m2/repository/org/apache/ozone/hdds-container-service/1.5.0-SNAPSHOT/hdds-container-service-1.5.0-SNAPSHOT.jar!/webapps/static,STOPPED}
2024-01-26 11:58:34,775 [main] INFO  handler.ContextHandler (ContextHandler.java:doStop(1159)) - Stopped o.e.j.s.ServletContextHandler@5f593f31{logs,/logs,file:///home/runner/work/ozone/ozone/hadoop-ozone/integration-test/target/log,STOPPED}
2024-01-26 11:58:34,775 [main] INFO  ozone.HddsDatanodeClientProtocolServer (HddsDatanodeClientProtocolServer.java:stop(78)) - Stopping the RPC server for Client Protocol
2024-01-26 11:58:34,776 [main] INFO  ipc.Server (Server.java:stop(3523)) - Stopping server on 15045
2024-01-26 11:58:34,776 [IPC Server listener on 15045] INFO  ipc.Server (Server.java:run(1434)) - Stopping IPC Server listener on 15045
2024-01-26 11:58:34,777 [IPC Server Responder] INFO  ipc.Server (Server.java:run(1567)) - Stopping IPC Server Responder
2024-01-26 11:58:34,778 [main] INFO  ozoneimpl.OzoneContainer (OzoneContainer.java:stop(479)) - Attempting to stop container services.
2024-01-26 11:58:34,780 [main] INFO  server.RaftServer (RaftServerProxy.java:lambda$close$9(416)) - 9cb68909-d63b-4c8c-a8c2-d1f5498e35c0: close
2024-01-26 11:58:34,780 [9cb68909-d63b-4c8c-a8c2-d1f5498e35c0-impl-thread2] INFO  server.RaftServer$Division (RaftServerImpl.java:lambda$close$3(526)) - 9cb68909-d63b-4c8c-a8c2-d1f5498e35c0@group-B4467A1991D0: shutdown
2024-01-26 11:58:34,780 [9cb68909-d63b-4c8c-a8c2-d1f5498e35c0-impl-thread4] INFO  server.RaftServer$Division (RaftServerImpl.java:lambda$close$3(526)) - 9cb68909-d63b-4c8c-a8c2-d1f5498e35c0@group-4EC49586B597: shutdown
2024-01-26 11:58:34,780 [main] INFO  server.GrpcService (GrpcService.java:closeImpl(311)) - 9cb68909-d63b-4c8c-a8c2-d1f5498e35c0: shutdown server org.apache.ratis.grpc.server.GrpcClientProtocolService now
2024-01-26 11:58:34,780 [9cb68909-d63b-4c8c-a8c2-d1f5498e35c0-impl-thread3] INFO  server.RaftServer$Division (RaftServerImpl.java:lambda$close$3(526)) - 9cb68909-d63b-4c8c-a8c2-d1f5498e35c0@group-EE265D257B52: shutdown
2024-01-26 11:58:34,781 [9cb68909-d63b-4c8c-a8c2-d1f5498e35c0-impl-thread3] INFO  util.JmxRegister (JmxRegister.java:unregister(73)) - Successfully un-registered JMX Bean with object name Ratis:service=RaftServer,group=group-EE265D257B52,id=9cb68909-d63b-4c8c-a8c2-d1f5498e35c0
2024-01-26 11:58:34,781 [9cb68909-d63b-4c8c-a8c2-d1f5498e35c0-impl-thread3] INFO  impl.RoleInfo (RoleInfo.java:shutdownLeaderState(94)) - 9cb68909-d63b-4c8c-a8c2-d1f5498e35c0: shutdown 9cb68909-d63b-4c8c-a8c2-d1f5498e35c0@group-EE265D257B52-LeaderStateImpl
2024-01-26 11:58:34,781 [9cb68909-d63b-4c8c-a8c2-d1f5498e35c0-impl-thread4] INFO  util.JmxRegister (JmxRegister.java:unregister(73)) - Successfully un-registered JMX Bean with object name Ratis:service=RaftServer,group=group-4EC49586B597,id=9cb68909-d63b-4c8c-a8c2-d1f5498e35c0
2024-01-26 11:58:34,782 [9cb68909-d63b-4c8c-a8c2-d1f5498e35c0-impl-thread4] INFO  impl.RoleInfo (RoleInfo.java:shutdownLeaderState(94)) - 9cb68909-d63b-4c8c-a8c2-d1f5498e35c0: shutdown 9cb68909-d63b-4c8c-a8c2-d1f5498e35c0@group-4EC49586B597-LeaderStateImpl
2024-01-26 11:58:34,780 [9cb68909-d63b-4c8c-a8c2-d1f5498e35c0-impl-thread2] INFO  util.JmxRegister (JmxRegister.java:unregister(73)) - Successfully un-registered JMX Bean with object name Ratis:service=RaftServer,group=group-B4467A1991D0,id=9cb68909-d63b-4c8c-a8c2-d1f5498e35c0
2024-01-26 11:58:34,782 [9cb68909-d63b-4c8c-a8c2-d1f5498e35c0-impl-thread4] INFO  impl.PendingRequests (PendingRequests.java:sendNotLeaderResponses(289)) - 9cb68909-d63b-4c8c-a8c2-d1f5498e35c0@group-4EC49586B597-PendingRequests: sendNotLeaderResponses
2024-01-26 11:58:34,782 [9cb68909-d63b-4c8c-a8c2-d1f5498e35c0-impl-thread2] INFO  impl.RoleInfo (RoleInfo.java:shutdownFollowerState(110)) - 9cb68909-d63b-4c8c-a8c2-d1f5498e35c0: shutdown 9cb68909-d63b-4c8c-a8c2-d1f5498e35c0@group-B4467A1991D0-FollowerState
2024-01-26 11:58:34,782 [9cb68909-d63b-4c8c-a8c2-d1f5498e35c0-impl-thread4] INFO  impl.StateMachineUpdater (StateMachineUpdater.java:stopAndJoin(157)) - 9cb68909-d63b-4c8c-a8c2-d1f5498e35c0@group-4EC49586B597-StateMachineUpdater: set stopIndex = 0
2024-01-26 11:58:34,782 [9cb68909-d63b-4c8c-a8c2-d1f5498e35c0@group-4EC49586B597-StateMachineUpdater] INFO  ratis.ContainerStateMachine (ContainerStateMachine.java:takeSnapshot(355)) - group-4EC49586B597: Taking a snapshot at:(t:1, i:0) file /home/runner/work/ozone/ozone/hadoop-ozone/integration-test/target/test-dir/MiniOzoneClusterImpl-47c92df5-8859-41b8-9f26-037451183754/datanode-1/data/ratis/31b92d74-d28b-40c2-a4f4-4ec49586b597/sm/snapshot.1_0
2024-01-26 11:58:34,783 [9cb68909-d63b-4c8c-a8c2-d1f5498e35c0@group-4EC49586B597-StateMachineUpdater] INFO  ratis.ContainerStateMachine (ContainerStateMachine.java:takeSnapshot(366)) - group-4EC49586B597: Finished taking a snapshot at:(t:1, i:0) file:/home/runner/work/ozone/ozone/hadoop-ozone/integration-test/target/test-dir/MiniOzoneClusterImpl-47c92df5-8859-41b8-9f26-037451183754/datanode-1/data/ratis/31b92d74-d28b-40c2-a4f4-4ec49586b597/sm/snapshot.1_0 took: 1 ms
2024-01-26 11:58:34,783 [9cb68909-d63b-4c8c-a8c2-d1f5498e35c0@group-4EC49586B597-StateMachineUpdater] INFO  impl.StateMachineUpdater (StateMachineUpdater.java:takeSnapshot(295)) - 9cb68909-d63b-4c8c-a8c2-d1f5498e35c0@group-4EC49586B597-StateMachineUpdater: Took a snapshot at index 0
2024-01-26 11:58:34,783 [9cb68909-d63b-4c8c-a8c2-d1f5498e35c0@group-4EC49586B597-StateMachineUpdater] INFO  impl.StateMachineUpdater (StateMachineUpdater.java:lambda$new$0(98)) - 9cb68909-d63b-4c8c-a8c2-d1f5498e35c0@group-4EC49586B597-StateMachineUpdater: snapshotIndex: updateIncreasingly -1 -> 0
2024-01-26 11:58:34,783 [9cb68909-d63b-4c8c-a8c2-d1f5498e35c0-impl-thread4] INFO  server.RaftServer$Division (ServerState.java:close(427)) - 9cb68909-d63b-4c8c-a8c2-d1f5498e35c0@group-4EC49586B597: applyIndex: 0
2024-01-26 11:58:34,784 [9cb68909-d63b-4c8c-a8c2-d1f5498e35c0@group-B4467A1991D0-StateMachineUpdater] INFO  ratis.ContainerStateMachine (ContainerStateMachine.java:takeSnapshot(355)) - group-B4467A1991D0: Taking a snapshot at:(t:2, i:0) file /home/runner/work/ozone/ozone/hadoop-ozone/integration-test/target/test-dir/MiniOzoneClusterImpl-47c92df5-8859-41b8-9f26-037451183754/datanode-1/data/ratis/275c314f-37ff-47c3-8830-b4467a1991d0/sm/snapshot.2_0
2024-01-26 11:58:34,784 [9cb68909-d63b-4c8c-a8c2-d1f5498e35c0@group-4EC49586B597-cacheEviction-AwaitToRun] INFO  util.AwaitToRun (AwaitToRun.java:run(49)) - 9cb68909-d63b-4c8c-a8c2-d1f5498e35c0@group-4EC49586B597-cacheEviction-AwaitToRun-AwaitForSignal is interrupted
2024-01-26 11:58:34,784 [9cb68909-d63b-4c8c-a8c2-d1f5498e35c0-impl-thread2] INFO  impl.StateMachineUpdater (StateMachineUpdater.java:stopAndJoin(157)) - 9cb68909-d63b-4c8c-a8c2-d1f5498e35c0@group-B4467A1991D0-StateMachineUpdater: set stopIndex = 0
2024-01-26 11:58:34,785 [9cb68909-d63b-4c8c-a8c2-d1f5498e35c0@group-B4467A1991D0-StateMachineUpdater] INFO  ratis.ContainerStateMachine (ContainerStateMachine.java:takeSnapshot(366)) - group-B4467A1991D0: Finished taking a snapshot at:(t:2, i:0) file:/home/runner/work/ozone/ozone/hadoop-ozone/integration-test/target/test-dir/MiniOzoneClusterImpl-47c92df5-8859-41b8-9f26-037451183754/datanode-1/data/ratis/275c314f-37ff-47c3-8830-b4467a1991d0/sm/snapshot.2_0 took: 1 ms
2024-01-26 11:58:34,785 [9cb68909-d63b-4c8c-a8c2-d1f5498e35c0@group-B4467A1991D0-StateMachineUpdater] INFO  impl.StateMachineUpdater (StateMachineUpdater.java:takeSnapshot(295)) - 9cb68909-d63b-4c8c-a8c2-d1f5498e35c0@group-B4467A1991D0-StateMachineUpdater: Took a snapshot at index 0
2024-01-26 11:58:34,785 [9cb68909-d63b-4c8c-a8c2-d1f5498e35c0@group-B4467A1991D0-StateMachineUpdater] INFO  impl.StateMachineUpdater (StateMachineUpdater.java:lambda$new$0(98)) - 9cb68909-d63b-4c8c-a8c2-d1f5498e35c0@group-B4467A1991D0-StateMachineUpdater: snapshotIndex: updateIncreasingly -1 -> 0
2024-01-26 11:58:34,785 [9cb68909-d63b-4c8c-a8c2-d1f5498e35c0-impl-thread2] INFO  server.RaftServer$Division (ServerState.java:close(427)) - 9cb68909-d63b-4c8c-a8c2-d1f5498e35c0@group-B4467A1991D0: applyIndex: 0
2024-01-26 11:58:34,784 [9cb68909-d63b-4c8c-a8c2-d1f5498e35c0@group-B4467A1991D0-FollowerState] INFO  impl.FollowerState (FollowerState.java:run(152)) - 9cb68909-d63b-4c8c-a8c2-d1f5498e35c0@group-B4467A1991D0-FollowerState was interrupted
2024-01-26 11:58:34,784 [Thread-1734] INFO  server.GrpcServerProtocolClient (GrpcServerProtocolClient.java:close(103)) - 0f734c5b-620a-4a31-a7a8-a1d45a227569 Close channels
2024-01-26 11:58:34,784 [9cb68909-d63b-4c8c-a8c2-d1f5498e35c0@group-EE265D257B52->0f734c5b-620a-4a31-a7a8-a1d45a227569-GrpcLogAppender-LogAppenderDaemon] WARN  server.GrpcLogAppender (GrpcLogAppender.java:mayWait(289)) - 9cb68909-d63b-4c8c-a8c2-d1f5498e35c0@group-EE265D257B52->0f734c5b-620a-4a31-a7a8-a1d45a227569-GrpcLogAppender: Wait interrupted by java.lang.InterruptedException
2024-01-26 11:58:34,784 [9cb68909-d63b-4c8c-a8c2-d1f5498e35c0@group-EE265D257B52->b514b48b-a23c-4b35-9087-6efcb4999551-GrpcLogAppender-LogAppenderDaemon] WARN  server.GrpcLogAppender (GrpcLogAppender.java:mayWait(289)) - 9cb68909-d63b-4c8c-a8c2-d1f5498e35c0@group-EE265D257B52->b514b48b-a23c-4b35-9087-6efcb4999551-GrpcLogAppender: Wait interrupted by java.lang.InterruptedException
2024-01-26 11:58:34,784 [9cb68909-d63b-4c8c-a8c2-d1f5498e35c0-impl-thread3] INFO  impl.PendingRequests (PendingRequests.java:sendNotLeaderResponses(289)) - 9cb68909-d63b-4c8c-a8c2-d1f5498e35c0@group-EE265D257B52-PendingRequests: sendNotLeaderResponses
2024-01-26 11:58:34,784 [Thread-1733] INFO  server.GrpcServerProtocolClient (GrpcServerProtocolClient.java:close(103)) - b514b48b-a23c-4b35-9087-6efcb4999551 Close channels
2024-01-26 11:58:34,786 [9cb68909-d63b-4c8c-a8c2-d1f5498e35c0@group-B4467A1991D0-cacheEviction-AwaitToRun] INFO  util.AwaitToRun (AwaitToRun.java:run(49)) - 9cb68909-d63b-4c8c-a8c2-d1f5498e35c0@group-B4467A1991D0-cacheEviction-AwaitToRun-AwaitForSignal is interrupted
2024-01-26 11:58:34,787 [grpc-default-executor-1] INFO  server.GrpcServerProtocolService (GrpcServerProtocolService.java:onCompleted(157)) - b514b48b-a23c-4b35-9087-6efcb4999551: Completed APPEND_ENTRIES, lastRequest: null
2024-01-26 11:58:34,787 [9cb68909-d63b-4c8c-a8c2-d1f5498e35c0-impl-thread3] INFO  impl.StateMachineUpdater (StateMachineUpdater.java:stopAndJoin(157)) - 9cb68909-d63b-4c8c-a8c2-d1f5498e35c0@group-EE265D257B52-StateMachineUpdater: set stopIndex = 0
2024-01-26 11:58:34,787 [grpc-default-executor-1] INFO  server.GrpcServerProtocolService (GrpcServerProtocolService.java:lambda$onCompleted$5(159)) - b514b48b-a23c-4b35-9087-6efcb4999551: Completed APPEND_ENTRIES, lastReply: serverReply {
  requestorId: "9cb68909-d63b-4c8c-a8c2-d1f5498e35c0"
  replyId: "b514b48b-a23c-4b35-9087-6efcb4999551"
  raftGroupId {
    id: "\000=q\021l M\324\224\033\356&]%{R"
  }
  callId: 50
  success: true
}
term: 1
nextIndex: 1
matchIndex: 18446744073709551615
isHearbeat: true

2024-01-26 11:58:34,787 [grpc-default-executor-6] INFO  server.GrpcServerProtocolService (GrpcServerProtocolService.java:onCompleted(157)) - b514b48b-a23c-4b35-9087-6efcb4999551: Completed APPEND_ENTRIES, lastRequest: 9cb68909-d63b-4c8c-a8c2-d1f5498e35c0->b514b48b-a23c-4b35-9087-6efcb4999551#1-t1,previous=(t:0, i:0),leaderCommit=-1,initializing? false,entries: size=1, first=(t:1, i:0), CONFIGURATIONENTRY(current:id: "b514b48b-a23c-4b35-9087-6efcb4999551"
address: "10.1.0.50:15067"
dataStreamAddress: "10.1.0.50:15068"
clientAddress: "10.1.0.50:15065"
adminAddress: "10.1.0.50:15066"
startupRole: FOLLOWER
,id: "0f734c5b-620a-4a31-a7a8-a1d45a227569"
address: "10.1.0.50:15049"
dataStreamAddress: "10.1.0.50:15050"
clientAddress: "10.1.0.50:15047"
adminAddress: "10.1.0.50:15048"
startupRole: FOLLOWER
,id: "9cb68909-d63b-4c8c-a8c2-d1f5498e35c0"
address: "10.1.0.50:15058"
priority: 1
dataStreamAddress: "10.1.0.50:15059"
clientAddress: "10.1.0.50:15056"
adminAddress: "10.1.0.50:15057"
startupRole: FOLLOWER
, old:)
2024-01-26 11:58:34,787 [9cb68909-d63b-4c8c-a8c2-d1f5498e35c0@group-EE265D257B52-StateMachineUpdater] INFO  ratis.ContainerStateMachine (ContainerStateMachine.java:takeSnapshot(355)) - group-EE265D257B52: Taking a snapshot at:(t:1, i:0) file /home/runner/work/ozone/ozone/hadoop-ozone/integration-test/target/test-dir/MiniOzoneClusterImpl-47c92df5-8859-41b8-9f26-037451183754/datanode-1/data/ratis/003d7111-6c20-4dd4-941b-ee265d257b52/sm/snapshot.1_0
2024-01-26 11:58:34,787 [grpc-default-executor-6] INFO  server.GrpcServerProtocolService (GrpcServerProtocolService.java:lambda$onCompleted$5(159)) - b514b48b-a23c-4b35-9087-6efcb4999551: Completed APPEND_ENTRIES, lastReply: null
2024-01-26 11:58:34,788 [9cb68909-d63b-4c8c-a8c2-d1f5498e35c0@group-EE265D257B52-StateMachineUpdater] INFO  ratis.ContainerStateMachine (ContainerStateMachine.java:takeSnapshot(366)) - group-EE265D257B52: Finished taking a snapshot at:(t:1, i:0) file:/home/runner/work/ozone/ozone/hadoop-ozone/integration-test/target/test-dir/MiniOzoneClusterImpl-47c92df5-8859-41b8-9f26-037451183754/datanode-1/data/ratis/003d7111-6c20-4dd4-941b-ee265d257b52/sm/snapshot.1_0 took: 1 ms
2024-01-26 11:58:34,788 [grpc-default-executor-6] INFO  server.GrpcLogAppender (GrpcLogAppender.java:onCompleted(546)) - 9cb68909-d63b-4c8c-a8c2-d1f5498e35c0@group-EE265D257B52->b514b48b-a23c-4b35-9087-6efcb4999551-AppendLogResponseHandler: follower responses appendEntries COMPLETED
2024-01-26 11:58:34,788 [9cb68909-d63b-4c8c-a8c2-d1f5498e35c0@group-EE265D257B52-StateMachineUpdater] INFO  impl.StateMachineUpdater (StateMachineUpdater.java:takeSnapshot(295)) - 9cb68909-d63b-4c8c-a8c2-d1f5498e35c0@group-EE265D257B52-StateMachineUpdater: Took a snapshot at index 0
2024-01-26 11:58:34,788 [grpc-default-executor-6] WARN  server.GrpcLogAppender (GrpcLogAppender.java:resetClient(226)) - 9cb68909-d63b-4c8c-a8c2-d1f5498e35c0@group-EE265D257B52->b514b48b-a23c-4b35-9087-6efcb4999551-GrpcLogAppender: Failed to getClient for b514b48b-a23c-4b35-9087-6efcb4999551
org.apache.ratis.protocol.exceptions.AlreadyClosedException: 9cb68909-d63b-4c8c-a8c2-d1f5498e35c0 is already CLOSED
	at org.apache.ratis.util.PeerProxyMap$PeerAndProxy.getProxy(PeerProxyMap.java:65)
	at org.apache.ratis.util.PeerProxyMap.getProxy(PeerProxyMap.java:114)
	at org.apache.ratis.grpc.server.GrpcLogAppender.getClient(GrpcLogAppender.java:196)
	at org.apache.ratis.grpc.server.GrpcLogAppender.resetClient(GrpcLogAppender.java:201)
	at org.apache.ratis.grpc.server.GrpcLogAppender.access$800(GrpcLogAppender.java:62)
	at org.apache.ratis.grpc.server.GrpcLogAppender$AppendLogResponseHandler.onCompleted(GrpcLogAppender.java:547)
	at org.apache.ratis.thirdparty.io.grpc.stub.ClientCalls$StreamObserverToCallListenerAdapter.onClose(ClientCalls.java:479)
	at org.apache.ratis.thirdparty.io.grpc.internal.ClientCallImpl.closeObserver(ClientCallImpl.java:567)
	at org.apache.ratis.thirdparty.io.grpc.internal.ClientCallImpl.access$300(ClientCallImpl.java:71)
	at org.apache.ratis.thirdparty.io.grpc.internal.ClientCallImpl$ClientStreamListenerImpl$1StreamClosed.runInternal(ClientCallImpl.java:735)
	at org.apache.ratis.thirdparty.io.grpc.internal.ClientCallImpl$ClientStreamListenerImpl$1StreamClosed.runInContext(ClientCallImpl.java:716)
	at org.apache.ratis.thirdparty.io.grpc.internal.ContextRunnable.run(ContextRunnable.java:37)
	at org.apache.ratis.thirdparty.io.grpc.internal.SerializingExecutor.run(SerializingExecutor.java:133)
	at java.util.concurrent.ThreadPoolExecutor.runWorker(ThreadPoolExecutor.java:1149)
	at java.util.concurrent.ThreadPoolExecutor$Worker.run(ThreadPoolExecutor.java:624)
	at java.lang.Thread.run(Thread.java:750)
2024-01-26 11:58:34,789 [grpc-default-executor-1] INFO  server.GrpcLogAppender (GrpcLogAppender.java:onCompleted(546)) - 9cb68909-d63b-4c8c-a8c2-d1f5498e35c0@group-EE265D257B52->b514b48b-a23c-4b35-9087-6efcb4999551-AppendLogResponseHandler: follower responses appendEntries COMPLETED
2024-01-26 11:58:34,789 [grpc-default-executor-1] WARN  server.GrpcLogAppender (GrpcLogAppender.java:resetClient(226)) - 9cb68909-d63b-4c8c-a8c2-d1f5498e35c0@group-EE265D257B52->b514b48b-a23c-4b35-9087-6efcb4999551-GrpcLogAppender: Failed to getClient for b514b48b-a23c-4b35-9087-6efcb4999551
org.apache.ratis.protocol.exceptions.AlreadyClosedException: 9cb68909-d63b-4c8c-a8c2-d1f5498e35c0 is already CLOSED
	at org.apache.ratis.util.PeerProxyMap$PeerAndProxy.getProxy(PeerProxyMap.java:65)
	at org.apache.ratis.util.PeerProxyMap.getProxy(PeerProxyMap.java:114)
	at org.apache.ratis.grpc.server.GrpcLogAppender.getClient(GrpcLogAppender.java:196)
	at org.apache.ratis.grpc.server.GrpcLogAppender.resetClient(GrpcLogAppender.java:201)
	at org.apache.ratis.grpc.server.GrpcLogAppender.access$800(GrpcLogAppender.java:62)
	at org.apache.ratis.grpc.server.GrpcLogAppender$AppendLogResponseHandler.onCompleted(GrpcLogAppender.java:547)
	at org.apache.ratis.thirdparty.io.grpc.stub.ClientCalls$StreamObserverToCallListenerAdapter.onClose(ClientCalls.java:479)
	at org.apache.ratis.thirdparty.io.grpc.internal.ClientCallImpl.closeObserver(ClientCallImpl.java:567)
	at org.apache.ratis.thirdparty.io.grpc.internal.ClientCallImpl.access$300(ClientCallImpl.java:71)
	at org.apache.ratis.thirdparty.io.grpc.internal.ClientCallImpl$ClientStreamListenerImpl$1StreamClosed.runInternal(ClientCallImpl.java:735)
	at org.apache.ratis.thirdparty.io.grpc.internal.ClientCallImpl$ClientStreamListenerImpl$1StreamClosed.runInContext(ClientCallImpl.java:716)
	at org.apache.ratis.thirdparty.io.grpc.internal.ContextRunnable.run(ContextRunnable.java:37)
	at org.apache.ratis.thirdparty.io.grpc.internal.SerializingExecutor.run(SerializingExecutor.java:133)
	at java.util.concurrent.ThreadPoolExecutor.runWorker(ThreadPoolExecutor.java:1149)
	at java.util.concurrent.ThreadPoolExecutor$Worker.run(ThreadPoolExecutor.java:624)
	at java.lang.Thread.run(Thread.java:750)
2024-01-26 11:58:34,788 [9cb68909-d63b-4c8c-a8c2-d1f5498e35c0@group-EE265D257B52-StateMachineUpdater] INFO  impl.StateMachineUpdater (StateMachineUpdater.java:lambda$new$0(98)) - 9cb68909-d63b-4c8c-a8c2-d1f5498e35c0@group-EE265D257B52-StateMachineUpdater: snapshotIndex: updateIncreasingly -1 -> 0
2024-01-26 11:58:34,790 [9cb68909-d63b-4c8c-a8c2-d1f5498e35c0-impl-thread3] INFO  server.RaftServer$Division (ServerState.java:close(427)) - 9cb68909-d63b-4c8c-a8c2-d1f5498e35c0@group-EE265D257B52: applyIndex: 0
2024-01-26 11:58:34,790 [main] INFO  server.GrpcService (GrpcService.java:closeImpl(320)) - 9cb68909-d63b-4c8c-a8c2-d1f5498e35c0: shutdown server org.apache.ratis.grpc.server.GrpcClientProtocolService successfully
2024-01-26 11:58:34,791 [main] INFO  server.GrpcService (GrpcService.java:closeImpl(311)) - 9cb68909-d63b-4c8c-a8c2-d1f5498e35c0: shutdown server GrpcServerProtocolService now
2024-01-26 11:58:34,790 [9cb68909-d63b-4c8c-a8c2-d1f5498e35c0@group-EE265D257B52-cacheEviction-AwaitToRun] INFO  util.AwaitToRun (AwaitToRun.java:run(49)) - 9cb68909-d63b-4c8c-a8c2-d1f5498e35c0@group-EE265D257B52-cacheEviction-AwaitToRun-AwaitForSignal is interrupted
2024-01-26 11:58:34,792 [grpc-default-executor-6] WARN  server.GrpcServerProtocolService (LogUtils.java:warn(121)) - 9cb68909-d63b-4c8c-a8c2-d1f5498e35c0: APPEND_ENTRIES onError, lastRequest: null: org.apache.ratis.thirdparty.io.grpc.StatusRuntimeException: CANCELLED: client cancelled
2024-01-26 11:58:34,796 [main] INFO  server.GrpcService (GrpcService.java:closeImpl(320)) - 9cb68909-d63b-4c8c-a8c2-d1f5498e35c0: shutdown server GrpcServerProtocolService successfully
2024-01-26 11:58:34,797 [main] INFO  server.GrpcService (GrpcService.java:closeImpl(311)) - 9cb68909-d63b-4c8c-a8c2-d1f5498e35c0: shutdown server org.apache.ratis.grpc.server.GrpcAdminProtocolService now
2024-01-26 11:58:34,797 [grpc-default-executor-1] WARN  server.GrpcLogAppender (LogUtils.java:warn(121)) - b514b48b-a23c-4b35-9087-6efcb4999551@group-B4467A1991D0->9cb68909-d63b-4c8c-a8c2-d1f5498e35c0-AppendLogResponseHandler: Failed appendEntries: org.apache.ratis.thirdparty.io.grpc.StatusRuntimeException: CANCELLED: RST_STREAM closed stream. HTTP/2 error code: CANCEL
2024-01-26 11:58:34,798 [grpc-default-executor-1] WARN  server.GrpcLogAppender (GrpcLogAppender.java:lambda$resetClient$1(217)) - b514b48b-a23c-4b35-9087-6efcb4999551@group-B4467A1991D0->9cb68909-d63b-4c8c-a8c2-d1f5498e35c0-GrpcLogAppender: Follower failed (request=null, errorCount=1); keep nextIndex (1) unchanged and retry.
2024-01-26 11:58:34,797 [grpc-default-executor-7] WARN  server.GrpcServerProtocolService (LogUtils.java:warn(121)) - 9cb68909-d63b-4c8c-a8c2-d1f5498e35c0: APPEND_ENTRIES onError, lastRequest: b514b48b-a23c-4b35-9087-6efcb4999551->9cb68909-d63b-4c8c-a8c2-d1f5498e35c0#1-t2,previous=(t:0, i:0),leaderCommit=-1,initializing? false,entries: size=1, first=(t:2, i:0), CONFIGURATIONENTRY(current:id: "b514b48b-a23c-4b35-9087-6efcb4999551"
address: "10.1.0.50:15067"
dataStreamAddress: "10.1.0.50:15068"
clientAddress: "10.1.0.50:15065"
adminAddress: "10.1.0.50:15066"
startupRole: FOLLOWER
,id: "0f734c5b-620a-4a31-a7a8-a1d45a227569"
address: "10.1.0.50:15049"
priority: 1
dataStreamAddress: "10.1.0.50:15050"
clientAddress: "10.1.0.50:15047"
adminAddress: "10.1.0.50:15048"
startupRole: FOLLOWER
,id: "9cb68909-d63b-4c8c-a8c2-d1f5498e35c0"
address: "10.1.0.50:15058"
dataStreamAddress: "10.1.0.50:15059"
clientAddress: "10.1.0.50:15056"
adminAddress: "10.1.0.50:15057"
startupRole: FOLLOWER
, old:): org.apache.ratis.thirdparty.io.grpc.StatusRuntimeException: CANCELLED: client cancelled
2024-01-26 11:58:34,800 [main] INFO  server.GrpcService (GrpcService.java:closeImpl(320)) - 9cb68909-d63b-4c8c-a8c2-d1f5498e35c0: shutdown server org.apache.ratis.grpc.server.GrpcAdminProtocolService successfully
2024-01-26 11:58:34,802 [9cb68909-d63b-4c8c-a8c2-d1f5498e35c0-NettyServerStreamRpc-bossGroup--thread1] INFO  logging.LoggingHandler (AbstractInternalLogger.java:log(148)) - [id: 0xe3e8aee6, L:/0.0.0.0:15059] CLOSE
2024-01-26 11:58:34,802 [9cb68909-d63b-4c8c-a8c2-d1f5498e35c0-NettyServerStreamRpc-bossGroup--thread1] INFO  logging.LoggingHandler (AbstractInternalLogger.java:log(148)) - [id: 0xe3e8aee6, L:/0.0.0.0:15059] INACTIVE
2024-01-26 11:58:34,803 [9cb68909-d63b-4c8c-a8c2-d1f5498e35c0-NettyServerStreamRpc-bossGroup--thread1] INFO  logging.LoggingHandler (AbstractInternalLogger.java:log(148)) - [id: 0xe3e8aee6, L:/0.0.0.0:15059] UNREGISTERED
2024-01-26 11:58:34,866 [9cb68909-d63b-4c8c-a8c2-d1f5498e35c0-impl-thread4] INFO  segmented.SegmentedRaftLogWorker (SegmentedRaftLogWorker.java:close(245)) - 9cb68909-d63b-4c8c-a8c2-d1f5498e35c0@group-4EC49586B597-SegmentedRaftLogWorker close()
2024-01-26 11:58:34,968 [9cb68909-d63b-4c8c-a8c2-d1f5498e35c0-impl-thread2] INFO  segmented.SegmentedRaftLogWorker (SegmentedRaftLogWorker.java:close(245)) - 9cb68909-d63b-4c8c-a8c2-d1f5498e35c0@group-B4467A1991D0-SegmentedRaftLogWorker close()
2024-01-26 11:58:35,344 [timer3] WARN  server.GrpcLogAppender (LogUtils.java:warn(121)) - b514b48b-a23c-4b35-9087-6efcb4999551@group-B4467A1991D0->0f734c5b-620a-4a31-a7a8-a1d45a227569-AppendLogResponseHandler: Failed appendEntries (Repeated 2 times in the last 5.001s): org.apache.ratis.thirdparty.io.grpc.StatusRuntimeException: UNAVAILABLE: io exception
2024-01-26 11:58:35,345 [timer4] WARN  server.GrpcLogAppender (GrpcLogAppender.java:lambda$resetClient$1(217)) - 9cb68909-d63b-4c8c-a8c2-d1f5498e35c0@group-EE265D257B52->0f734c5b-620a-4a31-a7a8-a1d45a227569-GrpcLogAppender: Follower failed (request=null, errorCount=70); keep nextIndex (1) unchanged and retry. (Repeated 4 times in the last 5.000s)
2024-01-26 11:58:35,699 [9cb68909-d63b-4c8c-a8c2-d1f5498e35c0-impl-thread3] INFO  segmented.SegmentedRaftLogWorker (SegmentedRaftLogWorker.java:close(245)) - 9cb68909-d63b-4c8c-a8c2-d1f5498e35c0@group-EE265D257B52-SegmentedRaftLogWorker close()
2024-01-26 11:58:35,700 [JvmPauseMonitor8] INFO  util.JvmPauseMonitor (JvmPauseMonitor.java:run(152)) - JvmPauseMonitor-9cb68909-d63b-4c8c-a8c2-d1f5498e35c0: Stopped
2024-01-26 11:58:36,748 [grpc-default-executor-6] WARN  server.GrpcLogAppender (LogUtils.java:warn(121)) - b514b48b-a23c-4b35-9087-6efcb4999551@group-B4467A1991D0->0f734c5b-620a-4a31-a7a8-a1d45a227569-AppendLogResponseHandler: Failed appendEntries: org.apache.ratis.thirdparty.io.grpc.StatusRuntimeException: UNAVAILABLE: io exception
2024-01-26 11:58:36,749 [grpc-default-executor-1] WARN  server.GrpcLogAppender (GrpcLogAppender.java:lambda$resetClient$1(217)) - b514b48b-a23c-4b35-9087-6efcb4999551@group-B4467A1991D0->0f734c5b-620a-4a31-a7a8-a1d45a227569-GrpcLogAppender: Follower failed (request=null, errorCount=67); keep nextIndex (1) unchanged and retry.
2024-01-26 11:58:37,703 [main] INFO  utils.DatanodeStoreCache (DatanodeStoreCache.java:shutdownCache(116)) - Skip clearing cache in mini cluster mode. Entries left: [/home/runner/work/ozone/ozone/hadoop-ozone/integration-test/target/test-dir/MiniOzoneClusterImpl-47c92df5-8859-41b8-9f26-037451183754/datanode-1/data-0/containers/hdds/47c92df5-8859-41b8-9f26-037451183754/DS-3fa24114-ab61-4899-85b7-ea6a4c7cce67/container.db, /home/runner/work/ozone/ozone/hadoop-ozone/integration-test/target/test-dir/MiniOzoneClusterImpl-47c92df5-8859-41b8-9f26-037451183754/datanode-2/data-0/containers/hdds/47c92df5-8859-41b8-9f26-037451183754/DS-ebee3a98-def0-46fd-8582-53cebdd03222/container.db]
2024-01-26 11:58:37,705 [main] INFO  utils.DatanodeStoreCache (DatanodeStoreCache.java:removeDB(110)) - Removed db /home/runner/work/ozone/ozone/hadoop-ozone/integration-test/target/test-dir/MiniOzoneClusterImpl-47c92df5-8859-41b8-9f26-037451183754/datanode-1/data-0/containers/hdds/47c92df5-8859-41b8-9f26-037451183754/DS-3fa24114-ab61-4899-85b7-ea6a4c7cce67/container.db from cache
2024-01-26 11:58:37,705 [main] INFO  volume.HddsVolume (HddsVolume.java:closeDbStore(451)) - SchemaV3 db is stopped at /home/runner/work/ozone/ozone/hadoop-ozone/integration-test/target/test-dir/MiniOzoneClusterImpl-47c92df5-8859-41b8-9f26-037451183754/datanode-1/data-0/containers/hdds/47c92df5-8859-41b8-9f26-037451183754/DS-3fa24114-ab61-4899-85b7-ea6a4c7cce67/container.db for volume DS-3fa24114-ab61-4899-85b7-ea6a4c7cce67
2024-01-26 11:58:37,705 [main] INFO  utils.BackgroundService (BackgroundService.java:shutdown(160)) - Shutting down service BlockDeletingService
2024-01-26 11:58:37,706 [main] INFO  utils.BackgroundService (BackgroundService.java:shutdown(160)) - Shutting down service StaleRecoveringContainerScrubbingService
2024-01-26 11:58:37,707 [main] INFO  statemachine.DatanodeStateMachine (DatanodeStateMachine.java:stopDaemon(638)) - Ozone container server stopped.
2024-01-26 11:58:37,708 [main] INFO  handler.ContextHandler (ContextHandler.java:doStop(1159)) - Stopped o.e.j.w.WebAppContext@a54834d{hddsDatanode,/,null,STOPPED}{jar:file:/home/runner/.m2/repository/org/apache/ozone/hdds-container-service/1.5.0-SNAPSHOT/hdds-container-service-1.5.0-SNAPSHOT.jar!/webapps/hddsDatanode}
2024-01-26 11:58:37,709 [main] INFO  server.AbstractConnector (AbstractConnector.java:doStop(383)) - Stopped ServerConnector@22c8cab7{HTTP/1.1, (http/1.1)}{0.0.0.0:15053}
2024-01-26 11:58:37,709 [main] INFO  server.session (HouseKeeper.java:stopScavenging(149)) - node0 Stopped scavenging
2024-01-26 11:58:37,709 [main] INFO  handler.ContextHandler (ContextHandler.java:doStop(1159)) - Stopped o.e.j.s.ServletContextHandler@70751f41{static,/static,jar:file:/home/runner/.m2/repository/org/apache/ozone/hdds-container-service/1.5.0-SNAPSHOT/hdds-container-service-1.5.0-SNAPSHOT.jar!/webapps/static,STOPPED}
2024-01-26 11:58:37,710 [main] INFO  handler.ContextHandler (ContextHandler.java:doStop(1159)) - Stopped o.e.j.s.ServletContextHandler@136a47b{logs,/logs,file:///home/runner/work/ozone/ozone/hadoop-ozone/integration-test/target/log,STOPPED}
2024-01-26 11:58:37,711 [main] INFO  ozone.HddsDatanodeClientProtocolServer (HddsDatanodeClientProtocolServer.java:stop(78)) - Stopping the RPC server for Client Protocol
2024-01-26 11:58:37,711 [main] INFO  ipc.Server (Server.java:stop(3523)) - Stopping server on 15054
2024-01-26 11:58:37,712 [IPC Server listener on 15054] INFO  ipc.Server (Server.java:run(1434)) - Stopping IPC Server listener on 15054
2024-01-26 11:58:37,712 [IPC Server Responder] INFO  ipc.Server (Server.java:run(1567)) - Stopping IPC Server Responder
2024-01-26 11:58:37,714 [main] INFO  ozoneimpl.OzoneContainer (OzoneContainer.java:stop(479)) - Attempting to stop container services.
2024-01-26 11:58:37,714 [main] INFO  server.RaftServer (RaftServerProxy.java:lambda$close$9(416)) - b514b48b-a23c-4b35-9087-6efcb4999551: close
2024-01-26 11:58:37,715 [b514b48b-a23c-4b35-9087-6efcb4999551-impl-thread2] INFO  server.RaftServer$Division (RaftServerImpl.java:lambda$close$3(526)) - b514b48b-a23c-4b35-9087-6efcb4999551@group-B4467A1991D0: shutdown
2024-01-26 11:58:37,715 [b514b48b-a23c-4b35-9087-6efcb4999551-impl-thread2] INFO  util.JmxRegister (JmxRegister.java:unregister(73)) - Successfully un-registered JMX Bean with object name Ratis:service=RaftServer,group=group-B4467A1991D0,id=b514b48b-a23c-4b35-9087-6efcb4999551
2024-01-26 11:58:37,715 [b514b48b-a23c-4b35-9087-6efcb4999551-impl-thread4] INFO  server.RaftServer$Division (RaftServerImpl.java:lambda$close$3(526)) - b514b48b-a23c-4b35-9087-6efcb4999551@group-EE265D257B52: shutdown
2024-01-26 11:58:37,715 [b514b48b-a23c-4b35-9087-6efcb4999551-impl-thread4] INFO  util.JmxRegister (JmxRegister.java:unregister(73)) - Successfully un-registered JMX Bean with object name Ratis:service=RaftServer,group=group-EE265D257B52,id=b514b48b-a23c-4b35-9087-6efcb4999551
2024-01-26 11:58:37,715 [b514b48b-a23c-4b35-9087-6efcb4999551-impl-thread4] INFO  impl.RoleInfo (RoleInfo.java:shutdownFollowerState(110)) - b514b48b-a23c-4b35-9087-6efcb4999551: shutdown b514b48b-a23c-4b35-9087-6efcb4999551@group-EE265D257B52-FollowerState
2024-01-26 11:58:37,715 [b514b48b-a23c-4b35-9087-6efcb4999551-impl-thread3] INFO  server.RaftServer$Division (RaftServerImpl.java:lambda$close$3(526)) - b514b48b-a23c-4b35-9087-6efcb4999551@group-E3295A5948AF: shutdown
2024-01-26 11:58:37,715 [b514b48b-a23c-4b35-9087-6efcb4999551-impl-thread4] INFO  impl.StateMachineUpdater (StateMachineUpdater.java:stopAndJoin(157)) - b514b48b-a23c-4b35-9087-6efcb4999551@group-EE265D257B52-StateMachineUpdater: set stopIndex = 0
2024-01-26 11:58:37,715 [b514b48b-a23c-4b35-9087-6efcb4999551-impl-thread3] INFO  util.JmxRegister (JmxRegister.java:unregister(73)) - Successfully un-registered JMX Bean with object name Ratis:service=RaftServer,group=group-E3295A5948AF,id=b514b48b-a23c-4b35-9087-6efcb4999551
2024-01-26 11:58:37,716 [b514b48b-a23c-4b35-9087-6efcb4999551-impl-thread3] INFO  impl.RoleInfo (RoleInfo.java:shutdownLeaderState(94)) - b514b48b-a23c-4b35-9087-6efcb4999551: shutdown b514b48b-a23c-4b35-9087-6efcb4999551@group-E3295A5948AF-LeaderStateImpl
2024-01-26 11:58:37,715 [b514b48b-a23c-4b35-9087-6efcb4999551@group-EE265D257B52-StateMachineUpdater] INFO  ratis.ContainerStateMachine (ContainerStateMachine.java:takeSnapshot(355)) - group-EE265D257B52: Taking a snapshot at:(t:1, i:0) file /home/runner/work/ozone/ozone/hadoop-ozone/integration-test/target/test-dir/MiniOzoneClusterImpl-47c92df5-8859-41b8-9f26-037451183754/datanode-2/data/ratis/003d7111-6c20-4dd4-941b-ee265d257b52/sm/snapshot.1_0
2024-01-26 11:58:37,715 [b514b48b-a23c-4b35-9087-6efcb4999551@group-EE265D257B52-FollowerState] INFO  impl.FollowerState (FollowerState.java:run(152)) - b514b48b-a23c-4b35-9087-6efcb4999551@group-EE265D257B52-FollowerState was interrupted
2024-01-26 11:58:37,715 [b514b48b-a23c-4b35-9087-6efcb4999551-impl-thread2] INFO  impl.RoleInfo (RoleInfo.java:shutdownLeaderState(94)) - b514b48b-a23c-4b35-9087-6efcb4999551: shutdown b514b48b-a23c-4b35-9087-6efcb4999551@group-B4467A1991D0-LeaderStateImpl
2024-01-26 11:58:37,715 [main] INFO  server.GrpcService (GrpcService.java:closeImpl(311)) - b514b48b-a23c-4b35-9087-6efcb4999551: shutdown server org.apache.ratis.grpc.server.GrpcClientProtocolService now
2024-01-26 11:58:37,716 [b514b48b-a23c-4b35-9087-6efcb4999551@group-B4467A1991D0->9cb68909-d63b-4c8c-a8c2-d1f5498e35c0-GrpcLogAppender-LogAppenderDaemon] WARN  server.GrpcLogAppender (GrpcLogAppender.java:mayWait(289)) - b514b48b-a23c-4b35-9087-6efcb4999551@group-B4467A1991D0->9cb68909-d63b-4c8c-a8c2-d1f5498e35c0-GrpcLogAppender: Wait interrupted by java.lang.InterruptedException
2024-01-26 11:58:37,716 [b514b48b-a23c-4b35-9087-6efcb4999551@group-B4467A1991D0->0f734c5b-620a-4a31-a7a8-a1d45a227569-GrpcLogAppender-LogAppenderDaemon] WARN  server.GrpcLogAppender (GrpcLogAppender.java:mayWait(289)) - b514b48b-a23c-4b35-9087-6efcb4999551@group-B4467A1991D0->0f734c5b-620a-4a31-a7a8-a1d45a227569-GrpcLogAppender: Wait interrupted by java.lang.InterruptedException
2024-01-26 11:58:37,716 [b514b48b-a23c-4b35-9087-6efcb4999551@group-EE265D257B52-StateMachineUpdater] INFO  ratis.ContainerStateMachine (ContainerStateMachine.java:takeSnapshot(366)) - group-EE265D257B52: Finished taking a snapshot at:(t:1, i:0) file:/home/runner/work/ozone/ozone/hadoop-ozone/integration-test/target/test-dir/MiniOzoneClusterImpl-47c92df5-8859-41b8-9f26-037451183754/datanode-2/data/ratis/003d7111-6c20-4dd4-941b-ee265d257b52/sm/snapshot.1_0 took: 1 ms
2024-01-26 11:58:37,716 [b514b48b-a23c-4b35-9087-6efcb4999551-impl-thread2] INFO  impl.PendingRequests (PendingRequests.java:sendNotLeaderResponses(289)) - b514b48b-a23c-4b35-9087-6efcb4999551@group-B4467A1991D0-PendingRequests: sendNotLeaderResponses
2024-01-26 11:58:37,719 [b514b48b-a23c-4b35-9087-6efcb4999551@group-EE265D257B52-StateMachineUpdater] INFO  impl.StateMachineUpdater (StateMachineUpdater.java:takeSnapshot(295)) - b514b48b-a23c-4b35-9087-6efcb4999551@group-EE265D257B52-StateMachineUpdater: Took a snapshot at index 0
2024-01-26 11:58:37,719 [b514b48b-a23c-4b35-9087-6efcb4999551@group-EE265D257B52-StateMachineUpdater] INFO  impl.StateMachineUpdater (StateMachineUpdater.java:lambda$new$0(98)) - b514b48b-a23c-4b35-9087-6efcb4999551@group-EE265D257B52-StateMachineUpdater: snapshotIndex: updateIncreasingly -1 -> 0
2024-01-26 11:58:37,719 [b514b48b-a23c-4b35-9087-6efcb4999551-impl-thread2] INFO  impl.StateMachineUpdater (StateMachineUpdater.java:stopAndJoin(157)) - b514b48b-a23c-4b35-9087-6efcb4999551@group-B4467A1991D0-StateMachineUpdater: set stopIndex = 0
2024-01-26 11:58:37,719 [Thread-1782] INFO  server.GrpcServerProtocolClient (GrpcServerProtocolClient.java:close(103)) - 9cb68909-d63b-4c8c-a8c2-d1f5498e35c0 Close channels
2024-01-26 11:58:37,719 [Thread-1781] INFO  server.GrpcServerProtocolClient (GrpcServerProtocolClient.java:close(103)) - 0f734c5b-620a-4a31-a7a8-a1d45a227569 Close channels
2024-01-26 11:58:37,716 [b514b48b-a23c-4b35-9087-6efcb4999551-impl-thread3] INFO  impl.PendingRequests (PendingRequests.java:sendNotLeaderResponses(289)) - b514b48b-a23c-4b35-9087-6efcb4999551@group-E3295A5948AF-PendingRequests: sendNotLeaderResponses
2024-01-26 11:58:37,720 [main] INFO  server.GrpcService (GrpcService.java:closeImpl(320)) - b514b48b-a23c-4b35-9087-6efcb4999551: shutdown server org.apache.ratis.grpc.server.GrpcClientProtocolService successfully
2024-01-26 11:58:37,720 [b514b48b-a23c-4b35-9087-6efcb4999551-impl-thread3] INFO  impl.StateMachineUpdater (StateMachineUpdater.java:stopAndJoin(157)) - b514b48b-a23c-4b35-9087-6efcb4999551@group-E3295A5948AF-StateMachineUpdater: set stopIndex = 0
2024-01-26 11:58:37,720 [b514b48b-a23c-4b35-9087-6efcb4999551@group-E3295A5948AF-StateMachineUpdater] INFO  ratis.ContainerStateMachine (ContainerStateMachine.java:takeSnapshot(355)) - group-E3295A5948AF: Taking a snapshot at:(t:1, i:0) file /home/runner/work/ozone/ozone/hadoop-ozone/integration-test/target/test-dir/MiniOzoneClusterImpl-47c92df5-8859-41b8-9f26-037451183754/datanode-2/data/ratis/20f8bcd2-606e-428a-bff0-e3295a5948af/sm/snapshot.1_0
2024-01-26 11:58:37,719 [b514b48b-a23c-4b35-9087-6efcb4999551-impl-thread4] INFO  server.RaftServer$Division (ServerState.java:close(427)) - b514b48b-a23c-4b35-9087-6efcb4999551@group-EE265D257B52: applyIndex: 0
2024-01-26 11:58:37,719 [b514b48b-a23c-4b35-9087-6efcb4999551@group-B4467A1991D0-StateMachineUpdater] INFO  ratis.ContainerStateMachine (ContainerStateMachine.java:takeSnapshot(355)) - group-B4467A1991D0: Taking a snapshot at:(t:2, i:0) file /home/runner/work/ozone/ozone/hadoop-ozone/integration-test/target/test-dir/MiniOzoneClusterImpl-47c92df5-8859-41b8-9f26-037451183754/datanode-2/data/ratis/275c314f-37ff-47c3-8830-b4467a1991d0/sm/snapshot.2_0
2024-01-26 11:58:37,720 [b514b48b-a23c-4b35-9087-6efcb4999551@group-EE265D257B52-cacheEviction-AwaitToRun] INFO  util.AwaitToRun (AwaitToRun.java:run(49)) - b514b48b-a23c-4b35-9087-6efcb4999551@group-EE265D257B52-cacheEviction-AwaitToRun-AwaitForSignal is interrupted
2024-01-26 11:58:37,721 [b514b48b-a23c-4b35-9087-6efcb4999551@group-E3295A5948AF-StateMachineUpdater] INFO  ratis.ContainerStateMachine (ContainerStateMachine.java:takeSnapshot(366)) - group-E3295A5948AF: Finished taking a snapshot at:(t:1, i:0) file:/home/runner/work/ozone/ozone/hadoop-ozone/integration-test/target/test-dir/MiniOzoneClusterImpl-47c92df5-8859-41b8-9f26-037451183754/datanode-2/data/ratis/20f8bcd2-606e-428a-bff0-e3295a5948af/sm/snapshot.1_0 took: 0 ms
2024-01-26 11:58:37,720 [main] INFO  server.GrpcService (GrpcService.java:closeImpl(311)) - b514b48b-a23c-4b35-9087-6efcb4999551: shutdown server GrpcServerProtocolService now
2024-01-26 11:58:37,721 [b514b48b-a23c-4b35-9087-6efcb4999551@group-B4467A1991D0-StateMachineUpdater] INFO  ratis.ContainerStateMachine (ContainerStateMachine.java:takeSnapshot(366)) - group-B4467A1991D0: Finished taking a snapshot at:(t:2, i:0) file:/home/runner/work/ozone/ozone/hadoop-ozone/integration-test/target/test-dir/MiniOzoneClusterImpl-47c92df5-8859-41b8-9f26-037451183754/datanode-2/data/ratis/275c314f-37ff-47c3-8830-b4467a1991d0/sm/snapshot.2_0 took: 1 ms
2024-01-26 11:58:37,721 [b514b48b-a23c-4b35-9087-6efcb4999551@group-B4467A1991D0-StateMachineUpdater] INFO  impl.StateMachineUpdater (StateMachineUpdater.java:takeSnapshot(295)) - b514b48b-a23c-4b35-9087-6efcb4999551@group-B4467A1991D0-StateMachineUpdater: Took a snapshot at index 0
2024-01-26 11:58:37,721 [b514b48b-a23c-4b35-9087-6efcb4999551@group-B4467A1991D0-StateMachineUpdater] INFO  impl.StateMachineUpdater (StateMachineUpdater.java:lambda$new$0(98)) - b514b48b-a23c-4b35-9087-6efcb4999551@group-B4467A1991D0-StateMachineUpdater: snapshotIndex: updateIncreasingly -1 -> 0
2024-01-26 11:58:37,721 [b514b48b-a23c-4b35-9087-6efcb4999551@group-E3295A5948AF-StateMachineUpdater] INFO  impl.StateMachineUpdater (StateMachineUpdater.java:takeSnapshot(295)) - b514b48b-a23c-4b35-9087-6efcb4999551@group-E3295A5948AF-StateMachineUpdater: Took a snapshot at index 0
2024-01-26 11:58:37,721 [b514b48b-a23c-4b35-9087-6efcb4999551@group-E3295A5948AF-StateMachineUpdater] INFO  impl.StateMachineUpdater (StateMachineUpdater.java:lambda$new$0(98)) - b514b48b-a23c-4b35-9087-6efcb4999551@group-E3295A5948AF-StateMachineUpdater: snapshotIndex: updateIncreasingly -1 -> 0
2024-01-26 11:58:37,722 [b514b48b-a23c-4b35-9087-6efcb4999551-impl-thread3] INFO  server.RaftServer$Division (ServerState.java:close(427)) - b514b48b-a23c-4b35-9087-6efcb4999551@group-E3295A5948AF: applyIndex: 0
2024-01-26 11:58:37,722 [b514b48b-a23c-4b35-9087-6efcb4999551@group-E3295A5948AF-cacheEviction-AwaitToRun] INFO  util.AwaitToRun (AwaitToRun.java:run(49)) - b514b48b-a23c-4b35-9087-6efcb4999551@group-E3295A5948AF-cacheEviction-AwaitToRun-AwaitForSignal is interrupted
2024-01-26 11:58:37,722 [main] INFO  server.GrpcService (GrpcService.java:closeImpl(320)) - b514b48b-a23c-4b35-9087-6efcb4999551: shutdown server GrpcServerProtocolService successfully
2024-01-26 11:58:37,722 [main] INFO  server.GrpcService (GrpcService.java:closeImpl(311)) - b514b48b-a23c-4b35-9087-6efcb4999551: shutdown server org.apache.ratis.grpc.server.GrpcAdminProtocolService now
2024-01-26 11:58:37,722 [b514b48b-a23c-4b35-9087-6efcb4999551-impl-thread2] INFO  server.RaftServer$Division (ServerState.java:close(427)) - b514b48b-a23c-4b35-9087-6efcb4999551@group-B4467A1991D0: applyIndex: 0
2024-01-26 11:58:37,723 [b514b48b-a23c-4b35-9087-6efcb4999551@group-B4467A1991D0-cacheEviction-AwaitToRun] INFO  util.AwaitToRun (AwaitToRun.java:run(49)) - b514b48b-a23c-4b35-9087-6efcb4999551@group-B4467A1991D0-cacheEviction-AwaitToRun-AwaitForSignal is interrupted
2024-01-26 11:58:37,723 [main] INFO  server.GrpcService (GrpcService.java:closeImpl(320)) - b514b48b-a23c-4b35-9087-6efcb4999551: shutdown server org.apache.ratis.grpc.server.GrpcAdminProtocolService successfully
2024-01-26 11:58:37,726 [b514b48b-a23c-4b35-9087-6efcb4999551-NettyServerStreamRpc-bossGroup--thread1] INFO  logging.LoggingHandler (AbstractInternalLogger.java:log(148)) - [id: 0x19e9c65e, L:/0.0.0.0:15068] CLOSE
2024-01-26 11:58:37,726 [b514b48b-a23c-4b35-9087-6efcb4999551-NettyServerStreamRpc-bossGroup--thread1] INFO  logging.LoggingHandler (AbstractInternalLogger.java:log(148)) - [id: 0x19e9c65e, L:/0.0.0.0:15068] INACTIVE
2024-01-26 11:58:37,726 [b514b48b-a23c-4b35-9087-6efcb4999551-NettyServerStreamRpc-bossGroup--thread1] INFO  logging.LoggingHandler (AbstractInternalLogger.java:log(148)) - [id: 0x19e9c65e, L:/0.0.0.0:15068] UNREGISTERED
2024-01-26 11:58:37,729 [b514b48b-a23c-4b35-9087-6efcb4999551-impl-thread4] INFO  segmented.SegmentedRaftLogWorker (SegmentedRaftLogWorker.java:close(245)) - b514b48b-a23c-4b35-9087-6efcb4999551@group-EE265D257B52-SegmentedRaftLogWorker close()
2024-01-26 11:58:37,956 [b514b48b-a23c-4b35-9087-6efcb4999551-impl-thread2] INFO  segmented.SegmentedRaftLogWorker (SegmentedRaftLogWorker.java:close(245)) - b514b48b-a23c-4b35-9087-6efcb4999551@group-B4467A1991D0-SegmentedRaftLogWorker close()
2024-01-26 11:58:37,992 [b514b48b-a23c-4b35-9087-6efcb4999551-impl-thread3] INFO  segmented.SegmentedRaftLogWorker (SegmentedRaftLogWorker.java:close(245)) - b514b48b-a23c-4b35-9087-6efcb4999551@group-E3295A5948AF-SegmentedRaftLogWorker close()
2024-01-26 11:58:37,993 [JvmPauseMonitor9] INFO  util.JvmPauseMonitor (JvmPauseMonitor.java:run(152)) - JvmPauseMonitor-b514b48b-a23c-4b35-9087-6efcb4999551: Stopped
2024-01-26 11:58:39,798 [timer4] WARN  server.GrpcLogAppender (GrpcLogAppender.java:lambda$resetClient$1(217)) - b514b48b-a23c-4b35-9087-6efcb4999551@group-B4467A1991D0->9cb68909-d63b-4c8c-a8c2-d1f5498e35c0-GrpcLogAppender: Follower failed (request=null, errorCount=8); keep nextIndex (1) unchanged and retry. (Repeated 8 times in the last 5.000s)
2024-01-26 11:58:39,799 [timer3] WARN  server.GrpcLogAppender (LogUtils.java:warn(121)) - b514b48b-a23c-4b35-9087-6efcb4999551@group-B4467A1991D0->9cb68909-d63b-4c8c-a8c2-d1f5498e35c0-AppendLogResponseHandler: Failed appendEntries (Repeated 8 times in the last 5.001s): org.apache.ratis.thirdparty.io.grpc.StatusRuntimeException: UNAVAILABLE: io exception
2024-01-26 11:58:39,996 [main] INFO  utils.DatanodeStoreCache (DatanodeStoreCache.java:shutdownCache(116)) - Skip clearing cache in mini cluster mode. Entries left: [/home/runner/work/ozone/ozone/hadoop-ozone/integration-test/target/test-dir/MiniOzoneClusterImpl-47c92df5-8859-41b8-9f26-037451183754/datanode-2/data-0/containers/hdds/47c92df5-8859-41b8-9f26-037451183754/DS-ebee3a98-def0-46fd-8582-53cebdd03222/container.db]
2024-01-26 11:58:39,998 [main] INFO  utils.DatanodeStoreCache (DatanodeStoreCache.java:removeDB(110)) - Removed db /home/runner/work/ozone/ozone/hadoop-ozone/integration-test/target/test-dir/MiniOzoneClusterImpl-47c92df5-8859-41b8-9f26-037451183754/datanode-2/data-0/containers/hdds/47c92df5-8859-41b8-9f26-037451183754/DS-ebee3a98-def0-46fd-8582-53cebdd03222/container.db from cache
2024-01-26 11:58:39,998 [main] INFO  volume.HddsVolume (HddsVolume.java:closeDbStore(451)) - SchemaV3 db is stopped at /home/runner/work/ozone/ozone/hadoop-ozone/integration-test/target/test-dir/MiniOzoneClusterImpl-47c92df5-8859-41b8-9f26-037451183754/datanode-2/data-0/containers/hdds/47c92df5-8859-41b8-9f26-037451183754/DS-ebee3a98-def0-46fd-8582-53cebdd03222/container.db for volume DS-ebee3a98-def0-46fd-8582-53cebdd03222
2024-01-26 11:58:39,998 [main] INFO  utils.BackgroundService (BackgroundService.java:shutdown(160)) - Shutting down service BlockDeletingService
2024-01-26 11:58:39,999 [main] INFO  utils.BackgroundService (BackgroundService.java:shutdown(160)) - Shutting down service StaleRecoveringContainerScrubbingService
2024-01-26 11:58:39,999 [main] INFO  statemachine.DatanodeStateMachine (DatanodeStateMachine.java:stopDaemon(638)) - Ozone container server stopped.
2024-01-26 11:58:40,001 [main] INFO  handler.ContextHandler (ContextHandler.java:doStop(1159)) - Stopped o.e.j.w.WebAppContext@1c19f22f{hddsDatanode,/,null,STOPPED}{jar:file:/home/runner/.m2/repository/org/apache/ozone/hdds-container-service/1.5.0-SNAPSHOT/hdds-container-service-1.5.0-SNAPSHOT.jar!/webapps/hddsDatanode}
2024-01-26 11:58:40,001 [main] INFO  server.AbstractConnector (AbstractConnector.java:doStop(383)) - Stopped ServerConnector@b9e3db9{HTTP/1.1, (http/1.1)}{0.0.0.0:15062}
2024-01-26 11:58:40,001 [main] INFO  server.session (HouseKeeper.java:stopScavenging(149)) - node0 Stopped scavenging
2024-01-26 11:58:40,003 [main] INFO  handler.ContextHandler (ContextHandler.java:doStop(1159)) - Stopped o.e.j.s.ServletContextHandler@6fb1613c{static,/static,jar:file:/home/runner/.m2/repository/org/apache/ozone/hdds-container-service/1.5.0-SNAPSHOT/hdds-container-service-1.5.0-SNAPSHOT.jar!/webapps/static,STOPPED}
2024-01-26 11:58:40,003 [main] INFO  handler.ContextHandler (ContextHandler.java:doStop(1159)) - Stopped o.e.j.s.ServletContextHandler@17a590c6{logs,/logs,file:///home/runner/work/ozone/ozone/hadoop-ozone/integration-test/target/log,STOPPED}
2024-01-26 11:58:40,004 [main] INFO  ozone.HddsDatanodeClientProtocolServer (HddsDatanodeClientProtocolServer.java:stop(78)) - Stopping the RPC server for Client Protocol
2024-01-26 11:58:40,004 [main] INFO  ipc.Server (Server.java:stop(3523)) - Stopping server on 15063
2024-01-26 11:58:40,005 [IPC Server listener on 15063] INFO  ipc.Server (Server.java:run(1434)) - Stopping IPC Server listener on 15063
2024-01-26 11:58:40,005 [IPC Server Responder] INFO  ipc.Server (Server.java:run(1567)) - Stopping IPC Server Responder
2024-01-26 11:58:40,006 [main] INFO  ozone.MiniOzoneClusterImpl (MiniOzoneClusterImpl.java:restartStorageContainerManager(363)) - Restarting SCM in cluster class org.apache.hadoop.ozone.MiniOzoneClusterImpl
2024-01-26 11:58:40,006 [main] INFO  server.StorageContainerManager (StorageContainerManager.java:stop(1654)) - Container Balancer is not running.
2024-01-26 11:58:40,006 [main] INFO  server.StorageContainerManager (StorageContainerManager.java:stopReplicationManager(1787)) - Stopping Replication Manager Service.
2024-01-26 11:58:40,006 [main] INFO  replication.ReplicationManager (ReplicationManager.java:stop(326)) - Stopping Replication Monitor Thread.
2024-01-26 11:58:40,007 [main] INFO  server.StorageContainerManager (StorageContainerManager.java:stop(1663)) - Stopping the Datanode Admin Monitor.
2024-01-26 11:58:40,007 [ReplicationMonitor] INFO  replication.ReplicationManager (ReplicationManager.java:run(933)) - Replication Monitor Thread is stopped
2024-01-26 11:58:40,007 [main] INFO  server.StorageContainerManager (StorageContainerManager.java:stop(1670)) - Stopping datanode service RPC server
2024-01-26 11:58:40,007 [main] INFO  server.SCMDatanodeProtocolServer (SCMDatanodeProtocolServer.java:stop(425)) - Stopping the RPC server for DataNodes
2024-01-26 11:58:40,007 [UnderReplicatedProcessor] WARN  replication.UnhealthyReplicationProcessor (UnhealthyReplicationProcessor.java:run(180)) - UnderReplicatedProcessor interrupted. Exiting...
2024-01-26 11:58:40,008 [main] INFO  ipc.Server (Server.java:stop(3523)) - Stopping server on 15037
2024-01-26 11:58:40,008 [OverReplicatedProcessor] WARN  replication.UnhealthyReplicationProcessor (UnhealthyReplicationProcessor.java:run(180)) - OverReplicatedProcessor interrupted. Exiting...
2024-01-26 11:58:40,010 [IPC Server listener on 15037] INFO  ipc.Server (Server.java:run(1434)) - Stopping IPC Server listener on 15037
2024-01-26 11:58:40,010 [IPC Server Responder] INFO  ipc.Server (Server.java:run(1567)) - Stopping IPC Server Responder
2024-01-26 11:58:40,042 [SCMHeartbeatProcessor-0] WARN  node.NodeStateManager (NodeStateManager.java:scheduleNextHealthCheck(878)) - Current Thread is interrupted, shutting down HB processing thread for Node Manager.
2024-01-26 11:58:40,042 [main] INFO  server.StorageContainerManager (StorageContainerManager.java:stop(1678)) - Stopping block service RPC server
2024-01-26 11:58:40,042 [main] INFO  server.SCMBlockProtocolServer (SCMBlockProtocolServer.java:stop(169)) - Stopping the RPC server for Block Protocol
2024-01-26 11:58:40,042 [main] INFO  ipc.Server (Server.java:stop(3523)) - Stopping server on 15036
2024-01-26 11:58:40,045 [IPC Server listener on 15036] INFO  ipc.Server (Server.java:run(1434)) - Stopping IPC Server listener on 15036
2024-01-26 11:58:40,045 [main] INFO  server.StorageContainerManager (StorageContainerManager.java:stop(1685)) - Stopping the StorageContainerLocationProtocol RPC server
2024-01-26 11:58:40,045 [IPC Server Responder] INFO  ipc.Server (Server.java:run(1567)) - Stopping IPC Server Responder
2024-01-26 11:58:40,045 [main] INFO  server.SCMClientProtocolServer (SCMClientProtocolServer.java:stop(212)) - Stopping the RPC server for Client Protocol
2024-01-26 11:58:40,046 [main] INFO  ipc.Server (Server.java:stop(3523)) - Stopping server on 15035
2024-01-26 11:58:40,051 [IPC Server Responder] INFO  ipc.Server (Server.java:run(1567)) - Stopping IPC Server Responder
2024-01-26 11:58:40,051 [IPC Server listener on 15035] INFO  ipc.Server (Server.java:run(1434)) - Stopping IPC Server listener on 15035
2024-01-26 11:58:40,051 [main] INFO  server.StorageContainerManager (StorageContainerManager.java:stop(1692)) - Stopping Storage Container Manager HTTP server.
2024-01-26 11:58:40,053 [main] INFO  handler.ContextHandler (ContextHandler.java:doStop(1159)) - Stopped o.e.j.w.WebAppContext@45a40c10{scm,/,null,STOPPED}{file:/home/runner/work/ozone/ozone/hadoop-ozone/integration-test/target/test-classes/webapps/scm}
2024-01-26 11:58:40,054 [main] INFO  server.AbstractConnector (AbstractConnector.java:doStop(383)) - Stopped ServerConnector@3636cffb{HTTP/1.1, (http/1.1)}{0.0.0.0:15038}
2024-01-26 11:58:40,054 [main] INFO  server.session (HouseKeeper.java:stopScavenging(149)) - node0 Stopped scavenging
2024-01-26 11:58:40,054 [main] INFO  handler.ContextHandler (ContextHandler.java:doStop(1159)) - Stopped o.e.j.s.ServletContextHandler@1da6019c{static,/static,file:///home/runner/work/ozone/ozone/hadoop-ozone/integration-test/target/test-classes/webapps/static,STOPPED}
2024-01-26 11:58:40,054 [main] INFO  handler.ContextHandler (ContextHandler.java:doStop(1159)) - Stopped o.e.j.s.ServletContextHandler@31c4ff1e{logs,/logs,file:///home/runner/work/ozone/ozone/hadoop-ozone/integration-test/target/log,STOPPED}
2024-01-26 11:58:40,055 [main] INFO  server.StorageContainerManager (StorageContainerManager.java:stop(1700)) - Stopping SCM LayoutVersionManager Service.
2024-01-26 11:58:40,055 [main] INFO  server.StorageContainerManager (StorageContainerManager.java:stop(1712)) - Stopping Block Manager Service.
2024-01-26 11:58:40,056 [main] INFO  utils.BackgroundService (BackgroundService.java:shutdown(160)) - Shutting down service SCMBlockDeletingService
2024-01-26 11:58:40,056 [main] INFO  utils.BackgroundService (BackgroundService.java:shutdown(160)) - Shutting down service SCMBlockDeletingService
2024-01-26 11:58:40,056 [main] INFO  server.StorageContainerManager (StorageContainerManager.java:stop(1732)) - Stopping SCM Event Queue.
2024-01-26 11:58:40,057 [JvmPauseMonitor5] INFO  util.JvmPauseMonitor (JvmPauseMonitor.java:run(152)) - JvmPauseMonitor-7ad7f6d5-37ce-4bfa-8f83-498f77b4e9f0: Stopped
2024-01-26 11:58:40,057 [main] INFO  server.StorageContainerManager (StorageContainerManager.java:stop(1743)) - Stopping SCM HA services.
2024-01-26 11:58:40,057 [main] INFO  pipeline.BackgroundPipelineCreator (BackgroundPipelineCreator.java:stop(152)) - Stopping RatisPipelineUtilsThread.
2024-01-26 11:58:40,057 [RatisPipelineUtilsThread-0] WARN  pipeline.BackgroundPipelineCreator (BackgroundPipelineCreator.java:run(183)) - RatisPipelineUtilsThread is interrupted.
2024-01-26 11:58:40,057 [main] INFO  BackgroundPipelineScrubber (BackgroundSCMService.java:stop(131)) - Stopping BackgroundPipelineScrubber Service.
2024-01-26 11:58:40,057 [main] INFO  impl.MetricsSystemImpl (MetricsSystemImpl.java:stop(205)) - StorageContainerManager metrics system stopped (again)
2024-01-26 11:58:40,057 [BackgroundPipelineScrubber] WARN  BackgroundPipelineScrubber (BackgroundSCMService.java:run(115)) - BackgroundPipelineScrubber is interrupted, exit
2024-01-26 11:58:40,058 [main] WARN  pipeline.BackgroundPipelineCreator (BackgroundPipelineCreator.java:stop(148)) - RatisPipelineUtilsThread is not running, just ignore.
2024-01-26 11:58:40,058 [main] INFO  BackgroundPipelineScrubber (BackgroundSCMService.java:stop(126)) - BackgroundPipelineScrubber Service is not running, skip stop.
2024-01-26 11:58:40,058 [ExpiredContainerReplicaOpScrubber] WARN  ExpiredContainerReplicaOpScrubber (BackgroundSCMService.java:run(115)) - ExpiredContainerReplicaOpScrubber is interrupted, exit
2024-01-26 11:58:40,058 [main] INFO  ExpiredContainerReplicaOpScrubber (BackgroundSCMService.java:stop(131)) - Stopping ExpiredContainerReplicaOpScrubber Service.
2024-01-26 11:58:40,058 [main] INFO  utils.BackgroundService (BackgroundService.java:shutdown(160)) - Shutting down service SCMBlockDeletingService
2024-01-26 11:58:40,058 [main] INFO  replication.ReplicationManager (ReplicationManager.java:stop(336)) - Replication Monitor Thread is not running.
2024-01-26 11:58:40,058 [main] WARN  balancer.ContainerBalancer (ContainerBalancer.java:stop(327)) - Cannot stop Container Balancer because it's not running or stopping
2024-01-26 11:58:40,059 [LeaseManager#LeaseMonitor] WARN  lease.LeaseManager (LeaseManager.java:run(287)) - Lease manager is interrupted. Shutting down...
java.lang.InterruptedException
	at java.util.concurrent.locks.AbstractQueuedSynchronizer.doAcquireSharedNanos(AbstractQueuedSynchronizer.java:1039)
	at java.util.concurrent.locks.AbstractQueuedSynchronizer.tryAcquireSharedNanos(AbstractQueuedSynchronizer.java:1328)
	at java.util.concurrent.Semaphore.tryAcquire(Semaphore.java:409)
	at org.apache.hadoop.ozone.lease.LeaseManager$LeaseMonitor.run(LeaseManager.java:285)
	at java.lang.Thread.run(Thread.java:750)
2024-01-26 11:58:40,059 [main] INFO  server.StorageContainerManager (StorageContainerManager.java:stop(1778)) - Stopping SCM MetadataStore.
2024-01-26 11:58:40,060 [main] WARN  server.ServerUtils (ServerUtils.java:getScmDbDir(155)) - ozone.scm.db.dirs is not configured. We recommend adding this setting. Falling back to ozone.metadata.dirs instead.
2024-01-26 11:58:40,060 [main] INFO  ha.SCMHANodeDetails (SCMHANodeDetails.java:loadSCMHAConfig(207)) - ServiceID for StorageContainerManager is null
2024-01-26 11:58:40,060 [main] INFO  ha.SCMHANodeDetails (SCMHANodeDetails.java:loadSCMHAConfig(212)) - ozone.scm.default.service.id is not defined, falling back to ozone.scm.service.ids to find serviceID for StorageContainerManager if it is HA enabled cluster
2024-01-26 11:58:40,061 [main] WARN  utils.HAUtils (HAUtils.java:getMetaDir(339)) - ozone.scm.db.dirs is not configured. We recommend adding this setting. Falling back to ozone.metadata.dirs instead.
2024-01-26 11:58:40,061 [main] WARN  db.DBStoreBuilder (DBStoreBuilder.java:applyDBDefinition(170)) - ozone.scm.db.dirs is not configured. We recommend adding this setting. Falling back to ozone.metadata.dirs instead.
2024-01-26 11:58:40,085 [main] INFO  net.NodeSchemaLoader (NodeSchemaLoader.java:loadSchemaFromFile(129)) - Loading schema from [jar:file:/home/runner/.m2/repository/org/apache/ozone/hdds-common/1.5.0-SNAPSHOT/hdds-common-1.5.0-SNAPSHOT.jar!/network-topology-default.xml]
2024-01-26 11:58:40,085 [main] INFO  net.NodeSchemaLoader (NodeSchemaLoader.java:loadSchema(176)) - Loading network topology layer schema file
2024-01-26 11:58:40,088 [main] INFO  upgrade.AbstractLayoutVersionManager (AbstractLayoutVersionManager.java:init(83)) - Initializing Layout version manager with metadata layout = HADOOP_PRC_PORTS_IN_DATANODEDETAILS (version = 7), software layout = HADOOP_PRC_PORTS_IN_DATANODEDETAILS (version = 7)
2024-01-26 11:58:40,089 [main] INFO  ha.SequenceIdGenerator (SequenceIdGenerator.java:<init>(241)) - Init the HA SequenceIdGenerator.
2024-01-26 11:58:40,090 [main] WARN  server.ServerUtils (ServerUtils.java:sanitizeUserArgs(80)) - ozone.scm.stale.node.interval value = 300000 is larger than max = 100000 based on the key value of ozone.scm.heartbeat.thread.interval, reset to the max value 100000.
2024-01-26 11:58:40,090 [main] WARN  server.ServerUtils (ServerUtils.java:sanitizeUserArgs(80)) - ozone.scm.stale.node.interval value = 300000 is larger than max = 100000 based on the key value of ozone.scm.heartbeat.thread.interval, reset to the max value 100000.
2024-01-26 11:58:40,090 [main] INFO  node.SCMNodeManager (SCMNodeManager.java:<init>(177)) - Entering startup safe mode.
2024-01-26 11:58:40,091 [main] INFO  algorithms.ContainerPlacementPolicyFactory (ContainerPlacementPolicyFactory.java:getPolicyInternal(86)) - Create container placement policy of type org.apache.hadoop.hdds.scm.container.placement.algorithms.SCMContainerPlacementRackAware
2024-01-26 11:58:40,091 [main] INFO  algorithms.ContainerPlacementPolicyFactory (ContainerPlacementPolicyFactory.java:getPolicyInternal(86)) - Create container placement policy of type org.apache.hadoop.hdds.scm.container.placement.algorithms.SCMContainerPlacementRackScatter
2024-01-26 11:58:40,092 [main] INFO  algorithms.LeaderChoosePolicyFactory (LeaderChoosePolicyFactory.java:getPolicy(57)) - Create leader choose policy of type org.apache.hadoop.hdds.scm.pipeline.leader.choose.algorithms.MinLeaderCountChoosePolicy
2024-01-26 11:58:40,092 [main] INFO  algorithms.ContainerPlacementPolicyFactory (ContainerPlacementPolicyFactory.java:getPolicyInternal(86)) - Create container placement policy of type org.apache.hadoop.hdds.scm.container.placement.algorithms.SCMContainerPlacementRackScatter
2024-01-26 11:58:40,093 [main] INFO  ha.SCMServiceManager (SCMServiceManager.java:register(42)) - Registering service BackgroundPipelineCreator.
2024-01-26 11:58:40,093 [main] INFO  pipeline.BackgroundPipelineCreator (BackgroundPipelineCreator.java:start(127)) - Starting RatisPipelineUtilsThread.
2024-01-26 11:58:40,093 [main] INFO  BackgroundPipelineScrubber (BackgroundSCMService.java:start(68)) - Starting BackgroundPipelineScrubber Service.
2024-01-26 11:58:40,093 [main] INFO  ha.SCMServiceManager (SCMServiceManager.java:register(42)) - Registering service BackgroundPipelineScrubber.
2024-01-26 11:58:40,094 [main] INFO  ExpiredContainerReplicaOpScrubber (BackgroundSCMService.java:start(68)) - Starting ExpiredContainerReplicaOpScrubber Service.
2024-01-26 11:58:40,094 [main] INFO  ha.SCMServiceManager (SCMServiceManager.java:register(42)) - Registering service ExpiredContainerReplicaOpScrubber.
2024-01-26 11:58:40,095 [main] INFO  algorithms.PipelineChoosePolicyFactory (PipelineChoosePolicyFactory.java:createPipelineChoosePolicyFromClass(80)) - Create pipeline choose policy of type org.apache.hadoop.hdds.scm.pipeline.choose.algorithms.RandomPipelineChoosePolicy
2024-01-26 11:58:40,095 [main] INFO  algorithms.PipelineChoosePolicyFactory (PipelineChoosePolicyFactory.java:createPipelineChoosePolicyFromClass(80)) - Create pipeline choose policy of type org.apache.hadoop.hdds.scm.pipeline.choose.algorithms.RandomPipelineChoosePolicy
2024-01-26 11:58:40,095 [main] INFO  ha.SCMServiceManager (SCMServiceManager.java:register(42)) - Registering service SCMBlockDeletingService.
2024-01-26 11:58:40,097 [main] INFO  replication.ReplicationManager (ReplicationManager.java:start(294)) - Starting Replication Monitor Thread.
2024-01-26 11:58:40,097 [main] INFO  ha.SCMServiceManager (SCMServiceManager.java:register(42)) - Registering service ReplicationManager.
2024-01-26 11:58:40,097 [ReplicationMonitor] INFO  replication.ReplicationManager (ReplicationManager.java:processAll(369)) - Replication Manager is not ready to run until 3000ms after safemode exit
2024-01-26 11:58:40,098 [main] INFO  safemode.ContainerSafeModeRule (ContainerSafeModeRule.java:<init>(91)) - containers with one replica threshold count 0
2024-01-26 11:58:40,098 [main] INFO  safemode.HealthyPipelineSafeModeRule (HealthyPipelineSafeModeRule.java:initializeRule(176)) - Total pipeline count is 0, healthy pipeline threshold count is 1
2024-01-26 11:58:40,098 [main] INFO  safemode.OneReplicaPipelineSafeModeRule (OneReplicaPipelineSafeModeRule.java:initializeRule(193)) - Total pipeline count is 0, pipeline's with at least one datanode reported threshold count is 0
2024-01-26 11:58:40,099 [main] INFO  server.StorageContainerManager (StorageContainerManager.java:<init>(440)) - SCM start with adminUsers: [runner]
2024-01-26 11:58:40,099 [main] INFO  ipc.CallQueueManager (CallQueueManager.java:<init>(90)) - Using callQueue: class java.util.concurrent.LinkedBlockingQueue, queueCapacity: 10000, scheduler: class org.apache.hadoop.ipc.DefaultRpcScheduler, ipcBackoff: false.
2024-01-26 11:58:40,099 [main] INFO  ipc.Server (Server.java:<init>(1287)) - Listener at 0.0.0.0:15037
2024-01-26 11:58:40,099 [Socket Reader #1 for port 15037] INFO  ipc.Server (Server.java:run(1323)) - Starting Socket Reader #1 for port 15037
2024-01-26 11:58:40,104 [main] INFO  ipc.CallQueueManager (CallQueueManager.java:<init>(90)) - Using callQueue: class java.util.concurrent.LinkedBlockingQueue, queueCapacity: 10000, scheduler: class org.apache.hadoop.ipc.DefaultRpcScheduler, ipcBackoff: false.
2024-01-26 11:58:40,104 [main] INFO  ipc.Server (Server.java:<init>(1287)) - Listener at 0.0.0.0:15036
2024-01-26 11:58:40,104 [Socket Reader #1 for port 15036] INFO  ipc.Server (Server.java:run(1323)) - Starting Socket Reader #1 for port 15036
2024-01-26 11:58:40,107 [main] INFO  ipc.CallQueueManager (CallQueueManager.java:<init>(90)) - Using callQueue: class java.util.concurrent.LinkedBlockingQueue, queueCapacity: 10000, scheduler: class org.apache.hadoop.ipc.DefaultRpcScheduler, ipcBackoff: false.
2024-01-26 11:58:40,108 [main] INFO  ipc.Server (Server.java:<init>(1287)) - Listener at 0.0.0.0:15035
2024-01-26 11:58:40,108 [Socket Reader #1 for port 15035] INFO  ipc.Server (Server.java:run(1323)) - Starting Socket Reader #1 for port 15035
2024-01-26 11:58:40,112 [main] INFO  ha.SCMServiceManager (SCMServiceManager.java:register(42)) - Registering service ContainerBalancer.
2024-01-26 11:58:40,112 [main] INFO  server.StorageContainerManager (StorageContainerManager.java:<init>(453)) - 
Container Balancer status:
Key                            Value
Running                        false
Container Balancer Configuration values:
Key                                                Value
Threshold                                          10
Max Datanodes to Involve per Iteration(percent)    20
Max Size to Move per Iteration                     500GB
Max Size Entering Target per Iteration             26GB
Max Size Leaving Source per Iteration              26GB
Number of Iterations                               10
Time Limit for Single Container's Movement         65min
Time Limit for Single Container's Replication      50min
Interval between each Iteration                    70min
Whether to Enable Network Topology                 false
Whether to Trigger Refresh Datanode Usage Info     false
Container IDs to Exclude from Balancing            None
Datanodes Specified to be Balanced                 None
Datanodes Excluded from Balancing                  None

2024-01-26 11:58:40,112 [main] INFO  ha.SCMContext (SCMContext.java:updateSafeModeStatus(230)) - Update SafeModeStatus from SafeModeStatus{safeModeStatus=true, preCheckPassed=false} to SafeModeStatus{safeModeStatus=true, preCheckPassed=false}.
2024-01-26 11:58:40,113 [main] INFO  server.StorageContainerManager (StorageContainerManager.java:start(1546)) - StorageContainerLocationProtocol RPC server is listening at /0.0.0.0:15035
2024-01-26 11:58:40,114 [main] WARN  impl.MetricsConfig (MetricsConfig.java:loadFirst(136)) - Cannot locate configuration: tried hadoop-metrics2-storagecontainermanager.properties,hadoop-metrics2.properties
2024-01-26 11:58:40,114 [main] INFO  impl.MetricsSystemImpl (MetricsSystemImpl.java:startTimer(378)) - Scheduled Metric snapshot period at 10 second(s).
2024-01-26 11:58:40,115 [main] INFO  impl.MetricsSystemImpl (MetricsSystemImpl.java:start(191)) - StorageContainerManager metrics system started
2024-01-26 11:58:40,117 [main] INFO  impl.MetricsSinkAdapter (MetricsSinkAdapter.java:start(204)) - Sink prometheus started
2024-01-26 11:58:40,117 [main] INFO  impl.MetricsSystemImpl (MetricsSystemImpl.java:registerSink(305)) - Registered sink prometheus
2024-01-26 11:58:40,141 [main] INFO  server.SCMClientProtocolServer (SCMClientProtocolServer.java:start(203)) - RPC server for Client  is listening at /0.0.0.0:15035
2024-01-26 11:58:40,141 [IPC Server Responder] INFO  ipc.Server (Server.java:run(1562)) - IPC Server Responder: starting
2024-01-26 11:58:40,142 [IPC Server listener on 15035] INFO  ipc.Server (Server.java:run(1402)) - IPC Server listener on 15035: starting
2024-01-26 11:58:40,151 [main] INFO  server.StorageContainerManager (StorageContainerManager.java:start(1559)) - ScmBlockLocationProtocol RPC server is listening at /0.0.0.0:15036
2024-01-26 11:58:40,152 [main] INFO  server.SCMBlockProtocolServer (SCMBlockProtocolServer.java:start(160)) - RPC server for Block Protocol is listening at /0.0.0.0:15036
2024-01-26 11:58:40,152 [IPC Server Responder] INFO  ipc.Server (Server.java:run(1562)) - IPC Server Responder: starting
2024-01-26 11:58:40,152 [IPC Server listener on 15036] INFO  ipc.Server (Server.java:run(1402)) - IPC Server listener on 15036: starting
2024-01-26 11:58:40,162 [main] INFO  server.SCMDatanodeProtocolServer (SCMDatanodeProtocolServer.java:start(194)) - ScmDatanodeProtocol RPC server for DataNodes is listening at /0.0.0.0:15037
2024-01-26 11:58:40,162 [IPC Server Responder] INFO  ipc.Server (Server.java:run(1562)) - IPC Server Responder: starting
2024-01-26 11:58:40,162 [IPC Server listener on 15037] INFO  ipc.Server (Server.java:run(1402)) - IPC Server listener on 15037: starting
2024-01-26 11:58:40,176 [JvmPauseMonitor11] INFO  util.JvmPauseMonitor (JvmPauseMonitor.java:run(146)) - JvmPauseMonitor-7ad7f6d5-37ce-4bfa-8f83-498f77b4e9f0: Started
2024-01-26 11:58:40,176 [main] INFO  http.BaseHttpServer (BaseHttpServer.java:newHttpServer2BuilderForOzone(223)) - Starting Web-server for scm at: http://0.0.0.0:15038
2024-01-26 11:58:40,176 [main] INFO  http.BaseHttpServer (BaseHttpServer.java:<init>(110)) - Hadoop Security Enabled: false Ozone Security Enabled: false Ozone HTTP Security Enabled: false 
2024-01-26 11:58:40,177 [main] WARN  server.AuthenticationFilter (AuthenticationFilter.java:constructSecretProvider(240)) - Unable to initialize FileSignerSecretProvider, falling back to use random secrets. Reason: Could not read signature secret file: /home/runner/hadoop-http-auth-signature-secret
2024-01-26 11:58:40,178 [main] INFO  http.HttpRequestLog (HttpRequestLog.java:getRequestLog(86)) - Http request log for http.requests.scm is not defined
2024-01-26 11:58:40,180 [main] INFO  http.HttpServer2 (HttpServer2.java:addGlobalFilter(1036)) - Added global filter 'safety' (class=org.apache.hadoop.hdds.server.http.HttpServer2$QuotingInputFilter)
2024-01-26 11:58:40,180 [main] INFO  http.HttpServer2 (HttpServer2.java:addFilter(1012)) - Added filter static_user_filter (class=org.apache.hadoop.http.lib.StaticUserWebFilter$StaticUserFilter) to context scm
2024-01-26 11:58:40,180 [main] INFO  http.HttpServer2 (HttpServer2.java:addFilter(1020)) - Added filter static_user_filter (class=org.apache.hadoop.http.lib.StaticUserWebFilter$StaticUserFilter) to context static
2024-01-26 11:58:40,180 [main] INFO  http.HttpServer2 (HttpServer2.java:addFilter(1020)) - Added filter static_user_filter (class=org.apache.hadoop.http.lib.StaticUserWebFilter$StaticUserFilter) to context logs
2024-01-26 11:58:40,181 [main] INFO  http.BaseHttpServer (BaseHttpServer.java:<init>(189)) - HTTP server of scm uses base directory /home/runner/work/ozone/ozone/hadoop-ozone/integration-test/target/test-dir/MiniOzoneClusterImpl-47c92df5-8859-41b8-9f26-037451183754/ozone-meta/webserver
2024-01-26 11:58:40,181 [main] INFO  http.HttpServer2 (HttpServer2.java:bindListener(1236)) - Jetty bound to port 15038
2024-01-26 11:58:40,181 [main] INFO  server.Server (Server.java:doStart(375)) - jetty-9.4.53.v20231009; built: 2023-10-09T12:29:09.265Z; git: 27bde00a0b95a1d5bbee0eae7984f891d2d0f8c9; jvm 1.8.0_392-b08
2024-01-26 11:58:40,182 [main] INFO  server.session (DefaultSessionIdManager.java:doStart(334)) - DefaultSessionIdManager workerName=node0
2024-01-26 11:58:40,182 [main] INFO  server.session (DefaultSessionIdManager.java:doStart(339)) - No SessionScavenger set, using defaults
2024-01-26 11:58:40,182 [main] INFO  server.session (HouseKeeper.java:startScavenging(132)) - node0 Scavenging every 660000ms
2024-01-26 11:58:40,183 [main] INFO  handler.ContextHandler (ContextHandler.java:doStart(921)) - Started o.e.j.s.ServletContextHandler@6c2a95d5{logs,/logs,file:///home/runner/work/ozone/ozone/hadoop-ozone/integration-test/target/log,AVAILABLE}
2024-01-26 11:58:40,183 [main] INFO  handler.ContextHandler (ContextHandler.java:doStart(921)) - Started o.e.j.s.ServletContextHandler@3f048c86{static,/static,file:///home/runner/work/ozone/ozone/hadoop-ozone/integration-test/target/test-classes/webapps/static,AVAILABLE}
2024-01-26 11:58:40,185 [main] INFO  handler.ContextHandler (ContextHandler.java:doStart(921)) - Started o.e.j.w.WebAppContext@11c581a0{scm,/,file:///home/runner/work/ozone/ozone/hadoop-ozone/integration-test/target/test-classes/webapps/scm/,AVAILABLE}{file:/home/runner/work/ozone/ozone/hadoop-ozone/integration-test/target/test-classes/webapps/scm}
2024-01-26 11:58:40,187 [main] INFO  server.AbstractConnector (AbstractConnector.java:doStart(333)) - Started ServerConnector@3869a6e5{HTTP/1.1, (http/1.1)}{0.0.0.0:15038}
2024-01-26 11:58:40,187 [main] INFO  server.Server (Server.java:doStart(415)) - Started @158752ms
2024-01-26 11:58:40,188 [main] WARN  impl.MetricsSystemImpl (MetricsSystemImpl.java:register(279)) - Sink prometheus already exists!
2024-01-26 11:58:40,188 [main] INFO  http.BaseHttpServer (BaseHttpServer.java:updateConnectorAddress(354)) - HTTP server of scm listening at http://0.0.0.0:15038
2024-01-26 11:58:40,198 [IPC Server handler 1 on default port 15035] INFO  safemode.SCMSafeModeManager (SCMSafeModeManager.java:exitSafeMode(244)) - SCM exiting safe mode.
2024-01-26 11:58:40,198 [IPC Server handler 1 on default port 15035] INFO  ha.SCMContext (SCMContext.java:updateSafeModeStatus(230)) - Update SafeModeStatus from SafeModeStatus{safeModeStatus=true, preCheckPassed=false} to SafeModeStatus{safeModeStatus=false, preCheckPassed=true}.
2024-01-26 11:58:40,199 [IPC Server handler 1 on default port 15035] INFO  pipeline.BackgroundPipelineCreator (BackgroundPipelineCreator.java:notifyStatusChanged(258)) - Service BackgroundPipelineCreator transitions to RUNNING.
2024-01-26 11:58:40,199 [IPC Server handler 1 on default port 15035] INFO  BackgroundPipelineScrubber (BackgroundSCMService.java:notifyStatusChanged(82)) - Service BackgroundPipelineScrubber transitions to RUNNING.
2024-01-26 11:58:40,199 [IPC Server handler 1 on default port 15035] INFO  ExpiredContainerReplicaOpScrubber (BackgroundSCMService.java:notifyStatusChanged(82)) - Service ExpiredContainerReplicaOpScrubber transitions to RUNNING.
2024-01-26 11:58:40,199 [IPC Server handler 1 on default port 15035] INFO  block.SCMBlockDeletingService (SCMBlockDeletingService.java:notifyStatusChanged(247)) - notifyStatusChanged:RUNNING
2024-01-26 11:58:40,199 [IPC Server handler 1 on default port 15035] INFO  replication.ReplicationManager (ReplicationManager.java:notifyStatusChanged(1401)) - Service ReplicationManager transitions to RUNNING.
2024-01-26 11:58:40,199 [IPC Server handler 1 on default port 15035] WARN  balancer.ContainerBalancer (ContainerBalancer.java:shouldRun(134)) - Could not find persisted configuration for ContainerBalancer when checking if ContainerBalancer should run. ContainerBalancer should not run now.
2024-01-26 11:58:40,202 [main] ERROR pipeline.PipelinePlacementPolicy (PipelinePlacementPolicy.java:filterViableNodes(143)) - No healthy node found to allocate container.
2024-01-26 11:58:40,202 [main] WARN  pipeline.WritableRatisContainerProvider (WritableRatisContainerProvider.java:getContainer(106)) - Pipeline creation failed for repConfig RATIS/THREE Datanodes may be used up. Try to see if any pipeline is in ALLOCATED state, and then will wait for it to be OPEN
org.apache.hadoop.hdds.scm.exceptions.SCMException: No healthy node found to allocate container.
	at org.apache.hadoop.hdds.scm.pipeline.PipelinePlacementPolicy.filterViableNodes(PipelinePlacementPolicy.java:144)
	at org.apache.hadoop.hdds.scm.pipeline.PipelinePlacementPolicy.chooseDatanodesInternal(PipelinePlacementPolicy.java:256)
	at org.apache.hadoop.hdds.scm.SCMCommonPlacementPolicy.chooseDatanodes(SCMCommonPlacementPolicy.java:209)
	at org.apache.hadoop.hdds.scm.SCMCommonPlacementPolicy.chooseDatanodes(SCMCommonPlacementPolicy.java:140)
	at org.apache.hadoop.hdds.scm.pipeline.RatisPipelineProvider.create(RatisPipelineProvider.java:177)
	at org.apache.hadoop.hdds.scm.pipeline.RatisPipelineProvider.create(RatisPipelineProvider.java:57)
	at org.apache.hadoop.hdds.scm.pipeline.PipelineFactory.create(PipelineFactory.java:89)
	at org.apache.hadoop.hdds.scm.pipeline.PipelineManagerImpl.createPipeline(PipelineManagerImpl.java:255)
	at org.apache.hadoop.hdds.scm.pipeline.PipelineManagerImpl.createPipeline(PipelineManagerImpl.java:241)
	at org.apache.hadoop.hdds.scm.pipeline.WritableRatisContainerProvider.getContainer(WritableRatisContainerProvider.java:100)
	at org.apache.hadoop.hdds.scm.pipeline.WritableContainerFactory.getContainer(WritableContainerFactory.java:74)
	at org.apache.hadoop.fs.ozone.TestSafeMode.lambda$testSafeMode$0(TestSafeMode.java:123)
	at org.junit.jupiter.api.AssertThrows.assertThrows(AssertThrows.java:53)
	at org.junit.jupiter.api.AssertThrows.assertThrows(AssertThrows.java:35)
	at org.junit.jupiter.api.Assertions.assertThrows(Assertions.java:3115)
	at org.apache.hadoop.fs.ozone.TestSafeMode.testSafeMode(TestSafeMode.java:121)
	at org.apache.hadoop.fs.ozone.TestSafeMode.o3fs(TestSafeMode.java:97)
	at sun.reflect.NativeMethodAccessorImpl.invoke0(Native Method)
	at sun.reflect.NativeMethodAccessorImpl.invoke(NativeMethodAccessorImpl.java:62)
	at sun.reflect.DelegatingMethodAccessorImpl.invoke(DelegatingMethodAccessorImpl.java:43)
	at java.lang.reflect.Method.invoke(Method.java:498)
	at org.junit.platform.commons.util.ReflectionUtils.invokeMethod(ReflectionUtils.java:728)
	at org.junit.jupiter.engine.execution.MethodInvocation.proceed(MethodInvocation.java:60)
	at org.junit.jupiter.engine.execution.InvocationInterceptorChain$ValidatingInvocation.proceed(InvocationInterceptorChain.java:131)
	at org.junit.jupiter.engine.extension.SameThreadTimeoutInvocation.proceed(SameThreadTimeoutInvocation.java:45)
	at org.junit.jupiter.engine.extension.TimeoutExtension.intercept(TimeoutExtension.java:156)
	at org.junit.jupiter.engine.extension.TimeoutExtension.interceptTestableMethod(TimeoutExtension.java:147)
	at org.junit.jupiter.engine.extension.TimeoutExtension.interceptTestMethod(TimeoutExtension.java:86)
	at org.junit.jupiter.engine.execution.InterceptingExecutableInvoker$ReflectiveInterceptorCall.lambda$ofVoidMethod$0(InterceptingExecutableInvoker.java:103)
	at org.junit.jupiter.engine.execution.InterceptingExecutableInvoker.lambda$invoke$0(InterceptingExecutableInvoker.java:93)
	at org.junit.jupiter.engine.execution.InvocationInterceptorChain$InterceptedInvocation.proceed(InvocationInterceptorChain.java:106)
	at org.junit.jupiter.engine.execution.InvocationInterceptorChain.proceed(InvocationInterceptorChain.java:64)
	at org.junit.jupiter.engine.execution.InvocationInterceptorChain.chainAndInvoke(InvocationInterceptorChain.java:45)
	at org.junit.jupiter.engine.execution.InvocationInterceptorChain.invoke(InvocationInterceptorChain.java:37)
	at org.junit.jupiter.engine.execution.InterceptingExecutableInvoker.invoke(InterceptingExecutableInvoker.java:92)
	at org.junit.jupiter.engine.execution.InterceptingExecutableInvoker.invoke(InterceptingExecutableInvoker.java:86)
	at org.junit.jupiter.engine.descriptor.TestMethodTestDescriptor.lambda$invokeTestMethod$7(TestMethodTestDescriptor.java:218)
	at org.junit.platform.engine.support.hierarchical.ThrowableCollector.execute(ThrowableCollector.java:73)
	at org.junit.jupiter.engine.descriptor.TestMethodTestDescriptor.invokeTestMethod(TestMethodTestDescriptor.java:214)
	at org.junit.jupiter.engine.descriptor.TestMethodTestDescriptor.execute(TestMethodTestDescriptor.java:139)
	at org.junit.jupiter.engine.descriptor.TestMethodTestDescriptor.execute(TestMethodTestDescriptor.java:69)
	at org.junit.platform.engine.support.hierarchical.NodeTestTask.lambda$executeRecursively$6(NodeTestTask.java:151)
	at org.junit.platform.engine.support.hierarchical.ThrowableCollector.execute(ThrowableCollector.java:73)
	at org.junit.platform.engine.support.hierarchical.NodeTestTask.lambda$executeRecursively$8(NodeTestTask.java:141)
	at org.junit.platform.engine.support.hierarchical.Node.around(Node.java:137)
	at org.junit.platform.engine.support.hierarchical.NodeTestTask.lambda$executeRecursively$9(NodeTestTask.java:139)
	at org.junit.platform.engine.support.hierarchical.ThrowableCollector.execute(ThrowableCollector.java:73)
	at org.junit.platform.engine.support.hierarchical.NodeTestTask.executeRecursively(NodeTestTask.java:138)
	at org.junit.platform.engine.support.hierarchical.NodeTestTask.execute(NodeTestTask.java:95)
	at java.util.ArrayList.forEach(ArrayList.java:1259)
	at org.junit.platform.engine.support.hierarchical.SameThreadHierarchicalTestExecutorService.invokeAll(SameThreadHierarchicalTestExecutorService.java:41)
	at org.junit.platform.engine.support.hierarchical.NodeTestTask.lambda$executeRecursively$6(NodeTestTask.java:155)
	at org.junit.platform.engine.support.hierarchical.ThrowableCollector.execute(ThrowableCollector.java:73)
	at org.junit.platform.engine.support.hierarchical.NodeTestTask.lambda$executeRecursively$8(NodeTestTask.java:141)
	at org.junit.platform.engine.support.hierarchical.Node.around(Node.java:137)
	at org.junit.platform.engine.support.hierarchical.NodeTestTask.lambda$executeRecursively$9(NodeTestTask.java:139)
	at org.junit.platform.engine.support.hierarchical.ThrowableCollector.execute(ThrowableCollector.java:73)
	at org.junit.platform.engine.support.hierarchical.NodeTestTask.executeRecursively(NodeTestTask.java:138)
	at org.junit.platform.engine.support.hierarchical.NodeTestTask.execute(NodeTestTask.java:95)
	at java.util.ArrayList.forEach(ArrayList.java:1259)
	at org.junit.platform.engine.support.hierarchical.SameThreadHierarchicalTestExecutorService.invokeAll(SameThreadHierarchicalTestExecutorService.java:41)
	at org.junit.platform.engine.support.hierarchical.NodeTestTask.lambda$executeRecursively$6(NodeTestTask.java:155)
	at org.junit.platform.engine.support.hierarchical.ThrowableCollector.execute(ThrowableCollector.java:73)
	at org.junit.platform.engine.support.hierarchical.NodeTestTask.lambda$executeRecursively$8(NodeTestTask.java:141)
	at org.junit.platform.engine.support.hierarchical.Node.around(Node.java:137)
	at org.junit.platform.engine.support.hierarchical.NodeTestTask.lambda$executeRecursively$9(NodeTestTask.java:139)
	at org.junit.platform.engine.support.hierarchical.ThrowableCollector.execute(ThrowableCollector.java:73)
	at org.junit.platform.engine.support.hierarchical.NodeTestTask.executeRecursively(NodeTestTask.java:138)
	at org.junit.platform.engine.support.hierarchical.NodeTestTask.execute(NodeTestTask.java:95)
	at org.junit.platform.engine.support.hierarchical.SameThreadHierarchicalTestExecutorService.submit(SameThreadHierarchicalTestExecutorService.java:35)
	at org.junit.platform.engine.support.hierarchical.HierarchicalTestExecutor.execute(HierarchicalTestExecutor.java:57)
	at org.junit.platform.engine.support.hierarchical.HierarchicalTestEngine.execute(HierarchicalTestEngine.java:54)
	at org.junit.platform.launcher.core.EngineExecutionOrchestrator.execute(EngineExecutionOrchestrator.java:198)
	at org.junit.platform.launcher.core.EngineExecutionOrchestrator.execute(EngineExecutionOrchestrator.java:169)
	at org.junit.platform.launcher.core.EngineExecutionOrchestrator.execute(EngineExecutionOrchestrator.java:93)
	at org.junit.platform.launcher.core.EngineExecutionOrchestrator.lambda$execute$0(EngineExecutionOrchestrator.java:58)
	at org.junit.platform.launcher.core.EngineExecutionOrchestrator.withInterceptedStreams(EngineExecutionOrchestrator.java:141)
	at org.junit.platform.launcher.core.EngineExecutionOrchestrator.execute(EngineExecutionOrchestrator.java:57)
	at org.junit.platform.launcher.core.DefaultLauncher.execute(DefaultLauncher.java:103)
	at org.junit.platform.launcher.core.DefaultLauncher.execute(DefaultLauncher.java:85)
	at org.junit.platform.launcher.core.DelegatingLauncher.execute(DelegatingLauncher.java:47)
	at org.junit.platform.launcher.core.SessionPerRequestLauncher.execute(SessionPerRequestLauncher.java:63)
	at org.apache.maven.surefire.junitplatform.JUnitPlatformProvider.execute(JUnitPlatformProvider.java:188)
	at org.apache.maven.surefire.junitplatform.JUnitPlatformProvider.invokeAllTests(JUnitPlatformProvider.java:154)
	at org.apache.maven.surefire.junitplatform.JUnitPlatformProvider.invoke(JUnitPlatformProvider.java:124)
	at org.apache.maven.surefire.booter.ForkedBooter.runSuitesInProcess(ForkedBooter.java:428)
	at org.apache.maven.surefire.booter.ForkedBooter.execute(ForkedBooter.java:162)
	at org.apache.maven.surefire.booter.ForkedBooter.run(ForkedBooter.java:562)
	at org.apache.maven.surefire.booter.ForkedBooter.main(ForkedBooter.java:548)
2024-01-26 11:58:40,207 [main] ERROR pipeline.WritableRatisContainerProvider (WritableRatisContainerProvider.java:getContainer(145)) - Unable to allocate a block for the size: 1048576, repConfig: RATIS/THREE
2024-01-26 11:58:40,211 [main] INFO  ozone.MiniOzoneClusterImpl (MiniOzoneClusterImpl.java:shutdown(449)) - Shutting down the Mini Ozone Cluster
2024-01-26 11:58:40,211 [main] INFO  db.CodecTestUtil (CodecTestUtil.java:gc(50)) - gc 0
2024-01-26 11:58:40,487 [main] INFO  ozone.MiniOzoneClusterImpl (MiniOzoneClusterImpl.java:stop(465)) - Stopping the Mini Ozone Cluster
2024-01-26 11:58:40,487 [main] INFO  om.OzoneManager (OzoneManager.java:stop(2204)) - om1[localhost:15039]: Stopping Ozone Manager
2024-01-26 11:58:40,488 [main] INFO  ipc.Server (Server.java:stop(3523)) - Stopping server on 15039
2024-01-26 11:58:40,489 [IPC Server listener on 15039] INFO  ipc.Server (Server.java:run(1434)) - Stopping IPC Server listener on 15039
2024-01-26 11:58:40,489 [IPC Server Responder] INFO  ipc.Server (Server.java:run(1567)) - Stopping IPC Server Responder
2024-01-26 11:58:40,490 [main] INFO  ratis.OzoneManagerRatisServer (OzoneManagerRatisServer.java:stop(594)) - Stopping org.apache.hadoop.ozone.om.ratis.OzoneManagerRatisServer@6f3bd37f at port 15042
2024-01-26 11:58:40,490 [main] INFO  server.RaftServer (RaftServerProxy.java:lambda$close$9(416)) - om1: close
2024-01-26 11:58:40,491 [main] INFO  server.GrpcService (GrpcService.java:closeImpl(311)) - om1: shutdown server GrpcServerProtocolService now
2024-01-26 11:58:40,491 [om1-impl-thread2] INFO  server.RaftServer$Division (RaftServerImpl.java:lambda$close$3(526)) - om1@group-C5BA1605619E: shutdown
2024-01-26 11:58:40,491 [om1-impl-thread2] INFO  util.JmxRegister (JmxRegister.java:unregister(73)) - Successfully un-registered JMX Bean with object name Ratis:service=RaftServer,group=group-C5BA1605619E,id="om1"
2024-01-26 11:58:40,491 [om1-impl-thread2] INFO  impl.RoleInfo (RoleInfo.java:shutdownLeaderState(94)) - om1: shutdown om1@group-C5BA1605619E-LeaderStateImpl
2024-01-26 11:58:40,491 [om1-impl-thread2] INFO  impl.PendingRequests (PendingRequests.java:sendNotLeaderResponses(289)) - om1@group-C5BA1605619E-PendingRequests: sendNotLeaderResponses
2024-01-26 11:58:40,493 [main] INFO  server.GrpcService (GrpcService.java:closeImpl(320)) - om1: shutdown server GrpcServerProtocolService successfully
2024-01-26 11:58:40,493 [om1@group-C5BA1605619E-StateMachineUpdater] INFO  ratis.OzoneManagerStateMachine (OzoneManagerStateMachine.java:takeSnapshotImpl(469)) -  applied = (t:1, i:3)
2024-01-26 11:58:40,493 [om1@group-C5BA1605619E-StateMachineUpdater] INFO  ratis.OzoneManagerStateMachine (OzoneManagerStateMachine.java:takeSnapshotImpl(470)) -  skipped = 3
2024-01-26 11:58:40,494 [om1@group-C5BA1605619E-StateMachineUpdater] INFO  ratis.OzoneManagerStateMachine (OzoneManagerStateMachine.java:takeSnapshotImpl(471)) - notified = (t:1, i:4)
2024-01-26 11:58:40,494 [om1@group-C5BA1605619E-StateMachineUpdater] INFO  ratis.OzoneManagerStateMachine (OzoneManagerStateMachine.java:takeSnapshotImpl(472)) - snapshot = (t:1, i:4)
2024-01-26 11:58:40,493 [om1-impl-thread2] INFO  impl.StateMachineUpdater (StateMachineUpdater.java:stopAndJoin(157)) - om1@group-C5BA1605619E-StateMachineUpdater: set stopIndex = 4
2024-01-26 11:58:40,502 [om1@group-C5BA1605619E-StateMachineUpdater] INFO  impl.StateMachineUpdater (StateMachineUpdater.java:takeSnapshot(295)) - om1@group-C5BA1605619E-StateMachineUpdater: Took a snapshot at index 4
2024-01-26 11:58:40,502 [om1@group-C5BA1605619E-StateMachineUpdater] INFO  impl.StateMachineUpdater (StateMachineUpdater.java:lambda$new$0(98)) - om1@group-C5BA1605619E-StateMachineUpdater: snapshotIndex: updateIncreasingly -1 -> 4
2024-01-26 11:58:40,502 [om1@group-C5BA1605619E-StateMachineUpdater] INFO  ratis.OzoneManagerStateMachine (OzoneManagerStateMachine.java:close(515)) - Stopping OzoneManagerStateMachine:om1:group-C5BA1605619E.
2024-01-26 11:58:40,503 [om1@group-C5BA1605619E-StateMachineUpdater] INFO  ratis.OzoneManagerDoubleBuffer (OzoneManagerDoubleBuffer.java:stopDaemon(514)) - Stopping OMDoubleBuffer flush thread
2024-01-26 11:58:40,503 [om1-OMDoubleBufferFlushThread] INFO  ratis.OzoneManagerDoubleBuffer (OzoneManagerDoubleBuffer.java:canFlush(578)) - OMDoubleBuffer flush thread om1-OMDoubleBufferFlushThread is interrupted and will exit.
2024-01-26 11:58:40,503 [om1-impl-thread2] INFO  server.RaftServer$Division (ServerState.java:close(427)) - om1@group-C5BA1605619E: applyIndex: 3
2024-01-26 11:58:40,503 [om1@group-C5BA1605619E-cacheEviction-AwaitToRun] INFO  util.AwaitToRun (AwaitToRun.java:run(49)) - om1@group-C5BA1605619E-cacheEviction-AwaitToRun-AwaitForSignal is interrupted
2024-01-26 11:58:40,771 [om1-impl-thread2] INFO  segmented.SegmentedRaftLogWorker (SegmentedRaftLogWorker.java:close(245)) - om1@group-C5BA1605619E-SegmentedRaftLogWorker close()
2024-01-26 11:58:40,772 [JvmPauseMonitor6] INFO  util.JvmPauseMonitor (JvmPauseMonitor.java:run(152)) - JvmPauseMonitor-om1: Stopped
2024-01-26 11:58:40,772 [main] INFO  utils.BackgroundService (BackgroundService.java:shutdown(160)) - Shutting down service KeyDeletingService
2024-01-26 11:58:40,773 [main] INFO  utils.BackgroundService (BackgroundService.java:shutdown(160)) - Shutting down service DirectoryDeletingService
2024-01-26 11:58:40,773 [main] INFO  utils.BackgroundService (BackgroundService.java:shutdown(160)) - Shutting down service OpenKeyCleanupService
2024-01-26 11:58:40,773 [main] INFO  utils.BackgroundService (BackgroundService.java:shutdown(160)) - Shutting down service SstFilteringService
2024-01-26 11:58:40,773 [main] INFO  utils.BackgroundService (BackgroundService.java:shutdown(160)) - Shutting down service SnapshotDeletingService
2024-01-26 11:58:40,773 [main] INFO  utils.BackgroundService (BackgroundService.java:shutdown(160)) - Shutting down service MultipartUploadCleanupService
2024-01-26 11:58:40,774 [main] INFO  handler.ContextHandler (ContextHandler.java:doStop(1159)) - Stopped o.e.j.w.WebAppContext@380bdaae{ozoneManager,/,null,STOPPED}{file:/home/runner/work/ozone/ozone/hadoop-ozone/integration-test/target/test-classes/webapps/ozoneManager}
2024-01-26 11:58:40,775 [main] INFO  server.AbstractConnector (AbstractConnector.java:doStop(383)) - Stopped ServerConnector@1c917d26{HTTP/1.1, (http/1.1)}{0.0.0.0:15040}
2024-01-26 11:58:40,775 [main] INFO  server.session (HouseKeeper.java:stopScavenging(149)) - node0 Stopped scavenging
2024-01-26 11:58:40,775 [main] INFO  handler.ContextHandler (ContextHandler.java:doStop(1159)) - Stopped o.e.j.s.ServletContextHandler@196946ed{static,/static,file:///home/runner/work/ozone/ozone/hadoop-ozone/integration-test/target/test-classes/webapps/static,STOPPED}
2024-01-26 11:58:40,775 [main] INFO  handler.ContextHandler (ContextHandler.java:doStop(1159)) - Stopped o.e.j.s.ServletContextHandler@32c5a2e1{logs,/logs,file:///home/runner/work/ozone/ozone/hadoop-ozone/integration-test/target/log,STOPPED}
2024-01-26 11:58:40,777 [main] INFO  rocksdiff.RocksDBCheckpointDiffer (RocksDBCheckpointDiffer.java:close(310)) - Shutting down CompactionDagPruningService.
2024-01-26 11:58:40,778 [main] INFO  snapshot.SnapshotDiffManager (SnapshotDiffManager.java:closeExecutorService(1688)) - Shutting down executorService: 'SnapDiffExecutor'
2024-01-26 11:58:40,778 [main] INFO  snapshot.SnapshotDiffManager (SnapshotDiffManager.java:closeExecutorService(1688)) - Shutting down executorService: 'SstDumpToolExecutor'
2024-01-26 11:58:40,778 [main] INFO  utils.BackgroundService (BackgroundService.java:shutdown(160)) - Shutting down service SnapshotDiffCleanupService
2024-01-26 11:58:40,778 [main] INFO  ozone.MiniOzoneClusterImpl (MiniOzoneClusterImpl.java:stopDatanodes(535)) - Stopping the HddsDatanodes
2024-01-26 11:58:40,779 [main] INFO  ozone.MiniOzoneClusterImpl (MiniOzoneClusterImpl.java:stopSCM(550)) - Stopping the StorageContainerManager
2024-01-26 11:58:40,779 [main] INFO  server.StorageContainerManager (StorageContainerManager.java:stop(1654)) - Container Balancer is not running.
2024-01-26 11:58:40,779 [main] INFO  server.StorageContainerManager (StorageContainerManager.java:stopReplicationManager(1787)) - Stopping Replication Manager Service.
2024-01-26 11:58:40,779 [main] INFO  replication.ReplicationManager (ReplicationManager.java:stop(326)) - Stopping Replication Monitor Thread.
2024-01-26 11:58:40,779 [main] INFO  server.StorageContainerManager (StorageContainerManager.java:stop(1663)) - Stopping the Datanode Admin Monitor.
2024-01-26 11:58:40,779 [UnderReplicatedProcessor] WARN  replication.UnhealthyReplicationProcessor (UnhealthyReplicationProcessor.java:run(180)) - UnderReplicatedProcessor interrupted. Exiting...
2024-01-26 11:58:40,779 [OverReplicatedProcessor] WARN  replication.UnhealthyReplicationProcessor (UnhealthyReplicationProcessor.java:run(180)) - OverReplicatedProcessor interrupted. Exiting...
2024-01-26 11:58:40,780 [main] INFO  server.StorageContainerManager (StorageContainerManager.java:stop(1670)) - Stopping datanode service RPC server
2024-01-26 11:58:40,780 [ReplicationMonitor] INFO  replication.ReplicationManager (ReplicationManager.java:run(933)) - Replication Monitor Thread is stopped
2024-01-26 11:58:40,780 [main] INFO  server.SCMDatanodeProtocolServer (SCMDatanodeProtocolServer.java:stop(425)) - Stopping the RPC server for DataNodes
2024-01-26 11:58:40,780 [main] INFO  ipc.Server (Server.java:stop(3523)) - Stopping server on 15037
2024-01-26 11:58:40,788 [IPC Server listener on 15037] INFO  ipc.Server (Server.java:run(1434)) - Stopping IPC Server listener on 15037
2024-01-26 11:58:40,788 [IPC Server Responder] INFO  ipc.Server (Server.java:run(1567)) - Stopping IPC Server Responder
2024-01-26 11:58:40,888 [SCMHeartbeatProcessor-0] WARN  node.NodeStateManager (NodeStateManager.java:scheduleNextHealthCheck(878)) - Current Thread is interrupted, shutting down HB processing thread for Node Manager.
2024-01-26 11:58:40,888 [main] INFO  server.StorageContainerManager (StorageContainerManager.java:stop(1678)) - Stopping block service RPC server
2024-01-26 11:58:40,888 [main] INFO  server.SCMBlockProtocolServer (SCMBlockProtocolServer.java:stop(169)) - Stopping the RPC server for Block Protocol
2024-01-26 11:58:40,888 [main] INFO  ipc.Server (Server.java:stop(3523)) - Stopping server on 15036
2024-01-26 11:58:40,889 [IPC Server listener on 15036] INFO  ipc.Server (Server.java:run(1434)) - Stopping IPC Server listener on 15036
2024-01-26 11:58:40,889 [IPC Server Responder] INFO  ipc.Server (Server.java:run(1567)) - Stopping IPC Server Responder
2024-01-26 11:58:40,890 [main] INFO  server.StorageContainerManager (StorageContainerManager.java:stop(1685)) - Stopping the StorageContainerLocationProtocol RPC server
2024-01-26 11:58:40,890 [main] INFO  server.SCMClientProtocolServer (SCMClientProtocolServer.java:stop(212)) - Stopping the RPC server for Client Protocol
2024-01-26 11:58:40,890 [main] INFO  ipc.Server (Server.java:stop(3523)) - Stopping server on 15035
2024-01-26 11:58:40,893 [IPC Server listener on 15035] INFO  ipc.Server (Server.java:run(1434)) - Stopping IPC Server listener on 15035
2024-01-26 11:58:40,893 [IPC Server Responder] INFO  ipc.Server (Server.java:run(1567)) - Stopping IPC Server Responder
2024-01-26 11:58:40,894 [main] INFO  server.StorageContainerManager (StorageContainerManager.java:stop(1692)) - Stopping Storage Container Manager HTTP server.
2024-01-26 11:58:40,895 [main] INFO  handler.ContextHandler (ContextHandler.java:doStop(1159)) - Stopped o.e.j.w.WebAppContext@11c581a0{scm,/,null,STOPPED}{file:/home/runner/work/ozone/ozone/hadoop-ozone/integration-test/target/test-classes/webapps/scm}
2024-01-26 11:58:40,895 [main] INFO  server.AbstractConnector (AbstractConnector.java:doStop(383)) - Stopped ServerConnector@3869a6e5{HTTP/1.1, (http/1.1)}{0.0.0.0:15038}
2024-01-26 11:58:40,896 [main] INFO  server.session (HouseKeeper.java:stopScavenging(149)) - node0 Stopped scavenging
2024-01-26 11:58:40,896 [main] INFO  handler.ContextHandler (ContextHandler.java:doStop(1159)) - Stopped o.e.j.s.ServletContextHandler@3f048c86{static,/static,file:///home/runner/work/ozone/ozone/hadoop-ozone/integration-test/target/test-classes/webapps/static,STOPPED}
2024-01-26 11:58:40,896 [main] INFO  handler.ContextHandler (ContextHandler.java:doStop(1159)) - Stopped o.e.j.s.ServletContextHandler@6c2a95d5{logs,/logs,file:///home/runner/work/ozone/ozone/hadoop-ozone/integration-test/target/log,STOPPED}
2024-01-26 11:58:40,897 [main] INFO  server.StorageContainerManager (StorageContainerManager.java:stop(1700)) - Stopping SCM LayoutVersionManager Service.
2024-01-26 11:58:40,897 [main] INFO  server.StorageContainerManager (StorageContainerManager.java:stop(1712)) - Stopping Block Manager Service.
2024-01-26 11:58:40,897 [main] INFO  utils.BackgroundService (BackgroundService.java:shutdown(160)) - Shutting down service SCMBlockDeletingService
2024-01-26 11:58:40,897 [main] INFO  utils.BackgroundService (BackgroundService.java:shutdown(160)) - Shutting down service SCMBlockDeletingService
2024-01-26 11:58:40,898 [main] INFO  server.StorageContainerManager (StorageContainerManager.java:stop(1732)) - Stopping SCM Event Queue.
2024-01-26 11:58:40,898 [JvmPauseMonitor11] INFO  util.JvmPauseMonitor (JvmPauseMonitor.java:run(152)) - JvmPauseMonitor-7ad7f6d5-37ce-4bfa-8f83-498f77b4e9f0: Stopped
2024-01-26 11:58:40,898 [main] INFO  server.StorageContainerManager (StorageContainerManager.java:stop(1743)) - Stopping SCM HA services.
2024-01-26 11:58:40,898 [main] INFO  pipeline.BackgroundPipelineCreator (BackgroundPipelineCreator.java:stop(152)) - Stopping RatisPipelineUtilsThread.
2024-01-26 11:58:40,899 [RatisPipelineUtilsThread-0] WARN  pipeline.BackgroundPipelineCreator (BackgroundPipelineCreator.java:run(183)) - RatisPipelineUtilsThread is interrupted.
2024-01-26 11:58:40,899 [main] INFO  BackgroundPipelineScrubber (BackgroundSCMService.java:stop(131)) - Stopping BackgroundPipelineScrubber Service.
2024-01-26 11:58:40,899 [BackgroundPipelineScrubber] WARN  BackgroundPipelineScrubber (BackgroundSCMService.java:run(115)) - BackgroundPipelineScrubber is interrupted, exit
2024-01-26 11:58:40,899 [main] INFO  impl.MetricsSystemImpl (MetricsSystemImpl.java:stop(210)) - Stopping StorageContainerManager metrics system...
2024-01-26 11:58:40,901 [prometheus] INFO  impl.MetricsSinkAdapter (MetricsSinkAdapter.java:publishMetricsFromQueue(141)) - prometheus thread interrupted.
2024-01-26 11:58:40,901 [main] INFO  impl.MetricsSystemImpl (MetricsSystemImpl.java:stop(216)) - StorageContainerManager metrics system stopped.
2024-01-26 11:58:40,901 [main] WARN  pipeline.BackgroundPipelineCreator (BackgroundPipelineCreator.java:stop(148)) - RatisPipelineUtilsThread is not running, just ignore.
2024-01-26 11:58:40,901 [main] INFO  BackgroundPipelineScrubber (BackgroundSCMService.java:stop(126)) - BackgroundPipelineScrubber Service is not running, skip stop.
2024-01-26 11:58:40,901 [main] INFO  ExpiredContainerReplicaOpScrubber (BackgroundSCMService.java:stop(131)) - Stopping ExpiredContainerReplicaOpScrubber Service.
2024-01-26 11:58:40,902 [main] INFO  utils.BackgroundService (BackgroundService.java:shutdown(160)) - Shutting down service SCMBlockDeletingService
2024-01-26 11:58:40,901 [ExpiredContainerReplicaOpScrubber] WARN  ExpiredContainerReplicaOpScrubber (BackgroundSCMService.java:run(115)) - ExpiredContainerReplicaOpScrubber is interrupted, exit
2024-01-26 11:58:40,902 [main] INFO  replication.ReplicationManager (ReplicationManager.java:stop(336)) - Replication Monitor Thread is not running.
2024-01-26 11:58:40,902 [main] WARN  balancer.ContainerBalancer (ContainerBalancer.java:stop(327)) - Cannot stop Container Balancer because it's not running or stopping
2024-01-26 11:58:40,902 [main] INFO  server.StorageContainerManager (StorageContainerManager.java:stop(1778)) - Stopping SCM MetadataStore.
2024-01-26 11:58:40,902 [LeaseManager#LeaseMonitor] WARN  lease.LeaseManager (LeaseManager.java:run(287)) - Lease manager is interrupted. Shutting down...
java.lang.InterruptedException
	at java.util.concurrent.locks.AbstractQueuedSynchronizer.doAcquireSharedNanos(AbstractQueuedSynchronizer.java:1039)
	at java.util.concurrent.locks.AbstractQueuedSynchronizer.tryAcquireSharedNanos(AbstractQueuedSynchronizer.java:1328)
	at java.util.concurrent.Semaphore.tryAcquire(Semaphore.java:409)
	at org.apache.hadoop.ozone.lease.LeaseManager$LeaseMonitor.run(LeaseManager.java:285)
	at java.lang.Thread.run(Thread.java:750)
]]></system-out>
  </testcase>
</testsuite>