<?xml version="1.0" encoding="UTF-8"?>
<testsuite xmlns:xsi="http://www.w3.org/2001/XMLSchema-instance" xsi:noNamespaceSchemaLocation="https://maven.apache.org/surefire/maven-surefire-plugin/xsd/surefire-test-report-3.0.xsd" version="3.0" name="org.apache.hadoop.ozone.om.snapshot.TestOzoneManagerSnapshotAcl" time="81.864" tests="50" errors="1" skipped="0" failures="0">
  <properties>
    <property name="awt.toolkit" value="sun.awt.X11.XToolkit"/>
    <property name="file.encoding.pkg" value="sun.io"/>
    <property name="java.specification.version" value="1.8"/>
    <property name="sun.cpu.isalist" value=""/>
    <property name="sun.jnu.encoding" value="UTF-8"/>
    <property name="java.class.path" value="/home/runner/work/ozone/ozone/hadoop-ozone/integration-test/target/test-classes:/home/runner/work/ozone/ozone/hadoop-ozone/integration-test/target/classes:/home/runner/.m2/repository/org/apache/ozone/ozone-common/1.4.0-SNAPSHOT/ozone-common-1.4.0-SNAPSHOT.jar:/home/runner/.m2/repository/io/grpc/grpc-netty/1.51.1/grpc-netty-1.51.1.jar:/home/runner/.m2/repository/io/grpc/grpc-core/1.51.1/grpc-core-1.51.1.jar:/home/runner/.m2/repository/com/google/android/annotations/4.1.1.4/annotations-4.1.1.4.jar:/home/runner/.m2/repository/org/codehaus/mojo/animal-sniffer-annotations/1.21/animal-sniffer-annotations-1.21.jar:/home/runner/.m2/repository/com/google/errorprone/error_prone_annotations/2.2.0/error_prone_annotations-2.2.0.jar:/home/runner/.m2/repository/io/perfmark/perfmark-api/0.25.0/perfmark-api-0.25.0.jar:/home/runner/.m2/repository/io/netty/netty-codec-http2/4.1.86.Final/netty-codec-http2-4.1.86.Final.jar:/home/runner/.m2/repository/io/netty/netty-common/4.1.86.Final/netty-common-4.1.86.Final.jar:/home/runner/.m2/repository/io/netty/netty-buffer/4.1.86.Final/netty-buffer-4.1.86.Final.jar:/home/runner/.m2/repository/io/netty/netty-codec-http/4.1.86.Final/netty-codec-http-4.1.86.Final.jar:/home/runner/.m2/repository/io/netty/netty-handler-proxy/4.1.86.Final/netty-handler-proxy-4.1.86.Final.jar:/home/runner/.m2/repository/io/netty/netty-codec-socks/4.1.86.Final/netty-codec-socks-4.1.86.Final.jar:/home/runner/.m2/repository/io/netty/netty-tcnative-boringssl-static/2.0.54.Final/netty-tcnative-boringssl-static-2.0.54.Final.jar:/home/runner/.m2/repository/io/netty/netty-tcnative-classes/2.0.54.Final/netty-tcnative-classes-2.0.54.Final.jar:/home/runner/.m2/repository/io/netty/netty-tcnative-boringssl-static/2.0.54.Final/netty-tcnative-boringssl-static-2.0.54.Final-linux-x86_64.jar:/home/runner/.m2/repository/io/netty/netty-tcnative-boringssl-static/2.0.54.Final/netty-tcnative-boringssl-static-2.0.54.Final-linux-aarch_64.jar:/home/runner/.m2/repository/io/netty/netty-tcnative-boringssl-static/2.0.54.Final/netty-tcnative-boringssl-static-2.0.54.Final-osx-x86_64.jar:/home/runner/.m2/repository/io/netty/netty-tcnative-boringssl-static/2.0.54.Final/netty-tcnative-boringssl-static-2.0.54.Final-osx-aarch_64.jar:/home/runner/.m2/repository/io/netty/netty-tcnative-boringssl-static/2.0.54.Final/netty-tcnative-boringssl-static-2.0.54.Final-windows-x86_64.jar:/home/runner/.m2/repository/org/apache/commons/commons-compress/1.21/commons-compress-1.21.jar:/home/runner/.m2/repository/org/apache/ozone/hdds-common/1.4.0-SNAPSHOT/hdds-common-1.4.0-SNAPSHOT.jar:/home/runner/.m2/repository/org/apache/ozone/hdds-client/1.4.0-SNAPSHOT/hdds-client-1.4.0-SNAPSHOT.jar:/home/runner/.m2/repository/org/apache/ozone/ozone-interface-client/1.4.0-SNAPSHOT/ozone-interface-client-1.4.0-SNAPSHOT.jar:/home/runner/.m2/repository/org/apache/ozone/hdds-test-utils/1.4.0-SNAPSHOT/hdds-test-utils-1.4.0-SNAPSHOT.jar:/home/runner/.m2/repository/com/google/guava/guava/31.1-jre/guava-31.1-jre.jar:/home/runner/.m2/repository/com/google/guava/failureaccess/1.0.1/failureaccess-1.0.1.jar:/home/runner/.m2/repository/com/google/guava/listenablefuture/9999.0-empty-to-avoid-conflict-with-guava/listenablefuture-9999.0-empty-to-avoid-conflict-with-guava.jar:/home/runner/.m2/repository/com/google/code/findbugs/jsr305/3.0.0/jsr305-3.0.0.jar:/home/runner/.m2/repository/org/checkerframework/checker-qual/3.12.0/checker-qual-3.12.0.jar:/home/runner/.m2/repository/com/google/j2objc/j2objc-annotations/1.3/j2objc-annotations-1.3.jar:/home/runner/.m2/repository/commons-io/commons-io/2.11.0/commons-io-2.11.0.jar:/home/runner/.m2/repository/commons-logging/commons-logging/1.2/commons-logging-1.2.jar:/home/runner/.m2/repository/ch/qos/reload4j/reload4j/1.2.22/reload4j-1.2.22.jar:/home/runner/.m2/repository/org/slf4j/slf4j-api/1.7.36/slf4j-api-1.7.36.jar:/home/runner/.m2/repository/org/apache/ozone/hdds-server-scm/1.4.0-SNAPSHOT/hdds-server-scm-1.4.0-SNAPSHOT.jar:/home/runner/.m2/repository/org/apache/ozone/hdds-container-service/1.4.0-SNAPSHOT/hdds-container-service-1.4.0-SNAPSHOT.jar:/home/runner/.m2/repository/org/apache/ozone/hdds-hadoop-dependency-server/1.4.0-SNAPSHOT/hdds-hadoop-dependency-server-1.4.0-SNAPSHOT.jar:/home/runner/.m2/repository/org/apache/hadoop/hadoop-hdfs/3.3.4/hadoop-hdfs-3.3.4.jar:/home/runner/.m2/repository/commons-daemon/commons-daemon/1.0.13/commons-daemon-1.0.13.jar:/home/runner/.m2/repository/org/apache/ozone/hdds-server-framework/1.4.0-SNAPSHOT/hdds-server-framework-1.4.0-SNAPSHOT.jar:/home/runner/.m2/repository/io/dropwizard/metrics/metrics-core/3.2.4/metrics-core-3.2.4.jar:/home/runner/.m2/repository/org/apache/commons/commons-text/1.4/commons-text-1.4.jar:/home/runner/.m2/repository/org/apache/hadoop/hadoop-hdfs-client/3.3.4/hadoop-hdfs-client-3.3.4.jar:/home/runner/.m2/repository/com/squareup/okhttp3/okhttp/4.9.3/okhttp-4.9.3.jar:/home/runner/.m2/repository/com/squareup/okio/okio/2.8.0/okio-2.8.0.jar:/home/runner/.m2/repository/org/jetbrains/kotlin/kotlin-stdlib-common/1.6.21/kotlin-stdlib-common-1.6.21.jar:/home/runner/.m2/repository/org/bouncycastle/bcprov-jdk15on/1.67/bcprov-jdk15on-1.67.jar:/home/runner/.m2/repository/com/google/protobuf/protobuf-java/2.5.0/protobuf-java-2.5.0.jar:/home/runner/.m2/repository/org/apache/ozone/hdds-server-framework/1.4.0-SNAPSHOT/hdds-server-framework-1.4.0-SNAPSHOT-tests.jar:/home/runner/.m2/repository/org/apache/ozone/hdds-interface-server/1.4.0-SNAPSHOT/hdds-interface-server-1.4.0-SNAPSHOT.jar:/home/runner/.m2/repository/org/apache/ozone/hdds-interface-admin/1.4.0-SNAPSHOT/hdds-interface-admin-1.4.0-SNAPSHOT.jar:/home/runner/.m2/repository/org/apache/ozone/hdds-managed-rocksdb/1.4.0-SNAPSHOT/hdds-managed-rocksdb-1.4.0-SNAPSHOT.jar:/home/runner/.m2/repository/org/rocksdb/rocksdbjni/7.7.3/rocksdbjni-7.7.3.jar:/home/runner/.m2/repository/org/slf4j/slf4j-reload4j/1.7.36/slf4j-reload4j-1.7.36.jar:/home/runner/.m2/repository/org/apache/commons/commons-configuration2/2.1.1/commons-configuration2-2.1.1.jar:/home/runner/.m2/repository/org/apache/logging/log4j/log4j-core/2.17.1/log4j-core-2.17.1.jar:/home/runner/.m2/repository/com/lmax/disruptor/3.4.2/disruptor-3.4.2.jar:/home/runner/.m2/repository/org/eclipse/jetty/jetty-util/9.4.49.v20220914/jetty-util-9.4.49.v20220914.jar:/home/runner/.m2/repository/org/eclipse/jetty/jetty-server/9.4.49.v20220914/jetty-server-9.4.49.v20220914.jar:/home/runner/.m2/repository/org/eclipse/jetty/jetty-http/9.4.49.v20220914/jetty-http-9.4.49.v20220914.jar:/home/runner/.m2/repository/org/eclipse/jetty/jetty-io/9.4.49.v20220914/jetty-io-9.4.49.v20220914.jar:/home/runner/.m2/repository/org/eclipse/jetty/jetty-servlet/9.4.49.v20220914/jetty-servlet-9.4.49.v20220914.jar:/home/runner/.m2/repository/org/eclipse/jetty/jetty-security/9.4.49.v20220914/jetty-security-9.4.49.v20220914.jar:/home/runner/.m2/repository/org/eclipse/jetty/jetty-util-ajax/9.4.49.v20220914/jetty-util-ajax-9.4.49.v20220914.jar:/home/runner/.m2/repository/org/eclipse/jetty/jetty-webapp/9.4.49.v20220914/jetty-webapp-9.4.49.v20220914.jar:/home/runner/.m2/repository/org/eclipse/jetty/jetty-xml/9.4.49.v20220914/jetty-xml-9.4.49.v20220914.jar:/home/runner/.m2/repository/org/apache/ratis/ratis-server/2.4.2-8b8bdda-SNAPSHOT/ratis-server-2.4.2-8b8bdda-SNAPSHOT.jar:/home/runner/.m2/repository/org/apache/ratis/ratis-thirdparty-misc/1.0.3/ratis-thirdparty-misc-1.0.3.jar:/home/runner/.m2/repository/org/apache/ratis/ratis-proto/2.4.2-8b8bdda-SNAPSHOT/ratis-proto-2.4.2-8b8bdda-SNAPSHOT.jar:/home/runner/.m2/repository/org/apache/ratis/ratis-common/2.4.2-8b8bdda-SNAPSHOT/ratis-common-2.4.2-8b8bdda-SNAPSHOT.jar:/home/runner/.m2/repository/org/apache/ratis/ratis-client/2.4.2-8b8bdda-SNAPSHOT/ratis-client-2.4.2-8b8bdda-SNAPSHOT.jar:/home/runner/.m2/repository/org/apache/ratis/ratis-server-api/2.4.2-8b8bdda-SNAPSHOT/ratis-server-api-2.4.2-8b8bdda-SNAPSHOT.jar:/home/runner/.m2/repository/org/apache/ratis/ratis-metrics/2.4.2-8b8bdda-SNAPSHOT/ratis-metrics-2.4.2-8b8bdda-SNAPSHOT.jar:/home/runner/.m2/repository/io/prometheus/simpleclient_dropwizard/0.7.0/simpleclient_dropwizard-0.7.0.jar:/home/runner/.m2/repository/io/prometheus/simpleclient/0.7.0/simpleclient-0.7.0.jar:/home/runner/.m2/repository/io/prometheus/simpleclient_common/0.7.0/simpleclient_common-0.7.0.jar:/home/runner/.m2/repository/com/fasterxml/jackson/datatype/jackson-datatype-jsr310/2.13.4/jackson-datatype-jsr310-2.13.4.jar:/home/runner/.m2/repository/com/fasterxml/jackson/core/jackson-core/2.13.4/jackson-core-2.13.4.jar:/home/runner/.m2/repository/com/github/spotbugs/spotbugs-annotations/3.1.12/spotbugs-annotations-3.1.12.jar:/home/runner/.m2/repository/org/apache/ozone/rocksdb-checkpoint-differ/1.4.0-SNAPSHOT/rocksdb-checkpoint-differ-1.4.0-SNAPSHOT.jar:/home/runner/.m2/repository/org/awaitility/awaitility/4.2.0/awaitility-4.2.0.jar:/home/runner/.m2/repository/org/hamcrest/hamcrest/2.1/hamcrest-2.1.jar:/home/runner/.m2/repository/org/apache/ozone/ozone-manager/1.4.0-SNAPSHOT/ozone-manager-1.4.0-SNAPSHOT.jar:/home/runner/.m2/repository/org/aspectj/aspectjrt/1.9.7/aspectjrt-1.9.7.jar:/home/runner/.m2/repository/org/aspectj/aspectjweaver/1.9.7/aspectjweaver-1.9.7.jar:/home/runner/.m2/repository/org/apache/ozone/hdds-interface-client/1.4.0-SNAPSHOT/hdds-interface-client-1.4.0-SNAPSHOT.jar:/home/runner/.m2/repository/org/apache/hadoop/thirdparty/hadoop-shaded-protobuf_3_7/1.1.1/hadoop-shaded-protobuf_3_7-1.1.1.jar:/home/runner/.m2/repository/org/apache/ozone/ozone-interface-storage/1.4.0-SNAPSHOT/ozone-interface-storage-1.4.0-SNAPSHOT.jar:/home/runner/.m2/repository/org/reflections/reflections/0.9.11/reflections-0.9.11.jar:/home/runner/.m2/repository/com/sun/jersey/jersey-client/1.19/jersey-client-1.19.jar:/home/runner/.m2/repository/org/apache/ranger/ranger-intg/2.3.0/ranger-intg-2.3.0.jar:/home/runner/.m2/repository/org/apache/ranger/ranger-plugins-common/2.3.0/ranger-plugins-common-2.3.0.jar:/home/runner/.m2/repository/commons-lang/commons-lang/2.6/commons-lang-2.6.jar:/home/runner/.m2/repository/org/apache/ranger/ranger-plugins-cred/2.3.0/ranger-plugins-cred-2.3.0.jar:/home/runner/.m2/repository/org/apache/ranger/ranger-plugins-audit/2.3.0/ranger-plugins-audit-2.3.0.jar:/home/runner/.m2/repository/org/eclipse/jetty/jetty-client/9.4.49.v20220914/jetty-client-9.4.49.v20220914.jar:/home/runner/.m2/repository/org/apache/httpcomponents/httpmime/4.5.6/httpmime-4.5.6.jar:/home/runner/.m2/repository/org/apache/httpcomponents/httpcore-nio/4.4.13/httpcore-nio-4.4.13.jar:/home/runner/.m2/repository/org/apache/httpcomponents/httpasyncclient/4.1.3/httpasyncclient-4.1.3.jar:/home/runner/.m2/repository/com/carrotsearch/hppc/0.8.0/hppc-0.8.0.jar:/home/runner/.m2/repository/org/apache/orc/orc-core/1.5.8/orc-core-1.5.8.jar:/home/runner/.m2/repository/net/java/dev/jna/jna/5.2.0/jna-5.2.0.jar:/home/runner/.m2/repository/net/java/dev/jna/jna-platform/5.2.0/jna-platform-5.2.0.jar:/home/runner/.m2/repository/com/kstruct/gethostname4j/0.0.2/gethostname4j-0.0.2.jar:/home/runner/.m2/repository/org/apache/ranger/ranger-plugin-classloader/2.3.0/ranger-plugin-classloader-2.3.0.jar:/home/runner/.m2/repository/org/apache/hadoop/hadoop-minikdc/3.3.4/hadoop-minikdc-3.3.4.jar:/home/runner/.m2/repository/org/apache/kerby/kerb-simplekdc/1.0.1/kerb-simplekdc-1.0.1.jar:/home/runner/.m2/repository/org/apache/kerby/kerb-client/1.0.1/kerb-client-1.0.1.jar:/home/runner/.m2/repository/org/apache/kerby/kerby-config/1.0.1/kerby-config-1.0.1.jar:/home/runner/.m2/repository/org/apache/kerby/kerb-common/1.0.1/kerb-common-1.0.1.jar:/home/runner/.m2/repository/org/apache/kerby/kerb-crypto/1.0.1/kerb-crypto-1.0.1.jar:/home/runner/.m2/repository/org/apache/kerby/kerb-util/1.0.1/kerb-util-1.0.1.jar:/home/runner/.m2/repository/org/apache/kerby/token-provider/1.0.1/token-provider-1.0.1.jar:/home/runner/.m2/repository/org/apache/kerby/kerb-admin/1.0.1/kerb-admin-1.0.1.jar:/home/runner/.m2/repository/org/apache/kerby/kerb-server/1.0.1/kerb-server-1.0.1.jar:/home/runner/.m2/repository/org/apache/kerby/kerb-identity/1.0.1/kerb-identity-1.0.1.jar:/home/runner/.m2/repository/org/apache/kerby/kerby-xdr/1.0.1/kerby-xdr-1.0.1.jar:/home/runner/.m2/repository/org/apache/ozone/ozone-s3gateway/1.4.0-SNAPSHOT/ozone-s3gateway-1.4.0-SNAPSHOT.jar:/home/runner/.m2/repository/org/javassist/javassist/3.21.0-GA/javassist-3.21.0-GA.jar:/home/runner/.m2/repository/org/jboss/weld/servlet/weld-servlet-shaded/3.1.9.Final/weld-servlet-shaded-3.1.9.Final.jar:/home/runner/.m2/repository/org/glassfish/jersey/containers/jersey-container-servlet-core/2.34/jersey-container-servlet-core-2.34.jar:/home/runner/.m2/repository/org/glassfish/hk2/external/jakarta.inject/2.6.1/jakarta.inject-2.6.1.jar:/home/runner/.m2/repository/org/glassfish/jersey/core/jersey-common/2.34/jersey-common-2.34.jar:/home/runner/.m2/repository/jakarta/ws/rs/jakarta.ws.rs-api/2.1.6/jakarta.ws.rs-api-2.1.6.jar:/home/runner/.m2/repository/org/glassfish/jersey/ext/cdi/jersey-cdi1x/2.34/jersey-cdi1x-2.34.jar:/home/runner/.m2/repository/org/glassfish/jersey/inject/jersey-hk2/2.34/jersey-hk2-2.34.jar:/home/runner/.m2/repository/org/glassfish/hk2/hk2-locator/2.6.1/hk2-locator-2.6.1.jar:/home/runner/.m2/repository/org/glassfish/jersey/media/jersey-media-jaxb/2.34/jersey-media-jaxb-2.34.jar:/home/runner/.m2/repository/org/glassfish/hk2/osgi-resource-locator/1.0.3/osgi-resource-locator-1.0.3.jar:/home/runner/.m2/repository/org/glassfish/hk2/hk2-api/2.5.0/hk2-api-2.5.0.jar:/home/runner/.m2/repository/org/glassfish/hk2/hk2-utils/2.5.0/hk2-utils-2.5.0.jar:/home/runner/.m2/repository/org/glassfish/hk2/external/aopalliance-repackaged/2.5.0/aopalliance-repackaged-2.5.0.jar:/home/runner/.m2/repository/com/fasterxml/jackson/dataformat/jackson-dataformat-xml/2.13.4/jackson-dataformat-xml-2.13.4.jar:/home/runner/.m2/repository/org/codehaus/woodstox/stax2-api/4.2.1/stax2-api-4.2.1.jar:/home/runner/.m2/repository/com/fasterxml/woodstox/woodstox-core/5.4.0/woodstox-core-5.4.0.jar:/home/runner/.m2/repository/com/fasterxml/jackson/module/jackson-module-jaxb-annotations/2.13.4/jackson-module-jaxb-annotations-2.13.4.jar:/home/runner/.m2/repository/jakarta/xml/bind/jakarta.xml.bind-api/2.3.3/jakarta.xml.bind-api-2.3.3.jar:/home/runner/.m2/repository/jakarta/activation/jakarta.activation-api/1.2.2/jakarta.activation-api-1.2.2.jar:/home/runner/.m2/repository/javax/enterprise/cdi-api/2.0/cdi-api-2.0.jar:/home/runner/.m2/repository/javax/el/javax.el-api/3.0.0/javax.el-api-3.0.0.jar:/home/runner/.m2/repository/javax/interceptor/javax.interceptor-api/1.2/javax.interceptor-api-1.2.jar:/home/runner/.m2/repository/javax/inject/javax.inject/1/javax.inject-1.jar:/home/runner/.m2/repository/javax/xml/bind/jaxb-api/2.3.0/jaxb-api-2.3.0.jar:/home/runner/.m2/repository/org/glassfish/jaxb/jaxb-runtime/2.3.0.1/jaxb-runtime-2.3.0.1.jar:/home/runner/.m2/repository/org/glassfish/jaxb/jaxb-core/2.3.0.1/jaxb-core-2.3.0.1.jar:/home/runner/.m2/repository/org/glassfish/jaxb/txw2/2.3.0.1/txw2-2.3.0.1.jar:/home/runner/.m2/repository/com/sun/istack/istack-commons-runtime/3.0.5/istack-commons-runtime-3.0.5.jar:/home/runner/.m2/repository/org/jvnet/staxex/stax-ex/1.7.8/stax-ex-1.7.8.jar:/home/runner/.m2/repository/com/sun/xml/fastinfoset/FastInfoset/1.2.13/FastInfoset-1.2.13.jar:/home/runner/.m2/repository/javax/activation/activation/1.1.1/activation-1.1.1.jar:/home/runner/.m2/repository/io/grpc/grpc-protobuf/1.51.1/grpc-protobuf-1.51.1.jar:/home/runner/.m2/repository/io/grpc/grpc-api/1.51.1/grpc-api-1.51.1.jar:/home/runner/.m2/repository/io/grpc/grpc-context/1.51.1/grpc-context-1.51.1.jar:/home/runner/.m2/repository/com/google/api/grpc/proto-google-common-protos/2.9.0/proto-google-common-protos-2.9.0.jar:/home/runner/.m2/repository/io/grpc/grpc-protobuf-lite/1.51.1/grpc-protobuf-lite-1.51.1.jar:/home/runner/.m2/repository/io/grpc/grpc-stub/1.51.1/grpc-stub-1.51.1.jar:/home/runner/.m2/repository/io/netty/netty-transport/4.1.86.Final/netty-transport-4.1.86.Final.jar:/home/runner/.m2/repository/io/netty/netty-resolver/4.1.86.Final/netty-resolver-4.1.86.Final.jar:/home/runner/.m2/repository/org/apache/ozone/ozone-csi/1.4.0-SNAPSHOT/ozone-csi-1.4.0-SNAPSHOT.jar:/home/runner/.m2/repository/com/google/protobuf/protobuf-java-util/3.19.6/protobuf-java-util-3.19.6.jar:/home/runner/.m2/repository/com/google/code/gson/gson/2.9.0/gson-2.9.0.jar:/home/runner/.m2/repository/org/apache/ozone/hdds-config/1.4.0-SNAPSHOT/hdds-config-1.4.0-SNAPSHOT.jar:/home/runner/.m2/repository/io/netty/netty-transport-native-epoll/4.1.86.Final/netty-transport-native-epoll-4.1.86.Final-linux-x86_64.jar:/home/runner/.m2/repository/io/netty/netty-transport-classes-epoll/4.1.86.Final/netty-transport-classes-epoll-4.1.86.Final.jar:/home/runner/.m2/repository/io/netty/netty-transport-native-unix-common/4.1.86.Final/netty-transport-native-unix-common-4.1.86.Final.jar:/home/runner/.m2/repository/org/apache/ozone/ozone-recon/1.4.0-SNAPSHOT/ozone-recon-1.4.0-SNAPSHOT.jar:/home/runner/.m2/repository/org/apache/ozone/ozone-reconcodegen/1.4.0-SNAPSHOT/ozone-reconcodegen-1.4.0-SNAPSHOT.jar:/home/runner/.m2/repository/com/google/inject/extensions/guice-multibindings/4.0/guice-multibindings-4.0.jar:/home/runner/.m2/repository/com/google/inject/guice/4.0/guice-4.0.jar:/home/runner/.m2/repository/aopalliance/aopalliance/1.0/aopalliance-1.0.jar:/home/runner/.m2/repository/com/google/inject/extensions/guice-assistedinject/4.0/guice-assistedinject-4.0.jar:/home/runner/.m2/repository/com/google/inject/extensions/guice-servlet/4.0/guice-servlet-4.0.jar:/home/runner/.m2/repository/org/glassfish/jersey/containers/jersey-container-servlet/2.34/jersey-container-servlet-2.34.jar:/home/runner/.m2/repository/org/glassfish/hk2/guice-bridge/2.5.0/guice-bridge-2.5.0.jar:/home/runner/.m2/repository/org/glassfish/jersey/core/jersey-server/2.34/jersey-server-2.34.jar:/home/runner/.m2/repository/org/glassfish/jersey/core/jersey-client/2.34/jersey-client-2.34.jar:/home/runner/.m2/repository/jakarta/annotation/jakarta.annotation-api/1.3.5/jakarta.annotation-api-1.3.5.jar:/home/runner/.m2/repository/jakarta/validation/jakarta.validation-api/2.0.2/jakarta.validation-api-2.0.2.jar:/home/runner/.m2/repository/org/glassfish/jersey/media/jersey-media-json-jackson/2.34/jersey-media-json-jackson-2.34.jar:/home/runner/.m2/repository/org/glassfish/jersey/ext/jersey-entity-filtering/2.34/jersey-entity-filtering-2.34.jar:/home/runner/.m2/repository/org/jooq/jooq/3.11.10/jooq-3.11.10.jar:/home/runner/.m2/repository/org/jooq/jooq-meta/3.11.10/jooq-meta-3.11.10.jar:/home/runner/.m2/repository/org/jooq/jooq-codegen/3.11.10/jooq-codegen-3.11.10.jar:/home/runner/.m2/repository/com/jolbox/bonecp/0.8.0.RELEASE/bonecp-0.8.0.RELEASE.jar:/home/runner/.m2/repository/org/apache/derby/derby/10.14.2.0/derby-10.14.2.0.jar:/home/runner/.m2/repository/org/xerial/sqlite-jdbc/3.25.2/sqlite-jdbc-3.25.2.jar:/home/runner/.m2/repository/org/springframework/spring-jdbc/5.3.23/spring-jdbc-5.3.23.jar:/home/runner/.m2/repository/org/springframework/spring-beans/5.3.23/spring-beans-5.3.23.jar:/home/runner/.m2/repository/org/springframework/spring-core/5.3.23/spring-core-5.3.23.jar:/home/runner/.m2/repository/org/springframework/spring-jcl/5.3.23/spring-jcl-5.3.23.jar:/home/runner/.m2/repository/org/springframework/spring-tx/5.3.23/spring-tx-5.3.23.jar:/home/runner/.m2/repository/org/apache/ozone/ozone-client/1.4.0-SNAPSHOT/ozone-client-1.4.0-SNAPSHOT.jar:/home/runner/.m2/repository/org/apache/ozone/hdds-erasurecode/1.4.0-SNAPSHOT/hdds-erasurecode-1.4.0-SNAPSHOT.jar:/home/runner/.m2/repository/org/apache/ozone/ozone-filesystem/1.4.0-SNAPSHOT/ozone-filesystem-1.4.0-SNAPSHOT.jar:/home/runner/.m2/repository/org/apache/ozone/ozone-filesystem-common/1.4.0-SNAPSHOT/ozone-filesystem-common-1.4.0-SNAPSHOT.jar:/home/runner/.m2/repository/org/apache/ozone/ozone-tools/1.4.0-SNAPSHOT/ozone-tools-1.4.0-SNAPSHOT.jar:/home/runner/.m2/repository/com/amazonaws/aws-java-sdk-core/1.12.261/aws-java-sdk-core-1.12.261.jar:/home/runner/.m2/repository/org/apache/httpcomponents/httpclient/4.5.13/httpclient-4.5.13.jar:/home/runner/.m2/repository/org/apache/httpcomponents/httpcore/4.4.13/httpcore-4.4.13.jar:/home/runner/.m2/repository/software/amazon/ion/ion-java/1.0.2/ion-java-1.0.2.jar:/home/runner/.m2/repository/com/fasterxml/jackson/dataformat/jackson-dataformat-cbor/2.13.4/jackson-dataformat-cbor-2.13.4.jar:/home/runner/.m2/repository/joda-time/joda-time/2.10.6/joda-time-2.10.6.jar:/home/runner/.m2/repository/com/amazonaws/aws-java-sdk-s3/1.12.261/aws-java-sdk-s3-1.12.261.jar:/home/runner/.m2/repository/com/amazonaws/aws-java-sdk-kms/1.12.261/aws-java-sdk-kms-1.12.261.jar:/home/runner/.m2/repository/com/amazonaws/jmespath-java/1.12.261/jmespath-java-1.12.261.jar:/home/runner/.m2/repository/org/kohsuke/metainf-services/metainf-services/1.8/metainf-services-1.8.jar:/home/runner/.m2/repository/org/apache/ozone/hdds-tools/1.4.0-SNAPSHOT/hdds-tools-1.4.0-SNAPSHOT.jar:/home/runner/.m2/repository/org/apache/ratis/ratis-tools/2.4.2-8b8bdda-SNAPSHOT/ratis-tools-2.4.2-8b8bdda-SNAPSHOT.jar:/home/runner/.m2/repository/commons-cli/commons-cli/1.2/commons-cli-1.2.jar:/home/runner/.m2/repository/org/apache/commons/commons-lang3/3.7/commons-lang3-3.7.jar:/home/runner/.m2/repository/org/apache/ozone/ozone-manager/1.4.0-SNAPSHOT/ozone-manager-1.4.0-SNAPSHOT-tests.jar:/home/runner/.m2/repository/org/apache/ozone/hdds-common/1.4.0-SNAPSHOT/hdds-common-1.4.0-SNAPSHOT-tests.jar:/home/runner/.m2/repository/org/apache/ozone/hdds-hadoop-dependency-client/1.4.0-SNAPSHOT/hdds-hadoop-dependency-client-1.4.0-SNAPSHOT.jar:/home/runner/.m2/repository/info/picocli/picocli/4.6.1/picocli-4.6.1.jar:/home/runner/.m2/repository/com/fasterxml/jackson/core/jackson-annotations/2.13.4/jackson-annotations-2.13.4.jar:/home/runner/.m2/repository/org/apache/ozone/hdds-annotation-processing/1.4.0-SNAPSHOT/hdds-annotation-processing-1.4.0-SNAPSHOT.jar:/home/runner/.m2/repository/javax/annotation/javax.annotation-api/1.2/javax.annotation-api-1.2.jar:/home/runner/.m2/repository/org/apache/ratis/ratis-netty/2.4.2-8b8bdda-SNAPSHOT/ratis-netty-2.4.2-8b8bdda-SNAPSHOT.jar:/home/runner/.m2/repository/org/apache/ratis/ratis-grpc/2.4.2-8b8bdda-SNAPSHOT/ratis-grpc-2.4.2-8b8bdda-SNAPSHOT.jar:/home/runner/.m2/repository/org/apache/logging/log4j/log4j-api/2.17.1/log4j-api-2.17.1.jar:/home/runner/.m2/repository/org/apache/commons/commons-pool2/2.6.0/commons-pool2-2.6.0.jar:/home/runner/.m2/repository/org/bouncycastle/bcpkix-jdk15on/1.67/bcpkix-jdk15on-1.67.jar:/home/runner/.m2/repository/commons-validator/commons-validator/1.6/commons-validator-1.6.jar:/home/runner/.m2/repository/commons-beanutils/commons-beanutils/1.9.4/commons-beanutils-1.9.4.jar:/home/runner/.m2/repository/commons-digester/commons-digester/1.8.1/commons-digester-1.8.1.jar:/home/runner/.m2/repository/commons-collections/commons-collections/3.2.2/commons-collections-3.2.2.jar:/home/runner/.m2/repository/io/jaegertracing/jaeger-client/1.6.0/jaeger-client-1.6.0.jar:/home/runner/.m2/repository/io/jaegertracing/jaeger-thrift/1.6.0/jaeger-thrift-1.6.0.jar:/home/runner/.m2/repository/org/apache/thrift/libthrift/0.14.1/libthrift-0.14.1.jar:/home/runner/.m2/repository/io/jaegertracing/jaeger-core/1.6.0/jaeger-core-1.6.0.jar:/home/runner/.m2/repository/io/jaegertracing/jaeger-tracerresolver/1.6.0/jaeger-tracerresolver-1.6.0.jar:/home/runner/.m2/repository/io/opentracing/contrib/opentracing-tracerresolver/0.1.8/opentracing-tracerresolver-0.1.8.jar:/home/runner/.m2/repository/org/jetbrains/kotlin/kotlin-stdlib/1.6.21/kotlin-stdlib-1.6.21.jar:/home/runner/.m2/repository/org/jetbrains/annotations/13.0/annotations-13.0.jar:/home/runner/.m2/repository/io/opentracing/opentracing-util/0.33.0/opentracing-util-0.33.0.jar:/home/runner/.m2/repository/io/opentracing/opentracing-api/0.33.0/opentracing-api-0.33.0.jar:/home/runner/.m2/repository/io/opentracing/opentracing-noop/0.33.0/opentracing-noop-0.33.0.jar:/home/runner/.m2/repository/org/yaml/snakeyaml/2.0/snakeyaml-2.0.jar:/home/runner/.m2/repository/junit/junit/4.13.1/junit-4.13.1.jar:/home/runner/.m2/repository/org/hamcrest/hamcrest-core/1.3/hamcrest-core-1.3.jar:/home/runner/.m2/repository/org/junit/jupiter/junit-jupiter-api/5.8.2/junit-jupiter-api-5.8.2.jar:/home/runner/.m2/repository/org/opentest4j/opentest4j/1.2.0/opentest4j-1.2.0.jar:/home/runner/.m2/repository/org/junit/platform/junit-platform-commons/1.8.2/junit-platform-commons-1.8.2.jar:/home/runner/.m2/repository/org/apiguardian/apiguardian-api/1.1.2/apiguardian-api-1.1.2.jar:/home/runner/.m2/repository/org/junit/jupiter/junit-jupiter-params/5.8.2/junit-jupiter-params-5.8.2.jar:/home/runner/.m2/repository/org/junit/jupiter/junit-jupiter-migrationsupport/5.8.2/junit-jupiter-migrationsupport-5.8.2.jar:/home/runner/.m2/repository/org/junit/jupiter/junit-jupiter-engine/5.8.2/junit-jupiter-engine-5.8.2.jar:/home/runner/.m2/repository/org/junit/platform/junit-platform-engine/1.8.2/junit-platform-engine-1.8.2.jar:/home/runner/.m2/repository/org/junit/vintage/junit-vintage-engine/5.8.2/junit-vintage-engine-5.8.2.jar:/home/runner/.m2/repository/org/junit/platform/junit-platform-launcher/1.8.2/junit-platform-launcher-1.8.2.jar:/home/runner/.m2/repository/org/mockito/mockito-core/2.28.2/mockito-core-2.28.2.jar:/home/runner/.m2/repository/net/bytebuddy/byte-buddy/1.9.10/byte-buddy-1.9.10.jar:/home/runner/.m2/repository/net/bytebuddy/byte-buddy-agent/1.9.10/byte-buddy-agent-1.9.10.jar:/home/runner/.m2/repository/org/objenesis/objenesis/1.0/objenesis-1.0.jar:/home/runner/.m2/repository/org/apache/hadoop/hadoop-kms/3.3.4/hadoop-kms-3.3.4.jar:/home/runner/.m2/repository/org/apache/hadoop/hadoop-auth/3.3.4/hadoop-auth-3.3.4.jar:/home/runner/.m2/repository/com/nimbusds/nimbus-jose-jwt/9.8.1/nimbus-jose-jwt-9.8.1.jar:/home/runner/.m2/repository/com/github/stephenc/jcip/jcip-annotations/1.0-1/jcip-annotations-1.0-1.jar:/home/runner/.m2/repository/net/minidev/json-smart/2.4.7/json-smart-2.4.7.jar:/home/runner/.m2/repository/net/minidev/accessors-smart/2.4.7/accessors-smart-2.4.7.jar:/home/runner/.m2/repository/org/ow2/asm/asm/5.0.4/asm-5.0.4.jar:/home/runner/.m2/repository/org/apache/zookeeper/zookeeper/3.5.6/zookeeper-3.5.6.jar:/home/runner/.m2/repository/org/apache/zookeeper/zookeeper-jute/3.5.6/zookeeper-jute-3.5.6.jar:/home/runner/.m2/repository/org/apache/yetus/audience-annotations/0.5.0/audience-annotations-0.5.0.jar:/home/runner/.m2/repository/org/apache/curator/curator-framework/4.2.0/curator-framework-4.2.0.jar:/home/runner/.m2/repository/org/apache/hadoop/thirdparty/hadoop-shaded-guava/1.1.1/hadoop-shaded-guava-1.1.1.jar:/home/runner/.m2/repository/com/sun/jersey/jersey-core/1.19/jersey-core-1.19.jar:/home/runner/.m2/repository/javax/ws/rs/jsr311-api/1.1.1/jsr311-api-1.1.1.jar:/home/runner/.m2/repository/com/sun/jersey/jersey-server/1.19/jersey-server-1.19.jar:/home/runner/.m2/repository/javax/servlet/javax.servlet-api/3.1.0/javax.servlet-api-3.1.0.jar:/home/runner/.m2/repository/org/apache/hadoop/hadoop-common/3.3.4/hadoop-common-3.3.4.jar:/home/runner/.m2/repository/org/apache/commons/commons-math3/3.1.1/commons-math3-3.1.1.jar:/home/runner/.m2/repository/commons-net/commons-net/3.9.0/commons-net-3.9.0.jar:/home/runner/.m2/repository/com/sun/jersey/jersey-servlet/1.19/jersey-servlet-1.19.jar:/home/runner/.m2/repository/com/sun/jersey/jersey-json/1.19/jersey-json-1.19.jar:/home/runner/.m2/repository/org/codehaus/jettison/jettison/1.1/jettison-1.1.jar:/home/runner/.m2/repository/com/sun/xml/bind/jaxb-impl/2.2.3-1/jaxb-impl-2.2.3-1.jar:/home/runner/.m2/repository/org/codehaus/jackson/jackson-jaxrs/1.9.2/jackson-jaxrs-1.9.2.jar:/home/runner/.m2/repository/org/codehaus/jackson/jackson-xc/1.9.2/jackson-xc-1.9.2.jar:/home/runner/.m2/repository/com/google/re2j/re2j/1.1/re2j-1.1.jar:/home/runner/.m2/repository/com/jcraft/jsch/0.1.54/jsch-0.1.54.jar:/home/runner/.m2/repository/org/apache/curator/curator-client/4.2.0/curator-client-4.2.0.jar:/home/runner/.m2/repository/org/apache/curator/curator-recipes/4.2.0/curator-recipes-4.2.0.jar:/home/runner/.m2/repository/org/apache/kerby/kerb-core/1.0.1/kerb-core-1.0.1.jar:/home/runner/.m2/repository/org/apache/kerby/kerby-pkix/1.0.1/kerby-pkix-1.0.1.jar:/home/runner/.m2/repository/org/apache/kerby/kerby-asn1/1.0.1/kerby-asn1-1.0.1.jar:/home/runner/.m2/repository/org/apache/kerby/kerby-util/1.0.1/kerby-util-1.0.1.jar:/home/runner/.m2/repository/dnsjava/dnsjava/2.1.7/dnsjava-2.1.7.jar:/home/runner/.m2/repository/org/xerial/snappy/snappy-java/1.1.8.2/snappy-java-1.1.8.2.jar:/home/runner/.m2/repository/com/fasterxml/jackson/core/jackson-databind/2.13.4.2/jackson-databind-2.13.4.2.jar:/home/runner/.m2/repository/org/apache/hadoop/hadoop-kms/3.3.4/hadoop-kms-3.3.4-tests.jar:/home/runner/.m2/repository/org/apache/ozone/hdds-server-scm/1.4.0-SNAPSHOT/hdds-server-scm-1.4.0-SNAPSHOT-tests.jar:/home/runner/.m2/repository/org/apache/ozone/hdds-container-service/1.4.0-SNAPSHOT/hdds-container-service-1.4.0-SNAPSHOT-tests.jar:/home/runner/.m2/repository/com/github/luben/zstd-jni/1.5.2-5/zstd-jni-1.5.2-5.jar:/home/runner/.m2/repository/commons-codec/commons-codec/1.15/commons-codec-1.15.jar:/home/runner/.m2/repository/io/netty/netty-codec/4.1.86.Final/netty-codec-4.1.86.Final.jar:/home/runner/.m2/repository/io/netty/netty-handler/4.1.86.Final/netty-handler-4.1.86.Final.jar:/home/runner/.m2/repository/org/apache/ozone/hdds-hadoop-dependency-test/1.4.0-SNAPSHOT/hdds-hadoop-dependency-test-1.4.0-SNAPSHOT.jar:/home/runner/.m2/repository/org/apache/hadoop/hadoop-common/3.3.4/hadoop-common-3.3.4-tests.jar:/home/runner/.m2/repository/org/apache/hadoop/hadoop-hdfs/3.3.4/hadoop-hdfs-3.3.4-tests.jar:/home/runner/.m2/repository/org/assertj/assertj-core/3.12.2/assertj-core-3.12.2.jar:/home/runner/.m2/repository/org/apache/hadoop/hadoop-distcp/3.3.4/hadoop-distcp-3.3.4.jar:/home/runner/.m2/repository/org/apache/hadoop/hadoop-mapreduce-client-jobclient/3.3.4/hadoop-mapreduce-client-jobclient-3.3.4.jar:/home/runner/.m2/repository/org/apache/hadoop/hadoop-mapreduce-client-common/3.3.4/hadoop-mapreduce-client-common-3.3.4.jar:/home/runner/.m2/repository/org/apache/hadoop/hadoop-yarn-common/3.3.4/hadoop-yarn-common-3.3.4.jar:/home/runner/.m2/repository/org/apache/hadoop/hadoop-yarn-api/3.3.4/hadoop-yarn-api-3.3.4.jar:/home/runner/.m2/repository/com/sun/jersey/contribs/jersey-guice/1.19/jersey-guice-1.19.jar:/home/runner/.m2/repository/com/fasterxml/jackson/jaxrs/jackson-jaxrs-json-provider/2.13.4/jackson-jaxrs-json-provider-2.13.4.jar:/home/runner/.m2/repository/com/fasterxml/jackson/jaxrs/jackson-jaxrs-base/2.13.4/jackson-jaxrs-base-2.13.4.jar:/home/runner/.m2/repository/org/apache/hadoop/hadoop-yarn-client/3.3.4/hadoop-yarn-client-3.3.4.jar:/home/runner/.m2/repository/org/eclipse/jetty/websocket/websocket-client/9.4.43.v20210629/websocket-client-9.4.43.v20210629.jar:/home/runner/.m2/repository/org/eclipse/jetty/websocket/websocket-common/9.4.43.v20210629/websocket-common-9.4.43.v20210629.jar:/home/runner/.m2/repository/org/eclipse/jetty/websocket/websocket-api/9.4.43.v20210629/websocket-api-9.4.43.v20210629.jar:/home/runner/.m2/repository/org/jline/jline/3.9.0/jline-3.9.0.jar:/home/runner/.m2/repository/org/apache/hadoop/hadoop-mapreduce-client-core/3.3.4/hadoop-mapreduce-client-core-3.3.4.jar:/home/runner/.m2/repository/org/apache/avro/avro/1.7.7/avro-1.7.7.jar:/home/runner/.m2/repository/org/codehaus/jackson/jackson-core-asl/1.9.13/jackson-core-asl-1.9.13.jar:/home/runner/.m2/repository/org/codehaus/jackson/jackson-mapper-asl/1.9.13/jackson-mapper-asl-1.9.13.jar:/home/runner/.m2/repository/com/thoughtworks/paranamer/paranamer/2.3/paranamer-2.3.jar:/home/runner/.m2/repository/org/apache/hadoop/hadoop-annotations/3.3.4/hadoop-annotations-3.3.4.jar:/usr/lib/jvm/temurin-8-jdk-amd64/jre/../lib/tools.jar:/home/runner/.m2/repository/io/netty/netty/3.10.6.Final/netty-3.10.6.Final.jar:/home/runner/.m2/repository/org/apache/hadoop/hadoop-distcp/3.3.4/hadoop-distcp-3.3.4-tests.jar:/home/runner/.m2/repository/org/slf4j/jul-to-slf4j/1.7.36/jul-to-slf4j-1.7.36.jar:"/>
    <property name="java.vm.vendor" value="Temurin"/>
    <property name="sun.arch.data.model" value="64"/>
    <property name="test.build.dir" value="/home/runner/work/ozone/ozone/hadoop-ozone/integration-test/target/test-dir"/>
    <property name="test.cache.data" value=""/>
    <property name="java.vendor.url" value="https://adoptium.net/"/>
    <property name="user.timezone" value="Etc/UTC"/>
    <property name="java.vm.specification.version" value="1.8"/>
    <property name="os.name" value="Linux"/>
    <property name="test.build.data" value="/home/runner/work/ozone/ozone/hadoop-ozone/integration-test/target/test-dir"/>
    <property name="sun.java.launcher" value="SUN_STANDARD"/>
    <property name="sun.boot.library.path" value="/usr/lib/jvm/temurin-8-jdk-amd64/jre/lib/amd64"/>
    <property name="sun.java.command" value="/home/runner/work/ozone/ozone/hadoop-ozone/integration-test/target/surefire/surefirebooter2625701234033724597.jar /home/runner/work/ozone/ozone/hadoop-ozone/integration-test/target/surefire 2023-03-16T19-21-09_559-jvmRun1 surefire7361297029422413920tmp surefire_162097373836022218575tmp"/>
    <property name="surefire.test.class.path" value="/home/runner/work/ozone/ozone/hadoop-ozone/integration-test/target/test-classes:/home/runner/work/ozone/ozone/hadoop-ozone/integration-test/target/classes:/home/runner/.m2/repository/org/apache/ozone/ozone-common/1.4.0-SNAPSHOT/ozone-common-1.4.0-SNAPSHOT.jar:/home/runner/.m2/repository/io/grpc/grpc-netty/1.51.1/grpc-netty-1.51.1.jar:/home/runner/.m2/repository/io/grpc/grpc-core/1.51.1/grpc-core-1.51.1.jar:/home/runner/.m2/repository/com/google/android/annotations/4.1.1.4/annotations-4.1.1.4.jar:/home/runner/.m2/repository/org/codehaus/mojo/animal-sniffer-annotations/1.21/animal-sniffer-annotations-1.21.jar:/home/runner/.m2/repository/com/google/errorprone/error_prone_annotations/2.2.0/error_prone_annotations-2.2.0.jar:/home/runner/.m2/repository/io/perfmark/perfmark-api/0.25.0/perfmark-api-0.25.0.jar:/home/runner/.m2/repository/io/netty/netty-codec-http2/4.1.86.Final/netty-codec-http2-4.1.86.Final.jar:/home/runner/.m2/repository/io/netty/netty-common/4.1.86.Final/netty-common-4.1.86.Final.jar:/home/runner/.m2/repository/io/netty/netty-buffer/4.1.86.Final/netty-buffer-4.1.86.Final.jar:/home/runner/.m2/repository/io/netty/netty-codec-http/4.1.86.Final/netty-codec-http-4.1.86.Final.jar:/home/runner/.m2/repository/io/netty/netty-handler-proxy/4.1.86.Final/netty-handler-proxy-4.1.86.Final.jar:/home/runner/.m2/repository/io/netty/netty-codec-socks/4.1.86.Final/netty-codec-socks-4.1.86.Final.jar:/home/runner/.m2/repository/io/netty/netty-tcnative-boringssl-static/2.0.54.Final/netty-tcnative-boringssl-static-2.0.54.Final.jar:/home/runner/.m2/repository/io/netty/netty-tcnative-classes/2.0.54.Final/netty-tcnative-classes-2.0.54.Final.jar:/home/runner/.m2/repository/io/netty/netty-tcnative-boringssl-static/2.0.54.Final/netty-tcnative-boringssl-static-2.0.54.Final-linux-x86_64.jar:/home/runner/.m2/repository/io/netty/netty-tcnative-boringssl-static/2.0.54.Final/netty-tcnative-boringssl-static-2.0.54.Final-linux-aarch_64.jar:/home/runner/.m2/repository/io/netty/netty-tcnative-boringssl-static/2.0.54.Final/netty-tcnative-boringssl-static-2.0.54.Final-osx-x86_64.jar:/home/runner/.m2/repository/io/netty/netty-tcnative-boringssl-static/2.0.54.Final/netty-tcnative-boringssl-static-2.0.54.Final-osx-aarch_64.jar:/home/runner/.m2/repository/io/netty/netty-tcnative-boringssl-static/2.0.54.Final/netty-tcnative-boringssl-static-2.0.54.Final-windows-x86_64.jar:/home/runner/.m2/repository/org/apache/commons/commons-compress/1.21/commons-compress-1.21.jar:/home/runner/.m2/repository/org/apache/ozone/hdds-common/1.4.0-SNAPSHOT/hdds-common-1.4.0-SNAPSHOT.jar:/home/runner/.m2/repository/org/apache/ozone/hdds-client/1.4.0-SNAPSHOT/hdds-client-1.4.0-SNAPSHOT.jar:/home/runner/.m2/repository/org/apache/ozone/ozone-interface-client/1.4.0-SNAPSHOT/ozone-interface-client-1.4.0-SNAPSHOT.jar:/home/runner/.m2/repository/org/apache/ozone/hdds-test-utils/1.4.0-SNAPSHOT/hdds-test-utils-1.4.0-SNAPSHOT.jar:/home/runner/.m2/repository/com/google/guava/guava/31.1-jre/guava-31.1-jre.jar:/home/runner/.m2/repository/com/google/guava/failureaccess/1.0.1/failureaccess-1.0.1.jar:/home/runner/.m2/repository/com/google/guava/listenablefuture/9999.0-empty-to-avoid-conflict-with-guava/listenablefuture-9999.0-empty-to-avoid-conflict-with-guava.jar:/home/runner/.m2/repository/com/google/code/findbugs/jsr305/3.0.0/jsr305-3.0.0.jar:/home/runner/.m2/repository/org/checkerframework/checker-qual/3.12.0/checker-qual-3.12.0.jar:/home/runner/.m2/repository/com/google/j2objc/j2objc-annotations/1.3/j2objc-annotations-1.3.jar:/home/runner/.m2/repository/commons-io/commons-io/2.11.0/commons-io-2.11.0.jar:/home/runner/.m2/repository/commons-logging/commons-logging/1.2/commons-logging-1.2.jar:/home/runner/.m2/repository/ch/qos/reload4j/reload4j/1.2.22/reload4j-1.2.22.jar:/home/runner/.m2/repository/org/slf4j/slf4j-api/1.7.36/slf4j-api-1.7.36.jar:/home/runner/.m2/repository/org/apache/ozone/hdds-server-scm/1.4.0-SNAPSHOT/hdds-server-scm-1.4.0-SNAPSHOT.jar:/home/runner/.m2/repository/org/apache/ozone/hdds-container-service/1.4.0-SNAPSHOT/hdds-container-service-1.4.0-SNAPSHOT.jar:/home/runner/.m2/repository/org/apache/ozone/hdds-hadoop-dependency-server/1.4.0-SNAPSHOT/hdds-hadoop-dependency-server-1.4.0-SNAPSHOT.jar:/home/runner/.m2/repository/org/apache/hadoop/hadoop-hdfs/3.3.4/hadoop-hdfs-3.3.4.jar:/home/runner/.m2/repository/commons-daemon/commons-daemon/1.0.13/commons-daemon-1.0.13.jar:/home/runner/.m2/repository/org/apache/ozone/hdds-server-framework/1.4.0-SNAPSHOT/hdds-server-framework-1.4.0-SNAPSHOT.jar:/home/runner/.m2/repository/io/dropwizard/metrics/metrics-core/3.2.4/metrics-core-3.2.4.jar:/home/runner/.m2/repository/org/apache/commons/commons-text/1.4/commons-text-1.4.jar:/home/runner/.m2/repository/org/apache/hadoop/hadoop-hdfs-client/3.3.4/hadoop-hdfs-client-3.3.4.jar:/home/runner/.m2/repository/com/squareup/okhttp3/okhttp/4.9.3/okhttp-4.9.3.jar:/home/runner/.m2/repository/com/squareup/okio/okio/2.8.0/okio-2.8.0.jar:/home/runner/.m2/repository/org/jetbrains/kotlin/kotlin-stdlib-common/1.6.21/kotlin-stdlib-common-1.6.21.jar:/home/runner/.m2/repository/org/bouncycastle/bcprov-jdk15on/1.67/bcprov-jdk15on-1.67.jar:/home/runner/.m2/repository/com/google/protobuf/protobuf-java/2.5.0/protobuf-java-2.5.0.jar:/home/runner/.m2/repository/org/apache/ozone/hdds-server-framework/1.4.0-SNAPSHOT/hdds-server-framework-1.4.0-SNAPSHOT-tests.jar:/home/runner/.m2/repository/org/apache/ozone/hdds-interface-server/1.4.0-SNAPSHOT/hdds-interface-server-1.4.0-SNAPSHOT.jar:/home/runner/.m2/repository/org/apache/ozone/hdds-interface-admin/1.4.0-SNAPSHOT/hdds-interface-admin-1.4.0-SNAPSHOT.jar:/home/runner/.m2/repository/org/apache/ozone/hdds-managed-rocksdb/1.4.0-SNAPSHOT/hdds-managed-rocksdb-1.4.0-SNAPSHOT.jar:/home/runner/.m2/repository/org/rocksdb/rocksdbjni/7.7.3/rocksdbjni-7.7.3.jar:/home/runner/.m2/repository/org/slf4j/slf4j-reload4j/1.7.36/slf4j-reload4j-1.7.36.jar:/home/runner/.m2/repository/org/apache/commons/commons-configuration2/2.1.1/commons-configuration2-2.1.1.jar:/home/runner/.m2/repository/org/apache/logging/log4j/log4j-core/2.17.1/log4j-core-2.17.1.jar:/home/runner/.m2/repository/com/lmax/disruptor/3.4.2/disruptor-3.4.2.jar:/home/runner/.m2/repository/org/eclipse/jetty/jetty-util/9.4.49.v20220914/jetty-util-9.4.49.v20220914.jar:/home/runner/.m2/repository/org/eclipse/jetty/jetty-server/9.4.49.v20220914/jetty-server-9.4.49.v20220914.jar:/home/runner/.m2/repository/org/eclipse/jetty/jetty-http/9.4.49.v20220914/jetty-http-9.4.49.v20220914.jar:/home/runner/.m2/repository/org/eclipse/jetty/jetty-io/9.4.49.v20220914/jetty-io-9.4.49.v20220914.jar:/home/runner/.m2/repository/org/eclipse/jetty/jetty-servlet/9.4.49.v20220914/jetty-servlet-9.4.49.v20220914.jar:/home/runner/.m2/repository/org/eclipse/jetty/jetty-security/9.4.49.v20220914/jetty-security-9.4.49.v20220914.jar:/home/runner/.m2/repository/org/eclipse/jetty/jetty-util-ajax/9.4.49.v20220914/jetty-util-ajax-9.4.49.v20220914.jar:/home/runner/.m2/repository/org/eclipse/jetty/jetty-webapp/9.4.49.v20220914/jetty-webapp-9.4.49.v20220914.jar:/home/runner/.m2/repository/org/eclipse/jetty/jetty-xml/9.4.49.v20220914/jetty-xml-9.4.49.v20220914.jar:/home/runner/.m2/repository/org/apache/ratis/ratis-server/2.4.2-8b8bdda-SNAPSHOT/ratis-server-2.4.2-8b8bdda-SNAPSHOT.jar:/home/runner/.m2/repository/org/apache/ratis/ratis-thirdparty-misc/1.0.3/ratis-thirdparty-misc-1.0.3.jar:/home/runner/.m2/repository/org/apache/ratis/ratis-proto/2.4.2-8b8bdda-SNAPSHOT/ratis-proto-2.4.2-8b8bdda-SNAPSHOT.jar:/home/runner/.m2/repository/org/apache/ratis/ratis-common/2.4.2-8b8bdda-SNAPSHOT/ratis-common-2.4.2-8b8bdda-SNAPSHOT.jar:/home/runner/.m2/repository/org/apache/ratis/ratis-client/2.4.2-8b8bdda-SNAPSHOT/ratis-client-2.4.2-8b8bdda-SNAPSHOT.jar:/home/runner/.m2/repository/org/apache/ratis/ratis-server-api/2.4.2-8b8bdda-SNAPSHOT/ratis-server-api-2.4.2-8b8bdda-SNAPSHOT.jar:/home/runner/.m2/repository/org/apache/ratis/ratis-metrics/2.4.2-8b8bdda-SNAPSHOT/ratis-metrics-2.4.2-8b8bdda-SNAPSHOT.jar:/home/runner/.m2/repository/io/prometheus/simpleclient_dropwizard/0.7.0/simpleclient_dropwizard-0.7.0.jar:/home/runner/.m2/repository/io/prometheus/simpleclient/0.7.0/simpleclient-0.7.0.jar:/home/runner/.m2/repository/io/prometheus/simpleclient_common/0.7.0/simpleclient_common-0.7.0.jar:/home/runner/.m2/repository/com/fasterxml/jackson/datatype/jackson-datatype-jsr310/2.13.4/jackson-datatype-jsr310-2.13.4.jar:/home/runner/.m2/repository/com/fasterxml/jackson/core/jackson-core/2.13.4/jackson-core-2.13.4.jar:/home/runner/.m2/repository/com/github/spotbugs/spotbugs-annotations/3.1.12/spotbugs-annotations-3.1.12.jar:/home/runner/.m2/repository/org/apache/ozone/rocksdb-checkpoint-differ/1.4.0-SNAPSHOT/rocksdb-checkpoint-differ-1.4.0-SNAPSHOT.jar:/home/runner/.m2/repository/org/awaitility/awaitility/4.2.0/awaitility-4.2.0.jar:/home/runner/.m2/repository/org/hamcrest/hamcrest/2.1/hamcrest-2.1.jar:/home/runner/.m2/repository/org/apache/ozone/ozone-manager/1.4.0-SNAPSHOT/ozone-manager-1.4.0-SNAPSHOT.jar:/home/runner/.m2/repository/org/aspectj/aspectjrt/1.9.7/aspectjrt-1.9.7.jar:/home/runner/.m2/repository/org/aspectj/aspectjweaver/1.9.7/aspectjweaver-1.9.7.jar:/home/runner/.m2/repository/org/apache/ozone/hdds-interface-client/1.4.0-SNAPSHOT/hdds-interface-client-1.4.0-SNAPSHOT.jar:/home/runner/.m2/repository/org/apache/hadoop/thirdparty/hadoop-shaded-protobuf_3_7/1.1.1/hadoop-shaded-protobuf_3_7-1.1.1.jar:/home/runner/.m2/repository/org/apache/ozone/ozone-interface-storage/1.4.0-SNAPSHOT/ozone-interface-storage-1.4.0-SNAPSHOT.jar:/home/runner/.m2/repository/org/reflections/reflections/0.9.11/reflections-0.9.11.jar:/home/runner/.m2/repository/com/sun/jersey/jersey-client/1.19/jersey-client-1.19.jar:/home/runner/.m2/repository/org/apache/ranger/ranger-intg/2.3.0/ranger-intg-2.3.0.jar:/home/runner/.m2/repository/org/apache/ranger/ranger-plugins-common/2.3.0/ranger-plugins-common-2.3.0.jar:/home/runner/.m2/repository/commons-lang/commons-lang/2.6/commons-lang-2.6.jar:/home/runner/.m2/repository/org/apache/ranger/ranger-plugins-cred/2.3.0/ranger-plugins-cred-2.3.0.jar:/home/runner/.m2/repository/org/apache/ranger/ranger-plugins-audit/2.3.0/ranger-plugins-audit-2.3.0.jar:/home/runner/.m2/repository/org/eclipse/jetty/jetty-client/9.4.49.v20220914/jetty-client-9.4.49.v20220914.jar:/home/runner/.m2/repository/org/apache/httpcomponents/httpmime/4.5.6/httpmime-4.5.6.jar:/home/runner/.m2/repository/org/apache/httpcomponents/httpcore-nio/4.4.13/httpcore-nio-4.4.13.jar:/home/runner/.m2/repository/org/apache/httpcomponents/httpasyncclient/4.1.3/httpasyncclient-4.1.3.jar:/home/runner/.m2/repository/com/carrotsearch/hppc/0.8.0/hppc-0.8.0.jar:/home/runner/.m2/repository/org/apache/orc/orc-core/1.5.8/orc-core-1.5.8.jar:/home/runner/.m2/repository/net/java/dev/jna/jna/5.2.0/jna-5.2.0.jar:/home/runner/.m2/repository/net/java/dev/jna/jna-platform/5.2.0/jna-platform-5.2.0.jar:/home/runner/.m2/repository/com/kstruct/gethostname4j/0.0.2/gethostname4j-0.0.2.jar:/home/runner/.m2/repository/org/apache/ranger/ranger-plugin-classloader/2.3.0/ranger-plugin-classloader-2.3.0.jar:/home/runner/.m2/repository/org/apache/hadoop/hadoop-minikdc/3.3.4/hadoop-minikdc-3.3.4.jar:/home/runner/.m2/repository/org/apache/kerby/kerb-simplekdc/1.0.1/kerb-simplekdc-1.0.1.jar:/home/runner/.m2/repository/org/apache/kerby/kerb-client/1.0.1/kerb-client-1.0.1.jar:/home/runner/.m2/repository/org/apache/kerby/kerby-config/1.0.1/kerby-config-1.0.1.jar:/home/runner/.m2/repository/org/apache/kerby/kerb-common/1.0.1/kerb-common-1.0.1.jar:/home/runner/.m2/repository/org/apache/kerby/kerb-crypto/1.0.1/kerb-crypto-1.0.1.jar:/home/runner/.m2/repository/org/apache/kerby/kerb-util/1.0.1/kerb-util-1.0.1.jar:/home/runner/.m2/repository/org/apache/kerby/token-provider/1.0.1/token-provider-1.0.1.jar:/home/runner/.m2/repository/org/apache/kerby/kerb-admin/1.0.1/kerb-admin-1.0.1.jar:/home/runner/.m2/repository/org/apache/kerby/kerb-server/1.0.1/kerb-server-1.0.1.jar:/home/runner/.m2/repository/org/apache/kerby/kerb-identity/1.0.1/kerb-identity-1.0.1.jar:/home/runner/.m2/repository/org/apache/kerby/kerby-xdr/1.0.1/kerby-xdr-1.0.1.jar:/home/runner/.m2/repository/org/apache/ozone/ozone-s3gateway/1.4.0-SNAPSHOT/ozone-s3gateway-1.4.0-SNAPSHOT.jar:/home/runner/.m2/repository/org/javassist/javassist/3.21.0-GA/javassist-3.21.0-GA.jar:/home/runner/.m2/repository/org/jboss/weld/servlet/weld-servlet-shaded/3.1.9.Final/weld-servlet-shaded-3.1.9.Final.jar:/home/runner/.m2/repository/org/glassfish/jersey/containers/jersey-container-servlet-core/2.34/jersey-container-servlet-core-2.34.jar:/home/runner/.m2/repository/org/glassfish/hk2/external/jakarta.inject/2.6.1/jakarta.inject-2.6.1.jar:/home/runner/.m2/repository/org/glassfish/jersey/core/jersey-common/2.34/jersey-common-2.34.jar:/home/runner/.m2/repository/jakarta/ws/rs/jakarta.ws.rs-api/2.1.6/jakarta.ws.rs-api-2.1.6.jar:/home/runner/.m2/repository/org/glassfish/jersey/ext/cdi/jersey-cdi1x/2.34/jersey-cdi1x-2.34.jar:/home/runner/.m2/repository/org/glassfish/jersey/inject/jersey-hk2/2.34/jersey-hk2-2.34.jar:/home/runner/.m2/repository/org/glassfish/hk2/hk2-locator/2.6.1/hk2-locator-2.6.1.jar:/home/runner/.m2/repository/org/glassfish/jersey/media/jersey-media-jaxb/2.34/jersey-media-jaxb-2.34.jar:/home/runner/.m2/repository/org/glassfish/hk2/osgi-resource-locator/1.0.3/osgi-resource-locator-1.0.3.jar:/home/runner/.m2/repository/org/glassfish/hk2/hk2-api/2.5.0/hk2-api-2.5.0.jar:/home/runner/.m2/repository/org/glassfish/hk2/hk2-utils/2.5.0/hk2-utils-2.5.0.jar:/home/runner/.m2/repository/org/glassfish/hk2/external/aopalliance-repackaged/2.5.0/aopalliance-repackaged-2.5.0.jar:/home/runner/.m2/repository/com/fasterxml/jackson/dataformat/jackson-dataformat-xml/2.13.4/jackson-dataformat-xml-2.13.4.jar:/home/runner/.m2/repository/org/codehaus/woodstox/stax2-api/4.2.1/stax2-api-4.2.1.jar:/home/runner/.m2/repository/com/fasterxml/woodstox/woodstox-core/5.4.0/woodstox-core-5.4.0.jar:/home/runner/.m2/repository/com/fasterxml/jackson/module/jackson-module-jaxb-annotations/2.13.4/jackson-module-jaxb-annotations-2.13.4.jar:/home/runner/.m2/repository/jakarta/xml/bind/jakarta.xml.bind-api/2.3.3/jakarta.xml.bind-api-2.3.3.jar:/home/runner/.m2/repository/jakarta/activation/jakarta.activation-api/1.2.2/jakarta.activation-api-1.2.2.jar:/home/runner/.m2/repository/javax/enterprise/cdi-api/2.0/cdi-api-2.0.jar:/home/runner/.m2/repository/javax/el/javax.el-api/3.0.0/javax.el-api-3.0.0.jar:/home/runner/.m2/repository/javax/interceptor/javax.interceptor-api/1.2/javax.interceptor-api-1.2.jar:/home/runner/.m2/repository/javax/inject/javax.inject/1/javax.inject-1.jar:/home/runner/.m2/repository/javax/xml/bind/jaxb-api/2.3.0/jaxb-api-2.3.0.jar:/home/runner/.m2/repository/org/glassfish/jaxb/jaxb-runtime/2.3.0.1/jaxb-runtime-2.3.0.1.jar:/home/runner/.m2/repository/org/glassfish/jaxb/jaxb-core/2.3.0.1/jaxb-core-2.3.0.1.jar:/home/runner/.m2/repository/org/glassfish/jaxb/txw2/2.3.0.1/txw2-2.3.0.1.jar:/home/runner/.m2/repository/com/sun/istack/istack-commons-runtime/3.0.5/istack-commons-runtime-3.0.5.jar:/home/runner/.m2/repository/org/jvnet/staxex/stax-ex/1.7.8/stax-ex-1.7.8.jar:/home/runner/.m2/repository/com/sun/xml/fastinfoset/FastInfoset/1.2.13/FastInfoset-1.2.13.jar:/home/runner/.m2/repository/javax/activation/activation/1.1.1/activation-1.1.1.jar:/home/runner/.m2/repository/io/grpc/grpc-protobuf/1.51.1/grpc-protobuf-1.51.1.jar:/home/runner/.m2/repository/io/grpc/grpc-api/1.51.1/grpc-api-1.51.1.jar:/home/runner/.m2/repository/io/grpc/grpc-context/1.51.1/grpc-context-1.51.1.jar:/home/runner/.m2/repository/com/google/api/grpc/proto-google-common-protos/2.9.0/proto-google-common-protos-2.9.0.jar:/home/runner/.m2/repository/io/grpc/grpc-protobuf-lite/1.51.1/grpc-protobuf-lite-1.51.1.jar:/home/runner/.m2/repository/io/grpc/grpc-stub/1.51.1/grpc-stub-1.51.1.jar:/home/runner/.m2/repository/io/netty/netty-transport/4.1.86.Final/netty-transport-4.1.86.Final.jar:/home/runner/.m2/repository/io/netty/netty-resolver/4.1.86.Final/netty-resolver-4.1.86.Final.jar:/home/runner/.m2/repository/org/apache/ozone/ozone-csi/1.4.0-SNAPSHOT/ozone-csi-1.4.0-SNAPSHOT.jar:/home/runner/.m2/repository/com/google/protobuf/protobuf-java-util/3.19.6/protobuf-java-util-3.19.6.jar:/home/runner/.m2/repository/com/google/code/gson/gson/2.9.0/gson-2.9.0.jar:/home/runner/.m2/repository/org/apache/ozone/hdds-config/1.4.0-SNAPSHOT/hdds-config-1.4.0-SNAPSHOT.jar:/home/runner/.m2/repository/io/netty/netty-transport-native-epoll/4.1.86.Final/netty-transport-native-epoll-4.1.86.Final-linux-x86_64.jar:/home/runner/.m2/repository/io/netty/netty-transport-classes-epoll/4.1.86.Final/netty-transport-classes-epoll-4.1.86.Final.jar:/home/runner/.m2/repository/io/netty/netty-transport-native-unix-common/4.1.86.Final/netty-transport-native-unix-common-4.1.86.Final.jar:/home/runner/.m2/repository/org/apache/ozone/ozone-recon/1.4.0-SNAPSHOT/ozone-recon-1.4.0-SNAPSHOT.jar:/home/runner/.m2/repository/org/apache/ozone/ozone-reconcodegen/1.4.0-SNAPSHOT/ozone-reconcodegen-1.4.0-SNAPSHOT.jar:/home/runner/.m2/repository/com/google/inject/extensions/guice-multibindings/4.0/guice-multibindings-4.0.jar:/home/runner/.m2/repository/com/google/inject/guice/4.0/guice-4.0.jar:/home/runner/.m2/repository/aopalliance/aopalliance/1.0/aopalliance-1.0.jar:/home/runner/.m2/repository/com/google/inject/extensions/guice-assistedinject/4.0/guice-assistedinject-4.0.jar:/home/runner/.m2/repository/com/google/inject/extensions/guice-servlet/4.0/guice-servlet-4.0.jar:/home/runner/.m2/repository/org/glassfish/jersey/containers/jersey-container-servlet/2.34/jersey-container-servlet-2.34.jar:/home/runner/.m2/repository/org/glassfish/hk2/guice-bridge/2.5.0/guice-bridge-2.5.0.jar:/home/runner/.m2/repository/org/glassfish/jersey/core/jersey-server/2.34/jersey-server-2.34.jar:/home/runner/.m2/repository/org/glassfish/jersey/core/jersey-client/2.34/jersey-client-2.34.jar:/home/runner/.m2/repository/jakarta/annotation/jakarta.annotation-api/1.3.5/jakarta.annotation-api-1.3.5.jar:/home/runner/.m2/repository/jakarta/validation/jakarta.validation-api/2.0.2/jakarta.validation-api-2.0.2.jar:/home/runner/.m2/repository/org/glassfish/jersey/media/jersey-media-json-jackson/2.34/jersey-media-json-jackson-2.34.jar:/home/runner/.m2/repository/org/glassfish/jersey/ext/jersey-entity-filtering/2.34/jersey-entity-filtering-2.34.jar:/home/runner/.m2/repository/org/jooq/jooq/3.11.10/jooq-3.11.10.jar:/home/runner/.m2/repository/org/jooq/jooq-meta/3.11.10/jooq-meta-3.11.10.jar:/home/runner/.m2/repository/org/jooq/jooq-codegen/3.11.10/jooq-codegen-3.11.10.jar:/home/runner/.m2/repository/com/jolbox/bonecp/0.8.0.RELEASE/bonecp-0.8.0.RELEASE.jar:/home/runner/.m2/repository/org/apache/derby/derby/10.14.2.0/derby-10.14.2.0.jar:/home/runner/.m2/repository/org/xerial/sqlite-jdbc/3.25.2/sqlite-jdbc-3.25.2.jar:/home/runner/.m2/repository/org/springframework/spring-jdbc/5.3.23/spring-jdbc-5.3.23.jar:/home/runner/.m2/repository/org/springframework/spring-beans/5.3.23/spring-beans-5.3.23.jar:/home/runner/.m2/repository/org/springframework/spring-core/5.3.23/spring-core-5.3.23.jar:/home/runner/.m2/repository/org/springframework/spring-jcl/5.3.23/spring-jcl-5.3.23.jar:/home/runner/.m2/repository/org/springframework/spring-tx/5.3.23/spring-tx-5.3.23.jar:/home/runner/.m2/repository/org/apache/ozone/ozone-client/1.4.0-SNAPSHOT/ozone-client-1.4.0-SNAPSHOT.jar:/home/runner/.m2/repository/org/apache/ozone/hdds-erasurecode/1.4.0-SNAPSHOT/hdds-erasurecode-1.4.0-SNAPSHOT.jar:/home/runner/.m2/repository/org/apache/ozone/ozone-filesystem/1.4.0-SNAPSHOT/ozone-filesystem-1.4.0-SNAPSHOT.jar:/home/runner/.m2/repository/org/apache/ozone/ozone-filesystem-common/1.4.0-SNAPSHOT/ozone-filesystem-common-1.4.0-SNAPSHOT.jar:/home/runner/.m2/repository/org/apache/ozone/ozone-tools/1.4.0-SNAPSHOT/ozone-tools-1.4.0-SNAPSHOT.jar:/home/runner/.m2/repository/com/amazonaws/aws-java-sdk-core/1.12.261/aws-java-sdk-core-1.12.261.jar:/home/runner/.m2/repository/org/apache/httpcomponents/httpclient/4.5.13/httpclient-4.5.13.jar:/home/runner/.m2/repository/org/apache/httpcomponents/httpcore/4.4.13/httpcore-4.4.13.jar:/home/runner/.m2/repository/software/amazon/ion/ion-java/1.0.2/ion-java-1.0.2.jar:/home/runner/.m2/repository/com/fasterxml/jackson/dataformat/jackson-dataformat-cbor/2.13.4/jackson-dataformat-cbor-2.13.4.jar:/home/runner/.m2/repository/joda-time/joda-time/2.10.6/joda-time-2.10.6.jar:/home/runner/.m2/repository/com/amazonaws/aws-java-sdk-s3/1.12.261/aws-java-sdk-s3-1.12.261.jar:/home/runner/.m2/repository/com/amazonaws/aws-java-sdk-kms/1.12.261/aws-java-sdk-kms-1.12.261.jar:/home/runner/.m2/repository/com/amazonaws/jmespath-java/1.12.261/jmespath-java-1.12.261.jar:/home/runner/.m2/repository/org/kohsuke/metainf-services/metainf-services/1.8/metainf-services-1.8.jar:/home/runner/.m2/repository/org/apache/ozone/hdds-tools/1.4.0-SNAPSHOT/hdds-tools-1.4.0-SNAPSHOT.jar:/home/runner/.m2/repository/org/apache/ratis/ratis-tools/2.4.2-8b8bdda-SNAPSHOT/ratis-tools-2.4.2-8b8bdda-SNAPSHOT.jar:/home/runner/.m2/repository/commons-cli/commons-cli/1.2/commons-cli-1.2.jar:/home/runner/.m2/repository/org/apache/commons/commons-lang3/3.7/commons-lang3-3.7.jar:/home/runner/.m2/repository/org/apache/ozone/ozone-manager/1.4.0-SNAPSHOT/ozone-manager-1.4.0-SNAPSHOT-tests.jar:/home/runner/.m2/repository/org/apache/ozone/hdds-common/1.4.0-SNAPSHOT/hdds-common-1.4.0-SNAPSHOT-tests.jar:/home/runner/.m2/repository/org/apache/ozone/hdds-hadoop-dependency-client/1.4.0-SNAPSHOT/hdds-hadoop-dependency-client-1.4.0-SNAPSHOT.jar:/home/runner/.m2/repository/info/picocli/picocli/4.6.1/picocli-4.6.1.jar:/home/runner/.m2/repository/com/fasterxml/jackson/core/jackson-annotations/2.13.4/jackson-annotations-2.13.4.jar:/home/runner/.m2/repository/org/apache/ozone/hdds-annotation-processing/1.4.0-SNAPSHOT/hdds-annotation-processing-1.4.0-SNAPSHOT.jar:/home/runner/.m2/repository/javax/annotation/javax.annotation-api/1.2/javax.annotation-api-1.2.jar:/home/runner/.m2/repository/org/apache/ratis/ratis-netty/2.4.2-8b8bdda-SNAPSHOT/ratis-netty-2.4.2-8b8bdda-SNAPSHOT.jar:/home/runner/.m2/repository/org/apache/ratis/ratis-grpc/2.4.2-8b8bdda-SNAPSHOT/ratis-grpc-2.4.2-8b8bdda-SNAPSHOT.jar:/home/runner/.m2/repository/org/apache/logging/log4j/log4j-api/2.17.1/log4j-api-2.17.1.jar:/home/runner/.m2/repository/org/apache/commons/commons-pool2/2.6.0/commons-pool2-2.6.0.jar:/home/runner/.m2/repository/org/bouncycastle/bcpkix-jdk15on/1.67/bcpkix-jdk15on-1.67.jar:/home/runner/.m2/repository/commons-validator/commons-validator/1.6/commons-validator-1.6.jar:/home/runner/.m2/repository/commons-beanutils/commons-beanutils/1.9.4/commons-beanutils-1.9.4.jar:/home/runner/.m2/repository/commons-digester/commons-digester/1.8.1/commons-digester-1.8.1.jar:/home/runner/.m2/repository/commons-collections/commons-collections/3.2.2/commons-collections-3.2.2.jar:/home/runner/.m2/repository/io/jaegertracing/jaeger-client/1.6.0/jaeger-client-1.6.0.jar:/home/runner/.m2/repository/io/jaegertracing/jaeger-thrift/1.6.0/jaeger-thrift-1.6.0.jar:/home/runner/.m2/repository/org/apache/thrift/libthrift/0.14.1/libthrift-0.14.1.jar:/home/runner/.m2/repository/io/jaegertracing/jaeger-core/1.6.0/jaeger-core-1.6.0.jar:/home/runner/.m2/repository/io/jaegertracing/jaeger-tracerresolver/1.6.0/jaeger-tracerresolver-1.6.0.jar:/home/runner/.m2/repository/io/opentracing/contrib/opentracing-tracerresolver/0.1.8/opentracing-tracerresolver-0.1.8.jar:/home/runner/.m2/repository/org/jetbrains/kotlin/kotlin-stdlib/1.6.21/kotlin-stdlib-1.6.21.jar:/home/runner/.m2/repository/org/jetbrains/annotations/13.0/annotations-13.0.jar:/home/runner/.m2/repository/io/opentracing/opentracing-util/0.33.0/opentracing-util-0.33.0.jar:/home/runner/.m2/repository/io/opentracing/opentracing-api/0.33.0/opentracing-api-0.33.0.jar:/home/runner/.m2/repository/io/opentracing/opentracing-noop/0.33.0/opentracing-noop-0.33.0.jar:/home/runner/.m2/repository/org/yaml/snakeyaml/2.0/snakeyaml-2.0.jar:/home/runner/.m2/repository/junit/junit/4.13.1/junit-4.13.1.jar:/home/runner/.m2/repository/org/hamcrest/hamcrest-core/1.3/hamcrest-core-1.3.jar:/home/runner/.m2/repository/org/junit/jupiter/junit-jupiter-api/5.8.2/junit-jupiter-api-5.8.2.jar:/home/runner/.m2/repository/org/opentest4j/opentest4j/1.2.0/opentest4j-1.2.0.jar:/home/runner/.m2/repository/org/junit/platform/junit-platform-commons/1.8.2/junit-platform-commons-1.8.2.jar:/home/runner/.m2/repository/org/apiguardian/apiguardian-api/1.1.2/apiguardian-api-1.1.2.jar:/home/runner/.m2/repository/org/junit/jupiter/junit-jupiter-params/5.8.2/junit-jupiter-params-5.8.2.jar:/home/runner/.m2/repository/org/junit/jupiter/junit-jupiter-migrationsupport/5.8.2/junit-jupiter-migrationsupport-5.8.2.jar:/home/runner/.m2/repository/org/junit/jupiter/junit-jupiter-engine/5.8.2/junit-jupiter-engine-5.8.2.jar:/home/runner/.m2/repository/org/junit/platform/junit-platform-engine/1.8.2/junit-platform-engine-1.8.2.jar:/home/runner/.m2/repository/org/junit/vintage/junit-vintage-engine/5.8.2/junit-vintage-engine-5.8.2.jar:/home/runner/.m2/repository/org/junit/platform/junit-platform-launcher/1.8.2/junit-platform-launcher-1.8.2.jar:/home/runner/.m2/repository/org/mockito/mockito-core/2.28.2/mockito-core-2.28.2.jar:/home/runner/.m2/repository/net/bytebuddy/byte-buddy/1.9.10/byte-buddy-1.9.10.jar:/home/runner/.m2/repository/net/bytebuddy/byte-buddy-agent/1.9.10/byte-buddy-agent-1.9.10.jar:/home/runner/.m2/repository/org/objenesis/objenesis/1.0/objenesis-1.0.jar:/home/runner/.m2/repository/org/apache/hadoop/hadoop-kms/3.3.4/hadoop-kms-3.3.4.jar:/home/runner/.m2/repository/org/apache/hadoop/hadoop-auth/3.3.4/hadoop-auth-3.3.4.jar:/home/runner/.m2/repository/com/nimbusds/nimbus-jose-jwt/9.8.1/nimbus-jose-jwt-9.8.1.jar:/home/runner/.m2/repository/com/github/stephenc/jcip/jcip-annotations/1.0-1/jcip-annotations-1.0-1.jar:/home/runner/.m2/repository/net/minidev/json-smart/2.4.7/json-smart-2.4.7.jar:/home/runner/.m2/repository/net/minidev/accessors-smart/2.4.7/accessors-smart-2.4.7.jar:/home/runner/.m2/repository/org/ow2/asm/asm/5.0.4/asm-5.0.4.jar:/home/runner/.m2/repository/org/apache/zookeeper/zookeeper/3.5.6/zookeeper-3.5.6.jar:/home/runner/.m2/repository/org/apache/zookeeper/zookeeper-jute/3.5.6/zookeeper-jute-3.5.6.jar:/home/runner/.m2/repository/org/apache/yetus/audience-annotations/0.5.0/audience-annotations-0.5.0.jar:/home/runner/.m2/repository/org/apache/curator/curator-framework/4.2.0/curator-framework-4.2.0.jar:/home/runner/.m2/repository/org/apache/hadoop/thirdparty/hadoop-shaded-guava/1.1.1/hadoop-shaded-guava-1.1.1.jar:/home/runner/.m2/repository/com/sun/jersey/jersey-core/1.19/jersey-core-1.19.jar:/home/runner/.m2/repository/javax/ws/rs/jsr311-api/1.1.1/jsr311-api-1.1.1.jar:/home/runner/.m2/repository/com/sun/jersey/jersey-server/1.19/jersey-server-1.19.jar:/home/runner/.m2/repository/javax/servlet/javax.servlet-api/3.1.0/javax.servlet-api-3.1.0.jar:/home/runner/.m2/repository/org/apache/hadoop/hadoop-common/3.3.4/hadoop-common-3.3.4.jar:/home/runner/.m2/repository/org/apache/commons/commons-math3/3.1.1/commons-math3-3.1.1.jar:/home/runner/.m2/repository/commons-net/commons-net/3.9.0/commons-net-3.9.0.jar:/home/runner/.m2/repository/com/sun/jersey/jersey-servlet/1.19/jersey-servlet-1.19.jar:/home/runner/.m2/repository/com/sun/jersey/jersey-json/1.19/jersey-json-1.19.jar:/home/runner/.m2/repository/org/codehaus/jettison/jettison/1.1/jettison-1.1.jar:/home/runner/.m2/repository/com/sun/xml/bind/jaxb-impl/2.2.3-1/jaxb-impl-2.2.3-1.jar:/home/runner/.m2/repository/org/codehaus/jackson/jackson-jaxrs/1.9.2/jackson-jaxrs-1.9.2.jar:/home/runner/.m2/repository/org/codehaus/jackson/jackson-xc/1.9.2/jackson-xc-1.9.2.jar:/home/runner/.m2/repository/com/google/re2j/re2j/1.1/re2j-1.1.jar:/home/runner/.m2/repository/com/jcraft/jsch/0.1.54/jsch-0.1.54.jar:/home/runner/.m2/repository/org/apache/curator/curator-client/4.2.0/curator-client-4.2.0.jar:/home/runner/.m2/repository/org/apache/curator/curator-recipes/4.2.0/curator-recipes-4.2.0.jar:/home/runner/.m2/repository/org/apache/kerby/kerb-core/1.0.1/kerb-core-1.0.1.jar:/home/runner/.m2/repository/org/apache/kerby/kerby-pkix/1.0.1/kerby-pkix-1.0.1.jar:/home/runner/.m2/repository/org/apache/kerby/kerby-asn1/1.0.1/kerby-asn1-1.0.1.jar:/home/runner/.m2/repository/org/apache/kerby/kerby-util/1.0.1/kerby-util-1.0.1.jar:/home/runner/.m2/repository/dnsjava/dnsjava/2.1.7/dnsjava-2.1.7.jar:/home/runner/.m2/repository/org/xerial/snappy/snappy-java/1.1.8.2/snappy-java-1.1.8.2.jar:/home/runner/.m2/repository/com/fasterxml/jackson/core/jackson-databind/2.13.4.2/jackson-databind-2.13.4.2.jar:/home/runner/.m2/repository/org/apache/hadoop/hadoop-kms/3.3.4/hadoop-kms-3.3.4-tests.jar:/home/runner/.m2/repository/org/apache/ozone/hdds-server-scm/1.4.0-SNAPSHOT/hdds-server-scm-1.4.0-SNAPSHOT-tests.jar:/home/runner/.m2/repository/org/apache/ozone/hdds-container-service/1.4.0-SNAPSHOT/hdds-container-service-1.4.0-SNAPSHOT-tests.jar:/home/runner/.m2/repository/com/github/luben/zstd-jni/1.5.2-5/zstd-jni-1.5.2-5.jar:/home/runner/.m2/repository/commons-codec/commons-codec/1.15/commons-codec-1.15.jar:/home/runner/.m2/repository/io/netty/netty-codec/4.1.86.Final/netty-codec-4.1.86.Final.jar:/home/runner/.m2/repository/io/netty/netty-handler/4.1.86.Final/netty-handler-4.1.86.Final.jar:/home/runner/.m2/repository/org/apache/ozone/hdds-hadoop-dependency-test/1.4.0-SNAPSHOT/hdds-hadoop-dependency-test-1.4.0-SNAPSHOT.jar:/home/runner/.m2/repository/org/apache/hadoop/hadoop-common/3.3.4/hadoop-common-3.3.4-tests.jar:/home/runner/.m2/repository/org/apache/hadoop/hadoop-hdfs/3.3.4/hadoop-hdfs-3.3.4-tests.jar:/home/runner/.m2/repository/org/assertj/assertj-core/3.12.2/assertj-core-3.12.2.jar:/home/runner/.m2/repository/org/apache/hadoop/hadoop-distcp/3.3.4/hadoop-distcp-3.3.4.jar:/home/runner/.m2/repository/org/apache/hadoop/hadoop-mapreduce-client-jobclient/3.3.4/hadoop-mapreduce-client-jobclient-3.3.4.jar:/home/runner/.m2/repository/org/apache/hadoop/hadoop-mapreduce-client-common/3.3.4/hadoop-mapreduce-client-common-3.3.4.jar:/home/runner/.m2/repository/org/apache/hadoop/hadoop-yarn-common/3.3.4/hadoop-yarn-common-3.3.4.jar:/home/runner/.m2/repository/org/apache/hadoop/hadoop-yarn-api/3.3.4/hadoop-yarn-api-3.3.4.jar:/home/runner/.m2/repository/com/sun/jersey/contribs/jersey-guice/1.19/jersey-guice-1.19.jar:/home/runner/.m2/repository/com/fasterxml/jackson/jaxrs/jackson-jaxrs-json-provider/2.13.4/jackson-jaxrs-json-provider-2.13.4.jar:/home/runner/.m2/repository/com/fasterxml/jackson/jaxrs/jackson-jaxrs-base/2.13.4/jackson-jaxrs-base-2.13.4.jar:/home/runner/.m2/repository/org/apache/hadoop/hadoop-yarn-client/3.3.4/hadoop-yarn-client-3.3.4.jar:/home/runner/.m2/repository/org/eclipse/jetty/websocket/websocket-client/9.4.43.v20210629/websocket-client-9.4.43.v20210629.jar:/home/runner/.m2/repository/org/eclipse/jetty/websocket/websocket-common/9.4.43.v20210629/websocket-common-9.4.43.v20210629.jar:/home/runner/.m2/repository/org/eclipse/jetty/websocket/websocket-api/9.4.43.v20210629/websocket-api-9.4.43.v20210629.jar:/home/runner/.m2/repository/org/jline/jline/3.9.0/jline-3.9.0.jar:/home/runner/.m2/repository/org/apache/hadoop/hadoop-mapreduce-client-core/3.3.4/hadoop-mapreduce-client-core-3.3.4.jar:/home/runner/.m2/repository/org/apache/avro/avro/1.7.7/avro-1.7.7.jar:/home/runner/.m2/repository/org/codehaus/jackson/jackson-core-asl/1.9.13/jackson-core-asl-1.9.13.jar:/home/runner/.m2/repository/org/codehaus/jackson/jackson-mapper-asl/1.9.13/jackson-mapper-asl-1.9.13.jar:/home/runner/.m2/repository/com/thoughtworks/paranamer/paranamer/2.3/paranamer-2.3.jar:/home/runner/.m2/repository/org/apache/hadoop/hadoop-annotations/3.3.4/hadoop-annotations-3.3.4.jar:/usr/lib/jvm/temurin-8-jdk-amd64/jre/../lib/tools.jar:/home/runner/.m2/repository/io/netty/netty/3.10.6.Final/netty-3.10.6.Final.jar:/home/runner/.m2/repository/org/apache/hadoop/hadoop-distcp/3.3.4/hadoop-distcp-3.3.4-tests.jar:/home/runner/.m2/repository/org/slf4j/jul-to-slf4j/1.7.36/jul-to-slf4j-1.7.36.jar:"/>
    <property name="sun.cpu.endian" value="little"/>
    <property name="user.home" value="/home/runner"/>
    <property name="user.language" value="en"/>
    <property name="java.specification.vendor" value="Oracle Corporation"/>
    <property name="java.home" value="/usr/lib/jvm/temurin-8-jdk-amd64/jre"/>
    <property name="java.security.krb5.conf" value="/home/runner/work/ozone/ozone/hadoop-ozone/integration-test/target/test-classes/krb5.conf"/>
    <property name="basedir" value="/home/runner/work/ozone/ozone/hadoop-ozone/integration-test"/>
    <property name="file.separator" value="/"/>
    <property name="line.separator" value="&#10;"/>
    <property name="java.vm.specification.vendor" value="Oracle Corporation"/>
    <property name="java.specification.name" value="Java Platform API Specification"/>
    <property name="java.awt.graphicsenv" value="sun.awt.X11GraphicsEnvironment"/>
    <property name="skip.installnpx" value="true"/>
    <property name="surefire.real.class.path" value="/home/runner/work/ozone/ozone/hadoop-ozone/integration-test/target/surefire/surefirebooter2625701234033724597.jar:/home/runner/.m2/repository/org/jacoco/org.jacoco.agent/0.8.5/org.jacoco.agent-0.8.5-runtime.jar"/>
    <property name="hadoop.log.dir" value="/home/runner/work/ozone/ozone/hadoop-ozone/integration-test/target/log"/>
    <property name="sun.boot.class.path" value="/usr/lib/jvm/temurin-8-jdk-amd64/jre/lib/resources.jar:/usr/lib/jvm/temurin-8-jdk-amd64/jre/lib/rt.jar:/usr/lib/jvm/temurin-8-jdk-amd64/jre/lib/sunrsasign.jar:/usr/lib/jvm/temurin-8-jdk-amd64/jre/lib/jsse.jar:/usr/lib/jvm/temurin-8-jdk-amd64/jre/lib/jce.jar:/usr/lib/jvm/temurin-8-jdk-amd64/jre/lib/charsets.jar:/usr/lib/jvm/temurin-8-jdk-amd64/jre/lib/jfr.jar:/usr/lib/jvm/temurin-8-jdk-amd64/jre/classes"/>
    <property name="sun.management.compiler" value="HotSpot 64-Bit Tiered Compilers"/>
    <property name="skip.npx" value="true"/>
    <property name="java.runtime.version" value="1.8.0_362-b09"/>
    <property name="java.net.preferIPv4Stack" value="true"/>
    <property name="user.name" value="runner"/>
    <property name="path.separator" value=":"/>
    <property name="java.security.egd" value="file:///dev/urandom"/>
    <property name="os.version" value="5.15.0-1034-azure"/>
    <property name="java.endorsed.dirs" value="/usr/lib/jvm/temurin-8-jdk-amd64/jre/lib/endorsed"/>
    <property name="java.runtime.name" value="OpenJDK Runtime Environment"/>
    <property name="file.encoding" value="UTF-8"/>
    <property name="java.vm.name" value="OpenJDK 64-Bit Server VM"/>
    <property name="test.build.webapps" value=""/>
    <property name="localRepository" value="/home/runner/.m2/repository"/>
    <property name="jetty.git.hash" value="4231a3b2e4cb8548a412a789936d640a97b1aa0a"/>
    <property name="java.vendor.url.bug" value="https://github.com/adoptium/adoptium-support/issues"/>
    <property name="java.io.tmpdir" value="/tmp"/>
    <property name="require.test.libhadoop" value=""/>
    <property name="java.version" value="1.8.0_362"/>
    <property name="user.dir" value="/home/runner/work/ozone/ozone/hadoop-ozone/integration-test"/>
    <property name="os.arch" value="amd64"/>
    <property name="java.vm.specification.name" value="Java Virtual Machine Specification"/>
    <property name="test.build.classes" value="/home/runner/work/ozone/ozone/hadoop-ozone/integration-test/target/test-classes"/>
    <property name="java.awt.printerjob" value="sun.print.PSPrinterJob"/>
    <property name="sun.os.patch.level" value="unknown"/>
    <property name="org.apache.ratis.thirdparty.io.netty.allocator.useCacheForAllThreads" value="false"/>
    <property name="hadoop.tmp.dir" value="/home/runner/work/ozone/ozone/hadoop-ozone/integration-test/target/tmp"/>
    <property name="java.library.path" value="/usr/java/packages/lib/amd64:/usr/lib64:/lib64:/lib:/usr/lib"/>
    <property name="java.vm.info" value="mixed mode"/>
    <property name="java.vendor" value="Temurin"/>
    <property name="java.vm.version" value="25.362-b09"/>
    <property name="java.specification.maintenance.version" value="4"/>
    <property name="java.ext.dirs" value="/usr/lib/jvm/temurin-8-jdk-amd64/jre/lib/ext:/usr/java/packages/lib/ext"/>
    <property name="sun.io.unicode.encoding" value="UnicodeLittle"/>
    <property name="java.class.version" value="52.0"/>
  </properties>
  <testcase name="testGeyKeyInfoWithAllowedUser(BucketLayout)[1]" classname="org.apache.hadoop.ozone.om.snapshot.TestOzoneManagerSnapshotAcl" time="1.885">
    <system-out><![CDATA[2023-03-16 19:31:01,877 [main] WARN  server.ServerUtils (ServerUtils.java:getScmDbDir(148)) - ozone.scm.db.dirs is not configured. We recommend adding this setting. Falling back to ozone.metadata.dirs instead.
2023-03-16 19:31:01,952 [main] WARN  server.ServerUtils (ServerUtils.java:getScmDbDir(148)) - ozone.scm.db.dirs is not configured. We recommend adding this setting. Falling back to ozone.metadata.dirs instead.
2023-03-16 19:31:01,955 [main] INFO  ha.SCMHANodeDetails (SCMHANodeDetails.java:loadSCMHAConfig(209)) - ServiceID for StorageContainerManager is null
2023-03-16 19:31:01,960 [main] WARN  ha.SCMHANodeDetails (SCMHANodeDetails.java:validateSCMHAConfig(182)) - Invalid config ozone.scm.ratis.enable. The config was not specified, but the default value true conflicts with the expected config value false. Falling back to the expected value. Current State of SCM: SCM is running in Non-HA without Ratis Ratis SCM -> Non Ratis SCM or Non HA SCM -> HA SCM is not supported
2023-03-16 19:31:01,960 [main] INFO  ha.SCMHANodeDetails (SCMHANodeDetails.java:loadSCMHAConfig(214)) - ozone.scm.default.service.id is not defined, falling back to ozone.scm.service.ids to find serviceID for StorageContainerManager if it is HA enabled cluster
2023-03-16 19:31:02,439 [main] WARN  utils.HAUtils (HAUtils.java:getMetaDir(342)) - ozone.scm.db.dirs is not configured. We recommend adding this setting. Falling back to ozone.metadata.dirs instead.
2023-03-16 19:31:02,582 [main] WARN  db.DBStoreBuilder (DBStoreBuilder.java:applyDBDefinition(172)) - ozone.scm.db.dirs is not configured. We recommend adding this setting. Falling back to ozone.metadata.dirs instead.
2023-03-16 19:31:02,788 [main] INFO  net.NodeSchemaLoader (NodeSchemaLoader.java:loadSchemaFromFile(129)) - Loading schema from [jar:file:/home/runner/.m2/repository/org/apache/ozone/hdds-common/1.4.0-SNAPSHOT/hdds-common-1.4.0-SNAPSHOT.jar!/network-topology-default.xml]
2023-03-16 19:31:02,790 [main] INFO  net.NodeSchemaLoader (NodeSchemaLoader.java:loadSchema(176)) - Loading network topology layer schema file
2023-03-16 19:31:02,832 [main] INFO  metrics.MetricRegistries (MetricRegistriesLoader.java:load(64)) - Loaded MetricRegistries class org.apache.ratis.metrics.impl.MetricRegistriesImpl
2023-03-16 19:31:02,837 [main] INFO  upgrade.AbstractLayoutVersionManager (AbstractLayoutVersionManager.java:init(83)) - Initializing Layout version manager with metadata layout = DATANODE_SCHEMA_V3 (version = 4), software layout = DATANODE_SCHEMA_V3 (version = 4)
2023-03-16 19:31:03,083 [main] INFO  reflections.Reflections (Reflections.java:scan(232)) - Reflections took 157 ms to scan 7 urls, producing 155 keys and 368 values 
2023-03-16 19:31:03,191 [main] INFO  ha.SequenceIdGenerator (SequenceIdGenerator.java:upgradeToSequenceId(349)) - upgrade localId to 111677748019200000
2023-03-16 19:31:03,191 [main] INFO  ha.SequenceIdGenerator (SequenceIdGenerator.java:upgradeToSequenceId(359)) - upgrade delTxnId to 0
2023-03-16 19:31:03,200 [main] INFO  ha.SequenceIdGenerator (SequenceIdGenerator.java:upgradeToSequenceId(376)) - upgrade containerId to 0
2023-03-16 19:31:03,202 [main] INFO  ha.SequenceIdGenerator (SequenceIdGenerator.java:<init>(220)) - Init the HA SequenceIdGenerator.
2023-03-16 19:31:03,270 [main] WARN  server.ServerUtils (ServerUtils.java:sanitizeUserArgs(73)) - ozone.scm.stale.node.interval value = 300000 is larger than max = 100000 based on the key value of ozone.scm.heartbeat.thread.interval, reset to the max value 100000.
2023-03-16 19:31:03,270 [main] WARN  server.ServerUtils (ServerUtils.java:sanitizeUserArgs(73)) - ozone.scm.stale.node.interval value = 300000 is larger than max = 100000 based on the key value of ozone.scm.heartbeat.thread.interval, reset to the max value 100000.
2023-03-16 19:31:03,276 [main] INFO  node.SCMNodeManager (SCMNodeManager.java:<init>(156)) - Entering startup safe mode.
2023-03-16 19:31:03,290 [main] INFO  algorithms.ContainerPlacementPolicyFactory (ContainerPlacementPolicyFactory.java:getPolicyInternal(86)) - Create container placement policy of type org.apache.hadoop.hdds.scm.container.placement.algorithms.SCMContainerPlacementRandom
2023-03-16 19:31:03,293 [main] INFO  algorithms.ContainerPlacementPolicyFactory (ContainerPlacementPolicyFactory.java:getPolicyInternal(86)) - Create container placement policy of type org.apache.hadoop.hdds.scm.container.placement.algorithms.SCMContainerPlacementRackScatter
2023-03-16 19:31:03,302 [main] INFO  pipeline.PipelineStateManagerImpl (PipelineStateManagerImpl.java:initialize(78)) - No pipeline exists in current db
2023-03-16 19:31:03,333 [main] INFO  algorithms.LeaderChoosePolicyFactory (LeaderChoosePolicyFactory.java:getPolicy(57)) - Create leader choose policy of type org.apache.hadoop.hdds.scm.pipeline.leader.choose.algorithms.MinLeaderCountChoosePolicy
2023-03-16 19:31:03,334 [main] INFO  algorithms.ContainerPlacementPolicyFactory (ContainerPlacementPolicyFactory.java:getPolicyInternal(86)) - Create container placement policy of type org.apache.hadoop.hdds.scm.container.placement.algorithms.SCMContainerPlacementRackScatter
2023-03-16 19:31:03,346 [main] INFO  ha.SCMServiceManager (SCMServiceManager.java:register(42)) - Registering service BackgroundPipelineCreator.
2023-03-16 19:31:03,347 [main] INFO  pipeline.BackgroundPipelineCreator (BackgroundPipelineCreator.java:start(124)) - Starting RatisPipelineUtilsThread.
2023-03-16 19:31:03,353 [main] INFO  BackgroundPipelineScrubber (BackgroundSCMService.java:start(68)) - Starting BackgroundPipelineScrubber Service.
2023-03-16 19:31:03,353 [main] INFO  ha.SCMServiceManager (SCMServiceManager.java:register(42)) - Registering service BackgroundPipelineScrubber.
2023-03-16 19:31:03,359 [main] INFO  ExpiredContainerReplicaOpScrubber (BackgroundSCMService.java:start(68)) - Starting ExpiredContainerReplicaOpScrubber Service.
2023-03-16 19:31:03,362 [main] INFO  ha.SCMServiceManager (SCMServiceManager.java:register(42)) - Registering service ExpiredContainerReplicaOpScrubber.
2023-03-16 19:31:03,411 [main] INFO  algorithms.PipelineChoosePolicyFactory (PipelineChoosePolicyFactory.java:createPipelineChoosePolicyFromClass(73)) - Create pipeline choose policy of type org.apache.hadoop.hdds.scm.pipeline.choose.algorithms.RandomPipelineChoosePolicy
2023-03-16 19:31:03,429 [main] INFO  ha.SCMServiceManager (SCMServiceManager.java:register(42)) - Registering service SCMBlockDeletingService.
2023-03-16 19:31:03,492 [main] INFO  replication.ReplicationManager (ReplicationManager.java:start(271)) - Starting Replication Monitor Thread.
2023-03-16 19:31:03,502 [main] INFO  ha.SCMServiceManager (SCMServiceManager.java:register(42)) - Registering service ReplicationManager.
2023-03-16 19:31:03,505 [ReplicationMonitor] INFO  replication.ReplicationManager (ReplicationManager.java:processAll(346)) - Replication Manager is not ready to run until 3000ms after safemode exit
2023-03-16 19:31:03,513 [main] INFO  safemode.ContainerSafeModeRule (ContainerSafeModeRule.java:<init>(89)) - containers with one replica threshold count 0
2023-03-16 19:31:03,520 [main] INFO  safemode.HealthyPipelineSafeModeRule (HealthyPipelineSafeModeRule.java:initializeRule(169)) - Total pipeline count is 0, healthy pipeline threshold count is 1
2023-03-16 19:31:03,522 [main] INFO  safemode.OneReplicaPipelineSafeModeRule (OneReplicaPipelineSafeModeRule.java:initializeRule(180)) - Total pipeline count is 0, pipeline's with at least one datanode reported threshold count is 0
2023-03-16 19:31:03,534 [main] INFO  server.StorageContainerManager (StorageContainerManager.java:<init>(395)) - SCM start with adminUsers: [om]
2023-03-16 19:31:03,803 [main] INFO  audit.AuditLogger (AuditLogger.java:refreshDebugCmdSet(126)) - Refresh DebugCmdSet for SCMAudit to [].
2023-03-16 19:31:03,833 [main] INFO  ipc.CallQueueManager (CallQueueManager.java:<init>(90)) - Using callQueue: class java.util.concurrent.LinkedBlockingQueue, queueCapacity: 2000, scheduler: class org.apache.hadoop.ipc.DefaultRpcScheduler, ipcBackoff: false.
2023-03-16 19:31:03,871 [Socket Reader #1 for port 0] INFO  ipc.Server (Server.java:run(1273)) - Starting Socket Reader #1 for port 0
2023-03-16 19:31:03,924 [Listener at 0.0.0.0/42835] INFO  audit.AuditLogger (AuditLogger.java:refreshDebugCmdSet(126)) - Refresh DebugCmdSet for SCMAudit to [].
2023-03-16 19:31:03,929 [Listener at 0.0.0.0/42835] INFO  ipc.CallQueueManager (CallQueueManager.java:<init>(90)) - Using callQueue: class java.util.concurrent.LinkedBlockingQueue, queueCapacity: 2000, scheduler: class org.apache.hadoop.ipc.DefaultRpcScheduler, ipcBackoff: false.
2023-03-16 19:31:03,947 [Socket Reader #1 for port 0] INFO  ipc.Server (Server.java:run(1273)) - Starting Socket Reader #1 for port 0
2023-03-16 19:31:03,978 [Listener at 0.0.0.0/37187] INFO  audit.AuditLogger (AuditLogger.java:refreshDebugCmdSet(126)) - Refresh DebugCmdSet for SCMAudit to [].
2023-03-16 19:31:04,035 [Listener at 0.0.0.0/37187] INFO  ipc.CallQueueManager (CallQueueManager.java:<init>(90)) - Using callQueue: class java.util.concurrent.LinkedBlockingQueue, queueCapacity: 2000, scheduler: class org.apache.hadoop.ipc.DefaultRpcScheduler, ipcBackoff: false.
2023-03-16 19:31:04,036 [Socket Reader #1 for port 0] INFO  ipc.Server (Server.java:run(1273)) - Starting Socket Reader #1 for port 0
2023-03-16 19:31:04,092 [Listener at 0.0.0.0/39383] INFO  ha.SCMServiceManager (SCMServiceManager.java:register(42)) - Registering service ContainerBalancer.
2023-03-16 19:31:04,094 [Listener at 0.0.0.0/39383] INFO  server.StorageContainerManager (StorageContainerManager.java:<init>(412)) - 
Container Balancer status:
Key                            Value
Running                        true
Container Balancer Configuration values:
Key                                                Value
Threshold                                          10
Max Datanodes to Involve per Iteration(percent)    20
Max Size to Move per Iteration                     500GB
Max Size Entering Target per Iteration             26GB
Max Size Leaving Source per Iteration              26GB

2023-03-16 19:31:04,096 [Listener at 0.0.0.0/39383] INFO  ha.SCMContext (SCMContext.java:updateSafeModeStatus(228)) - Update SafeModeStatus from SafeModeStatus{safeModeStatus=true, preCheckPassed=false} to SafeModeStatus{safeModeStatus=true, preCheckPassed=false}.
2023-03-16 19:31:04,102 [Listener at 0.0.0.0/39383] INFO  server.StorageContainerManager (StorageContainerManager.java:start(1442)) - StorageContainerLocationProtocol RPC server is listening at /0.0.0.0:39383
2023-03-16 19:31:04,163 [Listener at 0.0.0.0/39383] WARN  impl.MetricsConfig (MetricsConfig.java:loadFirst(136)) - Cannot locate configuration: tried hadoop-metrics2-storagecontainermanager.properties,hadoop-metrics2.properties
2023-03-16 19:31:04,176 [Listener at 0.0.0.0/39383] INFO  impl.MetricsSystemImpl (MetricsSystemImpl.java:startTimer(378)) - Scheduled Metric snapshot period at 10 second(s).
2023-03-16 19:31:04,176 [Listener at 0.0.0.0/39383] INFO  impl.MetricsSystemImpl (MetricsSystemImpl.java:start(191)) - StorageContainerManager metrics system started
2023-03-16 19:31:04,412 [Listener at 0.0.0.0/39383] INFO  server.SCMClientProtocolServer (SCMClientProtocolServer.java:start(194)) - RPC server for Client  is listening at /0.0.0.0:39383
2023-03-16 19:31:04,413 [IPC Server Responder] INFO  ipc.Server (Server.java:run(1512)) - IPC Server Responder: starting
2023-03-16 19:31:04,414 [IPC Server listener on 0] INFO  ipc.Server (Server.java:run(1352)) - IPC Server listener on 0: starting
2023-03-16 19:31:04,420 [Listener at 0.0.0.0/39383] INFO  server.StorageContainerManager (StorageContainerManager.java:start(1456)) - ScmBlockLocationProtocol RPC server is listening at /0.0.0.0:37187
2023-03-16 19:31:04,421 [Listener at 0.0.0.0/39383] INFO  server.SCMBlockProtocolServer (SCMBlockProtocolServer.java:start(152)) - RPC server for Block Protocol is listening at /0.0.0.0:37187
2023-03-16 19:31:04,421 [IPC Server Responder] INFO  ipc.Server (Server.java:run(1512)) - IPC Server Responder: starting
2023-03-16 19:31:04,421 [IPC Server listener on 0] INFO  ipc.Server (Server.java:run(1352)) - IPC Server listener on 0: starting
2023-03-16 19:31:04,427 [Listener at 0.0.0.0/39383] INFO  server.SCMDatanodeProtocolServer (SCMDatanodeProtocolServer.java:start(193)) - ScmDatanodeProtocol RPC server for DataNodes is listening at /0.0.0.0:42835
2023-03-16 19:31:04,428 [IPC Server Responder] INFO  ipc.Server (Server.java:run(1512)) - IPC Server Responder: starting
2023-03-16 19:31:04,429 [IPC Server listener on 0] INFO  ipc.Server (Server.java:run(1352)) - IPC Server listener on 0: starting
2023-03-16 19:31:04,453 [org.apache.hadoop.util.JvmPauseMonitor$Monitor@5e572b08] INFO  util.JvmPauseMonitor (JvmPauseMonitor.java:run(188)) - Starting JVM pause monitor
2023-03-16 19:31:04,463 [Listener at 0.0.0.0/39383] INFO  http.BaseHttpServer (BaseHttpServer.java:newHttpServer2BuilderForOzone(224)) - Starting Web-server for scm at: http://0.0.0.0:0
2023-03-16 19:31:04,463 [Listener at 0.0.0.0/39383] INFO  http.BaseHttpServer (BaseHttpServer.java:<init>(111)) - Hadoop Security Enabled: false Ozone Security Enabled: false Ozone HTTP Security Enabled: false 
2023-03-16 19:31:04,493 [Listener at 0.0.0.0/39383] INFO  util.log (Log.java:initialized(170)) - Logging initialized @4186ms to org.eclipse.jetty.util.log.Slf4jLog
2023-03-16 19:31:04,578 [Listener at 0.0.0.0/39383] WARN  server.AuthenticationFilter (AuthenticationFilter.java:constructSecretProvider(240)) - Unable to initialize FileSignerSecretProvider, falling back to use random secrets. Reason: Could not read signature secret file: /home/runner/hadoop-http-auth-signature-secret
2023-03-16 19:31:04,585 [Listener at 0.0.0.0/39383] WARN  http.HttpRequestLog (HttpRequestLog.java:getRequestLog(103)) - Jetty request log can only be enabled using Log4j
2023-03-16 19:31:04,591 [Listener at 0.0.0.0/39383] INFO  http.HttpServer2 (HttpServer2.java:addGlobalFilter(1031)) - Added global filter 'safety' (class=org.apache.hadoop.hdds.server.http.HttpServer2$QuotingInputFilter)
2023-03-16 19:31:04,593 [Listener at 0.0.0.0/39383] INFO  http.HttpServer2 (HttpServer2.java:addFilter(1007)) - Added filter static_user_filter (class=org.apache.hadoop.http.lib.StaticUserWebFilter$StaticUserFilter) to context scm
2023-03-16 19:31:04,593 [Listener at 0.0.0.0/39383] INFO  http.HttpServer2 (HttpServer2.java:addFilter(1015)) - Added filter static_user_filter (class=org.apache.hadoop.http.lib.StaticUserWebFilter$StaticUserFilter) to context static
2023-03-16 19:31:04,593 [Listener at 0.0.0.0/39383] INFO  http.HttpServer2 (HttpServer2.java:addFilter(1015)) - Added filter static_user_filter (class=org.apache.hadoop.http.lib.StaticUserWebFilter$StaticUserFilter) to context logs
2023-03-16 19:31:04,624 [Listener at 0.0.0.0/39383] INFO  http.BaseHttpServer (BaseHttpServer.java:<init>(190)) - HTTP server of scm uses base directory /home/runner/work/ozone/ozone/hadoop-ozone/integration-test/target/test-dir/MiniOzoneClusterImpl-7c80c19b-b74a-4fd6-b02a-95a373f15db1/ozone-meta/webserver
2023-03-16 19:31:04,625 [Listener at 0.0.0.0/39383] INFO  http.HttpServer2 (HttpServer2.java:bindListener(1250)) - Jetty bound to port 41715
2023-03-16 19:31:04,627 [Listener at 0.0.0.0/39383] INFO  server.Server (Server.java:doStart(375)) - jetty-9.4.49.v20220914; built: 2022-09-14T01:07:36.601Z; git: 4231a3b2e4cb8548a412a789936d640a97b1aa0a; jvm 1.8.0_362-b09
2023-03-16 19:31:04,654 [Listener at 0.0.0.0/39383] INFO  server.session (DefaultSessionIdManager.java:doStart(334)) - DefaultSessionIdManager workerName=node0
2023-03-16 19:31:04,654 [Listener at 0.0.0.0/39383] INFO  server.session (DefaultSessionIdManager.java:doStart(339)) - No SessionScavenger set, using defaults
2023-03-16 19:31:04,655 [Listener at 0.0.0.0/39383] INFO  server.session (HouseKeeper.java:startScavenging(132)) - node0 Scavenging every 600000ms
2023-03-16 19:31:04,667 [Listener at 0.0.0.0/39383] INFO  handler.ContextHandler (ContextHandler.java:doStart(921)) - Started o.e.j.s.ServletContextHandler@5dfb078{logs,/logs,file:///home/runner/work/ozone/ozone/hadoop-ozone/integration-test/target/log,AVAILABLE}
2023-03-16 19:31:04,668 [Listener at 0.0.0.0/39383] INFO  handler.ContextHandler (ContextHandler.java:doStart(921)) - Started o.e.j.s.ServletContextHandler@3ede428e{static,/static,file:///home/runner/work/ozone/ozone/hadoop-ozone/integration-test/target/test-classes/webapps/static,AVAILABLE}
2023-03-16 19:31:04,706 [Listener at 0.0.0.0/39383] INFO  handler.ContextHandler (ContextHandler.java:doStart(921)) - Started o.e.j.w.WebAppContext@3e79473d{scm,/,file:///home/runner/work/ozone/ozone/hadoop-ozone/integration-test/target/test-classes/webapps/scm/,AVAILABLE}{file:/home/runner/work/ozone/ozone/hadoop-ozone/integration-test/target/test-classes/webapps/scm}
2023-03-16 19:31:04,714 [Listener at 0.0.0.0/39383] INFO  server.AbstractConnector (AbstractConnector.java:doStart(333)) - Started ServerConnector@2a22e7e2{HTTP/1.1, (http/1.1)}{0.0.0.0:41715}
2023-03-16 19:31:04,714 [Listener at 0.0.0.0/39383] INFO  server.Server (Server.java:doStart(415)) - Started @4407ms
2023-03-16 19:31:04,716 [Listener at 0.0.0.0/39383] INFO  impl.MetricsSinkAdapter (MetricsSinkAdapter.java:start(204)) - Sink prometheus started
2023-03-16 19:31:04,716 [Listener at 0.0.0.0/39383] INFO  impl.MetricsSystemImpl (MetricsSystemImpl.java:registerSink(305)) - Registered sink prometheus
2023-03-16 19:31:04,717 [Listener at 0.0.0.0/39383] INFO  http.BaseHttpServer (BaseHttpServer.java:updateConnectorAddress(344)) - HTTP server of scm listening at http://0.0.0.0:41715
2023-03-16 19:31:04,762 [Listener at 0.0.0.0/39383] INFO  audit.AuditLogger (AuditLogger.java:refreshDebugCmdSet(126)) - Refresh DebugCmdSet for OMAudit to [].
2023-03-16 19:31:04,834 [Listener at 0.0.0.0/39383] INFO  ha.OMHANodeDetails (OMHANodeDetails.java:loadOMHAConfig(121)) - ServiceID for OzoneManager is om-service-test-198289
2023-03-16 19:31:04,838 [Listener at 0.0.0.0/39383] INFO  ha.OMHANodeDetails (OMHANodeDetails.java:loadOMHAConfig(201)) - Found matching OM address with OMServiceId: om-service-test-198289, OMNodeId: omNode-1, RPC Address: localhost:32993 and Ratis port: 36433
2023-03-16 19:31:04,838 [Listener at 0.0.0.0/39383] INFO  ha.OMHANodeDetails (ConfUtils.java:setNodeSpecificConfigs(97)) - Setting configuration key ozone.om.http-address with value of key ozone.om.http-address.om-service-test-198289.omNode-1: 127.0.0.1:40187
2023-03-16 19:31:04,838 [Listener at 0.0.0.0/39383] INFO  ha.OMHANodeDetails (ConfUtils.java:setNodeSpecificConfigs(97)) - Setting configuration key ozone.om.https-address with value of key ozone.om.https-address.om-service-test-198289.omNode-1: 127.0.0.1:39549
2023-03-16 19:31:04,838 [Listener at 0.0.0.0/39383] INFO  ha.OMHANodeDetails (ConfUtils.java:setNodeSpecificConfigs(97)) - Setting configuration key ozone.om.address with value of key ozone.om.address.om-service-test-198289.omNode-1: 127.0.0.1:32993
2023-03-16 19:31:04,840 [Listener at 0.0.0.0/39383] WARN  server.ServerUtils (ServerUtils.java:getDBPath(225)) - ozone.om.db.dirs is not configured. We recommend adding this setting. Falling back to ozone.metadata.dirs instead.
2023-03-16 19:31:04,850 [Listener at 0.0.0.0/39383] INFO  proxy.SCMBlockLocationFailoverProxyProvider (SCMBlockLocationFailoverProxyProvider.java:<init>(114)) - Created block location fail-over proxy with 1 nodes: [nodeId=scmNodeId,nodeAddress=/0.0.0.0:37187]
OM initialization succeeded.Current cluster id for sd=/home/runner/work/ozone/ozone/hadoop-ozone/integration-test/target/test-dir/MiniOzoneClusterImpl-7c80c19b-b74a-4fd6-b02a-95a373f15db1/omNode-1/om;cid=7c80c19b-b74a-4fd6-b02a-95a373f15db1;layoutVersion=3
2023-03-16 19:31:05,069 [Listener at 0.0.0.0/39383] INFO  ha.OMHANodeDetails (OMHANodeDetails.java:loadOMHAConfig(121)) - ServiceID for OzoneManager is om-service-test-198289
2023-03-16 19:31:05,070 [Listener at 0.0.0.0/39383] INFO  ha.OMHANodeDetails (OMHANodeDetails.java:loadOMHAConfig(201)) - Found matching OM address with OMServiceId: om-service-test-198289, OMNodeId: omNode-1, RPC Address: localhost:32993 and Ratis port: 36433
2023-03-16 19:31:05,070 [Listener at 0.0.0.0/39383] INFO  ha.OMHANodeDetails (ConfUtils.java:setNodeSpecificConfigs(97)) - Setting configuration key ozone.om.http-address with value of key ozone.om.http-address.om-service-test-198289.omNode-1: 127.0.0.1:40187
2023-03-16 19:31:05,070 [Listener at 0.0.0.0/39383] INFO  ha.OMHANodeDetails (ConfUtils.java:setNodeSpecificConfigs(97)) - Setting configuration key ozone.om.https-address with value of key ozone.om.https-address.om-service-test-198289.omNode-1: 127.0.0.1:39549
2023-03-16 19:31:05,070 [Listener at 0.0.0.0/39383] INFO  ha.OMHANodeDetails (ConfUtils.java:setNodeSpecificConfigs(97)) - Setting configuration key ozone.om.address with value of key ozone.om.address.om-service-test-198289.omNode-1: 127.0.0.1:32993
2023-03-16 19:31:05,071 [Listener at 0.0.0.0/39383] WARN  server.ServerUtils (ServerUtils.java:getDBPath(225)) - ozone.om.db.dirs is not configured. We recommend adding this setting. Falling back to ozone.metadata.dirs instead.
2023-03-16 19:31:05,073 [Listener at 0.0.0.0/39383] INFO  upgrade.AbstractLayoutVersionManager (AbstractLayoutVersionManager.java:init(83)) - Initializing Layout version manager with metadata layout = MULTITENANCY_SCHEMA (version = 3), software layout = MULTITENANCY_SCHEMA (version = 3)
2023-03-16 19:31:05,170 [Listener at 0.0.0.0/39383] INFO  reflections.Reflections (Reflections.java:scan(232)) - Reflections took 91 ms to scan 2 urls, producing 167 keys and 463 values [using 2 cores]
2023-03-16 19:31:05,174 [Listener at 0.0.0.0/39383] INFO  upgrade.OMLayoutVersionManager (OMLayoutVersionManager.java:lambda$0(115)) - Skipping Upgrade Action MockOmUpgradeAction since it has been finalized.
2023-03-16 19:31:05,175 [Listener at 0.0.0.0/39383] WARN  server.ServerUtils (ServerUtils.java:getDBPath(225)) - ozone.om.db.dirs is not configured. We recommend adding this setting. Falling back to ozone.metadata.dirs instead.
2023-03-16 19:31:05,328 [Listener at 0.0.0.0/39383] INFO  proxy.SCMBlockLocationFailoverProxyProvider (SCMBlockLocationFailoverProxyProvider.java:<init>(114)) - Created block location fail-over proxy with 1 nodes: [nodeId=scmNodeId,nodeAddress=/0.0.0.0:37187]
2023-03-16 19:31:05,338 [Listener at 0.0.0.0/39383] INFO  proxy.SCMBlockLocationFailoverProxyProvider (SCMBlockLocationFailoverProxyProvider.java:<init>(114)) - Created block location fail-over proxy with 1 nodes: [nodeId=scmNodeId,nodeAddress=/0.0.0.0:37187]
2023-03-16 19:31:05,361 [Listener at 0.0.0.0/39383] INFO  om.OzoneManager (OzoneManager.java:<init>(620)) - OM start with adminUsers: [om]
2023-03-16 19:31:05,372 [Listener at 0.0.0.0/39383] WARN  server.ServerUtils (ServerUtils.java:getDBPath(225)) - ozone.om.db.dirs is not configured. We recommend adding this setting. Falling back to ozone.metadata.dirs instead.
2023-03-16 19:31:05,379 [Listener at 0.0.0.0/39383] INFO  codec.OmKeyInfoCodec (OmKeyInfoCodec.java:<init>(49)) - OmKeyInfoCodec ignorePipeline = true
2023-03-16 19:31:05,380 [Listener at 0.0.0.0/39383] INFO  codec.RepeatedOmKeyInfoCodec (RepeatedOmKeyInfoCodec.java:<init>(41)) - RepeatedOmKeyInfoCodec ignorePipeline = true
2023-03-16 19:31:05,588 [Listener at 0.0.0.0/39383] INFO  om.OzoneManager (OzoneManager.java:instantiateServices(750)) - S3 Multi-Tenancy is disabled
2023-03-16 19:31:05,634 [Listener at 0.0.0.0/39383] WARN  server.ServerUtils (ServerUtils.java:getDBPath(225)) - ozone.om.snapshot.diff.db.dir is not configured. We recommend adding this setting. Falling back to ozone.metadata.dirs instead.
2023-03-16 19:31:05,694 [Listener at 0.0.0.0/39383] INFO  om.OzoneManager (OzoneManager.java:addS3GVolumeToDB(4228)) - Created Volume s3v With Owner om required for S3Gateway operations.
2023-03-16 19:31:05,749 [Listener at 0.0.0.0/39383] WARN  server.ServerUtils (ServerUtils.java:getDefaultRatisDirectory(237)) - Storage directory for Ratis is not configured. It is a good idea to map this to an SSD disk. Falling back to ozone.metadata.dirs
2023-03-16 19:31:05,749 [Listener at 0.0.0.0/39383] WARN  utils.OzoneManagerRatisUtils (OzoneManagerRatisUtils.java:getOMRatisSnapshotDirectory(439)) - ozone.om.ratis.snapshot.dir is not configured. Falling back to ozone.metadata.dirs config
2023-03-16 19:31:05,765 [Listener at 0.0.0.0/39383] WARN  server.ServerUtils (ServerUtils.java:getDefaultRatisDirectory(237)) - Storage directory for Ratis is not configured. It is a good idea to map this to an SSD disk. Falling back to ozone.metadata.dirs
2023-03-16 19:31:05,798 [Listener at 0.0.0.0/39383] INFO  ratis.OzoneManagerRatisServer (OzoneManagerRatisServer.java:<init>(164)) - Instantiating OM Ratis server with groupID: om-service-test-198289 and peers: localhost:36433
2023-03-16 19:31:05,805 [Listener at 0.0.0.0/39383] INFO  ratis.OzoneManagerStateMachine (OzoneManagerStateMachine.java:loadSnapshotInfoFromDB(636)) - LastAppliedIndex is set from TransactionInfo from OM DB as (t:0, i:~)
2023-03-16 19:31:05,857 [Listener at 0.0.0.0/39383] INFO  server.RaftServer (ConfUtils.java:logGet(46)) - raft.rpc.type = GRPC (default)
2023-03-16 19:31:05,924 [Listener at 0.0.0.0/39383] INFO  grpc.GrpcConfigKeys (ConfUtils.java:logFallback(53)) - raft.grpc.admin.host = null (fallback to raft.grpc.server.host)
2023-03-16 19:31:05,928 [Listener at 0.0.0.0/39383] INFO  grpc.GrpcConfigKeys (ConfUtils.java:logFallback(53)) - raft.grpc.admin.port = 36433 (fallback to raft.grpc.server.port)
2023-03-16 19:31:05,929 [Listener at 0.0.0.0/39383] INFO  grpc.GrpcConfigKeys (ConfUtils.java:logFallback(53)) - raft.grpc.client.host = null (fallback to raft.grpc.server.host)
2023-03-16 19:31:05,929 [Listener at 0.0.0.0/39383] INFO  grpc.GrpcConfigKeys (ConfUtils.java:logFallback(53)) - raft.grpc.client.port = 36433 (fallback to raft.grpc.server.port)
2023-03-16 19:31:05,929 [Listener at 0.0.0.0/39383] INFO  grpc.GrpcConfigKeys (ConfUtils.java:logGet(46)) - raft.grpc.server.host = null (default)
2023-03-16 19:31:05,930 [Listener at 0.0.0.0/39383] INFO  grpc.GrpcConfigKeys (ConfUtils.java:logGet(46)) - raft.grpc.server.port = 36433 (custom)
2023-03-16 19:31:05,932 [Listener at 0.0.0.0/39383] INFO  server.GrpcService (ConfUtils.java:logGet(46)) - raft.grpc.message.size.max = 33554432 (custom)
2023-03-16 19:31:05,933 [Listener at 0.0.0.0/39383] INFO  server.RaftServerConfigKeys (ConfUtils.java:logGet(46)) - raft.server.log.appender.buffer.byte-limit = 33554432 (custom)
2023-03-16 19:31:05,934 [Listener at 0.0.0.0/39383] INFO  server.GrpcService (ConfUtils.java:logGet(46)) - raft.grpc.flow.control.window = 1MB (=1048576) (default)
2023-03-16 19:31:05,935 [Listener at 0.0.0.0/39383] INFO  server.RaftServerConfigKeys (ConfUtils.java:logGet(46)) - raft.server.rpc.request.timeout = 3000ms (default)
2023-03-16 19:31:05,946 [Listener at 0.0.0.0/39383] INFO  grpc.GrpcConfigKeys (ConfUtils.java:logGet(46)) - raft.grpc.server.heartbeat.channel = true (default)
2023-03-16 19:31:05,950 [Listener at 0.0.0.0/39383] INFO  grpc.GrpcConfigKeys (ConfUtils.java:logGet(46)) - raft.grpc.server.async.request.thread.pool.cached = true (default)
2023-03-16 19:31:05,950 [Listener at 0.0.0.0/39383] INFO  grpc.GrpcConfigKeys (ConfUtils.java:logGet(46)) - raft.grpc.server.async.request.thread.pool.size = 32 (default)
2023-03-16 19:31:06,145 [Listener at 0.0.0.0/39383] INFO  impl.DataStreamServerImpl (ConfUtils.java:logGet(46)) - raft.datastream.type = DISABLED (default)
2023-03-16 19:31:06,148 [Listener at 0.0.0.0/39383] INFO  server.RaftServerConfigKeys (ConfUtils.java:logGet(46)) - raft.server.threadpool.proxy.cached = true (default)
2023-03-16 19:31:06,148 [Listener at 0.0.0.0/39383] INFO  server.RaftServerConfigKeys (ConfUtils.java:logGet(46)) - raft.server.threadpool.proxy.size = 0 (default)
2023-03-16 19:31:06,148 [Listener at 0.0.0.0/39383] INFO  server.RaftServerConfigKeys (ConfUtils.java:logGet(46)) - raft.server.rpc.slowness.timeout = 2s (custom)
2023-03-16 19:31:06,149 [Listener at 0.0.0.0/39383] INFO  server.RaftServerConfigKeys (ConfUtils.java:logGet(46)) - raft.server.leaderelection.leader.step-down.wait-time = 10s (default)
2023-03-16 19:31:06,152 [Listener at 0.0.0.0/39383] INFO  server.RaftServerConfigKeys (ConfUtils.java:logGet(46)) - raft.server.storage.dir = [/home/runner/work/ozone/ozone/hadoop-ozone/integration-test/target/test-dir/MiniOzoneClusterImpl-7c80c19b-b74a-4fd6-b02a-95a373f15db1/omNode-1/ratis] (custom)
2023-03-16 19:31:06,162 [Listener at 0.0.0.0/39383] INFO  server.RaftServer (RaftServerProxy.java:addNew(96)) - omNode-1: addNew group-9F3B95815DF6:[omNode-1|rpc:localhost:36433|priority:0|startupRole:FOLLOWER] returns group-9F3B95815DF6:java.util.concurrent.CompletableFuture@16d8a25e[Not completed]
2023-03-16 19:31:06,162 [Listener at 0.0.0.0/39383] INFO  om.OzoneManager (OzoneManager.java:initializeRatisServer(2107)) - OzoneManager Ratis server initialized at port 36433
2023-03-16 19:31:06,165 [Listener at 0.0.0.0/39383] INFO  om.OzoneManager (OzoneManager.java:getRpcServer(1134)) - Creating RPC Server
2023-03-16 19:31:06,182 [pool-57-thread-1] INFO  server.RaftServer$Division (RaftServerImpl.java:<init>(195)) - omNode-1: new RaftServerImpl for group-9F3B95815DF6:[omNode-1|rpc:localhost:36433|priority:0|startupRole:FOLLOWER] with OzoneManagerStateMachine:uninitialized
2023-03-16 19:31:06,189 [pool-57-thread-1] INFO  server.RaftServerConfigKeys (ConfUtils.java:logGet(46)) - raft.server.rpc.timeout.min = 1s (custom)
2023-03-16 19:31:06,192 [pool-57-thread-1] INFO  server.RaftServerConfigKeys (ConfUtils.java:logGet(46)) - raft.server.rpc.timeout.max = 1200ms (custom)
2023-03-16 19:31:06,192 [pool-57-thread-1] INFO  server.RaftServerConfigKeys (ConfUtils.java:logGet(46)) - raft.server.rpc.sleep.time = 25ms (default)
2023-03-16 19:31:06,193 [pool-57-thread-1] INFO  server.RaftServerConfigKeys (ConfUtils.java:logGet(46)) - raft.server.rpc.slowness.timeout = 2s (custom)
2023-03-16 19:31:06,193 [pool-57-thread-1] INFO  server.RaftServerConfigKeys (ConfUtils.java:logGet(46)) - raft.server.leaderelection.leader.step-down.wait-time = 10s (default)
2023-03-16 19:31:06,193 [pool-57-thread-1] INFO  server.RaftServerConfigKeys (ConfUtils.java:logGet(46)) - raft.server.sleep.deviation.threshold = 300ms (default)
2023-03-16 19:31:06,204 [pool-57-thread-1] INFO  server.RaftServer$Division (ServerState.java:<init>(118)) - omNode-1@group-9F3B95815DF6: ConfigurationManager, init=-1: peers:[omNode-1|rpc:localhost:36433|priority:0|startupRole:FOLLOWER]|listeners:[], old=null, confs=<EMPTY_MAP>
2023-03-16 19:31:06,204 [pool-57-thread-1] INFO  server.RaftServerConfigKeys (ConfUtils.java:logGet(46)) - raft.server.storage.dir = [/home/runner/work/ozone/ozone/hadoop-ozone/integration-test/target/test-dir/MiniOzoneClusterImpl-7c80c19b-b74a-4fd6-b02a-95a373f15db1/omNode-1/ratis] (custom)
2023-03-16 19:31:06,212 [pool-57-thread-1] INFO  server.RaftServerConfigKeys (ConfUtils.java:logGet(46)) - raft.server.log.corruption.policy = EXCEPTION (default)
2023-03-16 19:31:06,214 [pool-57-thread-1] INFO  server.RaftServerConfigKeys (ConfUtils.java:logGet(46)) - raft.server.storage.free-space.min = 0MB (=0) (default)
2023-03-16 19:31:06,228 [pool-57-thread-1] INFO  server.RaftServerConfigKeys (ConfUtils.java:logGet(46)) - raft.server.notification.no-leader.timeout = 2s (custom)
2023-03-16 19:31:06,233 [pool-57-thread-1] INFO  server.RaftServerConfigKeys (ConfUtils.java:logGet(46)) - raft.server.retrycache.expirytime = 300s (custom)
2023-03-16 19:31:06,233 [pool-57-thread-1] INFO  server.RaftServerConfigKeys (ConfUtils.java:logGet(46)) - raft.server.retrycache.statistics.expirytime = 100μs (default)
2023-03-16 19:31:06,404 [pool-57-thread-1] INFO  server.RaftServerConfigKeys (ConfUtils.java:logGet(46)) - raft.server.log.appender.install.snapshot.enabled = false (custom)
2023-03-16 19:31:06,404 [pool-57-thread-1] INFO  server.RaftServerConfigKeys (ConfUtils.java:logGet(46)) - raft.server.threadpool.server.cached = true (default)
2023-03-16 19:31:06,405 [pool-57-thread-1] INFO  server.RaftServerConfigKeys (ConfUtils.java:logGet(46)) - raft.server.threadpool.server.size = 0 (default)
2023-03-16 19:31:06,405 [pool-57-thread-1] INFO  server.RaftServerConfigKeys (ConfUtils.java:logGet(46)) - raft.server.threadpool.client.cached = true (default)
2023-03-16 19:31:06,408 [Finalizer] WARN  managed.ManagedRocksObjectUtils (ManagedRocksObjectUtils.java:assertClosed(54)) - ManagedColumnFamilyOptions is not closed properly
2023-03-16 19:31:06,420 [pool-57-thread-1] INFO  server.RaftServerConfigKeys (ConfUtils.java:logGet(46)) - raft.server.threadpool.client.size = 0 (default)
2023-03-16 19:31:06,431 [Finalizer] WARN  managed.ManagedRocksObjectUtils (ManagedRocksObjectUtils.java:assertClosed(54)) - RocksIterator is not closed properly
2023-03-16 19:31:07,030 [Listener at 0.0.0.0/39383] INFO  reflections.Reflections (Reflections.java:scan(232)) - Reflections took 783 ms to scan 19 urls, producing 68 keys and 4949 values [using 2 cores]
2023-03-16 19:31:07,205 [Listener at 0.0.0.0/39383] INFO  ipc.CallQueueManager (CallQueueManager.java:<init>(90)) - Using callQueue: class java.util.concurrent.LinkedBlockingQueue, queueCapacity: 2000, scheduler: class org.apache.hadoop.ipc.DefaultRpcScheduler, ipcBackoff: false.
2023-03-16 19:31:07,206 [Socket Reader #1 for port 32993] INFO  ipc.Server (Server.java:run(1273)) - Starting Socket Reader #1 for port 32993
2023-03-16 19:31:07,251 [Listener at 127.0.0.1/32993] INFO  impl.MetricsSystemImpl (MetricsSystemImpl.java:init(158)) - OzoneManager metrics system started (again)
2023-03-16 19:31:07,268 [Listener at 127.0.0.1/32993] INFO  om.OzoneManager (OzoneManager.java:start(1564)) - OzoneManager RPC server is listening at localhost/127.0.0.1:32993
2023-03-16 19:31:07,269 [Listener at 127.0.0.1/32993] INFO  ratis.OzoneManagerRatisServer (OzoneManagerRatisServer.java:start(559)) - Starting OzoneManagerRatisServer omNode-1 at port 36433
2023-03-16 19:31:07,270 [omNode-1-impl-thread1] INFO  storage.RaftStorageDirectory (RaftStorageDirectoryImpl.java:analyzeStorage(137)) - The storage directory /home/runner/work/ozone/ozone/hadoop-ozone/integration-test/target/test-dir/MiniOzoneClusterImpl-7c80c19b-b74a-4fd6-b02a-95a373f15db1/omNode-1/ratis/108b9915-3f04-3aac-8c5b-9f3b95815df6 does not exist. Creating ...
2023-03-16 19:31:07,274 [omNode-1-impl-thread1] INFO  storage.RaftStorageDirectory (RaftStorageDirectoryImpl.java:tryLock(231)) - Lock on /home/runner/work/ozone/ozone/hadoop-ozone/integration-test/target/test-dir/MiniOzoneClusterImpl-7c80c19b-b74a-4fd6-b02a-95a373f15db1/omNode-1/ratis/108b9915-3f04-3aac-8c5b-9f3b95815df6/in_use.lock acquired by nodename 43389@fv-az39-712
2023-03-16 19:31:07,279 [omNode-1-impl-thread1] INFO  storage.RaftStorage (RaftStorageImpl.java:format(96)) - Storage directory /home/runner/work/ozone/ozone/hadoop-ozone/integration-test/target/test-dir/MiniOzoneClusterImpl-7c80c19b-b74a-4fd6-b02a-95a373f15db1/omNode-1/ratis/108b9915-3f04-3aac-8c5b-9f3b95815df6 has been successfully formatted.
2023-03-16 19:31:07,282 [omNode-1-impl-thread1] INFO  server.RaftServerConfigKeys (ConfUtils.java:logGet(46)) - raft.server.log.use.memory = false (default)
2023-03-16 19:31:07,288 [omNode-1-impl-thread1] INFO  server.RaftServerConfigKeys (ConfUtils.java:logGet(46)) - raft.server.log.purge.gap = 1000000 (custom)
2023-03-16 19:31:07,288 [omNode-1-impl-thread1] INFO  server.RaftServerConfigKeys (ConfUtils.java:logGet(46)) - raft.server.log.appender.buffer.byte-limit = 33554432 (custom)
2023-03-16 19:31:07,289 [omNode-1-impl-thread1] INFO  server.RaftServerConfigKeys (ConfUtils.java:logGet(46)) - raft.server.log.statemachine.data.read.timeout = 1000ms (default)
2023-03-16 19:31:07,290 [omNode-1-impl-thread1] INFO  server.RaftServerConfigKeys (ConfUtils.java:logGet(46)) - raft.server.log.purge.preservation.log.num = 0 (default)
2023-03-16 19:31:07,292 [omNode-1-impl-thread1] INFO  server.RaftServerConfigKeys (ConfUtils.java:logGet(46)) - raft.server.log.segment.size.max = 4194304 (custom)
2023-03-16 19:31:07,297 [omNode-1-impl-thread1] INFO  server.RaftServerConfigKeys (ConfUtils.java:logGet(46)) - raft.server.log.segment.cache.num.max = 2 (custom)
2023-03-16 19:31:07,297 [omNode-1-impl-thread1] INFO  server.RaftServerConfigKeys (ConfUtils.java:logGet(46)) - raft.server.log.segment.cache.size.max = 200MB (=209715200) (default)
2023-03-16 19:31:07,302 [omNode-1-impl-thread1] INFO  segmented.SegmentedRaftLogWorker (SegmentedRaftLogWorker.java:<init>(189)) - new omNode-1@group-9F3B95815DF6-SegmentedRaftLogWorker for RaftStorageImpl:Storage Directory /home/runner/work/ozone/ozone/hadoop-ozone/integration-test/target/test-dir/MiniOzoneClusterImpl-7c80c19b-b74a-4fd6-b02a-95a373f15db1/omNode-1/ratis/108b9915-3f04-3aac-8c5b-9f3b95815df6
2023-03-16 19:31:07,302 [omNode-1-impl-thread1] INFO  server.RaftServerConfigKeys (ConfUtils.java:logGet(46)) - raft.server.log.queue.byte-limit = 64MB (=67108864) (default)
2023-03-16 19:31:07,303 [omNode-1-impl-thread1] INFO  server.RaftServerConfigKeys (ConfUtils.java:logGet(46)) - raft.server.log.queue.element-limit = 4096 (default)
2023-03-16 19:31:07,304 [omNode-1-impl-thread1] INFO  server.RaftServerConfigKeys (ConfUtils.java:logGet(46)) - raft.server.log.segment.size.max = 4194304 (custom)
2023-03-16 19:31:07,304 [omNode-1-impl-thread1] INFO  server.RaftServerConfigKeys (ConfUtils.java:logGet(46)) - raft.server.log.preallocated.size = 4194304 (custom)
2023-03-16 19:31:07,305 [omNode-1-impl-thread1] INFO  server.RaftServerConfigKeys (ConfUtils.java:logGet(46)) - raft.server.log.force.sync.num = 128 (default)
2023-03-16 19:31:07,305 [omNode-1-impl-thread1] INFO  server.RaftServerConfigKeys (ConfUtils.java:logGet(46)) - raft.server.log.statemachine.data.sync = true (default)
2023-03-16 19:31:07,306 [omNode-1-impl-thread1] INFO  server.RaftServerConfigKeys (ConfUtils.java:logGet(46)) - raft.server.log.statemachine.data.sync.timeout = 10s (default)
2023-03-16 19:31:07,306 [omNode-1-impl-thread1] INFO  server.RaftServerConfigKeys (ConfUtils.java:logGet(46)) - raft.server.log.statemachine.data.sync.timeout.retry = -1 (default)
2023-03-16 19:31:07,314 [omNode-1-impl-thread1] INFO  server.RaftServerConfigKeys (ConfUtils.java:logGet(46)) - raft.server.log.write.buffer.size = 64KB (=65536) (default)
2023-03-16 19:31:07,315 [omNode-1-impl-thread1] INFO  server.RaftServerConfigKeys (ConfUtils.java:logGet(46)) - raft.server.log.appender.buffer.byte-limit = 33554432 (custom)
2023-03-16 19:31:07,320 [omNode-1-impl-thread1] INFO  server.RaftServerConfigKeys (ConfUtils.java:logGet(46)) - raft.server.log.unsafe-flush.enabled = false (default)
2023-03-16 19:31:07,320 [omNode-1-impl-thread1] INFO  server.RaftServerConfigKeys (ConfUtils.java:logGet(46)) - raft.server.log.async-flush.enabled = false (default)
2023-03-16 19:31:07,321 [omNode-1-impl-thread1] INFO  server.RaftServerConfigKeys (ConfUtils.java:logGet(46)) - raft.server.log.statemachine.data.caching.enabled = false (default)
2023-03-16 19:31:07,327 [omNode-1-impl-thread1] INFO  segmented.SegmentedRaftLogWorker (SegmentedRaftLogWorker.java:lambda$new$0(135)) - omNode-1@group-9F3B95815DF6-SegmentedRaftLogWorker: flushIndex: setUnconditionally 0 -> -1
2023-03-16 19:31:07,327 [omNode-1-impl-thread1] INFO  segmented.SegmentedRaftLogWorker (SegmentedRaftLogWorker.java:lambda$new$0(135)) - omNode-1@group-9F3B95815DF6-SegmentedRaftLogWorker: safeCacheEvictIndex: setUnconditionally 0 -> -1
2023-03-16 19:31:07,328 [omNode-1-impl-thread1] INFO  server.RaftServer$Division (RaftServerImpl.java:start(334)) - omNode-1@group-9F3B95815DF6: start as a follower, conf=-1: peers:[omNode-1|rpc:localhost:36433|priority:0|startupRole:FOLLOWER]|listeners:[], old=null
2023-03-16 19:31:07,330 [omNode-1-impl-thread1] INFO  server.RaftServer$Division (RaftServerImpl.java:setRole(321)) - omNode-1@group-9F3B95815DF6: changes role from      null to FOLLOWER at term 0 for startAsFollower
2023-03-16 19:31:07,331 [omNode-1-impl-thread1] INFO  impl.RoleInfo (RoleInfo.java:updateAndGet(139)) - omNode-1: start omNode-1@group-9F3B95815DF6-FollowerState
2023-03-16 19:31:07,332 [omNode-1-impl-thread1] INFO  util.JmxRegister (JmxRegister.java:tryRegister(44)) - Successfully registered JMX Bean with object name Ratis:service=RaftServer,group=group-9F3B95815DF6,id=omNode-1
2023-03-16 19:31:07,336 [omNode-1-impl-thread1] INFO  server.RaftServerConfigKeys (ConfUtils.java:logGet(46)) - raft.server.snapshot.auto.trigger.enabled = true (custom)
2023-03-16 19:31:07,336 [omNode-1-impl-thread1] INFO  server.RaftServerConfigKeys (ConfUtils.java:logGet(46)) - raft.server.snapshot.auto.trigger.threshold = 400000 (default)
2023-03-16 19:31:07,337 [omNode-1-impl-thread1] INFO  server.RaftServerConfigKeys (ConfUtils.java:logGet(46)) - raft.server.snapshot.retention.file.num = -1 (default)
2023-03-16 19:31:07,337 [omNode-1-impl-thread1] INFO  server.RaftServerConfigKeys (ConfUtils.java:logGet(46)) - raft.server.log.purge.upto.snapshot.index = true (custom)
2023-03-16 19:31:07,340 [omNode-1@group-9F3B95815DF6-FollowerState] INFO  server.RaftServerConfigKeys (ConfUtils.java:logFallback(53)) - raft.server.rpc.first-election.timeout.min = 1s (fallback to raft.server.rpc.timeout.min)
2023-03-16 19:31:07,340 [omNode-1@group-9F3B95815DF6-FollowerState] INFO  server.RaftServerConfigKeys (ConfUtils.java:logFallback(53)) - raft.server.rpc.first-election.timeout.max = 1200ms (fallback to raft.server.rpc.timeout.max)
2023-03-16 19:31:07,340 [Listener at 127.0.0.1/32993] INFO  server.RaftServer (RaftServerProxy.java:startImpl(393)) - omNode-1: start RPC server
2023-03-16 19:31:07,392 [Listener at 127.0.0.1/32993] INFO  server.GrpcService (GrpcService.java:startImpl(262)) - omNode-1: GrpcService started, listening on 36433
2023-03-16 19:31:07,393 [JvmPauseMonitor0] INFO  util.JvmPauseMonitor (JvmPauseMonitor.java:run(105)) - JvmPauseMonitor-omNode-1: Started
2023-03-16 19:31:07,393 [Listener at 127.0.0.1/32993] INFO  om.OzoneManager (OzoneManager.java:start(1580)) - Version File has different layout version (3) than OM DB (null). That is expected if this OM has never been finalized to a newer layout version.
2023-03-16 19:31:07,415 [Listener at 127.0.0.1/32993] INFO  http.BaseHttpServer (BaseHttpServer.java:newHttpServer2BuilderForOzone(224)) - Starting Web-server for ozoneManager at: http://0.0.0.0:40187
2023-03-16 19:31:07,415 [Listener at 127.0.0.1/32993] INFO  http.BaseHttpServer (BaseHttpServer.java:<init>(111)) - Hadoop Security Enabled: false Ozone Security Enabled: false Ozone HTTP Security Enabled: false 
2023-03-16 19:31:07,417 [Listener at 127.0.0.1/32993] WARN  server.AuthenticationFilter (AuthenticationFilter.java:constructSecretProvider(240)) - Unable to initialize FileSignerSecretProvider, falling back to use random secrets. Reason: Could not read signature secret file: /home/runner/hadoop-http-auth-signature-secret
2023-03-16 19:31:07,420 [Listener at 127.0.0.1/32993] WARN  http.HttpRequestLog (HttpRequestLog.java:getRequestLog(103)) - Jetty request log can only be enabled using Log4j
2023-03-16 19:31:07,422 [Listener at 127.0.0.1/32993] INFO  http.HttpServer2 (HttpServer2.java:addGlobalFilter(1031)) - Added global filter 'safety' (class=org.apache.hadoop.hdds.server.http.HttpServer2$QuotingInputFilter)
2023-03-16 19:31:07,424 [Listener at 127.0.0.1/32993] INFO  http.HttpServer2 (HttpServer2.java:addFilter(1007)) - Added filter static_user_filter (class=org.apache.hadoop.http.lib.StaticUserWebFilter$StaticUserFilter) to context ozoneManager
2023-03-16 19:31:07,424 [Listener at 127.0.0.1/32993] INFO  http.HttpServer2 (HttpServer2.java:addFilter(1015)) - Added filter static_user_filter (class=org.apache.hadoop.http.lib.StaticUserWebFilter$StaticUserFilter) to context logs
2023-03-16 19:31:07,424 [Listener at 127.0.0.1/32993] INFO  http.HttpServer2 (HttpServer2.java:addFilter(1015)) - Added filter static_user_filter (class=org.apache.hadoop.http.lib.StaticUserWebFilter$StaticUserFilter) to context static
2023-03-16 19:31:07,426 [Listener at 127.0.0.1/32993] INFO  http.BaseHttpServer (BaseHttpServer.java:<init>(190)) - HTTP server of ozoneManager uses base directory /home/runner/work/ozone/ozone/hadoop-ozone/integration-test/target/test-dir/MiniOzoneClusterImpl-7c80c19b-b74a-4fd6-b02a-95a373f15db1/omNode-1/webserver
2023-03-16 19:31:07,428 [Listener at 127.0.0.1/32993] INFO  http.HttpServer2 (HttpServer2.java:bindListener(1250)) - Jetty bound to port 40187
2023-03-16 19:31:07,428 [Listener at 127.0.0.1/32993] INFO  server.Server (Server.java:doStart(375)) - jetty-9.4.49.v20220914; built: 2022-09-14T01:07:36.601Z; git: 4231a3b2e4cb8548a412a789936d640a97b1aa0a; jvm 1.8.0_362-b09
2023-03-16 19:31:07,430 [Listener at 127.0.0.1/32993] INFO  server.session (DefaultSessionIdManager.java:doStart(334)) - DefaultSessionIdManager workerName=node0
2023-03-16 19:31:07,430 [Listener at 127.0.0.1/32993] INFO  server.session (DefaultSessionIdManager.java:doStart(339)) - No SessionScavenger set, using defaults
2023-03-16 19:31:07,431 [Listener at 127.0.0.1/32993] INFO  server.session (HouseKeeper.java:startScavenging(132)) - node0 Scavenging every 660000ms
2023-03-16 19:31:07,431 [Listener at 127.0.0.1/32993] INFO  handler.ContextHandler (ContextHandler.java:doStart(921)) - Started o.e.j.s.ServletContextHandler@6a57365{logs,/logs,file:///home/runner/work/ozone/ozone/hadoop-ozone/integration-test/target/log,AVAILABLE}
2023-03-16 19:31:07,432 [Listener at 127.0.0.1/32993] INFO  handler.ContextHandler (ContextHandler.java:doStart(921)) - Started o.e.j.s.ServletContextHandler@1434251{static,/static,file:///home/runner/work/ozone/ozone/hadoop-ozone/integration-test/target/test-classes/webapps/static,AVAILABLE}
2023-03-16 19:31:07,437 [Listener at 127.0.0.1/32993] INFO  handler.ContextHandler (ContextHandler.java:doStart(921)) - Started o.e.j.w.WebAppContext@2d8d2832{ozoneManager,/,file:///home/runner/work/ozone/ozone/hadoop-ozone/integration-test/target/test-classes/webapps/ozoneManager/,AVAILABLE}{file:/home/runner/work/ozone/ozone/hadoop-ozone/integration-test/target/test-classes/webapps/ozoneManager}
2023-03-16 19:31:07,439 [Listener at 127.0.0.1/32993] INFO  server.AbstractConnector (AbstractConnector.java:doStart(333)) - Started ServerConnector@7aee9f49{HTTP/1.1, (http/1.1)}{0.0.0.0:40187}
2023-03-16 19:31:07,439 [Listener at 127.0.0.1/32993] INFO  server.Server (Server.java:doStart(415)) - Started @7132ms
2023-03-16 19:31:07,439 [Listener at 127.0.0.1/32993] WARN  impl.MetricsSystemImpl (MetricsSystemImpl.java:register(279)) - Sink prometheus already exists!
2023-03-16 19:31:07,440 [Listener at 127.0.0.1/32993] INFO  http.BaseHttpServer (BaseHttpServer.java:updateConnectorAddress(344)) - HTTP server of ozoneManager listening at http://0.0.0.0:40187
2023-03-16 19:31:07,441 [IPC Server Responder] INFO  ipc.Server (Server.java:run(1512)) - IPC Server Responder: starting
2023-03-16 19:31:07,446 [IPC Server listener on 32993] INFO  ipc.Server (Server.java:run(1352)) - IPC Server listener on 32993: starting
2023-03-16 19:31:07,452 [Listener at 127.0.0.1/32993] INFO  om.OzoneManager (OzoneManager.java:startTrashEmptier(2051)) - Trash Interval set to 0. Files deleted won't move to trash
2023-03-16 19:31:07,454 [Listener at 127.0.0.1/32993] INFO  ozone.MiniOzoneHAClusterImpl (MiniOzoneHAClusterImpl.java:createOMService(527)) - Started OzoneManager omNode-1 RPC server at localhost/127.0.0.1:32993
2023-03-16 19:31:07,461 [org.apache.hadoop.util.JvmPauseMonitor$Monitor@36b085da] INFO  util.JvmPauseMonitor (JvmPauseMonitor.java:run(188)) - Starting JVM pause monitor
2023-03-16 19:31:07,564 [Listener at 127.0.0.1/32993] WARN  impl.MetricRegistriesImpl (MetricRegistriesImpl.java:addReporterRegistration(111)) - New reporters are added after registries were created. Some metrics will be missing from the reporter. Please add reporter before adding any new registry.
2023-03-16 19:31:07,565 [Listener at 127.0.0.1/32993] WARN  impl.MetricRegistriesImpl (MetricRegistriesImpl.java:addReporterRegistration(111)) - New reporters are added after registries were created. Some metrics will be missing from the reporter. Please add reporter before adding any new registry.
2023-03-16 19:31:07,565 [Listener at 127.0.0.1/32993] INFO  impl.MetricsSystemImpl (MetricsSystemImpl.java:init(158)) - HddsDatanode metrics system started (again)
2023-03-16 19:31:07,581 [Listener at 127.0.0.1/32993] INFO  ozone.HddsDatanodeService (HddsDatanodeService.java:start(249)) - HddsDatanodeService host:fv-az39-712 ip:10.1.0.30
2023-03-16 19:31:07,605 [Listener at 127.0.0.1/32993] INFO  upgrade.AbstractLayoutVersionManager (AbstractLayoutVersionManager.java:init(83)) - Initializing Layout version manager with metadata layout = DATANODE_SCHEMA_V3 (version = 4), software layout = DATANODE_SCHEMA_V3 (version = 4)
2023-03-16 19:31:07,657 [Listener at 127.0.0.1/32993] INFO  reflections.Reflections (Reflections.java:scan(232)) - Reflections took 51 ms to scan 7 urls, producing 155 keys and 368 values 
2023-03-16 19:31:07,660 [Listener at 127.0.0.1/32993] INFO  statemachine.DatanodeStateMachine (DatanodeStateMachine.java:getEndPointTaskThreadPoolSize(260)) - Datanode State Machine Task Thread Pool size 2
2023-03-16 19:31:07,713 [Listener at 127.0.0.1/32993] INFO  volume.HddsVolume (HddsVolume.java:<init>(130)) - Creating HddsVolume: /home/runner/work/ozone/ozone/hadoop-ozone/integration-test/target/test-dir/MiniOzoneClusterImpl-7c80c19b-b74a-4fd6-b02a-95a373f15db1/datanode-0/data-0/containers/hdds of storage type : DISK capacity : 9223372036854775807
2023-03-16 19:31:07,715 [Listener at 127.0.0.1/32993] INFO  volume.MutableVolumeSet (MutableVolumeSet.java:initializeVolumeSet(174)) - Added Volume : /home/runner/work/ozone/ozone/hadoop-ozone/integration-test/target/test-dir/MiniOzoneClusterImpl-7c80c19b-b74a-4fd6-b02a-95a373f15db1/datanode-0/data-0/containers/hdds to VolumeSet
2023-03-16 19:31:07,716 [Listener at 127.0.0.1/32993] INFO  volume.ThrottledAsyncChecker (ThrottledAsyncChecker.java:schedule(141)) - Scheduling a check for /home/runner/work/ozone/ozone/hadoop-ozone/integration-test/target/test-dir/MiniOzoneClusterImpl-7c80c19b-b74a-4fd6-b02a-95a373f15db1/datanode-0/data-0/containers/hdds
2023-03-16 19:31:07,739 [Listener at 127.0.0.1/32993] INFO  volume.StorageVolumeChecker (StorageVolumeChecker.java:checkAllVolumes(202)) - Scheduled health check for volume /home/runner/work/ozone/ozone/hadoop-ozone/integration-test/target/test-dir/MiniOzoneClusterImpl-7c80c19b-b74a-4fd6-b02a-95a373f15db1/datanode-0/data-0/containers/hdds
2023-03-16 19:31:07,758 [Listener at 127.0.0.1/32993] INFO  volume.MutableVolumeSet (MutableVolumeSet.java:initializeVolumeSet(174)) - Added Volume : /home/runner/work/ozone/ozone/hadoop-ozone/integration-test/target/test-dir/MiniOzoneClusterImpl-7c80c19b-b74a-4fd6-b02a-95a373f15db1/datanode-0/data/ratis to VolumeSet
2023-03-16 19:31:07,758 [Listener at 127.0.0.1/32993] INFO  volume.ThrottledAsyncChecker (ThrottledAsyncChecker.java:schedule(141)) - Scheduling a check for /home/runner/work/ozone/ozone/hadoop-ozone/integration-test/target/test-dir/MiniOzoneClusterImpl-7c80c19b-b74a-4fd6-b02a-95a373f15db1/datanode-0/data/ratis
2023-03-16 19:31:07,759 [Listener at 127.0.0.1/32993] INFO  volume.StorageVolumeChecker (StorageVolumeChecker.java:checkAllVolumes(202)) - Scheduled health check for volume /home/runner/work/ozone/ozone/hadoop-ozone/integration-test/target/test-dir/MiniOzoneClusterImpl-7c80c19b-b74a-4fd6-b02a-95a373f15db1/datanode-0/data/ratis
2023-03-16 19:31:07,783 [Thread-137] INFO  ozoneimpl.ContainerReader (ContainerReader.java:readVolume(175)) - Finish verifying containers on volume /home/runner/work/ozone/ozone/hadoop-ozone/integration-test/target/test-dir/MiniOzoneClusterImpl-7c80c19b-b74a-4fd6-b02a-95a373f15db1/datanode-0/data-0/containers/hdds
2023-03-16 19:31:07,783 [Listener at 127.0.0.1/32993] INFO  ozoneimpl.OzoneContainer (OzoneContainer.java:buildContainerSet(307)) - Build ContainerSet costs 0s
2023-03-16 19:31:07,831 [Listener at 127.0.0.1/32993] INFO  audit.AuditLogger (AuditLogger.java:refreshDebugCmdSet(126)) - Refresh DebugCmdSet for DNAudit to [].
2023-03-16 19:31:07,863 [Listener at 127.0.0.1/32993] INFO  server.RaftServer (ConfUtils.java:logGet(46)) - raft.rpc.type = GRPC (default)
2023-03-16 19:31:07,863 [Listener at 127.0.0.1/32993] INFO  grpc.GrpcConfigKeys (ConfUtils.java:logFallback(53)) - raft.grpc.admin.host = null (fallback to raft.grpc.server.host)
2023-03-16 19:31:07,863 [Listener at 127.0.0.1/32993] INFO  grpc.GrpcConfigKeys (ConfUtils.java:logGet(46)) - raft.grpc.admin.port = 0 (custom)
2023-03-16 19:31:07,864 [Listener at 127.0.0.1/32993] INFO  grpc.GrpcConfigKeys (ConfUtils.java:logFallback(53)) - raft.grpc.client.host = null (fallback to raft.grpc.server.host)
2023-03-16 19:31:07,864 [Listener at 127.0.0.1/32993] INFO  grpc.GrpcConfigKeys (ConfUtils.java:logGet(46)) - raft.grpc.client.port = 0 (custom)
2023-03-16 19:31:07,864 [Listener at 127.0.0.1/32993] INFO  grpc.GrpcConfigKeys (ConfUtils.java:logGet(46)) - raft.grpc.server.host = null (default)
2023-03-16 19:31:07,864 [Listener at 127.0.0.1/32993] INFO  grpc.GrpcConfigKeys (ConfUtils.java:logGet(46)) - raft.grpc.server.port = 0 (default)
2023-03-16 19:31:07,864 [Listener at 127.0.0.1/32993] INFO  server.GrpcService (ConfUtils.java:logGet(46)) - raft.grpc.message.size.max = 32MB (=33554432) (custom)
2023-03-16 19:31:07,864 [Listener at 127.0.0.1/32993] INFO  server.RaftServerConfigKeys (ConfUtils.java:logGet(46)) - raft.server.log.appender.buffer.byte-limit = 33554432 (custom)
2023-03-16 19:31:07,864 [Listener at 127.0.0.1/32993] INFO  server.GrpcService (ConfUtils.java:logGet(46)) - raft.grpc.flow.control.window = 5MB (=5242880) (custom)
2023-03-16 19:31:07,865 [Listener at 127.0.0.1/32993] INFO  server.RaftServerConfigKeys (ConfUtils.java:logGet(46)) - raft.server.rpc.request.timeout = 60s (custom)
2023-03-16 19:31:07,865 [Listener at 127.0.0.1/32993] INFO  grpc.GrpcConfigKeys (ConfUtils.java:logGet(46)) - raft.grpc.server.heartbeat.channel = true (default)
2023-03-16 19:31:07,865 [Listener at 127.0.0.1/32993] INFO  grpc.GrpcConfigKeys (ConfUtils.java:logGet(46)) - raft.grpc.server.async.request.thread.pool.cached = true (default)
2023-03-16 19:31:07,865 [Listener at 127.0.0.1/32993] INFO  grpc.GrpcConfigKeys (ConfUtils.java:logGet(46)) - raft.grpc.server.async.request.thread.pool.size = 32 (default)
2023-03-16 19:31:07,866 [Listener at 127.0.0.1/32993] INFO  impl.DataStreamServerImpl (ConfUtils.java:logGet(46)) - raft.datastream.type = NETTY (custom)
2023-03-16 19:31:07,875 [Listener at 127.0.0.1/32993] INFO  server.RaftServerConfigKeys (ConfUtils.java:logGet(46)) - raft.server.data-stream.async.request.thread.pool.cached = false (default)
2023-03-16 19:31:07,875 [Listener at 127.0.0.1/32993] INFO  server.RaftServerConfigKeys (ConfUtils.java:logGet(46)) - raft.server.data-stream.async.request.thread.pool.size = 20 (custom)
2023-03-16 19:31:07,876 [Listener at 127.0.0.1/32993] INFO  server.RaftServerConfigKeys (ConfUtils.java:logGet(46)) - raft.server.data-stream.async.write.thread.pool.size = 16 (default)
2023-03-16 19:31:07,877 [Listener at 127.0.0.1/32993] INFO  server.RaftServerConfigKeys (ConfUtils.java:logGet(46)) - raft.server.data-stream.client.pool.size = 10 (default)
2023-03-16 19:31:07,879 [Listener at 127.0.0.1/32993] INFO  netty.NettyConfigKeys$DataStream (ConfUtils.java:logGet(46)) - raft.netty.dataStream.server.use-epoll = false (default)
2023-03-16 19:31:07,880 [Listener at 127.0.0.1/32993] INFO  netty.NettyConfigKeys$DataStream (ConfUtils.java:logGet(46)) - raft.netty.dataStream.server.boss-group.size = 0 (default)
2023-03-16 19:31:07,886 [Listener at 127.0.0.1/32993] INFO  netty.NettyConfigKeys$DataStream (ConfUtils.java:logGet(46)) - raft.netty.dataStream.server.worker-group.size = 0 (default)
2023-03-16 19:31:07,887 [Listener at 127.0.0.1/32993] INFO  netty.NettyConfigKeys$DataStream (ConfUtils.java:logGet(46)) - raft.netty.dataStream.server.tls.conf = null (default)
2023-03-16 19:31:07,888 [Listener at 127.0.0.1/32993] INFO  netty.NettyConfigKeys$DataStream (ConfUtils.java:logGet(46)) - raft.netty.dataStream.host = null (default)
2023-03-16 19:31:07,889 [Listener at 127.0.0.1/32993] INFO  netty.NettyConfigKeys$DataStream (ConfUtils.java:logGet(46)) - raft.netty.dataStream.port = 0 (default)
2023-03-16 19:31:07,897 [Listener at 127.0.0.1/32993] INFO  server.RaftServerConfigKeys (ConfUtils.java:logGet(46)) - raft.server.threadpool.proxy.cached = true (default)
2023-03-16 19:31:07,898 [Listener at 127.0.0.1/32993] INFO  server.RaftServerConfigKeys (ConfUtils.java:logGet(46)) - raft.server.threadpool.proxy.size = 0 (default)
2023-03-16 19:31:07,898 [Listener at 127.0.0.1/32993] INFO  server.RaftServerConfigKeys (ConfUtils.java:logGet(46)) - raft.server.rpc.slowness.timeout = 300s (custom)
2023-03-16 19:31:07,898 [Listener at 127.0.0.1/32993] INFO  server.RaftServerConfigKeys (ConfUtils.java:logGet(46)) - raft.server.leaderelection.leader.step-down.wait-time = 10s (default)
2023-03-16 19:31:07,898 [Listener at 127.0.0.1/32993] INFO  server.RaftServerConfigKeys (ConfUtils.java:logGet(46)) - raft.server.storage.dir = [/home/runner/work/ozone/ozone/hadoop-ozone/integration-test/target/test-dir/MiniOzoneClusterImpl-7c80c19b-b74a-4fd6-b02a-95a373f15db1/datanode-0/data/ratis] (custom)
2023-03-16 19:31:07,927 [9fd881d9-c6e7-4e8a-8ff9-b6fc1fe9c624-NettyServerStreamRpc-bossGroup--thread1] INFO  logging.LoggingHandler (AbstractInternalLogger.java:log(148)) - [id: 0x52ec8607] REGISTERED
2023-03-16 19:31:07,927 [9fd881d9-c6e7-4e8a-8ff9-b6fc1fe9c624-NettyServerStreamRpc-bossGroup--thread1] INFO  logging.LoggingHandler (AbstractInternalLogger.java:log(148)) - [id: 0x52ec8607] BIND: 0.0.0.0/0.0.0.0:0
2023-03-16 19:31:07,928 [9fd881d9-c6e7-4e8a-8ff9-b6fc1fe9c624-NettyServerStreamRpc-bossGroup--thread1] INFO  logging.LoggingHandler (AbstractInternalLogger.java:log(148)) - [id: 0x52ec8607, L:/0:0:0:0:0:0:0:0:41455] ACTIVE
2023-03-16 19:31:07,949 [Listener at 127.0.0.1/32993] INFO  server.XceiverServerGrpc (XceiverServerGrpc.java:<init>(132)) - GrpcServer channel type EpollServerSocketChannel
2023-03-16 19:31:08,057 [Listener at 127.0.0.1/32993] INFO  http.BaseHttpServer (BaseHttpServer.java:newHttpServer2BuilderForOzone(224)) - Starting Web-server for hddsDatanode at: http://0.0.0.0:0
2023-03-16 19:31:08,058 [Listener at 127.0.0.1/32993] INFO  http.BaseHttpServer (BaseHttpServer.java:<init>(111)) - Hadoop Security Enabled: false Ozone Security Enabled: false Ozone HTTP Security Enabled: false 
2023-03-16 19:31:08,059 [Listener at 127.0.0.1/32993] WARN  server.AuthenticationFilter (AuthenticationFilter.java:constructSecretProvider(240)) - Unable to initialize FileSignerSecretProvider, falling back to use random secrets. Reason: Could not read signature secret file: /home/runner/hadoop-http-auth-signature-secret
2023-03-16 19:31:08,060 [Listener at 127.0.0.1/32993] WARN  http.HttpRequestLog (HttpRequestLog.java:getRequestLog(103)) - Jetty request log can only be enabled using Log4j
2023-03-16 19:31:08,062 [Listener at 127.0.0.1/32993] INFO  http.HttpServer2 (HttpServer2.java:addGlobalFilter(1031)) - Added global filter 'safety' (class=org.apache.hadoop.hdds.server.http.HttpServer2$QuotingInputFilter)
2023-03-16 19:31:08,063 [Listener at 127.0.0.1/32993] INFO  http.HttpServer2 (HttpServer2.java:addFilter(1007)) - Added filter static_user_filter (class=org.apache.hadoop.http.lib.StaticUserWebFilter$StaticUserFilter) to context hddsDatanode
2023-03-16 19:31:08,063 [Listener at 127.0.0.1/32993] INFO  http.HttpServer2 (HttpServer2.java:addFilter(1015)) - Added filter static_user_filter (class=org.apache.hadoop.http.lib.StaticUserWebFilter$StaticUserFilter) to context static
2023-03-16 19:31:08,063 [Listener at 127.0.0.1/32993] INFO  http.HttpServer2 (HttpServer2.java:addFilter(1015)) - Added filter static_user_filter (class=org.apache.hadoop.http.lib.StaticUserWebFilter$StaticUserFilter) to context logs
2023-03-16 19:31:08,064 [Listener at 127.0.0.1/32993] INFO  http.BaseHttpServer (BaseHttpServer.java:<init>(190)) - HTTP server of hddsDatanode uses base directory /home/runner/work/ozone/ozone/hadoop-ozone/integration-test/target/test-dir/MiniOzoneClusterImpl-7c80c19b-b74a-4fd6-b02a-95a373f15db1/datanode-0/meta/webserver
2023-03-16 19:31:08,064 [Listener at 127.0.0.1/32993] INFO  http.HttpServer2 (HttpServer2.java:bindListener(1250)) - Jetty bound to port 42955
2023-03-16 19:31:08,064 [Listener at 127.0.0.1/32993] INFO  server.Server (Server.java:doStart(375)) - jetty-9.4.49.v20220914; built: 2022-09-14T01:07:36.601Z; git: 4231a3b2e4cb8548a412a789936d640a97b1aa0a; jvm 1.8.0_362-b09
2023-03-16 19:31:08,080 [Listener at 127.0.0.1/32993] INFO  server.session (DefaultSessionIdManager.java:doStart(334)) - DefaultSessionIdManager workerName=node0
2023-03-16 19:31:08,080 [Listener at 127.0.0.1/32993] INFO  server.session (DefaultSessionIdManager.java:doStart(339)) - No SessionScavenger set, using defaults
2023-03-16 19:31:08,080 [Listener at 127.0.0.1/32993] INFO  server.session (HouseKeeper.java:startScavenging(132)) - node0 Scavenging every 660000ms
2023-03-16 19:31:08,081 [Listener at 127.0.0.1/32993] INFO  handler.ContextHandler (ContextHandler.java:doStart(921)) - Started o.e.j.s.ServletContextHandler@32dc7ae3{logs,/logs,file:///home/runner/work/ozone/ozone/hadoop-ozone/integration-test/target/log,AVAILABLE}
2023-03-16 19:31:08,081 [Listener at 127.0.0.1/32993] INFO  handler.ContextHandler (ContextHandler.java:doStart(921)) - Started o.e.j.s.ServletContextHandler@4b3b044f{static,/static,jar:file:/home/runner/.m2/repository/org/apache/ozone/hdds-container-service/1.4.0-SNAPSHOT/hdds-container-service-1.4.0-SNAPSHOT.jar!/webapps/static,AVAILABLE}
2023-03-16 19:31:08,310 [Listener at 127.0.0.1/32993] INFO  handler.ContextHandler (ContextHandler.java:doStart(921)) - Started o.e.j.w.WebAppContext@34a69db{hddsDatanode,/,file:///home/runner/work/ozone/ozone/hadoop-ozone/integration-test/target/test-dir/MiniOzoneClusterImpl-7c80c19b-b74a-4fd6-b02a-95a373f15db1/datanode-0/meta/webserver/jetty-0_0_0_0-42955-hdds-container-service-1_4_0-SNAPSHOT_jar-_-any-4101583449201943001/webapp/,AVAILABLE}{jar:file:/home/runner/.m2/repository/org/apache/ozone/hdds-container-service/1.4.0-SNAPSHOT/hdds-container-service-1.4.0-SNAPSHOT.jar!/webapps/hddsDatanode}
2023-03-16 19:31:08,312 [Listener at 127.0.0.1/32993] INFO  server.AbstractConnector (AbstractConnector.java:doStart(333)) - Started ServerConnector@6d07d713{HTTP/1.1, (http/1.1)}{0.0.0.0:42955}
2023-03-16 19:31:08,312 [Listener at 127.0.0.1/32993] INFO  server.Server (Server.java:doStart(415)) - Started @8005ms
2023-03-16 19:31:08,312 [Listener at 127.0.0.1/32993] WARN  impl.MetricsSystemImpl (MetricsSystemImpl.java:register(279)) - Sink prometheus already exists!
2023-03-16 19:31:08,313 [Listener at 127.0.0.1/32993] INFO  http.BaseHttpServer (BaseHttpServer.java:updateConnectorAddress(344)) - HTTP server of hddsDatanode listening at http://0.0.0.0:42955
2023-03-16 19:31:08,314 [Listener at 127.0.0.1/32993] WARN  impl.MetricRegistriesImpl (MetricRegistriesImpl.java:addReporterRegistration(111)) - New reporters are added after registries were created. Some metrics will be missing from the reporter. Please add reporter before adding any new registry.
2023-03-16 19:31:08,315 [Listener at 127.0.0.1/32993] WARN  impl.MetricRegistriesImpl (MetricRegistriesImpl.java:addReporterRegistration(111)) - New reporters are added after registries were created. Some metrics will be missing from the reporter. Please add reporter before adding any new registry.
2023-03-16 19:31:08,315 [Listener at 127.0.0.1/32993] INFO  impl.MetricsSystemImpl (MetricsSystemImpl.java:init(158)) - HddsDatanode metrics system started (again)
2023-03-16 19:31:08,315 [Datanode State Machine Daemon Thread] INFO  statemachine.DatanodeStateMachine (DatanodeStateMachine.java:lambda$startDaemon$0(517)) - Ozone container server started.
2023-03-16 19:31:08,327 [Listener at 127.0.0.1/32993] INFO  ozone.HddsDatanodeService (HddsDatanodeService.java:start(249)) - HddsDatanodeService host:fv-az39-712 ip:10.1.0.30
2023-03-16 19:31:08,345 [org.apache.hadoop.util.JvmPauseMonitor$Monitor@19b78e10] INFO  util.JvmPauseMonitor (JvmPauseMonitor.java:run(188)) - Starting JVM pause monitor
2023-03-16 19:31:08,360 [Listener at 127.0.0.1/32993] INFO  upgrade.AbstractLayoutVersionManager (AbstractLayoutVersionManager.java:init(83)) - Initializing Layout version manager with metadata layout = DATANODE_SCHEMA_V3 (version = 4), software layout = DATANODE_SCHEMA_V3 (version = 4)
2023-03-16 19:31:08,437 [Listener at 127.0.0.1/32993] INFO  reflections.Reflections (Reflections.java:scan(232)) - Reflections took 74 ms to scan 7 urls, producing 155 keys and 368 values 
2023-03-16 19:31:08,441 [Listener at 127.0.0.1/32993] INFO  statemachine.DatanodeStateMachine (DatanodeStateMachine.java:getEndPointTaskThreadPoolSize(260)) - Datanode State Machine Task Thread Pool size 2
2023-03-16 19:31:08,446 [Listener at 127.0.0.1/32993] INFO  volume.HddsVolume (HddsVolume.java:<init>(130)) - Creating HddsVolume: /home/runner/work/ozone/ozone/hadoop-ozone/integration-test/target/test-dir/MiniOzoneClusterImpl-7c80c19b-b74a-4fd6-b02a-95a373f15db1/datanode-1/data-0/containers/hdds of storage type : DISK capacity : 9223372036854775807
2023-03-16 19:31:08,447 [Listener at 127.0.0.1/32993] INFO  volume.MutableVolumeSet (MutableVolumeSet.java:initializeVolumeSet(174)) - Added Volume : /home/runner/work/ozone/ozone/hadoop-ozone/integration-test/target/test-dir/MiniOzoneClusterImpl-7c80c19b-b74a-4fd6-b02a-95a373f15db1/datanode-1/data-0/containers/hdds to VolumeSet
2023-03-16 19:31:08,447 [Listener at 127.0.0.1/32993] INFO  volume.ThrottledAsyncChecker (ThrottledAsyncChecker.java:schedule(141)) - Scheduling a check for /home/runner/work/ozone/ozone/hadoop-ozone/integration-test/target/test-dir/MiniOzoneClusterImpl-7c80c19b-b74a-4fd6-b02a-95a373f15db1/datanode-1/data-0/containers/hdds
2023-03-16 19:31:08,457 [Listener at 127.0.0.1/32993] INFO  volume.StorageVolumeChecker (StorageVolumeChecker.java:checkAllVolumes(202)) - Scheduled health check for volume /home/runner/work/ozone/ozone/hadoop-ozone/integration-test/target/test-dir/MiniOzoneClusterImpl-7c80c19b-b74a-4fd6-b02a-95a373f15db1/datanode-1/data-0/containers/hdds
2023-03-16 19:31:08,475 [Listener at 127.0.0.1/32993] INFO  volume.MutableVolumeSet (MutableVolumeSet.java:initializeVolumeSet(174)) - Added Volume : /home/runner/work/ozone/ozone/hadoop-ozone/integration-test/target/test-dir/MiniOzoneClusterImpl-7c80c19b-b74a-4fd6-b02a-95a373f15db1/datanode-1/data/ratis to VolumeSet
2023-03-16 19:31:08,475 [Listener at 127.0.0.1/32993] INFO  volume.ThrottledAsyncChecker (ThrottledAsyncChecker.java:schedule(141)) - Scheduling a check for /home/runner/work/ozone/ozone/hadoop-ozone/integration-test/target/test-dir/MiniOzoneClusterImpl-7c80c19b-b74a-4fd6-b02a-95a373f15db1/datanode-1/data/ratis
2023-03-16 19:31:08,476 [Listener at 127.0.0.1/32993] INFO  volume.StorageVolumeChecker (StorageVolumeChecker.java:checkAllVolumes(202)) - Scheduled health check for volume /home/runner/work/ozone/ozone/hadoop-ozone/integration-test/target/test-dir/MiniOzoneClusterImpl-7c80c19b-b74a-4fd6-b02a-95a373f15db1/datanode-1/data/ratis
2023-03-16 19:31:08,495 [Datanode State Machine Task Thread - 0] INFO  datanode.InitDatanodeState (InitDatanodeState.java:persistContainerDatanodeDetails(138)) - DatanodeDetails is persisted to /home/runner/work/ozone/ozone/hadoop-ozone/integration-test/target/test-dir/MiniOzoneClusterImpl-7c80c19b-b74a-4fd6-b02a-95a373f15db1/datanode-0/meta/datanode.id
2023-03-16 19:31:08,496 [Thread-151] INFO  ozoneimpl.ContainerReader (ContainerReader.java:readVolume(175)) - Finish verifying containers on volume /home/runner/work/ozone/ozone/hadoop-ozone/integration-test/target/test-dir/MiniOzoneClusterImpl-7c80c19b-b74a-4fd6-b02a-95a373f15db1/datanode-1/data-0/containers/hdds
2023-03-16 19:31:08,496 [Listener at 127.0.0.1/32993] INFO  ozoneimpl.OzoneContainer (OzoneContainer.java:buildContainerSet(307)) - Build ContainerSet costs 0s
2023-03-16 19:31:08,498 [omNode-1@group-9F3B95815DF6-FollowerState] INFO  impl.FollowerState (FollowerState.java:run(143)) - omNode-1@group-9F3B95815DF6-FollowerState: change to CANDIDATE, lastRpcElapsedTime:1166786663ns, electionTimeout:1157ms
2023-03-16 19:31:08,499 [omNode-1@group-9F3B95815DF6-FollowerState] INFO  impl.RoleInfo (RoleInfo.java:shutdownFollowerState(110)) - omNode-1: shutdown omNode-1@group-9F3B95815DF6-FollowerState
2023-03-16 19:31:08,499 [omNode-1@group-9F3B95815DF6-FollowerState] INFO  server.RaftServer$Division (RaftServerImpl.java:setRole(321)) - omNode-1@group-9F3B95815DF6: changes role from  FOLLOWER to CANDIDATE at term 0 for changeToCandidate
2023-03-16 19:31:08,516 [omNode-1@group-9F3B95815DF6-FollowerState] INFO  server.RaftServerConfigKeys (ConfUtils.java:logGet(46)) - raft.server.leaderelection.pre-vote = true (default)
2023-03-16 19:31:08,516 [omNode-1@group-9F3B95815DF6-FollowerState] INFO  impl.RoleInfo (RoleInfo.java:updateAndGet(139)) - omNode-1: start omNode-1@group-9F3B95815DF6-LeaderElection1
2023-03-16 19:31:08,523 [Listener at 127.0.0.1/32993] INFO  server.RaftServer (ConfUtils.java:logGet(46)) - raft.rpc.type = GRPC (default)
2023-03-16 19:31:08,523 [Listener at 127.0.0.1/32993] INFO  grpc.GrpcConfigKeys (ConfUtils.java:logFallback(53)) - raft.grpc.admin.host = null (fallback to raft.grpc.server.host)
2023-03-16 19:31:08,528 [Listener at 127.0.0.1/32993] INFO  grpc.GrpcConfigKeys (ConfUtils.java:logGet(46)) - raft.grpc.admin.port = 0 (custom)
2023-03-16 19:31:08,528 [Listener at 127.0.0.1/32993] INFO  grpc.GrpcConfigKeys (ConfUtils.java:logFallback(53)) - raft.grpc.client.host = null (fallback to raft.grpc.server.host)
2023-03-16 19:31:08,529 [Listener at 127.0.0.1/32993] INFO  grpc.GrpcConfigKeys (ConfUtils.java:logGet(46)) - raft.grpc.client.port = 0 (custom)
2023-03-16 19:31:08,530 [Listener at 127.0.0.1/32993] INFO  grpc.GrpcConfigKeys (ConfUtils.java:logGet(46)) - raft.grpc.server.host = null (default)
2023-03-16 19:31:08,531 [Listener at 127.0.0.1/32993] INFO  grpc.GrpcConfigKeys (ConfUtils.java:logGet(46)) - raft.grpc.server.port = 0 (default)
2023-03-16 19:31:08,531 [Listener at 127.0.0.1/32993] INFO  server.GrpcService (ConfUtils.java:logGet(46)) - raft.grpc.message.size.max = 32MB (=33554432) (custom)
2023-03-16 19:31:08,531 [Listener at 127.0.0.1/32993] INFO  server.RaftServerConfigKeys (ConfUtils.java:logGet(46)) - raft.server.log.appender.buffer.byte-limit = 33554432 (custom)
2023-03-16 19:31:08,531 [Listener at 127.0.0.1/32993] INFO  server.GrpcService (ConfUtils.java:logGet(46)) - raft.grpc.flow.control.window = 5MB (=5242880) (custom)
2023-03-16 19:31:08,531 [Listener at 127.0.0.1/32993] INFO  server.RaftServerConfigKeys (ConfUtils.java:logGet(46)) - raft.server.rpc.request.timeout = 60s (custom)
2023-03-16 19:31:08,532 [Listener at 127.0.0.1/32993] INFO  grpc.GrpcConfigKeys (ConfUtils.java:logGet(46)) - raft.grpc.server.heartbeat.channel = true (default)
2023-03-16 19:31:08,532 [Listener at 127.0.0.1/32993] INFO  grpc.GrpcConfigKeys (ConfUtils.java:logGet(46)) - raft.grpc.server.async.request.thread.pool.cached = true (default)
2023-03-16 19:31:08,532 [Listener at 127.0.0.1/32993] INFO  grpc.GrpcConfigKeys (ConfUtils.java:logGet(46)) - raft.grpc.server.async.request.thread.pool.size = 32 (default)
2023-03-16 19:31:08,530 [omNode-1@group-9F3B95815DF6-LeaderElection1] INFO  impl.LeaderElection (LeaderElection.java:askForVotes(312)) - omNode-1@group-9F3B95815DF6-LeaderElection1 PRE_VOTE round 0: submit vote requests at term 0 for -1: peers:[omNode-1|rpc:localhost:36433|priority:0|startupRole:FOLLOWER]|listeners:[], old=null
2023-03-16 19:31:08,533 [omNode-1@group-9F3B95815DF6-LeaderElection1] INFO  impl.LeaderElection (LeaderElection.java:askForVotes(314)) - omNode-1@group-9F3B95815DF6-LeaderElection1 PRE_VOTE round 0: result PASSED (term=0)
2023-03-16 19:31:08,535 [omNode-1@group-9F3B95815DF6-LeaderElection1] INFO  impl.LeaderElection (LeaderElection.java:askForVotes(312)) - omNode-1@group-9F3B95815DF6-LeaderElection1 ELECTION round 0: submit vote requests at term 1 for -1: peers:[omNode-1|rpc:localhost:36433|priority:0|startupRole:FOLLOWER]|listeners:[], old=null
2023-03-16 19:31:08,535 [omNode-1@group-9F3B95815DF6-LeaderElection1] INFO  impl.LeaderElection (LeaderElection.java:askForVotes(314)) - omNode-1@group-9F3B95815DF6-LeaderElection1 ELECTION round 0: result PASSED (term=1)
2023-03-16 19:31:08,535 [omNode-1@group-9F3B95815DF6-LeaderElection1] INFO  impl.RoleInfo (RoleInfo.java:shutdownLeaderElection(130)) - omNode-1: shutdown omNode-1@group-9F3B95815DF6-LeaderElection1
2023-03-16 19:31:08,536 [Listener at 127.0.0.1/32993] INFO  impl.DataStreamServerImpl (ConfUtils.java:logGet(46)) - raft.datastream.type = NETTY (custom)
2023-03-16 19:31:08,536 [omNode-1@group-9F3B95815DF6-LeaderElection1] INFO  server.RaftServer$Division (RaftServerImpl.java:setRole(321)) - omNode-1@group-9F3B95815DF6: changes role from CANDIDATE to LEADER at term 1 for changeToLeader
2023-03-16 19:31:08,536 [Listener at 127.0.0.1/32993] INFO  server.RaftServerConfigKeys (ConfUtils.java:logGet(46)) - raft.server.data-stream.async.request.thread.pool.cached = false (default)
2023-03-16 19:31:08,536 [Listener at 127.0.0.1/32993] INFO  server.RaftServerConfigKeys (ConfUtils.java:logGet(46)) - raft.server.data-stream.async.request.thread.pool.size = 20 (custom)
2023-03-16 19:31:08,536 [Listener at 127.0.0.1/32993] INFO  server.RaftServerConfigKeys (ConfUtils.java:logGet(46)) - raft.server.data-stream.async.write.thread.pool.size = 16 (default)
2023-03-16 19:31:08,536 [Listener at 127.0.0.1/32993] INFO  server.RaftServerConfigKeys (ConfUtils.java:logGet(46)) - raft.server.data-stream.client.pool.size = 10 (default)
2023-03-16 19:31:08,537 [omNode-1@group-9F3B95815DF6-LeaderElection1] INFO  server.RaftServer$Division (ServerState.java:setLeader(313)) - omNode-1@group-9F3B95815DF6: change Leader from null to omNode-1 at term 1 for becomeLeader, leader elected after 2308ms
2023-03-16 19:31:08,542 [omNode-1@group-9F3B95815DF6-LeaderElection1] INFO  server.RaftServerConfigKeys (ConfUtils.java:logGet(46)) - raft.server.staging.catchup.gap = 1000 (default)
2023-03-16 19:31:08,537 [Listener at 127.0.0.1/32993] INFO  netty.NettyConfigKeys$DataStream (ConfUtils.java:logGet(46)) - raft.netty.dataStream.server.use-epoll = false (default)
2023-03-16 19:31:08,545 [Listener at 127.0.0.1/32993] INFO  netty.NettyConfigKeys$DataStream (ConfUtils.java:logGet(46)) - raft.netty.dataStream.server.boss-group.size = 0 (default)
2023-03-16 19:31:08,546 [Listener at 127.0.0.1/32993] INFO  netty.NettyConfigKeys$DataStream (ConfUtils.java:logGet(46)) - raft.netty.dataStream.server.worker-group.size = 0 (default)
2023-03-16 19:31:08,546 [Listener at 127.0.0.1/32993] INFO  netty.NettyConfigKeys$DataStream (ConfUtils.java:logGet(46)) - raft.netty.dataStream.server.tls.conf = null (default)
2023-03-16 19:31:08,546 [omNode-1@group-9F3B95815DF6-LeaderElection1] INFO  server.RaftServerConfigKeys (ConfUtils.java:logGet(46)) - raft.server.write.element-limit = 4096 (default)
2023-03-16 19:31:08,547 [Listener at 127.0.0.1/32993] INFO  netty.NettyConfigKeys$DataStream (ConfUtils.java:logGet(46)) - raft.netty.dataStream.host = null (default)
2023-03-16 19:31:08,547 [Listener at 127.0.0.1/32993] INFO  netty.NettyConfigKeys$DataStream (ConfUtils.java:logGet(46)) - raft.netty.dataStream.port = 0 (default)
2023-03-16 19:31:08,547 [omNode-1@group-9F3B95815DF6-LeaderElection1] INFO  server.RaftServerConfigKeys (ConfUtils.java:logGet(46)) - raft.server.write.byte-limit = 64MB (=67108864) (default)
2023-03-16 19:31:08,552 [omNode-1@group-9F3B95815DF6-LeaderElection1] INFO  server.RaftServerConfigKeys (ConfUtils.java:logGet(46)) - raft.server.watch.timeout = 10s (default)
2023-03-16 19:31:08,552 [Listener at 127.0.0.1/32993] INFO  server.RaftServerConfigKeys (ConfUtils.java:logGet(46)) - raft.server.threadpool.proxy.cached = true (default)
2023-03-16 19:31:08,554 [Listener at 127.0.0.1/32993] INFO  server.RaftServerConfigKeys (ConfUtils.java:logGet(46)) - raft.server.threadpool.proxy.size = 0 (default)
2023-03-16 19:31:08,554 [omNode-1@group-9F3B95815DF6-LeaderElection1] INFO  server.RaftServerConfigKeys (ConfUtils.java:logGet(46)) - raft.server.watch.timeout.denomination = 1s (default)
2023-03-16 19:31:08,554 [Listener at 127.0.0.1/32993] INFO  server.RaftServerConfigKeys (ConfUtils.java:logGet(46)) - raft.server.rpc.slowness.timeout = 300s (custom)
2023-03-16 19:31:08,554 [Listener at 127.0.0.1/32993] INFO  server.RaftServerConfigKeys (ConfUtils.java:logGet(46)) - raft.server.leaderelection.leader.step-down.wait-time = 10s (default)
2023-03-16 19:31:08,554 [Listener at 127.0.0.1/32993] INFO  server.RaftServerConfigKeys (ConfUtils.java:logGet(46)) - raft.server.storage.dir = [/home/runner/work/ozone/ozone/hadoop-ozone/integration-test/target/test-dir/MiniOzoneClusterImpl-7c80c19b-b74a-4fd6-b02a-95a373f15db1/datanode-1/data/ratis] (custom)
2023-03-16 19:31:08,555 [omNode-1@group-9F3B95815DF6-LeaderElection1] INFO  server.RaftServerConfigKeys (ConfUtils.java:logGet(46)) - raft.server.watch.element-limit = 65536 (default)
2023-03-16 19:31:08,558 [501afb93-dbf6-4762-89b0-1530e6487361-NettyServerStreamRpc-bossGroup--thread1] INFO  logging.LoggingHandler (AbstractInternalLogger.java:log(148)) - [id: 0x8e8d8f5e] REGISTERED
2023-03-16 19:31:08,558 [501afb93-dbf6-4762-89b0-1530e6487361-NettyServerStreamRpc-bossGroup--thread1] INFO  logging.LoggingHandler (AbstractInternalLogger.java:log(148)) - [id: 0x8e8d8f5e] BIND: 0.0.0.0/0.0.0.0:0
2023-03-16 19:31:08,559 [501afb93-dbf6-4762-89b0-1530e6487361-NettyServerStreamRpc-bossGroup--thread1] INFO  logging.LoggingHandler (AbstractInternalLogger.java:log(148)) - [id: 0x8e8d8f5e, L:/0:0:0:0:0:0:0:0:43295] ACTIVE
2023-03-16 19:31:08,561 [Listener at 127.0.0.1/32993] INFO  server.XceiverServerGrpc (XceiverServerGrpc.java:<init>(132)) - GrpcServer channel type EpollServerSocketChannel
2023-03-16 19:31:08,561 [omNode-1@group-9F3B95815DF6-LeaderElection1] INFO  server.RaftServerConfigKeys (ConfUtils.java:logGet(46)) - raft.server.write.element-limit = 4096 (default)
2023-03-16 19:31:08,563 [omNode-1@group-9F3B95815DF6-LeaderElection1] INFO  server.RaftServerConfigKeys (ConfUtils.java:logGet(46)) - raft.server.write.follower.gap.ratio.max = -1.0 (default)
2023-03-16 19:31:08,571 [omNode-1@group-9F3B95815DF6-LeaderElection1] INFO  impl.RoleInfo (RoleInfo.java:updateAndGet(139)) - omNode-1: start omNode-1@group-9F3B95815DF6-LeaderStateImpl
2023-03-16 19:31:08,578 [Listener at 127.0.0.1/32993] INFO  http.BaseHttpServer (BaseHttpServer.java:newHttpServer2BuilderForOzone(224)) - Starting Web-server for hddsDatanode at: http://0.0.0.0:0
2023-03-16 19:31:08,578 [Listener at 127.0.0.1/32993] INFO  http.BaseHttpServer (BaseHttpServer.java:<init>(111)) - Hadoop Security Enabled: false Ozone Security Enabled: false Ozone HTTP Security Enabled: false 
2023-03-16 19:31:08,579 [Listener at 127.0.0.1/32993] WARN  server.AuthenticationFilter (AuthenticationFilter.java:constructSecretProvider(240)) - Unable to initialize FileSignerSecretProvider, falling back to use random secrets. Reason: Could not read signature secret file: /home/runner/hadoop-http-auth-signature-secret
2023-03-16 19:31:08,581 [Listener at 127.0.0.1/32993] WARN  http.HttpRequestLog (HttpRequestLog.java:getRequestLog(103)) - Jetty request log can only be enabled using Log4j
2023-03-16 19:31:08,582 [Listener at 127.0.0.1/32993] INFO  http.HttpServer2 (HttpServer2.java:addGlobalFilter(1031)) - Added global filter 'safety' (class=org.apache.hadoop.hdds.server.http.HttpServer2$QuotingInputFilter)
2023-03-16 19:31:08,583 [Listener at 127.0.0.1/32993] INFO  http.HttpServer2 (HttpServer2.java:addFilter(1007)) - Added filter static_user_filter (class=org.apache.hadoop.http.lib.StaticUserWebFilter$StaticUserFilter) to context hddsDatanode
2023-03-16 19:31:08,583 [Listener at 127.0.0.1/32993] INFO  http.HttpServer2 (HttpServer2.java:addFilter(1015)) - Added filter static_user_filter (class=org.apache.hadoop.http.lib.StaticUserWebFilter$StaticUserFilter) to context static
2023-03-16 19:31:08,583 [Listener at 127.0.0.1/32993] INFO  http.HttpServer2 (HttpServer2.java:addFilter(1015)) - Added filter static_user_filter (class=org.apache.hadoop.http.lib.StaticUserWebFilter$StaticUserFilter) to context logs
2023-03-16 19:31:08,584 [Listener at 127.0.0.1/32993] INFO  http.BaseHttpServer (BaseHttpServer.java:<init>(190)) - HTTP server of hddsDatanode uses base directory /home/runner/work/ozone/ozone/hadoop-ozone/integration-test/target/test-dir/MiniOzoneClusterImpl-7c80c19b-b74a-4fd6-b02a-95a373f15db1/datanode-1/meta/webserver
2023-03-16 19:31:08,584 [Listener at 127.0.0.1/32993] INFO  http.HttpServer2 (HttpServer2.java:bindListener(1250)) - Jetty bound to port 46391
2023-03-16 19:31:08,584 [Listener at 127.0.0.1/32993] INFO  server.Server (Server.java:doStart(375)) - jetty-9.4.49.v20220914; built: 2022-09-14T01:07:36.601Z; git: 4231a3b2e4cb8548a412a789936d640a97b1aa0a; jvm 1.8.0_362-b09
2023-03-16 19:31:08,593 [Listener at 127.0.0.1/32993] INFO  server.session (DefaultSessionIdManager.java:doStart(334)) - DefaultSessionIdManager workerName=node0
2023-03-16 19:31:08,594 [Listener at 127.0.0.1/32993] INFO  server.session (DefaultSessionIdManager.java:doStart(339)) - No SessionScavenger set, using defaults
2023-03-16 19:31:08,594 [Listener at 127.0.0.1/32993] INFO  server.session (HouseKeeper.java:startScavenging(132)) - node0 Scavenging every 660000ms
2023-03-16 19:31:08,595 [Listener at 127.0.0.1/32993] INFO  handler.ContextHandler (ContextHandler.java:doStart(921)) - Started o.e.j.s.ServletContextHandler@553fe912{logs,/logs,file:///home/runner/work/ozone/ozone/hadoop-ozone/integration-test/target/log,AVAILABLE}
2023-03-16 19:31:08,595 [Listener at 127.0.0.1/32993] INFO  handler.ContextHandler (ContextHandler.java:doStart(921)) - Started o.e.j.s.ServletContextHandler@4cb790ff{static,/static,jar:file:/home/runner/.m2/repository/org/apache/ozone/hdds-container-service/1.4.0-SNAPSHOT/hdds-container-service-1.4.0-SNAPSHOT.jar!/webapps/static,AVAILABLE}
2023-03-16 19:31:08,599 [omNode-1@group-9F3B95815DF6-LeaderElection1] INFO  segmented.SegmentedRaftLogWorker (SegmentedRaftLogWorker.java:startLogSegment(452)) - omNode-1@group-9F3B95815DF6-SegmentedRaftLogWorker: Starting segment from index:0
2023-03-16 19:31:08,645 [omNode-1@group-9F3B95815DF6-LeaderElection1] INFO  server.RaftServer$Division (ServerState.java:setRaftConf(430)) - omNode-1@group-9F3B95815DF6: set configuration 0: peers:[omNode-1|rpc:localhost:36433|admin:|client:|dataStream:|priority:0|startupRole:FOLLOWER]|listeners:[], old=null
2023-03-16 19:31:08,725 [omNode-1@group-9F3B95815DF6-SegmentedRaftLogWorker] INFO  segmented.SegmentedRaftLogWorker (SegmentedRaftLogWorker.java:execute(656)) - omNode-1@group-9F3B95815DF6-SegmentedRaftLogWorker: created new log segment /home/runner/work/ozone/ozone/hadoop-ozone/integration-test/target/test-dir/MiniOzoneClusterImpl-7c80c19b-b74a-4fd6-b02a-95a373f15db1/omNode-1/ratis/108b9915-3f04-3aac-8c5b-9f3b95815df6/current/log_inprogress_0
2023-03-16 19:31:08,818 [omNode-1@group-9F3B95815DF6-StateMachineUpdater] INFO  ratis.OzoneManagerStateMachine (OzoneManagerStateMachine.java:notifyConfigurationChanged(192)) - Received Configuration change notification from Ratis. New Peer list:
[id: "omNode-1"
address: "localhost:36433"
startupRole: FOLLOWER
]
2023-03-16 19:31:08,863 [Listener at 127.0.0.1/32993] INFO  handler.ContextHandler (ContextHandler.java:doStart(921)) - Started o.e.j.w.WebAppContext@19fec920{hddsDatanode,/,file:///home/runner/work/ozone/ozone/hadoop-ozone/integration-test/target/test-dir/MiniOzoneClusterImpl-7c80c19b-b74a-4fd6-b02a-95a373f15db1/datanode-1/meta/webserver/jetty-0_0_0_0-46391-hdds-container-service-1_4_0-SNAPSHOT_jar-_-any-564710597635647538/webapp/,AVAILABLE}{jar:file:/home/runner/.m2/repository/org/apache/ozone/hdds-container-service/1.4.0-SNAPSHOT/hdds-container-service-1.4.0-SNAPSHOT.jar!/webapps/hddsDatanode}
2023-03-16 19:31:08,864 [Listener at 127.0.0.1/32993] INFO  server.AbstractConnector (AbstractConnector.java:doStart(333)) - Started ServerConnector@4bc9a4e2{HTTP/1.1, (http/1.1)}{0.0.0.0:46391}
2023-03-16 19:31:08,865 [Listener at 127.0.0.1/32993] INFO  server.Server (Server.java:doStart(415)) - Started @8557ms
2023-03-16 19:31:08,865 [Listener at 127.0.0.1/32993] WARN  impl.MetricsSystemImpl (MetricsSystemImpl.java:register(279)) - Sink prometheus already exists!
2023-03-16 19:31:08,865 [Listener at 127.0.0.1/32993] INFO  http.BaseHttpServer (BaseHttpServer.java:updateConnectorAddress(344)) - HTTP server of hddsDatanode listening at http://0.0.0.0:46391
2023-03-16 19:31:08,866 [Datanode State Machine Daemon Thread] INFO  statemachine.DatanodeStateMachine (DatanodeStateMachine.java:lambda$startDaemon$0(517)) - Ozone container server started.
2023-03-16 19:31:08,870 [Listener at 127.0.0.1/32993] WARN  impl.MetricRegistriesImpl (MetricRegistriesImpl.java:addReporterRegistration(111)) - New reporters are added after registries were created. Some metrics will be missing from the reporter. Please add reporter before adding any new registry.
2023-03-16 19:31:08,870 [Listener at 127.0.0.1/32993] WARN  impl.MetricRegistriesImpl (MetricRegistriesImpl.java:addReporterRegistration(111)) - New reporters are added after registries were created. Some metrics will be missing from the reporter. Please add reporter before adding any new registry.
2023-03-16 19:31:08,871 [Listener at 127.0.0.1/32993] INFO  impl.MetricsSystemImpl (MetricsSystemImpl.java:init(158)) - HddsDatanode metrics system started (again)
2023-03-16 19:31:08,880 [org.apache.hadoop.util.JvmPauseMonitor$Monitor@7848a737] INFO  util.JvmPauseMonitor (JvmPauseMonitor.java:run(188)) - Starting JVM pause monitor
2023-03-16 19:31:08,894 [Listener at 127.0.0.1/32993] INFO  ozone.HddsDatanodeService (HddsDatanodeService.java:start(249)) - HddsDatanodeService host:fv-az39-712 ip:10.1.0.30
2023-03-16 19:31:08,894 [Datanode State Machine Task Thread - 0] INFO  datanode.InitDatanodeState (InitDatanodeState.java:persistContainerDatanodeDetails(138)) - DatanodeDetails is persisted to /home/runner/work/ozone/ozone/hadoop-ozone/integration-test/target/test-dir/MiniOzoneClusterImpl-7c80c19b-b74a-4fd6-b02a-95a373f15db1/datanode-1/meta/datanode.id
2023-03-16 19:31:08,912 [Listener at 127.0.0.1/32993] INFO  upgrade.AbstractLayoutVersionManager (AbstractLayoutVersionManager.java:init(83)) - Initializing Layout version manager with metadata layout = DATANODE_SCHEMA_V3 (version = 4), software layout = DATANODE_SCHEMA_V3 (version = 4)
2023-03-16 19:31:08,969 [Listener at 127.0.0.1/32993] INFO  reflections.Reflections (Reflections.java:scan(232)) - Reflections took 56 ms to scan 7 urls, producing 155 keys and 368 values 
2023-03-16 19:31:08,972 [Listener at 127.0.0.1/32993] INFO  statemachine.DatanodeStateMachine (DatanodeStateMachine.java:getEndPointTaskThreadPoolSize(260)) - Datanode State Machine Task Thread Pool size 2
2023-03-16 19:31:08,975 [Listener at 127.0.0.1/32993] INFO  volume.HddsVolume (HddsVolume.java:<init>(130)) - Creating HddsVolume: /home/runner/work/ozone/ozone/hadoop-ozone/integration-test/target/test-dir/MiniOzoneClusterImpl-7c80c19b-b74a-4fd6-b02a-95a373f15db1/datanode-2/data-0/containers/hdds of storage type : DISK capacity : 9223372036854775807
2023-03-16 19:31:08,975 [Listener at 127.0.0.1/32993] INFO  volume.MutableVolumeSet (MutableVolumeSet.java:initializeVolumeSet(174)) - Added Volume : /home/runner/work/ozone/ozone/hadoop-ozone/integration-test/target/test-dir/MiniOzoneClusterImpl-7c80c19b-b74a-4fd6-b02a-95a373f15db1/datanode-2/data-0/containers/hdds to VolumeSet
2023-03-16 19:31:08,975 [Listener at 127.0.0.1/32993] INFO  volume.ThrottledAsyncChecker (ThrottledAsyncChecker.java:schedule(141)) - Scheduling a check for /home/runner/work/ozone/ozone/hadoop-ozone/integration-test/target/test-dir/MiniOzoneClusterImpl-7c80c19b-b74a-4fd6-b02a-95a373f15db1/datanode-2/data-0/containers/hdds
2023-03-16 19:31:08,982 [Listener at 127.0.0.1/32993] INFO  volume.StorageVolumeChecker (StorageVolumeChecker.java:checkAllVolumes(202)) - Scheduled health check for volume /home/runner/work/ozone/ozone/hadoop-ozone/integration-test/target/test-dir/MiniOzoneClusterImpl-7c80c19b-b74a-4fd6-b02a-95a373f15db1/datanode-2/data-0/containers/hdds
2023-03-16 19:31:08,997 [Listener at 127.0.0.1/32993] INFO  volume.MutableVolumeSet (MutableVolumeSet.java:initializeVolumeSet(174)) - Added Volume : /home/runner/work/ozone/ozone/hadoop-ozone/integration-test/target/test-dir/MiniOzoneClusterImpl-7c80c19b-b74a-4fd6-b02a-95a373f15db1/datanode-2/data/ratis to VolumeSet
2023-03-16 19:31:08,997 [Listener at 127.0.0.1/32993] INFO  volume.ThrottledAsyncChecker (ThrottledAsyncChecker.java:schedule(141)) - Scheduling a check for /home/runner/work/ozone/ozone/hadoop-ozone/integration-test/target/test-dir/MiniOzoneClusterImpl-7c80c19b-b74a-4fd6-b02a-95a373f15db1/datanode-2/data/ratis
2023-03-16 19:31:08,997 [Listener at 127.0.0.1/32993] INFO  volume.StorageVolumeChecker (StorageVolumeChecker.java:checkAllVolumes(202)) - Scheduled health check for volume /home/runner/work/ozone/ozone/hadoop-ozone/integration-test/target/test-dir/MiniOzoneClusterImpl-7c80c19b-b74a-4fd6-b02a-95a373f15db1/datanode-2/data/ratis
2023-03-16 19:31:09,016 [Thread-167] INFO  ozoneimpl.ContainerReader (ContainerReader.java:readVolume(175)) - Finish verifying containers on volume /home/runner/work/ozone/ozone/hadoop-ozone/integration-test/target/test-dir/MiniOzoneClusterImpl-7c80c19b-b74a-4fd6-b02a-95a373f15db1/datanode-2/data-0/containers/hdds
2023-03-16 19:31:09,016 [Listener at 127.0.0.1/32993] INFO  ozoneimpl.OzoneContainer (OzoneContainer.java:buildContainerSet(307)) - Build ContainerSet costs 0s
2023-03-16 19:31:09,019 [Listener at 127.0.0.1/32993] INFO  server.RaftServer (ConfUtils.java:logGet(46)) - raft.rpc.type = GRPC (default)
2023-03-16 19:31:09,020 [Listener at 127.0.0.1/32993] INFO  grpc.GrpcConfigKeys (ConfUtils.java:logFallback(53)) - raft.grpc.admin.host = null (fallback to raft.grpc.server.host)
2023-03-16 19:31:09,020 [Listener at 127.0.0.1/32993] INFO  grpc.GrpcConfigKeys (ConfUtils.java:logGet(46)) - raft.grpc.admin.port = 0 (custom)
2023-03-16 19:31:09,020 [Listener at 127.0.0.1/32993] INFO  grpc.GrpcConfigKeys (ConfUtils.java:logFallback(53)) - raft.grpc.client.host = null (fallback to raft.grpc.server.host)
2023-03-16 19:31:09,020 [Listener at 127.0.0.1/32993] INFO  grpc.GrpcConfigKeys (ConfUtils.java:logGet(46)) - raft.grpc.client.port = 0 (custom)
2023-03-16 19:31:09,020 [Listener at 127.0.0.1/32993] INFO  grpc.GrpcConfigKeys (ConfUtils.java:logGet(46)) - raft.grpc.server.host = null (default)
2023-03-16 19:31:09,020 [Listener at 127.0.0.1/32993] INFO  grpc.GrpcConfigKeys (ConfUtils.java:logGet(46)) - raft.grpc.server.port = 0 (default)
2023-03-16 19:31:09,020 [Listener at 127.0.0.1/32993] INFO  server.GrpcService (ConfUtils.java:logGet(46)) - raft.grpc.message.size.max = 32MB (=33554432) (custom)
2023-03-16 19:31:09,021 [Listener at 127.0.0.1/32993] INFO  server.RaftServerConfigKeys (ConfUtils.java:logGet(46)) - raft.server.log.appender.buffer.byte-limit = 33554432 (custom)
2023-03-16 19:31:09,021 [Listener at 127.0.0.1/32993] INFO  server.GrpcService (ConfUtils.java:logGet(46)) - raft.grpc.flow.control.window = 5MB (=5242880) (custom)
2023-03-16 19:31:09,021 [Listener at 127.0.0.1/32993] INFO  server.RaftServerConfigKeys (ConfUtils.java:logGet(46)) - raft.server.rpc.request.timeout = 60s (custom)
2023-03-16 19:31:09,021 [Listener at 127.0.0.1/32993] INFO  grpc.GrpcConfigKeys (ConfUtils.java:logGet(46)) - raft.grpc.server.heartbeat.channel = true (default)
2023-03-16 19:31:09,021 [Listener at 127.0.0.1/32993] INFO  grpc.GrpcConfigKeys (ConfUtils.java:logGet(46)) - raft.grpc.server.async.request.thread.pool.cached = true (default)
2023-03-16 19:31:09,021 [Listener at 127.0.0.1/32993] INFO  grpc.GrpcConfigKeys (ConfUtils.java:logGet(46)) - raft.grpc.server.async.request.thread.pool.size = 32 (default)
2023-03-16 19:31:09,024 [Listener at 127.0.0.1/32993] INFO  impl.DataStreamServerImpl (ConfUtils.java:logGet(46)) - raft.datastream.type = NETTY (custom)
2023-03-16 19:31:09,025 [Listener at 127.0.0.1/32993] INFO  server.RaftServerConfigKeys (ConfUtils.java:logGet(46)) - raft.server.data-stream.async.request.thread.pool.cached = false (default)
2023-03-16 19:31:09,025 [Listener at 127.0.0.1/32993] INFO  server.RaftServerConfigKeys (ConfUtils.java:logGet(46)) - raft.server.data-stream.async.request.thread.pool.size = 20 (custom)
2023-03-16 19:31:09,025 [Listener at 127.0.0.1/32993] INFO  server.RaftServerConfigKeys (ConfUtils.java:logGet(46)) - raft.server.data-stream.async.write.thread.pool.size = 16 (default)
2023-03-16 19:31:09,025 [Listener at 127.0.0.1/32993] INFO  server.RaftServerConfigKeys (ConfUtils.java:logGet(46)) - raft.server.data-stream.client.pool.size = 10 (default)
2023-03-16 19:31:09,026 [Listener at 127.0.0.1/32993] INFO  netty.NettyConfigKeys$DataStream (ConfUtils.java:logGet(46)) - raft.netty.dataStream.server.use-epoll = false (default)
2023-03-16 19:31:09,026 [Listener at 127.0.0.1/32993] INFO  netty.NettyConfigKeys$DataStream (ConfUtils.java:logGet(46)) - raft.netty.dataStream.server.boss-group.size = 0 (default)
2023-03-16 19:31:09,026 [Listener at 127.0.0.1/32993] INFO  netty.NettyConfigKeys$DataStream (ConfUtils.java:logGet(46)) - raft.netty.dataStream.server.worker-group.size = 0 (default)
2023-03-16 19:31:09,027 [Listener at 127.0.0.1/32993] INFO  netty.NettyConfigKeys$DataStream (ConfUtils.java:logGet(46)) - raft.netty.dataStream.server.tls.conf = null (default)
2023-03-16 19:31:09,028 [Listener at 127.0.0.1/32993] INFO  netty.NettyConfigKeys$DataStream (ConfUtils.java:logGet(46)) - raft.netty.dataStream.host = null (default)
2023-03-16 19:31:09,028 [Listener at 127.0.0.1/32993] INFO  netty.NettyConfigKeys$DataStream (ConfUtils.java:logGet(46)) - raft.netty.dataStream.port = 0 (default)
2023-03-16 19:31:09,029 [Listener at 127.0.0.1/32993] INFO  server.RaftServerConfigKeys (ConfUtils.java:logGet(46)) - raft.server.threadpool.proxy.cached = true (default)
2023-03-16 19:31:09,029 [Listener at 127.0.0.1/32993] INFO  server.RaftServerConfigKeys (ConfUtils.java:logGet(46)) - raft.server.threadpool.proxy.size = 0 (default)
2023-03-16 19:31:09,030 [8d131824-8a7c-4349-9333-1c11e55c3c4c-NettyServerStreamRpc-bossGroup--thread1] INFO  logging.LoggingHandler (AbstractInternalLogger.java:log(148)) - [id: 0xb5bd5e13] REGISTERED
2023-03-16 19:31:09,030 [Listener at 127.0.0.1/32993] INFO  server.RaftServerConfigKeys (ConfUtils.java:logGet(46)) - raft.server.rpc.slowness.timeout = 300s (custom)
2023-03-16 19:31:09,030 [8d131824-8a7c-4349-9333-1c11e55c3c4c-NettyServerStreamRpc-bossGroup--thread1] INFO  logging.LoggingHandler (AbstractInternalLogger.java:log(148)) - [id: 0xb5bd5e13] BIND: 0.0.0.0/0.0.0.0:0
2023-03-16 19:31:09,030 [Listener at 127.0.0.1/32993] INFO  server.RaftServerConfigKeys (ConfUtils.java:logGet(46)) - raft.server.leaderelection.leader.step-down.wait-time = 10s (default)
2023-03-16 19:31:09,031 [8d131824-8a7c-4349-9333-1c11e55c3c4c-NettyServerStreamRpc-bossGroup--thread1] INFO  logging.LoggingHandler (AbstractInternalLogger.java:log(148)) - [id: 0xb5bd5e13, L:/0:0:0:0:0:0:0:0:44395] ACTIVE
2023-03-16 19:31:09,031 [Listener at 127.0.0.1/32993] INFO  server.RaftServerConfigKeys (ConfUtils.java:logGet(46)) - raft.server.storage.dir = [/home/runner/work/ozone/ozone/hadoop-ozone/integration-test/target/test-dir/MiniOzoneClusterImpl-7c80c19b-b74a-4fd6-b02a-95a373f15db1/datanode-2/data/ratis] (custom)
2023-03-16 19:31:09,033 [Listener at 127.0.0.1/32993] INFO  server.XceiverServerGrpc (XceiverServerGrpc.java:<init>(132)) - GrpcServer channel type EpollServerSocketChannel
2023-03-16 19:31:09,042 [Listener at 127.0.0.1/32993] INFO  http.BaseHttpServer (BaseHttpServer.java:newHttpServer2BuilderForOzone(224)) - Starting Web-server for hddsDatanode at: http://0.0.0.0:0
2023-03-16 19:31:09,042 [Listener at 127.0.0.1/32993] INFO  http.BaseHttpServer (BaseHttpServer.java:<init>(111)) - Hadoop Security Enabled: false Ozone Security Enabled: false Ozone HTTP Security Enabled: false 
2023-03-16 19:31:09,043 [Listener at 127.0.0.1/32993] WARN  server.AuthenticationFilter (AuthenticationFilter.java:constructSecretProvider(240)) - Unable to initialize FileSignerSecretProvider, falling back to use random secrets. Reason: Could not read signature secret file: /home/runner/hadoop-http-auth-signature-secret
2023-03-16 19:31:09,044 [Listener at 127.0.0.1/32993] WARN  http.HttpRequestLog (HttpRequestLog.java:getRequestLog(103)) - Jetty request log can only be enabled using Log4j
2023-03-16 19:31:09,049 [Listener at 127.0.0.1/32993] INFO  http.HttpServer2 (HttpServer2.java:addGlobalFilter(1031)) - Added global filter 'safety' (class=org.apache.hadoop.hdds.server.http.HttpServer2$QuotingInputFilter)
2023-03-16 19:31:09,050 [Listener at 127.0.0.1/32993] INFO  http.HttpServer2 (HttpServer2.java:addFilter(1007)) - Added filter static_user_filter (class=org.apache.hadoop.http.lib.StaticUserWebFilter$StaticUserFilter) to context hddsDatanode
2023-03-16 19:31:09,050 [Listener at 127.0.0.1/32993] INFO  http.HttpServer2 (HttpServer2.java:addFilter(1015)) - Added filter static_user_filter (class=org.apache.hadoop.http.lib.StaticUserWebFilter$StaticUserFilter) to context static
2023-03-16 19:31:09,050 [Listener at 127.0.0.1/32993] INFO  http.HttpServer2 (HttpServer2.java:addFilter(1015)) - Added filter static_user_filter (class=org.apache.hadoop.http.lib.StaticUserWebFilter$StaticUserFilter) to context logs
2023-03-16 19:31:09,051 [Listener at 127.0.0.1/32993] INFO  http.BaseHttpServer (BaseHttpServer.java:<init>(190)) - HTTP server of hddsDatanode uses base directory /home/runner/work/ozone/ozone/hadoop-ozone/integration-test/target/test-dir/MiniOzoneClusterImpl-7c80c19b-b74a-4fd6-b02a-95a373f15db1/datanode-2/meta/webserver
2023-03-16 19:31:09,053 [Listener at 127.0.0.1/32993] INFO  http.HttpServer2 (HttpServer2.java:bindListener(1250)) - Jetty bound to port 43233
2023-03-16 19:31:09,054 [Listener at 127.0.0.1/32993] INFO  server.Server (Server.java:doStart(375)) - jetty-9.4.49.v20220914; built: 2022-09-14T01:07:36.601Z; git: 4231a3b2e4cb8548a412a789936d640a97b1aa0a; jvm 1.8.0_362-b09
2023-03-16 19:31:09,056 [Listener at 127.0.0.1/32993] INFO  server.session (DefaultSessionIdManager.java:doStart(334)) - DefaultSessionIdManager workerName=node0
2023-03-16 19:31:09,056 [Listener at 127.0.0.1/32993] INFO  server.session (DefaultSessionIdManager.java:doStart(339)) - No SessionScavenger set, using defaults
2023-03-16 19:31:09,057 [Listener at 127.0.0.1/32993] INFO  server.session (HouseKeeper.java:startScavenging(132)) - node0 Scavenging every 660000ms
2023-03-16 19:31:09,057 [Listener at 127.0.0.1/32993] INFO  handler.ContextHandler (ContextHandler.java:doStart(921)) - Started o.e.j.s.ServletContextHandler@1cc3d12{logs,/logs,file:///home/runner/work/ozone/ozone/hadoop-ozone/integration-test/target/log,AVAILABLE}
2023-03-16 19:31:09,058 [Listener at 127.0.0.1/32993] INFO  handler.ContextHandler (ContextHandler.java:doStart(921)) - Started o.e.j.s.ServletContextHandler@3a8d653c{static,/static,jar:file:/home/runner/.m2/repository/org/apache/ozone/hdds-container-service/1.4.0-SNAPSHOT/hdds-container-service-1.4.0-SNAPSHOT.jar!/webapps/static,AVAILABLE}
2023-03-16 19:31:09,250 [Listener at 127.0.0.1/32993] INFO  handler.ContextHandler (ContextHandler.java:doStart(921)) - Started o.e.j.w.WebAppContext@38f964a5{hddsDatanode,/,file:///home/runner/work/ozone/ozone/hadoop-ozone/integration-test/target/test-dir/MiniOzoneClusterImpl-7c80c19b-b74a-4fd6-b02a-95a373f15db1/datanode-2/meta/webserver/jetty-0_0_0_0-43233-hdds-container-service-1_4_0-SNAPSHOT_jar-_-any-8617082643803829798/webapp/,AVAILABLE}{jar:file:/home/runner/.m2/repository/org/apache/ozone/hdds-container-service/1.4.0-SNAPSHOT/hdds-container-service-1.4.0-SNAPSHOT.jar!/webapps/hddsDatanode}
2023-03-16 19:31:09,251 [Listener at 127.0.0.1/32993] INFO  server.AbstractConnector (AbstractConnector.java:doStart(333)) - Started ServerConnector@2c8f94f6{HTTP/1.1, (http/1.1)}{0.0.0.0:43233}
2023-03-16 19:31:09,252 [Listener at 127.0.0.1/32993] INFO  server.Server (Server.java:doStart(415)) - Started @8944ms
2023-03-16 19:31:09,252 [Listener at 127.0.0.1/32993] WARN  impl.MetricsSystemImpl (MetricsSystemImpl.java:register(279)) - Sink prometheus already exists!
2023-03-16 19:31:09,255 [Listener at 127.0.0.1/32993] INFO  http.BaseHttpServer (BaseHttpServer.java:updateConnectorAddress(344)) - HTTP server of hddsDatanode listening at http://0.0.0.0:43233
2023-03-16 19:31:09,256 [Datanode State Machine Daemon Thread] INFO  statemachine.DatanodeStateMachine (DatanodeStateMachine.java:lambda$startDaemon$0(517)) - Ozone container server started.
2023-03-16 19:31:09,262 [Listener at 127.0.0.1/32993] INFO  ozone.MiniOzoneClusterImpl (MiniOzoneClusterImpl.java:lambda$waitForClusterToBeReady$0(222)) - Waiting for nodes to be ready. Got 0 of 3 DN Heartbeats.
2023-03-16 19:31:09,262 [Listener at 127.0.0.1/32993] INFO  ozone.MiniOzoneClusterImpl (MiniOzoneClusterImpl.java:lambda$waitForClusterToBeReady$0(225)) - Waiting for cluster to exit safe mode
2023-03-16 19:31:09,262 [Listener at 127.0.0.1/32993] INFO  ozone.MiniOzoneClusterImpl (MiniOzoneClusterImpl.java:lambda$waitForClusterToBeReady$0(227)) - SCM became leader
2023-03-16 19:31:09,277 [org.apache.hadoop.util.JvmPauseMonitor$Monitor@4a8109] INFO  util.JvmPauseMonitor (JvmPauseMonitor.java:run(188)) - Starting JVM pause monitor
2023-03-16 19:31:09,280 [Datanode State Machine Task Thread - 0] INFO  datanode.InitDatanodeState (InitDatanodeState.java:persistContainerDatanodeDetails(138)) - DatanodeDetails is persisted to /home/runner/work/ozone/ozone/hadoop-ozone/integration-test/target/test-dir/MiniOzoneClusterImpl-7c80c19b-b74a-4fd6-b02a-95a373f15db1/datanode-2/meta/datanode.id
2023-03-16 19:31:10,263 [Listener at 127.0.0.1/32993] INFO  ozone.MiniOzoneClusterImpl (MiniOzoneClusterImpl.java:lambda$waitForClusterToBeReady$0(222)) - Waiting for nodes to be ready. Got 0 of 3 DN Heartbeats.
2023-03-16 19:31:10,263 [Listener at 127.0.0.1/32993] INFO  ozone.MiniOzoneClusterImpl (MiniOzoneClusterImpl.java:lambda$waitForClusterToBeReady$0(225)) - Waiting for cluster to exit safe mode
2023-03-16 19:31:10,263 [Listener at 127.0.0.1/32993] INFO  ozone.MiniOzoneClusterImpl (MiniOzoneClusterImpl.java:lambda$waitForClusterToBeReady$0(227)) - SCM became leader
2023-03-16 19:31:10,454 [EndpointStateMachine task thread for /0.0.0.0:42835 - 0 ] INFO  utils.DatanodeStoreCache (DatanodeStoreCache.java:addDB(58)) - Added db /home/runner/work/ozone/ozone/hadoop-ozone/integration-test/target/test-dir/MiniOzoneClusterImpl-7c80c19b-b74a-4fd6-b02a-95a373f15db1/datanode-0/data-0/containers/hdds/7c80c19b-b74a-4fd6-b02a-95a373f15db1/DS-0c4fa7dc-c8b7-422b-a4e2-133331a9d769/container.db to cache
2023-03-16 19:31:10,454 [EndpointStateMachine task thread for /0.0.0.0:42835 - 0 ] INFO  volume.HddsVolume (HddsVolume.java:createDbStore(349)) - SchemaV3 db is created and loaded at /home/runner/work/ozone/ozone/hadoop-ozone/integration-test/target/test-dir/MiniOzoneClusterImpl-7c80c19b-b74a-4fd6-b02a-95a373f15db1/datanode-0/data-0/containers/hdds/7c80c19b-b74a-4fd6-b02a-95a373f15db1/DS-0c4fa7dc-c8b7-422b-a4e2-133331a9d769/container.db for volume DS-0c4fa7dc-c8b7-422b-a4e2-133331a9d769
2023-03-16 19:31:10,457 [EndpointStateMachine task thread for /0.0.0.0:42835 - 0 ] INFO  ozoneimpl.OzoneContainer (OzoneContainer.java:start(401)) - Attempting to start container services.
2023-03-16 19:31:10,460 [EndpointStateMachine task thread for /0.0.0.0:42835 - 0 ] INFO  ozoneimpl.OzoneContainer (OzoneContainer.java:startContainerScrub(318)) - Scheduled background container scanners and the on-demand container scanner have been disabled.
2023-03-16 19:31:10,462 [EndpointStateMachine task thread for /0.0.0.0:42835 - 0 ] INFO  replication.ReplicationServer (ReplicationServer.java:start(109)) - ReplicationServer is started using port 33683
2023-03-16 19:31:10,464 [EndpointStateMachine task thread for /0.0.0.0:42835 - 0 ] INFO  ratis.XceiverServerRatis (XceiverServerRatis.java:start(518)) - Starting XceiverServerRatis 9fd881d9-c6e7-4e8a-8ff9-b6fc1fe9c624
2023-03-16 19:31:10,472 [EndpointStateMachine task thread for /0.0.0.0:42835 - 0 ] INFO  server.RaftServer (RaftServerProxy.java:startImpl(393)) - 9fd881d9-c6e7-4e8a-8ff9-b6fc1fe9c624: start RPC server
2023-03-16 19:31:10,474 [EndpointStateMachine task thread for /0.0.0.0:42835 - 0 ] INFO  server.GrpcService (GrpcService.java:startImpl(262)) - 9fd881d9-c6e7-4e8a-8ff9-b6fc1fe9c624: GrpcService started, listening on 33637
2023-03-16 19:31:10,477 [EndpointStateMachine task thread for /0.0.0.0:42835 - 0 ] INFO  ratis.XceiverServerRatis (XceiverServerRatis.java:getRealPort(544)) - XceiverServerRatis 9fd881d9-c6e7-4e8a-8ff9-b6fc1fe9c624 is started using port 33637 for RATIS
2023-03-16 19:31:10,477 [EndpointStateMachine task thread for /0.0.0.0:42835 - 0 ] INFO  ratis.XceiverServerRatis (XceiverServerRatis.java:getRealPort(544)) - XceiverServerRatis 9fd881d9-c6e7-4e8a-8ff9-b6fc1fe9c624 is started using port 33637 for RATIS_ADMIN
2023-03-16 19:31:10,477 [EndpointStateMachine task thread for /0.0.0.0:42835 - 0 ] INFO  ratis.XceiverServerRatis (XceiverServerRatis.java:getRealPort(544)) - XceiverServerRatis 9fd881d9-c6e7-4e8a-8ff9-b6fc1fe9c624 is started using port 33637 for RATIS_SERVER
2023-03-16 19:31:10,477 [EndpointStateMachine task thread for /0.0.0.0:42835 - 0 ] INFO  ratis.XceiverServerRatis (XceiverServerRatis.java:getRealPort(544)) - XceiverServerRatis 9fd881d9-c6e7-4e8a-8ff9-b6fc1fe9c624 is started using port 41455 for RATIS_DATASTREAM
2023-03-16 19:31:10,478 [JvmPauseMonitor1] INFO  util.JvmPauseMonitor (JvmPauseMonitor.java:run(105)) - JvmPauseMonitor-9fd881d9-c6e7-4e8a-8ff9-b6fc1fe9c624: Started
2023-03-16 19:31:10,483 [EndpointStateMachine task thread for /0.0.0.0:42835 - 0 ] INFO  server.XceiverServerGrpc (XceiverServerGrpc.java:start(180)) - XceiverServerGrpc 9fd881d9-c6e7-4e8a-8ff9-b6fc1fe9c624 is started using port 45035
2023-03-16 19:31:10,491 [BlockDeletingService#0] INFO  interfaces.ContainerDeletionChoosingPolicyTemplate (ContainerDeletionChoosingPolicyTemplate.java:chooseContainerForBlockDeletion(83)) - Chosen 0/5000 blocks from 0 candidate containers.
2023-03-16 19:31:10,912 [EndpointStateMachine task thread for /0.0.0.0:42835 - 0 ] INFO  utils.DatanodeStoreCache (DatanodeStoreCache.java:addDB(58)) - Added db /home/runner/work/ozone/ozone/hadoop-ozone/integration-test/target/test-dir/MiniOzoneClusterImpl-7c80c19b-b74a-4fd6-b02a-95a373f15db1/datanode-1/data-0/containers/hdds/7c80c19b-b74a-4fd6-b02a-95a373f15db1/DS-322699e3-2837-4546-a5e6-c75a8f70bc98/container.db to cache
2023-03-16 19:31:10,913 [EndpointStateMachine task thread for /0.0.0.0:42835 - 0 ] INFO  volume.HddsVolume (HddsVolume.java:createDbStore(349)) - SchemaV3 db is created and loaded at /home/runner/work/ozone/ozone/hadoop-ozone/integration-test/target/test-dir/MiniOzoneClusterImpl-7c80c19b-b74a-4fd6-b02a-95a373f15db1/datanode-1/data-0/containers/hdds/7c80c19b-b74a-4fd6-b02a-95a373f15db1/DS-322699e3-2837-4546-a5e6-c75a8f70bc98/container.db for volume DS-322699e3-2837-4546-a5e6-c75a8f70bc98
2023-03-16 19:31:10,914 [EndpointStateMachine task thread for /0.0.0.0:42835 - 0 ] INFO  ozoneimpl.OzoneContainer (OzoneContainer.java:start(401)) - Attempting to start container services.
2023-03-16 19:31:10,914 [EndpointStateMachine task thread for /0.0.0.0:42835 - 0 ] INFO  ozoneimpl.OzoneContainer (OzoneContainer.java:startContainerScrub(318)) - Scheduled background container scanners and the on-demand container scanner have been disabled.
2023-03-16 19:31:10,919 [EndpointStateMachine task thread for /0.0.0.0:42835 - 0 ] INFO  replication.ReplicationServer (ReplicationServer.java:start(109)) - ReplicationServer is started using port 46483
2023-03-16 19:31:10,919 [EndpointStateMachine task thread for /0.0.0.0:42835 - 0 ] INFO  ratis.XceiverServerRatis (XceiverServerRatis.java:start(518)) - Starting XceiverServerRatis 501afb93-dbf6-4762-89b0-1530e6487361
2023-03-16 19:31:10,925 [EndpointStateMachine task thread for /0.0.0.0:42835 - 0 ] INFO  server.RaftServer (RaftServerProxy.java:startImpl(393)) - 501afb93-dbf6-4762-89b0-1530e6487361: start RPC server
2023-03-16 19:31:10,927 [EndpointStateMachine task thread for /0.0.0.0:42835 - 0 ] INFO  server.GrpcService (GrpcService.java:startImpl(262)) - 501afb93-dbf6-4762-89b0-1530e6487361: GrpcService started, listening on 39339
2023-03-16 19:31:10,927 [EndpointStateMachine task thread for /0.0.0.0:42835 - 0 ] INFO  ratis.XceiverServerRatis (XceiverServerRatis.java:getRealPort(544)) - XceiverServerRatis 501afb93-dbf6-4762-89b0-1530e6487361 is started using port 39339 for RATIS
2023-03-16 19:31:10,927 [JvmPauseMonitor2] INFO  util.JvmPauseMonitor (JvmPauseMonitor.java:run(105)) - JvmPauseMonitor-501afb93-dbf6-4762-89b0-1530e6487361: Started
2023-03-16 19:31:10,927 [EndpointStateMachine task thread for /0.0.0.0:42835 - 0 ] INFO  ratis.XceiverServerRatis (XceiverServerRatis.java:getRealPort(544)) - XceiverServerRatis 501afb93-dbf6-4762-89b0-1530e6487361 is started using port 39339 for RATIS_ADMIN
2023-03-16 19:31:10,929 [EndpointStateMachine task thread for /0.0.0.0:42835 - 0 ] INFO  ratis.XceiverServerRatis (XceiverServerRatis.java:getRealPort(544)) - XceiverServerRatis 501afb93-dbf6-4762-89b0-1530e6487361 is started using port 39339 for RATIS_SERVER
2023-03-16 19:31:10,929 [EndpointStateMachine task thread for /0.0.0.0:42835 - 0 ] INFO  ratis.XceiverServerRatis (XceiverServerRatis.java:getRealPort(544)) - XceiverServerRatis 501afb93-dbf6-4762-89b0-1530e6487361 is started using port 43295 for RATIS_DATASTREAM
2023-03-16 19:31:10,933 [EndpointStateMachine task thread for /0.0.0.0:42835 - 0 ] INFO  server.XceiverServerGrpc (XceiverServerGrpc.java:start(180)) - XceiverServerGrpc 501afb93-dbf6-4762-89b0-1530e6487361 is started using port 42447
2023-03-16 19:31:10,936 [BlockDeletingService#0] INFO  interfaces.ContainerDeletionChoosingPolicyTemplate (ContainerDeletionChoosingPolicyTemplate.java:chooseContainerForBlockDeletion(83)) - Chosen 0/5000 blocks from 0 candidate containers.
2023-03-16 19:31:11,263 [Listener at 127.0.0.1/32993] INFO  ozone.MiniOzoneClusterImpl (MiniOzoneClusterImpl.java:lambda$waitForClusterToBeReady$0(222)) - Waiting for nodes to be ready. Got 0 of 3 DN Heartbeats.
2023-03-16 19:31:11,264 [Listener at 127.0.0.1/32993] INFO  ozone.MiniOzoneClusterImpl (MiniOzoneClusterImpl.java:lambda$waitForClusterToBeReady$0(225)) - Waiting for cluster to exit safe mode
2023-03-16 19:31:11,264 [Listener at 127.0.0.1/32993] INFO  ozone.MiniOzoneClusterImpl (MiniOzoneClusterImpl.java:lambda$waitForClusterToBeReady$0(227)) - SCM became leader
2023-03-16 19:31:11,306 [EndpointStateMachine task thread for /0.0.0.0:42835 - 0 ] INFO  utils.DatanodeStoreCache (DatanodeStoreCache.java:addDB(58)) - Added db /home/runner/work/ozone/ozone/hadoop-ozone/integration-test/target/test-dir/MiniOzoneClusterImpl-7c80c19b-b74a-4fd6-b02a-95a373f15db1/datanode-2/data-0/containers/hdds/7c80c19b-b74a-4fd6-b02a-95a373f15db1/DS-48ae5281-ebcb-445a-ad41-6a14e90c11bc/container.db to cache
2023-03-16 19:31:11,306 [EndpointStateMachine task thread for /0.0.0.0:42835 - 0 ] INFO  volume.HddsVolume (HddsVolume.java:createDbStore(349)) - SchemaV3 db is created and loaded at /home/runner/work/ozone/ozone/hadoop-ozone/integration-test/target/test-dir/MiniOzoneClusterImpl-7c80c19b-b74a-4fd6-b02a-95a373f15db1/datanode-2/data-0/containers/hdds/7c80c19b-b74a-4fd6-b02a-95a373f15db1/DS-48ae5281-ebcb-445a-ad41-6a14e90c11bc/container.db for volume DS-48ae5281-ebcb-445a-ad41-6a14e90c11bc
2023-03-16 19:31:11,307 [EndpointStateMachine task thread for /0.0.0.0:42835 - 0 ] INFO  ozoneimpl.OzoneContainer (OzoneContainer.java:start(401)) - Attempting to start container services.
2023-03-16 19:31:11,307 [EndpointStateMachine task thread for /0.0.0.0:42835 - 0 ] INFO  ozoneimpl.OzoneContainer (OzoneContainer.java:startContainerScrub(318)) - Scheduled background container scanners and the on-demand container scanner have been disabled.
2023-03-16 19:31:11,308 [EndpointStateMachine task thread for /0.0.0.0:42835 - 0 ] INFO  replication.ReplicationServer (ReplicationServer.java:start(109)) - ReplicationServer is started using port 32869
2023-03-16 19:31:11,309 [EndpointStateMachine task thread for /0.0.0.0:42835 - 0 ] INFO  ratis.XceiverServerRatis (XceiverServerRatis.java:start(518)) - Starting XceiverServerRatis 8d131824-8a7c-4349-9333-1c11e55c3c4c
2023-03-16 19:31:11,309 [EndpointStateMachine task thread for /0.0.0.0:42835 - 0 ] INFO  server.RaftServer (RaftServerProxy.java:startImpl(393)) - 8d131824-8a7c-4349-9333-1c11e55c3c4c: start RPC server
2023-03-16 19:31:11,314 [EndpointStateMachine task thread for /0.0.0.0:42835 - 0 ] INFO  server.GrpcService (GrpcService.java:startImpl(262)) - 8d131824-8a7c-4349-9333-1c11e55c3c4c: GrpcService started, listening on 44709
2023-03-16 19:31:11,314 [EndpointStateMachine task thread for /0.0.0.0:42835 - 0 ] INFO  ratis.XceiverServerRatis (XceiverServerRatis.java:getRealPort(544)) - XceiverServerRatis 8d131824-8a7c-4349-9333-1c11e55c3c4c is started using port 44709 for RATIS
2023-03-16 19:31:11,314 [JvmPauseMonitor3] INFO  util.JvmPauseMonitor (JvmPauseMonitor.java:run(105)) - JvmPauseMonitor-8d131824-8a7c-4349-9333-1c11e55c3c4c: Started
2023-03-16 19:31:11,314 [EndpointStateMachine task thread for /0.0.0.0:42835 - 0 ] INFO  ratis.XceiverServerRatis (XceiverServerRatis.java:getRealPort(544)) - XceiverServerRatis 8d131824-8a7c-4349-9333-1c11e55c3c4c is started using port 44709 for RATIS_ADMIN
2023-03-16 19:31:11,314 [EndpointStateMachine task thread for /0.0.0.0:42835 - 0 ] INFO  ratis.XceiverServerRatis (XceiverServerRatis.java:getRealPort(544)) - XceiverServerRatis 8d131824-8a7c-4349-9333-1c11e55c3c4c is started using port 44709 for RATIS_SERVER
2023-03-16 19:31:11,314 [EndpointStateMachine task thread for /0.0.0.0:42835 - 0 ] INFO  ratis.XceiverServerRatis (XceiverServerRatis.java:getRealPort(544)) - XceiverServerRatis 8d131824-8a7c-4349-9333-1c11e55c3c4c is started using port 44395 for RATIS_DATASTREAM
2023-03-16 19:31:11,318 [EndpointStateMachine task thread for /0.0.0.0:42835 - 0 ] INFO  server.XceiverServerGrpc (XceiverServerGrpc.java:start(180)) - XceiverServerGrpc 8d131824-8a7c-4349-9333-1c11e55c3c4c is started using port 40711
2023-03-16 19:31:11,319 [BlockDeletingService#0] INFO  interfaces.ContainerDeletionChoosingPolicyTemplate (ContainerDeletionChoosingPolicyTemplate.java:chooseContainerForBlockDeletion(83)) - Chosen 0/5000 blocks from 0 candidate containers.
2023-03-16 19:31:12,264 [Listener at 127.0.0.1/32993] INFO  ozone.MiniOzoneClusterImpl (MiniOzoneClusterImpl.java:lambda$waitForClusterToBeReady$0(222)) - Waiting for nodes to be ready. Got 0 of 3 DN Heartbeats.
2023-03-16 19:31:12,264 [Listener at 127.0.0.1/32993] INFO  ozone.MiniOzoneClusterImpl (MiniOzoneClusterImpl.java:lambda$waitForClusterToBeReady$0(225)) - Waiting for cluster to exit safe mode
2023-03-16 19:31:12,265 [Listener at 127.0.0.1/32993] INFO  ozone.MiniOzoneClusterImpl (MiniOzoneClusterImpl.java:lambda$waitForClusterToBeReady$0(227)) - SCM became leader
2023-03-16 19:31:12,369 [IPC Server handler 6 on default port 42835] INFO  net.NetworkTopologyImpl (NetworkTopologyImpl.java:add(112)) - Added a new node: /default-rack/9fd881d9-c6e7-4e8a-8ff9-b6fc1fe9c624
2023-03-16 19:31:12,371 [IPC Server handler 6 on default port 42835] INFO  node.SCMNodeManager (SCMNodeManager.java:register(404)) - Registered Data node : 9fd881d9-c6e7-4e8a-8ff9-b6fc1fe9c624{ip: 10.1.0.30, host: fv-az39-712, ports: [REPLICATION=33683, RATIS=33637, RATIS_ADMIN=33637, RATIS_SERVER=33637, RATIS_DATASTREAM=41455, STANDALONE=45035], networkLocation: /default-rack, certSerialId: null, persistedOpState: null, persistedOpStateExpiryEpochSec: 0}
2023-03-16 19:31:12,374 [EventQueue-NewNodeForNewNodeHandler] INFO  pipeline.BackgroundPipelineCreator (BackgroundPipelineCreator.java:notifyEventTriggered(276)) - trigger a one-shot run on RatisPipelineUtilsThread.
2023-03-16 19:31:12,376 [EventQueue-NodeRegistrationContainerReportForContainerSafeModeRule] INFO  safemode.SCMSafeModeManager (SCMSafeModeManager.java:validateSafeModeExitRules(200)) - ContainerSafeModeRule rule is successfully validated
2023-03-16 19:31:12,377 [EventQueue-NodeRegistrationContainerReportForDataNodeSafeModeRule] INFO  safemode.SCMSafeModeManager (DataNodeSafeModeRule.java:process(71)) - SCM in safe mode. 1 DataNodes registered, 3 required.
2023-03-16 19:31:12,381 [EventQueue-PipelineReportForOneReplicaPipelineSafeModeRule] INFO  safemode.SCMSafeModeManager (SCMSafeModeManager.java:validateSafeModeExitRules(200)) - AtleastOneDatanodeReportedRule rule is successfully validated
2023-03-16 19:31:12,380 [RatisPipelineUtilsThread - 0] INFO  pipeline.RatisPipelineProvider (RatisPipelineProvider.java:lambda$create$0(206)) - Sending CreatePipelineCommand for pipeline:PipelineID=b7833ab2-a5e0-4125-93cf-43a101a5b8ca to datanode:9fd881d9-c6e7-4e8a-8ff9-b6fc1fe9c624
2023-03-16 19:31:12,393 [RatisPipelineUtilsThread - 0] INFO  pipeline.PipelineStateManagerImpl (PipelineStateManagerImpl.java:addPipeline(103)) - Created pipeline Pipeline[ Id: b7833ab2-a5e0-4125-93cf-43a101a5b8ca, Nodes: 9fd881d9-c6e7-4e8a-8ff9-b6fc1fe9c624(fv-az39-712/10.1.0.30), ReplicationConfig: RATIS/ONE, State:ALLOCATED, leaderId:, CreationTimestamp2023-03-16T19:31:12.379Z[Etc/UTC]].
2023-03-16 19:31:12,880 [IPC Server handler 2 on default port 42835] INFO  net.NetworkTopologyImpl (NetworkTopologyImpl.java:add(112)) - Added a new node: /default-rack/501afb93-dbf6-4762-89b0-1530e6487361
2023-03-16 19:31:12,881 [IPC Server handler 2 on default port 42835] INFO  node.SCMNodeManager (SCMNodeManager.java:register(404)) - Registered Data node : 501afb93-dbf6-4762-89b0-1530e6487361{ip: 10.1.0.30, host: fv-az39-712, ports: [REPLICATION=46483, RATIS=39339, RATIS_ADMIN=39339, RATIS_SERVER=39339, RATIS_DATASTREAM=43295, STANDALONE=42447], networkLocation: /default-rack, certSerialId: null, persistedOpState: null, persistedOpStateExpiryEpochSec: 0}
2023-03-16 19:31:12,882 [EventQueue-NewNodeForNewNodeHandler] INFO  pipeline.BackgroundPipelineCreator (BackgroundPipelineCreator.java:notifyEventTriggered(276)) - trigger a one-shot run on RatisPipelineUtilsThread.
2023-03-16 19:31:12,885 [RatisPipelineUtilsThread - 0] INFO  pipeline.RatisPipelineProvider (RatisPipelineProvider.java:lambda$create$0(206)) - Sending CreatePipelineCommand for pipeline:PipelineID=4e6d924f-5181-49ad-b089-9b5a5ef18abe to datanode:501afb93-dbf6-4762-89b0-1530e6487361
2023-03-16 19:31:12,885 [EventQueue-NodeRegistrationContainerReportForDataNodeSafeModeRule] INFO  safemode.SCMSafeModeManager (DataNodeSafeModeRule.java:process(71)) - SCM in safe mode. 2 DataNodes registered, 3 required.
2023-03-16 19:31:12,886 [RatisPipelineUtilsThread - 0] INFO  pipeline.PipelineStateManagerImpl (PipelineStateManagerImpl.java:addPipeline(103)) - Created pipeline Pipeline[ Id: 4e6d924f-5181-49ad-b089-9b5a5ef18abe, Nodes: 501afb93-dbf6-4762-89b0-1530e6487361(fv-az39-712/10.1.0.30), ReplicationConfig: RATIS/ONE, State:ALLOCATED, leaderId:, CreationTimestamp2023-03-16T19:31:12.885Z[Etc/UTC]].
2023-03-16 19:31:13,265 [Listener at 127.0.0.1/32993] INFO  ozone.MiniOzoneClusterImpl (MiniOzoneClusterImpl.java:lambda$waitForClusterToBeReady$0(222)) - Waiting for nodes to be ready. Got 2 of 3 DN Heartbeats.
2023-03-16 19:31:13,265 [Listener at 127.0.0.1/32993] INFO  ozone.MiniOzoneClusterImpl (MiniOzoneClusterImpl.java:lambda$waitForClusterToBeReady$0(225)) - Waiting for cluster to exit safe mode
2023-03-16 19:31:13,265 [Listener at 127.0.0.1/32993] INFO  ozone.MiniOzoneClusterImpl (MiniOzoneClusterImpl.java:lambda$waitForClusterToBeReady$0(227)) - SCM became leader
2023-03-16 19:31:13,281 [IPC Server handler 6 on default port 42835] INFO  net.NetworkTopologyImpl (NetworkTopologyImpl.java:add(112)) - Added a new node: /default-rack/8d131824-8a7c-4349-9333-1c11e55c3c4c
2023-03-16 19:31:13,281 [IPC Server handler 6 on default port 42835] INFO  node.SCMNodeManager (SCMNodeManager.java:register(404)) - Registered Data node : 8d131824-8a7c-4349-9333-1c11e55c3c4c{ip: 10.1.0.30, host: fv-az39-712, ports: [REPLICATION=32869, RATIS=44709, RATIS_ADMIN=44709, RATIS_SERVER=44709, RATIS_DATASTREAM=44395, STANDALONE=40711], networkLocation: /default-rack, certSerialId: null, persistedOpState: null, persistedOpStateExpiryEpochSec: 0}
2023-03-16 19:31:13,282 [EventQueue-NewNodeForNewNodeHandler] INFO  pipeline.BackgroundPipelineCreator (BackgroundPipelineCreator.java:notifyEventTriggered(276)) - trigger a one-shot run on RatisPipelineUtilsThread.
2023-03-16 19:31:13,282 [EventQueue-NodeRegistrationContainerReportForDataNodeSafeModeRule] INFO  safemode.SCMSafeModeManager (DataNodeSafeModeRule.java:process(71)) - SCM in safe mode. 3 DataNodes registered, 3 required.
2023-03-16 19:31:13,282 [EventQueue-NodeRegistrationContainerReportForDataNodeSafeModeRule] INFO  safemode.SCMSafeModeManager (SCMSafeModeManager.java:validateSafeModeExitRules(200)) - DataNodeSafeModeRule rule is successfully validated
2023-03-16 19:31:13,282 [EventQueue-NodeRegistrationContainerReportForDataNodeSafeModeRule] INFO  safemode.SCMSafeModeManager (SCMSafeModeManager.java:completePreCheck(229)) - All SCM safe mode pre check rules have passed
2023-03-16 19:31:13,282 [EventQueue-NodeRegistrationContainerReportForDataNodeSafeModeRule] INFO  ha.SCMContext (SCMContext.java:updateSafeModeStatus(228)) - Update SafeModeStatus from SafeModeStatus{safeModeStatus=true, preCheckPassed=false} to SafeModeStatus{safeModeStatus=true, preCheckPassed=true}.
2023-03-16 19:31:13,282 [EventQueue-NodeRegistrationContainerReportForDataNodeSafeModeRule] INFO  pipeline.BackgroundPipelineCreator (BackgroundPipelineCreator.java:notifyEventTriggered(276)) - trigger a one-shot run on RatisPipelineUtilsThread.
2023-03-16 19:31:13,282 [RatisPipelineUtilsThread - 0] INFO  pipeline.RatisPipelineProvider (RatisPipelineProvider.java:lambda$create$0(206)) - Sending CreatePipelineCommand for pipeline:PipelineID=aa23b987-2c28-49e8-8144-c25790b63ea0 to datanode:8d131824-8a7c-4349-9333-1c11e55c3c4c
2023-03-16 19:31:13,283 [RatisPipelineUtilsThread - 0] INFO  pipeline.PipelineStateManagerImpl (PipelineStateManagerImpl.java:addPipeline(103)) - Created pipeline Pipeline[ Id: aa23b987-2c28-49e8-8144-c25790b63ea0, Nodes: 8d131824-8a7c-4349-9333-1c11e55c3c4c(fv-az39-712/10.1.0.30), ReplicationConfig: RATIS/ONE, State:ALLOCATED, leaderId:, CreationTimestamp2023-03-16T19:31:13.282Z[Etc/UTC]].
2023-03-16 19:31:13,287 [RatisPipelineUtilsThread - 0] INFO  pipeline.RatisPipelineProvider (RatisPipelineProvider.java:lambda$create$0(206)) - Sending CreatePipelineCommand for pipeline:PipelineID=58fe6918-0902-4594-9b6a-d55307894ba2 to datanode:9fd881d9-c6e7-4e8a-8ff9-b6fc1fe9c624
2023-03-16 19:31:13,287 [RatisPipelineUtilsThread - 0] INFO  pipeline.RatisPipelineProvider (RatisPipelineProvider.java:lambda$create$0(206)) - Sending CreatePipelineCommand for pipeline:PipelineID=58fe6918-0902-4594-9b6a-d55307894ba2 to datanode:501afb93-dbf6-4762-89b0-1530e6487361
2023-03-16 19:31:13,287 [RatisPipelineUtilsThread - 0] INFO  pipeline.RatisPipelineProvider (RatisPipelineProvider.java:lambda$create$0(206)) - Sending CreatePipelineCommand for pipeline:PipelineID=58fe6918-0902-4594-9b6a-d55307894ba2 to datanode:8d131824-8a7c-4349-9333-1c11e55c3c4c
2023-03-16 19:31:13,288 [RatisPipelineUtilsThread - 0] INFO  pipeline.PipelineStateManagerImpl (PipelineStateManagerImpl.java:addPipeline(103)) - Created pipeline Pipeline[ Id: 58fe6918-0902-4594-9b6a-d55307894ba2, Nodes: 9fd881d9-c6e7-4e8a-8ff9-b6fc1fe9c624(fv-az39-712/10.1.0.30)501afb93-dbf6-4762-89b0-1530e6487361(fv-az39-712/10.1.0.30)8d131824-8a7c-4349-9333-1c11e55c3c4c(fv-az39-712/10.1.0.30), ReplicationConfig: RATIS/THREE, State:ALLOCATED, leaderId:, CreationTimestamp2023-03-16T19:31:13.287Z[Etc/UTC]].
2023-03-16 19:31:13,289 [RatisPipelineUtilsThread - 0] INFO  pipeline.RatisPipelineProvider (RatisPipelineProvider.java:lambda$create$0(206)) - Sending CreatePipelineCommand for pipeline:PipelineID=0e737131-6377-4485-89f8-f82b3cac0373 to datanode:501afb93-dbf6-4762-89b0-1530e6487361
2023-03-16 19:31:13,289 [RatisPipelineUtilsThread - 0] INFO  pipeline.RatisPipelineProvider (RatisPipelineProvider.java:lambda$create$0(206)) - Sending CreatePipelineCommand for pipeline:PipelineID=0e737131-6377-4485-89f8-f82b3cac0373 to datanode:8d131824-8a7c-4349-9333-1c11e55c3c4c
2023-03-16 19:31:13,289 [RatisPipelineUtilsThread - 0] INFO  pipeline.RatisPipelineProvider (RatisPipelineProvider.java:lambda$create$0(206)) - Sending CreatePipelineCommand for pipeline:PipelineID=0e737131-6377-4485-89f8-f82b3cac0373 to datanode:9fd881d9-c6e7-4e8a-8ff9-b6fc1fe9c624
2023-03-16 19:31:13,290 [RatisPipelineUtilsThread - 0] INFO  pipeline.PipelineStateManagerImpl (PipelineStateManagerImpl.java:addPipeline(103)) - Created pipeline Pipeline[ Id: 0e737131-6377-4485-89f8-f82b3cac0373, Nodes: 501afb93-dbf6-4762-89b0-1530e6487361(fv-az39-712/10.1.0.30)8d131824-8a7c-4349-9333-1c11e55c3c4c(fv-az39-712/10.1.0.30)9fd881d9-c6e7-4e8a-8ff9-b6fc1fe9c624(fv-az39-712/10.1.0.30), ReplicationConfig: RATIS/THREE, State:ALLOCATED, leaderId:, CreationTimestamp2023-03-16T19:31:13.289Z[Etc/UTC]].
2023-03-16 19:31:13,290 [RatisPipelineUtilsThread - 0] INFO  pipeline.PipelineManagerImpl (PipelineManagerImpl.java:recordMetricsForPipeline(826)) - Pipeline: PipelineID=0e737131-6377-4485-89f8-f82b3cac0373 contains same datanodes as previous pipelines: PipelineID=58fe6918-0902-4594-9b6a-d55307894ba2 nodeIds: 501afb93-dbf6-4762-89b0-1530e6487361, 8d131824-8a7c-4349-9333-1c11e55c3c4c, 9fd881d9-c6e7-4e8a-8ff9-b6fc1fe9c624
2023-03-16 19:31:13,291 [RatisPipelineUtilsThread - 0] WARN  pipeline.PipelinePlacementPolicy (PipelinePlacementPolicy.java:filterViableNodes(158)) - Pipeline creation failed due to no sufficient healthy datanodes. Required 3. Found 0.
2023-03-16 19:31:14,266 [Listener at 127.0.0.1/32993] INFO  ozone.MiniOzoneClusterImpl (MiniOzoneClusterImpl.java:lambda$waitForClusterToBeReady$0(222)) - Nodes are ready. Got 3 of 3 DN Heartbeats.
2023-03-16 19:31:14,266 [Listener at 127.0.0.1/32993] INFO  ozone.MiniOzoneClusterImpl (MiniOzoneClusterImpl.java:lambda$waitForClusterToBeReady$0(225)) - Waiting for cluster to exit safe mode
2023-03-16 19:31:14,266 [Listener at 127.0.0.1/32993] INFO  ozone.MiniOzoneClusterImpl (MiniOzoneClusterImpl.java:lambda$waitForClusterToBeReady$0(227)) - SCM became leader
2023-03-16 19:31:15,266 [Listener at 127.0.0.1/32993] INFO  ozone.MiniOzoneClusterImpl (MiniOzoneClusterImpl.java:lambda$waitForClusterToBeReady$0(222)) - Nodes are ready. Got 3 of 3 DN Heartbeats.
2023-03-16 19:31:15,266 [Listener at 127.0.0.1/32993] INFO  ozone.MiniOzoneClusterImpl (MiniOzoneClusterImpl.java:lambda$waitForClusterToBeReady$0(225)) - Waiting for cluster to exit safe mode
2023-03-16 19:31:15,267 [Listener at 127.0.0.1/32993] INFO  ozone.MiniOzoneClusterImpl (MiniOzoneClusterImpl.java:lambda$waitForClusterToBeReady$0(227)) - SCM became leader
2023-03-16 19:31:15,368 [Command processor thread] INFO  server.RaftServer (RaftServerProxy.java:addNew(96)) - 9fd881d9-c6e7-4e8a-8ff9-b6fc1fe9c624: addNew group-43A101A5B8CA:[9fd881d9-c6e7-4e8a-8ff9-b6fc1fe9c624|rpc:10.1.0.30:33637|dataStream:10.1.0.30:41455|priority:1|startupRole:FOLLOWER] returns group-43A101A5B8CA:java.util.concurrent.CompletableFuture@724e8415[Not completed]
2023-03-16 19:31:15,379 [pool-74-thread-1] INFO  server.RaftServer$Division (RaftServerImpl.java:<init>(195)) - 9fd881d9-c6e7-4e8a-8ff9-b6fc1fe9c624: new RaftServerImpl for group-43A101A5B8CA:[9fd881d9-c6e7-4e8a-8ff9-b6fc1fe9c624|rpc:10.1.0.30:33637|dataStream:10.1.0.30:41455|priority:1|startupRole:FOLLOWER] with ContainerStateMachine:uninitialized
2023-03-16 19:31:15,379 [pool-74-thread-1] INFO  server.RaftServerConfigKeys (ConfUtils.java:logGet(46)) - raft.server.rpc.timeout.min = 5s (custom)
2023-03-16 19:31:15,379 [pool-74-thread-1] INFO  server.RaftServerConfigKeys (ConfUtils.java:logGet(46)) - raft.server.rpc.timeout.max = 5200ms (custom)
2023-03-16 19:31:15,379 [pool-74-thread-1] INFO  server.RaftServerConfigKeys (ConfUtils.java:logGet(46)) - raft.server.rpc.sleep.time = 25ms (default)
2023-03-16 19:31:15,379 [pool-74-thread-1] INFO  server.RaftServerConfigKeys (ConfUtils.java:logGet(46)) - raft.server.rpc.slowness.timeout = 300s (custom)
2023-03-16 19:31:15,379 [pool-74-thread-1] INFO  server.RaftServerConfigKeys (ConfUtils.java:logGet(46)) - raft.server.leaderelection.leader.step-down.wait-time = 10s (default)
2023-03-16 19:31:15,379 [pool-74-thread-1] INFO  server.RaftServerConfigKeys (ConfUtils.java:logGet(46)) - raft.server.sleep.deviation.threshold = 300ms (default)
2023-03-16 19:31:15,379 [pool-74-thread-1] INFO  server.RaftServer$Division (ServerState.java:<init>(118)) - 9fd881d9-c6e7-4e8a-8ff9-b6fc1fe9c624@group-43A101A5B8CA: ConfigurationManager, init=-1: peers:[9fd881d9-c6e7-4e8a-8ff9-b6fc1fe9c624|rpc:10.1.0.30:33637|dataStream:10.1.0.30:41455|priority:1|startupRole:FOLLOWER]|listeners:[], old=null, confs=<EMPTY_MAP>
2023-03-16 19:31:15,379 [pool-74-thread-1] INFO  server.RaftServerConfigKeys (ConfUtils.java:logGet(46)) - raft.server.storage.dir = [/home/runner/work/ozone/ozone/hadoop-ozone/integration-test/target/test-dir/MiniOzoneClusterImpl-7c80c19b-b74a-4fd6-b02a-95a373f15db1/datanode-0/data/ratis] (custom)
2023-03-16 19:31:15,379 [pool-74-thread-1] INFO  server.RaftServerConfigKeys (ConfUtils.java:logGet(46)) - raft.server.log.corruption.policy = EXCEPTION (default)
2023-03-16 19:31:15,379 [pool-74-thread-1] INFO  server.RaftServerConfigKeys (ConfUtils.java:logGet(46)) - raft.server.storage.free-space.min = 0MB (=0) (default)
2023-03-16 19:31:15,380 [pool-74-thread-1] INFO  server.RaftServerConfigKeys (ConfUtils.java:logGet(46)) - raft.server.notification.no-leader.timeout = 300s (custom)
2023-03-16 19:31:15,380 [pool-74-thread-1] INFO  server.RaftServerConfigKeys (ConfUtils.java:logGet(46)) - raft.server.retrycache.expirytime = 600000ms (custom)
2023-03-16 19:31:15,380 [pool-74-thread-1] INFO  server.RaftServerConfigKeys (ConfUtils.java:logGet(46)) - raft.server.retrycache.statistics.expirytime = 100μs (default)
2023-03-16 19:31:15,381 [pool-74-thread-1] INFO  server.RaftServerConfigKeys (ConfUtils.java:logGet(46)) - raft.server.log.appender.install.snapshot.enabled = false (custom)
2023-03-16 19:31:15,382 [pool-74-thread-1] INFO  server.RaftServerConfigKeys (ConfUtils.java:logGet(46)) - raft.server.threadpool.server.cached = true (default)
2023-03-16 19:31:15,382 [pool-74-thread-1] INFO  server.RaftServerConfigKeys (ConfUtils.java:logGet(46)) - raft.server.threadpool.server.size = 0 (default)
2023-03-16 19:31:15,382 [pool-74-thread-1] INFO  server.RaftServerConfigKeys (ConfUtils.java:logGet(46)) - raft.server.threadpool.client.cached = true (default)
2023-03-16 19:31:15,382 [pool-74-thread-1] INFO  server.RaftServerConfigKeys (ConfUtils.java:logGet(46)) - raft.server.threadpool.client.size = 0 (default)
2023-03-16 19:31:15,382 [pool-74-thread-1] INFO  storage.RaftStorageDirectory (RaftStorageDirectoryImpl.java:analyzeStorage(137)) - The storage directory /home/runner/work/ozone/ozone/hadoop-ozone/integration-test/target/test-dir/MiniOzoneClusterImpl-7c80c19b-b74a-4fd6-b02a-95a373f15db1/datanode-0/data/ratis/b7833ab2-a5e0-4125-93cf-43a101a5b8ca does not exist. Creating ...
2023-03-16 19:31:15,384 [pool-74-thread-1] INFO  storage.RaftStorageDirectory (RaftStorageDirectoryImpl.java:tryLock(231)) - Lock on /home/runner/work/ozone/ozone/hadoop-ozone/integration-test/target/test-dir/MiniOzoneClusterImpl-7c80c19b-b74a-4fd6-b02a-95a373f15db1/datanode-0/data/ratis/b7833ab2-a5e0-4125-93cf-43a101a5b8ca/in_use.lock acquired by nodename 43389@fv-az39-712
2023-03-16 19:31:15,386 [pool-74-thread-1] INFO  storage.RaftStorage (RaftStorageImpl.java:format(96)) - Storage directory /home/runner/work/ozone/ozone/hadoop-ozone/integration-test/target/test-dir/MiniOzoneClusterImpl-7c80c19b-b74a-4fd6-b02a-95a373f15db1/datanode-0/data/ratis/b7833ab2-a5e0-4125-93cf-43a101a5b8ca has been successfully formatted.
2023-03-16 19:31:15,389 [pool-74-thread-1] INFO  ratis.ContainerStateMachine (ContainerStateMachine.java:loadSnapshot(262)) - group-43A101A5B8CA: The snapshot info is null. Setting the last applied indexto:(t:0, i:~)
2023-03-16 19:31:15,389 [pool-74-thread-1] INFO  server.RaftServerConfigKeys (ConfUtils.java:logGet(46)) - raft.server.log.use.memory = false (default)
2023-03-16 19:31:15,389 [pool-74-thread-1] INFO  server.RaftServerConfigKeys (ConfUtils.java:logGet(46)) - raft.server.log.purge.gap = 1000000 (custom)
2023-03-16 19:31:15,389 [pool-74-thread-1] INFO  server.RaftServerConfigKeys (ConfUtils.java:logGet(46)) - raft.server.log.appender.buffer.byte-limit = 33554432 (custom)
2023-03-16 19:31:15,389 [pool-74-thread-1] INFO  server.RaftServerConfigKeys (ConfUtils.java:logGet(46)) - raft.server.log.statemachine.data.read.timeout = 1000ms (default)
2023-03-16 19:31:15,389 [pool-74-thread-1] INFO  server.RaftServerConfigKeys (ConfUtils.java:logGet(46)) - raft.server.log.purge.preservation.log.num = 0 (default)
2023-03-16 19:31:15,390 [pool-74-thread-1] INFO  server.RaftServerConfigKeys (ConfUtils.java:logGet(46)) - raft.server.log.segment.size.max = 1048576 (custom)
2023-03-16 19:31:15,390 [pool-74-thread-1] INFO  server.RaftServerConfigKeys (ConfUtils.java:logGet(46)) - raft.server.log.segment.cache.num.max = 2 (custom)
2023-03-16 19:31:15,390 [pool-74-thread-1] INFO  server.RaftServerConfigKeys (ConfUtils.java:logGet(46)) - raft.server.log.segment.cache.size.max = 200MB (=209715200) (default)
2023-03-16 19:31:15,390 [pool-74-thread-1] INFO  segmented.SegmentedRaftLogWorker (SegmentedRaftLogWorker.java:<init>(189)) - new 9fd881d9-c6e7-4e8a-8ff9-b6fc1fe9c624@group-43A101A5B8CA-SegmentedRaftLogWorker for RaftStorageImpl:Storage Directory /home/runner/work/ozone/ozone/hadoop-ozone/integration-test/target/test-dir/MiniOzoneClusterImpl-7c80c19b-b74a-4fd6-b02a-95a373f15db1/datanode-0/data/ratis/b7833ab2-a5e0-4125-93cf-43a101a5b8ca
2023-03-16 19:31:15,390 [pool-74-thread-1] INFO  server.RaftServerConfigKeys (ConfUtils.java:logGet(46)) - raft.server.log.queue.byte-limit = 4294967296 (custom)
2023-03-16 19:31:15,390 [pool-74-thread-1] INFO  server.RaftServerConfigKeys (ConfUtils.java:logGet(46)) - raft.server.log.queue.element-limit = 1024 (custom)
2023-03-16 19:31:15,391 [pool-74-thread-1] INFO  server.RaftServerConfigKeys (ConfUtils.java:logGet(46)) - raft.server.log.segment.size.max = 1048576 (custom)
2023-03-16 19:31:15,391 [pool-74-thread-1] INFO  server.RaftServerConfigKeys (ConfUtils.java:logGet(46)) - raft.server.log.preallocated.size = 16384 (custom)
2023-03-16 19:31:15,391 [pool-74-thread-1] INFO  server.RaftServerConfigKeys (ConfUtils.java:logGet(46)) - raft.server.log.force.sync.num = 128 (default)
2023-03-16 19:31:15,391 [pool-74-thread-1] INFO  server.RaftServerConfigKeys (ConfUtils.java:logGet(46)) - raft.server.log.statemachine.data.sync = true (default)
2023-03-16 19:31:15,391 [pool-74-thread-1] INFO  server.RaftServerConfigKeys (ConfUtils.java:logGet(46)) - raft.server.log.statemachine.data.sync.timeout = 10s (default)
2023-03-16 19:31:15,391 [pool-74-thread-1] INFO  server.RaftServerConfigKeys (ConfUtils.java:logGet(46)) - raft.server.log.statemachine.data.sync.timeout.retry = -1 (default)
2023-03-16 19:31:15,392 [pool-74-thread-1] INFO  server.RaftServerConfigKeys (ConfUtils.java:logGet(46)) - raft.server.log.write.buffer.size = 1048576 (custom)
2023-03-16 19:31:15,392 [pool-74-thread-1] INFO  server.RaftServerConfigKeys (ConfUtils.java:logGet(46)) - raft.server.log.appender.buffer.byte-limit = 33554432 (custom)
2023-03-16 19:31:15,518 [JvmPauseMonitor0] WARN  util.JvmPauseMonitor (JvmPauseMonitor.java:detectPause(126)) - JvmPauseMonitor-omNode-1: Detected pause in JVM or host machine (eg GC): pause of approximately 116595913ns.
GC pool 'PS MarkSweep' had collection(s): count=1 time=89ms
GC pool 'PS Scavenge' had collection(s): count=1 time=32ms
2023-03-16 19:31:15,521 [pool-74-thread-1] INFO  server.RaftServerConfigKeys (ConfUtils.java:logGet(46)) - raft.server.log.unsafe-flush.enabled = false (default)
2023-03-16 19:31:15,521 [pool-74-thread-1] INFO  server.RaftServerConfigKeys (ConfUtils.java:logGet(46)) - raft.server.log.async-flush.enabled = false (default)
2023-03-16 19:31:15,521 [pool-74-thread-1] INFO  server.RaftServerConfigKeys (ConfUtils.java:logGet(46)) - raft.server.log.statemachine.data.caching.enabled = true (custom)
2023-03-16 19:31:15,521 [pool-74-thread-1] INFO  segmented.SegmentedRaftLogWorker (SegmentedRaftLogWorker.java:lambda$new$0(135)) - 9fd881d9-c6e7-4e8a-8ff9-b6fc1fe9c624@group-43A101A5B8CA-SegmentedRaftLogWorker: flushIndex: setUnconditionally 0 -> -1
2023-03-16 19:31:15,522 [pool-74-thread-1] INFO  segmented.SegmentedRaftLogWorker (SegmentedRaftLogWorker.java:lambda$new$0(135)) - 9fd881d9-c6e7-4e8a-8ff9-b6fc1fe9c624@group-43A101A5B8CA-SegmentedRaftLogWorker: safeCacheEvictIndex: setUnconditionally 0 -> -1
2023-03-16 19:31:15,523 [pool-74-thread-1] INFO  server.RaftServer$Division (RaftServerImpl.java:start(334)) - 9fd881d9-c6e7-4e8a-8ff9-b6fc1fe9c624@group-43A101A5B8CA: start as a follower, conf=-1: peers:[9fd881d9-c6e7-4e8a-8ff9-b6fc1fe9c624|rpc:10.1.0.30:33637|dataStream:10.1.0.30:41455|priority:1|startupRole:FOLLOWER]|listeners:[], old=null
2023-03-16 19:31:15,523 [pool-74-thread-1] INFO  server.RaftServer$Division (RaftServerImpl.java:setRole(321)) - 9fd881d9-c6e7-4e8a-8ff9-b6fc1fe9c624@group-43A101A5B8CA: changes role from      null to FOLLOWER at term 0 for startAsFollower
2023-03-16 19:31:15,523 [pool-74-thread-1] INFO  impl.RoleInfo (RoleInfo.java:updateAndGet(139)) - 9fd881d9-c6e7-4e8a-8ff9-b6fc1fe9c624: start 9fd881d9-c6e7-4e8a-8ff9-b6fc1fe9c624@group-43A101A5B8CA-FollowerState
2023-03-16 19:31:15,529 [pool-74-thread-1] INFO  util.JmxRegister (JmxRegister.java:tryRegister(44)) - Successfully registered JMX Bean with object name Ratis:service=RaftServer,group=group-43A101A5B8CA,id=9fd881d9-c6e7-4e8a-8ff9-b6fc1fe9c624
2023-03-16 19:31:15,529 [pool-74-thread-1] INFO  server.RaftServerConfigKeys (ConfUtils.java:logGet(46)) - raft.server.snapshot.auto.trigger.enabled = true (custom)
2023-03-16 19:31:15,529 [pool-74-thread-1] INFO  server.RaftServerConfigKeys (ConfUtils.java:logGet(46)) - raft.server.snapshot.auto.trigger.threshold = 10000 (custom)
2023-03-16 19:31:15,529 [pool-74-thread-1] INFO  server.RaftServerConfigKeys (ConfUtils.java:logGet(46)) - raft.server.snapshot.retention.file.num = 5 (custom)
2023-03-16 19:31:15,529 [pool-74-thread-1] INFO  server.RaftServerConfigKeys (ConfUtils.java:logGet(46)) - raft.server.log.purge.upto.snapshot.index = false (default)
2023-03-16 19:31:15,532 [9fd881d9-c6e7-4e8a-8ff9-b6fc1fe9c624@group-43A101A5B8CA-FollowerState] INFO  server.RaftServerConfigKeys (ConfUtils.java:logFallback(53)) - raft.server.rpc.first-election.timeout.min = 5s (fallback to raft.server.rpc.timeout.min)
2023-03-16 19:31:15,532 [9fd881d9-c6e7-4e8a-8ff9-b6fc1fe9c624@group-43A101A5B8CA-FollowerState] INFO  server.RaftServerConfigKeys (ConfUtils.java:logFallback(53)) - raft.server.rpc.first-election.timeout.max = 5200ms (fallback to raft.server.rpc.timeout.max)
2023-03-16 19:31:15,534 [EventQueue-PipelineReportForPipelineReportHandler] INFO  pipeline.PipelineManagerImpl (PipelineManagerImpl.java:openPipeline(367)) - Pipeline Pipeline[ Id: b7833ab2-a5e0-4125-93cf-43a101a5b8ca, Nodes: 9fd881d9-c6e7-4e8a-8ff9-b6fc1fe9c624(fv-az39-712/10.1.0.30), ReplicationConfig: RATIS/ONE, State:ALLOCATED, leaderId:9fd881d9-c6e7-4e8a-8ff9-b6fc1fe9c624, CreationTimestamp2023-03-16T19:31:12.379Z[Etc/UTC]] moved to OPEN state
2023-03-16 19:31:15,541 [Command processor thread] INFO  ratis.XceiverServerRatis (XceiverServerRatis.java:addGroup(807)) - Created group PipelineID=b7833ab2-a5e0-4125-93cf-43a101a5b8ca
2023-03-16 19:31:15,542 [EventQueue-OpenPipelineForHealthyPipelineSafeModeRule] INFO  safemode.SCMSafeModeManager (HealthyPipelineSafeModeRule.java:process(137)) - SCM in safe mode. Healthy pipelines reported count is 0, required healthy pipeline reported count is 1
2023-03-16 19:31:15,542 [Command processor thread] INFO  commandhandler.CreatePipelineCommandHandler (CreatePipelineCommandHandler.java:handle(113)) - Created Pipeline RATIS ONE PipelineID=b7833ab2-a5e0-4125-93cf-43a101a5b8ca.
2023-03-16 19:31:15,543 [Command processor thread] INFO  server.RaftServer (RaftServerProxy.java:addNew(96)) - 9fd881d9-c6e7-4e8a-8ff9-b6fc1fe9c624: addNew group-D55307894BA2:[9fd881d9-c6e7-4e8a-8ff9-b6fc1fe9c624|rpc:10.1.0.30:33637|dataStream:10.1.0.30:41455|priority:0|startupRole:FOLLOWER, 8d131824-8a7c-4349-9333-1c11e55c3c4c|rpc:10.1.0.30:44709|dataStream:10.1.0.30:44395|priority:1|startupRole:FOLLOWER, 501afb93-dbf6-4762-89b0-1530e6487361|rpc:10.1.0.30:39339|dataStream:10.1.0.30:43295|priority:0|startupRole:FOLLOWER] returns group-D55307894BA2:java.util.concurrent.CompletableFuture@71ece775[Not completed]
2023-03-16 19:31:15,546 [pool-74-thread-1] INFO  server.RaftServer$Division (RaftServerImpl.java:<init>(195)) - 9fd881d9-c6e7-4e8a-8ff9-b6fc1fe9c624: new RaftServerImpl for group-D55307894BA2:[9fd881d9-c6e7-4e8a-8ff9-b6fc1fe9c624|rpc:10.1.0.30:33637|dataStream:10.1.0.30:41455|priority:0|startupRole:FOLLOWER, 8d131824-8a7c-4349-9333-1c11e55c3c4c|rpc:10.1.0.30:44709|dataStream:10.1.0.30:44395|priority:1|startupRole:FOLLOWER, 501afb93-dbf6-4762-89b0-1530e6487361|rpc:10.1.0.30:39339|dataStream:10.1.0.30:43295|priority:0|startupRole:FOLLOWER] with ContainerStateMachine:uninitialized
2023-03-16 19:31:15,546 [pool-74-thread-1] INFO  server.RaftServerConfigKeys (ConfUtils.java:logGet(46)) - raft.server.rpc.timeout.min = 5s (custom)
2023-03-16 19:31:15,546 [pool-74-thread-1] INFO  server.RaftServerConfigKeys (ConfUtils.java:logGet(46)) - raft.server.rpc.timeout.max = 5200ms (custom)
2023-03-16 19:31:15,546 [pool-74-thread-1] INFO  server.RaftServerConfigKeys (ConfUtils.java:logGet(46)) - raft.server.rpc.sleep.time = 25ms (default)
2023-03-16 19:31:15,546 [pool-74-thread-1] INFO  server.RaftServerConfigKeys (ConfUtils.java:logGet(46)) - raft.server.rpc.slowness.timeout = 300s (custom)
2023-03-16 19:31:15,546 [pool-74-thread-1] INFO  server.RaftServerConfigKeys (ConfUtils.java:logGet(46)) - raft.server.leaderelection.leader.step-down.wait-time = 10s (default)
2023-03-16 19:31:15,546 [pool-74-thread-1] INFO  server.RaftServerConfigKeys (ConfUtils.java:logGet(46)) - raft.server.sleep.deviation.threshold = 300ms (default)
2023-03-16 19:31:15,547 [pool-74-thread-1] INFO  server.RaftServer$Division (ServerState.java:<init>(118)) - 9fd881d9-c6e7-4e8a-8ff9-b6fc1fe9c624@group-D55307894BA2: ConfigurationManager, init=-1: peers:[9fd881d9-c6e7-4e8a-8ff9-b6fc1fe9c624|rpc:10.1.0.30:33637|dataStream:10.1.0.30:41455|priority:0|startupRole:FOLLOWER, 8d131824-8a7c-4349-9333-1c11e55c3c4c|rpc:10.1.0.30:44709|dataStream:10.1.0.30:44395|priority:1|startupRole:FOLLOWER, 501afb93-dbf6-4762-89b0-1530e6487361|rpc:10.1.0.30:39339|dataStream:10.1.0.30:43295|priority:0|startupRole:FOLLOWER]|listeners:[], old=null, confs=<EMPTY_MAP>
2023-03-16 19:31:15,547 [pool-74-thread-1] INFO  server.RaftServerConfigKeys (ConfUtils.java:logGet(46)) - raft.server.storage.dir = [/home/runner/work/ozone/ozone/hadoop-ozone/integration-test/target/test-dir/MiniOzoneClusterImpl-7c80c19b-b74a-4fd6-b02a-95a373f15db1/datanode-0/data/ratis] (custom)
2023-03-16 19:31:15,547 [pool-74-thread-1] INFO  server.RaftServerConfigKeys (ConfUtils.java:logGet(46)) - raft.server.log.corruption.policy = EXCEPTION (default)
2023-03-16 19:31:15,547 [pool-74-thread-1] INFO  server.RaftServerConfigKeys (ConfUtils.java:logGet(46)) - raft.server.storage.free-space.min = 0MB (=0) (default)
2023-03-16 19:31:15,547 [pool-74-thread-1] INFO  server.RaftServerConfigKeys (ConfUtils.java:logGet(46)) - raft.server.notification.no-leader.timeout = 300s (custom)
2023-03-16 19:31:15,547 [pool-74-thread-1] INFO  server.RaftServerConfigKeys (ConfUtils.java:logGet(46)) - raft.server.retrycache.expirytime = 600000ms (custom)
2023-03-16 19:31:15,547 [pool-74-thread-1] INFO  server.RaftServerConfigKeys (ConfUtils.java:logGet(46)) - raft.server.retrycache.statistics.expirytime = 100μs (default)
2023-03-16 19:31:15,549 [pool-74-thread-1] INFO  server.RaftServerConfigKeys (ConfUtils.java:logGet(46)) - raft.server.log.appender.install.snapshot.enabled = false (custom)
2023-03-16 19:31:15,549 [pool-74-thread-1] INFO  server.RaftServerConfigKeys (ConfUtils.java:logGet(46)) - raft.server.threadpool.server.cached = true (default)
2023-03-16 19:31:15,549 [pool-74-thread-1] INFO  server.RaftServerConfigKeys (ConfUtils.java:logGet(46)) - raft.server.threadpool.server.size = 0 (default)
2023-03-16 19:31:15,549 [pool-74-thread-1] INFO  server.RaftServerConfigKeys (ConfUtils.java:logGet(46)) - raft.server.threadpool.client.cached = true (default)
2023-03-16 19:31:15,549 [pool-74-thread-1] INFO  server.RaftServerConfigKeys (ConfUtils.java:logGet(46)) - raft.server.threadpool.client.size = 0 (default)
2023-03-16 19:31:15,549 [pool-74-thread-1] INFO  storage.RaftStorageDirectory (RaftStorageDirectoryImpl.java:analyzeStorage(137)) - The storage directory /home/runner/work/ozone/ozone/hadoop-ozone/integration-test/target/test-dir/MiniOzoneClusterImpl-7c80c19b-b74a-4fd6-b02a-95a373f15db1/datanode-0/data/ratis/58fe6918-0902-4594-9b6a-d55307894ba2 does not exist. Creating ...
2023-03-16 19:31:15,550 [pool-74-thread-1] INFO  storage.RaftStorageDirectory (RaftStorageDirectoryImpl.java:tryLock(231)) - Lock on /home/runner/work/ozone/ozone/hadoop-ozone/integration-test/target/test-dir/MiniOzoneClusterImpl-7c80c19b-b74a-4fd6-b02a-95a373f15db1/datanode-0/data/ratis/58fe6918-0902-4594-9b6a-d55307894ba2/in_use.lock acquired by nodename 43389@fv-az39-712
2023-03-16 19:31:15,551 [pool-74-thread-1] INFO  storage.RaftStorage (RaftStorageImpl.java:format(96)) - Storage directory /home/runner/work/ozone/ozone/hadoop-ozone/integration-test/target/test-dir/MiniOzoneClusterImpl-7c80c19b-b74a-4fd6-b02a-95a373f15db1/datanode-0/data/ratis/58fe6918-0902-4594-9b6a-d55307894ba2 has been successfully formatted.
2023-03-16 19:31:15,552 [pool-74-thread-1] INFO  ratis.ContainerStateMachine (ContainerStateMachine.java:loadSnapshot(262)) - group-D55307894BA2: The snapshot info is null. Setting the last applied indexto:(t:0, i:~)
2023-03-16 19:31:15,552 [pool-74-thread-1] INFO  server.RaftServerConfigKeys (ConfUtils.java:logGet(46)) - raft.server.log.use.memory = false (default)
2023-03-16 19:31:15,553 [pool-74-thread-1] INFO  server.RaftServerConfigKeys (ConfUtils.java:logGet(46)) - raft.server.log.purge.gap = 1000000 (custom)
2023-03-16 19:31:15,554 [EventQueue-OpenPipelineForHealthyPipelineSafeModeRule] INFO  safemode.SCMSafeModeManager (HealthyPipelineSafeModeRule.java:process(137)) - SCM in safe mode. Healthy pipelines reported count is 0, required healthy pipeline reported count is 1
2023-03-16 19:31:15,554 [pool-74-thread-1] INFO  server.RaftServerConfigKeys (ConfUtils.java:logGet(46)) - raft.server.log.appender.buffer.byte-limit = 33554432 (custom)
2023-03-16 19:31:15,554 [pool-74-thread-1] INFO  server.RaftServerConfigKeys (ConfUtils.java:logGet(46)) - raft.server.log.statemachine.data.read.timeout = 1000ms (default)
2023-03-16 19:31:15,554 [pool-74-thread-1] INFO  server.RaftServerConfigKeys (ConfUtils.java:logGet(46)) - raft.server.log.purge.preservation.log.num = 0 (default)
2023-03-16 19:31:15,555 [pool-74-thread-1] INFO  server.RaftServerConfigKeys (ConfUtils.java:logGet(46)) - raft.server.log.segment.size.max = 1048576 (custom)
2023-03-16 19:31:15,555 [pool-74-thread-1] INFO  server.RaftServerConfigKeys (ConfUtils.java:logGet(46)) - raft.server.log.segment.cache.num.max = 2 (custom)
2023-03-16 19:31:15,555 [pool-74-thread-1] INFO  server.RaftServerConfigKeys (ConfUtils.java:logGet(46)) - raft.server.log.segment.cache.size.max = 200MB (=209715200) (default)
2023-03-16 19:31:15,555 [pool-74-thread-1] INFO  segmented.SegmentedRaftLogWorker (SegmentedRaftLogWorker.java:<init>(189)) - new 9fd881d9-c6e7-4e8a-8ff9-b6fc1fe9c624@group-D55307894BA2-SegmentedRaftLogWorker for RaftStorageImpl:Storage Directory /home/runner/work/ozone/ozone/hadoop-ozone/integration-test/target/test-dir/MiniOzoneClusterImpl-7c80c19b-b74a-4fd6-b02a-95a373f15db1/datanode-0/data/ratis/58fe6918-0902-4594-9b6a-d55307894ba2
2023-03-16 19:31:15,555 [pool-74-thread-1] INFO  server.RaftServerConfigKeys (ConfUtils.java:logGet(46)) - raft.server.log.queue.byte-limit = 4294967296 (custom)
2023-03-16 19:31:15,555 [pool-74-thread-1] INFO  server.RaftServerConfigKeys (ConfUtils.java:logGet(46)) - raft.server.log.queue.element-limit = 1024 (custom)
2023-03-16 19:31:15,556 [pool-74-thread-1] INFO  server.RaftServerConfigKeys (ConfUtils.java:logGet(46)) - raft.server.log.segment.size.max = 1048576 (custom)
2023-03-16 19:31:15,556 [pool-74-thread-1] INFO  server.RaftServerConfigKeys (ConfUtils.java:logGet(46)) - raft.server.log.preallocated.size = 16384 (custom)
2023-03-16 19:31:15,556 [pool-74-thread-1] INFO  server.RaftServerConfigKeys (ConfUtils.java:logGet(46)) - raft.server.log.force.sync.num = 128 (default)
2023-03-16 19:31:15,556 [pool-74-thread-1] INFO  server.RaftServerConfigKeys (ConfUtils.java:logGet(46)) - raft.server.log.statemachine.data.sync = true (default)
2023-03-16 19:31:15,556 [pool-74-thread-1] INFO  server.RaftServerConfigKeys (ConfUtils.java:logGet(46)) - raft.server.log.statemachine.data.sync.timeout = 10s (default)
2023-03-16 19:31:15,556 [pool-74-thread-1] INFO  server.RaftServerConfigKeys (ConfUtils.java:logGet(46)) - raft.server.log.statemachine.data.sync.timeout.retry = -1 (default)
2023-03-16 19:31:15,557 [pool-74-thread-1] INFO  server.RaftServerConfigKeys (ConfUtils.java:logGet(46)) - raft.server.log.write.buffer.size = 1048576 (custom)
2023-03-16 19:31:15,557 [pool-74-thread-1] INFO  server.RaftServerConfigKeys (ConfUtils.java:logGet(46)) - raft.server.log.appender.buffer.byte-limit = 33554432 (custom)
2023-03-16 19:31:15,562 [pool-74-thread-1] INFO  server.RaftServerConfigKeys (ConfUtils.java:logGet(46)) - raft.server.log.unsafe-flush.enabled = false (default)
2023-03-16 19:31:15,562 [pool-74-thread-1] INFO  server.RaftServerConfigKeys (ConfUtils.java:logGet(46)) - raft.server.log.async-flush.enabled = false (default)
2023-03-16 19:31:15,562 [pool-74-thread-1] INFO  server.RaftServerConfigKeys (ConfUtils.java:logGet(46)) - raft.server.log.statemachine.data.caching.enabled = true (custom)
2023-03-16 19:31:15,563 [pool-74-thread-1] INFO  segmented.SegmentedRaftLogWorker (SegmentedRaftLogWorker.java:lambda$new$0(135)) - 9fd881d9-c6e7-4e8a-8ff9-b6fc1fe9c624@group-D55307894BA2-SegmentedRaftLogWorker: flushIndex: setUnconditionally 0 -> -1
2023-03-16 19:31:15,563 [pool-74-thread-1] INFO  segmented.SegmentedRaftLogWorker (SegmentedRaftLogWorker.java:lambda$new$0(135)) - 9fd881d9-c6e7-4e8a-8ff9-b6fc1fe9c624@group-D55307894BA2-SegmentedRaftLogWorker: safeCacheEvictIndex: setUnconditionally 0 -> -1
2023-03-16 19:31:15,563 [pool-74-thread-1] INFO  server.RaftServer$Division (RaftServerImpl.java:start(334)) - 9fd881d9-c6e7-4e8a-8ff9-b6fc1fe9c624@group-D55307894BA2: start as a follower, conf=-1: peers:[9fd881d9-c6e7-4e8a-8ff9-b6fc1fe9c624|rpc:10.1.0.30:33637|dataStream:10.1.0.30:41455|priority:0|startupRole:FOLLOWER, 8d131824-8a7c-4349-9333-1c11e55c3c4c|rpc:10.1.0.30:44709|dataStream:10.1.0.30:44395|priority:1|startupRole:FOLLOWER, 501afb93-dbf6-4762-89b0-1530e6487361|rpc:10.1.0.30:39339|dataStream:10.1.0.30:43295|priority:0|startupRole:FOLLOWER]|listeners:[], old=null
2023-03-16 19:31:15,563 [pool-74-thread-1] INFO  server.RaftServer$Division (RaftServerImpl.java:setRole(321)) - 9fd881d9-c6e7-4e8a-8ff9-b6fc1fe9c624@group-D55307894BA2: changes role from      null to FOLLOWER at term 0 for startAsFollower
2023-03-16 19:31:15,563 [pool-74-thread-1] INFO  impl.RoleInfo (RoleInfo.java:updateAndGet(139)) - 9fd881d9-c6e7-4e8a-8ff9-b6fc1fe9c624: start 9fd881d9-c6e7-4e8a-8ff9-b6fc1fe9c624@group-D55307894BA2-FollowerState
2023-03-16 19:31:15,563 [9fd881d9-c6e7-4e8a-8ff9-b6fc1fe9c624@group-D55307894BA2-FollowerState] INFO  server.RaftServerConfigKeys (ConfUtils.java:logFallback(53)) - raft.server.rpc.first-election.timeout.min = 5s (fallback to raft.server.rpc.timeout.min)
2023-03-16 19:31:15,564 [pool-74-thread-1] INFO  util.JmxRegister (JmxRegister.java:tryRegister(44)) - Successfully registered JMX Bean with object name Ratis:service=RaftServer,group=group-D55307894BA2,id=9fd881d9-c6e7-4e8a-8ff9-b6fc1fe9c624
2023-03-16 19:31:15,564 [9fd881d9-c6e7-4e8a-8ff9-b6fc1fe9c624@group-D55307894BA2-FollowerState] INFO  server.RaftServerConfigKeys (ConfUtils.java:logFallback(53)) - raft.server.rpc.first-election.timeout.max = 5200ms (fallback to raft.server.rpc.timeout.max)
2023-03-16 19:31:15,564 [pool-74-thread-1] INFO  server.RaftServerConfigKeys (ConfUtils.java:logGet(46)) - raft.server.snapshot.auto.trigger.enabled = true (custom)
2023-03-16 19:31:15,564 [pool-74-thread-1] INFO  server.RaftServerConfigKeys (ConfUtils.java:logGet(46)) - raft.server.snapshot.auto.trigger.threshold = 10000 (custom)
2023-03-16 19:31:15,564 [pool-74-thread-1] INFO  server.RaftServerConfigKeys (ConfUtils.java:logGet(46)) - raft.server.snapshot.retention.file.num = 5 (custom)
2023-03-16 19:31:15,564 [pool-74-thread-1] INFO  server.RaftServerConfigKeys (ConfUtils.java:logGet(46)) - raft.server.log.purge.upto.snapshot.index = false (default)
2023-03-16 19:31:15,565 [Command processor thread] INFO  ratis.XceiverServerRatis (XceiverServerRatis.java:addGroup(807)) - Created group PipelineID=58fe6918-0902-4594-9b6a-d55307894ba2
2023-03-16 19:31:15,886 [Command processor thread] INFO  server.RaftServer (RaftServerProxy.java:addNew(96)) - 501afb93-dbf6-4762-89b0-1530e6487361: addNew group-9B5A5EF18ABE:[501afb93-dbf6-4762-89b0-1530e6487361|rpc:10.1.0.30:39339|dataStream:10.1.0.30:43295|priority:1|startupRole:FOLLOWER] returns group-9B5A5EF18ABE:java.util.concurrent.CompletableFuture@bfef451[Not completed]
2023-03-16 19:31:15,898 [pool-96-thread-1] INFO  server.RaftServer$Division (RaftServerImpl.java:<init>(195)) - 501afb93-dbf6-4762-89b0-1530e6487361: new RaftServerImpl for group-9B5A5EF18ABE:[501afb93-dbf6-4762-89b0-1530e6487361|rpc:10.1.0.30:39339|dataStream:10.1.0.30:43295|priority:1|startupRole:FOLLOWER] with ContainerStateMachine:uninitialized
2023-03-16 19:31:15,899 [pool-96-thread-1] INFO  server.RaftServerConfigKeys (ConfUtils.java:logGet(46)) - raft.server.rpc.timeout.min = 5s (custom)
2023-03-16 19:31:15,899 [pool-96-thread-1] INFO  server.RaftServerConfigKeys (ConfUtils.java:logGet(46)) - raft.server.rpc.timeout.max = 5200ms (custom)
2023-03-16 19:31:15,899 [pool-96-thread-1] INFO  server.RaftServerConfigKeys (ConfUtils.java:logGet(46)) - raft.server.rpc.sleep.time = 25ms (default)
2023-03-16 19:31:15,899 [pool-96-thread-1] INFO  server.RaftServerConfigKeys (ConfUtils.java:logGet(46)) - raft.server.rpc.slowness.timeout = 300s (custom)
2023-03-16 19:31:15,899 [pool-96-thread-1] INFO  server.RaftServerConfigKeys (ConfUtils.java:logGet(46)) - raft.server.leaderelection.leader.step-down.wait-time = 10s (default)
2023-03-16 19:31:15,899 [pool-96-thread-1] INFO  server.RaftServerConfigKeys (ConfUtils.java:logGet(46)) - raft.server.sleep.deviation.threshold = 300ms (default)
2023-03-16 19:31:15,899 [pool-96-thread-1] INFO  server.RaftServer$Division (ServerState.java:<init>(118)) - 501afb93-dbf6-4762-89b0-1530e6487361@group-9B5A5EF18ABE: ConfigurationManager, init=-1: peers:[501afb93-dbf6-4762-89b0-1530e6487361|rpc:10.1.0.30:39339|dataStream:10.1.0.30:43295|priority:1|startupRole:FOLLOWER]|listeners:[], old=null, confs=<EMPTY_MAP>
2023-03-16 19:31:15,900 [pool-96-thread-1] INFO  server.RaftServerConfigKeys (ConfUtils.java:logGet(46)) - raft.server.storage.dir = [/home/runner/work/ozone/ozone/hadoop-ozone/integration-test/target/test-dir/MiniOzoneClusterImpl-7c80c19b-b74a-4fd6-b02a-95a373f15db1/datanode-1/data/ratis] (custom)
2023-03-16 19:31:15,900 [pool-96-thread-1] INFO  server.RaftServerConfigKeys (ConfUtils.java:logGet(46)) - raft.server.log.corruption.policy = EXCEPTION (default)
2023-03-16 19:31:15,900 [pool-96-thread-1] INFO  server.RaftServerConfigKeys (ConfUtils.java:logGet(46)) - raft.server.storage.free-space.min = 0MB (=0) (default)
2023-03-16 19:31:15,901 [pool-96-thread-1] INFO  server.RaftServerConfigKeys (ConfUtils.java:logGet(46)) - raft.server.notification.no-leader.timeout = 300s (custom)
2023-03-16 19:31:15,901 [pool-96-thread-1] INFO  server.RaftServerConfigKeys (ConfUtils.java:logGet(46)) - raft.server.retrycache.expirytime = 600000ms (custom)
2023-03-16 19:31:15,901 [pool-96-thread-1] INFO  server.RaftServerConfigKeys (ConfUtils.java:logGet(46)) - raft.server.retrycache.statistics.expirytime = 100μs (default)
2023-03-16 19:31:15,903 [pool-96-thread-1] INFO  server.RaftServerConfigKeys (ConfUtils.java:logGet(46)) - raft.server.log.appender.install.snapshot.enabled = false (custom)
2023-03-16 19:31:15,904 [pool-96-thread-1] INFO  server.RaftServerConfigKeys (ConfUtils.java:logGet(46)) - raft.server.threadpool.server.cached = true (default)
2023-03-16 19:31:15,904 [pool-96-thread-1] INFO  server.RaftServerConfigKeys (ConfUtils.java:logGet(46)) - raft.server.threadpool.server.size = 0 (default)
2023-03-16 19:31:15,904 [pool-96-thread-1] INFO  server.RaftServerConfigKeys (ConfUtils.java:logGet(46)) - raft.server.threadpool.client.cached = true (default)
2023-03-16 19:31:15,904 [pool-96-thread-1] INFO  server.RaftServerConfigKeys (ConfUtils.java:logGet(46)) - raft.server.threadpool.client.size = 0 (default)
2023-03-16 19:31:15,904 [grpc-default-executor-0] INFO  server.RaftServer (RaftServerProxy.java:addNew(96)) - 501afb93-dbf6-4762-89b0-1530e6487361: addNew group-D55307894BA2:[9fd881d9-c6e7-4e8a-8ff9-b6fc1fe9c624|rpc:10.1.0.30:33637|dataStream:10.1.0.30:41455|priority:0|startupRole:FOLLOWER, 8d131824-8a7c-4349-9333-1c11e55c3c4c|rpc:10.1.0.30:44709|dataStream:10.1.0.30:44395|priority:1|startupRole:FOLLOWER, 501afb93-dbf6-4762-89b0-1530e6487361|rpc:10.1.0.30:39339|dataStream:10.1.0.30:43295|priority:0|startupRole:FOLLOWER] returns group-D55307894BA2:java.util.concurrent.CompletableFuture@70c2b4ec[Not completed]
2023-03-16 19:31:15,904 [pool-96-thread-1] INFO  storage.RaftStorageDirectory (RaftStorageDirectoryImpl.java:analyzeStorage(137)) - The storage directory /home/runner/work/ozone/ozone/hadoop-ozone/integration-test/target/test-dir/MiniOzoneClusterImpl-7c80c19b-b74a-4fd6-b02a-95a373f15db1/datanode-1/data/ratis/4e6d924f-5181-49ad-b089-9b5a5ef18abe does not exist. Creating ...
2023-03-16 19:31:15,907 [pool-96-thread-1] INFO  storage.RaftStorageDirectory (RaftStorageDirectoryImpl.java:tryLock(231)) - Lock on /home/runner/work/ozone/ozone/hadoop-ozone/integration-test/target/test-dir/MiniOzoneClusterImpl-7c80c19b-b74a-4fd6-b02a-95a373f15db1/datanode-1/data/ratis/4e6d924f-5181-49ad-b089-9b5a5ef18abe/in_use.lock acquired by nodename 43389@fv-az39-712
2023-03-16 19:31:15,909 [pool-96-thread-1] INFO  storage.RaftStorage (RaftStorageImpl.java:format(96)) - Storage directory /home/runner/work/ozone/ozone/hadoop-ozone/integration-test/target/test-dir/MiniOzoneClusterImpl-7c80c19b-b74a-4fd6-b02a-95a373f15db1/datanode-1/data/ratis/4e6d924f-5181-49ad-b089-9b5a5ef18abe has been successfully formatted.
2023-03-16 19:31:15,911 [pool-96-thread-1] INFO  ratis.ContainerStateMachine (ContainerStateMachine.java:loadSnapshot(262)) - group-9B5A5EF18ABE: The snapshot info is null. Setting the last applied indexto:(t:0, i:~)
2023-03-16 19:31:15,912 [EventQueue-PipelineReportForPipelineReportHandler] INFO  pipeline.PipelineManagerImpl (PipelineManagerImpl.java:openPipeline(367)) - Pipeline Pipeline[ Id: 4e6d924f-5181-49ad-b089-9b5a5ef18abe, Nodes: 501afb93-dbf6-4762-89b0-1530e6487361(fv-az39-712/10.1.0.30), ReplicationConfig: RATIS/ONE, State:ALLOCATED, leaderId:501afb93-dbf6-4762-89b0-1530e6487361, CreationTimestamp2023-03-16T19:31:12.885Z[Etc/UTC]] moved to OPEN state
2023-03-16 19:31:15,915 [EventQueue-OpenPipelineForHealthyPipelineSafeModeRule] INFO  safemode.SCMSafeModeManager (HealthyPipelineSafeModeRule.java:process(137)) - SCM in safe mode. Healthy pipelines reported count is 0, required healthy pipeline reported count is 1
2023-03-16 19:31:15,914 [pool-96-thread-1] INFO  server.RaftServerConfigKeys (ConfUtils.java:logGet(46)) - raft.server.log.use.memory = false (default)
2023-03-16 19:31:15,915 [pool-96-thread-1] INFO  server.RaftServerConfigKeys (ConfUtils.java:logGet(46)) - raft.server.log.purge.gap = 1000000 (custom)
2023-03-16 19:31:15,916 [pool-96-thread-1] INFO  server.RaftServerConfigKeys (ConfUtils.java:logGet(46)) - raft.server.log.appender.buffer.byte-limit = 33554432 (custom)
2023-03-16 19:31:15,916 [pool-96-thread-1] INFO  server.RaftServerConfigKeys (ConfUtils.java:logGet(46)) - raft.server.log.statemachine.data.read.timeout = 1000ms (default)
2023-03-16 19:31:15,916 [pool-96-thread-1] INFO  server.RaftServerConfigKeys (ConfUtils.java:logGet(46)) - raft.server.log.purge.preservation.log.num = 0 (default)
2023-03-16 19:31:15,916 [pool-96-thread-1] INFO  server.RaftServerConfigKeys (ConfUtils.java:logGet(46)) - raft.server.log.segment.size.max = 1048576 (custom)
2023-03-16 19:31:15,918 [pool-96-thread-1] INFO  server.RaftServerConfigKeys (ConfUtils.java:logGet(46)) - raft.server.log.segment.cache.num.max = 2 (custom)
2023-03-16 19:31:15,918 [pool-96-thread-1] INFO  server.RaftServerConfigKeys (ConfUtils.java:logGet(46)) - raft.server.log.segment.cache.size.max = 200MB (=209715200) (default)
2023-03-16 19:31:15,918 [pool-96-thread-1] INFO  segmented.SegmentedRaftLogWorker (SegmentedRaftLogWorker.java:<init>(189)) - new 501afb93-dbf6-4762-89b0-1530e6487361@group-9B5A5EF18ABE-SegmentedRaftLogWorker for RaftStorageImpl:Storage Directory /home/runner/work/ozone/ozone/hadoop-ozone/integration-test/target/test-dir/MiniOzoneClusterImpl-7c80c19b-b74a-4fd6-b02a-95a373f15db1/datanode-1/data/ratis/4e6d924f-5181-49ad-b089-9b5a5ef18abe
2023-03-16 19:31:15,918 [pool-96-thread-1] INFO  server.RaftServerConfigKeys (ConfUtils.java:logGet(46)) - raft.server.log.queue.byte-limit = 4294967296 (custom)
2023-03-16 19:31:15,918 [pool-96-thread-1] INFO  server.RaftServerConfigKeys (ConfUtils.java:logGet(46)) - raft.server.log.queue.element-limit = 1024 (custom)
2023-03-16 19:31:15,918 [pool-96-thread-1] INFO  server.RaftServerConfigKeys (ConfUtils.java:logGet(46)) - raft.server.log.segment.size.max = 1048576 (custom)
2023-03-16 19:31:15,918 [pool-96-thread-1] INFO  server.RaftServerConfigKeys (ConfUtils.java:logGet(46)) - raft.server.log.preallocated.size = 16384 (custom)
2023-03-16 19:31:15,918 [pool-96-thread-1] INFO  server.RaftServerConfigKeys (ConfUtils.java:logGet(46)) - raft.server.log.force.sync.num = 128 (default)
2023-03-16 19:31:15,919 [pool-96-thread-1] INFO  server.RaftServerConfigKeys (ConfUtils.java:logGet(46)) - raft.server.log.statemachine.data.sync = true (default)
2023-03-16 19:31:15,919 [pool-96-thread-1] INFO  server.RaftServerConfigKeys (ConfUtils.java:logGet(46)) - raft.server.log.statemachine.data.sync.timeout = 10s (default)
2023-03-16 19:31:15,921 [pool-96-thread-1] INFO  server.RaftServerConfigKeys (ConfUtils.java:logGet(46)) - raft.server.log.statemachine.data.sync.timeout.retry = -1 (default)
2023-03-16 19:31:15,924 [pool-96-thread-1] INFO  server.RaftServerConfigKeys (ConfUtils.java:logGet(46)) - raft.server.log.write.buffer.size = 1048576 (custom)
2023-03-16 19:31:15,925 [pool-96-thread-1] INFO  server.RaftServerConfigKeys (ConfUtils.java:logGet(46)) - raft.server.log.appender.buffer.byte-limit = 33554432 (custom)
2023-03-16 19:31:15,930 [pool-96-thread-1] INFO  server.RaftServerConfigKeys (ConfUtils.java:logGet(46)) - raft.server.log.unsafe-flush.enabled = false (default)
2023-03-16 19:31:15,930 [pool-96-thread-1] INFO  server.RaftServerConfigKeys (ConfUtils.java:logGet(46)) - raft.server.log.async-flush.enabled = false (default)
2023-03-16 19:31:15,930 [pool-96-thread-1] INFO  server.RaftServerConfigKeys (ConfUtils.java:logGet(46)) - raft.server.log.statemachine.data.caching.enabled = true (custom)
2023-03-16 19:31:15,930 [pool-96-thread-1] INFO  segmented.SegmentedRaftLogWorker (SegmentedRaftLogWorker.java:lambda$new$0(135)) - 501afb93-dbf6-4762-89b0-1530e6487361@group-9B5A5EF18ABE-SegmentedRaftLogWorker: flushIndex: setUnconditionally 0 -> -1
2023-03-16 19:31:15,930 [pool-96-thread-1] INFO  segmented.SegmentedRaftLogWorker (SegmentedRaftLogWorker.java:lambda$new$0(135)) - 501afb93-dbf6-4762-89b0-1530e6487361@group-9B5A5EF18ABE-SegmentedRaftLogWorker: safeCacheEvictIndex: setUnconditionally 0 -> -1
2023-03-16 19:31:15,931 [pool-96-thread-1] INFO  server.RaftServer$Division (RaftServerImpl.java:start(334)) - 501afb93-dbf6-4762-89b0-1530e6487361@group-9B5A5EF18ABE: start as a follower, conf=-1: peers:[501afb93-dbf6-4762-89b0-1530e6487361|rpc:10.1.0.30:39339|dataStream:10.1.0.30:43295|priority:1|startupRole:FOLLOWER]|listeners:[], old=null
2023-03-16 19:31:15,931 [pool-96-thread-1] INFO  server.RaftServer$Division (RaftServerImpl.java:setRole(321)) - 501afb93-dbf6-4762-89b0-1530e6487361@group-9B5A5EF18ABE: changes role from      null to FOLLOWER at term 0 for startAsFollower
2023-03-16 19:31:15,931 [pool-96-thread-1] INFO  impl.RoleInfo (RoleInfo.java:updateAndGet(139)) - 501afb93-dbf6-4762-89b0-1530e6487361: start 501afb93-dbf6-4762-89b0-1530e6487361@group-9B5A5EF18ABE-FollowerState
2023-03-16 19:31:15,931 [pool-96-thread-1] INFO  util.JmxRegister (JmxRegister.java:tryRegister(44)) - Successfully registered JMX Bean with object name Ratis:service=RaftServer,group=group-9B5A5EF18ABE,id=501afb93-dbf6-4762-89b0-1530e6487361
2023-03-16 19:31:15,932 [pool-96-thread-1] INFO  server.RaftServerConfigKeys (ConfUtils.java:logGet(46)) - raft.server.snapshot.auto.trigger.enabled = true (custom)
2023-03-16 19:31:15,932 [pool-96-thread-1] INFO  server.RaftServerConfigKeys (ConfUtils.java:logGet(46)) - raft.server.snapshot.auto.trigger.threshold = 10000 (custom)
2023-03-16 19:31:15,932 [pool-96-thread-1] INFO  server.RaftServerConfigKeys (ConfUtils.java:logGet(46)) - raft.server.snapshot.retention.file.num = 5 (custom)
2023-03-16 19:31:15,932 [pool-96-thread-1] INFO  server.RaftServerConfigKeys (ConfUtils.java:logGet(46)) - raft.server.log.purge.upto.snapshot.index = false (default)
2023-03-16 19:31:15,933 [Command processor thread] INFO  ratis.XceiverServerRatis (XceiverServerRatis.java:addGroup(807)) - Created group PipelineID=4e6d924f-5181-49ad-b089-9b5a5ef18abe
2023-03-16 19:31:15,933 [Command processor thread] INFO  commandhandler.CreatePipelineCommandHandler (CreatePipelineCommandHandler.java:handle(113)) - Created Pipeline RATIS ONE PipelineID=4e6d924f-5181-49ad-b089-9b5a5ef18abe.
2023-03-16 19:31:15,934 [Command processor thread] INFO  server.RaftServer (RaftServerProxy.java:addNew(96)) - 501afb93-dbf6-4762-89b0-1530e6487361: addNew group-F82B3CAC0373:[9fd881d9-c6e7-4e8a-8ff9-b6fc1fe9c624|rpc:10.1.0.30:33637|dataStream:10.1.0.30:41455|priority:0|startupRole:FOLLOWER, 8d131824-8a7c-4349-9333-1c11e55c3c4c|rpc:10.1.0.30:44709|dataStream:10.1.0.30:44395|priority:0|startupRole:FOLLOWER, 501afb93-dbf6-4762-89b0-1530e6487361|rpc:10.1.0.30:39339|dataStream:10.1.0.30:43295|priority:1|startupRole:FOLLOWER] returns group-F82B3CAC0373:java.util.concurrent.CompletableFuture@fc171f6[Not completed]
2023-03-16 19:31:15,935 [pool-96-thread-1] INFO  server.RaftServer$Division (RaftServerImpl.java:<init>(195)) - 501afb93-dbf6-4762-89b0-1530e6487361: new RaftServerImpl for group-D55307894BA2:[9fd881d9-c6e7-4e8a-8ff9-b6fc1fe9c624|rpc:10.1.0.30:33637|dataStream:10.1.0.30:41455|priority:0|startupRole:FOLLOWER, 8d131824-8a7c-4349-9333-1c11e55c3c4c|rpc:10.1.0.30:44709|dataStream:10.1.0.30:44395|priority:1|startupRole:FOLLOWER, 501afb93-dbf6-4762-89b0-1530e6487361|rpc:10.1.0.30:39339|dataStream:10.1.0.30:43295|priority:0|startupRole:FOLLOWER] with ContainerStateMachine:uninitialized
2023-03-16 19:31:15,935 [pool-96-thread-1] INFO  server.RaftServerConfigKeys (ConfUtils.java:logGet(46)) - raft.server.rpc.timeout.min = 5s (custom)
2023-03-16 19:31:15,936 [pool-96-thread-1] INFO  server.RaftServerConfigKeys (ConfUtils.java:logGet(46)) - raft.server.rpc.timeout.max = 5200ms (custom)
2023-03-16 19:31:15,936 [pool-96-thread-1] INFO  server.RaftServerConfigKeys (ConfUtils.java:logGet(46)) - raft.server.rpc.sleep.time = 25ms (default)
2023-03-16 19:31:15,936 [pool-96-thread-1] INFO  server.RaftServerConfigKeys (ConfUtils.java:logGet(46)) - raft.server.rpc.slowness.timeout = 300s (custom)
2023-03-16 19:31:15,936 [pool-96-thread-1] INFO  server.RaftServerConfigKeys (ConfUtils.java:logGet(46)) - raft.server.leaderelection.leader.step-down.wait-time = 10s (default)
2023-03-16 19:31:15,936 [pool-96-thread-1] INFO  server.RaftServerConfigKeys (ConfUtils.java:logGet(46)) - raft.server.sleep.deviation.threshold = 300ms (default)
2023-03-16 19:31:15,936 [pool-96-thread-1] INFO  server.RaftServer$Division (ServerState.java:<init>(118)) - 501afb93-dbf6-4762-89b0-1530e6487361@group-D55307894BA2: ConfigurationManager, init=-1: peers:[9fd881d9-c6e7-4e8a-8ff9-b6fc1fe9c624|rpc:10.1.0.30:33637|dataStream:10.1.0.30:41455|priority:0|startupRole:FOLLOWER, 8d131824-8a7c-4349-9333-1c11e55c3c4c|rpc:10.1.0.30:44709|dataStream:10.1.0.30:44395|priority:1|startupRole:FOLLOWER, 501afb93-dbf6-4762-89b0-1530e6487361|rpc:10.1.0.30:39339|dataStream:10.1.0.30:43295|priority:0|startupRole:FOLLOWER]|listeners:[], old=null, confs=<EMPTY_MAP>
2023-03-16 19:31:15,936 [pool-96-thread-1] INFO  server.RaftServerConfigKeys (ConfUtils.java:logGet(46)) - raft.server.storage.dir = [/home/runner/work/ozone/ozone/hadoop-ozone/integration-test/target/test-dir/MiniOzoneClusterImpl-7c80c19b-b74a-4fd6-b02a-95a373f15db1/datanode-1/data/ratis] (custom)
2023-03-16 19:31:15,936 [pool-96-thread-1] INFO  server.RaftServerConfigKeys (ConfUtils.java:logGet(46)) - raft.server.log.corruption.policy = EXCEPTION (default)
2023-03-16 19:31:15,936 [pool-96-thread-1] INFO  server.RaftServerConfigKeys (ConfUtils.java:logGet(46)) - raft.server.storage.free-space.min = 0MB (=0) (default)
2023-03-16 19:31:15,936 [pool-96-thread-1] INFO  server.RaftServerConfigKeys (ConfUtils.java:logGet(46)) - raft.server.notification.no-leader.timeout = 300s (custom)
2023-03-16 19:31:15,936 [pool-96-thread-1] INFO  server.RaftServerConfigKeys (ConfUtils.java:logGet(46)) - raft.server.retrycache.expirytime = 600000ms (custom)
2023-03-16 19:31:15,936 [pool-96-thread-1] INFO  server.RaftServerConfigKeys (ConfUtils.java:logGet(46)) - raft.server.retrycache.statistics.expirytime = 100μs (default)
2023-03-16 19:31:15,938 [pool-96-thread-1] INFO  server.RaftServerConfigKeys (ConfUtils.java:logGet(46)) - raft.server.log.appender.install.snapshot.enabled = false (custom)
2023-03-16 19:31:15,938 [pool-96-thread-1] INFO  server.RaftServerConfigKeys (ConfUtils.java:logGet(46)) - raft.server.threadpool.server.cached = true (default)
2023-03-16 19:31:15,938 [pool-96-thread-1] INFO  server.RaftServerConfigKeys (ConfUtils.java:logGet(46)) - raft.server.threadpool.server.size = 0 (default)
2023-03-16 19:31:15,938 [pool-96-thread-1] INFO  server.RaftServerConfigKeys (ConfUtils.java:logGet(46)) - raft.server.threadpool.client.cached = true (default)
2023-03-16 19:31:15,938 [pool-96-thread-1] INFO  server.RaftServerConfigKeys (ConfUtils.java:logGet(46)) - raft.server.threadpool.client.size = 0 (default)
2023-03-16 19:31:15,938 [501afb93-dbf6-4762-89b0-1530e6487361@group-9B5A5EF18ABE-FollowerState] INFO  server.RaftServerConfigKeys (ConfUtils.java:logFallback(53)) - raft.server.rpc.first-election.timeout.min = 5s (fallback to raft.server.rpc.timeout.min)
2023-03-16 19:31:15,940 [501afb93-dbf6-4762-89b0-1530e6487361@group-9B5A5EF18ABE-FollowerState] INFO  server.RaftServerConfigKeys (ConfUtils.java:logFallback(53)) - raft.server.rpc.first-election.timeout.max = 5200ms (fallback to raft.server.rpc.timeout.max)
2023-03-16 19:31:15,940 [pool-96-thread-1] INFO  server.RaftServer$Division (RaftServerImpl.java:<init>(195)) - 501afb93-dbf6-4762-89b0-1530e6487361: new RaftServerImpl for group-F82B3CAC0373:[9fd881d9-c6e7-4e8a-8ff9-b6fc1fe9c624|rpc:10.1.0.30:33637|dataStream:10.1.0.30:41455|priority:0|startupRole:FOLLOWER, 8d131824-8a7c-4349-9333-1c11e55c3c4c|rpc:10.1.0.30:44709|dataStream:10.1.0.30:44395|priority:0|startupRole:FOLLOWER, 501afb93-dbf6-4762-89b0-1530e6487361|rpc:10.1.0.30:39339|dataStream:10.1.0.30:43295|priority:1|startupRole:FOLLOWER] with ContainerStateMachine:uninitialized
2023-03-16 19:31:15,940 [pool-96-thread-1] INFO  server.RaftServerConfigKeys (ConfUtils.java:logGet(46)) - raft.server.rpc.timeout.min = 5s (custom)
2023-03-16 19:31:15,940 [pool-96-thread-1] INFO  server.RaftServerConfigKeys (ConfUtils.java:logGet(46)) - raft.server.rpc.timeout.max = 5200ms (custom)
2023-03-16 19:31:15,940 [pool-96-thread-1] INFO  server.RaftServerConfigKeys (ConfUtils.java:logGet(46)) - raft.server.rpc.sleep.time = 25ms (default)
2023-03-16 19:31:15,941 [pool-96-thread-1] INFO  server.RaftServerConfigKeys (ConfUtils.java:logGet(46)) - raft.server.rpc.slowness.timeout = 300s (custom)
2023-03-16 19:31:15,941 [pool-96-thread-1] INFO  server.RaftServerConfigKeys (ConfUtils.java:logGet(46)) - raft.server.leaderelection.leader.step-down.wait-time = 10s (default)
2023-03-16 19:31:15,941 [pool-96-thread-1] INFO  server.RaftServerConfigKeys (ConfUtils.java:logGet(46)) - raft.server.sleep.deviation.threshold = 300ms (default)
2023-03-16 19:31:15,941 [pool-96-thread-1] INFO  server.RaftServer$Division (ServerState.java:<init>(118)) - 501afb93-dbf6-4762-89b0-1530e6487361@group-F82B3CAC0373: ConfigurationManager, init=-1: peers:[9fd881d9-c6e7-4e8a-8ff9-b6fc1fe9c624|rpc:10.1.0.30:33637|dataStream:10.1.0.30:41455|priority:0|startupRole:FOLLOWER, 8d131824-8a7c-4349-9333-1c11e55c3c4c|rpc:10.1.0.30:44709|dataStream:10.1.0.30:44395|priority:0|startupRole:FOLLOWER, 501afb93-dbf6-4762-89b0-1530e6487361|rpc:10.1.0.30:39339|dataStream:10.1.0.30:43295|priority:1|startupRole:FOLLOWER]|listeners:[], old=null, confs=<EMPTY_MAP>
2023-03-16 19:31:15,941 [pool-96-thread-1] INFO  server.RaftServerConfigKeys (ConfUtils.java:logGet(46)) - raft.server.storage.dir = [/home/runner/work/ozone/ozone/hadoop-ozone/integration-test/target/test-dir/MiniOzoneClusterImpl-7c80c19b-b74a-4fd6-b02a-95a373f15db1/datanode-1/data/ratis] (custom)
2023-03-16 19:31:15,941 [pool-96-thread-1] INFO  server.RaftServerConfigKeys (ConfUtils.java:logGet(46)) - raft.server.log.corruption.policy = EXCEPTION (default)
2023-03-16 19:31:15,941 [pool-96-thread-1] INFO  server.RaftServerConfigKeys (ConfUtils.java:logGet(46)) - raft.server.storage.free-space.min = 0MB (=0) (default)
2023-03-16 19:31:15,941 [pool-96-thread-1] INFO  server.RaftServerConfigKeys (ConfUtils.java:logGet(46)) - raft.server.notification.no-leader.timeout = 300s (custom)
2023-03-16 19:31:15,941 [pool-96-thread-1] INFO  server.RaftServerConfigKeys (ConfUtils.java:logGet(46)) - raft.server.retrycache.expirytime = 600000ms (custom)
2023-03-16 19:31:15,941 [pool-96-thread-1] INFO  server.RaftServerConfigKeys (ConfUtils.java:logGet(46)) - raft.server.retrycache.statistics.expirytime = 100μs (default)
2023-03-16 19:31:15,942 [pool-96-thread-1] INFO  server.RaftServerConfigKeys (ConfUtils.java:logGet(46)) - raft.server.log.appender.install.snapshot.enabled = false (custom)
2023-03-16 19:31:15,942 [pool-96-thread-1] INFO  server.RaftServerConfigKeys (ConfUtils.java:logGet(46)) - raft.server.threadpool.server.cached = true (default)
2023-03-16 19:31:15,942 [pool-96-thread-1] INFO  server.RaftServerConfigKeys (ConfUtils.java:logGet(46)) - raft.server.threadpool.server.size = 0 (default)
2023-03-16 19:31:15,943 [pool-96-thread-1] INFO  server.RaftServerConfigKeys (ConfUtils.java:logGet(46)) - raft.server.threadpool.client.cached = true (default)
2023-03-16 19:31:15,943 [pool-96-thread-1] INFO  server.RaftServerConfigKeys (ConfUtils.java:logGet(46)) - raft.server.threadpool.client.size = 0 (default)
2023-03-16 19:31:15,943 [pool-96-thread-1] INFO  storage.RaftStorageDirectory (RaftStorageDirectoryImpl.java:analyzeStorage(137)) - The storage directory /home/runner/work/ozone/ozone/hadoop-ozone/integration-test/target/test-dir/MiniOzoneClusterImpl-7c80c19b-b74a-4fd6-b02a-95a373f15db1/datanode-1/data/ratis/58fe6918-0902-4594-9b6a-d55307894ba2 does not exist. Creating ...
2023-03-16 19:31:15,944 [pool-96-thread-1] INFO  storage.RaftStorageDirectory (RaftStorageDirectoryImpl.java:tryLock(231)) - Lock on /home/runner/work/ozone/ozone/hadoop-ozone/integration-test/target/test-dir/MiniOzoneClusterImpl-7c80c19b-b74a-4fd6-b02a-95a373f15db1/datanode-1/data/ratis/58fe6918-0902-4594-9b6a-d55307894ba2/in_use.lock acquired by nodename 43389@fv-az39-712
2023-03-16 19:31:15,945 [pool-96-thread-1] INFO  storage.RaftStorage (RaftStorageImpl.java:format(96)) - Storage directory /home/runner/work/ozone/ozone/hadoop-ozone/integration-test/target/test-dir/MiniOzoneClusterImpl-7c80c19b-b74a-4fd6-b02a-95a373f15db1/datanode-1/data/ratis/58fe6918-0902-4594-9b6a-d55307894ba2 has been successfully formatted.
2023-03-16 19:31:15,947 [pool-96-thread-1] INFO  ratis.ContainerStateMachine (ContainerStateMachine.java:loadSnapshot(262)) - group-D55307894BA2: The snapshot info is null. Setting the last applied indexto:(t:0, i:~)
2023-03-16 19:31:15,948 [EventQueue-OpenPipelineForHealthyPipelineSafeModeRule] INFO  safemode.SCMSafeModeManager (HealthyPipelineSafeModeRule.java:process(137)) - SCM in safe mode. Healthy pipelines reported count is 0, required healthy pipeline reported count is 1
2023-03-16 19:31:15,949 [pool-96-thread-1] INFO  server.RaftServerConfigKeys (ConfUtils.java:logGet(46)) - raft.server.log.use.memory = false (default)
2023-03-16 19:31:15,949 [pool-96-thread-1] INFO  server.RaftServerConfigKeys (ConfUtils.java:logGet(46)) - raft.server.log.purge.gap = 1000000 (custom)
2023-03-16 19:31:15,949 [pool-96-thread-1] INFO  server.RaftServerConfigKeys (ConfUtils.java:logGet(46)) - raft.server.log.appender.buffer.byte-limit = 33554432 (custom)
2023-03-16 19:31:15,949 [pool-96-thread-1] INFO  server.RaftServerConfigKeys (ConfUtils.java:logGet(46)) - raft.server.log.statemachine.data.read.timeout = 1000ms (default)
2023-03-16 19:31:15,949 [pool-96-thread-1] INFO  server.RaftServerConfigKeys (ConfUtils.java:logGet(46)) - raft.server.log.purge.preservation.log.num = 0 (default)
2023-03-16 19:31:15,949 [pool-96-thread-1] INFO  server.RaftServerConfigKeys (ConfUtils.java:logGet(46)) - raft.server.log.segment.size.max = 1048576 (custom)
2023-03-16 19:31:15,950 [pool-96-thread-1] INFO  server.RaftServerConfigKeys (ConfUtils.java:logGet(46)) - raft.server.log.segment.cache.num.max = 2 (custom)
2023-03-16 19:31:15,950 [pool-96-thread-1] INFO  server.RaftServerConfigKeys (ConfUtils.java:logGet(46)) - raft.server.log.segment.cache.size.max = 200MB (=209715200) (default)
2023-03-16 19:31:15,950 [pool-96-thread-1] INFO  segmented.SegmentedRaftLogWorker (SegmentedRaftLogWorker.java:<init>(189)) - new 501afb93-dbf6-4762-89b0-1530e6487361@group-D55307894BA2-SegmentedRaftLogWorker for RaftStorageImpl:Storage Directory /home/runner/work/ozone/ozone/hadoop-ozone/integration-test/target/test-dir/MiniOzoneClusterImpl-7c80c19b-b74a-4fd6-b02a-95a373f15db1/datanode-1/data/ratis/58fe6918-0902-4594-9b6a-d55307894ba2
2023-03-16 19:31:15,951 [pool-96-thread-1] INFO  server.RaftServerConfigKeys (ConfUtils.java:logGet(46)) - raft.server.log.queue.byte-limit = 4294967296 (custom)
2023-03-16 19:31:15,951 [pool-96-thread-1] INFO  server.RaftServerConfigKeys (ConfUtils.java:logGet(46)) - raft.server.log.queue.element-limit = 1024 (custom)
2023-03-16 19:31:15,951 [pool-96-thread-1] INFO  server.RaftServerConfigKeys (ConfUtils.java:logGet(46)) - raft.server.log.segment.size.max = 1048576 (custom)
2023-03-16 19:31:15,951 [pool-96-thread-1] INFO  server.RaftServerConfigKeys (ConfUtils.java:logGet(46)) - raft.server.log.preallocated.size = 16384 (custom)
2023-03-16 19:31:15,951 [pool-96-thread-1] INFO  server.RaftServerConfigKeys (ConfUtils.java:logGet(46)) - raft.server.log.force.sync.num = 128 (default)
2023-03-16 19:31:15,951 [pool-96-thread-1] INFO  server.RaftServerConfigKeys (ConfUtils.java:logGet(46)) - raft.server.log.statemachine.data.sync = true (default)
2023-03-16 19:31:15,951 [pool-96-thread-1] INFO  server.RaftServerConfigKeys (ConfUtils.java:logGet(46)) - raft.server.log.statemachine.data.sync.timeout = 10s (default)
2023-03-16 19:31:15,951 [pool-96-thread-1] INFO  server.RaftServerConfigKeys (ConfUtils.java:logGet(46)) - raft.server.log.statemachine.data.sync.timeout.retry = -1 (default)
2023-03-16 19:31:15,952 [pool-96-thread-1] INFO  server.RaftServerConfigKeys (ConfUtils.java:logGet(46)) - raft.server.log.write.buffer.size = 1048576 (custom)
2023-03-16 19:31:15,952 [pool-96-thread-1] INFO  server.RaftServerConfigKeys (ConfUtils.java:logGet(46)) - raft.server.log.appender.buffer.byte-limit = 33554432 (custom)
2023-03-16 19:31:15,957 [pool-96-thread-1] INFO  server.RaftServerConfigKeys (ConfUtils.java:logGet(46)) - raft.server.log.unsafe-flush.enabled = false (default)
2023-03-16 19:31:15,958 [pool-96-thread-1] INFO  server.RaftServerConfigKeys (ConfUtils.java:logGet(46)) - raft.server.log.async-flush.enabled = false (default)
2023-03-16 19:31:15,958 [pool-96-thread-1] INFO  server.RaftServerConfigKeys (ConfUtils.java:logGet(46)) - raft.server.log.statemachine.data.caching.enabled = true (custom)
2023-03-16 19:31:15,958 [pool-96-thread-1] INFO  segmented.SegmentedRaftLogWorker (SegmentedRaftLogWorker.java:lambda$new$0(135)) - 501afb93-dbf6-4762-89b0-1530e6487361@group-D55307894BA2-SegmentedRaftLogWorker: flushIndex: setUnconditionally 0 -> -1
2023-03-16 19:31:15,958 [pool-96-thread-1] INFO  segmented.SegmentedRaftLogWorker (SegmentedRaftLogWorker.java:lambda$new$0(135)) - 501afb93-dbf6-4762-89b0-1530e6487361@group-D55307894BA2-SegmentedRaftLogWorker: safeCacheEvictIndex: setUnconditionally 0 -> -1
2023-03-16 19:31:15,958 [pool-96-thread-1] INFO  server.RaftServer$Division (RaftServerImpl.java:start(334)) - 501afb93-dbf6-4762-89b0-1530e6487361@group-D55307894BA2: start as a follower, conf=-1: peers:[9fd881d9-c6e7-4e8a-8ff9-b6fc1fe9c624|rpc:10.1.0.30:33637|dataStream:10.1.0.30:41455|priority:0|startupRole:FOLLOWER, 8d131824-8a7c-4349-9333-1c11e55c3c4c|rpc:10.1.0.30:44709|dataStream:10.1.0.30:44395|priority:1|startupRole:FOLLOWER, 501afb93-dbf6-4762-89b0-1530e6487361|rpc:10.1.0.30:39339|dataStream:10.1.0.30:43295|priority:0|startupRole:FOLLOWER]|listeners:[], old=null
2023-03-16 19:31:15,958 [pool-96-thread-1] INFO  server.RaftServer$Division (RaftServerImpl.java:setRole(321)) - 501afb93-dbf6-4762-89b0-1530e6487361@group-D55307894BA2: changes role from      null to FOLLOWER at term 0 for startAsFollower
2023-03-16 19:31:15,958 [pool-96-thread-1] INFO  impl.RoleInfo (RoleInfo.java:updateAndGet(139)) - 501afb93-dbf6-4762-89b0-1530e6487361: start 501afb93-dbf6-4762-89b0-1530e6487361@group-D55307894BA2-FollowerState
2023-03-16 19:31:15,959 [pool-96-thread-1] INFO  util.JmxRegister (JmxRegister.java:tryRegister(44)) - Successfully registered JMX Bean with object name Ratis:service=RaftServer,group=group-D55307894BA2,id=501afb93-dbf6-4762-89b0-1530e6487361
2023-03-16 19:31:15,959 [pool-96-thread-1] INFO  server.RaftServerConfigKeys (ConfUtils.java:logGet(46)) - raft.server.snapshot.auto.trigger.enabled = true (custom)
2023-03-16 19:31:15,959 [pool-96-thread-1] INFO  server.RaftServerConfigKeys (ConfUtils.java:logGet(46)) - raft.server.snapshot.auto.trigger.threshold = 10000 (custom)
2023-03-16 19:31:15,959 [pool-96-thread-1] INFO  server.RaftServerConfigKeys (ConfUtils.java:logGet(46)) - raft.server.snapshot.retention.file.num = 5 (custom)
2023-03-16 19:31:15,959 [pool-96-thread-1] INFO  server.RaftServerConfigKeys (ConfUtils.java:logGet(46)) - raft.server.log.purge.upto.snapshot.index = false (default)
2023-03-16 19:31:15,960 [501afb93-dbf6-4762-89b0-1530e6487361@group-D55307894BA2-FollowerState] INFO  server.RaftServerConfigKeys (ConfUtils.java:logFallback(53)) - raft.server.rpc.first-election.timeout.min = 5s (fallback to raft.server.rpc.timeout.min)
2023-03-16 19:31:15,964 [501afb93-dbf6-4762-89b0-1530e6487361@group-D55307894BA2-FollowerState] INFO  server.RaftServerConfigKeys (ConfUtils.java:logFallback(53)) - raft.server.rpc.first-election.timeout.max = 5200ms (fallback to raft.server.rpc.timeout.max)
2023-03-16 19:31:15,964 [pool-96-thread-1] INFO  storage.RaftStorageDirectory (RaftStorageDirectoryImpl.java:analyzeStorage(137)) - The storage directory /home/runner/work/ozone/ozone/hadoop-ozone/integration-test/target/test-dir/MiniOzoneClusterImpl-7c80c19b-b74a-4fd6-b02a-95a373f15db1/datanode-1/data/ratis/0e737131-6377-4485-89f8-f82b3cac0373 does not exist. Creating ...
2023-03-16 19:31:15,965 [pool-96-thread-1] INFO  storage.RaftStorageDirectory (RaftStorageDirectoryImpl.java:tryLock(231)) - Lock on /home/runner/work/ozone/ozone/hadoop-ozone/integration-test/target/test-dir/MiniOzoneClusterImpl-7c80c19b-b74a-4fd6-b02a-95a373f15db1/datanode-1/data/ratis/0e737131-6377-4485-89f8-f82b3cac0373/in_use.lock acquired by nodename 43389@fv-az39-712
2023-03-16 19:31:15,966 [pool-96-thread-1] INFO  storage.RaftStorage (RaftStorageImpl.java:format(96)) - Storage directory /home/runner/work/ozone/ozone/hadoop-ozone/integration-test/target/test-dir/MiniOzoneClusterImpl-7c80c19b-b74a-4fd6-b02a-95a373f15db1/datanode-1/data/ratis/0e737131-6377-4485-89f8-f82b3cac0373 has been successfully formatted.
2023-03-16 19:31:15,967 [pool-96-thread-1] INFO  ratis.ContainerStateMachine (ContainerStateMachine.java:loadSnapshot(262)) - group-F82B3CAC0373: The snapshot info is null. Setting the last applied indexto:(t:0, i:~)
2023-03-16 19:31:15,967 [pool-96-thread-1] INFO  server.RaftServerConfigKeys (ConfUtils.java:logGet(46)) - raft.server.log.use.memory = false (default)
2023-03-16 19:31:15,967 [pool-96-thread-1] INFO  server.RaftServerConfigKeys (ConfUtils.java:logGet(46)) - raft.server.log.purge.gap = 1000000 (custom)
2023-03-16 19:31:15,967 [pool-96-thread-1] INFO  server.RaftServerConfigKeys (ConfUtils.java:logGet(46)) - raft.server.log.appender.buffer.byte-limit = 33554432 (custom)
2023-03-16 19:31:15,967 [pool-96-thread-1] INFO  server.RaftServerConfigKeys (ConfUtils.java:logGet(46)) - raft.server.log.statemachine.data.read.timeout = 1000ms (default)
2023-03-16 19:31:15,967 [pool-96-thread-1] INFO  server.RaftServerConfigKeys (ConfUtils.java:logGet(46)) - raft.server.log.purge.preservation.log.num = 0 (default)
2023-03-16 19:31:15,967 [pool-96-thread-1] INFO  server.RaftServerConfigKeys (ConfUtils.java:logGet(46)) - raft.server.log.segment.size.max = 1048576 (custom)
2023-03-16 19:31:15,970 [EventQueue-OpenPipelineForHealthyPipelineSafeModeRule] INFO  safemode.SCMSafeModeManager (HealthyPipelineSafeModeRule.java:process(137)) - SCM in safe mode. Healthy pipelines reported count is 0, required healthy pipeline reported count is 1
2023-03-16 19:31:15,971 [pool-96-thread-1] INFO  server.RaftServerConfigKeys (ConfUtils.java:logGet(46)) - raft.server.log.segment.cache.num.max = 2 (custom)
2023-03-16 19:31:15,971 [pool-96-thread-1] INFO  server.RaftServerConfigKeys (ConfUtils.java:logGet(46)) - raft.server.log.segment.cache.size.max = 200MB (=209715200) (default)
2023-03-16 19:31:15,971 [pool-96-thread-1] INFO  segmented.SegmentedRaftLogWorker (SegmentedRaftLogWorker.java:<init>(189)) - new 501afb93-dbf6-4762-89b0-1530e6487361@group-F82B3CAC0373-SegmentedRaftLogWorker for RaftStorageImpl:Storage Directory /home/runner/work/ozone/ozone/hadoop-ozone/integration-test/target/test-dir/MiniOzoneClusterImpl-7c80c19b-b74a-4fd6-b02a-95a373f15db1/datanode-1/data/ratis/0e737131-6377-4485-89f8-f82b3cac0373
2023-03-16 19:31:15,971 [pool-96-thread-1] INFO  server.RaftServerConfigKeys (ConfUtils.java:logGet(46)) - raft.server.log.queue.byte-limit = 4294967296 (custom)
2023-03-16 19:31:15,971 [pool-96-thread-1] INFO  server.RaftServerConfigKeys (ConfUtils.java:logGet(46)) - raft.server.log.queue.element-limit = 1024 (custom)
2023-03-16 19:31:15,971 [pool-96-thread-1] INFO  server.RaftServerConfigKeys (ConfUtils.java:logGet(46)) - raft.server.log.segment.size.max = 1048576 (custom)
2023-03-16 19:31:15,971 [pool-96-thread-1] INFO  server.RaftServerConfigKeys (ConfUtils.java:logGet(46)) - raft.server.log.preallocated.size = 16384 (custom)
2023-03-16 19:31:15,971 [pool-96-thread-1] INFO  server.RaftServerConfigKeys (ConfUtils.java:logGet(46)) - raft.server.log.force.sync.num = 128 (default)
2023-03-16 19:31:15,971 [pool-96-thread-1] INFO  server.RaftServerConfigKeys (ConfUtils.java:logGet(46)) - raft.server.log.statemachine.data.sync = true (default)
2023-03-16 19:31:15,971 [pool-96-thread-1] INFO  server.RaftServerConfigKeys (ConfUtils.java:logGet(46)) - raft.server.log.statemachine.data.sync.timeout = 10s (default)
2023-03-16 19:31:15,971 [pool-96-thread-1] INFO  server.RaftServerConfigKeys (ConfUtils.java:logGet(46)) - raft.server.log.statemachine.data.sync.timeout.retry = -1 (default)
2023-03-16 19:31:15,972 [pool-96-thread-1] INFO  server.RaftServerConfigKeys (ConfUtils.java:logGet(46)) - raft.server.log.write.buffer.size = 1048576 (custom)
2023-03-16 19:31:15,973 [pool-96-thread-1] INFO  server.RaftServerConfigKeys (ConfUtils.java:logGet(46)) - raft.server.log.appender.buffer.byte-limit = 33554432 (custom)
2023-03-16 19:31:15,978 [pool-96-thread-1] INFO  server.RaftServerConfigKeys (ConfUtils.java:logGet(46)) - raft.server.log.unsafe-flush.enabled = false (default)
2023-03-16 19:31:15,978 [pool-96-thread-1] INFO  server.RaftServerConfigKeys (ConfUtils.java:logGet(46)) - raft.server.log.async-flush.enabled = false (default)
2023-03-16 19:31:15,978 [pool-96-thread-1] INFO  server.RaftServerConfigKeys (ConfUtils.java:logGet(46)) - raft.server.log.statemachine.data.caching.enabled = true (custom)
2023-03-16 19:31:15,978 [pool-96-thread-1] INFO  segmented.SegmentedRaftLogWorker (SegmentedRaftLogWorker.java:lambda$new$0(135)) - 501afb93-dbf6-4762-89b0-1530e6487361@group-F82B3CAC0373-SegmentedRaftLogWorker: flushIndex: setUnconditionally 0 -> -1
2023-03-16 19:31:15,978 [pool-96-thread-1] INFO  segmented.SegmentedRaftLogWorker (SegmentedRaftLogWorker.java:lambda$new$0(135)) - 501afb93-dbf6-4762-89b0-1530e6487361@group-F82B3CAC0373-SegmentedRaftLogWorker: safeCacheEvictIndex: setUnconditionally 0 -> -1
2023-03-16 19:31:15,981 [pool-96-thread-1] INFO  server.RaftServer$Division (RaftServerImpl.java:start(334)) - 501afb93-dbf6-4762-89b0-1530e6487361@group-F82B3CAC0373: start as a follower, conf=-1: peers:[9fd881d9-c6e7-4e8a-8ff9-b6fc1fe9c624|rpc:10.1.0.30:33637|dataStream:10.1.0.30:41455|priority:0|startupRole:FOLLOWER, 8d131824-8a7c-4349-9333-1c11e55c3c4c|rpc:10.1.0.30:44709|dataStream:10.1.0.30:44395|priority:0|startupRole:FOLLOWER, 501afb93-dbf6-4762-89b0-1530e6487361|rpc:10.1.0.30:39339|dataStream:10.1.0.30:43295|priority:1|startupRole:FOLLOWER]|listeners:[], old=null
2023-03-16 19:31:15,981 [pool-96-thread-1] INFO  server.RaftServer$Division (RaftServerImpl.java:setRole(321)) - 501afb93-dbf6-4762-89b0-1530e6487361@group-F82B3CAC0373: changes role from      null to FOLLOWER at term 0 for startAsFollower
2023-03-16 19:31:15,981 [pool-96-thread-1] INFO  impl.RoleInfo (RoleInfo.java:updateAndGet(139)) - 501afb93-dbf6-4762-89b0-1530e6487361: start 501afb93-dbf6-4762-89b0-1530e6487361@group-F82B3CAC0373-FollowerState
2023-03-16 19:31:15,983 [pool-96-thread-1] INFO  util.JmxRegister (JmxRegister.java:tryRegister(44)) - Successfully registered JMX Bean with object name Ratis:service=RaftServer,group=group-F82B3CAC0373,id=501afb93-dbf6-4762-89b0-1530e6487361
2023-03-16 19:31:15,983 [pool-96-thread-1] INFO  server.RaftServerConfigKeys (ConfUtils.java:logGet(46)) - raft.server.snapshot.auto.trigger.enabled = true (custom)
2023-03-16 19:31:15,983 [pool-96-thread-1] INFO  server.RaftServerConfigKeys (ConfUtils.java:logGet(46)) - raft.server.snapshot.auto.trigger.threshold = 10000 (custom)
2023-03-16 19:31:15,983 [pool-96-thread-1] INFO  server.RaftServerConfigKeys (ConfUtils.java:logGet(46)) - raft.server.snapshot.retention.file.num = 5 (custom)
2023-03-16 19:31:15,983 [pool-96-thread-1] INFO  server.RaftServerConfigKeys (ConfUtils.java:logGet(46)) - raft.server.log.purge.upto.snapshot.index = false (default)
2023-03-16 19:31:15,984 [501afb93-dbf6-4762-89b0-1530e6487361@group-F82B3CAC0373-FollowerState] INFO  server.RaftServerConfigKeys (ConfUtils.java:logFallback(53)) - raft.server.rpc.first-election.timeout.min = 5s (fallback to raft.server.rpc.timeout.min)
2023-03-16 19:31:15,986 [501afb93-dbf6-4762-89b0-1530e6487361@group-F82B3CAC0373-FollowerState] INFO  server.RaftServerConfigKeys (ConfUtils.java:logFallback(53)) - raft.server.rpc.first-election.timeout.max = 5200ms (fallback to raft.server.rpc.timeout.max)
2023-03-16 19:31:15,986 [Command processor thread] INFO  ratis.XceiverServerRatis (XceiverServerRatis.java:addGroup(807)) - Created group PipelineID=0e737131-6377-4485-89f8-f82b3cac0373
2023-03-16 19:31:16,032 [grpc-default-executor-1] INFO  server.RaftServer (RaftServerProxy.java:addNew(96)) - 8d131824-8a7c-4349-9333-1c11e55c3c4c: addNew group-F82B3CAC0373:[9fd881d9-c6e7-4e8a-8ff9-b6fc1fe9c624|rpc:10.1.0.30:33637|dataStream:10.1.0.30:41455|priority:0|startupRole:FOLLOWER, 8d131824-8a7c-4349-9333-1c11e55c3c4c|rpc:10.1.0.30:44709|dataStream:10.1.0.30:44395|priority:0|startupRole:FOLLOWER, 501afb93-dbf6-4762-89b0-1530e6487361|rpc:10.1.0.30:39339|dataStream:10.1.0.30:43295|priority:1|startupRole:FOLLOWER] returns group-F82B3CAC0373:java.util.concurrent.CompletableFuture@3c67c8c[Not completed]
2023-03-16 19:31:16,034 [pool-118-thread-1] INFO  server.RaftServer$Division (RaftServerImpl.java:<init>(195)) - 8d131824-8a7c-4349-9333-1c11e55c3c4c: new RaftServerImpl for group-F82B3CAC0373:[9fd881d9-c6e7-4e8a-8ff9-b6fc1fe9c624|rpc:10.1.0.30:33637|dataStream:10.1.0.30:41455|priority:0|startupRole:FOLLOWER, 8d131824-8a7c-4349-9333-1c11e55c3c4c|rpc:10.1.0.30:44709|dataStream:10.1.0.30:44395|priority:0|startupRole:FOLLOWER, 501afb93-dbf6-4762-89b0-1530e6487361|rpc:10.1.0.30:39339|dataStream:10.1.0.30:43295|priority:1|startupRole:FOLLOWER] with ContainerStateMachine:uninitialized
2023-03-16 19:31:16,034 [pool-118-thread-1] INFO  server.RaftServerConfigKeys (ConfUtils.java:logGet(46)) - raft.server.rpc.timeout.min = 5s (custom)
2023-03-16 19:31:16,034 [pool-118-thread-1] INFO  server.RaftServerConfigKeys (ConfUtils.java:logGet(46)) - raft.server.rpc.timeout.max = 5200ms (custom)
2023-03-16 19:31:16,034 [pool-118-thread-1] INFO  server.RaftServerConfigKeys (ConfUtils.java:logGet(46)) - raft.server.rpc.sleep.time = 25ms (default)
2023-03-16 19:31:16,034 [pool-118-thread-1] INFO  server.RaftServerConfigKeys (ConfUtils.java:logGet(46)) - raft.server.rpc.slowness.timeout = 300s (custom)
2023-03-16 19:31:16,034 [pool-118-thread-1] INFO  server.RaftServerConfigKeys (ConfUtils.java:logGet(46)) - raft.server.leaderelection.leader.step-down.wait-time = 10s (default)
2023-03-16 19:31:16,034 [pool-118-thread-1] INFO  server.RaftServerConfigKeys (ConfUtils.java:logGet(46)) - raft.server.sleep.deviation.threshold = 300ms (default)
2023-03-16 19:31:16,034 [pool-118-thread-1] INFO  server.RaftServer$Division (ServerState.java:<init>(118)) - 8d131824-8a7c-4349-9333-1c11e55c3c4c@group-F82B3CAC0373: ConfigurationManager, init=-1: peers:[9fd881d9-c6e7-4e8a-8ff9-b6fc1fe9c624|rpc:10.1.0.30:33637|dataStream:10.1.0.30:41455|priority:0|startupRole:FOLLOWER, 8d131824-8a7c-4349-9333-1c11e55c3c4c|rpc:10.1.0.30:44709|dataStream:10.1.0.30:44395|priority:0|startupRole:FOLLOWER, 501afb93-dbf6-4762-89b0-1530e6487361|rpc:10.1.0.30:39339|dataStream:10.1.0.30:43295|priority:1|startupRole:FOLLOWER]|listeners:[], old=null, confs=<EMPTY_MAP>
2023-03-16 19:31:16,035 [pool-118-thread-1] INFO  server.RaftServerConfigKeys (ConfUtils.java:logGet(46)) - raft.server.storage.dir = [/home/runner/work/ozone/ozone/hadoop-ozone/integration-test/target/test-dir/MiniOzoneClusterImpl-7c80c19b-b74a-4fd6-b02a-95a373f15db1/datanode-2/data/ratis] (custom)
2023-03-16 19:31:16,039 [pool-118-thread-1] INFO  server.RaftServerConfigKeys (ConfUtils.java:logGet(46)) - raft.server.log.corruption.policy = EXCEPTION (default)
2023-03-16 19:31:16,040 [pool-118-thread-1] INFO  server.RaftServerConfigKeys (ConfUtils.java:logGet(46)) - raft.server.storage.free-space.min = 0MB (=0) (default)
2023-03-16 19:31:16,039 [grpc-default-executor-1] INFO  server.RaftServer (RaftServerProxy.java:addNew(96)) - 8d131824-8a7c-4349-9333-1c11e55c3c4c: addNew group-D55307894BA2:[9fd881d9-c6e7-4e8a-8ff9-b6fc1fe9c624|rpc:10.1.0.30:33637|dataStream:10.1.0.30:41455|priority:0|startupRole:FOLLOWER, 8d131824-8a7c-4349-9333-1c11e55c3c4c|rpc:10.1.0.30:44709|dataStream:10.1.0.30:44395|priority:1|startupRole:FOLLOWER, 501afb93-dbf6-4762-89b0-1530e6487361|rpc:10.1.0.30:39339|dataStream:10.1.0.30:43295|priority:0|startupRole:FOLLOWER] returns group-D55307894BA2:java.util.concurrent.CompletableFuture@e2661f6[Not completed]
2023-03-16 19:31:16,041 [pool-118-thread-1] INFO  server.RaftServerConfigKeys (ConfUtils.java:logGet(46)) - raft.server.notification.no-leader.timeout = 300s (custom)
2023-03-16 19:31:16,041 [pool-118-thread-1] INFO  server.RaftServerConfigKeys (ConfUtils.java:logGet(46)) - raft.server.retrycache.expirytime = 600000ms (custom)
2023-03-16 19:31:16,041 [pool-118-thread-1] INFO  server.RaftServerConfigKeys (ConfUtils.java:logGet(46)) - raft.server.retrycache.statistics.expirytime = 100μs (default)
2023-03-16 19:31:16,044 [pool-118-thread-1] INFO  server.RaftServerConfigKeys (ConfUtils.java:logGet(46)) - raft.server.log.appender.install.snapshot.enabled = false (custom)
2023-03-16 19:31:16,044 [pool-118-thread-1] INFO  server.RaftServerConfigKeys (ConfUtils.java:logGet(46)) - raft.server.threadpool.server.cached = true (default)
2023-03-16 19:31:16,044 [pool-118-thread-1] INFO  server.RaftServerConfigKeys (ConfUtils.java:logGet(46)) - raft.server.threadpool.server.size = 0 (default)
2023-03-16 19:31:16,044 [pool-118-thread-1] INFO  server.RaftServerConfigKeys (ConfUtils.java:logGet(46)) - raft.server.threadpool.client.cached = true (default)
2023-03-16 19:31:16,044 [pool-118-thread-1] INFO  server.RaftServerConfigKeys (ConfUtils.java:logGet(46)) - raft.server.threadpool.client.size = 0 (default)
2023-03-16 19:31:16,046 [pool-118-thread-1] INFO  server.RaftServer$Division (RaftServerImpl.java:<init>(195)) - 8d131824-8a7c-4349-9333-1c11e55c3c4c: new RaftServerImpl for group-D55307894BA2:[9fd881d9-c6e7-4e8a-8ff9-b6fc1fe9c624|rpc:10.1.0.30:33637|dataStream:10.1.0.30:41455|priority:0|startupRole:FOLLOWER, 8d131824-8a7c-4349-9333-1c11e55c3c4c|rpc:10.1.0.30:44709|dataStream:10.1.0.30:44395|priority:1|startupRole:FOLLOWER, 501afb93-dbf6-4762-89b0-1530e6487361|rpc:10.1.0.30:39339|dataStream:10.1.0.30:43295|priority:0|startupRole:FOLLOWER] with ContainerStateMachine:uninitialized
2023-03-16 19:31:16,046 [pool-118-thread-1] INFO  server.RaftServerConfigKeys (ConfUtils.java:logGet(46)) - raft.server.rpc.timeout.min = 5s (custom)
2023-03-16 19:31:16,046 [pool-118-thread-1] INFO  server.RaftServerConfigKeys (ConfUtils.java:logGet(46)) - raft.server.rpc.timeout.max = 5200ms (custom)
2023-03-16 19:31:16,046 [pool-118-thread-1] INFO  server.RaftServerConfigKeys (ConfUtils.java:logGet(46)) - raft.server.rpc.sleep.time = 25ms (default)
2023-03-16 19:31:16,046 [pool-118-thread-1] INFO  server.RaftServerConfigKeys (ConfUtils.java:logGet(46)) - raft.server.rpc.slowness.timeout = 300s (custom)
2023-03-16 19:31:16,046 [pool-118-thread-1] INFO  server.RaftServerConfigKeys (ConfUtils.java:logGet(46)) - raft.server.leaderelection.leader.step-down.wait-time = 10s (default)
2023-03-16 19:31:16,046 [pool-118-thread-1] INFO  server.RaftServerConfigKeys (ConfUtils.java:logGet(46)) - raft.server.sleep.deviation.threshold = 300ms (default)
2023-03-16 19:31:16,046 [pool-118-thread-1] INFO  server.RaftServer$Division (ServerState.java:<init>(118)) - 8d131824-8a7c-4349-9333-1c11e55c3c4c@group-D55307894BA2: ConfigurationManager, init=-1: peers:[9fd881d9-c6e7-4e8a-8ff9-b6fc1fe9c624|rpc:10.1.0.30:33637|dataStream:10.1.0.30:41455|priority:0|startupRole:FOLLOWER, 8d131824-8a7c-4349-9333-1c11e55c3c4c|rpc:10.1.0.30:44709|dataStream:10.1.0.30:44395|priority:1|startupRole:FOLLOWER, 501afb93-dbf6-4762-89b0-1530e6487361|rpc:10.1.0.30:39339|dataStream:10.1.0.30:43295|priority:0|startupRole:FOLLOWER]|listeners:[], old=null, confs=<EMPTY_MAP>
2023-03-16 19:31:16,046 [pool-118-thread-1] INFO  server.RaftServerConfigKeys (ConfUtils.java:logGet(46)) - raft.server.storage.dir = [/home/runner/work/ozone/ozone/hadoop-ozone/integration-test/target/test-dir/MiniOzoneClusterImpl-7c80c19b-b74a-4fd6-b02a-95a373f15db1/datanode-2/data/ratis] (custom)
2023-03-16 19:31:16,046 [pool-118-thread-1] INFO  server.RaftServerConfigKeys (ConfUtils.java:logGet(46)) - raft.server.log.corruption.policy = EXCEPTION (default)
2023-03-16 19:31:16,046 [pool-118-thread-1] INFO  server.RaftServerConfigKeys (ConfUtils.java:logGet(46)) - raft.server.storage.free-space.min = 0MB (=0) (default)
2023-03-16 19:31:16,047 [pool-118-thread-1] INFO  server.RaftServerConfigKeys (ConfUtils.java:logGet(46)) - raft.server.notification.no-leader.timeout = 300s (custom)
2023-03-16 19:31:16,047 [pool-118-thread-1] INFO  server.RaftServerConfigKeys (ConfUtils.java:logGet(46)) - raft.server.retrycache.expirytime = 600000ms (custom)
2023-03-16 19:31:16,047 [pool-118-thread-1] INFO  server.RaftServerConfigKeys (ConfUtils.java:logGet(46)) - raft.server.retrycache.statistics.expirytime = 100μs (default)
2023-03-16 19:31:16,048 [pool-118-thread-1] INFO  server.RaftServerConfigKeys (ConfUtils.java:logGet(46)) - raft.server.log.appender.install.snapshot.enabled = false (custom)
2023-03-16 19:31:16,048 [pool-118-thread-1] INFO  server.RaftServerConfigKeys (ConfUtils.java:logGet(46)) - raft.server.threadpool.server.cached = true (default)
2023-03-16 19:31:16,048 [pool-118-thread-1] INFO  server.RaftServerConfigKeys (ConfUtils.java:logGet(46)) - raft.server.threadpool.server.size = 0 (default)
2023-03-16 19:31:16,048 [pool-118-thread-1] INFO  server.RaftServerConfigKeys (ConfUtils.java:logGet(46)) - raft.server.threadpool.client.cached = true (default)
2023-03-16 19:31:16,048 [pool-118-thread-1] INFO  server.RaftServerConfigKeys (ConfUtils.java:logGet(46)) - raft.server.threadpool.client.size = 0 (default)
2023-03-16 19:31:16,048 [pool-118-thread-1] INFO  storage.RaftStorageDirectory (RaftStorageDirectoryImpl.java:analyzeStorage(137)) - The storage directory /home/runner/work/ozone/ozone/hadoop-ozone/integration-test/target/test-dir/MiniOzoneClusterImpl-7c80c19b-b74a-4fd6-b02a-95a373f15db1/datanode-2/data/ratis/0e737131-6377-4485-89f8-f82b3cac0373 does not exist. Creating ...
2023-03-16 19:31:16,049 [pool-118-thread-1] INFO  storage.RaftStorageDirectory (RaftStorageDirectoryImpl.java:tryLock(231)) - Lock on /home/runner/work/ozone/ozone/hadoop-ozone/integration-test/target/test-dir/MiniOzoneClusterImpl-7c80c19b-b74a-4fd6-b02a-95a373f15db1/datanode-2/data/ratis/0e737131-6377-4485-89f8-f82b3cac0373/in_use.lock acquired by nodename 43389@fv-az39-712
2023-03-16 19:31:16,050 [pool-118-thread-1] INFO  storage.RaftStorage (RaftStorageImpl.java:format(96)) - Storage directory /home/runner/work/ozone/ozone/hadoop-ozone/integration-test/target/test-dir/MiniOzoneClusterImpl-7c80c19b-b74a-4fd6-b02a-95a373f15db1/datanode-2/data/ratis/0e737131-6377-4485-89f8-f82b3cac0373 has been successfully formatted.
2023-03-16 19:31:16,052 [pool-118-thread-1] INFO  ratis.ContainerStateMachine (ContainerStateMachine.java:loadSnapshot(262)) - group-F82B3CAC0373: The snapshot info is null. Setting the last applied indexto:(t:0, i:~)
2023-03-16 19:31:16,052 [pool-118-thread-1] INFO  server.RaftServerConfigKeys (ConfUtils.java:logGet(46)) - raft.server.log.use.memory = false (default)
2023-03-16 19:31:16,052 [pool-118-thread-1] INFO  server.RaftServerConfigKeys (ConfUtils.java:logGet(46)) - raft.server.log.purge.gap = 1000000 (custom)
2023-03-16 19:31:16,052 [pool-118-thread-1] INFO  server.RaftServerConfigKeys (ConfUtils.java:logGet(46)) - raft.server.log.appender.buffer.byte-limit = 33554432 (custom)
2023-03-16 19:31:16,052 [pool-118-thread-1] INFO  server.RaftServerConfigKeys (ConfUtils.java:logGet(46)) - raft.server.log.statemachine.data.read.timeout = 1000ms (default)
2023-03-16 19:31:16,052 [pool-118-thread-1] INFO  server.RaftServerConfigKeys (ConfUtils.java:logGet(46)) - raft.server.log.purge.preservation.log.num = 0 (default)
2023-03-16 19:31:16,057 [pool-118-thread-1] INFO  server.RaftServerConfigKeys (ConfUtils.java:logGet(46)) - raft.server.log.segment.size.max = 1048576 (custom)
2023-03-16 19:31:16,058 [pool-118-thread-1] INFO  server.RaftServerConfigKeys (ConfUtils.java:logGet(46)) - raft.server.log.segment.cache.num.max = 2 (custom)
2023-03-16 19:31:16,058 [pool-118-thread-1] INFO  server.RaftServerConfigKeys (ConfUtils.java:logGet(46)) - raft.server.log.segment.cache.size.max = 200MB (=209715200) (default)
2023-03-16 19:31:16,058 [pool-118-thread-1] INFO  segmented.SegmentedRaftLogWorker (SegmentedRaftLogWorker.java:<init>(189)) - new 8d131824-8a7c-4349-9333-1c11e55c3c4c@group-F82B3CAC0373-SegmentedRaftLogWorker for RaftStorageImpl:Storage Directory /home/runner/work/ozone/ozone/hadoop-ozone/integration-test/target/test-dir/MiniOzoneClusterImpl-7c80c19b-b74a-4fd6-b02a-95a373f15db1/datanode-2/data/ratis/0e737131-6377-4485-89f8-f82b3cac0373
2023-03-16 19:31:16,058 [pool-118-thread-1] INFO  server.RaftServerConfigKeys (ConfUtils.java:logGet(46)) - raft.server.log.queue.byte-limit = 4294967296 (custom)
2023-03-16 19:31:16,058 [pool-118-thread-1] INFO  server.RaftServerConfigKeys (ConfUtils.java:logGet(46)) - raft.server.log.queue.element-limit = 1024 (custom)
2023-03-16 19:31:16,058 [pool-118-thread-1] INFO  server.RaftServerConfigKeys (ConfUtils.java:logGet(46)) - raft.server.log.segment.size.max = 1048576 (custom)
2023-03-16 19:31:16,058 [pool-118-thread-1] INFO  server.RaftServerConfigKeys (ConfUtils.java:logGet(46)) - raft.server.log.preallocated.size = 16384 (custom)
2023-03-16 19:31:16,058 [pool-118-thread-1] INFO  server.RaftServerConfigKeys (ConfUtils.java:logGet(46)) - raft.server.log.force.sync.num = 128 (default)
2023-03-16 19:31:16,058 [pool-118-thread-1] INFO  server.RaftServerConfigKeys (ConfUtils.java:logGet(46)) - raft.server.log.statemachine.data.sync = true (default)
2023-03-16 19:31:16,061 [pool-118-thread-1] INFO  server.RaftServerConfigKeys (ConfUtils.java:logGet(46)) - raft.server.log.statemachine.data.sync.timeout = 10s (default)
2023-03-16 19:31:16,063 [pool-118-thread-1] INFO  server.RaftServerConfigKeys (ConfUtils.java:logGet(46)) - raft.server.log.statemachine.data.sync.timeout.retry = -1 (default)
2023-03-16 19:31:16,064 [pool-118-thread-1] INFO  server.RaftServerConfigKeys (ConfUtils.java:logGet(46)) - raft.server.log.write.buffer.size = 1048576 (custom)
2023-03-16 19:31:16,064 [pool-118-thread-1] INFO  server.RaftServerConfigKeys (ConfUtils.java:logGet(46)) - raft.server.log.appender.buffer.byte-limit = 33554432 (custom)
2023-03-16 19:31:16,079 [pool-118-thread-1] INFO  server.RaftServerConfigKeys (ConfUtils.java:logGet(46)) - raft.server.log.unsafe-flush.enabled = false (default)
2023-03-16 19:31:16,079 [pool-118-thread-1] INFO  server.RaftServerConfigKeys (ConfUtils.java:logGet(46)) - raft.server.log.async-flush.enabled = false (default)
2023-03-16 19:31:16,079 [pool-118-thread-1] INFO  server.RaftServerConfigKeys (ConfUtils.java:logGet(46)) - raft.server.log.statemachine.data.caching.enabled = true (custom)
2023-03-16 19:31:16,080 [pool-118-thread-1] INFO  segmented.SegmentedRaftLogWorker (SegmentedRaftLogWorker.java:lambda$new$0(135)) - 8d131824-8a7c-4349-9333-1c11e55c3c4c@group-F82B3CAC0373-SegmentedRaftLogWorker: flushIndex: setUnconditionally 0 -> -1
2023-03-16 19:31:16,080 [pool-118-thread-1] INFO  segmented.SegmentedRaftLogWorker (SegmentedRaftLogWorker.java:lambda$new$0(135)) - 8d131824-8a7c-4349-9333-1c11e55c3c4c@group-F82B3CAC0373-SegmentedRaftLogWorker: safeCacheEvictIndex: setUnconditionally 0 -> -1
2023-03-16 19:31:16,081 [pool-118-thread-1] INFO  server.RaftServer$Division (RaftServerImpl.java:start(334)) - 8d131824-8a7c-4349-9333-1c11e55c3c4c@group-F82B3CAC0373: start as a follower, conf=-1: peers:[9fd881d9-c6e7-4e8a-8ff9-b6fc1fe9c624|rpc:10.1.0.30:33637|dataStream:10.1.0.30:41455|priority:0|startupRole:FOLLOWER, 8d131824-8a7c-4349-9333-1c11e55c3c4c|rpc:10.1.0.30:44709|dataStream:10.1.0.30:44395|priority:0|startupRole:FOLLOWER, 501afb93-dbf6-4762-89b0-1530e6487361|rpc:10.1.0.30:39339|dataStream:10.1.0.30:43295|priority:1|startupRole:FOLLOWER]|listeners:[], old=null
2023-03-16 19:31:16,081 [pool-118-thread-1] INFO  server.RaftServer$Division (RaftServerImpl.java:setRole(321)) - 8d131824-8a7c-4349-9333-1c11e55c3c4c@group-F82B3CAC0373: changes role from      null to FOLLOWER at term 0 for startAsFollower
2023-03-16 19:31:16,081 [pool-118-thread-1] INFO  impl.RoleInfo (RoleInfo.java:updateAndGet(139)) - 8d131824-8a7c-4349-9333-1c11e55c3c4c: start 8d131824-8a7c-4349-9333-1c11e55c3c4c@group-F82B3CAC0373-FollowerState
2023-03-16 19:31:16,082 [pool-118-thread-1] INFO  util.JmxRegister (JmxRegister.java:tryRegister(44)) - Successfully registered JMX Bean with object name Ratis:service=RaftServer,group=group-F82B3CAC0373,id=8d131824-8a7c-4349-9333-1c11e55c3c4c
2023-03-16 19:31:16,082 [pool-118-thread-1] INFO  server.RaftServerConfigKeys (ConfUtils.java:logGet(46)) - raft.server.snapshot.auto.trigger.enabled = true (custom)
2023-03-16 19:31:16,083 [pool-118-thread-1] INFO  server.RaftServerConfigKeys (ConfUtils.java:logGet(46)) - raft.server.snapshot.auto.trigger.threshold = 10000 (custom)
2023-03-16 19:31:16,083 [pool-118-thread-1] INFO  server.RaftServerConfigKeys (ConfUtils.java:logGet(46)) - raft.server.snapshot.retention.file.num = 5 (custom)
2023-03-16 19:31:16,083 [pool-118-thread-1] INFO  server.RaftServerConfigKeys (ConfUtils.java:logGet(46)) - raft.server.log.purge.upto.snapshot.index = false (default)
2023-03-16 19:31:16,083 [8d131824-8a7c-4349-9333-1c11e55c3c4c@group-F82B3CAC0373-FollowerState] INFO  server.RaftServerConfigKeys (ConfUtils.java:logFallback(53)) - raft.server.rpc.first-election.timeout.min = 5s (fallback to raft.server.rpc.timeout.min)
2023-03-16 19:31:16,087 [8d131824-8a7c-4349-9333-1c11e55c3c4c@group-F82B3CAC0373-FollowerState] INFO  server.RaftServerConfigKeys (ConfUtils.java:logFallback(53)) - raft.server.rpc.first-election.timeout.max = 5200ms (fallback to raft.server.rpc.timeout.max)
2023-03-16 19:31:16,089 [pool-118-thread-1] INFO  storage.RaftStorageDirectory (RaftStorageDirectoryImpl.java:analyzeStorage(137)) - The storage directory /home/runner/work/ozone/ozone/hadoop-ozone/integration-test/target/test-dir/MiniOzoneClusterImpl-7c80c19b-b74a-4fd6-b02a-95a373f15db1/datanode-2/data/ratis/58fe6918-0902-4594-9b6a-d55307894ba2 does not exist. Creating ...
2023-03-16 19:31:16,091 [pool-118-thread-1] INFO  storage.RaftStorageDirectory (RaftStorageDirectoryImpl.java:tryLock(231)) - Lock on /home/runner/work/ozone/ozone/hadoop-ozone/integration-test/target/test-dir/MiniOzoneClusterImpl-7c80c19b-b74a-4fd6-b02a-95a373f15db1/datanode-2/data/ratis/58fe6918-0902-4594-9b6a-d55307894ba2/in_use.lock acquired by nodename 43389@fv-az39-712
2023-03-16 19:31:16,094 [pool-118-thread-1] INFO  storage.RaftStorage (RaftStorageImpl.java:format(96)) - Storage directory /home/runner/work/ozone/ozone/hadoop-ozone/integration-test/target/test-dir/MiniOzoneClusterImpl-7c80c19b-b74a-4fd6-b02a-95a373f15db1/datanode-2/data/ratis/58fe6918-0902-4594-9b6a-d55307894ba2 has been successfully formatted.
2023-03-16 19:31:16,095 [pool-118-thread-1] INFO  ratis.ContainerStateMachine (ContainerStateMachine.java:loadSnapshot(262)) - group-D55307894BA2: The snapshot info is null. Setting the last applied indexto:(t:0, i:~)
2023-03-16 19:31:16,095 [pool-118-thread-1] INFO  server.RaftServerConfigKeys (ConfUtils.java:logGet(46)) - raft.server.log.use.memory = false (default)
2023-03-16 19:31:16,095 [pool-118-thread-1] INFO  server.RaftServerConfigKeys (ConfUtils.java:logGet(46)) - raft.server.log.purge.gap = 1000000 (custom)
2023-03-16 19:31:16,096 [pool-118-thread-1] INFO  server.RaftServerConfigKeys (ConfUtils.java:logGet(46)) - raft.server.log.appender.buffer.byte-limit = 33554432 (custom)
2023-03-16 19:31:16,096 [pool-118-thread-1] INFO  server.RaftServerConfigKeys (ConfUtils.java:logGet(46)) - raft.server.log.statemachine.data.read.timeout = 1000ms (default)
2023-03-16 19:31:16,096 [pool-118-thread-1] INFO  server.RaftServerConfigKeys (ConfUtils.java:logGet(46)) - raft.server.log.purge.preservation.log.num = 0 (default)
2023-03-16 19:31:16,096 [pool-118-thread-1] INFO  server.RaftServerConfigKeys (ConfUtils.java:logGet(46)) - raft.server.log.segment.size.max = 1048576 (custom)
2023-03-16 19:31:16,096 [pool-118-thread-1] INFO  server.RaftServerConfigKeys (ConfUtils.java:logGet(46)) - raft.server.log.segment.cache.num.max = 2 (custom)
2023-03-16 19:31:16,111 [pool-118-thread-1] INFO  server.RaftServerConfigKeys (ConfUtils.java:logGet(46)) - raft.server.log.segment.cache.size.max = 200MB (=209715200) (default)
2023-03-16 19:31:16,111 [pool-118-thread-1] INFO  segmented.SegmentedRaftLogWorker (SegmentedRaftLogWorker.java:<init>(189)) - new 8d131824-8a7c-4349-9333-1c11e55c3c4c@group-D55307894BA2-SegmentedRaftLogWorker for RaftStorageImpl:Storage Directory /home/runner/work/ozone/ozone/hadoop-ozone/integration-test/target/test-dir/MiniOzoneClusterImpl-7c80c19b-b74a-4fd6-b02a-95a373f15db1/datanode-2/data/ratis/58fe6918-0902-4594-9b6a-d55307894ba2
2023-03-16 19:31:16,111 [pool-118-thread-1] INFO  server.RaftServerConfigKeys (ConfUtils.java:logGet(46)) - raft.server.log.queue.byte-limit = 4294967296 (custom)
2023-03-16 19:31:16,111 [pool-118-thread-1] INFO  server.RaftServerConfigKeys (ConfUtils.java:logGet(46)) - raft.server.log.queue.element-limit = 1024 (custom)
2023-03-16 19:31:16,111 [pool-118-thread-1] INFO  server.RaftServerConfigKeys (ConfUtils.java:logGet(46)) - raft.server.log.segment.size.max = 1048576 (custom)
2023-03-16 19:31:16,111 [pool-118-thread-1] INFO  server.RaftServerConfigKeys (ConfUtils.java:logGet(46)) - raft.server.log.preallocated.size = 16384 (custom)
2023-03-16 19:31:16,111 [pool-118-thread-1] INFO  server.RaftServerConfigKeys (ConfUtils.java:logGet(46)) - raft.server.log.force.sync.num = 128 (default)
2023-03-16 19:31:16,111 [pool-118-thread-1] INFO  server.RaftServerConfigKeys (ConfUtils.java:logGet(46)) - raft.server.log.statemachine.data.sync = true (default)
2023-03-16 19:31:16,111 [pool-118-thread-1] INFO  server.RaftServerConfigKeys (ConfUtils.java:logGet(46)) - raft.server.log.statemachine.data.sync.timeout = 10s (default)
2023-03-16 19:31:16,111 [pool-118-thread-1] INFO  server.RaftServerConfigKeys (ConfUtils.java:logGet(46)) - raft.server.log.statemachine.data.sync.timeout.retry = -1 (default)
2023-03-16 19:31:16,112 [pool-118-thread-1] INFO  server.RaftServerConfigKeys (ConfUtils.java:logGet(46)) - raft.server.log.write.buffer.size = 1048576 (custom)
2023-03-16 19:31:16,112 [pool-118-thread-1] INFO  server.RaftServerConfigKeys (ConfUtils.java:logGet(46)) - raft.server.log.appender.buffer.byte-limit = 33554432 (custom)
2023-03-16 19:31:16,122 [grpc-default-executor-1] INFO  server.RaftServer (RaftServerProxy.java:addNew(96)) - 9fd881d9-c6e7-4e8a-8ff9-b6fc1fe9c624: addNew group-F82B3CAC0373:[9fd881d9-c6e7-4e8a-8ff9-b6fc1fe9c624|rpc:10.1.0.30:33637|dataStream:10.1.0.30:41455|priority:0|startupRole:FOLLOWER, 8d131824-8a7c-4349-9333-1c11e55c3c4c|rpc:10.1.0.30:44709|dataStream:10.1.0.30:44395|priority:0|startupRole:FOLLOWER, 501afb93-dbf6-4762-89b0-1530e6487361|rpc:10.1.0.30:39339|dataStream:10.1.0.30:43295|priority:1|startupRole:FOLLOWER] returns group-F82B3CAC0373:java.util.concurrent.CompletableFuture@5bb2be4b[Not completed]
2023-03-16 19:31:16,123 [pool-74-thread-1] INFO  server.RaftServer$Division (RaftServerImpl.java:<init>(195)) - 9fd881d9-c6e7-4e8a-8ff9-b6fc1fe9c624: new RaftServerImpl for group-F82B3CAC0373:[9fd881d9-c6e7-4e8a-8ff9-b6fc1fe9c624|rpc:10.1.0.30:33637|dataStream:10.1.0.30:41455|priority:0|startupRole:FOLLOWER, 8d131824-8a7c-4349-9333-1c11e55c3c4c|rpc:10.1.0.30:44709|dataStream:10.1.0.30:44395|priority:0|startupRole:FOLLOWER, 501afb93-dbf6-4762-89b0-1530e6487361|rpc:10.1.0.30:39339|dataStream:10.1.0.30:43295|priority:1|startupRole:FOLLOWER] with ContainerStateMachine:uninitialized
2023-03-16 19:31:16,123 [pool-74-thread-1] INFO  server.RaftServerConfigKeys (ConfUtils.java:logGet(46)) - raft.server.rpc.timeout.min = 5s (custom)
2023-03-16 19:31:16,123 [pool-74-thread-1] INFO  server.RaftServerConfigKeys (ConfUtils.java:logGet(46)) - raft.server.rpc.timeout.max = 5200ms (custom)
2023-03-16 19:31:16,123 [pool-74-thread-1] INFO  server.RaftServerConfigKeys (ConfUtils.java:logGet(46)) - raft.server.rpc.sleep.time = 25ms (default)
2023-03-16 19:31:16,123 [pool-74-thread-1] INFO  server.RaftServerConfigKeys (ConfUtils.java:logGet(46)) - raft.server.rpc.slowness.timeout = 300s (custom)
2023-03-16 19:31:16,123 [pool-74-thread-1] INFO  server.RaftServerConfigKeys (ConfUtils.java:logGet(46)) - raft.server.leaderelection.leader.step-down.wait-time = 10s (default)
2023-03-16 19:31:16,123 [pool-74-thread-1] INFO  server.RaftServerConfigKeys (ConfUtils.java:logGet(46)) - raft.server.sleep.deviation.threshold = 300ms (default)
2023-03-16 19:31:16,123 [pool-74-thread-1] INFO  server.RaftServer$Division (ServerState.java:<init>(118)) - 9fd881d9-c6e7-4e8a-8ff9-b6fc1fe9c624@group-F82B3CAC0373: ConfigurationManager, init=-1: peers:[9fd881d9-c6e7-4e8a-8ff9-b6fc1fe9c624|rpc:10.1.0.30:33637|dataStream:10.1.0.30:41455|priority:0|startupRole:FOLLOWER, 8d131824-8a7c-4349-9333-1c11e55c3c4c|rpc:10.1.0.30:44709|dataStream:10.1.0.30:44395|priority:0|startupRole:FOLLOWER, 501afb93-dbf6-4762-89b0-1530e6487361|rpc:10.1.0.30:39339|dataStream:10.1.0.30:43295|priority:1|startupRole:FOLLOWER]|listeners:[], old=null, confs=<EMPTY_MAP>
2023-03-16 19:31:16,124 [pool-74-thread-1] INFO  server.RaftServerConfigKeys (ConfUtils.java:logGet(46)) - raft.server.storage.dir = [/home/runner/work/ozone/ozone/hadoop-ozone/integration-test/target/test-dir/MiniOzoneClusterImpl-7c80c19b-b74a-4fd6-b02a-95a373f15db1/datanode-0/data/ratis] (custom)
2023-03-16 19:31:16,124 [pool-74-thread-1] INFO  server.RaftServerConfigKeys (ConfUtils.java:logGet(46)) - raft.server.log.corruption.policy = EXCEPTION (default)
2023-03-16 19:31:16,124 [pool-74-thread-1] INFO  server.RaftServerConfigKeys (ConfUtils.java:logGet(46)) - raft.server.storage.free-space.min = 0MB (=0) (default)
2023-03-16 19:31:16,124 [pool-74-thread-1] INFO  server.RaftServerConfigKeys (ConfUtils.java:logGet(46)) - raft.server.notification.no-leader.timeout = 300s (custom)
2023-03-16 19:31:16,124 [pool-74-thread-1] INFO  server.RaftServerConfigKeys (ConfUtils.java:logGet(46)) - raft.server.retrycache.expirytime = 600000ms (custom)
2023-03-16 19:31:16,124 [pool-74-thread-1] INFO  server.RaftServerConfigKeys (ConfUtils.java:logGet(46)) - raft.server.retrycache.statistics.expirytime = 100μs (default)
2023-03-16 19:31:16,125 [pool-74-thread-1] INFO  server.RaftServerConfigKeys (ConfUtils.java:logGet(46)) - raft.server.log.appender.install.snapshot.enabled = false (custom)
2023-03-16 19:31:16,125 [pool-74-thread-1] INFO  server.RaftServerConfigKeys (ConfUtils.java:logGet(46)) - raft.server.threadpool.server.cached = true (default)
2023-03-16 19:31:16,125 [pool-74-thread-1] INFO  server.RaftServerConfigKeys (ConfUtils.java:logGet(46)) - raft.server.threadpool.server.size = 0 (default)
2023-03-16 19:31:16,125 [pool-74-thread-1] INFO  server.RaftServerConfigKeys (ConfUtils.java:logGet(46)) - raft.server.threadpool.client.cached = true (default)
2023-03-16 19:31:16,125 [pool-74-thread-1] INFO  server.RaftServerConfigKeys (ConfUtils.java:logGet(46)) - raft.server.threadpool.client.size = 0 (default)
2023-03-16 19:31:16,125 [pool-74-thread-1] INFO  storage.RaftStorageDirectory (RaftStorageDirectoryImpl.java:analyzeStorage(137)) - The storage directory /home/runner/work/ozone/ozone/hadoop-ozone/integration-test/target/test-dir/MiniOzoneClusterImpl-7c80c19b-b74a-4fd6-b02a-95a373f15db1/datanode-0/data/ratis/0e737131-6377-4485-89f8-f82b3cac0373 does not exist. Creating ...
2023-03-16 19:31:16,126 [pool-118-thread-1] INFO  server.RaftServerConfigKeys (ConfUtils.java:logGet(46)) - raft.server.log.unsafe-flush.enabled = false (default)
2023-03-16 19:31:16,126 [pool-118-thread-1] INFO  server.RaftServerConfigKeys (ConfUtils.java:logGet(46)) - raft.server.log.async-flush.enabled = false (default)
2023-03-16 19:31:16,126 [pool-118-thread-1] INFO  server.RaftServerConfigKeys (ConfUtils.java:logGet(46)) - raft.server.log.statemachine.data.caching.enabled = true (custom)
2023-03-16 19:31:16,127 [pool-74-thread-1] INFO  storage.RaftStorageDirectory (RaftStorageDirectoryImpl.java:tryLock(231)) - Lock on /home/runner/work/ozone/ozone/hadoop-ozone/integration-test/target/test-dir/MiniOzoneClusterImpl-7c80c19b-b74a-4fd6-b02a-95a373f15db1/datanode-0/data/ratis/0e737131-6377-4485-89f8-f82b3cac0373/in_use.lock acquired by nodename 43389@fv-az39-712
2023-03-16 19:31:16,128 [pool-118-thread-1] INFO  segmented.SegmentedRaftLogWorker (SegmentedRaftLogWorker.java:lambda$new$0(135)) - 8d131824-8a7c-4349-9333-1c11e55c3c4c@group-D55307894BA2-SegmentedRaftLogWorker: flushIndex: setUnconditionally 0 -> -1
2023-03-16 19:31:16,128 [pool-118-thread-1] INFO  segmented.SegmentedRaftLogWorker (SegmentedRaftLogWorker.java:lambda$new$0(135)) - 8d131824-8a7c-4349-9333-1c11e55c3c4c@group-D55307894BA2-SegmentedRaftLogWorker: safeCacheEvictIndex: setUnconditionally 0 -> -1
2023-03-16 19:31:16,129 [pool-74-thread-1] INFO  storage.RaftStorage (RaftStorageImpl.java:format(96)) - Storage directory /home/runner/work/ozone/ozone/hadoop-ozone/integration-test/target/test-dir/MiniOzoneClusterImpl-7c80c19b-b74a-4fd6-b02a-95a373f15db1/datanode-0/data/ratis/0e737131-6377-4485-89f8-f82b3cac0373 has been successfully formatted.
2023-03-16 19:31:16,132 [pool-118-thread-1] INFO  server.RaftServer$Division (RaftServerImpl.java:start(334)) - 8d131824-8a7c-4349-9333-1c11e55c3c4c@group-D55307894BA2: start as a follower, conf=-1: peers:[9fd881d9-c6e7-4e8a-8ff9-b6fc1fe9c624|rpc:10.1.0.30:33637|dataStream:10.1.0.30:41455|priority:0|startupRole:FOLLOWER, 8d131824-8a7c-4349-9333-1c11e55c3c4c|rpc:10.1.0.30:44709|dataStream:10.1.0.30:44395|priority:1|startupRole:FOLLOWER, 501afb93-dbf6-4762-89b0-1530e6487361|rpc:10.1.0.30:39339|dataStream:10.1.0.30:43295|priority:0|startupRole:FOLLOWER]|listeners:[], old=null
2023-03-16 19:31:16,132 [pool-74-thread-1] INFO  ratis.ContainerStateMachine (ContainerStateMachine.java:loadSnapshot(262)) - group-F82B3CAC0373: The snapshot info is null. Setting the last applied indexto:(t:0, i:~)
2023-03-16 19:31:16,132 [pool-74-thread-1] INFO  server.RaftServerConfigKeys (ConfUtils.java:logGet(46)) - raft.server.log.use.memory = false (default)
2023-03-16 19:31:16,132 [pool-74-thread-1] INFO  server.RaftServerConfigKeys (ConfUtils.java:logGet(46)) - raft.server.log.purge.gap = 1000000 (custom)
2023-03-16 19:31:16,132 [pool-74-thread-1] INFO  server.RaftServerConfigKeys (ConfUtils.java:logGet(46)) - raft.server.log.appender.buffer.byte-limit = 33554432 (custom)
2023-03-16 19:31:16,132 [pool-74-thread-1] INFO  server.RaftServerConfigKeys (ConfUtils.java:logGet(46)) - raft.server.log.statemachine.data.read.timeout = 1000ms (default)
2023-03-16 19:31:16,132 [pool-74-thread-1] INFO  server.RaftServerConfigKeys (ConfUtils.java:logGet(46)) - raft.server.log.purge.preservation.log.num = 0 (default)
2023-03-16 19:31:16,132 [pool-74-thread-1] INFO  server.RaftServerConfigKeys (ConfUtils.java:logGet(46)) - raft.server.log.segment.size.max = 1048576 (custom)
2023-03-16 19:31:16,133 [pool-74-thread-1] INFO  server.RaftServerConfigKeys (ConfUtils.java:logGet(46)) - raft.server.log.segment.cache.num.max = 2 (custom)
2023-03-16 19:31:16,133 [pool-74-thread-1] INFO  server.RaftServerConfigKeys (ConfUtils.java:logGet(46)) - raft.server.log.segment.cache.size.max = 200MB (=209715200) (default)
2023-03-16 19:31:16,133 [pool-74-thread-1] INFO  segmented.SegmentedRaftLogWorker (SegmentedRaftLogWorker.java:<init>(189)) - new 9fd881d9-c6e7-4e8a-8ff9-b6fc1fe9c624@group-F82B3CAC0373-SegmentedRaftLogWorker for RaftStorageImpl:Storage Directory /home/runner/work/ozone/ozone/hadoop-ozone/integration-test/target/test-dir/MiniOzoneClusterImpl-7c80c19b-b74a-4fd6-b02a-95a373f15db1/datanode-0/data/ratis/0e737131-6377-4485-89f8-f82b3cac0373
2023-03-16 19:31:16,133 [pool-74-thread-1] INFO  server.RaftServerConfigKeys (ConfUtils.java:logGet(46)) - raft.server.log.queue.byte-limit = 4294967296 (custom)
2023-03-16 19:31:16,133 [pool-74-thread-1] INFO  server.RaftServerConfigKeys (ConfUtils.java:logGet(46)) - raft.server.log.queue.element-limit = 1024 (custom)
2023-03-16 19:31:16,133 [pool-74-thread-1] INFO  server.RaftServerConfigKeys (ConfUtils.java:logGet(46)) - raft.server.log.segment.size.max = 1048576 (custom)
2023-03-16 19:31:16,133 [pool-74-thread-1] INFO  server.RaftServerConfigKeys (ConfUtils.java:logGet(46)) - raft.server.log.preallocated.size = 16384 (custom)
2023-03-16 19:31:16,133 [pool-74-thread-1] INFO  server.RaftServerConfigKeys (ConfUtils.java:logGet(46)) - raft.server.log.force.sync.num = 128 (default)
2023-03-16 19:31:16,133 [pool-74-thread-1] INFO  server.RaftServerConfigKeys (ConfUtils.java:logGet(46)) - raft.server.log.statemachine.data.sync = true (default)
2023-03-16 19:31:16,133 [pool-74-thread-1] INFO  server.RaftServerConfigKeys (ConfUtils.java:logGet(46)) - raft.server.log.statemachine.data.sync.timeout = 10s (default)
2023-03-16 19:31:16,133 [pool-74-thread-1] INFO  server.RaftServerConfigKeys (ConfUtils.java:logGet(46)) - raft.server.log.statemachine.data.sync.timeout.retry = -1 (default)
2023-03-16 19:31:16,134 [pool-74-thread-1] INFO  server.RaftServerConfigKeys (ConfUtils.java:logGet(46)) - raft.server.log.write.buffer.size = 1048576 (custom)
2023-03-16 19:31:16,134 [pool-74-thread-1] INFO  server.RaftServerConfigKeys (ConfUtils.java:logGet(46)) - raft.server.log.appender.buffer.byte-limit = 33554432 (custom)
2023-03-16 19:31:16,134 [pool-118-thread-1] INFO  server.RaftServer$Division (RaftServerImpl.java:setRole(321)) - 8d131824-8a7c-4349-9333-1c11e55c3c4c@group-D55307894BA2: changes role from      null to FOLLOWER at term 0 for startAsFollower
2023-03-16 19:31:16,140 [EventQueue-OpenPipelineForHealthyPipelineSafeModeRule] INFO  safemode.SCMSafeModeManager (HealthyPipelineSafeModeRule.java:process(137)) - SCM in safe mode. Healthy pipelines reported count is 0, required healthy pipeline reported count is 1
2023-03-16 19:31:16,141 [pool-118-thread-1] INFO  impl.RoleInfo (RoleInfo.java:updateAndGet(139)) - 8d131824-8a7c-4349-9333-1c11e55c3c4c: start 8d131824-8a7c-4349-9333-1c11e55c3c4c@group-D55307894BA2-FollowerState
2023-03-16 19:31:16,141 [pool-118-thread-1] INFO  util.JmxRegister (JmxRegister.java:tryRegister(44)) - Successfully registered JMX Bean with object name Ratis:service=RaftServer,group=group-D55307894BA2,id=8d131824-8a7c-4349-9333-1c11e55c3c4c
2023-03-16 19:31:16,139 [pool-74-thread-1] INFO  server.RaftServerConfigKeys (ConfUtils.java:logGet(46)) - raft.server.log.unsafe-flush.enabled = false (default)
2023-03-16 19:31:16,141 [pool-118-thread-1] INFO  server.RaftServerConfigKeys (ConfUtils.java:logGet(46)) - raft.server.snapshot.auto.trigger.enabled = true (custom)
2023-03-16 19:31:16,141 [8d131824-8a7c-4349-9333-1c11e55c3c4c@group-D55307894BA2-FollowerState] INFO  server.RaftServerConfigKeys (ConfUtils.java:logFallback(53)) - raft.server.rpc.first-election.timeout.min = 5s (fallback to raft.server.rpc.timeout.min)
2023-03-16 19:31:16,141 [pool-74-thread-1] INFO  server.RaftServerConfigKeys (ConfUtils.java:logGet(46)) - raft.server.log.async-flush.enabled = false (default)
2023-03-16 19:31:16,141 [8d131824-8a7c-4349-9333-1c11e55c3c4c@group-D55307894BA2-FollowerState] INFO  server.RaftServerConfigKeys (ConfUtils.java:logFallback(53)) - raft.server.rpc.first-election.timeout.max = 5200ms (fallback to raft.server.rpc.timeout.max)
2023-03-16 19:31:16,141 [pool-118-thread-1] INFO  server.RaftServerConfigKeys (ConfUtils.java:logGet(46)) - raft.server.snapshot.auto.trigger.threshold = 10000 (custom)
2023-03-16 19:31:16,142 [pool-118-thread-1] INFO  server.RaftServerConfigKeys (ConfUtils.java:logGet(46)) - raft.server.snapshot.retention.file.num = 5 (custom)
2023-03-16 19:31:16,142 [pool-118-thread-1] INFO  server.RaftServerConfigKeys (ConfUtils.java:logGet(46)) - raft.server.log.purge.upto.snapshot.index = false (default)
2023-03-16 19:31:16,141 [pool-74-thread-1] INFO  server.RaftServerConfigKeys (ConfUtils.java:logGet(46)) - raft.server.log.statemachine.data.caching.enabled = true (custom)
2023-03-16 19:31:16,143 [pool-74-thread-1] INFO  segmented.SegmentedRaftLogWorker (SegmentedRaftLogWorker.java:lambda$new$0(135)) - 9fd881d9-c6e7-4e8a-8ff9-b6fc1fe9c624@group-F82B3CAC0373-SegmentedRaftLogWorker: flushIndex: setUnconditionally 0 -> -1
2023-03-16 19:31:16,144 [pool-74-thread-1] INFO  segmented.SegmentedRaftLogWorker (SegmentedRaftLogWorker.java:lambda$new$0(135)) - 9fd881d9-c6e7-4e8a-8ff9-b6fc1fe9c624@group-F82B3CAC0373-SegmentedRaftLogWorker: safeCacheEvictIndex: setUnconditionally 0 -> -1
2023-03-16 19:31:16,146 [pool-74-thread-1] INFO  server.RaftServer$Division (RaftServerImpl.java:start(334)) - 9fd881d9-c6e7-4e8a-8ff9-b6fc1fe9c624@group-F82B3CAC0373: start as a follower, conf=-1: peers:[9fd881d9-c6e7-4e8a-8ff9-b6fc1fe9c624|rpc:10.1.0.30:33637|dataStream:10.1.0.30:41455|priority:0|startupRole:FOLLOWER, 8d131824-8a7c-4349-9333-1c11e55c3c4c|rpc:10.1.0.30:44709|dataStream:10.1.0.30:44395|priority:0|startupRole:FOLLOWER, 501afb93-dbf6-4762-89b0-1530e6487361|rpc:10.1.0.30:39339|dataStream:10.1.0.30:43295|priority:1|startupRole:FOLLOWER]|listeners:[], old=null
2023-03-16 19:31:16,146 [pool-74-thread-1] INFO  server.RaftServer$Division (RaftServerImpl.java:setRole(321)) - 9fd881d9-c6e7-4e8a-8ff9-b6fc1fe9c624@group-F82B3CAC0373: changes role from      null to FOLLOWER at term 0 for startAsFollower
2023-03-16 19:31:16,146 [pool-74-thread-1] INFO  impl.RoleInfo (RoleInfo.java:updateAndGet(139)) - 9fd881d9-c6e7-4e8a-8ff9-b6fc1fe9c624: start 9fd881d9-c6e7-4e8a-8ff9-b6fc1fe9c624@group-F82B3CAC0373-FollowerState
2023-03-16 19:31:16,150 [pool-74-thread-1] INFO  util.JmxRegister (JmxRegister.java:tryRegister(44)) - Successfully registered JMX Bean with object name Ratis:service=RaftServer,group=group-F82B3CAC0373,id=9fd881d9-c6e7-4e8a-8ff9-b6fc1fe9c624
2023-03-16 19:31:16,150 [Command processor thread] INFO  commandhandler.CreatePipelineCommandHandler (CreatePipelineCommandHandler.java:handle(113)) - Created Pipeline RATIS THREE PipelineID=58fe6918-0902-4594-9b6a-d55307894ba2.
2023-03-16 19:31:16,150 [9fd881d9-c6e7-4e8a-8ff9-b6fc1fe9c624@group-F82B3CAC0373-FollowerState] INFO  server.RaftServerConfigKeys (ConfUtils.java:logFallback(53)) - raft.server.rpc.first-election.timeout.min = 5s (fallback to raft.server.rpc.timeout.min)
2023-03-16 19:31:16,150 [9fd881d9-c6e7-4e8a-8ff9-b6fc1fe9c624@group-F82B3CAC0373-FollowerState] INFO  server.RaftServerConfigKeys (ConfUtils.java:logFallback(53)) - raft.server.rpc.first-election.timeout.max = 5200ms (fallback to raft.server.rpc.timeout.max)
2023-03-16 19:31:16,150 [pool-74-thread-1] INFO  server.RaftServerConfigKeys (ConfUtils.java:logGet(46)) - raft.server.snapshot.auto.trigger.enabled = true (custom)
2023-03-16 19:31:16,150 [pool-74-thread-1] INFO  server.RaftServerConfigKeys (ConfUtils.java:logGet(46)) - raft.server.snapshot.auto.trigger.threshold = 10000 (custom)
2023-03-16 19:31:16,151 [pool-74-thread-1] INFO  server.RaftServerConfigKeys (ConfUtils.java:logGet(46)) - raft.server.snapshot.retention.file.num = 5 (custom)
2023-03-16 19:31:16,151 [pool-74-thread-1] INFO  server.RaftServerConfigKeys (ConfUtils.java:logGet(46)) - raft.server.log.purge.upto.snapshot.index = false (default)
2023-03-16 19:31:16,157 [Command processor thread] INFO  commandhandler.CreatePipelineCommandHandler (CreatePipelineCommandHandler.java:handle(113)) - Created Pipeline RATIS THREE PipelineID=0e737131-6377-4485-89f8-f82b3cac0373.
2023-03-16 19:31:16,267 [Listener at 127.0.0.1/32993] INFO  ozone.MiniOzoneClusterImpl (MiniOzoneClusterImpl.java:lambda$waitForClusterToBeReady$0(222)) - Nodes are ready. Got 3 of 3 DN Heartbeats.
2023-03-16 19:31:16,267 [Listener at 127.0.0.1/32993] INFO  ozone.MiniOzoneClusterImpl (MiniOzoneClusterImpl.java:lambda$waitForClusterToBeReady$0(225)) - Waiting for cluster to exit safe mode
2023-03-16 19:31:16,268 [Listener at 127.0.0.1/32993] INFO  ozone.MiniOzoneClusterImpl (MiniOzoneClusterImpl.java:lambda$waitForClusterToBeReady$0(227)) - SCM became leader
2023-03-16 19:31:16,276 [Command processor thread] INFO  server.RaftServer (RaftServerProxy.java:addNew(96)) - 8d131824-8a7c-4349-9333-1c11e55c3c4c: addNew group-C25790B63EA0:[8d131824-8a7c-4349-9333-1c11e55c3c4c|rpc:10.1.0.30:44709|dataStream:10.1.0.30:44395|priority:1|startupRole:FOLLOWER] returns group-C25790B63EA0:java.util.concurrent.CompletableFuture@31ae7e7f[Not completed]
2023-03-16 19:31:16,278 [pool-118-thread-1] INFO  server.RaftServer$Division (RaftServerImpl.java:<init>(195)) - 8d131824-8a7c-4349-9333-1c11e55c3c4c: new RaftServerImpl for group-C25790B63EA0:[8d131824-8a7c-4349-9333-1c11e55c3c4c|rpc:10.1.0.30:44709|dataStream:10.1.0.30:44395|priority:1|startupRole:FOLLOWER] with ContainerStateMachine:uninitialized
2023-03-16 19:31:16,278 [pool-118-thread-1] INFO  server.RaftServerConfigKeys (ConfUtils.java:logGet(46)) - raft.server.rpc.timeout.min = 5s (custom)
2023-03-16 19:31:16,278 [pool-118-thread-1] INFO  server.RaftServerConfigKeys (ConfUtils.java:logGet(46)) - raft.server.rpc.timeout.max = 5200ms (custom)
2023-03-16 19:31:16,278 [pool-118-thread-1] INFO  server.RaftServerConfigKeys (ConfUtils.java:logGet(46)) - raft.server.rpc.sleep.time = 25ms (default)
2023-03-16 19:31:16,278 [pool-118-thread-1] INFO  server.RaftServerConfigKeys (ConfUtils.java:logGet(46)) - raft.server.rpc.slowness.timeout = 300s (custom)
2023-03-16 19:31:16,278 [pool-118-thread-1] INFO  server.RaftServerConfigKeys (ConfUtils.java:logGet(46)) - raft.server.leaderelection.leader.step-down.wait-time = 10s (default)
2023-03-16 19:31:16,278 [pool-118-thread-1] INFO  server.RaftServerConfigKeys (ConfUtils.java:logGet(46)) - raft.server.sleep.deviation.threshold = 300ms (default)
2023-03-16 19:31:16,278 [pool-118-thread-1] INFO  server.RaftServer$Division (ServerState.java:<init>(118)) - 8d131824-8a7c-4349-9333-1c11e55c3c4c@group-C25790B63EA0: ConfigurationManager, init=-1: peers:[8d131824-8a7c-4349-9333-1c11e55c3c4c|rpc:10.1.0.30:44709|dataStream:10.1.0.30:44395|priority:1|startupRole:FOLLOWER]|listeners:[], old=null, confs=<EMPTY_MAP>
2023-03-16 19:31:16,278 [pool-118-thread-1] INFO  server.RaftServerConfigKeys (ConfUtils.java:logGet(46)) - raft.server.storage.dir = [/home/runner/work/ozone/ozone/hadoop-ozone/integration-test/target/test-dir/MiniOzoneClusterImpl-7c80c19b-b74a-4fd6-b02a-95a373f15db1/datanode-2/data/ratis] (custom)
2023-03-16 19:31:16,278 [pool-118-thread-1] INFO  server.RaftServerConfigKeys (ConfUtils.java:logGet(46)) - raft.server.log.corruption.policy = EXCEPTION (default)
2023-03-16 19:31:16,279 [pool-118-thread-1] INFO  server.RaftServerConfigKeys (ConfUtils.java:logGet(46)) - raft.server.storage.free-space.min = 0MB (=0) (default)
2023-03-16 19:31:16,279 [pool-118-thread-1] INFO  server.RaftServerConfigKeys (ConfUtils.java:logGet(46)) - raft.server.notification.no-leader.timeout = 300s (custom)
2023-03-16 19:31:16,279 [pool-118-thread-1] INFO  server.RaftServerConfigKeys (ConfUtils.java:logGet(46)) - raft.server.retrycache.expirytime = 600000ms (custom)
2023-03-16 19:31:16,279 [pool-118-thread-1] INFO  server.RaftServerConfigKeys (ConfUtils.java:logGet(46)) - raft.server.retrycache.statistics.expirytime = 100μs (default)
2023-03-16 19:31:16,282 [pool-118-thread-1] INFO  server.RaftServerConfigKeys (ConfUtils.java:logGet(46)) - raft.server.log.appender.install.snapshot.enabled = false (custom)
2023-03-16 19:31:16,282 [pool-118-thread-1] INFO  server.RaftServerConfigKeys (ConfUtils.java:logGet(46)) - raft.server.threadpool.server.cached = true (default)
2023-03-16 19:31:16,282 [pool-118-thread-1] INFO  server.RaftServerConfigKeys (ConfUtils.java:logGet(46)) - raft.server.threadpool.server.size = 0 (default)
2023-03-16 19:31:16,282 [pool-118-thread-1] INFO  server.RaftServerConfigKeys (ConfUtils.java:logGet(46)) - raft.server.threadpool.client.cached = true (default)
2023-03-16 19:31:16,282 [pool-118-thread-1] INFO  server.RaftServerConfigKeys (ConfUtils.java:logGet(46)) - raft.server.threadpool.client.size = 0 (default)
2023-03-16 19:31:16,282 [pool-118-thread-1] INFO  storage.RaftStorageDirectory (RaftStorageDirectoryImpl.java:analyzeStorage(137)) - The storage directory /home/runner/work/ozone/ozone/hadoop-ozone/integration-test/target/test-dir/MiniOzoneClusterImpl-7c80c19b-b74a-4fd6-b02a-95a373f15db1/datanode-2/data/ratis/aa23b987-2c28-49e8-8144-c25790b63ea0 does not exist. Creating ...
2023-03-16 19:31:16,283 [pool-118-thread-1] INFO  storage.RaftStorageDirectory (RaftStorageDirectoryImpl.java:tryLock(231)) - Lock on /home/runner/work/ozone/ozone/hadoop-ozone/integration-test/target/test-dir/MiniOzoneClusterImpl-7c80c19b-b74a-4fd6-b02a-95a373f15db1/datanode-2/data/ratis/aa23b987-2c28-49e8-8144-c25790b63ea0/in_use.lock acquired by nodename 43389@fv-az39-712
2023-03-16 19:31:16,284 [pool-118-thread-1] INFO  storage.RaftStorage (RaftStorageImpl.java:format(96)) - Storage directory /home/runner/work/ozone/ozone/hadoop-ozone/integration-test/target/test-dir/MiniOzoneClusterImpl-7c80c19b-b74a-4fd6-b02a-95a373f15db1/datanode-2/data/ratis/aa23b987-2c28-49e8-8144-c25790b63ea0 has been successfully formatted.
2023-03-16 19:31:16,285 [pool-118-thread-1] INFO  ratis.ContainerStateMachine (ContainerStateMachine.java:loadSnapshot(262)) - group-C25790B63EA0: The snapshot info is null. Setting the last applied indexto:(t:0, i:~)
2023-03-16 19:31:16,285 [pool-118-thread-1] INFO  server.RaftServerConfigKeys (ConfUtils.java:logGet(46)) - raft.server.log.use.memory = false (default)
2023-03-16 19:31:16,285 [pool-118-thread-1] INFO  server.RaftServerConfigKeys (ConfUtils.java:logGet(46)) - raft.server.log.purge.gap = 1000000 (custom)
2023-03-16 19:31:16,285 [pool-118-thread-1] INFO  server.RaftServerConfigKeys (ConfUtils.java:logGet(46)) - raft.server.log.appender.buffer.byte-limit = 33554432 (custom)
2023-03-16 19:31:16,285 [pool-118-thread-1] INFO  server.RaftServerConfigKeys (ConfUtils.java:logGet(46)) - raft.server.log.statemachine.data.read.timeout = 1000ms (default)
2023-03-16 19:31:16,285 [pool-118-thread-1] INFO  server.RaftServerConfigKeys (ConfUtils.java:logGet(46)) - raft.server.log.purge.preservation.log.num = 0 (default)
2023-03-16 19:31:16,285 [pool-118-thread-1] INFO  server.RaftServerConfigKeys (ConfUtils.java:logGet(46)) - raft.server.log.segment.size.max = 1048576 (custom)
2023-03-16 19:31:16,286 [pool-118-thread-1] INFO  server.RaftServerConfigKeys (ConfUtils.java:logGet(46)) - raft.server.log.segment.cache.num.max = 2 (custom)
2023-03-16 19:31:16,286 [pool-118-thread-1] INFO  server.RaftServerConfigKeys (ConfUtils.java:logGet(46)) - raft.server.log.segment.cache.size.max = 200MB (=209715200) (default)
2023-03-16 19:31:16,287 [pool-118-thread-1] INFO  segmented.SegmentedRaftLogWorker (SegmentedRaftLogWorker.java:<init>(189)) - new 8d131824-8a7c-4349-9333-1c11e55c3c4c@group-C25790B63EA0-SegmentedRaftLogWorker for RaftStorageImpl:Storage Directory /home/runner/work/ozone/ozone/hadoop-ozone/integration-test/target/test-dir/MiniOzoneClusterImpl-7c80c19b-b74a-4fd6-b02a-95a373f15db1/datanode-2/data/ratis/aa23b987-2c28-49e8-8144-c25790b63ea0
2023-03-16 19:31:16,287 [pool-118-thread-1] INFO  server.RaftServerConfigKeys (ConfUtils.java:logGet(46)) - raft.server.log.queue.byte-limit = 4294967296 (custom)
2023-03-16 19:31:16,287 [pool-118-thread-1] INFO  server.RaftServerConfigKeys (ConfUtils.java:logGet(46)) - raft.server.log.queue.element-limit = 1024 (custom)
2023-03-16 19:31:16,287 [pool-118-thread-1] INFO  server.RaftServerConfigKeys (ConfUtils.java:logGet(46)) - raft.server.log.segment.size.max = 1048576 (custom)
2023-03-16 19:31:16,287 [pool-118-thread-1] INFO  server.RaftServerConfigKeys (ConfUtils.java:logGet(46)) - raft.server.log.preallocated.size = 16384 (custom)
2023-03-16 19:31:16,287 [pool-118-thread-1] INFO  server.RaftServerConfigKeys (ConfUtils.java:logGet(46)) - raft.server.log.force.sync.num = 128 (default)
2023-03-16 19:31:16,287 [pool-118-thread-1] INFO  server.RaftServerConfigKeys (ConfUtils.java:logGet(46)) - raft.server.log.statemachine.data.sync = true (default)
2023-03-16 19:31:16,287 [pool-118-thread-1] INFO  server.RaftServerConfigKeys (ConfUtils.java:logGet(46)) - raft.server.log.statemachine.data.sync.timeout = 10s (default)
2023-03-16 19:31:16,287 [pool-118-thread-1] INFO  server.RaftServerConfigKeys (ConfUtils.java:logGet(46)) - raft.server.log.statemachine.data.sync.timeout.retry = -1 (default)
2023-03-16 19:31:16,287 [EventQueue-PipelineReportForPipelineReportHandler] INFO  pipeline.PipelineManagerImpl (PipelineManagerImpl.java:openPipeline(367)) - Pipeline Pipeline[ Id: aa23b987-2c28-49e8-8144-c25790b63ea0, Nodes: 8d131824-8a7c-4349-9333-1c11e55c3c4c(fv-az39-712/10.1.0.30), ReplicationConfig: RATIS/ONE, State:ALLOCATED, leaderId:8d131824-8a7c-4349-9333-1c11e55c3c4c, CreationTimestamp2023-03-16T19:31:13.282Z[Etc/UTC]] moved to OPEN state
2023-03-16 19:31:16,287 [pool-118-thread-1] INFO  server.RaftServerConfigKeys (ConfUtils.java:logGet(46)) - raft.server.log.write.buffer.size = 1048576 (custom)
2023-03-16 19:31:16,288 [pool-118-thread-1] INFO  server.RaftServerConfigKeys (ConfUtils.java:logGet(46)) - raft.server.log.appender.buffer.byte-limit = 33554432 (custom)
2023-03-16 19:31:16,288 [EventQueue-OpenPipelineForHealthyPipelineSafeModeRule] INFO  safemode.SCMSafeModeManager (HealthyPipelineSafeModeRule.java:process(137)) - SCM in safe mode. Healthy pipelines reported count is 0, required healthy pipeline reported count is 1
2023-03-16 19:31:16,293 [pool-118-thread-1] INFO  server.RaftServerConfigKeys (ConfUtils.java:logGet(46)) - raft.server.log.unsafe-flush.enabled = false (default)
2023-03-16 19:31:16,293 [pool-118-thread-1] INFO  server.RaftServerConfigKeys (ConfUtils.java:logGet(46)) - raft.server.log.async-flush.enabled = false (default)
2023-03-16 19:31:16,293 [pool-118-thread-1] INFO  server.RaftServerConfigKeys (ConfUtils.java:logGet(46)) - raft.server.log.statemachine.data.caching.enabled = true (custom)
2023-03-16 19:31:16,293 [pool-118-thread-1] INFO  segmented.SegmentedRaftLogWorker (SegmentedRaftLogWorker.java:lambda$new$0(135)) - 8d131824-8a7c-4349-9333-1c11e55c3c4c@group-C25790B63EA0-SegmentedRaftLogWorker: flushIndex: setUnconditionally 0 -> -1
2023-03-16 19:31:16,294 [pool-118-thread-1] INFO  segmented.SegmentedRaftLogWorker (SegmentedRaftLogWorker.java:lambda$new$0(135)) - 8d131824-8a7c-4349-9333-1c11e55c3c4c@group-C25790B63EA0-SegmentedRaftLogWorker: safeCacheEvictIndex: setUnconditionally 0 -> -1
2023-03-16 19:31:16,294 [pool-118-thread-1] INFO  server.RaftServer$Division (RaftServerImpl.java:start(334)) - 8d131824-8a7c-4349-9333-1c11e55c3c4c@group-C25790B63EA0: start as a follower, conf=-1: peers:[8d131824-8a7c-4349-9333-1c11e55c3c4c|rpc:10.1.0.30:44709|dataStream:10.1.0.30:44395|priority:1|startupRole:FOLLOWER]|listeners:[], old=null
2023-03-16 19:31:16,294 [pool-118-thread-1] INFO  server.RaftServer$Division (RaftServerImpl.java:setRole(321)) - 8d131824-8a7c-4349-9333-1c11e55c3c4c@group-C25790B63EA0: changes role from      null to FOLLOWER at term 0 for startAsFollower
2023-03-16 19:31:16,295 [pool-118-thread-1] INFO  impl.RoleInfo (RoleInfo.java:updateAndGet(139)) - 8d131824-8a7c-4349-9333-1c11e55c3c4c: start 8d131824-8a7c-4349-9333-1c11e55c3c4c@group-C25790B63EA0-FollowerState
2023-03-16 19:31:16,295 [pool-118-thread-1] INFO  util.JmxRegister (JmxRegister.java:tryRegister(44)) - Successfully registered JMX Bean with object name Ratis:service=RaftServer,group=group-C25790B63EA0,id=8d131824-8a7c-4349-9333-1c11e55c3c4c
2023-03-16 19:31:16,295 [8d131824-8a7c-4349-9333-1c11e55c3c4c@group-C25790B63EA0-FollowerState] INFO  server.RaftServerConfigKeys (ConfUtils.java:logFallback(53)) - raft.server.rpc.first-election.timeout.min = 5s (fallback to raft.server.rpc.timeout.min)
2023-03-16 19:31:16,295 [pool-118-thread-1] INFO  server.RaftServerConfigKeys (ConfUtils.java:logGet(46)) - raft.server.snapshot.auto.trigger.enabled = true (custom)
2023-03-16 19:31:16,295 [8d131824-8a7c-4349-9333-1c11e55c3c4c@group-C25790B63EA0-FollowerState] INFO  server.RaftServerConfigKeys (ConfUtils.java:logFallback(53)) - raft.server.rpc.first-election.timeout.max = 5200ms (fallback to raft.server.rpc.timeout.max)
2023-03-16 19:31:16,295 [pool-118-thread-1] INFO  server.RaftServerConfigKeys (ConfUtils.java:logGet(46)) - raft.server.snapshot.auto.trigger.threshold = 10000 (custom)
2023-03-16 19:31:16,295 [pool-118-thread-1] INFO  server.RaftServerConfigKeys (ConfUtils.java:logGet(46)) - raft.server.snapshot.retention.file.num = 5 (custom)
2023-03-16 19:31:16,295 [pool-118-thread-1] INFO  server.RaftServerConfigKeys (ConfUtils.java:logGet(46)) - raft.server.log.purge.upto.snapshot.index = false (default)
2023-03-16 19:31:16,297 [Command processor thread] INFO  ratis.XceiverServerRatis (XceiverServerRatis.java:addGroup(807)) - Created group PipelineID=aa23b987-2c28-49e8-8144-c25790b63ea0
2023-03-16 19:31:16,297 [Command processor thread] INFO  commandhandler.CreatePipelineCommandHandler (CreatePipelineCommandHandler.java:handle(113)) - Created Pipeline RATIS ONE PipelineID=aa23b987-2c28-49e8-8144-c25790b63ea0.
2023-03-16 19:31:17,268 [Listener at 127.0.0.1/32993] INFO  ozone.MiniOzoneClusterImpl (MiniOzoneClusterImpl.java:lambda$waitForClusterToBeReady$0(222)) - Nodes are ready. Got 3 of 3 DN Heartbeats.
2023-03-16 19:31:17,268 [Listener at 127.0.0.1/32993] INFO  ozone.MiniOzoneClusterImpl (MiniOzoneClusterImpl.java:lambda$waitForClusterToBeReady$0(225)) - Waiting for cluster to exit safe mode
2023-03-16 19:31:17,268 [Listener at 127.0.0.1/32993] INFO  ozone.MiniOzoneClusterImpl (MiniOzoneClusterImpl.java:lambda$waitForClusterToBeReady$0(227)) - SCM became leader
2023-03-16 19:31:18,269 [Listener at 127.0.0.1/32993] INFO  ozone.MiniOzoneClusterImpl (MiniOzoneClusterImpl.java:lambda$waitForClusterToBeReady$0(222)) - Nodes are ready. Got 3 of 3 DN Heartbeats.
2023-03-16 19:31:18,269 [Listener at 127.0.0.1/32993] INFO  ozone.MiniOzoneClusterImpl (MiniOzoneClusterImpl.java:lambda$waitForClusterToBeReady$0(225)) - Waiting for cluster to exit safe mode
2023-03-16 19:31:18,269 [Listener at 127.0.0.1/32993] INFO  ozone.MiniOzoneClusterImpl (MiniOzoneClusterImpl.java:lambda$waitForClusterToBeReady$0(227)) - SCM became leader
2023-03-16 19:31:19,269 [Listener at 127.0.0.1/32993] INFO  ozone.MiniOzoneClusterImpl (MiniOzoneClusterImpl.java:lambda$waitForClusterToBeReady$0(222)) - Nodes are ready. Got 3 of 3 DN Heartbeats.
2023-03-16 19:31:19,270 [Listener at 127.0.0.1/32993] INFO  ozone.MiniOzoneClusterImpl (MiniOzoneClusterImpl.java:lambda$waitForClusterToBeReady$0(225)) - Waiting for cluster to exit safe mode
2023-03-16 19:31:19,270 [Listener at 127.0.0.1/32993] INFO  ozone.MiniOzoneClusterImpl (MiniOzoneClusterImpl.java:lambda$waitForClusterToBeReady$0(227)) - SCM became leader
2023-03-16 19:31:20,270 [Listener at 127.0.0.1/32993] INFO  ozone.MiniOzoneClusterImpl (MiniOzoneClusterImpl.java:lambda$waitForClusterToBeReady$0(222)) - Nodes are ready. Got 3 of 3 DN Heartbeats.
2023-03-16 19:31:20,270 [Listener at 127.0.0.1/32993] INFO  ozone.MiniOzoneClusterImpl (MiniOzoneClusterImpl.java:lambda$waitForClusterToBeReady$0(225)) - Waiting for cluster to exit safe mode
2023-03-16 19:31:20,270 [Listener at 127.0.0.1/32993] INFO  ozone.MiniOzoneClusterImpl (MiniOzoneClusterImpl.java:lambda$waitForClusterToBeReady$0(227)) - SCM became leader
2023-03-16 19:31:20,587 [9fd881d9-c6e7-4e8a-8ff9-b6fc1fe9c624@group-D55307894BA2-FollowerState] INFO  impl.FollowerState (FollowerState.java:run(143)) - 9fd881d9-c6e7-4e8a-8ff9-b6fc1fe9c624@group-D55307894BA2-FollowerState: change to CANDIDATE, lastRpcElapsedTime:5024151818ns, electionTimeout:5023ms
2023-03-16 19:31:20,588 [9fd881d9-c6e7-4e8a-8ff9-b6fc1fe9c624@group-D55307894BA2-FollowerState] INFO  impl.RoleInfo (RoleInfo.java:shutdownFollowerState(110)) - 9fd881d9-c6e7-4e8a-8ff9-b6fc1fe9c624: shutdown 9fd881d9-c6e7-4e8a-8ff9-b6fc1fe9c624@group-D55307894BA2-FollowerState
2023-03-16 19:31:20,588 [9fd881d9-c6e7-4e8a-8ff9-b6fc1fe9c624@group-D55307894BA2-FollowerState] INFO  server.RaftServer$Division (RaftServerImpl.java:setRole(321)) - 9fd881d9-c6e7-4e8a-8ff9-b6fc1fe9c624@group-D55307894BA2: changes role from  FOLLOWER to CANDIDATE at term 0 for changeToCandidate
2023-03-16 19:31:20,589 [9fd881d9-c6e7-4e8a-8ff9-b6fc1fe9c624@group-D55307894BA2-FollowerState] INFO  server.RaftServerConfigKeys (ConfUtils.java:logGet(46)) - raft.server.leaderelection.pre-vote = true (default)
2023-03-16 19:31:20,589 [9fd881d9-c6e7-4e8a-8ff9-b6fc1fe9c624@group-D55307894BA2-FollowerState] INFO  impl.RoleInfo (RoleInfo.java:updateAndGet(139)) - 9fd881d9-c6e7-4e8a-8ff9-b6fc1fe9c624: start 9fd881d9-c6e7-4e8a-8ff9-b6fc1fe9c624@group-D55307894BA2-LeaderElection2
2023-03-16 19:31:20,594 [9fd881d9-c6e7-4e8a-8ff9-b6fc1fe9c624@group-D55307894BA2-LeaderElection2] INFO  impl.LeaderElection (LeaderElection.java:askForVotes(312)) - 9fd881d9-c6e7-4e8a-8ff9-b6fc1fe9c624@group-D55307894BA2-LeaderElection2 PRE_VOTE round 0: submit vote requests at term 0 for -1: peers:[9fd881d9-c6e7-4e8a-8ff9-b6fc1fe9c624|rpc:10.1.0.30:33637|dataStream:10.1.0.30:41455|priority:0|startupRole:FOLLOWER, 8d131824-8a7c-4349-9333-1c11e55c3c4c|rpc:10.1.0.30:44709|dataStream:10.1.0.30:44395|priority:1|startupRole:FOLLOWER, 501afb93-dbf6-4762-89b0-1530e6487361|rpc:10.1.0.30:39339|dataStream:10.1.0.30:43295|priority:0|startupRole:FOLLOWER]|listeners:[], old=null
2023-03-16 19:31:20,599 [9fd881d9-c6e7-4e8a-8ff9-b6fc1fe9c624@group-D55307894BA2-LeaderElection2] INFO  server.RaftServerConfigKeys (ConfUtils.java:logFallback(53)) - raft.server.rpc.first-election.timeout.min = 5s (fallback to raft.server.rpc.timeout.min)
2023-03-16 19:31:20,599 [9fd881d9-c6e7-4e8a-8ff9-b6fc1fe9c624@group-D55307894BA2-LeaderElection2] INFO  server.RaftServerConfigKeys (ConfUtils.java:logFallback(53)) - raft.server.rpc.first-election.timeout.max = 5200ms (fallback to raft.server.rpc.timeout.max)
2023-03-16 19:31:20,605 [9fd881d9-c6e7-4e8a-8ff9-b6fc1fe9c624@group-D55307894BA2-LeaderElection2-1] INFO  server.GrpcServerProtocolClient (GrpcServerProtocolClient.java:<init>(63)) - Build channel for 8d131824-8a7c-4349-9333-1c11e55c3c4c
2023-03-16 19:31:20,605 [9fd881d9-c6e7-4e8a-8ff9-b6fc1fe9c624@group-D55307894BA2-LeaderElection2-2] INFO  server.GrpcServerProtocolClient (GrpcServerProtocolClient.java:<init>(63)) - Build channel for 501afb93-dbf6-4762-89b0-1530e6487361
2023-03-16 19:31:20,625 [grpc-default-executor-1] INFO  server.RaftServer$Division (RaftServerImpl.java:requestVote(1218)) - 8d131824-8a7c-4349-9333-1c11e55c3c4c@group-D55307894BA2: receive requestVote(PRE_VOTE, 9fd881d9-c6e7-4e8a-8ff9-b6fc1fe9c624, group-D55307894BA2, 0, (t:0, i:0))
2023-03-16 19:31:20,626 [grpc-default-executor-1] INFO  impl.VoteContext (VoteContext.java:log(49)) - 8d131824-8a7c-4349-9333-1c11e55c3c4c@group-D55307894BA2-FOLLOWER: reject PRE_VOTE from 9fd881d9-c6e7-4e8a-8ff9-b6fc1fe9c624: our priority 1 > candidate's priority 0
2023-03-16 19:31:20,628 [grpc-default-executor-1] INFO  server.RaftServer$Division (RaftServerImpl.java:requestVote(1251)) - 8d131824-8a7c-4349-9333-1c11e55c3c4c@group-D55307894BA2 replies to PRE_VOTE vote request: 9fd881d9-c6e7-4e8a-8ff9-b6fc1fe9c624<-8d131824-8a7c-4349-9333-1c11e55c3c4c#0:FAIL-t0. Peer's state: 8d131824-8a7c-4349-9333-1c11e55c3c4c@group-D55307894BA2:t0, leader=null, voted=, raftlog=Memoized:8d131824-8a7c-4349-9333-1c11e55c3c4c@group-D55307894BA2-SegmentedRaftLog:OPENED:c-1, conf=-1: peers:[9fd881d9-c6e7-4e8a-8ff9-b6fc1fe9c624|rpc:10.1.0.30:33637|dataStream:10.1.0.30:41455|priority:0|startupRole:FOLLOWER, 8d131824-8a7c-4349-9333-1c11e55c3c4c|rpc:10.1.0.30:44709|dataStream:10.1.0.30:44395|priority:1|startupRole:FOLLOWER, 501afb93-dbf6-4762-89b0-1530e6487361|rpc:10.1.0.30:39339|dataStream:10.1.0.30:43295|priority:0|startupRole:FOLLOWER]|listeners:[], old=null
2023-03-16 19:31:20,637 [9fd881d9-c6e7-4e8a-8ff9-b6fc1fe9c624@group-D55307894BA2-LeaderElection2] INFO  impl.LeaderElection (LeaderElection.java:logAndReturn(90)) - 9fd881d9-c6e7-4e8a-8ff9-b6fc1fe9c624@group-D55307894BA2-LeaderElection2: PRE_VOTE REJECTED received 1 response(s) and 0 exception(s):
2023-03-16 19:31:20,637 [grpc-default-executor-1] INFO  server.RaftServer$Division (RaftServerImpl.java:requestVote(1218)) - 501afb93-dbf6-4762-89b0-1530e6487361@group-D55307894BA2: receive requestVote(PRE_VOTE, 9fd881d9-c6e7-4e8a-8ff9-b6fc1fe9c624, group-D55307894BA2, 0, (t:0, i:0))
2023-03-16 19:31:20,637 [9fd881d9-c6e7-4e8a-8ff9-b6fc1fe9c624@group-D55307894BA2-LeaderElection2] INFO  impl.LeaderElection (LeaderElection.java:logAndReturn(94)) -   Response 0: 9fd881d9-c6e7-4e8a-8ff9-b6fc1fe9c624<-8d131824-8a7c-4349-9333-1c11e55c3c4c#0:FAIL-t0
2023-03-16 19:31:20,638 [grpc-default-executor-1] INFO  impl.VoteContext (VoteContext.java:log(49)) - 501afb93-dbf6-4762-89b0-1530e6487361@group-D55307894BA2-FOLLOWER: accept PRE_VOTE from 9fd881d9-c6e7-4e8a-8ff9-b6fc1fe9c624: our priority 0 <= candidate's priority 0
2023-03-16 19:31:20,638 [9fd881d9-c6e7-4e8a-8ff9-b6fc1fe9c624@group-D55307894BA2-LeaderElection2] INFO  impl.LeaderElection (LeaderElection.java:askForVotes(314)) - 9fd881d9-c6e7-4e8a-8ff9-b6fc1fe9c624@group-D55307894BA2-LeaderElection2 PRE_VOTE round 0: result REJECTED
2023-03-16 19:31:20,638 [9fd881d9-c6e7-4e8a-8ff9-b6fc1fe9c624@group-D55307894BA2-LeaderElection2] INFO  server.RaftServer$Division (RaftServerImpl.java:setRole(321)) - 9fd881d9-c6e7-4e8a-8ff9-b6fc1fe9c624@group-D55307894BA2: changes role from CANDIDATE to FOLLOWER at term 0 for REJECTED
2023-03-16 19:31:20,638 [9fd881d9-c6e7-4e8a-8ff9-b6fc1fe9c624@group-D55307894BA2-LeaderElection2] INFO  impl.RoleInfo (RoleInfo.java:shutdownLeaderElection(130)) - 9fd881d9-c6e7-4e8a-8ff9-b6fc1fe9c624: shutdown 9fd881d9-c6e7-4e8a-8ff9-b6fc1fe9c624@group-D55307894BA2-LeaderElection2
2023-03-16 19:31:20,638 [9fd881d9-c6e7-4e8a-8ff9-b6fc1fe9c624@group-D55307894BA2-LeaderElection2] INFO  impl.RoleInfo (RoleInfo.java:updateAndGet(139)) - 9fd881d9-c6e7-4e8a-8ff9-b6fc1fe9c624: start 9fd881d9-c6e7-4e8a-8ff9-b6fc1fe9c624@group-D55307894BA2-FollowerState
2023-03-16 19:31:20,639 [grpc-default-executor-1] INFO  server.RaftServer$Division (RaftServerImpl.java:requestVote(1251)) - 501afb93-dbf6-4762-89b0-1530e6487361@group-D55307894BA2 replies to PRE_VOTE vote request: 9fd881d9-c6e7-4e8a-8ff9-b6fc1fe9c624<-501afb93-dbf6-4762-89b0-1530e6487361#0:OK-t0. Peer's state: 501afb93-dbf6-4762-89b0-1530e6487361@group-D55307894BA2:t0, leader=null, voted=, raftlog=Memoized:501afb93-dbf6-4762-89b0-1530e6487361@group-D55307894BA2-SegmentedRaftLog:OPENED:c-1, conf=-1: peers:[9fd881d9-c6e7-4e8a-8ff9-b6fc1fe9c624|rpc:10.1.0.30:33637|dataStream:10.1.0.30:41455|priority:0|startupRole:FOLLOWER, 8d131824-8a7c-4349-9333-1c11e55c3c4c|rpc:10.1.0.30:44709|dataStream:10.1.0.30:44395|priority:1|startupRole:FOLLOWER, 501afb93-dbf6-4762-89b0-1530e6487361|rpc:10.1.0.30:39339|dataStream:10.1.0.30:43295|priority:0|startupRole:FOLLOWER]|listeners:[], old=null
2023-03-16 19:31:20,641 [9fd881d9-c6e7-4e8a-8ff9-b6fc1fe9c624@group-D55307894BA2-FollowerState] INFO  server.RaftServerConfigKeys (ConfUtils.java:logFallback(53)) - raft.server.rpc.first-election.timeout.min = 5s (fallback to raft.server.rpc.timeout.min)
2023-03-16 19:31:20,641 [9fd881d9-c6e7-4e8a-8ff9-b6fc1fe9c624@group-D55307894BA2-FollowerState] INFO  server.RaftServerConfigKeys (ConfUtils.java:logFallback(53)) - raft.server.rpc.first-election.timeout.max = 5200ms (fallback to raft.server.rpc.timeout.max)
2023-03-16 19:31:20,642 [9fd881d9-c6e7-4e8a-8ff9-b6fc1fe9c624@group-43A101A5B8CA-FollowerState] INFO  impl.FollowerState (FollowerState.java:run(143)) - 9fd881d9-c6e7-4e8a-8ff9-b6fc1fe9c624@group-43A101A5B8CA-FollowerState: change to CANDIDATE, lastRpcElapsedTime:5118737904ns, electionTimeout:5110ms
2023-03-16 19:31:20,643 [9fd881d9-c6e7-4e8a-8ff9-b6fc1fe9c624@group-43A101A5B8CA-FollowerState] INFO  impl.RoleInfo (RoleInfo.java:shutdownFollowerState(110)) - 9fd881d9-c6e7-4e8a-8ff9-b6fc1fe9c624: shutdown 9fd881d9-c6e7-4e8a-8ff9-b6fc1fe9c624@group-43A101A5B8CA-FollowerState
2023-03-16 19:31:20,643 [9fd881d9-c6e7-4e8a-8ff9-b6fc1fe9c624@group-43A101A5B8CA-FollowerState] INFO  server.RaftServer$Division (RaftServerImpl.java:setRole(321)) - 9fd881d9-c6e7-4e8a-8ff9-b6fc1fe9c624@group-43A101A5B8CA: changes role from  FOLLOWER to CANDIDATE at term 0 for changeToCandidate
2023-03-16 19:31:20,643 [9fd881d9-c6e7-4e8a-8ff9-b6fc1fe9c624@group-43A101A5B8CA-FollowerState] INFO  server.RaftServerConfigKeys (ConfUtils.java:logGet(46)) - raft.server.leaderelection.pre-vote = true (default)
2023-03-16 19:31:20,643 [9fd881d9-c6e7-4e8a-8ff9-b6fc1fe9c624@group-43A101A5B8CA-FollowerState] INFO  impl.RoleInfo (RoleInfo.java:updateAndGet(139)) - 9fd881d9-c6e7-4e8a-8ff9-b6fc1fe9c624: start 9fd881d9-c6e7-4e8a-8ff9-b6fc1fe9c624@group-43A101A5B8CA-LeaderElection3
2023-03-16 19:31:20,651 [9fd881d9-c6e7-4e8a-8ff9-b6fc1fe9c624@group-43A101A5B8CA-LeaderElection3] INFO  impl.LeaderElection (LeaderElection.java:askForVotes(312)) - 9fd881d9-c6e7-4e8a-8ff9-b6fc1fe9c624@group-43A101A5B8CA-LeaderElection3 PRE_VOTE round 0: submit vote requests at term 0 for -1: peers:[9fd881d9-c6e7-4e8a-8ff9-b6fc1fe9c624|rpc:10.1.0.30:33637|dataStream:10.1.0.30:41455|priority:1|startupRole:FOLLOWER]|listeners:[], old=null
2023-03-16 19:31:20,651 [9fd881d9-c6e7-4e8a-8ff9-b6fc1fe9c624@group-43A101A5B8CA-LeaderElection3] INFO  impl.LeaderElection (LeaderElection.java:askForVotes(314)) - 9fd881d9-c6e7-4e8a-8ff9-b6fc1fe9c624@group-43A101A5B8CA-LeaderElection3 PRE_VOTE round 0: result PASSED (term=0)
2023-03-16 19:31:20,652 [9fd881d9-c6e7-4e8a-8ff9-b6fc1fe9c624@group-43A101A5B8CA-LeaderElection3] INFO  impl.LeaderElection (LeaderElection.java:askForVotes(312)) - 9fd881d9-c6e7-4e8a-8ff9-b6fc1fe9c624@group-43A101A5B8CA-LeaderElection3 ELECTION round 0: submit vote requests at term 1 for -1: peers:[9fd881d9-c6e7-4e8a-8ff9-b6fc1fe9c624|rpc:10.1.0.30:33637|dataStream:10.1.0.30:41455|priority:1|startupRole:FOLLOWER]|listeners:[], old=null
2023-03-16 19:31:20,652 [9fd881d9-c6e7-4e8a-8ff9-b6fc1fe9c624@group-43A101A5B8CA-LeaderElection3] INFO  impl.LeaderElection (LeaderElection.java:askForVotes(314)) - 9fd881d9-c6e7-4e8a-8ff9-b6fc1fe9c624@group-43A101A5B8CA-LeaderElection3 ELECTION round 0: result PASSED (term=1)
2023-03-16 19:31:20,652 [9fd881d9-c6e7-4e8a-8ff9-b6fc1fe9c624@group-43A101A5B8CA-LeaderElection3] INFO  impl.RoleInfo (RoleInfo.java:shutdownLeaderElection(130)) - 9fd881d9-c6e7-4e8a-8ff9-b6fc1fe9c624: shutdown 9fd881d9-c6e7-4e8a-8ff9-b6fc1fe9c624@group-43A101A5B8CA-LeaderElection3
2023-03-16 19:31:20,652 [9fd881d9-c6e7-4e8a-8ff9-b6fc1fe9c624@group-43A101A5B8CA-LeaderElection3] INFO  server.RaftServer$Division (RaftServerImpl.java:setRole(321)) - 9fd881d9-c6e7-4e8a-8ff9-b6fc1fe9c624@group-43A101A5B8CA: changes role from CANDIDATE to LEADER at term 1 for changeToLeader
2023-03-16 19:31:20,652 [9fd881d9-c6e7-4e8a-8ff9-b6fc1fe9c624@group-43A101A5B8CA-LeaderElection3] INFO  ratis.XceiverServerRatis (XceiverServerRatis.java:handleLeaderChangedNotification(905)) - Leader change notification received for group: group-43A101A5B8CA with new leaderId: 9fd881d9-c6e7-4e8a-8ff9-b6fc1fe9c624
2023-03-16 19:31:20,652 [9fd881d9-c6e7-4e8a-8ff9-b6fc1fe9c624@group-43A101A5B8CA-LeaderElection3] INFO  server.RaftServer$Division (ServerState.java:setLeader(313)) - 9fd881d9-c6e7-4e8a-8ff9-b6fc1fe9c624@group-43A101A5B8CA: change Leader from null to 9fd881d9-c6e7-4e8a-8ff9-b6fc1fe9c624 at term 1 for becomeLeader, leader elected after 5272ms
2023-03-16 19:31:20,653 [9fd881d9-c6e7-4e8a-8ff9-b6fc1fe9c624@group-43A101A5B8CA-LeaderElection3] INFO  server.RaftServerConfigKeys (ConfUtils.java:logGet(46)) - raft.server.staging.catchup.gap = 1000 (default)
2023-03-16 19:31:20,655 [EventQueue-OpenPipelineForHealthyPipelineSafeModeRule] INFO  safemode.SCMSafeModeManager (HealthyPipelineSafeModeRule.java:process(137)) - SCM in safe mode. Healthy pipelines reported count is 0, required healthy pipeline reported count is 1
2023-03-16 19:31:20,656 [9fd881d9-c6e7-4e8a-8ff9-b6fc1fe9c624@group-43A101A5B8CA-LeaderElection3] INFO  server.RaftServerConfigKeys (ConfUtils.java:logGet(46)) - raft.server.write.element-limit = 1024 (custom)
2023-03-16 19:31:20,657 [9fd881d9-c6e7-4e8a-8ff9-b6fc1fe9c624@group-43A101A5B8CA-LeaderElection3] INFO  server.RaftServerConfigKeys (ConfUtils.java:logGet(46)) - raft.server.write.byte-limit = 1024 M (=1073741824) (custom)
2023-03-16 19:31:20,657 [9fd881d9-c6e7-4e8a-8ff9-b6fc1fe9c624@group-43A101A5B8CA-LeaderElection3] INFO  server.RaftServerConfigKeys (ConfUtils.java:logGet(46)) - raft.server.watch.timeout = 180s (custom)
2023-03-16 19:31:20,657 [9fd881d9-c6e7-4e8a-8ff9-b6fc1fe9c624@group-43A101A5B8CA-LeaderElection3] INFO  server.RaftServerConfigKeys (ConfUtils.java:logGet(46)) - raft.server.watch.timeout.denomination = 1s (default)
2023-03-16 19:31:20,657 [9fd881d9-c6e7-4e8a-8ff9-b6fc1fe9c624@group-43A101A5B8CA-LeaderElection3] INFO  server.RaftServerConfigKeys (ConfUtils.java:logGet(46)) - raft.server.watch.element-limit = 65536 (default)
2023-03-16 19:31:20,657 [9fd881d9-c6e7-4e8a-8ff9-b6fc1fe9c624@group-43A101A5B8CA-LeaderElection3] INFO  server.RaftServerConfigKeys (ConfUtils.java:logGet(46)) - raft.server.write.element-limit = 1024 (custom)
2023-03-16 19:31:20,657 [9fd881d9-c6e7-4e8a-8ff9-b6fc1fe9c624@group-43A101A5B8CA-LeaderElection3] INFO  server.RaftServerConfigKeys (ConfUtils.java:logGet(46)) - raft.server.write.follower.gap.ratio.max = -1.0 (default)
2023-03-16 19:31:20,657 [9fd881d9-c6e7-4e8a-8ff9-b6fc1fe9c624@group-43A101A5B8CA-LeaderElection3] INFO  impl.RoleInfo (RoleInfo.java:updateAndGet(139)) - 9fd881d9-c6e7-4e8a-8ff9-b6fc1fe9c624: start 9fd881d9-c6e7-4e8a-8ff9-b6fc1fe9c624@group-43A101A5B8CA-LeaderStateImpl
2023-03-16 19:31:20,658 [9fd881d9-c6e7-4e8a-8ff9-b6fc1fe9c624@group-43A101A5B8CA-LeaderElection3] INFO  segmented.SegmentedRaftLogWorker (SegmentedRaftLogWorker.java:startLogSegment(452)) - 9fd881d9-c6e7-4e8a-8ff9-b6fc1fe9c624@group-43A101A5B8CA-SegmentedRaftLogWorker: Starting segment from index:0
2023-03-16 19:31:20,660 [9fd881d9-c6e7-4e8a-8ff9-b6fc1fe9c624@group-43A101A5B8CA-LeaderElection3] INFO  server.RaftServer$Division (ServerState.java:setRaftConf(430)) - 9fd881d9-c6e7-4e8a-8ff9-b6fc1fe9c624@group-43A101A5B8CA: set configuration 0: peers:[9fd881d9-c6e7-4e8a-8ff9-b6fc1fe9c624|rpc:10.1.0.30:33637|dataStream:10.1.0.30:41455|priority:1|startupRole:FOLLOWER]|listeners:[], old=null
2023-03-16 19:31:20,660 [9fd881d9-c6e7-4e8a-8ff9-b6fc1fe9c624@group-43A101A5B8CA-SegmentedRaftLogWorker] INFO  segmented.SegmentedRaftLogWorker (SegmentedRaftLogWorker.java:execute(656)) - 9fd881d9-c6e7-4e8a-8ff9-b6fc1fe9c624@group-43A101A5B8CA-SegmentedRaftLogWorker: created new log segment /home/runner/work/ozone/ozone/hadoop-ozone/integration-test/target/test-dir/MiniOzoneClusterImpl-7c80c19b-b74a-4fd6-b02a-95a373f15db1/datanode-0/data/ratis/b7833ab2-a5e0-4125-93cf-43a101a5b8ca/current/log_inprogress_0
2023-03-16 19:31:21,000 [501afb93-dbf6-4762-89b0-1530e6487361@group-F82B3CAC0373-FollowerState] INFO  impl.FollowerState (FollowerState.java:run(143)) - 501afb93-dbf6-4762-89b0-1530e6487361@group-F82B3CAC0373-FollowerState: change to CANDIDATE, lastRpcElapsedTime:5018445226ns, electionTimeout:5014ms
2023-03-16 19:31:21,000 [501afb93-dbf6-4762-89b0-1530e6487361@group-F82B3CAC0373-FollowerState] INFO  impl.RoleInfo (RoleInfo.java:shutdownFollowerState(110)) - 501afb93-dbf6-4762-89b0-1530e6487361: shutdown 501afb93-dbf6-4762-89b0-1530e6487361@group-F82B3CAC0373-FollowerState
2023-03-16 19:31:21,000 [501afb93-dbf6-4762-89b0-1530e6487361@group-F82B3CAC0373-FollowerState] INFO  server.RaftServer$Division (RaftServerImpl.java:setRole(321)) - 501afb93-dbf6-4762-89b0-1530e6487361@group-F82B3CAC0373: changes role from  FOLLOWER to CANDIDATE at term 0 for changeToCandidate
2023-03-16 19:31:21,001 [501afb93-dbf6-4762-89b0-1530e6487361@group-F82B3CAC0373-FollowerState] INFO  server.RaftServerConfigKeys (ConfUtils.java:logGet(46)) - raft.server.leaderelection.pre-vote = true (default)
2023-03-16 19:31:21,001 [501afb93-dbf6-4762-89b0-1530e6487361@group-F82B3CAC0373-FollowerState] INFO  impl.RoleInfo (RoleInfo.java:updateAndGet(139)) - 501afb93-dbf6-4762-89b0-1530e6487361: start 501afb93-dbf6-4762-89b0-1530e6487361@group-F82B3CAC0373-LeaderElection4
2023-03-16 19:31:21,007 [501afb93-dbf6-4762-89b0-1530e6487361@group-F82B3CAC0373-LeaderElection4] INFO  impl.LeaderElection (LeaderElection.java:askForVotes(312)) - 501afb93-dbf6-4762-89b0-1530e6487361@group-F82B3CAC0373-LeaderElection4 PRE_VOTE round 0: submit vote requests at term 0 for -1: peers:[9fd881d9-c6e7-4e8a-8ff9-b6fc1fe9c624|rpc:10.1.0.30:33637|dataStream:10.1.0.30:41455|priority:0|startupRole:FOLLOWER, 8d131824-8a7c-4349-9333-1c11e55c3c4c|rpc:10.1.0.30:44709|dataStream:10.1.0.30:44395|priority:0|startupRole:FOLLOWER, 501afb93-dbf6-4762-89b0-1530e6487361|rpc:10.1.0.30:39339|dataStream:10.1.0.30:43295|priority:1|startupRole:FOLLOWER]|listeners:[], old=null
2023-03-16 19:31:21,008 [501afb93-dbf6-4762-89b0-1530e6487361@group-F82B3CAC0373-LeaderElection4-1] INFO  server.GrpcServerProtocolClient (GrpcServerProtocolClient.java:<init>(63)) - Build channel for 9fd881d9-c6e7-4e8a-8ff9-b6fc1fe9c624
2023-03-16 19:31:21,008 [501afb93-dbf6-4762-89b0-1530e6487361@group-F82B3CAC0373-LeaderElection4] INFO  server.RaftServerConfigKeys (ConfUtils.java:logFallback(53)) - raft.server.rpc.first-election.timeout.min = 5s (fallback to raft.server.rpc.timeout.min)
2023-03-16 19:31:21,010 [501afb93-dbf6-4762-89b0-1530e6487361@group-F82B3CAC0373-LeaderElection4] INFO  server.RaftServerConfigKeys (ConfUtils.java:logFallback(53)) - raft.server.rpc.first-election.timeout.max = 5200ms (fallback to raft.server.rpc.timeout.max)
2023-03-16 19:31:21,010 [501afb93-dbf6-4762-89b0-1530e6487361@group-F82B3CAC0373-LeaderElection4-2] INFO  server.GrpcServerProtocolClient (GrpcServerProtocolClient.java:<init>(63)) - Build channel for 8d131824-8a7c-4349-9333-1c11e55c3c4c
2023-03-16 19:31:21,025 [grpc-default-executor-0] INFO  server.RaftServer$Division (RaftServerImpl.java:requestVote(1218)) - 8d131824-8a7c-4349-9333-1c11e55c3c4c@group-F82B3CAC0373: receive requestVote(PRE_VOTE, 501afb93-dbf6-4762-89b0-1530e6487361, group-F82B3CAC0373, 0, (t:0, i:0))
2023-03-16 19:31:21,025 [grpc-default-executor-0] INFO  impl.VoteContext (VoteContext.java:log(49)) - 8d131824-8a7c-4349-9333-1c11e55c3c4c@group-F82B3CAC0373-FOLLOWER: accept PRE_VOTE from 501afb93-dbf6-4762-89b0-1530e6487361: our priority 0 <= candidate's priority 1
2023-03-16 19:31:21,026 [grpc-default-executor-0] INFO  server.RaftServer$Division (RaftServerImpl.java:requestVote(1251)) - 8d131824-8a7c-4349-9333-1c11e55c3c4c@group-F82B3CAC0373 replies to PRE_VOTE vote request: 501afb93-dbf6-4762-89b0-1530e6487361<-8d131824-8a7c-4349-9333-1c11e55c3c4c#0:OK-t0. Peer's state: 8d131824-8a7c-4349-9333-1c11e55c3c4c@group-F82B3CAC0373:t0, leader=null, voted=, raftlog=Memoized:8d131824-8a7c-4349-9333-1c11e55c3c4c@group-F82B3CAC0373-SegmentedRaftLog:OPENED:c-1, conf=-1: peers:[9fd881d9-c6e7-4e8a-8ff9-b6fc1fe9c624|rpc:10.1.0.30:33637|dataStream:10.1.0.30:41455|priority:0|startupRole:FOLLOWER, 8d131824-8a7c-4349-9333-1c11e55c3c4c|rpc:10.1.0.30:44709|dataStream:10.1.0.30:44395|priority:0|startupRole:FOLLOWER, 501afb93-dbf6-4762-89b0-1530e6487361|rpc:10.1.0.30:39339|dataStream:10.1.0.30:43295|priority:1|startupRole:FOLLOWER]|listeners:[], old=null
2023-03-16 19:31:21,026 [grpc-default-executor-1] INFO  server.RaftServer$Division (RaftServerImpl.java:requestVote(1218)) - 9fd881d9-c6e7-4e8a-8ff9-b6fc1fe9c624@group-F82B3CAC0373: receive requestVote(PRE_VOTE, 501afb93-dbf6-4762-89b0-1530e6487361, group-F82B3CAC0373, 0, (t:0, i:0))
2023-03-16 19:31:21,026 [grpc-default-executor-1] INFO  impl.VoteContext (VoteContext.java:log(49)) - 9fd881d9-c6e7-4e8a-8ff9-b6fc1fe9c624@group-F82B3CAC0373-FOLLOWER: accept PRE_VOTE from 501afb93-dbf6-4762-89b0-1530e6487361: our priority 0 <= candidate's priority 1
2023-03-16 19:31:21,026 [grpc-default-executor-1] INFO  server.RaftServer$Division (RaftServerImpl.java:requestVote(1251)) - 9fd881d9-c6e7-4e8a-8ff9-b6fc1fe9c624@group-F82B3CAC0373 replies to PRE_VOTE vote request: 501afb93-dbf6-4762-89b0-1530e6487361<-9fd881d9-c6e7-4e8a-8ff9-b6fc1fe9c624#0:OK-t0. Peer's state: 9fd881d9-c6e7-4e8a-8ff9-b6fc1fe9c624@group-F82B3CAC0373:t0, leader=null, voted=, raftlog=Memoized:9fd881d9-c6e7-4e8a-8ff9-b6fc1fe9c624@group-F82B3CAC0373-SegmentedRaftLog:OPENED:c-1, conf=-1: peers:[9fd881d9-c6e7-4e8a-8ff9-b6fc1fe9c624|rpc:10.1.0.30:33637|dataStream:10.1.0.30:41455|priority:0|startupRole:FOLLOWER, 8d131824-8a7c-4349-9333-1c11e55c3c4c|rpc:10.1.0.30:44709|dataStream:10.1.0.30:44395|priority:0|startupRole:FOLLOWER, 501afb93-dbf6-4762-89b0-1530e6487361|rpc:10.1.0.30:39339|dataStream:10.1.0.30:43295|priority:1|startupRole:FOLLOWER]|listeners:[], old=null
2023-03-16 19:31:21,028 [501afb93-dbf6-4762-89b0-1530e6487361@group-F82B3CAC0373-LeaderElection4] INFO  impl.LeaderElection (LeaderElection.java:logAndReturn(90)) - 501afb93-dbf6-4762-89b0-1530e6487361@group-F82B3CAC0373-LeaderElection4: PRE_VOTE PASSED received 1 response(s) and 0 exception(s):
2023-03-16 19:31:21,030 [501afb93-dbf6-4762-89b0-1530e6487361@group-F82B3CAC0373-LeaderElection4] INFO  impl.LeaderElection (LeaderElection.java:logAndReturn(94)) -   Response 0: 501afb93-dbf6-4762-89b0-1530e6487361<-9fd881d9-c6e7-4e8a-8ff9-b6fc1fe9c624#0:OK-t0
2023-03-16 19:31:21,030 [501afb93-dbf6-4762-89b0-1530e6487361@group-F82B3CAC0373-LeaderElection4] INFO  impl.LeaderElection (LeaderElection.java:askForVotes(314)) - 501afb93-dbf6-4762-89b0-1530e6487361@group-F82B3CAC0373-LeaderElection4 PRE_VOTE round 0: result PASSED
2023-03-16 19:31:21,033 [501afb93-dbf6-4762-89b0-1530e6487361@group-F82B3CAC0373-LeaderElection4] INFO  impl.LeaderElection (LeaderElection.java:askForVotes(312)) - 501afb93-dbf6-4762-89b0-1530e6487361@group-F82B3CAC0373-LeaderElection4 ELECTION round 0: submit vote requests at term 1 for -1: peers:[9fd881d9-c6e7-4e8a-8ff9-b6fc1fe9c624|rpc:10.1.0.30:33637|dataStream:10.1.0.30:41455|priority:0|startupRole:FOLLOWER, 8d131824-8a7c-4349-9333-1c11e55c3c4c|rpc:10.1.0.30:44709|dataStream:10.1.0.30:44395|priority:0|startupRole:FOLLOWER, 501afb93-dbf6-4762-89b0-1530e6487361|rpc:10.1.0.30:39339|dataStream:10.1.0.30:43295|priority:1|startupRole:FOLLOWER]|listeners:[], old=null
2023-03-16 19:31:21,034 [501afb93-dbf6-4762-89b0-1530e6487361@group-F82B3CAC0373-LeaderElection4] INFO  server.RaftServerConfigKeys (ConfUtils.java:logFallback(53)) - raft.server.rpc.first-election.timeout.min = 5s (fallback to raft.server.rpc.timeout.min)
2023-03-16 19:31:21,034 [501afb93-dbf6-4762-89b0-1530e6487361@group-F82B3CAC0373-LeaderElection4] INFO  server.RaftServerConfigKeys (ConfUtils.java:logFallback(53)) - raft.server.rpc.first-election.timeout.max = 5200ms (fallback to raft.server.rpc.timeout.max)
2023-03-16 19:31:21,040 [501afb93-dbf6-4762-89b0-1530e6487361@group-9B5A5EF18ABE-FollowerState] INFO  impl.FollowerState (FollowerState.java:run(143)) - 501afb93-dbf6-4762-89b0-1530e6487361@group-9B5A5EF18ABE-FollowerState: change to CANDIDATE, lastRpcElapsedTime:5109205116ns, electionTimeout:5100ms
2023-03-16 19:31:21,041 [501afb93-dbf6-4762-89b0-1530e6487361@group-9B5A5EF18ABE-FollowerState] INFO  impl.RoleInfo (RoleInfo.java:shutdownFollowerState(110)) - 501afb93-dbf6-4762-89b0-1530e6487361: shutdown 501afb93-dbf6-4762-89b0-1530e6487361@group-9B5A5EF18ABE-FollowerState
2023-03-16 19:31:21,042 [501afb93-dbf6-4762-89b0-1530e6487361@group-9B5A5EF18ABE-FollowerState] INFO  server.RaftServer$Division (RaftServerImpl.java:setRole(321)) - 501afb93-dbf6-4762-89b0-1530e6487361@group-9B5A5EF18ABE: changes role from  FOLLOWER to CANDIDATE at term 0 for changeToCandidate
2023-03-16 19:31:21,046 [grpc-default-executor-1] INFO  server.RaftServer$Division (RaftServerImpl.java:requestVote(1218)) - 9fd881d9-c6e7-4e8a-8ff9-b6fc1fe9c624@group-F82B3CAC0373: receive requestVote(ELECTION, 501afb93-dbf6-4762-89b0-1530e6487361, group-F82B3CAC0373, 1, (t:0, i:0))
2023-03-16 19:31:21,046 [grpc-default-executor-1] INFO  impl.VoteContext (VoteContext.java:log(49)) - 9fd881d9-c6e7-4e8a-8ff9-b6fc1fe9c624@group-F82B3CAC0373-FOLLOWER: accept ELECTION from 501afb93-dbf6-4762-89b0-1530e6487361: our priority 0 <= candidate's priority 1
2023-03-16 19:31:21,046 [grpc-default-executor-1] INFO  server.RaftServer$Division (RaftServerImpl.java:setRole(321)) - 9fd881d9-c6e7-4e8a-8ff9-b6fc1fe9c624@group-F82B3CAC0373: changes role from  FOLLOWER to FOLLOWER at term 1 for candidate:501afb93-dbf6-4762-89b0-1530e6487361
2023-03-16 19:31:21,047 [grpc-default-executor-1] INFO  impl.RoleInfo (RoleInfo.java:shutdownFollowerState(110)) - 9fd881d9-c6e7-4e8a-8ff9-b6fc1fe9c624: shutdown 9fd881d9-c6e7-4e8a-8ff9-b6fc1fe9c624@group-F82B3CAC0373-FollowerState
2023-03-16 19:31:21,048 [9fd881d9-c6e7-4e8a-8ff9-b6fc1fe9c624@group-F82B3CAC0373-FollowerState] INFO  impl.FollowerState (FollowerState.java:run(152)) - 9fd881d9-c6e7-4e8a-8ff9-b6fc1fe9c624@group-F82B3CAC0373-FollowerState was interrupted
2023-03-16 19:31:21,049 [grpc-default-executor-1] INFO  impl.RoleInfo (RoleInfo.java:updateAndGet(139)) - 9fd881d9-c6e7-4e8a-8ff9-b6fc1fe9c624: start 9fd881d9-c6e7-4e8a-8ff9-b6fc1fe9c624@group-F82B3CAC0373-FollowerState
2023-03-16 19:31:21,049 [501afb93-dbf6-4762-89b0-1530e6487361@group-D55307894BA2-FollowerState] INFO  server.RaftServerConfigKeys (ConfUtils.java:logFallback(53)) - raft.server.rpc.first-election.timeout.min = 5s (fallback to raft.server.rpc.timeout.min)
2023-03-16 19:31:21,049 [501afb93-dbf6-4762-89b0-1530e6487361@group-D55307894BA2-FollowerState] INFO  server.RaftServerConfigKeys (ConfUtils.java:logFallback(53)) - raft.server.rpc.first-election.timeout.max = 5200ms (fallback to raft.server.rpc.timeout.max)
2023-03-16 19:31:21,055 [9fd881d9-c6e7-4e8a-8ff9-b6fc1fe9c624@group-F82B3CAC0373-FollowerState] INFO  server.RaftServerConfigKeys (ConfUtils.java:logFallback(53)) - raft.server.rpc.first-election.timeout.min = 5s (fallback to raft.server.rpc.timeout.min)
2023-03-16 19:31:21,055 [9fd881d9-c6e7-4e8a-8ff9-b6fc1fe9c624@group-F82B3CAC0373-FollowerState] INFO  server.RaftServerConfigKeys (ConfUtils.java:logFallback(53)) - raft.server.rpc.first-election.timeout.max = 5200ms (fallback to raft.server.rpc.timeout.max)
2023-03-16 19:31:21,056 [501afb93-dbf6-4762-89b0-1530e6487361@group-9B5A5EF18ABE-FollowerState] INFO  server.RaftServerConfigKeys (ConfUtils.java:logGet(46)) - raft.server.leaderelection.pre-vote = true (default)
2023-03-16 19:31:21,056 [501afb93-dbf6-4762-89b0-1530e6487361@group-9B5A5EF18ABE-FollowerState] INFO  impl.RoleInfo (RoleInfo.java:updateAndGet(139)) - 501afb93-dbf6-4762-89b0-1530e6487361: start 501afb93-dbf6-4762-89b0-1530e6487361@group-9B5A5EF18ABE-LeaderElection5
2023-03-16 19:31:21,057 [grpc-default-executor-0] INFO  server.RaftServer$Division (RaftServerImpl.java:requestVote(1218)) - 8d131824-8a7c-4349-9333-1c11e55c3c4c@group-F82B3CAC0373: receive requestVote(ELECTION, 501afb93-dbf6-4762-89b0-1530e6487361, group-F82B3CAC0373, 1, (t:0, i:0))
2023-03-16 19:31:21,057 [grpc-default-executor-0] INFO  impl.VoteContext (VoteContext.java:log(49)) - 8d131824-8a7c-4349-9333-1c11e55c3c4c@group-F82B3CAC0373-FOLLOWER: accept ELECTION from 501afb93-dbf6-4762-89b0-1530e6487361: our priority 0 <= candidate's priority 1
2023-03-16 19:31:21,057 [grpc-default-executor-0] INFO  server.RaftServer$Division (RaftServerImpl.java:setRole(321)) - 8d131824-8a7c-4349-9333-1c11e55c3c4c@group-F82B3CAC0373: changes role from  FOLLOWER to FOLLOWER at term 1 for candidate:501afb93-dbf6-4762-89b0-1530e6487361
2023-03-16 19:31:21,057 [grpc-default-executor-0] INFO  impl.RoleInfo (RoleInfo.java:shutdownFollowerState(110)) - 8d131824-8a7c-4349-9333-1c11e55c3c4c: shutdown 8d131824-8a7c-4349-9333-1c11e55c3c4c@group-F82B3CAC0373-FollowerState
2023-03-16 19:31:21,057 [grpc-default-executor-1] INFO  server.RaftServer$Division (RaftServerImpl.java:requestVote(1251)) - 9fd881d9-c6e7-4e8a-8ff9-b6fc1fe9c624@group-F82B3CAC0373 replies to ELECTION vote request: 501afb93-dbf6-4762-89b0-1530e6487361<-9fd881d9-c6e7-4e8a-8ff9-b6fc1fe9c624#0:OK-t1. Peer's state: 9fd881d9-c6e7-4e8a-8ff9-b6fc1fe9c624@group-F82B3CAC0373:t1, leader=null, voted=501afb93-dbf6-4762-89b0-1530e6487361, raftlog=Memoized:9fd881d9-c6e7-4e8a-8ff9-b6fc1fe9c624@group-F82B3CAC0373-SegmentedRaftLog:OPENED:c-1, conf=-1: peers:[9fd881d9-c6e7-4e8a-8ff9-b6fc1fe9c624|rpc:10.1.0.30:33637|dataStream:10.1.0.30:41455|priority:0|startupRole:FOLLOWER, 8d131824-8a7c-4349-9333-1c11e55c3c4c|rpc:10.1.0.30:44709|dataStream:10.1.0.30:44395|priority:0|startupRole:FOLLOWER, 501afb93-dbf6-4762-89b0-1530e6487361|rpc:10.1.0.30:39339|dataStream:10.1.0.30:43295|priority:1|startupRole:FOLLOWER]|listeners:[], old=null
2023-03-16 19:31:21,066 [grpc-default-executor-0] INFO  impl.RoleInfo (RoleInfo.java:updateAndGet(139)) - 8d131824-8a7c-4349-9333-1c11e55c3c4c: start 8d131824-8a7c-4349-9333-1c11e55c3c4c@group-F82B3CAC0373-FollowerState
2023-03-16 19:31:21,066 [8d131824-8a7c-4349-9333-1c11e55c3c4c@group-F82B3CAC0373-FollowerState] INFO  impl.FollowerState (FollowerState.java:run(152)) - 8d131824-8a7c-4349-9333-1c11e55c3c4c@group-F82B3CAC0373-FollowerState was interrupted
2023-03-16 19:31:21,070 [501afb93-dbf6-4762-89b0-1530e6487361@group-9B5A5EF18ABE-LeaderElection5] INFO  impl.LeaderElection (LeaderElection.java:askForVotes(312)) - 501afb93-dbf6-4762-89b0-1530e6487361@group-9B5A5EF18ABE-LeaderElection5 PRE_VOTE round 0: submit vote requests at term 0 for -1: peers:[501afb93-dbf6-4762-89b0-1530e6487361|rpc:10.1.0.30:39339|dataStream:10.1.0.30:43295|priority:1|startupRole:FOLLOWER]|listeners:[], old=null
2023-03-16 19:31:21,070 [501afb93-dbf6-4762-89b0-1530e6487361@group-9B5A5EF18ABE-LeaderElection5] INFO  impl.LeaderElection (LeaderElection.java:askForVotes(314)) - 501afb93-dbf6-4762-89b0-1530e6487361@group-9B5A5EF18ABE-LeaderElection5 PRE_VOTE round 0: result PASSED (term=0)
2023-03-16 19:31:21,066 [8d131824-8a7c-4349-9333-1c11e55c3c4c@group-F82B3CAC0373-FollowerState] INFO  server.RaftServerConfigKeys (ConfUtils.java:logFallback(53)) - raft.server.rpc.first-election.timeout.min = 5s (fallback to raft.server.rpc.timeout.min)
2023-03-16 19:31:21,073 [501afb93-dbf6-4762-89b0-1530e6487361@group-9B5A5EF18ABE-LeaderElection5] INFO  impl.LeaderElection (LeaderElection.java:askForVotes(312)) - 501afb93-dbf6-4762-89b0-1530e6487361@group-9B5A5EF18ABE-LeaderElection5 ELECTION round 0: submit vote requests at term 1 for -1: peers:[501afb93-dbf6-4762-89b0-1530e6487361|rpc:10.1.0.30:39339|dataStream:10.1.0.30:43295|priority:1|startupRole:FOLLOWER]|listeners:[], old=null
2023-03-16 19:31:21,068 [grpc-default-executor-0] INFO  server.RaftServer$Division (RaftServerImpl.java:requestVote(1251)) - 8d131824-8a7c-4349-9333-1c11e55c3c4c@group-F82B3CAC0373 replies to ELECTION vote request: 501afb93-dbf6-4762-89b0-1530e6487361<-8d131824-8a7c-4349-9333-1c11e55c3c4c#0:OK-t1. Peer's state: 8d131824-8a7c-4349-9333-1c11e55c3c4c@group-F82B3CAC0373:t1, leader=null, voted=501afb93-dbf6-4762-89b0-1530e6487361, raftlog=Memoized:8d131824-8a7c-4349-9333-1c11e55c3c4c@group-F82B3CAC0373-SegmentedRaftLog:OPENED:c-1, conf=-1: peers:[9fd881d9-c6e7-4e8a-8ff9-b6fc1fe9c624|rpc:10.1.0.30:33637|dataStream:10.1.0.30:41455|priority:0|startupRole:FOLLOWER, 8d131824-8a7c-4349-9333-1c11e55c3c4c|rpc:10.1.0.30:44709|dataStream:10.1.0.30:44395|priority:0|startupRole:FOLLOWER, 501afb93-dbf6-4762-89b0-1530e6487361|rpc:10.1.0.30:39339|dataStream:10.1.0.30:43295|priority:1|startupRole:FOLLOWER]|listeners:[], old=null
2023-03-16 19:31:21,068 [501afb93-dbf6-4762-89b0-1530e6487361@group-F82B3CAC0373-LeaderElection4] INFO  impl.LeaderElection (LeaderElection.java:logAndReturn(90)) - 501afb93-dbf6-4762-89b0-1530e6487361@group-F82B3CAC0373-LeaderElection4: ELECTION PASSED received 1 response(s) and 0 exception(s):
2023-03-16 19:31:21,073 [501afb93-dbf6-4762-89b0-1530e6487361@group-F82B3CAC0373-LeaderElection4] INFO  impl.LeaderElection (LeaderElection.java:logAndReturn(94)) -   Response 0: 501afb93-dbf6-4762-89b0-1530e6487361<-9fd881d9-c6e7-4e8a-8ff9-b6fc1fe9c624#0:OK-t1
2023-03-16 19:31:21,073 [501afb93-dbf6-4762-89b0-1530e6487361@group-F82B3CAC0373-LeaderElection4] INFO  impl.LeaderElection (LeaderElection.java:askForVotes(314)) - 501afb93-dbf6-4762-89b0-1530e6487361@group-F82B3CAC0373-LeaderElection4 ELECTION round 0: result PASSED
2023-03-16 19:31:21,073 [501afb93-dbf6-4762-89b0-1530e6487361@group-F82B3CAC0373-LeaderElection4] INFO  impl.RoleInfo (RoleInfo.java:shutdownLeaderElection(130)) - 501afb93-dbf6-4762-89b0-1530e6487361: shutdown 501afb93-dbf6-4762-89b0-1530e6487361@group-F82B3CAC0373-LeaderElection4
2023-03-16 19:31:21,073 [501afb93-dbf6-4762-89b0-1530e6487361@group-F82B3CAC0373-LeaderElection4] INFO  server.RaftServer$Division (RaftServerImpl.java:setRole(321)) - 501afb93-dbf6-4762-89b0-1530e6487361@group-F82B3CAC0373: changes role from CANDIDATE to LEADER at term 1 for changeToLeader
2023-03-16 19:31:21,073 [501afb93-dbf6-4762-89b0-1530e6487361@group-F82B3CAC0373-LeaderElection4] INFO  ratis.XceiverServerRatis (XceiverServerRatis.java:handleLeaderChangedNotification(905)) - Leader change notification received for group: group-F82B3CAC0373 with new leaderId: 501afb93-dbf6-4762-89b0-1530e6487361
2023-03-16 19:31:21,073 [501afb93-dbf6-4762-89b0-1530e6487361@group-F82B3CAC0373-LeaderElection4] INFO  server.RaftServer$Division (ServerState.java:setLeader(313)) - 501afb93-dbf6-4762-89b0-1530e6487361@group-F82B3CAC0373: change Leader from null to 501afb93-dbf6-4762-89b0-1530e6487361 at term 1 for becomeLeader, leader elected after 5132ms
2023-03-16 19:31:21,073 [501afb93-dbf6-4762-89b0-1530e6487361@group-F82B3CAC0373-LeaderElection4] INFO  server.RaftServerConfigKeys (ConfUtils.java:logGet(46)) - raft.server.staging.catchup.gap = 1000 (default)
2023-03-16 19:31:21,073 [501afb93-dbf6-4762-89b0-1530e6487361@group-9B5A5EF18ABE-LeaderElection5] INFO  impl.LeaderElection (LeaderElection.java:askForVotes(314)) - 501afb93-dbf6-4762-89b0-1530e6487361@group-9B5A5EF18ABE-LeaderElection5 ELECTION round 0: result PASSED (term=1)
2023-03-16 19:31:21,075 [501afb93-dbf6-4762-89b0-1530e6487361@group-F82B3CAC0373-LeaderElection4] INFO  server.RaftServerConfigKeys (ConfUtils.java:logGet(46)) - raft.server.write.element-limit = 1024 (custom)
2023-03-16 19:31:21,081 [501afb93-dbf6-4762-89b0-1530e6487361@group-F82B3CAC0373-LeaderElection4] INFO  server.RaftServerConfigKeys (ConfUtils.java:logGet(46)) - raft.server.write.byte-limit = 1024 M (=1073741824) (custom)
2023-03-16 19:31:21,081 [501afb93-dbf6-4762-89b0-1530e6487361@group-F82B3CAC0373-LeaderElection4] INFO  server.RaftServerConfigKeys (ConfUtils.java:logGet(46)) - raft.server.watch.timeout = 180s (custom)
2023-03-16 19:31:21,081 [501afb93-dbf6-4762-89b0-1530e6487361@group-F82B3CAC0373-LeaderElection4] INFO  server.RaftServerConfigKeys (ConfUtils.java:logGet(46)) - raft.server.watch.timeout.denomination = 1s (default)
2023-03-16 19:31:21,081 [501afb93-dbf6-4762-89b0-1530e6487361@group-F82B3CAC0373-LeaderElection4] INFO  server.RaftServerConfigKeys (ConfUtils.java:logGet(46)) - raft.server.watch.element-limit = 65536 (default)
2023-03-16 19:31:21,081 [501afb93-dbf6-4762-89b0-1530e6487361@group-F82B3CAC0373-LeaderElection4] INFO  server.RaftServerConfigKeys (ConfUtils.java:logGet(46)) - raft.server.write.element-limit = 1024 (custom)
2023-03-16 19:31:21,081 [501afb93-dbf6-4762-89b0-1530e6487361@group-F82B3CAC0373-LeaderElection4] INFO  server.RaftServerConfigKeys (ConfUtils.java:logGet(46)) - raft.server.write.follower.gap.ratio.max = -1.0 (default)
2023-03-16 19:31:21,086 [EventQueue-OpenPipelineForHealthyPipelineSafeModeRule] INFO  safemode.SCMSafeModeManager (HealthyPipelineSafeModeRule.java:process(137)) - SCM in safe mode. Healthy pipelines reported count is 0, required healthy pipeline reported count is 1
2023-03-16 19:31:21,086 [EventQueue-PipelineReportForPipelineReportHandler] INFO  pipeline.PipelineManagerImpl (PipelineManagerImpl.java:openPipeline(367)) - Pipeline Pipeline[ Id: 0e737131-6377-4485-89f8-f82b3cac0373, Nodes: 501afb93-dbf6-4762-89b0-1530e6487361(fv-az39-712/10.1.0.30)8d131824-8a7c-4349-9333-1c11e55c3c4c(fv-az39-712/10.1.0.30)9fd881d9-c6e7-4e8a-8ff9-b6fc1fe9c624(fv-az39-712/10.1.0.30), ReplicationConfig: RATIS/THREE, State:ALLOCATED, leaderId:501afb93-dbf6-4762-89b0-1530e6487361, CreationTimestamp2023-03-16T19:31:13.289Z[Etc/UTC]] moved to OPEN state
2023-03-16 19:31:21,087 [EventQueue-OpenPipelineForHealthyPipelineSafeModeRule] INFO  safemode.SCMSafeModeManager (HealthyPipelineSafeModeRule.java:process(137)) - SCM in safe mode. Healthy pipelines reported count is 1, required healthy pipeline reported count is 1
2023-03-16 19:31:21,087 [EventQueue-OpenPipelineForHealthyPipelineSafeModeRule] INFO  safemode.SCMSafeModeManager (SCMSafeModeManager.java:validateSafeModeExitRules(200)) - HealthyPipelineSafeModeRule rule is successfully validated
2023-03-16 19:31:21,087 [EventQueue-OpenPipelineForHealthyPipelineSafeModeRule] INFO  safemode.SCMSafeModeManager (SCMSafeModeManager.java:validateSafeModeExitRules(215)) - ScmSafeModeManager, all rules are successfully validated
2023-03-16 19:31:21,087 [EventQueue-OpenPipelineForHealthyPipelineSafeModeRule] INFO  safemode.SCMSafeModeManager (SCMSafeModeManager.java:exitSafeMode(244)) - SCM exiting safe mode.
2023-03-16 19:31:21,087 [EventQueue-OpenPipelineForHealthyPipelineSafeModeRule] INFO  ha.SCMContext (SCMContext.java:updateSafeModeStatus(228)) - Update SafeModeStatus from SafeModeStatus{safeModeStatus=true, preCheckPassed=true} to SafeModeStatus{safeModeStatus=false, preCheckPassed=true}.
2023-03-16 19:31:21,087 [501afb93-dbf6-4762-89b0-1530e6487361@group-9B5A5EF18ABE-LeaderElection5] INFO  impl.RoleInfo (RoleInfo.java:shutdownLeaderElection(130)) - 501afb93-dbf6-4762-89b0-1530e6487361: shutdown 501afb93-dbf6-4762-89b0-1530e6487361@group-9B5A5EF18ABE-LeaderElection5
2023-03-16 19:31:21,089 [501afb93-dbf6-4762-89b0-1530e6487361@group-9B5A5EF18ABE-LeaderElection5] INFO  server.RaftServer$Division (RaftServerImpl.java:setRole(321)) - 501afb93-dbf6-4762-89b0-1530e6487361@group-9B5A5EF18ABE: changes role from CANDIDATE to LEADER at term 1 for changeToLeader
2023-03-16 19:31:21,089 [501afb93-dbf6-4762-89b0-1530e6487361@group-9B5A5EF18ABE-LeaderElection5] INFO  ratis.XceiverServerRatis (XceiverServerRatis.java:handleLeaderChangedNotification(905)) - Leader change notification received for group: group-9B5A5EF18ABE with new leaderId: 501afb93-dbf6-4762-89b0-1530e6487361
2023-03-16 19:31:21,089 [501afb93-dbf6-4762-89b0-1530e6487361@group-9B5A5EF18ABE-LeaderElection5] INFO  server.RaftServer$Division (ServerState.java:setLeader(313)) - 501afb93-dbf6-4762-89b0-1530e6487361@group-9B5A5EF18ABE: change Leader from null to 501afb93-dbf6-4762-89b0-1530e6487361 at term 1 for becomeLeader, leader elected after 5188ms
2023-03-16 19:31:21,089 [501afb93-dbf6-4762-89b0-1530e6487361@group-9B5A5EF18ABE-LeaderElection5] INFO  server.RaftServerConfigKeys (ConfUtils.java:logGet(46)) - raft.server.staging.catchup.gap = 1000 (default)
2023-03-16 19:31:21,091 [501afb93-dbf6-4762-89b0-1530e6487361@group-9B5A5EF18ABE-LeaderElection5] INFO  server.RaftServerConfigKeys (ConfUtils.java:logGet(46)) - raft.server.write.element-limit = 1024 (custom)
2023-03-16 19:31:21,092 [501afb93-dbf6-4762-89b0-1530e6487361@group-9B5A5EF18ABE-LeaderElection5] INFO  server.RaftServerConfigKeys (ConfUtils.java:logGet(46)) - raft.server.write.byte-limit = 1024 M (=1073741824) (custom)
2023-03-16 19:31:21,092 [501afb93-dbf6-4762-89b0-1530e6487361@group-9B5A5EF18ABE-LeaderElection5] INFO  server.RaftServerConfigKeys (ConfUtils.java:logGet(46)) - raft.server.watch.timeout = 180s (custom)
2023-03-16 19:31:21,092 [501afb93-dbf6-4762-89b0-1530e6487361@group-9B5A5EF18ABE-LeaderElection5] INFO  server.RaftServerConfigKeys (ConfUtils.java:logGet(46)) - raft.server.watch.timeout.denomination = 1s (default)
2023-03-16 19:31:21,092 [501afb93-dbf6-4762-89b0-1530e6487361@group-9B5A5EF18ABE-LeaderElection5] INFO  server.RaftServerConfigKeys (ConfUtils.java:logGet(46)) - raft.server.watch.element-limit = 65536 (default)
2023-03-16 19:31:21,092 [501afb93-dbf6-4762-89b0-1530e6487361@group-9B5A5EF18ABE-LeaderElection5] INFO  server.RaftServerConfigKeys (ConfUtils.java:logGet(46)) - raft.server.write.element-limit = 1024 (custom)
2023-03-16 19:31:21,092 [501afb93-dbf6-4762-89b0-1530e6487361@group-9B5A5EF18ABE-LeaderElection5] INFO  server.RaftServerConfigKeys (ConfUtils.java:logGet(46)) - raft.server.write.follower.gap.ratio.max = -1.0 (default)
2023-03-16 19:31:21,092 [501afb93-dbf6-4762-89b0-1530e6487361@group-9B5A5EF18ABE-LeaderElection5] INFO  impl.RoleInfo (RoleInfo.java:updateAndGet(139)) - 501afb93-dbf6-4762-89b0-1530e6487361: start 501afb93-dbf6-4762-89b0-1530e6487361@group-9B5A5EF18ABE-LeaderStateImpl
2023-03-16 19:31:21,092 [501afb93-dbf6-4762-89b0-1530e6487361@group-9B5A5EF18ABE-LeaderElection5] INFO  segmented.SegmentedRaftLogWorker (SegmentedRaftLogWorker.java:startLogSegment(452)) - 501afb93-dbf6-4762-89b0-1530e6487361@group-9B5A5EF18ABE-SegmentedRaftLogWorker: Starting segment from index:0
2023-03-16 19:31:21,099 [8d131824-8a7c-4349-9333-1c11e55c3c4c@group-F82B3CAC0373-FollowerState] INFO  server.RaftServerConfigKeys (ConfUtils.java:logFallback(53)) - raft.server.rpc.first-election.timeout.max = 5200ms (fallback to raft.server.rpc.timeout.max)
2023-03-16 19:31:21,099 [501afb93-dbf6-4762-89b0-1530e6487361@group-9B5A5EF18ABE-LeaderElection5] INFO  server.RaftServer$Division (ServerState.java:setRaftConf(430)) - 501afb93-dbf6-4762-89b0-1530e6487361@group-9B5A5EF18ABE: set configuration 0: peers:[501afb93-dbf6-4762-89b0-1530e6487361|rpc:10.1.0.30:39339|dataStream:10.1.0.30:43295|priority:1|startupRole:FOLLOWER]|listeners:[], old=null
2023-03-16 19:31:21,101 [EventQueue-OpenPipelineForHealthyPipelineSafeModeRule] INFO  pipeline.BackgroundPipelineCreator (BackgroundPipelineCreator.java:notifyStatusChanged(254)) - Service BackgroundPipelineCreator transitions to RUNNING.
2023-03-16 19:31:21,101 [EventQueue-OpenPipelineForHealthyPipelineSafeModeRule] INFO  BackgroundPipelineScrubber (BackgroundSCMService.java:notifyStatusChanged(82)) - Service BackgroundPipelineScrubber transitions to RUNNING.
2023-03-16 19:31:21,101 [EventQueue-OpenPipelineForHealthyPipelineSafeModeRule] INFO  ExpiredContainerReplicaOpScrubber (BackgroundSCMService.java:notifyStatusChanged(82)) - Service ExpiredContainerReplicaOpScrubber transitions to RUNNING.
2023-03-16 19:31:21,101 [EventQueue-OpenPipelineForHealthyPipelineSafeModeRule] INFO  replication.ReplicationManager (ReplicationManager.java:notifyStatusChanged(1165)) - Service ReplicationManager transitions to RUNNING.
2023-03-16 19:31:21,105 [EventQueue-OpenPipelineForHealthyPipelineSafeModeRule] WARN  balancer.ContainerBalancer (ContainerBalancer.java:shouldRun(131)) - Could not find persisted configuration for ContainerBalancer when checking if ContainerBalancer should run. ContainerBalancer should not run now.
2023-03-16 19:31:21,106 [501afb93-dbf6-4762-89b0-1530e6487361@group-9B5A5EF18ABE-SegmentedRaftLogWorker] INFO  segmented.SegmentedRaftLogWorker (SegmentedRaftLogWorker.java:execute(656)) - 501afb93-dbf6-4762-89b0-1530e6487361@group-9B5A5EF18ABE-SegmentedRaftLogWorker: created new log segment /home/runner/work/ozone/ozone/hadoop-ozone/integration-test/target/test-dir/MiniOzoneClusterImpl-7c80c19b-b74a-4fd6-b02a-95a373f15db1/datanode-1/data/ratis/4e6d924f-5181-49ad-b089-9b5a5ef18abe/current/log_inprogress_0
2023-03-16 19:31:21,110 [501afb93-dbf6-4762-89b0-1530e6487361@group-F82B3CAC0373-LeaderElection4] INFO  server.RaftServerConfigKeys (ConfUtils.java:logGet(46)) - raft.server.log.appender.snapshot.chunk.size.max = 16MB (=16777216) (default)
2023-03-16 19:31:21,110 [501afb93-dbf6-4762-89b0-1530e6487361@group-F82B3CAC0373-LeaderElection4] INFO  server.RaftServerConfigKeys (ConfUtils.java:logGet(46)) - raft.server.log.appender.buffer.byte-limit = 33554432 (custom)
2023-03-16 19:31:21,110 [501afb93-dbf6-4762-89b0-1530e6487361@group-F82B3CAC0373-LeaderElection4] INFO  server.RaftServerConfigKeys (ConfUtils.java:logGet(46)) - raft.server.log.appender.buffer.element-limit = 1 (custom)
2023-03-16 19:31:21,112 [501afb93-dbf6-4762-89b0-1530e6487361@group-F82B3CAC0373-LeaderElection4] INFO  grpc.GrpcConfigKeys (ConfUtils.java:logGet(46)) - raft.grpc.server.leader.outstanding.appends.max = 128 (default)
2023-03-16 19:31:21,112 [501afb93-dbf6-4762-89b0-1530e6487361@group-F82B3CAC0373-LeaderElection4] INFO  server.RaftServerConfigKeys (ConfUtils.java:logGet(46)) - raft.server.rpc.request.timeout = 60s (custom)
2023-03-16 19:31:21,112 [501afb93-dbf6-4762-89b0-1530e6487361@group-F82B3CAC0373-LeaderElection4] INFO  server.RaftServerConfigKeys (ConfUtils.java:logGet(46)) - raft.server.log.appender.install.snapshot.enabled = false (custom)
2023-03-16 19:31:21,112 [501afb93-dbf6-4762-89b0-1530e6487361@group-F82B3CAC0373-LeaderElection4] INFO  grpc.GrpcConfigKeys (ConfUtils.java:logGet(46)) - raft.grpc.server.heartbeat.channel = true (default)
2023-03-16 19:31:21,113 [501afb93-dbf6-4762-89b0-1530e6487361@group-F82B3CAC0373-LeaderElection4] INFO  server.RaftServerConfigKeys (ConfUtils.java:logGet(46)) - raft.server.log.appender.wait-time.min = 10ms (default)
2023-03-16 19:31:21,114 [501afb93-dbf6-4762-89b0-1530e6487361@group-F82B3CAC0373-LeaderElection4] INFO  server.RaftServerConfigKeys (ConfUtils.java:logGet(46)) - raft.server.log.appender.snapshot.chunk.size.max = 16MB (=16777216) (default)
2023-03-16 19:31:21,114 [501afb93-dbf6-4762-89b0-1530e6487361@group-F82B3CAC0373-LeaderElection4] INFO  server.RaftServerConfigKeys (ConfUtils.java:logGet(46)) - raft.server.log.appender.buffer.byte-limit = 33554432 (custom)
2023-03-16 19:31:21,114 [501afb93-dbf6-4762-89b0-1530e6487361@group-F82B3CAC0373-LeaderElection4] INFO  server.RaftServerConfigKeys (ConfUtils.java:logGet(46)) - raft.server.log.appender.buffer.element-limit = 1 (custom)
2023-03-16 19:31:21,115 [501afb93-dbf6-4762-89b0-1530e6487361@group-F82B3CAC0373-LeaderElection4] INFO  grpc.GrpcConfigKeys (ConfUtils.java:logGet(46)) - raft.grpc.server.leader.outstanding.appends.max = 128 (default)
2023-03-16 19:31:21,115 [501afb93-dbf6-4762-89b0-1530e6487361@group-F82B3CAC0373-LeaderElection4] INFO  server.RaftServerConfigKeys (ConfUtils.java:logGet(46)) - raft.server.rpc.request.timeout = 60s (custom)
2023-03-16 19:31:21,115 [501afb93-dbf6-4762-89b0-1530e6487361@group-F82B3CAC0373-LeaderElection4] INFO  server.RaftServerConfigKeys (ConfUtils.java:logGet(46)) - raft.server.log.appender.install.snapshot.enabled = false (custom)
2023-03-16 19:31:21,115 [501afb93-dbf6-4762-89b0-1530e6487361@group-F82B3CAC0373-LeaderElection4] INFO  grpc.GrpcConfigKeys (ConfUtils.java:logGet(46)) - raft.grpc.server.heartbeat.channel = true (default)
2023-03-16 19:31:21,115 [501afb93-dbf6-4762-89b0-1530e6487361@group-F82B3CAC0373-LeaderElection4] INFO  server.RaftServerConfigKeys (ConfUtils.java:logGet(46)) - raft.server.log.appender.wait-time.min = 10ms (default)
2023-03-16 19:31:21,116 [501afb93-dbf6-4762-89b0-1530e6487361@group-F82B3CAC0373-LeaderElection4] INFO  impl.RoleInfo (RoleInfo.java:updateAndGet(139)) - 501afb93-dbf6-4762-89b0-1530e6487361: start 501afb93-dbf6-4762-89b0-1530e6487361@group-F82B3CAC0373-LeaderStateImpl
2023-03-16 19:31:21,116 [501afb93-dbf6-4762-89b0-1530e6487361@group-F82B3CAC0373-LeaderElection4] INFO  segmented.SegmentedRaftLogWorker (SegmentedRaftLogWorker.java:startLogSegment(452)) - 501afb93-dbf6-4762-89b0-1530e6487361@group-F82B3CAC0373-SegmentedRaftLogWorker: Starting segment from index:0
2023-03-16 19:31:21,118 [501afb93-dbf6-4762-89b0-1530e6487361@group-F82B3CAC0373-SegmentedRaftLogWorker] INFO  segmented.SegmentedRaftLogWorker (SegmentedRaftLogWorker.java:execute(656)) - 501afb93-dbf6-4762-89b0-1530e6487361@group-F82B3CAC0373-SegmentedRaftLogWorker: created new log segment /home/runner/work/ozone/ozone/hadoop-ozone/integration-test/target/test-dir/MiniOzoneClusterImpl-7c80c19b-b74a-4fd6-b02a-95a373f15db1/datanode-1/data/ratis/0e737131-6377-4485-89f8-f82b3cac0373/current/log_inprogress_0
2023-03-16 19:31:21,125 [501afb93-dbf6-4762-89b0-1530e6487361@group-F82B3CAC0373-LeaderElection4] INFO  server.RaftServer$Division (ServerState.java:setRaftConf(430)) - 501afb93-dbf6-4762-89b0-1530e6487361@group-F82B3CAC0373: set configuration 0: peers:[9fd881d9-c6e7-4e8a-8ff9-b6fc1fe9c624|rpc:10.1.0.30:33637|dataStream:10.1.0.30:41455|priority:0|startupRole:FOLLOWER, 8d131824-8a7c-4349-9333-1c11e55c3c4c|rpc:10.1.0.30:44709|dataStream:10.1.0.30:44395|priority:0|startupRole:FOLLOWER, 501afb93-dbf6-4762-89b0-1530e6487361|rpc:10.1.0.30:39339|dataStream:10.1.0.30:43295|priority:1|startupRole:FOLLOWER]|listeners:[], old=null
2023-03-16 19:31:21,170 [8d131824-8a7c-4349-9333-1c11e55c3c4c-server-thread1] INFO  ratis.XceiverServerRatis (XceiverServerRatis.java:handleLeaderChangedNotification(905)) - Leader change notification received for group: group-F82B3CAC0373 with new leaderId: 501afb93-dbf6-4762-89b0-1530e6487361
2023-03-16 19:31:21,170 [8d131824-8a7c-4349-9333-1c11e55c3c4c-server-thread1] INFO  server.RaftServer$Division (ServerState.java:setLeader(313)) - 8d131824-8a7c-4349-9333-1c11e55c3c4c@group-F82B3CAC0373: change Leader from null to 501afb93-dbf6-4762-89b0-1530e6487361 at term 1 for appendEntries, leader elected after 5128ms
2023-03-16 19:31:21,172 [9fd881d9-c6e7-4e8a-8ff9-b6fc1fe9c624-server-thread1] INFO  ratis.XceiverServerRatis (XceiverServerRatis.java:handleLeaderChangedNotification(905)) - Leader change notification received for group: group-F82B3CAC0373 with new leaderId: 501afb93-dbf6-4762-89b0-1530e6487361
2023-03-16 19:31:21,174 [9fd881d9-c6e7-4e8a-8ff9-b6fc1fe9c624-server-thread1] INFO  server.RaftServer$Division (ServerState.java:setLeader(313)) - 9fd881d9-c6e7-4e8a-8ff9-b6fc1fe9c624@group-F82B3CAC0373: change Leader from null to 501afb93-dbf6-4762-89b0-1530e6487361 at term 1 for appendEntries, leader elected after 5047ms
2023-03-16 19:31:21,183 [8d131824-8a7c-4349-9333-1c11e55c3c4c@group-D55307894BA2-FollowerState] INFO  impl.FollowerState (FollowerState.java:run(143)) - 8d131824-8a7c-4349-9333-1c11e55c3c4c@group-D55307894BA2-FollowerState: change to CANDIDATE, lastRpcElapsedTime:5041860796ns, electionTimeout:5039ms
2023-03-16 19:31:21,183 [8d131824-8a7c-4349-9333-1c11e55c3c4c@group-D55307894BA2-FollowerState] INFO  impl.RoleInfo (RoleInfo.java:shutdownFollowerState(110)) - 8d131824-8a7c-4349-9333-1c11e55c3c4c: shutdown 8d131824-8a7c-4349-9333-1c11e55c3c4c@group-D55307894BA2-FollowerState
2023-03-16 19:31:21,183 [8d131824-8a7c-4349-9333-1c11e55c3c4c@group-D55307894BA2-FollowerState] INFO  server.RaftServer$Division (RaftServerImpl.java:setRole(321)) - 8d131824-8a7c-4349-9333-1c11e55c3c4c@group-D55307894BA2: changes role from  FOLLOWER to CANDIDATE at term 0 for changeToCandidate
2023-03-16 19:31:21,183 [8d131824-8a7c-4349-9333-1c11e55c3c4c@group-D55307894BA2-FollowerState] INFO  server.RaftServerConfigKeys (ConfUtils.java:logGet(46)) - raft.server.leaderelection.pre-vote = true (default)
2023-03-16 19:31:21,183 [8d131824-8a7c-4349-9333-1c11e55c3c4c@group-D55307894BA2-FollowerState] INFO  impl.RoleInfo (RoleInfo.java:updateAndGet(139)) - 8d131824-8a7c-4349-9333-1c11e55c3c4c: start 8d131824-8a7c-4349-9333-1c11e55c3c4c@group-D55307894BA2-LeaderElection6
2023-03-16 19:31:21,188 [8d131824-8a7c-4349-9333-1c11e55c3c4c@group-D55307894BA2-LeaderElection6] INFO  impl.LeaderElection (LeaderElection.java:askForVotes(312)) - 8d131824-8a7c-4349-9333-1c11e55c3c4c@group-D55307894BA2-LeaderElection6 PRE_VOTE round 0: submit vote requests at term 0 for -1: peers:[9fd881d9-c6e7-4e8a-8ff9-b6fc1fe9c624|rpc:10.1.0.30:33637|dataStream:10.1.0.30:41455|priority:0|startupRole:FOLLOWER, 8d131824-8a7c-4349-9333-1c11e55c3c4c|rpc:10.1.0.30:44709|dataStream:10.1.0.30:44395|priority:1|startupRole:FOLLOWER, 501afb93-dbf6-4762-89b0-1530e6487361|rpc:10.1.0.30:39339|dataStream:10.1.0.30:43295|priority:0|startupRole:FOLLOWER]|listeners:[], old=null
2023-03-16 19:31:21,188 [9fd881d9-c6e7-4e8a-8ff9-b6fc1fe9c624-server-thread2] INFO  server.RaftServer$Division (ServerState.java:setRaftConf(430)) - 9fd881d9-c6e7-4e8a-8ff9-b6fc1fe9c624@group-F82B3CAC0373: set configuration 0: peers:[9fd881d9-c6e7-4e8a-8ff9-b6fc1fe9c624|rpc:10.1.0.30:33637|dataStream:10.1.0.30:41455|priority:0|startupRole:FOLLOWER, 8d131824-8a7c-4349-9333-1c11e55c3c4c|rpc:10.1.0.30:44709|dataStream:10.1.0.30:44395|priority:0|startupRole:FOLLOWER, 501afb93-dbf6-4762-89b0-1530e6487361|rpc:10.1.0.30:39339|dataStream:10.1.0.30:43295|priority:1|startupRole:FOLLOWER]|listeners:[], old=null
2023-03-16 19:31:21,189 [9fd881d9-c6e7-4e8a-8ff9-b6fc1fe9c624-server-thread2] INFO  segmented.SegmentedRaftLogWorker (SegmentedRaftLogWorker.java:startLogSegment(452)) - 9fd881d9-c6e7-4e8a-8ff9-b6fc1fe9c624@group-F82B3CAC0373-SegmentedRaftLogWorker: Starting segment from index:0
2023-03-16 19:31:21,188 [8d131824-8a7c-4349-9333-1c11e55c3c4c-server-thread3] INFO  server.RaftServer$Division (ServerState.java:setRaftConf(430)) - 8d131824-8a7c-4349-9333-1c11e55c3c4c@group-F82B3CAC0373: set configuration 0: peers:[9fd881d9-c6e7-4e8a-8ff9-b6fc1fe9c624|rpc:10.1.0.30:33637|dataStream:10.1.0.30:41455|priority:0|startupRole:FOLLOWER, 8d131824-8a7c-4349-9333-1c11e55c3c4c|rpc:10.1.0.30:44709|dataStream:10.1.0.30:44395|priority:0|startupRole:FOLLOWER, 501afb93-dbf6-4762-89b0-1530e6487361|rpc:10.1.0.30:39339|dataStream:10.1.0.30:43295|priority:1|startupRole:FOLLOWER]|listeners:[], old=null
2023-03-16 19:31:21,196 [8d131824-8a7c-4349-9333-1c11e55c3c4c-server-thread3] INFO  segmented.SegmentedRaftLogWorker (SegmentedRaftLogWorker.java:startLogSegment(452)) - 8d131824-8a7c-4349-9333-1c11e55c3c4c@group-F82B3CAC0373-SegmentedRaftLogWorker: Starting segment from index:0
2023-03-16 19:31:21,191 [9fd881d9-c6e7-4e8a-8ff9-b6fc1fe9c624@group-F82B3CAC0373-SegmentedRaftLogWorker] INFO  segmented.SegmentedRaftLogWorker (SegmentedRaftLogWorker.java:execute(656)) - 9fd881d9-c6e7-4e8a-8ff9-b6fc1fe9c624@group-F82B3CAC0373-SegmentedRaftLogWorker: created new log segment /home/runner/work/ozone/ozone/hadoop-ozone/integration-test/target/test-dir/MiniOzoneClusterImpl-7c80c19b-b74a-4fd6-b02a-95a373f15db1/datanode-0/data/ratis/0e737131-6377-4485-89f8-f82b3cac0373/current/log_inprogress_0
2023-03-16 19:31:21,198 [8d131824-8a7c-4349-9333-1c11e55c3c4c@group-F82B3CAC0373-SegmentedRaftLogWorker] INFO  segmented.SegmentedRaftLogWorker (SegmentedRaftLogWorker.java:execute(656)) - 8d131824-8a7c-4349-9333-1c11e55c3c4c@group-F82B3CAC0373-SegmentedRaftLogWorker: created new log segment /home/runner/work/ozone/ozone/hadoop-ozone/integration-test/target/test-dir/MiniOzoneClusterImpl-7c80c19b-b74a-4fd6-b02a-95a373f15db1/datanode-2/data/ratis/0e737131-6377-4485-89f8-f82b3cac0373/current/log_inprogress_0
2023-03-16 19:31:21,202 [8d131824-8a7c-4349-9333-1c11e55c3c4c@group-D55307894BA2-LeaderElection6-1] INFO  server.GrpcServerProtocolClient (GrpcServerProtocolClient.java:<init>(63)) - Build channel for 9fd881d9-c6e7-4e8a-8ff9-b6fc1fe9c624
2023-03-16 19:31:21,215 [8d131824-8a7c-4349-9333-1c11e55c3c4c@group-D55307894BA2-LeaderElection6] INFO  server.RaftServerConfigKeys (ConfUtils.java:logFallback(53)) - raft.server.rpc.first-election.timeout.min = 5s (fallback to raft.server.rpc.timeout.min)
2023-03-16 19:31:21,216 [8d131824-8a7c-4349-9333-1c11e55c3c4c@group-D55307894BA2-LeaderElection6] INFO  server.RaftServerConfigKeys (ConfUtils.java:logFallback(53)) - raft.server.rpc.first-election.timeout.max = 5200ms (fallback to raft.server.rpc.timeout.max)
2023-03-16 19:31:21,216 [8d131824-8a7c-4349-9333-1c11e55c3c4c@group-D55307894BA2-LeaderElection6-2] INFO  server.GrpcServerProtocolClient (GrpcServerProtocolClient.java:<init>(63)) - Build channel for 501afb93-dbf6-4762-89b0-1530e6487361
2023-03-16 19:31:21,219 [grpc-default-executor-1] INFO  server.RaftServer$Division (RaftServerImpl.java:requestVote(1218)) - 9fd881d9-c6e7-4e8a-8ff9-b6fc1fe9c624@group-D55307894BA2: receive requestVote(PRE_VOTE, 8d131824-8a7c-4349-9333-1c11e55c3c4c, group-D55307894BA2, 0, (t:0, i:0))
2023-03-16 19:31:21,219 [grpc-default-executor-1] INFO  impl.VoteContext (VoteContext.java:log(49)) - 9fd881d9-c6e7-4e8a-8ff9-b6fc1fe9c624@group-D55307894BA2-FOLLOWER: accept PRE_VOTE from 8d131824-8a7c-4349-9333-1c11e55c3c4c: our priority 0 <= candidate's priority 1
2023-03-16 19:31:21,219 [grpc-default-executor-1] INFO  server.RaftServer$Division (RaftServerImpl.java:requestVote(1251)) - 9fd881d9-c6e7-4e8a-8ff9-b6fc1fe9c624@group-D55307894BA2 replies to PRE_VOTE vote request: 8d131824-8a7c-4349-9333-1c11e55c3c4c<-9fd881d9-c6e7-4e8a-8ff9-b6fc1fe9c624#0:OK-t0. Peer's state: 9fd881d9-c6e7-4e8a-8ff9-b6fc1fe9c624@group-D55307894BA2:t0, leader=null, voted=, raftlog=Memoized:9fd881d9-c6e7-4e8a-8ff9-b6fc1fe9c624@group-D55307894BA2-SegmentedRaftLog:OPENED:c-1, conf=-1: peers:[9fd881d9-c6e7-4e8a-8ff9-b6fc1fe9c624|rpc:10.1.0.30:33637|dataStream:10.1.0.30:41455|priority:0|startupRole:FOLLOWER, 8d131824-8a7c-4349-9333-1c11e55c3c4c|rpc:10.1.0.30:44709|dataStream:10.1.0.30:44395|priority:1|startupRole:FOLLOWER, 501afb93-dbf6-4762-89b0-1530e6487361|rpc:10.1.0.30:39339|dataStream:10.1.0.30:43295|priority:0|startupRole:FOLLOWER]|listeners:[], old=null
2023-03-16 19:31:21,222 [8d131824-8a7c-4349-9333-1c11e55c3c4c@group-D55307894BA2-LeaderElection6] INFO  impl.LeaderElection (LeaderElection.java:logAndReturn(90)) - 8d131824-8a7c-4349-9333-1c11e55c3c4c@group-D55307894BA2-LeaderElection6: PRE_VOTE PASSED received 1 response(s) and 0 exception(s):
2023-03-16 19:31:21,222 [8d131824-8a7c-4349-9333-1c11e55c3c4c@group-D55307894BA2-LeaderElection6] INFO  impl.LeaderElection (LeaderElection.java:logAndReturn(94)) -   Response 0: 8d131824-8a7c-4349-9333-1c11e55c3c4c<-9fd881d9-c6e7-4e8a-8ff9-b6fc1fe9c624#0:OK-t0
2023-03-16 19:31:21,222 [8d131824-8a7c-4349-9333-1c11e55c3c4c@group-D55307894BA2-LeaderElection6] INFO  impl.LeaderElection (LeaderElection.java:askForVotes(314)) - 8d131824-8a7c-4349-9333-1c11e55c3c4c@group-D55307894BA2-LeaderElection6 PRE_VOTE round 0: result PASSED
2023-03-16 19:31:21,227 [8d131824-8a7c-4349-9333-1c11e55c3c4c@group-D55307894BA2-LeaderElection6] INFO  impl.LeaderElection (LeaderElection.java:askForVotes(312)) - 8d131824-8a7c-4349-9333-1c11e55c3c4c@group-D55307894BA2-LeaderElection6 ELECTION round 0: submit vote requests at term 1 for -1: peers:[9fd881d9-c6e7-4e8a-8ff9-b6fc1fe9c624|rpc:10.1.0.30:33637|dataStream:10.1.0.30:41455|priority:0|startupRole:FOLLOWER, 8d131824-8a7c-4349-9333-1c11e55c3c4c|rpc:10.1.0.30:44709|dataStream:10.1.0.30:44395|priority:1|startupRole:FOLLOWER, 501afb93-dbf6-4762-89b0-1530e6487361|rpc:10.1.0.30:39339|dataStream:10.1.0.30:43295|priority:0|startupRole:FOLLOWER]|listeners:[], old=null
2023-03-16 19:31:21,233 [8d131824-8a7c-4349-9333-1c11e55c3c4c@group-D55307894BA2-LeaderElection6] INFO  server.RaftServerConfigKeys (ConfUtils.java:logFallback(53)) - raft.server.rpc.first-election.timeout.min = 5s (fallback to raft.server.rpc.timeout.min)
2023-03-16 19:31:21,233 [8d131824-8a7c-4349-9333-1c11e55c3c4c@group-D55307894BA2-LeaderElection6] INFO  server.RaftServerConfigKeys (ConfUtils.java:logFallback(53)) - raft.server.rpc.first-election.timeout.max = 5200ms (fallback to raft.server.rpc.timeout.max)
2023-03-16 19:31:21,233 [grpc-default-executor-1] INFO  server.RaftServer$Division (RaftServerImpl.java:requestVote(1218)) - 501afb93-dbf6-4762-89b0-1530e6487361@group-D55307894BA2: receive requestVote(PRE_VOTE, 8d131824-8a7c-4349-9333-1c11e55c3c4c, group-D55307894BA2, 0, (t:0, i:0))
2023-03-16 19:31:21,234 [grpc-default-executor-1] INFO  impl.VoteContext (VoteContext.java:log(49)) - 501afb93-dbf6-4762-89b0-1530e6487361@group-D55307894BA2-FOLLOWER: accept PRE_VOTE from 8d131824-8a7c-4349-9333-1c11e55c3c4c: our priority 0 <= candidate's priority 1
2023-03-16 19:31:21,234 [grpc-default-executor-1] INFO  server.RaftServer$Division (RaftServerImpl.java:requestVote(1251)) - 501afb93-dbf6-4762-89b0-1530e6487361@group-D55307894BA2 replies to PRE_VOTE vote request: 8d131824-8a7c-4349-9333-1c11e55c3c4c<-501afb93-dbf6-4762-89b0-1530e6487361#0:OK-t0. Peer's state: 501afb93-dbf6-4762-89b0-1530e6487361@group-D55307894BA2:t0, leader=null, voted=, raftlog=Memoized:501afb93-dbf6-4762-89b0-1530e6487361@group-D55307894BA2-SegmentedRaftLog:OPENED:c-1, conf=-1: peers:[9fd881d9-c6e7-4e8a-8ff9-b6fc1fe9c624|rpc:10.1.0.30:33637|dataStream:10.1.0.30:41455|priority:0|startupRole:FOLLOWER, 8d131824-8a7c-4349-9333-1c11e55c3c4c|rpc:10.1.0.30:44709|dataStream:10.1.0.30:44395|priority:1|startupRole:FOLLOWER, 501afb93-dbf6-4762-89b0-1530e6487361|rpc:10.1.0.30:39339|dataStream:10.1.0.30:43295|priority:0|startupRole:FOLLOWER]|listeners:[], old=null
2023-03-16 19:31:21,233 [grpc-default-executor-0] INFO  server.RaftServer$Division (RaftServerImpl.java:requestVote(1218)) - 9fd881d9-c6e7-4e8a-8ff9-b6fc1fe9c624@group-D55307894BA2: receive requestVote(ELECTION, 8d131824-8a7c-4349-9333-1c11e55c3c4c, group-D55307894BA2, 1, (t:0, i:0))
2023-03-16 19:31:21,234 [grpc-default-executor-0] INFO  impl.VoteContext (VoteContext.java:log(49)) - 9fd881d9-c6e7-4e8a-8ff9-b6fc1fe9c624@group-D55307894BA2-FOLLOWER: accept ELECTION from 8d131824-8a7c-4349-9333-1c11e55c3c4c: our priority 0 <= candidate's priority 1
2023-03-16 19:31:21,234 [grpc-default-executor-0] INFO  server.RaftServer$Division (RaftServerImpl.java:setRole(321)) - 9fd881d9-c6e7-4e8a-8ff9-b6fc1fe9c624@group-D55307894BA2: changes role from  FOLLOWER to FOLLOWER at term 1 for candidate:8d131824-8a7c-4349-9333-1c11e55c3c4c
2023-03-16 19:31:21,234 [grpc-default-executor-0] INFO  impl.RoleInfo (RoleInfo.java:shutdownFollowerState(110)) - 9fd881d9-c6e7-4e8a-8ff9-b6fc1fe9c624: shutdown 9fd881d9-c6e7-4e8a-8ff9-b6fc1fe9c624@group-D55307894BA2-FollowerState
2023-03-16 19:31:21,234 [grpc-default-executor-0] INFO  impl.RoleInfo (RoleInfo.java:updateAndGet(139)) - 9fd881d9-c6e7-4e8a-8ff9-b6fc1fe9c624: start 9fd881d9-c6e7-4e8a-8ff9-b6fc1fe9c624@group-D55307894BA2-FollowerState
2023-03-16 19:31:21,234 [9fd881d9-c6e7-4e8a-8ff9-b6fc1fe9c624@group-D55307894BA2-FollowerState] INFO  impl.FollowerState (FollowerState.java:run(152)) - 9fd881d9-c6e7-4e8a-8ff9-b6fc1fe9c624@group-D55307894BA2-FollowerState was interrupted
2023-03-16 19:31:21,242 [grpc-default-executor-0] INFO  server.RaftServer$Division (RaftServerImpl.java:requestVote(1251)) - 9fd881d9-c6e7-4e8a-8ff9-b6fc1fe9c624@group-D55307894BA2 replies to ELECTION vote request: 8d131824-8a7c-4349-9333-1c11e55c3c4c<-9fd881d9-c6e7-4e8a-8ff9-b6fc1fe9c624#0:OK-t1. Peer's state: 9fd881d9-c6e7-4e8a-8ff9-b6fc1fe9c624@group-D55307894BA2:t1, leader=null, voted=8d131824-8a7c-4349-9333-1c11e55c3c4c, raftlog=Memoized:9fd881d9-c6e7-4e8a-8ff9-b6fc1fe9c624@group-D55307894BA2-SegmentedRaftLog:OPENED:c-1, conf=-1: peers:[9fd881d9-c6e7-4e8a-8ff9-b6fc1fe9c624|rpc:10.1.0.30:33637|dataStream:10.1.0.30:41455|priority:0|startupRole:FOLLOWER, 8d131824-8a7c-4349-9333-1c11e55c3c4c|rpc:10.1.0.30:44709|dataStream:10.1.0.30:44395|priority:1|startupRole:FOLLOWER, 501afb93-dbf6-4762-89b0-1530e6487361|rpc:10.1.0.30:39339|dataStream:10.1.0.30:43295|priority:0|startupRole:FOLLOWER]|listeners:[], old=null
2023-03-16 19:31:21,242 [9fd881d9-c6e7-4e8a-8ff9-b6fc1fe9c624@group-D55307894BA2-FollowerState] INFO  server.RaftServerConfigKeys (ConfUtils.java:logFallback(53)) - raft.server.rpc.first-election.timeout.min = 5s (fallback to raft.server.rpc.timeout.min)
2023-03-16 19:31:21,242 [9fd881d9-c6e7-4e8a-8ff9-b6fc1fe9c624@group-D55307894BA2-FollowerState] INFO  server.RaftServerConfigKeys (ConfUtils.java:logFallback(53)) - raft.server.rpc.first-election.timeout.max = 5200ms (fallback to raft.server.rpc.timeout.max)
2023-03-16 19:31:21,244 [8d131824-8a7c-4349-9333-1c11e55c3c4c@group-D55307894BA2-LeaderElection6] INFO  impl.LeaderElection (LeaderElection.java:logAndReturn(90)) - 8d131824-8a7c-4349-9333-1c11e55c3c4c@group-D55307894BA2-LeaderElection6: ELECTION PASSED received 1 response(s) and 0 exception(s):
2023-03-16 19:31:21,245 [8d131824-8a7c-4349-9333-1c11e55c3c4c@group-D55307894BA2-LeaderElection6] INFO  impl.LeaderElection (LeaderElection.java:logAndReturn(94)) -   Response 0: 8d131824-8a7c-4349-9333-1c11e55c3c4c<-9fd881d9-c6e7-4e8a-8ff9-b6fc1fe9c624#0:OK-t1
2023-03-16 19:31:21,245 [8d131824-8a7c-4349-9333-1c11e55c3c4c@group-D55307894BA2-LeaderElection6] INFO  impl.LeaderElection (LeaderElection.java:askForVotes(314)) - 8d131824-8a7c-4349-9333-1c11e55c3c4c@group-D55307894BA2-LeaderElection6 ELECTION round 0: result PASSED
2023-03-16 19:31:21,245 [8d131824-8a7c-4349-9333-1c11e55c3c4c@group-D55307894BA2-LeaderElection6] INFO  impl.RoleInfo (RoleInfo.java:shutdownLeaderElection(130)) - 8d131824-8a7c-4349-9333-1c11e55c3c4c: shutdown 8d131824-8a7c-4349-9333-1c11e55c3c4c@group-D55307894BA2-LeaderElection6
2023-03-16 19:31:21,245 [8d131824-8a7c-4349-9333-1c11e55c3c4c@group-D55307894BA2-LeaderElection6] INFO  server.RaftServer$Division (RaftServerImpl.java:setRole(321)) - 8d131824-8a7c-4349-9333-1c11e55c3c4c@group-D55307894BA2: changes role from CANDIDATE to LEADER at term 1 for changeToLeader
2023-03-16 19:31:21,245 [8d131824-8a7c-4349-9333-1c11e55c3c4c@group-D55307894BA2-LeaderElection6] INFO  ratis.XceiverServerRatis (XceiverServerRatis.java:handleLeaderChangedNotification(905)) - Leader change notification received for group: group-D55307894BA2 with new leaderId: 8d131824-8a7c-4349-9333-1c11e55c3c4c
2023-03-16 19:31:21,245 [8d131824-8a7c-4349-9333-1c11e55c3c4c@group-D55307894BA2-LeaderElection6] INFO  server.RaftServer$Division (ServerState.java:setLeader(313)) - 8d131824-8a7c-4349-9333-1c11e55c3c4c@group-D55307894BA2: change Leader from null to 8d131824-8a7c-4349-9333-1c11e55c3c4c at term 1 for becomeLeader, leader elected after 5198ms
2023-03-16 19:31:21,245 [8d131824-8a7c-4349-9333-1c11e55c3c4c@group-D55307894BA2-LeaderElection6] INFO  server.RaftServerConfigKeys (ConfUtils.java:logGet(46)) - raft.server.staging.catchup.gap = 1000 (default)
2023-03-16 19:31:21,245 [8d131824-8a7c-4349-9333-1c11e55c3c4c@group-D55307894BA2-LeaderElection6] INFO  server.RaftServerConfigKeys (ConfUtils.java:logGet(46)) - raft.server.write.element-limit = 1024 (custom)
2023-03-16 19:31:21,245 [8d131824-8a7c-4349-9333-1c11e55c3c4c@group-D55307894BA2-LeaderElection6] INFO  server.RaftServerConfigKeys (ConfUtils.java:logGet(46)) - raft.server.write.byte-limit = 1024 M (=1073741824) (custom)
2023-03-16 19:31:21,246 [8d131824-8a7c-4349-9333-1c11e55c3c4c@group-D55307894BA2-LeaderElection6] INFO  server.RaftServerConfigKeys (ConfUtils.java:logGet(46)) - raft.server.watch.timeout = 180s (custom)
2023-03-16 19:31:21,246 [8d131824-8a7c-4349-9333-1c11e55c3c4c@group-D55307894BA2-LeaderElection6] INFO  server.RaftServerConfigKeys (ConfUtils.java:logGet(46)) - raft.server.watch.timeout.denomination = 1s (default)
2023-03-16 19:31:21,246 [8d131824-8a7c-4349-9333-1c11e55c3c4c@group-D55307894BA2-LeaderElection6] INFO  server.RaftServerConfigKeys (ConfUtils.java:logGet(46)) - raft.server.watch.element-limit = 65536 (default)
2023-03-16 19:31:21,246 [8d131824-8a7c-4349-9333-1c11e55c3c4c@group-D55307894BA2-LeaderElection6] INFO  server.RaftServerConfigKeys (ConfUtils.java:logGet(46)) - raft.server.write.element-limit = 1024 (custom)
2023-03-16 19:31:21,246 [8d131824-8a7c-4349-9333-1c11e55c3c4c@group-D55307894BA2-LeaderElection6] INFO  server.RaftServerConfigKeys (ConfUtils.java:logGet(46)) - raft.server.write.follower.gap.ratio.max = -1.0 (default)
2023-03-16 19:31:21,246 [8d131824-8a7c-4349-9333-1c11e55c3c4c@group-D55307894BA2-LeaderElection6] INFO  server.RaftServerConfigKeys (ConfUtils.java:logGet(46)) - raft.server.log.appender.snapshot.chunk.size.max = 16MB (=16777216) (default)
2023-03-16 19:31:21,246 [8d131824-8a7c-4349-9333-1c11e55c3c4c@group-D55307894BA2-LeaderElection6] INFO  server.RaftServerConfigKeys (ConfUtils.java:logGet(46)) - raft.server.log.appender.buffer.byte-limit = 33554432 (custom)
2023-03-16 19:31:21,246 [8d131824-8a7c-4349-9333-1c11e55c3c4c@group-D55307894BA2-LeaderElection6] INFO  server.RaftServerConfigKeys (ConfUtils.java:logGet(46)) - raft.server.log.appender.buffer.element-limit = 1 (custom)
2023-03-16 19:31:21,246 [8d131824-8a7c-4349-9333-1c11e55c3c4c@group-D55307894BA2-LeaderElection6] INFO  grpc.GrpcConfigKeys (ConfUtils.java:logGet(46)) - raft.grpc.server.leader.outstanding.appends.max = 128 (default)
2023-03-16 19:31:21,248 [8d131824-8a7c-4349-9333-1c11e55c3c4c@group-D55307894BA2-LeaderElection6] INFO  server.RaftServerConfigKeys (ConfUtils.java:logGet(46)) - raft.server.rpc.request.timeout = 60s (custom)
2023-03-16 19:31:21,248 [8d131824-8a7c-4349-9333-1c11e55c3c4c@group-D55307894BA2-LeaderElection6] INFO  server.RaftServerConfigKeys (ConfUtils.java:logGet(46)) - raft.server.log.appender.install.snapshot.enabled = false (custom)
2023-03-16 19:31:21,248 [8d131824-8a7c-4349-9333-1c11e55c3c4c@group-D55307894BA2-LeaderElection6] INFO  grpc.GrpcConfigKeys (ConfUtils.java:logGet(46)) - raft.grpc.server.heartbeat.channel = true (default)
2023-03-16 19:31:21,248 [8d131824-8a7c-4349-9333-1c11e55c3c4c@group-D55307894BA2-LeaderElection6] INFO  server.RaftServerConfigKeys (ConfUtils.java:logGet(46)) - raft.server.log.appender.wait-time.min = 10ms (default)
2023-03-16 19:31:21,248 [8d131824-8a7c-4349-9333-1c11e55c3c4c@group-D55307894BA2-LeaderElection6] INFO  server.RaftServerConfigKeys (ConfUtils.java:logGet(46)) - raft.server.log.appender.snapshot.chunk.size.max = 16MB (=16777216) (default)
2023-03-16 19:31:21,248 [8d131824-8a7c-4349-9333-1c11e55c3c4c@group-D55307894BA2-LeaderElection6] INFO  server.RaftServerConfigKeys (ConfUtils.java:logGet(46)) - raft.server.log.appender.buffer.byte-limit = 33554432 (custom)
2023-03-16 19:31:21,248 [8d131824-8a7c-4349-9333-1c11e55c3c4c@group-D55307894BA2-LeaderElection6] INFO  server.RaftServerConfigKeys (ConfUtils.java:logGet(46)) - raft.server.log.appender.buffer.element-limit = 1 (custom)
2023-03-16 19:31:21,249 [8d131824-8a7c-4349-9333-1c11e55c3c4c@group-D55307894BA2-LeaderElection6] INFO  grpc.GrpcConfigKeys (ConfUtils.java:logGet(46)) - raft.grpc.server.leader.outstanding.appends.max = 128 (default)
2023-03-16 19:31:21,249 [8d131824-8a7c-4349-9333-1c11e55c3c4c@group-D55307894BA2-LeaderElection6] INFO  server.RaftServerConfigKeys (ConfUtils.java:logGet(46)) - raft.server.rpc.request.timeout = 60s (custom)
2023-03-16 19:31:21,249 [8d131824-8a7c-4349-9333-1c11e55c3c4c@group-D55307894BA2-LeaderElection6] INFO  server.RaftServerConfigKeys (ConfUtils.java:logGet(46)) - raft.server.log.appender.install.snapshot.enabled = false (custom)
2023-03-16 19:31:21,249 [8d131824-8a7c-4349-9333-1c11e55c3c4c@group-D55307894BA2-LeaderElection6] INFO  grpc.GrpcConfigKeys (ConfUtils.java:logGet(46)) - raft.grpc.server.heartbeat.channel = true (default)
2023-03-16 19:31:21,249 [8d131824-8a7c-4349-9333-1c11e55c3c4c@group-D55307894BA2-LeaderElection6] INFO  server.RaftServerConfigKeys (ConfUtils.java:logGet(46)) - raft.server.log.appender.wait-time.min = 10ms (default)
2023-03-16 19:31:21,249 [8d131824-8a7c-4349-9333-1c11e55c3c4c@group-D55307894BA2-LeaderElection6] INFO  impl.RoleInfo (RoleInfo.java:updateAndGet(139)) - 8d131824-8a7c-4349-9333-1c11e55c3c4c: start 8d131824-8a7c-4349-9333-1c11e55c3c4c@group-D55307894BA2-LeaderStateImpl
2023-03-16 19:31:21,249 [8d131824-8a7c-4349-9333-1c11e55c3c4c@group-D55307894BA2-LeaderElection6] INFO  segmented.SegmentedRaftLogWorker (SegmentedRaftLogWorker.java:startLogSegment(452)) - 8d131824-8a7c-4349-9333-1c11e55c3c4c@group-D55307894BA2-SegmentedRaftLogWorker: Starting segment from index:0
2023-03-16 19:31:21,249 [grpc-default-executor-1] INFO  server.RaftServer$Division (RaftServerImpl.java:requestVote(1218)) - 501afb93-dbf6-4762-89b0-1530e6487361@group-D55307894BA2: receive requestVote(ELECTION, 8d131824-8a7c-4349-9333-1c11e55c3c4c, group-D55307894BA2, 1, (t:0, i:0))
2023-03-16 19:31:21,249 [grpc-default-executor-1] INFO  impl.VoteContext (VoteContext.java:log(49)) - 501afb93-dbf6-4762-89b0-1530e6487361@group-D55307894BA2-FOLLOWER: accept ELECTION from 8d131824-8a7c-4349-9333-1c11e55c3c4c: our priority 0 <= candidate's priority 1
2023-03-16 19:31:21,250 [grpc-default-executor-1] INFO  server.RaftServer$Division (RaftServerImpl.java:setRole(321)) - 501afb93-dbf6-4762-89b0-1530e6487361@group-D55307894BA2: changes role from  FOLLOWER to FOLLOWER at term 1 for candidate:8d131824-8a7c-4349-9333-1c11e55c3c4c
2023-03-16 19:31:21,250 [grpc-default-executor-1] INFO  impl.RoleInfo (RoleInfo.java:shutdownFollowerState(110)) - 501afb93-dbf6-4762-89b0-1530e6487361: shutdown 501afb93-dbf6-4762-89b0-1530e6487361@group-D55307894BA2-FollowerState
2023-03-16 19:31:21,250 [grpc-default-executor-1] INFO  impl.RoleInfo (RoleInfo.java:updateAndGet(139)) - 501afb93-dbf6-4762-89b0-1530e6487361: start 501afb93-dbf6-4762-89b0-1530e6487361@group-D55307894BA2-FollowerState
2023-03-16 19:31:21,250 [501afb93-dbf6-4762-89b0-1530e6487361@group-D55307894BA2-FollowerState] INFO  impl.FollowerState (FollowerState.java:run(152)) - 501afb93-dbf6-4762-89b0-1530e6487361@group-D55307894BA2-FollowerState was interrupted
2023-03-16 19:31:21,258 [EventQueue-PipelineReportForPipelineReportHandler] INFO  pipeline.PipelineManagerImpl (PipelineManagerImpl.java:openPipeline(367)) - Pipeline Pipeline[ Id: 58fe6918-0902-4594-9b6a-d55307894ba2, Nodes: 9fd881d9-c6e7-4e8a-8ff9-b6fc1fe9c624(fv-az39-712/10.1.0.30)501afb93-dbf6-4762-89b0-1530e6487361(fv-az39-712/10.1.0.30)8d131824-8a7c-4349-9333-1c11e55c3c4c(fv-az39-712/10.1.0.30), ReplicationConfig: RATIS/THREE, State:ALLOCATED, leaderId:8d131824-8a7c-4349-9333-1c11e55c3c4c, CreationTimestamp2023-03-16T19:31:13.287Z[Etc/UTC]] moved to OPEN state
2023-03-16 19:31:21,260 [501afb93-dbf6-4762-89b0-1530e6487361@group-D55307894BA2-FollowerState] INFO  server.RaftServerConfigKeys (ConfUtils.java:logFallback(53)) - raft.server.rpc.first-election.timeout.min = 5s (fallback to raft.server.rpc.timeout.min)
2023-03-16 19:31:21,260 [501afb93-dbf6-4762-89b0-1530e6487361@group-D55307894BA2-FollowerState] INFO  server.RaftServerConfigKeys (ConfUtils.java:logFallback(53)) - raft.server.rpc.first-election.timeout.max = 5200ms (fallback to raft.server.rpc.timeout.max)
2023-03-16 19:31:21,260 [8d131824-8a7c-4349-9333-1c11e55c3c4c@group-D55307894BA2-LeaderElection6] INFO  server.RaftServer$Division (ServerState.java:setRaftConf(430)) - 8d131824-8a7c-4349-9333-1c11e55c3c4c@group-D55307894BA2: set configuration 0: peers:[9fd881d9-c6e7-4e8a-8ff9-b6fc1fe9c624|rpc:10.1.0.30:33637|dataStream:10.1.0.30:41455|priority:0|startupRole:FOLLOWER, 8d131824-8a7c-4349-9333-1c11e55c3c4c|rpc:10.1.0.30:44709|dataStream:10.1.0.30:44395|priority:1|startupRole:FOLLOWER, 501afb93-dbf6-4762-89b0-1530e6487361|rpc:10.1.0.30:39339|dataStream:10.1.0.30:43295|priority:0|startupRole:FOLLOWER]|listeners:[], old=null
2023-03-16 19:31:21,261 [grpc-default-executor-1] INFO  server.RaftServer$Division (RaftServerImpl.java:requestVote(1251)) - 501afb93-dbf6-4762-89b0-1530e6487361@group-D55307894BA2 replies to ELECTION vote request: 8d131824-8a7c-4349-9333-1c11e55c3c4c<-501afb93-dbf6-4762-89b0-1530e6487361#0:OK-t1. Peer's state: 501afb93-dbf6-4762-89b0-1530e6487361@group-D55307894BA2:t1, leader=null, voted=8d131824-8a7c-4349-9333-1c11e55c3c4c, raftlog=Memoized:501afb93-dbf6-4762-89b0-1530e6487361@group-D55307894BA2-SegmentedRaftLog:OPENED:c-1, conf=-1: peers:[9fd881d9-c6e7-4e8a-8ff9-b6fc1fe9c624|rpc:10.1.0.30:33637|dataStream:10.1.0.30:41455|priority:0|startupRole:FOLLOWER, 8d131824-8a7c-4349-9333-1c11e55c3c4c|rpc:10.1.0.30:44709|dataStream:10.1.0.30:44395|priority:1|startupRole:FOLLOWER, 501afb93-dbf6-4762-89b0-1530e6487361|rpc:10.1.0.30:39339|dataStream:10.1.0.30:43295|priority:0|startupRole:FOLLOWER]|listeners:[], old=null
2023-03-16 19:31:21,261 [8d131824-8a7c-4349-9333-1c11e55c3c4c@group-D55307894BA2-SegmentedRaftLogWorker] INFO  segmented.SegmentedRaftLogWorker (SegmentedRaftLogWorker.java:execute(656)) - 8d131824-8a7c-4349-9333-1c11e55c3c4c@group-D55307894BA2-SegmentedRaftLogWorker: created new log segment /home/runner/work/ozone/ozone/hadoop-ozone/integration-test/target/test-dir/MiniOzoneClusterImpl-7c80c19b-b74a-4fd6-b02a-95a373f15db1/datanode-2/data/ratis/58fe6918-0902-4594-9b6a-d55307894ba2/current/log_inprogress_0
2023-03-16 19:31:21,271 [Listener at 127.0.0.1/32993] INFO  ozone.MiniOzoneClusterImpl (MiniOzoneClusterImpl.java:lambda$waitForClusterToBeReady$0(222)) - Nodes are ready. Got 3 of 3 DN Heartbeats.
2023-03-16 19:31:21,274 [Listener at 127.0.0.1/32993] INFO  ozone.MiniOzoneClusterImpl (MiniOzoneClusterImpl.java:lambda$waitForClusterToBeReady$0(225)) - Cluster exits safe mode
2023-03-16 19:31:21,274 [Listener at 127.0.0.1/32993] INFO  ozone.MiniOzoneClusterImpl (MiniOzoneClusterImpl.java:lambda$waitForClusterToBeReady$0(227)) - SCM became leader
2023-03-16 19:31:21,302 [501afb93-dbf6-4762-89b0-1530e6487361-server-thread1] INFO  ratis.XceiverServerRatis (XceiverServerRatis.java:handleLeaderChangedNotification(905)) - Leader change notification received for group: group-D55307894BA2 with new leaderId: 8d131824-8a7c-4349-9333-1c11e55c3c4c
2023-03-16 19:31:21,302 [501afb93-dbf6-4762-89b0-1530e6487361-server-thread1] INFO  server.RaftServer$Division (ServerState.java:setLeader(313)) - 501afb93-dbf6-4762-89b0-1530e6487361@group-D55307894BA2: change Leader from null to 8d131824-8a7c-4349-9333-1c11e55c3c4c at term 1 for appendEntries, leader elected after 5365ms
2023-03-16 19:31:21,314 [501afb93-dbf6-4762-89b0-1530e6487361-server-thread1] INFO  server.RaftServer$Division (ServerState.java:setRaftConf(430)) - 501afb93-dbf6-4762-89b0-1530e6487361@group-D55307894BA2: set configuration 0: peers:[9fd881d9-c6e7-4e8a-8ff9-b6fc1fe9c624|rpc:10.1.0.30:33637|dataStream:10.1.0.30:41455|priority:0|startupRole:FOLLOWER, 8d131824-8a7c-4349-9333-1c11e55c3c4c|rpc:10.1.0.30:44709|dataStream:10.1.0.30:44395|priority:1|startupRole:FOLLOWER, 501afb93-dbf6-4762-89b0-1530e6487361|rpc:10.1.0.30:39339|dataStream:10.1.0.30:43295|priority:0|startupRole:FOLLOWER]|listeners:[], old=null
2023-03-16 19:31:21,314 [501afb93-dbf6-4762-89b0-1530e6487361-server-thread1] INFO  segmented.SegmentedRaftLogWorker (SegmentedRaftLogWorker.java:startLogSegment(452)) - 501afb93-dbf6-4762-89b0-1530e6487361@group-D55307894BA2-SegmentedRaftLogWorker: Starting segment from index:0
2023-03-16 19:31:21,315 [9fd881d9-c6e7-4e8a-8ff9-b6fc1fe9c624-server-thread1] INFO  ratis.XceiverServerRatis (XceiverServerRatis.java:handleLeaderChangedNotification(905)) - Leader change notification received for group: group-D55307894BA2 with new leaderId: 8d131824-8a7c-4349-9333-1c11e55c3c4c
2023-03-16 19:31:21,316 [501afb93-dbf6-4762-89b0-1530e6487361@group-D55307894BA2-SegmentedRaftLogWorker] INFO  segmented.SegmentedRaftLogWorker (SegmentedRaftLogWorker.java:execute(656)) - 501afb93-dbf6-4762-89b0-1530e6487361@group-D55307894BA2-SegmentedRaftLogWorker: created new log segment /home/runner/work/ozone/ozone/hadoop-ozone/integration-test/target/test-dir/MiniOzoneClusterImpl-7c80c19b-b74a-4fd6-b02a-95a373f15db1/datanode-1/data/ratis/58fe6918-0902-4594-9b6a-d55307894ba2/current/log_inprogress_0
2023-03-16 19:31:21,320 [9fd881d9-c6e7-4e8a-8ff9-b6fc1fe9c624-server-thread1] INFO  server.RaftServer$Division (ServerState.java:setLeader(313)) - 9fd881d9-c6e7-4e8a-8ff9-b6fc1fe9c624@group-D55307894BA2: change Leader from null to 8d131824-8a7c-4349-9333-1c11e55c3c4c at term 1 for appendEntries, leader elected after 5767ms
2023-03-16 19:31:21,322 [9fd881d9-c6e7-4e8a-8ff9-b6fc1fe9c624-server-thread1] INFO  server.RaftServer$Division (ServerState.java:setRaftConf(430)) - 9fd881d9-c6e7-4e8a-8ff9-b6fc1fe9c624@group-D55307894BA2: set configuration 0: peers:[9fd881d9-c6e7-4e8a-8ff9-b6fc1fe9c624|rpc:10.1.0.30:33637|dataStream:10.1.0.30:41455|priority:0|startupRole:FOLLOWER, 8d131824-8a7c-4349-9333-1c11e55c3c4c|rpc:10.1.0.30:44709|dataStream:10.1.0.30:44395|priority:1|startupRole:FOLLOWER, 501afb93-dbf6-4762-89b0-1530e6487361|rpc:10.1.0.30:39339|dataStream:10.1.0.30:43295|priority:0|startupRole:FOLLOWER]|listeners:[], old=null
2023-03-16 19:31:21,322 [9fd881d9-c6e7-4e8a-8ff9-b6fc1fe9c624-server-thread1] INFO  segmented.SegmentedRaftLogWorker (SegmentedRaftLogWorker.java:startLogSegment(452)) - 9fd881d9-c6e7-4e8a-8ff9-b6fc1fe9c624@group-D55307894BA2-SegmentedRaftLogWorker: Starting segment from index:0
2023-03-16 19:31:21,329 [9fd881d9-c6e7-4e8a-8ff9-b6fc1fe9c624@group-D55307894BA2-SegmentedRaftLogWorker] INFO  segmented.SegmentedRaftLogWorker (SegmentedRaftLogWorker.java:execute(656)) - 9fd881d9-c6e7-4e8a-8ff9-b6fc1fe9c624@group-D55307894BA2-SegmentedRaftLogWorker: created new log segment /home/runner/work/ozone/ozone/hadoop-ozone/integration-test/target/test-dir/MiniOzoneClusterImpl-7c80c19b-b74a-4fd6-b02a-95a373f15db1/datanode-0/data/ratis/58fe6918-0902-4594-9b6a-d55307894ba2/current/log_inprogress_0
2023-03-16 19:31:21,758 [JvmPauseMonitor2] WARN  util.JvmPauseMonitor (JvmPauseMonitor.java:detectPause(126)) - JvmPauseMonitor-501afb93-dbf6-4762-89b0-1530e6487361: Detected pause in JVM or host machine (eg GC): pause of approximately 237049153ns.
GC pool 'PS MarkSweep' had collection(s): count=1 time=214ms
GC pool 'PS Scavenge' had collection(s): count=1 time=78ms
2023-03-16 19:31:21,760 [8d131824-8a7c-4349-9333-1c11e55c3c4c@group-C25790B63EA0-FollowerState] INFO  impl.FollowerState (FollowerState.java:run(143)) - 8d131824-8a7c-4349-9333-1c11e55c3c4c@group-C25790B63EA0-FollowerState: change to CANDIDATE, lastRpcElapsedTime:5465446941ns, electionTimeout:5199ms
2023-03-16 19:31:21,758 [JvmPauseMonitor1] WARN  util.JvmPauseMonitor (JvmPauseMonitor.java:detectPause(126)) - JvmPauseMonitor-9fd881d9-c6e7-4e8a-8ff9-b6fc1fe9c624: Detected pause in JVM or host machine (eg GC): pause of approximately 237414462ns.
GC pool 'PS MarkSweep' had collection(s): count=1 time=214ms
GC pool 'PS Scavenge' had collection(s): count=1 time=78ms
2023-03-16 19:31:21,767 [8d131824-8a7c-4349-9333-1c11e55c3c4c@group-C25790B63EA0-FollowerState] INFO  impl.RoleInfo (RoleInfo.java:shutdownFollowerState(110)) - 8d131824-8a7c-4349-9333-1c11e55c3c4c: shutdown 8d131824-8a7c-4349-9333-1c11e55c3c4c@group-C25790B63EA0-FollowerState
2023-03-16 19:31:21,767 [8d131824-8a7c-4349-9333-1c11e55c3c4c@group-C25790B63EA0-FollowerState] INFO  server.RaftServer$Division (RaftServerImpl.java:setRole(321)) - 8d131824-8a7c-4349-9333-1c11e55c3c4c@group-C25790B63EA0: changes role from  FOLLOWER to CANDIDATE at term 0 for changeToCandidate
2023-03-16 19:31:21,767 [8d131824-8a7c-4349-9333-1c11e55c3c4c@group-C25790B63EA0-FollowerState] INFO  server.RaftServerConfigKeys (ConfUtils.java:logGet(46)) - raft.server.leaderelection.pre-vote = true (default)
2023-03-16 19:31:21,767 [8d131824-8a7c-4349-9333-1c11e55c3c4c@group-C25790B63EA0-FollowerState] INFO  impl.RoleInfo (RoleInfo.java:updateAndGet(139)) - 8d131824-8a7c-4349-9333-1c11e55c3c4c: start 8d131824-8a7c-4349-9333-1c11e55c3c4c@group-C25790B63EA0-LeaderElection7
2023-03-16 19:31:21,758 [JvmPauseMonitor0] WARN  util.JvmPauseMonitor (JvmPauseMonitor.java:detectPause(126)) - JvmPauseMonitor-omNode-1: Detected pause in JVM or host machine (eg GC): pause of approximately 237261258ns.
GC pool 'PS MarkSweep' had collection(s): count=1 time=214ms
GC pool 'PS Scavenge' had collection(s): count=1 time=78ms
2023-03-16 19:31:21,772 [8d131824-8a7c-4349-9333-1c11e55c3c4c@group-C25790B63EA0-LeaderElection7] INFO  impl.LeaderElection (LeaderElection.java:askForVotes(312)) - 8d131824-8a7c-4349-9333-1c11e55c3c4c@group-C25790B63EA0-LeaderElection7 PRE_VOTE round 0: submit vote requests at term 0 for -1: peers:[8d131824-8a7c-4349-9333-1c11e55c3c4c|rpc:10.1.0.30:44709|dataStream:10.1.0.30:44395|priority:1|startupRole:FOLLOWER]|listeners:[], old=null
2023-03-16 19:31:21,772 [8d131824-8a7c-4349-9333-1c11e55c3c4c@group-C25790B63EA0-LeaderElection7] INFO  impl.LeaderElection (LeaderElection.java:askForVotes(314)) - 8d131824-8a7c-4349-9333-1c11e55c3c4c@group-C25790B63EA0-LeaderElection7 PRE_VOTE round 0: result PASSED (term=0)
2023-03-16 19:31:21,774 [8d131824-8a7c-4349-9333-1c11e55c3c4c@group-C25790B63EA0-LeaderElection7] INFO  impl.LeaderElection (LeaderElection.java:askForVotes(312)) - 8d131824-8a7c-4349-9333-1c11e55c3c4c@group-C25790B63EA0-LeaderElection7 ELECTION round 0: submit vote requests at term 1 for -1: peers:[8d131824-8a7c-4349-9333-1c11e55c3c4c|rpc:10.1.0.30:44709|dataStream:10.1.0.30:44395|priority:1|startupRole:FOLLOWER]|listeners:[], old=null
2023-03-16 19:31:21,774 [8d131824-8a7c-4349-9333-1c11e55c3c4c@group-C25790B63EA0-LeaderElection7] INFO  impl.LeaderElection (LeaderElection.java:askForVotes(314)) - 8d131824-8a7c-4349-9333-1c11e55c3c4c@group-C25790B63EA0-LeaderElection7 ELECTION round 0: result PASSED (term=1)
2023-03-16 19:31:21,774 [8d131824-8a7c-4349-9333-1c11e55c3c4c@group-C25790B63EA0-LeaderElection7] INFO  impl.RoleInfo (RoleInfo.java:shutdownLeaderElection(130)) - 8d131824-8a7c-4349-9333-1c11e55c3c4c: shutdown 8d131824-8a7c-4349-9333-1c11e55c3c4c@group-C25790B63EA0-LeaderElection7
2023-03-16 19:31:21,775 [8d131824-8a7c-4349-9333-1c11e55c3c4c@group-C25790B63EA0-LeaderElection7] INFO  server.RaftServer$Division (RaftServerImpl.java:setRole(321)) - 8d131824-8a7c-4349-9333-1c11e55c3c4c@group-C25790B63EA0: changes role from CANDIDATE to LEADER at term 1 for changeToLeader
2023-03-16 19:31:21,775 [8d131824-8a7c-4349-9333-1c11e55c3c4c@group-C25790B63EA0-LeaderElection7] INFO  ratis.XceiverServerRatis (XceiverServerRatis.java:handleLeaderChangedNotification(905)) - Leader change notification received for group: group-C25790B63EA0 with new leaderId: 8d131824-8a7c-4349-9333-1c11e55c3c4c
2023-03-16 19:31:21,775 [8d131824-8a7c-4349-9333-1c11e55c3c4c@group-C25790B63EA0-LeaderElection7] INFO  server.RaftServer$Division (ServerState.java:setLeader(313)) - 8d131824-8a7c-4349-9333-1c11e55c3c4c@group-C25790B63EA0: change Leader from null to 8d131824-8a7c-4349-9333-1c11e55c3c4c at term 1 for becomeLeader, leader elected after 5495ms
2023-03-16 19:31:21,777 [8d131824-8a7c-4349-9333-1c11e55c3c4c@group-C25790B63EA0-LeaderElection7] INFO  server.RaftServerConfigKeys (ConfUtils.java:logGet(46)) - raft.server.staging.catchup.gap = 1000 (default)
2023-03-16 19:31:21,777 [8d131824-8a7c-4349-9333-1c11e55c3c4c@group-C25790B63EA0-LeaderElection7] INFO  server.RaftServerConfigKeys (ConfUtils.java:logGet(46)) - raft.server.write.element-limit = 1024 (custom)
2023-03-16 19:31:21,778 [8d131824-8a7c-4349-9333-1c11e55c3c4c@group-C25790B63EA0-LeaderElection7] INFO  server.RaftServerConfigKeys (ConfUtils.java:logGet(46)) - raft.server.write.byte-limit = 1024 M (=1073741824) (custom)
2023-03-16 19:31:21,779 [8d131824-8a7c-4349-9333-1c11e55c3c4c@group-C25790B63EA0-LeaderElection7] INFO  server.RaftServerConfigKeys (ConfUtils.java:logGet(46)) - raft.server.watch.timeout = 180s (custom)
2023-03-16 19:31:21,780 [8d131824-8a7c-4349-9333-1c11e55c3c4c@group-C25790B63EA0-LeaderElection7] INFO  server.RaftServerConfigKeys (ConfUtils.java:logGet(46)) - raft.server.watch.timeout.denomination = 1s (default)
2023-03-16 19:31:21,780 [8d131824-8a7c-4349-9333-1c11e55c3c4c@group-C25790B63EA0-LeaderElection7] INFO  server.RaftServerConfigKeys (ConfUtils.java:logGet(46)) - raft.server.watch.element-limit = 65536 (default)
2023-03-16 19:31:21,780 [8d131824-8a7c-4349-9333-1c11e55c3c4c@group-C25790B63EA0-LeaderElection7] INFO  server.RaftServerConfigKeys (ConfUtils.java:logGet(46)) - raft.server.write.element-limit = 1024 (custom)
2023-03-16 19:31:21,780 [8d131824-8a7c-4349-9333-1c11e55c3c4c@group-C25790B63EA0-LeaderElection7] INFO  server.RaftServerConfigKeys (ConfUtils.java:logGet(46)) - raft.server.write.follower.gap.ratio.max = -1.0 (default)
2023-03-16 19:31:21,780 [8d131824-8a7c-4349-9333-1c11e55c3c4c@group-C25790B63EA0-LeaderElection7] INFO  impl.RoleInfo (RoleInfo.java:updateAndGet(139)) - 8d131824-8a7c-4349-9333-1c11e55c3c4c: start 8d131824-8a7c-4349-9333-1c11e55c3c4c@group-C25790B63EA0-LeaderStateImpl
2023-03-16 19:31:21,780 [8d131824-8a7c-4349-9333-1c11e55c3c4c@group-C25790B63EA0-LeaderElection7] INFO  segmented.SegmentedRaftLogWorker (SegmentedRaftLogWorker.java:startLogSegment(452)) - 8d131824-8a7c-4349-9333-1c11e55c3c4c@group-C25790B63EA0-SegmentedRaftLogWorker: Starting segment from index:0
2023-03-16 19:31:21,783 [8d131824-8a7c-4349-9333-1c11e55c3c4c@group-C25790B63EA0-SegmentedRaftLogWorker] INFO  segmented.SegmentedRaftLogWorker (SegmentedRaftLogWorker.java:execute(656)) - 8d131824-8a7c-4349-9333-1c11e55c3c4c@group-C25790B63EA0-SegmentedRaftLogWorker: created new log segment /home/runner/work/ozone/ozone/hadoop-ozone/integration-test/target/test-dir/MiniOzoneClusterImpl-7c80c19b-b74a-4fd6-b02a-95a373f15db1/datanode-2/data/ratis/aa23b987-2c28-49e8-8144-c25790b63ea0/current/log_inprogress_0
2023-03-16 19:31:21,790 [8d131824-8a7c-4349-9333-1c11e55c3c4c@group-C25790B63EA0-LeaderElection7] INFO  server.RaftServer$Division (ServerState.java:setRaftConf(430)) - 8d131824-8a7c-4349-9333-1c11e55c3c4c@group-C25790B63EA0: set configuration 0: peers:[8d131824-8a7c-4349-9333-1c11e55c3c4c|rpc:10.1.0.30:44709|dataStream:10.1.0.30:44395|priority:1|startupRole:FOLLOWER]|listeners:[], old=null
2023-03-16 19:31:22,069 [Listener at 127.0.0.1/32993] INFO  utils.BackgroundService (BackgroundService.java:shutdown(141)) - Shutting down service KeyDeletingService
2023-03-16 19:31:22,070 [Listener at 127.0.0.1/32993] INFO  utils.BackgroundService (BackgroundService.java:shutdown(141)) - Shutting down service DirectoryDeletingService
2023-03-16 19:31:22,070 [Listener at 127.0.0.1/32993] INFO  utils.BackgroundService (BackgroundService.java:shutdown(141)) - Shutting down service OpenKeyCleanupService
2023-03-16 19:31:22,070 [Listener at 127.0.0.1/32993] INFO  utils.BackgroundService (BackgroundService.java:shutdown(141)) - Shutting down service SstFilteringService
2023-03-16 19:31:22,070 [Listener at 127.0.0.1/32993] INFO  utils.BackgroundService (BackgroundService.java:shutdown(141)) - Shutting down service SnapshotDeletingService
2023-03-16 19:31:22,070 [Listener at 127.0.0.1/32993] WARN  server.ServerUtils (ServerUtils.java:getDBPath(225)) - ozone.om.db.dirs is not configured. We recommend adding this setting. Falling back to ozone.metadata.dirs instead.
2023-03-16 19:31:22,146 [Listener at 127.0.0.1/32993] INFO  rpc.RpcClient (RpcClient.java:createVolume(476)) - Creating Volume: volume-15285, with admin as owner and space quota set to -1 bytes, counts quota set to -1
2023-03-16 19:31:22,193 [OM StateMachine ApplyTransaction Thread - 0] INFO  volume.OMVolumeCreateRequest (OMVolumeCreateRequest.java:validateAndUpdateCache(195)) - created volume:volume-15285 for user:admin
2023-03-16 19:31:22,208 [Listener at 127.0.0.1/32993] INFO  rpc.RpcClient (RpcClient.java:createBucket(698)) - Creating Bucket: volume-15285/bucket-95169, with bucket layout FILE_SYSTEM_OPTIMIZED, admin as owner, Versioning false, Storage Type set to DISK and Encryption set to false, Replication Type set to server-side default replication type, Namespace Quota set to -1, Space Quota set to -1 
2023-03-16 19:31:22,222 [OM StateMachine ApplyTransaction Thread - 0] INFO  bucket.OMBucketCreateRequest (OMBucketCreateRequest.java:validateAndUpdateCache(263)) - created bucket: bucket-95169 of layout FILE_SYSTEM_OPTIMIZED in volume: volume-15285
2023-03-16 19:31:22,267 [IPC Server handler 1 on default port 37187] INFO  ha.SequenceIdGenerator (SequenceIdGenerator.java:getNextId(128)) - Allocate a batch for containerId, change lastId from 0 to 1000.
2023-03-16 19:31:22,276 [IPC Server handler 1 on default port 37187] WARN  ha.SequenceIdGenerator (SequenceIdGenerator.java:allocateBatch(237)) - Failed to allocate a batch for localId, expected lastId is 0, actual lastId is 111677748019200000.
2023-03-16 19:31:22,277 [IPC Server handler 1 on default port 37187] INFO  ha.SequenceIdGenerator (SequenceIdGenerator.java:getNextId(128)) - Allocate a batch for localId, change lastId from 111677748019200000 to 111677748019201000.
2023-03-16 19:31:22,357 [Listener at 127.0.0.1/32993] INFO  impl.MetricsSystemImpl (MetricsSystemImpl.java:init(158)) - XceiverClientMetrics metrics system started (again)
2023-03-16 19:31:22,745 [OM StateMachine ApplyTransaction Thread - 0] INFO  snapshot.OMSnapshotCreateRequest (OMSnapshotCreateRequest.java:validateAndUpdateCache(204)) - Created snapshot 'snapshot-25299' under path 'volume-15285/bucket-95169'
2023-03-16 19:31:22,772 [OMDoubleBufferFlushThread] INFO  db.RDBCheckpointManager (RDBCheckpointManager.java:createCheckpoint(96)) - Created checkpoint in rocksDB at /home/runner/work/ozone/ozone/hadoop-ozone/integration-test/target/test-dir/MiniOzoneClusterImpl-7c80c19b-b74a-4fd6-b02a-95a373f15db1/omNode-1/db.snapshots/om.db-83ec6fc4-6618-47e3-9c7b-05f9f66cd002 in 25 milliseconds
2023-03-16 19:31:22,786 [OMDoubleBufferFlushThread] INFO  db.RDBCheckpointManager (RDBCheckpointManager.java:waitForCheckpointDirectoryExist(125)) - Waited for 14 milliseconds for checkpoint directory /home/runner/work/ozone/ozone/hadoop-ozone/integration-test/target/test-dir/MiniOzoneClusterImpl-7c80c19b-b74a-4fd6-b02a-95a373f15db1/omNode-1/db.snapshots/om.db-83ec6fc4-6618-47e3-9c7b-05f9f66cd002 availability.
2023-03-16 19:31:22,786 [OMDoubleBufferFlushThread] WARN  om.OmSnapshotManager (OmSnapshotManager.java:deleteKeysInSnapshotScopeFromDTableInternal(348)) - Took 122703 ns to clean up deletedTable
2023-03-16 19:31:22,787 [OMDoubleBufferFlushThread] INFO  om.OmSnapshotManager (OmSnapshotManager.java:createOmSnapshotCheckpoint(269)) - Created checkpoint : /home/runner/work/ozone/ozone/hadoop-ozone/integration-test/target/test-dir/MiniOzoneClusterImpl-7c80c19b-b74a-4fd6-b02a-95a373f15db1/omNode-1/db.snapshots/om.db-83ec6fc4-6618-47e3-9c7b-05f9f66cd002 for snapshot snapshot-25299
2023-03-16 19:31:23,762 [Listener at 127.0.0.1/32993] WARN  server.ServerUtils (ServerUtils.java:getDBPath(225)) - ozone.om.db.dirs is not configured. We recommend adding this setting. Falling back to ozone.metadata.dirs instead.
2023-03-16 19:31:23,762 [Listener at 127.0.0.1/32993] INFO  codec.OmKeyInfoCodec (OmKeyInfoCodec.java:<init>(49)) - OmKeyInfoCodec ignorePipeline = true
2023-03-16 19:31:23,763 [Listener at 127.0.0.1/32993] INFO  codec.RepeatedOmKeyInfoCodec (RepeatedOmKeyInfoCodec.java:<init>(41)) - RepeatedOmKeyInfoCodec ignorePipeline = true
2023-03-16 19:31:23,799 [Listener at 127.0.0.1/32993] INFO  audit.AuditLogger (AuditLogger.java:refreshDebugCmdSet(126)) - Refresh DebugCmdSet for OMAudit to [].
]]></system-out>
  </testcase>
  <testcase name="testGeyKeyInfoWithAllowedUser(BucketLayout)[2]" classname="org.apache.hadoop.ozone.om.snapshot.TestOzoneManagerSnapshotAcl" time="1.163">
    <system-out><![CDATA[2023-03-16 19:31:23,987 [Listener at 127.0.0.1/32993] INFO  rpc.RpcClient (RpcClient.java:createVolume(476)) - Creating Volume: volume-57976, with admin as owner and space quota set to -1 bytes, counts quota set to -1
2023-03-16 19:31:23,992 [OM StateMachine ApplyTransaction Thread - 0] INFO  volume.OMVolumeCreateRequest (OMVolumeCreateRequest.java:validateAndUpdateCache(195)) - created volume:volume-57976 for user:admin
2023-03-16 19:31:23,995 [Listener at 127.0.0.1/32993] INFO  rpc.RpcClient (RpcClient.java:createBucket(698)) - Creating Bucket: volume-57976/bucket-43732, with bucket layout OBJECT_STORE, admin as owner, Versioning false, Storage Type set to DISK and Encryption set to false, Replication Type set to server-side default replication type, Namespace Quota set to -1, Space Quota set to -1 
2023-03-16 19:31:24,000 [OM StateMachine ApplyTransaction Thread - 0] INFO  bucket.OMBucketCreateRequest (OMBucketCreateRequest.java:validateAndUpdateCache(263)) - created bucket: bucket-43732 of layout OBJECT_STORE in volume: volume-57976
2023-03-16 19:31:24,094 [OM StateMachine ApplyTransaction Thread - 0] INFO  snapshot.OMSnapshotCreateRequest (OMSnapshotCreateRequest.java:validateAndUpdateCache(204)) - Created snapshot 'snapshot-65414' under path 'volume-57976/bucket-43732'
2023-03-16 19:31:24,114 [OMDoubleBufferFlushThread] INFO  db.RDBCheckpointManager (RDBCheckpointManager.java:createCheckpoint(96)) - Created checkpoint in rocksDB at /home/runner/work/ozone/ozone/hadoop-ozone/integration-test/target/test-dir/MiniOzoneClusterImpl-7c80c19b-b74a-4fd6-b02a-95a373f15db1/omNode-1/db.snapshots/om.db-f2cf6aca-ac51-483a-a662-aa0bcb9a0aec in 19 milliseconds
2023-03-16 19:31:24,114 [OMDoubleBufferFlushThread] INFO  db.RDBCheckpointManager (RDBCheckpointManager.java:waitForCheckpointDirectoryExist(125)) - Waited for 0 milliseconds for checkpoint directory /home/runner/work/ozone/ozone/hadoop-ozone/integration-test/target/test-dir/MiniOzoneClusterImpl-7c80c19b-b74a-4fd6-b02a-95a373f15db1/omNode-1/db.snapshots/om.db-f2cf6aca-ac51-483a-a662-aa0bcb9a0aec availability.
2023-03-16 19:31:24,114 [OMDoubleBufferFlushThread] INFO  om.OmSnapshotManager (OmSnapshotManager.java:createOmSnapshotCheckpoint(269)) - Created checkpoint : /home/runner/work/ozone/ozone/hadoop-ozone/integration-test/target/test-dir/MiniOzoneClusterImpl-7c80c19b-b74a-4fd6-b02a-95a373f15db1/omNode-1/db.snapshots/om.db-f2cf6aca-ac51-483a-a662-aa0bcb9a0aec for snapshot snapshot-65414
2023-03-16 19:31:25,105 [Listener at 127.0.0.1/32993] WARN  server.ServerUtils (ServerUtils.java:getDBPath(225)) - ozone.om.db.dirs is not configured. We recommend adding this setting. Falling back to ozone.metadata.dirs instead.
2023-03-16 19:31:25,106 [Listener at 127.0.0.1/32993] INFO  codec.OmKeyInfoCodec (OmKeyInfoCodec.java:<init>(49)) - OmKeyInfoCodec ignorePipeline = true
2023-03-16 19:31:25,106 [Listener at 127.0.0.1/32993] INFO  codec.RepeatedOmKeyInfoCodec (RepeatedOmKeyInfoCodec.java:<init>(41)) - RepeatedOmKeyInfoCodec ignorePipeline = true
]]></system-out>
  </testcase>
  <testcase name="testGeyKeyInfoWithAllowedUser(BucketLayout)[3]" classname="org.apache.hadoop.ozone.om.snapshot.TestOzoneManagerSnapshotAcl" time="1.14">
    <system-out><![CDATA[2023-03-16 19:31:25,150 [Listener at 127.0.0.1/32993] INFO  rpc.RpcClient (RpcClient.java:createVolume(476)) - Creating Volume: volume-54834, with admin as owner and space quota set to -1 bytes, counts quota set to -1
2023-03-16 19:31:25,153 [OM StateMachine ApplyTransaction Thread - 0] INFO  volume.OMVolumeCreateRequest (OMVolumeCreateRequest.java:validateAndUpdateCache(195)) - created volume:volume-54834 for user:admin
2023-03-16 19:31:25,155 [Listener at 127.0.0.1/32993] INFO  rpc.RpcClient (RpcClient.java:createBucket(698)) - Creating Bucket: volume-54834/bucket-00246, with bucket layout LEGACY, admin as owner, Versioning false, Storage Type set to DISK and Encryption set to false, Replication Type set to server-side default replication type, Namespace Quota set to -1, Space Quota set to -1 
2023-03-16 19:31:25,158 [OM StateMachine ApplyTransaction Thread - 0] INFO  bucket.OMBucketCreateRequest (OMBucketCreateRequest.java:validateAndUpdateCache(263)) - created bucket: bucket-00246 of layout LEGACY in volume: volume-54834
2023-03-16 19:31:25,228 [OM StateMachine ApplyTransaction Thread - 0] INFO  snapshot.OMSnapshotCreateRequest (OMSnapshotCreateRequest.java:validateAndUpdateCache(204)) - Created snapshot 'snapshot-46500' under path 'volume-54834/bucket-00246'
2023-03-16 19:31:25,248 [OMDoubleBufferFlushThread] INFO  db.RDBCheckpointManager (RDBCheckpointManager.java:createCheckpoint(96)) - Created checkpoint in rocksDB at /home/runner/work/ozone/ozone/hadoop-ozone/integration-test/target/test-dir/MiniOzoneClusterImpl-7c80c19b-b74a-4fd6-b02a-95a373f15db1/omNode-1/db.snapshots/om.db-41c13c03-c56b-4f82-a8a0-2af1dae5138e in 18 milliseconds
2023-03-16 19:31:25,248 [OMDoubleBufferFlushThread] INFO  db.RDBCheckpointManager (RDBCheckpointManager.java:waitForCheckpointDirectoryExist(125)) - Waited for 0 milliseconds for checkpoint directory /home/runner/work/ozone/ozone/hadoop-ozone/integration-test/target/test-dir/MiniOzoneClusterImpl-7c80c19b-b74a-4fd6-b02a-95a373f15db1/omNode-1/db.snapshots/om.db-41c13c03-c56b-4f82-a8a0-2af1dae5138e availability.
2023-03-16 19:31:25,249 [OMDoubleBufferFlushThread] INFO  om.OmSnapshotManager (OmSnapshotManager.java:createOmSnapshotCheckpoint(269)) - Created checkpoint : /home/runner/work/ozone/ozone/hadoop-ozone/integration-test/target/test-dir/MiniOzoneClusterImpl-7c80c19b-b74a-4fd6-b02a-95a373f15db1/omNode-1/db.snapshots/om.db-41c13c03-c56b-4f82-a8a0-2af1dae5138e for snapshot snapshot-46500
2023-03-16 19:31:26,241 [Listener at 127.0.0.1/32993] WARN  server.ServerUtils (ServerUtils.java:getDBPath(225)) - ozone.om.db.dirs is not configured. We recommend adding this setting. Falling back to ozone.metadata.dirs instead.
2023-03-16 19:31:26,242 [Listener at 127.0.0.1/32993] INFO  codec.OmKeyInfoCodec (OmKeyInfoCodec.java:<init>(49)) - OmKeyInfoCodec ignorePipeline = true
2023-03-16 19:31:26,242 [Listener at 127.0.0.1/32993] INFO  codec.RepeatedOmKeyInfoCodec (RepeatedOmKeyInfoCodec.java:<init>(41)) - RepeatedOmKeyInfoCodec ignorePipeline = true
]]></system-out>
  </testcase>
  <testcase name="testListStatusWithAllowedUser(BucketLayout, boolean, boolean)[1]" classname="org.apache.hadoop.ozone.om.snapshot.TestOzoneManagerSnapshotAcl" time="1.123">
    <system-out><![CDATA[2023-03-16 19:31:26,294 [Listener at 127.0.0.1/32993] INFO  rpc.RpcClient (RpcClient.java:createVolume(476)) - Creating Volume: volume-81254, with admin as owner and space quota set to -1 bytes, counts quota set to -1
2023-03-16 19:31:26,297 [OM StateMachine ApplyTransaction Thread - 0] INFO  volume.OMVolumeCreateRequest (OMVolumeCreateRequest.java:validateAndUpdateCache(195)) - created volume:volume-81254 for user:admin
2023-03-16 19:31:26,300 [Listener at 127.0.0.1/32993] INFO  rpc.RpcClient (RpcClient.java:createBucket(698)) - Creating Bucket: volume-81254/bucket-05732, with bucket layout OBJECT_STORE, admin as owner, Versioning false, Storage Type set to DISK and Encryption set to false, Replication Type set to server-side default replication type, Namespace Quota set to -1, Space Quota set to -1 
2023-03-16 19:31:26,302 [OM StateMachine ApplyTransaction Thread - 0] INFO  bucket.OMBucketCreateRequest (OMBucketCreateRequest.java:validateAndUpdateCache(263)) - created bucket: bucket-05732 of layout OBJECT_STORE in volume: volume-81254
2023-03-16 19:31:26,373 [OM StateMachine ApplyTransaction Thread - 0] INFO  snapshot.OMSnapshotCreateRequest (OMSnapshotCreateRequest.java:validateAndUpdateCache(204)) - Created snapshot 'snapshot-18757' under path 'volume-81254/bucket-05732'
2023-03-16 19:31:26,395 [OMDoubleBufferFlushThread] INFO  db.RDBCheckpointManager (RDBCheckpointManager.java:createCheckpoint(96)) - Created checkpoint in rocksDB at /home/runner/work/ozone/ozone/hadoop-ozone/integration-test/target/test-dir/MiniOzoneClusterImpl-7c80c19b-b74a-4fd6-b02a-95a373f15db1/omNode-1/db.snapshots/om.db-c37d1ab4-b1e6-4d11-940b-2c1c0d24e120 in 21 milliseconds
2023-03-16 19:31:26,396 [OMDoubleBufferFlushThread] INFO  db.RDBCheckpointManager (RDBCheckpointManager.java:waitForCheckpointDirectoryExist(125)) - Waited for 0 milliseconds for checkpoint directory /home/runner/work/ozone/ozone/hadoop-ozone/integration-test/target/test-dir/MiniOzoneClusterImpl-7c80c19b-b74a-4fd6-b02a-95a373f15db1/omNode-1/db.snapshots/om.db-c37d1ab4-b1e6-4d11-940b-2c1c0d24e120 availability.
2023-03-16 19:31:26,396 [OMDoubleBufferFlushThread] INFO  om.OmSnapshotManager (OmSnapshotManager.java:createOmSnapshotCheckpoint(269)) - Created checkpoint : /home/runner/work/ozone/ozone/hadoop-ozone/integration-test/target/test-dir/MiniOzoneClusterImpl-7c80c19b-b74a-4fd6-b02a-95a373f15db1/omNode-1/db.snapshots/om.db-c37d1ab4-b1e6-4d11-940b-2c1c0d24e120 for snapshot snapshot-18757
2023-03-16 19:31:27,384 [Listener at 127.0.0.1/32993] WARN  server.ServerUtils (ServerUtils.java:getDBPath(225)) - ozone.om.db.dirs is not configured. We recommend adding this setting. Falling back to ozone.metadata.dirs instead.
2023-03-16 19:31:27,385 [Listener at 127.0.0.1/32993] INFO  codec.OmKeyInfoCodec (OmKeyInfoCodec.java:<init>(49)) - OmKeyInfoCodec ignorePipeline = true
2023-03-16 19:31:27,385 [Listener at 127.0.0.1/32993] INFO  codec.RepeatedOmKeyInfoCodec (RepeatedOmKeyInfoCodec.java:<init>(41)) - RepeatedOmKeyInfoCodec ignorePipeline = true
]]></system-out>
  </testcase>
  <testcase name="testListStatusWithAllowedUser(BucketLayout, boolean, boolean)[2]" classname="org.apache.hadoop.ozone.om.snapshot.TestOzoneManagerSnapshotAcl" time="1.167">
    <system-out><![CDATA[2023-03-16 19:31:27,420 [Listener at 127.0.0.1/32993] INFO  rpc.RpcClient (RpcClient.java:createVolume(476)) - Creating Volume: volume-13039, with admin as owner and space quota set to -1 bytes, counts quota set to -1
2023-03-16 19:31:27,424 [OM StateMachine ApplyTransaction Thread - 0] INFO  volume.OMVolumeCreateRequest (OMVolumeCreateRequest.java:validateAndUpdateCache(195)) - created volume:volume-13039 for user:admin
2023-03-16 19:31:27,429 [Listener at 127.0.0.1/32993] INFO  rpc.RpcClient (RpcClient.java:createBucket(698)) - Creating Bucket: volume-13039/bucket-03403, with bucket layout FILE_SYSTEM_OPTIMIZED, admin as owner, Versioning false, Storage Type set to DISK and Encryption set to false, Replication Type set to server-side default replication type, Namespace Quota set to -1, Space Quota set to -1 
2023-03-16 19:31:27,432 [OM StateMachine ApplyTransaction Thread - 0] INFO  bucket.OMBucketCreateRequest (OMBucketCreateRequest.java:validateAndUpdateCache(263)) - created bucket: bucket-03403 of layout FILE_SYSTEM_OPTIMIZED in volume: volume-13039
2023-03-16 19:31:27,521 [OM StateMachine ApplyTransaction Thread - 0] INFO  snapshot.OMSnapshotCreateRequest (OMSnapshotCreateRequest.java:validateAndUpdateCache(204)) - Created snapshot 'snapshot-81863' under path 'volume-13039/bucket-03403'
2023-03-16 19:31:27,549 [OMDoubleBufferFlushThread] INFO  db.RDBCheckpointManager (RDBCheckpointManager.java:createCheckpoint(96)) - Created checkpoint in rocksDB at /home/runner/work/ozone/ozone/hadoop-ozone/integration-test/target/test-dir/MiniOzoneClusterImpl-7c80c19b-b74a-4fd6-b02a-95a373f15db1/omNode-1/db.snapshots/om.db-d38f9086-7237-4341-bb31-9e7df9808535 in 27 milliseconds
2023-03-16 19:31:27,550 [OMDoubleBufferFlushThread] INFO  db.RDBCheckpointManager (RDBCheckpointManager.java:waitForCheckpointDirectoryExist(125)) - Waited for 0 milliseconds for checkpoint directory /home/runner/work/ozone/ozone/hadoop-ozone/integration-test/target/test-dir/MiniOzoneClusterImpl-7c80c19b-b74a-4fd6-b02a-95a373f15db1/omNode-1/db.snapshots/om.db-d38f9086-7237-4341-bb31-9e7df9808535 availability.
2023-03-16 19:31:27,550 [OMDoubleBufferFlushThread] INFO  om.OmSnapshotManager (OmSnapshotManager.java:createOmSnapshotCheckpoint(269)) - Created checkpoint : /home/runner/work/ozone/ozone/hadoop-ozone/integration-test/target/test-dir/MiniOzoneClusterImpl-7c80c19b-b74a-4fd6-b02a-95a373f15db1/omNode-1/db.snapshots/om.db-d38f9086-7237-4341-bb31-9e7df9808535 for snapshot snapshot-81863
2023-03-16 19:31:28,531 [Listener at 127.0.0.1/32993] WARN  server.ServerUtils (ServerUtils.java:getDBPath(225)) - ozone.om.db.dirs is not configured. We recommend adding this setting. Falling back to ozone.metadata.dirs instead.
2023-03-16 19:31:28,532 [Listener at 127.0.0.1/32993] INFO  codec.OmKeyInfoCodec (OmKeyInfoCodec.java:<init>(49)) - OmKeyInfoCodec ignorePipeline = true
2023-03-16 19:31:28,532 [Listener at 127.0.0.1/32993] INFO  codec.RepeatedOmKeyInfoCodec (RepeatedOmKeyInfoCodec.java:<init>(41)) - RepeatedOmKeyInfoCodec ignorePipeline = true
]]></system-out>
  </testcase>
  <testcase name="testListStatusWithAllowedUser(BucketLayout, boolean, boolean)[3]" classname="org.apache.hadoop.ozone.om.snapshot.TestOzoneManagerSnapshotAcl" time="1.125">
    <system-out><![CDATA[2023-03-16 19:31:28,589 [Listener at 127.0.0.1/32993] INFO  rpc.RpcClient (RpcClient.java:createVolume(476)) - Creating Volume: volume-52408, with admin as owner and space quota set to -1 bytes, counts quota set to -1
2023-03-16 19:31:28,594 [OM StateMachine ApplyTransaction Thread - 0] INFO  volume.OMVolumeCreateRequest (OMVolumeCreateRequest.java:validateAndUpdateCache(195)) - created volume:volume-52408 for user:admin
2023-03-16 19:31:28,597 [Listener at 127.0.0.1/32993] INFO  rpc.RpcClient (RpcClient.java:createBucket(698)) - Creating Bucket: volume-52408/bucket-25239, with bucket layout LEGACY, admin as owner, Versioning false, Storage Type set to DISK and Encryption set to false, Replication Type set to server-side default replication type, Namespace Quota set to -1, Space Quota set to -1 
2023-03-16 19:31:28,600 [OM StateMachine ApplyTransaction Thread - 0] INFO  bucket.OMBucketCreateRequest (OMBucketCreateRequest.java:validateAndUpdateCache(263)) - created bucket: bucket-25239 of layout LEGACY in volume: volume-52408
2023-03-16 19:31:28,662 [OM StateMachine ApplyTransaction Thread - 0] INFO  snapshot.OMSnapshotCreateRequest (OMSnapshotCreateRequest.java:validateAndUpdateCache(204)) - Created snapshot 'snapshot-68828' under path 'volume-52408/bucket-25239'
2023-03-16 19:31:28,689 [OMDoubleBufferFlushThread] INFO  db.RDBCheckpointManager (RDBCheckpointManager.java:createCheckpoint(96)) - Created checkpoint in rocksDB at /home/runner/work/ozone/ozone/hadoop-ozone/integration-test/target/test-dir/MiniOzoneClusterImpl-7c80c19b-b74a-4fd6-b02a-95a373f15db1/omNode-1/db.snapshots/om.db-afe44bd2-125d-4271-a295-6692a0947abb in 25 milliseconds
2023-03-16 19:31:28,689 [OMDoubleBufferFlushThread] INFO  db.RDBCheckpointManager (RDBCheckpointManager.java:waitForCheckpointDirectoryExist(125)) - Waited for 0 milliseconds for checkpoint directory /home/runner/work/ozone/ozone/hadoop-ozone/integration-test/target/test-dir/MiniOzoneClusterImpl-7c80c19b-b74a-4fd6-b02a-95a373f15db1/omNode-1/db.snapshots/om.db-afe44bd2-125d-4271-a295-6692a0947abb availability.
2023-03-16 19:31:28,689 [OMDoubleBufferFlushThread] INFO  om.OmSnapshotManager (OmSnapshotManager.java:createOmSnapshotCheckpoint(269)) - Created checkpoint : /home/runner/work/ozone/ozone/hadoop-ozone/integration-test/target/test-dir/MiniOzoneClusterImpl-7c80c19b-b74a-4fd6-b02a-95a373f15db1/omNode-1/db.snapshots/om.db-afe44bd2-125d-4271-a295-6692a0947abb for snapshot snapshot-68828
2023-03-16 19:31:29,672 [Listener at 127.0.0.1/32993] WARN  server.ServerUtils (ServerUtils.java:getDBPath(225)) - ozone.om.db.dirs is not configured. We recommend adding this setting. Falling back to ozone.metadata.dirs instead.
2023-03-16 19:31:29,673 [Listener at 127.0.0.1/32993] INFO  codec.OmKeyInfoCodec (OmKeyInfoCodec.java:<init>(49)) - OmKeyInfoCodec ignorePipeline = true
2023-03-16 19:31:29,673 [Listener at 127.0.0.1/32993] INFO  codec.RepeatedOmKeyInfoCodec (RepeatedOmKeyInfoCodec.java:<init>(41)) - RepeatedOmKeyInfoCodec ignorePipeline = true
]]></system-out>
  </testcase>
  <testcase name="testListStatusWithAllowedUser(BucketLayout, boolean, boolean)[4]" classname="org.apache.hadoop.ozone.om.snapshot.TestOzoneManagerSnapshotAcl" time="1.16">
    <system-out><![CDATA[2023-03-16 19:31:29,714 [Listener at 127.0.0.1/32993] INFO  rpc.RpcClient (RpcClient.java:createVolume(476)) - Creating Volume: volume-55406, with admin as owner and space quota set to -1 bytes, counts quota set to -1
2023-03-16 19:31:29,717 [OM StateMachine ApplyTransaction Thread - 0] INFO  volume.OMVolumeCreateRequest (OMVolumeCreateRequest.java:validateAndUpdateCache(195)) - created volume:volume-55406 for user:admin
2023-03-16 19:31:29,720 [Listener at 127.0.0.1/32993] INFO  rpc.RpcClient (RpcClient.java:createBucket(698)) - Creating Bucket: volume-55406/bucket-40244, with bucket layout OBJECT_STORE, admin as owner, Versioning false, Storage Type set to DISK and Encryption set to false, Replication Type set to server-side default replication type, Namespace Quota set to -1, Space Quota set to -1 
2023-03-16 19:31:29,723 [OM StateMachine ApplyTransaction Thread - 0] INFO  bucket.OMBucketCreateRequest (OMBucketCreateRequest.java:validateAndUpdateCache(263)) - created bucket: bucket-40244 of layout OBJECT_STORE in volume: volume-55406
2023-03-16 19:31:29,825 [OM StateMachine ApplyTransaction Thread - 0] INFO  snapshot.OMSnapshotCreateRequest (OMSnapshotCreateRequest.java:validateAndUpdateCache(204)) - Created snapshot 'snapshot-86946' under path 'volume-55406/bucket-40244'
2023-03-16 19:31:29,845 [OMDoubleBufferFlushThread] INFO  db.RDBCheckpointManager (RDBCheckpointManager.java:createCheckpoint(96)) - Created checkpoint in rocksDB at /home/runner/work/ozone/ozone/hadoop-ozone/integration-test/target/test-dir/MiniOzoneClusterImpl-7c80c19b-b74a-4fd6-b02a-95a373f15db1/omNode-1/db.snapshots/om.db-d26f0df9-24b5-44c7-84fb-bf0d9da0ded3 in 19 milliseconds
2023-03-16 19:31:29,846 [OMDoubleBufferFlushThread] INFO  db.RDBCheckpointManager (RDBCheckpointManager.java:waitForCheckpointDirectoryExist(125)) - Waited for 1 milliseconds for checkpoint directory /home/runner/work/ozone/ozone/hadoop-ozone/integration-test/target/test-dir/MiniOzoneClusterImpl-7c80c19b-b74a-4fd6-b02a-95a373f15db1/omNode-1/db.snapshots/om.db-d26f0df9-24b5-44c7-84fb-bf0d9da0ded3 availability.
2023-03-16 19:31:29,846 [OMDoubleBufferFlushThread] INFO  om.OmSnapshotManager (OmSnapshotManager.java:createOmSnapshotCheckpoint(269)) - Created checkpoint : /home/runner/work/ozone/ozone/hadoop-ozone/integration-test/target/test-dir/MiniOzoneClusterImpl-7c80c19b-b74a-4fd6-b02a-95a373f15db1/omNode-1/db.snapshots/om.db-d26f0df9-24b5-44c7-84fb-bf0d9da0ded3 for snapshot snapshot-86946
2023-03-16 19:31:30,835 [Listener at 127.0.0.1/32993] WARN  server.ServerUtils (ServerUtils.java:getDBPath(225)) - ozone.om.db.dirs is not configured. We recommend adding this setting. Falling back to ozone.metadata.dirs instead.
2023-03-16 19:31:30,836 [Listener at 127.0.0.1/32993] INFO  codec.OmKeyInfoCodec (OmKeyInfoCodec.java:<init>(49)) - OmKeyInfoCodec ignorePipeline = true
2023-03-16 19:31:30,836 [Listener at 127.0.0.1/32993] INFO  codec.RepeatedOmKeyInfoCodec (RepeatedOmKeyInfoCodec.java:<init>(41)) - RepeatedOmKeyInfoCodec ignorePipeline = true
]]></system-out>
  </testcase>
  <testcase name="testListStatusWithAllowedUser(BucketLayout, boolean, boolean)[5]" classname="org.apache.hadoop.ozone.om.snapshot.TestOzoneManagerSnapshotAcl" time="1.167">
    <system-out><![CDATA[2023-03-16 19:31:30,876 [Listener at 127.0.0.1/32993] INFO  rpc.RpcClient (RpcClient.java:createVolume(476)) - Creating Volume: volume-18736, with admin as owner and space quota set to -1 bytes, counts quota set to -1
2023-03-16 19:31:30,880 [OM StateMachine ApplyTransaction Thread - 0] INFO  volume.OMVolumeCreateRequest (OMVolumeCreateRequest.java:validateAndUpdateCache(195)) - created volume:volume-18736 for user:admin
2023-03-16 19:31:30,883 [Listener at 127.0.0.1/32993] INFO  rpc.RpcClient (RpcClient.java:createBucket(698)) - Creating Bucket: volume-18736/bucket-94811, with bucket layout LEGACY, admin as owner, Versioning false, Storage Type set to DISK and Encryption set to false, Replication Type set to server-side default replication type, Namespace Quota set to -1, Space Quota set to -1 
2023-03-16 19:31:30,885 [OM StateMachine ApplyTransaction Thread - 0] INFO  bucket.OMBucketCreateRequest (OMBucketCreateRequest.java:validateAndUpdateCache(263)) - created bucket: bucket-94811 of layout LEGACY in volume: volume-18736
2023-03-16 19:31:30,983 [OM StateMachine ApplyTransaction Thread - 0] INFO  snapshot.OMSnapshotCreateRequest (OMSnapshotCreateRequest.java:validateAndUpdateCache(204)) - Created snapshot 'snapshot-97126' under path 'volume-18736/bucket-94811'
2023-03-16 19:31:31,011 [OMDoubleBufferFlushThread] INFO  db.RDBCheckpointManager (RDBCheckpointManager.java:createCheckpoint(96)) - Created checkpoint in rocksDB at /home/runner/work/ozone/ozone/hadoop-ozone/integration-test/target/test-dir/MiniOzoneClusterImpl-7c80c19b-b74a-4fd6-b02a-95a373f15db1/omNode-1/db.snapshots/om.db-36728258-99cf-4ddc-a669-f6c346f65346 in 27 milliseconds
2023-03-16 19:31:31,012 [OMDoubleBufferFlushThread] INFO  db.RDBCheckpointManager (RDBCheckpointManager.java:waitForCheckpointDirectoryExist(125)) - Waited for 1 milliseconds for checkpoint directory /home/runner/work/ozone/ozone/hadoop-ozone/integration-test/target/test-dir/MiniOzoneClusterImpl-7c80c19b-b74a-4fd6-b02a-95a373f15db1/omNode-1/db.snapshots/om.db-36728258-99cf-4ddc-a669-f6c346f65346 availability.
2023-03-16 19:31:31,012 [OMDoubleBufferFlushThread] INFO  om.OmSnapshotManager (OmSnapshotManager.java:createOmSnapshotCheckpoint(269)) - Created checkpoint : /home/runner/work/ozone/ozone/hadoop-ozone/integration-test/target/test-dir/MiniOzoneClusterImpl-7c80c19b-b74a-4fd6-b02a-95a373f15db1/omNode-1/db.snapshots/om.db-36728258-99cf-4ddc-a669-f6c346f65346 for snapshot snapshot-97126
2023-03-16 19:31:31,992 [Listener at 127.0.0.1/32993] WARN  server.ServerUtils (ServerUtils.java:getDBPath(225)) - ozone.om.db.dirs is not configured. We recommend adding this setting. Falling back to ozone.metadata.dirs instead.
2023-03-16 19:31:31,993 [Listener at 127.0.0.1/32993] INFO  codec.OmKeyInfoCodec (OmKeyInfoCodec.java:<init>(49)) - OmKeyInfoCodec ignorePipeline = true
2023-03-16 19:31:31,993 [Listener at 127.0.0.1/32993] INFO  codec.RepeatedOmKeyInfoCodec (RepeatedOmKeyInfoCodec.java:<init>(41)) - RepeatedOmKeyInfoCodec ignorePipeline = true
]]></system-out>
  </testcase>
  <testcase name="testListStatusWithAllowedUser(BucketLayout, boolean, boolean)[6]" classname="org.apache.hadoop.ozone.om.snapshot.TestOzoneManagerSnapshotAcl" time="1.154">
    <system-out><![CDATA[2023-03-16 19:31:32,046 [Listener at 127.0.0.1/32993] INFO  rpc.RpcClient (RpcClient.java:createVolume(476)) - Creating Volume: volume-28168, with admin as owner and space quota set to -1 bytes, counts quota set to -1
2023-03-16 19:31:32,048 [OM StateMachine ApplyTransaction Thread - 0] INFO  volume.OMVolumeCreateRequest (OMVolumeCreateRequest.java:validateAndUpdateCache(195)) - created volume:volume-28168 for user:admin
2023-03-16 19:31:32,050 [Listener at 127.0.0.1/32993] INFO  rpc.RpcClient (RpcClient.java:createBucket(698)) - Creating Bucket: volume-28168/bucket-92958, with bucket layout OBJECT_STORE, admin as owner, Versioning false, Storage Type set to DISK and Encryption set to false, Replication Type set to server-side default replication type, Namespace Quota set to -1, Space Quota set to -1 
2023-03-16 19:31:32,053 [OM StateMachine ApplyTransaction Thread - 0] INFO  bucket.OMBucketCreateRequest (OMBucketCreateRequest.java:validateAndUpdateCache(263)) - created bucket: bucket-92958 of layout OBJECT_STORE in volume: volume-28168
2023-03-16 19:31:32,108 [OM StateMachine ApplyTransaction Thread - 0] INFO  snapshot.OMSnapshotCreateRequest (OMSnapshotCreateRequest.java:validateAndUpdateCache(204)) - Created snapshot 'snapshot-67355' under path 'volume-28168/bucket-92958'
2023-03-16 19:31:32,135 [OMDoubleBufferFlushThread] INFO  db.RDBCheckpointManager (RDBCheckpointManager.java:createCheckpoint(96)) - Created checkpoint in rocksDB at /home/runner/work/ozone/ozone/hadoop-ozone/integration-test/target/test-dir/MiniOzoneClusterImpl-7c80c19b-b74a-4fd6-b02a-95a373f15db1/omNode-1/db.snapshots/om.db-1091643a-74b9-41ea-9c77-ad5776a5b340 in 26 milliseconds
2023-03-16 19:31:32,138 [OMDoubleBufferFlushThread] INFO  db.RDBCheckpointManager (RDBCheckpointManager.java:waitForCheckpointDirectoryExist(125)) - Waited for 3 milliseconds for checkpoint directory /home/runner/work/ozone/ozone/hadoop-ozone/integration-test/target/test-dir/MiniOzoneClusterImpl-7c80c19b-b74a-4fd6-b02a-95a373f15db1/omNode-1/db.snapshots/om.db-1091643a-74b9-41ea-9c77-ad5776a5b340 availability.
2023-03-16 19:31:32,138 [OMDoubleBufferFlushThread] INFO  om.OmSnapshotManager (OmSnapshotManager.java:createOmSnapshotCheckpoint(269)) - Created checkpoint : /home/runner/work/ozone/ozone/hadoop-ozone/integration-test/target/test-dir/MiniOzoneClusterImpl-7c80c19b-b74a-4fd6-b02a-95a373f15db1/omNode-1/db.snapshots/om.db-1091643a-74b9-41ea-9c77-ad5776a5b340 for snapshot snapshot-67355
2023-03-16 19:31:33,118 [Listener at 127.0.0.1/32993] WARN  server.ServerUtils (ServerUtils.java:getDBPath(225)) - ozone.om.db.dirs is not configured. We recommend adding this setting. Falling back to ozone.metadata.dirs instead.
2023-03-16 19:31:33,119 [Listener at 127.0.0.1/32993] INFO  codec.OmKeyInfoCodec (OmKeyInfoCodec.java:<init>(49)) - OmKeyInfoCodec ignorePipeline = true
2023-03-16 19:31:33,119 [Listener at 127.0.0.1/32993] INFO  codec.RepeatedOmKeyInfoCodec (RepeatedOmKeyInfoCodec.java:<init>(41)) - RepeatedOmKeyInfoCodec ignorePipeline = true
]]></system-out>
  </testcase>
  <testcase name="testListStatusWithAllowedUser(BucketLayout, boolean, boolean)[7]" classname="org.apache.hadoop.ozone.om.snapshot.TestOzoneManagerSnapshotAcl" time="1.125">
    <system-out><![CDATA[2023-03-16 19:31:33,200 [Listener at 127.0.0.1/32993] INFO  rpc.RpcClient (RpcClient.java:createVolume(476)) - Creating Volume: volume-28952, with admin as owner and space quota set to -1 bytes, counts quota set to -1
2023-03-16 19:31:33,202 [OM StateMachine ApplyTransaction Thread - 0] INFO  volume.OMVolumeCreateRequest (OMVolumeCreateRequest.java:validateAndUpdateCache(195)) - created volume:volume-28952 for user:admin
2023-03-16 19:31:33,204 [Listener at 127.0.0.1/32993] INFO  rpc.RpcClient (RpcClient.java:createBucket(698)) - Creating Bucket: volume-28952/bucket-78143, with bucket layout FILE_SYSTEM_OPTIMIZED, admin as owner, Versioning false, Storage Type set to DISK and Encryption set to false, Replication Type set to server-side default replication type, Namespace Quota set to -1, Space Quota set to -1 
2023-03-16 19:31:33,206 [OM StateMachine ApplyTransaction Thread - 0] INFO  bucket.OMBucketCreateRequest (OMBucketCreateRequest.java:validateAndUpdateCache(263)) - created bucket: bucket-78143 of layout FILE_SYSTEM_OPTIMIZED in volume: volume-28952
2023-03-16 19:31:33,260 [OM StateMachine ApplyTransaction Thread - 0] INFO  snapshot.OMSnapshotCreateRequest (OMSnapshotCreateRequest.java:validateAndUpdateCache(204)) - Created snapshot 'snapshot-91296' under path 'volume-28952/bucket-78143'
2023-03-16 19:31:33,304 [OMDoubleBufferFlushThread] INFO  db.RDBCheckpointManager (RDBCheckpointManager.java:createCheckpoint(96)) - Created checkpoint in rocksDB at /home/runner/work/ozone/ozone/hadoop-ozone/integration-test/target/test-dir/MiniOzoneClusterImpl-7c80c19b-b74a-4fd6-b02a-95a373f15db1/omNode-1/db.snapshots/om.db-ab5485e4-0658-4c02-ba72-5aa83ac3dc8e in 42 milliseconds
2023-03-16 19:31:33,304 [OMDoubleBufferFlushThread] INFO  db.RDBCheckpointManager (RDBCheckpointManager.java:waitForCheckpointDirectoryExist(125)) - Waited for 0 milliseconds for checkpoint directory /home/runner/work/ozone/ozone/hadoop-ozone/integration-test/target/test-dir/MiniOzoneClusterImpl-7c80c19b-b74a-4fd6-b02a-95a373f15db1/omNode-1/db.snapshots/om.db-ab5485e4-0658-4c02-ba72-5aa83ac3dc8e availability.
2023-03-16 19:31:33,305 [OMDoubleBufferFlushThread] INFO  om.OmSnapshotManager (OmSnapshotManager.java:createOmSnapshotCheckpoint(269)) - Created checkpoint : /home/runner/work/ozone/ozone/hadoop-ozone/integration-test/target/test-dir/MiniOzoneClusterImpl-7c80c19b-b74a-4fd6-b02a-95a373f15db1/omNode-1/db.snapshots/om.db-ab5485e4-0658-4c02-ba72-5aa83ac3dc8e for snapshot snapshot-91296
2023-03-16 19:31:33,746 [Finalizer] WARN  managed.ManagedRocksObjectUtils (ManagedRocksObjectUtils.java:assertClosed(54)) - RocksIterator is not closed properly
2023-03-16 19:31:33,747 [Finalizer] WARN  managed.ManagedRocksObjectUtils (ManagedRocksObjectUtils.java:assertClosed(54)) - RocksIterator is not closed properly
2023-03-16 19:31:33,748 [Finalizer] WARN  managed.ManagedRocksObjectUtils (ManagedRocksObjectUtils.java:assertClosed(54)) - RocksIterator is not closed properly
2023-03-16 19:31:33,748 [Finalizer] WARN  managed.ManagedRocksObjectUtils (ManagedRocksObjectUtils.java:assertClosed(54)) - RocksIterator is not closed properly
2023-03-16 19:31:33,748 [Finalizer] WARN  managed.ManagedRocksObjectUtils (ManagedRocksObjectUtils.java:assertClosed(54)) - RocksIterator is not closed properly
2023-03-16 19:31:33,748 [Finalizer] WARN  managed.ManagedRocksObjectUtils (ManagedRocksObjectUtils.java:assertClosed(54)) - RocksIterator is not closed properly
2023-03-16 19:31:33,748 [Finalizer] WARN  managed.ManagedRocksObjectUtils (ManagedRocksObjectUtils.java:assertClosed(54)) - RocksIterator is not closed properly
2023-03-16 19:31:33,748 [Finalizer] WARN  managed.ManagedRocksObjectUtils (ManagedRocksObjectUtils.java:assertClosed(54)) - RocksIterator is not closed properly
2023-03-16 19:31:33,748 [Finalizer] WARN  managed.ManagedRocksObjectUtils (ManagedRocksObjectUtils.java:assertClosed(54)) - RocksIterator is not closed properly
2023-03-16 19:31:33,748 [Finalizer] WARN  managed.ManagedRocksObjectUtils (ManagedRocksObjectUtils.java:assertClosed(54)) - RocksIterator is not closed properly
2023-03-16 19:31:34,270 [Listener at 127.0.0.1/32993] WARN  server.ServerUtils (ServerUtils.java:getDBPath(225)) - ozone.om.db.dirs is not configured. We recommend adding this setting. Falling back to ozone.metadata.dirs instead.
2023-03-16 19:31:34,271 [Listener at 127.0.0.1/32993] INFO  codec.OmKeyInfoCodec (OmKeyInfoCodec.java:<init>(49)) - OmKeyInfoCodec ignorePipeline = true
2023-03-16 19:31:34,272 [Listener at 127.0.0.1/32993] INFO  codec.RepeatedOmKeyInfoCodec (RepeatedOmKeyInfoCodec.java:<init>(41)) - RepeatedOmKeyInfoCodec ignorePipeline = true
]]></system-out>
  </testcase>
  <testcase name="testListStatusWithAllowedUser(BucketLayout, boolean, boolean)[8]" classname="org.apache.hadoop.ozone.om.snapshot.TestOzoneManagerSnapshotAcl" time="1.132">
    <system-out><![CDATA[2023-03-16 19:31:34,326 [Listener at 127.0.0.1/32993] INFO  rpc.RpcClient (RpcClient.java:createVolume(476)) - Creating Volume: volume-59857, with admin as owner and space quota set to -1 bytes, counts quota set to -1
2023-03-16 19:31:34,329 [OM StateMachine ApplyTransaction Thread - 0] INFO  volume.OMVolumeCreateRequest (OMVolumeCreateRequest.java:validateAndUpdateCache(195)) - created volume:volume-59857 for user:admin
2023-03-16 19:31:34,332 [Listener at 127.0.0.1/32993] INFO  rpc.RpcClient (RpcClient.java:createBucket(698)) - Creating Bucket: volume-59857/bucket-34936, with bucket layout LEGACY, admin as owner, Versioning false, Storage Type set to DISK and Encryption set to false, Replication Type set to server-side default replication type, Namespace Quota set to -1, Space Quota set to -1 
2023-03-16 19:31:34,334 [OM StateMachine ApplyTransaction Thread - 0] INFO  bucket.OMBucketCreateRequest (OMBucketCreateRequest.java:validateAndUpdateCache(263)) - created bucket: bucket-34936 of layout LEGACY in volume: volume-59857
2023-03-16 19:31:34,403 [OM StateMachine ApplyTransaction Thread - 0] INFO  snapshot.OMSnapshotCreateRequest (OMSnapshotCreateRequest.java:validateAndUpdateCache(204)) - Created snapshot 'snapshot-33639' under path 'volume-59857/bucket-34936'
2023-03-16 19:31:34,427 [OMDoubleBufferFlushThread] INFO  db.RDBCheckpointManager (RDBCheckpointManager.java:createCheckpoint(96)) - Created checkpoint in rocksDB at /home/runner/work/ozone/ozone/hadoop-ozone/integration-test/target/test-dir/MiniOzoneClusterImpl-7c80c19b-b74a-4fd6-b02a-95a373f15db1/omNode-1/db.snapshots/om.db-d6283429-ca02-4d35-b953-ba118c52908f in 22 milliseconds
2023-03-16 19:31:34,427 [OMDoubleBufferFlushThread] INFO  db.RDBCheckpointManager (RDBCheckpointManager.java:waitForCheckpointDirectoryExist(125)) - Waited for 0 milliseconds for checkpoint directory /home/runner/work/ozone/ozone/hadoop-ozone/integration-test/target/test-dir/MiniOzoneClusterImpl-7c80c19b-b74a-4fd6-b02a-95a373f15db1/omNode-1/db.snapshots/om.db-d6283429-ca02-4d35-b953-ba118c52908f availability.
2023-03-16 19:31:34,427 [OMDoubleBufferFlushThread] INFO  om.OmSnapshotManager (OmSnapshotManager.java:createOmSnapshotCheckpoint(269)) - Created checkpoint : /home/runner/work/ozone/ozone/hadoop-ozone/integration-test/target/test-dir/MiniOzoneClusterImpl-7c80c19b-b74a-4fd6-b02a-95a373f15db1/omNode-1/db.snapshots/om.db-d6283429-ca02-4d35-b953-ba118c52908f for snapshot snapshot-33639
2023-03-16 19:31:35,412 [Listener at 127.0.0.1/32993] WARN  server.ServerUtils (ServerUtils.java:getDBPath(225)) - ozone.om.db.dirs is not configured. We recommend adding this setting. Falling back to ozone.metadata.dirs instead.
2023-03-16 19:31:35,413 [Listener at 127.0.0.1/32993] INFO  codec.OmKeyInfoCodec (OmKeyInfoCodec.java:<init>(49)) - OmKeyInfoCodec ignorePipeline = true
2023-03-16 19:31:35,413 [Listener at 127.0.0.1/32993] INFO  codec.RepeatedOmKeyInfoCodec (RepeatedOmKeyInfoCodec.java:<init>(41)) - RepeatedOmKeyInfoCodec ignorePipeline = true
]]></system-out>
  </testcase>
  <testcase name="testListStatusWithAllowedUser(BucketLayout, boolean, boolean)[9]" classname="org.apache.hadoop.ozone.om.snapshot.TestOzoneManagerSnapshotAcl" time="1.113">
    <system-out><![CDATA[2023-03-16 19:31:35,460 [Listener at 127.0.0.1/32993] INFO  rpc.RpcClient (RpcClient.java:createVolume(476)) - Creating Volume: volume-82460, with admin as owner and space quota set to -1 bytes, counts quota set to -1
2023-03-16 19:31:35,462 [OM StateMachine ApplyTransaction Thread - 0] INFO  volume.OMVolumeCreateRequest (OMVolumeCreateRequest.java:validateAndUpdateCache(195)) - created volume:volume-82460 for user:admin
2023-03-16 19:31:35,464 [Listener at 127.0.0.1/32993] INFO  rpc.RpcClient (RpcClient.java:createBucket(698)) - Creating Bucket: volume-82460/bucket-94152, with bucket layout OBJECT_STORE, admin as owner, Versioning false, Storage Type set to DISK and Encryption set to false, Replication Type set to server-side default replication type, Namespace Quota set to -1, Space Quota set to -1 
2023-03-16 19:31:35,467 [OM StateMachine ApplyTransaction Thread - 0] INFO  bucket.OMBucketCreateRequest (OMBucketCreateRequest.java:validateAndUpdateCache(263)) - created bucket: bucket-94152 of layout OBJECT_STORE in volume: volume-82460
2023-03-16 19:31:35,516 [OM StateMachine ApplyTransaction Thread - 0] INFO  snapshot.OMSnapshotCreateRequest (OMSnapshotCreateRequest.java:validateAndUpdateCache(204)) - Created snapshot 'snapshot-71559' under path 'volume-82460/bucket-94152'
2023-03-16 19:31:35,549 [OMDoubleBufferFlushThread] INFO  db.RDBCheckpointManager (RDBCheckpointManager.java:createCheckpoint(96)) - Created checkpoint in rocksDB at /home/runner/work/ozone/ozone/hadoop-ozone/integration-test/target/test-dir/MiniOzoneClusterImpl-7c80c19b-b74a-4fd6-b02a-95a373f15db1/omNode-1/db.snapshots/om.db-1c09c8e3-a76c-414e-9448-0d6363bcb073 in 32 milliseconds
2023-03-16 19:31:35,551 [OMDoubleBufferFlushThread] INFO  db.RDBCheckpointManager (RDBCheckpointManager.java:waitForCheckpointDirectoryExist(125)) - Waited for 1 milliseconds for checkpoint directory /home/runner/work/ozone/ozone/hadoop-ozone/integration-test/target/test-dir/MiniOzoneClusterImpl-7c80c19b-b74a-4fd6-b02a-95a373f15db1/omNode-1/db.snapshots/om.db-1c09c8e3-a76c-414e-9448-0d6363bcb073 availability.
2023-03-16 19:31:35,552 [OMDoubleBufferFlushThread] INFO  om.OmSnapshotManager (OmSnapshotManager.java:createOmSnapshotCheckpoint(269)) - Created checkpoint : /home/runner/work/ozone/ozone/hadoop-ozone/integration-test/target/test-dir/MiniOzoneClusterImpl-7c80c19b-b74a-4fd6-b02a-95a373f15db1/omNode-1/db.snapshots/om.db-1c09c8e3-a76c-414e-9448-0d6363bcb073 for snapshot snapshot-71559
2023-03-16 19:31:36,527 [Listener at 127.0.0.1/32993] WARN  server.ServerUtils (ServerUtils.java:getDBPath(225)) - ozone.om.db.dirs is not configured. We recommend adding this setting. Falling back to ozone.metadata.dirs instead.
2023-03-16 19:31:36,527 [Listener at 127.0.0.1/32993] INFO  codec.OmKeyInfoCodec (OmKeyInfoCodec.java:<init>(49)) - OmKeyInfoCodec ignorePipeline = true
2023-03-16 19:31:36,528 [Listener at 127.0.0.1/32993] INFO  codec.RepeatedOmKeyInfoCodec (RepeatedOmKeyInfoCodec.java:<init>(41)) - RepeatedOmKeyInfoCodec ignorePipeline = true
]]></system-out>
  </testcase>
  <testcase name="testListStatusWithAllowedUser(BucketLayout, boolean, boolean)[10]" classname="org.apache.hadoop.ozone.om.snapshot.TestOzoneManagerSnapshotAcl" time="1.111">
    <system-out><![CDATA[2023-03-16 19:31:36,574 [Listener at 127.0.0.1/32993] INFO  rpc.RpcClient (RpcClient.java:createVolume(476)) - Creating Volume: volume-54207, with admin as owner and space quota set to -1 bytes, counts quota set to -1
2023-03-16 19:31:36,577 [OM StateMachine ApplyTransaction Thread - 0] INFO  volume.OMVolumeCreateRequest (OMVolumeCreateRequest.java:validateAndUpdateCache(195)) - created volume:volume-54207 for user:admin
2023-03-16 19:31:36,580 [Listener at 127.0.0.1/32993] INFO  rpc.RpcClient (RpcClient.java:createBucket(698)) - Creating Bucket: volume-54207/bucket-92503, with bucket layout LEGACY, admin as owner, Versioning false, Storage Type set to DISK and Encryption set to false, Replication Type set to server-side default replication type, Namespace Quota set to -1, Space Quota set to -1 
2023-03-16 19:31:36,583 [OM StateMachine ApplyTransaction Thread - 0] INFO  bucket.OMBucketCreateRequest (OMBucketCreateRequest.java:validateAndUpdateCache(263)) - created bucket: bucket-92503 of layout LEGACY in volume: volume-54207
2023-03-16 19:31:36,630 [OM StateMachine ApplyTransaction Thread - 0] INFO  snapshot.OMSnapshotCreateRequest (OMSnapshotCreateRequest.java:validateAndUpdateCache(204)) - Created snapshot 'snapshot-03143' under path 'volume-54207/bucket-92503'
2023-03-16 19:31:36,650 [OMDoubleBufferFlushThread] INFO  db.RDBCheckpointManager (RDBCheckpointManager.java:createCheckpoint(96)) - Created checkpoint in rocksDB at /home/runner/work/ozone/ozone/hadoop-ozone/integration-test/target/test-dir/MiniOzoneClusterImpl-7c80c19b-b74a-4fd6-b02a-95a373f15db1/omNode-1/db.snapshots/om.db-45be44c1-f1f9-4f23-ab94-7a99157eeb12 in 18 milliseconds
2023-03-16 19:31:36,651 [OMDoubleBufferFlushThread] INFO  db.RDBCheckpointManager (RDBCheckpointManager.java:waitForCheckpointDirectoryExist(125)) - Waited for 1 milliseconds for checkpoint directory /home/runner/work/ozone/ozone/hadoop-ozone/integration-test/target/test-dir/MiniOzoneClusterImpl-7c80c19b-b74a-4fd6-b02a-95a373f15db1/omNode-1/db.snapshots/om.db-45be44c1-f1f9-4f23-ab94-7a99157eeb12 availability.
2023-03-16 19:31:36,651 [OMDoubleBufferFlushThread] INFO  om.OmSnapshotManager (OmSnapshotManager.java:createOmSnapshotCheckpoint(269)) - Created checkpoint : /home/runner/work/ozone/ozone/hadoop-ozone/integration-test/target/test-dir/MiniOzoneClusterImpl-7c80c19b-b74a-4fd6-b02a-95a373f15db1/omNode-1/db.snapshots/om.db-45be44c1-f1f9-4f23-ab94-7a99157eeb12 for snapshot snapshot-03143
2023-03-16 19:31:37,639 [Listener at 127.0.0.1/32993] WARN  server.ServerUtils (ServerUtils.java:getDBPath(225)) - ozone.om.db.dirs is not configured. We recommend adding this setting. Falling back to ozone.metadata.dirs instead.
2023-03-16 19:31:37,640 [Listener at 127.0.0.1/32993] INFO  codec.OmKeyInfoCodec (OmKeyInfoCodec.java:<init>(49)) - OmKeyInfoCodec ignorePipeline = true
2023-03-16 19:31:37,640 [Listener at 127.0.0.1/32993] INFO  codec.RepeatedOmKeyInfoCodec (RepeatedOmKeyInfoCodec.java:<init>(41)) - RepeatedOmKeyInfoCodec ignorePipeline = true
]]></system-out>
  </testcase>
  <testcase name="testListKeysWithNotAllowedUser(BucketLayout)[1]" classname="org.apache.hadoop.ozone.om.snapshot.TestOzoneManagerSnapshotAcl" time="1.124">
    <system-out><![CDATA[2023-03-16 19:31:37,687 [Listener at 127.0.0.1/32993] INFO  rpc.RpcClient (RpcClient.java:createVolume(476)) - Creating Volume: volume-30466, with admin as owner and space quota set to -1 bytes, counts quota set to -1
2023-03-16 19:31:37,690 [OM StateMachine ApplyTransaction Thread - 0] INFO  volume.OMVolumeCreateRequest (OMVolumeCreateRequest.java:validateAndUpdateCache(195)) - created volume:volume-30466 for user:admin
2023-03-16 19:31:37,692 [Listener at 127.0.0.1/32993] INFO  rpc.RpcClient (RpcClient.java:createBucket(698)) - Creating Bucket: volume-30466/bucket-59518, with bucket layout FILE_SYSTEM_OPTIMIZED, admin as owner, Versioning false, Storage Type set to DISK and Encryption set to false, Replication Type set to server-side default replication type, Namespace Quota set to -1, Space Quota set to -1 
2023-03-16 19:31:37,694 [OM StateMachine ApplyTransaction Thread - 0] INFO  bucket.OMBucketCreateRequest (OMBucketCreateRequest.java:validateAndUpdateCache(263)) - created bucket: bucket-59518 of layout FILE_SYSTEM_OPTIMIZED in volume: volume-30466
2023-03-16 19:31:37,736 [OM StateMachine ApplyTransaction Thread - 0] INFO  snapshot.OMSnapshotCreateRequest (OMSnapshotCreateRequest.java:validateAndUpdateCache(204)) - Created snapshot 'snapshot-32047' under path 'volume-30466/bucket-59518'
2023-03-16 19:31:37,759 [OMDoubleBufferFlushThread] INFO  db.RDBCheckpointManager (RDBCheckpointManager.java:createCheckpoint(96)) - Created checkpoint in rocksDB at /home/runner/work/ozone/ozone/hadoop-ozone/integration-test/target/test-dir/MiniOzoneClusterImpl-7c80c19b-b74a-4fd6-b02a-95a373f15db1/omNode-1/db.snapshots/om.db-b78ab2fe-badf-4c43-aed0-6e456ccd1ff8 in 22 milliseconds
2023-03-16 19:31:37,760 [OMDoubleBufferFlushThread] INFO  db.RDBCheckpointManager (RDBCheckpointManager.java:waitForCheckpointDirectoryExist(125)) - Waited for 1 milliseconds for checkpoint directory /home/runner/work/ozone/ozone/hadoop-ozone/integration-test/target/test-dir/MiniOzoneClusterImpl-7c80c19b-b74a-4fd6-b02a-95a373f15db1/omNode-1/db.snapshots/om.db-b78ab2fe-badf-4c43-aed0-6e456ccd1ff8 availability.
2023-03-16 19:31:37,760 [OMDoubleBufferFlushThread] WARN  om.OmSnapshotManager (OmSnapshotManager.java:deleteKeysInSnapshotScopeFromDTableInternal(348)) - Took 105003 ns to clean up deletedTable
2023-03-16 19:31:37,760 [OMDoubleBufferFlushThread] INFO  om.OmSnapshotManager (OmSnapshotManager.java:createOmSnapshotCheckpoint(269)) - Created checkpoint : /home/runner/work/ozone/ozone/hadoop-ozone/integration-test/target/test-dir/MiniOzoneClusterImpl-7c80c19b-b74a-4fd6-b02a-95a373f15db1/omNode-1/db.snapshots/om.db-b78ab2fe-badf-4c43-aed0-6e456ccd1ff8 for snapshot snapshot-32047
2023-03-16 19:31:38,748 [Listener at 127.0.0.1/32993] WARN  server.ServerUtils (ServerUtils.java:getDBPath(225)) - ozone.om.db.dirs is not configured. We recommend adding this setting. Falling back to ozone.metadata.dirs instead.
2023-03-16 19:31:38,749 [Listener at 127.0.0.1/32993] INFO  codec.OmKeyInfoCodec (OmKeyInfoCodec.java:<init>(49)) - OmKeyInfoCodec ignorePipeline = true
2023-03-16 19:31:38,749 [Listener at 127.0.0.1/32993] INFO  codec.RepeatedOmKeyInfoCodec (RepeatedOmKeyInfoCodec.java:<init>(41)) - RepeatedOmKeyInfoCodec ignorePipeline = true
]]></system-out>
  </testcase>
  <testcase name="testListKeysWithNotAllowedUser(BucketLayout)[2]" classname="org.apache.hadoop.ozone.om.snapshot.TestOzoneManagerSnapshotAcl" time="1.112">
    <system-out><![CDATA[2023-03-16 19:31:38,813 [Listener at 127.0.0.1/32993] INFO  rpc.RpcClient (RpcClient.java:createVolume(476)) - Creating Volume: volume-91050, with admin as owner and space quota set to -1 bytes, counts quota set to -1
2023-03-16 19:31:38,815 [OM StateMachine ApplyTransaction Thread - 0] INFO  volume.OMVolumeCreateRequest (OMVolumeCreateRequest.java:validateAndUpdateCache(195)) - created volume:volume-91050 for user:admin
2023-03-16 19:31:38,817 [Listener at 127.0.0.1/32993] INFO  rpc.RpcClient (RpcClient.java:createBucket(698)) - Creating Bucket: volume-91050/bucket-04994, with bucket layout OBJECT_STORE, admin as owner, Versioning false, Storage Type set to DISK and Encryption set to false, Replication Type set to server-side default replication type, Namespace Quota set to -1, Space Quota set to -1 
2023-03-16 19:31:38,820 [OM StateMachine ApplyTransaction Thread - 0] INFO  bucket.OMBucketCreateRequest (OMBucketCreateRequest.java:validateAndUpdateCache(263)) - created bucket: bucket-04994 of layout OBJECT_STORE in volume: volume-91050
2023-03-16 19:31:38,859 [OM StateMachine ApplyTransaction Thread - 0] INFO  snapshot.OMSnapshotCreateRequest (OMSnapshotCreateRequest.java:validateAndUpdateCache(204)) - Created snapshot 'snapshot-08079' under path 'volume-91050/bucket-04994'
2023-03-16 19:31:38,885 [OMDoubleBufferFlushThread] INFO  db.RDBCheckpointManager (RDBCheckpointManager.java:createCheckpoint(96)) - Created checkpoint in rocksDB at /home/runner/work/ozone/ozone/hadoop-ozone/integration-test/target/test-dir/MiniOzoneClusterImpl-7c80c19b-b74a-4fd6-b02a-95a373f15db1/omNode-1/db.snapshots/om.db-f0fb3244-b9ea-419f-95be-e53a25a85841 in 24 milliseconds
2023-03-16 19:31:38,886 [OMDoubleBufferFlushThread] INFO  db.RDBCheckpointManager (RDBCheckpointManager.java:waitForCheckpointDirectoryExist(125)) - Waited for 1 milliseconds for checkpoint directory /home/runner/work/ozone/ozone/hadoop-ozone/integration-test/target/test-dir/MiniOzoneClusterImpl-7c80c19b-b74a-4fd6-b02a-95a373f15db1/omNode-1/db.snapshots/om.db-f0fb3244-b9ea-419f-95be-e53a25a85841 availability.
2023-03-16 19:31:38,887 [OMDoubleBufferFlushThread] WARN  om.OmSnapshotManager (OmSnapshotManager.java:deleteKeysInSnapshotScopeFromDTableInternal(348)) - Took 1026826 ns to clean up deletedTable
2023-03-16 19:31:38,887 [OMDoubleBufferFlushThread] INFO  om.OmSnapshotManager (OmSnapshotManager.java:createOmSnapshotCheckpoint(269)) - Created checkpoint : /home/runner/work/ozone/ozone/hadoop-ozone/integration-test/target/test-dir/MiniOzoneClusterImpl-7c80c19b-b74a-4fd6-b02a-95a373f15db1/omNode-1/db.snapshots/om.db-f0fb3244-b9ea-419f-95be-e53a25a85841 for snapshot snapshot-08079
2023-03-16 19:31:39,872 [Listener at 127.0.0.1/32993] WARN  server.ServerUtils (ServerUtils.java:getDBPath(225)) - ozone.om.db.dirs is not configured. We recommend adding this setting. Falling back to ozone.metadata.dirs instead.
2023-03-16 19:31:39,873 [Listener at 127.0.0.1/32993] INFO  codec.OmKeyInfoCodec (OmKeyInfoCodec.java:<init>(49)) - OmKeyInfoCodec ignorePipeline = true
2023-03-16 19:31:39,873 [Listener at 127.0.0.1/32993] INFO  codec.RepeatedOmKeyInfoCodec (RepeatedOmKeyInfoCodec.java:<init>(41)) - RepeatedOmKeyInfoCodec ignorePipeline = true
]]></system-out>
  </testcase>
  <testcase name="testListKeysWithNotAllowedUser(BucketLayout)[3]" classname="org.apache.hadoop.ozone.om.snapshot.TestOzoneManagerSnapshotAcl" time="1.109">
    <system-out><![CDATA[2023-03-16 19:31:39,926 [Listener at 127.0.0.1/32993] INFO  rpc.RpcClient (RpcClient.java:createVolume(476)) - Creating Volume: volume-33048, with admin as owner and space quota set to -1 bytes, counts quota set to -1
2023-03-16 19:31:39,931 [OM StateMachine ApplyTransaction Thread - 0] INFO  volume.OMVolumeCreateRequest (OMVolumeCreateRequest.java:validateAndUpdateCache(195)) - created volume:volume-33048 for user:admin
2023-03-16 19:31:39,933 [Listener at 127.0.0.1/32993] INFO  rpc.RpcClient (RpcClient.java:createBucket(698)) - Creating Bucket: volume-33048/bucket-52650, with bucket layout LEGACY, admin as owner, Versioning false, Storage Type set to DISK and Encryption set to false, Replication Type set to server-side default replication type, Namespace Quota set to -1, Space Quota set to -1 
2023-03-16 19:31:39,935 [OM StateMachine ApplyTransaction Thread - 0] INFO  bucket.OMBucketCreateRequest (OMBucketCreateRequest.java:validateAndUpdateCache(263)) - created bucket: bucket-52650 of layout LEGACY in volume: volume-33048
2023-03-16 19:31:39,977 [OM StateMachine ApplyTransaction Thread - 0] INFO  snapshot.OMSnapshotCreateRequest (OMSnapshotCreateRequest.java:validateAndUpdateCache(204)) - Created snapshot 'snapshot-38163' under path 'volume-33048/bucket-52650'
2023-03-16 19:31:40,005 [OMDoubleBufferFlushThread] INFO  db.RDBCheckpointManager (RDBCheckpointManager.java:createCheckpoint(96)) - Created checkpoint in rocksDB at /home/runner/work/ozone/ozone/hadoop-ozone/integration-test/target/test-dir/MiniOzoneClusterImpl-7c80c19b-b74a-4fd6-b02a-95a373f15db1/omNode-1/db.snapshots/om.db-7b9ef5c9-17ef-433c-8c93-5bbf7a9e2084 in 27 milliseconds
2023-03-16 19:31:40,007 [OMDoubleBufferFlushThread] INFO  db.RDBCheckpointManager (RDBCheckpointManager.java:waitForCheckpointDirectoryExist(125)) - Waited for 2 milliseconds for checkpoint directory /home/runner/work/ozone/ozone/hadoop-ozone/integration-test/target/test-dir/MiniOzoneClusterImpl-7c80c19b-b74a-4fd6-b02a-95a373f15db1/omNode-1/db.snapshots/om.db-7b9ef5c9-17ef-433c-8c93-5bbf7a9e2084 availability.
2023-03-16 19:31:40,007 [OMDoubleBufferFlushThread] INFO  om.OmSnapshotManager (OmSnapshotManager.java:createOmSnapshotCheckpoint(269)) - Created checkpoint : /home/runner/work/ozone/ozone/hadoop-ozone/integration-test/target/test-dir/MiniOzoneClusterImpl-7c80c19b-b74a-4fd6-b02a-95a373f15db1/omNode-1/db.snapshots/om.db-7b9ef5c9-17ef-433c-8c93-5bbf7a9e2084 for snapshot snapshot-38163
2023-03-16 19:31:40,985 [Listener at 127.0.0.1/32993] WARN  server.ServerUtils (ServerUtils.java:getDBPath(225)) - ozone.om.db.dirs is not configured. We recommend adding this setting. Falling back to ozone.metadata.dirs instead.
2023-03-16 19:31:40,986 [Listener at 127.0.0.1/32993] INFO  codec.OmKeyInfoCodec (OmKeyInfoCodec.java:<init>(49)) - OmKeyInfoCodec ignorePipeline = true
2023-03-16 19:31:40,986 [Listener at 127.0.0.1/32993] INFO  codec.RepeatedOmKeyInfoCodec (RepeatedOmKeyInfoCodec.java:<init>(41)) - RepeatedOmKeyInfoCodec ignorePipeline = true
]]></system-out>
  </testcase>
  <testcase name="testGeyKeyInfoWithNotAllowedUser(BucketLayout)[1]" classname="org.apache.hadoop.ozone.om.snapshot.TestOzoneManagerSnapshotAcl" time="1.134">
    <system-out><![CDATA[2023-03-16 19:31:41,038 [Listener at 127.0.0.1/32993] INFO  rpc.RpcClient (RpcClient.java:createVolume(476)) - Creating Volume: volume-70477, with admin as owner and space quota set to -1 bytes, counts quota set to -1
2023-03-16 19:31:41,040 [OM StateMachine ApplyTransaction Thread - 0] INFO  volume.OMVolumeCreateRequest (OMVolumeCreateRequest.java:validateAndUpdateCache(195)) - created volume:volume-70477 for user:admin
2023-03-16 19:31:41,043 [Listener at 127.0.0.1/32993] INFO  rpc.RpcClient (RpcClient.java:createBucket(698)) - Creating Bucket: volume-70477/bucket-66254, with bucket layout FILE_SYSTEM_OPTIMIZED, admin as owner, Versioning false, Storage Type set to DISK and Encryption set to false, Replication Type set to server-side default replication type, Namespace Quota set to -1, Space Quota set to -1 
2023-03-16 19:31:41,045 [OM StateMachine ApplyTransaction Thread - 0] INFO  bucket.OMBucketCreateRequest (OMBucketCreateRequest.java:validateAndUpdateCache(263)) - created bucket: bucket-66254 of layout FILE_SYSTEM_OPTIMIZED in volume: volume-70477
2023-03-16 19:31:41,089 [OM StateMachine ApplyTransaction Thread - 0] INFO  snapshot.OMSnapshotCreateRequest (OMSnapshotCreateRequest.java:validateAndUpdateCache(204)) - Created snapshot 'snapshot-60578' under path 'volume-70477/bucket-66254'
2023-03-16 19:31:41,119 [OMDoubleBufferFlushThread] INFO  db.RDBCheckpointManager (RDBCheckpointManager.java:createCheckpoint(96)) - Created checkpoint in rocksDB at /home/runner/work/ozone/ozone/hadoop-ozone/integration-test/target/test-dir/MiniOzoneClusterImpl-7c80c19b-b74a-4fd6-b02a-95a373f15db1/omNode-1/db.snapshots/om.db-4b42fcde-c7ad-4dea-9f14-28498b1a3631 in 28 milliseconds
2023-03-16 19:31:41,126 [OMDoubleBufferFlushThread] INFO  db.RDBCheckpointManager (RDBCheckpointManager.java:waitForCheckpointDirectoryExist(125)) - Waited for 7 milliseconds for checkpoint directory /home/runner/work/ozone/ozone/hadoop-ozone/integration-test/target/test-dir/MiniOzoneClusterImpl-7c80c19b-b74a-4fd6-b02a-95a373f15db1/omNode-1/db.snapshots/om.db-4b42fcde-c7ad-4dea-9f14-28498b1a3631 availability.
2023-03-16 19:31:41,126 [OMDoubleBufferFlushThread] INFO  om.OmSnapshotManager (OmSnapshotManager.java:createOmSnapshotCheckpoint(269)) - Created checkpoint : /home/runner/work/ozone/ozone/hadoop-ozone/integration-test/target/test-dir/MiniOzoneClusterImpl-7c80c19b-b74a-4fd6-b02a-95a373f15db1/omNode-1/db.snapshots/om.db-4b42fcde-c7ad-4dea-9f14-28498b1a3631 for snapshot snapshot-60578
2023-03-16 19:31:42,100 [Listener at 127.0.0.1/32993] WARN  server.ServerUtils (ServerUtils.java:getDBPath(225)) - ozone.om.db.dirs is not configured. We recommend adding this setting. Falling back to ozone.metadata.dirs instead.
2023-03-16 19:31:42,101 [Listener at 127.0.0.1/32993] INFO  codec.OmKeyInfoCodec (OmKeyInfoCodec.java:<init>(49)) - OmKeyInfoCodec ignorePipeline = true
2023-03-16 19:31:42,101 [Listener at 127.0.0.1/32993] INFO  codec.RepeatedOmKeyInfoCodec (RepeatedOmKeyInfoCodec.java:<init>(41)) - RepeatedOmKeyInfoCodec ignorePipeline = true
2023-03-16 19:31:42,134 [Listener at 127.0.0.1/32993] WARN  om.OmSnapshot (OmMetadataReader.java:checkAcls(497)) - User user2 doesn't have READ permission to access key Volume:volume-70477 Bucket:bucket-66254 Key:key-34705
19:31:42.138 [Listener at 127.0.0.1/32993] ERROR OMAudit - user=null | ip=null | op=READ_KEY {volume=volume-70477, bucket=bucket-66254, key=key-34705, dataSize=0, replicationConfig=null} | ret=FAILURE
org.apache.hadoop.ozone.om.exceptions.OMException: User user2 doesn't have READ permission to access key Volume:volume-70477 Bucket:bucket-66254 Key:key-34705
	at org.apache.hadoop.ozone.om.OmMetadataReader.checkAcls(OmMetadataReader.java:500) ~[ozone-manager-1.4.0-SNAPSHOT.jar:?]
	at org.apache.hadoop.ozone.om.OmMetadataReader.checkAcls(OmMetadataReader.java:475) ~[ozone-manager-1.4.0-SNAPSHOT.jar:?]
	at org.apache.hadoop.ozone.om.OzoneAclUtils.checkAllAcls(OzoneAclUtils.java:129) ~[ozone-manager-1.4.0-SNAPSHOT.jar:?]
	at org.apache.hadoop.ozone.om.OmMetadataReader.checkAcls(OmMetadataReader.java:437) ~[ozone-manager-1.4.0-SNAPSHOT.jar:?]
	at org.apache.hadoop.ozone.om.OmMetadataReader.lambda$3(OmMetadataReader.java:203) ~[ozone-manager-1.4.0-SNAPSHOT.jar:?]
	at org.apache.hadoop.util.MetricUtil.captureLatencyNs(MetricUtil.java:47) ~[hdds-common-1.4.0-SNAPSHOT.jar:?]
	at org.apache.hadoop.ozone.om.OmMetadataReader.getKeyInfo(OmMetadataReader.java:202) ~[ozone-manager-1.4.0-SNAPSHOT.jar:?]
	at org.apache.hadoop.ozone.om.OmSnapshot.getKeyInfo(OmSnapshot.java:99) ~[ozone-manager-1.4.0-SNAPSHOT.jar:?]
	at org.apache.hadoop.ozone.om.OzoneManager.getKeyInfo(OzoneManager.java:2810) ~[ozone-manager-1.4.0-SNAPSHOT.jar:?]
	at org.apache.hadoop.ozone.om.snapshot.TestOzoneManagerSnapshotAcl.lambda$testGeyKeyInfoWithNotAllowedUser$4(TestOzoneManagerSnapshotAcl.java:219) ~[test-classes/:?]
	at org.junit.jupiter.api.AssertThrows.assertThrows(AssertThrows.java:55) ~[junit-jupiter-api-5.8.2.jar:5.8.2]
	at org.junit.jupiter.api.AssertThrows.assertThrows(AssertThrows.java:37) ~[junit-jupiter-api-5.8.2.jar:5.8.2]
	at org.junit.jupiter.api.Assertions.assertThrows(Assertions.java:3082) ~[junit-jupiter-api-5.8.2.jar:5.8.2]
	at org.apache.hadoop.ozone.om.snapshot.TestOzoneManagerSnapshotAcl.testGeyKeyInfoWithNotAllowedUser(TestOzoneManagerSnapshotAcl.java:218) ~[test-classes/:?]
	at sun.reflect.NativeMethodAccessorImpl.invoke0(Native Method) ~[?:1.8.0_362]
	at sun.reflect.NativeMethodAccessorImpl.invoke(NativeMethodAccessorImpl.java:62) ~[?:1.8.0_362]
	at sun.reflect.DelegatingMethodAccessorImpl.invoke(DelegatingMethodAccessorImpl.java:43) ~[?:1.8.0_362]
	at java.lang.reflect.Method.invoke(Method.java:498) ~[?:1.8.0_362]
	at org.junit.platform.commons.util.ReflectionUtils.invokeMethod(ReflectionUtils.java:725) ~[junit-platform-commons-1.8.2.jar:1.8.2]
	at org.junit.jupiter.engine.execution.MethodInvocation.proceed(MethodInvocation.java:60) ~[junit-jupiter-engine-5.8.2.jar:5.8.2]
	at org.junit.jupiter.engine.execution.InvocationInterceptorChain$ValidatingInvocation.proceed(InvocationInterceptorChain.java:131) ~[junit-jupiter-engine-5.8.2.jar:5.8.2]
	at org.junit.jupiter.engine.extension.TimeoutInvocation.proceed(TimeoutInvocation.java:46) ~[junit-jupiter-engine-5.8.2.jar:5.8.2]
	at org.junit.jupiter.engine.extension.TimeoutExtension.intercept(TimeoutExtension.java:149) ~[junit-jupiter-engine-5.8.2.jar:5.8.2]
	at org.junit.jupiter.engine.extension.TimeoutExtension.interceptTestableMethod(TimeoutExtension.java:140) ~[junit-jupiter-engine-5.8.2.jar:5.8.2]
	at org.junit.jupiter.engine.extension.TimeoutExtension.interceptTestTemplateMethod(TimeoutExtension.java:92) ~[junit-jupiter-engine-5.8.2.jar:5.8.2]
	at org.junit.jupiter.engine.execution.ExecutableInvoker$ReflectiveInterceptorCall.lambda$ofVoidMethod$0(ExecutableInvoker.java:115) ~[junit-jupiter-engine-5.8.2.jar:5.8.2]
	at org.junit.jupiter.engine.execution.ExecutableInvoker.lambda$invoke$0(ExecutableInvoker.java:105) ~[junit-jupiter-engine-5.8.2.jar:5.8.2]
	at org.junit.jupiter.engine.execution.InvocationInterceptorChain$InterceptedInvocation.proceed(InvocationInterceptorChain.java:106) ~[junit-jupiter-engine-5.8.2.jar:5.8.2]
	at org.junit.jupiter.engine.execution.InvocationInterceptorChain.proceed(InvocationInterceptorChain.java:64) ~[junit-jupiter-engine-5.8.2.jar:5.8.2]
	at org.junit.jupiter.engine.execution.InvocationInterceptorChain.chainAndInvoke(InvocationInterceptorChain.java:45) ~[junit-jupiter-engine-5.8.2.jar:5.8.2]
	at org.junit.jupiter.engine.execution.InvocationInterceptorChain.invoke(InvocationInterceptorChain.java:37) ~[junit-jupiter-engine-5.8.2.jar:5.8.2]
	at org.junit.jupiter.engine.execution.ExecutableInvoker.invoke(ExecutableInvoker.java:104) ~[junit-jupiter-engine-5.8.2.jar:5.8.2]
	at org.junit.jupiter.engine.execution.ExecutableInvoker.invoke(ExecutableInvoker.java:98) ~[junit-jupiter-engine-5.8.2.jar:5.8.2]
	at org.junit.jupiter.engine.descriptor.TestMethodTestDescriptor.lambda$invokeTestMethod$7(TestMethodTestDescriptor.java:214) ~[junit-jupiter-engine-5.8.2.jar:5.8.2]
	at org.junit.platform.engine.support.hierarchical.ThrowableCollector.execute(ThrowableCollector.java:73) ~[junit-platform-engine-1.8.2.jar:1.8.2]
	at org.junit.jupiter.engine.descriptor.TestMethodTestDescriptor.invokeTestMethod(TestMethodTestDescriptor.java:210) ~[junit-jupiter-engine-5.8.2.jar:5.8.2]
	at org.junit.jupiter.engine.descriptor.TestMethodTestDescriptor.execute(TestMethodTestDescriptor.java:135) ~[junit-jupiter-engine-5.8.2.jar:5.8.2]
	at org.junit.jupiter.engine.descriptor.TestMethodTestDescriptor.execute(TestMethodTestDescriptor.java:66) ~[junit-jupiter-engine-5.8.2.jar:5.8.2]
	at org.junit.platform.engine.support.hierarchical.NodeTestTask.lambda$executeRecursively$6(NodeTestTask.java:151) ~[junit-platform-engine-1.8.2.jar:1.8.2]
	at org.junit.platform.engine.support.hierarchical.ThrowableCollector.execute(ThrowableCollector.java:73) ~[junit-platform-engine-1.8.2.jar:1.8.2]
	at org.junit.platform.engine.support.hierarchical.NodeTestTask.lambda$executeRecursively$8(NodeTestTask.java:141) ~[junit-platform-engine-1.8.2.jar:1.8.2]
	at org.junit.platform.engine.support.hierarchical.Node.around(Node.java:137) ~[junit-platform-engine-1.8.2.jar:1.8.2]
	at org.junit.platform.engine.support.hierarchical.NodeTestTask.lambda$executeRecursively$9(NodeTestTask.java:139) ~[junit-platform-engine-1.8.2.jar:1.8.2]
	at org.junit.platform.engine.support.hierarchical.ThrowableCollector.execute(ThrowableCollector.java:73) ~[junit-platform-engine-1.8.2.jar:1.8.2]
	at org.junit.platform.engine.support.hierarchical.NodeTestTask.executeRecursively(NodeTestTask.java:138) ~[junit-platform-engine-1.8.2.jar:1.8.2]
	at org.junit.platform.engine.support.hierarchical.NodeTestTask.execute(NodeTestTask.java:95) ~[junit-platform-engine-1.8.2.jar:1.8.2]
	at org.junit.platform.engine.support.hierarchical.SameThreadHierarchicalTestExecutorService.submit(SameThreadHierarchicalTestExecutorService.java:35) ~[junit-platform-engine-1.8.2.jar:1.8.2]
	at org.junit.platform.engine.support.hierarchical.NodeTestTask$DefaultDynamicTestExecutor.execute(NodeTestTask.java:226) ~[junit-platform-engine-1.8.2.jar:1.8.2]
	at org.junit.platform.engine.support.hierarchical.NodeTestTask$DefaultDynamicTestExecutor.execute(NodeTestTask.java:204) ~[junit-platform-engine-1.8.2.jar:1.8.2]
	at org.junit.jupiter.engine.descriptor.TestTemplateTestDescriptor.execute(TestTemplateTestDescriptor.java:139) ~[junit-jupiter-engine-5.8.2.jar:5.8.2]
	at org.junit.jupiter.engine.descriptor.TestTemplateTestDescriptor.lambda$execute$2(TestTemplateTestDescriptor.java:107) ~[junit-jupiter-engine-5.8.2.jar:5.8.2]
	at java.util.stream.ForEachOps$ForEachOp$OfRef.accept(ForEachOps.java:183) ~[?:1.8.0_362]
	at java.util.stream.ReferencePipeline$3$1.accept(ReferencePipeline.java:193) ~[?:1.8.0_362]
	at java.util.stream.ReferencePipeline$2$1.accept(ReferencePipeline.java:175) ~[?:1.8.0_362]
	at java.util.stream.ReferencePipeline$3$1.accept(ReferencePipeline.java:193) ~[?:1.8.0_362]
	at java.util.stream.ForEachOps$ForEachOp$OfRef.accept(ForEachOps.java:183) ~[?:1.8.0_362]
	at java.util.stream.ReferencePipeline$3$1.accept(ReferencePipeline.java:193) ~[?:1.8.0_362]
	at java.util.stream.ReferencePipeline$3$1.accept(ReferencePipeline.java:193) ~[?:1.8.0_362]
	at java.util.stream.ReferencePipeline$3$1.accept(ReferencePipeline.java:193) ~[?:1.8.0_362]
	at java.util.stream.ForEachOps$ForEachOp$OfRef.accept(ForEachOps.java:183) ~[?:1.8.0_362]
	at java.util.stream.ReferencePipeline$3$1.accept(ReferencePipeline.java:193) ~[?:1.8.0_362]
	at java.util.Iterator.forEachRemaining(Iterator.java:116) ~[?:1.8.0_362]
	at java.util.Spliterators$IteratorSpliterator.forEachRemaining(Spliterators.java:1801) ~[?:1.8.0_362]
	at java.util.stream.AbstractPipeline.copyInto(AbstractPipeline.java:482) ~[?:1.8.0_362]
	at java.util.stream.AbstractPipeline.wrapAndCopyInto(AbstractPipeline.java:472) ~[?:1.8.0_362]
	at java.util.stream.ForEachOps$ForEachOp.evaluateSequential(ForEachOps.java:150) ~[?:1.8.0_362]
	at java.util.stream.ForEachOps$ForEachOp$OfRef.evaluateSequential(ForEachOps.java:173) ~[?:1.8.0_362]
	at java.util.stream.AbstractPipeline.evaluate(AbstractPipeline.java:234) ~[?:1.8.0_362]
	at java.util.stream.ReferencePipeline.forEach(ReferencePipeline.java:485) ~[?:1.8.0_362]
	at java.util.stream.ReferencePipeline$7$1.accept(ReferencePipeline.java:272) ~[?:1.8.0_362]
	at java.util.stream.ReferencePipeline$3$1.accept(ReferencePipeline.java:193) ~[?:1.8.0_362]
	at java.util.stream.ReferencePipeline$3$1.accept(ReferencePipeline.java:193) ~[?:1.8.0_362]
	at java.util.stream.ReferencePipeline$3$1.accept(ReferencePipeline.java:193) ~[?:1.8.0_362]
	at java.util.ArrayList$ArrayListSpliterator.forEachRemaining(ArrayList.java:1384) ~[?:1.8.0_362]
	at java.util.stream.AbstractPipeline.copyInto(AbstractPipeline.java:482) ~[?:1.8.0_362]
	at java.util.stream.AbstractPipeline.wrapAndCopyInto(AbstractPipeline.java:472) ~[?:1.8.0_362]
	at java.util.stream.ForEachOps$ForEachOp.evaluateSequential(ForEachOps.java:150) ~[?:1.8.0_362]
	at java.util.stream.ForEachOps$ForEachOp$OfRef.evaluateSequential(ForEachOps.java:173) ~[?:1.8.0_362]
	at java.util.stream.AbstractPipeline.evaluate(AbstractPipeline.java:234) ~[?:1.8.0_362]
	at java.util.stream.ReferencePipeline.forEach(ReferencePipeline.java:485) ~[?:1.8.0_362]
	at java.util.stream.ReferencePipeline$7$1.accept(ReferencePipeline.java:272) ~[?:1.8.0_362]
	at java.util.ArrayList$ArrayListSpliterator.forEachRemaining(ArrayList.java:1384) ~[?:1.8.0_362]
	at java.util.stream.AbstractPipeline.copyInto(AbstractPipeline.java:482) ~[?:1.8.0_362]
	at java.util.stream.AbstractPipeline.wrapAndCopyInto(AbstractPipeline.java:472) ~[?:1.8.0_362]
	at java.util.stream.ForEachOps$ForEachOp.evaluateSequential(ForEachOps.java:150) ~[?:1.8.0_362]
	at java.util.stream.ForEachOps$ForEachOp$OfRef.evaluateSequential(ForEachOps.java:173) ~[?:1.8.0_362]
	at java.util.stream.AbstractPipeline.evaluate(AbstractPipeline.java:234) ~[?:1.8.0_362]
	at java.util.stream.ReferencePipeline.forEach(ReferencePipeline.java:485) ~[?:1.8.0_362]
	at org.junit.jupiter.engine.descriptor.TestTemplateTestDescriptor.execute(TestTemplateTestDescriptor.java:107) ~[junit-jupiter-engine-5.8.2.jar:5.8.2]
	at org.junit.jupiter.engine.descriptor.TestTemplateTestDescriptor.execute(TestTemplateTestDescriptor.java:42) ~[junit-jupiter-engine-5.8.2.jar:5.8.2]
	at org.junit.platform.engine.support.hierarchical.NodeTestTask.lambda$executeRecursively$6(NodeTestTask.java:151) ~[junit-platform-engine-1.8.2.jar:1.8.2]
	at org.junit.platform.engine.support.hierarchical.ThrowableCollector.execute(ThrowableCollector.java:73) ~[junit-platform-engine-1.8.2.jar:1.8.2]
	at org.junit.platform.engine.support.hierarchical.NodeTestTask.lambda$executeRecursively$8(NodeTestTask.java:141) ~[junit-platform-engine-1.8.2.jar:1.8.2]
	at org.junit.platform.engine.support.hierarchical.Node.around(Node.java:137) ~[junit-platform-engine-1.8.2.jar:1.8.2]
	at org.junit.platform.engine.support.hierarchical.NodeTestTask.lambda$executeRecursively$9(NodeTestTask.java:139) ~[junit-platform-engine-1.8.2.jar:1.8.2]
	at org.junit.platform.engine.support.hierarchical.ThrowableCollector.execute(ThrowableCollector.java:73) ~[junit-platform-engine-1.8.2.jar:1.8.2]
	at org.junit.platform.engine.support.hierarchical.NodeTestTask.executeRecursively(NodeTestTask.java:138) ~[junit-platform-engine-1.8.2.jar:1.8.2]
	at org.junit.platform.engine.support.hierarchical.NodeTestTask.execute(NodeTestTask.java:95) ~[junit-platform-engine-1.8.2.jar:1.8.2]
	at java.util.ArrayList.forEach(ArrayList.java:1259) ~[?:1.8.0_362]
	at org.junit.platform.engine.support.hierarchical.SameThreadHierarchicalTestExecutorService.invokeAll(SameThreadHierarchicalTestExecutorService.java:41) ~[junit-platform-engine-1.8.2.jar:1.8.2]
	at org.junit.platform.engine.support.hierarchical.NodeTestTask.lambda$executeRecursively$6(NodeTestTask.java:155) ~[junit-platform-engine-1.8.2.jar:1.8.2]
	at org.junit.platform.engine.support.hierarchical.ThrowableCollector.execute(ThrowableCollector.java:73) ~[junit-platform-engine-1.8.2.jar:1.8.2]
	at org.junit.platform.engine.support.hierarchical.NodeTestTask.lambda$executeRecursively$8(NodeTestTask.java:141) ~[junit-platform-engine-1.8.2.jar:1.8.2]
	at org.junit.platform.engine.support.hierarchical.Node.around(Node.java:137) ~[junit-platform-engine-1.8.2.jar:1.8.2]
	at org.junit.platform.engine.support.hierarchical.NodeTestTask.lambda$executeRecursively$9(NodeTestTask.java:139) ~[junit-platform-engine-1.8.2.jar:1.8.2]
	at org.junit.platform.engine.support.hierarchical.ThrowableCollector.execute(ThrowableCollector.java:73) ~[junit-platform-engine-1.8.2.jar:1.8.2]
	at org.junit.platform.engine.support.hierarchical.NodeTestTask.executeRecursively(NodeTestTask.java:138) ~[junit-platform-engine-1.8.2.jar:1.8.2]
	at org.junit.platform.engine.support.hierarchical.NodeTestTask.execute(NodeTestTask.java:95) ~[junit-platform-engine-1.8.2.jar:1.8.2]
	at java.util.ArrayList.forEach(ArrayList.java:1259) ~[?:1.8.0_362]
	at org.junit.platform.engine.support.hierarchical.SameThreadHierarchicalTestExecutorService.invokeAll(SameThreadHierarchicalTestExecutorService.java:41) ~[junit-platform-engine-1.8.2.jar:1.8.2]
	at org.junit.platform.engine.support.hierarchical.NodeTestTask.lambda$executeRecursively$6(NodeTestTask.java:155) ~[junit-platform-engine-1.8.2.jar:1.8.2]
	at org.junit.platform.engine.support.hierarchical.ThrowableCollector.execute(ThrowableCollector.java:73) ~[junit-platform-engine-1.8.2.jar:1.8.2]
	at org.junit.platform.engine.support.hierarchical.NodeTestTask.lambda$executeRecursively$8(NodeTestTask.java:141) ~[junit-platform-engine-1.8.2.jar:1.8.2]
	at org.junit.platform.engine.support.hierarchical.Node.around(Node.java:137) ~[junit-platform-engine-1.8.2.jar:1.8.2]
	at org.junit.platform.engine.support.hierarchical.NodeTestTask.lambda$executeRecursively$9(NodeTestTask.java:139) ~[junit-platform-engine-1.8.2.jar:1.8.2]
	at org.junit.platform.engine.support.hierarchical.ThrowableCollector.execute(ThrowableCollector.java:73) ~[junit-platform-engine-1.8.2.jar:1.8.2]
	at org.junit.platform.engine.support.hierarchical.NodeTestTask.executeRecursively(NodeTestTask.java:138) ~[junit-platform-engine-1.8.2.jar:1.8.2]
	at org.junit.platform.engine.support.hierarchical.NodeTestTask.execute(NodeTestTask.java:95) ~[junit-platform-engine-1.8.2.jar:1.8.2]
	at org.junit.platform.engine.support.hierarchical.SameThreadHierarchicalTestExecutorService.submit(SameThreadHierarchicalTestExecutorService.java:35) ~[junit-platform-engine-1.8.2.jar:1.8.2]
	at org.junit.platform.engine.support.hierarchical.HierarchicalTestExecutor.execute(HierarchicalTestExecutor.java:57) ~[junit-platform-engine-1.8.2.jar:1.8.2]
	at org.junit.platform.engine.support.hierarchical.HierarchicalTestEngine.execute(HierarchicalTestEngine.java:54) ~[junit-platform-engine-1.8.2.jar:1.8.2]
	at org.junit.platform.launcher.core.EngineExecutionOrchestrator.execute(EngineExecutionOrchestrator.java:107) ~[junit-platform-launcher-1.8.2.jar:1.8.2]
	at org.junit.platform.launcher.core.EngineExecutionOrchestrator.execute(EngineExecutionOrchestrator.java:88) ~[junit-platform-launcher-1.8.2.jar:1.8.2]
	at org.junit.platform.launcher.core.EngineExecutionOrchestrator.lambda$execute$0(EngineExecutionOrchestrator.java:54) ~[junit-platform-launcher-1.8.2.jar:1.8.2]
	at org.junit.platform.launcher.core.EngineExecutionOrchestrator.withInterceptedStreams(EngineExecutionOrchestrator.java:67) [junit-platform-launcher-1.8.2.jar:1.8.2]
	at org.junit.platform.launcher.core.EngineExecutionOrchestrator.execute(EngineExecutionOrchestrator.java:52) [junit-platform-launcher-1.8.2.jar:1.8.2]
	at org.junit.platform.launcher.core.DefaultLauncher.execute(DefaultLauncher.java:114) [junit-platform-launcher-1.8.2.jar:1.8.2]
	at org.junit.platform.launcher.core.DefaultLauncher.execute(DefaultLauncher.java:86) [junit-platform-launcher-1.8.2.jar:1.8.2]
	at org.junit.platform.launcher.core.DefaultLauncherSession$DelegatingLauncher.execute(DefaultLauncherSession.java:86) [junit-platform-launcher-1.8.2.jar:1.8.2]
	at org.junit.platform.launcher.core.SessionPerRequestLauncher.execute(SessionPerRequestLauncher.java:53) [junit-platform-launcher-1.8.2.jar:1.8.2]
	at org.apache.maven.surefire.junitplatform.JUnitPlatformProvider.execute(JUnitPlatformProvider.java:188) [surefire-junit-platform-3.0.0-M5.jar:3.0.0-M5]
	at org.apache.maven.surefire.junitplatform.JUnitPlatformProvider.invokeAllTests(JUnitPlatformProvider.java:154) [surefire-junit-platform-3.0.0-M5.jar:3.0.0-M5]
	at org.apache.maven.surefire.junitplatform.JUnitPlatformProvider.invoke(JUnitPlatformProvider.java:124) [surefire-junit-platform-3.0.0-M5.jar:3.0.0-M5]
	at org.apache.maven.surefire.booter.ForkedBooter.runSuitesInProcess(ForkedBooter.java:428) [surefire-booter-3.0.0-M5.jar:3.0.0-M5]
	at org.apache.maven.surefire.booter.ForkedBooter.execute(ForkedBooter.java:162) [surefire-booter-3.0.0-M5.jar:3.0.0-M5]
	at org.apache.maven.surefire.booter.ForkedBooter.run(ForkedBooter.java:562) [surefire-booter-3.0.0-M5.jar:3.0.0-M5]
	at org.apache.maven.surefire.booter.ForkedBooter.main(ForkedBooter.java:548) [surefire-booter-3.0.0-M5.jar:3.0.0-M5]
]]></system-out>
  </testcase>
  <testcase name="testGeyKeyInfoWithNotAllowedUser(BucketLayout)[2]" classname="org.apache.hadoop.ozone.om.snapshot.TestOzoneManagerSnapshotAcl" time="1.127">
    <system-out><![CDATA[2023-03-16 19:31:42,172 [Listener at 127.0.0.1/32993] INFO  rpc.RpcClient (RpcClient.java:createVolume(476)) - Creating Volume: volume-46348, with admin as owner and space quota set to -1 bytes, counts quota set to -1
2023-03-16 19:31:42,175 [OM StateMachine ApplyTransaction Thread - 0] INFO  volume.OMVolumeCreateRequest (OMVolumeCreateRequest.java:validateAndUpdateCache(195)) - created volume:volume-46348 for user:admin
2023-03-16 19:31:42,177 [Listener at 127.0.0.1/32993] INFO  rpc.RpcClient (RpcClient.java:createBucket(698)) - Creating Bucket: volume-46348/bucket-94842, with bucket layout OBJECT_STORE, admin as owner, Versioning false, Storage Type set to DISK and Encryption set to false, Replication Type set to server-side default replication type, Namespace Quota set to -1, Space Quota set to -1 
2023-03-16 19:31:42,179 [OM StateMachine ApplyTransaction Thread - 0] INFO  bucket.OMBucketCreateRequest (OMBucketCreateRequest.java:validateAndUpdateCache(263)) - created bucket: bucket-94842 of layout OBJECT_STORE in volume: volume-46348
2023-03-16 19:31:42,229 [OM StateMachine ApplyTransaction Thread - 0] INFO  snapshot.OMSnapshotCreateRequest (OMSnapshotCreateRequest.java:validateAndUpdateCache(204)) - Created snapshot 'snapshot-04774' under path 'volume-46348/bucket-94842'
2023-03-16 19:31:42,253 [OMDoubleBufferFlushThread] INFO  db.RDBCheckpointManager (RDBCheckpointManager.java:createCheckpoint(96)) - Created checkpoint in rocksDB at /home/runner/work/ozone/ozone/hadoop-ozone/integration-test/target/test-dir/MiniOzoneClusterImpl-7c80c19b-b74a-4fd6-b02a-95a373f15db1/omNode-1/db.snapshots/om.db-ec7e0975-808f-4780-bc25-c5fb675da4a5 in 22 milliseconds
2023-03-16 19:31:42,254 [OMDoubleBufferFlushThread] INFO  db.RDBCheckpointManager (RDBCheckpointManager.java:waitForCheckpointDirectoryExist(125)) - Waited for 1 milliseconds for checkpoint directory /home/runner/work/ozone/ozone/hadoop-ozone/integration-test/target/test-dir/MiniOzoneClusterImpl-7c80c19b-b74a-4fd6-b02a-95a373f15db1/omNode-1/db.snapshots/om.db-ec7e0975-808f-4780-bc25-c5fb675da4a5 availability.
2023-03-16 19:31:42,254 [OMDoubleBufferFlushThread] INFO  om.OmSnapshotManager (OmSnapshotManager.java:createOmSnapshotCheckpoint(269)) - Created checkpoint : /home/runner/work/ozone/ozone/hadoop-ozone/integration-test/target/test-dir/MiniOzoneClusterImpl-7c80c19b-b74a-4fd6-b02a-95a373f15db1/omNode-1/db.snapshots/om.db-ec7e0975-808f-4780-bc25-c5fb675da4a5 for snapshot snapshot-04774
2023-03-16 19:31:43,239 [Listener at 127.0.0.1/32993] WARN  server.ServerUtils (ServerUtils.java:getDBPath(225)) - ozone.om.db.dirs is not configured. We recommend adding this setting. Falling back to ozone.metadata.dirs instead.
2023-03-16 19:31:43,239 [Listener at 127.0.0.1/32993] INFO  codec.OmKeyInfoCodec (OmKeyInfoCodec.java:<init>(49)) - OmKeyInfoCodec ignorePipeline = true
2023-03-16 19:31:43,241 [Listener at 127.0.0.1/32993] INFO  codec.RepeatedOmKeyInfoCodec (RepeatedOmKeyInfoCodec.java:<init>(41)) - RepeatedOmKeyInfoCodec ignorePipeline = true
2023-03-16 19:31:43,278 [Listener at 127.0.0.1/32993] WARN  om.OmSnapshot (OmMetadataReader.java:checkAcls(497)) - User user2 doesn't have READ permission to access key Volume:volume-46348 Bucket:bucket-94842 Key:key-86966
19:31:43.278 [Listener at 127.0.0.1/32993] ERROR OMAudit - user=null | ip=null | op=READ_KEY {volume=volume-46348, bucket=bucket-94842, key=key-86966, dataSize=0, replicationConfig=null} | ret=FAILURE
org.apache.hadoop.ozone.om.exceptions.OMException: User user2 doesn't have READ permission to access key Volume:volume-46348 Bucket:bucket-94842 Key:key-86966
	at org.apache.hadoop.ozone.om.OmMetadataReader.checkAcls(OmMetadataReader.java:500) ~[ozone-manager-1.4.0-SNAPSHOT.jar:?]
	at org.apache.hadoop.ozone.om.OmMetadataReader.checkAcls(OmMetadataReader.java:475) ~[ozone-manager-1.4.0-SNAPSHOT.jar:?]
	at org.apache.hadoop.ozone.om.OzoneAclUtils.checkAllAcls(OzoneAclUtils.java:129) ~[ozone-manager-1.4.0-SNAPSHOT.jar:?]
	at org.apache.hadoop.ozone.om.OmMetadataReader.checkAcls(OmMetadataReader.java:437) ~[ozone-manager-1.4.0-SNAPSHOT.jar:?]
	at org.apache.hadoop.ozone.om.OmMetadataReader.lambda$3(OmMetadataReader.java:203) ~[ozone-manager-1.4.0-SNAPSHOT.jar:?]
	at org.apache.hadoop.util.MetricUtil.captureLatencyNs(MetricUtil.java:47) ~[hdds-common-1.4.0-SNAPSHOT.jar:?]
	at org.apache.hadoop.ozone.om.OmMetadataReader.getKeyInfo(OmMetadataReader.java:202) ~[ozone-manager-1.4.0-SNAPSHOT.jar:?]
	at org.apache.hadoop.ozone.om.OmSnapshot.getKeyInfo(OmSnapshot.java:99) ~[ozone-manager-1.4.0-SNAPSHOT.jar:?]
	at org.apache.hadoop.ozone.om.OzoneManager.getKeyInfo(OzoneManager.java:2810) ~[ozone-manager-1.4.0-SNAPSHOT.jar:?]
	at org.apache.hadoop.ozone.om.snapshot.TestOzoneManagerSnapshotAcl.lambda$testGeyKeyInfoWithNotAllowedUser$4(TestOzoneManagerSnapshotAcl.java:219) ~[test-classes/:?]
	at org.junit.jupiter.api.AssertThrows.assertThrows(AssertThrows.java:55) ~[junit-jupiter-api-5.8.2.jar:5.8.2]
	at org.junit.jupiter.api.AssertThrows.assertThrows(AssertThrows.java:37) ~[junit-jupiter-api-5.8.2.jar:5.8.2]
	at org.junit.jupiter.api.Assertions.assertThrows(Assertions.java:3082) ~[junit-jupiter-api-5.8.2.jar:5.8.2]
	at org.apache.hadoop.ozone.om.snapshot.TestOzoneManagerSnapshotAcl.testGeyKeyInfoWithNotAllowedUser(TestOzoneManagerSnapshotAcl.java:218) ~[test-classes/:?]
	at sun.reflect.NativeMethodAccessorImpl.invoke0(Native Method) ~[?:1.8.0_362]
	at sun.reflect.NativeMethodAccessorImpl.invoke(NativeMethodAccessorImpl.java:62) ~[?:1.8.0_362]
	at sun.reflect.DelegatingMethodAccessorImpl.invoke(DelegatingMethodAccessorImpl.java:43) ~[?:1.8.0_362]
	at java.lang.reflect.Method.invoke(Method.java:498) ~[?:1.8.0_362]
	at org.junit.platform.commons.util.ReflectionUtils.invokeMethod(ReflectionUtils.java:725) ~[junit-platform-commons-1.8.2.jar:1.8.2]
	at org.junit.jupiter.engine.execution.MethodInvocation.proceed(MethodInvocation.java:60) ~[junit-jupiter-engine-5.8.2.jar:5.8.2]
	at org.junit.jupiter.engine.execution.InvocationInterceptorChain$ValidatingInvocation.proceed(InvocationInterceptorChain.java:131) ~[junit-jupiter-engine-5.8.2.jar:5.8.2]
	at org.junit.jupiter.engine.extension.TimeoutInvocation.proceed(TimeoutInvocation.java:46) ~[junit-jupiter-engine-5.8.2.jar:5.8.2]
	at org.junit.jupiter.engine.extension.TimeoutExtension.intercept(TimeoutExtension.java:149) ~[junit-jupiter-engine-5.8.2.jar:5.8.2]
	at org.junit.jupiter.engine.extension.TimeoutExtension.interceptTestableMethod(TimeoutExtension.java:140) ~[junit-jupiter-engine-5.8.2.jar:5.8.2]
	at org.junit.jupiter.engine.extension.TimeoutExtension.interceptTestTemplateMethod(TimeoutExtension.java:92) ~[junit-jupiter-engine-5.8.2.jar:5.8.2]
	at org.junit.jupiter.engine.execution.ExecutableInvoker$ReflectiveInterceptorCall.lambda$ofVoidMethod$0(ExecutableInvoker.java:115) ~[junit-jupiter-engine-5.8.2.jar:5.8.2]
	at org.junit.jupiter.engine.execution.ExecutableInvoker.lambda$invoke$0(ExecutableInvoker.java:105) ~[junit-jupiter-engine-5.8.2.jar:5.8.2]
	at org.junit.jupiter.engine.execution.InvocationInterceptorChain$InterceptedInvocation.proceed(InvocationInterceptorChain.java:106) ~[junit-jupiter-engine-5.8.2.jar:5.8.2]
	at org.junit.jupiter.engine.execution.InvocationInterceptorChain.proceed(InvocationInterceptorChain.java:64) ~[junit-jupiter-engine-5.8.2.jar:5.8.2]
	at org.junit.jupiter.engine.execution.InvocationInterceptorChain.chainAndInvoke(InvocationInterceptorChain.java:45) ~[junit-jupiter-engine-5.8.2.jar:5.8.2]
	at org.junit.jupiter.engine.execution.InvocationInterceptorChain.invoke(InvocationInterceptorChain.java:37) ~[junit-jupiter-engine-5.8.2.jar:5.8.2]
	at org.junit.jupiter.engine.execution.ExecutableInvoker.invoke(ExecutableInvoker.java:104) ~[junit-jupiter-engine-5.8.2.jar:5.8.2]
	at org.junit.jupiter.engine.execution.ExecutableInvoker.invoke(ExecutableInvoker.java:98) ~[junit-jupiter-engine-5.8.2.jar:5.8.2]
	at org.junit.jupiter.engine.descriptor.TestMethodTestDescriptor.lambda$invokeTestMethod$7(TestMethodTestDescriptor.java:214) ~[junit-jupiter-engine-5.8.2.jar:5.8.2]
	at org.junit.platform.engine.support.hierarchical.ThrowableCollector.execute(ThrowableCollector.java:73) ~[junit-platform-engine-1.8.2.jar:1.8.2]
	at org.junit.jupiter.engine.descriptor.TestMethodTestDescriptor.invokeTestMethod(TestMethodTestDescriptor.java:210) ~[junit-jupiter-engine-5.8.2.jar:5.8.2]
	at org.junit.jupiter.engine.descriptor.TestMethodTestDescriptor.execute(TestMethodTestDescriptor.java:135) ~[junit-jupiter-engine-5.8.2.jar:5.8.2]
	at org.junit.jupiter.engine.descriptor.TestMethodTestDescriptor.execute(TestMethodTestDescriptor.java:66) ~[junit-jupiter-engine-5.8.2.jar:5.8.2]
	at org.junit.platform.engine.support.hierarchical.NodeTestTask.lambda$executeRecursively$6(NodeTestTask.java:151) ~[junit-platform-engine-1.8.2.jar:1.8.2]
	at org.junit.platform.engine.support.hierarchical.ThrowableCollector.execute(ThrowableCollector.java:73) ~[junit-platform-engine-1.8.2.jar:1.8.2]
	at org.junit.platform.engine.support.hierarchical.NodeTestTask.lambda$executeRecursively$8(NodeTestTask.java:141) ~[junit-platform-engine-1.8.2.jar:1.8.2]
	at org.junit.platform.engine.support.hierarchical.Node.around(Node.java:137) ~[junit-platform-engine-1.8.2.jar:1.8.2]
	at org.junit.platform.engine.support.hierarchical.NodeTestTask.lambda$executeRecursively$9(NodeTestTask.java:139) ~[junit-platform-engine-1.8.2.jar:1.8.2]
	at org.junit.platform.engine.support.hierarchical.ThrowableCollector.execute(ThrowableCollector.java:73) ~[junit-platform-engine-1.8.2.jar:1.8.2]
	at org.junit.platform.engine.support.hierarchical.NodeTestTask.executeRecursively(NodeTestTask.java:138) ~[junit-platform-engine-1.8.2.jar:1.8.2]
	at org.junit.platform.engine.support.hierarchical.NodeTestTask.execute(NodeTestTask.java:95) ~[junit-platform-engine-1.8.2.jar:1.8.2]
	at org.junit.platform.engine.support.hierarchical.SameThreadHierarchicalTestExecutorService.submit(SameThreadHierarchicalTestExecutorService.java:35) ~[junit-platform-engine-1.8.2.jar:1.8.2]
	at org.junit.platform.engine.support.hierarchical.NodeTestTask$DefaultDynamicTestExecutor.execute(NodeTestTask.java:226) ~[junit-platform-engine-1.8.2.jar:1.8.2]
	at org.junit.platform.engine.support.hierarchical.NodeTestTask$DefaultDynamicTestExecutor.execute(NodeTestTask.java:204) ~[junit-platform-engine-1.8.2.jar:1.8.2]
	at org.junit.jupiter.engine.descriptor.TestTemplateTestDescriptor.execute(TestTemplateTestDescriptor.java:139) ~[junit-jupiter-engine-5.8.2.jar:5.8.2]
	at org.junit.jupiter.engine.descriptor.TestTemplateTestDescriptor.lambda$execute$2(TestTemplateTestDescriptor.java:107) ~[junit-jupiter-engine-5.8.2.jar:5.8.2]
	at java.util.stream.ForEachOps$ForEachOp$OfRef.accept(ForEachOps.java:183) ~[?:1.8.0_362]
	at java.util.stream.ReferencePipeline$3$1.accept(ReferencePipeline.java:193) ~[?:1.8.0_362]
	at java.util.stream.ReferencePipeline$2$1.accept(ReferencePipeline.java:175) ~[?:1.8.0_362]
	at java.util.stream.ReferencePipeline$3$1.accept(ReferencePipeline.java:193) ~[?:1.8.0_362]
	at java.util.stream.ForEachOps$ForEachOp$OfRef.accept(ForEachOps.java:183) ~[?:1.8.0_362]
	at java.util.stream.ReferencePipeline$3$1.accept(ReferencePipeline.java:193) ~[?:1.8.0_362]
	at java.util.stream.ReferencePipeline$3$1.accept(ReferencePipeline.java:193) ~[?:1.8.0_362]
	at java.util.stream.ReferencePipeline$3$1.accept(ReferencePipeline.java:193) ~[?:1.8.0_362]
	at java.util.stream.ForEachOps$ForEachOp$OfRef.accept(ForEachOps.java:183) ~[?:1.8.0_362]
	at java.util.stream.ReferencePipeline$3$1.accept(ReferencePipeline.java:193) ~[?:1.8.0_362]
	at java.util.Iterator.forEachRemaining(Iterator.java:116) ~[?:1.8.0_362]
	at java.util.Spliterators$IteratorSpliterator.forEachRemaining(Spliterators.java:1801) ~[?:1.8.0_362]
	at java.util.stream.AbstractPipeline.copyInto(AbstractPipeline.java:482) ~[?:1.8.0_362]
	at java.util.stream.AbstractPipeline.wrapAndCopyInto(AbstractPipeline.java:472) ~[?:1.8.0_362]
	at java.util.stream.ForEachOps$ForEachOp.evaluateSequential(ForEachOps.java:150) ~[?:1.8.0_362]
	at java.util.stream.ForEachOps$ForEachOp$OfRef.evaluateSequential(ForEachOps.java:173) ~[?:1.8.0_362]
	at java.util.stream.AbstractPipeline.evaluate(AbstractPipeline.java:234) ~[?:1.8.0_362]
	at java.util.stream.ReferencePipeline.forEach(ReferencePipeline.java:485) ~[?:1.8.0_362]
	at java.util.stream.ReferencePipeline$7$1.accept(ReferencePipeline.java:272) ~[?:1.8.0_362]
	at java.util.stream.ReferencePipeline$3$1.accept(ReferencePipeline.java:193) ~[?:1.8.0_362]
	at java.util.stream.ReferencePipeline$3$1.accept(ReferencePipeline.java:193) ~[?:1.8.0_362]
	at java.util.stream.ReferencePipeline$3$1.accept(ReferencePipeline.java:193) ~[?:1.8.0_362]
	at java.util.ArrayList$ArrayListSpliterator.forEachRemaining(ArrayList.java:1384) ~[?:1.8.0_362]
	at java.util.stream.AbstractPipeline.copyInto(AbstractPipeline.java:482) ~[?:1.8.0_362]
	at java.util.stream.AbstractPipeline.wrapAndCopyInto(AbstractPipeline.java:472) ~[?:1.8.0_362]
	at java.util.stream.ForEachOps$ForEachOp.evaluateSequential(ForEachOps.java:150) ~[?:1.8.0_362]
	at java.util.stream.ForEachOps$ForEachOp$OfRef.evaluateSequential(ForEachOps.java:173) ~[?:1.8.0_362]
	at java.util.stream.AbstractPipeline.evaluate(AbstractPipeline.java:234) ~[?:1.8.0_362]
	at java.util.stream.ReferencePipeline.forEach(ReferencePipeline.java:485) ~[?:1.8.0_362]
	at java.util.stream.ReferencePipeline$7$1.accept(ReferencePipeline.java:272) ~[?:1.8.0_362]
	at java.util.ArrayList$ArrayListSpliterator.forEachRemaining(ArrayList.java:1384) ~[?:1.8.0_362]
	at java.util.stream.AbstractPipeline.copyInto(AbstractPipeline.java:482) ~[?:1.8.0_362]
	at java.util.stream.AbstractPipeline.wrapAndCopyInto(AbstractPipeline.java:472) ~[?:1.8.0_362]
	at java.util.stream.ForEachOps$ForEachOp.evaluateSequential(ForEachOps.java:150) ~[?:1.8.0_362]
	at java.util.stream.ForEachOps$ForEachOp$OfRef.evaluateSequential(ForEachOps.java:173) ~[?:1.8.0_362]
	at java.util.stream.AbstractPipeline.evaluate(AbstractPipeline.java:234) ~[?:1.8.0_362]
	at java.util.stream.ReferencePipeline.forEach(ReferencePipeline.java:485) ~[?:1.8.0_362]
	at org.junit.jupiter.engine.descriptor.TestTemplateTestDescriptor.execute(TestTemplateTestDescriptor.java:107) ~[junit-jupiter-engine-5.8.2.jar:5.8.2]
	at org.junit.jupiter.engine.descriptor.TestTemplateTestDescriptor.execute(TestTemplateTestDescriptor.java:42) ~[junit-jupiter-engine-5.8.2.jar:5.8.2]
	at org.junit.platform.engine.support.hierarchical.NodeTestTask.lambda$executeRecursively$6(NodeTestTask.java:151) ~[junit-platform-engine-1.8.2.jar:1.8.2]
	at org.junit.platform.engine.support.hierarchical.ThrowableCollector.execute(ThrowableCollector.java:73) ~[junit-platform-engine-1.8.2.jar:1.8.2]
	at org.junit.platform.engine.support.hierarchical.NodeTestTask.lambda$executeRecursively$8(NodeTestTask.java:141) ~[junit-platform-engine-1.8.2.jar:1.8.2]
	at org.junit.platform.engine.support.hierarchical.Node.around(Node.java:137) ~[junit-platform-engine-1.8.2.jar:1.8.2]
	at org.junit.platform.engine.support.hierarchical.NodeTestTask.lambda$executeRecursively$9(NodeTestTask.java:139) ~[junit-platform-engine-1.8.2.jar:1.8.2]
	at org.junit.platform.engine.support.hierarchical.ThrowableCollector.execute(ThrowableCollector.java:73) ~[junit-platform-engine-1.8.2.jar:1.8.2]
	at org.junit.platform.engine.support.hierarchical.NodeTestTask.executeRecursively(NodeTestTask.java:138) ~[junit-platform-engine-1.8.2.jar:1.8.2]
	at org.junit.platform.engine.support.hierarchical.NodeTestTask.execute(NodeTestTask.java:95) ~[junit-platform-engine-1.8.2.jar:1.8.2]
	at java.util.ArrayList.forEach(ArrayList.java:1259) ~[?:1.8.0_362]
	at org.junit.platform.engine.support.hierarchical.SameThreadHierarchicalTestExecutorService.invokeAll(SameThreadHierarchicalTestExecutorService.java:41) ~[junit-platform-engine-1.8.2.jar:1.8.2]
	at org.junit.platform.engine.support.hierarchical.NodeTestTask.lambda$executeRecursively$6(NodeTestTask.java:155) ~[junit-platform-engine-1.8.2.jar:1.8.2]
	at org.junit.platform.engine.support.hierarchical.ThrowableCollector.execute(ThrowableCollector.java:73) ~[junit-platform-engine-1.8.2.jar:1.8.2]
	at org.junit.platform.engine.support.hierarchical.NodeTestTask.lambda$executeRecursively$8(NodeTestTask.java:141) ~[junit-platform-engine-1.8.2.jar:1.8.2]
	at org.junit.platform.engine.support.hierarchical.Node.around(Node.java:137) ~[junit-platform-engine-1.8.2.jar:1.8.2]
	at org.junit.platform.engine.support.hierarchical.NodeTestTask.lambda$executeRecursively$9(NodeTestTask.java:139) ~[junit-platform-engine-1.8.2.jar:1.8.2]
	at org.junit.platform.engine.support.hierarchical.ThrowableCollector.execute(ThrowableCollector.java:73) ~[junit-platform-engine-1.8.2.jar:1.8.2]
	at org.junit.platform.engine.support.hierarchical.NodeTestTask.executeRecursively(NodeTestTask.java:138) ~[junit-platform-engine-1.8.2.jar:1.8.2]
	at org.junit.platform.engine.support.hierarchical.NodeTestTask.execute(NodeTestTask.java:95) ~[junit-platform-engine-1.8.2.jar:1.8.2]
	at java.util.ArrayList.forEach(ArrayList.java:1259) ~[?:1.8.0_362]
	at org.junit.platform.engine.support.hierarchical.SameThreadHierarchicalTestExecutorService.invokeAll(SameThreadHierarchicalTestExecutorService.java:41) ~[junit-platform-engine-1.8.2.jar:1.8.2]
	at org.junit.platform.engine.support.hierarchical.NodeTestTask.lambda$executeRecursively$6(NodeTestTask.java:155) ~[junit-platform-engine-1.8.2.jar:1.8.2]
	at org.junit.platform.engine.support.hierarchical.ThrowableCollector.execute(ThrowableCollector.java:73) ~[junit-platform-engine-1.8.2.jar:1.8.2]
	at org.junit.platform.engine.support.hierarchical.NodeTestTask.lambda$executeRecursively$8(NodeTestTask.java:141) ~[junit-platform-engine-1.8.2.jar:1.8.2]
	at org.junit.platform.engine.support.hierarchical.Node.around(Node.java:137) ~[junit-platform-engine-1.8.2.jar:1.8.2]
	at org.junit.platform.engine.support.hierarchical.NodeTestTask.lambda$executeRecursively$9(NodeTestTask.java:139) ~[junit-platform-engine-1.8.2.jar:1.8.2]
	at org.junit.platform.engine.support.hierarchical.ThrowableCollector.execute(ThrowableCollector.java:73) ~[junit-platform-engine-1.8.2.jar:1.8.2]
	at org.junit.platform.engine.support.hierarchical.NodeTestTask.executeRecursively(NodeTestTask.java:138) ~[junit-platform-engine-1.8.2.jar:1.8.2]
	at org.junit.platform.engine.support.hierarchical.NodeTestTask.execute(NodeTestTask.java:95) ~[junit-platform-engine-1.8.2.jar:1.8.2]
	at org.junit.platform.engine.support.hierarchical.SameThreadHierarchicalTestExecutorService.submit(SameThreadHierarchicalTestExecutorService.java:35) ~[junit-platform-engine-1.8.2.jar:1.8.2]
	at org.junit.platform.engine.support.hierarchical.HierarchicalTestExecutor.execute(HierarchicalTestExecutor.java:57) ~[junit-platform-engine-1.8.2.jar:1.8.2]
	at org.junit.platform.engine.support.hierarchical.HierarchicalTestEngine.execute(HierarchicalTestEngine.java:54) ~[junit-platform-engine-1.8.2.jar:1.8.2]
	at org.junit.platform.launcher.core.EngineExecutionOrchestrator.execute(EngineExecutionOrchestrator.java:107) ~[junit-platform-launcher-1.8.2.jar:1.8.2]
	at org.junit.platform.launcher.core.EngineExecutionOrchestrator.execute(EngineExecutionOrchestrator.java:88) ~[junit-platform-launcher-1.8.2.jar:1.8.2]
	at org.junit.platform.launcher.core.EngineExecutionOrchestrator.lambda$execute$0(EngineExecutionOrchestrator.java:54) ~[junit-platform-launcher-1.8.2.jar:1.8.2]
	at org.junit.platform.launcher.core.EngineExecutionOrchestrator.withInterceptedStreams(EngineExecutionOrchestrator.java:67) [junit-platform-launcher-1.8.2.jar:1.8.2]
	at org.junit.platform.launcher.core.EngineExecutionOrchestrator.execute(EngineExecutionOrchestrator.java:52) [junit-platform-launcher-1.8.2.jar:1.8.2]
	at org.junit.platform.launcher.core.DefaultLauncher.execute(DefaultLauncher.java:114) [junit-platform-launcher-1.8.2.jar:1.8.2]
	at org.junit.platform.launcher.core.DefaultLauncher.execute(DefaultLauncher.java:86) [junit-platform-launcher-1.8.2.jar:1.8.2]
	at org.junit.platform.launcher.core.DefaultLauncherSession$DelegatingLauncher.execute(DefaultLauncherSession.java:86) [junit-platform-launcher-1.8.2.jar:1.8.2]
	at org.junit.platform.launcher.core.SessionPerRequestLauncher.execute(SessionPerRequestLauncher.java:53) [junit-platform-launcher-1.8.2.jar:1.8.2]
	at org.apache.maven.surefire.junitplatform.JUnitPlatformProvider.execute(JUnitPlatformProvider.java:188) [surefire-junit-platform-3.0.0-M5.jar:3.0.0-M5]
	at org.apache.maven.surefire.junitplatform.JUnitPlatformProvider.invokeAllTests(JUnitPlatformProvider.java:154) [surefire-junit-platform-3.0.0-M5.jar:3.0.0-M5]
	at org.apache.maven.surefire.junitplatform.JUnitPlatformProvider.invoke(JUnitPlatformProvider.java:124) [surefire-junit-platform-3.0.0-M5.jar:3.0.0-M5]
	at org.apache.maven.surefire.booter.ForkedBooter.runSuitesInProcess(ForkedBooter.java:428) [surefire-booter-3.0.0-M5.jar:3.0.0-M5]
	at org.apache.maven.surefire.booter.ForkedBooter.execute(ForkedBooter.java:162) [surefire-booter-3.0.0-M5.jar:3.0.0-M5]
	at org.apache.maven.surefire.booter.ForkedBooter.run(ForkedBooter.java:562) [surefire-booter-3.0.0-M5.jar:3.0.0-M5]
	at org.apache.maven.surefire.booter.ForkedBooter.main(ForkedBooter.java:548) [surefire-booter-3.0.0-M5.jar:3.0.0-M5]
]]></system-out>
  </testcase>
  <testcase name="testGeyKeyInfoWithNotAllowedUser(BucketLayout)[3]" classname="org.apache.hadoop.ozone.om.snapshot.TestOzoneManagerSnapshotAcl" time="1.116">
    <system-out><![CDATA[2023-03-16 19:31:43,302 [Listener at 127.0.0.1/32993] INFO  rpc.RpcClient (RpcClient.java:createVolume(476)) - Creating Volume: volume-15926, with admin as owner and space quota set to -1 bytes, counts quota set to -1
2023-03-16 19:31:43,304 [OM StateMachine ApplyTransaction Thread - 0] INFO  volume.OMVolumeCreateRequest (OMVolumeCreateRequest.java:validateAndUpdateCache(195)) - created volume:volume-15926 for user:admin
2023-03-16 19:31:43,306 [Listener at 127.0.0.1/32993] INFO  rpc.RpcClient (RpcClient.java:createBucket(698)) - Creating Bucket: volume-15926/bucket-17150, with bucket layout LEGACY, admin as owner, Versioning false, Storage Type set to DISK and Encryption set to false, Replication Type set to server-side default replication type, Namespace Quota set to -1, Space Quota set to -1 
2023-03-16 19:31:43,308 [OM StateMachine ApplyTransaction Thread - 0] INFO  bucket.OMBucketCreateRequest (OMBucketCreateRequest.java:validateAndUpdateCache(263)) - created bucket: bucket-17150 of layout LEGACY in volume: volume-15926
2023-03-16 19:31:43,355 [OM StateMachine ApplyTransaction Thread - 0] INFO  snapshot.OMSnapshotCreateRequest (OMSnapshotCreateRequest.java:validateAndUpdateCache(204)) - Created snapshot 'snapshot-95306' under path 'volume-15926/bucket-17150'
2023-03-16 19:31:43,377 [OMDoubleBufferFlushThread] INFO  db.RDBCheckpointManager (RDBCheckpointManager.java:createCheckpoint(96)) - Created checkpoint in rocksDB at /home/runner/work/ozone/ozone/hadoop-ozone/integration-test/target/test-dir/MiniOzoneClusterImpl-7c80c19b-b74a-4fd6-b02a-95a373f15db1/omNode-1/db.snapshots/om.db-13dbb142-abc3-474c-abf8-5bcbbc29f99b in 19 milliseconds
2023-03-16 19:31:43,378 [OMDoubleBufferFlushThread] INFO  db.RDBCheckpointManager (RDBCheckpointManager.java:waitForCheckpointDirectoryExist(125)) - Waited for 0 milliseconds for checkpoint directory /home/runner/work/ozone/ozone/hadoop-ozone/integration-test/target/test-dir/MiniOzoneClusterImpl-7c80c19b-b74a-4fd6-b02a-95a373f15db1/omNode-1/db.snapshots/om.db-13dbb142-abc3-474c-abf8-5bcbbc29f99b availability.
2023-03-16 19:31:43,378 [OMDoubleBufferFlushThread] INFO  om.OmSnapshotManager (OmSnapshotManager.java:createOmSnapshotCheckpoint(269)) - Created checkpoint : /home/runner/work/ozone/ozone/hadoop-ozone/integration-test/target/test-dir/MiniOzoneClusterImpl-7c80c19b-b74a-4fd6-b02a-95a373f15db1/omNode-1/db.snapshots/om.db-13dbb142-abc3-474c-abf8-5bcbbc29f99b for snapshot snapshot-95306
2023-03-16 19:31:44,364 [Listener at 127.0.0.1/32993] WARN  server.ServerUtils (ServerUtils.java:getDBPath(225)) - ozone.om.db.dirs is not configured. We recommend adding this setting. Falling back to ozone.metadata.dirs instead.
2023-03-16 19:31:44,365 [Listener at 127.0.0.1/32993] INFO  codec.OmKeyInfoCodec (OmKeyInfoCodec.java:<init>(49)) - OmKeyInfoCodec ignorePipeline = true
2023-03-16 19:31:44,365 [Listener at 127.0.0.1/32993] INFO  codec.RepeatedOmKeyInfoCodec (RepeatedOmKeyInfoCodec.java:<init>(41)) - RepeatedOmKeyInfoCodec ignorePipeline = true
2023-03-16 19:31:44,402 [Listener at 127.0.0.1/32993] WARN  om.OmSnapshot (OmMetadataReader.java:checkAcls(497)) - User user2 doesn't have READ permission to access key Volume:volume-15926 Bucket:bucket-17150 Key:key-98428
19:31:44.403 [Listener at 127.0.0.1/32993] ERROR OMAudit - user=null | ip=null | op=READ_KEY {volume=volume-15926, bucket=bucket-17150, key=key-98428, dataSize=0, replicationConfig=null} | ret=FAILURE
org.apache.hadoop.ozone.om.exceptions.OMException: User user2 doesn't have READ permission to access key Volume:volume-15926 Bucket:bucket-17150 Key:key-98428
	at org.apache.hadoop.ozone.om.OmMetadataReader.checkAcls(OmMetadataReader.java:500) ~[ozone-manager-1.4.0-SNAPSHOT.jar:?]
	at org.apache.hadoop.ozone.om.OmMetadataReader.checkAcls(OmMetadataReader.java:475) ~[ozone-manager-1.4.0-SNAPSHOT.jar:?]
	at org.apache.hadoop.ozone.om.OzoneAclUtils.checkAllAcls(OzoneAclUtils.java:129) ~[ozone-manager-1.4.0-SNAPSHOT.jar:?]
	at org.apache.hadoop.ozone.om.OmMetadataReader.checkAcls(OmMetadataReader.java:437) ~[ozone-manager-1.4.0-SNAPSHOT.jar:?]
	at org.apache.hadoop.ozone.om.OmMetadataReader.lambda$3(OmMetadataReader.java:203) ~[ozone-manager-1.4.0-SNAPSHOT.jar:?]
	at org.apache.hadoop.util.MetricUtil.captureLatencyNs(MetricUtil.java:47) ~[hdds-common-1.4.0-SNAPSHOT.jar:?]
	at org.apache.hadoop.ozone.om.OmMetadataReader.getKeyInfo(OmMetadataReader.java:202) ~[ozone-manager-1.4.0-SNAPSHOT.jar:?]
	at org.apache.hadoop.ozone.om.OmSnapshot.getKeyInfo(OmSnapshot.java:99) ~[ozone-manager-1.4.0-SNAPSHOT.jar:?]
	at org.apache.hadoop.ozone.om.OzoneManager.getKeyInfo(OzoneManager.java:2810) ~[ozone-manager-1.4.0-SNAPSHOT.jar:?]
	at org.apache.hadoop.ozone.om.snapshot.TestOzoneManagerSnapshotAcl.lambda$testGeyKeyInfoWithNotAllowedUser$4(TestOzoneManagerSnapshotAcl.java:219) ~[test-classes/:?]
	at org.junit.jupiter.api.AssertThrows.assertThrows(AssertThrows.java:55) ~[junit-jupiter-api-5.8.2.jar:5.8.2]
	at org.junit.jupiter.api.AssertThrows.assertThrows(AssertThrows.java:37) ~[junit-jupiter-api-5.8.2.jar:5.8.2]
	at org.junit.jupiter.api.Assertions.assertThrows(Assertions.java:3082) ~[junit-jupiter-api-5.8.2.jar:5.8.2]
	at org.apache.hadoop.ozone.om.snapshot.TestOzoneManagerSnapshotAcl.testGeyKeyInfoWithNotAllowedUser(TestOzoneManagerSnapshotAcl.java:218) ~[test-classes/:?]
	at sun.reflect.NativeMethodAccessorImpl.invoke0(Native Method) ~[?:1.8.0_362]
	at sun.reflect.NativeMethodAccessorImpl.invoke(NativeMethodAccessorImpl.java:62) ~[?:1.8.0_362]
	at sun.reflect.DelegatingMethodAccessorImpl.invoke(DelegatingMethodAccessorImpl.java:43) ~[?:1.8.0_362]
	at java.lang.reflect.Method.invoke(Method.java:498) ~[?:1.8.0_362]
	at org.junit.platform.commons.util.ReflectionUtils.invokeMethod(ReflectionUtils.java:725) ~[junit-platform-commons-1.8.2.jar:1.8.2]
	at org.junit.jupiter.engine.execution.MethodInvocation.proceed(MethodInvocation.java:60) ~[junit-jupiter-engine-5.8.2.jar:5.8.2]
	at org.junit.jupiter.engine.execution.InvocationInterceptorChain$ValidatingInvocation.proceed(InvocationInterceptorChain.java:131) ~[junit-jupiter-engine-5.8.2.jar:5.8.2]
	at org.junit.jupiter.engine.extension.TimeoutInvocation.proceed(TimeoutInvocation.java:46) ~[junit-jupiter-engine-5.8.2.jar:5.8.2]
	at org.junit.jupiter.engine.extension.TimeoutExtension.intercept(TimeoutExtension.java:149) ~[junit-jupiter-engine-5.8.2.jar:5.8.2]
	at org.junit.jupiter.engine.extension.TimeoutExtension.interceptTestableMethod(TimeoutExtension.java:140) ~[junit-jupiter-engine-5.8.2.jar:5.8.2]
	at org.junit.jupiter.engine.extension.TimeoutExtension.interceptTestTemplateMethod(TimeoutExtension.java:92) ~[junit-jupiter-engine-5.8.2.jar:5.8.2]
	at org.junit.jupiter.engine.execution.ExecutableInvoker$ReflectiveInterceptorCall.lambda$ofVoidMethod$0(ExecutableInvoker.java:115) ~[junit-jupiter-engine-5.8.2.jar:5.8.2]
	at org.junit.jupiter.engine.execution.ExecutableInvoker.lambda$invoke$0(ExecutableInvoker.java:105) ~[junit-jupiter-engine-5.8.2.jar:5.8.2]
	at org.junit.jupiter.engine.execution.InvocationInterceptorChain$InterceptedInvocation.proceed(InvocationInterceptorChain.java:106) ~[junit-jupiter-engine-5.8.2.jar:5.8.2]
	at org.junit.jupiter.engine.execution.InvocationInterceptorChain.proceed(InvocationInterceptorChain.java:64) ~[junit-jupiter-engine-5.8.2.jar:5.8.2]
	at org.junit.jupiter.engine.execution.InvocationInterceptorChain.chainAndInvoke(InvocationInterceptorChain.java:45) ~[junit-jupiter-engine-5.8.2.jar:5.8.2]
	at org.junit.jupiter.engine.execution.InvocationInterceptorChain.invoke(InvocationInterceptorChain.java:37) ~[junit-jupiter-engine-5.8.2.jar:5.8.2]
	at org.junit.jupiter.engine.execution.ExecutableInvoker.invoke(ExecutableInvoker.java:104) ~[junit-jupiter-engine-5.8.2.jar:5.8.2]
	at org.junit.jupiter.engine.execution.ExecutableInvoker.invoke(ExecutableInvoker.java:98) ~[junit-jupiter-engine-5.8.2.jar:5.8.2]
	at org.junit.jupiter.engine.descriptor.TestMethodTestDescriptor.lambda$invokeTestMethod$7(TestMethodTestDescriptor.java:214) ~[junit-jupiter-engine-5.8.2.jar:5.8.2]
	at org.junit.platform.engine.support.hierarchical.ThrowableCollector.execute(ThrowableCollector.java:73) ~[junit-platform-engine-1.8.2.jar:1.8.2]
	at org.junit.jupiter.engine.descriptor.TestMethodTestDescriptor.invokeTestMethod(TestMethodTestDescriptor.java:210) ~[junit-jupiter-engine-5.8.2.jar:5.8.2]
	at org.junit.jupiter.engine.descriptor.TestMethodTestDescriptor.execute(TestMethodTestDescriptor.java:135) ~[junit-jupiter-engine-5.8.2.jar:5.8.2]
	at org.junit.jupiter.engine.descriptor.TestMethodTestDescriptor.execute(TestMethodTestDescriptor.java:66) ~[junit-jupiter-engine-5.8.2.jar:5.8.2]
	at org.junit.platform.engine.support.hierarchical.NodeTestTask.lambda$executeRecursively$6(NodeTestTask.java:151) ~[junit-platform-engine-1.8.2.jar:1.8.2]
	at org.junit.platform.engine.support.hierarchical.ThrowableCollector.execute(ThrowableCollector.java:73) ~[junit-platform-engine-1.8.2.jar:1.8.2]
	at org.junit.platform.engine.support.hierarchical.NodeTestTask.lambda$executeRecursively$8(NodeTestTask.java:141) ~[junit-platform-engine-1.8.2.jar:1.8.2]
	at org.junit.platform.engine.support.hierarchical.Node.around(Node.java:137) ~[junit-platform-engine-1.8.2.jar:1.8.2]
	at org.junit.platform.engine.support.hierarchical.NodeTestTask.lambda$executeRecursively$9(NodeTestTask.java:139) ~[junit-platform-engine-1.8.2.jar:1.8.2]
	at org.junit.platform.engine.support.hierarchical.ThrowableCollector.execute(ThrowableCollector.java:73) ~[junit-platform-engine-1.8.2.jar:1.8.2]
	at org.junit.platform.engine.support.hierarchical.NodeTestTask.executeRecursively(NodeTestTask.java:138) ~[junit-platform-engine-1.8.2.jar:1.8.2]
	at org.junit.platform.engine.support.hierarchical.NodeTestTask.execute(NodeTestTask.java:95) ~[junit-platform-engine-1.8.2.jar:1.8.2]
	at org.junit.platform.engine.support.hierarchical.SameThreadHierarchicalTestExecutorService.submit(SameThreadHierarchicalTestExecutorService.java:35) ~[junit-platform-engine-1.8.2.jar:1.8.2]
	at org.junit.platform.engine.support.hierarchical.NodeTestTask$DefaultDynamicTestExecutor.execute(NodeTestTask.java:226) ~[junit-platform-engine-1.8.2.jar:1.8.2]
	at org.junit.platform.engine.support.hierarchical.NodeTestTask$DefaultDynamicTestExecutor.execute(NodeTestTask.java:204) ~[junit-platform-engine-1.8.2.jar:1.8.2]
	at org.junit.jupiter.engine.descriptor.TestTemplateTestDescriptor.execute(TestTemplateTestDescriptor.java:139) ~[junit-jupiter-engine-5.8.2.jar:5.8.2]
	at org.junit.jupiter.engine.descriptor.TestTemplateTestDescriptor.lambda$execute$2(TestTemplateTestDescriptor.java:107) ~[junit-jupiter-engine-5.8.2.jar:5.8.2]
	at java.util.stream.ForEachOps$ForEachOp$OfRef.accept(ForEachOps.java:183) ~[?:1.8.0_362]
	at java.util.stream.ReferencePipeline$3$1.accept(ReferencePipeline.java:193) ~[?:1.8.0_362]
	at java.util.stream.ReferencePipeline$2$1.accept(ReferencePipeline.java:175) ~[?:1.8.0_362]
	at java.util.stream.ReferencePipeline$3$1.accept(ReferencePipeline.java:193) ~[?:1.8.0_362]
	at java.util.stream.ForEachOps$ForEachOp$OfRef.accept(ForEachOps.java:183) ~[?:1.8.0_362]
	at java.util.stream.ReferencePipeline$3$1.accept(ReferencePipeline.java:193) ~[?:1.8.0_362]
	at java.util.stream.ReferencePipeline$3$1.accept(ReferencePipeline.java:193) ~[?:1.8.0_362]
	at java.util.stream.ReferencePipeline$3$1.accept(ReferencePipeline.java:193) ~[?:1.8.0_362]
	at java.util.stream.ForEachOps$ForEachOp$OfRef.accept(ForEachOps.java:183) ~[?:1.8.0_362]
	at java.util.stream.ReferencePipeline$3$1.accept(ReferencePipeline.java:193) ~[?:1.8.0_362]
	at java.util.Iterator.forEachRemaining(Iterator.java:116) ~[?:1.8.0_362]
	at java.util.Spliterators$IteratorSpliterator.forEachRemaining(Spliterators.java:1801) ~[?:1.8.0_362]
	at java.util.stream.AbstractPipeline.copyInto(AbstractPipeline.java:482) ~[?:1.8.0_362]
	at java.util.stream.AbstractPipeline.wrapAndCopyInto(AbstractPipeline.java:472) ~[?:1.8.0_362]
	at java.util.stream.ForEachOps$ForEachOp.evaluateSequential(ForEachOps.java:150) ~[?:1.8.0_362]
	at java.util.stream.ForEachOps$ForEachOp$OfRef.evaluateSequential(ForEachOps.java:173) ~[?:1.8.0_362]
	at java.util.stream.AbstractPipeline.evaluate(AbstractPipeline.java:234) ~[?:1.8.0_362]
	at java.util.stream.ReferencePipeline.forEach(ReferencePipeline.java:485) ~[?:1.8.0_362]
	at java.util.stream.ReferencePipeline$7$1.accept(ReferencePipeline.java:272) ~[?:1.8.0_362]
	at java.util.stream.ReferencePipeline$3$1.accept(ReferencePipeline.java:193) ~[?:1.8.0_362]
	at java.util.stream.ReferencePipeline$3$1.accept(ReferencePipeline.java:193) ~[?:1.8.0_362]
	at java.util.stream.ReferencePipeline$3$1.accept(ReferencePipeline.java:193) ~[?:1.8.0_362]
	at java.util.ArrayList$ArrayListSpliterator.forEachRemaining(ArrayList.java:1384) ~[?:1.8.0_362]
	at java.util.stream.AbstractPipeline.copyInto(AbstractPipeline.java:482) ~[?:1.8.0_362]
	at java.util.stream.AbstractPipeline.wrapAndCopyInto(AbstractPipeline.java:472) ~[?:1.8.0_362]
	at java.util.stream.ForEachOps$ForEachOp.evaluateSequential(ForEachOps.java:150) ~[?:1.8.0_362]
	at java.util.stream.ForEachOps$ForEachOp$OfRef.evaluateSequential(ForEachOps.java:173) ~[?:1.8.0_362]
	at java.util.stream.AbstractPipeline.evaluate(AbstractPipeline.java:234) ~[?:1.8.0_362]
	at java.util.stream.ReferencePipeline.forEach(ReferencePipeline.java:485) ~[?:1.8.0_362]
	at java.util.stream.ReferencePipeline$7$1.accept(ReferencePipeline.java:272) ~[?:1.8.0_362]
	at java.util.ArrayList$ArrayListSpliterator.forEachRemaining(ArrayList.java:1384) ~[?:1.8.0_362]
	at java.util.stream.AbstractPipeline.copyInto(AbstractPipeline.java:482) ~[?:1.8.0_362]
	at java.util.stream.AbstractPipeline.wrapAndCopyInto(AbstractPipeline.java:472) ~[?:1.8.0_362]
	at java.util.stream.ForEachOps$ForEachOp.evaluateSequential(ForEachOps.java:150) ~[?:1.8.0_362]
	at java.util.stream.ForEachOps$ForEachOp$OfRef.evaluateSequential(ForEachOps.java:173) ~[?:1.8.0_362]
	at java.util.stream.AbstractPipeline.evaluate(AbstractPipeline.java:234) ~[?:1.8.0_362]
	at java.util.stream.ReferencePipeline.forEach(ReferencePipeline.java:485) ~[?:1.8.0_362]
	at org.junit.jupiter.engine.descriptor.TestTemplateTestDescriptor.execute(TestTemplateTestDescriptor.java:107) ~[junit-jupiter-engine-5.8.2.jar:5.8.2]
	at org.junit.jupiter.engine.descriptor.TestTemplateTestDescriptor.execute(TestTemplateTestDescriptor.java:42) ~[junit-jupiter-engine-5.8.2.jar:5.8.2]
	at org.junit.platform.engine.support.hierarchical.NodeTestTask.lambda$executeRecursively$6(NodeTestTask.java:151) ~[junit-platform-engine-1.8.2.jar:1.8.2]
	at org.junit.platform.engine.support.hierarchical.ThrowableCollector.execute(ThrowableCollector.java:73) ~[junit-platform-engine-1.8.2.jar:1.8.2]
	at org.junit.platform.engine.support.hierarchical.NodeTestTask.lambda$executeRecursively$8(NodeTestTask.java:141) ~[junit-platform-engine-1.8.2.jar:1.8.2]
	at org.junit.platform.engine.support.hierarchical.Node.around(Node.java:137) ~[junit-platform-engine-1.8.2.jar:1.8.2]
	at org.junit.platform.engine.support.hierarchical.NodeTestTask.lambda$executeRecursively$9(NodeTestTask.java:139) ~[junit-platform-engine-1.8.2.jar:1.8.2]
	at org.junit.platform.engine.support.hierarchical.ThrowableCollector.execute(ThrowableCollector.java:73) ~[junit-platform-engine-1.8.2.jar:1.8.2]
	at org.junit.platform.engine.support.hierarchical.NodeTestTask.executeRecursively(NodeTestTask.java:138) ~[junit-platform-engine-1.8.2.jar:1.8.2]
	at org.junit.platform.engine.support.hierarchical.NodeTestTask.execute(NodeTestTask.java:95) ~[junit-platform-engine-1.8.2.jar:1.8.2]
	at java.util.ArrayList.forEach(ArrayList.java:1259) ~[?:1.8.0_362]
	at org.junit.platform.engine.support.hierarchical.SameThreadHierarchicalTestExecutorService.invokeAll(SameThreadHierarchicalTestExecutorService.java:41) ~[junit-platform-engine-1.8.2.jar:1.8.2]
	at org.junit.platform.engine.support.hierarchical.NodeTestTask.lambda$executeRecursively$6(NodeTestTask.java:155) ~[junit-platform-engine-1.8.2.jar:1.8.2]
	at org.junit.platform.engine.support.hierarchical.ThrowableCollector.execute(ThrowableCollector.java:73) ~[junit-platform-engine-1.8.2.jar:1.8.2]
	at org.junit.platform.engine.support.hierarchical.NodeTestTask.lambda$executeRecursively$8(NodeTestTask.java:141) ~[junit-platform-engine-1.8.2.jar:1.8.2]
	at org.junit.platform.engine.support.hierarchical.Node.around(Node.java:137) ~[junit-platform-engine-1.8.2.jar:1.8.2]
	at org.junit.platform.engine.support.hierarchical.NodeTestTask.lambda$executeRecursively$9(NodeTestTask.java:139) ~[junit-platform-engine-1.8.2.jar:1.8.2]
	at org.junit.platform.engine.support.hierarchical.ThrowableCollector.execute(ThrowableCollector.java:73) ~[junit-platform-engine-1.8.2.jar:1.8.2]
	at org.junit.platform.engine.support.hierarchical.NodeTestTask.executeRecursively(NodeTestTask.java:138) ~[junit-platform-engine-1.8.2.jar:1.8.2]
	at org.junit.platform.engine.support.hierarchical.NodeTestTask.execute(NodeTestTask.java:95) ~[junit-platform-engine-1.8.2.jar:1.8.2]
	at java.util.ArrayList.forEach(ArrayList.java:1259) ~[?:1.8.0_362]
	at org.junit.platform.engine.support.hierarchical.SameThreadHierarchicalTestExecutorService.invokeAll(SameThreadHierarchicalTestExecutorService.java:41) ~[junit-platform-engine-1.8.2.jar:1.8.2]
	at org.junit.platform.engine.support.hierarchical.NodeTestTask.lambda$executeRecursively$6(NodeTestTask.java:155) ~[junit-platform-engine-1.8.2.jar:1.8.2]
	at org.junit.platform.engine.support.hierarchical.ThrowableCollector.execute(ThrowableCollector.java:73) ~[junit-platform-engine-1.8.2.jar:1.8.2]
	at org.junit.platform.engine.support.hierarchical.NodeTestTask.lambda$executeRecursively$8(NodeTestTask.java:141) ~[junit-platform-engine-1.8.2.jar:1.8.2]
	at org.junit.platform.engine.support.hierarchical.Node.around(Node.java:137) ~[junit-platform-engine-1.8.2.jar:1.8.2]
	at org.junit.platform.engine.support.hierarchical.NodeTestTask.lambda$executeRecursively$9(NodeTestTask.java:139) ~[junit-platform-engine-1.8.2.jar:1.8.2]
	at org.junit.platform.engine.support.hierarchical.ThrowableCollector.execute(ThrowableCollector.java:73) ~[junit-platform-engine-1.8.2.jar:1.8.2]
	at org.junit.platform.engine.support.hierarchical.NodeTestTask.executeRecursively(NodeTestTask.java:138) ~[junit-platform-engine-1.8.2.jar:1.8.2]
	at org.junit.platform.engine.support.hierarchical.NodeTestTask.execute(NodeTestTask.java:95) ~[junit-platform-engine-1.8.2.jar:1.8.2]
	at org.junit.platform.engine.support.hierarchical.SameThreadHierarchicalTestExecutorService.submit(SameThreadHierarchicalTestExecutorService.java:35) ~[junit-platform-engine-1.8.2.jar:1.8.2]
	at org.junit.platform.engine.support.hierarchical.HierarchicalTestExecutor.execute(HierarchicalTestExecutor.java:57) ~[junit-platform-engine-1.8.2.jar:1.8.2]
	at org.junit.platform.engine.support.hierarchical.HierarchicalTestEngine.execute(HierarchicalTestEngine.java:54) ~[junit-platform-engine-1.8.2.jar:1.8.2]
	at org.junit.platform.launcher.core.EngineExecutionOrchestrator.execute(EngineExecutionOrchestrator.java:107) ~[junit-platform-launcher-1.8.2.jar:1.8.2]
	at org.junit.platform.launcher.core.EngineExecutionOrchestrator.execute(EngineExecutionOrchestrator.java:88) ~[junit-platform-launcher-1.8.2.jar:1.8.2]
	at org.junit.platform.launcher.core.EngineExecutionOrchestrator.lambda$execute$0(EngineExecutionOrchestrator.java:54) ~[junit-platform-launcher-1.8.2.jar:1.8.2]
	at org.junit.platform.launcher.core.EngineExecutionOrchestrator.withInterceptedStreams(EngineExecutionOrchestrator.java:67) [junit-platform-launcher-1.8.2.jar:1.8.2]
	at org.junit.platform.launcher.core.EngineExecutionOrchestrator.execute(EngineExecutionOrchestrator.java:52) [junit-platform-launcher-1.8.2.jar:1.8.2]
	at org.junit.platform.launcher.core.DefaultLauncher.execute(DefaultLauncher.java:114) [junit-platform-launcher-1.8.2.jar:1.8.2]
	at org.junit.platform.launcher.core.DefaultLauncher.execute(DefaultLauncher.java:86) [junit-platform-launcher-1.8.2.jar:1.8.2]
	at org.junit.platform.launcher.core.DefaultLauncherSession$DelegatingLauncher.execute(DefaultLauncherSession.java:86) [junit-platform-launcher-1.8.2.jar:1.8.2]
	at org.junit.platform.launcher.core.SessionPerRequestLauncher.execute(SessionPerRequestLauncher.java:53) [junit-platform-launcher-1.8.2.jar:1.8.2]
	at org.apache.maven.surefire.junitplatform.JUnitPlatformProvider.execute(JUnitPlatformProvider.java:188) [surefire-junit-platform-3.0.0-M5.jar:3.0.0-M5]
	at org.apache.maven.surefire.junitplatform.JUnitPlatformProvider.invokeAllTests(JUnitPlatformProvider.java:154) [surefire-junit-platform-3.0.0-M5.jar:3.0.0-M5]
	at org.apache.maven.surefire.junitplatform.JUnitPlatformProvider.invoke(JUnitPlatformProvider.java:124) [surefire-junit-platform-3.0.0-M5.jar:3.0.0-M5]
	at org.apache.maven.surefire.booter.ForkedBooter.runSuitesInProcess(ForkedBooter.java:428) [surefire-booter-3.0.0-M5.jar:3.0.0-M5]
	at org.apache.maven.surefire.booter.ForkedBooter.execute(ForkedBooter.java:162) [surefire-booter-3.0.0-M5.jar:3.0.0-M5]
	at org.apache.maven.surefire.booter.ForkedBooter.run(ForkedBooter.java:562) [surefire-booter-3.0.0-M5.jar:3.0.0-M5]
	at org.apache.maven.surefire.booter.ForkedBooter.main(ForkedBooter.java:548) [surefire-booter-3.0.0-M5.jar:3.0.0-M5]
]]></system-out>
  </testcase>
  <testcase name="testLookupFileWithNotAllowedUser(BucketLayout)[1]" classname="org.apache.hadoop.ozone.om.snapshot.TestOzoneManagerSnapshotAcl" time="1.122">
    <system-out><![CDATA[2023-03-16 19:31:44,421 [Listener at 127.0.0.1/32993] INFO  rpc.RpcClient (RpcClient.java:createVolume(476)) - Creating Volume: volume-49732, with admin as owner and space quota set to -1 bytes, counts quota set to -1
2023-03-16 19:31:44,423 [OM StateMachine ApplyTransaction Thread - 0] INFO  volume.OMVolumeCreateRequest (OMVolumeCreateRequest.java:validateAndUpdateCache(195)) - created volume:volume-49732 for user:admin
2023-03-16 19:31:44,424 [Listener at 127.0.0.1/32993] INFO  rpc.RpcClient (RpcClient.java:createBucket(698)) - Creating Bucket: volume-49732/bucket-99335, with bucket layout FILE_SYSTEM_OPTIMIZED, admin as owner, Versioning false, Storage Type set to DISK and Encryption set to false, Replication Type set to server-side default replication type, Namespace Quota set to -1, Space Quota set to -1 
2023-03-16 19:31:44,426 [OM StateMachine ApplyTransaction Thread - 0] INFO  bucket.OMBucketCreateRequest (OMBucketCreateRequest.java:validateAndUpdateCache(263)) - created bucket: bucket-99335 of layout FILE_SYSTEM_OPTIMIZED in volume: volume-49732
2023-03-16 19:31:44,466 [OM StateMachine ApplyTransaction Thread - 0] INFO  snapshot.OMSnapshotCreateRequest (OMSnapshotCreateRequest.java:validateAndUpdateCache(204)) - Created snapshot 'snapshot-69074' under path 'volume-49732/bucket-99335'
2023-03-16 19:31:44,507 [OMDoubleBufferFlushThread] INFO  db.RDBCheckpointManager (RDBCheckpointManager.java:createCheckpoint(96)) - Created checkpoint in rocksDB at /home/runner/work/ozone/ozone/hadoop-ozone/integration-test/target/test-dir/MiniOzoneClusterImpl-7c80c19b-b74a-4fd6-b02a-95a373f15db1/omNode-1/db.snapshots/om.db-680be97c-6693-4170-90ef-a4fe32748219 in 39 milliseconds
2023-03-16 19:31:44,507 [OMDoubleBufferFlushThread] INFO  db.RDBCheckpointManager (RDBCheckpointManager.java:waitForCheckpointDirectoryExist(125)) - Waited for 0 milliseconds for checkpoint directory /home/runner/work/ozone/ozone/hadoop-ozone/integration-test/target/test-dir/MiniOzoneClusterImpl-7c80c19b-b74a-4fd6-b02a-95a373f15db1/omNode-1/db.snapshots/om.db-680be97c-6693-4170-90ef-a4fe32748219 availability.
2023-03-16 19:31:44,507 [OMDoubleBufferFlushThread] INFO  om.OmSnapshotManager (OmSnapshotManager.java:createOmSnapshotCheckpoint(269)) - Created checkpoint : /home/runner/work/ozone/ozone/hadoop-ozone/integration-test/target/test-dir/MiniOzoneClusterImpl-7c80c19b-b74a-4fd6-b02a-95a373f15db1/omNode-1/db.snapshots/om.db-680be97c-6693-4170-90ef-a4fe32748219 for snapshot snapshot-69074
2023-03-16 19:31:45,476 [Listener at 127.0.0.1/32993] WARN  server.ServerUtils (ServerUtils.java:getDBPath(225)) - ozone.om.db.dirs is not configured. We recommend adding this setting. Falling back to ozone.metadata.dirs instead.
2023-03-16 19:31:45,476 [Listener at 127.0.0.1/32993] INFO  codec.OmKeyInfoCodec (OmKeyInfoCodec.java:<init>(49)) - OmKeyInfoCodec ignorePipeline = true
2023-03-16 19:31:45,477 [Listener at 127.0.0.1/32993] INFO  codec.RepeatedOmKeyInfoCodec (RepeatedOmKeyInfoCodec.java:<init>(41)) - RepeatedOmKeyInfoCodec ignorePipeline = true
2023-03-16 19:31:45,517 [Listener at 127.0.0.1/32993] WARN  om.OmSnapshot (OmMetadataReader.java:checkAcls(497)) - User user2 doesn't have READ permission to access key Volume:volume-49732 Bucket:bucket-99335 Key:key-20980
19:31:45.518 [Listener at 127.0.0.1/32993] ERROR OMAudit - user=null | ip=null | op=LOOKUP_FILE {volume=volume-49732, bucket=bucket-99335, key=key-20980, dataSize=0, replicationConfig=null} | ret=FAILURE
org.apache.hadoop.ozone.om.exceptions.OMException: User user2 doesn't have READ permission to access key Volume:volume-49732 Bucket:bucket-99335 Key:key-20980
	at org.apache.hadoop.ozone.om.OmMetadataReader.checkAcls(OmMetadataReader.java:500) ~[ozone-manager-1.4.0-SNAPSHOT.jar:?]
	at org.apache.hadoop.ozone.om.OmMetadataReader.checkAcls(OmMetadataReader.java:475) ~[ozone-manager-1.4.0-SNAPSHOT.jar:?]
	at org.apache.hadoop.ozone.om.OzoneAclUtils.checkAllAcls(OzoneAclUtils.java:129) ~[ozone-manager-1.4.0-SNAPSHOT.jar:?]
	at org.apache.hadoop.ozone.om.OmMetadataReader.checkAcls(OmMetadataReader.java:437) ~[ozone-manager-1.4.0-SNAPSHOT.jar:?]
	at org.apache.hadoop.ozone.om.OmMetadataReader.lookupFile(OmMetadataReader.java:314) ~[ozone-manager-1.4.0-SNAPSHOT.jar:?]
	at org.apache.hadoop.ozone.om.OmSnapshot.lookupFile(OmSnapshot.java:124) ~[ozone-manager-1.4.0-SNAPSHOT.jar:?]
	at org.apache.hadoop.ozone.om.OzoneManager.lookupFile(OzoneManager.java:3499) ~[ozone-manager-1.4.0-SNAPSHOT.jar:?]
	at org.apache.hadoop.ozone.om.snapshot.TestOzoneManagerSnapshotAcl.lambda$testLookupFileWithNotAllowedUser$10(TestOzoneManagerSnapshotAcl.java:299) ~[test-classes/:?]
	at org.junit.jupiter.api.AssertThrows.assertThrows(AssertThrows.java:55) ~[junit-jupiter-api-5.8.2.jar:5.8.2]
	at org.junit.jupiter.api.AssertThrows.assertThrows(AssertThrows.java:37) ~[junit-jupiter-api-5.8.2.jar:5.8.2]
	at org.junit.jupiter.api.Assertions.assertThrows(Assertions.java:3082) ~[junit-jupiter-api-5.8.2.jar:5.8.2]
	at org.apache.hadoop.ozone.om.snapshot.TestOzoneManagerSnapshotAcl.testLookupFileWithNotAllowedUser(TestOzoneManagerSnapshotAcl.java:298) ~[test-classes/:?]
	at sun.reflect.NativeMethodAccessorImpl.invoke0(Native Method) ~[?:1.8.0_362]
	at sun.reflect.NativeMethodAccessorImpl.invoke(NativeMethodAccessorImpl.java:62) ~[?:1.8.0_362]
	at sun.reflect.DelegatingMethodAccessorImpl.invoke(DelegatingMethodAccessorImpl.java:43) ~[?:1.8.0_362]
	at java.lang.reflect.Method.invoke(Method.java:498) ~[?:1.8.0_362]
	at org.junit.platform.commons.util.ReflectionUtils.invokeMethod(ReflectionUtils.java:725) ~[junit-platform-commons-1.8.2.jar:1.8.2]
	at org.junit.jupiter.engine.execution.MethodInvocation.proceed(MethodInvocation.java:60) ~[junit-jupiter-engine-5.8.2.jar:5.8.2]
	at org.junit.jupiter.engine.execution.InvocationInterceptorChain$ValidatingInvocation.proceed(InvocationInterceptorChain.java:131) ~[junit-jupiter-engine-5.8.2.jar:5.8.2]
	at org.junit.jupiter.engine.extension.TimeoutInvocation.proceed(TimeoutInvocation.java:46) ~[junit-jupiter-engine-5.8.2.jar:5.8.2]
	at org.junit.jupiter.engine.extension.TimeoutExtension.intercept(TimeoutExtension.java:149) ~[junit-jupiter-engine-5.8.2.jar:5.8.2]
	at org.junit.jupiter.engine.extension.TimeoutExtension.interceptTestableMethod(TimeoutExtension.java:140) ~[junit-jupiter-engine-5.8.2.jar:5.8.2]
	at org.junit.jupiter.engine.extension.TimeoutExtension.interceptTestTemplateMethod(TimeoutExtension.java:92) ~[junit-jupiter-engine-5.8.2.jar:5.8.2]
	at org.junit.jupiter.engine.execution.ExecutableInvoker$ReflectiveInterceptorCall.lambda$ofVoidMethod$0(ExecutableInvoker.java:115) ~[junit-jupiter-engine-5.8.2.jar:5.8.2]
	at org.junit.jupiter.engine.execution.ExecutableInvoker.lambda$invoke$0(ExecutableInvoker.java:105) ~[junit-jupiter-engine-5.8.2.jar:5.8.2]
	at org.junit.jupiter.engine.execution.InvocationInterceptorChain$InterceptedInvocation.proceed(InvocationInterceptorChain.java:106) ~[junit-jupiter-engine-5.8.2.jar:5.8.2]
	at org.junit.jupiter.engine.execution.InvocationInterceptorChain.proceed(InvocationInterceptorChain.java:64) ~[junit-jupiter-engine-5.8.2.jar:5.8.2]
	at org.junit.jupiter.engine.execution.InvocationInterceptorChain.chainAndInvoke(InvocationInterceptorChain.java:45) ~[junit-jupiter-engine-5.8.2.jar:5.8.2]
	at org.junit.jupiter.engine.execution.InvocationInterceptorChain.invoke(InvocationInterceptorChain.java:37) ~[junit-jupiter-engine-5.8.2.jar:5.8.2]
	at org.junit.jupiter.engine.execution.ExecutableInvoker.invoke(ExecutableInvoker.java:104) ~[junit-jupiter-engine-5.8.2.jar:5.8.2]
	at org.junit.jupiter.engine.execution.ExecutableInvoker.invoke(ExecutableInvoker.java:98) ~[junit-jupiter-engine-5.8.2.jar:5.8.2]
	at org.junit.jupiter.engine.descriptor.TestMethodTestDescriptor.lambda$invokeTestMethod$7(TestMethodTestDescriptor.java:214) ~[junit-jupiter-engine-5.8.2.jar:5.8.2]
	at org.junit.platform.engine.support.hierarchical.ThrowableCollector.execute(ThrowableCollector.java:73) ~[junit-platform-engine-1.8.2.jar:1.8.2]
	at org.junit.jupiter.engine.descriptor.TestMethodTestDescriptor.invokeTestMethod(TestMethodTestDescriptor.java:210) ~[junit-jupiter-engine-5.8.2.jar:5.8.2]
	at org.junit.jupiter.engine.descriptor.TestMethodTestDescriptor.execute(TestMethodTestDescriptor.java:135) ~[junit-jupiter-engine-5.8.2.jar:5.8.2]
	at org.junit.jupiter.engine.descriptor.TestMethodTestDescriptor.execute(TestMethodTestDescriptor.java:66) ~[junit-jupiter-engine-5.8.2.jar:5.8.2]
	at org.junit.platform.engine.support.hierarchical.NodeTestTask.lambda$executeRecursively$6(NodeTestTask.java:151) ~[junit-platform-engine-1.8.2.jar:1.8.2]
	at org.junit.platform.engine.support.hierarchical.ThrowableCollector.execute(ThrowableCollector.java:73) ~[junit-platform-engine-1.8.2.jar:1.8.2]
	at org.junit.platform.engine.support.hierarchical.NodeTestTask.lambda$executeRecursively$8(NodeTestTask.java:141) ~[junit-platform-engine-1.8.2.jar:1.8.2]
	at org.junit.platform.engine.support.hierarchical.Node.around(Node.java:137) ~[junit-platform-engine-1.8.2.jar:1.8.2]
	at org.junit.platform.engine.support.hierarchical.NodeTestTask.lambda$executeRecursively$9(NodeTestTask.java:139) ~[junit-platform-engine-1.8.2.jar:1.8.2]
	at org.junit.platform.engine.support.hierarchical.ThrowableCollector.execute(ThrowableCollector.java:73) ~[junit-platform-engine-1.8.2.jar:1.8.2]
	at org.junit.platform.engine.support.hierarchical.NodeTestTask.executeRecursively(NodeTestTask.java:138) ~[junit-platform-engine-1.8.2.jar:1.8.2]
	at org.junit.platform.engine.support.hierarchical.NodeTestTask.execute(NodeTestTask.java:95) ~[junit-platform-engine-1.8.2.jar:1.8.2]
	at org.junit.platform.engine.support.hierarchical.SameThreadHierarchicalTestExecutorService.submit(SameThreadHierarchicalTestExecutorService.java:35) ~[junit-platform-engine-1.8.2.jar:1.8.2]
	at org.junit.platform.engine.support.hierarchical.NodeTestTask$DefaultDynamicTestExecutor.execute(NodeTestTask.java:226) ~[junit-platform-engine-1.8.2.jar:1.8.2]
	at org.junit.platform.engine.support.hierarchical.NodeTestTask$DefaultDynamicTestExecutor.execute(NodeTestTask.java:204) ~[junit-platform-engine-1.8.2.jar:1.8.2]
	at org.junit.jupiter.engine.descriptor.TestTemplateTestDescriptor.execute(TestTemplateTestDescriptor.java:139) ~[junit-jupiter-engine-5.8.2.jar:5.8.2]
	at org.junit.jupiter.engine.descriptor.TestTemplateTestDescriptor.lambda$execute$2(TestTemplateTestDescriptor.java:107) ~[junit-jupiter-engine-5.8.2.jar:5.8.2]
	at java.util.stream.ForEachOps$ForEachOp$OfRef.accept(ForEachOps.java:183) ~[?:1.8.0_362]
	at java.util.stream.ReferencePipeline$3$1.accept(ReferencePipeline.java:193) ~[?:1.8.0_362]
	at java.util.stream.ReferencePipeline$2$1.accept(ReferencePipeline.java:175) ~[?:1.8.0_362]
	at java.util.stream.ReferencePipeline$3$1.accept(ReferencePipeline.java:193) ~[?:1.8.0_362]
	at java.util.stream.ForEachOps$ForEachOp$OfRef.accept(ForEachOps.java:183) ~[?:1.8.0_362]
	at java.util.stream.ReferencePipeline$3$1.accept(ReferencePipeline.java:193) ~[?:1.8.0_362]
	at java.util.stream.ReferencePipeline$3$1.accept(ReferencePipeline.java:193) ~[?:1.8.0_362]
	at java.util.stream.ReferencePipeline$3$1.accept(ReferencePipeline.java:193) ~[?:1.8.0_362]
	at java.util.stream.ForEachOps$ForEachOp$OfRef.accept(ForEachOps.java:183) ~[?:1.8.0_362]
	at java.util.stream.ReferencePipeline$3$1.accept(ReferencePipeline.java:193) ~[?:1.8.0_362]
	at java.util.Iterator.forEachRemaining(Iterator.java:116) ~[?:1.8.0_362]
	at java.util.Spliterators$IteratorSpliterator.forEachRemaining(Spliterators.java:1801) ~[?:1.8.0_362]
	at java.util.stream.AbstractPipeline.copyInto(AbstractPipeline.java:482) ~[?:1.8.0_362]
	at java.util.stream.AbstractPipeline.wrapAndCopyInto(AbstractPipeline.java:472) ~[?:1.8.0_362]
	at java.util.stream.ForEachOps$ForEachOp.evaluateSequential(ForEachOps.java:150) ~[?:1.8.0_362]
	at java.util.stream.ForEachOps$ForEachOp$OfRef.evaluateSequential(ForEachOps.java:173) ~[?:1.8.0_362]
	at java.util.stream.AbstractPipeline.evaluate(AbstractPipeline.java:234) ~[?:1.8.0_362]
	at java.util.stream.ReferencePipeline.forEach(ReferencePipeline.java:485) ~[?:1.8.0_362]
	at java.util.stream.ReferencePipeline$7$1.accept(ReferencePipeline.java:272) ~[?:1.8.0_362]
	at java.util.stream.ReferencePipeline$3$1.accept(ReferencePipeline.java:193) ~[?:1.8.0_362]
	at java.util.stream.ReferencePipeline$3$1.accept(ReferencePipeline.java:193) ~[?:1.8.0_362]
	at java.util.stream.ReferencePipeline$3$1.accept(ReferencePipeline.java:193) ~[?:1.8.0_362]
	at java.util.ArrayList$ArrayListSpliterator.forEachRemaining(ArrayList.java:1384) ~[?:1.8.0_362]
	at java.util.stream.AbstractPipeline.copyInto(AbstractPipeline.java:482) ~[?:1.8.0_362]
	at java.util.stream.AbstractPipeline.wrapAndCopyInto(AbstractPipeline.java:472) ~[?:1.8.0_362]
	at java.util.stream.ForEachOps$ForEachOp.evaluateSequential(ForEachOps.java:150) ~[?:1.8.0_362]
	at java.util.stream.ForEachOps$ForEachOp$OfRef.evaluateSequential(ForEachOps.java:173) ~[?:1.8.0_362]
	at java.util.stream.AbstractPipeline.evaluate(AbstractPipeline.java:234) ~[?:1.8.0_362]
	at java.util.stream.ReferencePipeline.forEach(ReferencePipeline.java:485) ~[?:1.8.0_362]
	at java.util.stream.ReferencePipeline$7$1.accept(ReferencePipeline.java:272) ~[?:1.8.0_362]
	at java.util.ArrayList$ArrayListSpliterator.forEachRemaining(ArrayList.java:1384) ~[?:1.8.0_362]
	at java.util.stream.AbstractPipeline.copyInto(AbstractPipeline.java:482) ~[?:1.8.0_362]
	at java.util.stream.AbstractPipeline.wrapAndCopyInto(AbstractPipeline.java:472) ~[?:1.8.0_362]
	at java.util.stream.ForEachOps$ForEachOp.evaluateSequential(ForEachOps.java:150) ~[?:1.8.0_362]
	at java.util.stream.ForEachOps$ForEachOp$OfRef.evaluateSequential(ForEachOps.java:173) ~[?:1.8.0_362]
	at java.util.stream.AbstractPipeline.evaluate(AbstractPipeline.java:234) ~[?:1.8.0_362]
	at java.util.stream.ReferencePipeline.forEach(ReferencePipeline.java:485) ~[?:1.8.0_362]
	at org.junit.jupiter.engine.descriptor.TestTemplateTestDescriptor.execute(TestTemplateTestDescriptor.java:107) ~[junit-jupiter-engine-5.8.2.jar:5.8.2]
	at org.junit.jupiter.engine.descriptor.TestTemplateTestDescriptor.execute(TestTemplateTestDescriptor.java:42) ~[junit-jupiter-engine-5.8.2.jar:5.8.2]
	at org.junit.platform.engine.support.hierarchical.NodeTestTask.lambda$executeRecursively$6(NodeTestTask.java:151) ~[junit-platform-engine-1.8.2.jar:1.8.2]
	at org.junit.platform.engine.support.hierarchical.ThrowableCollector.execute(ThrowableCollector.java:73) ~[junit-platform-engine-1.8.2.jar:1.8.2]
	at org.junit.platform.engine.support.hierarchical.NodeTestTask.lambda$executeRecursively$8(NodeTestTask.java:141) ~[junit-platform-engine-1.8.2.jar:1.8.2]
	at org.junit.platform.engine.support.hierarchical.Node.around(Node.java:137) ~[junit-platform-engine-1.8.2.jar:1.8.2]
	at org.junit.platform.engine.support.hierarchical.NodeTestTask.lambda$executeRecursively$9(NodeTestTask.java:139) ~[junit-platform-engine-1.8.2.jar:1.8.2]
	at org.junit.platform.engine.support.hierarchical.ThrowableCollector.execute(ThrowableCollector.java:73) ~[junit-platform-engine-1.8.2.jar:1.8.2]
	at org.junit.platform.engine.support.hierarchical.NodeTestTask.executeRecursively(NodeTestTask.java:138) ~[junit-platform-engine-1.8.2.jar:1.8.2]
	at org.junit.platform.engine.support.hierarchical.NodeTestTask.execute(NodeTestTask.java:95) ~[junit-platform-engine-1.8.2.jar:1.8.2]
	at java.util.ArrayList.forEach(ArrayList.java:1259) ~[?:1.8.0_362]
	at org.junit.platform.engine.support.hierarchical.SameThreadHierarchicalTestExecutorService.invokeAll(SameThreadHierarchicalTestExecutorService.java:41) ~[junit-platform-engine-1.8.2.jar:1.8.2]
	at org.junit.platform.engine.support.hierarchical.NodeTestTask.lambda$executeRecursively$6(NodeTestTask.java:155) ~[junit-platform-engine-1.8.2.jar:1.8.2]
	at org.junit.platform.engine.support.hierarchical.ThrowableCollector.execute(ThrowableCollector.java:73) ~[junit-platform-engine-1.8.2.jar:1.8.2]
	at org.junit.platform.engine.support.hierarchical.NodeTestTask.lambda$executeRecursively$8(NodeTestTask.java:141) ~[junit-platform-engine-1.8.2.jar:1.8.2]
	at org.junit.platform.engine.support.hierarchical.Node.around(Node.java:137) ~[junit-platform-engine-1.8.2.jar:1.8.2]
	at org.junit.platform.engine.support.hierarchical.NodeTestTask.lambda$executeRecursively$9(NodeTestTask.java:139) ~[junit-platform-engine-1.8.2.jar:1.8.2]
	at org.junit.platform.engine.support.hierarchical.ThrowableCollector.execute(ThrowableCollector.java:73) ~[junit-platform-engine-1.8.2.jar:1.8.2]
	at org.junit.platform.engine.support.hierarchical.NodeTestTask.executeRecursively(NodeTestTask.java:138) ~[junit-platform-engine-1.8.2.jar:1.8.2]
	at org.junit.platform.engine.support.hierarchical.NodeTestTask.execute(NodeTestTask.java:95) ~[junit-platform-engine-1.8.2.jar:1.8.2]
	at java.util.ArrayList.forEach(ArrayList.java:1259) ~[?:1.8.0_362]
	at org.junit.platform.engine.support.hierarchical.SameThreadHierarchicalTestExecutorService.invokeAll(SameThreadHierarchicalTestExecutorService.java:41) ~[junit-platform-engine-1.8.2.jar:1.8.2]
	at org.junit.platform.engine.support.hierarchical.NodeTestTask.lambda$executeRecursively$6(NodeTestTask.java:155) ~[junit-platform-engine-1.8.2.jar:1.8.2]
	at org.junit.platform.engine.support.hierarchical.ThrowableCollector.execute(ThrowableCollector.java:73) ~[junit-platform-engine-1.8.2.jar:1.8.2]
	at org.junit.platform.engine.support.hierarchical.NodeTestTask.lambda$executeRecursively$8(NodeTestTask.java:141) ~[junit-platform-engine-1.8.2.jar:1.8.2]
	at org.junit.platform.engine.support.hierarchical.Node.around(Node.java:137) ~[junit-platform-engine-1.8.2.jar:1.8.2]
	at org.junit.platform.engine.support.hierarchical.NodeTestTask.lambda$executeRecursively$9(NodeTestTask.java:139) ~[junit-platform-engine-1.8.2.jar:1.8.2]
	at org.junit.platform.engine.support.hierarchical.ThrowableCollector.execute(ThrowableCollector.java:73) ~[junit-platform-engine-1.8.2.jar:1.8.2]
	at org.junit.platform.engine.support.hierarchical.NodeTestTask.executeRecursively(NodeTestTask.java:138) ~[junit-platform-engine-1.8.2.jar:1.8.2]
	at org.junit.platform.engine.support.hierarchical.NodeTestTask.execute(NodeTestTask.java:95) ~[junit-platform-engine-1.8.2.jar:1.8.2]
	at org.junit.platform.engine.support.hierarchical.SameThreadHierarchicalTestExecutorService.submit(SameThreadHierarchicalTestExecutorService.java:35) ~[junit-platform-engine-1.8.2.jar:1.8.2]
	at org.junit.platform.engine.support.hierarchical.HierarchicalTestExecutor.execute(HierarchicalTestExecutor.java:57) ~[junit-platform-engine-1.8.2.jar:1.8.2]
	at org.junit.platform.engine.support.hierarchical.HierarchicalTestEngine.execute(HierarchicalTestEngine.java:54) ~[junit-platform-engine-1.8.2.jar:1.8.2]
	at org.junit.platform.launcher.core.EngineExecutionOrchestrator.execute(EngineExecutionOrchestrator.java:107) ~[junit-platform-launcher-1.8.2.jar:1.8.2]
	at org.junit.platform.launcher.core.EngineExecutionOrchestrator.execute(EngineExecutionOrchestrator.java:88) ~[junit-platform-launcher-1.8.2.jar:1.8.2]
	at org.junit.platform.launcher.core.EngineExecutionOrchestrator.lambda$execute$0(EngineExecutionOrchestrator.java:54) ~[junit-platform-launcher-1.8.2.jar:1.8.2]
	at org.junit.platform.launcher.core.EngineExecutionOrchestrator.withInterceptedStreams(EngineExecutionOrchestrator.java:67) [junit-platform-launcher-1.8.2.jar:1.8.2]
	at org.junit.platform.launcher.core.EngineExecutionOrchestrator.execute(EngineExecutionOrchestrator.java:52) [junit-platform-launcher-1.8.2.jar:1.8.2]
	at org.junit.platform.launcher.core.DefaultLauncher.execute(DefaultLauncher.java:114) [junit-platform-launcher-1.8.2.jar:1.8.2]
	at org.junit.platform.launcher.core.DefaultLauncher.execute(DefaultLauncher.java:86) [junit-platform-launcher-1.8.2.jar:1.8.2]
	at org.junit.platform.launcher.core.DefaultLauncherSession$DelegatingLauncher.execute(DefaultLauncherSession.java:86) [junit-platform-launcher-1.8.2.jar:1.8.2]
	at org.junit.platform.launcher.core.SessionPerRequestLauncher.execute(SessionPerRequestLauncher.java:53) [junit-platform-launcher-1.8.2.jar:1.8.2]
	at org.apache.maven.surefire.junitplatform.JUnitPlatformProvider.execute(JUnitPlatformProvider.java:188) [surefire-junit-platform-3.0.0-M5.jar:3.0.0-M5]
	at org.apache.maven.surefire.junitplatform.JUnitPlatformProvider.invokeAllTests(JUnitPlatformProvider.java:154) [surefire-junit-platform-3.0.0-M5.jar:3.0.0-M5]
	at org.apache.maven.surefire.junitplatform.JUnitPlatformProvider.invoke(JUnitPlatformProvider.java:124) [surefire-junit-platform-3.0.0-M5.jar:3.0.0-M5]
	at org.apache.maven.surefire.booter.ForkedBooter.runSuitesInProcess(ForkedBooter.java:428) [surefire-booter-3.0.0-M5.jar:3.0.0-M5]
	at org.apache.maven.surefire.booter.ForkedBooter.execute(ForkedBooter.java:162) [surefire-booter-3.0.0-M5.jar:3.0.0-M5]
	at org.apache.maven.surefire.booter.ForkedBooter.run(ForkedBooter.java:562) [surefire-booter-3.0.0-M5.jar:3.0.0-M5]
	at org.apache.maven.surefire.booter.ForkedBooter.main(ForkedBooter.java:548) [surefire-booter-3.0.0-M5.jar:3.0.0-M5]
]]></system-out>
  </testcase>
  <testcase name="testLookupFileWithNotAllowedUser(BucketLayout)[2]" classname="org.apache.hadoop.ozone.om.snapshot.TestOzoneManagerSnapshotAcl" time="1.111">
    <system-out><![CDATA[2023-03-16 19:31:45,546 [Listener at 127.0.0.1/32993] INFO  rpc.RpcClient (RpcClient.java:createVolume(476)) - Creating Volume: volume-77105, with admin as owner and space quota set to -1 bytes, counts quota set to -1
2023-03-16 19:31:45,548 [OM StateMachine ApplyTransaction Thread - 0] INFO  volume.OMVolumeCreateRequest (OMVolumeCreateRequest.java:validateAndUpdateCache(195)) - created volume:volume-77105 for user:admin
2023-03-16 19:31:45,550 [Listener at 127.0.0.1/32993] INFO  rpc.RpcClient (RpcClient.java:createBucket(698)) - Creating Bucket: volume-77105/bucket-01019, with bucket layout OBJECT_STORE, admin as owner, Versioning false, Storage Type set to DISK and Encryption set to false, Replication Type set to server-side default replication type, Namespace Quota set to -1, Space Quota set to -1 
2023-03-16 19:31:45,552 [OM StateMachine ApplyTransaction Thread - 0] INFO  bucket.OMBucketCreateRequest (OMBucketCreateRequest.java:validateAndUpdateCache(263)) - created bucket: bucket-01019 of layout OBJECT_STORE in volume: volume-77105
2023-03-16 19:31:45,595 [OM StateMachine ApplyTransaction Thread - 0] INFO  snapshot.OMSnapshotCreateRequest (OMSnapshotCreateRequest.java:validateAndUpdateCache(204)) - Created snapshot 'snapshot-33726' under path 'volume-77105/bucket-01019'
2023-03-16 19:31:45,623 [OMDoubleBufferFlushThread] INFO  db.RDBCheckpointManager (RDBCheckpointManager.java:createCheckpoint(96)) - Created checkpoint in rocksDB at /home/runner/work/ozone/ozone/hadoop-ozone/integration-test/target/test-dir/MiniOzoneClusterImpl-7c80c19b-b74a-4fd6-b02a-95a373f15db1/omNode-1/db.snapshots/om.db-ad6e3403-a65d-479a-baf3-943d5d718040 in 26 milliseconds
2023-03-16 19:31:45,624 [OMDoubleBufferFlushThread] INFO  db.RDBCheckpointManager (RDBCheckpointManager.java:waitForCheckpointDirectoryExist(125)) - Waited for 1 milliseconds for checkpoint directory /home/runner/work/ozone/ozone/hadoop-ozone/integration-test/target/test-dir/MiniOzoneClusterImpl-7c80c19b-b74a-4fd6-b02a-95a373f15db1/omNode-1/db.snapshots/om.db-ad6e3403-a65d-479a-baf3-943d5d718040 availability.
2023-03-16 19:31:45,624 [OMDoubleBufferFlushThread] INFO  om.OmSnapshotManager (OmSnapshotManager.java:createOmSnapshotCheckpoint(269)) - Created checkpoint : /home/runner/work/ozone/ozone/hadoop-ozone/integration-test/target/test-dir/MiniOzoneClusterImpl-7c80c19b-b74a-4fd6-b02a-95a373f15db1/omNode-1/db.snapshots/om.db-ad6e3403-a65d-479a-baf3-943d5d718040 for snapshot snapshot-33726
2023-03-16 19:31:46,605 [Listener at 127.0.0.1/32993] WARN  server.ServerUtils (ServerUtils.java:getDBPath(225)) - ozone.om.db.dirs is not configured. We recommend adding this setting. Falling back to ozone.metadata.dirs instead.
2023-03-16 19:31:46,606 [Listener at 127.0.0.1/32993] INFO  codec.OmKeyInfoCodec (OmKeyInfoCodec.java:<init>(49)) - OmKeyInfoCodec ignorePipeline = true
2023-03-16 19:31:46,606 [Listener at 127.0.0.1/32993] INFO  codec.RepeatedOmKeyInfoCodec (RepeatedOmKeyInfoCodec.java:<init>(41)) - RepeatedOmKeyInfoCodec ignorePipeline = true
2023-03-16 19:31:46,641 [Listener at 127.0.0.1/32993] WARN  om.OmSnapshot (OmMetadataReader.java:checkAcls(497)) - User user2 doesn't have READ permission to access key Volume:volume-77105 Bucket:bucket-01019 Key:key-48463
19:31:46.641 [Listener at 127.0.0.1/32993] ERROR OMAudit - user=null | ip=null | op=LOOKUP_FILE {volume=volume-77105, bucket=bucket-01019, key=key-48463, dataSize=0, replicationConfig=null} | ret=FAILURE
org.apache.hadoop.ozone.om.exceptions.OMException: User user2 doesn't have READ permission to access key Volume:volume-77105 Bucket:bucket-01019 Key:key-48463
	at org.apache.hadoop.ozone.om.OmMetadataReader.checkAcls(OmMetadataReader.java:500) ~[ozone-manager-1.4.0-SNAPSHOT.jar:?]
	at org.apache.hadoop.ozone.om.OmMetadataReader.checkAcls(OmMetadataReader.java:475) ~[ozone-manager-1.4.0-SNAPSHOT.jar:?]
	at org.apache.hadoop.ozone.om.OzoneAclUtils.checkAllAcls(OzoneAclUtils.java:129) ~[ozone-manager-1.4.0-SNAPSHOT.jar:?]
	at org.apache.hadoop.ozone.om.OmMetadataReader.checkAcls(OmMetadataReader.java:437) ~[ozone-manager-1.4.0-SNAPSHOT.jar:?]
	at org.apache.hadoop.ozone.om.OmMetadataReader.lookupFile(OmMetadataReader.java:314) ~[ozone-manager-1.4.0-SNAPSHOT.jar:?]
	at org.apache.hadoop.ozone.om.OmSnapshot.lookupFile(OmSnapshot.java:124) ~[ozone-manager-1.4.0-SNAPSHOT.jar:?]
	at org.apache.hadoop.ozone.om.OzoneManager.lookupFile(OzoneManager.java:3499) ~[ozone-manager-1.4.0-SNAPSHOT.jar:?]
	at org.apache.hadoop.ozone.om.snapshot.TestOzoneManagerSnapshotAcl.lambda$testLookupFileWithNotAllowedUser$10(TestOzoneManagerSnapshotAcl.java:299) ~[test-classes/:?]
	at org.junit.jupiter.api.AssertThrows.assertThrows(AssertThrows.java:55) ~[junit-jupiter-api-5.8.2.jar:5.8.2]
	at org.junit.jupiter.api.AssertThrows.assertThrows(AssertThrows.java:37) ~[junit-jupiter-api-5.8.2.jar:5.8.2]
	at org.junit.jupiter.api.Assertions.assertThrows(Assertions.java:3082) ~[junit-jupiter-api-5.8.2.jar:5.8.2]
	at org.apache.hadoop.ozone.om.snapshot.TestOzoneManagerSnapshotAcl.testLookupFileWithNotAllowedUser(TestOzoneManagerSnapshotAcl.java:298) ~[test-classes/:?]
	at sun.reflect.NativeMethodAccessorImpl.invoke0(Native Method) ~[?:1.8.0_362]
	at sun.reflect.NativeMethodAccessorImpl.invoke(NativeMethodAccessorImpl.java:62) ~[?:1.8.0_362]
	at sun.reflect.DelegatingMethodAccessorImpl.invoke(DelegatingMethodAccessorImpl.java:43) ~[?:1.8.0_362]
	at java.lang.reflect.Method.invoke(Method.java:498) ~[?:1.8.0_362]
	at org.junit.platform.commons.util.ReflectionUtils.invokeMethod(ReflectionUtils.java:725) ~[junit-platform-commons-1.8.2.jar:1.8.2]
	at org.junit.jupiter.engine.execution.MethodInvocation.proceed(MethodInvocation.java:60) ~[junit-jupiter-engine-5.8.2.jar:5.8.2]
	at org.junit.jupiter.engine.execution.InvocationInterceptorChain$ValidatingInvocation.proceed(InvocationInterceptorChain.java:131) ~[junit-jupiter-engine-5.8.2.jar:5.8.2]
	at org.junit.jupiter.engine.extension.TimeoutInvocation.proceed(TimeoutInvocation.java:46) ~[junit-jupiter-engine-5.8.2.jar:5.8.2]
	at org.junit.jupiter.engine.extension.TimeoutExtension.intercept(TimeoutExtension.java:149) ~[junit-jupiter-engine-5.8.2.jar:5.8.2]
	at org.junit.jupiter.engine.extension.TimeoutExtension.interceptTestableMethod(TimeoutExtension.java:140) ~[junit-jupiter-engine-5.8.2.jar:5.8.2]
	at org.junit.jupiter.engine.extension.TimeoutExtension.interceptTestTemplateMethod(TimeoutExtension.java:92) ~[junit-jupiter-engine-5.8.2.jar:5.8.2]
	at org.junit.jupiter.engine.execution.ExecutableInvoker$ReflectiveInterceptorCall.lambda$ofVoidMethod$0(ExecutableInvoker.java:115) ~[junit-jupiter-engine-5.8.2.jar:5.8.2]
	at org.junit.jupiter.engine.execution.ExecutableInvoker.lambda$invoke$0(ExecutableInvoker.java:105) ~[junit-jupiter-engine-5.8.2.jar:5.8.2]
	at org.junit.jupiter.engine.execution.InvocationInterceptorChain$InterceptedInvocation.proceed(InvocationInterceptorChain.java:106) ~[junit-jupiter-engine-5.8.2.jar:5.8.2]
	at org.junit.jupiter.engine.execution.InvocationInterceptorChain.proceed(InvocationInterceptorChain.java:64) ~[junit-jupiter-engine-5.8.2.jar:5.8.2]
	at org.junit.jupiter.engine.execution.InvocationInterceptorChain.chainAndInvoke(InvocationInterceptorChain.java:45) ~[junit-jupiter-engine-5.8.2.jar:5.8.2]
	at org.junit.jupiter.engine.execution.InvocationInterceptorChain.invoke(InvocationInterceptorChain.java:37) ~[junit-jupiter-engine-5.8.2.jar:5.8.2]
	at org.junit.jupiter.engine.execution.ExecutableInvoker.invoke(ExecutableInvoker.java:104) ~[junit-jupiter-engine-5.8.2.jar:5.8.2]
	at org.junit.jupiter.engine.execution.ExecutableInvoker.invoke(ExecutableInvoker.java:98) ~[junit-jupiter-engine-5.8.2.jar:5.8.2]
	at org.junit.jupiter.engine.descriptor.TestMethodTestDescriptor.lambda$invokeTestMethod$7(TestMethodTestDescriptor.java:214) ~[junit-jupiter-engine-5.8.2.jar:5.8.2]
	at org.junit.platform.engine.support.hierarchical.ThrowableCollector.execute(ThrowableCollector.java:73) ~[junit-platform-engine-1.8.2.jar:1.8.2]
	at org.junit.jupiter.engine.descriptor.TestMethodTestDescriptor.invokeTestMethod(TestMethodTestDescriptor.java:210) ~[junit-jupiter-engine-5.8.2.jar:5.8.2]
	at org.junit.jupiter.engine.descriptor.TestMethodTestDescriptor.execute(TestMethodTestDescriptor.java:135) ~[junit-jupiter-engine-5.8.2.jar:5.8.2]
	at org.junit.jupiter.engine.descriptor.TestMethodTestDescriptor.execute(TestMethodTestDescriptor.java:66) ~[junit-jupiter-engine-5.8.2.jar:5.8.2]
	at org.junit.platform.engine.support.hierarchical.NodeTestTask.lambda$executeRecursively$6(NodeTestTask.java:151) ~[junit-platform-engine-1.8.2.jar:1.8.2]
	at org.junit.platform.engine.support.hierarchical.ThrowableCollector.execute(ThrowableCollector.java:73) ~[junit-platform-engine-1.8.2.jar:1.8.2]
	at org.junit.platform.engine.support.hierarchical.NodeTestTask.lambda$executeRecursively$8(NodeTestTask.java:141) ~[junit-platform-engine-1.8.2.jar:1.8.2]
	at org.junit.platform.engine.support.hierarchical.Node.around(Node.java:137) ~[junit-platform-engine-1.8.2.jar:1.8.2]
	at org.junit.platform.engine.support.hierarchical.NodeTestTask.lambda$executeRecursively$9(NodeTestTask.java:139) ~[junit-platform-engine-1.8.2.jar:1.8.2]
	at org.junit.platform.engine.support.hierarchical.ThrowableCollector.execute(ThrowableCollector.java:73) ~[junit-platform-engine-1.8.2.jar:1.8.2]
	at org.junit.platform.engine.support.hierarchical.NodeTestTask.executeRecursively(NodeTestTask.java:138) ~[junit-platform-engine-1.8.2.jar:1.8.2]
	at org.junit.platform.engine.support.hierarchical.NodeTestTask.execute(NodeTestTask.java:95) ~[junit-platform-engine-1.8.2.jar:1.8.2]
	at org.junit.platform.engine.support.hierarchical.SameThreadHierarchicalTestExecutorService.submit(SameThreadHierarchicalTestExecutorService.java:35) ~[junit-platform-engine-1.8.2.jar:1.8.2]
	at org.junit.platform.engine.support.hierarchical.NodeTestTask$DefaultDynamicTestExecutor.execute(NodeTestTask.java:226) ~[junit-platform-engine-1.8.2.jar:1.8.2]
	at org.junit.platform.engine.support.hierarchical.NodeTestTask$DefaultDynamicTestExecutor.execute(NodeTestTask.java:204) ~[junit-platform-engine-1.8.2.jar:1.8.2]
	at org.junit.jupiter.engine.descriptor.TestTemplateTestDescriptor.execute(TestTemplateTestDescriptor.java:139) ~[junit-jupiter-engine-5.8.2.jar:5.8.2]
	at org.junit.jupiter.engine.descriptor.TestTemplateTestDescriptor.lambda$execute$2(TestTemplateTestDescriptor.java:107) ~[junit-jupiter-engine-5.8.2.jar:5.8.2]
	at java.util.stream.ForEachOps$ForEachOp$OfRef.accept(ForEachOps.java:183) ~[?:1.8.0_362]
	at java.util.stream.ReferencePipeline$3$1.accept(ReferencePipeline.java:193) ~[?:1.8.0_362]
	at java.util.stream.ReferencePipeline$2$1.accept(ReferencePipeline.java:175) ~[?:1.8.0_362]
	at java.util.stream.ReferencePipeline$3$1.accept(ReferencePipeline.java:193) ~[?:1.8.0_362]
	at java.util.stream.ForEachOps$ForEachOp$OfRef.accept(ForEachOps.java:183) ~[?:1.8.0_362]
	at java.util.stream.ReferencePipeline$3$1.accept(ReferencePipeline.java:193) ~[?:1.8.0_362]
	at java.util.stream.ReferencePipeline$3$1.accept(ReferencePipeline.java:193) ~[?:1.8.0_362]
	at java.util.stream.ReferencePipeline$3$1.accept(ReferencePipeline.java:193) ~[?:1.8.0_362]
	at java.util.stream.ForEachOps$ForEachOp$OfRef.accept(ForEachOps.java:183) ~[?:1.8.0_362]
	at java.util.stream.ReferencePipeline$3$1.accept(ReferencePipeline.java:193) ~[?:1.8.0_362]
	at java.util.Iterator.forEachRemaining(Iterator.java:116) ~[?:1.8.0_362]
	at java.util.Spliterators$IteratorSpliterator.forEachRemaining(Spliterators.java:1801) ~[?:1.8.0_362]
	at java.util.stream.AbstractPipeline.copyInto(AbstractPipeline.java:482) ~[?:1.8.0_362]
	at java.util.stream.AbstractPipeline.wrapAndCopyInto(AbstractPipeline.java:472) ~[?:1.8.0_362]
	at java.util.stream.ForEachOps$ForEachOp.evaluateSequential(ForEachOps.java:150) ~[?:1.8.0_362]
	at java.util.stream.ForEachOps$ForEachOp$OfRef.evaluateSequential(ForEachOps.java:173) ~[?:1.8.0_362]
	at java.util.stream.AbstractPipeline.evaluate(AbstractPipeline.java:234) ~[?:1.8.0_362]
	at java.util.stream.ReferencePipeline.forEach(ReferencePipeline.java:485) ~[?:1.8.0_362]
	at java.util.stream.ReferencePipeline$7$1.accept(ReferencePipeline.java:272) ~[?:1.8.0_362]
	at java.util.stream.ReferencePipeline$3$1.accept(ReferencePipeline.java:193) ~[?:1.8.0_362]
	at java.util.stream.ReferencePipeline$3$1.accept(ReferencePipeline.java:193) ~[?:1.8.0_362]
	at java.util.stream.ReferencePipeline$3$1.accept(ReferencePipeline.java:193) ~[?:1.8.0_362]
	at java.util.ArrayList$ArrayListSpliterator.forEachRemaining(ArrayList.java:1384) ~[?:1.8.0_362]
	at java.util.stream.AbstractPipeline.copyInto(AbstractPipeline.java:482) ~[?:1.8.0_362]
	at java.util.stream.AbstractPipeline.wrapAndCopyInto(AbstractPipeline.java:472) ~[?:1.8.0_362]
	at java.util.stream.ForEachOps$ForEachOp.evaluateSequential(ForEachOps.java:150) ~[?:1.8.0_362]
	at java.util.stream.ForEachOps$ForEachOp$OfRef.evaluateSequential(ForEachOps.java:173) ~[?:1.8.0_362]
	at java.util.stream.AbstractPipeline.evaluate(AbstractPipeline.java:234) ~[?:1.8.0_362]
	at java.util.stream.ReferencePipeline.forEach(ReferencePipeline.java:485) ~[?:1.8.0_362]
	at java.util.stream.ReferencePipeline$7$1.accept(ReferencePipeline.java:272) ~[?:1.8.0_362]
	at java.util.ArrayList$ArrayListSpliterator.forEachRemaining(ArrayList.java:1384) ~[?:1.8.0_362]
	at java.util.stream.AbstractPipeline.copyInto(AbstractPipeline.java:482) ~[?:1.8.0_362]
	at java.util.stream.AbstractPipeline.wrapAndCopyInto(AbstractPipeline.java:472) ~[?:1.8.0_362]
	at java.util.stream.ForEachOps$ForEachOp.evaluateSequential(ForEachOps.java:150) ~[?:1.8.0_362]
	at java.util.stream.ForEachOps$ForEachOp$OfRef.evaluateSequential(ForEachOps.java:173) ~[?:1.8.0_362]
	at java.util.stream.AbstractPipeline.evaluate(AbstractPipeline.java:234) ~[?:1.8.0_362]
	at java.util.stream.ReferencePipeline.forEach(ReferencePipeline.java:485) ~[?:1.8.0_362]
	at org.junit.jupiter.engine.descriptor.TestTemplateTestDescriptor.execute(TestTemplateTestDescriptor.java:107) ~[junit-jupiter-engine-5.8.2.jar:5.8.2]
	at org.junit.jupiter.engine.descriptor.TestTemplateTestDescriptor.execute(TestTemplateTestDescriptor.java:42) ~[junit-jupiter-engine-5.8.2.jar:5.8.2]
	at org.junit.platform.engine.support.hierarchical.NodeTestTask.lambda$executeRecursively$6(NodeTestTask.java:151) ~[junit-platform-engine-1.8.2.jar:1.8.2]
	at org.junit.platform.engine.support.hierarchical.ThrowableCollector.execute(ThrowableCollector.java:73) ~[junit-platform-engine-1.8.2.jar:1.8.2]
	at org.junit.platform.engine.support.hierarchical.NodeTestTask.lambda$executeRecursively$8(NodeTestTask.java:141) ~[junit-platform-engine-1.8.2.jar:1.8.2]
	at org.junit.platform.engine.support.hierarchical.Node.around(Node.java:137) ~[junit-platform-engine-1.8.2.jar:1.8.2]
	at org.junit.platform.engine.support.hierarchical.NodeTestTask.lambda$executeRecursively$9(NodeTestTask.java:139) ~[junit-platform-engine-1.8.2.jar:1.8.2]
	at org.junit.platform.engine.support.hierarchical.ThrowableCollector.execute(ThrowableCollector.java:73) ~[junit-platform-engine-1.8.2.jar:1.8.2]
	at org.junit.platform.engine.support.hierarchical.NodeTestTask.executeRecursively(NodeTestTask.java:138) ~[junit-platform-engine-1.8.2.jar:1.8.2]
	at org.junit.platform.engine.support.hierarchical.NodeTestTask.execute(NodeTestTask.java:95) ~[junit-platform-engine-1.8.2.jar:1.8.2]
	at java.util.ArrayList.forEach(ArrayList.java:1259) ~[?:1.8.0_362]
	at org.junit.platform.engine.support.hierarchical.SameThreadHierarchicalTestExecutorService.invokeAll(SameThreadHierarchicalTestExecutorService.java:41) ~[junit-platform-engine-1.8.2.jar:1.8.2]
	at org.junit.platform.engine.support.hierarchical.NodeTestTask.lambda$executeRecursively$6(NodeTestTask.java:155) ~[junit-platform-engine-1.8.2.jar:1.8.2]
	at org.junit.platform.engine.support.hierarchical.ThrowableCollector.execute(ThrowableCollector.java:73) ~[junit-platform-engine-1.8.2.jar:1.8.2]
	at org.junit.platform.engine.support.hierarchical.NodeTestTask.lambda$executeRecursively$8(NodeTestTask.java:141) ~[junit-platform-engine-1.8.2.jar:1.8.2]
	at org.junit.platform.engine.support.hierarchical.Node.around(Node.java:137) ~[junit-platform-engine-1.8.2.jar:1.8.2]
	at org.junit.platform.engine.support.hierarchical.NodeTestTask.lambda$executeRecursively$9(NodeTestTask.java:139) ~[junit-platform-engine-1.8.2.jar:1.8.2]
	at org.junit.platform.engine.support.hierarchical.ThrowableCollector.execute(ThrowableCollector.java:73) ~[junit-platform-engine-1.8.2.jar:1.8.2]
	at org.junit.platform.engine.support.hierarchical.NodeTestTask.executeRecursively(NodeTestTask.java:138) ~[junit-platform-engine-1.8.2.jar:1.8.2]
	at org.junit.platform.engine.support.hierarchical.NodeTestTask.execute(NodeTestTask.java:95) ~[junit-platform-engine-1.8.2.jar:1.8.2]
	at java.util.ArrayList.forEach(ArrayList.java:1259) ~[?:1.8.0_362]
	at org.junit.platform.engine.support.hierarchical.SameThreadHierarchicalTestExecutorService.invokeAll(SameThreadHierarchicalTestExecutorService.java:41) ~[junit-platform-engine-1.8.2.jar:1.8.2]
	at org.junit.platform.engine.support.hierarchical.NodeTestTask.lambda$executeRecursively$6(NodeTestTask.java:155) ~[junit-platform-engine-1.8.2.jar:1.8.2]
	at org.junit.platform.engine.support.hierarchical.ThrowableCollector.execute(ThrowableCollector.java:73) ~[junit-platform-engine-1.8.2.jar:1.8.2]
	at org.junit.platform.engine.support.hierarchical.NodeTestTask.lambda$executeRecursively$8(NodeTestTask.java:141) ~[junit-platform-engine-1.8.2.jar:1.8.2]
	at org.junit.platform.engine.support.hierarchical.Node.around(Node.java:137) ~[junit-platform-engine-1.8.2.jar:1.8.2]
	at org.junit.platform.engine.support.hierarchical.NodeTestTask.lambda$executeRecursively$9(NodeTestTask.java:139) ~[junit-platform-engine-1.8.2.jar:1.8.2]
	at org.junit.platform.engine.support.hierarchical.ThrowableCollector.execute(ThrowableCollector.java:73) ~[junit-platform-engine-1.8.2.jar:1.8.2]
	at org.junit.platform.engine.support.hierarchical.NodeTestTask.executeRecursively(NodeTestTask.java:138) ~[junit-platform-engine-1.8.2.jar:1.8.2]
	at org.junit.platform.engine.support.hierarchical.NodeTestTask.execute(NodeTestTask.java:95) ~[junit-platform-engine-1.8.2.jar:1.8.2]
	at org.junit.platform.engine.support.hierarchical.SameThreadHierarchicalTestExecutorService.submit(SameThreadHierarchicalTestExecutorService.java:35) ~[junit-platform-engine-1.8.2.jar:1.8.2]
	at org.junit.platform.engine.support.hierarchical.HierarchicalTestExecutor.execute(HierarchicalTestExecutor.java:57) ~[junit-platform-engine-1.8.2.jar:1.8.2]
	at org.junit.platform.engine.support.hierarchical.HierarchicalTestEngine.execute(HierarchicalTestEngine.java:54) ~[junit-platform-engine-1.8.2.jar:1.8.2]
	at org.junit.platform.launcher.core.EngineExecutionOrchestrator.execute(EngineExecutionOrchestrator.java:107) ~[junit-platform-launcher-1.8.2.jar:1.8.2]
	at org.junit.platform.launcher.core.EngineExecutionOrchestrator.execute(EngineExecutionOrchestrator.java:88) ~[junit-platform-launcher-1.8.2.jar:1.8.2]
	at org.junit.platform.launcher.core.EngineExecutionOrchestrator.lambda$execute$0(EngineExecutionOrchestrator.java:54) ~[junit-platform-launcher-1.8.2.jar:1.8.2]
	at org.junit.platform.launcher.core.EngineExecutionOrchestrator.withInterceptedStreams(EngineExecutionOrchestrator.java:67) [junit-platform-launcher-1.8.2.jar:1.8.2]
	at org.junit.platform.launcher.core.EngineExecutionOrchestrator.execute(EngineExecutionOrchestrator.java:52) [junit-platform-launcher-1.8.2.jar:1.8.2]
	at org.junit.platform.launcher.core.DefaultLauncher.execute(DefaultLauncher.java:114) [junit-platform-launcher-1.8.2.jar:1.8.2]
	at org.junit.platform.launcher.core.DefaultLauncher.execute(DefaultLauncher.java:86) [junit-platform-launcher-1.8.2.jar:1.8.2]
	at org.junit.platform.launcher.core.DefaultLauncherSession$DelegatingLauncher.execute(DefaultLauncherSession.java:86) [junit-platform-launcher-1.8.2.jar:1.8.2]
	at org.junit.platform.launcher.core.SessionPerRequestLauncher.execute(SessionPerRequestLauncher.java:53) [junit-platform-launcher-1.8.2.jar:1.8.2]
	at org.apache.maven.surefire.junitplatform.JUnitPlatformProvider.execute(JUnitPlatformProvider.java:188) [surefire-junit-platform-3.0.0-M5.jar:3.0.0-M5]
	at org.apache.maven.surefire.junitplatform.JUnitPlatformProvider.invokeAllTests(JUnitPlatformProvider.java:154) [surefire-junit-platform-3.0.0-M5.jar:3.0.0-M5]
	at org.apache.maven.surefire.junitplatform.JUnitPlatformProvider.invoke(JUnitPlatformProvider.java:124) [surefire-junit-platform-3.0.0-M5.jar:3.0.0-M5]
	at org.apache.maven.surefire.booter.ForkedBooter.runSuitesInProcess(ForkedBooter.java:428) [surefire-booter-3.0.0-M5.jar:3.0.0-M5]
	at org.apache.maven.surefire.booter.ForkedBooter.execute(ForkedBooter.java:162) [surefire-booter-3.0.0-M5.jar:3.0.0-M5]
	at org.apache.maven.surefire.booter.ForkedBooter.run(ForkedBooter.java:562) [surefire-booter-3.0.0-M5.jar:3.0.0-M5]
	at org.apache.maven.surefire.booter.ForkedBooter.main(ForkedBooter.java:548) [surefire-booter-3.0.0-M5.jar:3.0.0-M5]
]]></system-out>
  </testcase>
  <testcase name="testLookupFileWithNotAllowedUser(BucketLayout)[3]" classname="org.apache.hadoop.ozone.om.snapshot.TestOzoneManagerSnapshotAcl" time="1.123">
    <system-out><![CDATA[2023-03-16 19:31:46,659 [Listener at 127.0.0.1/32993] INFO  rpc.RpcClient (RpcClient.java:createVolume(476)) - Creating Volume: volume-51433, with admin as owner and space quota set to -1 bytes, counts quota set to -1
2023-03-16 19:31:46,661 [OM StateMachine ApplyTransaction Thread - 0] INFO  volume.OMVolumeCreateRequest (OMVolumeCreateRequest.java:validateAndUpdateCache(195)) - created volume:volume-51433 for user:admin
2023-03-16 19:31:46,664 [Listener at 127.0.0.1/32993] INFO  rpc.RpcClient (RpcClient.java:createBucket(698)) - Creating Bucket: volume-51433/bucket-74984, with bucket layout LEGACY, admin as owner, Versioning false, Storage Type set to DISK and Encryption set to false, Replication Type set to server-side default replication type, Namespace Quota set to -1, Space Quota set to -1 
2023-03-16 19:31:46,666 [OM StateMachine ApplyTransaction Thread - 0] INFO  bucket.OMBucketCreateRequest (OMBucketCreateRequest.java:validateAndUpdateCache(263)) - created bucket: bucket-74984 of layout LEGACY in volume: volume-51433
2023-03-16 19:31:46,715 [OM StateMachine ApplyTransaction Thread - 0] INFO  snapshot.OMSnapshotCreateRequest (OMSnapshotCreateRequest.java:validateAndUpdateCache(204)) - Created snapshot 'snapshot-79029' under path 'volume-51433/bucket-74984'
2023-03-16 19:31:46,737 [OMDoubleBufferFlushThread] INFO  db.RDBCheckpointManager (RDBCheckpointManager.java:createCheckpoint(96)) - Created checkpoint in rocksDB at /home/runner/work/ozone/ozone/hadoop-ozone/integration-test/target/test-dir/MiniOzoneClusterImpl-7c80c19b-b74a-4fd6-b02a-95a373f15db1/omNode-1/db.snapshots/om.db-71952c8b-bbf7-41b5-b553-6cd6d86bc584 in 22 milliseconds
2023-03-16 19:31:46,741 [OMDoubleBufferFlushThread] INFO  db.RDBCheckpointManager (RDBCheckpointManager.java:waitForCheckpointDirectoryExist(125)) - Waited for 3 milliseconds for checkpoint directory /home/runner/work/ozone/ozone/hadoop-ozone/integration-test/target/test-dir/MiniOzoneClusterImpl-7c80c19b-b74a-4fd6-b02a-95a373f15db1/omNode-1/db.snapshots/om.db-71952c8b-bbf7-41b5-b553-6cd6d86bc584 availability.
2023-03-16 19:31:46,742 [OMDoubleBufferFlushThread] INFO  om.OmSnapshotManager (OmSnapshotManager.java:createOmSnapshotCheckpoint(269)) - Created checkpoint : /home/runner/work/ozone/ozone/hadoop-ozone/integration-test/target/test-dir/MiniOzoneClusterImpl-7c80c19b-b74a-4fd6-b02a-95a373f15db1/omNode-1/db.snapshots/om.db-71952c8b-bbf7-41b5-b553-6cd6d86bc584 for snapshot snapshot-79029
2023-03-16 19:31:47,722 [Listener at 127.0.0.1/32993] WARN  server.ServerUtils (ServerUtils.java:getDBPath(225)) - ozone.om.db.dirs is not configured. We recommend adding this setting. Falling back to ozone.metadata.dirs instead.
2023-03-16 19:31:47,723 [Listener at 127.0.0.1/32993] INFO  codec.OmKeyInfoCodec (OmKeyInfoCodec.java:<init>(49)) - OmKeyInfoCodec ignorePipeline = true
2023-03-16 19:31:47,723 [Listener at 127.0.0.1/32993] INFO  codec.RepeatedOmKeyInfoCodec (RepeatedOmKeyInfoCodec.java:<init>(41)) - RepeatedOmKeyInfoCodec ignorePipeline = true
2023-03-16 19:31:47,763 [Listener at 127.0.0.1/32993] WARN  om.OmSnapshot (OmMetadataReader.java:checkAcls(497)) - User user2 doesn't have READ permission to access key Volume:volume-51433 Bucket:bucket-74984 Key:key-62172
19:31:47.763 [Listener at 127.0.0.1/32993] ERROR OMAudit - user=null | ip=null | op=LOOKUP_FILE {volume=volume-51433, bucket=bucket-74984, key=key-62172, dataSize=0, replicationConfig=null} | ret=FAILURE
org.apache.hadoop.ozone.om.exceptions.OMException: User user2 doesn't have READ permission to access key Volume:volume-51433 Bucket:bucket-74984 Key:key-62172
	at org.apache.hadoop.ozone.om.OmMetadataReader.checkAcls(OmMetadataReader.java:500) ~[ozone-manager-1.4.0-SNAPSHOT.jar:?]
	at org.apache.hadoop.ozone.om.OmMetadataReader.checkAcls(OmMetadataReader.java:475) ~[ozone-manager-1.4.0-SNAPSHOT.jar:?]
	at org.apache.hadoop.ozone.om.OzoneAclUtils.checkAllAcls(OzoneAclUtils.java:129) ~[ozone-manager-1.4.0-SNAPSHOT.jar:?]
	at org.apache.hadoop.ozone.om.OmMetadataReader.checkAcls(OmMetadataReader.java:437) ~[ozone-manager-1.4.0-SNAPSHOT.jar:?]
	at org.apache.hadoop.ozone.om.OmMetadataReader.lookupFile(OmMetadataReader.java:314) ~[ozone-manager-1.4.0-SNAPSHOT.jar:?]
	at org.apache.hadoop.ozone.om.OmSnapshot.lookupFile(OmSnapshot.java:124) ~[ozone-manager-1.4.0-SNAPSHOT.jar:?]
	at org.apache.hadoop.ozone.om.OzoneManager.lookupFile(OzoneManager.java:3499) ~[ozone-manager-1.4.0-SNAPSHOT.jar:?]
	at org.apache.hadoop.ozone.om.snapshot.TestOzoneManagerSnapshotAcl.lambda$testLookupFileWithNotAllowedUser$10(TestOzoneManagerSnapshotAcl.java:299) ~[test-classes/:?]
	at org.junit.jupiter.api.AssertThrows.assertThrows(AssertThrows.java:55) ~[junit-jupiter-api-5.8.2.jar:5.8.2]
	at org.junit.jupiter.api.AssertThrows.assertThrows(AssertThrows.java:37) ~[junit-jupiter-api-5.8.2.jar:5.8.2]
	at org.junit.jupiter.api.Assertions.assertThrows(Assertions.java:3082) ~[junit-jupiter-api-5.8.2.jar:5.8.2]
	at org.apache.hadoop.ozone.om.snapshot.TestOzoneManagerSnapshotAcl.testLookupFileWithNotAllowedUser(TestOzoneManagerSnapshotAcl.java:298) ~[test-classes/:?]
	at sun.reflect.NativeMethodAccessorImpl.invoke0(Native Method) ~[?:1.8.0_362]
	at sun.reflect.NativeMethodAccessorImpl.invoke(NativeMethodAccessorImpl.java:62) ~[?:1.8.0_362]
	at sun.reflect.DelegatingMethodAccessorImpl.invoke(DelegatingMethodAccessorImpl.java:43) ~[?:1.8.0_362]
	at java.lang.reflect.Method.invoke(Method.java:498) ~[?:1.8.0_362]
	at org.junit.platform.commons.util.ReflectionUtils.invokeMethod(ReflectionUtils.java:725) ~[junit-platform-commons-1.8.2.jar:1.8.2]
	at org.junit.jupiter.engine.execution.MethodInvocation.proceed(MethodInvocation.java:60) ~[junit-jupiter-engine-5.8.2.jar:5.8.2]
	at org.junit.jupiter.engine.execution.InvocationInterceptorChain$ValidatingInvocation.proceed(InvocationInterceptorChain.java:131) ~[junit-jupiter-engine-5.8.2.jar:5.8.2]
	at org.junit.jupiter.engine.extension.TimeoutInvocation.proceed(TimeoutInvocation.java:46) ~[junit-jupiter-engine-5.8.2.jar:5.8.2]
	at org.junit.jupiter.engine.extension.TimeoutExtension.intercept(TimeoutExtension.java:149) ~[junit-jupiter-engine-5.8.2.jar:5.8.2]
	at org.junit.jupiter.engine.extension.TimeoutExtension.interceptTestableMethod(TimeoutExtension.java:140) ~[junit-jupiter-engine-5.8.2.jar:5.8.2]
	at org.junit.jupiter.engine.extension.TimeoutExtension.interceptTestTemplateMethod(TimeoutExtension.java:92) ~[junit-jupiter-engine-5.8.2.jar:5.8.2]
	at org.junit.jupiter.engine.execution.ExecutableInvoker$ReflectiveInterceptorCall.lambda$ofVoidMethod$0(ExecutableInvoker.java:115) ~[junit-jupiter-engine-5.8.2.jar:5.8.2]
	at org.junit.jupiter.engine.execution.ExecutableInvoker.lambda$invoke$0(ExecutableInvoker.java:105) ~[junit-jupiter-engine-5.8.2.jar:5.8.2]
	at org.junit.jupiter.engine.execution.InvocationInterceptorChain$InterceptedInvocation.proceed(InvocationInterceptorChain.java:106) ~[junit-jupiter-engine-5.8.2.jar:5.8.2]
	at org.junit.jupiter.engine.execution.InvocationInterceptorChain.proceed(InvocationInterceptorChain.java:64) ~[junit-jupiter-engine-5.8.2.jar:5.8.2]
	at org.junit.jupiter.engine.execution.InvocationInterceptorChain.chainAndInvoke(InvocationInterceptorChain.java:45) ~[junit-jupiter-engine-5.8.2.jar:5.8.2]
	at org.junit.jupiter.engine.execution.InvocationInterceptorChain.invoke(InvocationInterceptorChain.java:37) ~[junit-jupiter-engine-5.8.2.jar:5.8.2]
	at org.junit.jupiter.engine.execution.ExecutableInvoker.invoke(ExecutableInvoker.java:104) ~[junit-jupiter-engine-5.8.2.jar:5.8.2]
	at org.junit.jupiter.engine.execution.ExecutableInvoker.invoke(ExecutableInvoker.java:98) ~[junit-jupiter-engine-5.8.2.jar:5.8.2]
	at org.junit.jupiter.engine.descriptor.TestMethodTestDescriptor.lambda$invokeTestMethod$7(TestMethodTestDescriptor.java:214) ~[junit-jupiter-engine-5.8.2.jar:5.8.2]
	at org.junit.platform.engine.support.hierarchical.ThrowableCollector.execute(ThrowableCollector.java:73) ~[junit-platform-engine-1.8.2.jar:1.8.2]
	at org.junit.jupiter.engine.descriptor.TestMethodTestDescriptor.invokeTestMethod(TestMethodTestDescriptor.java:210) ~[junit-jupiter-engine-5.8.2.jar:5.8.2]
	at org.junit.jupiter.engine.descriptor.TestMethodTestDescriptor.execute(TestMethodTestDescriptor.java:135) ~[junit-jupiter-engine-5.8.2.jar:5.8.2]
	at org.junit.jupiter.engine.descriptor.TestMethodTestDescriptor.execute(TestMethodTestDescriptor.java:66) ~[junit-jupiter-engine-5.8.2.jar:5.8.2]
	at org.junit.platform.engine.support.hierarchical.NodeTestTask.lambda$executeRecursively$6(NodeTestTask.java:151) ~[junit-platform-engine-1.8.2.jar:1.8.2]
	at org.junit.platform.engine.support.hierarchical.ThrowableCollector.execute(ThrowableCollector.java:73) ~[junit-platform-engine-1.8.2.jar:1.8.2]
	at org.junit.platform.engine.support.hierarchical.NodeTestTask.lambda$executeRecursively$8(NodeTestTask.java:141) ~[junit-platform-engine-1.8.2.jar:1.8.2]
	at org.junit.platform.engine.support.hierarchical.Node.around(Node.java:137) ~[junit-platform-engine-1.8.2.jar:1.8.2]
	at org.junit.platform.engine.support.hierarchical.NodeTestTask.lambda$executeRecursively$9(NodeTestTask.java:139) ~[junit-platform-engine-1.8.2.jar:1.8.2]
	at org.junit.platform.engine.support.hierarchical.ThrowableCollector.execute(ThrowableCollector.java:73) ~[junit-platform-engine-1.8.2.jar:1.8.2]
	at org.junit.platform.engine.support.hierarchical.NodeTestTask.executeRecursively(NodeTestTask.java:138) ~[junit-platform-engine-1.8.2.jar:1.8.2]
	at org.junit.platform.engine.support.hierarchical.NodeTestTask.execute(NodeTestTask.java:95) ~[junit-platform-engine-1.8.2.jar:1.8.2]
	at org.junit.platform.engine.support.hierarchical.SameThreadHierarchicalTestExecutorService.submit(SameThreadHierarchicalTestExecutorService.java:35) ~[junit-platform-engine-1.8.2.jar:1.8.2]
	at org.junit.platform.engine.support.hierarchical.NodeTestTask$DefaultDynamicTestExecutor.execute(NodeTestTask.java:226) ~[junit-platform-engine-1.8.2.jar:1.8.2]
	at org.junit.platform.engine.support.hierarchical.NodeTestTask$DefaultDynamicTestExecutor.execute(NodeTestTask.java:204) ~[junit-platform-engine-1.8.2.jar:1.8.2]
	at org.junit.jupiter.engine.descriptor.TestTemplateTestDescriptor.execute(TestTemplateTestDescriptor.java:139) ~[junit-jupiter-engine-5.8.2.jar:5.8.2]
	at org.junit.jupiter.engine.descriptor.TestTemplateTestDescriptor.lambda$execute$2(TestTemplateTestDescriptor.java:107) ~[junit-jupiter-engine-5.8.2.jar:5.8.2]
	at java.util.stream.ForEachOps$ForEachOp$OfRef.accept(ForEachOps.java:183) ~[?:1.8.0_362]
	at java.util.stream.ReferencePipeline$3$1.accept(ReferencePipeline.java:193) ~[?:1.8.0_362]
	at java.util.stream.ReferencePipeline$2$1.accept(ReferencePipeline.java:175) ~[?:1.8.0_362]
	at java.util.stream.ReferencePipeline$3$1.accept(ReferencePipeline.java:193) ~[?:1.8.0_362]
	at java.util.stream.ForEachOps$ForEachOp$OfRef.accept(ForEachOps.java:183) ~[?:1.8.0_362]
	at java.util.stream.ReferencePipeline$3$1.accept(ReferencePipeline.java:193) ~[?:1.8.0_362]
	at java.util.stream.ReferencePipeline$3$1.accept(ReferencePipeline.java:193) ~[?:1.8.0_362]
	at java.util.stream.ReferencePipeline$3$1.accept(ReferencePipeline.java:193) ~[?:1.8.0_362]
	at java.util.stream.ForEachOps$ForEachOp$OfRef.accept(ForEachOps.java:183) ~[?:1.8.0_362]
	at java.util.stream.ReferencePipeline$3$1.accept(ReferencePipeline.java:193) ~[?:1.8.0_362]
	at java.util.Iterator.forEachRemaining(Iterator.java:116) ~[?:1.8.0_362]
	at java.util.Spliterators$IteratorSpliterator.forEachRemaining(Spliterators.java:1801) ~[?:1.8.0_362]
	at java.util.stream.AbstractPipeline.copyInto(AbstractPipeline.java:482) ~[?:1.8.0_362]
	at java.util.stream.AbstractPipeline.wrapAndCopyInto(AbstractPipeline.java:472) ~[?:1.8.0_362]
	at java.util.stream.ForEachOps$ForEachOp.evaluateSequential(ForEachOps.java:150) ~[?:1.8.0_362]
	at java.util.stream.ForEachOps$ForEachOp$OfRef.evaluateSequential(ForEachOps.java:173) ~[?:1.8.0_362]
	at java.util.stream.AbstractPipeline.evaluate(AbstractPipeline.java:234) ~[?:1.8.0_362]
	at java.util.stream.ReferencePipeline.forEach(ReferencePipeline.java:485) ~[?:1.8.0_362]
	at java.util.stream.ReferencePipeline$7$1.accept(ReferencePipeline.java:272) ~[?:1.8.0_362]
	at java.util.stream.ReferencePipeline$3$1.accept(ReferencePipeline.java:193) ~[?:1.8.0_362]
	at java.util.stream.ReferencePipeline$3$1.accept(ReferencePipeline.java:193) ~[?:1.8.0_362]
	at java.util.stream.ReferencePipeline$3$1.accept(ReferencePipeline.java:193) ~[?:1.8.0_362]
	at java.util.ArrayList$ArrayListSpliterator.forEachRemaining(ArrayList.java:1384) ~[?:1.8.0_362]
	at java.util.stream.AbstractPipeline.copyInto(AbstractPipeline.java:482) ~[?:1.8.0_362]
	at java.util.stream.AbstractPipeline.wrapAndCopyInto(AbstractPipeline.java:472) ~[?:1.8.0_362]
	at java.util.stream.ForEachOps$ForEachOp.evaluateSequential(ForEachOps.java:150) ~[?:1.8.0_362]
	at java.util.stream.ForEachOps$ForEachOp$OfRef.evaluateSequential(ForEachOps.java:173) ~[?:1.8.0_362]
	at java.util.stream.AbstractPipeline.evaluate(AbstractPipeline.java:234) ~[?:1.8.0_362]
	at java.util.stream.ReferencePipeline.forEach(ReferencePipeline.java:485) ~[?:1.8.0_362]
	at java.util.stream.ReferencePipeline$7$1.accept(ReferencePipeline.java:272) ~[?:1.8.0_362]
	at java.util.ArrayList$ArrayListSpliterator.forEachRemaining(ArrayList.java:1384) ~[?:1.8.0_362]
	at java.util.stream.AbstractPipeline.copyInto(AbstractPipeline.java:482) ~[?:1.8.0_362]
	at java.util.stream.AbstractPipeline.wrapAndCopyInto(AbstractPipeline.java:472) ~[?:1.8.0_362]
	at java.util.stream.ForEachOps$ForEachOp.evaluateSequential(ForEachOps.java:150) ~[?:1.8.0_362]
	at java.util.stream.ForEachOps$ForEachOp$OfRef.evaluateSequential(ForEachOps.java:173) ~[?:1.8.0_362]
	at java.util.stream.AbstractPipeline.evaluate(AbstractPipeline.java:234) ~[?:1.8.0_362]
	at java.util.stream.ReferencePipeline.forEach(ReferencePipeline.java:485) ~[?:1.8.0_362]
	at org.junit.jupiter.engine.descriptor.TestTemplateTestDescriptor.execute(TestTemplateTestDescriptor.java:107) ~[junit-jupiter-engine-5.8.2.jar:5.8.2]
	at org.junit.jupiter.engine.descriptor.TestTemplateTestDescriptor.execute(TestTemplateTestDescriptor.java:42) ~[junit-jupiter-engine-5.8.2.jar:5.8.2]
	at org.junit.platform.engine.support.hierarchical.NodeTestTask.lambda$executeRecursively$6(NodeTestTask.java:151) ~[junit-platform-engine-1.8.2.jar:1.8.2]
	at org.junit.platform.engine.support.hierarchical.ThrowableCollector.execute(ThrowableCollector.java:73) ~[junit-platform-engine-1.8.2.jar:1.8.2]
	at org.junit.platform.engine.support.hierarchical.NodeTestTask.lambda$executeRecursively$8(NodeTestTask.java:141) ~[junit-platform-engine-1.8.2.jar:1.8.2]
	at org.junit.platform.engine.support.hierarchical.Node.around(Node.java:137) ~[junit-platform-engine-1.8.2.jar:1.8.2]
	at org.junit.platform.engine.support.hierarchical.NodeTestTask.lambda$executeRecursively$9(NodeTestTask.java:139) ~[junit-platform-engine-1.8.2.jar:1.8.2]
	at org.junit.platform.engine.support.hierarchical.ThrowableCollector.execute(ThrowableCollector.java:73) ~[junit-platform-engine-1.8.2.jar:1.8.2]
	at org.junit.platform.engine.support.hierarchical.NodeTestTask.executeRecursively(NodeTestTask.java:138) ~[junit-platform-engine-1.8.2.jar:1.8.2]
	at org.junit.platform.engine.support.hierarchical.NodeTestTask.execute(NodeTestTask.java:95) ~[junit-platform-engine-1.8.2.jar:1.8.2]
	at java.util.ArrayList.forEach(ArrayList.java:1259) ~[?:1.8.0_362]
	at org.junit.platform.engine.support.hierarchical.SameThreadHierarchicalTestExecutorService.invokeAll(SameThreadHierarchicalTestExecutorService.java:41) ~[junit-platform-engine-1.8.2.jar:1.8.2]
	at org.junit.platform.engine.support.hierarchical.NodeTestTask.lambda$executeRecursively$6(NodeTestTask.java:155) ~[junit-platform-engine-1.8.2.jar:1.8.2]
	at org.junit.platform.engine.support.hierarchical.ThrowableCollector.execute(ThrowableCollector.java:73) ~[junit-platform-engine-1.8.2.jar:1.8.2]
	at org.junit.platform.engine.support.hierarchical.NodeTestTask.lambda$executeRecursively$8(NodeTestTask.java:141) ~[junit-platform-engine-1.8.2.jar:1.8.2]
	at org.junit.platform.engine.support.hierarchical.Node.around(Node.java:137) ~[junit-platform-engine-1.8.2.jar:1.8.2]
	at org.junit.platform.engine.support.hierarchical.NodeTestTask.lambda$executeRecursively$9(NodeTestTask.java:139) ~[junit-platform-engine-1.8.2.jar:1.8.2]
	at org.junit.platform.engine.support.hierarchical.ThrowableCollector.execute(ThrowableCollector.java:73) ~[junit-platform-engine-1.8.2.jar:1.8.2]
	at org.junit.platform.engine.support.hierarchical.NodeTestTask.executeRecursively(NodeTestTask.java:138) ~[junit-platform-engine-1.8.2.jar:1.8.2]
	at org.junit.platform.engine.support.hierarchical.NodeTestTask.execute(NodeTestTask.java:95) ~[junit-platform-engine-1.8.2.jar:1.8.2]
	at java.util.ArrayList.forEach(ArrayList.java:1259) ~[?:1.8.0_362]
	at org.junit.platform.engine.support.hierarchical.SameThreadHierarchicalTestExecutorService.invokeAll(SameThreadHierarchicalTestExecutorService.java:41) ~[junit-platform-engine-1.8.2.jar:1.8.2]
	at org.junit.platform.engine.support.hierarchical.NodeTestTask.lambda$executeRecursively$6(NodeTestTask.java:155) ~[junit-platform-engine-1.8.2.jar:1.8.2]
	at org.junit.platform.engine.support.hierarchical.ThrowableCollector.execute(ThrowableCollector.java:73) ~[junit-platform-engine-1.8.2.jar:1.8.2]
	at org.junit.platform.engine.support.hierarchical.NodeTestTask.lambda$executeRecursively$8(NodeTestTask.java:141) ~[junit-platform-engine-1.8.2.jar:1.8.2]
	at org.junit.platform.engine.support.hierarchical.Node.around(Node.java:137) ~[junit-platform-engine-1.8.2.jar:1.8.2]
	at org.junit.platform.engine.support.hierarchical.NodeTestTask.lambda$executeRecursively$9(NodeTestTask.java:139) ~[junit-platform-engine-1.8.2.jar:1.8.2]
	at org.junit.platform.engine.support.hierarchical.ThrowableCollector.execute(ThrowableCollector.java:73) ~[junit-platform-engine-1.8.2.jar:1.8.2]
	at org.junit.platform.engine.support.hierarchical.NodeTestTask.executeRecursively(NodeTestTask.java:138) ~[junit-platform-engine-1.8.2.jar:1.8.2]
	at org.junit.platform.engine.support.hierarchical.NodeTestTask.execute(NodeTestTask.java:95) ~[junit-platform-engine-1.8.2.jar:1.8.2]
	at org.junit.platform.engine.support.hierarchical.SameThreadHierarchicalTestExecutorService.submit(SameThreadHierarchicalTestExecutorService.java:35) ~[junit-platform-engine-1.8.2.jar:1.8.2]
	at org.junit.platform.engine.support.hierarchical.HierarchicalTestExecutor.execute(HierarchicalTestExecutor.java:57) ~[junit-platform-engine-1.8.2.jar:1.8.2]
	at org.junit.platform.engine.support.hierarchical.HierarchicalTestEngine.execute(HierarchicalTestEngine.java:54) ~[junit-platform-engine-1.8.2.jar:1.8.2]
	at org.junit.platform.launcher.core.EngineExecutionOrchestrator.execute(EngineExecutionOrchestrator.java:107) ~[junit-platform-launcher-1.8.2.jar:1.8.2]
	at org.junit.platform.launcher.core.EngineExecutionOrchestrator.execute(EngineExecutionOrchestrator.java:88) ~[junit-platform-launcher-1.8.2.jar:1.8.2]
	at org.junit.platform.launcher.core.EngineExecutionOrchestrator.lambda$execute$0(EngineExecutionOrchestrator.java:54) ~[junit-platform-launcher-1.8.2.jar:1.8.2]
	at org.junit.platform.launcher.core.EngineExecutionOrchestrator.withInterceptedStreams(EngineExecutionOrchestrator.java:67) [junit-platform-launcher-1.8.2.jar:1.8.2]
	at org.junit.platform.launcher.core.EngineExecutionOrchestrator.execute(EngineExecutionOrchestrator.java:52) [junit-platform-launcher-1.8.2.jar:1.8.2]
	at org.junit.platform.launcher.core.DefaultLauncher.execute(DefaultLauncher.java:114) [junit-platform-launcher-1.8.2.jar:1.8.2]
	at org.junit.platform.launcher.core.DefaultLauncher.execute(DefaultLauncher.java:86) [junit-platform-launcher-1.8.2.jar:1.8.2]
	at org.junit.platform.launcher.core.DefaultLauncherSession$DelegatingLauncher.execute(DefaultLauncherSession.java:86) [junit-platform-launcher-1.8.2.jar:1.8.2]
	at org.junit.platform.launcher.core.SessionPerRequestLauncher.execute(SessionPerRequestLauncher.java:53) [junit-platform-launcher-1.8.2.jar:1.8.2]
	at org.apache.maven.surefire.junitplatform.JUnitPlatformProvider.execute(JUnitPlatformProvider.java:188) [surefire-junit-platform-3.0.0-M5.jar:3.0.0-M5]
	at org.apache.maven.surefire.junitplatform.JUnitPlatformProvider.invokeAllTests(JUnitPlatformProvider.java:154) [surefire-junit-platform-3.0.0-M5.jar:3.0.0-M5]
	at org.apache.maven.surefire.junitplatform.JUnitPlatformProvider.invoke(JUnitPlatformProvider.java:124) [surefire-junit-platform-3.0.0-M5.jar:3.0.0-M5]
	at org.apache.maven.surefire.booter.ForkedBooter.runSuitesInProcess(ForkedBooter.java:428) [surefire-booter-3.0.0-M5.jar:3.0.0-M5]
	at org.apache.maven.surefire.booter.ForkedBooter.execute(ForkedBooter.java:162) [surefire-booter-3.0.0-M5.jar:3.0.0-M5]
	at org.apache.maven.surefire.booter.ForkedBooter.run(ForkedBooter.java:562) [surefire-booter-3.0.0-M5.jar:3.0.0-M5]
	at org.apache.maven.surefire.booter.ForkedBooter.main(ForkedBooter.java:548) [surefire-booter-3.0.0-M5.jar:3.0.0-M5]
]]></system-out>
  </testcase>
  <testcase name="testLookupKeyWithNotAllowedUser(BucketLayout)[1]" classname="org.apache.hadoop.ozone.om.snapshot.TestOzoneManagerSnapshotAcl" time="1.127">
    <system-out><![CDATA[2023-03-16 19:31:47,786 [Listener at 127.0.0.1/32993] INFO  rpc.RpcClient (RpcClient.java:createVolume(476)) - Creating Volume: volume-73360, with admin as owner and space quota set to -1 bytes, counts quota set to -1
2023-03-16 19:31:47,788 [OM StateMachine ApplyTransaction Thread - 0] INFO  volume.OMVolumeCreateRequest (OMVolumeCreateRequest.java:validateAndUpdateCache(195)) - created volume:volume-73360 for user:admin
2023-03-16 19:31:47,790 [Listener at 127.0.0.1/32993] INFO  rpc.RpcClient (RpcClient.java:createBucket(698)) - Creating Bucket: volume-73360/bucket-48167, with bucket layout FILE_SYSTEM_OPTIMIZED, admin as owner, Versioning false, Storage Type set to DISK and Encryption set to false, Replication Type set to server-side default replication type, Namespace Quota set to -1, Space Quota set to -1 
2023-03-16 19:31:47,793 [OM StateMachine ApplyTransaction Thread - 0] INFO  bucket.OMBucketCreateRequest (OMBucketCreateRequest.java:validateAndUpdateCache(263)) - created bucket: bucket-48167 of layout FILE_SYSTEM_OPTIMIZED in volume: volume-73360
2023-03-16 19:31:47,839 [OM StateMachine ApplyTransaction Thread - 0] INFO  snapshot.OMSnapshotCreateRequest (OMSnapshotCreateRequest.java:validateAndUpdateCache(204)) - Created snapshot 'snapshot-62303' under path 'volume-73360/bucket-48167'
2023-03-16 19:31:47,863 [OMDoubleBufferFlushThread] INFO  db.RDBCheckpointManager (RDBCheckpointManager.java:createCheckpoint(96)) - Created checkpoint in rocksDB at /home/runner/work/ozone/ozone/hadoop-ozone/integration-test/target/test-dir/MiniOzoneClusterImpl-7c80c19b-b74a-4fd6-b02a-95a373f15db1/omNode-1/db.snapshots/om.db-3643f804-4b93-4f1c-bda7-ec81052b4ca7 in 23 milliseconds
2023-03-16 19:31:47,864 [OMDoubleBufferFlushThread] INFO  db.RDBCheckpointManager (RDBCheckpointManager.java:waitForCheckpointDirectoryExist(125)) - Waited for 1 milliseconds for checkpoint directory /home/runner/work/ozone/ozone/hadoop-ozone/integration-test/target/test-dir/MiniOzoneClusterImpl-7c80c19b-b74a-4fd6-b02a-95a373f15db1/omNode-1/db.snapshots/om.db-3643f804-4b93-4f1c-bda7-ec81052b4ca7 availability.
2023-03-16 19:31:47,864 [OMDoubleBufferFlushThread] INFO  om.OmSnapshotManager (OmSnapshotManager.java:createOmSnapshotCheckpoint(269)) - Created checkpoint : /home/runner/work/ozone/ozone/hadoop-ozone/integration-test/target/test-dir/MiniOzoneClusterImpl-7c80c19b-b74a-4fd6-b02a-95a373f15db1/omNode-1/db.snapshots/om.db-3643f804-4b93-4f1c-bda7-ec81052b4ca7 for snapshot snapshot-62303
2023-03-16 19:31:48,850 [Listener at 127.0.0.1/32993] WARN  server.ServerUtils (ServerUtils.java:getDBPath(225)) - ozone.om.db.dirs is not configured. We recommend adding this setting. Falling back to ozone.metadata.dirs instead.
2023-03-16 19:31:48,851 [Listener at 127.0.0.1/32993] INFO  codec.OmKeyInfoCodec (OmKeyInfoCodec.java:<init>(49)) - OmKeyInfoCodec ignorePipeline = true
2023-03-16 19:31:48,851 [Listener at 127.0.0.1/32993] INFO  codec.RepeatedOmKeyInfoCodec (RepeatedOmKeyInfoCodec.java:<init>(41)) - RepeatedOmKeyInfoCodec ignorePipeline = true
2023-03-16 19:31:48,892 [Listener at 127.0.0.1/32993] WARN  om.OmSnapshot (OmMetadataReader.java:checkAcls(497)) - User user2 doesn't have READ permission to access key Volume:volume-73360 Bucket:bucket-48167 Key:key-16950
19:31:48.892 [Listener at 127.0.0.1/32993] ERROR OMAudit - user=null | ip=null | op=READ_KEY {volume=volume-73360, bucket=bucket-48167, key=key-16950, dataSize=0, replicationConfig=null} | ret=FAILURE
org.apache.hadoop.ozone.om.exceptions.OMException: User user2 doesn't have READ permission to access key Volume:volume-73360 Bucket:bucket-48167 Key:key-16950
	at org.apache.hadoop.ozone.om.OmMetadataReader.checkAcls(OmMetadataReader.java:500) ~[ozone-manager-1.4.0-SNAPSHOT.jar:?]
	at org.apache.hadoop.ozone.om.OmMetadataReader.checkAcls(OmMetadataReader.java:475) ~[ozone-manager-1.4.0-SNAPSHOT.jar:?]
	at org.apache.hadoop.ozone.om.OzoneAclUtils.checkAllAcls(OzoneAclUtils.java:129) ~[ozone-manager-1.4.0-SNAPSHOT.jar:?]
	at org.apache.hadoop.ozone.om.OmMetadataReader.checkAcls(OmMetadataReader.java:437) ~[ozone-manager-1.4.0-SNAPSHOT.jar:?]
	at org.apache.hadoop.ozone.om.OmMetadataReader.lambda$1(OmMetadataReader.java:150) ~[ozone-manager-1.4.0-SNAPSHOT.jar:?]
	at org.apache.hadoop.util.MetricUtil.captureLatencyNs(MetricUtil.java:47) ~[hdds-common-1.4.0-SNAPSHOT.jar:?]
	at org.apache.hadoop.ozone.om.OmMetadataReader.lookupKey(OmMetadataReader.java:149) ~[ozone-manager-1.4.0-SNAPSHOT.jar:?]
	at org.apache.hadoop.ozone.om.OmSnapshot.lookupKey(OmSnapshot.java:90) ~[ozone-manager-1.4.0-SNAPSHOT.jar:?]
	at org.apache.hadoop.ozone.om.OzoneManager.lookupKey(OzoneManager.java:2803) ~[ozone-manager-1.4.0-SNAPSHOT.jar:?]
	at org.apache.hadoop.ozone.om.snapshot.TestOzoneManagerSnapshotAcl.lambda$testLookupKeyWithNotAllowedUser$1(TestOzoneManagerSnapshotAcl.java:182) ~[test-classes/:?]
	at org.junit.jupiter.api.AssertThrows.assertThrows(AssertThrows.java:55) ~[junit-jupiter-api-5.8.2.jar:5.8.2]
	at org.junit.jupiter.api.AssertThrows.assertThrows(AssertThrows.java:37) ~[junit-jupiter-api-5.8.2.jar:5.8.2]
	at org.junit.jupiter.api.Assertions.assertThrows(Assertions.java:3082) ~[junit-jupiter-api-5.8.2.jar:5.8.2]
	at org.apache.hadoop.ozone.om.snapshot.TestOzoneManagerSnapshotAcl.testLookupKeyWithNotAllowedUser(TestOzoneManagerSnapshotAcl.java:181) ~[test-classes/:?]
	at sun.reflect.NativeMethodAccessorImpl.invoke0(Native Method) ~[?:1.8.0_362]
	at sun.reflect.NativeMethodAccessorImpl.invoke(NativeMethodAccessorImpl.java:62) ~[?:1.8.0_362]
	at sun.reflect.DelegatingMethodAccessorImpl.invoke(DelegatingMethodAccessorImpl.java:43) ~[?:1.8.0_362]
	at java.lang.reflect.Method.invoke(Method.java:498) ~[?:1.8.0_362]
	at org.junit.platform.commons.util.ReflectionUtils.invokeMethod(ReflectionUtils.java:725) ~[junit-platform-commons-1.8.2.jar:1.8.2]
	at org.junit.jupiter.engine.execution.MethodInvocation.proceed(MethodInvocation.java:60) ~[junit-jupiter-engine-5.8.2.jar:5.8.2]
	at org.junit.jupiter.engine.execution.InvocationInterceptorChain$ValidatingInvocation.proceed(InvocationInterceptorChain.java:131) ~[junit-jupiter-engine-5.8.2.jar:5.8.2]
	at org.junit.jupiter.engine.extension.TimeoutInvocation.proceed(TimeoutInvocation.java:46) ~[junit-jupiter-engine-5.8.2.jar:5.8.2]
	at org.junit.jupiter.engine.extension.TimeoutExtension.intercept(TimeoutExtension.java:149) ~[junit-jupiter-engine-5.8.2.jar:5.8.2]
	at org.junit.jupiter.engine.extension.TimeoutExtension.interceptTestableMethod(TimeoutExtension.java:140) ~[junit-jupiter-engine-5.8.2.jar:5.8.2]
	at org.junit.jupiter.engine.extension.TimeoutExtension.interceptTestTemplateMethod(TimeoutExtension.java:92) ~[junit-jupiter-engine-5.8.2.jar:5.8.2]
	at org.junit.jupiter.engine.execution.ExecutableInvoker$ReflectiveInterceptorCall.lambda$ofVoidMethod$0(ExecutableInvoker.java:115) ~[junit-jupiter-engine-5.8.2.jar:5.8.2]
	at org.junit.jupiter.engine.execution.ExecutableInvoker.lambda$invoke$0(ExecutableInvoker.java:105) ~[junit-jupiter-engine-5.8.2.jar:5.8.2]
	at org.junit.jupiter.engine.execution.InvocationInterceptorChain$InterceptedInvocation.proceed(InvocationInterceptorChain.java:106) ~[junit-jupiter-engine-5.8.2.jar:5.8.2]
	at org.junit.jupiter.engine.execution.InvocationInterceptorChain.proceed(InvocationInterceptorChain.java:64) ~[junit-jupiter-engine-5.8.2.jar:5.8.2]
	at org.junit.jupiter.engine.execution.InvocationInterceptorChain.chainAndInvoke(InvocationInterceptorChain.java:45) ~[junit-jupiter-engine-5.8.2.jar:5.8.2]
	at org.junit.jupiter.engine.execution.InvocationInterceptorChain.invoke(InvocationInterceptorChain.java:37) ~[junit-jupiter-engine-5.8.2.jar:5.8.2]
	at org.junit.jupiter.engine.execution.ExecutableInvoker.invoke(ExecutableInvoker.java:104) ~[junit-jupiter-engine-5.8.2.jar:5.8.2]
	at org.junit.jupiter.engine.execution.ExecutableInvoker.invoke(ExecutableInvoker.java:98) ~[junit-jupiter-engine-5.8.2.jar:5.8.2]
	at org.junit.jupiter.engine.descriptor.TestMethodTestDescriptor.lambda$invokeTestMethod$7(TestMethodTestDescriptor.java:214) ~[junit-jupiter-engine-5.8.2.jar:5.8.2]
	at org.junit.platform.engine.support.hierarchical.ThrowableCollector.execute(ThrowableCollector.java:73) ~[junit-platform-engine-1.8.2.jar:1.8.2]
	at org.junit.jupiter.engine.descriptor.TestMethodTestDescriptor.invokeTestMethod(TestMethodTestDescriptor.java:210) ~[junit-jupiter-engine-5.8.2.jar:5.8.2]
	at org.junit.jupiter.engine.descriptor.TestMethodTestDescriptor.execute(TestMethodTestDescriptor.java:135) ~[junit-jupiter-engine-5.8.2.jar:5.8.2]
	at org.junit.jupiter.engine.descriptor.TestMethodTestDescriptor.execute(TestMethodTestDescriptor.java:66) ~[junit-jupiter-engine-5.8.2.jar:5.8.2]
	at org.junit.platform.engine.support.hierarchical.NodeTestTask.lambda$executeRecursively$6(NodeTestTask.java:151) ~[junit-platform-engine-1.8.2.jar:1.8.2]
	at org.junit.platform.engine.support.hierarchical.ThrowableCollector.execute(ThrowableCollector.java:73) ~[junit-platform-engine-1.8.2.jar:1.8.2]
	at org.junit.platform.engine.support.hierarchical.NodeTestTask.lambda$executeRecursively$8(NodeTestTask.java:141) ~[junit-platform-engine-1.8.2.jar:1.8.2]
	at org.junit.platform.engine.support.hierarchical.Node.around(Node.java:137) ~[junit-platform-engine-1.8.2.jar:1.8.2]
	at org.junit.platform.engine.support.hierarchical.NodeTestTask.lambda$executeRecursively$9(NodeTestTask.java:139) ~[junit-platform-engine-1.8.2.jar:1.8.2]
	at org.junit.platform.engine.support.hierarchical.ThrowableCollector.execute(ThrowableCollector.java:73) ~[junit-platform-engine-1.8.2.jar:1.8.2]
	at org.junit.platform.engine.support.hierarchical.NodeTestTask.executeRecursively(NodeTestTask.java:138) ~[junit-platform-engine-1.8.2.jar:1.8.2]
	at org.junit.platform.engine.support.hierarchical.NodeTestTask.execute(NodeTestTask.java:95) ~[junit-platform-engine-1.8.2.jar:1.8.2]
	at org.junit.platform.engine.support.hierarchical.SameThreadHierarchicalTestExecutorService.submit(SameThreadHierarchicalTestExecutorService.java:35) ~[junit-platform-engine-1.8.2.jar:1.8.2]
	at org.junit.platform.engine.support.hierarchical.NodeTestTask$DefaultDynamicTestExecutor.execute(NodeTestTask.java:226) ~[junit-platform-engine-1.8.2.jar:1.8.2]
	at org.junit.platform.engine.support.hierarchical.NodeTestTask$DefaultDynamicTestExecutor.execute(NodeTestTask.java:204) ~[junit-platform-engine-1.8.2.jar:1.8.2]
	at org.junit.jupiter.engine.descriptor.TestTemplateTestDescriptor.execute(TestTemplateTestDescriptor.java:139) ~[junit-jupiter-engine-5.8.2.jar:5.8.2]
	at org.junit.jupiter.engine.descriptor.TestTemplateTestDescriptor.lambda$execute$2(TestTemplateTestDescriptor.java:107) ~[junit-jupiter-engine-5.8.2.jar:5.8.2]
	at java.util.stream.ForEachOps$ForEachOp$OfRef.accept(ForEachOps.java:183) ~[?:1.8.0_362]
	at java.util.stream.ReferencePipeline$3$1.accept(ReferencePipeline.java:193) ~[?:1.8.0_362]
	at java.util.stream.ReferencePipeline$2$1.accept(ReferencePipeline.java:175) ~[?:1.8.0_362]
	at java.util.stream.ReferencePipeline$3$1.accept(ReferencePipeline.java:193) ~[?:1.8.0_362]
	at java.util.stream.ForEachOps$ForEachOp$OfRef.accept(ForEachOps.java:183) ~[?:1.8.0_362]
	at java.util.stream.ReferencePipeline$3$1.accept(ReferencePipeline.java:193) ~[?:1.8.0_362]
	at java.util.stream.ReferencePipeline$3$1.accept(ReferencePipeline.java:193) ~[?:1.8.0_362]
	at java.util.stream.ReferencePipeline$3$1.accept(ReferencePipeline.java:193) ~[?:1.8.0_362]
	at java.util.stream.ForEachOps$ForEachOp$OfRef.accept(ForEachOps.java:183) ~[?:1.8.0_362]
	at java.util.stream.ReferencePipeline$3$1.accept(ReferencePipeline.java:193) ~[?:1.8.0_362]
	at java.util.Iterator.forEachRemaining(Iterator.java:116) ~[?:1.8.0_362]
	at java.util.Spliterators$IteratorSpliterator.forEachRemaining(Spliterators.java:1801) ~[?:1.8.0_362]
	at java.util.stream.AbstractPipeline.copyInto(AbstractPipeline.java:482) ~[?:1.8.0_362]
	at java.util.stream.AbstractPipeline.wrapAndCopyInto(AbstractPipeline.java:472) ~[?:1.8.0_362]
	at java.util.stream.ForEachOps$ForEachOp.evaluateSequential(ForEachOps.java:150) ~[?:1.8.0_362]
	at java.util.stream.ForEachOps$ForEachOp$OfRef.evaluateSequential(ForEachOps.java:173) ~[?:1.8.0_362]
	at java.util.stream.AbstractPipeline.evaluate(AbstractPipeline.java:234) ~[?:1.8.0_362]
	at java.util.stream.ReferencePipeline.forEach(ReferencePipeline.java:485) ~[?:1.8.0_362]
	at java.util.stream.ReferencePipeline$7$1.accept(ReferencePipeline.java:272) ~[?:1.8.0_362]
	at java.util.stream.ReferencePipeline$3$1.accept(ReferencePipeline.java:193) ~[?:1.8.0_362]
	at java.util.stream.ReferencePipeline$3$1.accept(ReferencePipeline.java:193) ~[?:1.8.0_362]
	at java.util.stream.ReferencePipeline$3$1.accept(ReferencePipeline.java:193) ~[?:1.8.0_362]
	at java.util.ArrayList$ArrayListSpliterator.forEachRemaining(ArrayList.java:1384) ~[?:1.8.0_362]
	at java.util.stream.AbstractPipeline.copyInto(AbstractPipeline.java:482) ~[?:1.8.0_362]
	at java.util.stream.AbstractPipeline.wrapAndCopyInto(AbstractPipeline.java:472) ~[?:1.8.0_362]
	at java.util.stream.ForEachOps$ForEachOp.evaluateSequential(ForEachOps.java:150) ~[?:1.8.0_362]
	at java.util.stream.ForEachOps$ForEachOp$OfRef.evaluateSequential(ForEachOps.java:173) ~[?:1.8.0_362]
	at java.util.stream.AbstractPipeline.evaluate(AbstractPipeline.java:234) ~[?:1.8.0_362]
	at java.util.stream.ReferencePipeline.forEach(ReferencePipeline.java:485) ~[?:1.8.0_362]
	at java.util.stream.ReferencePipeline$7$1.accept(ReferencePipeline.java:272) ~[?:1.8.0_362]
	at java.util.ArrayList$ArrayListSpliterator.forEachRemaining(ArrayList.java:1384) ~[?:1.8.0_362]
	at java.util.stream.AbstractPipeline.copyInto(AbstractPipeline.java:482) ~[?:1.8.0_362]
	at java.util.stream.AbstractPipeline.wrapAndCopyInto(AbstractPipeline.java:472) ~[?:1.8.0_362]
	at java.util.stream.ForEachOps$ForEachOp.evaluateSequential(ForEachOps.java:150) ~[?:1.8.0_362]
	at java.util.stream.ForEachOps$ForEachOp$OfRef.evaluateSequential(ForEachOps.java:173) ~[?:1.8.0_362]
	at java.util.stream.AbstractPipeline.evaluate(AbstractPipeline.java:234) ~[?:1.8.0_362]
	at java.util.stream.ReferencePipeline.forEach(ReferencePipeline.java:485) ~[?:1.8.0_362]
	at org.junit.jupiter.engine.descriptor.TestTemplateTestDescriptor.execute(TestTemplateTestDescriptor.java:107) ~[junit-jupiter-engine-5.8.2.jar:5.8.2]
	at org.junit.jupiter.engine.descriptor.TestTemplateTestDescriptor.execute(TestTemplateTestDescriptor.java:42) ~[junit-jupiter-engine-5.8.2.jar:5.8.2]
	at org.junit.platform.engine.support.hierarchical.NodeTestTask.lambda$executeRecursively$6(NodeTestTask.java:151) ~[junit-platform-engine-1.8.2.jar:1.8.2]
	at org.junit.platform.engine.support.hierarchical.ThrowableCollector.execute(ThrowableCollector.java:73) ~[junit-platform-engine-1.8.2.jar:1.8.2]
	at org.junit.platform.engine.support.hierarchical.NodeTestTask.lambda$executeRecursively$8(NodeTestTask.java:141) ~[junit-platform-engine-1.8.2.jar:1.8.2]
	at org.junit.platform.engine.support.hierarchical.Node.around(Node.java:137) ~[junit-platform-engine-1.8.2.jar:1.8.2]
	at org.junit.platform.engine.support.hierarchical.NodeTestTask.lambda$executeRecursively$9(NodeTestTask.java:139) ~[junit-platform-engine-1.8.2.jar:1.8.2]
	at org.junit.platform.engine.support.hierarchical.ThrowableCollector.execute(ThrowableCollector.java:73) ~[junit-platform-engine-1.8.2.jar:1.8.2]
	at org.junit.platform.engine.support.hierarchical.NodeTestTask.executeRecursively(NodeTestTask.java:138) ~[junit-platform-engine-1.8.2.jar:1.8.2]
	at org.junit.platform.engine.support.hierarchical.NodeTestTask.execute(NodeTestTask.java:95) ~[junit-platform-engine-1.8.2.jar:1.8.2]
	at java.util.ArrayList.forEach(ArrayList.java:1259) ~[?:1.8.0_362]
	at org.junit.platform.engine.support.hierarchical.SameThreadHierarchicalTestExecutorService.invokeAll(SameThreadHierarchicalTestExecutorService.java:41) ~[junit-platform-engine-1.8.2.jar:1.8.2]
	at org.junit.platform.engine.support.hierarchical.NodeTestTask.lambda$executeRecursively$6(NodeTestTask.java:155) ~[junit-platform-engine-1.8.2.jar:1.8.2]
	at org.junit.platform.engine.support.hierarchical.ThrowableCollector.execute(ThrowableCollector.java:73) ~[junit-platform-engine-1.8.2.jar:1.8.2]
	at org.junit.platform.engine.support.hierarchical.NodeTestTask.lambda$executeRecursively$8(NodeTestTask.java:141) ~[junit-platform-engine-1.8.2.jar:1.8.2]
	at org.junit.platform.engine.support.hierarchical.Node.around(Node.java:137) ~[junit-platform-engine-1.8.2.jar:1.8.2]
	at org.junit.platform.engine.support.hierarchical.NodeTestTask.lambda$executeRecursively$9(NodeTestTask.java:139) ~[junit-platform-engine-1.8.2.jar:1.8.2]
	at org.junit.platform.engine.support.hierarchical.ThrowableCollector.execute(ThrowableCollector.java:73) ~[junit-platform-engine-1.8.2.jar:1.8.2]
	at org.junit.platform.engine.support.hierarchical.NodeTestTask.executeRecursively(NodeTestTask.java:138) ~[junit-platform-engine-1.8.2.jar:1.8.2]
	at org.junit.platform.engine.support.hierarchical.NodeTestTask.execute(NodeTestTask.java:95) ~[junit-platform-engine-1.8.2.jar:1.8.2]
	at java.util.ArrayList.forEach(ArrayList.java:1259) ~[?:1.8.0_362]
	at org.junit.platform.engine.support.hierarchical.SameThreadHierarchicalTestExecutorService.invokeAll(SameThreadHierarchicalTestExecutorService.java:41) ~[junit-platform-engine-1.8.2.jar:1.8.2]
	at org.junit.platform.engine.support.hierarchical.NodeTestTask.lambda$executeRecursively$6(NodeTestTask.java:155) ~[junit-platform-engine-1.8.2.jar:1.8.2]
	at org.junit.platform.engine.support.hierarchical.ThrowableCollector.execute(ThrowableCollector.java:73) ~[junit-platform-engine-1.8.2.jar:1.8.2]
	at org.junit.platform.engine.support.hierarchical.NodeTestTask.lambda$executeRecursively$8(NodeTestTask.java:141) ~[junit-platform-engine-1.8.2.jar:1.8.2]
	at org.junit.platform.engine.support.hierarchical.Node.around(Node.java:137) ~[junit-platform-engine-1.8.2.jar:1.8.2]
	at org.junit.platform.engine.support.hierarchical.NodeTestTask.lambda$executeRecursively$9(NodeTestTask.java:139) ~[junit-platform-engine-1.8.2.jar:1.8.2]
	at org.junit.platform.engine.support.hierarchical.ThrowableCollector.execute(ThrowableCollector.java:73) ~[junit-platform-engine-1.8.2.jar:1.8.2]
	at org.junit.platform.engine.support.hierarchical.NodeTestTask.executeRecursively(NodeTestTask.java:138) ~[junit-platform-engine-1.8.2.jar:1.8.2]
	at org.junit.platform.engine.support.hierarchical.NodeTestTask.execute(NodeTestTask.java:95) ~[junit-platform-engine-1.8.2.jar:1.8.2]
	at org.junit.platform.engine.support.hierarchical.SameThreadHierarchicalTestExecutorService.submit(SameThreadHierarchicalTestExecutorService.java:35) ~[junit-platform-engine-1.8.2.jar:1.8.2]
	at org.junit.platform.engine.support.hierarchical.HierarchicalTestExecutor.execute(HierarchicalTestExecutor.java:57) ~[junit-platform-engine-1.8.2.jar:1.8.2]
	at org.junit.platform.engine.support.hierarchical.HierarchicalTestEngine.execute(HierarchicalTestEngine.java:54) ~[junit-platform-engine-1.8.2.jar:1.8.2]
	at org.junit.platform.launcher.core.EngineExecutionOrchestrator.execute(EngineExecutionOrchestrator.java:107) ~[junit-platform-launcher-1.8.2.jar:1.8.2]
	at org.junit.platform.launcher.core.EngineExecutionOrchestrator.execute(EngineExecutionOrchestrator.java:88) ~[junit-platform-launcher-1.8.2.jar:1.8.2]
	at org.junit.platform.launcher.core.EngineExecutionOrchestrator.lambda$execute$0(EngineExecutionOrchestrator.java:54) ~[junit-platform-launcher-1.8.2.jar:1.8.2]
	at org.junit.platform.launcher.core.EngineExecutionOrchestrator.withInterceptedStreams(EngineExecutionOrchestrator.java:67) [junit-platform-launcher-1.8.2.jar:1.8.2]
	at org.junit.platform.launcher.core.EngineExecutionOrchestrator.execute(EngineExecutionOrchestrator.java:52) [junit-platform-launcher-1.8.2.jar:1.8.2]
	at org.junit.platform.launcher.core.DefaultLauncher.execute(DefaultLauncher.java:114) [junit-platform-launcher-1.8.2.jar:1.8.2]
	at org.junit.platform.launcher.core.DefaultLauncher.execute(DefaultLauncher.java:86) [junit-platform-launcher-1.8.2.jar:1.8.2]
	at org.junit.platform.launcher.core.DefaultLauncherSession$DelegatingLauncher.execute(DefaultLauncherSession.java:86) [junit-platform-launcher-1.8.2.jar:1.8.2]
	at org.junit.platform.launcher.core.SessionPerRequestLauncher.execute(SessionPerRequestLauncher.java:53) [junit-platform-launcher-1.8.2.jar:1.8.2]
	at org.apache.maven.surefire.junitplatform.JUnitPlatformProvider.execute(JUnitPlatformProvider.java:188) [surefire-junit-platform-3.0.0-M5.jar:3.0.0-M5]
	at org.apache.maven.surefire.junitplatform.JUnitPlatformProvider.invokeAllTests(JUnitPlatformProvider.java:154) [surefire-junit-platform-3.0.0-M5.jar:3.0.0-M5]
	at org.apache.maven.surefire.junitplatform.JUnitPlatformProvider.invoke(JUnitPlatformProvider.java:124) [surefire-junit-platform-3.0.0-M5.jar:3.0.0-M5]
	at org.apache.maven.surefire.booter.ForkedBooter.runSuitesInProcess(ForkedBooter.java:428) [surefire-booter-3.0.0-M5.jar:3.0.0-M5]
	at org.apache.maven.surefire.booter.ForkedBooter.execute(ForkedBooter.java:162) [surefire-booter-3.0.0-M5.jar:3.0.0-M5]
	at org.apache.maven.surefire.booter.ForkedBooter.run(ForkedBooter.java:562) [surefire-booter-3.0.0-M5.jar:3.0.0-M5]
	at org.apache.maven.surefire.booter.ForkedBooter.main(ForkedBooter.java:548) [surefire-booter-3.0.0-M5.jar:3.0.0-M5]
]]></system-out>
  </testcase>
  <testcase name="testLookupKeyWithNotAllowedUser(BucketLayout)[2]" classname="org.apache.hadoop.ozone.om.snapshot.TestOzoneManagerSnapshotAcl" time="1.106">
    <system-out><![CDATA[2023-03-16 19:31:48,912 [Listener at 127.0.0.1/32993] INFO  rpc.RpcClient (RpcClient.java:createVolume(476)) - Creating Volume: volume-28990, with admin as owner and space quota set to -1 bytes, counts quota set to -1
2023-03-16 19:31:48,915 [OM StateMachine ApplyTransaction Thread - 0] INFO  volume.OMVolumeCreateRequest (OMVolumeCreateRequest.java:validateAndUpdateCache(195)) - created volume:volume-28990 for user:admin
2023-03-16 19:31:48,917 [Listener at 127.0.0.1/32993] INFO  rpc.RpcClient (RpcClient.java:createBucket(698)) - Creating Bucket: volume-28990/bucket-64205, with bucket layout OBJECT_STORE, admin as owner, Versioning false, Storage Type set to DISK and Encryption set to false, Replication Type set to server-side default replication type, Namespace Quota set to -1, Space Quota set to -1 
2023-03-16 19:31:48,919 [OM StateMachine ApplyTransaction Thread - 0] INFO  bucket.OMBucketCreateRequest (OMBucketCreateRequest.java:validateAndUpdateCache(263)) - created bucket: bucket-64205 of layout OBJECT_STORE in volume: volume-28990
2023-03-16 19:31:48,963 [OM StateMachine ApplyTransaction Thread - 0] INFO  snapshot.OMSnapshotCreateRequest (OMSnapshotCreateRequest.java:validateAndUpdateCache(204)) - Created snapshot 'snapshot-46048' under path 'volume-28990/bucket-64205'
2023-03-16 19:31:49,001 [OMDoubleBufferFlushThread] INFO  db.RDBCheckpointManager (RDBCheckpointManager.java:createCheckpoint(96)) - Created checkpoint in rocksDB at /home/runner/work/ozone/ozone/hadoop-ozone/integration-test/target/test-dir/MiniOzoneClusterImpl-7c80c19b-b74a-4fd6-b02a-95a373f15db1/omNode-1/db.snapshots/om.db-4b70347b-efae-472a-97b2-35f541eef6ea in 36 milliseconds
2023-03-16 19:31:49,002 [OMDoubleBufferFlushThread] INFO  db.RDBCheckpointManager (RDBCheckpointManager.java:waitForCheckpointDirectoryExist(125)) - Waited for 1 milliseconds for checkpoint directory /home/runner/work/ozone/ozone/hadoop-ozone/integration-test/target/test-dir/MiniOzoneClusterImpl-7c80c19b-b74a-4fd6-b02a-95a373f15db1/omNode-1/db.snapshots/om.db-4b70347b-efae-472a-97b2-35f541eef6ea availability.
2023-03-16 19:31:49,002 [OMDoubleBufferFlushThread] INFO  om.OmSnapshotManager (OmSnapshotManager.java:createOmSnapshotCheckpoint(269)) - Created checkpoint : /home/runner/work/ozone/ozone/hadoop-ozone/integration-test/target/test-dir/MiniOzoneClusterImpl-7c80c19b-b74a-4fd6-b02a-95a373f15db1/omNode-1/db.snapshots/om.db-4b70347b-efae-472a-97b2-35f541eef6ea for snapshot snapshot-46048
2023-03-16 19:31:49,971 [Listener at 127.0.0.1/32993] WARN  server.ServerUtils (ServerUtils.java:getDBPath(225)) - ozone.om.db.dirs is not configured. We recommend adding this setting. Falling back to ozone.metadata.dirs instead.
2023-03-16 19:31:49,972 [Listener at 127.0.0.1/32993] INFO  codec.OmKeyInfoCodec (OmKeyInfoCodec.java:<init>(49)) - OmKeyInfoCodec ignorePipeline = true
2023-03-16 19:31:49,972 [Listener at 127.0.0.1/32993] INFO  codec.RepeatedOmKeyInfoCodec (RepeatedOmKeyInfoCodec.java:<init>(41)) - RepeatedOmKeyInfoCodec ignorePipeline = true
2023-03-16 19:31:50,004 [Listener at 127.0.0.1/32993] WARN  om.OmSnapshot (OmMetadataReader.java:checkAcls(497)) - User user2 doesn't have READ permission to access key Volume:volume-28990 Bucket:bucket-64205 Key:key-50892
19:31:50.005 [Listener at 127.0.0.1/32993] ERROR OMAudit - user=null | ip=null | op=READ_KEY {volume=volume-28990, bucket=bucket-64205, key=key-50892, dataSize=0, replicationConfig=null} | ret=FAILURE
org.apache.hadoop.ozone.om.exceptions.OMException: User user2 doesn't have READ permission to access key Volume:volume-28990 Bucket:bucket-64205 Key:key-50892
	at org.apache.hadoop.ozone.om.OmMetadataReader.checkAcls(OmMetadataReader.java:500) ~[ozone-manager-1.4.0-SNAPSHOT.jar:?]
	at org.apache.hadoop.ozone.om.OmMetadataReader.checkAcls(OmMetadataReader.java:475) ~[ozone-manager-1.4.0-SNAPSHOT.jar:?]
	at org.apache.hadoop.ozone.om.OzoneAclUtils.checkAllAcls(OzoneAclUtils.java:129) ~[ozone-manager-1.4.0-SNAPSHOT.jar:?]
	at org.apache.hadoop.ozone.om.OmMetadataReader.checkAcls(OmMetadataReader.java:437) ~[ozone-manager-1.4.0-SNAPSHOT.jar:?]
	at org.apache.hadoop.ozone.om.OmMetadataReader.lambda$1(OmMetadataReader.java:150) ~[ozone-manager-1.4.0-SNAPSHOT.jar:?]
	at org.apache.hadoop.util.MetricUtil.captureLatencyNs(MetricUtil.java:47) ~[hdds-common-1.4.0-SNAPSHOT.jar:?]
	at org.apache.hadoop.ozone.om.OmMetadataReader.lookupKey(OmMetadataReader.java:149) ~[ozone-manager-1.4.0-SNAPSHOT.jar:?]
	at org.apache.hadoop.ozone.om.OmSnapshot.lookupKey(OmSnapshot.java:90) ~[ozone-manager-1.4.0-SNAPSHOT.jar:?]
	at org.apache.hadoop.ozone.om.OzoneManager.lookupKey(OzoneManager.java:2803) ~[ozone-manager-1.4.0-SNAPSHOT.jar:?]
	at org.apache.hadoop.ozone.om.snapshot.TestOzoneManagerSnapshotAcl.lambda$testLookupKeyWithNotAllowedUser$1(TestOzoneManagerSnapshotAcl.java:182) ~[test-classes/:?]
	at org.junit.jupiter.api.AssertThrows.assertThrows(AssertThrows.java:55) ~[junit-jupiter-api-5.8.2.jar:5.8.2]
	at org.junit.jupiter.api.AssertThrows.assertThrows(AssertThrows.java:37) ~[junit-jupiter-api-5.8.2.jar:5.8.2]
	at org.junit.jupiter.api.Assertions.assertThrows(Assertions.java:3082) ~[junit-jupiter-api-5.8.2.jar:5.8.2]
	at org.apache.hadoop.ozone.om.snapshot.TestOzoneManagerSnapshotAcl.testLookupKeyWithNotAllowedUser(TestOzoneManagerSnapshotAcl.java:181) ~[test-classes/:?]
	at sun.reflect.NativeMethodAccessorImpl.invoke0(Native Method) ~[?:1.8.0_362]
	at sun.reflect.NativeMethodAccessorImpl.invoke(NativeMethodAccessorImpl.java:62) ~[?:1.8.0_362]
	at sun.reflect.DelegatingMethodAccessorImpl.invoke(DelegatingMethodAccessorImpl.java:43) ~[?:1.8.0_362]
	at java.lang.reflect.Method.invoke(Method.java:498) ~[?:1.8.0_362]
	at org.junit.platform.commons.util.ReflectionUtils.invokeMethod(ReflectionUtils.java:725) ~[junit-platform-commons-1.8.2.jar:1.8.2]
	at org.junit.jupiter.engine.execution.MethodInvocation.proceed(MethodInvocation.java:60) ~[junit-jupiter-engine-5.8.2.jar:5.8.2]
	at org.junit.jupiter.engine.execution.InvocationInterceptorChain$ValidatingInvocation.proceed(InvocationInterceptorChain.java:131) ~[junit-jupiter-engine-5.8.2.jar:5.8.2]
	at org.junit.jupiter.engine.extension.TimeoutInvocation.proceed(TimeoutInvocation.java:46) ~[junit-jupiter-engine-5.8.2.jar:5.8.2]
	at org.junit.jupiter.engine.extension.TimeoutExtension.intercept(TimeoutExtension.java:149) ~[junit-jupiter-engine-5.8.2.jar:5.8.2]
	at org.junit.jupiter.engine.extension.TimeoutExtension.interceptTestableMethod(TimeoutExtension.java:140) ~[junit-jupiter-engine-5.8.2.jar:5.8.2]
	at org.junit.jupiter.engine.extension.TimeoutExtension.interceptTestTemplateMethod(TimeoutExtension.java:92) ~[junit-jupiter-engine-5.8.2.jar:5.8.2]
	at org.junit.jupiter.engine.execution.ExecutableInvoker$ReflectiveInterceptorCall.lambda$ofVoidMethod$0(ExecutableInvoker.java:115) ~[junit-jupiter-engine-5.8.2.jar:5.8.2]
	at org.junit.jupiter.engine.execution.ExecutableInvoker.lambda$invoke$0(ExecutableInvoker.java:105) ~[junit-jupiter-engine-5.8.2.jar:5.8.2]
	at org.junit.jupiter.engine.execution.InvocationInterceptorChain$InterceptedInvocation.proceed(InvocationInterceptorChain.java:106) ~[junit-jupiter-engine-5.8.2.jar:5.8.2]
	at org.junit.jupiter.engine.execution.InvocationInterceptorChain.proceed(InvocationInterceptorChain.java:64) ~[junit-jupiter-engine-5.8.2.jar:5.8.2]
	at org.junit.jupiter.engine.execution.InvocationInterceptorChain.chainAndInvoke(InvocationInterceptorChain.java:45) ~[junit-jupiter-engine-5.8.2.jar:5.8.2]
	at org.junit.jupiter.engine.execution.InvocationInterceptorChain.invoke(InvocationInterceptorChain.java:37) ~[junit-jupiter-engine-5.8.2.jar:5.8.2]
	at org.junit.jupiter.engine.execution.ExecutableInvoker.invoke(ExecutableInvoker.java:104) ~[junit-jupiter-engine-5.8.2.jar:5.8.2]
	at org.junit.jupiter.engine.execution.ExecutableInvoker.invoke(ExecutableInvoker.java:98) ~[junit-jupiter-engine-5.8.2.jar:5.8.2]
	at org.junit.jupiter.engine.descriptor.TestMethodTestDescriptor.lambda$invokeTestMethod$7(TestMethodTestDescriptor.java:214) ~[junit-jupiter-engine-5.8.2.jar:5.8.2]
	at org.junit.platform.engine.support.hierarchical.ThrowableCollector.execute(ThrowableCollector.java:73) ~[junit-platform-engine-1.8.2.jar:1.8.2]
	at org.junit.jupiter.engine.descriptor.TestMethodTestDescriptor.invokeTestMethod(TestMethodTestDescriptor.java:210) ~[junit-jupiter-engine-5.8.2.jar:5.8.2]
	at org.junit.jupiter.engine.descriptor.TestMethodTestDescriptor.execute(TestMethodTestDescriptor.java:135) ~[junit-jupiter-engine-5.8.2.jar:5.8.2]
	at org.junit.jupiter.engine.descriptor.TestMethodTestDescriptor.execute(TestMethodTestDescriptor.java:66) ~[junit-jupiter-engine-5.8.2.jar:5.8.2]
	at org.junit.platform.engine.support.hierarchical.NodeTestTask.lambda$executeRecursively$6(NodeTestTask.java:151) ~[junit-platform-engine-1.8.2.jar:1.8.2]
	at org.junit.platform.engine.support.hierarchical.ThrowableCollector.execute(ThrowableCollector.java:73) ~[junit-platform-engine-1.8.2.jar:1.8.2]
	at org.junit.platform.engine.support.hierarchical.NodeTestTask.lambda$executeRecursively$8(NodeTestTask.java:141) ~[junit-platform-engine-1.8.2.jar:1.8.2]
	at org.junit.platform.engine.support.hierarchical.Node.around(Node.java:137) ~[junit-platform-engine-1.8.2.jar:1.8.2]
	at org.junit.platform.engine.support.hierarchical.NodeTestTask.lambda$executeRecursively$9(NodeTestTask.java:139) ~[junit-platform-engine-1.8.2.jar:1.8.2]
	at org.junit.platform.engine.support.hierarchical.ThrowableCollector.execute(ThrowableCollector.java:73) ~[junit-platform-engine-1.8.2.jar:1.8.2]
	at org.junit.platform.engine.support.hierarchical.NodeTestTask.executeRecursively(NodeTestTask.java:138) ~[junit-platform-engine-1.8.2.jar:1.8.2]
	at org.junit.platform.engine.support.hierarchical.NodeTestTask.execute(NodeTestTask.java:95) ~[junit-platform-engine-1.8.2.jar:1.8.2]
	at org.junit.platform.engine.support.hierarchical.SameThreadHierarchicalTestExecutorService.submit(SameThreadHierarchicalTestExecutorService.java:35) ~[junit-platform-engine-1.8.2.jar:1.8.2]
	at org.junit.platform.engine.support.hierarchical.NodeTestTask$DefaultDynamicTestExecutor.execute(NodeTestTask.java:226) ~[junit-platform-engine-1.8.2.jar:1.8.2]
	at org.junit.platform.engine.support.hierarchical.NodeTestTask$DefaultDynamicTestExecutor.execute(NodeTestTask.java:204) ~[junit-platform-engine-1.8.2.jar:1.8.2]
	at org.junit.jupiter.engine.descriptor.TestTemplateTestDescriptor.execute(TestTemplateTestDescriptor.java:139) ~[junit-jupiter-engine-5.8.2.jar:5.8.2]
	at org.junit.jupiter.engine.descriptor.TestTemplateTestDescriptor.lambda$execute$2(TestTemplateTestDescriptor.java:107) ~[junit-jupiter-engine-5.8.2.jar:5.8.2]
	at java.util.stream.ForEachOps$ForEachOp$OfRef.accept(ForEachOps.java:183) ~[?:1.8.0_362]
	at java.util.stream.ReferencePipeline$3$1.accept(ReferencePipeline.java:193) ~[?:1.8.0_362]
	at java.util.stream.ReferencePipeline$2$1.accept(ReferencePipeline.java:175) ~[?:1.8.0_362]
	at java.util.stream.ReferencePipeline$3$1.accept(ReferencePipeline.java:193) ~[?:1.8.0_362]
	at java.util.stream.ForEachOps$ForEachOp$OfRef.accept(ForEachOps.java:183) ~[?:1.8.0_362]
	at java.util.stream.ReferencePipeline$3$1.accept(ReferencePipeline.java:193) ~[?:1.8.0_362]
	at java.util.stream.ReferencePipeline$3$1.accept(ReferencePipeline.java:193) ~[?:1.8.0_362]
	at java.util.stream.ReferencePipeline$3$1.accept(ReferencePipeline.java:193) ~[?:1.8.0_362]
	at java.util.stream.ForEachOps$ForEachOp$OfRef.accept(ForEachOps.java:183) ~[?:1.8.0_362]
	at java.util.stream.ReferencePipeline$3$1.accept(ReferencePipeline.java:193) ~[?:1.8.0_362]
	at java.util.Iterator.forEachRemaining(Iterator.java:116) ~[?:1.8.0_362]
	at java.util.Spliterators$IteratorSpliterator.forEachRemaining(Spliterators.java:1801) ~[?:1.8.0_362]
	at java.util.stream.AbstractPipeline.copyInto(AbstractPipeline.java:482) ~[?:1.8.0_362]
	at java.util.stream.AbstractPipeline.wrapAndCopyInto(AbstractPipeline.java:472) ~[?:1.8.0_362]
	at java.util.stream.ForEachOps$ForEachOp.evaluateSequential(ForEachOps.java:150) ~[?:1.8.0_362]
	at java.util.stream.ForEachOps$ForEachOp$OfRef.evaluateSequential(ForEachOps.java:173) ~[?:1.8.0_362]
	at java.util.stream.AbstractPipeline.evaluate(AbstractPipeline.java:234) ~[?:1.8.0_362]
	at java.util.stream.ReferencePipeline.forEach(ReferencePipeline.java:485) ~[?:1.8.0_362]
	at java.util.stream.ReferencePipeline$7$1.accept(ReferencePipeline.java:272) ~[?:1.8.0_362]
	at java.util.stream.ReferencePipeline$3$1.accept(ReferencePipeline.java:193) ~[?:1.8.0_362]
	at java.util.stream.ReferencePipeline$3$1.accept(ReferencePipeline.java:193) ~[?:1.8.0_362]
	at java.util.stream.ReferencePipeline$3$1.accept(ReferencePipeline.java:193) ~[?:1.8.0_362]
	at java.util.ArrayList$ArrayListSpliterator.forEachRemaining(ArrayList.java:1384) ~[?:1.8.0_362]
	at java.util.stream.AbstractPipeline.copyInto(AbstractPipeline.java:482) ~[?:1.8.0_362]
	at java.util.stream.AbstractPipeline.wrapAndCopyInto(AbstractPipeline.java:472) ~[?:1.8.0_362]
	at java.util.stream.ForEachOps$ForEachOp.evaluateSequential(ForEachOps.java:150) ~[?:1.8.0_362]
	at java.util.stream.ForEachOps$ForEachOp$OfRef.evaluateSequential(ForEachOps.java:173) ~[?:1.8.0_362]
	at java.util.stream.AbstractPipeline.evaluate(AbstractPipeline.java:234) ~[?:1.8.0_362]
	at java.util.stream.ReferencePipeline.forEach(ReferencePipeline.java:485) ~[?:1.8.0_362]
	at java.util.stream.ReferencePipeline$7$1.accept(ReferencePipeline.java:272) ~[?:1.8.0_362]
	at java.util.ArrayList$ArrayListSpliterator.forEachRemaining(ArrayList.java:1384) ~[?:1.8.0_362]
	at java.util.stream.AbstractPipeline.copyInto(AbstractPipeline.java:482) ~[?:1.8.0_362]
	at java.util.stream.AbstractPipeline.wrapAndCopyInto(AbstractPipeline.java:472) ~[?:1.8.0_362]
	at java.util.stream.ForEachOps$ForEachOp.evaluateSequential(ForEachOps.java:150) ~[?:1.8.0_362]
	at java.util.stream.ForEachOps$ForEachOp$OfRef.evaluateSequential(ForEachOps.java:173) ~[?:1.8.0_362]
	at java.util.stream.AbstractPipeline.evaluate(AbstractPipeline.java:234) ~[?:1.8.0_362]
	at java.util.stream.ReferencePipeline.forEach(ReferencePipeline.java:485) ~[?:1.8.0_362]
	at org.junit.jupiter.engine.descriptor.TestTemplateTestDescriptor.execute(TestTemplateTestDescriptor.java:107) ~[junit-jupiter-engine-5.8.2.jar:5.8.2]
	at org.junit.jupiter.engine.descriptor.TestTemplateTestDescriptor.execute(TestTemplateTestDescriptor.java:42) ~[junit-jupiter-engine-5.8.2.jar:5.8.2]
	at org.junit.platform.engine.support.hierarchical.NodeTestTask.lambda$executeRecursively$6(NodeTestTask.java:151) ~[junit-platform-engine-1.8.2.jar:1.8.2]
	at org.junit.platform.engine.support.hierarchical.ThrowableCollector.execute(ThrowableCollector.java:73) ~[junit-platform-engine-1.8.2.jar:1.8.2]
	at org.junit.platform.engine.support.hierarchical.NodeTestTask.lambda$executeRecursively$8(NodeTestTask.java:141) ~[junit-platform-engine-1.8.2.jar:1.8.2]
	at org.junit.platform.engine.support.hierarchical.Node.around(Node.java:137) ~[junit-platform-engine-1.8.2.jar:1.8.2]
	at org.junit.platform.engine.support.hierarchical.NodeTestTask.lambda$executeRecursively$9(NodeTestTask.java:139) ~[junit-platform-engine-1.8.2.jar:1.8.2]
	at org.junit.platform.engine.support.hierarchical.ThrowableCollector.execute(ThrowableCollector.java:73) ~[junit-platform-engine-1.8.2.jar:1.8.2]
	at org.junit.platform.engine.support.hierarchical.NodeTestTask.executeRecursively(NodeTestTask.java:138) ~[junit-platform-engine-1.8.2.jar:1.8.2]
	at org.junit.platform.engine.support.hierarchical.NodeTestTask.execute(NodeTestTask.java:95) ~[junit-platform-engine-1.8.2.jar:1.8.2]
	at java.util.ArrayList.forEach(ArrayList.java:1259) ~[?:1.8.0_362]
	at org.junit.platform.engine.support.hierarchical.SameThreadHierarchicalTestExecutorService.invokeAll(SameThreadHierarchicalTestExecutorService.java:41) ~[junit-platform-engine-1.8.2.jar:1.8.2]
	at org.junit.platform.engine.support.hierarchical.NodeTestTask.lambda$executeRecursively$6(NodeTestTask.java:155) ~[junit-platform-engine-1.8.2.jar:1.8.2]
	at org.junit.platform.engine.support.hierarchical.ThrowableCollector.execute(ThrowableCollector.java:73) ~[junit-platform-engine-1.8.2.jar:1.8.2]
	at org.junit.platform.engine.support.hierarchical.NodeTestTask.lambda$executeRecursively$8(NodeTestTask.java:141) ~[junit-platform-engine-1.8.2.jar:1.8.2]
	at org.junit.platform.engine.support.hierarchical.Node.around(Node.java:137) ~[junit-platform-engine-1.8.2.jar:1.8.2]
	at org.junit.platform.engine.support.hierarchical.NodeTestTask.lambda$executeRecursively$9(NodeTestTask.java:139) ~[junit-platform-engine-1.8.2.jar:1.8.2]
	at org.junit.platform.engine.support.hierarchical.ThrowableCollector.execute(ThrowableCollector.java:73) ~[junit-platform-engine-1.8.2.jar:1.8.2]
	at org.junit.platform.engine.support.hierarchical.NodeTestTask.executeRecursively(NodeTestTask.java:138) ~[junit-platform-engine-1.8.2.jar:1.8.2]
	at org.junit.platform.engine.support.hierarchical.NodeTestTask.execute(NodeTestTask.java:95) ~[junit-platform-engine-1.8.2.jar:1.8.2]
	at java.util.ArrayList.forEach(ArrayList.java:1259) ~[?:1.8.0_362]
	at org.junit.platform.engine.support.hierarchical.SameThreadHierarchicalTestExecutorService.invokeAll(SameThreadHierarchicalTestExecutorService.java:41) ~[junit-platform-engine-1.8.2.jar:1.8.2]
	at org.junit.platform.engine.support.hierarchical.NodeTestTask.lambda$executeRecursively$6(NodeTestTask.java:155) ~[junit-platform-engine-1.8.2.jar:1.8.2]
	at org.junit.platform.engine.support.hierarchical.ThrowableCollector.execute(ThrowableCollector.java:73) ~[junit-platform-engine-1.8.2.jar:1.8.2]
	at org.junit.platform.engine.support.hierarchical.NodeTestTask.lambda$executeRecursively$8(NodeTestTask.java:141) ~[junit-platform-engine-1.8.2.jar:1.8.2]
	at org.junit.platform.engine.support.hierarchical.Node.around(Node.java:137) ~[junit-platform-engine-1.8.2.jar:1.8.2]
	at org.junit.platform.engine.support.hierarchical.NodeTestTask.lambda$executeRecursively$9(NodeTestTask.java:139) ~[junit-platform-engine-1.8.2.jar:1.8.2]
	at org.junit.platform.engine.support.hierarchical.ThrowableCollector.execute(ThrowableCollector.java:73) ~[junit-platform-engine-1.8.2.jar:1.8.2]
	at org.junit.platform.engine.support.hierarchical.NodeTestTask.executeRecursively(NodeTestTask.java:138) ~[junit-platform-engine-1.8.2.jar:1.8.2]
	at org.junit.platform.engine.support.hierarchical.NodeTestTask.execute(NodeTestTask.java:95) ~[junit-platform-engine-1.8.2.jar:1.8.2]
	at org.junit.platform.engine.support.hierarchical.SameThreadHierarchicalTestExecutorService.submit(SameThreadHierarchicalTestExecutorService.java:35) ~[junit-platform-engine-1.8.2.jar:1.8.2]
	at org.junit.platform.engine.support.hierarchical.HierarchicalTestExecutor.execute(HierarchicalTestExecutor.java:57) ~[junit-platform-engine-1.8.2.jar:1.8.2]
	at org.junit.platform.engine.support.hierarchical.HierarchicalTestEngine.execute(HierarchicalTestEngine.java:54) ~[junit-platform-engine-1.8.2.jar:1.8.2]
	at org.junit.platform.launcher.core.EngineExecutionOrchestrator.execute(EngineExecutionOrchestrator.java:107) ~[junit-platform-launcher-1.8.2.jar:1.8.2]
	at org.junit.platform.launcher.core.EngineExecutionOrchestrator.execute(EngineExecutionOrchestrator.java:88) ~[junit-platform-launcher-1.8.2.jar:1.8.2]
	at org.junit.platform.launcher.core.EngineExecutionOrchestrator.lambda$execute$0(EngineExecutionOrchestrator.java:54) ~[junit-platform-launcher-1.8.2.jar:1.8.2]
	at org.junit.platform.launcher.core.EngineExecutionOrchestrator.withInterceptedStreams(EngineExecutionOrchestrator.java:67) [junit-platform-launcher-1.8.2.jar:1.8.2]
	at org.junit.platform.launcher.core.EngineExecutionOrchestrator.execute(EngineExecutionOrchestrator.java:52) [junit-platform-launcher-1.8.2.jar:1.8.2]
	at org.junit.platform.launcher.core.DefaultLauncher.execute(DefaultLauncher.java:114) [junit-platform-launcher-1.8.2.jar:1.8.2]
	at org.junit.platform.launcher.core.DefaultLauncher.execute(DefaultLauncher.java:86) [junit-platform-launcher-1.8.2.jar:1.8.2]
	at org.junit.platform.launcher.core.DefaultLauncherSession$DelegatingLauncher.execute(DefaultLauncherSession.java:86) [junit-platform-launcher-1.8.2.jar:1.8.2]
	at org.junit.platform.launcher.core.SessionPerRequestLauncher.execute(SessionPerRequestLauncher.java:53) [junit-platform-launcher-1.8.2.jar:1.8.2]
	at org.apache.maven.surefire.junitplatform.JUnitPlatformProvider.execute(JUnitPlatformProvider.java:188) [surefire-junit-platform-3.0.0-M5.jar:3.0.0-M5]
	at org.apache.maven.surefire.junitplatform.JUnitPlatformProvider.invokeAllTests(JUnitPlatformProvider.java:154) [surefire-junit-platform-3.0.0-M5.jar:3.0.0-M5]
	at org.apache.maven.surefire.junitplatform.JUnitPlatformProvider.invoke(JUnitPlatformProvider.java:124) [surefire-junit-platform-3.0.0-M5.jar:3.0.0-M5]
	at org.apache.maven.surefire.booter.ForkedBooter.runSuitesInProcess(ForkedBooter.java:428) [surefire-booter-3.0.0-M5.jar:3.0.0-M5]
	at org.apache.maven.surefire.booter.ForkedBooter.execute(ForkedBooter.java:162) [surefire-booter-3.0.0-M5.jar:3.0.0-M5]
	at org.apache.maven.surefire.booter.ForkedBooter.run(ForkedBooter.java:562) [surefire-booter-3.0.0-M5.jar:3.0.0-M5]
	at org.apache.maven.surefire.booter.ForkedBooter.main(ForkedBooter.java:548) [surefire-booter-3.0.0-M5.jar:3.0.0-M5]
]]></system-out>
  </testcase>
  <testcase name="testLookupKeyWithNotAllowedUser(BucketLayout)[3]" classname="org.apache.hadoop.ozone.om.snapshot.TestOzoneManagerSnapshotAcl" time="1.115">
    <system-out><![CDATA[2023-03-16 19:31:50,021 [Listener at 127.0.0.1/32993] INFO  rpc.RpcClient (RpcClient.java:createVolume(476)) - Creating Volume: volume-40788, with admin as owner and space quota set to -1 bytes, counts quota set to -1
2023-03-16 19:31:50,023 [OM StateMachine ApplyTransaction Thread - 0] INFO  volume.OMVolumeCreateRequest (OMVolumeCreateRequest.java:validateAndUpdateCache(195)) - created volume:volume-40788 for user:admin
2023-03-16 19:31:50,024 [Listener at 127.0.0.1/32993] INFO  rpc.RpcClient (RpcClient.java:createBucket(698)) - Creating Bucket: volume-40788/bucket-72521, with bucket layout LEGACY, admin as owner, Versioning false, Storage Type set to DISK and Encryption set to false, Replication Type set to server-side default replication type, Namespace Quota set to -1, Space Quota set to -1 
2023-03-16 19:31:50,026 [OM StateMachine ApplyTransaction Thread - 0] INFO  bucket.OMBucketCreateRequest (OMBucketCreateRequest.java:validateAndUpdateCache(263)) - created bucket: bucket-72521 of layout LEGACY in volume: volume-40788
2023-03-16 19:31:50,077 [OM StateMachine ApplyTransaction Thread - 0] INFO  snapshot.OMSnapshotCreateRequest (OMSnapshotCreateRequest.java:validateAndUpdateCache(204)) - Created snapshot 'snapshot-35577' under path 'volume-40788/bucket-72521'
2023-03-16 19:31:50,097 [OMDoubleBufferFlushThread] INFO  db.RDBCheckpointManager (RDBCheckpointManager.java:createCheckpoint(96)) - Created checkpoint in rocksDB at /home/runner/work/ozone/ozone/hadoop-ozone/integration-test/target/test-dir/MiniOzoneClusterImpl-7c80c19b-b74a-4fd6-b02a-95a373f15db1/omNode-1/db.snapshots/om.db-a8d255d1-9f51-4b65-b04f-aac79d148adc in 19 milliseconds
2023-03-16 19:31:50,097 [OMDoubleBufferFlushThread] INFO  db.RDBCheckpointManager (RDBCheckpointManager.java:waitForCheckpointDirectoryExist(125)) - Waited for 0 milliseconds for checkpoint directory /home/runner/work/ozone/ozone/hadoop-ozone/integration-test/target/test-dir/MiniOzoneClusterImpl-7c80c19b-b74a-4fd6-b02a-95a373f15db1/omNode-1/db.snapshots/om.db-a8d255d1-9f51-4b65-b04f-aac79d148adc availability.
2023-03-16 19:31:50,097 [OMDoubleBufferFlushThread] INFO  om.OmSnapshotManager (OmSnapshotManager.java:createOmSnapshotCheckpoint(269)) - Created checkpoint : /home/runner/work/ozone/ozone/hadoop-ozone/integration-test/target/test-dir/MiniOzoneClusterImpl-7c80c19b-b74a-4fd6-b02a-95a373f15db1/omNode-1/db.snapshots/om.db-a8d255d1-9f51-4b65-b04f-aac79d148adc for snapshot snapshot-35577
2023-03-16 19:31:51,085 [Listener at 127.0.0.1/32993] WARN  server.ServerUtils (ServerUtils.java:getDBPath(225)) - ozone.om.db.dirs is not configured. We recommend adding this setting. Falling back to ozone.metadata.dirs instead.
2023-03-16 19:31:51,086 [Listener at 127.0.0.1/32993] INFO  codec.OmKeyInfoCodec (OmKeyInfoCodec.java:<init>(49)) - OmKeyInfoCodec ignorePipeline = true
2023-03-16 19:31:51,086 [Listener at 127.0.0.1/32993] INFO  codec.RepeatedOmKeyInfoCodec (RepeatedOmKeyInfoCodec.java:<init>(41)) - RepeatedOmKeyInfoCodec ignorePipeline = true
2023-03-16 19:31:51,120 [Listener at 127.0.0.1/32993] WARN  om.OmSnapshot (OmMetadataReader.java:checkAcls(497)) - User user2 doesn't have READ permission to access key Volume:volume-40788 Bucket:bucket-72521 Key:key-28210
19:31:51.121 [Listener at 127.0.0.1/32993] ERROR OMAudit - user=null | ip=null | op=READ_KEY {volume=volume-40788, bucket=bucket-72521, key=key-28210, dataSize=0, replicationConfig=null} | ret=FAILURE
org.apache.hadoop.ozone.om.exceptions.OMException: User user2 doesn't have READ permission to access key Volume:volume-40788 Bucket:bucket-72521 Key:key-28210
	at org.apache.hadoop.ozone.om.OmMetadataReader.checkAcls(OmMetadataReader.java:500) ~[ozone-manager-1.4.0-SNAPSHOT.jar:?]
	at org.apache.hadoop.ozone.om.OmMetadataReader.checkAcls(OmMetadataReader.java:475) ~[ozone-manager-1.4.0-SNAPSHOT.jar:?]
	at org.apache.hadoop.ozone.om.OzoneAclUtils.checkAllAcls(OzoneAclUtils.java:129) ~[ozone-manager-1.4.0-SNAPSHOT.jar:?]
	at org.apache.hadoop.ozone.om.OmMetadataReader.checkAcls(OmMetadataReader.java:437) ~[ozone-manager-1.4.0-SNAPSHOT.jar:?]
	at org.apache.hadoop.ozone.om.OmMetadataReader.lambda$1(OmMetadataReader.java:150) ~[ozone-manager-1.4.0-SNAPSHOT.jar:?]
	at org.apache.hadoop.util.MetricUtil.captureLatencyNs(MetricUtil.java:47) ~[hdds-common-1.4.0-SNAPSHOT.jar:?]
	at org.apache.hadoop.ozone.om.OmMetadataReader.lookupKey(OmMetadataReader.java:149) ~[ozone-manager-1.4.0-SNAPSHOT.jar:?]
	at org.apache.hadoop.ozone.om.OmSnapshot.lookupKey(OmSnapshot.java:90) ~[ozone-manager-1.4.0-SNAPSHOT.jar:?]
	at org.apache.hadoop.ozone.om.OzoneManager.lookupKey(OzoneManager.java:2803) ~[ozone-manager-1.4.0-SNAPSHOT.jar:?]
	at org.apache.hadoop.ozone.om.snapshot.TestOzoneManagerSnapshotAcl.lambda$testLookupKeyWithNotAllowedUser$1(TestOzoneManagerSnapshotAcl.java:182) ~[test-classes/:?]
	at org.junit.jupiter.api.AssertThrows.assertThrows(AssertThrows.java:55) ~[junit-jupiter-api-5.8.2.jar:5.8.2]
	at org.junit.jupiter.api.AssertThrows.assertThrows(AssertThrows.java:37) ~[junit-jupiter-api-5.8.2.jar:5.8.2]
	at org.junit.jupiter.api.Assertions.assertThrows(Assertions.java:3082) ~[junit-jupiter-api-5.8.2.jar:5.8.2]
	at org.apache.hadoop.ozone.om.snapshot.TestOzoneManagerSnapshotAcl.testLookupKeyWithNotAllowedUser(TestOzoneManagerSnapshotAcl.java:181) ~[test-classes/:?]
	at sun.reflect.NativeMethodAccessorImpl.invoke0(Native Method) ~[?:1.8.0_362]
	at sun.reflect.NativeMethodAccessorImpl.invoke(NativeMethodAccessorImpl.java:62) ~[?:1.8.0_362]
	at sun.reflect.DelegatingMethodAccessorImpl.invoke(DelegatingMethodAccessorImpl.java:43) ~[?:1.8.0_362]
	at java.lang.reflect.Method.invoke(Method.java:498) ~[?:1.8.0_362]
	at org.junit.platform.commons.util.ReflectionUtils.invokeMethod(ReflectionUtils.java:725) ~[junit-platform-commons-1.8.2.jar:1.8.2]
	at org.junit.jupiter.engine.execution.MethodInvocation.proceed(MethodInvocation.java:60) ~[junit-jupiter-engine-5.8.2.jar:5.8.2]
	at org.junit.jupiter.engine.execution.InvocationInterceptorChain$ValidatingInvocation.proceed(InvocationInterceptorChain.java:131) ~[junit-jupiter-engine-5.8.2.jar:5.8.2]
	at org.junit.jupiter.engine.extension.TimeoutInvocation.proceed(TimeoutInvocation.java:46) ~[junit-jupiter-engine-5.8.2.jar:5.8.2]
	at org.junit.jupiter.engine.extension.TimeoutExtension.intercept(TimeoutExtension.java:149) ~[junit-jupiter-engine-5.8.2.jar:5.8.2]
	at org.junit.jupiter.engine.extension.TimeoutExtension.interceptTestableMethod(TimeoutExtension.java:140) ~[junit-jupiter-engine-5.8.2.jar:5.8.2]
	at org.junit.jupiter.engine.extension.TimeoutExtension.interceptTestTemplateMethod(TimeoutExtension.java:92) ~[junit-jupiter-engine-5.8.2.jar:5.8.2]
	at org.junit.jupiter.engine.execution.ExecutableInvoker$ReflectiveInterceptorCall.lambda$ofVoidMethod$0(ExecutableInvoker.java:115) ~[junit-jupiter-engine-5.8.2.jar:5.8.2]
	at org.junit.jupiter.engine.execution.ExecutableInvoker.lambda$invoke$0(ExecutableInvoker.java:105) ~[junit-jupiter-engine-5.8.2.jar:5.8.2]
	at org.junit.jupiter.engine.execution.InvocationInterceptorChain$InterceptedInvocation.proceed(InvocationInterceptorChain.java:106) ~[junit-jupiter-engine-5.8.2.jar:5.8.2]
	at org.junit.jupiter.engine.execution.InvocationInterceptorChain.proceed(InvocationInterceptorChain.java:64) ~[junit-jupiter-engine-5.8.2.jar:5.8.2]
	at org.junit.jupiter.engine.execution.InvocationInterceptorChain.chainAndInvoke(InvocationInterceptorChain.java:45) ~[junit-jupiter-engine-5.8.2.jar:5.8.2]
	at org.junit.jupiter.engine.execution.InvocationInterceptorChain.invoke(InvocationInterceptorChain.java:37) ~[junit-jupiter-engine-5.8.2.jar:5.8.2]
	at org.junit.jupiter.engine.execution.ExecutableInvoker.invoke(ExecutableInvoker.java:104) ~[junit-jupiter-engine-5.8.2.jar:5.8.2]
	at org.junit.jupiter.engine.execution.ExecutableInvoker.invoke(ExecutableInvoker.java:98) ~[junit-jupiter-engine-5.8.2.jar:5.8.2]
	at org.junit.jupiter.engine.descriptor.TestMethodTestDescriptor.lambda$invokeTestMethod$7(TestMethodTestDescriptor.java:214) ~[junit-jupiter-engine-5.8.2.jar:5.8.2]
	at org.junit.platform.engine.support.hierarchical.ThrowableCollector.execute(ThrowableCollector.java:73) ~[junit-platform-engine-1.8.2.jar:1.8.2]
	at org.junit.jupiter.engine.descriptor.TestMethodTestDescriptor.invokeTestMethod(TestMethodTestDescriptor.java:210) ~[junit-jupiter-engine-5.8.2.jar:5.8.2]
	at org.junit.jupiter.engine.descriptor.TestMethodTestDescriptor.execute(TestMethodTestDescriptor.java:135) ~[junit-jupiter-engine-5.8.2.jar:5.8.2]
	at org.junit.jupiter.engine.descriptor.TestMethodTestDescriptor.execute(TestMethodTestDescriptor.java:66) ~[junit-jupiter-engine-5.8.2.jar:5.8.2]
	at org.junit.platform.engine.support.hierarchical.NodeTestTask.lambda$executeRecursively$6(NodeTestTask.java:151) ~[junit-platform-engine-1.8.2.jar:1.8.2]
	at org.junit.platform.engine.support.hierarchical.ThrowableCollector.execute(ThrowableCollector.java:73) ~[junit-platform-engine-1.8.2.jar:1.8.2]
	at org.junit.platform.engine.support.hierarchical.NodeTestTask.lambda$executeRecursively$8(NodeTestTask.java:141) ~[junit-platform-engine-1.8.2.jar:1.8.2]
	at org.junit.platform.engine.support.hierarchical.Node.around(Node.java:137) ~[junit-platform-engine-1.8.2.jar:1.8.2]
	at org.junit.platform.engine.support.hierarchical.NodeTestTask.lambda$executeRecursively$9(NodeTestTask.java:139) ~[junit-platform-engine-1.8.2.jar:1.8.2]
	at org.junit.platform.engine.support.hierarchical.ThrowableCollector.execute(ThrowableCollector.java:73) ~[junit-platform-engine-1.8.2.jar:1.8.2]
	at org.junit.platform.engine.support.hierarchical.NodeTestTask.executeRecursively(NodeTestTask.java:138) ~[junit-platform-engine-1.8.2.jar:1.8.2]
	at org.junit.platform.engine.support.hierarchical.NodeTestTask.execute(NodeTestTask.java:95) ~[junit-platform-engine-1.8.2.jar:1.8.2]
	at org.junit.platform.engine.support.hierarchical.SameThreadHierarchicalTestExecutorService.submit(SameThreadHierarchicalTestExecutorService.java:35) ~[junit-platform-engine-1.8.2.jar:1.8.2]
	at org.junit.platform.engine.support.hierarchical.NodeTestTask$DefaultDynamicTestExecutor.execute(NodeTestTask.java:226) ~[junit-platform-engine-1.8.2.jar:1.8.2]
	at org.junit.platform.engine.support.hierarchical.NodeTestTask$DefaultDynamicTestExecutor.execute(NodeTestTask.java:204) ~[junit-platform-engine-1.8.2.jar:1.8.2]
	at org.junit.jupiter.engine.descriptor.TestTemplateTestDescriptor.execute(TestTemplateTestDescriptor.java:139) ~[junit-jupiter-engine-5.8.2.jar:5.8.2]
	at org.junit.jupiter.engine.descriptor.TestTemplateTestDescriptor.lambda$execute$2(TestTemplateTestDescriptor.java:107) ~[junit-jupiter-engine-5.8.2.jar:5.8.2]
	at java.util.stream.ForEachOps$ForEachOp$OfRef.accept(ForEachOps.java:183) ~[?:1.8.0_362]
	at java.util.stream.ReferencePipeline$3$1.accept(ReferencePipeline.java:193) ~[?:1.8.0_362]
	at java.util.stream.ReferencePipeline$2$1.accept(ReferencePipeline.java:175) ~[?:1.8.0_362]
	at java.util.stream.ReferencePipeline$3$1.accept(ReferencePipeline.java:193) ~[?:1.8.0_362]
	at java.util.stream.ForEachOps$ForEachOp$OfRef.accept(ForEachOps.java:183) ~[?:1.8.0_362]
	at java.util.stream.ReferencePipeline$3$1.accept(ReferencePipeline.java:193) ~[?:1.8.0_362]
	at java.util.stream.ReferencePipeline$3$1.accept(ReferencePipeline.java:193) ~[?:1.8.0_362]
	at java.util.stream.ReferencePipeline$3$1.accept(ReferencePipeline.java:193) ~[?:1.8.0_362]
	at java.util.stream.ForEachOps$ForEachOp$OfRef.accept(ForEachOps.java:183) ~[?:1.8.0_362]
	at java.util.stream.ReferencePipeline$3$1.accept(ReferencePipeline.java:193) ~[?:1.8.0_362]
	at java.util.Iterator.forEachRemaining(Iterator.java:116) ~[?:1.8.0_362]
	at java.util.Spliterators$IteratorSpliterator.forEachRemaining(Spliterators.java:1801) ~[?:1.8.0_362]
	at java.util.stream.AbstractPipeline.copyInto(AbstractPipeline.java:482) ~[?:1.8.0_362]
	at java.util.stream.AbstractPipeline.wrapAndCopyInto(AbstractPipeline.java:472) ~[?:1.8.0_362]
	at java.util.stream.ForEachOps$ForEachOp.evaluateSequential(ForEachOps.java:150) ~[?:1.8.0_362]
	at java.util.stream.ForEachOps$ForEachOp$OfRef.evaluateSequential(ForEachOps.java:173) ~[?:1.8.0_362]
	at java.util.stream.AbstractPipeline.evaluate(AbstractPipeline.java:234) ~[?:1.8.0_362]
	at java.util.stream.ReferencePipeline.forEach(ReferencePipeline.java:485) ~[?:1.8.0_362]
	at java.util.stream.ReferencePipeline$7$1.accept(ReferencePipeline.java:272) ~[?:1.8.0_362]
	at java.util.stream.ReferencePipeline$3$1.accept(ReferencePipeline.java:193) ~[?:1.8.0_362]
	at java.util.stream.ReferencePipeline$3$1.accept(ReferencePipeline.java:193) ~[?:1.8.0_362]
	at java.util.stream.ReferencePipeline$3$1.accept(ReferencePipeline.java:193) ~[?:1.8.0_362]
	at java.util.ArrayList$ArrayListSpliterator.forEachRemaining(ArrayList.java:1384) ~[?:1.8.0_362]
	at java.util.stream.AbstractPipeline.copyInto(AbstractPipeline.java:482) ~[?:1.8.0_362]
	at java.util.stream.AbstractPipeline.wrapAndCopyInto(AbstractPipeline.java:472) ~[?:1.8.0_362]
	at java.util.stream.ForEachOps$ForEachOp.evaluateSequential(ForEachOps.java:150) ~[?:1.8.0_362]
	at java.util.stream.ForEachOps$ForEachOp$OfRef.evaluateSequential(ForEachOps.java:173) ~[?:1.8.0_362]
	at java.util.stream.AbstractPipeline.evaluate(AbstractPipeline.java:234) ~[?:1.8.0_362]
	at java.util.stream.ReferencePipeline.forEach(ReferencePipeline.java:485) ~[?:1.8.0_362]
	at java.util.stream.ReferencePipeline$7$1.accept(ReferencePipeline.java:272) ~[?:1.8.0_362]
	at java.util.ArrayList$ArrayListSpliterator.forEachRemaining(ArrayList.java:1384) ~[?:1.8.0_362]
	at java.util.stream.AbstractPipeline.copyInto(AbstractPipeline.java:482) ~[?:1.8.0_362]
	at java.util.stream.AbstractPipeline.wrapAndCopyInto(AbstractPipeline.java:472) ~[?:1.8.0_362]
	at java.util.stream.ForEachOps$ForEachOp.evaluateSequential(ForEachOps.java:150) ~[?:1.8.0_362]
	at java.util.stream.ForEachOps$ForEachOp$OfRef.evaluateSequential(ForEachOps.java:173) ~[?:1.8.0_362]
	at java.util.stream.AbstractPipeline.evaluate(AbstractPipeline.java:234) ~[?:1.8.0_362]
	at java.util.stream.ReferencePipeline.forEach(ReferencePipeline.java:485) ~[?:1.8.0_362]
	at org.junit.jupiter.engine.descriptor.TestTemplateTestDescriptor.execute(TestTemplateTestDescriptor.java:107) ~[junit-jupiter-engine-5.8.2.jar:5.8.2]
	at org.junit.jupiter.engine.descriptor.TestTemplateTestDescriptor.execute(TestTemplateTestDescriptor.java:42) ~[junit-jupiter-engine-5.8.2.jar:5.8.2]
	at org.junit.platform.engine.support.hierarchical.NodeTestTask.lambda$executeRecursively$6(NodeTestTask.java:151) ~[junit-platform-engine-1.8.2.jar:1.8.2]
	at org.junit.platform.engine.support.hierarchical.ThrowableCollector.execute(ThrowableCollector.java:73) ~[junit-platform-engine-1.8.2.jar:1.8.2]
	at org.junit.platform.engine.support.hierarchical.NodeTestTask.lambda$executeRecursively$8(NodeTestTask.java:141) ~[junit-platform-engine-1.8.2.jar:1.8.2]
	at org.junit.platform.engine.support.hierarchical.Node.around(Node.java:137) ~[junit-platform-engine-1.8.2.jar:1.8.2]
	at org.junit.platform.engine.support.hierarchical.NodeTestTask.lambda$executeRecursively$9(NodeTestTask.java:139) ~[junit-platform-engine-1.8.2.jar:1.8.2]
	at org.junit.platform.engine.support.hierarchical.ThrowableCollector.execute(ThrowableCollector.java:73) ~[junit-platform-engine-1.8.2.jar:1.8.2]
	at org.junit.platform.engine.support.hierarchical.NodeTestTask.executeRecursively(NodeTestTask.java:138) ~[junit-platform-engine-1.8.2.jar:1.8.2]
	at org.junit.platform.engine.support.hierarchical.NodeTestTask.execute(NodeTestTask.java:95) ~[junit-platform-engine-1.8.2.jar:1.8.2]
	at java.util.ArrayList.forEach(ArrayList.java:1259) ~[?:1.8.0_362]
	at org.junit.platform.engine.support.hierarchical.SameThreadHierarchicalTestExecutorService.invokeAll(SameThreadHierarchicalTestExecutorService.java:41) ~[junit-platform-engine-1.8.2.jar:1.8.2]
	at org.junit.platform.engine.support.hierarchical.NodeTestTask.lambda$executeRecursively$6(NodeTestTask.java:155) ~[junit-platform-engine-1.8.2.jar:1.8.2]
	at org.junit.platform.engine.support.hierarchical.ThrowableCollector.execute(ThrowableCollector.java:73) ~[junit-platform-engine-1.8.2.jar:1.8.2]
	at org.junit.platform.engine.support.hierarchical.NodeTestTask.lambda$executeRecursively$8(NodeTestTask.java:141) ~[junit-platform-engine-1.8.2.jar:1.8.2]
	at org.junit.platform.engine.support.hierarchical.Node.around(Node.java:137) ~[junit-platform-engine-1.8.2.jar:1.8.2]
	at org.junit.platform.engine.support.hierarchical.NodeTestTask.lambda$executeRecursively$9(NodeTestTask.java:139) ~[junit-platform-engine-1.8.2.jar:1.8.2]
	at org.junit.platform.engine.support.hierarchical.ThrowableCollector.execute(ThrowableCollector.java:73) ~[junit-platform-engine-1.8.2.jar:1.8.2]
	at org.junit.platform.engine.support.hierarchical.NodeTestTask.executeRecursively(NodeTestTask.java:138) ~[junit-platform-engine-1.8.2.jar:1.8.2]
	at org.junit.platform.engine.support.hierarchical.NodeTestTask.execute(NodeTestTask.java:95) ~[junit-platform-engine-1.8.2.jar:1.8.2]
	at java.util.ArrayList.forEach(ArrayList.java:1259) ~[?:1.8.0_362]
	at org.junit.platform.engine.support.hierarchical.SameThreadHierarchicalTestExecutorService.invokeAll(SameThreadHierarchicalTestExecutorService.java:41) ~[junit-platform-engine-1.8.2.jar:1.8.2]
	at org.junit.platform.engine.support.hierarchical.NodeTestTask.lambda$executeRecursively$6(NodeTestTask.java:155) ~[junit-platform-engine-1.8.2.jar:1.8.2]
	at org.junit.platform.engine.support.hierarchical.ThrowableCollector.execute(ThrowableCollector.java:73) ~[junit-platform-engine-1.8.2.jar:1.8.2]
	at org.junit.platform.engine.support.hierarchical.NodeTestTask.lambda$executeRecursively$8(NodeTestTask.java:141) ~[junit-platform-engine-1.8.2.jar:1.8.2]
	at org.junit.platform.engine.support.hierarchical.Node.around(Node.java:137) ~[junit-platform-engine-1.8.2.jar:1.8.2]
	at org.junit.platform.engine.support.hierarchical.NodeTestTask.lambda$executeRecursively$9(NodeTestTask.java:139) ~[junit-platform-engine-1.8.2.jar:1.8.2]
	at org.junit.platform.engine.support.hierarchical.ThrowableCollector.execute(ThrowableCollector.java:73) ~[junit-platform-engine-1.8.2.jar:1.8.2]
	at org.junit.platform.engine.support.hierarchical.NodeTestTask.executeRecursively(NodeTestTask.java:138) ~[junit-platform-engine-1.8.2.jar:1.8.2]
	at org.junit.platform.engine.support.hierarchical.NodeTestTask.execute(NodeTestTask.java:95) ~[junit-platform-engine-1.8.2.jar:1.8.2]
	at org.junit.platform.engine.support.hierarchical.SameThreadHierarchicalTestExecutorService.submit(SameThreadHierarchicalTestExecutorService.java:35) ~[junit-platform-engine-1.8.2.jar:1.8.2]
	at org.junit.platform.engine.support.hierarchical.HierarchicalTestExecutor.execute(HierarchicalTestExecutor.java:57) ~[junit-platform-engine-1.8.2.jar:1.8.2]
	at org.junit.platform.engine.support.hierarchical.HierarchicalTestEngine.execute(HierarchicalTestEngine.java:54) ~[junit-platform-engine-1.8.2.jar:1.8.2]
	at org.junit.platform.launcher.core.EngineExecutionOrchestrator.execute(EngineExecutionOrchestrator.java:107) ~[junit-platform-launcher-1.8.2.jar:1.8.2]
	at org.junit.platform.launcher.core.EngineExecutionOrchestrator.execute(EngineExecutionOrchestrator.java:88) ~[junit-platform-launcher-1.8.2.jar:1.8.2]
	at org.junit.platform.launcher.core.EngineExecutionOrchestrator.lambda$execute$0(EngineExecutionOrchestrator.java:54) ~[junit-platform-launcher-1.8.2.jar:1.8.2]
	at org.junit.platform.launcher.core.EngineExecutionOrchestrator.withInterceptedStreams(EngineExecutionOrchestrator.java:67) [junit-platform-launcher-1.8.2.jar:1.8.2]
	at org.junit.platform.launcher.core.EngineExecutionOrchestrator.execute(EngineExecutionOrchestrator.java:52) [junit-platform-launcher-1.8.2.jar:1.8.2]
	at org.junit.platform.launcher.core.DefaultLauncher.execute(DefaultLauncher.java:114) [junit-platform-launcher-1.8.2.jar:1.8.2]
	at org.junit.platform.launcher.core.DefaultLauncher.execute(DefaultLauncher.java:86) [junit-platform-launcher-1.8.2.jar:1.8.2]
	at org.junit.platform.launcher.core.DefaultLauncherSession$DelegatingLauncher.execute(DefaultLauncherSession.java:86) [junit-platform-launcher-1.8.2.jar:1.8.2]
	at org.junit.platform.launcher.core.SessionPerRequestLauncher.execute(SessionPerRequestLauncher.java:53) [junit-platform-launcher-1.8.2.jar:1.8.2]
	at org.apache.maven.surefire.junitplatform.JUnitPlatformProvider.execute(JUnitPlatformProvider.java:188) [surefire-junit-platform-3.0.0-M5.jar:3.0.0-M5]
	at org.apache.maven.surefire.junitplatform.JUnitPlatformProvider.invokeAllTests(JUnitPlatformProvider.java:154) [surefire-junit-platform-3.0.0-M5.jar:3.0.0-M5]
	at org.apache.maven.surefire.junitplatform.JUnitPlatformProvider.invoke(JUnitPlatformProvider.java:124) [surefire-junit-platform-3.0.0-M5.jar:3.0.0-M5]
	at org.apache.maven.surefire.booter.ForkedBooter.runSuitesInProcess(ForkedBooter.java:428) [surefire-booter-3.0.0-M5.jar:3.0.0-M5]
	at org.apache.maven.surefire.booter.ForkedBooter.execute(ForkedBooter.java:162) [surefire-booter-3.0.0-M5.jar:3.0.0-M5]
	at org.apache.maven.surefire.booter.ForkedBooter.run(ForkedBooter.java:562) [surefire-booter-3.0.0-M5.jar:3.0.0-M5]
	at org.apache.maven.surefire.booter.ForkedBooter.main(ForkedBooter.java:548) [surefire-booter-3.0.0-M5.jar:3.0.0-M5]
]]></system-out>
  </testcase>
  <testcase name="testLookupKeyWithAllowedUser(BucketLayout)[1]" classname="org.apache.hadoop.ozone.om.snapshot.TestOzoneManagerSnapshotAcl" time="1.104">
    <system-out><![CDATA[2023-03-16 19:31:51,140 [Listener at 127.0.0.1/32993] INFO  rpc.RpcClient (RpcClient.java:createVolume(476)) - Creating Volume: volume-10462, with admin as owner and space quota set to -1 bytes, counts quota set to -1
2023-03-16 19:31:51,142 [OM StateMachine ApplyTransaction Thread - 0] INFO  volume.OMVolumeCreateRequest (OMVolumeCreateRequest.java:validateAndUpdateCache(195)) - created volume:volume-10462 for user:admin
2023-03-16 19:31:51,145 [Listener at 127.0.0.1/32993] INFO  rpc.RpcClient (RpcClient.java:createBucket(698)) - Creating Bucket: volume-10462/bucket-05952, with bucket layout FILE_SYSTEM_OPTIMIZED, admin as owner, Versioning false, Storage Type set to DISK and Encryption set to false, Replication Type set to server-side default replication type, Namespace Quota set to -1, Space Quota set to -1 
2023-03-16 19:31:51,148 [OM StateMachine ApplyTransaction Thread - 0] INFO  bucket.OMBucketCreateRequest (OMBucketCreateRequest.java:validateAndUpdateCache(263)) - created bucket: bucket-05952 of layout FILE_SYSTEM_OPTIMIZED in volume: volume-10462
2023-03-16 19:31:51,184 [OM StateMachine ApplyTransaction Thread - 0] INFO  snapshot.OMSnapshotCreateRequest (OMSnapshotCreateRequest.java:validateAndUpdateCache(204)) - Created snapshot 'snapshot-50033' under path 'volume-10462/bucket-05952'
2023-03-16 19:31:51,207 [OMDoubleBufferFlushThread] INFO  db.RDBCheckpointManager (RDBCheckpointManager.java:createCheckpoint(96)) - Created checkpoint in rocksDB at /home/runner/work/ozone/ozone/hadoop-ozone/integration-test/target/test-dir/MiniOzoneClusterImpl-7c80c19b-b74a-4fd6-b02a-95a373f15db1/omNode-1/db.snapshots/om.db-23897d18-1ebf-43a8-bbdb-4e86b51e1861 in 22 milliseconds
2023-03-16 19:31:51,208 [OMDoubleBufferFlushThread] INFO  db.RDBCheckpointManager (RDBCheckpointManager.java:waitForCheckpointDirectoryExist(125)) - Waited for 1 milliseconds for checkpoint directory /home/runner/work/ozone/ozone/hadoop-ozone/integration-test/target/test-dir/MiniOzoneClusterImpl-7c80c19b-b74a-4fd6-b02a-95a373f15db1/omNode-1/db.snapshots/om.db-23897d18-1ebf-43a8-bbdb-4e86b51e1861 availability.
2023-03-16 19:31:51,208 [OMDoubleBufferFlushThread] INFO  om.OmSnapshotManager (OmSnapshotManager.java:createOmSnapshotCheckpoint(269)) - Created checkpoint : /home/runner/work/ozone/ozone/hadoop-ozone/integration-test/target/test-dir/MiniOzoneClusterImpl-7c80c19b-b74a-4fd6-b02a-95a373f15db1/omNode-1/db.snapshots/om.db-23897d18-1ebf-43a8-bbdb-4e86b51e1861 for snapshot snapshot-50033
2023-03-16 19:31:52,192 [Listener at 127.0.0.1/32993] WARN  server.ServerUtils (ServerUtils.java:getDBPath(225)) - ozone.om.db.dirs is not configured. We recommend adding this setting. Falling back to ozone.metadata.dirs instead.
2023-03-16 19:31:52,193 [Listener at 127.0.0.1/32993] INFO  codec.OmKeyInfoCodec (OmKeyInfoCodec.java:<init>(49)) - OmKeyInfoCodec ignorePipeline = true
2023-03-16 19:31:52,193 [Listener at 127.0.0.1/32993] INFO  codec.RepeatedOmKeyInfoCodec (RepeatedOmKeyInfoCodec.java:<init>(41)) - RepeatedOmKeyInfoCodec ignorePipeline = true
]]></system-out>
  </testcase>
  <testcase name="testLookupKeyWithAllowedUser(BucketLayout)[2]" classname="org.apache.hadoop.ozone.om.snapshot.TestOzoneManagerSnapshotAcl" time="1.142">
    <system-out><![CDATA[2023-03-16 19:31:52,273 [Listener at 127.0.0.1/32993] INFO  rpc.RpcClient (RpcClient.java:createVolume(476)) - Creating Volume: volume-56816, with admin as owner and space quota set to -1 bytes, counts quota set to -1
2023-03-16 19:31:52,277 [OM StateMachine ApplyTransaction Thread - 0] INFO  volume.OMVolumeCreateRequest (OMVolumeCreateRequest.java:validateAndUpdateCache(195)) - created volume:volume-56816 for user:admin
2023-03-16 19:31:52,278 [Listener at 127.0.0.1/32993] INFO  rpc.RpcClient (RpcClient.java:createBucket(698)) - Creating Bucket: volume-56816/bucket-56991, with bucket layout OBJECT_STORE, admin as owner, Versioning false, Storage Type set to DISK and Encryption set to false, Replication Type set to server-side default replication type, Namespace Quota set to -1, Space Quota set to -1 
2023-03-16 19:31:52,283 [OM StateMachine ApplyTransaction Thread - 0] INFO  bucket.OMBucketCreateRequest (OMBucketCreateRequest.java:validateAndUpdateCache(263)) - created bucket: bucket-56991 of layout OBJECT_STORE in volume: volume-56816
2023-03-16 19:31:52,324 [OM StateMachine ApplyTransaction Thread - 0] INFO  snapshot.OMSnapshotCreateRequest (OMSnapshotCreateRequest.java:validateAndUpdateCache(204)) - Created snapshot 'snapshot-05652' under path 'volume-56816/bucket-56991'
2023-03-16 19:31:52,350 [OMDoubleBufferFlushThread] INFO  db.RDBCheckpointManager (RDBCheckpointManager.java:createCheckpoint(96)) - Created checkpoint in rocksDB at /home/runner/work/ozone/ozone/hadoop-ozone/integration-test/target/test-dir/MiniOzoneClusterImpl-7c80c19b-b74a-4fd6-b02a-95a373f15db1/omNode-1/db.snapshots/om.db-ed9fa2a9-b471-412a-9198-7a3af1bd42f3 in 25 milliseconds
2023-03-16 19:31:52,350 [OMDoubleBufferFlushThread] INFO  db.RDBCheckpointManager (RDBCheckpointManager.java:waitForCheckpointDirectoryExist(125)) - Waited for 0 milliseconds for checkpoint directory /home/runner/work/ozone/ozone/hadoop-ozone/integration-test/target/test-dir/MiniOzoneClusterImpl-7c80c19b-b74a-4fd6-b02a-95a373f15db1/omNode-1/db.snapshots/om.db-ed9fa2a9-b471-412a-9198-7a3af1bd42f3 availability.
2023-03-16 19:31:52,350 [OMDoubleBufferFlushThread] INFO  om.OmSnapshotManager (OmSnapshotManager.java:createOmSnapshotCheckpoint(269)) - Created checkpoint : /home/runner/work/ozone/ozone/hadoop-ozone/integration-test/target/test-dir/MiniOzoneClusterImpl-7c80c19b-b74a-4fd6-b02a-95a373f15db1/omNode-1/db.snapshots/om.db-ed9fa2a9-b471-412a-9198-7a3af1bd42f3 for snapshot snapshot-05652
2023-03-16 19:31:53,331 [Listener at 127.0.0.1/32993] WARN  server.ServerUtils (ServerUtils.java:getDBPath(225)) - ozone.om.db.dirs is not configured. We recommend adding this setting. Falling back to ozone.metadata.dirs instead.
2023-03-16 19:31:53,332 [Listener at 127.0.0.1/32993] INFO  codec.OmKeyInfoCodec (OmKeyInfoCodec.java:<init>(49)) - OmKeyInfoCodec ignorePipeline = true
2023-03-16 19:31:53,332 [Listener at 127.0.0.1/32993] INFO  codec.RepeatedOmKeyInfoCodec (RepeatedOmKeyInfoCodec.java:<init>(41)) - RepeatedOmKeyInfoCodec ignorePipeline = true
]]></system-out>
  </testcase>
  <testcase name="testLookupKeyWithAllowedUser(BucketLayout)[3]" classname="org.apache.hadoop.ozone.om.snapshot.TestOzoneManagerSnapshotAcl" time="1.104">
    <system-out><![CDATA[2023-03-16 19:31:53,387 [Listener at 127.0.0.1/32993] INFO  rpc.RpcClient (RpcClient.java:createVolume(476)) - Creating Volume: volume-51335, with admin as owner and space quota set to -1 bytes, counts quota set to -1
2023-03-16 19:31:53,389 [OM StateMachine ApplyTransaction Thread - 0] INFO  volume.OMVolumeCreateRequest (OMVolumeCreateRequest.java:validateAndUpdateCache(195)) - created volume:volume-51335 for user:admin
2023-03-16 19:31:53,391 [Listener at 127.0.0.1/32993] INFO  rpc.RpcClient (RpcClient.java:createBucket(698)) - Creating Bucket: volume-51335/bucket-30235, with bucket layout LEGACY, admin as owner, Versioning false, Storage Type set to DISK and Encryption set to false, Replication Type set to server-side default replication type, Namespace Quota set to -1, Space Quota set to -1 
2023-03-16 19:31:53,393 [OM StateMachine ApplyTransaction Thread - 0] INFO  bucket.OMBucketCreateRequest (OMBucketCreateRequest.java:validateAndUpdateCache(263)) - created bucket: bucket-30235 of layout LEGACY in volume: volume-51335
2023-03-16 19:31:53,430 [OM StateMachine ApplyTransaction Thread - 0] INFO  snapshot.OMSnapshotCreateRequest (OMSnapshotCreateRequest.java:validateAndUpdateCache(204)) - Created snapshot 'snapshot-33619' under path 'volume-51335/bucket-30235'
2023-03-16 19:31:53,462 [OMDoubleBufferFlushThread] INFO  db.RDBCheckpointManager (RDBCheckpointManager.java:createCheckpoint(96)) - Created checkpoint in rocksDB at /home/runner/work/ozone/ozone/hadoop-ozone/integration-test/target/test-dir/MiniOzoneClusterImpl-7c80c19b-b74a-4fd6-b02a-95a373f15db1/omNode-1/db.snapshots/om.db-a3268664-3a12-4bda-9949-9b96c114b2d8 in 31 milliseconds
2023-03-16 19:31:53,463 [OMDoubleBufferFlushThread] INFO  db.RDBCheckpointManager (RDBCheckpointManager.java:waitForCheckpointDirectoryExist(125)) - Waited for 1 milliseconds for checkpoint directory /home/runner/work/ozone/ozone/hadoop-ozone/integration-test/target/test-dir/MiniOzoneClusterImpl-7c80c19b-b74a-4fd6-b02a-95a373f15db1/omNode-1/db.snapshots/om.db-a3268664-3a12-4bda-9949-9b96c114b2d8 availability.
2023-03-16 19:31:53,463 [OMDoubleBufferFlushThread] INFO  om.OmSnapshotManager (OmSnapshotManager.java:createOmSnapshotCheckpoint(269)) - Created checkpoint : /home/runner/work/ozone/ozone/hadoop-ozone/integration-test/target/test-dir/MiniOzoneClusterImpl-7c80c19b-b74a-4fd6-b02a-95a373f15db1/omNode-1/db.snapshots/om.db-a3268664-3a12-4bda-9949-9b96c114b2d8 for snapshot snapshot-33619
2023-03-16 19:31:54,439 [Listener at 127.0.0.1/32993] WARN  server.ServerUtils (ServerUtils.java:getDBPath(225)) - ozone.om.db.dirs is not configured. We recommend adding this setting. Falling back to ozone.metadata.dirs instead.
2023-03-16 19:31:54,440 [Listener at 127.0.0.1/32993] INFO  codec.OmKeyInfoCodec (OmKeyInfoCodec.java:<init>(49)) - OmKeyInfoCodec ignorePipeline = true
2023-03-16 19:31:54,440 [Listener at 127.0.0.1/32993] INFO  codec.RepeatedOmKeyInfoCodec (RepeatedOmKeyInfoCodec.java:<init>(41)) - RepeatedOmKeyInfoCodec ignorePipeline = true
]]></system-out>
  </testcase>
  <testcase name="testListStatusWithNotAllowedUser(BucketLayout, boolean, boolean)[1]" classname="org.apache.hadoop.ozone.om.snapshot.TestOzoneManagerSnapshotAcl" time="1.1">
    <system-out><![CDATA[2023-03-16 19:31:54,493 [Listener at 127.0.0.1/32993] INFO  rpc.RpcClient (RpcClient.java:createVolume(476)) - Creating Volume: volume-47454, with admin as owner and space quota set to -1 bytes, counts quota set to -1
2023-03-16 19:31:54,495 [OM StateMachine ApplyTransaction Thread - 0] INFO  volume.OMVolumeCreateRequest (OMVolumeCreateRequest.java:validateAndUpdateCache(195)) - created volume:volume-47454 for user:admin
2023-03-16 19:31:54,497 [Listener at 127.0.0.1/32993] INFO  rpc.RpcClient (RpcClient.java:createBucket(698)) - Creating Bucket: volume-47454/bucket-13810, with bucket layout OBJECT_STORE, admin as owner, Versioning false, Storage Type set to DISK and Encryption set to false, Replication Type set to server-side default replication type, Namespace Quota set to -1, Space Quota set to -1 
2023-03-16 19:31:54,499 [OM StateMachine ApplyTransaction Thread - 0] INFO  bucket.OMBucketCreateRequest (OMBucketCreateRequest.java:validateAndUpdateCache(263)) - created bucket: bucket-13810 of layout OBJECT_STORE in volume: volume-47454
2023-03-16 19:31:54,536 [OM StateMachine ApplyTransaction Thread - 0] INFO  snapshot.OMSnapshotCreateRequest (OMSnapshotCreateRequest.java:validateAndUpdateCache(204)) - Created snapshot 'snapshot-14655' under path 'volume-47454/bucket-13810'
2023-03-16 19:31:54,557 [OMDoubleBufferFlushThread] INFO  db.RDBCheckpointManager (RDBCheckpointManager.java:createCheckpoint(96)) - Created checkpoint in rocksDB at /home/runner/work/ozone/ozone/hadoop-ozone/integration-test/target/test-dir/MiniOzoneClusterImpl-7c80c19b-b74a-4fd6-b02a-95a373f15db1/omNode-1/db.snapshots/om.db-2cb685a0-08ee-48c3-a8ab-6cec1eebc8a9 in 20 milliseconds
2023-03-16 19:31:54,558 [OMDoubleBufferFlushThread] INFO  db.RDBCheckpointManager (RDBCheckpointManager.java:waitForCheckpointDirectoryExist(125)) - Waited for 1 milliseconds for checkpoint directory /home/runner/work/ozone/ozone/hadoop-ozone/integration-test/target/test-dir/MiniOzoneClusterImpl-7c80c19b-b74a-4fd6-b02a-95a373f15db1/omNode-1/db.snapshots/om.db-2cb685a0-08ee-48c3-a8ab-6cec1eebc8a9 availability.
2023-03-16 19:31:54,558 [OMDoubleBufferFlushThread] INFO  om.OmSnapshotManager (OmSnapshotManager.java:createOmSnapshotCheckpoint(269)) - Created checkpoint : /home/runner/work/ozone/ozone/hadoop-ozone/integration-test/target/test-dir/MiniOzoneClusterImpl-7c80c19b-b74a-4fd6-b02a-95a373f15db1/omNode-1/db.snapshots/om.db-2cb685a0-08ee-48c3-a8ab-6cec1eebc8a9 for snapshot snapshot-14655
2023-03-16 19:31:55,545 [Listener at 127.0.0.1/32993] WARN  server.ServerUtils (ServerUtils.java:getDBPath(225)) - ozone.om.db.dirs is not configured. We recommend adding this setting. Falling back to ozone.metadata.dirs instead.
2023-03-16 19:31:55,546 [Listener at 127.0.0.1/32993] INFO  codec.OmKeyInfoCodec (OmKeyInfoCodec.java:<init>(49)) - OmKeyInfoCodec ignorePipeline = true
2023-03-16 19:31:55,546 [Listener at 127.0.0.1/32993] INFO  codec.RepeatedOmKeyInfoCodec (RepeatedOmKeyInfoCodec.java:<init>(41)) - RepeatedOmKeyInfoCodec ignorePipeline = true
2023-03-16 19:31:55,581 [Listener at 127.0.0.1/32993] WARN  om.OmSnapshot (OmMetadataReader.java:checkAcls(497)) - User user2 doesn't have READ permission to access key Volume:volume-47454 Bucket:bucket-13810 Key:key-81500
19:31:55.581 [Listener at 127.0.0.1/32993] ERROR OMAudit - user=null | ip=null | op=LIST_STATUS {volume=volume-47454, bucket=bucket-13810, key=key-81500, dataSize=0, replicationConfig=null} | ret=FAILURE
org.apache.hadoop.ozone.om.exceptions.OMException: User user2 doesn't have READ permission to access key Volume:volume-47454 Bucket:bucket-13810 Key:key-81500
	at org.apache.hadoop.ozone.om.OmMetadataReader.checkAcls(OmMetadataReader.java:500) ~[ozone-manager-1.4.0-SNAPSHOT.jar:?]
	at org.apache.hadoop.ozone.om.OmMetadataReader.checkAcls(OmMetadataReader.java:475) ~[ozone-manager-1.4.0-SNAPSHOT.jar:?]
	at org.apache.hadoop.ozone.om.OzoneAclUtils.checkAllAcls(OzoneAclUtils.java:129) ~[ozone-manager-1.4.0-SNAPSHOT.jar:?]
	at org.apache.hadoop.ozone.om.OmMetadataReader.checkAcls(OmMetadataReader.java:437) ~[ozone-manager-1.4.0-SNAPSHOT.jar:?]
	at org.apache.hadoop.ozone.om.OmMetadataReader.listStatus(OmMetadataReader.java:257) ~[ozone-manager-1.4.0-SNAPSHOT.jar:?]
	at org.apache.hadoop.ozone.om.OmSnapshot.listStatus(OmSnapshot.java:108) ~[ozone-manager-1.4.0-SNAPSHOT.jar:?]
	at org.apache.hadoop.ozone.om.OzoneManager.listStatus(OzoneManager.java:3513) ~[ozone-manager-1.4.0-SNAPSHOT.jar:?]
	at org.apache.hadoop.ozone.om.snapshot.TestOzoneManagerSnapshotAcl.lambda$testListStatusWithNotAllowedUser$7(TestOzoneManagerSnapshotAcl.java:262) ~[test-classes/:?]
	at org.junit.jupiter.api.AssertThrows.assertThrows(AssertThrows.java:55) ~[junit-jupiter-api-5.8.2.jar:5.8.2]
	at org.junit.jupiter.api.AssertThrows.assertThrows(AssertThrows.java:37) ~[junit-jupiter-api-5.8.2.jar:5.8.2]
	at org.junit.jupiter.api.Assertions.assertThrows(Assertions.java:3082) ~[junit-jupiter-api-5.8.2.jar:5.8.2]
	at org.apache.hadoop.ozone.om.snapshot.TestOzoneManagerSnapshotAcl.testListStatusWithNotAllowedUser(TestOzoneManagerSnapshotAcl.java:261) ~[test-classes/:?]
	at sun.reflect.NativeMethodAccessorImpl.invoke0(Native Method) ~[?:1.8.0_362]
	at sun.reflect.NativeMethodAccessorImpl.invoke(NativeMethodAccessorImpl.java:62) ~[?:1.8.0_362]
	at sun.reflect.DelegatingMethodAccessorImpl.invoke(DelegatingMethodAccessorImpl.java:43) ~[?:1.8.0_362]
	at java.lang.reflect.Method.invoke(Method.java:498) ~[?:1.8.0_362]
	at org.junit.platform.commons.util.ReflectionUtils.invokeMethod(ReflectionUtils.java:725) ~[junit-platform-commons-1.8.2.jar:1.8.2]
	at org.junit.jupiter.engine.execution.MethodInvocation.proceed(MethodInvocation.java:60) ~[junit-jupiter-engine-5.8.2.jar:5.8.2]
	at org.junit.jupiter.engine.execution.InvocationInterceptorChain$ValidatingInvocation.proceed(InvocationInterceptorChain.java:131) ~[junit-jupiter-engine-5.8.2.jar:5.8.2]
	at org.junit.jupiter.engine.extension.TimeoutInvocation.proceed(TimeoutInvocation.java:46) ~[junit-jupiter-engine-5.8.2.jar:5.8.2]
	at org.junit.jupiter.engine.extension.TimeoutExtension.intercept(TimeoutExtension.java:149) ~[junit-jupiter-engine-5.8.2.jar:5.8.2]
	at org.junit.jupiter.engine.extension.TimeoutExtension.interceptTestableMethod(TimeoutExtension.java:140) ~[junit-jupiter-engine-5.8.2.jar:5.8.2]
	at org.junit.jupiter.engine.extension.TimeoutExtension.interceptTestTemplateMethod(TimeoutExtension.java:92) ~[junit-jupiter-engine-5.8.2.jar:5.8.2]
	at org.junit.jupiter.engine.execution.ExecutableInvoker$ReflectiveInterceptorCall.lambda$ofVoidMethod$0(ExecutableInvoker.java:115) ~[junit-jupiter-engine-5.8.2.jar:5.8.2]
	at org.junit.jupiter.engine.execution.ExecutableInvoker.lambda$invoke$0(ExecutableInvoker.java:105) ~[junit-jupiter-engine-5.8.2.jar:5.8.2]
	at org.junit.jupiter.engine.execution.InvocationInterceptorChain$InterceptedInvocation.proceed(InvocationInterceptorChain.java:106) ~[junit-jupiter-engine-5.8.2.jar:5.8.2]
	at org.junit.jupiter.engine.execution.InvocationInterceptorChain.proceed(InvocationInterceptorChain.java:64) ~[junit-jupiter-engine-5.8.2.jar:5.8.2]
	at org.junit.jupiter.engine.execution.InvocationInterceptorChain.chainAndInvoke(InvocationInterceptorChain.java:45) ~[junit-jupiter-engine-5.8.2.jar:5.8.2]
	at org.junit.jupiter.engine.execution.InvocationInterceptorChain.invoke(InvocationInterceptorChain.java:37) ~[junit-jupiter-engine-5.8.2.jar:5.8.2]
	at org.junit.jupiter.engine.execution.ExecutableInvoker.invoke(ExecutableInvoker.java:104) ~[junit-jupiter-engine-5.8.2.jar:5.8.2]
	at org.junit.jupiter.engine.execution.ExecutableInvoker.invoke(ExecutableInvoker.java:98) ~[junit-jupiter-engine-5.8.2.jar:5.8.2]
	at org.junit.jupiter.engine.descriptor.TestMethodTestDescriptor.lambda$invokeTestMethod$7(TestMethodTestDescriptor.java:214) ~[junit-jupiter-engine-5.8.2.jar:5.8.2]
	at org.junit.platform.engine.support.hierarchical.ThrowableCollector.execute(ThrowableCollector.java:73) ~[junit-platform-engine-1.8.2.jar:1.8.2]
	at org.junit.jupiter.engine.descriptor.TestMethodTestDescriptor.invokeTestMethod(TestMethodTestDescriptor.java:210) ~[junit-jupiter-engine-5.8.2.jar:5.8.2]
	at org.junit.jupiter.engine.descriptor.TestMethodTestDescriptor.execute(TestMethodTestDescriptor.java:135) ~[junit-jupiter-engine-5.8.2.jar:5.8.2]
	at org.junit.jupiter.engine.descriptor.TestMethodTestDescriptor.execute(TestMethodTestDescriptor.java:66) ~[junit-jupiter-engine-5.8.2.jar:5.8.2]
	at org.junit.platform.engine.support.hierarchical.NodeTestTask.lambda$executeRecursively$6(NodeTestTask.java:151) ~[junit-platform-engine-1.8.2.jar:1.8.2]
	at org.junit.platform.engine.support.hierarchical.ThrowableCollector.execute(ThrowableCollector.java:73) ~[junit-platform-engine-1.8.2.jar:1.8.2]
	at org.junit.platform.engine.support.hierarchical.NodeTestTask.lambda$executeRecursively$8(NodeTestTask.java:141) ~[junit-platform-engine-1.8.2.jar:1.8.2]
	at org.junit.platform.engine.support.hierarchical.Node.around(Node.java:137) ~[junit-platform-engine-1.8.2.jar:1.8.2]
	at org.junit.platform.engine.support.hierarchical.NodeTestTask.lambda$executeRecursively$9(NodeTestTask.java:139) ~[junit-platform-engine-1.8.2.jar:1.8.2]
	at org.junit.platform.engine.support.hierarchical.ThrowableCollector.execute(ThrowableCollector.java:73) ~[junit-platform-engine-1.8.2.jar:1.8.2]
	at org.junit.platform.engine.support.hierarchical.NodeTestTask.executeRecursively(NodeTestTask.java:138) ~[junit-platform-engine-1.8.2.jar:1.8.2]
	at org.junit.platform.engine.support.hierarchical.NodeTestTask.execute(NodeTestTask.java:95) ~[junit-platform-engine-1.8.2.jar:1.8.2]
	at org.junit.platform.engine.support.hierarchical.SameThreadHierarchicalTestExecutorService.submit(SameThreadHierarchicalTestExecutorService.java:35) ~[junit-platform-engine-1.8.2.jar:1.8.2]
	at org.junit.platform.engine.support.hierarchical.NodeTestTask$DefaultDynamicTestExecutor.execute(NodeTestTask.java:226) ~[junit-platform-engine-1.8.2.jar:1.8.2]
	at org.junit.platform.engine.support.hierarchical.NodeTestTask$DefaultDynamicTestExecutor.execute(NodeTestTask.java:204) ~[junit-platform-engine-1.8.2.jar:1.8.2]
	at org.junit.jupiter.engine.descriptor.TestTemplateTestDescriptor.execute(TestTemplateTestDescriptor.java:139) ~[junit-jupiter-engine-5.8.2.jar:5.8.2]
	at org.junit.jupiter.engine.descriptor.TestTemplateTestDescriptor.lambda$execute$2(TestTemplateTestDescriptor.java:107) ~[junit-jupiter-engine-5.8.2.jar:5.8.2]
	at java.util.stream.ForEachOps$ForEachOp$OfRef.accept(ForEachOps.java:183) ~[?:1.8.0_362]
	at java.util.stream.ReferencePipeline$3$1.accept(ReferencePipeline.java:193) ~[?:1.8.0_362]
	at java.util.stream.ReferencePipeline$2$1.accept(ReferencePipeline.java:175) ~[?:1.8.0_362]
	at java.util.stream.ReferencePipeline$3$1.accept(ReferencePipeline.java:193) ~[?:1.8.0_362]
	at java.util.stream.ForEachOps$ForEachOp$OfRef.accept(ForEachOps.java:183) ~[?:1.8.0_362]
	at java.util.stream.ReferencePipeline$3$1.accept(ReferencePipeline.java:193) ~[?:1.8.0_362]
	at java.util.stream.ReferencePipeline$3$1.accept(ReferencePipeline.java:193) ~[?:1.8.0_362]
	at java.util.stream.ReferencePipeline$3$1.accept(ReferencePipeline.java:193) ~[?:1.8.0_362]
	at java.util.stream.ForEachOps$ForEachOp$OfRef.accept(ForEachOps.java:183) ~[?:1.8.0_362]
	at java.util.stream.ReferencePipeline$3$1.accept(ReferencePipeline.java:193) ~[?:1.8.0_362]
	at java.util.Spliterators$ArraySpliterator.forEachRemaining(Spliterators.java:948) ~[?:1.8.0_362]
	at java.util.stream.ReferencePipeline$Head.forEach(ReferencePipeline.java:647) ~[?:1.8.0_362]
	at java.util.stream.ReferencePipeline$7$1.accept(ReferencePipeline.java:272) ~[?:1.8.0_362]
	at java.util.stream.ReferencePipeline$3$1.accept(ReferencePipeline.java:193) ~[?:1.8.0_362]
	at java.util.stream.ReferencePipeline$3$1.accept(ReferencePipeline.java:193) ~[?:1.8.0_362]
	at java.util.Spliterators$ArraySpliterator.forEachRemaining(Spliterators.java:948) ~[?:1.8.0_362]
	at java.util.stream.AbstractPipeline.copyInto(AbstractPipeline.java:482) ~[?:1.8.0_362]
	at java.util.stream.AbstractPipeline.wrapAndCopyInto(AbstractPipeline.java:472) ~[?:1.8.0_362]
	at java.util.stream.ForEachOps$ForEachOp.evaluateSequential(ForEachOps.java:150) ~[?:1.8.0_362]
	at java.util.stream.ForEachOps$ForEachOp$OfRef.evaluateSequential(ForEachOps.java:173) ~[?:1.8.0_362]
	at java.util.stream.AbstractPipeline.evaluate(AbstractPipeline.java:234) ~[?:1.8.0_362]
	at java.util.stream.ReferencePipeline.forEach(ReferencePipeline.java:485) ~[?:1.8.0_362]
	at java.util.stream.ReferencePipeline$7$1.accept(ReferencePipeline.java:272) ~[?:1.8.0_362]
	at java.util.stream.ReferencePipeline$3$1.accept(ReferencePipeline.java:193) ~[?:1.8.0_362]
	at java.util.stream.ReferencePipeline$3$1.accept(ReferencePipeline.java:193) ~[?:1.8.0_362]
	at java.util.stream.ReferencePipeline$3$1.accept(ReferencePipeline.java:193) ~[?:1.8.0_362]
	at java.util.ArrayList$ArrayListSpliterator.forEachRemaining(ArrayList.java:1384) ~[?:1.8.0_362]
	at java.util.stream.AbstractPipeline.copyInto(AbstractPipeline.java:482) ~[?:1.8.0_362]
	at java.util.stream.AbstractPipeline.wrapAndCopyInto(AbstractPipeline.java:472) ~[?:1.8.0_362]
	at java.util.stream.ForEachOps$ForEachOp.evaluateSequential(ForEachOps.java:150) ~[?:1.8.0_362]
	at java.util.stream.ForEachOps$ForEachOp$OfRef.evaluateSequential(ForEachOps.java:173) ~[?:1.8.0_362]
	at java.util.stream.AbstractPipeline.evaluate(AbstractPipeline.java:234) ~[?:1.8.0_362]
	at java.util.stream.ReferencePipeline.forEach(ReferencePipeline.java:485) ~[?:1.8.0_362]
	at java.util.stream.ReferencePipeline$7$1.accept(ReferencePipeline.java:272) ~[?:1.8.0_362]
	at java.util.ArrayList$ArrayListSpliterator.forEachRemaining(ArrayList.java:1384) ~[?:1.8.0_362]
	at java.util.stream.AbstractPipeline.copyInto(AbstractPipeline.java:482) ~[?:1.8.0_362]
	at java.util.stream.AbstractPipeline.wrapAndCopyInto(AbstractPipeline.java:472) ~[?:1.8.0_362]
	at java.util.stream.ForEachOps$ForEachOp.evaluateSequential(ForEachOps.java:150) ~[?:1.8.0_362]
	at java.util.stream.ForEachOps$ForEachOp$OfRef.evaluateSequential(ForEachOps.java:173) ~[?:1.8.0_362]
	at java.util.stream.AbstractPipeline.evaluate(AbstractPipeline.java:234) ~[?:1.8.0_362]
	at java.util.stream.ReferencePipeline.forEach(ReferencePipeline.java:485) ~[?:1.8.0_362]
	at org.junit.jupiter.engine.descriptor.TestTemplateTestDescriptor.execute(TestTemplateTestDescriptor.java:107) ~[junit-jupiter-engine-5.8.2.jar:5.8.2]
	at org.junit.jupiter.engine.descriptor.TestTemplateTestDescriptor.execute(TestTemplateTestDescriptor.java:42) ~[junit-jupiter-engine-5.8.2.jar:5.8.2]
	at org.junit.platform.engine.support.hierarchical.NodeTestTask.lambda$executeRecursively$6(NodeTestTask.java:151) ~[junit-platform-engine-1.8.2.jar:1.8.2]
	at org.junit.platform.engine.support.hierarchical.ThrowableCollector.execute(ThrowableCollector.java:73) ~[junit-platform-engine-1.8.2.jar:1.8.2]
	at org.junit.platform.engine.support.hierarchical.NodeTestTask.lambda$executeRecursively$8(NodeTestTask.java:141) ~[junit-platform-engine-1.8.2.jar:1.8.2]
	at org.junit.platform.engine.support.hierarchical.Node.around(Node.java:137) ~[junit-platform-engine-1.8.2.jar:1.8.2]
	at org.junit.platform.engine.support.hierarchical.NodeTestTask.lambda$executeRecursively$9(NodeTestTask.java:139) ~[junit-platform-engine-1.8.2.jar:1.8.2]
	at org.junit.platform.engine.support.hierarchical.ThrowableCollector.execute(ThrowableCollector.java:73) ~[junit-platform-engine-1.8.2.jar:1.8.2]
	at org.junit.platform.engine.support.hierarchical.NodeTestTask.executeRecursively(NodeTestTask.java:138) ~[junit-platform-engine-1.8.2.jar:1.8.2]
	at org.junit.platform.engine.support.hierarchical.NodeTestTask.execute(NodeTestTask.java:95) ~[junit-platform-engine-1.8.2.jar:1.8.2]
	at java.util.ArrayList.forEach(ArrayList.java:1259) ~[?:1.8.0_362]
	at org.junit.platform.engine.support.hierarchical.SameThreadHierarchicalTestExecutorService.invokeAll(SameThreadHierarchicalTestExecutorService.java:41) ~[junit-platform-engine-1.8.2.jar:1.8.2]
	at org.junit.platform.engine.support.hierarchical.NodeTestTask.lambda$executeRecursively$6(NodeTestTask.java:155) ~[junit-platform-engine-1.8.2.jar:1.8.2]
	at org.junit.platform.engine.support.hierarchical.ThrowableCollector.execute(ThrowableCollector.java:73) ~[junit-platform-engine-1.8.2.jar:1.8.2]
	at org.junit.platform.engine.support.hierarchical.NodeTestTask.lambda$executeRecursively$8(NodeTestTask.java:141) ~[junit-platform-engine-1.8.2.jar:1.8.2]
	at org.junit.platform.engine.support.hierarchical.Node.around(Node.java:137) ~[junit-platform-engine-1.8.2.jar:1.8.2]
	at org.junit.platform.engine.support.hierarchical.NodeTestTask.lambda$executeRecursively$9(NodeTestTask.java:139) ~[junit-platform-engine-1.8.2.jar:1.8.2]
	at org.junit.platform.engine.support.hierarchical.ThrowableCollector.execute(ThrowableCollector.java:73) ~[junit-platform-engine-1.8.2.jar:1.8.2]
	at org.junit.platform.engine.support.hierarchical.NodeTestTask.executeRecursively(NodeTestTask.java:138) ~[junit-platform-engine-1.8.2.jar:1.8.2]
	at org.junit.platform.engine.support.hierarchical.NodeTestTask.execute(NodeTestTask.java:95) ~[junit-platform-engine-1.8.2.jar:1.8.2]
	at java.util.ArrayList.forEach(ArrayList.java:1259) ~[?:1.8.0_362]
	at org.junit.platform.engine.support.hierarchical.SameThreadHierarchicalTestExecutorService.invokeAll(SameThreadHierarchicalTestExecutorService.java:41) ~[junit-platform-engine-1.8.2.jar:1.8.2]
	at org.junit.platform.engine.support.hierarchical.NodeTestTask.lambda$executeRecursively$6(NodeTestTask.java:155) ~[junit-platform-engine-1.8.2.jar:1.8.2]
	at org.junit.platform.engine.support.hierarchical.ThrowableCollector.execute(ThrowableCollector.java:73) ~[junit-platform-engine-1.8.2.jar:1.8.2]
	at org.junit.platform.engine.support.hierarchical.NodeTestTask.lambda$executeRecursively$8(NodeTestTask.java:141) ~[junit-platform-engine-1.8.2.jar:1.8.2]
	at org.junit.platform.engine.support.hierarchical.Node.around(Node.java:137) ~[junit-platform-engine-1.8.2.jar:1.8.2]
	at org.junit.platform.engine.support.hierarchical.NodeTestTask.lambda$executeRecursively$9(NodeTestTask.java:139) ~[junit-platform-engine-1.8.2.jar:1.8.2]
	at org.junit.platform.engine.support.hierarchical.ThrowableCollector.execute(ThrowableCollector.java:73) ~[junit-platform-engine-1.8.2.jar:1.8.2]
	at org.junit.platform.engine.support.hierarchical.NodeTestTask.executeRecursively(NodeTestTask.java:138) ~[junit-platform-engine-1.8.2.jar:1.8.2]
	at org.junit.platform.engine.support.hierarchical.NodeTestTask.execute(NodeTestTask.java:95) ~[junit-platform-engine-1.8.2.jar:1.8.2]
	at org.junit.platform.engine.support.hierarchical.SameThreadHierarchicalTestExecutorService.submit(SameThreadHierarchicalTestExecutorService.java:35) ~[junit-platform-engine-1.8.2.jar:1.8.2]
	at org.junit.platform.engine.support.hierarchical.HierarchicalTestExecutor.execute(HierarchicalTestExecutor.java:57) ~[junit-platform-engine-1.8.2.jar:1.8.2]
	at org.junit.platform.engine.support.hierarchical.HierarchicalTestEngine.execute(HierarchicalTestEngine.java:54) ~[junit-platform-engine-1.8.2.jar:1.8.2]
	at org.junit.platform.launcher.core.EngineExecutionOrchestrator.execute(EngineExecutionOrchestrator.java:107) ~[junit-platform-launcher-1.8.2.jar:1.8.2]
	at org.junit.platform.launcher.core.EngineExecutionOrchestrator.execute(EngineExecutionOrchestrator.java:88) ~[junit-platform-launcher-1.8.2.jar:1.8.2]
	at org.junit.platform.launcher.core.EngineExecutionOrchestrator.lambda$execute$0(EngineExecutionOrchestrator.java:54) ~[junit-platform-launcher-1.8.2.jar:1.8.2]
	at org.junit.platform.launcher.core.EngineExecutionOrchestrator.withInterceptedStreams(EngineExecutionOrchestrator.java:67) [junit-platform-launcher-1.8.2.jar:1.8.2]
	at org.junit.platform.launcher.core.EngineExecutionOrchestrator.execute(EngineExecutionOrchestrator.java:52) [junit-platform-launcher-1.8.2.jar:1.8.2]
	at org.junit.platform.launcher.core.DefaultLauncher.execute(DefaultLauncher.java:114) [junit-platform-launcher-1.8.2.jar:1.8.2]
	at org.junit.platform.launcher.core.DefaultLauncher.execute(DefaultLauncher.java:86) [junit-platform-launcher-1.8.2.jar:1.8.2]
	at org.junit.platform.launcher.core.DefaultLauncherSession$DelegatingLauncher.execute(DefaultLauncherSession.java:86) [junit-platform-launcher-1.8.2.jar:1.8.2]
	at org.junit.platform.launcher.core.SessionPerRequestLauncher.execute(SessionPerRequestLauncher.java:53) [junit-platform-launcher-1.8.2.jar:1.8.2]
	at org.apache.maven.surefire.junitplatform.JUnitPlatformProvider.execute(JUnitPlatformProvider.java:188) [surefire-junit-platform-3.0.0-M5.jar:3.0.0-M5]
	at org.apache.maven.surefire.junitplatform.JUnitPlatformProvider.invokeAllTests(JUnitPlatformProvider.java:154) [surefire-junit-platform-3.0.0-M5.jar:3.0.0-M5]
	at org.apache.maven.surefire.junitplatform.JUnitPlatformProvider.invoke(JUnitPlatformProvider.java:124) [surefire-junit-platform-3.0.0-M5.jar:3.0.0-M5]
	at org.apache.maven.surefire.booter.ForkedBooter.runSuitesInProcess(ForkedBooter.java:428) [surefire-booter-3.0.0-M5.jar:3.0.0-M5]
	at org.apache.maven.surefire.booter.ForkedBooter.execute(ForkedBooter.java:162) [surefire-booter-3.0.0-M5.jar:3.0.0-M5]
	at org.apache.maven.surefire.booter.ForkedBooter.run(ForkedBooter.java:562) [surefire-booter-3.0.0-M5.jar:3.0.0-M5]
	at org.apache.maven.surefire.booter.ForkedBooter.main(ForkedBooter.java:548) [surefire-booter-3.0.0-M5.jar:3.0.0-M5]
]]></system-out>
  </testcase>
  <testcase name="testListStatusWithNotAllowedUser(BucketLayout, boolean, boolean)[2]" classname="org.apache.hadoop.ozone.om.snapshot.TestOzoneManagerSnapshotAcl" time="1.097">
    <system-out><![CDATA[2023-03-16 19:31:55,596 [Listener at 127.0.0.1/32993] INFO  rpc.RpcClient (RpcClient.java:createVolume(476)) - Creating Volume: volume-76138, with admin as owner and space quota set to -1 bytes, counts quota set to -1
2023-03-16 19:31:55,599 [OM StateMachine ApplyTransaction Thread - 0] INFO  volume.OMVolumeCreateRequest (OMVolumeCreateRequest.java:validateAndUpdateCache(195)) - created volume:volume-76138 for user:admin
2023-03-16 19:31:55,601 [Listener at 127.0.0.1/32993] INFO  rpc.RpcClient (RpcClient.java:createBucket(698)) - Creating Bucket: volume-76138/bucket-87512, with bucket layout FILE_SYSTEM_OPTIMIZED, admin as owner, Versioning false, Storage Type set to DISK and Encryption set to false, Replication Type set to server-side default replication type, Namespace Quota set to -1, Space Quota set to -1 
2023-03-16 19:31:55,603 [OM StateMachine ApplyTransaction Thread - 0] INFO  bucket.OMBucketCreateRequest (OMBucketCreateRequest.java:validateAndUpdateCache(263)) - created bucket: bucket-87512 of layout FILE_SYSTEM_OPTIMIZED in volume: volume-76138
2023-03-16 19:31:55,634 [OM StateMachine ApplyTransaction Thread - 0] INFO  snapshot.OMSnapshotCreateRequest (OMSnapshotCreateRequest.java:validateAndUpdateCache(204)) - Created snapshot 'snapshot-56613' under path 'volume-76138/bucket-87512'
2023-03-16 19:31:55,657 [OMDoubleBufferFlushThread] INFO  db.RDBCheckpointManager (RDBCheckpointManager.java:createCheckpoint(96)) - Created checkpoint in rocksDB at /home/runner/work/ozone/ozone/hadoop-ozone/integration-test/target/test-dir/MiniOzoneClusterImpl-7c80c19b-b74a-4fd6-b02a-95a373f15db1/omNode-1/db.snapshots/om.db-22360e48-8689-472b-82ba-43f81a4cdae6 in 22 milliseconds
2023-03-16 19:31:55,657 [OMDoubleBufferFlushThread] INFO  db.RDBCheckpointManager (RDBCheckpointManager.java:waitForCheckpointDirectoryExist(125)) - Waited for 0 milliseconds for checkpoint directory /home/runner/work/ozone/ozone/hadoop-ozone/integration-test/target/test-dir/MiniOzoneClusterImpl-7c80c19b-b74a-4fd6-b02a-95a373f15db1/omNode-1/db.snapshots/om.db-22360e48-8689-472b-82ba-43f81a4cdae6 availability.
2023-03-16 19:31:55,658 [OMDoubleBufferFlushThread] INFO  om.OmSnapshotManager (OmSnapshotManager.java:createOmSnapshotCheckpoint(269)) - Created checkpoint : /home/runner/work/ozone/ozone/hadoop-ozone/integration-test/target/test-dir/MiniOzoneClusterImpl-7c80c19b-b74a-4fd6-b02a-95a373f15db1/omNode-1/db.snapshots/om.db-22360e48-8689-472b-82ba-43f81a4cdae6 for snapshot snapshot-56613
2023-03-16 19:31:56,642 [Listener at 127.0.0.1/32993] WARN  server.ServerUtils (ServerUtils.java:getDBPath(225)) - ozone.om.db.dirs is not configured. We recommend adding this setting. Falling back to ozone.metadata.dirs instead.
2023-03-16 19:31:56,643 [Listener at 127.0.0.1/32993] INFO  codec.OmKeyInfoCodec (OmKeyInfoCodec.java:<init>(49)) - OmKeyInfoCodec ignorePipeline = true
2023-03-16 19:31:56,643 [Listener at 127.0.0.1/32993] INFO  codec.RepeatedOmKeyInfoCodec (RepeatedOmKeyInfoCodec.java:<init>(41)) - RepeatedOmKeyInfoCodec ignorePipeline = true
2023-03-16 19:31:56,679 [Listener at 127.0.0.1/32993] WARN  om.OmSnapshot (OmMetadataReader.java:checkAcls(497)) - User user2 doesn't have READ permission to access key Volume:volume-76138 Bucket:bucket-87512 Key:key-49198
19:31:56.679 [Listener at 127.0.0.1/32993] ERROR OMAudit - user=null | ip=null | op=LIST_STATUS {volume=volume-76138, bucket=bucket-87512, key=key-49198, dataSize=0, replicationConfig=null} | ret=FAILURE
org.apache.hadoop.ozone.om.exceptions.OMException: User user2 doesn't have READ permission to access key Volume:volume-76138 Bucket:bucket-87512 Key:key-49198
	at org.apache.hadoop.ozone.om.OmMetadataReader.checkAcls(OmMetadataReader.java:500) ~[ozone-manager-1.4.0-SNAPSHOT.jar:?]
	at org.apache.hadoop.ozone.om.OmMetadataReader.checkAcls(OmMetadataReader.java:475) ~[ozone-manager-1.4.0-SNAPSHOT.jar:?]
	at org.apache.hadoop.ozone.om.OzoneAclUtils.checkAllAcls(OzoneAclUtils.java:129) ~[ozone-manager-1.4.0-SNAPSHOT.jar:?]
	at org.apache.hadoop.ozone.om.OmMetadataReader.checkAcls(OmMetadataReader.java:437) ~[ozone-manager-1.4.0-SNAPSHOT.jar:?]
	at org.apache.hadoop.ozone.om.OmMetadataReader.listStatus(OmMetadataReader.java:257) ~[ozone-manager-1.4.0-SNAPSHOT.jar:?]
	at org.apache.hadoop.ozone.om.OmSnapshot.listStatus(OmSnapshot.java:108) ~[ozone-manager-1.4.0-SNAPSHOT.jar:?]
	at org.apache.hadoop.ozone.om.OzoneManager.listStatus(OzoneManager.java:3513) ~[ozone-manager-1.4.0-SNAPSHOT.jar:?]
	at org.apache.hadoop.ozone.om.snapshot.TestOzoneManagerSnapshotAcl.lambda$testListStatusWithNotAllowedUser$7(TestOzoneManagerSnapshotAcl.java:262) ~[test-classes/:?]
	at org.junit.jupiter.api.AssertThrows.assertThrows(AssertThrows.java:55) ~[junit-jupiter-api-5.8.2.jar:5.8.2]
	at org.junit.jupiter.api.AssertThrows.assertThrows(AssertThrows.java:37) ~[junit-jupiter-api-5.8.2.jar:5.8.2]
	at org.junit.jupiter.api.Assertions.assertThrows(Assertions.java:3082) ~[junit-jupiter-api-5.8.2.jar:5.8.2]
	at org.apache.hadoop.ozone.om.snapshot.TestOzoneManagerSnapshotAcl.testListStatusWithNotAllowedUser(TestOzoneManagerSnapshotAcl.java:261) ~[test-classes/:?]
	at sun.reflect.NativeMethodAccessorImpl.invoke0(Native Method) ~[?:1.8.0_362]
	at sun.reflect.NativeMethodAccessorImpl.invoke(NativeMethodAccessorImpl.java:62) ~[?:1.8.0_362]
	at sun.reflect.DelegatingMethodAccessorImpl.invoke(DelegatingMethodAccessorImpl.java:43) ~[?:1.8.0_362]
	at java.lang.reflect.Method.invoke(Method.java:498) ~[?:1.8.0_362]
	at org.junit.platform.commons.util.ReflectionUtils.invokeMethod(ReflectionUtils.java:725) ~[junit-platform-commons-1.8.2.jar:1.8.2]
	at org.junit.jupiter.engine.execution.MethodInvocation.proceed(MethodInvocation.java:60) ~[junit-jupiter-engine-5.8.2.jar:5.8.2]
	at org.junit.jupiter.engine.execution.InvocationInterceptorChain$ValidatingInvocation.proceed(InvocationInterceptorChain.java:131) ~[junit-jupiter-engine-5.8.2.jar:5.8.2]
	at org.junit.jupiter.engine.extension.TimeoutInvocation.proceed(TimeoutInvocation.java:46) ~[junit-jupiter-engine-5.8.2.jar:5.8.2]
	at org.junit.jupiter.engine.extension.TimeoutExtension.intercept(TimeoutExtension.java:149) ~[junit-jupiter-engine-5.8.2.jar:5.8.2]
	at org.junit.jupiter.engine.extension.TimeoutExtension.interceptTestableMethod(TimeoutExtension.java:140) ~[junit-jupiter-engine-5.8.2.jar:5.8.2]
	at org.junit.jupiter.engine.extension.TimeoutExtension.interceptTestTemplateMethod(TimeoutExtension.java:92) ~[junit-jupiter-engine-5.8.2.jar:5.8.2]
	at org.junit.jupiter.engine.execution.ExecutableInvoker$ReflectiveInterceptorCall.lambda$ofVoidMethod$0(ExecutableInvoker.java:115) ~[junit-jupiter-engine-5.8.2.jar:5.8.2]
	at org.junit.jupiter.engine.execution.ExecutableInvoker.lambda$invoke$0(ExecutableInvoker.java:105) ~[junit-jupiter-engine-5.8.2.jar:5.8.2]
	at org.junit.jupiter.engine.execution.InvocationInterceptorChain$InterceptedInvocation.proceed(InvocationInterceptorChain.java:106) ~[junit-jupiter-engine-5.8.2.jar:5.8.2]
	at org.junit.jupiter.engine.execution.InvocationInterceptorChain.proceed(InvocationInterceptorChain.java:64) ~[junit-jupiter-engine-5.8.2.jar:5.8.2]
	at org.junit.jupiter.engine.execution.InvocationInterceptorChain.chainAndInvoke(InvocationInterceptorChain.java:45) ~[junit-jupiter-engine-5.8.2.jar:5.8.2]
	at org.junit.jupiter.engine.execution.InvocationInterceptorChain.invoke(InvocationInterceptorChain.java:37) ~[junit-jupiter-engine-5.8.2.jar:5.8.2]
	at org.junit.jupiter.engine.execution.ExecutableInvoker.invoke(ExecutableInvoker.java:104) ~[junit-jupiter-engine-5.8.2.jar:5.8.2]
	at org.junit.jupiter.engine.execution.ExecutableInvoker.invoke(ExecutableInvoker.java:98) ~[junit-jupiter-engine-5.8.2.jar:5.8.2]
	at org.junit.jupiter.engine.descriptor.TestMethodTestDescriptor.lambda$invokeTestMethod$7(TestMethodTestDescriptor.java:214) ~[junit-jupiter-engine-5.8.2.jar:5.8.2]
	at org.junit.platform.engine.support.hierarchical.ThrowableCollector.execute(ThrowableCollector.java:73) ~[junit-platform-engine-1.8.2.jar:1.8.2]
	at org.junit.jupiter.engine.descriptor.TestMethodTestDescriptor.invokeTestMethod(TestMethodTestDescriptor.java:210) ~[junit-jupiter-engine-5.8.2.jar:5.8.2]
	at org.junit.jupiter.engine.descriptor.TestMethodTestDescriptor.execute(TestMethodTestDescriptor.java:135) ~[junit-jupiter-engine-5.8.2.jar:5.8.2]
	at org.junit.jupiter.engine.descriptor.TestMethodTestDescriptor.execute(TestMethodTestDescriptor.java:66) ~[junit-jupiter-engine-5.8.2.jar:5.8.2]
	at org.junit.platform.engine.support.hierarchical.NodeTestTask.lambda$executeRecursively$6(NodeTestTask.java:151) ~[junit-platform-engine-1.8.2.jar:1.8.2]
	at org.junit.platform.engine.support.hierarchical.ThrowableCollector.execute(ThrowableCollector.java:73) ~[junit-platform-engine-1.8.2.jar:1.8.2]
	at org.junit.platform.engine.support.hierarchical.NodeTestTask.lambda$executeRecursively$8(NodeTestTask.java:141) ~[junit-platform-engine-1.8.2.jar:1.8.2]
	at org.junit.platform.engine.support.hierarchical.Node.around(Node.java:137) ~[junit-platform-engine-1.8.2.jar:1.8.2]
	at org.junit.platform.engine.support.hierarchical.NodeTestTask.lambda$executeRecursively$9(NodeTestTask.java:139) ~[junit-platform-engine-1.8.2.jar:1.8.2]
	at org.junit.platform.engine.support.hierarchical.ThrowableCollector.execute(ThrowableCollector.java:73) ~[junit-platform-engine-1.8.2.jar:1.8.2]
	at org.junit.platform.engine.support.hierarchical.NodeTestTask.executeRecursively(NodeTestTask.java:138) ~[junit-platform-engine-1.8.2.jar:1.8.2]
	at org.junit.platform.engine.support.hierarchical.NodeTestTask.execute(NodeTestTask.java:95) ~[junit-platform-engine-1.8.2.jar:1.8.2]
	at org.junit.platform.engine.support.hierarchical.SameThreadHierarchicalTestExecutorService.submit(SameThreadHierarchicalTestExecutorService.java:35) ~[junit-platform-engine-1.8.2.jar:1.8.2]
	at org.junit.platform.engine.support.hierarchical.NodeTestTask$DefaultDynamicTestExecutor.execute(NodeTestTask.java:226) ~[junit-platform-engine-1.8.2.jar:1.8.2]
	at org.junit.platform.engine.support.hierarchical.NodeTestTask$DefaultDynamicTestExecutor.execute(NodeTestTask.java:204) ~[junit-platform-engine-1.8.2.jar:1.8.2]
	at org.junit.jupiter.engine.descriptor.TestTemplateTestDescriptor.execute(TestTemplateTestDescriptor.java:139) ~[junit-jupiter-engine-5.8.2.jar:5.8.2]
	at org.junit.jupiter.engine.descriptor.TestTemplateTestDescriptor.lambda$execute$2(TestTemplateTestDescriptor.java:107) ~[junit-jupiter-engine-5.8.2.jar:5.8.2]
	at java.util.stream.ForEachOps$ForEachOp$OfRef.accept(ForEachOps.java:183) ~[?:1.8.0_362]
	at java.util.stream.ReferencePipeline$3$1.accept(ReferencePipeline.java:193) ~[?:1.8.0_362]
	at java.util.stream.ReferencePipeline$2$1.accept(ReferencePipeline.java:175) ~[?:1.8.0_362]
	at java.util.stream.ReferencePipeline$3$1.accept(ReferencePipeline.java:193) ~[?:1.8.0_362]
	at java.util.stream.ForEachOps$ForEachOp$OfRef.accept(ForEachOps.java:183) ~[?:1.8.0_362]
	at java.util.stream.ReferencePipeline$3$1.accept(ReferencePipeline.java:193) ~[?:1.8.0_362]
	at java.util.stream.ReferencePipeline$3$1.accept(ReferencePipeline.java:193) ~[?:1.8.0_362]
	at java.util.stream.ReferencePipeline$3$1.accept(ReferencePipeline.java:193) ~[?:1.8.0_362]
	at java.util.stream.ForEachOps$ForEachOp$OfRef.accept(ForEachOps.java:183) ~[?:1.8.0_362]
	at java.util.stream.ReferencePipeline$3$1.accept(ReferencePipeline.java:193) ~[?:1.8.0_362]
	at java.util.Spliterators$ArraySpliterator.forEachRemaining(Spliterators.java:948) ~[?:1.8.0_362]
	at java.util.stream.ReferencePipeline$Head.forEach(ReferencePipeline.java:647) ~[?:1.8.0_362]
	at java.util.stream.ReferencePipeline$7$1.accept(ReferencePipeline.java:272) ~[?:1.8.0_362]
	at java.util.stream.ReferencePipeline$3$1.accept(ReferencePipeline.java:193) ~[?:1.8.0_362]
	at java.util.stream.ReferencePipeline$3$1.accept(ReferencePipeline.java:193) ~[?:1.8.0_362]
	at java.util.Spliterators$ArraySpliterator.forEachRemaining(Spliterators.java:948) ~[?:1.8.0_362]
	at java.util.stream.AbstractPipeline.copyInto(AbstractPipeline.java:482) ~[?:1.8.0_362]
	at java.util.stream.AbstractPipeline.wrapAndCopyInto(AbstractPipeline.java:472) ~[?:1.8.0_362]
	at java.util.stream.ForEachOps$ForEachOp.evaluateSequential(ForEachOps.java:150) ~[?:1.8.0_362]
	at java.util.stream.ForEachOps$ForEachOp$OfRef.evaluateSequential(ForEachOps.java:173) ~[?:1.8.0_362]
	at java.util.stream.AbstractPipeline.evaluate(AbstractPipeline.java:234) ~[?:1.8.0_362]
	at java.util.stream.ReferencePipeline.forEach(ReferencePipeline.java:485) ~[?:1.8.0_362]
	at java.util.stream.ReferencePipeline$7$1.accept(ReferencePipeline.java:272) ~[?:1.8.0_362]
	at java.util.stream.ReferencePipeline$3$1.accept(ReferencePipeline.java:193) ~[?:1.8.0_362]
	at java.util.stream.ReferencePipeline$3$1.accept(ReferencePipeline.java:193) ~[?:1.8.0_362]
	at java.util.stream.ReferencePipeline$3$1.accept(ReferencePipeline.java:193) ~[?:1.8.0_362]
	at java.util.ArrayList$ArrayListSpliterator.forEachRemaining(ArrayList.java:1384) ~[?:1.8.0_362]
	at java.util.stream.AbstractPipeline.copyInto(AbstractPipeline.java:482) ~[?:1.8.0_362]
	at java.util.stream.AbstractPipeline.wrapAndCopyInto(AbstractPipeline.java:472) ~[?:1.8.0_362]
	at java.util.stream.ForEachOps$ForEachOp.evaluateSequential(ForEachOps.java:150) ~[?:1.8.0_362]
	at java.util.stream.ForEachOps$ForEachOp$OfRef.evaluateSequential(ForEachOps.java:173) ~[?:1.8.0_362]
	at java.util.stream.AbstractPipeline.evaluate(AbstractPipeline.java:234) ~[?:1.8.0_362]
	at java.util.stream.ReferencePipeline.forEach(ReferencePipeline.java:485) ~[?:1.8.0_362]
	at java.util.stream.ReferencePipeline$7$1.accept(ReferencePipeline.java:272) ~[?:1.8.0_362]
	at java.util.ArrayList$ArrayListSpliterator.forEachRemaining(ArrayList.java:1384) ~[?:1.8.0_362]
	at java.util.stream.AbstractPipeline.copyInto(AbstractPipeline.java:482) ~[?:1.8.0_362]
	at java.util.stream.AbstractPipeline.wrapAndCopyInto(AbstractPipeline.java:472) ~[?:1.8.0_362]
	at java.util.stream.ForEachOps$ForEachOp.evaluateSequential(ForEachOps.java:150) ~[?:1.8.0_362]
	at java.util.stream.ForEachOps$ForEachOp$OfRef.evaluateSequential(ForEachOps.java:173) ~[?:1.8.0_362]
	at java.util.stream.AbstractPipeline.evaluate(AbstractPipeline.java:234) ~[?:1.8.0_362]
	at java.util.stream.ReferencePipeline.forEach(ReferencePipeline.java:485) ~[?:1.8.0_362]
	at org.junit.jupiter.engine.descriptor.TestTemplateTestDescriptor.execute(TestTemplateTestDescriptor.java:107) ~[junit-jupiter-engine-5.8.2.jar:5.8.2]
	at org.junit.jupiter.engine.descriptor.TestTemplateTestDescriptor.execute(TestTemplateTestDescriptor.java:42) ~[junit-jupiter-engine-5.8.2.jar:5.8.2]
	at org.junit.platform.engine.support.hierarchical.NodeTestTask.lambda$executeRecursively$6(NodeTestTask.java:151) ~[junit-platform-engine-1.8.2.jar:1.8.2]
	at org.junit.platform.engine.support.hierarchical.ThrowableCollector.execute(ThrowableCollector.java:73) ~[junit-platform-engine-1.8.2.jar:1.8.2]
	at org.junit.platform.engine.support.hierarchical.NodeTestTask.lambda$executeRecursively$8(NodeTestTask.java:141) ~[junit-platform-engine-1.8.2.jar:1.8.2]
	at org.junit.platform.engine.support.hierarchical.Node.around(Node.java:137) ~[junit-platform-engine-1.8.2.jar:1.8.2]
	at org.junit.platform.engine.support.hierarchical.NodeTestTask.lambda$executeRecursively$9(NodeTestTask.java:139) ~[junit-platform-engine-1.8.2.jar:1.8.2]
	at org.junit.platform.engine.support.hierarchical.ThrowableCollector.execute(ThrowableCollector.java:73) ~[junit-platform-engine-1.8.2.jar:1.8.2]
	at org.junit.platform.engine.support.hierarchical.NodeTestTask.executeRecursively(NodeTestTask.java:138) ~[junit-platform-engine-1.8.2.jar:1.8.2]
	at org.junit.platform.engine.support.hierarchical.NodeTestTask.execute(NodeTestTask.java:95) ~[junit-platform-engine-1.8.2.jar:1.8.2]
	at java.util.ArrayList.forEach(ArrayList.java:1259) ~[?:1.8.0_362]
	at org.junit.platform.engine.support.hierarchical.SameThreadHierarchicalTestExecutorService.invokeAll(SameThreadHierarchicalTestExecutorService.java:41) ~[junit-platform-engine-1.8.2.jar:1.8.2]
	at org.junit.platform.engine.support.hierarchical.NodeTestTask.lambda$executeRecursively$6(NodeTestTask.java:155) ~[junit-platform-engine-1.8.2.jar:1.8.2]
	at org.junit.platform.engine.support.hierarchical.ThrowableCollector.execute(ThrowableCollector.java:73) ~[junit-platform-engine-1.8.2.jar:1.8.2]
	at org.junit.platform.engine.support.hierarchical.NodeTestTask.lambda$executeRecursively$8(NodeTestTask.java:141) ~[junit-platform-engine-1.8.2.jar:1.8.2]
	at org.junit.platform.engine.support.hierarchical.Node.around(Node.java:137) ~[junit-platform-engine-1.8.2.jar:1.8.2]
	at org.junit.platform.engine.support.hierarchical.NodeTestTask.lambda$executeRecursively$9(NodeTestTask.java:139) ~[junit-platform-engine-1.8.2.jar:1.8.2]
	at org.junit.platform.engine.support.hierarchical.ThrowableCollector.execute(ThrowableCollector.java:73) ~[junit-platform-engine-1.8.2.jar:1.8.2]
	at org.junit.platform.engine.support.hierarchical.NodeTestTask.executeRecursively(NodeTestTask.java:138) ~[junit-platform-engine-1.8.2.jar:1.8.2]
	at org.junit.platform.engine.support.hierarchical.NodeTestTask.execute(NodeTestTask.java:95) ~[junit-platform-engine-1.8.2.jar:1.8.2]
	at java.util.ArrayList.forEach(ArrayList.java:1259) ~[?:1.8.0_362]
	at org.junit.platform.engine.support.hierarchical.SameThreadHierarchicalTestExecutorService.invokeAll(SameThreadHierarchicalTestExecutorService.java:41) ~[junit-platform-engine-1.8.2.jar:1.8.2]
	at org.junit.platform.engine.support.hierarchical.NodeTestTask.lambda$executeRecursively$6(NodeTestTask.java:155) ~[junit-platform-engine-1.8.2.jar:1.8.2]
	at org.junit.platform.engine.support.hierarchical.ThrowableCollector.execute(ThrowableCollector.java:73) ~[junit-platform-engine-1.8.2.jar:1.8.2]
	at org.junit.platform.engine.support.hierarchical.NodeTestTask.lambda$executeRecursively$8(NodeTestTask.java:141) ~[junit-platform-engine-1.8.2.jar:1.8.2]
	at org.junit.platform.engine.support.hierarchical.Node.around(Node.java:137) ~[junit-platform-engine-1.8.2.jar:1.8.2]
	at org.junit.platform.engine.support.hierarchical.NodeTestTask.lambda$executeRecursively$9(NodeTestTask.java:139) ~[junit-platform-engine-1.8.2.jar:1.8.2]
	at org.junit.platform.engine.support.hierarchical.ThrowableCollector.execute(ThrowableCollector.java:73) ~[junit-platform-engine-1.8.2.jar:1.8.2]
	at org.junit.platform.engine.support.hierarchical.NodeTestTask.executeRecursively(NodeTestTask.java:138) ~[junit-platform-engine-1.8.2.jar:1.8.2]
	at org.junit.platform.engine.support.hierarchical.NodeTestTask.execute(NodeTestTask.java:95) ~[junit-platform-engine-1.8.2.jar:1.8.2]
	at org.junit.platform.engine.support.hierarchical.SameThreadHierarchicalTestExecutorService.submit(SameThreadHierarchicalTestExecutorService.java:35) ~[junit-platform-engine-1.8.2.jar:1.8.2]
	at org.junit.platform.engine.support.hierarchical.HierarchicalTestExecutor.execute(HierarchicalTestExecutor.java:57) ~[junit-platform-engine-1.8.2.jar:1.8.2]
	at org.junit.platform.engine.support.hierarchical.HierarchicalTestEngine.execute(HierarchicalTestEngine.java:54) ~[junit-platform-engine-1.8.2.jar:1.8.2]
	at org.junit.platform.launcher.core.EngineExecutionOrchestrator.execute(EngineExecutionOrchestrator.java:107) ~[junit-platform-launcher-1.8.2.jar:1.8.2]
	at org.junit.platform.launcher.core.EngineExecutionOrchestrator.execute(EngineExecutionOrchestrator.java:88) ~[junit-platform-launcher-1.8.2.jar:1.8.2]
	at org.junit.platform.launcher.core.EngineExecutionOrchestrator.lambda$execute$0(EngineExecutionOrchestrator.java:54) ~[junit-platform-launcher-1.8.2.jar:1.8.2]
	at org.junit.platform.launcher.core.EngineExecutionOrchestrator.withInterceptedStreams(EngineExecutionOrchestrator.java:67) [junit-platform-launcher-1.8.2.jar:1.8.2]
	at org.junit.platform.launcher.core.EngineExecutionOrchestrator.execute(EngineExecutionOrchestrator.java:52) [junit-platform-launcher-1.8.2.jar:1.8.2]
	at org.junit.platform.launcher.core.DefaultLauncher.execute(DefaultLauncher.java:114) [junit-platform-launcher-1.8.2.jar:1.8.2]
	at org.junit.platform.launcher.core.DefaultLauncher.execute(DefaultLauncher.java:86) [junit-platform-launcher-1.8.2.jar:1.8.2]
	at org.junit.platform.launcher.core.DefaultLauncherSession$DelegatingLauncher.execute(DefaultLauncherSession.java:86) [junit-platform-launcher-1.8.2.jar:1.8.2]
	at org.junit.platform.launcher.core.SessionPerRequestLauncher.execute(SessionPerRequestLauncher.java:53) [junit-platform-launcher-1.8.2.jar:1.8.2]
	at org.apache.maven.surefire.junitplatform.JUnitPlatformProvider.execute(JUnitPlatformProvider.java:188) [surefire-junit-platform-3.0.0-M5.jar:3.0.0-M5]
	at org.apache.maven.surefire.junitplatform.JUnitPlatformProvider.invokeAllTests(JUnitPlatformProvider.java:154) [surefire-junit-platform-3.0.0-M5.jar:3.0.0-M5]
	at org.apache.maven.surefire.junitplatform.JUnitPlatformProvider.invoke(JUnitPlatformProvider.java:124) [surefire-junit-platform-3.0.0-M5.jar:3.0.0-M5]
	at org.apache.maven.surefire.booter.ForkedBooter.runSuitesInProcess(ForkedBooter.java:428) [surefire-booter-3.0.0-M5.jar:3.0.0-M5]
	at org.apache.maven.surefire.booter.ForkedBooter.execute(ForkedBooter.java:162) [surefire-booter-3.0.0-M5.jar:3.0.0-M5]
	at org.apache.maven.surefire.booter.ForkedBooter.run(ForkedBooter.java:562) [surefire-booter-3.0.0-M5.jar:3.0.0-M5]
	at org.apache.maven.surefire.booter.ForkedBooter.main(ForkedBooter.java:548) [surefire-booter-3.0.0-M5.jar:3.0.0-M5]
]]></system-out>
  </testcase>
  <testcase name="testListStatusWithNotAllowedUser(BucketLayout, boolean, boolean)[3]" classname="org.apache.hadoop.ozone.om.snapshot.TestOzoneManagerSnapshotAcl" time="1.107">
    <system-out><![CDATA[2023-03-16 19:31:56,693 [Listener at 127.0.0.1/32993] INFO  rpc.RpcClient (RpcClient.java:createVolume(476)) - Creating Volume: volume-90002, with admin as owner and space quota set to -1 bytes, counts quota set to -1
2023-03-16 19:31:56,695 [OM StateMachine ApplyTransaction Thread - 0] INFO  volume.OMVolumeCreateRequest (OMVolumeCreateRequest.java:validateAndUpdateCache(195)) - created volume:volume-90002 for user:admin
2023-03-16 19:31:56,698 [Listener at 127.0.0.1/32993] INFO  rpc.RpcClient (RpcClient.java:createBucket(698)) - Creating Bucket: volume-90002/bucket-63513, with bucket layout LEGACY, admin as owner, Versioning false, Storage Type set to DISK and Encryption set to false, Replication Type set to server-side default replication type, Namespace Quota set to -1, Space Quota set to -1 
2023-03-16 19:31:56,700 [OM StateMachine ApplyTransaction Thread - 0] INFO  bucket.OMBucketCreateRequest (OMBucketCreateRequest.java:validateAndUpdateCache(263)) - created bucket: bucket-63513 of layout LEGACY in volume: volume-90002
2023-03-16 19:31:56,739 [OM StateMachine ApplyTransaction Thread - 0] INFO  snapshot.OMSnapshotCreateRequest (OMSnapshotCreateRequest.java:validateAndUpdateCache(204)) - Created snapshot 'snapshot-30016' under path 'volume-90002/bucket-63513'
2023-03-16 19:31:56,763 [OMDoubleBufferFlushThread] INFO  db.RDBCheckpointManager (RDBCheckpointManager.java:createCheckpoint(96)) - Created checkpoint in rocksDB at /home/runner/work/ozone/ozone/hadoop-ozone/integration-test/target/test-dir/MiniOzoneClusterImpl-7c80c19b-b74a-4fd6-b02a-95a373f15db1/omNode-1/db.snapshots/om.db-5d8c662f-af12-4733-8ae1-9a2a34932173 in 23 milliseconds
2023-03-16 19:31:56,764 [OMDoubleBufferFlushThread] INFO  db.RDBCheckpointManager (RDBCheckpointManager.java:waitForCheckpointDirectoryExist(125)) - Waited for 1 milliseconds for checkpoint directory /home/runner/work/ozone/ozone/hadoop-ozone/integration-test/target/test-dir/MiniOzoneClusterImpl-7c80c19b-b74a-4fd6-b02a-95a373f15db1/omNode-1/db.snapshots/om.db-5d8c662f-af12-4733-8ae1-9a2a34932173 availability.
2023-03-16 19:31:56,764 [OMDoubleBufferFlushThread] INFO  om.OmSnapshotManager (OmSnapshotManager.java:createOmSnapshotCheckpoint(269)) - Created checkpoint : /home/runner/work/ozone/ozone/hadoop-ozone/integration-test/target/test-dir/MiniOzoneClusterImpl-7c80c19b-b74a-4fd6-b02a-95a373f15db1/omNode-1/db.snapshots/om.db-5d8c662f-af12-4733-8ae1-9a2a34932173 for snapshot snapshot-30016
2023-03-16 19:31:57,746 [Listener at 127.0.0.1/32993] WARN  server.ServerUtils (ServerUtils.java:getDBPath(225)) - ozone.om.db.dirs is not configured. We recommend adding this setting. Falling back to ozone.metadata.dirs instead.
2023-03-16 19:31:57,747 [Listener at 127.0.0.1/32993] INFO  codec.OmKeyInfoCodec (OmKeyInfoCodec.java:<init>(49)) - OmKeyInfoCodec ignorePipeline = true
2023-03-16 19:31:57,747 [Listener at 127.0.0.1/32993] INFO  codec.RepeatedOmKeyInfoCodec (RepeatedOmKeyInfoCodec.java:<init>(41)) - RepeatedOmKeyInfoCodec ignorePipeline = true
2023-03-16 19:31:57,783 [Listener at 127.0.0.1/32993] WARN  om.OmSnapshot (OmMetadataReader.java:checkAcls(497)) - User user2 doesn't have READ permission to access key Volume:volume-90002 Bucket:bucket-63513 Key:key-97386
19:31:57.784 [Listener at 127.0.0.1/32993] ERROR OMAudit - user=null | ip=null | op=LIST_STATUS {volume=volume-90002, bucket=bucket-63513, key=key-97386, dataSize=0, replicationConfig=null} | ret=FAILURE
org.apache.hadoop.ozone.om.exceptions.OMException: User user2 doesn't have READ permission to access key Volume:volume-90002 Bucket:bucket-63513 Key:key-97386
	at org.apache.hadoop.ozone.om.OmMetadataReader.checkAcls(OmMetadataReader.java:500) ~[ozone-manager-1.4.0-SNAPSHOT.jar:?]
	at org.apache.hadoop.ozone.om.OmMetadataReader.checkAcls(OmMetadataReader.java:475) ~[ozone-manager-1.4.0-SNAPSHOT.jar:?]
	at org.apache.hadoop.ozone.om.OzoneAclUtils.checkAllAcls(OzoneAclUtils.java:129) ~[ozone-manager-1.4.0-SNAPSHOT.jar:?]
	at org.apache.hadoop.ozone.om.OmMetadataReader.checkAcls(OmMetadataReader.java:437) ~[ozone-manager-1.4.0-SNAPSHOT.jar:?]
	at org.apache.hadoop.ozone.om.OmMetadataReader.listStatus(OmMetadataReader.java:257) ~[ozone-manager-1.4.0-SNAPSHOT.jar:?]
	at org.apache.hadoop.ozone.om.OmSnapshot.listStatus(OmSnapshot.java:108) ~[ozone-manager-1.4.0-SNAPSHOT.jar:?]
	at org.apache.hadoop.ozone.om.OzoneManager.listStatus(OzoneManager.java:3513) ~[ozone-manager-1.4.0-SNAPSHOT.jar:?]
	at org.apache.hadoop.ozone.om.snapshot.TestOzoneManagerSnapshotAcl.lambda$testListStatusWithNotAllowedUser$7(TestOzoneManagerSnapshotAcl.java:262) ~[test-classes/:?]
	at org.junit.jupiter.api.AssertThrows.assertThrows(AssertThrows.java:55) ~[junit-jupiter-api-5.8.2.jar:5.8.2]
	at org.junit.jupiter.api.AssertThrows.assertThrows(AssertThrows.java:37) ~[junit-jupiter-api-5.8.2.jar:5.8.2]
	at org.junit.jupiter.api.Assertions.assertThrows(Assertions.java:3082) ~[junit-jupiter-api-5.8.2.jar:5.8.2]
	at org.apache.hadoop.ozone.om.snapshot.TestOzoneManagerSnapshotAcl.testListStatusWithNotAllowedUser(TestOzoneManagerSnapshotAcl.java:261) ~[test-classes/:?]
	at sun.reflect.NativeMethodAccessorImpl.invoke0(Native Method) ~[?:1.8.0_362]
	at sun.reflect.NativeMethodAccessorImpl.invoke(NativeMethodAccessorImpl.java:62) ~[?:1.8.0_362]
	at sun.reflect.DelegatingMethodAccessorImpl.invoke(DelegatingMethodAccessorImpl.java:43) ~[?:1.8.0_362]
	at java.lang.reflect.Method.invoke(Method.java:498) ~[?:1.8.0_362]
	at org.junit.platform.commons.util.ReflectionUtils.invokeMethod(ReflectionUtils.java:725) ~[junit-platform-commons-1.8.2.jar:1.8.2]
	at org.junit.jupiter.engine.execution.MethodInvocation.proceed(MethodInvocation.java:60) ~[junit-jupiter-engine-5.8.2.jar:5.8.2]
	at org.junit.jupiter.engine.execution.InvocationInterceptorChain$ValidatingInvocation.proceed(InvocationInterceptorChain.java:131) ~[junit-jupiter-engine-5.8.2.jar:5.8.2]
	at org.junit.jupiter.engine.extension.TimeoutInvocation.proceed(TimeoutInvocation.java:46) ~[junit-jupiter-engine-5.8.2.jar:5.8.2]
	at org.junit.jupiter.engine.extension.TimeoutExtension.intercept(TimeoutExtension.java:149) ~[junit-jupiter-engine-5.8.2.jar:5.8.2]
	at org.junit.jupiter.engine.extension.TimeoutExtension.interceptTestableMethod(TimeoutExtension.java:140) ~[junit-jupiter-engine-5.8.2.jar:5.8.2]
	at org.junit.jupiter.engine.extension.TimeoutExtension.interceptTestTemplateMethod(TimeoutExtension.java:92) ~[junit-jupiter-engine-5.8.2.jar:5.8.2]
	at org.junit.jupiter.engine.execution.ExecutableInvoker$ReflectiveInterceptorCall.lambda$ofVoidMethod$0(ExecutableInvoker.java:115) ~[junit-jupiter-engine-5.8.2.jar:5.8.2]
	at org.junit.jupiter.engine.execution.ExecutableInvoker.lambda$invoke$0(ExecutableInvoker.java:105) ~[junit-jupiter-engine-5.8.2.jar:5.8.2]
	at org.junit.jupiter.engine.execution.InvocationInterceptorChain$InterceptedInvocation.proceed(InvocationInterceptorChain.java:106) ~[junit-jupiter-engine-5.8.2.jar:5.8.2]
	at org.junit.jupiter.engine.execution.InvocationInterceptorChain.proceed(InvocationInterceptorChain.java:64) ~[junit-jupiter-engine-5.8.2.jar:5.8.2]
	at org.junit.jupiter.engine.execution.InvocationInterceptorChain.chainAndInvoke(InvocationInterceptorChain.java:45) ~[junit-jupiter-engine-5.8.2.jar:5.8.2]
	at org.junit.jupiter.engine.execution.InvocationInterceptorChain.invoke(InvocationInterceptorChain.java:37) ~[junit-jupiter-engine-5.8.2.jar:5.8.2]
	at org.junit.jupiter.engine.execution.ExecutableInvoker.invoke(ExecutableInvoker.java:104) ~[junit-jupiter-engine-5.8.2.jar:5.8.2]
	at org.junit.jupiter.engine.execution.ExecutableInvoker.invoke(ExecutableInvoker.java:98) ~[junit-jupiter-engine-5.8.2.jar:5.8.2]
	at org.junit.jupiter.engine.descriptor.TestMethodTestDescriptor.lambda$invokeTestMethod$7(TestMethodTestDescriptor.java:214) ~[junit-jupiter-engine-5.8.2.jar:5.8.2]
	at org.junit.platform.engine.support.hierarchical.ThrowableCollector.execute(ThrowableCollector.java:73) ~[junit-platform-engine-1.8.2.jar:1.8.2]
	at org.junit.jupiter.engine.descriptor.TestMethodTestDescriptor.invokeTestMethod(TestMethodTestDescriptor.java:210) ~[junit-jupiter-engine-5.8.2.jar:5.8.2]
	at org.junit.jupiter.engine.descriptor.TestMethodTestDescriptor.execute(TestMethodTestDescriptor.java:135) ~[junit-jupiter-engine-5.8.2.jar:5.8.2]
	at org.junit.jupiter.engine.descriptor.TestMethodTestDescriptor.execute(TestMethodTestDescriptor.java:66) ~[junit-jupiter-engine-5.8.2.jar:5.8.2]
	at org.junit.platform.engine.support.hierarchical.NodeTestTask.lambda$executeRecursively$6(NodeTestTask.java:151) ~[junit-platform-engine-1.8.2.jar:1.8.2]
	at org.junit.platform.engine.support.hierarchical.ThrowableCollector.execute(ThrowableCollector.java:73) ~[junit-platform-engine-1.8.2.jar:1.8.2]
	at org.junit.platform.engine.support.hierarchical.NodeTestTask.lambda$executeRecursively$8(NodeTestTask.java:141) ~[junit-platform-engine-1.8.2.jar:1.8.2]
	at org.junit.platform.engine.support.hierarchical.Node.around(Node.java:137) ~[junit-platform-engine-1.8.2.jar:1.8.2]
	at org.junit.platform.engine.support.hierarchical.NodeTestTask.lambda$executeRecursively$9(NodeTestTask.java:139) ~[junit-platform-engine-1.8.2.jar:1.8.2]
	at org.junit.platform.engine.support.hierarchical.ThrowableCollector.execute(ThrowableCollector.java:73) ~[junit-platform-engine-1.8.2.jar:1.8.2]
	at org.junit.platform.engine.support.hierarchical.NodeTestTask.executeRecursively(NodeTestTask.java:138) ~[junit-platform-engine-1.8.2.jar:1.8.2]
	at org.junit.platform.engine.support.hierarchical.NodeTestTask.execute(NodeTestTask.java:95) ~[junit-platform-engine-1.8.2.jar:1.8.2]
	at org.junit.platform.engine.support.hierarchical.SameThreadHierarchicalTestExecutorService.submit(SameThreadHierarchicalTestExecutorService.java:35) ~[junit-platform-engine-1.8.2.jar:1.8.2]
	at org.junit.platform.engine.support.hierarchical.NodeTestTask$DefaultDynamicTestExecutor.execute(NodeTestTask.java:226) ~[junit-platform-engine-1.8.2.jar:1.8.2]
	at org.junit.platform.engine.support.hierarchical.NodeTestTask$DefaultDynamicTestExecutor.execute(NodeTestTask.java:204) ~[junit-platform-engine-1.8.2.jar:1.8.2]
	at org.junit.jupiter.engine.descriptor.TestTemplateTestDescriptor.execute(TestTemplateTestDescriptor.java:139) ~[junit-jupiter-engine-5.8.2.jar:5.8.2]
	at org.junit.jupiter.engine.descriptor.TestTemplateTestDescriptor.lambda$execute$2(TestTemplateTestDescriptor.java:107) ~[junit-jupiter-engine-5.8.2.jar:5.8.2]
	at java.util.stream.ForEachOps$ForEachOp$OfRef.accept(ForEachOps.java:183) ~[?:1.8.0_362]
	at java.util.stream.ReferencePipeline$3$1.accept(ReferencePipeline.java:193) ~[?:1.8.0_362]
	at java.util.stream.ReferencePipeline$2$1.accept(ReferencePipeline.java:175) ~[?:1.8.0_362]
	at java.util.stream.ReferencePipeline$3$1.accept(ReferencePipeline.java:193) ~[?:1.8.0_362]
	at java.util.stream.ForEachOps$ForEachOp$OfRef.accept(ForEachOps.java:183) ~[?:1.8.0_362]
	at java.util.stream.ReferencePipeline$3$1.accept(ReferencePipeline.java:193) ~[?:1.8.0_362]
	at java.util.stream.ReferencePipeline$3$1.accept(ReferencePipeline.java:193) ~[?:1.8.0_362]
	at java.util.stream.ReferencePipeline$3$1.accept(ReferencePipeline.java:193) ~[?:1.8.0_362]
	at java.util.stream.ForEachOps$ForEachOp$OfRef.accept(ForEachOps.java:183) ~[?:1.8.0_362]
	at java.util.stream.ReferencePipeline$3$1.accept(ReferencePipeline.java:193) ~[?:1.8.0_362]
	at java.util.Spliterators$ArraySpliterator.forEachRemaining(Spliterators.java:948) ~[?:1.8.0_362]
	at java.util.stream.ReferencePipeline$Head.forEach(ReferencePipeline.java:647) ~[?:1.8.0_362]
	at java.util.stream.ReferencePipeline$7$1.accept(ReferencePipeline.java:272) ~[?:1.8.0_362]
	at java.util.stream.ReferencePipeline$3$1.accept(ReferencePipeline.java:193) ~[?:1.8.0_362]
	at java.util.stream.ReferencePipeline$3$1.accept(ReferencePipeline.java:193) ~[?:1.8.0_362]
	at java.util.Spliterators$ArraySpliterator.forEachRemaining(Spliterators.java:948) ~[?:1.8.0_362]
	at java.util.stream.AbstractPipeline.copyInto(AbstractPipeline.java:482) ~[?:1.8.0_362]
	at java.util.stream.AbstractPipeline.wrapAndCopyInto(AbstractPipeline.java:472) ~[?:1.8.0_362]
	at java.util.stream.ForEachOps$ForEachOp.evaluateSequential(ForEachOps.java:150) ~[?:1.8.0_362]
	at java.util.stream.ForEachOps$ForEachOp$OfRef.evaluateSequential(ForEachOps.java:173) ~[?:1.8.0_362]
	at java.util.stream.AbstractPipeline.evaluate(AbstractPipeline.java:234) ~[?:1.8.0_362]
	at java.util.stream.ReferencePipeline.forEach(ReferencePipeline.java:485) ~[?:1.8.0_362]
	at java.util.stream.ReferencePipeline$7$1.accept(ReferencePipeline.java:272) ~[?:1.8.0_362]
	at java.util.stream.ReferencePipeline$3$1.accept(ReferencePipeline.java:193) ~[?:1.8.0_362]
	at java.util.stream.ReferencePipeline$3$1.accept(ReferencePipeline.java:193) ~[?:1.8.0_362]
	at java.util.stream.ReferencePipeline$3$1.accept(ReferencePipeline.java:193) ~[?:1.8.0_362]
	at java.util.ArrayList$ArrayListSpliterator.forEachRemaining(ArrayList.java:1384) ~[?:1.8.0_362]
	at java.util.stream.AbstractPipeline.copyInto(AbstractPipeline.java:482) ~[?:1.8.0_362]
	at java.util.stream.AbstractPipeline.wrapAndCopyInto(AbstractPipeline.java:472) ~[?:1.8.0_362]
	at java.util.stream.ForEachOps$ForEachOp.evaluateSequential(ForEachOps.java:150) ~[?:1.8.0_362]
	at java.util.stream.ForEachOps$ForEachOp$OfRef.evaluateSequential(ForEachOps.java:173) ~[?:1.8.0_362]
	at java.util.stream.AbstractPipeline.evaluate(AbstractPipeline.java:234) ~[?:1.8.0_362]
	at java.util.stream.ReferencePipeline.forEach(ReferencePipeline.java:485) ~[?:1.8.0_362]
	at java.util.stream.ReferencePipeline$7$1.accept(ReferencePipeline.java:272) ~[?:1.8.0_362]
	at java.util.ArrayList$ArrayListSpliterator.forEachRemaining(ArrayList.java:1384) ~[?:1.8.0_362]
	at java.util.stream.AbstractPipeline.copyInto(AbstractPipeline.java:482) ~[?:1.8.0_362]
	at java.util.stream.AbstractPipeline.wrapAndCopyInto(AbstractPipeline.java:472) ~[?:1.8.0_362]
	at java.util.stream.ForEachOps$ForEachOp.evaluateSequential(ForEachOps.java:150) ~[?:1.8.0_362]
	at java.util.stream.ForEachOps$ForEachOp$OfRef.evaluateSequential(ForEachOps.java:173) ~[?:1.8.0_362]
	at java.util.stream.AbstractPipeline.evaluate(AbstractPipeline.java:234) ~[?:1.8.0_362]
	at java.util.stream.ReferencePipeline.forEach(ReferencePipeline.java:485) ~[?:1.8.0_362]
	at org.junit.jupiter.engine.descriptor.TestTemplateTestDescriptor.execute(TestTemplateTestDescriptor.java:107) ~[junit-jupiter-engine-5.8.2.jar:5.8.2]
	at org.junit.jupiter.engine.descriptor.TestTemplateTestDescriptor.execute(TestTemplateTestDescriptor.java:42) ~[junit-jupiter-engine-5.8.2.jar:5.8.2]
	at org.junit.platform.engine.support.hierarchical.NodeTestTask.lambda$executeRecursively$6(NodeTestTask.java:151) ~[junit-platform-engine-1.8.2.jar:1.8.2]
	at org.junit.platform.engine.support.hierarchical.ThrowableCollector.execute(ThrowableCollector.java:73) ~[junit-platform-engine-1.8.2.jar:1.8.2]
	at org.junit.platform.engine.support.hierarchical.NodeTestTask.lambda$executeRecursively$8(NodeTestTask.java:141) ~[junit-platform-engine-1.8.2.jar:1.8.2]
	at org.junit.platform.engine.support.hierarchical.Node.around(Node.java:137) ~[junit-platform-engine-1.8.2.jar:1.8.2]
	at org.junit.platform.engine.support.hierarchical.NodeTestTask.lambda$executeRecursively$9(NodeTestTask.java:139) ~[junit-platform-engine-1.8.2.jar:1.8.2]
	at org.junit.platform.engine.support.hierarchical.ThrowableCollector.execute(ThrowableCollector.java:73) ~[junit-platform-engine-1.8.2.jar:1.8.2]
	at org.junit.platform.engine.support.hierarchical.NodeTestTask.executeRecursively(NodeTestTask.java:138) ~[junit-platform-engine-1.8.2.jar:1.8.2]
	at org.junit.platform.engine.support.hierarchical.NodeTestTask.execute(NodeTestTask.java:95) ~[junit-platform-engine-1.8.2.jar:1.8.2]
	at java.util.ArrayList.forEach(ArrayList.java:1259) ~[?:1.8.0_362]
	at org.junit.platform.engine.support.hierarchical.SameThreadHierarchicalTestExecutorService.invokeAll(SameThreadHierarchicalTestExecutorService.java:41) ~[junit-platform-engine-1.8.2.jar:1.8.2]
	at org.junit.platform.engine.support.hierarchical.NodeTestTask.lambda$executeRecursively$6(NodeTestTask.java:155) ~[junit-platform-engine-1.8.2.jar:1.8.2]
	at org.junit.platform.engine.support.hierarchical.ThrowableCollector.execute(ThrowableCollector.java:73) ~[junit-platform-engine-1.8.2.jar:1.8.2]
	at org.junit.platform.engine.support.hierarchical.NodeTestTask.lambda$executeRecursively$8(NodeTestTask.java:141) ~[junit-platform-engine-1.8.2.jar:1.8.2]
	at org.junit.platform.engine.support.hierarchical.Node.around(Node.java:137) ~[junit-platform-engine-1.8.2.jar:1.8.2]
	at org.junit.platform.engine.support.hierarchical.NodeTestTask.lambda$executeRecursively$9(NodeTestTask.java:139) ~[junit-platform-engine-1.8.2.jar:1.8.2]
	at org.junit.platform.engine.support.hierarchical.ThrowableCollector.execute(ThrowableCollector.java:73) ~[junit-platform-engine-1.8.2.jar:1.8.2]
	at org.junit.platform.engine.support.hierarchical.NodeTestTask.executeRecursively(NodeTestTask.java:138) ~[junit-platform-engine-1.8.2.jar:1.8.2]
	at org.junit.platform.engine.support.hierarchical.NodeTestTask.execute(NodeTestTask.java:95) ~[junit-platform-engine-1.8.2.jar:1.8.2]
	at java.util.ArrayList.forEach(ArrayList.java:1259) ~[?:1.8.0_362]
	at org.junit.platform.engine.support.hierarchical.SameThreadHierarchicalTestExecutorService.invokeAll(SameThreadHierarchicalTestExecutorService.java:41) ~[junit-platform-engine-1.8.2.jar:1.8.2]
	at org.junit.platform.engine.support.hierarchical.NodeTestTask.lambda$executeRecursively$6(NodeTestTask.java:155) ~[junit-platform-engine-1.8.2.jar:1.8.2]
	at org.junit.platform.engine.support.hierarchical.ThrowableCollector.execute(ThrowableCollector.java:73) ~[junit-platform-engine-1.8.2.jar:1.8.2]
	at org.junit.platform.engine.support.hierarchical.NodeTestTask.lambda$executeRecursively$8(NodeTestTask.java:141) ~[junit-platform-engine-1.8.2.jar:1.8.2]
	at org.junit.platform.engine.support.hierarchical.Node.around(Node.java:137) ~[junit-platform-engine-1.8.2.jar:1.8.2]
	at org.junit.platform.engine.support.hierarchical.NodeTestTask.lambda$executeRecursively$9(NodeTestTask.java:139) ~[junit-platform-engine-1.8.2.jar:1.8.2]
	at org.junit.platform.engine.support.hierarchical.ThrowableCollector.execute(ThrowableCollector.java:73) ~[junit-platform-engine-1.8.2.jar:1.8.2]
	at org.junit.platform.engine.support.hierarchical.NodeTestTask.executeRecursively(NodeTestTask.java:138) ~[junit-platform-engine-1.8.2.jar:1.8.2]
	at org.junit.platform.engine.support.hierarchical.NodeTestTask.execute(NodeTestTask.java:95) ~[junit-platform-engine-1.8.2.jar:1.8.2]
	at org.junit.platform.engine.support.hierarchical.SameThreadHierarchicalTestExecutorService.submit(SameThreadHierarchicalTestExecutorService.java:35) ~[junit-platform-engine-1.8.2.jar:1.8.2]
	at org.junit.platform.engine.support.hierarchical.HierarchicalTestExecutor.execute(HierarchicalTestExecutor.java:57) ~[junit-platform-engine-1.8.2.jar:1.8.2]
	at org.junit.platform.engine.support.hierarchical.HierarchicalTestEngine.execute(HierarchicalTestEngine.java:54) ~[junit-platform-engine-1.8.2.jar:1.8.2]
	at org.junit.platform.launcher.core.EngineExecutionOrchestrator.execute(EngineExecutionOrchestrator.java:107) ~[junit-platform-launcher-1.8.2.jar:1.8.2]
	at org.junit.platform.launcher.core.EngineExecutionOrchestrator.execute(EngineExecutionOrchestrator.java:88) ~[junit-platform-launcher-1.8.2.jar:1.8.2]
	at org.junit.platform.launcher.core.EngineExecutionOrchestrator.lambda$execute$0(EngineExecutionOrchestrator.java:54) ~[junit-platform-launcher-1.8.2.jar:1.8.2]
	at org.junit.platform.launcher.core.EngineExecutionOrchestrator.withInterceptedStreams(EngineExecutionOrchestrator.java:67) [junit-platform-launcher-1.8.2.jar:1.8.2]
	at org.junit.platform.launcher.core.EngineExecutionOrchestrator.execute(EngineExecutionOrchestrator.java:52) [junit-platform-launcher-1.8.2.jar:1.8.2]
	at org.junit.platform.launcher.core.DefaultLauncher.execute(DefaultLauncher.java:114) [junit-platform-launcher-1.8.2.jar:1.8.2]
	at org.junit.platform.launcher.core.DefaultLauncher.execute(DefaultLauncher.java:86) [junit-platform-launcher-1.8.2.jar:1.8.2]
	at org.junit.platform.launcher.core.DefaultLauncherSession$DelegatingLauncher.execute(DefaultLauncherSession.java:86) [junit-platform-launcher-1.8.2.jar:1.8.2]
	at org.junit.platform.launcher.core.SessionPerRequestLauncher.execute(SessionPerRequestLauncher.java:53) [junit-platform-launcher-1.8.2.jar:1.8.2]
	at org.apache.maven.surefire.junitplatform.JUnitPlatformProvider.execute(JUnitPlatformProvider.java:188) [surefire-junit-platform-3.0.0-M5.jar:3.0.0-M5]
	at org.apache.maven.surefire.junitplatform.JUnitPlatformProvider.invokeAllTests(JUnitPlatformProvider.java:154) [surefire-junit-platform-3.0.0-M5.jar:3.0.0-M5]
	at org.apache.maven.surefire.junitplatform.JUnitPlatformProvider.invoke(JUnitPlatformProvider.java:124) [surefire-junit-platform-3.0.0-M5.jar:3.0.0-M5]
	at org.apache.maven.surefire.booter.ForkedBooter.runSuitesInProcess(ForkedBooter.java:428) [surefire-booter-3.0.0-M5.jar:3.0.0-M5]
	at org.apache.maven.surefire.booter.ForkedBooter.execute(ForkedBooter.java:162) [surefire-booter-3.0.0-M5.jar:3.0.0-M5]
	at org.apache.maven.surefire.booter.ForkedBooter.run(ForkedBooter.java:562) [surefire-booter-3.0.0-M5.jar:3.0.0-M5]
	at org.apache.maven.surefire.booter.ForkedBooter.main(ForkedBooter.java:548) [surefire-booter-3.0.0-M5.jar:3.0.0-M5]
]]></system-out>
  </testcase>
  <testcase name="testListStatusWithNotAllowedUser(BucketLayout, boolean, boolean)[4]" classname="org.apache.hadoop.ozone.om.snapshot.TestOzoneManagerSnapshotAcl" time="1.125">
    <system-out><![CDATA[2023-03-16 19:31:57,805 [Listener at 127.0.0.1/32993] INFO  rpc.RpcClient (RpcClient.java:createVolume(476)) - Creating Volume: volume-58507, with admin as owner and space quota set to -1 bytes, counts quota set to -1
2023-03-16 19:31:57,808 [OM StateMachine ApplyTransaction Thread - 0] INFO  volume.OMVolumeCreateRequest (OMVolumeCreateRequest.java:validateAndUpdateCache(195)) - created volume:volume-58507 for user:admin
2023-03-16 19:31:57,810 [Listener at 127.0.0.1/32993] INFO  rpc.RpcClient (RpcClient.java:createBucket(698)) - Creating Bucket: volume-58507/bucket-20414, with bucket layout OBJECT_STORE, admin as owner, Versioning false, Storage Type set to DISK and Encryption set to false, Replication Type set to server-side default replication type, Namespace Quota set to -1, Space Quota set to -1 
2023-03-16 19:31:57,812 [OM StateMachine ApplyTransaction Thread - 0] INFO  bucket.OMBucketCreateRequest (OMBucketCreateRequest.java:validateAndUpdateCache(263)) - created bucket: bucket-20414 of layout OBJECT_STORE in volume: volume-58507
2023-03-16 19:31:57,850 [OM StateMachine ApplyTransaction Thread - 0] INFO  snapshot.OMSnapshotCreateRequest (OMSnapshotCreateRequest.java:validateAndUpdateCache(204)) - Created snapshot 'snapshot-62075' under path 'volume-58507/bucket-20414'
2023-03-16 19:31:57,884 [OMDoubleBufferFlushThread] INFO  db.RDBCheckpointManager (RDBCheckpointManager.java:createCheckpoint(96)) - Created checkpoint in rocksDB at /home/runner/work/ozone/ozone/hadoop-ozone/integration-test/target/test-dir/MiniOzoneClusterImpl-7c80c19b-b74a-4fd6-b02a-95a373f15db1/omNode-1/db.snapshots/om.db-5b71ace7-f3e8-4629-84a1-3c20aecec9fe in 33 milliseconds
2023-03-16 19:31:57,885 [OMDoubleBufferFlushThread] INFO  db.RDBCheckpointManager (RDBCheckpointManager.java:waitForCheckpointDirectoryExist(125)) - Waited for 1 milliseconds for checkpoint directory /home/runner/work/ozone/ozone/hadoop-ozone/integration-test/target/test-dir/MiniOzoneClusterImpl-7c80c19b-b74a-4fd6-b02a-95a373f15db1/omNode-1/db.snapshots/om.db-5b71ace7-f3e8-4629-84a1-3c20aecec9fe availability.
2023-03-16 19:31:57,885 [OMDoubleBufferFlushThread] INFO  om.OmSnapshotManager (OmSnapshotManager.java:createOmSnapshotCheckpoint(269)) - Created checkpoint : /home/runner/work/ozone/ozone/hadoop-ozone/integration-test/target/test-dir/MiniOzoneClusterImpl-7c80c19b-b74a-4fd6-b02a-95a373f15db1/omNode-1/db.snapshots/om.db-5b71ace7-f3e8-4629-84a1-3c20aecec9fe for snapshot snapshot-62075
2023-03-16 19:31:58,857 [Listener at 127.0.0.1/32993] WARN  server.ServerUtils (ServerUtils.java:getDBPath(225)) - ozone.om.db.dirs is not configured. We recommend adding this setting. Falling back to ozone.metadata.dirs instead.
2023-03-16 19:31:58,858 [Listener at 127.0.0.1/32993] INFO  codec.OmKeyInfoCodec (OmKeyInfoCodec.java:<init>(49)) - OmKeyInfoCodec ignorePipeline = true
2023-03-16 19:31:58,858 [Listener at 127.0.0.1/32993] INFO  codec.RepeatedOmKeyInfoCodec (RepeatedOmKeyInfoCodec.java:<init>(41)) - RepeatedOmKeyInfoCodec ignorePipeline = true
2023-03-16 19:31:58,917 [Listener at 127.0.0.1/32993] WARN  om.OmSnapshot (OmMetadataReader.java:checkAcls(497)) - User user2 doesn't have READ permission to access key Volume:volume-58507 Bucket:bucket-20414 Key:key-11805
19:31:58.917 [Listener at 127.0.0.1/32993] ERROR OMAudit - user=null | ip=null | op=LIST_STATUS {volume=volume-58507, bucket=bucket-20414, key=key-11805, dataSize=0, replicationConfig=null} | ret=FAILURE
org.apache.hadoop.ozone.om.exceptions.OMException: User user2 doesn't have READ permission to access key Volume:volume-58507 Bucket:bucket-20414 Key:key-11805
	at org.apache.hadoop.ozone.om.OmMetadataReader.checkAcls(OmMetadataReader.java:500) ~[ozone-manager-1.4.0-SNAPSHOT.jar:?]
	at org.apache.hadoop.ozone.om.OmMetadataReader.checkAcls(OmMetadataReader.java:475) ~[ozone-manager-1.4.0-SNAPSHOT.jar:?]
	at org.apache.hadoop.ozone.om.OzoneAclUtils.checkAllAcls(OzoneAclUtils.java:129) ~[ozone-manager-1.4.0-SNAPSHOT.jar:?]
	at org.apache.hadoop.ozone.om.OmMetadataReader.checkAcls(OmMetadataReader.java:437) ~[ozone-manager-1.4.0-SNAPSHOT.jar:?]
	at org.apache.hadoop.ozone.om.OmMetadataReader.listStatus(OmMetadataReader.java:257) ~[ozone-manager-1.4.0-SNAPSHOT.jar:?]
	at org.apache.hadoop.ozone.om.OmSnapshot.listStatus(OmSnapshot.java:108) ~[ozone-manager-1.4.0-SNAPSHOT.jar:?]
	at org.apache.hadoop.ozone.om.OzoneManager.listStatus(OzoneManager.java:3513) ~[ozone-manager-1.4.0-SNAPSHOT.jar:?]
	at org.apache.hadoop.ozone.om.snapshot.TestOzoneManagerSnapshotAcl.lambda$testListStatusWithNotAllowedUser$7(TestOzoneManagerSnapshotAcl.java:262) ~[test-classes/:?]
	at org.junit.jupiter.api.AssertThrows.assertThrows(AssertThrows.java:55) ~[junit-jupiter-api-5.8.2.jar:5.8.2]
	at org.junit.jupiter.api.AssertThrows.assertThrows(AssertThrows.java:37) ~[junit-jupiter-api-5.8.2.jar:5.8.2]
	at org.junit.jupiter.api.Assertions.assertThrows(Assertions.java:3082) ~[junit-jupiter-api-5.8.2.jar:5.8.2]
	at org.apache.hadoop.ozone.om.snapshot.TestOzoneManagerSnapshotAcl.testListStatusWithNotAllowedUser(TestOzoneManagerSnapshotAcl.java:261) ~[test-classes/:?]
	at sun.reflect.NativeMethodAccessorImpl.invoke0(Native Method) ~[?:1.8.0_362]
	at sun.reflect.NativeMethodAccessorImpl.invoke(NativeMethodAccessorImpl.java:62) ~[?:1.8.0_362]
	at sun.reflect.DelegatingMethodAccessorImpl.invoke(DelegatingMethodAccessorImpl.java:43) ~[?:1.8.0_362]
	at java.lang.reflect.Method.invoke(Method.java:498) ~[?:1.8.0_362]
	at org.junit.platform.commons.util.ReflectionUtils.invokeMethod(ReflectionUtils.java:725) ~[junit-platform-commons-1.8.2.jar:1.8.2]
	at org.junit.jupiter.engine.execution.MethodInvocation.proceed(MethodInvocation.java:60) ~[junit-jupiter-engine-5.8.2.jar:5.8.2]
	at org.junit.jupiter.engine.execution.InvocationInterceptorChain$ValidatingInvocation.proceed(InvocationInterceptorChain.java:131) ~[junit-jupiter-engine-5.8.2.jar:5.8.2]
	at org.junit.jupiter.engine.extension.TimeoutInvocation.proceed(TimeoutInvocation.java:46) ~[junit-jupiter-engine-5.8.2.jar:5.8.2]
	at org.junit.jupiter.engine.extension.TimeoutExtension.intercept(TimeoutExtension.java:149) ~[junit-jupiter-engine-5.8.2.jar:5.8.2]
	at org.junit.jupiter.engine.extension.TimeoutExtension.interceptTestableMethod(TimeoutExtension.java:140) ~[junit-jupiter-engine-5.8.2.jar:5.8.2]
	at org.junit.jupiter.engine.extension.TimeoutExtension.interceptTestTemplateMethod(TimeoutExtension.java:92) ~[junit-jupiter-engine-5.8.2.jar:5.8.2]
	at org.junit.jupiter.engine.execution.ExecutableInvoker$ReflectiveInterceptorCall.lambda$ofVoidMethod$0(ExecutableInvoker.java:115) ~[junit-jupiter-engine-5.8.2.jar:5.8.2]
	at org.junit.jupiter.engine.execution.ExecutableInvoker.lambda$invoke$0(ExecutableInvoker.java:105) ~[junit-jupiter-engine-5.8.2.jar:5.8.2]
	at org.junit.jupiter.engine.execution.InvocationInterceptorChain$InterceptedInvocation.proceed(InvocationInterceptorChain.java:106) ~[junit-jupiter-engine-5.8.2.jar:5.8.2]
	at org.junit.jupiter.engine.execution.InvocationInterceptorChain.proceed(InvocationInterceptorChain.java:64) ~[junit-jupiter-engine-5.8.2.jar:5.8.2]
	at org.junit.jupiter.engine.execution.InvocationInterceptorChain.chainAndInvoke(InvocationInterceptorChain.java:45) ~[junit-jupiter-engine-5.8.2.jar:5.8.2]
	at org.junit.jupiter.engine.execution.InvocationInterceptorChain.invoke(InvocationInterceptorChain.java:37) ~[junit-jupiter-engine-5.8.2.jar:5.8.2]
	at org.junit.jupiter.engine.execution.ExecutableInvoker.invoke(ExecutableInvoker.java:104) ~[junit-jupiter-engine-5.8.2.jar:5.8.2]
	at org.junit.jupiter.engine.execution.ExecutableInvoker.invoke(ExecutableInvoker.java:98) ~[junit-jupiter-engine-5.8.2.jar:5.8.2]
	at org.junit.jupiter.engine.descriptor.TestMethodTestDescriptor.lambda$invokeTestMethod$7(TestMethodTestDescriptor.java:214) ~[junit-jupiter-engine-5.8.2.jar:5.8.2]
	at org.junit.platform.engine.support.hierarchical.ThrowableCollector.execute(ThrowableCollector.java:73) ~[junit-platform-engine-1.8.2.jar:1.8.2]
	at org.junit.jupiter.engine.descriptor.TestMethodTestDescriptor.invokeTestMethod(TestMethodTestDescriptor.java:210) ~[junit-jupiter-engine-5.8.2.jar:5.8.2]
	at org.junit.jupiter.engine.descriptor.TestMethodTestDescriptor.execute(TestMethodTestDescriptor.java:135) ~[junit-jupiter-engine-5.8.2.jar:5.8.2]
	at org.junit.jupiter.engine.descriptor.TestMethodTestDescriptor.execute(TestMethodTestDescriptor.java:66) ~[junit-jupiter-engine-5.8.2.jar:5.8.2]
	at org.junit.platform.engine.support.hierarchical.NodeTestTask.lambda$executeRecursively$6(NodeTestTask.java:151) ~[junit-platform-engine-1.8.2.jar:1.8.2]
	at org.junit.platform.engine.support.hierarchical.ThrowableCollector.execute(ThrowableCollector.java:73) ~[junit-platform-engine-1.8.2.jar:1.8.2]
	at org.junit.platform.engine.support.hierarchical.NodeTestTask.lambda$executeRecursively$8(NodeTestTask.java:141) ~[junit-platform-engine-1.8.2.jar:1.8.2]
	at org.junit.platform.engine.support.hierarchical.Node.around(Node.java:137) ~[junit-platform-engine-1.8.2.jar:1.8.2]
	at org.junit.platform.engine.support.hierarchical.NodeTestTask.lambda$executeRecursively$9(NodeTestTask.java:139) ~[junit-platform-engine-1.8.2.jar:1.8.2]
	at org.junit.platform.engine.support.hierarchical.ThrowableCollector.execute(ThrowableCollector.java:73) ~[junit-platform-engine-1.8.2.jar:1.8.2]
	at org.junit.platform.engine.support.hierarchical.NodeTestTask.executeRecursively(NodeTestTask.java:138) ~[junit-platform-engine-1.8.2.jar:1.8.2]
	at org.junit.platform.engine.support.hierarchical.NodeTestTask.execute(NodeTestTask.java:95) ~[junit-platform-engine-1.8.2.jar:1.8.2]
	at org.junit.platform.engine.support.hierarchical.SameThreadHierarchicalTestExecutorService.submit(SameThreadHierarchicalTestExecutorService.java:35) ~[junit-platform-engine-1.8.2.jar:1.8.2]
	at org.junit.platform.engine.support.hierarchical.NodeTestTask$DefaultDynamicTestExecutor.execute(NodeTestTask.java:226) ~[junit-platform-engine-1.8.2.jar:1.8.2]
	at org.junit.platform.engine.support.hierarchical.NodeTestTask$DefaultDynamicTestExecutor.execute(NodeTestTask.java:204) ~[junit-platform-engine-1.8.2.jar:1.8.2]
	at org.junit.jupiter.engine.descriptor.TestTemplateTestDescriptor.execute(TestTemplateTestDescriptor.java:139) ~[junit-jupiter-engine-5.8.2.jar:5.8.2]
	at org.junit.jupiter.engine.descriptor.TestTemplateTestDescriptor.lambda$execute$2(TestTemplateTestDescriptor.java:107) ~[junit-jupiter-engine-5.8.2.jar:5.8.2]
	at java.util.stream.ForEachOps$ForEachOp$OfRef.accept(ForEachOps.java:183) ~[?:1.8.0_362]
	at java.util.stream.ReferencePipeline$3$1.accept(ReferencePipeline.java:193) ~[?:1.8.0_362]
	at java.util.stream.ReferencePipeline$2$1.accept(ReferencePipeline.java:175) ~[?:1.8.0_362]
	at java.util.stream.ReferencePipeline$3$1.accept(ReferencePipeline.java:193) ~[?:1.8.0_362]
	at java.util.stream.ForEachOps$ForEachOp$OfRef.accept(ForEachOps.java:183) ~[?:1.8.0_362]
	at java.util.stream.ReferencePipeline$3$1.accept(ReferencePipeline.java:193) ~[?:1.8.0_362]
	at java.util.stream.ReferencePipeline$3$1.accept(ReferencePipeline.java:193) ~[?:1.8.0_362]
	at java.util.stream.ReferencePipeline$3$1.accept(ReferencePipeline.java:193) ~[?:1.8.0_362]
	at java.util.stream.ForEachOps$ForEachOp$OfRef.accept(ForEachOps.java:183) ~[?:1.8.0_362]
	at java.util.stream.ReferencePipeline$3$1.accept(ReferencePipeline.java:193) ~[?:1.8.0_362]
	at java.util.Spliterators$ArraySpliterator.forEachRemaining(Spliterators.java:948) ~[?:1.8.0_362]
	at java.util.stream.ReferencePipeline$Head.forEach(ReferencePipeline.java:647) ~[?:1.8.0_362]
	at java.util.stream.ReferencePipeline$7$1.accept(ReferencePipeline.java:272) ~[?:1.8.0_362]
	at java.util.stream.ReferencePipeline$3$1.accept(ReferencePipeline.java:193) ~[?:1.8.0_362]
	at java.util.stream.ReferencePipeline$3$1.accept(ReferencePipeline.java:193) ~[?:1.8.0_362]
	at java.util.Spliterators$ArraySpliterator.forEachRemaining(Spliterators.java:948) ~[?:1.8.0_362]
	at java.util.stream.AbstractPipeline.copyInto(AbstractPipeline.java:482) ~[?:1.8.0_362]
	at java.util.stream.AbstractPipeline.wrapAndCopyInto(AbstractPipeline.java:472) ~[?:1.8.0_362]
	at java.util.stream.ForEachOps$ForEachOp.evaluateSequential(ForEachOps.java:150) ~[?:1.8.0_362]
	at java.util.stream.ForEachOps$ForEachOp$OfRef.evaluateSequential(ForEachOps.java:173) ~[?:1.8.0_362]
	at java.util.stream.AbstractPipeline.evaluate(AbstractPipeline.java:234) ~[?:1.8.0_362]
	at java.util.stream.ReferencePipeline.forEach(ReferencePipeline.java:485) ~[?:1.8.0_362]
	at java.util.stream.ReferencePipeline$7$1.accept(ReferencePipeline.java:272) ~[?:1.8.0_362]
	at java.util.stream.ReferencePipeline$3$1.accept(ReferencePipeline.java:193) ~[?:1.8.0_362]
	at java.util.stream.ReferencePipeline$3$1.accept(ReferencePipeline.java:193) ~[?:1.8.0_362]
	at java.util.stream.ReferencePipeline$3$1.accept(ReferencePipeline.java:193) ~[?:1.8.0_362]
	at java.util.ArrayList$ArrayListSpliterator.forEachRemaining(ArrayList.java:1384) ~[?:1.8.0_362]
	at java.util.stream.AbstractPipeline.copyInto(AbstractPipeline.java:482) ~[?:1.8.0_362]
	at java.util.stream.AbstractPipeline.wrapAndCopyInto(AbstractPipeline.java:472) ~[?:1.8.0_362]
	at java.util.stream.ForEachOps$ForEachOp.evaluateSequential(ForEachOps.java:150) ~[?:1.8.0_362]
	at java.util.stream.ForEachOps$ForEachOp$OfRef.evaluateSequential(ForEachOps.java:173) ~[?:1.8.0_362]
	at java.util.stream.AbstractPipeline.evaluate(AbstractPipeline.java:234) ~[?:1.8.0_362]
	at java.util.stream.ReferencePipeline.forEach(ReferencePipeline.java:485) ~[?:1.8.0_362]
	at java.util.stream.ReferencePipeline$7$1.accept(ReferencePipeline.java:272) ~[?:1.8.0_362]
	at java.util.ArrayList$ArrayListSpliterator.forEachRemaining(ArrayList.java:1384) ~[?:1.8.0_362]
	at java.util.stream.AbstractPipeline.copyInto(AbstractPipeline.java:482) ~[?:1.8.0_362]
	at java.util.stream.AbstractPipeline.wrapAndCopyInto(AbstractPipeline.java:472) ~[?:1.8.0_362]
	at java.util.stream.ForEachOps$ForEachOp.evaluateSequential(ForEachOps.java:150) ~[?:1.8.0_362]
	at java.util.stream.ForEachOps$ForEachOp$OfRef.evaluateSequential(ForEachOps.java:173) ~[?:1.8.0_362]
	at java.util.stream.AbstractPipeline.evaluate(AbstractPipeline.java:234) ~[?:1.8.0_362]
	at java.util.stream.ReferencePipeline.forEach(ReferencePipeline.java:485) ~[?:1.8.0_362]
	at org.junit.jupiter.engine.descriptor.TestTemplateTestDescriptor.execute(TestTemplateTestDescriptor.java:107) ~[junit-jupiter-engine-5.8.2.jar:5.8.2]
	at org.junit.jupiter.engine.descriptor.TestTemplateTestDescriptor.execute(TestTemplateTestDescriptor.java:42) ~[junit-jupiter-engine-5.8.2.jar:5.8.2]
	at org.junit.platform.engine.support.hierarchical.NodeTestTask.lambda$executeRecursively$6(NodeTestTask.java:151) ~[junit-platform-engine-1.8.2.jar:1.8.2]
	at org.junit.platform.engine.support.hierarchical.ThrowableCollector.execute(ThrowableCollector.java:73) ~[junit-platform-engine-1.8.2.jar:1.8.2]
	at org.junit.platform.engine.support.hierarchical.NodeTestTask.lambda$executeRecursively$8(NodeTestTask.java:141) ~[junit-platform-engine-1.8.2.jar:1.8.2]
	at org.junit.platform.engine.support.hierarchical.Node.around(Node.java:137) ~[junit-platform-engine-1.8.2.jar:1.8.2]
	at org.junit.platform.engine.support.hierarchical.NodeTestTask.lambda$executeRecursively$9(NodeTestTask.java:139) ~[junit-platform-engine-1.8.2.jar:1.8.2]
	at org.junit.platform.engine.support.hierarchical.ThrowableCollector.execute(ThrowableCollector.java:73) ~[junit-platform-engine-1.8.2.jar:1.8.2]
	at org.junit.platform.engine.support.hierarchical.NodeTestTask.executeRecursively(NodeTestTask.java:138) ~[junit-platform-engine-1.8.2.jar:1.8.2]
	at org.junit.platform.engine.support.hierarchical.NodeTestTask.execute(NodeTestTask.java:95) ~[junit-platform-engine-1.8.2.jar:1.8.2]
	at java.util.ArrayList.forEach(ArrayList.java:1259) ~[?:1.8.0_362]
	at org.junit.platform.engine.support.hierarchical.SameThreadHierarchicalTestExecutorService.invokeAll(SameThreadHierarchicalTestExecutorService.java:41) ~[junit-platform-engine-1.8.2.jar:1.8.2]
	at org.junit.platform.engine.support.hierarchical.NodeTestTask.lambda$executeRecursively$6(NodeTestTask.java:155) ~[junit-platform-engine-1.8.2.jar:1.8.2]
	at org.junit.platform.engine.support.hierarchical.ThrowableCollector.execute(ThrowableCollector.java:73) ~[junit-platform-engine-1.8.2.jar:1.8.2]
	at org.junit.platform.engine.support.hierarchical.NodeTestTask.lambda$executeRecursively$8(NodeTestTask.java:141) ~[junit-platform-engine-1.8.2.jar:1.8.2]
	at org.junit.platform.engine.support.hierarchical.Node.around(Node.java:137) ~[junit-platform-engine-1.8.2.jar:1.8.2]
	at org.junit.platform.engine.support.hierarchical.NodeTestTask.lambda$executeRecursively$9(NodeTestTask.java:139) ~[junit-platform-engine-1.8.2.jar:1.8.2]
	at org.junit.platform.engine.support.hierarchical.ThrowableCollector.execute(ThrowableCollector.java:73) ~[junit-platform-engine-1.8.2.jar:1.8.2]
	at org.junit.platform.engine.support.hierarchical.NodeTestTask.executeRecursively(NodeTestTask.java:138) ~[junit-platform-engine-1.8.2.jar:1.8.2]
	at org.junit.platform.engine.support.hierarchical.NodeTestTask.execute(NodeTestTask.java:95) ~[junit-platform-engine-1.8.2.jar:1.8.2]
	at java.util.ArrayList.forEach(ArrayList.java:1259) ~[?:1.8.0_362]
	at org.junit.platform.engine.support.hierarchical.SameThreadHierarchicalTestExecutorService.invokeAll(SameThreadHierarchicalTestExecutorService.java:41) ~[junit-platform-engine-1.8.2.jar:1.8.2]
	at org.junit.platform.engine.support.hierarchical.NodeTestTask.lambda$executeRecursively$6(NodeTestTask.java:155) ~[junit-platform-engine-1.8.2.jar:1.8.2]
	at org.junit.platform.engine.support.hierarchical.ThrowableCollector.execute(ThrowableCollector.java:73) ~[junit-platform-engine-1.8.2.jar:1.8.2]
	at org.junit.platform.engine.support.hierarchical.NodeTestTask.lambda$executeRecursively$8(NodeTestTask.java:141) ~[junit-platform-engine-1.8.2.jar:1.8.2]
	at org.junit.platform.engine.support.hierarchical.Node.around(Node.java:137) ~[junit-platform-engine-1.8.2.jar:1.8.2]
	at org.junit.platform.engine.support.hierarchical.NodeTestTask.lambda$executeRecursively$9(NodeTestTask.java:139) ~[junit-platform-engine-1.8.2.jar:1.8.2]
	at org.junit.platform.engine.support.hierarchical.ThrowableCollector.execute(ThrowableCollector.java:73) ~[junit-platform-engine-1.8.2.jar:1.8.2]
	at org.junit.platform.engine.support.hierarchical.NodeTestTask.executeRecursively(NodeTestTask.java:138) ~[junit-platform-engine-1.8.2.jar:1.8.2]
	at org.junit.platform.engine.support.hierarchical.NodeTestTask.execute(NodeTestTask.java:95) ~[junit-platform-engine-1.8.2.jar:1.8.2]
	at org.junit.platform.engine.support.hierarchical.SameThreadHierarchicalTestExecutorService.submit(SameThreadHierarchicalTestExecutorService.java:35) ~[junit-platform-engine-1.8.2.jar:1.8.2]
	at org.junit.platform.engine.support.hierarchical.HierarchicalTestExecutor.execute(HierarchicalTestExecutor.java:57) ~[junit-platform-engine-1.8.2.jar:1.8.2]
	at org.junit.platform.engine.support.hierarchical.HierarchicalTestEngine.execute(HierarchicalTestEngine.java:54) ~[junit-platform-engine-1.8.2.jar:1.8.2]
	at org.junit.platform.launcher.core.EngineExecutionOrchestrator.execute(EngineExecutionOrchestrator.java:107) ~[junit-platform-launcher-1.8.2.jar:1.8.2]
	at org.junit.platform.launcher.core.EngineExecutionOrchestrator.execute(EngineExecutionOrchestrator.java:88) ~[junit-platform-launcher-1.8.2.jar:1.8.2]
	at org.junit.platform.launcher.core.EngineExecutionOrchestrator.lambda$execute$0(EngineExecutionOrchestrator.java:54) ~[junit-platform-launcher-1.8.2.jar:1.8.2]
	at org.junit.platform.launcher.core.EngineExecutionOrchestrator.withInterceptedStreams(EngineExecutionOrchestrator.java:67) [junit-platform-launcher-1.8.2.jar:1.8.2]
	at org.junit.platform.launcher.core.EngineExecutionOrchestrator.execute(EngineExecutionOrchestrator.java:52) [junit-platform-launcher-1.8.2.jar:1.8.2]
	at org.junit.platform.launcher.core.DefaultLauncher.execute(DefaultLauncher.java:114) [junit-platform-launcher-1.8.2.jar:1.8.2]
	at org.junit.platform.launcher.core.DefaultLauncher.execute(DefaultLauncher.java:86) [junit-platform-launcher-1.8.2.jar:1.8.2]
	at org.junit.platform.launcher.core.DefaultLauncherSession$DelegatingLauncher.execute(DefaultLauncherSession.java:86) [junit-platform-launcher-1.8.2.jar:1.8.2]
	at org.junit.platform.launcher.core.SessionPerRequestLauncher.execute(SessionPerRequestLauncher.java:53) [junit-platform-launcher-1.8.2.jar:1.8.2]
	at org.apache.maven.surefire.junitplatform.JUnitPlatformProvider.execute(JUnitPlatformProvider.java:188) [surefire-junit-platform-3.0.0-M5.jar:3.0.0-M5]
	at org.apache.maven.surefire.junitplatform.JUnitPlatformProvider.invokeAllTests(JUnitPlatformProvider.java:154) [surefire-junit-platform-3.0.0-M5.jar:3.0.0-M5]
	at org.apache.maven.surefire.junitplatform.JUnitPlatformProvider.invoke(JUnitPlatformProvider.java:124) [surefire-junit-platform-3.0.0-M5.jar:3.0.0-M5]
	at org.apache.maven.surefire.booter.ForkedBooter.runSuitesInProcess(ForkedBooter.java:428) [surefire-booter-3.0.0-M5.jar:3.0.0-M5]
	at org.apache.maven.surefire.booter.ForkedBooter.execute(ForkedBooter.java:162) [surefire-booter-3.0.0-M5.jar:3.0.0-M5]
	at org.apache.maven.surefire.booter.ForkedBooter.run(ForkedBooter.java:562) [surefire-booter-3.0.0-M5.jar:3.0.0-M5]
	at org.apache.maven.surefire.booter.ForkedBooter.main(ForkedBooter.java:548) [surefire-booter-3.0.0-M5.jar:3.0.0-M5]
]]></system-out>
  </testcase>
  <testcase name="testListStatusWithNotAllowedUser(BucketLayout, boolean, boolean)[5]" classname="org.apache.hadoop.ozone.om.snapshot.TestOzoneManagerSnapshotAcl" time="1.098">
    <system-out><![CDATA[2023-03-16 19:31:58,931 [Listener at 127.0.0.1/32993] INFO  rpc.RpcClient (RpcClient.java:createVolume(476)) - Creating Volume: volume-30678, with admin as owner and space quota set to -1 bytes, counts quota set to -1
2023-03-16 19:31:58,933 [OM StateMachine ApplyTransaction Thread - 0] INFO  volume.OMVolumeCreateRequest (OMVolumeCreateRequest.java:validateAndUpdateCache(195)) - created volume:volume-30678 for user:admin
2023-03-16 19:31:58,935 [Listener at 127.0.0.1/32993] INFO  rpc.RpcClient (RpcClient.java:createBucket(698)) - Creating Bucket: volume-30678/bucket-37934, with bucket layout LEGACY, admin as owner, Versioning false, Storage Type set to DISK and Encryption set to false, Replication Type set to server-side default replication type, Namespace Quota set to -1, Space Quota set to -1 
2023-03-16 19:31:58,937 [OM StateMachine ApplyTransaction Thread - 0] INFO  bucket.OMBucketCreateRequest (OMBucketCreateRequest.java:validateAndUpdateCache(263)) - created bucket: bucket-37934 of layout LEGACY in volume: volume-30678
2023-03-16 19:31:58,974 [OM StateMachine ApplyTransaction Thread - 0] INFO  snapshot.OMSnapshotCreateRequest (OMSnapshotCreateRequest.java:validateAndUpdateCache(204)) - Created snapshot 'snapshot-08309' under path 'volume-30678/bucket-37934'
2023-03-16 19:31:59,000 [OMDoubleBufferFlushThread] INFO  db.RDBCheckpointManager (RDBCheckpointManager.java:createCheckpoint(96)) - Created checkpoint in rocksDB at /home/runner/work/ozone/ozone/hadoop-ozone/integration-test/target/test-dir/MiniOzoneClusterImpl-7c80c19b-b74a-4fd6-b02a-95a373f15db1/omNode-1/db.snapshots/om.db-b689d3aa-01da-4704-985b-a76b8d74aeb7 in 24 milliseconds
2023-03-16 19:31:59,000 [OMDoubleBufferFlushThread] INFO  db.RDBCheckpointManager (RDBCheckpointManager.java:waitForCheckpointDirectoryExist(125)) - Waited for 0 milliseconds for checkpoint directory /home/runner/work/ozone/ozone/hadoop-ozone/integration-test/target/test-dir/MiniOzoneClusterImpl-7c80c19b-b74a-4fd6-b02a-95a373f15db1/omNode-1/db.snapshots/om.db-b689d3aa-01da-4704-985b-a76b8d74aeb7 availability.
2023-03-16 19:31:59,000 [OMDoubleBufferFlushThread] INFO  om.OmSnapshotManager (OmSnapshotManager.java:createOmSnapshotCheckpoint(269)) - Created checkpoint : /home/runner/work/ozone/ozone/hadoop-ozone/integration-test/target/test-dir/MiniOzoneClusterImpl-7c80c19b-b74a-4fd6-b02a-95a373f15db1/omNode-1/db.snapshots/om.db-b689d3aa-01da-4704-985b-a76b8d74aeb7 for snapshot snapshot-08309
2023-03-16 19:31:59,980 [Listener at 127.0.0.1/32993] WARN  server.ServerUtils (ServerUtils.java:getDBPath(225)) - ozone.om.db.dirs is not configured. We recommend adding this setting. Falling back to ozone.metadata.dirs instead.
2023-03-16 19:31:59,981 [Listener at 127.0.0.1/32993] INFO  codec.OmKeyInfoCodec (OmKeyInfoCodec.java:<init>(49)) - OmKeyInfoCodec ignorePipeline = true
2023-03-16 19:31:59,981 [Listener at 127.0.0.1/32993] INFO  codec.RepeatedOmKeyInfoCodec (RepeatedOmKeyInfoCodec.java:<init>(41)) - RepeatedOmKeyInfoCodec ignorePipeline = true
2023-03-16 19:32:00,019 [Listener at 127.0.0.1/32993] WARN  om.OmSnapshot (OmMetadataReader.java:checkAcls(497)) - User user2 doesn't have READ permission to access key Volume:volume-30678 Bucket:bucket-37934 Key:key-59289
19:32:00.019 [Listener at 127.0.0.1/32993] ERROR OMAudit - user=null | ip=null | op=LIST_STATUS {volume=volume-30678, bucket=bucket-37934, key=key-59289, dataSize=0, replicationConfig=null} | ret=FAILURE
org.apache.hadoop.ozone.om.exceptions.OMException: User user2 doesn't have READ permission to access key Volume:volume-30678 Bucket:bucket-37934 Key:key-59289
	at org.apache.hadoop.ozone.om.OmMetadataReader.checkAcls(OmMetadataReader.java:500) ~[ozone-manager-1.4.0-SNAPSHOT.jar:?]
	at org.apache.hadoop.ozone.om.OmMetadataReader.checkAcls(OmMetadataReader.java:475) ~[ozone-manager-1.4.0-SNAPSHOT.jar:?]
	at org.apache.hadoop.ozone.om.OzoneAclUtils.checkAllAcls(OzoneAclUtils.java:129) ~[ozone-manager-1.4.0-SNAPSHOT.jar:?]
	at org.apache.hadoop.ozone.om.OmMetadataReader.checkAcls(OmMetadataReader.java:437) ~[ozone-manager-1.4.0-SNAPSHOT.jar:?]
	at org.apache.hadoop.ozone.om.OmMetadataReader.listStatus(OmMetadataReader.java:257) ~[ozone-manager-1.4.0-SNAPSHOT.jar:?]
	at org.apache.hadoop.ozone.om.OmSnapshot.listStatus(OmSnapshot.java:108) ~[ozone-manager-1.4.0-SNAPSHOT.jar:?]
	at org.apache.hadoop.ozone.om.OzoneManager.listStatus(OzoneManager.java:3513) ~[ozone-manager-1.4.0-SNAPSHOT.jar:?]
	at org.apache.hadoop.ozone.om.snapshot.TestOzoneManagerSnapshotAcl.lambda$testListStatusWithNotAllowedUser$7(TestOzoneManagerSnapshotAcl.java:262) ~[test-classes/:?]
	at org.junit.jupiter.api.AssertThrows.assertThrows(AssertThrows.java:55) ~[junit-jupiter-api-5.8.2.jar:5.8.2]
	at org.junit.jupiter.api.AssertThrows.assertThrows(AssertThrows.java:37) ~[junit-jupiter-api-5.8.2.jar:5.8.2]
	at org.junit.jupiter.api.Assertions.assertThrows(Assertions.java:3082) ~[junit-jupiter-api-5.8.2.jar:5.8.2]
	at org.apache.hadoop.ozone.om.snapshot.TestOzoneManagerSnapshotAcl.testListStatusWithNotAllowedUser(TestOzoneManagerSnapshotAcl.java:261) ~[test-classes/:?]
	at sun.reflect.NativeMethodAccessorImpl.invoke0(Native Method) ~[?:1.8.0_362]
	at sun.reflect.NativeMethodAccessorImpl.invoke(NativeMethodAccessorImpl.java:62) ~[?:1.8.0_362]
	at sun.reflect.DelegatingMethodAccessorImpl.invoke(DelegatingMethodAccessorImpl.java:43) ~[?:1.8.0_362]
	at java.lang.reflect.Method.invoke(Method.java:498) ~[?:1.8.0_362]
	at org.junit.platform.commons.util.ReflectionUtils.invokeMethod(ReflectionUtils.java:725) ~[junit-platform-commons-1.8.2.jar:1.8.2]
	at org.junit.jupiter.engine.execution.MethodInvocation.proceed(MethodInvocation.java:60) ~[junit-jupiter-engine-5.8.2.jar:5.8.2]
	at org.junit.jupiter.engine.execution.InvocationInterceptorChain$ValidatingInvocation.proceed(InvocationInterceptorChain.java:131) ~[junit-jupiter-engine-5.8.2.jar:5.8.2]
	at org.junit.jupiter.engine.extension.TimeoutInvocation.proceed(TimeoutInvocation.java:46) ~[junit-jupiter-engine-5.8.2.jar:5.8.2]
	at org.junit.jupiter.engine.extension.TimeoutExtension.intercept(TimeoutExtension.java:149) ~[junit-jupiter-engine-5.8.2.jar:5.8.2]
	at org.junit.jupiter.engine.extension.TimeoutExtension.interceptTestableMethod(TimeoutExtension.java:140) ~[junit-jupiter-engine-5.8.2.jar:5.8.2]
	at org.junit.jupiter.engine.extension.TimeoutExtension.interceptTestTemplateMethod(TimeoutExtension.java:92) ~[junit-jupiter-engine-5.8.2.jar:5.8.2]
	at org.junit.jupiter.engine.execution.ExecutableInvoker$ReflectiveInterceptorCall.lambda$ofVoidMethod$0(ExecutableInvoker.java:115) ~[junit-jupiter-engine-5.8.2.jar:5.8.2]
	at org.junit.jupiter.engine.execution.ExecutableInvoker.lambda$invoke$0(ExecutableInvoker.java:105) ~[junit-jupiter-engine-5.8.2.jar:5.8.2]
	at org.junit.jupiter.engine.execution.InvocationInterceptorChain$InterceptedInvocation.proceed(InvocationInterceptorChain.java:106) ~[junit-jupiter-engine-5.8.2.jar:5.8.2]
	at org.junit.jupiter.engine.execution.InvocationInterceptorChain.proceed(InvocationInterceptorChain.java:64) ~[junit-jupiter-engine-5.8.2.jar:5.8.2]
	at org.junit.jupiter.engine.execution.InvocationInterceptorChain.chainAndInvoke(InvocationInterceptorChain.java:45) ~[junit-jupiter-engine-5.8.2.jar:5.8.2]
	at org.junit.jupiter.engine.execution.InvocationInterceptorChain.invoke(InvocationInterceptorChain.java:37) ~[junit-jupiter-engine-5.8.2.jar:5.8.2]
	at org.junit.jupiter.engine.execution.ExecutableInvoker.invoke(ExecutableInvoker.java:104) ~[junit-jupiter-engine-5.8.2.jar:5.8.2]
	at org.junit.jupiter.engine.execution.ExecutableInvoker.invoke(ExecutableInvoker.java:98) ~[junit-jupiter-engine-5.8.2.jar:5.8.2]
	at org.junit.jupiter.engine.descriptor.TestMethodTestDescriptor.lambda$invokeTestMethod$7(TestMethodTestDescriptor.java:214) ~[junit-jupiter-engine-5.8.2.jar:5.8.2]
	at org.junit.platform.engine.support.hierarchical.ThrowableCollector.execute(ThrowableCollector.java:73) ~[junit-platform-engine-1.8.2.jar:1.8.2]
	at org.junit.jupiter.engine.descriptor.TestMethodTestDescriptor.invokeTestMethod(TestMethodTestDescriptor.java:210) ~[junit-jupiter-engine-5.8.2.jar:5.8.2]
	at org.junit.jupiter.engine.descriptor.TestMethodTestDescriptor.execute(TestMethodTestDescriptor.java:135) ~[junit-jupiter-engine-5.8.2.jar:5.8.2]
	at org.junit.jupiter.engine.descriptor.TestMethodTestDescriptor.execute(TestMethodTestDescriptor.java:66) ~[junit-jupiter-engine-5.8.2.jar:5.8.2]
	at org.junit.platform.engine.support.hierarchical.NodeTestTask.lambda$executeRecursively$6(NodeTestTask.java:151) ~[junit-platform-engine-1.8.2.jar:1.8.2]
	at org.junit.platform.engine.support.hierarchical.ThrowableCollector.execute(ThrowableCollector.java:73) ~[junit-platform-engine-1.8.2.jar:1.8.2]
	at org.junit.platform.engine.support.hierarchical.NodeTestTask.lambda$executeRecursively$8(NodeTestTask.java:141) ~[junit-platform-engine-1.8.2.jar:1.8.2]
	at org.junit.platform.engine.support.hierarchical.Node.around(Node.java:137) ~[junit-platform-engine-1.8.2.jar:1.8.2]
	at org.junit.platform.engine.support.hierarchical.NodeTestTask.lambda$executeRecursively$9(NodeTestTask.java:139) ~[junit-platform-engine-1.8.2.jar:1.8.2]
	at org.junit.platform.engine.support.hierarchical.ThrowableCollector.execute(ThrowableCollector.java:73) ~[junit-platform-engine-1.8.2.jar:1.8.2]
	at org.junit.platform.engine.support.hierarchical.NodeTestTask.executeRecursively(NodeTestTask.java:138) ~[junit-platform-engine-1.8.2.jar:1.8.2]
	at org.junit.platform.engine.support.hierarchical.NodeTestTask.execute(NodeTestTask.java:95) ~[junit-platform-engine-1.8.2.jar:1.8.2]
	at org.junit.platform.engine.support.hierarchical.SameThreadHierarchicalTestExecutorService.submit(SameThreadHierarchicalTestExecutorService.java:35) ~[junit-platform-engine-1.8.2.jar:1.8.2]
	at org.junit.platform.engine.support.hierarchical.NodeTestTask$DefaultDynamicTestExecutor.execute(NodeTestTask.java:226) ~[junit-platform-engine-1.8.2.jar:1.8.2]
	at org.junit.platform.engine.support.hierarchical.NodeTestTask$DefaultDynamicTestExecutor.execute(NodeTestTask.java:204) ~[junit-platform-engine-1.8.2.jar:1.8.2]
	at org.junit.jupiter.engine.descriptor.TestTemplateTestDescriptor.execute(TestTemplateTestDescriptor.java:139) ~[junit-jupiter-engine-5.8.2.jar:5.8.2]
	at org.junit.jupiter.engine.descriptor.TestTemplateTestDescriptor.lambda$execute$2(TestTemplateTestDescriptor.java:107) ~[junit-jupiter-engine-5.8.2.jar:5.8.2]
	at java.util.stream.ForEachOps$ForEachOp$OfRef.accept(ForEachOps.java:183) ~[?:1.8.0_362]
	at java.util.stream.ReferencePipeline$3$1.accept(ReferencePipeline.java:193) ~[?:1.8.0_362]
	at java.util.stream.ReferencePipeline$2$1.accept(ReferencePipeline.java:175) ~[?:1.8.0_362]
	at java.util.stream.ReferencePipeline$3$1.accept(ReferencePipeline.java:193) ~[?:1.8.0_362]
	at java.util.stream.ForEachOps$ForEachOp$OfRef.accept(ForEachOps.java:183) ~[?:1.8.0_362]
	at java.util.stream.ReferencePipeline$3$1.accept(ReferencePipeline.java:193) ~[?:1.8.0_362]
	at java.util.stream.ReferencePipeline$3$1.accept(ReferencePipeline.java:193) ~[?:1.8.0_362]
	at java.util.stream.ReferencePipeline$3$1.accept(ReferencePipeline.java:193) ~[?:1.8.0_362]
	at java.util.stream.ForEachOps$ForEachOp$OfRef.accept(ForEachOps.java:183) ~[?:1.8.0_362]
	at java.util.stream.ReferencePipeline$3$1.accept(ReferencePipeline.java:193) ~[?:1.8.0_362]
	at java.util.Spliterators$ArraySpliterator.forEachRemaining(Spliterators.java:948) ~[?:1.8.0_362]
	at java.util.stream.ReferencePipeline$Head.forEach(ReferencePipeline.java:647) ~[?:1.8.0_362]
	at java.util.stream.ReferencePipeline$7$1.accept(ReferencePipeline.java:272) ~[?:1.8.0_362]
	at java.util.stream.ReferencePipeline$3$1.accept(ReferencePipeline.java:193) ~[?:1.8.0_362]
	at java.util.stream.ReferencePipeline$3$1.accept(ReferencePipeline.java:193) ~[?:1.8.0_362]
	at java.util.Spliterators$ArraySpliterator.forEachRemaining(Spliterators.java:948) ~[?:1.8.0_362]
	at java.util.stream.AbstractPipeline.copyInto(AbstractPipeline.java:482) ~[?:1.8.0_362]
	at java.util.stream.AbstractPipeline.wrapAndCopyInto(AbstractPipeline.java:472) ~[?:1.8.0_362]
	at java.util.stream.ForEachOps$ForEachOp.evaluateSequential(ForEachOps.java:150) ~[?:1.8.0_362]
	at java.util.stream.ForEachOps$ForEachOp$OfRef.evaluateSequential(ForEachOps.java:173) ~[?:1.8.0_362]
	at java.util.stream.AbstractPipeline.evaluate(AbstractPipeline.java:234) ~[?:1.8.0_362]
	at java.util.stream.ReferencePipeline.forEach(ReferencePipeline.java:485) ~[?:1.8.0_362]
	at java.util.stream.ReferencePipeline$7$1.accept(ReferencePipeline.java:272) ~[?:1.8.0_362]
	at java.util.stream.ReferencePipeline$3$1.accept(ReferencePipeline.java:193) ~[?:1.8.0_362]
	at java.util.stream.ReferencePipeline$3$1.accept(ReferencePipeline.java:193) ~[?:1.8.0_362]
	at java.util.stream.ReferencePipeline$3$1.accept(ReferencePipeline.java:193) ~[?:1.8.0_362]
	at java.util.ArrayList$ArrayListSpliterator.forEachRemaining(ArrayList.java:1384) ~[?:1.8.0_362]
	at java.util.stream.AbstractPipeline.copyInto(AbstractPipeline.java:482) ~[?:1.8.0_362]
	at java.util.stream.AbstractPipeline.wrapAndCopyInto(AbstractPipeline.java:472) ~[?:1.8.0_362]
	at java.util.stream.ForEachOps$ForEachOp.evaluateSequential(ForEachOps.java:150) ~[?:1.8.0_362]
	at java.util.stream.ForEachOps$ForEachOp$OfRef.evaluateSequential(ForEachOps.java:173) ~[?:1.8.0_362]
	at java.util.stream.AbstractPipeline.evaluate(AbstractPipeline.java:234) ~[?:1.8.0_362]
	at java.util.stream.ReferencePipeline.forEach(ReferencePipeline.java:485) ~[?:1.8.0_362]
	at java.util.stream.ReferencePipeline$7$1.accept(ReferencePipeline.java:272) ~[?:1.8.0_362]
	at java.util.ArrayList$ArrayListSpliterator.forEachRemaining(ArrayList.java:1384) ~[?:1.8.0_362]
	at java.util.stream.AbstractPipeline.copyInto(AbstractPipeline.java:482) ~[?:1.8.0_362]
	at java.util.stream.AbstractPipeline.wrapAndCopyInto(AbstractPipeline.java:472) ~[?:1.8.0_362]
	at java.util.stream.ForEachOps$ForEachOp.evaluateSequential(ForEachOps.java:150) ~[?:1.8.0_362]
	at java.util.stream.ForEachOps$ForEachOp$OfRef.evaluateSequential(ForEachOps.java:173) ~[?:1.8.0_362]
	at java.util.stream.AbstractPipeline.evaluate(AbstractPipeline.java:234) ~[?:1.8.0_362]
	at java.util.stream.ReferencePipeline.forEach(ReferencePipeline.java:485) ~[?:1.8.0_362]
	at org.junit.jupiter.engine.descriptor.TestTemplateTestDescriptor.execute(TestTemplateTestDescriptor.java:107) ~[junit-jupiter-engine-5.8.2.jar:5.8.2]
	at org.junit.jupiter.engine.descriptor.TestTemplateTestDescriptor.execute(TestTemplateTestDescriptor.java:42) ~[junit-jupiter-engine-5.8.2.jar:5.8.2]
	at org.junit.platform.engine.support.hierarchical.NodeTestTask.lambda$executeRecursively$6(NodeTestTask.java:151) ~[junit-platform-engine-1.8.2.jar:1.8.2]
	at org.junit.platform.engine.support.hierarchical.ThrowableCollector.execute(ThrowableCollector.java:73) ~[junit-platform-engine-1.8.2.jar:1.8.2]
	at org.junit.platform.engine.support.hierarchical.NodeTestTask.lambda$executeRecursively$8(NodeTestTask.java:141) ~[junit-platform-engine-1.8.2.jar:1.8.2]
	at org.junit.platform.engine.support.hierarchical.Node.around(Node.java:137) ~[junit-platform-engine-1.8.2.jar:1.8.2]
	at org.junit.platform.engine.support.hierarchical.NodeTestTask.lambda$executeRecursively$9(NodeTestTask.java:139) ~[junit-platform-engine-1.8.2.jar:1.8.2]
	at org.junit.platform.engine.support.hierarchical.ThrowableCollector.execute(ThrowableCollector.java:73) ~[junit-platform-engine-1.8.2.jar:1.8.2]
	at org.junit.platform.engine.support.hierarchical.NodeTestTask.executeRecursively(NodeTestTask.java:138) ~[junit-platform-engine-1.8.2.jar:1.8.2]
	at org.junit.platform.engine.support.hierarchical.NodeTestTask.execute(NodeTestTask.java:95) ~[junit-platform-engine-1.8.2.jar:1.8.2]
	at java.util.ArrayList.forEach(ArrayList.java:1259) ~[?:1.8.0_362]
	at org.junit.platform.engine.support.hierarchical.SameThreadHierarchicalTestExecutorService.invokeAll(SameThreadHierarchicalTestExecutorService.java:41) ~[junit-platform-engine-1.8.2.jar:1.8.2]
	at org.junit.platform.engine.support.hierarchical.NodeTestTask.lambda$executeRecursively$6(NodeTestTask.java:155) ~[junit-platform-engine-1.8.2.jar:1.8.2]
	at org.junit.platform.engine.support.hierarchical.ThrowableCollector.execute(ThrowableCollector.java:73) ~[junit-platform-engine-1.8.2.jar:1.8.2]
	at org.junit.platform.engine.support.hierarchical.NodeTestTask.lambda$executeRecursively$8(NodeTestTask.java:141) ~[junit-platform-engine-1.8.2.jar:1.8.2]
	at org.junit.platform.engine.support.hierarchical.Node.around(Node.java:137) ~[junit-platform-engine-1.8.2.jar:1.8.2]
	at org.junit.platform.engine.support.hierarchical.NodeTestTask.lambda$executeRecursively$9(NodeTestTask.java:139) ~[junit-platform-engine-1.8.2.jar:1.8.2]
	at org.junit.platform.engine.support.hierarchical.ThrowableCollector.execute(ThrowableCollector.java:73) ~[junit-platform-engine-1.8.2.jar:1.8.2]
	at org.junit.platform.engine.support.hierarchical.NodeTestTask.executeRecursively(NodeTestTask.java:138) ~[junit-platform-engine-1.8.2.jar:1.8.2]
	at org.junit.platform.engine.support.hierarchical.NodeTestTask.execute(NodeTestTask.java:95) ~[junit-platform-engine-1.8.2.jar:1.8.2]
	at java.util.ArrayList.forEach(ArrayList.java:1259) ~[?:1.8.0_362]
	at org.junit.platform.engine.support.hierarchical.SameThreadHierarchicalTestExecutorService.invokeAll(SameThreadHierarchicalTestExecutorService.java:41) ~[junit-platform-engine-1.8.2.jar:1.8.2]
	at org.junit.platform.engine.support.hierarchical.NodeTestTask.lambda$executeRecursively$6(NodeTestTask.java:155) ~[junit-platform-engine-1.8.2.jar:1.8.2]
	at org.junit.platform.engine.support.hierarchical.ThrowableCollector.execute(ThrowableCollector.java:73) ~[junit-platform-engine-1.8.2.jar:1.8.2]
	at org.junit.platform.engine.support.hierarchical.NodeTestTask.lambda$executeRecursively$8(NodeTestTask.java:141) ~[junit-platform-engine-1.8.2.jar:1.8.2]
	at org.junit.platform.engine.support.hierarchical.Node.around(Node.java:137) ~[junit-platform-engine-1.8.2.jar:1.8.2]
	at org.junit.platform.engine.support.hierarchical.NodeTestTask.lambda$executeRecursively$9(NodeTestTask.java:139) ~[junit-platform-engine-1.8.2.jar:1.8.2]
	at org.junit.platform.engine.support.hierarchical.ThrowableCollector.execute(ThrowableCollector.java:73) ~[junit-platform-engine-1.8.2.jar:1.8.2]
	at org.junit.platform.engine.support.hierarchical.NodeTestTask.executeRecursively(NodeTestTask.java:138) ~[junit-platform-engine-1.8.2.jar:1.8.2]
	at org.junit.platform.engine.support.hierarchical.NodeTestTask.execute(NodeTestTask.java:95) ~[junit-platform-engine-1.8.2.jar:1.8.2]
	at org.junit.platform.engine.support.hierarchical.SameThreadHierarchicalTestExecutorService.submit(SameThreadHierarchicalTestExecutorService.java:35) ~[junit-platform-engine-1.8.2.jar:1.8.2]
	at org.junit.platform.engine.support.hierarchical.HierarchicalTestExecutor.execute(HierarchicalTestExecutor.java:57) ~[junit-platform-engine-1.8.2.jar:1.8.2]
	at org.junit.platform.engine.support.hierarchical.HierarchicalTestEngine.execute(HierarchicalTestEngine.java:54) ~[junit-platform-engine-1.8.2.jar:1.8.2]
	at org.junit.platform.launcher.core.EngineExecutionOrchestrator.execute(EngineExecutionOrchestrator.java:107) ~[junit-platform-launcher-1.8.2.jar:1.8.2]
	at org.junit.platform.launcher.core.EngineExecutionOrchestrator.execute(EngineExecutionOrchestrator.java:88) ~[junit-platform-launcher-1.8.2.jar:1.8.2]
	at org.junit.platform.launcher.core.EngineExecutionOrchestrator.lambda$execute$0(EngineExecutionOrchestrator.java:54) ~[junit-platform-launcher-1.8.2.jar:1.8.2]
	at org.junit.platform.launcher.core.EngineExecutionOrchestrator.withInterceptedStreams(EngineExecutionOrchestrator.java:67) [junit-platform-launcher-1.8.2.jar:1.8.2]
	at org.junit.platform.launcher.core.EngineExecutionOrchestrator.execute(EngineExecutionOrchestrator.java:52) [junit-platform-launcher-1.8.2.jar:1.8.2]
	at org.junit.platform.launcher.core.DefaultLauncher.execute(DefaultLauncher.java:114) [junit-platform-launcher-1.8.2.jar:1.8.2]
	at org.junit.platform.launcher.core.DefaultLauncher.execute(DefaultLauncher.java:86) [junit-platform-launcher-1.8.2.jar:1.8.2]
	at org.junit.platform.launcher.core.DefaultLauncherSession$DelegatingLauncher.execute(DefaultLauncherSession.java:86) [junit-platform-launcher-1.8.2.jar:1.8.2]
	at org.junit.platform.launcher.core.SessionPerRequestLauncher.execute(SessionPerRequestLauncher.java:53) [junit-platform-launcher-1.8.2.jar:1.8.2]
	at org.apache.maven.surefire.junitplatform.JUnitPlatformProvider.execute(JUnitPlatformProvider.java:188) [surefire-junit-platform-3.0.0-M5.jar:3.0.0-M5]
	at org.apache.maven.surefire.junitplatform.JUnitPlatformProvider.invokeAllTests(JUnitPlatformProvider.java:154) [surefire-junit-platform-3.0.0-M5.jar:3.0.0-M5]
	at org.apache.maven.surefire.junitplatform.JUnitPlatformProvider.invoke(JUnitPlatformProvider.java:124) [surefire-junit-platform-3.0.0-M5.jar:3.0.0-M5]
	at org.apache.maven.surefire.booter.ForkedBooter.runSuitesInProcess(ForkedBooter.java:428) [surefire-booter-3.0.0-M5.jar:3.0.0-M5]
	at org.apache.maven.surefire.booter.ForkedBooter.execute(ForkedBooter.java:162) [surefire-booter-3.0.0-M5.jar:3.0.0-M5]
	at org.apache.maven.surefire.booter.ForkedBooter.run(ForkedBooter.java:562) [surefire-booter-3.0.0-M5.jar:3.0.0-M5]
	at org.apache.maven.surefire.booter.ForkedBooter.main(ForkedBooter.java:548) [surefire-booter-3.0.0-M5.jar:3.0.0-M5]
]]></system-out>
  </testcase>
  <testcase name="testListStatusWithNotAllowedUser(BucketLayout, boolean, boolean)[6]" classname="org.apache.hadoop.ozone.om.snapshot.TestOzoneManagerSnapshotAcl" time="1.091">
    <system-out><![CDATA[2023-03-16 19:32:00,030 [Listener at 127.0.0.1/32993] INFO  rpc.RpcClient (RpcClient.java:createVolume(476)) - Creating Volume: volume-67270, with admin as owner and space quota set to -1 bytes, counts quota set to -1
2023-03-16 19:32:00,032 [OM StateMachine ApplyTransaction Thread - 0] INFO  volume.OMVolumeCreateRequest (OMVolumeCreateRequest.java:validateAndUpdateCache(195)) - created volume:volume-67270 for user:admin
2023-03-16 19:32:00,033 [Listener at 127.0.0.1/32993] INFO  rpc.RpcClient (RpcClient.java:createBucket(698)) - Creating Bucket: volume-67270/bucket-38007, with bucket layout OBJECT_STORE, admin as owner, Versioning false, Storage Type set to DISK and Encryption set to false, Replication Type set to server-side default replication type, Namespace Quota set to -1, Space Quota set to -1 
2023-03-16 19:32:00,036 [OM StateMachine ApplyTransaction Thread - 0] INFO  bucket.OMBucketCreateRequest (OMBucketCreateRequest.java:validateAndUpdateCache(263)) - created bucket: bucket-38007 of layout OBJECT_STORE in volume: volume-67270
2023-03-16 19:32:00,066 [OM StateMachine ApplyTransaction Thread - 0] INFO  snapshot.OMSnapshotCreateRequest (OMSnapshotCreateRequest.java:validateAndUpdateCache(204)) - Created snapshot 'snapshot-74173' under path 'volume-67270/bucket-38007'
2023-03-16 19:32:00,091 [OMDoubleBufferFlushThread] INFO  db.RDBCheckpointManager (RDBCheckpointManager.java:createCheckpoint(96)) - Created checkpoint in rocksDB at /home/runner/work/ozone/ozone/hadoop-ozone/integration-test/target/test-dir/MiniOzoneClusterImpl-7c80c19b-b74a-4fd6-b02a-95a373f15db1/omNode-1/db.snapshots/om.db-dda6c3f9-872f-4ea1-a5dd-71ce4242cb8a in 23 milliseconds
2023-03-16 19:32:00,092 [OMDoubleBufferFlushThread] INFO  db.RDBCheckpointManager (RDBCheckpointManager.java:waitForCheckpointDirectoryExist(125)) - Waited for 1 milliseconds for checkpoint directory /home/runner/work/ozone/ozone/hadoop-ozone/integration-test/target/test-dir/MiniOzoneClusterImpl-7c80c19b-b74a-4fd6-b02a-95a373f15db1/omNode-1/db.snapshots/om.db-dda6c3f9-872f-4ea1-a5dd-71ce4242cb8a availability.
2023-03-16 19:32:00,092 [OMDoubleBufferFlushThread] INFO  om.OmSnapshotManager (OmSnapshotManager.java:createOmSnapshotCheckpoint(269)) - Created checkpoint : /home/runner/work/ozone/ozone/hadoop-ozone/integration-test/target/test-dir/MiniOzoneClusterImpl-7c80c19b-b74a-4fd6-b02a-95a373f15db1/omNode-1/db.snapshots/om.db-dda6c3f9-872f-4ea1-a5dd-71ce4242cb8a for snapshot snapshot-74173
2023-03-16 19:32:01,074 [Listener at 127.0.0.1/32993] WARN  server.ServerUtils (ServerUtils.java:getDBPath(225)) - ozone.om.db.dirs is not configured. We recommend adding this setting. Falling back to ozone.metadata.dirs instead.
2023-03-16 19:32:01,074 [Listener at 127.0.0.1/32993] INFO  codec.OmKeyInfoCodec (OmKeyInfoCodec.java:<init>(49)) - OmKeyInfoCodec ignorePipeline = true
2023-03-16 19:32:01,075 [Listener at 127.0.0.1/32993] INFO  codec.RepeatedOmKeyInfoCodec (RepeatedOmKeyInfoCodec.java:<init>(41)) - RepeatedOmKeyInfoCodec ignorePipeline = true
2023-03-16 19:32:01,109 [Listener at 127.0.0.1/32993] WARN  om.OmSnapshot (OmMetadataReader.java:checkAcls(497)) - User user2 doesn't have READ permission to access key Volume:volume-67270 Bucket:bucket-38007 Key:key-33746
19:32:01.110 [Listener at 127.0.0.1/32993] ERROR OMAudit - user=null | ip=null | op=LIST_STATUS {volume=volume-67270, bucket=bucket-38007, key=key-33746, dataSize=0, replicationConfig=null} | ret=FAILURE
org.apache.hadoop.ozone.om.exceptions.OMException: User user2 doesn't have READ permission to access key Volume:volume-67270 Bucket:bucket-38007 Key:key-33746
	at org.apache.hadoop.ozone.om.OmMetadataReader.checkAcls(OmMetadataReader.java:500) ~[ozone-manager-1.4.0-SNAPSHOT.jar:?]
	at org.apache.hadoop.ozone.om.OmMetadataReader.checkAcls(OmMetadataReader.java:475) ~[ozone-manager-1.4.0-SNAPSHOT.jar:?]
	at org.apache.hadoop.ozone.om.OzoneAclUtils.checkAllAcls(OzoneAclUtils.java:129) ~[ozone-manager-1.4.0-SNAPSHOT.jar:?]
	at org.apache.hadoop.ozone.om.OmMetadataReader.checkAcls(OmMetadataReader.java:437) ~[ozone-manager-1.4.0-SNAPSHOT.jar:?]
	at org.apache.hadoop.ozone.om.OmMetadataReader.listStatus(OmMetadataReader.java:257) ~[ozone-manager-1.4.0-SNAPSHOT.jar:?]
	at org.apache.hadoop.ozone.om.OmSnapshot.listStatus(OmSnapshot.java:108) ~[ozone-manager-1.4.0-SNAPSHOT.jar:?]
	at org.apache.hadoop.ozone.om.OzoneManager.listStatus(OzoneManager.java:3513) ~[ozone-manager-1.4.0-SNAPSHOT.jar:?]
	at org.apache.hadoop.ozone.om.snapshot.TestOzoneManagerSnapshotAcl.lambda$testListStatusWithNotAllowedUser$7(TestOzoneManagerSnapshotAcl.java:262) ~[test-classes/:?]
	at org.junit.jupiter.api.AssertThrows.assertThrows(AssertThrows.java:55) ~[junit-jupiter-api-5.8.2.jar:5.8.2]
	at org.junit.jupiter.api.AssertThrows.assertThrows(AssertThrows.java:37) ~[junit-jupiter-api-5.8.2.jar:5.8.2]
	at org.junit.jupiter.api.Assertions.assertThrows(Assertions.java:3082) ~[junit-jupiter-api-5.8.2.jar:5.8.2]
	at org.apache.hadoop.ozone.om.snapshot.TestOzoneManagerSnapshotAcl.testListStatusWithNotAllowedUser(TestOzoneManagerSnapshotAcl.java:261) ~[test-classes/:?]
	at sun.reflect.NativeMethodAccessorImpl.invoke0(Native Method) ~[?:1.8.0_362]
	at sun.reflect.NativeMethodAccessorImpl.invoke(NativeMethodAccessorImpl.java:62) ~[?:1.8.0_362]
	at sun.reflect.DelegatingMethodAccessorImpl.invoke(DelegatingMethodAccessorImpl.java:43) ~[?:1.8.0_362]
	at java.lang.reflect.Method.invoke(Method.java:498) ~[?:1.8.0_362]
	at org.junit.platform.commons.util.ReflectionUtils.invokeMethod(ReflectionUtils.java:725) ~[junit-platform-commons-1.8.2.jar:1.8.2]
	at org.junit.jupiter.engine.execution.MethodInvocation.proceed(MethodInvocation.java:60) ~[junit-jupiter-engine-5.8.2.jar:5.8.2]
	at org.junit.jupiter.engine.execution.InvocationInterceptorChain$ValidatingInvocation.proceed(InvocationInterceptorChain.java:131) ~[junit-jupiter-engine-5.8.2.jar:5.8.2]
	at org.junit.jupiter.engine.extension.TimeoutInvocation.proceed(TimeoutInvocation.java:46) ~[junit-jupiter-engine-5.8.2.jar:5.8.2]
	at org.junit.jupiter.engine.extension.TimeoutExtension.intercept(TimeoutExtension.java:149) ~[junit-jupiter-engine-5.8.2.jar:5.8.2]
	at org.junit.jupiter.engine.extension.TimeoutExtension.interceptTestableMethod(TimeoutExtension.java:140) ~[junit-jupiter-engine-5.8.2.jar:5.8.2]
	at org.junit.jupiter.engine.extension.TimeoutExtension.interceptTestTemplateMethod(TimeoutExtension.java:92) ~[junit-jupiter-engine-5.8.2.jar:5.8.2]
	at org.junit.jupiter.engine.execution.ExecutableInvoker$ReflectiveInterceptorCall.lambda$ofVoidMethod$0(ExecutableInvoker.java:115) ~[junit-jupiter-engine-5.8.2.jar:5.8.2]
	at org.junit.jupiter.engine.execution.ExecutableInvoker.lambda$invoke$0(ExecutableInvoker.java:105) ~[junit-jupiter-engine-5.8.2.jar:5.8.2]
	at org.junit.jupiter.engine.execution.InvocationInterceptorChain$InterceptedInvocation.proceed(InvocationInterceptorChain.java:106) ~[junit-jupiter-engine-5.8.2.jar:5.8.2]
	at org.junit.jupiter.engine.execution.InvocationInterceptorChain.proceed(InvocationInterceptorChain.java:64) ~[junit-jupiter-engine-5.8.2.jar:5.8.2]
	at org.junit.jupiter.engine.execution.InvocationInterceptorChain.chainAndInvoke(InvocationInterceptorChain.java:45) ~[junit-jupiter-engine-5.8.2.jar:5.8.2]
	at org.junit.jupiter.engine.execution.InvocationInterceptorChain.invoke(InvocationInterceptorChain.java:37) ~[junit-jupiter-engine-5.8.2.jar:5.8.2]
	at org.junit.jupiter.engine.execution.ExecutableInvoker.invoke(ExecutableInvoker.java:104) ~[junit-jupiter-engine-5.8.2.jar:5.8.2]
	at org.junit.jupiter.engine.execution.ExecutableInvoker.invoke(ExecutableInvoker.java:98) ~[junit-jupiter-engine-5.8.2.jar:5.8.2]
	at org.junit.jupiter.engine.descriptor.TestMethodTestDescriptor.lambda$invokeTestMethod$7(TestMethodTestDescriptor.java:214) ~[junit-jupiter-engine-5.8.2.jar:5.8.2]
	at org.junit.platform.engine.support.hierarchical.ThrowableCollector.execute(ThrowableCollector.java:73) ~[junit-platform-engine-1.8.2.jar:1.8.2]
	at org.junit.jupiter.engine.descriptor.TestMethodTestDescriptor.invokeTestMethod(TestMethodTestDescriptor.java:210) ~[junit-jupiter-engine-5.8.2.jar:5.8.2]
	at org.junit.jupiter.engine.descriptor.TestMethodTestDescriptor.execute(TestMethodTestDescriptor.java:135) ~[junit-jupiter-engine-5.8.2.jar:5.8.2]
	at org.junit.jupiter.engine.descriptor.TestMethodTestDescriptor.execute(TestMethodTestDescriptor.java:66) ~[junit-jupiter-engine-5.8.2.jar:5.8.2]
	at org.junit.platform.engine.support.hierarchical.NodeTestTask.lambda$executeRecursively$6(NodeTestTask.java:151) ~[junit-platform-engine-1.8.2.jar:1.8.2]
	at org.junit.platform.engine.support.hierarchical.ThrowableCollector.execute(ThrowableCollector.java:73) ~[junit-platform-engine-1.8.2.jar:1.8.2]
	at org.junit.platform.engine.support.hierarchical.NodeTestTask.lambda$executeRecursively$8(NodeTestTask.java:141) ~[junit-platform-engine-1.8.2.jar:1.8.2]
	at org.junit.platform.engine.support.hierarchical.Node.around(Node.java:137) ~[junit-platform-engine-1.8.2.jar:1.8.2]
	at org.junit.platform.engine.support.hierarchical.NodeTestTask.lambda$executeRecursively$9(NodeTestTask.java:139) ~[junit-platform-engine-1.8.2.jar:1.8.2]
	at org.junit.platform.engine.support.hierarchical.ThrowableCollector.execute(ThrowableCollector.java:73) ~[junit-platform-engine-1.8.2.jar:1.8.2]
	at org.junit.platform.engine.support.hierarchical.NodeTestTask.executeRecursively(NodeTestTask.java:138) ~[junit-platform-engine-1.8.2.jar:1.8.2]
	at org.junit.platform.engine.support.hierarchical.NodeTestTask.execute(NodeTestTask.java:95) ~[junit-platform-engine-1.8.2.jar:1.8.2]
	at org.junit.platform.engine.support.hierarchical.SameThreadHierarchicalTestExecutorService.submit(SameThreadHierarchicalTestExecutorService.java:35) ~[junit-platform-engine-1.8.2.jar:1.8.2]
	at org.junit.platform.engine.support.hierarchical.NodeTestTask$DefaultDynamicTestExecutor.execute(NodeTestTask.java:226) ~[junit-platform-engine-1.8.2.jar:1.8.2]
	at org.junit.platform.engine.support.hierarchical.NodeTestTask$DefaultDynamicTestExecutor.execute(NodeTestTask.java:204) ~[junit-platform-engine-1.8.2.jar:1.8.2]
	at org.junit.jupiter.engine.descriptor.TestTemplateTestDescriptor.execute(TestTemplateTestDescriptor.java:139) ~[junit-jupiter-engine-5.8.2.jar:5.8.2]
	at org.junit.jupiter.engine.descriptor.TestTemplateTestDescriptor.lambda$execute$2(TestTemplateTestDescriptor.java:107) ~[junit-jupiter-engine-5.8.2.jar:5.8.2]
	at java.util.stream.ForEachOps$ForEachOp$OfRef.accept(ForEachOps.java:183) ~[?:1.8.0_362]
	at java.util.stream.ReferencePipeline$3$1.accept(ReferencePipeline.java:193) ~[?:1.8.0_362]
	at java.util.stream.ReferencePipeline$2$1.accept(ReferencePipeline.java:175) ~[?:1.8.0_362]
	at java.util.stream.ReferencePipeline$3$1.accept(ReferencePipeline.java:193) ~[?:1.8.0_362]
	at java.util.stream.ForEachOps$ForEachOp$OfRef.accept(ForEachOps.java:183) ~[?:1.8.0_362]
	at java.util.stream.ReferencePipeline$3$1.accept(ReferencePipeline.java:193) ~[?:1.8.0_362]
	at java.util.stream.ReferencePipeline$3$1.accept(ReferencePipeline.java:193) ~[?:1.8.0_362]
	at java.util.stream.ReferencePipeline$3$1.accept(ReferencePipeline.java:193) ~[?:1.8.0_362]
	at java.util.stream.ForEachOps$ForEachOp$OfRef.accept(ForEachOps.java:183) ~[?:1.8.0_362]
	at java.util.stream.ReferencePipeline$3$1.accept(ReferencePipeline.java:193) ~[?:1.8.0_362]
	at java.util.Spliterators$ArraySpliterator.forEachRemaining(Spliterators.java:948) ~[?:1.8.0_362]
	at java.util.stream.ReferencePipeline$Head.forEach(ReferencePipeline.java:647) ~[?:1.8.0_362]
	at java.util.stream.ReferencePipeline$7$1.accept(ReferencePipeline.java:272) ~[?:1.8.0_362]
	at java.util.stream.ReferencePipeline$3$1.accept(ReferencePipeline.java:193) ~[?:1.8.0_362]
	at java.util.stream.ReferencePipeline$3$1.accept(ReferencePipeline.java:193) ~[?:1.8.0_362]
	at java.util.Spliterators$ArraySpliterator.forEachRemaining(Spliterators.java:948) ~[?:1.8.0_362]
	at java.util.stream.AbstractPipeline.copyInto(AbstractPipeline.java:482) ~[?:1.8.0_362]
	at java.util.stream.AbstractPipeline.wrapAndCopyInto(AbstractPipeline.java:472) ~[?:1.8.0_362]
	at java.util.stream.ForEachOps$ForEachOp.evaluateSequential(ForEachOps.java:150) ~[?:1.8.0_362]
	at java.util.stream.ForEachOps$ForEachOp$OfRef.evaluateSequential(ForEachOps.java:173) ~[?:1.8.0_362]
	at java.util.stream.AbstractPipeline.evaluate(AbstractPipeline.java:234) ~[?:1.8.0_362]
	at java.util.stream.ReferencePipeline.forEach(ReferencePipeline.java:485) ~[?:1.8.0_362]
	at java.util.stream.ReferencePipeline$7$1.accept(ReferencePipeline.java:272) ~[?:1.8.0_362]
	at java.util.stream.ReferencePipeline$3$1.accept(ReferencePipeline.java:193) ~[?:1.8.0_362]
	at java.util.stream.ReferencePipeline$3$1.accept(ReferencePipeline.java:193) ~[?:1.8.0_362]
	at java.util.stream.ReferencePipeline$3$1.accept(ReferencePipeline.java:193) ~[?:1.8.0_362]
	at java.util.ArrayList$ArrayListSpliterator.forEachRemaining(ArrayList.java:1384) ~[?:1.8.0_362]
	at java.util.stream.AbstractPipeline.copyInto(AbstractPipeline.java:482) ~[?:1.8.0_362]
	at java.util.stream.AbstractPipeline.wrapAndCopyInto(AbstractPipeline.java:472) ~[?:1.8.0_362]
	at java.util.stream.ForEachOps$ForEachOp.evaluateSequential(ForEachOps.java:150) ~[?:1.8.0_362]
	at java.util.stream.ForEachOps$ForEachOp$OfRef.evaluateSequential(ForEachOps.java:173) ~[?:1.8.0_362]
	at java.util.stream.AbstractPipeline.evaluate(AbstractPipeline.java:234) ~[?:1.8.0_362]
	at java.util.stream.ReferencePipeline.forEach(ReferencePipeline.java:485) ~[?:1.8.0_362]
	at java.util.stream.ReferencePipeline$7$1.accept(ReferencePipeline.java:272) ~[?:1.8.0_362]
	at java.util.ArrayList$ArrayListSpliterator.forEachRemaining(ArrayList.java:1384) ~[?:1.8.0_362]
	at java.util.stream.AbstractPipeline.copyInto(AbstractPipeline.java:482) ~[?:1.8.0_362]
	at java.util.stream.AbstractPipeline.wrapAndCopyInto(AbstractPipeline.java:472) ~[?:1.8.0_362]
	at java.util.stream.ForEachOps$ForEachOp.evaluateSequential(ForEachOps.java:150) ~[?:1.8.0_362]
	at java.util.stream.ForEachOps$ForEachOp$OfRef.evaluateSequential(ForEachOps.java:173) ~[?:1.8.0_362]
	at java.util.stream.AbstractPipeline.evaluate(AbstractPipeline.java:234) ~[?:1.8.0_362]
	at java.util.stream.ReferencePipeline.forEach(ReferencePipeline.java:485) ~[?:1.8.0_362]
	at org.junit.jupiter.engine.descriptor.TestTemplateTestDescriptor.execute(TestTemplateTestDescriptor.java:107) ~[junit-jupiter-engine-5.8.2.jar:5.8.2]
	at org.junit.jupiter.engine.descriptor.TestTemplateTestDescriptor.execute(TestTemplateTestDescriptor.java:42) ~[junit-jupiter-engine-5.8.2.jar:5.8.2]
	at org.junit.platform.engine.support.hierarchical.NodeTestTask.lambda$executeRecursively$6(NodeTestTask.java:151) ~[junit-platform-engine-1.8.2.jar:1.8.2]
	at org.junit.platform.engine.support.hierarchical.ThrowableCollector.execute(ThrowableCollector.java:73) ~[junit-platform-engine-1.8.2.jar:1.8.2]
	at org.junit.platform.engine.support.hierarchical.NodeTestTask.lambda$executeRecursively$8(NodeTestTask.java:141) ~[junit-platform-engine-1.8.2.jar:1.8.2]
	at org.junit.platform.engine.support.hierarchical.Node.around(Node.java:137) ~[junit-platform-engine-1.8.2.jar:1.8.2]
	at org.junit.platform.engine.support.hierarchical.NodeTestTask.lambda$executeRecursively$9(NodeTestTask.java:139) ~[junit-platform-engine-1.8.2.jar:1.8.2]
	at org.junit.platform.engine.support.hierarchical.ThrowableCollector.execute(ThrowableCollector.java:73) ~[junit-platform-engine-1.8.2.jar:1.8.2]
	at org.junit.platform.engine.support.hierarchical.NodeTestTask.executeRecursively(NodeTestTask.java:138) ~[junit-platform-engine-1.8.2.jar:1.8.2]
	at org.junit.platform.engine.support.hierarchical.NodeTestTask.execute(NodeTestTask.java:95) ~[junit-platform-engine-1.8.2.jar:1.8.2]
	at java.util.ArrayList.forEach(ArrayList.java:1259) ~[?:1.8.0_362]
	at org.junit.platform.engine.support.hierarchical.SameThreadHierarchicalTestExecutorService.invokeAll(SameThreadHierarchicalTestExecutorService.java:41) ~[junit-platform-engine-1.8.2.jar:1.8.2]
	at org.junit.platform.engine.support.hierarchical.NodeTestTask.lambda$executeRecursively$6(NodeTestTask.java:155) ~[junit-platform-engine-1.8.2.jar:1.8.2]
	at org.junit.platform.engine.support.hierarchical.ThrowableCollector.execute(ThrowableCollector.java:73) ~[junit-platform-engine-1.8.2.jar:1.8.2]
	at org.junit.platform.engine.support.hierarchical.NodeTestTask.lambda$executeRecursively$8(NodeTestTask.java:141) ~[junit-platform-engine-1.8.2.jar:1.8.2]
	at org.junit.platform.engine.support.hierarchical.Node.around(Node.java:137) ~[junit-platform-engine-1.8.2.jar:1.8.2]
	at org.junit.platform.engine.support.hierarchical.NodeTestTask.lambda$executeRecursively$9(NodeTestTask.java:139) ~[junit-platform-engine-1.8.2.jar:1.8.2]
	at org.junit.platform.engine.support.hierarchical.ThrowableCollector.execute(ThrowableCollector.java:73) ~[junit-platform-engine-1.8.2.jar:1.8.2]
	at org.junit.platform.engine.support.hierarchical.NodeTestTask.executeRecursively(NodeTestTask.java:138) ~[junit-platform-engine-1.8.2.jar:1.8.2]
	at org.junit.platform.engine.support.hierarchical.NodeTestTask.execute(NodeTestTask.java:95) ~[junit-platform-engine-1.8.2.jar:1.8.2]
	at java.util.ArrayList.forEach(ArrayList.java:1259) ~[?:1.8.0_362]
	at org.junit.platform.engine.support.hierarchical.SameThreadHierarchicalTestExecutorService.invokeAll(SameThreadHierarchicalTestExecutorService.java:41) ~[junit-platform-engine-1.8.2.jar:1.8.2]
	at org.junit.platform.engine.support.hierarchical.NodeTestTask.lambda$executeRecursively$6(NodeTestTask.java:155) ~[junit-platform-engine-1.8.2.jar:1.8.2]
	at org.junit.platform.engine.support.hierarchical.ThrowableCollector.execute(ThrowableCollector.java:73) ~[junit-platform-engine-1.8.2.jar:1.8.2]
	at org.junit.platform.engine.support.hierarchical.NodeTestTask.lambda$executeRecursively$8(NodeTestTask.java:141) ~[junit-platform-engine-1.8.2.jar:1.8.2]
	at org.junit.platform.engine.support.hierarchical.Node.around(Node.java:137) ~[junit-platform-engine-1.8.2.jar:1.8.2]
	at org.junit.platform.engine.support.hierarchical.NodeTestTask.lambda$executeRecursively$9(NodeTestTask.java:139) ~[junit-platform-engine-1.8.2.jar:1.8.2]
	at org.junit.platform.engine.support.hierarchical.ThrowableCollector.execute(ThrowableCollector.java:73) ~[junit-platform-engine-1.8.2.jar:1.8.2]
	at org.junit.platform.engine.support.hierarchical.NodeTestTask.executeRecursively(NodeTestTask.java:138) ~[junit-platform-engine-1.8.2.jar:1.8.2]
	at org.junit.platform.engine.support.hierarchical.NodeTestTask.execute(NodeTestTask.java:95) ~[junit-platform-engine-1.8.2.jar:1.8.2]
	at org.junit.platform.engine.support.hierarchical.SameThreadHierarchicalTestExecutorService.submit(SameThreadHierarchicalTestExecutorService.java:35) ~[junit-platform-engine-1.8.2.jar:1.8.2]
	at org.junit.platform.engine.support.hierarchical.HierarchicalTestExecutor.execute(HierarchicalTestExecutor.java:57) ~[junit-platform-engine-1.8.2.jar:1.8.2]
	at org.junit.platform.engine.support.hierarchical.HierarchicalTestEngine.execute(HierarchicalTestEngine.java:54) ~[junit-platform-engine-1.8.2.jar:1.8.2]
	at org.junit.platform.launcher.core.EngineExecutionOrchestrator.execute(EngineExecutionOrchestrator.java:107) ~[junit-platform-launcher-1.8.2.jar:1.8.2]
	at org.junit.platform.launcher.core.EngineExecutionOrchestrator.execute(EngineExecutionOrchestrator.java:88) ~[junit-platform-launcher-1.8.2.jar:1.8.2]
	at org.junit.platform.launcher.core.EngineExecutionOrchestrator.lambda$execute$0(EngineExecutionOrchestrator.java:54) ~[junit-platform-launcher-1.8.2.jar:1.8.2]
	at org.junit.platform.launcher.core.EngineExecutionOrchestrator.withInterceptedStreams(EngineExecutionOrchestrator.java:67) [junit-platform-launcher-1.8.2.jar:1.8.2]
	at org.junit.platform.launcher.core.EngineExecutionOrchestrator.execute(EngineExecutionOrchestrator.java:52) [junit-platform-launcher-1.8.2.jar:1.8.2]
	at org.junit.platform.launcher.core.DefaultLauncher.execute(DefaultLauncher.java:114) [junit-platform-launcher-1.8.2.jar:1.8.2]
	at org.junit.platform.launcher.core.DefaultLauncher.execute(DefaultLauncher.java:86) [junit-platform-launcher-1.8.2.jar:1.8.2]
	at org.junit.platform.launcher.core.DefaultLauncherSession$DelegatingLauncher.execute(DefaultLauncherSession.java:86) [junit-platform-launcher-1.8.2.jar:1.8.2]
	at org.junit.platform.launcher.core.SessionPerRequestLauncher.execute(SessionPerRequestLauncher.java:53) [junit-platform-launcher-1.8.2.jar:1.8.2]
	at org.apache.maven.surefire.junitplatform.JUnitPlatformProvider.execute(JUnitPlatformProvider.java:188) [surefire-junit-platform-3.0.0-M5.jar:3.0.0-M5]
	at org.apache.maven.surefire.junitplatform.JUnitPlatformProvider.invokeAllTests(JUnitPlatformProvider.java:154) [surefire-junit-platform-3.0.0-M5.jar:3.0.0-M5]
	at org.apache.maven.surefire.junitplatform.JUnitPlatformProvider.invoke(JUnitPlatformProvider.java:124) [surefire-junit-platform-3.0.0-M5.jar:3.0.0-M5]
	at org.apache.maven.surefire.booter.ForkedBooter.runSuitesInProcess(ForkedBooter.java:428) [surefire-booter-3.0.0-M5.jar:3.0.0-M5]
	at org.apache.maven.surefire.booter.ForkedBooter.execute(ForkedBooter.java:162) [surefire-booter-3.0.0-M5.jar:3.0.0-M5]
	at org.apache.maven.surefire.booter.ForkedBooter.run(ForkedBooter.java:562) [surefire-booter-3.0.0-M5.jar:3.0.0-M5]
	at org.apache.maven.surefire.booter.ForkedBooter.main(ForkedBooter.java:548) [surefire-booter-3.0.0-M5.jar:3.0.0-M5]
]]></system-out>
  </testcase>
  <testcase name="testListStatusWithNotAllowedUser(BucketLayout, boolean, boolean)[7]" classname="org.apache.hadoop.ozone.om.snapshot.TestOzoneManagerSnapshotAcl" time="1.105">
    <system-out><![CDATA[2023-03-16 19:32:01,121 [Listener at 127.0.0.1/32993] INFO  rpc.RpcClient (RpcClient.java:createVolume(476)) - Creating Volume: volume-08851, with admin as owner and space quota set to -1 bytes, counts quota set to -1
2023-03-16 19:32:01,123 [OM StateMachine ApplyTransaction Thread - 0] INFO  volume.OMVolumeCreateRequest (OMVolumeCreateRequest.java:validateAndUpdateCache(195)) - created volume:volume-08851 for user:admin
2023-03-16 19:32:01,125 [Listener at 127.0.0.1/32993] INFO  rpc.RpcClient (RpcClient.java:createBucket(698)) - Creating Bucket: volume-08851/bucket-80278, with bucket layout FILE_SYSTEM_OPTIMIZED, admin as owner, Versioning false, Storage Type set to DISK and Encryption set to false, Replication Type set to server-side default replication type, Namespace Quota set to -1, Space Quota set to -1 
2023-03-16 19:32:01,127 [OM StateMachine ApplyTransaction Thread - 0] INFO  bucket.OMBucketCreateRequest (OMBucketCreateRequest.java:validateAndUpdateCache(263)) - created bucket: bucket-80278 of layout FILE_SYSTEM_OPTIMIZED in volume: volume-08851
2023-03-16 19:32:01,157 [OM StateMachine ApplyTransaction Thread - 0] INFO  snapshot.OMSnapshotCreateRequest (OMSnapshotCreateRequest.java:validateAndUpdateCache(204)) - Created snapshot 'snapshot-11222' under path 'volume-08851/bucket-80278'
2023-03-16 19:32:01,181 [OMDoubleBufferFlushThread] INFO  db.RDBCheckpointManager (RDBCheckpointManager.java:createCheckpoint(96)) - Created checkpoint in rocksDB at /home/runner/work/ozone/ozone/hadoop-ozone/integration-test/target/test-dir/MiniOzoneClusterImpl-7c80c19b-b74a-4fd6-b02a-95a373f15db1/omNode-1/db.snapshots/om.db-c8ef1625-1bd8-4a31-b0fa-ef82162f32a0 in 23 milliseconds
2023-03-16 19:32:01,181 [OMDoubleBufferFlushThread] INFO  db.RDBCheckpointManager (RDBCheckpointManager.java:waitForCheckpointDirectoryExist(125)) - Waited for 0 milliseconds for checkpoint directory /home/runner/work/ozone/ozone/hadoop-ozone/integration-test/target/test-dir/MiniOzoneClusterImpl-7c80c19b-b74a-4fd6-b02a-95a373f15db1/omNode-1/db.snapshots/om.db-c8ef1625-1bd8-4a31-b0fa-ef82162f32a0 availability.
2023-03-16 19:32:01,182 [OMDoubleBufferFlushThread] INFO  om.OmSnapshotManager (OmSnapshotManager.java:createOmSnapshotCheckpoint(269)) - Created checkpoint : /home/runner/work/ozone/ozone/hadoop-ozone/integration-test/target/test-dir/MiniOzoneClusterImpl-7c80c19b-b74a-4fd6-b02a-95a373f15db1/omNode-1/db.snapshots/om.db-c8ef1625-1bd8-4a31-b0fa-ef82162f32a0 for snapshot snapshot-11222
2023-03-16 19:32:02,166 [Listener at 127.0.0.1/32993] WARN  server.ServerUtils (ServerUtils.java:getDBPath(225)) - ozone.om.db.dirs is not configured. We recommend adding this setting. Falling back to ozone.metadata.dirs instead.
2023-03-16 19:32:02,167 [Listener at 127.0.0.1/32993] INFO  codec.OmKeyInfoCodec (OmKeyInfoCodec.java:<init>(49)) - OmKeyInfoCodec ignorePipeline = true
2023-03-16 19:32:02,167 [Listener at 127.0.0.1/32993] INFO  codec.RepeatedOmKeyInfoCodec (RepeatedOmKeyInfoCodec.java:<init>(41)) - RepeatedOmKeyInfoCodec ignorePipeline = true
2023-03-16 19:32:02,211 [Listener at 127.0.0.1/32993] WARN  om.OmSnapshot (OmMetadataReader.java:checkAcls(497)) - User user2 doesn't have READ permission to access key Volume:volume-08851 Bucket:bucket-80278 Key:key-60065
19:32:02.212 [Listener at 127.0.0.1/32993] ERROR OMAudit - user=null | ip=null | op=LIST_STATUS {volume=volume-08851, bucket=bucket-80278, key=key-60065, dataSize=0, replicationConfig=null} | ret=FAILURE
org.apache.hadoop.ozone.om.exceptions.OMException: User user2 doesn't have READ permission to access key Volume:volume-08851 Bucket:bucket-80278 Key:key-60065
	at org.apache.hadoop.ozone.om.OmMetadataReader.checkAcls(OmMetadataReader.java:500) ~[ozone-manager-1.4.0-SNAPSHOT.jar:?]
	at org.apache.hadoop.ozone.om.OmMetadataReader.checkAcls(OmMetadataReader.java:475) ~[ozone-manager-1.4.0-SNAPSHOT.jar:?]
	at org.apache.hadoop.ozone.om.OzoneAclUtils.checkAllAcls(OzoneAclUtils.java:129) ~[ozone-manager-1.4.0-SNAPSHOT.jar:?]
	at org.apache.hadoop.ozone.om.OmMetadataReader.checkAcls(OmMetadataReader.java:437) ~[ozone-manager-1.4.0-SNAPSHOT.jar:?]
	at org.apache.hadoop.ozone.om.OmMetadataReader.listStatus(OmMetadataReader.java:257) ~[ozone-manager-1.4.0-SNAPSHOT.jar:?]
	at org.apache.hadoop.ozone.om.OmSnapshot.listStatus(OmSnapshot.java:108) ~[ozone-manager-1.4.0-SNAPSHOT.jar:?]
	at org.apache.hadoop.ozone.om.OzoneManager.listStatus(OzoneManager.java:3513) ~[ozone-manager-1.4.0-SNAPSHOT.jar:?]
	at org.apache.hadoop.ozone.om.snapshot.TestOzoneManagerSnapshotAcl.lambda$testListStatusWithNotAllowedUser$7(TestOzoneManagerSnapshotAcl.java:262) ~[test-classes/:?]
	at org.junit.jupiter.api.AssertThrows.assertThrows(AssertThrows.java:55) ~[junit-jupiter-api-5.8.2.jar:5.8.2]
	at org.junit.jupiter.api.AssertThrows.assertThrows(AssertThrows.java:37) ~[junit-jupiter-api-5.8.2.jar:5.8.2]
	at org.junit.jupiter.api.Assertions.assertThrows(Assertions.java:3082) ~[junit-jupiter-api-5.8.2.jar:5.8.2]
	at org.apache.hadoop.ozone.om.snapshot.TestOzoneManagerSnapshotAcl.testListStatusWithNotAllowedUser(TestOzoneManagerSnapshotAcl.java:261) ~[test-classes/:?]
	at sun.reflect.NativeMethodAccessorImpl.invoke0(Native Method) ~[?:1.8.0_362]
	at sun.reflect.NativeMethodAccessorImpl.invoke(NativeMethodAccessorImpl.java:62) ~[?:1.8.0_362]
	at sun.reflect.DelegatingMethodAccessorImpl.invoke(DelegatingMethodAccessorImpl.java:43) ~[?:1.8.0_362]
	at java.lang.reflect.Method.invoke(Method.java:498) ~[?:1.8.0_362]
	at org.junit.platform.commons.util.ReflectionUtils.invokeMethod(ReflectionUtils.java:725) ~[junit-platform-commons-1.8.2.jar:1.8.2]
	at org.junit.jupiter.engine.execution.MethodInvocation.proceed(MethodInvocation.java:60) ~[junit-jupiter-engine-5.8.2.jar:5.8.2]
	at org.junit.jupiter.engine.execution.InvocationInterceptorChain$ValidatingInvocation.proceed(InvocationInterceptorChain.java:131) ~[junit-jupiter-engine-5.8.2.jar:5.8.2]
	at org.junit.jupiter.engine.extension.TimeoutInvocation.proceed(TimeoutInvocation.java:46) ~[junit-jupiter-engine-5.8.2.jar:5.8.2]
	at org.junit.jupiter.engine.extension.TimeoutExtension.intercept(TimeoutExtension.java:149) ~[junit-jupiter-engine-5.8.2.jar:5.8.2]
	at org.junit.jupiter.engine.extension.TimeoutExtension.interceptTestableMethod(TimeoutExtension.java:140) ~[junit-jupiter-engine-5.8.2.jar:5.8.2]
	at org.junit.jupiter.engine.extension.TimeoutExtension.interceptTestTemplateMethod(TimeoutExtension.java:92) ~[junit-jupiter-engine-5.8.2.jar:5.8.2]
	at org.junit.jupiter.engine.execution.ExecutableInvoker$ReflectiveInterceptorCall.lambda$ofVoidMethod$0(ExecutableInvoker.java:115) ~[junit-jupiter-engine-5.8.2.jar:5.8.2]
	at org.junit.jupiter.engine.execution.ExecutableInvoker.lambda$invoke$0(ExecutableInvoker.java:105) ~[junit-jupiter-engine-5.8.2.jar:5.8.2]
	at org.junit.jupiter.engine.execution.InvocationInterceptorChain$InterceptedInvocation.proceed(InvocationInterceptorChain.java:106) ~[junit-jupiter-engine-5.8.2.jar:5.8.2]
	at org.junit.jupiter.engine.execution.InvocationInterceptorChain.proceed(InvocationInterceptorChain.java:64) ~[junit-jupiter-engine-5.8.2.jar:5.8.2]
	at org.junit.jupiter.engine.execution.InvocationInterceptorChain.chainAndInvoke(InvocationInterceptorChain.java:45) ~[junit-jupiter-engine-5.8.2.jar:5.8.2]
	at org.junit.jupiter.engine.execution.InvocationInterceptorChain.invoke(InvocationInterceptorChain.java:37) ~[junit-jupiter-engine-5.8.2.jar:5.8.2]
	at org.junit.jupiter.engine.execution.ExecutableInvoker.invoke(ExecutableInvoker.java:104) ~[junit-jupiter-engine-5.8.2.jar:5.8.2]
	at org.junit.jupiter.engine.execution.ExecutableInvoker.invoke(ExecutableInvoker.java:98) ~[junit-jupiter-engine-5.8.2.jar:5.8.2]
	at org.junit.jupiter.engine.descriptor.TestMethodTestDescriptor.lambda$invokeTestMethod$7(TestMethodTestDescriptor.java:214) ~[junit-jupiter-engine-5.8.2.jar:5.8.2]
	at org.junit.platform.engine.support.hierarchical.ThrowableCollector.execute(ThrowableCollector.java:73) ~[junit-platform-engine-1.8.2.jar:1.8.2]
	at org.junit.jupiter.engine.descriptor.TestMethodTestDescriptor.invokeTestMethod(TestMethodTestDescriptor.java:210) ~[junit-jupiter-engine-5.8.2.jar:5.8.2]
	at org.junit.jupiter.engine.descriptor.TestMethodTestDescriptor.execute(TestMethodTestDescriptor.java:135) ~[junit-jupiter-engine-5.8.2.jar:5.8.2]
	at org.junit.jupiter.engine.descriptor.TestMethodTestDescriptor.execute(TestMethodTestDescriptor.java:66) ~[junit-jupiter-engine-5.8.2.jar:5.8.2]
	at org.junit.platform.engine.support.hierarchical.NodeTestTask.lambda$executeRecursively$6(NodeTestTask.java:151) ~[junit-platform-engine-1.8.2.jar:1.8.2]
	at org.junit.platform.engine.support.hierarchical.ThrowableCollector.execute(ThrowableCollector.java:73) ~[junit-platform-engine-1.8.2.jar:1.8.2]
	at org.junit.platform.engine.support.hierarchical.NodeTestTask.lambda$executeRecursively$8(NodeTestTask.java:141) ~[junit-platform-engine-1.8.2.jar:1.8.2]
	at org.junit.platform.engine.support.hierarchical.Node.around(Node.java:137) ~[junit-platform-engine-1.8.2.jar:1.8.2]
	at org.junit.platform.engine.support.hierarchical.NodeTestTask.lambda$executeRecursively$9(NodeTestTask.java:139) ~[junit-platform-engine-1.8.2.jar:1.8.2]
	at org.junit.platform.engine.support.hierarchical.ThrowableCollector.execute(ThrowableCollector.java:73) ~[junit-platform-engine-1.8.2.jar:1.8.2]
	at org.junit.platform.engine.support.hierarchical.NodeTestTask.executeRecursively(NodeTestTask.java:138) ~[junit-platform-engine-1.8.2.jar:1.8.2]
	at org.junit.platform.engine.support.hierarchical.NodeTestTask.execute(NodeTestTask.java:95) ~[junit-platform-engine-1.8.2.jar:1.8.2]
	at org.junit.platform.engine.support.hierarchical.SameThreadHierarchicalTestExecutorService.submit(SameThreadHierarchicalTestExecutorService.java:35) ~[junit-platform-engine-1.8.2.jar:1.8.2]
	at org.junit.platform.engine.support.hierarchical.NodeTestTask$DefaultDynamicTestExecutor.execute(NodeTestTask.java:226) ~[junit-platform-engine-1.8.2.jar:1.8.2]
	at org.junit.platform.engine.support.hierarchical.NodeTestTask$DefaultDynamicTestExecutor.execute(NodeTestTask.java:204) ~[junit-platform-engine-1.8.2.jar:1.8.2]
	at org.junit.jupiter.engine.descriptor.TestTemplateTestDescriptor.execute(TestTemplateTestDescriptor.java:139) ~[junit-jupiter-engine-5.8.2.jar:5.8.2]
	at org.junit.jupiter.engine.descriptor.TestTemplateTestDescriptor.lambda$execute$2(TestTemplateTestDescriptor.java:107) ~[junit-jupiter-engine-5.8.2.jar:5.8.2]
	at java.util.stream.ForEachOps$ForEachOp$OfRef.accept(ForEachOps.java:183) ~[?:1.8.0_362]
	at java.util.stream.ReferencePipeline$3$1.accept(ReferencePipeline.java:193) ~[?:1.8.0_362]
	at java.util.stream.ReferencePipeline$2$1.accept(ReferencePipeline.java:175) ~[?:1.8.0_362]
	at java.util.stream.ReferencePipeline$3$1.accept(ReferencePipeline.java:193) ~[?:1.8.0_362]
	at java.util.stream.ForEachOps$ForEachOp$OfRef.accept(ForEachOps.java:183) ~[?:1.8.0_362]
	at java.util.stream.ReferencePipeline$3$1.accept(ReferencePipeline.java:193) ~[?:1.8.0_362]
	at java.util.stream.ReferencePipeline$3$1.accept(ReferencePipeline.java:193) ~[?:1.8.0_362]
	at java.util.stream.ReferencePipeline$3$1.accept(ReferencePipeline.java:193) ~[?:1.8.0_362]
	at java.util.stream.ForEachOps$ForEachOp$OfRef.accept(ForEachOps.java:183) ~[?:1.8.0_362]
	at java.util.stream.ReferencePipeline$3$1.accept(ReferencePipeline.java:193) ~[?:1.8.0_362]
	at java.util.Spliterators$ArraySpliterator.forEachRemaining(Spliterators.java:948) ~[?:1.8.0_362]
	at java.util.stream.ReferencePipeline$Head.forEach(ReferencePipeline.java:647) ~[?:1.8.0_362]
	at java.util.stream.ReferencePipeline$7$1.accept(ReferencePipeline.java:272) ~[?:1.8.0_362]
	at java.util.stream.ReferencePipeline$3$1.accept(ReferencePipeline.java:193) ~[?:1.8.0_362]
	at java.util.stream.ReferencePipeline$3$1.accept(ReferencePipeline.java:193) ~[?:1.8.0_362]
	at java.util.Spliterators$ArraySpliterator.forEachRemaining(Spliterators.java:948) ~[?:1.8.0_362]
	at java.util.stream.AbstractPipeline.copyInto(AbstractPipeline.java:482) ~[?:1.8.0_362]
	at java.util.stream.AbstractPipeline.wrapAndCopyInto(AbstractPipeline.java:472) ~[?:1.8.0_362]
	at java.util.stream.ForEachOps$ForEachOp.evaluateSequential(ForEachOps.java:150) ~[?:1.8.0_362]
	at java.util.stream.ForEachOps$ForEachOp$OfRef.evaluateSequential(ForEachOps.java:173) ~[?:1.8.0_362]
	at java.util.stream.AbstractPipeline.evaluate(AbstractPipeline.java:234) ~[?:1.8.0_362]
	at java.util.stream.ReferencePipeline.forEach(ReferencePipeline.java:485) ~[?:1.8.0_362]
	at java.util.stream.ReferencePipeline$7$1.accept(ReferencePipeline.java:272) ~[?:1.8.0_362]
	at java.util.stream.ReferencePipeline$3$1.accept(ReferencePipeline.java:193) ~[?:1.8.0_362]
	at java.util.stream.ReferencePipeline$3$1.accept(ReferencePipeline.java:193) ~[?:1.8.0_362]
	at java.util.stream.ReferencePipeline$3$1.accept(ReferencePipeline.java:193) ~[?:1.8.0_362]
	at java.util.ArrayList$ArrayListSpliterator.forEachRemaining(ArrayList.java:1384) ~[?:1.8.0_362]
	at java.util.stream.AbstractPipeline.copyInto(AbstractPipeline.java:482) ~[?:1.8.0_362]
	at java.util.stream.AbstractPipeline.wrapAndCopyInto(AbstractPipeline.java:472) ~[?:1.8.0_362]
	at java.util.stream.ForEachOps$ForEachOp.evaluateSequential(ForEachOps.java:150) ~[?:1.8.0_362]
	at java.util.stream.ForEachOps$ForEachOp$OfRef.evaluateSequential(ForEachOps.java:173) ~[?:1.8.0_362]
	at java.util.stream.AbstractPipeline.evaluate(AbstractPipeline.java:234) ~[?:1.8.0_362]
	at java.util.stream.ReferencePipeline.forEach(ReferencePipeline.java:485) ~[?:1.8.0_362]
	at java.util.stream.ReferencePipeline$7$1.accept(ReferencePipeline.java:272) ~[?:1.8.0_362]
	at java.util.ArrayList$ArrayListSpliterator.forEachRemaining(ArrayList.java:1384) ~[?:1.8.0_362]
	at java.util.stream.AbstractPipeline.copyInto(AbstractPipeline.java:482) ~[?:1.8.0_362]
	at java.util.stream.AbstractPipeline.wrapAndCopyInto(AbstractPipeline.java:472) ~[?:1.8.0_362]
	at java.util.stream.ForEachOps$ForEachOp.evaluateSequential(ForEachOps.java:150) ~[?:1.8.0_362]
	at java.util.stream.ForEachOps$ForEachOp$OfRef.evaluateSequential(ForEachOps.java:173) ~[?:1.8.0_362]
	at java.util.stream.AbstractPipeline.evaluate(AbstractPipeline.java:234) ~[?:1.8.0_362]
	at java.util.stream.ReferencePipeline.forEach(ReferencePipeline.java:485) ~[?:1.8.0_362]
	at org.junit.jupiter.engine.descriptor.TestTemplateTestDescriptor.execute(TestTemplateTestDescriptor.java:107) ~[junit-jupiter-engine-5.8.2.jar:5.8.2]
	at org.junit.jupiter.engine.descriptor.TestTemplateTestDescriptor.execute(TestTemplateTestDescriptor.java:42) ~[junit-jupiter-engine-5.8.2.jar:5.8.2]
	at org.junit.platform.engine.support.hierarchical.NodeTestTask.lambda$executeRecursively$6(NodeTestTask.java:151) ~[junit-platform-engine-1.8.2.jar:1.8.2]
	at org.junit.platform.engine.support.hierarchical.ThrowableCollector.execute(ThrowableCollector.java:73) ~[junit-platform-engine-1.8.2.jar:1.8.2]
	at org.junit.platform.engine.support.hierarchical.NodeTestTask.lambda$executeRecursively$8(NodeTestTask.java:141) ~[junit-platform-engine-1.8.2.jar:1.8.2]
	at org.junit.platform.engine.support.hierarchical.Node.around(Node.java:137) ~[junit-platform-engine-1.8.2.jar:1.8.2]
	at org.junit.platform.engine.support.hierarchical.NodeTestTask.lambda$executeRecursively$9(NodeTestTask.java:139) ~[junit-platform-engine-1.8.2.jar:1.8.2]
	at org.junit.platform.engine.support.hierarchical.ThrowableCollector.execute(ThrowableCollector.java:73) ~[junit-platform-engine-1.8.2.jar:1.8.2]
	at org.junit.platform.engine.support.hierarchical.NodeTestTask.executeRecursively(NodeTestTask.java:138) ~[junit-platform-engine-1.8.2.jar:1.8.2]
	at org.junit.platform.engine.support.hierarchical.NodeTestTask.execute(NodeTestTask.java:95) ~[junit-platform-engine-1.8.2.jar:1.8.2]
	at java.util.ArrayList.forEach(ArrayList.java:1259) ~[?:1.8.0_362]
	at org.junit.platform.engine.support.hierarchical.SameThreadHierarchicalTestExecutorService.invokeAll(SameThreadHierarchicalTestExecutorService.java:41) ~[junit-platform-engine-1.8.2.jar:1.8.2]
	at org.junit.platform.engine.support.hierarchical.NodeTestTask.lambda$executeRecursively$6(NodeTestTask.java:155) ~[junit-platform-engine-1.8.2.jar:1.8.2]
	at org.junit.platform.engine.support.hierarchical.ThrowableCollector.execute(ThrowableCollector.java:73) ~[junit-platform-engine-1.8.2.jar:1.8.2]
	at org.junit.platform.engine.support.hierarchical.NodeTestTask.lambda$executeRecursively$8(NodeTestTask.java:141) ~[junit-platform-engine-1.8.2.jar:1.8.2]
	at org.junit.platform.engine.support.hierarchical.Node.around(Node.java:137) ~[junit-platform-engine-1.8.2.jar:1.8.2]
	at org.junit.platform.engine.support.hierarchical.NodeTestTask.lambda$executeRecursively$9(NodeTestTask.java:139) ~[junit-platform-engine-1.8.2.jar:1.8.2]
	at org.junit.platform.engine.support.hierarchical.ThrowableCollector.execute(ThrowableCollector.java:73) ~[junit-platform-engine-1.8.2.jar:1.8.2]
	at org.junit.platform.engine.support.hierarchical.NodeTestTask.executeRecursively(NodeTestTask.java:138) ~[junit-platform-engine-1.8.2.jar:1.8.2]
	at org.junit.platform.engine.support.hierarchical.NodeTestTask.execute(NodeTestTask.java:95) ~[junit-platform-engine-1.8.2.jar:1.8.2]
	at java.util.ArrayList.forEach(ArrayList.java:1259) ~[?:1.8.0_362]
	at org.junit.platform.engine.support.hierarchical.SameThreadHierarchicalTestExecutorService.invokeAll(SameThreadHierarchicalTestExecutorService.java:41) ~[junit-platform-engine-1.8.2.jar:1.8.2]
	at org.junit.platform.engine.support.hierarchical.NodeTestTask.lambda$executeRecursively$6(NodeTestTask.java:155) ~[junit-platform-engine-1.8.2.jar:1.8.2]
	at org.junit.platform.engine.support.hierarchical.ThrowableCollector.execute(ThrowableCollector.java:73) ~[junit-platform-engine-1.8.2.jar:1.8.2]
	at org.junit.platform.engine.support.hierarchical.NodeTestTask.lambda$executeRecursively$8(NodeTestTask.java:141) ~[junit-platform-engine-1.8.2.jar:1.8.2]
	at org.junit.platform.engine.support.hierarchical.Node.around(Node.java:137) ~[junit-platform-engine-1.8.2.jar:1.8.2]
	at org.junit.platform.engine.support.hierarchical.NodeTestTask.lambda$executeRecursively$9(NodeTestTask.java:139) ~[junit-platform-engine-1.8.2.jar:1.8.2]
	at org.junit.platform.engine.support.hierarchical.ThrowableCollector.execute(ThrowableCollector.java:73) ~[junit-platform-engine-1.8.2.jar:1.8.2]
	at org.junit.platform.engine.support.hierarchical.NodeTestTask.executeRecursively(NodeTestTask.java:138) ~[junit-platform-engine-1.8.2.jar:1.8.2]
	at org.junit.platform.engine.support.hierarchical.NodeTestTask.execute(NodeTestTask.java:95) ~[junit-platform-engine-1.8.2.jar:1.8.2]
	at org.junit.platform.engine.support.hierarchical.SameThreadHierarchicalTestExecutorService.submit(SameThreadHierarchicalTestExecutorService.java:35) ~[junit-platform-engine-1.8.2.jar:1.8.2]
	at org.junit.platform.engine.support.hierarchical.HierarchicalTestExecutor.execute(HierarchicalTestExecutor.java:57) ~[junit-platform-engine-1.8.2.jar:1.8.2]
	at org.junit.platform.engine.support.hierarchical.HierarchicalTestEngine.execute(HierarchicalTestEngine.java:54) ~[junit-platform-engine-1.8.2.jar:1.8.2]
	at org.junit.platform.launcher.core.EngineExecutionOrchestrator.execute(EngineExecutionOrchestrator.java:107) ~[junit-platform-launcher-1.8.2.jar:1.8.2]
	at org.junit.platform.launcher.core.EngineExecutionOrchestrator.execute(EngineExecutionOrchestrator.java:88) ~[junit-platform-launcher-1.8.2.jar:1.8.2]
	at org.junit.platform.launcher.core.EngineExecutionOrchestrator.lambda$execute$0(EngineExecutionOrchestrator.java:54) ~[junit-platform-launcher-1.8.2.jar:1.8.2]
	at org.junit.platform.launcher.core.EngineExecutionOrchestrator.withInterceptedStreams(EngineExecutionOrchestrator.java:67) [junit-platform-launcher-1.8.2.jar:1.8.2]
	at org.junit.platform.launcher.core.EngineExecutionOrchestrator.execute(EngineExecutionOrchestrator.java:52) [junit-platform-launcher-1.8.2.jar:1.8.2]
	at org.junit.platform.launcher.core.DefaultLauncher.execute(DefaultLauncher.java:114) [junit-platform-launcher-1.8.2.jar:1.8.2]
	at org.junit.platform.launcher.core.DefaultLauncher.execute(DefaultLauncher.java:86) [junit-platform-launcher-1.8.2.jar:1.8.2]
	at org.junit.platform.launcher.core.DefaultLauncherSession$DelegatingLauncher.execute(DefaultLauncherSession.java:86) [junit-platform-launcher-1.8.2.jar:1.8.2]
	at org.junit.platform.launcher.core.SessionPerRequestLauncher.execute(SessionPerRequestLauncher.java:53) [junit-platform-launcher-1.8.2.jar:1.8.2]
	at org.apache.maven.surefire.junitplatform.JUnitPlatformProvider.execute(JUnitPlatformProvider.java:188) [surefire-junit-platform-3.0.0-M5.jar:3.0.0-M5]
	at org.apache.maven.surefire.junitplatform.JUnitPlatformProvider.invokeAllTests(JUnitPlatformProvider.java:154) [surefire-junit-platform-3.0.0-M5.jar:3.0.0-M5]
	at org.apache.maven.surefire.junitplatform.JUnitPlatformProvider.invoke(JUnitPlatformProvider.java:124) [surefire-junit-platform-3.0.0-M5.jar:3.0.0-M5]
	at org.apache.maven.surefire.booter.ForkedBooter.runSuitesInProcess(ForkedBooter.java:428) [surefire-booter-3.0.0-M5.jar:3.0.0-M5]
	at org.apache.maven.surefire.booter.ForkedBooter.execute(ForkedBooter.java:162) [surefire-booter-3.0.0-M5.jar:3.0.0-M5]
	at org.apache.maven.surefire.booter.ForkedBooter.run(ForkedBooter.java:562) [surefire-booter-3.0.0-M5.jar:3.0.0-M5]
	at org.apache.maven.surefire.booter.ForkedBooter.main(ForkedBooter.java:548) [surefire-booter-3.0.0-M5.jar:3.0.0-M5]
]]></system-out>
  </testcase>
  <testcase name="testListStatusWithNotAllowedUser(BucketLayout, boolean, boolean)[8]" classname="org.apache.hadoop.ozone.om.snapshot.TestOzoneManagerSnapshotAcl" time="1.142">
    <system-out><![CDATA[2023-03-16 19:32:02,228 [Listener at 127.0.0.1/32993] INFO  rpc.RpcClient (RpcClient.java:createVolume(476)) - Creating Volume: volume-84466, with admin as owner and space quota set to -1 bytes, counts quota set to -1
2023-03-16 19:32:02,230 [OM StateMachine ApplyTransaction Thread - 0] INFO  volume.OMVolumeCreateRequest (OMVolumeCreateRequest.java:validateAndUpdateCache(195)) - created volume:volume-84466 for user:admin
2023-03-16 19:32:02,232 [Listener at 127.0.0.1/32993] INFO  rpc.RpcClient (RpcClient.java:createBucket(698)) - Creating Bucket: volume-84466/bucket-95087, with bucket layout LEGACY, admin as owner, Versioning false, Storage Type set to DISK and Encryption set to false, Replication Type set to server-side default replication type, Namespace Quota set to -1, Space Quota set to -1 
2023-03-16 19:32:02,233 [OM StateMachine ApplyTransaction Thread - 0] INFO  bucket.OMBucketCreateRequest (OMBucketCreateRequest.java:validateAndUpdateCache(263)) - created bucket: bucket-95087 of layout LEGACY in volume: volume-84466
2023-03-16 19:32:02,272 [OM StateMachine ApplyTransaction Thread - 0] INFO  snapshot.OMSnapshotCreateRequest (OMSnapshotCreateRequest.java:validateAndUpdateCache(204)) - Created snapshot 'snapshot-33590' under path 'volume-84466/bucket-95087'
2023-03-16 19:32:02,313 [OMDoubleBufferFlushThread] INFO  db.RDBCheckpointManager (RDBCheckpointManager.java:createCheckpoint(96)) - Created checkpoint in rocksDB at /home/runner/work/ozone/ozone/hadoop-ozone/integration-test/target/test-dir/MiniOzoneClusterImpl-7c80c19b-b74a-4fd6-b02a-95a373f15db1/omNode-1/db.snapshots/om.db-45aec84c-e75c-4d94-85d0-92f553673d19 in 39 milliseconds
2023-03-16 19:32:02,319 [OMDoubleBufferFlushThread] INFO  db.RDBCheckpointManager (RDBCheckpointManager.java:waitForCheckpointDirectoryExist(125)) - Waited for 6 milliseconds for checkpoint directory /home/runner/work/ozone/ozone/hadoop-ozone/integration-test/target/test-dir/MiniOzoneClusterImpl-7c80c19b-b74a-4fd6-b02a-95a373f15db1/omNode-1/db.snapshots/om.db-45aec84c-e75c-4d94-85d0-92f553673d19 availability.
2023-03-16 19:32:02,319 [OMDoubleBufferFlushThread] INFO  om.OmSnapshotManager (OmSnapshotManager.java:createOmSnapshotCheckpoint(269)) - Created checkpoint : /home/runner/work/ozone/ozone/hadoop-ozone/integration-test/target/test-dir/MiniOzoneClusterImpl-7c80c19b-b74a-4fd6-b02a-95a373f15db1/omNode-1/db.snapshots/om.db-45aec84c-e75c-4d94-85d0-92f553673d19 for snapshot snapshot-33590
2023-03-16 19:32:03,302 [Finalizer] WARN  managed.ManagedRocksObjectUtils (ManagedRocksObjectUtils.java:assertClosed(54)) - RocksIterator is not closed properly
2023-03-16 19:32:03,302 [Finalizer] WARN  managed.ManagedRocksObjectUtils (ManagedRocksObjectUtils.java:assertClosed(54)) - RocksIterator is not closed properly
2023-03-16 19:32:03,302 [Finalizer] WARN  managed.ManagedRocksObjectUtils (ManagedRocksObjectUtils.java:assertClosed(54)) - RocksIterator is not closed properly
2023-03-16 19:32:03,302 [Finalizer] WARN  managed.ManagedRocksObjectUtils (ManagedRocksObjectUtils.java:assertClosed(54)) - RocksIterator is not closed properly
2023-03-16 19:32:03,302 [Finalizer] WARN  managed.ManagedRocksObjectUtils (ManagedRocksObjectUtils.java:assertClosed(54)) - RocksIterator is not closed properly
2023-03-16 19:32:03,302 [Finalizer] WARN  managed.ManagedRocksObjectUtils (ManagedRocksObjectUtils.java:assertClosed(54)) - RocksIterator is not closed properly
2023-03-16 19:32:03,302 [Finalizer] WARN  managed.ManagedRocksObjectUtils (ManagedRocksObjectUtils.java:assertClosed(54)) - RocksIterator is not closed properly
2023-03-16 19:32:03,302 [Finalizer] WARN  managed.ManagedRocksObjectUtils (ManagedRocksObjectUtils.java:assertClosed(54)) - RocksIterator is not closed properly
2023-03-16 19:32:03,303 [Finalizer] WARN  managed.ManagedRocksObjectUtils (ManagedRocksObjectUtils.java:assertClosed(54)) - RocksIterator is not closed properly
2023-03-16 19:32:03,303 [Listener at 127.0.0.1/32993] WARN  server.ServerUtils (ServerUtils.java:getDBPath(225)) - ozone.om.db.dirs is not configured. We recommend adding this setting. Falling back to ozone.metadata.dirs instead.
2023-03-16 19:32:03,303 [Listener at 127.0.0.1/32993] INFO  codec.OmKeyInfoCodec (OmKeyInfoCodec.java:<init>(49)) - OmKeyInfoCodec ignorePipeline = true
2023-03-16 19:32:03,304 [Listener at 127.0.0.1/32993] INFO  codec.RepeatedOmKeyInfoCodec (RepeatedOmKeyInfoCodec.java:<init>(41)) - RepeatedOmKeyInfoCodec ignorePipeline = true
2023-03-16 19:32:03,303 [Finalizer] WARN  managed.ManagedRocksObjectUtils (ManagedRocksObjectUtils.java:assertClosed(54)) - RocksIterator is not closed properly
2023-03-16 19:32:03,306 [Finalizer] WARN  managed.ManagedRocksObjectUtils (ManagedRocksObjectUtils.java:assertClosed(54)) - RocksIterator is not closed properly
2023-03-16 19:32:03,306 [Finalizer] WARN  managed.ManagedRocksObjectUtils (ManagedRocksObjectUtils.java:assertClosed(54)) - RocksIterator is not closed properly
2023-03-16 19:32:03,306 [Finalizer] WARN  managed.ManagedRocksObjectUtils (ManagedRocksObjectUtils.java:assertClosed(54)) - RocksIterator is not closed properly
2023-03-16 19:32:03,307 [Finalizer] WARN  managed.ManagedRocksObjectUtils (ManagedRocksObjectUtils.java:assertClosed(54)) - RocksIterator is not closed properly
2023-03-16 19:32:03,308 [Finalizer] WARN  managed.ManagedRocksObjectUtils (ManagedRocksObjectUtils.java:assertClosed(54)) - RocksIterator is not closed properly
2023-03-16 19:32:03,308 [Finalizer] WARN  managed.ManagedRocksObjectUtils (ManagedRocksObjectUtils.java:assertClosed(54)) - RocksIterator is not closed properly
2023-03-16 19:32:03,308 [Finalizer] WARN  managed.ManagedRocksObjectUtils (ManagedRocksObjectUtils.java:assertClosed(54)) - RocksIterator is not closed properly
2023-03-16 19:32:03,308 [Finalizer] WARN  managed.ManagedRocksObjectUtils (ManagedRocksObjectUtils.java:assertClosed(54)) - RocksIterator is not closed properly
2023-03-16 19:32:03,308 [Finalizer] WARN  managed.ManagedRocksObjectUtils (ManagedRocksObjectUtils.java:assertClosed(54)) - RocksIterator is not closed properly
2023-03-16 19:32:03,308 [Finalizer] WARN  managed.ManagedRocksObjectUtils (ManagedRocksObjectUtils.java:assertClosed(54)) - RocksIterator is not closed properly
2023-03-16 19:32:03,308 [Finalizer] WARN  managed.ManagedRocksObjectUtils (ManagedRocksObjectUtils.java:assertClosed(54)) - RocksIterator is not closed properly
2023-03-16 19:32:03,308 [Finalizer] WARN  managed.ManagedRocksObjectUtils (ManagedRocksObjectUtils.java:assertClosed(54)) - RocksIterator is not closed properly
2023-03-16 19:32:03,308 [Finalizer] WARN  managed.ManagedRocksObjectUtils (ManagedRocksObjectUtils.java:assertClosed(54)) - RocksIterator is not closed properly
2023-03-16 19:32:03,308 [Finalizer] WARN  managed.ManagedRocksObjectUtils (ManagedRocksObjectUtils.java:assertClosed(54)) - RocksIterator is not closed properly
2023-03-16 19:32:03,308 [Finalizer] WARN  managed.ManagedRocksObjectUtils (ManagedRocksObjectUtils.java:assertClosed(54)) - RocksIterator is not closed properly
2023-03-16 19:32:03,310 [Finalizer] WARN  managed.ManagedRocksObjectUtils (ManagedRocksObjectUtils.java:assertClosed(54)) - RocksIterator is not closed properly
2023-03-16 19:32:03,356 [Listener at 127.0.0.1/32993] WARN  om.OmSnapshot (OmMetadataReader.java:checkAcls(497)) - User user2 doesn't have READ permission to access key Volume:volume-84466 Bucket:bucket-95087 Key:key-15396
19:32:03.356 [Listener at 127.0.0.1/32993] ERROR OMAudit - user=null | ip=null | op=LIST_STATUS {volume=volume-84466, bucket=bucket-95087, key=key-15396, dataSize=0, replicationConfig=null} | ret=FAILURE
org.apache.hadoop.ozone.om.exceptions.OMException: User user2 doesn't have READ permission to access key Volume:volume-84466 Bucket:bucket-95087 Key:key-15396
	at org.apache.hadoop.ozone.om.OmMetadataReader.checkAcls(OmMetadataReader.java:500) ~[ozone-manager-1.4.0-SNAPSHOT.jar:?]
	at org.apache.hadoop.ozone.om.OmMetadataReader.checkAcls(OmMetadataReader.java:475) ~[ozone-manager-1.4.0-SNAPSHOT.jar:?]
	at org.apache.hadoop.ozone.om.OzoneAclUtils.checkAllAcls(OzoneAclUtils.java:129) ~[ozone-manager-1.4.0-SNAPSHOT.jar:?]
	at org.apache.hadoop.ozone.om.OmMetadataReader.checkAcls(OmMetadataReader.java:437) ~[ozone-manager-1.4.0-SNAPSHOT.jar:?]
	at org.apache.hadoop.ozone.om.OmMetadataReader.listStatus(OmMetadataReader.java:257) ~[ozone-manager-1.4.0-SNAPSHOT.jar:?]
	at org.apache.hadoop.ozone.om.OmSnapshot.listStatus(OmSnapshot.java:108) ~[ozone-manager-1.4.0-SNAPSHOT.jar:?]
	at org.apache.hadoop.ozone.om.OzoneManager.listStatus(OzoneManager.java:3513) ~[ozone-manager-1.4.0-SNAPSHOT.jar:?]
	at org.apache.hadoop.ozone.om.snapshot.TestOzoneManagerSnapshotAcl.lambda$testListStatusWithNotAllowedUser$7(TestOzoneManagerSnapshotAcl.java:262) ~[test-classes/:?]
	at org.junit.jupiter.api.AssertThrows.assertThrows(AssertThrows.java:55) ~[junit-jupiter-api-5.8.2.jar:5.8.2]
	at org.junit.jupiter.api.AssertThrows.assertThrows(AssertThrows.java:37) ~[junit-jupiter-api-5.8.2.jar:5.8.2]
	at org.junit.jupiter.api.Assertions.assertThrows(Assertions.java:3082) ~[junit-jupiter-api-5.8.2.jar:5.8.2]
	at org.apache.hadoop.ozone.om.snapshot.TestOzoneManagerSnapshotAcl.testListStatusWithNotAllowedUser(TestOzoneManagerSnapshotAcl.java:261) ~[test-classes/:?]
	at sun.reflect.NativeMethodAccessorImpl.invoke0(Native Method) ~[?:1.8.0_362]
	at sun.reflect.NativeMethodAccessorImpl.invoke(NativeMethodAccessorImpl.java:62) ~[?:1.8.0_362]
	at sun.reflect.DelegatingMethodAccessorImpl.invoke(DelegatingMethodAccessorImpl.java:43) ~[?:1.8.0_362]
	at java.lang.reflect.Method.invoke(Method.java:498) ~[?:1.8.0_362]
	at org.junit.platform.commons.util.ReflectionUtils.invokeMethod(ReflectionUtils.java:725) ~[junit-platform-commons-1.8.2.jar:1.8.2]
	at org.junit.jupiter.engine.execution.MethodInvocation.proceed(MethodInvocation.java:60) ~[junit-jupiter-engine-5.8.2.jar:5.8.2]
	at org.junit.jupiter.engine.execution.InvocationInterceptorChain$ValidatingInvocation.proceed(InvocationInterceptorChain.java:131) ~[junit-jupiter-engine-5.8.2.jar:5.8.2]
	at org.junit.jupiter.engine.extension.TimeoutInvocation.proceed(TimeoutInvocation.java:46) ~[junit-jupiter-engine-5.8.2.jar:5.8.2]
	at org.junit.jupiter.engine.extension.TimeoutExtension.intercept(TimeoutExtension.java:149) ~[junit-jupiter-engine-5.8.2.jar:5.8.2]
	at org.junit.jupiter.engine.extension.TimeoutExtension.interceptTestableMethod(TimeoutExtension.java:140) ~[junit-jupiter-engine-5.8.2.jar:5.8.2]
	at org.junit.jupiter.engine.extension.TimeoutExtension.interceptTestTemplateMethod(TimeoutExtension.java:92) ~[junit-jupiter-engine-5.8.2.jar:5.8.2]
	at org.junit.jupiter.engine.execution.ExecutableInvoker$ReflectiveInterceptorCall.lambda$ofVoidMethod$0(ExecutableInvoker.java:115) ~[junit-jupiter-engine-5.8.2.jar:5.8.2]
	at org.junit.jupiter.engine.execution.ExecutableInvoker.lambda$invoke$0(ExecutableInvoker.java:105) ~[junit-jupiter-engine-5.8.2.jar:5.8.2]
	at org.junit.jupiter.engine.execution.InvocationInterceptorChain$InterceptedInvocation.proceed(InvocationInterceptorChain.java:106) ~[junit-jupiter-engine-5.8.2.jar:5.8.2]
	at org.junit.jupiter.engine.execution.InvocationInterceptorChain.proceed(InvocationInterceptorChain.java:64) ~[junit-jupiter-engine-5.8.2.jar:5.8.2]
	at org.junit.jupiter.engine.execution.InvocationInterceptorChain.chainAndInvoke(InvocationInterceptorChain.java:45) ~[junit-jupiter-engine-5.8.2.jar:5.8.2]
	at org.junit.jupiter.engine.execution.InvocationInterceptorChain.invoke(InvocationInterceptorChain.java:37) ~[junit-jupiter-engine-5.8.2.jar:5.8.2]
	at org.junit.jupiter.engine.execution.ExecutableInvoker.invoke(ExecutableInvoker.java:104) ~[junit-jupiter-engine-5.8.2.jar:5.8.2]
	at org.junit.jupiter.engine.execution.ExecutableInvoker.invoke(ExecutableInvoker.java:98) ~[junit-jupiter-engine-5.8.2.jar:5.8.2]
	at org.junit.jupiter.engine.descriptor.TestMethodTestDescriptor.lambda$invokeTestMethod$7(TestMethodTestDescriptor.java:214) ~[junit-jupiter-engine-5.8.2.jar:5.8.2]
	at org.junit.platform.engine.support.hierarchical.ThrowableCollector.execute(ThrowableCollector.java:73) ~[junit-platform-engine-1.8.2.jar:1.8.2]
	at org.junit.jupiter.engine.descriptor.TestMethodTestDescriptor.invokeTestMethod(TestMethodTestDescriptor.java:210) ~[junit-jupiter-engine-5.8.2.jar:5.8.2]
	at org.junit.jupiter.engine.descriptor.TestMethodTestDescriptor.execute(TestMethodTestDescriptor.java:135) ~[junit-jupiter-engine-5.8.2.jar:5.8.2]
	at org.junit.jupiter.engine.descriptor.TestMethodTestDescriptor.execute(TestMethodTestDescriptor.java:66) ~[junit-jupiter-engine-5.8.2.jar:5.8.2]
	at org.junit.platform.engine.support.hierarchical.NodeTestTask.lambda$executeRecursively$6(NodeTestTask.java:151) ~[junit-platform-engine-1.8.2.jar:1.8.2]
	at org.junit.platform.engine.support.hierarchical.ThrowableCollector.execute(ThrowableCollector.java:73) ~[junit-platform-engine-1.8.2.jar:1.8.2]
	at org.junit.platform.engine.support.hierarchical.NodeTestTask.lambda$executeRecursively$8(NodeTestTask.java:141) ~[junit-platform-engine-1.8.2.jar:1.8.2]
	at org.junit.platform.engine.support.hierarchical.Node.around(Node.java:137) ~[junit-platform-engine-1.8.2.jar:1.8.2]
	at org.junit.platform.engine.support.hierarchical.NodeTestTask.lambda$executeRecursively$9(NodeTestTask.java:139) ~[junit-platform-engine-1.8.2.jar:1.8.2]
	at org.junit.platform.engine.support.hierarchical.ThrowableCollector.execute(ThrowableCollector.java:73) ~[junit-platform-engine-1.8.2.jar:1.8.2]
	at org.junit.platform.engine.support.hierarchical.NodeTestTask.executeRecursively(NodeTestTask.java:138) ~[junit-platform-engine-1.8.2.jar:1.8.2]
	at org.junit.platform.engine.support.hierarchical.NodeTestTask.execute(NodeTestTask.java:95) ~[junit-platform-engine-1.8.2.jar:1.8.2]
	at org.junit.platform.engine.support.hierarchical.SameThreadHierarchicalTestExecutorService.submit(SameThreadHierarchicalTestExecutorService.java:35) ~[junit-platform-engine-1.8.2.jar:1.8.2]
	at org.junit.platform.engine.support.hierarchical.NodeTestTask$DefaultDynamicTestExecutor.execute(NodeTestTask.java:226) ~[junit-platform-engine-1.8.2.jar:1.8.2]
	at org.junit.platform.engine.support.hierarchical.NodeTestTask$DefaultDynamicTestExecutor.execute(NodeTestTask.java:204) ~[junit-platform-engine-1.8.2.jar:1.8.2]
	at org.junit.jupiter.engine.descriptor.TestTemplateTestDescriptor.execute(TestTemplateTestDescriptor.java:139) ~[junit-jupiter-engine-5.8.2.jar:5.8.2]
	at org.junit.jupiter.engine.descriptor.TestTemplateTestDescriptor.lambda$execute$2(TestTemplateTestDescriptor.java:107) ~[junit-jupiter-engine-5.8.2.jar:5.8.2]
	at java.util.stream.ForEachOps$ForEachOp$OfRef.accept(ForEachOps.java:183) ~[?:1.8.0_362]
	at java.util.stream.ReferencePipeline$3$1.accept(ReferencePipeline.java:193) ~[?:1.8.0_362]
	at java.util.stream.ReferencePipeline$2$1.accept(ReferencePipeline.java:175) ~[?:1.8.0_362]
	at java.util.stream.ReferencePipeline$3$1.accept(ReferencePipeline.java:193) ~[?:1.8.0_362]
	at java.util.stream.ForEachOps$ForEachOp$OfRef.accept(ForEachOps.java:183) ~[?:1.8.0_362]
	at java.util.stream.ReferencePipeline$3$1.accept(ReferencePipeline.java:193) ~[?:1.8.0_362]
	at java.util.stream.ReferencePipeline$3$1.accept(ReferencePipeline.java:193) ~[?:1.8.0_362]
	at java.util.stream.ReferencePipeline$3$1.accept(ReferencePipeline.java:193) ~[?:1.8.0_362]
	at java.util.stream.ForEachOps$ForEachOp$OfRef.accept(ForEachOps.java:183) ~[?:1.8.0_362]
	at java.util.stream.ReferencePipeline$3$1.accept(ReferencePipeline.java:193) ~[?:1.8.0_362]
	at java.util.Spliterators$ArraySpliterator.forEachRemaining(Spliterators.java:948) ~[?:1.8.0_362]
	at java.util.stream.ReferencePipeline$Head.forEach(ReferencePipeline.java:647) ~[?:1.8.0_362]
	at java.util.stream.ReferencePipeline$7$1.accept(ReferencePipeline.java:272) ~[?:1.8.0_362]
	at java.util.stream.ReferencePipeline$3$1.accept(ReferencePipeline.java:193) ~[?:1.8.0_362]
	at java.util.stream.ReferencePipeline$3$1.accept(ReferencePipeline.java:193) ~[?:1.8.0_362]
	at java.util.Spliterators$ArraySpliterator.forEachRemaining(Spliterators.java:948) ~[?:1.8.0_362]
	at java.util.stream.AbstractPipeline.copyInto(AbstractPipeline.java:482) ~[?:1.8.0_362]
	at java.util.stream.AbstractPipeline.wrapAndCopyInto(AbstractPipeline.java:472) ~[?:1.8.0_362]
	at java.util.stream.ForEachOps$ForEachOp.evaluateSequential(ForEachOps.java:150) ~[?:1.8.0_362]
	at java.util.stream.ForEachOps$ForEachOp$OfRef.evaluateSequential(ForEachOps.java:173) ~[?:1.8.0_362]
	at java.util.stream.AbstractPipeline.evaluate(AbstractPipeline.java:234) ~[?:1.8.0_362]
	at java.util.stream.ReferencePipeline.forEach(ReferencePipeline.java:485) ~[?:1.8.0_362]
	at java.util.stream.ReferencePipeline$7$1.accept(ReferencePipeline.java:272) ~[?:1.8.0_362]
	at java.util.stream.ReferencePipeline$3$1.accept(ReferencePipeline.java:193) ~[?:1.8.0_362]
	at java.util.stream.ReferencePipeline$3$1.accept(ReferencePipeline.java:193) ~[?:1.8.0_362]
	at java.util.stream.ReferencePipeline$3$1.accept(ReferencePipeline.java:193) ~[?:1.8.0_362]
	at java.util.ArrayList$ArrayListSpliterator.forEachRemaining(ArrayList.java:1384) ~[?:1.8.0_362]
	at java.util.stream.AbstractPipeline.copyInto(AbstractPipeline.java:482) ~[?:1.8.0_362]
	at java.util.stream.AbstractPipeline.wrapAndCopyInto(AbstractPipeline.java:472) ~[?:1.8.0_362]
	at java.util.stream.ForEachOps$ForEachOp.evaluateSequential(ForEachOps.java:150) ~[?:1.8.0_362]
	at java.util.stream.ForEachOps$ForEachOp$OfRef.evaluateSequential(ForEachOps.java:173) ~[?:1.8.0_362]
	at java.util.stream.AbstractPipeline.evaluate(AbstractPipeline.java:234) ~[?:1.8.0_362]
	at java.util.stream.ReferencePipeline.forEach(ReferencePipeline.java:485) ~[?:1.8.0_362]
	at java.util.stream.ReferencePipeline$7$1.accept(ReferencePipeline.java:272) ~[?:1.8.0_362]
	at java.util.ArrayList$ArrayListSpliterator.forEachRemaining(ArrayList.java:1384) ~[?:1.8.0_362]
	at java.util.stream.AbstractPipeline.copyInto(AbstractPipeline.java:482) ~[?:1.8.0_362]
	at java.util.stream.AbstractPipeline.wrapAndCopyInto(AbstractPipeline.java:472) ~[?:1.8.0_362]
	at java.util.stream.ForEachOps$ForEachOp.evaluateSequential(ForEachOps.java:150) ~[?:1.8.0_362]
	at java.util.stream.ForEachOps$ForEachOp$OfRef.evaluateSequential(ForEachOps.java:173) ~[?:1.8.0_362]
	at java.util.stream.AbstractPipeline.evaluate(AbstractPipeline.java:234) ~[?:1.8.0_362]
	at java.util.stream.ReferencePipeline.forEach(ReferencePipeline.java:485) ~[?:1.8.0_362]
	at org.junit.jupiter.engine.descriptor.TestTemplateTestDescriptor.execute(TestTemplateTestDescriptor.java:107) ~[junit-jupiter-engine-5.8.2.jar:5.8.2]
	at org.junit.jupiter.engine.descriptor.TestTemplateTestDescriptor.execute(TestTemplateTestDescriptor.java:42) ~[junit-jupiter-engine-5.8.2.jar:5.8.2]
	at org.junit.platform.engine.support.hierarchical.NodeTestTask.lambda$executeRecursively$6(NodeTestTask.java:151) ~[junit-platform-engine-1.8.2.jar:1.8.2]
	at org.junit.platform.engine.support.hierarchical.ThrowableCollector.execute(ThrowableCollector.java:73) ~[junit-platform-engine-1.8.2.jar:1.8.2]
	at org.junit.platform.engine.support.hierarchical.NodeTestTask.lambda$executeRecursively$8(NodeTestTask.java:141) ~[junit-platform-engine-1.8.2.jar:1.8.2]
	at org.junit.platform.engine.support.hierarchical.Node.around(Node.java:137) ~[junit-platform-engine-1.8.2.jar:1.8.2]
	at org.junit.platform.engine.support.hierarchical.NodeTestTask.lambda$executeRecursively$9(NodeTestTask.java:139) ~[junit-platform-engine-1.8.2.jar:1.8.2]
	at org.junit.platform.engine.support.hierarchical.ThrowableCollector.execute(ThrowableCollector.java:73) ~[junit-platform-engine-1.8.2.jar:1.8.2]
	at org.junit.platform.engine.support.hierarchical.NodeTestTask.executeRecursively(NodeTestTask.java:138) ~[junit-platform-engine-1.8.2.jar:1.8.2]
	at org.junit.platform.engine.support.hierarchical.NodeTestTask.execute(NodeTestTask.java:95) ~[junit-platform-engine-1.8.2.jar:1.8.2]
	at java.util.ArrayList.forEach(ArrayList.java:1259) ~[?:1.8.0_362]
	at org.junit.platform.engine.support.hierarchical.SameThreadHierarchicalTestExecutorService.invokeAll(SameThreadHierarchicalTestExecutorService.java:41) ~[junit-platform-engine-1.8.2.jar:1.8.2]
	at org.junit.platform.engine.support.hierarchical.NodeTestTask.lambda$executeRecursively$6(NodeTestTask.java:155) ~[junit-platform-engine-1.8.2.jar:1.8.2]
	at org.junit.platform.engine.support.hierarchical.ThrowableCollector.execute(ThrowableCollector.java:73) ~[junit-platform-engine-1.8.2.jar:1.8.2]
	at org.junit.platform.engine.support.hierarchical.NodeTestTask.lambda$executeRecursively$8(NodeTestTask.java:141) ~[junit-platform-engine-1.8.2.jar:1.8.2]
	at org.junit.platform.engine.support.hierarchical.Node.around(Node.java:137) ~[junit-platform-engine-1.8.2.jar:1.8.2]
	at org.junit.platform.engine.support.hierarchical.NodeTestTask.lambda$executeRecursively$9(NodeTestTask.java:139) ~[junit-platform-engine-1.8.2.jar:1.8.2]
	at org.junit.platform.engine.support.hierarchical.ThrowableCollector.execute(ThrowableCollector.java:73) ~[junit-platform-engine-1.8.2.jar:1.8.2]
	at org.junit.platform.engine.support.hierarchical.NodeTestTask.executeRecursively(NodeTestTask.java:138) ~[junit-platform-engine-1.8.2.jar:1.8.2]
	at org.junit.platform.engine.support.hierarchical.NodeTestTask.execute(NodeTestTask.java:95) ~[junit-platform-engine-1.8.2.jar:1.8.2]
	at java.util.ArrayList.forEach(ArrayList.java:1259) ~[?:1.8.0_362]
	at org.junit.platform.engine.support.hierarchical.SameThreadHierarchicalTestExecutorService.invokeAll(SameThreadHierarchicalTestExecutorService.java:41) ~[junit-platform-engine-1.8.2.jar:1.8.2]
	at org.junit.platform.engine.support.hierarchical.NodeTestTask.lambda$executeRecursively$6(NodeTestTask.java:155) ~[junit-platform-engine-1.8.2.jar:1.8.2]
	at org.junit.platform.engine.support.hierarchical.ThrowableCollector.execute(ThrowableCollector.java:73) ~[junit-platform-engine-1.8.2.jar:1.8.2]
	at org.junit.platform.engine.support.hierarchical.NodeTestTask.lambda$executeRecursively$8(NodeTestTask.java:141) ~[junit-platform-engine-1.8.2.jar:1.8.2]
	at org.junit.platform.engine.support.hierarchical.Node.around(Node.java:137) ~[junit-platform-engine-1.8.2.jar:1.8.2]
	at org.junit.platform.engine.support.hierarchical.NodeTestTask.lambda$executeRecursively$9(NodeTestTask.java:139) ~[junit-platform-engine-1.8.2.jar:1.8.2]
	at org.junit.platform.engine.support.hierarchical.ThrowableCollector.execute(ThrowableCollector.java:73) ~[junit-platform-engine-1.8.2.jar:1.8.2]
	at org.junit.platform.engine.support.hierarchical.NodeTestTask.executeRecursively(NodeTestTask.java:138) ~[junit-platform-engine-1.8.2.jar:1.8.2]
	at org.junit.platform.engine.support.hierarchical.NodeTestTask.execute(NodeTestTask.java:95) ~[junit-platform-engine-1.8.2.jar:1.8.2]
	at org.junit.platform.engine.support.hierarchical.SameThreadHierarchicalTestExecutorService.submit(SameThreadHierarchicalTestExecutorService.java:35) ~[junit-platform-engine-1.8.2.jar:1.8.2]
	at org.junit.platform.engine.support.hierarchical.HierarchicalTestExecutor.execute(HierarchicalTestExecutor.java:57) ~[junit-platform-engine-1.8.2.jar:1.8.2]
	at org.junit.platform.engine.support.hierarchical.HierarchicalTestEngine.execute(HierarchicalTestEngine.java:54) ~[junit-platform-engine-1.8.2.jar:1.8.2]
	at org.junit.platform.launcher.core.EngineExecutionOrchestrator.execute(EngineExecutionOrchestrator.java:107) ~[junit-platform-launcher-1.8.2.jar:1.8.2]
	at org.junit.platform.launcher.core.EngineExecutionOrchestrator.execute(EngineExecutionOrchestrator.java:88) ~[junit-platform-launcher-1.8.2.jar:1.8.2]
	at org.junit.platform.launcher.core.EngineExecutionOrchestrator.lambda$execute$0(EngineExecutionOrchestrator.java:54) ~[junit-platform-launcher-1.8.2.jar:1.8.2]
	at org.junit.platform.launcher.core.EngineExecutionOrchestrator.withInterceptedStreams(EngineExecutionOrchestrator.java:67) [junit-platform-launcher-1.8.2.jar:1.8.2]
	at org.junit.platform.launcher.core.EngineExecutionOrchestrator.execute(EngineExecutionOrchestrator.java:52) [junit-platform-launcher-1.8.2.jar:1.8.2]
	at org.junit.platform.launcher.core.DefaultLauncher.execute(DefaultLauncher.java:114) [junit-platform-launcher-1.8.2.jar:1.8.2]
	at org.junit.platform.launcher.core.DefaultLauncher.execute(DefaultLauncher.java:86) [junit-platform-launcher-1.8.2.jar:1.8.2]
	at org.junit.platform.launcher.core.DefaultLauncherSession$DelegatingLauncher.execute(DefaultLauncherSession.java:86) [junit-platform-launcher-1.8.2.jar:1.8.2]
	at org.junit.platform.launcher.core.SessionPerRequestLauncher.execute(SessionPerRequestLauncher.java:53) [junit-platform-launcher-1.8.2.jar:1.8.2]
	at org.apache.maven.surefire.junitplatform.JUnitPlatformProvider.execute(JUnitPlatformProvider.java:188) [surefire-junit-platform-3.0.0-M5.jar:3.0.0-M5]
	at org.apache.maven.surefire.junitplatform.JUnitPlatformProvider.invokeAllTests(JUnitPlatformProvider.java:154) [surefire-junit-platform-3.0.0-M5.jar:3.0.0-M5]
	at org.apache.maven.surefire.junitplatform.JUnitPlatformProvider.invoke(JUnitPlatformProvider.java:124) [surefire-junit-platform-3.0.0-M5.jar:3.0.0-M5]
	at org.apache.maven.surefire.booter.ForkedBooter.runSuitesInProcess(ForkedBooter.java:428) [surefire-booter-3.0.0-M5.jar:3.0.0-M5]
	at org.apache.maven.surefire.booter.ForkedBooter.execute(ForkedBooter.java:162) [surefire-booter-3.0.0-M5.jar:3.0.0-M5]
	at org.apache.maven.surefire.booter.ForkedBooter.run(ForkedBooter.java:562) [surefire-booter-3.0.0-M5.jar:3.0.0-M5]
	at org.apache.maven.surefire.booter.ForkedBooter.main(ForkedBooter.java:548) [surefire-booter-3.0.0-M5.jar:3.0.0-M5]
]]></system-out>
  </testcase>
  <testcase name="testListStatusWithNotAllowedUser(BucketLayout, boolean, boolean)[9]" classname="org.apache.hadoop.ozone.om.snapshot.TestOzoneManagerSnapshotAcl" time="1.09">
    <system-out><![CDATA[2023-03-16 19:32:03,375 [Listener at 127.0.0.1/32993] INFO  rpc.RpcClient (RpcClient.java:createVolume(476)) - Creating Volume: volume-72600, with admin as owner and space quota set to -1 bytes, counts quota set to -1
2023-03-16 19:32:03,376 [OM StateMachine ApplyTransaction Thread - 0] INFO  volume.OMVolumeCreateRequest (OMVolumeCreateRequest.java:validateAndUpdateCache(195)) - created volume:volume-72600 for user:admin
2023-03-16 19:32:03,378 [Listener at 127.0.0.1/32993] INFO  rpc.RpcClient (RpcClient.java:createBucket(698)) - Creating Bucket: volume-72600/bucket-67137, with bucket layout OBJECT_STORE, admin as owner, Versioning false, Storage Type set to DISK and Encryption set to false, Replication Type set to server-side default replication type, Namespace Quota set to -1, Space Quota set to -1 
2023-03-16 19:32:03,380 [OM StateMachine ApplyTransaction Thread - 0] INFO  bucket.OMBucketCreateRequest (OMBucketCreateRequest.java:validateAndUpdateCache(263)) - created bucket: bucket-67137 of layout OBJECT_STORE in volume: volume-72600
2023-03-16 19:32:03,413 [OM StateMachine ApplyTransaction Thread - 0] INFO  snapshot.OMSnapshotCreateRequest (OMSnapshotCreateRequest.java:validateAndUpdateCache(204)) - Created snapshot 'snapshot-61698' under path 'volume-72600/bucket-67137'
2023-03-16 19:32:03,436 [OMDoubleBufferFlushThread] INFO  db.RDBCheckpointManager (RDBCheckpointManager.java:createCheckpoint(96)) - Created checkpoint in rocksDB at /home/runner/work/ozone/ozone/hadoop-ozone/integration-test/target/test-dir/MiniOzoneClusterImpl-7c80c19b-b74a-4fd6-b02a-95a373f15db1/omNode-1/db.snapshots/om.db-5ddd4c7c-8123-4176-a3a3-1b993617bf9f in 22 milliseconds
2023-03-16 19:32:03,437 [OMDoubleBufferFlushThread] INFO  db.RDBCheckpointManager (RDBCheckpointManager.java:waitForCheckpointDirectoryExist(125)) - Waited for 1 milliseconds for checkpoint directory /home/runner/work/ozone/ozone/hadoop-ozone/integration-test/target/test-dir/MiniOzoneClusterImpl-7c80c19b-b74a-4fd6-b02a-95a373f15db1/omNode-1/db.snapshots/om.db-5ddd4c7c-8123-4176-a3a3-1b993617bf9f availability.
2023-03-16 19:32:03,437 [OMDoubleBufferFlushThread] INFO  om.OmSnapshotManager (OmSnapshotManager.java:createOmSnapshotCheckpoint(269)) - Created checkpoint : /home/runner/work/ozone/ozone/hadoop-ozone/integration-test/target/test-dir/MiniOzoneClusterImpl-7c80c19b-b74a-4fd6-b02a-95a373f15db1/omNode-1/db.snapshots/om.db-5ddd4c7c-8123-4176-a3a3-1b993617bf9f for snapshot snapshot-61698
2023-03-16 19:32:04,419 [Listener at 127.0.0.1/32993] WARN  server.ServerUtils (ServerUtils.java:getDBPath(225)) - ozone.om.db.dirs is not configured. We recommend adding this setting. Falling back to ozone.metadata.dirs instead.
2023-03-16 19:32:04,420 [Listener at 127.0.0.1/32993] INFO  codec.OmKeyInfoCodec (OmKeyInfoCodec.java:<init>(49)) - OmKeyInfoCodec ignorePipeline = true
2023-03-16 19:32:04,420 [Listener at 127.0.0.1/32993] INFO  codec.RepeatedOmKeyInfoCodec (RepeatedOmKeyInfoCodec.java:<init>(41)) - RepeatedOmKeyInfoCodec ignorePipeline = true
2023-03-16 19:32:04,455 [Listener at 127.0.0.1/32993] WARN  om.OmSnapshot (OmMetadataReader.java:checkAcls(497)) - User user2 doesn't have READ permission to access key Volume:volume-72600 Bucket:bucket-67137 Key:key-68123
19:32:04.455 [Listener at 127.0.0.1/32993] ERROR OMAudit - user=null | ip=null | op=LIST_STATUS {volume=volume-72600, bucket=bucket-67137, key=key-68123, dataSize=0, replicationConfig=null} | ret=FAILURE
org.apache.hadoop.ozone.om.exceptions.OMException: User user2 doesn't have READ permission to access key Volume:volume-72600 Bucket:bucket-67137 Key:key-68123
	at org.apache.hadoop.ozone.om.OmMetadataReader.checkAcls(OmMetadataReader.java:500) ~[ozone-manager-1.4.0-SNAPSHOT.jar:?]
	at org.apache.hadoop.ozone.om.OmMetadataReader.checkAcls(OmMetadataReader.java:475) ~[ozone-manager-1.4.0-SNAPSHOT.jar:?]
	at org.apache.hadoop.ozone.om.OzoneAclUtils.checkAllAcls(OzoneAclUtils.java:129) ~[ozone-manager-1.4.0-SNAPSHOT.jar:?]
	at org.apache.hadoop.ozone.om.OmMetadataReader.checkAcls(OmMetadataReader.java:437) ~[ozone-manager-1.4.0-SNAPSHOT.jar:?]
	at org.apache.hadoop.ozone.om.OmMetadataReader.listStatus(OmMetadataReader.java:257) ~[ozone-manager-1.4.0-SNAPSHOT.jar:?]
	at org.apache.hadoop.ozone.om.OmSnapshot.listStatus(OmSnapshot.java:108) ~[ozone-manager-1.4.0-SNAPSHOT.jar:?]
	at org.apache.hadoop.ozone.om.OzoneManager.listStatus(OzoneManager.java:3513) ~[ozone-manager-1.4.0-SNAPSHOT.jar:?]
	at org.apache.hadoop.ozone.om.snapshot.TestOzoneManagerSnapshotAcl.lambda$testListStatusWithNotAllowedUser$7(TestOzoneManagerSnapshotAcl.java:262) ~[test-classes/:?]
	at org.junit.jupiter.api.AssertThrows.assertThrows(AssertThrows.java:55) ~[junit-jupiter-api-5.8.2.jar:5.8.2]
	at org.junit.jupiter.api.AssertThrows.assertThrows(AssertThrows.java:37) ~[junit-jupiter-api-5.8.2.jar:5.8.2]
	at org.junit.jupiter.api.Assertions.assertThrows(Assertions.java:3082) ~[junit-jupiter-api-5.8.2.jar:5.8.2]
	at org.apache.hadoop.ozone.om.snapshot.TestOzoneManagerSnapshotAcl.testListStatusWithNotAllowedUser(TestOzoneManagerSnapshotAcl.java:261) ~[test-classes/:?]
	at sun.reflect.NativeMethodAccessorImpl.invoke0(Native Method) ~[?:1.8.0_362]
	at sun.reflect.NativeMethodAccessorImpl.invoke(NativeMethodAccessorImpl.java:62) ~[?:1.8.0_362]
	at sun.reflect.DelegatingMethodAccessorImpl.invoke(DelegatingMethodAccessorImpl.java:43) ~[?:1.8.0_362]
	at java.lang.reflect.Method.invoke(Method.java:498) ~[?:1.8.0_362]
	at org.junit.platform.commons.util.ReflectionUtils.invokeMethod(ReflectionUtils.java:725) ~[junit-platform-commons-1.8.2.jar:1.8.2]
	at org.junit.jupiter.engine.execution.MethodInvocation.proceed(MethodInvocation.java:60) ~[junit-jupiter-engine-5.8.2.jar:5.8.2]
	at org.junit.jupiter.engine.execution.InvocationInterceptorChain$ValidatingInvocation.proceed(InvocationInterceptorChain.java:131) ~[junit-jupiter-engine-5.8.2.jar:5.8.2]
	at org.junit.jupiter.engine.extension.TimeoutInvocation.proceed(TimeoutInvocation.java:46) ~[junit-jupiter-engine-5.8.2.jar:5.8.2]
	at org.junit.jupiter.engine.extension.TimeoutExtension.intercept(TimeoutExtension.java:149) ~[junit-jupiter-engine-5.8.2.jar:5.8.2]
	at org.junit.jupiter.engine.extension.TimeoutExtension.interceptTestableMethod(TimeoutExtension.java:140) ~[junit-jupiter-engine-5.8.2.jar:5.8.2]
	at org.junit.jupiter.engine.extension.TimeoutExtension.interceptTestTemplateMethod(TimeoutExtension.java:92) ~[junit-jupiter-engine-5.8.2.jar:5.8.2]
	at org.junit.jupiter.engine.execution.ExecutableInvoker$ReflectiveInterceptorCall.lambda$ofVoidMethod$0(ExecutableInvoker.java:115) ~[junit-jupiter-engine-5.8.2.jar:5.8.2]
	at org.junit.jupiter.engine.execution.ExecutableInvoker.lambda$invoke$0(ExecutableInvoker.java:105) ~[junit-jupiter-engine-5.8.2.jar:5.8.2]
	at org.junit.jupiter.engine.execution.InvocationInterceptorChain$InterceptedInvocation.proceed(InvocationInterceptorChain.java:106) ~[junit-jupiter-engine-5.8.2.jar:5.8.2]
	at org.junit.jupiter.engine.execution.InvocationInterceptorChain.proceed(InvocationInterceptorChain.java:64) ~[junit-jupiter-engine-5.8.2.jar:5.8.2]
	at org.junit.jupiter.engine.execution.InvocationInterceptorChain.chainAndInvoke(InvocationInterceptorChain.java:45) ~[junit-jupiter-engine-5.8.2.jar:5.8.2]
	at org.junit.jupiter.engine.execution.InvocationInterceptorChain.invoke(InvocationInterceptorChain.java:37) ~[junit-jupiter-engine-5.8.2.jar:5.8.2]
	at org.junit.jupiter.engine.execution.ExecutableInvoker.invoke(ExecutableInvoker.java:104) ~[junit-jupiter-engine-5.8.2.jar:5.8.2]
	at org.junit.jupiter.engine.execution.ExecutableInvoker.invoke(ExecutableInvoker.java:98) ~[junit-jupiter-engine-5.8.2.jar:5.8.2]
	at org.junit.jupiter.engine.descriptor.TestMethodTestDescriptor.lambda$invokeTestMethod$7(TestMethodTestDescriptor.java:214) ~[junit-jupiter-engine-5.8.2.jar:5.8.2]
	at org.junit.platform.engine.support.hierarchical.ThrowableCollector.execute(ThrowableCollector.java:73) ~[junit-platform-engine-1.8.2.jar:1.8.2]
	at org.junit.jupiter.engine.descriptor.TestMethodTestDescriptor.invokeTestMethod(TestMethodTestDescriptor.java:210) ~[junit-jupiter-engine-5.8.2.jar:5.8.2]
	at org.junit.jupiter.engine.descriptor.TestMethodTestDescriptor.execute(TestMethodTestDescriptor.java:135) ~[junit-jupiter-engine-5.8.2.jar:5.8.2]
	at org.junit.jupiter.engine.descriptor.TestMethodTestDescriptor.execute(TestMethodTestDescriptor.java:66) ~[junit-jupiter-engine-5.8.2.jar:5.8.2]
	at org.junit.platform.engine.support.hierarchical.NodeTestTask.lambda$executeRecursively$6(NodeTestTask.java:151) ~[junit-platform-engine-1.8.2.jar:1.8.2]
	at org.junit.platform.engine.support.hierarchical.ThrowableCollector.execute(ThrowableCollector.java:73) ~[junit-platform-engine-1.8.2.jar:1.8.2]
	at org.junit.platform.engine.support.hierarchical.NodeTestTask.lambda$executeRecursively$8(NodeTestTask.java:141) ~[junit-platform-engine-1.8.2.jar:1.8.2]
	at org.junit.platform.engine.support.hierarchical.Node.around(Node.java:137) ~[junit-platform-engine-1.8.2.jar:1.8.2]
	at org.junit.platform.engine.support.hierarchical.NodeTestTask.lambda$executeRecursively$9(NodeTestTask.java:139) ~[junit-platform-engine-1.8.2.jar:1.8.2]
	at org.junit.platform.engine.support.hierarchical.ThrowableCollector.execute(ThrowableCollector.java:73) ~[junit-platform-engine-1.8.2.jar:1.8.2]
	at org.junit.platform.engine.support.hierarchical.NodeTestTask.executeRecursively(NodeTestTask.java:138) ~[junit-platform-engine-1.8.2.jar:1.8.2]
	at org.junit.platform.engine.support.hierarchical.NodeTestTask.execute(NodeTestTask.java:95) ~[junit-platform-engine-1.8.2.jar:1.8.2]
	at org.junit.platform.engine.support.hierarchical.SameThreadHierarchicalTestExecutorService.submit(SameThreadHierarchicalTestExecutorService.java:35) ~[junit-platform-engine-1.8.2.jar:1.8.2]
	at org.junit.platform.engine.support.hierarchical.NodeTestTask$DefaultDynamicTestExecutor.execute(NodeTestTask.java:226) ~[junit-platform-engine-1.8.2.jar:1.8.2]
	at org.junit.platform.engine.support.hierarchical.NodeTestTask$DefaultDynamicTestExecutor.execute(NodeTestTask.java:204) ~[junit-platform-engine-1.8.2.jar:1.8.2]
	at org.junit.jupiter.engine.descriptor.TestTemplateTestDescriptor.execute(TestTemplateTestDescriptor.java:139) ~[junit-jupiter-engine-5.8.2.jar:5.8.2]
	at org.junit.jupiter.engine.descriptor.TestTemplateTestDescriptor.lambda$execute$2(TestTemplateTestDescriptor.java:107) ~[junit-jupiter-engine-5.8.2.jar:5.8.2]
	at java.util.stream.ForEachOps$ForEachOp$OfRef.accept(ForEachOps.java:183) ~[?:1.8.0_362]
	at java.util.stream.ReferencePipeline$3$1.accept(ReferencePipeline.java:193) ~[?:1.8.0_362]
	at java.util.stream.ReferencePipeline$2$1.accept(ReferencePipeline.java:175) ~[?:1.8.0_362]
	at java.util.stream.ReferencePipeline$3$1.accept(ReferencePipeline.java:193) ~[?:1.8.0_362]
	at java.util.stream.ForEachOps$ForEachOp$OfRef.accept(ForEachOps.java:183) ~[?:1.8.0_362]
	at java.util.stream.ReferencePipeline$3$1.accept(ReferencePipeline.java:193) ~[?:1.8.0_362]
	at java.util.stream.ReferencePipeline$3$1.accept(ReferencePipeline.java:193) ~[?:1.8.0_362]
	at java.util.stream.ReferencePipeline$3$1.accept(ReferencePipeline.java:193) ~[?:1.8.0_362]
	at java.util.stream.ForEachOps$ForEachOp$OfRef.accept(ForEachOps.java:183) ~[?:1.8.0_362]
	at java.util.stream.ReferencePipeline$3$1.accept(ReferencePipeline.java:193) ~[?:1.8.0_362]
	at java.util.Spliterators$ArraySpliterator.forEachRemaining(Spliterators.java:948) ~[?:1.8.0_362]
	at java.util.stream.ReferencePipeline$Head.forEach(ReferencePipeline.java:647) ~[?:1.8.0_362]
	at java.util.stream.ReferencePipeline$7$1.accept(ReferencePipeline.java:272) ~[?:1.8.0_362]
	at java.util.stream.ReferencePipeline$3$1.accept(ReferencePipeline.java:193) ~[?:1.8.0_362]
	at java.util.stream.ReferencePipeline$3$1.accept(ReferencePipeline.java:193) ~[?:1.8.0_362]
	at java.util.Spliterators$ArraySpliterator.forEachRemaining(Spliterators.java:948) ~[?:1.8.0_362]
	at java.util.stream.AbstractPipeline.copyInto(AbstractPipeline.java:482) ~[?:1.8.0_362]
	at java.util.stream.AbstractPipeline.wrapAndCopyInto(AbstractPipeline.java:472) ~[?:1.8.0_362]
	at java.util.stream.ForEachOps$ForEachOp.evaluateSequential(ForEachOps.java:150) ~[?:1.8.0_362]
	at java.util.stream.ForEachOps$ForEachOp$OfRef.evaluateSequential(ForEachOps.java:173) ~[?:1.8.0_362]
	at java.util.stream.AbstractPipeline.evaluate(AbstractPipeline.java:234) ~[?:1.8.0_362]
	at java.util.stream.ReferencePipeline.forEach(ReferencePipeline.java:485) ~[?:1.8.0_362]
	at java.util.stream.ReferencePipeline$7$1.accept(ReferencePipeline.java:272) ~[?:1.8.0_362]
	at java.util.stream.ReferencePipeline$3$1.accept(ReferencePipeline.java:193) ~[?:1.8.0_362]
	at java.util.stream.ReferencePipeline$3$1.accept(ReferencePipeline.java:193) ~[?:1.8.0_362]
	at java.util.stream.ReferencePipeline$3$1.accept(ReferencePipeline.java:193) ~[?:1.8.0_362]
	at java.util.ArrayList$ArrayListSpliterator.forEachRemaining(ArrayList.java:1384) ~[?:1.8.0_362]
	at java.util.stream.AbstractPipeline.copyInto(AbstractPipeline.java:482) ~[?:1.8.0_362]
	at java.util.stream.AbstractPipeline.wrapAndCopyInto(AbstractPipeline.java:472) ~[?:1.8.0_362]
	at java.util.stream.ForEachOps$ForEachOp.evaluateSequential(ForEachOps.java:150) ~[?:1.8.0_362]
	at java.util.stream.ForEachOps$ForEachOp$OfRef.evaluateSequential(ForEachOps.java:173) ~[?:1.8.0_362]
	at java.util.stream.AbstractPipeline.evaluate(AbstractPipeline.java:234) ~[?:1.8.0_362]
	at java.util.stream.ReferencePipeline.forEach(ReferencePipeline.java:485) ~[?:1.8.0_362]
	at java.util.stream.ReferencePipeline$7$1.accept(ReferencePipeline.java:272) ~[?:1.8.0_362]
	at java.util.ArrayList$ArrayListSpliterator.forEachRemaining(ArrayList.java:1384) ~[?:1.8.0_362]
	at java.util.stream.AbstractPipeline.copyInto(AbstractPipeline.java:482) ~[?:1.8.0_362]
	at java.util.stream.AbstractPipeline.wrapAndCopyInto(AbstractPipeline.java:472) ~[?:1.8.0_362]
	at java.util.stream.ForEachOps$ForEachOp.evaluateSequential(ForEachOps.java:150) ~[?:1.8.0_362]
	at java.util.stream.ForEachOps$ForEachOp$OfRef.evaluateSequential(ForEachOps.java:173) ~[?:1.8.0_362]
	at java.util.stream.AbstractPipeline.evaluate(AbstractPipeline.java:234) ~[?:1.8.0_362]
	at java.util.stream.ReferencePipeline.forEach(ReferencePipeline.java:485) ~[?:1.8.0_362]
	at org.junit.jupiter.engine.descriptor.TestTemplateTestDescriptor.execute(TestTemplateTestDescriptor.java:107) ~[junit-jupiter-engine-5.8.2.jar:5.8.2]
	at org.junit.jupiter.engine.descriptor.TestTemplateTestDescriptor.execute(TestTemplateTestDescriptor.java:42) ~[junit-jupiter-engine-5.8.2.jar:5.8.2]
	at org.junit.platform.engine.support.hierarchical.NodeTestTask.lambda$executeRecursively$6(NodeTestTask.java:151) ~[junit-platform-engine-1.8.2.jar:1.8.2]
	at org.junit.platform.engine.support.hierarchical.ThrowableCollector.execute(ThrowableCollector.java:73) ~[junit-platform-engine-1.8.2.jar:1.8.2]
	at org.junit.platform.engine.support.hierarchical.NodeTestTask.lambda$executeRecursively$8(NodeTestTask.java:141) ~[junit-platform-engine-1.8.2.jar:1.8.2]
	at org.junit.platform.engine.support.hierarchical.Node.around(Node.java:137) ~[junit-platform-engine-1.8.2.jar:1.8.2]
	at org.junit.platform.engine.support.hierarchical.NodeTestTask.lambda$executeRecursively$9(NodeTestTask.java:139) ~[junit-platform-engine-1.8.2.jar:1.8.2]
	at org.junit.platform.engine.support.hierarchical.ThrowableCollector.execute(ThrowableCollector.java:73) ~[junit-platform-engine-1.8.2.jar:1.8.2]
	at org.junit.platform.engine.support.hierarchical.NodeTestTask.executeRecursively(NodeTestTask.java:138) ~[junit-platform-engine-1.8.2.jar:1.8.2]
	at org.junit.platform.engine.support.hierarchical.NodeTestTask.execute(NodeTestTask.java:95) ~[junit-platform-engine-1.8.2.jar:1.8.2]
	at java.util.ArrayList.forEach(ArrayList.java:1259) ~[?:1.8.0_362]
	at org.junit.platform.engine.support.hierarchical.SameThreadHierarchicalTestExecutorService.invokeAll(SameThreadHierarchicalTestExecutorService.java:41) ~[junit-platform-engine-1.8.2.jar:1.8.2]
	at org.junit.platform.engine.support.hierarchical.NodeTestTask.lambda$executeRecursively$6(NodeTestTask.java:155) ~[junit-platform-engine-1.8.2.jar:1.8.2]
	at org.junit.platform.engine.support.hierarchical.ThrowableCollector.execute(ThrowableCollector.java:73) ~[junit-platform-engine-1.8.2.jar:1.8.2]
	at org.junit.platform.engine.support.hierarchical.NodeTestTask.lambda$executeRecursively$8(NodeTestTask.java:141) ~[junit-platform-engine-1.8.2.jar:1.8.2]
	at org.junit.platform.engine.support.hierarchical.Node.around(Node.java:137) ~[junit-platform-engine-1.8.2.jar:1.8.2]
	at org.junit.platform.engine.support.hierarchical.NodeTestTask.lambda$executeRecursively$9(NodeTestTask.java:139) ~[junit-platform-engine-1.8.2.jar:1.8.2]
	at org.junit.platform.engine.support.hierarchical.ThrowableCollector.execute(ThrowableCollector.java:73) ~[junit-platform-engine-1.8.2.jar:1.8.2]
	at org.junit.platform.engine.support.hierarchical.NodeTestTask.executeRecursively(NodeTestTask.java:138) ~[junit-platform-engine-1.8.2.jar:1.8.2]
	at org.junit.platform.engine.support.hierarchical.NodeTestTask.execute(NodeTestTask.java:95) ~[junit-platform-engine-1.8.2.jar:1.8.2]
	at java.util.ArrayList.forEach(ArrayList.java:1259) ~[?:1.8.0_362]
	at org.junit.platform.engine.support.hierarchical.SameThreadHierarchicalTestExecutorService.invokeAll(SameThreadHierarchicalTestExecutorService.java:41) ~[junit-platform-engine-1.8.2.jar:1.8.2]
	at org.junit.platform.engine.support.hierarchical.NodeTestTask.lambda$executeRecursively$6(NodeTestTask.java:155) ~[junit-platform-engine-1.8.2.jar:1.8.2]
	at org.junit.platform.engine.support.hierarchical.ThrowableCollector.execute(ThrowableCollector.java:73) ~[junit-platform-engine-1.8.2.jar:1.8.2]
	at org.junit.platform.engine.support.hierarchical.NodeTestTask.lambda$executeRecursively$8(NodeTestTask.java:141) ~[junit-platform-engine-1.8.2.jar:1.8.2]
	at org.junit.platform.engine.support.hierarchical.Node.around(Node.java:137) ~[junit-platform-engine-1.8.2.jar:1.8.2]
	at org.junit.platform.engine.support.hierarchical.NodeTestTask.lambda$executeRecursively$9(NodeTestTask.java:139) ~[junit-platform-engine-1.8.2.jar:1.8.2]
	at org.junit.platform.engine.support.hierarchical.ThrowableCollector.execute(ThrowableCollector.java:73) ~[junit-platform-engine-1.8.2.jar:1.8.2]
	at org.junit.platform.engine.support.hierarchical.NodeTestTask.executeRecursively(NodeTestTask.java:138) ~[junit-platform-engine-1.8.2.jar:1.8.2]
	at org.junit.platform.engine.support.hierarchical.NodeTestTask.execute(NodeTestTask.java:95) ~[junit-platform-engine-1.8.2.jar:1.8.2]
	at org.junit.platform.engine.support.hierarchical.SameThreadHierarchicalTestExecutorService.submit(SameThreadHierarchicalTestExecutorService.java:35) ~[junit-platform-engine-1.8.2.jar:1.8.2]
	at org.junit.platform.engine.support.hierarchical.HierarchicalTestExecutor.execute(HierarchicalTestExecutor.java:57) ~[junit-platform-engine-1.8.2.jar:1.8.2]
	at org.junit.platform.engine.support.hierarchical.HierarchicalTestEngine.execute(HierarchicalTestEngine.java:54) ~[junit-platform-engine-1.8.2.jar:1.8.2]
	at org.junit.platform.launcher.core.EngineExecutionOrchestrator.execute(EngineExecutionOrchestrator.java:107) ~[junit-platform-launcher-1.8.2.jar:1.8.2]
	at org.junit.platform.launcher.core.EngineExecutionOrchestrator.execute(EngineExecutionOrchestrator.java:88) ~[junit-platform-launcher-1.8.2.jar:1.8.2]
	at org.junit.platform.launcher.core.EngineExecutionOrchestrator.lambda$execute$0(EngineExecutionOrchestrator.java:54) ~[junit-platform-launcher-1.8.2.jar:1.8.2]
	at org.junit.platform.launcher.core.EngineExecutionOrchestrator.withInterceptedStreams(EngineExecutionOrchestrator.java:67) [junit-platform-launcher-1.8.2.jar:1.8.2]
	at org.junit.platform.launcher.core.EngineExecutionOrchestrator.execute(EngineExecutionOrchestrator.java:52) [junit-platform-launcher-1.8.2.jar:1.8.2]
	at org.junit.platform.launcher.core.DefaultLauncher.execute(DefaultLauncher.java:114) [junit-platform-launcher-1.8.2.jar:1.8.2]
	at org.junit.platform.launcher.core.DefaultLauncher.execute(DefaultLauncher.java:86) [junit-platform-launcher-1.8.2.jar:1.8.2]
	at org.junit.platform.launcher.core.DefaultLauncherSession$DelegatingLauncher.execute(DefaultLauncherSession.java:86) [junit-platform-launcher-1.8.2.jar:1.8.2]
	at org.junit.platform.launcher.core.SessionPerRequestLauncher.execute(SessionPerRequestLauncher.java:53) [junit-platform-launcher-1.8.2.jar:1.8.2]
	at org.apache.maven.surefire.junitplatform.JUnitPlatformProvider.execute(JUnitPlatformProvider.java:188) [surefire-junit-platform-3.0.0-M5.jar:3.0.0-M5]
	at org.apache.maven.surefire.junitplatform.JUnitPlatformProvider.invokeAllTests(JUnitPlatformProvider.java:154) [surefire-junit-platform-3.0.0-M5.jar:3.0.0-M5]
	at org.apache.maven.surefire.junitplatform.JUnitPlatformProvider.invoke(JUnitPlatformProvider.java:124) [surefire-junit-platform-3.0.0-M5.jar:3.0.0-M5]
	at org.apache.maven.surefire.booter.ForkedBooter.runSuitesInProcess(ForkedBooter.java:428) [surefire-booter-3.0.0-M5.jar:3.0.0-M5]
	at org.apache.maven.surefire.booter.ForkedBooter.execute(ForkedBooter.java:162) [surefire-booter-3.0.0-M5.jar:3.0.0-M5]
	at org.apache.maven.surefire.booter.ForkedBooter.run(ForkedBooter.java:562) [surefire-booter-3.0.0-M5.jar:3.0.0-M5]
	at org.apache.maven.surefire.booter.ForkedBooter.main(ForkedBooter.java:548) [surefire-booter-3.0.0-M5.jar:3.0.0-M5]
]]></system-out>
  </testcase>
  <testcase name="testListStatusWithNotAllowedUser(BucketLayout, boolean, boolean)[10]" classname="org.apache.hadoop.ozone.om.snapshot.TestOzoneManagerSnapshotAcl" time="1.113">
    <system-out><![CDATA[2023-03-16 19:32:04,466 [Listener at 127.0.0.1/32993] INFO  rpc.RpcClient (RpcClient.java:createVolume(476)) - Creating Volume: volume-11037, with admin as owner and space quota set to -1 bytes, counts quota set to -1
2023-03-16 19:32:04,469 [OM StateMachine ApplyTransaction Thread - 0] INFO  volume.OMVolumeCreateRequest (OMVolumeCreateRequest.java:validateAndUpdateCache(195)) - created volume:volume-11037 for user:admin
2023-03-16 19:32:04,470 [Listener at 127.0.0.1/32993] INFO  rpc.RpcClient (RpcClient.java:createBucket(698)) - Creating Bucket: volume-11037/bucket-16795, with bucket layout LEGACY, admin as owner, Versioning false, Storage Type set to DISK and Encryption set to false, Replication Type set to server-side default replication type, Namespace Quota set to -1, Space Quota set to -1 
2023-03-16 19:32:04,471 [OM StateMachine ApplyTransaction Thread - 0] INFO  bucket.OMBucketCreateRequest (OMBucketCreateRequest.java:validateAndUpdateCache(263)) - created bucket: bucket-16795 of layout LEGACY in volume: volume-11037
2023-03-16 19:32:04,515 [OM StateMachine ApplyTransaction Thread - 0] INFO  snapshot.OMSnapshotCreateRequest (OMSnapshotCreateRequest.java:validateAndUpdateCache(204)) - Created snapshot 'snapshot-04869' under path 'volume-11037/bucket-16795'
2023-03-16 19:32:04,541 [OMDoubleBufferFlushThread] INFO  db.RDBCheckpointManager (RDBCheckpointManager.java:createCheckpoint(96)) - Created checkpoint in rocksDB at /home/runner/work/ozone/ozone/hadoop-ozone/integration-test/target/test-dir/MiniOzoneClusterImpl-7c80c19b-b74a-4fd6-b02a-95a373f15db1/omNode-1/db.snapshots/om.db-f0ec1efb-f118-45ab-b264-7b8fae9e4c5b in 24 milliseconds
2023-03-16 19:32:04,542 [OMDoubleBufferFlushThread] INFO  db.RDBCheckpointManager (RDBCheckpointManager.java:waitForCheckpointDirectoryExist(125)) - Waited for 0 milliseconds for checkpoint directory /home/runner/work/ozone/ozone/hadoop-ozone/integration-test/target/test-dir/MiniOzoneClusterImpl-7c80c19b-b74a-4fd6-b02a-95a373f15db1/omNode-1/db.snapshots/om.db-f0ec1efb-f118-45ab-b264-7b8fae9e4c5b availability.
2023-03-16 19:32:04,542 [OMDoubleBufferFlushThread] INFO  om.OmSnapshotManager (OmSnapshotManager.java:createOmSnapshotCheckpoint(269)) - Created checkpoint : /home/runner/work/ozone/ozone/hadoop-ozone/integration-test/target/test-dir/MiniOzoneClusterImpl-7c80c19b-b74a-4fd6-b02a-95a373f15db1/omNode-1/db.snapshots/om.db-f0ec1efb-f118-45ab-b264-7b8fae9e4c5b for snapshot snapshot-04869
2023-03-16 19:32:05,522 [Listener at 127.0.0.1/32993] WARN  server.ServerUtils (ServerUtils.java:getDBPath(225)) - ozone.om.db.dirs is not configured. We recommend adding this setting. Falling back to ozone.metadata.dirs instead.
2023-03-16 19:32:05,523 [Listener at 127.0.0.1/32993] INFO  codec.OmKeyInfoCodec (OmKeyInfoCodec.java:<init>(49)) - OmKeyInfoCodec ignorePipeline = true
2023-03-16 19:32:05,523 [Listener at 127.0.0.1/32993] INFO  codec.RepeatedOmKeyInfoCodec (RepeatedOmKeyInfoCodec.java:<init>(41)) - RepeatedOmKeyInfoCodec ignorePipeline = true
2023-03-16 19:32:05,568 [Listener at 127.0.0.1/32993] WARN  om.OmSnapshot (OmMetadataReader.java:checkAcls(497)) - User user2 doesn't have READ permission to access key Volume:volume-11037 Bucket:bucket-16795 Key:key-57389
19:32:05.569 [Listener at 127.0.0.1/32993] ERROR OMAudit - user=null | ip=null | op=LIST_STATUS {volume=volume-11037, bucket=bucket-16795, key=key-57389, dataSize=0, replicationConfig=null} | ret=FAILURE
org.apache.hadoop.ozone.om.exceptions.OMException: User user2 doesn't have READ permission to access key Volume:volume-11037 Bucket:bucket-16795 Key:key-57389
	at org.apache.hadoop.ozone.om.OmMetadataReader.checkAcls(OmMetadataReader.java:500) ~[ozone-manager-1.4.0-SNAPSHOT.jar:?]
	at org.apache.hadoop.ozone.om.OmMetadataReader.checkAcls(OmMetadataReader.java:475) ~[ozone-manager-1.4.0-SNAPSHOT.jar:?]
	at org.apache.hadoop.ozone.om.OzoneAclUtils.checkAllAcls(OzoneAclUtils.java:129) ~[ozone-manager-1.4.0-SNAPSHOT.jar:?]
	at org.apache.hadoop.ozone.om.OmMetadataReader.checkAcls(OmMetadataReader.java:437) ~[ozone-manager-1.4.0-SNAPSHOT.jar:?]
	at org.apache.hadoop.ozone.om.OmMetadataReader.listStatus(OmMetadataReader.java:257) ~[ozone-manager-1.4.0-SNAPSHOT.jar:?]
	at org.apache.hadoop.ozone.om.OmSnapshot.listStatus(OmSnapshot.java:108) ~[ozone-manager-1.4.0-SNAPSHOT.jar:?]
	at org.apache.hadoop.ozone.om.OzoneManager.listStatus(OzoneManager.java:3513) ~[ozone-manager-1.4.0-SNAPSHOT.jar:?]
	at org.apache.hadoop.ozone.om.snapshot.TestOzoneManagerSnapshotAcl.lambda$testListStatusWithNotAllowedUser$7(TestOzoneManagerSnapshotAcl.java:262) ~[test-classes/:?]
	at org.junit.jupiter.api.AssertThrows.assertThrows(AssertThrows.java:55) ~[junit-jupiter-api-5.8.2.jar:5.8.2]
	at org.junit.jupiter.api.AssertThrows.assertThrows(AssertThrows.java:37) ~[junit-jupiter-api-5.8.2.jar:5.8.2]
	at org.junit.jupiter.api.Assertions.assertThrows(Assertions.java:3082) ~[junit-jupiter-api-5.8.2.jar:5.8.2]
	at org.apache.hadoop.ozone.om.snapshot.TestOzoneManagerSnapshotAcl.testListStatusWithNotAllowedUser(TestOzoneManagerSnapshotAcl.java:261) ~[test-classes/:?]
	at sun.reflect.NativeMethodAccessorImpl.invoke0(Native Method) ~[?:1.8.0_362]
	at sun.reflect.NativeMethodAccessorImpl.invoke(NativeMethodAccessorImpl.java:62) ~[?:1.8.0_362]
	at sun.reflect.DelegatingMethodAccessorImpl.invoke(DelegatingMethodAccessorImpl.java:43) ~[?:1.8.0_362]
	at java.lang.reflect.Method.invoke(Method.java:498) ~[?:1.8.0_362]
	at org.junit.platform.commons.util.ReflectionUtils.invokeMethod(ReflectionUtils.java:725) ~[junit-platform-commons-1.8.2.jar:1.8.2]
	at org.junit.jupiter.engine.execution.MethodInvocation.proceed(MethodInvocation.java:60) ~[junit-jupiter-engine-5.8.2.jar:5.8.2]
	at org.junit.jupiter.engine.execution.InvocationInterceptorChain$ValidatingInvocation.proceed(InvocationInterceptorChain.java:131) ~[junit-jupiter-engine-5.8.2.jar:5.8.2]
	at org.junit.jupiter.engine.extension.TimeoutInvocation.proceed(TimeoutInvocation.java:46) ~[junit-jupiter-engine-5.8.2.jar:5.8.2]
	at org.junit.jupiter.engine.extension.TimeoutExtension.intercept(TimeoutExtension.java:149) ~[junit-jupiter-engine-5.8.2.jar:5.8.2]
	at org.junit.jupiter.engine.extension.TimeoutExtension.interceptTestableMethod(TimeoutExtension.java:140) ~[junit-jupiter-engine-5.8.2.jar:5.8.2]
	at org.junit.jupiter.engine.extension.TimeoutExtension.interceptTestTemplateMethod(TimeoutExtension.java:92) ~[junit-jupiter-engine-5.8.2.jar:5.8.2]
	at org.junit.jupiter.engine.execution.ExecutableInvoker$ReflectiveInterceptorCall.lambda$ofVoidMethod$0(ExecutableInvoker.java:115) ~[junit-jupiter-engine-5.8.2.jar:5.8.2]
	at org.junit.jupiter.engine.execution.ExecutableInvoker.lambda$invoke$0(ExecutableInvoker.java:105) ~[junit-jupiter-engine-5.8.2.jar:5.8.2]
	at org.junit.jupiter.engine.execution.InvocationInterceptorChain$InterceptedInvocation.proceed(InvocationInterceptorChain.java:106) ~[junit-jupiter-engine-5.8.2.jar:5.8.2]
	at org.junit.jupiter.engine.execution.InvocationInterceptorChain.proceed(InvocationInterceptorChain.java:64) ~[junit-jupiter-engine-5.8.2.jar:5.8.2]
	at org.junit.jupiter.engine.execution.InvocationInterceptorChain.chainAndInvoke(InvocationInterceptorChain.java:45) ~[junit-jupiter-engine-5.8.2.jar:5.8.2]
	at org.junit.jupiter.engine.execution.InvocationInterceptorChain.invoke(InvocationInterceptorChain.java:37) ~[junit-jupiter-engine-5.8.2.jar:5.8.2]
	at org.junit.jupiter.engine.execution.ExecutableInvoker.invoke(ExecutableInvoker.java:104) ~[junit-jupiter-engine-5.8.2.jar:5.8.2]
	at org.junit.jupiter.engine.execution.ExecutableInvoker.invoke(ExecutableInvoker.java:98) ~[junit-jupiter-engine-5.8.2.jar:5.8.2]
	at org.junit.jupiter.engine.descriptor.TestMethodTestDescriptor.lambda$invokeTestMethod$7(TestMethodTestDescriptor.java:214) ~[junit-jupiter-engine-5.8.2.jar:5.8.2]
	at org.junit.platform.engine.support.hierarchical.ThrowableCollector.execute(ThrowableCollector.java:73) ~[junit-platform-engine-1.8.2.jar:1.8.2]
	at org.junit.jupiter.engine.descriptor.TestMethodTestDescriptor.invokeTestMethod(TestMethodTestDescriptor.java:210) ~[junit-jupiter-engine-5.8.2.jar:5.8.2]
	at org.junit.jupiter.engine.descriptor.TestMethodTestDescriptor.execute(TestMethodTestDescriptor.java:135) ~[junit-jupiter-engine-5.8.2.jar:5.8.2]
	at org.junit.jupiter.engine.descriptor.TestMethodTestDescriptor.execute(TestMethodTestDescriptor.java:66) ~[junit-jupiter-engine-5.8.2.jar:5.8.2]
	at org.junit.platform.engine.support.hierarchical.NodeTestTask.lambda$executeRecursively$6(NodeTestTask.java:151) ~[junit-platform-engine-1.8.2.jar:1.8.2]
	at org.junit.platform.engine.support.hierarchical.ThrowableCollector.execute(ThrowableCollector.java:73) ~[junit-platform-engine-1.8.2.jar:1.8.2]
	at org.junit.platform.engine.support.hierarchical.NodeTestTask.lambda$executeRecursively$8(NodeTestTask.java:141) ~[junit-platform-engine-1.8.2.jar:1.8.2]
	at org.junit.platform.engine.support.hierarchical.Node.around(Node.java:137) ~[junit-platform-engine-1.8.2.jar:1.8.2]
	at org.junit.platform.engine.support.hierarchical.NodeTestTask.lambda$executeRecursively$9(NodeTestTask.java:139) ~[junit-platform-engine-1.8.2.jar:1.8.2]
	at org.junit.platform.engine.support.hierarchical.ThrowableCollector.execute(ThrowableCollector.java:73) ~[junit-platform-engine-1.8.2.jar:1.8.2]
	at org.junit.platform.engine.support.hierarchical.NodeTestTask.executeRecursively(NodeTestTask.java:138) ~[junit-platform-engine-1.8.2.jar:1.8.2]
	at org.junit.platform.engine.support.hierarchical.NodeTestTask.execute(NodeTestTask.java:95) ~[junit-platform-engine-1.8.2.jar:1.8.2]
	at org.junit.platform.engine.support.hierarchical.SameThreadHierarchicalTestExecutorService.submit(SameThreadHierarchicalTestExecutorService.java:35) ~[junit-platform-engine-1.8.2.jar:1.8.2]
	at org.junit.platform.engine.support.hierarchical.NodeTestTask$DefaultDynamicTestExecutor.execute(NodeTestTask.java:226) ~[junit-platform-engine-1.8.2.jar:1.8.2]
	at org.junit.platform.engine.support.hierarchical.NodeTestTask$DefaultDynamicTestExecutor.execute(NodeTestTask.java:204) ~[junit-platform-engine-1.8.2.jar:1.8.2]
	at org.junit.jupiter.engine.descriptor.TestTemplateTestDescriptor.execute(TestTemplateTestDescriptor.java:139) ~[junit-jupiter-engine-5.8.2.jar:5.8.2]
	at org.junit.jupiter.engine.descriptor.TestTemplateTestDescriptor.lambda$execute$2(TestTemplateTestDescriptor.java:107) ~[junit-jupiter-engine-5.8.2.jar:5.8.2]
	at java.util.stream.ForEachOps$ForEachOp$OfRef.accept(ForEachOps.java:183) ~[?:1.8.0_362]
	at java.util.stream.ReferencePipeline$3$1.accept(ReferencePipeline.java:193) ~[?:1.8.0_362]
	at java.util.stream.ReferencePipeline$2$1.accept(ReferencePipeline.java:175) ~[?:1.8.0_362]
	at java.util.stream.ReferencePipeline$3$1.accept(ReferencePipeline.java:193) ~[?:1.8.0_362]
	at java.util.stream.ForEachOps$ForEachOp$OfRef.accept(ForEachOps.java:183) ~[?:1.8.0_362]
	at java.util.stream.ReferencePipeline$3$1.accept(ReferencePipeline.java:193) ~[?:1.8.0_362]
	at java.util.stream.ReferencePipeline$3$1.accept(ReferencePipeline.java:193) ~[?:1.8.0_362]
	at java.util.stream.ReferencePipeline$3$1.accept(ReferencePipeline.java:193) ~[?:1.8.0_362]
	at java.util.stream.ForEachOps$ForEachOp$OfRef.accept(ForEachOps.java:183) ~[?:1.8.0_362]
	at java.util.stream.ReferencePipeline$3$1.accept(ReferencePipeline.java:193) ~[?:1.8.0_362]
	at java.util.Spliterators$ArraySpliterator.forEachRemaining(Spliterators.java:948) ~[?:1.8.0_362]
	at java.util.stream.ReferencePipeline$Head.forEach(ReferencePipeline.java:647) ~[?:1.8.0_362]
	at java.util.stream.ReferencePipeline$7$1.accept(ReferencePipeline.java:272) ~[?:1.8.0_362]
	at java.util.stream.ReferencePipeline$3$1.accept(ReferencePipeline.java:193) ~[?:1.8.0_362]
	at java.util.stream.ReferencePipeline$3$1.accept(ReferencePipeline.java:193) ~[?:1.8.0_362]
	at java.util.Spliterators$ArraySpliterator.forEachRemaining(Spliterators.java:948) ~[?:1.8.0_362]
	at java.util.stream.AbstractPipeline.copyInto(AbstractPipeline.java:482) ~[?:1.8.0_362]
	at java.util.stream.AbstractPipeline.wrapAndCopyInto(AbstractPipeline.java:472) ~[?:1.8.0_362]
	at java.util.stream.ForEachOps$ForEachOp.evaluateSequential(ForEachOps.java:150) ~[?:1.8.0_362]
	at java.util.stream.ForEachOps$ForEachOp$OfRef.evaluateSequential(ForEachOps.java:173) ~[?:1.8.0_362]
	at java.util.stream.AbstractPipeline.evaluate(AbstractPipeline.java:234) ~[?:1.8.0_362]
	at java.util.stream.ReferencePipeline.forEach(ReferencePipeline.java:485) ~[?:1.8.0_362]
	at java.util.stream.ReferencePipeline$7$1.accept(ReferencePipeline.java:272) ~[?:1.8.0_362]
	at java.util.stream.ReferencePipeline$3$1.accept(ReferencePipeline.java:193) ~[?:1.8.0_362]
	at java.util.stream.ReferencePipeline$3$1.accept(ReferencePipeline.java:193) ~[?:1.8.0_362]
	at java.util.stream.ReferencePipeline$3$1.accept(ReferencePipeline.java:193) ~[?:1.8.0_362]
	at java.util.ArrayList$ArrayListSpliterator.forEachRemaining(ArrayList.java:1384) ~[?:1.8.0_362]
	at java.util.stream.AbstractPipeline.copyInto(AbstractPipeline.java:482) ~[?:1.8.0_362]
	at java.util.stream.AbstractPipeline.wrapAndCopyInto(AbstractPipeline.java:472) ~[?:1.8.0_362]
	at java.util.stream.ForEachOps$ForEachOp.evaluateSequential(ForEachOps.java:150) ~[?:1.8.0_362]
	at java.util.stream.ForEachOps$ForEachOp$OfRef.evaluateSequential(ForEachOps.java:173) ~[?:1.8.0_362]
	at java.util.stream.AbstractPipeline.evaluate(AbstractPipeline.java:234) ~[?:1.8.0_362]
	at java.util.stream.ReferencePipeline.forEach(ReferencePipeline.java:485) ~[?:1.8.0_362]
	at java.util.stream.ReferencePipeline$7$1.accept(ReferencePipeline.java:272) ~[?:1.8.0_362]
	at java.util.ArrayList$ArrayListSpliterator.forEachRemaining(ArrayList.java:1384) ~[?:1.8.0_362]
	at java.util.stream.AbstractPipeline.copyInto(AbstractPipeline.java:482) ~[?:1.8.0_362]
	at java.util.stream.AbstractPipeline.wrapAndCopyInto(AbstractPipeline.java:472) ~[?:1.8.0_362]
	at java.util.stream.ForEachOps$ForEachOp.evaluateSequential(ForEachOps.java:150) ~[?:1.8.0_362]
	at java.util.stream.ForEachOps$ForEachOp$OfRef.evaluateSequential(ForEachOps.java:173) ~[?:1.8.0_362]
	at java.util.stream.AbstractPipeline.evaluate(AbstractPipeline.java:234) ~[?:1.8.0_362]
	at java.util.stream.ReferencePipeline.forEach(ReferencePipeline.java:485) ~[?:1.8.0_362]
	at org.junit.jupiter.engine.descriptor.TestTemplateTestDescriptor.execute(TestTemplateTestDescriptor.java:107) ~[junit-jupiter-engine-5.8.2.jar:5.8.2]
	at org.junit.jupiter.engine.descriptor.TestTemplateTestDescriptor.execute(TestTemplateTestDescriptor.java:42) ~[junit-jupiter-engine-5.8.2.jar:5.8.2]
	at org.junit.platform.engine.support.hierarchical.NodeTestTask.lambda$executeRecursively$6(NodeTestTask.java:151) ~[junit-platform-engine-1.8.2.jar:1.8.2]
	at org.junit.platform.engine.support.hierarchical.ThrowableCollector.execute(ThrowableCollector.java:73) ~[junit-platform-engine-1.8.2.jar:1.8.2]
	at org.junit.platform.engine.support.hierarchical.NodeTestTask.lambda$executeRecursively$8(NodeTestTask.java:141) ~[junit-platform-engine-1.8.2.jar:1.8.2]
	at org.junit.platform.engine.support.hierarchical.Node.around(Node.java:137) ~[junit-platform-engine-1.8.2.jar:1.8.2]
	at org.junit.platform.engine.support.hierarchical.NodeTestTask.lambda$executeRecursively$9(NodeTestTask.java:139) ~[junit-platform-engine-1.8.2.jar:1.8.2]
	at org.junit.platform.engine.support.hierarchical.ThrowableCollector.execute(ThrowableCollector.java:73) ~[junit-platform-engine-1.8.2.jar:1.8.2]
	at org.junit.platform.engine.support.hierarchical.NodeTestTask.executeRecursively(NodeTestTask.java:138) ~[junit-platform-engine-1.8.2.jar:1.8.2]
	at org.junit.platform.engine.support.hierarchical.NodeTestTask.execute(NodeTestTask.java:95) ~[junit-platform-engine-1.8.2.jar:1.8.2]
	at java.util.ArrayList.forEach(ArrayList.java:1259) ~[?:1.8.0_362]
	at org.junit.platform.engine.support.hierarchical.SameThreadHierarchicalTestExecutorService.invokeAll(SameThreadHierarchicalTestExecutorService.java:41) ~[junit-platform-engine-1.8.2.jar:1.8.2]
	at org.junit.platform.engine.support.hierarchical.NodeTestTask.lambda$executeRecursively$6(NodeTestTask.java:155) ~[junit-platform-engine-1.8.2.jar:1.8.2]
	at org.junit.platform.engine.support.hierarchical.ThrowableCollector.execute(ThrowableCollector.java:73) ~[junit-platform-engine-1.8.2.jar:1.8.2]
	at org.junit.platform.engine.support.hierarchical.NodeTestTask.lambda$executeRecursively$8(NodeTestTask.java:141) ~[junit-platform-engine-1.8.2.jar:1.8.2]
	at org.junit.platform.engine.support.hierarchical.Node.around(Node.java:137) ~[junit-platform-engine-1.8.2.jar:1.8.2]
	at org.junit.platform.engine.support.hierarchical.NodeTestTask.lambda$executeRecursively$9(NodeTestTask.java:139) ~[junit-platform-engine-1.8.2.jar:1.8.2]
	at org.junit.platform.engine.support.hierarchical.ThrowableCollector.execute(ThrowableCollector.java:73) ~[junit-platform-engine-1.8.2.jar:1.8.2]
	at org.junit.platform.engine.support.hierarchical.NodeTestTask.executeRecursively(NodeTestTask.java:138) ~[junit-platform-engine-1.8.2.jar:1.8.2]
	at org.junit.platform.engine.support.hierarchical.NodeTestTask.execute(NodeTestTask.java:95) ~[junit-platform-engine-1.8.2.jar:1.8.2]
	at java.util.ArrayList.forEach(ArrayList.java:1259) ~[?:1.8.0_362]
	at org.junit.platform.engine.support.hierarchical.SameThreadHierarchicalTestExecutorService.invokeAll(SameThreadHierarchicalTestExecutorService.java:41) ~[junit-platform-engine-1.8.2.jar:1.8.2]
	at org.junit.platform.engine.support.hierarchical.NodeTestTask.lambda$executeRecursively$6(NodeTestTask.java:155) ~[junit-platform-engine-1.8.2.jar:1.8.2]
	at org.junit.platform.engine.support.hierarchical.ThrowableCollector.execute(ThrowableCollector.java:73) ~[junit-platform-engine-1.8.2.jar:1.8.2]
	at org.junit.platform.engine.support.hierarchical.NodeTestTask.lambda$executeRecursively$8(NodeTestTask.java:141) ~[junit-platform-engine-1.8.2.jar:1.8.2]
	at org.junit.platform.engine.support.hierarchical.Node.around(Node.java:137) ~[junit-platform-engine-1.8.2.jar:1.8.2]
	at org.junit.platform.engine.support.hierarchical.NodeTestTask.lambda$executeRecursively$9(NodeTestTask.java:139) ~[junit-platform-engine-1.8.2.jar:1.8.2]
	at org.junit.platform.engine.support.hierarchical.ThrowableCollector.execute(ThrowableCollector.java:73) ~[junit-platform-engine-1.8.2.jar:1.8.2]
	at org.junit.platform.engine.support.hierarchical.NodeTestTask.executeRecursively(NodeTestTask.java:138) ~[junit-platform-engine-1.8.2.jar:1.8.2]
	at org.junit.platform.engine.support.hierarchical.NodeTestTask.execute(NodeTestTask.java:95) ~[junit-platform-engine-1.8.2.jar:1.8.2]
	at org.junit.platform.engine.support.hierarchical.SameThreadHierarchicalTestExecutorService.submit(SameThreadHierarchicalTestExecutorService.java:35) ~[junit-platform-engine-1.8.2.jar:1.8.2]
	at org.junit.platform.engine.support.hierarchical.HierarchicalTestExecutor.execute(HierarchicalTestExecutor.java:57) ~[junit-platform-engine-1.8.2.jar:1.8.2]
	at org.junit.platform.engine.support.hierarchical.HierarchicalTestEngine.execute(HierarchicalTestEngine.java:54) ~[junit-platform-engine-1.8.2.jar:1.8.2]
	at org.junit.platform.launcher.core.EngineExecutionOrchestrator.execute(EngineExecutionOrchestrator.java:107) ~[junit-platform-launcher-1.8.2.jar:1.8.2]
	at org.junit.platform.launcher.core.EngineExecutionOrchestrator.execute(EngineExecutionOrchestrator.java:88) ~[junit-platform-launcher-1.8.2.jar:1.8.2]
	at org.junit.platform.launcher.core.EngineExecutionOrchestrator.lambda$execute$0(EngineExecutionOrchestrator.java:54) ~[junit-platform-launcher-1.8.2.jar:1.8.2]
	at org.junit.platform.launcher.core.EngineExecutionOrchestrator.withInterceptedStreams(EngineExecutionOrchestrator.java:67) [junit-platform-launcher-1.8.2.jar:1.8.2]
	at org.junit.platform.launcher.core.EngineExecutionOrchestrator.execute(EngineExecutionOrchestrator.java:52) [junit-platform-launcher-1.8.2.jar:1.8.2]
	at org.junit.platform.launcher.core.DefaultLauncher.execute(DefaultLauncher.java:114) [junit-platform-launcher-1.8.2.jar:1.8.2]
	at org.junit.platform.launcher.core.DefaultLauncher.execute(DefaultLauncher.java:86) [junit-platform-launcher-1.8.2.jar:1.8.2]
	at org.junit.platform.launcher.core.DefaultLauncherSession$DelegatingLauncher.execute(DefaultLauncherSession.java:86) [junit-platform-launcher-1.8.2.jar:1.8.2]
	at org.junit.platform.launcher.core.SessionPerRequestLauncher.execute(SessionPerRequestLauncher.java:53) [junit-platform-launcher-1.8.2.jar:1.8.2]
	at org.apache.maven.surefire.junitplatform.JUnitPlatformProvider.execute(JUnitPlatformProvider.java:188) [surefire-junit-platform-3.0.0-M5.jar:3.0.0-M5]
	at org.apache.maven.surefire.junitplatform.JUnitPlatformProvider.invokeAllTests(JUnitPlatformProvider.java:154) [surefire-junit-platform-3.0.0-M5.jar:3.0.0-M5]
	at org.apache.maven.surefire.junitplatform.JUnitPlatformProvider.invoke(JUnitPlatformProvider.java:124) [surefire-junit-platform-3.0.0-M5.jar:3.0.0-M5]
	at org.apache.maven.surefire.booter.ForkedBooter.runSuitesInProcess(ForkedBooter.java:428) [surefire-booter-3.0.0-M5.jar:3.0.0-M5]
	at org.apache.maven.surefire.booter.ForkedBooter.execute(ForkedBooter.java:162) [surefire-booter-3.0.0-M5.jar:3.0.0-M5]
	at org.apache.maven.surefire.booter.ForkedBooter.run(ForkedBooter.java:562) [surefire-booter-3.0.0-M5.jar:3.0.0-M5]
	at org.apache.maven.surefire.booter.ForkedBooter.main(ForkedBooter.java:548) [surefire-booter-3.0.0-M5.jar:3.0.0-M5]
]]></system-out>
  </testcase>
  <testcase name="testGetAclWithAllowedUser(BucketLayout)[1]" classname="org.apache.hadoop.ozone.om.snapshot.TestOzoneManagerSnapshotAcl" time="1.101">
    <system-out><![CDATA[2023-03-16 19:32:05,581 [Listener at 127.0.0.1/32993] INFO  rpc.RpcClient (RpcClient.java:createVolume(476)) - Creating Volume: volume-94964, with admin as owner and space quota set to -1 bytes, counts quota set to -1
2023-03-16 19:32:05,583 [OM StateMachine ApplyTransaction Thread - 0] INFO  volume.OMVolumeCreateRequest (OMVolumeCreateRequest.java:validateAndUpdateCache(195)) - created volume:volume-94964 for user:admin
2023-03-16 19:32:05,584 [Listener at 127.0.0.1/32993] INFO  rpc.RpcClient (RpcClient.java:createBucket(698)) - Creating Bucket: volume-94964/bucket-37274, with bucket layout FILE_SYSTEM_OPTIMIZED, admin as owner, Versioning false, Storage Type set to DISK and Encryption set to false, Replication Type set to server-side default replication type, Namespace Quota set to -1, Space Quota set to -1 
2023-03-16 19:32:05,586 [OM StateMachine ApplyTransaction Thread - 0] INFO  bucket.OMBucketCreateRequest (OMBucketCreateRequest.java:validateAndUpdateCache(263)) - created bucket: bucket-37274 of layout FILE_SYSTEM_OPTIMIZED in volume: volume-94964
2023-03-16 19:32:05,628 [OM StateMachine ApplyTransaction Thread - 0] INFO  snapshot.OMSnapshotCreateRequest (OMSnapshotCreateRequest.java:validateAndUpdateCache(204)) - Created snapshot 'snapshot-04085' under path 'volume-94964/bucket-37274'
2023-03-16 19:32:05,652 [OMDoubleBufferFlushThread] INFO  db.RDBCheckpointManager (RDBCheckpointManager.java:createCheckpoint(96)) - Created checkpoint in rocksDB at /home/runner/work/ozone/ozone/hadoop-ozone/integration-test/target/test-dir/MiniOzoneClusterImpl-7c80c19b-b74a-4fd6-b02a-95a373f15db1/omNode-1/db.snapshots/om.db-92226f8d-6142-4973-844f-42e4d19f5752 in 23 milliseconds
2023-03-16 19:32:05,652 [OMDoubleBufferFlushThread] INFO  db.RDBCheckpointManager (RDBCheckpointManager.java:waitForCheckpointDirectoryExist(125)) - Waited for 0 milliseconds for checkpoint directory /home/runner/work/ozone/ozone/hadoop-ozone/integration-test/target/test-dir/MiniOzoneClusterImpl-7c80c19b-b74a-4fd6-b02a-95a373f15db1/omNode-1/db.snapshots/om.db-92226f8d-6142-4973-844f-42e4d19f5752 availability.
2023-03-16 19:32:05,653 [OMDoubleBufferFlushThread] INFO  om.OmSnapshotManager (OmSnapshotManager.java:createOmSnapshotCheckpoint(269)) - Created checkpoint : /home/runner/work/ozone/ozone/hadoop-ozone/integration-test/target/test-dir/MiniOzoneClusterImpl-7c80c19b-b74a-4fd6-b02a-95a373f15db1/omNode-1/db.snapshots/om.db-92226f8d-6142-4973-844f-42e4d19f5752 for snapshot snapshot-04085
2023-03-16 19:32:06,638 [Listener at 127.0.0.1/32993] WARN  server.ServerUtils (ServerUtils.java:getDBPath(225)) - ozone.om.db.dirs is not configured. We recommend adding this setting. Falling back to ozone.metadata.dirs instead.
2023-03-16 19:32:06,639 [Listener at 127.0.0.1/32993] INFO  codec.OmKeyInfoCodec (OmKeyInfoCodec.java:<init>(49)) - OmKeyInfoCodec ignorePipeline = true
2023-03-16 19:32:06,639 [Listener at 127.0.0.1/32993] INFO  codec.RepeatedOmKeyInfoCodec (RepeatedOmKeyInfoCodec.java:<init>(41)) - RepeatedOmKeyInfoCodec ignorePipeline = true
]]></system-out>
  </testcase>
  <testcase name="testGetAclWithAllowedUser(BucketLayout)[2]" classname="org.apache.hadoop.ozone.om.snapshot.TestOzoneManagerSnapshotAcl" time="1.102">
    <system-out><![CDATA[2023-03-16 19:32:06,682 [Listener at 127.0.0.1/32993] INFO  rpc.RpcClient (RpcClient.java:createVolume(476)) - Creating Volume: volume-69716, with admin as owner and space quota set to -1 bytes, counts quota set to -1
2023-03-16 19:32:06,687 [OM StateMachine ApplyTransaction Thread - 0] INFO  volume.OMVolumeCreateRequest (OMVolumeCreateRequest.java:validateAndUpdateCache(195)) - created volume:volume-69716 for user:admin
2023-03-16 19:32:06,691 [Listener at 127.0.0.1/32993] INFO  rpc.RpcClient (RpcClient.java:createBucket(698)) - Creating Bucket: volume-69716/bucket-38398, with bucket layout OBJECT_STORE, admin as owner, Versioning false, Storage Type set to DISK and Encryption set to false, Replication Type set to server-side default replication type, Namespace Quota set to -1, Space Quota set to -1 
2023-03-16 19:32:06,692 [OM StateMachine ApplyTransaction Thread - 0] INFO  bucket.OMBucketCreateRequest (OMBucketCreateRequest.java:validateAndUpdateCache(263)) - created bucket: bucket-38398 of layout OBJECT_STORE in volume: volume-69716
2023-03-16 19:32:06,733 [OM StateMachine ApplyTransaction Thread - 0] INFO  snapshot.OMSnapshotCreateRequest (OMSnapshotCreateRequest.java:validateAndUpdateCache(204)) - Created snapshot 'snapshot-23961' under path 'volume-69716/bucket-38398'
2023-03-16 19:32:06,772 [OMDoubleBufferFlushThread] INFO  db.RDBCheckpointManager (RDBCheckpointManager.java:createCheckpoint(96)) - Created checkpoint in rocksDB at /home/runner/work/ozone/ozone/hadoop-ozone/integration-test/target/test-dir/MiniOzoneClusterImpl-7c80c19b-b74a-4fd6-b02a-95a373f15db1/omNode-1/db.snapshots/om.db-91fcc40c-504f-42ae-b0bd-c3a9a9c76f91 in 36 milliseconds
2023-03-16 19:32:06,772 [OMDoubleBufferFlushThread] INFO  db.RDBCheckpointManager (RDBCheckpointManager.java:waitForCheckpointDirectoryExist(125)) - Waited for 0 milliseconds for checkpoint directory /home/runner/work/ozone/ozone/hadoop-ozone/integration-test/target/test-dir/MiniOzoneClusterImpl-7c80c19b-b74a-4fd6-b02a-95a373f15db1/omNode-1/db.snapshots/om.db-91fcc40c-504f-42ae-b0bd-c3a9a9c76f91 availability.
2023-03-16 19:32:06,772 [OMDoubleBufferFlushThread] INFO  om.OmSnapshotManager (OmSnapshotManager.java:createOmSnapshotCheckpoint(269)) - Created checkpoint : /home/runner/work/ozone/ozone/hadoop-ozone/integration-test/target/test-dir/MiniOzoneClusterImpl-7c80c19b-b74a-4fd6-b02a-95a373f15db1/omNode-1/db.snapshots/om.db-91fcc40c-504f-42ae-b0bd-c3a9a9c76f91 for snapshot snapshot-23961
2023-03-16 19:32:07,740 [Listener at 127.0.0.1/32993] WARN  server.ServerUtils (ServerUtils.java:getDBPath(225)) - ozone.om.db.dirs is not configured. We recommend adding this setting. Falling back to ozone.metadata.dirs instead.
2023-03-16 19:32:07,741 [Listener at 127.0.0.1/32993] INFO  codec.OmKeyInfoCodec (OmKeyInfoCodec.java:<init>(49)) - OmKeyInfoCodec ignorePipeline = true
2023-03-16 19:32:07,741 [Listener at 127.0.0.1/32993] INFO  codec.RepeatedOmKeyInfoCodec (RepeatedOmKeyInfoCodec.java:<init>(41)) - RepeatedOmKeyInfoCodec ignorePipeline = true
]]></system-out>
  </testcase>
  <testcase name="testGetAclWithAllowedUser(BucketLayout)[3]" classname="org.apache.hadoop.ozone.om.snapshot.TestOzoneManagerSnapshotAcl" time="1.091">
    <system-out><![CDATA[2023-03-16 19:32:07,786 [Listener at 127.0.0.1/32993] INFO  rpc.RpcClient (RpcClient.java:createVolume(476)) - Creating Volume: volume-05653, with admin as owner and space quota set to -1 bytes, counts quota set to -1
2023-03-16 19:32:07,788 [OM StateMachine ApplyTransaction Thread - 0] INFO  volume.OMVolumeCreateRequest (OMVolumeCreateRequest.java:validateAndUpdateCache(195)) - created volume:volume-05653 for user:admin
2023-03-16 19:32:07,790 [Listener at 127.0.0.1/32993] INFO  rpc.RpcClient (RpcClient.java:createBucket(698)) - Creating Bucket: volume-05653/bucket-04946, with bucket layout LEGACY, admin as owner, Versioning false, Storage Type set to DISK and Encryption set to false, Replication Type set to server-side default replication type, Namespace Quota set to -1, Space Quota set to -1 
2023-03-16 19:32:07,791 [OM StateMachine ApplyTransaction Thread - 0] INFO  bucket.OMBucketCreateRequest (OMBucketCreateRequest.java:validateAndUpdateCache(263)) - created bucket: bucket-04946 of layout LEGACY in volume: volume-05653
2023-03-16 19:32:07,824 [OM StateMachine ApplyTransaction Thread - 0] INFO  snapshot.OMSnapshotCreateRequest (OMSnapshotCreateRequest.java:validateAndUpdateCache(204)) - Created snapshot 'snapshot-01313' under path 'volume-05653/bucket-04946'
2023-03-16 19:32:07,849 [OMDoubleBufferFlushThread] INFO  db.RDBCheckpointManager (RDBCheckpointManager.java:createCheckpoint(96)) - Created checkpoint in rocksDB at /home/runner/work/ozone/ozone/hadoop-ozone/integration-test/target/test-dir/MiniOzoneClusterImpl-7c80c19b-b74a-4fd6-b02a-95a373f15db1/omNode-1/db.snapshots/om.db-8d7baf2b-b298-4bc1-ac0f-185667248ef0 in 23 milliseconds
2023-03-16 19:32:07,850 [OMDoubleBufferFlushThread] INFO  db.RDBCheckpointManager (RDBCheckpointManager.java:waitForCheckpointDirectoryExist(125)) - Waited for 1 milliseconds for checkpoint directory /home/runner/work/ozone/ozone/hadoop-ozone/integration-test/target/test-dir/MiniOzoneClusterImpl-7c80c19b-b74a-4fd6-b02a-95a373f15db1/omNode-1/db.snapshots/om.db-8d7baf2b-b298-4bc1-ac0f-185667248ef0 availability.
2023-03-16 19:32:07,850 [OMDoubleBufferFlushThread] INFO  om.OmSnapshotManager (OmSnapshotManager.java:createOmSnapshotCheckpoint(269)) - Created checkpoint : /home/runner/work/ozone/ozone/hadoop-ozone/integration-test/target/test-dir/MiniOzoneClusterImpl-7c80c19b-b74a-4fd6-b02a-95a373f15db1/omNode-1/db.snapshots/om.db-8d7baf2b-b298-4bc1-ac0f-185667248ef0 for snapshot snapshot-01313
2023-03-16 19:32:08,830 [Listener at 127.0.0.1/32993] WARN  server.ServerUtils (ServerUtils.java:getDBPath(225)) - ozone.om.db.dirs is not configured. We recommend adding this setting. Falling back to ozone.metadata.dirs instead.
2023-03-16 19:32:08,831 [Listener at 127.0.0.1/32993] INFO  codec.OmKeyInfoCodec (OmKeyInfoCodec.java:<init>(49)) - OmKeyInfoCodec ignorePipeline = true
2023-03-16 19:32:08,831 [Listener at 127.0.0.1/32993] INFO  codec.RepeatedOmKeyInfoCodec (RepeatedOmKeyInfoCodec.java:<init>(41)) - RepeatedOmKeyInfoCodec ignorePipeline = true
]]></system-out>
  </testcase>
  <testcase name="testGetAclWithNotAllowedUser(BucketLayout)[1]" classname="org.apache.hadoop.ozone.om.snapshot.TestOzoneManagerSnapshotAcl" time="1.103">
    <system-out><![CDATA[2023-03-16 19:32:08,879 [Listener at 127.0.0.1/32993] INFO  rpc.RpcClient (RpcClient.java:createVolume(476)) - Creating Volume: volume-11029, with admin as owner and space quota set to -1 bytes, counts quota set to -1
2023-03-16 19:32:08,882 [OM StateMachine ApplyTransaction Thread - 0] INFO  volume.OMVolumeCreateRequest (OMVolumeCreateRequest.java:validateAndUpdateCache(195)) - created volume:volume-11029 for user:admin
2023-03-16 19:32:08,888 [Listener at 127.0.0.1/32993] INFO  rpc.RpcClient (RpcClient.java:createBucket(698)) - Creating Bucket: volume-11029/bucket-69137, with bucket layout FILE_SYSTEM_OPTIMIZED, admin as owner, Versioning false, Storage Type set to DISK and Encryption set to false, Replication Type set to server-side default replication type, Namespace Quota set to -1, Space Quota set to -1 
2023-03-16 19:32:08,890 [OM StateMachine ApplyTransaction Thread - 0] INFO  bucket.OMBucketCreateRequest (OMBucketCreateRequest.java:validateAndUpdateCache(263)) - created bucket: bucket-69137 of layout FILE_SYSTEM_OPTIMIZED in volume: volume-11029
2023-03-16 19:32:08,929 [OM StateMachine ApplyTransaction Thread - 0] INFO  snapshot.OMSnapshotCreateRequest (OMSnapshotCreateRequest.java:validateAndUpdateCache(204)) - Created snapshot 'snapshot-30286' under path 'volume-11029/bucket-69137'
2023-03-16 19:32:08,957 [OMDoubleBufferFlushThread] INFO  db.RDBCheckpointManager (RDBCheckpointManager.java:createCheckpoint(96)) - Created checkpoint in rocksDB at /home/runner/work/ozone/ozone/hadoop-ozone/integration-test/target/test-dir/MiniOzoneClusterImpl-7c80c19b-b74a-4fd6-b02a-95a373f15db1/omNode-1/db.snapshots/om.db-25698ab5-1c2e-47d4-bd44-2435200f2bf5 in 27 milliseconds
2023-03-16 19:32:08,957 [OMDoubleBufferFlushThread] INFO  db.RDBCheckpointManager (RDBCheckpointManager.java:waitForCheckpointDirectoryExist(125)) - Waited for 0 milliseconds for checkpoint directory /home/runner/work/ozone/ozone/hadoop-ozone/integration-test/target/test-dir/MiniOzoneClusterImpl-7c80c19b-b74a-4fd6-b02a-95a373f15db1/omNode-1/db.snapshots/om.db-25698ab5-1c2e-47d4-bd44-2435200f2bf5 availability.
2023-03-16 19:32:08,957 [OMDoubleBufferFlushThread] INFO  om.OmSnapshotManager (OmSnapshotManager.java:createOmSnapshotCheckpoint(269)) - Created checkpoint : /home/runner/work/ozone/ozone/hadoop-ozone/integration-test/target/test-dir/MiniOzoneClusterImpl-7c80c19b-b74a-4fd6-b02a-95a373f15db1/omNode-1/db.snapshots/om.db-25698ab5-1c2e-47d4-bd44-2435200f2bf5 for snapshot snapshot-30286
2023-03-16 19:32:09,935 [Listener at 127.0.0.1/32993] WARN  server.ServerUtils (ServerUtils.java:getDBPath(225)) - ozone.om.db.dirs is not configured. We recommend adding this setting. Falling back to ozone.metadata.dirs instead.
2023-03-16 19:32:09,936 [Listener at 127.0.0.1/32993] INFO  codec.OmKeyInfoCodec (OmKeyInfoCodec.java:<init>(49)) - OmKeyInfoCodec ignorePipeline = true
2023-03-16 19:32:09,936 [Listener at 127.0.0.1/32993] INFO  codec.RepeatedOmKeyInfoCodec (RepeatedOmKeyInfoCodec.java:<init>(41)) - RepeatedOmKeyInfoCodec ignorePipeline = true
2023-03-16 19:32:09,972 [Listener at 127.0.0.1/32993] WARN  om.OmSnapshot (OmMetadataReader.java:checkAcls(497)) - User user2 doesn't have READ_ACL permission to access key Volume:volume-11029 Bucket:bucket-69137 Key:key-81462
19:32:09.972 [Listener at 127.0.0.1/32993] ERROR OMAudit - user=null | ip=null | op=GET_ACL {resourceType=key, storageType=ozone, volume=volume-11029, bucket=bucket-69137, key=key-81462} | ret=FAILURE
org.apache.hadoop.ozone.om.exceptions.OMException: User user2 doesn't have READ_ACL permission to access key Volume:volume-11029 Bucket:bucket-69137 Key:key-81462
	at org.apache.hadoop.ozone.om.OmMetadataReader.checkAcls(OmMetadataReader.java:500) ~[ozone-manager-1.4.0-SNAPSHOT.jar:?]
	at org.apache.hadoop.ozone.om.OmMetadataReader.checkAcls(OmMetadataReader.java:475) ~[ozone-manager-1.4.0-SNAPSHOT.jar:?]
	at org.apache.hadoop.ozone.om.OzoneAclUtils.checkAllAcls(OzoneAclUtils.java:129) ~[ozone-manager-1.4.0-SNAPSHOT.jar:?]
	at org.apache.hadoop.ozone.om.OmMetadataReader.checkAcls(OmMetadataReader.java:437) ~[ozone-manager-1.4.0-SNAPSHOT.jar:?]
	at org.apache.hadoop.ozone.om.OmMetadataReader.getAcl(OmMetadataReader.java:379) ~[ozone-manager-1.4.0-SNAPSHOT.jar:?]
	at org.apache.hadoop.ozone.om.OmSnapshot.getAcl(OmSnapshot.java:139) ~[ozone-manager-1.4.0-SNAPSHOT.jar:?]
	at org.apache.hadoop.ozone.om.OzoneManager.getAcl(OzoneManager.java:3525) ~[ozone-manager-1.4.0-SNAPSHOT.jar:?]
	at org.apache.hadoop.ozone.om.snapshot.TestOzoneManagerSnapshotAcl.lambda$testGetAclWithNotAllowedUser$16(TestOzoneManagerSnapshotAcl.java:385) ~[test-classes/:?]
	at org.junit.jupiter.api.AssertThrows.assertThrows(AssertThrows.java:55) ~[junit-jupiter-api-5.8.2.jar:5.8.2]
	at org.junit.jupiter.api.AssertThrows.assertThrows(AssertThrows.java:37) ~[junit-jupiter-api-5.8.2.jar:5.8.2]
	at org.junit.jupiter.api.Assertions.assertThrows(Assertions.java:3082) ~[junit-jupiter-api-5.8.2.jar:5.8.2]
	at org.apache.hadoop.ozone.om.snapshot.TestOzoneManagerSnapshotAcl.testGetAclWithNotAllowedUser(TestOzoneManagerSnapshotAcl.java:384) ~[test-classes/:?]
	at sun.reflect.NativeMethodAccessorImpl.invoke0(Native Method) ~[?:1.8.0_362]
	at sun.reflect.NativeMethodAccessorImpl.invoke(NativeMethodAccessorImpl.java:62) ~[?:1.8.0_362]
	at sun.reflect.DelegatingMethodAccessorImpl.invoke(DelegatingMethodAccessorImpl.java:43) ~[?:1.8.0_362]
	at java.lang.reflect.Method.invoke(Method.java:498) ~[?:1.8.0_362]
	at org.junit.platform.commons.util.ReflectionUtils.invokeMethod(ReflectionUtils.java:725) ~[junit-platform-commons-1.8.2.jar:1.8.2]
	at org.junit.jupiter.engine.execution.MethodInvocation.proceed(MethodInvocation.java:60) ~[junit-jupiter-engine-5.8.2.jar:5.8.2]
	at org.junit.jupiter.engine.execution.InvocationInterceptorChain$ValidatingInvocation.proceed(InvocationInterceptorChain.java:131) ~[junit-jupiter-engine-5.8.2.jar:5.8.2]
	at org.junit.jupiter.engine.extension.TimeoutInvocation.proceed(TimeoutInvocation.java:46) ~[junit-jupiter-engine-5.8.2.jar:5.8.2]
	at org.junit.jupiter.engine.extension.TimeoutExtension.intercept(TimeoutExtension.java:149) ~[junit-jupiter-engine-5.8.2.jar:5.8.2]
	at org.junit.jupiter.engine.extension.TimeoutExtension.interceptTestableMethod(TimeoutExtension.java:140) ~[junit-jupiter-engine-5.8.2.jar:5.8.2]
	at org.junit.jupiter.engine.extension.TimeoutExtension.interceptTestTemplateMethod(TimeoutExtension.java:92) ~[junit-jupiter-engine-5.8.2.jar:5.8.2]
	at org.junit.jupiter.engine.execution.ExecutableInvoker$ReflectiveInterceptorCall.lambda$ofVoidMethod$0(ExecutableInvoker.java:115) ~[junit-jupiter-engine-5.8.2.jar:5.8.2]
	at org.junit.jupiter.engine.execution.ExecutableInvoker.lambda$invoke$0(ExecutableInvoker.java:105) ~[junit-jupiter-engine-5.8.2.jar:5.8.2]
	at org.junit.jupiter.engine.execution.InvocationInterceptorChain$InterceptedInvocation.proceed(InvocationInterceptorChain.java:106) ~[junit-jupiter-engine-5.8.2.jar:5.8.2]
	at org.junit.jupiter.engine.execution.InvocationInterceptorChain.proceed(InvocationInterceptorChain.java:64) ~[junit-jupiter-engine-5.8.2.jar:5.8.2]
	at org.junit.jupiter.engine.execution.InvocationInterceptorChain.chainAndInvoke(InvocationInterceptorChain.java:45) ~[junit-jupiter-engine-5.8.2.jar:5.8.2]
	at org.junit.jupiter.engine.execution.InvocationInterceptorChain.invoke(InvocationInterceptorChain.java:37) ~[junit-jupiter-engine-5.8.2.jar:5.8.2]
	at org.junit.jupiter.engine.execution.ExecutableInvoker.invoke(ExecutableInvoker.java:104) ~[junit-jupiter-engine-5.8.2.jar:5.8.2]
	at org.junit.jupiter.engine.execution.ExecutableInvoker.invoke(ExecutableInvoker.java:98) ~[junit-jupiter-engine-5.8.2.jar:5.8.2]
	at org.junit.jupiter.engine.descriptor.TestMethodTestDescriptor.lambda$invokeTestMethod$7(TestMethodTestDescriptor.java:214) ~[junit-jupiter-engine-5.8.2.jar:5.8.2]
	at org.junit.platform.engine.support.hierarchical.ThrowableCollector.execute(ThrowableCollector.java:73) ~[junit-platform-engine-1.8.2.jar:1.8.2]
	at org.junit.jupiter.engine.descriptor.TestMethodTestDescriptor.invokeTestMethod(TestMethodTestDescriptor.java:210) ~[junit-jupiter-engine-5.8.2.jar:5.8.2]
	at org.junit.jupiter.engine.descriptor.TestMethodTestDescriptor.execute(TestMethodTestDescriptor.java:135) ~[junit-jupiter-engine-5.8.2.jar:5.8.2]
	at org.junit.jupiter.engine.descriptor.TestMethodTestDescriptor.execute(TestMethodTestDescriptor.java:66) ~[junit-jupiter-engine-5.8.2.jar:5.8.2]
	at org.junit.platform.engine.support.hierarchical.NodeTestTask.lambda$executeRecursively$6(NodeTestTask.java:151) ~[junit-platform-engine-1.8.2.jar:1.8.2]
	at org.junit.platform.engine.support.hierarchical.ThrowableCollector.execute(ThrowableCollector.java:73) ~[junit-platform-engine-1.8.2.jar:1.8.2]
	at org.junit.platform.engine.support.hierarchical.NodeTestTask.lambda$executeRecursively$8(NodeTestTask.java:141) ~[junit-platform-engine-1.8.2.jar:1.8.2]
	at org.junit.platform.engine.support.hierarchical.Node.around(Node.java:137) ~[junit-platform-engine-1.8.2.jar:1.8.2]
	at org.junit.platform.engine.support.hierarchical.NodeTestTask.lambda$executeRecursively$9(NodeTestTask.java:139) ~[junit-platform-engine-1.8.2.jar:1.8.2]
	at org.junit.platform.engine.support.hierarchical.ThrowableCollector.execute(ThrowableCollector.java:73) ~[junit-platform-engine-1.8.2.jar:1.8.2]
	at org.junit.platform.engine.support.hierarchical.NodeTestTask.executeRecursively(NodeTestTask.java:138) ~[junit-platform-engine-1.8.2.jar:1.8.2]
	at org.junit.platform.engine.support.hierarchical.NodeTestTask.execute(NodeTestTask.java:95) ~[junit-platform-engine-1.8.2.jar:1.8.2]
	at org.junit.platform.engine.support.hierarchical.SameThreadHierarchicalTestExecutorService.submit(SameThreadHierarchicalTestExecutorService.java:35) ~[junit-platform-engine-1.8.2.jar:1.8.2]
	at org.junit.platform.engine.support.hierarchical.NodeTestTask$DefaultDynamicTestExecutor.execute(NodeTestTask.java:226) ~[junit-platform-engine-1.8.2.jar:1.8.2]
	at org.junit.platform.engine.support.hierarchical.NodeTestTask$DefaultDynamicTestExecutor.execute(NodeTestTask.java:204) ~[junit-platform-engine-1.8.2.jar:1.8.2]
	at org.junit.jupiter.engine.descriptor.TestTemplateTestDescriptor.execute(TestTemplateTestDescriptor.java:139) ~[junit-jupiter-engine-5.8.2.jar:5.8.2]
	at org.junit.jupiter.engine.descriptor.TestTemplateTestDescriptor.lambda$execute$2(TestTemplateTestDescriptor.java:107) ~[junit-jupiter-engine-5.8.2.jar:5.8.2]
	at java.util.stream.ForEachOps$ForEachOp$OfRef.accept(ForEachOps.java:183) ~[?:1.8.0_362]
	at java.util.stream.ReferencePipeline$3$1.accept(ReferencePipeline.java:193) ~[?:1.8.0_362]
	at java.util.stream.ReferencePipeline$2$1.accept(ReferencePipeline.java:175) ~[?:1.8.0_362]
	at java.util.stream.ReferencePipeline$3$1.accept(ReferencePipeline.java:193) ~[?:1.8.0_362]
	at java.util.stream.ForEachOps$ForEachOp$OfRef.accept(ForEachOps.java:183) ~[?:1.8.0_362]
	at java.util.stream.ReferencePipeline$3$1.accept(ReferencePipeline.java:193) ~[?:1.8.0_362]
	at java.util.stream.ReferencePipeline$3$1.accept(ReferencePipeline.java:193) ~[?:1.8.0_362]
	at java.util.stream.ReferencePipeline$3$1.accept(ReferencePipeline.java:193) ~[?:1.8.0_362]
	at java.util.stream.ForEachOps$ForEachOp$OfRef.accept(ForEachOps.java:183) ~[?:1.8.0_362]
	at java.util.stream.ReferencePipeline$3$1.accept(ReferencePipeline.java:193) ~[?:1.8.0_362]
	at java.util.Iterator.forEachRemaining(Iterator.java:116) ~[?:1.8.0_362]
	at java.util.Spliterators$IteratorSpliterator.forEachRemaining(Spliterators.java:1801) ~[?:1.8.0_362]
	at java.util.stream.AbstractPipeline.copyInto(AbstractPipeline.java:482) ~[?:1.8.0_362]
	at java.util.stream.AbstractPipeline.wrapAndCopyInto(AbstractPipeline.java:472) ~[?:1.8.0_362]
	at java.util.stream.ForEachOps$ForEachOp.evaluateSequential(ForEachOps.java:150) ~[?:1.8.0_362]
	at java.util.stream.ForEachOps$ForEachOp$OfRef.evaluateSequential(ForEachOps.java:173) ~[?:1.8.0_362]
	at java.util.stream.AbstractPipeline.evaluate(AbstractPipeline.java:234) ~[?:1.8.0_362]
	at java.util.stream.ReferencePipeline.forEach(ReferencePipeline.java:485) ~[?:1.8.0_362]
	at java.util.stream.ReferencePipeline$7$1.accept(ReferencePipeline.java:272) ~[?:1.8.0_362]
	at java.util.stream.ReferencePipeline$3$1.accept(ReferencePipeline.java:193) ~[?:1.8.0_362]
	at java.util.stream.ReferencePipeline$3$1.accept(ReferencePipeline.java:193) ~[?:1.8.0_362]
	at java.util.stream.ReferencePipeline$3$1.accept(ReferencePipeline.java:193) ~[?:1.8.0_362]
	at java.util.ArrayList$ArrayListSpliterator.forEachRemaining(ArrayList.java:1384) ~[?:1.8.0_362]
	at java.util.stream.AbstractPipeline.copyInto(AbstractPipeline.java:482) ~[?:1.8.0_362]
	at java.util.stream.AbstractPipeline.wrapAndCopyInto(AbstractPipeline.java:472) ~[?:1.8.0_362]
	at java.util.stream.ForEachOps$ForEachOp.evaluateSequential(ForEachOps.java:150) ~[?:1.8.0_362]
	at java.util.stream.ForEachOps$ForEachOp$OfRef.evaluateSequential(ForEachOps.java:173) ~[?:1.8.0_362]
	at java.util.stream.AbstractPipeline.evaluate(AbstractPipeline.java:234) ~[?:1.8.0_362]
	at java.util.stream.ReferencePipeline.forEach(ReferencePipeline.java:485) ~[?:1.8.0_362]
	at java.util.stream.ReferencePipeline$7$1.accept(ReferencePipeline.java:272) ~[?:1.8.0_362]
	at java.util.ArrayList$ArrayListSpliterator.forEachRemaining(ArrayList.java:1384) ~[?:1.8.0_362]
	at java.util.stream.AbstractPipeline.copyInto(AbstractPipeline.java:482) ~[?:1.8.0_362]
	at java.util.stream.AbstractPipeline.wrapAndCopyInto(AbstractPipeline.java:472) ~[?:1.8.0_362]
	at java.util.stream.ForEachOps$ForEachOp.evaluateSequential(ForEachOps.java:150) ~[?:1.8.0_362]
	at java.util.stream.ForEachOps$ForEachOp$OfRef.evaluateSequential(ForEachOps.java:173) ~[?:1.8.0_362]
	at java.util.stream.AbstractPipeline.evaluate(AbstractPipeline.java:234) ~[?:1.8.0_362]
	at java.util.stream.ReferencePipeline.forEach(ReferencePipeline.java:485) ~[?:1.8.0_362]
	at org.junit.jupiter.engine.descriptor.TestTemplateTestDescriptor.execute(TestTemplateTestDescriptor.java:107) ~[junit-jupiter-engine-5.8.2.jar:5.8.2]
	at org.junit.jupiter.engine.descriptor.TestTemplateTestDescriptor.execute(TestTemplateTestDescriptor.java:42) ~[junit-jupiter-engine-5.8.2.jar:5.8.2]
	at org.junit.platform.engine.support.hierarchical.NodeTestTask.lambda$executeRecursively$6(NodeTestTask.java:151) ~[junit-platform-engine-1.8.2.jar:1.8.2]
	at org.junit.platform.engine.support.hierarchical.ThrowableCollector.execute(ThrowableCollector.java:73) ~[junit-platform-engine-1.8.2.jar:1.8.2]
	at org.junit.platform.engine.support.hierarchical.NodeTestTask.lambda$executeRecursively$8(NodeTestTask.java:141) ~[junit-platform-engine-1.8.2.jar:1.8.2]
	at org.junit.platform.engine.support.hierarchical.Node.around(Node.java:137) ~[junit-platform-engine-1.8.2.jar:1.8.2]
	at org.junit.platform.engine.support.hierarchical.NodeTestTask.lambda$executeRecursively$9(NodeTestTask.java:139) ~[junit-platform-engine-1.8.2.jar:1.8.2]
	at org.junit.platform.engine.support.hierarchical.ThrowableCollector.execute(ThrowableCollector.java:73) ~[junit-platform-engine-1.8.2.jar:1.8.2]
	at org.junit.platform.engine.support.hierarchical.NodeTestTask.executeRecursively(NodeTestTask.java:138) ~[junit-platform-engine-1.8.2.jar:1.8.2]
	at org.junit.platform.engine.support.hierarchical.NodeTestTask.execute(NodeTestTask.java:95) ~[junit-platform-engine-1.8.2.jar:1.8.2]
	at java.util.ArrayList.forEach(ArrayList.java:1259) ~[?:1.8.0_362]
	at org.junit.platform.engine.support.hierarchical.SameThreadHierarchicalTestExecutorService.invokeAll(SameThreadHierarchicalTestExecutorService.java:41) ~[junit-platform-engine-1.8.2.jar:1.8.2]
	at org.junit.platform.engine.support.hierarchical.NodeTestTask.lambda$executeRecursively$6(NodeTestTask.java:155) ~[junit-platform-engine-1.8.2.jar:1.8.2]
	at org.junit.platform.engine.support.hierarchical.ThrowableCollector.execute(ThrowableCollector.java:73) ~[junit-platform-engine-1.8.2.jar:1.8.2]
	at org.junit.platform.engine.support.hierarchical.NodeTestTask.lambda$executeRecursively$8(NodeTestTask.java:141) ~[junit-platform-engine-1.8.2.jar:1.8.2]
	at org.junit.platform.engine.support.hierarchical.Node.around(Node.java:137) ~[junit-platform-engine-1.8.2.jar:1.8.2]
	at org.junit.platform.engine.support.hierarchical.NodeTestTask.lambda$executeRecursively$9(NodeTestTask.java:139) ~[junit-platform-engine-1.8.2.jar:1.8.2]
	at org.junit.platform.engine.support.hierarchical.ThrowableCollector.execute(ThrowableCollector.java:73) ~[junit-platform-engine-1.8.2.jar:1.8.2]
	at org.junit.platform.engine.support.hierarchical.NodeTestTask.executeRecursively(NodeTestTask.java:138) ~[junit-platform-engine-1.8.2.jar:1.8.2]
	at org.junit.platform.engine.support.hierarchical.NodeTestTask.execute(NodeTestTask.java:95) ~[junit-platform-engine-1.8.2.jar:1.8.2]
	at java.util.ArrayList.forEach(ArrayList.java:1259) ~[?:1.8.0_362]
	at org.junit.platform.engine.support.hierarchical.SameThreadHierarchicalTestExecutorService.invokeAll(SameThreadHierarchicalTestExecutorService.java:41) ~[junit-platform-engine-1.8.2.jar:1.8.2]
	at org.junit.platform.engine.support.hierarchical.NodeTestTask.lambda$executeRecursively$6(NodeTestTask.java:155) ~[junit-platform-engine-1.8.2.jar:1.8.2]
	at org.junit.platform.engine.support.hierarchical.ThrowableCollector.execute(ThrowableCollector.java:73) ~[junit-platform-engine-1.8.2.jar:1.8.2]
	at org.junit.platform.engine.support.hierarchical.NodeTestTask.lambda$executeRecursively$8(NodeTestTask.java:141) ~[junit-platform-engine-1.8.2.jar:1.8.2]
	at org.junit.platform.engine.support.hierarchical.Node.around(Node.java:137) ~[junit-platform-engine-1.8.2.jar:1.8.2]
	at org.junit.platform.engine.support.hierarchical.NodeTestTask.lambda$executeRecursively$9(NodeTestTask.java:139) ~[junit-platform-engine-1.8.2.jar:1.8.2]
	at org.junit.platform.engine.support.hierarchical.ThrowableCollector.execute(ThrowableCollector.java:73) ~[junit-platform-engine-1.8.2.jar:1.8.2]
	at org.junit.platform.engine.support.hierarchical.NodeTestTask.executeRecursively(NodeTestTask.java:138) ~[junit-platform-engine-1.8.2.jar:1.8.2]
	at org.junit.platform.engine.support.hierarchical.NodeTestTask.execute(NodeTestTask.java:95) ~[junit-platform-engine-1.8.2.jar:1.8.2]
	at org.junit.platform.engine.support.hierarchical.SameThreadHierarchicalTestExecutorService.submit(SameThreadHierarchicalTestExecutorService.java:35) ~[junit-platform-engine-1.8.2.jar:1.8.2]
	at org.junit.platform.engine.support.hierarchical.HierarchicalTestExecutor.execute(HierarchicalTestExecutor.java:57) ~[junit-platform-engine-1.8.2.jar:1.8.2]
	at org.junit.platform.engine.support.hierarchical.HierarchicalTestEngine.execute(HierarchicalTestEngine.java:54) ~[junit-platform-engine-1.8.2.jar:1.8.2]
	at org.junit.platform.launcher.core.EngineExecutionOrchestrator.execute(EngineExecutionOrchestrator.java:107) ~[junit-platform-launcher-1.8.2.jar:1.8.2]
	at org.junit.platform.launcher.core.EngineExecutionOrchestrator.execute(EngineExecutionOrchestrator.java:88) ~[junit-platform-launcher-1.8.2.jar:1.8.2]
	at org.junit.platform.launcher.core.EngineExecutionOrchestrator.lambda$execute$0(EngineExecutionOrchestrator.java:54) ~[junit-platform-launcher-1.8.2.jar:1.8.2]
	at org.junit.platform.launcher.core.EngineExecutionOrchestrator.withInterceptedStreams(EngineExecutionOrchestrator.java:67) [junit-platform-launcher-1.8.2.jar:1.8.2]
	at org.junit.platform.launcher.core.EngineExecutionOrchestrator.execute(EngineExecutionOrchestrator.java:52) [junit-platform-launcher-1.8.2.jar:1.8.2]
	at org.junit.platform.launcher.core.DefaultLauncher.execute(DefaultLauncher.java:114) [junit-platform-launcher-1.8.2.jar:1.8.2]
	at org.junit.platform.launcher.core.DefaultLauncher.execute(DefaultLauncher.java:86) [junit-platform-launcher-1.8.2.jar:1.8.2]
	at org.junit.platform.launcher.core.DefaultLauncherSession$DelegatingLauncher.execute(DefaultLauncherSession.java:86) [junit-platform-launcher-1.8.2.jar:1.8.2]
	at org.junit.platform.launcher.core.SessionPerRequestLauncher.execute(SessionPerRequestLauncher.java:53) [junit-platform-launcher-1.8.2.jar:1.8.2]
	at org.apache.maven.surefire.junitplatform.JUnitPlatformProvider.execute(JUnitPlatformProvider.java:188) [surefire-junit-platform-3.0.0-M5.jar:3.0.0-M5]
	at org.apache.maven.surefire.junitplatform.JUnitPlatformProvider.invokeAllTests(JUnitPlatformProvider.java:154) [surefire-junit-platform-3.0.0-M5.jar:3.0.0-M5]
	at org.apache.maven.surefire.junitplatform.JUnitPlatformProvider.invoke(JUnitPlatformProvider.java:124) [surefire-junit-platform-3.0.0-M5.jar:3.0.0-M5]
	at org.apache.maven.surefire.booter.ForkedBooter.runSuitesInProcess(ForkedBooter.java:428) [surefire-booter-3.0.0-M5.jar:3.0.0-M5]
	at org.apache.maven.surefire.booter.ForkedBooter.execute(ForkedBooter.java:162) [surefire-booter-3.0.0-M5.jar:3.0.0-M5]
	at org.apache.maven.surefire.booter.ForkedBooter.run(ForkedBooter.java:562) [surefire-booter-3.0.0-M5.jar:3.0.0-M5]
	at org.apache.maven.surefire.booter.ForkedBooter.main(ForkedBooter.java:548) [surefire-booter-3.0.0-M5.jar:3.0.0-M5]
]]></system-out>
  </testcase>
  <testcase name="testGetAclWithNotAllowedUser(BucketLayout)[2]" classname="org.apache.hadoop.ozone.om.snapshot.TestOzoneManagerSnapshotAcl" time="1.101">
    <system-out><![CDATA[2023-03-16 19:32:09,984 [Listener at 127.0.0.1/32993] INFO  rpc.RpcClient (RpcClient.java:createVolume(476)) - Creating Volume: volume-10163, with admin as owner and space quota set to -1 bytes, counts quota set to -1
2023-03-16 19:32:09,986 [OM StateMachine ApplyTransaction Thread - 0] INFO  volume.OMVolumeCreateRequest (OMVolumeCreateRequest.java:validateAndUpdateCache(195)) - created volume:volume-10163 for user:admin
2023-03-16 19:32:09,987 [Listener at 127.0.0.1/32993] INFO  rpc.RpcClient (RpcClient.java:createBucket(698)) - Creating Bucket: volume-10163/bucket-58111, with bucket layout OBJECT_STORE, admin as owner, Versioning false, Storage Type set to DISK and Encryption set to false, Replication Type set to server-side default replication type, Namespace Quota set to -1, Space Quota set to -1 
2023-03-16 19:32:09,989 [OM StateMachine ApplyTransaction Thread - 0] INFO  bucket.OMBucketCreateRequest (OMBucketCreateRequest.java:validateAndUpdateCache(263)) - created bucket: bucket-58111 of layout OBJECT_STORE in volume: volume-10163
2023-03-16 19:32:10,030 [OM StateMachine ApplyTransaction Thread - 0] INFO  snapshot.OMSnapshotCreateRequest (OMSnapshotCreateRequest.java:validateAndUpdateCache(204)) - Created snapshot 'snapshot-76610' under path 'volume-10163/bucket-58111'
2023-03-16 19:32:10,060 [OMDoubleBufferFlushThread] INFO  db.RDBCheckpointManager (RDBCheckpointManager.java:createCheckpoint(96)) - Created checkpoint in rocksDB at /home/runner/work/ozone/ozone/hadoop-ozone/integration-test/target/test-dir/MiniOzoneClusterImpl-7c80c19b-b74a-4fd6-b02a-95a373f15db1/omNode-1/db.snapshots/om.db-1805e7c9-2016-4e5f-ae5e-21d09a2581a9 in 28 milliseconds
2023-03-16 19:32:10,060 [OMDoubleBufferFlushThread] INFO  db.RDBCheckpointManager (RDBCheckpointManager.java:waitForCheckpointDirectoryExist(125)) - Waited for 0 milliseconds for checkpoint directory /home/runner/work/ozone/ozone/hadoop-ozone/integration-test/target/test-dir/MiniOzoneClusterImpl-7c80c19b-b74a-4fd6-b02a-95a373f15db1/omNode-1/db.snapshots/om.db-1805e7c9-2016-4e5f-ae5e-21d09a2581a9 availability.
2023-03-16 19:32:10,061 [OMDoubleBufferFlushThread] INFO  om.OmSnapshotManager (OmSnapshotManager.java:createOmSnapshotCheckpoint(269)) - Created checkpoint : /home/runner/work/ozone/ozone/hadoop-ozone/integration-test/target/test-dir/MiniOzoneClusterImpl-7c80c19b-b74a-4fd6-b02a-95a373f15db1/omNode-1/db.snapshots/om.db-1805e7c9-2016-4e5f-ae5e-21d09a2581a9 for snapshot snapshot-76610
2023-03-16 19:32:10,492 [BlockDeletingService#0] INFO  interfaces.ContainerDeletionChoosingPolicyTemplate (ContainerDeletionChoosingPolicyTemplate.java:chooseContainerForBlockDeletion(83)) - Chosen 0/5000 blocks from 0 candidate containers.
2023-03-16 19:32:10,941 [BlockDeletingService#0] INFO  interfaces.ContainerDeletionChoosingPolicyTemplate (ContainerDeletionChoosingPolicyTemplate.java:chooseContainerForBlockDeletion(83)) - Chosen 0/5000 blocks from 0 candidate containers.
2023-03-16 19:32:11,038 [Listener at 127.0.0.1/32993] WARN  server.ServerUtils (ServerUtils.java:getDBPath(225)) - ozone.om.db.dirs is not configured. We recommend adding this setting. Falling back to ozone.metadata.dirs instead.
2023-03-16 19:32:11,038 [Listener at 127.0.0.1/32993] INFO  codec.OmKeyInfoCodec (OmKeyInfoCodec.java:<init>(49)) - OmKeyInfoCodec ignorePipeline = true
2023-03-16 19:32:11,039 [Listener at 127.0.0.1/32993] INFO  codec.RepeatedOmKeyInfoCodec (RepeatedOmKeyInfoCodec.java:<init>(41)) - RepeatedOmKeyInfoCodec ignorePipeline = true
2023-03-16 19:32:11,074 [Listener at 127.0.0.1/32993] WARN  om.OmSnapshot (OmMetadataReader.java:checkAcls(497)) - User user2 doesn't have READ_ACL permission to access key Volume:volume-10163 Bucket:bucket-58111 Key:key-29977
19:32:11.074 [Listener at 127.0.0.1/32993] ERROR OMAudit - user=null | ip=null | op=GET_ACL {resourceType=key, storageType=ozone, volume=volume-10163, bucket=bucket-58111, key=key-29977} | ret=FAILURE
org.apache.hadoop.ozone.om.exceptions.OMException: User user2 doesn't have READ_ACL permission to access key Volume:volume-10163 Bucket:bucket-58111 Key:key-29977
	at org.apache.hadoop.ozone.om.OmMetadataReader.checkAcls(OmMetadataReader.java:500) ~[ozone-manager-1.4.0-SNAPSHOT.jar:?]
	at org.apache.hadoop.ozone.om.OmMetadataReader.checkAcls(OmMetadataReader.java:475) ~[ozone-manager-1.4.0-SNAPSHOT.jar:?]
	at org.apache.hadoop.ozone.om.OzoneAclUtils.checkAllAcls(OzoneAclUtils.java:129) ~[ozone-manager-1.4.0-SNAPSHOT.jar:?]
	at org.apache.hadoop.ozone.om.OmMetadataReader.checkAcls(OmMetadataReader.java:437) ~[ozone-manager-1.4.0-SNAPSHOT.jar:?]
	at org.apache.hadoop.ozone.om.OmMetadataReader.getAcl(OmMetadataReader.java:379) ~[ozone-manager-1.4.0-SNAPSHOT.jar:?]
	at org.apache.hadoop.ozone.om.OmSnapshot.getAcl(OmSnapshot.java:139) ~[ozone-manager-1.4.0-SNAPSHOT.jar:?]
	at org.apache.hadoop.ozone.om.OzoneManager.getAcl(OzoneManager.java:3525) ~[ozone-manager-1.4.0-SNAPSHOT.jar:?]
	at org.apache.hadoop.ozone.om.snapshot.TestOzoneManagerSnapshotAcl.lambda$testGetAclWithNotAllowedUser$16(TestOzoneManagerSnapshotAcl.java:385) ~[test-classes/:?]
	at org.junit.jupiter.api.AssertThrows.assertThrows(AssertThrows.java:55) ~[junit-jupiter-api-5.8.2.jar:5.8.2]
	at org.junit.jupiter.api.AssertThrows.assertThrows(AssertThrows.java:37) ~[junit-jupiter-api-5.8.2.jar:5.8.2]
	at org.junit.jupiter.api.Assertions.assertThrows(Assertions.java:3082) ~[junit-jupiter-api-5.8.2.jar:5.8.2]
	at org.apache.hadoop.ozone.om.snapshot.TestOzoneManagerSnapshotAcl.testGetAclWithNotAllowedUser(TestOzoneManagerSnapshotAcl.java:384) ~[test-classes/:?]
	at sun.reflect.NativeMethodAccessorImpl.invoke0(Native Method) ~[?:1.8.0_362]
	at sun.reflect.NativeMethodAccessorImpl.invoke(NativeMethodAccessorImpl.java:62) ~[?:1.8.0_362]
	at sun.reflect.DelegatingMethodAccessorImpl.invoke(DelegatingMethodAccessorImpl.java:43) ~[?:1.8.0_362]
	at java.lang.reflect.Method.invoke(Method.java:498) ~[?:1.8.0_362]
	at org.junit.platform.commons.util.ReflectionUtils.invokeMethod(ReflectionUtils.java:725) ~[junit-platform-commons-1.8.2.jar:1.8.2]
	at org.junit.jupiter.engine.execution.MethodInvocation.proceed(MethodInvocation.java:60) ~[junit-jupiter-engine-5.8.2.jar:5.8.2]
	at org.junit.jupiter.engine.execution.InvocationInterceptorChain$ValidatingInvocation.proceed(InvocationInterceptorChain.java:131) ~[junit-jupiter-engine-5.8.2.jar:5.8.2]
	at org.junit.jupiter.engine.extension.TimeoutInvocation.proceed(TimeoutInvocation.java:46) ~[junit-jupiter-engine-5.8.2.jar:5.8.2]
	at org.junit.jupiter.engine.extension.TimeoutExtension.intercept(TimeoutExtension.java:149) ~[junit-jupiter-engine-5.8.2.jar:5.8.2]
	at org.junit.jupiter.engine.extension.TimeoutExtension.interceptTestableMethod(TimeoutExtension.java:140) ~[junit-jupiter-engine-5.8.2.jar:5.8.2]
	at org.junit.jupiter.engine.extension.TimeoutExtension.interceptTestTemplateMethod(TimeoutExtension.java:92) ~[junit-jupiter-engine-5.8.2.jar:5.8.2]
	at org.junit.jupiter.engine.execution.ExecutableInvoker$ReflectiveInterceptorCall.lambda$ofVoidMethod$0(ExecutableInvoker.java:115) ~[junit-jupiter-engine-5.8.2.jar:5.8.2]
	at org.junit.jupiter.engine.execution.ExecutableInvoker.lambda$invoke$0(ExecutableInvoker.java:105) ~[junit-jupiter-engine-5.8.2.jar:5.8.2]
	at org.junit.jupiter.engine.execution.InvocationInterceptorChain$InterceptedInvocation.proceed(InvocationInterceptorChain.java:106) ~[junit-jupiter-engine-5.8.2.jar:5.8.2]
	at org.junit.jupiter.engine.execution.InvocationInterceptorChain.proceed(InvocationInterceptorChain.java:64) ~[junit-jupiter-engine-5.8.2.jar:5.8.2]
	at org.junit.jupiter.engine.execution.InvocationInterceptorChain.chainAndInvoke(InvocationInterceptorChain.java:45) ~[junit-jupiter-engine-5.8.2.jar:5.8.2]
	at org.junit.jupiter.engine.execution.InvocationInterceptorChain.invoke(InvocationInterceptorChain.java:37) ~[junit-jupiter-engine-5.8.2.jar:5.8.2]
	at org.junit.jupiter.engine.execution.ExecutableInvoker.invoke(ExecutableInvoker.java:104) ~[junit-jupiter-engine-5.8.2.jar:5.8.2]
	at org.junit.jupiter.engine.execution.ExecutableInvoker.invoke(ExecutableInvoker.java:98) ~[junit-jupiter-engine-5.8.2.jar:5.8.2]
	at org.junit.jupiter.engine.descriptor.TestMethodTestDescriptor.lambda$invokeTestMethod$7(TestMethodTestDescriptor.java:214) ~[junit-jupiter-engine-5.8.2.jar:5.8.2]
	at org.junit.platform.engine.support.hierarchical.ThrowableCollector.execute(ThrowableCollector.java:73) ~[junit-platform-engine-1.8.2.jar:1.8.2]
	at org.junit.jupiter.engine.descriptor.TestMethodTestDescriptor.invokeTestMethod(TestMethodTestDescriptor.java:210) ~[junit-jupiter-engine-5.8.2.jar:5.8.2]
	at org.junit.jupiter.engine.descriptor.TestMethodTestDescriptor.execute(TestMethodTestDescriptor.java:135) ~[junit-jupiter-engine-5.8.2.jar:5.8.2]
	at org.junit.jupiter.engine.descriptor.TestMethodTestDescriptor.execute(TestMethodTestDescriptor.java:66) ~[junit-jupiter-engine-5.8.2.jar:5.8.2]
	at org.junit.platform.engine.support.hierarchical.NodeTestTask.lambda$executeRecursively$6(NodeTestTask.java:151) ~[junit-platform-engine-1.8.2.jar:1.8.2]
	at org.junit.platform.engine.support.hierarchical.ThrowableCollector.execute(ThrowableCollector.java:73) ~[junit-platform-engine-1.8.2.jar:1.8.2]
	at org.junit.platform.engine.support.hierarchical.NodeTestTask.lambda$executeRecursively$8(NodeTestTask.java:141) ~[junit-platform-engine-1.8.2.jar:1.8.2]
	at org.junit.platform.engine.support.hierarchical.Node.around(Node.java:137) ~[junit-platform-engine-1.8.2.jar:1.8.2]
	at org.junit.platform.engine.support.hierarchical.NodeTestTask.lambda$executeRecursively$9(NodeTestTask.java:139) ~[junit-platform-engine-1.8.2.jar:1.8.2]
	at org.junit.platform.engine.support.hierarchical.ThrowableCollector.execute(ThrowableCollector.java:73) ~[junit-platform-engine-1.8.2.jar:1.8.2]
	at org.junit.platform.engine.support.hierarchical.NodeTestTask.executeRecursively(NodeTestTask.java:138) ~[junit-platform-engine-1.8.2.jar:1.8.2]
	at org.junit.platform.engine.support.hierarchical.NodeTestTask.execute(NodeTestTask.java:95) ~[junit-platform-engine-1.8.2.jar:1.8.2]
	at org.junit.platform.engine.support.hierarchical.SameThreadHierarchicalTestExecutorService.submit(SameThreadHierarchicalTestExecutorService.java:35) ~[junit-platform-engine-1.8.2.jar:1.8.2]
	at org.junit.platform.engine.support.hierarchical.NodeTestTask$DefaultDynamicTestExecutor.execute(NodeTestTask.java:226) ~[junit-platform-engine-1.8.2.jar:1.8.2]
	at org.junit.platform.engine.support.hierarchical.NodeTestTask$DefaultDynamicTestExecutor.execute(NodeTestTask.java:204) ~[junit-platform-engine-1.8.2.jar:1.8.2]
	at org.junit.jupiter.engine.descriptor.TestTemplateTestDescriptor.execute(TestTemplateTestDescriptor.java:139) ~[junit-jupiter-engine-5.8.2.jar:5.8.2]
	at org.junit.jupiter.engine.descriptor.TestTemplateTestDescriptor.lambda$execute$2(TestTemplateTestDescriptor.java:107) ~[junit-jupiter-engine-5.8.2.jar:5.8.2]
	at java.util.stream.ForEachOps$ForEachOp$OfRef.accept(ForEachOps.java:183) ~[?:1.8.0_362]
	at java.util.stream.ReferencePipeline$3$1.accept(ReferencePipeline.java:193) ~[?:1.8.0_362]
	at java.util.stream.ReferencePipeline$2$1.accept(ReferencePipeline.java:175) ~[?:1.8.0_362]
	at java.util.stream.ReferencePipeline$3$1.accept(ReferencePipeline.java:193) ~[?:1.8.0_362]
	at java.util.stream.ForEachOps$ForEachOp$OfRef.accept(ForEachOps.java:183) ~[?:1.8.0_362]
	at java.util.stream.ReferencePipeline$3$1.accept(ReferencePipeline.java:193) ~[?:1.8.0_362]
	at java.util.stream.ReferencePipeline$3$1.accept(ReferencePipeline.java:193) ~[?:1.8.0_362]
	at java.util.stream.ReferencePipeline$3$1.accept(ReferencePipeline.java:193) ~[?:1.8.0_362]
	at java.util.stream.ForEachOps$ForEachOp$OfRef.accept(ForEachOps.java:183) ~[?:1.8.0_362]
	at java.util.stream.ReferencePipeline$3$1.accept(ReferencePipeline.java:193) ~[?:1.8.0_362]
	at java.util.Iterator.forEachRemaining(Iterator.java:116) ~[?:1.8.0_362]
	at java.util.Spliterators$IteratorSpliterator.forEachRemaining(Spliterators.java:1801) ~[?:1.8.0_362]
	at java.util.stream.AbstractPipeline.copyInto(AbstractPipeline.java:482) ~[?:1.8.0_362]
	at java.util.stream.AbstractPipeline.wrapAndCopyInto(AbstractPipeline.java:472) ~[?:1.8.0_362]
	at java.util.stream.ForEachOps$ForEachOp.evaluateSequential(ForEachOps.java:150) ~[?:1.8.0_362]
	at java.util.stream.ForEachOps$ForEachOp$OfRef.evaluateSequential(ForEachOps.java:173) ~[?:1.8.0_362]
	at java.util.stream.AbstractPipeline.evaluate(AbstractPipeline.java:234) ~[?:1.8.0_362]
	at java.util.stream.ReferencePipeline.forEach(ReferencePipeline.java:485) ~[?:1.8.0_362]
	at java.util.stream.ReferencePipeline$7$1.accept(ReferencePipeline.java:272) ~[?:1.8.0_362]
	at java.util.stream.ReferencePipeline$3$1.accept(ReferencePipeline.java:193) ~[?:1.8.0_362]
	at java.util.stream.ReferencePipeline$3$1.accept(ReferencePipeline.java:193) ~[?:1.8.0_362]
	at java.util.stream.ReferencePipeline$3$1.accept(ReferencePipeline.java:193) ~[?:1.8.0_362]
	at java.util.ArrayList$ArrayListSpliterator.forEachRemaining(ArrayList.java:1384) ~[?:1.8.0_362]
	at java.util.stream.AbstractPipeline.copyInto(AbstractPipeline.java:482) ~[?:1.8.0_362]
	at java.util.stream.AbstractPipeline.wrapAndCopyInto(AbstractPipeline.java:472) ~[?:1.8.0_362]
	at java.util.stream.ForEachOps$ForEachOp.evaluateSequential(ForEachOps.java:150) ~[?:1.8.0_362]
	at java.util.stream.ForEachOps$ForEachOp$OfRef.evaluateSequential(ForEachOps.java:173) ~[?:1.8.0_362]
	at java.util.stream.AbstractPipeline.evaluate(AbstractPipeline.java:234) ~[?:1.8.0_362]
	at java.util.stream.ReferencePipeline.forEach(ReferencePipeline.java:485) ~[?:1.8.0_362]
	at java.util.stream.ReferencePipeline$7$1.accept(ReferencePipeline.java:272) ~[?:1.8.0_362]
	at java.util.ArrayList$ArrayListSpliterator.forEachRemaining(ArrayList.java:1384) ~[?:1.8.0_362]
	at java.util.stream.AbstractPipeline.copyInto(AbstractPipeline.java:482) ~[?:1.8.0_362]
	at java.util.stream.AbstractPipeline.wrapAndCopyInto(AbstractPipeline.java:472) ~[?:1.8.0_362]
	at java.util.stream.ForEachOps$ForEachOp.evaluateSequential(ForEachOps.java:150) ~[?:1.8.0_362]
	at java.util.stream.ForEachOps$ForEachOp$OfRef.evaluateSequential(ForEachOps.java:173) ~[?:1.8.0_362]
	at java.util.stream.AbstractPipeline.evaluate(AbstractPipeline.java:234) ~[?:1.8.0_362]
	at java.util.stream.ReferencePipeline.forEach(ReferencePipeline.java:485) ~[?:1.8.0_362]
	at org.junit.jupiter.engine.descriptor.TestTemplateTestDescriptor.execute(TestTemplateTestDescriptor.java:107) ~[junit-jupiter-engine-5.8.2.jar:5.8.2]
	at org.junit.jupiter.engine.descriptor.TestTemplateTestDescriptor.execute(TestTemplateTestDescriptor.java:42) ~[junit-jupiter-engine-5.8.2.jar:5.8.2]
	at org.junit.platform.engine.support.hierarchical.NodeTestTask.lambda$executeRecursively$6(NodeTestTask.java:151) ~[junit-platform-engine-1.8.2.jar:1.8.2]
	at org.junit.platform.engine.support.hierarchical.ThrowableCollector.execute(ThrowableCollector.java:73) ~[junit-platform-engine-1.8.2.jar:1.8.2]
	at org.junit.platform.engine.support.hierarchical.NodeTestTask.lambda$executeRecursively$8(NodeTestTask.java:141) ~[junit-platform-engine-1.8.2.jar:1.8.2]
	at org.junit.platform.engine.support.hierarchical.Node.around(Node.java:137) ~[junit-platform-engine-1.8.2.jar:1.8.2]
	at org.junit.platform.engine.support.hierarchical.NodeTestTask.lambda$executeRecursively$9(NodeTestTask.java:139) ~[junit-platform-engine-1.8.2.jar:1.8.2]
	at org.junit.platform.engine.support.hierarchical.ThrowableCollector.execute(ThrowableCollector.java:73) ~[junit-platform-engine-1.8.2.jar:1.8.2]
	at org.junit.platform.engine.support.hierarchical.NodeTestTask.executeRecursively(NodeTestTask.java:138) ~[junit-platform-engine-1.8.2.jar:1.8.2]
	at org.junit.platform.engine.support.hierarchical.NodeTestTask.execute(NodeTestTask.java:95) ~[junit-platform-engine-1.8.2.jar:1.8.2]
	at java.util.ArrayList.forEach(ArrayList.java:1259) ~[?:1.8.0_362]
	at org.junit.platform.engine.support.hierarchical.SameThreadHierarchicalTestExecutorService.invokeAll(SameThreadHierarchicalTestExecutorService.java:41) ~[junit-platform-engine-1.8.2.jar:1.8.2]
	at org.junit.platform.engine.support.hierarchical.NodeTestTask.lambda$executeRecursively$6(NodeTestTask.java:155) ~[junit-platform-engine-1.8.2.jar:1.8.2]
	at org.junit.platform.engine.support.hierarchical.ThrowableCollector.execute(ThrowableCollector.java:73) ~[junit-platform-engine-1.8.2.jar:1.8.2]
	at org.junit.platform.engine.support.hierarchical.NodeTestTask.lambda$executeRecursively$8(NodeTestTask.java:141) ~[junit-platform-engine-1.8.2.jar:1.8.2]
	at org.junit.platform.engine.support.hierarchical.Node.around(Node.java:137) ~[junit-platform-engine-1.8.2.jar:1.8.2]
	at org.junit.platform.engine.support.hierarchical.NodeTestTask.lambda$executeRecursively$9(NodeTestTask.java:139) ~[junit-platform-engine-1.8.2.jar:1.8.2]
	at org.junit.platform.engine.support.hierarchical.ThrowableCollector.execute(ThrowableCollector.java:73) ~[junit-platform-engine-1.8.2.jar:1.8.2]
	at org.junit.platform.engine.support.hierarchical.NodeTestTask.executeRecursively(NodeTestTask.java:138) ~[junit-platform-engine-1.8.2.jar:1.8.2]
	at org.junit.platform.engine.support.hierarchical.NodeTestTask.execute(NodeTestTask.java:95) ~[junit-platform-engine-1.8.2.jar:1.8.2]
	at java.util.ArrayList.forEach(ArrayList.java:1259) ~[?:1.8.0_362]
	at org.junit.platform.engine.support.hierarchical.SameThreadHierarchicalTestExecutorService.invokeAll(SameThreadHierarchicalTestExecutorService.java:41) ~[junit-platform-engine-1.8.2.jar:1.8.2]
	at org.junit.platform.engine.support.hierarchical.NodeTestTask.lambda$executeRecursively$6(NodeTestTask.java:155) ~[junit-platform-engine-1.8.2.jar:1.8.2]
	at org.junit.platform.engine.support.hierarchical.ThrowableCollector.execute(ThrowableCollector.java:73) ~[junit-platform-engine-1.8.2.jar:1.8.2]
	at org.junit.platform.engine.support.hierarchical.NodeTestTask.lambda$executeRecursively$8(NodeTestTask.java:141) ~[junit-platform-engine-1.8.2.jar:1.8.2]
	at org.junit.platform.engine.support.hierarchical.Node.around(Node.java:137) ~[junit-platform-engine-1.8.2.jar:1.8.2]
	at org.junit.platform.engine.support.hierarchical.NodeTestTask.lambda$executeRecursively$9(NodeTestTask.java:139) ~[junit-platform-engine-1.8.2.jar:1.8.2]
	at org.junit.platform.engine.support.hierarchical.ThrowableCollector.execute(ThrowableCollector.java:73) ~[junit-platform-engine-1.8.2.jar:1.8.2]
	at org.junit.platform.engine.support.hierarchical.NodeTestTask.executeRecursively(NodeTestTask.java:138) ~[junit-platform-engine-1.8.2.jar:1.8.2]
	at org.junit.platform.engine.support.hierarchical.NodeTestTask.execute(NodeTestTask.java:95) ~[junit-platform-engine-1.8.2.jar:1.8.2]
	at org.junit.platform.engine.support.hierarchical.SameThreadHierarchicalTestExecutorService.submit(SameThreadHierarchicalTestExecutorService.java:35) ~[junit-platform-engine-1.8.2.jar:1.8.2]
	at org.junit.platform.engine.support.hierarchical.HierarchicalTestExecutor.execute(HierarchicalTestExecutor.java:57) ~[junit-platform-engine-1.8.2.jar:1.8.2]
	at org.junit.platform.engine.support.hierarchical.HierarchicalTestEngine.execute(HierarchicalTestEngine.java:54) ~[junit-platform-engine-1.8.2.jar:1.8.2]
	at org.junit.platform.launcher.core.EngineExecutionOrchestrator.execute(EngineExecutionOrchestrator.java:107) ~[junit-platform-launcher-1.8.2.jar:1.8.2]
	at org.junit.platform.launcher.core.EngineExecutionOrchestrator.execute(EngineExecutionOrchestrator.java:88) ~[junit-platform-launcher-1.8.2.jar:1.8.2]
	at org.junit.platform.launcher.core.EngineExecutionOrchestrator.lambda$execute$0(EngineExecutionOrchestrator.java:54) ~[junit-platform-launcher-1.8.2.jar:1.8.2]
	at org.junit.platform.launcher.core.EngineExecutionOrchestrator.withInterceptedStreams(EngineExecutionOrchestrator.java:67) [junit-platform-launcher-1.8.2.jar:1.8.2]
	at org.junit.platform.launcher.core.EngineExecutionOrchestrator.execute(EngineExecutionOrchestrator.java:52) [junit-platform-launcher-1.8.2.jar:1.8.2]
	at org.junit.platform.launcher.core.DefaultLauncher.execute(DefaultLauncher.java:114) [junit-platform-launcher-1.8.2.jar:1.8.2]
	at org.junit.platform.launcher.core.DefaultLauncher.execute(DefaultLauncher.java:86) [junit-platform-launcher-1.8.2.jar:1.8.2]
	at org.junit.platform.launcher.core.DefaultLauncherSession$DelegatingLauncher.execute(DefaultLauncherSession.java:86) [junit-platform-launcher-1.8.2.jar:1.8.2]
	at org.junit.platform.launcher.core.SessionPerRequestLauncher.execute(SessionPerRequestLauncher.java:53) [junit-platform-launcher-1.8.2.jar:1.8.2]
	at org.apache.maven.surefire.junitplatform.JUnitPlatformProvider.execute(JUnitPlatformProvider.java:188) [surefire-junit-platform-3.0.0-M5.jar:3.0.0-M5]
	at org.apache.maven.surefire.junitplatform.JUnitPlatformProvider.invokeAllTests(JUnitPlatformProvider.java:154) [surefire-junit-platform-3.0.0-M5.jar:3.0.0-M5]
	at org.apache.maven.surefire.junitplatform.JUnitPlatformProvider.invoke(JUnitPlatformProvider.java:124) [surefire-junit-platform-3.0.0-M5.jar:3.0.0-M5]
	at org.apache.maven.surefire.booter.ForkedBooter.runSuitesInProcess(ForkedBooter.java:428) [surefire-booter-3.0.0-M5.jar:3.0.0-M5]
	at org.apache.maven.surefire.booter.ForkedBooter.execute(ForkedBooter.java:162) [surefire-booter-3.0.0-M5.jar:3.0.0-M5]
	at org.apache.maven.surefire.booter.ForkedBooter.run(ForkedBooter.java:562) [surefire-booter-3.0.0-M5.jar:3.0.0-M5]
	at org.apache.maven.surefire.booter.ForkedBooter.main(ForkedBooter.java:548) [surefire-booter-3.0.0-M5.jar:3.0.0-M5]
]]></system-out>
  </testcase>
  <testcase name="testGetAclWithNotAllowedUser(BucketLayout)[3]" classname="org.apache.hadoop.ozone.om.snapshot.TestOzoneManagerSnapshotAcl" time="1.099">
    <system-out><![CDATA[2023-03-16 19:32:11,087 [Listener at 127.0.0.1/32993] INFO  rpc.RpcClient (RpcClient.java:createVolume(476)) - Creating Volume: volume-44150, with admin as owner and space quota set to -1 bytes, counts quota set to -1
2023-03-16 19:32:11,089 [OM StateMachine ApplyTransaction Thread - 0] INFO  volume.OMVolumeCreateRequest (OMVolumeCreateRequest.java:validateAndUpdateCache(195)) - created volume:volume-44150 for user:admin
2023-03-16 19:32:11,091 [Listener at 127.0.0.1/32993] INFO  rpc.RpcClient (RpcClient.java:createBucket(698)) - Creating Bucket: volume-44150/bucket-35707, with bucket layout LEGACY, admin as owner, Versioning false, Storage Type set to DISK and Encryption set to false, Replication Type set to server-side default replication type, Namespace Quota set to -1, Space Quota set to -1 
2023-03-16 19:32:11,093 [OM StateMachine ApplyTransaction Thread - 0] INFO  bucket.OMBucketCreateRequest (OMBucketCreateRequest.java:validateAndUpdateCache(263)) - created bucket: bucket-35707 of layout LEGACY in volume: volume-44150
2023-03-16 19:32:11,128 [OM StateMachine ApplyTransaction Thread - 0] INFO  snapshot.OMSnapshotCreateRequest (OMSnapshotCreateRequest.java:validateAndUpdateCache(204)) - Created snapshot 'snapshot-37666' under path 'volume-44150/bucket-35707'
2023-03-16 19:32:11,166 [OMDoubleBufferFlushThread] INFO  db.RDBCheckpointManager (RDBCheckpointManager.java:createCheckpoint(96)) - Created checkpoint in rocksDB at /home/runner/work/ozone/ozone/hadoop-ozone/integration-test/target/test-dir/MiniOzoneClusterImpl-7c80c19b-b74a-4fd6-b02a-95a373f15db1/omNode-1/db.snapshots/om.db-eeae8c01-bf3e-428d-b3b1-fc55f11dd05a in 37 milliseconds
2023-03-16 19:32:11,167 [OMDoubleBufferFlushThread] INFO  db.RDBCheckpointManager (RDBCheckpointManager.java:waitForCheckpointDirectoryExist(125)) - Waited for 1 milliseconds for checkpoint directory /home/runner/work/ozone/ozone/hadoop-ozone/integration-test/target/test-dir/MiniOzoneClusterImpl-7c80c19b-b74a-4fd6-b02a-95a373f15db1/omNode-1/db.snapshots/om.db-eeae8c01-bf3e-428d-b3b1-fc55f11dd05a availability.
2023-03-16 19:32:11,167 [OMDoubleBufferFlushThread] INFO  om.OmSnapshotManager (OmSnapshotManager.java:createOmSnapshotCheckpoint(269)) - Created checkpoint : /home/runner/work/ozone/ozone/hadoop-ozone/integration-test/target/test-dir/MiniOzoneClusterImpl-7c80c19b-b74a-4fd6-b02a-95a373f15db1/omNode-1/db.snapshots/om.db-eeae8c01-bf3e-428d-b3b1-fc55f11dd05a for snapshot snapshot-37666
2023-03-16 19:32:11,320 [BlockDeletingService#0] INFO  interfaces.ContainerDeletionChoosingPolicyTemplate (ContainerDeletionChoosingPolicyTemplate.java:chooseContainerForBlockDeletion(83)) - Chosen 0/5000 blocks from 0 candidate containers.
2023-03-16 19:32:12,134 [Listener at 127.0.0.1/32993] WARN  server.ServerUtils (ServerUtils.java:getDBPath(225)) - ozone.om.db.dirs is not configured. We recommend adding this setting. Falling back to ozone.metadata.dirs instead.
2023-03-16 19:32:12,135 [Listener at 127.0.0.1/32993] INFO  codec.OmKeyInfoCodec (OmKeyInfoCodec.java:<init>(49)) - OmKeyInfoCodec ignorePipeline = true
2023-03-16 19:32:12,136 [Listener at 127.0.0.1/32993] INFO  codec.RepeatedOmKeyInfoCodec (RepeatedOmKeyInfoCodec.java:<init>(41)) - RepeatedOmKeyInfoCodec ignorePipeline = true
2023-03-16 19:32:12,172 [Listener at 127.0.0.1/32993] WARN  om.OmSnapshot (OmMetadataReader.java:checkAcls(497)) - User user2 doesn't have READ_ACL permission to access key Volume:volume-44150 Bucket:bucket-35707 Key:key-75608
19:32:12.173 [Listener at 127.0.0.1/32993] ERROR OMAudit - user=null | ip=null | op=GET_ACL {resourceType=key, storageType=ozone, volume=volume-44150, bucket=bucket-35707, key=key-75608} | ret=FAILURE
org.apache.hadoop.ozone.om.exceptions.OMException: User user2 doesn't have READ_ACL permission to access key Volume:volume-44150 Bucket:bucket-35707 Key:key-75608
	at org.apache.hadoop.ozone.om.OmMetadataReader.checkAcls(OmMetadataReader.java:500) ~[ozone-manager-1.4.0-SNAPSHOT.jar:?]
	at org.apache.hadoop.ozone.om.OmMetadataReader.checkAcls(OmMetadataReader.java:475) ~[ozone-manager-1.4.0-SNAPSHOT.jar:?]
	at org.apache.hadoop.ozone.om.OzoneAclUtils.checkAllAcls(OzoneAclUtils.java:129) ~[ozone-manager-1.4.0-SNAPSHOT.jar:?]
	at org.apache.hadoop.ozone.om.OmMetadataReader.checkAcls(OmMetadataReader.java:437) ~[ozone-manager-1.4.0-SNAPSHOT.jar:?]
	at org.apache.hadoop.ozone.om.OmMetadataReader.getAcl(OmMetadataReader.java:379) ~[ozone-manager-1.4.0-SNAPSHOT.jar:?]
	at org.apache.hadoop.ozone.om.OmSnapshot.getAcl(OmSnapshot.java:139) ~[ozone-manager-1.4.0-SNAPSHOT.jar:?]
	at org.apache.hadoop.ozone.om.OzoneManager.getAcl(OzoneManager.java:3525) ~[ozone-manager-1.4.0-SNAPSHOT.jar:?]
	at org.apache.hadoop.ozone.om.snapshot.TestOzoneManagerSnapshotAcl.lambda$testGetAclWithNotAllowedUser$16(TestOzoneManagerSnapshotAcl.java:385) ~[test-classes/:?]
	at org.junit.jupiter.api.AssertThrows.assertThrows(AssertThrows.java:55) ~[junit-jupiter-api-5.8.2.jar:5.8.2]
	at org.junit.jupiter.api.AssertThrows.assertThrows(AssertThrows.java:37) ~[junit-jupiter-api-5.8.2.jar:5.8.2]
	at org.junit.jupiter.api.Assertions.assertThrows(Assertions.java:3082) ~[junit-jupiter-api-5.8.2.jar:5.8.2]
	at org.apache.hadoop.ozone.om.snapshot.TestOzoneManagerSnapshotAcl.testGetAclWithNotAllowedUser(TestOzoneManagerSnapshotAcl.java:384) ~[test-classes/:?]
	at sun.reflect.NativeMethodAccessorImpl.invoke0(Native Method) ~[?:1.8.0_362]
	at sun.reflect.NativeMethodAccessorImpl.invoke(NativeMethodAccessorImpl.java:62) ~[?:1.8.0_362]
	at sun.reflect.DelegatingMethodAccessorImpl.invoke(DelegatingMethodAccessorImpl.java:43) ~[?:1.8.0_362]
	at java.lang.reflect.Method.invoke(Method.java:498) ~[?:1.8.0_362]
	at org.junit.platform.commons.util.ReflectionUtils.invokeMethod(ReflectionUtils.java:725) ~[junit-platform-commons-1.8.2.jar:1.8.2]
	at org.junit.jupiter.engine.execution.MethodInvocation.proceed(MethodInvocation.java:60) ~[junit-jupiter-engine-5.8.2.jar:5.8.2]
	at org.junit.jupiter.engine.execution.InvocationInterceptorChain$ValidatingInvocation.proceed(InvocationInterceptorChain.java:131) ~[junit-jupiter-engine-5.8.2.jar:5.8.2]
	at org.junit.jupiter.engine.extension.TimeoutInvocation.proceed(TimeoutInvocation.java:46) ~[junit-jupiter-engine-5.8.2.jar:5.8.2]
	at org.junit.jupiter.engine.extension.TimeoutExtension.intercept(TimeoutExtension.java:149) ~[junit-jupiter-engine-5.8.2.jar:5.8.2]
	at org.junit.jupiter.engine.extension.TimeoutExtension.interceptTestableMethod(TimeoutExtension.java:140) ~[junit-jupiter-engine-5.8.2.jar:5.8.2]
	at org.junit.jupiter.engine.extension.TimeoutExtension.interceptTestTemplateMethod(TimeoutExtension.java:92) ~[junit-jupiter-engine-5.8.2.jar:5.8.2]
	at org.junit.jupiter.engine.execution.ExecutableInvoker$ReflectiveInterceptorCall.lambda$ofVoidMethod$0(ExecutableInvoker.java:115) ~[junit-jupiter-engine-5.8.2.jar:5.8.2]
	at org.junit.jupiter.engine.execution.ExecutableInvoker.lambda$invoke$0(ExecutableInvoker.java:105) ~[junit-jupiter-engine-5.8.2.jar:5.8.2]
	at org.junit.jupiter.engine.execution.InvocationInterceptorChain$InterceptedInvocation.proceed(InvocationInterceptorChain.java:106) ~[junit-jupiter-engine-5.8.2.jar:5.8.2]
	at org.junit.jupiter.engine.execution.InvocationInterceptorChain.proceed(InvocationInterceptorChain.java:64) ~[junit-jupiter-engine-5.8.2.jar:5.8.2]
	at org.junit.jupiter.engine.execution.InvocationInterceptorChain.chainAndInvoke(InvocationInterceptorChain.java:45) ~[junit-jupiter-engine-5.8.2.jar:5.8.2]
	at org.junit.jupiter.engine.execution.InvocationInterceptorChain.invoke(InvocationInterceptorChain.java:37) ~[junit-jupiter-engine-5.8.2.jar:5.8.2]
	at org.junit.jupiter.engine.execution.ExecutableInvoker.invoke(ExecutableInvoker.java:104) ~[junit-jupiter-engine-5.8.2.jar:5.8.2]
	at org.junit.jupiter.engine.execution.ExecutableInvoker.invoke(ExecutableInvoker.java:98) ~[junit-jupiter-engine-5.8.2.jar:5.8.2]
	at org.junit.jupiter.engine.descriptor.TestMethodTestDescriptor.lambda$invokeTestMethod$7(TestMethodTestDescriptor.java:214) ~[junit-jupiter-engine-5.8.2.jar:5.8.2]
	at org.junit.platform.engine.support.hierarchical.ThrowableCollector.execute(ThrowableCollector.java:73) ~[junit-platform-engine-1.8.2.jar:1.8.2]
	at org.junit.jupiter.engine.descriptor.TestMethodTestDescriptor.invokeTestMethod(TestMethodTestDescriptor.java:210) ~[junit-jupiter-engine-5.8.2.jar:5.8.2]
	at org.junit.jupiter.engine.descriptor.TestMethodTestDescriptor.execute(TestMethodTestDescriptor.java:135) ~[junit-jupiter-engine-5.8.2.jar:5.8.2]
	at org.junit.jupiter.engine.descriptor.TestMethodTestDescriptor.execute(TestMethodTestDescriptor.java:66) ~[junit-jupiter-engine-5.8.2.jar:5.8.2]
	at org.junit.platform.engine.support.hierarchical.NodeTestTask.lambda$executeRecursively$6(NodeTestTask.java:151) ~[junit-platform-engine-1.8.2.jar:1.8.2]
	at org.junit.platform.engine.support.hierarchical.ThrowableCollector.execute(ThrowableCollector.java:73) ~[junit-platform-engine-1.8.2.jar:1.8.2]
	at org.junit.platform.engine.support.hierarchical.NodeTestTask.lambda$executeRecursively$8(NodeTestTask.java:141) ~[junit-platform-engine-1.8.2.jar:1.8.2]
	at org.junit.platform.engine.support.hierarchical.Node.around(Node.java:137) ~[junit-platform-engine-1.8.2.jar:1.8.2]
	at org.junit.platform.engine.support.hierarchical.NodeTestTask.lambda$executeRecursively$9(NodeTestTask.java:139) ~[junit-platform-engine-1.8.2.jar:1.8.2]
	at org.junit.platform.engine.support.hierarchical.ThrowableCollector.execute(ThrowableCollector.java:73) ~[junit-platform-engine-1.8.2.jar:1.8.2]
	at org.junit.platform.engine.support.hierarchical.NodeTestTask.executeRecursively(NodeTestTask.java:138) ~[junit-platform-engine-1.8.2.jar:1.8.2]
	at org.junit.platform.engine.support.hierarchical.NodeTestTask.execute(NodeTestTask.java:95) ~[junit-platform-engine-1.8.2.jar:1.8.2]
	at org.junit.platform.engine.support.hierarchical.SameThreadHierarchicalTestExecutorService.submit(SameThreadHierarchicalTestExecutorService.java:35) ~[junit-platform-engine-1.8.2.jar:1.8.2]
	at org.junit.platform.engine.support.hierarchical.NodeTestTask$DefaultDynamicTestExecutor.execute(NodeTestTask.java:226) ~[junit-platform-engine-1.8.2.jar:1.8.2]
	at org.junit.platform.engine.support.hierarchical.NodeTestTask$DefaultDynamicTestExecutor.execute(NodeTestTask.java:204) ~[junit-platform-engine-1.8.2.jar:1.8.2]
	at org.junit.jupiter.engine.descriptor.TestTemplateTestDescriptor.execute(TestTemplateTestDescriptor.java:139) ~[junit-jupiter-engine-5.8.2.jar:5.8.2]
	at org.junit.jupiter.engine.descriptor.TestTemplateTestDescriptor.lambda$execute$2(TestTemplateTestDescriptor.java:107) ~[junit-jupiter-engine-5.8.2.jar:5.8.2]
	at java.util.stream.ForEachOps$ForEachOp$OfRef.accept(ForEachOps.java:183) ~[?:1.8.0_362]
	at java.util.stream.ReferencePipeline$3$1.accept(ReferencePipeline.java:193) ~[?:1.8.0_362]
	at java.util.stream.ReferencePipeline$2$1.accept(ReferencePipeline.java:175) ~[?:1.8.0_362]
	at java.util.stream.ReferencePipeline$3$1.accept(ReferencePipeline.java:193) ~[?:1.8.0_362]
	at java.util.stream.ForEachOps$ForEachOp$OfRef.accept(ForEachOps.java:183) ~[?:1.8.0_362]
	at java.util.stream.ReferencePipeline$3$1.accept(ReferencePipeline.java:193) ~[?:1.8.0_362]
	at java.util.stream.ReferencePipeline$3$1.accept(ReferencePipeline.java:193) ~[?:1.8.0_362]
	at java.util.stream.ReferencePipeline$3$1.accept(ReferencePipeline.java:193) ~[?:1.8.0_362]
	at java.util.stream.ForEachOps$ForEachOp$OfRef.accept(ForEachOps.java:183) ~[?:1.8.0_362]
	at java.util.stream.ReferencePipeline$3$1.accept(ReferencePipeline.java:193) ~[?:1.8.0_362]
	at java.util.Iterator.forEachRemaining(Iterator.java:116) ~[?:1.8.0_362]
	at java.util.Spliterators$IteratorSpliterator.forEachRemaining(Spliterators.java:1801) ~[?:1.8.0_362]
	at java.util.stream.AbstractPipeline.copyInto(AbstractPipeline.java:482) ~[?:1.8.0_362]
	at java.util.stream.AbstractPipeline.wrapAndCopyInto(AbstractPipeline.java:472) ~[?:1.8.0_362]
	at java.util.stream.ForEachOps$ForEachOp.evaluateSequential(ForEachOps.java:150) ~[?:1.8.0_362]
	at java.util.stream.ForEachOps$ForEachOp$OfRef.evaluateSequential(ForEachOps.java:173) ~[?:1.8.0_362]
	at java.util.stream.AbstractPipeline.evaluate(AbstractPipeline.java:234) ~[?:1.8.0_362]
	at java.util.stream.ReferencePipeline.forEach(ReferencePipeline.java:485) ~[?:1.8.0_362]
	at java.util.stream.ReferencePipeline$7$1.accept(ReferencePipeline.java:272) ~[?:1.8.0_362]
	at java.util.stream.ReferencePipeline$3$1.accept(ReferencePipeline.java:193) ~[?:1.8.0_362]
	at java.util.stream.ReferencePipeline$3$1.accept(ReferencePipeline.java:193) ~[?:1.8.0_362]
	at java.util.stream.ReferencePipeline$3$1.accept(ReferencePipeline.java:193) ~[?:1.8.0_362]
	at java.util.ArrayList$ArrayListSpliterator.forEachRemaining(ArrayList.java:1384) ~[?:1.8.0_362]
	at java.util.stream.AbstractPipeline.copyInto(AbstractPipeline.java:482) ~[?:1.8.0_362]
	at java.util.stream.AbstractPipeline.wrapAndCopyInto(AbstractPipeline.java:472) ~[?:1.8.0_362]
	at java.util.stream.ForEachOps$ForEachOp.evaluateSequential(ForEachOps.java:150) ~[?:1.8.0_362]
	at java.util.stream.ForEachOps$ForEachOp$OfRef.evaluateSequential(ForEachOps.java:173) ~[?:1.8.0_362]
	at java.util.stream.AbstractPipeline.evaluate(AbstractPipeline.java:234) ~[?:1.8.0_362]
	at java.util.stream.ReferencePipeline.forEach(ReferencePipeline.java:485) ~[?:1.8.0_362]
	at java.util.stream.ReferencePipeline$7$1.accept(ReferencePipeline.java:272) ~[?:1.8.0_362]
	at java.util.ArrayList$ArrayListSpliterator.forEachRemaining(ArrayList.java:1384) ~[?:1.8.0_362]
	at java.util.stream.AbstractPipeline.copyInto(AbstractPipeline.java:482) ~[?:1.8.0_362]
	at java.util.stream.AbstractPipeline.wrapAndCopyInto(AbstractPipeline.java:472) ~[?:1.8.0_362]
	at java.util.stream.ForEachOps$ForEachOp.evaluateSequential(ForEachOps.java:150) ~[?:1.8.0_362]
	at java.util.stream.ForEachOps$ForEachOp$OfRef.evaluateSequential(ForEachOps.java:173) ~[?:1.8.0_362]
	at java.util.stream.AbstractPipeline.evaluate(AbstractPipeline.java:234) ~[?:1.8.0_362]
	at java.util.stream.ReferencePipeline.forEach(ReferencePipeline.java:485) ~[?:1.8.0_362]
	at org.junit.jupiter.engine.descriptor.TestTemplateTestDescriptor.execute(TestTemplateTestDescriptor.java:107) ~[junit-jupiter-engine-5.8.2.jar:5.8.2]
	at org.junit.jupiter.engine.descriptor.TestTemplateTestDescriptor.execute(TestTemplateTestDescriptor.java:42) ~[junit-jupiter-engine-5.8.2.jar:5.8.2]
	at org.junit.platform.engine.support.hierarchical.NodeTestTask.lambda$executeRecursively$6(NodeTestTask.java:151) ~[junit-platform-engine-1.8.2.jar:1.8.2]
	at org.junit.platform.engine.support.hierarchical.ThrowableCollector.execute(ThrowableCollector.java:73) ~[junit-platform-engine-1.8.2.jar:1.8.2]
	at org.junit.platform.engine.support.hierarchical.NodeTestTask.lambda$executeRecursively$8(NodeTestTask.java:141) ~[junit-platform-engine-1.8.2.jar:1.8.2]
	at org.junit.platform.engine.support.hierarchical.Node.around(Node.java:137) ~[junit-platform-engine-1.8.2.jar:1.8.2]
	at org.junit.platform.engine.support.hierarchical.NodeTestTask.lambda$executeRecursively$9(NodeTestTask.java:139) ~[junit-platform-engine-1.8.2.jar:1.8.2]
	at org.junit.platform.engine.support.hierarchical.ThrowableCollector.execute(ThrowableCollector.java:73) ~[junit-platform-engine-1.8.2.jar:1.8.2]
	at org.junit.platform.engine.support.hierarchical.NodeTestTask.executeRecursively(NodeTestTask.java:138) ~[junit-platform-engine-1.8.2.jar:1.8.2]
	at org.junit.platform.engine.support.hierarchical.NodeTestTask.execute(NodeTestTask.java:95) ~[junit-platform-engine-1.8.2.jar:1.8.2]
	at java.util.ArrayList.forEach(ArrayList.java:1259) ~[?:1.8.0_362]
	at org.junit.platform.engine.support.hierarchical.SameThreadHierarchicalTestExecutorService.invokeAll(SameThreadHierarchicalTestExecutorService.java:41) ~[junit-platform-engine-1.8.2.jar:1.8.2]
	at org.junit.platform.engine.support.hierarchical.NodeTestTask.lambda$executeRecursively$6(NodeTestTask.java:155) ~[junit-platform-engine-1.8.2.jar:1.8.2]
	at org.junit.platform.engine.support.hierarchical.ThrowableCollector.execute(ThrowableCollector.java:73) ~[junit-platform-engine-1.8.2.jar:1.8.2]
	at org.junit.platform.engine.support.hierarchical.NodeTestTask.lambda$executeRecursively$8(NodeTestTask.java:141) ~[junit-platform-engine-1.8.2.jar:1.8.2]
	at org.junit.platform.engine.support.hierarchical.Node.around(Node.java:137) ~[junit-platform-engine-1.8.2.jar:1.8.2]
	at org.junit.platform.engine.support.hierarchical.NodeTestTask.lambda$executeRecursively$9(NodeTestTask.java:139) ~[junit-platform-engine-1.8.2.jar:1.8.2]
	at org.junit.platform.engine.support.hierarchical.ThrowableCollector.execute(ThrowableCollector.java:73) ~[junit-platform-engine-1.8.2.jar:1.8.2]
	at org.junit.platform.engine.support.hierarchical.NodeTestTask.executeRecursively(NodeTestTask.java:138) ~[junit-platform-engine-1.8.2.jar:1.8.2]
	at org.junit.platform.engine.support.hierarchical.NodeTestTask.execute(NodeTestTask.java:95) ~[junit-platform-engine-1.8.2.jar:1.8.2]
	at java.util.ArrayList.forEach(ArrayList.java:1259) ~[?:1.8.0_362]
	at org.junit.platform.engine.support.hierarchical.SameThreadHierarchicalTestExecutorService.invokeAll(SameThreadHierarchicalTestExecutorService.java:41) ~[junit-platform-engine-1.8.2.jar:1.8.2]
	at org.junit.platform.engine.support.hierarchical.NodeTestTask.lambda$executeRecursively$6(NodeTestTask.java:155) ~[junit-platform-engine-1.8.2.jar:1.8.2]
	at org.junit.platform.engine.support.hierarchical.ThrowableCollector.execute(ThrowableCollector.java:73) ~[junit-platform-engine-1.8.2.jar:1.8.2]
	at org.junit.platform.engine.support.hierarchical.NodeTestTask.lambda$executeRecursively$8(NodeTestTask.java:141) ~[junit-platform-engine-1.8.2.jar:1.8.2]
	at org.junit.platform.engine.support.hierarchical.Node.around(Node.java:137) ~[junit-platform-engine-1.8.2.jar:1.8.2]
	at org.junit.platform.engine.support.hierarchical.NodeTestTask.lambda$executeRecursively$9(NodeTestTask.java:139) ~[junit-platform-engine-1.8.2.jar:1.8.2]
	at org.junit.platform.engine.support.hierarchical.ThrowableCollector.execute(ThrowableCollector.java:73) ~[junit-platform-engine-1.8.2.jar:1.8.2]
	at org.junit.platform.engine.support.hierarchical.NodeTestTask.executeRecursively(NodeTestTask.java:138) ~[junit-platform-engine-1.8.2.jar:1.8.2]
	at org.junit.platform.engine.support.hierarchical.NodeTestTask.execute(NodeTestTask.java:95) ~[junit-platform-engine-1.8.2.jar:1.8.2]
	at org.junit.platform.engine.support.hierarchical.SameThreadHierarchicalTestExecutorService.submit(SameThreadHierarchicalTestExecutorService.java:35) ~[junit-platform-engine-1.8.2.jar:1.8.2]
	at org.junit.platform.engine.support.hierarchical.HierarchicalTestExecutor.execute(HierarchicalTestExecutor.java:57) ~[junit-platform-engine-1.8.2.jar:1.8.2]
	at org.junit.platform.engine.support.hierarchical.HierarchicalTestEngine.execute(HierarchicalTestEngine.java:54) ~[junit-platform-engine-1.8.2.jar:1.8.2]
	at org.junit.platform.launcher.core.EngineExecutionOrchestrator.execute(EngineExecutionOrchestrator.java:107) ~[junit-platform-launcher-1.8.2.jar:1.8.2]
	at org.junit.platform.launcher.core.EngineExecutionOrchestrator.execute(EngineExecutionOrchestrator.java:88) ~[junit-platform-launcher-1.8.2.jar:1.8.2]
	at org.junit.platform.launcher.core.EngineExecutionOrchestrator.lambda$execute$0(EngineExecutionOrchestrator.java:54) ~[junit-platform-launcher-1.8.2.jar:1.8.2]
	at org.junit.platform.launcher.core.EngineExecutionOrchestrator.withInterceptedStreams(EngineExecutionOrchestrator.java:67) [junit-platform-launcher-1.8.2.jar:1.8.2]
	at org.junit.platform.launcher.core.EngineExecutionOrchestrator.execute(EngineExecutionOrchestrator.java:52) [junit-platform-launcher-1.8.2.jar:1.8.2]
	at org.junit.platform.launcher.core.DefaultLauncher.execute(DefaultLauncher.java:114) [junit-platform-launcher-1.8.2.jar:1.8.2]
	at org.junit.platform.launcher.core.DefaultLauncher.execute(DefaultLauncher.java:86) [junit-platform-launcher-1.8.2.jar:1.8.2]
	at org.junit.platform.launcher.core.DefaultLauncherSession$DelegatingLauncher.execute(DefaultLauncherSession.java:86) [junit-platform-launcher-1.8.2.jar:1.8.2]
	at org.junit.platform.launcher.core.SessionPerRequestLauncher.execute(SessionPerRequestLauncher.java:53) [junit-platform-launcher-1.8.2.jar:1.8.2]
	at org.apache.maven.surefire.junitplatform.JUnitPlatformProvider.execute(JUnitPlatformProvider.java:188) [surefire-junit-platform-3.0.0-M5.jar:3.0.0-M5]
	at org.apache.maven.surefire.junitplatform.JUnitPlatformProvider.invokeAllTests(JUnitPlatformProvider.java:154) [surefire-junit-platform-3.0.0-M5.jar:3.0.0-M5]
	at org.apache.maven.surefire.junitplatform.JUnitPlatformProvider.invoke(JUnitPlatformProvider.java:124) [surefire-junit-platform-3.0.0-M5.jar:3.0.0-M5]
	at org.apache.maven.surefire.booter.ForkedBooter.runSuitesInProcess(ForkedBooter.java:428) [surefire-booter-3.0.0-M5.jar:3.0.0-M5]
	at org.apache.maven.surefire.booter.ForkedBooter.execute(ForkedBooter.java:162) [surefire-booter-3.0.0-M5.jar:3.0.0-M5]
	at org.apache.maven.surefire.booter.ForkedBooter.run(ForkedBooter.java:562) [surefire-booter-3.0.0-M5.jar:3.0.0-M5]
	at org.apache.maven.surefire.booter.ForkedBooter.main(ForkedBooter.java:548) [surefire-booter-3.0.0-M5.jar:3.0.0-M5]
]]></system-out>
  </testcase>
  <testcase name="testLookupFileWithAllowedUser(BucketLayout)[1]" classname="org.apache.hadoop.ozone.om.snapshot.TestOzoneManagerSnapshotAcl" time="1.107">
    <system-out><![CDATA[2023-03-16 19:32:12,187 [Listener at 127.0.0.1/32993] INFO  rpc.RpcClient (RpcClient.java:createVolume(476)) - Creating Volume: volume-38803, with admin as owner and space quota set to -1 bytes, counts quota set to -1
2023-03-16 19:32:12,189 [OM StateMachine ApplyTransaction Thread - 0] INFO  volume.OMVolumeCreateRequest (OMVolumeCreateRequest.java:validateAndUpdateCache(195)) - created volume:volume-38803 for user:admin
2023-03-16 19:32:12,190 [Listener at 127.0.0.1/32993] INFO  rpc.RpcClient (RpcClient.java:createBucket(698)) - Creating Bucket: volume-38803/bucket-15949, with bucket layout FILE_SYSTEM_OPTIMIZED, admin as owner, Versioning false, Storage Type set to DISK and Encryption set to false, Replication Type set to server-side default replication type, Namespace Quota set to -1, Space Quota set to -1 
2023-03-16 19:32:12,192 [OM StateMachine ApplyTransaction Thread - 0] INFO  bucket.OMBucketCreateRequest (OMBucketCreateRequest.java:validateAndUpdateCache(263)) - created bucket: bucket-15949 of layout FILE_SYSTEM_OPTIMIZED in volume: volume-38803
2023-03-16 19:32:12,227 [OM StateMachine ApplyTransaction Thread - 0] INFO  snapshot.OMSnapshotCreateRequest (OMSnapshotCreateRequest.java:validateAndUpdateCache(204)) - Created snapshot 'snapshot-37177' under path 'volume-38803/bucket-15949'
2023-03-16 19:32:12,256 [OMDoubleBufferFlushThread] INFO  db.RDBCheckpointManager (RDBCheckpointManager.java:createCheckpoint(96)) - Created checkpoint in rocksDB at /home/runner/work/ozone/ozone/hadoop-ozone/integration-test/target/test-dir/MiniOzoneClusterImpl-7c80c19b-b74a-4fd6-b02a-95a373f15db1/omNode-1/db.snapshots/om.db-360da01c-c52a-463d-bd32-b22b2aac20b3 in 27 milliseconds
2023-03-16 19:32:12,256 [OMDoubleBufferFlushThread] INFO  db.RDBCheckpointManager (RDBCheckpointManager.java:waitForCheckpointDirectoryExist(125)) - Waited for 0 milliseconds for checkpoint directory /home/runner/work/ozone/ozone/hadoop-ozone/integration-test/target/test-dir/MiniOzoneClusterImpl-7c80c19b-b74a-4fd6-b02a-95a373f15db1/omNode-1/db.snapshots/om.db-360da01c-c52a-463d-bd32-b22b2aac20b3 availability.
2023-03-16 19:32:12,257 [OMDoubleBufferFlushThread] INFO  om.OmSnapshotManager (OmSnapshotManager.java:createOmSnapshotCheckpoint(269)) - Created checkpoint : /home/runner/work/ozone/ozone/hadoop-ozone/integration-test/target/test-dir/MiniOzoneClusterImpl-7c80c19b-b74a-4fd6-b02a-95a373f15db1/omNode-1/db.snapshots/om.db-360da01c-c52a-463d-bd32-b22b2aac20b3 for snapshot snapshot-37177
2023-03-16 19:32:13,234 [Listener at 127.0.0.1/32993] WARN  server.ServerUtils (ServerUtils.java:getDBPath(225)) - ozone.om.db.dirs is not configured. We recommend adding this setting. Falling back to ozone.metadata.dirs instead.
2023-03-16 19:32:13,235 [Listener at 127.0.0.1/32993] INFO  codec.OmKeyInfoCodec (OmKeyInfoCodec.java:<init>(49)) - OmKeyInfoCodec ignorePipeline = true
2023-03-16 19:32:13,235 [Listener at 127.0.0.1/32993] INFO  codec.RepeatedOmKeyInfoCodec (RepeatedOmKeyInfoCodec.java:<init>(41)) - RepeatedOmKeyInfoCodec ignorePipeline = true
]]></system-out>
  </testcase>
  <testcase name="testLookupFileWithAllowedUser(BucketLayout)[2]" classname="org.apache.hadoop.ozone.om.snapshot.TestOzoneManagerSnapshotAcl" time="1.101">
    <system-out><![CDATA[2023-03-16 19:32:13,296 [Listener at 127.0.0.1/32993] INFO  rpc.RpcClient (RpcClient.java:createVolume(476)) - Creating Volume: volume-95572, with admin as owner and space quota set to -1 bytes, counts quota set to -1
2023-03-16 19:32:13,298 [OM StateMachine ApplyTransaction Thread - 0] INFO  volume.OMVolumeCreateRequest (OMVolumeCreateRequest.java:validateAndUpdateCache(195)) - created volume:volume-95572 for user:admin
2023-03-16 19:32:13,300 [Listener at 127.0.0.1/32993] INFO  rpc.RpcClient (RpcClient.java:createBucket(698)) - Creating Bucket: volume-95572/bucket-25695, with bucket layout OBJECT_STORE, admin as owner, Versioning false, Storage Type set to DISK and Encryption set to false, Replication Type set to server-side default replication type, Namespace Quota set to -1, Space Quota set to -1 
2023-03-16 19:32:13,301 [OM StateMachine ApplyTransaction Thread - 0] INFO  bucket.OMBucketCreateRequest (OMBucketCreateRequest.java:validateAndUpdateCache(263)) - created bucket: bucket-25695 of layout OBJECT_STORE in volume: volume-95572
2023-03-16 19:32:13,332 [OM StateMachine ApplyTransaction Thread - 0] INFO  snapshot.OMSnapshotCreateRequest (OMSnapshotCreateRequest.java:validateAndUpdateCache(204)) - Created snapshot 'snapshot-08160' under path 'volume-95572/bucket-25695'
2023-03-16 19:32:13,357 [OMDoubleBufferFlushThread] INFO  db.RDBCheckpointManager (RDBCheckpointManager.java:createCheckpoint(96)) - Created checkpoint in rocksDB at /home/runner/work/ozone/ozone/hadoop-ozone/integration-test/target/test-dir/MiniOzoneClusterImpl-7c80c19b-b74a-4fd6-b02a-95a373f15db1/omNode-1/db.snapshots/om.db-3ac362c0-5a80-4dc5-a618-36aab672426d in 23 milliseconds
2023-03-16 19:32:13,357 [OMDoubleBufferFlushThread] INFO  db.RDBCheckpointManager (RDBCheckpointManager.java:waitForCheckpointDirectoryExist(125)) - Waited for 0 milliseconds for checkpoint directory /home/runner/work/ozone/ozone/hadoop-ozone/integration-test/target/test-dir/MiniOzoneClusterImpl-7c80c19b-b74a-4fd6-b02a-95a373f15db1/omNode-1/db.snapshots/om.db-3ac362c0-5a80-4dc5-a618-36aab672426d availability.
2023-03-16 19:32:13,357 [OMDoubleBufferFlushThread] INFO  om.OmSnapshotManager (OmSnapshotManager.java:createOmSnapshotCheckpoint(269)) - Created checkpoint : /home/runner/work/ozone/ozone/hadoop-ozone/integration-test/target/test-dir/MiniOzoneClusterImpl-7c80c19b-b74a-4fd6-b02a-95a373f15db1/omNode-1/db.snapshots/om.db-3ac362c0-5a80-4dc5-a618-36aab672426d for snapshot snapshot-08160
2023-03-16 19:32:14,339 [Listener at 127.0.0.1/32993] WARN  server.ServerUtils (ServerUtils.java:getDBPath(225)) - ozone.om.db.dirs is not configured. We recommend adding this setting. Falling back to ozone.metadata.dirs instead.
2023-03-16 19:32:14,340 [Listener at 127.0.0.1/32993] INFO  codec.OmKeyInfoCodec (OmKeyInfoCodec.java:<init>(49)) - OmKeyInfoCodec ignorePipeline = true
2023-03-16 19:32:14,340 [Listener at 127.0.0.1/32993] INFO  codec.RepeatedOmKeyInfoCodec (RepeatedOmKeyInfoCodec.java:<init>(41)) - RepeatedOmKeyInfoCodec ignorePipeline = true
]]></system-out>
  </testcase>
  <testcase name="testLookupFileWithAllowedUser(BucketLayout)[3]" classname="org.apache.hadoop.ozone.om.snapshot.TestOzoneManagerSnapshotAcl" time="1.106">
    <system-out><![CDATA[2023-03-16 19:32:14,399 [Listener at 127.0.0.1/32993] INFO  rpc.RpcClient (RpcClient.java:createVolume(476)) - Creating Volume: volume-92057, with admin as owner and space quota set to -1 bytes, counts quota set to -1
2023-03-16 19:32:14,401 [OM StateMachine ApplyTransaction Thread - 0] INFO  volume.OMVolumeCreateRequest (OMVolumeCreateRequest.java:validateAndUpdateCache(195)) - created volume:volume-92057 for user:admin
2023-03-16 19:32:14,402 [Listener at 127.0.0.1/32993] INFO  rpc.RpcClient (RpcClient.java:createBucket(698)) - Creating Bucket: volume-92057/bucket-28822, with bucket layout LEGACY, admin as owner, Versioning false, Storage Type set to DISK and Encryption set to false, Replication Type set to server-side default replication type, Namespace Quota set to -1, Space Quota set to -1 
2023-03-16 19:32:14,404 [OM StateMachine ApplyTransaction Thread - 0] INFO  bucket.OMBucketCreateRequest (OMBucketCreateRequest.java:validateAndUpdateCache(263)) - created bucket: bucket-28822 of layout LEGACY in volume: volume-92057
2023-03-16 19:32:14,447 [OM StateMachine ApplyTransaction Thread - 0] INFO  snapshot.OMSnapshotCreateRequest (OMSnapshotCreateRequest.java:validateAndUpdateCache(204)) - Created snapshot 'snapshot-91212' under path 'volume-92057/bucket-28822'
2023-03-16 19:32:14,474 [OMDoubleBufferFlushThread] INFO  db.RDBCheckpointManager (RDBCheckpointManager.java:createCheckpoint(96)) - Created checkpoint in rocksDB at /home/runner/work/ozone/ozone/hadoop-ozone/integration-test/target/test-dir/MiniOzoneClusterImpl-7c80c19b-b74a-4fd6-b02a-95a373f15db1/omNode-1/db.snapshots/om.db-72d15bdb-48d1-4ac3-b2ee-28dabf0f66b5 in 25 milliseconds
2023-03-16 19:32:14,477 [OMDoubleBufferFlushThread] INFO  db.RDBCheckpointManager (RDBCheckpointManager.java:waitForCheckpointDirectoryExist(125)) - Waited for 3 milliseconds for checkpoint directory /home/runner/work/ozone/ozone/hadoop-ozone/integration-test/target/test-dir/MiniOzoneClusterImpl-7c80c19b-b74a-4fd6-b02a-95a373f15db1/omNode-1/db.snapshots/om.db-72d15bdb-48d1-4ac3-b2ee-28dabf0f66b5 availability.
2023-03-16 19:32:14,478 [OMDoubleBufferFlushThread] INFO  om.OmSnapshotManager (OmSnapshotManager.java:createOmSnapshotCheckpoint(269)) - Created checkpoint : /home/runner/work/ozone/ozone/hadoop-ozone/integration-test/target/test-dir/MiniOzoneClusterImpl-7c80c19b-b74a-4fd6-b02a-95a373f15db1/omNode-1/db.snapshots/om.db-72d15bdb-48d1-4ac3-b2ee-28dabf0f66b5 for snapshot snapshot-91212
2023-03-16 19:32:15,454 [Listener at 127.0.0.1/32993] WARN  server.ServerUtils (ServerUtils.java:getDBPath(225)) - ozone.om.db.dirs is not configured. We recommend adding this setting. Falling back to ozone.metadata.dirs instead.
2023-03-16 19:32:15,455 [Listener at 127.0.0.1/32993] INFO  codec.OmKeyInfoCodec (OmKeyInfoCodec.java:<init>(49)) - OmKeyInfoCodec ignorePipeline = true
2023-03-16 19:32:15,455 [Listener at 127.0.0.1/32993] INFO  codec.RepeatedOmKeyInfoCodec (RepeatedOmKeyInfoCodec.java:<init>(41)) - RepeatedOmKeyInfoCodec ignorePipeline = true
]]></system-out>
  </testcase>
  <testcase name="testListKeysWithAllowedUser(BucketLayout)[1]" classname="org.apache.hadoop.ozone.om.snapshot.TestOzoneManagerSnapshotAcl" time="1.107">
    <system-out><![CDATA[2023-03-16 19:32:15,507 [Listener at 127.0.0.1/32993] INFO  rpc.RpcClient (RpcClient.java:createVolume(476)) - Creating Volume: volume-84997, with admin as owner and space quota set to -1 bytes, counts quota set to -1
2023-03-16 19:32:15,509 [OM StateMachine ApplyTransaction Thread - 0] INFO  volume.OMVolumeCreateRequest (OMVolumeCreateRequest.java:validateAndUpdateCache(195)) - created volume:volume-84997 for user:admin
2023-03-16 19:32:15,511 [Listener at 127.0.0.1/32993] INFO  rpc.RpcClient (RpcClient.java:createBucket(698)) - Creating Bucket: volume-84997/bucket-81657, with bucket layout FILE_SYSTEM_OPTIMIZED, admin as owner, Versioning false, Storage Type set to DISK and Encryption set to false, Replication Type set to server-side default replication type, Namespace Quota set to -1, Space Quota set to -1 
2023-03-16 19:32:15,512 [OM StateMachine ApplyTransaction Thread - 0] INFO  bucket.OMBucketCreateRequest (OMBucketCreateRequest.java:validateAndUpdateCache(263)) - created bucket: bucket-81657 of layout FILE_SYSTEM_OPTIMIZED in volume: volume-84997
2023-03-16 19:32:15,553 [OM StateMachine ApplyTransaction Thread - 0] INFO  snapshot.OMSnapshotCreateRequest (OMSnapshotCreateRequest.java:validateAndUpdateCache(204)) - Created snapshot 'snapshot-47365' under path 'volume-84997/bucket-81657'
2023-03-16 19:32:15,585 [OMDoubleBufferFlushThread] INFO  db.RDBCheckpointManager (RDBCheckpointManager.java:createCheckpoint(96)) - Created checkpoint in rocksDB at /home/runner/work/ozone/ozone/hadoop-ozone/integration-test/target/test-dir/MiniOzoneClusterImpl-7c80c19b-b74a-4fd6-b02a-95a373f15db1/omNode-1/db.snapshots/om.db-f1c71519-266b-4a4a-a4fa-98b38305d167 in 31 milliseconds
2023-03-16 19:32:15,586 [OMDoubleBufferFlushThread] INFO  db.RDBCheckpointManager (RDBCheckpointManager.java:waitForCheckpointDirectoryExist(125)) - Waited for 1 milliseconds for checkpoint directory /home/runner/work/ozone/ozone/hadoop-ozone/integration-test/target/test-dir/MiniOzoneClusterImpl-7c80c19b-b74a-4fd6-b02a-95a373f15db1/omNode-1/db.snapshots/om.db-f1c71519-266b-4a4a-a4fa-98b38305d167 availability.
2023-03-16 19:32:15,586 [OMDoubleBufferFlushThread] INFO  om.OmSnapshotManager (OmSnapshotManager.java:createOmSnapshotCheckpoint(269)) - Created checkpoint : /home/runner/work/ozone/ozone/hadoop-ozone/integration-test/target/test-dir/MiniOzoneClusterImpl-7c80c19b-b74a-4fd6-b02a-95a373f15db1/omNode-1/db.snapshots/om.db-f1c71519-266b-4a4a-a4fa-98b38305d167 for snapshot snapshot-47365
2023-03-16 19:32:16,560 [Listener at 127.0.0.1/32993] WARN  server.ServerUtils (ServerUtils.java:getDBPath(225)) - ozone.om.db.dirs is not configured. We recommend adding this setting. Falling back to ozone.metadata.dirs instead.
2023-03-16 19:32:16,561 [Listener at 127.0.0.1/32993] INFO  codec.OmKeyInfoCodec (OmKeyInfoCodec.java:<init>(49)) - OmKeyInfoCodec ignorePipeline = true
2023-03-16 19:32:16,561 [Listener at 127.0.0.1/32993] INFO  codec.RepeatedOmKeyInfoCodec (RepeatedOmKeyInfoCodec.java:<init>(41)) - RepeatedOmKeyInfoCodec ignorePipeline = true
]]></system-out>
  </testcase>
  <testcase name="testListKeysWithAllowedUser(BucketLayout)[2]" classname="org.apache.hadoop.ozone.om.snapshot.TestOzoneManagerSnapshotAcl" time="0.013">
    <error type="VOLUME_ALREADY_EXISTS org.apache.hadoop.ozone.om.exceptions.OMException"><![CDATA[VOLUME_ALREADY_EXISTS org.apache.hadoop.ozone.om.exceptions.OMException: Volume already exists
	at org.apache.hadoop.ozone.om.protocolPB.OzoneManagerProtocolClientSideTranslatorPB.handleError(OzoneManagerProtocolClientSideTranslatorPB.java:709)
	at org.apache.hadoop.ozone.om.protocolPB.OzoneManagerProtocolClientSideTranslatorPB.createVolume(OzoneManagerProtocolClientSideTranslatorPB.java:320)
	at org.apache.hadoop.ozone.client.rpc.RpcClient.createVolume(RpcClient.java:480)
	at org.apache.hadoop.ozone.client.ObjectStore.createVolume(ObjectStore.java:119)
	at org.apache.hadoop.ozone.om.snapshot.TestOzoneManagerSnapshotAcl.createVolume(TestOzoneManagerSnapshotAcl.java:543)
	at org.apache.hadoop.ozone.om.snapshot.TestOzoneManagerSnapshotAcl.setup(TestOzoneManagerSnapshotAcl.java:398)
	at org.apache.hadoop.ozone.om.snapshot.TestOzoneManagerSnapshotAcl.testListKeysWithAllowedUser(TestOzoneManagerSnapshotAcl.java:313)
	at sun.reflect.NativeMethodAccessorImpl.invoke0(Native Method)
	at sun.reflect.NativeMethodAccessorImpl.invoke(NativeMethodAccessorImpl.java:62)
	at sun.reflect.DelegatingMethodAccessorImpl.invoke(DelegatingMethodAccessorImpl.java:43)
	at java.lang.reflect.Method.invoke(Method.java:498)
	at org.junit.platform.commons.util.ReflectionUtils.invokeMethod(ReflectionUtils.java:725)
	at org.junit.jupiter.engine.execution.MethodInvocation.proceed(MethodInvocation.java:60)
	at org.junit.jupiter.engine.execution.InvocationInterceptorChain$ValidatingInvocation.proceed(InvocationInterceptorChain.java:131)
	at org.junit.jupiter.engine.extension.TimeoutInvocation.proceed(TimeoutInvocation.java:46)
	at org.junit.jupiter.engine.extension.TimeoutExtension.intercept(TimeoutExtension.java:149)
	at org.junit.jupiter.engine.extension.TimeoutExtension.interceptTestableMethod(TimeoutExtension.java:140)
	at org.junit.jupiter.engine.extension.TimeoutExtension.interceptTestTemplateMethod(TimeoutExtension.java:92)
	at org.junit.jupiter.engine.execution.ExecutableInvoker$ReflectiveInterceptorCall.lambda$ofVoidMethod$0(ExecutableInvoker.java:115)
	at org.junit.jupiter.engine.execution.ExecutableInvoker.lambda$invoke$0(ExecutableInvoker.java:105)
	at org.junit.jupiter.engine.execution.InvocationInterceptorChain$InterceptedInvocation.proceed(InvocationInterceptorChain.java:106)
	at org.junit.jupiter.engine.execution.InvocationInterceptorChain.proceed(InvocationInterceptorChain.java:64)
	at org.junit.jupiter.engine.execution.InvocationInterceptorChain.chainAndInvoke(InvocationInterceptorChain.java:45)
	at org.junit.jupiter.engine.execution.InvocationInterceptorChain.invoke(InvocationInterceptorChain.java:37)
	at org.junit.jupiter.engine.execution.ExecutableInvoker.invoke(ExecutableInvoker.java:104)
	at org.junit.jupiter.engine.execution.ExecutableInvoker.invoke(ExecutableInvoker.java:98)
	at org.junit.jupiter.engine.descriptor.TestMethodTestDescriptor.lambda$invokeTestMethod$7(TestMethodTestDescriptor.java:214)
	at org.junit.platform.engine.support.hierarchical.ThrowableCollector.execute(ThrowableCollector.java:73)
	at org.junit.jupiter.engine.descriptor.TestMethodTestDescriptor.invokeTestMethod(TestMethodTestDescriptor.java:210)
	at org.junit.jupiter.engine.descriptor.TestMethodTestDescriptor.execute(TestMethodTestDescriptor.java:135)
	at org.junit.jupiter.engine.descriptor.TestMethodTestDescriptor.execute(TestMethodTestDescriptor.java:66)
	at org.junit.platform.engine.support.hierarchical.NodeTestTask.lambda$executeRecursively$6(NodeTestTask.java:151)
	at org.junit.platform.engine.support.hierarchical.ThrowableCollector.execute(ThrowableCollector.java:73)
	at org.junit.platform.engine.support.hierarchical.NodeTestTask.lambda$executeRecursively$8(NodeTestTask.java:141)
	at org.junit.platform.engine.support.hierarchical.Node.around(Node.java:137)
	at org.junit.platform.engine.support.hierarchical.NodeTestTask.lambda$executeRecursively$9(NodeTestTask.java:139)
	at org.junit.platform.engine.support.hierarchical.ThrowableCollector.execute(ThrowableCollector.java:73)
	at org.junit.platform.engine.support.hierarchical.NodeTestTask.executeRecursively(NodeTestTask.java:138)
	at org.junit.platform.engine.support.hierarchical.NodeTestTask.execute(NodeTestTask.java:95)
	at org.junit.platform.engine.support.hierarchical.SameThreadHierarchicalTestExecutorService.submit(SameThreadHierarchicalTestExecutorService.java:35)
	at org.junit.platform.engine.support.hierarchical.NodeTestTask$DefaultDynamicTestExecutor.execute(NodeTestTask.java:226)
	at org.junit.platform.engine.support.hierarchical.NodeTestTask$DefaultDynamicTestExecutor.execute(NodeTestTask.java:204)
	at org.junit.jupiter.engine.descriptor.TestTemplateTestDescriptor.execute(TestTemplateTestDescriptor.java:139)
	at org.junit.jupiter.engine.descriptor.TestTemplateTestDescriptor.lambda$execute$2(TestTemplateTestDescriptor.java:107)
	at java.util.stream.ForEachOps$ForEachOp$OfRef.accept(ForEachOps.java:183)
	at java.util.stream.ReferencePipeline$3$1.accept(ReferencePipeline.java:193)
	at java.util.stream.ReferencePipeline$2$1.accept(ReferencePipeline.java:175)
	at java.util.stream.ReferencePipeline$3$1.accept(ReferencePipeline.java:193)
	at java.util.stream.ForEachOps$ForEachOp$OfRef.accept(ForEachOps.java:183)
	at java.util.stream.ReferencePipeline$3$1.accept(ReferencePipeline.java:193)
	at java.util.stream.ReferencePipeline$3$1.accept(ReferencePipeline.java:193)
	at java.util.stream.ReferencePipeline$3$1.accept(ReferencePipeline.java:193)
	at java.util.stream.ForEachOps$ForEachOp$OfRef.accept(ForEachOps.java:183)
	at java.util.stream.ReferencePipeline$3$1.accept(ReferencePipeline.java:193)
	at java.util.Iterator.forEachRemaining(Iterator.java:116)
	at java.util.Spliterators$IteratorSpliterator.forEachRemaining(Spliterators.java:1801)
	at java.util.stream.AbstractPipeline.copyInto(AbstractPipeline.java:482)
	at java.util.stream.AbstractPipeline.wrapAndCopyInto(AbstractPipeline.java:472)
	at java.util.stream.ForEachOps$ForEachOp.evaluateSequential(ForEachOps.java:150)
	at java.util.stream.ForEachOps$ForEachOp$OfRef.evaluateSequential(ForEachOps.java:173)
	at java.util.stream.AbstractPipeline.evaluate(AbstractPipeline.java:234)
	at java.util.stream.ReferencePipeline.forEach(ReferencePipeline.java:485)
	at java.util.stream.ReferencePipeline$7$1.accept(ReferencePipeline.java:272)
	at java.util.stream.ReferencePipeline$3$1.accept(ReferencePipeline.java:193)
	at java.util.stream.ReferencePipeline$3$1.accept(ReferencePipeline.java:193)
	at java.util.stream.ReferencePipeline$3$1.accept(ReferencePipeline.java:193)
	at java.util.ArrayList$ArrayListSpliterator.forEachRemaining(ArrayList.java:1384)
	at java.util.stream.AbstractPipeline.copyInto(AbstractPipeline.java:482)
	at java.util.stream.AbstractPipeline.wrapAndCopyInto(AbstractPipeline.java:472)
	at java.util.stream.ForEachOps$ForEachOp.evaluateSequential(ForEachOps.java:150)
	at java.util.stream.ForEachOps$ForEachOp$OfRef.evaluateSequential(ForEachOps.java:173)
	at java.util.stream.AbstractPipeline.evaluate(AbstractPipeline.java:234)
	at java.util.stream.ReferencePipeline.forEach(ReferencePipeline.java:485)
	at java.util.stream.ReferencePipeline$7$1.accept(ReferencePipeline.java:272)
	at java.util.ArrayList$ArrayListSpliterator.forEachRemaining(ArrayList.java:1384)
	at java.util.stream.AbstractPipeline.copyInto(AbstractPipeline.java:482)
	at java.util.stream.AbstractPipeline.wrapAndCopyInto(AbstractPipeline.java:472)
	at java.util.stream.ForEachOps$ForEachOp.evaluateSequential(ForEachOps.java:150)
	at java.util.stream.ForEachOps$ForEachOp$OfRef.evaluateSequential(ForEachOps.java:173)
	at java.util.stream.AbstractPipeline.evaluate(AbstractPipeline.java:234)
	at java.util.stream.ReferencePipeline.forEach(ReferencePipeline.java:485)
	at org.junit.jupiter.engine.descriptor.TestTemplateTestDescriptor.execute(TestTemplateTestDescriptor.java:107)
	at org.junit.jupiter.engine.descriptor.TestTemplateTestDescriptor.execute(TestTemplateTestDescriptor.java:42)
	at org.junit.platform.engine.support.hierarchical.NodeTestTask.lambda$executeRecursively$6(NodeTestTask.java:151)
	at org.junit.platform.engine.support.hierarchical.ThrowableCollector.execute(ThrowableCollector.java:73)
	at org.junit.platform.engine.support.hierarchical.NodeTestTask.lambda$executeRecursively$8(NodeTestTask.java:141)
	at org.junit.platform.engine.support.hierarchical.Node.around(Node.java:137)
	at org.junit.platform.engine.support.hierarchical.NodeTestTask.lambda$executeRecursively$9(NodeTestTask.java:139)
	at org.junit.platform.engine.support.hierarchical.ThrowableCollector.execute(ThrowableCollector.java:73)
	at org.junit.platform.engine.support.hierarchical.NodeTestTask.executeRecursively(NodeTestTask.java:138)
	at org.junit.platform.engine.support.hierarchical.NodeTestTask.execute(NodeTestTask.java:95)
	at java.util.ArrayList.forEach(ArrayList.java:1259)
	at org.junit.platform.engine.support.hierarchical.SameThreadHierarchicalTestExecutorService.invokeAll(SameThreadHierarchicalTestExecutorService.java:41)
	at org.junit.platform.engine.support.hierarchical.NodeTestTask.lambda$executeRecursively$6(NodeTestTask.java:155)
	at org.junit.platform.engine.support.hierarchical.ThrowableCollector.execute(ThrowableCollector.java:73)
	at org.junit.platform.engine.support.hierarchical.NodeTestTask.lambda$executeRecursively$8(NodeTestTask.java:141)
	at org.junit.platform.engine.support.hierarchical.Node.around(Node.java:137)
	at org.junit.platform.engine.support.hierarchical.NodeTestTask.lambda$executeRecursively$9(NodeTestTask.java:139)
	at org.junit.platform.engine.support.hierarchical.ThrowableCollector.execute(ThrowableCollector.java:73)
	at org.junit.platform.engine.support.hierarchical.NodeTestTask.executeRecursively(NodeTestTask.java:138)
	at org.junit.platform.engine.support.hierarchical.NodeTestTask.execute(NodeTestTask.java:95)
	at java.util.ArrayList.forEach(ArrayList.java:1259)
	at org.junit.platform.engine.support.hierarchical.SameThreadHierarchicalTestExecutorService.invokeAll(SameThreadHierarchicalTestExecutorService.java:41)
	at org.junit.platform.engine.support.hierarchical.NodeTestTask.lambda$executeRecursively$6(NodeTestTask.java:155)
	at org.junit.platform.engine.support.hierarchical.ThrowableCollector.execute(ThrowableCollector.java:73)
	at org.junit.platform.engine.support.hierarchical.NodeTestTask.lambda$executeRecursively$8(NodeTestTask.java:141)
	at org.junit.platform.engine.support.hierarchical.Node.around(Node.java:137)
	at org.junit.platform.engine.support.hierarchical.NodeTestTask.lambda$executeRecursively$9(NodeTestTask.java:139)
	at org.junit.platform.engine.support.hierarchical.ThrowableCollector.execute(ThrowableCollector.java:73)
	at org.junit.platform.engine.support.hierarchical.NodeTestTask.executeRecursively(NodeTestTask.java:138)
	at org.junit.platform.engine.support.hierarchical.NodeTestTask.execute(NodeTestTask.java:95)
	at org.junit.platform.engine.support.hierarchical.SameThreadHierarchicalTestExecutorService.submit(SameThreadHierarchicalTestExecutorService.java:35)
	at org.junit.platform.engine.support.hierarchical.HierarchicalTestExecutor.execute(HierarchicalTestExecutor.java:57)
	at org.junit.platform.engine.support.hierarchical.HierarchicalTestEngine.execute(HierarchicalTestEngine.java:54)
	at org.junit.platform.launcher.core.EngineExecutionOrchestrator.execute(EngineExecutionOrchestrator.java:107)
	at org.junit.platform.launcher.core.EngineExecutionOrchestrator.execute(EngineExecutionOrchestrator.java:88)
	at org.junit.platform.launcher.core.EngineExecutionOrchestrator.lambda$execute$0(EngineExecutionOrchestrator.java:54)
	at org.junit.platform.launcher.core.EngineExecutionOrchestrator.withInterceptedStreams(EngineExecutionOrchestrator.java:67)
	at org.junit.platform.launcher.core.EngineExecutionOrchestrator.execute(EngineExecutionOrchestrator.java:52)
	at org.junit.platform.launcher.core.DefaultLauncher.execute(DefaultLauncher.java:114)
	at org.junit.platform.launcher.core.DefaultLauncher.execute(DefaultLauncher.java:86)
	at org.junit.platform.launcher.core.DefaultLauncherSession$DelegatingLauncher.execute(DefaultLauncherSession.java:86)
	at org.junit.platform.launcher.core.SessionPerRequestLauncher.execute(SessionPerRequestLauncher.java:53)
	at org.apache.maven.surefire.junitplatform.JUnitPlatformProvider.execute(JUnitPlatformProvider.java:188)
	at org.apache.maven.surefire.junitplatform.JUnitPlatformProvider.invokeAllTests(JUnitPlatformProvider.java:154)
	at org.apache.maven.surefire.junitplatform.JUnitPlatformProvider.invoke(JUnitPlatformProvider.java:124)
	at org.apache.maven.surefire.booter.ForkedBooter.runSuitesInProcess(ForkedBooter.java:428)
	at org.apache.maven.surefire.booter.ForkedBooter.execute(ForkedBooter.java:162)
	at org.apache.maven.surefire.booter.ForkedBooter.run(ForkedBooter.java:562)
	at org.apache.maven.surefire.booter.ForkedBooter.main(ForkedBooter.java:548)
	Suppressed: BUCKET_NOT_FOUND org.apache.hadoop.ozone.om.exceptions.OMException: Bucket not found
		at org.apache.hadoop.ozone.om.protocolPB.OzoneManagerProtocolClientSideTranslatorPB.handleError(OzoneManagerProtocolClientSideTranslatorPB.java:709)
		at org.apache.hadoop.ozone.om.protocolPB.OzoneManagerProtocolClientSideTranslatorPB.setAcl(OzoneManagerProtocolClientSideTranslatorPB.java:1923)
		at org.apache.hadoop.ozone.client.rpc.RpcClient.setAcl(RpcClient.java:2100)
		at org.apache.hadoop.ozone.client.ObjectStore.setAcl(ObjectStore.java:513)
		at org.apache.hadoop.ozone.om.snapshot.TestOzoneManagerSnapshotAcl.setDefaultAcls(TestOzoneManagerSnapshotAcl.java:430)
		at org.apache.hadoop.ozone.om.snapshot.TestOzoneManagerSnapshotAcl.cleanup(TestOzoneManagerSnapshotAcl.java:146)
		at sun.reflect.GeneratedMethodAccessor47.invoke(Unknown Source)
		at sun.reflect.DelegatingMethodAccessorImpl.invoke(DelegatingMethodAccessorImpl.java:43)
		at java.lang.reflect.Method.invoke(Method.java:498)
		at org.junit.platform.commons.util.ReflectionUtils.invokeMethod(ReflectionUtils.java:725)
		at org.junit.jupiter.engine.execution.MethodInvocation.proceed(MethodInvocation.java:60)
		at org.junit.jupiter.engine.execution.InvocationInterceptorChain$ValidatingInvocation.proceed(InvocationInterceptorChain.java:131)
		at org.junit.jupiter.engine.extension.TimeoutExtension.intercept(TimeoutExtension.java:149)
		at org.junit.jupiter.engine.extension.TimeoutExtension.interceptLifecycleMethod(TimeoutExtension.java:126)
		at org.junit.jupiter.engine.extension.TimeoutExtension.interceptAfterEachMethod(TimeoutExtension.java:108)
		at org.junit.jupiter.engine.execution.ExecutableInvoker$ReflectiveInterceptorCall.lambda$ofVoidMethod$0(ExecutableInvoker.java:115)
		at org.junit.jupiter.engine.execution.ExecutableInvoker.lambda$invoke$0(ExecutableInvoker.java:105)
		at org.junit.jupiter.engine.execution.InvocationInterceptorChain$InterceptedInvocation.proceed(InvocationInterceptorChain.java:106)
		at org.junit.jupiter.engine.execution.InvocationInterceptorChain.proceed(InvocationInterceptorChain.java:64)
		at org.junit.jupiter.engine.execution.InvocationInterceptorChain.chainAndInvoke(InvocationInterceptorChain.java:45)
		at org.junit.jupiter.engine.execution.InvocationInterceptorChain.invoke(InvocationInterceptorChain.java:37)
		at org.junit.jupiter.engine.execution.ExecutableInvoker.invoke(ExecutableInvoker.java:104)
		at org.junit.jupiter.engine.execution.ExecutableInvoker.invoke(ExecutableInvoker.java:98)
		at org.junit.jupiter.engine.descriptor.ClassBasedTestDescriptor.invokeMethodInExtensionContext(ClassBasedTestDescriptor.java:506)
		at org.junit.jupiter.engine.descriptor.ClassBasedTestDescriptor.lambda$synthesizeAfterEachMethodAdapter$22(ClassBasedTestDescriptor.java:496)
		at org.junit.jupiter.engine.descriptor.TestMethodTestDescriptor.lambda$invokeAfterEachMethods$10(TestMethodTestDescriptor.java:240)
		at org.junit.jupiter.engine.descriptor.TestMethodTestDescriptor.lambda$invokeAllAfterMethodsOrCallbacks$13(TestMethodTestDescriptor.java:273)
		at org.junit.platform.engine.support.hierarchical.ThrowableCollector.execute(ThrowableCollector.java:73)
		at org.junit.jupiter.engine.descriptor.TestMethodTestDescriptor.lambda$invokeAllAfterMethodsOrCallbacks$14(TestMethodTestDescriptor.java:273)
		at java.util.ArrayList.forEach(ArrayList.java:1259)
		at org.junit.jupiter.engine.descriptor.TestMethodTestDescriptor.invokeAllAfterMethodsOrCallbacks(TestMethodTestDescriptor.java:272)
		at org.junit.jupiter.engine.descriptor.TestMethodTestDescriptor.invokeAfterEachMethods(TestMethodTestDescriptor.java:238)
		at org.junit.jupiter.engine.descriptor.TestMethodTestDescriptor.execute(TestMethodTestDescriptor.java:139)
		... 100 more
]]></error>
    <system-out><![CDATA[2023-03-16 19:32:16,615 [Listener at 127.0.0.1/32993] INFO  rpc.RpcClient (RpcClient.java:createVolume(476)) - Creating Volume: volume-91050, with admin as owner and space quota set to -1 bytes, counts quota set to -1
19:32:16.617 [OM StateMachine ApplyTransaction Thread - 0] ERROR OMAudit - user=om | ip=127.0.0.1 | op=CREATE_VOLUME {admin=admin, owner=admin, volume=volume-91050, creationTime=1678995136616, modificationTime=1678995136616, quotaInBytes=-1, quotaInNamespace=-1, usedNamespace=0, objectID=-9223372036854456064, updateID=1249} | ret=FAILURE
org.apache.hadoop.ozone.om.exceptions.OMException: Volume already exists
	at org.apache.hadoop.ozone.om.request.volume.OMVolumeCreateRequest.validateAndUpdateCache(OMVolumeCreateRequest.java:153) ~[ozone-manager-1.4.0-SNAPSHOT.jar:?]
	at org.apache.hadoop.ozone.protocolPB.OzoneManagerRequestHandler.handleWriteRequest(OzoneManagerRequestHandler.java:337) ~[ozone-manager-1.4.0-SNAPSHOT.jar:?]
	at org.apache.hadoop.ozone.om.ratis.OzoneManagerStateMachine.runCommand(OzoneManagerStateMachine.java:533) ~[ozone-manager-1.4.0-SNAPSHOT.jar:?]
	at org.apache.hadoop.ozone.om.ratis.OzoneManagerStateMachine.lambda$1(OzoneManagerStateMachine.java:324) ~[ozone-manager-1.4.0-SNAPSHOT.jar:?]
	at java.util.concurrent.CompletableFuture$AsyncSupply.run(CompletableFuture.java:1604) [?:1.8.0_362]
	at java.util.concurrent.ThreadPoolExecutor.runWorker(ThreadPoolExecutor.java:1149) [?:1.8.0_362]
	at java.util.concurrent.ThreadPoolExecutor$Worker.run(ThreadPoolExecutor.java:624) [?:1.8.0_362]
	at java.lang.Thread.run(Thread.java:750) [?:1.8.0_362]
2023-03-16 19:32:16,619 [OM StateMachine ApplyTransaction Thread - 0] ERROR volume.OMVolumeCreateRequest (OMVolumeCreateRequest.java:validateAndUpdateCache(198)) - Volume creation failed for user:admin volume:volume-91050
VOLUME_ALREADY_EXISTS org.apache.hadoop.ozone.om.exceptions.OMException: Volume already exists
	at org.apache.hadoop.ozone.om.request.volume.OMVolumeCreateRequest.validateAndUpdateCache(OMVolumeCreateRequest.java:153)
	at org.apache.hadoop.ozone.protocolPB.OzoneManagerRequestHandler.handleWriteRequest(OzoneManagerRequestHandler.java:337)
	at org.apache.hadoop.ozone.om.ratis.OzoneManagerStateMachine.runCommand(OzoneManagerStateMachine.java:533)
	at org.apache.hadoop.ozone.om.ratis.OzoneManagerStateMachine.lambda$1(OzoneManagerStateMachine.java:324)
	at java.util.concurrent.CompletableFuture$AsyncSupply.run(CompletableFuture.java:1604)
	at java.util.concurrent.ThreadPoolExecutor.runWorker(ThreadPoolExecutor.java:1149)
	at java.util.concurrent.ThreadPoolExecutor$Worker.run(ThreadPoolExecutor.java:624)
	at java.lang.Thread.run(Thread.java:750)
19:32:16.626 [OM StateMachine ApplyTransaction Thread - 0] ERROR OMAudit - user=om | ip=127.0.0.1 | op=SET_ACL {resourceType=bucket, storageType=ozone, volume=volume-91050, bucket=null, key=null, acl=[user:user1:r[ACCESS], user:user1:l[ACCESS]]} | ret=FAILURE
org.apache.hadoop.ozone.om.exceptions.OMException: Bucket not found
	at org.apache.hadoop.ozone.om.OzoneManager.getBucketOwner(OzoneManager.java:2507) ~[ozone-manager-1.4.0-SNAPSHOT.jar:?]
	at org.apache.hadoop.ozone.om.OzoneManager.getBucketOwner(OzoneManager.java:2477) ~[ozone-manager-1.4.0-SNAPSHOT.jar:?]
	at org.apache.hadoop.ozone.om.request.OMClientRequest.checkAcls(OMClientRequest.java:217) ~[ozone-manager-1.4.0-SNAPSHOT.jar:?]
	at org.apache.hadoop.ozone.om.request.bucket.acl.OMBucketAclRequest.validateAndUpdateCache(OMBucketAclRequest.java:98) ~[ozone-manager-1.4.0-SNAPSHOT.jar:?]
	at org.apache.hadoop.ozone.om.request.bucket.acl.OMBucketSetAclRequest.validateAndUpdateCache(OMBucketSetAclRequest.java:146) ~[ozone-manager-1.4.0-SNAPSHOT.jar:?]
	at org.apache.hadoop.ozone.protocolPB.OzoneManagerRequestHandler.handleWriteRequest(OzoneManagerRequestHandler.java:337) ~[ozone-manager-1.4.0-SNAPSHOT.jar:?]
	at org.apache.hadoop.ozone.om.ratis.OzoneManagerStateMachine.runCommand(OzoneManagerStateMachine.java:533) ~[ozone-manager-1.4.0-SNAPSHOT.jar:?]
	at org.apache.hadoop.ozone.om.ratis.OzoneManagerStateMachine.lambda$1(OzoneManagerStateMachine.java:324) ~[ozone-manager-1.4.0-SNAPSHOT.jar:?]
	at java.util.concurrent.CompletableFuture$AsyncSupply.run(CompletableFuture.java:1604) [?:1.8.0_362]
	at java.util.concurrent.ThreadPoolExecutor.runWorker(ThreadPoolExecutor.java:1149) [?:1.8.0_362]
	at java.util.concurrent.ThreadPoolExecutor$Worker.run(ThreadPoolExecutor.java:624) [?:1.8.0_362]
	at java.lang.Thread.run(Thread.java:750) [?:1.8.0_362]
2023-03-16 19:32:16,626 [OM StateMachine ApplyTransaction Thread - 0] ERROR acl.OMBucketSetAclRequest (OMBucketSetAclRequest.java:onComplete(136)) - Set acl [user:user1:r[ACCESS], user:user1:l[ACCESS]] for path /volume-91050/null failed!
BUCKET_NOT_FOUND org.apache.hadoop.ozone.om.exceptions.OMException: Bucket not found
	at org.apache.hadoop.ozone.om.OzoneManager.getBucketOwner(OzoneManager.java:2507)
	at org.apache.hadoop.ozone.om.OzoneManager.getBucketOwner(OzoneManager.java:2477)
	at org.apache.hadoop.ozone.om.request.OMClientRequest.checkAcls(OMClientRequest.java:217)
	at org.apache.hadoop.ozone.om.request.bucket.acl.OMBucketAclRequest.validateAndUpdateCache(OMBucketAclRequest.java:98)
	at org.apache.hadoop.ozone.om.request.bucket.acl.OMBucketSetAclRequest.validateAndUpdateCache(OMBucketSetAclRequest.java:146)
	at org.apache.hadoop.ozone.protocolPB.OzoneManagerRequestHandler.handleWriteRequest(OzoneManagerRequestHandler.java:337)
	at org.apache.hadoop.ozone.om.ratis.OzoneManagerStateMachine.runCommand(OzoneManagerStateMachine.java:533)
	at org.apache.hadoop.ozone.om.ratis.OzoneManagerStateMachine.lambda$1(OzoneManagerStateMachine.java:324)
	at java.util.concurrent.CompletableFuture$AsyncSupply.run(CompletableFuture.java:1604)
	at java.util.concurrent.ThreadPoolExecutor.runWorker(ThreadPoolExecutor.java:1149)
	at java.util.concurrent.ThreadPoolExecutor$Worker.run(ThreadPoolExecutor.java:624)
	at java.lang.Thread.run(Thread.java:750)
]]></system-out>
  </testcase>
  <testcase name="testListKeysWithAllowedUser(BucketLayout)[3]" classname="org.apache.hadoop.ozone.om.snapshot.TestOzoneManagerSnapshotAcl" time="1.117">
    <system-out><![CDATA[2023-03-16 19:32:16,637 [Listener at 127.0.0.1/32993] INFO  rpc.RpcClient (RpcClient.java:createVolume(476)) - Creating Volume: volume-87915, with admin as owner and space quota set to -1 bytes, counts quota set to -1
2023-03-16 19:32:16,639 [OM StateMachine ApplyTransaction Thread - 0] INFO  volume.OMVolumeCreateRequest (OMVolumeCreateRequest.java:validateAndUpdateCache(195)) - created volume:volume-87915 for user:admin
2023-03-16 19:32:16,640 [Listener at 127.0.0.1/32993] INFO  rpc.RpcClient (RpcClient.java:createBucket(698)) - Creating Bucket: volume-87915/bucket-62269, with bucket layout LEGACY, admin as owner, Versioning false, Storage Type set to DISK and Encryption set to false, Replication Type set to server-side default replication type, Namespace Quota set to -1, Space Quota set to -1 
2023-03-16 19:32:16,642 [OM StateMachine ApplyTransaction Thread - 0] INFO  bucket.OMBucketCreateRequest (OMBucketCreateRequest.java:validateAndUpdateCache(263)) - created bucket: bucket-62269 of layout LEGACY in volume: volume-87915
2023-03-16 19:32:16,687 [OM StateMachine ApplyTransaction Thread - 0] INFO  snapshot.OMSnapshotCreateRequest (OMSnapshotCreateRequest.java:validateAndUpdateCache(204)) - Created snapshot 'snapshot-02464' under path 'volume-87915/bucket-62269'
2023-03-16 19:32:16,719 [OMDoubleBufferFlushThread] INFO  db.RDBCheckpointManager (RDBCheckpointManager.java:createCheckpoint(96)) - Created checkpoint in rocksDB at /home/runner/work/ozone/ozone/hadoop-ozone/integration-test/target/test-dir/MiniOzoneClusterImpl-7c80c19b-b74a-4fd6-b02a-95a373f15db1/omNode-1/db.snapshots/om.db-f75a0a01-59a2-45fd-86c6-6319642d023d in 30 milliseconds
2023-03-16 19:32:16,719 [OMDoubleBufferFlushThread] INFO  db.RDBCheckpointManager (RDBCheckpointManager.java:waitForCheckpointDirectoryExist(125)) - Waited for 0 milliseconds for checkpoint directory /home/runner/work/ozone/ozone/hadoop-ozone/integration-test/target/test-dir/MiniOzoneClusterImpl-7c80c19b-b74a-4fd6-b02a-95a373f15db1/omNode-1/db.snapshots/om.db-f75a0a01-59a2-45fd-86c6-6319642d023d availability.
2023-03-16 19:32:16,719 [OMDoubleBufferFlushThread] INFO  om.OmSnapshotManager (OmSnapshotManager.java:createOmSnapshotCheckpoint(269)) - Created checkpoint : /home/runner/work/ozone/ozone/hadoop-ozone/integration-test/target/test-dir/MiniOzoneClusterImpl-7c80c19b-b74a-4fd6-b02a-95a373f15db1/omNode-1/db.snapshots/om.db-f75a0a01-59a2-45fd-86c6-6319642d023d for snapshot snapshot-02464
2023-03-16 19:32:17,693 [Listener at 127.0.0.1/32993] WARN  server.ServerUtils (ServerUtils.java:getDBPath(225)) - ozone.om.db.dirs is not configured. We recommend adding this setting. Falling back to ozone.metadata.dirs instead.
2023-03-16 19:32:17,694 [Listener at 127.0.0.1/32993] INFO  codec.OmKeyInfoCodec (OmKeyInfoCodec.java:<init>(49)) - OmKeyInfoCodec ignorePipeline = true
2023-03-16 19:32:17,695 [Listener at 127.0.0.1/32993] INFO  codec.RepeatedOmKeyInfoCodec (RepeatedOmKeyInfoCodec.java:<init>(41)) - RepeatedOmKeyInfoCodec ignorePipeline = true
]]></system-out>
  </testcase>
</testsuite>