<?xml version="1.0" encoding="UTF-8"?>
<testsuite xmlns:xsi="http://www.w3.org/2001/XMLSchema-instance" xsi:noNamespaceSchemaLocation="https://maven.apache.org/surefire/maven-surefire-plugin/xsd/surefire-test-report.xsd" name="org.apache.hadoop.ozone.scm.node.TestDecommissionAndMaintenance" time="472.1" tests="11" errors="0" skipped="0" failures="1">
  <properties>
    <property name="awt.toolkit" value="sun.awt.X11.XToolkit"/>
    <property name="file.encoding.pkg" value="sun.io"/>
    <property name="java.specification.version" value="1.8"/>
    <property name="sun.cpu.isalist" value=""/>
    <property name="sun.jnu.encoding" value="ANSI_X3.4-1968"/>
    <property name="java.class.path" value="/github/workspace/mnt/ozone/hadoop-ozone/integration-test/target/test-classes:/github/workspace/mnt/ozone/hadoop-ozone/integration-test/target/classes:/home/user/.m2/repository/org/apache/hadoop/hadoop-ozone-common/1.1.0-SNAPSHOT/hadoop-ozone-common-1.1.0-SNAPSHOT.jar:/home/user/.m2/repository/org/apache/commons/commons-compress/1.4.1/commons-compress-1.4.1.jar:/home/user/.m2/repository/org/tukaani/xz/1.0/xz-1.0.jar:/home/user/.m2/repository/org/apache/hadoop/hadoop-hdds-common/1.1.0-SNAPSHOT/hadoop-hdds-common-1.1.0-SNAPSHOT.jar:/home/user/.m2/repository/org/apache/hadoop/hadoop-hdds-client/1.1.0-SNAPSHOT/hadoop-hdds-client-1.1.0-SNAPSHOT.jar:/home/user/.m2/repository/org/apache/hadoop/hadoop-ozone-interface-client/1.1.0-SNAPSHOT/hadoop-ozone-interface-client-1.1.0-SNAPSHOT.jar:/home/user/.m2/repository/org/apache/hadoop/hadoop-hdds-test-utils/1.1.0-SNAPSHOT/hadoop-hdds-test-utils-1.1.0-SNAPSHOT.jar:/home/user/.m2/repository/com/google/guava/guava/28.2-jre/guava-28.2-jre.jar:/home/user/.m2/repository/com/google/guava/failureaccess/1.0.1/failureaccess-1.0.1.jar:/home/user/.m2/repository/com/google/guava/listenablefuture/9999.0-empty-to-avoid-conflict-with-guava/listenablefuture-9999.0-empty-to-avoid-conflict-with-guava.jar:/home/user/.m2/repository/com/google/code/findbugs/jsr305/3.0.0/jsr305-3.0.0.jar:/home/user/.m2/repository/org/checkerframework/checker-qual/2.10.0/checker-qual-2.10.0.jar:/home/user/.m2/repository/com/google/errorprone/error_prone_annotations/2.2.0/error_prone_annotations-2.2.0.jar:/home/user/.m2/repository/com/google/j2objc/j2objc-annotations/1.3/j2objc-annotations-1.3.jar:/home/user/.m2/repository/commons-io/commons-io/2.5/commons-io-2.5.jar:/home/user/.m2/repository/commons-logging/commons-logging/1.2/commons-logging-1.2.jar:/home/user/.m2/repository/log4j/log4j/1.2.17/log4j-1.2.17.jar:/home/user/.m2/repository/org/slf4j/slf4j-api/1.7.30/slf4j-api-1.7.30.jar:/home/user/.m2/repository/org/apache/hadoop/hadoop-hdds-server-scm/1.1.0-SNAPSHOT/hadoop-hdds-server-scm-1.1.0-SNAPSHOT.jar:/home/user/.m2/repository/org/apache/hadoop/hadoop-hdds-container-service/1.1.0-SNAPSHOT/hadoop-hdds-container-service-1.1.0-SNAPSHOT.jar:/home/user/.m2/repository/org/apache/hadoop/hadoop-hdds-hadoop-dependency-server/1.1.0-SNAPSHOT/hadoop-hdds-hadoop-dependency-server-1.1.0-SNAPSHOT.jar:/home/user/.m2/repository/org/apache/hadoop/hadoop-hdfs/3.2.1/hadoop-hdfs-3.2.1.jar:/home/user/.m2/repository/org/apache/hadoop/hadoop-hdds-server-framework/1.1.0-SNAPSHOT/hadoop-hdds-server-framework-1.1.0-SNAPSHOT.jar:/home/user/.m2/repository/org/apache/hadoop/hadoop-hdds-interface-server/1.1.0-SNAPSHOT/hadoop-hdds-interface-server-1.1.0-SNAPSHOT.jar:/home/user/.m2/repository/org/apache/hadoop/hadoop-hdds-interface-admin/1.1.0-SNAPSHOT/hadoop-hdds-interface-admin-1.1.0-SNAPSHOT.jar:/home/user/.m2/repository/org/eclipse/jetty/jetty-servlet/9.4.34.v20201102/jetty-servlet-9.4.34.v20201102.jar:/home/user/.m2/repository/org/eclipse/jetty/jetty-security/9.4.34.v20201102/jetty-security-9.4.34.v20201102.jar:/home/user/.m2/repository/org/rocksdb/rocksdbjni/6.8.1/rocksdbjni-6.8.1.jar:/home/user/.m2/repository/io/prometheus/simpleclient_dropwizard/0.7.0/simpleclient_dropwizard-0.7.0.jar:/home/user/.m2/repository/io/prometheus/simpleclient/0.7.0/simpleclient-0.7.0.jar:/home/user/.m2/repository/io/prometheus/simpleclient_common/0.7.0/simpleclient_common-0.7.0.jar:/home/user/.m2/repository/com/fasterxml/jackson/datatype/jackson-datatype-jsr310/2.10.3/jackson-datatype-jsr310-2.10.3.jar:/home/user/.m2/repository/io/dropwizard/metrics/metrics-core/3.2.4/metrics-core-3.2.4.jar:/home/user/.m2/repository/org/apache/hadoop/hadoop-hdfs-client/3.2.1/hadoop-hdfs-client-3.2.1.jar:/home/user/.m2/repository/org/bouncycastle/bcprov-jdk15on/1.60/bcprov-jdk15on-1.60.jar:/home/user/.m2/repository/org/apache/hadoop/hadoop-ozone-ozone-manager/1.1.0-SNAPSHOT/hadoop-ozone-ozone-manager-1.1.0-SNAPSHOT.jar:/home/user/.m2/repository/org/apache/hadoop/hadoop-hdds-interface-client/1.1.0-SNAPSHOT/hadoop-hdds-interface-client-1.1.0-SNAPSHOT.jar:/home/user/.m2/repository/org/apache/ratis/ratis-thirdparty-misc/0.6.0-SNAPSHOT/ratis-thirdparty-misc-0.6.0-SNAPSHOT.jar:/home/user/.m2/repository/org/apache/hadoop/hadoop-ozone-interface-storage/1.1.0-SNAPSHOT/hadoop-ozone-interface-storage-1.1.0-SNAPSHOT.jar:/home/user/.m2/repository/org/apache/hadoop/hadoop-minikdc/3.2.1/hadoop-minikdc-3.2.1.jar:/home/user/.m2/repository/org/apache/kerby/kerb-simplekdc/1.0.1/kerb-simplekdc-1.0.1.jar:/home/user/.m2/repository/org/apache/kerby/kerb-client/1.0.1/kerb-client-1.0.1.jar:/home/user/.m2/repository/org/apache/kerby/kerby-config/1.0.1/kerby-config-1.0.1.jar:/home/user/.m2/repository/org/apache/kerby/kerb-core/1.0.1/kerb-core-1.0.1.jar:/home/user/.m2/repository/org/apache/kerby/kerby-pkix/1.0.1/kerby-pkix-1.0.1.jar:/home/user/.m2/repository/org/apache/kerby/kerby-asn1/1.0.1/kerby-asn1-1.0.1.jar:/home/user/.m2/repository/org/apache/kerby/kerby-util/1.0.1/kerby-util-1.0.1.jar:/home/user/.m2/repository/org/apache/kerby/kerb-common/1.0.1/kerb-common-1.0.1.jar:/home/user/.m2/repository/org/apache/kerby/kerb-crypto/1.0.1/kerb-crypto-1.0.1.jar:/home/user/.m2/repository/org/apache/kerby/kerb-util/1.0.1/kerb-util-1.0.1.jar:/home/user/.m2/repository/org/apache/kerby/token-provider/1.0.1/token-provider-1.0.1.jar:/home/user/.m2/repository/org/apache/kerby/kerb-admin/1.0.1/kerb-admin-1.0.1.jar:/home/user/.m2/repository/org/apache/kerby/kerb-server/1.0.1/kerb-server-1.0.1.jar:/home/user/.m2/repository/org/apache/kerby/kerb-identity/1.0.1/kerb-identity-1.0.1.jar:/home/user/.m2/repository/org/apache/kerby/kerby-xdr/1.0.1/kerby-xdr-1.0.1.jar:/home/user/.m2/repository/org/slf4j/slf4j-log4j12/1.7.30/slf4j-log4j12-1.7.30.jar:/home/user/.m2/repository/org/apache/hadoop/hadoop-ozone-s3gateway/1.1.0-SNAPSHOT/hadoop-ozone-s3gateway-1.1.0-SNAPSHOT.jar:/home/user/.m2/repository/org/jboss/weld/servlet/weld-servlet/2.4.7.Final/weld-servlet-2.4.7.Final.jar:/home/user/.m2/repository/org/glassfish/jersey/containers/jersey-container-servlet-core/2.27/jersey-container-servlet-core-2.27.jar:/home/user/.m2/repository/org/glassfish/hk2/external/javax.inject/2.5.0-b42/javax.inject-2.5.0-b42.jar:/home/user/.m2/repository/org/glassfish/jersey/core/jersey-common/2.27/jersey-common-2.27.jar:/home/user/.m2/repository/org/glassfish/hk2/osgi-resource-locator/1.0.1/osgi-resource-locator-1.0.1.jar:/home/user/.m2/repository/javax/ws/rs/javax.ws.rs-api/2.1/javax.ws.rs-api-2.1.jar:/home/user/.m2/repository/org/glassfish/jersey/ext/cdi/jersey-cdi1x/2.27/jersey-cdi1x-2.27.jar:/home/user/.m2/repository/org/glassfish/jersey/inject/jersey-hk2/2.27/jersey-hk2-2.27.jar:/home/user/.m2/repository/org/glassfish/hk2/hk2-locator/2.5.0-b42/hk2-locator-2.5.0-b42.jar:/home/user/.m2/repository/org/javassist/javassist/3.22.0-CR2/javassist-3.22.0-CR2.jar:/home/user/.m2/repository/org/glassfish/hk2/hk2-api/2.5.0/hk2-api-2.5.0.jar:/home/user/.m2/repository/org/glassfish/hk2/external/jakarta.inject/2.5.0/jakarta.inject-2.5.0.jar:/home/user/.m2/repository/org/glassfish/hk2/hk2-utils/2.5.0/hk2-utils-2.5.0.jar:/home/user/.m2/repository/jakarta/annotation/jakarta.annotation-api/1.3.4/jakarta.annotation-api-1.3.4.jar:/home/user/.m2/repository/org/glassfish/hk2/external/aopalliance-repackaged/2.5.0/aopalliance-repackaged-2.5.0.jar:/home/user/.m2/repository/com/fasterxml/jackson/dataformat/jackson-dataformat-xml/2.10.3/jackson-dataformat-xml-2.10.3.jar:/home/user/.m2/repository/com/fasterxml/jackson/core/jackson-core/2.10.3/jackson-core-2.10.3.jar:/home/user/.m2/repository/com/fasterxml/jackson/module/jackson-module-jaxb-annotations/2.10.3/jackson-module-jaxb-annotations-2.10.3.jar:/home/user/.m2/repository/jakarta/xml/bind/jakarta.xml.bind-api/2.3.2/jakarta.xml.bind-api-2.3.2.jar:/home/user/.m2/repository/jakarta/activation/jakarta.activation-api/1.2.1/jakarta.activation-api-1.2.1.jar:/home/user/.m2/repository/org/codehaus/woodstox/stax2-api/3.1.4/stax2-api-3.1.4.jar:/home/user/.m2/repository/com/fasterxml/woodstox/woodstox-core/5.0.3/woodstox-core-5.0.3.jar:/home/user/.m2/repository/javax/enterprise/cdi-api/1.2/cdi-api-1.2.jar:/home/user/.m2/repository/javax/el/javax.el-api/3.0.0/javax.el-api-3.0.0.jar:/home/user/.m2/repository/javax/interceptor/javax.interceptor-api/1.2/javax.interceptor-api-1.2.jar:/home/user/.m2/repository/javax/inject/javax.inject/1/javax.inject-1.jar:/home/user/.m2/repository/com/sun/xml/bind/jaxb-impl/2.3.0.1/jaxb-impl-2.3.0.1.jar:/home/user/.m2/repository/com/sun/xml/bind/jaxb-core/2.3.0.1/jaxb-core-2.3.0.1.jar:/home/user/.m2/repository/javax/xml/bind/jaxb-api/2.3.0/jaxb-api-2.3.0.jar:/home/user/.m2/repository/javax/activation/activation/1.1.1/activation-1.1.1.jar:/home/user/.m2/repository/org/apache/hadoop/hadoop-ozone-csi/1.1.0-SNAPSHOT/hadoop-ozone-csi-1.1.0-SNAPSHOT.jar:/home/user/.m2/repository/com/google/protobuf/protobuf-java-util/3.11.0/protobuf-java-util-3.11.0.jar:/home/user/.m2/repository/com/google/code/gson/gson/2.2.4/gson-2.2.4.jar:/home/user/.m2/repository/org/apache/hadoop/hadoop-hdds-config/1.1.0-SNAPSHOT/hadoop-hdds-config-1.1.0-SNAPSHOT.jar:/home/user/.m2/repository/com/google/protobuf/protobuf-java/2.5.0/protobuf-java-2.5.0.jar:/home/user/.m2/repository/io/grpc/grpc-netty/1.29.0/grpc-netty-1.29.0.jar:/home/user/.m2/repository/io/grpc/grpc-core/1.29.0/grpc-core-1.29.0.jar:/home/user/.m2/repository/com/google/android/annotations/4.1.1.4/annotations-4.1.1.4.jar:/home/user/.m2/repository/io/perfmark/perfmark-api/0.19.0/perfmark-api-0.19.0.jar:/home/user/.m2/repository/io/netty/netty-codec-http2/4.1.48.Final/netty-codec-http2-4.1.48.Final.jar:/home/user/.m2/repository/io/netty/netty-codec/4.1.48.Final/netty-codec-4.1.48.Final.jar:/home/user/.m2/repository/io/netty/netty-handler/4.1.48.Final/netty-handler-4.1.48.Final.jar:/home/user/.m2/repository/io/netty/netty-codec-http/4.1.48.Final/netty-codec-http-4.1.48.Final.jar:/home/user/.m2/repository/io/netty/netty-handler-proxy/4.1.48.Final/netty-handler-proxy-4.1.48.Final.jar:/home/user/.m2/repository/io/netty/netty-codec-socks/4.1.48.Final/netty-codec-socks-4.1.48.Final.jar:/home/user/.m2/repository/io/netty/netty-transport-native-epoll/4.1.48.Final/netty-transport-native-epoll-4.1.48.Final.jar:/home/user/.m2/repository/io/netty/netty-common/4.1.48.Final/netty-common-4.1.48.Final.jar:/home/user/.m2/repository/io/netty/netty-buffer/4.1.48.Final/netty-buffer-4.1.48.Final.jar:/home/user/.m2/repository/io/netty/netty-transport/4.1.48.Final/netty-transport-4.1.48.Final.jar:/home/user/.m2/repository/io/netty/netty-resolver/4.1.48.Final/netty-resolver-4.1.48.Final.jar:/home/user/.m2/repository/io/netty/netty-transport-native-unix-common/4.1.48.Final/netty-transport-native-unix-common-4.1.48.Final.jar:/home/user/.m2/repository/io/grpc/grpc-protobuf/1.29.0/grpc-protobuf-1.29.0.jar:/home/user/.m2/repository/io/grpc/grpc-api/1.29.0/grpc-api-1.29.0.jar:/home/user/.m2/repository/io/grpc/grpc-context/1.29.0/grpc-context-1.29.0.jar:/home/user/.m2/repository/org/codehaus/mojo/animal-sniffer-annotations/1.18/animal-sniffer-annotations-1.18.jar:/home/user/.m2/repository/com/google/api/grpc/proto-google-common-protos/1.17.0/proto-google-common-protos-1.17.0.jar:/home/user/.m2/repository/io/grpc/grpc-protobuf-lite/1.29.0/grpc-protobuf-lite-1.29.0.jar:/home/user/.m2/repository/io/grpc/grpc-stub/1.29.0/grpc-stub-1.29.0.jar:/home/user/.m2/repository/org/apache/hadoop/hadoop-ozone-recon/1.1.0-SNAPSHOT/hadoop-ozone-recon-1.1.0-SNAPSHOT.jar:/home/user/.m2/repository/org/apache/hadoop/hadoop-ozone-reconcodegen/1.1.0-SNAPSHOT/hadoop-ozone-reconcodegen-1.1.0-SNAPSHOT.jar:/home/user/.m2/repository/com/google/inject/extensions/guice-multibindings/4.0/guice-multibindings-4.0.jar:/home/user/.m2/repository/com/google/inject/guice/4.0/guice-4.0.jar:/home/user/.m2/repository/aopalliance/aopalliance/1.0/aopalliance-1.0.jar:/home/user/.m2/repository/com/google/inject/extensions/guice-assistedinject/4.0/guice-assistedinject-4.0.jar:/home/user/.m2/repository/com/google/inject/extensions/guice-servlet/4.0/guice-servlet-4.0.jar:/home/user/.m2/repository/org/glassfish/jersey/containers/jersey-container-servlet/2.27/jersey-container-servlet-2.27.jar:/home/user/.m2/repository/org/glassfish/hk2/guice-bridge/2.5.0/guice-bridge-2.5.0.jar:/home/user/.m2/repository/org/glassfish/jersey/core/jersey-server/2.27/jersey-server-2.27.jar:/home/user/.m2/repository/org/glassfish/jersey/core/jersey-client/2.27/jersey-client-2.27.jar:/home/user/.m2/repository/org/glassfish/jersey/media/jersey-media-jaxb/2.27/jersey-media-jaxb-2.27.jar:/home/user/.m2/repository/javax/validation/validation-api/1.1.0.Final/validation-api-1.1.0.Final.jar:/home/user/.m2/repository/org/glassfish/jersey/media/jersey-media-json-jackson/2.27/jersey-media-json-jackson-2.27.jar:/home/user/.m2/repository/org/glassfish/jersey/ext/jersey-entity-filtering/2.27/jersey-entity-filtering-2.27.jar:/home/user/.m2/repository/org/jooq/jooq/3.11.10/jooq-3.11.10.jar:/home/user/.m2/repository/org/jooq/jooq-meta/3.11.10/jooq-meta-3.11.10.jar:/home/user/.m2/repository/org/jooq/jooq-codegen/3.11.10/jooq-codegen-3.11.10.jar:/home/user/.m2/repository/com/jolbox/bonecp/0.8.0.RELEASE/bonecp-0.8.0.RELEASE.jar:/home/user/.m2/repository/org/apache/derby/derby/10.14.2.0/derby-10.14.2.0.jar:/home/user/.m2/repository/org/xerial/sqlite-jdbc/3.25.2/sqlite-jdbc-3.25.2.jar:/home/user/.m2/repository/org/springframework/spring-jdbc/5.2.11.RELEASE/spring-jdbc-5.2.11.RELEASE.jar:/home/user/.m2/repository/org/springframework/spring-beans/5.2.11.RELEASE/spring-beans-5.2.11.RELEASE.jar:/home/user/.m2/repository/org/springframework/spring-core/5.2.11.RELEASE/spring-core-5.2.11.RELEASE.jar:/home/user/.m2/repository/org/springframework/spring-jcl/5.2.11.RELEASE/spring-jcl-5.2.11.RELEASE.jar:/home/user/.m2/repository/org/springframework/spring-tx/5.2.11.RELEASE/spring-tx-5.2.11.RELEASE.jar:/home/user/.m2/repository/org/apache/hadoop/hadoop-ozone-client/1.1.0-SNAPSHOT/hadoop-ozone-client-1.1.0-SNAPSHOT.jar:/home/user/.m2/repository/org/apache/hadoop/hadoop-ozone-filesystem/1.1.0-SNAPSHOT/hadoop-ozone-filesystem-1.1.0-SNAPSHOT.jar:/home/user/.m2/repository/org/apache/hadoop/hadoop-ozone-filesystem-common/1.1.0-SNAPSHOT/hadoop-ozone-filesystem-common-1.1.0-SNAPSHOT.jar:/home/user/.m2/repository/org/apache/hadoop/hadoop-ozone-tools/1.1.0-SNAPSHOT/hadoop-ozone-tools-1.1.0-SNAPSHOT.jar:/home/user/.m2/repository/org/apache/ratis/ratis-tools/1.1.0-913f5a4-SNAPSHOT/ratis-tools-1.1.0-913f5a4-SNAPSHOT.jar:/home/user/.m2/repository/org/apache/ratis/ratis-proto/1.1.0-913f5a4-SNAPSHOT/ratis-proto-1.1.0-913f5a4-SNAPSHOT.jar:/home/user/.m2/repository/org/apache/ratis/ratis-common/1.1.0-913f5a4-SNAPSHOT/ratis-common-1.1.0-913f5a4-SNAPSHOT.jar:/home/user/.m2/repository/com/amazonaws/aws-java-sdk-core/1.11.901/aws-java-sdk-core-1.11.901.jar:/home/user/.m2/repository/org/apache/httpcomponents/httpclient/4.5.13/httpclient-4.5.13.jar:/home/user/.m2/repository/org/apache/httpcomponents/httpcore/4.4.13/httpcore-4.4.13.jar:/home/user/.m2/repository/software/amazon/ion/ion-java/1.0.2/ion-java-1.0.2.jar:/home/user/.m2/repository/com/fasterxml/jackson/dataformat/jackson-dataformat-cbor/2.10.3/jackson-dataformat-cbor-2.10.3.jar:/home/user/.m2/repository/joda-time/joda-time/2.8.1/joda-time-2.8.1.jar:/home/user/.m2/repository/com/amazonaws/aws-java-sdk-s3/1.11.901/aws-java-sdk-s3-1.11.901.jar:/home/user/.m2/repository/com/amazonaws/aws-java-sdk-kms/1.11.901/aws-java-sdk-kms-1.11.901.jar:/home/user/.m2/repository/com/amazonaws/jmespath-java/1.11.901/jmespath-java-1.11.901.jar:/home/user/.m2/repository/org/kohsuke/metainf-services/metainf-services/1.8/metainf-services-1.8.jar:/home/user/.m2/repository/org/apache/hadoop/hadoop-hdds-tools/1.1.0-SNAPSHOT/hadoop-hdds-tools-1.1.0-SNAPSHOT.jar:/home/user/.m2/repository/commons-cli/commons-cli/1.2/commons-cli-1.2.jar:/home/user/.m2/repository/org/apache/commons/commons-lang3/3.7/commons-lang3-3.7.jar:/home/user/.m2/repository/org/apache/hadoop/hadoop-ozone-ozone-manager/1.1.0-SNAPSHOT/hadoop-ozone-ozone-manager-1.1.0-SNAPSHOT-tests.jar:/home/user/.m2/repository/org/apache/hadoop/hadoop-hdds-common/1.1.0-SNAPSHOT/hadoop-hdds-common-1.1.0-SNAPSHOT-tests.jar:/home/user/.m2/repository/org/apache/hadoop/hadoop-hdds-hadoop-dependency-client/1.1.0-SNAPSHOT/hadoop-hdds-hadoop-dependency-client-1.1.0-SNAPSHOT.jar:/home/user/.m2/repository/info/picocli/picocli/4.4.0/picocli-4.4.0.jar:/home/user/.m2/repository/com/fasterxml/jackson/core/jackson-annotations/2.10.3/jackson-annotations-2.10.3.jar:/home/user/.m2/repository/javax/annotation/javax.annotation-api/1.2/javax.annotation-api-1.2.jar:/home/user/.m2/repository/org/fusesource/leveldbjni/leveldbjni-all/1.8/leveldbjni-all-1.8.jar:/home/user/.m2/repository/org/apache/ratis/ratis-server/1.1.0-913f5a4-SNAPSHOT/ratis-server-1.1.0-913f5a4-SNAPSHOT.jar:/home/user/.m2/repository/org/apache/ratis/ratis-client/1.1.0-913f5a4-SNAPSHOT/ratis-client-1.1.0-913f5a4-SNAPSHOT.jar:/home/user/.m2/repository/org/apache/ratis/ratis-metrics/1.1.0-913f5a4-SNAPSHOT/ratis-metrics-1.1.0-913f5a4-SNAPSHOT.jar:/home/user/.m2/repository/org/apache/ratis/ratis-netty/1.1.0-913f5a4-SNAPSHOT/ratis-netty-1.1.0-913f5a4-SNAPSHOT.jar:/home/user/.m2/repository/org/apache/ratis/ratis-grpc/1.1.0-913f5a4-SNAPSHOT/ratis-grpc-1.1.0-913f5a4-SNAPSHOT.jar:/home/user/.m2/repository/org/apache/logging/log4j/log4j-api/2.13.3/log4j-api-2.13.3.jar:/home/user/.m2/repository/org/apache/logging/log4j/log4j-core/2.13.3/log4j-core-2.13.3.jar:/home/user/.m2/repository/com/lmax/disruptor/3.4.2/disruptor-3.4.2.jar:/home/user/.m2/repository/org/apache/commons/commons-pool2/2.6.0/commons-pool2-2.6.0.jar:/home/user/.m2/repository/org/bouncycastle/bcpkix-jdk15on/1.60/bcpkix-jdk15on-1.60.jar:/home/user/.m2/repository/commons-validator/commons-validator/1.6/commons-validator-1.6.jar:/home/user/.m2/repository/commons-beanutils/commons-beanutils/1.9.4/commons-beanutils-1.9.4.jar:/home/user/.m2/repository/commons-digester/commons-digester/1.8.1/commons-digester-1.8.1.jar:/home/user/.m2/repository/commons-collections/commons-collections/3.2.2/commons-collections-3.2.2.jar:/home/user/.m2/repository/io/jaegertracing/jaeger-client/1.2.0/jaeger-client-1.2.0.jar:/home/user/.m2/repository/io/jaegertracing/jaeger-thrift/1.2.0/jaeger-thrift-1.2.0.jar:/home/user/.m2/repository/org/apache/thrift/libthrift/0.13.0/libthrift-0.13.0.jar:/home/user/.m2/repository/com/squareup/okhttp3/okhttp/4.2.2/okhttp-4.2.2.jar:/home/user/.m2/repository/com/squareup/okio/okio/2.2.2/okio-2.2.2.jar:/home/user/.m2/repository/org/jetbrains/kotlin/kotlin-stdlib/1.3.50/kotlin-stdlib-1.3.50.jar:/home/user/.m2/repository/org/jetbrains/kotlin/kotlin-stdlib-common/1.3.50/kotlin-stdlib-common-1.3.50.jar:/home/user/.m2/repository/org/jetbrains/annotations/13.0/annotations-13.0.jar:/home/user/.m2/repository/io/jaegertracing/jaeger-core/1.2.0/jaeger-core-1.2.0.jar:/home/user/.m2/repository/io/jaegertracing/jaeger-tracerresolver/1.2.0/jaeger-tracerresolver-1.2.0.jar:/home/user/.m2/repository/io/opentracing/contrib/opentracing-tracerresolver/0.1.8/opentracing-tracerresolver-0.1.8.jar:/home/user/.m2/repository/io/opentracing/opentracing-util/0.33.0/opentracing-util-0.33.0.jar:/home/user/.m2/repository/io/opentracing/opentracing-api/0.33.0/opentracing-api-0.33.0.jar:/home/user/.m2/repository/io/opentracing/opentracing-noop/0.33.0/opentracing-noop-0.33.0.jar:/home/user/.m2/repository/org/yaml/snakeyaml/1.26/snakeyaml-1.26.jar:/home/user/.m2/repository/junit/junit/4.11/junit-4.11.jar:/home/user/.m2/repository/org/hamcrest/hamcrest-core/1.3/hamcrest-core-1.3.jar:/home/user/.m2/repository/org/openjdk/jmh/jmh-core/1.19/jmh-core-1.19.jar:/home/user/.m2/repository/net/sf/jopt-simple/jopt-simple/4.6/jopt-simple-4.6.jar:/home/user/.m2/repository/org/apache/commons/commons-math3/3.1.1/commons-math3-3.1.1.jar:/home/user/.m2/repository/org/openjdk/jmh/jmh-generator-annprocess/1.19/jmh-generator-annprocess-1.19.jar:/home/user/.m2/repository/org/mockito/mockito-all/1.8.5/mockito-all-1.8.5.jar:/home/user/.m2/repository/org/apache/hadoop/hadoop-kms/3.2.1/hadoop-kms-3.2.1.jar:/home/user/.m2/repository/org/apache/hadoop/hadoop-auth/3.2.1/hadoop-auth-3.2.1.jar:/home/user/.m2/repository/com/nimbusds/nimbus-jose-jwt/7.9/nimbus-jose-jwt-7.9.jar:/home/user/.m2/repository/com/github/stephenc/jcip/jcip-annotations/1.0-1/jcip-annotations-1.0-1.jar:/home/user/.m2/repository/net/minidev/json-smart/2.3/json-smart-2.3.jar:/home/user/.m2/repository/net/minidev/accessors-smart/1.2/accessors-smart-1.2.jar:/home/user/.m2/repository/org/ow2/asm/asm/5.0.4/asm-5.0.4.jar:/home/user/.m2/repository/org/apache/zookeeper/zookeeper/3.4.13/zookeeper-3.4.13.jar:/home/user/.m2/repository/org/apache/yetus/audience-annotations/0.5.0/audience-annotations-0.5.0.jar:/home/user/.m2/repository/org/apache/curator/curator-framework/2.13.0/curator-framework-2.13.0.jar:/home/user/.m2/repository/com/sun/jersey/jersey-core/1.19/jersey-core-1.19.jar:/home/user/.m2/repository/javax/ws/rs/jsr311-api/1.1.1/jsr311-api-1.1.1.jar:/home/user/.m2/repository/com/sun/jersey/jersey-server/1.19/jersey-server-1.19.jar:/home/user/.m2/repository/javax/servlet/javax.servlet-api/3.1.0/javax.servlet-api-3.1.0.jar:/home/user/.m2/repository/org/eclipse/jetty/jetty-server/9.4.34.v20201102/jetty-server-9.4.34.v20201102.jar:/home/user/.m2/repository/org/eclipse/jetty/jetty-http/9.4.34.v20201102/jetty-http-9.4.34.v20201102.jar:/home/user/.m2/repository/org/eclipse/jetty/jetty-io/9.4.34.v20201102/jetty-io-9.4.34.v20201102.jar:/home/user/.m2/repository/org/eclipse/jetty/jetty-webapp/9.4.34.v20201102/jetty-webapp-9.4.34.v20201102.jar:/home/user/.m2/repository/org/eclipse/jetty/jetty-xml/9.4.34.v20201102/jetty-xml-9.4.34.v20201102.jar:/home/user/.m2/repository/org/apache/hadoop/hadoop-common/3.2.1/hadoop-common-3.2.1.jar:/home/user/.m2/repository/commons-net/commons-net/3.6/commons-net-3.6.jar:/home/user/.m2/repository/com/sun/jersey/jersey-servlet/1.19/jersey-servlet-1.19.jar:/home/user/.m2/repository/com/sun/jersey/jersey-json/1.19/jersey-json-1.19.jar:/home/user/.m2/repository/org/codehaus/jettison/jettison/1.1/jettison-1.1.jar:/home/user/.m2/repository/org/codehaus/jackson/jackson-jaxrs/1.9.2/jackson-jaxrs-1.9.2.jar:/home/user/.m2/repository/org/codehaus/jackson/jackson-xc/1.9.2/jackson-xc-1.9.2.jar:/home/user/.m2/repository/org/apache/commons/commons-configuration2/2.1.1/commons-configuration2-2.1.1.jar:/home/user/.m2/repository/org/apache/commons/commons-text/1.4/commons-text-1.4.jar:/home/user/.m2/repository/com/google/re2j/re2j/1.1/re2j-1.1.jar:/home/user/.m2/repository/com/jcraft/jsch/0.1.54/jsch-0.1.54.jar:/home/user/.m2/repository/org/apache/curator/curator-client/2.13.0/curator-client-2.13.0.jar:/home/user/.m2/repository/org/apache/curator/curator-recipes/2.13.0/curator-recipes-2.13.0.jar:/home/user/.m2/repository/dnsjava/dnsjava/2.1.7/dnsjava-2.1.7.jar:/home/user/.m2/repository/org/slf4j/jul-to-slf4j/1.7.30/jul-to-slf4j-1.7.30.jar:/home/user/.m2/repository/org/eclipse/jetty/jetty-util/9.4.34.v20201102/jetty-util-9.4.34.v20201102.jar:/home/user/.m2/repository/com/fasterxml/jackson/core/jackson-databind/2.10.3/jackson-databind-2.10.3.jar:/home/user/.m2/repository/org/apache/hadoop/hadoop-kms/3.2.1/hadoop-kms-3.2.1-tests.jar:/home/user/.m2/repository/org/apache/hadoop/hadoop-hdds-server-scm/1.1.0-SNAPSHOT/hadoop-hdds-server-scm-1.1.0-SNAPSHOT-tests.jar:/home/user/.m2/repository/org/apache/hadoop/hadoop-hdds-container-service/1.1.0-SNAPSHOT/hadoop-hdds-container-service-1.1.0-SNAPSHOT-tests.jar:/home/user/.m2/repository/commons-codec/commons-codec/1.11/commons-codec-1.11.jar:/home/user/.m2/repository/org/apache/hadoop/hadoop-hdds-hadoop-dependency-test/1.1.0-SNAPSHOT/hadoop-hdds-hadoop-dependency-test-1.1.0-SNAPSHOT.jar:/home/user/.m2/repository/org/apache/hadoop/hadoop-common/3.2.1/hadoop-common-3.2.1-tests.jar:/home/user/.m2/repository/org/apache/hadoop/hadoop-hdfs/3.2.1/hadoop-hdfs-3.2.1-tests.jar:/home/user/.m2/repository/org/eclipse/jetty/jetty-util-ajax/9.4.34.v20201102/jetty-util-ajax-9.4.34.v20201102.jar:/home/user/.m2/repository/commons-daemon/commons-daemon/1.0.13/commons-daemon-1.0.13.jar:/home/user/.m2/repository/io/netty/netty/3.10.5.Final/netty-3.10.5.Final.jar:/home/user/.m2/repository/io/netty/netty-all/4.1.48.Final/netty-all-4.1.48.Final.jar:/home/user/.m2/repository/org/apache/htrace/htrace-core4/4.1.0-incubating/htrace-core4-4.1.0-incubating.jar:/home/user/.m2/repository/org/apache/hadoop/hadoop-distcp/3.2.1/hadoop-distcp-3.2.1.jar:/home/user/.m2/repository/org/apache/hadoop/hadoop-mapreduce-client-jobclient/3.2.1/hadoop-mapreduce-client-jobclient-3.2.1.jar:/home/user/.m2/repository/org/apache/hadoop/hadoop-mapreduce-client-common/3.2.1/hadoop-mapreduce-client-common-3.2.1.jar:/home/user/.m2/repository/org/apache/hadoop/hadoop-yarn-common/3.2.1/hadoop-yarn-common-3.2.1.jar:/home/user/.m2/repository/org/apache/hadoop/hadoop-yarn-api/3.2.1/hadoop-yarn-api-3.2.1.jar:/home/user/.m2/repository/com/sun/jersey/jersey-client/1.19/jersey-client-1.19.jar:/home/user/.m2/repository/com/sun/jersey/contribs/jersey-guice/1.19/jersey-guice-1.19.jar:/home/user/.m2/repository/com/fasterxml/jackson/jaxrs/jackson-jaxrs-json-provider/2.10.3/jackson-jaxrs-json-provider-2.10.3.jar:/home/user/.m2/repository/com/fasterxml/jackson/jaxrs/jackson-jaxrs-base/2.10.3/jackson-jaxrs-base-2.10.3.jar:/home/user/.m2/repository/org/apache/hadoop/hadoop-yarn-client/3.2.1/hadoop-yarn-client-3.2.1.jar:/home/user/.m2/repository/org/apache/hadoop/hadoop-mapreduce-client-core/3.2.1/hadoop-mapreduce-client-core-3.2.1.jar:/home/user/.m2/repository/org/apache/avro/avro/1.7.7/avro-1.7.7.jar:/home/user/.m2/repository/org/codehaus/jackson/jackson-core-asl/1.9.13/jackson-core-asl-1.9.13.jar:/home/user/.m2/repository/org/codehaus/jackson/jackson-mapper-asl/1.9.13/jackson-mapper-asl-1.9.13.jar:/home/user/.m2/repository/com/thoughtworks/paranamer/paranamer/2.3/paranamer-2.3.jar:/home/user/.m2/repository/org/xerial/snappy/snappy-java/1.0.5/snappy-java-1.0.5.jar:/home/user/.m2/repository/org/apache/hadoop/hadoop-annotations/3.2.1/hadoop-annotations-3.2.1.jar:/usr/lib/jvm/java-1.8.0-openjdk-1.8.0.232.b09-0.el7_7.x86_64/jre/../lib/tools.jar:/home/user/.m2/repository/org/apache/hadoop/hadoop-distcp/3.2.1/hadoop-distcp-3.2.1-tests.jar:"/>
    <property name="java.vm.vendor" value="Oracle Corporation"/>
    <property name="sun.arch.data.model" value="64"/>
    <property name="test.build.dir" value="/github/workspace/mnt/ozone/hadoop-ozone/integration-test/target/test-dir"/>
    <property name="test.cache.data" value=""/>
    <property name="java.vendor.url" value="http://java.oracle.com/"/>
    <property name="user.timezone" value=""/>
    <property name="java.vm.specification.version" value="1.8"/>
    <property name="os.name" value="Linux"/>
    <property name="test.build.data" value="/github/workspace/mnt/ozone/hadoop-ozone/integration-test/target/test-dir"/>
    <property name="user.country" value="US"/>
    <property name="sun.java.launcher" value="SUN_STANDARD"/>
    <property name="sun.boot.library.path" value="/usr/lib/jvm/java-1.8.0-openjdk-1.8.0.232.b09-0.el7_7.x86_64/jre/lib/amd64"/>
    <property name="sun.java.command" value="/github/workspace/mnt/ozone/hadoop-ozone/integration-test/target/surefire/surefirebooter4002882242863284338.jar /github/workspace/mnt/ozone/hadoop-ozone/integration-test/target/surefire 2020-12-20T13-03-23_272-jvmRun1 surefire1211547521812039840tmp surefire_66308904387460846242tmp"/>
    <property name="surefire.test.class.path" value="/github/workspace/mnt/ozone/hadoop-ozone/integration-test/target/test-classes:/github/workspace/mnt/ozone/hadoop-ozone/integration-test/target/classes:/home/user/.m2/repository/org/apache/hadoop/hadoop-ozone-common/1.1.0-SNAPSHOT/hadoop-ozone-common-1.1.0-SNAPSHOT.jar:/home/user/.m2/repository/org/apache/commons/commons-compress/1.4.1/commons-compress-1.4.1.jar:/home/user/.m2/repository/org/tukaani/xz/1.0/xz-1.0.jar:/home/user/.m2/repository/org/apache/hadoop/hadoop-hdds-common/1.1.0-SNAPSHOT/hadoop-hdds-common-1.1.0-SNAPSHOT.jar:/home/user/.m2/repository/org/apache/hadoop/hadoop-hdds-client/1.1.0-SNAPSHOT/hadoop-hdds-client-1.1.0-SNAPSHOT.jar:/home/user/.m2/repository/org/apache/hadoop/hadoop-ozone-interface-client/1.1.0-SNAPSHOT/hadoop-ozone-interface-client-1.1.0-SNAPSHOT.jar:/home/user/.m2/repository/org/apache/hadoop/hadoop-hdds-test-utils/1.1.0-SNAPSHOT/hadoop-hdds-test-utils-1.1.0-SNAPSHOT.jar:/home/user/.m2/repository/com/google/guava/guava/28.2-jre/guava-28.2-jre.jar:/home/user/.m2/repository/com/google/guava/failureaccess/1.0.1/failureaccess-1.0.1.jar:/home/user/.m2/repository/com/google/guava/listenablefuture/9999.0-empty-to-avoid-conflict-with-guava/listenablefuture-9999.0-empty-to-avoid-conflict-with-guava.jar:/home/user/.m2/repository/com/google/code/findbugs/jsr305/3.0.0/jsr305-3.0.0.jar:/home/user/.m2/repository/org/checkerframework/checker-qual/2.10.0/checker-qual-2.10.0.jar:/home/user/.m2/repository/com/google/errorprone/error_prone_annotations/2.2.0/error_prone_annotations-2.2.0.jar:/home/user/.m2/repository/com/google/j2objc/j2objc-annotations/1.3/j2objc-annotations-1.3.jar:/home/user/.m2/repository/commons-io/commons-io/2.5/commons-io-2.5.jar:/home/user/.m2/repository/commons-logging/commons-logging/1.2/commons-logging-1.2.jar:/home/user/.m2/repository/log4j/log4j/1.2.17/log4j-1.2.17.jar:/home/user/.m2/repository/org/slf4j/slf4j-api/1.7.30/slf4j-api-1.7.30.jar:/home/user/.m2/repository/org/apache/hadoop/hadoop-hdds-server-scm/1.1.0-SNAPSHOT/hadoop-hdds-server-scm-1.1.0-SNAPSHOT.jar:/home/user/.m2/repository/org/apache/hadoop/hadoop-hdds-container-service/1.1.0-SNAPSHOT/hadoop-hdds-container-service-1.1.0-SNAPSHOT.jar:/home/user/.m2/repository/org/apache/hadoop/hadoop-hdds-hadoop-dependency-server/1.1.0-SNAPSHOT/hadoop-hdds-hadoop-dependency-server-1.1.0-SNAPSHOT.jar:/home/user/.m2/repository/org/apache/hadoop/hadoop-hdfs/3.2.1/hadoop-hdfs-3.2.1.jar:/home/user/.m2/repository/org/apache/hadoop/hadoop-hdds-server-framework/1.1.0-SNAPSHOT/hadoop-hdds-server-framework-1.1.0-SNAPSHOT.jar:/home/user/.m2/repository/org/apache/hadoop/hadoop-hdds-interface-server/1.1.0-SNAPSHOT/hadoop-hdds-interface-server-1.1.0-SNAPSHOT.jar:/home/user/.m2/repository/org/apache/hadoop/hadoop-hdds-interface-admin/1.1.0-SNAPSHOT/hadoop-hdds-interface-admin-1.1.0-SNAPSHOT.jar:/home/user/.m2/repository/org/eclipse/jetty/jetty-servlet/9.4.34.v20201102/jetty-servlet-9.4.34.v20201102.jar:/home/user/.m2/repository/org/eclipse/jetty/jetty-security/9.4.34.v20201102/jetty-security-9.4.34.v20201102.jar:/home/user/.m2/repository/org/rocksdb/rocksdbjni/6.8.1/rocksdbjni-6.8.1.jar:/home/user/.m2/repository/io/prometheus/simpleclient_dropwizard/0.7.0/simpleclient_dropwizard-0.7.0.jar:/home/user/.m2/repository/io/prometheus/simpleclient/0.7.0/simpleclient-0.7.0.jar:/home/user/.m2/repository/io/prometheus/simpleclient_common/0.7.0/simpleclient_common-0.7.0.jar:/home/user/.m2/repository/com/fasterxml/jackson/datatype/jackson-datatype-jsr310/2.10.3/jackson-datatype-jsr310-2.10.3.jar:/home/user/.m2/repository/io/dropwizard/metrics/metrics-core/3.2.4/metrics-core-3.2.4.jar:/home/user/.m2/repository/org/apache/hadoop/hadoop-hdfs-client/3.2.1/hadoop-hdfs-client-3.2.1.jar:/home/user/.m2/repository/org/bouncycastle/bcprov-jdk15on/1.60/bcprov-jdk15on-1.60.jar:/home/user/.m2/repository/org/apache/hadoop/hadoop-ozone-ozone-manager/1.1.0-SNAPSHOT/hadoop-ozone-ozone-manager-1.1.0-SNAPSHOT.jar:/home/user/.m2/repository/org/apache/hadoop/hadoop-hdds-interface-client/1.1.0-SNAPSHOT/hadoop-hdds-interface-client-1.1.0-SNAPSHOT.jar:/home/user/.m2/repository/org/apache/ratis/ratis-thirdparty-misc/0.6.0-SNAPSHOT/ratis-thirdparty-misc-0.6.0-SNAPSHOT.jar:/home/user/.m2/repository/org/apache/hadoop/hadoop-ozone-interface-storage/1.1.0-SNAPSHOT/hadoop-ozone-interface-storage-1.1.0-SNAPSHOT.jar:/home/user/.m2/repository/org/apache/hadoop/hadoop-minikdc/3.2.1/hadoop-minikdc-3.2.1.jar:/home/user/.m2/repository/org/apache/kerby/kerb-simplekdc/1.0.1/kerb-simplekdc-1.0.1.jar:/home/user/.m2/repository/org/apache/kerby/kerb-client/1.0.1/kerb-client-1.0.1.jar:/home/user/.m2/repository/org/apache/kerby/kerby-config/1.0.1/kerby-config-1.0.1.jar:/home/user/.m2/repository/org/apache/kerby/kerb-core/1.0.1/kerb-core-1.0.1.jar:/home/user/.m2/repository/org/apache/kerby/kerby-pkix/1.0.1/kerby-pkix-1.0.1.jar:/home/user/.m2/repository/org/apache/kerby/kerby-asn1/1.0.1/kerby-asn1-1.0.1.jar:/home/user/.m2/repository/org/apache/kerby/kerby-util/1.0.1/kerby-util-1.0.1.jar:/home/user/.m2/repository/org/apache/kerby/kerb-common/1.0.1/kerb-common-1.0.1.jar:/home/user/.m2/repository/org/apache/kerby/kerb-crypto/1.0.1/kerb-crypto-1.0.1.jar:/home/user/.m2/repository/org/apache/kerby/kerb-util/1.0.1/kerb-util-1.0.1.jar:/home/user/.m2/repository/org/apache/kerby/token-provider/1.0.1/token-provider-1.0.1.jar:/home/user/.m2/repository/org/apache/kerby/kerb-admin/1.0.1/kerb-admin-1.0.1.jar:/home/user/.m2/repository/org/apache/kerby/kerb-server/1.0.1/kerb-server-1.0.1.jar:/home/user/.m2/repository/org/apache/kerby/kerb-identity/1.0.1/kerb-identity-1.0.1.jar:/home/user/.m2/repository/org/apache/kerby/kerby-xdr/1.0.1/kerby-xdr-1.0.1.jar:/home/user/.m2/repository/org/slf4j/slf4j-log4j12/1.7.30/slf4j-log4j12-1.7.30.jar:/home/user/.m2/repository/org/apache/hadoop/hadoop-ozone-s3gateway/1.1.0-SNAPSHOT/hadoop-ozone-s3gateway-1.1.0-SNAPSHOT.jar:/home/user/.m2/repository/org/jboss/weld/servlet/weld-servlet/2.4.7.Final/weld-servlet-2.4.7.Final.jar:/home/user/.m2/repository/org/glassfish/jersey/containers/jersey-container-servlet-core/2.27/jersey-container-servlet-core-2.27.jar:/home/user/.m2/repository/org/glassfish/hk2/external/javax.inject/2.5.0-b42/javax.inject-2.5.0-b42.jar:/home/user/.m2/repository/org/glassfish/jersey/core/jersey-common/2.27/jersey-common-2.27.jar:/home/user/.m2/repository/org/glassfish/hk2/osgi-resource-locator/1.0.1/osgi-resource-locator-1.0.1.jar:/home/user/.m2/repository/javax/ws/rs/javax.ws.rs-api/2.1/javax.ws.rs-api-2.1.jar:/home/user/.m2/repository/org/glassfish/jersey/ext/cdi/jersey-cdi1x/2.27/jersey-cdi1x-2.27.jar:/home/user/.m2/repository/org/glassfish/jersey/inject/jersey-hk2/2.27/jersey-hk2-2.27.jar:/home/user/.m2/repository/org/glassfish/hk2/hk2-locator/2.5.0-b42/hk2-locator-2.5.0-b42.jar:/home/user/.m2/repository/org/javassist/javassist/3.22.0-CR2/javassist-3.22.0-CR2.jar:/home/user/.m2/repository/org/glassfish/hk2/hk2-api/2.5.0/hk2-api-2.5.0.jar:/home/user/.m2/repository/org/glassfish/hk2/external/jakarta.inject/2.5.0/jakarta.inject-2.5.0.jar:/home/user/.m2/repository/org/glassfish/hk2/hk2-utils/2.5.0/hk2-utils-2.5.0.jar:/home/user/.m2/repository/jakarta/annotation/jakarta.annotation-api/1.3.4/jakarta.annotation-api-1.3.4.jar:/home/user/.m2/repository/org/glassfish/hk2/external/aopalliance-repackaged/2.5.0/aopalliance-repackaged-2.5.0.jar:/home/user/.m2/repository/com/fasterxml/jackson/dataformat/jackson-dataformat-xml/2.10.3/jackson-dataformat-xml-2.10.3.jar:/home/user/.m2/repository/com/fasterxml/jackson/core/jackson-core/2.10.3/jackson-core-2.10.3.jar:/home/user/.m2/repository/com/fasterxml/jackson/module/jackson-module-jaxb-annotations/2.10.3/jackson-module-jaxb-annotations-2.10.3.jar:/home/user/.m2/repository/jakarta/xml/bind/jakarta.xml.bind-api/2.3.2/jakarta.xml.bind-api-2.3.2.jar:/home/user/.m2/repository/jakarta/activation/jakarta.activation-api/1.2.1/jakarta.activation-api-1.2.1.jar:/home/user/.m2/repository/org/codehaus/woodstox/stax2-api/3.1.4/stax2-api-3.1.4.jar:/home/user/.m2/repository/com/fasterxml/woodstox/woodstox-core/5.0.3/woodstox-core-5.0.3.jar:/home/user/.m2/repository/javax/enterprise/cdi-api/1.2/cdi-api-1.2.jar:/home/user/.m2/repository/javax/el/javax.el-api/3.0.0/javax.el-api-3.0.0.jar:/home/user/.m2/repository/javax/interceptor/javax.interceptor-api/1.2/javax.interceptor-api-1.2.jar:/home/user/.m2/repository/javax/inject/javax.inject/1/javax.inject-1.jar:/home/user/.m2/repository/com/sun/xml/bind/jaxb-impl/2.3.0.1/jaxb-impl-2.3.0.1.jar:/home/user/.m2/repository/com/sun/xml/bind/jaxb-core/2.3.0.1/jaxb-core-2.3.0.1.jar:/home/user/.m2/repository/javax/xml/bind/jaxb-api/2.3.0/jaxb-api-2.3.0.jar:/home/user/.m2/repository/javax/activation/activation/1.1.1/activation-1.1.1.jar:/home/user/.m2/repository/org/apache/hadoop/hadoop-ozone-csi/1.1.0-SNAPSHOT/hadoop-ozone-csi-1.1.0-SNAPSHOT.jar:/home/user/.m2/repository/com/google/protobuf/protobuf-java-util/3.11.0/protobuf-java-util-3.11.0.jar:/home/user/.m2/repository/com/google/code/gson/gson/2.2.4/gson-2.2.4.jar:/home/user/.m2/repository/org/apache/hadoop/hadoop-hdds-config/1.1.0-SNAPSHOT/hadoop-hdds-config-1.1.0-SNAPSHOT.jar:/home/user/.m2/repository/com/google/protobuf/protobuf-java/2.5.0/protobuf-java-2.5.0.jar:/home/user/.m2/repository/io/grpc/grpc-netty/1.29.0/grpc-netty-1.29.0.jar:/home/user/.m2/repository/io/grpc/grpc-core/1.29.0/grpc-core-1.29.0.jar:/home/user/.m2/repository/com/google/android/annotations/4.1.1.4/annotations-4.1.1.4.jar:/home/user/.m2/repository/io/perfmark/perfmark-api/0.19.0/perfmark-api-0.19.0.jar:/home/user/.m2/repository/io/netty/netty-codec-http2/4.1.48.Final/netty-codec-http2-4.1.48.Final.jar:/home/user/.m2/repository/io/netty/netty-codec/4.1.48.Final/netty-codec-4.1.48.Final.jar:/home/user/.m2/repository/io/netty/netty-handler/4.1.48.Final/netty-handler-4.1.48.Final.jar:/home/user/.m2/repository/io/netty/netty-codec-http/4.1.48.Final/netty-codec-http-4.1.48.Final.jar:/home/user/.m2/repository/io/netty/netty-handler-proxy/4.1.48.Final/netty-handler-proxy-4.1.48.Final.jar:/home/user/.m2/repository/io/netty/netty-codec-socks/4.1.48.Final/netty-codec-socks-4.1.48.Final.jar:/home/user/.m2/repository/io/netty/netty-transport-native-epoll/4.1.48.Final/netty-transport-native-epoll-4.1.48.Final.jar:/home/user/.m2/repository/io/netty/netty-common/4.1.48.Final/netty-common-4.1.48.Final.jar:/home/user/.m2/repository/io/netty/netty-buffer/4.1.48.Final/netty-buffer-4.1.48.Final.jar:/home/user/.m2/repository/io/netty/netty-transport/4.1.48.Final/netty-transport-4.1.48.Final.jar:/home/user/.m2/repository/io/netty/netty-resolver/4.1.48.Final/netty-resolver-4.1.48.Final.jar:/home/user/.m2/repository/io/netty/netty-transport-native-unix-common/4.1.48.Final/netty-transport-native-unix-common-4.1.48.Final.jar:/home/user/.m2/repository/io/grpc/grpc-protobuf/1.29.0/grpc-protobuf-1.29.0.jar:/home/user/.m2/repository/io/grpc/grpc-api/1.29.0/grpc-api-1.29.0.jar:/home/user/.m2/repository/io/grpc/grpc-context/1.29.0/grpc-context-1.29.0.jar:/home/user/.m2/repository/org/codehaus/mojo/animal-sniffer-annotations/1.18/animal-sniffer-annotations-1.18.jar:/home/user/.m2/repository/com/google/api/grpc/proto-google-common-protos/1.17.0/proto-google-common-protos-1.17.0.jar:/home/user/.m2/repository/io/grpc/grpc-protobuf-lite/1.29.0/grpc-protobuf-lite-1.29.0.jar:/home/user/.m2/repository/io/grpc/grpc-stub/1.29.0/grpc-stub-1.29.0.jar:/home/user/.m2/repository/org/apache/hadoop/hadoop-ozone-recon/1.1.0-SNAPSHOT/hadoop-ozone-recon-1.1.0-SNAPSHOT.jar:/home/user/.m2/repository/org/apache/hadoop/hadoop-ozone-reconcodegen/1.1.0-SNAPSHOT/hadoop-ozone-reconcodegen-1.1.0-SNAPSHOT.jar:/home/user/.m2/repository/com/google/inject/extensions/guice-multibindings/4.0/guice-multibindings-4.0.jar:/home/user/.m2/repository/com/google/inject/guice/4.0/guice-4.0.jar:/home/user/.m2/repository/aopalliance/aopalliance/1.0/aopalliance-1.0.jar:/home/user/.m2/repository/com/google/inject/extensions/guice-assistedinject/4.0/guice-assistedinject-4.0.jar:/home/user/.m2/repository/com/google/inject/extensions/guice-servlet/4.0/guice-servlet-4.0.jar:/home/user/.m2/repository/org/glassfish/jersey/containers/jersey-container-servlet/2.27/jersey-container-servlet-2.27.jar:/home/user/.m2/repository/org/glassfish/hk2/guice-bridge/2.5.0/guice-bridge-2.5.0.jar:/home/user/.m2/repository/org/glassfish/jersey/core/jersey-server/2.27/jersey-server-2.27.jar:/home/user/.m2/repository/org/glassfish/jersey/core/jersey-client/2.27/jersey-client-2.27.jar:/home/user/.m2/repository/org/glassfish/jersey/media/jersey-media-jaxb/2.27/jersey-media-jaxb-2.27.jar:/home/user/.m2/repository/javax/validation/validation-api/1.1.0.Final/validation-api-1.1.0.Final.jar:/home/user/.m2/repository/org/glassfish/jersey/media/jersey-media-json-jackson/2.27/jersey-media-json-jackson-2.27.jar:/home/user/.m2/repository/org/glassfish/jersey/ext/jersey-entity-filtering/2.27/jersey-entity-filtering-2.27.jar:/home/user/.m2/repository/org/jooq/jooq/3.11.10/jooq-3.11.10.jar:/home/user/.m2/repository/org/jooq/jooq-meta/3.11.10/jooq-meta-3.11.10.jar:/home/user/.m2/repository/org/jooq/jooq-codegen/3.11.10/jooq-codegen-3.11.10.jar:/home/user/.m2/repository/com/jolbox/bonecp/0.8.0.RELEASE/bonecp-0.8.0.RELEASE.jar:/home/user/.m2/repository/org/apache/derby/derby/10.14.2.0/derby-10.14.2.0.jar:/home/user/.m2/repository/org/xerial/sqlite-jdbc/3.25.2/sqlite-jdbc-3.25.2.jar:/home/user/.m2/repository/org/springframework/spring-jdbc/5.2.11.RELEASE/spring-jdbc-5.2.11.RELEASE.jar:/home/user/.m2/repository/org/springframework/spring-beans/5.2.11.RELEASE/spring-beans-5.2.11.RELEASE.jar:/home/user/.m2/repository/org/springframework/spring-core/5.2.11.RELEASE/spring-core-5.2.11.RELEASE.jar:/home/user/.m2/repository/org/springframework/spring-jcl/5.2.11.RELEASE/spring-jcl-5.2.11.RELEASE.jar:/home/user/.m2/repository/org/springframework/spring-tx/5.2.11.RELEASE/spring-tx-5.2.11.RELEASE.jar:/home/user/.m2/repository/org/apache/hadoop/hadoop-ozone-client/1.1.0-SNAPSHOT/hadoop-ozone-client-1.1.0-SNAPSHOT.jar:/home/user/.m2/repository/org/apache/hadoop/hadoop-ozone-filesystem/1.1.0-SNAPSHOT/hadoop-ozone-filesystem-1.1.0-SNAPSHOT.jar:/home/user/.m2/repository/org/apache/hadoop/hadoop-ozone-filesystem-common/1.1.0-SNAPSHOT/hadoop-ozone-filesystem-common-1.1.0-SNAPSHOT.jar:/home/user/.m2/repository/org/apache/hadoop/hadoop-ozone-tools/1.1.0-SNAPSHOT/hadoop-ozone-tools-1.1.0-SNAPSHOT.jar:/home/user/.m2/repository/org/apache/ratis/ratis-tools/1.1.0-913f5a4-SNAPSHOT/ratis-tools-1.1.0-913f5a4-SNAPSHOT.jar:/home/user/.m2/repository/org/apache/ratis/ratis-proto/1.1.0-913f5a4-SNAPSHOT/ratis-proto-1.1.0-913f5a4-SNAPSHOT.jar:/home/user/.m2/repository/org/apache/ratis/ratis-common/1.1.0-913f5a4-SNAPSHOT/ratis-common-1.1.0-913f5a4-SNAPSHOT.jar:/home/user/.m2/repository/com/amazonaws/aws-java-sdk-core/1.11.901/aws-java-sdk-core-1.11.901.jar:/home/user/.m2/repository/org/apache/httpcomponents/httpclient/4.5.13/httpclient-4.5.13.jar:/home/user/.m2/repository/org/apache/httpcomponents/httpcore/4.4.13/httpcore-4.4.13.jar:/home/user/.m2/repository/software/amazon/ion/ion-java/1.0.2/ion-java-1.0.2.jar:/home/user/.m2/repository/com/fasterxml/jackson/dataformat/jackson-dataformat-cbor/2.10.3/jackson-dataformat-cbor-2.10.3.jar:/home/user/.m2/repository/joda-time/joda-time/2.8.1/joda-time-2.8.1.jar:/home/user/.m2/repository/com/amazonaws/aws-java-sdk-s3/1.11.901/aws-java-sdk-s3-1.11.901.jar:/home/user/.m2/repository/com/amazonaws/aws-java-sdk-kms/1.11.901/aws-java-sdk-kms-1.11.901.jar:/home/user/.m2/repository/com/amazonaws/jmespath-java/1.11.901/jmespath-java-1.11.901.jar:/home/user/.m2/repository/org/kohsuke/metainf-services/metainf-services/1.8/metainf-services-1.8.jar:/home/user/.m2/repository/org/apache/hadoop/hadoop-hdds-tools/1.1.0-SNAPSHOT/hadoop-hdds-tools-1.1.0-SNAPSHOT.jar:/home/user/.m2/repository/commons-cli/commons-cli/1.2/commons-cli-1.2.jar:/home/user/.m2/repository/org/apache/commons/commons-lang3/3.7/commons-lang3-3.7.jar:/home/user/.m2/repository/org/apache/hadoop/hadoop-ozone-ozone-manager/1.1.0-SNAPSHOT/hadoop-ozone-ozone-manager-1.1.0-SNAPSHOT-tests.jar:/home/user/.m2/repository/org/apache/hadoop/hadoop-hdds-common/1.1.0-SNAPSHOT/hadoop-hdds-common-1.1.0-SNAPSHOT-tests.jar:/home/user/.m2/repository/org/apache/hadoop/hadoop-hdds-hadoop-dependency-client/1.1.0-SNAPSHOT/hadoop-hdds-hadoop-dependency-client-1.1.0-SNAPSHOT.jar:/home/user/.m2/repository/info/picocli/picocli/4.4.0/picocli-4.4.0.jar:/home/user/.m2/repository/com/fasterxml/jackson/core/jackson-annotations/2.10.3/jackson-annotations-2.10.3.jar:/home/user/.m2/repository/javax/annotation/javax.annotation-api/1.2/javax.annotation-api-1.2.jar:/home/user/.m2/repository/org/fusesource/leveldbjni/leveldbjni-all/1.8/leveldbjni-all-1.8.jar:/home/user/.m2/repository/org/apache/ratis/ratis-server/1.1.0-913f5a4-SNAPSHOT/ratis-server-1.1.0-913f5a4-SNAPSHOT.jar:/home/user/.m2/repository/org/apache/ratis/ratis-client/1.1.0-913f5a4-SNAPSHOT/ratis-client-1.1.0-913f5a4-SNAPSHOT.jar:/home/user/.m2/repository/org/apache/ratis/ratis-metrics/1.1.0-913f5a4-SNAPSHOT/ratis-metrics-1.1.0-913f5a4-SNAPSHOT.jar:/home/user/.m2/repository/org/apache/ratis/ratis-netty/1.1.0-913f5a4-SNAPSHOT/ratis-netty-1.1.0-913f5a4-SNAPSHOT.jar:/home/user/.m2/repository/org/apache/ratis/ratis-grpc/1.1.0-913f5a4-SNAPSHOT/ratis-grpc-1.1.0-913f5a4-SNAPSHOT.jar:/home/user/.m2/repository/org/apache/logging/log4j/log4j-api/2.13.3/log4j-api-2.13.3.jar:/home/user/.m2/repository/org/apache/logging/log4j/log4j-core/2.13.3/log4j-core-2.13.3.jar:/home/user/.m2/repository/com/lmax/disruptor/3.4.2/disruptor-3.4.2.jar:/home/user/.m2/repository/org/apache/commons/commons-pool2/2.6.0/commons-pool2-2.6.0.jar:/home/user/.m2/repository/org/bouncycastle/bcpkix-jdk15on/1.60/bcpkix-jdk15on-1.60.jar:/home/user/.m2/repository/commons-validator/commons-validator/1.6/commons-validator-1.6.jar:/home/user/.m2/repository/commons-beanutils/commons-beanutils/1.9.4/commons-beanutils-1.9.4.jar:/home/user/.m2/repository/commons-digester/commons-digester/1.8.1/commons-digester-1.8.1.jar:/home/user/.m2/repository/commons-collections/commons-collections/3.2.2/commons-collections-3.2.2.jar:/home/user/.m2/repository/io/jaegertracing/jaeger-client/1.2.0/jaeger-client-1.2.0.jar:/home/user/.m2/repository/io/jaegertracing/jaeger-thrift/1.2.0/jaeger-thrift-1.2.0.jar:/home/user/.m2/repository/org/apache/thrift/libthrift/0.13.0/libthrift-0.13.0.jar:/home/user/.m2/repository/com/squareup/okhttp3/okhttp/4.2.2/okhttp-4.2.2.jar:/home/user/.m2/repository/com/squareup/okio/okio/2.2.2/okio-2.2.2.jar:/home/user/.m2/repository/org/jetbrains/kotlin/kotlin-stdlib/1.3.50/kotlin-stdlib-1.3.50.jar:/home/user/.m2/repository/org/jetbrains/kotlin/kotlin-stdlib-common/1.3.50/kotlin-stdlib-common-1.3.50.jar:/home/user/.m2/repository/org/jetbrains/annotations/13.0/annotations-13.0.jar:/home/user/.m2/repository/io/jaegertracing/jaeger-core/1.2.0/jaeger-core-1.2.0.jar:/home/user/.m2/repository/io/jaegertracing/jaeger-tracerresolver/1.2.0/jaeger-tracerresolver-1.2.0.jar:/home/user/.m2/repository/io/opentracing/contrib/opentracing-tracerresolver/0.1.8/opentracing-tracerresolver-0.1.8.jar:/home/user/.m2/repository/io/opentracing/opentracing-util/0.33.0/opentracing-util-0.33.0.jar:/home/user/.m2/repository/io/opentracing/opentracing-api/0.33.0/opentracing-api-0.33.0.jar:/home/user/.m2/repository/io/opentracing/opentracing-noop/0.33.0/opentracing-noop-0.33.0.jar:/home/user/.m2/repository/org/yaml/snakeyaml/1.26/snakeyaml-1.26.jar:/home/user/.m2/repository/junit/junit/4.11/junit-4.11.jar:/home/user/.m2/repository/org/hamcrest/hamcrest-core/1.3/hamcrest-core-1.3.jar:/home/user/.m2/repository/org/openjdk/jmh/jmh-core/1.19/jmh-core-1.19.jar:/home/user/.m2/repository/net/sf/jopt-simple/jopt-simple/4.6/jopt-simple-4.6.jar:/home/user/.m2/repository/org/apache/commons/commons-math3/3.1.1/commons-math3-3.1.1.jar:/home/user/.m2/repository/org/openjdk/jmh/jmh-generator-annprocess/1.19/jmh-generator-annprocess-1.19.jar:/home/user/.m2/repository/org/mockito/mockito-all/1.8.5/mockito-all-1.8.5.jar:/home/user/.m2/repository/org/apache/hadoop/hadoop-kms/3.2.1/hadoop-kms-3.2.1.jar:/home/user/.m2/repository/org/apache/hadoop/hadoop-auth/3.2.1/hadoop-auth-3.2.1.jar:/home/user/.m2/repository/com/nimbusds/nimbus-jose-jwt/7.9/nimbus-jose-jwt-7.9.jar:/home/user/.m2/repository/com/github/stephenc/jcip/jcip-annotations/1.0-1/jcip-annotations-1.0-1.jar:/home/user/.m2/repository/net/minidev/json-smart/2.3/json-smart-2.3.jar:/home/user/.m2/repository/net/minidev/accessors-smart/1.2/accessors-smart-1.2.jar:/home/user/.m2/repository/org/ow2/asm/asm/5.0.4/asm-5.0.4.jar:/home/user/.m2/repository/org/apache/zookeeper/zookeeper/3.4.13/zookeeper-3.4.13.jar:/home/user/.m2/repository/org/apache/yetus/audience-annotations/0.5.0/audience-annotations-0.5.0.jar:/home/user/.m2/repository/org/apache/curator/curator-framework/2.13.0/curator-framework-2.13.0.jar:/home/user/.m2/repository/com/sun/jersey/jersey-core/1.19/jersey-core-1.19.jar:/home/user/.m2/repository/javax/ws/rs/jsr311-api/1.1.1/jsr311-api-1.1.1.jar:/home/user/.m2/repository/com/sun/jersey/jersey-server/1.19/jersey-server-1.19.jar:/home/user/.m2/repository/javax/servlet/javax.servlet-api/3.1.0/javax.servlet-api-3.1.0.jar:/home/user/.m2/repository/org/eclipse/jetty/jetty-server/9.4.34.v20201102/jetty-server-9.4.34.v20201102.jar:/home/user/.m2/repository/org/eclipse/jetty/jetty-http/9.4.34.v20201102/jetty-http-9.4.34.v20201102.jar:/home/user/.m2/repository/org/eclipse/jetty/jetty-io/9.4.34.v20201102/jetty-io-9.4.34.v20201102.jar:/home/user/.m2/repository/org/eclipse/jetty/jetty-webapp/9.4.34.v20201102/jetty-webapp-9.4.34.v20201102.jar:/home/user/.m2/repository/org/eclipse/jetty/jetty-xml/9.4.34.v20201102/jetty-xml-9.4.34.v20201102.jar:/home/user/.m2/repository/org/apache/hadoop/hadoop-common/3.2.1/hadoop-common-3.2.1.jar:/home/user/.m2/repository/commons-net/commons-net/3.6/commons-net-3.6.jar:/home/user/.m2/repository/com/sun/jersey/jersey-servlet/1.19/jersey-servlet-1.19.jar:/home/user/.m2/repository/com/sun/jersey/jersey-json/1.19/jersey-json-1.19.jar:/home/user/.m2/repository/org/codehaus/jettison/jettison/1.1/jettison-1.1.jar:/home/user/.m2/repository/org/codehaus/jackson/jackson-jaxrs/1.9.2/jackson-jaxrs-1.9.2.jar:/home/user/.m2/repository/org/codehaus/jackson/jackson-xc/1.9.2/jackson-xc-1.9.2.jar:/home/user/.m2/repository/org/apache/commons/commons-configuration2/2.1.1/commons-configuration2-2.1.1.jar:/home/user/.m2/repository/org/apache/commons/commons-text/1.4/commons-text-1.4.jar:/home/user/.m2/repository/com/google/re2j/re2j/1.1/re2j-1.1.jar:/home/user/.m2/repository/com/jcraft/jsch/0.1.54/jsch-0.1.54.jar:/home/user/.m2/repository/org/apache/curator/curator-client/2.13.0/curator-client-2.13.0.jar:/home/user/.m2/repository/org/apache/curator/curator-recipes/2.13.0/curator-recipes-2.13.0.jar:/home/user/.m2/repository/dnsjava/dnsjava/2.1.7/dnsjava-2.1.7.jar:/home/user/.m2/repository/org/slf4j/jul-to-slf4j/1.7.30/jul-to-slf4j-1.7.30.jar:/home/user/.m2/repository/org/eclipse/jetty/jetty-util/9.4.34.v20201102/jetty-util-9.4.34.v20201102.jar:/home/user/.m2/repository/com/fasterxml/jackson/core/jackson-databind/2.10.3/jackson-databind-2.10.3.jar:/home/user/.m2/repository/org/apache/hadoop/hadoop-kms/3.2.1/hadoop-kms-3.2.1-tests.jar:/home/user/.m2/repository/org/apache/hadoop/hadoop-hdds-server-scm/1.1.0-SNAPSHOT/hadoop-hdds-server-scm-1.1.0-SNAPSHOT-tests.jar:/home/user/.m2/repository/org/apache/hadoop/hadoop-hdds-container-service/1.1.0-SNAPSHOT/hadoop-hdds-container-service-1.1.0-SNAPSHOT-tests.jar:/home/user/.m2/repository/commons-codec/commons-codec/1.11/commons-codec-1.11.jar:/home/user/.m2/repository/org/apache/hadoop/hadoop-hdds-hadoop-dependency-test/1.1.0-SNAPSHOT/hadoop-hdds-hadoop-dependency-test-1.1.0-SNAPSHOT.jar:/home/user/.m2/repository/org/apache/hadoop/hadoop-common/3.2.1/hadoop-common-3.2.1-tests.jar:/home/user/.m2/repository/org/apache/hadoop/hadoop-hdfs/3.2.1/hadoop-hdfs-3.2.1-tests.jar:/home/user/.m2/repository/org/eclipse/jetty/jetty-util-ajax/9.4.34.v20201102/jetty-util-ajax-9.4.34.v20201102.jar:/home/user/.m2/repository/commons-daemon/commons-daemon/1.0.13/commons-daemon-1.0.13.jar:/home/user/.m2/repository/io/netty/netty/3.10.5.Final/netty-3.10.5.Final.jar:/home/user/.m2/repository/io/netty/netty-all/4.1.48.Final/netty-all-4.1.48.Final.jar:/home/user/.m2/repository/org/apache/htrace/htrace-core4/4.1.0-incubating/htrace-core4-4.1.0-incubating.jar:/home/user/.m2/repository/org/apache/hadoop/hadoop-distcp/3.2.1/hadoop-distcp-3.2.1.jar:/home/user/.m2/repository/org/apache/hadoop/hadoop-mapreduce-client-jobclient/3.2.1/hadoop-mapreduce-client-jobclient-3.2.1.jar:/home/user/.m2/repository/org/apache/hadoop/hadoop-mapreduce-client-common/3.2.1/hadoop-mapreduce-client-common-3.2.1.jar:/home/user/.m2/repository/org/apache/hadoop/hadoop-yarn-common/3.2.1/hadoop-yarn-common-3.2.1.jar:/home/user/.m2/repository/org/apache/hadoop/hadoop-yarn-api/3.2.1/hadoop-yarn-api-3.2.1.jar:/home/user/.m2/repository/com/sun/jersey/jersey-client/1.19/jersey-client-1.19.jar:/home/user/.m2/repository/com/sun/jersey/contribs/jersey-guice/1.19/jersey-guice-1.19.jar:/home/user/.m2/repository/com/fasterxml/jackson/jaxrs/jackson-jaxrs-json-provider/2.10.3/jackson-jaxrs-json-provider-2.10.3.jar:/home/user/.m2/repository/com/fasterxml/jackson/jaxrs/jackson-jaxrs-base/2.10.3/jackson-jaxrs-base-2.10.3.jar:/home/user/.m2/repository/org/apache/hadoop/hadoop-yarn-client/3.2.1/hadoop-yarn-client-3.2.1.jar:/home/user/.m2/repository/org/apache/hadoop/hadoop-mapreduce-client-core/3.2.1/hadoop-mapreduce-client-core-3.2.1.jar:/home/user/.m2/repository/org/apache/avro/avro/1.7.7/avro-1.7.7.jar:/home/user/.m2/repository/org/codehaus/jackson/jackson-core-asl/1.9.13/jackson-core-asl-1.9.13.jar:/home/user/.m2/repository/org/codehaus/jackson/jackson-mapper-asl/1.9.13/jackson-mapper-asl-1.9.13.jar:/home/user/.m2/repository/com/thoughtworks/paranamer/paranamer/2.3/paranamer-2.3.jar:/home/user/.m2/repository/org/xerial/snappy/snappy-java/1.0.5/snappy-java-1.0.5.jar:/home/user/.m2/repository/org/apache/hadoop/hadoop-annotations/3.2.1/hadoop-annotations-3.2.1.jar:/usr/lib/jvm/java-1.8.0-openjdk-1.8.0.232.b09-0.el7_7.x86_64/jre/../lib/tools.jar:/home/user/.m2/repository/org/apache/hadoop/hadoop-distcp/3.2.1/hadoop-distcp-3.2.1-tests.jar:"/>
    <property name="sun.cpu.endian" value="little"/>
    <property name="user.home" value="/home/user"/>
    <property name="user.language" value="en"/>
    <property name="java.specification.vendor" value="Oracle Corporation"/>
    <property name="java.home" value="/usr/lib/jvm/java-1.8.0-openjdk-1.8.0.232.b09-0.el7_7.x86_64/jre"/>
    <property name="java.security.krb5.conf" value="/github/workspace/mnt/ozone/hadoop-ozone/integration-test/target/test-classes/krb5.conf"/>
    <property name="basedir" value="/github/workspace/mnt/ozone/hadoop-ozone/integration-test"/>
    <property name="file.separator" value="/"/>
    <property name="line.separator" value="&#10;"/>
    <property name="java.vm.specification.vendor" value="Oracle Corporation"/>
    <property name="java.specification.name" value="Java Platform API Specification"/>
    <property name="java.awt.graphicsenv" value="sun.awt.X11GraphicsEnvironment"/>
    <property name="skip.installnpx" value="true"/>
    <property name="surefire.real.class.path" value="/github/workspace/mnt/ozone/hadoop-ozone/integration-test/target/surefire/surefirebooter4002882242863284338.jar:/home/user/.m2/repository/org/jacoco/org.jacoco.agent/0.8.5/org.jacoco.agent-0.8.5-runtime.jar"/>
    <property name="hadoop.log.dir" value="/github/workspace/mnt/ozone/hadoop-ozone/integration-test/target/log"/>
    <property name="sun.boot.class.path" value="/usr/lib/jvm/java-1.8.0-openjdk-1.8.0.232.b09-0.el7_7.x86_64/jre/lib/resources.jar:/usr/lib/jvm/java-1.8.0-openjdk-1.8.0.232.b09-0.el7_7.x86_64/jre/lib/rt.jar:/usr/lib/jvm/java-1.8.0-openjdk-1.8.0.232.b09-0.el7_7.x86_64/jre/lib/sunrsasign.jar:/usr/lib/jvm/java-1.8.0-openjdk-1.8.0.232.b09-0.el7_7.x86_64/jre/lib/jsse.jar:/usr/lib/jvm/java-1.8.0-openjdk-1.8.0.232.b09-0.el7_7.x86_64/jre/lib/jce.jar:/usr/lib/jvm/java-1.8.0-openjdk-1.8.0.232.b09-0.el7_7.x86_64/jre/lib/charsets.jar:/usr/lib/jvm/java-1.8.0-openjdk-1.8.0.232.b09-0.el7_7.x86_64/jre/lib/jfr.jar:/usr/lib/jvm/java-1.8.0-openjdk-1.8.0.232.b09-0.el7_7.x86_64/jre/classes"/>
    <property name="sun.management.compiler" value="HotSpot 64-Bit Tiered Compilers"/>
    <property name="skip.npx" value="true"/>
    <property name="java.runtime.version" value="1.8.0_232-b09"/>
    <property name="java.net.preferIPv4Stack" value="true"/>
    <property name="user.name" value="jenkins1001"/>
    <property name="path.separator" value=":"/>
    <property name="java.security.egd" value="file:///dev/urandom"/>
    <property name="os.version" value="5.4.0-1032-azure"/>
    <property name="java.endorsed.dirs" value="/usr/lib/jvm/java-1.8.0-openjdk-1.8.0.232.b09-0.el7_7.x86_64/jre/lib/endorsed"/>
    <property name="java.runtime.name" value="OpenJDK Runtime Environment"/>
    <property name="file.encoding" value="ANSI_X3.4-1968"/>
    <property name="java.vm.name" value="OpenJDK 64-Bit Server VM"/>
    <property name="test.build.webapps" value=""/>
    <property name="localRepository" value="/home/user/.m2/repository"/>
    <property name="java.vendor.url.bug" value="http://bugreport.sun.com/bugreport/"/>
    <property name="java.io.tmpdir" value="/tmp"/>
    <property name="require.test.libhadoop" value=""/>
    <property name="java.version" value="1.8.0_232"/>
    <property name="user.dir" value="/github/workspace/mnt/ozone/hadoop-ozone/integration-test"/>
    <property name="os.arch" value="amd64"/>
    <property name="java.vm.specification.name" value="Java Virtual Machine Specification"/>
    <property name="test.build.classes" value="/github/workspace/mnt/ozone/hadoop-ozone/integration-test/target/test-classes"/>
    <property name="java.awt.printerjob" value="sun.print.PSPrinterJob"/>
    <property name="sun.os.patch.level" value="unknown"/>
    <property name="hadoop.tmp.dir" value="/github/workspace/mnt/ozone/hadoop-ozone/integration-test/target/tmp"/>
    <property name="java.library.path" value="/usr/lib:/usr/java/packages/lib/amd64:/usr/lib64:/lib64:/lib:/usr/lib"/>
    <property name="java.vm.info" value="mixed mode"/>
    <property name="java.vendor" value="Oracle Corporation"/>
    <property name="java.vm.version" value="25.232-b09"/>
    <property name="java.ext.dirs" value="/usr/lib/jvm/java-1.8.0-openjdk-1.8.0.232.b09-0.el7_7.x86_64/jre/lib/ext:/usr/java/packages/lib/ext"/>
    <property name="sun.io.unicode.encoding" value="UnicodeLittle"/>
    <property name="java.class.version" value="52.0"/>
  </properties>
  <testcase name="testStoppedMaintenanceNodeTakesScmStateOnRestart" classname="org.apache.hadoop.ozone.scm.node.TestDecommissionAndMaintenance" time="56.364"/>
  <testcase name="testContainerIsReplicatedWhenAllNodesGotoMaintenance" classname="org.apache.hadoop.ozone.scm.node.TestDecommissionAndMaintenance" time="31.281">
    <failure message="expected:&lt;5&gt; but was:&lt;6&gt;" type="junit.framework.AssertionFailedError"><![CDATA[junit.framework.AssertionFailedError: expected:<5> but was:<6>
	at junit.framework.Assert.fail(Assert.java:57)
	at junit.framework.Assert.failNotEquals(Assert.java:329)
	at junit.framework.Assert.assertEquals(Assert.java:78)
	at junit.framework.Assert.assertEquals(Assert.java:234)
	at junit.framework.Assert.assertEquals(Assert.java:241)
	at junit.framework.TestCase.assertEquals(TestCase.java:409)
	at org.apache.hadoop.ozone.scm.node.TestDecommissionAndMaintenance.testContainerIsReplicatedWhenAllNodesGotoMaintenance(TestDecommissionAndMaintenance.java:394)
	at sun.reflect.NativeMethodAccessorImpl.invoke0(Native Method)
	at sun.reflect.NativeMethodAccessorImpl.invoke(NativeMethodAccessorImpl.java:62)
	at sun.reflect.DelegatingMethodAccessorImpl.invoke(DelegatingMethodAccessorImpl.java:43)
	at java.lang.reflect.Method.invoke(Method.java:498)
	at org.junit.runners.model.FrameworkMethod$1.runReflectiveCall(FrameworkMethod.java:47)
	at org.junit.internal.runners.model.ReflectiveCallable.run(ReflectiveCallable.java:12)
	at org.junit.runners.model.FrameworkMethod.invokeExplosively(FrameworkMethod.java:44)
	at org.junit.internal.runners.statements.InvokeMethod.evaluate(InvokeMethod.java:17)
	at org.junit.internal.runners.statements.RunBefores.evaluate(RunBefores.java:26)
	at org.junit.internal.runners.statements.RunAfters.evaluate(RunAfters.java:27)
	at org.junit.runners.ParentRunner.runLeaf(ParentRunner.java:271)
	at org.junit.runners.BlockJUnit4ClassRunner.runChild(BlockJUnit4ClassRunner.java:70)
	at org.junit.runners.BlockJUnit4ClassRunner.runChild(BlockJUnit4ClassRunner.java:50)
	at org.junit.runners.ParentRunner$3.run(ParentRunner.java:238)
	at org.junit.runners.ParentRunner$1.schedule(ParentRunner.java:63)
	at org.junit.runners.ParentRunner.runChildren(ParentRunner.java:236)
	at org.junit.runners.ParentRunner.access$000(ParentRunner.java:53)
	at org.junit.runners.ParentRunner$2.evaluate(ParentRunner.java:229)
	at org.junit.runners.ParentRunner.run(ParentRunner.java:309)
	at org.apache.maven.surefire.junit4.JUnit4Provider.execute(JUnit4Provider.java:365)
	at org.apache.maven.surefire.junit4.JUnit4Provider.executeWithRerun(JUnit4Provider.java:273)
	at org.apache.maven.surefire.junit4.JUnit4Provider.executeTestSet(JUnit4Provider.java:238)
	at org.apache.maven.surefire.junit4.JUnit4Provider.invoke(JUnit4Provider.java:159)
	at org.apache.maven.surefire.booter.ForkedBooter.invokeProviderInSameClassLoader(ForkedBooter.java:384)
	at org.apache.maven.surefire.booter.ForkedBooter.runSuitesInProcess(ForkedBooter.java:345)
	at org.apache.maven.surefire.booter.ForkedBooter.execute(ForkedBooter.java:126)
	at org.apache.maven.surefire.booter.ForkedBooter.main(ForkedBooter.java:418)
]]></failure>
    <system-out><![CDATA[2020-12-20 13:58:04,872 [Listener at 127.0.0.1/44107] WARN  server.ServerUtils (ServerUtils.java:getScmDbDir(148)) - ozone.scm.db.dirs is not configured. We recommend adding this setting. Falling back to ozone.metadata.dirs instead.
2020-12-20 13:58:04,874 [Listener at 127.0.0.1/44107] WARN  server.ServerUtils (ServerUtils.java:getScmDbDir(148)) - ozone.scm.db.dirs is not configured. We recommend adding this setting. Falling back to ozone.metadata.dirs instead.
2020-12-20 13:58:04,875 [Listener at 127.0.0.1/44107] WARN  db.DBStoreBuilder (DBStoreBuilder.java:applyDBDefinition(145)) - ozone.scm.db.dirs is not configured. We recommend adding this setting. Falling back to ozone.metadata.dirs instead.
2020-12-20 13:58:04,911 [Listener at 127.0.0.1/44107] INFO  net.NodeSchemaLoader (NodeSchemaLoader.java:loadSchemaFromFile(126)) - Loading file from sun.misc.CompoundEnumeration@39b5d60
2020-12-20 13:58:04,911 [Listener at 127.0.0.1/44107] INFO  net.NodeSchemaLoader (NodeSchemaLoader.java:loadSchema(172)) - Loading network topology layer schema file
2020-12-20 13:58:04,914 [Listener at 127.0.0.1/44107] INFO  node.SCMNodeManager (SCMNodeManager.java:<init>(123)) - Entering startup safe mode.
2020-12-20 13:58:04,915 [Listener at 127.0.0.1/44107] INFO  algorithms.ContainerPlacementPolicyFactory (ContainerPlacementPolicyFactory.java:getPolicy(60)) - Create container placement policy of type org.apache.hadoop.hdds.scm.container.placement.algorithms.SCMContainerPlacementRandom
2020-12-20 13:58:04,915 [Listener at 127.0.0.1/44107] INFO  algorithms.LeaderChoosePolicyFactory (LeaderChoosePolicyFactory.java:getPolicy(57)) - Create leader choose policy of type org.apache.hadoop.hdds.scm.pipeline.leader.choose.algorithms.DefaultLeaderChoosePolicy
2020-12-20 13:58:04,916 [Listener at 127.0.0.1/44107] INFO  pipeline.SCMPipelineManager (SCMPipelineManager.java:initializePipelineState(161)) - No pipeline exists in current db
2020-12-20 13:58:04,916 [Listener at 127.0.0.1/44107] INFO  algorithms.PipelineChoosePolicyFactory (PipelineChoosePolicyFactory.java:createPipelineChoosePolicyFromClass(75)) - Create pipeline choose policy of type org.apache.hadoop.hdds.scm.pipeline.choose.algorithms.RandomPipelineChoosePolicy
2020-12-20 13:58:04,917 [Listener at 127.0.0.1/44107] INFO  safemode.HealthyPipelineSafeModeRule (HealthyPipelineSafeModeRule.java:<init>(89)) - Total pipeline count is 0, healthy pipeline threshold count is 0
2020-12-20 13:58:04,917 [Listener at 127.0.0.1/44107] INFO  safemode.OneReplicaPipelineSafeModeRule (OneReplicaPipelineSafeModeRule.java:<init>(84)) - Total pipeline count is 0, pipeline's with at least one datanode reported threshold count is 0
2020-12-20 13:58:04,922 [Listener at 127.0.0.1/44107] INFO  ipc.CallQueueManager (CallQueueManager.java:<init>(84)) - Using callQueue: class java.util.concurrent.LinkedBlockingQueue, queueCapacity: 2000, scheduler: class org.apache.hadoop.ipc.DefaultRpcScheduler, ipcBackoff: false.
2020-12-20 13:58:04,930 [Socket Reader #1 for port 0] INFO  ipc.Server (Server.java:run(1219)) - Starting Socket Reader #1 for port 0
2020-12-20 13:58:04,931 [Listener at 0.0.0.0/46341] INFO  ipc.CallQueueManager (CallQueueManager.java:<init>(84)) - Using callQueue: class java.util.concurrent.LinkedBlockingQueue, queueCapacity: 2000, scheduler: class org.apache.hadoop.ipc.DefaultRpcScheduler, ipcBackoff: false.
2020-12-20 13:58:04,932 [Socket Reader #1 for port 0] INFO  ipc.Server (Server.java:run(1219)) - Starting Socket Reader #1 for port 0
2020-12-20 13:58:04,933 [Listener at 0.0.0.0/34747] INFO  ipc.CallQueueManager (CallQueueManager.java:<init>(84)) - Using callQueue: class java.util.concurrent.LinkedBlockingQueue, queueCapacity: 2000, scheduler: class org.apache.hadoop.ipc.DefaultRpcScheduler, ipcBackoff: false.
2020-12-20 13:58:04,933 [Socket Reader #1 for port 0] INFO  ipc.Server (Server.java:run(1219)) - Starting Socket Reader #1 for port 0
2020-12-20 13:58:04,999 [Listener at 0.0.0.0/44221] INFO  http.BaseHttpServer (BaseHttpServer.java:newHttpServer2BuilderForOzone(207)) - Starting Web-server for scm at: http://0.0.0.0:0
2020-12-20 13:58:04,999 [Listener at 0.0.0.0/44221] INFO  http.BaseHttpServer (BaseHttpServer.java:<init>(106)) - Hadoop Security Enabled: false Ozone Security Enabled: false Ozone HTTP Security Enabled: false 
2020-12-20 13:58:05,001 [Listener at 0.0.0.0/44221] INFO  server.AuthenticationFilter (AuthenticationFilter.java:constructSecretProvider(240)) - Unable to initialize FileSignerSecretProvider, falling back to use random secrets.
2020-12-20 13:58:05,002 [Listener at 0.0.0.0/44221] WARN  http.HttpRequestLog (HttpRequestLog.java:getRequestLog(103)) - Jetty request log can only be enabled using Log4j
2020-12-20 13:58:05,003 [Listener at 0.0.0.0/44221] INFO  http.HttpServer2 (HttpServer2.java:addGlobalFilter(1020)) - Added global filter 'safety' (class=org.apache.hadoop.hdds.server.http.HttpServer2$QuotingInputFilter)
2020-12-20 13:58:05,004 [Listener at 0.0.0.0/44221] INFO  http.HttpServer2 (HttpServer2.java:addFilter(996)) - Added filter static_user_filter (class=org.apache.hadoop.http.lib.StaticUserWebFilter$StaticUserFilter) to context scm
2020-12-20 13:58:05,004 [Listener at 0.0.0.0/44221] INFO  http.HttpServer2 (HttpServer2.java:addFilter(1004)) - Added filter static_user_filter (class=org.apache.hadoop.http.lib.StaticUserWebFilter$StaticUserFilter) to context static
2020-12-20 13:58:05,004 [Listener at 0.0.0.0/44221] INFO  http.HttpServer2 (HttpServer2.java:addFilter(1004)) - Added filter static_user_filter (class=org.apache.hadoop.http.lib.StaticUserWebFilter$StaticUserFilter) to context logs
2020-12-20 13:58:05,007 [Listener at 0.0.0.0/44221] INFO  server.StorageContainerManager (StorageContainerManager.java:start(789)) - StorageContainerLocationProtocol RPC server is listening at /0.0.0.0:44221
2020-12-20 13:58:05,008 [Listener at 0.0.0.0/44221] WARN  impl.MetricsConfig (MetricsConfig.java:loadFirst(134)) - Cannot locate configuration: tried hadoop-metrics2-storagecontainermanager.properties,hadoop-metrics2.properties
2020-12-20 13:58:05,009 [Listener at 0.0.0.0/44221] INFO  impl.MetricsSystemImpl (MetricsSystemImpl.java:startTimer(374)) - Scheduled Metric snapshot period at 10 second(s).
2020-12-20 13:58:05,009 [Listener at 0.0.0.0/44221] INFO  impl.MetricsSystemImpl (MetricsSystemImpl.java:start(191)) - StorageContainerManager metrics system started
2020-12-20 13:58:05,022 [Listener at 0.0.0.0/44221] WARN  impl.MetricsSystemImpl (MetricsSystemImpl.java:register(276)) - Sink prometheus already exists!
2020-12-20 13:58:05,044 [Listener at 0.0.0.0/44221] INFO  server.SCMClientProtocolServer (SCMClientProtocolServer.java:start(159)) - RPC server for Client  is listening at /0.0.0.0:44221
2020-12-20 13:58:05,044 [IPC Server Responder] INFO  ipc.Server (Server.java:run(1460)) - IPC Server Responder: starting
2020-12-20 13:58:05,045 [IPC Server listener on 0] INFO  ipc.Server (Server.java:run(1298)) - IPC Server listener on 0: starting
2020-12-20 13:58:05,050 [Listener at 0.0.0.0/44221] INFO  server.StorageContainerManager (StorageContainerManager.java:start(801)) - ScmBlockLocationProtocol RPC server is listening at /0.0.0.0:34747
2020-12-20 13:58:05,050 [Listener at 0.0.0.0/44221] INFO  server.SCMBlockProtocolServer (SCMBlockProtocolServer.java:start(150)) - RPC server for Block Protocol is listening at /0.0.0.0:34747
2020-12-20 13:58:05,053 [IPC Server Responder] INFO  ipc.Server (Server.java:run(1460)) - IPC Server Responder: starting
2020-12-20 13:58:05,057 [IPC Server listener on 0] INFO  ipc.Server (Server.java:run(1298)) - IPC Server listener on 0: starting
2020-12-20 13:58:05,067 [Listener at 0.0.0.0/44221] INFO  server.StorageContainerManager (StorageContainerManager.java:start(807)) - ScmDatanodeProtocl RPC server is listening at /0.0.0.0:46341
2020-12-20 13:58:05,067 [Listener at 0.0.0.0/44221] INFO  server.SCMDatanodeProtocolServer (SCMDatanodeProtocolServer.java:start(174)) - RPC server for DataNodes is listening at /0.0.0.0:46341
2020-12-20 13:58:05,069 [IPC Server Responder] INFO  ipc.Server (Server.java:run(1460)) - IPC Server Responder: starting
2020-12-20 13:58:05,073 [IPC Server listener on 0] INFO  ipc.Server (Server.java:run(1298)) - IPC Server listener on 0: starting
2020-12-20 13:58:05,087 [Listener at 0.0.0.0/44221] INFO  http.HttpServer2 (HttpServer2.java:bindListener(1238)) - Jetty bound to port 42575
2020-12-20 13:58:05,087 [Listener at 0.0.0.0/44221] INFO  server.Server (Server.java:doStart(375)) - jetty-9.4.34.v20201102; built: 2020-11-02T14:15:39.302Z; git: e46af88704a893fc12cb0e3bf46e2c7b48a009e7; jvm 1.8.0_232-b09
2020-12-20 13:58:05,088 [Listener at 0.0.0.0/44221] INFO  server.session (DefaultSessionIdManager.java:doStart(334)) - DefaultSessionIdManager workerName=node0
2020-12-20 13:58:05,089 [Listener at 0.0.0.0/44221] INFO  server.session (DefaultSessionIdManager.java:doStart(339)) - No SessionScavenger set, using defaults
2020-12-20 13:58:05,089 [Listener at 0.0.0.0/44221] INFO  server.session (HouseKeeper.java:startScavenging(132)) - node0 Scavenging every 600000ms
2020-12-20 13:58:05,090 [Listener at 0.0.0.0/44221] INFO  handler.ContextHandler (ContextHandler.java:doStart(916)) - Started o.e.j.s.ServletContextHandler@69894182{logs,/logs,file:///github/workspace/mnt/ozone/hadoop-ozone/integration-test/target/log,AVAILABLE}
2020-12-20 13:58:05,090 [Listener at 0.0.0.0/44221] INFO  handler.ContextHandler (ContextHandler.java:doStart(916)) - Started o.e.j.s.ServletContextHandler@67a02460{static,/static,file:///github/workspace/mnt/ozone/hadoop-ozone/integration-test/target/test-classes/webapps/static,AVAILABLE}
2020-12-20 13:58:05,095 [Listener at 0.0.0.0/44221] INFO  handler.ContextHandler (ContextHandler.java:doStart(916)) - Started o.e.j.w.WebAppContext@376314dd{scm,/,file:///github/workspace/mnt/ozone/hadoop-ozone/integration-test/target/test-classes/webapps/scm/,AVAILABLE}{file:/github/workspace/mnt/ozone/hadoop-ozone/integration-test/target/test-classes/webapps/scm}
2020-12-20 13:58:05,095 [Listener at 0.0.0.0/44221] INFO  server.AbstractConnector (AbstractConnector.java:doStart(331)) - Started ServerConnector@7738b226{HTTP/1.1, (http/1.1)}{0.0.0.0:42575}
2020-12-20 13:58:05,095 [Listener at 0.0.0.0/44221] INFO  server.Server (Server.java:doStart(415)) - Started @57556ms
2020-12-20 13:58:05,096 [Listener at 0.0.0.0/44221] WARN  impl.MetricsSystemImpl (MetricsSystemImpl.java:register(276)) - Sink prometheus already exists!
2020-12-20 13:58:05,160 [Listener at 0.0.0.0/44221] INFO  http.BaseHttpServer (BaseHttpServer.java:updateConnectorAddress(327)) - HTTP server of scm listening at http://0.0.0.0:42575
2020-12-20 13:58:05,161 [Listener at 0.0.0.0/44221] WARN  server.ServerUtils (ServerUtils.java:getDBPath(225)) - ozone.om.db.dirs is not configured. We recommend adding this setting. Falling back to ozone.metadata.dirs instead.
2020-12-20 13:58:05,162 [org.apache.hadoop.util.JvmPauseMonitor$Monitor@525dd5af] INFO  util.JvmPauseMonitor (JvmPauseMonitor.java:run(188)) - Starting JVM pause monitor
2020-12-20 13:58:05,163 [Listener at 0.0.0.0/44221] INFO  ha.OMHANodeDetails (OMHANodeDetails.java:loadOMHAConfig(104)) - ozone.om.internal.service.id is not defined, falling back to ozone.om.service.ids to find serviceID for OzoneManager if it is HA enabled cluster
2020-12-20 13:58:05,163 [Listener at 0.0.0.0/44221] INFO  ha.OMHANodeDetails (OMHANodeDetails.java:loadOMHAConfig(213)) - Configuration either no ozone.om.address set. Falling back to the default OM address /127.0.0.1:0
2020-12-20 13:58:05,163 [Listener at 0.0.0.0/44221] INFO  ha.OMHANodeDetails (OMHANodeDetails.java:getOMNodeDetails(241)) - OM Service ID is not set. Setting it to the default ID: omServiceIdDefault
2020-12-20 13:58:05,163 [Listener at 0.0.0.0/44221] WARN  server.ServerUtils (ServerUtils.java:getDBPath(225)) - ozone.om.db.dirs is not configured. We recommend adding this setting. Falling back to ozone.metadata.dirs instead.
2020-12-20 13:58:05,164 [Listener at 0.0.0.0/44221] WARN  server.ServerUtils (ServerUtils.java:getDBPath(225)) - ozone.om.db.dirs is not configured. We recommend adding this setting. Falling back to ozone.metadata.dirs instead.
2020-12-20 13:58:05,172 [Listener at 0.0.0.0/44221] WARN  server.ServerUtils (ServerUtils.java:getDBPath(225)) - ozone.om.db.dirs is not configured. We recommend adding this setting. Falling back to ozone.metadata.dirs instead.
2020-12-20 13:58:05,173 [Listener at 0.0.0.0/44221] INFO  codec.OmKeyInfoCodec (OmKeyInfoCodec.java:<init>(41)) - OmKeyInfoCodec ignorePipeline = true
2020-12-20 13:58:05,173 [Listener at 0.0.0.0/44221] INFO  codec.RepeatedOmKeyInfoCodec (RepeatedOmKeyInfoCodec.java:<init>(40)) - RepeatedOmKeyInfoCodec ignorePipeline = true
2020-12-20 13:58:05,239 [Listener at 0.0.0.0/44221] INFO  om.OzoneManager (OzoneManager.java:addS3GVolumeToDB(3737)) - Created Volume s3v With Owner jenkins1001 required for S3Gateway operations.
2020-12-20 13:58:05,240 [Listener at 0.0.0.0/44221] INFO  ipc.CallQueueManager (CallQueueManager.java:<init>(84)) - Using callQueue: class java.util.concurrent.LinkedBlockingQueue, queueCapacity: 2000, scheduler: class org.apache.hadoop.ipc.DefaultRpcScheduler, ipcBackoff: false.
2020-12-20 13:58:05,241 [Socket Reader #1 for port 0] INFO  ipc.Server (Server.java:run(1219)) - Starting Socket Reader #1 for port 0
2020-12-20 13:58:05,256 [Listener at 127.0.0.1/38459] INFO  impl.MetricsSystemImpl (MetricsSystemImpl.java:init(158)) - OzoneManager metrics system started (again)
2020-12-20 13:58:05,257 [Listener at 127.0.0.1/38459] INFO  om.OzoneManager (OzoneManager.java:start(1144)) - OzoneManager RPC server is listening at localhost/127.0.0.1:38459
2020-12-20 13:58:05,323 [Listener at 127.0.0.1/38459] INFO  http.BaseHttpServer (BaseHttpServer.java:newHttpServer2BuilderForOzone(207)) - Starting Web-server for ozoneManager at: http://0.0.0.0:0
2020-12-20 13:58:05,323 [Listener at 127.0.0.1/38459] INFO  http.BaseHttpServer (BaseHttpServer.java:<init>(106)) - Hadoop Security Enabled: false Ozone Security Enabled: false Ozone HTTP Security Enabled: false 
2020-12-20 13:58:05,325 [Listener at 127.0.0.1/38459] INFO  server.AuthenticationFilter (AuthenticationFilter.java:constructSecretProvider(240)) - Unable to initialize FileSignerSecretProvider, falling back to use random secrets.
2020-12-20 13:58:05,326 [Listener at 127.0.0.1/38459] WARN  http.HttpRequestLog (HttpRequestLog.java:getRequestLog(103)) - Jetty request log can only be enabled using Log4j
2020-12-20 13:58:05,327 [Listener at 127.0.0.1/38459] INFO  http.HttpServer2 (HttpServer2.java:addGlobalFilter(1020)) - Added global filter 'safety' (class=org.apache.hadoop.hdds.server.http.HttpServer2$QuotingInputFilter)
2020-12-20 13:58:05,328 [Listener at 127.0.0.1/38459] INFO  http.HttpServer2 (HttpServer2.java:addFilter(996)) - Added filter static_user_filter (class=org.apache.hadoop.http.lib.StaticUserWebFilter$StaticUserFilter) to context ozoneManager
2020-12-20 13:58:05,328 [Listener at 127.0.0.1/38459] INFO  http.HttpServer2 (HttpServer2.java:addFilter(1004)) - Added filter static_user_filter (class=org.apache.hadoop.http.lib.StaticUserWebFilter$StaticUserFilter) to context static
2020-12-20 13:58:05,328 [Listener at 127.0.0.1/38459] INFO  http.HttpServer2 (HttpServer2.java:addFilter(1004)) - Added filter static_user_filter (class=org.apache.hadoop.http.lib.StaticUserWebFilter$StaticUserFilter) to context logs
2020-12-20 13:58:05,329 [Listener at 127.0.0.1/38459] INFO  http.HttpServer2 (HttpServer2.java:bindListener(1238)) - Jetty bound to port 42465
2020-12-20 13:58:05,329 [Listener at 127.0.0.1/38459] INFO  server.Server (Server.java:doStart(375)) - jetty-9.4.34.v20201102; built: 2020-11-02T14:15:39.302Z; git: e46af88704a893fc12cb0e3bf46e2c7b48a009e7; jvm 1.8.0_232-b09
2020-12-20 13:58:05,330 [Listener at 127.0.0.1/38459] INFO  server.session (DefaultSessionIdManager.java:doStart(334)) - DefaultSessionIdManager workerName=node0
2020-12-20 13:58:05,330 [Listener at 127.0.0.1/38459] INFO  server.session (DefaultSessionIdManager.java:doStart(339)) - No SessionScavenger set, using defaults
2020-12-20 13:58:05,331 [Listener at 127.0.0.1/38459] INFO  server.session (HouseKeeper.java:startScavenging(132)) - node0 Scavenging every 600000ms
2020-12-20 13:58:05,331 [Listener at 127.0.0.1/38459] INFO  handler.ContextHandler (ContextHandler.java:doStart(916)) - Started o.e.j.s.ServletContextHandler@4f2a0651{logs,/logs,file:///github/workspace/mnt/ozone/hadoop-ozone/integration-test/target/log,AVAILABLE}
2020-12-20 13:58:05,332 [Listener at 127.0.0.1/38459] INFO  handler.ContextHandler (ContextHandler.java:doStart(916)) - Started o.e.j.s.ServletContextHandler@44126e04{static,/static,file:///github/workspace/mnt/ozone/hadoop-ozone/integration-test/target/test-classes/webapps/static,AVAILABLE}
2020-12-20 13:58:05,338 [Listener at 127.0.0.1/38459] INFO  handler.ContextHandler (ContextHandler.java:doStart(916)) - Started o.e.j.w.WebAppContext@abe3a3{ozoneManager,/,file:///github/workspace/mnt/ozone/hadoop-ozone/integration-test/target/test-classes/webapps/ozoneManager/,AVAILABLE}{file:/github/workspace/mnt/ozone/hadoop-ozone/integration-test/target/test-classes/webapps/ozoneManager}
2020-12-20 13:58:05,339 [Listener at 127.0.0.1/38459] INFO  server.AbstractConnector (AbstractConnector.java:doStart(331)) - Started ServerConnector@45f854e9{HTTP/1.1, (http/1.1)}{0.0.0.0:42465}
2020-12-20 13:58:05,339 [Listener at 127.0.0.1/38459] INFO  server.Server (Server.java:doStart(415)) - Started @57800ms
2020-12-20 13:58:05,339 [Listener at 127.0.0.1/38459] WARN  impl.MetricsSystemImpl (MetricsSystemImpl.java:register(276)) - Sink prometheus already exists!
2020-12-20 13:58:05,404 [Listener at 127.0.0.1/38459] INFO  http.BaseHttpServer (BaseHttpServer.java:updateConnectorAddress(327)) - HTTP server of ozoneManager listening at http://0.0.0.0:42465
2020-12-20 13:58:05,405 [IPC Server Responder] INFO  ipc.Server (Server.java:run(1460)) - IPC Server Responder: starting
2020-12-20 13:58:05,405 [IPC Server listener on 0] INFO  ipc.Server (Server.java:run(1298)) - IPC Server listener on 0: starting
2020-12-20 13:58:05,414 [Listener at 127.0.0.1/38459] INFO  om.OzoneManager (OzoneManager.java:startTrashEmptier(1265)) - Trash Interval set to 0. Files deleted will not move to trash
2020-12-20 13:58:05,437 [org.apache.hadoop.util.JvmPauseMonitor$Monitor@14cd9288] INFO  util.JvmPauseMonitor (JvmPauseMonitor.java:run(188)) - Starting JVM pause monitor
2020-12-20 13:58:05,439 [Listener at 127.0.0.1/38459] INFO  impl.MetricsSystemImpl (MetricsSystemImpl.java:init(158)) - HddsDatanode metrics system started (again)
2020-12-20 13:58:05,440 [Listener at 127.0.0.1/38459] INFO  ozone.HddsDatanodeService (HddsDatanodeService.java:start(217)) - HddsDatanodeService host:fc04eb3d93c3 ip:172.17.0.2
2020-12-20 13:58:05,446 [Listener at 127.0.0.1/38459] INFO  volume.HddsVolume (HddsVolume.java:<init>(176)) - Creating Volume: /github/workspace/mnt/ozone/hadoop-ozone/integration-test/target/test-dir/MiniOzoneClusterImpl-3ca51f30-c846-4083-9b7f-c1ea6aa91ff4/datanode-0/data-0/containers/hdds of storage type : DISK and capacity : 9223372036854775807
2020-12-20 13:58:05,446 [Listener at 127.0.0.1/38459] INFO  volume.MutableVolumeSet (MutableVolumeSet.java:initializeVolumeSet(179)) - Added Volume : /github/workspace/mnt/ozone/hadoop-ozone/integration-test/target/test-dir/MiniOzoneClusterImpl-3ca51f30-c846-4083-9b7f-c1ea6aa91ff4/datanode-0/data-0/containers/hdds to VolumeSet
2020-12-20 13:58:05,447 [Listener at 127.0.0.1/38459] INFO  volume.ThrottledAsyncChecker (ThrottledAsyncChecker.java:schedule(141)) - Scheduling a check for /github/workspace/mnt/ozone/hadoop-ozone/integration-test/target/test-dir/MiniOzoneClusterImpl-3ca51f30-c846-4083-9b7f-c1ea6aa91ff4/datanode-0/data-0/containers/hdds
2020-12-20 13:58:05,450 [Listener at 127.0.0.1/38459] INFO  volume.HddsVolumeChecker (HddsVolumeChecker.java:checkAllVolumes(200)) - Scheduled health check for volume /github/workspace/mnt/ozone/hadoop-ozone/integration-test/target/test-dir/MiniOzoneClusterImpl-3ca51f30-c846-4083-9b7f-c1ea6aa91ff4/datanode-0/data-0/containers/hdds
2020-12-20 13:58:05,465 [Thread-732] INFO  ozoneimpl.ContainerReader (ContainerReader.java:readVolume(123)) - Start to verify containers on volume /github/workspace/mnt/ozone/hadoop-ozone/integration-test/target/test-dir/MiniOzoneClusterImpl-3ca51f30-c846-4083-9b7f-c1ea6aa91ff4/datanode-0/data-0/containers/hdds
2020-12-20 13:58:05,465 [Thread-732] INFO  ozoneimpl.ContainerReader (ContainerReader.java:readVolume(148)) - Finish verifying containers on volume /github/workspace/mnt/ozone/hadoop-ozone/integration-test/target/test-dir/MiniOzoneClusterImpl-3ca51f30-c846-4083-9b7f-c1ea6aa91ff4/datanode-0/data-0/containers/hdds
2020-12-20 13:58:05,465 [Listener at 127.0.0.1/38459] INFO  ozoneimpl.OzoneContainer (OzoneContainer.java:buildContainerSet(194)) - Build ContainerSet costs 0s
2020-12-20 13:58:05,467 [Listener at 127.0.0.1/38459] INFO  impl.RaftServerProxy (ConfUtils.java:logGet(44)) - raft.rpc.type = GRPC (default)
2020-12-20 13:58:05,467 [Listener at 127.0.0.1/38459] INFO  grpc.GrpcFactory (GrpcFactory.java:checkPooledByteBufAllocatorUseCacheForAllThreads(45)) - PERFORMANCE WARNING: useCacheForAllThreads is true that may cause Netty to create a lot garbage objects and, as a result, trigger GC.
	It is recommended to disable useCacheForAllThreads by setting -Dorg.apache.ratis.thirdparty.io.netty.allocator.useCacheForAllThreads=false in command line.
2020-12-20 13:58:05,467 [Listener at 127.0.0.1/38459] INFO  grpc.GrpcConfigKeys (ConfUtils.java:logGet(44)) - raft.grpc.server.port = 0 (default)
2020-12-20 13:58:05,468 [Listener at 127.0.0.1/38459] INFO  server.GrpcService (ConfUtils.java:logGet(44)) - raft.grpc.message.size.max = 32MB (=33554432) (custom)
2020-12-20 13:58:05,468 [Listener at 127.0.0.1/38459] INFO  server.RaftServerConfigKeys (ConfUtils.java:logGet(44)) - raft.server.log.appender.buffer.byte-limit = 33554432 (custom)
2020-12-20 13:58:05,468 [Listener at 127.0.0.1/38459] INFO  server.GrpcService (ConfUtils.java:logGet(44)) - raft.grpc.flow.control.window = 5MB (=5242880) (custom)
2020-12-20 13:58:05,468 [Listener at 127.0.0.1/38459] INFO  server.RaftServerConfigKeys (ConfUtils.java:logGet(44)) - raft.server.rpc.request.timeout = 60s (custom)
2020-12-20 13:58:05,469 [Listener at 127.0.0.1/38459] INFO  impl.DataStreamServerImpl (ConfUtils.java:logGet(44)) - raft.datastream.type = DISABLED (default)
2020-12-20 13:58:05,470 [Listener at 127.0.0.1/38459] INFO  server.RaftServerConfigKeys (ConfUtils.java:logGet(44)) - raft.server.storage.dir = [/github/workspace/mnt/ozone/hadoop-ozone/integration-test/target/test-dir/MiniOzoneClusterImpl-3ca51f30-c846-4083-9b7f-c1ea6aa91ff4/datanode-0/data/ratis] (custom)
2020-12-20 13:58:05,537 [Listener at 127.0.0.1/38459] INFO  http.BaseHttpServer (BaseHttpServer.java:newHttpServer2BuilderForOzone(207)) - Starting Web-server for hddsDatanode at: http://0.0.0.0:0
2020-12-20 13:58:05,537 [Listener at 127.0.0.1/38459] INFO  http.BaseHttpServer (BaseHttpServer.java:<init>(106)) - Hadoop Security Enabled: false Ozone Security Enabled: false Ozone HTTP Security Enabled: false 
2020-12-20 13:58:05,538 [Listener at 127.0.0.1/38459] INFO  server.AuthenticationFilter (AuthenticationFilter.java:constructSecretProvider(240)) - Unable to initialize FileSignerSecretProvider, falling back to use random secrets.
2020-12-20 13:58:05,539 [Listener at 127.0.0.1/38459] WARN  http.HttpRequestLog (HttpRequestLog.java:getRequestLog(103)) - Jetty request log can only be enabled using Log4j
2020-12-20 13:58:05,540 [Listener at 127.0.0.1/38459] INFO  http.HttpServer2 (HttpServer2.java:addGlobalFilter(1020)) - Added global filter 'safety' (class=org.apache.hadoop.hdds.server.http.HttpServer2$QuotingInputFilter)
2020-12-20 13:58:05,541 [Listener at 127.0.0.1/38459] INFO  http.HttpServer2 (HttpServer2.java:addFilter(996)) - Added filter static_user_filter (class=org.apache.hadoop.http.lib.StaticUserWebFilter$StaticUserFilter) to context hddsDatanode
2020-12-20 13:58:05,541 [Listener at 127.0.0.1/38459] INFO  http.HttpServer2 (HttpServer2.java:addFilter(1004)) - Added filter static_user_filter (class=org.apache.hadoop.http.lib.StaticUserWebFilter$StaticUserFilter) to context logs
2020-12-20 13:58:05,541 [Listener at 127.0.0.1/38459] INFO  http.HttpServer2 (HttpServer2.java:addFilter(1004)) - Added filter static_user_filter (class=org.apache.hadoop.http.lib.StaticUserWebFilter$StaticUserFilter) to context static
2020-12-20 13:58:05,542 [Listener at 127.0.0.1/38459] INFO  http.HttpServer2 (HttpServer2.java:bindListener(1238)) - Jetty bound to port 33875
2020-12-20 13:58:05,542 [Listener at 127.0.0.1/38459] INFO  server.Server (Server.java:doStart(375)) - jetty-9.4.34.v20201102; built: 2020-11-02T14:15:39.302Z; git: e46af88704a893fc12cb0e3bf46e2c7b48a009e7; jvm 1.8.0_232-b09
2020-12-20 13:58:05,543 [Listener at 127.0.0.1/38459] INFO  server.session (DefaultSessionIdManager.java:doStart(334)) - DefaultSessionIdManager workerName=node0
2020-12-20 13:58:05,543 [Listener at 127.0.0.1/38459] INFO  server.session (DefaultSessionIdManager.java:doStart(339)) - No SessionScavenger set, using defaults
2020-12-20 13:58:05,543 [Listener at 127.0.0.1/38459] INFO  server.session (HouseKeeper.java:startScavenging(132)) - node0 Scavenging every 600000ms
2020-12-20 13:58:05,545 [Listener at 127.0.0.1/38459] INFO  handler.ContextHandler (ContextHandler.java:doStart(916)) - Started o.e.j.s.ServletContextHandler@723fadfe{logs,/logs,file:///github/workspace/mnt/ozone/hadoop-ozone/integration-test/target/log,AVAILABLE}
2020-12-20 13:58:05,545 [Listener at 127.0.0.1/38459] INFO  handler.ContextHandler (ContextHandler.java:doStart(916)) - Started o.e.j.s.ServletContextHandler@176b3279{static,/static,jar:file:/home/user/.m2/repository/org/apache/hadoop/hadoop-hdds-container-service/1.1.0-SNAPSHOT/hadoop-hdds-container-service-1.1.0-SNAPSHOT.jar!/webapps/static,AVAILABLE}
2020-12-20 13:58:05,711 [Listener at 127.0.0.1/38459] INFO  handler.ContextHandler (ContextHandler.java:doStart(916)) - Started o.e.j.w.WebAppContext@4d6cdebb{hddsDatanode,/,file:///tmp/jetty-0_0_0_0-33875-hadoop-hdds-container-service-1_1_0-SNAPSHOT_jar-_-any-7237507849161348088/webapp/,AVAILABLE}{jar:file:/home/user/.m2/repository/org/apache/hadoop/hadoop-hdds-container-service/1.1.0-SNAPSHOT/hadoop-hdds-container-service-1.1.0-SNAPSHOT.jar!/webapps/hddsDatanode}
2020-12-20 13:58:05,712 [Listener at 127.0.0.1/38459] INFO  server.AbstractConnector (AbstractConnector.java:doStart(331)) - Started ServerConnector@2ea6687b{HTTP/1.1, (http/1.1)}{0.0.0.0:33875}
2020-12-20 13:58:05,713 [Listener at 127.0.0.1/38459] INFO  server.Server (Server.java:doStart(415)) - Started @58173ms
2020-12-20 13:58:05,713 [Listener at 127.0.0.1/38459] WARN  impl.MetricsSystemImpl (MetricsSystemImpl.java:register(276)) - Sink prometheus already exists!
2020-12-20 13:58:05,778 [Listener at 127.0.0.1/38459] INFO  http.BaseHttpServer (BaseHttpServer.java:updateConnectorAddress(327)) - HTTP server of hddsDatanode listening at http://0.0.0.0:33875
2020-12-20 13:58:05,783 [Listener at 127.0.0.1/38459] INFO  impl.MetricsSystemImpl (MetricsSystemImpl.java:init(158)) - HddsDatanode metrics system started (again)
2020-12-20 13:58:05,788 [Listener at 127.0.0.1/38459] INFO  ozone.HddsDatanodeService (HddsDatanodeService.java:start(217)) - HddsDatanodeService host:fc04eb3d93c3 ip:172.17.0.2
2020-12-20 13:58:05,789 [Datanode State Machine Task Thread - 0] INFO  datanode.InitDatanodeState (InitDatanodeState.java:persistContainerDatanodeDetails(145)) - DatanodeDetails is persisted to /github/workspace/mnt/ozone/hadoop-ozone/integration-test/target/test-dir/MiniOzoneClusterImpl-3ca51f30-c846-4083-9b7f-c1ea6aa91ff4/datanode-0/meta/datanode.id
2020-12-20 13:58:05,789 [org.apache.hadoop.util.JvmPauseMonitor$Monitor@7e4869ae] INFO  util.JvmPauseMonitor (JvmPauseMonitor.java:run(188)) - Starting JVM pause monitor
2020-12-20 13:58:05,791 [Listener at 127.0.0.1/38459] INFO  volume.HddsVolume (HddsVolume.java:<init>(176)) - Creating Volume: /github/workspace/mnt/ozone/hadoop-ozone/integration-test/target/test-dir/MiniOzoneClusterImpl-3ca51f30-c846-4083-9b7f-c1ea6aa91ff4/datanode-1/data-0/containers/hdds of storage type : DISK and capacity : 9223372036854775807
2020-12-20 13:58:05,791 [Listener at 127.0.0.1/38459] INFO  volume.MutableVolumeSet (MutableVolumeSet.java:initializeVolumeSet(179)) - Added Volume : /github/workspace/mnt/ozone/hadoop-ozone/integration-test/target/test-dir/MiniOzoneClusterImpl-3ca51f30-c846-4083-9b7f-c1ea6aa91ff4/datanode-1/data-0/containers/hdds to VolumeSet
2020-12-20 13:58:05,792 [Listener at 127.0.0.1/38459] INFO  volume.ThrottledAsyncChecker (ThrottledAsyncChecker.java:schedule(141)) - Scheduling a check for /github/workspace/mnt/ozone/hadoop-ozone/integration-test/target/test-dir/MiniOzoneClusterImpl-3ca51f30-c846-4083-9b7f-c1ea6aa91ff4/datanode-1/data-0/containers/hdds
2020-12-20 13:58:05,792 [Listener at 127.0.0.1/38459] INFO  volume.HddsVolumeChecker (HddsVolumeChecker.java:checkAllVolumes(200)) - Scheduled health check for volume /github/workspace/mnt/ozone/hadoop-ozone/integration-test/target/test-dir/MiniOzoneClusterImpl-3ca51f30-c846-4083-9b7f-c1ea6aa91ff4/datanode-1/data-0/containers/hdds
2020-12-20 13:58:05,810 [Thread-743] INFO  ozoneimpl.ContainerReader (ContainerReader.java:readVolume(123)) - Start to verify containers on volume /github/workspace/mnt/ozone/hadoop-ozone/integration-test/target/test-dir/MiniOzoneClusterImpl-3ca51f30-c846-4083-9b7f-c1ea6aa91ff4/datanode-1/data-0/containers/hdds
2020-12-20 13:58:05,810 [Thread-743] INFO  ozoneimpl.ContainerReader (ContainerReader.java:readVolume(148)) - Finish verifying containers on volume /github/workspace/mnt/ozone/hadoop-ozone/integration-test/target/test-dir/MiniOzoneClusterImpl-3ca51f30-c846-4083-9b7f-c1ea6aa91ff4/datanode-1/data-0/containers/hdds
2020-12-20 13:58:05,810 [Listener at 127.0.0.1/38459] INFO  ozoneimpl.OzoneContainer (OzoneContainer.java:buildContainerSet(194)) - Build ContainerSet costs 0s
2020-12-20 13:58:05,813 [Listener at 127.0.0.1/38459] INFO  impl.RaftServerProxy (ConfUtils.java:logGet(44)) - raft.rpc.type = GRPC (default)
2020-12-20 13:58:05,813 [Listener at 127.0.0.1/38459] INFO  grpc.GrpcFactory (GrpcFactory.java:checkPooledByteBufAllocatorUseCacheForAllThreads(45)) - PERFORMANCE WARNING: useCacheForAllThreads is true that may cause Netty to create a lot garbage objects and, as a result, trigger GC.
	It is recommended to disable useCacheForAllThreads by setting -Dorg.apache.ratis.thirdparty.io.netty.allocator.useCacheForAllThreads=false in command line.
2020-12-20 13:58:05,813 [Listener at 127.0.0.1/38459] INFO  grpc.GrpcConfigKeys (ConfUtils.java:logGet(44)) - raft.grpc.server.port = 0 (default)
2020-12-20 13:58:05,813 [Listener at 127.0.0.1/38459] INFO  server.GrpcService (ConfUtils.java:logGet(44)) - raft.grpc.message.size.max = 32MB (=33554432) (custom)
2020-12-20 13:58:05,813 [Listener at 127.0.0.1/38459] INFO  server.RaftServerConfigKeys (ConfUtils.java:logGet(44)) - raft.server.log.appender.buffer.byte-limit = 33554432 (custom)
2020-12-20 13:58:05,813 [Listener at 127.0.0.1/38459] INFO  server.GrpcService (ConfUtils.java:logGet(44)) - raft.grpc.flow.control.window = 5MB (=5242880) (custom)
2020-12-20 13:58:05,814 [Listener at 127.0.0.1/38459] INFO  server.RaftServerConfigKeys (ConfUtils.java:logGet(44)) - raft.server.rpc.request.timeout = 60s (custom)
2020-12-20 13:58:05,815 [Listener at 127.0.0.1/38459] INFO  impl.DataStreamServerImpl (ConfUtils.java:logGet(44)) - raft.datastream.type = DISABLED (default)
2020-12-20 13:58:05,815 [Listener at 127.0.0.1/38459] INFO  server.RaftServerConfigKeys (ConfUtils.java:logGet(44)) - raft.server.storage.dir = [/github/workspace/mnt/ozone/hadoop-ozone/integration-test/target/test-dir/MiniOzoneClusterImpl-3ca51f30-c846-4083-9b7f-c1ea6aa91ff4/datanode-1/data/ratis] (custom)
2020-12-20 13:58:05,881 [Listener at 127.0.0.1/38459] INFO  http.BaseHttpServer (BaseHttpServer.java:newHttpServer2BuilderForOzone(207)) - Starting Web-server for hddsDatanode at: http://0.0.0.0:0
2020-12-20 13:58:05,881 [Listener at 127.0.0.1/38459] INFO  http.BaseHttpServer (BaseHttpServer.java:<init>(106)) - Hadoop Security Enabled: false Ozone Security Enabled: false Ozone HTTP Security Enabled: false 
2020-12-20 13:58:05,883 [Listener at 127.0.0.1/38459] INFO  server.AuthenticationFilter (AuthenticationFilter.java:constructSecretProvider(240)) - Unable to initialize FileSignerSecretProvider, falling back to use random secrets.
2020-12-20 13:58:05,883 [Listener at 127.0.0.1/38459] WARN  http.HttpRequestLog (HttpRequestLog.java:getRequestLog(103)) - Jetty request log can only be enabled using Log4j
2020-12-20 13:58:05,884 [Listener at 127.0.0.1/38459] INFO  http.HttpServer2 (HttpServer2.java:addGlobalFilter(1020)) - Added global filter 'safety' (class=org.apache.hadoop.hdds.server.http.HttpServer2$QuotingInputFilter)
2020-12-20 13:58:05,885 [Listener at 127.0.0.1/38459] INFO  http.HttpServer2 (HttpServer2.java:addFilter(996)) - Added filter static_user_filter (class=org.apache.hadoop.http.lib.StaticUserWebFilter$StaticUserFilter) to context hddsDatanode
2020-12-20 13:58:05,885 [Listener at 127.0.0.1/38459] INFO  http.HttpServer2 (HttpServer2.java:addFilter(1004)) - Added filter static_user_filter (class=org.apache.hadoop.http.lib.StaticUserWebFilter$StaticUserFilter) to context logs
2020-12-20 13:58:05,885 [Listener at 127.0.0.1/38459] INFO  http.HttpServer2 (HttpServer2.java:addFilter(1004)) - Added filter static_user_filter (class=org.apache.hadoop.http.lib.StaticUserWebFilter$StaticUserFilter) to context static
2020-12-20 13:58:05,885 [Listener at 127.0.0.1/38459] INFO  http.HttpServer2 (HttpServer2.java:bindListener(1238)) - Jetty bound to port 42789
2020-12-20 13:58:05,886 [Listener at 127.0.0.1/38459] INFO  server.Server (Server.java:doStart(375)) - jetty-9.4.34.v20201102; built: 2020-11-02T14:15:39.302Z; git: e46af88704a893fc12cb0e3bf46e2c7b48a009e7; jvm 1.8.0_232-b09
2020-12-20 13:58:05,887 [Listener at 127.0.0.1/38459] INFO  server.session (DefaultSessionIdManager.java:doStart(334)) - DefaultSessionIdManager workerName=node0
2020-12-20 13:58:05,887 [Listener at 127.0.0.1/38459] INFO  server.session (DefaultSessionIdManager.java:doStart(339)) - No SessionScavenger set, using defaults
2020-12-20 13:58:05,887 [Listener at 127.0.0.1/38459] INFO  server.session (HouseKeeper.java:startScavenging(132)) - node0 Scavenging every 600000ms
2020-12-20 13:58:05,888 [Listener at 127.0.0.1/38459] INFO  handler.ContextHandler (ContextHandler.java:doStart(916)) - Started o.e.j.s.ServletContextHandler@43201fd1{logs,/logs,file:///github/workspace/mnt/ozone/hadoop-ozone/integration-test/target/log,AVAILABLE}
2020-12-20 13:58:05,888 [Listener at 127.0.0.1/38459] INFO  handler.ContextHandler (ContextHandler.java:doStart(916)) - Started o.e.j.s.ServletContextHandler@44c073bd{static,/static,jar:file:/home/user/.m2/repository/org/apache/hadoop/hadoop-hdds-container-service/1.1.0-SNAPSHOT/hadoop-hdds-container-service-1.1.0-SNAPSHOT.jar!/webapps/static,AVAILABLE}
2020-12-20 13:58:06,056 [Listener at 127.0.0.1/38459] INFO  handler.ContextHandler (ContextHandler.java:doStart(916)) - Started o.e.j.w.WebAppContext@1785e670{hddsDatanode,/,file:///tmp/jetty-0_0_0_0-42789-hadoop-hdds-container-service-1_1_0-SNAPSHOT_jar-_-any-7997780871547379534/webapp/,AVAILABLE}{jar:file:/home/user/.m2/repository/org/apache/hadoop/hadoop-hdds-container-service/1.1.0-SNAPSHOT/hadoop-hdds-container-service-1.1.0-SNAPSHOT.jar!/webapps/hddsDatanode}
2020-12-20 13:58:06,058 [Listener at 127.0.0.1/38459] INFO  server.AbstractConnector (AbstractConnector.java:doStart(331)) - Started ServerConnector@6c249eb5{HTTP/1.1, (http/1.1)}{0.0.0.0:42789}
2020-12-20 13:58:06,058 [Listener at 127.0.0.1/38459] INFO  server.Server (Server.java:doStart(415)) - Started @58519ms
2020-12-20 13:58:06,058 [Listener at 127.0.0.1/38459] WARN  impl.MetricsSystemImpl (MetricsSystemImpl.java:register(276)) - Sink prometheus already exists!
2020-12-20 13:58:06,123 [Listener at 127.0.0.1/38459] INFO  http.BaseHttpServer (BaseHttpServer.java:updateConnectorAddress(327)) - HTTP server of hddsDatanode listening at http://0.0.0.0:42789
2020-12-20 13:58:06,125 [Listener at 127.0.0.1/38459] INFO  impl.MetricsSystemImpl (MetricsSystemImpl.java:init(158)) - HddsDatanode metrics system started (again)
2020-12-20 13:58:06,127 [Listener at 127.0.0.1/38459] INFO  ozone.HddsDatanodeService (HddsDatanodeService.java:start(217)) - HddsDatanodeService host:fc04eb3d93c3 ip:172.17.0.2
2020-12-20 13:58:06,137 [org.apache.hadoop.util.JvmPauseMonitor$Monitor@3f91a66e] INFO  util.JvmPauseMonitor (JvmPauseMonitor.java:run(188)) - Starting JVM pause monitor
2020-12-20 13:58:06,138 [Listener at 127.0.0.1/38459] INFO  volume.HddsVolume (HddsVolume.java:<init>(176)) - Creating Volume: /github/workspace/mnt/ozone/hadoop-ozone/integration-test/target/test-dir/MiniOzoneClusterImpl-3ca51f30-c846-4083-9b7f-c1ea6aa91ff4/datanode-2/data-0/containers/hdds of storage type : DISK and capacity : 9223372036854775807
2020-12-20 13:58:06,138 [Listener at 127.0.0.1/38459] INFO  volume.MutableVolumeSet (MutableVolumeSet.java:initializeVolumeSet(179)) - Added Volume : /github/workspace/mnt/ozone/hadoop-ozone/integration-test/target/test-dir/MiniOzoneClusterImpl-3ca51f30-c846-4083-9b7f-c1ea6aa91ff4/datanode-2/data-0/containers/hdds to VolumeSet
2020-12-20 13:58:06,139 [Listener at 127.0.0.1/38459] INFO  volume.ThrottledAsyncChecker (ThrottledAsyncChecker.java:schedule(141)) - Scheduling a check for /github/workspace/mnt/ozone/hadoop-ozone/integration-test/target/test-dir/MiniOzoneClusterImpl-3ca51f30-c846-4083-9b7f-c1ea6aa91ff4/datanode-2/data-0/containers/hdds
2020-12-20 13:58:06,140 [Datanode State Machine Task Thread - 0] INFO  datanode.InitDatanodeState (InitDatanodeState.java:persistContainerDatanodeDetails(145)) - DatanodeDetails is persisted to /github/workspace/mnt/ozone/hadoop-ozone/integration-test/target/test-dir/MiniOzoneClusterImpl-3ca51f30-c846-4083-9b7f-c1ea6aa91ff4/datanode-1/meta/datanode.id
2020-12-20 13:58:06,141 [Listener at 127.0.0.1/38459] INFO  volume.HddsVolumeChecker (HddsVolumeChecker.java:checkAllVolumes(200)) - Scheduled health check for volume /github/workspace/mnt/ozone/hadoop-ozone/integration-test/target/test-dir/MiniOzoneClusterImpl-3ca51f30-c846-4083-9b7f-c1ea6aa91ff4/datanode-2/data-0/containers/hdds
2020-12-20 13:58:06,162 [Thread-754] INFO  ozoneimpl.ContainerReader (ContainerReader.java:readVolume(123)) - Start to verify containers on volume /github/workspace/mnt/ozone/hadoop-ozone/integration-test/target/test-dir/MiniOzoneClusterImpl-3ca51f30-c846-4083-9b7f-c1ea6aa91ff4/datanode-2/data-0/containers/hdds
2020-12-20 13:58:06,162 [Thread-754] INFO  ozoneimpl.ContainerReader (ContainerReader.java:readVolume(148)) - Finish verifying containers on volume /github/workspace/mnt/ozone/hadoop-ozone/integration-test/target/test-dir/MiniOzoneClusterImpl-3ca51f30-c846-4083-9b7f-c1ea6aa91ff4/datanode-2/data-0/containers/hdds
2020-12-20 13:58:06,162 [Listener at 127.0.0.1/38459] INFO  ozoneimpl.OzoneContainer (OzoneContainer.java:buildContainerSet(194)) - Build ContainerSet costs 0s
2020-12-20 13:58:06,165 [Listener at 127.0.0.1/38459] INFO  impl.RaftServerProxy (ConfUtils.java:logGet(44)) - raft.rpc.type = GRPC (default)
2020-12-20 13:58:06,165 [Listener at 127.0.0.1/38459] INFO  grpc.GrpcFactory (GrpcFactory.java:checkPooledByteBufAllocatorUseCacheForAllThreads(45)) - PERFORMANCE WARNING: useCacheForAllThreads is true that may cause Netty to create a lot garbage objects and, as a result, trigger GC.
	It is recommended to disable useCacheForAllThreads by setting -Dorg.apache.ratis.thirdparty.io.netty.allocator.useCacheForAllThreads=false in command line.
2020-12-20 13:58:06,165 [Listener at 127.0.0.1/38459] INFO  grpc.GrpcConfigKeys (ConfUtils.java:logGet(44)) - raft.grpc.server.port = 0 (default)
2020-12-20 13:58:06,165 [Listener at 127.0.0.1/38459] INFO  server.GrpcService (ConfUtils.java:logGet(44)) - raft.grpc.message.size.max = 32MB (=33554432) (custom)
2020-12-20 13:58:06,165 [Listener at 127.0.0.1/38459] INFO  server.RaftServerConfigKeys (ConfUtils.java:logGet(44)) - raft.server.log.appender.buffer.byte-limit = 33554432 (custom)
2020-12-20 13:58:06,165 [Listener at 127.0.0.1/38459] INFO  server.GrpcService (ConfUtils.java:logGet(44)) - raft.grpc.flow.control.window = 5MB (=5242880) (custom)
2020-12-20 13:58:06,166 [Listener at 127.0.0.1/38459] INFO  server.RaftServerConfigKeys (ConfUtils.java:logGet(44)) - raft.server.rpc.request.timeout = 60s (custom)
2020-12-20 13:58:06,167 [Listener at 127.0.0.1/38459] INFO  impl.DataStreamServerImpl (ConfUtils.java:logGet(44)) - raft.datastream.type = DISABLED (default)
2020-12-20 13:58:06,167 [Listener at 127.0.0.1/38459] INFO  server.RaftServerConfigKeys (ConfUtils.java:logGet(44)) - raft.server.storage.dir = [/github/workspace/mnt/ozone/hadoop-ozone/integration-test/target/test-dir/MiniOzoneClusterImpl-3ca51f30-c846-4083-9b7f-c1ea6aa91ff4/datanode-2/data/ratis] (custom)
2020-12-20 13:58:06,235 [Listener at 127.0.0.1/38459] INFO  http.BaseHttpServer (BaseHttpServer.java:newHttpServer2BuilderForOzone(207)) - Starting Web-server for hddsDatanode at: http://0.0.0.0:0
2020-12-20 13:58:06,235 [Listener at 127.0.0.1/38459] INFO  http.BaseHttpServer (BaseHttpServer.java:<init>(106)) - Hadoop Security Enabled: false Ozone Security Enabled: false Ozone HTTP Security Enabled: false 
2020-12-20 13:58:06,236 [Listener at 127.0.0.1/38459] INFO  server.AuthenticationFilter (AuthenticationFilter.java:constructSecretProvider(240)) - Unable to initialize FileSignerSecretProvider, falling back to use random secrets.
2020-12-20 13:58:06,237 [Listener at 127.0.0.1/38459] WARN  http.HttpRequestLog (HttpRequestLog.java:getRequestLog(103)) - Jetty request log can only be enabled using Log4j
2020-12-20 13:58:06,238 [Listener at 127.0.0.1/38459] INFO  http.HttpServer2 (HttpServer2.java:addGlobalFilter(1020)) - Added global filter 'safety' (class=org.apache.hadoop.hdds.server.http.HttpServer2$QuotingInputFilter)
2020-12-20 13:58:06,238 [Listener at 127.0.0.1/38459] INFO  http.HttpServer2 (HttpServer2.java:addFilter(996)) - Added filter static_user_filter (class=org.apache.hadoop.http.lib.StaticUserWebFilter$StaticUserFilter) to context hddsDatanode
2020-12-20 13:58:06,239 [Listener at 127.0.0.1/38459] INFO  http.HttpServer2 (HttpServer2.java:addFilter(1004)) - Added filter static_user_filter (class=org.apache.hadoop.http.lib.StaticUserWebFilter$StaticUserFilter) to context logs
2020-12-20 13:58:06,239 [Listener at 127.0.0.1/38459] INFO  http.HttpServer2 (HttpServer2.java:addFilter(1004)) - Added filter static_user_filter (class=org.apache.hadoop.http.lib.StaticUserWebFilter$StaticUserFilter) to context static
2020-12-20 13:58:06,239 [Listener at 127.0.0.1/38459] INFO  http.HttpServer2 (HttpServer2.java:bindListener(1238)) - Jetty bound to port 45843
2020-12-20 13:58:06,239 [Listener at 127.0.0.1/38459] INFO  server.Server (Server.java:doStart(375)) - jetty-9.4.34.v20201102; built: 2020-11-02T14:15:39.302Z; git: e46af88704a893fc12cb0e3bf46e2c7b48a009e7; jvm 1.8.0_232-b09
2020-12-20 13:58:06,241 [Listener at 127.0.0.1/38459] INFO  server.session (DefaultSessionIdManager.java:doStart(334)) - DefaultSessionIdManager workerName=node0
2020-12-20 13:58:06,242 [Listener at 127.0.0.1/38459] INFO  server.session (DefaultSessionIdManager.java:doStart(339)) - No SessionScavenger set, using defaults
2020-12-20 13:58:06,242 [Listener at 127.0.0.1/38459] INFO  server.session (HouseKeeper.java:startScavenging(132)) - node0 Scavenging every 660000ms
2020-12-20 13:58:06,242 [Listener at 127.0.0.1/38459] INFO  handler.ContextHandler (ContextHandler.java:doStart(916)) - Started o.e.j.s.ServletContextHandler@6fd364a3{logs,/logs,file:///github/workspace/mnt/ozone/hadoop-ozone/integration-test/target/log,AVAILABLE}
2020-12-20 13:58:06,243 [Listener at 127.0.0.1/38459] INFO  handler.ContextHandler (ContextHandler.java:doStart(916)) - Started o.e.j.s.ServletContextHandler@7262e23e{static,/static,jar:file:/home/user/.m2/repository/org/apache/hadoop/hadoop-hdds-container-service/1.1.0-SNAPSHOT/hadoop-hdds-container-service-1.1.0-SNAPSHOT.jar!/webapps/static,AVAILABLE}
2020-12-20 13:58:06,404 [Listener at 127.0.0.1/38459] INFO  handler.ContextHandler (ContextHandler.java:doStart(916)) - Started o.e.j.w.WebAppContext@6456fcc4{hddsDatanode,/,file:///tmp/jetty-0_0_0_0-45843-hadoop-hdds-container-service-1_1_0-SNAPSHOT_jar-_-any-8148649049696812375/webapp/,AVAILABLE}{jar:file:/home/user/.m2/repository/org/apache/hadoop/hadoop-hdds-container-service/1.1.0-SNAPSHOT/hadoop-hdds-container-service-1.1.0-SNAPSHOT.jar!/webapps/hddsDatanode}
2020-12-20 13:58:06,405 [Listener at 127.0.0.1/38459] INFO  server.AbstractConnector (AbstractConnector.java:doStart(331)) - Started ServerConnector@560def6c{HTTP/1.1, (http/1.1)}{0.0.0.0:45843}
2020-12-20 13:58:06,406 [Listener at 127.0.0.1/38459] INFO  server.Server (Server.java:doStart(415)) - Started @58866ms
2020-12-20 13:58:06,406 [Listener at 127.0.0.1/38459] WARN  impl.MetricsSystemImpl (MetricsSystemImpl.java:register(276)) - Sink prometheus already exists!
2020-12-20 13:58:06,471 [Listener at 127.0.0.1/38459] INFO  http.BaseHttpServer (BaseHttpServer.java:updateConnectorAddress(327)) - HTTP server of hddsDatanode listening at http://0.0.0.0:45843
2020-12-20 13:58:06,473 [Listener at 127.0.0.1/38459] INFO  impl.MetricsSystemImpl (MetricsSystemImpl.java:init(158)) - HddsDatanode metrics system started (again)
2020-12-20 13:58:06,475 [Listener at 127.0.0.1/38459] INFO  ozone.HddsDatanodeService (HddsDatanodeService.java:start(217)) - HddsDatanodeService host:fc04eb3d93c3 ip:172.17.0.2
2020-12-20 13:58:06,477 [Listener at 127.0.0.1/38459] INFO  volume.HddsVolume (HddsVolume.java:<init>(176)) - Creating Volume: /github/workspace/mnt/ozone/hadoop-ozone/integration-test/target/test-dir/MiniOzoneClusterImpl-3ca51f30-c846-4083-9b7f-c1ea6aa91ff4/datanode-3/data-0/containers/hdds of storage type : DISK and capacity : 9223372036854775807
2020-12-20 13:58:06,477 [Listener at 127.0.0.1/38459] INFO  volume.MutableVolumeSet (MutableVolumeSet.java:initializeVolumeSet(179)) - Added Volume : /github/workspace/mnt/ozone/hadoop-ozone/integration-test/target/test-dir/MiniOzoneClusterImpl-3ca51f30-c846-4083-9b7f-c1ea6aa91ff4/datanode-3/data-0/containers/hdds to VolumeSet
2020-12-20 13:58:06,477 [Listener at 127.0.0.1/38459] INFO  volume.ThrottledAsyncChecker (ThrottledAsyncChecker.java:schedule(141)) - Scheduling a check for /github/workspace/mnt/ozone/hadoop-ozone/integration-test/target/test-dir/MiniOzoneClusterImpl-3ca51f30-c846-4083-9b7f-c1ea6aa91ff4/datanode-3/data-0/containers/hdds
2020-12-20 13:58:06,478 [Listener at 127.0.0.1/38459] INFO  volume.HddsVolumeChecker (HddsVolumeChecker.java:checkAllVolumes(200)) - Scheduled health check for volume /github/workspace/mnt/ozone/hadoop-ozone/integration-test/target/test-dir/MiniOzoneClusterImpl-3ca51f30-c846-4083-9b7f-c1ea6aa91ff4/datanode-3/data-0/containers/hdds
2020-12-20 13:58:06,478 [org.apache.hadoop.util.JvmPauseMonitor$Monitor@d22c550] INFO  util.JvmPauseMonitor (JvmPauseMonitor.java:run(188)) - Starting JVM pause monitor
2020-12-20 13:58:06,480 [Datanode State Machine Task Thread - 0] INFO  datanode.InitDatanodeState (InitDatanodeState.java:persistContainerDatanodeDetails(145)) - DatanodeDetails is persisted to /github/workspace/mnt/ozone/hadoop-ozone/integration-test/target/test-dir/MiniOzoneClusterImpl-3ca51f30-c846-4083-9b7f-c1ea6aa91ff4/datanode-2/meta/datanode.id
2020-12-20 13:58:06,492 [Thread-765] INFO  ozoneimpl.ContainerReader (ContainerReader.java:readVolume(123)) - Start to verify containers on volume /github/workspace/mnt/ozone/hadoop-ozone/integration-test/target/test-dir/MiniOzoneClusterImpl-3ca51f30-c846-4083-9b7f-c1ea6aa91ff4/datanode-3/data-0/containers/hdds
2020-12-20 13:58:06,492 [Thread-765] INFO  ozoneimpl.ContainerReader (ContainerReader.java:readVolume(148)) - Finish verifying containers on volume /github/workspace/mnt/ozone/hadoop-ozone/integration-test/target/test-dir/MiniOzoneClusterImpl-3ca51f30-c846-4083-9b7f-c1ea6aa91ff4/datanode-3/data-0/containers/hdds
2020-12-20 13:58:06,492 [Listener at 127.0.0.1/38459] INFO  ozoneimpl.OzoneContainer (OzoneContainer.java:buildContainerSet(194)) - Build ContainerSet costs 0s
2020-12-20 13:58:06,494 [Listener at 127.0.0.1/38459] INFO  impl.RaftServerProxy (ConfUtils.java:logGet(44)) - raft.rpc.type = GRPC (default)
2020-12-20 13:58:06,495 [Listener at 127.0.0.1/38459] INFO  grpc.GrpcFactory (GrpcFactory.java:checkPooledByteBufAllocatorUseCacheForAllThreads(45)) - PERFORMANCE WARNING: useCacheForAllThreads is true that may cause Netty to create a lot garbage objects and, as a result, trigger GC.
	It is recommended to disable useCacheForAllThreads by setting -Dorg.apache.ratis.thirdparty.io.netty.allocator.useCacheForAllThreads=false in command line.
2020-12-20 13:58:06,495 [Listener at 127.0.0.1/38459] INFO  grpc.GrpcConfigKeys (ConfUtils.java:logGet(44)) - raft.grpc.server.port = 0 (default)
2020-12-20 13:58:06,495 [Listener at 127.0.0.1/38459] INFO  server.GrpcService (ConfUtils.java:logGet(44)) - raft.grpc.message.size.max = 32MB (=33554432) (custom)
2020-12-20 13:58:06,495 [Listener at 127.0.0.1/38459] INFO  server.RaftServerConfigKeys (ConfUtils.java:logGet(44)) - raft.server.log.appender.buffer.byte-limit = 33554432 (custom)
2020-12-20 13:58:06,495 [Listener at 127.0.0.1/38459] INFO  server.GrpcService (ConfUtils.java:logGet(44)) - raft.grpc.flow.control.window = 5MB (=5242880) (custom)
2020-12-20 13:58:06,496 [Listener at 127.0.0.1/38459] INFO  server.RaftServerConfigKeys (ConfUtils.java:logGet(44)) - raft.server.rpc.request.timeout = 60s (custom)
2020-12-20 13:58:06,497 [Listener at 127.0.0.1/38459] INFO  impl.DataStreamServerImpl (ConfUtils.java:logGet(44)) - raft.datastream.type = DISABLED (default)
2020-12-20 13:58:06,497 [Listener at 127.0.0.1/38459] INFO  server.RaftServerConfigKeys (ConfUtils.java:logGet(44)) - raft.server.storage.dir = [/github/workspace/mnt/ozone/hadoop-ozone/integration-test/target/test-dir/MiniOzoneClusterImpl-3ca51f30-c846-4083-9b7f-c1ea6aa91ff4/datanode-3/data/ratis] (custom)
2020-12-20 13:58:06,563 [Listener at 127.0.0.1/38459] INFO  http.BaseHttpServer (BaseHttpServer.java:newHttpServer2BuilderForOzone(207)) - Starting Web-server for hddsDatanode at: http://0.0.0.0:0
2020-12-20 13:58:06,563 [Listener at 127.0.0.1/38459] INFO  http.BaseHttpServer (BaseHttpServer.java:<init>(106)) - Hadoop Security Enabled: false Ozone Security Enabled: false Ozone HTTP Security Enabled: false 
2020-12-20 13:58:06,565 [Listener at 127.0.0.1/38459] INFO  server.AuthenticationFilter (AuthenticationFilter.java:constructSecretProvider(240)) - Unable to initialize FileSignerSecretProvider, falling back to use random secrets.
2020-12-20 13:58:06,565 [Listener at 127.0.0.1/38459] WARN  http.HttpRequestLog (HttpRequestLog.java:getRequestLog(103)) - Jetty request log can only be enabled using Log4j
2020-12-20 13:58:06,566 [Listener at 127.0.0.1/38459] INFO  http.HttpServer2 (HttpServer2.java:addGlobalFilter(1020)) - Added global filter 'safety' (class=org.apache.hadoop.hdds.server.http.HttpServer2$QuotingInputFilter)
2020-12-20 13:58:06,567 [Listener at 127.0.0.1/38459] INFO  http.HttpServer2 (HttpServer2.java:addFilter(996)) - Added filter static_user_filter (class=org.apache.hadoop.http.lib.StaticUserWebFilter$StaticUserFilter) to context hddsDatanode
2020-12-20 13:58:06,567 [Listener at 127.0.0.1/38459] INFO  http.HttpServer2 (HttpServer2.java:addFilter(1004)) - Added filter static_user_filter (class=org.apache.hadoop.http.lib.StaticUserWebFilter$StaticUserFilter) to context logs
2020-12-20 13:58:06,567 [Listener at 127.0.0.1/38459] INFO  http.HttpServer2 (HttpServer2.java:addFilter(1004)) - Added filter static_user_filter (class=org.apache.hadoop.http.lib.StaticUserWebFilter$StaticUserFilter) to context static
2020-12-20 13:58:06,567 [Listener at 127.0.0.1/38459] INFO  http.HttpServer2 (HttpServer2.java:bindListener(1238)) - Jetty bound to port 46437
2020-12-20 13:58:06,568 [Listener at 127.0.0.1/38459] INFO  server.Server (Server.java:doStart(375)) - jetty-9.4.34.v20201102; built: 2020-11-02T14:15:39.302Z; git: e46af88704a893fc12cb0e3bf46e2c7b48a009e7; jvm 1.8.0_232-b09
2020-12-20 13:58:06,569 [Listener at 127.0.0.1/38459] INFO  server.session (DefaultSessionIdManager.java:doStart(334)) - DefaultSessionIdManager workerName=node0
2020-12-20 13:58:06,569 [Listener at 127.0.0.1/38459] INFO  server.session (DefaultSessionIdManager.java:doStart(339)) - No SessionScavenger set, using defaults
2020-12-20 13:58:06,569 [Listener at 127.0.0.1/38459] INFO  server.session (HouseKeeper.java:startScavenging(132)) - node0 Scavenging every 600000ms
2020-12-20 13:58:06,570 [Listener at 127.0.0.1/38459] INFO  handler.ContextHandler (ContextHandler.java:doStart(916)) - Started o.e.j.s.ServletContextHandler@382d820{logs,/logs,file:///github/workspace/mnt/ozone/hadoop-ozone/integration-test/target/log,AVAILABLE}
2020-12-20 13:58:06,570 [Listener at 127.0.0.1/38459] INFO  handler.ContextHandler (ContextHandler.java:doStart(916)) - Started o.e.j.s.ServletContextHandler@2be71a78{static,/static,jar:file:/home/user/.m2/repository/org/apache/hadoop/hadoop-hdds-container-service/1.1.0-SNAPSHOT/hadoop-hdds-container-service-1.1.0-SNAPSHOT.jar!/webapps/static,AVAILABLE}
2020-12-20 13:58:06,732 [Listener at 127.0.0.1/38459] INFO  handler.ContextHandler (ContextHandler.java:doStart(916)) - Started o.e.j.w.WebAppContext@e888636{hddsDatanode,/,file:///tmp/jetty-0_0_0_0-46437-hadoop-hdds-container-service-1_1_0-SNAPSHOT_jar-_-any-8067774026779284543/webapp/,AVAILABLE}{jar:file:/home/user/.m2/repository/org/apache/hadoop/hadoop-hdds-container-service/1.1.0-SNAPSHOT/hadoop-hdds-container-service-1.1.0-SNAPSHOT.jar!/webapps/hddsDatanode}
2020-12-20 13:58:06,734 [Listener at 127.0.0.1/38459] INFO  server.AbstractConnector (AbstractConnector.java:doStart(331)) - Started ServerConnector@3f1e530c{HTTP/1.1, (http/1.1)}{0.0.0.0:46437}
2020-12-20 13:58:06,735 [Listener at 127.0.0.1/38459] INFO  server.Server (Server.java:doStart(415)) - Started @59196ms
2020-12-20 13:58:06,735 [Listener at 127.0.0.1/38459] WARN  impl.MetricsSystemImpl (MetricsSystemImpl.java:register(276)) - Sink prometheus already exists!
2020-12-20 13:58:06,799 [Listener at 127.0.0.1/38459] INFO  http.BaseHttpServer (BaseHttpServer.java:updateConnectorAddress(327)) - HTTP server of hddsDatanode listening at http://0.0.0.0:46437
2020-12-20 13:58:06,801 [Listener at 127.0.0.1/38459] INFO  impl.MetricsSystemImpl (MetricsSystemImpl.java:init(158)) - HddsDatanode metrics system started (again)
2020-12-20 13:58:06,803 [Datanode State Machine Task Thread - 0] INFO  datanode.InitDatanodeState (InitDatanodeState.java:persistContainerDatanodeDetails(145)) - DatanodeDetails is persisted to /github/workspace/mnt/ozone/hadoop-ozone/integration-test/target/test-dir/MiniOzoneClusterImpl-3ca51f30-c846-4083-9b7f-c1ea6aa91ff4/datanode-3/meta/datanode.id
2020-12-20 13:58:06,804 [org.apache.hadoop.util.JvmPauseMonitor$Monitor@865fbdf] INFO  util.JvmPauseMonitor (JvmPauseMonitor.java:run(188)) - Starting JVM pause monitor
2020-12-20 13:58:06,804 [Listener at 127.0.0.1/38459] INFO  ozone.HddsDatanodeService (HddsDatanodeService.java:start(217)) - HddsDatanodeService host:fc04eb3d93c3 ip:172.17.0.2
2020-12-20 13:58:06,805 [Listener at 127.0.0.1/38459] INFO  volume.HddsVolume (HddsVolume.java:<init>(176)) - Creating Volume: /github/workspace/mnt/ozone/hadoop-ozone/integration-test/target/test-dir/MiniOzoneClusterImpl-3ca51f30-c846-4083-9b7f-c1ea6aa91ff4/datanode-4/data-0/containers/hdds of storage type : DISK and capacity : 9223372036854775807
2020-12-20 13:58:06,805 [Listener at 127.0.0.1/38459] INFO  volume.MutableVolumeSet (MutableVolumeSet.java:initializeVolumeSet(179)) - Added Volume : /github/workspace/mnt/ozone/hadoop-ozone/integration-test/target/test-dir/MiniOzoneClusterImpl-3ca51f30-c846-4083-9b7f-c1ea6aa91ff4/datanode-4/data-0/containers/hdds to VolumeSet
2020-12-20 13:58:06,806 [Listener at 127.0.0.1/38459] INFO  volume.ThrottledAsyncChecker (ThrottledAsyncChecker.java:schedule(141)) - Scheduling a check for /github/workspace/mnt/ozone/hadoop-ozone/integration-test/target/test-dir/MiniOzoneClusterImpl-3ca51f30-c846-4083-9b7f-c1ea6aa91ff4/datanode-4/data-0/containers/hdds
2020-12-20 13:58:06,806 [Listener at 127.0.0.1/38459] INFO  volume.HddsVolumeChecker (HddsVolumeChecker.java:checkAllVolumes(200)) - Scheduled health check for volume /github/workspace/mnt/ozone/hadoop-ozone/integration-test/target/test-dir/MiniOzoneClusterImpl-3ca51f30-c846-4083-9b7f-c1ea6aa91ff4/datanode-4/data-0/containers/hdds
2020-12-20 13:58:06,819 [Thread-776] INFO  ozoneimpl.ContainerReader (ContainerReader.java:readVolume(123)) - Start to verify containers on volume /github/workspace/mnt/ozone/hadoop-ozone/integration-test/target/test-dir/MiniOzoneClusterImpl-3ca51f30-c846-4083-9b7f-c1ea6aa91ff4/datanode-4/data-0/containers/hdds
2020-12-20 13:58:06,819 [Thread-776] INFO  ozoneimpl.ContainerReader (ContainerReader.java:readVolume(148)) - Finish verifying containers on volume /github/workspace/mnt/ozone/hadoop-ozone/integration-test/target/test-dir/MiniOzoneClusterImpl-3ca51f30-c846-4083-9b7f-c1ea6aa91ff4/datanode-4/data-0/containers/hdds
2020-12-20 13:58:06,819 [Listener at 127.0.0.1/38459] INFO  ozoneimpl.OzoneContainer (OzoneContainer.java:buildContainerSet(194)) - Build ContainerSet costs 0s
2020-12-20 13:58:06,821 [Listener at 127.0.0.1/38459] INFO  impl.RaftServerProxy (ConfUtils.java:logGet(44)) - raft.rpc.type = GRPC (default)
2020-12-20 13:58:06,821 [Listener at 127.0.0.1/38459] INFO  grpc.GrpcFactory (GrpcFactory.java:checkPooledByteBufAllocatorUseCacheForAllThreads(45)) - PERFORMANCE WARNING: useCacheForAllThreads is true that may cause Netty to create a lot garbage objects and, as a result, trigger GC.
	It is recommended to disable useCacheForAllThreads by setting -Dorg.apache.ratis.thirdparty.io.netty.allocator.useCacheForAllThreads=false in command line.
2020-12-20 13:58:06,822 [Listener at 127.0.0.1/38459] INFO  grpc.GrpcConfigKeys (ConfUtils.java:logGet(44)) - raft.grpc.server.port = 0 (default)
2020-12-20 13:58:06,822 [Listener at 127.0.0.1/38459] INFO  server.GrpcService (ConfUtils.java:logGet(44)) - raft.grpc.message.size.max = 32MB (=33554432) (custom)
2020-12-20 13:58:06,822 [Listener at 127.0.0.1/38459] INFO  server.RaftServerConfigKeys (ConfUtils.java:logGet(44)) - raft.server.log.appender.buffer.byte-limit = 33554432 (custom)
2020-12-20 13:58:06,822 [Listener at 127.0.0.1/38459] INFO  server.GrpcService (ConfUtils.java:logGet(44)) - raft.grpc.flow.control.window = 5MB (=5242880) (custom)
2020-12-20 13:58:06,822 [Listener at 127.0.0.1/38459] INFO  server.RaftServerConfigKeys (ConfUtils.java:logGet(44)) - raft.server.rpc.request.timeout = 60s (custom)
2020-12-20 13:58:06,823 [Listener at 127.0.0.1/38459] INFO  impl.DataStreamServerImpl (ConfUtils.java:logGet(44)) - raft.datastream.type = DISABLED (default)
2020-12-20 13:58:06,823 [Listener at 127.0.0.1/38459] INFO  server.RaftServerConfigKeys (ConfUtils.java:logGet(44)) - raft.server.storage.dir = [/github/workspace/mnt/ozone/hadoop-ozone/integration-test/target/test-dir/MiniOzoneClusterImpl-3ca51f30-c846-4083-9b7f-c1ea6aa91ff4/datanode-4/data/ratis] (custom)
2020-12-20 13:58:06,890 [Listener at 127.0.0.1/38459] INFO  http.BaseHttpServer (BaseHttpServer.java:newHttpServer2BuilderForOzone(207)) - Starting Web-server for hddsDatanode at: http://0.0.0.0:0
2020-12-20 13:58:06,890 [Listener at 127.0.0.1/38459] INFO  http.BaseHttpServer (BaseHttpServer.java:<init>(106)) - Hadoop Security Enabled: false Ozone Security Enabled: false Ozone HTTP Security Enabled: false 
2020-12-20 13:58:06,892 [Listener at 127.0.0.1/38459] INFO  server.AuthenticationFilter (AuthenticationFilter.java:constructSecretProvider(240)) - Unable to initialize FileSignerSecretProvider, falling back to use random secrets.
2020-12-20 13:58:06,892 [Listener at 127.0.0.1/38459] WARN  http.HttpRequestLog (HttpRequestLog.java:getRequestLog(103)) - Jetty request log can only be enabled using Log4j
2020-12-20 13:58:06,893 [Listener at 127.0.0.1/38459] INFO  http.HttpServer2 (HttpServer2.java:addGlobalFilter(1020)) - Added global filter 'safety' (class=org.apache.hadoop.hdds.server.http.HttpServer2$QuotingInputFilter)
2020-12-20 13:58:06,894 [Listener at 127.0.0.1/38459] INFO  http.HttpServer2 (HttpServer2.java:addFilter(996)) - Added filter static_user_filter (class=org.apache.hadoop.http.lib.StaticUserWebFilter$StaticUserFilter) to context hddsDatanode
2020-12-20 13:58:06,894 [Listener at 127.0.0.1/38459] INFO  http.HttpServer2 (HttpServer2.java:addFilter(1004)) - Added filter static_user_filter (class=org.apache.hadoop.http.lib.StaticUserWebFilter$StaticUserFilter) to context logs
2020-12-20 13:58:06,894 [Listener at 127.0.0.1/38459] INFO  http.HttpServer2 (HttpServer2.java:addFilter(1004)) - Added filter static_user_filter (class=org.apache.hadoop.http.lib.StaticUserWebFilter$StaticUserFilter) to context static
2020-12-20 13:58:06,895 [Listener at 127.0.0.1/38459] INFO  http.HttpServer2 (HttpServer2.java:bindListener(1238)) - Jetty bound to port 40859
2020-12-20 13:58:06,895 [Listener at 127.0.0.1/38459] INFO  server.Server (Server.java:doStart(375)) - jetty-9.4.34.v20201102; built: 2020-11-02T14:15:39.302Z; git: e46af88704a893fc12cb0e3bf46e2c7b48a009e7; jvm 1.8.0_232-b09
2020-12-20 13:58:06,898 [Listener at 127.0.0.1/38459] INFO  server.session (DefaultSessionIdManager.java:doStart(334)) - DefaultSessionIdManager workerName=node0
2020-12-20 13:58:06,898 [Listener at 127.0.0.1/38459] INFO  server.session (DefaultSessionIdManager.java:doStart(339)) - No SessionScavenger set, using defaults
2020-12-20 13:58:06,898 [Listener at 127.0.0.1/38459] INFO  server.session (HouseKeeper.java:startScavenging(132)) - node0 Scavenging every 660000ms
2020-12-20 13:58:06,900 [Listener at 127.0.0.1/38459] INFO  handler.ContextHandler (ContextHandler.java:doStart(916)) - Started o.e.j.s.ServletContextHandler@79b2b427{logs,/logs,file:///github/workspace/mnt/ozone/hadoop-ozone/integration-test/target/log,AVAILABLE}
2020-12-20 13:58:06,900 [Listener at 127.0.0.1/38459] INFO  handler.ContextHandler (ContextHandler.java:doStart(916)) - Started o.e.j.s.ServletContextHandler@4e6a75a3{static,/static,jar:file:/home/user/.m2/repository/org/apache/hadoop/hadoop-hdds-container-service/1.1.0-SNAPSHOT/hadoop-hdds-container-service-1.1.0-SNAPSHOT.jar!/webapps/static,AVAILABLE}
2020-12-20 13:58:07,060 [Listener at 127.0.0.1/38459] INFO  handler.ContextHandler (ContextHandler.java:doStart(916)) - Started o.e.j.w.WebAppContext@14bc9d25{hddsDatanode,/,file:///tmp/jetty-0_0_0_0-40859-hadoop-hdds-container-service-1_1_0-SNAPSHOT_jar-_-any-3857173700826174770/webapp/,AVAILABLE}{jar:file:/home/user/.m2/repository/org/apache/hadoop/hadoop-hdds-container-service/1.1.0-SNAPSHOT/hadoop-hdds-container-service-1.1.0-SNAPSHOT.jar!/webapps/hddsDatanode}
2020-12-20 13:58:07,062 [Listener at 127.0.0.1/38459] INFO  server.AbstractConnector (AbstractConnector.java:doStart(331)) - Started ServerConnector@124856d3{HTTP/1.1, (http/1.1)}{0.0.0.0:40859}
2020-12-20 13:58:07,062 [Listener at 127.0.0.1/38459] INFO  server.Server (Server.java:doStart(415)) - Started @59523ms
2020-12-20 13:58:07,062 [Listener at 127.0.0.1/38459] WARN  impl.MetricsSystemImpl (MetricsSystemImpl.java:register(276)) - Sink prometheus already exists!
2020-12-20 13:58:07,128 [Listener at 127.0.0.1/38459] INFO  http.BaseHttpServer (BaseHttpServer.java:updateConnectorAddress(327)) - HTTP server of hddsDatanode listening at http://0.0.0.0:40859
2020-12-20 13:58:07,130 [Listener at 127.0.0.1/38459] INFO  impl.MetricsSystemImpl (MetricsSystemImpl.java:init(158)) - HddsDatanode metrics system started (again)
2020-12-20 13:58:07,131 [Listener at 127.0.0.1/38459] INFO  ozone.HddsDatanodeService (HddsDatanodeService.java:start(217)) - HddsDatanodeService host:fc04eb3d93c3 ip:172.17.0.2
2020-12-20 13:58:07,145 [org.apache.hadoop.util.JvmPauseMonitor$Monitor@49d43f77] INFO  util.JvmPauseMonitor (JvmPauseMonitor.java:run(188)) - Starting JVM pause monitor
2020-12-20 13:58:07,149 [Listener at 127.0.0.1/38459] INFO  volume.HddsVolume (HddsVolume.java:<init>(176)) - Creating Volume: /github/workspace/mnt/ozone/hadoop-ozone/integration-test/target/test-dir/MiniOzoneClusterImpl-3ca51f30-c846-4083-9b7f-c1ea6aa91ff4/datanode-5/data-0/containers/hdds of storage type : DISK and capacity : 9223372036854775807
2020-12-20 13:58:07,150 [Listener at 127.0.0.1/38459] INFO  volume.MutableVolumeSet (MutableVolumeSet.java:initializeVolumeSet(179)) - Added Volume : /github/workspace/mnt/ozone/hadoop-ozone/integration-test/target/test-dir/MiniOzoneClusterImpl-3ca51f30-c846-4083-9b7f-c1ea6aa91ff4/datanode-5/data-0/containers/hdds to VolumeSet
2020-12-20 13:58:07,150 [Listener at 127.0.0.1/38459] INFO  volume.ThrottledAsyncChecker (ThrottledAsyncChecker.java:schedule(141)) - Scheduling a check for /github/workspace/mnt/ozone/hadoop-ozone/integration-test/target/test-dir/MiniOzoneClusterImpl-3ca51f30-c846-4083-9b7f-c1ea6aa91ff4/datanode-5/data-0/containers/hdds
2020-12-20 13:58:07,150 [Datanode State Machine Task Thread - 0] INFO  datanode.InitDatanodeState (InitDatanodeState.java:persistContainerDatanodeDetails(145)) - DatanodeDetails is persisted to /github/workspace/mnt/ozone/hadoop-ozone/integration-test/target/test-dir/MiniOzoneClusterImpl-3ca51f30-c846-4083-9b7f-c1ea6aa91ff4/datanode-4/meta/datanode.id
2020-12-20 13:58:07,150 [Listener at 127.0.0.1/38459] INFO  volume.HddsVolumeChecker (HddsVolumeChecker.java:checkAllVolumes(200)) - Scheduled health check for volume /github/workspace/mnt/ozone/hadoop-ozone/integration-test/target/test-dir/MiniOzoneClusterImpl-3ca51f30-c846-4083-9b7f-c1ea6aa91ff4/datanode-5/data-0/containers/hdds
2020-12-20 13:58:07,164 [Thread-787] INFO  ozoneimpl.ContainerReader (ContainerReader.java:readVolume(123)) - Start to verify containers on volume /github/workspace/mnt/ozone/hadoop-ozone/integration-test/target/test-dir/MiniOzoneClusterImpl-3ca51f30-c846-4083-9b7f-c1ea6aa91ff4/datanode-5/data-0/containers/hdds
2020-12-20 13:58:07,164 [Thread-787] INFO  ozoneimpl.ContainerReader (ContainerReader.java:readVolume(148)) - Finish verifying containers on volume /github/workspace/mnt/ozone/hadoop-ozone/integration-test/target/test-dir/MiniOzoneClusterImpl-3ca51f30-c846-4083-9b7f-c1ea6aa91ff4/datanode-5/data-0/containers/hdds
2020-12-20 13:58:07,164 [Listener at 127.0.0.1/38459] INFO  ozoneimpl.OzoneContainer (OzoneContainer.java:buildContainerSet(194)) - Build ContainerSet costs 0s
2020-12-20 13:58:07,166 [Listener at 127.0.0.1/38459] INFO  impl.RaftServerProxy (ConfUtils.java:logGet(44)) - raft.rpc.type = GRPC (default)
2020-12-20 13:58:07,166 [Listener at 127.0.0.1/38459] INFO  grpc.GrpcFactory (GrpcFactory.java:checkPooledByteBufAllocatorUseCacheForAllThreads(45)) - PERFORMANCE WARNING: useCacheForAllThreads is true that may cause Netty to create a lot garbage objects and, as a result, trigger GC.
	It is recommended to disable useCacheForAllThreads by setting -Dorg.apache.ratis.thirdparty.io.netty.allocator.useCacheForAllThreads=false in command line.
2020-12-20 13:58:07,167 [Listener at 127.0.0.1/38459] INFO  grpc.GrpcConfigKeys (ConfUtils.java:logGet(44)) - raft.grpc.server.port = 0 (default)
2020-12-20 13:58:07,167 [Listener at 127.0.0.1/38459] INFO  server.GrpcService (ConfUtils.java:logGet(44)) - raft.grpc.message.size.max = 32MB (=33554432) (custom)
2020-12-20 13:58:07,167 [Listener at 127.0.0.1/38459] INFO  server.RaftServerConfigKeys (ConfUtils.java:logGet(44)) - raft.server.log.appender.buffer.byte-limit = 33554432 (custom)
2020-12-20 13:58:07,167 [Listener at 127.0.0.1/38459] INFO  server.GrpcService (ConfUtils.java:logGet(44)) - raft.grpc.flow.control.window = 5MB (=5242880) (custom)
2020-12-20 13:58:07,167 [Listener at 127.0.0.1/38459] INFO  server.RaftServerConfigKeys (ConfUtils.java:logGet(44)) - raft.server.rpc.request.timeout = 60s (custom)
2020-12-20 13:58:07,168 [Listener at 127.0.0.1/38459] INFO  impl.DataStreamServerImpl (ConfUtils.java:logGet(44)) - raft.datastream.type = DISABLED (default)
2020-12-20 13:58:07,168 [Listener at 127.0.0.1/38459] INFO  server.RaftServerConfigKeys (ConfUtils.java:logGet(44)) - raft.server.storage.dir = [/github/workspace/mnt/ozone/hadoop-ozone/integration-test/target/test-dir/MiniOzoneClusterImpl-3ca51f30-c846-4083-9b7f-c1ea6aa91ff4/datanode-5/data/ratis] (custom)
2020-12-20 13:58:07,234 [Listener at 127.0.0.1/38459] INFO  http.BaseHttpServer (BaseHttpServer.java:newHttpServer2BuilderForOzone(207)) - Starting Web-server for hddsDatanode at: http://0.0.0.0:0
2020-12-20 13:58:07,234 [Listener at 127.0.0.1/38459] INFO  http.BaseHttpServer (BaseHttpServer.java:<init>(106)) - Hadoop Security Enabled: false Ozone Security Enabled: false Ozone HTTP Security Enabled: false 
2020-12-20 13:58:07,236 [Listener at 127.0.0.1/38459] INFO  server.AuthenticationFilter (AuthenticationFilter.java:constructSecretProvider(240)) - Unable to initialize FileSignerSecretProvider, falling back to use random secrets.
2020-12-20 13:58:07,236 [Listener at 127.0.0.1/38459] WARN  http.HttpRequestLog (HttpRequestLog.java:getRequestLog(103)) - Jetty request log can only be enabled using Log4j
2020-12-20 13:58:07,237 [Listener at 127.0.0.1/38459] INFO  http.HttpServer2 (HttpServer2.java:addGlobalFilter(1020)) - Added global filter 'safety' (class=org.apache.hadoop.hdds.server.http.HttpServer2$QuotingInputFilter)
2020-12-20 13:58:07,238 [Listener at 127.0.0.1/38459] INFO  http.HttpServer2 (HttpServer2.java:addFilter(996)) - Added filter static_user_filter (class=org.apache.hadoop.http.lib.StaticUserWebFilter$StaticUserFilter) to context hddsDatanode
2020-12-20 13:58:07,238 [Listener at 127.0.0.1/38459] INFO  http.HttpServer2 (HttpServer2.java:addFilter(1004)) - Added filter static_user_filter (class=org.apache.hadoop.http.lib.StaticUserWebFilter$StaticUserFilter) to context static
2020-12-20 13:58:07,238 [Listener at 127.0.0.1/38459] INFO  http.HttpServer2 (HttpServer2.java:addFilter(1004)) - Added filter static_user_filter (class=org.apache.hadoop.http.lib.StaticUserWebFilter$StaticUserFilter) to context logs
2020-12-20 13:58:07,239 [Listener at 127.0.0.1/38459] INFO  http.HttpServer2 (HttpServer2.java:bindListener(1238)) - Jetty bound to port 42671
2020-12-20 13:58:07,239 [Listener at 127.0.0.1/38459] INFO  server.Server (Server.java:doStart(375)) - jetty-9.4.34.v20201102; built: 2020-11-02T14:15:39.302Z; git: e46af88704a893fc12cb0e3bf46e2c7b48a009e7; jvm 1.8.0_232-b09
2020-12-20 13:58:07,244 [Listener at 127.0.0.1/38459] INFO  server.session (DefaultSessionIdManager.java:doStart(334)) - DefaultSessionIdManager workerName=node0
2020-12-20 13:58:07,244 [Listener at 127.0.0.1/38459] INFO  server.session (DefaultSessionIdManager.java:doStart(339)) - No SessionScavenger set, using defaults
2020-12-20 13:58:07,244 [Listener at 127.0.0.1/38459] INFO  server.session (HouseKeeper.java:startScavenging(132)) - node0 Scavenging every 660000ms
2020-12-20 13:58:07,245 [Listener at 127.0.0.1/38459] INFO  handler.ContextHandler (ContextHandler.java:doStart(916)) - Started o.e.j.s.ServletContextHandler@1e1424e9{logs,/logs,file:///github/workspace/mnt/ozone/hadoop-ozone/integration-test/target/log,AVAILABLE}
2020-12-20 13:58:07,246 [Listener at 127.0.0.1/38459] INFO  handler.ContextHandler (ContextHandler.java:doStart(916)) - Started o.e.j.s.ServletContextHandler@6630c950{static,/static,jar:file:/home/user/.m2/repository/org/apache/hadoop/hadoop-hdds-container-service/1.1.0-SNAPSHOT/hadoop-hdds-container-service-1.1.0-SNAPSHOT.jar!/webapps/static,AVAILABLE}
2020-12-20 13:58:07,410 [Listener at 127.0.0.1/38459] INFO  handler.ContextHandler (ContextHandler.java:doStart(916)) - Started o.e.j.w.WebAppContext@3178f903{hddsDatanode,/,file:///tmp/jetty-0_0_0_0-42671-hadoop-hdds-container-service-1_1_0-SNAPSHOT_jar-_-any-4024152786092173925/webapp/,AVAILABLE}{jar:file:/home/user/.m2/repository/org/apache/hadoop/hadoop-hdds-container-service/1.1.0-SNAPSHOT/hadoop-hdds-container-service-1.1.0-SNAPSHOT.jar!/webapps/hddsDatanode}
2020-12-20 13:58:07,411 [Listener at 127.0.0.1/38459] INFO  server.AbstractConnector (AbstractConnector.java:doStart(331)) - Started ServerConnector@6bf6b454{HTTP/1.1, (http/1.1)}{0.0.0.0:42671}
2020-12-20 13:58:07,411 [Listener at 127.0.0.1/38459] INFO  server.Server (Server.java:doStart(415)) - Started @59872ms
2020-12-20 13:58:07,411 [Listener at 127.0.0.1/38459] WARN  impl.MetricsSystemImpl (MetricsSystemImpl.java:register(276)) - Sink prometheus already exists!
2020-12-20 13:58:07,476 [Listener at 127.0.0.1/38459] INFO  http.BaseHttpServer (BaseHttpServer.java:updateConnectorAddress(327)) - HTTP server of hddsDatanode listening at http://0.0.0.0:42671
2020-12-20 13:58:07,480 [Listener at 127.0.0.1/38459] INFO  ozone.MiniOzoneClusterImpl (MiniOzoneClusterImpl.java:lambda$waitForClusterToBeReady$0(178)) - Waiting for nodes to be ready. Got 0 of 6 DN Heartbeats.
2020-12-20 13:58:07,480 [Listener at 127.0.0.1/38459] INFO  ozone.MiniOzoneClusterImpl (MiniOzoneClusterImpl.java:lambda$waitForClusterToBeReady$0(181)) - Waiting for cluster to exit safe mode
2020-12-20 13:58:07,485 [org.apache.hadoop.util.JvmPauseMonitor$Monitor@f798542] INFO  util.JvmPauseMonitor (JvmPauseMonitor.java:run(188)) - Starting JVM pause monitor
2020-12-20 13:58:07,489 [Datanode State Machine Task Thread - 0] INFO  datanode.InitDatanodeState (InitDatanodeState.java:persistContainerDatanodeDetails(145)) - DatanodeDetails is persisted to /github/workspace/mnt/ozone/hadoop-ozone/integration-test/target/test-dir/MiniOzoneClusterImpl-3ca51f30-c846-4083-9b7f-c1ea6aa91ff4/datanode-5/meta/datanode.id
2020-12-20 13:58:07,794 [EndpointStateMachine task thread for /0.0.0.0:46341 - 0 ] INFO  ozoneimpl.OzoneContainer (OzoneContainer.java:start(243)) - Attempting to start container services.
2020-12-20 13:58:07,794 [EndpointStateMachine task thread for /0.0.0.0:46341 - 0 ] INFO  ozoneimpl.OzoneContainer (OzoneContainer.java:startContainerScrub(207)) - Background container scanner has been disabled.
2020-12-20 13:58:07,794 [EndpointStateMachine task thread for /0.0.0.0:46341 - 0 ] INFO  ratis.XceiverServerRatis (XceiverServerRatis.java:start(456)) - Starting XceiverServerRatis bdeb8c9a-b6ce-4032-9abb-c56649ac7409 at port 0
2020-12-20 13:58:07,801 [EndpointStateMachine task thread for /0.0.0.0:46341 - 0 ] INFO  impl.RaftServerProxy (RaftServerProxy.java:lambda$start$3(321)) - bdeb8c9a-b6ce-4032-9abb-c56649ac7409: start RPC server
2020-12-20 13:58:07,802 [EndpointStateMachine task thread for /0.0.0.0:46341 - 0 ] INFO  server.GrpcService (GrpcService.java:startImpl(177)) - bdeb8c9a-b6ce-4032-9abb-c56649ac7409: GrpcService started, listening on 0.0.0.0/0.0.0.0:44525
2020-12-20 13:58:07,802 [EndpointStateMachine task thread for /0.0.0.0:46341 - 0 ] INFO  ratis.XceiverServerRatis (XceiverServerRatis.java:start(468)) - XceiverServerRatis bdeb8c9a-b6ce-4032-9abb-c56649ac7409 is started using port 44525
2020-12-20 13:58:07,803 [EndpointStateMachine task thread for /0.0.0.0:46341 - 0 ] INFO  server.XceiverServerGrpc (XceiverServerGrpc.java:start(145)) - XceiverServerGrpc bdeb8c9a-b6ce-4032-9abb-c56649ac7409 is started using port 40189
2020-12-20 13:58:07,803 [org.apache.ratis.server.JvmPauseMonitor@53a6cf3f-Monitor] INFO  server.RaftServerConfigKeys (ConfUtils.java:logGet(44)) - raft.server.leaderelection.leader.step-down.wait-time = 10s (default)
2020-12-20 13:58:07,803 [org.apache.ratis.server.JvmPauseMonitor@53a6cf3f-Monitor] INFO  server.RaftServerConfigKeys (ConfUtils.java:logGet(44)) - raft.server.rpc.slowness.timeout = 300s (custom)
2020-12-20 13:58:07,803 [org.apache.ratis.server.JvmPauseMonitor@53a6cf3f-Monitor] INFO  server.JvmPauseMonitor (JvmPauseMonitor.java:run(129)) - Starting Ratis JVM pause monitor
2020-12-20 13:58:08,141 [EndpointStateMachine task thread for /0.0.0.0:46341 - 0 ] INFO  ozoneimpl.OzoneContainer (OzoneContainer.java:start(243)) - Attempting to start container services.
2020-12-20 13:58:08,142 [EndpointStateMachine task thread for /0.0.0.0:46341 - 0 ] INFO  ozoneimpl.OzoneContainer (OzoneContainer.java:startContainerScrub(207)) - Background container scanner has been disabled.
2020-12-20 13:58:08,142 [EndpointStateMachine task thread for /0.0.0.0:46341 - 0 ] INFO  ratis.XceiverServerRatis (XceiverServerRatis.java:start(456)) - Starting XceiverServerRatis c38782e9-3388-40a2-a7d0-b364a85c289d at port 0
2020-12-20 13:58:08,143 [EndpointStateMachine task thread for /0.0.0.0:46341 - 0 ] INFO  impl.RaftServerProxy (RaftServerProxy.java:lambda$start$3(321)) - c38782e9-3388-40a2-a7d0-b364a85c289d: start RPC server
2020-12-20 13:58:08,144 [EndpointStateMachine task thread for /0.0.0.0:46341 - 0 ] INFO  server.GrpcService (GrpcService.java:startImpl(177)) - c38782e9-3388-40a2-a7d0-b364a85c289d: GrpcService started, listening on 0.0.0.0/0.0.0.0:33919
2020-12-20 13:58:08,144 [EndpointStateMachine task thread for /0.0.0.0:46341 - 0 ] INFO  ratis.XceiverServerRatis (XceiverServerRatis.java:start(468)) - XceiverServerRatis c38782e9-3388-40a2-a7d0-b364a85c289d is started using port 33919
2020-12-20 13:58:08,145 [EndpointStateMachine task thread for /0.0.0.0:46341 - 0 ] INFO  server.XceiverServerGrpc (XceiverServerGrpc.java:start(145)) - XceiverServerGrpc c38782e9-3388-40a2-a7d0-b364a85c289d is started using port 41337
2020-12-20 13:58:08,145 [org.apache.ratis.server.JvmPauseMonitor@f5c8c3e-Monitor] INFO  server.RaftServerConfigKeys (ConfUtils.java:logGet(44)) - raft.server.leaderelection.leader.step-down.wait-time = 10s (default)
2020-12-20 13:58:08,145 [org.apache.ratis.server.JvmPauseMonitor@f5c8c3e-Monitor] INFO  server.RaftServerConfigKeys (ConfUtils.java:logGet(44)) - raft.server.rpc.slowness.timeout = 300s (custom)
2020-12-20 13:58:08,145 [org.apache.ratis.server.JvmPauseMonitor@f5c8c3e-Monitor] INFO  server.JvmPauseMonitor (JvmPauseMonitor.java:run(129)) - Starting Ratis JVM pause monitor
2020-12-20 13:58:08,481 [Listener at 127.0.0.1/38459] INFO  ozone.MiniOzoneClusterImpl (MiniOzoneClusterImpl.java:lambda$waitForClusterToBeReady$0(178)) - Waiting for nodes to be ready. Got 0 of 6 DN Heartbeats.
2020-12-20 13:58:08,481 [Listener at 127.0.0.1/38459] INFO  ozone.MiniOzoneClusterImpl (MiniOzoneClusterImpl.java:lambda$waitForClusterToBeReady$0(181)) - Waiting for cluster to exit safe mode
2020-12-20 13:58:08,482 [EndpointStateMachine task thread for /0.0.0.0:46341 - 0 ] INFO  ozoneimpl.OzoneContainer (OzoneContainer.java:start(243)) - Attempting to start container services.
2020-12-20 13:58:08,482 [EndpointStateMachine task thread for /0.0.0.0:46341 - 0 ] INFO  ozoneimpl.OzoneContainer (OzoneContainer.java:startContainerScrub(207)) - Background container scanner has been disabled.
2020-12-20 13:58:08,482 [EndpointStateMachine task thread for /0.0.0.0:46341 - 0 ] INFO  ratis.XceiverServerRatis (XceiverServerRatis.java:start(456)) - Starting XceiverServerRatis 9165b65f-6848-484a-9f71-e5cc340a0655 at port 0
2020-12-20 13:58:08,486 [EndpointStateMachine task thread for /0.0.0.0:46341 - 0 ] INFO  impl.RaftServerProxy (RaftServerProxy.java:lambda$start$3(321)) - 9165b65f-6848-484a-9f71-e5cc340a0655: start RPC server
2020-12-20 13:58:08,486 [EndpointStateMachine task thread for /0.0.0.0:46341 - 0 ] INFO  server.GrpcService (GrpcService.java:startImpl(177)) - 9165b65f-6848-484a-9f71-e5cc340a0655: GrpcService started, listening on 0.0.0.0/0.0.0.0:39473
2020-12-20 13:58:08,487 [EndpointStateMachine task thread for /0.0.0.0:46341 - 0 ] INFO  ratis.XceiverServerRatis (XceiverServerRatis.java:start(468)) - XceiverServerRatis 9165b65f-6848-484a-9f71-e5cc340a0655 is started using port 39473
2020-12-20 13:58:08,491 [EndpointStateMachine task thread for /0.0.0.0:46341 - 0 ] INFO  server.XceiverServerGrpc (XceiverServerGrpc.java:start(145)) - XceiverServerGrpc 9165b65f-6848-484a-9f71-e5cc340a0655 is started using port 45597
2020-12-20 13:58:08,492 [org.apache.ratis.server.JvmPauseMonitor@599f8337-Monitor] INFO  server.RaftServerConfigKeys (ConfUtils.java:logGet(44)) - raft.server.leaderelection.leader.step-down.wait-time = 10s (default)
2020-12-20 13:58:08,492 [org.apache.ratis.server.JvmPauseMonitor@599f8337-Monitor] INFO  server.RaftServerConfigKeys (ConfUtils.java:logGet(44)) - raft.server.rpc.slowness.timeout = 300s (custom)
2020-12-20 13:58:08,492 [org.apache.ratis.server.JvmPauseMonitor@599f8337-Monitor] INFO  server.JvmPauseMonitor (JvmPauseMonitor.java:run(129)) - Starting Ratis JVM pause monitor
2020-12-20 13:58:08,805 [EndpointStateMachine task thread for /0.0.0.0:46341 - 0 ] INFO  ozoneimpl.OzoneContainer (OzoneContainer.java:start(243)) - Attempting to start container services.
2020-12-20 13:58:08,805 [EndpointStateMachine task thread for /0.0.0.0:46341 - 0 ] INFO  ozoneimpl.OzoneContainer (OzoneContainer.java:startContainerScrub(207)) - Background container scanner has been disabled.
2020-12-20 13:58:08,805 [EndpointStateMachine task thread for /0.0.0.0:46341 - 0 ] INFO  ratis.XceiverServerRatis (XceiverServerRatis.java:start(456)) - Starting XceiverServerRatis 62bf3122-6558-4262-b416-281af820a08d at port 0
2020-12-20 13:58:08,806 [EndpointStateMachine task thread for /0.0.0.0:46341 - 0 ] INFO  impl.RaftServerProxy (RaftServerProxy.java:lambda$start$3(321)) - 62bf3122-6558-4262-b416-281af820a08d: start RPC server
2020-12-20 13:58:08,807 [EndpointStateMachine task thread for /0.0.0.0:46341 - 0 ] INFO  server.GrpcService (GrpcService.java:startImpl(177)) - 62bf3122-6558-4262-b416-281af820a08d: GrpcService started, listening on 0.0.0.0/0.0.0.0:44723
2020-12-20 13:58:08,808 [EndpointStateMachine task thread for /0.0.0.0:46341 - 0 ] INFO  ratis.XceiverServerRatis (XceiverServerRatis.java:start(468)) - XceiverServerRatis 62bf3122-6558-4262-b416-281af820a08d is started using port 44723
2020-12-20 13:58:08,808 [EndpointStateMachine task thread for /0.0.0.0:46341 - 0 ] INFO  server.XceiverServerGrpc (XceiverServerGrpc.java:start(145)) - XceiverServerGrpc 62bf3122-6558-4262-b416-281af820a08d is started using port 41759
2020-12-20 13:58:08,815 [org.apache.ratis.server.JvmPauseMonitor@30048185-Monitor] INFO  server.RaftServerConfigKeys (ConfUtils.java:logGet(44)) - raft.server.leaderelection.leader.step-down.wait-time = 10s (default)
2020-12-20 13:58:08,815 [org.apache.ratis.server.JvmPauseMonitor@30048185-Monitor] INFO  server.RaftServerConfigKeys (ConfUtils.java:logGet(44)) - raft.server.rpc.slowness.timeout = 300s (custom)
2020-12-20 13:58:08,815 [org.apache.ratis.server.JvmPauseMonitor@30048185-Monitor] INFO  server.JvmPauseMonitor (JvmPauseMonitor.java:run(129)) - Starting Ratis JVM pause monitor
2020-12-20 13:58:09,148 [EndpointStateMachine task thread for /0.0.0.0:46341 - 0 ] INFO  ozoneimpl.OzoneContainer (OzoneContainer.java:start(243)) - Attempting to start container services.
2020-12-20 13:58:09,148 [EndpointStateMachine task thread for /0.0.0.0:46341 - 0 ] INFO  ozoneimpl.OzoneContainer (OzoneContainer.java:startContainerScrub(207)) - Background container scanner has been disabled.
2020-12-20 13:58:09,148 [EndpointStateMachine task thread for /0.0.0.0:46341 - 0 ] INFO  ratis.XceiverServerRatis (XceiverServerRatis.java:start(456)) - Starting XceiverServerRatis 16749e43-558c-4c39-b613-b952dab248c9 at port 0
2020-12-20 13:58:09,150 [EndpointStateMachine task thread for /0.0.0.0:46341 - 0 ] INFO  impl.RaftServerProxy (RaftServerProxy.java:lambda$start$3(321)) - 16749e43-558c-4c39-b613-b952dab248c9: start RPC server
2020-12-20 13:58:09,151 [EndpointStateMachine task thread for /0.0.0.0:46341 - 0 ] INFO  server.GrpcService (GrpcService.java:startImpl(177)) - 16749e43-558c-4c39-b613-b952dab248c9: GrpcService started, listening on 0.0.0.0/0.0.0.0:40209
2020-12-20 13:58:09,152 [EndpointStateMachine task thread for /0.0.0.0:46341 - 0 ] INFO  ratis.XceiverServerRatis (XceiverServerRatis.java:start(468)) - XceiverServerRatis 16749e43-558c-4c39-b613-b952dab248c9 is started using port 40209
2020-12-20 13:58:09,152 [org.apache.ratis.server.JvmPauseMonitor@51c0300d-Monitor] INFO  server.RaftServerConfigKeys (ConfUtils.java:logGet(44)) - raft.server.leaderelection.leader.step-down.wait-time = 10s (default)
2020-12-20 13:58:09,152 [org.apache.ratis.server.JvmPauseMonitor@51c0300d-Monitor] INFO  server.RaftServerConfigKeys (ConfUtils.java:logGet(44)) - raft.server.rpc.slowness.timeout = 300s (custom)
2020-12-20 13:58:09,152 [org.apache.ratis.server.JvmPauseMonitor@51c0300d-Monitor] INFO  server.JvmPauseMonitor (JvmPauseMonitor.java:run(129)) - Starting Ratis JVM pause monitor
2020-12-20 13:58:09,152 [EndpointStateMachine task thread for /0.0.0.0:46341 - 0 ] INFO  server.XceiverServerGrpc (XceiverServerGrpc.java:start(145)) - XceiverServerGrpc 16749e43-558c-4c39-b613-b952dab248c9 is started using port 40709
2020-12-20 13:58:09,481 [Listener at 127.0.0.1/38459] INFO  ozone.MiniOzoneClusterImpl (MiniOzoneClusterImpl.java:lambda$waitForClusterToBeReady$0(178)) - Waiting for nodes to be ready. Got 0 of 6 DN Heartbeats.
2020-12-20 13:58:09,482 [Listener at 127.0.0.1/38459] INFO  ozone.MiniOzoneClusterImpl (MiniOzoneClusterImpl.java:lambda$waitForClusterToBeReady$0(181)) - Waiting for cluster to exit safe mode
2020-12-20 13:58:09,488 [EndpointStateMachine task thread for /0.0.0.0:46341 - 0 ] INFO  ozoneimpl.OzoneContainer (OzoneContainer.java:start(243)) - Attempting to start container services.
2020-12-20 13:58:09,488 [EndpointStateMachine task thread for /0.0.0.0:46341 - 0 ] INFO  ozoneimpl.OzoneContainer (OzoneContainer.java:startContainerScrub(207)) - Background container scanner has been disabled.
2020-12-20 13:58:09,488 [EndpointStateMachine task thread for /0.0.0.0:46341 - 0 ] INFO  ratis.XceiverServerRatis (XceiverServerRatis.java:start(456)) - Starting XceiverServerRatis 5f27e08b-2f6c-4b1d-b018-474ca25c25d0 at port 0
2020-12-20 13:58:09,490 [EndpointStateMachine task thread for /0.0.0.0:46341 - 0 ] INFO  impl.RaftServerProxy (RaftServerProxy.java:lambda$start$3(321)) - 5f27e08b-2f6c-4b1d-b018-474ca25c25d0: start RPC server
2020-12-20 13:58:09,495 [EndpointStateMachine task thread for /0.0.0.0:46341 - 0 ] INFO  server.GrpcService (GrpcService.java:startImpl(177)) - 5f27e08b-2f6c-4b1d-b018-474ca25c25d0: GrpcService started, listening on 0.0.0.0/0.0.0.0:46353
2020-12-20 13:58:09,495 [EndpointStateMachine task thread for /0.0.0.0:46341 - 0 ] INFO  ratis.XceiverServerRatis (XceiverServerRatis.java:start(468)) - XceiverServerRatis 5f27e08b-2f6c-4b1d-b018-474ca25c25d0 is started using port 46353
2020-12-20 13:58:09,496 [EndpointStateMachine task thread for /0.0.0.0:46341 - 0 ] INFO  server.XceiverServerGrpc (XceiverServerGrpc.java:start(145)) - XceiverServerGrpc 5f27e08b-2f6c-4b1d-b018-474ca25c25d0 is started using port 42933
2020-12-20 13:58:09,496 [org.apache.ratis.server.JvmPauseMonitor@4c99243d-Monitor] INFO  server.RaftServerConfigKeys (ConfUtils.java:logGet(44)) - raft.server.leaderelection.leader.step-down.wait-time = 10s (default)
2020-12-20 13:58:09,496 [org.apache.ratis.server.JvmPauseMonitor@4c99243d-Monitor] INFO  server.RaftServerConfigKeys (ConfUtils.java:logGet(44)) - raft.server.rpc.slowness.timeout = 300s (custom)
2020-12-20 13:58:09,496 [org.apache.ratis.server.JvmPauseMonitor@4c99243d-Monitor] INFO  server.JvmPauseMonitor (JvmPauseMonitor.java:run(129)) - Starting Ratis JVM pause monitor
2020-12-20 13:58:09,789 [IPC Server handler 3 on default port 46341] INFO  net.NetworkTopologyImpl (NetworkTopologyImpl.java:add(111)) - Added a new node: /default-rack/bdeb8c9a-b6ce-4032-9abb-c56649ac7409
2020-12-20 13:58:09,790 [IPC Server handler 3 on default port 46341] INFO  node.SCMNodeManager (SCMNodeManager.java:register(341)) - Registered Data node : bdeb8c9a-b6ce-4032-9abb-c56649ac7409{ip: 172.17.0.2, host: fc04eb3d93c3, networkLocation: /default-rack, certSerialId: null, persistedOpState: IN_SERVICE, persistedOpStateExpiryEpochSec: 0}
2020-12-20 13:58:09,791 [EventQueue-NodeRegistrationContainerReportForContainerSafeModeRule] INFO  safemode.SCMSafeModeManager (SCMSafeModeManager.java:validateSafeModeExitRules(214)) - ContainerSafeModeRule rule is successfully validated
2020-12-20 13:58:09,792 [EventQueue-NodeRegistrationContainerReportForDataNodeSafeModeRule] INFO  safemode.SCMSafeModeManager (DataNodeSafeModeRule.java:process(71)) - SCM in safe mode. 1 DataNodes registered, 1 required.
2020-12-20 13:58:09,793 [EventQueue-NodeRegistrationContainerReportForDataNodeSafeModeRule] INFO  safemode.SCMSafeModeManager (SCMSafeModeManager.java:validateSafeModeExitRules(214)) - DataNodeSafeModeRule rule is successfully validated
2020-12-20 13:58:09,793 [EventQueue-NodeRegistrationContainerReportForDataNodeSafeModeRule] INFO  safemode.SCMSafeModeManager (SCMSafeModeManager.java:completePreCheck(242)) - All SCM safe mode pre check rules have passed
2020-12-20 13:58:09,793 [EventQueue-PipelineReportForOneReplicaPipelineSafeModeRule] INFO  safemode.SCMSafeModeManager (SCMSafeModeManager.java:validateSafeModeExitRules(214)) - AtleastOneDatanodeReportedRule rule is successfully validated
2020-12-20 13:58:09,794 [RatisPipelineUtilsThread] INFO  pipeline.RatisPipelineProvider (RatisPipelineProvider.java:lambda$create$0(161)) - Sending CreatePipelineCommand for pipeline:PipelineID=31332280-a6c7-49b0-9627-abde5a73f2dc to datanode:bdeb8c9a-b6ce-4032-9abb-c56649ac7409
2020-12-20 13:58:09,794 [RatisPipelineUtilsThread] INFO  pipeline.PipelineStateManager (PipelineStateManager.java:addPipeline(54)) - Created pipeline Pipeline[ Id: 31332280-a6c7-49b0-9627-abde5a73f2dc, Nodes: bdeb8c9a-b6ce-4032-9abb-c56649ac7409{ip: 172.17.0.2, host: fc04eb3d93c3, networkLocation: /default-rack, certSerialId: null, persistedOpState: IN_SERVICE, persistedOpStateExpiryEpochSec: 0}, Type:RATIS, Factor:ONE, State:ALLOCATED, leaderId:, CreationTimestamp2020-12-20T13:58:09.793Z]
2020-12-20 13:58:09,794 [RatisPipelineUtilsThread] WARN  pipeline.PipelinePlacementPolicy (PipelinePlacementPolicy.java:filterViableNodes(139)) - Pipeline creation failed due to no sufficient healthy datanodes. Required 3. Found 1.
2020-12-20 13:58:10,140 [IPC Server handler 0 on default port 46341] INFO  net.NetworkTopologyImpl (NetworkTopologyImpl.java:add(111)) - Added a new node: /default-rack/c38782e9-3388-40a2-a7d0-b364a85c289d
2020-12-20 13:58:10,140 [IPC Server handler 0 on default port 46341] INFO  node.SCMNodeManager (SCMNodeManager.java:register(341)) - Registered Data node : c38782e9-3388-40a2-a7d0-b364a85c289d{ip: 172.17.0.2, host: fc04eb3d93c3, networkLocation: /default-rack, certSerialId: null, persistedOpState: IN_SERVICE, persistedOpStateExpiryEpochSec: 0}
2020-12-20 13:58:10,141 [EventQueue-PipelineReportForOneReplicaPipelineSafeModeRule] INFO  safemode.SCMSafeModeManager (SCMSafeModeManager.java:validateSafeModeExitRules(214)) - AtleastOneDatanodeReportedRule rule is successfully validated
2020-12-20 13:58:10,141 [EventQueue-NodeRegistrationContainerReportForDataNodeSafeModeRule] INFO  safemode.SCMSafeModeManager (SCMSafeModeManager.java:validateSafeModeExitRules(214)) - DataNodeSafeModeRule rule is successfully validated
2020-12-20 13:58:10,141 [EventQueue-NodeRegistrationContainerReportForContainerSafeModeRule] INFO  safemode.SCMSafeModeManager (SCMSafeModeManager.java:validateSafeModeExitRules(214)) - ContainerSafeModeRule rule is successfully validated
2020-12-20 13:58:10,141 [RatisPipelineUtilsThread] INFO  pipeline.RatisPipelineProvider (RatisPipelineProvider.java:lambda$create$0(161)) - Sending CreatePipelineCommand for pipeline:PipelineID=7b719ba8-9004-455b-8bb9-c12a08025234 to datanode:c38782e9-3388-40a2-a7d0-b364a85c289d
2020-12-20 13:58:10,142 [RatisPipelineUtilsThread] INFO  pipeline.PipelineStateManager (PipelineStateManager.java:addPipeline(54)) - Created pipeline Pipeline[ Id: 7b719ba8-9004-455b-8bb9-c12a08025234, Nodes: c38782e9-3388-40a2-a7d0-b364a85c289d{ip: 172.17.0.2, host: fc04eb3d93c3, networkLocation: /default-rack, certSerialId: null, persistedOpState: IN_SERVICE, persistedOpStateExpiryEpochSec: 0}, Type:RATIS, Factor:ONE, State:ALLOCATED, leaderId:, CreationTimestamp2020-12-20T13:58:10.141Z]
2020-12-20 13:58:10,142 [RatisPipelineUtilsThread] WARN  pipeline.PipelinePlacementPolicy (PipelinePlacementPolicy.java:filterViableNodes(139)) - Pipeline creation failed due to no sufficient healthy datanodes. Required 3. Found 2.
2020-12-20 13:58:10,480 [IPC Server handler 2 on default port 46341] INFO  net.NetworkTopologyImpl (NetworkTopologyImpl.java:add(111)) - Added a new node: /default-rack/9165b65f-6848-484a-9f71-e5cc340a0655
2020-12-20 13:58:10,480 [IPC Server handler 2 on default port 46341] INFO  node.SCMNodeManager (SCMNodeManager.java:register(341)) - Registered Data node : 9165b65f-6848-484a-9f71-e5cc340a0655{ip: 172.17.0.2, host: fc04eb3d93c3, networkLocation: /default-rack, certSerialId: null, persistedOpState: IN_SERVICE, persistedOpStateExpiryEpochSec: 0}
2020-12-20 13:58:10,480 [RatisPipelineUtilsThread] INFO  pipeline.RatisPipelineProvider (RatisPipelineProvider.java:lambda$create$0(161)) - Sending CreatePipelineCommand for pipeline:PipelineID=320a77f3-8602-4717-a6a3-3452ab93cabb to datanode:9165b65f-6848-484a-9f71-e5cc340a0655
2020-12-20 13:58:10,481 [RatisPipelineUtilsThread] INFO  pipeline.PipelineStateManager (PipelineStateManager.java:addPipeline(54)) - Created pipeline Pipeline[ Id: 320a77f3-8602-4717-a6a3-3452ab93cabb, Nodes: 9165b65f-6848-484a-9f71-e5cc340a0655{ip: 172.17.0.2, host: fc04eb3d93c3, networkLocation: /default-rack, certSerialId: null, persistedOpState: IN_SERVICE, persistedOpStateExpiryEpochSec: 0}, Type:RATIS, Factor:ONE, State:ALLOCATED, leaderId:, CreationTimestamp2020-12-20T13:58:10.480Z]
2020-12-20 13:58:10,480 [EventQueue-NodeRegistrationContainerReportForContainerSafeModeRule] INFO  safemode.SCMSafeModeManager (SCMSafeModeManager.java:validateSafeModeExitRules(214)) - ContainerSafeModeRule rule is successfully validated
2020-12-20 13:58:10,481 [EventQueue-NodeRegistrationContainerReportForDataNodeSafeModeRule] INFO  safemode.SCMSafeModeManager (SCMSafeModeManager.java:validateSafeModeExitRules(214)) - DataNodeSafeModeRule rule is successfully validated
2020-12-20 13:58:10,481 [EventQueue-PipelineReportForOneReplicaPipelineSafeModeRule] INFO  safemode.SCMSafeModeManager (SCMSafeModeManager.java:validateSafeModeExitRules(214)) - AtleastOneDatanodeReportedRule rule is successfully validated
2020-12-20 13:58:10,481 [RatisPipelineUtilsThread] INFO  pipeline.RatisPipelineProvider (RatisPipelineProvider.java:lambda$create$0(161)) - Sending CreatePipelineCommand for pipeline:PipelineID=19f1c2c1-3ad3-4b75-8ed4-d36f1873c4e8 to datanode:c38782e9-3388-40a2-a7d0-b364a85c289d
2020-12-20 13:58:10,482 [RatisPipelineUtilsThread] INFO  pipeline.RatisPipelineProvider (RatisPipelineProvider.java:lambda$create$0(161)) - Sending CreatePipelineCommand for pipeline:PipelineID=19f1c2c1-3ad3-4b75-8ed4-d36f1873c4e8 to datanode:bdeb8c9a-b6ce-4032-9abb-c56649ac7409
2020-12-20 13:58:10,482 [RatisPipelineUtilsThread] INFO  pipeline.RatisPipelineProvider (RatisPipelineProvider.java:lambda$create$0(161)) - Sending CreatePipelineCommand for pipeline:PipelineID=19f1c2c1-3ad3-4b75-8ed4-d36f1873c4e8 to datanode:9165b65f-6848-484a-9f71-e5cc340a0655
2020-12-20 13:58:10,482 [Listener at 127.0.0.1/38459] INFO  ozone.MiniOzoneClusterImpl (MiniOzoneClusterImpl.java:lambda$waitForClusterToBeReady$0(178)) - Waiting for nodes to be ready. Got 3 of 6 DN Heartbeats.
2020-12-20 13:58:10,482 [Listener at 127.0.0.1/38459] INFO  ozone.MiniOzoneClusterImpl (MiniOzoneClusterImpl.java:lambda$waitForClusterToBeReady$0(181)) - Waiting for cluster to exit safe mode
2020-12-20 13:58:10,482 [RatisPipelineUtilsThread] INFO  pipeline.PipelineStateManager (PipelineStateManager.java:addPipeline(54)) - Created pipeline Pipeline[ Id: 19f1c2c1-3ad3-4b75-8ed4-d36f1873c4e8, Nodes: c38782e9-3388-40a2-a7d0-b364a85c289d{ip: 172.17.0.2, host: fc04eb3d93c3, networkLocation: /default-rack, certSerialId: null, persistedOpState: IN_SERVICE, persistedOpStateExpiryEpochSec: 0}bdeb8c9a-b6ce-4032-9abb-c56649ac7409{ip: 172.17.0.2, host: fc04eb3d93c3, networkLocation: /default-rack, certSerialId: null, persistedOpState: IN_SERVICE, persistedOpStateExpiryEpochSec: 0}9165b65f-6848-484a-9f71-e5cc340a0655{ip: 172.17.0.2, host: fc04eb3d93c3, networkLocation: /default-rack, certSerialId: null, persistedOpState: IN_SERVICE, persistedOpStateExpiryEpochSec: 0}, Type:RATIS, Factor:THREE, State:ALLOCATED, leaderId:, CreationTimestamp2020-12-20T13:58:10.481Z]
2020-12-20 13:58:10,803 [IPC Server handler 4 on default port 46341] INFO  net.NetworkTopologyImpl (NetworkTopologyImpl.java:add(111)) - Added a new node: /default-rack/62bf3122-6558-4262-b416-281af820a08d
2020-12-20 13:58:10,804 [IPC Server handler 4 on default port 46341] INFO  node.SCMNodeManager (SCMNodeManager.java:register(341)) - Registered Data node : 62bf3122-6558-4262-b416-281af820a08d{ip: 172.17.0.2, host: fc04eb3d93c3, networkLocation: /default-rack, certSerialId: null, persistedOpState: IN_SERVICE, persistedOpStateExpiryEpochSec: 0}
2020-12-20 13:58:10,804 [EventQueue-PipelineReportForOneReplicaPipelineSafeModeRule] INFO  safemode.SCMSafeModeManager (SCMSafeModeManager.java:validateSafeModeExitRules(214)) - AtleastOneDatanodeReportedRule rule is successfully validated
2020-12-20 13:58:10,806 [EventQueue-NodeRegistrationContainerReportForContainerSafeModeRule] INFO  safemode.SCMSafeModeManager (SCMSafeModeManager.java:validateSafeModeExitRules(214)) - ContainerSafeModeRule rule is successfully validated
2020-12-20 13:58:10,806 [EventQueue-NodeRegistrationContainerReportForDataNodeSafeModeRule] INFO  safemode.SCMSafeModeManager (SCMSafeModeManager.java:validateSafeModeExitRules(214)) - DataNodeSafeModeRule rule is successfully validated
2020-12-20 13:58:10,809 [RatisPipelineUtilsThread] INFO  pipeline.RatisPipelineProvider (RatisPipelineProvider.java:lambda$create$0(161)) - Sending CreatePipelineCommand for pipeline:PipelineID=694d16eb-f740-427d-9701-dc12647e32fd to datanode:62bf3122-6558-4262-b416-281af820a08d
2020-12-20 13:58:10,813 [RatisPipelineUtilsThread] INFO  pipeline.PipelineStateManager (PipelineStateManager.java:addPipeline(54)) - Created pipeline Pipeline[ Id: 694d16eb-f740-427d-9701-dc12647e32fd, Nodes: 62bf3122-6558-4262-b416-281af820a08d{ip: 172.17.0.2, host: fc04eb3d93c3, networkLocation: /default-rack, certSerialId: null, persistedOpState: IN_SERVICE, persistedOpStateExpiryEpochSec: 0}, Type:RATIS, Factor:ONE, State:ALLOCATED, leaderId:, CreationTimestamp2020-12-20T13:58:10.809Z]
2020-12-20 13:58:11,146 [IPC Server handler 1 on default port 46341] INFO  net.NetworkTopologyImpl (NetworkTopologyImpl.java:add(111)) - Added a new node: /default-rack/16749e43-558c-4c39-b613-b952dab248c9
2020-12-20 13:58:11,146 [IPC Server handler 1 on default port 46341] INFO  node.SCMNodeManager (SCMNodeManager.java:register(341)) - Registered Data node : 16749e43-558c-4c39-b613-b952dab248c9{ip: 172.17.0.2, host: fc04eb3d93c3, networkLocation: /default-rack, certSerialId: null, persistedOpState: IN_SERVICE, persistedOpStateExpiryEpochSec: 0}
2020-12-20 13:58:11,147 [RatisPipelineUtilsThread] INFO  pipeline.RatisPipelineProvider (RatisPipelineProvider.java:lambda$create$0(161)) - Sending CreatePipelineCommand for pipeline:PipelineID=39596fbb-d40f-436c-9c98-395fedb8c4f3 to datanode:16749e43-558c-4c39-b613-b952dab248c9
2020-12-20 13:58:11,147 [RatisPipelineUtilsThread] INFO  pipeline.PipelineStateManager (PipelineStateManager.java:addPipeline(54)) - Created pipeline Pipeline[ Id: 39596fbb-d40f-436c-9c98-395fedb8c4f3, Nodes: 16749e43-558c-4c39-b613-b952dab248c9{ip: 172.17.0.2, host: fc04eb3d93c3, networkLocation: /default-rack, certSerialId: null, persistedOpState: IN_SERVICE, persistedOpStateExpiryEpochSec: 0}, Type:RATIS, Factor:ONE, State:ALLOCATED, leaderId:, CreationTimestamp2020-12-20T13:58:11.147Z]
2020-12-20 13:58:11,147 [EventQueue-NodeRegistrationContainerReportForContainerSafeModeRule] INFO  safemode.SCMSafeModeManager (SCMSafeModeManager.java:validateSafeModeExitRules(214)) - ContainerSafeModeRule rule is successfully validated
2020-12-20 13:58:11,148 [EventQueue-PipelineReportForOneReplicaPipelineSafeModeRule] INFO  safemode.SCMSafeModeManager (SCMSafeModeManager.java:validateSafeModeExitRules(214)) - AtleastOneDatanodeReportedRule rule is successfully validated
2020-12-20 13:58:11,148 [EventQueue-NodeRegistrationContainerReportForDataNodeSafeModeRule] INFO  safemode.SCMSafeModeManager (SCMSafeModeManager.java:validateSafeModeExitRules(214)) - DataNodeSafeModeRule rule is successfully validated
2020-12-20 13:58:11,482 [Listener at 127.0.0.1/38459] INFO  ozone.MiniOzoneClusterImpl (MiniOzoneClusterImpl.java:lambda$waitForClusterToBeReady$0(178)) - Waiting for nodes to be ready. Got 5 of 6 DN Heartbeats.
2020-12-20 13:58:11,482 [Listener at 127.0.0.1/38459] INFO  ozone.MiniOzoneClusterImpl (MiniOzoneClusterImpl.java:lambda$waitForClusterToBeReady$0(181)) - Waiting for cluster to exit safe mode
2020-12-20 13:58:11,487 [IPC Server handler 3 on default port 46341] INFO  net.NetworkTopologyImpl (NetworkTopologyImpl.java:add(111)) - Added a new node: /default-rack/5f27e08b-2f6c-4b1d-b018-474ca25c25d0
2020-12-20 13:58:11,487 [IPC Server handler 3 on default port 46341] INFO  node.SCMNodeManager (SCMNodeManager.java:register(341)) - Registered Data node : 5f27e08b-2f6c-4b1d-b018-474ca25c25d0{ip: 172.17.0.2, host: fc04eb3d93c3, networkLocation: /default-rack, certSerialId: null, persistedOpState: IN_SERVICE, persistedOpStateExpiryEpochSec: 0}
2020-12-20 13:58:11,487 [RatisPipelineUtilsThread] INFO  pipeline.RatisPipelineProvider (RatisPipelineProvider.java:lambda$create$0(161)) - Sending CreatePipelineCommand for pipeline:PipelineID=9473f8d7-9315-4a94-9b6f-daee74f759d9 to datanode:5f27e08b-2f6c-4b1d-b018-474ca25c25d0
2020-12-20 13:58:11,487 [EventQueue-NodeRegistrationContainerReportForDataNodeSafeModeRule] INFO  safemode.SCMSafeModeManager (SCMSafeModeManager.java:validateSafeModeExitRules(214)) - DataNodeSafeModeRule rule is successfully validated
2020-12-20 13:58:11,488 [EventQueue-PipelineReportForOneReplicaPipelineSafeModeRule] INFO  safemode.SCMSafeModeManager (SCMSafeModeManager.java:validateSafeModeExitRules(214)) - AtleastOneDatanodeReportedRule rule is successfully validated
2020-12-20 13:58:11,488 [EventQueue-NodeRegistrationContainerReportForContainerSafeModeRule] INFO  safemode.SCMSafeModeManager (SCMSafeModeManager.java:validateSafeModeExitRules(214)) - ContainerSafeModeRule rule is successfully validated
2020-12-20 13:58:11,488 [RatisPipelineUtilsThread] INFO  pipeline.PipelineStateManager (PipelineStateManager.java:addPipeline(54)) - Created pipeline Pipeline[ Id: 9473f8d7-9315-4a94-9b6f-daee74f759d9, Nodes: 5f27e08b-2f6c-4b1d-b018-474ca25c25d0{ip: 172.17.0.2, host: fc04eb3d93c3, networkLocation: /default-rack, certSerialId: null, persistedOpState: IN_SERVICE, persistedOpStateExpiryEpochSec: 0}, Type:RATIS, Factor:ONE, State:ALLOCATED, leaderId:, CreationTimestamp2020-12-20T13:58:11.487Z]
2020-12-20 13:58:11,488 [RatisPipelineUtilsThread] INFO  pipeline.RatisPipelineProvider (RatisPipelineProvider.java:lambda$create$0(161)) - Sending CreatePipelineCommand for pipeline:PipelineID=366590d4-d99c-438e-b240-bb4cf28b6211 to datanode:5f27e08b-2f6c-4b1d-b018-474ca25c25d0
2020-12-20 13:58:11,488 [RatisPipelineUtilsThread] INFO  pipeline.RatisPipelineProvider (RatisPipelineProvider.java:lambda$create$0(161)) - Sending CreatePipelineCommand for pipeline:PipelineID=366590d4-d99c-438e-b240-bb4cf28b6211 to datanode:62bf3122-6558-4262-b416-281af820a08d
2020-12-20 13:58:11,489 [RatisPipelineUtilsThread] INFO  pipeline.RatisPipelineProvider (RatisPipelineProvider.java:lambda$create$0(161)) - Sending CreatePipelineCommand for pipeline:PipelineID=366590d4-d99c-438e-b240-bb4cf28b6211 to datanode:16749e43-558c-4c39-b613-b952dab248c9
2020-12-20 13:58:11,489 [RatisPipelineUtilsThread] INFO  pipeline.PipelineStateManager (PipelineStateManager.java:addPipeline(54)) - Created pipeline Pipeline[ Id: 366590d4-d99c-438e-b240-bb4cf28b6211, Nodes: 5f27e08b-2f6c-4b1d-b018-474ca25c25d0{ip: 172.17.0.2, host: fc04eb3d93c3, networkLocation: /default-rack, certSerialId: null, persistedOpState: IN_SERVICE, persistedOpStateExpiryEpochSec: 0}62bf3122-6558-4262-b416-281af820a08d{ip: 172.17.0.2, host: fc04eb3d93c3, networkLocation: /default-rack, certSerialId: null, persistedOpState: IN_SERVICE, persistedOpStateExpiryEpochSec: 0}16749e43-558c-4c39-b613-b952dab248c9{ip: 172.17.0.2, host: fc04eb3d93c3, networkLocation: /default-rack, certSerialId: null, persistedOpState: IN_SERVICE, persistedOpStateExpiryEpochSec: 0}, Type:RATIS, Factor:THREE, State:ALLOCATED, leaderId:, CreationTimestamp2020-12-20T13:58:11.488Z]
2020-12-20 13:58:11,789 [EventQueue-PipelineReportForOneReplicaPipelineSafeModeRule] INFO  safemode.SCMSafeModeManager (SCMSafeModeManager.java:validateSafeModeExitRules(214)) - AtleastOneDatanodeReportedRule rule is successfully validated
2020-12-20 13:58:12,140 [EventQueue-PipelineReportForOneReplicaPipelineSafeModeRule] INFO  safemode.SCMSafeModeManager (SCMSafeModeManager.java:validateSafeModeExitRules(214)) - AtleastOneDatanodeReportedRule rule is successfully validated
2020-12-20 13:58:12,481 [EventQueue-PipelineReportForOneReplicaPipelineSafeModeRule] INFO  safemode.SCMSafeModeManager (SCMSafeModeManager.java:validateSafeModeExitRules(214)) - AtleastOneDatanodeReportedRule rule is successfully validated
2020-12-20 13:58:12,483 [Listener at 127.0.0.1/38459] INFO  ozone.MiniOzoneClusterImpl (MiniOzoneClusterImpl.java:lambda$waitForClusterToBeReady$0(178)) - Nodes are ready. Got 6 of 6 DN Heartbeats.
2020-12-20 13:58:12,484 [Listener at 127.0.0.1/38459] INFO  ozone.MiniOzoneClusterImpl (MiniOzoneClusterImpl.java:lambda$waitForClusterToBeReady$0(181)) - Waiting for cluster to exit safe mode
2020-12-20 13:58:12,787 [Command processor thread] INFO  impl.RaftServerProxy (RaftServerProxy.java:addNew(93)) - bdeb8c9a-b6ce-4032-9abb-c56649ac7409: addNew group-ABDE5A73F2DC:[bdeb8c9a-b6ce-4032-9abb-c56649ac7409|rpc:172.17.0.2:44525] returns group-ABDE5A73F2DC:java.util.concurrent.CompletableFuture@41f5019b[Not completed]
2020-12-20 13:58:12,788 [EventQueue-PipelineReportForOneReplicaPipelineSafeModeRule] INFO  safemode.SCMSafeModeManager (SCMSafeModeManager.java:validateSafeModeExitRules(214)) - AtleastOneDatanodeReportedRule rule is successfully validated
2020-12-20 13:58:12,789 [pool-237-thread-1] INFO  impl.RaftServerImpl (RaftServerImpl.java:<init>(121)) - bdeb8c9a-b6ce-4032-9abb-c56649ac7409: new RaftServerImpl for group-ABDE5A73F2DC:[bdeb8c9a-b6ce-4032-9abb-c56649ac7409|rpc:172.17.0.2:44525] with ContainerStateMachine:uninitialized
2020-12-20 13:58:12,789 [pool-237-thread-1] INFO  server.RaftServerConfigKeys (ConfUtils.java:logGet(44)) - raft.server.rpc.timeout.min = 5s (custom)
2020-12-20 13:58:12,789 [pool-237-thread-1] INFO  server.RaftServerConfigKeys (ConfUtils.java:logGet(44)) - raft.server.rpc.timeout.max = 5200ms (custom)
2020-12-20 13:58:12,789 [pool-237-thread-1] INFO  server.RaftServerConfigKeys (ConfUtils.java:logGet(44)) - raft.server.rpc.slowness.timeout = 300s (custom)
2020-12-20 13:58:12,789 [pool-237-thread-1] INFO  server.RaftServerConfigKeys (ConfUtils.java:logGet(44)) - raft.server.leaderelection.leader.step-down.wait-time = 10s (default)
2020-12-20 13:58:12,789 [pool-237-thread-1] INFO  server.RaftServerConfigKeys (ConfUtils.java:logGet(44)) - raft.server.sleep.deviation.threshold = 300 (default)
2020-12-20 13:58:12,789 [pool-237-thread-1] INFO  server.RaftServerConfigKeys (ConfUtils.java:logGet(44)) - raft.server.log.appender.install.snapshot.enabled = false (custom)
2020-12-20 13:58:12,789 [pool-237-thread-1] INFO  impl.RaftServerImpl (ServerState.java:<init>(104)) - bdeb8c9a-b6ce-4032-9abb-c56649ac7409@group-ABDE5A73F2DC: ConfigurationManager, init=-1: [bdeb8c9a-b6ce-4032-9abb-c56649ac7409|rpc:172.17.0.2:44525], old=null, confs=<EMPTY_MAP>
2020-12-20 13:58:12,789 [pool-237-thread-1] INFO  server.RaftServerConfigKeys (ConfUtils.java:logGet(44)) - raft.server.storage.dir = [/github/workspace/mnt/ozone/hadoop-ozone/integration-test/target/test-dir/MiniOzoneClusterImpl-3ca51f30-c846-4083-9b7f-c1ea6aa91ff4/datanode-0/data/ratis] (custom)
2020-12-20 13:58:12,790 [pool-237-thread-1] INFO  server.RaftServerConfigKeys (ConfUtils.java:logGet(44)) - raft.server.log.corruption.policy = EXCEPTION (default)
2020-12-20 13:58:12,790 [pool-237-thread-1] INFO  storage.RaftStorageDirectory (RaftStorageDirectory.java:analyzeStorage(261)) - The storage directory /github/workspace/mnt/ozone/hadoop-ozone/integration-test/target/test-dir/MiniOzoneClusterImpl-3ca51f30-c846-4083-9b7f-c1ea6aa91ff4/datanode-0/data/ratis/31332280-a6c7-49b0-9627-abde5a73f2dc does not exist. Creating ...
2020-12-20 13:58:12,791 [pool-237-thread-1] INFO  storage.RaftStorageDirectory (RaftStorageDirectory.java:tryLock(343)) - Lock on /github/workspace/mnt/ozone/hadoop-ozone/integration-test/target/test-dir/MiniOzoneClusterImpl-3ca51f30-c846-4083-9b7f-c1ea6aa91ff4/datanode-0/data/ratis/31332280-a6c7-49b0-9627-abde5a73f2dc/in_use.lock acquired by nodename 14967@fc04eb3d93c3
2020-12-20 13:58:12,792 [pool-237-thread-1] INFO  storage.RaftStorage (RaftStorage.java:format(85)) - Storage directory /github/workspace/mnt/ozone/hadoop-ozone/integration-test/target/test-dir/MiniOzoneClusterImpl-3ca51f30-c846-4083-9b7f-c1ea6aa91ff4/datanode-0/data/ratis/31332280-a6c7-49b0-9627-abde5a73f2dc has been successfully formatted.
2020-12-20 13:58:12,793 [pool-237-thread-1] INFO  ratis.ContainerStateMachine (ContainerStateMachine.java:loadSnapshot(225)) - group-ABDE5A73F2DC: The snapshot info is null. Setting the last applied indexto:(t:0, i:~)
2020-12-20 13:58:12,793 [pool-237-thread-1] INFO  server.RaftServerConfigKeys (ConfUtils.java:logGet(44)) - raft.server.notification.no-leader.timeout = 300s (custom)
2020-12-20 13:58:12,793 [pool-237-thread-1] INFO  server.RaftServerConfigKeys (ConfUtils.java:logGet(44)) - raft.server.log.use.memory = false (default)
2020-12-20 13:58:12,793 [EventQueue-PipelineReportForOneReplicaPipelineSafeModeRule] INFO  safemode.SCMSafeModeManager (SCMSafeModeManager.java:validateSafeModeExitRules(214)) - AtleastOneDatanodeReportedRule rule is successfully validated
2020-12-20 13:58:12,793 [pool-237-thread-1] INFO  server.RaftServerConfigKeys (ConfUtils.java:logGet(44)) - raft.server.log.purge.gap = 1000000 (custom)
2020-12-20 13:58:12,794 [pool-237-thread-1] INFO  metrics.RatisMetrics (RatisMetrics.java:lambda$create$0(36)) - Creating Metrics Registry : ratis.log_worker.bdeb8c9a-b6ce-4032-9abb-c56649ac7409@group-ABDE5A73F2DC
2020-12-20 13:58:12,794 [EventQueue-PipelineReportForPipelineReportHandler] INFO  pipeline.PipelineStateManager (PipelineStateManager.java:openPipeline(132)) - Pipeline Pipeline[ Id: 31332280-a6c7-49b0-9627-abde5a73f2dc, Nodes: bdeb8c9a-b6ce-4032-9abb-c56649ac7409{ip: 172.17.0.2, host: fc04eb3d93c3, networkLocation: /default-rack, certSerialId: null, persistedOpState: IN_SERVICE, persistedOpStateExpiryEpochSec: 0}, Type:RATIS, Factor:ONE, State:ALLOCATED, leaderId:bdeb8c9a-b6ce-4032-9abb-c56649ac7409, CreationTimestamp2020-12-20T13:58:09.793Z] moved to OPEN state
2020-12-20 13:58:12,794 [pool-237-thread-1] INFO  server.RaftServerConfigKeys (ConfUtils.java:logGet(44)) - raft.server.log.appender.buffer.byte-limit = 33554432 (custom)
2020-12-20 13:58:12,794 [pool-237-thread-1] INFO  server.RaftServerConfigKeys (ConfUtils.java:logGet(44)) - raft.server.log.segment.size.max = 1048576 (custom)
2020-12-20 13:58:12,795 [pool-237-thread-1] INFO  server.RaftServerConfigKeys (ConfUtils.java:logGet(44)) - raft.server.log.segment.cache.num.max = 2 (custom)
2020-12-20 13:58:12,795 [pool-237-thread-1] INFO  segmented.SegmentedRaftLogWorker (SegmentedRaftLogWorker.java:<init>(180)) - new bdeb8c9a-b6ce-4032-9abb-c56649ac7409@group-ABDE5A73F2DC-SegmentedRaftLogWorker for RaftStorage:Storage Directory /github/workspace/mnt/ozone/hadoop-ozone/integration-test/target/test-dir/MiniOzoneClusterImpl-3ca51f30-c846-4083-9b7f-c1ea6aa91ff4/datanode-0/data/ratis/31332280-a6c7-49b0-9627-abde5a73f2dc
2020-12-20 13:58:12,795 [pool-237-thread-1] INFO  server.RaftServerConfigKeys (ConfUtils.java:logGet(44)) - raft.server.log.queue.byte-limit = 2147483647 (custom)
2020-12-20 13:58:12,796 [pool-237-thread-1] INFO  server.RaftServerConfigKeys (ConfUtils.java:logGet(44)) - raft.server.log.queue.element-limit = 1024 (custom)
2020-12-20 13:58:12,796 [pool-237-thread-1] INFO  server.RaftServerConfigKeys (ConfUtils.java:logGet(44)) - raft.server.log.segment.size.max = 1048576 (custom)
2020-12-20 13:58:12,796 [pool-237-thread-1] INFO  server.RaftServerConfigKeys (ConfUtils.java:logGet(44)) - raft.server.log.preallocated.size = 16384 (custom)
2020-12-20 13:58:12,796 [pool-237-thread-1] INFO  server.RaftServerConfigKeys (ConfUtils.java:logGet(44)) - raft.server.log.write.buffer.size = 1048576 (custom)
2020-12-20 13:58:12,796 [pool-237-thread-1] INFO  server.RaftServerConfigKeys (ConfUtils.java:logGet(44)) - raft.server.log.force.sync.num = 128 (default)
2020-12-20 13:58:12,796 [pool-237-thread-1] INFO  server.RaftServerConfigKeys (ConfUtils.java:logGet(44)) - raft.server.log.statemachine.data.sync = true (default)
2020-12-20 13:58:12,796 [pool-237-thread-1] INFO  server.RaftServerConfigKeys (ConfUtils.java:logGet(44)) - raft.server.log.statemachine.data.sync.timeout = 10s (default)
2020-12-20 13:58:12,796 [pool-237-thread-1] INFO  server.RaftServerConfigKeys (ConfUtils.java:logGet(44)) - raft.server.log.statemachine.data.sync.timeout.retry = -1 (default)
2020-12-20 13:58:12,797 [EventQueue-OpenPipelineForHealthyPipelineSafeModeRule] INFO  safemode.SCMSafeModeManager (HealthyPipelineSafeModeRule.java:process(128)) - SCM in safe mode. Healthy pipelines reported count is 0, required healthy pipeline reported count is 1
2020-12-20 13:58:12,799 [pool-237-thread-1] INFO  server.RaftServerConfigKeys (ConfUtils.java:logGet(44)) - raft.server.log.statemachine.data.caching.enabled = true (custom)
2020-12-20 13:58:12,800 [pool-237-thread-1] INFO  segmented.SegmentedRaftLogWorker (SegmentedRaftLogWorker.java:lambda$new$0(129)) - bdeb8c9a-b6ce-4032-9abb-c56649ac7409@group-ABDE5A73F2DC-SegmentedRaftLogWorker: flushIndex: setUnconditionally 0 -> -1
2020-12-20 13:58:12,800 [pool-237-thread-1] INFO  segmented.SegmentedRaftLogWorker (SegmentedRaftLogWorker.java:lambda$new$0(129)) - bdeb8c9a-b6ce-4032-9abb-c56649ac7409@group-ABDE5A73F2DC-SegmentedRaftLogWorker: safeCacheEvictIndex: setUnconditionally 0 -> -1
2020-12-20 13:58:12,800 [pool-237-thread-1] INFO  server.RaftServerConfigKeys (ConfUtils.java:logGet(44)) - raft.server.snapshot.auto.trigger.enabled = true (custom)
2020-12-20 13:58:12,800 [pool-237-thread-1] INFO  server.RaftServerConfigKeys (ConfUtils.java:logGet(44)) - raft.server.snapshot.auto.trigger.threshold = 10000 (custom)
2020-12-20 13:58:12,800 [pool-237-thread-1] INFO  server.RaftServerConfigKeys (ConfUtils.java:logGet(44)) - raft.server.snapshot.retention.file.num = 5 (custom)
2020-12-20 13:58:12,800 [pool-237-thread-1] INFO  server.RaftServerConfigKeys (ConfUtils.java:logGet(44)) - raft.server.log.purge.upto.snapshot.index = false (default)
2020-12-20 13:58:12,800 [pool-237-thread-1] INFO  server.RaftServerConfigKeys (ConfUtils.java:logGet(44)) - raft.server.retrycache.expirytime = 600000ms (custom)
2020-12-20 13:58:12,801 [pool-237-thread-1] INFO  metrics.RatisMetrics (RatisMetrics.java:lambda$create$0(36)) - Creating Metrics Registry : ratis.leader_election.bdeb8c9a-b6ce-4032-9abb-c56649ac7409@group-ABDE5A73F2DC
2020-12-20 13:58:12,801 [pool-237-thread-1] INFO  metrics.RatisMetrics (RatisMetrics.java:lambda$create$0(36)) - Creating Metrics Registry : ratis.server.bdeb8c9a-b6ce-4032-9abb-c56649ac7409@group-ABDE5A73F2DC
2020-12-20 13:58:12,803 [pool-237-thread-1] INFO  impl.RaftServerImpl (RaftServerImpl.java:start(215)) - bdeb8c9a-b6ce-4032-9abb-c56649ac7409@group-ABDE5A73F2DC: start as a follower, conf=-1: [bdeb8c9a-b6ce-4032-9abb-c56649ac7409|rpc:172.17.0.2:44525], old=null
2020-12-20 13:58:12,803 [pool-237-thread-1] INFO  impl.RaftServerImpl (RaftServerImpl.java:setRole(204)) - bdeb8c9a-b6ce-4032-9abb-c56649ac7409@group-ABDE5A73F2DC: changes role from      null to FOLLOWER at term 0 for startAsFollower
2020-12-20 13:58:12,803 [pool-237-thread-1] INFO  impl.RoleInfo (RoleInfo.java:updateAndGet(143)) - bdeb8c9a-b6ce-4032-9abb-c56649ac7409: start bdeb8c9a-b6ce-4032-9abb-c56649ac7409@group-ABDE5A73F2DC-FollowerState
2020-12-20 13:58:12,803 [pool-237-thread-1] INFO  util.JmxRegister (JmxRegister.java:tryRegister(44)) - Successfully registered JMX Bean with object name Ratis:service=RaftServer,group=group-ABDE5A73F2DC,id=bdeb8c9a-b6ce-4032-9abb-c56649ac7409
2020-12-20 13:58:12,803 [pool-237-thread-1] INFO  metrics.RatisMetrics (RatisMetrics.java:lambda$create$0(36)) - Creating Metrics Registry : ratis.state_machine.bdeb8c9a-b6ce-4032-9abb-c56649ac7409@group-ABDE5A73F2DC
2020-12-20 13:58:12,804 [Command processor thread] INFO  commandhandler.CreatePipelineCommandHandler (CreatePipelineCommandHandler.java:handle(106)) - Created Pipeline RATIS ONE PipelineID=31332280-a6c7-49b0-9627-abde5a73f2dc.
2020-12-20 13:58:12,805 [Command processor thread] INFO  impl.RaftServerProxy (RaftServerProxy.java:addNew(93)) - bdeb8c9a-b6ce-4032-9abb-c56649ac7409: addNew group-D36F1873C4E8:[bdeb8c9a-b6ce-4032-9abb-c56649ac7409|rpc:172.17.0.2:44525, c38782e9-3388-40a2-a7d0-b364a85c289d|rpc:172.17.0.2:33919, 9165b65f-6848-484a-9f71-e5cc340a0655|rpc:172.17.0.2:39473] returns group-D36F1873C4E8:java.util.concurrent.CompletableFuture@45ca8d7d[Not completed]
2020-12-20 13:58:12,806 [EventQueue-PipelineReportForOneReplicaPipelineSafeModeRule] INFO  safemode.SCMSafeModeManager (SCMSafeModeManager.java:validateSafeModeExitRules(214)) - AtleastOneDatanodeReportedRule rule is successfully validated
2020-12-20 13:58:12,808 [pool-237-thread-1] INFO  impl.RaftServerImpl (RaftServerImpl.java:<init>(121)) - bdeb8c9a-b6ce-4032-9abb-c56649ac7409: new RaftServerImpl for group-D36F1873C4E8:[bdeb8c9a-b6ce-4032-9abb-c56649ac7409|rpc:172.17.0.2:44525, c38782e9-3388-40a2-a7d0-b364a85c289d|rpc:172.17.0.2:33919, 9165b65f-6848-484a-9f71-e5cc340a0655|rpc:172.17.0.2:39473] with ContainerStateMachine:uninitialized
2020-12-20 13:58:12,808 [pool-237-thread-1] INFO  server.RaftServerConfigKeys (ConfUtils.java:logGet(44)) - raft.server.rpc.timeout.min = 5s (custom)
2020-12-20 13:58:12,808 [pool-237-thread-1] INFO  server.RaftServerConfigKeys (ConfUtils.java:logGet(44)) - raft.server.rpc.timeout.max = 5200ms (custom)
2020-12-20 13:58:12,808 [pool-237-thread-1] INFO  server.RaftServerConfigKeys (ConfUtils.java:logGet(44)) - raft.server.rpc.slowness.timeout = 300s (custom)
2020-12-20 13:58:12,808 [pool-237-thread-1] INFO  server.RaftServerConfigKeys (ConfUtils.java:logGet(44)) - raft.server.leaderelection.leader.step-down.wait-time = 10s (default)
2020-12-20 13:58:12,808 [pool-237-thread-1] INFO  server.RaftServerConfigKeys (ConfUtils.java:logGet(44)) - raft.server.sleep.deviation.threshold = 300 (default)
2020-12-20 13:58:12,808 [pool-237-thread-1] INFO  server.RaftServerConfigKeys (ConfUtils.java:logGet(44)) - raft.server.log.appender.install.snapshot.enabled = false (custom)
2020-12-20 13:58:12,808 [pool-237-thread-1] INFO  impl.RaftServerImpl (ServerState.java:<init>(104)) - bdeb8c9a-b6ce-4032-9abb-c56649ac7409@group-D36F1873C4E8: ConfigurationManager, init=-1: [bdeb8c9a-b6ce-4032-9abb-c56649ac7409|rpc:172.17.0.2:44525, c38782e9-3388-40a2-a7d0-b364a85c289d|rpc:172.17.0.2:33919, 9165b65f-6848-484a-9f71-e5cc340a0655|rpc:172.17.0.2:39473], old=null, confs=<EMPTY_MAP>
2020-12-20 13:58:12,808 [pool-237-thread-1] INFO  server.RaftServerConfigKeys (ConfUtils.java:logGet(44)) - raft.server.storage.dir = [/github/workspace/mnt/ozone/hadoop-ozone/integration-test/target/test-dir/MiniOzoneClusterImpl-3ca51f30-c846-4083-9b7f-c1ea6aa91ff4/datanode-0/data/ratis] (custom)
2020-12-20 13:58:12,809 [pool-237-thread-1] INFO  server.RaftServerConfigKeys (ConfUtils.java:logGet(44)) - raft.server.log.corruption.policy = EXCEPTION (default)
2020-12-20 13:58:12,809 [pool-237-thread-1] INFO  storage.RaftStorageDirectory (RaftStorageDirectory.java:analyzeStorage(261)) - The storage directory /github/workspace/mnt/ozone/hadoop-ozone/integration-test/target/test-dir/MiniOzoneClusterImpl-3ca51f30-c846-4083-9b7f-c1ea6aa91ff4/datanode-0/data/ratis/19f1c2c1-3ad3-4b75-8ed4-d36f1873c4e8 does not exist. Creating ...
2020-12-20 13:58:12,811 [pool-237-thread-1] INFO  storage.RaftStorageDirectory (RaftStorageDirectory.java:tryLock(343)) - Lock on /github/workspace/mnt/ozone/hadoop-ozone/integration-test/target/test-dir/MiniOzoneClusterImpl-3ca51f30-c846-4083-9b7f-c1ea6aa91ff4/datanode-0/data/ratis/19f1c2c1-3ad3-4b75-8ed4-d36f1873c4e8/in_use.lock acquired by nodename 14967@fc04eb3d93c3
2020-12-20 13:58:12,812 [pool-237-thread-1] INFO  storage.RaftStorage (RaftStorage.java:format(85)) - Storage directory /github/workspace/mnt/ozone/hadoop-ozone/integration-test/target/test-dir/MiniOzoneClusterImpl-3ca51f30-c846-4083-9b7f-c1ea6aa91ff4/datanode-0/data/ratis/19f1c2c1-3ad3-4b75-8ed4-d36f1873c4e8 has been successfully formatted.
2020-12-20 13:58:12,812 [pool-237-thread-1] INFO  ratis.ContainerStateMachine (ContainerStateMachine.java:loadSnapshot(225)) - group-D36F1873C4E8: The snapshot info is null. Setting the last applied indexto:(t:0, i:~)
2020-12-20 13:58:12,812 [pool-237-thread-1] INFO  server.RaftServerConfigKeys (ConfUtils.java:logGet(44)) - raft.server.notification.no-leader.timeout = 300s (custom)
2020-12-20 13:58:12,812 [pool-237-thread-1] INFO  server.RaftServerConfigKeys (ConfUtils.java:logGet(44)) - raft.server.log.use.memory = false (default)
2020-12-20 13:58:12,812 [pool-237-thread-1] INFO  server.RaftServerConfigKeys (ConfUtils.java:logGet(44)) - raft.server.log.purge.gap = 1000000 (custom)
2020-12-20 13:58:12,812 [pool-237-thread-1] INFO  metrics.RatisMetrics (RatisMetrics.java:lambda$create$0(36)) - Creating Metrics Registry : ratis.log_worker.bdeb8c9a-b6ce-4032-9abb-c56649ac7409@group-D36F1873C4E8
2020-12-20 13:58:12,813 [pool-237-thread-1] INFO  server.RaftServerConfigKeys (ConfUtils.java:logGet(44)) - raft.server.log.appender.buffer.byte-limit = 33554432 (custom)
2020-12-20 13:58:12,813 [EventQueue-PipelineReportForOneReplicaPipelineSafeModeRule] INFO  safemode.SCMSafeModeManager (SCMSafeModeManager.java:validateSafeModeExitRules(214)) - AtleastOneDatanodeReportedRule rule is successfully validated
2020-12-20 13:58:12,813 [EventQueue-OpenPipelineForHealthyPipelineSafeModeRule] INFO  safemode.SCMSafeModeManager (HealthyPipelineSafeModeRule.java:process(128)) - SCM in safe mode. Healthy pipelines reported count is 0, required healthy pipeline reported count is 1
2020-12-20 13:58:12,813 [pool-237-thread-1] INFO  server.RaftServerConfigKeys (ConfUtils.java:logGet(44)) - raft.server.log.segment.size.max = 1048576 (custom)
2020-12-20 13:58:12,814 [pool-237-thread-1] INFO  server.RaftServerConfigKeys (ConfUtils.java:logGet(44)) - raft.server.log.segment.cache.num.max = 2 (custom)
2020-12-20 13:58:12,814 [pool-237-thread-1] INFO  segmented.SegmentedRaftLogWorker (SegmentedRaftLogWorker.java:<init>(180)) - new bdeb8c9a-b6ce-4032-9abb-c56649ac7409@group-D36F1873C4E8-SegmentedRaftLogWorker for RaftStorage:Storage Directory /github/workspace/mnt/ozone/hadoop-ozone/integration-test/target/test-dir/MiniOzoneClusterImpl-3ca51f30-c846-4083-9b7f-c1ea6aa91ff4/datanode-0/data/ratis/19f1c2c1-3ad3-4b75-8ed4-d36f1873c4e8
2020-12-20 13:58:12,814 [pool-237-thread-1] INFO  server.RaftServerConfigKeys (ConfUtils.java:logGet(44)) - raft.server.log.queue.byte-limit = 2147483647 (custom)
2020-12-20 13:58:12,814 [pool-237-thread-1] INFO  server.RaftServerConfigKeys (ConfUtils.java:logGet(44)) - raft.server.log.queue.element-limit = 1024 (custom)
2020-12-20 13:58:12,814 [pool-237-thread-1] INFO  server.RaftServerConfigKeys (ConfUtils.java:logGet(44)) - raft.server.log.segment.size.max = 1048576 (custom)
2020-12-20 13:58:12,814 [pool-237-thread-1] INFO  server.RaftServerConfigKeys (ConfUtils.java:logGet(44)) - raft.server.log.preallocated.size = 16384 (custom)
2020-12-20 13:58:12,814 [pool-237-thread-1] INFO  server.RaftServerConfigKeys (ConfUtils.java:logGet(44)) - raft.server.log.write.buffer.size = 1048576 (custom)
2020-12-20 13:58:12,814 [pool-237-thread-1] INFO  server.RaftServerConfigKeys (ConfUtils.java:logGet(44)) - raft.server.log.force.sync.num = 128 (default)
2020-12-20 13:58:12,814 [pool-237-thread-1] INFO  server.RaftServerConfigKeys (ConfUtils.java:logGet(44)) - raft.server.log.statemachine.data.sync = true (default)
2020-12-20 13:58:12,814 [pool-237-thread-1] INFO  server.RaftServerConfigKeys (ConfUtils.java:logGet(44)) - raft.server.log.statemachine.data.sync.timeout = 10s (default)
2020-12-20 13:58:12,814 [pool-237-thread-1] INFO  server.RaftServerConfigKeys (ConfUtils.java:logGet(44)) - raft.server.log.statemachine.data.sync.timeout.retry = -1 (default)
2020-12-20 13:58:12,816 [pool-237-thread-1] INFO  server.RaftServerConfigKeys (ConfUtils.java:logGet(44)) - raft.server.log.statemachine.data.caching.enabled = true (custom)
2020-12-20 13:58:12,817 [pool-237-thread-1] INFO  segmented.SegmentedRaftLogWorker (SegmentedRaftLogWorker.java:lambda$new$0(129)) - bdeb8c9a-b6ce-4032-9abb-c56649ac7409@group-D36F1873C4E8-SegmentedRaftLogWorker: flushIndex: setUnconditionally 0 -> -1
2020-12-20 13:58:12,817 [pool-237-thread-1] INFO  segmented.SegmentedRaftLogWorker (SegmentedRaftLogWorker.java:lambda$new$0(129)) - bdeb8c9a-b6ce-4032-9abb-c56649ac7409@group-D36F1873C4E8-SegmentedRaftLogWorker: safeCacheEvictIndex: setUnconditionally 0 -> -1
2020-12-20 13:58:12,821 [pool-237-thread-1] INFO  server.RaftServerConfigKeys (ConfUtils.java:logGet(44)) - raft.server.snapshot.auto.trigger.enabled = true (custom)
2020-12-20 13:58:12,821 [pool-237-thread-1] INFO  server.RaftServerConfigKeys (ConfUtils.java:logGet(44)) - raft.server.snapshot.auto.trigger.threshold = 10000 (custom)
2020-12-20 13:58:12,821 [pool-237-thread-1] INFO  server.RaftServerConfigKeys (ConfUtils.java:logGet(44)) - raft.server.snapshot.retention.file.num = 5 (custom)
2020-12-20 13:58:12,821 [pool-237-thread-1] INFO  server.RaftServerConfigKeys (ConfUtils.java:logGet(44)) - raft.server.log.purge.upto.snapshot.index = false (default)
2020-12-20 13:58:12,821 [pool-237-thread-1] INFO  server.RaftServerConfigKeys (ConfUtils.java:logGet(44)) - raft.server.retrycache.expirytime = 600000ms (custom)
2020-12-20 13:58:12,822 [pool-237-thread-1] INFO  metrics.RatisMetrics (RatisMetrics.java:lambda$create$0(36)) - Creating Metrics Registry : ratis.leader_election.bdeb8c9a-b6ce-4032-9abb-c56649ac7409@group-D36F1873C4E8
2020-12-20 13:58:12,822 [pool-237-thread-1] INFO  metrics.RatisMetrics (RatisMetrics.java:lambda$create$0(36)) - Creating Metrics Registry : ratis.server.bdeb8c9a-b6ce-4032-9abb-c56649ac7409@group-D36F1873C4E8
2020-12-20 13:58:12,823 [pool-237-thread-1] INFO  impl.RaftServerImpl (RaftServerImpl.java:start(215)) - bdeb8c9a-b6ce-4032-9abb-c56649ac7409@group-D36F1873C4E8: start as a follower, conf=-1: [bdeb8c9a-b6ce-4032-9abb-c56649ac7409|rpc:172.17.0.2:44525, c38782e9-3388-40a2-a7d0-b364a85c289d|rpc:172.17.0.2:33919, 9165b65f-6848-484a-9f71-e5cc340a0655|rpc:172.17.0.2:39473], old=null
2020-12-20 13:58:12,823 [pool-237-thread-1] INFO  impl.RaftServerImpl (RaftServerImpl.java:setRole(204)) - bdeb8c9a-b6ce-4032-9abb-c56649ac7409@group-D36F1873C4E8: changes role from      null to FOLLOWER at term 0 for startAsFollower
2020-12-20 13:58:12,823 [pool-237-thread-1] INFO  impl.RoleInfo (RoleInfo.java:updateAndGet(143)) - bdeb8c9a-b6ce-4032-9abb-c56649ac7409: start bdeb8c9a-b6ce-4032-9abb-c56649ac7409@group-D36F1873C4E8-FollowerState
2020-12-20 13:58:12,824 [pool-237-thread-1] INFO  util.JmxRegister (JmxRegister.java:tryRegister(44)) - Successfully registered JMX Bean with object name Ratis:service=RaftServer,group=group-D36F1873C4E8,id=bdeb8c9a-b6ce-4032-9abb-c56649ac7409
2020-12-20 13:58:12,824 [pool-237-thread-1] INFO  metrics.RatisMetrics (RatisMetrics.java:lambda$create$0(36)) - Creating Metrics Registry : ratis.state_machine.bdeb8c9a-b6ce-4032-9abb-c56649ac7409@group-D36F1873C4E8
2020-12-20 13:58:12,829 [Command processor thread] INFO  metrics.RatisMetrics (RatisMetrics.java:lambda$create$0(36)) - Creating Metrics Registry : ratis.client_message_metrics.client-84163E767B2D->c38782e9-3388-40a2-a7d0-b364a85c289d
2020-12-20 13:58:12,837 [grpc-default-executor-2] INFO  metrics.RatisMetrics (RatisMetrics.java:lambda$create$0(36)) - Creating Metrics Registry : ratis.server_message_metrics.c38782e9-3388-40a2-a7d0-b364a85c289d
2020-12-20 13:58:12,841 [grpc-default-executor-2] INFO  impl.RaftServerProxy (RaftServerProxy.java:addNew(93)) - c38782e9-3388-40a2-a7d0-b364a85c289d: addNew group-D36F1873C4E8:[bdeb8c9a-b6ce-4032-9abb-c56649ac7409|rpc:172.17.0.2:44525|dataStream:, c38782e9-3388-40a2-a7d0-b364a85c289d|rpc:172.17.0.2:33919|dataStream:, 9165b65f-6848-484a-9f71-e5cc340a0655|rpc:172.17.0.2:39473|dataStream:] returns group-D36F1873C4E8:java.util.concurrent.CompletableFuture@20eebe72[Not completed]
2020-12-20 13:58:12,842 [pool-253-thread-1] INFO  impl.RaftServerImpl (RaftServerImpl.java:<init>(121)) - c38782e9-3388-40a2-a7d0-b364a85c289d: new RaftServerImpl for group-D36F1873C4E8:[bdeb8c9a-b6ce-4032-9abb-c56649ac7409|rpc:172.17.0.2:44525|dataStream:, c38782e9-3388-40a2-a7d0-b364a85c289d|rpc:172.17.0.2:33919|dataStream:, 9165b65f-6848-484a-9f71-e5cc340a0655|rpc:172.17.0.2:39473|dataStream:] with ContainerStateMachine:uninitialized
2020-12-20 13:58:12,842 [pool-253-thread-1] INFO  server.RaftServerConfigKeys (ConfUtils.java:logGet(44)) - raft.server.rpc.timeout.min = 5s (custom)
2020-12-20 13:58:12,842 [pool-253-thread-1] INFO  server.RaftServerConfigKeys (ConfUtils.java:logGet(44)) - raft.server.rpc.timeout.max = 5200ms (custom)
2020-12-20 13:58:12,843 [pool-253-thread-1] INFO  server.RaftServerConfigKeys (ConfUtils.java:logGet(44)) - raft.server.rpc.slowness.timeout = 300s (custom)
2020-12-20 13:58:12,843 [pool-253-thread-1] INFO  server.RaftServerConfigKeys (ConfUtils.java:logGet(44)) - raft.server.leaderelection.leader.step-down.wait-time = 10s (default)
2020-12-20 13:58:12,843 [pool-253-thread-1] INFO  server.RaftServerConfigKeys (ConfUtils.java:logGet(44)) - raft.server.sleep.deviation.threshold = 300 (default)
2020-12-20 13:58:12,843 [pool-253-thread-1] INFO  server.RaftServerConfigKeys (ConfUtils.java:logGet(44)) - raft.server.log.appender.install.snapshot.enabled = false (custom)
2020-12-20 13:58:12,843 [pool-253-thread-1] INFO  impl.RaftServerImpl (ServerState.java:<init>(104)) - c38782e9-3388-40a2-a7d0-b364a85c289d@group-D36F1873C4E8: ConfigurationManager, init=-1: [bdeb8c9a-b6ce-4032-9abb-c56649ac7409|rpc:172.17.0.2:44525|dataStream:, c38782e9-3388-40a2-a7d0-b364a85c289d|rpc:172.17.0.2:33919|dataStream:, 9165b65f-6848-484a-9f71-e5cc340a0655|rpc:172.17.0.2:39473|dataStream:], old=null, confs=<EMPTY_MAP>
2020-12-20 13:58:12,843 [pool-253-thread-1] INFO  server.RaftServerConfigKeys (ConfUtils.java:logGet(44)) - raft.server.storage.dir = [/github/workspace/mnt/ozone/hadoop-ozone/integration-test/target/test-dir/MiniOzoneClusterImpl-3ca51f30-c846-4083-9b7f-c1ea6aa91ff4/datanode-1/data/ratis] (custom)
2020-12-20 13:58:12,843 [pool-253-thread-1] INFO  server.RaftServerConfigKeys (ConfUtils.java:logGet(44)) - raft.server.log.corruption.policy = EXCEPTION (default)
2020-12-20 13:58:12,844 [pool-253-thread-1] INFO  storage.RaftStorageDirectory (RaftStorageDirectory.java:analyzeStorage(261)) - The storage directory /github/workspace/mnt/ozone/hadoop-ozone/integration-test/target/test-dir/MiniOzoneClusterImpl-3ca51f30-c846-4083-9b7f-c1ea6aa91ff4/datanode-1/data/ratis/19f1c2c1-3ad3-4b75-8ed4-d36f1873c4e8 does not exist. Creating ...
2020-12-20 13:58:12,845 [pool-253-thread-1] INFO  storage.RaftStorageDirectory (RaftStorageDirectory.java:tryLock(343)) - Lock on /github/workspace/mnt/ozone/hadoop-ozone/integration-test/target/test-dir/MiniOzoneClusterImpl-3ca51f30-c846-4083-9b7f-c1ea6aa91ff4/datanode-1/data/ratis/19f1c2c1-3ad3-4b75-8ed4-d36f1873c4e8/in_use.lock acquired by nodename 14967@fc04eb3d93c3
2020-12-20 13:58:12,846 [pool-253-thread-1] INFO  storage.RaftStorage (RaftStorage.java:format(85)) - Storage directory /github/workspace/mnt/ozone/hadoop-ozone/integration-test/target/test-dir/MiniOzoneClusterImpl-3ca51f30-c846-4083-9b7f-c1ea6aa91ff4/datanode-1/data/ratis/19f1c2c1-3ad3-4b75-8ed4-d36f1873c4e8 has been successfully formatted.
2020-12-20 13:58:12,847 [pool-253-thread-1] INFO  ratis.ContainerStateMachine (ContainerStateMachine.java:loadSnapshot(225)) - group-D36F1873C4E8: The snapshot info is null. Setting the last applied indexto:(t:0, i:~)
2020-12-20 13:58:12,847 [pool-253-thread-1] INFO  server.RaftServerConfigKeys (ConfUtils.java:logGet(44)) - raft.server.notification.no-leader.timeout = 300s (custom)
2020-12-20 13:58:12,847 [EventQueue-PipelineReportForOneReplicaPipelineSafeModeRule] INFO  safemode.SCMSafeModeManager (SCMSafeModeManager.java:validateSafeModeExitRules(214)) - AtleastOneDatanodeReportedRule rule is successfully validated
2020-12-20 13:58:12,847 [pool-253-thread-1] INFO  server.RaftServerConfigKeys (ConfUtils.java:logGet(44)) - raft.server.log.use.memory = false (default)
2020-12-20 13:58:12,848 [pool-253-thread-1] INFO  server.RaftServerConfigKeys (ConfUtils.java:logGet(44)) - raft.server.log.purge.gap = 1000000 (custom)
2020-12-20 13:58:12,848 [pool-253-thread-1] INFO  metrics.RatisMetrics (RatisMetrics.java:lambda$create$0(36)) - Creating Metrics Registry : ratis.log_worker.c38782e9-3388-40a2-a7d0-b364a85c289d@group-D36F1873C4E8
2020-12-20 13:58:12,848 [pool-253-thread-1] INFO  server.RaftServerConfigKeys (ConfUtils.java:logGet(44)) - raft.server.log.appender.buffer.byte-limit = 33554432 (custom)
2020-12-20 13:58:12,848 [pool-253-thread-1] INFO  server.RaftServerConfigKeys (ConfUtils.java:logGet(44)) - raft.server.log.segment.size.max = 1048576 (custom)
2020-12-20 13:58:12,849 [pool-253-thread-1] INFO  server.RaftServerConfigKeys (ConfUtils.java:logGet(44)) - raft.server.log.segment.cache.num.max = 2 (custom)
2020-12-20 13:58:12,849 [pool-253-thread-1] INFO  segmented.SegmentedRaftLogWorker (SegmentedRaftLogWorker.java:<init>(180)) - new c38782e9-3388-40a2-a7d0-b364a85c289d@group-D36F1873C4E8-SegmentedRaftLogWorker for RaftStorage:Storage Directory /github/workspace/mnt/ozone/hadoop-ozone/integration-test/target/test-dir/MiniOzoneClusterImpl-3ca51f30-c846-4083-9b7f-c1ea6aa91ff4/datanode-1/data/ratis/19f1c2c1-3ad3-4b75-8ed4-d36f1873c4e8
2020-12-20 13:58:12,849 [pool-253-thread-1] INFO  server.RaftServerConfigKeys (ConfUtils.java:logGet(44)) - raft.server.log.queue.byte-limit = 2147483647 (custom)
2020-12-20 13:58:12,849 [pool-253-thread-1] INFO  server.RaftServerConfigKeys (ConfUtils.java:logGet(44)) - raft.server.log.queue.element-limit = 1024 (custom)
2020-12-20 13:58:12,849 [pool-253-thread-1] INFO  server.RaftServerConfigKeys (ConfUtils.java:logGet(44)) - raft.server.log.segment.size.max = 1048576 (custom)
2020-12-20 13:58:12,849 [pool-253-thread-1] INFO  server.RaftServerConfigKeys (ConfUtils.java:logGet(44)) - raft.server.log.preallocated.size = 16384 (custom)
2020-12-20 13:58:12,850 [pool-253-thread-1] INFO  server.RaftServerConfigKeys (ConfUtils.java:logGet(44)) - raft.server.log.write.buffer.size = 1048576 (custom)
2020-12-20 13:58:12,850 [pool-253-thread-1] INFO  server.RaftServerConfigKeys (ConfUtils.java:logGet(44)) - raft.server.log.force.sync.num = 128 (default)
2020-12-20 13:58:12,850 [pool-253-thread-1] INFO  server.RaftServerConfigKeys (ConfUtils.java:logGet(44)) - raft.server.log.statemachine.data.sync = true (default)
2020-12-20 13:58:12,850 [pool-253-thread-1] INFO  server.RaftServerConfigKeys (ConfUtils.java:logGet(44)) - raft.server.log.statemachine.data.sync.timeout = 10s (default)
2020-12-20 13:58:12,850 [pool-253-thread-1] INFO  server.RaftServerConfigKeys (ConfUtils.java:logGet(44)) - raft.server.log.statemachine.data.sync.timeout.retry = -1 (default)
2020-12-20 13:58:12,852 [pool-253-thread-1] INFO  server.RaftServerConfigKeys (ConfUtils.java:logGet(44)) - raft.server.log.statemachine.data.caching.enabled = true (custom)
2020-12-20 13:58:12,852 [pool-253-thread-1] INFO  segmented.SegmentedRaftLogWorker (SegmentedRaftLogWorker.java:lambda$new$0(129)) - c38782e9-3388-40a2-a7d0-b364a85c289d@group-D36F1873C4E8-SegmentedRaftLogWorker: flushIndex: setUnconditionally 0 -> -1
2020-12-20 13:58:12,853 [pool-253-thread-1] INFO  segmented.SegmentedRaftLogWorker (SegmentedRaftLogWorker.java:lambda$new$0(129)) - c38782e9-3388-40a2-a7d0-b364a85c289d@group-D36F1873C4E8-SegmentedRaftLogWorker: safeCacheEvictIndex: setUnconditionally 0 -> -1
2020-12-20 13:58:12,853 [pool-253-thread-1] INFO  server.RaftServerConfigKeys (ConfUtils.java:logGet(44)) - raft.server.snapshot.auto.trigger.enabled = true (custom)
2020-12-20 13:58:12,853 [pool-253-thread-1] INFO  server.RaftServerConfigKeys (ConfUtils.java:logGet(44)) - raft.server.snapshot.auto.trigger.threshold = 10000 (custom)
2020-12-20 13:58:12,853 [pool-253-thread-1] INFO  server.RaftServerConfigKeys (ConfUtils.java:logGet(44)) - raft.server.snapshot.retention.file.num = 5 (custom)
2020-12-20 13:58:12,853 [pool-253-thread-1] INFO  server.RaftServerConfigKeys (ConfUtils.java:logGet(44)) - raft.server.log.purge.upto.snapshot.index = false (default)
2020-12-20 13:58:12,853 [pool-253-thread-1] INFO  server.RaftServerConfigKeys (ConfUtils.java:logGet(44)) - raft.server.retrycache.expirytime = 600000ms (custom)
2020-12-20 13:58:12,853 [pool-253-thread-1] INFO  metrics.RatisMetrics (RatisMetrics.java:lambda$create$0(36)) - Creating Metrics Registry : ratis.leader_election.c38782e9-3388-40a2-a7d0-b364a85c289d@group-D36F1873C4E8
2020-12-20 13:58:12,854 [pool-253-thread-1] INFO  metrics.RatisMetrics (RatisMetrics.java:lambda$create$0(36)) - Creating Metrics Registry : ratis.server.c38782e9-3388-40a2-a7d0-b364a85c289d@group-D36F1873C4E8
2020-12-20 13:58:12,855 [pool-253-thread-1] INFO  impl.RaftServerImpl (RaftServerImpl.java:start(215)) - c38782e9-3388-40a2-a7d0-b364a85c289d@group-D36F1873C4E8: start as a follower, conf=-1: [bdeb8c9a-b6ce-4032-9abb-c56649ac7409|rpc:172.17.0.2:44525|dataStream:, c38782e9-3388-40a2-a7d0-b364a85c289d|rpc:172.17.0.2:33919|dataStream:, 9165b65f-6848-484a-9f71-e5cc340a0655|rpc:172.17.0.2:39473|dataStream:], old=null
2020-12-20 13:58:12,855 [pool-253-thread-1] INFO  impl.RaftServerImpl (RaftServerImpl.java:setRole(204)) - c38782e9-3388-40a2-a7d0-b364a85c289d@group-D36F1873C4E8: changes role from      null to FOLLOWER at term 0 for startAsFollower
2020-12-20 13:58:12,855 [pool-253-thread-1] INFO  impl.RoleInfo (RoleInfo.java:updateAndGet(143)) - c38782e9-3388-40a2-a7d0-b364a85c289d: start c38782e9-3388-40a2-a7d0-b364a85c289d@group-D36F1873C4E8-FollowerState
2020-12-20 13:58:12,861 [pool-253-thread-1] INFO  util.JmxRegister (JmxRegister.java:tryRegister(44)) - Successfully registered JMX Bean with object name Ratis:service=RaftServer,group=group-D36F1873C4E8,id=c38782e9-3388-40a2-a7d0-b364a85c289d
2020-12-20 13:58:12,861 [pool-253-thread-1] INFO  metrics.RatisMetrics (RatisMetrics.java:lambda$create$0(36)) - Creating Metrics Registry : ratis.state_machine.c38782e9-3388-40a2-a7d0-b364a85c289d@group-D36F1873C4E8
2020-12-20 13:58:12,871 [Command processor thread] INFO  metrics.RatisMetrics (RatisMetrics.java:lambda$create$0(36)) - Creating Metrics Registry : ratis.client_message_metrics.client-44A1F0DA0F31->9165b65f-6848-484a-9f71-e5cc340a0655
2020-12-20 13:58:12,876 [grpc-default-executor-2] INFO  metrics.RatisMetrics (RatisMetrics.java:lambda$create$0(36)) - Creating Metrics Registry : ratis.server_message_metrics.9165b65f-6848-484a-9f71-e5cc340a0655
2020-12-20 13:58:12,879 [grpc-default-executor-2] INFO  impl.RaftServerProxy (RaftServerProxy.java:addNew(93)) - 9165b65f-6848-484a-9f71-e5cc340a0655: addNew group-D36F1873C4E8:[bdeb8c9a-b6ce-4032-9abb-c56649ac7409|rpc:172.17.0.2:44525|dataStream:, c38782e9-3388-40a2-a7d0-b364a85c289d|rpc:172.17.0.2:33919|dataStream:, 9165b65f-6848-484a-9f71-e5cc340a0655|rpc:172.17.0.2:39473|dataStream:] returns group-D36F1873C4E8:java.util.concurrent.CompletableFuture@606070b6[Not completed]
2020-12-20 13:58:12,880 [pool-269-thread-1] INFO  impl.RaftServerImpl (RaftServerImpl.java:<init>(121)) - 9165b65f-6848-484a-9f71-e5cc340a0655: new RaftServerImpl for group-D36F1873C4E8:[bdeb8c9a-b6ce-4032-9abb-c56649ac7409|rpc:172.17.0.2:44525|dataStream:, c38782e9-3388-40a2-a7d0-b364a85c289d|rpc:172.17.0.2:33919|dataStream:, 9165b65f-6848-484a-9f71-e5cc340a0655|rpc:172.17.0.2:39473|dataStream:] with ContainerStateMachine:uninitialized
2020-12-20 13:58:12,880 [pool-269-thread-1] INFO  server.RaftServerConfigKeys (ConfUtils.java:logGet(44)) - raft.server.rpc.timeout.min = 5s (custom)
2020-12-20 13:58:12,881 [pool-269-thread-1] INFO  server.RaftServerConfigKeys (ConfUtils.java:logGet(44)) - raft.server.rpc.timeout.max = 5200ms (custom)
2020-12-20 13:58:12,881 [pool-269-thread-1] INFO  server.RaftServerConfigKeys (ConfUtils.java:logGet(44)) - raft.server.rpc.slowness.timeout = 300s (custom)
2020-12-20 13:58:12,881 [pool-269-thread-1] INFO  server.RaftServerConfigKeys (ConfUtils.java:logGet(44)) - raft.server.leaderelection.leader.step-down.wait-time = 10s (default)
2020-12-20 13:58:12,881 [pool-269-thread-1] INFO  server.RaftServerConfigKeys (ConfUtils.java:logGet(44)) - raft.server.sleep.deviation.threshold = 300 (default)
2020-12-20 13:58:12,881 [pool-269-thread-1] INFO  server.RaftServerConfigKeys (ConfUtils.java:logGet(44)) - raft.server.log.appender.install.snapshot.enabled = false (custom)
2020-12-20 13:58:12,881 [pool-269-thread-1] INFO  impl.RaftServerImpl (ServerState.java:<init>(104)) - 9165b65f-6848-484a-9f71-e5cc340a0655@group-D36F1873C4E8: ConfigurationManager, init=-1: [bdeb8c9a-b6ce-4032-9abb-c56649ac7409|rpc:172.17.0.2:44525|dataStream:, c38782e9-3388-40a2-a7d0-b364a85c289d|rpc:172.17.0.2:33919|dataStream:, 9165b65f-6848-484a-9f71-e5cc340a0655|rpc:172.17.0.2:39473|dataStream:], old=null, confs=<EMPTY_MAP>
2020-12-20 13:58:12,881 [pool-269-thread-1] INFO  server.RaftServerConfigKeys (ConfUtils.java:logGet(44)) - raft.server.storage.dir = [/github/workspace/mnt/ozone/hadoop-ozone/integration-test/target/test-dir/MiniOzoneClusterImpl-3ca51f30-c846-4083-9b7f-c1ea6aa91ff4/datanode-2/data/ratis] (custom)
2020-12-20 13:58:12,882 [pool-269-thread-1] INFO  server.RaftServerConfigKeys (ConfUtils.java:logGet(44)) - raft.server.log.corruption.policy = EXCEPTION (default)
2020-12-20 13:58:12,882 [pool-269-thread-1] INFO  storage.RaftStorageDirectory (RaftStorageDirectory.java:analyzeStorage(261)) - The storage directory /github/workspace/mnt/ozone/hadoop-ozone/integration-test/target/test-dir/MiniOzoneClusterImpl-3ca51f30-c846-4083-9b7f-c1ea6aa91ff4/datanode-2/data/ratis/19f1c2c1-3ad3-4b75-8ed4-d36f1873c4e8 does not exist. Creating ...
2020-12-20 13:58:12,883 [pool-269-thread-1] INFO  storage.RaftStorageDirectory (RaftStorageDirectory.java:tryLock(343)) - Lock on /github/workspace/mnt/ozone/hadoop-ozone/integration-test/target/test-dir/MiniOzoneClusterImpl-3ca51f30-c846-4083-9b7f-c1ea6aa91ff4/datanode-2/data/ratis/19f1c2c1-3ad3-4b75-8ed4-d36f1873c4e8/in_use.lock acquired by nodename 14967@fc04eb3d93c3
2020-12-20 13:58:12,884 [pool-269-thread-1] INFO  storage.RaftStorage (RaftStorage.java:format(85)) - Storage directory /github/workspace/mnt/ozone/hadoop-ozone/integration-test/target/test-dir/MiniOzoneClusterImpl-3ca51f30-c846-4083-9b7f-c1ea6aa91ff4/datanode-2/data/ratis/19f1c2c1-3ad3-4b75-8ed4-d36f1873c4e8 has been successfully formatted.
2020-12-20 13:58:12,885 [pool-269-thread-1] INFO  ratis.ContainerStateMachine (ContainerStateMachine.java:loadSnapshot(225)) - group-D36F1873C4E8: The snapshot info is null. Setting the last applied indexto:(t:0, i:~)
2020-12-20 13:58:12,885 [pool-269-thread-1] INFO  server.RaftServerConfigKeys (ConfUtils.java:logGet(44)) - raft.server.notification.no-leader.timeout = 300s (custom)
2020-12-20 13:58:12,885 [pool-269-thread-1] INFO  server.RaftServerConfigKeys (ConfUtils.java:logGet(44)) - raft.server.log.use.memory = false (default)
2020-12-20 13:58:12,885 [pool-269-thread-1] INFO  server.RaftServerConfigKeys (ConfUtils.java:logGet(44)) - raft.server.log.purge.gap = 1000000 (custom)
2020-12-20 13:58:12,885 [pool-269-thread-1] INFO  metrics.RatisMetrics (RatisMetrics.java:lambda$create$0(36)) - Creating Metrics Registry : ratis.log_worker.9165b65f-6848-484a-9f71-e5cc340a0655@group-D36F1873C4E8
2020-12-20 13:58:12,885 [pool-269-thread-1] INFO  server.RaftServerConfigKeys (ConfUtils.java:logGet(44)) - raft.server.log.appender.buffer.byte-limit = 33554432 (custom)
2020-12-20 13:58:12,885 [pool-269-thread-1] INFO  server.RaftServerConfigKeys (ConfUtils.java:logGet(44)) - raft.server.log.segment.size.max = 1048576 (custom)
2020-12-20 13:58:12,886 [EventQueue-PipelineReportForOneReplicaPipelineSafeModeRule] INFO  safemode.SCMSafeModeManager (SCMSafeModeManager.java:validateSafeModeExitRules(214)) - AtleastOneDatanodeReportedRule rule is successfully validated
2020-12-20 13:58:12,886 [pool-269-thread-1] INFO  server.RaftServerConfigKeys (ConfUtils.java:logGet(44)) - raft.server.log.segment.cache.num.max = 2 (custom)
2020-12-20 13:58:12,886 [pool-269-thread-1] INFO  segmented.SegmentedRaftLogWorker (SegmentedRaftLogWorker.java:<init>(180)) - new 9165b65f-6848-484a-9f71-e5cc340a0655@group-D36F1873C4E8-SegmentedRaftLogWorker for RaftStorage:Storage Directory /github/workspace/mnt/ozone/hadoop-ozone/integration-test/target/test-dir/MiniOzoneClusterImpl-3ca51f30-c846-4083-9b7f-c1ea6aa91ff4/datanode-2/data/ratis/19f1c2c1-3ad3-4b75-8ed4-d36f1873c4e8
2020-12-20 13:58:12,886 [pool-269-thread-1] INFO  server.RaftServerConfigKeys (ConfUtils.java:logGet(44)) - raft.server.log.queue.byte-limit = 2147483647 (custom)
2020-12-20 13:58:12,886 [pool-269-thread-1] INFO  server.RaftServerConfigKeys (ConfUtils.java:logGet(44)) - raft.server.log.queue.element-limit = 1024 (custom)
2020-12-20 13:58:12,886 [pool-269-thread-1] INFO  server.RaftServerConfigKeys (ConfUtils.java:logGet(44)) - raft.server.log.segment.size.max = 1048576 (custom)
2020-12-20 13:58:12,886 [pool-269-thread-1] INFO  server.RaftServerConfigKeys (ConfUtils.java:logGet(44)) - raft.server.log.preallocated.size = 16384 (custom)
2020-12-20 13:58:12,886 [pool-269-thread-1] INFO  server.RaftServerConfigKeys (ConfUtils.java:logGet(44)) - raft.server.log.write.buffer.size = 1048576 (custom)
2020-12-20 13:58:12,886 [pool-269-thread-1] INFO  server.RaftServerConfigKeys (ConfUtils.java:logGet(44)) - raft.server.log.force.sync.num = 128 (default)
2020-12-20 13:58:12,887 [pool-269-thread-1] INFO  server.RaftServerConfigKeys (ConfUtils.java:logGet(44)) - raft.server.log.statemachine.data.sync = true (default)
2020-12-20 13:58:12,887 [pool-269-thread-1] INFO  server.RaftServerConfigKeys (ConfUtils.java:logGet(44)) - raft.server.log.statemachine.data.sync.timeout = 10s (default)
2020-12-20 13:58:12,887 [pool-269-thread-1] INFO  server.RaftServerConfigKeys (ConfUtils.java:logGet(44)) - raft.server.log.statemachine.data.sync.timeout.retry = -1 (default)
2020-12-20 13:58:12,888 [pool-269-thread-1] INFO  server.RaftServerConfigKeys (ConfUtils.java:logGet(44)) - raft.server.log.statemachine.data.caching.enabled = true (custom)
2020-12-20 13:58:12,888 [pool-269-thread-1] INFO  segmented.SegmentedRaftLogWorker (SegmentedRaftLogWorker.java:lambda$new$0(129)) - 9165b65f-6848-484a-9f71-e5cc340a0655@group-D36F1873C4E8-SegmentedRaftLogWorker: flushIndex: setUnconditionally 0 -> -1
2020-12-20 13:58:12,888 [pool-269-thread-1] INFO  segmented.SegmentedRaftLogWorker (SegmentedRaftLogWorker.java:lambda$new$0(129)) - 9165b65f-6848-484a-9f71-e5cc340a0655@group-D36F1873C4E8-SegmentedRaftLogWorker: safeCacheEvictIndex: setUnconditionally 0 -> -1
2020-12-20 13:58:12,888 [pool-269-thread-1] INFO  server.RaftServerConfigKeys (ConfUtils.java:logGet(44)) - raft.server.snapshot.auto.trigger.enabled = true (custom)
2020-12-20 13:58:12,888 [pool-269-thread-1] INFO  server.RaftServerConfigKeys (ConfUtils.java:logGet(44)) - raft.server.snapshot.auto.trigger.threshold = 10000 (custom)
2020-12-20 13:58:12,889 [pool-269-thread-1] INFO  server.RaftServerConfigKeys (ConfUtils.java:logGet(44)) - raft.server.snapshot.retention.file.num = 5 (custom)
2020-12-20 13:58:12,889 [pool-269-thread-1] INFO  server.RaftServerConfigKeys (ConfUtils.java:logGet(44)) - raft.server.log.purge.upto.snapshot.index = false (default)
2020-12-20 13:58:12,889 [pool-269-thread-1] INFO  server.RaftServerConfigKeys (ConfUtils.java:logGet(44)) - raft.server.retrycache.expirytime = 600000ms (custom)
2020-12-20 13:58:12,889 [pool-269-thread-1] INFO  metrics.RatisMetrics (RatisMetrics.java:lambda$create$0(36)) - Creating Metrics Registry : ratis.leader_election.9165b65f-6848-484a-9f71-e5cc340a0655@group-D36F1873C4E8
2020-12-20 13:58:12,890 [pool-269-thread-1] INFO  metrics.RatisMetrics (RatisMetrics.java:lambda$create$0(36)) - Creating Metrics Registry : ratis.server.9165b65f-6848-484a-9f71-e5cc340a0655@group-D36F1873C4E8
2020-12-20 13:58:12,891 [pool-269-thread-1] INFO  impl.RaftServerImpl (RaftServerImpl.java:start(215)) - 9165b65f-6848-484a-9f71-e5cc340a0655@group-D36F1873C4E8: start as a follower, conf=-1: [bdeb8c9a-b6ce-4032-9abb-c56649ac7409|rpc:172.17.0.2:44525|dataStream:, c38782e9-3388-40a2-a7d0-b364a85c289d|rpc:172.17.0.2:33919|dataStream:, 9165b65f-6848-484a-9f71-e5cc340a0655|rpc:172.17.0.2:39473|dataStream:], old=null
2020-12-20 13:58:12,891 [pool-269-thread-1] INFO  impl.RaftServerImpl (RaftServerImpl.java:setRole(204)) - 9165b65f-6848-484a-9f71-e5cc340a0655@group-D36F1873C4E8: changes role from      null to FOLLOWER at term 0 for startAsFollower
2020-12-20 13:58:12,891 [pool-269-thread-1] INFO  impl.RoleInfo (RoleInfo.java:updateAndGet(143)) - 9165b65f-6848-484a-9f71-e5cc340a0655: start 9165b65f-6848-484a-9f71-e5cc340a0655@group-D36F1873C4E8-FollowerState
2020-12-20 13:58:12,891 [pool-269-thread-1] INFO  util.JmxRegister (JmxRegister.java:tryRegister(44)) - Successfully registered JMX Bean with object name Ratis:service=RaftServer,group=group-D36F1873C4E8,id=9165b65f-6848-484a-9f71-e5cc340a0655
2020-12-20 13:58:12,891 [pool-269-thread-1] INFO  metrics.RatisMetrics (RatisMetrics.java:lambda$create$0(36)) - Creating Metrics Registry : ratis.state_machine.9165b65f-6848-484a-9f71-e5cc340a0655@group-D36F1873C4E8
2020-12-20 13:58:12,899 [Command processor thread] INFO  commandhandler.CreatePipelineCommandHandler (CreatePipelineCommandHandler.java:handle(106)) - Created Pipeline RATIS THREE PipelineID=19f1c2c1-3ad3-4b75-8ed4-d36f1873c4e8.
2020-12-20 13:58:13,139 [Command processor thread] INFO  impl.RaftServerProxy (RaftServerProxy.java:addNew(93)) - c38782e9-3388-40a2-a7d0-b364a85c289d: addNew group-C12A08025234:[c38782e9-3388-40a2-a7d0-b364a85c289d|rpc:172.17.0.2:33919] returns group-C12A08025234:java.util.concurrent.CompletableFuture@357fe7a0[Not completed]
2020-12-20 13:58:13,140 [pool-253-thread-1] INFO  impl.RaftServerImpl (RaftServerImpl.java:<init>(121)) - c38782e9-3388-40a2-a7d0-b364a85c289d: new RaftServerImpl for group-C12A08025234:[c38782e9-3388-40a2-a7d0-b364a85c289d|rpc:172.17.0.2:33919] with ContainerStateMachine:uninitialized
2020-12-20 13:58:13,140 [pool-253-thread-1] INFO  server.RaftServerConfigKeys (ConfUtils.java:logGet(44)) - raft.server.rpc.timeout.min = 5s (custom)
2020-12-20 13:58:13,140 [pool-253-thread-1] INFO  server.RaftServerConfigKeys (ConfUtils.java:logGet(44)) - raft.server.rpc.timeout.max = 5200ms (custom)
2020-12-20 13:58:13,140 [pool-253-thread-1] INFO  server.RaftServerConfigKeys (ConfUtils.java:logGet(44)) - raft.server.rpc.slowness.timeout = 300s (custom)
2020-12-20 13:58:13,140 [pool-253-thread-1] INFO  server.RaftServerConfigKeys (ConfUtils.java:logGet(44)) - raft.server.leaderelection.leader.step-down.wait-time = 10s (default)
2020-12-20 13:58:13,140 [pool-253-thread-1] INFO  server.RaftServerConfigKeys (ConfUtils.java:logGet(44)) - raft.server.sleep.deviation.threshold = 300 (default)
2020-12-20 13:58:13,141 [pool-253-thread-1] INFO  server.RaftServerConfigKeys (ConfUtils.java:logGet(44)) - raft.server.log.appender.install.snapshot.enabled = false (custom)
2020-12-20 13:58:13,141 [pool-253-thread-1] INFO  impl.RaftServerImpl (ServerState.java:<init>(104)) - c38782e9-3388-40a2-a7d0-b364a85c289d@group-C12A08025234: ConfigurationManager, init=-1: [c38782e9-3388-40a2-a7d0-b364a85c289d|rpc:172.17.0.2:33919], old=null, confs=<EMPTY_MAP>
2020-12-20 13:58:13,141 [pool-253-thread-1] INFO  server.RaftServerConfigKeys (ConfUtils.java:logGet(44)) - raft.server.storage.dir = [/github/workspace/mnt/ozone/hadoop-ozone/integration-test/target/test-dir/MiniOzoneClusterImpl-3ca51f30-c846-4083-9b7f-c1ea6aa91ff4/datanode-1/data/ratis] (custom)
2020-12-20 13:58:13,141 [pool-253-thread-1] INFO  server.RaftServerConfigKeys (ConfUtils.java:logGet(44)) - raft.server.log.corruption.policy = EXCEPTION (default)
2020-12-20 13:58:13,141 [pool-253-thread-1] INFO  storage.RaftStorageDirectory (RaftStorageDirectory.java:analyzeStorage(261)) - The storage directory /github/workspace/mnt/ozone/hadoop-ozone/integration-test/target/test-dir/MiniOzoneClusterImpl-3ca51f30-c846-4083-9b7f-c1ea6aa91ff4/datanode-1/data/ratis/7b719ba8-9004-455b-8bb9-c12a08025234 does not exist. Creating ...
2020-12-20 13:58:13,143 [pool-253-thread-1] INFO  storage.RaftStorageDirectory (RaftStorageDirectory.java:tryLock(343)) - Lock on /github/workspace/mnt/ozone/hadoop-ozone/integration-test/target/test-dir/MiniOzoneClusterImpl-3ca51f30-c846-4083-9b7f-c1ea6aa91ff4/datanode-1/data/ratis/7b719ba8-9004-455b-8bb9-c12a08025234/in_use.lock acquired by nodename 14967@fc04eb3d93c3
2020-12-20 13:58:13,144 [pool-253-thread-1] INFO  storage.RaftStorage (RaftStorage.java:format(85)) - Storage directory /github/workspace/mnt/ozone/hadoop-ozone/integration-test/target/test-dir/MiniOzoneClusterImpl-3ca51f30-c846-4083-9b7f-c1ea6aa91ff4/datanode-1/data/ratis/7b719ba8-9004-455b-8bb9-c12a08025234 has been successfully formatted.
2020-12-20 13:58:13,145 [pool-253-thread-1] INFO  ratis.ContainerStateMachine (ContainerStateMachine.java:loadSnapshot(225)) - group-C12A08025234: The snapshot info is null. Setting the last applied indexto:(t:0, i:~)
2020-12-20 13:58:13,145 [pool-253-thread-1] INFO  server.RaftServerConfigKeys (ConfUtils.java:logGet(44)) - raft.server.notification.no-leader.timeout = 300s (custom)
2020-12-20 13:58:13,145 [pool-253-thread-1] INFO  server.RaftServerConfigKeys (ConfUtils.java:logGet(44)) - raft.server.log.use.memory = false (default)
2020-12-20 13:58:13,145 [pool-253-thread-1] INFO  server.RaftServerConfigKeys (ConfUtils.java:logGet(44)) - raft.server.log.purge.gap = 1000000 (custom)
2020-12-20 13:58:13,145 [pool-253-thread-1] INFO  metrics.RatisMetrics (RatisMetrics.java:lambda$create$0(36)) - Creating Metrics Registry : ratis.log_worker.c38782e9-3388-40a2-a7d0-b364a85c289d@group-C12A08025234
2020-12-20 13:58:13,145 [pool-253-thread-1] INFO  server.RaftServerConfigKeys (ConfUtils.java:logGet(44)) - raft.server.log.appender.buffer.byte-limit = 33554432 (custom)
2020-12-20 13:58:13,146 [pool-253-thread-1] INFO  server.RaftServerConfigKeys (ConfUtils.java:logGet(44)) - raft.server.log.segment.size.max = 1048576 (custom)
2020-12-20 13:58:13,146 [EventQueue-PipelineReportForOneReplicaPipelineSafeModeRule] INFO  safemode.SCMSafeModeManager (SCMSafeModeManager.java:validateSafeModeExitRules(214)) - AtleastOneDatanodeReportedRule rule is successfully validated
2020-12-20 13:58:13,146 [pool-253-thread-1] INFO  server.RaftServerConfigKeys (ConfUtils.java:logGet(44)) - raft.server.log.segment.cache.num.max = 2 (custom)
2020-12-20 13:58:13,146 [pool-253-thread-1] INFO  segmented.SegmentedRaftLogWorker (SegmentedRaftLogWorker.java:<init>(180)) - new c38782e9-3388-40a2-a7d0-b364a85c289d@group-C12A08025234-SegmentedRaftLogWorker for RaftStorage:Storage Directory /github/workspace/mnt/ozone/hadoop-ozone/integration-test/target/test-dir/MiniOzoneClusterImpl-3ca51f30-c846-4083-9b7f-c1ea6aa91ff4/datanode-1/data/ratis/7b719ba8-9004-455b-8bb9-c12a08025234
2020-12-20 13:58:13,146 [pool-253-thread-1] INFO  server.RaftServerConfigKeys (ConfUtils.java:logGet(44)) - raft.server.log.queue.byte-limit = 2147483647 (custom)
2020-12-20 13:58:13,146 [pool-253-thread-1] INFO  server.RaftServerConfigKeys (ConfUtils.java:logGet(44)) - raft.server.log.queue.element-limit = 1024 (custom)
2020-12-20 13:58:13,147 [pool-253-thread-1] INFO  server.RaftServerConfigKeys (ConfUtils.java:logGet(44)) - raft.server.log.segment.size.max = 1048576 (custom)
2020-12-20 13:58:13,147 [pool-253-thread-1] INFO  server.RaftServerConfigKeys (ConfUtils.java:logGet(44)) - raft.server.log.preallocated.size = 16384 (custom)
2020-12-20 13:58:13,147 [pool-253-thread-1] INFO  server.RaftServerConfigKeys (ConfUtils.java:logGet(44)) - raft.server.log.write.buffer.size = 1048576 (custom)
2020-12-20 13:58:13,147 [pool-253-thread-1] INFO  server.RaftServerConfigKeys (ConfUtils.java:logGet(44)) - raft.server.log.force.sync.num = 128 (default)
2020-12-20 13:58:13,147 [pool-253-thread-1] INFO  server.RaftServerConfigKeys (ConfUtils.java:logGet(44)) - raft.server.log.statemachine.data.sync = true (default)
2020-12-20 13:58:13,147 [pool-253-thread-1] INFO  server.RaftServerConfigKeys (ConfUtils.java:logGet(44)) - raft.server.log.statemachine.data.sync.timeout = 10s (default)
2020-12-20 13:58:13,147 [pool-253-thread-1] INFO  server.RaftServerConfigKeys (ConfUtils.java:logGet(44)) - raft.server.log.statemachine.data.sync.timeout.retry = -1 (default)
2020-12-20 13:58:13,148 [EventQueue-PipelineReportForOneReplicaPipelineSafeModeRule] INFO  safemode.SCMSafeModeManager (SCMSafeModeManager.java:validateSafeModeExitRules(214)) - AtleastOneDatanodeReportedRule rule is successfully validated
2020-12-20 13:58:13,146 [EventQueue-PipelineReportForPipelineReportHandler] INFO  pipeline.PipelineStateManager (PipelineStateManager.java:openPipeline(132)) - Pipeline Pipeline[ Id: 7b719ba8-9004-455b-8bb9-c12a08025234, Nodes: c38782e9-3388-40a2-a7d0-b364a85c289d{ip: 172.17.0.2, host: fc04eb3d93c3, networkLocation: /default-rack, certSerialId: null, persistedOpState: IN_SERVICE, persistedOpStateExpiryEpochSec: 0}, Type:RATIS, Factor:ONE, State:ALLOCATED, leaderId:c38782e9-3388-40a2-a7d0-b364a85c289d, CreationTimestamp2020-12-20T13:58:10.141Z] moved to OPEN state
2020-12-20 13:58:13,148 [EventQueue-OpenPipelineForHealthyPipelineSafeModeRule] INFO  safemode.SCMSafeModeManager (HealthyPipelineSafeModeRule.java:process(128)) - SCM in safe mode. Healthy pipelines reported count is 0, required healthy pipeline reported count is 1
2020-12-20 13:58:13,150 [pool-253-thread-1] INFO  server.RaftServerConfigKeys (ConfUtils.java:logGet(44)) - raft.server.log.statemachine.data.caching.enabled = true (custom)
2020-12-20 13:58:13,151 [pool-253-thread-1] INFO  segmented.SegmentedRaftLogWorker (SegmentedRaftLogWorker.java:lambda$new$0(129)) - c38782e9-3388-40a2-a7d0-b364a85c289d@group-C12A08025234-SegmentedRaftLogWorker: flushIndex: setUnconditionally 0 -> -1
2020-12-20 13:58:13,152 [pool-253-thread-1] INFO  segmented.SegmentedRaftLogWorker (SegmentedRaftLogWorker.java:lambda$new$0(129)) - c38782e9-3388-40a2-a7d0-b364a85c289d@group-C12A08025234-SegmentedRaftLogWorker: safeCacheEvictIndex: setUnconditionally 0 -> -1
2020-12-20 13:58:13,152 [pool-253-thread-1] INFO  server.RaftServerConfigKeys (ConfUtils.java:logGet(44)) - raft.server.snapshot.auto.trigger.enabled = true (custom)
2020-12-20 13:58:13,152 [pool-253-thread-1] INFO  server.RaftServerConfigKeys (ConfUtils.java:logGet(44)) - raft.server.snapshot.auto.trigger.threshold = 10000 (custom)
2020-12-20 13:58:13,152 [pool-253-thread-1] INFO  server.RaftServerConfigKeys (ConfUtils.java:logGet(44)) - raft.server.snapshot.retention.file.num = 5 (custom)
2020-12-20 13:58:13,152 [pool-253-thread-1] INFO  server.RaftServerConfigKeys (ConfUtils.java:logGet(44)) - raft.server.log.purge.upto.snapshot.index = false (default)
2020-12-20 13:58:13,152 [pool-253-thread-1] INFO  server.RaftServerConfigKeys (ConfUtils.java:logGet(44)) - raft.server.retrycache.expirytime = 600000ms (custom)
2020-12-20 13:58:13,152 [pool-253-thread-1] INFO  metrics.RatisMetrics (RatisMetrics.java:lambda$create$0(36)) - Creating Metrics Registry : ratis.leader_election.c38782e9-3388-40a2-a7d0-b364a85c289d@group-C12A08025234
2020-12-20 13:58:13,153 [pool-253-thread-1] INFO  metrics.RatisMetrics (RatisMetrics.java:lambda$create$0(36)) - Creating Metrics Registry : ratis.server.c38782e9-3388-40a2-a7d0-b364a85c289d@group-C12A08025234
2020-12-20 13:58:13,154 [pool-253-thread-1] INFO  impl.RaftServerImpl (RaftServerImpl.java:start(215)) - c38782e9-3388-40a2-a7d0-b364a85c289d@group-C12A08025234: start as a follower, conf=-1: [c38782e9-3388-40a2-a7d0-b364a85c289d|rpc:172.17.0.2:33919], old=null
2020-12-20 13:58:13,154 [pool-253-thread-1] INFO  impl.RaftServerImpl (RaftServerImpl.java:setRole(204)) - c38782e9-3388-40a2-a7d0-b364a85c289d@group-C12A08025234: changes role from      null to FOLLOWER at term 0 for startAsFollower
2020-12-20 13:58:13,154 [pool-253-thread-1] INFO  impl.RoleInfo (RoleInfo.java:updateAndGet(143)) - c38782e9-3388-40a2-a7d0-b364a85c289d: start c38782e9-3388-40a2-a7d0-b364a85c289d@group-C12A08025234-FollowerState
2020-12-20 13:58:13,160 [pool-253-thread-1] INFO  util.JmxRegister (JmxRegister.java:tryRegister(44)) - Successfully registered JMX Bean with object name Ratis:service=RaftServer,group=group-C12A08025234,id=c38782e9-3388-40a2-a7d0-b364a85c289d
2020-12-20 13:58:13,160 [pool-253-thread-1] INFO  metrics.RatisMetrics (RatisMetrics.java:lambda$create$0(36)) - Creating Metrics Registry : ratis.state_machine.c38782e9-3388-40a2-a7d0-b364a85c289d@group-C12A08025234
2020-12-20 13:58:13,160 [Command processor thread] INFO  commandhandler.CreatePipelineCommandHandler (CreatePipelineCommandHandler.java:handle(106)) - Created Pipeline RATIS ONE PipelineID=7b719ba8-9004-455b-8bb9-c12a08025234.
2020-12-20 13:58:13,479 [Command processor thread] INFO  impl.RaftServerProxy (RaftServerProxy.java:addNew(93)) - 9165b65f-6848-484a-9f71-e5cc340a0655: addNew group-3452AB93CABB:[9165b65f-6848-484a-9f71-e5cc340a0655|rpc:172.17.0.2:39473] returns group-3452AB93CABB:java.util.concurrent.CompletableFuture@37482bd7[Not completed]
2020-12-20 13:58:13,480 [pool-269-thread-1] INFO  impl.RaftServerImpl (RaftServerImpl.java:<init>(121)) - 9165b65f-6848-484a-9f71-e5cc340a0655: new RaftServerImpl for group-3452AB93CABB:[9165b65f-6848-484a-9f71-e5cc340a0655|rpc:172.17.0.2:39473] with ContainerStateMachine:uninitialized
2020-12-20 13:58:13,480 [pool-269-thread-1] INFO  server.RaftServerConfigKeys (ConfUtils.java:logGet(44)) - raft.server.rpc.timeout.min = 5s (custom)
2020-12-20 13:58:13,481 [pool-269-thread-1] INFO  server.RaftServerConfigKeys (ConfUtils.java:logGet(44)) - raft.server.rpc.timeout.max = 5200ms (custom)
2020-12-20 13:58:13,481 [pool-269-thread-1] INFO  server.RaftServerConfigKeys (ConfUtils.java:logGet(44)) - raft.server.rpc.slowness.timeout = 300s (custom)
2020-12-20 13:58:13,481 [pool-269-thread-1] INFO  server.RaftServerConfigKeys (ConfUtils.java:logGet(44)) - raft.server.leaderelection.leader.step-down.wait-time = 10s (default)
2020-12-20 13:58:13,481 [pool-269-thread-1] INFO  server.RaftServerConfigKeys (ConfUtils.java:logGet(44)) - raft.server.sleep.deviation.threshold = 300 (default)
2020-12-20 13:58:13,481 [pool-269-thread-1] INFO  server.RaftServerConfigKeys (ConfUtils.java:logGet(44)) - raft.server.log.appender.install.snapshot.enabled = false (custom)
2020-12-20 13:58:13,481 [pool-269-thread-1] INFO  impl.RaftServerImpl (ServerState.java:<init>(104)) - 9165b65f-6848-484a-9f71-e5cc340a0655@group-3452AB93CABB: ConfigurationManager, init=-1: [9165b65f-6848-484a-9f71-e5cc340a0655|rpc:172.17.0.2:39473], old=null, confs=<EMPTY_MAP>
2020-12-20 13:58:13,481 [pool-269-thread-1] INFO  server.RaftServerConfigKeys (ConfUtils.java:logGet(44)) - raft.server.storage.dir = [/github/workspace/mnt/ozone/hadoop-ozone/integration-test/target/test-dir/MiniOzoneClusterImpl-3ca51f30-c846-4083-9b7f-c1ea6aa91ff4/datanode-2/data/ratis] (custom)
2020-12-20 13:58:13,481 [pool-269-thread-1] INFO  server.RaftServerConfigKeys (ConfUtils.java:logGet(44)) - raft.server.log.corruption.policy = EXCEPTION (default)
2020-12-20 13:58:13,482 [pool-269-thread-1] INFO  storage.RaftStorageDirectory (RaftStorageDirectory.java:analyzeStorage(261)) - The storage directory /github/workspace/mnt/ozone/hadoop-ozone/integration-test/target/test-dir/MiniOzoneClusterImpl-3ca51f30-c846-4083-9b7f-c1ea6aa91ff4/datanode-2/data/ratis/320a77f3-8602-4717-a6a3-3452ab93cabb does not exist. Creating ...
2020-12-20 13:58:13,483 [pool-269-thread-1] INFO  storage.RaftStorageDirectory (RaftStorageDirectory.java:tryLock(343)) - Lock on /github/workspace/mnt/ozone/hadoop-ozone/integration-test/target/test-dir/MiniOzoneClusterImpl-3ca51f30-c846-4083-9b7f-c1ea6aa91ff4/datanode-2/data/ratis/320a77f3-8602-4717-a6a3-3452ab93cabb/in_use.lock acquired by nodename 14967@fc04eb3d93c3
2020-12-20 13:58:13,484 [Listener at 127.0.0.1/38459] INFO  ozone.MiniOzoneClusterImpl (MiniOzoneClusterImpl.java:lambda$waitForClusterToBeReady$0(178)) - Nodes are ready. Got 6 of 6 DN Heartbeats.
2020-12-20 13:58:13,484 [Listener at 127.0.0.1/38459] INFO  ozone.MiniOzoneClusterImpl (MiniOzoneClusterImpl.java:lambda$waitForClusterToBeReady$0(181)) - Waiting for cluster to exit safe mode
2020-12-20 13:58:13,486 [pool-269-thread-1] INFO  storage.RaftStorage (RaftStorage.java:format(85)) - Storage directory /github/workspace/mnt/ozone/hadoop-ozone/integration-test/target/test-dir/MiniOzoneClusterImpl-3ca51f30-c846-4083-9b7f-c1ea6aa91ff4/datanode-2/data/ratis/320a77f3-8602-4717-a6a3-3452ab93cabb has been successfully formatted.
2020-12-20 13:58:13,487 [pool-269-thread-1] INFO  ratis.ContainerStateMachine (ContainerStateMachine.java:loadSnapshot(225)) - group-3452AB93CABB: The snapshot info is null. Setting the last applied indexto:(t:0, i:~)
2020-12-20 13:58:13,487 [EventQueue-PipelineReportForOneReplicaPipelineSafeModeRule] INFO  safemode.SCMSafeModeManager (SCMSafeModeManager.java:validateSafeModeExitRules(214)) - AtleastOneDatanodeReportedRule rule is successfully validated
2020-12-20 13:58:13,488 [pool-269-thread-1] INFO  server.RaftServerConfigKeys (ConfUtils.java:logGet(44)) - raft.server.notification.no-leader.timeout = 300s (custom)
2020-12-20 13:58:13,488 [pool-269-thread-1] INFO  server.RaftServerConfigKeys (ConfUtils.java:logGet(44)) - raft.server.log.use.memory = false (default)
2020-12-20 13:58:13,488 [pool-269-thread-1] INFO  server.RaftServerConfigKeys (ConfUtils.java:logGet(44)) - raft.server.log.purge.gap = 1000000 (custom)
2020-12-20 13:58:13,488 [pool-269-thread-1] INFO  metrics.RatisMetrics (RatisMetrics.java:lambda$create$0(36)) - Creating Metrics Registry : ratis.log_worker.9165b65f-6848-484a-9f71-e5cc340a0655@group-3452AB93CABB
2020-12-20 13:58:13,489 [EventQueue-PipelineReportForOneReplicaPipelineSafeModeRule] INFO  safemode.SCMSafeModeManager (SCMSafeModeManager.java:validateSafeModeExitRules(214)) - AtleastOneDatanodeReportedRule rule is successfully validated
2020-12-20 13:58:13,489 [EventQueue-PipelineReportForPipelineReportHandler] INFO  pipeline.PipelineStateManager (PipelineStateManager.java:openPipeline(132)) - Pipeline Pipeline[ Id: 320a77f3-8602-4717-a6a3-3452ab93cabb, Nodes: 9165b65f-6848-484a-9f71-e5cc340a0655{ip: 172.17.0.2, host: fc04eb3d93c3, networkLocation: /default-rack, certSerialId: null, persistedOpState: IN_SERVICE, persistedOpStateExpiryEpochSec: 0}, Type:RATIS, Factor:ONE, State:ALLOCATED, leaderId:9165b65f-6848-484a-9f71-e5cc340a0655, CreationTimestamp2020-12-20T13:58:10.480Z] moved to OPEN state
2020-12-20 13:58:13,490 [EventQueue-OpenPipelineForHealthyPipelineSafeModeRule] INFO  safemode.SCMSafeModeManager (HealthyPipelineSafeModeRule.java:process(128)) - SCM in safe mode. Healthy pipelines reported count is 0, required healthy pipeline reported count is 1
2020-12-20 13:58:13,490 [pool-269-thread-1] INFO  server.RaftServerConfigKeys (ConfUtils.java:logGet(44)) - raft.server.log.appender.buffer.byte-limit = 33554432 (custom)
2020-12-20 13:58:13,491 [pool-269-thread-1] INFO  server.RaftServerConfigKeys (ConfUtils.java:logGet(44)) - raft.server.log.segment.size.max = 1048576 (custom)
2020-12-20 13:58:13,492 [pool-269-thread-1] INFO  server.RaftServerConfigKeys (ConfUtils.java:logGet(44)) - raft.server.log.segment.cache.num.max = 2 (custom)
2020-12-20 13:58:13,492 [pool-269-thread-1] INFO  segmented.SegmentedRaftLogWorker (SegmentedRaftLogWorker.java:<init>(180)) - new 9165b65f-6848-484a-9f71-e5cc340a0655@group-3452AB93CABB-SegmentedRaftLogWorker for RaftStorage:Storage Directory /github/workspace/mnt/ozone/hadoop-ozone/integration-test/target/test-dir/MiniOzoneClusterImpl-3ca51f30-c846-4083-9b7f-c1ea6aa91ff4/datanode-2/data/ratis/320a77f3-8602-4717-a6a3-3452ab93cabb
2020-12-20 13:58:13,492 [pool-269-thread-1] INFO  server.RaftServerConfigKeys (ConfUtils.java:logGet(44)) - raft.server.log.queue.byte-limit = 2147483647 (custom)
2020-12-20 13:58:13,492 [pool-269-thread-1] INFO  server.RaftServerConfigKeys (ConfUtils.java:logGet(44)) - raft.server.log.queue.element-limit = 1024 (custom)
2020-12-20 13:58:13,492 [pool-269-thread-1] INFO  server.RaftServerConfigKeys (ConfUtils.java:logGet(44)) - raft.server.log.segment.size.max = 1048576 (custom)
2020-12-20 13:58:13,492 [pool-269-thread-1] INFO  server.RaftServerConfigKeys (ConfUtils.java:logGet(44)) - raft.server.log.preallocated.size = 16384 (custom)
2020-12-20 13:58:13,492 [pool-269-thread-1] INFO  server.RaftServerConfigKeys (ConfUtils.java:logGet(44)) - raft.server.log.write.buffer.size = 1048576 (custom)
2020-12-20 13:58:13,492 [pool-269-thread-1] INFO  server.RaftServerConfigKeys (ConfUtils.java:logGet(44)) - raft.server.log.force.sync.num = 128 (default)
2020-12-20 13:58:13,492 [pool-269-thread-1] INFO  server.RaftServerConfigKeys (ConfUtils.java:logGet(44)) - raft.server.log.statemachine.data.sync = true (default)
2020-12-20 13:58:13,492 [pool-269-thread-1] INFO  server.RaftServerConfigKeys (ConfUtils.java:logGet(44)) - raft.server.log.statemachine.data.sync.timeout = 10s (default)
2020-12-20 13:58:13,493 [pool-269-thread-1] INFO  server.RaftServerConfigKeys (ConfUtils.java:logGet(44)) - raft.server.log.statemachine.data.sync.timeout.retry = -1 (default)
2020-12-20 13:58:13,494 [pool-269-thread-1] INFO  server.RaftServerConfigKeys (ConfUtils.java:logGet(44)) - raft.server.log.statemachine.data.caching.enabled = true (custom)
2020-12-20 13:58:13,494 [pool-269-thread-1] INFO  segmented.SegmentedRaftLogWorker (SegmentedRaftLogWorker.java:lambda$new$0(129)) - 9165b65f-6848-484a-9f71-e5cc340a0655@group-3452AB93CABB-SegmentedRaftLogWorker: flushIndex: setUnconditionally 0 -> -1
2020-12-20 13:58:13,494 [pool-269-thread-1] INFO  segmented.SegmentedRaftLogWorker (SegmentedRaftLogWorker.java:lambda$new$0(129)) - 9165b65f-6848-484a-9f71-e5cc340a0655@group-3452AB93CABB-SegmentedRaftLogWorker: safeCacheEvictIndex: setUnconditionally 0 -> -1
2020-12-20 13:58:13,494 [pool-269-thread-1] INFO  server.RaftServerConfigKeys (ConfUtils.java:logGet(44)) - raft.server.snapshot.auto.trigger.enabled = true (custom)
2020-12-20 13:58:13,494 [pool-269-thread-1] INFO  server.RaftServerConfigKeys (ConfUtils.java:logGet(44)) - raft.server.snapshot.auto.trigger.threshold = 10000 (custom)
2020-12-20 13:58:13,495 [pool-269-thread-1] INFO  server.RaftServerConfigKeys (ConfUtils.java:logGet(44)) - raft.server.snapshot.retention.file.num = 5 (custom)
2020-12-20 13:58:13,495 [pool-269-thread-1] INFO  server.RaftServerConfigKeys (ConfUtils.java:logGet(44)) - raft.server.log.purge.upto.snapshot.index = false (default)
2020-12-20 13:58:13,495 [pool-269-thread-1] INFO  server.RaftServerConfigKeys (ConfUtils.java:logGet(44)) - raft.server.retrycache.expirytime = 600000ms (custom)
2020-12-20 13:58:13,495 [pool-269-thread-1] INFO  metrics.RatisMetrics (RatisMetrics.java:lambda$create$0(36)) - Creating Metrics Registry : ratis.leader_election.9165b65f-6848-484a-9f71-e5cc340a0655@group-3452AB93CABB
2020-12-20 13:58:13,495 [pool-269-thread-1] INFO  metrics.RatisMetrics (RatisMetrics.java:lambda$create$0(36)) - Creating Metrics Registry : ratis.server.9165b65f-6848-484a-9f71-e5cc340a0655@group-3452AB93CABB
2020-12-20 13:58:13,496 [pool-269-thread-1] INFO  impl.RaftServerImpl (RaftServerImpl.java:start(215)) - 9165b65f-6848-484a-9f71-e5cc340a0655@group-3452AB93CABB: start as a follower, conf=-1: [9165b65f-6848-484a-9f71-e5cc340a0655|rpc:172.17.0.2:39473], old=null
2020-12-20 13:58:13,496 [pool-269-thread-1] INFO  impl.RaftServerImpl (RaftServerImpl.java:setRole(204)) - 9165b65f-6848-484a-9f71-e5cc340a0655@group-3452AB93CABB: changes role from      null to FOLLOWER at term 0 for startAsFollower
2020-12-20 13:58:13,496 [pool-269-thread-1] INFO  impl.RoleInfo (RoleInfo.java:updateAndGet(143)) - 9165b65f-6848-484a-9f71-e5cc340a0655: start 9165b65f-6848-484a-9f71-e5cc340a0655@group-3452AB93CABB-FollowerState
2020-12-20 13:58:13,497 [pool-269-thread-1] INFO  util.JmxRegister (JmxRegister.java:tryRegister(44)) - Successfully registered JMX Bean with object name Ratis:service=RaftServer,group=group-3452AB93CABB,id=9165b65f-6848-484a-9f71-e5cc340a0655
2020-12-20 13:58:13,497 [pool-269-thread-1] INFO  metrics.RatisMetrics (RatisMetrics.java:lambda$create$0(36)) - Creating Metrics Registry : ratis.state_machine.9165b65f-6848-484a-9f71-e5cc340a0655@group-3452AB93CABB
2020-12-20 13:58:13,498 [Command processor thread] INFO  commandhandler.CreatePipelineCommandHandler (CreatePipelineCommandHandler.java:handle(106)) - Created Pipeline RATIS ONE PipelineID=320a77f3-8602-4717-a6a3-3452ab93cabb.
2020-12-20 13:58:13,802 [Command processor thread] INFO  impl.RaftServerProxy (RaftServerProxy.java:addNew(93)) - 62bf3122-6558-4262-b416-281af820a08d: addNew group-DC12647E32FD:[62bf3122-6558-4262-b416-281af820a08d|rpc:172.17.0.2:44723] returns group-DC12647E32FD:java.util.concurrent.CompletableFuture@64b36275[Not completed]
2020-12-20 13:58:13,803 [pool-285-thread-1] INFO  impl.RaftServerImpl (RaftServerImpl.java:<init>(121)) - 62bf3122-6558-4262-b416-281af820a08d: new RaftServerImpl for group-DC12647E32FD:[62bf3122-6558-4262-b416-281af820a08d|rpc:172.17.0.2:44723] with ContainerStateMachine:uninitialized
2020-12-20 13:58:13,804 [pool-285-thread-1] INFO  server.RaftServerConfigKeys (ConfUtils.java:logGet(44)) - raft.server.rpc.timeout.min = 5s (custom)
2020-12-20 13:58:13,804 [EventQueue-PipelineReportForOneReplicaPipelineSafeModeRule] INFO  safemode.SCMSafeModeManager (SCMSafeModeManager.java:validateSafeModeExitRules(214)) - AtleastOneDatanodeReportedRule rule is successfully validated
2020-12-20 13:58:13,804 [pool-285-thread-1] INFO  server.RaftServerConfigKeys (ConfUtils.java:logGet(44)) - raft.server.rpc.timeout.max = 5200ms (custom)
2020-12-20 13:58:13,804 [pool-285-thread-1] INFO  server.RaftServerConfigKeys (ConfUtils.java:logGet(44)) - raft.server.rpc.slowness.timeout = 300s (custom)
2020-12-20 13:58:13,804 [pool-285-thread-1] INFO  server.RaftServerConfigKeys (ConfUtils.java:logGet(44)) - raft.server.leaderelection.leader.step-down.wait-time = 10s (default)
2020-12-20 13:58:13,804 [pool-285-thread-1] INFO  server.RaftServerConfigKeys (ConfUtils.java:logGet(44)) - raft.server.sleep.deviation.threshold = 300 (default)
2020-12-20 13:58:13,804 [pool-285-thread-1] INFO  server.RaftServerConfigKeys (ConfUtils.java:logGet(44)) - raft.server.log.appender.install.snapshot.enabled = false (custom)
2020-12-20 13:58:13,804 [pool-285-thread-1] INFO  impl.RaftServerImpl (ServerState.java:<init>(104)) - 62bf3122-6558-4262-b416-281af820a08d@group-DC12647E32FD: ConfigurationManager, init=-1: [62bf3122-6558-4262-b416-281af820a08d|rpc:172.17.0.2:44723], old=null, confs=<EMPTY_MAP>
2020-12-20 13:58:13,805 [pool-285-thread-1] INFO  server.RaftServerConfigKeys (ConfUtils.java:logGet(44)) - raft.server.storage.dir = [/github/workspace/mnt/ozone/hadoop-ozone/integration-test/target/test-dir/MiniOzoneClusterImpl-3ca51f30-c846-4083-9b7f-c1ea6aa91ff4/datanode-3/data/ratis] (custom)
2020-12-20 13:58:13,805 [pool-285-thread-1] INFO  server.RaftServerConfigKeys (ConfUtils.java:logGet(44)) - raft.server.log.corruption.policy = EXCEPTION (default)
2020-12-20 13:58:13,805 [pool-285-thread-1] INFO  storage.RaftStorageDirectory (RaftStorageDirectory.java:analyzeStorage(261)) - The storage directory /github/workspace/mnt/ozone/hadoop-ozone/integration-test/target/test-dir/MiniOzoneClusterImpl-3ca51f30-c846-4083-9b7f-c1ea6aa91ff4/datanode-3/data/ratis/694d16eb-f740-427d-9701-dc12647e32fd does not exist. Creating ...
2020-12-20 13:58:13,806 [pool-285-thread-1] INFO  storage.RaftStorageDirectory (RaftStorageDirectory.java:tryLock(343)) - Lock on /github/workspace/mnt/ozone/hadoop-ozone/integration-test/target/test-dir/MiniOzoneClusterImpl-3ca51f30-c846-4083-9b7f-c1ea6aa91ff4/datanode-3/data/ratis/694d16eb-f740-427d-9701-dc12647e32fd/in_use.lock acquired by nodename 14967@fc04eb3d93c3
2020-12-20 13:58:13,808 [pool-285-thread-1] INFO  storage.RaftStorage (RaftStorage.java:format(85)) - Storage directory /github/workspace/mnt/ozone/hadoop-ozone/integration-test/target/test-dir/MiniOzoneClusterImpl-3ca51f30-c846-4083-9b7f-c1ea6aa91ff4/datanode-3/data/ratis/694d16eb-f740-427d-9701-dc12647e32fd has been successfully formatted.
2020-12-20 13:58:13,808 [pool-285-thread-1] INFO  ratis.ContainerStateMachine (ContainerStateMachine.java:loadSnapshot(225)) - group-DC12647E32FD: The snapshot info is null. Setting the last applied indexto:(t:0, i:~)
2020-12-20 13:58:13,808 [pool-285-thread-1] INFO  server.RaftServerConfigKeys (ConfUtils.java:logGet(44)) - raft.server.notification.no-leader.timeout = 300s (custom)
2020-12-20 13:58:13,808 [pool-285-thread-1] INFO  server.RaftServerConfigKeys (ConfUtils.java:logGet(44)) - raft.server.log.use.memory = false (default)
2020-12-20 13:58:13,809 [EventQueue-PipelineReportForPipelineReportHandler] INFO  pipeline.PipelineStateManager (PipelineStateManager.java:openPipeline(132)) - Pipeline Pipeline[ Id: 694d16eb-f740-427d-9701-dc12647e32fd, Nodes: 62bf3122-6558-4262-b416-281af820a08d{ip: 172.17.0.2, host: fc04eb3d93c3, networkLocation: /default-rack, certSerialId: null, persistedOpState: IN_SERVICE, persistedOpStateExpiryEpochSec: 0}, Type:RATIS, Factor:ONE, State:ALLOCATED, leaderId:62bf3122-6558-4262-b416-281af820a08d, CreationTimestamp2020-12-20T13:58:10.809Z] moved to OPEN state
2020-12-20 13:58:13,810 [EventQueue-OpenPipelineForHealthyPipelineSafeModeRule] INFO  safemode.SCMSafeModeManager (HealthyPipelineSafeModeRule.java:process(128)) - SCM in safe mode. Healthy pipelines reported count is 0, required healthy pipeline reported count is 1
2020-12-20 13:58:13,809 [EventQueue-PipelineReportForOneReplicaPipelineSafeModeRule] INFO  safemode.SCMSafeModeManager (SCMSafeModeManager.java:validateSafeModeExitRules(214)) - AtleastOneDatanodeReportedRule rule is successfully validated
2020-12-20 13:58:13,819 [EventQueue-PipelineReportForOneReplicaPipelineSafeModeRule] INFO  safemode.SCMSafeModeManager (SCMSafeModeManager.java:validateSafeModeExitRules(214)) - AtleastOneDatanodeReportedRule rule is successfully validated
2020-12-20 13:58:13,819 [pool-285-thread-1] INFO  server.RaftServerConfigKeys (ConfUtils.java:logGet(44)) - raft.server.log.purge.gap = 1000000 (custom)
2020-12-20 13:58:13,819 [pool-285-thread-1] INFO  metrics.RatisMetrics (RatisMetrics.java:lambda$create$0(36)) - Creating Metrics Registry : ratis.log_worker.62bf3122-6558-4262-b416-281af820a08d@group-DC12647E32FD
2020-12-20 13:58:13,819 [EventQueue-OpenPipelineForHealthyPipelineSafeModeRule] INFO  safemode.SCMSafeModeManager (HealthyPipelineSafeModeRule.java:process(128)) - SCM in safe mode. Healthy pipelines reported count is 0, required healthy pipeline reported count is 1
2020-12-20 13:58:13,820 [pool-285-thread-1] INFO  server.RaftServerConfigKeys (ConfUtils.java:logGet(44)) - raft.server.log.appender.buffer.byte-limit = 33554432 (custom)
2020-12-20 13:58:13,820 [pool-285-thread-1] INFO  server.RaftServerConfigKeys (ConfUtils.java:logGet(44)) - raft.server.log.segment.size.max = 1048576 (custom)
2020-12-20 13:58:13,820 [pool-285-thread-1] INFO  server.RaftServerConfigKeys (ConfUtils.java:logGet(44)) - raft.server.log.segment.cache.num.max = 2 (custom)
2020-12-20 13:58:13,820 [pool-285-thread-1] INFO  segmented.SegmentedRaftLogWorker (SegmentedRaftLogWorker.java:<init>(180)) - new 62bf3122-6558-4262-b416-281af820a08d@group-DC12647E32FD-SegmentedRaftLogWorker for RaftStorage:Storage Directory /github/workspace/mnt/ozone/hadoop-ozone/integration-test/target/test-dir/MiniOzoneClusterImpl-3ca51f30-c846-4083-9b7f-c1ea6aa91ff4/datanode-3/data/ratis/694d16eb-f740-427d-9701-dc12647e32fd
2020-12-20 13:58:13,821 [pool-285-thread-1] INFO  server.RaftServerConfigKeys (ConfUtils.java:logGet(44)) - raft.server.log.queue.byte-limit = 2147483647 (custom)
2020-12-20 13:58:13,821 [pool-285-thread-1] INFO  server.RaftServerConfigKeys (ConfUtils.java:logGet(44)) - raft.server.log.queue.element-limit = 1024 (custom)
2020-12-20 13:58:13,821 [pool-285-thread-1] INFO  server.RaftServerConfigKeys (ConfUtils.java:logGet(44)) - raft.server.log.segment.size.max = 1048576 (custom)
2020-12-20 13:58:13,821 [pool-285-thread-1] INFO  server.RaftServerConfigKeys (ConfUtils.java:logGet(44)) - raft.server.log.preallocated.size = 16384 (custom)
2020-12-20 13:58:13,821 [pool-285-thread-1] INFO  server.RaftServerConfigKeys (ConfUtils.java:logGet(44)) - raft.server.log.write.buffer.size = 1048576 (custom)
2020-12-20 13:58:13,821 [pool-285-thread-1] INFO  server.RaftServerConfigKeys (ConfUtils.java:logGet(44)) - raft.server.log.force.sync.num = 128 (default)
2020-12-20 13:58:13,821 [pool-285-thread-1] INFO  server.RaftServerConfigKeys (ConfUtils.java:logGet(44)) - raft.server.log.statemachine.data.sync = true (default)
2020-12-20 13:58:13,821 [pool-285-thread-1] INFO  server.RaftServerConfigKeys (ConfUtils.java:logGet(44)) - raft.server.log.statemachine.data.sync.timeout = 10s (default)
2020-12-20 13:58:13,821 [pool-285-thread-1] INFO  server.RaftServerConfigKeys (ConfUtils.java:logGet(44)) - raft.server.log.statemachine.data.sync.timeout.retry = -1 (default)
2020-12-20 13:58:13,823 [pool-285-thread-1] INFO  server.RaftServerConfigKeys (ConfUtils.java:logGet(44)) - raft.server.log.statemachine.data.caching.enabled = true (custom)
2020-12-20 13:58:13,824 [pool-285-thread-1] INFO  segmented.SegmentedRaftLogWorker (SegmentedRaftLogWorker.java:lambda$new$0(129)) - 62bf3122-6558-4262-b416-281af820a08d@group-DC12647E32FD-SegmentedRaftLogWorker: flushIndex: setUnconditionally 0 -> -1
2020-12-20 13:58:13,824 [pool-285-thread-1] INFO  segmented.SegmentedRaftLogWorker (SegmentedRaftLogWorker.java:lambda$new$0(129)) - 62bf3122-6558-4262-b416-281af820a08d@group-DC12647E32FD-SegmentedRaftLogWorker: safeCacheEvictIndex: setUnconditionally 0 -> -1
2020-12-20 13:58:13,824 [pool-285-thread-1] INFO  server.RaftServerConfigKeys (ConfUtils.java:logGet(44)) - raft.server.snapshot.auto.trigger.enabled = true (custom)
2020-12-20 13:58:13,824 [pool-285-thread-1] INFO  server.RaftServerConfigKeys (ConfUtils.java:logGet(44)) - raft.server.snapshot.auto.trigger.threshold = 10000 (custom)
2020-12-20 13:58:13,824 [pool-285-thread-1] INFO  server.RaftServerConfigKeys (ConfUtils.java:logGet(44)) - raft.server.snapshot.retention.file.num = 5 (custom)
2020-12-20 13:58:13,824 [pool-285-thread-1] INFO  server.RaftServerConfigKeys (ConfUtils.java:logGet(44)) - raft.server.log.purge.upto.snapshot.index = false (default)
2020-12-20 13:58:13,824 [pool-285-thread-1] INFO  server.RaftServerConfigKeys (ConfUtils.java:logGet(44)) - raft.server.retrycache.expirytime = 600000ms (custom)
2020-12-20 13:58:13,824 [pool-285-thread-1] INFO  metrics.RatisMetrics (RatisMetrics.java:lambda$create$0(36)) - Creating Metrics Registry : ratis.leader_election.62bf3122-6558-4262-b416-281af820a08d@group-DC12647E32FD
2020-12-20 13:58:13,825 [pool-285-thread-1] INFO  metrics.RatisMetrics (RatisMetrics.java:lambda$create$0(36)) - Creating Metrics Registry : ratis.server.62bf3122-6558-4262-b416-281af820a08d@group-DC12647E32FD
2020-12-20 13:58:13,826 [pool-285-thread-1] INFO  impl.RaftServerImpl (RaftServerImpl.java:start(215)) - 62bf3122-6558-4262-b416-281af820a08d@group-DC12647E32FD: start as a follower, conf=-1: [62bf3122-6558-4262-b416-281af820a08d|rpc:172.17.0.2:44723], old=null
2020-12-20 13:58:13,826 [pool-285-thread-1] INFO  impl.RaftServerImpl (RaftServerImpl.java:setRole(204)) - 62bf3122-6558-4262-b416-281af820a08d@group-DC12647E32FD: changes role from      null to FOLLOWER at term 0 for startAsFollower
2020-12-20 13:58:13,826 [pool-285-thread-1] INFO  impl.RoleInfo (RoleInfo.java:updateAndGet(143)) - 62bf3122-6558-4262-b416-281af820a08d: start 62bf3122-6558-4262-b416-281af820a08d@group-DC12647E32FD-FollowerState
2020-12-20 13:58:13,828 [pool-285-thread-1] INFO  util.JmxRegister (JmxRegister.java:tryRegister(44)) - Successfully registered JMX Bean with object name Ratis:service=RaftServer,group=group-DC12647E32FD,id=62bf3122-6558-4262-b416-281af820a08d
2020-12-20 13:58:13,828 [pool-285-thread-1] INFO  metrics.RatisMetrics (RatisMetrics.java:lambda$create$0(36)) - Creating Metrics Registry : ratis.state_machine.62bf3122-6558-4262-b416-281af820a08d@group-DC12647E32FD
2020-12-20 13:58:13,829 [Command processor thread] INFO  commandhandler.CreatePipelineCommandHandler (CreatePipelineCommandHandler.java:handle(106)) - Created Pipeline RATIS ONE PipelineID=694d16eb-f740-427d-9701-dc12647e32fd.
2020-12-20 13:58:13,829 [Command processor thread] INFO  impl.RaftServerProxy (RaftServerProxy.java:addNew(93)) - 62bf3122-6558-4262-b416-281af820a08d: addNew group-BB4CF28B6211:[16749e43-558c-4c39-b613-b952dab248c9|rpc:172.17.0.2:40209, 5f27e08b-2f6c-4b1d-b018-474ca25c25d0|rpc:172.17.0.2:46353, 62bf3122-6558-4262-b416-281af820a08d|rpc:172.17.0.2:44723] returns group-BB4CF28B6211:java.util.concurrent.CompletableFuture@608cea3b[Not completed]
2020-12-20 13:58:13,830 [pool-285-thread-1] INFO  impl.RaftServerImpl (RaftServerImpl.java:<init>(121)) - 62bf3122-6558-4262-b416-281af820a08d: new RaftServerImpl for group-BB4CF28B6211:[16749e43-558c-4c39-b613-b952dab248c9|rpc:172.17.0.2:40209, 5f27e08b-2f6c-4b1d-b018-474ca25c25d0|rpc:172.17.0.2:46353, 62bf3122-6558-4262-b416-281af820a08d|rpc:172.17.0.2:44723] with ContainerStateMachine:uninitialized
2020-12-20 13:58:13,830 [pool-285-thread-1] INFO  server.RaftServerConfigKeys (ConfUtils.java:logGet(44)) - raft.server.rpc.timeout.min = 5s (custom)
2020-12-20 13:58:13,830 [pool-285-thread-1] INFO  server.RaftServerConfigKeys (ConfUtils.java:logGet(44)) - raft.server.rpc.timeout.max = 5200ms (custom)
2020-12-20 13:58:13,830 [pool-285-thread-1] INFO  server.RaftServerConfigKeys (ConfUtils.java:logGet(44)) - raft.server.rpc.slowness.timeout = 300s (custom)
2020-12-20 13:58:13,830 [pool-285-thread-1] INFO  server.RaftServerConfigKeys (ConfUtils.java:logGet(44)) - raft.server.leaderelection.leader.step-down.wait-time = 10s (default)
2020-12-20 13:58:13,830 [pool-285-thread-1] INFO  server.RaftServerConfigKeys (ConfUtils.java:logGet(44)) - raft.server.sleep.deviation.threshold = 300 (default)
2020-12-20 13:58:13,830 [pool-285-thread-1] INFO  server.RaftServerConfigKeys (ConfUtils.java:logGet(44)) - raft.server.log.appender.install.snapshot.enabled = false (custom)
2020-12-20 13:58:13,830 [pool-285-thread-1] INFO  impl.RaftServerImpl (ServerState.java:<init>(104)) - 62bf3122-6558-4262-b416-281af820a08d@group-BB4CF28B6211: ConfigurationManager, init=-1: [16749e43-558c-4c39-b613-b952dab248c9|rpc:172.17.0.2:40209, 5f27e08b-2f6c-4b1d-b018-474ca25c25d0|rpc:172.17.0.2:46353, 62bf3122-6558-4262-b416-281af820a08d|rpc:172.17.0.2:44723], old=null, confs=<EMPTY_MAP>
2020-12-20 13:58:13,830 [pool-285-thread-1] INFO  server.RaftServerConfigKeys (ConfUtils.java:logGet(44)) - raft.server.storage.dir = [/github/workspace/mnt/ozone/hadoop-ozone/integration-test/target/test-dir/MiniOzoneClusterImpl-3ca51f30-c846-4083-9b7f-c1ea6aa91ff4/datanode-3/data/ratis] (custom)
2020-12-20 13:58:13,831 [pool-285-thread-1] INFO  server.RaftServerConfigKeys (ConfUtils.java:logGet(44)) - raft.server.log.corruption.policy = EXCEPTION (default)
2020-12-20 13:58:13,831 [pool-285-thread-1] INFO  storage.RaftStorageDirectory (RaftStorageDirectory.java:analyzeStorage(261)) - The storage directory /github/workspace/mnt/ozone/hadoop-ozone/integration-test/target/test-dir/MiniOzoneClusterImpl-3ca51f30-c846-4083-9b7f-c1ea6aa91ff4/datanode-3/data/ratis/366590d4-d99c-438e-b240-bb4cf28b6211 does not exist. Creating ...
2020-12-20 13:58:13,832 [pool-285-thread-1] INFO  storage.RaftStorageDirectory (RaftStorageDirectory.java:tryLock(343)) - Lock on /github/workspace/mnt/ozone/hadoop-ozone/integration-test/target/test-dir/MiniOzoneClusterImpl-3ca51f30-c846-4083-9b7f-c1ea6aa91ff4/datanode-3/data/ratis/366590d4-d99c-438e-b240-bb4cf28b6211/in_use.lock acquired by nodename 14967@fc04eb3d93c3
2020-12-20 13:58:13,834 [pool-285-thread-1] INFO  storage.RaftStorage (RaftStorage.java:format(85)) - Storage directory /github/workspace/mnt/ozone/hadoop-ozone/integration-test/target/test-dir/MiniOzoneClusterImpl-3ca51f30-c846-4083-9b7f-c1ea6aa91ff4/datanode-3/data/ratis/366590d4-d99c-438e-b240-bb4cf28b6211 has been successfully formatted.
2020-12-20 13:58:13,834 [pool-285-thread-1] INFO  ratis.ContainerStateMachine (ContainerStateMachine.java:loadSnapshot(225)) - group-BB4CF28B6211: The snapshot info is null. Setting the last applied indexto:(t:0, i:~)
2020-12-20 13:58:13,834 [pool-285-thread-1] INFO  server.RaftServerConfigKeys (ConfUtils.java:logGet(44)) - raft.server.notification.no-leader.timeout = 300s (custom)
2020-12-20 13:58:13,834 [pool-285-thread-1] INFO  server.RaftServerConfigKeys (ConfUtils.java:logGet(44)) - raft.server.log.use.memory = false (default)
2020-12-20 13:58:13,834 [pool-285-thread-1] INFO  server.RaftServerConfigKeys (ConfUtils.java:logGet(44)) - raft.server.log.purge.gap = 1000000 (custom)
2020-12-20 13:58:13,835 [pool-285-thread-1] INFO  metrics.RatisMetrics (RatisMetrics.java:lambda$create$0(36)) - Creating Metrics Registry : ratis.log_worker.62bf3122-6558-4262-b416-281af820a08d@group-BB4CF28B6211
2020-12-20 13:58:13,835 [pool-285-thread-1] INFO  server.RaftServerConfigKeys (ConfUtils.java:logGet(44)) - raft.server.log.appender.buffer.byte-limit = 33554432 (custom)
2020-12-20 13:58:13,835 [pool-285-thread-1] INFO  server.RaftServerConfigKeys (ConfUtils.java:logGet(44)) - raft.server.log.segment.size.max = 1048576 (custom)
2020-12-20 13:58:13,835 [EventQueue-PipelineReportForOneReplicaPipelineSafeModeRule] INFO  safemode.SCMSafeModeManager (SCMSafeModeManager.java:validateSafeModeExitRules(214)) - AtleastOneDatanodeReportedRule rule is successfully validated
2020-12-20 13:58:13,835 [EventQueue-OpenPipelineForHealthyPipelineSafeModeRule] INFO  safemode.SCMSafeModeManager (HealthyPipelineSafeModeRule.java:process(128)) - SCM in safe mode. Healthy pipelines reported count is 0, required healthy pipeline reported count is 1
2020-12-20 13:58:13,836 [pool-285-thread-1] INFO  server.RaftServerConfigKeys (ConfUtils.java:logGet(44)) - raft.server.log.segment.cache.num.max = 2 (custom)
2020-12-20 13:58:13,836 [pool-285-thread-1] INFO  segmented.SegmentedRaftLogWorker (SegmentedRaftLogWorker.java:<init>(180)) - new 62bf3122-6558-4262-b416-281af820a08d@group-BB4CF28B6211-SegmentedRaftLogWorker for RaftStorage:Storage Directory /github/workspace/mnt/ozone/hadoop-ozone/integration-test/target/test-dir/MiniOzoneClusterImpl-3ca51f30-c846-4083-9b7f-c1ea6aa91ff4/datanode-3/data/ratis/366590d4-d99c-438e-b240-bb4cf28b6211
2020-12-20 13:58:13,836 [pool-285-thread-1] INFO  server.RaftServerConfigKeys (ConfUtils.java:logGet(44)) - raft.server.log.queue.byte-limit = 2147483647 (custom)
2020-12-20 13:58:13,836 [pool-285-thread-1] INFO  server.RaftServerConfigKeys (ConfUtils.java:logGet(44)) - raft.server.log.queue.element-limit = 1024 (custom)
2020-12-20 13:58:13,836 [pool-285-thread-1] INFO  server.RaftServerConfigKeys (ConfUtils.java:logGet(44)) - raft.server.log.segment.size.max = 1048576 (custom)
2020-12-20 13:58:13,836 [pool-285-thread-1] INFO  server.RaftServerConfigKeys (ConfUtils.java:logGet(44)) - raft.server.log.preallocated.size = 16384 (custom)
2020-12-20 13:58:13,836 [pool-285-thread-1] INFO  server.RaftServerConfigKeys (ConfUtils.java:logGet(44)) - raft.server.log.write.buffer.size = 1048576 (custom)
2020-12-20 13:58:13,836 [pool-285-thread-1] INFO  server.RaftServerConfigKeys (ConfUtils.java:logGet(44)) - raft.server.log.force.sync.num = 128 (default)
2020-12-20 13:58:13,836 [pool-285-thread-1] INFO  server.RaftServerConfigKeys (ConfUtils.java:logGet(44)) - raft.server.log.statemachine.data.sync = true (default)
2020-12-20 13:58:13,837 [pool-285-thread-1] INFO  server.RaftServerConfigKeys (ConfUtils.java:logGet(44)) - raft.server.log.statemachine.data.sync.timeout = 10s (default)
2020-12-20 13:58:13,837 [pool-285-thread-1] INFO  server.RaftServerConfigKeys (ConfUtils.java:logGet(44)) - raft.server.log.statemachine.data.sync.timeout.retry = -1 (default)
2020-12-20 13:58:13,839 [pool-285-thread-1] INFO  server.RaftServerConfigKeys (ConfUtils.java:logGet(44)) - raft.server.log.statemachine.data.caching.enabled = true (custom)
2020-12-20 13:58:13,839 [pool-285-thread-1] INFO  segmented.SegmentedRaftLogWorker (SegmentedRaftLogWorker.java:lambda$new$0(129)) - 62bf3122-6558-4262-b416-281af820a08d@group-BB4CF28B6211-SegmentedRaftLogWorker: flushIndex: setUnconditionally 0 -> -1
2020-12-20 13:58:13,839 [pool-285-thread-1] INFO  segmented.SegmentedRaftLogWorker (SegmentedRaftLogWorker.java:lambda$new$0(129)) - 62bf3122-6558-4262-b416-281af820a08d@group-BB4CF28B6211-SegmentedRaftLogWorker: safeCacheEvictIndex: setUnconditionally 0 -> -1
2020-12-20 13:58:13,845 [pool-285-thread-1] INFO  server.RaftServerConfigKeys (ConfUtils.java:logGet(44)) - raft.server.snapshot.auto.trigger.enabled = true (custom)
2020-12-20 13:58:13,845 [pool-285-thread-1] INFO  server.RaftServerConfigKeys (ConfUtils.java:logGet(44)) - raft.server.snapshot.auto.trigger.threshold = 10000 (custom)
2020-12-20 13:58:13,846 [pool-285-thread-1] INFO  server.RaftServerConfigKeys (ConfUtils.java:logGet(44)) - raft.server.snapshot.retention.file.num = 5 (custom)
2020-12-20 13:58:13,846 [pool-285-thread-1] INFO  server.RaftServerConfigKeys (ConfUtils.java:logGet(44)) - raft.server.log.purge.upto.snapshot.index = false (default)
2020-12-20 13:58:13,846 [pool-285-thread-1] INFO  server.RaftServerConfigKeys (ConfUtils.java:logGet(44)) - raft.server.retrycache.expirytime = 600000ms (custom)
2020-12-20 13:58:13,846 [pool-285-thread-1] INFO  metrics.RatisMetrics (RatisMetrics.java:lambda$create$0(36)) - Creating Metrics Registry : ratis.leader_election.62bf3122-6558-4262-b416-281af820a08d@group-BB4CF28B6211
2020-12-20 13:58:13,846 [pool-285-thread-1] INFO  metrics.RatisMetrics (RatisMetrics.java:lambda$create$0(36)) - Creating Metrics Registry : ratis.server.62bf3122-6558-4262-b416-281af820a08d@group-BB4CF28B6211
2020-12-20 13:58:13,848 [pool-285-thread-1] INFO  impl.RaftServerImpl (RaftServerImpl.java:start(215)) - 62bf3122-6558-4262-b416-281af820a08d@group-BB4CF28B6211: start as a follower, conf=-1: [16749e43-558c-4c39-b613-b952dab248c9|rpc:172.17.0.2:40209, 5f27e08b-2f6c-4b1d-b018-474ca25c25d0|rpc:172.17.0.2:46353, 62bf3122-6558-4262-b416-281af820a08d|rpc:172.17.0.2:44723], old=null
2020-12-20 13:58:13,848 [pool-285-thread-1] INFO  impl.RaftServerImpl (RaftServerImpl.java:setRole(204)) - 62bf3122-6558-4262-b416-281af820a08d@group-BB4CF28B6211: changes role from      null to FOLLOWER at term 0 for startAsFollower
2020-12-20 13:58:13,848 [pool-285-thread-1] INFO  impl.RoleInfo (RoleInfo.java:updateAndGet(143)) - 62bf3122-6558-4262-b416-281af820a08d: start 62bf3122-6558-4262-b416-281af820a08d@group-BB4CF28B6211-FollowerState
2020-12-20 13:58:13,848 [pool-285-thread-1] INFO  util.JmxRegister (JmxRegister.java:tryRegister(44)) - Successfully registered JMX Bean with object name Ratis:service=RaftServer,group=group-BB4CF28B6211,id=62bf3122-6558-4262-b416-281af820a08d
2020-12-20 13:58:13,848 [pool-285-thread-1] INFO  metrics.RatisMetrics (RatisMetrics.java:lambda$create$0(36)) - Creating Metrics Registry : ratis.state_machine.62bf3122-6558-4262-b416-281af820a08d@group-BB4CF28B6211
2020-12-20 13:58:13,850 [Command processor thread] INFO  metrics.RatisMetrics (RatisMetrics.java:lambda$create$0(36)) - Creating Metrics Registry : ratis.client_message_metrics.client-FE09DB079648->5f27e08b-2f6c-4b1d-b018-474ca25c25d0
2020-12-20 13:58:13,856 [grpc-default-executor-2] INFO  metrics.RatisMetrics (RatisMetrics.java:lambda$create$0(36)) - Creating Metrics Registry : ratis.server_message_metrics.5f27e08b-2f6c-4b1d-b018-474ca25c25d0
2020-12-20 13:58:13,858 [grpc-default-executor-2] INFO  impl.RaftServerProxy (RaftServerProxy.java:addNew(93)) - 5f27e08b-2f6c-4b1d-b018-474ca25c25d0: addNew group-BB4CF28B6211:[16749e43-558c-4c39-b613-b952dab248c9|rpc:172.17.0.2:40209|dataStream:, 5f27e08b-2f6c-4b1d-b018-474ca25c25d0|rpc:172.17.0.2:46353|dataStream:, 62bf3122-6558-4262-b416-281af820a08d|rpc:172.17.0.2:44723|dataStream:] returns group-BB4CF28B6211:java.util.concurrent.CompletableFuture@369ef0be[Not completed]
2020-12-20 13:58:13,866 [pool-317-thread-1] INFO  impl.RaftServerImpl (RaftServerImpl.java:<init>(121)) - 5f27e08b-2f6c-4b1d-b018-474ca25c25d0: new RaftServerImpl for group-BB4CF28B6211:[16749e43-558c-4c39-b613-b952dab248c9|rpc:172.17.0.2:40209|dataStream:, 5f27e08b-2f6c-4b1d-b018-474ca25c25d0|rpc:172.17.0.2:46353|dataStream:, 62bf3122-6558-4262-b416-281af820a08d|rpc:172.17.0.2:44723|dataStream:] with ContainerStateMachine:uninitialized
2020-12-20 13:58:13,866 [pool-317-thread-1] INFO  server.RaftServerConfigKeys (ConfUtils.java:logGet(44)) - raft.server.rpc.timeout.min = 5s (custom)
2020-12-20 13:58:13,866 [pool-317-thread-1] INFO  server.RaftServerConfigKeys (ConfUtils.java:logGet(44)) - raft.server.rpc.timeout.max = 5200ms (custom)
2020-12-20 13:58:13,866 [pool-317-thread-1] INFO  server.RaftServerConfigKeys (ConfUtils.java:logGet(44)) - raft.server.rpc.slowness.timeout = 300s (custom)
2020-12-20 13:58:13,866 [pool-317-thread-1] INFO  server.RaftServerConfigKeys (ConfUtils.java:logGet(44)) - raft.server.leaderelection.leader.step-down.wait-time = 10s (default)
2020-12-20 13:58:13,867 [pool-317-thread-1] INFO  server.RaftServerConfigKeys (ConfUtils.java:logGet(44)) - raft.server.sleep.deviation.threshold = 300 (default)
2020-12-20 13:58:13,867 [pool-317-thread-1] INFO  server.RaftServerConfigKeys (ConfUtils.java:logGet(44)) - raft.server.log.appender.install.snapshot.enabled = false (custom)
2020-12-20 13:58:13,867 [pool-317-thread-1] INFO  impl.RaftServerImpl (ServerState.java:<init>(104)) - 5f27e08b-2f6c-4b1d-b018-474ca25c25d0@group-BB4CF28B6211: ConfigurationManager, init=-1: [16749e43-558c-4c39-b613-b952dab248c9|rpc:172.17.0.2:40209|dataStream:, 5f27e08b-2f6c-4b1d-b018-474ca25c25d0|rpc:172.17.0.2:46353|dataStream:, 62bf3122-6558-4262-b416-281af820a08d|rpc:172.17.0.2:44723|dataStream:], old=null, confs=<EMPTY_MAP>
2020-12-20 13:58:13,867 [pool-317-thread-1] INFO  server.RaftServerConfigKeys (ConfUtils.java:logGet(44)) - raft.server.storage.dir = [/github/workspace/mnt/ozone/hadoop-ozone/integration-test/target/test-dir/MiniOzoneClusterImpl-3ca51f30-c846-4083-9b7f-c1ea6aa91ff4/datanode-5/data/ratis] (custom)
2020-12-20 13:58:13,867 [pool-317-thread-1] INFO  server.RaftServerConfigKeys (ConfUtils.java:logGet(44)) - raft.server.log.corruption.policy = EXCEPTION (default)
2020-12-20 13:58:13,867 [pool-317-thread-1] INFO  storage.RaftStorageDirectory (RaftStorageDirectory.java:analyzeStorage(261)) - The storage directory /github/workspace/mnt/ozone/hadoop-ozone/integration-test/target/test-dir/MiniOzoneClusterImpl-3ca51f30-c846-4083-9b7f-c1ea6aa91ff4/datanode-5/data/ratis/366590d4-d99c-438e-b240-bb4cf28b6211 does not exist. Creating ...
2020-12-20 13:58:13,873 [pool-317-thread-1] INFO  storage.RaftStorageDirectory (RaftStorageDirectory.java:tryLock(343)) - Lock on /github/workspace/mnt/ozone/hadoop-ozone/integration-test/target/test-dir/MiniOzoneClusterImpl-3ca51f30-c846-4083-9b7f-c1ea6aa91ff4/datanode-5/data/ratis/366590d4-d99c-438e-b240-bb4cf28b6211/in_use.lock acquired by nodename 14967@fc04eb3d93c3
2020-12-20 13:58:13,875 [pool-317-thread-1] INFO  storage.RaftStorage (RaftStorage.java:format(85)) - Storage directory /github/workspace/mnt/ozone/hadoop-ozone/integration-test/target/test-dir/MiniOzoneClusterImpl-3ca51f30-c846-4083-9b7f-c1ea6aa91ff4/datanode-5/data/ratis/366590d4-d99c-438e-b240-bb4cf28b6211 has been successfully formatted.
2020-12-20 13:58:13,876 [EventQueue-PipelineReportForOneReplicaPipelineSafeModeRule] INFO  safemode.SCMSafeModeManager (SCMSafeModeManager.java:validateSafeModeExitRules(214)) - AtleastOneDatanodeReportedRule rule is successfully validated
2020-12-20 13:58:13,877 [pool-317-thread-1] INFO  ratis.ContainerStateMachine (ContainerStateMachine.java:loadSnapshot(225)) - group-BB4CF28B6211: The snapshot info is null. Setting the last applied indexto:(t:0, i:~)
2020-12-20 13:58:13,877 [pool-317-thread-1] INFO  server.RaftServerConfigKeys (ConfUtils.java:logGet(44)) - raft.server.notification.no-leader.timeout = 300s (custom)
2020-12-20 13:58:13,877 [pool-317-thread-1] INFO  server.RaftServerConfigKeys (ConfUtils.java:logGet(44)) - raft.server.log.use.memory = false (default)
2020-12-20 13:58:13,877 [pool-317-thread-1] INFO  server.RaftServerConfigKeys (ConfUtils.java:logGet(44)) - raft.server.log.purge.gap = 1000000 (custom)
2020-12-20 13:58:13,877 [pool-317-thread-1] INFO  metrics.RatisMetrics (RatisMetrics.java:lambda$create$0(36)) - Creating Metrics Registry : ratis.log_worker.5f27e08b-2f6c-4b1d-b018-474ca25c25d0@group-BB4CF28B6211
2020-12-20 13:58:13,877 [pool-317-thread-1] INFO  server.RaftServerConfigKeys (ConfUtils.java:logGet(44)) - raft.server.log.appender.buffer.byte-limit = 33554432 (custom)
2020-12-20 13:58:13,878 [pool-317-thread-1] INFO  server.RaftServerConfigKeys (ConfUtils.java:logGet(44)) - raft.server.log.segment.size.max = 1048576 (custom)
2020-12-20 13:58:13,878 [pool-317-thread-1] INFO  server.RaftServerConfigKeys (ConfUtils.java:logGet(44)) - raft.server.log.segment.cache.num.max = 2 (custom)
2020-12-20 13:58:13,878 [pool-317-thread-1] INFO  segmented.SegmentedRaftLogWorker (SegmentedRaftLogWorker.java:<init>(180)) - new 5f27e08b-2f6c-4b1d-b018-474ca25c25d0@group-BB4CF28B6211-SegmentedRaftLogWorker for RaftStorage:Storage Directory /github/workspace/mnt/ozone/hadoop-ozone/integration-test/target/test-dir/MiniOzoneClusterImpl-3ca51f30-c846-4083-9b7f-c1ea6aa91ff4/datanode-5/data/ratis/366590d4-d99c-438e-b240-bb4cf28b6211
2020-12-20 13:58:13,878 [pool-317-thread-1] INFO  server.RaftServerConfigKeys (ConfUtils.java:logGet(44)) - raft.server.log.queue.byte-limit = 2147483647 (custom)
2020-12-20 13:58:13,878 [pool-317-thread-1] INFO  server.RaftServerConfigKeys (ConfUtils.java:logGet(44)) - raft.server.log.queue.element-limit = 1024 (custom)
2020-12-20 13:58:13,878 [pool-317-thread-1] INFO  server.RaftServerConfigKeys (ConfUtils.java:logGet(44)) - raft.server.log.segment.size.max = 1048576 (custom)
2020-12-20 13:58:13,879 [pool-317-thread-1] INFO  server.RaftServerConfigKeys (ConfUtils.java:logGet(44)) - raft.server.log.preallocated.size = 16384 (custom)
2020-12-20 13:58:13,879 [pool-317-thread-1] INFO  server.RaftServerConfigKeys (ConfUtils.java:logGet(44)) - raft.server.log.write.buffer.size = 1048576 (custom)
2020-12-20 13:58:13,879 [pool-317-thread-1] INFO  server.RaftServerConfigKeys (ConfUtils.java:logGet(44)) - raft.server.log.force.sync.num = 128 (default)
2020-12-20 13:58:13,879 [pool-317-thread-1] INFO  server.RaftServerConfigKeys (ConfUtils.java:logGet(44)) - raft.server.log.statemachine.data.sync = true (default)
2020-12-20 13:58:13,879 [pool-317-thread-1] INFO  server.RaftServerConfigKeys (ConfUtils.java:logGet(44)) - raft.server.log.statemachine.data.sync.timeout = 10s (default)
2020-12-20 13:58:13,879 [pool-317-thread-1] INFO  server.RaftServerConfigKeys (ConfUtils.java:logGet(44)) - raft.server.log.statemachine.data.sync.timeout.retry = -1 (default)
2020-12-20 13:58:13,881 [pool-317-thread-1] INFO  server.RaftServerConfigKeys (ConfUtils.java:logGet(44)) - raft.server.log.statemachine.data.caching.enabled = true (custom)
2020-12-20 13:58:13,881 [pool-317-thread-1] INFO  segmented.SegmentedRaftLogWorker (SegmentedRaftLogWorker.java:lambda$new$0(129)) - 5f27e08b-2f6c-4b1d-b018-474ca25c25d0@group-BB4CF28B6211-SegmentedRaftLogWorker: flushIndex: setUnconditionally 0 -> -1
2020-12-20 13:58:13,881 [pool-317-thread-1] INFO  segmented.SegmentedRaftLogWorker (SegmentedRaftLogWorker.java:lambda$new$0(129)) - 5f27e08b-2f6c-4b1d-b018-474ca25c25d0@group-BB4CF28B6211-SegmentedRaftLogWorker: safeCacheEvictIndex: setUnconditionally 0 -> -1
2020-12-20 13:58:13,882 [pool-317-thread-1] INFO  server.RaftServerConfigKeys (ConfUtils.java:logGet(44)) - raft.server.snapshot.auto.trigger.enabled = true (custom)
2020-12-20 13:58:13,882 [pool-317-thread-1] INFO  server.RaftServerConfigKeys (ConfUtils.java:logGet(44)) - raft.server.snapshot.auto.trigger.threshold = 10000 (custom)
2020-12-20 13:58:13,882 [pool-317-thread-1] INFO  server.RaftServerConfigKeys (ConfUtils.java:logGet(44)) - raft.server.snapshot.retention.file.num = 5 (custom)
2020-12-20 13:58:13,882 [pool-317-thread-1] INFO  server.RaftServerConfigKeys (ConfUtils.java:logGet(44)) - raft.server.log.purge.upto.snapshot.index = false (default)
2020-12-20 13:58:13,882 [pool-317-thread-1] INFO  server.RaftServerConfigKeys (ConfUtils.java:logGet(44)) - raft.server.retrycache.expirytime = 600000ms (custom)
2020-12-20 13:58:13,882 [pool-317-thread-1] INFO  metrics.RatisMetrics (RatisMetrics.java:lambda$create$0(36)) - Creating Metrics Registry : ratis.leader_election.5f27e08b-2f6c-4b1d-b018-474ca25c25d0@group-BB4CF28B6211
2020-12-20 13:58:13,882 [pool-317-thread-1] INFO  metrics.RatisMetrics (RatisMetrics.java:lambda$create$0(36)) - Creating Metrics Registry : ratis.server.5f27e08b-2f6c-4b1d-b018-474ca25c25d0@group-BB4CF28B6211
2020-12-20 13:58:13,883 [pool-317-thread-1] INFO  impl.RaftServerImpl (RaftServerImpl.java:start(215)) - 5f27e08b-2f6c-4b1d-b018-474ca25c25d0@group-BB4CF28B6211: start as a follower, conf=-1: [16749e43-558c-4c39-b613-b952dab248c9|rpc:172.17.0.2:40209|dataStream:, 5f27e08b-2f6c-4b1d-b018-474ca25c25d0|rpc:172.17.0.2:46353|dataStream:, 62bf3122-6558-4262-b416-281af820a08d|rpc:172.17.0.2:44723|dataStream:], old=null
2020-12-20 13:58:13,884 [pool-317-thread-1] INFO  impl.RaftServerImpl (RaftServerImpl.java:setRole(204)) - 5f27e08b-2f6c-4b1d-b018-474ca25c25d0@group-BB4CF28B6211: changes role from      null to FOLLOWER at term 0 for startAsFollower
2020-12-20 13:58:13,884 [pool-317-thread-1] INFO  impl.RoleInfo (RoleInfo.java:updateAndGet(143)) - 5f27e08b-2f6c-4b1d-b018-474ca25c25d0: start 5f27e08b-2f6c-4b1d-b018-474ca25c25d0@group-BB4CF28B6211-FollowerState
2020-12-20 13:58:13,884 [pool-317-thread-1] INFO  util.JmxRegister (JmxRegister.java:tryRegister(44)) - Successfully registered JMX Bean with object name Ratis:service=RaftServer,group=group-BB4CF28B6211,id=5f27e08b-2f6c-4b1d-b018-474ca25c25d0
2020-12-20 13:58:13,884 [pool-317-thread-1] INFO  metrics.RatisMetrics (RatisMetrics.java:lambda$create$0(36)) - Creating Metrics Registry : ratis.state_machine.5f27e08b-2f6c-4b1d-b018-474ca25c25d0@group-BB4CF28B6211
2020-12-20 13:58:13,895 [Command processor thread] INFO  metrics.RatisMetrics (RatisMetrics.java:lambda$create$0(36)) - Creating Metrics Registry : ratis.client_message_metrics.client-0445D3D4CFD0->16749e43-558c-4c39-b613-b952dab248c9
2020-12-20 13:58:13,900 [grpc-default-executor-2] INFO  metrics.RatisMetrics (RatisMetrics.java:lambda$create$0(36)) - Creating Metrics Registry : ratis.server_message_metrics.16749e43-558c-4c39-b613-b952dab248c9
2020-12-20 13:58:13,902 [grpc-default-executor-2] INFO  impl.RaftServerProxy (RaftServerProxy.java:addNew(93)) - 16749e43-558c-4c39-b613-b952dab248c9: addNew group-BB4CF28B6211:[16749e43-558c-4c39-b613-b952dab248c9|rpc:172.17.0.2:40209|dataStream:, 5f27e08b-2f6c-4b1d-b018-474ca25c25d0|rpc:172.17.0.2:46353|dataStream:, 62bf3122-6558-4262-b416-281af820a08d|rpc:172.17.0.2:44723|dataStream:] returns group-BB4CF28B6211:java.util.concurrent.CompletableFuture@3270b021[Not completed]
2020-12-20 13:58:13,903 [pool-301-thread-1] INFO  impl.RaftServerImpl (RaftServerImpl.java:<init>(121)) - 16749e43-558c-4c39-b613-b952dab248c9: new RaftServerImpl for group-BB4CF28B6211:[16749e43-558c-4c39-b613-b952dab248c9|rpc:172.17.0.2:40209|dataStream:, 5f27e08b-2f6c-4b1d-b018-474ca25c25d0|rpc:172.17.0.2:46353|dataStream:, 62bf3122-6558-4262-b416-281af820a08d|rpc:172.17.0.2:44723|dataStream:] with ContainerStateMachine:uninitialized
2020-12-20 13:58:13,903 [pool-301-thread-1] INFO  server.RaftServerConfigKeys (ConfUtils.java:logGet(44)) - raft.server.rpc.timeout.min = 5s (custom)
2020-12-20 13:58:13,903 [pool-301-thread-1] INFO  server.RaftServerConfigKeys (ConfUtils.java:logGet(44)) - raft.server.rpc.timeout.max = 5200ms (custom)
2020-12-20 13:58:13,904 [pool-301-thread-1] INFO  server.RaftServerConfigKeys (ConfUtils.java:logGet(44)) - raft.server.rpc.slowness.timeout = 300s (custom)
2020-12-20 13:58:13,904 [pool-301-thread-1] INFO  server.RaftServerConfigKeys (ConfUtils.java:logGet(44)) - raft.server.leaderelection.leader.step-down.wait-time = 10s (default)
2020-12-20 13:58:13,904 [pool-301-thread-1] INFO  server.RaftServerConfigKeys (ConfUtils.java:logGet(44)) - raft.server.sleep.deviation.threshold = 300 (default)
2020-12-20 13:58:13,904 [pool-301-thread-1] INFO  server.RaftServerConfigKeys (ConfUtils.java:logGet(44)) - raft.server.log.appender.install.snapshot.enabled = false (custom)
2020-12-20 13:58:13,904 [pool-301-thread-1] INFO  impl.RaftServerImpl (ServerState.java:<init>(104)) - 16749e43-558c-4c39-b613-b952dab248c9@group-BB4CF28B6211: ConfigurationManager, init=-1: [16749e43-558c-4c39-b613-b952dab248c9|rpc:172.17.0.2:40209|dataStream:, 5f27e08b-2f6c-4b1d-b018-474ca25c25d0|rpc:172.17.0.2:46353|dataStream:, 62bf3122-6558-4262-b416-281af820a08d|rpc:172.17.0.2:44723|dataStream:], old=null, confs=<EMPTY_MAP>
2020-12-20 13:58:13,904 [pool-301-thread-1] INFO  server.RaftServerConfigKeys (ConfUtils.java:logGet(44)) - raft.server.storage.dir = [/github/workspace/mnt/ozone/hadoop-ozone/integration-test/target/test-dir/MiniOzoneClusterImpl-3ca51f30-c846-4083-9b7f-c1ea6aa91ff4/datanode-4/data/ratis] (custom)
2020-12-20 13:58:13,905 [pool-301-thread-1] INFO  server.RaftServerConfigKeys (ConfUtils.java:logGet(44)) - raft.server.log.corruption.policy = EXCEPTION (default)
2020-12-20 13:58:13,905 [pool-301-thread-1] INFO  storage.RaftStorageDirectory (RaftStorageDirectory.java:analyzeStorage(261)) - The storage directory /github/workspace/mnt/ozone/hadoop-ozone/integration-test/target/test-dir/MiniOzoneClusterImpl-3ca51f30-c846-4083-9b7f-c1ea6aa91ff4/datanode-4/data/ratis/366590d4-d99c-438e-b240-bb4cf28b6211 does not exist. Creating ...
2020-12-20 13:58:13,906 [pool-301-thread-1] INFO  storage.RaftStorageDirectory (RaftStorageDirectory.java:tryLock(343)) - Lock on /github/workspace/mnt/ozone/hadoop-ozone/integration-test/target/test-dir/MiniOzoneClusterImpl-3ca51f30-c846-4083-9b7f-c1ea6aa91ff4/datanode-4/data/ratis/366590d4-d99c-438e-b240-bb4cf28b6211/in_use.lock acquired by nodename 14967@fc04eb3d93c3
2020-12-20 13:58:13,907 [pool-301-thread-1] INFO  storage.RaftStorage (RaftStorage.java:format(85)) - Storage directory /github/workspace/mnt/ozone/hadoop-ozone/integration-test/target/test-dir/MiniOzoneClusterImpl-3ca51f30-c846-4083-9b7f-c1ea6aa91ff4/datanode-4/data/ratis/366590d4-d99c-438e-b240-bb4cf28b6211 has been successfully formatted.
2020-12-20 13:58:13,908 [pool-301-thread-1] INFO  ratis.ContainerStateMachine (ContainerStateMachine.java:loadSnapshot(225)) - group-BB4CF28B6211: The snapshot info is null. Setting the last applied indexto:(t:0, i:~)
2020-12-20 13:58:13,908 [pool-301-thread-1] INFO  server.RaftServerConfigKeys (ConfUtils.java:logGet(44)) - raft.server.notification.no-leader.timeout = 300s (custom)
2020-12-20 13:58:13,908 [pool-301-thread-1] INFO  server.RaftServerConfigKeys (ConfUtils.java:logGet(44)) - raft.server.log.use.memory = false (default)
2020-12-20 13:58:13,909 [EventQueue-PipelineReportForOneReplicaPipelineSafeModeRule] INFO  safemode.SCMSafeModeManager (SCMSafeModeManager.java:validateSafeModeExitRules(214)) - AtleastOneDatanodeReportedRule rule is successfully validated
2020-12-20 13:58:13,909 [pool-301-thread-1] INFO  server.RaftServerConfigKeys (ConfUtils.java:logGet(44)) - raft.server.log.purge.gap = 1000000 (custom)
2020-12-20 13:58:13,909 [pool-301-thread-1] INFO  metrics.RatisMetrics (RatisMetrics.java:lambda$create$0(36)) - Creating Metrics Registry : ratis.log_worker.16749e43-558c-4c39-b613-b952dab248c9@group-BB4CF28B6211
2020-12-20 13:58:13,910 [pool-301-thread-1] INFO  server.RaftServerConfigKeys (ConfUtils.java:logGet(44)) - raft.server.log.appender.buffer.byte-limit = 33554432 (custom)
2020-12-20 13:58:13,910 [pool-301-thread-1] INFO  server.RaftServerConfigKeys (ConfUtils.java:logGet(44)) - raft.server.log.segment.size.max = 1048576 (custom)
2020-12-20 13:58:13,910 [pool-301-thread-1] INFO  server.RaftServerConfigKeys (ConfUtils.java:logGet(44)) - raft.server.log.segment.cache.num.max = 2 (custom)
2020-12-20 13:58:13,911 [pool-301-thread-1] INFO  segmented.SegmentedRaftLogWorker (SegmentedRaftLogWorker.java:<init>(180)) - new 16749e43-558c-4c39-b613-b952dab248c9@group-BB4CF28B6211-SegmentedRaftLogWorker for RaftStorage:Storage Directory /github/workspace/mnt/ozone/hadoop-ozone/integration-test/target/test-dir/MiniOzoneClusterImpl-3ca51f30-c846-4083-9b7f-c1ea6aa91ff4/datanode-4/data/ratis/366590d4-d99c-438e-b240-bb4cf28b6211
2020-12-20 13:58:13,912 [pool-301-thread-1] INFO  server.RaftServerConfigKeys (ConfUtils.java:logGet(44)) - raft.server.log.queue.byte-limit = 2147483647 (custom)
2020-12-20 13:58:13,912 [pool-301-thread-1] INFO  server.RaftServerConfigKeys (ConfUtils.java:logGet(44)) - raft.server.log.queue.element-limit = 1024 (custom)
2020-12-20 13:58:13,912 [pool-301-thread-1] INFO  server.RaftServerConfigKeys (ConfUtils.java:logGet(44)) - raft.server.log.segment.size.max = 1048576 (custom)
2020-12-20 13:58:13,912 [pool-301-thread-1] INFO  server.RaftServerConfigKeys (ConfUtils.java:logGet(44)) - raft.server.log.preallocated.size = 16384 (custom)
2020-12-20 13:58:13,912 [pool-301-thread-1] INFO  server.RaftServerConfigKeys (ConfUtils.java:logGet(44)) - raft.server.log.write.buffer.size = 1048576 (custom)
2020-12-20 13:58:13,912 [pool-301-thread-1] INFO  server.RaftServerConfigKeys (ConfUtils.java:logGet(44)) - raft.server.log.force.sync.num = 128 (default)
2020-12-20 13:58:13,913 [pool-301-thread-1] INFO  server.RaftServerConfigKeys (ConfUtils.java:logGet(44)) - raft.server.log.statemachine.data.sync = true (default)
2020-12-20 13:58:13,913 [pool-301-thread-1] INFO  server.RaftServerConfigKeys (ConfUtils.java:logGet(44)) - raft.server.log.statemachine.data.sync.timeout = 10s (default)
2020-12-20 13:58:13,913 [pool-301-thread-1] INFO  server.RaftServerConfigKeys (ConfUtils.java:logGet(44)) - raft.server.log.statemachine.data.sync.timeout.retry = -1 (default)
2020-12-20 13:58:13,915 [pool-301-thread-1] INFO  server.RaftServerConfigKeys (ConfUtils.java:logGet(44)) - raft.server.log.statemachine.data.caching.enabled = true (custom)
2020-12-20 13:58:13,915 [pool-301-thread-1] INFO  segmented.SegmentedRaftLogWorker (SegmentedRaftLogWorker.java:lambda$new$0(129)) - 16749e43-558c-4c39-b613-b952dab248c9@group-BB4CF28B6211-SegmentedRaftLogWorker: flushIndex: setUnconditionally 0 -> -1
2020-12-20 13:58:13,915 [pool-301-thread-1] INFO  segmented.SegmentedRaftLogWorker (SegmentedRaftLogWorker.java:lambda$new$0(129)) - 16749e43-558c-4c39-b613-b952dab248c9@group-BB4CF28B6211-SegmentedRaftLogWorker: safeCacheEvictIndex: setUnconditionally 0 -> -1
2020-12-20 13:58:13,915 [pool-301-thread-1] INFO  server.RaftServerConfigKeys (ConfUtils.java:logGet(44)) - raft.server.snapshot.auto.trigger.enabled = true (custom)
2020-12-20 13:58:13,915 [pool-301-thread-1] INFO  server.RaftServerConfigKeys (ConfUtils.java:logGet(44)) - raft.server.snapshot.auto.trigger.threshold = 10000 (custom)
2020-12-20 13:58:13,916 [pool-301-thread-1] INFO  server.RaftServerConfigKeys (ConfUtils.java:logGet(44)) - raft.server.snapshot.retention.file.num = 5 (custom)
2020-12-20 13:58:13,916 [pool-301-thread-1] INFO  server.RaftServerConfigKeys (ConfUtils.java:logGet(44)) - raft.server.log.purge.upto.snapshot.index = false (default)
2020-12-20 13:58:13,916 [pool-301-thread-1] INFO  server.RaftServerConfigKeys (ConfUtils.java:logGet(44)) - raft.server.retrycache.expirytime = 600000ms (custom)
2020-12-20 13:58:13,916 [pool-301-thread-1] INFO  metrics.RatisMetrics (RatisMetrics.java:lambda$create$0(36)) - Creating Metrics Registry : ratis.leader_election.16749e43-558c-4c39-b613-b952dab248c9@group-BB4CF28B6211
2020-12-20 13:58:13,916 [pool-301-thread-1] INFO  metrics.RatisMetrics (RatisMetrics.java:lambda$create$0(36)) - Creating Metrics Registry : ratis.server.16749e43-558c-4c39-b613-b952dab248c9@group-BB4CF28B6211
2020-12-20 13:58:13,917 [pool-301-thread-1] INFO  impl.RaftServerImpl (RaftServerImpl.java:start(215)) - 16749e43-558c-4c39-b613-b952dab248c9@group-BB4CF28B6211: start as a follower, conf=-1: [16749e43-558c-4c39-b613-b952dab248c9|rpc:172.17.0.2:40209|dataStream:, 5f27e08b-2f6c-4b1d-b018-474ca25c25d0|rpc:172.17.0.2:46353|dataStream:, 62bf3122-6558-4262-b416-281af820a08d|rpc:172.17.0.2:44723|dataStream:], old=null
2020-12-20 13:58:13,917 [pool-301-thread-1] INFO  impl.RaftServerImpl (RaftServerImpl.java:setRole(204)) - 16749e43-558c-4c39-b613-b952dab248c9@group-BB4CF28B6211: changes role from      null to FOLLOWER at term 0 for startAsFollower
2020-12-20 13:58:13,917 [pool-301-thread-1] INFO  impl.RoleInfo (RoleInfo.java:updateAndGet(143)) - 16749e43-558c-4c39-b613-b952dab248c9: start 16749e43-558c-4c39-b613-b952dab248c9@group-BB4CF28B6211-FollowerState
2020-12-20 13:58:13,918 [pool-301-thread-1] INFO  util.JmxRegister (JmxRegister.java:tryRegister(44)) - Successfully registered JMX Bean with object name Ratis:service=RaftServer,group=group-BB4CF28B6211,id=16749e43-558c-4c39-b613-b952dab248c9
2020-12-20 13:58:13,918 [pool-301-thread-1] INFO  metrics.RatisMetrics (RatisMetrics.java:lambda$create$0(36)) - Creating Metrics Registry : ratis.state_machine.16749e43-558c-4c39-b613-b952dab248c9@group-BB4CF28B6211
2020-12-20 13:58:13,932 [Command processor thread] INFO  commandhandler.CreatePipelineCommandHandler (CreatePipelineCommandHandler.java:handle(106)) - Created Pipeline RATIS THREE PipelineID=366590d4-d99c-438e-b240-bb4cf28b6211.
2020-12-20 13:58:14,146 [Command processor thread] INFO  impl.RaftServerProxy (RaftServerProxy.java:addNew(93)) - 16749e43-558c-4c39-b613-b952dab248c9: addNew group-395FEDB8C4F3:[16749e43-558c-4c39-b613-b952dab248c9|rpc:172.17.0.2:40209] returns group-395FEDB8C4F3:java.util.concurrent.CompletableFuture@2560ff21[Not completed]
2020-12-20 13:58:14,147 [pool-301-thread-1] INFO  impl.RaftServerImpl (RaftServerImpl.java:<init>(121)) - 16749e43-558c-4c39-b613-b952dab248c9: new RaftServerImpl for group-395FEDB8C4F3:[16749e43-558c-4c39-b613-b952dab248c9|rpc:172.17.0.2:40209] with ContainerStateMachine:uninitialized
2020-12-20 13:58:14,147 [pool-301-thread-1] INFO  server.RaftServerConfigKeys (ConfUtils.java:logGet(44)) - raft.server.rpc.timeout.min = 5s (custom)
2020-12-20 13:58:14,147 [pool-301-thread-1] INFO  server.RaftServerConfigKeys (ConfUtils.java:logGet(44)) - raft.server.rpc.timeout.max = 5200ms (custom)
2020-12-20 13:58:14,147 [pool-301-thread-1] INFO  server.RaftServerConfigKeys (ConfUtils.java:logGet(44)) - raft.server.rpc.slowness.timeout = 300s (custom)
2020-12-20 13:58:14,147 [pool-301-thread-1] INFO  server.RaftServerConfigKeys (ConfUtils.java:logGet(44)) - raft.server.leaderelection.leader.step-down.wait-time = 10s (default)
2020-12-20 13:58:14,147 [pool-301-thread-1] INFO  server.RaftServerConfigKeys (ConfUtils.java:logGet(44)) - raft.server.sleep.deviation.threshold = 300 (default)
2020-12-20 13:58:14,147 [pool-301-thread-1] INFO  server.RaftServerConfigKeys (ConfUtils.java:logGet(44)) - raft.server.log.appender.install.snapshot.enabled = false (custom)
2020-12-20 13:58:14,147 [EventQueue-PipelineReportForOneReplicaPipelineSafeModeRule] INFO  safemode.SCMSafeModeManager (SCMSafeModeManager.java:validateSafeModeExitRules(214)) - AtleastOneDatanodeReportedRule rule is successfully validated
2020-12-20 13:58:14,147 [EventQueue-OpenPipelineForHealthyPipelineSafeModeRule] INFO  safemode.SCMSafeModeManager (HealthyPipelineSafeModeRule.java:process(128)) - SCM in safe mode. Healthy pipelines reported count is 0, required healthy pipeline reported count is 1
2020-12-20 13:58:14,147 [pool-301-thread-1] INFO  impl.RaftServerImpl (ServerState.java:<init>(104)) - 16749e43-558c-4c39-b613-b952dab248c9@group-395FEDB8C4F3: ConfigurationManager, init=-1: [16749e43-558c-4c39-b613-b952dab248c9|rpc:172.17.0.2:40209], old=null, confs=<EMPTY_MAP>
2020-12-20 13:58:14,149 [pool-301-thread-1] INFO  server.RaftServerConfigKeys (ConfUtils.java:logGet(44)) - raft.server.storage.dir = [/github/workspace/mnt/ozone/hadoop-ozone/integration-test/target/test-dir/MiniOzoneClusterImpl-3ca51f30-c846-4083-9b7f-c1ea6aa91ff4/datanode-4/data/ratis] (custom)
2020-12-20 13:58:14,149 [pool-301-thread-1] INFO  server.RaftServerConfigKeys (ConfUtils.java:logGet(44)) - raft.server.log.corruption.policy = EXCEPTION (default)
2020-12-20 13:58:14,149 [pool-301-thread-1] INFO  storage.RaftStorageDirectory (RaftStorageDirectory.java:analyzeStorage(261)) - The storage directory /github/workspace/mnt/ozone/hadoop-ozone/integration-test/target/test-dir/MiniOzoneClusterImpl-3ca51f30-c846-4083-9b7f-c1ea6aa91ff4/datanode-4/data/ratis/39596fbb-d40f-436c-9c98-395fedb8c4f3 does not exist. Creating ...
2020-12-20 13:58:14,151 [pool-301-thread-1] INFO  storage.RaftStorageDirectory (RaftStorageDirectory.java:tryLock(343)) - Lock on /github/workspace/mnt/ozone/hadoop-ozone/integration-test/target/test-dir/MiniOzoneClusterImpl-3ca51f30-c846-4083-9b7f-c1ea6aa91ff4/datanode-4/data/ratis/39596fbb-d40f-436c-9c98-395fedb8c4f3/in_use.lock acquired by nodename 14967@fc04eb3d93c3
2020-12-20 13:58:14,152 [pool-301-thread-1] INFO  storage.RaftStorage (RaftStorage.java:format(85)) - Storage directory /github/workspace/mnt/ozone/hadoop-ozone/integration-test/target/test-dir/MiniOzoneClusterImpl-3ca51f30-c846-4083-9b7f-c1ea6aa91ff4/datanode-4/data/ratis/39596fbb-d40f-436c-9c98-395fedb8c4f3 has been successfully formatted.
2020-12-20 13:58:14,153 [EventQueue-PipelineReportForOneReplicaPipelineSafeModeRule] INFO  safemode.SCMSafeModeManager (SCMSafeModeManager.java:validateSafeModeExitRules(214)) - AtleastOneDatanodeReportedRule rule is successfully validated
2020-12-20 13:58:14,153 [EventQueue-PipelineReportForPipelineReportHandler] INFO  pipeline.PipelineStateManager (PipelineStateManager.java:openPipeline(132)) - Pipeline Pipeline[ Id: 39596fbb-d40f-436c-9c98-395fedb8c4f3, Nodes: 16749e43-558c-4c39-b613-b952dab248c9{ip: 172.17.0.2, host: fc04eb3d93c3, networkLocation: /default-rack, certSerialId: null, persistedOpState: IN_SERVICE, persistedOpStateExpiryEpochSec: 0}, Type:RATIS, Factor:ONE, State:ALLOCATED, leaderId:16749e43-558c-4c39-b613-b952dab248c9, CreationTimestamp2020-12-20T13:58:11.147Z] moved to OPEN state
2020-12-20 13:58:14,153 [EventQueue-OpenPipelineForHealthyPipelineSafeModeRule] INFO  safemode.SCMSafeModeManager (HealthyPipelineSafeModeRule.java:process(128)) - SCM in safe mode. Healthy pipelines reported count is 0, required healthy pipeline reported count is 1
2020-12-20 13:58:14,154 [pool-301-thread-1] INFO  ratis.ContainerStateMachine (ContainerStateMachine.java:loadSnapshot(225)) - group-395FEDB8C4F3: The snapshot info is null. Setting the last applied indexto:(t:0, i:~)
2020-12-20 13:58:14,155 [pool-301-thread-1] INFO  server.RaftServerConfigKeys (ConfUtils.java:logGet(44)) - raft.server.notification.no-leader.timeout = 300s (custom)
2020-12-20 13:58:14,155 [pool-301-thread-1] INFO  server.RaftServerConfigKeys (ConfUtils.java:logGet(44)) - raft.server.log.use.memory = false (default)
2020-12-20 13:58:14,156 [pool-301-thread-1] INFO  server.RaftServerConfigKeys (ConfUtils.java:logGet(44)) - raft.server.log.purge.gap = 1000000 (custom)
2020-12-20 13:58:14,156 [pool-301-thread-1] INFO  metrics.RatisMetrics (RatisMetrics.java:lambda$create$0(36)) - Creating Metrics Registry : ratis.log_worker.16749e43-558c-4c39-b613-b952dab248c9@group-395FEDB8C4F3
2020-12-20 13:58:14,157 [pool-301-thread-1] INFO  server.RaftServerConfigKeys (ConfUtils.java:logGet(44)) - raft.server.log.appender.buffer.byte-limit = 33554432 (custom)
2020-12-20 13:58:14,157 [pool-301-thread-1] INFO  server.RaftServerConfigKeys (ConfUtils.java:logGet(44)) - raft.server.log.segment.size.max = 1048576 (custom)
2020-12-20 13:58:14,158 [pool-301-thread-1] INFO  server.RaftServerConfigKeys (ConfUtils.java:logGet(44)) - raft.server.log.segment.cache.num.max = 2 (custom)
2020-12-20 13:58:14,158 [pool-301-thread-1] INFO  segmented.SegmentedRaftLogWorker (SegmentedRaftLogWorker.java:<init>(180)) - new 16749e43-558c-4c39-b613-b952dab248c9@group-395FEDB8C4F3-SegmentedRaftLogWorker for RaftStorage:Storage Directory /github/workspace/mnt/ozone/hadoop-ozone/integration-test/target/test-dir/MiniOzoneClusterImpl-3ca51f30-c846-4083-9b7f-c1ea6aa91ff4/datanode-4/data/ratis/39596fbb-d40f-436c-9c98-395fedb8c4f3
2020-12-20 13:58:14,158 [pool-301-thread-1] INFO  server.RaftServerConfigKeys (ConfUtils.java:logGet(44)) - raft.server.log.queue.byte-limit = 2147483647 (custom)
2020-12-20 13:58:14,159 [pool-301-thread-1] INFO  server.RaftServerConfigKeys (ConfUtils.java:logGet(44)) - raft.server.log.queue.element-limit = 1024 (custom)
2020-12-20 13:58:14,160 [pool-301-thread-1] INFO  server.RaftServerConfigKeys (ConfUtils.java:logGet(44)) - raft.server.log.segment.size.max = 1048576 (custom)
2020-12-20 13:58:14,160 [pool-301-thread-1] INFO  server.RaftServerConfigKeys (ConfUtils.java:logGet(44)) - raft.server.log.preallocated.size = 16384 (custom)
2020-12-20 13:58:14,160 [pool-301-thread-1] INFO  server.RaftServerConfigKeys (ConfUtils.java:logGet(44)) - raft.server.log.write.buffer.size = 1048576 (custom)
2020-12-20 13:58:14,160 [pool-301-thread-1] INFO  server.RaftServerConfigKeys (ConfUtils.java:logGet(44)) - raft.server.log.force.sync.num = 128 (default)
2020-12-20 13:58:14,160 [pool-301-thread-1] INFO  server.RaftServerConfigKeys (ConfUtils.java:logGet(44)) - raft.server.log.statemachine.data.sync = true (default)
2020-12-20 13:58:14,160 [pool-301-thread-1] INFO  server.RaftServerConfigKeys (ConfUtils.java:logGet(44)) - raft.server.log.statemachine.data.sync.timeout = 10s (default)
2020-12-20 13:58:14,161 [pool-301-thread-1] INFO  server.RaftServerConfigKeys (ConfUtils.java:logGet(44)) - raft.server.log.statemachine.data.sync.timeout.retry = -1 (default)
2020-12-20 13:58:14,162 [pool-301-thread-1] INFO  server.RaftServerConfigKeys (ConfUtils.java:logGet(44)) - raft.server.log.statemachine.data.caching.enabled = true (custom)
2020-12-20 13:58:14,163 [pool-301-thread-1] INFO  segmented.SegmentedRaftLogWorker (SegmentedRaftLogWorker.java:lambda$new$0(129)) - 16749e43-558c-4c39-b613-b952dab248c9@group-395FEDB8C4F3-SegmentedRaftLogWorker: flushIndex: setUnconditionally 0 -> -1
2020-12-20 13:58:14,164 [pool-301-thread-1] INFO  segmented.SegmentedRaftLogWorker (SegmentedRaftLogWorker.java:lambda$new$0(129)) - 16749e43-558c-4c39-b613-b952dab248c9@group-395FEDB8C4F3-SegmentedRaftLogWorker: safeCacheEvictIndex: setUnconditionally 0 -> -1
2020-12-20 13:58:14,164 [pool-301-thread-1] INFO  server.RaftServerConfigKeys (ConfUtils.java:logGet(44)) - raft.server.snapshot.auto.trigger.enabled = true (custom)
2020-12-20 13:58:14,164 [pool-301-thread-1] INFO  server.RaftServerConfigKeys (ConfUtils.java:logGet(44)) - raft.server.snapshot.auto.trigger.threshold = 10000 (custom)
2020-12-20 13:58:14,164 [pool-301-thread-1] INFO  server.RaftServerConfigKeys (ConfUtils.java:logGet(44)) - raft.server.snapshot.retention.file.num = 5 (custom)
2020-12-20 13:58:14,164 [pool-301-thread-1] INFO  server.RaftServerConfigKeys (ConfUtils.java:logGet(44)) - raft.server.log.purge.upto.snapshot.index = false (default)
2020-12-20 13:58:14,164 [pool-301-thread-1] INFO  server.RaftServerConfigKeys (ConfUtils.java:logGet(44)) - raft.server.retrycache.expirytime = 600000ms (custom)
2020-12-20 13:58:14,164 [pool-301-thread-1] INFO  metrics.RatisMetrics (RatisMetrics.java:lambda$create$0(36)) - Creating Metrics Registry : ratis.leader_election.16749e43-558c-4c39-b613-b952dab248c9@group-395FEDB8C4F3
2020-12-20 13:58:14,165 [pool-301-thread-1] INFO  metrics.RatisMetrics (RatisMetrics.java:lambda$create$0(36)) - Creating Metrics Registry : ratis.server.16749e43-558c-4c39-b613-b952dab248c9@group-395FEDB8C4F3
2020-12-20 13:58:14,166 [pool-301-thread-1] INFO  impl.RaftServerImpl (RaftServerImpl.java:start(215)) - 16749e43-558c-4c39-b613-b952dab248c9@group-395FEDB8C4F3: start as a follower, conf=-1: [16749e43-558c-4c39-b613-b952dab248c9|rpc:172.17.0.2:40209], old=null
2020-12-20 13:58:14,166 [pool-301-thread-1] INFO  impl.RaftServerImpl (RaftServerImpl.java:setRole(204)) - 16749e43-558c-4c39-b613-b952dab248c9@group-395FEDB8C4F3: changes role from      null to FOLLOWER at term 0 for startAsFollower
2020-12-20 13:58:14,166 [pool-301-thread-1] INFO  impl.RoleInfo (RoleInfo.java:updateAndGet(143)) - 16749e43-558c-4c39-b613-b952dab248c9: start 16749e43-558c-4c39-b613-b952dab248c9@group-395FEDB8C4F3-FollowerState
2020-12-20 13:58:14,167 [pool-301-thread-1] INFO  util.JmxRegister (JmxRegister.java:tryRegister(44)) - Successfully registered JMX Bean with object name Ratis:service=RaftServer,group=group-395FEDB8C4F3,id=16749e43-558c-4c39-b613-b952dab248c9
2020-12-20 13:58:14,167 [pool-301-thread-1] INFO  metrics.RatisMetrics (RatisMetrics.java:lambda$create$0(36)) - Creating Metrics Registry : ratis.state_machine.16749e43-558c-4c39-b613-b952dab248c9@group-395FEDB8C4F3
2020-12-20 13:58:14,168 [Command processor thread] INFO  commandhandler.CreatePipelineCommandHandler (CreatePipelineCommandHandler.java:handle(106)) - Created Pipeline RATIS ONE PipelineID=39596fbb-d40f-436c-9c98-395fedb8c4f3.
2020-12-20 13:58:14,485 [Listener at 127.0.0.1/38459] INFO  ozone.MiniOzoneClusterImpl (MiniOzoneClusterImpl.java:lambda$waitForClusterToBeReady$0(178)) - Nodes are ready. Got 6 of 6 DN Heartbeats.
2020-12-20 13:58:14,485 [Listener at 127.0.0.1/38459] INFO  ozone.MiniOzoneClusterImpl (MiniOzoneClusterImpl.java:lambda$waitForClusterToBeReady$0(181)) - Waiting for cluster to exit safe mode
2020-12-20 13:58:14,487 [Command processor thread] INFO  impl.RaftServerProxy (RaftServerProxy.java:addNew(93)) - 5f27e08b-2f6c-4b1d-b018-474ca25c25d0: addNew group-DAEE74F759D9:[5f27e08b-2f6c-4b1d-b018-474ca25c25d0|rpc:172.17.0.2:46353] returns group-DAEE74F759D9:java.util.concurrent.CompletableFuture@24139a41[Not completed]
2020-12-20 13:58:14,488 [pool-317-thread-1] INFO  impl.RaftServerImpl (RaftServerImpl.java:<init>(121)) - 5f27e08b-2f6c-4b1d-b018-474ca25c25d0: new RaftServerImpl for group-DAEE74F759D9:[5f27e08b-2f6c-4b1d-b018-474ca25c25d0|rpc:172.17.0.2:46353] with ContainerStateMachine:uninitialized
2020-12-20 13:58:14,488 [pool-317-thread-1] INFO  server.RaftServerConfigKeys (ConfUtils.java:logGet(44)) - raft.server.rpc.timeout.min = 5s (custom)
2020-12-20 13:58:14,488 [pool-317-thread-1] INFO  server.RaftServerConfigKeys (ConfUtils.java:logGet(44)) - raft.server.rpc.timeout.max = 5200ms (custom)
2020-12-20 13:58:14,488 [pool-317-thread-1] INFO  server.RaftServerConfigKeys (ConfUtils.java:logGet(44)) - raft.server.rpc.slowness.timeout = 300s (custom)
2020-12-20 13:58:14,488 [pool-317-thread-1] INFO  server.RaftServerConfigKeys (ConfUtils.java:logGet(44)) - raft.server.leaderelection.leader.step-down.wait-time = 10s (default)
2020-12-20 13:58:14,488 [pool-317-thread-1] INFO  server.RaftServerConfigKeys (ConfUtils.java:logGet(44)) - raft.server.sleep.deviation.threshold = 300 (default)
2020-12-20 13:58:14,488 [pool-317-thread-1] INFO  server.RaftServerConfigKeys (ConfUtils.java:logGet(44)) - raft.server.log.appender.install.snapshot.enabled = false (custom)
2020-12-20 13:58:14,488 [pool-317-thread-1] INFO  impl.RaftServerImpl (ServerState.java:<init>(104)) - 5f27e08b-2f6c-4b1d-b018-474ca25c25d0@group-DAEE74F759D9: ConfigurationManager, init=-1: [5f27e08b-2f6c-4b1d-b018-474ca25c25d0|rpc:172.17.0.2:46353], old=null, confs=<EMPTY_MAP>
2020-12-20 13:58:14,488 [pool-317-thread-1] INFO  server.RaftServerConfigKeys (ConfUtils.java:logGet(44)) - raft.server.storage.dir = [/github/workspace/mnt/ozone/hadoop-ozone/integration-test/target/test-dir/MiniOzoneClusterImpl-3ca51f30-c846-4083-9b7f-c1ea6aa91ff4/datanode-5/data/ratis] (custom)
2020-12-20 13:58:14,488 [pool-317-thread-1] INFO  server.RaftServerConfigKeys (ConfUtils.java:logGet(44)) - raft.server.log.corruption.policy = EXCEPTION (default)
2020-12-20 13:58:14,489 [pool-317-thread-1] INFO  storage.RaftStorageDirectory (RaftStorageDirectory.java:analyzeStorage(261)) - The storage directory /github/workspace/mnt/ozone/hadoop-ozone/integration-test/target/test-dir/MiniOzoneClusterImpl-3ca51f30-c846-4083-9b7f-c1ea6aa91ff4/datanode-5/data/ratis/9473f8d7-9315-4a94-9b6f-daee74f759d9 does not exist. Creating ...
2020-12-20 13:58:14,490 [EventQueue-PipelineReportForOneReplicaPipelineSafeModeRule] INFO  safemode.SCMSafeModeManager (SCMSafeModeManager.java:validateSafeModeExitRules(214)) - AtleastOneDatanodeReportedRule rule is successfully validated
2020-12-20 13:58:14,490 [EventQueue-OpenPipelineForHealthyPipelineSafeModeRule] INFO  safemode.SCMSafeModeManager (HealthyPipelineSafeModeRule.java:process(128)) - SCM in safe mode. Healthy pipelines reported count is 0, required healthy pipeline reported count is 1
2020-12-20 13:58:14,491 [pool-317-thread-1] INFO  storage.RaftStorageDirectory (RaftStorageDirectory.java:tryLock(343)) - Lock on /github/workspace/mnt/ozone/hadoop-ozone/integration-test/target/test-dir/MiniOzoneClusterImpl-3ca51f30-c846-4083-9b7f-c1ea6aa91ff4/datanode-5/data/ratis/9473f8d7-9315-4a94-9b6f-daee74f759d9/in_use.lock acquired by nodename 14967@fc04eb3d93c3
2020-12-20 13:58:14,492 [pool-317-thread-1] INFO  storage.RaftStorage (RaftStorage.java:format(85)) - Storage directory /github/workspace/mnt/ozone/hadoop-ozone/integration-test/target/test-dir/MiniOzoneClusterImpl-3ca51f30-c846-4083-9b7f-c1ea6aa91ff4/datanode-5/data/ratis/9473f8d7-9315-4a94-9b6f-daee74f759d9 has been successfully formatted.
2020-12-20 13:58:14,493 [pool-317-thread-1] INFO  ratis.ContainerStateMachine (ContainerStateMachine.java:loadSnapshot(225)) - group-DAEE74F759D9: The snapshot info is null. Setting the last applied indexto:(t:0, i:~)
2020-12-20 13:58:14,493 [EventQueue-PipelineReportForOneReplicaPipelineSafeModeRule] INFO  safemode.SCMSafeModeManager (SCMSafeModeManager.java:validateSafeModeExitRules(214)) - AtleastOneDatanodeReportedRule rule is successfully validated
2020-12-20 13:58:14,493 [EventQueue-PipelineReportForPipelineReportHandler] INFO  pipeline.PipelineStateManager (PipelineStateManager.java:openPipeline(132)) - Pipeline Pipeline[ Id: 9473f8d7-9315-4a94-9b6f-daee74f759d9, Nodes: 5f27e08b-2f6c-4b1d-b018-474ca25c25d0{ip: 172.17.0.2, host: fc04eb3d93c3, networkLocation: /default-rack, certSerialId: null, persistedOpState: IN_SERVICE, persistedOpStateExpiryEpochSec: 0}, Type:RATIS, Factor:ONE, State:ALLOCATED, leaderId:5f27e08b-2f6c-4b1d-b018-474ca25c25d0, CreationTimestamp2020-12-20T13:58:11.487Z] moved to OPEN state
2020-12-20 13:58:14,494 [EventQueue-OpenPipelineForHealthyPipelineSafeModeRule] INFO  safemode.SCMSafeModeManager (HealthyPipelineSafeModeRule.java:process(128)) - SCM in safe mode. Healthy pipelines reported count is 0, required healthy pipeline reported count is 1
2020-12-20 13:58:14,494 [pool-317-thread-1] INFO  server.RaftServerConfigKeys (ConfUtils.java:logGet(44)) - raft.server.notification.no-leader.timeout = 300s (custom)
2020-12-20 13:58:14,496 [pool-317-thread-1] INFO  server.RaftServerConfigKeys (ConfUtils.java:logGet(44)) - raft.server.log.use.memory = false (default)
2020-12-20 13:58:14,496 [pool-317-thread-1] INFO  server.RaftServerConfigKeys (ConfUtils.java:logGet(44)) - raft.server.log.purge.gap = 1000000 (custom)
2020-12-20 13:58:14,497 [pool-317-thread-1] INFO  metrics.RatisMetrics (RatisMetrics.java:lambda$create$0(36)) - Creating Metrics Registry : ratis.log_worker.5f27e08b-2f6c-4b1d-b018-474ca25c25d0@group-DAEE74F759D9
2020-12-20 13:58:14,497 [pool-317-thread-1] INFO  server.RaftServerConfigKeys (ConfUtils.java:logGet(44)) - raft.server.log.appender.buffer.byte-limit = 33554432 (custom)
2020-12-20 13:58:14,497 [pool-317-thread-1] INFO  server.RaftServerConfigKeys (ConfUtils.java:logGet(44)) - raft.server.log.segment.size.max = 1048576 (custom)
2020-12-20 13:58:14,498 [pool-317-thread-1] INFO  server.RaftServerConfigKeys (ConfUtils.java:logGet(44)) - raft.server.log.segment.cache.num.max = 2 (custom)
2020-12-20 13:58:14,498 [pool-317-thread-1] INFO  segmented.SegmentedRaftLogWorker (SegmentedRaftLogWorker.java:<init>(180)) - new 5f27e08b-2f6c-4b1d-b018-474ca25c25d0@group-DAEE74F759D9-SegmentedRaftLogWorker for RaftStorage:Storage Directory /github/workspace/mnt/ozone/hadoop-ozone/integration-test/target/test-dir/MiniOzoneClusterImpl-3ca51f30-c846-4083-9b7f-c1ea6aa91ff4/datanode-5/data/ratis/9473f8d7-9315-4a94-9b6f-daee74f759d9
2020-12-20 13:58:14,498 [pool-317-thread-1] INFO  server.RaftServerConfigKeys (ConfUtils.java:logGet(44)) - raft.server.log.queue.byte-limit = 2147483647 (custom)
2020-12-20 13:58:14,498 [pool-317-thread-1] INFO  server.RaftServerConfigKeys (ConfUtils.java:logGet(44)) - raft.server.log.queue.element-limit = 1024 (custom)
2020-12-20 13:58:14,498 [pool-317-thread-1] INFO  server.RaftServerConfigKeys (ConfUtils.java:logGet(44)) - raft.server.log.segment.size.max = 1048576 (custom)
2020-12-20 13:58:14,498 [pool-317-thread-1] INFO  server.RaftServerConfigKeys (ConfUtils.java:logGet(44)) - raft.server.log.preallocated.size = 16384 (custom)
2020-12-20 13:58:14,498 [pool-317-thread-1] INFO  server.RaftServerConfigKeys (ConfUtils.java:logGet(44)) - raft.server.log.write.buffer.size = 1048576 (custom)
2020-12-20 13:58:14,498 [pool-317-thread-1] INFO  server.RaftServerConfigKeys (ConfUtils.java:logGet(44)) - raft.server.log.force.sync.num = 128 (default)
2020-12-20 13:58:14,498 [pool-317-thread-1] INFO  server.RaftServerConfigKeys (ConfUtils.java:logGet(44)) - raft.server.log.statemachine.data.sync = true (default)
2020-12-20 13:58:14,498 [pool-317-thread-1] INFO  server.RaftServerConfigKeys (ConfUtils.java:logGet(44)) - raft.server.log.statemachine.data.sync.timeout = 10s (default)
2020-12-20 13:58:14,499 [pool-317-thread-1] INFO  server.RaftServerConfigKeys (ConfUtils.java:logGet(44)) - raft.server.log.statemachine.data.sync.timeout.retry = -1 (default)
2020-12-20 13:58:14,501 [pool-317-thread-1] INFO  server.RaftServerConfigKeys (ConfUtils.java:logGet(44)) - raft.server.log.statemachine.data.caching.enabled = true (custom)
2020-12-20 13:58:14,501 [pool-317-thread-1] INFO  segmented.SegmentedRaftLogWorker (SegmentedRaftLogWorker.java:lambda$new$0(129)) - 5f27e08b-2f6c-4b1d-b018-474ca25c25d0@group-DAEE74F759D9-SegmentedRaftLogWorker: flushIndex: setUnconditionally 0 -> -1
2020-12-20 13:58:14,501 [pool-317-thread-1] INFO  segmented.SegmentedRaftLogWorker (SegmentedRaftLogWorker.java:lambda$new$0(129)) - 5f27e08b-2f6c-4b1d-b018-474ca25c25d0@group-DAEE74F759D9-SegmentedRaftLogWorker: safeCacheEvictIndex: setUnconditionally 0 -> -1
2020-12-20 13:58:14,501 [pool-317-thread-1] INFO  server.RaftServerConfigKeys (ConfUtils.java:logGet(44)) - raft.server.snapshot.auto.trigger.enabled = true (custom)
2020-12-20 13:58:14,501 [pool-317-thread-1] INFO  server.RaftServerConfigKeys (ConfUtils.java:logGet(44)) - raft.server.snapshot.auto.trigger.threshold = 10000 (custom)
2020-12-20 13:58:14,501 [pool-317-thread-1] INFO  server.RaftServerConfigKeys (ConfUtils.java:logGet(44)) - raft.server.snapshot.retention.file.num = 5 (custom)
2020-12-20 13:58:14,501 [pool-317-thread-1] INFO  server.RaftServerConfigKeys (ConfUtils.java:logGet(44)) - raft.server.log.purge.upto.snapshot.index = false (default)
2020-12-20 13:58:14,502 [pool-317-thread-1] INFO  server.RaftServerConfigKeys (ConfUtils.java:logGet(44)) - raft.server.retrycache.expirytime = 600000ms (custom)
2020-12-20 13:58:14,502 [pool-317-thread-1] INFO  metrics.RatisMetrics (RatisMetrics.java:lambda$create$0(36)) - Creating Metrics Registry : ratis.leader_election.5f27e08b-2f6c-4b1d-b018-474ca25c25d0@group-DAEE74F759D9
2020-12-20 13:58:14,502 [pool-317-thread-1] INFO  metrics.RatisMetrics (RatisMetrics.java:lambda$create$0(36)) - Creating Metrics Registry : ratis.server.5f27e08b-2f6c-4b1d-b018-474ca25c25d0@group-DAEE74F759D9
2020-12-20 13:58:14,503 [pool-317-thread-1] INFO  impl.RaftServerImpl (RaftServerImpl.java:start(215)) - 5f27e08b-2f6c-4b1d-b018-474ca25c25d0@group-DAEE74F759D9: start as a follower, conf=-1: [5f27e08b-2f6c-4b1d-b018-474ca25c25d0|rpc:172.17.0.2:46353], old=null
2020-12-20 13:58:14,503 [pool-317-thread-1] INFO  impl.RaftServerImpl (RaftServerImpl.java:setRole(204)) - 5f27e08b-2f6c-4b1d-b018-474ca25c25d0@group-DAEE74F759D9: changes role from      null to FOLLOWER at term 0 for startAsFollower
2020-12-20 13:58:14,503 [pool-317-thread-1] INFO  impl.RoleInfo (RoleInfo.java:updateAndGet(143)) - 5f27e08b-2f6c-4b1d-b018-474ca25c25d0: start 5f27e08b-2f6c-4b1d-b018-474ca25c25d0@group-DAEE74F759D9-FollowerState
2020-12-20 13:58:14,504 [pool-317-thread-1] INFO  util.JmxRegister (JmxRegister.java:tryRegister(44)) - Successfully registered JMX Bean with object name Ratis:service=RaftServer,group=group-DAEE74F759D9,id=5f27e08b-2f6c-4b1d-b018-474ca25c25d0
2020-12-20 13:58:14,504 [pool-317-thread-1] INFO  metrics.RatisMetrics (RatisMetrics.java:lambda$create$0(36)) - Creating Metrics Registry : ratis.state_machine.5f27e08b-2f6c-4b1d-b018-474ca25c25d0@group-DAEE74F759D9
2020-12-20 13:58:14,505 [Command processor thread] INFO  commandhandler.CreatePipelineCommandHandler (CreatePipelineCommandHandler.java:handle(106)) - Created Pipeline RATIS ONE PipelineID=9473f8d7-9315-4a94-9b6f-daee74f759d9.
2020-12-20 13:58:14,816 [EventQueue-PipelineReportForOneReplicaPipelineSafeModeRule] INFO  safemode.SCMSafeModeManager (SCMSafeModeManager.java:validateSafeModeExitRules(214)) - AtleastOneDatanodeReportedRule rule is successfully validated
2020-12-20 13:58:14,817 [EventQueue-OpenPipelineForHealthyPipelineSafeModeRule] INFO  safemode.SCMSafeModeManager (HealthyPipelineSafeModeRule.java:process(128)) - SCM in safe mode. Healthy pipelines reported count is 0, required healthy pipeline reported count is 1
2020-12-20 13:58:14,835 [EventQueue-PipelineReportForOneReplicaPipelineSafeModeRule] INFO  safemode.SCMSafeModeManager (SCMSafeModeManager.java:validateSafeModeExitRules(214)) - AtleastOneDatanodeReportedRule rule is successfully validated
2020-12-20 13:58:14,835 [EventQueue-OpenPipelineForHealthyPipelineSafeModeRule] INFO  safemode.SCMSafeModeManager (HealthyPipelineSafeModeRule.java:process(128)) - SCM in safe mode. Healthy pipelines reported count is 0, required healthy pipeline reported count is 1
2020-12-20 13:58:15,147 [EventQueue-PipelineReportForOneReplicaPipelineSafeModeRule] INFO  safemode.SCMSafeModeManager (SCMSafeModeManager.java:validateSafeModeExitRules(214)) - AtleastOneDatanodeReportedRule rule is successfully validated
2020-12-20 13:58:15,148 [EventQueue-OpenPipelineForHealthyPipelineSafeModeRule] INFO  safemode.SCMSafeModeManager (HealthyPipelineSafeModeRule.java:process(128)) - SCM in safe mode. Healthy pipelines reported count is 0, required healthy pipeline reported count is 1
2020-12-20 13:58:15,153 [EventQueue-OpenPipelineForHealthyPipelineSafeModeRule] INFO  safemode.SCMSafeModeManager (HealthyPipelineSafeModeRule.java:process(128)) - SCM in safe mode. Healthy pipelines reported count is 0, required healthy pipeline reported count is 1
2020-12-20 13:58:15,153 [EventQueue-PipelineReportForOneReplicaPipelineSafeModeRule] INFO  safemode.SCMSafeModeManager (SCMSafeModeManager.java:validateSafeModeExitRules(214)) - AtleastOneDatanodeReportedRule rule is successfully validated
2020-12-20 13:58:15,485 [Listener at 127.0.0.1/38459] INFO  ozone.MiniOzoneClusterImpl (MiniOzoneClusterImpl.java:lambda$waitForClusterToBeReady$0(178)) - Nodes are ready. Got 6 of 6 DN Heartbeats.
2020-12-20 13:58:15,485 [Listener at 127.0.0.1/38459] INFO  ozone.MiniOzoneClusterImpl (MiniOzoneClusterImpl.java:lambda$waitForClusterToBeReady$0(181)) - Waiting for cluster to exit safe mode
2020-12-20 13:58:15,490 [EventQueue-PipelineReportForOneReplicaPipelineSafeModeRule] INFO  safemode.SCMSafeModeManager (SCMSafeModeManager.java:validateSafeModeExitRules(214)) - AtleastOneDatanodeReportedRule rule is successfully validated
2020-12-20 13:58:15,490 [EventQueue-OpenPipelineForHealthyPipelineSafeModeRule] INFO  safemode.SCMSafeModeManager (HealthyPipelineSafeModeRule.java:process(128)) - SCM in safe mode. Healthy pipelines reported count is 0, required healthy pipeline reported count is 1
2020-12-20 13:58:15,493 [EventQueue-OpenPipelineForHealthyPipelineSafeModeRule] INFO  safemode.SCMSafeModeManager (HealthyPipelineSafeModeRule.java:process(128)) - SCM in safe mode. Healthy pipelines reported count is 0, required healthy pipeline reported count is 1
2020-12-20 13:58:15,495 [EventQueue-PipelineReportForOneReplicaPipelineSafeModeRule] INFO  safemode.SCMSafeModeManager (SCMSafeModeManager.java:validateSafeModeExitRules(214)) - AtleastOneDatanodeReportedRule rule is successfully validated
2020-12-20 13:58:15,817 [EventQueue-OpenPipelineForHealthyPipelineSafeModeRule] INFO  safemode.SCMSafeModeManager (HealthyPipelineSafeModeRule.java:process(128)) - SCM in safe mode. Healthy pipelines reported count is 0, required healthy pipeline reported count is 1
2020-12-20 13:58:15,817 [EventQueue-PipelineReportForOneReplicaPipelineSafeModeRule] INFO  safemode.SCMSafeModeManager (SCMSafeModeManager.java:validateSafeModeExitRules(214)) - AtleastOneDatanodeReportedRule rule is successfully validated
2020-12-20 13:58:15,836 [EventQueue-PipelineReportForOneReplicaPipelineSafeModeRule] INFO  safemode.SCMSafeModeManager (SCMSafeModeManager.java:validateSafeModeExitRules(214)) - AtleastOneDatanodeReportedRule rule is successfully validated
2020-12-20 13:58:15,836 [EventQueue-OpenPipelineForHealthyPipelineSafeModeRule] INFO  safemode.SCMSafeModeManager (HealthyPipelineSafeModeRule.java:process(128)) - SCM in safe mode. Healthy pipelines reported count is 0, required healthy pipeline reported count is 1
2020-12-20 13:58:16,147 [EventQueue-OpenPipelineForHealthyPipelineSafeModeRule] INFO  safemode.SCMSafeModeManager (HealthyPipelineSafeModeRule.java:process(128)) - SCM in safe mode. Healthy pipelines reported count is 0, required healthy pipeline reported count is 1
2020-12-20 13:58:16,147 [EventQueue-PipelineReportForOneReplicaPipelineSafeModeRule] INFO  safemode.SCMSafeModeManager (SCMSafeModeManager.java:validateSafeModeExitRules(214)) - AtleastOneDatanodeReportedRule rule is successfully validated
2020-12-20 13:58:16,153 [EventQueue-OpenPipelineForHealthyPipelineSafeModeRule] INFO  safemode.SCMSafeModeManager (HealthyPipelineSafeModeRule.java:process(128)) - SCM in safe mode. Healthy pipelines reported count is 0, required healthy pipeline reported count is 1
2020-12-20 13:58:16,153 [EventQueue-PipelineReportForOneReplicaPipelineSafeModeRule] INFO  safemode.SCMSafeModeManager (SCMSafeModeManager.java:validateSafeModeExitRules(214)) - AtleastOneDatanodeReportedRule rule is successfully validated
2020-12-20 13:58:16,486 [Listener at 127.0.0.1/38459] INFO  ozone.MiniOzoneClusterImpl (MiniOzoneClusterImpl.java:lambda$waitForClusterToBeReady$0(178)) - Nodes are ready. Got 6 of 6 DN Heartbeats.
2020-12-20 13:58:16,486 [Listener at 127.0.0.1/38459] INFO  ozone.MiniOzoneClusterImpl (MiniOzoneClusterImpl.java:lambda$waitForClusterToBeReady$0(181)) - Waiting for cluster to exit safe mode
2020-12-20 13:58:16,490 [EventQueue-PipelineReportForOneReplicaPipelineSafeModeRule] INFO  safemode.SCMSafeModeManager (SCMSafeModeManager.java:validateSafeModeExitRules(214)) - AtleastOneDatanodeReportedRule rule is successfully validated
2020-12-20 13:58:16,490 [EventQueue-OpenPipelineForHealthyPipelineSafeModeRule] INFO  safemode.SCMSafeModeManager (HealthyPipelineSafeModeRule.java:process(128)) - SCM in safe mode. Healthy pipelines reported count is 0, required healthy pipeline reported count is 1
2020-12-20 13:58:16,493 [EventQueue-PipelineReportForOneReplicaPipelineSafeModeRule] INFO  safemode.SCMSafeModeManager (SCMSafeModeManager.java:validateSafeModeExitRules(214)) - AtleastOneDatanodeReportedRule rule is successfully validated
2020-12-20 13:58:16,493 [EventQueue-OpenPipelineForHealthyPipelineSafeModeRule] INFO  safemode.SCMSafeModeManager (HealthyPipelineSafeModeRule.java:process(128)) - SCM in safe mode. Healthy pipelines reported count is 0, required healthy pipeline reported count is 1
2020-12-20 13:58:16,817 [EventQueue-OpenPipelineForHealthyPipelineSafeModeRule] INFO  safemode.SCMSafeModeManager (HealthyPipelineSafeModeRule.java:process(128)) - SCM in safe mode. Healthy pipelines reported count is 0, required healthy pipeline reported count is 1
2020-12-20 13:58:16,817 [EventQueue-PipelineReportForOneReplicaPipelineSafeModeRule] INFO  safemode.SCMSafeModeManager (SCMSafeModeManager.java:validateSafeModeExitRules(214)) - AtleastOneDatanodeReportedRule rule is successfully validated
2020-12-20 13:58:16,836 [EventQueue-PipelineReportForOneReplicaPipelineSafeModeRule] INFO  safemode.SCMSafeModeManager (SCMSafeModeManager.java:validateSafeModeExitRules(214)) - AtleastOneDatanodeReportedRule rule is successfully validated
2020-12-20 13:58:16,836 [EventQueue-OpenPipelineForHealthyPipelineSafeModeRule] INFO  safemode.SCMSafeModeManager (HealthyPipelineSafeModeRule.java:process(128)) - SCM in safe mode. Healthy pipelines reported count is 0, required healthy pipeline reported count is 1
2020-12-20 13:58:17,147 [EventQueue-PipelineReportForOneReplicaPipelineSafeModeRule] INFO  safemode.SCMSafeModeManager (SCMSafeModeManager.java:validateSafeModeExitRules(214)) - AtleastOneDatanodeReportedRule rule is successfully validated
2020-12-20 13:58:17,148 [EventQueue-OpenPipelineForHealthyPipelineSafeModeRule] INFO  safemode.SCMSafeModeManager (HealthyPipelineSafeModeRule.java:process(128)) - SCM in safe mode. Healthy pipelines reported count is 0, required healthy pipeline reported count is 1
2020-12-20 13:58:17,153 [EventQueue-OpenPipelineForHealthyPipelineSafeModeRule] INFO  safemode.SCMSafeModeManager (HealthyPipelineSafeModeRule.java:process(128)) - SCM in safe mode. Healthy pipelines reported count is 0, required healthy pipeline reported count is 1
2020-12-20 13:58:17,153 [EventQueue-PipelineReportForOneReplicaPipelineSafeModeRule] INFO  safemode.SCMSafeModeManager (SCMSafeModeManager.java:validateSafeModeExitRules(214)) - AtleastOneDatanodeReportedRule rule is successfully validated
2020-12-20 13:58:17,486 [Listener at 127.0.0.1/38459] INFO  ozone.MiniOzoneClusterImpl (MiniOzoneClusterImpl.java:lambda$waitForClusterToBeReady$0(178)) - Nodes are ready. Got 6 of 6 DN Heartbeats.
2020-12-20 13:58:17,486 [Listener at 127.0.0.1/38459] INFO  ozone.MiniOzoneClusterImpl (MiniOzoneClusterImpl.java:lambda$waitForClusterToBeReady$0(181)) - Waiting for cluster to exit safe mode
2020-12-20 13:58:17,490 [EventQueue-PipelineReportForOneReplicaPipelineSafeModeRule] INFO  safemode.SCMSafeModeManager (SCMSafeModeManager.java:validateSafeModeExitRules(214)) - AtleastOneDatanodeReportedRule rule is successfully validated
2020-12-20 13:58:17,490 [EventQueue-OpenPipelineForHealthyPipelineSafeModeRule] INFO  safemode.SCMSafeModeManager (HealthyPipelineSafeModeRule.java:process(128)) - SCM in safe mode. Healthy pipelines reported count is 0, required healthy pipeline reported count is 1
2020-12-20 13:58:17,492 [EventQueue-OpenPipelineForHealthyPipelineSafeModeRule] INFO  safemode.SCMSafeModeManager (HealthyPipelineSafeModeRule.java:process(128)) - SCM in safe mode. Healthy pipelines reported count is 0, required healthy pipeline reported count is 1
2020-12-20 13:58:17,493 [EventQueue-PipelineReportForOneReplicaPipelineSafeModeRule] INFO  safemode.SCMSafeModeManager (SCMSafeModeManager.java:validateSafeModeExitRules(214)) - AtleastOneDatanodeReportedRule rule is successfully validated
2020-12-20 13:58:17,816 [EventQueue-PipelineReportForOneReplicaPipelineSafeModeRule] INFO  safemode.SCMSafeModeManager (SCMSafeModeManager.java:validateSafeModeExitRules(214)) - AtleastOneDatanodeReportedRule rule is successfully validated
2020-12-20 13:58:17,817 [EventQueue-OpenPipelineForHealthyPipelineSafeModeRule] INFO  safemode.SCMSafeModeManager (HealthyPipelineSafeModeRule.java:process(128)) - SCM in safe mode. Healthy pipelines reported count is 0, required healthy pipeline reported count is 1
2020-12-20 13:58:17,836 [EventQueue-PipelineReportForOneReplicaPipelineSafeModeRule] INFO  safemode.SCMSafeModeManager (SCMSafeModeManager.java:validateSafeModeExitRules(214)) - AtleastOneDatanodeReportedRule rule is successfully validated
2020-12-20 13:58:17,836 [EventQueue-OpenPipelineForHealthyPipelineSafeModeRule] INFO  safemode.SCMSafeModeManager (HealthyPipelineSafeModeRule.java:process(128)) - SCM in safe mode. Healthy pipelines reported count is 0, required healthy pipeline reported count is 1
2020-12-20 13:58:17,877 [Thread-831] INFO  impl.FollowerState (FollowerState.java:run(128)) - c38782e9-3388-40a2-a7d0-b364a85c289d@group-D36F1873C4E8-FollowerState: change to CANDIDATE, lastRpcTime:5021ms, electionTimeout:5015ms
2020-12-20 13:58:17,877 [Thread-831] INFO  impl.RoleInfo (RoleInfo.java:shutdownFollowerState(121)) - c38782e9-3388-40a2-a7d0-b364a85c289d: shutdown c38782e9-3388-40a2-a7d0-b364a85c289d@group-D36F1873C4E8-FollowerState
2020-12-20 13:58:17,877 [Thread-831] INFO  impl.RaftServerImpl (RaftServerImpl.java:setRole(204)) - c38782e9-3388-40a2-a7d0-b364a85c289d@group-D36F1873C4E8: changes role from  FOLLOWER to CANDIDATE at term 0 for changeToCandidate
2020-12-20 13:58:17,877 [Thread-831] INFO  impl.RoleInfo (RoleInfo.java:updateAndGet(143)) - c38782e9-3388-40a2-a7d0-b364a85c289d: start c38782e9-3388-40a2-a7d0-b364a85c289d@group-D36F1873C4E8-LeaderElection11
2020-12-20 13:58:17,882 [c38782e9-3388-40a2-a7d0-b364a85c289d@group-D36F1873C4E8-LeaderElection11] INFO  impl.LeaderElection (LeaderElection.java:askForVotes(215)) - c38782e9-3388-40a2-a7d0-b364a85c289d@group-D36F1873C4E8-LeaderElection11: begin an election at term 1 for -1: [bdeb8c9a-b6ce-4032-9abb-c56649ac7409|rpc:172.17.0.2:44525|dataStream:, c38782e9-3388-40a2-a7d0-b364a85c289d|rpc:172.17.0.2:33919|dataStream:, 9165b65f-6848-484a-9f71-e5cc340a0655|rpc:172.17.0.2:39473|dataStream:], old=null
2020-12-20 13:58:17,890 [grpc-default-executor-2] INFO  metrics.RatisMetrics (RatisMetrics.java:lambda$create$0(36)) - Creating Metrics Registry : ratis.server_message_metrics.bdeb8c9a-b6ce-4032-9abb-c56649ac7409
2020-12-20 13:58:17,898 [grpc-default-executor-2] INFO  impl.RaftServerImpl (RaftServerImpl.java:setRole(204)) - bdeb8c9a-b6ce-4032-9abb-c56649ac7409@group-D36F1873C4E8: changes role from  FOLLOWER to FOLLOWER at term 1 for recognizeCandidate:c38782e9-3388-40a2-a7d0-b364a85c289d
2020-12-20 13:58:17,898 [grpc-default-executor-2] INFO  impl.RoleInfo (RoleInfo.java:shutdownFollowerState(121)) - bdeb8c9a-b6ce-4032-9abb-c56649ac7409: shutdown bdeb8c9a-b6ce-4032-9abb-c56649ac7409@group-D36F1873C4E8-FollowerState
2020-12-20 13:58:17,898 [grpc-default-executor-2] INFO  impl.RoleInfo (RoleInfo.java:updateAndGet(143)) - bdeb8c9a-b6ce-4032-9abb-c56649ac7409: start bdeb8c9a-b6ce-4032-9abb-c56649ac7409@group-D36F1873C4E8-FollowerState
2020-12-20 13:58:17,898 [Thread-829] INFO  impl.FollowerState (FollowerState.java:run(137)) - bdeb8c9a-b6ce-4032-9abb-c56649ac7409@group-D36F1873C4E8-FollowerState was interrupted: {}
java.lang.InterruptedException: sleep interrupted
	at java.lang.Thread.sleep(Native Method)
	at org.apache.ratis.util.JavaUtils.sleep(JavaUtils.java:250)
	at org.apache.ratis.server.impl.FollowerState.run(FollowerState.java:116)
2020-12-20 13:58:17,898 [grpc-default-executor-2] INFO  impl.RaftServerImpl (RaftServerImpl.java:requestVote(963)) -  FOLLOWER bdeb8c9a-b6ce-4032-9abb-c56649ac7409@group-D36F1873C4E8:t1, leader=null, voted=null, raftlog=bdeb8c9a-b6ce-4032-9abb-c56649ac7409@group-D36F1873C4E8-SegmentedRaftLog:OPENED:c-1,f-1,i0, conf=-1: [bdeb8c9a-b6ce-4032-9abb-c56649ac7409|rpc:172.17.0.2:44525, c38782e9-3388-40a2-a7d0-b364a85c289d|rpc:172.17.0.2:33919, 9165b65f-6848-484a-9f71-e5cc340a0655|rpc:172.17.0.2:39473], old=null RUNNING priority:0 candidate:c38782e9-3388-40a2-a7d0-b364a85c289d|rpc:172.17.0.2:33919 candidatePriority:0 compare:0
2020-12-20 13:58:17,904 [c38782e9-3388-40a2-a7d0-b364a85c289d@group-D36F1873C4E8-LeaderElection11] INFO  impl.LeaderElection (LeaderElection.java:logAndReturn(65)) - c38782e9-3388-40a2-a7d0-b364a85c289d@group-D36F1873C4E8-LeaderElection11: Election PASSED; received 1 response(s) [c38782e9-3388-40a2-a7d0-b364a85c289d<-bdeb8c9a-b6ce-4032-9abb-c56649ac7409#0:OK-t1] and 0 exception(s); c38782e9-3388-40a2-a7d0-b364a85c289d@group-D36F1873C4E8:t1, leader=null, voted=c38782e9-3388-40a2-a7d0-b364a85c289d, raftlog=c38782e9-3388-40a2-a7d0-b364a85c289d@group-D36F1873C4E8-SegmentedRaftLog:OPENED:c-1,f-1,i0, conf=-1: [bdeb8c9a-b6ce-4032-9abb-c56649ac7409|rpc:172.17.0.2:44525|dataStream:, c38782e9-3388-40a2-a7d0-b364a85c289d|rpc:172.17.0.2:33919|dataStream:, 9165b65f-6848-484a-9f71-e5cc340a0655|rpc:172.17.0.2:39473|dataStream:], old=null
2020-12-20 13:58:17,904 [c38782e9-3388-40a2-a7d0-b364a85c289d@group-D36F1873C4E8-LeaderElection11] INFO  impl.RoleInfo (RoleInfo.java:shutdownLeaderElection(134)) - c38782e9-3388-40a2-a7d0-b364a85c289d: shutdown c38782e9-3388-40a2-a7d0-b364a85c289d@group-D36F1873C4E8-LeaderElection11
2020-12-20 13:58:17,904 [c38782e9-3388-40a2-a7d0-b364a85c289d@group-D36F1873C4E8-LeaderElection11] INFO  impl.RaftServerImpl (RaftServerImpl.java:setRole(204)) - c38782e9-3388-40a2-a7d0-b364a85c289d@group-D36F1873C4E8: changes role from CANDIDATE to LEADER at term 1 for changeToLeader
2020-12-20 13:58:17,904 [c38782e9-3388-40a2-a7d0-b364a85c289d@group-D36F1873C4E8-LeaderElection11] INFO  ratis.XceiverServerRatis (XceiverServerRatis.java:handleLeaderChangedNotification(854)) - Leader change notification received for group: group-D36F1873C4E8 with new leaderId: c38782e9-3388-40a2-a7d0-b364a85c289d
2020-12-20 13:58:17,904 [c38782e9-3388-40a2-a7d0-b364a85c289d@group-D36F1873C4E8-LeaderElection11] INFO  impl.RaftServerImpl (ServerState.java:setLeader(256)) - c38782e9-3388-40a2-a7d0-b364a85c289d@group-D36F1873C4E8: change Leader from null to c38782e9-3388-40a2-a7d0-b364a85c289d at term 1 for becomeLeader, leader elected after 5057ms
2020-12-20 13:58:17,904 [c38782e9-3388-40a2-a7d0-b364a85c289d@group-D36F1873C4E8-LeaderElection11] INFO  server.RaftServerConfigKeys (ConfUtils.java:logGet(44)) - raft.server.staging.catchup.gap = 1000 (default)
2020-12-20 13:58:17,905 [c38782e9-3388-40a2-a7d0-b364a85c289d@group-D36F1873C4E8-LeaderElection11] INFO  server.RaftServerConfigKeys (ConfUtils.java:logGet(44)) - raft.server.rpc.sleep.time = 25ms (default)
2020-12-20 13:58:17,905 [c38782e9-3388-40a2-a7d0-b364a85c289d@group-D36F1873C4E8-LeaderElection11] INFO  metrics.RatisMetrics (RatisMetrics.java:lambda$create$0(36)) - Creating Metrics Registry : ratis.log_appender.c38782e9-3388-40a2-a7d0-b364a85c289d@group-D36F1873C4E8
2020-12-20 13:58:17,905 [c38782e9-3388-40a2-a7d0-b364a85c289d@group-D36F1873C4E8-LeaderElection11] INFO  server.RaftServerConfigKeys (ConfUtils.java:logGet(44)) - raft.server.write.element-limit = 1024 (custom)
2020-12-20 13:58:17,905 [c38782e9-3388-40a2-a7d0-b364a85c289d@group-D36F1873C4E8-LeaderElection11] INFO  server.RaftServerConfigKeys (ConfUtils.java:logGet(44)) - raft.server.write.byte-limit = 1073741824 (custom)
2020-12-20 13:58:17,906 [c38782e9-3388-40a2-a7d0-b364a85c289d@group-D36F1873C4E8-LeaderElection11] INFO  server.RaftServerConfigKeys (ConfUtils.java:logGet(44)) - raft.server.watch.timeout = 180s (custom)
2020-12-20 13:58:17,906 [c38782e9-3388-40a2-a7d0-b364a85c289d@group-D36F1873C4E8-LeaderElection11] INFO  server.RaftServerConfigKeys (ConfUtils.java:logGet(44)) - raft.server.watch.timeout.denomination = 1s (default)
2020-12-20 13:58:17,906 [c38782e9-3388-40a2-a7d0-b364a85c289d@group-D36F1873C4E8-LeaderElection11] INFO  server.RaftServerConfigKeys (ConfUtils.java:logGet(44)) - raft.server.watch.element-limit = 65536 (default)
2020-12-20 13:58:17,906 [c38782e9-3388-40a2-a7d0-b364a85c289d@group-D36F1873C4E8-LeaderElection11] INFO  server.RaftServerConfigKeys (ConfUtils.java:logGet(44)) - raft.server.log.appender.snapshot.chunk.size.max = 16MB (=16777216) (default)
2020-12-20 13:58:17,906 [c38782e9-3388-40a2-a7d0-b364a85c289d@group-D36F1873C4E8-LeaderElection11] INFO  server.RaftServerConfigKeys (ConfUtils.java:logGet(44)) - raft.server.log.appender.buffer.byte-limit = 33554432 (custom)
2020-12-20 13:58:17,906 [c38782e9-3388-40a2-a7d0-b364a85c289d@group-D36F1873C4E8-LeaderElection11] INFO  server.RaftServerConfigKeys (ConfUtils.java:logGet(44)) - raft.server.log.appender.buffer.element-limit = 1 (custom)
2020-12-20 13:58:17,906 [c38782e9-3388-40a2-a7d0-b364a85c289d@group-D36F1873C4E8-LeaderElection11] INFO  grpc.GrpcConfigKeys (ConfUtils.java:logGet(44)) - raft.grpc.server.leader.outstanding.appends.max = 128 (default)
2020-12-20 13:58:17,906 [c38782e9-3388-40a2-a7d0-b364a85c289d@group-D36F1873C4E8-LeaderElection11] INFO  server.RaftServerConfigKeys (ConfUtils.java:logGet(44)) - raft.server.rpc.request.timeout = 60s (custom)
2020-12-20 13:58:17,906 [c38782e9-3388-40a2-a7d0-b364a85c289d@group-D36F1873C4E8-LeaderElection11] INFO  server.RaftServerConfigKeys (ConfUtils.java:logGet(44)) - raft.server.log.appender.install.snapshot.enabled = false (custom)
2020-12-20 13:58:17,906 [c38782e9-3388-40a2-a7d0-b364a85c289d@group-D36F1873C4E8-LeaderElection11] INFO  metrics.RatisMetrics (RatisMetrics.java:lambda$create$0(36)) - Creating Metrics Registry : ratis_grpc.log_appender.c38782e9-3388-40a2-a7d0-b364a85c289d@group-D36F1873C4E8
2020-12-20 13:58:17,908 [c38782e9-3388-40a2-a7d0-b364a85c289d@group-D36F1873C4E8-LeaderElection11] INFO  server.RaftServerConfigKeys (ConfUtils.java:logGet(44)) - raft.server.log.appender.snapshot.chunk.size.max = 16MB (=16777216) (default)
2020-12-20 13:58:17,908 [c38782e9-3388-40a2-a7d0-b364a85c289d@group-D36F1873C4E8-LeaderElection11] INFO  server.RaftServerConfigKeys (ConfUtils.java:logGet(44)) - raft.server.log.appender.buffer.byte-limit = 33554432 (custom)
2020-12-20 13:58:17,908 [c38782e9-3388-40a2-a7d0-b364a85c289d@group-D36F1873C4E8-LeaderElection11] INFO  server.RaftServerConfigKeys (ConfUtils.java:logGet(44)) - raft.server.log.appender.buffer.element-limit = 1 (custom)
2020-12-20 13:58:17,908 [c38782e9-3388-40a2-a7d0-b364a85c289d@group-D36F1873C4E8-LeaderElection11] INFO  grpc.GrpcConfigKeys (ConfUtils.java:logGet(44)) - raft.grpc.server.leader.outstanding.appends.max = 128 (default)
2020-12-20 13:58:17,908 [c38782e9-3388-40a2-a7d0-b364a85c289d@group-D36F1873C4E8-LeaderElection11] INFO  server.RaftServerConfigKeys (ConfUtils.java:logGet(44)) - raft.server.rpc.request.timeout = 60s (custom)
2020-12-20 13:58:17,908 [c38782e9-3388-40a2-a7d0-b364a85c289d@group-D36F1873C4E8-LeaderElection11] INFO  server.RaftServerConfigKeys (ConfUtils.java:logGet(44)) - raft.server.log.appender.install.snapshot.enabled = false (custom)
2020-12-20 13:58:17,909 [EventQueue-PipelineReportForPipelineReportHandler] INFO  pipeline.PipelineStateManager (PipelineStateManager.java:openPipeline(132)) - Pipeline Pipeline[ Id: 19f1c2c1-3ad3-4b75-8ed4-d36f1873c4e8, Nodes: c38782e9-3388-40a2-a7d0-b364a85c289d{ip: 172.17.0.2, host: fc04eb3d93c3, networkLocation: /default-rack, certSerialId: null, persistedOpState: IN_SERVICE, persistedOpStateExpiryEpochSec: 0}bdeb8c9a-b6ce-4032-9abb-c56649ac7409{ip: 172.17.0.2, host: fc04eb3d93c3, networkLocation: /default-rack, certSerialId: null, persistedOpState: IN_SERVICE, persistedOpStateExpiryEpochSec: 0}9165b65f-6848-484a-9f71-e5cc340a0655{ip: 172.17.0.2, host: fc04eb3d93c3, networkLocation: /default-rack, certSerialId: null, persistedOpState: IN_SERVICE, persistedOpStateExpiryEpochSec: 0}, Type:RATIS, Factor:THREE, State:ALLOCATED, leaderId:c38782e9-3388-40a2-a7d0-b364a85c289d, CreationTimestamp2020-12-20T13:58:10.481Z] moved to OPEN state
2020-12-20 13:58:17,918 [c38782e9-3388-40a2-a7d0-b364a85c289d@group-D36F1873C4E8-LeaderElection11] INFO  impl.RoleInfo (RoleInfo.java:updateAndGet(143)) - c38782e9-3388-40a2-a7d0-b364a85c289d: start c38782e9-3388-40a2-a7d0-b364a85c289d@group-D36F1873C4E8-LeaderState
2020-12-20 13:58:17,910 [EventQueue-PipelineReportForOneReplicaPipelineSafeModeRule] INFO  safemode.SCMSafeModeManager (SCMSafeModeManager.java:validateSafeModeExitRules(214)) - AtleastOneDatanodeReportedRule rule is successfully validated
2020-12-20 13:58:17,909 [EventQueue-OpenPipelineForHealthyPipelineSafeModeRule] INFO  safemode.SCMSafeModeManager (HealthyPipelineSafeModeRule.java:process(128)) - SCM in safe mode. Healthy pipelines reported count is 0, required healthy pipeline reported count is 1
2020-12-20 13:58:17,920 [EventQueue-OpenPipelineForHealthyPipelineSafeModeRule] INFO  safemode.SCMSafeModeManager (HealthyPipelineSafeModeRule.java:process(128)) - SCM in safe mode. Healthy pipelines reported count is 1, required healthy pipeline reported count is 1
2020-12-20 13:58:17,920 [EventQueue-OpenPipelineForHealthyPipelineSafeModeRule] INFO  safemode.SCMSafeModeManager (SCMSafeModeManager.java:validateSafeModeExitRules(214)) - HealthyPipelineSafeModeRule rule is successfully validated
2020-12-20 13:58:17,920 [EventQueue-OpenPipelineForHealthyPipelineSafeModeRule] INFO  safemode.SCMSafeModeManager (SCMSafeModeManager.java:validateSafeModeExitRules(228)) - ScmSafeModeManager, all rules are successfully validated
2020-12-20 13:58:17,920 [EventQueue-OpenPipelineForHealthyPipelineSafeModeRule] INFO  safemode.SCMSafeModeManager (SCMSafeModeManager.java:exitSafeMode(257)) - SCM exiting safe mode.
2020-12-20 13:58:17,920 [grpc-default-executor-2] INFO  impl.RaftServerImpl (RaftServerImpl.java:setRole(204)) - 9165b65f-6848-484a-9f71-e5cc340a0655@group-D36F1873C4E8: changes role from  FOLLOWER to FOLLOWER at term 1 for recognizeCandidate:c38782e9-3388-40a2-a7d0-b364a85c289d
2020-12-20 13:58:17,920 [grpc-default-executor-2] INFO  impl.RoleInfo (RoleInfo.java:shutdownFollowerState(121)) - 9165b65f-6848-484a-9f71-e5cc340a0655: shutdown 9165b65f-6848-484a-9f71-e5cc340a0655@group-D36F1873C4E8-FollowerState
2020-12-20 13:58:17,919 [c38782e9-3388-40a2-a7d0-b364a85c289d@group-D36F1873C4E8-LeaderElection11] INFO  segmented.SegmentedRaftLogWorker (SegmentedRaftLogWorker.java:startLogSegment(398)) - c38782e9-3388-40a2-a7d0-b364a85c289d@group-D36F1873C4E8-SegmentedRaftLogWorker: Starting segment from index:0
2020-12-20 13:58:17,920 [Thread-827] INFO  impl.FollowerState (FollowerState.java:run(128)) - bdeb8c9a-b6ce-4032-9abb-c56649ac7409@group-ABDE5A73F2DC-FollowerState: change to CANDIDATE, lastRpcTime:5117ms, electionTimeout:5116ms
2020-12-20 13:58:17,920 [Thread-827] INFO  impl.RoleInfo (RoleInfo.java:shutdownFollowerState(121)) - bdeb8c9a-b6ce-4032-9abb-c56649ac7409: shutdown bdeb8c9a-b6ce-4032-9abb-c56649ac7409@group-ABDE5A73F2DC-FollowerState
2020-12-20 13:58:17,921 [Thread-827] INFO  impl.RaftServerImpl (RaftServerImpl.java:setRole(204)) - bdeb8c9a-b6ce-4032-9abb-c56649ac7409@group-ABDE5A73F2DC: changes role from  FOLLOWER to CANDIDATE at term 0 for changeToCandidate
2020-12-20 13:58:17,921 [Thread-827] INFO  impl.RoleInfo (RoleInfo.java:updateAndGet(143)) - bdeb8c9a-b6ce-4032-9abb-c56649ac7409: start bdeb8c9a-b6ce-4032-9abb-c56649ac7409@group-ABDE5A73F2DC-LeaderElection12
2020-12-20 13:58:17,921 [grpc-default-executor-2] INFO  impl.RoleInfo (RoleInfo.java:updateAndGet(143)) - 9165b65f-6848-484a-9f71-e5cc340a0655: start 9165b65f-6848-484a-9f71-e5cc340a0655@group-D36F1873C4E8-FollowerState
2020-12-20 13:58:17,922 [Thread-834] INFO  impl.FollowerState (FollowerState.java:run(137)) - 9165b65f-6848-484a-9f71-e5cc340a0655@group-D36F1873C4E8-FollowerState was interrupted: {}
java.lang.InterruptedException: sleep interrupted
	at java.lang.Thread.sleep(Native Method)
	at org.apache.ratis.util.JavaUtils.sleep(JavaUtils.java:250)
	at org.apache.ratis.server.impl.FollowerState.run(FollowerState.java:116)
2020-12-20 13:58:17,923 [c38782e9-3388-40a2-a7d0-b364a85c289d@group-D36F1873C4E8-SegmentedRaftLogWorker] INFO  segmented.SegmentedRaftLogWorker (SegmentedRaftLogWorker.java:execute(597)) - c38782e9-3388-40a2-a7d0-b364a85c289d@group-D36F1873C4E8-SegmentedRaftLogWorker: created new log segment /github/workspace/mnt/ozone/hadoop-ozone/integration-test/target/test-dir/MiniOzoneClusterImpl-3ca51f30-c846-4083-9b7f-c1ea6aa91ff4/datanode-1/data/ratis/19f1c2c1-3ad3-4b75-8ed4-d36f1873c4e8/current/log_inprogress_0
2020-12-20 13:58:17,923 [grpc-default-executor-2] INFO  impl.RaftServerImpl (RaftServerImpl.java:requestVote(963)) -  FOLLOWER 9165b65f-6848-484a-9f71-e5cc340a0655@group-D36F1873C4E8:t1, leader=null, voted=null, raftlog=9165b65f-6848-484a-9f71-e5cc340a0655@group-D36F1873C4E8-SegmentedRaftLog:OPENED:c-1,f-1,i0, conf=-1: [bdeb8c9a-b6ce-4032-9abb-c56649ac7409|rpc:172.17.0.2:44525|dataStream:, c38782e9-3388-40a2-a7d0-b364a85c289d|rpc:172.17.0.2:33919|dataStream:, 9165b65f-6848-484a-9f71-e5cc340a0655|rpc:172.17.0.2:39473|dataStream:], old=null RUNNING priority:0 candidate:c38782e9-3388-40a2-a7d0-b364a85c289d|rpc:172.17.0.2:33919|dataStream: candidatePriority:0 compare:0
2020-12-20 13:58:17,923 [c38782e9-3388-40a2-a7d0-b364a85c289d@group-D36F1873C4E8-LeaderElection11] INFO  impl.RaftServerImpl (ServerState.java:setRaftConf(374)) - c38782e9-3388-40a2-a7d0-b364a85c289d@group-D36F1873C4E8: set configuration 0: [bdeb8c9a-b6ce-4032-9abb-c56649ac7409|rpc:172.17.0.2:44525|dataStream:, c38782e9-3388-40a2-a7d0-b364a85c289d|rpc:172.17.0.2:33919|dataStream:, 9165b65f-6848-484a-9f71-e5cc340a0655|rpc:172.17.0.2:39473|dataStream:], old=null at 0
2020-12-20 13:58:17,934 [bdeb8c9a-b6ce-4032-9abb-c56649ac7409@group-ABDE5A73F2DC-LeaderElection12] INFO  impl.LeaderElection (LeaderElection.java:askForVotes(215)) - bdeb8c9a-b6ce-4032-9abb-c56649ac7409@group-ABDE5A73F2DC-LeaderElection12: begin an election at term 1 for -1: [bdeb8c9a-b6ce-4032-9abb-c56649ac7409|rpc:172.17.0.2:44525], old=null
2020-12-20 13:58:17,935 [bdeb8c9a-b6ce-4032-9abb-c56649ac7409@group-ABDE5A73F2DC-LeaderElection12] INFO  impl.RoleInfo (RoleInfo.java:shutdownLeaderElection(134)) - bdeb8c9a-b6ce-4032-9abb-c56649ac7409: shutdown bdeb8c9a-b6ce-4032-9abb-c56649ac7409@group-ABDE5A73F2DC-LeaderElection12
2020-12-20 13:58:17,935 [bdeb8c9a-b6ce-4032-9abb-c56649ac7409@group-ABDE5A73F2DC-LeaderElection12] INFO  impl.RaftServerImpl (RaftServerImpl.java:setRole(204)) - bdeb8c9a-b6ce-4032-9abb-c56649ac7409@group-ABDE5A73F2DC: changes role from CANDIDATE to LEADER at term 1 for changeToLeader
2020-12-20 13:58:17,935 [grpc-default-executor-2] INFO  ratis.XceiverServerRatis (XceiverServerRatis.java:handleLeaderChangedNotification(854)) - Leader change notification received for group: group-D36F1873C4E8 with new leaderId: c38782e9-3388-40a2-a7d0-b364a85c289d
2020-12-20 13:58:17,936 [grpc-default-executor-2] INFO  impl.RaftServerImpl (ServerState.java:setLeader(256)) - bdeb8c9a-b6ce-4032-9abb-c56649ac7409@group-D36F1873C4E8: change Leader from null to c38782e9-3388-40a2-a7d0-b364a85c289d at term 1 for appendEntries, leader elected after 5123ms
2020-12-20 13:58:17,935 [bdeb8c9a-b6ce-4032-9abb-c56649ac7409@group-ABDE5A73F2DC-LeaderElection12] INFO  ratis.XceiverServerRatis (XceiverServerRatis.java:handleLeaderChangedNotification(854)) - Leader change notification received for group: group-ABDE5A73F2DC with new leaderId: bdeb8c9a-b6ce-4032-9abb-c56649ac7409
2020-12-20 13:58:17,941 [bdeb8c9a-b6ce-4032-9abb-c56649ac7409@group-ABDE5A73F2DC-LeaderElection12] INFO  impl.RaftServerImpl (ServerState.java:setLeader(256)) - bdeb8c9a-b6ce-4032-9abb-c56649ac7409@group-ABDE5A73F2DC: change Leader from null to bdeb8c9a-b6ce-4032-9abb-c56649ac7409 at term 1 for becomeLeader, leader elected after 5142ms
2020-12-20 13:58:17,941 [bdeb8c9a-b6ce-4032-9abb-c56649ac7409@group-ABDE5A73F2DC-LeaderElection12] INFO  server.RaftServerConfigKeys (ConfUtils.java:logGet(44)) - raft.server.staging.catchup.gap = 1000 (default)
2020-12-20 13:58:17,941 [bdeb8c9a-b6ce-4032-9abb-c56649ac7409@group-ABDE5A73F2DC-LeaderElection12] INFO  server.RaftServerConfigKeys (ConfUtils.java:logGet(44)) - raft.server.rpc.sleep.time = 25ms (default)
2020-12-20 13:58:17,941 [bdeb8c9a-b6ce-4032-9abb-c56649ac7409@group-ABDE5A73F2DC-LeaderElection12] INFO  metrics.RatisMetrics (RatisMetrics.java:lambda$create$0(36)) - Creating Metrics Registry : ratis.log_appender.bdeb8c9a-b6ce-4032-9abb-c56649ac7409@group-ABDE5A73F2DC
2020-12-20 13:58:17,941 [bdeb8c9a-b6ce-4032-9abb-c56649ac7409@group-ABDE5A73F2DC-LeaderElection12] INFO  server.RaftServerConfigKeys (ConfUtils.java:logGet(44)) - raft.server.write.element-limit = 1024 (custom)
2020-12-20 13:58:17,942 [bdeb8c9a-b6ce-4032-9abb-c56649ac7409@group-ABDE5A73F2DC-LeaderElection12] INFO  server.RaftServerConfigKeys (ConfUtils.java:logGet(44)) - raft.server.write.byte-limit = 1073741824 (custom)
2020-12-20 13:58:17,942 [bdeb8c9a-b6ce-4032-9abb-c56649ac7409@group-ABDE5A73F2DC-LeaderElection12] INFO  server.RaftServerConfigKeys (ConfUtils.java:logGet(44)) - raft.server.watch.timeout = 180s (custom)
2020-12-20 13:58:17,942 [bdeb8c9a-b6ce-4032-9abb-c56649ac7409@group-ABDE5A73F2DC-LeaderElection12] INFO  server.RaftServerConfigKeys (ConfUtils.java:logGet(44)) - raft.server.watch.timeout.denomination = 1s (default)
2020-12-20 13:58:17,942 [bdeb8c9a-b6ce-4032-9abb-c56649ac7409@group-ABDE5A73F2DC-LeaderElection12] INFO  server.RaftServerConfigKeys (ConfUtils.java:logGet(44)) - raft.server.watch.element-limit = 65536 (default)
2020-12-20 13:58:17,942 [bdeb8c9a-b6ce-4032-9abb-c56649ac7409@group-ABDE5A73F2DC-LeaderElection12] INFO  impl.RoleInfo (RoleInfo.java:updateAndGet(143)) - bdeb8c9a-b6ce-4032-9abb-c56649ac7409: start bdeb8c9a-b6ce-4032-9abb-c56649ac7409@group-ABDE5A73F2DC-LeaderState
2020-12-20 13:58:17,942 [bdeb8c9a-b6ce-4032-9abb-c56649ac7409@group-ABDE5A73F2DC-LeaderElection12] INFO  segmented.SegmentedRaftLogWorker (SegmentedRaftLogWorker.java:startLogSegment(398)) - bdeb8c9a-b6ce-4032-9abb-c56649ac7409@group-ABDE5A73F2DC-SegmentedRaftLogWorker: Starting segment from index:0
2020-12-20 13:58:17,944 [grpc-default-executor-2] INFO  impl.RaftServerImpl (ServerState.java:setRaftConf(374)) - bdeb8c9a-b6ce-4032-9abb-c56649ac7409@group-D36F1873C4E8: set configuration 0: [bdeb8c9a-b6ce-4032-9abb-c56649ac7409|rpc:172.17.0.2:44525|dataStream:, c38782e9-3388-40a2-a7d0-b364a85c289d|rpc:172.17.0.2:33919|dataStream:, 9165b65f-6848-484a-9f71-e5cc340a0655|rpc:172.17.0.2:39473|dataStream:], old=null at 0
2020-12-20 13:58:17,944 [bdeb8c9a-b6ce-4032-9abb-c56649ac7409@group-ABDE5A73F2DC-SegmentedRaftLogWorker] INFO  segmented.SegmentedRaftLogWorker (SegmentedRaftLogWorker.java:execute(597)) - bdeb8c9a-b6ce-4032-9abb-c56649ac7409@group-ABDE5A73F2DC-SegmentedRaftLogWorker: created new log segment /github/workspace/mnt/ozone/hadoop-ozone/integration-test/target/test-dir/MiniOzoneClusterImpl-3ca51f30-c846-4083-9b7f-c1ea6aa91ff4/datanode-0/data/ratis/31332280-a6c7-49b0-9627-abde5a73f2dc/current/log_inprogress_0
2020-12-20 13:58:17,945 [grpc-default-executor-2] INFO  segmented.SegmentedRaftLogWorker (SegmentedRaftLogWorker.java:startLogSegment(398)) - bdeb8c9a-b6ce-4032-9abb-c56649ac7409@group-D36F1873C4E8-SegmentedRaftLogWorker: Starting segment from index:0
2020-12-20 13:58:17,946 [bdeb8c9a-b6ce-4032-9abb-c56649ac7409@group-ABDE5A73F2DC-LeaderElection12] INFO  impl.RaftServerImpl (ServerState.java:setRaftConf(374)) - bdeb8c9a-b6ce-4032-9abb-c56649ac7409@group-ABDE5A73F2DC: set configuration 0: [bdeb8c9a-b6ce-4032-9abb-c56649ac7409|rpc:172.17.0.2:44525|dataStream:], old=null at 0
2020-12-20 13:58:17,947 [bdeb8c9a-b6ce-4032-9abb-c56649ac7409@group-D36F1873C4E8-SegmentedRaftLogWorker] INFO  segmented.SegmentedRaftLogWorker (SegmentedRaftLogWorker.java:execute(597)) - bdeb8c9a-b6ce-4032-9abb-c56649ac7409@group-D36F1873C4E8-SegmentedRaftLogWorker: created new log segment /github/workspace/mnt/ozone/hadoop-ozone/integration-test/target/test-dir/MiniOzoneClusterImpl-3ca51f30-c846-4083-9b7f-c1ea6aa91ff4/datanode-0/data/ratis/19f1c2c1-3ad3-4b75-8ed4-d36f1873c4e8/current/log_inprogress_0
2020-12-20 13:58:17,949 [grpc-default-executor-1] INFO  ratis.XceiverServerRatis (XceiverServerRatis.java:handleLeaderChangedNotification(854)) - Leader change notification received for group: group-D36F1873C4E8 with new leaderId: c38782e9-3388-40a2-a7d0-b364a85c289d
2020-12-20 13:58:17,950 [grpc-default-executor-1] INFO  impl.RaftServerImpl (ServerState.java:setLeader(256)) - 9165b65f-6848-484a-9f71-e5cc340a0655@group-D36F1873C4E8: change Leader from null to c38782e9-3388-40a2-a7d0-b364a85c289d at term 1 for appendEntries, leader elected after 5064ms
2020-12-20 13:58:17,957 [grpc-default-executor-1] INFO  impl.RaftServerImpl (ServerState.java:setRaftConf(374)) - 9165b65f-6848-484a-9f71-e5cc340a0655@group-D36F1873C4E8: set configuration 0: [bdeb8c9a-b6ce-4032-9abb-c56649ac7409|rpc:172.17.0.2:44525|dataStream:, c38782e9-3388-40a2-a7d0-b364a85c289d|rpc:172.17.0.2:33919|dataStream:, 9165b65f-6848-484a-9f71-e5cc340a0655|rpc:172.17.0.2:39473|dataStream:], old=null at 0
2020-12-20 13:58:17,958 [grpc-default-executor-1] INFO  segmented.SegmentedRaftLogWorker (SegmentedRaftLogWorker.java:startLogSegment(398)) - 9165b65f-6848-484a-9f71-e5cc340a0655@group-D36F1873C4E8-SegmentedRaftLogWorker: Starting segment from index:0
2020-12-20 13:58:17,959 [9165b65f-6848-484a-9f71-e5cc340a0655@group-D36F1873C4E8-SegmentedRaftLogWorker] INFO  segmented.SegmentedRaftLogWorker (SegmentedRaftLogWorker.java:execute(597)) - 9165b65f-6848-484a-9f71-e5cc340a0655@group-D36F1873C4E8-SegmentedRaftLogWorker: created new log segment /github/workspace/mnt/ozone/hadoop-ozone/integration-test/target/test-dir/MiniOzoneClusterImpl-3ca51f30-c846-4083-9b7f-c1ea6aa91ff4/datanode-2/data/ratis/19f1c2c1-3ad3-4b75-8ed4-d36f1873c4e8/current/log_inprogress_0
2020-12-20 13:58:18,278 [Thread-837] INFO  impl.FollowerState (FollowerState.java:run(128)) - c38782e9-3388-40a2-a7d0-b364a85c289d@group-C12A08025234-FollowerState: change to CANDIDATE, lastRpcTime:5123ms, electionTimeout:5117ms
2020-12-20 13:58:18,278 [Thread-837] INFO  impl.RoleInfo (RoleInfo.java:shutdownFollowerState(121)) - c38782e9-3388-40a2-a7d0-b364a85c289d: shutdown c38782e9-3388-40a2-a7d0-b364a85c289d@group-C12A08025234-FollowerState
2020-12-20 13:58:18,278 [Thread-837] INFO  impl.RaftServerImpl (RaftServerImpl.java:setRole(204)) - c38782e9-3388-40a2-a7d0-b364a85c289d@group-C12A08025234: changes role from  FOLLOWER to CANDIDATE at term 0 for changeToCandidate
2020-12-20 13:58:18,279 [Thread-837] INFO  impl.RoleInfo (RoleInfo.java:updateAndGet(143)) - c38782e9-3388-40a2-a7d0-b364a85c289d: start c38782e9-3388-40a2-a7d0-b364a85c289d@group-C12A08025234-LeaderElection13
2020-12-20 13:58:18,283 [c38782e9-3388-40a2-a7d0-b364a85c289d@group-C12A08025234-LeaderElection13] INFO  impl.LeaderElection (LeaderElection.java:askForVotes(215)) - c38782e9-3388-40a2-a7d0-b364a85c289d@group-C12A08025234-LeaderElection13: begin an election at term 1 for -1: [c38782e9-3388-40a2-a7d0-b364a85c289d|rpc:172.17.0.2:33919], old=null
2020-12-20 13:58:18,283 [c38782e9-3388-40a2-a7d0-b364a85c289d@group-C12A08025234-LeaderElection13] INFO  impl.RoleInfo (RoleInfo.java:shutdownLeaderElection(134)) - c38782e9-3388-40a2-a7d0-b364a85c289d: shutdown c38782e9-3388-40a2-a7d0-b364a85c289d@group-C12A08025234-LeaderElection13
2020-12-20 13:58:18,283 [c38782e9-3388-40a2-a7d0-b364a85c289d@group-C12A08025234-LeaderElection13] INFO  impl.RaftServerImpl (RaftServerImpl.java:setRole(204)) - c38782e9-3388-40a2-a7d0-b364a85c289d@group-C12A08025234: changes role from CANDIDATE to LEADER at term 1 for changeToLeader
2020-12-20 13:58:18,283 [c38782e9-3388-40a2-a7d0-b364a85c289d@group-C12A08025234-LeaderElection13] INFO  ratis.XceiverServerRatis (XceiverServerRatis.java:handleLeaderChangedNotification(854)) - Leader change notification received for group: group-C12A08025234 with new leaderId: c38782e9-3388-40a2-a7d0-b364a85c289d
2020-12-20 13:58:18,283 [c38782e9-3388-40a2-a7d0-b364a85c289d@group-C12A08025234-LeaderElection13] INFO  impl.RaftServerImpl (ServerState.java:setLeader(256)) - c38782e9-3388-40a2-a7d0-b364a85c289d@group-C12A08025234: change Leader from null to c38782e9-3388-40a2-a7d0-b364a85c289d at term 1 for becomeLeader, leader elected after 5138ms
2020-12-20 13:58:18,283 [c38782e9-3388-40a2-a7d0-b364a85c289d@group-C12A08025234-LeaderElection13] INFO  server.RaftServerConfigKeys (ConfUtils.java:logGet(44)) - raft.server.staging.catchup.gap = 1000 (default)
2020-12-20 13:58:18,284 [c38782e9-3388-40a2-a7d0-b364a85c289d@group-C12A08025234-LeaderElection13] INFO  server.RaftServerConfigKeys (ConfUtils.java:logGet(44)) - raft.server.rpc.sleep.time = 25ms (default)
2020-12-20 13:58:18,284 [c38782e9-3388-40a2-a7d0-b364a85c289d@group-C12A08025234-LeaderElection13] INFO  metrics.RatisMetrics (RatisMetrics.java:lambda$create$0(36)) - Creating Metrics Registry : ratis.log_appender.c38782e9-3388-40a2-a7d0-b364a85c289d@group-C12A08025234
2020-12-20 13:58:18,284 [c38782e9-3388-40a2-a7d0-b364a85c289d@group-C12A08025234-LeaderElection13] INFO  server.RaftServerConfigKeys (ConfUtils.java:logGet(44)) - raft.server.write.element-limit = 1024 (custom)
2020-12-20 13:58:18,285 [c38782e9-3388-40a2-a7d0-b364a85c289d@group-C12A08025234-LeaderElection13] INFO  server.RaftServerConfigKeys (ConfUtils.java:logGet(44)) - raft.server.write.byte-limit = 1073741824 (custom)
2020-12-20 13:58:18,285 [c38782e9-3388-40a2-a7d0-b364a85c289d@group-C12A08025234-LeaderElection13] INFO  server.RaftServerConfigKeys (ConfUtils.java:logGet(44)) - raft.server.watch.timeout = 180s (custom)
2020-12-20 13:58:18,285 [c38782e9-3388-40a2-a7d0-b364a85c289d@group-C12A08025234-LeaderElection13] INFO  server.RaftServerConfigKeys (ConfUtils.java:logGet(44)) - raft.server.watch.timeout.denomination = 1s (default)
2020-12-20 13:58:18,285 [c38782e9-3388-40a2-a7d0-b364a85c289d@group-C12A08025234-LeaderElection13] INFO  server.RaftServerConfigKeys (ConfUtils.java:logGet(44)) - raft.server.watch.element-limit = 65536 (default)
2020-12-20 13:58:18,285 [c38782e9-3388-40a2-a7d0-b364a85c289d@group-C12A08025234-LeaderElection13] INFO  impl.RoleInfo (RoleInfo.java:updateAndGet(143)) - c38782e9-3388-40a2-a7d0-b364a85c289d: start c38782e9-3388-40a2-a7d0-b364a85c289d@group-C12A08025234-LeaderState
2020-12-20 13:58:18,286 [c38782e9-3388-40a2-a7d0-b364a85c289d@group-C12A08025234-LeaderElection13] INFO  segmented.SegmentedRaftLogWorker (SegmentedRaftLogWorker.java:startLogSegment(398)) - c38782e9-3388-40a2-a7d0-b364a85c289d@group-C12A08025234-SegmentedRaftLogWorker: Starting segment from index:0
2020-12-20 13:58:18,287 [c38782e9-3388-40a2-a7d0-b364a85c289d@group-C12A08025234-SegmentedRaftLogWorker] INFO  segmented.SegmentedRaftLogWorker (SegmentedRaftLogWorker.java:execute(597)) - c38782e9-3388-40a2-a7d0-b364a85c289d@group-C12A08025234-SegmentedRaftLogWorker: created new log segment /github/workspace/mnt/ozone/hadoop-ozone/integration-test/target/test-dir/MiniOzoneClusterImpl-3ca51f30-c846-4083-9b7f-c1ea6aa91ff4/datanode-1/data/ratis/7b719ba8-9004-455b-8bb9-c12a08025234/current/log_inprogress_0
2020-12-20 13:58:18,291 [c38782e9-3388-40a2-a7d0-b364a85c289d@group-C12A08025234-LeaderElection13] INFO  impl.RaftServerImpl (ServerState.java:setRaftConf(374)) - c38782e9-3388-40a2-a7d0-b364a85c289d@group-C12A08025234: set configuration 0: [c38782e9-3388-40a2-a7d0-b364a85c289d|rpc:172.17.0.2:33919|dataStream:], old=null at 0
2020-12-20 13:58:18,487 [Listener at 127.0.0.1/38459] INFO  ozone.MiniOzoneClusterImpl (MiniOzoneClusterImpl.java:lambda$waitForClusterToBeReady$0(178)) - Nodes are ready. Got 6 of 6 DN Heartbeats.
2020-12-20 13:58:18,487 [Listener at 127.0.0.1/38459] INFO  ozone.MiniOzoneClusterImpl (MiniOzoneClusterImpl.java:lambda$waitForClusterToBeReady$0(181)) - Cluster exits safe mode
2020-12-20 13:58:18,572 [Listener at 127.0.0.1/38459] INFO  rpc.RpcClient (RpcClient.java:createVolume(273)) - Creating Volume: vol1, with user13980 as owner.
2020-12-20 13:58:18,574 [IPC Server handler 2 on default port 38459] INFO  volume.OMVolumeCreateRequest (OMVolumeCreateRequest.java:validateAndUpdateCache(196)) - created volume:vol1 for user:user13980
2020-12-20 13:58:18,581 [Listener at 127.0.0.1/38459] INFO  rpc.RpcClient (RpcClient.java:createBucket(429)) - Creating Bucket: vol1/bucket1, with Versioning false and Storage Type set to DISK and Encryption set to false 
2020-12-20 13:58:18,595 [Listener at 127.0.0.1/38459] INFO  metrics.RatisMetrics (RatisMetrics.java:lambda$create$0(36)) - Creating Metrics Registry : ratis.client_message_metrics.client-53E8265C2569->c38782e9-3388-40a2-a7d0-b364a85c289d
2020-12-20 13:58:18,667 [Thread-839] INFO  impl.FollowerState (FollowerState.java:run(128)) - 9165b65f-6848-484a-9f71-e5cc340a0655@group-3452AB93CABB-FollowerState: change to CANDIDATE, lastRpcTime:5170ms, electionTimeout:5169ms
2020-12-20 13:58:18,670 [Thread-839] INFO  impl.RoleInfo (RoleInfo.java:shutdownFollowerState(121)) - 9165b65f-6848-484a-9f71-e5cc340a0655: shutdown 9165b65f-6848-484a-9f71-e5cc340a0655@group-3452AB93CABB-FollowerState
2020-12-20 13:58:18,670 [Thread-839] INFO  impl.RaftServerImpl (RaftServerImpl.java:setRole(204)) - 9165b65f-6848-484a-9f71-e5cc340a0655@group-3452AB93CABB: changes role from  FOLLOWER to CANDIDATE at term 0 for changeToCandidate
2020-12-20 13:58:18,670 [Thread-839] INFO  impl.RoleInfo (RoleInfo.java:updateAndGet(143)) - 9165b65f-6848-484a-9f71-e5cc340a0655: start 9165b65f-6848-484a-9f71-e5cc340a0655@group-3452AB93CABB-LeaderElection14
2020-12-20 13:58:18,691 [9165b65f-6848-484a-9f71-e5cc340a0655@group-3452AB93CABB-LeaderElection14] INFO  impl.LeaderElection (LeaderElection.java:askForVotes(215)) - 9165b65f-6848-484a-9f71-e5cc340a0655@group-3452AB93CABB-LeaderElection14: begin an election at term 1 for -1: [9165b65f-6848-484a-9f71-e5cc340a0655|rpc:172.17.0.2:39473], old=null
2020-12-20 13:58:18,691 [9165b65f-6848-484a-9f71-e5cc340a0655@group-3452AB93CABB-LeaderElection14] INFO  impl.RoleInfo (RoleInfo.java:shutdownLeaderElection(134)) - 9165b65f-6848-484a-9f71-e5cc340a0655: shutdown 9165b65f-6848-484a-9f71-e5cc340a0655@group-3452AB93CABB-LeaderElection14
2020-12-20 13:58:18,691 [9165b65f-6848-484a-9f71-e5cc340a0655@group-3452AB93CABB-LeaderElection14] INFO  impl.RaftServerImpl (RaftServerImpl.java:setRole(204)) - 9165b65f-6848-484a-9f71-e5cc340a0655@group-3452AB93CABB: changes role from CANDIDATE to LEADER at term 1 for changeToLeader
2020-12-20 13:58:18,692 [9165b65f-6848-484a-9f71-e5cc340a0655@group-3452AB93CABB-LeaderElection14] INFO  ratis.XceiverServerRatis (XceiverServerRatis.java:handleLeaderChangedNotification(854)) - Leader change notification received for group: group-3452AB93CABB with new leaderId: 9165b65f-6848-484a-9f71-e5cc340a0655
2020-12-20 13:58:18,692 [9165b65f-6848-484a-9f71-e5cc340a0655@group-3452AB93CABB-LeaderElection14] INFO  impl.RaftServerImpl (ServerState.java:setLeader(256)) - 9165b65f-6848-484a-9f71-e5cc340a0655@group-3452AB93CABB: change Leader from null to 9165b65f-6848-484a-9f71-e5cc340a0655 at term 1 for becomeLeader, leader elected after 5203ms
2020-12-20 13:58:18,692 [9165b65f-6848-484a-9f71-e5cc340a0655@group-3452AB93CABB-LeaderElection14] INFO  server.RaftServerConfigKeys (ConfUtils.java:logGet(44)) - raft.server.staging.catchup.gap = 1000 (default)
2020-12-20 13:58:18,692 [9165b65f-6848-484a-9f71-e5cc340a0655@group-3452AB93CABB-LeaderElection14] INFO  server.RaftServerConfigKeys (ConfUtils.java:logGet(44)) - raft.server.rpc.sleep.time = 25ms (default)
2020-12-20 13:58:18,692 [9165b65f-6848-484a-9f71-e5cc340a0655@group-3452AB93CABB-LeaderElection14] INFO  metrics.RatisMetrics (RatisMetrics.java:lambda$create$0(36)) - Creating Metrics Registry : ratis.log_appender.9165b65f-6848-484a-9f71-e5cc340a0655@group-3452AB93CABB
2020-12-20 13:58:18,692 [9165b65f-6848-484a-9f71-e5cc340a0655@group-3452AB93CABB-LeaderElection14] INFO  server.RaftServerConfigKeys (ConfUtils.java:logGet(44)) - raft.server.write.element-limit = 1024 (custom)
2020-12-20 13:58:18,692 [9165b65f-6848-484a-9f71-e5cc340a0655@group-3452AB93CABB-LeaderElection14] INFO  server.RaftServerConfigKeys (ConfUtils.java:logGet(44)) - raft.server.write.byte-limit = 1073741824 (custom)
2020-12-20 13:58:18,692 [9165b65f-6848-484a-9f71-e5cc340a0655@group-3452AB93CABB-LeaderElection14] INFO  server.RaftServerConfigKeys (ConfUtils.java:logGet(44)) - raft.server.watch.timeout = 180s (custom)
2020-12-20 13:58:18,693 [9165b65f-6848-484a-9f71-e5cc340a0655@group-3452AB93CABB-LeaderElection14] INFO  server.RaftServerConfigKeys (ConfUtils.java:logGet(44)) - raft.server.watch.timeout.denomination = 1s (default)
2020-12-20 13:58:18,693 [9165b65f-6848-484a-9f71-e5cc340a0655@group-3452AB93CABB-LeaderElection14] INFO  server.RaftServerConfigKeys (ConfUtils.java:logGet(44)) - raft.server.watch.element-limit = 65536 (default)
2020-12-20 13:58:18,693 [9165b65f-6848-484a-9f71-e5cc340a0655@group-3452AB93CABB-LeaderElection14] INFO  impl.RoleInfo (RoleInfo.java:updateAndGet(143)) - 9165b65f-6848-484a-9f71-e5cc340a0655: start 9165b65f-6848-484a-9f71-e5cc340a0655@group-3452AB93CABB-LeaderState
2020-12-20 13:58:18,697 [9165b65f-6848-484a-9f71-e5cc340a0655@group-3452AB93CABB-LeaderElection14] INFO  segmented.SegmentedRaftLogWorker (SegmentedRaftLogWorker.java:startLogSegment(398)) - 9165b65f-6848-484a-9f71-e5cc340a0655@group-3452AB93CABB-SegmentedRaftLogWorker: Starting segment from index:0
2020-12-20 13:58:18,706 [9165b65f-6848-484a-9f71-e5cc340a0655@group-3452AB93CABB-LeaderElection14] INFO  impl.RaftServerImpl (ServerState.java:setRaftConf(374)) - 9165b65f-6848-484a-9f71-e5cc340a0655@group-3452AB93CABB: set configuration 0: [9165b65f-6848-484a-9f71-e5cc340a0655|rpc:172.17.0.2:39473|dataStream:], old=null at 0
2020-12-20 13:58:18,715 [9165b65f-6848-484a-9f71-e5cc340a0655@group-3452AB93CABB-SegmentedRaftLogWorker] INFO  segmented.SegmentedRaftLogWorker (SegmentedRaftLogWorker.java:execute(597)) - 9165b65f-6848-484a-9f71-e5cc340a0655@group-3452AB93CABB-SegmentedRaftLogWorker: created new log segment /github/workspace/mnt/ozone/hadoop-ozone/integration-test/target/test-dir/MiniOzoneClusterImpl-3ca51f30-c846-4083-9b7f-c1ea6aa91ff4/datanode-2/data/ratis/320a77f3-8602-4717-a6a3-3452ab93cabb/current/log_inprogress_0
2020-12-20 13:58:18,894 [Thread-845] INFO  impl.FollowerState (FollowerState.java:run(128)) - 5f27e08b-2f6c-4b1d-b018-474ca25c25d0@group-BB4CF28B6211-FollowerState: change to CANDIDATE, lastRpcTime:5010ms, electionTimeout:5009ms
2020-12-20 13:58:18,894 [Thread-845] INFO  impl.RoleInfo (RoleInfo.java:shutdownFollowerState(121)) - 5f27e08b-2f6c-4b1d-b018-474ca25c25d0: shutdown 5f27e08b-2f6c-4b1d-b018-474ca25c25d0@group-BB4CF28B6211-FollowerState
2020-12-20 13:58:18,894 [Thread-845] INFO  impl.RaftServerImpl (RaftServerImpl.java:setRole(204)) - 5f27e08b-2f6c-4b1d-b018-474ca25c25d0@group-BB4CF28B6211: changes role from  FOLLOWER to CANDIDATE at term 0 for changeToCandidate
2020-12-20 13:58:18,894 [Thread-845] INFO  impl.RoleInfo (RoleInfo.java:updateAndGet(143)) - 5f27e08b-2f6c-4b1d-b018-474ca25c25d0: start 5f27e08b-2f6c-4b1d-b018-474ca25c25d0@group-BB4CF28B6211-LeaderElection15
2020-12-20 13:58:18,898 [5f27e08b-2f6c-4b1d-b018-474ca25c25d0@group-BB4CF28B6211-LeaderElection15] INFO  impl.LeaderElection (LeaderElection.java:askForVotes(215)) - 5f27e08b-2f6c-4b1d-b018-474ca25c25d0@group-BB4CF28B6211-LeaderElection15: begin an election at term 1 for -1: [16749e43-558c-4c39-b613-b952dab248c9|rpc:172.17.0.2:40209|dataStream:, 5f27e08b-2f6c-4b1d-b018-474ca25c25d0|rpc:172.17.0.2:46353|dataStream:, 62bf3122-6558-4262-b416-281af820a08d|rpc:172.17.0.2:44723|dataStream:], old=null
2020-12-20 13:58:18,924 [grpc-default-executor-0] INFO  impl.RaftServerImpl (RaftServerImpl.java:setRole(204)) - 16749e43-558c-4c39-b613-b952dab248c9@group-BB4CF28B6211: changes role from  FOLLOWER to FOLLOWER at term 1 for recognizeCandidate:5f27e08b-2f6c-4b1d-b018-474ca25c25d0
2020-12-20 13:58:18,924 [grpc-default-executor-0] INFO  impl.RoleInfo (RoleInfo.java:shutdownFollowerState(121)) - 16749e43-558c-4c39-b613-b952dab248c9: shutdown 16749e43-558c-4c39-b613-b952dab248c9@group-BB4CF28B6211-FollowerState
2020-12-20 13:58:18,924 [grpc-default-executor-0] INFO  impl.RoleInfo (RoleInfo.java:updateAndGet(143)) - 16749e43-558c-4c39-b613-b952dab248c9: start 16749e43-558c-4c39-b613-b952dab248c9@group-BB4CF28B6211-FollowerState
2020-12-20 13:58:18,925 [Thread-848] INFO  impl.FollowerState (FollowerState.java:run(137)) - 16749e43-558c-4c39-b613-b952dab248c9@group-BB4CF28B6211-FollowerState was interrupted: {}
java.lang.InterruptedException: sleep interrupted
	at java.lang.Thread.sleep(Native Method)
	at org.apache.ratis.util.JavaUtils.sleep(JavaUtils.java:250)
	at org.apache.ratis.server.impl.FollowerState.run(FollowerState.java:116)
2020-12-20 13:58:18,928 [grpc-default-executor-0] INFO  impl.RaftServerImpl (RaftServerImpl.java:requestVote(963)) -  FOLLOWER 16749e43-558c-4c39-b613-b952dab248c9@group-BB4CF28B6211:t1, leader=null, voted=null, raftlog=16749e43-558c-4c39-b613-b952dab248c9@group-BB4CF28B6211-SegmentedRaftLog:OPENED:c-1,f-1,i0, conf=-1: [16749e43-558c-4c39-b613-b952dab248c9|rpc:172.17.0.2:40209|dataStream:, 5f27e08b-2f6c-4b1d-b018-474ca25c25d0|rpc:172.17.0.2:46353|dataStream:, 62bf3122-6558-4262-b416-281af820a08d|rpc:172.17.0.2:44723|dataStream:], old=null RUNNING priority:0 candidate:5f27e08b-2f6c-4b1d-b018-474ca25c25d0|rpc:172.17.0.2:46353|dataStream: candidatePriority:0 compare:0
2020-12-20 13:58:18,940 [grpc-default-executor-0] INFO  metrics.RatisMetrics (RatisMetrics.java:lambda$create$0(36)) - Creating Metrics Registry : ratis.server_message_metrics.62bf3122-6558-4262-b416-281af820a08d
2020-12-20 13:58:18,942 [5f27e08b-2f6c-4b1d-b018-474ca25c25d0@group-BB4CF28B6211-LeaderElection15] INFO  impl.LeaderElection (LeaderElection.java:logAndReturn(65)) - 5f27e08b-2f6c-4b1d-b018-474ca25c25d0@group-BB4CF28B6211-LeaderElection15: Election PASSED; received 1 response(s) [5f27e08b-2f6c-4b1d-b018-474ca25c25d0<-16749e43-558c-4c39-b613-b952dab248c9#0:OK-t1] and 0 exception(s); 5f27e08b-2f6c-4b1d-b018-474ca25c25d0@group-BB4CF28B6211:t1, leader=null, voted=5f27e08b-2f6c-4b1d-b018-474ca25c25d0, raftlog=5f27e08b-2f6c-4b1d-b018-474ca25c25d0@group-BB4CF28B6211-SegmentedRaftLog:OPENED:c-1,f-1,i0, conf=-1: [16749e43-558c-4c39-b613-b952dab248c9|rpc:172.17.0.2:40209|dataStream:, 5f27e08b-2f6c-4b1d-b018-474ca25c25d0|rpc:172.17.0.2:46353|dataStream:, 62bf3122-6558-4262-b416-281af820a08d|rpc:172.17.0.2:44723|dataStream:], old=null
2020-12-20 13:58:18,944 [grpc-default-executor-0] INFO  impl.RaftServerImpl (RaftServerImpl.java:setRole(204)) - 62bf3122-6558-4262-b416-281af820a08d@group-BB4CF28B6211: changes role from  FOLLOWER to FOLLOWER at term 1 for recognizeCandidate:5f27e08b-2f6c-4b1d-b018-474ca25c25d0
2020-12-20 13:58:18,944 [grpc-default-executor-0] INFO  impl.RoleInfo (RoleInfo.java:shutdownFollowerState(121)) - 62bf3122-6558-4262-b416-281af820a08d: shutdown 62bf3122-6558-4262-b416-281af820a08d@group-BB4CF28B6211-FollowerState
2020-12-20 13:58:18,944 [grpc-default-executor-0] INFO  impl.RoleInfo (RoleInfo.java:updateAndGet(143)) - 62bf3122-6558-4262-b416-281af820a08d: start 62bf3122-6558-4262-b416-281af820a08d@group-BB4CF28B6211-FollowerState
2020-12-20 13:58:18,944 [Thread-843] INFO  impl.FollowerState (FollowerState.java:run(137)) - 62bf3122-6558-4262-b416-281af820a08d@group-BB4CF28B6211-FollowerState was interrupted: {}
java.lang.InterruptedException: sleep interrupted
	at java.lang.Thread.sleep(Native Method)
	at org.apache.ratis.util.JavaUtils.sleep(JavaUtils.java:250)
	at org.apache.ratis.server.impl.FollowerState.run(FollowerState.java:116)
2020-12-20 13:58:18,950 [5f27e08b-2f6c-4b1d-b018-474ca25c25d0@group-BB4CF28B6211-LeaderElection15] INFO  impl.RoleInfo (RoleInfo.java:shutdownLeaderElection(134)) - 5f27e08b-2f6c-4b1d-b018-474ca25c25d0: shutdown 5f27e08b-2f6c-4b1d-b018-474ca25c25d0@group-BB4CF28B6211-LeaderElection15
2020-12-20 13:58:18,950 [5f27e08b-2f6c-4b1d-b018-474ca25c25d0@group-BB4CF28B6211-LeaderElection15] INFO  impl.RaftServerImpl (RaftServerImpl.java:setRole(204)) - 5f27e08b-2f6c-4b1d-b018-474ca25c25d0@group-BB4CF28B6211: changes role from CANDIDATE to LEADER at term 1 for changeToLeader
2020-12-20 13:58:18,950 [5f27e08b-2f6c-4b1d-b018-474ca25c25d0@group-BB4CF28B6211-LeaderElection15] INFO  ratis.XceiverServerRatis (XceiverServerRatis.java:handleLeaderChangedNotification(854)) - Leader change notification received for group: group-BB4CF28B6211 with new leaderId: 5f27e08b-2f6c-4b1d-b018-474ca25c25d0
2020-12-20 13:58:18,945 [grpc-default-executor-0] INFO  impl.RaftServerImpl (RaftServerImpl.java:requestVote(963)) -  FOLLOWER 62bf3122-6558-4262-b416-281af820a08d@group-BB4CF28B6211:t1, leader=null, voted=null, raftlog=62bf3122-6558-4262-b416-281af820a08d@group-BB4CF28B6211-SegmentedRaftLog:OPENED:c-1,f-1,i0, conf=-1: [16749e43-558c-4c39-b613-b952dab248c9|rpc:172.17.0.2:40209, 5f27e08b-2f6c-4b1d-b018-474ca25c25d0|rpc:172.17.0.2:46353, 62bf3122-6558-4262-b416-281af820a08d|rpc:172.17.0.2:44723], old=null RUNNING priority:0 candidate:5f27e08b-2f6c-4b1d-b018-474ca25c25d0|rpc:172.17.0.2:46353 candidatePriority:0 compare:0
2020-12-20 13:58:18,952 [5f27e08b-2f6c-4b1d-b018-474ca25c25d0@group-BB4CF28B6211-LeaderElection15] INFO  impl.RaftServerImpl (ServerState.java:setLeader(256)) - 5f27e08b-2f6c-4b1d-b018-474ca25c25d0@group-BB4CF28B6211: change Leader from null to 5f27e08b-2f6c-4b1d-b018-474ca25c25d0 at term 1 for becomeLeader, leader elected after 5073ms
2020-12-20 13:58:18,953 [5f27e08b-2f6c-4b1d-b018-474ca25c25d0@group-BB4CF28B6211-LeaderElection15] INFO  server.RaftServerConfigKeys (ConfUtils.java:logGet(44)) - raft.server.staging.catchup.gap = 1000 (default)
2020-12-20 13:58:18,953 [5f27e08b-2f6c-4b1d-b018-474ca25c25d0@group-BB4CF28B6211-LeaderElection15] INFO  server.RaftServerConfigKeys (ConfUtils.java:logGet(44)) - raft.server.rpc.sleep.time = 25ms (default)
2020-12-20 13:58:18,953 [5f27e08b-2f6c-4b1d-b018-474ca25c25d0@group-BB4CF28B6211-LeaderElection15] INFO  metrics.RatisMetrics (RatisMetrics.java:lambda$create$0(36)) - Creating Metrics Registry : ratis.log_appender.5f27e08b-2f6c-4b1d-b018-474ca25c25d0@group-BB4CF28B6211
2020-12-20 13:58:18,953 [5f27e08b-2f6c-4b1d-b018-474ca25c25d0@group-BB4CF28B6211-LeaderElection15] INFO  server.RaftServerConfigKeys (ConfUtils.java:logGet(44)) - raft.server.write.element-limit = 1024 (custom)
2020-12-20 13:58:18,953 [5f27e08b-2f6c-4b1d-b018-474ca25c25d0@group-BB4CF28B6211-LeaderElection15] INFO  server.RaftServerConfigKeys (ConfUtils.java:logGet(44)) - raft.server.write.byte-limit = 1073741824 (custom)
2020-12-20 13:58:18,953 [5f27e08b-2f6c-4b1d-b018-474ca25c25d0@group-BB4CF28B6211-LeaderElection15] INFO  server.RaftServerConfigKeys (ConfUtils.java:logGet(44)) - raft.server.watch.timeout = 180s (custom)
2020-12-20 13:58:18,953 [5f27e08b-2f6c-4b1d-b018-474ca25c25d0@group-BB4CF28B6211-LeaderElection15] INFO  server.RaftServerConfigKeys (ConfUtils.java:logGet(44)) - raft.server.watch.timeout.denomination = 1s (default)
2020-12-20 13:58:18,954 [5f27e08b-2f6c-4b1d-b018-474ca25c25d0@group-BB4CF28B6211-LeaderElection15] INFO  server.RaftServerConfigKeys (ConfUtils.java:logGet(44)) - raft.server.watch.element-limit = 65536 (default)
2020-12-20 13:58:18,954 [5f27e08b-2f6c-4b1d-b018-474ca25c25d0@group-BB4CF28B6211-LeaderElection15] INFO  server.RaftServerConfigKeys (ConfUtils.java:logGet(44)) - raft.server.log.appender.snapshot.chunk.size.max = 16MB (=16777216) (default)
2020-12-20 13:58:18,954 [5f27e08b-2f6c-4b1d-b018-474ca25c25d0@group-BB4CF28B6211-LeaderElection15] INFO  server.RaftServerConfigKeys (ConfUtils.java:logGet(44)) - raft.server.log.appender.buffer.byte-limit = 33554432 (custom)
2020-12-20 13:58:18,954 [5f27e08b-2f6c-4b1d-b018-474ca25c25d0@group-BB4CF28B6211-LeaderElection15] INFO  server.RaftServerConfigKeys (ConfUtils.java:logGet(44)) - raft.server.log.appender.buffer.element-limit = 1 (custom)
2020-12-20 13:58:18,954 [5f27e08b-2f6c-4b1d-b018-474ca25c25d0@group-BB4CF28B6211-LeaderElection15] INFO  grpc.GrpcConfigKeys (ConfUtils.java:logGet(44)) - raft.grpc.server.leader.outstanding.appends.max = 128 (default)
2020-12-20 13:58:18,954 [5f27e08b-2f6c-4b1d-b018-474ca25c25d0@group-BB4CF28B6211-LeaderElection15] INFO  server.RaftServerConfigKeys (ConfUtils.java:logGet(44)) - raft.server.rpc.request.timeout = 60s (custom)
2020-12-20 13:58:18,954 [5f27e08b-2f6c-4b1d-b018-474ca25c25d0@group-BB4CF28B6211-LeaderElection15] INFO  server.RaftServerConfigKeys (ConfUtils.java:logGet(44)) - raft.server.log.appender.install.snapshot.enabled = false (custom)
2020-12-20 13:58:18,954 [5f27e08b-2f6c-4b1d-b018-474ca25c25d0@group-BB4CF28B6211-LeaderElection15] INFO  metrics.RatisMetrics (RatisMetrics.java:lambda$create$0(36)) - Creating Metrics Registry : ratis_grpc.log_appender.5f27e08b-2f6c-4b1d-b018-474ca25c25d0@group-BB4CF28B6211
2020-12-20 13:58:18,954 [Thread-841] INFO  impl.FollowerState (FollowerState.java:run(128)) - 62bf3122-6558-4262-b416-281af820a08d@group-DC12647E32FD-FollowerState: change to CANDIDATE, lastRpcTime:5128ms, electionTimeout:5124ms
2020-12-20 13:58:18,955 [Thread-841] INFO  impl.RoleInfo (RoleInfo.java:shutdownFollowerState(121)) - 62bf3122-6558-4262-b416-281af820a08d: shutdown 62bf3122-6558-4262-b416-281af820a08d@group-DC12647E32FD-FollowerState
2020-12-20 13:58:18,955 [Thread-841] INFO  impl.RaftServerImpl (RaftServerImpl.java:setRole(204)) - 62bf3122-6558-4262-b416-281af820a08d@group-DC12647E32FD: changes role from  FOLLOWER to CANDIDATE at term 0 for changeToCandidate
2020-12-20 13:58:18,955 [Thread-841] INFO  impl.RoleInfo (RoleInfo.java:updateAndGet(143)) - 62bf3122-6558-4262-b416-281af820a08d: start 62bf3122-6558-4262-b416-281af820a08d@group-DC12647E32FD-LeaderElection16
2020-12-20 13:58:18,957 [EventQueue-PipelineReportForPipelineReportHandler] INFO  pipeline.PipelineStateManager (PipelineStateManager.java:openPipeline(132)) - Pipeline Pipeline[ Id: 366590d4-d99c-438e-b240-bb4cf28b6211, Nodes: 5f27e08b-2f6c-4b1d-b018-474ca25c25d0{ip: 172.17.0.2, host: fc04eb3d93c3, networkLocation: /default-rack, certSerialId: null, persistedOpState: IN_SERVICE, persistedOpStateExpiryEpochSec: 0}62bf3122-6558-4262-b416-281af820a08d{ip: 172.17.0.2, host: fc04eb3d93c3, networkLocation: /default-rack, certSerialId: null, persistedOpState: IN_SERVICE, persistedOpStateExpiryEpochSec: 0}16749e43-558c-4c39-b613-b952dab248c9{ip: 172.17.0.2, host: fc04eb3d93c3, networkLocation: /default-rack, certSerialId: null, persistedOpState: IN_SERVICE, persistedOpStateExpiryEpochSec: 0}, Type:RATIS, Factor:THREE, State:ALLOCATED, leaderId:5f27e08b-2f6c-4b1d-b018-474ca25c25d0, CreationTimestamp2020-12-20T13:58:11.488Z] moved to OPEN state
2020-12-20 13:58:18,958 [5f27e08b-2f6c-4b1d-b018-474ca25c25d0@group-BB4CF28B6211-LeaderElection15] INFO  server.RaftServerConfigKeys (ConfUtils.java:logGet(44)) - raft.server.log.appender.snapshot.chunk.size.max = 16MB (=16777216) (default)
2020-12-20 13:58:18,958 [5f27e08b-2f6c-4b1d-b018-474ca25c25d0@group-BB4CF28B6211-LeaderElection15] INFO  server.RaftServerConfigKeys (ConfUtils.java:logGet(44)) - raft.server.log.appender.buffer.byte-limit = 33554432 (custom)
2020-12-20 13:58:18,958 [5f27e08b-2f6c-4b1d-b018-474ca25c25d0@group-BB4CF28B6211-LeaderElection15] INFO  server.RaftServerConfigKeys (ConfUtils.java:logGet(44)) - raft.server.log.appender.buffer.element-limit = 1 (custom)
2020-12-20 13:58:18,959 [5f27e08b-2f6c-4b1d-b018-474ca25c25d0@group-BB4CF28B6211-LeaderElection15] INFO  grpc.GrpcConfigKeys (ConfUtils.java:logGet(44)) - raft.grpc.server.leader.outstanding.appends.max = 128 (default)
2020-12-20 13:58:18,959 [5f27e08b-2f6c-4b1d-b018-474ca25c25d0@group-BB4CF28B6211-LeaderElection15] INFO  server.RaftServerConfigKeys (ConfUtils.java:logGet(44)) - raft.server.rpc.request.timeout = 60s (custom)
2020-12-20 13:58:18,959 [5f27e08b-2f6c-4b1d-b018-474ca25c25d0@group-BB4CF28B6211-LeaderElection15] INFO  server.RaftServerConfigKeys (ConfUtils.java:logGet(44)) - raft.server.log.appender.install.snapshot.enabled = false (custom)
2020-12-20 13:58:18,961 [5f27e08b-2f6c-4b1d-b018-474ca25c25d0@group-BB4CF28B6211-LeaderElection15] INFO  impl.RoleInfo (RoleInfo.java:updateAndGet(143)) - 5f27e08b-2f6c-4b1d-b018-474ca25c25d0: start 5f27e08b-2f6c-4b1d-b018-474ca25c25d0@group-BB4CF28B6211-LeaderState
2020-12-20 13:58:18,969 [5f27e08b-2f6c-4b1d-b018-474ca25c25d0@group-BB4CF28B6211-LeaderElection15] INFO  segmented.SegmentedRaftLogWorker (SegmentedRaftLogWorker.java:startLogSegment(398)) - 5f27e08b-2f6c-4b1d-b018-474ca25c25d0@group-BB4CF28B6211-SegmentedRaftLogWorker: Starting segment from index:0
2020-12-20 13:58:18,970 [62bf3122-6558-4262-b416-281af820a08d@group-DC12647E32FD-LeaderElection16] INFO  impl.LeaderElection (LeaderElection.java:askForVotes(215)) - 62bf3122-6558-4262-b416-281af820a08d@group-DC12647E32FD-LeaderElection16: begin an election at term 1 for -1: [62bf3122-6558-4262-b416-281af820a08d|rpc:172.17.0.2:44723], old=null
2020-12-20 13:58:18,978 [62bf3122-6558-4262-b416-281af820a08d@group-DC12647E32FD-LeaderElection16] INFO  impl.RoleInfo (RoleInfo.java:shutdownLeaderElection(134)) - 62bf3122-6558-4262-b416-281af820a08d: shutdown 62bf3122-6558-4262-b416-281af820a08d@group-DC12647E32FD-LeaderElection16
2020-12-20 13:58:18,978 [62bf3122-6558-4262-b416-281af820a08d@group-DC12647E32FD-LeaderElection16] INFO  impl.RaftServerImpl (RaftServerImpl.java:setRole(204)) - 62bf3122-6558-4262-b416-281af820a08d@group-DC12647E32FD: changes role from CANDIDATE to LEADER at term 1 for changeToLeader
2020-12-20 13:58:18,978 [62bf3122-6558-4262-b416-281af820a08d@group-DC12647E32FD-LeaderElection16] INFO  ratis.XceiverServerRatis (XceiverServerRatis.java:handleLeaderChangedNotification(854)) - Leader change notification received for group: group-DC12647E32FD with new leaderId: 62bf3122-6558-4262-b416-281af820a08d
2020-12-20 13:58:18,978 [62bf3122-6558-4262-b416-281af820a08d@group-DC12647E32FD-LeaderElection16] INFO  impl.RaftServerImpl (ServerState.java:setLeader(256)) - 62bf3122-6558-4262-b416-281af820a08d@group-DC12647E32FD: change Leader from null to 62bf3122-6558-4262-b416-281af820a08d at term 1 for becomeLeader, leader elected after 5169ms
2020-12-20 13:58:18,978 [62bf3122-6558-4262-b416-281af820a08d@group-DC12647E32FD-LeaderElection16] INFO  server.RaftServerConfigKeys (ConfUtils.java:logGet(44)) - raft.server.staging.catchup.gap = 1000 (default)
2020-12-20 13:58:18,978 [62bf3122-6558-4262-b416-281af820a08d@group-DC12647E32FD-LeaderElection16] INFO  server.RaftServerConfigKeys (ConfUtils.java:logGet(44)) - raft.server.rpc.sleep.time = 25ms (default)
2020-12-20 13:58:18,978 [62bf3122-6558-4262-b416-281af820a08d@group-DC12647E32FD-LeaderElection16] INFO  metrics.RatisMetrics (RatisMetrics.java:lambda$create$0(36)) - Creating Metrics Registry : ratis.log_appender.62bf3122-6558-4262-b416-281af820a08d@group-DC12647E32FD
2020-12-20 13:58:18,979 [62bf3122-6558-4262-b416-281af820a08d@group-DC12647E32FD-LeaderElection16] INFO  server.RaftServerConfigKeys (ConfUtils.java:logGet(44)) - raft.server.write.element-limit = 1024 (custom)
2020-12-20 13:58:18,979 [62bf3122-6558-4262-b416-281af820a08d@group-DC12647E32FD-LeaderElection16] INFO  server.RaftServerConfigKeys (ConfUtils.java:logGet(44)) - raft.server.write.byte-limit = 1073741824 (custom)
2020-12-20 13:58:18,979 [62bf3122-6558-4262-b416-281af820a08d@group-DC12647E32FD-LeaderElection16] INFO  server.RaftServerConfigKeys (ConfUtils.java:logGet(44)) - raft.server.watch.timeout = 180s (custom)
2020-12-20 13:58:18,979 [62bf3122-6558-4262-b416-281af820a08d@group-DC12647E32FD-LeaderElection16] INFO  server.RaftServerConfigKeys (ConfUtils.java:logGet(44)) - raft.server.watch.timeout.denomination = 1s (default)
2020-12-20 13:58:18,979 [62bf3122-6558-4262-b416-281af820a08d@group-DC12647E32FD-LeaderElection16] INFO  server.RaftServerConfigKeys (ConfUtils.java:logGet(44)) - raft.server.watch.element-limit = 65536 (default)
2020-12-20 13:58:18,979 [62bf3122-6558-4262-b416-281af820a08d@group-DC12647E32FD-LeaderElection16] INFO  impl.RoleInfo (RoleInfo.java:updateAndGet(143)) - 62bf3122-6558-4262-b416-281af820a08d: start 62bf3122-6558-4262-b416-281af820a08d@group-DC12647E32FD-LeaderState
2020-12-20 13:58:18,979 [62bf3122-6558-4262-b416-281af820a08d@group-DC12647E32FD-LeaderElection16] INFO  segmented.SegmentedRaftLogWorker (SegmentedRaftLogWorker.java:startLogSegment(398)) - 62bf3122-6558-4262-b416-281af820a08d@group-DC12647E32FD-SegmentedRaftLogWorker: Starting segment from index:0
2020-12-20 13:58:18,972 [5f27e08b-2f6c-4b1d-b018-474ca25c25d0@group-BB4CF28B6211-LeaderElection15] INFO  impl.RaftServerImpl (ServerState.java:setRaftConf(374)) - 5f27e08b-2f6c-4b1d-b018-474ca25c25d0@group-BB4CF28B6211: set configuration 0: [16749e43-558c-4c39-b613-b952dab248c9|rpc:172.17.0.2:40209|dataStream:, 5f27e08b-2f6c-4b1d-b018-474ca25c25d0|rpc:172.17.0.2:46353|dataStream:, 62bf3122-6558-4262-b416-281af820a08d|rpc:172.17.0.2:44723|dataStream:], old=null at 0
2020-12-20 13:58:18,981 [62bf3122-6558-4262-b416-281af820a08d@group-DC12647E32FD-SegmentedRaftLogWorker] INFO  segmented.SegmentedRaftLogWorker (SegmentedRaftLogWorker.java:execute(597)) - 62bf3122-6558-4262-b416-281af820a08d@group-DC12647E32FD-SegmentedRaftLogWorker: created new log segment /github/workspace/mnt/ozone/hadoop-ozone/integration-test/target/test-dir/MiniOzoneClusterImpl-3ca51f30-c846-4083-9b7f-c1ea6aa91ff4/datanode-3/data/ratis/694d16eb-f740-427d-9701-dc12647e32fd/current/log_inprogress_0
2020-12-20 13:58:18,971 [5f27e08b-2f6c-4b1d-b018-474ca25c25d0@group-BB4CF28B6211-SegmentedRaftLogWorker] INFO  segmented.SegmentedRaftLogWorker (SegmentedRaftLogWorker.java:execute(597)) - 5f27e08b-2f6c-4b1d-b018-474ca25c25d0@group-BB4CF28B6211-SegmentedRaftLogWorker: created new log segment /github/workspace/mnt/ozone/hadoop-ozone/integration-test/target/test-dir/MiniOzoneClusterImpl-3ca51f30-c846-4083-9b7f-c1ea6aa91ff4/datanode-5/data/ratis/366590d4-d99c-438e-b240-bb4cf28b6211/current/log_inprogress_0
2020-12-20 13:58:18,980 [62bf3122-6558-4262-b416-281af820a08d@group-DC12647E32FD-LeaderElection16] INFO  impl.RaftServerImpl (ServerState.java:setRaftConf(374)) - 62bf3122-6558-4262-b416-281af820a08d@group-DC12647E32FD: set configuration 0: [62bf3122-6558-4262-b416-281af820a08d|rpc:172.17.0.2:44723|dataStream:], old=null at 0
2020-12-20 13:58:18,998 [grpc-default-executor-0] INFO  ratis.XceiverServerRatis (XceiverServerRatis.java:handleLeaderChangedNotification(854)) - Leader change notification received for group: group-BB4CF28B6211 with new leaderId: 5f27e08b-2f6c-4b1d-b018-474ca25c25d0
2020-12-20 13:58:18,999 [grpc-default-executor-0] INFO  impl.RaftServerImpl (ServerState.java:setLeader(256)) - 62bf3122-6558-4262-b416-281af820a08d@group-BB4CF28B6211: change Leader from null to 5f27e08b-2f6c-4b1d-b018-474ca25c25d0 at term 1 for appendEntries, leader elected after 5164ms
2020-12-20 13:58:18,999 [grpc-default-executor-2] INFO  ratis.XceiverServerRatis (XceiverServerRatis.java:handleLeaderChangedNotification(854)) - Leader change notification received for group: group-BB4CF28B6211 with new leaderId: 5f27e08b-2f6c-4b1d-b018-474ca25c25d0
2020-12-20 13:58:18,999 [grpc-default-executor-2] INFO  impl.RaftServerImpl (ServerState.java:setLeader(256)) - 16749e43-558c-4c39-b613-b952dab248c9@group-BB4CF28B6211: change Leader from null to 5f27e08b-2f6c-4b1d-b018-474ca25c25d0 at term 1 for appendEntries, leader elected after 5090ms
2020-12-20 13:58:19,009 [grpc-default-executor-2] INFO  impl.RaftServerImpl (ServerState.java:setRaftConf(374)) - 16749e43-558c-4c39-b613-b952dab248c9@group-BB4CF28B6211: set configuration 0: [16749e43-558c-4c39-b613-b952dab248c9|rpc:172.17.0.2:40209|dataStream:, 5f27e08b-2f6c-4b1d-b018-474ca25c25d0|rpc:172.17.0.2:46353|dataStream:, 62bf3122-6558-4262-b416-281af820a08d|rpc:172.17.0.2:44723|dataStream:], old=null at 0
2020-12-20 13:58:19,010 [grpc-default-executor-0] INFO  impl.RaftServerImpl (ServerState.java:setRaftConf(374)) - 62bf3122-6558-4262-b416-281af820a08d@group-BB4CF28B6211: set configuration 0: [16749e43-558c-4c39-b613-b952dab248c9|rpc:172.17.0.2:40209|dataStream:, 5f27e08b-2f6c-4b1d-b018-474ca25c25d0|rpc:172.17.0.2:46353|dataStream:, 62bf3122-6558-4262-b416-281af820a08d|rpc:172.17.0.2:44723|dataStream:], old=null at 0
2020-12-20 13:58:19,010 [grpc-default-executor-2] INFO  segmented.SegmentedRaftLogWorker (SegmentedRaftLogWorker.java:startLogSegment(398)) - 16749e43-558c-4c39-b613-b952dab248c9@group-BB4CF28B6211-SegmentedRaftLogWorker: Starting segment from index:0
2020-12-20 13:58:19,010 [grpc-default-executor-0] INFO  segmented.SegmentedRaftLogWorker (SegmentedRaftLogWorker.java:startLogSegment(398)) - 62bf3122-6558-4262-b416-281af820a08d@group-BB4CF28B6211-SegmentedRaftLogWorker: Starting segment from index:0
2020-12-20 13:58:19,012 [62bf3122-6558-4262-b416-281af820a08d@group-BB4CF28B6211-SegmentedRaftLogWorker] INFO  segmented.SegmentedRaftLogWorker (SegmentedRaftLogWorker.java:execute(597)) - 62bf3122-6558-4262-b416-281af820a08d@group-BB4CF28B6211-SegmentedRaftLogWorker: created new log segment /github/workspace/mnt/ozone/hadoop-ozone/integration-test/target/test-dir/MiniOzoneClusterImpl-3ca51f30-c846-4083-9b7f-c1ea6aa91ff4/datanode-3/data/ratis/366590d4-d99c-438e-b240-bb4cf28b6211/current/log_inprogress_0
2020-12-20 13:58:19,012 [16749e43-558c-4c39-b613-b952dab248c9@group-BB4CF28B6211-SegmentedRaftLogWorker] INFO  segmented.SegmentedRaftLogWorker (SegmentedRaftLogWorker.java:execute(597)) - 16749e43-558c-4c39-b613-b952dab248c9@group-BB4CF28B6211-SegmentedRaftLogWorker: created new log segment /github/workspace/mnt/ozone/hadoop-ozone/integration-test/target/test-dir/MiniOzoneClusterImpl-3ca51f30-c846-4083-9b7f-c1ea6aa91ff4/datanode-4/data/ratis/366590d4-d99c-438e-b240-bb4cf28b6211/current/log_inprogress_0
2020-12-20 13:58:19,088 [Listener at 127.0.0.1/38459] INFO  metrics.RatisMetrics (RatisMetrics.java:lambda$create$0(36)) - Creating Metrics Registry : ratis.client_message_metrics.client-F5DCAC2C8C7D->5f27e08b-2f6c-4b1d-b018-474ca25c25d0
2020-12-20 13:58:19,362 [Thread-851] INFO  impl.FollowerState (FollowerState.java:run(128)) - 16749e43-558c-4c39-b613-b952dab248c9@group-395FEDB8C4F3-FollowerState: change to CANDIDATE, lastRpcTime:5195ms, electionTimeout:5194ms
2020-12-20 13:58:19,363 [Thread-851] INFO  impl.RoleInfo (RoleInfo.java:shutdownFollowerState(121)) - 16749e43-558c-4c39-b613-b952dab248c9: shutdown 16749e43-558c-4c39-b613-b952dab248c9@group-395FEDB8C4F3-FollowerState
2020-12-20 13:58:19,363 [Thread-851] INFO  impl.RaftServerImpl (RaftServerImpl.java:setRole(204)) - 16749e43-558c-4c39-b613-b952dab248c9@group-395FEDB8C4F3: changes role from  FOLLOWER to CANDIDATE at term 0 for changeToCandidate
2020-12-20 13:58:19,363 [Thread-851] INFO  impl.RoleInfo (RoleInfo.java:updateAndGet(143)) - 16749e43-558c-4c39-b613-b952dab248c9: start 16749e43-558c-4c39-b613-b952dab248c9@group-395FEDB8C4F3-LeaderElection17
2020-12-20 13:58:19,373 [16749e43-558c-4c39-b613-b952dab248c9@group-395FEDB8C4F3-LeaderElection17] INFO  impl.LeaderElection (LeaderElection.java:askForVotes(215)) - 16749e43-558c-4c39-b613-b952dab248c9@group-395FEDB8C4F3-LeaderElection17: begin an election at term 1 for -1: [16749e43-558c-4c39-b613-b952dab248c9|rpc:172.17.0.2:40209], old=null
2020-12-20 13:58:19,373 [16749e43-558c-4c39-b613-b952dab248c9@group-395FEDB8C4F3-LeaderElection17] INFO  impl.RoleInfo (RoleInfo.java:shutdownLeaderElection(134)) - 16749e43-558c-4c39-b613-b952dab248c9: shutdown 16749e43-558c-4c39-b613-b952dab248c9@group-395FEDB8C4F3-LeaderElection17
2020-12-20 13:58:19,373 [16749e43-558c-4c39-b613-b952dab248c9@group-395FEDB8C4F3-LeaderElection17] INFO  impl.RaftServerImpl (RaftServerImpl.java:setRole(204)) - 16749e43-558c-4c39-b613-b952dab248c9@group-395FEDB8C4F3: changes role from CANDIDATE to LEADER at term 1 for changeToLeader
2020-12-20 13:58:19,374 [16749e43-558c-4c39-b613-b952dab248c9@group-395FEDB8C4F3-LeaderElection17] INFO  ratis.XceiverServerRatis (XceiverServerRatis.java:handleLeaderChangedNotification(854)) - Leader change notification received for group: group-395FEDB8C4F3 with new leaderId: 16749e43-558c-4c39-b613-b952dab248c9
2020-12-20 13:58:19,374 [16749e43-558c-4c39-b613-b952dab248c9@group-395FEDB8C4F3-LeaderElection17] INFO  impl.RaftServerImpl (ServerState.java:setLeader(256)) - 16749e43-558c-4c39-b613-b952dab248c9@group-395FEDB8C4F3: change Leader from null to 16749e43-558c-4c39-b613-b952dab248c9 at term 1 for becomeLeader, leader elected after 5218ms
2020-12-20 13:58:19,374 [16749e43-558c-4c39-b613-b952dab248c9@group-395FEDB8C4F3-LeaderElection17] INFO  server.RaftServerConfigKeys (ConfUtils.java:logGet(44)) - raft.server.staging.catchup.gap = 1000 (default)
2020-12-20 13:58:19,374 [16749e43-558c-4c39-b613-b952dab248c9@group-395FEDB8C4F3-LeaderElection17] INFO  server.RaftServerConfigKeys (ConfUtils.java:logGet(44)) - raft.server.rpc.sleep.time = 25ms (default)
2020-12-20 13:58:19,374 [16749e43-558c-4c39-b613-b952dab248c9@group-395FEDB8C4F3-LeaderElection17] INFO  metrics.RatisMetrics (RatisMetrics.java:lambda$create$0(36)) - Creating Metrics Registry : ratis.log_appender.16749e43-558c-4c39-b613-b952dab248c9@group-395FEDB8C4F3
2020-12-20 13:58:19,374 [16749e43-558c-4c39-b613-b952dab248c9@group-395FEDB8C4F3-LeaderElection17] INFO  server.RaftServerConfigKeys (ConfUtils.java:logGet(44)) - raft.server.write.element-limit = 1024 (custom)
2020-12-20 13:58:19,375 [16749e43-558c-4c39-b613-b952dab248c9@group-395FEDB8C4F3-LeaderElection17] INFO  server.RaftServerConfigKeys (ConfUtils.java:logGet(44)) - raft.server.write.byte-limit = 1073741824 (custom)
2020-12-20 13:58:19,376 [16749e43-558c-4c39-b613-b952dab248c9@group-395FEDB8C4F3-LeaderElection17] INFO  server.RaftServerConfigKeys (ConfUtils.java:logGet(44)) - raft.server.watch.timeout = 180s (custom)
2020-12-20 13:58:19,376 [16749e43-558c-4c39-b613-b952dab248c9@group-395FEDB8C4F3-LeaderElection17] INFO  server.RaftServerConfigKeys (ConfUtils.java:logGet(44)) - raft.server.watch.timeout.denomination = 1s (default)
2020-12-20 13:58:19,376 [16749e43-558c-4c39-b613-b952dab248c9@group-395FEDB8C4F3-LeaderElection17] INFO  server.RaftServerConfigKeys (ConfUtils.java:logGet(44)) - raft.server.watch.element-limit = 65536 (default)
2020-12-20 13:58:19,376 [16749e43-558c-4c39-b613-b952dab248c9@group-395FEDB8C4F3-LeaderElection17] INFO  impl.RoleInfo (RoleInfo.java:updateAndGet(143)) - 16749e43-558c-4c39-b613-b952dab248c9: start 16749e43-558c-4c39-b613-b952dab248c9@group-395FEDB8C4F3-LeaderState
2020-12-20 13:58:19,377 [16749e43-558c-4c39-b613-b952dab248c9@group-395FEDB8C4F3-LeaderElection17] INFO  segmented.SegmentedRaftLogWorker (SegmentedRaftLogWorker.java:startLogSegment(398)) - 16749e43-558c-4c39-b613-b952dab248c9@group-395FEDB8C4F3-SegmentedRaftLogWorker: Starting segment from index:0
2020-12-20 13:58:19,388 [16749e43-558c-4c39-b613-b952dab248c9@group-395FEDB8C4F3-SegmentedRaftLogWorker] INFO  segmented.SegmentedRaftLogWorker (SegmentedRaftLogWorker.java:execute(597)) - 16749e43-558c-4c39-b613-b952dab248c9@group-395FEDB8C4F3-SegmentedRaftLogWorker: created new log segment /github/workspace/mnt/ozone/hadoop-ozone/integration-test/target/test-dir/MiniOzoneClusterImpl-3ca51f30-c846-4083-9b7f-c1ea6aa91ff4/datanode-4/data/ratis/39596fbb-d40f-436c-9c98-395fedb8c4f3/current/log_inprogress_0
2020-12-20 13:58:19,388 [16749e43-558c-4c39-b613-b952dab248c9@group-395FEDB8C4F3-LeaderElection17] INFO  impl.RaftServerImpl (ServerState.java:setRaftConf(374)) - 16749e43-558c-4c39-b613-b952dab248c9@group-395FEDB8C4F3: set configuration 0: [16749e43-558c-4c39-b613-b952dab248c9|rpc:172.17.0.2:40209|dataStream:], old=null at 0
2020-12-20 13:58:19,530 [org.apache.ratis.server.JvmPauseMonitor@4c99243d-Monitor] WARN  server.JvmPauseMonitor (JvmPauseMonitor.java:run(141)) - Detected pause in JVM or host machine (eg GC): pause of approximately 32ms
GC pool 'PS Scavenge' had collection(s): count=1 time=50ms
2020-12-20 13:58:19,530 [org.apache.ratis.server.JvmPauseMonitor@599f8337-Monitor] WARN  server.JvmPauseMonitor (JvmPauseMonitor.java:run(141)) - Detected pause in JVM or host machine (eg GC): pause of approximately 35ms
GC pool 'PS Scavenge' had collection(s): count=1 time=50ms
2020-12-20 13:58:19,612 [Thread-853] INFO  impl.FollowerState (FollowerState.java:run(128)) - 5f27e08b-2f6c-4b1d-b018-474ca25c25d0@group-DAEE74F759D9-FollowerState: change to CANDIDATE, lastRpcTime:5108ms, electionTimeout:5107ms
2020-12-20 13:58:19,612 [Thread-853] INFO  impl.RoleInfo (RoleInfo.java:shutdownFollowerState(121)) - 5f27e08b-2f6c-4b1d-b018-474ca25c25d0: shutdown 5f27e08b-2f6c-4b1d-b018-474ca25c25d0@group-DAEE74F759D9-FollowerState
2020-12-20 13:58:19,612 [Thread-853] INFO  impl.RaftServerImpl (RaftServerImpl.java:setRole(204)) - 5f27e08b-2f6c-4b1d-b018-474ca25c25d0@group-DAEE74F759D9: changes role from  FOLLOWER to CANDIDATE at term 0 for changeToCandidate
2020-12-20 13:58:19,612 [Thread-853] INFO  impl.RoleInfo (RoleInfo.java:updateAndGet(143)) - 5f27e08b-2f6c-4b1d-b018-474ca25c25d0: start 5f27e08b-2f6c-4b1d-b018-474ca25c25d0@group-DAEE74F759D9-LeaderElection18
2020-12-20 13:58:19,615 [5f27e08b-2f6c-4b1d-b018-474ca25c25d0@group-DAEE74F759D9-LeaderElection18] INFO  impl.LeaderElection (LeaderElection.java:askForVotes(215)) - 5f27e08b-2f6c-4b1d-b018-474ca25c25d0@group-DAEE74F759D9-LeaderElection18: begin an election at term 1 for -1: [5f27e08b-2f6c-4b1d-b018-474ca25c25d0|rpc:172.17.0.2:46353], old=null
2020-12-20 13:58:19,615 [5f27e08b-2f6c-4b1d-b018-474ca25c25d0@group-DAEE74F759D9-LeaderElection18] INFO  impl.RoleInfo (RoleInfo.java:shutdownLeaderElection(134)) - 5f27e08b-2f6c-4b1d-b018-474ca25c25d0: shutdown 5f27e08b-2f6c-4b1d-b018-474ca25c25d0@group-DAEE74F759D9-LeaderElection18
2020-12-20 13:58:19,615 [5f27e08b-2f6c-4b1d-b018-474ca25c25d0@group-DAEE74F759D9-LeaderElection18] INFO  impl.RaftServerImpl (RaftServerImpl.java:setRole(204)) - 5f27e08b-2f6c-4b1d-b018-474ca25c25d0@group-DAEE74F759D9: changes role from CANDIDATE to LEADER at term 1 for changeToLeader
2020-12-20 13:58:19,615 [5f27e08b-2f6c-4b1d-b018-474ca25c25d0@group-DAEE74F759D9-LeaderElection18] INFO  ratis.XceiverServerRatis (XceiverServerRatis.java:handleLeaderChangedNotification(854)) - Leader change notification received for group: group-DAEE74F759D9 with new leaderId: 5f27e08b-2f6c-4b1d-b018-474ca25c25d0
2020-12-20 13:58:19,616 [5f27e08b-2f6c-4b1d-b018-474ca25c25d0@group-DAEE74F759D9-LeaderElection18] INFO  impl.RaftServerImpl (ServerState.java:setLeader(256)) - 5f27e08b-2f6c-4b1d-b018-474ca25c25d0@group-DAEE74F759D9: change Leader from null to 5f27e08b-2f6c-4b1d-b018-474ca25c25d0 at term 1 for becomeLeader, leader elected after 5121ms
2020-12-20 13:58:19,616 [5f27e08b-2f6c-4b1d-b018-474ca25c25d0@group-DAEE74F759D9-LeaderElection18] INFO  server.RaftServerConfigKeys (ConfUtils.java:logGet(44)) - raft.server.staging.catchup.gap = 1000 (default)
2020-12-20 13:58:19,616 [5f27e08b-2f6c-4b1d-b018-474ca25c25d0@group-DAEE74F759D9-LeaderElection18] INFO  server.RaftServerConfigKeys (ConfUtils.java:logGet(44)) - raft.server.rpc.sleep.time = 25ms (default)
2020-12-20 13:58:19,616 [5f27e08b-2f6c-4b1d-b018-474ca25c25d0@group-DAEE74F759D9-LeaderElection18] INFO  metrics.RatisMetrics (RatisMetrics.java:lambda$create$0(36)) - Creating Metrics Registry : ratis.log_appender.5f27e08b-2f6c-4b1d-b018-474ca25c25d0@group-DAEE74F759D9
2020-12-20 13:58:19,616 [5f27e08b-2f6c-4b1d-b018-474ca25c25d0@group-DAEE74F759D9-LeaderElection18] INFO  server.RaftServerConfigKeys (ConfUtils.java:logGet(44)) - raft.server.write.element-limit = 1024 (custom)
2020-12-20 13:58:19,617 [5f27e08b-2f6c-4b1d-b018-474ca25c25d0@group-DAEE74F759D9-LeaderElection18] INFO  server.RaftServerConfigKeys (ConfUtils.java:logGet(44)) - raft.server.write.byte-limit = 1073741824 (custom)
2020-12-20 13:58:19,617 [5f27e08b-2f6c-4b1d-b018-474ca25c25d0@group-DAEE74F759D9-LeaderElection18] INFO  server.RaftServerConfigKeys (ConfUtils.java:logGet(44)) - raft.server.watch.timeout = 180s (custom)
2020-12-20 13:58:19,617 [5f27e08b-2f6c-4b1d-b018-474ca25c25d0@group-DAEE74F759D9-LeaderElection18] INFO  server.RaftServerConfigKeys (ConfUtils.java:logGet(44)) - raft.server.watch.timeout.denomination = 1s (default)
2020-12-20 13:58:19,617 [5f27e08b-2f6c-4b1d-b018-474ca25c25d0@group-DAEE74F759D9-LeaderElection18] INFO  server.RaftServerConfigKeys (ConfUtils.java:logGet(44)) - raft.server.watch.element-limit = 65536 (default)
2020-12-20 13:58:19,618 [5f27e08b-2f6c-4b1d-b018-474ca25c25d0@group-DAEE74F759D9-LeaderElection18] INFO  impl.RoleInfo (RoleInfo.java:updateAndGet(143)) - 5f27e08b-2f6c-4b1d-b018-474ca25c25d0: start 5f27e08b-2f6c-4b1d-b018-474ca25c25d0@group-DAEE74F759D9-LeaderState
2020-12-20 13:58:19,618 [5f27e08b-2f6c-4b1d-b018-474ca25c25d0@group-DAEE74F759D9-LeaderElection18] INFO  segmented.SegmentedRaftLogWorker (SegmentedRaftLogWorker.java:startLogSegment(398)) - 5f27e08b-2f6c-4b1d-b018-474ca25c25d0@group-DAEE74F759D9-SegmentedRaftLogWorker: Starting segment from index:0
2020-12-20 13:58:19,623 [5f27e08b-2f6c-4b1d-b018-474ca25c25d0@group-DAEE74F759D9-SegmentedRaftLogWorker] INFO  segmented.SegmentedRaftLogWorker (SegmentedRaftLogWorker.java:execute(597)) - 5f27e08b-2f6c-4b1d-b018-474ca25c25d0@group-DAEE74F759D9-SegmentedRaftLogWorker: created new log segment /github/workspace/mnt/ozone/hadoop-ozone/integration-test/target/test-dir/MiniOzoneClusterImpl-3ca51f30-c846-4083-9b7f-c1ea6aa91ff4/datanode-5/data/ratis/9473f8d7-9315-4a94-9b6f-daee74f759d9/current/log_inprogress_0
2020-12-20 13:58:19,628 [5f27e08b-2f6c-4b1d-b018-474ca25c25d0@group-DAEE74F759D9-LeaderElection18] INFO  impl.RaftServerImpl (ServerState.java:setRaftConf(374)) - 5f27e08b-2f6c-4b1d-b018-474ca25c25d0@group-DAEE74F759D9: set configuration 0: [5f27e08b-2f6c-4b1d-b018-474ca25c25d0|rpc:172.17.0.2:46353|dataStream:], old=null at 0
2020-12-20 13:58:19,850 [IPC Server handler 0 on default port 44221] INFO  node.NodeDecommissionManager (NodeDecommissionManager.java:startMaintenance(344)) - Starting Maintenance for node 9165b65f-6848-484a-9f71-e5cc340a0655{ip: 172.17.0.2, host: fc04eb3d93c3, networkLocation: /default-rack, certSerialId: null, persistedOpState: IN_SERVICE, persistedOpStateExpiryEpochSec: 0}
2020-12-20 13:58:19,851 [IPC Server handler 0 on default port 44221] INFO  node.NodeDecommissionManager (NodeDecommissionManager.java:startMaintenance(344)) - Starting Maintenance for node bdeb8c9a-b6ce-4032-9abb-c56649ac7409{ip: 172.17.0.2, host: fc04eb3d93c3, networkLocation: /default-rack, certSerialId: null, persistedOpState: IN_SERVICE, persistedOpStateExpiryEpochSec: 0}
2020-12-20 13:58:19,851 [IPC Server handler 0 on default port 44221] INFO  node.NodeDecommissionManager (NodeDecommissionManager.java:startMaintenance(344)) - Starting Maintenance for node c38782e9-3388-40a2-a7d0-b364a85c289d{ip: 172.17.0.2, host: fc04eb3d93c3, networkLocation: /default-rack, certSerialId: null, persistedOpState: IN_SERVICE, persistedOpStateExpiryEpochSec: 0}
2020-12-20 13:58:19,922 [DatanodeAdminManager-0] INFO  node.DatanodeAdminMonitorImpl (DatanodeAdminMonitorImpl.java:checkPipelinesClosedOnNode(267)) - Waiting for pipelines to close for c38782e9-3388-40a2-a7d0-b364a85c289d{ip: 172.17.0.2, host: fc04eb3d93c3, networkLocation: /default-rack, certSerialId: null, persistedOpState: IN_SERVICE, persistedOpStateExpiryEpochSec: 0}. There are 2 pipelines
2020-12-20 13:58:19,922 [DatanodeAdminManager-0] INFO  node.DatanodeAdminMonitorImpl (DatanodeAdminMonitorImpl.java:checkPipelinesClosedOnNode(267)) - Waiting for pipelines to close for bdeb8c9a-b6ce-4032-9abb-c56649ac7409{ip: 172.17.0.2, host: fc04eb3d93c3, networkLocation: /default-rack, certSerialId: null, persistedOpState: IN_SERVICE, persistedOpStateExpiryEpochSec: 0}. There are 2 pipelines
2020-12-20 13:58:19,922 [EventQueue-StartAdminOnNodeForStartDatanodeAdminHandler] INFO  node.StartDatanodeAdminHandler (StartDatanodeAdminHandler.java:onMessage(56)) - Admin start on datanode 9165b65f-6848-484a-9f71-e5cc340a0655{ip: 172.17.0.2, host: fc04eb3d93c3, networkLocation: /default-rack, certSerialId: null, persistedOpState: IN_SERVICE, persistedOpStateExpiryEpochSec: 0}. Finalizing its pipelines [PipelineID=320a77f3-8602-4717-a6a3-3452ab93cabb, PipelineID=19f1c2c1-3ad3-4b75-8ed4-d36f1873c4e8]
2020-12-20 13:58:19,922 [EventQueue-StartAdminOnNodeForStartDatanodeAdminHandler] INFO  pipeline.SCMPipelineManager (SCMPipelineManager.java:finalizeAndDestroyPipeline(482)) - Destroying pipeline:Pipeline[ Id: 320a77f3-8602-4717-a6a3-3452ab93cabb, Nodes: 9165b65f-6848-484a-9f71-e5cc340a0655{ip: 172.17.0.2, host: fc04eb3d93c3, networkLocation: /default-rack, certSerialId: null, persistedOpState: IN_SERVICE, persistedOpStateExpiryEpochSec: 0}, Type:RATIS, Factor:ONE, State:OPEN, leaderId:9165b65f-6848-484a-9f71-e5cc340a0655, CreationTimestamp2020-12-20T13:58:10.480Z]
2020-12-20 13:58:19,922 [DatanodeAdminManager-0] INFO  node.DatanodeAdminMonitorImpl (DatanodeAdminMonitorImpl.java:checkPipelinesClosedOnNode(267)) - Waiting for pipelines to close for 9165b65f-6848-484a-9f71-e5cc340a0655{ip: 172.17.0.2, host: fc04eb3d93c3, networkLocation: /default-rack, certSerialId: null, persistedOpState: IN_SERVICE, persistedOpStateExpiryEpochSec: 0}. There are 2 pipelines
2020-12-20 13:58:19,922 [EventQueue-StartAdminOnNodeForStartDatanodeAdminHandler] INFO  pipeline.PipelineStateManager (PipelineStateManager.java:finalizePipeline(121)) - Pipeline Pipeline[ Id: 320a77f3-8602-4717-a6a3-3452ab93cabb, Nodes: 9165b65f-6848-484a-9f71-e5cc340a0655{ip: 172.17.0.2, host: fc04eb3d93c3, networkLocation: /default-rack, certSerialId: null, persistedOpState: IN_SERVICE, persistedOpStateExpiryEpochSec: 0}, Type:RATIS, Factor:ONE, State:CLOSED, leaderId:9165b65f-6848-484a-9f71-e5cc340a0655, CreationTimestamp2020-12-20T13:58:10.480Z] moved to CLOSED state
2020-12-20 13:58:19,922 [DatanodeAdminManager-0] INFO  node.DatanodeAdminMonitorImpl (DatanodeAdminMonitorImpl.java:run(136)) - There are 3 nodes tracked for decommission and maintenance. 0 pending nodes.
2020-12-20 13:58:19,923 [EventQueue-StartAdminOnNodeForStartDatanodeAdminHandler] INFO  pipeline.RatisPipelineProvider (RatisPipelineProvider.java:lambda$close$1(199)) - Send pipeline:PipelineID=320a77f3-8602-4717-a6a3-3452ab93cabb close command to datanode 9165b65f-6848-484a-9f71-e5cc340a0655
2020-12-20 13:58:19,924 [EventQueue-StartAdminOnNodeForStartDatanodeAdminHandler] INFO  pipeline.PipelineStateManager (PipelineStateManager.java:removePipeline(106)) - Pipeline Pipeline[ Id: 320a77f3-8602-4717-a6a3-3452ab93cabb, Nodes: 9165b65f-6848-484a-9f71-e5cc340a0655{ip: 172.17.0.2, host: fc04eb3d93c3, networkLocation: /default-rack, certSerialId: null, persistedOpState: IN_SERVICE, persistedOpStateExpiryEpochSec: 0}, Type:RATIS, Factor:ONE, State:CLOSED, leaderId:9165b65f-6848-484a-9f71-e5cc340a0655, CreationTimestamp2020-12-20T13:58:10.480Z] removed from db
2020-12-20 13:58:19,925 [EventQueue-StartAdminOnNodeForStartDatanodeAdminHandler] INFO  pipeline.SCMPipelineManager (SCMPipelineManager.java:finalizeAndDestroyPipeline(482)) - Destroying pipeline:Pipeline[ Id: 19f1c2c1-3ad3-4b75-8ed4-d36f1873c4e8, Nodes: c38782e9-3388-40a2-a7d0-b364a85c289d{ip: 172.17.0.2, host: fc04eb3d93c3, networkLocation: /default-rack, certSerialId: null, persistedOpState: IN_SERVICE, persistedOpStateExpiryEpochSec: 0}bdeb8c9a-b6ce-4032-9abb-c56649ac7409{ip: 172.17.0.2, host: fc04eb3d93c3, networkLocation: /default-rack, certSerialId: null, persistedOpState: IN_SERVICE, persistedOpStateExpiryEpochSec: 0}9165b65f-6848-484a-9f71-e5cc340a0655{ip: 172.17.0.2, host: fc04eb3d93c3, networkLocation: /default-rack, certSerialId: null, persistedOpState: IN_SERVICE, persistedOpStateExpiryEpochSec: 0}, Type:RATIS, Factor:THREE, State:OPEN, leaderId:c38782e9-3388-40a2-a7d0-b364a85c289d, CreationTimestamp2020-12-20T13:58:10.481Z]
2020-12-20 13:58:19,926 [EventQueue-StartAdminOnNodeForStartDatanodeAdminHandler] INFO  pipeline.PipelineStateManager (PipelineStateManager.java:finalizePipeline(121)) - Pipeline Pipeline[ Id: 19f1c2c1-3ad3-4b75-8ed4-d36f1873c4e8, Nodes: c38782e9-3388-40a2-a7d0-b364a85c289d{ip: 172.17.0.2, host: fc04eb3d93c3, networkLocation: /default-rack, certSerialId: null, persistedOpState: IN_SERVICE, persistedOpStateExpiryEpochSec: 0}bdeb8c9a-b6ce-4032-9abb-c56649ac7409{ip: 172.17.0.2, host: fc04eb3d93c3, networkLocation: /default-rack, certSerialId: null, persistedOpState: IN_SERVICE, persistedOpStateExpiryEpochSec: 0}9165b65f-6848-484a-9f71-e5cc340a0655{ip: 172.17.0.2, host: fc04eb3d93c3, networkLocation: /default-rack, certSerialId: null, persistedOpState: IN_SERVICE, persistedOpStateExpiryEpochSec: 0}, Type:RATIS, Factor:THREE, State:CLOSED, leaderId:c38782e9-3388-40a2-a7d0-b364a85c289d, CreationTimestamp2020-12-20T13:58:10.481Z] moved to CLOSED state
2020-12-20 13:58:19,927 [EventQueue-StartAdminOnNodeForStartDatanodeAdminHandler] INFO  pipeline.RatisPipelineProvider (RatisPipelineProvider.java:lambda$close$1(199)) - Send pipeline:PipelineID=19f1c2c1-3ad3-4b75-8ed4-d36f1873c4e8 close command to datanode c38782e9-3388-40a2-a7d0-b364a85c289d
2020-12-20 13:58:19,927 [EventQueue-CloseContainerForCloseContainerEventHandler] INFO  container.CloseContainerEventHandler (CloseContainerEventHandler.java:onMessage(61)) - Close container Event triggered for container : #1
2020-12-20 13:58:19,928 [EventQueue-StartAdminOnNodeForStartDatanodeAdminHandler] INFO  pipeline.RatisPipelineProvider (RatisPipelineProvider.java:lambda$close$1(199)) - Send pipeline:PipelineID=19f1c2c1-3ad3-4b75-8ed4-d36f1873c4e8 close command to datanode bdeb8c9a-b6ce-4032-9abb-c56649ac7409
2020-12-20 13:58:19,929 [EventQueue-StartAdminOnNodeForStartDatanodeAdminHandler] INFO  pipeline.RatisPipelineProvider (RatisPipelineProvider.java:lambda$close$1(199)) - Send pipeline:PipelineID=19f1c2c1-3ad3-4b75-8ed4-d36f1873c4e8 close command to datanode 9165b65f-6848-484a-9f71-e5cc340a0655
2020-12-20 13:58:19,930 [EventQueue-StartAdminOnNodeForStartDatanodeAdminHandler] INFO  pipeline.PipelineStateManager (PipelineStateManager.java:removePipeline(106)) - Pipeline Pipeline[ Id: 19f1c2c1-3ad3-4b75-8ed4-d36f1873c4e8, Nodes: c38782e9-3388-40a2-a7d0-b364a85c289d{ip: 172.17.0.2, host: fc04eb3d93c3, networkLocation: /default-rack, certSerialId: null, persistedOpState: IN_SERVICE, persistedOpStateExpiryEpochSec: 0}bdeb8c9a-b6ce-4032-9abb-c56649ac7409{ip: 172.17.0.2, host: fc04eb3d93c3, networkLocation: /default-rack, certSerialId: null, persistedOpState: IN_SERVICE, persistedOpStateExpiryEpochSec: 0}9165b65f-6848-484a-9f71-e5cc340a0655{ip: 172.17.0.2, host: fc04eb3d93c3, networkLocation: /default-rack, certSerialId: null, persistedOpState: IN_SERVICE, persistedOpStateExpiryEpochSec: 0}, Type:RATIS, Factor:THREE, State:CLOSED, leaderId:c38782e9-3388-40a2-a7d0-b364a85c289d, CreationTimestamp2020-12-20T13:58:10.481Z] removed from db
2020-12-20 13:58:19,930 [EventQueue-StartAdminOnNodeForStartDatanodeAdminHandler] INFO  node.StartDatanodeAdminHandler (StartDatanodeAdminHandler.java:onMessage(56)) - Admin start on datanode bdeb8c9a-b6ce-4032-9abb-c56649ac7409{ip: 172.17.0.2, host: fc04eb3d93c3, networkLocation: /default-rack, certSerialId: null, persistedOpState: IN_SERVICE, persistedOpStateExpiryEpochSec: 0}. Finalizing its pipelines [PipelineID=31332280-a6c7-49b0-9627-abde5a73f2dc]
2020-12-20 13:58:19,930 [EventQueue-StartAdminOnNodeForStartDatanodeAdminHandler] INFO  pipeline.SCMPipelineManager (SCMPipelineManager.java:finalizeAndDestroyPipeline(482)) - Destroying pipeline:Pipeline[ Id: 31332280-a6c7-49b0-9627-abde5a73f2dc, Nodes: bdeb8c9a-b6ce-4032-9abb-c56649ac7409{ip: 172.17.0.2, host: fc04eb3d93c3, networkLocation: /default-rack, certSerialId: null, persistedOpState: IN_SERVICE, persistedOpStateExpiryEpochSec: 0}, Type:RATIS, Factor:ONE, State:OPEN, leaderId:bdeb8c9a-b6ce-4032-9abb-c56649ac7409, CreationTimestamp2020-12-20T13:58:09.793Z]
2020-12-20 13:58:19,930 [EventQueue-StartAdminOnNodeForStartDatanodeAdminHandler] INFO  pipeline.PipelineStateManager (PipelineStateManager.java:finalizePipeline(121)) - Pipeline Pipeline[ Id: 31332280-a6c7-49b0-9627-abde5a73f2dc, Nodes: bdeb8c9a-b6ce-4032-9abb-c56649ac7409{ip: 172.17.0.2, host: fc04eb3d93c3, networkLocation: /default-rack, certSerialId: null, persistedOpState: IN_SERVICE, persistedOpStateExpiryEpochSec: 0}, Type:RATIS, Factor:ONE, State:CLOSED, leaderId:bdeb8c9a-b6ce-4032-9abb-c56649ac7409, CreationTimestamp2020-12-20T13:58:09.793Z] moved to CLOSED state
2020-12-20 13:58:19,930 [EventQueue-StartAdminOnNodeForStartDatanodeAdminHandler] INFO  pipeline.RatisPipelineProvider (RatisPipelineProvider.java:lambda$close$1(199)) - Send pipeline:PipelineID=31332280-a6c7-49b0-9627-abde5a73f2dc close command to datanode bdeb8c9a-b6ce-4032-9abb-c56649ac7409
2020-12-20 13:58:19,931 [EventQueue-CloseContainerForCloseContainerEventHandler] INFO  container.CloseContainerEventHandler (CloseContainerEventHandler.java:onMessage(61)) - Close container Event triggered for container : #2
2020-12-20 13:58:19,935 [EventQueue-CloseContainerForCloseContainerEventHandler] WARN  container.SCMContainerManager (SCMContainerManager.java:updateContainerState(367)) - Unable to remove container #2 from pipeline PipelineID=19f1c2c1-3ad3-4b75-8ed4-d36f1873c4e8  as the pipeline no longer exists
2020-12-20 13:58:19,939 [EventQueue-StartAdminOnNodeForStartDatanodeAdminHandler] INFO  pipeline.PipelineStateManager (PipelineStateManager.java:removePipeline(106)) - Pipeline Pipeline[ Id: 31332280-a6c7-49b0-9627-abde5a73f2dc, Nodes: bdeb8c9a-b6ce-4032-9abb-c56649ac7409{ip: 172.17.0.2, host: fc04eb3d93c3, networkLocation: /default-rack, certSerialId: null, persistedOpState: IN_SERVICE, persistedOpStateExpiryEpochSec: 0}, Type:RATIS, Factor:ONE, State:CLOSED, leaderId:bdeb8c9a-b6ce-4032-9abb-c56649ac7409, CreationTimestamp2020-12-20T13:58:09.793Z] removed from db
2020-12-20 13:58:19,940 [EventQueue-StartAdminOnNodeForStartDatanodeAdminHandler] INFO  node.StartDatanodeAdminHandler (StartDatanodeAdminHandler.java:onMessage(56)) - Admin start on datanode c38782e9-3388-40a2-a7d0-b364a85c289d{ip: 172.17.0.2, host: fc04eb3d93c3, networkLocation: /default-rack, certSerialId: null, persistedOpState: IN_SERVICE, persistedOpStateExpiryEpochSec: 0}. Finalizing its pipelines [PipelineID=7b719ba8-9004-455b-8bb9-c12a08025234]
2020-12-20 13:58:19,940 [EventQueue-StartAdminOnNodeForStartDatanodeAdminHandler] INFO  pipeline.SCMPipelineManager (SCMPipelineManager.java:finalizeAndDestroyPipeline(482)) - Destroying pipeline:Pipeline[ Id: 7b719ba8-9004-455b-8bb9-c12a08025234, Nodes: c38782e9-3388-40a2-a7d0-b364a85c289d{ip: 172.17.0.2, host: fc04eb3d93c3, networkLocation: /default-rack, certSerialId: null, persistedOpState: IN_SERVICE, persistedOpStateExpiryEpochSec: 0}, Type:RATIS, Factor:ONE, State:OPEN, leaderId:c38782e9-3388-40a2-a7d0-b364a85c289d, CreationTimestamp2020-12-20T13:58:10.141Z]
2020-12-20 13:58:19,940 [EventQueue-StartAdminOnNodeForStartDatanodeAdminHandler] INFO  pipeline.PipelineStateManager (PipelineStateManager.java:finalizePipeline(121)) - Pipeline Pipeline[ Id: 7b719ba8-9004-455b-8bb9-c12a08025234, Nodes: c38782e9-3388-40a2-a7d0-b364a85c289d{ip: 172.17.0.2, host: fc04eb3d93c3, networkLocation: /default-rack, certSerialId: null, persistedOpState: IN_SERVICE, persistedOpStateExpiryEpochSec: 0}, Type:RATIS, Factor:ONE, State:CLOSED, leaderId:c38782e9-3388-40a2-a7d0-b364a85c289d, CreationTimestamp2020-12-20T13:58:10.141Z] moved to CLOSED state
2020-12-20 13:58:19,941 [EventQueue-StartAdminOnNodeForStartDatanodeAdminHandler] INFO  pipeline.RatisPipelineProvider (RatisPipelineProvider.java:lambda$close$1(199)) - Send pipeline:PipelineID=7b719ba8-9004-455b-8bb9-c12a08025234 close command to datanode c38782e9-3388-40a2-a7d0-b364a85c289d
2020-12-20 13:58:19,941 [EventQueue-StartAdminOnNodeForStartDatanodeAdminHandler] INFO  pipeline.PipelineStateManager (PipelineStateManager.java:removePipeline(106)) - Pipeline Pipeline[ Id: 7b719ba8-9004-455b-8bb9-c12a08025234, Nodes: c38782e9-3388-40a2-a7d0-b364a85c289d{ip: 172.17.0.2, host: fc04eb3d93c3, networkLocation: /default-rack, certSerialId: null, persistedOpState: IN_SERVICE, persistedOpStateExpiryEpochSec: 0}, Type:RATIS, Factor:ONE, State:CLOSED, leaderId:c38782e9-3388-40a2-a7d0-b364a85c289d, CreationTimestamp2020-12-20T13:58:10.141Z] removed from db
2020-12-20 13:58:20,781 [IPC Server handler 15 on default port 46341] INFO  node.SCMNodeManager (SCMNodeManager.java:updateDatanodeOpState(419)) - Scheduling a command to update the operationalState persisted on the datanode as the reported value (IN_SERVICE, 0) does not match the value stored in SCM (ENTERING_MAINTENANCE, 0)
2020-12-20 13:58:20,783 [IPC Server handler 14 on default port 46341] INFO  node.SCMNodeManager (SCMNodeManager.java:updateDatanodeOpState(419)) - Scheduling a command to update the operationalState persisted on the datanode as the reported value (IN_SERVICE, 0) does not match the value stored in SCM (ENTERING_MAINTENANCE, 0)
2020-12-20 13:58:20,801 [IPC Server handler 16 on default port 46341] INFO  node.SCMNodeManager (SCMNodeManager.java:updateDatanodeOpState(419)) - Scheduling a command to update the operationalState persisted on the datanode as the reported value (IN_SERVICE, 0) does not match the value stored in SCM (ENTERING_MAINTENANCE, 0)
2020-12-20 13:58:20,921 [DatanodeAdminManager-0] INFO  node.DatanodeAdminMonitorImpl (DatanodeAdminMonitorImpl.java:run(136)) - There are 3 nodes tracked for decommission and maintenance. 0 pending nodes.
2020-12-20 13:58:20,921 [EventQueue-Delayed safe mode statusForReplicationManager] INFO  container.ReplicationManager (ReplicationManager.java:start(186)) - Starting Replication Monitor Thread.
2020-12-20 13:58:20,923 [ReplicationMonitor] INFO  container.ReplicationManager (ReplicationManager.java:sendCloseCommand(948)) - Sending close container command for container #1 to datanode 9165b65f-6848-484a-9f71-e5cc340a0655{ip: 172.17.0.2, host: fc04eb3d93c3, networkLocation: /default-rack, certSerialId: null, persistedOpState: IN_SERVICE, persistedOpStateExpiryEpochSec: 0}.
2020-12-20 13:58:20,923 [ReplicationMonitor] INFO  container.ReplicationManager (ReplicationManager.java:sendCloseCommand(948)) - Sending close container command for container #1 to datanode bdeb8c9a-b6ce-4032-9abb-c56649ac7409{ip: 172.17.0.2, host: fc04eb3d93c3, networkLocation: /default-rack, certSerialId: null, persistedOpState: IN_SERVICE, persistedOpStateExpiryEpochSec: 0}.
2020-12-20 13:58:20,923 [ReplicationMonitor] INFO  container.ReplicationManager (ReplicationManager.java:sendCloseCommand(948)) - Sending close container command for container #1 to datanode c38782e9-3388-40a2-a7d0-b364a85c289d{ip: 172.17.0.2, host: fc04eb3d93c3, networkLocation: /default-rack, certSerialId: null, persistedOpState: IN_SERVICE, persistedOpStateExpiryEpochSec: 0}.
2020-12-20 13:58:20,923 [ReplicationMonitor] INFO  container.ReplicationManager (ReplicationManager.java:sendCloseCommand(948)) - Sending close container command for container #2 to datanode bdeb8c9a-b6ce-4032-9abb-c56649ac7409{ip: 172.17.0.2, host: fc04eb3d93c3, networkLocation: /default-rack, certSerialId: null, persistedOpState: IN_SERVICE, persistedOpStateExpiryEpochSec: 0}.
2020-12-20 13:58:20,924 [ReplicationMonitor] INFO  container.ReplicationManager (ReplicationManager.java:sendCloseCommand(948)) - Sending close container command for container #2 to datanode c38782e9-3388-40a2-a7d0-b364a85c289d{ip: 172.17.0.2, host: fc04eb3d93c3, networkLocation: /default-rack, certSerialId: null, persistedOpState: IN_SERVICE, persistedOpStateExpiryEpochSec: 0}.
2020-12-20 13:58:20,924 [ReplicationMonitor] INFO  container.ReplicationManager (ReplicationManager.java:sendCloseCommand(948)) - Sending close container command for container #2 to datanode 9165b65f-6848-484a-9f71-e5cc340a0655{ip: 172.17.0.2, host: fc04eb3d93c3, networkLocation: /default-rack, certSerialId: null, persistedOpState: IN_SERVICE, persistedOpStateExpiryEpochSec: 0}.
2020-12-20 13:58:20,924 [ReplicationMonitor] INFO  container.ReplicationManager (ReplicationManager.java:run(250)) - Replication Monitor Thread took 1 milliseconds for processing 4 containers.
2020-12-20 13:58:21,780 [Command processor thread] INFO  impl.RaftServerProxy (RaftServerProxy.java:remove(104)) - bdeb8c9a-b6ce-4032-9abb-c56649ac7409: remove  FOLLOWER bdeb8c9a-b6ce-4032-9abb-c56649ac7409@group-D36F1873C4E8:t1, leader=c38782e9-3388-40a2-a7d0-b364a85c289d, voted=c38782e9-3388-40a2-a7d0-b364a85c289d, raftlog=bdeb8c9a-b6ce-4032-9abb-c56649ac7409@group-D36F1873C4E8-SegmentedRaftLog:OPENED:c49,f51,i51, conf=0: [bdeb8c9a-b6ce-4032-9abb-c56649ac7409|rpc:172.17.0.2:44525|dataStream:, c38782e9-3388-40a2-a7d0-b364a85c289d|rpc:172.17.0.2:33919|dataStream:, 9165b65f-6848-484a-9f71-e5cc340a0655|rpc:172.17.0.2:39473|dataStream:], old=null RUNNING
2020-12-20 13:58:21,780 [Command processor thread] INFO  impl.RaftServerImpl (RaftServerImpl.java:lambda$shutdown$3(328)) - bdeb8c9a-b6ce-4032-9abb-c56649ac7409@group-D36F1873C4E8: shutdown
2020-12-20 13:58:21,780 [Command processor thread] INFO  util.JmxRegister (JmxRegister.java:unregister(73)) - Successfully un-registered JMX Bean with object name Ratis:service=RaftServer,group=group-D36F1873C4E8,id=bdeb8c9a-b6ce-4032-9abb-c56649ac7409
2020-12-20 13:58:21,780 [Command processor thread] INFO  impl.RoleInfo (RoleInfo.java:shutdownFollowerState(121)) - bdeb8c9a-b6ce-4032-9abb-c56649ac7409: shutdown bdeb8c9a-b6ce-4032-9abb-c56649ac7409@group-D36F1873C4E8-FollowerState
2020-12-20 13:58:21,780 [Command processor thread] INFO  impl.StateMachineUpdater (StateMachineUpdater.java:stopAndJoin(147)) - bdeb8c9a-b6ce-4032-9abb-c56649ac7409@group-D36F1873C4E8-StateMachineUpdater: set stopIndex = 49
2020-12-20 13:58:21,781 [Thread-857] INFO  impl.FollowerState (FollowerState.java:run(137)) - bdeb8c9a-b6ce-4032-9abb-c56649ac7409@group-D36F1873C4E8-FollowerState was interrupted: {}
java.lang.InterruptedException: sleep interrupted
	at java.lang.Thread.sleep(Native Method)
	at org.apache.ratis.util.JavaUtils.sleep(JavaUtils.java:250)
	at org.apache.ratis.server.impl.FollowerState.run(FollowerState.java:116)
2020-12-20 13:58:21,782 [bdeb8c9a-b6ce-4032-9abb-c56649ac7409@group-D36F1873C4E8-StateMachineUpdater] INFO  ratis.ContainerStateMachine (ContainerStateMachine.java:takeSnapshot(293)) - group-D36F1873C4E8: Taking a snapshot at:(t:1, i:49) file /github/workspace/mnt/ozone/hadoop-ozone/integration-test/target/test-dir/MiniOzoneClusterImpl-3ca51f30-c846-4083-9b7f-c1ea6aa91ff4/datanode-0/data/ratis/19f1c2c1-3ad3-4b75-8ed4-d36f1873c4e8/sm/snapshot.1_49
2020-12-20 13:58:21,782 [IPC Server handler 13 on default port 46341] INFO  node.SCMNodeManager (SCMNodeManager.java:updateDatanodeOpState(419)) - Scheduling a command to update the operationalState persisted on the datanode as the reported value (IN_SERVICE, 0) does not match the value stored in SCM (ENTERING_MAINTENANCE, 0)
2020-12-20 13:58:21,783 [Command processor thread] INFO  impl.RaftServerProxy (RaftServerProxy.java:remove(104)) - 9165b65f-6848-484a-9f71-e5cc340a0655: remove    LEADER 9165b65f-6848-484a-9f71-e5cc340a0655@group-3452AB93CABB:t1, leader=9165b65f-6848-484a-9f71-e5cc340a0655, voted=9165b65f-6848-484a-9f71-e5cc340a0655, raftlog=9165b65f-6848-484a-9f71-e5cc340a0655@group-3452AB93CABB-SegmentedRaftLog:OPENED:c0,f0,i0, conf=0: [9165b65f-6848-484a-9f71-e5cc340a0655|rpc:172.17.0.2:39473|dataStream:], old=null RUNNING
2020-12-20 13:58:21,783 [Command processor thread] INFO  impl.RaftServerImpl (RaftServerImpl.java:lambda$shutdown$3(328)) - 9165b65f-6848-484a-9f71-e5cc340a0655@group-3452AB93CABB: shutdown
2020-12-20 13:58:21,783 [Command processor thread] INFO  util.JmxRegister (JmxRegister.java:unregister(73)) - Successfully un-registered JMX Bean with object name Ratis:service=RaftServer,group=group-3452AB93CABB,id=9165b65f-6848-484a-9f71-e5cc340a0655
2020-12-20 13:58:21,783 [Command processor thread] INFO  impl.RoleInfo (RoleInfo.java:shutdownLeaderState(104)) - 9165b65f-6848-484a-9f71-e5cc340a0655: shutdown 9165b65f-6848-484a-9f71-e5cc340a0655@group-3452AB93CABB-LeaderState
2020-12-20 13:58:21,783 [Command processor thread] INFO  impl.PendingRequests (PendingRequests.java:sendNotLeaderResponses(250)) - 9165b65f-6848-484a-9f71-e5cc340a0655@group-3452AB93CABB-PendingRequests: sendNotLeaderResponses
2020-12-20 13:58:21,783 [Command processor thread] INFO  metrics.RatisMetrics (RatisMetrics.java:unregister(43)) - Unregistering Metrics Registry : ratis.log_appender.9165b65f-6848-484a-9f71-e5cc340a0655@group-3452AB93CABB
2020-12-20 13:58:21,783 [Command processor thread] INFO  metrics.RatisMetrics (RatisMetrics.java:unregister(43)) - Unregistering Metrics Registry : ratis.server.9165b65f-6848-484a-9f71-e5cc340a0655@group-3452AB93CABB
2020-12-20 13:58:21,784 [Command processor thread] INFO  impl.StateMachineUpdater (StateMachineUpdater.java:stopAndJoin(147)) - 9165b65f-6848-484a-9f71-e5cc340a0655@group-3452AB93CABB-StateMachineUpdater: set stopIndex = 0
2020-12-20 13:58:21,784 [9165b65f-6848-484a-9f71-e5cc340a0655@group-3452AB93CABB-StateMachineUpdater] INFO  ratis.ContainerStateMachine (ContainerStateMachine.java:takeSnapshot(293)) - group-3452AB93CABB: Taking a snapshot at:(t:1, i:0) file /github/workspace/mnt/ozone/hadoop-ozone/integration-test/target/test-dir/MiniOzoneClusterImpl-3ca51f30-c846-4083-9b7f-c1ea6aa91ff4/datanode-2/data/ratis/320a77f3-8602-4717-a6a3-3452ab93cabb/sm/snapshot.1_0
2020-12-20 13:58:21,784 [bdeb8c9a-b6ce-4032-9abb-c56649ac7409@group-D36F1873C4E8-StateMachineUpdater] INFO  ratis.ContainerStateMachine (ContainerStateMachine.java:takeSnapshot(304)) - group-D36F1873C4E8: Finished taking a snapshot at:(t:1, i:49) file:/github/workspace/mnt/ozone/hadoop-ozone/integration-test/target/test-dir/MiniOzoneClusterImpl-3ca51f30-c846-4083-9b7f-c1ea6aa91ff4/datanode-0/data/ratis/19f1c2c1-3ad3-4b75-8ed4-d36f1873c4e8/sm/snapshot.1_49 time:2
2020-12-20 13:58:21,786 [IPC Server handler 14 on default port 46341] INFO  node.SCMNodeManager (SCMNodeManager.java:updateDatanodeOpState(419)) - Scheduling a command to update the operationalState persisted on the datanode as the reported value (IN_SERVICE, 0) does not match the value stored in SCM (ENTERING_MAINTENANCE, 0)
2020-12-20 13:58:21,787 [9165b65f-6848-484a-9f71-e5cc340a0655@group-3452AB93CABB-StateMachineUpdater] INFO  ratis.ContainerStateMachine (ContainerStateMachine.java:takeSnapshot(304)) - group-3452AB93CABB: Finished taking a snapshot at:(t:1, i:0) file:/github/workspace/mnt/ozone/hadoop-ozone/integration-test/target/test-dir/MiniOzoneClusterImpl-3ca51f30-c846-4083-9b7f-c1ea6aa91ff4/datanode-2/data/ratis/320a77f3-8602-4717-a6a3-3452ab93cabb/sm/snapshot.1_0 time:3
2020-12-20 13:58:21,787 [bdeb8c9a-b6ce-4032-9abb-c56649ac7409@group-D36F1873C4E8-StateMachineUpdater] INFO  impl.StateMachineUpdater (StateMachineUpdater.java:takeSnapshot(278)) - bdeb8c9a-b6ce-4032-9abb-c56649ac7409@group-D36F1873C4E8-StateMachineUpdater: Took a snapshot at index 49
2020-12-20 13:58:21,787 [9165b65f-6848-484a-9f71-e5cc340a0655@group-3452AB93CABB-StateMachineUpdater] INFO  impl.StateMachineUpdater (StateMachineUpdater.java:takeSnapshot(278)) - 9165b65f-6848-484a-9f71-e5cc340a0655@group-3452AB93CABB-StateMachineUpdater: Took a snapshot at index 0
2020-12-20 13:58:21,787 [9165b65f-6848-484a-9f71-e5cc340a0655@group-3452AB93CABB-StateMachineUpdater] INFO  impl.StateMachineUpdater (StateMachineUpdater.java:lambda$new$0(87)) - 9165b65f-6848-484a-9f71-e5cc340a0655@group-3452AB93CABB-StateMachineUpdater: snapshotIndex: updateIncreasingly -1 -> 0
2020-12-20 13:58:21,787 [bdeb8c9a-b6ce-4032-9abb-c56649ac7409@group-D36F1873C4E8-StateMachineUpdater] INFO  impl.StateMachineUpdater (StateMachineUpdater.java:lambda$new$0(87)) - bdeb8c9a-b6ce-4032-9abb-c56649ac7409@group-D36F1873C4E8-StateMachineUpdater: snapshotIndex: updateIncreasingly -1 -> 49
2020-12-20 13:58:21,787 [bdeb8c9a-b6ce-4032-9abb-c56649ac7409@group-D36F1873C4E8-StateMachineUpdater] INFO  metrics.RatisMetrics (RatisMetrics.java:unregister(43)) - Unregistering Metrics Registry : ratis.state_machine.bdeb8c9a-b6ce-4032-9abb-c56649ac7409@group-D36F1873C4E8
2020-12-20 13:58:21,788 [Command processor thread] INFO  impl.RaftServerImpl (ServerState.java:close(406)) - bdeb8c9a-b6ce-4032-9abb-c56649ac7409@group-D36F1873C4E8: closes. applyIndex: 49
2020-12-20 13:58:21,788 [bdeb8c9a-b6ce-4032-9abb-c56649ac7409@group-D36F1873C4E8-SegmentedRaftLogWorker] INFO  segmented.SegmentedRaftLogWorker (SegmentedRaftLogWorker.java:run(329)) - bdeb8c9a-b6ce-4032-9abb-c56649ac7409@group-D36F1873C4E8-SegmentedRaftLogWorker was interrupted, exiting. There are 0 tasks remaining in the queue.
2020-12-20 13:58:21,787 [9165b65f-6848-484a-9f71-e5cc340a0655@group-3452AB93CABB-StateMachineUpdater] INFO  metrics.RatisMetrics (RatisMetrics.java:unregister(43)) - Unregistering Metrics Registry : ratis.state_machine.9165b65f-6848-484a-9f71-e5cc340a0655@group-3452AB93CABB
2020-12-20 13:58:21,788 [Command processor thread] INFO  impl.RaftServerImpl (ServerState.java:close(406)) - 9165b65f-6848-484a-9f71-e5cc340a0655@group-3452AB93CABB: closes. applyIndex: 0
2020-12-20 13:58:21,789 [Command processor thread] INFO  segmented.SegmentedRaftLogWorker (SegmentedRaftLogWorker.java:close(235)) - bdeb8c9a-b6ce-4032-9abb-c56649ac7409@group-D36F1873C4E8-SegmentedRaftLogWorker close()
2020-12-20 13:58:21,789 [9165b65f-6848-484a-9f71-e5cc340a0655@group-3452AB93CABB-SegmentedRaftLogWorker] INFO  segmented.SegmentedRaftLogWorker (SegmentedRaftLogWorker.java:run(329)) - 9165b65f-6848-484a-9f71-e5cc340a0655@group-3452AB93CABB-SegmentedRaftLogWorker was interrupted, exiting. There are 0 tasks remaining in the queue.
2020-12-20 13:58:21,789 [Command processor thread] INFO  segmented.SegmentedRaftLogWorker (SegmentedRaftLogWorker.java:close(235)) - 9165b65f-6848-484a-9f71-e5cc340a0655@group-3452AB93CABB-SegmentedRaftLogWorker close()
2020-12-20 13:58:21,789 [Command processor thread] INFO  metrics.RatisMetrics (RatisMetrics.java:unregister(43)) - Unregistering Metrics Registry : ratis.log_worker.bdeb8c9a-b6ce-4032-9abb-c56649ac7409@group-D36F1873C4E8
2020-12-20 13:58:21,789 [Command processor thread] INFO  metrics.RatisMetrics (RatisMetrics.java:unregister(43)) - Unregistering Metrics Registry : ratis.log_worker.9165b65f-6848-484a-9f71-e5cc340a0655@group-3452AB93CABB
2020-12-20 13:58:21,790 [Command processor thread] INFO  metrics.RatisMetrics (RatisMetrics.java:unregister(43)) - Unregistering Metrics Registry : ratis.leader_election.bdeb8c9a-b6ce-4032-9abb-c56649ac7409@group-D36F1873C4E8
2020-12-20 13:58:21,790 [Command processor thread] INFO  metrics.RatisMetrics (RatisMetrics.java:unregister(43)) - Unregistering Metrics Registry : ratis.leader_election.9165b65f-6848-484a-9f71-e5cc340a0655@group-3452AB93CABB
2020-12-20 13:58:21,790 [Command processor thread] INFO  metrics.RatisMetrics (RatisMetrics.java:unregister(43)) - Unregistering Metrics Registry : ratis.server.9165b65f-6848-484a-9f71-e5cc340a0655@group-3452AB93CABB
2020-12-20 13:58:21,791 [Command processor thread] INFO  impl.RaftServerImpl (RaftServerImpl.java:groupRemove(299)) - 9165b65f-6848-484a-9f71-e5cc340a0655@group-3452AB93CABB: Succeed to remove RaftStorageDirectory Storage Directory /github/workspace/mnt/ozone/hadoop-ozone/integration-test/target/test-dir/MiniOzoneClusterImpl-3ca51f30-c846-4083-9b7f-c1ea6aa91ff4/datanode-2/data/ratis/320a77f3-8602-4717-a6a3-3452ab93cabb
2020-12-20 13:58:21,791 [Command processor thread] INFO  commandhandler.ClosePipelineCommandHandler (ClosePipelineCommandHandler.java:handle(75)) - Close Pipeline PipelineID=320a77f3-8602-4717-a6a3-3452ab93cabb command on datanode 9165b65f-6848-484a-9f71-e5cc340a0655.
2020-12-20 13:58:21,791 [Command processor thread] INFO  impl.RaftServerProxy (RaftServerProxy.java:remove(104)) - 9165b65f-6848-484a-9f71-e5cc340a0655: remove  FOLLOWER 9165b65f-6848-484a-9f71-e5cc340a0655@group-D36F1873C4E8:t1, leader=c38782e9-3388-40a2-a7d0-b364a85c289d, voted=c38782e9-3388-40a2-a7d0-b364a85c289d, raftlog=9165b65f-6848-484a-9f71-e5cc340a0655@group-D36F1873C4E8-SegmentedRaftLog:OPENED:c49,f51,i51, conf=0: [bdeb8c9a-b6ce-4032-9abb-c56649ac7409|rpc:172.17.0.2:44525|dataStream:, c38782e9-3388-40a2-a7d0-b364a85c289d|rpc:172.17.0.2:33919|dataStream:, 9165b65f-6848-484a-9f71-e5cc340a0655|rpc:172.17.0.2:39473|dataStream:], old=null RUNNING
2020-12-20 13:58:21,791 [Command processor thread] INFO  impl.RaftServerImpl (RaftServerImpl.java:lambda$shutdown$3(328)) - 9165b65f-6848-484a-9f71-e5cc340a0655@group-D36F1873C4E8: shutdown
2020-12-20 13:58:21,791 [Command processor thread] INFO  util.JmxRegister (JmxRegister.java:unregister(73)) - Successfully un-registered JMX Bean with object name Ratis:service=RaftServer,group=group-D36F1873C4E8,id=9165b65f-6848-484a-9f71-e5cc340a0655
2020-12-20 13:58:21,791 [Command processor thread] INFO  impl.RoleInfo (RoleInfo.java:shutdownFollowerState(121)) - 9165b65f-6848-484a-9f71-e5cc340a0655: shutdown 9165b65f-6848-484a-9f71-e5cc340a0655@group-D36F1873C4E8-FollowerState
2020-12-20 13:58:21,791 [Thread-863] INFO  impl.FollowerState (FollowerState.java:run(137)) - 9165b65f-6848-484a-9f71-e5cc340a0655@group-D36F1873C4E8-FollowerState was interrupted: {}
java.lang.InterruptedException: sleep interrupted
	at java.lang.Thread.sleep(Native Method)
	at org.apache.ratis.util.JavaUtils.sleep(JavaUtils.java:250)
	at org.apache.ratis.server.impl.FollowerState.run(FollowerState.java:116)
2020-12-20 13:58:21,790 [Command processor thread] INFO  metrics.RatisMetrics (RatisMetrics.java:unregister(43)) - Unregistering Metrics Registry : ratis.server.bdeb8c9a-b6ce-4032-9abb-c56649ac7409@group-D36F1873C4E8
2020-12-20 13:58:21,793 [9165b65f-6848-484a-9f71-e5cc340a0655@group-D36F1873C4E8-StateMachineUpdater] INFO  ratis.ContainerStateMachine (ContainerStateMachine.java:takeSnapshot(293)) - group-D36F1873C4E8: Taking a snapshot at:(t:1, i:49) file /github/workspace/mnt/ozone/hadoop-ozone/integration-test/target/test-dir/MiniOzoneClusterImpl-3ca51f30-c846-4083-9b7f-c1ea6aa91ff4/datanode-2/data/ratis/19f1c2c1-3ad3-4b75-8ed4-d36f1873c4e8/sm/snapshot.1_49
2020-12-20 13:58:21,791 [Command processor thread] INFO  impl.StateMachineUpdater (StateMachineUpdater.java:stopAndJoin(147)) - 9165b65f-6848-484a-9f71-e5cc340a0655@group-D36F1873C4E8-StateMachineUpdater: set stopIndex = 49
2020-12-20 13:58:21,794 [9165b65f-6848-484a-9f71-e5cc340a0655@group-D36F1873C4E8-StateMachineUpdater] INFO  ratis.ContainerStateMachine (ContainerStateMachine.java:takeSnapshot(304)) - group-D36F1873C4E8: Finished taking a snapshot at:(t:1, i:49) file:/github/workspace/mnt/ozone/hadoop-ozone/integration-test/target/test-dir/MiniOzoneClusterImpl-3ca51f30-c846-4083-9b7f-c1ea6aa91ff4/datanode-2/data/ratis/19f1c2c1-3ad3-4b75-8ed4-d36f1873c4e8/sm/snapshot.1_49 time:2
2020-12-20 13:58:21,794 [9165b65f-6848-484a-9f71-e5cc340a0655@group-D36F1873C4E8-StateMachineUpdater] INFO  impl.StateMachineUpdater (StateMachineUpdater.java:takeSnapshot(278)) - 9165b65f-6848-484a-9f71-e5cc340a0655@group-D36F1873C4E8-StateMachineUpdater: Took a snapshot at index 49
2020-12-20 13:58:21,794 [9165b65f-6848-484a-9f71-e5cc340a0655@group-D36F1873C4E8-StateMachineUpdater] INFO  impl.StateMachineUpdater (StateMachineUpdater.java:lambda$new$0(87)) - 9165b65f-6848-484a-9f71-e5cc340a0655@group-D36F1873C4E8-StateMachineUpdater: snapshotIndex: updateIncreasingly -1 -> 49
2020-12-20 13:58:21,794 [9165b65f-6848-484a-9f71-e5cc340a0655@group-D36F1873C4E8-StateMachineUpdater] INFO  metrics.RatisMetrics (RatisMetrics.java:unregister(43)) - Unregistering Metrics Registry : ratis.state_machine.9165b65f-6848-484a-9f71-e5cc340a0655@group-D36F1873C4E8
2020-12-20 13:58:21,794 [Command processor thread] INFO  impl.RaftServerImpl (ServerState.java:close(406)) - 9165b65f-6848-484a-9f71-e5cc340a0655@group-D36F1873C4E8: closes. applyIndex: 49
2020-12-20 13:58:21,794 [9165b65f-6848-484a-9f71-e5cc340a0655@group-D36F1873C4E8-SegmentedRaftLogWorker] INFO  segmented.SegmentedRaftLogWorker (SegmentedRaftLogWorker.java:run(329)) - 9165b65f-6848-484a-9f71-e5cc340a0655@group-D36F1873C4E8-SegmentedRaftLogWorker was interrupted, exiting. There are 0 tasks remaining in the queue.
2020-12-20 13:58:21,795 [Command processor thread] INFO  segmented.SegmentedRaftLogWorker (SegmentedRaftLogWorker.java:close(235)) - 9165b65f-6848-484a-9f71-e5cc340a0655@group-D36F1873C4E8-SegmentedRaftLogWorker close()
2020-12-20 13:58:21,795 [Command processor thread] INFO  metrics.RatisMetrics (RatisMetrics.java:unregister(43)) - Unregistering Metrics Registry : ratis.log_worker.9165b65f-6848-484a-9f71-e5cc340a0655@group-D36F1873C4E8
2020-12-20 13:58:21,795 [Command processor thread] INFO  metrics.RatisMetrics (RatisMetrics.java:unregister(43)) - Unregistering Metrics Registry : ratis.leader_election.9165b65f-6848-484a-9f71-e5cc340a0655@group-D36F1873C4E8
2020-12-20 13:58:21,796 [IPC Server handler 16 on default port 46341] INFO  node.SCMNodeManager (SCMNodeManager.java:updateDatanodeOpState(419)) - Scheduling a command to update the operationalState persisted on the datanode as the reported value (IN_SERVICE, 0) does not match the value stored in SCM (ENTERING_MAINTENANCE, 0)
2020-12-20 13:58:21,796 [Command processor thread] INFO  keyvalue.KeyValueContainer (KeyValueContainer.java:flushAndSyncDB(388)) - Container 1 is synced with bcsId 49.
2020-12-20 13:58:21,797 [Command processor thread] INFO  keyvalue.KeyValueContainer (KeyValueContainer.java:flushAndSyncDB(388)) - Container 1 is synced with bcsId 49.
2020-12-20 13:58:21,797 [Command processor thread] INFO  metrics.RatisMetrics (RatisMetrics.java:unregister(43)) - Unregistering Metrics Registry : ratis.server.9165b65f-6848-484a-9f71-e5cc340a0655@group-D36F1873C4E8
2020-12-20 13:58:21,800 [IPC Server handler 19 on default port 46341] INFO  node.SCMNodeManager (SCMNodeManager.java:updateDatanodeOpState(419)) - Scheduling a command to update the operationalState persisted on the datanode as the reported value (IN_SERVICE, 0) does not match the value stored in SCM (ENTERING_MAINTENANCE, 0)
2020-12-20 13:58:21,800 [Command processor thread] INFO  keyvalue.KeyValueContainer (KeyValueContainer.java:flushAndSyncDB(388)) - Container 1 is synced with bcsId 49.
2020-12-20 13:58:21,801 [Command processor thread] INFO  keyvalue.KeyValueContainer (KeyValueContainer.java:flushAndSyncDB(388)) - Container 1 is synced with bcsId 49.
2020-12-20 13:58:21,800 [Command processor thread] INFO  impl.RaftServerProxy (RaftServerProxy.java:remove(104)) - c38782e9-3388-40a2-a7d0-b364a85c289d: remove    LEADER c38782e9-3388-40a2-a7d0-b364a85c289d@group-D36F1873C4E8:t1, leader=c38782e9-3388-40a2-a7d0-b364a85c289d, voted=c38782e9-3388-40a2-a7d0-b364a85c289d, raftlog=c38782e9-3388-40a2-a7d0-b364a85c289d@group-D36F1873C4E8-SegmentedRaftLog:OPENED:c51,f51,i51, conf=0: [bdeb8c9a-b6ce-4032-9abb-c56649ac7409|rpc:172.17.0.2:44525|dataStream:, c38782e9-3388-40a2-a7d0-b364a85c289d|rpc:172.17.0.2:33919|dataStream:, 9165b65f-6848-484a-9f71-e5cc340a0655|rpc:172.17.0.2:39473|dataStream:], old=null RUNNING
2020-12-20 13:58:21,801 [Command processor thread] INFO  impl.RaftServerImpl (RaftServerImpl.java:lambda$shutdown$3(328)) - c38782e9-3388-40a2-a7d0-b364a85c289d@group-D36F1873C4E8: shutdown
2020-12-20 13:58:21,801 [IPC Server handler 18 on default port 46341] INFO  node.SCMNodeManager (SCMNodeManager.java:updateDatanodeOpState(419)) - Scheduling a command to update the operationalState persisted on the datanode as the reported value (IN_SERVICE, 0) does not match the value stored in SCM (ENTERING_MAINTENANCE, 0)
2020-12-20 13:58:21,801 [Command processor thread] INFO  util.JmxRegister (JmxRegister.java:unregister(73)) - Successfully un-registered JMX Bean with object name Ratis:service=RaftServer,group=group-D36F1873C4E8,id=c38782e9-3388-40a2-a7d0-b364a85c289d
2020-12-20 13:58:21,802 [Command processor thread] INFO  impl.RoleInfo (RoleInfo.java:shutdownLeaderState(104)) - c38782e9-3388-40a2-a7d0-b364a85c289d: shutdown c38782e9-3388-40a2-a7d0-b364a85c289d@group-D36F1873C4E8-LeaderState
2020-12-20 13:58:21,803 [Command processor thread] INFO  metrics.RatisMetrics (RatisMetrics.java:unregister(43)) - Unregistering Metrics Registry : ratis_grpc.log_appender.c38782e9-3388-40a2-a7d0-b364a85c289d@group-D36F1873C4E8
2020-12-20 13:58:21,803 [Command processor thread] INFO  metrics.RatisMetrics (RatisMetrics.java:unregister(43)) - Unregistering Metrics Registry : ratis_grpc.log_appender.c38782e9-3388-40a2-a7d0-b364a85c289d@group-D36F1873C4E8
2020-12-20 13:58:21,803 [org.apache.ratis.server.impl.LogAppender$AppenderDaemon$$Lambda$479/1894571355@7d234a60] WARN  server.GrpcLogAppender (GrpcLogAppender.java:mayWait(168)) - c38782e9-3388-40a2-a7d0-b364a85c289d@group-D36F1873C4E8->bdeb8c9a-b6ce-4032-9abb-c56649ac7409-GrpcLogAppender: Wait interrupted by java.lang.InterruptedException
2020-12-20 13:58:21,803 [IPC Server handler 17 on default port 46341] INFO  node.SCMNodeManager (SCMNodeManager.java:updateDatanodeOpState(419)) - Scheduling a command to update the operationalState persisted on the datanode as the reported value (IN_SERVICE, 0) does not match the value stored in SCM (ENTERING_MAINTENANCE, 0)
2020-12-20 13:58:21,804 [grpc-default-executor-0] INFO  server.GrpcServerProtocolService (GrpcServerProtocolService.java:onCompleted(138)) - bdeb8c9a-b6ce-4032-9abb-c56649ac7409: Completed APPEND_ENTRIES, lastRequest: c38782e9-3388-40a2-a7d0-b364a85c289d->bdeb8c9a-b6ce-4032-9abb-c56649ac7409#193-t1, previous=(t:1, i:50), leaderCommit=49, initializing? false, entries: size=1, first=(t:1, i:51), METADATAENTRY(c:49)
2020-12-20 13:58:21,805 [EventQueue-IncrementalContainerReportForIncrementalContainerReportHandler] INFO  container.IncrementalContainerReportHandler (AbstractContainerReportHandler.java:updateContainerState(208)) - Moving container #1 to QUASI_CLOSED state, datanode bdeb8c9a-b6ce-4032-9abb-c56649ac7409{ip: 172.17.0.2, host: fc04eb3d93c3, networkLocation: /default-rack, certSerialId: null, persistedOpState: IN_SERVICE, persistedOpStateExpiryEpochSec: 0} reported QUASI_CLOSED replica.
2020-12-20 13:58:21,806 [grpc-default-executor-0] INFO  server.GrpcLogAppender (GrpcLogAppender.java:onCompleted(337)) - c38782e9-3388-40a2-a7d0-b364a85c289d@group-D36F1873C4E8->bdeb8c9a-b6ce-4032-9abb-c56649ac7409-AppendLogResponseHandler: follower responses appendEntries COMPLETED
2020-12-20 13:58:21,806 [grpc-default-executor-0] INFO  impl.FollowerInfo (FollowerInfo.java:lambda$new$0(51)) - c38782e9-3388-40a2-a7d0-b364a85c289d@group-D36F1873C4E8->bdeb8c9a-b6ce-4032-9abb-c56649ac7409: nextIndex: updateUnconditionally 52 -> 51
2020-12-20 13:58:21,806 [IPC Server handler 0 on default port 46341] INFO  node.SCMNodeManager (SCMNodeManager.java:updateDatanodeOpState(419)) - Scheduling a command to update the operationalState persisted on the datanode as the reported value (IN_SERVICE, 0) does not match the value stored in SCM (ENTERING_MAINTENANCE, 0)
2020-12-20 13:58:21,807 [Command processor thread] INFO  keyvalue.KeyValueContainer (KeyValueContainer.java:flushAndSyncDB(388)) - Container 2 is synced with bcsId 45.
2020-12-20 13:58:21,807 [Command processor thread] INFO  keyvalue.KeyValueContainer (KeyValueContainer.java:flushAndSyncDB(388)) - Container 2 is synced with bcsId 45.
2020-12-20 13:58:21,803 [Command processor thread] INFO  impl.PendingRequests (PendingRequests.java:sendNotLeaderResponses(250)) - c38782e9-3388-40a2-a7d0-b364a85c289d@group-D36F1873C4E8-PendingRequests: sendNotLeaderResponses
2020-12-20 13:58:21,808 [org.apache.ratis.server.impl.LogAppender$AppenderDaemon$$Lambda$479/1894571355@519ea3f1] WARN  server.GrpcLogAppender (GrpcLogAppender.java:mayWait(168)) - c38782e9-3388-40a2-a7d0-b364a85c289d@group-D36F1873C4E8->9165b65f-6848-484a-9f71-e5cc340a0655-GrpcLogAppender: Wait interrupted by java.lang.InterruptedException
2020-12-20 13:58:21,808 [grpc-default-executor-0] INFO  server.GrpcServerProtocolService (GrpcServerProtocolService.java:onCompleted(138)) - 9165b65f-6848-484a-9f71-e5cc340a0655: Completed APPEND_ENTRIES, lastRequest: c38782e9-3388-40a2-a7d0-b364a85c289d->9165b65f-6848-484a-9f71-e5cc340a0655#198-t1, previous=(t:1, i:50), leaderCommit=49, initializing? false, entries: size=1, first=(t:1, i:51), METADATAENTRY(c:49)
2020-12-20 13:58:21,809 [grpc-default-executor-2] INFO  server.GrpcLogAppender (GrpcLogAppender.java:onCompleted(337)) - c38782e9-3388-40a2-a7d0-b364a85c289d@group-D36F1873C4E8->9165b65f-6848-484a-9f71-e5cc340a0655-AppendLogResponseHandler: follower responses appendEntries COMPLETED
2020-12-20 13:58:21,809 [grpc-default-executor-2] INFO  impl.FollowerInfo (FollowerInfo.java:lambda$new$0(51)) - c38782e9-3388-40a2-a7d0-b364a85c289d@group-D36F1873C4E8->9165b65f-6848-484a-9f71-e5cc340a0655: nextIndex: updateUnconditionally 52 -> 51
2020-12-20 13:58:21,810 [Command processor thread] INFO  metrics.RatisMetrics (RatisMetrics.java:unregister(43)) - Unregistering Metrics Registry : ratis.log_appender.c38782e9-3388-40a2-a7d0-b364a85c289d@group-D36F1873C4E8
2020-12-20 13:58:21,810 [Command processor thread] INFO  metrics.RatisMetrics (RatisMetrics.java:unregister(43)) - Unregistering Metrics Registry : ratis.server.c38782e9-3388-40a2-a7d0-b364a85c289d@group-D36F1873C4E8
2020-12-20 13:58:21,810 [Command processor thread] INFO  impl.StateMachineUpdater (StateMachineUpdater.java:stopAndJoin(147)) - c38782e9-3388-40a2-a7d0-b364a85c289d@group-D36F1873C4E8-StateMachineUpdater: set stopIndex = 51
2020-12-20 13:58:21,810 [c38782e9-3388-40a2-a7d0-b364a85c289d@group-D36F1873C4E8-StateMachineUpdater] INFO  ratis.ContainerStateMachine (ContainerStateMachine.java:takeSnapshot(293)) - group-D36F1873C4E8: Taking a snapshot at:(t:1, i:51) file /github/workspace/mnt/ozone/hadoop-ozone/integration-test/target/test-dir/MiniOzoneClusterImpl-3ca51f30-c846-4083-9b7f-c1ea6aa91ff4/datanode-1/data/ratis/19f1c2c1-3ad3-4b75-8ed4-d36f1873c4e8/sm/snapshot.1_51
2020-12-20 13:58:21,811 [IPC Server handler 1 on default port 46341] INFO  node.SCMNodeManager (SCMNodeManager.java:updateDatanodeOpState(419)) - Scheduling a command to update the operationalState persisted on the datanode as the reported value (IN_SERVICE, 0) does not match the value stored in SCM (ENTERING_MAINTENANCE, 0)
2020-12-20 13:58:21,811 [EventQueue-IncrementalContainerReportForIncrementalContainerReportHandler] INFO  container.IncrementalContainerReportHandler (AbstractContainerReportHandler.java:updateContainerState(208)) - Moving container #2 to QUASI_CLOSED state, datanode bdeb8c9a-b6ce-4032-9abb-c56649ac7409{ip: 172.17.0.2, host: fc04eb3d93c3, networkLocation: /default-rack, certSerialId: null, persistedOpState: IN_SERVICE, persistedOpStateExpiryEpochSec: 0} reported QUASI_CLOSED replica.
2020-12-20 13:58:21,818 [c38782e9-3388-40a2-a7d0-b364a85c289d@group-D36F1873C4E8-StateMachineUpdater] INFO  ratis.ContainerStateMachine (ContainerStateMachine.java:takeSnapshot(304)) - group-D36F1873C4E8: Finished taking a snapshot at:(t:1, i:51) file:/github/workspace/mnt/ozone/hadoop-ozone/integration-test/target/test-dir/MiniOzoneClusterImpl-3ca51f30-c846-4083-9b7f-c1ea6aa91ff4/datanode-1/data/ratis/19f1c2c1-3ad3-4b75-8ed4-d36f1873c4e8/sm/snapshot.1_51 time:8
2020-12-20 13:58:21,818 [c38782e9-3388-40a2-a7d0-b364a85c289d@group-D36F1873C4E8-StateMachineUpdater] INFO  impl.StateMachineUpdater (StateMachineUpdater.java:takeSnapshot(278)) - c38782e9-3388-40a2-a7d0-b364a85c289d@group-D36F1873C4E8-StateMachineUpdater: Took a snapshot at index 51
2020-12-20 13:58:21,818 [c38782e9-3388-40a2-a7d0-b364a85c289d@group-D36F1873C4E8-StateMachineUpdater] INFO  impl.StateMachineUpdater (StateMachineUpdater.java:lambda$new$0(87)) - c38782e9-3388-40a2-a7d0-b364a85c289d@group-D36F1873C4E8-StateMachineUpdater: snapshotIndex: updateIncreasingly -1 -> 51
2020-12-20 13:58:21,818 [c38782e9-3388-40a2-a7d0-b364a85c289d@group-D36F1873C4E8-StateMachineUpdater] INFO  metrics.RatisMetrics (RatisMetrics.java:unregister(43)) - Unregistering Metrics Registry : ratis.state_machine.c38782e9-3388-40a2-a7d0-b364a85c289d@group-D36F1873C4E8
2020-12-20 13:58:21,819 [Command processor thread] INFO  impl.RaftServerImpl (ServerState.java:close(406)) - c38782e9-3388-40a2-a7d0-b364a85c289d@group-D36F1873C4E8: closes. applyIndex: 51
2020-12-20 13:58:21,819 [Command processor thread] INFO  impl.RaftServerImpl (RaftServerImpl.java:groupRemove(299)) - bdeb8c9a-b6ce-4032-9abb-c56649ac7409@group-D36F1873C4E8: Succeed to remove RaftStorageDirectory Storage Directory /github/workspace/mnt/ozone/hadoop-ozone/integration-test/target/test-dir/MiniOzoneClusterImpl-3ca51f30-c846-4083-9b7f-c1ea6aa91ff4/datanode-0/data/ratis/19f1c2c1-3ad3-4b75-8ed4-d36f1873c4e8
2020-12-20 13:58:21,819 [c38782e9-3388-40a2-a7d0-b364a85c289d@group-D36F1873C4E8-SegmentedRaftLogWorker] INFO  segmented.SegmentedRaftLogWorker (SegmentedRaftLogWorker.java:run(329)) - c38782e9-3388-40a2-a7d0-b364a85c289d@group-D36F1873C4E8-SegmentedRaftLogWorker was interrupted, exiting. There are 0 tasks remaining in the queue.
2020-12-20 13:58:21,819 [Command processor thread] INFO  segmented.SegmentedRaftLogWorker (SegmentedRaftLogWorker.java:close(235)) - c38782e9-3388-40a2-a7d0-b364a85c289d@group-D36F1873C4E8-SegmentedRaftLogWorker close()
2020-12-20 13:58:21,820 [Command processor thread] INFO  commandhandler.ClosePipelineCommandHandler (ClosePipelineCommandHandler.java:handle(75)) - Close Pipeline PipelineID=19f1c2c1-3ad3-4b75-8ed4-d36f1873c4e8 command on datanode bdeb8c9a-b6ce-4032-9abb-c56649ac7409.
2020-12-20 13:58:21,820 [Command processor thread] INFO  impl.RaftServerProxy (RaftServerProxy.java:remove(104)) - bdeb8c9a-b6ce-4032-9abb-c56649ac7409: remove    LEADER bdeb8c9a-b6ce-4032-9abb-c56649ac7409@group-ABDE5A73F2DC:t1, leader=bdeb8c9a-b6ce-4032-9abb-c56649ac7409, voted=bdeb8c9a-b6ce-4032-9abb-c56649ac7409, raftlog=bdeb8c9a-b6ce-4032-9abb-c56649ac7409@group-ABDE5A73F2DC-SegmentedRaftLog:OPENED:c0,f0,i0, conf=0: [bdeb8c9a-b6ce-4032-9abb-c56649ac7409|rpc:172.17.0.2:44525|dataStream:], old=null RUNNING
2020-12-20 13:58:21,821 [Command processor thread] INFO  metrics.RatisMetrics (RatisMetrics.java:unregister(43)) - Unregistering Metrics Registry : ratis.log_worker.c38782e9-3388-40a2-a7d0-b364a85c289d@group-D36F1873C4E8
2020-12-20 13:58:21,824 [Command processor thread] INFO  metrics.RatisMetrics (RatisMetrics.java:unregister(43)) - Unregistering Metrics Registry : ratis.leader_election.c38782e9-3388-40a2-a7d0-b364a85c289d@group-D36F1873C4E8
2020-12-20 13:58:21,824 [IPC Server handler 2 on default port 46341] INFO  node.SCMNodeManager (SCMNodeManager.java:updateDatanodeOpState(419)) - Scheduling a command to update the operationalState persisted on the datanode as the reported value (IN_SERVICE, 0) does not match the value stored in SCM (ENTERING_MAINTENANCE, 0)
2020-12-20 13:58:21,825 [Command processor thread] INFO  impl.RaftServerImpl (RaftServerImpl.java:lambda$shutdown$3(328)) - bdeb8c9a-b6ce-4032-9abb-c56649ac7409@group-ABDE5A73F2DC: shutdown
2020-12-20 13:58:21,824 [Command processor thread] INFO  metrics.RatisMetrics (RatisMetrics.java:unregister(43)) - Unregistering Metrics Registry : ratis.server.c38782e9-3388-40a2-a7d0-b364a85c289d@group-D36F1873C4E8
2020-12-20 13:58:21,827 [Command processor thread] INFO  util.JmxRegister (JmxRegister.java:unregister(73)) - Successfully un-registered JMX Bean with object name Ratis:service=RaftServer,group=group-ABDE5A73F2DC,id=bdeb8c9a-b6ce-4032-9abb-c56649ac7409
2020-12-20 13:58:21,828 [Command processor thread] INFO  impl.RoleInfo (RoleInfo.java:shutdownLeaderState(104)) - bdeb8c9a-b6ce-4032-9abb-c56649ac7409: shutdown bdeb8c9a-b6ce-4032-9abb-c56649ac7409@group-ABDE5A73F2DC-LeaderState
2020-12-20 13:58:21,828 [Command processor thread] INFO  impl.PendingRequests (PendingRequests.java:sendNotLeaderResponses(250)) - bdeb8c9a-b6ce-4032-9abb-c56649ac7409@group-ABDE5A73F2DC-PendingRequests: sendNotLeaderResponses
2020-12-20 13:58:21,828 [Command processor thread] INFO  metrics.RatisMetrics (RatisMetrics.java:unregister(43)) - Unregistering Metrics Registry : ratis.log_appender.bdeb8c9a-b6ce-4032-9abb-c56649ac7409@group-ABDE5A73F2DC
2020-12-20 13:58:21,829 [Command processor thread] INFO  metrics.RatisMetrics (RatisMetrics.java:unregister(43)) - Unregistering Metrics Registry : ratis.server.bdeb8c9a-b6ce-4032-9abb-c56649ac7409@group-ABDE5A73F2DC
2020-12-20 13:58:21,829 [IPC Server handler 3 on default port 46341] INFO  node.SCMNodeManager (SCMNodeManager.java:updateDatanodeOpState(419)) - Scheduling a command to update the operationalState persisted on the datanode as the reported value (IN_SERVICE, 0) does not match the value stored in SCM (ENTERING_MAINTENANCE, 0)
2020-12-20 13:58:21,830 [bdeb8c9a-b6ce-4032-9abb-c56649ac7409@group-ABDE5A73F2DC-StateMachineUpdater] INFO  ratis.ContainerStateMachine (ContainerStateMachine.java:takeSnapshot(293)) - group-ABDE5A73F2DC: Taking a snapshot at:(t:1, i:0) file /github/workspace/mnt/ozone/hadoop-ozone/integration-test/target/test-dir/MiniOzoneClusterImpl-3ca51f30-c846-4083-9b7f-c1ea6aa91ff4/datanode-0/data/ratis/31332280-a6c7-49b0-9627-abde5a73f2dc/sm/snapshot.1_0
2020-12-20 13:58:21,830 [Command processor thread] INFO  keyvalue.KeyValueContainer (KeyValueContainer.java:flushAndSyncDB(388)) - Container 1 is synced with bcsId 49.
2020-12-20 13:58:21,830 [bdeb8c9a-b6ce-4032-9abb-c56649ac7409@group-ABDE5A73F2DC-StateMachineUpdater] INFO  ratis.ContainerStateMachine (ContainerStateMachine.java:takeSnapshot(304)) - group-ABDE5A73F2DC: Finished taking a snapshot at:(t:1, i:0) file:/github/workspace/mnt/ozone/hadoop-ozone/integration-test/target/test-dir/MiniOzoneClusterImpl-3ca51f30-c846-4083-9b7f-c1ea6aa91ff4/datanode-0/data/ratis/31332280-a6c7-49b0-9627-abde5a73f2dc/sm/snapshot.1_0 time:0
2020-12-20 13:58:21,830 [IPC Server handler 4 on default port 46341] INFO  node.SCMNodeManager (SCMNodeManager.java:updateDatanodeOpState(419)) - Scheduling a command to update the operationalState persisted on the datanode as the reported value (IN_SERVICE, 0) does not match the value stored in SCM (ENTERING_MAINTENANCE, 0)
2020-12-20 13:58:21,831 [bdeb8c9a-b6ce-4032-9abb-c56649ac7409@group-ABDE5A73F2DC-StateMachineUpdater] INFO  impl.StateMachineUpdater (StateMachineUpdater.java:takeSnapshot(278)) - bdeb8c9a-b6ce-4032-9abb-c56649ac7409@group-ABDE5A73F2DC-StateMachineUpdater: Took a snapshot at index 0
2020-12-20 13:58:21,831 [bdeb8c9a-b6ce-4032-9abb-c56649ac7409@group-ABDE5A73F2DC-StateMachineUpdater] INFO  impl.StateMachineUpdater (StateMachineUpdater.java:lambda$new$0(87)) - bdeb8c9a-b6ce-4032-9abb-c56649ac7409@group-ABDE5A73F2DC-StateMachineUpdater: snapshotIndex: updateIncreasingly -1 -> 0
2020-12-20 13:58:21,831 [bdeb8c9a-b6ce-4032-9abb-c56649ac7409@group-ABDE5A73F2DC-StateMachineUpdater] INFO  metrics.RatisMetrics (RatisMetrics.java:unregister(43)) - Unregistering Metrics Registry : ratis.state_machine.bdeb8c9a-b6ce-4032-9abb-c56649ac7409@group-ABDE5A73F2DC
2020-12-20 13:58:21,830 [Command processor thread] INFO  impl.StateMachineUpdater (StateMachineUpdater.java:stopAndJoin(147)) - bdeb8c9a-b6ce-4032-9abb-c56649ac7409@group-ABDE5A73F2DC-StateMachineUpdater: set stopIndex = 0
2020-12-20 13:58:21,831 [Command processor thread] INFO  impl.RaftServerImpl (ServerState.java:close(406)) - bdeb8c9a-b6ce-4032-9abb-c56649ac7409@group-ABDE5A73F2DC: closes. applyIndex: 0
2020-12-20 13:58:21,830 [Command processor thread] INFO  keyvalue.KeyValueContainer (KeyValueContainer.java:flushAndSyncDB(388)) - Container 1 is synced with bcsId 49.
2020-12-20 13:58:21,831 [bdeb8c9a-b6ce-4032-9abb-c56649ac7409@group-ABDE5A73F2DC-SegmentedRaftLogWorker] INFO  segmented.SegmentedRaftLogWorker (SegmentedRaftLogWorker.java:run(329)) - bdeb8c9a-b6ce-4032-9abb-c56649ac7409@group-ABDE5A73F2DC-SegmentedRaftLogWorker was interrupted, exiting. There are 0 tasks remaining in the queue.
2020-12-20 13:58:21,832 [Command processor thread] INFO  keyvalue.KeyValueContainer (KeyValueContainer.java:flushAndSyncDB(388)) - Container 2 is synced with bcsId 45.
2020-12-20 13:58:21,832 [Command processor thread] INFO  keyvalue.KeyValueContainer (KeyValueContainer.java:flushAndSyncDB(388)) - Container 2 is synced with bcsId 45.
2020-12-20 13:58:21,832 [Command processor thread] INFO  segmented.SegmentedRaftLogWorker (SegmentedRaftLogWorker.java:close(235)) - bdeb8c9a-b6ce-4032-9abb-c56649ac7409@group-ABDE5A73F2DC-SegmentedRaftLogWorker close()
2020-12-20 13:58:21,834 [Command processor thread] INFO  metrics.RatisMetrics (RatisMetrics.java:unregister(43)) - Unregistering Metrics Registry : ratis.log_worker.bdeb8c9a-b6ce-4032-9abb-c56649ac7409@group-ABDE5A73F2DC
2020-12-20 13:58:21,835 [Command processor thread] INFO  metrics.RatisMetrics (RatisMetrics.java:unregister(43)) - Unregistering Metrics Registry : ratis.leader_election.bdeb8c9a-b6ce-4032-9abb-c56649ac7409@group-ABDE5A73F2DC
2020-12-20 13:58:21,835 [Command processor thread] INFO  metrics.RatisMetrics (RatisMetrics.java:unregister(43)) - Unregistering Metrics Registry : ratis.server.bdeb8c9a-b6ce-4032-9abb-c56649ac7409@group-ABDE5A73F2DC
2020-12-20 13:58:21,839 [Command processor thread] INFO  impl.RaftServerImpl (RaftServerImpl.java:groupRemove(299)) - bdeb8c9a-b6ce-4032-9abb-c56649ac7409@group-ABDE5A73F2DC: Succeed to remove RaftStorageDirectory Storage Directory /github/workspace/mnt/ozone/hadoop-ozone/integration-test/target/test-dir/MiniOzoneClusterImpl-3ca51f30-c846-4083-9b7f-c1ea6aa91ff4/datanode-0/data/ratis/31332280-a6c7-49b0-9627-abde5a73f2dc
2020-12-20 13:58:21,839 [Command processor thread] INFO  commandhandler.ClosePipelineCommandHandler (ClosePipelineCommandHandler.java:handle(75)) - Close Pipeline PipelineID=31332280-a6c7-49b0-9627-abde5a73f2dc command on datanode bdeb8c9a-b6ce-4032-9abb-c56649ac7409.
2020-12-20 13:58:21,842 [Command processor thread] INFO  keyvalue.KeyValueContainer (KeyValueContainer.java:flushAndSyncDB(388)) - Container 2 is synced with bcsId 45.
2020-12-20 13:58:21,843 [Command processor thread] INFO  keyvalue.KeyValueContainer (KeyValueContainer.java:flushAndSyncDB(388)) - Container 2 is synced with bcsId 45.
2020-12-20 13:58:21,843 [IPC Server handler 5 on default port 46341] INFO  node.SCMNodeManager (SCMNodeManager.java:updateDatanodeOpState(419)) - Scheduling a command to update the operationalState persisted on the datanode as the reported value (IN_SERVICE, 0) does not match the value stored in SCM (ENTERING_MAINTENANCE, 0)
2020-12-20 13:58:21,844 [IPC Server handler 6 on default port 46341] INFO  node.SCMNodeManager (SCMNodeManager.java:updateDatanodeOpState(419)) - Scheduling a command to update the operationalState persisted on the datanode as the reported value (IN_SERVICE, 0) does not match the value stored in SCM (ENTERING_MAINTENANCE, 0)
2020-12-20 13:58:21,844 [Command processor thread] INFO  impl.RaftServerImpl (RaftServerImpl.java:groupRemove(299)) - 9165b65f-6848-484a-9f71-e5cc340a0655@group-D36F1873C4E8: Succeed to remove RaftStorageDirectory Storage Directory /github/workspace/mnt/ozone/hadoop-ozone/integration-test/target/test-dir/MiniOzoneClusterImpl-3ca51f30-c846-4083-9b7f-c1ea6aa91ff4/datanode-2/data/ratis/19f1c2c1-3ad3-4b75-8ed4-d36f1873c4e8
2020-12-20 13:58:21,845 [Command processor thread] INFO  commandhandler.ClosePipelineCommandHandler (ClosePipelineCommandHandler.java:handle(75)) - Close Pipeline PipelineID=19f1c2c1-3ad3-4b75-8ed4-d36f1873c4e8 command on datanode 9165b65f-6848-484a-9f71-e5cc340a0655.
2020-12-20 13:58:21,845 [IPC Server handler 7 on default port 46341] INFO  node.SCMNodeManager (SCMNodeManager.java:updateDatanodeOpState(419)) - Scheduling a command to update the operationalState persisted on the datanode as the reported value (IN_SERVICE, 0) does not match the value stored in SCM (ENTERING_MAINTENANCE, 0)
2020-12-20 13:58:21,846 [IPC Server handler 8 on default port 46341] INFO  node.SCMNodeManager (SCMNodeManager.java:updateDatanodeOpState(419)) - Scheduling a command to update the operationalState persisted on the datanode as the reported value (IN_SERVICE, 0) does not match the value stored in SCM (ENTERING_MAINTENANCE, 0)
2020-12-20 13:58:21,846 [Command processor thread] WARN  impl.RaftServerProxy (RaftServerProxy.java:remove(99)) - bdeb8c9a-b6ce-4032-9abb-c56649ac7409: does not contain group: group-ABDE5A73F2DC
2020-12-20 13:58:21,848 [Command processor thread] WARN  impl.RaftServerProxy (RaftServerProxy.java:remove(99)) - 9165b65f-6848-484a-9f71-e5cc340a0655: does not contain group: group-3452AB93CABB
2020-12-20 13:58:21,847 [Command processor thread] INFO  impl.RaftServerImpl (RaftServerImpl.java:groupRemove(299)) - c38782e9-3388-40a2-a7d0-b364a85c289d@group-D36F1873C4E8: Succeed to remove RaftStorageDirectory Storage Directory /github/workspace/mnt/ozone/hadoop-ozone/integration-test/target/test-dir/MiniOzoneClusterImpl-3ca51f30-c846-4083-9b7f-c1ea6aa91ff4/datanode-1/data/ratis/19f1c2c1-3ad3-4b75-8ed4-d36f1873c4e8
2020-12-20 13:58:21,849 [Command processor thread] INFO  commandhandler.ClosePipelineCommandHandler (ClosePipelineCommandHandler.java:handle(75)) - Close Pipeline PipelineID=19f1c2c1-3ad3-4b75-8ed4-d36f1873c4e8 command on datanode c38782e9-3388-40a2-a7d0-b364a85c289d.
2020-12-20 13:58:21,849 [Command processor thread] INFO  impl.RaftServerProxy (RaftServerProxy.java:remove(104)) - c38782e9-3388-40a2-a7d0-b364a85c289d: remove    LEADER c38782e9-3388-40a2-a7d0-b364a85c289d@group-C12A08025234:t1, leader=c38782e9-3388-40a2-a7d0-b364a85c289d, voted=c38782e9-3388-40a2-a7d0-b364a85c289d, raftlog=c38782e9-3388-40a2-a7d0-b364a85c289d@group-C12A08025234-SegmentedRaftLog:OPENED:c0,f0,i0, conf=0: [c38782e9-3388-40a2-a7d0-b364a85c289d|rpc:172.17.0.2:33919|dataStream:], old=null RUNNING
2020-12-20 13:58:21,850 [Command processor thread] INFO  impl.RaftServerImpl (RaftServerImpl.java:lambda$shutdown$3(328)) - c38782e9-3388-40a2-a7d0-b364a85c289d@group-C12A08025234: shutdown
2020-12-20 13:58:21,850 [Command processor thread] INFO  util.JmxRegister (JmxRegister.java:unregister(73)) - Successfully un-registered JMX Bean with object name Ratis:service=RaftServer,group=group-C12A08025234,id=c38782e9-3388-40a2-a7d0-b364a85c289d
2020-12-20 13:58:21,850 [Command processor thread] INFO  impl.RoleInfo (RoleInfo.java:shutdownLeaderState(104)) - c38782e9-3388-40a2-a7d0-b364a85c289d: shutdown c38782e9-3388-40a2-a7d0-b364a85c289d@group-C12A08025234-LeaderState
2020-12-20 13:58:21,850 [Command processor thread] INFO  impl.PendingRequests (PendingRequests.java:sendNotLeaderResponses(250)) - c38782e9-3388-40a2-a7d0-b364a85c289d@group-C12A08025234-PendingRequests: sendNotLeaderResponses
2020-12-20 13:58:21,850 [Command processor thread] INFO  metrics.RatisMetrics (RatisMetrics.java:unregister(43)) - Unregistering Metrics Registry : ratis.log_appender.c38782e9-3388-40a2-a7d0-b364a85c289d@group-C12A08025234
2020-12-20 13:58:21,850 [Command processor thread] INFO  metrics.RatisMetrics (RatisMetrics.java:unregister(43)) - Unregistering Metrics Registry : ratis.server.c38782e9-3388-40a2-a7d0-b364a85c289d@group-C12A08025234
2020-12-20 13:58:21,850 [Command processor thread] INFO  impl.StateMachineUpdater (StateMachineUpdater.java:stopAndJoin(147)) - c38782e9-3388-40a2-a7d0-b364a85c289d@group-C12A08025234-StateMachineUpdater: set stopIndex = 0
2020-12-20 13:58:21,851 [Command processor thread] ERROR commandhandler.ClosePipelineCommandHandler (ClosePipelineCommandHandler.java:handle(78)) - Can't close pipeline PipelineID=320a77f3-8602-4717-a6a3-3452ab93cabb
java.io.IOException: 9165b65f-6848-484a-9f71-e5cc340a0655: Group group-3452AB93CABB not found.
	at org.apache.hadoop.ozone.container.common.transport.server.ratis.XceiverServerRatis.removeGroup(XceiverServerRatis.java:774)
	at org.apache.hadoop.ozone.container.common.statemachine.commandhandler.ClosePipelineCommandHandler.handle(ClosePipelineCommandHandler.java:74)
	at org.apache.hadoop.ozone.container.common.statemachine.commandhandler.CommandDispatcher.handle(CommandDispatcher.java:99)
	at org.apache.hadoop.ozone.container.common.statemachine.DatanodeStateMachine.lambda$initCommandHandlerThread$2(DatanodeStateMachine.java:498)
	at java.lang.Thread.run(Thread.java:748)
Caused by: org.apache.ratis.protocol.exceptions.GroupMismatchException: 9165b65f-6848-484a-9f71-e5cc340a0655: Group group-3452AB93CABB not found.
	at org.apache.ratis.server.impl.RaftServerProxy.groupRemoveAsync(RaftServerProxy.java:445)
	at org.apache.ratis.server.impl.RaftServerProxy.groupManagementAsync(RaftServerProxy.java:401)
	at org.apache.ratis.server.impl.RaftServerProxy.groupManagement(RaftServerProxy.java:381)
	at org.apache.hadoop.ozone.container.common.transport.server.ratis.XceiverServerRatis.removeGroup(XceiverServerRatis.java:772)
	... 4 more
2020-12-20 13:58:21,851 [Command processor thread] WARN  impl.RaftServerProxy (RaftServerProxy.java:remove(99)) - 9165b65f-6848-484a-9f71-e5cc340a0655: does not contain group: group-D36F1873C4E8
2020-12-20 13:58:21,851 [c38782e9-3388-40a2-a7d0-b364a85c289d@group-C12A08025234-StateMachineUpdater] INFO  ratis.ContainerStateMachine (ContainerStateMachine.java:takeSnapshot(293)) - group-C12A08025234: Taking a snapshot at:(t:1, i:0) file /github/workspace/mnt/ozone/hadoop-ozone/integration-test/target/test-dir/MiniOzoneClusterImpl-3ca51f30-c846-4083-9b7f-c1ea6aa91ff4/datanode-1/data/ratis/7b719ba8-9004-455b-8bb9-c12a08025234/sm/snapshot.1_0
2020-12-20 13:58:21,851 [Command processor thread] ERROR commandhandler.ClosePipelineCommandHandler (ClosePipelineCommandHandler.java:handle(78)) - Can't close pipeline PipelineID=19f1c2c1-3ad3-4b75-8ed4-d36f1873c4e8
java.io.IOException: 9165b65f-6848-484a-9f71-e5cc340a0655: Group group-D36F1873C4E8 not found.
	at org.apache.hadoop.ozone.container.common.transport.server.ratis.XceiverServerRatis.removeGroup(XceiverServerRatis.java:774)
	at org.apache.hadoop.ozone.container.common.statemachine.commandhandler.ClosePipelineCommandHandler.handle(ClosePipelineCommandHandler.java:74)
	at org.apache.hadoop.ozone.container.common.statemachine.commandhandler.CommandDispatcher.handle(CommandDispatcher.java:99)
	at org.apache.hadoop.ozone.container.common.statemachine.DatanodeStateMachine.lambda$initCommandHandlerThread$2(DatanodeStateMachine.java:498)
	at java.lang.Thread.run(Thread.java:748)
Caused by: org.apache.ratis.protocol.exceptions.GroupMismatchException: 9165b65f-6848-484a-9f71-e5cc340a0655: Group group-D36F1873C4E8 not found.
	at org.apache.ratis.server.impl.RaftServerProxy.groupRemoveAsync(RaftServerProxy.java:445)
	at org.apache.ratis.server.impl.RaftServerProxy.groupManagementAsync(RaftServerProxy.java:401)
	at org.apache.ratis.server.impl.RaftServerProxy.groupManagement(RaftServerProxy.java:381)
	at org.apache.hadoop.ozone.container.common.transport.server.ratis.XceiverServerRatis.removeGroup(XceiverServerRatis.java:772)
	... 4 more
2020-12-20 13:58:21,852 [Command processor thread] ERROR commandhandler.ClosePipelineCommandHandler (ClosePipelineCommandHandler.java:handle(78)) - Can't close pipeline PipelineID=31332280-a6c7-49b0-9627-abde5a73f2dc
java.io.IOException: bdeb8c9a-b6ce-4032-9abb-c56649ac7409: Group group-ABDE5A73F2DC not found.
	at org.apache.hadoop.ozone.container.common.transport.server.ratis.XceiverServerRatis.removeGroup(XceiverServerRatis.java:774)
	at org.apache.hadoop.ozone.container.common.statemachine.commandhandler.ClosePipelineCommandHandler.handle(ClosePipelineCommandHandler.java:74)
	at org.apache.hadoop.ozone.container.common.statemachine.commandhandler.CommandDispatcher.handle(CommandDispatcher.java:99)
	at org.apache.hadoop.ozone.container.common.statemachine.DatanodeStateMachine.lambda$initCommandHandlerThread$2(DatanodeStateMachine.java:498)
	at java.lang.Thread.run(Thread.java:748)
Caused by: org.apache.ratis.protocol.exceptions.GroupMismatchException: bdeb8c9a-b6ce-4032-9abb-c56649ac7409: Group group-ABDE5A73F2DC not found.
	at org.apache.ratis.server.impl.RaftServerProxy.groupRemoveAsync(RaftServerProxy.java:445)
	at org.apache.ratis.server.impl.RaftServerProxy.groupManagementAsync(RaftServerProxy.java:401)
	at org.apache.ratis.server.impl.RaftServerProxy.groupManagement(RaftServerProxy.java:381)
	at org.apache.hadoop.ozone.container.common.transport.server.ratis.XceiverServerRatis.removeGroup(XceiverServerRatis.java:772)
	... 4 more
2020-12-20 13:58:21,852 [c38782e9-3388-40a2-a7d0-b364a85c289d@group-C12A08025234-StateMachineUpdater] INFO  ratis.ContainerStateMachine (ContainerStateMachine.java:takeSnapshot(304)) - group-C12A08025234: Finished taking a snapshot at:(t:1, i:0) file:/github/workspace/mnt/ozone/hadoop-ozone/integration-test/target/test-dir/MiniOzoneClusterImpl-3ca51f30-c846-4083-9b7f-c1ea6aa91ff4/datanode-1/data/ratis/7b719ba8-9004-455b-8bb9-c12a08025234/sm/snapshot.1_0 time:1
2020-12-20 13:58:21,852 [c38782e9-3388-40a2-a7d0-b364a85c289d@group-C12A08025234-StateMachineUpdater] INFO  impl.StateMachineUpdater (StateMachineUpdater.java:takeSnapshot(278)) - c38782e9-3388-40a2-a7d0-b364a85c289d@group-C12A08025234-StateMachineUpdater: Took a snapshot at index 0
2020-12-20 13:58:21,852 [c38782e9-3388-40a2-a7d0-b364a85c289d@group-C12A08025234-StateMachineUpdater] INFO  impl.StateMachineUpdater (StateMachineUpdater.java:lambda$new$0(87)) - c38782e9-3388-40a2-a7d0-b364a85c289d@group-C12A08025234-StateMachineUpdater: snapshotIndex: updateIncreasingly -1 -> 0
2020-12-20 13:58:21,852 [c38782e9-3388-40a2-a7d0-b364a85c289d@group-C12A08025234-StateMachineUpdater] INFO  metrics.RatisMetrics (RatisMetrics.java:unregister(43)) - Unregistering Metrics Registry : ratis.state_machine.c38782e9-3388-40a2-a7d0-b364a85c289d@group-C12A08025234
2020-12-20 13:58:21,853 [Command processor thread] INFO  impl.RaftServerImpl (ServerState.java:close(406)) - c38782e9-3388-40a2-a7d0-b364a85c289d@group-C12A08025234: closes. applyIndex: 0
2020-12-20 13:58:21,853 [c38782e9-3388-40a2-a7d0-b364a85c289d@group-C12A08025234-SegmentedRaftLogWorker] INFO  segmented.SegmentedRaftLogWorker (SegmentedRaftLogWorker.java:run(329)) - c38782e9-3388-40a2-a7d0-b364a85c289d@group-C12A08025234-SegmentedRaftLogWorker was interrupted, exiting. There are 0 tasks remaining in the queue.
2020-12-20 13:58:21,853 [Command processor thread] WARN  impl.RaftServerProxy (RaftServerProxy.java:remove(99)) - bdeb8c9a-b6ce-4032-9abb-c56649ac7409: does not contain group: group-D36F1873C4E8
2020-12-20 13:58:21,853 [Command processor thread] ERROR commandhandler.ClosePipelineCommandHandler (ClosePipelineCommandHandler.java:handle(78)) - Can't close pipeline PipelineID=19f1c2c1-3ad3-4b75-8ed4-d36f1873c4e8
java.io.IOException: bdeb8c9a-b6ce-4032-9abb-c56649ac7409: Group group-D36F1873C4E8 not found.
	at org.apache.hadoop.ozone.container.common.transport.server.ratis.XceiverServerRatis.removeGroup(XceiverServerRatis.java:774)
	at org.apache.hadoop.ozone.container.common.statemachine.commandhandler.ClosePipelineCommandHandler.handle(ClosePipelineCommandHandler.java:74)
	at org.apache.hadoop.ozone.container.common.statemachine.commandhandler.CommandDispatcher.handle(CommandDispatcher.java:99)
	at org.apache.hadoop.ozone.container.common.statemachine.DatanodeStateMachine.lambda$initCommandHandlerThread$2(DatanodeStateMachine.java:498)
	at java.lang.Thread.run(Thread.java:748)
Caused by: org.apache.ratis.protocol.exceptions.GroupMismatchException: bdeb8c9a-b6ce-4032-9abb-c56649ac7409: Group group-D36F1873C4E8 not found.
	at org.apache.ratis.server.impl.RaftServerProxy.groupRemoveAsync(RaftServerProxy.java:445)
	at org.apache.ratis.server.impl.RaftServerProxy.groupManagementAsync(RaftServerProxy.java:401)
	at org.apache.ratis.server.impl.RaftServerProxy.groupManagement(RaftServerProxy.java:381)
	at org.apache.hadoop.ozone.container.common.transport.server.ratis.XceiverServerRatis.removeGroup(XceiverServerRatis.java:772)
	... 4 more
2020-12-20 13:58:21,854 [Command processor thread] WARN  impl.RaftServerProxy (RaftServerProxy.java:remove(99)) - bdeb8c9a-b6ce-4032-9abb-c56649ac7409: does not contain group: group-ABDE5A73F2DC
2020-12-20 13:58:21,854 [Command processor thread] ERROR commandhandler.ClosePipelineCommandHandler (ClosePipelineCommandHandler.java:handle(78)) - Can't close pipeline PipelineID=31332280-a6c7-49b0-9627-abde5a73f2dc
java.io.IOException: bdeb8c9a-b6ce-4032-9abb-c56649ac7409: Group group-ABDE5A73F2DC not found.
	at org.apache.hadoop.ozone.container.common.transport.server.ratis.XceiverServerRatis.removeGroup(XceiverServerRatis.java:774)
	at org.apache.hadoop.ozone.container.common.statemachine.commandhandler.ClosePipelineCommandHandler.handle(ClosePipelineCommandHandler.java:74)
	at org.apache.hadoop.ozone.container.common.statemachine.commandhandler.CommandDispatcher.handle(CommandDispatcher.java:99)
	at org.apache.hadoop.ozone.container.common.statemachine.DatanodeStateMachine.lambda$initCommandHandlerThread$2(DatanodeStateMachine.java:498)
	at java.lang.Thread.run(Thread.java:748)
Caused by: org.apache.ratis.protocol.exceptions.GroupMismatchException: bdeb8c9a-b6ce-4032-9abb-c56649ac7409: Group group-ABDE5A73F2DC not found.
	at org.apache.ratis.server.impl.RaftServerProxy.groupRemoveAsync(RaftServerProxy.java:445)
	at org.apache.ratis.server.impl.RaftServerProxy.groupManagementAsync(RaftServerProxy.java:401)
	at org.apache.ratis.server.impl.RaftServerProxy.groupManagement(RaftServerProxy.java:381)
	at org.apache.hadoop.ozone.container.common.transport.server.ratis.XceiverServerRatis.removeGroup(XceiverServerRatis.java:772)
	... 4 more
2020-12-20 13:58:21,857 [Command processor thread] WARN  impl.RaftServerProxy (RaftServerProxy.java:remove(99)) - bdeb8c9a-b6ce-4032-9abb-c56649ac7409: does not contain group: group-D36F1873C4E8
2020-12-20 13:58:21,857 [Command processor thread] ERROR commandhandler.ClosePipelineCommandHandler (ClosePipelineCommandHandler.java:handle(78)) - Can't close pipeline PipelineID=19f1c2c1-3ad3-4b75-8ed4-d36f1873c4e8
java.io.IOException: bdeb8c9a-b6ce-4032-9abb-c56649ac7409: Group group-D36F1873C4E8 not found.
	at org.apache.hadoop.ozone.container.common.transport.server.ratis.XceiverServerRatis.removeGroup(XceiverServerRatis.java:774)
	at org.apache.hadoop.ozone.container.common.statemachine.commandhandler.ClosePipelineCommandHandler.handle(ClosePipelineCommandHandler.java:74)
	at org.apache.hadoop.ozone.container.common.statemachine.commandhandler.CommandDispatcher.handle(CommandDispatcher.java:99)
	at org.apache.hadoop.ozone.container.common.statemachine.DatanodeStateMachine.lambda$initCommandHandlerThread$2(DatanodeStateMachine.java:498)
	at java.lang.Thread.run(Thread.java:748)
Caused by: org.apache.ratis.protocol.exceptions.GroupMismatchException: bdeb8c9a-b6ce-4032-9abb-c56649ac7409: Group group-D36F1873C4E8 not found.
	at org.apache.ratis.server.impl.RaftServerProxy.groupRemoveAsync(RaftServerProxy.java:445)
	at org.apache.ratis.server.impl.RaftServerProxy.groupManagementAsync(RaftServerProxy.java:401)
	at org.apache.ratis.server.impl.RaftServerProxy.groupManagement(RaftServerProxy.java:381)
	at org.apache.hadoop.ozone.container.common.transport.server.ratis.XceiverServerRatis.removeGroup(XceiverServerRatis.java:772)
	... 4 more
2020-12-20 13:58:21,852 [Command processor thread] WARN  impl.RaftServerProxy (RaftServerProxy.java:remove(99)) - 9165b65f-6848-484a-9f71-e5cc340a0655: does not contain group: group-3452AB93CABB
2020-12-20 13:58:21,853 [Command processor thread] INFO  segmented.SegmentedRaftLogWorker (SegmentedRaftLogWorker.java:close(235)) - c38782e9-3388-40a2-a7d0-b364a85c289d@group-C12A08025234-SegmentedRaftLogWorker close()
2020-12-20 13:58:21,858 [Command processor thread] INFO  metrics.RatisMetrics (RatisMetrics.java:unregister(43)) - Unregistering Metrics Registry : ratis.log_worker.c38782e9-3388-40a2-a7d0-b364a85c289d@group-C12A08025234
2020-12-20 13:58:21,858 [Command processor thread] INFO  metrics.RatisMetrics (RatisMetrics.java:unregister(43)) - Unregistering Metrics Registry : ratis.leader_election.c38782e9-3388-40a2-a7d0-b364a85c289d@group-C12A08025234
2020-12-20 13:58:21,858 [Command processor thread] INFO  metrics.RatisMetrics (RatisMetrics.java:unregister(43)) - Unregistering Metrics Registry : ratis.server.c38782e9-3388-40a2-a7d0-b364a85c289d@group-C12A08025234
2020-12-20 13:58:21,858 [Command processor thread] INFO  impl.RaftServerImpl (RaftServerImpl.java:groupRemove(299)) - c38782e9-3388-40a2-a7d0-b364a85c289d@group-C12A08025234: Succeed to remove RaftStorageDirectory Storage Directory /github/workspace/mnt/ozone/hadoop-ozone/integration-test/target/test-dir/MiniOzoneClusterImpl-3ca51f30-c846-4083-9b7f-c1ea6aa91ff4/datanode-1/data/ratis/7b719ba8-9004-455b-8bb9-c12a08025234
2020-12-20 13:58:21,859 [Command processor thread] INFO  commandhandler.ClosePipelineCommandHandler (ClosePipelineCommandHandler.java:handle(75)) - Close Pipeline PipelineID=7b719ba8-9004-455b-8bb9-c12a08025234 command on datanode c38782e9-3388-40a2-a7d0-b364a85c289d.
2020-12-20 13:58:21,859 [Command processor thread] ERROR commandhandler.ClosePipelineCommandHandler (ClosePipelineCommandHandler.java:handle(78)) - Can't close pipeline PipelineID=320a77f3-8602-4717-a6a3-3452ab93cabb
java.io.IOException: 9165b65f-6848-484a-9f71-e5cc340a0655: Group group-3452AB93CABB not found.
	at org.apache.hadoop.ozone.container.common.transport.server.ratis.XceiverServerRatis.removeGroup(XceiverServerRatis.java:774)
	at org.apache.hadoop.ozone.container.common.statemachine.commandhandler.ClosePipelineCommandHandler.handle(ClosePipelineCommandHandler.java:74)
	at org.apache.hadoop.ozone.container.common.statemachine.commandhandler.CommandDispatcher.handle(CommandDispatcher.java:99)
	at org.apache.hadoop.ozone.container.common.statemachine.DatanodeStateMachine.lambda$initCommandHandlerThread$2(DatanodeStateMachine.java:498)
	at java.lang.Thread.run(Thread.java:748)
Caused by: org.apache.ratis.protocol.exceptions.GroupMismatchException: 9165b65f-6848-484a-9f71-e5cc340a0655: Group group-3452AB93CABB not found.
	at org.apache.ratis.server.impl.RaftServerProxy.groupRemoveAsync(RaftServerProxy.java:445)
	at org.apache.ratis.server.impl.RaftServerProxy.groupManagementAsync(RaftServerProxy.java:401)
	at org.apache.ratis.server.impl.RaftServerProxy.groupManagement(RaftServerProxy.java:381)
	at org.apache.hadoop.ozone.container.common.transport.server.ratis.XceiverServerRatis.removeGroup(XceiverServerRatis.java:772)
	... 4 more
2020-12-20 13:58:21,859 [Command processor thread] WARN  impl.RaftServerProxy (RaftServerProxy.java:remove(99)) - 9165b65f-6848-484a-9f71-e5cc340a0655: does not contain group: group-D36F1873C4E8
2020-12-20 13:58:21,859 [Command processor thread] ERROR commandhandler.ClosePipelineCommandHandler (ClosePipelineCommandHandler.java:handle(78)) - Can't close pipeline PipelineID=19f1c2c1-3ad3-4b75-8ed4-d36f1873c4e8
java.io.IOException: 9165b65f-6848-484a-9f71-e5cc340a0655: Group group-D36F1873C4E8 not found.
	at org.apache.hadoop.ozone.container.common.transport.server.ratis.XceiverServerRatis.removeGroup(XceiverServerRatis.java:774)
	at org.apache.hadoop.ozone.container.common.statemachine.commandhandler.ClosePipelineCommandHandler.handle(ClosePipelineCommandHandler.java:74)
	at org.apache.hadoop.ozone.container.common.statemachine.commandhandler.CommandDispatcher.handle(CommandDispatcher.java:99)
	at org.apache.hadoop.ozone.container.common.statemachine.DatanodeStateMachine.lambda$initCommandHandlerThread$2(DatanodeStateMachine.java:498)
	at java.lang.Thread.run(Thread.java:748)
Caused by: org.apache.ratis.protocol.exceptions.GroupMismatchException: 9165b65f-6848-484a-9f71-e5cc340a0655: Group group-D36F1873C4E8 not found.
	at org.apache.ratis.server.impl.RaftServerProxy.groupRemoveAsync(RaftServerProxy.java:445)
	at org.apache.ratis.server.impl.RaftServerProxy.groupManagementAsync(RaftServerProxy.java:401)
	at org.apache.ratis.server.impl.RaftServerProxy.groupManagement(RaftServerProxy.java:381)
	at org.apache.hadoop.ozone.container.common.transport.server.ratis.XceiverServerRatis.removeGroup(XceiverServerRatis.java:772)
	... 4 more
2020-12-20 13:58:21,860 [Command processor thread] WARN  impl.RaftServerProxy (RaftServerProxy.java:remove(99)) - bdeb8c9a-b6ce-4032-9abb-c56649ac7409: does not contain group: group-ABDE5A73F2DC
2020-12-20 13:58:21,860 [Command processor thread] ERROR commandhandler.ClosePipelineCommandHandler (ClosePipelineCommandHandler.java:handle(78)) - Can't close pipeline PipelineID=31332280-a6c7-49b0-9627-abde5a73f2dc
java.io.IOException: bdeb8c9a-b6ce-4032-9abb-c56649ac7409: Group group-ABDE5A73F2DC not found.
	at org.apache.hadoop.ozone.container.common.transport.server.ratis.XceiverServerRatis.removeGroup(XceiverServerRatis.java:774)
	at org.apache.hadoop.ozone.container.common.statemachine.commandhandler.ClosePipelineCommandHandler.handle(ClosePipelineCommandHandler.java:74)
	at org.apache.hadoop.ozone.container.common.statemachine.commandhandler.CommandDispatcher.handle(CommandDispatcher.java:99)
	at org.apache.hadoop.ozone.container.common.statemachine.DatanodeStateMachine.lambda$initCommandHandlerThread$2(DatanodeStateMachine.java:498)
	at java.lang.Thread.run(Thread.java:748)
Caused by: org.apache.ratis.protocol.exceptions.GroupMismatchException: bdeb8c9a-b6ce-4032-9abb-c56649ac7409: Group group-ABDE5A73F2DC not found.
	at org.apache.ratis.server.impl.RaftServerProxy.groupRemoveAsync(RaftServerProxy.java:445)
	at org.apache.ratis.server.impl.RaftServerProxy.groupManagementAsync(RaftServerProxy.java:401)
	at org.apache.ratis.server.impl.RaftServerProxy.groupManagement(RaftServerProxy.java:381)
	at org.apache.hadoop.ozone.container.common.transport.server.ratis.XceiverServerRatis.removeGroup(XceiverServerRatis.java:772)
	... 4 more
2020-12-20 13:58:21,861 [Command processor thread] WARN  impl.RaftServerProxy (RaftServerProxy.java:remove(99)) - bdeb8c9a-b6ce-4032-9abb-c56649ac7409: does not contain group: group-D36F1873C4E8
2020-12-20 13:58:21,862 [Command processor thread] ERROR commandhandler.ClosePipelineCommandHandler (ClosePipelineCommandHandler.java:handle(78)) - Can't close pipeline PipelineID=19f1c2c1-3ad3-4b75-8ed4-d36f1873c4e8
java.io.IOException: bdeb8c9a-b6ce-4032-9abb-c56649ac7409: Group group-D36F1873C4E8 not found.
	at org.apache.hadoop.ozone.container.common.transport.server.ratis.XceiverServerRatis.removeGroup(XceiverServerRatis.java:774)
	at org.apache.hadoop.ozone.container.common.statemachine.commandhandler.ClosePipelineCommandHandler.handle(ClosePipelineCommandHandler.java:74)
	at org.apache.hadoop.ozone.container.common.statemachine.commandhandler.CommandDispatcher.handle(CommandDispatcher.java:99)
	at org.apache.hadoop.ozone.container.common.statemachine.DatanodeStateMachine.lambda$initCommandHandlerThread$2(DatanodeStateMachine.java:498)
	at java.lang.Thread.run(Thread.java:748)
Caused by: org.apache.ratis.protocol.exceptions.GroupMismatchException: bdeb8c9a-b6ce-4032-9abb-c56649ac7409: Group group-D36F1873C4E8 not found.
	at org.apache.ratis.server.impl.RaftServerProxy.groupRemoveAsync(RaftServerProxy.java:445)
	at org.apache.ratis.server.impl.RaftServerProxy.groupManagementAsync(RaftServerProxy.java:401)
	at org.apache.ratis.server.impl.RaftServerProxy.groupManagement(RaftServerProxy.java:381)
	at org.apache.hadoop.ozone.container.common.transport.server.ratis.XceiverServerRatis.removeGroup(XceiverServerRatis.java:772)
	... 4 more
2020-12-20 13:58:21,863 [Command processor thread] WARN  impl.RaftServerProxy (RaftServerProxy.java:remove(99)) - bdeb8c9a-b6ce-4032-9abb-c56649ac7409: does not contain group: group-ABDE5A73F2DC
2020-12-20 13:58:21,863 [Command processor thread] ERROR commandhandler.ClosePipelineCommandHandler (ClosePipelineCommandHandler.java:handle(78)) - Can't close pipeline PipelineID=31332280-a6c7-49b0-9627-abde5a73f2dc
java.io.IOException: bdeb8c9a-b6ce-4032-9abb-c56649ac7409: Group group-ABDE5A73F2DC not found.
	at org.apache.hadoop.ozone.container.common.transport.server.ratis.XceiverServerRatis.removeGroup(XceiverServerRatis.java:774)
	at org.apache.hadoop.ozone.container.common.statemachine.commandhandler.ClosePipelineCommandHandler.handle(ClosePipelineCommandHandler.java:74)
	at org.apache.hadoop.ozone.container.common.statemachine.commandhandler.CommandDispatcher.handle(CommandDispatcher.java:99)
	at org.apache.hadoop.ozone.container.common.statemachine.DatanodeStateMachine.lambda$initCommandHandlerThread$2(DatanodeStateMachine.java:498)
	at java.lang.Thread.run(Thread.java:748)
Caused by: org.apache.ratis.protocol.exceptions.GroupMismatchException: bdeb8c9a-b6ce-4032-9abb-c56649ac7409: Group group-ABDE5A73F2DC not found.
	at org.apache.ratis.server.impl.RaftServerProxy.groupRemoveAsync(RaftServerProxy.java:445)
	at org.apache.ratis.server.impl.RaftServerProxy.groupManagementAsync(RaftServerProxy.java:401)
	at org.apache.ratis.server.impl.RaftServerProxy.groupManagement(RaftServerProxy.java:381)
	at org.apache.hadoop.ozone.container.common.transport.server.ratis.XceiverServerRatis.removeGroup(XceiverServerRatis.java:772)
	... 4 more
2020-12-20 13:58:21,865 [Command processor thread] WARN  impl.RaftServerProxy (RaftServerProxy.java:remove(99)) - bdeb8c9a-b6ce-4032-9abb-c56649ac7409: does not contain group: group-D36F1873C4E8
2020-12-20 13:58:21,865 [Command processor thread] ERROR commandhandler.ClosePipelineCommandHandler (ClosePipelineCommandHandler.java:handle(78)) - Can't close pipeline PipelineID=19f1c2c1-3ad3-4b75-8ed4-d36f1873c4e8
java.io.IOException: bdeb8c9a-b6ce-4032-9abb-c56649ac7409: Group group-D36F1873C4E8 not found.
	at org.apache.hadoop.ozone.container.common.transport.server.ratis.XceiverServerRatis.removeGroup(XceiverServerRatis.java:774)
	at org.apache.hadoop.ozone.container.common.statemachine.commandhandler.ClosePipelineCommandHandler.handle(ClosePipelineCommandHandler.java:74)
	at org.apache.hadoop.ozone.container.common.statemachine.commandhandler.CommandDispatcher.handle(CommandDispatcher.java:99)
	at org.apache.hadoop.ozone.container.common.statemachine.DatanodeStateMachine.lambda$initCommandHandlerThread$2(DatanodeStateMachine.java:498)
	at java.lang.Thread.run(Thread.java:748)
Caused by: org.apache.ratis.protocol.exceptions.GroupMismatchException: bdeb8c9a-b6ce-4032-9abb-c56649ac7409: Group group-D36F1873C4E8 not found.
	at org.apache.ratis.server.impl.RaftServerProxy.groupRemoveAsync(RaftServerProxy.java:445)
	at org.apache.ratis.server.impl.RaftServerProxy.groupManagementAsync(RaftServerProxy.java:401)
	at org.apache.ratis.server.impl.RaftServerProxy.groupManagement(RaftServerProxy.java:381)
	at org.apache.hadoop.ozone.container.common.transport.server.ratis.XceiverServerRatis.removeGroup(XceiverServerRatis.java:772)
	... 4 more
2020-12-20 13:58:21,862 [Command processor thread] WARN  impl.RaftServerProxy (RaftServerProxy.java:remove(99)) - 9165b65f-6848-484a-9f71-e5cc340a0655: does not contain group: group-3452AB93CABB
2020-12-20 13:58:21,862 [Command processor thread] WARN  impl.RaftServerProxy (RaftServerProxy.java:remove(99)) - c38782e9-3388-40a2-a7d0-b364a85c289d: does not contain group: group-C12A08025234
2020-12-20 13:58:21,866 [Command processor thread] ERROR commandhandler.ClosePipelineCommandHandler (ClosePipelineCommandHandler.java:handle(78)) - Can't close pipeline PipelineID=7b719ba8-9004-455b-8bb9-c12a08025234
java.io.IOException: c38782e9-3388-40a2-a7d0-b364a85c289d: Group group-C12A08025234 not found.
	at org.apache.hadoop.ozone.container.common.transport.server.ratis.XceiverServerRatis.removeGroup(XceiverServerRatis.java:774)
	at org.apache.hadoop.ozone.container.common.statemachine.commandhandler.ClosePipelineCommandHandler.handle(ClosePipelineCommandHandler.java:74)
	at org.apache.hadoop.ozone.container.common.statemachine.commandhandler.CommandDispatcher.handle(CommandDispatcher.java:99)
	at org.apache.hadoop.ozone.container.common.statemachine.DatanodeStateMachine.lambda$initCommandHandlerThread$2(DatanodeStateMachine.java:498)
	at java.lang.Thread.run(Thread.java:748)
Caused by: org.apache.ratis.protocol.exceptions.GroupMismatchException: c38782e9-3388-40a2-a7d0-b364a85c289d: Group group-C12A08025234 not found.
	at org.apache.ratis.server.impl.RaftServerProxy.groupRemoveAsync(RaftServerProxy.java:445)
	at org.apache.ratis.server.impl.RaftServerProxy.groupManagementAsync(RaftServerProxy.java:401)
	at org.apache.ratis.server.impl.RaftServerProxy.groupManagement(RaftServerProxy.java:381)
	at org.apache.hadoop.ozone.container.common.transport.server.ratis.XceiverServerRatis.removeGroup(XceiverServerRatis.java:772)
	... 4 more
2020-12-20 13:58:21,867 [Command processor thread] WARN  impl.RaftServerProxy (RaftServerProxy.java:remove(99)) - c38782e9-3388-40a2-a7d0-b364a85c289d: does not contain group: group-D36F1873C4E8
2020-12-20 13:58:21,867 [Command processor thread] ERROR commandhandler.ClosePipelineCommandHandler (ClosePipelineCommandHandler.java:handle(78)) - Can't close pipeline PipelineID=19f1c2c1-3ad3-4b75-8ed4-d36f1873c4e8
java.io.IOException: c38782e9-3388-40a2-a7d0-b364a85c289d: Group group-D36F1873C4E8 not found.
	at org.apache.hadoop.ozone.container.common.transport.server.ratis.XceiverServerRatis.removeGroup(XceiverServerRatis.java:774)
	at org.apache.hadoop.ozone.container.common.statemachine.commandhandler.ClosePipelineCommandHandler.handle(ClosePipelineCommandHandler.java:74)
	at org.apache.hadoop.ozone.container.common.statemachine.commandhandler.CommandDispatcher.handle(CommandDispatcher.java:99)
	at org.apache.hadoop.ozone.container.common.statemachine.DatanodeStateMachine.lambda$initCommandHandlerThread$2(DatanodeStateMachine.java:498)
	at java.lang.Thread.run(Thread.java:748)
Caused by: org.apache.ratis.protocol.exceptions.GroupMismatchException: c38782e9-3388-40a2-a7d0-b364a85c289d: Group group-D36F1873C4E8 not found.
	at org.apache.ratis.server.impl.RaftServerProxy.groupRemoveAsync(RaftServerProxy.java:445)
	at org.apache.ratis.server.impl.RaftServerProxy.groupManagementAsync(RaftServerProxy.java:401)
	at org.apache.ratis.server.impl.RaftServerProxy.groupManagement(RaftServerProxy.java:381)
	at org.apache.hadoop.ozone.container.common.transport.server.ratis.XceiverServerRatis.removeGroup(XceiverServerRatis.java:772)
	... 4 more
2020-12-20 13:58:21,867 [Command processor thread] ERROR commandhandler.ClosePipelineCommandHandler (ClosePipelineCommandHandler.java:handle(78)) - Can't close pipeline PipelineID=320a77f3-8602-4717-a6a3-3452ab93cabb
java.io.IOException: 9165b65f-6848-484a-9f71-e5cc340a0655: Group group-3452AB93CABB not found.
	at org.apache.hadoop.ozone.container.common.transport.server.ratis.XceiverServerRatis.removeGroup(XceiverServerRatis.java:774)
	at org.apache.hadoop.ozone.container.common.statemachine.commandhandler.ClosePipelineCommandHandler.handle(ClosePipelineCommandHandler.java:74)
	at org.apache.hadoop.ozone.container.common.statemachine.commandhandler.CommandDispatcher.handle(CommandDispatcher.java:99)
	at org.apache.hadoop.ozone.container.common.statemachine.DatanodeStateMachine.lambda$initCommandHandlerThread$2(DatanodeStateMachine.java:498)
	at java.lang.Thread.run(Thread.java:748)
Caused by: org.apache.ratis.protocol.exceptions.GroupMismatchException: 9165b65f-6848-484a-9f71-e5cc340a0655: Group group-3452AB93CABB not found.
	at org.apache.ratis.server.impl.RaftServerProxy.groupRemoveAsync(RaftServerProxy.java:445)
	at org.apache.ratis.server.impl.RaftServerProxy.groupManagementAsync(RaftServerProxy.java:401)
	at org.apache.ratis.server.impl.RaftServerProxy.groupManagement(RaftServerProxy.java:381)
	at org.apache.hadoop.ozone.container.common.transport.server.ratis.XceiverServerRatis.removeGroup(XceiverServerRatis.java:772)
	... 4 more
2020-12-20 13:58:21,867 [Command processor thread] WARN  impl.RaftServerProxy (RaftServerProxy.java:remove(99)) - 9165b65f-6848-484a-9f71-e5cc340a0655: does not contain group: group-D36F1873C4E8
2020-12-20 13:58:21,867 [Command processor thread] ERROR commandhandler.ClosePipelineCommandHandler (ClosePipelineCommandHandler.java:handle(78)) - Can't close pipeline PipelineID=19f1c2c1-3ad3-4b75-8ed4-d36f1873c4e8
java.io.IOException: 9165b65f-6848-484a-9f71-e5cc340a0655: Group group-D36F1873C4E8 not found.
	at org.apache.hadoop.ozone.container.common.transport.server.ratis.XceiverServerRatis.removeGroup(XceiverServerRatis.java:774)
	at org.apache.hadoop.ozone.container.common.statemachine.commandhandler.ClosePipelineCommandHandler.handle(ClosePipelineCommandHandler.java:74)
	at org.apache.hadoop.ozone.container.common.statemachine.commandhandler.CommandDispatcher.handle(CommandDispatcher.java:99)
	at org.apache.hadoop.ozone.container.common.statemachine.DatanodeStateMachine.lambda$initCommandHandlerThread$2(DatanodeStateMachine.java:498)
	at java.lang.Thread.run(Thread.java:748)
Caused by: org.apache.ratis.protocol.exceptions.GroupMismatchException: 9165b65f-6848-484a-9f71-e5cc340a0655: Group group-D36F1873C4E8 not found.
	at org.apache.ratis.server.impl.RaftServerProxy.groupRemoveAsync(RaftServerProxy.java:445)
	at org.apache.ratis.server.impl.RaftServerProxy.groupManagementAsync(RaftServerProxy.java:401)
	at org.apache.ratis.server.impl.RaftServerProxy.groupManagement(RaftServerProxy.java:381)
	at org.apache.hadoop.ozone.container.common.transport.server.ratis.XceiverServerRatis.removeGroup(XceiverServerRatis.java:772)
	... 4 more
2020-12-20 13:58:21,868 [Command processor thread] WARN  impl.RaftServerProxy (RaftServerProxy.java:remove(99)) - bdeb8c9a-b6ce-4032-9abb-c56649ac7409: does not contain group: group-ABDE5A73F2DC
2020-12-20 13:58:21,868 [Command processor thread] ERROR commandhandler.ClosePipelineCommandHandler (ClosePipelineCommandHandler.java:handle(78)) - Can't close pipeline PipelineID=31332280-a6c7-49b0-9627-abde5a73f2dc
java.io.IOException: bdeb8c9a-b6ce-4032-9abb-c56649ac7409: Group group-ABDE5A73F2DC not found.
	at org.apache.hadoop.ozone.container.common.transport.server.ratis.XceiverServerRatis.removeGroup(XceiverServerRatis.java:774)
	at org.apache.hadoop.ozone.container.common.statemachine.commandhandler.ClosePipelineCommandHandler.handle(ClosePipelineCommandHandler.java:74)
	at org.apache.hadoop.ozone.container.common.statemachine.commandhandler.CommandDispatcher.handle(CommandDispatcher.java:99)
	at org.apache.hadoop.ozone.container.common.statemachine.DatanodeStateMachine.lambda$initCommandHandlerThread$2(DatanodeStateMachine.java:498)
	at java.lang.Thread.run(Thread.java:748)
Caused by: org.apache.ratis.protocol.exceptions.GroupMismatchException: bdeb8c9a-b6ce-4032-9abb-c56649ac7409: Group group-ABDE5A73F2DC not found.
	at org.apache.ratis.server.impl.RaftServerProxy.groupRemoveAsync(RaftServerProxy.java:445)
	at org.apache.ratis.server.impl.RaftServerProxy.groupManagementAsync(RaftServerProxy.java:401)
	at org.apache.ratis.server.impl.RaftServerProxy.groupManagement(RaftServerProxy.java:381)
	at org.apache.hadoop.ozone.container.common.transport.server.ratis.XceiverServerRatis.removeGroup(XceiverServerRatis.java:772)
	... 4 more
2020-12-20 13:58:21,869 [Command processor thread] WARN  impl.RaftServerProxy (RaftServerProxy.java:remove(99)) - bdeb8c9a-b6ce-4032-9abb-c56649ac7409: does not contain group: group-D36F1873C4E8
2020-12-20 13:58:21,869 [Command processor thread] ERROR commandhandler.ClosePipelineCommandHandler (ClosePipelineCommandHandler.java:handle(78)) - Can't close pipeline PipelineID=19f1c2c1-3ad3-4b75-8ed4-d36f1873c4e8
java.io.IOException: bdeb8c9a-b6ce-4032-9abb-c56649ac7409: Group group-D36F1873C4E8 not found.
	at org.apache.hadoop.ozone.container.common.transport.server.ratis.XceiverServerRatis.removeGroup(XceiverServerRatis.java:774)
	at org.apache.hadoop.ozone.container.common.statemachine.commandhandler.ClosePipelineCommandHandler.handle(ClosePipelineCommandHandler.java:74)
	at org.apache.hadoop.ozone.container.common.statemachine.commandhandler.CommandDispatcher.handle(CommandDispatcher.java:99)
	at org.apache.hadoop.ozone.container.common.statemachine.DatanodeStateMachine.lambda$initCommandHandlerThread$2(DatanodeStateMachine.java:498)
	at java.lang.Thread.run(Thread.java:748)
Caused by: org.apache.ratis.protocol.exceptions.GroupMismatchException: bdeb8c9a-b6ce-4032-9abb-c56649ac7409: Group group-D36F1873C4E8 not found.
	at org.apache.ratis.server.impl.RaftServerProxy.groupRemoveAsync(RaftServerProxy.java:445)
	at org.apache.ratis.server.impl.RaftServerProxy.groupManagementAsync(RaftServerProxy.java:401)
	at org.apache.ratis.server.impl.RaftServerProxy.groupManagement(RaftServerProxy.java:381)
	at org.apache.hadoop.ozone.container.common.transport.server.ratis.XceiverServerRatis.removeGroup(XceiverServerRatis.java:772)
	... 4 more
2020-12-20 13:58:21,869 [Command processor thread] WARN  impl.RaftServerProxy (RaftServerProxy.java:remove(99)) - 9165b65f-6848-484a-9f71-e5cc340a0655: does not contain group: group-3452AB93CABB
2020-12-20 13:58:21,868 [Command processor thread] WARN  impl.RaftServerProxy (RaftServerProxy.java:remove(99)) - c38782e9-3388-40a2-a7d0-b364a85c289d: does not contain group: group-C12A08025234
2020-12-20 13:58:21,871 [Command processor thread] ERROR commandhandler.ClosePipelineCommandHandler (ClosePipelineCommandHandler.java:handle(78)) - Can't close pipeline PipelineID=7b719ba8-9004-455b-8bb9-c12a08025234
java.io.IOException: c38782e9-3388-40a2-a7d0-b364a85c289d: Group group-C12A08025234 not found.
	at org.apache.hadoop.ozone.container.common.transport.server.ratis.XceiverServerRatis.removeGroup(XceiverServerRatis.java:774)
	at org.apache.hadoop.ozone.container.common.statemachine.commandhandler.ClosePipelineCommandHandler.handle(ClosePipelineCommandHandler.java:74)
	at org.apache.hadoop.ozone.container.common.statemachine.commandhandler.CommandDispatcher.handle(CommandDispatcher.java:99)
	at org.apache.hadoop.ozone.container.common.statemachine.DatanodeStateMachine.lambda$initCommandHandlerThread$2(DatanodeStateMachine.java:498)
	at java.lang.Thread.run(Thread.java:748)
Caused by: org.apache.ratis.protocol.exceptions.GroupMismatchException: c38782e9-3388-40a2-a7d0-b364a85c289d: Group group-C12A08025234 not found.
	at org.apache.ratis.server.impl.RaftServerProxy.groupRemoveAsync(RaftServerProxy.java:445)
	at org.apache.ratis.server.impl.RaftServerProxy.groupManagementAsync(RaftServerProxy.java:401)
	at org.apache.ratis.server.impl.RaftServerProxy.groupManagement(RaftServerProxy.java:381)
	at org.apache.hadoop.ozone.container.common.transport.server.ratis.XceiverServerRatis.removeGroup(XceiverServerRatis.java:772)
	... 4 more
2020-12-20 13:58:21,871 [Command processor thread] WARN  impl.RaftServerProxy (RaftServerProxy.java:remove(99)) - c38782e9-3388-40a2-a7d0-b364a85c289d: does not contain group: group-D36F1873C4E8
2020-12-20 13:58:21,871 [Command processor thread] ERROR commandhandler.ClosePipelineCommandHandler (ClosePipelineCommandHandler.java:handle(78)) - Can't close pipeline PipelineID=19f1c2c1-3ad3-4b75-8ed4-d36f1873c4e8
java.io.IOException: c38782e9-3388-40a2-a7d0-b364a85c289d: Group group-D36F1873C4E8 not found.
	at org.apache.hadoop.ozone.container.common.transport.server.ratis.XceiverServerRatis.removeGroup(XceiverServerRatis.java:774)
	at org.apache.hadoop.ozone.container.common.statemachine.commandhandler.ClosePipelineCommandHandler.handle(ClosePipelineCommandHandler.java:74)
	at org.apache.hadoop.ozone.container.common.statemachine.commandhandler.CommandDispatcher.handle(CommandDispatcher.java:99)
	at org.apache.hadoop.ozone.container.common.statemachine.DatanodeStateMachine.lambda$initCommandHandlerThread$2(DatanodeStateMachine.java:498)
	at java.lang.Thread.run(Thread.java:748)
Caused by: org.apache.ratis.protocol.exceptions.GroupMismatchException: c38782e9-3388-40a2-a7d0-b364a85c289d: Group group-D36F1873C4E8 not found.
	at org.apache.ratis.server.impl.RaftServerProxy.groupRemoveAsync(RaftServerProxy.java:445)
	at org.apache.ratis.server.impl.RaftServerProxy.groupManagementAsync(RaftServerProxy.java:401)
	at org.apache.ratis.server.impl.RaftServerProxy.groupManagement(RaftServerProxy.java:381)
	at org.apache.hadoop.ozone.container.common.transport.server.ratis.XceiverServerRatis.removeGroup(XceiverServerRatis.java:772)
	... 4 more
2020-12-20 13:58:21,881 [Command processor thread] WARN  impl.RaftServerProxy (RaftServerProxy.java:remove(99)) - c38782e9-3388-40a2-a7d0-b364a85c289d: does not contain group: group-C12A08025234
2020-12-20 13:58:21,881 [Command processor thread] ERROR commandhandler.ClosePipelineCommandHandler (ClosePipelineCommandHandler.java:handle(78)) - Can't close pipeline PipelineID=7b719ba8-9004-455b-8bb9-c12a08025234
java.io.IOException: c38782e9-3388-40a2-a7d0-b364a85c289d: Group group-C12A08025234 not found.
	at org.apache.hadoop.ozone.container.common.transport.server.ratis.XceiverServerRatis.removeGroup(XceiverServerRatis.java:774)
	at org.apache.hadoop.ozone.container.common.statemachine.commandhandler.ClosePipelineCommandHandler.handle(ClosePipelineCommandHandler.java:74)
	at org.apache.hadoop.ozone.container.common.statemachine.commandhandler.CommandDispatcher.handle(CommandDispatcher.java:99)
	at org.apache.hadoop.ozone.container.common.statemachine.DatanodeStateMachine.lambda$initCommandHandlerThread$2(DatanodeStateMachine.java:498)
	at java.lang.Thread.run(Thread.java:748)
Caused by: org.apache.ratis.protocol.exceptions.GroupMismatchException: c38782e9-3388-40a2-a7d0-b364a85c289d: Group group-C12A08025234 not found.
	at org.apache.ratis.server.impl.RaftServerProxy.groupRemoveAsync(RaftServerProxy.java:445)
	at org.apache.ratis.server.impl.RaftServerProxy.groupManagementAsync(RaftServerProxy.java:401)
	at org.apache.ratis.server.impl.RaftServerProxy.groupManagement(RaftServerProxy.java:381)
	at org.apache.hadoop.ozone.container.common.transport.server.ratis.XceiverServerRatis.removeGroup(XceiverServerRatis.java:772)
	... 4 more
2020-12-20 13:58:21,881 [Command processor thread] WARN  impl.RaftServerProxy (RaftServerProxy.java:remove(99)) - c38782e9-3388-40a2-a7d0-b364a85c289d: does not contain group: group-D36F1873C4E8
2020-12-20 13:58:21,882 [Command processor thread] ERROR commandhandler.ClosePipelineCommandHandler (ClosePipelineCommandHandler.java:handle(78)) - Can't close pipeline PipelineID=19f1c2c1-3ad3-4b75-8ed4-d36f1873c4e8
java.io.IOException: c38782e9-3388-40a2-a7d0-b364a85c289d: Group group-D36F1873C4E8 not found.
	at org.apache.hadoop.ozone.container.common.transport.server.ratis.XceiverServerRatis.removeGroup(XceiverServerRatis.java:774)
	at org.apache.hadoop.ozone.container.common.statemachine.commandhandler.ClosePipelineCommandHandler.handle(ClosePipelineCommandHandler.java:74)
	at org.apache.hadoop.ozone.container.common.statemachine.commandhandler.CommandDispatcher.handle(CommandDispatcher.java:99)
	at org.apache.hadoop.ozone.container.common.statemachine.DatanodeStateMachine.lambda$initCommandHandlerThread$2(DatanodeStateMachine.java:498)
	at java.lang.Thread.run(Thread.java:748)
Caused by: org.apache.ratis.protocol.exceptions.GroupMismatchException: c38782e9-3388-40a2-a7d0-b364a85c289d: Group group-D36F1873C4E8 not found.
	at org.apache.ratis.server.impl.RaftServerProxy.groupRemoveAsync(RaftServerProxy.java:445)
	at org.apache.ratis.server.impl.RaftServerProxy.groupManagementAsync(RaftServerProxy.java:401)
	at org.apache.ratis.server.impl.RaftServerProxy.groupManagement(RaftServerProxy.java:381)
	at org.apache.hadoop.ozone.container.common.transport.server.ratis.XceiverServerRatis.removeGroup(XceiverServerRatis.java:772)
	... 4 more
2020-12-20 13:58:21,882 [Command processor thread] WARN  impl.RaftServerProxy (RaftServerProxy.java:remove(99)) - c38782e9-3388-40a2-a7d0-b364a85c289d: does not contain group: group-C12A08025234
2020-12-20 13:58:21,882 [Command processor thread] ERROR commandhandler.ClosePipelineCommandHandler (ClosePipelineCommandHandler.java:handle(78)) - Can't close pipeline PipelineID=7b719ba8-9004-455b-8bb9-c12a08025234
java.io.IOException: c38782e9-3388-40a2-a7d0-b364a85c289d: Group group-C12A08025234 not found.
	at org.apache.hadoop.ozone.container.common.transport.server.ratis.XceiverServerRatis.removeGroup(XceiverServerRatis.java:774)
	at org.apache.hadoop.ozone.container.common.statemachine.commandhandler.ClosePipelineCommandHandler.handle(ClosePipelineCommandHandler.java:74)
	at org.apache.hadoop.ozone.container.common.statemachine.commandhandler.CommandDispatcher.handle(CommandDispatcher.java:99)
	at org.apache.hadoop.ozone.container.common.statemachine.DatanodeStateMachine.lambda$initCommandHandlerThread$2(DatanodeStateMachine.java:498)
	at java.lang.Thread.run(Thread.java:748)
Caused by: org.apache.ratis.protocol.exceptions.GroupMismatchException: c38782e9-3388-40a2-a7d0-b364a85c289d: Group group-C12A08025234 not found.
	at org.apache.ratis.server.impl.RaftServerProxy.groupRemoveAsync(RaftServerProxy.java:445)
	at org.apache.ratis.server.impl.RaftServerProxy.groupManagementAsync(RaftServerProxy.java:401)
	at org.apache.ratis.server.impl.RaftServerProxy.groupManagement(RaftServerProxy.java:381)
	at org.apache.hadoop.ozone.container.common.transport.server.ratis.XceiverServerRatis.removeGroup(XceiverServerRatis.java:772)
	... 4 more
2020-12-20 13:58:21,883 [Command processor thread] WARN  impl.RaftServerProxy (RaftServerProxy.java:remove(99)) - c38782e9-3388-40a2-a7d0-b364a85c289d: does not contain group: group-D36F1873C4E8
2020-12-20 13:58:21,883 [Command processor thread] ERROR commandhandler.ClosePipelineCommandHandler (ClosePipelineCommandHandler.java:handle(78)) - Can't close pipeline PipelineID=19f1c2c1-3ad3-4b75-8ed4-d36f1873c4e8
java.io.IOException: c38782e9-3388-40a2-a7d0-b364a85c289d: Group group-D36F1873C4E8 not found.
	at org.apache.hadoop.ozone.container.common.transport.server.ratis.XceiverServerRatis.removeGroup(XceiverServerRatis.java:774)
	at org.apache.hadoop.ozone.container.common.statemachine.commandhandler.ClosePipelineCommandHandler.handle(ClosePipelineCommandHandler.java:74)
	at org.apache.hadoop.ozone.container.common.statemachine.commandhandler.CommandDispatcher.handle(CommandDispatcher.java:99)
	at org.apache.hadoop.ozone.container.common.statemachine.DatanodeStateMachine.lambda$initCommandHandlerThread$2(DatanodeStateMachine.java:498)
	at java.lang.Thread.run(Thread.java:748)
Caused by: org.apache.ratis.protocol.exceptions.GroupMismatchException: c38782e9-3388-40a2-a7d0-b364a85c289d: Group group-D36F1873C4E8 not found.
	at org.apache.ratis.server.impl.RaftServerProxy.groupRemoveAsync(RaftServerProxy.java:445)
	at org.apache.ratis.server.impl.RaftServerProxy.groupManagementAsync(RaftServerProxy.java:401)
	at org.apache.ratis.server.impl.RaftServerProxy.groupManagement(RaftServerProxy.java:381)
	at org.apache.hadoop.ozone.container.common.transport.server.ratis.XceiverServerRatis.removeGroup(XceiverServerRatis.java:772)
	... 4 more
2020-12-20 13:58:21,883 [Command processor thread] WARN  impl.RaftServerProxy (RaftServerProxy.java:remove(99)) - c38782e9-3388-40a2-a7d0-b364a85c289d: does not contain group: group-C12A08025234
2020-12-20 13:58:21,884 [Command processor thread] ERROR commandhandler.ClosePipelineCommandHandler (ClosePipelineCommandHandler.java:handle(78)) - Can't close pipeline PipelineID=7b719ba8-9004-455b-8bb9-c12a08025234
java.io.IOException: c38782e9-3388-40a2-a7d0-b364a85c289d: Group group-C12A08025234 not found.
	at org.apache.hadoop.ozone.container.common.transport.server.ratis.XceiverServerRatis.removeGroup(XceiverServerRatis.java:774)
	at org.apache.hadoop.ozone.container.common.statemachine.commandhandler.ClosePipelineCommandHandler.handle(ClosePipelineCommandHandler.java:74)
	at org.apache.hadoop.ozone.container.common.statemachine.commandhandler.CommandDispatcher.handle(CommandDispatcher.java:99)
	at org.apache.hadoop.ozone.container.common.statemachine.DatanodeStateMachine.lambda$initCommandHandlerThread$2(DatanodeStateMachine.java:498)
	at java.lang.Thread.run(Thread.java:748)
Caused by: org.apache.ratis.protocol.exceptions.GroupMismatchException: c38782e9-3388-40a2-a7d0-b364a85c289d: Group group-C12A08025234 not found.
	at org.apache.ratis.server.impl.RaftServerProxy.groupRemoveAsync(RaftServerProxy.java:445)
	at org.apache.ratis.server.impl.RaftServerProxy.groupManagementAsync(RaftServerProxy.java:401)
	at org.apache.ratis.server.impl.RaftServerProxy.groupManagement(RaftServerProxy.java:381)
	at org.apache.hadoop.ozone.container.common.transport.server.ratis.XceiverServerRatis.removeGroup(XceiverServerRatis.java:772)
	... 4 more
2020-12-20 13:58:21,884 [Command processor thread] WARN  impl.RaftServerProxy (RaftServerProxy.java:remove(99)) - c38782e9-3388-40a2-a7d0-b364a85c289d: does not contain group: group-D36F1873C4E8
2020-12-20 13:58:21,884 [Command processor thread] ERROR commandhandler.ClosePipelineCommandHandler (ClosePipelineCommandHandler.java:handle(78)) - Can't close pipeline PipelineID=19f1c2c1-3ad3-4b75-8ed4-d36f1873c4e8
java.io.IOException: c38782e9-3388-40a2-a7d0-b364a85c289d: Group group-D36F1873C4E8 not found.
	at org.apache.hadoop.ozone.container.common.transport.server.ratis.XceiverServerRatis.removeGroup(XceiverServerRatis.java:774)
	at org.apache.hadoop.ozone.container.common.statemachine.commandhandler.ClosePipelineCommandHandler.handle(ClosePipelineCommandHandler.java:74)
	at org.apache.hadoop.ozone.container.common.statemachine.commandhandler.CommandDispatcher.handle(CommandDispatcher.java:99)
	at org.apache.hadoop.ozone.container.common.statemachine.DatanodeStateMachine.lambda$initCommandHandlerThread$2(DatanodeStateMachine.java:498)
	at java.lang.Thread.run(Thread.java:748)
Caused by: org.apache.ratis.protocol.exceptions.GroupMismatchException: c38782e9-3388-40a2-a7d0-b364a85c289d: Group group-D36F1873C4E8 not found.
	at org.apache.ratis.server.impl.RaftServerProxy.groupRemoveAsync(RaftServerProxy.java:445)
	at org.apache.ratis.server.impl.RaftServerProxy.groupManagementAsync(RaftServerProxy.java:401)
	at org.apache.ratis.server.impl.RaftServerProxy.groupManagement(RaftServerProxy.java:381)
	at org.apache.hadoop.ozone.container.common.transport.server.ratis.XceiverServerRatis.removeGroup(XceiverServerRatis.java:772)
	... 4 more
2020-12-20 13:58:21,880 [Command processor thread] ERROR commandhandler.ClosePipelineCommandHandler (ClosePipelineCommandHandler.java:handle(78)) - Can't close pipeline PipelineID=320a77f3-8602-4717-a6a3-3452ab93cabb
java.io.IOException: 9165b65f-6848-484a-9f71-e5cc340a0655: Group group-3452AB93CABB not found.
	at org.apache.hadoop.ozone.container.common.transport.server.ratis.XceiverServerRatis.removeGroup(XceiverServerRatis.java:774)
	at org.apache.hadoop.ozone.container.common.statemachine.commandhandler.ClosePipelineCommandHandler.handle(ClosePipelineCommandHandler.java:74)
	at org.apache.hadoop.ozone.container.common.statemachine.commandhandler.CommandDispatcher.handle(CommandDispatcher.java:99)
	at org.apache.hadoop.ozone.container.common.statemachine.DatanodeStateMachine.lambda$initCommandHandlerThread$2(DatanodeStateMachine.java:498)
	at java.lang.Thread.run(Thread.java:748)
Caused by: org.apache.ratis.protocol.exceptions.GroupMismatchException: 9165b65f-6848-484a-9f71-e5cc340a0655: Group group-3452AB93CABB not found.
	at org.apache.ratis.server.impl.RaftServerProxy.groupRemoveAsync(RaftServerProxy.java:445)
	at org.apache.ratis.server.impl.RaftServerProxy.groupManagementAsync(RaftServerProxy.java:401)
	at org.apache.ratis.server.impl.RaftServerProxy.groupManagement(RaftServerProxy.java:381)
	at org.apache.hadoop.ozone.container.common.transport.server.ratis.XceiverServerRatis.removeGroup(XceiverServerRatis.java:772)
	... 4 more
2020-12-20 13:58:21,885 [Command processor thread] WARN  impl.RaftServerProxy (RaftServerProxy.java:remove(99)) - 9165b65f-6848-484a-9f71-e5cc340a0655: does not contain group: group-D36F1873C4E8
2020-12-20 13:58:21,885 [Command processor thread] ERROR commandhandler.ClosePipelineCommandHandler (ClosePipelineCommandHandler.java:handle(78)) - Can't close pipeline PipelineID=19f1c2c1-3ad3-4b75-8ed4-d36f1873c4e8
java.io.IOException: 9165b65f-6848-484a-9f71-e5cc340a0655: Group group-D36F1873C4E8 not found.
	at org.apache.hadoop.ozone.container.common.transport.server.ratis.XceiverServerRatis.removeGroup(XceiverServerRatis.java:774)
	at org.apache.hadoop.ozone.container.common.statemachine.commandhandler.ClosePipelineCommandHandler.handle(ClosePipelineCommandHandler.java:74)
	at org.apache.hadoop.ozone.container.common.statemachine.commandhandler.CommandDispatcher.handle(CommandDispatcher.java:99)
	at org.apache.hadoop.ozone.container.common.statemachine.DatanodeStateMachine.lambda$initCommandHandlerThread$2(DatanodeStateMachine.java:498)
	at java.lang.Thread.run(Thread.java:748)
Caused by: org.apache.ratis.protocol.exceptions.GroupMismatchException: 9165b65f-6848-484a-9f71-e5cc340a0655: Group group-D36F1873C4E8 not found.
	at org.apache.ratis.server.impl.RaftServerProxy.groupRemoveAsync(RaftServerProxy.java:445)
	at org.apache.ratis.server.impl.RaftServerProxy.groupManagementAsync(RaftServerProxy.java:401)
	at org.apache.ratis.server.impl.RaftServerProxy.groupManagement(RaftServerProxy.java:381)
	at org.apache.hadoop.ozone.container.common.transport.server.ratis.XceiverServerRatis.removeGroup(XceiverServerRatis.java:772)
	... 4 more
2020-12-20 13:58:21,886 [Command processor thread] WARN  impl.RaftServerProxy (RaftServerProxy.java:remove(99)) - 9165b65f-6848-484a-9f71-e5cc340a0655: does not contain group: group-3452AB93CABB
2020-12-20 13:58:21,886 [Command processor thread] ERROR commandhandler.ClosePipelineCommandHandler (ClosePipelineCommandHandler.java:handle(78)) - Can't close pipeline PipelineID=320a77f3-8602-4717-a6a3-3452ab93cabb
java.io.IOException: 9165b65f-6848-484a-9f71-e5cc340a0655: Group group-3452AB93CABB not found.
	at org.apache.hadoop.ozone.container.common.transport.server.ratis.XceiverServerRatis.removeGroup(XceiverServerRatis.java:774)
	at org.apache.hadoop.ozone.container.common.statemachine.commandhandler.ClosePipelineCommandHandler.handle(ClosePipelineCommandHandler.java:74)
	at org.apache.hadoop.ozone.container.common.statemachine.commandhandler.CommandDispatcher.handle(CommandDispatcher.java:99)
	at org.apache.hadoop.ozone.container.common.statemachine.DatanodeStateMachine.lambda$initCommandHandlerThread$2(DatanodeStateMachine.java:498)
	at java.lang.Thread.run(Thread.java:748)
Caused by: org.apache.ratis.protocol.exceptions.GroupMismatchException: 9165b65f-6848-484a-9f71-e5cc340a0655: Group group-3452AB93CABB not found.
	at org.apache.ratis.server.impl.RaftServerProxy.groupRemoveAsync(RaftServerProxy.java:445)
	at org.apache.ratis.server.impl.RaftServerProxy.groupManagementAsync(RaftServerProxy.java:401)
	at org.apache.ratis.server.impl.RaftServerProxy.groupManagement(RaftServerProxy.java:381)
	at org.apache.hadoop.ozone.container.common.transport.server.ratis.XceiverServerRatis.removeGroup(XceiverServerRatis.java:772)
	... 4 more
2020-12-20 13:58:21,886 [Command processor thread] WARN  impl.RaftServerProxy (RaftServerProxy.java:remove(99)) - 9165b65f-6848-484a-9f71-e5cc340a0655: does not contain group: group-D36F1873C4E8
2020-12-20 13:58:21,887 [Command processor thread] ERROR commandhandler.ClosePipelineCommandHandler (ClosePipelineCommandHandler.java:handle(78)) - Can't close pipeline PipelineID=19f1c2c1-3ad3-4b75-8ed4-d36f1873c4e8
java.io.IOException: 9165b65f-6848-484a-9f71-e5cc340a0655: Group group-D36F1873C4E8 not found.
	at org.apache.hadoop.ozone.container.common.transport.server.ratis.XceiverServerRatis.removeGroup(XceiverServerRatis.java:774)
	at org.apache.hadoop.ozone.container.common.statemachine.commandhandler.ClosePipelineCommandHandler.handle(ClosePipelineCommandHandler.java:74)
	at org.apache.hadoop.ozone.container.common.statemachine.commandhandler.CommandDispatcher.handle(CommandDispatcher.java:99)
	at org.apache.hadoop.ozone.container.common.statemachine.DatanodeStateMachine.lambda$initCommandHandlerThread$2(DatanodeStateMachine.java:498)
	at java.lang.Thread.run(Thread.java:748)
Caused by: org.apache.ratis.protocol.exceptions.GroupMismatchException: 9165b65f-6848-484a-9f71-e5cc340a0655: Group group-D36F1873C4E8 not found.
	at org.apache.ratis.server.impl.RaftServerProxy.groupRemoveAsync(RaftServerProxy.java:445)
	at org.apache.ratis.server.impl.RaftServerProxy.groupManagementAsync(RaftServerProxy.java:401)
	at org.apache.ratis.server.impl.RaftServerProxy.groupManagement(RaftServerProxy.java:381)
	at org.apache.hadoop.ozone.container.common.transport.server.ratis.XceiverServerRatis.removeGroup(XceiverServerRatis.java:772)
	... 4 more
2020-12-20 13:58:21,922 [DatanodeAdminManager-0] INFO  node.DatanodeAdminMonitorImpl (DatanodeAdminMonitorImpl.java:run(136)) - There are 3 nodes tracked for decommission and maintenance. 0 pending nodes.
2020-12-20 13:58:21,924 [ReplicationMonitor] INFO  container.ReplicationManager (ReplicationManager.java:sendCloseCommand(948)) - Sending close container command for container #1 to datanode 9165b65f-6848-484a-9f71-e5cc340a0655{ip: 172.17.0.2, host: fc04eb3d93c3, networkLocation: /default-rack, certSerialId: null, persistedOpState: IN_SERVICE, persistedOpStateExpiryEpochSec: 0}.
2020-12-20 13:58:21,924 [ReplicationMonitor] INFO  container.ReplicationManager (ReplicationManager.java:sendCloseCommand(948)) - Sending close container command for container #1 to datanode bdeb8c9a-b6ce-4032-9abb-c56649ac7409{ip: 172.17.0.2, host: fc04eb3d93c3, networkLocation: /default-rack, certSerialId: null, persistedOpState: IN_SERVICE, persistedOpStateExpiryEpochSec: 0}.
2020-12-20 13:58:21,924 [ReplicationMonitor] INFO  container.ReplicationManager (ReplicationManager.java:sendCloseCommand(948)) - Sending close container command for container #1 to datanode c38782e9-3388-40a2-a7d0-b364a85c289d{ip: 172.17.0.2, host: fc04eb3d93c3, networkLocation: /default-rack, certSerialId: null, persistedOpState: IN_SERVICE, persistedOpStateExpiryEpochSec: 0}.
2020-12-20 13:58:21,924 [ReplicationMonitor] INFO  container.ReplicationManager (ReplicationManager.java:sendCloseCommand(948)) - Sending close container command for container #2 to datanode bdeb8c9a-b6ce-4032-9abb-c56649ac7409{ip: 172.17.0.2, host: fc04eb3d93c3, networkLocation: /default-rack, certSerialId: null, persistedOpState: IN_SERVICE, persistedOpStateExpiryEpochSec: 0}.
2020-12-20 13:58:21,925 [ReplicationMonitor] INFO  container.ReplicationManager (ReplicationManager.java:sendCloseCommand(948)) - Sending close container command for container #2 to datanode c38782e9-3388-40a2-a7d0-b364a85c289d{ip: 172.17.0.2, host: fc04eb3d93c3, networkLocation: /default-rack, certSerialId: null, persistedOpState: IN_SERVICE, persistedOpStateExpiryEpochSec: 0}.
2020-12-20 13:58:21,925 [ReplicationMonitor] INFO  container.ReplicationManager (ReplicationManager.java:sendCloseCommand(948)) - Sending close container command for container #2 to datanode 9165b65f-6848-484a-9f71-e5cc340a0655{ip: 172.17.0.2, host: fc04eb3d93c3, networkLocation: /default-rack, certSerialId: null, persistedOpState: IN_SERVICE, persistedOpStateExpiryEpochSec: 0}.
2020-12-20 13:58:21,925 [ReplicationMonitor] INFO  container.ReplicationManager (ReplicationManager.java:run(250)) - Replication Monitor Thread took 1 milliseconds for processing 4 containers.
2020-12-20 13:58:22,923 [DatanodeAdminManager-0] INFO  node.DatanodeAdminMonitorImpl (DatanodeAdminMonitorImpl.java:checkContainersReplicatedOnNode(297)) - c38782e9-3388-40a2-a7d0-b364a85c289d{ip: 172.17.0.2, host: fc04eb3d93c3, networkLocation: /default-rack, certSerialId: null, persistedOpState: ENTERING_MAINTENANCE, persistedOpStateExpiryEpochSec: 0} has 0 sufficientlyReplicated, 2 underReplicated and 0 unhealthy containers
2020-12-20 13:58:22,923 [DatanodeAdminManager-0] INFO  node.DatanodeAdminMonitorImpl (DatanodeAdminMonitorImpl.java:checkContainersReplicatedOnNode(297)) - bdeb8c9a-b6ce-4032-9abb-c56649ac7409{ip: 172.17.0.2, host: fc04eb3d93c3, networkLocation: /default-rack, certSerialId: null, persistedOpState: ENTERING_MAINTENANCE, persistedOpStateExpiryEpochSec: 0} has 0 sufficientlyReplicated, 2 underReplicated and 0 unhealthy containers
2020-12-20 13:58:22,924 [DatanodeAdminManager-0] INFO  node.DatanodeAdminMonitorImpl (DatanodeAdminMonitorImpl.java:checkContainersReplicatedOnNode(297)) - 9165b65f-6848-484a-9f71-e5cc340a0655{ip: 172.17.0.2, host: fc04eb3d93c3, networkLocation: /default-rack, certSerialId: null, persistedOpState: ENTERING_MAINTENANCE, persistedOpStateExpiryEpochSec: 0} has 0 sufficientlyReplicated, 2 underReplicated and 0 unhealthy containers
2020-12-20 13:58:22,924 [DatanodeAdminManager-0] INFO  node.DatanodeAdminMonitorImpl (DatanodeAdminMonitorImpl.java:run(136)) - There are 3 nodes tracked for decommission and maintenance. 0 pending nodes.
2020-12-20 13:58:22,925 [ReplicationMonitor] INFO  container.ReplicationManager (ReplicationManager.java:forceCloseContainer(633)) - Force closing container #1 with BCSID 49, which is in QUASI_CLOSED state.
2020-12-20 13:58:22,925 [ReplicationMonitor] INFO  container.ReplicationManager (ReplicationManager.java:sendCloseCommand(948)) - Sending close container command for container #1 to datanode 9165b65f-6848-484a-9f71-e5cc340a0655{ip: 172.17.0.2, host: fc04eb3d93c3, networkLocation: /default-rack, certSerialId: null, persistedOpState: ENTERING_MAINTENANCE, persistedOpStateExpiryEpochSec: 0}.
2020-12-20 13:58:22,925 [ReplicationMonitor] INFO  container.ReplicationManager (ReplicationManager.java:sendCloseCommand(948)) - Sending close container command for container #1 to datanode bdeb8c9a-b6ce-4032-9abb-c56649ac7409{ip: 172.17.0.2, host: fc04eb3d93c3, networkLocation: /default-rack, certSerialId: null, persistedOpState: ENTERING_MAINTENANCE, persistedOpStateExpiryEpochSec: 0}.
2020-12-20 13:58:22,925 [ReplicationMonitor] INFO  container.ReplicationManager (ReplicationManager.java:sendCloseCommand(948)) - Sending close container command for container #1 to datanode c38782e9-3388-40a2-a7d0-b364a85c289d{ip: 172.17.0.2, host: fc04eb3d93c3, networkLocation: /default-rack, certSerialId: null, persistedOpState: ENTERING_MAINTENANCE, persistedOpStateExpiryEpochSec: 0}.
2020-12-20 13:58:22,926 [ReplicationMonitor] INFO  container.ReplicationManager (ReplicationManager.java:forceCloseContainer(633)) - Force closing container #2 with BCSID 45, which is in QUASI_CLOSED state.
2020-12-20 13:58:22,926 [ReplicationMonitor] INFO  container.ReplicationManager (ReplicationManager.java:sendCloseCommand(948)) - Sending close container command for container #2 to datanode bdeb8c9a-b6ce-4032-9abb-c56649ac7409{ip: 172.17.0.2, host: fc04eb3d93c3, networkLocation: /default-rack, certSerialId: null, persistedOpState: ENTERING_MAINTENANCE, persistedOpStateExpiryEpochSec: 0}.
2020-12-20 13:58:22,926 [ReplicationMonitor] INFO  container.ReplicationManager (ReplicationManager.java:sendCloseCommand(948)) - Sending close container command for container #2 to datanode c38782e9-3388-40a2-a7d0-b364a85c289d{ip: 172.17.0.2, host: fc04eb3d93c3, networkLocation: /default-rack, certSerialId: null, persistedOpState: ENTERING_MAINTENANCE, persistedOpStateExpiryEpochSec: 0}.
2020-12-20 13:58:22,926 [ReplicationMonitor] INFO  container.ReplicationManager (ReplicationManager.java:sendCloseCommand(948)) - Sending close container command for container #2 to datanode 9165b65f-6848-484a-9f71-e5cc340a0655{ip: 172.17.0.2, host: fc04eb3d93c3, networkLocation: /default-rack, certSerialId: null, persistedOpState: ENTERING_MAINTENANCE, persistedOpStateExpiryEpochSec: 0}.
2020-12-20 13:58:22,926 [ReplicationMonitor] INFO  container.ReplicationManager (ReplicationManager.java:run(250)) - Replication Monitor Thread took 1 milliseconds for processing 4 containers.
2020-12-20 13:58:23,810 [Command processor thread] WARN  impl.RaftServerProxy (RaftServerProxy.java:remove(99)) - bdeb8c9a-b6ce-4032-9abb-c56649ac7409: does not contain group: group-ABDE5A73F2DC
2020-12-20 13:58:23,810 [Command processor thread] ERROR commandhandler.ClosePipelineCommandHandler (ClosePipelineCommandHandler.java:handle(78)) - Can't close pipeline PipelineID=31332280-a6c7-49b0-9627-abde5a73f2dc
java.io.IOException: bdeb8c9a-b6ce-4032-9abb-c56649ac7409: Group group-ABDE5A73F2DC not found.
	at org.apache.hadoop.ozone.container.common.transport.server.ratis.XceiverServerRatis.removeGroup(XceiverServerRatis.java:774)
	at org.apache.hadoop.ozone.container.common.statemachine.commandhandler.ClosePipelineCommandHandler.handle(ClosePipelineCommandHandler.java:74)
	at org.apache.hadoop.ozone.container.common.statemachine.commandhandler.CommandDispatcher.handle(CommandDispatcher.java:99)
	at org.apache.hadoop.ozone.container.common.statemachine.DatanodeStateMachine.lambda$initCommandHandlerThread$2(DatanodeStateMachine.java:498)
	at java.lang.Thread.run(Thread.java:748)
Caused by: org.apache.ratis.protocol.exceptions.GroupMismatchException: bdeb8c9a-b6ce-4032-9abb-c56649ac7409: Group group-ABDE5A73F2DC not found.
	at org.apache.ratis.server.impl.RaftServerProxy.groupRemoveAsync(RaftServerProxy.java:445)
	at org.apache.ratis.server.impl.RaftServerProxy.groupManagementAsync(RaftServerProxy.java:401)
	at org.apache.ratis.server.impl.RaftServerProxy.groupManagement(RaftServerProxy.java:381)
	at org.apache.hadoop.ozone.container.common.transport.server.ratis.XceiverServerRatis.removeGroup(XceiverServerRatis.java:772)
	... 4 more
2020-12-20 13:58:23,810 [Command processor thread] WARN  impl.RaftServerProxy (RaftServerProxy.java:remove(99)) - bdeb8c9a-b6ce-4032-9abb-c56649ac7409: does not contain group: group-D36F1873C4E8
2020-12-20 13:58:23,810 [Command processor thread] ERROR commandhandler.ClosePipelineCommandHandler (ClosePipelineCommandHandler.java:handle(78)) - Can't close pipeline PipelineID=19f1c2c1-3ad3-4b75-8ed4-d36f1873c4e8
java.io.IOException: bdeb8c9a-b6ce-4032-9abb-c56649ac7409: Group group-D36F1873C4E8 not found.
	at org.apache.hadoop.ozone.container.common.transport.server.ratis.XceiverServerRatis.removeGroup(XceiverServerRatis.java:774)
	at org.apache.hadoop.ozone.container.common.statemachine.commandhandler.ClosePipelineCommandHandler.handle(ClosePipelineCommandHandler.java:74)
	at org.apache.hadoop.ozone.container.common.statemachine.commandhandler.CommandDispatcher.handle(CommandDispatcher.java:99)
	at org.apache.hadoop.ozone.container.common.statemachine.DatanodeStateMachine.lambda$initCommandHandlerThread$2(DatanodeStateMachine.java:498)
	at java.lang.Thread.run(Thread.java:748)
Caused by: org.apache.ratis.protocol.exceptions.GroupMismatchException: bdeb8c9a-b6ce-4032-9abb-c56649ac7409: Group group-D36F1873C4E8 not found.
	at org.apache.ratis.server.impl.RaftServerProxy.groupRemoveAsync(RaftServerProxy.java:445)
	at org.apache.ratis.server.impl.RaftServerProxy.groupManagementAsync(RaftServerProxy.java:401)
	at org.apache.ratis.server.impl.RaftServerProxy.groupManagement(RaftServerProxy.java:381)
	at org.apache.hadoop.ozone.container.common.transport.server.ratis.XceiverServerRatis.removeGroup(XceiverServerRatis.java:772)
	... 4 more
2020-12-20 13:58:23,840 [Command processor thread] WARN  impl.RaftServerProxy (RaftServerProxy.java:remove(99)) - 9165b65f-6848-484a-9f71-e5cc340a0655: does not contain group: group-3452AB93CABB
2020-12-20 13:58:23,841 [Command processor thread] ERROR commandhandler.ClosePipelineCommandHandler (ClosePipelineCommandHandler.java:handle(78)) - Can't close pipeline PipelineID=320a77f3-8602-4717-a6a3-3452ab93cabb
java.io.IOException: 9165b65f-6848-484a-9f71-e5cc340a0655: Group group-3452AB93CABB not found.
	at org.apache.hadoop.ozone.container.common.transport.server.ratis.XceiverServerRatis.removeGroup(XceiverServerRatis.java:774)
	at org.apache.hadoop.ozone.container.common.statemachine.commandhandler.ClosePipelineCommandHandler.handle(ClosePipelineCommandHandler.java:74)
	at org.apache.hadoop.ozone.container.common.statemachine.commandhandler.CommandDispatcher.handle(CommandDispatcher.java:99)
	at org.apache.hadoop.ozone.container.common.statemachine.DatanodeStateMachine.lambda$initCommandHandlerThread$2(DatanodeStateMachine.java:498)
	at java.lang.Thread.run(Thread.java:748)
Caused by: org.apache.ratis.protocol.exceptions.GroupMismatchException: 9165b65f-6848-484a-9f71-e5cc340a0655: Group group-3452AB93CABB not found.
	at org.apache.ratis.server.impl.RaftServerProxy.groupRemoveAsync(RaftServerProxy.java:445)
	at org.apache.ratis.server.impl.RaftServerProxy.groupManagementAsync(RaftServerProxy.java:401)
	at org.apache.ratis.server.impl.RaftServerProxy.groupManagement(RaftServerProxy.java:381)
	at org.apache.hadoop.ozone.container.common.transport.server.ratis.XceiverServerRatis.removeGroup(XceiverServerRatis.java:772)
	... 4 more
2020-12-20 13:58:23,841 [Command processor thread] WARN  impl.RaftServerProxy (RaftServerProxy.java:remove(99)) - 9165b65f-6848-484a-9f71-e5cc340a0655: does not contain group: group-D36F1873C4E8
2020-12-20 13:58:23,841 [Command processor thread] ERROR commandhandler.ClosePipelineCommandHandler (ClosePipelineCommandHandler.java:handle(78)) - Can't close pipeline PipelineID=19f1c2c1-3ad3-4b75-8ed4-d36f1873c4e8
java.io.IOException: 9165b65f-6848-484a-9f71-e5cc340a0655: Group group-D36F1873C4E8 not found.
	at org.apache.hadoop.ozone.container.common.transport.server.ratis.XceiverServerRatis.removeGroup(XceiverServerRatis.java:774)
	at org.apache.hadoop.ozone.container.common.statemachine.commandhandler.ClosePipelineCommandHandler.handle(ClosePipelineCommandHandler.java:74)
	at org.apache.hadoop.ozone.container.common.statemachine.commandhandler.CommandDispatcher.handle(CommandDispatcher.java:99)
	at org.apache.hadoop.ozone.container.common.statemachine.DatanodeStateMachine.lambda$initCommandHandlerThread$2(DatanodeStateMachine.java:498)
	at java.lang.Thread.run(Thread.java:748)
Caused by: org.apache.ratis.protocol.exceptions.GroupMismatchException: 9165b65f-6848-484a-9f71-e5cc340a0655: Group group-D36F1873C4E8 not found.
	at org.apache.ratis.server.impl.RaftServerProxy.groupRemoveAsync(RaftServerProxy.java:445)
	at org.apache.ratis.server.impl.RaftServerProxy.groupManagementAsync(RaftServerProxy.java:401)
	at org.apache.ratis.server.impl.RaftServerProxy.groupManagement(RaftServerProxy.java:381)
	at org.apache.hadoop.ozone.container.common.transport.server.ratis.XceiverServerRatis.removeGroup(XceiverServerRatis.java:772)
	... 4 more
2020-12-20 13:58:23,845 [Command processor thread] WARN  impl.RaftServerProxy (RaftServerProxy.java:remove(99)) - c38782e9-3388-40a2-a7d0-b364a85c289d: does not contain group: group-C12A08025234
2020-12-20 13:58:23,846 [Command processor thread] ERROR commandhandler.ClosePipelineCommandHandler (ClosePipelineCommandHandler.java:handle(78)) - Can't close pipeline PipelineID=7b719ba8-9004-455b-8bb9-c12a08025234
java.io.IOException: c38782e9-3388-40a2-a7d0-b364a85c289d: Group group-C12A08025234 not found.
	at org.apache.hadoop.ozone.container.common.transport.server.ratis.XceiverServerRatis.removeGroup(XceiverServerRatis.java:774)
	at org.apache.hadoop.ozone.container.common.statemachine.commandhandler.ClosePipelineCommandHandler.handle(ClosePipelineCommandHandler.java:74)
	at org.apache.hadoop.ozone.container.common.statemachine.commandhandler.CommandDispatcher.handle(CommandDispatcher.java:99)
	at org.apache.hadoop.ozone.container.common.statemachine.DatanodeStateMachine.lambda$initCommandHandlerThread$2(DatanodeStateMachine.java:498)
	at java.lang.Thread.run(Thread.java:748)
Caused by: org.apache.ratis.protocol.exceptions.GroupMismatchException: c38782e9-3388-40a2-a7d0-b364a85c289d: Group group-C12A08025234 not found.
	at org.apache.ratis.server.impl.RaftServerProxy.groupRemoveAsync(RaftServerProxy.java:445)
	at org.apache.ratis.server.impl.RaftServerProxy.groupManagementAsync(RaftServerProxy.java:401)
	at org.apache.ratis.server.impl.RaftServerProxy.groupManagement(RaftServerProxy.java:381)
	at org.apache.hadoop.ozone.container.common.transport.server.ratis.XceiverServerRatis.removeGroup(XceiverServerRatis.java:772)
	... 4 more
2020-12-20 13:58:23,846 [Command processor thread] WARN  impl.RaftServerProxy (RaftServerProxy.java:remove(99)) - c38782e9-3388-40a2-a7d0-b364a85c289d: does not contain group: group-D36F1873C4E8
2020-12-20 13:58:23,846 [Command processor thread] ERROR commandhandler.ClosePipelineCommandHandler (ClosePipelineCommandHandler.java:handle(78)) - Can't close pipeline PipelineID=19f1c2c1-3ad3-4b75-8ed4-d36f1873c4e8
java.io.IOException: c38782e9-3388-40a2-a7d0-b364a85c289d: Group group-D36F1873C4E8 not found.
	at org.apache.hadoop.ozone.container.common.transport.server.ratis.XceiverServerRatis.removeGroup(XceiverServerRatis.java:774)
	at org.apache.hadoop.ozone.container.common.statemachine.commandhandler.ClosePipelineCommandHandler.handle(ClosePipelineCommandHandler.java:74)
	at org.apache.hadoop.ozone.container.common.statemachine.commandhandler.CommandDispatcher.handle(CommandDispatcher.java:99)
	at org.apache.hadoop.ozone.container.common.statemachine.DatanodeStateMachine.lambda$initCommandHandlerThread$2(DatanodeStateMachine.java:498)
	at java.lang.Thread.run(Thread.java:748)
Caused by: org.apache.ratis.protocol.exceptions.GroupMismatchException: c38782e9-3388-40a2-a7d0-b364a85c289d: Group group-D36F1873C4E8 not found.
	at org.apache.ratis.server.impl.RaftServerProxy.groupRemoveAsync(RaftServerProxy.java:445)
	at org.apache.ratis.server.impl.RaftServerProxy.groupManagementAsync(RaftServerProxy.java:401)
	at org.apache.ratis.server.impl.RaftServerProxy.groupManagement(RaftServerProxy.java:381)
	at org.apache.hadoop.ozone.container.common.transport.server.ratis.XceiverServerRatis.removeGroup(XceiverServerRatis.java:772)
	... 4 more
2020-12-20 13:58:23,921 [DatanodeAdminManager-0] INFO  node.DatanodeAdminMonitorImpl (DatanodeAdminMonitorImpl.java:checkContainersReplicatedOnNode(297)) - c38782e9-3388-40a2-a7d0-b364a85c289d{ip: 172.17.0.2, host: fc04eb3d93c3, networkLocation: /default-rack, certSerialId: null, persistedOpState: ENTERING_MAINTENANCE, persistedOpStateExpiryEpochSec: 0} has 0 sufficientlyReplicated, 2 underReplicated and 0 unhealthy containers
2020-12-20 13:58:23,922 [DatanodeAdminManager-0] INFO  node.DatanodeAdminMonitorImpl (DatanodeAdminMonitorImpl.java:checkContainersReplicatedOnNode(297)) - bdeb8c9a-b6ce-4032-9abb-c56649ac7409{ip: 172.17.0.2, host: fc04eb3d93c3, networkLocation: /default-rack, certSerialId: null, persistedOpState: ENTERING_MAINTENANCE, persistedOpStateExpiryEpochSec: 0} has 0 sufficientlyReplicated, 2 underReplicated and 0 unhealthy containers
2020-12-20 13:58:23,922 [DatanodeAdminManager-0] INFO  node.DatanodeAdminMonitorImpl (DatanodeAdminMonitorImpl.java:checkContainersReplicatedOnNode(297)) - 9165b65f-6848-484a-9f71-e5cc340a0655{ip: 172.17.0.2, host: fc04eb3d93c3, networkLocation: /default-rack, certSerialId: null, persistedOpState: ENTERING_MAINTENANCE, persistedOpStateExpiryEpochSec: 0} has 0 sufficientlyReplicated, 2 underReplicated and 0 unhealthy containers
2020-12-20 13:58:23,922 [DatanodeAdminManager-0] INFO  node.DatanodeAdminMonitorImpl (DatanodeAdminMonitorImpl.java:run(136)) - There are 3 nodes tracked for decommission and maintenance. 0 pending nodes.
2020-12-20 13:58:23,926 [ReplicationMonitor] INFO  container.ReplicationManager (ReplicationManager.java:forceCloseContainer(633)) - Force closing container #1 with BCSID 49, which is in QUASI_CLOSED state.
2020-12-20 13:58:23,927 [ReplicationMonitor] INFO  container.ReplicationManager (ReplicationManager.java:sendCloseCommand(948)) - Sending close container command for container #1 to datanode 9165b65f-6848-484a-9f71-e5cc340a0655{ip: 172.17.0.2, host: fc04eb3d93c3, networkLocation: /default-rack, certSerialId: null, persistedOpState: ENTERING_MAINTENANCE, persistedOpStateExpiryEpochSec: 0}.
2020-12-20 13:58:23,927 [ReplicationMonitor] INFO  container.ReplicationManager (ReplicationManager.java:sendCloseCommand(948)) - Sending close container command for container #1 to datanode bdeb8c9a-b6ce-4032-9abb-c56649ac7409{ip: 172.17.0.2, host: fc04eb3d93c3, networkLocation: /default-rack, certSerialId: null, persistedOpState: ENTERING_MAINTENANCE, persistedOpStateExpiryEpochSec: 0}.
2020-12-20 13:58:23,928 [ReplicationMonitor] INFO  container.ReplicationManager (ReplicationManager.java:sendCloseCommand(948)) - Sending close container command for container #1 to datanode c38782e9-3388-40a2-a7d0-b364a85c289d{ip: 172.17.0.2, host: fc04eb3d93c3, networkLocation: /default-rack, certSerialId: null, persistedOpState: ENTERING_MAINTENANCE, persistedOpStateExpiryEpochSec: 0}.
2020-12-20 13:58:23,928 [ReplicationMonitor] INFO  container.ReplicationManager (ReplicationManager.java:forceCloseContainer(633)) - Force closing container #2 with BCSID 45, which is in QUASI_CLOSED state.
2020-12-20 13:58:23,928 [ReplicationMonitor] INFO  container.ReplicationManager (ReplicationManager.java:sendCloseCommand(948)) - Sending close container command for container #2 to datanode bdeb8c9a-b6ce-4032-9abb-c56649ac7409{ip: 172.17.0.2, host: fc04eb3d93c3, networkLocation: /default-rack, certSerialId: null, persistedOpState: ENTERING_MAINTENANCE, persistedOpStateExpiryEpochSec: 0}.
2020-12-20 13:58:23,928 [ReplicationMonitor] INFO  container.ReplicationManager (ReplicationManager.java:sendCloseCommand(948)) - Sending close container command for container #2 to datanode c38782e9-3388-40a2-a7d0-b364a85c289d{ip: 172.17.0.2, host: fc04eb3d93c3, networkLocation: /default-rack, certSerialId: null, persistedOpState: ENTERING_MAINTENANCE, persistedOpStateExpiryEpochSec: 0}.
2020-12-20 13:58:23,928 [ReplicationMonitor] INFO  container.ReplicationManager (ReplicationManager.java:sendCloseCommand(948)) - Sending close container command for container #2 to datanode 9165b65f-6848-484a-9f71-e5cc340a0655{ip: 172.17.0.2, host: fc04eb3d93c3, networkLocation: /default-rack, certSerialId: null, persistedOpState: ENTERING_MAINTENANCE, persistedOpStateExpiryEpochSec: 0}.
2020-12-20 13:58:23,928 [ReplicationMonitor] INFO  container.ReplicationManager (ReplicationManager.java:run(250)) - Replication Monitor Thread took 2 milliseconds for processing 4 containers.
2020-12-20 13:58:24,921 [DatanodeAdminManager-0] INFO  node.DatanodeAdminMonitorImpl (DatanodeAdminMonitorImpl.java:checkContainersReplicatedOnNode(297)) - c38782e9-3388-40a2-a7d0-b364a85c289d{ip: 172.17.0.2, host: fc04eb3d93c3, networkLocation: /default-rack, certSerialId: null, persistedOpState: ENTERING_MAINTENANCE, persistedOpStateExpiryEpochSec: 0} has 0 sufficientlyReplicated, 2 underReplicated and 0 unhealthy containers
2020-12-20 13:58:24,922 [DatanodeAdminManager-0] INFO  node.DatanodeAdminMonitorImpl (DatanodeAdminMonitorImpl.java:checkContainersReplicatedOnNode(297)) - bdeb8c9a-b6ce-4032-9abb-c56649ac7409{ip: 172.17.0.2, host: fc04eb3d93c3, networkLocation: /default-rack, certSerialId: null, persistedOpState: ENTERING_MAINTENANCE, persistedOpStateExpiryEpochSec: 0} has 0 sufficientlyReplicated, 2 underReplicated and 0 unhealthy containers
2020-12-20 13:58:24,922 [DatanodeAdminManager-0] INFO  node.DatanodeAdminMonitorImpl (DatanodeAdminMonitorImpl.java:checkContainersReplicatedOnNode(297)) - 9165b65f-6848-484a-9f71-e5cc340a0655{ip: 172.17.0.2, host: fc04eb3d93c3, networkLocation: /default-rack, certSerialId: null, persistedOpState: ENTERING_MAINTENANCE, persistedOpStateExpiryEpochSec: 0} has 0 sufficientlyReplicated, 2 underReplicated and 0 unhealthy containers
2020-12-20 13:58:24,922 [DatanodeAdminManager-0] INFO  node.DatanodeAdminMonitorImpl (DatanodeAdminMonitorImpl.java:run(136)) - There are 3 nodes tracked for decommission and maintenance. 0 pending nodes.
2020-12-20 13:58:24,928 [ReplicationMonitor] INFO  container.ReplicationManager (ReplicationManager.java:forceCloseContainer(633)) - Force closing container #1 with BCSID 49, which is in QUASI_CLOSED state.
2020-12-20 13:58:24,929 [ReplicationMonitor] INFO  container.ReplicationManager (ReplicationManager.java:sendCloseCommand(948)) - Sending close container command for container #1 to datanode 9165b65f-6848-484a-9f71-e5cc340a0655{ip: 172.17.0.2, host: fc04eb3d93c3, networkLocation: /default-rack, certSerialId: null, persistedOpState: ENTERING_MAINTENANCE, persistedOpStateExpiryEpochSec: 0}.
2020-12-20 13:58:24,929 [ReplicationMonitor] INFO  container.ReplicationManager (ReplicationManager.java:sendCloseCommand(948)) - Sending close container command for container #1 to datanode bdeb8c9a-b6ce-4032-9abb-c56649ac7409{ip: 172.17.0.2, host: fc04eb3d93c3, networkLocation: /default-rack, certSerialId: null, persistedOpState: ENTERING_MAINTENANCE, persistedOpStateExpiryEpochSec: 0}.
2020-12-20 13:58:24,929 [ReplicationMonitor] INFO  container.ReplicationManager (ReplicationManager.java:sendCloseCommand(948)) - Sending close container command for container #1 to datanode c38782e9-3388-40a2-a7d0-b364a85c289d{ip: 172.17.0.2, host: fc04eb3d93c3, networkLocation: /default-rack, certSerialId: null, persistedOpState: ENTERING_MAINTENANCE, persistedOpStateExpiryEpochSec: 0}.
2020-12-20 13:58:24,929 [ReplicationMonitor] INFO  container.ReplicationManager (ReplicationManager.java:forceCloseContainer(633)) - Force closing container #2 with BCSID 45, which is in QUASI_CLOSED state.
2020-12-20 13:58:24,929 [ReplicationMonitor] INFO  container.ReplicationManager (ReplicationManager.java:sendCloseCommand(948)) - Sending close container command for container #2 to datanode bdeb8c9a-b6ce-4032-9abb-c56649ac7409{ip: 172.17.0.2, host: fc04eb3d93c3, networkLocation: /default-rack, certSerialId: null, persistedOpState: ENTERING_MAINTENANCE, persistedOpStateExpiryEpochSec: 0}.
2020-12-20 13:58:24,929 [ReplicationMonitor] INFO  container.ReplicationManager (ReplicationManager.java:sendCloseCommand(948)) - Sending close container command for container #2 to datanode c38782e9-3388-40a2-a7d0-b364a85c289d{ip: 172.17.0.2, host: fc04eb3d93c3, networkLocation: /default-rack, certSerialId: null, persistedOpState: ENTERING_MAINTENANCE, persistedOpStateExpiryEpochSec: 0}.
2020-12-20 13:58:24,929 [ReplicationMonitor] INFO  container.ReplicationManager (ReplicationManager.java:sendCloseCommand(948)) - Sending close container command for container #2 to datanode 9165b65f-6848-484a-9f71-e5cc340a0655{ip: 172.17.0.2, host: fc04eb3d93c3, networkLocation: /default-rack, certSerialId: null, persistedOpState: ENTERING_MAINTENANCE, persistedOpStateExpiryEpochSec: 0}.
2020-12-20 13:58:24,929 [ReplicationMonitor] INFO  container.ReplicationManager (ReplicationManager.java:run(250)) - Replication Monitor Thread took 1 milliseconds for processing 4 containers.
2020-12-20 13:58:25,810 [Command processor thread] INFO  keyvalue.KeyValueContainer (KeyValueContainer.java:flushAndSyncDB(388)) - Container 1 is synced with bcsId 49.
2020-12-20 13:58:25,810 [Command processor thread] INFO  keyvalue.KeyValueContainer (KeyValueContainer.java:flushAndSyncDB(388)) - Container 1 is synced with bcsId 49.
2020-12-20 13:58:25,812 [Command processor thread] INFO  keyvalue.KeyValueContainer (KeyValueContainer.java:close(326)) - Container 1 is closed with bcsId 49.
2020-12-20 13:58:25,813 [Command processor thread] INFO  keyvalue.KeyValueContainer (KeyValueContainer.java:flushAndSyncDB(388)) - Container 2 is synced with bcsId 45.
2020-12-20 13:58:25,813 [Command processor thread] INFO  keyvalue.KeyValueContainer (KeyValueContainer.java:flushAndSyncDB(388)) - Container 2 is synced with bcsId 45.
2020-12-20 13:58:25,814 [EventQueue-IncrementalContainerReportForIncrementalContainerReportHandler] INFO  container.IncrementalContainerReportHandler (AbstractContainerReportHandler.java:updateContainerState(241)) - Moving container #1 to CLOSED state, datanode bdeb8c9a-b6ce-4032-9abb-c56649ac7409{ip: 172.17.0.2, host: fc04eb3d93c3, networkLocation: /default-rack, certSerialId: null, persistedOpState: ENTERING_MAINTENANCE, persistedOpStateExpiryEpochSec: 0} reported CLOSED replica.
2020-12-20 13:58:25,815 [Command processor thread] INFO  keyvalue.KeyValueContainer (KeyValueContainer.java:close(326)) - Container 2 is closed with bcsId 45.
2020-12-20 13:58:25,816 [EventQueue-IncrementalContainerReportForIncrementalContainerReportHandler] INFO  container.IncrementalContainerReportHandler (AbstractContainerReportHandler.java:updateContainerState(241)) - Moving container #2 to CLOSED state, datanode bdeb8c9a-b6ce-4032-9abb-c56649ac7409{ip: 172.17.0.2, host: fc04eb3d93c3, networkLocation: /default-rack, certSerialId: null, persistedOpState: ENTERING_MAINTENANCE, persistedOpStateExpiryEpochSec: 0} reported CLOSED replica.
2020-12-20 13:58:25,842 [Command processor thread] INFO  keyvalue.KeyValueContainer (KeyValueContainer.java:flushAndSyncDB(388)) - Container 1 is synced with bcsId 49.
2020-12-20 13:58:25,842 [Command processor thread] INFO  keyvalue.KeyValueContainer (KeyValueContainer.java:flushAndSyncDB(388)) - Container 1 is synced with bcsId 49.
2020-12-20 13:58:25,844 [Command processor thread] INFO  keyvalue.KeyValueContainer (KeyValueContainer.java:close(326)) - Container 1 is closed with bcsId 49.
2020-12-20 13:58:25,844 [Command processor thread] INFO  keyvalue.KeyValueContainer (KeyValueContainer.java:flushAndSyncDB(388)) - Container 2 is synced with bcsId 45.
2020-12-20 13:58:25,844 [Command processor thread] INFO  keyvalue.KeyValueContainer (KeyValueContainer.java:flushAndSyncDB(388)) - Container 2 is synced with bcsId 45.
2020-12-20 13:58:25,845 [Command processor thread] INFO  keyvalue.KeyValueContainer (KeyValueContainer.java:flushAndSyncDB(388)) - Container 1 is synced with bcsId 49.
2020-12-20 13:58:25,845 [Command processor thread] INFO  keyvalue.KeyValueContainer (KeyValueContainer.java:flushAndSyncDB(388)) - Container 1 is synced with bcsId 49.
2020-12-20 13:58:25,847 [Command processor thread] INFO  keyvalue.KeyValueContainer (KeyValueContainer.java:close(326)) - Container 1 is closed with bcsId 49.
2020-12-20 13:58:25,847 [Command processor thread] INFO  keyvalue.KeyValueContainer (KeyValueContainer.java:flushAndSyncDB(388)) - Container 2 is synced with bcsId 45.
2020-12-20 13:58:25,847 [Command processor thread] INFO  keyvalue.KeyValueContainer (KeyValueContainer.java:flushAndSyncDB(388)) - Container 2 is synced with bcsId 45.
2020-12-20 13:58:25,849 [Command processor thread] INFO  keyvalue.KeyValueContainer (KeyValueContainer.java:close(326)) - Container 2 is closed with bcsId 45.
2020-12-20 13:58:25,849 [Command processor thread] INFO  keyvalue.KeyValueContainer (KeyValueContainer.java:close(326)) - Container 2 is closed with bcsId 45.
2020-12-20 13:58:25,921 [DatanodeAdminManager-0] INFO  node.DatanodeAdminMonitorImpl (DatanodeAdminMonitorImpl.java:checkContainersReplicatedOnNode(297)) - c38782e9-3388-40a2-a7d0-b364a85c289d{ip: 172.17.0.2, host: fc04eb3d93c3, networkLocation: /default-rack, certSerialId: null, persistedOpState: ENTERING_MAINTENANCE, persistedOpStateExpiryEpochSec: 0} has 0 sufficientlyReplicated, 2 underReplicated and 0 unhealthy containers
2020-12-20 13:58:25,921 [DatanodeAdminManager-0] INFO  node.DatanodeAdminMonitorImpl (DatanodeAdminMonitorImpl.java:checkContainersReplicatedOnNode(297)) - bdeb8c9a-b6ce-4032-9abb-c56649ac7409{ip: 172.17.0.2, host: fc04eb3d93c3, networkLocation: /default-rack, certSerialId: null, persistedOpState: ENTERING_MAINTENANCE, persistedOpStateExpiryEpochSec: 0} has 0 sufficientlyReplicated, 2 underReplicated and 0 unhealthy containers
2020-12-20 13:58:25,922 [DatanodeAdminManager-0] INFO  node.DatanodeAdminMonitorImpl (DatanodeAdminMonitorImpl.java:checkContainersReplicatedOnNode(297)) - 9165b65f-6848-484a-9f71-e5cc340a0655{ip: 172.17.0.2, host: fc04eb3d93c3, networkLocation: /default-rack, certSerialId: null, persistedOpState: ENTERING_MAINTENANCE, persistedOpStateExpiryEpochSec: 0} has 0 sufficientlyReplicated, 2 underReplicated and 0 unhealthy containers
2020-12-20 13:58:25,922 [DatanodeAdminManager-0] INFO  node.DatanodeAdminMonitorImpl (DatanodeAdminMonitorImpl.java:run(136)) - There are 3 nodes tracked for decommission and maintenance. 0 pending nodes.
2020-12-20 13:58:25,930 [ReplicationMonitor] INFO  container.ReplicationManager (ReplicationManager.java:handleUnderReplicatedContainer(722)) - Container #1 is under replicated. Expected replica count is 3, but found 1.
2020-12-20 13:58:25,930 [ReplicationMonitor] INFO  container.ReplicationManager (ReplicationManager.java:sendReplicateCommand(970)) - Sending replicate container command for container #1 to datanode 5f27e08b-2f6c-4b1d-b018-474ca25c25d0{ip: 172.17.0.2, host: fc04eb3d93c3, networkLocation: /default-rack, certSerialId: null, persistedOpState: IN_SERVICE, persistedOpStateExpiryEpochSec: 0}
2020-12-20 13:58:25,930 [ReplicationMonitor] INFO  container.ReplicationManager (ReplicationManager.java:sendReplicateCommand(970)) - Sending replicate container command for container #1 to datanode 62bf3122-6558-4262-b416-281af820a08d{ip: 172.17.0.2, host: fc04eb3d93c3, networkLocation: /default-rack, certSerialId: null, persistedOpState: IN_SERVICE, persistedOpStateExpiryEpochSec: 0}
2020-12-20 13:58:25,930 [ReplicationMonitor] INFO  container.ReplicationManager (ReplicationManager.java:handleUnderReplicatedContainer(722)) - Container #2 is under replicated. Expected replica count is 3, but found 1.
2020-12-20 13:58:25,930 [ReplicationMonitor] INFO  container.ReplicationManager (ReplicationManager.java:sendReplicateCommand(970)) - Sending replicate container command for container #2 to datanode 16749e43-558c-4c39-b613-b952dab248c9{ip: 172.17.0.2, host: fc04eb3d93c3, networkLocation: /default-rack, certSerialId: null, persistedOpState: IN_SERVICE, persistedOpStateExpiryEpochSec: 0}
2020-12-20 13:58:25,931 [ReplicationMonitor] INFO  container.ReplicationManager (ReplicationManager.java:sendReplicateCommand(970)) - Sending replicate container command for container #2 to datanode 5f27e08b-2f6c-4b1d-b018-474ca25c25d0{ip: 172.17.0.2, host: fc04eb3d93c3, networkLocation: /default-rack, certSerialId: null, persistedOpState: IN_SERVICE, persistedOpStateExpiryEpochSec: 0}
2020-12-20 13:58:25,931 [ReplicationMonitor] INFO  container.ReplicationManager (ReplicationManager.java:run(250)) - Replication Monitor Thread took 1 milliseconds for processing 4 containers.
2020-12-20 13:58:26,921 [DatanodeAdminManager-0] INFO  node.DatanodeAdminMonitorImpl (DatanodeAdminMonitorImpl.java:checkContainersReplicatedOnNode(297)) - c38782e9-3388-40a2-a7d0-b364a85c289d{ip: 172.17.0.2, host: fc04eb3d93c3, networkLocation: /default-rack, certSerialId: null, persistedOpState: ENTERING_MAINTENANCE, persistedOpStateExpiryEpochSec: 0} has 0 sufficientlyReplicated, 2 underReplicated and 0 unhealthy containers
2020-12-20 13:58:26,922 [DatanodeAdminManager-0] INFO  node.DatanodeAdminMonitorImpl (DatanodeAdminMonitorImpl.java:checkContainersReplicatedOnNode(297)) - bdeb8c9a-b6ce-4032-9abb-c56649ac7409{ip: 172.17.0.2, host: fc04eb3d93c3, networkLocation: /default-rack, certSerialId: null, persistedOpState: ENTERING_MAINTENANCE, persistedOpStateExpiryEpochSec: 0} has 0 sufficientlyReplicated, 2 underReplicated and 0 unhealthy containers
2020-12-20 13:58:26,922 [DatanodeAdminManager-0] INFO  node.DatanodeAdminMonitorImpl (DatanodeAdminMonitorImpl.java:checkContainersReplicatedOnNode(297)) - 9165b65f-6848-484a-9f71-e5cc340a0655{ip: 172.17.0.2, host: fc04eb3d93c3, networkLocation: /default-rack, certSerialId: null, persistedOpState: ENTERING_MAINTENANCE, persistedOpStateExpiryEpochSec: 0} has 0 sufficientlyReplicated, 2 underReplicated and 0 unhealthy containers
2020-12-20 13:58:26,922 [DatanodeAdminManager-0] INFO  node.DatanodeAdminMonitorImpl (DatanodeAdminMonitorImpl.java:run(136)) - There are 3 nodes tracked for decommission and maintenance. 0 pending nodes.
2020-12-20 13:58:26,931 [ReplicationMonitor] INFO  container.ReplicationManager (ReplicationManager.java:run(250)) - Replication Monitor Thread took 0 milliseconds for processing 4 containers.
2020-12-20 13:58:27,376 [ContainerReplicationThread-0] INFO  replication.DownloadAndImportReplicator (DownloadAndImportReplicator.java:replicate(106)) - Starting replication of container 2 from [bdeb8c9a-b6ce-4032-9abb-c56649ac7409{ip: 172.17.0.2, host: fc04eb3d93c3, networkLocation: /default-rack, certSerialId: null, persistedOpState: ENTERING_MAINTENANCE, persistedOpStateExpiryEpochSec: 0}, c38782e9-3388-40a2-a7d0-b364a85c289d{ip: 172.17.0.2, host: fc04eb3d93c3, networkLocation: /default-rack, certSerialId: null, persistedOpState: ENTERING_MAINTENANCE, persistedOpStateExpiryEpochSec: 0}, 9165b65f-6848-484a-9f71-e5cc340a0655{ip: 172.17.0.2, host: fc04eb3d93c3, networkLocation: /default-rack, certSerialId: null, persistedOpState: ENTERING_MAINTENANCE, persistedOpStateExpiryEpochSec: 0}]
2020-12-20 13:58:27,383 [grpc-default-executor-3] INFO  replication.GrpcReplicationService (GrpcReplicationService.java:download(52)) - Streaming container data (2) to other datanode
2020-12-20 13:58:27,390 [grpc-default-executor-3] INFO  replication.GrpcOutputStream (GrpcOutputStream.java:close(104)) - Sent 10992 bytes for container 2
2020-12-20 13:58:27,392 [grpc-default-executor-0] INFO  replication.GrpcReplicationClient (GrpcReplicationClient.java:onCompleted(177)) - Container 2 is downloaded to /github/workspace/mnt/ozone/hadoop-ozone/integration-test/target/test-dir/MiniOzoneClusterImpl-3ca51f30-c846-4083-9b7f-c1ea6aa91ff4/datanode-4/data/replication/work/container-2.tar.gz
2020-12-20 13:58:27,395 [ContainerReplicationThread-0] INFO  replication.DownloadAndImportReplicator (DownloadAndImportReplicator.java:replicate(117)) - Container 2 is downloaded, starting to import.
2020-12-20 13:58:27,418 [ContainerReplicationThread-0] INFO  replication.DownloadAndImportReplicator (DownloadAndImportReplicator.java:replicate(120)) - Container 2 is replicated successfully
2020-12-20 13:58:27,418 [ContainerReplicationThread-0] INFO  replication.ReplicationSupervisor (ReplicationSupervisor.java:run(146)) - Container 2 is replicated.
2020-12-20 13:58:27,615 [ContainerReplicationThread-1] INFO  replication.DownloadAndImportReplicator (DownloadAndImportReplicator.java:replicate(106)) - Starting replication of container 2 from [bdeb8c9a-b6ce-4032-9abb-c56649ac7409{ip: 172.17.0.2, host: fc04eb3d93c3, networkLocation: /default-rack, certSerialId: null, persistedOpState: ENTERING_MAINTENANCE, persistedOpStateExpiryEpochSec: 0}, c38782e9-3388-40a2-a7d0-b364a85c289d{ip: 172.17.0.2, host: fc04eb3d93c3, networkLocation: /default-rack, certSerialId: null, persistedOpState: ENTERING_MAINTENANCE, persistedOpStateExpiryEpochSec: 0}, 9165b65f-6848-484a-9f71-e5cc340a0655{ip: 172.17.0.2, host: fc04eb3d93c3, networkLocation: /default-rack, certSerialId: null, persistedOpState: ENTERING_MAINTENANCE, persistedOpStateExpiryEpochSec: 0}]
2020-12-20 13:58:27,616 [ContainerReplicationThread-0] INFO  replication.DownloadAndImportReplicator (DownloadAndImportReplicator.java:replicate(106)) - Starting replication of container 1 from [9165b65f-6848-484a-9f71-e5cc340a0655{ip: 172.17.0.2, host: fc04eb3d93c3, networkLocation: /default-rack, certSerialId: null, persistedOpState: ENTERING_MAINTENANCE, persistedOpStateExpiryEpochSec: 0}, bdeb8c9a-b6ce-4032-9abb-c56649ac7409{ip: 172.17.0.2, host: fc04eb3d93c3, networkLocation: /default-rack, certSerialId: null, persistedOpState: ENTERING_MAINTENANCE, persistedOpStateExpiryEpochSec: 0}, c38782e9-3388-40a2-a7d0-b364a85c289d{ip: 172.17.0.2, host: fc04eb3d93c3, networkLocation: /default-rack, certSerialId: null, persistedOpState: ENTERING_MAINTENANCE, persistedOpStateExpiryEpochSec: 0}]
2020-12-20 13:58:27,627 [grpc-default-executor-3] INFO  replication.GrpcReplicationService (GrpcReplicationService.java:download(52)) - Streaming container data (2) to other datanode
2020-12-20 13:58:27,632 [grpc-default-executor-0] INFO  replication.GrpcReplicationService (GrpcReplicationService.java:download(52)) - Streaming container data (1) to other datanode
2020-12-20 13:58:27,647 [grpc-default-executor-3] INFO  replication.GrpcOutputStream (GrpcOutputStream.java:close(104)) - Sent 11018 bytes for container 2
2020-12-20 13:58:27,648 [grpc-default-executor-0] INFO  replication.GrpcOutputStream (GrpcOutputStream.java:close(104)) - Sent 11130 bytes for container 1
2020-12-20 13:58:27,651 [grpc-default-executor-1] INFO  replication.GrpcReplicationClient (GrpcReplicationClient.java:onCompleted(177)) - Container 1 is downloaded to /github/workspace/mnt/ozone/hadoop-ozone/integration-test/target/test-dir/MiniOzoneClusterImpl-3ca51f30-c846-4083-9b7f-c1ea6aa91ff4/datanode-5/data/replication/work/container-1.tar.gz
2020-12-20 13:58:27,652 [grpc-default-executor-3] INFO  replication.GrpcReplicationClient (GrpcReplicationClient.java:onCompleted(177)) - Container 2 is downloaded to /github/workspace/mnt/ozone/hadoop-ozone/integration-test/target/test-dir/MiniOzoneClusterImpl-3ca51f30-c846-4083-9b7f-c1ea6aa91ff4/datanode-5/data/replication/work/container-2.tar.gz
2020-12-20 13:58:27,654 [ContainerReplicationThread-0] INFO  replication.DownloadAndImportReplicator (DownloadAndImportReplicator.java:replicate(117)) - Container 1 is downloaded, starting to import.
2020-12-20 13:58:27,656 [ContainerReplicationThread-1] INFO  replication.DownloadAndImportReplicator (DownloadAndImportReplicator.java:replicate(117)) - Container 2 is downloaded, starting to import.
2020-12-20 13:58:27,686 [ContainerReplicationThread-1] INFO  replication.DownloadAndImportReplicator (DownloadAndImportReplicator.java:replicate(120)) - Container 2 is replicated successfully
2020-12-20 13:58:27,686 [ContainerReplicationThread-0] INFO  replication.DownloadAndImportReplicator (DownloadAndImportReplicator.java:replicate(120)) - Container 1 is replicated successfully
2020-12-20 13:58:27,686 [ContainerReplicationThread-0] INFO  replication.ReplicationSupervisor (ReplicationSupervisor.java:run(146)) - Container 1 is replicated.
2020-12-20 13:58:27,686 [ContainerReplicationThread-1] INFO  replication.ReplicationSupervisor (ReplicationSupervisor.java:run(146)) - Container 2 is replicated.
2020-12-20 13:58:27,921 [DatanodeAdminManager-0] INFO  node.DatanodeAdminMonitorImpl (DatanodeAdminMonitorImpl.java:checkContainersReplicatedOnNode(297)) - c38782e9-3388-40a2-a7d0-b364a85c289d{ip: 172.17.0.2, host: fc04eb3d93c3, networkLocation: /default-rack, certSerialId: null, persistedOpState: ENTERING_MAINTENANCE, persistedOpStateExpiryEpochSec: 0} has 1 sufficientlyReplicated, 1 underReplicated and 0 unhealthy containers
2020-12-20 13:58:27,921 [DatanodeAdminManager-0] INFO  node.DatanodeAdminMonitorImpl (DatanodeAdminMonitorImpl.java:checkContainersReplicatedOnNode(297)) - bdeb8c9a-b6ce-4032-9abb-c56649ac7409{ip: 172.17.0.2, host: fc04eb3d93c3, networkLocation: /default-rack, certSerialId: null, persistedOpState: ENTERING_MAINTENANCE, persistedOpStateExpiryEpochSec: 0} has 1 sufficientlyReplicated, 1 underReplicated and 0 unhealthy containers
2020-12-20 13:58:27,922 [DatanodeAdminManager-0] INFO  node.DatanodeAdminMonitorImpl (DatanodeAdminMonitorImpl.java:checkContainersReplicatedOnNode(297)) - 9165b65f-6848-484a-9f71-e5cc340a0655{ip: 172.17.0.2, host: fc04eb3d93c3, networkLocation: /default-rack, certSerialId: null, persistedOpState: ENTERING_MAINTENANCE, persistedOpStateExpiryEpochSec: 0} has 1 sufficientlyReplicated, 1 underReplicated and 0 unhealthy containers
2020-12-20 13:58:27,922 [DatanodeAdminManager-0] INFO  node.DatanodeAdminMonitorImpl (DatanodeAdminMonitorImpl.java:run(136)) - There are 3 nodes tracked for decommission and maintenance. 0 pending nodes.
2020-12-20 13:58:27,932 [ReplicationMonitor] INFO  container.ReplicationManager (ReplicationManager.java:run(250)) - Replication Monitor Thread took 1 milliseconds for processing 4 containers.
2020-12-20 13:58:28,287 [ContainerReplicationThread-0] INFO  replication.DownloadAndImportReplicator (DownloadAndImportReplicator.java:replicate(106)) - Starting replication of container 1 from [9165b65f-6848-484a-9f71-e5cc340a0655{ip: 172.17.0.2, host: fc04eb3d93c3, networkLocation: /default-rack, certSerialId: null, persistedOpState: ENTERING_MAINTENANCE, persistedOpStateExpiryEpochSec: 0}, bdeb8c9a-b6ce-4032-9abb-c56649ac7409{ip: 172.17.0.2, host: fc04eb3d93c3, networkLocation: /default-rack, certSerialId: null, persistedOpState: ENTERING_MAINTENANCE, persistedOpStateExpiryEpochSec: 0}, c38782e9-3388-40a2-a7d0-b364a85c289d{ip: 172.17.0.2, host: fc04eb3d93c3, networkLocation: /default-rack, certSerialId: null, persistedOpState: ENTERING_MAINTENANCE, persistedOpStateExpiryEpochSec: 0}]
2020-12-20 13:58:28,292 [grpc-default-executor-3] INFO  replication.GrpcReplicationService (GrpcReplicationService.java:download(52)) - Streaming container data (1) to other datanode
2020-12-20 13:58:28,299 [grpc-default-executor-3] INFO  replication.GrpcOutputStream (GrpcOutputStream.java:close(104)) - Sent 11015 bytes for container 1
2020-12-20 13:58:28,300 [grpc-default-executor-3] INFO  replication.GrpcReplicationClient (GrpcReplicationClient.java:onCompleted(177)) - Container 1 is downloaded to /github/workspace/mnt/ozone/hadoop-ozone/integration-test/target/test-dir/MiniOzoneClusterImpl-3ca51f30-c846-4083-9b7f-c1ea6aa91ff4/datanode-3/data/replication/work/container-1.tar.gz
2020-12-20 13:58:28,302 [ContainerReplicationThread-0] INFO  replication.DownloadAndImportReplicator (DownloadAndImportReplicator.java:replicate(117)) - Container 1 is downloaded, starting to import.
2020-12-20 13:58:28,320 [ContainerReplicationThread-0] INFO  replication.DownloadAndImportReplicator (DownloadAndImportReplicator.java:replicate(120)) - Container 1 is replicated successfully
2020-12-20 13:58:28,320 [ContainerReplicationThread-0] INFO  replication.ReplicationSupervisor (ReplicationSupervisor.java:run(146)) - Container 1 is replicated.
2020-12-20 13:58:28,922 [DatanodeAdminManager-0] INFO  node.DatanodeAdminMonitorImpl (DatanodeAdminMonitorImpl.java:checkContainersReplicatedOnNode(297)) - c38782e9-3388-40a2-a7d0-b364a85c289d{ip: 172.17.0.2, host: fc04eb3d93c3, networkLocation: /default-rack, certSerialId: null, persistedOpState: ENTERING_MAINTENANCE, persistedOpStateExpiryEpochSec: 0} has 2 sufficientlyReplicated, 0 underReplicated and 0 unhealthy containers
2020-12-20 13:58:28,923 [DatanodeAdminManager-0] INFO  node.DatanodeAdminMonitorImpl (DatanodeAdminMonitorImpl.java:putIntoMaintenance(313)) - Datanode c38782e9-3388-40a2-a7d0-b364a85c289d{ip: 172.17.0.2, host: fc04eb3d93c3, networkLocation: /default-rack, certSerialId: null, persistedOpState: ENTERING_MAINTENANCE, persistedOpStateExpiryEpochSec: 0} has entered maintenance
2020-12-20 13:58:28,923 [DatanodeAdminManager-0] INFO  node.DatanodeAdminMonitorImpl (DatanodeAdminMonitorImpl.java:checkContainersReplicatedOnNode(297)) - bdeb8c9a-b6ce-4032-9abb-c56649ac7409{ip: 172.17.0.2, host: fc04eb3d93c3, networkLocation: /default-rack, certSerialId: null, persistedOpState: ENTERING_MAINTENANCE, persistedOpStateExpiryEpochSec: 0} has 2 sufficientlyReplicated, 0 underReplicated and 0 unhealthy containers
2020-12-20 13:58:28,923 [DatanodeAdminManager-0] INFO  node.DatanodeAdminMonitorImpl (DatanodeAdminMonitorImpl.java:putIntoMaintenance(313)) - Datanode bdeb8c9a-b6ce-4032-9abb-c56649ac7409{ip: 172.17.0.2, host: fc04eb3d93c3, networkLocation: /default-rack, certSerialId: null, persistedOpState: ENTERING_MAINTENANCE, persistedOpStateExpiryEpochSec: 0} has entered maintenance
2020-12-20 13:58:28,923 [DatanodeAdminManager-0] INFO  node.DatanodeAdminMonitorImpl (DatanodeAdminMonitorImpl.java:checkContainersReplicatedOnNode(297)) - 9165b65f-6848-484a-9f71-e5cc340a0655{ip: 172.17.0.2, host: fc04eb3d93c3, networkLocation: /default-rack, certSerialId: null, persistedOpState: ENTERING_MAINTENANCE, persistedOpStateExpiryEpochSec: 0} has 2 sufficientlyReplicated, 0 underReplicated and 0 unhealthy containers
2020-12-20 13:58:28,923 [DatanodeAdminManager-0] INFO  node.DatanodeAdminMonitorImpl (DatanodeAdminMonitorImpl.java:putIntoMaintenance(313)) - Datanode 9165b65f-6848-484a-9f71-e5cc340a0655{ip: 172.17.0.2, host: fc04eb3d93c3, networkLocation: /default-rack, certSerialId: null, persistedOpState: ENTERING_MAINTENANCE, persistedOpStateExpiryEpochSec: 0} has entered maintenance
2020-12-20 13:58:28,923 [DatanodeAdminManager-0] INFO  node.DatanodeAdminMonitorImpl (DatanodeAdminMonitorImpl.java:run(136)) - There are 3 nodes tracked for decommission and maintenance. 0 pending nodes.
2020-12-20 13:58:28,932 [ReplicationMonitor] INFO  container.ReplicationManager (ReplicationManager.java:run(250)) - Replication Monitor Thread took 0 milliseconds for processing 4 containers.
2020-12-20 13:58:29,818 [IPC Server handler 4 on default port 46341] INFO  node.SCMNodeManager (SCMNodeManager.java:updateDatanodeOpState(419)) - Scheduling a command to update the operationalState persisted on the datanode as the reported value (ENTERING_MAINTENANCE, 0) does not match the value stored in SCM (IN_MAINTENANCE, 0)
2020-12-20 13:58:29,849 [IPC Server handler 10 on default port 46341] INFO  node.SCMNodeManager (SCMNodeManager.java:updateDatanodeOpState(419)) - Scheduling a command to update the operationalState persisted on the datanode as the reported value (ENTERING_MAINTENANCE, 0) does not match the value stored in SCM (IN_MAINTENANCE, 0)
2020-12-20 13:58:29,850 [IPC Server handler 9 on default port 46341] INFO  node.SCMNodeManager (SCMNodeManager.java:updateDatanodeOpState(419)) - Scheduling a command to update the operationalState persisted on the datanode as the reported value (ENTERING_MAINTENANCE, 0) does not match the value stored in SCM (IN_MAINTENANCE, 0)
2020-12-20 13:58:29,921 [DatanodeAdminManager-0] INFO  node.DatanodeAdminMonitorImpl (DatanodeAdminMonitorImpl.java:run(136)) - There are 3 nodes tracked for decommission and maintenance. 0 pending nodes.
2020-12-20 13:58:29,932 [ReplicationMonitor] INFO  container.ReplicationManager (ReplicationManager.java:handleUnderReplicatedContainer(722)) - Container #1 is under replicated. Expected replica count is 3, but found 2.
2020-12-20 13:58:29,933 [ReplicationMonitor] INFO  container.ReplicationManager (ReplicationManager.java:sendReplicateCommand(970)) - Sending replicate container command for container #1 to datanode 16749e43-558c-4c39-b613-b952dab248c9{ip: 172.17.0.2, host: fc04eb3d93c3, networkLocation: /default-rack, certSerialId: null, persistedOpState: IN_SERVICE, persistedOpStateExpiryEpochSec: 0}
2020-12-20 13:58:29,933 [ReplicationMonitor] INFO  container.ReplicationManager (ReplicationManager.java:run(250)) - Replication Monitor Thread took 1 milliseconds for processing 4 containers.
2020-12-20 13:58:30,818 [IPC Server handler 4 on default port 46341] INFO  node.SCMNodeManager (SCMNodeManager.java:updateDatanodeOpState(419)) - Scheduling a command to update the operationalState persisted on the datanode as the reported value (ENTERING_MAINTENANCE, 0) does not match the value stored in SCM (IN_MAINTENANCE, 0)
2020-12-20 13:58:30,850 [IPC Server handler 10 on default port 46341] INFO  node.SCMNodeManager (SCMNodeManager.java:updateDatanodeOpState(419)) - Scheduling a command to update the operationalState persisted on the datanode as the reported value (ENTERING_MAINTENANCE, 0) does not match the value stored in SCM (IN_MAINTENANCE, 0)
2020-12-20 13:58:30,851 [IPC Server handler 9 on default port 46341] INFO  node.SCMNodeManager (SCMNodeManager.java:updateDatanodeOpState(419)) - Scheduling a command to update the operationalState persisted on the datanode as the reported value (ENTERING_MAINTENANCE, 0) does not match the value stored in SCM (IN_MAINTENANCE, 0)
2020-12-20 13:58:30,921 [DatanodeAdminManager-0] INFO  node.DatanodeAdminMonitorImpl (DatanodeAdminMonitorImpl.java:run(136)) - There are 3 nodes tracked for decommission and maintenance. 0 pending nodes.
2020-12-20 13:58:30,933 [ReplicationMonitor] INFO  container.ReplicationManager (ReplicationManager.java:run(250)) - Replication Monitor Thread took 0 milliseconds for processing 4 containers.
2020-12-20 13:58:31,850 [IPC Server handler 10 on default port 46341] INFO  node.SCMNodeManager (SCMNodeManager.java:updateDatanodeOpState(419)) - Scheduling a command to update the operationalState persisted on the datanode as the reported value (ENTERING_MAINTENANCE, 0) does not match the value stored in SCM (IN_MAINTENANCE, 0)
2020-12-20 13:58:31,852 [IPC Server handler 12 on default port 46341] INFO  node.SCMNodeManager (SCMNodeManager.java:updateDatanodeOpState(419)) - Scheduling a command to update the operationalState persisted on the datanode as the reported value (ENTERING_MAINTENANCE, 0) does not match the value stored in SCM (IN_MAINTENANCE, 0)
2020-12-20 13:58:31,921 [DatanodeAdminManager-0] INFO  node.DatanodeAdminMonitorImpl (DatanodeAdminMonitorImpl.java:run(136)) - There are 3 nodes tracked for decommission and maintenance. 0 pending nodes.
2020-12-20 13:58:31,934 [ReplicationMonitor] INFO  container.ReplicationManager (ReplicationManager.java:run(250)) - Replication Monitor Thread took 1 milliseconds for processing 4 containers.
2020-12-20 13:58:32,420 [ContainerReplicationThread-1] INFO  replication.DownloadAndImportReplicator (DownloadAndImportReplicator.java:replicate(106)) - Starting replication of container 1 from [5f27e08b-2f6c-4b1d-b018-474ca25c25d0{ip: 172.17.0.2, host: fc04eb3d93c3, networkLocation: /default-rack, certSerialId: null, persistedOpState: IN_SERVICE, persistedOpStateExpiryEpochSec: 0}, 9165b65f-6848-484a-9f71-e5cc340a0655{ip: 172.17.0.2, host: fc04eb3d93c3, networkLocation: /default-rack, certSerialId: null, persistedOpState: ENTERING_MAINTENANCE, persistedOpStateExpiryEpochSec: 0}, bdeb8c9a-b6ce-4032-9abb-c56649ac7409{ip: 172.17.0.2, host: fc04eb3d93c3, networkLocation: /default-rack, certSerialId: null, persistedOpState: ENTERING_MAINTENANCE, persistedOpStateExpiryEpochSec: 0}, c38782e9-3388-40a2-a7d0-b364a85c289d{ip: 172.17.0.2, host: fc04eb3d93c3, networkLocation: /default-rack, certSerialId: null, persistedOpState: ENTERING_MAINTENANCE, persistedOpStateExpiryEpochSec: 0}]
2020-12-20 13:58:32,426 [grpc-default-executor-3] INFO  replication.GrpcReplicationService (GrpcReplicationService.java:download(52)) - Streaming container data (1) to other datanode
2020-12-20 13:58:32,438 [grpc-default-executor-3] INFO  replication.GrpcOutputStream (GrpcOutputStream.java:close(104)) - Sent 11012 bytes for container 1
2020-12-20 13:58:32,439 [grpc-default-executor-3] INFO  replication.GrpcReplicationClient (GrpcReplicationClient.java:onCompleted(177)) - Container 1 is downloaded to /github/workspace/mnt/ozone/hadoop-ozone/integration-test/target/test-dir/MiniOzoneClusterImpl-3ca51f30-c846-4083-9b7f-c1ea6aa91ff4/datanode-4/data/replication/work/container-1.tar.gz
2020-12-20 13:58:32,441 [ContainerReplicationThread-1] INFO  replication.DownloadAndImportReplicator (DownloadAndImportReplicator.java:replicate(117)) - Container 1 is downloaded, starting to import.
2020-12-20 13:58:32,462 [ContainerReplicationThread-1] INFO  replication.DownloadAndImportReplicator (DownloadAndImportReplicator.java:replicate(120)) - Container 1 is replicated successfully
2020-12-20 13:58:32,462 [ContainerReplicationThread-1] INFO  replication.ReplicationSupervisor (ReplicationSupervisor.java:run(146)) - Container 1 is replicated.
2020-12-20 13:58:32,861 [Listener at 127.0.0.1/38459] INFO  ozone.MiniOzoneClusterImpl (MiniOzoneClusterImpl.java:shutdown(388)) - Shutting down the Mini Ozone Cluster
2020-12-20 13:58:32,862 [Listener at 127.0.0.1/38459] INFO  ozone.MiniOzoneClusterImpl (MiniOzoneClusterImpl.java:stop(403)) - Stopping the Mini Ozone Cluster
2020-12-20 13:58:32,862 [Listener at 127.0.0.1/38459] INFO  ozone.MiniOzoneClusterImpl (MiniOzoneClusterImpl.java:stopOM(485)) - Stopping the OzoneManager
2020-12-20 13:58:32,862 [Listener at 127.0.0.1/38459] INFO  ipc.Server (Server.java:stop(3359)) - Stopping server on 38459
2020-12-20 13:58:32,868 [IPC Server listener on 0] INFO  ipc.Server (Server.java:run(1330)) - Stopping IPC Server listener on 0
2020-12-20 13:58:32,869 [IPC Server Responder] INFO  ipc.Server (Server.java:run(1465)) - Stopping IPC Server Responder
2020-12-20 13:58:32,869 [Listener at 127.0.0.1/38459] INFO  ratis.OzoneManagerDoubleBuffer (OzoneManagerDoubleBuffer.java:stop(457)) - Stopping OMDoubleBuffer flush thread
2020-12-20 13:58:32,869 [OMDoubleBufferFlushThread] INFO  ratis.OzoneManagerDoubleBuffer (OzoneManagerDoubleBuffer.java:flushTransactions(356)) - OMDoubleBuffer flush thread OMDoubleBufferFlushThread is interrupted and will exit. OMDoubleBufferFlushThread
2020-12-20 13:58:32,869 [Listener at 127.0.0.1/38459] INFO  utils.BackgroundService (BackgroundService.java:shutdown(132)) - Shutting down service KeyDeletingService
2020-12-20 13:58:32,870 [Listener at 127.0.0.1/38459] INFO  handler.ContextHandler (ContextHandler.java:doStop(1154)) - Stopped o.e.j.w.WebAppContext@abe3a3{ozoneManager,/,null,STOPPED}{file:/github/workspace/mnt/ozone/hadoop-ozone/integration-test/target/test-classes/webapps/ozoneManager}
2020-12-20 13:58:32,872 [Listener at 127.0.0.1/38459] INFO  server.AbstractConnector (AbstractConnector.java:doStop(381)) - Stopped ServerConnector@45f854e9{HTTP/1.1, (http/1.1)}{0.0.0.0:0}
2020-12-20 13:58:32,872 [Listener at 127.0.0.1/38459] INFO  server.session (HouseKeeper.java:stopScavenging(149)) - node0 Stopped scavenging
2020-12-20 13:58:32,873 [Listener at 127.0.0.1/38459] INFO  handler.ContextHandler (ContextHandler.java:doStop(1154)) - Stopped o.e.j.s.ServletContextHandler@44126e04{static,/static,file:///github/workspace/mnt/ozone/hadoop-ozone/integration-test/target/test-classes/webapps/static,STOPPED}
2020-12-20 13:58:32,873 [Listener at 127.0.0.1/38459] INFO  handler.ContextHandler (ContextHandler.java:doStop(1154)) - Stopped o.e.j.s.ServletContextHandler@4f2a0651{logs,/logs,file:///github/workspace/mnt/ozone/hadoop-ozone/integration-test/target/log,STOPPED}
2020-12-20 13:58:32,877 [Listener at 127.0.0.1/38459] INFO  ozone.MiniOzoneClusterImpl (MiniOzoneClusterImpl.java:stopDatanodes(462)) - Stopping the HddsDatanodes
2020-12-20 13:58:32,921 [DatanodeAdminManager-0] INFO  node.DatanodeAdminMonitorImpl (DatanodeAdminMonitorImpl.java:run(136)) - There are 3 nodes tracked for decommission and maintenance. 0 pending nodes.
2020-12-20 13:58:32,934 [ReplicationMonitor] INFO  container.ReplicationManager (ReplicationManager.java:run(250)) - Replication Monitor Thread took 0 milliseconds for processing 4 containers.
2020-12-20 13:58:33,168 [Datanode State Machine Thread - 0] INFO  statemachine.DatanodeStateMachine (DatanodeStateMachine.java:lambda$startDaemon$0(408)) - Ozone container server started.
2020-12-20 13:58:33,168 [ForkJoinPool.commonPool-worker-1] INFO  ozoneimpl.OzoneContainer (OzoneContainer.java:stop(257)) - Attempting to stop container services.
2020-12-20 13:58:33,168 [ForkJoinPool.commonPool-worker-1] INFO  impl.RaftServerProxy (RaftServerProxy.java:lambda$close$4(338)) - c38782e9-3388-40a2-a7d0-b364a85c289d: close
2020-12-20 13:58:33,169 [ForkJoinPool.commonPool-worker-1] INFO  server.GrpcService (GrpcService.java:closeImpl(184)) - c38782e9-3388-40a2-a7d0-b364a85c289d: shutdown server with port 33919 now
2020-12-20 13:58:33,171 [grpc-default-executor-0] WARN  client.GrpcClientProtocolService (LogUtils.java:warn(122)) - 1-UnorderedRequestStreamObserver1: onError: org.apache.ratis.thirdparty.io.grpc.StatusRuntimeException: CANCELLED: cancelled before receiving half close
2020-12-20 13:58:33,173 [ForkJoinPool.commonPool-worker-1] INFO  server.GrpcService (GrpcService.java:closeImpl(193)) - c38782e9-3388-40a2-a7d0-b364a85c289d: shutdown server with port 33919 successfully
2020-12-20 13:58:33,175 [ForkJoinPool.commonPool-worker-1] INFO  utils.BackgroundService (BackgroundService.java:shutdown(132)) - Shutting down service BlockDeletingService
2020-12-20 13:58:33,177 [ForkJoinPool.commonPool-worker-1] INFO  statemachine.DatanodeStateMachine (DatanodeStateMachine.java:stopDaemon(461)) - Ozone container server stopped.
2020-12-20 13:58:33,190 [ForkJoinPool.commonPool-worker-1] INFO  handler.ContextHandler (ContextHandler.java:doStop(1154)) - Stopped o.e.j.w.WebAppContext@1785e670{hddsDatanode,/,null,STOPPED}{jar:file:/home/user/.m2/repository/org/apache/hadoop/hadoop-hdds-container-service/1.1.0-SNAPSHOT/hadoop-hdds-container-service-1.1.0-SNAPSHOT.jar!/webapps/hddsDatanode}
2020-12-20 13:58:33,192 [ForkJoinPool.commonPool-worker-1] INFO  server.AbstractConnector (AbstractConnector.java:doStop(381)) - Stopped ServerConnector@6c249eb5{HTTP/1.1, (http/1.1)}{0.0.0.0:0}
2020-12-20 13:58:33,192 [ForkJoinPool.commonPool-worker-1] INFO  server.session (HouseKeeper.java:stopScavenging(149)) - node0 Stopped scavenging
2020-12-20 13:58:33,193 [ForkJoinPool.commonPool-worker-1] INFO  handler.ContextHandler (ContextHandler.java:doStop(1154)) - Stopped o.e.j.s.ServletContextHandler@44c073bd{static,/static,jar:file:/home/user/.m2/repository/org/apache/hadoop/hadoop-hdds-container-service/1.1.0-SNAPSHOT/hadoop-hdds-container-service-1.1.0-SNAPSHOT.jar!/webapps/static,STOPPED}
2020-12-20 13:58:33,194 [ForkJoinPool.commonPool-worker-1] INFO  handler.ContextHandler (ContextHandler.java:doStop(1154)) - Stopped o.e.j.s.ServletContextHandler@43201fd1{logs,/logs,file:///github/workspace/mnt/ozone/hadoop-ozone/integration-test/target/log,STOPPED}
2020-12-20 13:58:33,321 [Datanode State Machine Thread - 0] INFO  statemachine.DatanodeStateMachine (DatanodeStateMachine.java:lambda$startDaemon$0(408)) - Ozone container server started.
2020-12-20 13:58:33,849 [Datanode State Machine Thread - 0] INFO  statemachine.DatanodeStateMachine (DatanodeStateMachine.java:lambda$startDaemon$0(408)) - Ozone container server started.
2020-12-20 13:58:33,885 [Listener at 127.0.0.1/38459] INFO  ozoneimpl.OzoneContainer (OzoneContainer.java:stop(257)) - Attempting to stop container services.
2020-12-20 13:58:33,885 [Listener at 127.0.0.1/38459] INFO  impl.RaftServerProxy (RaftServerProxy.java:lambda$close$4(338)) - 62bf3122-6558-4262-b416-281af820a08d: close
2020-12-20 13:58:33,885 [Listener at 127.0.0.1/38459] INFO  impl.RaftServerImpl (RaftServerImpl.java:lambda$shutdown$3(328)) - 62bf3122-6558-4262-b416-281af820a08d@group-BB4CF28B6211: shutdown
2020-12-20 13:58:33,886 [Listener at 127.0.0.1/38459] INFO  util.JmxRegister (JmxRegister.java:unregister(73)) - Successfully un-registered JMX Bean with object name Ratis:service=RaftServer,group=group-BB4CF28B6211,id=62bf3122-6558-4262-b416-281af820a08d
2020-12-20 13:58:33,886 [Listener at 127.0.0.1/38459] INFO  impl.RoleInfo (RoleInfo.java:shutdownFollowerState(121)) - 62bf3122-6558-4262-b416-281af820a08d: shutdown 62bf3122-6558-4262-b416-281af820a08d@group-BB4CF28B6211-FollowerState
2020-12-20 13:58:33,886 [Listener at 127.0.0.1/38459] INFO  impl.StateMachineUpdater (StateMachineUpdater.java:stopAndJoin(147)) - 62bf3122-6558-4262-b416-281af820a08d@group-BB4CF28B6211-StateMachineUpdater: set stopIndex = 28
2020-12-20 13:58:33,886 [Thread-937] INFO  impl.FollowerState (FollowerState.java:run(137)) - 62bf3122-6558-4262-b416-281af820a08d@group-BB4CF28B6211-FollowerState was interrupted: {}
java.lang.InterruptedException: sleep interrupted
	at java.lang.Thread.sleep(Native Method)
	at org.apache.ratis.util.JavaUtils.sleep(JavaUtils.java:250)
	at org.apache.ratis.server.impl.FollowerState.run(FollowerState.java:116)
2020-12-20 13:58:33,887 [62bf3122-6558-4262-b416-281af820a08d@group-BB4CF28B6211-StateMachineUpdater] INFO  ratis.ContainerStateMachine (ContainerStateMachine.java:takeSnapshot(293)) - group-BB4CF28B6211: Taking a snapshot at:(t:1, i:28) file /github/workspace/mnt/ozone/hadoop-ozone/integration-test/target/test-dir/MiniOzoneClusterImpl-3ca51f30-c846-4083-9b7f-c1ea6aa91ff4/datanode-3/data/ratis/366590d4-d99c-438e-b240-bb4cf28b6211/sm/snapshot.1_28
2020-12-20 13:58:33,889 [62bf3122-6558-4262-b416-281af820a08d@group-BB4CF28B6211-StateMachineUpdater] INFO  ratis.ContainerStateMachine (ContainerStateMachine.java:takeSnapshot(304)) - group-BB4CF28B6211: Finished taking a snapshot at:(t:1, i:28) file:/github/workspace/mnt/ozone/hadoop-ozone/integration-test/target/test-dir/MiniOzoneClusterImpl-3ca51f30-c846-4083-9b7f-c1ea6aa91ff4/datanode-3/data/ratis/366590d4-d99c-438e-b240-bb4cf28b6211/sm/snapshot.1_28 time:2
2020-12-20 13:58:33,889 [62bf3122-6558-4262-b416-281af820a08d@group-BB4CF28B6211-StateMachineUpdater] INFO  impl.StateMachineUpdater (StateMachineUpdater.java:takeSnapshot(278)) - 62bf3122-6558-4262-b416-281af820a08d@group-BB4CF28B6211-StateMachineUpdater: Took a snapshot at index 28
2020-12-20 13:58:33,889 [62bf3122-6558-4262-b416-281af820a08d@group-BB4CF28B6211-StateMachineUpdater] INFO  impl.StateMachineUpdater (StateMachineUpdater.java:lambda$new$0(87)) - 62bf3122-6558-4262-b416-281af820a08d@group-BB4CF28B6211-StateMachineUpdater: snapshotIndex: updateIncreasingly -1 -> 28
2020-12-20 13:58:33,889 [62bf3122-6558-4262-b416-281af820a08d@group-BB4CF28B6211-StateMachineUpdater] INFO  metrics.RatisMetrics (RatisMetrics.java:unregister(43)) - Unregistering Metrics Registry : ratis.state_machine.62bf3122-6558-4262-b416-281af820a08d@group-BB4CF28B6211
2020-12-20 13:58:33,890 [Listener at 127.0.0.1/38459] INFO  impl.RaftServerImpl (ServerState.java:close(406)) - 62bf3122-6558-4262-b416-281af820a08d@group-BB4CF28B6211: closes. applyIndex: 28
2020-12-20 13:58:33,891 [62bf3122-6558-4262-b416-281af820a08d@group-BB4CF28B6211-SegmentedRaftLogWorker] INFO  segmented.SegmentedRaftLogWorker (SegmentedRaftLogWorker.java:run(329)) - 62bf3122-6558-4262-b416-281af820a08d@group-BB4CF28B6211-SegmentedRaftLogWorker was interrupted, exiting. There are 0 tasks remaining in the queue.
2020-12-20 13:58:33,892 [Listener at 127.0.0.1/38459] INFO  segmented.SegmentedRaftLogWorker (SegmentedRaftLogWorker.java:close(235)) - 62bf3122-6558-4262-b416-281af820a08d@group-BB4CF28B6211-SegmentedRaftLogWorker close()
2020-12-20 13:58:33,892 [Listener at 127.0.0.1/38459] INFO  metrics.RatisMetrics (RatisMetrics.java:unregister(43)) - Unregistering Metrics Registry : ratis.log_worker.62bf3122-6558-4262-b416-281af820a08d@group-BB4CF28B6211
2020-12-20 13:58:33,892 [Listener at 127.0.0.1/38459] INFO  metrics.RatisMetrics (RatisMetrics.java:unregister(43)) - Unregistering Metrics Registry : ratis.leader_election.62bf3122-6558-4262-b416-281af820a08d@group-BB4CF28B6211
2020-12-20 13:58:33,892 [Listener at 127.0.0.1/38459] INFO  metrics.RatisMetrics (RatisMetrics.java:unregister(43)) - Unregistering Metrics Registry : ratis.server.62bf3122-6558-4262-b416-281af820a08d@group-BB4CF28B6211
2020-12-20 13:58:33,893 [Listener at 127.0.0.1/38459] INFO  impl.RaftServerImpl (RaftServerImpl.java:lambda$shutdown$3(328)) - 62bf3122-6558-4262-b416-281af820a08d@group-DC12647E32FD: shutdown
2020-12-20 13:58:33,893 [Listener at 127.0.0.1/38459] INFO  util.JmxRegister (JmxRegister.java:unregister(73)) - Successfully un-registered JMX Bean with object name Ratis:service=RaftServer,group=group-DC12647E32FD,id=62bf3122-6558-4262-b416-281af820a08d
2020-12-20 13:58:33,893 [Listener at 127.0.0.1/38459] INFO  impl.RoleInfo (RoleInfo.java:shutdownLeaderState(104)) - 62bf3122-6558-4262-b416-281af820a08d: shutdown 62bf3122-6558-4262-b416-281af820a08d@group-DC12647E32FD-LeaderState
2020-12-20 13:58:33,893 [Listener at 127.0.0.1/38459] INFO  impl.PendingRequests (PendingRequests.java:sendNotLeaderResponses(250)) - 62bf3122-6558-4262-b416-281af820a08d@group-DC12647E32FD-PendingRequests: sendNotLeaderResponses
2020-12-20 13:58:33,893 [Listener at 127.0.0.1/38459] INFO  metrics.RatisMetrics (RatisMetrics.java:unregister(43)) - Unregistering Metrics Registry : ratis.log_appender.62bf3122-6558-4262-b416-281af820a08d@group-DC12647E32FD
2020-12-20 13:58:33,894 [Listener at 127.0.0.1/38459] INFO  metrics.RatisMetrics (RatisMetrics.java:unregister(43)) - Unregistering Metrics Registry : ratis.server.62bf3122-6558-4262-b416-281af820a08d@group-DC12647E32FD
2020-12-20 13:58:33,894 [62bf3122-6558-4262-b416-281af820a08d@group-DC12647E32FD-StateMachineUpdater] INFO  ratis.ContainerStateMachine (ContainerStateMachine.java:takeSnapshot(293)) - group-DC12647E32FD: Taking a snapshot at:(t:1, i:0) file /github/workspace/mnt/ozone/hadoop-ozone/integration-test/target/test-dir/MiniOzoneClusterImpl-3ca51f30-c846-4083-9b7f-c1ea6aa91ff4/datanode-3/data/ratis/694d16eb-f740-427d-9701-dc12647e32fd/sm/snapshot.1_0
2020-12-20 13:58:33,895 [Listener at 127.0.0.1/38459] INFO  impl.StateMachineUpdater (StateMachineUpdater.java:stopAndJoin(147)) - 62bf3122-6558-4262-b416-281af820a08d@group-DC12647E32FD-StateMachineUpdater: set stopIndex = 0
2020-12-20 13:58:33,895 [62bf3122-6558-4262-b416-281af820a08d@group-DC12647E32FD-StateMachineUpdater] INFO  ratis.ContainerStateMachine (ContainerStateMachine.java:takeSnapshot(304)) - group-DC12647E32FD: Finished taking a snapshot at:(t:1, i:0) file:/github/workspace/mnt/ozone/hadoop-ozone/integration-test/target/test-dir/MiniOzoneClusterImpl-3ca51f30-c846-4083-9b7f-c1ea6aa91ff4/datanode-3/data/ratis/694d16eb-f740-427d-9701-dc12647e32fd/sm/snapshot.1_0 time:1
2020-12-20 13:58:33,895 [62bf3122-6558-4262-b416-281af820a08d@group-DC12647E32FD-StateMachineUpdater] INFO  impl.StateMachineUpdater (StateMachineUpdater.java:takeSnapshot(278)) - 62bf3122-6558-4262-b416-281af820a08d@group-DC12647E32FD-StateMachineUpdater: Took a snapshot at index 0
2020-12-20 13:58:33,895 [62bf3122-6558-4262-b416-281af820a08d@group-DC12647E32FD-StateMachineUpdater] INFO  impl.StateMachineUpdater (StateMachineUpdater.java:lambda$new$0(87)) - 62bf3122-6558-4262-b416-281af820a08d@group-DC12647E32FD-StateMachineUpdater: snapshotIndex: updateIncreasingly -1 -> 0
2020-12-20 13:58:33,896 [62bf3122-6558-4262-b416-281af820a08d@group-DC12647E32FD-StateMachineUpdater] INFO  metrics.RatisMetrics (RatisMetrics.java:unregister(43)) - Unregistering Metrics Registry : ratis.state_machine.62bf3122-6558-4262-b416-281af820a08d@group-DC12647E32FD
2020-12-20 13:58:33,896 [Listener at 127.0.0.1/38459] INFO  impl.RaftServerImpl (ServerState.java:close(406)) - 62bf3122-6558-4262-b416-281af820a08d@group-DC12647E32FD: closes. applyIndex: 0
2020-12-20 13:58:33,896 [62bf3122-6558-4262-b416-281af820a08d@group-DC12647E32FD-SegmentedRaftLogWorker] INFO  segmented.SegmentedRaftLogWorker (SegmentedRaftLogWorker.java:run(329)) - 62bf3122-6558-4262-b416-281af820a08d@group-DC12647E32FD-SegmentedRaftLogWorker was interrupted, exiting. There are 0 tasks remaining in the queue.
2020-12-20 13:58:33,896 [Listener at 127.0.0.1/38459] INFO  segmented.SegmentedRaftLogWorker (SegmentedRaftLogWorker.java:close(235)) - 62bf3122-6558-4262-b416-281af820a08d@group-DC12647E32FD-SegmentedRaftLogWorker close()
2020-12-20 13:58:33,896 [Listener at 127.0.0.1/38459] INFO  metrics.RatisMetrics (RatisMetrics.java:unregister(43)) - Unregistering Metrics Registry : ratis.log_worker.62bf3122-6558-4262-b416-281af820a08d@group-DC12647E32FD
2020-12-20 13:58:33,897 [Listener at 127.0.0.1/38459] INFO  metrics.RatisMetrics (RatisMetrics.java:unregister(43)) - Unregistering Metrics Registry : ratis.leader_election.62bf3122-6558-4262-b416-281af820a08d@group-DC12647E32FD
2020-12-20 13:58:33,897 [Listener at 127.0.0.1/38459] INFO  metrics.RatisMetrics (RatisMetrics.java:unregister(43)) - Unregistering Metrics Registry : ratis.server.62bf3122-6558-4262-b416-281af820a08d@group-DC12647E32FD
2020-12-20 13:58:33,897 [Listener at 127.0.0.1/38459] INFO  server.GrpcService (GrpcService.java:closeImpl(184)) - 62bf3122-6558-4262-b416-281af820a08d: shutdown server with port 44723 now
2020-12-20 13:58:33,907 [grpc-default-executor-0] WARN  server.GrpcServerProtocolService (LogUtils.java:warn(122)) - 62bf3122-6558-4262-b416-281af820a08d: installSnapshot onError, lastRequest: 5f27e08b-2f6c-4b1d-b018-474ca25c25d0->62bf3122-6558-4262-b416-281af820a08d#111-t1, previous=(t:1, i:27), leaderCommit=26, initializing? false, entries: size=1, first=(t:1, i:28), METADATAENTRY(c:26): org.apache.ratis.thirdparty.io.grpc.StatusRuntimeException: CANCELLED: cancelled before receiving half close
2020-12-20 13:58:33,907 [Listener at 127.0.0.1/38459] INFO  server.GrpcService (GrpcService.java:closeImpl(193)) - 62bf3122-6558-4262-b416-281af820a08d: shutdown server with port 44723 successfully
2020-12-20 13:58:33,907 [grpc-default-executor-3] WARN  server.GrpcLogAppender (LogUtils.java:warn(122)) - 5f27e08b-2f6c-4b1d-b018-474ca25c25d0@group-BB4CF28B6211->62bf3122-6558-4262-b416-281af820a08d-AppendLogResponseHandler: Failed appendEntries: org.apache.ratis.thirdparty.io.grpc.StatusRuntimeException: CANCELLED: HTTP/2 error code: CANCEL
Received Rst Stream
2020-12-20 13:58:33,907 [grpc-default-executor-3] INFO  impl.FollowerInfo (FollowerInfo.java:lambda$new$0(51)) - 5f27e08b-2f6c-4b1d-b018-474ca25c25d0@group-BB4CF28B6211->62bf3122-6558-4262-b416-281af820a08d: nextIndex: updateUnconditionally 29 -> 28
2020-12-20 13:58:33,909 [Listener at 127.0.0.1/38459] INFO  utils.BackgroundService (BackgroundService.java:shutdown(132)) - Shutting down service BlockDeletingService
2020-12-20 13:58:33,910 [Listener at 127.0.0.1/38459] INFO  statemachine.DatanodeStateMachine (DatanodeStateMachine.java:stopDaemon(461)) - Ozone container server stopped.
2020-12-20 13:58:33,921 [DatanodeAdminManager-0] INFO  node.DatanodeAdminMonitorImpl (DatanodeAdminMonitorImpl.java:run(136)) - There are 3 nodes tracked for decommission and maintenance. 0 pending nodes.
2020-12-20 13:58:33,926 [grpc-default-executor-3] WARN  server.GrpcLogAppender (LogUtils.java:warn(122)) - 5f27e08b-2f6c-4b1d-b018-474ca25c25d0@group-BB4CF28B6211->62bf3122-6558-4262-b416-281af820a08d-AppendLogResponseHandler: Failed appendEntries: org.apache.ratis.thirdparty.io.grpc.StatusRuntimeException: UNAVAILABLE: io exception
2020-12-20 13:58:33,927 [grpc-default-executor-3] INFO  impl.FollowerInfo (FollowerInfo.java:lambda$new$0(51)) - 5f27e08b-2f6c-4b1d-b018-474ca25c25d0@group-BB4CF28B6211->62bf3122-6558-4262-b416-281af820a08d: nextIndex: updateUnconditionally 29 -> 28
2020-12-20 13:58:33,929 [Listener at 127.0.0.1/38459] INFO  handler.ContextHandler (ContextHandler.java:doStop(1154)) - Stopped o.e.j.w.WebAppContext@e888636{hddsDatanode,/,null,STOPPED}{jar:file:/home/user/.m2/repository/org/apache/hadoop/hadoop-hdds-container-service/1.1.0-SNAPSHOT/hadoop-hdds-container-service-1.1.0-SNAPSHOT.jar!/webapps/hddsDatanode}
2020-12-20 13:58:33,930 [Listener at 127.0.0.1/38459] INFO  server.AbstractConnector (AbstractConnector.java:doStop(381)) - Stopped ServerConnector@3f1e530c{HTTP/1.1, (http/1.1)}{0.0.0.0:0}
2020-12-20 13:58:33,930 [Listener at 127.0.0.1/38459] INFO  server.session (HouseKeeper.java:stopScavenging(149)) - node0 Stopped scavenging
2020-12-20 13:58:33,931 [Listener at 127.0.0.1/38459] INFO  handler.ContextHandler (ContextHandler.java:doStop(1154)) - Stopped o.e.j.s.ServletContextHandler@2be71a78{static,/static,jar:file:/home/user/.m2/repository/org/apache/hadoop/hadoop-hdds-container-service/1.1.0-SNAPSHOT/hadoop-hdds-container-service-1.1.0-SNAPSHOT.jar!/webapps/static,STOPPED}
2020-12-20 13:58:33,931 [Listener at 127.0.0.1/38459] INFO  handler.ContextHandler (ContextHandler.java:doStop(1154)) - Stopped o.e.j.s.ServletContextHandler@382d820{logs,/logs,file:///github/workspace/mnt/ozone/hadoop-ozone/integration-test/target/log,STOPPED}
2020-12-20 13:58:33,934 [ReplicationMonitor] INFO  container.ReplicationManager (ReplicationManager.java:run(250)) - Replication Monitor Thread took 0 milliseconds for processing 4 containers.
2020-12-20 13:58:34,409 [ForkJoinPool.commonPool-worker-1] INFO  ozoneimpl.OzoneContainer (OzoneContainer.java:stop(257)) - Attempting to stop container services.
2020-12-20 13:58:34,410 [ForkJoinPool.commonPool-worker-1] INFO  impl.RaftServerProxy (RaftServerProxy.java:lambda$close$4(338)) - 9165b65f-6848-484a-9f71-e5cc340a0655: close
2020-12-20 13:58:34,410 [ForkJoinPool.commonPool-worker-1] INFO  server.GrpcService (GrpcService.java:closeImpl(184)) - 9165b65f-6848-484a-9f71-e5cc340a0655: shutdown server with port 39473 now
2020-12-20 13:58:34,410 [ForkJoinPool.commonPool-worker-1] INFO  server.GrpcService (GrpcService.java:closeImpl(193)) - 9165b65f-6848-484a-9f71-e5cc340a0655: shutdown server with port 39473 successfully
2020-12-20 13:58:34,412 [ForkJoinPool.commonPool-worker-1] INFO  utils.BackgroundService (BackgroundService.java:shutdown(132)) - Shutting down service BlockDeletingService
2020-12-20 13:58:34,415 [ForkJoinPool.commonPool-worker-1] INFO  statemachine.DatanodeStateMachine (DatanodeStateMachine.java:stopDaemon(461)) - Ozone container server stopped.
2020-12-20 13:58:34,427 [ForkJoinPool.commonPool-worker-1] INFO  handler.ContextHandler (ContextHandler.java:doStop(1154)) - Stopped o.e.j.w.WebAppContext@6456fcc4{hddsDatanode,/,null,STOPPED}{jar:file:/home/user/.m2/repository/org/apache/hadoop/hadoop-hdds-container-service/1.1.0-SNAPSHOT/hadoop-hdds-container-service-1.1.0-SNAPSHOT.jar!/webapps/hddsDatanode}
2020-12-20 13:58:34,427 [ForkJoinPool.commonPool-worker-1] INFO  server.AbstractConnector (AbstractConnector.java:doStop(381)) - Stopped ServerConnector@560def6c{HTTP/1.1, (http/1.1)}{0.0.0.0:0}
2020-12-20 13:58:34,428 [ForkJoinPool.commonPool-worker-1] INFO  server.session (HouseKeeper.java:stopScavenging(149)) - node0 Stopped scavenging
2020-12-20 13:58:34,428 [ForkJoinPool.commonPool-worker-1] INFO  handler.ContextHandler (ContextHandler.java:doStop(1154)) - Stopped o.e.j.s.ServletContextHandler@7262e23e{static,/static,jar:file:/home/user/.m2/repository/org/apache/hadoop/hadoop-hdds-container-service/1.1.0-SNAPSHOT/hadoop-hdds-container-service-1.1.0-SNAPSHOT.jar!/webapps/static,STOPPED}
2020-12-20 13:58:34,429 [ForkJoinPool.commonPool-worker-1] INFO  handler.ContextHandler (ContextHandler.java:doStop(1154)) - Stopped o.e.j.s.ServletContextHandler@6fd364a3{logs,/logs,file:///github/workspace/mnt/ozone/hadoop-ozone/integration-test/target/log,STOPPED}
2020-12-20 13:58:34,687 [Datanode State Machine Thread - 0] INFO  statemachine.DatanodeStateMachine (DatanodeStateMachine.java:lambda$startDaemon$0(408)) - Ozone container server started.
2020-12-20 13:58:34,817 [Datanode State Machine Thread - 0] INFO  statemachine.DatanodeStateMachine (DatanodeStateMachine.java:lambda$startDaemon$0(408)) - Ozone container server started.
2020-12-20 13:58:34,921 [DatanodeAdminManager-0] INFO  node.DatanodeAdminMonitorImpl (DatanodeAdminMonitorImpl.java:run(136)) - There are 3 nodes tracked for decommission and maintenance. 0 pending nodes.
2020-12-20 13:58:34,935 [ReplicationMonitor] INFO  container.ReplicationManager (ReplicationManager.java:run(250)) - Replication Monitor Thread took 0 milliseconds for processing 4 containers.
2020-12-20 13:58:34,942 [Listener at 127.0.0.1/38459] INFO  ozoneimpl.OzoneContainer (OzoneContainer.java:stop(257)) - Attempting to stop container services.
2020-12-20 13:58:34,943 [Listener at 127.0.0.1/38459] INFO  impl.RaftServerProxy (RaftServerProxy.java:lambda$close$4(338)) - 5f27e08b-2f6c-4b1d-b018-474ca25c25d0: close
2020-12-20 13:58:34,943 [Listener at 127.0.0.1/38459] INFO  impl.RaftServerImpl (RaftServerImpl.java:lambda$shutdown$3(328)) - 5f27e08b-2f6c-4b1d-b018-474ca25c25d0@group-BB4CF28B6211: shutdown
2020-12-20 13:58:34,943 [Listener at 127.0.0.1/38459] INFO  util.JmxRegister (JmxRegister.java:unregister(73)) - Successfully un-registered JMX Bean with object name Ratis:service=RaftServer,group=group-BB4CF28B6211,id=5f27e08b-2f6c-4b1d-b018-474ca25c25d0
2020-12-20 13:58:34,943 [Listener at 127.0.0.1/38459] INFO  impl.RoleInfo (RoleInfo.java:shutdownLeaderState(104)) - 5f27e08b-2f6c-4b1d-b018-474ca25c25d0: shutdown 5f27e08b-2f6c-4b1d-b018-474ca25c25d0@group-BB4CF28B6211-LeaderState
2020-12-20 13:58:34,943 [Listener at 127.0.0.1/38459] INFO  metrics.RatisMetrics (RatisMetrics.java:unregister(43)) - Unregistering Metrics Registry : ratis_grpc.log_appender.5f27e08b-2f6c-4b1d-b018-474ca25c25d0@group-BB4CF28B6211
2020-12-20 13:58:34,944 [Listener at 127.0.0.1/38459] INFO  metrics.RatisMetrics (RatisMetrics.java:unregister(43)) - Unregistering Metrics Registry : ratis_grpc.log_appender.5f27e08b-2f6c-4b1d-b018-474ca25c25d0@group-BB4CF28B6211
2020-12-20 13:58:34,944 [Listener at 127.0.0.1/38459] INFO  impl.PendingRequests (PendingRequests.java:sendNotLeaderResponses(250)) - 5f27e08b-2f6c-4b1d-b018-474ca25c25d0@group-BB4CF28B6211-PendingRequests: sendNotLeaderResponses
2020-12-20 13:58:34,944 [org.apache.ratis.server.impl.LogAppender$AppenderDaemon$$Lambda$479/1894571355@4fa21474] WARN  server.GrpcLogAppender (GrpcLogAppender.java:mayWait(168)) - 5f27e08b-2f6c-4b1d-b018-474ca25c25d0@group-BB4CF28B6211->16749e43-558c-4c39-b613-b952dab248c9-GrpcLogAppender: Wait interrupted by java.lang.InterruptedException
2020-12-20 13:58:34,944 [org.apache.ratis.server.impl.LogAppender$AppenderDaemon$$Lambda$479/1894571355@115a4d8a] WARN  server.GrpcLogAppender (GrpcLogAppender.java:mayWait(168)) - 5f27e08b-2f6c-4b1d-b018-474ca25c25d0@group-BB4CF28B6211->62bf3122-6558-4262-b416-281af820a08d-GrpcLogAppender: Wait interrupted by java.lang.InterruptedException
2020-12-20 13:58:34,946 [Listener at 127.0.0.1/38459] INFO  metrics.RatisMetrics (RatisMetrics.java:unregister(43)) - Unregistering Metrics Registry : ratis.log_appender.5f27e08b-2f6c-4b1d-b018-474ca25c25d0@group-BB4CF28B6211
2020-12-20 13:58:34,946 [Listener at 127.0.0.1/38459] INFO  metrics.RatisMetrics (RatisMetrics.java:unregister(43)) - Unregistering Metrics Registry : ratis.server.5f27e08b-2f6c-4b1d-b018-474ca25c25d0@group-BB4CF28B6211
2020-12-20 13:58:34,946 [Listener at 127.0.0.1/38459] INFO  impl.StateMachineUpdater (StateMachineUpdater.java:stopAndJoin(147)) - 5f27e08b-2f6c-4b1d-b018-474ca25c25d0@group-BB4CF28B6211-StateMachineUpdater: set stopIndex = 28
2020-12-20 13:58:34,947 [grpc-default-executor-3] INFO  server.GrpcServerProtocolService (GrpcServerProtocolService.java:onCompleted(138)) - 16749e43-558c-4c39-b613-b952dab248c9: Completed APPEND_ENTRIES, lastRequest: 5f27e08b-2f6c-4b1d-b018-474ca25c25d0->16749e43-558c-4c39-b613-b952dab248c9#119-t1, previous=(t:1, i:27), leaderCommit=26, initializing? false, entries: size=1, first=(t:1, i:28), METADATAENTRY(c:26)
2020-12-20 13:58:34,948 [5f27e08b-2f6c-4b1d-b018-474ca25c25d0@group-BB4CF28B6211-StateMachineUpdater] INFO  ratis.ContainerStateMachine (ContainerStateMachine.java:takeSnapshot(293)) - group-BB4CF28B6211: Taking a snapshot at:(t:1, i:28) file /github/workspace/mnt/ozone/hadoop-ozone/integration-test/target/test-dir/MiniOzoneClusterImpl-3ca51f30-c846-4083-9b7f-c1ea6aa91ff4/datanode-5/data/ratis/366590d4-d99c-438e-b240-bb4cf28b6211/sm/snapshot.1_28
2020-12-20 13:58:34,949 [5f27e08b-2f6c-4b1d-b018-474ca25c25d0@group-BB4CF28B6211-StateMachineUpdater] INFO  ratis.ContainerStateMachine (ContainerStateMachine.java:takeSnapshot(304)) - group-BB4CF28B6211: Finished taking a snapshot at:(t:1, i:28) file:/github/workspace/mnt/ozone/hadoop-ozone/integration-test/target/test-dir/MiniOzoneClusterImpl-3ca51f30-c846-4083-9b7f-c1ea6aa91ff4/datanode-5/data/ratis/366590d4-d99c-438e-b240-bb4cf28b6211/sm/snapshot.1_28 time:1
2020-12-20 13:58:34,949 [5f27e08b-2f6c-4b1d-b018-474ca25c25d0@group-BB4CF28B6211-StateMachineUpdater] INFO  impl.StateMachineUpdater (StateMachineUpdater.java:takeSnapshot(278)) - 5f27e08b-2f6c-4b1d-b018-474ca25c25d0@group-BB4CF28B6211-StateMachineUpdater: Took a snapshot at index 28
2020-12-20 13:58:34,949 [5f27e08b-2f6c-4b1d-b018-474ca25c25d0@group-BB4CF28B6211-StateMachineUpdater] INFO  impl.StateMachineUpdater (StateMachineUpdater.java:lambda$new$0(87)) - 5f27e08b-2f6c-4b1d-b018-474ca25c25d0@group-BB4CF28B6211-StateMachineUpdater: snapshotIndex: updateIncreasingly -1 -> 28
2020-12-20 13:58:34,949 [5f27e08b-2f6c-4b1d-b018-474ca25c25d0@group-BB4CF28B6211-StateMachineUpdater] INFO  metrics.RatisMetrics (RatisMetrics.java:unregister(43)) - Unregistering Metrics Registry : ratis.state_machine.5f27e08b-2f6c-4b1d-b018-474ca25c25d0@group-BB4CF28B6211
2020-12-20 13:58:34,950 [grpc-default-executor-1] INFO  server.GrpcLogAppender (GrpcLogAppender.java:onCompleted(337)) - 5f27e08b-2f6c-4b1d-b018-474ca25c25d0@group-BB4CF28B6211->16749e43-558c-4c39-b613-b952dab248c9-AppendLogResponseHandler: follower responses appendEntries COMPLETED
2020-12-20 13:58:34,950 [grpc-default-executor-1] INFO  impl.FollowerInfo (FollowerInfo.java:lambda$new$0(51)) - 5f27e08b-2f6c-4b1d-b018-474ca25c25d0@group-BB4CF28B6211->16749e43-558c-4c39-b613-b952dab248c9: nextIndex: updateUnconditionally 29 -> 28
2020-12-20 13:58:34,950 [Listener at 127.0.0.1/38459] INFO  impl.RaftServerImpl (ServerState.java:close(406)) - 5f27e08b-2f6c-4b1d-b018-474ca25c25d0@group-BB4CF28B6211: closes. applyIndex: 28
2020-12-20 13:58:34,951 [5f27e08b-2f6c-4b1d-b018-474ca25c25d0@group-BB4CF28B6211-SegmentedRaftLogWorker] INFO  segmented.SegmentedRaftLogWorker (SegmentedRaftLogWorker.java:run(329)) - 5f27e08b-2f6c-4b1d-b018-474ca25c25d0@group-BB4CF28B6211-SegmentedRaftLogWorker was interrupted, exiting. There are 0 tasks remaining in the queue.
2020-12-20 13:58:34,957 [Listener at 127.0.0.1/38459] INFO  segmented.SegmentedRaftLogWorker (SegmentedRaftLogWorker.java:close(235)) - 5f27e08b-2f6c-4b1d-b018-474ca25c25d0@group-BB4CF28B6211-SegmentedRaftLogWorker close()
2020-12-20 13:58:34,957 [Listener at 127.0.0.1/38459] INFO  metrics.RatisMetrics (RatisMetrics.java:unregister(43)) - Unregistering Metrics Registry : ratis.log_worker.5f27e08b-2f6c-4b1d-b018-474ca25c25d0@group-BB4CF28B6211
2020-12-20 13:58:34,958 [Listener at 127.0.0.1/38459] INFO  metrics.RatisMetrics (RatisMetrics.java:unregister(43)) - Unregistering Metrics Registry : ratis.leader_election.5f27e08b-2f6c-4b1d-b018-474ca25c25d0@group-BB4CF28B6211
2020-12-20 13:58:34,958 [Listener at 127.0.0.1/38459] INFO  metrics.RatisMetrics (RatisMetrics.java:unregister(43)) - Unregistering Metrics Registry : ratis.server.5f27e08b-2f6c-4b1d-b018-474ca25c25d0@group-BB4CF28B6211
2020-12-20 13:58:34,958 [Listener at 127.0.0.1/38459] INFO  impl.RaftServerImpl (RaftServerImpl.java:lambda$shutdown$3(328)) - 5f27e08b-2f6c-4b1d-b018-474ca25c25d0@group-DAEE74F759D9: shutdown
2020-12-20 13:58:34,958 [Listener at 127.0.0.1/38459] INFO  util.JmxRegister (JmxRegister.java:unregister(73)) - Successfully un-registered JMX Bean with object name Ratis:service=RaftServer,group=group-DAEE74F759D9,id=5f27e08b-2f6c-4b1d-b018-474ca25c25d0
2020-12-20 13:58:34,959 [Listener at 127.0.0.1/38459] INFO  impl.RoleInfo (RoleInfo.java:shutdownLeaderState(104)) - 5f27e08b-2f6c-4b1d-b018-474ca25c25d0: shutdown 5f27e08b-2f6c-4b1d-b018-474ca25c25d0@group-DAEE74F759D9-LeaderState
2020-12-20 13:58:34,959 [Listener at 127.0.0.1/38459] INFO  impl.PendingRequests (PendingRequests.java:sendNotLeaderResponses(250)) - 5f27e08b-2f6c-4b1d-b018-474ca25c25d0@group-DAEE74F759D9-PendingRequests: sendNotLeaderResponses
2020-12-20 13:58:34,959 [Listener at 127.0.0.1/38459] INFO  metrics.RatisMetrics (RatisMetrics.java:unregister(43)) - Unregistering Metrics Registry : ratis.log_appender.5f27e08b-2f6c-4b1d-b018-474ca25c25d0@group-DAEE74F759D9
2020-12-20 13:58:34,959 [Listener at 127.0.0.1/38459] INFO  metrics.RatisMetrics (RatisMetrics.java:unregister(43)) - Unregistering Metrics Registry : ratis.server.5f27e08b-2f6c-4b1d-b018-474ca25c25d0@group-DAEE74F759D9
2020-12-20 13:58:34,960 [Listener at 127.0.0.1/38459] INFO  impl.StateMachineUpdater (StateMachineUpdater.java:stopAndJoin(147)) - 5f27e08b-2f6c-4b1d-b018-474ca25c25d0@group-DAEE74F759D9-StateMachineUpdater: set stopIndex = 0
2020-12-20 13:58:34,960 [5f27e08b-2f6c-4b1d-b018-474ca25c25d0@group-DAEE74F759D9-StateMachineUpdater] INFO  ratis.ContainerStateMachine (ContainerStateMachine.java:takeSnapshot(293)) - group-DAEE74F759D9: Taking a snapshot at:(t:1, i:0) file /github/workspace/mnt/ozone/hadoop-ozone/integration-test/target/test-dir/MiniOzoneClusterImpl-3ca51f30-c846-4083-9b7f-c1ea6aa91ff4/datanode-5/data/ratis/9473f8d7-9315-4a94-9b6f-daee74f759d9/sm/snapshot.1_0
2020-12-20 13:58:34,961 [5f27e08b-2f6c-4b1d-b018-474ca25c25d0@group-DAEE74F759D9-StateMachineUpdater] INFO  ratis.ContainerStateMachine (ContainerStateMachine.java:takeSnapshot(304)) - group-DAEE74F759D9: Finished taking a snapshot at:(t:1, i:0) file:/github/workspace/mnt/ozone/hadoop-ozone/integration-test/target/test-dir/MiniOzoneClusterImpl-3ca51f30-c846-4083-9b7f-c1ea6aa91ff4/datanode-5/data/ratis/9473f8d7-9315-4a94-9b6f-daee74f759d9/sm/snapshot.1_0 time:1
2020-12-20 13:58:34,961 [5f27e08b-2f6c-4b1d-b018-474ca25c25d0@group-DAEE74F759D9-StateMachineUpdater] INFO  impl.StateMachineUpdater (StateMachineUpdater.java:takeSnapshot(278)) - 5f27e08b-2f6c-4b1d-b018-474ca25c25d0@group-DAEE74F759D9-StateMachineUpdater: Took a snapshot at index 0
2020-12-20 13:58:34,961 [5f27e08b-2f6c-4b1d-b018-474ca25c25d0@group-DAEE74F759D9-StateMachineUpdater] INFO  impl.StateMachineUpdater (StateMachineUpdater.java:lambda$new$0(87)) - 5f27e08b-2f6c-4b1d-b018-474ca25c25d0@group-DAEE74F759D9-StateMachineUpdater: snapshotIndex: updateIncreasingly -1 -> 0
2020-12-20 13:58:34,961 [5f27e08b-2f6c-4b1d-b018-474ca25c25d0@group-DAEE74F759D9-StateMachineUpdater] INFO  metrics.RatisMetrics (RatisMetrics.java:unregister(43)) - Unregistering Metrics Registry : ratis.state_machine.5f27e08b-2f6c-4b1d-b018-474ca25c25d0@group-DAEE74F759D9
2020-12-20 13:58:34,962 [Listener at 127.0.0.1/38459] INFO  impl.RaftServerImpl (ServerState.java:close(406)) - 5f27e08b-2f6c-4b1d-b018-474ca25c25d0@group-DAEE74F759D9: closes. applyIndex: 0
2020-12-20 13:58:34,962 [5f27e08b-2f6c-4b1d-b018-474ca25c25d0@group-DAEE74F759D9-SegmentedRaftLogWorker] INFO  segmented.SegmentedRaftLogWorker (SegmentedRaftLogWorker.java:run(329)) - 5f27e08b-2f6c-4b1d-b018-474ca25c25d0@group-DAEE74F759D9-SegmentedRaftLogWorker was interrupted, exiting. There are 0 tasks remaining in the queue.
2020-12-20 13:58:34,962 [Listener at 127.0.0.1/38459] INFO  segmented.SegmentedRaftLogWorker (SegmentedRaftLogWorker.java:close(235)) - 5f27e08b-2f6c-4b1d-b018-474ca25c25d0@group-DAEE74F759D9-SegmentedRaftLogWorker close()
2020-12-20 13:58:34,962 [Listener at 127.0.0.1/38459] INFO  metrics.RatisMetrics (RatisMetrics.java:unregister(43)) - Unregistering Metrics Registry : ratis.log_worker.5f27e08b-2f6c-4b1d-b018-474ca25c25d0@group-DAEE74F759D9
2020-12-20 13:58:34,962 [Listener at 127.0.0.1/38459] INFO  metrics.RatisMetrics (RatisMetrics.java:unregister(43)) - Unregistering Metrics Registry : ratis.leader_election.5f27e08b-2f6c-4b1d-b018-474ca25c25d0@group-DAEE74F759D9
2020-12-20 13:58:34,963 [Listener at 127.0.0.1/38459] INFO  metrics.RatisMetrics (RatisMetrics.java:unregister(43)) - Unregistering Metrics Registry : ratis.server.5f27e08b-2f6c-4b1d-b018-474ca25c25d0@group-DAEE74F759D9
2020-12-20 13:58:34,963 [Listener at 127.0.0.1/38459] INFO  server.GrpcService (GrpcService.java:closeImpl(184)) - 5f27e08b-2f6c-4b1d-b018-474ca25c25d0: shutdown server with port 46353 now
2020-12-20 13:58:34,965 [grpc-default-executor-1] WARN  client.GrpcClientProtocolService (LogUtils.java:warn(122)) - 1-UnorderedRequestStreamObserver1: onError: org.apache.ratis.thirdparty.io.grpc.StatusRuntimeException: CANCELLED: cancelled before receiving half close
2020-12-20 13:58:34,967 [Listener at 127.0.0.1/38459] INFO  server.GrpcService (GrpcService.java:closeImpl(193)) - 5f27e08b-2f6c-4b1d-b018-474ca25c25d0: shutdown server with port 46353 successfully
2020-12-20 13:58:34,968 [Listener at 127.0.0.1/38459] INFO  utils.BackgroundService (BackgroundService.java:shutdown(132)) - Shutting down service BlockDeletingService
2020-12-20 13:58:34,970 [Listener at 127.0.0.1/38459] INFO  statemachine.DatanodeStateMachine (DatanodeStateMachine.java:stopDaemon(461)) - Ozone container server stopped.
2020-12-20 13:58:34,981 [Listener at 127.0.0.1/38459] INFO  handler.ContextHandler (ContextHandler.java:doStop(1154)) - Stopped o.e.j.w.WebAppContext@3178f903{hddsDatanode,/,null,STOPPED}{jar:file:/home/user/.m2/repository/org/apache/hadoop/hadoop-hdds-container-service/1.1.0-SNAPSHOT/hadoop-hdds-container-service-1.1.0-SNAPSHOT.jar!/webapps/hddsDatanode}
2020-12-20 13:58:34,982 [Listener at 127.0.0.1/38459] INFO  server.AbstractConnector (AbstractConnector.java:doStop(381)) - Stopped ServerConnector@6bf6b454{HTTP/1.1, (http/1.1)}{0.0.0.0:0}
2020-12-20 13:58:34,982 [Listener at 127.0.0.1/38459] INFO  server.session (HouseKeeper.java:stopScavenging(149)) - node0 Stopped scavenging
2020-12-20 13:58:34,982 [Listener at 127.0.0.1/38459] INFO  handler.ContextHandler (ContextHandler.java:doStop(1154)) - Stopped o.e.j.s.ServletContextHandler@6630c950{static,/static,jar:file:/home/user/.m2/repository/org/apache/hadoop/hadoop-hdds-container-service/1.1.0-SNAPSHOT/hadoop-hdds-container-service-1.1.0-SNAPSHOT.jar!/webapps/static,STOPPED}
2020-12-20 13:58:34,983 [Listener at 127.0.0.1/38459] INFO  handler.ContextHandler (ContextHandler.java:doStop(1154)) - Stopped o.e.j.s.ServletContextHandler@1e1424e9{logs,/logs,file:///github/workspace/mnt/ozone/hadoop-ozone/integration-test/target/log,STOPPED}
2020-12-20 13:58:35,372 [EventQueue-StaleNodeForStaleNodeHandler] INFO  node.StaleNodeHandler (StaleNodeHandler.java:onMessage(58)) - Datanode 62bf3122-6558-4262-b416-281af820a08d{ip: 172.17.0.2, host: fc04eb3d93c3, networkLocation: /default-rack, certSerialId: null, persistedOpState: IN_SERVICE, persistedOpStateExpiryEpochSec: 0} moved to stale state. Finalizing its pipelines [PipelineID=366590d4-d99c-438e-b240-bb4cf28b6211, PipelineID=694d16eb-f740-427d-9701-dc12647e32fd]
2020-12-20 13:58:35,372 [EventQueue-StaleNodeForStaleNodeHandler] INFO  pipeline.SCMPipelineManager (SCMPipelineManager.java:finalizeAndDestroyPipeline(482)) - Destroying pipeline:Pipeline[ Id: 366590d4-d99c-438e-b240-bb4cf28b6211, Nodes: 5f27e08b-2f6c-4b1d-b018-474ca25c25d0{ip: 172.17.0.2, host: fc04eb3d93c3, networkLocation: /default-rack, certSerialId: null, persistedOpState: IN_SERVICE, persistedOpStateExpiryEpochSec: 0}62bf3122-6558-4262-b416-281af820a08d{ip: 172.17.0.2, host: fc04eb3d93c3, networkLocation: /default-rack, certSerialId: null, persistedOpState: IN_SERVICE, persistedOpStateExpiryEpochSec: 0}16749e43-558c-4c39-b613-b952dab248c9{ip: 172.17.0.2, host: fc04eb3d93c3, networkLocation: /default-rack, certSerialId: null, persistedOpState: IN_SERVICE, persistedOpStateExpiryEpochSec: 0}, Type:RATIS, Factor:THREE, State:OPEN, leaderId:5f27e08b-2f6c-4b1d-b018-474ca25c25d0, CreationTimestamp2020-12-20T13:58:11.488Z]
2020-12-20 13:58:35,372 [EventQueue-StaleNodeForStaleNodeHandler] INFO  pipeline.PipelineStateManager (PipelineStateManager.java:finalizePipeline(121)) - Pipeline Pipeline[ Id: 366590d4-d99c-438e-b240-bb4cf28b6211, Nodes: 5f27e08b-2f6c-4b1d-b018-474ca25c25d0{ip: 172.17.0.2, host: fc04eb3d93c3, networkLocation: /default-rack, certSerialId: null, persistedOpState: IN_SERVICE, persistedOpStateExpiryEpochSec: 0}62bf3122-6558-4262-b416-281af820a08d{ip: 172.17.0.2, host: fc04eb3d93c3, networkLocation: /default-rack, certSerialId: null, persistedOpState: IN_SERVICE, persistedOpStateExpiryEpochSec: 0}16749e43-558c-4c39-b613-b952dab248c9{ip: 172.17.0.2, host: fc04eb3d93c3, networkLocation: /default-rack, certSerialId: null, persistedOpState: IN_SERVICE, persistedOpStateExpiryEpochSec: 0}, Type:RATIS, Factor:THREE, State:CLOSED, leaderId:5f27e08b-2f6c-4b1d-b018-474ca25c25d0, CreationTimestamp2020-12-20T13:58:11.488Z] moved to CLOSED state
2020-12-20 13:58:35,372 [EventQueue-CloseContainerForCloseContainerEventHandler] INFO  container.CloseContainerEventHandler (CloseContainerEventHandler.java:onMessage(61)) - Close container Event triggered for container : #3
2020-12-20 13:58:35,373 [EventQueue-StaleNodeForStaleNodeHandler] INFO  pipeline.SCMPipelineManager (SCMPipelineManager.java:finalizeAndDestroyPipeline(482)) - Destroying pipeline:Pipeline[ Id: 694d16eb-f740-427d-9701-dc12647e32fd, Nodes: 62bf3122-6558-4262-b416-281af820a08d{ip: 172.17.0.2, host: fc04eb3d93c3, networkLocation: /default-rack, certSerialId: null, persistedOpState: IN_SERVICE, persistedOpStateExpiryEpochSec: 0}, Type:RATIS, Factor:ONE, State:OPEN, leaderId:62bf3122-6558-4262-b416-281af820a08d, CreationTimestamp2020-12-20T13:58:10.809Z]
2020-12-20 13:58:35,373 [EventQueue-CloseContainerForCloseContainerEventHandler] INFO  container.CloseContainerEventHandler (CloseContainerEventHandler.java:onMessage(61)) - Close container Event triggered for container : #4
2020-12-20 13:58:35,374 [EventQueue-StaleNodeForStaleNodeHandler] INFO  pipeline.PipelineStateManager (PipelineStateManager.java:finalizePipeline(121)) - Pipeline Pipeline[ Id: 694d16eb-f740-427d-9701-dc12647e32fd, Nodes: 62bf3122-6558-4262-b416-281af820a08d{ip: 172.17.0.2, host: fc04eb3d93c3, networkLocation: /default-rack, certSerialId: null, persistedOpState: IN_SERVICE, persistedOpStateExpiryEpochSec: 0}, Type:RATIS, Factor:ONE, State:CLOSED, leaderId:62bf3122-6558-4262-b416-281af820a08d, CreationTimestamp2020-12-20T13:58:10.809Z] moved to CLOSED state
2020-12-20 13:58:35,463 [Datanode State Machine Thread - 0] INFO  statemachine.DatanodeStateMachine (DatanodeStateMachine.java:lambda$startDaemon$0(408)) - Ozone container server started.
2020-12-20 13:58:35,506 [ForkJoinPool.commonPool-worker-1] INFO  ozoneimpl.OzoneContainer (OzoneContainer.java:stop(257)) - Attempting to stop container services.
2020-12-20 13:58:35,508 [ForkJoinPool.commonPool-worker-1] INFO  impl.RaftServerProxy (RaftServerProxy.java:lambda$close$4(338)) - bdeb8c9a-b6ce-4032-9abb-c56649ac7409: close
2020-12-20 13:58:35,509 [ForkJoinPool.commonPool-worker-1] INFO  server.GrpcService (GrpcService.java:closeImpl(184)) - bdeb8c9a-b6ce-4032-9abb-c56649ac7409: shutdown server with port 44525 now
2020-12-20 13:58:35,509 [ForkJoinPool.commonPool-worker-1] INFO  server.GrpcService (GrpcService.java:closeImpl(193)) - bdeb8c9a-b6ce-4032-9abb-c56649ac7409: shutdown server with port 44525 successfully
2020-12-20 13:58:35,511 [ForkJoinPool.commonPool-worker-1] INFO  utils.BackgroundService (BackgroundService.java:shutdown(132)) - Shutting down service BlockDeletingService
2020-12-20 13:58:35,512 [ForkJoinPool.commonPool-worker-1] INFO  statemachine.DatanodeStateMachine (DatanodeStateMachine.java:stopDaemon(461)) - Ozone container server stopped.
2020-12-20 13:58:35,525 [ForkJoinPool.commonPool-worker-1] INFO  handler.ContextHandler (ContextHandler.java:doStop(1154)) - Stopped o.e.j.w.WebAppContext@4d6cdebb{hddsDatanode,/,null,STOPPED}{jar:file:/home/user/.m2/repository/org/apache/hadoop/hadoop-hdds-container-service/1.1.0-SNAPSHOT/hadoop-hdds-container-service-1.1.0-SNAPSHOT.jar!/webapps/hddsDatanode}
2020-12-20 13:58:35,525 [ForkJoinPool.commonPool-worker-1] INFO  server.AbstractConnector (AbstractConnector.java:doStop(381)) - Stopped ServerConnector@2ea6687b{HTTP/1.1, (http/1.1)}{0.0.0.0:0}
2020-12-20 13:58:35,525 [ForkJoinPool.commonPool-worker-1] INFO  server.session (HouseKeeper.java:stopScavenging(149)) - node0 Stopped scavenging
2020-12-20 13:58:35,526 [ForkJoinPool.commonPool-worker-1] INFO  handler.ContextHandler (ContextHandler.java:doStop(1154)) - Stopped o.e.j.s.ServletContextHandler@176b3279{static,/static,jar:file:/home/user/.m2/repository/org/apache/hadoop/hadoop-hdds-container-service/1.1.0-SNAPSHOT/hadoop-hdds-container-service-1.1.0-SNAPSHOT.jar!/webapps/static,STOPPED}
2020-12-20 13:58:35,526 [ForkJoinPool.commonPool-worker-1] INFO  handler.ContextHandler (ContextHandler.java:doStop(1154)) - Stopped o.e.j.s.ServletContextHandler@723fadfe{logs,/logs,file:///github/workspace/mnt/ozone/hadoop-ozone/integration-test/target/log,STOPPED}
2020-12-20 13:58:35,873 [EventQueue-StaleNodeForStaleNodeHandler] INFO  node.StaleNodeHandler (StaleNodeHandler.java:onMessage(58)) - Datanode c38782e9-3388-40a2-a7d0-b364a85c289d{ip: 172.17.0.2, host: fc04eb3d93c3, networkLocation: /default-rack, certSerialId: null, persistedOpState: IN_MAINTENANCE, persistedOpStateExpiryEpochSec: 0} moved to stale state. Finalizing its pipelines []
2020-12-20 13:58:35,873 [EventQueue-StaleNodeForStaleNodeHandler] INFO  node.StaleNodeHandler (StaleNodeHandler.java:onMessage(58)) - Datanode 9165b65f-6848-484a-9f71-e5cc340a0655{ip: 172.17.0.2, host: fc04eb3d93c3, networkLocation: /default-rack, certSerialId: null, persistedOpState: IN_MAINTENANCE, persistedOpStateExpiryEpochSec: 0} moved to stale state. Finalizing its pipelines []
2020-12-20 13:58:35,921 [DatanodeAdminManager-0] INFO  node.DatanodeAdminMonitorImpl (DatanodeAdminMonitorImpl.java:run(136)) - There are 3 nodes tracked for decommission and maintenance. 0 pending nodes.
2020-12-20 13:58:35,936 [ReplicationMonitor] INFO  container.ReplicationManager (ReplicationManager.java:sendCloseCommand(948)) - Sending close container command for container #3 to datanode 5f27e08b-2f6c-4b1d-b018-474ca25c25d0{ip: 172.17.0.2, host: fc04eb3d93c3, networkLocation: /default-rack, certSerialId: null, persistedOpState: IN_SERVICE, persistedOpStateExpiryEpochSec: 0}.
2020-12-20 13:58:35,936 [ReplicationMonitor] INFO  container.ReplicationManager (ReplicationManager.java:sendCloseCommand(948)) - Sending close container command for container #3 to datanode 16749e43-558c-4c39-b613-b952dab248c9{ip: 172.17.0.2, host: fc04eb3d93c3, networkLocation: /default-rack, certSerialId: null, persistedOpState: IN_SERVICE, persistedOpStateExpiryEpochSec: 0}.
2020-12-20 13:58:35,936 [ReplicationMonitor] INFO  container.ReplicationManager (ReplicationManager.java:sendCloseCommand(948)) - Sending close container command for container #3 to datanode 62bf3122-6558-4262-b416-281af820a08d{ip: 172.17.0.2, host: fc04eb3d93c3, networkLocation: /default-rack, certSerialId: null, persistedOpState: IN_SERVICE, persistedOpStateExpiryEpochSec: 0}.
2020-12-20 13:58:35,936 [ReplicationMonitor] INFO  container.ReplicationManager (ReplicationManager.java:sendCloseCommand(948)) - Sending close container command for container #4 to datanode 16749e43-558c-4c39-b613-b952dab248c9{ip: 172.17.0.2, host: fc04eb3d93c3, networkLocation: /default-rack, certSerialId: null, persistedOpState: IN_SERVICE, persistedOpStateExpiryEpochSec: 0}.
2020-12-20 13:58:35,936 [ReplicationMonitor] INFO  container.ReplicationManager (ReplicationManager.java:sendCloseCommand(948)) - Sending close container command for container #4 to datanode 62bf3122-6558-4262-b416-281af820a08d{ip: 172.17.0.2, host: fc04eb3d93c3, networkLocation: /default-rack, certSerialId: null, persistedOpState: IN_SERVICE, persistedOpStateExpiryEpochSec: 0}.
2020-12-20 13:58:35,936 [ReplicationMonitor] INFO  container.ReplicationManager (ReplicationManager.java:sendCloseCommand(948)) - Sending close container command for container #4 to datanode 5f27e08b-2f6c-4b1d-b018-474ca25c25d0{ip: 172.17.0.2, host: fc04eb3d93c3, networkLocation: /default-rack, certSerialId: null, persistedOpState: IN_SERVICE, persistedOpStateExpiryEpochSec: 0}.
2020-12-20 13:58:35,936 [ReplicationMonitor] INFO  container.ReplicationManager (ReplicationManager.java:run(250)) - Replication Monitor Thread took 1 milliseconds for processing 4 containers.
2020-12-20 13:58:36,032 [Listener at 127.0.0.1/38459] INFO  ozoneimpl.OzoneContainer (OzoneContainer.java:stop(257)) - Attempting to stop container services.
2020-12-20 13:58:36,033 [Listener at 127.0.0.1/38459] INFO  impl.RaftServerProxy (RaftServerProxy.java:lambda$close$4(338)) - 16749e43-558c-4c39-b613-b952dab248c9: close
2020-12-20 13:58:36,033 [Listener at 127.0.0.1/38459] INFO  impl.RaftServerImpl (RaftServerImpl.java:lambda$shutdown$3(328)) - 16749e43-558c-4c39-b613-b952dab248c9@group-BB4CF28B6211: shutdown
2020-12-20 13:58:36,033 [Listener at 127.0.0.1/38459] INFO  util.JmxRegister (JmxRegister.java:unregister(73)) - Successfully un-registered JMX Bean with object name Ratis:service=RaftServer,group=group-BB4CF28B6211,id=16749e43-558c-4c39-b613-b952dab248c9
2020-12-20 13:58:36,034 [Listener at 127.0.0.1/38459] INFO  impl.RoleInfo (RoleInfo.java:shutdownFollowerState(121)) - 16749e43-558c-4c39-b613-b952dab248c9: shutdown 16749e43-558c-4c39-b613-b952dab248c9@group-BB4CF28B6211-FollowerState
2020-12-20 13:58:36,034 [Listener at 127.0.0.1/38459] INFO  impl.StateMachineUpdater (StateMachineUpdater.java:stopAndJoin(147)) - 16749e43-558c-4c39-b613-b952dab248c9@group-BB4CF28B6211-StateMachineUpdater: set stopIndex = 28
2020-12-20 13:58:36,034 [16749e43-558c-4c39-b613-b952dab248c9@group-BB4CF28B6211-StateMachineUpdater] INFO  ratis.ContainerStateMachine (ContainerStateMachine.java:takeSnapshot(293)) - group-BB4CF28B6211: Taking a snapshot at:(t:1, i:28) file /github/workspace/mnt/ozone/hadoop-ozone/integration-test/target/test-dir/MiniOzoneClusterImpl-3ca51f30-c846-4083-9b7f-c1ea6aa91ff4/datanode-4/data/ratis/366590d4-d99c-438e-b240-bb4cf28b6211/sm/snapshot.1_28
2020-12-20 13:58:36,035 [Thread-933] INFO  impl.FollowerState (FollowerState.java:run(137)) - 16749e43-558c-4c39-b613-b952dab248c9@group-BB4CF28B6211-FollowerState was interrupted: {}
java.lang.InterruptedException: sleep interrupted
	at java.lang.Thread.sleep(Native Method)
	at org.apache.ratis.util.JavaUtils.sleep(JavaUtils.java:250)
	at org.apache.ratis.server.impl.FollowerState.run(FollowerState.java:116)
2020-12-20 13:58:36,033 [ForkJoinPool.commonPool-worker-1] INFO  impl.RaftServerImpl (RaftServerImpl.java:lambda$shutdown$3(328)) - 16749e43-558c-4c39-b613-b952dab248c9@group-395FEDB8C4F3: shutdown
2020-12-20 13:58:36,036 [ForkJoinPool.commonPool-worker-1] INFO  util.JmxRegister (JmxRegister.java:unregister(73)) - Successfully un-registered JMX Bean with object name Ratis:service=RaftServer,group=group-395FEDB8C4F3,id=16749e43-558c-4c39-b613-b952dab248c9
2020-12-20 13:58:36,036 [ForkJoinPool.commonPool-worker-1] INFO  impl.RoleInfo (RoleInfo.java:shutdownLeaderState(104)) - 16749e43-558c-4c39-b613-b952dab248c9: shutdown 16749e43-558c-4c39-b613-b952dab248c9@group-395FEDB8C4F3-LeaderState
2020-12-20 13:58:36,036 [16749e43-558c-4c39-b613-b952dab248c9@group-BB4CF28B6211-StateMachineUpdater] INFO  ratis.ContainerStateMachine (ContainerStateMachine.java:takeSnapshot(304)) - group-BB4CF28B6211: Finished taking a snapshot at:(t:1, i:28) file:/github/workspace/mnt/ozone/hadoop-ozone/integration-test/target/test-dir/MiniOzoneClusterImpl-3ca51f30-c846-4083-9b7f-c1ea6aa91ff4/datanode-4/data/ratis/366590d4-d99c-438e-b240-bb4cf28b6211/sm/snapshot.1_28 time:2
2020-12-20 13:58:36,036 [ForkJoinPool.commonPool-worker-1] INFO  impl.PendingRequests (PendingRequests.java:sendNotLeaderResponses(250)) - 16749e43-558c-4c39-b613-b952dab248c9@group-395FEDB8C4F3-PendingRequests: sendNotLeaderResponses
2020-12-20 13:58:36,036 [16749e43-558c-4c39-b613-b952dab248c9@group-BB4CF28B6211-StateMachineUpdater] INFO  impl.StateMachineUpdater (StateMachineUpdater.java:takeSnapshot(278)) - 16749e43-558c-4c39-b613-b952dab248c9@group-BB4CF28B6211-StateMachineUpdater: Took a snapshot at index 28
2020-12-20 13:58:36,036 [16749e43-558c-4c39-b613-b952dab248c9@group-BB4CF28B6211-StateMachineUpdater] INFO  impl.StateMachineUpdater (StateMachineUpdater.java:lambda$new$0(87)) - 16749e43-558c-4c39-b613-b952dab248c9@group-BB4CF28B6211-StateMachineUpdater: snapshotIndex: updateIncreasingly -1 -> 28
2020-12-20 13:58:36,036 [ForkJoinPool.commonPool-worker-1] INFO  metrics.RatisMetrics (RatisMetrics.java:unregister(43)) - Unregistering Metrics Registry : ratis.log_appender.16749e43-558c-4c39-b613-b952dab248c9@group-395FEDB8C4F3
2020-12-20 13:58:36,037 [16749e43-558c-4c39-b613-b952dab248c9@group-BB4CF28B6211-StateMachineUpdater] INFO  metrics.RatisMetrics (RatisMetrics.java:unregister(43)) - Unregistering Metrics Registry : ratis.state_machine.16749e43-558c-4c39-b613-b952dab248c9@group-BB4CF28B6211
2020-12-20 13:58:36,037 [ForkJoinPool.commonPool-worker-1] INFO  metrics.RatisMetrics (RatisMetrics.java:unregister(43)) - Unregistering Metrics Registry : ratis.server.16749e43-558c-4c39-b613-b952dab248c9@group-395FEDB8C4F3
2020-12-20 13:58:36,037 [Listener at 127.0.0.1/38459] INFO  impl.RaftServerImpl (ServerState.java:close(406)) - 16749e43-558c-4c39-b613-b952dab248c9@group-BB4CF28B6211: closes. applyIndex: 28
2020-12-20 13:58:36,037 [16749e43-558c-4c39-b613-b952dab248c9@group-BB4CF28B6211-SegmentedRaftLogWorker] INFO  segmented.SegmentedRaftLogWorker (SegmentedRaftLogWorker.java:run(329)) - 16749e43-558c-4c39-b613-b952dab248c9@group-BB4CF28B6211-SegmentedRaftLogWorker was interrupted, exiting. There are 0 tasks remaining in the queue.
2020-12-20 13:58:36,038 [16749e43-558c-4c39-b613-b952dab248c9@group-395FEDB8C4F3-StateMachineUpdater] INFO  ratis.ContainerStateMachine (ContainerStateMachine.java:takeSnapshot(293)) - group-395FEDB8C4F3: Taking a snapshot at:(t:1, i:0) file /github/workspace/mnt/ozone/hadoop-ozone/integration-test/target/test-dir/MiniOzoneClusterImpl-3ca51f30-c846-4083-9b7f-c1ea6aa91ff4/datanode-4/data/ratis/39596fbb-d40f-436c-9c98-395fedb8c4f3/sm/snapshot.1_0
2020-12-20 13:58:36,038 [Listener at 127.0.0.1/38459] INFO  segmented.SegmentedRaftLogWorker (SegmentedRaftLogWorker.java:close(235)) - 16749e43-558c-4c39-b613-b952dab248c9@group-BB4CF28B6211-SegmentedRaftLogWorker close()
2020-12-20 13:58:36,038 [ForkJoinPool.commonPool-worker-1] INFO  impl.StateMachineUpdater (StateMachineUpdater.java:stopAndJoin(147)) - 16749e43-558c-4c39-b613-b952dab248c9@group-395FEDB8C4F3-StateMachineUpdater: set stopIndex = 0
2020-12-20 13:58:36,038 [Listener at 127.0.0.1/38459] INFO  metrics.RatisMetrics (RatisMetrics.java:unregister(43)) - Unregistering Metrics Registry : ratis.log_worker.16749e43-558c-4c39-b613-b952dab248c9@group-BB4CF28B6211
2020-12-20 13:58:36,038 [16749e43-558c-4c39-b613-b952dab248c9@group-395FEDB8C4F3-StateMachineUpdater] INFO  ratis.ContainerStateMachine (ContainerStateMachine.java:takeSnapshot(304)) - group-395FEDB8C4F3: Finished taking a snapshot at:(t:1, i:0) file:/github/workspace/mnt/ozone/hadoop-ozone/integration-test/target/test-dir/MiniOzoneClusterImpl-3ca51f30-c846-4083-9b7f-c1ea6aa91ff4/datanode-4/data/ratis/39596fbb-d40f-436c-9c98-395fedb8c4f3/sm/snapshot.1_0 time:1
2020-12-20 13:58:36,038 [Listener at 127.0.0.1/38459] INFO  metrics.RatisMetrics (RatisMetrics.java:unregister(43)) - Unregistering Metrics Registry : ratis.leader_election.16749e43-558c-4c39-b613-b952dab248c9@group-BB4CF28B6211
2020-12-20 13:58:36,039 [Listener at 127.0.0.1/38459] INFO  metrics.RatisMetrics (RatisMetrics.java:unregister(43)) - Unregistering Metrics Registry : ratis.server.16749e43-558c-4c39-b613-b952dab248c9@group-BB4CF28B6211
2020-12-20 13:58:36,039 [16749e43-558c-4c39-b613-b952dab248c9@group-395FEDB8C4F3-StateMachineUpdater] INFO  impl.StateMachineUpdater (StateMachineUpdater.java:takeSnapshot(278)) - 16749e43-558c-4c39-b613-b952dab248c9@group-395FEDB8C4F3-StateMachineUpdater: Took a snapshot at index 0
2020-12-20 13:58:36,039 [16749e43-558c-4c39-b613-b952dab248c9@group-395FEDB8C4F3-StateMachineUpdater] INFO  impl.StateMachineUpdater (StateMachineUpdater.java:lambda$new$0(87)) - 16749e43-558c-4c39-b613-b952dab248c9@group-395FEDB8C4F3-StateMachineUpdater: snapshotIndex: updateIncreasingly -1 -> 0
2020-12-20 13:58:36,039 [16749e43-558c-4c39-b613-b952dab248c9@group-395FEDB8C4F3-StateMachineUpdater] INFO  metrics.RatisMetrics (RatisMetrics.java:unregister(43)) - Unregistering Metrics Registry : ratis.state_machine.16749e43-558c-4c39-b613-b952dab248c9@group-395FEDB8C4F3
2020-12-20 13:58:36,040 [ForkJoinPool.commonPool-worker-1] INFO  impl.RaftServerImpl (ServerState.java:close(406)) - 16749e43-558c-4c39-b613-b952dab248c9@group-395FEDB8C4F3: closes. applyIndex: 0
2020-12-20 13:58:36,040 [16749e43-558c-4c39-b613-b952dab248c9@group-395FEDB8C4F3-SegmentedRaftLogWorker] INFO  segmented.SegmentedRaftLogWorker (SegmentedRaftLogWorker.java:run(329)) - 16749e43-558c-4c39-b613-b952dab248c9@group-395FEDB8C4F3-SegmentedRaftLogWorker was interrupted, exiting. There are 0 tasks remaining in the queue.
2020-12-20 13:58:36,040 [ForkJoinPool.commonPool-worker-1] INFO  segmented.SegmentedRaftLogWorker (SegmentedRaftLogWorker.java:close(235)) - 16749e43-558c-4c39-b613-b952dab248c9@group-395FEDB8C4F3-SegmentedRaftLogWorker close()
2020-12-20 13:58:36,040 [ForkJoinPool.commonPool-worker-1] INFO  metrics.RatisMetrics (RatisMetrics.java:unregister(43)) - Unregistering Metrics Registry : ratis.log_worker.16749e43-558c-4c39-b613-b952dab248c9@group-395FEDB8C4F3
2020-12-20 13:58:36,041 [ForkJoinPool.commonPool-worker-1] INFO  metrics.RatisMetrics (RatisMetrics.java:unregister(43)) - Unregistering Metrics Registry : ratis.leader_election.16749e43-558c-4c39-b613-b952dab248c9@group-395FEDB8C4F3
2020-12-20 13:58:36,041 [ForkJoinPool.commonPool-worker-1] INFO  metrics.RatisMetrics (RatisMetrics.java:unregister(43)) - Unregistering Metrics Registry : ratis.server.16749e43-558c-4c39-b613-b952dab248c9@group-395FEDB8C4F3
2020-12-20 13:58:36,041 [Listener at 127.0.0.1/38459] INFO  server.GrpcService (GrpcService.java:closeImpl(184)) - 16749e43-558c-4c39-b613-b952dab248c9: shutdown server with port 40209 now
2020-12-20 13:58:36,042 [Listener at 127.0.0.1/38459] INFO  server.GrpcService (GrpcService.java:closeImpl(193)) - 16749e43-558c-4c39-b613-b952dab248c9: shutdown server with port 40209 successfully
2020-12-20 13:58:36,043 [Listener at 127.0.0.1/38459] INFO  utils.BackgroundService (BackgroundService.java:shutdown(132)) - Shutting down service BlockDeletingService
2020-12-20 13:58:36,044 [Listener at 127.0.0.1/38459] INFO  statemachine.DatanodeStateMachine (DatanodeStateMachine.java:stopDaemon(461)) - Ozone container server stopped.
2020-12-20 13:58:36,054 [Listener at 127.0.0.1/38459] INFO  handler.ContextHandler (ContextHandler.java:doStop(1154)) - Stopped o.e.j.w.WebAppContext@14bc9d25{hddsDatanode,/,null,STOPPED}{jar:file:/home/user/.m2/repository/org/apache/hadoop/hadoop-hdds-container-service/1.1.0-SNAPSHOT/hadoop-hdds-container-service-1.1.0-SNAPSHOT.jar!/webapps/hddsDatanode}
2020-12-20 13:58:36,055 [Listener at 127.0.0.1/38459] INFO  server.AbstractConnector (AbstractConnector.java:doStop(381)) - Stopped ServerConnector@124856d3{HTTP/1.1, (http/1.1)}{0.0.0.0:0}
2020-12-20 13:58:36,055 [Listener at 127.0.0.1/38459] INFO  server.session (HouseKeeper.java:stopScavenging(149)) - node0 Stopped scavenging
2020-12-20 13:58:36,056 [Listener at 127.0.0.1/38459] INFO  handler.ContextHandler (ContextHandler.java:doStop(1154)) - Stopped o.e.j.s.ServletContextHandler@4e6a75a3{static,/static,jar:file:/home/user/.m2/repository/org/apache/hadoop/hadoop-hdds-container-service/1.1.0-SNAPSHOT/hadoop-hdds-container-service-1.1.0-SNAPSHOT.jar!/webapps/static,STOPPED}
2020-12-20 13:58:36,056 [Listener at 127.0.0.1/38459] INFO  handler.ContextHandler (ContextHandler.java:doStop(1154)) - Stopped o.e.j.s.ServletContextHandler@79b2b427{logs,/logs,file:///github/workspace/mnt/ozone/hadoop-ozone/integration-test/target/log,STOPPED}
2020-12-20 13:58:36,057 [Listener at 127.0.0.1/38459] INFO  ozone.MiniOzoneClusterImpl (MiniOzoneClusterImpl.java:stopSCM(477)) - Stopping the StorageContainerManager
2020-12-20 13:58:36,058 [Listener at 127.0.0.1/38459] INFO  server.StorageContainerManager (StorageContainerManager.java:stop(832)) - Stopping Replication Manager Service.
2020-12-20 13:58:36,058 [Listener at 127.0.0.1/38459] INFO  container.ReplicationManager (ReplicationManager.java:stop(227)) - Stopping Replication Monitor Thread.
2020-12-20 13:58:36,059 [Listener at 127.0.0.1/38459] INFO  server.StorageContainerManager (StorageContainerManager.java:stop(839)) - Stopping the Datanode Admin Monitor.
2020-12-20 13:58:36,059 [Listener at 127.0.0.1/38459] INFO  server.StorageContainerManager (StorageContainerManager.java:stop(846)) - Stopping Lease Manager of the command watchers
2020-12-20 13:58:36,059 [Listener at 127.0.0.1/38459] INFO  server.StorageContainerManager (StorageContainerManager.java:stop(853)) - Stopping datanode service RPC server
2020-12-20 13:58:36,059 [Listener at 127.0.0.1/38459] INFO  server.SCMDatanodeProtocolServer (SCMDatanodeProtocolServer.java:stop(369)) - Stopping the RPC server for DataNodes
2020-12-20 13:58:36,059 [Listener at 127.0.0.1/38459] INFO  ipc.Server (Server.java:stop(3359)) - Stopping server on 46341
2020-12-20 13:58:36,060 [IPC Server Responder] INFO  ipc.Server (Server.java:run(1465)) - Stopping IPC Server Responder
2020-12-20 13:58:36,061 [IPC Server listener on 0] INFO  ipc.Server (Server.java:run(1330)) - Stopping IPC Server listener on 0
2020-12-20 13:58:36,073 [SCM Heartbeat Processing Thread - 0] WARN  node.NodeStateManager (NodeStateManager.java:scheduleNextHealthCheck(688)) - Current Thread is interrupted, shutting down HB processing thread for Node Manager.
2020-12-20 13:58:36,073 [Listener at 127.0.0.1/38459] INFO  server.StorageContainerManager (StorageContainerManager.java:stop(861)) - Stopping block service RPC server
2020-12-20 13:58:36,074 [Listener at 127.0.0.1/38459] INFO  server.SCMBlockProtocolServer (SCMBlockProtocolServer.java:stop(159)) - Stopping the RPC server for Block Protocol
2020-12-20 13:58:36,074 [Listener at 127.0.0.1/38459] INFO  ipc.Server (Server.java:stop(3359)) - Stopping server on 34747
2020-12-20 13:58:36,075 [IPC Server listener on 0] INFO  ipc.Server (Server.java:run(1330)) - Stopping IPC Server listener on 0
2020-12-20 13:58:36,076 [IPC Server Responder] INFO  ipc.Server (Server.java:run(1465)) - Stopping IPC Server Responder
2020-12-20 13:58:36,076 [Listener at 127.0.0.1/38459] INFO  server.StorageContainerManager (StorageContainerManager.java:stop(868)) - Stopping the StorageContainerLocationProtocol RPC server
2020-12-20 13:58:36,076 [Listener at 127.0.0.1/38459] INFO  server.SCMClientProtocolServer (SCMClientProtocolServer.java:stop(168)) - Stopping the RPC server for Client Protocol
2020-12-20 13:58:36,076 [Listener at 127.0.0.1/38459] INFO  ipc.Server (Server.java:stop(3359)) - Stopping server on 44221
2020-12-20 13:58:36,077 [IPC Server listener on 0] INFO  ipc.Server (Server.java:run(1330)) - Stopping IPC Server listener on 0
2020-12-20 13:58:36,082 [IPC Server Responder] INFO  ipc.Server (Server.java:run(1465)) - Stopping IPC Server Responder
2020-12-20 13:58:36,082 [Listener at 127.0.0.1/38459] INFO  server.StorageContainerManager (StorageContainerManager.java:stop(875)) - Stopping Storage Container Manager HTTP server.
2020-12-20 13:58:36,083 [Listener at 127.0.0.1/38459] INFO  handler.ContextHandler (ContextHandler.java:doStop(1154)) - Stopped o.e.j.w.WebAppContext@376314dd{scm,/,null,STOPPED}{file:/github/workspace/mnt/ozone/hadoop-ozone/integration-test/target/test-classes/webapps/scm}
2020-12-20 13:58:36,083 [Listener at 127.0.0.1/38459] INFO  server.AbstractConnector (AbstractConnector.java:doStop(381)) - Stopped ServerConnector@7738b226{HTTP/1.1, (http/1.1)}{0.0.0.0:0}
2020-12-20 13:58:36,083 [Listener at 127.0.0.1/38459] INFO  server.session (HouseKeeper.java:stopScavenging(149)) - node0 Stopped scavenging
2020-12-20 13:58:36,083 [Listener at 127.0.0.1/38459] INFO  handler.ContextHandler (ContextHandler.java:doStop(1154)) - Stopped o.e.j.s.ServletContextHandler@67a02460{static,/static,file:///github/workspace/mnt/ozone/hadoop-ozone/integration-test/target/test-classes/webapps/static,STOPPED}
2020-12-20 13:58:36,084 [Listener at 127.0.0.1/38459] INFO  handler.ContextHandler (ContextHandler.java:doStop(1154)) - Stopped o.e.j.s.ServletContextHandler@69894182{logs,/logs,file:///github/workspace/mnt/ozone/hadoop-ozone/integration-test/target/log,STOPPED}
2020-12-20 13:58:36,084 [Listener at 127.0.0.1/38459] INFO  server.StorageContainerManager (StorageContainerManager.java:stop(886)) - Stopping Block Manager Service.
2020-12-20 13:58:36,084 [Listener at 127.0.0.1/38459] INFO  utils.BackgroundService (BackgroundService.java:shutdown(132)) - Shutting down service SCMBlockDeletingService
2020-12-20 13:58:36,085 [Listener at 127.0.0.1/38459] INFO  utils.BackgroundService (BackgroundService.java:shutdown(132)) - Shutting down service SCMBlockDeletingService
2020-12-20 13:58:36,085 [Listener at 127.0.0.1/38459] INFO  server.StorageContainerManager (StorageContainerManager.java:stop(911)) - Stopping SCM Event Queue.
2020-12-20 13:58:36,088 [Listener at 127.0.0.1/38459] INFO  impl.MetricsSystemImpl (MetricsSystemImpl.java:stop(210)) - Stopping HddsDatanode metrics system...
2020-12-20 13:58:36,097 [Listener at 127.0.0.1/38459] INFO  impl.MetricsSystemImpl (MetricsSystemImpl.java:stop(216)) - HddsDatanode metrics system stopped.
]]></system-out>
  </testcase>
  <testcase name="testDecommissionedStateReinstatedAfterSCMRestart" classname="org.apache.hadoop.ozone.scm.node.TestDecommissionAndMaintenance" time="39.828"/>
  <testcase name="testMaintenanceEndsAutomaticallyAtTimeout" classname="org.apache.hadoop.ozone.scm.node.TestDecommissionAndMaintenance" time="60.438"/>
  <testcase name="testDecommissionedNodeCanBeRecommissioned" classname="org.apache.hadoop.ozone.scm.node.TestDecommissionAndMaintenance" time="27.146"/>
  <testcase name="testNodeWithOpenPipelineCanBeDecommissioned" classname="org.apache.hadoop.ozone.scm.node.TestDecommissionAndMaintenance" time="37.31"/>
  <testcase name="testSingleNodeWithOpenPipelineCanGotoMaintenance" classname="org.apache.hadoop.ozone.scm.node.TestDecommissionAndMaintenance" time="41.086"/>
  <testcase name="testSCMHandlesRestartForMaintenanceNode" classname="org.apache.hadoop.ozone.scm.node.TestDecommissionAndMaintenance" time="41.485"/>
  <testcase name="testStoppedDecommissionedNodeTakesSCMStateOnRestart" classname="org.apache.hadoop.ozone.scm.node.TestDecommissionAndMaintenance" time="48.672"/>
  <testcase name="testEnteringMaintenanceNodeCompletesAfterSCMRestart" classname="org.apache.hadoop.ozone.scm.node.TestDecommissionAndMaintenance" time="42.91"/>
  <testcase name="testDecommissioningNodesCompleteDecommissionOnSCMRestart" classname="org.apache.hadoop.ozone.scm.node.TestDecommissionAndMaintenance" time="45.348"/>
</testsuite>