<?xml version="1.0" encoding="UTF-8"?>
<testsuite xmlns:xsi="http://www.w3.org/2001/XMLSchema-instance" xsi:noNamespaceSchemaLocation="https://maven.apache.org/surefire/maven-surefire-plugin/xsd/surefire-test-report.xsd" name="org.apache.hadoop.fs.contract.s3a.ITestS3AContractVectoredRead" time="8.544" tests="46" errors="0" skipped="0" failures="1">
  <properties>
    <property name="awt.toolkit" value="sun.awt.X11.XToolkit"/>
    <property name="java.specification.version" value="11"/>
    <property name="sun.cpu.isalist" value=""/>
    <property name="sun.jnu.encoding" value="UTF-8"/>
    <property name="java.class.path" value="/home/runner/work/ozone/ozone/target/hadoop-src/target/test-classes:/home/runner/work/ozone/ozone/target/hadoop-src/target/classes:/home/runner/.m2/repository/org/apache/hadoop/hadoop-common/3.3.6/hadoop-common-3.3.6.jar:/home/runner/.m2/repository/org/apache/hadoop/thirdparty/hadoop-shaded-protobuf_3_7/1.1.1/hadoop-shaded-protobuf_3_7-1.1.1.jar:/home/runner/.m2/repository/org/apache/hadoop/hadoop-annotations/3.3.6/hadoop-annotations-3.3.6.jar:/home/runner/.m2/repository/org/apache/hadoop/thirdparty/hadoop-shaded-guava/1.1.1/hadoop-shaded-guava-1.1.1.jar:/home/runner/.m2/repository/com/google/guava/guava/27.0-jre/guava-27.0-jre.jar:/home/runner/.m2/repository/com/google/guava/failureaccess/1.0/failureaccess-1.0.jar:/home/runner/.m2/repository/com/google/guava/listenablefuture/9999.0-empty-to-avoid-conflict-with-guava/listenablefuture-9999.0-empty-to-avoid-conflict-with-guava.jar:/home/runner/.m2/repository/org/checkerframework/checker-qual/2.5.2/checker-qual-2.5.2.jar:/home/runner/.m2/repository/com/google/j2objc/j2objc-annotations/1.1/j2objc-annotations-1.1.jar:/home/runner/.m2/repository/org/codehaus/mojo/animal-sniffer-annotations/1.17/animal-sniffer-annotations-1.17.jar:/home/runner/.m2/repository/commons-cli/commons-cli/1.2/commons-cli-1.2.jar:/home/runner/.m2/repository/org/apache/commons/commons-math3/3.1.1/commons-math3-3.1.1.jar:/home/runner/.m2/repository/org/apache/httpcomponents/httpclient/4.5.13/httpclient-4.5.13.jar:/home/runner/.m2/repository/org/apache/httpcomponents/httpcore/4.4.13/httpcore-4.4.13.jar:/home/runner/.m2/repository/commons-codec/commons-codec/1.15/commons-codec-1.15.jar:/home/runner/.m2/repository/commons-io/commons-io/2.8.0/commons-io-2.8.0.jar:/home/runner/.m2/repository/commons-net/commons-net/3.9.0/commons-net-3.9.0.jar:/home/runner/.m2/repository/commons-collections/commons-collections/3.2.2/commons-collections-3.2.2.jar:/home/runner/.m2/repository/javax/servlet/javax.servlet-api/3.1.0/javax.servlet-api-3.1.0.jar:/home/runner/.m2/repository/jakarta/activation/jakarta.activation-api/1.2.1/jakarta.activation-api-1.2.1.jar:/home/runner/.m2/repository/org/eclipse/jetty/jetty-server/9.4.51.v20230217/jetty-server-9.4.51.v20230217.jar:/home/runner/.m2/repository/org/eclipse/jetty/jetty-http/9.4.51.v20230217/jetty-http-9.4.51.v20230217.jar:/home/runner/.m2/repository/org/eclipse/jetty/jetty-io/9.4.51.v20230217/jetty-io-9.4.51.v20230217.jar:/home/runner/.m2/repository/org/eclipse/jetty/jetty-util/9.4.51.v20230217/jetty-util-9.4.51.v20230217.jar:/home/runner/.m2/repository/org/eclipse/jetty/jetty-servlet/9.4.51.v20230217/jetty-servlet-9.4.51.v20230217.jar:/home/runner/.m2/repository/org/eclipse/jetty/jetty-security/9.4.51.v20230217/jetty-security-9.4.51.v20230217.jar:/home/runner/.m2/repository/org/eclipse/jetty/jetty-webapp/9.4.51.v20230217/jetty-webapp-9.4.51.v20230217.jar:/home/runner/.m2/repository/org/eclipse/jetty/jetty-xml/9.4.51.v20230217/jetty-xml-9.4.51.v20230217.jar:/home/runner/.m2/repository/javax/servlet/jsp/jsp-api/2.1/jsp-api-2.1.jar:/home/runner/.m2/repository/com/sun/jersey/jersey-core/1.19.4/jersey-core-1.19.4.jar:/home/runner/.m2/repository/javax/ws/rs/jsr311-api/1.1.1/jsr311-api-1.1.1.jar:/home/runner/.m2/repository/com/sun/jersey/jersey-servlet/1.19.4/jersey-servlet-1.19.4.jar:/home/runner/.m2/repository/com/github/pjfanning/jersey-json/1.20/jersey-json-1.20.jar:/home/runner/.m2/repository/org/codehaus/jettison/jettison/1.5.4/jettison-1.5.4.jar:/home/runner/.m2/repository/com/sun/xml/bind/jaxb-impl/2.2.3-1/jaxb-impl-2.2.3-1.jar:/home/runner/.m2/repository/com/sun/jersey/jersey-server/1.19.4/jersey-server-1.19.4.jar:/home/runner/.m2/repository/commons-logging/commons-logging/1.1.3/commons-logging-1.1.3.jar:/home/runner/.m2/repository/ch/qos/reload4j/reload4j/1.2.22/reload4j-1.2.22.jar:/home/runner/.m2/repository/commons-beanutils/commons-beanutils/1.9.4/commons-beanutils-1.9.4.jar:/home/runner/.m2/repository/org/apache/commons/commons-configuration2/2.8.0/commons-configuration2-2.8.0.jar:/home/runner/.m2/repository/org/apache/commons/commons-lang3/3.12.0/commons-lang3-3.12.0.jar:/home/runner/.m2/repository/org/apache/commons/commons-text/1.10.0/commons-text-1.10.0.jar:/home/runner/.m2/repository/org/slf4j/slf4j-api/1.7.36/slf4j-api-1.7.36.jar:/home/runner/.m2/repository/org/apache/avro/avro/1.7.7/avro-1.7.7.jar:/home/runner/.m2/repository/org/codehaus/jackson/jackson-core-asl/1.9.13/jackson-core-asl-1.9.13.jar:/home/runner/.m2/repository/org/codehaus/jackson/jackson-mapper-asl/1.9.13/jackson-mapper-asl-1.9.13.jar:/home/runner/.m2/repository/com/thoughtworks/paranamer/paranamer/2.3/paranamer-2.3.jar:/home/runner/.m2/repository/com/google/re2j/re2j/1.1/re2j-1.1.jar:/home/runner/.m2/repository/com/google/protobuf/protobuf-java/2.5.0/protobuf-java-2.5.0.jar:/home/runner/.m2/repository/com/google/code/gson/gson/2.9.0/gson-2.9.0.jar:/home/runner/.m2/repository/org/apache/hadoop/hadoop-auth/3.3.6/hadoop-auth-3.3.6.jar:/home/runner/.m2/repository/com/nimbusds/nimbus-jose-jwt/9.8.1/nimbus-jose-jwt-9.8.1.jar:/home/runner/.m2/repository/com/github/stephenc/jcip/jcip-annotations/1.0-1/jcip-annotations-1.0-1.jar:/home/runner/.m2/repository/org/apache/curator/curator-framework/5.2.0/curator-framework-5.2.0.jar:/home/runner/.m2/repository/com/jcraft/jsch/0.1.55/jsch-0.1.55.jar:/home/runner/.m2/repository/org/apache/curator/curator-client/5.2.0/curator-client-5.2.0.jar:/home/runner/.m2/repository/org/apache/curator/curator-recipes/5.2.0/curator-recipes-5.2.0.jar:/home/runner/.m2/repository/com/google/code/findbugs/jsr305/3.0.2/jsr305-3.0.2.jar:/home/runner/.m2/repository/org/apache/zookeeper/zookeeper/3.6.3/zookeeper-3.6.3.jar:/home/runner/.m2/repository/org/apache/zookeeper/zookeeper-jute/3.6.3/zookeeper-jute-3.6.3.jar:/home/runner/.m2/repository/org/apache/yetus/audience-annotations/0.5.0/audience-annotations-0.5.0.jar:/home/runner/.m2/repository/io/dropwizard/metrics/metrics-core/3.2.4/metrics-core-3.2.4.jar:/home/runner/.m2/repository/org/apache/commons/commons-compress/1.21/commons-compress-1.21.jar:/home/runner/.m2/repository/org/apache/kerby/kerb-core/1.0.1/kerb-core-1.0.1.jar:/home/runner/.m2/repository/org/apache/kerby/kerby-pkix/1.0.1/kerby-pkix-1.0.1.jar:/home/runner/.m2/repository/org/apache/kerby/kerby-asn1/1.0.1/kerby-asn1-1.0.1.jar:/home/runner/.m2/repository/org/apache/kerby/kerby-util/1.0.1/kerby-util-1.0.1.jar:/home/runner/.m2/repository/com/fasterxml/jackson/core/jackson-databind/2.12.7.1/jackson-databind-2.12.7.1.jar:/home/runner/.m2/repository/com/fasterxml/jackson/core/jackson-annotations/2.12.7/jackson-annotations-2.12.7.jar:/home/runner/.m2/repository/com/fasterxml/jackson/core/jackson-core/2.12.7/jackson-core-2.12.7.jar:/home/runner/.m2/repository/org/codehaus/woodstox/stax2-api/4.2.1/stax2-api-4.2.1.jar:/home/runner/.m2/repository/com/fasterxml/woodstox/woodstox-core/5.4.0/woodstox-core-5.4.0.jar:/home/runner/.m2/repository/dnsjava/dnsjava/2.1.7/dnsjava-2.1.7.jar:/home/runner/.m2/repository/org/xerial/snappy/snappy-java/1.1.8.2/snappy-java-1.1.8.2.jar:/home/runner/.m2/repository/org/apache/hadoop/hadoop-common/3.3.6/hadoop-common-3.3.6-tests.jar:/home/runner/.m2/repository/org/slf4j/slf4j-reload4j/1.7.36/slf4j-reload4j-1.7.36.jar:/home/runner/.m2/repository/com/amazonaws/aws-java-sdk-bundle/1.12.367/aws-java-sdk-bundle-1.12.367.jar:/home/runner/.m2/repository/org/assertj/assertj-core/3.12.2/assertj-core-3.12.2.jar:/home/runner/.m2/repository/org/wildfly/openssl/wildfly-openssl/1.1.3.Final/wildfly-openssl-1.1.3.Final.jar:/home/runner/.m2/repository/junit/junit/4.13.2/junit-4.13.2.jar:/home/runner/.m2/repository/org/hamcrest/hamcrest-core/1.3/hamcrest-core-1.3.jar:/home/runner/.m2/repository/org/mockito/mockito-core/2.28.2/mockito-core-2.28.2.jar:/home/runner/.m2/repository/net/bytebuddy/byte-buddy/1.9.10/byte-buddy-1.9.10.jar:/home/runner/.m2/repository/net/bytebuddy/byte-buddy-agent/1.9.10/byte-buddy-agent-1.9.10.jar:/home/runner/.m2/repository/org/objenesis/objenesis/2.6/objenesis-2.6.jar:/home/runner/.m2/repository/org/apache/hadoop/hadoop-mapreduce-client-core/3.3.6/hadoop-mapreduce-client-core-3.3.6.jar:/home/runner/.m2/repository/org/apache/hadoop/hadoop-yarn-client/3.3.6/hadoop-yarn-client-3.3.6.jar:/home/runner/.m2/repository/org/eclipse/jetty/websocket/websocket-client/9.4.51.v20230217/websocket-client-9.4.51.v20230217.jar:/home/runner/.m2/repository/org/eclipse/jetty/jetty-client/9.4.51.v20230217/jetty-client-9.4.51.v20230217.jar:/home/runner/.m2/repository/org/eclipse/jetty/websocket/websocket-common/9.4.51.v20230217/websocket-common-9.4.51.v20230217.jar:/home/runner/.m2/repository/org/eclipse/jetty/websocket/websocket-api/9.4.51.v20230217/websocket-api-9.4.51.v20230217.jar:/home/runner/.m2/repository/org/jline/jline/3.9.0/jline-3.9.0.jar:/home/runner/.m2/repository/org/apache/hadoop/hadoop-yarn-common/3.3.6/hadoop-yarn-common-3.3.6.jar:/home/runner/.m2/repository/javax/xml/bind/jaxb-api/2.2.11/jaxb-api-2.2.11.jar:/home/runner/.m2/repository/com/sun/jersey/jersey-client/1.19.4/jersey-client-1.19.4.jar:/home/runner/.m2/repository/com/google/inject/guice/4.0/guice-4.0.jar:/home/runner/.m2/repository/javax/inject/javax.inject/1/javax.inject-1.jar:/home/runner/.m2/repository/aopalliance/aopalliance/1.0/aopalliance-1.0.jar:/home/runner/.m2/repository/com/sun/jersey/contribs/jersey-guice/1.19.4/jersey-guice-1.19.4.jar:/home/runner/.m2/repository/com/fasterxml/jackson/module/jackson-module-jaxb-annotations/2.12.7/jackson-module-jaxb-annotations-2.12.7.jar:/home/runner/.m2/repository/jakarta/xml/bind/jakarta.xml.bind-api/2.3.2/jakarta.xml.bind-api-2.3.2.jar:/home/runner/.m2/repository/com/fasterxml/jackson/jaxrs/jackson-jaxrs-json-provider/2.12.7/jackson-jaxrs-json-provider-2.12.7.jar:/home/runner/.m2/repository/com/fasterxml/jackson/jaxrs/jackson-jaxrs-base/2.12.7/jackson-jaxrs-base-2.12.7.jar:/home/runner/.m2/repository/org/apache/hadoop/hadoop-hdfs-client/3.3.6/hadoop-hdfs-client-3.3.6.jar:/home/runner/.m2/repository/com/squareup/okhttp3/okhttp/4.9.3/okhttp-4.9.3.jar:/home/runner/.m2/repository/com/squareup/okio/okio/2.8.0/okio-2.8.0.jar:/home/runner/.m2/repository/org/jetbrains/kotlin/kotlin-stdlib/1.4.10/kotlin-stdlib-1.4.10.jar:/home/runner/.m2/repository/org/jetbrains/kotlin/kotlin-stdlib-common/1.4.10/kotlin-stdlib-common-1.4.10.jar:/home/runner/.m2/repository/com/google/inject/extensions/guice-servlet/4.0/guice-servlet-4.0.jar:/home/runner/.m2/repository/io/netty/netty/3.10.6.Final/netty-3.10.6.Final.jar:/home/runner/.m2/repository/org/apache/hadoop/hadoop-yarn-server-tests/3.3.6/hadoop-yarn-server-tests-3.3.6-tests.jar:/home/runner/.m2/repository/org/apache/hadoop/hadoop-yarn-server-common/3.3.6/hadoop-yarn-server-common-3.3.6.jar:/home/runner/.m2/repository/org/apache/hadoop/hadoop-registry/3.3.6/hadoop-registry-3.3.6.jar:/home/runner/.m2/repository/org/apache/geronimo/specs/geronimo-jcache_1.0_spec/1.0-alpha-1/geronimo-jcache_1.0_spec-1.0-alpha-1.jar:/home/runner/.m2/repository/org/ehcache/ehcache/3.3.1/ehcache-3.3.1.jar:/home/runner/.m2/repository/com/zaxxer/HikariCP-java7/2.4.12/HikariCP-java7-2.4.12.jar:/home/runner/.m2/repository/com/microsoft/sqlserver/mssql-jdbc/6.2.1.jre7/mssql-jdbc-6.2.1.jre7.jar:/home/runner/.m2/repository/org/apache/hadoop/hadoop-yarn-server-nodemanager/3.3.6/hadoop-yarn-server-nodemanager-3.3.6.jar:/home/runner/.m2/repository/org/eclipse/jetty/websocket/javax-websocket-server-impl/9.4.51.v20230217/javax-websocket-server-impl-9.4.51.v20230217.jar:/home/runner/.m2/repository/org/eclipse/jetty/jetty-annotations/9.4.51.v20230217/jetty-annotations-9.4.51.v20230217.jar:/home/runner/.m2/repository/org/eclipse/jetty/jetty-plus/9.4.51.v20230217/jetty-plus-9.4.51.v20230217.jar:/home/runner/.m2/repository/org/eclipse/jetty/jetty-jndi/9.4.51.v20230217/jetty-jndi-9.4.51.v20230217.jar:/home/runner/.m2/repository/javax/annotation/javax.annotation-api/1.3.2/javax.annotation-api-1.3.2.jar:/home/runner/.m2/repository/org/ow2/asm/asm-commons/9.4/asm-commons-9.4.jar:/home/runner/.m2/repository/org/ow2/asm/asm-tree/9.4/asm-tree-9.4.jar:/home/runner/.m2/repository/org/eclipse/jetty/websocket/javax-websocket-client-impl/9.4.51.v20230217/javax-websocket-client-impl-9.4.51.v20230217.jar:/home/runner/.m2/repository/javax/websocket/javax.websocket-client-api/1.0/javax.websocket-client-api-1.0.jar:/home/runner/.m2/repository/org/eclipse/jetty/websocket/websocket-server/9.4.51.v20230217/websocket-server-9.4.51.v20230217.jar:/home/runner/.m2/repository/org/eclipse/jetty/websocket/websocket-servlet/9.4.51.v20230217/websocket-servlet-9.4.51.v20230217.jar:/home/runner/.m2/repository/javax/websocket/javax.websocket-api/1.0/javax.websocket-api-1.0.jar:/home/runner/.m2/repository/net/java/dev/jna/jna/5.2.0/jna-5.2.0.jar:/home/runner/.m2/repository/org/apache/hadoop/hadoop-yarn-server-resourcemanager/3.3.6/hadoop-yarn-server-resourcemanager-3.3.6.jar:/home/runner/.m2/repository/org/apache/hadoop/hadoop-yarn-server-applicationhistoryservice/3.3.6/hadoop-yarn-server-applicationhistoryservice-3.3.6.jar:/home/runner/.m2/repository/de/ruedigermoeller/fst/2.50/fst-2.50.jar:/home/runner/.m2/repository/com/cedarsoftware/java-util/1.9.0/java-util-1.9.0.jar:/home/runner/.m2/repository/com/cedarsoftware/json-io/2.5.1/json-io-2.5.1.jar:/home/runner/.m2/repository/org/apache/hadoop/hadoop-yarn-server-timelineservice/3.3.6/hadoop-yarn-server-timelineservice-3.3.6.jar:/home/runner/.m2/repository/org/apache/commons/commons-csv/1.9.0/commons-csv-1.9.0.jar:/home/runner/.m2/repository/org/apache/hadoop/hadoop-yarn-api/3.3.6/hadoop-yarn-api-3.3.6.jar:/home/runner/.m2/repository/org/apache/hadoop/hadoop-mapreduce-client-hs/3.3.6/hadoop-mapreduce-client-hs-3.3.6.jar:/home/runner/.m2/repository/org/apache/hadoop/hadoop-hdfs/3.3.6/hadoop-hdfs-3.3.6.jar:/home/runner/.m2/repository/org/apache/hadoop/hadoop-mapreduce-client-common/3.3.6/hadoop-mapreduce-client-common-3.3.6.jar:/home/runner/.m2/repository/org/fusesource/leveldbjni/leveldbjni-all/1.8/leveldbjni-all-1.8.jar:/home/runner/.m2/repository/org/apache/hadoop/hadoop-mapreduce-examples/3.3.6/hadoop-mapreduce-examples-3.3.6.jar:/home/runner/.m2/repository/org/apache/hadoop/hadoop-hdfs/3.3.6/hadoop-hdfs-3.3.6-tests.jar:/home/runner/.m2/repository/org/eclipse/jetty/jetty-util-ajax/9.4.51.v20230217/jetty-util-ajax-9.4.51.v20230217.jar:/home/runner/.m2/repository/commons-daemon/commons-daemon/1.0.13/commons-daemon-1.0.13.jar:/home/runner/.m2/repository/io/netty/netty-all/4.1.89.Final/netty-all-4.1.89.Final.jar:/home/runner/.m2/repository/io/netty/netty-buffer/4.1.89.Final/netty-buffer-4.1.89.Final.jar:/home/runner/.m2/repository/io/netty/netty-codec/4.1.89.Final/netty-codec-4.1.89.Final.jar:/home/runner/.m2/repository/io/netty/netty-codec-dns/4.1.89.Final/netty-codec-dns-4.1.89.Final.jar:/home/runner/.m2/repository/io/netty/netty-codec-haproxy/4.1.89.Final/netty-codec-haproxy-4.1.89.Final.jar:/home/runner/.m2/repository/io/netty/netty-codec-http/4.1.89.Final/netty-codec-http-4.1.89.Final.jar:/home/runner/.m2/repository/io/netty/netty-codec-http2/4.1.89.Final/netty-codec-http2-4.1.89.Final.jar:/home/runner/.m2/repository/io/netty/netty-codec-memcache/4.1.89.Final/netty-codec-memcache-4.1.89.Final.jar:/home/runner/.m2/repository/io/netty/netty-codec-mqtt/4.1.89.Final/netty-codec-mqtt-4.1.89.Final.jar:/home/runner/.m2/repository/io/netty/netty-codec-redis/4.1.89.Final/netty-codec-redis-4.1.89.Final.jar:/home/runner/.m2/repository/io/netty/netty-codec-smtp/4.1.89.Final/netty-codec-smtp-4.1.89.Final.jar:/home/runner/.m2/repository/io/netty/netty-codec-socks/4.1.89.Final/netty-codec-socks-4.1.89.Final.jar:/home/runner/.m2/repository/io/netty/netty-codec-stomp/4.1.89.Final/netty-codec-stomp-4.1.89.Final.jar:/home/runner/.m2/repository/io/netty/netty-codec-xml/4.1.89.Final/netty-codec-xml-4.1.89.Final.jar:/home/runner/.m2/repository/io/netty/netty-common/4.1.89.Final/netty-common-4.1.89.Final.jar:/home/runner/.m2/repository/io/netty/netty-handler/4.1.89.Final/netty-handler-4.1.89.Final.jar:/home/runner/.m2/repository/io/netty/netty-transport-native-unix-common/4.1.89.Final/netty-transport-native-unix-common-4.1.89.Final.jar:/home/runner/.m2/repository/io/netty/netty-handler-proxy/4.1.89.Final/netty-handler-proxy-4.1.89.Final.jar:/home/runner/.m2/repository/io/netty/netty-handler-ssl-ocsp/4.1.89.Final/netty-handler-ssl-ocsp-4.1.89.Final.jar:/home/runner/.m2/repository/io/netty/netty-resolver/4.1.89.Final/netty-resolver-4.1.89.Final.jar:/home/runner/.m2/repository/io/netty/netty-resolver-dns/4.1.89.Final/netty-resolver-dns-4.1.89.Final.jar:/home/runner/.m2/repository/io/netty/netty-transport/4.1.89.Final/netty-transport-4.1.89.Final.jar:/home/runner/.m2/repository/io/netty/netty-transport-rxtx/4.1.89.Final/netty-transport-rxtx-4.1.89.Final.jar:/home/runner/.m2/repository/io/netty/netty-transport-sctp/4.1.89.Final/netty-transport-sctp-4.1.89.Final.jar:/home/runner/.m2/repository/io/netty/netty-transport-udt/4.1.89.Final/netty-transport-udt-4.1.89.Final.jar:/home/runner/.m2/repository/io/netty/netty-transport-classes-epoll/4.1.89.Final/netty-transport-classes-epoll-4.1.89.Final.jar:/home/runner/.m2/repository/io/netty/netty-transport-classes-kqueue/4.1.89.Final/netty-transport-classes-kqueue-4.1.89.Final.jar:/home/runner/.m2/repository/io/netty/netty-resolver-dns-classes-macos/4.1.89.Final/netty-resolver-dns-classes-macos-4.1.89.Final.jar:/home/runner/.m2/repository/io/netty/netty-transport-native-epoll/4.1.89.Final/netty-transport-native-epoll-4.1.89.Final-linux-x86_64.jar:/home/runner/.m2/repository/io/netty/netty-transport-native-epoll/4.1.89.Final/netty-transport-native-epoll-4.1.89.Final-linux-aarch_64.jar:/home/runner/.m2/repository/io/netty/netty-transport-native-kqueue/4.1.89.Final/netty-transport-native-kqueue-4.1.89.Final-osx-x86_64.jar:/home/runner/.m2/repository/io/netty/netty-transport-native-kqueue/4.1.89.Final/netty-transport-native-kqueue-4.1.89.Final-osx-aarch_64.jar:/home/runner/.m2/repository/io/netty/netty-resolver-dns-native-macos/4.1.89.Final/netty-resolver-dns-native-macos-4.1.89.Final-osx-x86_64.jar:/home/runner/.m2/repository/io/netty/netty-resolver-dns-native-macos/4.1.89.Final/netty-resolver-dns-native-macos-4.1.89.Final-osx-aarch_64.jar:/home/runner/.m2/repository/org/apache/hadoop/hadoop-distcp/3.3.6/hadoop-distcp-3.3.6.jar:/home/runner/.m2/repository/org/apache/hadoop/hadoop-distcp/3.3.6/hadoop-distcp-3.3.6-tests.jar:/home/runner/.m2/repository/org/apache/hadoop/hadoop-mapreduce-client-app/3.3.6/hadoop-mapreduce-client-app-3.3.6.jar:/home/runner/.m2/repository/org/apache/hadoop/hadoop-yarn-server-web-proxy/3.3.6/hadoop-yarn-server-web-proxy-3.3.6.jar:/home/runner/.m2/repository/org/apache/hadoop/hadoop-mapreduce-client-shuffle/3.3.6/hadoop-mapreduce-client-shuffle-3.3.6.jar:/home/runner/.m2/repository/org/apache/hadoop/hadoop-mapreduce-client-app/3.3.6/hadoop-mapreduce-client-app-3.3.6-tests.jar:/home/runner/.m2/repository/org/apache/hadoop/hadoop-mapreduce-client-jobclient/3.3.6/hadoop-mapreduce-client-jobclient-3.3.6.jar:/home/runner/.m2/repository/org/apache/hadoop/hadoop-mapreduce-client-jobclient/3.3.6/hadoop-mapreduce-client-jobclient-3.3.6-tests.jar:/home/runner/.m2/repository/org/apache/hadoop/hadoop-minikdc/3.3.6/hadoop-minikdc-3.3.6.jar:/home/runner/.m2/repository/org/apache/kerby/kerb-simplekdc/1.0.1/kerb-simplekdc-1.0.1.jar:/home/runner/.m2/repository/org/apache/kerby/kerb-client/1.0.1/kerb-client-1.0.1.jar:/home/runner/.m2/repository/org/apache/kerby/kerby-config/1.0.1/kerby-config-1.0.1.jar:/home/runner/.m2/repository/org/apache/kerby/kerb-common/1.0.1/kerb-common-1.0.1.jar:/home/runner/.m2/repository/org/apache/kerby/kerb-crypto/1.0.1/kerb-crypto-1.0.1.jar:/home/runner/.m2/repository/org/apache/kerby/kerb-util/1.0.1/kerb-util-1.0.1.jar:/home/runner/.m2/repository/org/apache/kerby/token-provider/1.0.1/token-provider-1.0.1.jar:/home/runner/.m2/repository/org/apache/kerby/kerb-admin/1.0.1/kerb-admin-1.0.1.jar:/home/runner/.m2/repository/org/apache/kerby/kerb-server/1.0.1/kerb-server-1.0.1.jar:/home/runner/.m2/repository/org/apache/kerby/kerb-identity/1.0.1/kerb-identity-1.0.1.jar:/home/runner/.m2/repository/org/apache/kerby/kerby-xdr/1.0.1/kerby-xdr-1.0.1.jar:/home/runner/.m2/repository/org/hamcrest/hamcrest-library/1.3/hamcrest-library-1.3.jar:/home/runner/.m2/repository/org/bouncycastle/bcprov-jdk15on/1.68/bcprov-jdk15on-1.68.jar:/home/runner/.m2/repository/org/bouncycastle/bcpkix-jdk15on/1.68/bcpkix-jdk15on-1.68.jar:/home/runner/work/ozone/ozone/target/hadoop-src/target/gradle-enterprise/test-listeners.jar:"/>
    <property name="java.vm.vendor" value="Eclipse Adoptium"/>
    <property name="sun.arch.data.model" value="64"/>
    <property name="test.build.dir" value="/home/runner/work/ozone/ozone/target/hadoop-src/target/test-dir"/>
    <property name="test.cache.data" value=""/>
    <property name="java.vendor.url" value="https://adoptium.net/"/>
    <property name="user.timezone" value=""/>
    <property name="java.vm.specification.version" value="11"/>
    <property name="os.name" value="Linux"/>
    <property name="test.build.data" value="/home/runner/work/ozone/ozone/target/hadoop-src/target/test-dir"/>
    <property name="sun.java.launcher" value="SUN_STANDARD"/>
    <property name="sun.boot.library.path" value="/usr/lib/jvm/temurin-11-jdk-amd64/lib"/>
    <property name="sun.java.command" value="/home/runner/work/ozone/ozone/target/hadoop-src/target/surefire/surefirebooter16221051755771027227.jar /home/runner/work/ozone/ozone/target/hadoop-src/target/surefire 2024-11-16T17-26-32_566-jvmRun1 surefire12136728916863509558tmp surefire_43992330585327128089tmp"/>
    <property name="jdk.debug" value="release"/>
    <property name="test" value="ITestS3AContract*, ITestS3ACommitterMRJob, !ITestS3AContractDistCp, !ITestS3AContractRename"/>
    <property name="surefire.test.class.path" value="/home/runner/work/ozone/ozone/target/hadoop-src/target/test-classes:/home/runner/work/ozone/ozone/target/hadoop-src/target/classes:/home/runner/.m2/repository/org/apache/hadoop/hadoop-common/3.3.6/hadoop-common-3.3.6.jar:/home/runner/.m2/repository/org/apache/hadoop/thirdparty/hadoop-shaded-protobuf_3_7/1.1.1/hadoop-shaded-protobuf_3_7-1.1.1.jar:/home/runner/.m2/repository/org/apache/hadoop/hadoop-annotations/3.3.6/hadoop-annotations-3.3.6.jar:/home/runner/.m2/repository/org/apache/hadoop/thirdparty/hadoop-shaded-guava/1.1.1/hadoop-shaded-guava-1.1.1.jar:/home/runner/.m2/repository/com/google/guava/guava/27.0-jre/guava-27.0-jre.jar:/home/runner/.m2/repository/com/google/guava/failureaccess/1.0/failureaccess-1.0.jar:/home/runner/.m2/repository/com/google/guava/listenablefuture/9999.0-empty-to-avoid-conflict-with-guava/listenablefuture-9999.0-empty-to-avoid-conflict-with-guava.jar:/home/runner/.m2/repository/org/checkerframework/checker-qual/2.5.2/checker-qual-2.5.2.jar:/home/runner/.m2/repository/com/google/j2objc/j2objc-annotations/1.1/j2objc-annotations-1.1.jar:/home/runner/.m2/repository/org/codehaus/mojo/animal-sniffer-annotations/1.17/animal-sniffer-annotations-1.17.jar:/home/runner/.m2/repository/commons-cli/commons-cli/1.2/commons-cli-1.2.jar:/home/runner/.m2/repository/org/apache/commons/commons-math3/3.1.1/commons-math3-3.1.1.jar:/home/runner/.m2/repository/org/apache/httpcomponents/httpclient/4.5.13/httpclient-4.5.13.jar:/home/runner/.m2/repository/org/apache/httpcomponents/httpcore/4.4.13/httpcore-4.4.13.jar:/home/runner/.m2/repository/commons-codec/commons-codec/1.15/commons-codec-1.15.jar:/home/runner/.m2/repository/commons-io/commons-io/2.8.0/commons-io-2.8.0.jar:/home/runner/.m2/repository/commons-net/commons-net/3.9.0/commons-net-3.9.0.jar:/home/runner/.m2/repository/commons-collections/commons-collections/3.2.2/commons-collections-3.2.2.jar:/home/runner/.m2/repository/javax/servlet/javax.servlet-api/3.1.0/javax.servlet-api-3.1.0.jar:/home/runner/.m2/repository/jakarta/activation/jakarta.activation-api/1.2.1/jakarta.activation-api-1.2.1.jar:/home/runner/.m2/repository/org/eclipse/jetty/jetty-server/9.4.51.v20230217/jetty-server-9.4.51.v20230217.jar:/home/runner/.m2/repository/org/eclipse/jetty/jetty-http/9.4.51.v20230217/jetty-http-9.4.51.v20230217.jar:/home/runner/.m2/repository/org/eclipse/jetty/jetty-io/9.4.51.v20230217/jetty-io-9.4.51.v20230217.jar:/home/runner/.m2/repository/org/eclipse/jetty/jetty-util/9.4.51.v20230217/jetty-util-9.4.51.v20230217.jar:/home/runner/.m2/repository/org/eclipse/jetty/jetty-servlet/9.4.51.v20230217/jetty-servlet-9.4.51.v20230217.jar:/home/runner/.m2/repository/org/eclipse/jetty/jetty-security/9.4.51.v20230217/jetty-security-9.4.51.v20230217.jar:/home/runner/.m2/repository/org/eclipse/jetty/jetty-webapp/9.4.51.v20230217/jetty-webapp-9.4.51.v20230217.jar:/home/runner/.m2/repository/org/eclipse/jetty/jetty-xml/9.4.51.v20230217/jetty-xml-9.4.51.v20230217.jar:/home/runner/.m2/repository/javax/servlet/jsp/jsp-api/2.1/jsp-api-2.1.jar:/home/runner/.m2/repository/com/sun/jersey/jersey-core/1.19.4/jersey-core-1.19.4.jar:/home/runner/.m2/repository/javax/ws/rs/jsr311-api/1.1.1/jsr311-api-1.1.1.jar:/home/runner/.m2/repository/com/sun/jersey/jersey-servlet/1.19.4/jersey-servlet-1.19.4.jar:/home/runner/.m2/repository/com/github/pjfanning/jersey-json/1.20/jersey-json-1.20.jar:/home/runner/.m2/repository/org/codehaus/jettison/jettison/1.5.4/jettison-1.5.4.jar:/home/runner/.m2/repository/com/sun/xml/bind/jaxb-impl/2.2.3-1/jaxb-impl-2.2.3-1.jar:/home/runner/.m2/repository/com/sun/jersey/jersey-server/1.19.4/jersey-server-1.19.4.jar:/home/runner/.m2/repository/commons-logging/commons-logging/1.1.3/commons-logging-1.1.3.jar:/home/runner/.m2/repository/ch/qos/reload4j/reload4j/1.2.22/reload4j-1.2.22.jar:/home/runner/.m2/repository/commons-beanutils/commons-beanutils/1.9.4/commons-beanutils-1.9.4.jar:/home/runner/.m2/repository/org/apache/commons/commons-configuration2/2.8.0/commons-configuration2-2.8.0.jar:/home/runner/.m2/repository/org/apache/commons/commons-lang3/3.12.0/commons-lang3-3.12.0.jar:/home/runner/.m2/repository/org/apache/commons/commons-text/1.10.0/commons-text-1.10.0.jar:/home/runner/.m2/repository/org/slf4j/slf4j-api/1.7.36/slf4j-api-1.7.36.jar:/home/runner/.m2/repository/org/apache/avro/avro/1.7.7/avro-1.7.7.jar:/home/runner/.m2/repository/org/codehaus/jackson/jackson-core-asl/1.9.13/jackson-core-asl-1.9.13.jar:/home/runner/.m2/repository/org/codehaus/jackson/jackson-mapper-asl/1.9.13/jackson-mapper-asl-1.9.13.jar:/home/runner/.m2/repository/com/thoughtworks/paranamer/paranamer/2.3/paranamer-2.3.jar:/home/runner/.m2/repository/com/google/re2j/re2j/1.1/re2j-1.1.jar:/home/runner/.m2/repository/com/google/protobuf/protobuf-java/2.5.0/protobuf-java-2.5.0.jar:/home/runner/.m2/repository/com/google/code/gson/gson/2.9.0/gson-2.9.0.jar:/home/runner/.m2/repository/org/apache/hadoop/hadoop-auth/3.3.6/hadoop-auth-3.3.6.jar:/home/runner/.m2/repository/com/nimbusds/nimbus-jose-jwt/9.8.1/nimbus-jose-jwt-9.8.1.jar:/home/runner/.m2/repository/com/github/stephenc/jcip/jcip-annotations/1.0-1/jcip-annotations-1.0-1.jar:/home/runner/.m2/repository/org/apache/curator/curator-framework/5.2.0/curator-framework-5.2.0.jar:/home/runner/.m2/repository/com/jcraft/jsch/0.1.55/jsch-0.1.55.jar:/home/runner/.m2/repository/org/apache/curator/curator-client/5.2.0/curator-client-5.2.0.jar:/home/runner/.m2/repository/org/apache/curator/curator-recipes/5.2.0/curator-recipes-5.2.0.jar:/home/runner/.m2/repository/com/google/code/findbugs/jsr305/3.0.2/jsr305-3.0.2.jar:/home/runner/.m2/repository/org/apache/zookeeper/zookeeper/3.6.3/zookeeper-3.6.3.jar:/home/runner/.m2/repository/org/apache/zookeeper/zookeeper-jute/3.6.3/zookeeper-jute-3.6.3.jar:/home/runner/.m2/repository/org/apache/yetus/audience-annotations/0.5.0/audience-annotations-0.5.0.jar:/home/runner/.m2/repository/io/dropwizard/metrics/metrics-core/3.2.4/metrics-core-3.2.4.jar:/home/runner/.m2/repository/org/apache/commons/commons-compress/1.21/commons-compress-1.21.jar:/home/runner/.m2/repository/org/apache/kerby/kerb-core/1.0.1/kerb-core-1.0.1.jar:/home/runner/.m2/repository/org/apache/kerby/kerby-pkix/1.0.1/kerby-pkix-1.0.1.jar:/home/runner/.m2/repository/org/apache/kerby/kerby-asn1/1.0.1/kerby-asn1-1.0.1.jar:/home/runner/.m2/repository/org/apache/kerby/kerby-util/1.0.1/kerby-util-1.0.1.jar:/home/runner/.m2/repository/com/fasterxml/jackson/core/jackson-databind/2.12.7.1/jackson-databind-2.12.7.1.jar:/home/runner/.m2/repository/com/fasterxml/jackson/core/jackson-annotations/2.12.7/jackson-annotations-2.12.7.jar:/home/runner/.m2/repository/com/fasterxml/jackson/core/jackson-core/2.12.7/jackson-core-2.12.7.jar:/home/runner/.m2/repository/org/codehaus/woodstox/stax2-api/4.2.1/stax2-api-4.2.1.jar:/home/runner/.m2/repository/com/fasterxml/woodstox/woodstox-core/5.4.0/woodstox-core-5.4.0.jar:/home/runner/.m2/repository/dnsjava/dnsjava/2.1.7/dnsjava-2.1.7.jar:/home/runner/.m2/repository/org/xerial/snappy/snappy-java/1.1.8.2/snappy-java-1.1.8.2.jar:/home/runner/.m2/repository/org/apache/hadoop/hadoop-common/3.3.6/hadoop-common-3.3.6-tests.jar:/home/runner/.m2/repository/org/slf4j/slf4j-reload4j/1.7.36/slf4j-reload4j-1.7.36.jar:/home/runner/.m2/repository/com/amazonaws/aws-java-sdk-bundle/1.12.367/aws-java-sdk-bundle-1.12.367.jar:/home/runner/.m2/repository/org/assertj/assertj-core/3.12.2/assertj-core-3.12.2.jar:/home/runner/.m2/repository/org/wildfly/openssl/wildfly-openssl/1.1.3.Final/wildfly-openssl-1.1.3.Final.jar:/home/runner/.m2/repository/junit/junit/4.13.2/junit-4.13.2.jar:/home/runner/.m2/repository/org/hamcrest/hamcrest-core/1.3/hamcrest-core-1.3.jar:/home/runner/.m2/repository/org/mockito/mockito-core/2.28.2/mockito-core-2.28.2.jar:/home/runner/.m2/repository/net/bytebuddy/byte-buddy/1.9.10/byte-buddy-1.9.10.jar:/home/runner/.m2/repository/net/bytebuddy/byte-buddy-agent/1.9.10/byte-buddy-agent-1.9.10.jar:/home/runner/.m2/repository/org/objenesis/objenesis/2.6/objenesis-2.6.jar:/home/runner/.m2/repository/org/apache/hadoop/hadoop-mapreduce-client-core/3.3.6/hadoop-mapreduce-client-core-3.3.6.jar:/home/runner/.m2/repository/org/apache/hadoop/hadoop-yarn-client/3.3.6/hadoop-yarn-client-3.3.6.jar:/home/runner/.m2/repository/org/eclipse/jetty/websocket/websocket-client/9.4.51.v20230217/websocket-client-9.4.51.v20230217.jar:/home/runner/.m2/repository/org/eclipse/jetty/jetty-client/9.4.51.v20230217/jetty-client-9.4.51.v20230217.jar:/home/runner/.m2/repository/org/eclipse/jetty/websocket/websocket-common/9.4.51.v20230217/websocket-common-9.4.51.v20230217.jar:/home/runner/.m2/repository/org/eclipse/jetty/websocket/websocket-api/9.4.51.v20230217/websocket-api-9.4.51.v20230217.jar:/home/runner/.m2/repository/org/jline/jline/3.9.0/jline-3.9.0.jar:/home/runner/.m2/repository/org/apache/hadoop/hadoop-yarn-common/3.3.6/hadoop-yarn-common-3.3.6.jar:/home/runner/.m2/repository/javax/xml/bind/jaxb-api/2.2.11/jaxb-api-2.2.11.jar:/home/runner/.m2/repository/com/sun/jersey/jersey-client/1.19.4/jersey-client-1.19.4.jar:/home/runner/.m2/repository/com/google/inject/guice/4.0/guice-4.0.jar:/home/runner/.m2/repository/javax/inject/javax.inject/1/javax.inject-1.jar:/home/runner/.m2/repository/aopalliance/aopalliance/1.0/aopalliance-1.0.jar:/home/runner/.m2/repository/com/sun/jersey/contribs/jersey-guice/1.19.4/jersey-guice-1.19.4.jar:/home/runner/.m2/repository/com/fasterxml/jackson/module/jackson-module-jaxb-annotations/2.12.7/jackson-module-jaxb-annotations-2.12.7.jar:/home/runner/.m2/repository/jakarta/xml/bind/jakarta.xml.bind-api/2.3.2/jakarta.xml.bind-api-2.3.2.jar:/home/runner/.m2/repository/com/fasterxml/jackson/jaxrs/jackson-jaxrs-json-provider/2.12.7/jackson-jaxrs-json-provider-2.12.7.jar:/home/runner/.m2/repository/com/fasterxml/jackson/jaxrs/jackson-jaxrs-base/2.12.7/jackson-jaxrs-base-2.12.7.jar:/home/runner/.m2/repository/org/apache/hadoop/hadoop-hdfs-client/3.3.6/hadoop-hdfs-client-3.3.6.jar:/home/runner/.m2/repository/com/squareup/okhttp3/okhttp/4.9.3/okhttp-4.9.3.jar:/home/runner/.m2/repository/com/squareup/okio/okio/2.8.0/okio-2.8.0.jar:/home/runner/.m2/repository/org/jetbrains/kotlin/kotlin-stdlib/1.4.10/kotlin-stdlib-1.4.10.jar:/home/runner/.m2/repository/org/jetbrains/kotlin/kotlin-stdlib-common/1.4.10/kotlin-stdlib-common-1.4.10.jar:/home/runner/.m2/repository/com/google/inject/extensions/guice-servlet/4.0/guice-servlet-4.0.jar:/home/runner/.m2/repository/io/netty/netty/3.10.6.Final/netty-3.10.6.Final.jar:/home/runner/.m2/repository/org/apache/hadoop/hadoop-yarn-server-tests/3.3.6/hadoop-yarn-server-tests-3.3.6-tests.jar:/home/runner/.m2/repository/org/apache/hadoop/hadoop-yarn-server-common/3.3.6/hadoop-yarn-server-common-3.3.6.jar:/home/runner/.m2/repository/org/apache/hadoop/hadoop-registry/3.3.6/hadoop-registry-3.3.6.jar:/home/runner/.m2/repository/org/apache/geronimo/specs/geronimo-jcache_1.0_spec/1.0-alpha-1/geronimo-jcache_1.0_spec-1.0-alpha-1.jar:/home/runner/.m2/repository/org/ehcache/ehcache/3.3.1/ehcache-3.3.1.jar:/home/runner/.m2/repository/com/zaxxer/HikariCP-java7/2.4.12/HikariCP-java7-2.4.12.jar:/home/runner/.m2/repository/com/microsoft/sqlserver/mssql-jdbc/6.2.1.jre7/mssql-jdbc-6.2.1.jre7.jar:/home/runner/.m2/repository/org/apache/hadoop/hadoop-yarn-server-nodemanager/3.3.6/hadoop-yarn-server-nodemanager-3.3.6.jar:/home/runner/.m2/repository/org/eclipse/jetty/websocket/javax-websocket-server-impl/9.4.51.v20230217/javax-websocket-server-impl-9.4.51.v20230217.jar:/home/runner/.m2/repository/org/eclipse/jetty/jetty-annotations/9.4.51.v20230217/jetty-annotations-9.4.51.v20230217.jar:/home/runner/.m2/repository/org/eclipse/jetty/jetty-plus/9.4.51.v20230217/jetty-plus-9.4.51.v20230217.jar:/home/runner/.m2/repository/org/eclipse/jetty/jetty-jndi/9.4.51.v20230217/jetty-jndi-9.4.51.v20230217.jar:/home/runner/.m2/repository/javax/annotation/javax.annotation-api/1.3.2/javax.annotation-api-1.3.2.jar:/home/runner/.m2/repository/org/ow2/asm/asm-commons/9.4/asm-commons-9.4.jar:/home/runner/.m2/repository/org/ow2/asm/asm-tree/9.4/asm-tree-9.4.jar:/home/runner/.m2/repository/org/eclipse/jetty/websocket/javax-websocket-client-impl/9.4.51.v20230217/javax-websocket-client-impl-9.4.51.v20230217.jar:/home/runner/.m2/repository/javax/websocket/javax.websocket-client-api/1.0/javax.websocket-client-api-1.0.jar:/home/runner/.m2/repository/org/eclipse/jetty/websocket/websocket-server/9.4.51.v20230217/websocket-server-9.4.51.v20230217.jar:/home/runner/.m2/repository/org/eclipse/jetty/websocket/websocket-servlet/9.4.51.v20230217/websocket-servlet-9.4.51.v20230217.jar:/home/runner/.m2/repository/javax/websocket/javax.websocket-api/1.0/javax.websocket-api-1.0.jar:/home/runner/.m2/repository/net/java/dev/jna/jna/5.2.0/jna-5.2.0.jar:/home/runner/.m2/repository/org/apache/hadoop/hadoop-yarn-server-resourcemanager/3.3.6/hadoop-yarn-server-resourcemanager-3.3.6.jar:/home/runner/.m2/repository/org/apache/hadoop/hadoop-yarn-server-applicationhistoryservice/3.3.6/hadoop-yarn-server-applicationhistoryservice-3.3.6.jar:/home/runner/.m2/repository/de/ruedigermoeller/fst/2.50/fst-2.50.jar:/home/runner/.m2/repository/com/cedarsoftware/java-util/1.9.0/java-util-1.9.0.jar:/home/runner/.m2/repository/com/cedarsoftware/json-io/2.5.1/json-io-2.5.1.jar:/home/runner/.m2/repository/org/apache/hadoop/hadoop-yarn-server-timelineservice/3.3.6/hadoop-yarn-server-timelineservice-3.3.6.jar:/home/runner/.m2/repository/org/apache/commons/commons-csv/1.9.0/commons-csv-1.9.0.jar:/home/runner/.m2/repository/org/apache/hadoop/hadoop-yarn-api/3.3.6/hadoop-yarn-api-3.3.6.jar:/home/runner/.m2/repository/org/apache/hadoop/hadoop-mapreduce-client-hs/3.3.6/hadoop-mapreduce-client-hs-3.3.6.jar:/home/runner/.m2/repository/org/apache/hadoop/hadoop-hdfs/3.3.6/hadoop-hdfs-3.3.6.jar:/home/runner/.m2/repository/org/apache/hadoop/hadoop-mapreduce-client-common/3.3.6/hadoop-mapreduce-client-common-3.3.6.jar:/home/runner/.m2/repository/org/fusesource/leveldbjni/leveldbjni-all/1.8/leveldbjni-all-1.8.jar:/home/runner/.m2/repository/org/apache/hadoop/hadoop-mapreduce-examples/3.3.6/hadoop-mapreduce-examples-3.3.6.jar:/home/runner/.m2/repository/org/apache/hadoop/hadoop-hdfs/3.3.6/hadoop-hdfs-3.3.6-tests.jar:/home/runner/.m2/repository/org/eclipse/jetty/jetty-util-ajax/9.4.51.v20230217/jetty-util-ajax-9.4.51.v20230217.jar:/home/runner/.m2/repository/commons-daemon/commons-daemon/1.0.13/commons-daemon-1.0.13.jar:/home/runner/.m2/repository/io/netty/netty-all/4.1.89.Final/netty-all-4.1.89.Final.jar:/home/runner/.m2/repository/io/netty/netty-buffer/4.1.89.Final/netty-buffer-4.1.89.Final.jar:/home/runner/.m2/repository/io/netty/netty-codec/4.1.89.Final/netty-codec-4.1.89.Final.jar:/home/runner/.m2/repository/io/netty/netty-codec-dns/4.1.89.Final/netty-codec-dns-4.1.89.Final.jar:/home/runner/.m2/repository/io/netty/netty-codec-haproxy/4.1.89.Final/netty-codec-haproxy-4.1.89.Final.jar:/home/runner/.m2/repository/io/netty/netty-codec-http/4.1.89.Final/netty-codec-http-4.1.89.Final.jar:/home/runner/.m2/repository/io/netty/netty-codec-http2/4.1.89.Final/netty-codec-http2-4.1.89.Final.jar:/home/runner/.m2/repository/io/netty/netty-codec-memcache/4.1.89.Final/netty-codec-memcache-4.1.89.Final.jar:/home/runner/.m2/repository/io/netty/netty-codec-mqtt/4.1.89.Final/netty-codec-mqtt-4.1.89.Final.jar:/home/runner/.m2/repository/io/netty/netty-codec-redis/4.1.89.Final/netty-codec-redis-4.1.89.Final.jar:/home/runner/.m2/repository/io/netty/netty-codec-smtp/4.1.89.Final/netty-codec-smtp-4.1.89.Final.jar:/home/runner/.m2/repository/io/netty/netty-codec-socks/4.1.89.Final/netty-codec-socks-4.1.89.Final.jar:/home/runner/.m2/repository/io/netty/netty-codec-stomp/4.1.89.Final/netty-codec-stomp-4.1.89.Final.jar:/home/runner/.m2/repository/io/netty/netty-codec-xml/4.1.89.Final/netty-codec-xml-4.1.89.Final.jar:/home/runner/.m2/repository/io/netty/netty-common/4.1.89.Final/netty-common-4.1.89.Final.jar:/home/runner/.m2/repository/io/netty/netty-handler/4.1.89.Final/netty-handler-4.1.89.Final.jar:/home/runner/.m2/repository/io/netty/netty-transport-native-unix-common/4.1.89.Final/netty-transport-native-unix-common-4.1.89.Final.jar:/home/runner/.m2/repository/io/netty/netty-handler-proxy/4.1.89.Final/netty-handler-proxy-4.1.89.Final.jar:/home/runner/.m2/repository/io/netty/netty-handler-ssl-ocsp/4.1.89.Final/netty-handler-ssl-ocsp-4.1.89.Final.jar:/home/runner/.m2/repository/io/netty/netty-resolver/4.1.89.Final/netty-resolver-4.1.89.Final.jar:/home/runner/.m2/repository/io/netty/netty-resolver-dns/4.1.89.Final/netty-resolver-dns-4.1.89.Final.jar:/home/runner/.m2/repository/io/netty/netty-transport/4.1.89.Final/netty-transport-4.1.89.Final.jar:/home/runner/.m2/repository/io/netty/netty-transport-rxtx/4.1.89.Final/netty-transport-rxtx-4.1.89.Final.jar:/home/runner/.m2/repository/io/netty/netty-transport-sctp/4.1.89.Final/netty-transport-sctp-4.1.89.Final.jar:/home/runner/.m2/repository/io/netty/netty-transport-udt/4.1.89.Final/netty-transport-udt-4.1.89.Final.jar:/home/runner/.m2/repository/io/netty/netty-transport-classes-epoll/4.1.89.Final/netty-transport-classes-epoll-4.1.89.Final.jar:/home/runner/.m2/repository/io/netty/netty-transport-classes-kqueue/4.1.89.Final/netty-transport-classes-kqueue-4.1.89.Final.jar:/home/runner/.m2/repository/io/netty/netty-resolver-dns-classes-macos/4.1.89.Final/netty-resolver-dns-classes-macos-4.1.89.Final.jar:/home/runner/.m2/repository/io/netty/netty-transport-native-epoll/4.1.89.Final/netty-transport-native-epoll-4.1.89.Final-linux-x86_64.jar:/home/runner/.m2/repository/io/netty/netty-transport-native-epoll/4.1.89.Final/netty-transport-native-epoll-4.1.89.Final-linux-aarch_64.jar:/home/runner/.m2/repository/io/netty/netty-transport-native-kqueue/4.1.89.Final/netty-transport-native-kqueue-4.1.89.Final-osx-x86_64.jar:/home/runner/.m2/repository/io/netty/netty-transport-native-kqueue/4.1.89.Final/netty-transport-native-kqueue-4.1.89.Final-osx-aarch_64.jar:/home/runner/.m2/repository/io/netty/netty-resolver-dns-native-macos/4.1.89.Final/netty-resolver-dns-native-macos-4.1.89.Final-osx-x86_64.jar:/home/runner/.m2/repository/io/netty/netty-resolver-dns-native-macos/4.1.89.Final/netty-resolver-dns-native-macos-4.1.89.Final-osx-aarch_64.jar:/home/runner/.m2/repository/org/apache/hadoop/hadoop-distcp/3.3.6/hadoop-distcp-3.3.6.jar:/home/runner/.m2/repository/org/apache/hadoop/hadoop-distcp/3.3.6/hadoop-distcp-3.3.6-tests.jar:/home/runner/.m2/repository/org/apache/hadoop/hadoop-mapreduce-client-app/3.3.6/hadoop-mapreduce-client-app-3.3.6.jar:/home/runner/.m2/repository/org/apache/hadoop/hadoop-yarn-server-web-proxy/3.3.6/hadoop-yarn-server-web-proxy-3.3.6.jar:/home/runner/.m2/repository/org/apache/hadoop/hadoop-mapreduce-client-shuffle/3.3.6/hadoop-mapreduce-client-shuffle-3.3.6.jar:/home/runner/.m2/repository/org/apache/hadoop/hadoop-mapreduce-client-app/3.3.6/hadoop-mapreduce-client-app-3.3.6-tests.jar:/home/runner/.m2/repository/org/apache/hadoop/hadoop-mapreduce-client-jobclient/3.3.6/hadoop-mapreduce-client-jobclient-3.3.6.jar:/home/runner/.m2/repository/org/apache/hadoop/hadoop-mapreduce-client-jobclient/3.3.6/hadoop-mapreduce-client-jobclient-3.3.6-tests.jar:/home/runner/.m2/repository/org/apache/hadoop/hadoop-minikdc/3.3.6/hadoop-minikdc-3.3.6.jar:/home/runner/.m2/repository/org/apache/kerby/kerb-simplekdc/1.0.1/kerb-simplekdc-1.0.1.jar:/home/runner/.m2/repository/org/apache/kerby/kerb-client/1.0.1/kerb-client-1.0.1.jar:/home/runner/.m2/repository/org/apache/kerby/kerby-config/1.0.1/kerby-config-1.0.1.jar:/home/runner/.m2/repository/org/apache/kerby/kerb-common/1.0.1/kerb-common-1.0.1.jar:/home/runner/.m2/repository/org/apache/kerby/kerb-crypto/1.0.1/kerb-crypto-1.0.1.jar:/home/runner/.m2/repository/org/apache/kerby/kerb-util/1.0.1/kerb-util-1.0.1.jar:/home/runner/.m2/repository/org/apache/kerby/token-provider/1.0.1/token-provider-1.0.1.jar:/home/runner/.m2/repository/org/apache/kerby/kerb-admin/1.0.1/kerb-admin-1.0.1.jar:/home/runner/.m2/repository/org/apache/kerby/kerb-server/1.0.1/kerb-server-1.0.1.jar:/home/runner/.m2/repository/org/apache/kerby/kerb-identity/1.0.1/kerb-identity-1.0.1.jar:/home/runner/.m2/repository/org/apache/kerby/kerby-xdr/1.0.1/kerby-xdr-1.0.1.jar:/home/runner/.m2/repository/org/hamcrest/hamcrest-library/1.3/hamcrest-library-1.3.jar:/home/runner/.m2/repository/org/bouncycastle/bcprov-jdk15on/1.68/bcprov-jdk15on-1.68.jar:/home/runner/.m2/repository/org/bouncycastle/bcpkix-jdk15on/1.68/bcpkix-jdk15on-1.68.jar:/home/runner/work/ozone/ozone/target/hadoop-src/target/gradle-enterprise/test-listeners.jar:"/>
    <property name="sun.cpu.endian" value="little"/>
    <property name="user.home" value="/home/runner"/>
    <property name="user.language" value="en"/>
    <property name="java.specification.vendor" value="Oracle Corporation"/>
    <property name="java.version.date" value="2024-10-15"/>
    <property name="java.home" value="/usr/lib/jvm/temurin-11-jdk-amd64"/>
    <property name="java.security.krb5.conf" value="/home/runner/work/ozone/ozone/target/hadoop-src/target/test-classes/krb5.conf"/>
    <property name="file.separator" value="/"/>
    <property name="basedir" value="/home/runner/work/ozone/ozone/target/hadoop-src"/>
    <property name="java.vm.compressedOopsMode" value="32-bit"/>
    <property name="line.separator" value="&#10;"/>
    <property name="java.specification.name" value="Java Platform API Specification"/>
    <property name="java.vm.specification.vendor" value="Oracle Corporation"/>
    <property name="java.awt.graphicsenv" value="sun.awt.X11GraphicsEnvironment"/>
    <property name="surefire.real.class.path" value="/home/runner/work/ozone/ozone/target/hadoop-src/target/surefire/surefirebooter16221051755771027227.jar"/>
    <property name="hadoop.log.dir" value="/home/runner/work/ozone/ozone/target/hadoop-src/target/log"/>
    <property name="sun.management.compiler" value="HotSpot 64-Bit Tiered Compilers"/>
    <property name="java.runtime.version" value="11.0.25+9"/>
    <property name="user.name" value="runner"/>
    <property name="java.net.preferIPv4Stack" value="true"/>
    <property name="path.separator" value=":"/>
    <property name="java.security.egd" value="file:///dev/urandom"/>
    <property name="os.version" value="5.15.0-1074-azure"/>
    <property name="java.runtime.name" value="OpenJDK Runtime Environment"/>
    <property name="file.encoding" value="UTF-8"/>
    <property name="java.vm.name" value="OpenJDK 64-Bit Server VM"/>
    <property name="java.vendor.version" value="Temurin-11.0.25+9"/>
    <property name="test.build.webapps" value=""/>
    <property name="develocity.listener.surefire.forkId" value="1"/>
    <property name="localRepository" value="/home/runner/.m2/repository"/>
    <property name="java.vendor.url.bug" value="https://github.com/adoptium/adoptium-support/issues"/>
    <property name="java.io.tmpdir" value="/tmp"/>
    <property name="require.test.libhadoop" value=""/>
    <property name="java.version" value="11.0.25"/>
    <property name="user.dir" value="/home/runner/work/ozone/ozone/target/hadoop-src"/>
    <property name="os.arch" value="amd64"/>
    <property name="java.vm.specification.name" value="Java Virtual Machine Specification"/>
    <property name="test.build.classes" value="/home/runner/work/ozone/ozone/target/hadoop-src/target/test-classes"/>
    <property name="java.awt.printerjob" value="sun.print.PSPrinterJob"/>
    <property name="sun.os.patch.level" value="unknown"/>
    <property name="test.default.timeout" value="200000"/>
    <property name="hadoop.tmp.dir" value="/home/runner/work/ozone/ozone/target/hadoop-src/target/tmp"/>
    <property name="java.library.path" value="${env.LD_LIBRARY_PATH}:/home/runner/work/ozone/ozone/target/hadoop-src/target/native/target/usr/local/lib:/home/runner/work/ozone/ozone/target/hadoop-src/../../hadoop-common-project/hadoop-common/target/native/target/usr/local/lib:/usr/java/packages/lib:/usr/lib64:/lib64:/lib:/usr/lib"/>
    <property name="java.vm.info" value="mixed mode"/>
    <property name="java.vendor" value="Eclipse Adoptium"/>
    <property name="java.vm.version" value="11.0.25+9"/>
    <property name="java.specification.maintenance.version" value="3"/>
    <property name="sun.io.unicode.encoding" value="UnicodeLittle"/>
    <property name="develocity.listener.port" value="46369"/>
    <property name="java.class.version" value="55.0"/>
  </properties>
  <testcase name="testMinSeekAndMaxSizeDefaultValues[Buffer type : direct]" classname="org.apache.hadoop.fs.contract.s3a.ITestS3AContractVectoredRead" time="1.943"/>
  <testcase name="testMinSeekAndMaxSizeConfigsPropagation[Buffer type : direct]" classname="org.apache.hadoop.fs.contract.s3a.ITestS3AContractVectoredRead" time="0.223"/>
  <testcase name="testStopVectoredIoOperationsCloseStream[Buffer type : direct]" classname="org.apache.hadoop.fs.contract.s3a.ITestS3AContractVectoredRead" time="0.254"/>
  <testcase name="testStopVectoredIoOperationsUnbuffer[Buffer type : direct]" classname="org.apache.hadoop.fs.contract.s3a.ITestS3AContractVectoredRead" time="0.223"/>
  <testcase name="testMultiVectoredReadStatsCollection[Buffer type : direct]" classname="org.apache.hadoop.fs.contract.s3a.ITestS3AContractVectoredRead" time="0.236"/>
  <testcase name="testNormalReadVsVectoredReadStatsCollection[Buffer type : direct]" classname="org.apache.hadoop.fs.contract.s3a.ITestS3AContractVectoredRead" time="0.297"/>
  <testcase name="testNormalReadAfterVectoredRead[Buffer type : direct]" classname="org.apache.hadoop.fs.contract.s3a.ITestS3AContractVectoredRead" time="0.157"/>
  <testcase name="testNegativeLengthRange[Buffer type : direct]" classname="org.apache.hadoop.fs.contract.s3a.ITestS3AContractVectoredRead" time="0.098"/>
  <testcase name="testVectoredReadMultipleRanges[Buffer type : direct]" classname="org.apache.hadoop.fs.contract.s3a.ITestS3AContractVectoredRead" time="0.129"/>
  <testcase name="testSomeRangesMergedSomeUnmerged[Buffer type : direct]" classname="org.apache.hadoop.fs.contract.s3a.ITestS3AContractVectoredRead" time="0.153"/>
  <testcase name="testEOFRanges[Buffer type : direct]" classname="org.apache.hadoop.fs.contract.s3a.ITestS3AContractVectoredRead" time="0.146"/>
  <testcase name="testVectoredReadAfterNormalRead[Buffer type : direct]" classname="org.apache.hadoop.fs.contract.s3a.ITestS3AContractVectoredRead" time="0.159"/>
  <testcase name="testDisjointRanges[Buffer type : direct]" classname="org.apache.hadoop.fs.contract.s3a.ITestS3AContractVectoredRead" time="0.117"/>
  <testcase name="testVectoredReadCapability[Buffer type : direct]" classname="org.apache.hadoop.fs.contract.s3a.ITestS3AContractVectoredRead" time="0.105"/>
  <testcase name="testSomeRandomNonOverlappingRanges[Buffer type : direct]" classname="org.apache.hadoop.fs.contract.s3a.ITestS3AContractVectoredRead" time="0.108"/>
  <testcase name="testAllRangesMergedIntoOne[Buffer type : direct]" classname="org.apache.hadoop.fs.contract.s3a.ITestS3AContractVectoredRead" time="0.135"/>
  <testcase name="testVectoredIOEndToEnd[Buffer type : direct]" classname="org.apache.hadoop.fs.contract.s3a.ITestS3AContractVectoredRead" time="0.176"/>
  <testcase name="testVectoredReadAndReadFully[Buffer type : direct]" classname="org.apache.hadoop.fs.contract.s3a.ITestS3AContractVectoredRead" time="0.169"/>
  <testcase name="testOverlappingRanges[Buffer type : direct]" classname="org.apache.hadoop.fs.contract.s3a.ITestS3AContractVectoredRead" time="0.115"/>
  <testcase name="testSameRanges[Buffer type : direct]" classname="org.apache.hadoop.fs.contract.s3a.ITestS3AContractVectoredRead" time="0.084"/>
  <testcase name="testMultipleVectoredReads[Buffer type : direct]" classname="org.apache.hadoop.fs.contract.s3a.ITestS3AContractVectoredRead" time="0.133"/>
  <testcase name="testNegativeOffsetRange[Buffer type : direct]" classname="org.apache.hadoop.fs.contract.s3a.ITestS3AContractVectoredRead" time="0.093"/>
  <testcase name="testConsecutiveRanges[Buffer type : direct]" classname="org.apache.hadoop.fs.contract.s3a.ITestS3AContractVectoredRead" time="0.104"/>
  <testcase name="testMinSeekAndMaxSizeDefaultValues[Buffer type : array]" classname="org.apache.hadoop.fs.contract.s3a.ITestS3AContractVectoredRead" time="0.12"/>
  <testcase name="testMinSeekAndMaxSizeConfigsPropagation[Buffer type : array]" classname="org.apache.hadoop.fs.contract.s3a.ITestS3AContractVectoredRead" time="0.132"/>
  <testcase name="testStopVectoredIoOperationsCloseStream[Buffer type : array]" classname="org.apache.hadoop.fs.contract.s3a.ITestS3AContractVectoredRead" time="0.151">
    <failure message="Expected an exception of type class java.io.InterruptedIOException" type="java.lang.AssertionError">java.lang.AssertionError: Expected an exception of type class java.io.InterruptedIOException
	at org.apache.hadoop.test.LambdaTestUtils.intercept(LambdaTestUtils.java:409)
	at org.apache.hadoop.fs.contract.s3a.ITestS3AContractVectoredRead.testStopVectoredIoOperationsCloseStream(ITestS3AContractVectoredRead.java:126)
	at java.base/jdk.internal.reflect.NativeMethodAccessorImpl.invoke0(Native Method)
	at java.base/jdk.internal.reflect.NativeMethodAccessorImpl.invoke(NativeMethodAccessorImpl.java:62)
	at java.base/jdk.internal.reflect.DelegatingMethodAccessorImpl.invoke(DelegatingMethodAccessorImpl.java:43)
	at java.base/java.lang.reflect.Method.invoke(Method.java:566)
	at org.junit.runners.model.FrameworkMethod$1.runReflectiveCall(FrameworkMethod.java:59)
	at org.junit.internal.runners.model.ReflectiveCallable.run(ReflectiveCallable.java:12)
	at org.junit.runners.model.FrameworkMethod.invokeExplosively(FrameworkMethod.java:56)
	at org.junit.internal.runners.statements.InvokeMethod.evaluate(InvokeMethod.java:17)
	at org.junit.internal.runners.statements.RunBefores.evaluate(RunBefores.java:26)
	at org.junit.internal.runners.statements.RunAfters.evaluate(RunAfters.java:27)
	at org.junit.rules.TestWatcher$1.evaluate(TestWatcher.java:61)
	at org.junit.internal.runners.statements.FailOnTimeout$CallableStatement.call(FailOnTimeout.java:299)
	at org.junit.internal.runners.statements.FailOnTimeout$CallableStatement.call(FailOnTimeout.java:293)
	at java.base/java.util.concurrent.FutureTask.run(FutureTask.java:264)
	at java.base/java.lang.Thread.run(Thread.java:829)
</failure>
    <system-out><![CDATA[2024-11-16 17:27:14,875 [setup] DEBUG s3a.S3AFileSystem (S3AFileSystem.java:initializeClass(5412)) - Initialize S3A class
2024-11-16 17:27:14,891 [setup] INFO  contract.AbstractFSContractTestBase (AbstractFSContractTestBase.java:setup(194)) - Test filesystem = s3a://fso-bucket implemented by S3AFileSystem{uri=s3a://fso-bucket, workingDir=s3a://fso-bucket/user/runner, partSize=67108864, enableMultiObjectsDelete=true, maxKeys=5000, OpenFileSupport{changePolicy=ETagChangeDetectionPolicy mode=Server, defaultReadAhead=65536, defaultBufferSize=4096, defaultAsyncDrainThreshold=16000, defaultInputPolicy=default}, blockSize=33554432, multiPartThreshold=134217728, s3EncryptionAlgorithm='NONE', blockFactory=org.apache.hadoop.fs.s3a.S3ADataBlocks$DiskBlockFactory@d40fec5, auditManager=Service ActiveAuditManagerS3A in state ActiveAuditManagerS3A: STARTED, auditor=LoggingAuditor{ID='7e97a6d8-7327-4498-b810-970ff58cc2e3', headerEnabled=true, rejectOutOfSpan=true, isMultipartUploadEnabled=true}}, authoritativePath=[], useListV1=false, magicCommitter=true, boundedExecutor=BlockingThreadPoolExecutorService{SemaphoredDelegatingExecutor{permitCount=160, available=160, waiting=0}, activeCount=0}, unboundedExecutor=java.util.concurrent.ThreadPoolExecutor@62d2da4d[Running, pool size = 31, active threads = 0, queued tasks = 0, completed tasks = 31], credentials=AWSCredentialProviderList[refcount= 1: [TemporaryAWSCredentialsProvider, SimpleAWSCredentialsProvider, EnvironmentVariableCredentialsProvider, org.apache.hadoop.fs.s3a.auth.IAMInstanceCredentialsProvider@6e054ba4] last provider: SimpleAWSCredentialsProvider, delegation tokens=disabled, DirectoryMarkerRetention{policy='keep'}, instrumentation {S3AInstrumentation{instanceIOStatistics=counters=((op_glob_status=0) (committer_materialize_file=0) (store_exists_probe.failures=0) (committer_stage_file_upload=0) (op_hflush=0) (op_get_content_summary.failures=0) (committer_bytes_uploaded=0) (multipart_upload_completed=0) (ignored_errors=0) (op_hsync=0) (committer_commits_reverted=0) (object_multipart_aborted.failures=0) (op_createfile.failures=0) (op_delete=25) (op_create_non_recursive=0) (object_continue_list_request.failures=0) (stream_read_bytes_discarded_in_abort=0) (op_create=25) (stream_read_bytes_discarded_in_close=196008) (op_access=0) (object_put_bytes=1638400) (object_delete_request.failures=0) (stream_read_seek_bytes_discarded=0) (op_list_located_status=0) (multipart_upload_aborted=0) (stream_read_opened=3) (object_metadata_request=70) (stream_write_queue_duration=0) (stream_read_remote_stream_drain=3) (op_exists=0) (stream_read_fully_operations=1) (op_mkdirs=25) (op_xattr_get_named_map=0) (op_xattr_get_named=0) (directories_created=25) (object_delete_request=0) (stream_read_bytes=6663) (action_file_opened=20) (committer_bytes_committed=0) (audit_request_execution=292) (op_xattr_get_map.failures=0) (op_mkdirs.failures=0) (op_get_file_checksum=0) (multipart_upload_started=0) (object_list_request=100) (multipart_instantiated=0) (op_get_delegation_token.failures=0) (op_is_directory.failures=0) (op_list_status.failures=0) (stream_write_exceptions_completing_upload=0) (stream_read_operations=3) (stream_write_exceptions=0) (multipart_upload_list=0) (multipart_upload_part_put_bytes=0) (object_delete_objects=50) (op_delete.failures=0) (op_get_file_status.failures=0) (object_copy_requests=0) (op_openfile=0) (committer_jobs_failed=0) (action_executor_acquired.failures=0) (object_list_request.failures=0) (stream_read_exceptions=0) (delegation_tokens_issued.failures=0) (op_xattr_get_map=0) (stream_read_total_bytes=202671) (committer_magic_files_created=0) (stream_aborted=0) (stream_read_vectored_incoming_ranges=50) (op_xattr_list.failures=0) (op_createfile=0) (multipart_upload_part_put=0) (multipart_upload_list.failures=0) (stream_read_seek_operations=0) (store_io_throttled=0) (committer_materialize_file.failures=0) (stream_read_vectored_combined_ranges=21) (object_multipart_initiated=0) (op_is_directory=0) (op_copy_from_local_file.failures=0) (stream_write_queue_duration.failures=0) (audit_failure=0) (committer_commits_completed=0) (object_put_request.failures=0) (action_http_head_request=70) (op_get_content_summary=0) (stream_read_unbuffered=1) (committer_tasks_failed=0) (stream_read_vectored_operations=16) (committer_commits_created=0) (op_rename=0) (object_put_request=50) (stream_read_seek_policy_changed=21) (object_bulk_delete_request.failures=0) (op_create.failures=0) (stream_read_remote_stream_aborted=0) (files_copied=0) (op_exists.failures=0) (action_file_opened.failures=0) (delegation_tokens_issued=0) (store_exists_probe=0) (files_created=25) (op_list_files.failures=0) (op_glob_status.failures=0) (action_http_head_request.failures=0) (files_copied_bytes=0) (op_open=20) (object_continue_list_request=0) (audit_access_check_failure=0) (committer_load_single_pending_file=0) (object_select_requests=0) (stream_write_total_data=3276800) (committer_stage_file_upload.failures=0) (stream_read_vectored_read_bytes_discarded=24523) (stream_read_seek_forward_operations=0) (files_deleted=25) (committer_magic_marker_put.failures=0) (committer_tasks_completed=0) (op_get_file_status=1) (stream_read_remote_stream_drain.failures=0) (stream_read_seek_backward_operations=0) (stream_write_block_uploads_aborted=0) (committer_commits.failures=0) (action_http_get_request.failures=1) (action_executor_acquired=0) (op_abort=0) (op_xattr_list=0) (op_access.failures=0) (stream_read_operations_incomplete=0) (store_io_retry=0) (op_xattr_get_named_map.failures=0) (committer_commits_aborted=0) (op_get_delegation_token=0) (store_io_request=292) (op_list_files=0) (op_is_file.failures=0) (committer_jobs_completed=0) (stream_read_closed=3) (files_delete_rejected=0) (stream_write_bytes=1638400) (op_rename.failures=0) (multipart_upload_abort_under_path_invoked=0) (directories_deleted=0) (action_http_get_request=23) (op_xattr_get_named.failures=0) (stream_read_remote_stream_aborted.failures=0) (stream_read_bytes_backwards_on_seek=0) (fake_directories_deleted=25) (stream_read_seek_bytes_skipped=0) (fake_directories_created=0) (stream_write_block_uploads_committed=0) (op_abort.failures=0) (op_copy_from_local_file=0) (stream_write_total_time=0) (committer_load_single_pending_file.failures=0) (object_multipart_aborted=0) (op_is_file=0) (audit_span_creation=97) (op_get_file_checksum.failures=0) (object_put_request_completed=50) (object_bulk_delete_request=50) (committer_magic_marker_put=0) (stream_read_version_mismatches=0) (object_multipart_initiated.failures=0) (committer_commit_job.failures=0) (op_list_status=0) (stream_write_block_uploads=25) (stream_read_close_operations=20) (committer_commit_job=0));
gauges=((stream_read_active_prefetch_operations=0) (stream_write_block_uploads_pending=25) (object_put_request_active=0) (stream_read_blocks_in_cache=0) (stream_write_block_uploads_data_pending=0) (client_side_encryption_enabled=0) (stream_read_active_memory_in_use=0) (stream_write_block_uploads_active=0) (object_put_bytes_pending=0));
minimums=((store_exists_probe.failures.min=-1) (op_is_directory.min=-1) (op_list_files.min=-1) (object_bulk_delete_request.min=4) (op_glob_status.min=-1) (op_get_delegation_token.min=-1) (op_delete.failures.min=-1) (op_is_file.failures.min=-1) (op_xattr_get_named.min=-1) (op_glob_status.failures.min=-1) (op_createfile.failures.min=-1) (op_rename.min=-1) (delegation_tokens_issued.min=-1) (committer_stage_file_upload.failures.min=-1) (op_mkdirs.min=13) (object_bulk_delete_request.failures.min=-1) (object_delete_request.min=-1) (op_xattr_list.failures.min=-1) (op_create.min=5) (object_put_request.min=15) (op_copy_from_local_file.failures.min=-1) (stream_read_remote_stream_aborted.failures.min=-1) (object_multipart_initiated.failures.min=-1) (action_http_get_request.min=7) (op_list_status.min=-1) (op_mkdirs.failures.min=-1) (store_exists_probe.min=-1) (action_http_head_request.min=2) (op_get_file_checksum.failures.min=-1) (committer_materialize_file.min=-1) (committer_commit_job.min=-1) (op_abort.failures.min=-1) (action_file_opened.min=4) (object_continue_list_request.min=-1) (committer_commit_job.failures.min=-1) (op_abort.min=-1) (op_create.failures.min=-1) (committer_magic_marker_put.min=-1) (op_xattr_get_named.failures.min=-1) (committer_load_single_pending_file.failures.min=-1) (op_list_status.failures.min=-1) (op_get_file_checksum.min=-1) (object_list_request.failures.min=-1) (op_get_content_summary.failures.min=-1) (op_xattr_get_named_map.failures.min=-1) (op_rename.failures.min=-1) (action_file_opened.failures.min=-1) (object_multipart_initiated.min=-1) (action_http_head_request.failures.min=-1) (committer_load_single_pending_file.min=-1) (multipart_upload_list.min=-1) (op_is_directory.failures.min=-1) (op_access.failures.min=-1) (object_list_request.min=4) (stream_read_remote_stream_drain.min=3) (action_executor_acquired.min=-1) (op_xattr_get_map.failures.min=-1) (object_delete_request.failures.min=-1) (op_get_file_status.failures.min=-1) (multipart_upload_list.failures.min=-1) (op_list_files.failures.min=-1) (op_get_file_status.min=5) (op_is_file.min=-1) (committer_magic_marker_put.failures.min=-1) (committer_stage_file_upload.min=-1) (op_exists.min=-1) (op_delete.min=18) (delegation_tokens_issued.failures.min=-1) (object_multipart_aborted.min=-1) (stream_read_remote_stream_drain.failures.min=-1) (object_put_request.failures.min=-1) (op_access.min=-1) (op_get_content_summary.min=-1) (stream_write_queue_duration.failures.min=-1) (object_continue_list_request.failures.min=-1) (stream_write_queue_duration.min=-1) (op_createfile.min=-1) (committer_materialize_file.failures.min=-1) (op_copy_from_local_file.min=-1) (op_xattr_get_map.min=-1) (action_http_get_request.failures.min=0) (action_executor_acquired.failures.min=-1) (stream_read_remote_stream_aborted.min=-1) (op_xattr_get_named_map.min=-1) (op_get_delegation_token.failures.min=-1) (op_xattr_list.min=-1) (object_multipart_aborted.failures.min=-1) (op_exists.failures.min=-1));
maximums=((object_continue_list_request.failures.max=-1) (multipart_upload_list.failures.max=-1) (op_get_content_summary.failures.max=-1) (op_exists.max=-1) (committer_load_single_pending_file.max=-1) (committer_materialize_file.max=-1) (action_file_opened.failures.max=-1) (op_get_content_summary.max=-1) (op_access.failures.max=-1) (action_executor_acquired.failures.max=-1) (object_multipart_initiated.failures.max=-1) (op_copy_from_local_file.max=-1) (action_http_get_request.failures.max=0) (committer_stage_file_upload.max=-1) (stream_read_remote_stream_aborted.max=-1) (op_create.max=59) (op_abort.max=-1) (object_delete_request.failures.max=-1) (stream_write_queue_duration.max=-1) (object_continue_list_request.max=-1) (op_get_delegation_token.max=-1) (committer_magic_marker_put.max=-1) (op_delete.max=81) (op_is_directory.max=-1) (stream_read_remote_stream_aborted.failures.max=-1) (op_xattr_get_named_map.max=-1) (stream_read_remote_stream_drain.max=3) (op_glob_status.max=-1) (committer_commit_job.max=-1) (action_http_get_request.max=35) (committer_commit_job.failures.max=-1) (op_xattr_list.max=-1) (op_is_file.max=-1) (op_glob_status.failures.max=-1) (delegation_tokens_issued.max=-1) (store_exists_probe.failures.max=-1) (object_delete_request.max=-1) (multipart_upload_list.max=-1) (store_exists_probe.max=-1) (op_xattr_get_named.max=-1) (op_list_status.failures.max=-1) (op_get_delegation_token.failures.max=-1) (op_get_file_status.failures.max=-1) (op_is_directory.failures.max=-1) (op_get_file_checksum.max=-1) (action_http_head_request.max=18) (op_list_status.max=-1) (op_xattr_get_map.max=-1) (op_mkdirs.failures.max=-1) (committer_load_single_pending_file.failures.max=-1) (op_mkdirs.max=322) (op_abort.failures.max=-1) (committer_materialize_file.failures.max=-1) (stream_write_queue_duration.failures.max=-1) (action_executor_acquired.max=-1) (stream_read_remote_stream_drain.failures.max=-1) (object_list_request.max=220) (op_create.failures.max=-1) (op_xattr_get_named.failures.max=-1) (op_list_files.failures.max=-1) (object_bulk_delete_request.max=16) (op_createfile.max=-1) (object_put_request.max=63) (action_http_head_request.failures.max=-1) (op_delete.failures.max=-1) (op_rename.max=-1) (action_file_opened.max=8) (op_xattr_get_map.failures.max=-1) (committer_stage_file_upload.failures.max=-1) (object_multipart_aborted.max=-1) (op_get_file_status.max=5) (committer_magic_marker_put.failures.max=-1) (object_multipart_aborted.failures.max=-1) (op_xattr_list.failures.max=-1) (op_get_file_checksum.failures.max=-1) (object_put_request.failures.max=-1) (object_bulk_delete_request.failures.max=-1) (op_copy_from_local_file.failures.max=-1) (op_exists.failures.max=-1) (object_list_request.failures.max=-1) (op_xattr_get_named_map.failures.max=-1) (op_rename.failures.max=-1) (op_createfile.failures.max=-1) (op_access.max=-1) (op_is_file.failures.max=-1) (object_multipart_initiated.max=-1) (op_list_files.max=-1) (delegation_tokens_issued.failures.max=-1));
means=((store_exists_probe.failures.mean=(samples=0, sum=0, mean=0.0000)) (committer_materialize_file.failures.mean=(samples=0, sum=0, mean=0.0000)) (committer_stage_file_upload.mean=(samples=0, sum=0, mean=0.0000)) (op_xattr_get_map.failures.mean=(samples=0, sum=0, mean=0.0000)) (op_copy_from_local_file.failures.mean=(samples=0, sum=0, mean=0.0000)) (multipart_upload_list.mean=(samples=0, sum=0, mean=0.0000)) (action_executor_acquired.failures.mean=(samples=0, sum=0, mean=0.0000)) (object_multipart_aborted.mean=(samples=0, sum=0, mean=0.0000)) (action_http_head_request.failures.mean=(samples=0, sum=0, mean=0.0000)) (op_exists.failures.mean=(samples=0, sum=0, mean=0.0000)) (committer_stage_file_upload.failures.mean=(samples=0, sum=0, mean=0.0000)) (object_bulk_delete_request.mean=(samples=50, sum=351, mean=7.0200)) (op_list_files.failures.mean=(samples=0, sum=0, mean=0.0000)) (object_list_request.mean=(samples=100, sum=969, mean=9.6900)) (object_bulk_delete_request.failures.mean=(samples=0, sum=0, mean=0.0000)) (object_put_request.mean=(samples=50, sum=714, mean=14.2800)) (op_get_delegation_token.mean=(samples=0, sum=0, mean=0.0000)) (op_exists.mean=(samples=0, sum=0, mean=0.0000)) (op_is_directory.mean=(samples=0, sum=0, mean=0.0000)) (object_continue_list_request.mean=(samples=0, sum=0, mean=0.0000)) (op_createfile.mean=(samples=0, sum=0, mean=0.0000)) (stream_write_queue_duration.mean=(samples=0, sum=0, mean=0.0000)) (op_abort.failures.mean=(samples=0, sum=0, mean=0.0000)) (object_continue_list_request.failures.mean=(samples=0, sum=0, mean=0.0000)) (op_is_file.mean=(samples=0, sum=0, mean=0.0000)) (action_http_get_request.failures.mean=(samples=1, sum=0, mean=0.0000)) (op_xattr_get_named_map.mean=(samples=0, sum=0, mean=0.0000)) (op_mkdirs.failures.mean=(samples=0, sum=0, mean=0.0000)) (op_list_status.mean=(samples=0, sum=0, mean=0.0000)) (op_create.mean=(samples=25, sum=275, mean=11.0000)) (object_multipart_initiated.mean=(samples=0, sum=0, mean=0.0000)) (committer_magic_marker_put.failures.mean=(samples=0, sum=0, mean=0.0000)) (object_put_request.failures.mean=(samples=0, sum=0, mean=0.0000)) (op_xattr_get_named.mean=(samples=0, sum=0, mean=0.0000)) (op_createfile.failures.mean=(samples=0, sum=0, mean=0.0000)) (action_file_opened.failures.mean=(samples=0, sum=0, mean=0.0000)) (op_xattr_list.failures.mean=(samples=0, sum=0, mean=0.0000)) (multipart_upload_list.failures.mean=(samples=0, sum=0, mean=0.0000)) (op_xattr_list.mean=(samples=0, sum=0, mean=0.0000)) (op_glob_status.failures.mean=(samples=0, sum=0, mean=0.0000)) (store_exists_probe.mean=(samples=0, sum=0, mean=0.0000)) (op_get_file_status.failures.mean=(samples=0, sum=0, mean=0.0000)) (committer_load_single_pending_file.mean=(samples=0, sum=0, mean=0.0000)) (committer_load_single_pending_file.failures.mean=(samples=0, sum=0, mean=0.0000)) (op_get_file_checksum.mean=(samples=0, sum=0, mean=0.0000)) (op_create.failures.mean=(samples=0, sum=0, mean=0.0000)) (op_rename.mean=(samples=0, sum=0, mean=0.0000)) (op_xattr_get_named.failures.mean=(samples=0, sum=0, mean=0.0000)) (op_get_content_summary.mean=(samples=0, sum=0, mean=0.0000)) (op_xattr_get_map.mean=(samples=0, sum=0, mean=0.0000)) (op_get_delegation_token.failures.mean=(samples=0, sum=0, mean=0.0000)) (action_http_get_request.mean=(samples=22, sum=272, mean=12.3636)) (object_delete_request.mean=(samples=0, sum=0, mean=0.0000)) (object_delete_request.failures.mean=(samples=0, sum=0, mean=0.0000)) (op_xattr_get_named_map.failures.mean=(samples=0, sum=0, mean=0.0000)) (op_access.failures.mean=(samples=0, sum=0, mean=0.0000)) (op_glob_status.mean=(samples=0, sum=0, mean=0.0000)) (stream_read_remote_stream_aborted.failures.mean=(samples=0, sum=0, mean=0.0000)) (stream_read_remote_stream_drain.failures.mean=(samples=0, sum=0, mean=0.0000)) (committer_commit_job.failures.mean=(samples=0, sum=0, mean=0.0000)) (stream_read_remote_stream_aborted.mean=(samples=0, sum=0, mean=0.0000)) (action_executor_acquired.mean=(samples=0, sum=0, mean=0.0000)) (op_list_status.failures.mean=(samples=0, sum=0, mean=0.0000)) (op_is_file.failures.mean=(samples=0, sum=0, mean=0.0000)) (op_get_file_status.mean=(samples=1, sum=5, mean=5.0000)) (op_rename.failures.mean=(samples=0, sum=0, mean=0.0000)) (object_multipart_initiated.failures.mean=(samples=0, sum=0, mean=0.0000)) (op_access.mean=(samples=0, sum=0, mean=0.0000)) (committer_materialize_file.mean=(samples=0, sum=0, mean=0.0000)) (stream_read_remote_stream_drain.mean=(samples=3, sum=5, mean=1.6667)) (object_list_request.failures.mean=(samples=0, sum=0, mean=0.0000)) (op_get_content_summary.failures.mean=(samples=0, sum=0, mean=0.0000)) (op_mkdirs.mean=(samples=25, sum=793, mean=31.7200)) (delegation_tokens_issued.failures.mean=(samples=0, sum=0, mean=0.0000)) (op_delete.mean=(samples=25, sum=827, mean=33.0800)) (stream_write_queue_duration.failures.mean=(samples=0, sum=0, mean=0.0000)) (op_list_files.mean=(samples=0, sum=0, mean=0.0000)) (object_multipart_aborted.failures.mean=(samples=0, sum=0, mean=0.0000)) (op_abort.mean=(samples=0, sum=0, mean=0.0000)) (op_delete.failures.mean=(samples=0, sum=0, mean=0.0000)) (committer_commit_job.mean=(samples=0, sum=0, mean=0.0000)) (op_is_directory.failures.mean=(samples=0, sum=0, mean=0.0000)) (action_http_head_request.mean=(samples=70, sum=274, mean=3.9143)) (op_get_file_checksum.failures.mean=(samples=0, sum=0, mean=0.0000)) (op_copy_from_local_file.mean=(samples=0, sum=0, mean=0.0000)) (action_file_opened.mean=(samples=20, sum=85, mean=4.2500)) (delegation_tokens_issued.mean=(samples=0, sum=0, mean=0.0000)) (committer_magic_marker_put.mean=(samples=0, sum=0, mean=0.0000)));
}}, ClientSideEncryption=false}
2024-11-16 17:27:14,892 [setup] DEBUG impl.MkdirOperation (MkdirOperation.java:execute(94)) - Making directory: s3a://fso-bucket/test
2024-11-16 17:27:14,892 [setup] DEBUG s3a.S3AFileSystem (S3AFileSystem.java:innerGetFileStatus(3650)) - Getting path status for s3a://fso-bucket/test  (test); needEmptyDirectory=false
2024-11-16 17:27:14,892 [setup] DEBUG s3a.S3AFileSystem (S3AFileSystem.java:s3GetFileStatus(3709)) - S3GetFileStatus s3a://fso-bucket/test
2024-11-16 17:27:14,892 [setup] DEBUG s3a.S3AFileSystem (S3AFileSystem.java:listObjects(2702)) - LIST List fso-bucket:/test/ delimiter=/ keys=2 requester pays=false
2024-11-16 17:27:14,892 [setup] DEBUG s3a.S3AFileSystem (DurationInfo.java:<init>(80)) - Starting: LIST
2024-11-16 17:27:14,892 [setup] DEBUG impl.LoggingAuditor (LoggingAuditor.java:beforeExecution(377)) - [177] 7e97a6d8-7327-4498-b810-970ff58cc2e3-00000122 Executing op_mkdirs with {object_list_request 'test/' size=2, mutating=false}; https://audit.example.org/hadoop/1/op_mkdirs/7e97a6d8-7327-4498-b810-970ff58cc2e3-00000122/?op=op_mkdirs&p1=test&pr=runner&ps=15303681-db1e-4fd6-a42e-5922d56c03fa&id=7e97a6d8-7327-4498-b810-970ff58cc2e3-00000122&t0=177&fs=7e97a6d8-7327-4498-b810-970ff58cc2e3&t1=177&ts=1731778034891
2024-11-16 17:27:14,898 [setup] DEBUG s3a.S3AFileSystem (DurationInfo.java:close(101)) - LIST: duration 0:00.006s
2024-11-16 17:27:14,898 [setup] DEBUG s3a.S3AFileSystem (S3AFileSystem.java:s3GetFileStatus(3800)) - Not Found: s3a://fso-bucket/test
2024-11-16 17:27:14,898 [setup] DEBUG s3a.S3AFileSystem (S3AFileSystem.java:innerGetFileStatus(3650)) - Getting path status for s3a://fso-bucket/test  (test); needEmptyDirectory=false
2024-11-16 17:27:14,898 [setup] DEBUG s3a.S3AFileSystem (S3AFileSystem.java:s3GetFileStatus(3709)) - S3GetFileStatus s3a://fso-bucket/test
2024-11-16 17:27:14,898 [setup] DEBUG s3a.S3AFileSystem (S3AFileSystem.java:lambda$getObjectMetadata$11(2661)) - HEAD test with change tracker null
2024-11-16 17:27:14,898 [setup] DEBUG impl.LoggingAuditor (LoggingAuditor.java:beforeExecution(377)) - [177] 7e97a6d8-7327-4498-b810-970ff58cc2e3-00000122 Executing op_mkdirs with {action_http_head_request 'test' size=0, mutating=false}; https://audit.example.org/hadoop/1/op_mkdirs/7e97a6d8-7327-4498-b810-970ff58cc2e3-00000122/?op=op_mkdirs&p1=test&pr=runner&ps=15303681-db1e-4fd6-a42e-5922d56c03fa&id=7e97a6d8-7327-4498-b810-970ff58cc2e3-00000122&t0=177&fs=7e97a6d8-7327-4498-b810-970ff58cc2e3&t1=177&ts=1731778034891
2024-11-16 17:27:14,901 [setup] DEBUG s3a.S3AFileSystem (S3AFileSystem.java:s3GetFileStatus(3800)) - Not Found: s3a://fso-bucket/test
2024-11-16 17:27:14,901 [setup] DEBUG s3a.Invoker (DurationInfo.java:<init>(80)) - Starting: PUT 0-byte object 
2024-11-16 17:27:14,901 [setup] DEBUG s3a.S3AFileSystem (S3AFileSystem.java:putObjectDirect(2987)) - PUT 0 bytes to test/
2024-11-16 17:27:14,901 [setup] DEBUG s3a.S3AFileSystem (S3AFileSystem.java:incrementPutStartStatistics(3060)) - PUT start 0 bytes
2024-11-16 17:27:14,902 [setup] DEBUG impl.LoggingAuditor (LoggingAuditor.java:beforeExecution(377)) - [177] 7e97a6d8-7327-4498-b810-970ff58cc2e3-00000122 Executing op_mkdirs with {object_put_request 'test/' size=0, mutating=true}; https://audit.example.org/hadoop/1/op_mkdirs/7e97a6d8-7327-4498-b810-970ff58cc2e3-00000122/?op=op_mkdirs&p1=test&pr=runner&ps=15303681-db1e-4fd6-a42e-5922d56c03fa&id=7e97a6d8-7327-4498-b810-970ff58cc2e3-00000122&t0=177&fs=7e97a6d8-7327-4498-b810-970ff58cc2e3&t1=177&ts=1731778034891
2024-11-16 17:27:14,906 [setup] DEBUG s3a.S3AFileSystem (S3AFileSystem.java:incrementPutCompletedStatistics(3076)) - PUT completed success=true; 0 bytes
2024-11-16 17:27:14,907 [setup] DEBUG s3a.S3AFileSystem (S3AFileSystem.java:finishedWrite(4360)) - Finished write to test/, len 0. etag null, version null
2024-11-16 17:27:14,907 [setup] DEBUG s3a.Invoker (DurationInfo.java:close(101)) - PUT 0-byte object : duration 0:00.006s
2024-11-16 17:27:14,907 [setup] DEBUG S3AFileSystem.Progress (S3AFileSystem.java:incrementPutProgressStatistics(3093)) - PUT test: 0 bytes
2024-11-16 17:27:14,907 [setup] DEBUG s3a.S3AFileSystem (S3AFileSystem.java:innerGetFileStatus(3650)) - Getting path status for s3a://fso-bucket/test/vectored_file.txt  (test/vectored_file.txt); needEmptyDirectory=false
2024-11-16 17:27:14,908 [setup] DEBUG s3a.S3AFileSystem (S3AFileSystem.java:s3GetFileStatus(3709)) - S3GetFileStatus s3a://fso-bucket/test/vectored_file.txt
2024-11-16 17:27:14,908 [setup] DEBUG s3a.S3AFileSystem (S3AFileSystem.java:listObjects(2702)) - LIST List fso-bucket:/test/vectored_file.txt/ delimiter=/ keys=2 requester pays=false
2024-11-16 17:27:14,908 [setup] DEBUG s3a.S3AFileSystem (DurationInfo.java:<init>(80)) - Starting: LIST
2024-11-16 17:27:14,908 [setup] DEBUG impl.LoggingAuditor (LoggingAuditor.java:beforeExecution(377)) - [177] 7e97a6d8-7327-4498-b810-970ff58cc2e3-00000123 Executing op_create with {object_list_request 'test/vectored_file.txt/' size=2, mutating=false}; https://audit.example.org/hadoop/1/op_create/7e97a6d8-7327-4498-b810-970ff58cc2e3-00000123/?op=op_create&p1=test/vectored_file.txt&pr=runner&ps=15303681-db1e-4fd6-a42e-5922d56c03fa&id=7e97a6d8-7327-4498-b810-970ff58cc2e3-00000123&t0=177&fs=7e97a6d8-7327-4498-b810-970ff58cc2e3&t1=177&ts=1731778034907
2024-11-16 17:27:14,914 [setup] DEBUG s3a.S3AFileSystem (DurationInfo.java:close(101)) - LIST: duration 0:00.006s
2024-11-16 17:27:14,914 [setup] DEBUG s3a.S3AFileSystem (S3AFileSystem.java:s3GetFileStatus(3800)) - Not Found: s3a://fso-bucket/test/vectored_file.txt
2024-11-16 17:27:14,914 [setup] DEBUG s3a.S3ARetryPolicy (S3ARetryPolicy.java:<init>(132)) - Retrying on recoverable AWS failures 7 times with an initial interval of 500ms
2024-11-16 17:27:14,914 [setup] DEBUG s3a.S3ABlockOutputStream (S3ABlockOutputStream.java:<init>(218)) - Initialized S3ABlockOutputStream for test/vectored_file.txt output to FileBlock{index=1, destFile=/home/runner/work/ozone/ozone/target/hadoop-src/target/tmp/s3a/s3ablock-0001-9457755573920326910.tmp, state=Writing, dataSize=0, limit=67108864}
2024-11-16 17:27:14,915 [setup] DEBUG s3a.S3ABlockOutputStream (S3ABlockOutputStream.java:close(417)) - S3ABlockOutputStream{WriteOperationHelper {bucket=fso-bucket}, blockSize=67108864, isMultipartUploadEnabled=true, activeBlock=FileBlock{index=1, destFile=/home/runner/work/ozone/ozone/target/hadoop-src/target/tmp/s3a/s3ablock-0001-9457755573920326910.tmp, state=Writing, dataSize=65536, limit=67108864} Statistics=counters=((stream_write_total_time=0) (op_hsync=0) (action_executor_acquired=0) (stream_write_total_data=0) (op_hflush=0) (op_abort=0) (object_multipart_initiated=0) (stream_write_exceptions=0) (stream_write_bytes=65536) (committer_magic_marker_put.failures=0) (multipart_upload_part_put=0) (action_executor_acquired.failures=0) (stream_write_exceptions_completing_upload=0) (object_put_request.failures=0) (stream_write_queue_duration=0) (multipart_upload_completed.failures=0) (multipart_upload_completed=0) (object_multipart_aborted.failures=0) (object_multipart_initiated.failures=0) (stream_write_block_uploads=0) (object_multipart_aborted=0) (op_abort.failures=0) (committer_magic_marker_put=0) (multipart_upload_part_put.failures=0) (object_put_request=0));
gauges=((stream_write_block_uploads_pending=0) (stream_write_block_uploads_data_pending=0));
minimums=((object_put_request.min=-1) (multipart_upload_part_put.min=-1) (object_multipart_aborted.failures.min=-1) (multipart_upload_completed.failures.min=-1) (op_abort.failures.min=-1) (multipart_upload_completed.min=-1) (committer_magic_marker_put.failures.min=-1) (object_put_request.failures.min=-1) (action_executor_acquired.min=-1) (multipart_upload_part_put.failures.min=-1) (op_abort.min=-1) (committer_magic_marker_put.min=-1) (object_multipart_initiated.failures.min=-1) (action_executor_acquired.failures.min=-1) (object_multipart_aborted.min=-1) (object_multipart_initiated.min=-1));
maximums=((op_abort.failures.max=-1) (action_executor_acquired.failures.max=-1) (committer_magic_marker_put.failures.max=-1) (multipart_upload_completed.max=-1) (op_abort.max=-1) (multipart_upload_part_put.max=-1) (object_multipart_aborted.failures.max=-1) (object_multipart_aborted.max=-1) (object_multipart_initiated.failures.max=-1) (object_put_request.max=-1) (multipart_upload_part_put.failures.max=-1) (committer_magic_marker_put.max=-1) (object_put_request.failures.max=-1) (multipart_upload_completed.failures.max=-1) (object_multipart_initiated.max=-1) (action_executor_acquired.max=-1));
means=((object_put_request.failures.mean=(samples=0, sum=0, mean=0.0000)) (multipart_upload_part_put.mean=(samples=0, sum=0, mean=0.0000)) (multipart_upload_completed.failures.mean=(samples=0, sum=0, mean=0.0000)) (action_executor_acquired.failures.mean=(samples=0, sum=0, mean=0.0000)) (object_multipart_initiated.mean=(samples=0, sum=0, mean=0.0000)) (object_multipart_aborted.mean=(samples=0, sum=0, mean=0.0000)) (object_multipart_initiated.failures.mean=(samples=0, sum=0, mean=0.0000)) (action_executor_acquired.mean=(samples=0, sum=0, mean=0.0000)) (op_abort.failures.mean=(samples=0, sum=0, mean=0.0000)) (committer_magic_marker_put.failures.mean=(samples=0, sum=0, mean=0.0000)) (multipart_upload_part_put.failures.mean=(samples=0, sum=0, mean=0.0000)) (object_put_request.mean=(samples=0, sum=0, mean=0.0000)) (committer_magic_marker_put.mean=(samples=0, sum=0, mean=0.0000)) (multipart_upload_completed.mean=(samples=0, sum=0, mean=0.0000)) (object_multipart_aborted.failures.mean=(samples=0, sum=0, mean=0.0000)) (op_abort.mean=(samples=0, sum=0, mean=0.0000)));
}: Closing block #1: current block= FileBlock{index=1, destFile=/home/runner/work/ozone/ozone/target/hadoop-src/target/tmp/s3a/s3ablock-0001-9457755573920326910.tmp, state=Writing, dataSize=65536, limit=67108864}
2024-11-16 17:27:14,915 [setup] DEBUG s3a.S3ABlockOutputStream (S3ABlockOutputStream.java:putObject(592)) - Executing regular upload for WriteOperationHelper {bucket=fso-bucket}
2024-11-16 17:27:14,915 [setup] DEBUG s3a.S3ADataBlocks (S3ADataBlocks.java:startUpload(325)) - Start datablock[1] upload
2024-11-16 17:27:14,915 [setup] DEBUG s3a.S3ADataBlocks (S3ADataBlocks.java:enterState(232)) - FileBlock{index=1, destFile=/home/runner/work/ozone/ozone/target/hadoop-src/target/tmp/s3a/s3ablock-0001-9457755573920326910.tmp, state=Writing, dataSize=65536, limit=67108864}: entering state Upload
2024-11-16 17:27:14,915 [setup] DEBUG s3a.S3ABlockOutputStream (S3ABlockOutputStream.java:clearActiveBlock(261)) - Clearing active block
2024-11-16 17:27:14,915 [s3a-transfer-fso-bucket-bounded-pool1-t8] DEBUG s3a.Invoker (DurationInfo.java:<init>(80)) - Starting: Writing Object
2024-11-16 17:27:14,916 [s3a-transfer-fso-bucket-bounded-pool1-t8] DEBUG s3a.S3AFileSystem (S3AFileSystem.java:putObjectDirect(2987)) - PUT 65536 bytes to test/vectored_file.txt
2024-11-16 17:27:14,916 [s3a-transfer-fso-bucket-bounded-pool1-t8] DEBUG s3a.S3AFileSystem (S3AFileSystem.java:incrementPutStartStatistics(3060)) - PUT start 65536 bytes
2024-11-16 17:27:14,916 [s3a-transfer-fso-bucket-bounded-pool1-t8] DEBUG impl.LoggingAuditor (LoggingAuditor.java:beforeExecution(377)) - [47] 7e97a6d8-7327-4498-b810-970ff58cc2e3-00000123 Executing op_create with {object_put_request 'test/vectored_file.txt' size=0, mutating=true}; https://audit.example.org/hadoop/1/op_create/7e97a6d8-7327-4498-b810-970ff58cc2e3-00000123/?op=op_create&p1=test/vectored_file.txt&pr=runner&ps=15303681-db1e-4fd6-a42e-5922d56c03fa&id=7e97a6d8-7327-4498-b810-970ff58cc2e3-00000123&t0=177&fs=7e97a6d8-7327-4498-b810-970ff58cc2e3&t1=47&ts=1731778034907
2024-11-16 17:27:14,933 [s3a-transfer-fso-bucket-bounded-pool1-t8] DEBUG s3a.S3AFileSystem (S3AFileSystem.java:incrementPutCompletedStatistics(3076)) - PUT completed success=true; 65536 bytes
2024-11-16 17:27:14,933 [s3a-transfer-fso-bucket-bounded-pool1-t8] DEBUG s3a.S3AFileSystem (S3AFileSystem.java:finishedWrite(4360)) - Finished write to test/vectored_file.txt, len 65536. etag 99927cfeffe4c5eaac4c81fd18232f13, version null
2024-11-16 17:27:14,933 [s3a-transfer-fso-bucket-bounded-pool1-t8] DEBUG s3a.Invoker (DurationInfo.java:close(101)) - Writing Object: duration 0:00.018s
2024-11-16 17:27:14,933 [s3a-transfer-fso-bucket-bounded-pool1-t8] DEBUG s3a.S3ADataBlocks (S3ADataBlocks.java:enterState(232)) - FileBlock{index=1, destFile=/home/runner/work/ozone/ozone/target/hadoop-src/target/tmp/s3a/s3ablock-0001-9457755573920326910.tmp, state=Upload, dataSize=65536, limit=67108864}: entering state Closed
2024-11-16 17:27:14,934 [s3a-transfer-fso-bucket-bounded-pool1-t8] DEBUG s3a.S3ADataBlocks (S3ADataBlocks.java:close(347)) - Closed FileBlock{index=1, destFile=/home/runner/work/ozone/ozone/target/hadoop-src/target/tmp/s3a/s3ablock-0001-9457755573920326910.tmp, state=Closed, dataSize=65536, limit=67108864}
2024-11-16 17:27:14,934 [s3a-transfer-fso-bucket-bounded-pool1-t8] DEBUG s3a.S3ADataBlocks (S3ADataBlocks.java:innerClose(913)) - Closing FileBlock{index=1, destFile=/home/runner/work/ozone/ozone/target/hadoop-src/target/tmp/s3a/s3ablock-0001-9457755573920326910.tmp, state=Closed, dataSize=65536, limit=67108864}
2024-11-16 17:27:14,934 [s3a-transfer-fso-bucket-bounded-pool1-t8] DEBUG s3a.S3ADataBlocks (S3ADataBlocks.java:closeBlock(967)) - block[1]: closeBlock()
2024-11-16 17:27:14,934 [setup] DEBUG s3a.S3ABlockOutputStream (S3ABlockOutputStream.java:close(460)) - Upload complete to test/vectored_file.txt by WriteOperationHelper {bucket=fso-bucket}
2024-11-16 17:27:14,935 [setup] DEBUG s3a.S3ABlockOutputStream (S3ABlockOutputStream.java:cleanupOnClose(484)) - Statistics: OutputStreamStatistics{counters=((stream_write_total_data=65536) (op_abort=0) (object_multipart_aborted.failures=0) (stream_write_bytes=65536) (multipart_upload_part_put=0) (action_executor_acquired.failures=0) (object_multipart_initiated.failures=0) (stream_write_exceptions_completing_upload=0) (stream_write_exceptions=0) (stream_write_queue_duration=0) (op_hflush=0) (object_multipart_aborted=0) (committer_magic_marker_put.failures=0) (committer_magic_marker_put=0) (multipart_upload_part_put.failures=0) (stream_write_block_uploads=1) (object_put_request.failures=0) (object_put_request=1) (action_executor_acquired=0) (stream_write_total_time=0) (object_multipart_initiated=0) (op_abort.failures=0) (multipart_upload_completed=0) (op_hsync=0) (multipart_upload_completed.failures=0));
gauges=((stream_write_block_uploads_pending=1) (stream_write_block_uploads_data_pending=0));
minimums=((multipart_upload_completed.failures.min=-1) (object_multipart_initiated.min=-1) (object_put_request.failures.min=-1) (object_multipart_initiated.failures.min=-1) (op_abort.failures.min=-1) (committer_magic_marker_put.min=-1) (committer_magic_marker_put.failures.min=-1) (object_put_request.min=17) (multipart_upload_part_put.min=-1) (op_abort.min=-1) (object_multipart_aborted.failures.min=-1) (action_executor_acquired.min=-1) (object_multipart_aborted.min=-1) (multipart_upload_completed.min=-1) (multipart_upload_part_put.failures.min=-1) (action_executor_acquired.failures.min=-1));
maximums=((object_multipart_initiated.failures.max=-1) (multipart_upload_part_put.max=-1) (multipart_upload_completed.max=-1) (object_multipart_aborted.max=-1) (op_abort.max=-1) (action_executor_acquired.failures.max=-1) (multipart_upload_part_put.failures.max=-1) (multipart_upload_completed.failures.max=-1) (action_executor_acquired.max=-1) (op_abort.failures.max=-1) (object_multipart_initiated.max=-1) (object_multipart_aborted.failures.max=-1) (object_put_request.failures.max=-1) (committer_magic_marker_put.max=-1) (object_put_request.max=17) (committer_magic_marker_put.failures.max=-1));
means=((action_executor_acquired.failures.mean=(samples=0, sum=0, mean=0.0000)) (object_multipart_aborted.failures.mean=(samples=0, sum=0, mean=0.0000)) (action_executor_acquired.mean=(samples=0, sum=0, mean=0.0000)) (object_multipart_initiated.mean=(samples=0, sum=0, mean=0.0000)) (multipart_upload_part_put.failures.mean=(samples=0, sum=0, mean=0.0000)) (object_multipart_aborted.mean=(samples=0, sum=0, mean=0.0000)) (committer_magic_marker_put.failures.mean=(samples=0, sum=0, mean=0.0000)) (op_abort.mean=(samples=0, sum=0, mean=0.0000)) (object_multipart_initiated.failures.mean=(samples=0, sum=0, mean=0.0000)) (object_put_request.mean=(samples=1, sum=17, mean=17.0000)) (committer_magic_marker_put.mean=(samples=0, sum=0, mean=0.0000)) (object_put_request.failures.mean=(samples=0, sum=0, mean=0.0000)) (multipart_upload_part_put.mean=(samples=0, sum=0, mean=0.0000)) (multipart_upload_completed.mean=(samples=0, sum=0, mean=0.0000)) (op_abort.failures.mean=(samples=0, sum=0, mean=0.0000)) (multipart_upload_completed.failures.mean=(samples=0, sum=0, mean=0.0000)));
, blocksActive=0, blockUploadsCompleted=0, blocksAllocated=1, blocksReleased=1, blocksActivelyAllocated=0, transferDuration=0 ms, totalUploadDuration=0 ms, effectiveBandwidth=0.0 bytes/s}
2024-11-16 17:27:14,935 [setup] DEBUG s3a.S3ABlockOutputStream (S3ABlockOutputStream.java:close(412)) - Ignoring close() as stream is already closed
2024-11-16 17:27:14,935 [JUnit-testStopVectoredIoOperationsCloseStream[Buffer type : array]] DEBUG s3a.S3AFileSystem (S3AFileSystem.java:innerGetFileStatus(3650)) - Getting path status for s3a://fso-bucket/test/vectored_file.txt  (test/vectored_file.txt); needEmptyDirectory=false
2024-11-16 17:27:14,936 [JUnit-testStopVectoredIoOperationsCloseStream[Buffer type : array]] DEBUG s3a.S3AFileSystem (S3AFileSystem.java:s3GetFileStatus(3709)) - S3GetFileStatus s3a://fso-bucket/test/vectored_file.txt
2024-11-16 17:27:14,936 [JUnit-testStopVectoredIoOperationsCloseStream[Buffer type : array]] DEBUG s3a.S3AFileSystem (S3AFileSystem.java:lambda$getObjectMetadata$11(2661)) - HEAD test/vectored_file.txt with change tracker null
2024-11-16 17:27:14,936 [JUnit-testStopVectoredIoOperationsCloseStream[Buffer type : array]] DEBUG impl.LoggingAuditor (LoggingAuditor.java:beforeExecution(377)) - [177] 7e97a6d8-7327-4498-b810-970ff58cc2e3-00000124 Executing op_open with {action_http_head_request 'test/vectored_file.txt' size=0, mutating=false}; https://audit.example.org/hadoop/1/op_open/7e97a6d8-7327-4498-b810-970ff58cc2e3-00000124/?op=op_open&p1=test/vectored_file.txt&pr=runner&ps=15303681-db1e-4fd6-a42e-5922d56c03fa&id=7e97a6d8-7327-4498-b810-970ff58cc2e3-00000124&t0=177&fs=7e97a6d8-7327-4498-b810-970ff58cc2e3&t1=177&ts=1731778034935
2024-11-16 17:27:14,939 [JUnit-testStopVectoredIoOperationsCloseStream[Buffer type : array]] DEBUG s3a.S3AFileSystem (S3AFileSystem.java:s3GetFileStatus(3725)) - Found exact file: normal file test/vectored_file.txt
2024-11-16 17:27:14,939 [JUnit-testStopVectoredIoOperationsCloseStream[Buffer type : array]] DEBUG s3a.S3AFileSystem (S3AFileSystem.java:executeOpen(1583)) - Opening 'S3AReadOpContext{path=s3a://fso-bucket/test/vectored_file.txt, inputPolicy=default, readahead=65536, changeDetectionPolicy=ETagChangeDetectionPolicy mode=Server}'
2024-11-16 17:27:14,939 [JUnit-testStopVectoredIoOperationsCloseStream[Buffer type : array]] DEBUG impl.ChangeTracker (ChangeTracker.java:<init>(99)) - Tracker ETagChangeDetectionPolicy mode=Server has revision ID for object at s3a://fso-bucket/test/vectored_file.txt: 99927cfeffe4c5eaac4c81fd18232f13
2024-11-16 17:27:14,939 [JUnit-testStopVectoredIoOperationsCloseStream[Buffer type : array]] DEBUG s3a.S3AInputStream (S3AInputStream.java:readVectored(868)) - Starting vectored read on path s3a://fso-bucket/test/vectored_file.txt for ranges [range[0,100), range[110,160)] 
2024-11-16 17:27:14,939 [JUnit-testStopVectoredIoOperationsCloseStream[Buffer type : array]] DEBUG s3a.S3AInputStream (S3AInputStream.java:readVectored(888)) - Trying to merge the ranges as they are not disjoint
2024-11-16 17:27:14,939 [JUnit-testStopVectoredIoOperationsCloseStream[Buffer type : array]] DEBUG s3a.S3AInputStream (S3AInputStream.java:readVectored(893)) - Number of original ranges size 2 , Number of combined ranges 1 
2024-11-16 17:27:14,939 [JUnit-testStopVectoredIoOperationsCloseStream[Buffer type : array]] DEBUG s3a.S3AInputStream (S3AInputStream.java:readVectored(900)) - Finished submitting vectored read to threadpool on path s3a://fso-bucket/test/vectored_file.txt for ranges [range[0,100), range[110,160)] 
2024-11-16 17:27:14,939 [s3a-transfer-fso-bucket-bounded-pool1-t9] DEBUG s3a.S3AInputStream (S3AInputStream.java:readCombinedRangeAndUpdateChildren(912)) - Start reading combined range range[0,160) from path s3a://fso-bucket/test/vectored_file.txt 
2024-11-16 17:27:14,940 [s3a-transfer-fso-bucket-bounded-pool1-t9] DEBUG impl.ChangeDetectionPolicy (ChangeDetectionPolicy.java:applyRevisionConstraint(353)) - Restricting get request to etag 99927cfeffe4c5eaac4c81fd18232f13
2024-11-16 17:27:14,940 [s3a-transfer-fso-bucket-bounded-pool1-t9] DEBUG s3a.Invoker (DurationInfo.java:<init>(80)) - Starting: readCombinedFileRange
2024-11-16 17:27:14,940 [s3a-transfer-fso-bucket-bounded-pool1-t9] DEBUG impl.LoggingAuditor (LoggingAuditor.java:beforeExecution(377)) - [49] 7e97a6d8-7327-4498-b810-970ff58cc2e3-00000124 Executing op_open with {action_http_get_request 'test/vectored_file.txt' size=159, mutating=false}; https://audit.example.org/hadoop/1/op_open/7e97a6d8-7327-4498-b810-970ff58cc2e3-00000124/?op=op_open&p1=test/vectored_file.txt&pr=runner&ps=15303681-db1e-4fd6-a42e-5922d56c03fa&rg=0-159&id=7e97a6d8-7327-4498-b810-970ff58cc2e3-00000124&t0=177&fs=7e97a6d8-7327-4498-b810-970ff58cc2e3&t1=49&ts=1731778034935
2024-11-16 17:27:14,949 [s3a-transfer-fso-bucket-bounded-pool1-t9] DEBUG s3a.Invoker (DurationInfo.java:close(101)) - readCombinedFileRange: duration 0:00.009s
2024-11-16 17:27:14,949 [s3a-transfer-fso-bucket-bounded-pool1-t9] DEBUG s3a.S3AInputStream (S3AInputStream.java:drainUnnecessaryData(989)) - 10 bytes drained from stream 
2024-11-16 17:27:14,949 [s3a-transfer-fso-bucket-bounded-pool1-t9] DEBUG s3a.S3AInputStream (S3AInputStream.java:readCombinedRangeAndUpdateChildren(931)) - Finished reading range range[0,160) from path s3a://fso-bucket/test/vectored_file.txt 
2024-11-16 17:27:14,962 [JUnit-testStopVectoredIoOperationsCloseStream[Buffer type : array]] DEBUG s3a.S3AInstrumentation (S3AInstrumentation.java:merge(1214)) - Merging statistics into FS statistics in close(): counters=((action_http_get_request=1) (stream_read_bytes_backwards_on_seek=0) (stream_read_vectored_operations=1) (action_file_opened.failures=0) (stream_read_block_acquire_read.failures=0) (stream_read_seek_backward_operations=0) (stream_read_block_read=0) (stream_read_bytes_discarded_in_abort=0) (stream_read_bytes_discarded_in_close=0) (stream_aborted=0) (stream_read_seek_bytes_skipped=0) (stream_read_vectored_incoming_ranges=2) (action_executor_acquired=0) (stream_read_remote_stream_drain=0) (stream_read_block_read.failures=0) (stream_read_closed=0) (stream_read_operations=0) (action_file_opened=1) (stream_read_vectored_read_bytes_discarded=10) (action_executor_acquired.failures=0) (stream_read_operations_incomplete=0) (stream_read_opened=0) (stream_read_remote_stream_aborted.failures=0) (stream_read_total_bytes=150) (stream_read_unbuffered=0) (stream_read_prefetch_operations.failures=0) (stream_read_exceptions=0) (stream_read_close_operations=1) (action_http_get_request.failures=0) (stream_read_remote_stream_aborted=0) (stream_read_seek_policy_changed=1) (stream_read_fully_operations=0) (stream_read_prefetch_operations=0) (stream_read_block_acquire_read=0) (stream_read_seek_operations=0) (stream_read_vectored_combined_ranges=1) (stream_read_remote_stream_drain.failures=0) (stream_read_seek_bytes_discarded=0) (stream_read_bytes=150) (stream_read_seek_forward_operations=0) (stream_read_version_mismatches=0));
gauges=((stream_read_active_memory_in_use=0) (stream_read_blocks_in_cache=0) (stream_read_active_prefetch_operations=0) (stream_read_gauge_input_policy=0));
minimums=((stream_read_remote_stream_aborted.min=-1) (stream_read_prefetch_operations.failures.min=-1) (stream_read_prefetch_operations.min=-1) (stream_read_block_read.min=-1) (stream_read_block_read.failures.min=-1) (stream_read_remote_stream_aborted.failures.min=-1) (action_executor_acquired.failures.min=-1) (stream_read_block_acquire_read.min=-1) (stream_read_block_acquire_read.failures.min=-1) (action_http_get_request.failures.min=-1) (action_file_opened.min=4) (stream_read_remote_stream_drain.min=-1) (action_executor_acquired.min=-1) (action_http_get_request.min=9) (action_file_opened.failures.min=-1) (stream_read_remote_stream_drain.failures.min=-1));
maximums=((stream_read_block_read.max=-1) (action_executor_acquired.max=-1) (action_http_get_request.failures.max=-1) (stream_read_block_read.failures.max=-1) (action_file_opened.max=4) (stream_read_remote_stream_drain.failures.max=-1) (stream_read_prefetch_operations.max=-1) (action_http_get_request.max=9) (action_file_opened.failures.max=-1) (stream_read_block_acquire_read.failures.max=-1) (stream_read_prefetch_operations.failures.max=-1) (action_executor_acquired.failures.max=-1) (stream_read_remote_stream_aborted.max=-1) (stream_read_block_acquire_read.max=-1) (stream_read_remote_stream_aborted.failures.max=-1) (stream_read_remote_stream_drain.max=-1));
means=((action_executor_acquired.failures.mean=(samples=0, sum=0, mean=0.0000)) (action_file_opened.failures.mean=(samples=0, sum=0, mean=0.0000)) (stream_read_remote_stream_drain.failures.mean=(samples=0, sum=0, mean=0.0000)) (stream_read_remote_stream_aborted.mean=(samples=0, sum=0, mean=0.0000)) (action_file_opened.mean=(samples=1, sum=4, mean=4.0000)) (action_http_get_request.mean=(samples=1, sum=9, mean=9.0000)) (stream_read_block_read.failures.mean=(samples=0, sum=0, mean=0.0000)) (stream_read_remote_stream_aborted.failures.mean=(samples=0, sum=0, mean=0.0000)) (stream_read_block_acquire_read.mean=(samples=0, sum=0, mean=0.0000)) (action_http_get_request.failures.mean=(samples=0, sum=0, mean=0.0000)) (stream_read_block_acquire_read.failures.mean=(samples=0, sum=0, mean=0.0000)) (stream_read_prefetch_operations.mean=(samples=0, sum=0, mean=0.0000)) (stream_read_block_read.mean=(samples=0, sum=0, mean=0.0000)) (stream_read_remote_stream_drain.mean=(samples=0, sum=0, mean=0.0000)) (stream_read_prefetch_operations.failures.mean=(samples=0, sum=0, mean=0.0000)) (action_executor_acquired.mean=(samples=0, sum=0, mean=0.0000)));

2024-11-16 17:27:14,964 [teardown] DEBUG s3a.S3AFileSystem (S3AFileSystem.java:innerGetFileStatus(3650)) - Getting path status for s3a://fso-bucket/test  (test); needEmptyDirectory=true
2024-11-16 17:27:14,964 [teardown] DEBUG s3a.S3AFileSystem (S3AFileSystem.java:s3GetFileStatus(3709)) - S3GetFileStatus s3a://fso-bucket/test
2024-11-16 17:27:14,964 [teardown] DEBUG s3a.S3AFileSystem (S3AFileSystem.java:lambda$getObjectMetadata$11(2661)) - HEAD test with change tracker null
2024-11-16 17:27:14,964 [teardown] DEBUG impl.LoggingAuditor (LoggingAuditor.java:beforeExecution(377)) - [177] 7e97a6d8-7327-4498-b810-970ff58cc2e3-00000125 Executing op_delete with {action_http_head_request 'test' size=0, mutating=false}; https://audit.example.org/hadoop/1/op_delete/7e97a6d8-7327-4498-b810-970ff58cc2e3-00000125/?op=op_delete&p1=s3a://fso-bucket/test&pr=runner&ps=15303681-db1e-4fd6-a42e-5922d56c03fa&id=7e97a6d8-7327-4498-b810-970ff58cc2e3-00000125&t0=177&fs=7e97a6d8-7327-4498-b810-970ff58cc2e3&t1=177&ts=1731778034964
2024-11-16 17:27:14,975 [teardown] DEBUG s3a.S3AFileSystem (S3AFileSystem.java:listObjects(2702)) - LIST List fso-bucket:/test/ delimiter=/ keys=2 requester pays=false
2024-11-16 17:27:14,975 [teardown] DEBUG s3a.S3AFileSystem (DurationInfo.java:<init>(80)) - Starting: LIST
2024-11-16 17:27:14,976 [teardown] DEBUG impl.LoggingAuditor (LoggingAuditor.java:beforeExecution(377)) - [177] 7e97a6d8-7327-4498-b810-970ff58cc2e3-00000125 Executing op_delete with {object_list_request 'test/' size=2, mutating=false}; https://audit.example.org/hadoop/1/op_delete/7e97a6d8-7327-4498-b810-970ff58cc2e3-00000125/?op=op_delete&p1=s3a://fso-bucket/test&pr=runner&ps=15303681-db1e-4fd6-a42e-5922d56c03fa&id=7e97a6d8-7327-4498-b810-970ff58cc2e3-00000125&t0=177&fs=7e97a6d8-7327-4498-b810-970ff58cc2e3&t1=177&ts=1731778034964
2024-11-16 17:27:14,982 [teardown] DEBUG s3a.S3AFileSystem (DurationInfo.java:close(101)) - LIST: duration 0:00.007s
2024-11-16 17:27:14,983 [teardown] DEBUG s3a.S3AFileSystem (S3AFileSystem.java:s3GetFileStatus(3773)) - Found path as directory (with /)
2024-11-16 17:27:14,983 [teardown] DEBUG s3a.S3AFileSystem (S3ListResult.java:logAtDebug(143)) - Prefix count = 0; object count=2
2024-11-16 17:27:14,983 [teardown] DEBUG s3a.S3AFileSystem (S3ListResult.java:logAtDebug(146)) - Summary: test/ 0
2024-11-16 17:27:14,984 [teardown] DEBUG s3a.S3AFileSystem (S3ListResult.java:logAtDebug(146)) - Summary: test/vectored_file.txt 65536
2024-11-16 17:27:14,984 [teardown] DEBUG impl.DeleteOperation (DeleteOperation.java:execute(171)) - Delete path s3a://fso-bucket/test - recursive true
2024-11-16 17:27:14,984 [teardown] DEBUG impl.DeleteOperation (DeleteOperation.java:execute(172)) - Type = Directory
2024-11-16 17:27:14,984 [teardown] DEBUG impl.DeleteOperation (DeleteOperation.java:execute(180)) - delete: Path is a directory: s3a://fso-bucket/test
2024-11-16 17:27:14,984 [teardown] DEBUG impl.DeleteOperation (DurationInfo.java:<init>(80)) - Starting: deleting test/
2024-11-16 17:27:14,984 [teardown] DEBUG impl.DeleteOperation (DeleteOperation.java:deleteDirectoryTree(243)) - Getting objects for directory prefix test/ to delete
2024-11-16 17:27:14,984 [teardown] DEBUG s3a.S3AFileSystem (S3AFileSystem.java:innerListFiles(4886)) - listFiles(s3a://fso-bucket/test, true)
2024-11-16 17:27:14,985 [teardown] DEBUG s3a.S3AFileSystem (Listing.java:getListFilesAssumingDir(205)) - Recursive list of all entries under test/
2024-11-16 17:27:14,993 [teardown] DEBUG s3a.Invoker (DurationInfo.java:<init>(80)) - Starting: listObjects()
2024-11-16 17:27:14,993 [s3a-transfer-fso-bucket-unbounded-pool2-t32] DEBUG s3a.S3AFileSystem (S3AFileSystem.java:listObjects(2702)) - LIST List fso-bucket:/test/ delimiter=null keys=5000 requester pays=false
2024-11-16 17:27:14,993 [s3a-transfer-fso-bucket-unbounded-pool2-t32] DEBUG s3a.S3AFileSystem (DurationInfo.java:<init>(80)) - Starting: LIST
2024-11-16 17:27:14,994 [s3a-transfer-fso-bucket-unbounded-pool2-t32] DEBUG impl.LoggingAuditor (LoggingAuditor.java:beforeExecution(377)) - [178] 7e97a6d8-7327-4498-b810-970ff58cc2e3-00000125 Executing op_delete with {object_list_request 'test/' size=5000, mutating=false}; https://audit.example.org/hadoop/1/op_delete/7e97a6d8-7327-4498-b810-970ff58cc2e3-00000125/?op=op_delete&p1=s3a://fso-bucket/test&pr=runner&ps=15303681-db1e-4fd6-a42e-5922d56c03fa&id=7e97a6d8-7327-4498-b810-970ff58cc2e3-00000125&t0=177&fs=7e97a6d8-7327-4498-b810-970ff58cc2e3&t1=178&ts=1731778034964
2024-11-16 17:27:15,000 [s3a-transfer-fso-bucket-unbounded-pool2-t32] DEBUG s3a.S3AFileSystem (DurationInfo.java:close(101)) - LIST: duration 0:00.007s
2024-11-16 17:27:15,001 [teardown] DEBUG s3a.Invoker (DurationInfo.java:close(101)) - listObjects(): duration 0:00.008s
2024-11-16 17:27:15,001 [teardown] DEBUG s3a.S3AFileSystem (Listing.java:buildNextStatusBatch(461)) - s3a://fso-bucket/test: test/ size=0
2024-11-16 17:27:15,002 [teardown] DEBUG s3a.S3AFileSystem (Listing.java:buildNextStatusBatch(469)) - Adding: S3AFileStatus{path=s3a://fso-bucket/test; isDirectory=true; modification_time=0; access_time=0; owner=runner; group=runner; permission=rwxrwxrwx; isSymlink=false; hasAcl=false; isEncrypted=true; isErasureCoded=false} isEmptyDirectory=UNKNOWN eTag=null versionId=null
2024-11-16 17:27:15,002 [teardown] DEBUG s3a.S3AFileSystem (Listing.java:buildNextStatusBatch(461)) - s3a://fso-bucket/test/vectored_file.txt: test/vectored_file.txt size=65536
2024-11-16 17:27:15,002 [teardown] DEBUG s3a.S3AFileSystem (Listing.java:buildNextStatusBatch(469)) - Adding: S3AFileStatus{path=s3a://fso-bucket/test/vectored_file.txt; isDirectory=false; length=65536; replication=1; blocksize=33554432; modification_time=1731778034931; access_time=0; owner=runner; group=runner; permission=rw-rw-rw-; isSymlink=false; hasAcl=false; isEncrypted=true; isErasureCoded=false} isEmptyDirectory=FALSE eTag=99927cfeffe4c5eaac4c81fd18232f13 versionId=null
2024-11-16 17:27:15,002 [teardown] DEBUG s3a.S3AFileSystem (Listing.java:buildNextStatusBatch(499)) - Added 2 entries; ignored 0; hasNext=true; hasMoreObjects=false
2024-11-16 17:27:15,002 [teardown] DEBUG impl.DeleteOperation (DeleteOperation.java:queueForDeletion(298)) - Adding object to delete: "test/"
2024-11-16 17:27:15,002 [teardown] DEBUG impl.DeleteOperation (DeleteOperation.java:queueForDeletion(298)) - Adding object to delete: "test/vectored_file.txt"
2024-11-16 17:27:15,003 [teardown] DEBUG impl.DeleteOperation (DeleteOperation.java:deleteDirectoryTree(256)) - Deleting final batch of listed files
2024-11-16 17:27:15,003 [teardown] DEBUG impl.CallableSupplier (DurationInfo.java:<init>(80)) - Starting: Waiting for task completion
2024-11-16 17:27:15,003 [s3a-transfer-fso-bucket-bounded-pool1-t10] DEBUG impl.DeleteOperation (DurationInfo.java:<init>(80)) - Starting: Delete page of 2 keys
2024-11-16 17:27:15,003 [s3a-transfer-fso-bucket-bounded-pool1-t10] DEBUG impl.DeleteOperation (DeleteOperation.java:asyncDeleteAction(393)) - Deleting of 1 file objects
2024-11-16 17:27:15,003 [s3a-transfer-fso-bucket-bounded-pool1-t10] DEBUG s3a.Invoker (DurationInfo.java:<init>(80)) - Starting: Remove S3 Files
2024-11-16 17:27:15,003 [s3a-transfer-fso-bucket-bounded-pool1-t10] DEBUG s3a.S3AFileSystem (DurationInfo.java:<init>(80)) - Starting: Deleting 1 keys
2024-11-16 17:27:15,003 [s3a-transfer-fso-bucket-bounded-pool1-t10] DEBUG s3a.S3AFileSystem (S3AFileSystem.java:removeKeysS3(3121)) - Initiating delete operation for 1 objects
2024-11-16 17:27:15,003 [s3a-transfer-fso-bucket-bounded-pool1-t10] DEBUG s3a.S3AFileSystem (S3AFileSystem.java:removeKeysS3(3124)) -  test/vectored_file.txt 
2024-11-16 17:27:15,003 [s3a-transfer-fso-bucket-bounded-pool1-t10] DEBUG s3a.S3AFileSystem (DurationInfo.java:<init>(80)) - Starting: DELETE 1 keys
2024-11-16 17:27:15,003 [s3a-transfer-fso-bucket-bounded-pool1-t10] DEBUG impl.LoggingAuditor (LoggingAuditor.java:beforeExecution(377)) - [50] 7e97a6d8-7327-4498-b810-970ff58cc2e3-00000125 Executing op_delete with {object_bulk_delete_request 'test/vectored_file.txt' size=1, mutating=true}; https://audit.example.org/hadoop/1/op_delete/7e97a6d8-7327-4498-b810-970ff58cc2e3-00000125/?op=op_delete&p1=s3a://fso-bucket/test&pr=runner&ps=15303681-db1e-4fd6-a42e-5922d56c03fa&ks=1&id=7e97a6d8-7327-4498-b810-970ff58cc2e3-00000125&t0=177&fs=7e97a6d8-7327-4498-b810-970ff58cc2e3&t1=50&ts=1731778034964
2024-11-16 17:27:15,009 [s3a-transfer-fso-bucket-bounded-pool1-t10] DEBUG s3a.S3AFileSystem (DurationInfo.java:close(101)) - DELETE 1 keys: duration 0:00.006s
2024-11-16 17:27:15,009 [s3a-transfer-fso-bucket-bounded-pool1-t10] DEBUG s3a.S3AFileSystem (DurationInfo.java:close(101)) - Deleting 1 keys: duration 0:00.006s
2024-11-16 17:27:15,009 [s3a-transfer-fso-bucket-bounded-pool1-t10] DEBUG s3a.Invoker (DurationInfo.java:close(101)) - Remove S3 Files: duration 0:00.006s
2024-11-16 17:27:15,009 [s3a-transfer-fso-bucket-bounded-pool1-t10] DEBUG impl.DeleteOperation (DeleteOperation.java:asyncDeleteAction(405)) - Deleting of 1 directory markers
2024-11-16 17:27:15,009 [s3a-transfer-fso-bucket-bounded-pool1-t10] DEBUG s3a.Invoker (DurationInfo.java:<init>(80)) - Starting: Remove S3 Dir Markers
2024-11-16 17:27:15,009 [s3a-transfer-fso-bucket-bounded-pool1-t10] DEBUG s3a.S3AFileSystem (DurationInfo.java:<init>(80)) - Starting: Deleting 1 keys
2024-11-16 17:27:15,009 [s3a-transfer-fso-bucket-bounded-pool1-t10] DEBUG s3a.S3AFileSystem (S3AFileSystem.java:removeKeysS3(3121)) - Initiating delete operation for 1 objects
2024-11-16 17:27:15,009 [s3a-transfer-fso-bucket-bounded-pool1-t10] DEBUG s3a.S3AFileSystem (S3AFileSystem.java:removeKeysS3(3124)) -  test/ 
2024-11-16 17:27:15,009 [s3a-transfer-fso-bucket-bounded-pool1-t10] DEBUG s3a.S3AFileSystem (DurationInfo.java:<init>(80)) - Starting: DELETE 1 keys
2024-11-16 17:27:15,009 [s3a-transfer-fso-bucket-bounded-pool1-t10] DEBUG impl.LoggingAuditor (LoggingAuditor.java:beforeExecution(377)) - [50] 7e97a6d8-7327-4498-b810-970ff58cc2e3-00000125 Executing op_delete with {object_bulk_delete_request 'test/' size=1, mutating=true}; https://audit.example.org/hadoop/1/op_delete/7e97a6d8-7327-4498-b810-970ff58cc2e3-00000125/?op=op_delete&p1=s3a://fso-bucket/test&pr=runner&ps=15303681-db1e-4fd6-a42e-5922d56c03fa&ks=1&id=7e97a6d8-7327-4498-b810-970ff58cc2e3-00000125&t0=177&fs=7e97a6d8-7327-4498-b810-970ff58cc2e3&t1=50&ts=1731778034964
2024-11-16 17:27:15,018 [s3a-transfer-fso-bucket-bounded-pool1-t10] DEBUG s3a.S3AFileSystem (DurationInfo.java:close(101)) - DELETE 1 keys: duration 0:00.009s
2024-11-16 17:27:15,018 [s3a-transfer-fso-bucket-bounded-pool1-t10] DEBUG s3a.S3AFileSystem (DurationInfo.java:close(101)) - Deleting 1 keys: duration 0:00.009s
2024-11-16 17:27:15,018 [s3a-transfer-fso-bucket-bounded-pool1-t10] DEBUG s3a.Invoker (DurationInfo.java:close(101)) - Remove S3 Dir Markers: duration 0:00.009s
2024-11-16 17:27:15,018 [s3a-transfer-fso-bucket-bounded-pool1-t10] DEBUG impl.DeleteOperation (DurationInfo.java:close(101)) - Delete page of 2 keys: duration 0:00.015s
2024-11-16 17:27:15,018 [teardown] DEBUG impl.CallableSupplier (DurationInfo.java:close(101)) - Waiting for task completion: duration 0:00.015s
2024-11-16 17:27:15,018 [teardown] DEBUG impl.DeleteOperation (DurationInfo.java:close(101)) - deleting test/: duration 0:00.034s
2024-11-16 17:27:15,018 [teardown] DEBUG impl.DeleteOperation (DeleteOperation.java:deleteDirectoryTree(261)) - Delete "s3a://fso-bucket/test" completed; deleted 2 objects
2024-11-16 17:27:15,018 [teardown] DEBUG impl.DeleteOperation (DeleteOperation.java:execute(211)) - Deleted 2 objects
]]></system-out>
  </testcase>
  <testcase name="testStopVectoredIoOperationsUnbuffer[Buffer type : array]" classname="org.apache.hadoop.fs.contract.s3a.ITestS3AContractVectoredRead" time="0.108"/>
  <testcase name="testMultiVectoredReadStatsCollection[Buffer type : array]" classname="org.apache.hadoop.fs.contract.s3a.ITestS3AContractVectoredRead" time="0.152"/>
  <testcase name="testNormalReadVsVectoredReadStatsCollection[Buffer type : array]" classname="org.apache.hadoop.fs.contract.s3a.ITestS3AContractVectoredRead" time="0.214"/>
  <testcase name="testNormalReadAfterVectoredRead[Buffer type : array]" classname="org.apache.hadoop.fs.contract.s3a.ITestS3AContractVectoredRead" time="0.141"/>
  <testcase name="testNegativeLengthRange[Buffer type : array]" classname="org.apache.hadoop.fs.contract.s3a.ITestS3AContractVectoredRead" time="0.186"/>
  <testcase name="testVectoredReadMultipleRanges[Buffer type : array]" classname="org.apache.hadoop.fs.contract.s3a.ITestS3AContractVectoredRead" time="0.273"/>
  <testcase name="testSomeRangesMergedSomeUnmerged[Buffer type : array]" classname="org.apache.hadoop.fs.contract.s3a.ITestS3AContractVectoredRead" time="0.127"/>
  <testcase name="testEOFRanges[Buffer type : array]" classname="org.apache.hadoop.fs.contract.s3a.ITestS3AContractVectoredRead" time="0.113"/>
  <testcase name="testVectoredReadAfterNormalRead[Buffer type : array]" classname="org.apache.hadoop.fs.contract.s3a.ITestS3AContractVectoredRead" time="0.124"/>
  <testcase name="testDisjointRanges[Buffer type : array]" classname="org.apache.hadoop.fs.contract.s3a.ITestS3AContractVectoredRead" time="0.126"/>
  <testcase name="testVectoredReadCapability[Buffer type : array]" classname="org.apache.hadoop.fs.contract.s3a.ITestS3AContractVectoredRead" time="0.106"/>
  <testcase name="testSomeRandomNonOverlappingRanges[Buffer type : array]" classname="org.apache.hadoop.fs.contract.s3a.ITestS3AContractVectoredRead" time="0.089"/>
  <testcase name="testAllRangesMergedIntoOne[Buffer type : array]" classname="org.apache.hadoop.fs.contract.s3a.ITestS3AContractVectoredRead" time="0.105"/>
  <testcase name="testVectoredIOEndToEnd[Buffer type : array]" classname="org.apache.hadoop.fs.contract.s3a.ITestS3AContractVectoredRead" time="0.123"/>
  <testcase name="testVectoredReadAndReadFully[Buffer type : array]" classname="org.apache.hadoop.fs.contract.s3a.ITestS3AContractVectoredRead" time="0.121"/>
  <testcase name="testOverlappingRanges[Buffer type : array]" classname="org.apache.hadoop.fs.contract.s3a.ITestS3AContractVectoredRead" time="0.083"/>
  <testcase name="testSameRanges[Buffer type : array]" classname="org.apache.hadoop.fs.contract.s3a.ITestS3AContractVectoredRead" time="0.093"/>
  <testcase name="testMultipleVectoredReads[Buffer type : array]" classname="org.apache.hadoop.fs.contract.s3a.ITestS3AContractVectoredRead" time="0.101"/>
  <testcase name="testNegativeOffsetRange[Buffer type : array]" classname="org.apache.hadoop.fs.contract.s3a.ITestS3AContractVectoredRead" time="0.082"/>
  <testcase name="testConsecutiveRanges[Buffer type : array]" classname="org.apache.hadoop.fs.contract.s3a.ITestS3AContractVectoredRead" time="0.097"/>
</testsuite>