<?xml version="1.0" encoding="UTF-8"?>
<testsuite xmlns:xsi="http://www.w3.org/2001/XMLSchema-instance" xsi:noNamespaceSchemaLocation="https://maven.apache.org/surefire/maven-surefire-plugin/xsd/surefire-test-report-3.0.xsd" version="3.0" name="org.apache.hadoop.ozone.freon.TestOMSnapshotDAG" time="73.346" tests="2" errors="0" skipped="0" failures="1">
  <properties>
    <property name="awt.toolkit" value="sun.awt.X11.XToolkit"/>
    <property name="file.encoding.pkg" value="sun.io"/>
    <property name="java.specification.version" value="1.8"/>
    <property name="sun.cpu.isalist" value=""/>
    <property name="sun.jnu.encoding" value="UTF-8"/>
    <property name="java.class.path" value="/home/runner/work/ozone/ozone/hadoop-ozone/integration-test/target/test-classes:/home/runner/work/ozone/ozone/hadoop-ozone/integration-test/target/classes:/home/runner/.m2/repository/org/apache/ozone/ozone-common/1.4.0-SNAPSHOT/ozone-common-1.4.0-SNAPSHOT.jar:/home/runner/.m2/repository/io/grpc/grpc-netty/1.51.1/grpc-netty-1.51.1.jar:/home/runner/.m2/repository/io/grpc/grpc-core/1.51.1/grpc-core-1.51.1.jar:/home/runner/.m2/repository/com/google/android/annotations/4.1.1.4/annotations-4.1.1.4.jar:/home/runner/.m2/repository/org/codehaus/mojo/animal-sniffer-annotations/1.21/animal-sniffer-annotations-1.21.jar:/home/runner/.m2/repository/com/google/errorprone/error_prone_annotations/2.2.0/error_prone_annotations-2.2.0.jar:/home/runner/.m2/repository/io/perfmark/perfmark-api/0.25.0/perfmark-api-0.25.0.jar:/home/runner/.m2/repository/io/netty/netty-codec-http2/4.1.86.Final/netty-codec-http2-4.1.86.Final.jar:/home/runner/.m2/repository/io/netty/netty-common/4.1.86.Final/netty-common-4.1.86.Final.jar:/home/runner/.m2/repository/io/netty/netty-buffer/4.1.86.Final/netty-buffer-4.1.86.Final.jar:/home/runner/.m2/repository/io/netty/netty-codec-http/4.1.86.Final/netty-codec-http-4.1.86.Final.jar:/home/runner/.m2/repository/io/netty/netty-handler-proxy/4.1.86.Final/netty-handler-proxy-4.1.86.Final.jar:/home/runner/.m2/repository/io/netty/netty-codec-socks/4.1.86.Final/netty-codec-socks-4.1.86.Final.jar:/home/runner/.m2/repository/io/netty/netty-tcnative-boringssl-static/2.0.54.Final/netty-tcnative-boringssl-static-2.0.54.Final.jar:/home/runner/.m2/repository/io/netty/netty-tcnative-classes/2.0.54.Final/netty-tcnative-classes-2.0.54.Final.jar:/home/runner/.m2/repository/io/netty/netty-tcnative-boringssl-static/2.0.54.Final/netty-tcnative-boringssl-static-2.0.54.Final-linux-x86_64.jar:/home/runner/.m2/repository/io/netty/netty-tcnative-boringssl-static/2.0.54.Final/netty-tcnative-boringssl-static-2.0.54.Final-linux-aarch_64.jar:/home/runner/.m2/repository/io/netty/netty-tcnative-boringssl-static/2.0.54.Final/netty-tcnative-boringssl-static-2.0.54.Final-osx-x86_64.jar:/home/runner/.m2/repository/io/netty/netty-tcnative-boringssl-static/2.0.54.Final/netty-tcnative-boringssl-static-2.0.54.Final-osx-aarch_64.jar:/home/runner/.m2/repository/io/netty/netty-tcnative-boringssl-static/2.0.54.Final/netty-tcnative-boringssl-static-2.0.54.Final-windows-x86_64.jar:/home/runner/.m2/repository/org/apache/commons/commons-compress/1.21/commons-compress-1.21.jar:/home/runner/.m2/repository/org/apache/ozone/hdds-common/1.4.0-SNAPSHOT/hdds-common-1.4.0-SNAPSHOT.jar:/home/runner/.m2/repository/org/apache/ozone/hdds-client/1.4.0-SNAPSHOT/hdds-client-1.4.0-SNAPSHOT.jar:/home/runner/.m2/repository/org/apache/ozone/ozone-interface-client/1.4.0-SNAPSHOT/ozone-interface-client-1.4.0-SNAPSHOT.jar:/home/runner/.m2/repository/org/apache/hadoop/hadoop-hdfs-client/3.3.6/hadoop-hdfs-client-3.3.6.jar:/home/runner/.m2/repository/com/squareup/okhttp3/okhttp/4.9.3/okhttp-4.9.3.jar:/home/runner/.m2/repository/com/squareup/okio/okio/3.4.0/okio-3.4.0.jar:/home/runner/.m2/repository/com/squareup/okio/okio-jvm/3.4.0/okio-jvm-3.4.0.jar:/home/runner/.m2/repository/org/jetbrains/kotlin/kotlin-stdlib-jdk8/1.8.0/kotlin-stdlib-jdk8-1.8.0.jar:/home/runner/.m2/repository/org/jetbrains/kotlin/kotlin-stdlib-jdk7/1.8.0/kotlin-stdlib-jdk7-1.8.0.jar:/home/runner/.m2/repository/org/jetbrains/kotlin/kotlin-stdlib-common/1.6.21/kotlin-stdlib-common-1.6.21.jar:/home/runner/.m2/repository/org/apache/ozone/hdds-test-utils/1.4.0-SNAPSHOT/hdds-test-utils-1.4.0-SNAPSHOT.jar:/home/runner/.m2/repository/com/google/guava/guava/32.0.0-jre/guava-32.0.0-jre.jar:/home/runner/.m2/repository/com/google/guava/failureaccess/1.0.1/failureaccess-1.0.1.jar:/home/runner/.m2/repository/com/google/guava/listenablefuture/9999.0-empty-to-avoid-conflict-with-guava/listenablefuture-9999.0-empty-to-avoid-conflict-with-guava.jar:/home/runner/.m2/repository/com/google/code/findbugs/jsr305/3.0.0/jsr305-3.0.0.jar:/home/runner/.m2/repository/org/checkerframework/checker-qual/3.33.0/checker-qual-3.33.0.jar:/home/runner/.m2/repository/com/google/j2objc/j2objc-annotations/2.8/j2objc-annotations-2.8.jar:/home/runner/.m2/repository/commons-io/commons-io/2.11.0/commons-io-2.11.0.jar:/home/runner/.m2/repository/commons-logging/commons-logging/1.2/commons-logging-1.2.jar:/home/runner/.m2/repository/ch/qos/reload4j/reload4j/1.2.22/reload4j-1.2.22.jar:/home/runner/.m2/repository/org/slf4j/slf4j-api/1.7.36/slf4j-api-1.7.36.jar:/home/runner/.m2/repository/org/apache/logging/log4j/log4j-api/2.17.1/log4j-api-2.17.1.jar:/home/runner/.m2/repository/org/apache/ozone/hdds-server-scm/1.4.0-SNAPSHOT/hdds-server-scm-1.4.0-SNAPSHOT.jar:/home/runner/.m2/repository/org/apache/ozone/hdds-container-service/1.4.0-SNAPSHOT/hdds-container-service-1.4.0-SNAPSHOT.jar:/home/runner/.m2/repository/org/apache/ozone/hdds-hadoop-dependency-server/1.4.0-SNAPSHOT/hdds-hadoop-dependency-server-1.4.0-SNAPSHOT.jar:/home/runner/.m2/repository/org/apache/hadoop/hadoop-hdfs/3.3.6/hadoop-hdfs-3.3.6.jar:/home/runner/.m2/repository/commons-daemon/commons-daemon/1.0.13/commons-daemon-1.0.13.jar:/home/runner/.m2/repository/org/apache/ozone/hdds-server-framework/1.4.0-SNAPSHOT/hdds-server-framework-1.4.0-SNAPSHOT.jar:/home/runner/.m2/repository/io/dropwizard/metrics/metrics-core/3.2.4/metrics-core-3.2.4.jar:/home/runner/.m2/repository/org/apache/commons/commons-text/1.10.0/commons-text-1.10.0.jar:/home/runner/.m2/repository/org/bouncycastle/bcprov-jdk15on/1.67/bcprov-jdk15on-1.67.jar:/home/runner/.m2/repository/com/google/protobuf/protobuf-java/2.5.0/protobuf-java-2.5.0.jar:/home/runner/.m2/repository/org/apache/ozone/hdds-server-framework/1.4.0-SNAPSHOT/hdds-server-framework-1.4.0-SNAPSHOT-tests.jar:/home/runner/.m2/repository/org/apache/ozone/hdds-interface-server/1.4.0-SNAPSHOT/hdds-interface-server-1.4.0-SNAPSHOT.jar:/home/runner/.m2/repository/org/apache/ozone/hdds-interface-admin/1.4.0-SNAPSHOT/hdds-interface-admin-1.4.0-SNAPSHOT.jar:/home/runner/.m2/repository/org/apache/ozone/hdds-managed-rocksdb/1.4.0-SNAPSHOT/hdds-managed-rocksdb-1.4.0-SNAPSHOT.jar:/home/runner/.m2/repository/org/rocksdb/rocksdbjni/7.7.3/rocksdbjni-7.7.3.jar:/home/runner/.m2/repository/org/slf4j/slf4j-reload4j/1.7.36/slf4j-reload4j-1.7.36.jar:/home/runner/.m2/repository/org/apache/commons/commons-configuration2/2.1.1/commons-configuration2-2.1.1.jar:/home/runner/.m2/repository/commons-fileupload/commons-fileupload/1.5/commons-fileupload-1.5.jar:/home/runner/.m2/repository/org/apache/logging/log4j/log4j-core/2.17.1/log4j-core-2.17.1.jar:/home/runner/.m2/repository/com/lmax/disruptor/3.4.2/disruptor-3.4.2.jar:/home/runner/.m2/repository/org/eclipse/jetty/jetty-util/9.4.51.v20230217/jetty-util-9.4.51.v20230217.jar:/home/runner/.m2/repository/org/eclipse/jetty/jetty-server/9.4.51.v20230217/jetty-server-9.4.51.v20230217.jar:/home/runner/.m2/repository/org/eclipse/jetty/jetty-http/9.4.51.v20230217/jetty-http-9.4.51.v20230217.jar:/home/runner/.m2/repository/org/eclipse/jetty/jetty-io/9.4.51.v20230217/jetty-io-9.4.51.v20230217.jar:/home/runner/.m2/repository/org/eclipse/jetty/jetty-servlet/9.4.51.v20230217/jetty-servlet-9.4.51.v20230217.jar:/home/runner/.m2/repository/org/eclipse/jetty/jetty-security/9.4.51.v20230217/jetty-security-9.4.51.v20230217.jar:/home/runner/.m2/repository/org/eclipse/jetty/jetty-util-ajax/9.4.51.v20230217/jetty-util-ajax-9.4.51.v20230217.jar:/home/runner/.m2/repository/org/eclipse/jetty/jetty-webapp/9.4.51.v20230217/jetty-webapp-9.4.51.v20230217.jar:/home/runner/.m2/repository/org/eclipse/jetty/jetty-xml/9.4.51.v20230217/jetty-xml-9.4.51.v20230217.jar:/home/runner/.m2/repository/org/apache/ratis/ratis-server/2.5.1/ratis-server-2.5.1.jar:/home/runner/.m2/repository/org/apache/ratis/ratis-thirdparty-misc/1.0.4/ratis-thirdparty-misc-1.0.4.jar:/home/runner/.m2/repository/org/apache/ratis/ratis-proto/2.5.1/ratis-proto-2.5.1.jar:/home/runner/.m2/repository/org/apache/ratis/ratis-common/2.5.1/ratis-common-2.5.1.jar:/home/runner/.m2/repository/org/apache/ratis/ratis-client/2.5.1/ratis-client-2.5.1.jar:/home/runner/.m2/repository/org/apache/ratis/ratis-server-api/2.5.1/ratis-server-api-2.5.1.jar:/home/runner/.m2/repository/org/apache/ratis/ratis-metrics/2.5.1/ratis-metrics-2.5.1.jar:/home/runner/.m2/repository/io/prometheus/simpleclient_dropwizard/0.7.0/simpleclient_dropwizard-0.7.0.jar:/home/runner/.m2/repository/io/prometheus/simpleclient/0.7.0/simpleclient-0.7.0.jar:/home/runner/.m2/repository/io/prometheus/simpleclient_common/0.7.0/simpleclient_common-0.7.0.jar:/home/runner/.m2/repository/com/fasterxml/jackson/datatype/jackson-datatype-jsr310/2.13.4/jackson-datatype-jsr310-2.13.4.jar:/home/runner/.m2/repository/com/fasterxml/jackson/core/jackson-core/2.13.4/jackson-core-2.13.4.jar:/home/runner/.m2/repository/com/github/spotbugs/spotbugs-annotations/3.1.12/spotbugs-annotations-3.1.12.jar:/home/runner/.m2/repository/org/apache/ozone/rocksdb-checkpoint-differ/1.4.0-SNAPSHOT/rocksdb-checkpoint-differ-1.4.0-SNAPSHOT.jar:/home/runner/.m2/repository/org/jgrapht/jgrapht-core/1.0.1/jgrapht-core-1.0.1.jar:/home/runner/.m2/repository/org/jgrapht/jgrapht-ext/1.0.1/jgrapht-ext-1.0.1.jar:/home/runner/.m2/repository/org/tinyjee/jgraphx/jgraphx/2.0.0.1/jgraphx-2.0.0.1.jar:/home/runner/.m2/repository/jgraph/jgraph/5.13.0.0/jgraph-5.13.0.0.jar:/home/runner/.m2/repository/org/antlr/antlr4-runtime/4.5.3/antlr4-runtime-4.5.3.jar:/home/runner/.m2/repository/org/awaitility/awaitility/4.2.0/awaitility-4.2.0.jar:/home/runner/.m2/repository/org/hamcrest/hamcrest/2.1/hamcrest-2.1.jar:/home/runner/.m2/repository/org/apache/ozone/ozone-manager/1.4.0-SNAPSHOT/ozone-manager-1.4.0-SNAPSHOT.jar:/home/runner/.m2/repository/org/aspectj/aspectjrt/1.9.7/aspectjrt-1.9.7.jar:/home/runner/.m2/repository/org/aspectj/aspectjweaver/1.9.7/aspectjweaver-1.9.7.jar:/home/runner/.m2/repository/org/apache/ozone/hdds-interface-client/1.4.0-SNAPSHOT/hdds-interface-client-1.4.0-SNAPSHOT.jar:/home/runner/.m2/repository/org/apache/hadoop/thirdparty/hadoop-shaded-protobuf_3_7/1.1.1/hadoop-shaded-protobuf_3_7-1.1.1.jar:/home/runner/.m2/repository/org/apache/ozone/ozone-interface-storage/1.4.0-SNAPSHOT/ozone-interface-storage-1.4.0-SNAPSHOT.jar:/home/runner/.m2/repository/org/reflections/reflections/0.9.11/reflections-0.9.11.jar:/home/runner/.m2/repository/com/sun/jersey/jersey-client/1.19/jersey-client-1.19.jar:/home/runner/.m2/repository/org/codehaus/jackson/jackson-core-asl/1.9.13/jackson-core-asl-1.9.13.jar:/home/runner/.m2/repository/org/codehaus/jackson/jackson-mapper-asl/1.9.13/jackson-mapper-asl-1.9.13.jar:/home/runner/.m2/repository/org/codehaus/jackson/jackson-jaxrs/1.9.13/jackson-jaxrs-1.9.13.jar:/home/runner/.m2/repository/org/apache/ranger/ranger-intg/2.3.0/ranger-intg-2.3.0.jar:/home/runner/.m2/repository/org/apache/ranger/ranger-plugins-common/2.3.0/ranger-plugins-common-2.3.0.jar:/home/runner/.m2/repository/commons-lang/commons-lang/2.6/commons-lang-2.6.jar:/home/runner/.m2/repository/org/apache/ranger/ranger-plugins-cred/2.3.0/ranger-plugins-cred-2.3.0.jar:/home/runner/.m2/repository/org/apache/ranger/ranger-plugins-audit/2.3.0/ranger-plugins-audit-2.3.0.jar:/home/runner/.m2/repository/org/eclipse/jetty/jetty-client/9.4.51.v20230217/jetty-client-9.4.51.v20230217.jar:/home/runner/.m2/repository/org/apache/httpcomponents/httpmime/4.5.6/httpmime-4.5.6.jar:/home/runner/.m2/repository/org/apache/httpcomponents/httpcore-nio/4.4.13/httpcore-nio-4.4.13.jar:/home/runner/.m2/repository/org/apache/httpcomponents/httpasyncclient/4.1.3/httpasyncclient-4.1.3.jar:/home/runner/.m2/repository/com/carrotsearch/hppc/0.8.0/hppc-0.8.0.jar:/home/runner/.m2/repository/org/apache/orc/orc-core/1.5.8/orc-core-1.5.8.jar:/home/runner/.m2/repository/net/java/dev/jna/jna/5.2.0/jna-5.2.0.jar:/home/runner/.m2/repository/net/java/dev/jna/jna-platform/5.2.0/jna-platform-5.2.0.jar:/home/runner/.m2/repository/com/kstruct/gethostname4j/0.0.2/gethostname4j-0.0.2.jar:/home/runner/.m2/repository/org/apache/ranger/ranger-plugin-classloader/2.3.0/ranger-plugin-classloader-2.3.0.jar:/home/runner/.m2/repository/org/apache/ozone/hdds-rocks-native/1.4.0-SNAPSHOT/hdds-rocks-native-1.4.0-SNAPSHOT.jar:/home/runner/.m2/repository/org/apache/hadoop/hadoop-minikdc/3.3.6/hadoop-minikdc-3.3.6.jar:/home/runner/.m2/repository/org/apache/kerby/kerb-simplekdc/1.0.1/kerb-simplekdc-1.0.1.jar:/home/runner/.m2/repository/org/apache/kerby/kerb-client/1.0.1/kerb-client-1.0.1.jar:/home/runner/.m2/repository/org/apache/kerby/kerby-config/1.0.1/kerby-config-1.0.1.jar:/home/runner/.m2/repository/org/apache/kerby/kerb-common/1.0.1/kerb-common-1.0.1.jar:/home/runner/.m2/repository/org/apache/kerby/kerb-crypto/1.0.1/kerb-crypto-1.0.1.jar:/home/runner/.m2/repository/org/apache/kerby/kerb-util/1.0.1/kerb-util-1.0.1.jar:/home/runner/.m2/repository/org/apache/kerby/token-provider/1.0.1/token-provider-1.0.1.jar:/home/runner/.m2/repository/org/apache/kerby/kerb-admin/1.0.1/kerb-admin-1.0.1.jar:/home/runner/.m2/repository/org/apache/kerby/kerb-server/1.0.1/kerb-server-1.0.1.jar:/home/runner/.m2/repository/org/apache/kerby/kerb-identity/1.0.1/kerb-identity-1.0.1.jar:/home/runner/.m2/repository/org/apache/kerby/kerby-xdr/1.0.1/kerby-xdr-1.0.1.jar:/home/runner/.m2/repository/org/apache/ozone/ozone-s3gateway/1.4.0-SNAPSHOT/ozone-s3gateway-1.4.0-SNAPSHOT.jar:/home/runner/.m2/repository/org/javassist/javassist/3.21.0-GA/javassist-3.21.0-GA.jar:/home/runner/.m2/repository/org/jboss/weld/servlet/weld-servlet-shaded/3.1.9.Final/weld-servlet-shaded-3.1.9.Final.jar:/home/runner/.m2/repository/org/glassfish/jersey/containers/jersey-container-servlet-core/2.34/jersey-container-servlet-core-2.34.jar:/home/runner/.m2/repository/org/glassfish/hk2/external/jakarta.inject/2.6.1/jakarta.inject-2.6.1.jar:/home/runner/.m2/repository/org/glassfish/jersey/core/jersey-common/2.34/jersey-common-2.34.jar:/home/runner/.m2/repository/jakarta/ws/rs/jakarta.ws.rs-api/2.1.6/jakarta.ws.rs-api-2.1.6.jar:/home/runner/.m2/repository/org/glassfish/jersey/ext/cdi/jersey-cdi1x/2.34/jersey-cdi1x-2.34.jar:/home/runner/.m2/repository/org/glassfish/jersey/inject/jersey-hk2/2.34/jersey-hk2-2.34.jar:/home/runner/.m2/repository/org/glassfish/hk2/hk2-locator/2.6.1/hk2-locator-2.6.1.jar:/home/runner/.m2/repository/org/glassfish/jersey/media/jersey-media-jaxb/2.34/jersey-media-jaxb-2.34.jar:/home/runner/.m2/repository/org/glassfish/hk2/osgi-resource-locator/1.0.3/osgi-resource-locator-1.0.3.jar:/home/runner/.m2/repository/org/glassfish/hk2/hk2-api/2.5.0/hk2-api-2.5.0.jar:/home/runner/.m2/repository/org/glassfish/hk2/hk2-utils/2.5.0/hk2-utils-2.5.0.jar:/home/runner/.m2/repository/org/glassfish/hk2/external/aopalliance-repackaged/2.5.0/aopalliance-repackaged-2.5.0.jar:/home/runner/.m2/repository/com/fasterxml/jackson/dataformat/jackson-dataformat-xml/2.13.4/jackson-dataformat-xml-2.13.4.jar:/home/runner/.m2/repository/org/codehaus/woodstox/stax2-api/4.2.1/stax2-api-4.2.1.jar:/home/runner/.m2/repository/com/fasterxml/woodstox/woodstox-core/5.4.0/woodstox-core-5.4.0.jar:/home/runner/.m2/repository/com/fasterxml/jackson/module/jackson-module-jaxb-annotations/2.13.4/jackson-module-jaxb-annotations-2.13.4.jar:/home/runner/.m2/repository/jakarta/xml/bind/jakarta.xml.bind-api/2.3.3/jakarta.xml.bind-api-2.3.3.jar:/home/runner/.m2/repository/jakarta/activation/jakarta.activation-api/1.2.2/jakarta.activation-api-1.2.2.jar:/home/runner/.m2/repository/javax/enterprise/cdi-api/2.0/cdi-api-2.0.jar:/home/runner/.m2/repository/javax/el/javax.el-api/3.0.0/javax.el-api-3.0.0.jar:/home/runner/.m2/repository/javax/interceptor/javax.interceptor-api/1.2/javax.interceptor-api-1.2.jar:/home/runner/.m2/repository/javax/inject/javax.inject/1/javax.inject-1.jar:/home/runner/.m2/repository/javax/xml/bind/jaxb-api/2.3.0/jaxb-api-2.3.0.jar:/home/runner/.m2/repository/org/glassfish/jaxb/jaxb-runtime/2.3.0.1/jaxb-runtime-2.3.0.1.jar:/home/runner/.m2/repository/org/glassfish/jaxb/jaxb-core/2.3.0.1/jaxb-core-2.3.0.1.jar:/home/runner/.m2/repository/org/glassfish/jaxb/txw2/2.3.0.1/txw2-2.3.0.1.jar:/home/runner/.m2/repository/com/sun/istack/istack-commons-runtime/3.0.5/istack-commons-runtime-3.0.5.jar:/home/runner/.m2/repository/org/jvnet/staxex/stax-ex/1.7.8/stax-ex-1.7.8.jar:/home/runner/.m2/repository/com/sun/xml/fastinfoset/FastInfoset/1.2.13/FastInfoset-1.2.13.jar:/home/runner/.m2/repository/javax/activation/activation/1.1.1/activation-1.1.1.jar:/home/runner/.m2/repository/io/grpc/grpc-protobuf/1.51.1/grpc-protobuf-1.51.1.jar:/home/runner/.m2/repository/com/google/api/grpc/proto-google-common-protos/2.9.0/proto-google-common-protos-2.9.0.jar:/home/runner/.m2/repository/io/grpc/grpc-protobuf-lite/1.51.1/grpc-protobuf-lite-1.51.1.jar:/home/runner/.m2/repository/io/grpc/grpc-stub/1.51.1/grpc-stub-1.51.1.jar:/home/runner/.m2/repository/io/netty/netty-transport/4.1.86.Final/netty-transport-4.1.86.Final.jar:/home/runner/.m2/repository/io/netty/netty-resolver/4.1.86.Final/netty-resolver-4.1.86.Final.jar:/home/runner/.m2/repository/org/apache/ozone/ozone-csi/1.4.0-SNAPSHOT/ozone-csi-1.4.0-SNAPSHOT.jar:/home/runner/.m2/repository/com/google/protobuf/protobuf-java-util/3.19.6/protobuf-java-util-3.19.6.jar:/home/runner/.m2/repository/com/google/code/gson/gson/2.9.0/gson-2.9.0.jar:/home/runner/.m2/repository/org/apache/ozone/hdds-config/1.4.0-SNAPSHOT/hdds-config-1.4.0-SNAPSHOT.jar:/home/runner/.m2/repository/io/netty/netty-transport-native-epoll/4.1.86.Final/netty-transport-native-epoll-4.1.86.Final-linux-x86_64.jar:/home/runner/.m2/repository/io/netty/netty-transport-classes-epoll/4.1.86.Final/netty-transport-classes-epoll-4.1.86.Final.jar:/home/runner/.m2/repository/io/netty/netty-transport-native-unix-common/4.1.86.Final/netty-transport-native-unix-common-4.1.86.Final.jar:/home/runner/.m2/repository/org/apache/ozone/ozone-recon/1.4.0-SNAPSHOT/ozone-recon-1.4.0-SNAPSHOT.jar:/home/runner/.m2/repository/org/apache/ozone/ozone-reconcodegen/1.4.0-SNAPSHOT/ozone-reconcodegen-1.4.0-SNAPSHOT.jar:/home/runner/.m2/repository/com/google/inject/guice/5.1.0/guice-5.1.0.jar:/home/runner/.m2/repository/aopalliance/aopalliance/1.0/aopalliance-1.0.jar:/home/runner/.m2/repository/com/google/inject/extensions/guice-assistedinject/5.1.0/guice-assistedinject-5.1.0.jar:/home/runner/.m2/repository/com/google/inject/extensions/guice-servlet/5.1.0/guice-servlet-5.1.0.jar:/home/runner/.m2/repository/org/glassfish/jersey/containers/jersey-container-servlet/2.34/jersey-container-servlet-2.34.jar:/home/runner/.m2/repository/org/glassfish/hk2/guice-bridge/2.5.0/guice-bridge-2.5.0.jar:/home/runner/.m2/repository/org/glassfish/jersey/core/jersey-server/2.34/jersey-server-2.34.jar:/home/runner/.m2/repository/org/glassfish/jersey/core/jersey-client/2.34/jersey-client-2.34.jar:/home/runner/.m2/repository/jakarta/annotation/jakarta.annotation-api/1.3.5/jakarta.annotation-api-1.3.5.jar:/home/runner/.m2/repository/jakarta/validation/jakarta.validation-api/2.0.2/jakarta.validation-api-2.0.2.jar:/home/runner/.m2/repository/org/glassfish/jersey/media/jersey-media-json-jackson/2.34/jersey-media-json-jackson-2.34.jar:/home/runner/.m2/repository/org/glassfish/jersey/ext/jersey-entity-filtering/2.34/jersey-entity-filtering-2.34.jar:/home/runner/.m2/repository/org/jooq/jooq/3.11.10/jooq-3.11.10.jar:/home/runner/.m2/repository/org/jooq/jooq-meta/3.11.10/jooq-meta-3.11.10.jar:/home/runner/.m2/repository/org/jooq/jooq-codegen/3.11.10/jooq-codegen-3.11.10.jar:/home/runner/.m2/repository/com/jolbox/bonecp/0.8.0.RELEASE/bonecp-0.8.0.RELEASE.jar:/home/runner/.m2/repository/org/apache/derby/derby/10.14.2.0/derby-10.14.2.0.jar:/home/runner/.m2/repository/org/xerial/sqlite-jdbc/3.41.2.2/sqlite-jdbc-3.41.2.2.jar:/home/runner/.m2/repository/org/springframework/spring-jdbc/5.3.27/spring-jdbc-5.3.27.jar:/home/runner/.m2/repository/org/springframework/spring-beans/5.3.27/spring-beans-5.3.27.jar:/home/runner/.m2/repository/org/springframework/spring-core/5.3.27/spring-core-5.3.27.jar:/home/runner/.m2/repository/org/springframework/spring-tx/5.3.27/spring-tx-5.3.27.jar:/home/runner/.m2/repository/org/apache/ozone/ozone-client/1.4.0-SNAPSHOT/ozone-client-1.4.0-SNAPSHOT.jar:/home/runner/.m2/repository/org/apache/ozone/hdds-erasurecode/1.4.0-SNAPSHOT/hdds-erasurecode-1.4.0-SNAPSHOT.jar:/home/runner/.m2/repository/org/apache/ozone/ozone-filesystem/1.4.0-SNAPSHOT/ozone-filesystem-1.4.0-SNAPSHOT.jar:/home/runner/.m2/repository/org/apache/ozone/ozone-filesystem-common/1.4.0-SNAPSHOT/ozone-filesystem-common-1.4.0-SNAPSHOT.jar:/home/runner/.m2/repository/org/apache/ozone/ozone-tools/1.4.0-SNAPSHOT/ozone-tools-1.4.0-SNAPSHOT.jar:/home/runner/.m2/repository/com/amazonaws/aws-java-sdk-core/1.12.261/aws-java-sdk-core-1.12.261.jar:/home/runner/.m2/repository/org/apache/httpcomponents/httpclient/4.5.13/httpclient-4.5.13.jar:/home/runner/.m2/repository/org/apache/httpcomponents/httpcore/4.4.13/httpcore-4.4.13.jar:/home/runner/.m2/repository/software/amazon/ion/ion-java/1.0.2/ion-java-1.0.2.jar:/home/runner/.m2/repository/com/fasterxml/jackson/dataformat/jackson-dataformat-cbor/2.13.4/jackson-dataformat-cbor-2.13.4.jar:/home/runner/.m2/repository/joda-time/joda-time/2.10.6/joda-time-2.10.6.jar:/home/runner/.m2/repository/com/amazonaws/aws-java-sdk-s3/1.12.261/aws-java-sdk-s3-1.12.261.jar:/home/runner/.m2/repository/com/amazonaws/aws-java-sdk-kms/1.12.261/aws-java-sdk-kms-1.12.261.jar:/home/runner/.m2/repository/com/amazonaws/jmespath-java/1.12.261/jmespath-java-1.12.261.jar:/home/runner/.m2/repository/org/kohsuke/metainf-services/metainf-services/1.8/metainf-services-1.8.jar:/home/runner/.m2/repository/org/apache/ozone/hdds-tools/1.4.0-SNAPSHOT/hdds-tools-1.4.0-SNAPSHOT.jar:/home/runner/.m2/repository/org/apache/ratis/ratis-tools/2.5.1/ratis-tools-2.5.1.jar:/home/runner/.m2/repository/commons-cli/commons-cli/1.2/commons-cli-1.2.jar:/home/runner/.m2/repository/org/apache/commons/commons-lang3/3.7/commons-lang3-3.7.jar:/home/runner/.m2/repository/org/apache/ozone/ozone-manager/1.4.0-SNAPSHOT/ozone-manager-1.4.0-SNAPSHOT-tests.jar:/home/runner/.m2/repository/org/apache/ozone/hdds-common/1.4.0-SNAPSHOT/hdds-common-1.4.0-SNAPSHOT-tests.jar:/home/runner/.m2/repository/org/apache/ozone/hdds-hadoop-dependency-client/1.4.0-SNAPSHOT/hdds-hadoop-dependency-client-1.4.0-SNAPSHOT.jar:/home/runner/.m2/repository/info/picocli/picocli/4.6.1/picocli-4.6.1.jar:/home/runner/.m2/repository/com/fasterxml/jackson/core/jackson-annotations/2.13.4/jackson-annotations-2.13.4.jar:/home/runner/.m2/repository/org/apache/ozone/hdds-annotation-processing/1.4.0-SNAPSHOT/hdds-annotation-processing-1.4.0-SNAPSHOT.jar:/home/runner/.m2/repository/javax/annotation/javax.annotation-api/1.2/javax.annotation-api-1.2.jar:/home/runner/.m2/repository/org/apache/ratis/ratis-netty/2.5.1/ratis-netty-2.5.1.jar:/home/runner/.m2/repository/org/apache/ratis/ratis-grpc/2.5.1/ratis-grpc-2.5.1.jar:/home/runner/.m2/repository/org/apache/commons/commons-pool2/2.6.0/commons-pool2-2.6.0.jar:/home/runner/.m2/repository/org/bouncycastle/bcpkix-jdk15on/1.67/bcpkix-jdk15on-1.67.jar:/home/runner/.m2/repository/commons-validator/commons-validator/1.6/commons-validator-1.6.jar:/home/runner/.m2/repository/commons-beanutils/commons-beanutils/1.9.4/commons-beanutils-1.9.4.jar:/home/runner/.m2/repository/commons-digester/commons-digester/1.8.1/commons-digester-1.8.1.jar:/home/runner/.m2/repository/commons-collections/commons-collections/3.2.2/commons-collections-3.2.2.jar:/home/runner/.m2/repository/io/jaegertracing/jaeger-client/1.6.0/jaeger-client-1.6.0.jar:/home/runner/.m2/repository/io/jaegertracing/jaeger-thrift/1.6.0/jaeger-thrift-1.6.0.jar:/home/runner/.m2/repository/org/apache/thrift/libthrift/0.14.1/libthrift-0.14.1.jar:/home/runner/.m2/repository/io/jaegertracing/jaeger-core/1.6.0/jaeger-core-1.6.0.jar:/home/runner/.m2/repository/io/jaegertracing/jaeger-tracerresolver/1.6.0/jaeger-tracerresolver-1.6.0.jar:/home/runner/.m2/repository/io/opentracing/contrib/opentracing-tracerresolver/0.1.8/opentracing-tracerresolver-0.1.8.jar:/home/runner/.m2/repository/org/jetbrains/kotlin/kotlin-stdlib/1.6.21/kotlin-stdlib-1.6.21.jar:/home/runner/.m2/repository/org/jetbrains/annotations/13.0/annotations-13.0.jar:/home/runner/.m2/repository/io/opentracing/opentracing-util/0.33.0/opentracing-util-0.33.0.jar:/home/runner/.m2/repository/io/opentracing/opentracing-api/0.33.0/opentracing-api-0.33.0.jar:/home/runner/.m2/repository/io/opentracing/opentracing-noop/0.33.0/opentracing-noop-0.33.0.jar:/home/runner/.m2/repository/org/yaml/snakeyaml/2.0/snakeyaml-2.0.jar:/home/runner/.m2/repository/io/grpc/grpc-api/1.51.1/grpc-api-1.51.1.jar:/home/runner/.m2/repository/io/grpc/grpc-context/1.51.1/grpc-context-1.51.1.jar:/home/runner/.m2/repository/junit/junit/4.13.1/junit-4.13.1.jar:/home/runner/.m2/repository/org/hamcrest/hamcrest-core/1.3/hamcrest-core-1.3.jar:/home/runner/.m2/repository/org/junit/jupiter/junit-jupiter-api/5.8.2/junit-jupiter-api-5.8.2.jar:/home/runner/.m2/repository/org/opentest4j/opentest4j/1.2.0/opentest4j-1.2.0.jar:/home/runner/.m2/repository/org/junit/platform/junit-platform-commons/1.8.2/junit-platform-commons-1.8.2.jar:/home/runner/.m2/repository/org/apiguardian/apiguardian-api/1.1.2/apiguardian-api-1.1.2.jar:/home/runner/.m2/repository/org/junit/jupiter/junit-jupiter-params/5.8.2/junit-jupiter-params-5.8.2.jar:/home/runner/.m2/repository/org/junit/jupiter/junit-jupiter-migrationsupport/5.8.2/junit-jupiter-migrationsupport-5.8.2.jar:/home/runner/.m2/repository/org/junit/jupiter/junit-jupiter-engine/5.8.2/junit-jupiter-engine-5.8.2.jar:/home/runner/.m2/repository/org/junit/platform/junit-platform-engine/1.8.2/junit-platform-engine-1.8.2.jar:/home/runner/.m2/repository/org/junit/vintage/junit-vintage-engine/5.8.2/junit-vintage-engine-5.8.2.jar:/home/runner/.m2/repository/org/junit/platform/junit-platform-launcher/1.8.2/junit-platform-launcher-1.8.2.jar:/home/runner/.m2/repository/org/mockito/mockito-core/3.5.9/mockito-core-3.5.9.jar:/home/runner/.m2/repository/net/bytebuddy/byte-buddy/1.10.13/byte-buddy-1.10.13.jar:/home/runner/.m2/repository/net/bytebuddy/byte-buddy-agent/1.10.13/byte-buddy-agent-1.10.13.jar:/home/runner/.m2/repository/org/objenesis/objenesis/1.0/objenesis-1.0.jar:/home/runner/.m2/repository/org/apache/hadoop/hadoop-kms/3.3.6/hadoop-kms-3.3.6.jar:/home/runner/.m2/repository/org/apache/hadoop/hadoop-auth/3.3.6/hadoop-auth-3.3.6.jar:/home/runner/.m2/repository/com/nimbusds/nimbus-jose-jwt/9.8.1/nimbus-jose-jwt-9.8.1.jar:/home/runner/.m2/repository/com/github/stephenc/jcip/jcip-annotations/1.0-1/jcip-annotations-1.0-1.jar:/home/runner/.m2/repository/org/apache/zookeeper/zookeeper/3.5.6/zookeeper-3.5.6.jar:/home/runner/.m2/repository/org/apache/zookeeper/zookeeper-jute/3.5.6/zookeeper-jute-3.5.6.jar:/home/runner/.m2/repository/org/apache/yetus/audience-annotations/0.5.0/audience-annotations-0.5.0.jar:/home/runner/.m2/repository/org/apache/curator/curator-framework/4.2.0/curator-framework-4.2.0.jar:/home/runner/.m2/repository/org/apache/hadoop/thirdparty/hadoop-shaded-guava/1.1.1/hadoop-shaded-guava-1.1.1.jar:/home/runner/.m2/repository/com/sun/jersey/jersey-core/1.19/jersey-core-1.19.jar:/home/runner/.m2/repository/javax/ws/rs/jsr311-api/1.1.1/jsr311-api-1.1.1.jar:/home/runner/.m2/repository/com/sun/jersey/jersey-server/1.19/jersey-server-1.19.jar:/home/runner/.m2/repository/javax/servlet/javax.servlet-api/3.1.0/javax.servlet-api-3.1.0.jar:/home/runner/.m2/repository/org/apache/hadoop/hadoop-common/3.3.6/hadoop-common-3.3.6.jar:/home/runner/.m2/repository/org/apache/commons/commons-math3/3.1.1/commons-math3-3.1.1.jar:/home/runner/.m2/repository/commons-net/commons-net/3.9.0/commons-net-3.9.0.jar:/home/runner/.m2/repository/com/sun/jersey/jersey-servlet/1.19/jersey-servlet-1.19.jar:/home/runner/.m2/repository/com/github/pjfanning/jersey-json/1.20/jersey-json-1.20.jar:/home/runner/.m2/repository/org/codehaus/jettison/jettison/1.1/jettison-1.1.jar:/home/runner/.m2/repository/com/sun/xml/bind/jaxb-impl/2.2.3-1/jaxb-impl-2.2.3-1.jar:/home/runner/.m2/repository/com/google/re2j/re2j/1.1/re2j-1.1.jar:/home/runner/.m2/repository/com/jcraft/jsch/0.1.54/jsch-0.1.54.jar:/home/runner/.m2/repository/org/apache/curator/curator-client/4.2.0/curator-client-4.2.0.jar:/home/runner/.m2/repository/org/apache/curator/curator-recipes/5.2.0/curator-recipes-5.2.0.jar:/home/runner/.m2/repository/org/apache/kerby/kerb-core/1.0.1/kerb-core-1.0.1.jar:/home/runner/.m2/repository/org/apache/kerby/kerby-pkix/1.0.1/kerby-pkix-1.0.1.jar:/home/runner/.m2/repository/org/apache/kerby/kerby-asn1/1.0.1/kerby-asn1-1.0.1.jar:/home/runner/.m2/repository/org/apache/kerby/kerby-util/1.0.1/kerby-util-1.0.1.jar:/home/runner/.m2/repository/dnsjava/dnsjava/2.1.7/dnsjava-2.1.7.jar:/home/runner/.m2/repository/org/xerial/snappy/snappy-java/1.1.8.2/snappy-java-1.1.8.2.jar:/home/runner/.m2/repository/com/fasterxml/jackson/core/jackson-databind/2.13.4.2/jackson-databind-2.13.4.2.jar:/home/runner/.m2/repository/org/apache/hadoop/hadoop-kms/3.3.6/hadoop-kms-3.3.6-tests.jar:/home/runner/.m2/repository/org/apache/ozone/hdds-server-scm/1.4.0-SNAPSHOT/hdds-server-scm-1.4.0-SNAPSHOT-tests.jar:/home/runner/.m2/repository/org/apache/ozone/hdds-container-service/1.4.0-SNAPSHOT/hdds-container-service-1.4.0-SNAPSHOT-tests.jar:/home/runner/.m2/repository/com/github/luben/zstd-jni/1.5.2-5/zstd-jni-1.5.2-5.jar:/home/runner/.m2/repository/commons-codec/commons-codec/1.15/commons-codec-1.15.jar:/home/runner/.m2/repository/io/netty/netty-codec/4.1.86.Final/netty-codec-4.1.86.Final.jar:/home/runner/.m2/repository/io/netty/netty-handler/4.1.86.Final/netty-handler-4.1.86.Final.jar:/home/runner/.m2/repository/org/apache/ozone/hdds-hadoop-dependency-test/1.4.0-SNAPSHOT/hdds-hadoop-dependency-test-1.4.0-SNAPSHOT.jar:/home/runner/.m2/repository/org/apache/hadoop/hadoop-common/3.3.6/hadoop-common-3.3.6-tests.jar:/home/runner/.m2/repository/org/apache/hadoop/hadoop-hdfs/3.3.6/hadoop-hdfs-3.3.6-tests.jar:/home/runner/.m2/repository/org/assertj/assertj-core/3.12.2/assertj-core-3.12.2.jar:/home/runner/.m2/repository/org/apache/hadoop/hadoop-distcp/3.3.6/hadoop-distcp-3.3.6.jar:/home/runner/.m2/repository/org/apache/hadoop/hadoop-mapreduce-client-jobclient/3.3.6/hadoop-mapreduce-client-jobclient-3.3.6.jar:/home/runner/.m2/repository/org/apache/hadoop/hadoop-mapreduce-client-common/3.3.6/hadoop-mapreduce-client-common-3.3.6.jar:/home/runner/.m2/repository/org/apache/hadoop/hadoop-yarn-common/3.3.6/hadoop-yarn-common-3.3.6.jar:/home/runner/.m2/repository/org/apache/hadoop/hadoop-yarn-api/3.3.6/hadoop-yarn-api-3.3.6.jar:/home/runner/.m2/repository/com/sun/jersey/contribs/jersey-guice/1.19/jersey-guice-1.19.jar:/home/runner/.m2/repository/com/fasterxml/jackson/jaxrs/jackson-jaxrs-json-provider/2.13.4/jackson-jaxrs-json-provider-2.13.4.jar:/home/runner/.m2/repository/com/fasterxml/jackson/jaxrs/jackson-jaxrs-base/2.13.4/jackson-jaxrs-base-2.13.4.jar:/home/runner/.m2/repository/org/apache/hadoop/hadoop-yarn-client/3.3.6/hadoop-yarn-client-3.3.6.jar:/home/runner/.m2/repository/org/eclipse/jetty/websocket/websocket-client/9.4.51.v20230217/websocket-client-9.4.51.v20230217.jar:/home/runner/.m2/repository/org/eclipse/jetty/websocket/websocket-common/9.4.51.v20230217/websocket-common-9.4.51.v20230217.jar:/home/runner/.m2/repository/org/eclipse/jetty/websocket/websocket-api/9.4.51.v20230217/websocket-api-9.4.51.v20230217.jar:/home/runner/.m2/repository/org/jline/jline/3.9.0/jline-3.9.0.jar:/home/runner/.m2/repository/org/apache/hadoop/hadoop-mapreduce-client-core/3.3.6/hadoop-mapreduce-client-core-3.3.6.jar:/home/runner/.m2/repository/org/apache/avro/avro/1.7.7/avro-1.7.7.jar:/home/runner/.m2/repository/com/thoughtworks/paranamer/paranamer/2.3/paranamer-2.3.jar:/home/runner/.m2/repository/org/apache/hadoop/hadoop-annotations/3.3.6/hadoop-annotations-3.3.6.jar:/usr/lib/jvm/temurin-8-jdk-amd64/jre/../lib/tools.jar:/home/runner/.m2/repository/io/netty/netty/3.10.6.Final/netty-3.10.6.Final.jar:/home/runner/.m2/repository/org/apache/hadoop/hadoop-distcp/3.3.6/hadoop-distcp-3.3.6-tests.jar:/home/runner/.m2/repository/org/slf4j/jul-to-slf4j/1.7.36/jul-to-slf4j-1.7.36.jar:"/>
    <property name="java.vm.vendor" value="Temurin"/>
    <property name="sun.arch.data.model" value="64"/>
    <property name="test.build.dir" value="/home/runner/work/ozone/ozone/hadoop-ozone/integration-test/target/test-dir"/>
    <property name="test.cache.data" value=""/>
    <property name="java.vendor.url" value="https://adoptium.net/"/>
    <property name="user.timezone" value="Etc/UTC"/>
    <property name="java.vm.specification.version" value="1.8"/>
    <property name="os.name" value="Linux"/>
    <property name="test.build.data" value="/home/runner/work/ozone/ozone/hadoop-ozone/integration-test/target/test-dir"/>
    <property name="sun.java.launcher" value="SUN_STANDARD"/>
    <property name="sun.boot.library.path" value="/usr/lib/jvm/temurin-8-jdk-amd64/jre/lib/amd64"/>
    <property name="sun.java.command" value="/home/runner/work/ozone/ozone/hadoop-ozone/integration-test/target/surefire/surefirebooter5333174181516452207.jar /home/runner/work/ozone/ozone/hadoop-ozone/integration-test/target/surefire 2023-07-18T19-10-01_257-jvmRun1 surefire5510541819557753552tmp surefire_188109342174796191965tmp"/>
    <property name="native.lib.tmp.dir" value="/tmp"/>
    <property name="surefire.test.class.path" value="/home/runner/work/ozone/ozone/hadoop-ozone/integration-test/target/test-classes:/home/runner/work/ozone/ozone/hadoop-ozone/integration-test/target/classes:/home/runner/.m2/repository/org/apache/ozone/ozone-common/1.4.0-SNAPSHOT/ozone-common-1.4.0-SNAPSHOT.jar:/home/runner/.m2/repository/io/grpc/grpc-netty/1.51.1/grpc-netty-1.51.1.jar:/home/runner/.m2/repository/io/grpc/grpc-core/1.51.1/grpc-core-1.51.1.jar:/home/runner/.m2/repository/com/google/android/annotations/4.1.1.4/annotations-4.1.1.4.jar:/home/runner/.m2/repository/org/codehaus/mojo/animal-sniffer-annotations/1.21/animal-sniffer-annotations-1.21.jar:/home/runner/.m2/repository/com/google/errorprone/error_prone_annotations/2.2.0/error_prone_annotations-2.2.0.jar:/home/runner/.m2/repository/io/perfmark/perfmark-api/0.25.0/perfmark-api-0.25.0.jar:/home/runner/.m2/repository/io/netty/netty-codec-http2/4.1.86.Final/netty-codec-http2-4.1.86.Final.jar:/home/runner/.m2/repository/io/netty/netty-common/4.1.86.Final/netty-common-4.1.86.Final.jar:/home/runner/.m2/repository/io/netty/netty-buffer/4.1.86.Final/netty-buffer-4.1.86.Final.jar:/home/runner/.m2/repository/io/netty/netty-codec-http/4.1.86.Final/netty-codec-http-4.1.86.Final.jar:/home/runner/.m2/repository/io/netty/netty-handler-proxy/4.1.86.Final/netty-handler-proxy-4.1.86.Final.jar:/home/runner/.m2/repository/io/netty/netty-codec-socks/4.1.86.Final/netty-codec-socks-4.1.86.Final.jar:/home/runner/.m2/repository/io/netty/netty-tcnative-boringssl-static/2.0.54.Final/netty-tcnative-boringssl-static-2.0.54.Final.jar:/home/runner/.m2/repository/io/netty/netty-tcnative-classes/2.0.54.Final/netty-tcnative-classes-2.0.54.Final.jar:/home/runner/.m2/repository/io/netty/netty-tcnative-boringssl-static/2.0.54.Final/netty-tcnative-boringssl-static-2.0.54.Final-linux-x86_64.jar:/home/runner/.m2/repository/io/netty/netty-tcnative-boringssl-static/2.0.54.Final/netty-tcnative-boringssl-static-2.0.54.Final-linux-aarch_64.jar:/home/runner/.m2/repository/io/netty/netty-tcnative-boringssl-static/2.0.54.Final/netty-tcnative-boringssl-static-2.0.54.Final-osx-x86_64.jar:/home/runner/.m2/repository/io/netty/netty-tcnative-boringssl-static/2.0.54.Final/netty-tcnative-boringssl-static-2.0.54.Final-osx-aarch_64.jar:/home/runner/.m2/repository/io/netty/netty-tcnative-boringssl-static/2.0.54.Final/netty-tcnative-boringssl-static-2.0.54.Final-windows-x86_64.jar:/home/runner/.m2/repository/org/apache/commons/commons-compress/1.21/commons-compress-1.21.jar:/home/runner/.m2/repository/org/apache/ozone/hdds-common/1.4.0-SNAPSHOT/hdds-common-1.4.0-SNAPSHOT.jar:/home/runner/.m2/repository/org/apache/ozone/hdds-client/1.4.0-SNAPSHOT/hdds-client-1.4.0-SNAPSHOT.jar:/home/runner/.m2/repository/org/apache/ozone/ozone-interface-client/1.4.0-SNAPSHOT/ozone-interface-client-1.4.0-SNAPSHOT.jar:/home/runner/.m2/repository/org/apache/hadoop/hadoop-hdfs-client/3.3.6/hadoop-hdfs-client-3.3.6.jar:/home/runner/.m2/repository/com/squareup/okhttp3/okhttp/4.9.3/okhttp-4.9.3.jar:/home/runner/.m2/repository/com/squareup/okio/okio/3.4.0/okio-3.4.0.jar:/home/runner/.m2/repository/com/squareup/okio/okio-jvm/3.4.0/okio-jvm-3.4.0.jar:/home/runner/.m2/repository/org/jetbrains/kotlin/kotlin-stdlib-jdk8/1.8.0/kotlin-stdlib-jdk8-1.8.0.jar:/home/runner/.m2/repository/org/jetbrains/kotlin/kotlin-stdlib-jdk7/1.8.0/kotlin-stdlib-jdk7-1.8.0.jar:/home/runner/.m2/repository/org/jetbrains/kotlin/kotlin-stdlib-common/1.6.21/kotlin-stdlib-common-1.6.21.jar:/home/runner/.m2/repository/org/apache/ozone/hdds-test-utils/1.4.0-SNAPSHOT/hdds-test-utils-1.4.0-SNAPSHOT.jar:/home/runner/.m2/repository/com/google/guava/guava/32.0.0-jre/guava-32.0.0-jre.jar:/home/runner/.m2/repository/com/google/guava/failureaccess/1.0.1/failureaccess-1.0.1.jar:/home/runner/.m2/repository/com/google/guava/listenablefuture/9999.0-empty-to-avoid-conflict-with-guava/listenablefuture-9999.0-empty-to-avoid-conflict-with-guava.jar:/home/runner/.m2/repository/com/google/code/findbugs/jsr305/3.0.0/jsr305-3.0.0.jar:/home/runner/.m2/repository/org/checkerframework/checker-qual/3.33.0/checker-qual-3.33.0.jar:/home/runner/.m2/repository/com/google/j2objc/j2objc-annotations/2.8/j2objc-annotations-2.8.jar:/home/runner/.m2/repository/commons-io/commons-io/2.11.0/commons-io-2.11.0.jar:/home/runner/.m2/repository/commons-logging/commons-logging/1.2/commons-logging-1.2.jar:/home/runner/.m2/repository/ch/qos/reload4j/reload4j/1.2.22/reload4j-1.2.22.jar:/home/runner/.m2/repository/org/slf4j/slf4j-api/1.7.36/slf4j-api-1.7.36.jar:/home/runner/.m2/repository/org/apache/logging/log4j/log4j-api/2.17.1/log4j-api-2.17.1.jar:/home/runner/.m2/repository/org/apache/ozone/hdds-server-scm/1.4.0-SNAPSHOT/hdds-server-scm-1.4.0-SNAPSHOT.jar:/home/runner/.m2/repository/org/apache/ozone/hdds-container-service/1.4.0-SNAPSHOT/hdds-container-service-1.4.0-SNAPSHOT.jar:/home/runner/.m2/repository/org/apache/ozone/hdds-hadoop-dependency-server/1.4.0-SNAPSHOT/hdds-hadoop-dependency-server-1.4.0-SNAPSHOT.jar:/home/runner/.m2/repository/org/apache/hadoop/hadoop-hdfs/3.3.6/hadoop-hdfs-3.3.6.jar:/home/runner/.m2/repository/commons-daemon/commons-daemon/1.0.13/commons-daemon-1.0.13.jar:/home/runner/.m2/repository/org/apache/ozone/hdds-server-framework/1.4.0-SNAPSHOT/hdds-server-framework-1.4.0-SNAPSHOT.jar:/home/runner/.m2/repository/io/dropwizard/metrics/metrics-core/3.2.4/metrics-core-3.2.4.jar:/home/runner/.m2/repository/org/apache/commons/commons-text/1.10.0/commons-text-1.10.0.jar:/home/runner/.m2/repository/org/bouncycastle/bcprov-jdk15on/1.67/bcprov-jdk15on-1.67.jar:/home/runner/.m2/repository/com/google/protobuf/protobuf-java/2.5.0/protobuf-java-2.5.0.jar:/home/runner/.m2/repository/org/apache/ozone/hdds-server-framework/1.4.0-SNAPSHOT/hdds-server-framework-1.4.0-SNAPSHOT-tests.jar:/home/runner/.m2/repository/org/apache/ozone/hdds-interface-server/1.4.0-SNAPSHOT/hdds-interface-server-1.4.0-SNAPSHOT.jar:/home/runner/.m2/repository/org/apache/ozone/hdds-interface-admin/1.4.0-SNAPSHOT/hdds-interface-admin-1.4.0-SNAPSHOT.jar:/home/runner/.m2/repository/org/apache/ozone/hdds-managed-rocksdb/1.4.0-SNAPSHOT/hdds-managed-rocksdb-1.4.0-SNAPSHOT.jar:/home/runner/.m2/repository/org/rocksdb/rocksdbjni/7.7.3/rocksdbjni-7.7.3.jar:/home/runner/.m2/repository/org/slf4j/slf4j-reload4j/1.7.36/slf4j-reload4j-1.7.36.jar:/home/runner/.m2/repository/org/apache/commons/commons-configuration2/2.1.1/commons-configuration2-2.1.1.jar:/home/runner/.m2/repository/commons-fileupload/commons-fileupload/1.5/commons-fileupload-1.5.jar:/home/runner/.m2/repository/org/apache/logging/log4j/log4j-core/2.17.1/log4j-core-2.17.1.jar:/home/runner/.m2/repository/com/lmax/disruptor/3.4.2/disruptor-3.4.2.jar:/home/runner/.m2/repository/org/eclipse/jetty/jetty-util/9.4.51.v20230217/jetty-util-9.4.51.v20230217.jar:/home/runner/.m2/repository/org/eclipse/jetty/jetty-server/9.4.51.v20230217/jetty-server-9.4.51.v20230217.jar:/home/runner/.m2/repository/org/eclipse/jetty/jetty-http/9.4.51.v20230217/jetty-http-9.4.51.v20230217.jar:/home/runner/.m2/repository/org/eclipse/jetty/jetty-io/9.4.51.v20230217/jetty-io-9.4.51.v20230217.jar:/home/runner/.m2/repository/org/eclipse/jetty/jetty-servlet/9.4.51.v20230217/jetty-servlet-9.4.51.v20230217.jar:/home/runner/.m2/repository/org/eclipse/jetty/jetty-security/9.4.51.v20230217/jetty-security-9.4.51.v20230217.jar:/home/runner/.m2/repository/org/eclipse/jetty/jetty-util-ajax/9.4.51.v20230217/jetty-util-ajax-9.4.51.v20230217.jar:/home/runner/.m2/repository/org/eclipse/jetty/jetty-webapp/9.4.51.v20230217/jetty-webapp-9.4.51.v20230217.jar:/home/runner/.m2/repository/org/eclipse/jetty/jetty-xml/9.4.51.v20230217/jetty-xml-9.4.51.v20230217.jar:/home/runner/.m2/repository/org/apache/ratis/ratis-server/2.5.1/ratis-server-2.5.1.jar:/home/runner/.m2/repository/org/apache/ratis/ratis-thirdparty-misc/1.0.4/ratis-thirdparty-misc-1.0.4.jar:/home/runner/.m2/repository/org/apache/ratis/ratis-proto/2.5.1/ratis-proto-2.5.1.jar:/home/runner/.m2/repository/org/apache/ratis/ratis-common/2.5.1/ratis-common-2.5.1.jar:/home/runner/.m2/repository/org/apache/ratis/ratis-client/2.5.1/ratis-client-2.5.1.jar:/home/runner/.m2/repository/org/apache/ratis/ratis-server-api/2.5.1/ratis-server-api-2.5.1.jar:/home/runner/.m2/repository/org/apache/ratis/ratis-metrics/2.5.1/ratis-metrics-2.5.1.jar:/home/runner/.m2/repository/io/prometheus/simpleclient_dropwizard/0.7.0/simpleclient_dropwizard-0.7.0.jar:/home/runner/.m2/repository/io/prometheus/simpleclient/0.7.0/simpleclient-0.7.0.jar:/home/runner/.m2/repository/io/prometheus/simpleclient_common/0.7.0/simpleclient_common-0.7.0.jar:/home/runner/.m2/repository/com/fasterxml/jackson/datatype/jackson-datatype-jsr310/2.13.4/jackson-datatype-jsr310-2.13.4.jar:/home/runner/.m2/repository/com/fasterxml/jackson/core/jackson-core/2.13.4/jackson-core-2.13.4.jar:/home/runner/.m2/repository/com/github/spotbugs/spotbugs-annotations/3.1.12/spotbugs-annotations-3.1.12.jar:/home/runner/.m2/repository/org/apache/ozone/rocksdb-checkpoint-differ/1.4.0-SNAPSHOT/rocksdb-checkpoint-differ-1.4.0-SNAPSHOT.jar:/home/runner/.m2/repository/org/jgrapht/jgrapht-core/1.0.1/jgrapht-core-1.0.1.jar:/home/runner/.m2/repository/org/jgrapht/jgrapht-ext/1.0.1/jgrapht-ext-1.0.1.jar:/home/runner/.m2/repository/org/tinyjee/jgraphx/jgraphx/2.0.0.1/jgraphx-2.0.0.1.jar:/home/runner/.m2/repository/jgraph/jgraph/5.13.0.0/jgraph-5.13.0.0.jar:/home/runner/.m2/repository/org/antlr/antlr4-runtime/4.5.3/antlr4-runtime-4.5.3.jar:/home/runner/.m2/repository/org/awaitility/awaitility/4.2.0/awaitility-4.2.0.jar:/home/runner/.m2/repository/org/hamcrest/hamcrest/2.1/hamcrest-2.1.jar:/home/runner/.m2/repository/org/apache/ozone/ozone-manager/1.4.0-SNAPSHOT/ozone-manager-1.4.0-SNAPSHOT.jar:/home/runner/.m2/repository/org/aspectj/aspectjrt/1.9.7/aspectjrt-1.9.7.jar:/home/runner/.m2/repository/org/aspectj/aspectjweaver/1.9.7/aspectjweaver-1.9.7.jar:/home/runner/.m2/repository/org/apache/ozone/hdds-interface-client/1.4.0-SNAPSHOT/hdds-interface-client-1.4.0-SNAPSHOT.jar:/home/runner/.m2/repository/org/apache/hadoop/thirdparty/hadoop-shaded-protobuf_3_7/1.1.1/hadoop-shaded-protobuf_3_7-1.1.1.jar:/home/runner/.m2/repository/org/apache/ozone/ozone-interface-storage/1.4.0-SNAPSHOT/ozone-interface-storage-1.4.0-SNAPSHOT.jar:/home/runner/.m2/repository/org/reflections/reflections/0.9.11/reflections-0.9.11.jar:/home/runner/.m2/repository/com/sun/jersey/jersey-client/1.19/jersey-client-1.19.jar:/home/runner/.m2/repository/org/codehaus/jackson/jackson-core-asl/1.9.13/jackson-core-asl-1.9.13.jar:/home/runner/.m2/repository/org/codehaus/jackson/jackson-mapper-asl/1.9.13/jackson-mapper-asl-1.9.13.jar:/home/runner/.m2/repository/org/codehaus/jackson/jackson-jaxrs/1.9.13/jackson-jaxrs-1.9.13.jar:/home/runner/.m2/repository/org/apache/ranger/ranger-intg/2.3.0/ranger-intg-2.3.0.jar:/home/runner/.m2/repository/org/apache/ranger/ranger-plugins-common/2.3.0/ranger-plugins-common-2.3.0.jar:/home/runner/.m2/repository/commons-lang/commons-lang/2.6/commons-lang-2.6.jar:/home/runner/.m2/repository/org/apache/ranger/ranger-plugins-cred/2.3.0/ranger-plugins-cred-2.3.0.jar:/home/runner/.m2/repository/org/apache/ranger/ranger-plugins-audit/2.3.0/ranger-plugins-audit-2.3.0.jar:/home/runner/.m2/repository/org/eclipse/jetty/jetty-client/9.4.51.v20230217/jetty-client-9.4.51.v20230217.jar:/home/runner/.m2/repository/org/apache/httpcomponents/httpmime/4.5.6/httpmime-4.5.6.jar:/home/runner/.m2/repository/org/apache/httpcomponents/httpcore-nio/4.4.13/httpcore-nio-4.4.13.jar:/home/runner/.m2/repository/org/apache/httpcomponents/httpasyncclient/4.1.3/httpasyncclient-4.1.3.jar:/home/runner/.m2/repository/com/carrotsearch/hppc/0.8.0/hppc-0.8.0.jar:/home/runner/.m2/repository/org/apache/orc/orc-core/1.5.8/orc-core-1.5.8.jar:/home/runner/.m2/repository/net/java/dev/jna/jna/5.2.0/jna-5.2.0.jar:/home/runner/.m2/repository/net/java/dev/jna/jna-platform/5.2.0/jna-platform-5.2.0.jar:/home/runner/.m2/repository/com/kstruct/gethostname4j/0.0.2/gethostname4j-0.0.2.jar:/home/runner/.m2/repository/org/apache/ranger/ranger-plugin-classloader/2.3.0/ranger-plugin-classloader-2.3.0.jar:/home/runner/.m2/repository/org/apache/ozone/hdds-rocks-native/1.4.0-SNAPSHOT/hdds-rocks-native-1.4.0-SNAPSHOT.jar:/home/runner/.m2/repository/org/apache/hadoop/hadoop-minikdc/3.3.6/hadoop-minikdc-3.3.6.jar:/home/runner/.m2/repository/org/apache/kerby/kerb-simplekdc/1.0.1/kerb-simplekdc-1.0.1.jar:/home/runner/.m2/repository/org/apache/kerby/kerb-client/1.0.1/kerb-client-1.0.1.jar:/home/runner/.m2/repository/org/apache/kerby/kerby-config/1.0.1/kerby-config-1.0.1.jar:/home/runner/.m2/repository/org/apache/kerby/kerb-common/1.0.1/kerb-common-1.0.1.jar:/home/runner/.m2/repository/org/apache/kerby/kerb-crypto/1.0.1/kerb-crypto-1.0.1.jar:/home/runner/.m2/repository/org/apache/kerby/kerb-util/1.0.1/kerb-util-1.0.1.jar:/home/runner/.m2/repository/org/apache/kerby/token-provider/1.0.1/token-provider-1.0.1.jar:/home/runner/.m2/repository/org/apache/kerby/kerb-admin/1.0.1/kerb-admin-1.0.1.jar:/home/runner/.m2/repository/org/apache/kerby/kerb-server/1.0.1/kerb-server-1.0.1.jar:/home/runner/.m2/repository/org/apache/kerby/kerb-identity/1.0.1/kerb-identity-1.0.1.jar:/home/runner/.m2/repository/org/apache/kerby/kerby-xdr/1.0.1/kerby-xdr-1.0.1.jar:/home/runner/.m2/repository/org/apache/ozone/ozone-s3gateway/1.4.0-SNAPSHOT/ozone-s3gateway-1.4.0-SNAPSHOT.jar:/home/runner/.m2/repository/org/javassist/javassist/3.21.0-GA/javassist-3.21.0-GA.jar:/home/runner/.m2/repository/org/jboss/weld/servlet/weld-servlet-shaded/3.1.9.Final/weld-servlet-shaded-3.1.9.Final.jar:/home/runner/.m2/repository/org/glassfish/jersey/containers/jersey-container-servlet-core/2.34/jersey-container-servlet-core-2.34.jar:/home/runner/.m2/repository/org/glassfish/hk2/external/jakarta.inject/2.6.1/jakarta.inject-2.6.1.jar:/home/runner/.m2/repository/org/glassfish/jersey/core/jersey-common/2.34/jersey-common-2.34.jar:/home/runner/.m2/repository/jakarta/ws/rs/jakarta.ws.rs-api/2.1.6/jakarta.ws.rs-api-2.1.6.jar:/home/runner/.m2/repository/org/glassfish/jersey/ext/cdi/jersey-cdi1x/2.34/jersey-cdi1x-2.34.jar:/home/runner/.m2/repository/org/glassfish/jersey/inject/jersey-hk2/2.34/jersey-hk2-2.34.jar:/home/runner/.m2/repository/org/glassfish/hk2/hk2-locator/2.6.1/hk2-locator-2.6.1.jar:/home/runner/.m2/repository/org/glassfish/jersey/media/jersey-media-jaxb/2.34/jersey-media-jaxb-2.34.jar:/home/runner/.m2/repository/org/glassfish/hk2/osgi-resource-locator/1.0.3/osgi-resource-locator-1.0.3.jar:/home/runner/.m2/repository/org/glassfish/hk2/hk2-api/2.5.0/hk2-api-2.5.0.jar:/home/runner/.m2/repository/org/glassfish/hk2/hk2-utils/2.5.0/hk2-utils-2.5.0.jar:/home/runner/.m2/repository/org/glassfish/hk2/external/aopalliance-repackaged/2.5.0/aopalliance-repackaged-2.5.0.jar:/home/runner/.m2/repository/com/fasterxml/jackson/dataformat/jackson-dataformat-xml/2.13.4/jackson-dataformat-xml-2.13.4.jar:/home/runner/.m2/repository/org/codehaus/woodstox/stax2-api/4.2.1/stax2-api-4.2.1.jar:/home/runner/.m2/repository/com/fasterxml/woodstox/woodstox-core/5.4.0/woodstox-core-5.4.0.jar:/home/runner/.m2/repository/com/fasterxml/jackson/module/jackson-module-jaxb-annotations/2.13.4/jackson-module-jaxb-annotations-2.13.4.jar:/home/runner/.m2/repository/jakarta/xml/bind/jakarta.xml.bind-api/2.3.3/jakarta.xml.bind-api-2.3.3.jar:/home/runner/.m2/repository/jakarta/activation/jakarta.activation-api/1.2.2/jakarta.activation-api-1.2.2.jar:/home/runner/.m2/repository/javax/enterprise/cdi-api/2.0/cdi-api-2.0.jar:/home/runner/.m2/repository/javax/el/javax.el-api/3.0.0/javax.el-api-3.0.0.jar:/home/runner/.m2/repository/javax/interceptor/javax.interceptor-api/1.2/javax.interceptor-api-1.2.jar:/home/runner/.m2/repository/javax/inject/javax.inject/1/javax.inject-1.jar:/home/runner/.m2/repository/javax/xml/bind/jaxb-api/2.3.0/jaxb-api-2.3.0.jar:/home/runner/.m2/repository/org/glassfish/jaxb/jaxb-runtime/2.3.0.1/jaxb-runtime-2.3.0.1.jar:/home/runner/.m2/repository/org/glassfish/jaxb/jaxb-core/2.3.0.1/jaxb-core-2.3.0.1.jar:/home/runner/.m2/repository/org/glassfish/jaxb/txw2/2.3.0.1/txw2-2.3.0.1.jar:/home/runner/.m2/repository/com/sun/istack/istack-commons-runtime/3.0.5/istack-commons-runtime-3.0.5.jar:/home/runner/.m2/repository/org/jvnet/staxex/stax-ex/1.7.8/stax-ex-1.7.8.jar:/home/runner/.m2/repository/com/sun/xml/fastinfoset/FastInfoset/1.2.13/FastInfoset-1.2.13.jar:/home/runner/.m2/repository/javax/activation/activation/1.1.1/activation-1.1.1.jar:/home/runner/.m2/repository/io/grpc/grpc-protobuf/1.51.1/grpc-protobuf-1.51.1.jar:/home/runner/.m2/repository/com/google/api/grpc/proto-google-common-protos/2.9.0/proto-google-common-protos-2.9.0.jar:/home/runner/.m2/repository/io/grpc/grpc-protobuf-lite/1.51.1/grpc-protobuf-lite-1.51.1.jar:/home/runner/.m2/repository/io/grpc/grpc-stub/1.51.1/grpc-stub-1.51.1.jar:/home/runner/.m2/repository/io/netty/netty-transport/4.1.86.Final/netty-transport-4.1.86.Final.jar:/home/runner/.m2/repository/io/netty/netty-resolver/4.1.86.Final/netty-resolver-4.1.86.Final.jar:/home/runner/.m2/repository/org/apache/ozone/ozone-csi/1.4.0-SNAPSHOT/ozone-csi-1.4.0-SNAPSHOT.jar:/home/runner/.m2/repository/com/google/protobuf/protobuf-java-util/3.19.6/protobuf-java-util-3.19.6.jar:/home/runner/.m2/repository/com/google/code/gson/gson/2.9.0/gson-2.9.0.jar:/home/runner/.m2/repository/org/apache/ozone/hdds-config/1.4.0-SNAPSHOT/hdds-config-1.4.0-SNAPSHOT.jar:/home/runner/.m2/repository/io/netty/netty-transport-native-epoll/4.1.86.Final/netty-transport-native-epoll-4.1.86.Final-linux-x86_64.jar:/home/runner/.m2/repository/io/netty/netty-transport-classes-epoll/4.1.86.Final/netty-transport-classes-epoll-4.1.86.Final.jar:/home/runner/.m2/repository/io/netty/netty-transport-native-unix-common/4.1.86.Final/netty-transport-native-unix-common-4.1.86.Final.jar:/home/runner/.m2/repository/org/apache/ozone/ozone-recon/1.4.0-SNAPSHOT/ozone-recon-1.4.0-SNAPSHOT.jar:/home/runner/.m2/repository/org/apache/ozone/ozone-reconcodegen/1.4.0-SNAPSHOT/ozone-reconcodegen-1.4.0-SNAPSHOT.jar:/home/runner/.m2/repository/com/google/inject/guice/5.1.0/guice-5.1.0.jar:/home/runner/.m2/repository/aopalliance/aopalliance/1.0/aopalliance-1.0.jar:/home/runner/.m2/repository/com/google/inject/extensions/guice-assistedinject/5.1.0/guice-assistedinject-5.1.0.jar:/home/runner/.m2/repository/com/google/inject/extensions/guice-servlet/5.1.0/guice-servlet-5.1.0.jar:/home/runner/.m2/repository/org/glassfish/jersey/containers/jersey-container-servlet/2.34/jersey-container-servlet-2.34.jar:/home/runner/.m2/repository/org/glassfish/hk2/guice-bridge/2.5.0/guice-bridge-2.5.0.jar:/home/runner/.m2/repository/org/glassfish/jersey/core/jersey-server/2.34/jersey-server-2.34.jar:/home/runner/.m2/repository/org/glassfish/jersey/core/jersey-client/2.34/jersey-client-2.34.jar:/home/runner/.m2/repository/jakarta/annotation/jakarta.annotation-api/1.3.5/jakarta.annotation-api-1.3.5.jar:/home/runner/.m2/repository/jakarta/validation/jakarta.validation-api/2.0.2/jakarta.validation-api-2.0.2.jar:/home/runner/.m2/repository/org/glassfish/jersey/media/jersey-media-json-jackson/2.34/jersey-media-json-jackson-2.34.jar:/home/runner/.m2/repository/org/glassfish/jersey/ext/jersey-entity-filtering/2.34/jersey-entity-filtering-2.34.jar:/home/runner/.m2/repository/org/jooq/jooq/3.11.10/jooq-3.11.10.jar:/home/runner/.m2/repository/org/jooq/jooq-meta/3.11.10/jooq-meta-3.11.10.jar:/home/runner/.m2/repository/org/jooq/jooq-codegen/3.11.10/jooq-codegen-3.11.10.jar:/home/runner/.m2/repository/com/jolbox/bonecp/0.8.0.RELEASE/bonecp-0.8.0.RELEASE.jar:/home/runner/.m2/repository/org/apache/derby/derby/10.14.2.0/derby-10.14.2.0.jar:/home/runner/.m2/repository/org/xerial/sqlite-jdbc/3.41.2.2/sqlite-jdbc-3.41.2.2.jar:/home/runner/.m2/repository/org/springframework/spring-jdbc/5.3.27/spring-jdbc-5.3.27.jar:/home/runner/.m2/repository/org/springframework/spring-beans/5.3.27/spring-beans-5.3.27.jar:/home/runner/.m2/repository/org/springframework/spring-core/5.3.27/spring-core-5.3.27.jar:/home/runner/.m2/repository/org/springframework/spring-tx/5.3.27/spring-tx-5.3.27.jar:/home/runner/.m2/repository/org/apache/ozone/ozone-client/1.4.0-SNAPSHOT/ozone-client-1.4.0-SNAPSHOT.jar:/home/runner/.m2/repository/org/apache/ozone/hdds-erasurecode/1.4.0-SNAPSHOT/hdds-erasurecode-1.4.0-SNAPSHOT.jar:/home/runner/.m2/repository/org/apache/ozone/ozone-filesystem/1.4.0-SNAPSHOT/ozone-filesystem-1.4.0-SNAPSHOT.jar:/home/runner/.m2/repository/org/apache/ozone/ozone-filesystem-common/1.4.0-SNAPSHOT/ozone-filesystem-common-1.4.0-SNAPSHOT.jar:/home/runner/.m2/repository/org/apache/ozone/ozone-tools/1.4.0-SNAPSHOT/ozone-tools-1.4.0-SNAPSHOT.jar:/home/runner/.m2/repository/com/amazonaws/aws-java-sdk-core/1.12.261/aws-java-sdk-core-1.12.261.jar:/home/runner/.m2/repository/org/apache/httpcomponents/httpclient/4.5.13/httpclient-4.5.13.jar:/home/runner/.m2/repository/org/apache/httpcomponents/httpcore/4.4.13/httpcore-4.4.13.jar:/home/runner/.m2/repository/software/amazon/ion/ion-java/1.0.2/ion-java-1.0.2.jar:/home/runner/.m2/repository/com/fasterxml/jackson/dataformat/jackson-dataformat-cbor/2.13.4/jackson-dataformat-cbor-2.13.4.jar:/home/runner/.m2/repository/joda-time/joda-time/2.10.6/joda-time-2.10.6.jar:/home/runner/.m2/repository/com/amazonaws/aws-java-sdk-s3/1.12.261/aws-java-sdk-s3-1.12.261.jar:/home/runner/.m2/repository/com/amazonaws/aws-java-sdk-kms/1.12.261/aws-java-sdk-kms-1.12.261.jar:/home/runner/.m2/repository/com/amazonaws/jmespath-java/1.12.261/jmespath-java-1.12.261.jar:/home/runner/.m2/repository/org/kohsuke/metainf-services/metainf-services/1.8/metainf-services-1.8.jar:/home/runner/.m2/repository/org/apache/ozone/hdds-tools/1.4.0-SNAPSHOT/hdds-tools-1.4.0-SNAPSHOT.jar:/home/runner/.m2/repository/org/apache/ratis/ratis-tools/2.5.1/ratis-tools-2.5.1.jar:/home/runner/.m2/repository/commons-cli/commons-cli/1.2/commons-cli-1.2.jar:/home/runner/.m2/repository/org/apache/commons/commons-lang3/3.7/commons-lang3-3.7.jar:/home/runner/.m2/repository/org/apache/ozone/ozone-manager/1.4.0-SNAPSHOT/ozone-manager-1.4.0-SNAPSHOT-tests.jar:/home/runner/.m2/repository/org/apache/ozone/hdds-common/1.4.0-SNAPSHOT/hdds-common-1.4.0-SNAPSHOT-tests.jar:/home/runner/.m2/repository/org/apache/ozone/hdds-hadoop-dependency-client/1.4.0-SNAPSHOT/hdds-hadoop-dependency-client-1.4.0-SNAPSHOT.jar:/home/runner/.m2/repository/info/picocli/picocli/4.6.1/picocli-4.6.1.jar:/home/runner/.m2/repository/com/fasterxml/jackson/core/jackson-annotations/2.13.4/jackson-annotations-2.13.4.jar:/home/runner/.m2/repository/org/apache/ozone/hdds-annotation-processing/1.4.0-SNAPSHOT/hdds-annotation-processing-1.4.0-SNAPSHOT.jar:/home/runner/.m2/repository/javax/annotation/javax.annotation-api/1.2/javax.annotation-api-1.2.jar:/home/runner/.m2/repository/org/apache/ratis/ratis-netty/2.5.1/ratis-netty-2.5.1.jar:/home/runner/.m2/repository/org/apache/ratis/ratis-grpc/2.5.1/ratis-grpc-2.5.1.jar:/home/runner/.m2/repository/org/apache/commons/commons-pool2/2.6.0/commons-pool2-2.6.0.jar:/home/runner/.m2/repository/org/bouncycastle/bcpkix-jdk15on/1.67/bcpkix-jdk15on-1.67.jar:/home/runner/.m2/repository/commons-validator/commons-validator/1.6/commons-validator-1.6.jar:/home/runner/.m2/repository/commons-beanutils/commons-beanutils/1.9.4/commons-beanutils-1.9.4.jar:/home/runner/.m2/repository/commons-digester/commons-digester/1.8.1/commons-digester-1.8.1.jar:/home/runner/.m2/repository/commons-collections/commons-collections/3.2.2/commons-collections-3.2.2.jar:/home/runner/.m2/repository/io/jaegertracing/jaeger-client/1.6.0/jaeger-client-1.6.0.jar:/home/runner/.m2/repository/io/jaegertracing/jaeger-thrift/1.6.0/jaeger-thrift-1.6.0.jar:/home/runner/.m2/repository/org/apache/thrift/libthrift/0.14.1/libthrift-0.14.1.jar:/home/runner/.m2/repository/io/jaegertracing/jaeger-core/1.6.0/jaeger-core-1.6.0.jar:/home/runner/.m2/repository/io/jaegertracing/jaeger-tracerresolver/1.6.0/jaeger-tracerresolver-1.6.0.jar:/home/runner/.m2/repository/io/opentracing/contrib/opentracing-tracerresolver/0.1.8/opentracing-tracerresolver-0.1.8.jar:/home/runner/.m2/repository/org/jetbrains/kotlin/kotlin-stdlib/1.6.21/kotlin-stdlib-1.6.21.jar:/home/runner/.m2/repository/org/jetbrains/annotations/13.0/annotations-13.0.jar:/home/runner/.m2/repository/io/opentracing/opentracing-util/0.33.0/opentracing-util-0.33.0.jar:/home/runner/.m2/repository/io/opentracing/opentracing-api/0.33.0/opentracing-api-0.33.0.jar:/home/runner/.m2/repository/io/opentracing/opentracing-noop/0.33.0/opentracing-noop-0.33.0.jar:/home/runner/.m2/repository/org/yaml/snakeyaml/2.0/snakeyaml-2.0.jar:/home/runner/.m2/repository/io/grpc/grpc-api/1.51.1/grpc-api-1.51.1.jar:/home/runner/.m2/repository/io/grpc/grpc-context/1.51.1/grpc-context-1.51.1.jar:/home/runner/.m2/repository/junit/junit/4.13.1/junit-4.13.1.jar:/home/runner/.m2/repository/org/hamcrest/hamcrest-core/1.3/hamcrest-core-1.3.jar:/home/runner/.m2/repository/org/junit/jupiter/junit-jupiter-api/5.8.2/junit-jupiter-api-5.8.2.jar:/home/runner/.m2/repository/org/opentest4j/opentest4j/1.2.0/opentest4j-1.2.0.jar:/home/runner/.m2/repository/org/junit/platform/junit-platform-commons/1.8.2/junit-platform-commons-1.8.2.jar:/home/runner/.m2/repository/org/apiguardian/apiguardian-api/1.1.2/apiguardian-api-1.1.2.jar:/home/runner/.m2/repository/org/junit/jupiter/junit-jupiter-params/5.8.2/junit-jupiter-params-5.8.2.jar:/home/runner/.m2/repository/org/junit/jupiter/junit-jupiter-migrationsupport/5.8.2/junit-jupiter-migrationsupport-5.8.2.jar:/home/runner/.m2/repository/org/junit/jupiter/junit-jupiter-engine/5.8.2/junit-jupiter-engine-5.8.2.jar:/home/runner/.m2/repository/org/junit/platform/junit-platform-engine/1.8.2/junit-platform-engine-1.8.2.jar:/home/runner/.m2/repository/org/junit/vintage/junit-vintage-engine/5.8.2/junit-vintage-engine-5.8.2.jar:/home/runner/.m2/repository/org/junit/platform/junit-platform-launcher/1.8.2/junit-platform-launcher-1.8.2.jar:/home/runner/.m2/repository/org/mockito/mockito-core/3.5.9/mockito-core-3.5.9.jar:/home/runner/.m2/repository/net/bytebuddy/byte-buddy/1.10.13/byte-buddy-1.10.13.jar:/home/runner/.m2/repository/net/bytebuddy/byte-buddy-agent/1.10.13/byte-buddy-agent-1.10.13.jar:/home/runner/.m2/repository/org/objenesis/objenesis/1.0/objenesis-1.0.jar:/home/runner/.m2/repository/org/apache/hadoop/hadoop-kms/3.3.6/hadoop-kms-3.3.6.jar:/home/runner/.m2/repository/org/apache/hadoop/hadoop-auth/3.3.6/hadoop-auth-3.3.6.jar:/home/runner/.m2/repository/com/nimbusds/nimbus-jose-jwt/9.8.1/nimbus-jose-jwt-9.8.1.jar:/home/runner/.m2/repository/com/github/stephenc/jcip/jcip-annotations/1.0-1/jcip-annotations-1.0-1.jar:/home/runner/.m2/repository/org/apache/zookeeper/zookeeper/3.5.6/zookeeper-3.5.6.jar:/home/runner/.m2/repository/org/apache/zookeeper/zookeeper-jute/3.5.6/zookeeper-jute-3.5.6.jar:/home/runner/.m2/repository/org/apache/yetus/audience-annotations/0.5.0/audience-annotations-0.5.0.jar:/home/runner/.m2/repository/org/apache/curator/curator-framework/4.2.0/curator-framework-4.2.0.jar:/home/runner/.m2/repository/org/apache/hadoop/thirdparty/hadoop-shaded-guava/1.1.1/hadoop-shaded-guava-1.1.1.jar:/home/runner/.m2/repository/com/sun/jersey/jersey-core/1.19/jersey-core-1.19.jar:/home/runner/.m2/repository/javax/ws/rs/jsr311-api/1.1.1/jsr311-api-1.1.1.jar:/home/runner/.m2/repository/com/sun/jersey/jersey-server/1.19/jersey-server-1.19.jar:/home/runner/.m2/repository/javax/servlet/javax.servlet-api/3.1.0/javax.servlet-api-3.1.0.jar:/home/runner/.m2/repository/org/apache/hadoop/hadoop-common/3.3.6/hadoop-common-3.3.6.jar:/home/runner/.m2/repository/org/apache/commons/commons-math3/3.1.1/commons-math3-3.1.1.jar:/home/runner/.m2/repository/commons-net/commons-net/3.9.0/commons-net-3.9.0.jar:/home/runner/.m2/repository/com/sun/jersey/jersey-servlet/1.19/jersey-servlet-1.19.jar:/home/runner/.m2/repository/com/github/pjfanning/jersey-json/1.20/jersey-json-1.20.jar:/home/runner/.m2/repository/org/codehaus/jettison/jettison/1.1/jettison-1.1.jar:/home/runner/.m2/repository/com/sun/xml/bind/jaxb-impl/2.2.3-1/jaxb-impl-2.2.3-1.jar:/home/runner/.m2/repository/com/google/re2j/re2j/1.1/re2j-1.1.jar:/home/runner/.m2/repository/com/jcraft/jsch/0.1.54/jsch-0.1.54.jar:/home/runner/.m2/repository/org/apache/curator/curator-client/4.2.0/curator-client-4.2.0.jar:/home/runner/.m2/repository/org/apache/curator/curator-recipes/5.2.0/curator-recipes-5.2.0.jar:/home/runner/.m2/repository/org/apache/kerby/kerb-core/1.0.1/kerb-core-1.0.1.jar:/home/runner/.m2/repository/org/apache/kerby/kerby-pkix/1.0.1/kerby-pkix-1.0.1.jar:/home/runner/.m2/repository/org/apache/kerby/kerby-asn1/1.0.1/kerby-asn1-1.0.1.jar:/home/runner/.m2/repository/org/apache/kerby/kerby-util/1.0.1/kerby-util-1.0.1.jar:/home/runner/.m2/repository/dnsjava/dnsjava/2.1.7/dnsjava-2.1.7.jar:/home/runner/.m2/repository/org/xerial/snappy/snappy-java/1.1.8.2/snappy-java-1.1.8.2.jar:/home/runner/.m2/repository/com/fasterxml/jackson/core/jackson-databind/2.13.4.2/jackson-databind-2.13.4.2.jar:/home/runner/.m2/repository/org/apache/hadoop/hadoop-kms/3.3.6/hadoop-kms-3.3.6-tests.jar:/home/runner/.m2/repository/org/apache/ozone/hdds-server-scm/1.4.0-SNAPSHOT/hdds-server-scm-1.4.0-SNAPSHOT-tests.jar:/home/runner/.m2/repository/org/apache/ozone/hdds-container-service/1.4.0-SNAPSHOT/hdds-container-service-1.4.0-SNAPSHOT-tests.jar:/home/runner/.m2/repository/com/github/luben/zstd-jni/1.5.2-5/zstd-jni-1.5.2-5.jar:/home/runner/.m2/repository/commons-codec/commons-codec/1.15/commons-codec-1.15.jar:/home/runner/.m2/repository/io/netty/netty-codec/4.1.86.Final/netty-codec-4.1.86.Final.jar:/home/runner/.m2/repository/io/netty/netty-handler/4.1.86.Final/netty-handler-4.1.86.Final.jar:/home/runner/.m2/repository/org/apache/ozone/hdds-hadoop-dependency-test/1.4.0-SNAPSHOT/hdds-hadoop-dependency-test-1.4.0-SNAPSHOT.jar:/home/runner/.m2/repository/org/apache/hadoop/hadoop-common/3.3.6/hadoop-common-3.3.6-tests.jar:/home/runner/.m2/repository/org/apache/hadoop/hadoop-hdfs/3.3.6/hadoop-hdfs-3.3.6-tests.jar:/home/runner/.m2/repository/org/assertj/assertj-core/3.12.2/assertj-core-3.12.2.jar:/home/runner/.m2/repository/org/apache/hadoop/hadoop-distcp/3.3.6/hadoop-distcp-3.3.6.jar:/home/runner/.m2/repository/org/apache/hadoop/hadoop-mapreduce-client-jobclient/3.3.6/hadoop-mapreduce-client-jobclient-3.3.6.jar:/home/runner/.m2/repository/org/apache/hadoop/hadoop-mapreduce-client-common/3.3.6/hadoop-mapreduce-client-common-3.3.6.jar:/home/runner/.m2/repository/org/apache/hadoop/hadoop-yarn-common/3.3.6/hadoop-yarn-common-3.3.6.jar:/home/runner/.m2/repository/org/apache/hadoop/hadoop-yarn-api/3.3.6/hadoop-yarn-api-3.3.6.jar:/home/runner/.m2/repository/com/sun/jersey/contribs/jersey-guice/1.19/jersey-guice-1.19.jar:/home/runner/.m2/repository/com/fasterxml/jackson/jaxrs/jackson-jaxrs-json-provider/2.13.4/jackson-jaxrs-json-provider-2.13.4.jar:/home/runner/.m2/repository/com/fasterxml/jackson/jaxrs/jackson-jaxrs-base/2.13.4/jackson-jaxrs-base-2.13.4.jar:/home/runner/.m2/repository/org/apache/hadoop/hadoop-yarn-client/3.3.6/hadoop-yarn-client-3.3.6.jar:/home/runner/.m2/repository/org/eclipse/jetty/websocket/websocket-client/9.4.51.v20230217/websocket-client-9.4.51.v20230217.jar:/home/runner/.m2/repository/org/eclipse/jetty/websocket/websocket-common/9.4.51.v20230217/websocket-common-9.4.51.v20230217.jar:/home/runner/.m2/repository/org/eclipse/jetty/websocket/websocket-api/9.4.51.v20230217/websocket-api-9.4.51.v20230217.jar:/home/runner/.m2/repository/org/jline/jline/3.9.0/jline-3.9.0.jar:/home/runner/.m2/repository/org/apache/hadoop/hadoop-mapreduce-client-core/3.3.6/hadoop-mapreduce-client-core-3.3.6.jar:/home/runner/.m2/repository/org/apache/avro/avro/1.7.7/avro-1.7.7.jar:/home/runner/.m2/repository/com/thoughtworks/paranamer/paranamer/2.3/paranamer-2.3.jar:/home/runner/.m2/repository/org/apache/hadoop/hadoop-annotations/3.3.6/hadoop-annotations-3.3.6.jar:/usr/lib/jvm/temurin-8-jdk-amd64/jre/../lib/tools.jar:/home/runner/.m2/repository/io/netty/netty/3.10.6.Final/netty-3.10.6.Final.jar:/home/runner/.m2/repository/org/apache/hadoop/hadoop-distcp/3.3.6/hadoop-distcp-3.3.6-tests.jar:/home/runner/.m2/repository/org/slf4j/jul-to-slf4j/1.7.36/jul-to-slf4j-1.7.36.jar:"/>
    <property name="sun.cpu.endian" value="little"/>
    <property name="user.home" value="/home/runner"/>
    <property name="user.language" value="en"/>
    <property name="java.specification.vendor" value="Oracle Corporation"/>
    <property name="java.home" value="/usr/lib/jvm/temurin-8-jdk-amd64/jre"/>
    <property name="java.security.krb5.conf" value="/home/runner/work/ozone/ozone/hadoop-ozone/integration-test/target/test-classes/krb5.conf"/>
    <property name="basedir" value="/home/runner/work/ozone/ozone/hadoop-ozone/integration-test"/>
    <property name="file.separator" value="/"/>
    <property name="line.separator" value="&#10;"/>
    <property name="java.vm.specification.vendor" value="Oracle Corporation"/>
    <property name="java.specification.name" value="Java Platform API Specification"/>
    <property name="java.awt.graphicsenv" value="sun.awt.X11GraphicsEnvironment"/>
    <property name="skip.installnpx" value="true"/>
    <property name="surefire.real.class.path" value="/home/runner/work/ozone/ozone/hadoop-ozone/integration-test/target/surefire/surefirebooter5333174181516452207.jar:/home/runner/.m2/repository/org/jacoco/org.jacoco.agent/0.8.5/org.jacoco.agent-0.8.5-runtime.jar"/>
    <property name="hadoop.log.dir" value="/home/runner/work/ozone/ozone/hadoop-ozone/integration-test/target/log"/>
    <property name="sun.boot.class.path" value="/usr/lib/jvm/temurin-8-jdk-amd64/jre/lib/resources.jar:/usr/lib/jvm/temurin-8-jdk-amd64/jre/lib/rt.jar:/usr/lib/jvm/temurin-8-jdk-amd64/jre/lib/sunrsasign.jar:/usr/lib/jvm/temurin-8-jdk-amd64/jre/lib/jsse.jar:/usr/lib/jvm/temurin-8-jdk-amd64/jre/lib/jce.jar:/usr/lib/jvm/temurin-8-jdk-amd64/jre/lib/charsets.jar:/usr/lib/jvm/temurin-8-jdk-amd64/jre/lib/jfr.jar:/usr/lib/jvm/temurin-8-jdk-amd64/jre/classes"/>
    <property name="sun.management.compiler" value="HotSpot 64-Bit Tiered Compilers"/>
    <property name="skip.npx" value="true"/>
    <property name="java.runtime.version" value="1.8.0_372-b07"/>
    <property name="java.net.preferIPv4Stack" value="true"/>
    <property name="user.name" value="runner"/>
    <property name="path.separator" value=":"/>
    <property name="java.security.egd" value="file:///dev/urandom"/>
    <property name="os.version" value="5.15.0-1041-azure"/>
    <property name="java.endorsed.dirs" value="/usr/lib/jvm/temurin-8-jdk-amd64/jre/lib/endorsed"/>
    <property name="java.runtime.name" value="OpenJDK Runtime Environment"/>
    <property name="file.encoding" value="UTF-8"/>
    <property name="java.vm.name" value="OpenJDK 64-Bit Server VM"/>
    <property name="test.build.webapps" value=""/>
    <property name="localRepository" value="/home/runner/.m2/repository"/>
    <property name="jetty.git.hash" value="b45c405e4544384de066f814ed42ae3dceacdd49"/>
    <property name="java.vendor.url.bug" value="https://github.com/adoptium/adoptium-support/issues"/>
    <property name="java.io.tmpdir" value="/tmp"/>
    <property name="require.test.libhadoop" value=""/>
    <property name="java.version" value="1.8.0_372"/>
    <property name="user.dir" value="/home/runner/work/ozone/ozone/hadoop-ozone/integration-test"/>
    <property name="os.arch" value="amd64"/>
    <property name="java.vm.specification.name" value="Java Virtual Machine Specification"/>
    <property name="test.build.classes" value="/home/runner/work/ozone/ozone/hadoop-ozone/integration-test/target/test-classes"/>
    <property name="java.awt.printerjob" value="sun.print.PSPrinterJob"/>
    <property name="sun.os.patch.level" value="unknown"/>
    <property name="org.apache.ratis.thirdparty.io.netty.allocator.useCacheForAllThreads" value="false"/>
    <property name="hadoop.tmp.dir" value="/home/runner/work/ozone/ozone/hadoop-ozone/integration-test/target/tmp"/>
    <property name="java.library.path" value="/usr/java/packages/lib/amd64:/usr/lib64:/lib64:/lib:/usr/lib"/>
    <property name="java.vm.info" value="mixed mode"/>
    <property name="java.vendor" value="Temurin"/>
    <property name="java.vm.version" value="25.372-b07"/>
    <property name="java.specification.maintenance.version" value="4"/>
    <property name="java.ext.dirs" value="/usr/lib/jvm/temurin-8-jdk-amd64/jre/lib/ext:/usr/java/packages/lib/ext"/>
    <property name="sun.io.unicode.encoding" value="UnicodeLittle"/>
    <property name="java.class.version" value="52.0"/>
  </properties>
  <testcase name="testSkipTrackingWithZeroSnapshot" classname="org.apache.hadoop.ozone.freon.TestOMSnapshotDAG" time="18.692">
    <system-out><![CDATA[2023-07-18 19:30:13,434 [main] WARN  server.ServerUtils (ServerUtils.java:getScmDbDir(155)) - ozone.scm.db.dirs is not configured. We recommend adding this setting. Falling back to ozone.metadata.dirs instead.
2023-07-18 19:30:13,747 [main] INFO  reflections.Reflections (Reflections.java:scan(232)) - Reflections took 225 ms to scan 7 urls, producing 160 keys and 377 values 
2023-07-18 19:30:13,966 [main] WARN  server.ServerUtils (ServerUtils.java:getScmDbDir(155)) - ozone.scm.db.dirs is not configured. We recommend adding this setting. Falling back to ozone.metadata.dirs instead.
2023-07-18 19:30:13,970 [main] INFO  ha.SCMHANodeDetails (SCMHANodeDetails.java:loadSCMHAConfig(210)) - ServiceID for StorageContainerManager is null
2023-07-18 19:30:13,979 [main] WARN  ha.SCMHANodeDetails (SCMHANodeDetails.java:validateSCMHAConfig(183)) - Invalid config ozone.scm.ratis.enable. The config was not specified, but the default value true conflicts with the expected config value false. Falling back to the expected value. Current State of SCM: SCM is running in Non-HA without Ratis Ratis SCM -> Non Ratis SCM or Non HA SCM -> HA SCM is not supported
2023-07-18 19:30:13,980 [main] INFO  ha.SCMHANodeDetails (SCMHANodeDetails.java:loadSCMHAConfig(215)) - ozone.scm.default.service.id is not defined, falling back to ozone.scm.service.ids to find serviceID for StorageContainerManager if it is HA enabled cluster
2023-07-18 19:30:14,853 [main] WARN  utils.HAUtils (HAUtils.java:getMetaDir(339)) - ozone.scm.db.dirs is not configured. We recommend adding this setting. Falling back to ozone.metadata.dirs instead.
2023-07-18 19:30:15,021 [main] WARN  db.DBStoreBuilder (DBStoreBuilder.java:applyDBDefinition(166)) - ozone.scm.db.dirs is not configured. We recommend adding this setting. Falling back to ozone.metadata.dirs instead.
2023-07-18 19:30:15,308 [main] INFO  net.NodeSchemaLoader (NodeSchemaLoader.java:loadSchemaFromFile(129)) - Loading schema from [jar:file:/home/runner/.m2/repository/org/apache/ozone/hdds-common/1.4.0-SNAPSHOT/hdds-common-1.4.0-SNAPSHOT.jar!/network-topology-default.xml]
2023-07-18 19:30:15,310 [main] INFO  net.NodeSchemaLoader (NodeSchemaLoader.java:loadSchema(176)) - Loading network topology layer schema file
2023-07-18 19:30:15,368 [main] INFO  metrics.MetricRegistries (MetricRegistriesLoader.java:load(64)) - Loaded MetricRegistries class org.apache.ratis.metrics.impl.MetricRegistriesImpl
2023-07-18 19:30:15,396 [main] INFO  upgrade.AbstractLayoutVersionManager (AbstractLayoutVersionManager.java:init(83)) - Initializing Layout version manager with metadata layout = HADOOP_PRC_PORTS_IN_DATANODEDETAILS (version = 7), software layout = HADOOP_PRC_PORTS_IN_DATANODEDETAILS (version = 7)
2023-07-18 19:30:15,662 [main] INFO  ha.SequenceIdGenerator (SequenceIdGenerator.java:upgradeToSequenceId(361)) - upgrade localId to 111677748019200000
2023-07-18 19:30:15,668 [main] INFO  ha.SequenceIdGenerator (SequenceIdGenerator.java:upgradeToSequenceId(371)) - upgrade delTxnId to 0
2023-07-18 19:30:15,692 [main] INFO  ha.SequenceIdGenerator (SequenceIdGenerator.java:upgradeToSequenceId(388)) - upgrade containerId to 0
2023-07-18 19:30:15,696 [main] INFO  ha.SequenceIdGenerator (SequenceIdGenerator.java:upgradeToSequenceId(424)) - upgrade rootCertificateId to 1
2023-07-18 19:30:15,698 [main] INFO  ha.SequenceIdGenerator (SequenceIdGenerator.java:<init>(232)) - Init the HA SequenceIdGenerator.
2023-07-18 19:30:15,767 [main] WARN  server.ServerUtils (ServerUtils.java:sanitizeUserArgs(80)) - ozone.scm.stale.node.interval value = 300000 is larger than max = 100000 based on the key value of ozone.scm.heartbeat.thread.interval, reset to the max value 100000.
2023-07-18 19:30:15,767 [main] WARN  server.ServerUtils (ServerUtils.java:sanitizeUserArgs(80)) - ozone.scm.stale.node.interval value = 300000 is larger than max = 100000 based on the key value of ozone.scm.heartbeat.thread.interval, reset to the max value 100000.
2023-07-18 19:30:15,775 [main] INFO  node.SCMNodeManager (SCMNodeManager.java:<init>(157)) - Entering startup safe mode.
2023-07-18 19:30:15,801 [main] INFO  algorithms.ContainerPlacementPolicyFactory (ContainerPlacementPolicyFactory.java:getPolicyInternal(86)) - Create container placement policy of type org.apache.hadoop.hdds.scm.container.placement.algorithms.SCMContainerPlacementRackAware
2023-07-18 19:30:15,805 [main] INFO  algorithms.ContainerPlacementPolicyFactory (ContainerPlacementPolicyFactory.java:getPolicyInternal(86)) - Create container placement policy of type org.apache.hadoop.hdds.scm.container.placement.algorithms.SCMContainerPlacementRackScatter
2023-07-18 19:30:15,818 [main] INFO  pipeline.PipelineStateManagerImpl (PipelineStateManagerImpl.java:initialize(78)) - No pipeline exists in current db
2023-07-18 19:30:15,836 [main] INFO  algorithms.LeaderChoosePolicyFactory (LeaderChoosePolicyFactory.java:getPolicy(57)) - Create leader choose policy of type org.apache.hadoop.hdds.scm.pipeline.leader.choose.algorithms.MinLeaderCountChoosePolicy
2023-07-18 19:30:15,836 [main] INFO  algorithms.ContainerPlacementPolicyFactory (ContainerPlacementPolicyFactory.java:getPolicyInternal(86)) - Create container placement policy of type org.apache.hadoop.hdds.scm.container.placement.algorithms.SCMContainerPlacementRackScatter
2023-07-18 19:30:15,845 [main] INFO  ha.SCMServiceManager (SCMServiceManager.java:register(42)) - Registering service BackgroundPipelineCreator.
2023-07-18 19:30:15,846 [main] INFO  pipeline.BackgroundPipelineCreator (BackgroundPipelineCreator.java:start(124)) - Starting RatisPipelineUtilsThread.
2023-07-18 19:30:15,849 [main] INFO  BackgroundPipelineScrubber (BackgroundSCMService.java:start(68)) - Starting BackgroundPipelineScrubber Service.
2023-07-18 19:30:15,850 [main] INFO  ha.SCMServiceManager (SCMServiceManager.java:register(42)) - Registering service BackgroundPipelineScrubber.
2023-07-18 19:30:15,859 [main] INFO  ExpiredContainerReplicaOpScrubber (BackgroundSCMService.java:start(68)) - Starting ExpiredContainerReplicaOpScrubber Service.
2023-07-18 19:30:15,859 [main] INFO  ha.SCMServiceManager (SCMServiceManager.java:register(42)) - Registering service ExpiredContainerReplicaOpScrubber.
2023-07-18 19:30:15,897 [main] INFO  algorithms.PipelineChoosePolicyFactory (PipelineChoosePolicyFactory.java:createPipelineChoosePolicyFromClass(78)) - Create pipeline choose policy of type org.apache.hadoop.hdds.scm.pipeline.choose.algorithms.RandomPipelineChoosePolicy
2023-07-18 19:30:15,898 [main] INFO  algorithms.PipelineChoosePolicyFactory (PipelineChoosePolicyFactory.java:createPipelineChoosePolicyFromClass(78)) - Create pipeline choose policy of type org.apache.hadoop.hdds.scm.pipeline.choose.algorithms.RandomPipelineChoosePolicy
2023-07-18 19:30:15,932 [main] INFO  ha.SCMServiceManager (SCMServiceManager.java:register(42)) - Registering service SCMBlockDeletingService.
2023-07-18 19:30:16,001 [main] INFO  replication.ReplicationManager (ReplicationManager.java:start(286)) - Starting Replication Monitor Thread.
2023-07-18 19:30:16,016 [main] INFO  ha.SCMServiceManager (SCMServiceManager.java:register(42)) - Registering service ReplicationManager.
2023-07-18 19:30:16,019 [ReplicationMonitor] INFO  replication.ReplicationManager (ReplicationManager.java:processAll(361)) - Replication Manager is not ready to run until 3000ms after safemode exit
2023-07-18 19:30:16,031 [main] INFO  safemode.ContainerSafeModeRule (ContainerSafeModeRule.java:<init>(89)) - containers with one replica threshold count 0
2023-07-18 19:30:16,037 [main] INFO  safemode.HealthyPipelineSafeModeRule (HealthyPipelineSafeModeRule.java:initializeRule(169)) - Total pipeline count is 0, healthy pipeline threshold count is 1
2023-07-18 19:30:16,040 [main] INFO  safemode.OneReplicaPipelineSafeModeRule (OneReplicaPipelineSafeModeRule.java:initializeRule(180)) - Total pipeline count is 0, pipeline's with at least one datanode reported threshold count is 0
2023-07-18 19:30:16,103 [main] INFO  server.StorageContainerManager (StorageContainerManager.java:<init>(424)) - SCM start with adminUsers: [runner]
2023-07-18 19:30:16,534 [main] INFO  audit.AuditLogger (AuditLogger.java:refreshDebugCmdSet(126)) - Refresh DebugCmdSet for SCMAudit to [].
2023-07-18 19:30:16,571 [main] INFO  ipc.CallQueueManager (CallQueueManager.java:<init>(90)) - Using callQueue: class java.util.concurrent.LinkedBlockingQueue, queueCapacity: 2000, scheduler: class org.apache.hadoop.ipc.DefaultRpcScheduler, ipcBackoff: false.
2023-07-18 19:30:16,613 [main] INFO  ipc.Server (Server.java:<init>(1287)) - Listener at 0.0.0.0:15002
2023-07-18 19:30:16,619 [Socket Reader #1 for port 15002] INFO  ipc.Server (Server.java:run(1323)) - Starting Socket Reader #1 for port 15002
2023-07-18 19:30:16,699 [main] INFO  audit.AuditLogger (AuditLogger.java:refreshDebugCmdSet(126)) - Refresh DebugCmdSet for SCMAudit to [].
2023-07-18 19:30:16,705 [main] INFO  ipc.CallQueueManager (CallQueueManager.java:<init>(90)) - Using callQueue: class java.util.concurrent.LinkedBlockingQueue, queueCapacity: 2000, scheduler: class org.apache.hadoop.ipc.DefaultRpcScheduler, ipcBackoff: false.
2023-07-18 19:30:16,706 [main] INFO  ipc.Server (Server.java:<init>(1287)) - Listener at 0.0.0.0:15001
2023-07-18 19:30:16,707 [Socket Reader #1 for port 15001] INFO  ipc.Server (Server.java:run(1323)) - Starting Socket Reader #1 for port 15001
2023-07-18 19:30:16,756 [main] INFO  audit.AuditLogger (AuditLogger.java:refreshDebugCmdSet(126)) - Refresh DebugCmdSet for SCMAudit to [].
2023-07-18 19:30:16,778 [main] INFO  ipc.CallQueueManager (CallQueueManager.java:<init>(90)) - Using callQueue: class java.util.concurrent.LinkedBlockingQueue, queueCapacity: 2000, scheduler: class org.apache.hadoop.ipc.DefaultRpcScheduler, ipcBackoff: false.
2023-07-18 19:30:16,779 [main] INFO  ipc.Server (Server.java:<init>(1287)) - Listener at 0.0.0.0:15000
2023-07-18 19:30:16,782 [Socket Reader #1 for port 15000] INFO  ipc.Server (Server.java:run(1323)) - Starting Socket Reader #1 for port 15000
2023-07-18 19:30:16,860 [main] INFO  ha.SCMServiceManager (SCMServiceManager.java:register(42)) - Registering service ContainerBalancer.
2023-07-18 19:30:16,861 [main] INFO  server.StorageContainerManager (StorageContainerManager.java:<init>(437)) - 
Container Balancer status:
Key                            Value
Running                        false
Container Balancer Configuration values:
Key                                                Value
Threshold                                          10
Max Datanodes to Involve per Iteration(percent)    20
Max Size to Move per Iteration                     500GB
Max Size Entering Target per Iteration             26GB
Max Size Leaving Source per Iteration              26GB

2023-07-18 19:30:16,861 [main] INFO  ha.SCMContext (SCMContext.java:updateSafeModeStatus(228)) - Update SafeModeStatus from SafeModeStatus{safeModeStatus=true, preCheckPassed=false} to SafeModeStatus{safeModeStatus=true, preCheckPassed=false}.
2023-07-18 19:30:16,864 [main] INFO  server.StorageContainerManager (StorageContainerManager.java:start(1491)) - StorageContainerLocationProtocol RPC server is listening at /0.0.0.0:15000
2023-07-18 19:30:16,947 [main] WARN  impl.MetricsConfig (MetricsConfig.java:loadFirst(136)) - Cannot locate configuration: tried hadoop-metrics2-storagecontainermanager.properties,hadoop-metrics2.properties
2023-07-18 19:30:16,970 [main] INFO  impl.MetricsSystemImpl (MetricsSystemImpl.java:startTimer(378)) - Scheduled Metric snapshot period at 10 second(s).
2023-07-18 19:30:16,971 [main] INFO  impl.MetricsSystemImpl (MetricsSystemImpl.java:start(191)) - StorageContainerManager metrics system started
2023-07-18 19:30:17,313 [main] INFO  server.SCMClientProtocolServer (SCMClientProtocolServer.java:start(200)) - RPC server for Client  is listening at /0.0.0.0:15000
2023-07-18 19:30:17,317 [IPC Server Responder] INFO  ipc.Server (Server.java:run(1562)) - IPC Server Responder: starting
2023-07-18 19:30:17,318 [IPC Server listener on 15000] INFO  ipc.Server (Server.java:run(1402)) - IPC Server listener on 15000: starting
2023-07-18 19:30:17,327 [main] INFO  server.StorageContainerManager (StorageContainerManager.java:start(1504)) - ScmBlockLocationProtocol RPC server is listening at /0.0.0.0:15001
2023-07-18 19:30:17,330 [main] INFO  server.SCMBlockProtocolServer (SCMBlockProtocolServer.java:start(152)) - RPC server for Block Protocol is listening at /0.0.0.0:15001
2023-07-18 19:30:17,355 [IPC Server listener on 15001] INFO  ipc.Server (Server.java:run(1402)) - IPC Server listener on 15001: starting
2023-07-18 19:30:17,357 [IPC Server Responder] INFO  ipc.Server (Server.java:run(1562)) - IPC Server Responder: starting
2023-07-18 19:30:17,357 [main] INFO  server.SCMDatanodeProtocolServer (SCMDatanodeProtocolServer.java:start(193)) - ScmDatanodeProtocol RPC server for DataNodes is listening at /0.0.0.0:15002
2023-07-18 19:30:17,361 [IPC Server Responder] INFO  ipc.Server (Server.java:run(1562)) - IPC Server Responder: starting
2023-07-18 19:30:17,363 [IPC Server listener on 15002] INFO  ipc.Server (Server.java:run(1402)) - IPC Server listener on 15002: starting
2023-07-18 19:30:17,382 [JvmPauseMonitor0] INFO  util.JvmPauseMonitor (JvmPauseMonitor.java:run(103)) - JvmPauseMonitor-fadca3e4-6f40-4d6e-960d-52adb9a7a20f: Started
2023-07-18 19:30:17,401 [main] INFO  http.BaseHttpServer (BaseHttpServer.java:newHttpServer2BuilderForOzone(224)) - Starting Web-server for scm at: http://0.0.0.0:15003
2023-07-18 19:30:17,401 [main] INFO  http.BaseHttpServer (BaseHttpServer.java:<init>(111)) - Hadoop Security Enabled: false Ozone Security Enabled: false Ozone HTTP Security Enabled: false 
2023-07-18 19:30:17,431 [main] INFO  util.log (Log.java:initialized(170)) - Logging initialized @5779ms to org.eclipse.jetty.util.log.Slf4jLog
2023-07-18 19:30:17,544 [main] WARN  server.AuthenticationFilter (AuthenticationFilter.java:constructSecretProvider(240)) - Unable to initialize FileSignerSecretProvider, falling back to use random secrets. Reason: Could not read signature secret file: /home/runner/hadoop-http-auth-signature-secret
2023-07-18 19:30:17,552 [main] INFO  http.HttpRequestLog (HttpRequestLog.java:getRequestLog(86)) - Http request log for http.requests.scm is not defined
2023-07-18 19:30:17,562 [main] INFO  http.HttpServer2 (HttpServer2.java:addGlobalFilter(1031)) - Added global filter 'safety' (class=org.apache.hadoop.hdds.server.http.HttpServer2$QuotingInputFilter)
2023-07-18 19:30:17,565 [main] INFO  http.HttpServer2 (HttpServer2.java:addFilter(1007)) - Added filter static_user_filter (class=org.apache.hadoop.http.lib.StaticUserWebFilter$StaticUserFilter) to context scm
2023-07-18 19:30:17,566 [main] INFO  http.HttpServer2 (HttpServer2.java:addFilter(1015)) - Added filter static_user_filter (class=org.apache.hadoop.http.lib.StaticUserWebFilter$StaticUserFilter) to context static
2023-07-18 19:30:17,566 [main] INFO  http.HttpServer2 (HttpServer2.java:addFilter(1015)) - Added filter static_user_filter (class=org.apache.hadoop.http.lib.StaticUserWebFilter$StaticUserFilter) to context logs
2023-07-18 19:30:17,608 [main] INFO  http.BaseHttpServer (BaseHttpServer.java:<init>(190)) - HTTP server of scm uses base directory /home/runner/work/ozone/ozone/hadoop-ozone/integration-test/target/test-dir/MiniOzoneClusterImpl-6b031341-d507-43af-b1f0-ac2f4105ef04/ozone-meta/webserver
2023-07-18 19:30:17,609 [main] INFO  http.HttpServer2 (HttpServer2.java:bindListener(1250)) - Jetty bound to port 15003
2023-07-18 19:30:17,610 [main] INFO  server.Server (Server.java:doStart(375)) - jetty-9.4.51.v20230217; built: 2023-02-17T08:19:37.309Z; git: b45c405e4544384de066f814ed42ae3dceacdd49; jvm 1.8.0_372-b07
2023-07-18 19:30:17,647 [main] INFO  server.session (DefaultSessionIdManager.java:doStart(334)) - DefaultSessionIdManager workerName=node0
2023-07-18 19:30:17,648 [main] INFO  server.session (DefaultSessionIdManager.java:doStart(339)) - No SessionScavenger set, using defaults
2023-07-18 19:30:17,650 [main] INFO  server.session (HouseKeeper.java:startScavenging(132)) - node0 Scavenging every 600000ms
2023-07-18 19:30:17,664 [main] INFO  handler.ContextHandler (ContextHandler.java:doStart(921)) - Started o.e.j.s.ServletContextHandler@65384249{logs,/logs,file:///home/runner/work/ozone/ozone/hadoop-ozone/integration-test/target/log,AVAILABLE}
2023-07-18 19:30:17,666 [main] INFO  handler.ContextHandler (ContextHandler.java:doStart(921)) - Started o.e.j.s.ServletContextHandler@6c2063e0{static,/static,file:///home/runner/work/ozone/ozone/hadoop-ozone/integration-test/target/test-classes/webapps/static,AVAILABLE}
2023-07-18 19:30:17,716 [main] INFO  handler.ContextHandler (ContextHandler.java:doStart(921)) - Started o.e.j.w.WebAppContext@365c8a47{scm,/,file:///home/runner/work/ozone/ozone/hadoop-ozone/integration-test/target/test-classes/webapps/scm/,AVAILABLE}{file:/home/runner/work/ozone/ozone/hadoop-ozone/integration-test/target/test-classes/webapps/scm}
2023-07-18 19:30:17,729 [main] INFO  server.AbstractConnector (AbstractConnector.java:doStart(333)) - Started ServerConnector@198a653{HTTP/1.1, (http/1.1)}{0.0.0.0:15003}
2023-07-18 19:30:17,729 [main] INFO  server.Server (Server.java:doStart(415)) - Started @6077ms
2023-07-18 19:30:17,735 [main] INFO  impl.MetricsSinkAdapter (MetricsSinkAdapter.java:start(204)) - Sink prometheus started
2023-07-18 19:30:17,735 [main] INFO  impl.MetricsSystemImpl (MetricsSystemImpl.java:registerSink(305)) - Registered sink prometheus
2023-07-18 19:30:17,737 [main] INFO  http.BaseHttpServer (BaseHttpServer.java:updateConnectorAddress(344)) - HTTP server of scm listening at http://0.0.0.0:15003
2023-07-18 19:30:17,743 [main] WARN  server.ServerUtils (ServerUtils.java:getDBPath(311)) - ozone.om.db.dirs is not configured. We recommend adding this setting. Falling back to ozone.metadata.dirs instead.
2023-07-18 19:30:17,818 [main] INFO  audit.AuditLogger (AuditLogger.java:refreshDebugCmdSet(126)) - Refresh DebugCmdSet for OMAudit to [].
2023-07-18 19:30:17,916 [main] INFO  ha.OMHANodeDetails (OMHANodeDetails.java:loadOMHAConfig(115)) - ozone.om.internal.service.id is not defined, falling back to ozone.om.service.ids to find serviceID for OzoneManager if it is HA enabled cluster
2023-07-18 19:30:17,921 [main] INFO  ha.OMHANodeDetails (OMHANodeDetails.java:loadOMHAConfig(226)) - Configuration does not have ozone.om.address set. Falling back to the default OM address /127.0.0.1:15004
2023-07-18 19:30:17,921 [main] INFO  ha.OMHANodeDetails (OMHANodeDetails.java:getOMNodeDetailsForNonHA(254)) - OM Service ID is not set. Setting it to the default ID: omServiceIdDefault
2023-07-18 19:30:17,921 [main] INFO  ha.OMHANodeDetails (OMHANodeDetails.java:getOMNodeDetailsForNonHA(261)) - OM Node ID is not set. Setting it to the default ID: om1
2023-07-18 19:30:17,926 [main] WARN  server.ServerUtils (ServerUtils.java:getDBPath(311)) - ozone.om.db.dirs is not configured. We recommend adding this setting. Falling back to ozone.metadata.dirs instead.
2023-07-18 19:30:17,931 [main] INFO  upgrade.AbstractLayoutVersionManager (AbstractLayoutVersionManager.java:init(83)) - Initializing Layout version manager with metadata layout = QUOTA (version = 6), software layout = QUOTA (version = 6)
2023-07-18 19:30:18,039 [main] INFO  reflections.Reflections (Reflections.java:scan(232)) - Reflections took 104 ms to scan 2 urls, producing 187 keys and 510 values [using 2 cores]
2023-07-18 19:30:18,048 [main] INFO  upgrade.OMLayoutVersionManager (OMLayoutVersionManager.java:lambda$0(115)) - Skipping Upgrade Action QuotaRepairUpgradeAction since it has been finalized.
2023-07-18 19:30:18,050 [main] INFO  upgrade.OMLayoutVersionManager (OMLayoutVersionManager.java:lambda$0(115)) - Skipping Upgrade Action MockOmUpgradeAction since it has been finalized.
2023-07-18 19:30:18,052 [main] WARN  server.ServerUtils (ServerUtils.java:getDBPath(311)) - ozone.om.db.dirs is not configured. We recommend adding this setting. Falling back to ozone.metadata.dirs instead.
2023-07-18 19:30:18,259 [main] INFO  proxy.SCMBlockLocationFailoverProxyProvider (SCMBlockLocationFailoverProxyProvider.java:<init>(114)) - Created block location fail-over proxy with 1 nodes: [nodeId=scmNodeId,nodeAddress=/0.0.0.0:15001]
2023-07-18 19:30:18,299 [main] INFO  proxy.SCMBlockLocationFailoverProxyProvider (SCMBlockLocationFailoverProxyProvider.java:<init>(114)) - Created block location fail-over proxy with 1 nodes: [nodeId=scmNodeId,nodeAddress=/0.0.0.0:15001]
2023-07-18 19:30:18,606 [main] INFO  om.OzoneManager (OzoneManager.java:<init>(662)) - OM start with adminUsers: [runner]
2023-07-18 19:30:18,644 [main] WARN  server.ServerUtils (ServerUtils.java:getDBPath(311)) - ozone.om.db.dirs is not configured. We recommend adding this setting. Falling back to ozone.metadata.dirs instead.
2023-07-18 19:30:18,695 [main] INFO  helpers.OmKeyInfo (OmKeyInfo.java:getCodec(71)) - OmKeyInfo.getCodec ignorePipeline = true
2023-07-18 19:30:19,138 [main] INFO  om.OzoneManager (OzoneManager.java:instantiateServices(791)) - S3 Multi-Tenancy is disabled
2023-07-18 19:30:19,180 [main] INFO  om.OmSnapshotManager (OmSnapshotManager.java:<init>(175)) - Ozone filesystem snapshot feature is enabled.
2023-07-18 19:30:19,191 [main] WARN  server.ServerUtils (ServerUtils.java:getDBPath(311)) - ozone.om.snapshot.diff.db.dir is not configured. We recommend adding this setting. Falling back to ozone.metadata.dirs instead.
2023-07-18 19:30:19,252 [main] INFO  utils.NativeLibraryLoader (NativeLibraryLoader.java:loadLibrary(105)) - Loading Library: ozone_rocksdb_tools
2023-07-18 19:30:19,254 [main] INFO  snapshot.SnapshotDiffManager (SnapshotDiffManager.java:closeExecutorService(1720)) - Shutting down executorService: 'SstDumpToolExecutor'
2023-07-18 19:30:19,351 [main] INFO  om.OzoneManager (OzoneManager.java:addS3GVolumeToDB(4296)) - Created Volume s3v With Owner runner required for S3Gateway operations.
2023-07-18 19:30:19,433 [main] WARN  server.ServerUtils (ServerUtils.java:getDefaultRatisDirectory(323)) - Storage directory for Ratis is not configured. It is a good idea to map this to an SSD disk. Falling back to ozone.metadata.dirs
2023-07-18 19:30:19,434 [main] WARN  utils.OzoneManagerRatisUtils (OzoneManagerRatisUtils.java:getOMRatisSnapshotDirectory(461)) - ozone.om.ratis.snapshot.dir is not configured. Falling back to ozone.metadata.dirs config
2023-07-18 19:30:19,483 [main] WARN  server.ServerUtils (ServerUtils.java:getDefaultRatisDirectory(323)) - Storage directory for Ratis is not configured. It is a good idea to map this to an SSD disk. Falling back to ozone.metadata.dirs
2023-07-18 19:30:19,517 [main] INFO  ratis.OzoneManagerRatisServer (OzoneManagerRatisServer.java:<init>(163)) - Instantiating OM Ratis server with groupID: omServiceIdDefault and peers: localhost:15007
2023-07-18 19:30:19,529 [main] INFO  ratis.OzoneManagerStateMachine (OzoneManagerStateMachine.java:loadSnapshotInfoFromDB(670)) - LastAppliedIndex is set from TransactionInfo from OM DB as (t:0, i:~)
2023-07-18 19:30:19,605 [main] INFO  server.RaftServer (ConfUtils.java:logGet(46)) - raft.rpc.type = GRPC (default)
2023-07-18 19:30:19,618 [main] INFO  grpc.GrpcConfigKeys (ConfUtils.java:logFallback(53)) - raft.grpc.admin.host = null (fallback to raft.grpc.server.host)
2023-07-18 19:30:19,620 [main] INFO  grpc.GrpcConfigKeys (ConfUtils.java:logFallback(53)) - raft.grpc.admin.port = 15007 (fallback to raft.grpc.server.port)
2023-07-18 19:30:19,621 [main] INFO  grpc.GrpcConfigKeys (ConfUtils.java:logFallback(53)) - raft.grpc.client.host = null (fallback to raft.grpc.server.host)
2023-07-18 19:30:19,622 [main] INFO  grpc.GrpcConfigKeys (ConfUtils.java:logFallback(53)) - raft.grpc.client.port = 15007 (fallback to raft.grpc.server.port)
2023-07-18 19:30:19,622 [main] INFO  grpc.GrpcConfigKeys (ConfUtils.java:logGet(46)) - raft.grpc.server.host = null (default)
2023-07-18 19:30:19,623 [main] INFO  grpc.GrpcConfigKeys (ConfUtils.java:logGet(46)) - raft.grpc.server.port = 15007 (custom)
2023-07-18 19:30:19,624 [main] INFO  server.GrpcService (ConfUtils.java:logGet(46)) - raft.grpc.message.size.max = 33554432 (custom)
2023-07-18 19:30:19,625 [main] INFO  server.RaftServerConfigKeys (ConfUtils.java:logGet(46)) - raft.server.log.appender.buffer.byte-limit = 33554432 (custom)
2023-07-18 19:30:19,626 [main] INFO  server.GrpcService (ConfUtils.java:logGet(46)) - raft.grpc.flow.control.window = 1MB (=1048576) (default)
2023-07-18 19:30:19,628 [main] INFO  server.RaftServerConfigKeys (ConfUtils.java:logGet(46)) - raft.server.rpc.request.timeout = 3000ms (default)
2023-07-18 19:30:19,644 [main] INFO  grpc.GrpcConfigKeys (ConfUtils.java:logGet(46)) - raft.grpc.server.heartbeat.channel = true (default)
2023-07-18 19:30:19,649 [main] INFO  grpc.GrpcConfigKeys (ConfUtils.java:logGet(46)) - raft.grpc.server.async.request.thread.pool.cached = true (default)
2023-07-18 19:30:19,650 [main] INFO  grpc.GrpcConfigKeys (ConfUtils.java:logGet(46)) - raft.grpc.server.async.request.thread.pool.size = 32 (default)
2023-07-18 19:30:19,958 [main] INFO  impl.DataStreamServerImpl (ConfUtils.java:logGet(46)) - raft.datastream.type = DISABLED (default)
2023-07-18 19:30:19,961 [main] INFO  server.RaftServerConfigKeys (ConfUtils.java:logGet(46)) - raft.server.threadpool.proxy.cached = true (default)
2023-07-18 19:30:19,962 [main] INFO  server.RaftServerConfigKeys (ConfUtils.java:logGet(46)) - raft.server.threadpool.proxy.size = 0 (default)
2023-07-18 19:30:19,962 [main] INFO  server.RaftServerConfigKeys (ConfUtils.java:logGet(46)) - raft.server.rpc.slowness.timeout = 120s (custom)
2023-07-18 19:30:19,962 [main] INFO  server.RaftServerConfigKeys (ConfUtils.java:logGet(46)) - raft.server.leaderelection.leader.step-down.wait-time = 10s (default)
2023-07-18 19:30:19,964 [main] INFO  server.RaftServerConfigKeys (ConfUtils.java:logGet(46)) - raft.server.storage.dir = [/home/runner/work/ozone/ozone/hadoop-ozone/integration-test/target/test-dir/MiniOzoneClusterImpl-6b031341-d507-43af-b1f0-ac2f4105ef04/ozone-meta/ratis] (custom)
2023-07-18 19:30:19,981 [main] INFO  server.RaftServer (RaftServerProxy.java:addNew(98)) - om1: addNew group-C5BA1605619E:[om1|rpc:localhost:15007|priority:0|startupRole:FOLLOWER] returns group-C5BA1605619E:java.util.concurrent.CompletableFuture@5552f9e0[Not completed]
2023-07-18 19:30:19,981 [main] INFO  om.OzoneManager (OzoneManager.java:initializeRatisServer(2137)) - OzoneManager Ratis server initialized at port 15007
2023-07-18 19:30:19,987 [main] INFO  om.OzoneManager (OzoneManager.java:getRpcServer(1192)) - Creating RPC Server
2023-07-18 19:30:20,281 [om1-groupManagement] INFO  server.RaftServer$Division (RaftServerImpl.java:<init>(198)) - om1: new RaftServerImpl for group-C5BA1605619E:[om1|rpc:localhost:15007|priority:0|startupRole:FOLLOWER] with OzoneManagerStateMachine:uninitialized
2023-07-18 19:30:20,284 [om1-groupManagement] INFO  server.RaftServerConfigKeys (ConfUtils.java:logGet(46)) - raft.server.rpc.timeout.min = 1s (custom)
2023-07-18 19:30:20,284 [om1-groupManagement] INFO  server.RaftServerConfigKeys (ConfUtils.java:logGet(46)) - raft.server.rpc.timeout.max = 1200ms (custom)
2023-07-18 19:30:20,285 [om1-groupManagement] INFO  server.RaftServerConfigKeys (ConfUtils.java:logGet(46)) - raft.server.rpc.sleep.time = 25ms (default)
2023-07-18 19:30:20,285 [om1-groupManagement] INFO  server.RaftServerConfigKeys (ConfUtils.java:logGet(46)) - raft.server.rpc.slowness.timeout = 120s (custom)
2023-07-18 19:30:20,285 [om1-groupManagement] INFO  server.RaftServerConfigKeys (ConfUtils.java:logGet(46)) - raft.server.leaderelection.leader.step-down.wait-time = 10s (default)
2023-07-18 19:30:20,285 [om1-groupManagement] INFO  server.RaftServerConfigKeys (ConfUtils.java:logGet(46)) - raft.server.sleep.deviation.threshold = 300ms (default)
2023-07-18 19:30:20,304 [om1-groupManagement] INFO  server.RaftServer$Division (ServerState.java:<init>(120)) - om1@group-C5BA1605619E: ConfigurationManager, init=-1: peers:[om1|rpc:localhost:15007|priority:0|startupRole:FOLLOWER]|listeners:[], old=null, confs=<EMPTY_MAP>
2023-07-18 19:30:20,305 [om1-groupManagement] INFO  server.RaftServerConfigKeys (ConfUtils.java:logGet(46)) - raft.server.storage.dir = [/home/runner/work/ozone/ozone/hadoop-ozone/integration-test/target/test-dir/MiniOzoneClusterImpl-6b031341-d507-43af-b1f0-ac2f4105ef04/ozone-meta/ratis] (custom)
2023-07-18 19:30:20,318 [om1-groupManagement] INFO  server.RaftServerConfigKeys (ConfUtils.java:logGet(46)) - raft.server.log.corruption.policy = EXCEPTION (default)
2023-07-18 19:30:20,319 [om1-groupManagement] INFO  server.RaftServerConfigKeys (ConfUtils.java:logGet(46)) - raft.server.storage.free-space.min = 0MB (=0) (default)
2023-07-18 19:30:20,338 [om1-groupManagement] INFO  server.RaftServerConfigKeys (ConfUtils.java:logGet(46)) - raft.server.notification.no-leader.timeout = 120s (custom)
2023-07-18 19:30:20,346 [om1-groupManagement] INFO  server.RaftServerConfigKeys (ConfUtils.java:logGet(46)) - raft.server.read.timeout = 10s (default)
2023-07-18 19:30:20,371 [om1-groupManagement] INFO  server.RaftServerConfigKeys (ConfUtils.java:logGet(46)) - raft.server.retrycache.expirytime = 300s (custom)
2023-07-18 19:30:20,372 [om1-groupManagement] INFO  server.RaftServerConfigKeys (ConfUtils.java:logGet(46)) - raft.server.retrycache.statistics.expirytime = 100μs (default)
2023-07-18 19:30:20,436 [om1-groupManagement] INFO  server.RaftServerConfigKeys (ConfUtils.java:logGet(46)) - raft.server.read.option = DEFAULT (default)
2023-07-18 19:30:20,520 [om1-groupManagement] INFO  server.RaftServerConfigKeys (ConfUtils.java:logGet(46)) - raft.server.rpc.request.timeout = 3000ms (default)
2023-07-18 19:30:20,526 [om1-groupManagement] INFO  server.RaftServerConfigKeys (ConfUtils.java:logGet(46)) - raft.server.log.appender.install.snapshot.enabled = false (custom)
2023-07-18 19:30:20,527 [om1-groupManagement] INFO  server.RaftServerConfigKeys (ConfUtils.java:logGet(46)) - raft.server.threadpool.server.cached = true (default)
2023-07-18 19:30:20,528 [om1-groupManagement] INFO  server.RaftServerConfigKeys (ConfUtils.java:logGet(46)) - raft.server.threadpool.server.size = 0 (default)
2023-07-18 19:30:20,530 [om1-groupManagement] INFO  server.RaftServerConfigKeys (ConfUtils.java:logGet(46)) - raft.server.threadpool.client.cached = true (default)
2023-07-18 19:30:20,530 [om1-groupManagement] INFO  server.RaftServerConfigKeys (ConfUtils.java:logGet(46)) - raft.server.threadpool.client.size = 0 (default)
2023-07-18 19:30:21,158 [main] INFO  reflections.Reflections (Reflections.java:scan(232)) - Reflections took 818 ms to scan 19 urls, producing 70 keys and 5547 values [using 2 cores]
2023-07-18 19:30:21,351 [main] INFO  ipc.CallQueueManager (CallQueueManager.java:<init>(90)) - Using callQueue: class java.util.concurrent.LinkedBlockingQueue, queueCapacity: 2000, scheduler: class org.apache.hadoop.ipc.DefaultRpcScheduler, ipcBackoff: false.
2023-07-18 19:30:21,352 [main] INFO  ipc.Server (Server.java:<init>(1287)) - Listener at 127.0.0.1:15004
2023-07-18 19:30:21,352 [Socket Reader #1 for port 15004] INFO  ipc.Server (Server.java:run(1323)) - Starting Socket Reader #1 for port 15004
2023-07-18 19:30:21,384 [main] INFO  impl.MetricsSystemImpl (MetricsSystemImpl.java:init(158)) - OzoneManager metrics system started (again)
2023-07-18 19:30:21,405 [main] INFO  om.OzoneManager (OzoneManager.java:start(1622)) - OzoneManager RPC server is listening at localhost/127.0.0.1:15004
2023-07-18 19:30:21,406 [main] INFO  ratis.OzoneManagerRatisServer (OzoneManagerRatisServer.java:start(558)) - Starting OzoneManagerRatisServer om1 at port 15007
2023-07-18 19:30:21,409 [om1-impl-thread1] INFO  storage.RaftStorageDirectory (RaftStorageDirectoryImpl.java:analyzeStorage(137)) - The storage directory /home/runner/work/ozone/ozone/hadoop-ozone/integration-test/target/test-dir/MiniOzoneClusterImpl-6b031341-d507-43af-b1f0-ac2f4105ef04/ozone-meta/ratis/bf265839-605b-3f16-9796-c5ba1605619e does not exist. Creating ...
2023-07-18 19:30:21,414 [om1-impl-thread1] INFO  storage.RaftStorageDirectory (RaftStorageDirectoryImpl.java:tryLock(231)) - Lock on /home/runner/work/ozone/ozone/hadoop-ozone/integration-test/target/test-dir/MiniOzoneClusterImpl-6b031341-d507-43af-b1f0-ac2f4105ef04/ozone-meta/ratis/bf265839-605b-3f16-9796-c5ba1605619e/in_use.lock acquired by nodename 29621@fv-az613-641
2023-07-18 19:30:21,421 [om1-impl-thread1] INFO  storage.RaftStorage (RaftStorageImpl.java:format(96)) - Storage directory /home/runner/work/ozone/ozone/hadoop-ozone/integration-test/target/test-dir/MiniOzoneClusterImpl-6b031341-d507-43af-b1f0-ac2f4105ef04/ozone-meta/ratis/bf265839-605b-3f16-9796-c5ba1605619e has been successfully formatted.
2023-07-18 19:30:21,425 [om1-impl-thread1] INFO  server.RaftServerConfigKeys (ConfUtils.java:logGet(46)) - raft.server.log.use.memory = false (default)
2023-07-18 19:30:21,434 [om1-impl-thread1] INFO  server.RaftServerConfigKeys (ConfUtils.java:logGet(46)) - raft.server.log.purge.gap = 1000000 (custom)
2023-07-18 19:30:21,435 [om1-impl-thread1] INFO  server.RaftServerConfigKeys (ConfUtils.java:logGet(46)) - raft.server.log.appender.buffer.byte-limit = 33554432 (custom)
2023-07-18 19:30:21,436 [om1-impl-thread1] INFO  server.RaftServerConfigKeys (ConfUtils.java:logGet(46)) - raft.server.log.statemachine.data.read.timeout = 1000ms (default)
2023-07-18 19:30:21,437 [om1-impl-thread1] INFO  server.RaftServerConfigKeys (ConfUtils.java:logGet(46)) - raft.server.log.purge.preservation.log.num = 0 (default)
2023-07-18 19:30:21,440 [om1-impl-thread1] INFO  server.RaftServerConfigKeys (ConfUtils.java:logGet(46)) - raft.server.log.segment.size.max = 4194304 (custom)
2023-07-18 19:30:21,446 [om1-impl-thread1] INFO  server.RaftServerConfigKeys (ConfUtils.java:logGet(46)) - raft.server.log.segment.cache.num.max = 2 (custom)
2023-07-18 19:30:21,447 [om1-impl-thread1] INFO  server.RaftServerConfigKeys (ConfUtils.java:logGet(46)) - raft.server.log.segment.cache.size.max = 200MB (=209715200) (default)
2023-07-18 19:30:21,447 [om1-impl-thread1] INFO  server.RaftServerConfigKeys (ConfUtils.java:logGet(46)) - raft.server.log.appender.buffer.byte-limit = 33554432 (custom)
2023-07-18 19:30:21,455 [om1-impl-thread1] INFO  segmented.SegmentedRaftLogWorker (SegmentedRaftLogWorker.java:<init>(188)) - new om1@group-C5BA1605619E-SegmentedRaftLogWorker for RaftStorageImpl:Storage Directory /home/runner/work/ozone/ozone/hadoop-ozone/integration-test/target/test-dir/MiniOzoneClusterImpl-6b031341-d507-43af-b1f0-ac2f4105ef04/ozone-meta/ratis/bf265839-605b-3f16-9796-c5ba1605619e
2023-07-18 19:30:21,455 [om1-impl-thread1] INFO  server.RaftServerConfigKeys (ConfUtils.java:logGet(46)) - raft.server.log.queue.byte-limit = 64MB (=67108864) (default)
2023-07-18 19:30:21,456 [om1-impl-thread1] INFO  server.RaftServerConfigKeys (ConfUtils.java:logGet(46)) - raft.server.log.queue.element-limit = 4096 (default)
2023-07-18 19:30:21,457 [om1-impl-thread1] INFO  server.RaftServerConfigKeys (ConfUtils.java:logGet(46)) - raft.server.log.segment.size.max = 4194304 (custom)
2023-07-18 19:30:21,457 [om1-impl-thread1] INFO  server.RaftServerConfigKeys (ConfUtils.java:logGet(46)) - raft.server.log.preallocated.size = 4194304 (custom)
2023-07-18 19:30:21,458 [om1-impl-thread1] INFO  server.RaftServerConfigKeys (ConfUtils.java:logGet(46)) - raft.server.log.force.sync.num = 128 (default)
2023-07-18 19:30:21,459 [om1-impl-thread1] INFO  server.RaftServerConfigKeys (ConfUtils.java:logGet(46)) - raft.server.log.statemachine.data.sync = true (default)
2023-07-18 19:30:21,459 [om1-impl-thread1] INFO  server.RaftServerConfigKeys (ConfUtils.java:logGet(46)) - raft.server.log.statemachine.data.sync.timeout = 10s (default)
2023-07-18 19:30:21,460 [om1-impl-thread1] INFO  server.RaftServerConfigKeys (ConfUtils.java:logGet(46)) - raft.server.log.statemachine.data.sync.timeout.retry = -1 (default)
2023-07-18 19:30:21,471 [om1-impl-thread1] INFO  server.RaftServerConfigKeys (ConfUtils.java:logGet(46)) - raft.server.log.write.buffer.size = 64KB (=65536) (default)
2023-07-18 19:30:21,472 [om1-impl-thread1] INFO  server.RaftServerConfigKeys (ConfUtils.java:logGet(46)) - raft.server.log.appender.buffer.byte-limit = 33554432 (custom)
2023-07-18 19:30:21,479 [om1-impl-thread1] INFO  server.RaftServerConfigKeys (ConfUtils.java:logGet(46)) - raft.server.log.unsafe-flush.enabled = false (default)
2023-07-18 19:30:21,480 [om1-impl-thread1] INFO  server.RaftServerConfigKeys (ConfUtils.java:logGet(46)) - raft.server.log.async-flush.enabled = false (default)
2023-07-18 19:30:21,480 [om1-impl-thread1] INFO  server.RaftServerConfigKeys (ConfUtils.java:logGet(46)) - raft.server.log.statemachine.data.caching.enabled = false (default)
2023-07-18 19:30:21,487 [om1-impl-thread1] INFO  segmented.SegmentedRaftLogWorker (SegmentedRaftLogWorker.java:lambda$new$0(135)) - om1@group-C5BA1605619E-SegmentedRaftLogWorker: flushIndex: setUnconditionally 0 -> -1
2023-07-18 19:30:21,487 [om1-impl-thread1] INFO  segmented.SegmentedRaftLogWorker (SegmentedRaftLogWorker.java:lambda$new$0(135)) - om1@group-C5BA1605619E-SegmentedRaftLogWorker: safeCacheEvictIndex: setUnconditionally 0 -> -1
2023-07-18 19:30:21,490 [om1-impl-thread1] INFO  server.RaftServer$Division (RaftServerImpl.java:start(342)) - om1@group-C5BA1605619E: start as a follower, conf=-1: peers:[om1|rpc:localhost:15007|priority:0|startupRole:FOLLOWER]|listeners:[], old=null
2023-07-18 19:30:21,491 [om1-impl-thread1] INFO  server.RaftServer$Division (RaftServerImpl.java:setRole(329)) - om1@group-C5BA1605619E: changes role from      null to FOLLOWER at term 0 for startAsFollower
2023-07-18 19:30:21,492 [om1-impl-thread1] INFO  impl.RoleInfo (RoleInfo.java:updateAndGet(139)) - om1: start om1@group-C5BA1605619E-FollowerState
2023-07-18 19:30:21,497 [om1-impl-thread1] INFO  util.JmxRegister (JmxRegister.java:tryRegister(44)) - Successfully registered JMX Bean with object name Ratis:service=RaftServer,group=group-C5BA1605619E,id=om1
2023-07-18 19:30:21,500 [om1-impl-thread1] INFO  server.RaftServerConfigKeys (ConfUtils.java:logGet(46)) - raft.server.snapshot.auto.trigger.enabled = true (custom)
2023-07-18 19:30:21,500 [om1-impl-thread1] INFO  server.RaftServerConfigKeys (ConfUtils.java:logGet(46)) - raft.server.snapshot.auto.trigger.threshold = 400000 (default)
2023-07-18 19:30:21,501 [om1-impl-thread1] INFO  server.RaftServerConfigKeys (ConfUtils.java:logGet(46)) - raft.server.snapshot.retention.file.num = -1 (default)
2023-07-18 19:30:21,501 [om1@group-C5BA1605619E-FollowerState] INFO  server.RaftServerConfigKeys (ConfUtils.java:logFallback(53)) - raft.server.rpc.first-election.timeout.min = 1s (fallback to raft.server.rpc.timeout.min)
2023-07-18 19:30:21,502 [om1@group-C5BA1605619E-FollowerState] INFO  server.RaftServerConfigKeys (ConfUtils.java:logFallback(53)) - raft.server.rpc.first-election.timeout.max = 1200ms (fallback to raft.server.rpc.timeout.max)
2023-07-18 19:30:21,502 [om1-impl-thread1] INFO  server.RaftServerConfigKeys (ConfUtils.java:logGet(46)) - raft.server.log.purge.upto.snapshot.index = true (custom)
2023-07-18 19:30:21,507 [main] INFO  server.RaftServer (RaftServerProxy.java:startImpl(400)) - om1: start RPC server
2023-07-18 19:30:21,572 [main] INFO  server.GrpcService (GrpcService.java:startImpl(302)) - om1: GrpcService started, listening on 15007
2023-07-18 19:30:21,576 [main] INFO  om.OzoneManager (OzoneManager.java:start(1638)) - Version File has different layout version (6) than OM DB (null). That is expected if this OM has never been finalized to a newer layout version.
2023-07-18 19:30:21,581 [JvmPauseMonitor1] INFO  util.JvmPauseMonitor (JvmPauseMonitor.java:run(103)) - JvmPauseMonitor-om1: Started
2023-07-18 19:30:21,617 [main] INFO  http.BaseHttpServer (BaseHttpServer.java:newHttpServer2BuilderForOzone(224)) - Starting Web-server for ozoneManager at: http://0.0.0.0:15005
2023-07-18 19:30:21,617 [main] INFO  http.BaseHttpServer (BaseHttpServer.java:<init>(111)) - Hadoop Security Enabled: false Ozone Security Enabled: false Ozone HTTP Security Enabled: false 
2023-07-18 19:30:21,620 [main] WARN  server.AuthenticationFilter (AuthenticationFilter.java:constructSecretProvider(240)) - Unable to initialize FileSignerSecretProvider, falling back to use random secrets. Reason: Could not read signature secret file: /home/runner/hadoop-http-auth-signature-secret
2023-07-18 19:30:21,623 [main] INFO  http.HttpRequestLog (HttpRequestLog.java:getRequestLog(86)) - Http request log for http.requests.ozoneManager is not defined
2023-07-18 19:30:21,625 [main] INFO  http.HttpServer2 (HttpServer2.java:addGlobalFilter(1031)) - Added global filter 'safety' (class=org.apache.hadoop.hdds.server.http.HttpServer2$QuotingInputFilter)
2023-07-18 19:30:21,626 [main] INFO  http.HttpServer2 (HttpServer2.java:addFilter(1007)) - Added filter static_user_filter (class=org.apache.hadoop.http.lib.StaticUserWebFilter$StaticUserFilter) to context ozoneManager
2023-07-18 19:30:21,627 [main] INFO  http.HttpServer2 (HttpServer2.java:addFilter(1015)) - Added filter static_user_filter (class=org.apache.hadoop.http.lib.StaticUserWebFilter$StaticUserFilter) to context static
2023-07-18 19:30:21,627 [main] INFO  http.HttpServer2 (HttpServer2.java:addFilter(1015)) - Added filter static_user_filter (class=org.apache.hadoop.http.lib.StaticUserWebFilter$StaticUserFilter) to context logs
2023-07-18 19:30:21,628 [main] INFO  http.BaseHttpServer (BaseHttpServer.java:<init>(190)) - HTTP server of ozoneManager uses base directory /home/runner/work/ozone/ozone/hadoop-ozone/integration-test/target/test-dir/MiniOzoneClusterImpl-6b031341-d507-43af-b1f0-ac2f4105ef04/ozone-meta/webserver
2023-07-18 19:30:21,632 [main] INFO  http.HttpServer2 (HttpServer2.java:bindListener(1250)) - Jetty bound to port 15005
2023-07-18 19:30:21,632 [main] INFO  server.Server (Server.java:doStart(375)) - jetty-9.4.51.v20230217; built: 2023-02-17T08:19:37.309Z; git: b45c405e4544384de066f814ed42ae3dceacdd49; jvm 1.8.0_372-b07
2023-07-18 19:30:21,636 [main] INFO  server.session (DefaultSessionIdManager.java:doStart(334)) - DefaultSessionIdManager workerName=node0
2023-07-18 19:30:21,636 [main] INFO  server.session (DefaultSessionIdManager.java:doStart(339)) - No SessionScavenger set, using defaults
2023-07-18 19:30:21,637 [main] INFO  server.session (HouseKeeper.java:startScavenging(132)) - node0 Scavenging every 660000ms
2023-07-18 19:30:21,638 [main] INFO  handler.ContextHandler (ContextHandler.java:doStart(921)) - Started o.e.j.s.ServletContextHandler@4f45a09c{logs,/logs,file:///home/runner/work/ozone/ozone/hadoop-ozone/integration-test/target/log,AVAILABLE}
2023-07-18 19:30:21,638 [main] INFO  handler.ContextHandler (ContextHandler.java:doStart(921)) - Started o.e.j.s.ServletContextHandler@60931e00{static,/static,file:///home/runner/work/ozone/ozone/hadoop-ozone/integration-test/target/test-classes/webapps/static,AVAILABLE}
2023-07-18 19:30:21,647 [main] INFO  handler.ContextHandler (ContextHandler.java:doStart(921)) - Started o.e.j.w.WebAppContext@76e1c593{ozoneManager,/,file:///home/runner/work/ozone/ozone/hadoop-ozone/integration-test/target/test-classes/webapps/ozoneManager/,AVAILABLE}{file:/home/runner/work/ozone/ozone/hadoop-ozone/integration-test/target/test-classes/webapps/ozoneManager}
2023-07-18 19:30:21,650 [main] INFO  server.AbstractConnector (AbstractConnector.java:doStart(333)) - Started ServerConnector@6a45af66{HTTP/1.1, (http/1.1)}{0.0.0.0:15005}
2023-07-18 19:30:21,650 [main] INFO  server.Server (Server.java:doStart(415)) - Started @9998ms
2023-07-18 19:30:21,651 [main] WARN  impl.MetricsSystemImpl (MetricsSystemImpl.java:register(279)) - Sink prometheus already exists!
2023-07-18 19:30:21,652 [main] INFO  http.BaseHttpServer (BaseHttpServer.java:updateConnectorAddress(344)) - HTTP server of ozoneManager listening at http://0.0.0.0:15005
2023-07-18 19:30:21,653 [IPC Server Responder] INFO  ipc.Server (Server.java:run(1562)) - IPC Server Responder: starting
2023-07-18 19:30:21,653 [IPC Server listener on 15004] INFO  ipc.Server (Server.java:run(1402)) - IPC Server listener on 15004: starting
2023-07-18 19:30:21,658 [main] INFO  om.OzoneManager (OzoneManager.java:startTrashEmptier(2090)) - Trash Interval set to 0. Files deleted won't move to trash
2023-07-18 19:30:21,877 [main] WARN  impl.MetricRegistriesImpl (MetricRegistriesImpl.java:addReporterRegistration(111)) - New reporters are added after registries were created. Some metrics will be missing from the reporter. Please add reporter before adding any new registry.
2023-07-18 19:30:21,878 [main] WARN  impl.MetricRegistriesImpl (MetricRegistriesImpl.java:addReporterRegistration(111)) - New reporters are added after registries were created. Some metrics will be missing from the reporter. Please add reporter before adding any new registry.
2023-07-18 19:30:21,878 [main] INFO  impl.MetricsSystemImpl (MetricsSystemImpl.java:init(158)) - HddsDatanode metrics system started (again)
2023-07-18 19:30:21,902 [main] INFO  ozone.HddsDatanodeService (HddsDatanodeService.java:start(237)) - HddsDatanodeService host:fv-az613-641 ip:10.1.0.42
2023-07-18 19:30:21,944 [main] INFO  upgrade.AbstractLayoutVersionManager (AbstractLayoutVersionManager.java:init(83)) - Initializing Layout version manager with metadata layout = HADOOP_PRC_PORTS_IN_DATANODEDETAILS (version = 7), software layout = HADOOP_PRC_PORTS_IN_DATANODEDETAILS (version = 7)
2023-07-18 19:30:21,947 [main] INFO  statemachine.DatanodeStateMachine (DatanodeStateMachine.java:getEndPointTaskThreadPoolSize(279)) - Datanode State Machine Task Thread Pool size 2
2023-07-18 19:30:22,020 [main] INFO  volume.HddsVolume (HddsVolume.java:<init>(126)) - Creating HddsVolume: /home/runner/work/ozone/ozone/hadoop-ozone/integration-test/target/test-dir/MiniOzoneClusterImpl-6b031341-d507-43af-b1f0-ac2f4105ef04/datanode-0/data-0/containers/hdds of storage type : DISK capacity : 9223372036854775807
2023-07-18 19:30:22,023 [main] INFO  volume.MutableVolumeSet (MutableVolumeSet.java:initializeVolumeSet(175)) - Added Volume : /home/runner/work/ozone/ozone/hadoop-ozone/integration-test/target/test-dir/MiniOzoneClusterImpl-6b031341-d507-43af-b1f0-ac2f4105ef04/datanode-0/data-0/containers/hdds to VolumeSet
2023-07-18 19:30:22,025 [main] INFO  volume.ThrottledAsyncChecker (ThrottledAsyncChecker.java:schedule(141)) - Scheduling a check for /home/runner/work/ozone/ozone/hadoop-ozone/integration-test/target/test-dir/MiniOzoneClusterImpl-6b031341-d507-43af-b1f0-ac2f4105ef04/datanode-0/data-0/containers/hdds
2023-07-18 19:30:22,055 [main] INFO  volume.StorageVolumeChecker (StorageVolumeChecker.java:checkAllVolumes(202)) - Scheduled health check for volume /home/runner/work/ozone/ozone/hadoop-ozone/integration-test/target/test-dir/MiniOzoneClusterImpl-6b031341-d507-43af-b1f0-ac2f4105ef04/datanode-0/data-0/containers/hdds
2023-07-18 19:30:22,063 [main] INFO  volume.MutableVolumeSet (MutableVolumeSet.java:initializeVolumeSet(175)) - Added Volume : /home/runner/work/ozone/ozone/hadoop-ozone/integration-test/target/test-dir/MiniOzoneClusterImpl-6b031341-d507-43af-b1f0-ac2f4105ef04/datanode-0/data/ratis to VolumeSet
2023-07-18 19:30:22,064 [main] INFO  volume.ThrottledAsyncChecker (ThrottledAsyncChecker.java:schedule(141)) - Scheduling a check for /home/runner/work/ozone/ozone/hadoop-ozone/integration-test/target/test-dir/MiniOzoneClusterImpl-6b031341-d507-43af-b1f0-ac2f4105ef04/datanode-0/data/ratis
2023-07-18 19:30:22,065 [main] INFO  volume.StorageVolumeChecker (StorageVolumeChecker.java:checkAllVolumes(202)) - Scheduled health check for volume /home/runner/work/ozone/ozone/hadoop-ozone/integration-test/target/test-dir/MiniOzoneClusterImpl-6b031341-d507-43af-b1f0-ac2f4105ef04/datanode-0/data/ratis
2023-07-18 19:30:22,091 [Thread-139] INFO  ozoneimpl.ContainerReader (ContainerReader.java:readVolume(177)) - Finish verifying containers on volume /home/runner/work/ozone/ozone/hadoop-ozone/integration-test/target/test-dir/MiniOzoneClusterImpl-6b031341-d507-43af-b1f0-ac2f4105ef04/datanode-0/data-0/containers/hdds
2023-07-18 19:30:22,092 [main] INFO  ozoneimpl.OzoneContainer (OzoneContainer.java:buildContainerSet(316)) - Build ContainerSet costs 0s
2023-07-18 19:30:22,170 [main] INFO  audit.AuditLogger (AuditLogger.java:refreshDebugCmdSet(126)) - Refresh DebugCmdSet for DNAudit to [].
2023-07-18 19:30:22,216 [main] INFO  server.RaftServer (ConfUtils.java:logGet(46)) - raft.rpc.type = GRPC (default)
2023-07-18 19:30:22,217 [main] INFO  grpc.GrpcConfigKeys (ConfUtils.java:logFallback(53)) - raft.grpc.admin.host = null (fallback to raft.grpc.server.host)
2023-07-18 19:30:22,218 [main] INFO  grpc.GrpcConfigKeys (ConfUtils.java:logGet(46)) - raft.grpc.admin.port = 15013 (custom)
2023-07-18 19:30:22,218 [main] INFO  grpc.GrpcConfigKeys (ConfUtils.java:logFallback(53)) - raft.grpc.client.host = null (fallback to raft.grpc.server.host)
2023-07-18 19:30:22,218 [main] INFO  grpc.GrpcConfigKeys (ConfUtils.java:logGet(46)) - raft.grpc.client.port = 15012 (custom)
2023-07-18 19:30:22,219 [main] INFO  grpc.GrpcConfigKeys (ConfUtils.java:logGet(46)) - raft.grpc.server.host = null (default)
2023-07-18 19:30:22,219 [main] INFO  grpc.GrpcConfigKeys (ConfUtils.java:logGet(46)) - raft.grpc.server.port = 15014 (custom)
2023-07-18 19:30:22,219 [main] INFO  server.GrpcService (ConfUtils.java:logGet(46)) - raft.grpc.message.size.max = 32MB (=33554432) (custom)
2023-07-18 19:30:22,219 [main] INFO  server.RaftServerConfigKeys (ConfUtils.java:logGet(46)) - raft.server.log.appender.buffer.byte-limit = 33554432 (custom)
2023-07-18 19:30:22,220 [main] INFO  server.GrpcService (ConfUtils.java:logGet(46)) - raft.grpc.flow.control.window = 5MB (=5242880) (custom)
2023-07-18 19:30:22,220 [main] INFO  server.RaftServerConfigKeys (ConfUtils.java:logGet(46)) - raft.server.rpc.request.timeout = 3000ms (default)
2023-07-18 19:30:22,220 [main] INFO  grpc.GrpcConfigKeys (ConfUtils.java:logGet(46)) - raft.grpc.server.heartbeat.channel = true (default)
2023-07-18 19:30:22,221 [main] INFO  grpc.GrpcConfigKeys (ConfUtils.java:logGet(46)) - raft.grpc.server.async.request.thread.pool.cached = true (default)
2023-07-18 19:30:22,221 [main] INFO  grpc.GrpcConfigKeys (ConfUtils.java:logGet(46)) - raft.grpc.server.async.request.thread.pool.size = 32 (default)
2023-07-18 19:30:22,227 [main] INFO  impl.DataStreamServerImpl (ConfUtils.java:logGet(46)) - raft.datastream.type = NETTY (custom)
2023-07-18 19:30:22,240 [main] INFO  server.RaftServerConfigKeys (ConfUtils.java:logGet(46)) - raft.server.data-stream.async.request.thread.pool.cached = false (default)
2023-07-18 19:30:22,240 [main] INFO  server.RaftServerConfigKeys (ConfUtils.java:logGet(46)) - raft.server.data-stream.async.request.thread.pool.size = 20 (custom)
2023-07-18 19:30:22,241 [main] INFO  server.RaftServerConfigKeys (ConfUtils.java:logGet(46)) - raft.server.data-stream.async.write.thread.pool.size = 16 (default)
2023-07-18 19:30:22,242 [main] INFO  server.RaftServerConfigKeys (ConfUtils.java:logGet(46)) - raft.server.data-stream.client.pool.size = 10 (default)
2023-07-18 19:30:22,246 [main] INFO  netty.NettyConfigKeys$DataStream (ConfUtils.java:logGet(46)) - raft.netty.dataStream.server.use-epoll = false (default)
2023-07-18 19:30:22,246 [main] INFO  netty.NettyConfigKeys$DataStream (ConfUtils.java:logGet(46)) - raft.netty.dataStream.server.boss-group.size = 0 (default)
2023-07-18 19:30:22,254 [main] INFO  netty.NettyConfigKeys$DataStream (ConfUtils.java:logGet(46)) - raft.netty.dataStream.server.worker-group.size = 0 (default)
2023-07-18 19:30:22,269 [main] INFO  netty.NettyConfigKeys$DataStream (ConfUtils.java:logGet(46)) - raft.netty.dataStream.server.tls.conf = null (default)
2023-07-18 19:30:22,271 [main] INFO  netty.NettyConfigKeys$DataStream (ConfUtils.java:logGet(46)) - raft.netty.dataStream.host = null (default)
2023-07-18 19:30:22,271 [main] INFO  netty.NettyConfigKeys$DataStream (ConfUtils.java:logGet(46)) - raft.netty.dataStream.port = 15015 (custom)
2023-07-18 19:30:22,284 [main] INFO  server.RaftServerConfigKeys (ConfUtils.java:logGet(46)) - raft.server.threadpool.proxy.cached = true (default)
2023-07-18 19:30:22,284 [main] INFO  server.RaftServerConfigKeys (ConfUtils.java:logGet(46)) - raft.server.threadpool.proxy.size = 0 (default)
2023-07-18 19:30:22,285 [main] INFO  server.RaftServerConfigKeys (ConfUtils.java:logGet(46)) - raft.server.rpc.slowness.timeout = 300000ms (custom)
2023-07-18 19:30:22,285 [main] INFO  server.RaftServerConfigKeys (ConfUtils.java:logGet(46)) - raft.server.leaderelection.leader.step-down.wait-time = 10s (default)
2023-07-18 19:30:22,285 [main] INFO  server.RaftServerConfigKeys (ConfUtils.java:logGet(46)) - raft.server.storage.dir = [/home/runner/work/ozone/ozone/hadoop-ozone/integration-test/target/test-dir/MiniOzoneClusterImpl-6b031341-d507-43af-b1f0-ac2f4105ef04/datanode-0/data/ratis] (custom)
2023-07-18 19:30:22,300 [e7d9066e-05d1-4d78-941d-b2a7fd2da9b5-NettyServerStreamRpc-bossGroup--thread1] INFO  logging.LoggingHandler (AbstractInternalLogger.java:log(148)) - [id: 0xfce14d82] REGISTERED
2023-07-18 19:30:22,300 [e7d9066e-05d1-4d78-941d-b2a7fd2da9b5-NettyServerStreamRpc-bossGroup--thread1] INFO  logging.LoggingHandler (AbstractInternalLogger.java:log(148)) - [id: 0xfce14d82] BIND: 0.0.0.0/0.0.0.0:15015
2023-07-18 19:30:22,306 [e7d9066e-05d1-4d78-941d-b2a7fd2da9b5-NettyServerStreamRpc-bossGroup--thread1] INFO  logging.LoggingHandler (AbstractInternalLogger.java:log(148)) - [id: 0xfce14d82, L:/0:0:0:0:0:0:0:0:15015] ACTIVE
2023-07-18 19:30:22,321 [main] INFO  server.XceiverServerGrpc (XceiverServerGrpc.java:<init>(132)) - GrpcServer channel type EpollServerSocketChannel
2023-07-18 19:30:22,376 [main] INFO  replication.ReplicationSupervisor (ReplicationSupervisor.java:nodeStateUpdated(305)) - Node state updated to IN_SERVICE, scaling executor pool size to 10
2023-07-18 19:30:22,438 [main] INFO  http.BaseHttpServer (BaseHttpServer.java:newHttpServer2BuilderForOzone(224)) - Starting Web-server for hddsDatanode at: http://0.0.0.0:15009
2023-07-18 19:30:22,438 [main] INFO  http.BaseHttpServer (BaseHttpServer.java:<init>(111)) - Hadoop Security Enabled: false Ozone Security Enabled: false Ozone HTTP Security Enabled: false 
2023-07-18 19:30:22,440 [main] WARN  server.AuthenticationFilter (AuthenticationFilter.java:constructSecretProvider(240)) - Unable to initialize FileSignerSecretProvider, falling back to use random secrets. Reason: Could not read signature secret file: /home/runner/hadoop-http-auth-signature-secret
2023-07-18 19:30:22,441 [main] INFO  http.HttpRequestLog (HttpRequestLog.java:getRequestLog(86)) - Http request log for http.requests.hddsDatanode is not defined
2023-07-18 19:30:22,443 [main] INFO  http.HttpServer2 (HttpServer2.java:addGlobalFilter(1031)) - Added global filter 'safety' (class=org.apache.hadoop.hdds.server.http.HttpServer2$QuotingInputFilter)
2023-07-18 19:30:22,444 [main] INFO  http.HttpServer2 (HttpServer2.java:addFilter(1007)) - Added filter static_user_filter (class=org.apache.hadoop.http.lib.StaticUserWebFilter$StaticUserFilter) to context hddsDatanode
2023-07-18 19:30:22,444 [main] INFO  http.HttpServer2 (HttpServer2.java:addFilter(1015)) - Added filter static_user_filter (class=org.apache.hadoop.http.lib.StaticUserWebFilter$StaticUserFilter) to context static
2023-07-18 19:30:22,444 [main] INFO  http.HttpServer2 (HttpServer2.java:addFilter(1015)) - Added filter static_user_filter (class=org.apache.hadoop.http.lib.StaticUserWebFilter$StaticUserFilter) to context logs
2023-07-18 19:30:22,445 [main] INFO  http.BaseHttpServer (BaseHttpServer.java:<init>(190)) - HTTP server of hddsDatanode uses base directory /home/runner/work/ozone/ozone/hadoop-ozone/integration-test/target/test-dir/MiniOzoneClusterImpl-6b031341-d507-43af-b1f0-ac2f4105ef04/datanode-0/meta/webserver
2023-07-18 19:30:22,445 [main] INFO  http.HttpServer2 (HttpServer2.java:bindListener(1250)) - Jetty bound to port 15009
2023-07-18 19:30:22,446 [main] INFO  server.Server (Server.java:doStart(375)) - jetty-9.4.51.v20230217; built: 2023-02-17T08:19:37.309Z; git: b45c405e4544384de066f814ed42ae3dceacdd49; jvm 1.8.0_372-b07
2023-07-18 19:30:22,452 [main] INFO  server.session (DefaultSessionIdManager.java:doStart(334)) - DefaultSessionIdManager workerName=node0
2023-07-18 19:30:22,453 [main] INFO  server.session (DefaultSessionIdManager.java:doStart(339)) - No SessionScavenger set, using defaults
2023-07-18 19:30:22,453 [main] INFO  server.session (HouseKeeper.java:startScavenging(132)) - node0 Scavenging every 600000ms
2023-07-18 19:30:22,454 [main] INFO  handler.ContextHandler (ContextHandler.java:doStart(921)) - Started o.e.j.s.ServletContextHandler@5a85fcf8{logs,/logs,file:///home/runner/work/ozone/ozone/hadoop-ozone/integration-test/target/log,AVAILABLE}
2023-07-18 19:30:22,455 [main] INFO  handler.ContextHandler (ContextHandler.java:doStart(921)) - Started o.e.j.s.ServletContextHandler@608e8516{static,/static,jar:file:/home/runner/.m2/repository/org/apache/ozone/hdds-container-service/1.4.0-SNAPSHOT/hdds-container-service-1.4.0-SNAPSHOT.jar!/webapps/static,AVAILABLE}
2023-07-18 19:30:22,672 [om1@group-C5BA1605619E-FollowerState] INFO  impl.FollowerState (FollowerState.java:run(143)) - om1@group-C5BA1605619E-FollowerState: change to CANDIDATE, lastRpcElapsedTime:1180132231ns, electionTimeout:1169ms
2023-07-18 19:30:22,674 [om1@group-C5BA1605619E-FollowerState] INFO  impl.RoleInfo (RoleInfo.java:shutdownFollowerState(110)) - om1: shutdown om1@group-C5BA1605619E-FollowerState
2023-07-18 19:30:22,674 [om1@group-C5BA1605619E-FollowerState] INFO  server.RaftServer$Division (RaftServerImpl.java:setRole(329)) - om1@group-C5BA1605619E: changes role from  FOLLOWER to CANDIDATE at term 0 for changeToCandidate
2023-07-18 19:30:22,681 [om1@group-C5BA1605619E-FollowerState] INFO  server.RaftServerConfigKeys (ConfUtils.java:logGet(46)) - raft.server.leaderelection.pre-vote = true (default)
2023-07-18 19:30:22,681 [om1@group-C5BA1605619E-FollowerState] INFO  impl.RoleInfo (RoleInfo.java:updateAndGet(139)) - om1: start om1@group-C5BA1605619E-LeaderElection1
2023-07-18 19:30:22,685 [om1@group-C5BA1605619E-LeaderElection1] INFO  impl.LeaderElection (LeaderElection.java:askForVotes(321)) - om1@group-C5BA1605619E-LeaderElection1 PRE_VOTE round 0: submit vote requests at term 0 for -1: peers:[om1|rpc:localhost:15007|priority:0|startupRole:FOLLOWER]|listeners:[], old=null
2023-07-18 19:30:22,688 [om1@group-C5BA1605619E-LeaderElection1] INFO  impl.LeaderElection (LeaderElection.java:askForVotes(323)) - om1@group-C5BA1605619E-LeaderElection1 PRE_VOTE round 0: result PASSED (term=0)
2023-07-18 19:30:22,699 [om1@group-C5BA1605619E-LeaderElection1] INFO  impl.LeaderElection (LeaderElection.java:askForVotes(321)) - om1@group-C5BA1605619E-LeaderElection1 ELECTION round 0: submit vote requests at term 1 for -1: peers:[om1|rpc:localhost:15007|priority:0|startupRole:FOLLOWER]|listeners:[], old=null
2023-07-18 19:30:22,700 [om1@group-C5BA1605619E-LeaderElection1] INFO  impl.LeaderElection (LeaderElection.java:askForVotes(323)) - om1@group-C5BA1605619E-LeaderElection1 ELECTION round 0: result PASSED (term=1)
2023-07-18 19:30:22,700 [om1@group-C5BA1605619E-LeaderElection1] INFO  impl.RoleInfo (RoleInfo.java:shutdownLeaderElection(130)) - om1: shutdown om1@group-C5BA1605619E-LeaderElection1
2023-07-18 19:30:22,701 [om1@group-C5BA1605619E-LeaderElection1] INFO  server.RaftServer$Division (RaftServerImpl.java:setRole(329)) - om1@group-C5BA1605619E: changes role from CANDIDATE to LEADER at term 1 for changeToLeader
2023-07-18 19:30:22,706 [om1@group-C5BA1605619E-LeaderElection1] INFO  server.RaftServer$Division (ServerState.java:setLeader(317)) - om1@group-C5BA1605619E: change Leader from null to om1 at term 1 for becomeLeader, leader elected after 2363ms
2023-07-18 19:30:22,712 [main] INFO  handler.ContextHandler (ContextHandler.java:doStart(921)) - Started o.e.j.w.WebAppContext@1fbb2a97{hddsDatanode,/,file:///home/runner/work/ozone/ozone/hadoop-ozone/integration-test/target/test-dir/MiniOzoneClusterImpl-6b031341-d507-43af-b1f0-ac2f4105ef04/datanode-0/meta/webserver/jetty-0_0_0_0-15009-hdds-container-service-1_4_0-SNAPSHOT_jar-_-any-2008383308976974610/webapp/,AVAILABLE}{jar:file:/home/runner/.m2/repository/org/apache/ozone/hdds-container-service/1.4.0-SNAPSHOT/hdds-container-service-1.4.0-SNAPSHOT.jar!/webapps/hddsDatanode}
2023-07-18 19:30:22,714 [main] INFO  server.AbstractConnector (AbstractConnector.java:doStart(333)) - Started ServerConnector@5a358e59{HTTP/1.1, (http/1.1)}{0.0.0.0:15009}
2023-07-18 19:30:22,714 [main] INFO  server.Server (Server.java:doStart(415)) - Started @11063ms
2023-07-18 19:30:22,715 [main] WARN  impl.MetricsSystemImpl (MetricsSystemImpl.java:register(279)) - Sink prometheus already exists!
2023-07-18 19:30:22,718 [main] INFO  http.BaseHttpServer (BaseHttpServer.java:updateConnectorAddress(344)) - HTTP server of hddsDatanode listening at http://0.0.0.0:15009
2023-07-18 19:30:22,726 [main] INFO  ipc.CallQueueManager (CallQueueManager.java:<init>(90)) - Using callQueue: class java.util.concurrent.LinkedBlockingQueue, queueCapacity: 100, scheduler: class org.apache.hadoop.ipc.DefaultRpcScheduler, ipcBackoff: false.
2023-07-18 19:30:22,728 [main] INFO  ipc.Server (Server.java:<init>(1287)) - Listener at 0.0.0.0:15010
2023-07-18 19:30:22,730 [om1@group-C5BA1605619E-LeaderElection1] INFO  server.RaftServerConfigKeys (ConfUtils.java:logGet(46)) - raft.server.staging.catchup.gap = 1000 (default)
2023-07-18 19:30:22,739 [main] INFO  ozone.HddsDatanodeService (HddsDatanodeService.java:start(315)) - Datanode start with admins: [runner]
2023-07-18 19:30:22,739 [main] INFO  ozone.HddsDatanodeClientProtocolServer (HddsDatanodeClientProtocolServer.java:start(72)) - RPC server for Client /0.0.0.0:15010
2023-07-18 19:30:22,740 [IPC Server Responder] INFO  ipc.Server (Server.java:run(1562)) - IPC Server Responder: starting
2023-07-18 19:30:22,740 [Socket Reader #1 for port 15010] INFO  ipc.Server (Server.java:run(1323)) - Starting Socket Reader #1 for port 15010
2023-07-18 19:30:22,740 [IPC Server listener on 15010] INFO  ipc.Server (Server.java:run(1402)) - IPC Server listener on 15010: starting
2023-07-18 19:30:22,742 [main] WARN  impl.MetricRegistriesImpl (MetricRegistriesImpl.java:addReporterRegistration(111)) - New reporters are added after registries were created. Some metrics will be missing from the reporter. Please add reporter before adding any new registry.
2023-07-18 19:30:22,742 [main] WARN  impl.MetricRegistriesImpl (MetricRegistriesImpl.java:addReporterRegistration(111)) - New reporters are added after registries were created. Some metrics will be missing from the reporter. Please add reporter before adding any new registry.
2023-07-18 19:30:22,742 [main] INFO  impl.MetricsSystemImpl (MetricsSystemImpl.java:init(158)) - HddsDatanode metrics system started (again)
2023-07-18 19:30:22,750 [om1@group-C5BA1605619E-LeaderElection1] INFO  server.RaftServerConfigKeys (ConfUtils.java:logGet(46)) - raft.server.write.element-limit = 4096 (default)
2023-07-18 19:30:22,759 [om1@group-C5BA1605619E-LeaderElection1] INFO  server.RaftServerConfigKeys (ConfUtils.java:logGet(46)) - raft.server.write.byte-limit = 64MB (=67108864) (default)
2023-07-18 19:30:22,763 [Datanode State Machine Daemon Thread] INFO  statemachine.DatanodeStateMachine (DatanodeStateMachine.java:lambda$startDaemon$0(531)) - Ozone container server started.
2023-07-18 19:30:22,769 [om1@group-C5BA1605619E-LeaderElection1] INFO  server.RaftServerConfigKeys (ConfUtils.java:logGet(46)) - raft.server.watch.timeout = 10s (default)
2023-07-18 19:30:22,769 [om1@group-C5BA1605619E-LeaderElection1] INFO  server.RaftServerConfigKeys (ConfUtils.java:logGet(46)) - raft.server.watch.timeout.denomination = 1s (default)
2023-07-18 19:30:22,773 [om1@group-C5BA1605619E-LeaderElection1] INFO  server.RaftServerConfigKeys (ConfUtils.java:logGet(46)) - raft.server.watch.element-limit = 65536 (default)
2023-07-18 19:30:22,779 [om1@group-C5BA1605619E-LeaderElection1] INFO  server.RaftServerConfigKeys (ConfUtils.java:logGet(46)) - raft.server.write.element-limit = 4096 (default)
2023-07-18 19:30:22,781 [om1@group-C5BA1605619E-LeaderElection1] INFO  server.RaftServerConfigKeys (ConfUtils.java:logGet(46)) - raft.server.write.follower.gap.ratio.max = -1.0 (default)
2023-07-18 19:30:22,785 [om1@group-C5BA1605619E-LeaderElection1] INFO  impl.RoleInfo (RoleInfo.java:updateAndGet(139)) - om1: start om1@group-C5BA1605619E-LeaderStateImpl
2023-07-18 19:30:22,818 [om1@group-C5BA1605619E-LeaderElection1] INFO  segmented.SegmentedRaftLogWorker (SegmentedRaftLogWorker.java:startLogSegment(447)) - om1@group-C5BA1605619E-SegmentedRaftLogWorker: Starting segment from index:0
2023-07-18 19:30:22,821 [main] INFO  ozone.HddsDatanodeService (HddsDatanodeService.java:start(237)) - HddsDatanodeService host:fv-az613-641 ip:10.1.0.42
2023-07-18 19:30:22,893 [om1@group-C5BA1605619E-LeaderElection1] INFO  server.RaftServer$Division (ServerState.java:setRaftConf(434)) - om1@group-C5BA1605619E: set configuration 0: peers:[om1|rpc:localhost:15007|admin:|client:|dataStream:|priority:0|startupRole:FOLLOWER]|listeners:[], old=null
2023-07-18 19:30:22,895 [main] INFO  upgrade.AbstractLayoutVersionManager (AbstractLayoutVersionManager.java:init(83)) - Initializing Layout version manager with metadata layout = HADOOP_PRC_PORTS_IN_DATANODEDETAILS (version = 7), software layout = HADOOP_PRC_PORTS_IN_DATANODEDETAILS (version = 7)
2023-07-18 19:30:22,898 [main] INFO  statemachine.DatanodeStateMachine (DatanodeStateMachine.java:getEndPointTaskThreadPoolSize(279)) - Datanode State Machine Task Thread Pool size 2
2023-07-18 19:30:22,916 [main] INFO  volume.HddsVolume (HddsVolume.java:<init>(126)) - Creating HddsVolume: /home/runner/work/ozone/ozone/hadoop-ozone/integration-test/target/test-dir/MiniOzoneClusterImpl-6b031341-d507-43af-b1f0-ac2f4105ef04/datanode-1/data-0/containers/hdds of storage type : DISK capacity : 9223372036854775807
2023-07-18 19:30:22,917 [main] INFO  volume.MutableVolumeSet (MutableVolumeSet.java:initializeVolumeSet(175)) - Added Volume : /home/runner/work/ozone/ozone/hadoop-ozone/integration-test/target/test-dir/MiniOzoneClusterImpl-6b031341-d507-43af-b1f0-ac2f4105ef04/datanode-1/data-0/containers/hdds to VolumeSet
2023-07-18 19:30:22,917 [main] INFO  volume.ThrottledAsyncChecker (ThrottledAsyncChecker.java:schedule(141)) - Scheduling a check for /home/runner/work/ozone/ozone/hadoop-ozone/integration-test/target/test-dir/MiniOzoneClusterImpl-6b031341-d507-43af-b1f0-ac2f4105ef04/datanode-1/data-0/containers/hdds
2023-07-18 19:30:22,934 [main] INFO  volume.StorageVolumeChecker (StorageVolumeChecker.java:checkAllVolumes(202)) - Scheduled health check for volume /home/runner/work/ozone/ozone/hadoop-ozone/integration-test/target/test-dir/MiniOzoneClusterImpl-6b031341-d507-43af-b1f0-ac2f4105ef04/datanode-1/data-0/containers/hdds
2023-07-18 19:30:22,937 [main] INFO  volume.MutableVolumeSet (MutableVolumeSet.java:initializeVolumeSet(175)) - Added Volume : /home/runner/work/ozone/ozone/hadoop-ozone/integration-test/target/test-dir/MiniOzoneClusterImpl-6b031341-d507-43af-b1f0-ac2f4105ef04/datanode-1/data/ratis to VolumeSet
2023-07-18 19:30:22,938 [main] INFO  volume.ThrottledAsyncChecker (ThrottledAsyncChecker.java:schedule(141)) - Scheduling a check for /home/runner/work/ozone/ozone/hadoop-ozone/integration-test/target/test-dir/MiniOzoneClusterImpl-6b031341-d507-43af-b1f0-ac2f4105ef04/datanode-1/data/ratis
2023-07-18 19:30:22,938 [main] INFO  volume.StorageVolumeChecker (StorageVolumeChecker.java:checkAllVolumes(202)) - Scheduled health check for volume /home/runner/work/ozone/ozone/hadoop-ozone/integration-test/target/test-dir/MiniOzoneClusterImpl-6b031341-d507-43af-b1f0-ac2f4105ef04/datanode-1/data/ratis
2023-07-18 19:30:22,946 [Thread-158] INFO  ozoneimpl.ContainerReader (ContainerReader.java:readVolume(177)) - Finish verifying containers on volume /home/runner/work/ozone/ozone/hadoop-ozone/integration-test/target/test-dir/MiniOzoneClusterImpl-6b031341-d507-43af-b1f0-ac2f4105ef04/datanode-1/data-0/containers/hdds
2023-07-18 19:30:22,952 [main] INFO  ozoneimpl.OzoneContainer (OzoneContainer.java:buildContainerSet(316)) - Build ContainerSet costs 0s
2023-07-18 19:30:22,956 [main] INFO  server.RaftServer (ConfUtils.java:logGet(46)) - raft.rpc.type = GRPC (default)
2023-07-18 19:30:22,956 [main] INFO  grpc.GrpcConfigKeys (ConfUtils.java:logFallback(53)) - raft.grpc.admin.host = null (fallback to raft.grpc.server.host)
2023-07-18 19:30:22,957 [main] INFO  grpc.GrpcConfigKeys (ConfUtils.java:logGet(46)) - raft.grpc.admin.port = 15022 (custom)
2023-07-18 19:30:22,957 [main] INFO  grpc.GrpcConfigKeys (ConfUtils.java:logFallback(53)) - raft.grpc.client.host = null (fallback to raft.grpc.server.host)
2023-07-18 19:30:22,957 [main] INFO  grpc.GrpcConfigKeys (ConfUtils.java:logGet(46)) - raft.grpc.client.port = 15021 (custom)
2023-07-18 19:30:22,957 [main] INFO  grpc.GrpcConfigKeys (ConfUtils.java:logGet(46)) - raft.grpc.server.host = null (default)
2023-07-18 19:30:22,957 [main] INFO  grpc.GrpcConfigKeys (ConfUtils.java:logGet(46)) - raft.grpc.server.port = 15023 (custom)
2023-07-18 19:30:22,958 [main] INFO  server.GrpcService (ConfUtils.java:logGet(46)) - raft.grpc.message.size.max = 32MB (=33554432) (custom)
2023-07-18 19:30:22,958 [main] INFO  server.RaftServerConfigKeys (ConfUtils.java:logGet(46)) - raft.server.log.appender.buffer.byte-limit = 33554432 (custom)
2023-07-18 19:30:22,958 [main] INFO  server.GrpcService (ConfUtils.java:logGet(46)) - raft.grpc.flow.control.window = 5MB (=5242880) (custom)
2023-07-18 19:30:22,962 [main] INFO  server.RaftServerConfigKeys (ConfUtils.java:logGet(46)) - raft.server.rpc.request.timeout = 3000ms (default)
2023-07-18 19:30:22,962 [main] INFO  grpc.GrpcConfigKeys (ConfUtils.java:logGet(46)) - raft.grpc.server.heartbeat.channel = true (default)
2023-07-18 19:30:22,962 [main] INFO  grpc.GrpcConfigKeys (ConfUtils.java:logGet(46)) - raft.grpc.server.async.request.thread.pool.cached = true (default)
2023-07-18 19:30:22,962 [main] INFO  grpc.GrpcConfigKeys (ConfUtils.java:logGet(46)) - raft.grpc.server.async.request.thread.pool.size = 32 (default)
2023-07-18 19:30:22,973 [main] INFO  impl.DataStreamServerImpl (ConfUtils.java:logGet(46)) - raft.datastream.type = NETTY (custom)
2023-07-18 19:30:22,976 [main] INFO  server.RaftServerConfigKeys (ConfUtils.java:logGet(46)) - raft.server.data-stream.async.request.thread.pool.cached = false (default)
2023-07-18 19:30:22,978 [main] INFO  server.RaftServerConfigKeys (ConfUtils.java:logGet(46)) - raft.server.data-stream.async.request.thread.pool.size = 20 (custom)
2023-07-18 19:30:22,980 [main] INFO  server.RaftServerConfigKeys (ConfUtils.java:logGet(46)) - raft.server.data-stream.async.write.thread.pool.size = 16 (default)
2023-07-18 19:30:22,981 [main] INFO  server.RaftServerConfigKeys (ConfUtils.java:logGet(46)) - raft.server.data-stream.client.pool.size = 10 (default)
2023-07-18 19:30:22,981 [main] INFO  netty.NettyConfigKeys$DataStream (ConfUtils.java:logGet(46)) - raft.netty.dataStream.server.use-epoll = false (default)
2023-07-18 19:30:22,982 [main] INFO  netty.NettyConfigKeys$DataStream (ConfUtils.java:logGet(46)) - raft.netty.dataStream.server.boss-group.size = 0 (default)
2023-07-18 19:30:22,983 [main] INFO  netty.NettyConfigKeys$DataStream (ConfUtils.java:logGet(46)) - raft.netty.dataStream.server.worker-group.size = 0 (default)
2023-07-18 19:30:22,986 [main] INFO  netty.NettyConfigKeys$DataStream (ConfUtils.java:logGet(46)) - raft.netty.dataStream.server.tls.conf = null (default)
2023-07-18 19:30:22,986 [main] INFO  netty.NettyConfigKeys$DataStream (ConfUtils.java:logGet(46)) - raft.netty.dataStream.host = null (default)
2023-07-18 19:30:22,989 [main] INFO  netty.NettyConfigKeys$DataStream (ConfUtils.java:logGet(46)) - raft.netty.dataStream.port = 15024 (custom)
2023-07-18 19:30:23,006 [main] INFO  server.RaftServerConfigKeys (ConfUtils.java:logGet(46)) - raft.server.threadpool.proxy.cached = true (default)
2023-07-18 19:30:23,010 [main] INFO  server.RaftServerConfigKeys (ConfUtils.java:logGet(46)) - raft.server.threadpool.proxy.size = 0 (default)
2023-07-18 19:30:23,012 [main] INFO  server.RaftServerConfigKeys (ConfUtils.java:logGet(46)) - raft.server.rpc.slowness.timeout = 300000ms (custom)
2023-07-18 19:30:23,012 [main] INFO  server.RaftServerConfigKeys (ConfUtils.java:logGet(46)) - raft.server.leaderelection.leader.step-down.wait-time = 10s (default)
2023-07-18 19:30:23,012 [main] INFO  server.RaftServerConfigKeys (ConfUtils.java:logGet(46)) - raft.server.storage.dir = [/home/runner/work/ozone/ozone/hadoop-ozone/integration-test/target/test-dir/MiniOzoneClusterImpl-6b031341-d507-43af-b1f0-ac2f4105ef04/datanode-1/data/ratis] (custom)
2023-07-18 19:30:23,019 [ec94dcc4-e30d-4488-98e5-1700c0a44b75-NettyServerStreamRpc-bossGroup--thread1] INFO  logging.LoggingHandler (AbstractInternalLogger.java:log(148)) - [id: 0x028b48bc] REGISTERED
2023-07-18 19:30:23,020 [ec94dcc4-e30d-4488-98e5-1700c0a44b75-NettyServerStreamRpc-bossGroup--thread1] INFO  logging.LoggingHandler (AbstractInternalLogger.java:log(148)) - [id: 0x028b48bc] BIND: 0.0.0.0/0.0.0.0:15024
2023-07-18 19:30:23,020 [ec94dcc4-e30d-4488-98e5-1700c0a44b75-NettyServerStreamRpc-bossGroup--thread1] INFO  logging.LoggingHandler (AbstractInternalLogger.java:log(148)) - [id: 0x028b48bc, L:/0:0:0:0:0:0:0:0:15024] ACTIVE
2023-07-18 19:30:23,023 [main] INFO  server.XceiverServerGrpc (XceiverServerGrpc.java:<init>(132)) - GrpcServer channel type EpollServerSocketChannel
2023-07-18 19:30:23,026 [main] INFO  replication.ReplicationSupervisor (ReplicationSupervisor.java:nodeStateUpdated(305)) - Node state updated to IN_SERVICE, scaling executor pool size to 10
2023-07-18 19:30:23,032 [main] INFO  http.BaseHttpServer (BaseHttpServer.java:newHttpServer2BuilderForOzone(224)) - Starting Web-server for hddsDatanode at: http://0.0.0.0:15018
2023-07-18 19:30:23,033 [main] INFO  http.BaseHttpServer (BaseHttpServer.java:<init>(111)) - Hadoop Security Enabled: false Ozone Security Enabled: false Ozone HTTP Security Enabled: false 
2023-07-18 19:30:23,034 [main] WARN  server.AuthenticationFilter (AuthenticationFilter.java:constructSecretProvider(240)) - Unable to initialize FileSignerSecretProvider, falling back to use random secrets. Reason: Could not read signature secret file: /home/runner/hadoop-http-auth-signature-secret
2023-07-18 19:30:23,035 [main] INFO  http.HttpRequestLog (HttpRequestLog.java:getRequestLog(86)) - Http request log for http.requests.hddsDatanode is not defined
2023-07-18 19:30:23,037 [main] INFO  http.HttpServer2 (HttpServer2.java:addGlobalFilter(1031)) - Added global filter 'safety' (class=org.apache.hadoop.hdds.server.http.HttpServer2$QuotingInputFilter)
2023-07-18 19:30:23,038 [main] INFO  http.HttpServer2 (HttpServer2.java:addFilter(1007)) - Added filter static_user_filter (class=org.apache.hadoop.http.lib.StaticUserWebFilter$StaticUserFilter) to context hddsDatanode
2023-07-18 19:30:23,038 [main] INFO  http.HttpServer2 (HttpServer2.java:addFilter(1015)) - Added filter static_user_filter (class=org.apache.hadoop.http.lib.StaticUserWebFilter$StaticUserFilter) to context logs
2023-07-18 19:30:23,038 [main] INFO  http.HttpServer2 (HttpServer2.java:addFilter(1015)) - Added filter static_user_filter (class=org.apache.hadoop.http.lib.StaticUserWebFilter$StaticUserFilter) to context static
2023-07-18 19:30:23,039 [main] INFO  http.BaseHttpServer (BaseHttpServer.java:<init>(190)) - HTTP server of hddsDatanode uses base directory /home/runner/work/ozone/ozone/hadoop-ozone/integration-test/target/test-dir/MiniOzoneClusterImpl-6b031341-d507-43af-b1f0-ac2f4105ef04/datanode-1/meta/webserver
2023-07-18 19:30:23,040 [main] INFO  http.HttpServer2 (HttpServer2.java:bindListener(1250)) - Jetty bound to port 15018
2023-07-18 19:30:23,040 [main] INFO  server.Server (Server.java:doStart(375)) - jetty-9.4.51.v20230217; built: 2023-02-17T08:19:37.309Z; git: b45c405e4544384de066f814ed42ae3dceacdd49; jvm 1.8.0_372-b07
2023-07-18 19:30:23,053 [main] INFO  server.session (DefaultSessionIdManager.java:doStart(334)) - DefaultSessionIdManager workerName=node0
2023-07-18 19:30:23,054 [main] INFO  server.session (DefaultSessionIdManager.java:doStart(339)) - No SessionScavenger set, using defaults
2023-07-18 19:30:23,054 [main] INFO  server.session (HouseKeeper.java:startScavenging(132)) - node0 Scavenging every 660000ms
2023-07-18 19:30:23,055 [main] INFO  handler.ContextHandler (ContextHandler.java:doStart(921)) - Started o.e.j.s.ServletContextHandler@4f06acb7{logs,/logs,file:///home/runner/work/ozone/ozone/hadoop-ozone/integration-test/target/log,AVAILABLE}
2023-07-18 19:30:23,055 [main] INFO  handler.ContextHandler (ContextHandler.java:doStart(921)) - Started o.e.j.s.ServletContextHandler@7300db1c{static,/static,jar:file:/home/runner/.m2/repository/org/apache/ozone/hdds-container-service/1.4.0-SNAPSHOT/hdds-container-service-1.4.0-SNAPSHOT.jar!/webapps/static,AVAILABLE}
2023-07-18 19:30:23,088 [om1@group-C5BA1605619E-SegmentedRaftLogWorker] INFO  segmented.SegmentedRaftLogWorker (SegmentedRaftLogWorker.java:execute(651)) - om1@group-C5BA1605619E-SegmentedRaftLogWorker: created new log segment /home/runner/work/ozone/ozone/hadoop-ozone/integration-test/target/test-dir/MiniOzoneClusterImpl-6b031341-d507-43af-b1f0-ac2f4105ef04/ozone-meta/ratis/bf265839-605b-3f16-9796-c5ba1605619e/current/log_inprogress_0
2023-07-18 19:30:23,131 [Datanode State Machine Task Thread - 0] INFO  datanode.InitDatanodeState (InitDatanodeState.java:persistContainerDatanodeDetails(138)) - DatanodeDetails is persisted to /home/runner/work/ozone/ozone/hadoop-ozone/integration-test/target/test-dir/MiniOzoneClusterImpl-6b031341-d507-43af-b1f0-ac2f4105ef04/datanode-0/meta/datanode.id
2023-07-18 19:30:23,252 [om1@group-C5BA1605619E-StateMachineUpdater] INFO  ratis.OzoneManagerStateMachine (OzoneManagerStateMachine.java:notifyConfigurationChanged(201)) - Received Configuration change notification from Ratis. New Peer list:
[id: "om1"
address: "localhost:15007"
startupRole: FOLLOWER
]
2023-07-18 19:30:23,394 [main] INFO  handler.ContextHandler (ContextHandler.java:doStart(921)) - Started o.e.j.w.WebAppContext@3fdcbaf4{hddsDatanode,/,file:///home/runner/work/ozone/ozone/hadoop-ozone/integration-test/target/test-dir/MiniOzoneClusterImpl-6b031341-d507-43af-b1f0-ac2f4105ef04/datanode-1/meta/webserver/jetty-0_0_0_0-15018-hdds-container-service-1_4_0-SNAPSHOT_jar-_-any-898830415584436051/webapp/,AVAILABLE}{jar:file:/home/runner/.m2/repository/org/apache/ozone/hdds-container-service/1.4.0-SNAPSHOT/hdds-container-service-1.4.0-SNAPSHOT.jar!/webapps/hddsDatanode}
2023-07-18 19:30:23,396 [main] INFO  server.AbstractConnector (AbstractConnector.java:doStart(333)) - Started ServerConnector@6ad46185{HTTP/1.1, (http/1.1)}{0.0.0.0:15018}
2023-07-18 19:30:23,397 [main] INFO  server.Server (Server.java:doStart(415)) - Started @11745ms
2023-07-18 19:30:23,397 [main] WARN  impl.MetricsSystemImpl (MetricsSystemImpl.java:register(279)) - Sink prometheus already exists!
2023-07-18 19:30:23,398 [main] INFO  http.BaseHttpServer (BaseHttpServer.java:updateConnectorAddress(344)) - HTTP server of hddsDatanode listening at http://0.0.0.0:15018
2023-07-18 19:30:23,398 [main] INFO  ipc.CallQueueManager (CallQueueManager.java:<init>(90)) - Using callQueue: class java.util.concurrent.LinkedBlockingQueue, queueCapacity: 100, scheduler: class org.apache.hadoop.ipc.DefaultRpcScheduler, ipcBackoff: false.
2023-07-18 19:30:23,399 [main] INFO  ipc.Server (Server.java:<init>(1287)) - Listener at 0.0.0.0:15019
2023-07-18 19:30:23,400 [Socket Reader #1 for port 15019] INFO  ipc.Server (Server.java:run(1323)) - Starting Socket Reader #1 for port 15019
2023-07-18 19:30:23,405 [main] INFO  ozone.HddsDatanodeService (HddsDatanodeService.java:start(315)) - Datanode start with admins: [runner]
2023-07-18 19:30:23,405 [main] INFO  ozone.HddsDatanodeClientProtocolServer (HddsDatanodeClientProtocolServer.java:start(72)) - RPC server for Client /0.0.0.0:15019
2023-07-18 19:30:23,408 [IPC Server Responder] INFO  ipc.Server (Server.java:run(1562)) - IPC Server Responder: starting
2023-07-18 19:30:23,408 [IPC Server listener on 15019] INFO  ipc.Server (Server.java:run(1402)) - IPC Server listener on 15019: starting
2023-07-18 19:30:23,409 [main] WARN  impl.MetricRegistriesImpl (MetricRegistriesImpl.java:addReporterRegistration(111)) - New reporters are added after registries were created. Some metrics will be missing from the reporter. Please add reporter before adding any new registry.
2023-07-18 19:30:23,409 [main] WARN  impl.MetricRegistriesImpl (MetricRegistriesImpl.java:addReporterRegistration(111)) - New reporters are added after registries were created. Some metrics will be missing from the reporter. Please add reporter before adding any new registry.
2023-07-18 19:30:23,409 [main] INFO  impl.MetricsSystemImpl (MetricsSystemImpl.java:init(158)) - HddsDatanode metrics system started (again)
2023-07-18 19:30:23,418 [Datanode State Machine Daemon Thread] INFO  statemachine.DatanodeStateMachine (DatanodeStateMachine.java:lambda$startDaemon$0(531)) - Ozone container server started.
2023-07-18 19:30:23,430 [main] INFO  ozone.HddsDatanodeService (HddsDatanodeService.java:start(237)) - HddsDatanodeService host:fv-az613-641 ip:10.1.0.42
2023-07-18 19:30:23,454 [Datanode State Machine Task Thread - 0] INFO  datanode.InitDatanodeState (InitDatanodeState.java:persistContainerDatanodeDetails(138)) - DatanodeDetails is persisted to /home/runner/work/ozone/ozone/hadoop-ozone/integration-test/target/test-dir/MiniOzoneClusterImpl-6b031341-d507-43af-b1f0-ac2f4105ef04/datanode-1/meta/datanode.id
2023-07-18 19:30:23,466 [main] INFO  upgrade.AbstractLayoutVersionManager (AbstractLayoutVersionManager.java:init(83)) - Initializing Layout version manager with metadata layout = HADOOP_PRC_PORTS_IN_DATANODEDETAILS (version = 7), software layout = HADOOP_PRC_PORTS_IN_DATANODEDETAILS (version = 7)
2023-07-18 19:30:23,467 [main] INFO  statemachine.DatanodeStateMachine (DatanodeStateMachine.java:getEndPointTaskThreadPoolSize(279)) - Datanode State Machine Task Thread Pool size 2
2023-07-18 19:30:23,470 [main] INFO  volume.HddsVolume (HddsVolume.java:<init>(126)) - Creating HddsVolume: /home/runner/work/ozone/ozone/hadoop-ozone/integration-test/target/test-dir/MiniOzoneClusterImpl-6b031341-d507-43af-b1f0-ac2f4105ef04/datanode-2/data-0/containers/hdds of storage type : DISK capacity : 9223372036854775807
2023-07-18 19:30:23,470 [main] INFO  volume.MutableVolumeSet (MutableVolumeSet.java:initializeVolumeSet(175)) - Added Volume : /home/runner/work/ozone/ozone/hadoop-ozone/integration-test/target/test-dir/MiniOzoneClusterImpl-6b031341-d507-43af-b1f0-ac2f4105ef04/datanode-2/data-0/containers/hdds to VolumeSet
2023-07-18 19:30:23,470 [main] INFO  volume.ThrottledAsyncChecker (ThrottledAsyncChecker.java:schedule(141)) - Scheduling a check for /home/runner/work/ozone/ozone/hadoop-ozone/integration-test/target/test-dir/MiniOzoneClusterImpl-6b031341-d507-43af-b1f0-ac2f4105ef04/datanode-2/data-0/containers/hdds
2023-07-18 19:30:23,472 [main] INFO  volume.StorageVolumeChecker (StorageVolumeChecker.java:checkAllVolumes(202)) - Scheduled health check for volume /home/runner/work/ozone/ozone/hadoop-ozone/integration-test/target/test-dir/MiniOzoneClusterImpl-6b031341-d507-43af-b1f0-ac2f4105ef04/datanode-2/data-0/containers/hdds
2023-07-18 19:30:23,475 [main] INFO  volume.MutableVolumeSet (MutableVolumeSet.java:initializeVolumeSet(175)) - Added Volume : /home/runner/work/ozone/ozone/hadoop-ozone/integration-test/target/test-dir/MiniOzoneClusterImpl-6b031341-d507-43af-b1f0-ac2f4105ef04/datanode-2/data/ratis to VolumeSet
2023-07-18 19:30:23,475 [main] INFO  volume.ThrottledAsyncChecker (ThrottledAsyncChecker.java:schedule(141)) - Scheduling a check for /home/runner/work/ozone/ozone/hadoop-ozone/integration-test/target/test-dir/MiniOzoneClusterImpl-6b031341-d507-43af-b1f0-ac2f4105ef04/datanode-2/data/ratis
2023-07-18 19:30:23,476 [main] INFO  volume.StorageVolumeChecker (StorageVolumeChecker.java:checkAllVolumes(202)) - Scheduled health check for volume /home/runner/work/ozone/ozone/hadoop-ozone/integration-test/target/test-dir/MiniOzoneClusterImpl-6b031341-d507-43af-b1f0-ac2f4105ef04/datanode-2/data/ratis
2023-07-18 19:30:23,479 [Thread-175] INFO  ozoneimpl.ContainerReader (ContainerReader.java:readVolume(177)) - Finish verifying containers on volume /home/runner/work/ozone/ozone/hadoop-ozone/integration-test/target/test-dir/MiniOzoneClusterImpl-6b031341-d507-43af-b1f0-ac2f4105ef04/datanode-2/data-0/containers/hdds
2023-07-18 19:30:23,479 [main] INFO  ozoneimpl.OzoneContainer (OzoneContainer.java:buildContainerSet(316)) - Build ContainerSet costs 0s
2023-07-18 19:30:23,484 [main] INFO  server.RaftServer (ConfUtils.java:logGet(46)) - raft.rpc.type = GRPC (default)
2023-07-18 19:30:23,484 [main] INFO  grpc.GrpcConfigKeys (ConfUtils.java:logFallback(53)) - raft.grpc.admin.host = null (fallback to raft.grpc.server.host)
2023-07-18 19:30:23,484 [main] INFO  grpc.GrpcConfigKeys (ConfUtils.java:logGet(46)) - raft.grpc.admin.port = 15031 (custom)
2023-07-18 19:30:23,484 [main] INFO  grpc.GrpcConfigKeys (ConfUtils.java:logFallback(53)) - raft.grpc.client.host = null (fallback to raft.grpc.server.host)
2023-07-18 19:30:23,485 [main] INFO  grpc.GrpcConfigKeys (ConfUtils.java:logGet(46)) - raft.grpc.client.port = 15030 (custom)
2023-07-18 19:30:23,485 [main] INFO  grpc.GrpcConfigKeys (ConfUtils.java:logGet(46)) - raft.grpc.server.host = null (default)
2023-07-18 19:30:23,485 [main] INFO  grpc.GrpcConfigKeys (ConfUtils.java:logGet(46)) - raft.grpc.server.port = 15032 (custom)
2023-07-18 19:30:23,485 [main] INFO  server.GrpcService (ConfUtils.java:logGet(46)) - raft.grpc.message.size.max = 32MB (=33554432) (custom)
2023-07-18 19:30:23,486 [main] INFO  server.RaftServerConfigKeys (ConfUtils.java:logGet(46)) - raft.server.log.appender.buffer.byte-limit = 33554432 (custom)
2023-07-18 19:30:23,486 [main] INFO  server.GrpcService (ConfUtils.java:logGet(46)) - raft.grpc.flow.control.window = 5MB (=5242880) (custom)
2023-07-18 19:30:23,486 [main] INFO  server.RaftServerConfigKeys (ConfUtils.java:logGet(46)) - raft.server.rpc.request.timeout = 3000ms (default)
2023-07-18 19:30:23,486 [main] INFO  grpc.GrpcConfigKeys (ConfUtils.java:logGet(46)) - raft.grpc.server.heartbeat.channel = true (default)
2023-07-18 19:30:23,486 [main] INFO  grpc.GrpcConfigKeys (ConfUtils.java:logGet(46)) - raft.grpc.server.async.request.thread.pool.cached = true (default)
2023-07-18 19:30:23,487 [main] INFO  grpc.GrpcConfigKeys (ConfUtils.java:logGet(46)) - raft.grpc.server.async.request.thread.pool.size = 32 (default)
2023-07-18 19:30:23,491 [main] INFO  impl.DataStreamServerImpl (ConfUtils.java:logGet(46)) - raft.datastream.type = NETTY (custom)
2023-07-18 19:30:23,492 [main] INFO  server.RaftServerConfigKeys (ConfUtils.java:logGet(46)) - raft.server.data-stream.async.request.thread.pool.cached = false (default)
2023-07-18 19:30:23,492 [main] INFO  server.RaftServerConfigKeys (ConfUtils.java:logGet(46)) - raft.server.data-stream.async.request.thread.pool.size = 20 (custom)
2023-07-18 19:30:23,492 [main] INFO  server.RaftServerConfigKeys (ConfUtils.java:logGet(46)) - raft.server.data-stream.async.write.thread.pool.size = 16 (default)
2023-07-18 19:30:23,493 [main] INFO  server.RaftServerConfigKeys (ConfUtils.java:logGet(46)) - raft.server.data-stream.client.pool.size = 10 (default)
2023-07-18 19:30:23,493 [main] INFO  netty.NettyConfigKeys$DataStream (ConfUtils.java:logGet(46)) - raft.netty.dataStream.server.use-epoll = false (default)
2023-07-18 19:30:23,493 [main] INFO  netty.NettyConfigKeys$DataStream (ConfUtils.java:logGet(46)) - raft.netty.dataStream.server.boss-group.size = 0 (default)
2023-07-18 19:30:23,494 [main] INFO  netty.NettyConfigKeys$DataStream (ConfUtils.java:logGet(46)) - raft.netty.dataStream.server.worker-group.size = 0 (default)
2023-07-18 19:30:23,494 [main] INFO  netty.NettyConfigKeys$DataStream (ConfUtils.java:logGet(46)) - raft.netty.dataStream.server.tls.conf = null (default)
2023-07-18 19:30:23,494 [main] INFO  netty.NettyConfigKeys$DataStream (ConfUtils.java:logGet(46)) - raft.netty.dataStream.host = null (default)
2023-07-18 19:30:23,494 [main] INFO  netty.NettyConfigKeys$DataStream (ConfUtils.java:logGet(46)) - raft.netty.dataStream.port = 15033 (custom)
2023-07-18 19:30:23,495 [main] INFO  server.RaftServerConfigKeys (ConfUtils.java:logGet(46)) - raft.server.threadpool.proxy.cached = true (default)
2023-07-18 19:30:23,495 [main] INFO  server.RaftServerConfigKeys (ConfUtils.java:logGet(46)) - raft.server.threadpool.proxy.size = 0 (default)
2023-07-18 19:30:23,496 [main] INFO  server.RaftServerConfigKeys (ConfUtils.java:logGet(46)) - raft.server.rpc.slowness.timeout = 300000ms (custom)
2023-07-18 19:30:23,496 [main] INFO  server.RaftServerConfigKeys (ConfUtils.java:logGet(46)) - raft.server.leaderelection.leader.step-down.wait-time = 10s (default)
2023-07-18 19:30:23,496 [main] INFO  server.RaftServerConfigKeys (ConfUtils.java:logGet(46)) - raft.server.storage.dir = [/home/runner/work/ozone/ozone/hadoop-ozone/integration-test/target/test-dir/MiniOzoneClusterImpl-6b031341-d507-43af-b1f0-ac2f4105ef04/datanode-2/data/ratis] (custom)
2023-07-18 19:30:23,501 [eb412079-c751-4dfd-aec5-5a0bb932822c-NettyServerStreamRpc-bossGroup--thread1] INFO  logging.LoggingHandler (AbstractInternalLogger.java:log(148)) - [id: 0x063c8ff3] REGISTERED
2023-07-18 19:30:23,501 [eb412079-c751-4dfd-aec5-5a0bb932822c-NettyServerStreamRpc-bossGroup--thread1] INFO  logging.LoggingHandler (AbstractInternalLogger.java:log(148)) - [id: 0x063c8ff3] BIND: 0.0.0.0/0.0.0.0:15033
2023-07-18 19:30:23,501 [eb412079-c751-4dfd-aec5-5a0bb932822c-NettyServerStreamRpc-bossGroup--thread1] INFO  logging.LoggingHandler (AbstractInternalLogger.java:log(148)) - [id: 0x063c8ff3, L:/0:0:0:0:0:0:0:0:15033] ACTIVE
2023-07-18 19:30:23,504 [main] INFO  server.XceiverServerGrpc (XceiverServerGrpc.java:<init>(132)) - GrpcServer channel type EpollServerSocketChannel
2023-07-18 19:30:23,507 [main] INFO  replication.ReplicationSupervisor (ReplicationSupervisor.java:nodeStateUpdated(305)) - Node state updated to IN_SERVICE, scaling executor pool size to 10
2023-07-18 19:30:23,510 [main] INFO  http.BaseHttpServer (BaseHttpServer.java:newHttpServer2BuilderForOzone(224)) - Starting Web-server for hddsDatanode at: http://0.0.0.0:15027
2023-07-18 19:30:23,510 [main] INFO  http.BaseHttpServer (BaseHttpServer.java:<init>(111)) - Hadoop Security Enabled: false Ozone Security Enabled: false Ozone HTTP Security Enabled: false 
2023-07-18 19:30:23,513 [main] WARN  server.AuthenticationFilter (AuthenticationFilter.java:constructSecretProvider(240)) - Unable to initialize FileSignerSecretProvider, falling back to use random secrets. Reason: Could not read signature secret file: /home/runner/hadoop-http-auth-signature-secret
2023-07-18 19:30:23,516 [main] INFO  http.HttpRequestLog (HttpRequestLog.java:getRequestLog(86)) - Http request log for http.requests.hddsDatanode is not defined
2023-07-18 19:30:23,518 [main] INFO  http.HttpServer2 (HttpServer2.java:addGlobalFilter(1031)) - Added global filter 'safety' (class=org.apache.hadoop.hdds.server.http.HttpServer2$QuotingInputFilter)
2023-07-18 19:30:23,519 [main] INFO  http.HttpServer2 (HttpServer2.java:addFilter(1007)) - Added filter static_user_filter (class=org.apache.hadoop.http.lib.StaticUserWebFilter$StaticUserFilter) to context hddsDatanode
2023-07-18 19:30:23,519 [main] INFO  http.HttpServer2 (HttpServer2.java:addFilter(1015)) - Added filter static_user_filter (class=org.apache.hadoop.http.lib.StaticUserWebFilter$StaticUserFilter) to context logs
2023-07-18 19:30:23,519 [main] INFO  http.HttpServer2 (HttpServer2.java:addFilter(1015)) - Added filter static_user_filter (class=org.apache.hadoop.http.lib.StaticUserWebFilter$StaticUserFilter) to context static
2023-07-18 19:30:23,520 [main] INFO  http.BaseHttpServer (BaseHttpServer.java:<init>(190)) - HTTP server of hddsDatanode uses base directory /home/runner/work/ozone/ozone/hadoop-ozone/integration-test/target/test-dir/MiniOzoneClusterImpl-6b031341-d507-43af-b1f0-ac2f4105ef04/datanode-2/meta/webserver
2023-07-18 19:30:23,521 [main] INFO  http.HttpServer2 (HttpServer2.java:bindListener(1250)) - Jetty bound to port 15027
2023-07-18 19:30:23,521 [main] INFO  server.Server (Server.java:doStart(375)) - jetty-9.4.51.v20230217; built: 2023-02-17T08:19:37.309Z; git: b45c405e4544384de066f814ed42ae3dceacdd49; jvm 1.8.0_372-b07
2023-07-18 19:30:23,526 [main] INFO  server.session (DefaultSessionIdManager.java:doStart(334)) - DefaultSessionIdManager workerName=node0
2023-07-18 19:30:23,526 [main] INFO  server.session (DefaultSessionIdManager.java:doStart(339)) - No SessionScavenger set, using defaults
2023-07-18 19:30:23,527 [main] INFO  server.session (HouseKeeper.java:startScavenging(132)) - node0 Scavenging every 660000ms
2023-07-18 19:30:23,528 [main] INFO  handler.ContextHandler (ContextHandler.java:doStart(921)) - Started o.e.j.s.ServletContextHandler@5fc62453{logs,/logs,file:///home/runner/work/ozone/ozone/hadoop-ozone/integration-test/target/log,AVAILABLE}
2023-07-18 19:30:23,528 [main] INFO  handler.ContextHandler (ContextHandler.java:doStart(921)) - Started o.e.j.s.ServletContextHandler@ed6bc2e{static,/static,jar:file:/home/runner/.m2/repository/org/apache/ozone/hdds-container-service/1.4.0-SNAPSHOT/hdds-container-service-1.4.0-SNAPSHOT.jar!/webapps/static,AVAILABLE}
2023-07-18 19:30:23,765 [main] INFO  handler.ContextHandler (ContextHandler.java:doStart(921)) - Started o.e.j.w.WebAppContext@5c85429c{hddsDatanode,/,file:///home/runner/work/ozone/ozone/hadoop-ozone/integration-test/target/test-dir/MiniOzoneClusterImpl-6b031341-d507-43af-b1f0-ac2f4105ef04/datanode-2/meta/webserver/jetty-0_0_0_0-15027-hdds-container-service-1_4_0-SNAPSHOT_jar-_-any-551742311127670003/webapp/,AVAILABLE}{jar:file:/home/runner/.m2/repository/org/apache/ozone/hdds-container-service/1.4.0-SNAPSHOT/hdds-container-service-1.4.0-SNAPSHOT.jar!/webapps/hddsDatanode}
2023-07-18 19:30:23,767 [main] INFO  server.AbstractConnector (AbstractConnector.java:doStart(333)) - Started ServerConnector@26e14208{HTTP/1.1, (http/1.1)}{0.0.0.0:15027}
2023-07-18 19:30:23,767 [main] INFO  server.Server (Server.java:doStart(415)) - Started @12115ms
2023-07-18 19:30:23,768 [main] WARN  impl.MetricsSystemImpl (MetricsSystemImpl.java:register(279)) - Sink prometheus already exists!
2023-07-18 19:30:23,769 [main] INFO  http.BaseHttpServer (BaseHttpServer.java:updateConnectorAddress(344)) - HTTP server of hddsDatanode listening at http://0.0.0.0:15027
2023-07-18 19:30:23,770 [main] INFO  ipc.CallQueueManager (CallQueueManager.java:<init>(90)) - Using callQueue: class java.util.concurrent.LinkedBlockingQueue, queueCapacity: 100, scheduler: class org.apache.hadoop.ipc.DefaultRpcScheduler, ipcBackoff: false.
2023-07-18 19:30:23,771 [main] INFO  ipc.Server (Server.java:<init>(1287)) - Listener at 0.0.0.0:15028
2023-07-18 19:30:23,772 [Socket Reader #1 for port 15028] INFO  ipc.Server (Server.java:run(1323)) - Starting Socket Reader #1 for port 15028
2023-07-18 19:30:23,777 [main] INFO  ozone.HddsDatanodeService (HddsDatanodeService.java:start(315)) - Datanode start with admins: [runner]
2023-07-18 19:30:23,777 [main] INFO  ozone.HddsDatanodeClientProtocolServer (HddsDatanodeClientProtocolServer.java:start(72)) - RPC server for Client /0.0.0.0:15028
2023-07-18 19:30:23,778 [IPC Server Responder] INFO  ipc.Server (Server.java:run(1562)) - IPC Server Responder: starting
2023-07-18 19:30:23,778 [IPC Server listener on 15028] INFO  ipc.Server (Server.java:run(1402)) - IPC Server listener on 15028: starting
2023-07-18 19:30:23,781 [main] INFO  ozone.MiniOzoneClusterImpl (MiniOzoneClusterImpl.java:lambda$waitForClusterToBeReady$0(224)) - Waiting for nodes to be ready. Got 0 of 3 DN Heartbeats.
2023-07-18 19:30:23,781 [main] INFO  ozone.MiniOzoneClusterImpl (MiniOzoneClusterImpl.java:lambda$waitForClusterToBeReady$0(227)) - Waiting for cluster to exit safe mode
2023-07-18 19:30:23,781 [main] INFO  ozone.MiniOzoneClusterImpl (MiniOzoneClusterImpl.java:lambda$waitForClusterToBeReady$0(229)) - SCM became leader
2023-07-18 19:30:23,783 [Datanode State Machine Daemon Thread] INFO  statemachine.DatanodeStateMachine (DatanodeStateMachine.java:lambda$startDaemon$0(531)) - Ozone container server started.
2023-07-18 19:30:23,789 [Datanode State Machine Task Thread - 0] INFO  datanode.InitDatanodeState (InitDatanodeState.java:persistContainerDatanodeDetails(138)) - DatanodeDetails is persisted to /home/runner/work/ozone/ozone/hadoop-ozone/integration-test/target/test-dir/MiniOzoneClusterImpl-6b031341-d507-43af-b1f0-ac2f4105ef04/datanode-2/meta/datanode.id
2023-07-18 19:30:24,782 [main] INFO  ozone.MiniOzoneClusterImpl (MiniOzoneClusterImpl.java:lambda$waitForClusterToBeReady$0(224)) - Waiting for nodes to be ready. Got 0 of 3 DN Heartbeats.
2023-07-18 19:30:24,782 [main] INFO  ozone.MiniOzoneClusterImpl (MiniOzoneClusterImpl.java:lambda$waitForClusterToBeReady$0(227)) - Waiting for cluster to exit safe mode
2023-07-18 19:30:24,782 [main] INFO  ozone.MiniOzoneClusterImpl (MiniOzoneClusterImpl.java:lambda$waitForClusterToBeReady$0(229)) - SCM became leader
2023-07-18 19:30:24,958 [EndpointStateMachine task thread for /0.0.0.0:15002 - 0 ] INFO  utils.DatanodeStoreCache (DatanodeStoreCache.java:addDB(66)) - Added db /home/runner/work/ozone/ozone/hadoop-ozone/integration-test/target/test-dir/MiniOzoneClusterImpl-6b031341-d507-43af-b1f0-ac2f4105ef04/datanode-0/data-0/containers/hdds/6b031341-d507-43af-b1f0-ac2f4105ef04/DS-d4a4222c-c993-4094-aa3d-0206f2019594/container.db to cache
2023-07-18 19:30:24,959 [EndpointStateMachine task thread for /0.0.0.0:15002 - 0 ] INFO  volume.HddsVolume (HddsVolume.java:createDbStore(422)) - SchemaV3 db is created and loaded at /home/runner/work/ozone/ozone/hadoop-ozone/integration-test/target/test-dir/MiniOzoneClusterImpl-6b031341-d507-43af-b1f0-ac2f4105ef04/datanode-0/data-0/containers/hdds/6b031341-d507-43af-b1f0-ac2f4105ef04/DS-d4a4222c-c993-4094-aa3d-0206f2019594/container.db for volume DS-d4a4222c-c993-4094-aa3d-0206f2019594
2023-07-18 19:30:24,968 [EndpointStateMachine task thread for /0.0.0.0:15002 - 0 ] INFO  ozoneimpl.OzoneContainer (OzoneContainer.java:start(419)) - Attempting to start container services.
2023-07-18 19:30:24,971 [EndpointStateMachine task thread for /0.0.0.0:15002 - 0 ] INFO  ozoneimpl.OzoneContainer (OzoneContainer.java:startContainerScrub(327)) - Scheduled background container scanners and the on-demand container scanner have been disabled.
2023-07-18 19:30:24,974 [EndpointStateMachine task thread for /0.0.0.0:15002 - 0 ] INFO  replication.ReplicationServer (ReplicationServer.java:start(128)) - ReplicationServer is started using port 15016
2023-07-18 19:30:24,974 [EndpointStateMachine task thread for /0.0.0.0:15002 - 0 ] INFO  ratis.XceiverServerRatis (XceiverServerRatis.java:start(517)) - Starting XceiverServerRatis e7d9066e-05d1-4d78-941d-b2a7fd2da9b5
2023-07-18 19:30:24,978 [EndpointStateMachine task thread for /0.0.0.0:15002 - 0 ] INFO  server.RaftServer (RaftServerProxy.java:startImpl(400)) - e7d9066e-05d1-4d78-941d-b2a7fd2da9b5: start RPC server
2023-07-18 19:30:24,981 [EndpointStateMachine task thread for /0.0.0.0:15002 - 0 ] INFO  server.GrpcService (GrpcService.java:startImpl(302)) - e7d9066e-05d1-4d78-941d-b2a7fd2da9b5: GrpcService started, listening on 15012
2023-07-18 19:30:24,983 [EndpointStateMachine task thread for /0.0.0.0:15002 - 0 ] INFO  server.GrpcService (GrpcService.java:startImpl(302)) - e7d9066e-05d1-4d78-941d-b2a7fd2da9b5: GrpcService started, listening on 15014
2023-07-18 19:30:24,985 [EndpointStateMachine task thread for /0.0.0.0:15002 - 0 ] INFO  server.GrpcService (GrpcService.java:startImpl(302)) - e7d9066e-05d1-4d78-941d-b2a7fd2da9b5: GrpcService started, listening on 15013
2023-07-18 19:30:24,985 [JvmPauseMonitor2] INFO  util.JvmPauseMonitor (JvmPauseMonitor.java:run(103)) - JvmPauseMonitor-e7d9066e-05d1-4d78-941d-b2a7fd2da9b5: Started
2023-07-18 19:30:24,985 [EndpointStateMachine task thread for /0.0.0.0:15002 - 0 ] INFO  ratis.XceiverServerRatis (XceiverServerRatis.java:getRealPort(543)) - XceiverServerRatis e7d9066e-05d1-4d78-941d-b2a7fd2da9b5 is started using port 15012 for RATIS
2023-07-18 19:30:24,986 [EndpointStateMachine task thread for /0.0.0.0:15002 - 0 ] INFO  ratis.XceiverServerRatis (XceiverServerRatis.java:getRealPort(543)) - XceiverServerRatis e7d9066e-05d1-4d78-941d-b2a7fd2da9b5 is started using port 15013 for RATIS_ADMIN
2023-07-18 19:30:24,986 [EndpointStateMachine task thread for /0.0.0.0:15002 - 0 ] INFO  ratis.XceiverServerRatis (XceiverServerRatis.java:getRealPort(543)) - XceiverServerRatis e7d9066e-05d1-4d78-941d-b2a7fd2da9b5 is started using port 15014 for RATIS_SERVER
2023-07-18 19:30:24,986 [EndpointStateMachine task thread for /0.0.0.0:15002 - 0 ] INFO  ratis.XceiverServerRatis (XceiverServerRatis.java:getRealPort(543)) - XceiverServerRatis e7d9066e-05d1-4d78-941d-b2a7fd2da9b5 is started using port 15015 for RATIS_DATASTREAM
2023-07-18 19:30:25,000 [BlockDeletingService#0] INFO  interfaces.ContainerDeletionChoosingPolicyTemplate (ContainerDeletionChoosingPolicyTemplate.java:chooseContainerForBlockDeletion(83)) - Chosen 0/5000 blocks from 0 candidate containers.
2023-07-18 19:30:25,479 [EndpointStateMachine task thread for /0.0.0.0:15002 - 0 ] INFO  utils.DatanodeStoreCache (DatanodeStoreCache.java:addDB(66)) - Added db /home/runner/work/ozone/ozone/hadoop-ozone/integration-test/target/test-dir/MiniOzoneClusterImpl-6b031341-d507-43af-b1f0-ac2f4105ef04/datanode-1/data-0/containers/hdds/6b031341-d507-43af-b1f0-ac2f4105ef04/DS-109407b3-8c52-459f-a857-84a8914b42dd/container.db to cache
2023-07-18 19:30:25,480 [EndpointStateMachine task thread for /0.0.0.0:15002 - 0 ] INFO  volume.HddsVolume (HddsVolume.java:createDbStore(422)) - SchemaV3 db is created and loaded at /home/runner/work/ozone/ozone/hadoop-ozone/integration-test/target/test-dir/MiniOzoneClusterImpl-6b031341-d507-43af-b1f0-ac2f4105ef04/datanode-1/data-0/containers/hdds/6b031341-d507-43af-b1f0-ac2f4105ef04/DS-109407b3-8c52-459f-a857-84a8914b42dd/container.db for volume DS-109407b3-8c52-459f-a857-84a8914b42dd
2023-07-18 19:30:25,480 [EndpointStateMachine task thread for /0.0.0.0:15002 - 0 ] INFO  ozoneimpl.OzoneContainer (OzoneContainer.java:start(419)) - Attempting to start container services.
2023-07-18 19:30:25,480 [EndpointStateMachine task thread for /0.0.0.0:15002 - 0 ] INFO  ozoneimpl.OzoneContainer (OzoneContainer.java:startContainerScrub(327)) - Scheduled background container scanners and the on-demand container scanner have been disabled.
2023-07-18 19:30:25,483 [EndpointStateMachine task thread for /0.0.0.0:15002 - 0 ] INFO  replication.ReplicationServer (ReplicationServer.java:start(128)) - ReplicationServer is started using port 15025
2023-07-18 19:30:25,484 [EndpointStateMachine task thread for /0.0.0.0:15002 - 0 ] INFO  ratis.XceiverServerRatis (XceiverServerRatis.java:start(517)) - Starting XceiverServerRatis ec94dcc4-e30d-4488-98e5-1700c0a44b75
2023-07-18 19:30:25,485 [EndpointStateMachine task thread for /0.0.0.0:15002 - 0 ] INFO  server.RaftServer (RaftServerProxy.java:startImpl(400)) - ec94dcc4-e30d-4488-98e5-1700c0a44b75: start RPC server
2023-07-18 19:30:25,486 [EndpointStateMachine task thread for /0.0.0.0:15002 - 0 ] INFO  server.GrpcService (GrpcService.java:startImpl(302)) - ec94dcc4-e30d-4488-98e5-1700c0a44b75: GrpcService started, listening on 15021
2023-07-18 19:30:25,488 [EndpointStateMachine task thread for /0.0.0.0:15002 - 0 ] INFO  server.GrpcService (GrpcService.java:startImpl(302)) - ec94dcc4-e30d-4488-98e5-1700c0a44b75: GrpcService started, listening on 15023
2023-07-18 19:30:25,491 [EndpointStateMachine task thread for /0.0.0.0:15002 - 0 ] INFO  server.GrpcService (GrpcService.java:startImpl(302)) - ec94dcc4-e30d-4488-98e5-1700c0a44b75: GrpcService started, listening on 15022
2023-07-18 19:30:25,492 [EndpointStateMachine task thread for /0.0.0.0:15002 - 0 ] INFO  ratis.XceiverServerRatis (XceiverServerRatis.java:getRealPort(543)) - XceiverServerRatis ec94dcc4-e30d-4488-98e5-1700c0a44b75 is started using port 15021 for RATIS
2023-07-18 19:30:25,492 [EndpointStateMachine task thread for /0.0.0.0:15002 - 0 ] INFO  ratis.XceiverServerRatis (XceiverServerRatis.java:getRealPort(543)) - XceiverServerRatis ec94dcc4-e30d-4488-98e5-1700c0a44b75 is started using port 15022 for RATIS_ADMIN
2023-07-18 19:30:25,492 [EndpointStateMachine task thread for /0.0.0.0:15002 - 0 ] INFO  ratis.XceiverServerRatis (XceiverServerRatis.java:getRealPort(543)) - XceiverServerRatis ec94dcc4-e30d-4488-98e5-1700c0a44b75 is started using port 15023 for RATIS_SERVER
2023-07-18 19:30:25,492 [EndpointStateMachine task thread for /0.0.0.0:15002 - 0 ] INFO  ratis.XceiverServerRatis (XceiverServerRatis.java:getRealPort(543)) - XceiverServerRatis ec94dcc4-e30d-4488-98e5-1700c0a44b75 is started using port 15024 for RATIS_DATASTREAM
2023-07-18 19:30:25,492 [JvmPauseMonitor3] INFO  util.JvmPauseMonitor (JvmPauseMonitor.java:run(103)) - JvmPauseMonitor-ec94dcc4-e30d-4488-98e5-1700c0a44b75: Started
2023-07-18 19:30:25,497 [BlockDeletingService#0] INFO  interfaces.ContainerDeletionChoosingPolicyTemplate (ContainerDeletionChoosingPolicyTemplate.java:chooseContainerForBlockDeletion(83)) - Chosen 0/5000 blocks from 0 candidate containers.
2023-07-18 19:30:25,783 [main] INFO  ozone.MiniOzoneClusterImpl (MiniOzoneClusterImpl.java:lambda$waitForClusterToBeReady$0(224)) - Waiting for nodes to be ready. Got 0 of 3 DN Heartbeats.
2023-07-18 19:30:25,783 [main] INFO  ozone.MiniOzoneClusterImpl (MiniOzoneClusterImpl.java:lambda$waitForClusterToBeReady$0(227)) - Waiting for cluster to exit safe mode
2023-07-18 19:30:25,783 [main] INFO  ozone.MiniOzoneClusterImpl (MiniOzoneClusterImpl.java:lambda$waitForClusterToBeReady$0(229)) - SCM became leader
2023-07-18 19:30:25,832 [EndpointStateMachine task thread for /0.0.0.0:15002 - 0 ] INFO  utils.DatanodeStoreCache (DatanodeStoreCache.java:addDB(66)) - Added db /home/runner/work/ozone/ozone/hadoop-ozone/integration-test/target/test-dir/MiniOzoneClusterImpl-6b031341-d507-43af-b1f0-ac2f4105ef04/datanode-2/data-0/containers/hdds/6b031341-d507-43af-b1f0-ac2f4105ef04/DS-d26fb2cd-fbef-4033-9639-ffca778a3c6d/container.db to cache
2023-07-18 19:30:25,832 [EndpointStateMachine task thread for /0.0.0.0:15002 - 0 ] INFO  volume.HddsVolume (HddsVolume.java:createDbStore(422)) - SchemaV3 db is created and loaded at /home/runner/work/ozone/ozone/hadoop-ozone/integration-test/target/test-dir/MiniOzoneClusterImpl-6b031341-d507-43af-b1f0-ac2f4105ef04/datanode-2/data-0/containers/hdds/6b031341-d507-43af-b1f0-ac2f4105ef04/DS-d26fb2cd-fbef-4033-9639-ffca778a3c6d/container.db for volume DS-d26fb2cd-fbef-4033-9639-ffca778a3c6d
2023-07-18 19:30:25,832 [EndpointStateMachine task thread for /0.0.0.0:15002 - 0 ] INFO  ozoneimpl.OzoneContainer (OzoneContainer.java:start(419)) - Attempting to start container services.
2023-07-18 19:30:25,833 [EndpointStateMachine task thread for /0.0.0.0:15002 - 0 ] INFO  ozoneimpl.OzoneContainer (OzoneContainer.java:startContainerScrub(327)) - Scheduled background container scanners and the on-demand container scanner have been disabled.
2023-07-18 19:30:25,840 [EndpointStateMachine task thread for /0.0.0.0:15002 - 0 ] INFO  replication.ReplicationServer (ReplicationServer.java:start(128)) - ReplicationServer is started using port 15034
2023-07-18 19:30:25,840 [EndpointStateMachine task thread for /0.0.0.0:15002 - 0 ] INFO  ratis.XceiverServerRatis (XceiverServerRatis.java:start(517)) - Starting XceiverServerRatis eb412079-c751-4dfd-aec5-5a0bb932822c
2023-07-18 19:30:25,844 [EndpointStateMachine task thread for /0.0.0.0:15002 - 0 ] INFO  server.RaftServer (RaftServerProxy.java:startImpl(400)) - eb412079-c751-4dfd-aec5-5a0bb932822c: start RPC server
2023-07-18 19:30:25,846 [EndpointStateMachine task thread for /0.0.0.0:15002 - 0 ] INFO  server.GrpcService (GrpcService.java:startImpl(302)) - eb412079-c751-4dfd-aec5-5a0bb932822c: GrpcService started, listening on 15030
2023-07-18 19:30:25,848 [EndpointStateMachine task thread for /0.0.0.0:15002 - 0 ] INFO  server.GrpcService (GrpcService.java:startImpl(302)) - eb412079-c751-4dfd-aec5-5a0bb932822c: GrpcService started, listening on 15032
2023-07-18 19:30:25,849 [EndpointStateMachine task thread for /0.0.0.0:15002 - 0 ] INFO  server.GrpcService (GrpcService.java:startImpl(302)) - eb412079-c751-4dfd-aec5-5a0bb932822c: GrpcService started, listening on 15031
2023-07-18 19:30:25,851 [EndpointStateMachine task thread for /0.0.0.0:15002 - 0 ] INFO  ratis.XceiverServerRatis (XceiverServerRatis.java:getRealPort(543)) - XceiverServerRatis eb412079-c751-4dfd-aec5-5a0bb932822c is started using port 15030 for RATIS
2023-07-18 19:30:25,851 [JvmPauseMonitor4] INFO  util.JvmPauseMonitor (JvmPauseMonitor.java:run(103)) - JvmPauseMonitor-eb412079-c751-4dfd-aec5-5a0bb932822c: Started
2023-07-18 19:30:25,851 [EndpointStateMachine task thread for /0.0.0.0:15002 - 0 ] INFO  ratis.XceiverServerRatis (XceiverServerRatis.java:getRealPort(543)) - XceiverServerRatis eb412079-c751-4dfd-aec5-5a0bb932822c is started using port 15031 for RATIS_ADMIN
2023-07-18 19:30:25,851 [EndpointStateMachine task thread for /0.0.0.0:15002 - 0 ] INFO  ratis.XceiverServerRatis (XceiverServerRatis.java:getRealPort(543)) - XceiverServerRatis eb412079-c751-4dfd-aec5-5a0bb932822c is started using port 15032 for RATIS_SERVER
2023-07-18 19:30:25,851 [EndpointStateMachine task thread for /0.0.0.0:15002 - 0 ] INFO  ratis.XceiverServerRatis (XceiverServerRatis.java:getRealPort(543)) - XceiverServerRatis eb412079-c751-4dfd-aec5-5a0bb932822c is started using port 15033 for RATIS_DATASTREAM
2023-07-18 19:30:25,858 [BlockDeletingService#0] INFO  interfaces.ContainerDeletionChoosingPolicyTemplate (ContainerDeletionChoosingPolicyTemplate.java:chooseContainerForBlockDeletion(83)) - Chosen 0/5000 blocks from 0 candidate containers.
2023-07-18 19:30:26,783 [main] INFO  ozone.MiniOzoneClusterImpl (MiniOzoneClusterImpl.java:lambda$waitForClusterToBeReady$0(224)) - Waiting for nodes to be ready. Got 0 of 3 DN Heartbeats.
2023-07-18 19:30:26,784 [main] INFO  ozone.MiniOzoneClusterImpl (MiniOzoneClusterImpl.java:lambda$waitForClusterToBeReady$0(227)) - Waiting for cluster to exit safe mode
2023-07-18 19:30:26,784 [main] INFO  ozone.MiniOzoneClusterImpl (MiniOzoneClusterImpl.java:lambda$waitForClusterToBeReady$0(229)) - SCM became leader
2023-07-18 19:30:26,876 [IPC Server handler 2 on default port 15002] INFO  net.NetworkTopologyImpl (NetworkTopologyImpl.java:add(112)) - Added a new node: /default-rack/e7d9066e-05d1-4d78-941d-b2a7fd2da9b5
2023-07-18 19:30:26,880 [IPC Server handler 2 on default port 15002] INFO  node.SCMNodeManager (SCMNodeManager.java:register(405)) - Registered Data node : e7d9066e-05d1-4d78-941d-b2a7fd2da9b5{ip: 10.1.0.42, host: fv-az613-641, ports: [HTTP=15009, CLIENT_RPC=15010, REPLICATION=15016, RATIS=15012, RATIS_ADMIN=15013, RATIS_SERVER=15014, RATIS_DATASTREAM=15015, STANDALONE=15011], networkLocation: /default-rack, certSerialId: null, persistedOpState: null, persistedOpStateExpiryEpochSec: 0}
2023-07-18 19:30:26,897 [EventQueue-NewNodeForNewNodeHandler] INFO  pipeline.BackgroundPipelineCreator (BackgroundPipelineCreator.java:notifyEventTriggered(277)) - trigger a one-shot run on RatisPipelineUtilsThread.
2023-07-18 19:30:26,908 [EventQueue-NodeRegistrationContainerReportForContainerSafeModeRule] INFO  safemode.SCMSafeModeManager (SCMSafeModeManager.java:validateSafeModeExitRules(200)) - ContainerSafeModeRule rule is successfully validated
2023-07-18 19:30:26,911 [EventQueue-PipelineReportForOneReplicaPipelineSafeModeRule] INFO  safemode.SCMSafeModeManager (SCMSafeModeManager.java:validateSafeModeExitRules(200)) - AtleastOneDatanodeReportedRule rule is successfully validated
2023-07-18 19:30:26,921 [EventQueue-NodeRegistrationContainerReportForDataNodeSafeModeRule] INFO  safemode.SCMSafeModeManager (DataNodeSafeModeRule.java:process(71)) - SCM in safe mode. 1 DataNodes registered, 3 required.
2023-07-18 19:30:26,924 [RatisPipelineUtilsThread - 0] INFO  pipeline.RatisPipelineProvider (RatisPipelineProvider.java:lambda$create$0(206)) - Sending CreatePipelineCommand for pipeline:PipelineID=bc139a31-5609-4ed1-8d7e-34786885e6c7 to datanode:e7d9066e-05d1-4d78-941d-b2a7fd2da9b5
2023-07-18 19:30:26,944 [RatisPipelineUtilsThread - 0] INFO  pipeline.BackgroundPipelineCreator (BackgroundPipelineCreator.java:createPipelines(233)) - Created new pipeline Pipeline[ Id: bc139a31-5609-4ed1-8d7e-34786885e6c7, Nodes: e7d9066e-05d1-4d78-941d-b2a7fd2da9b5(fv-az613-641/10.1.0.42), ReplicationConfig: RATIS/ONE, State:ALLOCATED, leaderId:, CreationTimestamp2023-07-18T19:30:26.923Z[Etc/UTC]]
2023-07-18 19:30:27,439 [IPC Server handler 5 on default port 15002] INFO  net.NetworkTopologyImpl (NetworkTopologyImpl.java:add(112)) - Added a new node: /default-rack/ec94dcc4-e30d-4488-98e5-1700c0a44b75
2023-07-18 19:30:27,440 [IPC Server handler 5 on default port 15002] INFO  node.SCMNodeManager (SCMNodeManager.java:register(405)) - Registered Data node : ec94dcc4-e30d-4488-98e5-1700c0a44b75{ip: 10.1.0.42, host: fv-az613-641, ports: [HTTP=15018, CLIENT_RPC=15019, REPLICATION=15025, RATIS=15021, RATIS_ADMIN=15022, RATIS_SERVER=15023, RATIS_DATASTREAM=15024, STANDALONE=15020], networkLocation: /default-rack, certSerialId: null, persistedOpState: null, persistedOpStateExpiryEpochSec: 0}
2023-07-18 19:30:27,441 [EventQueue-NodeRegistrationContainerReportForDataNodeSafeModeRule] INFO  safemode.SCMSafeModeManager (DataNodeSafeModeRule.java:process(71)) - SCM in safe mode. 2 DataNodes registered, 3 required.
2023-07-18 19:30:27,441 [EventQueue-NewNodeForNewNodeHandler] INFO  pipeline.BackgroundPipelineCreator (BackgroundPipelineCreator.java:notifyEventTriggered(277)) - trigger a one-shot run on RatisPipelineUtilsThread.
2023-07-18 19:30:27,443 [RatisPipelineUtilsThread - 0] INFO  pipeline.RatisPipelineProvider (RatisPipelineProvider.java:lambda$create$0(206)) - Sending CreatePipelineCommand for pipeline:PipelineID=00e8a0df-9d59-4b06-b679-d9fe864bcbfd to datanode:ec94dcc4-e30d-4488-98e5-1700c0a44b75
2023-07-18 19:30:27,444 [RatisPipelineUtilsThread - 0] INFO  pipeline.BackgroundPipelineCreator (BackgroundPipelineCreator.java:createPipelines(233)) - Created new pipeline Pipeline[ Id: 00e8a0df-9d59-4b06-b679-d9fe864bcbfd, Nodes: ec94dcc4-e30d-4488-98e5-1700c0a44b75(fv-az613-641/10.1.0.42), ReplicationConfig: RATIS/ONE, State:ALLOCATED, leaderId:, CreationTimestamp2023-07-18T19:30:27.443Z[Etc/UTC]]
2023-07-18 19:30:27,784 [main] INFO  ozone.MiniOzoneClusterImpl (MiniOzoneClusterImpl.java:lambda$waitForClusterToBeReady$0(224)) - Waiting for nodes to be ready. Got 2 of 3 DN Heartbeats.
2023-07-18 19:30:27,785 [main] INFO  ozone.MiniOzoneClusterImpl (MiniOzoneClusterImpl.java:lambda$waitForClusterToBeReady$0(227)) - Waiting for cluster to exit safe mode
2023-07-18 19:30:27,785 [main] INFO  ozone.MiniOzoneClusterImpl (MiniOzoneClusterImpl.java:lambda$waitForClusterToBeReady$0(229)) - SCM became leader
2023-07-18 19:30:27,788 [IPC Server handler 4 on default port 15002] INFO  net.NetworkTopologyImpl (NetworkTopologyImpl.java:add(112)) - Added a new node: /default-rack/eb412079-c751-4dfd-aec5-5a0bb932822c
2023-07-18 19:30:27,788 [IPC Server handler 4 on default port 15002] INFO  node.SCMNodeManager (SCMNodeManager.java:register(405)) - Registered Data node : eb412079-c751-4dfd-aec5-5a0bb932822c{ip: 10.1.0.42, host: fv-az613-641, ports: [HTTP=15027, CLIENT_RPC=15028, REPLICATION=15034, RATIS=15030, RATIS_ADMIN=15031, RATIS_SERVER=15032, RATIS_DATASTREAM=15033, STANDALONE=15029], networkLocation: /default-rack, certSerialId: null, persistedOpState: null, persistedOpStateExpiryEpochSec: 0}
2023-07-18 19:30:27,788 [EventQueue-NewNodeForNewNodeHandler] INFO  pipeline.BackgroundPipelineCreator (BackgroundPipelineCreator.java:notifyEventTriggered(277)) - trigger a one-shot run on RatisPipelineUtilsThread.
2023-07-18 19:30:27,789 [RatisPipelineUtilsThread - 0] INFO  pipeline.RatisPipelineProvider (RatisPipelineProvider.java:lambda$create$0(206)) - Sending CreatePipelineCommand for pipeline:PipelineID=cad81912-839f-4986-9ed1-40dd1a805d0d to datanode:eb412079-c751-4dfd-aec5-5a0bb932822c
2023-07-18 19:30:27,790 [RatisPipelineUtilsThread - 0] INFO  pipeline.BackgroundPipelineCreator (BackgroundPipelineCreator.java:createPipelines(233)) - Created new pipeline Pipeline[ Id: cad81912-839f-4986-9ed1-40dd1a805d0d, Nodes: eb412079-c751-4dfd-aec5-5a0bb932822c(fv-az613-641/10.1.0.42), ReplicationConfig: RATIS/ONE, State:ALLOCATED, leaderId:, CreationTimestamp2023-07-18T19:30:27.789Z[Etc/UTC]]
2023-07-18 19:30:27,791 [EventQueue-NodeRegistrationContainerReportForDataNodeSafeModeRule] INFO  safemode.SCMSafeModeManager (DataNodeSafeModeRule.java:process(71)) - SCM in safe mode. 3 DataNodes registered, 3 required.
2023-07-18 19:30:27,791 [EventQueue-NodeRegistrationContainerReportForDataNodeSafeModeRule] INFO  safemode.SCMSafeModeManager (SCMSafeModeManager.java:validateSafeModeExitRules(200)) - DataNodeSafeModeRule rule is successfully validated
2023-07-18 19:30:27,792 [EventQueue-NodeRegistrationContainerReportForDataNodeSafeModeRule] INFO  safemode.SCMSafeModeManager (SCMSafeModeManager.java:completePreCheck(229)) - All SCM safe mode pre check rules have passed
2023-07-18 19:30:27,792 [EventQueue-NodeRegistrationContainerReportForDataNodeSafeModeRule] INFO  ha.SCMContext (SCMContext.java:updateSafeModeStatus(228)) - Update SafeModeStatus from SafeModeStatus{safeModeStatus=true, preCheckPassed=false} to SafeModeStatus{safeModeStatus=true, preCheckPassed=true}.
2023-07-18 19:30:27,792 [EventQueue-NodeRegistrationContainerReportForDataNodeSafeModeRule] INFO  pipeline.BackgroundPipelineCreator (BackgroundPipelineCreator.java:notifyEventTriggered(277)) - trigger a one-shot run on RatisPipelineUtilsThread.
2023-07-18 19:30:27,798 [RatisPipelineUtilsThread - 0] INFO  pipeline.RatisPipelineProvider (RatisPipelineProvider.java:lambda$create$0(206)) - Sending CreatePipelineCommand for pipeline:PipelineID=419e2787-58e7-484b-b928-97eae1a8194b to datanode:eb412079-c751-4dfd-aec5-5a0bb932822c
2023-07-18 19:30:27,798 [RatisPipelineUtilsThread - 0] INFO  pipeline.RatisPipelineProvider (RatisPipelineProvider.java:lambda$create$0(206)) - Sending CreatePipelineCommand for pipeline:PipelineID=419e2787-58e7-484b-b928-97eae1a8194b to datanode:e7d9066e-05d1-4d78-941d-b2a7fd2da9b5
2023-07-18 19:30:27,798 [RatisPipelineUtilsThread - 0] INFO  pipeline.RatisPipelineProvider (RatisPipelineProvider.java:lambda$create$0(206)) - Sending CreatePipelineCommand for pipeline:PipelineID=419e2787-58e7-484b-b928-97eae1a8194b to datanode:ec94dcc4-e30d-4488-98e5-1700c0a44b75
2023-07-18 19:30:27,802 [RatisPipelineUtilsThread - 0] INFO  pipeline.BackgroundPipelineCreator (BackgroundPipelineCreator.java:createPipelines(233)) - Created new pipeline Pipeline[ Id: 419e2787-58e7-484b-b928-97eae1a8194b, Nodes: eb412079-c751-4dfd-aec5-5a0bb932822c(fv-az613-641/10.1.0.42)e7d9066e-05d1-4d78-941d-b2a7fd2da9b5(fv-az613-641/10.1.0.42)ec94dcc4-e30d-4488-98e5-1700c0a44b75(fv-az613-641/10.1.0.42), ReplicationConfig: RATIS/THREE, State:ALLOCATED, leaderId:, CreationTimestamp2023-07-18T19:30:27.798Z[Etc/UTC]]
2023-07-18 19:30:27,806 [RatisPipelineUtilsThread - 0] INFO  pipeline.RatisPipelineProvider (RatisPipelineProvider.java:lambda$create$0(206)) - Sending CreatePipelineCommand for pipeline:PipelineID=992b8d43-8bac-488b-866f-1d9bd65c894c to datanode:eb412079-c751-4dfd-aec5-5a0bb932822c
2023-07-18 19:30:27,806 [RatisPipelineUtilsThread - 0] INFO  pipeline.RatisPipelineProvider (RatisPipelineProvider.java:lambda$create$0(206)) - Sending CreatePipelineCommand for pipeline:PipelineID=992b8d43-8bac-488b-866f-1d9bd65c894c to datanode:ec94dcc4-e30d-4488-98e5-1700c0a44b75
2023-07-18 19:30:27,806 [RatisPipelineUtilsThread - 0] INFO  pipeline.RatisPipelineProvider (RatisPipelineProvider.java:lambda$create$0(206)) - Sending CreatePipelineCommand for pipeline:PipelineID=992b8d43-8bac-488b-866f-1d9bd65c894c to datanode:e7d9066e-05d1-4d78-941d-b2a7fd2da9b5
2023-07-18 19:30:27,808 [RatisPipelineUtilsThread - 0] INFO  pipeline.PipelineManagerImpl (PipelineManagerImpl.java:recordMetricsForPipeline(895)) - Pipeline: PipelineID=992b8d43-8bac-488b-866f-1d9bd65c894c contains same datanodes as previous pipelines: PipelineID=419e2787-58e7-484b-b928-97eae1a8194b nodeIds: eb412079-c751-4dfd-aec5-5a0bb932822c, ec94dcc4-e30d-4488-98e5-1700c0a44b75, e7d9066e-05d1-4d78-941d-b2a7fd2da9b5
2023-07-18 19:30:27,808 [RatisPipelineUtilsThread - 0] INFO  pipeline.BackgroundPipelineCreator (BackgroundPipelineCreator.java:createPipelines(233)) - Created new pipeline Pipeline[ Id: 992b8d43-8bac-488b-866f-1d9bd65c894c, Nodes: eb412079-c751-4dfd-aec5-5a0bb932822c(fv-az613-641/10.1.0.42)ec94dcc4-e30d-4488-98e5-1700c0a44b75(fv-az613-641/10.1.0.42)e7d9066e-05d1-4d78-941d-b2a7fd2da9b5(fv-az613-641/10.1.0.42), ReplicationConfig: RATIS/THREE, State:ALLOCATED, leaderId:, CreationTimestamp2023-07-18T19:30:27.805Z[Etc/UTC]]
2023-07-18 19:30:27,808 [RatisPipelineUtilsThread - 0] WARN  pipeline.PipelinePlacementPolicy (PipelinePlacementPolicy.java:filterViableNodes(166)) - Pipeline creation failed due to no sufficient healthy datanodes. Required 3. Found 0. Excluded 3.
2023-07-18 19:30:28,785 [main] INFO  ozone.MiniOzoneClusterImpl (MiniOzoneClusterImpl.java:lambda$waitForClusterToBeReady$0(224)) - Nodes are ready. Got 3 of 3 DN Heartbeats.
2023-07-18 19:30:28,786 [main] INFO  ozone.MiniOzoneClusterImpl (MiniOzoneClusterImpl.java:lambda$waitForClusterToBeReady$0(227)) - Waiting for cluster to exit safe mode
2023-07-18 19:30:28,786 [main] INFO  ozone.MiniOzoneClusterImpl (MiniOzoneClusterImpl.java:lambda$waitForClusterToBeReady$0(229)) - SCM became leader
2023-07-18 19:30:29,788 [main] INFO  ozone.MiniOzoneClusterImpl (MiniOzoneClusterImpl.java:lambda$waitForClusterToBeReady$0(224)) - Nodes are ready. Got 3 of 3 DN Heartbeats.
2023-07-18 19:30:29,789 [main] INFO  ozone.MiniOzoneClusterImpl (MiniOzoneClusterImpl.java:lambda$waitForClusterToBeReady$0(227)) - Waiting for cluster to exit safe mode
2023-07-18 19:30:29,789 [main] INFO  ozone.MiniOzoneClusterImpl (MiniOzoneClusterImpl.java:lambda$waitForClusterToBeReady$0(229)) - SCM became leader
2023-07-18 19:30:29,860 [PipelineCommandHandlerThread-0] INFO  server.RaftServer (RaftServerProxy.java:addNew(98)) - e7d9066e-05d1-4d78-941d-b2a7fd2da9b5: addNew group-34786885E6C7:[e7d9066e-05d1-4d78-941d-b2a7fd2da9b5|rpc:10.1.0.42:15014|admin:10.1.0.42:15013|client:10.1.0.42:15012|dataStream:10.1.0.42:15015|priority:1|startupRole:FOLLOWER] returns group-34786885E6C7:java.util.concurrent.CompletableFuture@4c962ab1[Not completed]
2023-07-18 19:30:29,876 [e7d9066e-05d1-4d78-941d-b2a7fd2da9b5-groupManagement] INFO  server.RaftServer$Division (RaftServerImpl.java:<init>(198)) - e7d9066e-05d1-4d78-941d-b2a7fd2da9b5: new RaftServerImpl for group-34786885E6C7:[e7d9066e-05d1-4d78-941d-b2a7fd2da9b5|rpc:10.1.0.42:15014|admin:10.1.0.42:15013|client:10.1.0.42:15012|dataStream:10.1.0.42:15015|priority:1|startupRole:FOLLOWER] with ContainerStateMachine:uninitialized
2023-07-18 19:30:29,876 [e7d9066e-05d1-4d78-941d-b2a7fd2da9b5-groupManagement] INFO  server.RaftServerConfigKeys (ConfUtils.java:logGet(46)) - raft.server.rpc.timeout.min = 5s (custom)
2023-07-18 19:30:29,876 [e7d9066e-05d1-4d78-941d-b2a7fd2da9b5-groupManagement] INFO  server.RaftServerConfigKeys (ConfUtils.java:logGet(46)) - raft.server.rpc.timeout.max = 5200ms (custom)
2023-07-18 19:30:29,876 [e7d9066e-05d1-4d78-941d-b2a7fd2da9b5-groupManagement] INFO  server.RaftServerConfigKeys (ConfUtils.java:logGet(46)) - raft.server.rpc.sleep.time = 25ms (default)
2023-07-18 19:30:29,876 [e7d9066e-05d1-4d78-941d-b2a7fd2da9b5-groupManagement] INFO  server.RaftServerConfigKeys (ConfUtils.java:logGet(46)) - raft.server.rpc.slowness.timeout = 300000ms (custom)
2023-07-18 19:30:29,876 [e7d9066e-05d1-4d78-941d-b2a7fd2da9b5-groupManagement] INFO  server.RaftServerConfigKeys (ConfUtils.java:logGet(46)) - raft.server.leaderelection.leader.step-down.wait-time = 10s (default)
2023-07-18 19:30:29,876 [e7d9066e-05d1-4d78-941d-b2a7fd2da9b5-groupManagement] INFO  server.RaftServerConfigKeys (ConfUtils.java:logGet(46)) - raft.server.sleep.deviation.threshold = 300ms (default)
2023-07-18 19:30:29,876 [e7d9066e-05d1-4d78-941d-b2a7fd2da9b5-groupManagement] INFO  server.RaftServer$Division (ServerState.java:<init>(120)) - e7d9066e-05d1-4d78-941d-b2a7fd2da9b5@group-34786885E6C7: ConfigurationManager, init=-1: peers:[e7d9066e-05d1-4d78-941d-b2a7fd2da9b5|rpc:10.1.0.42:15014|admin:10.1.0.42:15013|client:10.1.0.42:15012|dataStream:10.1.0.42:15015|priority:1|startupRole:FOLLOWER]|listeners:[], old=null, confs=<EMPTY_MAP>
2023-07-18 19:30:29,877 [e7d9066e-05d1-4d78-941d-b2a7fd2da9b5-groupManagement] INFO  server.RaftServerConfigKeys (ConfUtils.java:logGet(46)) - raft.server.storage.dir = [/home/runner/work/ozone/ozone/hadoop-ozone/integration-test/target/test-dir/MiniOzoneClusterImpl-6b031341-d507-43af-b1f0-ac2f4105ef04/datanode-0/data/ratis] (custom)
2023-07-18 19:30:29,877 [e7d9066e-05d1-4d78-941d-b2a7fd2da9b5-groupManagement] INFO  server.RaftServerConfigKeys (ConfUtils.java:logGet(46)) - raft.server.log.corruption.policy = EXCEPTION (default)
2023-07-18 19:30:29,877 [e7d9066e-05d1-4d78-941d-b2a7fd2da9b5-groupManagement] INFO  server.RaftServerConfigKeys (ConfUtils.java:logGet(46)) - raft.server.storage.free-space.min = 0MB (=0) (default)
2023-07-18 19:30:29,877 [e7d9066e-05d1-4d78-941d-b2a7fd2da9b5-groupManagement] INFO  server.RaftServerConfigKeys (ConfUtils.java:logGet(46)) - raft.server.notification.no-leader.timeout = 300000ms (custom)
2023-07-18 19:30:29,877 [e7d9066e-05d1-4d78-941d-b2a7fd2da9b5-groupManagement] INFO  server.RaftServerConfigKeys (ConfUtils.java:logGet(46)) - raft.server.read.timeout = 10s (default)
2023-07-18 19:30:29,877 [e7d9066e-05d1-4d78-941d-b2a7fd2da9b5-groupManagement] INFO  server.RaftServerConfigKeys (ConfUtils.java:logGet(46)) - raft.server.retrycache.expirytime = 600000ms (custom)
2023-07-18 19:30:29,879 [e7d9066e-05d1-4d78-941d-b2a7fd2da9b5-groupManagement] INFO  server.RaftServerConfigKeys (ConfUtils.java:logGet(46)) - raft.server.retrycache.statistics.expirytime = 100μs (default)
2023-07-18 19:30:29,879 [e7d9066e-05d1-4d78-941d-b2a7fd2da9b5-groupManagement] INFO  server.RaftServerConfigKeys (ConfUtils.java:logGet(46)) - raft.server.read.option = DEFAULT (default)
2023-07-18 19:30:29,884 [e7d9066e-05d1-4d78-941d-b2a7fd2da9b5-groupManagement] INFO  server.RaftServerConfigKeys (ConfUtils.java:logGet(46)) - raft.server.rpc.request.timeout = 3000ms (default)
2023-07-18 19:30:29,885 [e7d9066e-05d1-4d78-941d-b2a7fd2da9b5-groupManagement] INFO  server.RaftServerConfigKeys (ConfUtils.java:logGet(46)) - raft.server.log.appender.install.snapshot.enabled = false (custom)
2023-07-18 19:30:29,885 [e7d9066e-05d1-4d78-941d-b2a7fd2da9b5-groupManagement] INFO  server.RaftServerConfigKeys (ConfUtils.java:logGet(46)) - raft.server.threadpool.server.cached = true (default)
2023-07-18 19:30:29,885 [e7d9066e-05d1-4d78-941d-b2a7fd2da9b5-groupManagement] INFO  server.RaftServerConfigKeys (ConfUtils.java:logGet(46)) - raft.server.threadpool.server.size = 0 (default)
2023-07-18 19:30:29,887 [e7d9066e-05d1-4d78-941d-b2a7fd2da9b5-groupManagement] INFO  server.RaftServerConfigKeys (ConfUtils.java:logGet(46)) - raft.server.threadpool.client.cached = true (default)
2023-07-18 19:30:29,887 [e7d9066e-05d1-4d78-941d-b2a7fd2da9b5-groupManagement] INFO  server.RaftServerConfigKeys (ConfUtils.java:logGet(46)) - raft.server.threadpool.client.size = 0 (default)
2023-07-18 19:30:29,887 [e7d9066e-05d1-4d78-941d-b2a7fd2da9b5-groupManagement] INFO  storage.RaftStorageDirectory (RaftStorageDirectoryImpl.java:analyzeStorage(137)) - The storage directory /home/runner/work/ozone/ozone/hadoop-ozone/integration-test/target/test-dir/MiniOzoneClusterImpl-6b031341-d507-43af-b1f0-ac2f4105ef04/datanode-0/data/ratis/bc139a31-5609-4ed1-8d7e-34786885e6c7 does not exist. Creating ...
2023-07-18 19:30:29,892 [e7d9066e-05d1-4d78-941d-b2a7fd2da9b5-groupManagement] INFO  storage.RaftStorageDirectory (RaftStorageDirectoryImpl.java:tryLock(231)) - Lock on /home/runner/work/ozone/ozone/hadoop-ozone/integration-test/target/test-dir/MiniOzoneClusterImpl-6b031341-d507-43af-b1f0-ac2f4105ef04/datanode-0/data/ratis/bc139a31-5609-4ed1-8d7e-34786885e6c7/in_use.lock acquired by nodename 29621@fv-az613-641
2023-07-18 19:30:29,894 [e7d9066e-05d1-4d78-941d-b2a7fd2da9b5-groupManagement] INFO  storage.RaftStorage (RaftStorageImpl.java:format(96)) - Storage directory /home/runner/work/ozone/ozone/hadoop-ozone/integration-test/target/test-dir/MiniOzoneClusterImpl-6b031341-d507-43af-b1f0-ac2f4105ef04/datanode-0/data/ratis/bc139a31-5609-4ed1-8d7e-34786885e6c7 has been successfully formatted.
2023-07-18 19:30:29,901 [e7d9066e-05d1-4d78-941d-b2a7fd2da9b5-groupManagement] INFO  ratis.ContainerStateMachine (ContainerStateMachine.java:loadSnapshot(262)) - group-34786885E6C7: The snapshot info is null. Setting the last applied indexto:(t:0, i:~)
2023-07-18 19:30:29,907 [e7d9066e-05d1-4d78-941d-b2a7fd2da9b5-groupManagement] INFO  server.RaftServerConfigKeys (ConfUtils.java:logGet(46)) - raft.server.log.use.memory = false (default)
2023-07-18 19:30:29,908 [e7d9066e-05d1-4d78-941d-b2a7fd2da9b5-groupManagement] INFO  server.RaftServerConfigKeys (ConfUtils.java:logGet(46)) - raft.server.log.purge.gap = 1000000 (custom)
2023-07-18 19:30:29,908 [e7d9066e-05d1-4d78-941d-b2a7fd2da9b5-groupManagement] INFO  server.RaftServerConfigKeys (ConfUtils.java:logGet(46)) - raft.server.log.appender.buffer.byte-limit = 33554432 (custom)
2023-07-18 19:30:29,908 [e7d9066e-05d1-4d78-941d-b2a7fd2da9b5-groupManagement] INFO  server.RaftServerConfigKeys (ConfUtils.java:logGet(46)) - raft.server.log.statemachine.data.read.timeout = 1000ms (default)
2023-07-18 19:30:29,908 [e7d9066e-05d1-4d78-941d-b2a7fd2da9b5-groupManagement] INFO  server.RaftServerConfigKeys (ConfUtils.java:logGet(46)) - raft.server.log.purge.preservation.log.num = 0 (default)
2023-07-18 19:30:29,908 [e7d9066e-05d1-4d78-941d-b2a7fd2da9b5-groupManagement] INFO  server.RaftServerConfigKeys (ConfUtils.java:logGet(46)) - raft.server.log.segment.size.max = 1048576 (custom)
2023-07-18 19:30:29,916 [e7d9066e-05d1-4d78-941d-b2a7fd2da9b5-groupManagement] INFO  server.RaftServerConfigKeys (ConfUtils.java:logGet(46)) - raft.server.log.segment.cache.num.max = 2 (custom)
2023-07-18 19:30:29,916 [e7d9066e-05d1-4d78-941d-b2a7fd2da9b5-groupManagement] INFO  server.RaftServerConfigKeys (ConfUtils.java:logGet(46)) - raft.server.log.segment.cache.size.max = 200MB (=209715200) (default)
2023-07-18 19:30:29,916 [e7d9066e-05d1-4d78-941d-b2a7fd2da9b5-groupManagement] INFO  server.RaftServerConfigKeys (ConfUtils.java:logGet(46)) - raft.server.log.appender.buffer.byte-limit = 33554432 (custom)
2023-07-18 19:30:29,917 [e7d9066e-05d1-4d78-941d-b2a7fd2da9b5-groupManagement] INFO  segmented.SegmentedRaftLogWorker (SegmentedRaftLogWorker.java:<init>(188)) - new e7d9066e-05d1-4d78-941d-b2a7fd2da9b5@group-34786885E6C7-SegmentedRaftLogWorker for RaftStorageImpl:Storage Directory /home/runner/work/ozone/ozone/hadoop-ozone/integration-test/target/test-dir/MiniOzoneClusterImpl-6b031341-d507-43af-b1f0-ac2f4105ef04/datanode-0/data/ratis/bc139a31-5609-4ed1-8d7e-34786885e6c7
2023-07-18 19:30:29,917 [e7d9066e-05d1-4d78-941d-b2a7fd2da9b5-groupManagement] INFO  server.RaftServerConfigKeys (ConfUtils.java:logGet(46)) - raft.server.log.queue.byte-limit = 4294967296 (custom)
2023-07-18 19:30:29,917 [e7d9066e-05d1-4d78-941d-b2a7fd2da9b5-groupManagement] INFO  server.RaftServerConfigKeys (ConfUtils.java:logGet(46)) - raft.server.log.queue.element-limit = 1024 (custom)
2023-07-18 19:30:29,917 [e7d9066e-05d1-4d78-941d-b2a7fd2da9b5-groupManagement] INFO  server.RaftServerConfigKeys (ConfUtils.java:logGet(46)) - raft.server.log.segment.size.max = 1048576 (custom)
2023-07-18 19:30:29,917 [e7d9066e-05d1-4d78-941d-b2a7fd2da9b5-groupManagement] INFO  server.RaftServerConfigKeys (ConfUtils.java:logGet(46)) - raft.server.log.preallocated.size = 16384 (custom)
2023-07-18 19:30:29,917 [e7d9066e-05d1-4d78-941d-b2a7fd2da9b5-groupManagement] INFO  server.RaftServerConfigKeys (ConfUtils.java:logGet(46)) - raft.server.log.force.sync.num = 128 (default)
2023-07-18 19:30:29,918 [e7d9066e-05d1-4d78-941d-b2a7fd2da9b5-groupManagement] INFO  server.RaftServerConfigKeys (ConfUtils.java:logGet(46)) - raft.server.log.statemachine.data.sync = true (default)
2023-07-18 19:30:29,918 [e7d9066e-05d1-4d78-941d-b2a7fd2da9b5-groupManagement] INFO  server.RaftServerConfigKeys (ConfUtils.java:logGet(46)) - raft.server.log.statemachine.data.sync.timeout = 10s (default)
2023-07-18 19:30:29,919 [e7d9066e-05d1-4d78-941d-b2a7fd2da9b5-groupManagement] INFO  server.RaftServerConfigKeys (ConfUtils.java:logGet(46)) - raft.server.log.statemachine.data.sync.timeout.retry = -1 (default)
2023-07-18 19:30:29,933 [EventQueue-PipelineReportForPipelineReportHandler] INFO  pipeline.PipelineReportHandler (PipelineReportHandler.java:processPipelineReport(136)) - Opened pipeline PipelineID=bc139a31-5609-4ed1-8d7e-34786885e6c7
2023-07-18 19:30:29,937 [e7d9066e-05d1-4d78-941d-b2a7fd2da9b5-groupManagement] INFO  server.RaftServerConfigKeys (ConfUtils.java:logGet(46)) - raft.server.log.write.buffer.size = 1048576 (custom)
2023-07-18 19:30:29,937 [e7d9066e-05d1-4d78-941d-b2a7fd2da9b5-groupManagement] INFO  server.RaftServerConfigKeys (ConfUtils.java:logGet(46)) - raft.server.log.appender.buffer.byte-limit = 33554432 (custom)
2023-07-18 19:30:29,943 [EventQueue-OpenPipelineForHealthyPipelineSafeModeRule] INFO  safemode.SCMSafeModeManager (HealthyPipelineSafeModeRule.java:process(137)) - SCM in safe mode. Healthy pipelines reported count is 0, required healthy pipeline reported count is 1
2023-07-18 19:30:29,946 [e7d9066e-05d1-4d78-941d-b2a7fd2da9b5-groupManagement] INFO  server.RaftServerConfigKeys (ConfUtils.java:logGet(46)) - raft.server.log.unsafe-flush.enabled = false (default)
2023-07-18 19:30:29,946 [e7d9066e-05d1-4d78-941d-b2a7fd2da9b5-groupManagement] INFO  server.RaftServerConfigKeys (ConfUtils.java:logGet(46)) - raft.server.log.async-flush.enabled = false (default)
2023-07-18 19:30:29,946 [e7d9066e-05d1-4d78-941d-b2a7fd2da9b5-groupManagement] INFO  server.RaftServerConfigKeys (ConfUtils.java:logGet(46)) - raft.server.log.statemachine.data.caching.enabled = true (custom)
2023-07-18 19:30:29,947 [e7d9066e-05d1-4d78-941d-b2a7fd2da9b5-groupManagement] INFO  segmented.SegmentedRaftLogWorker (SegmentedRaftLogWorker.java:lambda$new$0(135)) - e7d9066e-05d1-4d78-941d-b2a7fd2da9b5@group-34786885E6C7-SegmentedRaftLogWorker: flushIndex: setUnconditionally 0 -> -1
2023-07-18 19:30:29,947 [e7d9066e-05d1-4d78-941d-b2a7fd2da9b5-groupManagement] INFO  segmented.SegmentedRaftLogWorker (SegmentedRaftLogWorker.java:lambda$new$0(135)) - e7d9066e-05d1-4d78-941d-b2a7fd2da9b5@group-34786885E6C7-SegmentedRaftLogWorker: safeCacheEvictIndex: setUnconditionally 0 -> -1
2023-07-18 19:30:29,948 [e7d9066e-05d1-4d78-941d-b2a7fd2da9b5-groupManagement] INFO  server.RaftServer$Division (RaftServerImpl.java:start(342)) - e7d9066e-05d1-4d78-941d-b2a7fd2da9b5@group-34786885E6C7: start as a follower, conf=-1: peers:[e7d9066e-05d1-4d78-941d-b2a7fd2da9b5|rpc:10.1.0.42:15014|admin:10.1.0.42:15013|client:10.1.0.42:15012|dataStream:10.1.0.42:15015|priority:1|startupRole:FOLLOWER]|listeners:[], old=null
2023-07-18 19:30:29,948 [e7d9066e-05d1-4d78-941d-b2a7fd2da9b5-groupManagement] INFO  server.RaftServer$Division (RaftServerImpl.java:setRole(329)) - e7d9066e-05d1-4d78-941d-b2a7fd2da9b5@group-34786885E6C7: changes role from      null to FOLLOWER at term 0 for startAsFollower
2023-07-18 19:30:29,948 [e7d9066e-05d1-4d78-941d-b2a7fd2da9b5-groupManagement] INFO  impl.RoleInfo (RoleInfo.java:updateAndGet(139)) - e7d9066e-05d1-4d78-941d-b2a7fd2da9b5: start e7d9066e-05d1-4d78-941d-b2a7fd2da9b5@group-34786885E6C7-FollowerState
2023-07-18 19:30:29,949 [e7d9066e-05d1-4d78-941d-b2a7fd2da9b5@group-34786885E6C7-FollowerState] INFO  server.RaftServerConfigKeys (ConfUtils.java:logFallback(53)) - raft.server.rpc.first-election.timeout.min = 5s (fallback to raft.server.rpc.timeout.min)
2023-07-18 19:30:29,953 [e7d9066e-05d1-4d78-941d-b2a7fd2da9b5@group-34786885E6C7-FollowerState] INFO  server.RaftServerConfigKeys (ConfUtils.java:logFallback(53)) - raft.server.rpc.first-election.timeout.max = 5200ms (fallback to raft.server.rpc.timeout.max)
2023-07-18 19:30:29,949 [e7d9066e-05d1-4d78-941d-b2a7fd2da9b5-groupManagement] INFO  util.JmxRegister (JmxRegister.java:tryRegister(44)) - Successfully registered JMX Bean with object name Ratis:service=RaftServer,group=group-34786885E6C7,id=e7d9066e-05d1-4d78-941d-b2a7fd2da9b5
2023-07-18 19:30:29,953 [e7d9066e-05d1-4d78-941d-b2a7fd2da9b5-groupManagement] INFO  server.RaftServerConfigKeys (ConfUtils.java:logGet(46)) - raft.server.snapshot.auto.trigger.enabled = true (custom)
2023-07-18 19:30:29,954 [e7d9066e-05d1-4d78-941d-b2a7fd2da9b5-groupManagement] INFO  server.RaftServerConfigKeys (ConfUtils.java:logGet(46)) - raft.server.snapshot.auto.trigger.threshold = 10000 (custom)
2023-07-18 19:30:29,954 [e7d9066e-05d1-4d78-941d-b2a7fd2da9b5-groupManagement] INFO  server.RaftServerConfigKeys (ConfUtils.java:logGet(46)) - raft.server.snapshot.retention.file.num = 5 (custom)
2023-07-18 19:30:29,954 [e7d9066e-05d1-4d78-941d-b2a7fd2da9b5-groupManagement] INFO  server.RaftServerConfigKeys (ConfUtils.java:logGet(46)) - raft.server.log.purge.upto.snapshot.index = false (default)
2023-07-18 19:30:29,966 [PipelineCommandHandlerThread-0] INFO  ratis.XceiverServerRatis (XceiverServerRatis.java:addGroup(804)) - Created group PipelineID=bc139a31-5609-4ed1-8d7e-34786885e6c7
2023-07-18 19:30:29,967 [PipelineCommandHandlerThread-0] INFO  commandhandler.CreatePipelineCommandHandler (CreatePipelineCommandHandler.java:lambda$handle$2(124)) - Created Pipeline RATIS ONE PipelineID=bc139a31-5609-4ed1-8d7e-34786885e6c7.
2023-07-18 19:30:29,967 [PipelineCommandHandlerThread-0] INFO  server.RaftServer (RaftServerProxy.java:addNew(98)) - e7d9066e-05d1-4d78-941d-b2a7fd2da9b5: addNew group-97EAE1A8194B:[e7d9066e-05d1-4d78-941d-b2a7fd2da9b5|rpc:10.1.0.42:15014|admin:10.1.0.42:15013|client:10.1.0.42:15012|dataStream:10.1.0.42:15015|priority:0|startupRole:FOLLOWER, eb412079-c751-4dfd-aec5-5a0bb932822c|rpc:10.1.0.42:15032|admin:10.1.0.42:15031|client:10.1.0.42:15030|dataStream:10.1.0.42:15033|priority:0|startupRole:FOLLOWER, ec94dcc4-e30d-4488-98e5-1700c0a44b75|rpc:10.1.0.42:15023|admin:10.1.0.42:15022|client:10.1.0.42:15021|dataStream:10.1.0.42:15024|priority:1|startupRole:FOLLOWER] returns group-97EAE1A8194B:java.util.concurrent.CompletableFuture@6b5233dd[Not completed]
2023-07-18 19:30:29,969 [e7d9066e-05d1-4d78-941d-b2a7fd2da9b5-groupManagement] INFO  server.RaftServer$Division (RaftServerImpl.java:<init>(198)) - e7d9066e-05d1-4d78-941d-b2a7fd2da9b5: new RaftServerImpl for group-97EAE1A8194B:[e7d9066e-05d1-4d78-941d-b2a7fd2da9b5|rpc:10.1.0.42:15014|admin:10.1.0.42:15013|client:10.1.0.42:15012|dataStream:10.1.0.42:15015|priority:0|startupRole:FOLLOWER, eb412079-c751-4dfd-aec5-5a0bb932822c|rpc:10.1.0.42:15032|admin:10.1.0.42:15031|client:10.1.0.42:15030|dataStream:10.1.0.42:15033|priority:0|startupRole:FOLLOWER, ec94dcc4-e30d-4488-98e5-1700c0a44b75|rpc:10.1.0.42:15023|admin:10.1.0.42:15022|client:10.1.0.42:15021|dataStream:10.1.0.42:15024|priority:1|startupRole:FOLLOWER] with ContainerStateMachine:uninitialized
2023-07-18 19:30:29,969 [e7d9066e-05d1-4d78-941d-b2a7fd2da9b5-groupManagement] INFO  server.RaftServerConfigKeys (ConfUtils.java:logGet(46)) - raft.server.rpc.timeout.min = 5s (custom)
2023-07-18 19:30:29,969 [e7d9066e-05d1-4d78-941d-b2a7fd2da9b5-groupManagement] INFO  server.RaftServerConfigKeys (ConfUtils.java:logGet(46)) - raft.server.rpc.timeout.max = 5200ms (custom)
2023-07-18 19:30:29,969 [e7d9066e-05d1-4d78-941d-b2a7fd2da9b5-groupManagement] INFO  server.RaftServerConfigKeys (ConfUtils.java:logGet(46)) - raft.server.rpc.sleep.time = 25ms (default)
2023-07-18 19:30:29,969 [e7d9066e-05d1-4d78-941d-b2a7fd2da9b5-groupManagement] INFO  server.RaftServerConfigKeys (ConfUtils.java:logGet(46)) - raft.server.rpc.slowness.timeout = 300000ms (custom)
2023-07-18 19:30:29,969 [e7d9066e-05d1-4d78-941d-b2a7fd2da9b5-groupManagement] INFO  server.RaftServerConfigKeys (ConfUtils.java:logGet(46)) - raft.server.leaderelection.leader.step-down.wait-time = 10s (default)
2023-07-18 19:30:29,970 [e7d9066e-05d1-4d78-941d-b2a7fd2da9b5-groupManagement] INFO  server.RaftServerConfigKeys (ConfUtils.java:logGet(46)) - raft.server.sleep.deviation.threshold = 300ms (default)
2023-07-18 19:30:29,970 [e7d9066e-05d1-4d78-941d-b2a7fd2da9b5-groupManagement] INFO  server.RaftServer$Division (ServerState.java:<init>(120)) - e7d9066e-05d1-4d78-941d-b2a7fd2da9b5@group-97EAE1A8194B: ConfigurationManager, init=-1: peers:[e7d9066e-05d1-4d78-941d-b2a7fd2da9b5|rpc:10.1.0.42:15014|admin:10.1.0.42:15013|client:10.1.0.42:15012|dataStream:10.1.0.42:15015|priority:0|startupRole:FOLLOWER, eb412079-c751-4dfd-aec5-5a0bb932822c|rpc:10.1.0.42:15032|admin:10.1.0.42:15031|client:10.1.0.42:15030|dataStream:10.1.0.42:15033|priority:0|startupRole:FOLLOWER, ec94dcc4-e30d-4488-98e5-1700c0a44b75|rpc:10.1.0.42:15023|admin:10.1.0.42:15022|client:10.1.0.42:15021|dataStream:10.1.0.42:15024|priority:1|startupRole:FOLLOWER]|listeners:[], old=null, confs=<EMPTY_MAP>
2023-07-18 19:30:29,970 [e7d9066e-05d1-4d78-941d-b2a7fd2da9b5-groupManagement] INFO  server.RaftServerConfigKeys (ConfUtils.java:logGet(46)) - raft.server.storage.dir = [/home/runner/work/ozone/ozone/hadoop-ozone/integration-test/target/test-dir/MiniOzoneClusterImpl-6b031341-d507-43af-b1f0-ac2f4105ef04/datanode-0/data/ratis] (custom)
2023-07-18 19:30:29,970 [e7d9066e-05d1-4d78-941d-b2a7fd2da9b5-groupManagement] INFO  server.RaftServerConfigKeys (ConfUtils.java:logGet(46)) - raft.server.log.corruption.policy = EXCEPTION (default)
2023-07-18 19:30:29,971 [e7d9066e-05d1-4d78-941d-b2a7fd2da9b5-groupManagement] INFO  server.RaftServerConfigKeys (ConfUtils.java:logGet(46)) - raft.server.storage.free-space.min = 0MB (=0) (default)
2023-07-18 19:30:29,971 [e7d9066e-05d1-4d78-941d-b2a7fd2da9b5-groupManagement] INFO  server.RaftServerConfigKeys (ConfUtils.java:logGet(46)) - raft.server.notification.no-leader.timeout = 300000ms (custom)
2023-07-18 19:30:29,971 [e7d9066e-05d1-4d78-941d-b2a7fd2da9b5-groupManagement] INFO  server.RaftServerConfigKeys (ConfUtils.java:logGet(46)) - raft.server.read.timeout = 10s (default)
2023-07-18 19:30:29,972 [e7d9066e-05d1-4d78-941d-b2a7fd2da9b5-groupManagement] INFO  server.RaftServerConfigKeys (ConfUtils.java:logGet(46)) - raft.server.retrycache.expirytime = 600000ms (custom)
2023-07-18 19:30:29,972 [e7d9066e-05d1-4d78-941d-b2a7fd2da9b5-groupManagement] INFO  server.RaftServerConfigKeys (ConfUtils.java:logGet(46)) - raft.server.retrycache.statistics.expirytime = 100μs (default)
2023-07-18 19:30:29,972 [e7d9066e-05d1-4d78-941d-b2a7fd2da9b5-groupManagement] INFO  server.RaftServerConfigKeys (ConfUtils.java:logGet(46)) - raft.server.read.option = DEFAULT (default)
2023-07-18 19:30:29,974 [e7d9066e-05d1-4d78-941d-b2a7fd2da9b5-groupManagement] INFO  server.RaftServerConfigKeys (ConfUtils.java:logGet(46)) - raft.server.rpc.request.timeout = 3000ms (default)
2023-07-18 19:30:29,974 [e7d9066e-05d1-4d78-941d-b2a7fd2da9b5-groupManagement] INFO  server.RaftServerConfigKeys (ConfUtils.java:logGet(46)) - raft.server.log.appender.install.snapshot.enabled = false (custom)
2023-07-18 19:30:29,974 [e7d9066e-05d1-4d78-941d-b2a7fd2da9b5-groupManagement] INFO  server.RaftServerConfigKeys (ConfUtils.java:logGet(46)) - raft.server.threadpool.server.cached = true (default)
2023-07-18 19:30:29,974 [e7d9066e-05d1-4d78-941d-b2a7fd2da9b5-groupManagement] INFO  server.RaftServerConfigKeys (ConfUtils.java:logGet(46)) - raft.server.threadpool.server.size = 0 (default)
2023-07-18 19:30:29,974 [e7d9066e-05d1-4d78-941d-b2a7fd2da9b5-groupManagement] INFO  server.RaftServerConfigKeys (ConfUtils.java:logGet(46)) - raft.server.threadpool.client.cached = true (default)
2023-07-18 19:30:29,974 [e7d9066e-05d1-4d78-941d-b2a7fd2da9b5-groupManagement] INFO  server.RaftServerConfigKeys (ConfUtils.java:logGet(46)) - raft.server.threadpool.client.size = 0 (default)
2023-07-18 19:30:29,975 [e7d9066e-05d1-4d78-941d-b2a7fd2da9b5-groupManagement] INFO  storage.RaftStorageDirectory (RaftStorageDirectoryImpl.java:analyzeStorage(137)) - The storage directory /home/runner/work/ozone/ozone/hadoop-ozone/integration-test/target/test-dir/MiniOzoneClusterImpl-6b031341-d507-43af-b1f0-ac2f4105ef04/datanode-0/data/ratis/419e2787-58e7-484b-b928-97eae1a8194b does not exist. Creating ...
2023-07-18 19:30:29,981 [e7d9066e-05d1-4d78-941d-b2a7fd2da9b5-groupManagement] INFO  storage.RaftStorageDirectory (RaftStorageDirectoryImpl.java:tryLock(231)) - Lock on /home/runner/work/ozone/ozone/hadoop-ozone/integration-test/target/test-dir/MiniOzoneClusterImpl-6b031341-d507-43af-b1f0-ac2f4105ef04/datanode-0/data/ratis/419e2787-58e7-484b-b928-97eae1a8194b/in_use.lock acquired by nodename 29621@fv-az613-641
2023-07-18 19:30:29,983 [e7d9066e-05d1-4d78-941d-b2a7fd2da9b5-groupManagement] INFO  storage.RaftStorage (RaftStorageImpl.java:format(96)) - Storage directory /home/runner/work/ozone/ozone/hadoop-ozone/integration-test/target/test-dir/MiniOzoneClusterImpl-6b031341-d507-43af-b1f0-ac2f4105ef04/datanode-0/data/ratis/419e2787-58e7-484b-b928-97eae1a8194b has been successfully formatted.
2023-07-18 19:30:29,983 [e7d9066e-05d1-4d78-941d-b2a7fd2da9b5-groupManagement] INFO  ratis.ContainerStateMachine (ContainerStateMachine.java:loadSnapshot(262)) - group-97EAE1A8194B: The snapshot info is null. Setting the last applied indexto:(t:0, i:~)
2023-07-18 19:30:29,987 [e7d9066e-05d1-4d78-941d-b2a7fd2da9b5-groupManagement] INFO  server.RaftServerConfigKeys (ConfUtils.java:logGet(46)) - raft.server.log.use.memory = false (default)
2023-07-18 19:30:29,987 [EventQueue-OpenPipelineForHealthyPipelineSafeModeRule] INFO  safemode.SCMSafeModeManager (HealthyPipelineSafeModeRule.java:process(137)) - SCM in safe mode. Healthy pipelines reported count is 0, required healthy pipeline reported count is 1
2023-07-18 19:30:29,992 [e7d9066e-05d1-4d78-941d-b2a7fd2da9b5-groupManagement] INFO  server.RaftServerConfigKeys (ConfUtils.java:logGet(46)) - raft.server.log.purge.gap = 1000000 (custom)
2023-07-18 19:30:29,993 [e7d9066e-05d1-4d78-941d-b2a7fd2da9b5-groupManagement] INFO  server.RaftServerConfigKeys (ConfUtils.java:logGet(46)) - raft.server.log.appender.buffer.byte-limit = 33554432 (custom)
2023-07-18 19:30:29,993 [e7d9066e-05d1-4d78-941d-b2a7fd2da9b5-groupManagement] INFO  server.RaftServerConfigKeys (ConfUtils.java:logGet(46)) - raft.server.log.statemachine.data.read.timeout = 1000ms (default)
2023-07-18 19:30:29,993 [e7d9066e-05d1-4d78-941d-b2a7fd2da9b5-groupManagement] INFO  server.RaftServerConfigKeys (ConfUtils.java:logGet(46)) - raft.server.log.purge.preservation.log.num = 0 (default)
2023-07-18 19:30:29,993 [e7d9066e-05d1-4d78-941d-b2a7fd2da9b5-groupManagement] INFO  server.RaftServerConfigKeys (ConfUtils.java:logGet(46)) - raft.server.log.segment.size.max = 1048576 (custom)
2023-07-18 19:30:29,994 [e7d9066e-05d1-4d78-941d-b2a7fd2da9b5-groupManagement] INFO  server.RaftServerConfigKeys (ConfUtils.java:logGet(46)) - raft.server.log.segment.cache.num.max = 2 (custom)
2023-07-18 19:30:29,994 [e7d9066e-05d1-4d78-941d-b2a7fd2da9b5-groupManagement] INFO  server.RaftServerConfigKeys (ConfUtils.java:logGet(46)) - raft.server.log.segment.cache.size.max = 200MB (=209715200) (default)
2023-07-18 19:30:29,994 [e7d9066e-05d1-4d78-941d-b2a7fd2da9b5-groupManagement] INFO  server.RaftServerConfigKeys (ConfUtils.java:logGet(46)) - raft.server.log.appender.buffer.byte-limit = 33554432 (custom)
2023-07-18 19:30:29,994 [e7d9066e-05d1-4d78-941d-b2a7fd2da9b5-groupManagement] INFO  segmented.SegmentedRaftLogWorker (SegmentedRaftLogWorker.java:<init>(188)) - new e7d9066e-05d1-4d78-941d-b2a7fd2da9b5@group-97EAE1A8194B-SegmentedRaftLogWorker for RaftStorageImpl:Storage Directory /home/runner/work/ozone/ozone/hadoop-ozone/integration-test/target/test-dir/MiniOzoneClusterImpl-6b031341-d507-43af-b1f0-ac2f4105ef04/datanode-0/data/ratis/419e2787-58e7-484b-b928-97eae1a8194b
2023-07-18 19:30:29,995 [e7d9066e-05d1-4d78-941d-b2a7fd2da9b5-groupManagement] INFO  server.RaftServerConfigKeys (ConfUtils.java:logGet(46)) - raft.server.log.queue.byte-limit = 4294967296 (custom)
2023-07-18 19:30:29,995 [e7d9066e-05d1-4d78-941d-b2a7fd2da9b5-groupManagement] INFO  server.RaftServerConfigKeys (ConfUtils.java:logGet(46)) - raft.server.log.queue.element-limit = 1024 (custom)
2023-07-18 19:30:29,995 [e7d9066e-05d1-4d78-941d-b2a7fd2da9b5-groupManagement] INFO  server.RaftServerConfigKeys (ConfUtils.java:logGet(46)) - raft.server.log.segment.size.max = 1048576 (custom)
2023-07-18 19:30:29,995 [e7d9066e-05d1-4d78-941d-b2a7fd2da9b5-groupManagement] INFO  server.RaftServerConfigKeys (ConfUtils.java:logGet(46)) - raft.server.log.preallocated.size = 16384 (custom)
2023-07-18 19:30:29,995 [e7d9066e-05d1-4d78-941d-b2a7fd2da9b5-groupManagement] INFO  server.RaftServerConfigKeys (ConfUtils.java:logGet(46)) - raft.server.log.force.sync.num = 128 (default)
2023-07-18 19:30:29,995 [e7d9066e-05d1-4d78-941d-b2a7fd2da9b5-groupManagement] INFO  server.RaftServerConfigKeys (ConfUtils.java:logGet(46)) - raft.server.log.statemachine.data.sync = true (default)
2023-07-18 19:30:29,995 [e7d9066e-05d1-4d78-941d-b2a7fd2da9b5-groupManagement] INFO  server.RaftServerConfigKeys (ConfUtils.java:logGet(46)) - raft.server.log.statemachine.data.sync.timeout = 10s (default)
2023-07-18 19:30:29,995 [e7d9066e-05d1-4d78-941d-b2a7fd2da9b5-groupManagement] INFO  server.RaftServerConfigKeys (ConfUtils.java:logGet(46)) - raft.server.log.statemachine.data.sync.timeout.retry = -1 (default)
2023-07-18 19:30:29,997 [e7d9066e-05d1-4d78-941d-b2a7fd2da9b5-groupManagement] INFO  server.RaftServerConfigKeys (ConfUtils.java:logGet(46)) - raft.server.log.write.buffer.size = 1048576 (custom)
2023-07-18 19:30:29,998 [e7d9066e-05d1-4d78-941d-b2a7fd2da9b5-groupManagement] INFO  server.RaftServerConfigKeys (ConfUtils.java:logGet(46)) - raft.server.log.appender.buffer.byte-limit = 33554432 (custom)
2023-07-18 19:30:30,003 [e7d9066e-05d1-4d78-941d-b2a7fd2da9b5-groupManagement] INFO  server.RaftServerConfigKeys (ConfUtils.java:logGet(46)) - raft.server.log.unsafe-flush.enabled = false (default)
2023-07-18 19:30:30,004 [e7d9066e-05d1-4d78-941d-b2a7fd2da9b5-groupManagement] INFO  server.RaftServerConfigKeys (ConfUtils.java:logGet(46)) - raft.server.log.async-flush.enabled = false (default)
2023-07-18 19:30:30,004 [e7d9066e-05d1-4d78-941d-b2a7fd2da9b5-groupManagement] INFO  server.RaftServerConfigKeys (ConfUtils.java:logGet(46)) - raft.server.log.statemachine.data.caching.enabled = true (custom)
2023-07-18 19:30:30,004 [e7d9066e-05d1-4d78-941d-b2a7fd2da9b5-groupManagement] INFO  segmented.SegmentedRaftLogWorker (SegmentedRaftLogWorker.java:lambda$new$0(135)) - e7d9066e-05d1-4d78-941d-b2a7fd2da9b5@group-97EAE1A8194B-SegmentedRaftLogWorker: flushIndex: setUnconditionally 0 -> -1
2023-07-18 19:30:30,005 [e7d9066e-05d1-4d78-941d-b2a7fd2da9b5-groupManagement] INFO  segmented.SegmentedRaftLogWorker (SegmentedRaftLogWorker.java:lambda$new$0(135)) - e7d9066e-05d1-4d78-941d-b2a7fd2da9b5@group-97EAE1A8194B-SegmentedRaftLogWorker: safeCacheEvictIndex: setUnconditionally 0 -> -1
2023-07-18 19:30:30,005 [e7d9066e-05d1-4d78-941d-b2a7fd2da9b5-groupManagement] INFO  server.RaftServer$Division (RaftServerImpl.java:start(342)) - e7d9066e-05d1-4d78-941d-b2a7fd2da9b5@group-97EAE1A8194B: start as a follower, conf=-1: peers:[e7d9066e-05d1-4d78-941d-b2a7fd2da9b5|rpc:10.1.0.42:15014|admin:10.1.0.42:15013|client:10.1.0.42:15012|dataStream:10.1.0.42:15015|priority:0|startupRole:FOLLOWER, eb412079-c751-4dfd-aec5-5a0bb932822c|rpc:10.1.0.42:15032|admin:10.1.0.42:15031|client:10.1.0.42:15030|dataStream:10.1.0.42:15033|priority:0|startupRole:FOLLOWER, ec94dcc4-e30d-4488-98e5-1700c0a44b75|rpc:10.1.0.42:15023|admin:10.1.0.42:15022|client:10.1.0.42:15021|dataStream:10.1.0.42:15024|priority:1|startupRole:FOLLOWER]|listeners:[], old=null
2023-07-18 19:30:30,005 [e7d9066e-05d1-4d78-941d-b2a7fd2da9b5-groupManagement] INFO  server.RaftServer$Division (RaftServerImpl.java:setRole(329)) - e7d9066e-05d1-4d78-941d-b2a7fd2da9b5@group-97EAE1A8194B: changes role from      null to FOLLOWER at term 0 for startAsFollower
2023-07-18 19:30:30,005 [e7d9066e-05d1-4d78-941d-b2a7fd2da9b5-groupManagement] INFO  impl.RoleInfo (RoleInfo.java:updateAndGet(139)) - e7d9066e-05d1-4d78-941d-b2a7fd2da9b5: start e7d9066e-05d1-4d78-941d-b2a7fd2da9b5@group-97EAE1A8194B-FollowerState
2023-07-18 19:30:30,006 [e7d9066e-05d1-4d78-941d-b2a7fd2da9b5@group-97EAE1A8194B-FollowerState] INFO  server.RaftServerConfigKeys (ConfUtils.java:logFallback(53)) - raft.server.rpc.first-election.timeout.min = 5s (fallback to raft.server.rpc.timeout.min)
2023-07-18 19:30:30,006 [e7d9066e-05d1-4d78-941d-b2a7fd2da9b5-groupManagement] INFO  util.JmxRegister (JmxRegister.java:tryRegister(44)) - Successfully registered JMX Bean with object name Ratis:service=RaftServer,group=group-97EAE1A8194B,id=e7d9066e-05d1-4d78-941d-b2a7fd2da9b5
2023-07-18 19:30:30,007 [e7d9066e-05d1-4d78-941d-b2a7fd2da9b5-groupManagement] INFO  server.RaftServerConfigKeys (ConfUtils.java:logGet(46)) - raft.server.snapshot.auto.trigger.enabled = true (custom)
2023-07-18 19:30:30,007 [e7d9066e-05d1-4d78-941d-b2a7fd2da9b5-groupManagement] INFO  server.RaftServerConfigKeys (ConfUtils.java:logGet(46)) - raft.server.snapshot.auto.trigger.threshold = 10000 (custom)
2023-07-18 19:30:30,007 [e7d9066e-05d1-4d78-941d-b2a7fd2da9b5-groupManagement] INFO  server.RaftServerConfigKeys (ConfUtils.java:logGet(46)) - raft.server.snapshot.retention.file.num = 5 (custom)
2023-07-18 19:30:30,007 [e7d9066e-05d1-4d78-941d-b2a7fd2da9b5-groupManagement] INFO  server.RaftServerConfigKeys (ConfUtils.java:logGet(46)) - raft.server.log.purge.upto.snapshot.index = false (default)
2023-07-18 19:30:30,007 [e7d9066e-05d1-4d78-941d-b2a7fd2da9b5@group-97EAE1A8194B-FollowerState] INFO  server.RaftServerConfigKeys (ConfUtils.java:logFallback(53)) - raft.server.rpc.first-election.timeout.max = 5200ms (fallback to raft.server.rpc.timeout.max)
2023-07-18 19:30:30,009 [PipelineCommandHandlerThread-0] INFO  ratis.XceiverServerRatis (XceiverServerRatis.java:addGroup(804)) - Created group PipelineID=419e2787-58e7-484b-b928-97eae1a8194b
2023-07-18 19:30:30,464 [PipelineCommandHandlerThread-0] INFO  server.RaftServer (RaftServerProxy.java:addNew(98)) - ec94dcc4-e30d-4488-98e5-1700c0a44b75: addNew group-D9FE864BCBFD:[ec94dcc4-e30d-4488-98e5-1700c0a44b75|rpc:10.1.0.42:15023|admin:10.1.0.42:15022|client:10.1.0.42:15021|dataStream:10.1.0.42:15024|priority:1|startupRole:FOLLOWER] returns group-D9FE864BCBFD:java.util.concurrent.CompletableFuture@19a9b83f[Not completed]
2023-07-18 19:30:30,470 [ec94dcc4-e30d-4488-98e5-1700c0a44b75-groupManagement] INFO  server.RaftServer$Division (RaftServerImpl.java:<init>(198)) - ec94dcc4-e30d-4488-98e5-1700c0a44b75: new RaftServerImpl for group-D9FE864BCBFD:[ec94dcc4-e30d-4488-98e5-1700c0a44b75|rpc:10.1.0.42:15023|admin:10.1.0.42:15022|client:10.1.0.42:15021|dataStream:10.1.0.42:15024|priority:1|startupRole:FOLLOWER] with ContainerStateMachine:uninitialized
2023-07-18 19:30:30,471 [ec94dcc4-e30d-4488-98e5-1700c0a44b75-groupManagement] INFO  server.RaftServerConfigKeys (ConfUtils.java:logGet(46)) - raft.server.rpc.timeout.min = 5s (custom)
2023-07-18 19:30:30,471 [ec94dcc4-e30d-4488-98e5-1700c0a44b75-groupManagement] INFO  server.RaftServerConfigKeys (ConfUtils.java:logGet(46)) - raft.server.rpc.timeout.max = 5200ms (custom)
2023-07-18 19:30:30,471 [ec94dcc4-e30d-4488-98e5-1700c0a44b75-groupManagement] INFO  server.RaftServerConfigKeys (ConfUtils.java:logGet(46)) - raft.server.rpc.sleep.time = 25ms (default)
2023-07-18 19:30:30,471 [ec94dcc4-e30d-4488-98e5-1700c0a44b75-groupManagement] INFO  server.RaftServerConfigKeys (ConfUtils.java:logGet(46)) - raft.server.rpc.slowness.timeout = 300000ms (custom)
2023-07-18 19:30:30,471 [ec94dcc4-e30d-4488-98e5-1700c0a44b75-groupManagement] INFO  server.RaftServerConfigKeys (ConfUtils.java:logGet(46)) - raft.server.leaderelection.leader.step-down.wait-time = 10s (default)
2023-07-18 19:30:30,471 [ec94dcc4-e30d-4488-98e5-1700c0a44b75-groupManagement] INFO  server.RaftServerConfigKeys (ConfUtils.java:logGet(46)) - raft.server.sleep.deviation.threshold = 300ms (default)
2023-07-18 19:30:30,471 [ec94dcc4-e30d-4488-98e5-1700c0a44b75-groupManagement] INFO  server.RaftServer$Division (ServerState.java:<init>(120)) - ec94dcc4-e30d-4488-98e5-1700c0a44b75@group-D9FE864BCBFD: ConfigurationManager, init=-1: peers:[ec94dcc4-e30d-4488-98e5-1700c0a44b75|rpc:10.1.0.42:15023|admin:10.1.0.42:15022|client:10.1.0.42:15021|dataStream:10.1.0.42:15024|priority:1|startupRole:FOLLOWER]|listeners:[], old=null, confs=<EMPTY_MAP>
2023-07-18 19:30:30,471 [ec94dcc4-e30d-4488-98e5-1700c0a44b75-groupManagement] INFO  server.RaftServerConfigKeys (ConfUtils.java:logGet(46)) - raft.server.storage.dir = [/home/runner/work/ozone/ozone/hadoop-ozone/integration-test/target/test-dir/MiniOzoneClusterImpl-6b031341-d507-43af-b1f0-ac2f4105ef04/datanode-1/data/ratis] (custom)
2023-07-18 19:30:30,473 [grpc-default-executor-0] INFO  server.RaftServer (RaftServerProxy.java:addNew(98)) - eb412079-c751-4dfd-aec5-5a0bb932822c: addNew group-97EAE1A8194B:[e7d9066e-05d1-4d78-941d-b2a7fd2da9b5|rpc:10.1.0.42:15014|admin:10.1.0.42:15013|client:10.1.0.42:15012|dataStream:10.1.0.42:15015|priority:0|startupRole:FOLLOWER, eb412079-c751-4dfd-aec5-5a0bb932822c|rpc:10.1.0.42:15032|admin:10.1.0.42:15031|client:10.1.0.42:15030|dataStream:10.1.0.42:15033|priority:0|startupRole:FOLLOWER, ec94dcc4-e30d-4488-98e5-1700c0a44b75|rpc:10.1.0.42:15023|admin:10.1.0.42:15022|client:10.1.0.42:15021|dataStream:10.1.0.42:15024|priority:1|startupRole:FOLLOWER] returns group-97EAE1A8194B:java.util.concurrent.CompletableFuture@60486fcd[Not completed]
2023-07-18 19:30:30,474 [ec94dcc4-e30d-4488-98e5-1700c0a44b75-groupManagement] INFO  server.RaftServerConfigKeys (ConfUtils.java:logGet(46)) - raft.server.log.corruption.policy = EXCEPTION (default)
2023-07-18 19:30:30,474 [ec94dcc4-e30d-4488-98e5-1700c0a44b75-groupManagement] INFO  server.RaftServerConfigKeys (ConfUtils.java:logGet(46)) - raft.server.storage.free-space.min = 0MB (=0) (default)
2023-07-18 19:30:30,474 [ec94dcc4-e30d-4488-98e5-1700c0a44b75-groupManagement] INFO  server.RaftServerConfigKeys (ConfUtils.java:logGet(46)) - raft.server.notification.no-leader.timeout = 300000ms (custom)
2023-07-18 19:30:30,474 [ec94dcc4-e30d-4488-98e5-1700c0a44b75-groupManagement] INFO  server.RaftServerConfigKeys (ConfUtils.java:logGet(46)) - raft.server.read.timeout = 10s (default)
2023-07-18 19:30:30,474 [ec94dcc4-e30d-4488-98e5-1700c0a44b75-groupManagement] INFO  server.RaftServerConfigKeys (ConfUtils.java:logGet(46)) - raft.server.retrycache.expirytime = 600000ms (custom)
2023-07-18 19:30:30,474 [ec94dcc4-e30d-4488-98e5-1700c0a44b75-groupManagement] INFO  server.RaftServerConfigKeys (ConfUtils.java:logGet(46)) - raft.server.retrycache.statistics.expirytime = 100μs (default)
2023-07-18 19:30:30,475 [ec94dcc4-e30d-4488-98e5-1700c0a44b75-groupManagement] INFO  server.RaftServerConfigKeys (ConfUtils.java:logGet(46)) - raft.server.read.option = DEFAULT (default)
2023-07-18 19:30:30,478 [ec94dcc4-e30d-4488-98e5-1700c0a44b75-groupManagement] INFO  server.RaftServerConfigKeys (ConfUtils.java:logGet(46)) - raft.server.rpc.request.timeout = 3000ms (default)
2023-07-18 19:30:30,478 [ec94dcc4-e30d-4488-98e5-1700c0a44b75-groupManagement] INFO  server.RaftServerConfigKeys (ConfUtils.java:logGet(46)) - raft.server.log.appender.install.snapshot.enabled = false (custom)
2023-07-18 19:30:30,478 [ec94dcc4-e30d-4488-98e5-1700c0a44b75-groupManagement] INFO  server.RaftServerConfigKeys (ConfUtils.java:logGet(46)) - raft.server.threadpool.server.cached = true (default)
2023-07-18 19:30:30,478 [ec94dcc4-e30d-4488-98e5-1700c0a44b75-groupManagement] INFO  server.RaftServerConfigKeys (ConfUtils.java:logGet(46)) - raft.server.threadpool.server.size = 0 (default)
2023-07-18 19:30:30,478 [ec94dcc4-e30d-4488-98e5-1700c0a44b75-groupManagement] INFO  server.RaftServerConfigKeys (ConfUtils.java:logGet(46)) - raft.server.threadpool.client.cached = true (default)
2023-07-18 19:30:30,478 [ec94dcc4-e30d-4488-98e5-1700c0a44b75-groupManagement] INFO  server.RaftServerConfigKeys (ConfUtils.java:logGet(46)) - raft.server.threadpool.client.size = 0 (default)
2023-07-18 19:30:30,478 [ec94dcc4-e30d-4488-98e5-1700c0a44b75-groupManagement] INFO  storage.RaftStorageDirectory (RaftStorageDirectoryImpl.java:analyzeStorage(137)) - The storage directory /home/runner/work/ozone/ozone/hadoop-ozone/integration-test/target/test-dir/MiniOzoneClusterImpl-6b031341-d507-43af-b1f0-ac2f4105ef04/datanode-1/data/ratis/00e8a0df-9d59-4b06-b679-d9fe864bcbfd does not exist. Creating ...
2023-07-18 19:30:30,480 [eb412079-c751-4dfd-aec5-5a0bb932822c-groupManagement] INFO  server.RaftServer$Division (RaftServerImpl.java:<init>(198)) - eb412079-c751-4dfd-aec5-5a0bb932822c: new RaftServerImpl for group-97EAE1A8194B:[e7d9066e-05d1-4d78-941d-b2a7fd2da9b5|rpc:10.1.0.42:15014|admin:10.1.0.42:15013|client:10.1.0.42:15012|dataStream:10.1.0.42:15015|priority:0|startupRole:FOLLOWER, eb412079-c751-4dfd-aec5-5a0bb932822c|rpc:10.1.0.42:15032|admin:10.1.0.42:15031|client:10.1.0.42:15030|dataStream:10.1.0.42:15033|priority:0|startupRole:FOLLOWER, ec94dcc4-e30d-4488-98e5-1700c0a44b75|rpc:10.1.0.42:15023|admin:10.1.0.42:15022|client:10.1.0.42:15021|dataStream:10.1.0.42:15024|priority:1|startupRole:FOLLOWER] with ContainerStateMachine:uninitialized
2023-07-18 19:30:30,481 [eb412079-c751-4dfd-aec5-5a0bb932822c-groupManagement] INFO  server.RaftServerConfigKeys (ConfUtils.java:logGet(46)) - raft.server.rpc.timeout.min = 5s (custom)
2023-07-18 19:30:30,481 [eb412079-c751-4dfd-aec5-5a0bb932822c-groupManagement] INFO  server.RaftServerConfigKeys (ConfUtils.java:logGet(46)) - raft.server.rpc.timeout.max = 5200ms (custom)
2023-07-18 19:30:30,482 [eb412079-c751-4dfd-aec5-5a0bb932822c-groupManagement] INFO  server.RaftServerConfigKeys (ConfUtils.java:logGet(46)) - raft.server.rpc.sleep.time = 25ms (default)
2023-07-18 19:30:30,482 [eb412079-c751-4dfd-aec5-5a0bb932822c-groupManagement] INFO  server.RaftServerConfigKeys (ConfUtils.java:logGet(46)) - raft.server.rpc.slowness.timeout = 300000ms (custom)
2023-07-18 19:30:30,482 [eb412079-c751-4dfd-aec5-5a0bb932822c-groupManagement] INFO  server.RaftServerConfigKeys (ConfUtils.java:logGet(46)) - raft.server.leaderelection.leader.step-down.wait-time = 10s (default)
2023-07-18 19:30:30,482 [eb412079-c751-4dfd-aec5-5a0bb932822c-groupManagement] INFO  server.RaftServerConfigKeys (ConfUtils.java:logGet(46)) - raft.server.sleep.deviation.threshold = 300ms (default)
2023-07-18 19:30:30,482 [eb412079-c751-4dfd-aec5-5a0bb932822c-groupManagement] INFO  server.RaftServer$Division (ServerState.java:<init>(120)) - eb412079-c751-4dfd-aec5-5a0bb932822c@group-97EAE1A8194B: ConfigurationManager, init=-1: peers:[e7d9066e-05d1-4d78-941d-b2a7fd2da9b5|rpc:10.1.0.42:15014|admin:10.1.0.42:15013|client:10.1.0.42:15012|dataStream:10.1.0.42:15015|priority:0|startupRole:FOLLOWER, eb412079-c751-4dfd-aec5-5a0bb932822c|rpc:10.1.0.42:15032|admin:10.1.0.42:15031|client:10.1.0.42:15030|dataStream:10.1.0.42:15033|priority:0|startupRole:FOLLOWER, ec94dcc4-e30d-4488-98e5-1700c0a44b75|rpc:10.1.0.42:15023|admin:10.1.0.42:15022|client:10.1.0.42:15021|dataStream:10.1.0.42:15024|priority:1|startupRole:FOLLOWER]|listeners:[], old=null, confs=<EMPTY_MAP>
2023-07-18 19:30:30,482 [eb412079-c751-4dfd-aec5-5a0bb932822c-groupManagement] INFO  server.RaftServerConfigKeys (ConfUtils.java:logGet(46)) - raft.server.storage.dir = [/home/runner/work/ozone/ozone/hadoop-ozone/integration-test/target/test-dir/MiniOzoneClusterImpl-6b031341-d507-43af-b1f0-ac2f4105ef04/datanode-2/data/ratis] (custom)
2023-07-18 19:30:30,483 [eb412079-c751-4dfd-aec5-5a0bb932822c-groupManagement] INFO  server.RaftServerConfigKeys (ConfUtils.java:logGet(46)) - raft.server.log.corruption.policy = EXCEPTION (default)
2023-07-18 19:30:30,483 [eb412079-c751-4dfd-aec5-5a0bb932822c-groupManagement] INFO  server.RaftServerConfigKeys (ConfUtils.java:logGet(46)) - raft.server.storage.free-space.min = 0MB (=0) (default)
2023-07-18 19:30:30,484 [eb412079-c751-4dfd-aec5-5a0bb932822c-groupManagement] INFO  server.RaftServerConfigKeys (ConfUtils.java:logGet(46)) - raft.server.notification.no-leader.timeout = 300000ms (custom)
2023-07-18 19:30:30,485 [eb412079-c751-4dfd-aec5-5a0bb932822c-groupManagement] INFO  server.RaftServerConfigKeys (ConfUtils.java:logGet(46)) - raft.server.read.timeout = 10s (default)
2023-07-18 19:30:30,485 [eb412079-c751-4dfd-aec5-5a0bb932822c-groupManagement] INFO  server.RaftServerConfigKeys (ConfUtils.java:logGet(46)) - raft.server.retrycache.expirytime = 600000ms (custom)
2023-07-18 19:30:30,485 [eb412079-c751-4dfd-aec5-5a0bb932822c-groupManagement] INFO  server.RaftServerConfigKeys (ConfUtils.java:logGet(46)) - raft.server.retrycache.statistics.expirytime = 100μs (default)
2023-07-18 19:30:30,486 [ec94dcc4-e30d-4488-98e5-1700c0a44b75-groupManagement] INFO  storage.RaftStorageDirectory (RaftStorageDirectoryImpl.java:tryLock(231)) - Lock on /home/runner/work/ozone/ozone/hadoop-ozone/integration-test/target/test-dir/MiniOzoneClusterImpl-6b031341-d507-43af-b1f0-ac2f4105ef04/datanode-1/data/ratis/00e8a0df-9d59-4b06-b679-d9fe864bcbfd/in_use.lock acquired by nodename 29621@fv-az613-641
2023-07-18 19:30:30,489 [eb412079-c751-4dfd-aec5-5a0bb932822c-groupManagement] INFO  server.RaftServerConfigKeys (ConfUtils.java:logGet(46)) - raft.server.read.option = DEFAULT (default)
2023-07-18 19:30:30,490 [ec94dcc4-e30d-4488-98e5-1700c0a44b75-groupManagement] INFO  storage.RaftStorage (RaftStorageImpl.java:format(96)) - Storage directory /home/runner/work/ozone/ozone/hadoop-ozone/integration-test/target/test-dir/MiniOzoneClusterImpl-6b031341-d507-43af-b1f0-ac2f4105ef04/datanode-1/data/ratis/00e8a0df-9d59-4b06-b679-d9fe864bcbfd has been successfully formatted.
2023-07-18 19:30:30,498 [ec94dcc4-e30d-4488-98e5-1700c0a44b75-groupManagement] INFO  ratis.ContainerStateMachine (ContainerStateMachine.java:loadSnapshot(262)) - group-D9FE864BCBFD: The snapshot info is null. Setting the last applied indexto:(t:0, i:~)
2023-07-18 19:30:30,499 [ec94dcc4-e30d-4488-98e5-1700c0a44b75-groupManagement] INFO  server.RaftServerConfigKeys (ConfUtils.java:logGet(46)) - raft.server.log.use.memory = false (default)
2023-07-18 19:30:30,499 [ec94dcc4-e30d-4488-98e5-1700c0a44b75-groupManagement] INFO  server.RaftServerConfigKeys (ConfUtils.java:logGet(46)) - raft.server.log.purge.gap = 1000000 (custom)
2023-07-18 19:30:30,501 [EventQueue-PipelineReportForPipelineReportHandler] INFO  pipeline.PipelineReportHandler (PipelineReportHandler.java:processPipelineReport(136)) - Opened pipeline PipelineID=00e8a0df-9d59-4b06-b679-d9fe864bcbfd
2023-07-18 19:30:30,501 [EventQueue-OpenPipelineForHealthyPipelineSafeModeRule] INFO  safemode.SCMSafeModeManager (HealthyPipelineSafeModeRule.java:process(137)) - SCM in safe mode. Healthy pipelines reported count is 0, required healthy pipeline reported count is 1
2023-07-18 19:30:30,504 [ec94dcc4-e30d-4488-98e5-1700c0a44b75-groupManagement] INFO  server.RaftServerConfigKeys (ConfUtils.java:logGet(46)) - raft.server.log.appender.buffer.byte-limit = 33554432 (custom)
2023-07-18 19:30:30,504 [ec94dcc4-e30d-4488-98e5-1700c0a44b75-groupManagement] INFO  server.RaftServerConfigKeys (ConfUtils.java:logGet(46)) - raft.server.log.statemachine.data.read.timeout = 1000ms (default)
2023-07-18 19:30:30,504 [ec94dcc4-e30d-4488-98e5-1700c0a44b75-groupManagement] INFO  server.RaftServerConfigKeys (ConfUtils.java:logGet(46)) - raft.server.log.purge.preservation.log.num = 0 (default)
2023-07-18 19:30:30,505 [eb412079-c751-4dfd-aec5-5a0bb932822c-groupManagement] INFO  server.RaftServerConfigKeys (ConfUtils.java:logGet(46)) - raft.server.rpc.request.timeout = 3000ms (default)
2023-07-18 19:30:30,505 [eb412079-c751-4dfd-aec5-5a0bb932822c-groupManagement] INFO  server.RaftServerConfigKeys (ConfUtils.java:logGet(46)) - raft.server.log.appender.install.snapshot.enabled = false (custom)
2023-07-18 19:30:30,505 [eb412079-c751-4dfd-aec5-5a0bb932822c-groupManagement] INFO  server.RaftServerConfigKeys (ConfUtils.java:logGet(46)) - raft.server.threadpool.server.cached = true (default)
2023-07-18 19:30:30,505 [eb412079-c751-4dfd-aec5-5a0bb932822c-groupManagement] INFO  server.RaftServerConfigKeys (ConfUtils.java:logGet(46)) - raft.server.threadpool.server.size = 0 (default)
2023-07-18 19:30:30,505 [eb412079-c751-4dfd-aec5-5a0bb932822c-groupManagement] INFO  server.RaftServerConfigKeys (ConfUtils.java:logGet(46)) - raft.server.threadpool.client.cached = true (default)
2023-07-18 19:30:30,505 [ec94dcc4-e30d-4488-98e5-1700c0a44b75-groupManagement] INFO  server.RaftServerConfigKeys (ConfUtils.java:logGet(46)) - raft.server.log.segment.size.max = 1048576 (custom)
2023-07-18 19:30:30,506 [ec94dcc4-e30d-4488-98e5-1700c0a44b75-groupManagement] INFO  server.RaftServerConfigKeys (ConfUtils.java:logGet(46)) - raft.server.log.segment.cache.num.max = 2 (custom)
2023-07-18 19:30:30,506 [ec94dcc4-e30d-4488-98e5-1700c0a44b75-groupManagement] INFO  server.RaftServerConfigKeys (ConfUtils.java:logGet(46)) - raft.server.log.segment.cache.size.max = 200MB (=209715200) (default)
2023-07-18 19:30:30,506 [ec94dcc4-e30d-4488-98e5-1700c0a44b75-groupManagement] INFO  server.RaftServerConfigKeys (ConfUtils.java:logGet(46)) - raft.server.log.appender.buffer.byte-limit = 33554432 (custom)
2023-07-18 19:30:30,507 [ec94dcc4-e30d-4488-98e5-1700c0a44b75-groupManagement] INFO  segmented.SegmentedRaftLogWorker (SegmentedRaftLogWorker.java:<init>(188)) - new ec94dcc4-e30d-4488-98e5-1700c0a44b75@group-D9FE864BCBFD-SegmentedRaftLogWorker for RaftStorageImpl:Storage Directory /home/runner/work/ozone/ozone/hadoop-ozone/integration-test/target/test-dir/MiniOzoneClusterImpl-6b031341-d507-43af-b1f0-ac2f4105ef04/datanode-1/data/ratis/00e8a0df-9d59-4b06-b679-d9fe864bcbfd
2023-07-18 19:30:30,507 [ec94dcc4-e30d-4488-98e5-1700c0a44b75-groupManagement] INFO  server.RaftServerConfigKeys (ConfUtils.java:logGet(46)) - raft.server.log.queue.byte-limit = 4294967296 (custom)
2023-07-18 19:30:30,507 [ec94dcc4-e30d-4488-98e5-1700c0a44b75-groupManagement] INFO  server.RaftServerConfigKeys (ConfUtils.java:logGet(46)) - raft.server.log.queue.element-limit = 1024 (custom)
2023-07-18 19:30:30,507 [ec94dcc4-e30d-4488-98e5-1700c0a44b75-groupManagement] INFO  server.RaftServerConfigKeys (ConfUtils.java:logGet(46)) - raft.server.log.segment.size.max = 1048576 (custom)
2023-07-18 19:30:30,507 [ec94dcc4-e30d-4488-98e5-1700c0a44b75-groupManagement] INFO  server.RaftServerConfigKeys (ConfUtils.java:logGet(46)) - raft.server.log.preallocated.size = 16384 (custom)
2023-07-18 19:30:30,507 [ec94dcc4-e30d-4488-98e5-1700c0a44b75-groupManagement] INFO  server.RaftServerConfigKeys (ConfUtils.java:logGet(46)) - raft.server.log.force.sync.num = 128 (default)
2023-07-18 19:30:30,507 [ec94dcc4-e30d-4488-98e5-1700c0a44b75-groupManagement] INFO  server.RaftServerConfigKeys (ConfUtils.java:logGet(46)) - raft.server.log.statemachine.data.sync = true (default)
2023-07-18 19:30:30,507 [ec94dcc4-e30d-4488-98e5-1700c0a44b75-groupManagement] INFO  server.RaftServerConfigKeys (ConfUtils.java:logGet(46)) - raft.server.log.statemachine.data.sync.timeout = 10s (default)
2023-07-18 19:30:30,507 [ec94dcc4-e30d-4488-98e5-1700c0a44b75-groupManagement] INFO  server.RaftServerConfigKeys (ConfUtils.java:logGet(46)) - raft.server.log.statemachine.data.sync.timeout.retry = -1 (default)
2023-07-18 19:30:30,506 [eb412079-c751-4dfd-aec5-5a0bb932822c-groupManagement] INFO  server.RaftServerConfigKeys (ConfUtils.java:logGet(46)) - raft.server.threadpool.client.size = 0 (default)
2023-07-18 19:30:30,509 [eb412079-c751-4dfd-aec5-5a0bb932822c-groupManagement] INFO  storage.RaftStorageDirectory (RaftStorageDirectoryImpl.java:analyzeStorage(137)) - The storage directory /home/runner/work/ozone/ozone/hadoop-ozone/integration-test/target/test-dir/MiniOzoneClusterImpl-6b031341-d507-43af-b1f0-ac2f4105ef04/datanode-2/data/ratis/419e2787-58e7-484b-b928-97eae1a8194b does not exist. Creating ...
2023-07-18 19:30:30,510 [ec94dcc4-e30d-4488-98e5-1700c0a44b75-groupManagement] INFO  server.RaftServerConfigKeys (ConfUtils.java:logGet(46)) - raft.server.log.write.buffer.size = 1048576 (custom)
2023-07-18 19:30:30,510 [eb412079-c751-4dfd-aec5-5a0bb932822c-groupManagement] INFO  storage.RaftStorageDirectory (RaftStorageDirectoryImpl.java:tryLock(231)) - Lock on /home/runner/work/ozone/ozone/hadoop-ozone/integration-test/target/test-dir/MiniOzoneClusterImpl-6b031341-d507-43af-b1f0-ac2f4105ef04/datanode-2/data/ratis/419e2787-58e7-484b-b928-97eae1a8194b/in_use.lock acquired by nodename 29621@fv-az613-641
2023-07-18 19:30:30,511 [ec94dcc4-e30d-4488-98e5-1700c0a44b75-groupManagement] INFO  server.RaftServerConfigKeys (ConfUtils.java:logGet(46)) - raft.server.log.appender.buffer.byte-limit = 33554432 (custom)
2023-07-18 19:30:30,512 [eb412079-c751-4dfd-aec5-5a0bb932822c-groupManagement] INFO  storage.RaftStorage (RaftStorageImpl.java:format(96)) - Storage directory /home/runner/work/ozone/ozone/hadoop-ozone/integration-test/target/test-dir/MiniOzoneClusterImpl-6b031341-d507-43af-b1f0-ac2f4105ef04/datanode-2/data/ratis/419e2787-58e7-484b-b928-97eae1a8194b has been successfully formatted.
2023-07-18 19:30:30,518 [ec94dcc4-e30d-4488-98e5-1700c0a44b75-groupManagement] INFO  server.RaftServerConfigKeys (ConfUtils.java:logGet(46)) - raft.server.log.unsafe-flush.enabled = false (default)
2023-07-18 19:30:30,518 [eb412079-c751-4dfd-aec5-5a0bb932822c-groupManagement] INFO  ratis.ContainerStateMachine (ContainerStateMachine.java:loadSnapshot(262)) - group-97EAE1A8194B: The snapshot info is null. Setting the last applied indexto:(t:0, i:~)
2023-07-18 19:30:30,519 [eb412079-c751-4dfd-aec5-5a0bb932822c-groupManagement] INFO  server.RaftServerConfigKeys (ConfUtils.java:logGet(46)) - raft.server.log.use.memory = false (default)
2023-07-18 19:30:30,519 [eb412079-c751-4dfd-aec5-5a0bb932822c-groupManagement] INFO  server.RaftServerConfigKeys (ConfUtils.java:logGet(46)) - raft.server.log.purge.gap = 1000000 (custom)
2023-07-18 19:30:30,519 [eb412079-c751-4dfd-aec5-5a0bb932822c-groupManagement] INFO  server.RaftServerConfigKeys (ConfUtils.java:logGet(46)) - raft.server.log.appender.buffer.byte-limit = 33554432 (custom)
2023-07-18 19:30:30,519 [eb412079-c751-4dfd-aec5-5a0bb932822c-groupManagement] INFO  server.RaftServerConfigKeys (ConfUtils.java:logGet(46)) - raft.server.log.statemachine.data.read.timeout = 1000ms (default)
2023-07-18 19:30:30,519 [eb412079-c751-4dfd-aec5-5a0bb932822c-groupManagement] INFO  server.RaftServerConfigKeys (ConfUtils.java:logGet(46)) - raft.server.log.purge.preservation.log.num = 0 (default)
2023-07-18 19:30:30,520 [eb412079-c751-4dfd-aec5-5a0bb932822c-groupManagement] INFO  server.RaftServerConfigKeys (ConfUtils.java:logGet(46)) - raft.server.log.segment.size.max = 1048576 (custom)
2023-07-18 19:30:30,520 [eb412079-c751-4dfd-aec5-5a0bb932822c-groupManagement] INFO  server.RaftServerConfigKeys (ConfUtils.java:logGet(46)) - raft.server.log.segment.cache.num.max = 2 (custom)
2023-07-18 19:30:30,520 [eb412079-c751-4dfd-aec5-5a0bb932822c-groupManagement] INFO  server.RaftServerConfigKeys (ConfUtils.java:logGet(46)) - raft.server.log.segment.cache.size.max = 200MB (=209715200) (default)
2023-07-18 19:30:30,521 [eb412079-c751-4dfd-aec5-5a0bb932822c-groupManagement] INFO  server.RaftServerConfigKeys (ConfUtils.java:logGet(46)) - raft.server.log.appender.buffer.byte-limit = 33554432 (custom)
2023-07-18 19:30:30,521 [eb412079-c751-4dfd-aec5-5a0bb932822c-groupManagement] INFO  segmented.SegmentedRaftLogWorker (SegmentedRaftLogWorker.java:<init>(188)) - new eb412079-c751-4dfd-aec5-5a0bb932822c@group-97EAE1A8194B-SegmentedRaftLogWorker for RaftStorageImpl:Storage Directory /home/runner/work/ozone/ozone/hadoop-ozone/integration-test/target/test-dir/MiniOzoneClusterImpl-6b031341-d507-43af-b1f0-ac2f4105ef04/datanode-2/data/ratis/419e2787-58e7-484b-b928-97eae1a8194b
2023-07-18 19:30:30,521 [eb412079-c751-4dfd-aec5-5a0bb932822c-groupManagement] INFO  server.RaftServerConfigKeys (ConfUtils.java:logGet(46)) - raft.server.log.queue.byte-limit = 4294967296 (custom)
2023-07-18 19:30:30,521 [eb412079-c751-4dfd-aec5-5a0bb932822c-groupManagement] INFO  server.RaftServerConfigKeys (ConfUtils.java:logGet(46)) - raft.server.log.queue.element-limit = 1024 (custom)
2023-07-18 19:30:30,521 [eb412079-c751-4dfd-aec5-5a0bb932822c-groupManagement] INFO  server.RaftServerConfigKeys (ConfUtils.java:logGet(46)) - raft.server.log.segment.size.max = 1048576 (custom)
2023-07-18 19:30:30,521 [eb412079-c751-4dfd-aec5-5a0bb932822c-groupManagement] INFO  server.RaftServerConfigKeys (ConfUtils.java:logGet(46)) - raft.server.log.preallocated.size = 16384 (custom)
2023-07-18 19:30:30,521 [eb412079-c751-4dfd-aec5-5a0bb932822c-groupManagement] INFO  server.RaftServerConfigKeys (ConfUtils.java:logGet(46)) - raft.server.log.force.sync.num = 128 (default)
2023-07-18 19:30:30,521 [eb412079-c751-4dfd-aec5-5a0bb932822c-groupManagement] INFO  server.RaftServerConfigKeys (ConfUtils.java:logGet(46)) - raft.server.log.statemachine.data.sync = true (default)
2023-07-18 19:30:30,521 [eb412079-c751-4dfd-aec5-5a0bb932822c-groupManagement] INFO  server.RaftServerConfigKeys (ConfUtils.java:logGet(46)) - raft.server.log.statemachine.data.sync.timeout = 10s (default)
2023-07-18 19:30:30,521 [eb412079-c751-4dfd-aec5-5a0bb932822c-groupManagement] INFO  server.RaftServerConfigKeys (ConfUtils.java:logGet(46)) - raft.server.log.statemachine.data.sync.timeout.retry = -1 (default)
2023-07-18 19:30:30,523 [eb412079-c751-4dfd-aec5-5a0bb932822c-groupManagement] INFO  server.RaftServerConfigKeys (ConfUtils.java:logGet(46)) - raft.server.log.write.buffer.size = 1048576 (custom)
2023-07-18 19:30:30,523 [eb412079-c751-4dfd-aec5-5a0bb932822c-groupManagement] INFO  server.RaftServerConfigKeys (ConfUtils.java:logGet(46)) - raft.server.log.appender.buffer.byte-limit = 33554432 (custom)
2023-07-18 19:30:30,533 [eb412079-c751-4dfd-aec5-5a0bb932822c-groupManagement] INFO  server.RaftServerConfigKeys (ConfUtils.java:logGet(46)) - raft.server.log.unsafe-flush.enabled = false (default)
2023-07-18 19:30:30,538 [ec94dcc4-e30d-4488-98e5-1700c0a44b75-groupManagement] INFO  server.RaftServerConfigKeys (ConfUtils.java:logGet(46)) - raft.server.log.async-flush.enabled = false (default)
2023-07-18 19:30:30,543 [eb412079-c751-4dfd-aec5-5a0bb932822c-groupManagement] INFO  server.RaftServerConfigKeys (ConfUtils.java:logGet(46)) - raft.server.log.async-flush.enabled = false (default)
2023-07-18 19:30:30,543 [ec94dcc4-e30d-4488-98e5-1700c0a44b75-groupManagement] INFO  server.RaftServerConfigKeys (ConfUtils.java:logGet(46)) - raft.server.log.statemachine.data.caching.enabled = true (custom)
2023-07-18 19:30:30,543 [eb412079-c751-4dfd-aec5-5a0bb932822c-groupManagement] INFO  server.RaftServerConfigKeys (ConfUtils.java:logGet(46)) - raft.server.log.statemachine.data.caching.enabled = true (custom)
2023-07-18 19:30:30,543 [ec94dcc4-e30d-4488-98e5-1700c0a44b75-groupManagement] INFO  segmented.SegmentedRaftLogWorker (SegmentedRaftLogWorker.java:lambda$new$0(135)) - ec94dcc4-e30d-4488-98e5-1700c0a44b75@group-D9FE864BCBFD-SegmentedRaftLogWorker: flushIndex: setUnconditionally 0 -> -1
2023-07-18 19:30:30,543 [eb412079-c751-4dfd-aec5-5a0bb932822c-groupManagement] INFO  segmented.SegmentedRaftLogWorker (SegmentedRaftLogWorker.java:lambda$new$0(135)) - eb412079-c751-4dfd-aec5-5a0bb932822c@group-97EAE1A8194B-SegmentedRaftLogWorker: flushIndex: setUnconditionally 0 -> -1
2023-07-18 19:30:30,544 [ec94dcc4-e30d-4488-98e5-1700c0a44b75-groupManagement] INFO  segmented.SegmentedRaftLogWorker (SegmentedRaftLogWorker.java:lambda$new$0(135)) - ec94dcc4-e30d-4488-98e5-1700c0a44b75@group-D9FE864BCBFD-SegmentedRaftLogWorker: safeCacheEvictIndex: setUnconditionally 0 -> -1
2023-07-18 19:30:30,544 [eb412079-c751-4dfd-aec5-5a0bb932822c-groupManagement] INFO  segmented.SegmentedRaftLogWorker (SegmentedRaftLogWorker.java:lambda$new$0(135)) - eb412079-c751-4dfd-aec5-5a0bb932822c@group-97EAE1A8194B-SegmentedRaftLogWorker: safeCacheEvictIndex: setUnconditionally 0 -> -1
2023-07-18 19:30:30,544 [ec94dcc4-e30d-4488-98e5-1700c0a44b75-groupManagement] INFO  server.RaftServer$Division (RaftServerImpl.java:start(342)) - ec94dcc4-e30d-4488-98e5-1700c0a44b75@group-D9FE864BCBFD: start as a follower, conf=-1: peers:[ec94dcc4-e30d-4488-98e5-1700c0a44b75|rpc:10.1.0.42:15023|admin:10.1.0.42:15022|client:10.1.0.42:15021|dataStream:10.1.0.42:15024|priority:1|startupRole:FOLLOWER]|listeners:[], old=null
2023-07-18 19:30:30,544 [eb412079-c751-4dfd-aec5-5a0bb932822c-groupManagement] INFO  server.RaftServer$Division (RaftServerImpl.java:start(342)) - eb412079-c751-4dfd-aec5-5a0bb932822c@group-97EAE1A8194B: start as a follower, conf=-1: peers:[e7d9066e-05d1-4d78-941d-b2a7fd2da9b5|rpc:10.1.0.42:15014|admin:10.1.0.42:15013|client:10.1.0.42:15012|dataStream:10.1.0.42:15015|priority:0|startupRole:FOLLOWER, eb412079-c751-4dfd-aec5-5a0bb932822c|rpc:10.1.0.42:15032|admin:10.1.0.42:15031|client:10.1.0.42:15030|dataStream:10.1.0.42:15033|priority:0|startupRole:FOLLOWER, ec94dcc4-e30d-4488-98e5-1700c0a44b75|rpc:10.1.0.42:15023|admin:10.1.0.42:15022|client:10.1.0.42:15021|dataStream:10.1.0.42:15024|priority:1|startupRole:FOLLOWER]|listeners:[], old=null
2023-07-18 19:30:30,544 [ec94dcc4-e30d-4488-98e5-1700c0a44b75-groupManagement] INFO  server.RaftServer$Division (RaftServerImpl.java:setRole(329)) - ec94dcc4-e30d-4488-98e5-1700c0a44b75@group-D9FE864BCBFD: changes role from      null to FOLLOWER at term 0 for startAsFollower
2023-07-18 19:30:30,544 [eb412079-c751-4dfd-aec5-5a0bb932822c-groupManagement] INFO  server.RaftServer$Division (RaftServerImpl.java:setRole(329)) - eb412079-c751-4dfd-aec5-5a0bb932822c@group-97EAE1A8194B: changes role from      null to FOLLOWER at term 0 for startAsFollower
2023-07-18 19:30:30,548 [eb412079-c751-4dfd-aec5-5a0bb932822c-groupManagement] INFO  impl.RoleInfo (RoleInfo.java:updateAndGet(139)) - eb412079-c751-4dfd-aec5-5a0bb932822c: start eb412079-c751-4dfd-aec5-5a0bb932822c@group-97EAE1A8194B-FollowerState
2023-07-18 19:30:30,548 [eb412079-c751-4dfd-aec5-5a0bb932822c@group-97EAE1A8194B-FollowerState] INFO  server.RaftServerConfigKeys (ConfUtils.java:logFallback(53)) - raft.server.rpc.first-election.timeout.min = 5s (fallback to raft.server.rpc.timeout.min)
2023-07-18 19:30:30,548 [eb412079-c751-4dfd-aec5-5a0bb932822c@group-97EAE1A8194B-FollowerState] INFO  server.RaftServerConfigKeys (ConfUtils.java:logFallback(53)) - raft.server.rpc.first-election.timeout.max = 5200ms (fallback to raft.server.rpc.timeout.max)
2023-07-18 19:30:30,552 [ec94dcc4-e30d-4488-98e5-1700c0a44b75-groupManagement] INFO  impl.RoleInfo (RoleInfo.java:updateAndGet(139)) - ec94dcc4-e30d-4488-98e5-1700c0a44b75: start ec94dcc4-e30d-4488-98e5-1700c0a44b75@group-D9FE864BCBFD-FollowerState
2023-07-18 19:30:30,548 [eb412079-c751-4dfd-aec5-5a0bb932822c-groupManagement] INFO  util.JmxRegister (JmxRegister.java:tryRegister(44)) - Successfully registered JMX Bean with object name Ratis:service=RaftServer,group=group-97EAE1A8194B,id=eb412079-c751-4dfd-aec5-5a0bb932822c
2023-07-18 19:30:30,553 [eb412079-c751-4dfd-aec5-5a0bb932822c-groupManagement] INFO  server.RaftServerConfigKeys (ConfUtils.java:logGet(46)) - raft.server.snapshot.auto.trigger.enabled = true (custom)
2023-07-18 19:30:30,554 [eb412079-c751-4dfd-aec5-5a0bb932822c-groupManagement] INFO  server.RaftServerConfigKeys (ConfUtils.java:logGet(46)) - raft.server.snapshot.auto.trigger.threshold = 10000 (custom)
2023-07-18 19:30:30,554 [eb412079-c751-4dfd-aec5-5a0bb932822c-groupManagement] INFO  server.RaftServerConfigKeys (ConfUtils.java:logGet(46)) - raft.server.snapshot.retention.file.num = 5 (custom)
2023-07-18 19:30:30,554 [eb412079-c751-4dfd-aec5-5a0bb932822c-groupManagement] INFO  server.RaftServerConfigKeys (ConfUtils.java:logGet(46)) - raft.server.log.purge.upto.snapshot.index = false (default)
2023-07-18 19:30:30,554 [ec94dcc4-e30d-4488-98e5-1700c0a44b75-groupManagement] INFO  util.JmxRegister (JmxRegister.java:tryRegister(44)) - Successfully registered JMX Bean with object name Ratis:service=RaftServer,group=group-D9FE864BCBFD,id=ec94dcc4-e30d-4488-98e5-1700c0a44b75
2023-07-18 19:30:30,554 [ec94dcc4-e30d-4488-98e5-1700c0a44b75-groupManagement] INFO  server.RaftServerConfigKeys (ConfUtils.java:logGet(46)) - raft.server.snapshot.auto.trigger.enabled = true (custom)
2023-07-18 19:30:30,554 [ec94dcc4-e30d-4488-98e5-1700c0a44b75-groupManagement] INFO  server.RaftServerConfigKeys (ConfUtils.java:logGet(46)) - raft.server.snapshot.auto.trigger.threshold = 10000 (custom)
2023-07-18 19:30:30,554 [ec94dcc4-e30d-4488-98e5-1700c0a44b75-groupManagement] INFO  server.RaftServerConfigKeys (ConfUtils.java:logGet(46)) - raft.server.snapshot.retention.file.num = 5 (custom)
2023-07-18 19:30:30,554 [ec94dcc4-e30d-4488-98e5-1700c0a44b75-groupManagement] INFO  server.RaftServerConfigKeys (ConfUtils.java:logGet(46)) - raft.server.log.purge.upto.snapshot.index = false (default)
2023-07-18 19:30:30,561 [ec94dcc4-e30d-4488-98e5-1700c0a44b75@group-D9FE864BCBFD-FollowerState] INFO  server.RaftServerConfigKeys (ConfUtils.java:logFallback(53)) - raft.server.rpc.first-election.timeout.min = 5s (fallback to raft.server.rpc.timeout.min)
2023-07-18 19:30:30,562 [ec94dcc4-e30d-4488-98e5-1700c0a44b75@group-D9FE864BCBFD-FollowerState] INFO  server.RaftServerConfigKeys (ConfUtils.java:logFallback(53)) - raft.server.rpc.first-election.timeout.max = 5200ms (fallback to raft.server.rpc.timeout.max)
2023-07-18 19:30:30,562 [PipelineCommandHandlerThread-0] INFO  ratis.XceiverServerRatis (XceiverServerRatis.java:addGroup(804)) - Created group PipelineID=00e8a0df-9d59-4b06-b679-d9fe864bcbfd
2023-07-18 19:30:30,562 [PipelineCommandHandlerThread-0] INFO  commandhandler.CreatePipelineCommandHandler (CreatePipelineCommandHandler.java:lambda$handle$2(124)) - Created Pipeline RATIS ONE PipelineID=00e8a0df-9d59-4b06-b679-d9fe864bcbfd.
2023-07-18 19:30:30,563 [PipelineCommandHandlerThread-0] INFO  server.RaftServer (RaftServerProxy.java:addNew(98)) - ec94dcc4-e30d-4488-98e5-1700c0a44b75: addNew group-97EAE1A8194B:[e7d9066e-05d1-4d78-941d-b2a7fd2da9b5|rpc:10.1.0.42:15014|admin:10.1.0.42:15013|client:10.1.0.42:15012|dataStream:10.1.0.42:15015|priority:0|startupRole:FOLLOWER, eb412079-c751-4dfd-aec5-5a0bb932822c|rpc:10.1.0.42:15032|admin:10.1.0.42:15031|client:10.1.0.42:15030|dataStream:10.1.0.42:15033|priority:0|startupRole:FOLLOWER, ec94dcc4-e30d-4488-98e5-1700c0a44b75|rpc:10.1.0.42:15023|admin:10.1.0.42:15022|client:10.1.0.42:15021|dataStream:10.1.0.42:15024|priority:1|startupRole:FOLLOWER] returns group-97EAE1A8194B:java.util.concurrent.CompletableFuture@1d962fd2[Not completed]
2023-07-18 19:30:30,565 [ec94dcc4-e30d-4488-98e5-1700c0a44b75-groupManagement] INFO  server.RaftServer$Division (RaftServerImpl.java:<init>(198)) - ec94dcc4-e30d-4488-98e5-1700c0a44b75: new RaftServerImpl for group-97EAE1A8194B:[e7d9066e-05d1-4d78-941d-b2a7fd2da9b5|rpc:10.1.0.42:15014|admin:10.1.0.42:15013|client:10.1.0.42:15012|dataStream:10.1.0.42:15015|priority:0|startupRole:FOLLOWER, eb412079-c751-4dfd-aec5-5a0bb932822c|rpc:10.1.0.42:15032|admin:10.1.0.42:15031|client:10.1.0.42:15030|dataStream:10.1.0.42:15033|priority:0|startupRole:FOLLOWER, ec94dcc4-e30d-4488-98e5-1700c0a44b75|rpc:10.1.0.42:15023|admin:10.1.0.42:15022|client:10.1.0.42:15021|dataStream:10.1.0.42:15024|priority:1|startupRole:FOLLOWER] with ContainerStateMachine:uninitialized
2023-07-18 19:30:30,565 [ec94dcc4-e30d-4488-98e5-1700c0a44b75-groupManagement] INFO  server.RaftServerConfigKeys (ConfUtils.java:logGet(46)) - raft.server.rpc.timeout.min = 5s (custom)
2023-07-18 19:30:30,565 [ec94dcc4-e30d-4488-98e5-1700c0a44b75-groupManagement] INFO  server.RaftServerConfigKeys (ConfUtils.java:logGet(46)) - raft.server.rpc.timeout.max = 5200ms (custom)
2023-07-18 19:30:30,565 [ec94dcc4-e30d-4488-98e5-1700c0a44b75-groupManagement] INFO  server.RaftServerConfigKeys (ConfUtils.java:logGet(46)) - raft.server.rpc.sleep.time = 25ms (default)
2023-07-18 19:30:30,565 [ec94dcc4-e30d-4488-98e5-1700c0a44b75-groupManagement] INFO  server.RaftServerConfigKeys (ConfUtils.java:logGet(46)) - raft.server.rpc.slowness.timeout = 300000ms (custom)
2023-07-18 19:30:30,565 [ec94dcc4-e30d-4488-98e5-1700c0a44b75-groupManagement] INFO  server.RaftServerConfigKeys (ConfUtils.java:logGet(46)) - raft.server.leaderelection.leader.step-down.wait-time = 10s (default)
2023-07-18 19:30:30,565 [ec94dcc4-e30d-4488-98e5-1700c0a44b75-groupManagement] INFO  server.RaftServerConfigKeys (ConfUtils.java:logGet(46)) - raft.server.sleep.deviation.threshold = 300ms (default)
2023-07-18 19:30:30,566 [ec94dcc4-e30d-4488-98e5-1700c0a44b75-groupManagement] INFO  server.RaftServer$Division (ServerState.java:<init>(120)) - ec94dcc4-e30d-4488-98e5-1700c0a44b75@group-97EAE1A8194B: ConfigurationManager, init=-1: peers:[e7d9066e-05d1-4d78-941d-b2a7fd2da9b5|rpc:10.1.0.42:15014|admin:10.1.0.42:15013|client:10.1.0.42:15012|dataStream:10.1.0.42:15015|priority:0|startupRole:FOLLOWER, eb412079-c751-4dfd-aec5-5a0bb932822c|rpc:10.1.0.42:15032|admin:10.1.0.42:15031|client:10.1.0.42:15030|dataStream:10.1.0.42:15033|priority:0|startupRole:FOLLOWER, ec94dcc4-e30d-4488-98e5-1700c0a44b75|rpc:10.1.0.42:15023|admin:10.1.0.42:15022|client:10.1.0.42:15021|dataStream:10.1.0.42:15024|priority:1|startupRole:FOLLOWER]|listeners:[], old=null, confs=<EMPTY_MAP>
2023-07-18 19:30:30,566 [ec94dcc4-e30d-4488-98e5-1700c0a44b75-groupManagement] INFO  server.RaftServerConfigKeys (ConfUtils.java:logGet(46)) - raft.server.storage.dir = [/home/runner/work/ozone/ozone/hadoop-ozone/integration-test/target/test-dir/MiniOzoneClusterImpl-6b031341-d507-43af-b1f0-ac2f4105ef04/datanode-1/data/ratis] (custom)
2023-07-18 19:30:30,566 [ec94dcc4-e30d-4488-98e5-1700c0a44b75-groupManagement] INFO  server.RaftServerConfigKeys (ConfUtils.java:logGet(46)) - raft.server.log.corruption.policy = EXCEPTION (default)
2023-07-18 19:30:30,566 [ec94dcc4-e30d-4488-98e5-1700c0a44b75-groupManagement] INFO  server.RaftServerConfigKeys (ConfUtils.java:logGet(46)) - raft.server.storage.free-space.min = 0MB (=0) (default)
2023-07-18 19:30:30,566 [ec94dcc4-e30d-4488-98e5-1700c0a44b75-groupManagement] INFO  server.RaftServerConfigKeys (ConfUtils.java:logGet(46)) - raft.server.notification.no-leader.timeout = 300000ms (custom)
2023-07-18 19:30:30,566 [ec94dcc4-e30d-4488-98e5-1700c0a44b75-groupManagement] INFO  server.RaftServerConfigKeys (ConfUtils.java:logGet(46)) - raft.server.read.timeout = 10s (default)
2023-07-18 19:30:30,566 [ec94dcc4-e30d-4488-98e5-1700c0a44b75-groupManagement] INFO  server.RaftServerConfigKeys (ConfUtils.java:logGet(46)) - raft.server.retrycache.expirytime = 600000ms (custom)
2023-07-18 19:30:30,567 [ec94dcc4-e30d-4488-98e5-1700c0a44b75-groupManagement] INFO  server.RaftServerConfigKeys (ConfUtils.java:logGet(46)) - raft.server.retrycache.statistics.expirytime = 100μs (default)
2023-07-18 19:30:30,567 [ec94dcc4-e30d-4488-98e5-1700c0a44b75-groupManagement] INFO  server.RaftServerConfigKeys (ConfUtils.java:logGet(46)) - raft.server.read.option = DEFAULT (default)
2023-07-18 19:30:30,568 [ec94dcc4-e30d-4488-98e5-1700c0a44b75-groupManagement] INFO  server.RaftServerConfigKeys (ConfUtils.java:logGet(46)) - raft.server.rpc.request.timeout = 3000ms (default)
2023-07-18 19:30:30,569 [ec94dcc4-e30d-4488-98e5-1700c0a44b75-groupManagement] INFO  server.RaftServerConfigKeys (ConfUtils.java:logGet(46)) - raft.server.log.appender.install.snapshot.enabled = false (custom)
2023-07-18 19:30:30,569 [ec94dcc4-e30d-4488-98e5-1700c0a44b75-groupManagement] INFO  server.RaftServerConfigKeys (ConfUtils.java:logGet(46)) - raft.server.threadpool.server.cached = true (default)
2023-07-18 19:30:30,569 [ec94dcc4-e30d-4488-98e5-1700c0a44b75-groupManagement] INFO  server.RaftServerConfigKeys (ConfUtils.java:logGet(46)) - raft.server.threadpool.server.size = 0 (default)
2023-07-18 19:30:30,569 [ec94dcc4-e30d-4488-98e5-1700c0a44b75-groupManagement] INFO  server.RaftServerConfigKeys (ConfUtils.java:logGet(46)) - raft.server.threadpool.client.cached = true (default)
2023-07-18 19:30:30,569 [ec94dcc4-e30d-4488-98e5-1700c0a44b75-groupManagement] INFO  server.RaftServerConfigKeys (ConfUtils.java:logGet(46)) - raft.server.threadpool.client.size = 0 (default)
2023-07-18 19:30:30,569 [ec94dcc4-e30d-4488-98e5-1700c0a44b75-groupManagement] INFO  storage.RaftStorageDirectory (RaftStorageDirectoryImpl.java:analyzeStorage(137)) - The storage directory /home/runner/work/ozone/ozone/hadoop-ozone/integration-test/target/test-dir/MiniOzoneClusterImpl-6b031341-d507-43af-b1f0-ac2f4105ef04/datanode-1/data/ratis/419e2787-58e7-484b-b928-97eae1a8194b does not exist. Creating ...
2023-07-18 19:30:30,570 [ec94dcc4-e30d-4488-98e5-1700c0a44b75-groupManagement] INFO  storage.RaftStorageDirectory (RaftStorageDirectoryImpl.java:tryLock(231)) - Lock on /home/runner/work/ozone/ozone/hadoop-ozone/integration-test/target/test-dir/MiniOzoneClusterImpl-6b031341-d507-43af-b1f0-ac2f4105ef04/datanode-1/data/ratis/419e2787-58e7-484b-b928-97eae1a8194b/in_use.lock acquired by nodename 29621@fv-az613-641
2023-07-18 19:30:30,572 [ec94dcc4-e30d-4488-98e5-1700c0a44b75-groupManagement] INFO  storage.RaftStorage (RaftStorageImpl.java:format(96)) - Storage directory /home/runner/work/ozone/ozone/hadoop-ozone/integration-test/target/test-dir/MiniOzoneClusterImpl-6b031341-d507-43af-b1f0-ac2f4105ef04/datanode-1/data/ratis/419e2787-58e7-484b-b928-97eae1a8194b has been successfully formatted.
2023-07-18 19:30:30,573 [ec94dcc4-e30d-4488-98e5-1700c0a44b75-groupManagement] INFO  ratis.ContainerStateMachine (ContainerStateMachine.java:loadSnapshot(262)) - group-97EAE1A8194B: The snapshot info is null. Setting the last applied indexto:(t:0, i:~)
2023-07-18 19:30:30,573 [ec94dcc4-e30d-4488-98e5-1700c0a44b75-groupManagement] INFO  server.RaftServerConfigKeys (ConfUtils.java:logGet(46)) - raft.server.log.use.memory = false (default)
2023-07-18 19:30:30,573 [ec94dcc4-e30d-4488-98e5-1700c0a44b75-groupManagement] INFO  server.RaftServerConfigKeys (ConfUtils.java:logGet(46)) - raft.server.log.purge.gap = 1000000 (custom)
2023-07-18 19:30:30,573 [ec94dcc4-e30d-4488-98e5-1700c0a44b75-groupManagement] INFO  server.RaftServerConfigKeys (ConfUtils.java:logGet(46)) - raft.server.log.appender.buffer.byte-limit = 33554432 (custom)
2023-07-18 19:30:30,574 [ec94dcc4-e30d-4488-98e5-1700c0a44b75-groupManagement] INFO  server.RaftServerConfigKeys (ConfUtils.java:logGet(46)) - raft.server.log.statemachine.data.read.timeout = 1000ms (default)
2023-07-18 19:30:30,574 [ec94dcc4-e30d-4488-98e5-1700c0a44b75-groupManagement] INFO  server.RaftServerConfigKeys (ConfUtils.java:logGet(46)) - raft.server.log.purge.preservation.log.num = 0 (default)
2023-07-18 19:30:30,575 [ec94dcc4-e30d-4488-98e5-1700c0a44b75-groupManagement] INFO  server.RaftServerConfigKeys (ConfUtils.java:logGet(46)) - raft.server.log.segment.size.max = 1048576 (custom)
2023-07-18 19:30:30,576 [EventQueue-OpenPipelineForHealthyPipelineSafeModeRule] INFO  safemode.SCMSafeModeManager (HealthyPipelineSafeModeRule.java:process(137)) - SCM in safe mode. Healthy pipelines reported count is 0, required healthy pipeline reported count is 1
2023-07-18 19:30:30,579 [ec94dcc4-e30d-4488-98e5-1700c0a44b75-groupManagement] INFO  server.RaftServerConfigKeys (ConfUtils.java:logGet(46)) - raft.server.log.segment.cache.num.max = 2 (custom)
2023-07-18 19:30:30,580 [ec94dcc4-e30d-4488-98e5-1700c0a44b75-groupManagement] INFO  server.RaftServerConfigKeys (ConfUtils.java:logGet(46)) - raft.server.log.segment.cache.size.max = 200MB (=209715200) (default)
2023-07-18 19:30:30,580 [ec94dcc4-e30d-4488-98e5-1700c0a44b75-groupManagement] INFO  server.RaftServerConfigKeys (ConfUtils.java:logGet(46)) - raft.server.log.appender.buffer.byte-limit = 33554432 (custom)
2023-07-18 19:30:30,580 [ec94dcc4-e30d-4488-98e5-1700c0a44b75-groupManagement] INFO  segmented.SegmentedRaftLogWorker (SegmentedRaftLogWorker.java:<init>(188)) - new ec94dcc4-e30d-4488-98e5-1700c0a44b75@group-97EAE1A8194B-SegmentedRaftLogWorker for RaftStorageImpl:Storage Directory /home/runner/work/ozone/ozone/hadoop-ozone/integration-test/target/test-dir/MiniOzoneClusterImpl-6b031341-d507-43af-b1f0-ac2f4105ef04/datanode-1/data/ratis/419e2787-58e7-484b-b928-97eae1a8194b
2023-07-18 19:30:30,580 [ec94dcc4-e30d-4488-98e5-1700c0a44b75-groupManagement] INFO  server.RaftServerConfigKeys (ConfUtils.java:logGet(46)) - raft.server.log.queue.byte-limit = 4294967296 (custom)
2023-07-18 19:30:30,580 [ec94dcc4-e30d-4488-98e5-1700c0a44b75-groupManagement] INFO  server.RaftServerConfigKeys (ConfUtils.java:logGet(46)) - raft.server.log.queue.element-limit = 1024 (custom)
2023-07-18 19:30:30,580 [ec94dcc4-e30d-4488-98e5-1700c0a44b75-groupManagement] INFO  server.RaftServerConfigKeys (ConfUtils.java:logGet(46)) - raft.server.log.segment.size.max = 1048576 (custom)
2023-07-18 19:30:30,580 [ec94dcc4-e30d-4488-98e5-1700c0a44b75-groupManagement] INFO  server.RaftServerConfigKeys (ConfUtils.java:logGet(46)) - raft.server.log.preallocated.size = 16384 (custom)
2023-07-18 19:30:30,580 [ec94dcc4-e30d-4488-98e5-1700c0a44b75-groupManagement] INFO  server.RaftServerConfigKeys (ConfUtils.java:logGet(46)) - raft.server.log.force.sync.num = 128 (default)
2023-07-18 19:30:30,580 [ec94dcc4-e30d-4488-98e5-1700c0a44b75-groupManagement] INFO  server.RaftServerConfigKeys (ConfUtils.java:logGet(46)) - raft.server.log.statemachine.data.sync = true (default)
2023-07-18 19:30:30,581 [ec94dcc4-e30d-4488-98e5-1700c0a44b75-groupManagement] INFO  server.RaftServerConfigKeys (ConfUtils.java:logGet(46)) - raft.server.log.statemachine.data.sync.timeout = 10s (default)
2023-07-18 19:30:30,581 [ec94dcc4-e30d-4488-98e5-1700c0a44b75-groupManagement] INFO  server.RaftServerConfigKeys (ConfUtils.java:logGet(46)) - raft.server.log.statemachine.data.sync.timeout.retry = -1 (default)
2023-07-18 19:30:30,583 [ec94dcc4-e30d-4488-98e5-1700c0a44b75-groupManagement] INFO  server.RaftServerConfigKeys (ConfUtils.java:logGet(46)) - raft.server.log.write.buffer.size = 1048576 (custom)
2023-07-18 19:30:30,591 [ec94dcc4-e30d-4488-98e5-1700c0a44b75-groupManagement] INFO  server.RaftServerConfigKeys (ConfUtils.java:logGet(46)) - raft.server.log.appender.buffer.byte-limit = 33554432 (custom)
2023-07-18 19:30:30,599 [ec94dcc4-e30d-4488-98e5-1700c0a44b75-groupManagement] INFO  server.RaftServerConfigKeys (ConfUtils.java:logGet(46)) - raft.server.log.unsafe-flush.enabled = false (default)
2023-07-18 19:30:30,600 [ec94dcc4-e30d-4488-98e5-1700c0a44b75-groupManagement] INFO  server.RaftServerConfigKeys (ConfUtils.java:logGet(46)) - raft.server.log.async-flush.enabled = false (default)
2023-07-18 19:30:30,600 [ec94dcc4-e30d-4488-98e5-1700c0a44b75-groupManagement] INFO  server.RaftServerConfigKeys (ConfUtils.java:logGet(46)) - raft.server.log.statemachine.data.caching.enabled = true (custom)
2023-07-18 19:30:30,600 [ec94dcc4-e30d-4488-98e5-1700c0a44b75-groupManagement] INFO  segmented.SegmentedRaftLogWorker (SegmentedRaftLogWorker.java:lambda$new$0(135)) - ec94dcc4-e30d-4488-98e5-1700c0a44b75@group-97EAE1A8194B-SegmentedRaftLogWorker: flushIndex: setUnconditionally 0 -> -1
2023-07-18 19:30:30,600 [ec94dcc4-e30d-4488-98e5-1700c0a44b75-groupManagement] INFO  segmented.SegmentedRaftLogWorker (SegmentedRaftLogWorker.java:lambda$new$0(135)) - ec94dcc4-e30d-4488-98e5-1700c0a44b75@group-97EAE1A8194B-SegmentedRaftLogWorker: safeCacheEvictIndex: setUnconditionally 0 -> -1
2023-07-18 19:30:30,600 [ec94dcc4-e30d-4488-98e5-1700c0a44b75-groupManagement] INFO  server.RaftServer$Division (RaftServerImpl.java:start(342)) - ec94dcc4-e30d-4488-98e5-1700c0a44b75@group-97EAE1A8194B: start as a follower, conf=-1: peers:[e7d9066e-05d1-4d78-941d-b2a7fd2da9b5|rpc:10.1.0.42:15014|admin:10.1.0.42:15013|client:10.1.0.42:15012|dataStream:10.1.0.42:15015|priority:0|startupRole:FOLLOWER, eb412079-c751-4dfd-aec5-5a0bb932822c|rpc:10.1.0.42:15032|admin:10.1.0.42:15031|client:10.1.0.42:15030|dataStream:10.1.0.42:15033|priority:0|startupRole:FOLLOWER, ec94dcc4-e30d-4488-98e5-1700c0a44b75|rpc:10.1.0.42:15023|admin:10.1.0.42:15022|client:10.1.0.42:15021|dataStream:10.1.0.42:15024|priority:1|startupRole:FOLLOWER]|listeners:[], old=null
2023-07-18 19:30:30,601 [ec94dcc4-e30d-4488-98e5-1700c0a44b75-groupManagement] INFO  server.RaftServer$Division (RaftServerImpl.java:setRole(329)) - ec94dcc4-e30d-4488-98e5-1700c0a44b75@group-97EAE1A8194B: changes role from      null to FOLLOWER at term 0 for startAsFollower
2023-07-18 19:30:30,601 [ec94dcc4-e30d-4488-98e5-1700c0a44b75-groupManagement] INFO  impl.RoleInfo (RoleInfo.java:updateAndGet(139)) - ec94dcc4-e30d-4488-98e5-1700c0a44b75: start ec94dcc4-e30d-4488-98e5-1700c0a44b75@group-97EAE1A8194B-FollowerState
2023-07-18 19:30:30,601 [ec94dcc4-e30d-4488-98e5-1700c0a44b75-groupManagement] INFO  util.JmxRegister (JmxRegister.java:tryRegister(44)) - Successfully registered JMX Bean with object name Ratis:service=RaftServer,group=group-97EAE1A8194B,id=ec94dcc4-e30d-4488-98e5-1700c0a44b75
2023-07-18 19:30:30,602 [ec94dcc4-e30d-4488-98e5-1700c0a44b75-groupManagement] INFO  server.RaftServerConfigKeys (ConfUtils.java:logGet(46)) - raft.server.snapshot.auto.trigger.enabled = true (custom)
2023-07-18 19:30:30,602 [ec94dcc4-e30d-4488-98e5-1700c0a44b75-groupManagement] INFO  server.RaftServerConfigKeys (ConfUtils.java:logGet(46)) - raft.server.snapshot.auto.trigger.threshold = 10000 (custom)
2023-07-18 19:30:30,602 [ec94dcc4-e30d-4488-98e5-1700c0a44b75-groupManagement] INFO  server.RaftServerConfigKeys (ConfUtils.java:logGet(46)) - raft.server.snapshot.retention.file.num = 5 (custom)
2023-07-18 19:30:30,602 [ec94dcc4-e30d-4488-98e5-1700c0a44b75-groupManagement] INFO  server.RaftServerConfigKeys (ConfUtils.java:logGet(46)) - raft.server.log.purge.upto.snapshot.index = false (default)
2023-07-18 19:30:30,603 [ec94dcc4-e30d-4488-98e5-1700c0a44b75@group-97EAE1A8194B-FollowerState] INFO  server.RaftServerConfigKeys (ConfUtils.java:logFallback(53)) - raft.server.rpc.first-election.timeout.min = 5s (fallback to raft.server.rpc.timeout.min)
2023-07-18 19:30:30,611 [ec94dcc4-e30d-4488-98e5-1700c0a44b75@group-97EAE1A8194B-FollowerState] INFO  server.RaftServerConfigKeys (ConfUtils.java:logFallback(53)) - raft.server.rpc.first-election.timeout.max = 5200ms (fallback to raft.server.rpc.timeout.max)
2023-07-18 19:30:30,609 [PipelineCommandHandlerThread-0] INFO  ratis.XceiverServerRatis (XceiverServerRatis.java:addGroup(804)) - Created group PipelineID=419e2787-58e7-484b-b928-97eae1a8194b
2023-07-18 19:30:30,785 [PipelineCommandHandlerThread-0] INFO  commandhandler.CreatePipelineCommandHandler (CreatePipelineCommandHandler.java:lambda$handle$2(124)) - Created Pipeline RATIS THREE PipelineID=419e2787-58e7-484b-b928-97eae1a8194b.
2023-07-18 19:30:30,786 [PipelineCommandHandlerThread-0] INFO  server.RaftServer (RaftServerProxy.java:addNew(98)) - e7d9066e-05d1-4d78-941d-b2a7fd2da9b5: addNew group-1D9BD65C894C:[e7d9066e-05d1-4d78-941d-b2a7fd2da9b5|rpc:10.1.0.42:15014|admin:10.1.0.42:15013|client:10.1.0.42:15012|dataStream:10.1.0.42:15015|priority:0|startupRole:FOLLOWER, eb412079-c751-4dfd-aec5-5a0bb932822c|rpc:10.1.0.42:15032|admin:10.1.0.42:15031|client:10.1.0.42:15030|dataStream:10.1.0.42:15033|priority:1|startupRole:FOLLOWER, ec94dcc4-e30d-4488-98e5-1700c0a44b75|rpc:10.1.0.42:15023|admin:10.1.0.42:15022|client:10.1.0.42:15021|dataStream:10.1.0.42:15024|priority:0|startupRole:FOLLOWER] returns group-1D9BD65C894C:java.util.concurrent.CompletableFuture@50971316[Not completed]
2023-07-18 19:30:30,787 [e7d9066e-05d1-4d78-941d-b2a7fd2da9b5-groupManagement] INFO  server.RaftServer$Division (RaftServerImpl.java:<init>(198)) - e7d9066e-05d1-4d78-941d-b2a7fd2da9b5: new RaftServerImpl for group-1D9BD65C894C:[e7d9066e-05d1-4d78-941d-b2a7fd2da9b5|rpc:10.1.0.42:15014|admin:10.1.0.42:15013|client:10.1.0.42:15012|dataStream:10.1.0.42:15015|priority:0|startupRole:FOLLOWER, eb412079-c751-4dfd-aec5-5a0bb932822c|rpc:10.1.0.42:15032|admin:10.1.0.42:15031|client:10.1.0.42:15030|dataStream:10.1.0.42:15033|priority:1|startupRole:FOLLOWER, ec94dcc4-e30d-4488-98e5-1700c0a44b75|rpc:10.1.0.42:15023|admin:10.1.0.42:15022|client:10.1.0.42:15021|dataStream:10.1.0.42:15024|priority:0|startupRole:FOLLOWER] with ContainerStateMachine:uninitialized
2023-07-18 19:30:30,787 [e7d9066e-05d1-4d78-941d-b2a7fd2da9b5-groupManagement] INFO  server.RaftServerConfigKeys (ConfUtils.java:logGet(46)) - raft.server.rpc.timeout.min = 5s (custom)
2023-07-18 19:30:30,787 [e7d9066e-05d1-4d78-941d-b2a7fd2da9b5-groupManagement] INFO  server.RaftServerConfigKeys (ConfUtils.java:logGet(46)) - raft.server.rpc.timeout.max = 5200ms (custom)
2023-07-18 19:30:30,788 [e7d9066e-05d1-4d78-941d-b2a7fd2da9b5-groupManagement] INFO  server.RaftServerConfigKeys (ConfUtils.java:logGet(46)) - raft.server.rpc.sleep.time = 25ms (default)
2023-07-18 19:30:30,788 [e7d9066e-05d1-4d78-941d-b2a7fd2da9b5-groupManagement] INFO  server.RaftServerConfigKeys (ConfUtils.java:logGet(46)) - raft.server.rpc.slowness.timeout = 300000ms (custom)
2023-07-18 19:30:30,788 [e7d9066e-05d1-4d78-941d-b2a7fd2da9b5-groupManagement] INFO  server.RaftServerConfigKeys (ConfUtils.java:logGet(46)) - raft.server.leaderelection.leader.step-down.wait-time = 10s (default)
2023-07-18 19:30:30,788 [e7d9066e-05d1-4d78-941d-b2a7fd2da9b5-groupManagement] INFO  server.RaftServerConfigKeys (ConfUtils.java:logGet(46)) - raft.server.sleep.deviation.threshold = 300ms (default)
2023-07-18 19:30:30,788 [e7d9066e-05d1-4d78-941d-b2a7fd2da9b5-groupManagement] INFO  server.RaftServer$Division (ServerState.java:<init>(120)) - e7d9066e-05d1-4d78-941d-b2a7fd2da9b5@group-1D9BD65C894C: ConfigurationManager, init=-1: peers:[e7d9066e-05d1-4d78-941d-b2a7fd2da9b5|rpc:10.1.0.42:15014|admin:10.1.0.42:15013|client:10.1.0.42:15012|dataStream:10.1.0.42:15015|priority:0|startupRole:FOLLOWER, eb412079-c751-4dfd-aec5-5a0bb932822c|rpc:10.1.0.42:15032|admin:10.1.0.42:15031|client:10.1.0.42:15030|dataStream:10.1.0.42:15033|priority:1|startupRole:FOLLOWER, ec94dcc4-e30d-4488-98e5-1700c0a44b75|rpc:10.1.0.42:15023|admin:10.1.0.42:15022|client:10.1.0.42:15021|dataStream:10.1.0.42:15024|priority:0|startupRole:FOLLOWER]|listeners:[], old=null, confs=<EMPTY_MAP>
2023-07-18 19:30:30,788 [e7d9066e-05d1-4d78-941d-b2a7fd2da9b5-groupManagement] INFO  server.RaftServerConfigKeys (ConfUtils.java:logGet(46)) - raft.server.storage.dir = [/home/runner/work/ozone/ozone/hadoop-ozone/integration-test/target/test-dir/MiniOzoneClusterImpl-6b031341-d507-43af-b1f0-ac2f4105ef04/datanode-0/data/ratis] (custom)
2023-07-18 19:30:30,788 [e7d9066e-05d1-4d78-941d-b2a7fd2da9b5-groupManagement] INFO  server.RaftServerConfigKeys (ConfUtils.java:logGet(46)) - raft.server.log.corruption.policy = EXCEPTION (default)
2023-07-18 19:30:30,788 [e7d9066e-05d1-4d78-941d-b2a7fd2da9b5-groupManagement] INFO  server.RaftServerConfigKeys (ConfUtils.java:logGet(46)) - raft.server.storage.free-space.min = 0MB (=0) (default)
2023-07-18 19:30:30,789 [e7d9066e-05d1-4d78-941d-b2a7fd2da9b5-groupManagement] INFO  server.RaftServerConfigKeys (ConfUtils.java:logGet(46)) - raft.server.notification.no-leader.timeout = 300000ms (custom)
2023-07-18 19:30:30,789 [e7d9066e-05d1-4d78-941d-b2a7fd2da9b5-groupManagement] INFO  server.RaftServerConfigKeys (ConfUtils.java:logGet(46)) - raft.server.read.timeout = 10s (default)
2023-07-18 19:30:30,789 [e7d9066e-05d1-4d78-941d-b2a7fd2da9b5-groupManagement] INFO  server.RaftServerConfigKeys (ConfUtils.java:logGet(46)) - raft.server.retrycache.expirytime = 600000ms (custom)
2023-07-18 19:30:30,789 [e7d9066e-05d1-4d78-941d-b2a7fd2da9b5-groupManagement] INFO  server.RaftServerConfigKeys (ConfUtils.java:logGet(46)) - raft.server.retrycache.statistics.expirytime = 100μs (default)
2023-07-18 19:30:30,789 [e7d9066e-05d1-4d78-941d-b2a7fd2da9b5-groupManagement] INFO  server.RaftServerConfigKeys (ConfUtils.java:logGet(46)) - raft.server.read.option = DEFAULT (default)
2023-07-18 19:30:30,789 [main] INFO  ozone.MiniOzoneClusterImpl (MiniOzoneClusterImpl.java:lambda$waitForClusterToBeReady$0(224)) - Nodes are ready. Got 3 of 3 DN Heartbeats.
2023-07-18 19:30:30,797 [main] INFO  ozone.MiniOzoneClusterImpl (MiniOzoneClusterImpl.java:lambda$waitForClusterToBeReady$0(227)) - Waiting for cluster to exit safe mode
2023-07-18 19:30:30,797 [main] INFO  ozone.MiniOzoneClusterImpl (MiniOzoneClusterImpl.java:lambda$waitForClusterToBeReady$0(229)) - SCM became leader
2023-07-18 19:30:30,791 [e7d9066e-05d1-4d78-941d-b2a7fd2da9b5-groupManagement] INFO  server.RaftServerConfigKeys (ConfUtils.java:logGet(46)) - raft.server.rpc.request.timeout = 3000ms (default)
2023-07-18 19:30:30,802 [e7d9066e-05d1-4d78-941d-b2a7fd2da9b5-groupManagement] INFO  server.RaftServerConfigKeys (ConfUtils.java:logGet(46)) - raft.server.log.appender.install.snapshot.enabled = false (custom)
2023-07-18 19:30:30,802 [e7d9066e-05d1-4d78-941d-b2a7fd2da9b5-groupManagement] INFO  server.RaftServerConfigKeys (ConfUtils.java:logGet(46)) - raft.server.threadpool.server.cached = true (default)
2023-07-18 19:30:30,802 [e7d9066e-05d1-4d78-941d-b2a7fd2da9b5-groupManagement] INFO  server.RaftServerConfigKeys (ConfUtils.java:logGet(46)) - raft.server.threadpool.server.size = 0 (default)
2023-07-18 19:30:30,802 [e7d9066e-05d1-4d78-941d-b2a7fd2da9b5-groupManagement] INFO  server.RaftServerConfigKeys (ConfUtils.java:logGet(46)) - raft.server.threadpool.client.cached = true (default)
2023-07-18 19:30:30,802 [e7d9066e-05d1-4d78-941d-b2a7fd2da9b5-groupManagement] INFO  server.RaftServerConfigKeys (ConfUtils.java:logGet(46)) - raft.server.threadpool.client.size = 0 (default)
2023-07-18 19:30:30,802 [e7d9066e-05d1-4d78-941d-b2a7fd2da9b5-groupManagement] INFO  storage.RaftStorageDirectory (RaftStorageDirectoryImpl.java:analyzeStorage(137)) - The storage directory /home/runner/work/ozone/ozone/hadoop-ozone/integration-test/target/test-dir/MiniOzoneClusterImpl-6b031341-d507-43af-b1f0-ac2f4105ef04/datanode-0/data/ratis/992b8d43-8bac-488b-866f-1d9bd65c894c does not exist. Creating ...
2023-07-18 19:30:30,805 [PipelineCommandHandlerThread-0] INFO  server.RaftServer (RaftServerProxy.java:addNew(98)) - eb412079-c751-4dfd-aec5-5a0bb932822c: addNew group-40DD1A805D0D:[eb412079-c751-4dfd-aec5-5a0bb932822c|rpc:10.1.0.42:15032|admin:10.1.0.42:15031|client:10.1.0.42:15030|dataStream:10.1.0.42:15033|priority:1|startupRole:FOLLOWER] returns group-40DD1A805D0D:java.util.concurrent.CompletableFuture@e05ad59[Not completed]
2023-07-18 19:30:30,805 [e7d9066e-05d1-4d78-941d-b2a7fd2da9b5-groupManagement] INFO  storage.RaftStorageDirectory (RaftStorageDirectoryImpl.java:tryLock(231)) - Lock on /home/runner/work/ozone/ozone/hadoop-ozone/integration-test/target/test-dir/MiniOzoneClusterImpl-6b031341-d507-43af-b1f0-ac2f4105ef04/datanode-0/data/ratis/992b8d43-8bac-488b-866f-1d9bd65c894c/in_use.lock acquired by nodename 29621@fv-az613-641
2023-07-18 19:30:30,807 [eb412079-c751-4dfd-aec5-5a0bb932822c-groupManagement] INFO  server.RaftServer$Division (RaftServerImpl.java:<init>(198)) - eb412079-c751-4dfd-aec5-5a0bb932822c: new RaftServerImpl for group-40DD1A805D0D:[eb412079-c751-4dfd-aec5-5a0bb932822c|rpc:10.1.0.42:15032|admin:10.1.0.42:15031|client:10.1.0.42:15030|dataStream:10.1.0.42:15033|priority:1|startupRole:FOLLOWER] with ContainerStateMachine:uninitialized
2023-07-18 19:30:30,807 [eb412079-c751-4dfd-aec5-5a0bb932822c-groupManagement] INFO  server.RaftServerConfigKeys (ConfUtils.java:logGet(46)) - raft.server.rpc.timeout.min = 5s (custom)
2023-07-18 19:30:30,807 [e7d9066e-05d1-4d78-941d-b2a7fd2da9b5-groupManagement] INFO  storage.RaftStorage (RaftStorageImpl.java:format(96)) - Storage directory /home/runner/work/ozone/ozone/hadoop-ozone/integration-test/target/test-dir/MiniOzoneClusterImpl-6b031341-d507-43af-b1f0-ac2f4105ef04/datanode-0/data/ratis/992b8d43-8bac-488b-866f-1d9bd65c894c has been successfully formatted.
2023-07-18 19:30:30,807 [eb412079-c751-4dfd-aec5-5a0bb932822c-groupManagement] INFO  server.RaftServerConfigKeys (ConfUtils.java:logGet(46)) - raft.server.rpc.timeout.max = 5200ms (custom)
2023-07-18 19:30:30,807 [eb412079-c751-4dfd-aec5-5a0bb932822c-groupManagement] INFO  server.RaftServerConfigKeys (ConfUtils.java:logGet(46)) - raft.server.rpc.sleep.time = 25ms (default)
2023-07-18 19:30:30,807 [eb412079-c751-4dfd-aec5-5a0bb932822c-groupManagement] INFO  server.RaftServerConfigKeys (ConfUtils.java:logGet(46)) - raft.server.rpc.slowness.timeout = 300000ms (custom)
2023-07-18 19:30:30,807 [eb412079-c751-4dfd-aec5-5a0bb932822c-groupManagement] INFO  server.RaftServerConfigKeys (ConfUtils.java:logGet(46)) - raft.server.leaderelection.leader.step-down.wait-time = 10s (default)
2023-07-18 19:30:30,808 [eb412079-c751-4dfd-aec5-5a0bb932822c-groupManagement] INFO  server.RaftServerConfigKeys (ConfUtils.java:logGet(46)) - raft.server.sleep.deviation.threshold = 300ms (default)
2023-07-18 19:30:30,808 [eb412079-c751-4dfd-aec5-5a0bb932822c-groupManagement] INFO  server.RaftServer$Division (ServerState.java:<init>(120)) - eb412079-c751-4dfd-aec5-5a0bb932822c@group-40DD1A805D0D: ConfigurationManager, init=-1: peers:[eb412079-c751-4dfd-aec5-5a0bb932822c|rpc:10.1.0.42:15032|admin:10.1.0.42:15031|client:10.1.0.42:15030|dataStream:10.1.0.42:15033|priority:1|startupRole:FOLLOWER]|listeners:[], old=null, confs=<EMPTY_MAP>
2023-07-18 19:30:30,808 [eb412079-c751-4dfd-aec5-5a0bb932822c-groupManagement] INFO  server.RaftServerConfigKeys (ConfUtils.java:logGet(46)) - raft.server.storage.dir = [/home/runner/work/ozone/ozone/hadoop-ozone/integration-test/target/test-dir/MiniOzoneClusterImpl-6b031341-d507-43af-b1f0-ac2f4105ef04/datanode-2/data/ratis] (custom)
2023-07-18 19:30:30,808 [eb412079-c751-4dfd-aec5-5a0bb932822c-groupManagement] INFO  server.RaftServerConfigKeys (ConfUtils.java:logGet(46)) - raft.server.log.corruption.policy = EXCEPTION (default)
2023-07-18 19:30:30,808 [eb412079-c751-4dfd-aec5-5a0bb932822c-groupManagement] INFO  server.RaftServerConfigKeys (ConfUtils.java:logGet(46)) - raft.server.storage.free-space.min = 0MB (=0) (default)
2023-07-18 19:30:30,808 [eb412079-c751-4dfd-aec5-5a0bb932822c-groupManagement] INFO  server.RaftServerConfigKeys (ConfUtils.java:logGet(46)) - raft.server.notification.no-leader.timeout = 300000ms (custom)
2023-07-18 19:30:30,808 [eb412079-c751-4dfd-aec5-5a0bb932822c-groupManagement] INFO  server.RaftServerConfigKeys (ConfUtils.java:logGet(46)) - raft.server.read.timeout = 10s (default)
2023-07-18 19:30:30,809 [eb412079-c751-4dfd-aec5-5a0bb932822c-groupManagement] INFO  server.RaftServerConfigKeys (ConfUtils.java:logGet(46)) - raft.server.retrycache.expirytime = 600000ms (custom)
2023-07-18 19:30:30,809 [eb412079-c751-4dfd-aec5-5a0bb932822c-groupManagement] INFO  server.RaftServerConfigKeys (ConfUtils.java:logGet(46)) - raft.server.retrycache.statistics.expirytime = 100μs (default)
2023-07-18 19:30:30,809 [eb412079-c751-4dfd-aec5-5a0bb932822c-groupManagement] INFO  server.RaftServerConfigKeys (ConfUtils.java:logGet(46)) - raft.server.read.option = DEFAULT (default)
2023-07-18 19:30:30,812 [eb412079-c751-4dfd-aec5-5a0bb932822c-groupManagement] INFO  server.RaftServerConfigKeys (ConfUtils.java:logGet(46)) - raft.server.rpc.request.timeout = 3000ms (default)
2023-07-18 19:30:30,815 [eb412079-c751-4dfd-aec5-5a0bb932822c-groupManagement] INFO  server.RaftServerConfigKeys (ConfUtils.java:logGet(46)) - raft.server.log.appender.install.snapshot.enabled = false (custom)
2023-07-18 19:30:30,817 [eb412079-c751-4dfd-aec5-5a0bb932822c-groupManagement] INFO  server.RaftServerConfigKeys (ConfUtils.java:logGet(46)) - raft.server.threadpool.server.cached = true (default)
2023-07-18 19:30:30,817 [eb412079-c751-4dfd-aec5-5a0bb932822c-groupManagement] INFO  server.RaftServerConfigKeys (ConfUtils.java:logGet(46)) - raft.server.threadpool.server.size = 0 (default)
2023-07-18 19:30:30,817 [eb412079-c751-4dfd-aec5-5a0bb932822c-groupManagement] INFO  server.RaftServerConfigKeys (ConfUtils.java:logGet(46)) - raft.server.threadpool.client.cached = true (default)
2023-07-18 19:30:30,817 [eb412079-c751-4dfd-aec5-5a0bb932822c-groupManagement] INFO  server.RaftServerConfigKeys (ConfUtils.java:logGet(46)) - raft.server.threadpool.client.size = 0 (default)
2023-07-18 19:30:30,817 [eb412079-c751-4dfd-aec5-5a0bb932822c-groupManagement] INFO  storage.RaftStorageDirectory (RaftStorageDirectoryImpl.java:analyzeStorage(137)) - The storage directory /home/runner/work/ozone/ozone/hadoop-ozone/integration-test/target/test-dir/MiniOzoneClusterImpl-6b031341-d507-43af-b1f0-ac2f4105ef04/datanode-2/data/ratis/cad81912-839f-4986-9ed1-40dd1a805d0d does not exist. Creating ...
2023-07-18 19:30:30,814 [e7d9066e-05d1-4d78-941d-b2a7fd2da9b5-groupManagement] INFO  ratis.ContainerStateMachine (ContainerStateMachine.java:loadSnapshot(262)) - group-1D9BD65C894C: The snapshot info is null. Setting the last applied indexto:(t:0, i:~)
2023-07-18 19:30:30,817 [EventQueue-OpenPipelineForHealthyPipelineSafeModeRule] INFO  safemode.SCMSafeModeManager (HealthyPipelineSafeModeRule.java:process(137)) - SCM in safe mode. Healthy pipelines reported count is 0, required healthy pipeline reported count is 1
2023-07-18 19:30:30,818 [e7d9066e-05d1-4d78-941d-b2a7fd2da9b5-groupManagement] INFO  server.RaftServerConfigKeys (ConfUtils.java:logGet(46)) - raft.server.log.use.memory = false (default)
2023-07-18 19:30:30,821 [eb412079-c751-4dfd-aec5-5a0bb932822c-groupManagement] INFO  storage.RaftStorageDirectory (RaftStorageDirectoryImpl.java:tryLock(231)) - Lock on /home/runner/work/ozone/ozone/hadoop-ozone/integration-test/target/test-dir/MiniOzoneClusterImpl-6b031341-d507-43af-b1f0-ac2f4105ef04/datanode-2/data/ratis/cad81912-839f-4986-9ed1-40dd1a805d0d/in_use.lock acquired by nodename 29621@fv-az613-641
2023-07-18 19:30:30,822 [e7d9066e-05d1-4d78-941d-b2a7fd2da9b5-groupManagement] INFO  server.RaftServerConfigKeys (ConfUtils.java:logGet(46)) - raft.server.log.purge.gap = 1000000 (custom)
2023-07-18 19:30:30,823 [e7d9066e-05d1-4d78-941d-b2a7fd2da9b5-groupManagement] INFO  server.RaftServerConfigKeys (ConfUtils.java:logGet(46)) - raft.server.log.appender.buffer.byte-limit = 33554432 (custom)
2023-07-18 19:30:30,823 [e7d9066e-05d1-4d78-941d-b2a7fd2da9b5-groupManagement] INFO  server.RaftServerConfigKeys (ConfUtils.java:logGet(46)) - raft.server.log.statemachine.data.read.timeout = 1000ms (default)
2023-07-18 19:30:30,823 [eb412079-c751-4dfd-aec5-5a0bb932822c-groupManagement] INFO  storage.RaftStorage (RaftStorageImpl.java:format(96)) - Storage directory /home/runner/work/ozone/ozone/hadoop-ozone/integration-test/target/test-dir/MiniOzoneClusterImpl-6b031341-d507-43af-b1f0-ac2f4105ef04/datanode-2/data/ratis/cad81912-839f-4986-9ed1-40dd1a805d0d has been successfully formatted.
2023-07-18 19:30:30,823 [e7d9066e-05d1-4d78-941d-b2a7fd2da9b5-groupManagement] INFO  server.RaftServerConfigKeys (ConfUtils.java:logGet(46)) - raft.server.log.purge.preservation.log.num = 0 (default)
2023-07-18 19:30:30,824 [e7d9066e-05d1-4d78-941d-b2a7fd2da9b5-groupManagement] INFO  server.RaftServerConfigKeys (ConfUtils.java:logGet(46)) - raft.server.log.segment.size.max = 1048576 (custom)
2023-07-18 19:30:30,830 [EventQueue-PipelineReportForPipelineReportHandler] INFO  pipeline.PipelineReportHandler (PipelineReportHandler.java:processPipelineReport(136)) - Opened pipeline PipelineID=cad81912-839f-4986-9ed1-40dd1a805d0d
2023-07-18 19:30:30,830 [EventQueue-OpenPipelineForHealthyPipelineSafeModeRule] INFO  safemode.SCMSafeModeManager (HealthyPipelineSafeModeRule.java:process(137)) - SCM in safe mode. Healthy pipelines reported count is 0, required healthy pipeline reported count is 1
2023-07-18 19:30:30,832 [e7d9066e-05d1-4d78-941d-b2a7fd2da9b5-groupManagement] INFO  server.RaftServerConfigKeys (ConfUtils.java:logGet(46)) - raft.server.log.segment.cache.num.max = 2 (custom)
2023-07-18 19:30:30,832 [e7d9066e-05d1-4d78-941d-b2a7fd2da9b5-groupManagement] INFO  server.RaftServerConfigKeys (ConfUtils.java:logGet(46)) - raft.server.log.segment.cache.size.max = 200MB (=209715200) (default)
2023-07-18 19:30:30,832 [e7d9066e-05d1-4d78-941d-b2a7fd2da9b5-groupManagement] INFO  server.RaftServerConfigKeys (ConfUtils.java:logGet(46)) - raft.server.log.appender.buffer.byte-limit = 33554432 (custom)
2023-07-18 19:30:30,832 [e7d9066e-05d1-4d78-941d-b2a7fd2da9b5-groupManagement] INFO  segmented.SegmentedRaftLogWorker (SegmentedRaftLogWorker.java:<init>(188)) - new e7d9066e-05d1-4d78-941d-b2a7fd2da9b5@group-1D9BD65C894C-SegmentedRaftLogWorker for RaftStorageImpl:Storage Directory /home/runner/work/ozone/ozone/hadoop-ozone/integration-test/target/test-dir/MiniOzoneClusterImpl-6b031341-d507-43af-b1f0-ac2f4105ef04/datanode-0/data/ratis/992b8d43-8bac-488b-866f-1d9bd65c894c
2023-07-18 19:30:30,832 [e7d9066e-05d1-4d78-941d-b2a7fd2da9b5-groupManagement] INFO  server.RaftServerConfigKeys (ConfUtils.java:logGet(46)) - raft.server.log.queue.byte-limit = 4294967296 (custom)
2023-07-18 19:30:30,832 [e7d9066e-05d1-4d78-941d-b2a7fd2da9b5-groupManagement] INFO  server.RaftServerConfigKeys (ConfUtils.java:logGet(46)) - raft.server.log.queue.element-limit = 1024 (custom)
2023-07-18 19:30:30,832 [e7d9066e-05d1-4d78-941d-b2a7fd2da9b5-groupManagement] INFO  server.RaftServerConfigKeys (ConfUtils.java:logGet(46)) - raft.server.log.segment.size.max = 1048576 (custom)
2023-07-18 19:30:30,832 [e7d9066e-05d1-4d78-941d-b2a7fd2da9b5-groupManagement] INFO  server.RaftServerConfigKeys (ConfUtils.java:logGet(46)) - raft.server.log.preallocated.size = 16384 (custom)
2023-07-18 19:30:30,832 [e7d9066e-05d1-4d78-941d-b2a7fd2da9b5-groupManagement] INFO  server.RaftServerConfigKeys (ConfUtils.java:logGet(46)) - raft.server.log.force.sync.num = 128 (default)
2023-07-18 19:30:30,833 [e7d9066e-05d1-4d78-941d-b2a7fd2da9b5-groupManagement] INFO  server.RaftServerConfigKeys (ConfUtils.java:logGet(46)) - raft.server.log.statemachine.data.sync = true (default)
2023-07-18 19:30:30,833 [e7d9066e-05d1-4d78-941d-b2a7fd2da9b5-groupManagement] INFO  server.RaftServerConfigKeys (ConfUtils.java:logGet(46)) - raft.server.log.statemachine.data.sync.timeout = 10s (default)
2023-07-18 19:30:30,833 [e7d9066e-05d1-4d78-941d-b2a7fd2da9b5-groupManagement] INFO  server.RaftServerConfigKeys (ConfUtils.java:logGet(46)) - raft.server.log.statemachine.data.sync.timeout.retry = -1 (default)
2023-07-18 19:30:30,834 [e7d9066e-05d1-4d78-941d-b2a7fd2da9b5-groupManagement] INFO  server.RaftServerConfigKeys (ConfUtils.java:logGet(46)) - raft.server.log.write.buffer.size = 1048576 (custom)
2023-07-18 19:30:30,834 [e7d9066e-05d1-4d78-941d-b2a7fd2da9b5-groupManagement] INFO  server.RaftServerConfigKeys (ConfUtils.java:logGet(46)) - raft.server.log.appender.buffer.byte-limit = 33554432 (custom)
2023-07-18 19:30:30,840 [e7d9066e-05d1-4d78-941d-b2a7fd2da9b5-groupManagement] INFO  server.RaftServerConfigKeys (ConfUtils.java:logGet(46)) - raft.server.log.unsafe-flush.enabled = false (default)
2023-07-18 19:30:30,840 [eb412079-c751-4dfd-aec5-5a0bb932822c-groupManagement] INFO  ratis.ContainerStateMachine (ContainerStateMachine.java:loadSnapshot(262)) - group-40DD1A805D0D: The snapshot info is null. Setting the last applied indexto:(t:0, i:~)
2023-07-18 19:30:30,840 [e7d9066e-05d1-4d78-941d-b2a7fd2da9b5-groupManagement] INFO  server.RaftServerConfigKeys (ConfUtils.java:logGet(46)) - raft.server.log.async-flush.enabled = false (default)
2023-07-18 19:30:30,840 [eb412079-c751-4dfd-aec5-5a0bb932822c-groupManagement] INFO  server.RaftServerConfigKeys (ConfUtils.java:logGet(46)) - raft.server.log.use.memory = false (default)
2023-07-18 19:30:30,840 [eb412079-c751-4dfd-aec5-5a0bb932822c-groupManagement] INFO  server.RaftServerConfigKeys (ConfUtils.java:logGet(46)) - raft.server.log.purge.gap = 1000000 (custom)
2023-07-18 19:30:30,841 [eb412079-c751-4dfd-aec5-5a0bb932822c-groupManagement] INFO  server.RaftServerConfigKeys (ConfUtils.java:logGet(46)) - raft.server.log.appender.buffer.byte-limit = 33554432 (custom)
2023-07-18 19:30:30,841 [eb412079-c751-4dfd-aec5-5a0bb932822c-groupManagement] INFO  server.RaftServerConfigKeys (ConfUtils.java:logGet(46)) - raft.server.log.statemachine.data.read.timeout = 1000ms (default)
2023-07-18 19:30:30,841 [eb412079-c751-4dfd-aec5-5a0bb932822c-groupManagement] INFO  server.RaftServerConfigKeys (ConfUtils.java:logGet(46)) - raft.server.log.purge.preservation.log.num = 0 (default)
2023-07-18 19:30:30,841 [eb412079-c751-4dfd-aec5-5a0bb932822c-groupManagement] INFO  server.RaftServerConfigKeys (ConfUtils.java:logGet(46)) - raft.server.log.segment.size.max = 1048576 (custom)
2023-07-18 19:30:30,841 [eb412079-c751-4dfd-aec5-5a0bb932822c-groupManagement] INFO  server.RaftServerConfigKeys (ConfUtils.java:logGet(46)) - raft.server.log.segment.cache.num.max = 2 (custom)
2023-07-18 19:30:30,842 [eb412079-c751-4dfd-aec5-5a0bb932822c-groupManagement] INFO  server.RaftServerConfigKeys (ConfUtils.java:logGet(46)) - raft.server.log.segment.cache.size.max = 200MB (=209715200) (default)
2023-07-18 19:30:30,842 [eb412079-c751-4dfd-aec5-5a0bb932822c-groupManagement] INFO  server.RaftServerConfigKeys (ConfUtils.java:logGet(46)) - raft.server.log.appender.buffer.byte-limit = 33554432 (custom)
2023-07-18 19:30:30,842 [eb412079-c751-4dfd-aec5-5a0bb932822c-groupManagement] INFO  segmented.SegmentedRaftLogWorker (SegmentedRaftLogWorker.java:<init>(188)) - new eb412079-c751-4dfd-aec5-5a0bb932822c@group-40DD1A805D0D-SegmentedRaftLogWorker for RaftStorageImpl:Storage Directory /home/runner/work/ozone/ozone/hadoop-ozone/integration-test/target/test-dir/MiniOzoneClusterImpl-6b031341-d507-43af-b1f0-ac2f4105ef04/datanode-2/data/ratis/cad81912-839f-4986-9ed1-40dd1a805d0d
2023-07-18 19:30:30,842 [eb412079-c751-4dfd-aec5-5a0bb932822c-groupManagement] INFO  server.RaftServerConfigKeys (ConfUtils.java:logGet(46)) - raft.server.log.queue.byte-limit = 4294967296 (custom)
2023-07-18 19:30:30,842 [eb412079-c751-4dfd-aec5-5a0bb932822c-groupManagement] INFO  server.RaftServerConfigKeys (ConfUtils.java:logGet(46)) - raft.server.log.queue.element-limit = 1024 (custom)
2023-07-18 19:30:30,842 [eb412079-c751-4dfd-aec5-5a0bb932822c-groupManagement] INFO  server.RaftServerConfigKeys (ConfUtils.java:logGet(46)) - raft.server.log.segment.size.max = 1048576 (custom)
2023-07-18 19:30:30,842 [eb412079-c751-4dfd-aec5-5a0bb932822c-groupManagement] INFO  server.RaftServerConfigKeys (ConfUtils.java:logGet(46)) - raft.server.log.preallocated.size = 16384 (custom)
2023-07-18 19:30:30,842 [eb412079-c751-4dfd-aec5-5a0bb932822c-groupManagement] INFO  server.RaftServerConfigKeys (ConfUtils.java:logGet(46)) - raft.server.log.force.sync.num = 128 (default)
2023-07-18 19:30:30,842 [eb412079-c751-4dfd-aec5-5a0bb932822c-groupManagement] INFO  server.RaftServerConfigKeys (ConfUtils.java:logGet(46)) - raft.server.log.statemachine.data.sync = true (default)
2023-07-18 19:30:30,842 [eb412079-c751-4dfd-aec5-5a0bb932822c-groupManagement] INFO  server.RaftServerConfigKeys (ConfUtils.java:logGet(46)) - raft.server.log.statemachine.data.sync.timeout = 10s (default)
2023-07-18 19:30:30,843 [eb412079-c751-4dfd-aec5-5a0bb932822c-groupManagement] INFO  server.RaftServerConfigKeys (ConfUtils.java:logGet(46)) - raft.server.log.statemachine.data.sync.timeout.retry = -1 (default)
2023-07-18 19:30:30,844 [eb412079-c751-4dfd-aec5-5a0bb932822c-groupManagement] INFO  server.RaftServerConfigKeys (ConfUtils.java:logGet(46)) - raft.server.log.write.buffer.size = 1048576 (custom)
2023-07-18 19:30:30,850 [eb412079-c751-4dfd-aec5-5a0bb932822c-groupManagement] INFO  server.RaftServerConfigKeys (ConfUtils.java:logGet(46)) - raft.server.log.appender.buffer.byte-limit = 33554432 (custom)
2023-07-18 19:30:30,851 [e7d9066e-05d1-4d78-941d-b2a7fd2da9b5-groupManagement] INFO  server.RaftServerConfigKeys (ConfUtils.java:logGet(46)) - raft.server.log.statemachine.data.caching.enabled = true (custom)
2023-07-18 19:30:31,175 [e7d9066e-05d1-4d78-941d-b2a7fd2da9b5-groupManagement] INFO  segmented.SegmentedRaftLogWorker (SegmentedRaftLogWorker.java:lambda$new$0(135)) - e7d9066e-05d1-4d78-941d-b2a7fd2da9b5@group-1D9BD65C894C-SegmentedRaftLogWorker: flushIndex: setUnconditionally 0 -> -1
2023-07-18 19:30:31,176 [e7d9066e-05d1-4d78-941d-b2a7fd2da9b5-groupManagement] INFO  segmented.SegmentedRaftLogWorker (SegmentedRaftLogWorker.java:lambda$new$0(135)) - e7d9066e-05d1-4d78-941d-b2a7fd2da9b5@group-1D9BD65C894C-SegmentedRaftLogWorker: safeCacheEvictIndex: setUnconditionally 0 -> -1
2023-07-18 19:30:31,176 [e7d9066e-05d1-4d78-941d-b2a7fd2da9b5-groupManagement] INFO  server.RaftServer$Division (RaftServerImpl.java:start(342)) - e7d9066e-05d1-4d78-941d-b2a7fd2da9b5@group-1D9BD65C894C: start as a follower, conf=-1: peers:[e7d9066e-05d1-4d78-941d-b2a7fd2da9b5|rpc:10.1.0.42:15014|admin:10.1.0.42:15013|client:10.1.0.42:15012|dataStream:10.1.0.42:15015|priority:0|startupRole:FOLLOWER, eb412079-c751-4dfd-aec5-5a0bb932822c|rpc:10.1.0.42:15032|admin:10.1.0.42:15031|client:10.1.0.42:15030|dataStream:10.1.0.42:15033|priority:1|startupRole:FOLLOWER, ec94dcc4-e30d-4488-98e5-1700c0a44b75|rpc:10.1.0.42:15023|admin:10.1.0.42:15022|client:10.1.0.42:15021|dataStream:10.1.0.42:15024|priority:0|startupRole:FOLLOWER]|listeners:[], old=null
2023-07-18 19:30:31,176 [e7d9066e-05d1-4d78-941d-b2a7fd2da9b5-groupManagement] INFO  server.RaftServer$Division (RaftServerImpl.java:setRole(329)) - e7d9066e-05d1-4d78-941d-b2a7fd2da9b5@group-1D9BD65C894C: changes role from      null to FOLLOWER at term 0 for startAsFollower
2023-07-18 19:30:31,176 [e7d9066e-05d1-4d78-941d-b2a7fd2da9b5-groupManagement] INFO  impl.RoleInfo (RoleInfo.java:updateAndGet(139)) - e7d9066e-05d1-4d78-941d-b2a7fd2da9b5: start e7d9066e-05d1-4d78-941d-b2a7fd2da9b5@group-1D9BD65C894C-FollowerState
2023-07-18 19:30:31,177 [e7d9066e-05d1-4d78-941d-b2a7fd2da9b5-groupManagement] INFO  util.JmxRegister (JmxRegister.java:tryRegister(44)) - Successfully registered JMX Bean with object name Ratis:service=RaftServer,group=group-1D9BD65C894C,id=e7d9066e-05d1-4d78-941d-b2a7fd2da9b5
2023-07-18 19:30:31,177 [e7d9066e-05d1-4d78-941d-b2a7fd2da9b5-groupManagement] INFO  server.RaftServerConfigKeys (ConfUtils.java:logGet(46)) - raft.server.snapshot.auto.trigger.enabled = true (custom)
2023-07-18 19:30:31,177 [e7d9066e-05d1-4d78-941d-b2a7fd2da9b5-groupManagement] INFO  server.RaftServerConfigKeys (ConfUtils.java:logGet(46)) - raft.server.snapshot.auto.trigger.threshold = 10000 (custom)
2023-07-18 19:30:31,177 [e7d9066e-05d1-4d78-941d-b2a7fd2da9b5-groupManagement] INFO  server.RaftServerConfigKeys (ConfUtils.java:logGet(46)) - raft.server.snapshot.retention.file.num = 5 (custom)
2023-07-18 19:30:31,177 [e7d9066e-05d1-4d78-941d-b2a7fd2da9b5-groupManagement] INFO  server.RaftServerConfigKeys (ConfUtils.java:logGet(46)) - raft.server.log.purge.upto.snapshot.index = false (default)
2023-07-18 19:30:31,178 [e7d9066e-05d1-4d78-941d-b2a7fd2da9b5@group-1D9BD65C894C-FollowerState] INFO  server.RaftServerConfigKeys (ConfUtils.java:logFallback(53)) - raft.server.rpc.first-election.timeout.min = 5s (fallback to raft.server.rpc.timeout.min)
2023-07-18 19:30:31,182 [e7d9066e-05d1-4d78-941d-b2a7fd2da9b5@group-1D9BD65C894C-FollowerState] INFO  server.RaftServerConfigKeys (ConfUtils.java:logFallback(53)) - raft.server.rpc.first-election.timeout.max = 5200ms (fallback to raft.server.rpc.timeout.max)
2023-07-18 19:30:31,174 [JvmPauseMonitor4] WARN  util.JvmPauseMonitor (JvmPauseMonitor.java:detectPause(124)) - JvmPauseMonitor-eb412079-c751-4dfd-aec5-5a0bb932822c: Detected pause in JVM or host machine approximately 0.320s with 0.316s GC time.
GC pool 'PS MarkSweep' had collection(s): count=1 time=245ms
GC pool 'PS Scavenge' had collection(s): count=1 time=71ms
2023-07-18 19:30:31,170 [JvmPauseMonitor2] WARN  util.JvmPauseMonitor (JvmPauseMonitor.java:detectPause(124)) - JvmPauseMonitor-e7d9066e-05d1-4d78-941d-b2a7fd2da9b5: Detected pause in JVM or host machine approximately 0.175s with 0.316s GC time.
GC pool 'PS MarkSweep' had collection(s): count=1 time=245ms
GC pool 'PS Scavenge' had collection(s): count=1 time=71ms
2023-07-18 19:30:31,170 [JvmPauseMonitor0] WARN  util.JvmPauseMonitor (JvmPauseMonitor.java:detectPause(124)) - JvmPauseMonitor-fadca3e4-6f40-4d6e-960d-52adb9a7a20f: Detected pause in JVM or host machine approximately 0.273s with 0.316s GC time.
GC pool 'PS MarkSweep' had collection(s): count=1 time=245ms
GC pool 'PS Scavenge' had collection(s): count=1 time=71ms
2023-07-18 19:30:31,169 [JvmPauseMonitor3] WARN  util.JvmPauseMonitor (JvmPauseMonitor.java:detectPause(124)) - JvmPauseMonitor-ec94dcc4-e30d-4488-98e5-1700c0a44b75: Detected pause in JVM or host machine approximately 0.174s with 0.316s GC time.
GC pool 'PS MarkSweep' had collection(s): count=1 time=245ms
GC pool 'PS Scavenge' had collection(s): count=1 time=71ms
2023-07-18 19:30:30,851 [PipelineCommandHandlerThread-0] INFO  commandhandler.CreatePipelineCommandHandler (CreatePipelineCommandHandler.java:lambda$handle$2(124)) - Created Pipeline RATIS THREE PipelineID=419e2787-58e7-484b-b928-97eae1a8194b.
2023-07-18 19:30:31,183 [PipelineCommandHandlerThread-0] INFO  server.RaftServer (RaftServerProxy.java:addNew(98)) - ec94dcc4-e30d-4488-98e5-1700c0a44b75: addNew group-1D9BD65C894C:[e7d9066e-05d1-4d78-941d-b2a7fd2da9b5|rpc:10.1.0.42:15014|admin:10.1.0.42:15013|client:10.1.0.42:15012|dataStream:10.1.0.42:15015|priority:0|startupRole:FOLLOWER, eb412079-c751-4dfd-aec5-5a0bb932822c|rpc:10.1.0.42:15032|admin:10.1.0.42:15031|client:10.1.0.42:15030|dataStream:10.1.0.42:15033|priority:1|startupRole:FOLLOWER, ec94dcc4-e30d-4488-98e5-1700c0a44b75|rpc:10.1.0.42:15023|admin:10.1.0.42:15022|client:10.1.0.42:15021|dataStream:10.1.0.42:15024|priority:0|startupRole:FOLLOWER] returns group-1D9BD65C894C:java.util.concurrent.CompletableFuture@426cda38[Not completed]
2023-07-18 19:30:31,179 [eb412079-c751-4dfd-aec5-5a0bb932822c-groupManagement] INFO  server.RaftServerConfigKeys (ConfUtils.java:logGet(46)) - raft.server.log.unsafe-flush.enabled = false (default)
2023-07-18 19:30:31,183 [eb412079-c751-4dfd-aec5-5a0bb932822c-groupManagement] INFO  server.RaftServerConfigKeys (ConfUtils.java:logGet(46)) - raft.server.log.async-flush.enabled = false (default)
2023-07-18 19:30:31,184 [eb412079-c751-4dfd-aec5-5a0bb932822c-groupManagement] INFO  server.RaftServerConfigKeys (ConfUtils.java:logGet(46)) - raft.server.log.statemachine.data.caching.enabled = true (custom)
2023-07-18 19:30:31,184 [eb412079-c751-4dfd-aec5-5a0bb932822c-groupManagement] INFO  segmented.SegmentedRaftLogWorker (SegmentedRaftLogWorker.java:lambda$new$0(135)) - eb412079-c751-4dfd-aec5-5a0bb932822c@group-40DD1A805D0D-SegmentedRaftLogWorker: flushIndex: setUnconditionally 0 -> -1
2023-07-18 19:30:31,184 [eb412079-c751-4dfd-aec5-5a0bb932822c-groupManagement] INFO  segmented.SegmentedRaftLogWorker (SegmentedRaftLogWorker.java:lambda$new$0(135)) - eb412079-c751-4dfd-aec5-5a0bb932822c@group-40DD1A805D0D-SegmentedRaftLogWorker: safeCacheEvictIndex: setUnconditionally 0 -> -1
2023-07-18 19:30:31,179 [PipelineCommandHandlerThread-0] INFO  ratis.XceiverServerRatis (XceiverServerRatis.java:addGroup(804)) - Created group PipelineID=992b8d43-8bac-488b-866f-1d9bd65c894c
2023-07-18 19:30:31,190 [eb412079-c751-4dfd-aec5-5a0bb932822c-groupManagement] INFO  server.RaftServer$Division (RaftServerImpl.java:start(342)) - eb412079-c751-4dfd-aec5-5a0bb932822c@group-40DD1A805D0D: start as a follower, conf=-1: peers:[eb412079-c751-4dfd-aec5-5a0bb932822c|rpc:10.1.0.42:15032|admin:10.1.0.42:15031|client:10.1.0.42:15030|dataStream:10.1.0.42:15033|priority:1|startupRole:FOLLOWER]|listeners:[], old=null
2023-07-18 19:30:31,191 [eb412079-c751-4dfd-aec5-5a0bb932822c-groupManagement] INFO  server.RaftServer$Division (RaftServerImpl.java:setRole(329)) - eb412079-c751-4dfd-aec5-5a0bb932822c@group-40DD1A805D0D: changes role from      null to FOLLOWER at term 0 for startAsFollower
2023-07-18 19:30:31,191 [eb412079-c751-4dfd-aec5-5a0bb932822c-groupManagement] INFO  impl.RoleInfo (RoleInfo.java:updateAndGet(139)) - eb412079-c751-4dfd-aec5-5a0bb932822c: start eb412079-c751-4dfd-aec5-5a0bb932822c@group-40DD1A805D0D-FollowerState
2023-07-18 19:30:31,184 [ec94dcc4-e30d-4488-98e5-1700c0a44b75-groupManagement] INFO  server.RaftServer$Division (RaftServerImpl.java:<init>(198)) - ec94dcc4-e30d-4488-98e5-1700c0a44b75: new RaftServerImpl for group-1D9BD65C894C:[e7d9066e-05d1-4d78-941d-b2a7fd2da9b5|rpc:10.1.0.42:15014|admin:10.1.0.42:15013|client:10.1.0.42:15012|dataStream:10.1.0.42:15015|priority:0|startupRole:FOLLOWER, eb412079-c751-4dfd-aec5-5a0bb932822c|rpc:10.1.0.42:15032|admin:10.1.0.42:15031|client:10.1.0.42:15030|dataStream:10.1.0.42:15033|priority:1|startupRole:FOLLOWER, ec94dcc4-e30d-4488-98e5-1700c0a44b75|rpc:10.1.0.42:15023|admin:10.1.0.42:15022|client:10.1.0.42:15021|dataStream:10.1.0.42:15024|priority:0|startupRole:FOLLOWER] with ContainerStateMachine:uninitialized
2023-07-18 19:30:31,191 [ec94dcc4-e30d-4488-98e5-1700c0a44b75-groupManagement] INFO  server.RaftServerConfigKeys (ConfUtils.java:logGet(46)) - raft.server.rpc.timeout.min = 5s (custom)
2023-07-18 19:30:31,191 [ec94dcc4-e30d-4488-98e5-1700c0a44b75-groupManagement] INFO  server.RaftServerConfigKeys (ConfUtils.java:logGet(46)) - raft.server.rpc.timeout.max = 5200ms (custom)
2023-07-18 19:30:31,192 [ec94dcc4-e30d-4488-98e5-1700c0a44b75-groupManagement] INFO  server.RaftServerConfigKeys (ConfUtils.java:logGet(46)) - raft.server.rpc.sleep.time = 25ms (default)
2023-07-18 19:30:31,192 [ec94dcc4-e30d-4488-98e5-1700c0a44b75-groupManagement] INFO  server.RaftServerConfigKeys (ConfUtils.java:logGet(46)) - raft.server.rpc.slowness.timeout = 300000ms (custom)
2023-07-18 19:30:31,192 [ec94dcc4-e30d-4488-98e5-1700c0a44b75-groupManagement] INFO  server.RaftServerConfigKeys (ConfUtils.java:logGet(46)) - raft.server.leaderelection.leader.step-down.wait-time = 10s (default)
2023-07-18 19:30:31,192 [ec94dcc4-e30d-4488-98e5-1700c0a44b75-groupManagement] INFO  server.RaftServerConfigKeys (ConfUtils.java:logGet(46)) - raft.server.sleep.deviation.threshold = 300ms (default)
2023-07-18 19:30:31,192 [ec94dcc4-e30d-4488-98e5-1700c0a44b75-groupManagement] INFO  server.RaftServer$Division (ServerState.java:<init>(120)) - ec94dcc4-e30d-4488-98e5-1700c0a44b75@group-1D9BD65C894C: ConfigurationManager, init=-1: peers:[e7d9066e-05d1-4d78-941d-b2a7fd2da9b5|rpc:10.1.0.42:15014|admin:10.1.0.42:15013|client:10.1.0.42:15012|dataStream:10.1.0.42:15015|priority:0|startupRole:FOLLOWER, eb412079-c751-4dfd-aec5-5a0bb932822c|rpc:10.1.0.42:15032|admin:10.1.0.42:15031|client:10.1.0.42:15030|dataStream:10.1.0.42:15033|priority:1|startupRole:FOLLOWER, ec94dcc4-e30d-4488-98e5-1700c0a44b75|rpc:10.1.0.42:15023|admin:10.1.0.42:15022|client:10.1.0.42:15021|dataStream:10.1.0.42:15024|priority:0|startupRole:FOLLOWER]|listeners:[], old=null, confs=<EMPTY_MAP>
2023-07-18 19:30:31,192 [ec94dcc4-e30d-4488-98e5-1700c0a44b75-groupManagement] INFO  server.RaftServerConfigKeys (ConfUtils.java:logGet(46)) - raft.server.storage.dir = [/home/runner/work/ozone/ozone/hadoop-ozone/integration-test/target/test-dir/MiniOzoneClusterImpl-6b031341-d507-43af-b1f0-ac2f4105ef04/datanode-1/data/ratis] (custom)
2023-07-18 19:30:31,192 [ec94dcc4-e30d-4488-98e5-1700c0a44b75-groupManagement] INFO  server.RaftServerConfigKeys (ConfUtils.java:logGet(46)) - raft.server.log.corruption.policy = EXCEPTION (default)
2023-07-18 19:30:31,192 [ec94dcc4-e30d-4488-98e5-1700c0a44b75-groupManagement] INFO  server.RaftServerConfigKeys (ConfUtils.java:logGet(46)) - raft.server.storage.free-space.min = 0MB (=0) (default)
2023-07-18 19:30:31,192 [ec94dcc4-e30d-4488-98e5-1700c0a44b75-groupManagement] INFO  server.RaftServerConfigKeys (ConfUtils.java:logGet(46)) - raft.server.notification.no-leader.timeout = 300000ms (custom)
2023-07-18 19:30:31,193 [ec94dcc4-e30d-4488-98e5-1700c0a44b75-groupManagement] INFO  server.RaftServerConfigKeys (ConfUtils.java:logGet(46)) - raft.server.read.timeout = 10s (default)
2023-07-18 19:30:31,193 [ec94dcc4-e30d-4488-98e5-1700c0a44b75-groupManagement] INFO  server.RaftServerConfigKeys (ConfUtils.java:logGet(46)) - raft.server.retrycache.expirytime = 600000ms (custom)
2023-07-18 19:30:31,193 [ec94dcc4-e30d-4488-98e5-1700c0a44b75-groupManagement] INFO  server.RaftServerConfigKeys (ConfUtils.java:logGet(46)) - raft.server.retrycache.statistics.expirytime = 100μs (default)
2023-07-18 19:30:31,193 [ec94dcc4-e30d-4488-98e5-1700c0a44b75-groupManagement] INFO  server.RaftServerConfigKeys (ConfUtils.java:logGet(46)) - raft.server.read.option = DEFAULT (default)
2023-07-18 19:30:31,194 [ec94dcc4-e30d-4488-98e5-1700c0a44b75-groupManagement] INFO  server.RaftServerConfigKeys (ConfUtils.java:logGet(46)) - raft.server.rpc.request.timeout = 3000ms (default)
2023-07-18 19:30:31,194 [ec94dcc4-e30d-4488-98e5-1700c0a44b75-groupManagement] INFO  server.RaftServerConfigKeys (ConfUtils.java:logGet(46)) - raft.server.log.appender.install.snapshot.enabled = false (custom)
2023-07-18 19:30:31,194 [ec94dcc4-e30d-4488-98e5-1700c0a44b75-groupManagement] INFO  server.RaftServerConfigKeys (ConfUtils.java:logGet(46)) - raft.server.threadpool.server.cached = true (default)
2023-07-18 19:30:31,194 [ec94dcc4-e30d-4488-98e5-1700c0a44b75-groupManagement] INFO  server.RaftServerConfigKeys (ConfUtils.java:logGet(46)) - raft.server.threadpool.server.size = 0 (default)
2023-07-18 19:30:31,195 [ec94dcc4-e30d-4488-98e5-1700c0a44b75-groupManagement] INFO  server.RaftServerConfigKeys (ConfUtils.java:logGet(46)) - raft.server.threadpool.client.cached = true (default)
2023-07-18 19:30:31,195 [ec94dcc4-e30d-4488-98e5-1700c0a44b75-groupManagement] INFO  server.RaftServerConfigKeys (ConfUtils.java:logGet(46)) - raft.server.threadpool.client.size = 0 (default)
2023-07-18 19:30:31,195 [ec94dcc4-e30d-4488-98e5-1700c0a44b75-groupManagement] INFO  storage.RaftStorageDirectory (RaftStorageDirectoryImpl.java:analyzeStorage(137)) - The storage directory /home/runner/work/ozone/ozone/hadoop-ozone/integration-test/target/test-dir/MiniOzoneClusterImpl-6b031341-d507-43af-b1f0-ac2f4105ef04/datanode-1/data/ratis/992b8d43-8bac-488b-866f-1d9bd65c894c does not exist. Creating ...
2023-07-18 19:30:31,197 [ec94dcc4-e30d-4488-98e5-1700c0a44b75-groupManagement] INFO  storage.RaftStorageDirectory (RaftStorageDirectoryImpl.java:tryLock(231)) - Lock on /home/runner/work/ozone/ozone/hadoop-ozone/integration-test/target/test-dir/MiniOzoneClusterImpl-6b031341-d507-43af-b1f0-ac2f4105ef04/datanode-1/data/ratis/992b8d43-8bac-488b-866f-1d9bd65c894c/in_use.lock acquired by nodename 29621@fv-az613-641
2023-07-18 19:30:31,198 [eb412079-c751-4dfd-aec5-5a0bb932822c-groupManagement] INFO  util.JmxRegister (JmxRegister.java:tryRegister(44)) - Successfully registered JMX Bean with object name Ratis:service=RaftServer,group=group-40DD1A805D0D,id=eb412079-c751-4dfd-aec5-5a0bb932822c
2023-07-18 19:30:31,199 [ec94dcc4-e30d-4488-98e5-1700c0a44b75-groupManagement] INFO  storage.RaftStorage (RaftStorageImpl.java:format(96)) - Storage directory /home/runner/work/ozone/ozone/hadoop-ozone/integration-test/target/test-dir/MiniOzoneClusterImpl-6b031341-d507-43af-b1f0-ac2f4105ef04/datanode-1/data/ratis/992b8d43-8bac-488b-866f-1d9bd65c894c has been successfully formatted.
2023-07-18 19:30:31,199 [eb412079-c751-4dfd-aec5-5a0bb932822c-groupManagement] INFO  server.RaftServerConfigKeys (ConfUtils.java:logGet(46)) - raft.server.snapshot.auto.trigger.enabled = true (custom)
2023-07-18 19:30:31,199 [eb412079-c751-4dfd-aec5-5a0bb932822c-groupManagement] INFO  server.RaftServerConfigKeys (ConfUtils.java:logGet(46)) - raft.server.snapshot.auto.trigger.threshold = 10000 (custom)
2023-07-18 19:30:31,199 [eb412079-c751-4dfd-aec5-5a0bb932822c-groupManagement] INFO  server.RaftServerConfigKeys (ConfUtils.java:logGet(46)) - raft.server.snapshot.retention.file.num = 5 (custom)
2023-07-18 19:30:31,199 [eb412079-c751-4dfd-aec5-5a0bb932822c-groupManagement] INFO  server.RaftServerConfigKeys (ConfUtils.java:logGet(46)) - raft.server.log.purge.upto.snapshot.index = false (default)
2023-07-18 19:30:31,199 [ec94dcc4-e30d-4488-98e5-1700c0a44b75-groupManagement] INFO  ratis.ContainerStateMachine (ContainerStateMachine.java:loadSnapshot(262)) - group-1D9BD65C894C: The snapshot info is null. Setting the last applied indexto:(t:0, i:~)
2023-07-18 19:30:31,199 [ec94dcc4-e30d-4488-98e5-1700c0a44b75-groupManagement] INFO  server.RaftServerConfigKeys (ConfUtils.java:logGet(46)) - raft.server.log.use.memory = false (default)
2023-07-18 19:30:31,200 [ec94dcc4-e30d-4488-98e5-1700c0a44b75-groupManagement] INFO  server.RaftServerConfigKeys (ConfUtils.java:logGet(46)) - raft.server.log.purge.gap = 1000000 (custom)
2023-07-18 19:30:31,200 [ec94dcc4-e30d-4488-98e5-1700c0a44b75-groupManagement] INFO  server.RaftServerConfigKeys (ConfUtils.java:logGet(46)) - raft.server.log.appender.buffer.byte-limit = 33554432 (custom)
2023-07-18 19:30:31,200 [ec94dcc4-e30d-4488-98e5-1700c0a44b75-groupManagement] INFO  server.RaftServerConfigKeys (ConfUtils.java:logGet(46)) - raft.server.log.statemachine.data.read.timeout = 1000ms (default)
2023-07-18 19:30:31,200 [ec94dcc4-e30d-4488-98e5-1700c0a44b75-groupManagement] INFO  server.RaftServerConfigKeys (ConfUtils.java:logGet(46)) - raft.server.log.purge.preservation.log.num = 0 (default)
2023-07-18 19:30:31,200 [ec94dcc4-e30d-4488-98e5-1700c0a44b75-groupManagement] INFO  server.RaftServerConfigKeys (ConfUtils.java:logGet(46)) - raft.server.log.segment.size.max = 1048576 (custom)
2023-07-18 19:30:31,200 [ec94dcc4-e30d-4488-98e5-1700c0a44b75-groupManagement] INFO  server.RaftServerConfigKeys (ConfUtils.java:logGet(46)) - raft.server.log.segment.cache.num.max = 2 (custom)
2023-07-18 19:30:31,203 [PipelineCommandHandlerThread-0] INFO  ratis.XceiverServerRatis (XceiverServerRatis.java:addGroup(804)) - Created group PipelineID=cad81912-839f-4986-9ed1-40dd1a805d0d
2023-07-18 19:30:31,207 [PipelineCommandHandlerThread-0] INFO  commandhandler.CreatePipelineCommandHandler (CreatePipelineCommandHandler.java:lambda$handle$2(124)) - Created Pipeline RATIS ONE PipelineID=cad81912-839f-4986-9ed1-40dd1a805d0d.
2023-07-18 19:30:31,208 [PipelineCommandHandlerThread-0] INFO  server.RaftServer (RaftServerProxy.java:addNew(98)) - eb412079-c751-4dfd-aec5-5a0bb932822c: addNew group-1D9BD65C894C:[e7d9066e-05d1-4d78-941d-b2a7fd2da9b5|rpc:10.1.0.42:15014|admin:10.1.0.42:15013|client:10.1.0.42:15012|dataStream:10.1.0.42:15015|priority:0|startupRole:FOLLOWER, eb412079-c751-4dfd-aec5-5a0bb932822c|rpc:10.1.0.42:15032|admin:10.1.0.42:15031|client:10.1.0.42:15030|dataStream:10.1.0.42:15033|priority:1|startupRole:FOLLOWER, ec94dcc4-e30d-4488-98e5-1700c0a44b75|rpc:10.1.0.42:15023|admin:10.1.0.42:15022|client:10.1.0.42:15021|dataStream:10.1.0.42:15024|priority:0|startupRole:FOLLOWER] returns group-1D9BD65C894C:java.util.concurrent.CompletableFuture@c252e9[Not completed]
2023-07-18 19:30:31,209 [eb412079-c751-4dfd-aec5-5a0bb932822c-groupManagement] INFO  server.RaftServer$Division (RaftServerImpl.java:<init>(198)) - eb412079-c751-4dfd-aec5-5a0bb932822c: new RaftServerImpl for group-1D9BD65C894C:[e7d9066e-05d1-4d78-941d-b2a7fd2da9b5|rpc:10.1.0.42:15014|admin:10.1.0.42:15013|client:10.1.0.42:15012|dataStream:10.1.0.42:15015|priority:0|startupRole:FOLLOWER, eb412079-c751-4dfd-aec5-5a0bb932822c|rpc:10.1.0.42:15032|admin:10.1.0.42:15031|client:10.1.0.42:15030|dataStream:10.1.0.42:15033|priority:1|startupRole:FOLLOWER, ec94dcc4-e30d-4488-98e5-1700c0a44b75|rpc:10.1.0.42:15023|admin:10.1.0.42:15022|client:10.1.0.42:15021|dataStream:10.1.0.42:15024|priority:0|startupRole:FOLLOWER] with ContainerStateMachine:uninitialized
2023-07-18 19:30:31,210 [eb412079-c751-4dfd-aec5-5a0bb932822c-groupManagement] INFO  server.RaftServerConfigKeys (ConfUtils.java:logGet(46)) - raft.server.rpc.timeout.min = 5s (custom)
2023-07-18 19:30:31,210 [eb412079-c751-4dfd-aec5-5a0bb932822c-groupManagement] INFO  server.RaftServerConfigKeys (ConfUtils.java:logGet(46)) - raft.server.rpc.timeout.max = 5200ms (custom)
2023-07-18 19:30:31,210 [EventQueue-OpenPipelineForHealthyPipelineSafeModeRule] INFO  safemode.SCMSafeModeManager (HealthyPipelineSafeModeRule.java:process(137)) - SCM in safe mode. Healthy pipelines reported count is 0, required healthy pipeline reported count is 1
2023-07-18 19:30:31,201 [eb412079-c751-4dfd-aec5-5a0bb932822c@group-40DD1A805D0D-FollowerState] INFO  server.RaftServerConfigKeys (ConfUtils.java:logFallback(53)) - raft.server.rpc.first-election.timeout.min = 5s (fallback to raft.server.rpc.timeout.min)
2023-07-18 19:30:31,214 [eb412079-c751-4dfd-aec5-5a0bb932822c@group-40DD1A805D0D-FollowerState] INFO  server.RaftServerConfigKeys (ConfUtils.java:logFallback(53)) - raft.server.rpc.first-election.timeout.max = 5200ms (fallback to raft.server.rpc.timeout.max)
2023-07-18 19:30:31,210 [ec94dcc4-e30d-4488-98e5-1700c0a44b75-groupManagement] INFO  server.RaftServerConfigKeys (ConfUtils.java:logGet(46)) - raft.server.log.segment.cache.size.max = 200MB (=209715200) (default)
2023-07-18 19:30:31,210 [eb412079-c751-4dfd-aec5-5a0bb932822c-groupManagement] INFO  server.RaftServerConfigKeys (ConfUtils.java:logGet(46)) - raft.server.rpc.sleep.time = 25ms (default)
2023-07-18 19:30:31,214 [ec94dcc4-e30d-4488-98e5-1700c0a44b75-groupManagement] INFO  server.RaftServerConfigKeys (ConfUtils.java:logGet(46)) - raft.server.log.appender.buffer.byte-limit = 33554432 (custom)
2023-07-18 19:30:31,214 [ec94dcc4-e30d-4488-98e5-1700c0a44b75-groupManagement] INFO  segmented.SegmentedRaftLogWorker (SegmentedRaftLogWorker.java:<init>(188)) - new ec94dcc4-e30d-4488-98e5-1700c0a44b75@group-1D9BD65C894C-SegmentedRaftLogWorker for RaftStorageImpl:Storage Directory /home/runner/work/ozone/ozone/hadoop-ozone/integration-test/target/test-dir/MiniOzoneClusterImpl-6b031341-d507-43af-b1f0-ac2f4105ef04/datanode-1/data/ratis/992b8d43-8bac-488b-866f-1d9bd65c894c
2023-07-18 19:30:31,215 [ec94dcc4-e30d-4488-98e5-1700c0a44b75-groupManagement] INFO  server.RaftServerConfigKeys (ConfUtils.java:logGet(46)) - raft.server.log.queue.byte-limit = 4294967296 (custom)
2023-07-18 19:30:31,215 [ec94dcc4-e30d-4488-98e5-1700c0a44b75-groupManagement] INFO  server.RaftServerConfigKeys (ConfUtils.java:logGet(46)) - raft.server.log.queue.element-limit = 1024 (custom)
2023-07-18 19:30:31,215 [ec94dcc4-e30d-4488-98e5-1700c0a44b75-groupManagement] INFO  server.RaftServerConfigKeys (ConfUtils.java:logGet(46)) - raft.server.log.segment.size.max = 1048576 (custom)
2023-07-18 19:30:31,215 [ec94dcc4-e30d-4488-98e5-1700c0a44b75-groupManagement] INFO  server.RaftServerConfigKeys (ConfUtils.java:logGet(46)) - raft.server.log.preallocated.size = 16384 (custom)
2023-07-18 19:30:31,215 [ec94dcc4-e30d-4488-98e5-1700c0a44b75-groupManagement] INFO  server.RaftServerConfigKeys (ConfUtils.java:logGet(46)) - raft.server.log.force.sync.num = 128 (default)
2023-07-18 19:30:31,215 [ec94dcc4-e30d-4488-98e5-1700c0a44b75-groupManagement] INFO  server.RaftServerConfigKeys (ConfUtils.java:logGet(46)) - raft.server.log.statemachine.data.sync = true (default)
2023-07-18 19:30:31,215 [ec94dcc4-e30d-4488-98e5-1700c0a44b75-groupManagement] INFO  server.RaftServerConfigKeys (ConfUtils.java:logGet(46)) - raft.server.log.statemachine.data.sync.timeout = 10s (default)
2023-07-18 19:30:31,215 [ec94dcc4-e30d-4488-98e5-1700c0a44b75-groupManagement] INFO  server.RaftServerConfigKeys (ConfUtils.java:logGet(46)) - raft.server.log.statemachine.data.sync.timeout.retry = -1 (default)
2023-07-18 19:30:31,216 [ec94dcc4-e30d-4488-98e5-1700c0a44b75-groupManagement] INFO  server.RaftServerConfigKeys (ConfUtils.java:logGet(46)) - raft.server.log.write.buffer.size = 1048576 (custom)
2023-07-18 19:30:31,217 [ec94dcc4-e30d-4488-98e5-1700c0a44b75-groupManagement] INFO  server.RaftServerConfigKeys (ConfUtils.java:logGet(46)) - raft.server.log.appender.buffer.byte-limit = 33554432 (custom)
2023-07-18 19:30:31,222 [ec94dcc4-e30d-4488-98e5-1700c0a44b75-groupManagement] INFO  server.RaftServerConfigKeys (ConfUtils.java:logGet(46)) - raft.server.log.unsafe-flush.enabled = false (default)
2023-07-18 19:30:31,222 [ec94dcc4-e30d-4488-98e5-1700c0a44b75-groupManagement] INFO  server.RaftServerConfigKeys (ConfUtils.java:logGet(46)) - raft.server.log.async-flush.enabled = false (default)
2023-07-18 19:30:31,222 [ec94dcc4-e30d-4488-98e5-1700c0a44b75-groupManagement] INFO  server.RaftServerConfigKeys (ConfUtils.java:logGet(46)) - raft.server.log.statemachine.data.caching.enabled = true (custom)
2023-07-18 19:30:31,222 [ec94dcc4-e30d-4488-98e5-1700c0a44b75-groupManagement] INFO  segmented.SegmentedRaftLogWorker (SegmentedRaftLogWorker.java:lambda$new$0(135)) - ec94dcc4-e30d-4488-98e5-1700c0a44b75@group-1D9BD65C894C-SegmentedRaftLogWorker: flushIndex: setUnconditionally 0 -> -1
2023-07-18 19:30:31,222 [ec94dcc4-e30d-4488-98e5-1700c0a44b75-groupManagement] INFO  segmented.SegmentedRaftLogWorker (SegmentedRaftLogWorker.java:lambda$new$0(135)) - ec94dcc4-e30d-4488-98e5-1700c0a44b75@group-1D9BD65C894C-SegmentedRaftLogWorker: safeCacheEvictIndex: setUnconditionally 0 -> -1
2023-07-18 19:30:31,223 [eb412079-c751-4dfd-aec5-5a0bb932822c-groupManagement] INFO  server.RaftServerConfigKeys (ConfUtils.java:logGet(46)) - raft.server.rpc.slowness.timeout = 300000ms (custom)
2023-07-18 19:30:31,223 [eb412079-c751-4dfd-aec5-5a0bb932822c-groupManagement] INFO  server.RaftServerConfigKeys (ConfUtils.java:logGet(46)) - raft.server.leaderelection.leader.step-down.wait-time = 10s (default)
2023-07-18 19:30:31,223 [eb412079-c751-4dfd-aec5-5a0bb932822c-groupManagement] INFO  server.RaftServerConfigKeys (ConfUtils.java:logGet(46)) - raft.server.sleep.deviation.threshold = 300ms (default)
2023-07-18 19:30:31,223 [eb412079-c751-4dfd-aec5-5a0bb932822c-groupManagement] INFO  server.RaftServer$Division (ServerState.java:<init>(120)) - eb412079-c751-4dfd-aec5-5a0bb932822c@group-1D9BD65C894C: ConfigurationManager, init=-1: peers:[e7d9066e-05d1-4d78-941d-b2a7fd2da9b5|rpc:10.1.0.42:15014|admin:10.1.0.42:15013|client:10.1.0.42:15012|dataStream:10.1.0.42:15015|priority:0|startupRole:FOLLOWER, eb412079-c751-4dfd-aec5-5a0bb932822c|rpc:10.1.0.42:15032|admin:10.1.0.42:15031|client:10.1.0.42:15030|dataStream:10.1.0.42:15033|priority:1|startupRole:FOLLOWER, ec94dcc4-e30d-4488-98e5-1700c0a44b75|rpc:10.1.0.42:15023|admin:10.1.0.42:15022|client:10.1.0.42:15021|dataStream:10.1.0.42:15024|priority:0|startupRole:FOLLOWER]|listeners:[], old=null, confs=<EMPTY_MAP>
2023-07-18 19:30:31,223 [eb412079-c751-4dfd-aec5-5a0bb932822c-groupManagement] INFO  server.RaftServerConfigKeys (ConfUtils.java:logGet(46)) - raft.server.storage.dir = [/home/runner/work/ozone/ozone/hadoop-ozone/integration-test/target/test-dir/MiniOzoneClusterImpl-6b031341-d507-43af-b1f0-ac2f4105ef04/datanode-2/data/ratis] (custom)
2023-07-18 19:30:31,224 [eb412079-c751-4dfd-aec5-5a0bb932822c-groupManagement] INFO  server.RaftServerConfigKeys (ConfUtils.java:logGet(46)) - raft.server.log.corruption.policy = EXCEPTION (default)
2023-07-18 19:30:31,224 [eb412079-c751-4dfd-aec5-5a0bb932822c-groupManagement] INFO  server.RaftServerConfigKeys (ConfUtils.java:logGet(46)) - raft.server.storage.free-space.min = 0MB (=0) (default)
2023-07-18 19:30:31,224 [eb412079-c751-4dfd-aec5-5a0bb932822c-groupManagement] INFO  server.RaftServerConfigKeys (ConfUtils.java:logGet(46)) - raft.server.notification.no-leader.timeout = 300000ms (custom)
2023-07-18 19:30:31,224 [eb412079-c751-4dfd-aec5-5a0bb932822c-groupManagement] INFO  server.RaftServerConfigKeys (ConfUtils.java:logGet(46)) - raft.server.read.timeout = 10s (default)
2023-07-18 19:30:31,224 [eb412079-c751-4dfd-aec5-5a0bb932822c-groupManagement] INFO  server.RaftServerConfigKeys (ConfUtils.java:logGet(46)) - raft.server.retrycache.expirytime = 600000ms (custom)
2023-07-18 19:30:31,224 [eb412079-c751-4dfd-aec5-5a0bb932822c-groupManagement] INFO  server.RaftServerConfigKeys (ConfUtils.java:logGet(46)) - raft.server.retrycache.statistics.expirytime = 100μs (default)
2023-07-18 19:30:31,224 [eb412079-c751-4dfd-aec5-5a0bb932822c-groupManagement] INFO  server.RaftServerConfigKeys (ConfUtils.java:logGet(46)) - raft.server.read.option = DEFAULT (default)
2023-07-18 19:30:31,226 [eb412079-c751-4dfd-aec5-5a0bb932822c-groupManagement] INFO  server.RaftServerConfigKeys (ConfUtils.java:logGet(46)) - raft.server.rpc.request.timeout = 3000ms (default)
2023-07-18 19:30:31,226 [eb412079-c751-4dfd-aec5-5a0bb932822c-groupManagement] INFO  server.RaftServerConfigKeys (ConfUtils.java:logGet(46)) - raft.server.log.appender.install.snapshot.enabled = false (custom)
2023-07-18 19:30:31,226 [eb412079-c751-4dfd-aec5-5a0bb932822c-groupManagement] INFO  server.RaftServerConfigKeys (ConfUtils.java:logGet(46)) - raft.server.threadpool.server.cached = true (default)
2023-07-18 19:30:31,226 [eb412079-c751-4dfd-aec5-5a0bb932822c-groupManagement] INFO  server.RaftServerConfigKeys (ConfUtils.java:logGet(46)) - raft.server.threadpool.server.size = 0 (default)
2023-07-18 19:30:31,226 [eb412079-c751-4dfd-aec5-5a0bb932822c-groupManagement] INFO  server.RaftServerConfigKeys (ConfUtils.java:logGet(46)) - raft.server.threadpool.client.cached = true (default)
2023-07-18 19:30:31,226 [eb412079-c751-4dfd-aec5-5a0bb932822c-groupManagement] INFO  server.RaftServerConfigKeys (ConfUtils.java:logGet(46)) - raft.server.threadpool.client.size = 0 (default)
2023-07-18 19:30:31,227 [eb412079-c751-4dfd-aec5-5a0bb932822c-groupManagement] INFO  storage.RaftStorageDirectory (RaftStorageDirectoryImpl.java:analyzeStorage(137)) - The storage directory /home/runner/work/ozone/ozone/hadoop-ozone/integration-test/target/test-dir/MiniOzoneClusterImpl-6b031341-d507-43af-b1f0-ac2f4105ef04/datanode-2/data/ratis/992b8d43-8bac-488b-866f-1d9bd65c894c does not exist. Creating ...
2023-07-18 19:30:31,229 [eb412079-c751-4dfd-aec5-5a0bb932822c-groupManagement] INFO  storage.RaftStorageDirectory (RaftStorageDirectoryImpl.java:tryLock(231)) - Lock on /home/runner/work/ozone/ozone/hadoop-ozone/integration-test/target/test-dir/MiniOzoneClusterImpl-6b031341-d507-43af-b1f0-ac2f4105ef04/datanode-2/data/ratis/992b8d43-8bac-488b-866f-1d9bd65c894c/in_use.lock acquired by nodename 29621@fv-az613-641
2023-07-18 19:30:31,229 [ec94dcc4-e30d-4488-98e5-1700c0a44b75-groupManagement] INFO  server.RaftServer$Division (RaftServerImpl.java:start(342)) - ec94dcc4-e30d-4488-98e5-1700c0a44b75@group-1D9BD65C894C: start as a follower, conf=-1: peers:[e7d9066e-05d1-4d78-941d-b2a7fd2da9b5|rpc:10.1.0.42:15014|admin:10.1.0.42:15013|client:10.1.0.42:15012|dataStream:10.1.0.42:15015|priority:0|startupRole:FOLLOWER, eb412079-c751-4dfd-aec5-5a0bb932822c|rpc:10.1.0.42:15032|admin:10.1.0.42:15031|client:10.1.0.42:15030|dataStream:10.1.0.42:15033|priority:1|startupRole:FOLLOWER, ec94dcc4-e30d-4488-98e5-1700c0a44b75|rpc:10.1.0.42:15023|admin:10.1.0.42:15022|client:10.1.0.42:15021|dataStream:10.1.0.42:15024|priority:0|startupRole:FOLLOWER]|listeners:[], old=null
2023-07-18 19:30:31,236 [ec94dcc4-e30d-4488-98e5-1700c0a44b75-groupManagement] INFO  server.RaftServer$Division (RaftServerImpl.java:setRole(329)) - ec94dcc4-e30d-4488-98e5-1700c0a44b75@group-1D9BD65C894C: changes role from      null to FOLLOWER at term 0 for startAsFollower
2023-07-18 19:30:31,236 [ec94dcc4-e30d-4488-98e5-1700c0a44b75-groupManagement] INFO  impl.RoleInfo (RoleInfo.java:updateAndGet(139)) - ec94dcc4-e30d-4488-98e5-1700c0a44b75: start ec94dcc4-e30d-4488-98e5-1700c0a44b75@group-1D9BD65C894C-FollowerState
2023-07-18 19:30:31,232 [eb412079-c751-4dfd-aec5-5a0bb932822c-groupManagement] INFO  storage.RaftStorage (RaftStorageImpl.java:format(96)) - Storage directory /home/runner/work/ozone/ozone/hadoop-ozone/integration-test/target/test-dir/MiniOzoneClusterImpl-6b031341-d507-43af-b1f0-ac2f4105ef04/datanode-2/data/ratis/992b8d43-8bac-488b-866f-1d9bd65c894c has been successfully formatted.
2023-07-18 19:30:31,244 [ec94dcc4-e30d-4488-98e5-1700c0a44b75@group-1D9BD65C894C-FollowerState] INFO  server.RaftServerConfigKeys (ConfUtils.java:logFallback(53)) - raft.server.rpc.first-election.timeout.min = 5s (fallback to raft.server.rpc.timeout.min)
2023-07-18 19:30:31,239 [ec94dcc4-e30d-4488-98e5-1700c0a44b75-groupManagement] INFO  util.JmxRegister (JmxRegister.java:tryRegister(44)) - Successfully registered JMX Bean with object name Ratis:service=RaftServer,group=group-1D9BD65C894C,id=ec94dcc4-e30d-4488-98e5-1700c0a44b75
2023-07-18 19:30:31,245 [ec94dcc4-e30d-4488-98e5-1700c0a44b75-groupManagement] INFO  server.RaftServerConfigKeys (ConfUtils.java:logGet(46)) - raft.server.snapshot.auto.trigger.enabled = true (custom)
2023-07-18 19:30:31,245 [ec94dcc4-e30d-4488-98e5-1700c0a44b75-groupManagement] INFO  server.RaftServerConfigKeys (ConfUtils.java:logGet(46)) - raft.server.snapshot.auto.trigger.threshold = 10000 (custom)
2023-07-18 19:30:31,245 [ec94dcc4-e30d-4488-98e5-1700c0a44b75-groupManagement] INFO  server.RaftServerConfigKeys (ConfUtils.java:logGet(46)) - raft.server.snapshot.retention.file.num = 5 (custom)
2023-07-18 19:30:31,246 [ec94dcc4-e30d-4488-98e5-1700c0a44b75-groupManagement] INFO  server.RaftServerConfigKeys (ConfUtils.java:logGet(46)) - raft.server.log.purge.upto.snapshot.index = false (default)
2023-07-18 19:30:31,247 [ec94dcc4-e30d-4488-98e5-1700c0a44b75@group-1D9BD65C894C-FollowerState] INFO  server.RaftServerConfigKeys (ConfUtils.java:logFallback(53)) - raft.server.rpc.first-election.timeout.max = 5200ms (fallback to raft.server.rpc.timeout.max)
2023-07-18 19:30:31,247 [PipelineCommandHandlerThread-0] INFO  ratis.XceiverServerRatis (XceiverServerRatis.java:addGroup(804)) - Created group PipelineID=992b8d43-8bac-488b-866f-1d9bd65c894c
2023-07-18 19:30:31,247 [eb412079-c751-4dfd-aec5-5a0bb932822c-groupManagement] INFO  ratis.ContainerStateMachine (ContainerStateMachine.java:loadSnapshot(262)) - group-1D9BD65C894C: The snapshot info is null. Setting the last applied indexto:(t:0, i:~)
2023-07-18 19:30:31,247 [eb412079-c751-4dfd-aec5-5a0bb932822c-groupManagement] INFO  server.RaftServerConfigKeys (ConfUtils.java:logGet(46)) - raft.server.log.use.memory = false (default)
2023-07-18 19:30:31,247 [eb412079-c751-4dfd-aec5-5a0bb932822c-groupManagement] INFO  server.RaftServerConfigKeys (ConfUtils.java:logGet(46)) - raft.server.log.purge.gap = 1000000 (custom)
2023-07-18 19:30:31,248 [eb412079-c751-4dfd-aec5-5a0bb932822c-groupManagement] INFO  server.RaftServerConfigKeys (ConfUtils.java:logGet(46)) - raft.server.log.appender.buffer.byte-limit = 33554432 (custom)
2023-07-18 19:30:31,248 [eb412079-c751-4dfd-aec5-5a0bb932822c-groupManagement] INFO  server.RaftServerConfigKeys (ConfUtils.java:logGet(46)) - raft.server.log.statemachine.data.read.timeout = 1000ms (default)
2023-07-18 19:30:31,248 [eb412079-c751-4dfd-aec5-5a0bb932822c-groupManagement] INFO  server.RaftServerConfigKeys (ConfUtils.java:logGet(46)) - raft.server.log.purge.preservation.log.num = 0 (default)
2023-07-18 19:30:31,248 [eb412079-c751-4dfd-aec5-5a0bb932822c-groupManagement] INFO  server.RaftServerConfigKeys (ConfUtils.java:logGet(46)) - raft.server.log.segment.size.max = 1048576 (custom)
2023-07-18 19:30:31,248 [eb412079-c751-4dfd-aec5-5a0bb932822c-groupManagement] INFO  server.RaftServerConfigKeys (ConfUtils.java:logGet(46)) - raft.server.log.segment.cache.num.max = 2 (custom)
2023-07-18 19:30:31,248 [eb412079-c751-4dfd-aec5-5a0bb932822c-groupManagement] INFO  server.RaftServerConfigKeys (ConfUtils.java:logGet(46)) - raft.server.log.segment.cache.size.max = 200MB (=209715200) (default)
2023-07-18 19:30:31,249 [eb412079-c751-4dfd-aec5-5a0bb932822c-groupManagement] INFO  server.RaftServerConfigKeys (ConfUtils.java:logGet(46)) - raft.server.log.appender.buffer.byte-limit = 33554432 (custom)
2023-07-18 19:30:31,249 [eb412079-c751-4dfd-aec5-5a0bb932822c-groupManagement] INFO  segmented.SegmentedRaftLogWorker (SegmentedRaftLogWorker.java:<init>(188)) - new eb412079-c751-4dfd-aec5-5a0bb932822c@group-1D9BD65C894C-SegmentedRaftLogWorker for RaftStorageImpl:Storage Directory /home/runner/work/ozone/ozone/hadoop-ozone/integration-test/target/test-dir/MiniOzoneClusterImpl-6b031341-d507-43af-b1f0-ac2f4105ef04/datanode-2/data/ratis/992b8d43-8bac-488b-866f-1d9bd65c894c
2023-07-18 19:30:31,249 [eb412079-c751-4dfd-aec5-5a0bb932822c-groupManagement] INFO  server.RaftServerConfigKeys (ConfUtils.java:logGet(46)) - raft.server.log.queue.byte-limit = 4294967296 (custom)
2023-07-18 19:30:31,249 [eb412079-c751-4dfd-aec5-5a0bb932822c-groupManagement] INFO  server.RaftServerConfigKeys (ConfUtils.java:logGet(46)) - raft.server.log.queue.element-limit = 1024 (custom)
2023-07-18 19:30:31,249 [eb412079-c751-4dfd-aec5-5a0bb932822c-groupManagement] INFO  server.RaftServerConfigKeys (ConfUtils.java:logGet(46)) - raft.server.log.segment.size.max = 1048576 (custom)
2023-07-18 19:30:31,249 [eb412079-c751-4dfd-aec5-5a0bb932822c-groupManagement] INFO  server.RaftServerConfigKeys (ConfUtils.java:logGet(46)) - raft.server.log.preallocated.size = 16384 (custom)
2023-07-18 19:30:31,249 [eb412079-c751-4dfd-aec5-5a0bb932822c-groupManagement] INFO  server.RaftServerConfigKeys (ConfUtils.java:logGet(46)) - raft.server.log.force.sync.num = 128 (default)
2023-07-18 19:30:31,249 [eb412079-c751-4dfd-aec5-5a0bb932822c-groupManagement] INFO  server.RaftServerConfigKeys (ConfUtils.java:logGet(46)) - raft.server.log.statemachine.data.sync = true (default)
2023-07-18 19:30:31,249 [eb412079-c751-4dfd-aec5-5a0bb932822c-groupManagement] INFO  server.RaftServerConfigKeys (ConfUtils.java:logGet(46)) - raft.server.log.statemachine.data.sync.timeout = 10s (default)
2023-07-18 19:30:31,249 [eb412079-c751-4dfd-aec5-5a0bb932822c-groupManagement] INFO  server.RaftServerConfigKeys (ConfUtils.java:logGet(46)) - raft.server.log.statemachine.data.sync.timeout.retry = -1 (default)
2023-07-18 19:30:31,250 [eb412079-c751-4dfd-aec5-5a0bb932822c-groupManagement] INFO  server.RaftServerConfigKeys (ConfUtils.java:logGet(46)) - raft.server.log.write.buffer.size = 1048576 (custom)
2023-07-18 19:30:31,250 [eb412079-c751-4dfd-aec5-5a0bb932822c-groupManagement] INFO  server.RaftServerConfigKeys (ConfUtils.java:logGet(46)) - raft.server.log.appender.buffer.byte-limit = 33554432 (custom)
2023-07-18 19:30:31,260 [eb412079-c751-4dfd-aec5-5a0bb932822c-groupManagement] INFO  server.RaftServerConfigKeys (ConfUtils.java:logGet(46)) - raft.server.log.unsafe-flush.enabled = false (default)
2023-07-18 19:30:31,261 [eb412079-c751-4dfd-aec5-5a0bb932822c-groupManagement] INFO  server.RaftServerConfigKeys (ConfUtils.java:logGet(46)) - raft.server.log.async-flush.enabled = false (default)
2023-07-18 19:30:31,261 [eb412079-c751-4dfd-aec5-5a0bb932822c-groupManagement] INFO  server.RaftServerConfigKeys (ConfUtils.java:logGet(46)) - raft.server.log.statemachine.data.caching.enabled = true (custom)
2023-07-18 19:30:31,261 [eb412079-c751-4dfd-aec5-5a0bb932822c-groupManagement] INFO  segmented.SegmentedRaftLogWorker (SegmentedRaftLogWorker.java:lambda$new$0(135)) - eb412079-c751-4dfd-aec5-5a0bb932822c@group-1D9BD65C894C-SegmentedRaftLogWorker: flushIndex: setUnconditionally 0 -> -1
2023-07-18 19:30:31,261 [eb412079-c751-4dfd-aec5-5a0bb932822c-groupManagement] INFO  segmented.SegmentedRaftLogWorker (SegmentedRaftLogWorker.java:lambda$new$0(135)) - eb412079-c751-4dfd-aec5-5a0bb932822c@group-1D9BD65C894C-SegmentedRaftLogWorker: safeCacheEvictIndex: setUnconditionally 0 -> -1
2023-07-18 19:30:31,266 [EventQueue-OpenPipelineForHealthyPipelineSafeModeRule] INFO  safemode.SCMSafeModeManager (HealthyPipelineSafeModeRule.java:process(137)) - SCM in safe mode. Healthy pipelines reported count is 0, required healthy pipeline reported count is 1
2023-07-18 19:30:31,267 [eb412079-c751-4dfd-aec5-5a0bb932822c-groupManagement] INFO  server.RaftServer$Division (RaftServerImpl.java:start(342)) - eb412079-c751-4dfd-aec5-5a0bb932822c@group-1D9BD65C894C: start as a follower, conf=-1: peers:[e7d9066e-05d1-4d78-941d-b2a7fd2da9b5|rpc:10.1.0.42:15014|admin:10.1.0.42:15013|client:10.1.0.42:15012|dataStream:10.1.0.42:15015|priority:0|startupRole:FOLLOWER, eb412079-c751-4dfd-aec5-5a0bb932822c|rpc:10.1.0.42:15032|admin:10.1.0.42:15031|client:10.1.0.42:15030|dataStream:10.1.0.42:15033|priority:1|startupRole:FOLLOWER, ec94dcc4-e30d-4488-98e5-1700c0a44b75|rpc:10.1.0.42:15023|admin:10.1.0.42:15022|client:10.1.0.42:15021|dataStream:10.1.0.42:15024|priority:0|startupRole:FOLLOWER]|listeners:[], old=null
2023-07-18 19:30:31,280 [eb412079-c751-4dfd-aec5-5a0bb932822c-groupManagement] INFO  server.RaftServer$Division (RaftServerImpl.java:setRole(329)) - eb412079-c751-4dfd-aec5-5a0bb932822c@group-1D9BD65C894C: changes role from      null to FOLLOWER at term 0 for startAsFollower
2023-07-18 19:30:31,280 [eb412079-c751-4dfd-aec5-5a0bb932822c-groupManagement] INFO  impl.RoleInfo (RoleInfo.java:updateAndGet(139)) - eb412079-c751-4dfd-aec5-5a0bb932822c: start eb412079-c751-4dfd-aec5-5a0bb932822c@group-1D9BD65C894C-FollowerState
2023-07-18 19:30:31,287 [eb412079-c751-4dfd-aec5-5a0bb932822c-groupManagement] INFO  util.JmxRegister (JmxRegister.java:tryRegister(44)) - Successfully registered JMX Bean with object name Ratis:service=RaftServer,group=group-1D9BD65C894C,id=eb412079-c751-4dfd-aec5-5a0bb932822c
2023-07-18 19:30:31,292 [eb412079-c751-4dfd-aec5-5a0bb932822c-groupManagement] INFO  server.RaftServerConfigKeys (ConfUtils.java:logGet(46)) - raft.server.snapshot.auto.trigger.enabled = true (custom)
2023-07-18 19:30:31,293 [eb412079-c751-4dfd-aec5-5a0bb932822c-groupManagement] INFO  server.RaftServerConfigKeys (ConfUtils.java:logGet(46)) - raft.server.snapshot.auto.trigger.threshold = 10000 (custom)
2023-07-18 19:30:31,293 [eb412079-c751-4dfd-aec5-5a0bb932822c-groupManagement] INFO  server.RaftServerConfigKeys (ConfUtils.java:logGet(46)) - raft.server.snapshot.retention.file.num = 5 (custom)
2023-07-18 19:30:31,293 [eb412079-c751-4dfd-aec5-5a0bb932822c-groupManagement] INFO  server.RaftServerConfigKeys (ConfUtils.java:logGet(46)) - raft.server.log.purge.upto.snapshot.index = false (default)
2023-07-18 19:30:31,294 [eb412079-c751-4dfd-aec5-5a0bb932822c@group-1D9BD65C894C-FollowerState] INFO  server.RaftServerConfigKeys (ConfUtils.java:logFallback(53)) - raft.server.rpc.first-election.timeout.min = 5s (fallback to raft.server.rpc.timeout.min)
2023-07-18 19:30:31,298 [eb412079-c751-4dfd-aec5-5a0bb932822c@group-1D9BD65C894C-FollowerState] INFO  server.RaftServerConfigKeys (ConfUtils.java:logFallback(53)) - raft.server.rpc.first-election.timeout.max = 5200ms (fallback to raft.server.rpc.timeout.max)
2023-07-18 19:30:31,299 [PipelineCommandHandlerThread-0] INFO  ratis.XceiverServerRatis (XceiverServerRatis.java:addGroup(804)) - Created group PipelineID=992b8d43-8bac-488b-866f-1d9bd65c894c
2023-07-18 19:30:31,394 [PipelineCommandHandlerThread-0] INFO  commandhandler.CreatePipelineCommandHandler (CreatePipelineCommandHandler.java:lambda$handle$2(124)) - Created Pipeline RATIS THREE PipelineID=992b8d43-8bac-488b-866f-1d9bd65c894c.
2023-07-18 19:30:31,425 [PipelineCommandHandlerThread-0] INFO  commandhandler.CreatePipelineCommandHandler (CreatePipelineCommandHandler.java:lambda$handle$2(124)) - Created Pipeline RATIS THREE PipelineID=992b8d43-8bac-488b-866f-1d9bd65c894c.
2023-07-18 19:30:31,437 [PipelineCommandHandlerThread-0] INFO  commandhandler.CreatePipelineCommandHandler (CreatePipelineCommandHandler.java:lambda$handle$2(124)) - Created Pipeline RATIS THREE PipelineID=992b8d43-8bac-488b-866f-1d9bd65c894c.
2023-07-18 19:30:31,797 [main] INFO  ozone.MiniOzoneClusterImpl (MiniOzoneClusterImpl.java:lambda$waitForClusterToBeReady$0(224)) - Nodes are ready. Got 3 of 3 DN Heartbeats.
2023-07-18 19:30:31,798 [main] INFO  ozone.MiniOzoneClusterImpl (MiniOzoneClusterImpl.java:lambda$waitForClusterToBeReady$0(227)) - Waiting for cluster to exit safe mode
2023-07-18 19:30:31,798 [main] INFO  ozone.MiniOzoneClusterImpl (MiniOzoneClusterImpl.java:lambda$waitForClusterToBeReady$0(229)) - SCM became leader
2023-07-18 19:30:32,798 [main] INFO  ozone.MiniOzoneClusterImpl (MiniOzoneClusterImpl.java:lambda$waitForClusterToBeReady$0(224)) - Nodes are ready. Got 3 of 3 DN Heartbeats.
2023-07-18 19:30:32,799 [main] INFO  ozone.MiniOzoneClusterImpl (MiniOzoneClusterImpl.java:lambda$waitForClusterToBeReady$0(227)) - Waiting for cluster to exit safe mode
2023-07-18 19:30:32,799 [main] INFO  ozone.MiniOzoneClusterImpl (MiniOzoneClusterImpl.java:lambda$waitForClusterToBeReady$0(229)) - SCM became leader
2023-07-18 19:30:33,799 [main] INFO  ozone.MiniOzoneClusterImpl (MiniOzoneClusterImpl.java:lambda$waitForClusterToBeReady$0(224)) - Nodes are ready. Got 3 of 3 DN Heartbeats.
2023-07-18 19:30:33,799 [main] INFO  ozone.MiniOzoneClusterImpl (MiniOzoneClusterImpl.java:lambda$waitForClusterToBeReady$0(227)) - Waiting for cluster to exit safe mode
2023-07-18 19:30:33,799 [main] INFO  ozone.MiniOzoneClusterImpl (MiniOzoneClusterImpl.java:lambda$waitForClusterToBeReady$0(229)) - SCM became leader
2023-07-18 19:30:34,800 [main] INFO  ozone.MiniOzoneClusterImpl (MiniOzoneClusterImpl.java:lambda$waitForClusterToBeReady$0(224)) - Nodes are ready. Got 3 of 3 DN Heartbeats.
2023-07-18 19:30:34,800 [main] INFO  ozone.MiniOzoneClusterImpl (MiniOzoneClusterImpl.java:lambda$waitForClusterToBeReady$0(227)) - Waiting for cluster to exit safe mode
2023-07-18 19:30:34,800 [main] INFO  ozone.MiniOzoneClusterImpl (MiniOzoneClusterImpl.java:lambda$waitForClusterToBeReady$0(229)) - SCM became leader
2023-07-18 19:30:34,984 [e7d9066e-05d1-4d78-941d-b2a7fd2da9b5@group-34786885E6C7-FollowerState] INFO  impl.FollowerState (FollowerState.java:run(143)) - e7d9066e-05d1-4d78-941d-b2a7fd2da9b5@group-34786885E6C7-FollowerState: change to CANDIDATE, lastRpcElapsedTime:5036227990ns, electionTimeout:5031ms
2023-07-18 19:30:34,985 [e7d9066e-05d1-4d78-941d-b2a7fd2da9b5@group-34786885E6C7-FollowerState] INFO  impl.RoleInfo (RoleInfo.java:shutdownFollowerState(110)) - e7d9066e-05d1-4d78-941d-b2a7fd2da9b5: shutdown e7d9066e-05d1-4d78-941d-b2a7fd2da9b5@group-34786885E6C7-FollowerState
2023-07-18 19:30:34,985 [e7d9066e-05d1-4d78-941d-b2a7fd2da9b5@group-34786885E6C7-FollowerState] INFO  server.RaftServer$Division (RaftServerImpl.java:setRole(329)) - e7d9066e-05d1-4d78-941d-b2a7fd2da9b5@group-34786885E6C7: changes role from  FOLLOWER to CANDIDATE at term 0 for changeToCandidate
2023-07-18 19:30:34,986 [e7d9066e-05d1-4d78-941d-b2a7fd2da9b5@group-34786885E6C7-FollowerState] INFO  server.RaftServerConfigKeys (ConfUtils.java:logGet(46)) - raft.server.leaderelection.pre-vote = true (default)
2023-07-18 19:30:34,986 [e7d9066e-05d1-4d78-941d-b2a7fd2da9b5@group-34786885E6C7-FollowerState] INFO  impl.RoleInfo (RoleInfo.java:updateAndGet(139)) - e7d9066e-05d1-4d78-941d-b2a7fd2da9b5: start e7d9066e-05d1-4d78-941d-b2a7fd2da9b5@group-34786885E6C7-LeaderElection2
2023-07-18 19:30:34,993 [e7d9066e-05d1-4d78-941d-b2a7fd2da9b5@group-34786885E6C7-LeaderElection2] INFO  impl.LeaderElection (LeaderElection.java:askForVotes(321)) - e7d9066e-05d1-4d78-941d-b2a7fd2da9b5@group-34786885E6C7-LeaderElection2 PRE_VOTE round 0: submit vote requests at term 0 for -1: peers:[e7d9066e-05d1-4d78-941d-b2a7fd2da9b5|rpc:10.1.0.42:15014|admin:10.1.0.42:15013|client:10.1.0.42:15012|dataStream:10.1.0.42:15015|priority:1|startupRole:FOLLOWER]|listeners:[], old=null
2023-07-18 19:30:34,994 [e7d9066e-05d1-4d78-941d-b2a7fd2da9b5@group-34786885E6C7-LeaderElection2] INFO  impl.LeaderElection (LeaderElection.java:askForVotes(323)) - e7d9066e-05d1-4d78-941d-b2a7fd2da9b5@group-34786885E6C7-LeaderElection2 PRE_VOTE round 0: result PASSED (term=0)
2023-07-18 19:30:34,997 [e7d9066e-05d1-4d78-941d-b2a7fd2da9b5@group-34786885E6C7-LeaderElection2] INFO  impl.LeaderElection (LeaderElection.java:askForVotes(321)) - e7d9066e-05d1-4d78-941d-b2a7fd2da9b5@group-34786885E6C7-LeaderElection2 ELECTION round 0: submit vote requests at term 1 for -1: peers:[e7d9066e-05d1-4d78-941d-b2a7fd2da9b5|rpc:10.1.0.42:15014|admin:10.1.0.42:15013|client:10.1.0.42:15012|dataStream:10.1.0.42:15015|priority:1|startupRole:FOLLOWER]|listeners:[], old=null
2023-07-18 19:30:34,997 [e7d9066e-05d1-4d78-941d-b2a7fd2da9b5@group-34786885E6C7-LeaderElection2] INFO  impl.LeaderElection (LeaderElection.java:askForVotes(323)) - e7d9066e-05d1-4d78-941d-b2a7fd2da9b5@group-34786885E6C7-LeaderElection2 ELECTION round 0: result PASSED (term=1)
2023-07-18 19:30:34,997 [e7d9066e-05d1-4d78-941d-b2a7fd2da9b5@group-34786885E6C7-LeaderElection2] INFO  impl.RoleInfo (RoleInfo.java:shutdownLeaderElection(130)) - e7d9066e-05d1-4d78-941d-b2a7fd2da9b5: shutdown e7d9066e-05d1-4d78-941d-b2a7fd2da9b5@group-34786885E6C7-LeaderElection2
2023-07-18 19:30:34,998 [e7d9066e-05d1-4d78-941d-b2a7fd2da9b5@group-34786885E6C7-LeaderElection2] INFO  server.RaftServer$Division (RaftServerImpl.java:setRole(329)) - e7d9066e-05d1-4d78-941d-b2a7fd2da9b5@group-34786885E6C7: changes role from CANDIDATE to LEADER at term 1 for changeToLeader
2023-07-18 19:30:34,998 [e7d9066e-05d1-4d78-941d-b2a7fd2da9b5@group-34786885E6C7-LeaderElection2] INFO  ratis.XceiverServerRatis (XceiverServerRatis.java:handleLeaderChangedNotification(902)) - Leader change notification received for group: group-34786885E6C7 with new leaderId: e7d9066e-05d1-4d78-941d-b2a7fd2da9b5
2023-07-18 19:30:34,998 [e7d9066e-05d1-4d78-941d-b2a7fd2da9b5@group-34786885E6C7-LeaderElection2] INFO  server.RaftServer$Division (ServerState.java:setLeader(317)) - e7d9066e-05d1-4d78-941d-b2a7fd2da9b5@group-34786885E6C7: change Leader from null to e7d9066e-05d1-4d78-941d-b2a7fd2da9b5 at term 1 for becomeLeader, leader elected after 5120ms
2023-07-18 19:30:34,998 [e7d9066e-05d1-4d78-941d-b2a7fd2da9b5@group-34786885E6C7-LeaderElection2] INFO  server.RaftServerConfigKeys (ConfUtils.java:logGet(46)) - raft.server.staging.catchup.gap = 1000 (default)
2023-07-18 19:30:35,001 [EventQueue-OpenPipelineForHealthyPipelineSafeModeRule] INFO  safemode.SCMSafeModeManager (HealthyPipelineSafeModeRule.java:process(137)) - SCM in safe mode. Healthy pipelines reported count is 0, required healthy pipeline reported count is 1
2023-07-18 19:30:35,001 [e7d9066e-05d1-4d78-941d-b2a7fd2da9b5@group-34786885E6C7-LeaderElection2] INFO  server.RaftServerConfigKeys (ConfUtils.java:logGet(46)) - raft.server.write.element-limit = 1024 (custom)
2023-07-18 19:30:35,001 [e7d9066e-05d1-4d78-941d-b2a7fd2da9b5@group-34786885E6C7-LeaderElection2] INFO  server.RaftServerConfigKeys (ConfUtils.java:logGet(46)) - raft.server.write.byte-limit = 1024 M (=1073741824) (custom)
2023-07-18 19:30:35,002 [e7d9066e-05d1-4d78-941d-b2a7fd2da9b5@group-34786885E6C7-LeaderElection2] INFO  server.RaftServerConfigKeys (ConfUtils.java:logGet(46)) - raft.server.watch.timeout = 3000ms (custom)
2023-07-18 19:30:35,002 [e7d9066e-05d1-4d78-941d-b2a7fd2da9b5@group-34786885E6C7-LeaderElection2] INFO  server.RaftServerConfigKeys (ConfUtils.java:logGet(46)) - raft.server.watch.timeout.denomination = 1s (default)
2023-07-18 19:30:35,002 [e7d9066e-05d1-4d78-941d-b2a7fd2da9b5@group-34786885E6C7-LeaderElection2] INFO  server.RaftServerConfigKeys (ConfUtils.java:logGet(46)) - raft.server.watch.element-limit = 65536 (default)
2023-07-18 19:30:35,002 [e7d9066e-05d1-4d78-941d-b2a7fd2da9b5@group-34786885E6C7-LeaderElection2] INFO  server.RaftServerConfigKeys (ConfUtils.java:logGet(46)) - raft.server.write.element-limit = 1024 (custom)
2023-07-18 19:30:35,002 [e7d9066e-05d1-4d78-941d-b2a7fd2da9b5@group-34786885E6C7-LeaderElection2] INFO  server.RaftServerConfigKeys (ConfUtils.java:logGet(46)) - raft.server.write.follower.gap.ratio.max = -1.0 (default)
2023-07-18 19:30:35,002 [e7d9066e-05d1-4d78-941d-b2a7fd2da9b5@group-34786885E6C7-LeaderElection2] INFO  impl.RoleInfo (RoleInfo.java:updateAndGet(139)) - e7d9066e-05d1-4d78-941d-b2a7fd2da9b5: start e7d9066e-05d1-4d78-941d-b2a7fd2da9b5@group-34786885E6C7-LeaderStateImpl
2023-07-18 19:30:35,003 [e7d9066e-05d1-4d78-941d-b2a7fd2da9b5@group-34786885E6C7-LeaderElection2] INFO  segmented.SegmentedRaftLogWorker (SegmentedRaftLogWorker.java:startLogSegment(447)) - e7d9066e-05d1-4d78-941d-b2a7fd2da9b5@group-34786885E6C7-SegmentedRaftLogWorker: Starting segment from index:0
2023-07-18 19:30:35,004 [e7d9066e-05d1-4d78-941d-b2a7fd2da9b5@group-34786885E6C7-SegmentedRaftLogWorker] INFO  segmented.SegmentedRaftLogWorker (SegmentedRaftLogWorker.java:execute(651)) - e7d9066e-05d1-4d78-941d-b2a7fd2da9b5@group-34786885E6C7-SegmentedRaftLogWorker: created new log segment /home/runner/work/ozone/ozone/hadoop-ozone/integration-test/target/test-dir/MiniOzoneClusterImpl-6b031341-d507-43af-b1f0-ac2f4105ef04/datanode-0/data/ratis/bc139a31-5609-4ed1-8d7e-34786885e6c7/current/log_inprogress_0
2023-07-18 19:30:35,007 [e7d9066e-05d1-4d78-941d-b2a7fd2da9b5@group-34786885E6C7-LeaderElection2] INFO  server.RaftServer$Division (ServerState.java:setRaftConf(434)) - e7d9066e-05d1-4d78-941d-b2a7fd2da9b5@group-34786885E6C7: set configuration 0: peers:[e7d9066e-05d1-4d78-941d-b2a7fd2da9b5|rpc:10.1.0.42:15014|admin:10.1.0.42:15013|client:10.1.0.42:15012|dataStream:10.1.0.42:15015|priority:1|startupRole:FOLLOWER]|listeners:[], old=null
2023-07-18 19:30:35,126 [e7d9066e-05d1-4d78-941d-b2a7fd2da9b5@group-97EAE1A8194B-FollowerState] INFO  impl.FollowerState (FollowerState.java:run(143)) - e7d9066e-05d1-4d78-941d-b2a7fd2da9b5@group-97EAE1A8194B-FollowerState: change to CANDIDATE, lastRpcElapsedTime:5120762814ns, electionTimeout:5118ms
2023-07-18 19:30:35,128 [e7d9066e-05d1-4d78-941d-b2a7fd2da9b5@group-97EAE1A8194B-FollowerState] INFO  impl.RoleInfo (RoleInfo.java:shutdownFollowerState(110)) - e7d9066e-05d1-4d78-941d-b2a7fd2da9b5: shutdown e7d9066e-05d1-4d78-941d-b2a7fd2da9b5@group-97EAE1A8194B-FollowerState
2023-07-18 19:30:35,128 [e7d9066e-05d1-4d78-941d-b2a7fd2da9b5@group-97EAE1A8194B-FollowerState] INFO  server.RaftServer$Division (RaftServerImpl.java:setRole(329)) - e7d9066e-05d1-4d78-941d-b2a7fd2da9b5@group-97EAE1A8194B: changes role from  FOLLOWER to CANDIDATE at term 0 for changeToCandidate
2023-07-18 19:30:35,129 [e7d9066e-05d1-4d78-941d-b2a7fd2da9b5@group-97EAE1A8194B-FollowerState] INFO  server.RaftServerConfigKeys (ConfUtils.java:logGet(46)) - raft.server.leaderelection.pre-vote = true (default)
2023-07-18 19:30:35,129 [e7d9066e-05d1-4d78-941d-b2a7fd2da9b5@group-97EAE1A8194B-FollowerState] INFO  impl.RoleInfo (RoleInfo.java:updateAndGet(139)) - e7d9066e-05d1-4d78-941d-b2a7fd2da9b5: start e7d9066e-05d1-4d78-941d-b2a7fd2da9b5@group-97EAE1A8194B-LeaderElection3
2023-07-18 19:30:35,131 [e7d9066e-05d1-4d78-941d-b2a7fd2da9b5@group-97EAE1A8194B-LeaderElection3] INFO  impl.LeaderElection (LeaderElection.java:askForVotes(321)) - e7d9066e-05d1-4d78-941d-b2a7fd2da9b5@group-97EAE1A8194B-LeaderElection3 PRE_VOTE round 0: submit vote requests at term 0 for -1: peers:[e7d9066e-05d1-4d78-941d-b2a7fd2da9b5|rpc:10.1.0.42:15014|admin:10.1.0.42:15013|client:10.1.0.42:15012|dataStream:10.1.0.42:15015|priority:0|startupRole:FOLLOWER, eb412079-c751-4dfd-aec5-5a0bb932822c|rpc:10.1.0.42:15032|admin:10.1.0.42:15031|client:10.1.0.42:15030|dataStream:10.1.0.42:15033|priority:0|startupRole:FOLLOWER, ec94dcc4-e30d-4488-98e5-1700c0a44b75|rpc:10.1.0.42:15023|admin:10.1.0.42:15022|client:10.1.0.42:15021|dataStream:10.1.0.42:15024|priority:1|startupRole:FOLLOWER]|listeners:[], old=null
2023-07-18 19:30:35,138 [e7d9066e-05d1-4d78-941d-b2a7fd2da9b5@group-97EAE1A8194B-LeaderElection3-1] INFO  server.GrpcServerProtocolClient (GrpcServerProtocolClient.java:<init>(65)) - Build channel for eb412079-c751-4dfd-aec5-5a0bb932822c
2023-07-18 19:30:35,140 [e7d9066e-05d1-4d78-941d-b2a7fd2da9b5@group-97EAE1A8194B-LeaderElection3] INFO  server.RaftServerConfigKeys (ConfUtils.java:logFallback(53)) - raft.server.rpc.first-election.timeout.min = 5s (fallback to raft.server.rpc.timeout.min)
2023-07-18 19:30:35,140 [e7d9066e-05d1-4d78-941d-b2a7fd2da9b5@group-97EAE1A8194B-LeaderElection3] INFO  server.RaftServerConfigKeys (ConfUtils.java:logFallback(53)) - raft.server.rpc.first-election.timeout.max = 5200ms (fallback to raft.server.rpc.timeout.max)
2023-07-18 19:30:35,146 [e7d9066e-05d1-4d78-941d-b2a7fd2da9b5@group-97EAE1A8194B-LeaderElection3-2] INFO  server.GrpcServerProtocolClient (GrpcServerProtocolClient.java:<init>(65)) - Build channel for ec94dcc4-e30d-4488-98e5-1700c0a44b75
2023-07-18 19:30:35,180 [grpc-default-executor-1] INFO  server.RaftServer$Division (RaftServerImpl.java:requestVote(1302)) - eb412079-c751-4dfd-aec5-5a0bb932822c@group-97EAE1A8194B: receive requestVote(PRE_VOTE, e7d9066e-05d1-4d78-941d-b2a7fd2da9b5, group-97EAE1A8194B, 0, (t:0, i:0))
2023-07-18 19:30:35,182 [grpc-default-executor-1] INFO  impl.VoteContext (VoteContext.java:log(49)) - eb412079-c751-4dfd-aec5-5a0bb932822c@group-97EAE1A8194B-FOLLOWER: accept PRE_VOTE from e7d9066e-05d1-4d78-941d-b2a7fd2da9b5: our priority 0 <= candidate's priority 0
2023-07-18 19:30:35,186 [grpc-default-executor-0] INFO  server.RaftServer$Division (RaftServerImpl.java:requestVote(1302)) - ec94dcc4-e30d-4488-98e5-1700c0a44b75@group-97EAE1A8194B: receive requestVote(PRE_VOTE, e7d9066e-05d1-4d78-941d-b2a7fd2da9b5, group-97EAE1A8194B, 0, (t:0, i:0))
2023-07-18 19:30:35,186 [grpc-default-executor-0] INFO  impl.VoteContext (VoteContext.java:log(49)) - ec94dcc4-e30d-4488-98e5-1700c0a44b75@group-97EAE1A8194B-FOLLOWER: reject PRE_VOTE from e7d9066e-05d1-4d78-941d-b2a7fd2da9b5: our priority 1 > candidate's priority 0
2023-07-18 19:30:35,191 [grpc-default-executor-0] INFO  server.RaftServer$Division (RaftServerImpl.java:requestVote(1335)) - ec94dcc4-e30d-4488-98e5-1700c0a44b75@group-97EAE1A8194B replies to PRE_VOTE vote request: e7d9066e-05d1-4d78-941d-b2a7fd2da9b5<-ec94dcc4-e30d-4488-98e5-1700c0a44b75#0:FAIL-t0. Peer's state: ec94dcc4-e30d-4488-98e5-1700c0a44b75@group-97EAE1A8194B:t0, leader=null, voted=, raftlog=Memoized:ec94dcc4-e30d-4488-98e5-1700c0a44b75@group-97EAE1A8194B-SegmentedRaftLog:OPENED:c-1, conf=-1: peers:[e7d9066e-05d1-4d78-941d-b2a7fd2da9b5|rpc:10.1.0.42:15014|admin:10.1.0.42:15013|client:10.1.0.42:15012|dataStream:10.1.0.42:15015|priority:0|startupRole:FOLLOWER, eb412079-c751-4dfd-aec5-5a0bb932822c|rpc:10.1.0.42:15032|admin:10.1.0.42:15031|client:10.1.0.42:15030|dataStream:10.1.0.42:15033|priority:0|startupRole:FOLLOWER, ec94dcc4-e30d-4488-98e5-1700c0a44b75|rpc:10.1.0.42:15023|admin:10.1.0.42:15022|client:10.1.0.42:15021|dataStream:10.1.0.42:15024|priority:1|startupRole:FOLLOWER]|listeners:[], old=null
2023-07-18 19:30:35,193 [grpc-default-executor-1] INFO  server.RaftServer$Division (RaftServerImpl.java:requestVote(1335)) - eb412079-c751-4dfd-aec5-5a0bb932822c@group-97EAE1A8194B replies to PRE_VOTE vote request: e7d9066e-05d1-4d78-941d-b2a7fd2da9b5<-eb412079-c751-4dfd-aec5-5a0bb932822c#0:OK-t0. Peer's state: eb412079-c751-4dfd-aec5-5a0bb932822c@group-97EAE1A8194B:t0, leader=null, voted=, raftlog=Memoized:eb412079-c751-4dfd-aec5-5a0bb932822c@group-97EAE1A8194B-SegmentedRaftLog:OPENED:c-1, conf=-1: peers:[e7d9066e-05d1-4d78-941d-b2a7fd2da9b5|rpc:10.1.0.42:15014|admin:10.1.0.42:15013|client:10.1.0.42:15012|dataStream:10.1.0.42:15015|priority:0|startupRole:FOLLOWER, eb412079-c751-4dfd-aec5-5a0bb932822c|rpc:10.1.0.42:15032|admin:10.1.0.42:15031|client:10.1.0.42:15030|dataStream:10.1.0.42:15033|priority:0|startupRole:FOLLOWER, ec94dcc4-e30d-4488-98e5-1700c0a44b75|rpc:10.1.0.42:15023|admin:10.1.0.42:15022|client:10.1.0.42:15021|dataStream:10.1.0.42:15024|priority:1|startupRole:FOLLOWER]|listeners:[], old=null
2023-07-18 19:30:35,196 [e7d9066e-05d1-4d78-941d-b2a7fd2da9b5@group-97EAE1A8194B-LeaderElection3] INFO  impl.LeaderElection (LeaderElection.java:logAndReturn(90)) - e7d9066e-05d1-4d78-941d-b2a7fd2da9b5@group-97EAE1A8194B-LeaderElection3: PRE_VOTE REJECTED received 1 response(s) and 0 exception(s):
2023-07-18 19:30:35,196 [e7d9066e-05d1-4d78-941d-b2a7fd2da9b5@group-97EAE1A8194B-LeaderElection3] INFO  impl.LeaderElection (LeaderElection.java:logAndReturn(94)) -   Response 0: e7d9066e-05d1-4d78-941d-b2a7fd2da9b5<-ec94dcc4-e30d-4488-98e5-1700c0a44b75#0:FAIL-t0
2023-07-18 19:30:35,197 [e7d9066e-05d1-4d78-941d-b2a7fd2da9b5@group-97EAE1A8194B-LeaderElection3] INFO  impl.LeaderElection (LeaderElection.java:askForVotes(323)) - e7d9066e-05d1-4d78-941d-b2a7fd2da9b5@group-97EAE1A8194B-LeaderElection3 PRE_VOTE round 0: result REJECTED
2023-07-18 19:30:35,197 [e7d9066e-05d1-4d78-941d-b2a7fd2da9b5@group-97EAE1A8194B-LeaderElection3] INFO  server.RaftServer$Division (RaftServerImpl.java:setRole(329)) - e7d9066e-05d1-4d78-941d-b2a7fd2da9b5@group-97EAE1A8194B: changes role from CANDIDATE to FOLLOWER at term 0 for REJECTED
2023-07-18 19:30:35,197 [e7d9066e-05d1-4d78-941d-b2a7fd2da9b5@group-97EAE1A8194B-LeaderElection3] INFO  impl.RoleInfo (RoleInfo.java:shutdownLeaderElection(130)) - e7d9066e-05d1-4d78-941d-b2a7fd2da9b5: shutdown e7d9066e-05d1-4d78-941d-b2a7fd2da9b5@group-97EAE1A8194B-LeaderElection3
2023-07-18 19:30:35,197 [e7d9066e-05d1-4d78-941d-b2a7fd2da9b5@group-97EAE1A8194B-LeaderElection3] INFO  impl.RoleInfo (RoleInfo.java:updateAndGet(139)) - e7d9066e-05d1-4d78-941d-b2a7fd2da9b5: start e7d9066e-05d1-4d78-941d-b2a7fd2da9b5@group-97EAE1A8194B-FollowerState
2023-07-18 19:30:35,582 [ec94dcc4-e30d-4488-98e5-1700c0a44b75@group-D9FE864BCBFD-FollowerState] INFO  impl.FollowerState (FollowerState.java:run(143)) - ec94dcc4-e30d-4488-98e5-1700c0a44b75@group-D9FE864BCBFD-FollowerState: change to CANDIDATE, lastRpcElapsedTime:5029744131ns, electionTimeout:5020ms
2023-07-18 19:30:35,583 [ec94dcc4-e30d-4488-98e5-1700c0a44b75@group-D9FE864BCBFD-FollowerState] INFO  impl.RoleInfo (RoleInfo.java:shutdownFollowerState(110)) - ec94dcc4-e30d-4488-98e5-1700c0a44b75: shutdown ec94dcc4-e30d-4488-98e5-1700c0a44b75@group-D9FE864BCBFD-FollowerState
2023-07-18 19:30:35,583 [ec94dcc4-e30d-4488-98e5-1700c0a44b75@group-D9FE864BCBFD-FollowerState] INFO  server.RaftServer$Division (RaftServerImpl.java:setRole(329)) - ec94dcc4-e30d-4488-98e5-1700c0a44b75@group-D9FE864BCBFD: changes role from  FOLLOWER to CANDIDATE at term 0 for changeToCandidate
2023-07-18 19:30:35,586 [ec94dcc4-e30d-4488-98e5-1700c0a44b75@group-D9FE864BCBFD-FollowerState] INFO  server.RaftServerConfigKeys (ConfUtils.java:logGet(46)) - raft.server.leaderelection.pre-vote = true (default)
2023-07-18 19:30:35,586 [ec94dcc4-e30d-4488-98e5-1700c0a44b75@group-D9FE864BCBFD-FollowerState] INFO  impl.RoleInfo (RoleInfo.java:updateAndGet(139)) - ec94dcc4-e30d-4488-98e5-1700c0a44b75: start ec94dcc4-e30d-4488-98e5-1700c0a44b75@group-D9FE864BCBFD-LeaderElection4
2023-07-18 19:30:35,601 [ec94dcc4-e30d-4488-98e5-1700c0a44b75@group-D9FE864BCBFD-LeaderElection4] INFO  impl.LeaderElection (LeaderElection.java:askForVotes(321)) - ec94dcc4-e30d-4488-98e5-1700c0a44b75@group-D9FE864BCBFD-LeaderElection4 PRE_VOTE round 0: submit vote requests at term 0 for -1: peers:[ec94dcc4-e30d-4488-98e5-1700c0a44b75|rpc:10.1.0.42:15023|admin:10.1.0.42:15022|client:10.1.0.42:15021|dataStream:10.1.0.42:15024|priority:1|startupRole:FOLLOWER]|listeners:[], old=null
2023-07-18 19:30:35,601 [ec94dcc4-e30d-4488-98e5-1700c0a44b75@group-D9FE864BCBFD-LeaderElection4] INFO  impl.LeaderElection (LeaderElection.java:askForVotes(323)) - ec94dcc4-e30d-4488-98e5-1700c0a44b75@group-D9FE864BCBFD-LeaderElection4 PRE_VOTE round 0: result PASSED (term=0)
2023-07-18 19:30:35,603 [ec94dcc4-e30d-4488-98e5-1700c0a44b75@group-D9FE864BCBFD-LeaderElection4] INFO  impl.LeaderElection (LeaderElection.java:askForVotes(321)) - ec94dcc4-e30d-4488-98e5-1700c0a44b75@group-D9FE864BCBFD-LeaderElection4 ELECTION round 0: submit vote requests at term 1 for -1: peers:[ec94dcc4-e30d-4488-98e5-1700c0a44b75|rpc:10.1.0.42:15023|admin:10.1.0.42:15022|client:10.1.0.42:15021|dataStream:10.1.0.42:15024|priority:1|startupRole:FOLLOWER]|listeners:[], old=null
2023-07-18 19:30:35,604 [ec94dcc4-e30d-4488-98e5-1700c0a44b75@group-D9FE864BCBFD-LeaderElection4] INFO  impl.LeaderElection (LeaderElection.java:askForVotes(323)) - ec94dcc4-e30d-4488-98e5-1700c0a44b75@group-D9FE864BCBFD-LeaderElection4 ELECTION round 0: result PASSED (term=1)
2023-07-18 19:30:35,604 [ec94dcc4-e30d-4488-98e5-1700c0a44b75@group-D9FE864BCBFD-LeaderElection4] INFO  impl.RoleInfo (RoleInfo.java:shutdownLeaderElection(130)) - ec94dcc4-e30d-4488-98e5-1700c0a44b75: shutdown ec94dcc4-e30d-4488-98e5-1700c0a44b75@group-D9FE864BCBFD-LeaderElection4
2023-07-18 19:30:35,604 [ec94dcc4-e30d-4488-98e5-1700c0a44b75@group-D9FE864BCBFD-LeaderElection4] INFO  server.RaftServer$Division (RaftServerImpl.java:setRole(329)) - ec94dcc4-e30d-4488-98e5-1700c0a44b75@group-D9FE864BCBFD: changes role from CANDIDATE to LEADER at term 1 for changeToLeader
2023-07-18 19:30:35,604 [ec94dcc4-e30d-4488-98e5-1700c0a44b75@group-D9FE864BCBFD-LeaderElection4] INFO  ratis.XceiverServerRatis (XceiverServerRatis.java:handleLeaderChangedNotification(902)) - Leader change notification received for group: group-D9FE864BCBFD with new leaderId: ec94dcc4-e30d-4488-98e5-1700c0a44b75
2023-07-18 19:30:35,604 [ec94dcc4-e30d-4488-98e5-1700c0a44b75@group-D9FE864BCBFD-LeaderElection4] INFO  server.RaftServer$Division (ServerState.java:setLeader(317)) - ec94dcc4-e30d-4488-98e5-1700c0a44b75@group-D9FE864BCBFD: change Leader from null to ec94dcc4-e30d-4488-98e5-1700c0a44b75 at term 1 for becomeLeader, leader elected after 5129ms
2023-07-18 19:30:35,604 [ec94dcc4-e30d-4488-98e5-1700c0a44b75@group-D9FE864BCBFD-LeaderElection4] INFO  server.RaftServerConfigKeys (ConfUtils.java:logGet(46)) - raft.server.staging.catchup.gap = 1000 (default)
2023-07-18 19:30:35,606 [ec94dcc4-e30d-4488-98e5-1700c0a44b75@group-D9FE864BCBFD-LeaderElection4] INFO  server.RaftServerConfigKeys (ConfUtils.java:logGet(46)) - raft.server.write.element-limit = 1024 (custom)
2023-07-18 19:30:35,606 [ec94dcc4-e30d-4488-98e5-1700c0a44b75@group-D9FE864BCBFD-LeaderElection4] INFO  server.RaftServerConfigKeys (ConfUtils.java:logGet(46)) - raft.server.write.byte-limit = 1024 M (=1073741824) (custom)
2023-07-18 19:30:35,607 [ec94dcc4-e30d-4488-98e5-1700c0a44b75@group-D9FE864BCBFD-LeaderElection4] INFO  server.RaftServerConfigKeys (ConfUtils.java:logGet(46)) - raft.server.watch.timeout = 3000ms (custom)
2023-07-18 19:30:35,607 [ec94dcc4-e30d-4488-98e5-1700c0a44b75@group-D9FE864BCBFD-LeaderElection4] INFO  server.RaftServerConfigKeys (ConfUtils.java:logGet(46)) - raft.server.watch.timeout.denomination = 1s (default)
2023-07-18 19:30:35,607 [ec94dcc4-e30d-4488-98e5-1700c0a44b75@group-D9FE864BCBFD-LeaderElection4] INFO  server.RaftServerConfigKeys (ConfUtils.java:logGet(46)) - raft.server.watch.element-limit = 65536 (default)
2023-07-18 19:30:35,607 [EventQueue-OpenPipelineForHealthyPipelineSafeModeRule] INFO  safemode.SCMSafeModeManager (HealthyPipelineSafeModeRule.java:process(137)) - SCM in safe mode. Healthy pipelines reported count is 0, required healthy pipeline reported count is 1
2023-07-18 19:30:35,611 [ec94dcc4-e30d-4488-98e5-1700c0a44b75@group-D9FE864BCBFD-LeaderElection4] INFO  server.RaftServerConfigKeys (ConfUtils.java:logGet(46)) - raft.server.write.element-limit = 1024 (custom)
2023-07-18 19:30:35,612 [ec94dcc4-e30d-4488-98e5-1700c0a44b75@group-D9FE864BCBFD-LeaderElection4] INFO  server.RaftServerConfigKeys (ConfUtils.java:logGet(46)) - raft.server.write.follower.gap.ratio.max = -1.0 (default)
2023-07-18 19:30:35,612 [ec94dcc4-e30d-4488-98e5-1700c0a44b75@group-D9FE864BCBFD-LeaderElection4] INFO  impl.RoleInfo (RoleInfo.java:updateAndGet(139)) - ec94dcc4-e30d-4488-98e5-1700c0a44b75: start ec94dcc4-e30d-4488-98e5-1700c0a44b75@group-D9FE864BCBFD-LeaderStateImpl
2023-07-18 19:30:35,613 [ec94dcc4-e30d-4488-98e5-1700c0a44b75@group-D9FE864BCBFD-LeaderElection4] INFO  segmented.SegmentedRaftLogWorker (SegmentedRaftLogWorker.java:startLogSegment(447)) - ec94dcc4-e30d-4488-98e5-1700c0a44b75@group-D9FE864BCBFD-SegmentedRaftLogWorker: Starting segment from index:0
2023-07-18 19:30:35,625 [ec94dcc4-e30d-4488-98e5-1700c0a44b75@group-D9FE864BCBFD-SegmentedRaftLogWorker] INFO  segmented.SegmentedRaftLogWorker (SegmentedRaftLogWorker.java:execute(651)) - ec94dcc4-e30d-4488-98e5-1700c0a44b75@group-D9FE864BCBFD-SegmentedRaftLogWorker: created new log segment /home/runner/work/ozone/ozone/hadoop-ozone/integration-test/target/test-dir/MiniOzoneClusterImpl-6b031341-d507-43af-b1f0-ac2f4105ef04/datanode-1/data/ratis/00e8a0df-9d59-4b06-b679-d9fe864bcbfd/current/log_inprogress_0
2023-07-18 19:30:35,644 [ec94dcc4-e30d-4488-98e5-1700c0a44b75@group-D9FE864BCBFD-LeaderElection4] INFO  server.RaftServer$Division (ServerState.java:setRaftConf(434)) - ec94dcc4-e30d-4488-98e5-1700c0a44b75@group-D9FE864BCBFD: set configuration 0: peers:[ec94dcc4-e30d-4488-98e5-1700c0a44b75|rpc:10.1.0.42:15023|admin:10.1.0.42:15022|client:10.1.0.42:15021|dataStream:10.1.0.42:15024|priority:1|startupRole:FOLLOWER]|listeners:[], old=null
2023-07-18 19:30:35,646 [eb412079-c751-4dfd-aec5-5a0bb932822c@group-97EAE1A8194B-FollowerState] INFO  server.RaftServerConfigKeys (ConfUtils.java:logFallback(53)) - raft.server.rpc.first-election.timeout.min = 5s (fallback to raft.server.rpc.timeout.min)
2023-07-18 19:30:35,646 [eb412079-c751-4dfd-aec5-5a0bb932822c@group-97EAE1A8194B-FollowerState] INFO  server.RaftServerConfigKeys (ConfUtils.java:logFallback(53)) - raft.server.rpc.first-election.timeout.max = 5200ms (fallback to raft.server.rpc.timeout.max)
2023-07-18 19:30:35,741 [ec94dcc4-e30d-4488-98e5-1700c0a44b75@group-97EAE1A8194B-FollowerState] INFO  impl.FollowerState (FollowerState.java:run(143)) - ec94dcc4-e30d-4488-98e5-1700c0a44b75@group-97EAE1A8194B-FollowerState: change to CANDIDATE, lastRpcElapsedTime:5140045177ns, electionTimeout:5129ms
2023-07-18 19:30:35,741 [ec94dcc4-e30d-4488-98e5-1700c0a44b75@group-97EAE1A8194B-FollowerState] INFO  impl.RoleInfo (RoleInfo.java:shutdownFollowerState(110)) - ec94dcc4-e30d-4488-98e5-1700c0a44b75: shutdown ec94dcc4-e30d-4488-98e5-1700c0a44b75@group-97EAE1A8194B-FollowerState
2023-07-18 19:30:35,741 [ec94dcc4-e30d-4488-98e5-1700c0a44b75@group-97EAE1A8194B-FollowerState] INFO  server.RaftServer$Division (RaftServerImpl.java:setRole(329)) - ec94dcc4-e30d-4488-98e5-1700c0a44b75@group-97EAE1A8194B: changes role from  FOLLOWER to CANDIDATE at term 0 for changeToCandidate
2023-07-18 19:30:35,741 [ec94dcc4-e30d-4488-98e5-1700c0a44b75@group-97EAE1A8194B-FollowerState] INFO  server.RaftServerConfigKeys (ConfUtils.java:logGet(46)) - raft.server.leaderelection.pre-vote = true (default)
2023-07-18 19:30:35,741 [ec94dcc4-e30d-4488-98e5-1700c0a44b75@group-97EAE1A8194B-FollowerState] INFO  impl.RoleInfo (RoleInfo.java:updateAndGet(139)) - ec94dcc4-e30d-4488-98e5-1700c0a44b75: start ec94dcc4-e30d-4488-98e5-1700c0a44b75@group-97EAE1A8194B-LeaderElection5
2023-07-18 19:30:35,743 [ec94dcc4-e30d-4488-98e5-1700c0a44b75@group-97EAE1A8194B-LeaderElection5] INFO  impl.LeaderElection (LeaderElection.java:askForVotes(321)) - ec94dcc4-e30d-4488-98e5-1700c0a44b75@group-97EAE1A8194B-LeaderElection5 PRE_VOTE round 0: submit vote requests at term 0 for -1: peers:[e7d9066e-05d1-4d78-941d-b2a7fd2da9b5|rpc:10.1.0.42:15014|admin:10.1.0.42:15013|client:10.1.0.42:15012|dataStream:10.1.0.42:15015|priority:0|startupRole:FOLLOWER, eb412079-c751-4dfd-aec5-5a0bb932822c|rpc:10.1.0.42:15032|admin:10.1.0.42:15031|client:10.1.0.42:15030|dataStream:10.1.0.42:15033|priority:0|startupRole:FOLLOWER, ec94dcc4-e30d-4488-98e5-1700c0a44b75|rpc:10.1.0.42:15023|admin:10.1.0.42:15022|client:10.1.0.42:15021|dataStream:10.1.0.42:15024|priority:1|startupRole:FOLLOWER]|listeners:[], old=null
2023-07-18 19:30:35,746 [ec94dcc4-e30d-4488-98e5-1700c0a44b75@group-97EAE1A8194B-LeaderElection5-1] INFO  server.GrpcServerProtocolClient (GrpcServerProtocolClient.java:<init>(65)) - Build channel for e7d9066e-05d1-4d78-941d-b2a7fd2da9b5
2023-07-18 19:30:35,746 [ec94dcc4-e30d-4488-98e5-1700c0a44b75@group-97EAE1A8194B-LeaderElection5] INFO  server.RaftServerConfigKeys (ConfUtils.java:logFallback(53)) - raft.server.rpc.first-election.timeout.min = 5s (fallback to raft.server.rpc.timeout.min)
2023-07-18 19:30:35,747 [ec94dcc4-e30d-4488-98e5-1700c0a44b75@group-97EAE1A8194B-LeaderElection5] INFO  server.RaftServerConfigKeys (ConfUtils.java:logFallback(53)) - raft.server.rpc.first-election.timeout.max = 5200ms (fallback to raft.server.rpc.timeout.max)
2023-07-18 19:30:35,747 [ec94dcc4-e30d-4488-98e5-1700c0a44b75@group-97EAE1A8194B-LeaderElection5-2] INFO  server.GrpcServerProtocolClient (GrpcServerProtocolClient.java:<init>(65)) - Build channel for eb412079-c751-4dfd-aec5-5a0bb932822c
2023-07-18 19:30:35,767 [grpc-default-executor-1] INFO  server.RaftServer$Division (RaftServerImpl.java:requestVote(1302)) - e7d9066e-05d1-4d78-941d-b2a7fd2da9b5@group-97EAE1A8194B: receive requestVote(PRE_VOTE, ec94dcc4-e30d-4488-98e5-1700c0a44b75, group-97EAE1A8194B, 0, (t:0, i:0))
2023-07-18 19:30:35,767 [grpc-default-executor-1] INFO  impl.VoteContext (VoteContext.java:log(49)) - e7d9066e-05d1-4d78-941d-b2a7fd2da9b5@group-97EAE1A8194B-FOLLOWER: accept PRE_VOTE from ec94dcc4-e30d-4488-98e5-1700c0a44b75: our priority 0 <= candidate's priority 1
2023-07-18 19:30:35,767 [grpc-default-executor-1] INFO  server.RaftServer$Division (RaftServerImpl.java:requestVote(1335)) - e7d9066e-05d1-4d78-941d-b2a7fd2da9b5@group-97EAE1A8194B replies to PRE_VOTE vote request: ec94dcc4-e30d-4488-98e5-1700c0a44b75<-e7d9066e-05d1-4d78-941d-b2a7fd2da9b5#0:OK-t0. Peer's state: e7d9066e-05d1-4d78-941d-b2a7fd2da9b5@group-97EAE1A8194B:t0, leader=null, voted=, raftlog=Memoized:e7d9066e-05d1-4d78-941d-b2a7fd2da9b5@group-97EAE1A8194B-SegmentedRaftLog:OPENED:c-1, conf=-1: peers:[e7d9066e-05d1-4d78-941d-b2a7fd2da9b5|rpc:10.1.0.42:15014|admin:10.1.0.42:15013|client:10.1.0.42:15012|dataStream:10.1.0.42:15015|priority:0|startupRole:FOLLOWER, eb412079-c751-4dfd-aec5-5a0bb932822c|rpc:10.1.0.42:15032|admin:10.1.0.42:15031|client:10.1.0.42:15030|dataStream:10.1.0.42:15033|priority:0|startupRole:FOLLOWER, ec94dcc4-e30d-4488-98e5-1700c0a44b75|rpc:10.1.0.42:15023|admin:10.1.0.42:15022|client:10.1.0.42:15021|dataStream:10.1.0.42:15024|priority:1|startupRole:FOLLOWER]|listeners:[], old=null
2023-07-18 19:30:35,770 [ec94dcc4-e30d-4488-98e5-1700c0a44b75@group-97EAE1A8194B-LeaderElection5] INFO  impl.LeaderElection (LeaderElection.java:logAndReturn(90)) - ec94dcc4-e30d-4488-98e5-1700c0a44b75@group-97EAE1A8194B-LeaderElection5: PRE_VOTE PASSED received 1 response(s) and 0 exception(s):
2023-07-18 19:30:35,770 [ec94dcc4-e30d-4488-98e5-1700c0a44b75@group-97EAE1A8194B-LeaderElection5] INFO  impl.LeaderElection (LeaderElection.java:logAndReturn(94)) -   Response 0: ec94dcc4-e30d-4488-98e5-1700c0a44b75<-e7d9066e-05d1-4d78-941d-b2a7fd2da9b5#0:OK-t0
2023-07-18 19:30:35,771 [grpc-default-executor-1] INFO  server.RaftServer$Division (RaftServerImpl.java:requestVote(1302)) - eb412079-c751-4dfd-aec5-5a0bb932822c@group-97EAE1A8194B: receive requestVote(PRE_VOTE, ec94dcc4-e30d-4488-98e5-1700c0a44b75, group-97EAE1A8194B, 0, (t:0, i:0))
2023-07-18 19:30:35,772 [grpc-default-executor-1] INFO  impl.VoteContext (VoteContext.java:log(49)) - eb412079-c751-4dfd-aec5-5a0bb932822c@group-97EAE1A8194B-FOLLOWER: accept PRE_VOTE from ec94dcc4-e30d-4488-98e5-1700c0a44b75: our priority 0 <= candidate's priority 1
2023-07-18 19:30:35,772 [grpc-default-executor-1] INFO  server.RaftServer$Division (RaftServerImpl.java:requestVote(1335)) - eb412079-c751-4dfd-aec5-5a0bb932822c@group-97EAE1A8194B replies to PRE_VOTE vote request: ec94dcc4-e30d-4488-98e5-1700c0a44b75<-eb412079-c751-4dfd-aec5-5a0bb932822c#0:OK-t0. Peer's state: eb412079-c751-4dfd-aec5-5a0bb932822c@group-97EAE1A8194B:t0, leader=null, voted=, raftlog=Memoized:eb412079-c751-4dfd-aec5-5a0bb932822c@group-97EAE1A8194B-SegmentedRaftLog:OPENED:c-1, conf=-1: peers:[e7d9066e-05d1-4d78-941d-b2a7fd2da9b5|rpc:10.1.0.42:15014|admin:10.1.0.42:15013|client:10.1.0.42:15012|dataStream:10.1.0.42:15015|priority:0|startupRole:FOLLOWER, eb412079-c751-4dfd-aec5-5a0bb932822c|rpc:10.1.0.42:15032|admin:10.1.0.42:15031|client:10.1.0.42:15030|dataStream:10.1.0.42:15033|priority:0|startupRole:FOLLOWER, ec94dcc4-e30d-4488-98e5-1700c0a44b75|rpc:10.1.0.42:15023|admin:10.1.0.42:15022|client:10.1.0.42:15021|dataStream:10.1.0.42:15024|priority:1|startupRole:FOLLOWER]|listeners:[], old=null
2023-07-18 19:30:35,773 [ec94dcc4-e30d-4488-98e5-1700c0a44b75@group-97EAE1A8194B-LeaderElection5] INFO  impl.LeaderElection (LeaderElection.java:askForVotes(323)) - ec94dcc4-e30d-4488-98e5-1700c0a44b75@group-97EAE1A8194B-LeaderElection5 PRE_VOTE round 0: result PASSED
2023-07-18 19:30:35,776 [ec94dcc4-e30d-4488-98e5-1700c0a44b75@group-97EAE1A8194B-LeaderElection5] INFO  impl.LeaderElection (LeaderElection.java:askForVotes(321)) - ec94dcc4-e30d-4488-98e5-1700c0a44b75@group-97EAE1A8194B-LeaderElection5 ELECTION round 0: submit vote requests at term 1 for -1: peers:[e7d9066e-05d1-4d78-941d-b2a7fd2da9b5|rpc:10.1.0.42:15014|admin:10.1.0.42:15013|client:10.1.0.42:15012|dataStream:10.1.0.42:15015|priority:0|startupRole:FOLLOWER, eb412079-c751-4dfd-aec5-5a0bb932822c|rpc:10.1.0.42:15032|admin:10.1.0.42:15031|client:10.1.0.42:15030|dataStream:10.1.0.42:15033|priority:0|startupRole:FOLLOWER, ec94dcc4-e30d-4488-98e5-1700c0a44b75|rpc:10.1.0.42:15023|admin:10.1.0.42:15022|client:10.1.0.42:15021|dataStream:10.1.0.42:15024|priority:1|startupRole:FOLLOWER]|listeners:[], old=null
2023-07-18 19:30:35,779 [ec94dcc4-e30d-4488-98e5-1700c0a44b75@group-97EAE1A8194B-LeaderElection5] INFO  server.RaftServerConfigKeys (ConfUtils.java:logFallback(53)) - raft.server.rpc.first-election.timeout.min = 5s (fallback to raft.server.rpc.timeout.min)
2023-07-18 19:30:35,779 [ec94dcc4-e30d-4488-98e5-1700c0a44b75@group-97EAE1A8194B-LeaderElection5] INFO  server.RaftServerConfigKeys (ConfUtils.java:logFallback(53)) - raft.server.rpc.first-election.timeout.max = 5200ms (fallback to raft.server.rpc.timeout.max)
2023-07-18 19:30:35,780 [grpc-default-executor-1] INFO  server.RaftServer$Division (RaftServerImpl.java:requestVote(1302)) - e7d9066e-05d1-4d78-941d-b2a7fd2da9b5@group-97EAE1A8194B: receive requestVote(ELECTION, ec94dcc4-e30d-4488-98e5-1700c0a44b75, group-97EAE1A8194B, 1, (t:0, i:0))
2023-07-18 19:30:35,781 [grpc-default-executor-1] INFO  impl.VoteContext (VoteContext.java:log(49)) - e7d9066e-05d1-4d78-941d-b2a7fd2da9b5@group-97EAE1A8194B-FOLLOWER: accept ELECTION from ec94dcc4-e30d-4488-98e5-1700c0a44b75: our priority 0 <= candidate's priority 1
2023-07-18 19:30:35,781 [grpc-default-executor-1] INFO  server.RaftServer$Division (RaftServerImpl.java:setRole(329)) - e7d9066e-05d1-4d78-941d-b2a7fd2da9b5@group-97EAE1A8194B: changes role from  FOLLOWER to FOLLOWER at term 1 for candidate:ec94dcc4-e30d-4488-98e5-1700c0a44b75
2023-07-18 19:30:35,781 [grpc-default-executor-1] INFO  impl.RoleInfo (RoleInfo.java:shutdownFollowerState(110)) - e7d9066e-05d1-4d78-941d-b2a7fd2da9b5: shutdown e7d9066e-05d1-4d78-941d-b2a7fd2da9b5@group-97EAE1A8194B-FollowerState
2023-07-18 19:30:35,782 [grpc-default-executor-1] INFO  impl.RoleInfo (RoleInfo.java:updateAndGet(139)) - e7d9066e-05d1-4d78-941d-b2a7fd2da9b5: start e7d9066e-05d1-4d78-941d-b2a7fd2da9b5@group-97EAE1A8194B-FollowerState
2023-07-18 19:30:35,782 [e7d9066e-05d1-4d78-941d-b2a7fd2da9b5@group-97EAE1A8194B-FollowerState] INFO  impl.FollowerState (FollowerState.java:run(152)) - e7d9066e-05d1-4d78-941d-b2a7fd2da9b5@group-97EAE1A8194B-FollowerState was interrupted
2023-07-18 19:30:35,784 [grpc-default-executor-1] INFO  server.RaftServer$Division (RaftServerImpl.java:requestVote(1335)) - e7d9066e-05d1-4d78-941d-b2a7fd2da9b5@group-97EAE1A8194B replies to ELECTION vote request: ec94dcc4-e30d-4488-98e5-1700c0a44b75<-e7d9066e-05d1-4d78-941d-b2a7fd2da9b5#0:OK-t1. Peer's state: e7d9066e-05d1-4d78-941d-b2a7fd2da9b5@group-97EAE1A8194B:t1, leader=null, voted=ec94dcc4-e30d-4488-98e5-1700c0a44b75, raftlog=Memoized:e7d9066e-05d1-4d78-941d-b2a7fd2da9b5@group-97EAE1A8194B-SegmentedRaftLog:OPENED:c-1, conf=-1: peers:[e7d9066e-05d1-4d78-941d-b2a7fd2da9b5|rpc:10.1.0.42:15014|admin:10.1.0.42:15013|client:10.1.0.42:15012|dataStream:10.1.0.42:15015|priority:0|startupRole:FOLLOWER, eb412079-c751-4dfd-aec5-5a0bb932822c|rpc:10.1.0.42:15032|admin:10.1.0.42:15031|client:10.1.0.42:15030|dataStream:10.1.0.42:15033|priority:0|startupRole:FOLLOWER, ec94dcc4-e30d-4488-98e5-1700c0a44b75|rpc:10.1.0.42:15023|admin:10.1.0.42:15022|client:10.1.0.42:15021|dataStream:10.1.0.42:15024|priority:1|startupRole:FOLLOWER]|listeners:[], old=null
2023-07-18 19:30:35,786 [ec94dcc4-e30d-4488-98e5-1700c0a44b75@group-97EAE1A8194B-LeaderElection5] INFO  impl.LeaderElection (LeaderElection.java:logAndReturn(90)) - ec94dcc4-e30d-4488-98e5-1700c0a44b75@group-97EAE1A8194B-LeaderElection5: ELECTION PASSED received 1 response(s) and 0 exception(s):
2023-07-18 19:30:35,786 [ec94dcc4-e30d-4488-98e5-1700c0a44b75@group-97EAE1A8194B-LeaderElection5] INFO  impl.LeaderElection (LeaderElection.java:logAndReturn(94)) -   Response 0: ec94dcc4-e30d-4488-98e5-1700c0a44b75<-e7d9066e-05d1-4d78-941d-b2a7fd2da9b5#0:OK-t1
2023-07-18 19:30:35,786 [ec94dcc4-e30d-4488-98e5-1700c0a44b75@group-97EAE1A8194B-LeaderElection5] INFO  impl.LeaderElection (LeaderElection.java:askForVotes(323)) - ec94dcc4-e30d-4488-98e5-1700c0a44b75@group-97EAE1A8194B-LeaderElection5 ELECTION round 0: result PASSED
2023-07-18 19:30:35,786 [ec94dcc4-e30d-4488-98e5-1700c0a44b75@group-97EAE1A8194B-LeaderElection5] INFO  impl.RoleInfo (RoleInfo.java:shutdownLeaderElection(130)) - ec94dcc4-e30d-4488-98e5-1700c0a44b75: shutdown ec94dcc4-e30d-4488-98e5-1700c0a44b75@group-97EAE1A8194B-LeaderElection5
2023-07-18 19:30:35,786 [ec94dcc4-e30d-4488-98e5-1700c0a44b75@group-97EAE1A8194B-LeaderElection5] INFO  server.RaftServer$Division (RaftServerImpl.java:setRole(329)) - ec94dcc4-e30d-4488-98e5-1700c0a44b75@group-97EAE1A8194B: changes role from CANDIDATE to LEADER at term 1 for changeToLeader
2023-07-18 19:30:35,786 [ec94dcc4-e30d-4488-98e5-1700c0a44b75@group-97EAE1A8194B-LeaderElection5] INFO  ratis.XceiverServerRatis (XceiverServerRatis.java:handleLeaderChangedNotification(902)) - Leader change notification received for group: group-97EAE1A8194B with new leaderId: ec94dcc4-e30d-4488-98e5-1700c0a44b75
2023-07-18 19:30:35,787 [ec94dcc4-e30d-4488-98e5-1700c0a44b75@group-97EAE1A8194B-LeaderElection5] INFO  server.RaftServer$Division (ServerState.java:setLeader(317)) - ec94dcc4-e30d-4488-98e5-1700c0a44b75@group-97EAE1A8194B: change Leader from null to ec94dcc4-e30d-4488-98e5-1700c0a44b75 at term 1 for becomeLeader, leader elected after 5220ms
2023-07-18 19:30:35,787 [ec94dcc4-e30d-4488-98e5-1700c0a44b75@group-97EAE1A8194B-LeaderElection5] INFO  server.RaftServerConfigKeys (ConfUtils.java:logGet(46)) - raft.server.staging.catchup.gap = 1000 (default)
2023-07-18 19:30:35,787 [ec94dcc4-e30d-4488-98e5-1700c0a44b75@group-97EAE1A8194B-LeaderElection5] INFO  server.RaftServerConfigKeys (ConfUtils.java:logGet(46)) - raft.server.write.element-limit = 1024 (custom)
2023-07-18 19:30:35,787 [ec94dcc4-e30d-4488-98e5-1700c0a44b75@group-97EAE1A8194B-LeaderElection5] INFO  server.RaftServerConfigKeys (ConfUtils.java:logGet(46)) - raft.server.write.byte-limit = 1024 M (=1073741824) (custom)
2023-07-18 19:30:35,788 [ec94dcc4-e30d-4488-98e5-1700c0a44b75@group-97EAE1A8194B-LeaderElection5] INFO  server.RaftServerConfigKeys (ConfUtils.java:logGet(46)) - raft.server.watch.timeout = 3000ms (custom)
2023-07-18 19:30:35,788 [ec94dcc4-e30d-4488-98e5-1700c0a44b75@group-97EAE1A8194B-LeaderElection5] INFO  server.RaftServerConfigKeys (ConfUtils.java:logGet(46)) - raft.server.watch.timeout.denomination = 1s (default)
2023-07-18 19:30:35,788 [ec94dcc4-e30d-4488-98e5-1700c0a44b75@group-97EAE1A8194B-LeaderElection5] INFO  server.RaftServerConfigKeys (ConfUtils.java:logGet(46)) - raft.server.watch.element-limit = 65536 (default)
2023-07-18 19:30:35,788 [ec94dcc4-e30d-4488-98e5-1700c0a44b75@group-97EAE1A8194B-LeaderElection5] INFO  server.RaftServerConfigKeys (ConfUtils.java:logGet(46)) - raft.server.write.element-limit = 1024 (custom)
2023-07-18 19:30:35,788 [grpc-default-executor-1] INFO  server.RaftServer$Division (RaftServerImpl.java:requestVote(1302)) - eb412079-c751-4dfd-aec5-5a0bb932822c@group-97EAE1A8194B: receive requestVote(ELECTION, ec94dcc4-e30d-4488-98e5-1700c0a44b75, group-97EAE1A8194B, 1, (t:0, i:0))
2023-07-18 19:30:35,788 [ec94dcc4-e30d-4488-98e5-1700c0a44b75@group-97EAE1A8194B-LeaderElection5] INFO  server.RaftServerConfigKeys (ConfUtils.java:logGet(46)) - raft.server.write.follower.gap.ratio.max = -1.0 (default)
2023-07-18 19:30:35,791 [EventQueue-PipelineReportForPipelineReportHandler] INFO  pipeline.PipelineReportHandler (PipelineReportHandler.java:processPipelineReport(136)) - Opened pipeline PipelineID=419e2787-58e7-484b-b928-97eae1a8194b
2023-07-18 19:30:35,791 [EventQueue-OpenPipelineForHealthyPipelineSafeModeRule] INFO  safemode.SCMSafeModeManager (HealthyPipelineSafeModeRule.java:process(137)) - SCM in safe mode. Healthy pipelines reported count is 1, required healthy pipeline reported count is 1
2023-07-18 19:30:35,791 [EventQueue-OpenPipelineForHealthyPipelineSafeModeRule] INFO  safemode.SCMSafeModeManager (SCMSafeModeManager.java:validateSafeModeExitRules(200)) - HealthyPipelineSafeModeRule rule is successfully validated
2023-07-18 19:30:35,791 [EventQueue-OpenPipelineForHealthyPipelineSafeModeRule] INFO  safemode.SCMSafeModeManager (SCMSafeModeManager.java:validateSafeModeExitRules(215)) - ScmSafeModeManager, all rules are successfully validated
2023-07-18 19:30:35,792 [EventQueue-OpenPipelineForHealthyPipelineSafeModeRule] INFO  safemode.SCMSafeModeManager (SCMSafeModeManager.java:exitSafeMode(244)) - SCM exiting safe mode.
2023-07-18 19:30:35,792 [EventQueue-OpenPipelineForHealthyPipelineSafeModeRule] INFO  ha.SCMContext (SCMContext.java:updateSafeModeStatus(228)) - Update SafeModeStatus from SafeModeStatus{safeModeStatus=true, preCheckPassed=true} to SafeModeStatus{safeModeStatus=false, preCheckPassed=true}.
2023-07-18 19:30:35,792 [EventQueue-OpenPipelineForHealthyPipelineSafeModeRule] INFO  pipeline.BackgroundPipelineCreator (BackgroundPipelineCreator.java:notifyStatusChanged(255)) - Service BackgroundPipelineCreator transitions to RUNNING.
2023-07-18 19:30:35,792 [EventQueue-OpenPipelineForHealthyPipelineSafeModeRule] INFO  BackgroundPipelineScrubber (BackgroundSCMService.java:notifyStatusChanged(82)) - Service BackgroundPipelineScrubber transitions to RUNNING.
2023-07-18 19:30:35,792 [EventQueue-OpenPipelineForHealthyPipelineSafeModeRule] INFO  ExpiredContainerReplicaOpScrubber (BackgroundSCMService.java:notifyStatusChanged(82)) - Service ExpiredContainerReplicaOpScrubber transitions to RUNNING.
2023-07-18 19:30:35,792 [EventQueue-OpenPipelineForHealthyPipelineSafeModeRule] INFO  replication.ReplicationManager (ReplicationManager.java:notifyStatusChanged(1366)) - Service ReplicationManager transitions to RUNNING.
2023-07-18 19:30:35,789 [grpc-default-executor-1] INFO  impl.VoteContext (VoteContext.java:log(49)) - eb412079-c751-4dfd-aec5-5a0bb932822c@group-97EAE1A8194B-FOLLOWER: accept ELECTION from ec94dcc4-e30d-4488-98e5-1700c0a44b75: our priority 0 <= candidate's priority 1
2023-07-18 19:30:35,794 [grpc-default-executor-1] INFO  server.RaftServer$Division (RaftServerImpl.java:setRole(329)) - eb412079-c751-4dfd-aec5-5a0bb932822c@group-97EAE1A8194B: changes role from  FOLLOWER to FOLLOWER at term 1 for candidate:ec94dcc4-e30d-4488-98e5-1700c0a44b75
2023-07-18 19:30:35,794 [grpc-default-executor-1] INFO  impl.RoleInfo (RoleInfo.java:shutdownFollowerState(110)) - eb412079-c751-4dfd-aec5-5a0bb932822c: shutdown eb412079-c751-4dfd-aec5-5a0bb932822c@group-97EAE1A8194B-FollowerState
2023-07-18 19:30:35,795 [eb412079-c751-4dfd-aec5-5a0bb932822c@group-97EAE1A8194B-FollowerState] INFO  impl.FollowerState (FollowerState.java:run(152)) - eb412079-c751-4dfd-aec5-5a0bb932822c@group-97EAE1A8194B-FollowerState was interrupted
2023-07-18 19:30:35,796 [grpc-default-executor-1] INFO  impl.RoleInfo (RoleInfo.java:updateAndGet(139)) - eb412079-c751-4dfd-aec5-5a0bb932822c: start eb412079-c751-4dfd-aec5-5a0bb932822c@group-97EAE1A8194B-FollowerState
2023-07-18 19:30:35,798 [EventQueue-OpenPipelineForHealthyPipelineSafeModeRule] WARN  balancer.ContainerBalancer (ContainerBalancer.java:shouldRun(134)) - Could not find persisted configuration for ContainerBalancer when checking if ContainerBalancer should run. ContainerBalancer should not run now.
2023-07-18 19:30:35,799 [grpc-default-executor-1] INFO  server.RaftServer$Division (RaftServerImpl.java:requestVote(1335)) - eb412079-c751-4dfd-aec5-5a0bb932822c@group-97EAE1A8194B replies to ELECTION vote request: ec94dcc4-e30d-4488-98e5-1700c0a44b75<-eb412079-c751-4dfd-aec5-5a0bb932822c#0:OK-t1. Peer's state: eb412079-c751-4dfd-aec5-5a0bb932822c@group-97EAE1A8194B:t1, leader=null, voted=ec94dcc4-e30d-4488-98e5-1700c0a44b75, raftlog=Memoized:eb412079-c751-4dfd-aec5-5a0bb932822c@group-97EAE1A8194B-SegmentedRaftLog:OPENED:c-1, conf=-1: peers:[e7d9066e-05d1-4d78-941d-b2a7fd2da9b5|rpc:10.1.0.42:15014|admin:10.1.0.42:15013|client:10.1.0.42:15012|dataStream:10.1.0.42:15015|priority:0|startupRole:FOLLOWER, eb412079-c751-4dfd-aec5-5a0bb932822c|rpc:10.1.0.42:15032|admin:10.1.0.42:15031|client:10.1.0.42:15030|dataStream:10.1.0.42:15033|priority:0|startupRole:FOLLOWER, ec94dcc4-e30d-4488-98e5-1700c0a44b75|rpc:10.1.0.42:15023|admin:10.1.0.42:15022|client:10.1.0.42:15021|dataStream:10.1.0.42:15024|priority:1|startupRole:FOLLOWER]|listeners:[], old=null
2023-07-18 19:30:35,801 [main] INFO  ozone.MiniOzoneClusterImpl (MiniOzoneClusterImpl.java:lambda$waitForClusterToBeReady$0(224)) - Nodes are ready. Got 3 of 3 DN Heartbeats.
2023-07-18 19:30:35,801 [main] INFO  ozone.MiniOzoneClusterImpl (MiniOzoneClusterImpl.java:lambda$waitForClusterToBeReady$0(227)) - Cluster exits safe mode
2023-07-18 19:30:35,801 [main] INFO  ozone.MiniOzoneClusterImpl (MiniOzoneClusterImpl.java:lambda$waitForClusterToBeReady$0(229)) - SCM became leader
2023-07-18 19:30:35,813 [ec94dcc4-e30d-4488-98e5-1700c0a44b75@group-97EAE1A8194B-LeaderElection5] INFO  server.RaftServerConfigKeys (ConfUtils.java:logGet(46)) - raft.server.log.appender.snapshot.chunk.size.max = 16MB (=16777216) (default)
2023-07-18 19:30:35,815 [ec94dcc4-e30d-4488-98e5-1700c0a44b75@group-97EAE1A8194B-LeaderElection5] INFO  server.RaftServerConfigKeys (ConfUtils.java:logGet(46)) - raft.server.log.appender.buffer.byte-limit = 33554432 (custom)
2023-07-18 19:30:35,815 [ec94dcc4-e30d-4488-98e5-1700c0a44b75@group-97EAE1A8194B-LeaderElection5] INFO  server.RaftServerConfigKeys (ConfUtils.java:logGet(46)) - raft.server.log.appender.buffer.element-limit = 1 (custom)
2023-07-18 19:30:35,817 [ec94dcc4-e30d-4488-98e5-1700c0a44b75@group-97EAE1A8194B-LeaderElection5] INFO  server.RaftServerConfigKeys (ConfUtils.java:logGet(46)) - raft.server.log.appender.wait-time.min = 10ms (default)
2023-07-18 19:30:35,819 [ec94dcc4-e30d-4488-98e5-1700c0a44b75@group-97EAE1A8194B-LeaderElection5] INFO  grpc.GrpcConfigKeys (ConfUtils.java:logGet(46)) - raft.grpc.server.leader.outstanding.appends.max = 128 (default)
2023-07-18 19:30:35,819 [ec94dcc4-e30d-4488-98e5-1700c0a44b75@group-97EAE1A8194B-LeaderElection5] INFO  server.RaftServerConfigKeys (ConfUtils.java:logGet(46)) - raft.server.rpc.request.timeout = 3000ms (default)
2023-07-18 19:30:35,819 [ec94dcc4-e30d-4488-98e5-1700c0a44b75@group-97EAE1A8194B-LeaderElection5] INFO  grpc.GrpcConfigKeys (ConfUtils.java:logGet(46)) - raft.grpc.server.install_snapshot.request.element-limit = 8 (default)
2023-07-18 19:30:35,820 [ec94dcc4-e30d-4488-98e5-1700c0a44b75@group-97EAE1A8194B-LeaderElection5] INFO  grpc.GrpcConfigKeys (ConfUtils.java:logGet(46)) - raft.grpc.server.install_snapshot.request.timeout = 3000ms (default)
2023-07-18 19:30:35,820 [ec94dcc4-e30d-4488-98e5-1700c0a44b75@group-97EAE1A8194B-LeaderElection5] INFO  server.RaftServerConfigKeys (ConfUtils.java:logGet(46)) - raft.server.log.appender.install.snapshot.enabled = false (custom)
2023-07-18 19:30:35,820 [ec94dcc4-e30d-4488-98e5-1700c0a44b75@group-97EAE1A8194B-LeaderElection5] INFO  grpc.GrpcConfigKeys (ConfUtils.java:logGet(46)) - raft.grpc.server.heartbeat.channel = true (default)
2023-07-18 19:30:35,822 [ec94dcc4-e30d-4488-98e5-1700c0a44b75@group-97EAE1A8194B-LeaderElection5] INFO  server.RaftServerConfigKeys (ConfUtils.java:logGet(46)) - raft.server.log.appender.snapshot.chunk.size.max = 16MB (=16777216) (default)
2023-07-18 19:30:35,823 [ec94dcc4-e30d-4488-98e5-1700c0a44b75@group-97EAE1A8194B-LeaderElection5] INFO  server.RaftServerConfigKeys (ConfUtils.java:logGet(46)) - raft.server.log.appender.buffer.byte-limit = 33554432 (custom)
2023-07-18 19:30:35,823 [ec94dcc4-e30d-4488-98e5-1700c0a44b75@group-97EAE1A8194B-LeaderElection5] INFO  server.RaftServerConfigKeys (ConfUtils.java:logGet(46)) - raft.server.log.appender.buffer.element-limit = 1 (custom)
2023-07-18 19:30:35,823 [ec94dcc4-e30d-4488-98e5-1700c0a44b75@group-97EAE1A8194B-LeaderElection5] INFO  server.RaftServerConfigKeys (ConfUtils.java:logGet(46)) - raft.server.log.appender.wait-time.min = 10ms (default)
2023-07-18 19:30:35,823 [ec94dcc4-e30d-4488-98e5-1700c0a44b75@group-97EAE1A8194B-LeaderElection5] INFO  grpc.GrpcConfigKeys (ConfUtils.java:logGet(46)) - raft.grpc.server.leader.outstanding.appends.max = 128 (default)
2023-07-18 19:30:35,823 [ec94dcc4-e30d-4488-98e5-1700c0a44b75@group-97EAE1A8194B-LeaderElection5] INFO  server.RaftServerConfigKeys (ConfUtils.java:logGet(46)) - raft.server.rpc.request.timeout = 3000ms (default)
2023-07-18 19:30:35,823 [ec94dcc4-e30d-4488-98e5-1700c0a44b75@group-97EAE1A8194B-LeaderElection5] INFO  grpc.GrpcConfigKeys (ConfUtils.java:logGet(46)) - raft.grpc.server.install_snapshot.request.element-limit = 8 (default)
2023-07-18 19:30:35,823 [ec94dcc4-e30d-4488-98e5-1700c0a44b75@group-97EAE1A8194B-LeaderElection5] INFO  grpc.GrpcConfigKeys (ConfUtils.java:logGet(46)) - raft.grpc.server.install_snapshot.request.timeout = 3000ms (default)
2023-07-18 19:30:35,823 [ec94dcc4-e30d-4488-98e5-1700c0a44b75@group-97EAE1A8194B-LeaderElection5] INFO  server.RaftServerConfigKeys (ConfUtils.java:logGet(46)) - raft.server.log.appender.install.snapshot.enabled = false (custom)
2023-07-18 19:30:35,823 [ec94dcc4-e30d-4488-98e5-1700c0a44b75@group-97EAE1A8194B-LeaderElection5] INFO  grpc.GrpcConfigKeys (ConfUtils.java:logGet(46)) - raft.grpc.server.heartbeat.channel = true (default)
2023-07-18 19:30:35,824 [ec94dcc4-e30d-4488-98e5-1700c0a44b75@group-97EAE1A8194B-LeaderElection5] INFO  impl.RoleInfo (RoleInfo.java:updateAndGet(139)) - ec94dcc4-e30d-4488-98e5-1700c0a44b75: start ec94dcc4-e30d-4488-98e5-1700c0a44b75@group-97EAE1A8194B-LeaderStateImpl
2023-07-18 19:30:35,825 [ec94dcc4-e30d-4488-98e5-1700c0a44b75@group-97EAE1A8194B-LeaderElection5] INFO  segmented.SegmentedRaftLogWorker (SegmentedRaftLogWorker.java:startLogSegment(447)) - ec94dcc4-e30d-4488-98e5-1700c0a44b75@group-97EAE1A8194B-SegmentedRaftLogWorker: Starting segment from index:0
2023-07-18 19:30:35,827 [ec94dcc4-e30d-4488-98e5-1700c0a44b75@group-97EAE1A8194B-SegmentedRaftLogWorker] INFO  segmented.SegmentedRaftLogWorker (SegmentedRaftLogWorker.java:execute(651)) - ec94dcc4-e30d-4488-98e5-1700c0a44b75@group-97EAE1A8194B-SegmentedRaftLogWorker: created new log segment /home/runner/work/ozone/ozone/hadoop-ozone/integration-test/target/test-dir/MiniOzoneClusterImpl-6b031341-d507-43af-b1f0-ac2f4105ef04/datanode-1/data/ratis/419e2787-58e7-484b-b928-97eae1a8194b/current/log_inprogress_0
2023-07-18 19:30:35,836 [ec94dcc4-e30d-4488-98e5-1700c0a44b75@group-97EAE1A8194B-LeaderElection5] INFO  server.RaftServer$Division (ServerState.java:setRaftConf(434)) - ec94dcc4-e30d-4488-98e5-1700c0a44b75@group-97EAE1A8194B: set configuration 0: peers:[e7d9066e-05d1-4d78-941d-b2a7fd2da9b5|rpc:10.1.0.42:15014|admin:10.1.0.42:15013|client:10.1.0.42:15012|dataStream:10.1.0.42:15015|priority:0|startupRole:FOLLOWER, eb412079-c751-4dfd-aec5-5a0bb932822c|rpc:10.1.0.42:15032|admin:10.1.0.42:15031|client:10.1.0.42:15030|dataStream:10.1.0.42:15033|priority:0|startupRole:FOLLOWER, ec94dcc4-e30d-4488-98e5-1700c0a44b75|rpc:10.1.0.42:15023|admin:10.1.0.42:15022|client:10.1.0.42:15021|dataStream:10.1.0.42:15024|priority:1|startupRole:FOLLOWER]|listeners:[], old=null
2023-07-18 19:30:35,908 [e7d9066e-05d1-4d78-941d-b2a7fd2da9b5-server-thread1] INFO  ratis.XceiverServerRatis (XceiverServerRatis.java:handleLeaderChangedNotification(902)) - Leader change notification received for group: group-97EAE1A8194B with new leaderId: ec94dcc4-e30d-4488-98e5-1700c0a44b75
2023-07-18 19:30:35,908 [e7d9066e-05d1-4d78-941d-b2a7fd2da9b5-server-thread1] INFO  server.RaftServer$Division (ServerState.java:setLeader(317)) - e7d9066e-05d1-4d78-941d-b2a7fd2da9b5@group-97EAE1A8194B: change Leader from null to ec94dcc4-e30d-4488-98e5-1700c0a44b75 at term 1 for appendEntries, leader elected after 5936ms
2023-07-18 19:30:35,917 [e7d9066e-05d1-4d78-941d-b2a7fd2da9b5-server-thread2] INFO  server.RaftServer$Division (ServerState.java:setRaftConf(434)) - e7d9066e-05d1-4d78-941d-b2a7fd2da9b5@group-97EAE1A8194B: set configuration 0: peers:[e7d9066e-05d1-4d78-941d-b2a7fd2da9b5|rpc:10.1.0.42:15014|admin:10.1.0.42:15013|client:10.1.0.42:15012|dataStream:10.1.0.42:15015|priority:0|startupRole:FOLLOWER, eb412079-c751-4dfd-aec5-5a0bb932822c|rpc:10.1.0.42:15032|admin:10.1.0.42:15031|client:10.1.0.42:15030|dataStream:10.1.0.42:15033|priority:0|startupRole:FOLLOWER, ec94dcc4-e30d-4488-98e5-1700c0a44b75|rpc:10.1.0.42:15023|admin:10.1.0.42:15022|client:10.1.0.42:15021|dataStream:10.1.0.42:15024|priority:1|startupRole:FOLLOWER]|listeners:[], old=null
2023-07-18 19:30:35,927 [eb412079-c751-4dfd-aec5-5a0bb932822c-server-thread2] INFO  ratis.XceiverServerRatis (XceiverServerRatis.java:handleLeaderChangedNotification(902)) - Leader change notification received for group: group-97EAE1A8194B with new leaderId: ec94dcc4-e30d-4488-98e5-1700c0a44b75
2023-07-18 19:30:35,944 [eb412079-c751-4dfd-aec5-5a0bb932822c-server-thread2] INFO  server.RaftServer$Division (ServerState.java:setLeader(317)) - eb412079-c751-4dfd-aec5-5a0bb932822c@group-97EAE1A8194B: change Leader from null to ec94dcc4-e30d-4488-98e5-1700c0a44b75 at term 1 for appendEntries, leader elected after 5443ms
2023-07-18 19:30:35,944 [e7d9066e-05d1-4d78-941d-b2a7fd2da9b5-server-thread2] INFO  segmented.SegmentedRaftLogWorker (SegmentedRaftLogWorker.java:startLogSegment(447)) - e7d9066e-05d1-4d78-941d-b2a7fd2da9b5@group-97EAE1A8194B-SegmentedRaftLogWorker: Starting segment from index:0
2023-07-18 19:30:35,956 [eb412079-c751-4dfd-aec5-5a0bb932822c-server-thread1] INFO  server.RaftServer$Division (ServerState.java:setRaftConf(434)) - eb412079-c751-4dfd-aec5-5a0bb932822c@group-97EAE1A8194B: set configuration 0: peers:[e7d9066e-05d1-4d78-941d-b2a7fd2da9b5|rpc:10.1.0.42:15014|admin:10.1.0.42:15013|client:10.1.0.42:15012|dataStream:10.1.0.42:15015|priority:0|startupRole:FOLLOWER, eb412079-c751-4dfd-aec5-5a0bb932822c|rpc:10.1.0.42:15032|admin:10.1.0.42:15031|client:10.1.0.42:15030|dataStream:10.1.0.42:15033|priority:0|startupRole:FOLLOWER, ec94dcc4-e30d-4488-98e5-1700c0a44b75|rpc:10.1.0.42:15023|admin:10.1.0.42:15022|client:10.1.0.42:15021|dataStream:10.1.0.42:15024|priority:1|startupRole:FOLLOWER]|listeners:[], old=null
2023-07-18 19:30:35,957 [eb412079-c751-4dfd-aec5-5a0bb932822c-server-thread1] INFO  segmented.SegmentedRaftLogWorker (SegmentedRaftLogWorker.java:startLogSegment(447)) - eb412079-c751-4dfd-aec5-5a0bb932822c@group-97EAE1A8194B-SegmentedRaftLogWorker: Starting segment from index:0
2023-07-18 19:30:35,958 [e7d9066e-05d1-4d78-941d-b2a7fd2da9b5@group-97EAE1A8194B-SegmentedRaftLogWorker] INFO  segmented.SegmentedRaftLogWorker (SegmentedRaftLogWorker.java:execute(651)) - e7d9066e-05d1-4d78-941d-b2a7fd2da9b5@group-97EAE1A8194B-SegmentedRaftLogWorker: created new log segment /home/runner/work/ozone/ozone/hadoop-ozone/integration-test/target/test-dir/MiniOzoneClusterImpl-6b031341-d507-43af-b1f0-ac2f4105ef04/datanode-0/data/ratis/419e2787-58e7-484b-b928-97eae1a8194b/current/log_inprogress_0
2023-07-18 19:30:35,961 [eb412079-c751-4dfd-aec5-5a0bb932822c@group-97EAE1A8194B-SegmentedRaftLogWorker] INFO  segmented.SegmentedRaftLogWorker (SegmentedRaftLogWorker.java:execute(651)) - eb412079-c751-4dfd-aec5-5a0bb932822c@group-97EAE1A8194B-SegmentedRaftLogWorker: created new log segment /home/runner/work/ozone/ozone/hadoop-ozone/integration-test/target/test-dir/MiniOzoneClusterImpl-6b031341-d507-43af-b1f0-ac2f4105ef04/datanode-2/data/ratis/419e2787-58e7-484b-b928-97eae1a8194b/current/log_inprogress_0
2023-07-18 19:30:36,232 [e7d9066e-05d1-4d78-941d-b2a7fd2da9b5@group-1D9BD65C894C-FollowerState] INFO  impl.FollowerState (FollowerState.java:run(143)) - e7d9066e-05d1-4d78-941d-b2a7fd2da9b5@group-1D9BD65C894C-FollowerState: change to CANDIDATE, lastRpcElapsedTime:5056134516ns, electionTimeout:5050ms
2023-07-18 19:30:36,233 [e7d9066e-05d1-4d78-941d-b2a7fd2da9b5@group-1D9BD65C894C-FollowerState] INFO  impl.RoleInfo (RoleInfo.java:shutdownFollowerState(110)) - e7d9066e-05d1-4d78-941d-b2a7fd2da9b5: shutdown e7d9066e-05d1-4d78-941d-b2a7fd2da9b5@group-1D9BD65C894C-FollowerState
2023-07-18 19:30:36,233 [e7d9066e-05d1-4d78-941d-b2a7fd2da9b5@group-1D9BD65C894C-FollowerState] INFO  server.RaftServer$Division (RaftServerImpl.java:setRole(329)) - e7d9066e-05d1-4d78-941d-b2a7fd2da9b5@group-1D9BD65C894C: changes role from  FOLLOWER to CANDIDATE at term 0 for changeToCandidate
2023-07-18 19:30:36,233 [e7d9066e-05d1-4d78-941d-b2a7fd2da9b5@group-1D9BD65C894C-FollowerState] INFO  server.RaftServerConfigKeys (ConfUtils.java:logGet(46)) - raft.server.leaderelection.pre-vote = true (default)
2023-07-18 19:30:36,233 [e7d9066e-05d1-4d78-941d-b2a7fd2da9b5@group-1D9BD65C894C-FollowerState] INFO  impl.RoleInfo (RoleInfo.java:updateAndGet(139)) - e7d9066e-05d1-4d78-941d-b2a7fd2da9b5: start e7d9066e-05d1-4d78-941d-b2a7fd2da9b5@group-1D9BD65C894C-LeaderElection6
2023-07-18 19:30:36,247 [e7d9066e-05d1-4d78-941d-b2a7fd2da9b5@group-1D9BD65C894C-LeaderElection6] INFO  impl.LeaderElection (LeaderElection.java:askForVotes(321)) - e7d9066e-05d1-4d78-941d-b2a7fd2da9b5@group-1D9BD65C894C-LeaderElection6 PRE_VOTE round 0: submit vote requests at term 0 for -1: peers:[e7d9066e-05d1-4d78-941d-b2a7fd2da9b5|rpc:10.1.0.42:15014|admin:10.1.0.42:15013|client:10.1.0.42:15012|dataStream:10.1.0.42:15015|priority:0|startupRole:FOLLOWER, eb412079-c751-4dfd-aec5-5a0bb932822c|rpc:10.1.0.42:15032|admin:10.1.0.42:15031|client:10.1.0.42:15030|dataStream:10.1.0.42:15033|priority:1|startupRole:FOLLOWER, ec94dcc4-e30d-4488-98e5-1700c0a44b75|rpc:10.1.0.42:15023|admin:10.1.0.42:15022|client:10.1.0.42:15021|dataStream:10.1.0.42:15024|priority:0|startupRole:FOLLOWER]|listeners:[], old=null
2023-07-18 19:30:36,257 [e7d9066e-05d1-4d78-941d-b2a7fd2da9b5@group-1D9BD65C894C-LeaderElection6] INFO  server.RaftServerConfigKeys (ConfUtils.java:logFallback(53)) - raft.server.rpc.first-election.timeout.min = 5s (fallback to raft.server.rpc.timeout.min)
2023-07-18 19:30:36,257 [e7d9066e-05d1-4d78-941d-b2a7fd2da9b5@group-1D9BD65C894C-LeaderElection6] INFO  server.RaftServerConfigKeys (ConfUtils.java:logFallback(53)) - raft.server.rpc.first-election.timeout.max = 5200ms (fallback to raft.server.rpc.timeout.max)
2023-07-18 19:30:36,261 [grpc-default-executor-1] INFO  server.RaftServer$Division (RaftServerImpl.java:requestVote(1302)) - eb412079-c751-4dfd-aec5-5a0bb932822c@group-1D9BD65C894C: receive requestVote(PRE_VOTE, e7d9066e-05d1-4d78-941d-b2a7fd2da9b5, group-1D9BD65C894C, 0, (t:0, i:0))
2023-07-18 19:30:36,262 [grpc-default-executor-1] INFO  impl.VoteContext (VoteContext.java:log(49)) - eb412079-c751-4dfd-aec5-5a0bb932822c@group-1D9BD65C894C-FOLLOWER: reject PRE_VOTE from e7d9066e-05d1-4d78-941d-b2a7fd2da9b5: our priority 1 > candidate's priority 0
2023-07-18 19:30:36,264 [grpc-default-executor-1] INFO  server.RaftServer$Division (RaftServerImpl.java:requestVote(1335)) - eb412079-c751-4dfd-aec5-5a0bb932822c@group-1D9BD65C894C replies to PRE_VOTE vote request: e7d9066e-05d1-4d78-941d-b2a7fd2da9b5<-eb412079-c751-4dfd-aec5-5a0bb932822c#0:FAIL-t0. Peer's state: eb412079-c751-4dfd-aec5-5a0bb932822c@group-1D9BD65C894C:t0, leader=null, voted=, raftlog=Memoized:eb412079-c751-4dfd-aec5-5a0bb932822c@group-1D9BD65C894C-SegmentedRaftLog:OPENED:c-1, conf=-1: peers:[e7d9066e-05d1-4d78-941d-b2a7fd2da9b5|rpc:10.1.0.42:15014|admin:10.1.0.42:15013|client:10.1.0.42:15012|dataStream:10.1.0.42:15015|priority:0|startupRole:FOLLOWER, eb412079-c751-4dfd-aec5-5a0bb932822c|rpc:10.1.0.42:15032|admin:10.1.0.42:15031|client:10.1.0.42:15030|dataStream:10.1.0.42:15033|priority:1|startupRole:FOLLOWER, ec94dcc4-e30d-4488-98e5-1700c0a44b75|rpc:10.1.0.42:15023|admin:10.1.0.42:15022|client:10.1.0.42:15021|dataStream:10.1.0.42:15024|priority:0|startupRole:FOLLOWER]|listeners:[], old=null
2023-07-18 19:30:36,266 [e7d9066e-05d1-4d78-941d-b2a7fd2da9b5@group-1D9BD65C894C-LeaderElection6] INFO  impl.LeaderElection (LeaderElection.java:logAndReturn(90)) - e7d9066e-05d1-4d78-941d-b2a7fd2da9b5@group-1D9BD65C894C-LeaderElection6: PRE_VOTE REJECTED received 1 response(s) and 0 exception(s):
2023-07-18 19:30:36,266 [e7d9066e-05d1-4d78-941d-b2a7fd2da9b5@group-1D9BD65C894C-LeaderElection6] INFO  impl.LeaderElection (LeaderElection.java:logAndReturn(94)) -   Response 0: e7d9066e-05d1-4d78-941d-b2a7fd2da9b5<-eb412079-c751-4dfd-aec5-5a0bb932822c#0:FAIL-t0
2023-07-18 19:30:36,267 [e7d9066e-05d1-4d78-941d-b2a7fd2da9b5@group-1D9BD65C894C-LeaderElection6] INFO  impl.LeaderElection (LeaderElection.java:askForVotes(323)) - e7d9066e-05d1-4d78-941d-b2a7fd2da9b5@group-1D9BD65C894C-LeaderElection6 PRE_VOTE round 0: result REJECTED
2023-07-18 19:30:36,267 [e7d9066e-05d1-4d78-941d-b2a7fd2da9b5@group-1D9BD65C894C-LeaderElection6] INFO  server.RaftServer$Division (RaftServerImpl.java:setRole(329)) - e7d9066e-05d1-4d78-941d-b2a7fd2da9b5@group-1D9BD65C894C: changes role from CANDIDATE to FOLLOWER at term 0 for REJECTED
2023-07-18 19:30:36,267 [e7d9066e-05d1-4d78-941d-b2a7fd2da9b5@group-1D9BD65C894C-LeaderElection6] INFO  impl.RoleInfo (RoleInfo.java:shutdownLeaderElection(130)) - e7d9066e-05d1-4d78-941d-b2a7fd2da9b5: shutdown e7d9066e-05d1-4d78-941d-b2a7fd2da9b5@group-1D9BD65C894C-LeaderElection6
2023-07-18 19:30:36,267 [e7d9066e-05d1-4d78-941d-b2a7fd2da9b5@group-1D9BD65C894C-LeaderElection6] INFO  impl.RoleInfo (RoleInfo.java:updateAndGet(139)) - e7d9066e-05d1-4d78-941d-b2a7fd2da9b5: start e7d9066e-05d1-4d78-941d-b2a7fd2da9b5@group-1D9BD65C894C-FollowerState
2023-07-18 19:30:36,274 [grpc-default-executor-4] INFO  server.RaftServer$Division (RaftServerImpl.java:requestVote(1302)) - ec94dcc4-e30d-4488-98e5-1700c0a44b75@group-1D9BD65C894C: receive requestVote(PRE_VOTE, e7d9066e-05d1-4d78-941d-b2a7fd2da9b5, group-1D9BD65C894C, 0, (t:0, i:0))
2023-07-18 19:30:36,275 [grpc-default-executor-4] INFO  impl.VoteContext (VoteContext.java:log(49)) - ec94dcc4-e30d-4488-98e5-1700c0a44b75@group-1D9BD65C894C-FOLLOWER: accept PRE_VOTE from e7d9066e-05d1-4d78-941d-b2a7fd2da9b5: our priority 0 <= candidate's priority 0
2023-07-18 19:30:36,275 [grpc-default-executor-4] INFO  server.RaftServer$Division (RaftServerImpl.java:requestVote(1335)) - ec94dcc4-e30d-4488-98e5-1700c0a44b75@group-1D9BD65C894C replies to PRE_VOTE vote request: e7d9066e-05d1-4d78-941d-b2a7fd2da9b5<-ec94dcc4-e30d-4488-98e5-1700c0a44b75#0:OK-t0. Peer's state: ec94dcc4-e30d-4488-98e5-1700c0a44b75@group-1D9BD65C894C:t0, leader=null, voted=, raftlog=Memoized:ec94dcc4-e30d-4488-98e5-1700c0a44b75@group-1D9BD65C894C-SegmentedRaftLog:OPENED:c-1, conf=-1: peers:[e7d9066e-05d1-4d78-941d-b2a7fd2da9b5|rpc:10.1.0.42:15014|admin:10.1.0.42:15013|client:10.1.0.42:15012|dataStream:10.1.0.42:15015|priority:0|startupRole:FOLLOWER, eb412079-c751-4dfd-aec5-5a0bb932822c|rpc:10.1.0.42:15032|admin:10.1.0.42:15031|client:10.1.0.42:15030|dataStream:10.1.0.42:15033|priority:1|startupRole:FOLLOWER, ec94dcc4-e30d-4488-98e5-1700c0a44b75|rpc:10.1.0.42:15023|admin:10.1.0.42:15022|client:10.1.0.42:15021|dataStream:10.1.0.42:15024|priority:0|startupRole:FOLLOWER]|listeners:[], old=null
2023-07-18 19:30:36,292 [eb412079-c751-4dfd-aec5-5a0bb932822c@group-40DD1A805D0D-FollowerState] INFO  impl.FollowerState (FollowerState.java:run(143)) - eb412079-c751-4dfd-aec5-5a0bb932822c@group-40DD1A805D0D-FollowerState: change to CANDIDATE, lastRpcElapsedTime:5101152368ns, electionTimeout:5078ms
2023-07-18 19:30:36,293 [eb412079-c751-4dfd-aec5-5a0bb932822c@group-40DD1A805D0D-FollowerState] INFO  impl.RoleInfo (RoleInfo.java:shutdownFollowerState(110)) - eb412079-c751-4dfd-aec5-5a0bb932822c: shutdown eb412079-c751-4dfd-aec5-5a0bb932822c@group-40DD1A805D0D-FollowerState
2023-07-18 19:30:36,293 [eb412079-c751-4dfd-aec5-5a0bb932822c@group-40DD1A805D0D-FollowerState] INFO  server.RaftServer$Division (RaftServerImpl.java:setRole(329)) - eb412079-c751-4dfd-aec5-5a0bb932822c@group-40DD1A805D0D: changes role from  FOLLOWER to CANDIDATE at term 0 for changeToCandidate
2023-07-18 19:30:36,293 [eb412079-c751-4dfd-aec5-5a0bb932822c@group-40DD1A805D0D-FollowerState] INFO  server.RaftServerConfigKeys (ConfUtils.java:logGet(46)) - raft.server.leaderelection.pre-vote = true (default)
2023-07-18 19:30:36,293 [eb412079-c751-4dfd-aec5-5a0bb932822c@group-40DD1A805D0D-FollowerState] INFO  impl.RoleInfo (RoleInfo.java:updateAndGet(139)) - eb412079-c751-4dfd-aec5-5a0bb932822c: start eb412079-c751-4dfd-aec5-5a0bb932822c@group-40DD1A805D0D-LeaderElection7
2023-07-18 19:30:36,308 [eb412079-c751-4dfd-aec5-5a0bb932822c@group-40DD1A805D0D-LeaderElection7] INFO  impl.LeaderElection (LeaderElection.java:askForVotes(321)) - eb412079-c751-4dfd-aec5-5a0bb932822c@group-40DD1A805D0D-LeaderElection7 PRE_VOTE round 0: submit vote requests at term 0 for -1: peers:[eb412079-c751-4dfd-aec5-5a0bb932822c|rpc:10.1.0.42:15032|admin:10.1.0.42:15031|client:10.1.0.42:15030|dataStream:10.1.0.42:15033|priority:1|startupRole:FOLLOWER]|listeners:[], old=null
2023-07-18 19:30:36,309 [eb412079-c751-4dfd-aec5-5a0bb932822c@group-40DD1A805D0D-LeaderElection7] INFO  impl.LeaderElection (LeaderElection.java:askForVotes(323)) - eb412079-c751-4dfd-aec5-5a0bb932822c@group-40DD1A805D0D-LeaderElection7 PRE_VOTE round 0: result PASSED (term=0)
2023-07-18 19:30:36,310 [eb412079-c751-4dfd-aec5-5a0bb932822c@group-40DD1A805D0D-LeaderElection7] INFO  impl.LeaderElection (LeaderElection.java:askForVotes(321)) - eb412079-c751-4dfd-aec5-5a0bb932822c@group-40DD1A805D0D-LeaderElection7 ELECTION round 0: submit vote requests at term 1 for -1: peers:[eb412079-c751-4dfd-aec5-5a0bb932822c|rpc:10.1.0.42:15032|admin:10.1.0.42:15031|client:10.1.0.42:15030|dataStream:10.1.0.42:15033|priority:1|startupRole:FOLLOWER]|listeners:[], old=null
2023-07-18 19:30:36,311 [eb412079-c751-4dfd-aec5-5a0bb932822c@group-40DD1A805D0D-LeaderElection7] INFO  impl.LeaderElection (LeaderElection.java:askForVotes(323)) - eb412079-c751-4dfd-aec5-5a0bb932822c@group-40DD1A805D0D-LeaderElection7 ELECTION round 0: result PASSED (term=1)
2023-07-18 19:30:36,311 [eb412079-c751-4dfd-aec5-5a0bb932822c@group-40DD1A805D0D-LeaderElection7] INFO  impl.RoleInfo (RoleInfo.java:shutdownLeaderElection(130)) - eb412079-c751-4dfd-aec5-5a0bb932822c: shutdown eb412079-c751-4dfd-aec5-5a0bb932822c@group-40DD1A805D0D-LeaderElection7
2023-07-18 19:30:36,311 [eb412079-c751-4dfd-aec5-5a0bb932822c@group-40DD1A805D0D-LeaderElection7] INFO  server.RaftServer$Division (RaftServerImpl.java:setRole(329)) - eb412079-c751-4dfd-aec5-5a0bb932822c@group-40DD1A805D0D: changes role from CANDIDATE to LEADER at term 1 for changeToLeader
2023-07-18 19:30:36,311 [eb412079-c751-4dfd-aec5-5a0bb932822c@group-40DD1A805D0D-LeaderElection7] INFO  ratis.XceiverServerRatis (XceiverServerRatis.java:handleLeaderChangedNotification(902)) - Leader change notification received for group: group-40DD1A805D0D with new leaderId: eb412079-c751-4dfd-aec5-5a0bb932822c
2023-07-18 19:30:36,340 [eb412079-c751-4dfd-aec5-5a0bb932822c@group-40DD1A805D0D-LeaderElection7] INFO  server.RaftServer$Division (ServerState.java:setLeader(317)) - eb412079-c751-4dfd-aec5-5a0bb932822c@group-40DD1A805D0D: change Leader from null to eb412079-c751-4dfd-aec5-5a0bb932822c at term 1 for becomeLeader, leader elected after 5502ms
2023-07-18 19:30:36,340 [eb412079-c751-4dfd-aec5-5a0bb932822c@group-40DD1A805D0D-LeaderElection7] INFO  server.RaftServerConfigKeys (ConfUtils.java:logGet(46)) - raft.server.staging.catchup.gap = 1000 (default)
2023-07-18 19:30:36,341 [eb412079-c751-4dfd-aec5-5a0bb932822c@group-40DD1A805D0D-LeaderElection7] INFO  server.RaftServerConfigKeys (ConfUtils.java:logGet(46)) - raft.server.write.element-limit = 1024 (custom)
2023-07-18 19:30:36,341 [eb412079-c751-4dfd-aec5-5a0bb932822c@group-40DD1A805D0D-LeaderElection7] INFO  server.RaftServerConfigKeys (ConfUtils.java:logGet(46)) - raft.server.write.byte-limit = 1024 M (=1073741824) (custom)
2023-07-18 19:30:36,342 [eb412079-c751-4dfd-aec5-5a0bb932822c@group-40DD1A805D0D-LeaderElection7] INFO  server.RaftServerConfigKeys (ConfUtils.java:logGet(46)) - raft.server.watch.timeout = 3000ms (custom)
2023-07-18 19:30:36,342 [eb412079-c751-4dfd-aec5-5a0bb932822c@group-40DD1A805D0D-LeaderElection7] INFO  server.RaftServerConfigKeys (ConfUtils.java:logGet(46)) - raft.server.watch.timeout.denomination = 1s (default)
2023-07-18 19:30:36,342 [eb412079-c751-4dfd-aec5-5a0bb932822c@group-40DD1A805D0D-LeaderElection7] INFO  server.RaftServerConfigKeys (ConfUtils.java:logGet(46)) - raft.server.watch.element-limit = 65536 (default)
2023-07-18 19:30:36,342 [eb412079-c751-4dfd-aec5-5a0bb932822c@group-40DD1A805D0D-LeaderElection7] INFO  server.RaftServerConfigKeys (ConfUtils.java:logGet(46)) - raft.server.write.element-limit = 1024 (custom)
2023-07-18 19:30:36,342 [eb412079-c751-4dfd-aec5-5a0bb932822c@group-40DD1A805D0D-LeaderElection7] INFO  server.RaftServerConfigKeys (ConfUtils.java:logGet(46)) - raft.server.write.follower.gap.ratio.max = -1.0 (default)
2023-07-18 19:30:36,342 [eb412079-c751-4dfd-aec5-5a0bb932822c@group-40DD1A805D0D-LeaderElection7] INFO  impl.RoleInfo (RoleInfo.java:updateAndGet(139)) - eb412079-c751-4dfd-aec5-5a0bb932822c: start eb412079-c751-4dfd-aec5-5a0bb932822c@group-40DD1A805D0D-LeaderStateImpl
2023-07-18 19:30:36,343 [eb412079-c751-4dfd-aec5-5a0bb932822c@group-40DD1A805D0D-LeaderElection7] INFO  segmented.SegmentedRaftLogWorker (SegmentedRaftLogWorker.java:startLogSegment(447)) - eb412079-c751-4dfd-aec5-5a0bb932822c@group-40DD1A805D0D-SegmentedRaftLogWorker: Starting segment from index:0
2023-07-18 19:30:36,348 [eb412079-c751-4dfd-aec5-5a0bb932822c@group-40DD1A805D0D-LeaderElection7] INFO  server.RaftServer$Division (ServerState.java:setRaftConf(434)) - eb412079-c751-4dfd-aec5-5a0bb932822c@group-40DD1A805D0D: set configuration 0: peers:[eb412079-c751-4dfd-aec5-5a0bb932822c|rpc:10.1.0.42:15032|admin:10.1.0.42:15031|client:10.1.0.42:15030|dataStream:10.1.0.42:15033|priority:1|startupRole:FOLLOWER]|listeners:[], old=null
2023-07-18 19:30:36,350 [eb412079-c751-4dfd-aec5-5a0bb932822c@group-40DD1A805D0D-SegmentedRaftLogWorker] INFO  segmented.SegmentedRaftLogWorker (SegmentedRaftLogWorker.java:execute(651)) - eb412079-c751-4dfd-aec5-5a0bb932822c@group-40DD1A805D0D-SegmentedRaftLogWorker: created new log segment /home/runner/work/ozone/ozone/hadoop-ozone/integration-test/target/test-dir/MiniOzoneClusterImpl-6b031341-d507-43af-b1f0-ac2f4105ef04/datanode-2/data/ratis/cad81912-839f-4986-9ed1-40dd1a805d0d/current/log_inprogress_0
2023-07-18 19:30:36,432 [ec94dcc4-e30d-4488-98e5-1700c0a44b75@group-1D9BD65C894C-FollowerState] INFO  server.RaftServerConfigKeys (ConfUtils.java:logFallback(53)) - raft.server.rpc.first-election.timeout.min = 5s (fallback to raft.server.rpc.timeout.min)
2023-07-18 19:30:36,432 [ec94dcc4-e30d-4488-98e5-1700c0a44b75@group-1D9BD65C894C-FollowerState] INFO  server.RaftServerConfigKeys (ConfUtils.java:logFallback(53)) - raft.server.rpc.first-election.timeout.max = 5200ms (fallback to raft.server.rpc.timeout.max)
2023-07-18 19:30:36,439 [eb412079-c751-4dfd-aec5-5a0bb932822c@group-1D9BD65C894C-FollowerState] INFO  impl.FollowerState (FollowerState.java:run(143)) - eb412079-c751-4dfd-aec5-5a0bb932822c@group-1D9BD65C894C-FollowerState: change to CANDIDATE, lastRpcElapsedTime:5158355031ns, electionTimeout:5140ms
2023-07-18 19:30:36,439 [eb412079-c751-4dfd-aec5-5a0bb932822c@group-1D9BD65C894C-FollowerState] INFO  impl.RoleInfo (RoleInfo.java:shutdownFollowerState(110)) - eb412079-c751-4dfd-aec5-5a0bb932822c: shutdown eb412079-c751-4dfd-aec5-5a0bb932822c@group-1D9BD65C894C-FollowerState
2023-07-18 19:30:36,439 [eb412079-c751-4dfd-aec5-5a0bb932822c@group-1D9BD65C894C-FollowerState] INFO  server.RaftServer$Division (RaftServerImpl.java:setRole(329)) - eb412079-c751-4dfd-aec5-5a0bb932822c@group-1D9BD65C894C: changes role from  FOLLOWER to CANDIDATE at term 0 for changeToCandidate
2023-07-18 19:30:36,439 [eb412079-c751-4dfd-aec5-5a0bb932822c@group-1D9BD65C894C-FollowerState] INFO  server.RaftServerConfigKeys (ConfUtils.java:logGet(46)) - raft.server.leaderelection.pre-vote = true (default)
2023-07-18 19:30:36,439 [eb412079-c751-4dfd-aec5-5a0bb932822c@group-1D9BD65C894C-FollowerState] INFO  impl.RoleInfo (RoleInfo.java:updateAndGet(139)) - eb412079-c751-4dfd-aec5-5a0bb932822c: start eb412079-c751-4dfd-aec5-5a0bb932822c@group-1D9BD65C894C-LeaderElection8
2023-07-18 19:30:36,444 [eb412079-c751-4dfd-aec5-5a0bb932822c@group-1D9BD65C894C-LeaderElection8] INFO  impl.LeaderElection (LeaderElection.java:askForVotes(321)) - eb412079-c751-4dfd-aec5-5a0bb932822c@group-1D9BD65C894C-LeaderElection8 PRE_VOTE round 0: submit vote requests at term 0 for -1: peers:[e7d9066e-05d1-4d78-941d-b2a7fd2da9b5|rpc:10.1.0.42:15014|admin:10.1.0.42:15013|client:10.1.0.42:15012|dataStream:10.1.0.42:15015|priority:0|startupRole:FOLLOWER, eb412079-c751-4dfd-aec5-5a0bb932822c|rpc:10.1.0.42:15032|admin:10.1.0.42:15031|client:10.1.0.42:15030|dataStream:10.1.0.42:15033|priority:1|startupRole:FOLLOWER, ec94dcc4-e30d-4488-98e5-1700c0a44b75|rpc:10.1.0.42:15023|admin:10.1.0.42:15022|client:10.1.0.42:15021|dataStream:10.1.0.42:15024|priority:0|startupRole:FOLLOWER]|listeners:[], old=null
2023-07-18 19:30:36,446 [eb412079-c751-4dfd-aec5-5a0bb932822c@group-1D9BD65C894C-LeaderElection8-1] INFO  server.GrpcServerProtocolClient (GrpcServerProtocolClient.java:<init>(65)) - Build channel for e7d9066e-05d1-4d78-941d-b2a7fd2da9b5
2023-07-18 19:30:36,449 [eb412079-c751-4dfd-aec5-5a0bb932822c@group-1D9BD65C894C-LeaderElection8] INFO  server.RaftServerConfigKeys (ConfUtils.java:logFallback(53)) - raft.server.rpc.first-election.timeout.min = 5s (fallback to raft.server.rpc.timeout.min)
2023-07-18 19:30:36,456 [eb412079-c751-4dfd-aec5-5a0bb932822c@group-1D9BD65C894C-LeaderElection8] INFO  server.RaftServerConfigKeys (ConfUtils.java:logFallback(53)) - raft.server.rpc.first-election.timeout.max = 5200ms (fallback to raft.server.rpc.timeout.max)
2023-07-18 19:30:36,450 [eb412079-c751-4dfd-aec5-5a0bb932822c@group-1D9BD65C894C-LeaderElection8-2] INFO  server.GrpcServerProtocolClient (GrpcServerProtocolClient.java:<init>(65)) - Build channel for ec94dcc4-e30d-4488-98e5-1700c0a44b75
2023-07-18 19:30:36,464 [grpc-default-executor-4] INFO  server.RaftServer$Division (RaftServerImpl.java:requestVote(1302)) - e7d9066e-05d1-4d78-941d-b2a7fd2da9b5@group-1D9BD65C894C: receive requestVote(PRE_VOTE, eb412079-c751-4dfd-aec5-5a0bb932822c, group-1D9BD65C894C, 0, (t:0, i:0))
2023-07-18 19:30:36,466 [grpc-default-executor-4] INFO  impl.VoteContext (VoteContext.java:log(49)) - e7d9066e-05d1-4d78-941d-b2a7fd2da9b5@group-1D9BD65C894C-FOLLOWER: accept PRE_VOTE from eb412079-c751-4dfd-aec5-5a0bb932822c: our priority 0 <= candidate's priority 1
2023-07-18 19:30:36,466 [grpc-default-executor-4] INFO  server.RaftServer$Division (RaftServerImpl.java:requestVote(1335)) - e7d9066e-05d1-4d78-941d-b2a7fd2da9b5@group-1D9BD65C894C replies to PRE_VOTE vote request: eb412079-c751-4dfd-aec5-5a0bb932822c<-e7d9066e-05d1-4d78-941d-b2a7fd2da9b5#0:OK-t0. Peer's state: e7d9066e-05d1-4d78-941d-b2a7fd2da9b5@group-1D9BD65C894C:t0, leader=null, voted=, raftlog=Memoized:e7d9066e-05d1-4d78-941d-b2a7fd2da9b5@group-1D9BD65C894C-SegmentedRaftLog:OPENED:c-1, conf=-1: peers:[e7d9066e-05d1-4d78-941d-b2a7fd2da9b5|rpc:10.1.0.42:15014|admin:10.1.0.42:15013|client:10.1.0.42:15012|dataStream:10.1.0.42:15015|priority:0|startupRole:FOLLOWER, eb412079-c751-4dfd-aec5-5a0bb932822c|rpc:10.1.0.42:15032|admin:10.1.0.42:15031|client:10.1.0.42:15030|dataStream:10.1.0.42:15033|priority:1|startupRole:FOLLOWER, ec94dcc4-e30d-4488-98e5-1700c0a44b75|rpc:10.1.0.42:15023|admin:10.1.0.42:15022|client:10.1.0.42:15021|dataStream:10.1.0.42:15024|priority:0|startupRole:FOLLOWER]|listeners:[], old=null
2023-07-18 19:30:36,472 [eb412079-c751-4dfd-aec5-5a0bb932822c@group-1D9BD65C894C-LeaderElection8] INFO  impl.LeaderElection (LeaderElection.java:logAndReturn(90)) - eb412079-c751-4dfd-aec5-5a0bb932822c@group-1D9BD65C894C-LeaderElection8: PRE_VOTE PASSED received 1 response(s) and 0 exception(s):
2023-07-18 19:30:36,472 [eb412079-c751-4dfd-aec5-5a0bb932822c@group-1D9BD65C894C-LeaderElection8] INFO  impl.LeaderElection (LeaderElection.java:logAndReturn(94)) -   Response 0: eb412079-c751-4dfd-aec5-5a0bb932822c<-e7d9066e-05d1-4d78-941d-b2a7fd2da9b5#0:OK-t0
2023-07-18 19:30:36,472 [eb412079-c751-4dfd-aec5-5a0bb932822c@group-1D9BD65C894C-LeaderElection8] INFO  impl.LeaderElection (LeaderElection.java:askForVotes(323)) - eb412079-c751-4dfd-aec5-5a0bb932822c@group-1D9BD65C894C-LeaderElection8 PRE_VOTE round 0: result PASSED
2023-07-18 19:30:36,480 [eb412079-c751-4dfd-aec5-5a0bb932822c@group-1D9BD65C894C-LeaderElection8] INFO  impl.LeaderElection (LeaderElection.java:askForVotes(321)) - eb412079-c751-4dfd-aec5-5a0bb932822c@group-1D9BD65C894C-LeaderElection8 ELECTION round 0: submit vote requests at term 1 for -1: peers:[e7d9066e-05d1-4d78-941d-b2a7fd2da9b5|rpc:10.1.0.42:15014|admin:10.1.0.42:15013|client:10.1.0.42:15012|dataStream:10.1.0.42:15015|priority:0|startupRole:FOLLOWER, eb412079-c751-4dfd-aec5-5a0bb932822c|rpc:10.1.0.42:15032|admin:10.1.0.42:15031|client:10.1.0.42:15030|dataStream:10.1.0.42:15033|priority:1|startupRole:FOLLOWER, ec94dcc4-e30d-4488-98e5-1700c0a44b75|rpc:10.1.0.42:15023|admin:10.1.0.42:15022|client:10.1.0.42:15021|dataStream:10.1.0.42:15024|priority:0|startupRole:FOLLOWER]|listeners:[], old=null
2023-07-18 19:30:36,487 [eb412079-c751-4dfd-aec5-5a0bb932822c@group-1D9BD65C894C-LeaderElection8] INFO  server.RaftServerConfigKeys (ConfUtils.java:logFallback(53)) - raft.server.rpc.first-election.timeout.min = 5s (fallback to raft.server.rpc.timeout.min)
2023-07-18 19:30:36,487 [eb412079-c751-4dfd-aec5-5a0bb932822c@group-1D9BD65C894C-LeaderElection8] INFO  server.RaftServerConfigKeys (ConfUtils.java:logFallback(53)) - raft.server.rpc.first-election.timeout.max = 5200ms (fallback to raft.server.rpc.timeout.max)
2023-07-18 19:30:36,509 [grpc-default-executor-4] INFO  server.RaftServer$Division (RaftServerImpl.java:requestVote(1302)) - e7d9066e-05d1-4d78-941d-b2a7fd2da9b5@group-1D9BD65C894C: receive requestVote(ELECTION, eb412079-c751-4dfd-aec5-5a0bb932822c, group-1D9BD65C894C, 1, (t:0, i:0))
2023-07-18 19:30:36,511 [grpc-default-executor-4] INFO  impl.VoteContext (VoteContext.java:log(49)) - e7d9066e-05d1-4d78-941d-b2a7fd2da9b5@group-1D9BD65C894C-FOLLOWER: accept ELECTION from eb412079-c751-4dfd-aec5-5a0bb932822c: our priority 0 <= candidate's priority 1
2023-07-18 19:30:36,511 [grpc-default-executor-4] INFO  server.RaftServer$Division (RaftServerImpl.java:setRole(329)) - e7d9066e-05d1-4d78-941d-b2a7fd2da9b5@group-1D9BD65C894C: changes role from  FOLLOWER to FOLLOWER at term 1 for candidate:eb412079-c751-4dfd-aec5-5a0bb932822c
2023-07-18 19:30:36,511 [grpc-default-executor-4] INFO  impl.RoleInfo (RoleInfo.java:shutdownFollowerState(110)) - e7d9066e-05d1-4d78-941d-b2a7fd2da9b5: shutdown e7d9066e-05d1-4d78-941d-b2a7fd2da9b5@group-1D9BD65C894C-FollowerState
2023-07-18 19:30:36,512 [grpc-default-executor-4] INFO  impl.RoleInfo (RoleInfo.java:updateAndGet(139)) - e7d9066e-05d1-4d78-941d-b2a7fd2da9b5: start e7d9066e-05d1-4d78-941d-b2a7fd2da9b5@group-1D9BD65C894C-FollowerState
2023-07-18 19:30:36,509 [grpc-default-executor-0] INFO  server.RaftServer$Division (RaftServerImpl.java:requestVote(1302)) - ec94dcc4-e30d-4488-98e5-1700c0a44b75@group-1D9BD65C894C: receive requestVote(ELECTION, eb412079-c751-4dfd-aec5-5a0bb932822c, group-1D9BD65C894C, 1, (t:0, i:0))
2023-07-18 19:30:36,512 [grpc-default-executor-0] INFO  impl.VoteContext (VoteContext.java:log(49)) - ec94dcc4-e30d-4488-98e5-1700c0a44b75@group-1D9BD65C894C-FOLLOWER: accept ELECTION from eb412079-c751-4dfd-aec5-5a0bb932822c: our priority 0 <= candidate's priority 1
2023-07-18 19:30:36,512 [grpc-default-executor-0] INFO  server.RaftServer$Division (RaftServerImpl.java:setRole(329)) - ec94dcc4-e30d-4488-98e5-1700c0a44b75@group-1D9BD65C894C: changes role from  FOLLOWER to FOLLOWER at term 1 for candidate:eb412079-c751-4dfd-aec5-5a0bb932822c
2023-07-18 19:30:36,512 [grpc-default-executor-0] INFO  impl.RoleInfo (RoleInfo.java:shutdownFollowerState(110)) - ec94dcc4-e30d-4488-98e5-1700c0a44b75: shutdown ec94dcc4-e30d-4488-98e5-1700c0a44b75@group-1D9BD65C894C-FollowerState
2023-07-18 19:30:36,509 [grpc-default-executor-1] INFO  server.RaftServer$Division (RaftServerImpl.java:requestVote(1302)) - ec94dcc4-e30d-4488-98e5-1700c0a44b75@group-1D9BD65C894C: receive requestVote(PRE_VOTE, eb412079-c751-4dfd-aec5-5a0bb932822c, group-1D9BD65C894C, 0, (t:0, i:0))
2023-07-18 19:30:36,512 [e7d9066e-05d1-4d78-941d-b2a7fd2da9b5@group-1D9BD65C894C-FollowerState] INFO  impl.FollowerState (FollowerState.java:run(152)) - e7d9066e-05d1-4d78-941d-b2a7fd2da9b5@group-1D9BD65C894C-FollowerState was interrupted
2023-07-18 19:30:36,517 [grpc-default-executor-0] INFO  impl.RoleInfo (RoleInfo.java:updateAndGet(139)) - ec94dcc4-e30d-4488-98e5-1700c0a44b75: start ec94dcc4-e30d-4488-98e5-1700c0a44b75@group-1D9BD65C894C-FollowerState
2023-07-18 19:30:36,517 [ec94dcc4-e30d-4488-98e5-1700c0a44b75@group-1D9BD65C894C-FollowerState] INFO  impl.FollowerState (FollowerState.java:run(152)) - ec94dcc4-e30d-4488-98e5-1700c0a44b75@group-1D9BD65C894C-FollowerState was interrupted
2023-07-18 19:30:36,520 [grpc-default-executor-4] INFO  server.RaftServer$Division (RaftServerImpl.java:requestVote(1335)) - e7d9066e-05d1-4d78-941d-b2a7fd2da9b5@group-1D9BD65C894C replies to ELECTION vote request: eb412079-c751-4dfd-aec5-5a0bb932822c<-e7d9066e-05d1-4d78-941d-b2a7fd2da9b5#0:OK-t1. Peer's state: e7d9066e-05d1-4d78-941d-b2a7fd2da9b5@group-1D9BD65C894C:t1, leader=null, voted=eb412079-c751-4dfd-aec5-5a0bb932822c, raftlog=Memoized:e7d9066e-05d1-4d78-941d-b2a7fd2da9b5@group-1D9BD65C894C-SegmentedRaftLog:OPENED:c-1, conf=-1: peers:[e7d9066e-05d1-4d78-941d-b2a7fd2da9b5|rpc:10.1.0.42:15014|admin:10.1.0.42:15013|client:10.1.0.42:15012|dataStream:10.1.0.42:15015|priority:0|startupRole:FOLLOWER, eb412079-c751-4dfd-aec5-5a0bb932822c|rpc:10.1.0.42:15032|admin:10.1.0.42:15031|client:10.1.0.42:15030|dataStream:10.1.0.42:15033|priority:1|startupRole:FOLLOWER, ec94dcc4-e30d-4488-98e5-1700c0a44b75|rpc:10.1.0.42:15023|admin:10.1.0.42:15022|client:10.1.0.42:15021|dataStream:10.1.0.42:15024|priority:0|startupRole:FOLLOWER]|listeners:[], old=null
2023-07-18 19:30:36,522 [eb412079-c751-4dfd-aec5-5a0bb932822c@group-1D9BD65C894C-LeaderElection8] INFO  impl.LeaderElection (LeaderElection.java:logAndReturn(90)) - eb412079-c751-4dfd-aec5-5a0bb932822c@group-1D9BD65C894C-LeaderElection8: ELECTION PASSED received 1 response(s) and 0 exception(s):
2023-07-18 19:30:36,522 [eb412079-c751-4dfd-aec5-5a0bb932822c@group-1D9BD65C894C-LeaderElection8] INFO  impl.LeaderElection (LeaderElection.java:logAndReturn(94)) -   Response 0: eb412079-c751-4dfd-aec5-5a0bb932822c<-e7d9066e-05d1-4d78-941d-b2a7fd2da9b5#0:OK-t1
2023-07-18 19:30:36,522 [eb412079-c751-4dfd-aec5-5a0bb932822c@group-1D9BD65C894C-LeaderElection8] INFO  impl.LeaderElection (LeaderElection.java:askForVotes(323)) - eb412079-c751-4dfd-aec5-5a0bb932822c@group-1D9BD65C894C-LeaderElection8 ELECTION round 0: result PASSED
2023-07-18 19:30:36,522 [eb412079-c751-4dfd-aec5-5a0bb932822c@group-1D9BD65C894C-LeaderElection8] INFO  impl.RoleInfo (RoleInfo.java:shutdownLeaderElection(130)) - eb412079-c751-4dfd-aec5-5a0bb932822c: shutdown eb412079-c751-4dfd-aec5-5a0bb932822c@group-1D9BD65C894C-LeaderElection8
2023-07-18 19:30:36,522 [eb412079-c751-4dfd-aec5-5a0bb932822c@group-1D9BD65C894C-LeaderElection8] INFO  server.RaftServer$Division (RaftServerImpl.java:setRole(329)) - eb412079-c751-4dfd-aec5-5a0bb932822c@group-1D9BD65C894C: changes role from CANDIDATE to LEADER at term 1 for changeToLeader
2023-07-18 19:30:36,522 [eb412079-c751-4dfd-aec5-5a0bb932822c@group-1D9BD65C894C-LeaderElection8] INFO  ratis.XceiverServerRatis (XceiverServerRatis.java:handleLeaderChangedNotification(902)) - Leader change notification received for group: group-1D9BD65C894C with new leaderId: eb412079-c751-4dfd-aec5-5a0bb932822c
2023-07-18 19:30:36,522 [eb412079-c751-4dfd-aec5-5a0bb932822c@group-1D9BD65C894C-LeaderElection8] INFO  server.RaftServer$Division (ServerState.java:setLeader(317)) - eb412079-c751-4dfd-aec5-5a0bb932822c@group-1D9BD65C894C: change Leader from null to eb412079-c751-4dfd-aec5-5a0bb932822c at term 1 for becomeLeader, leader elected after 5298ms
2023-07-18 19:30:36,523 [eb412079-c751-4dfd-aec5-5a0bb932822c@group-1D9BD65C894C-LeaderElection8] INFO  server.RaftServerConfigKeys (ConfUtils.java:logGet(46)) - raft.server.staging.catchup.gap = 1000 (default)
2023-07-18 19:30:36,523 [eb412079-c751-4dfd-aec5-5a0bb932822c@group-1D9BD65C894C-LeaderElection8] INFO  server.RaftServerConfigKeys (ConfUtils.java:logGet(46)) - raft.server.write.element-limit = 1024 (custom)
2023-07-18 19:30:36,523 [eb412079-c751-4dfd-aec5-5a0bb932822c@group-1D9BD65C894C-LeaderElection8] INFO  server.RaftServerConfigKeys (ConfUtils.java:logGet(46)) - raft.server.write.byte-limit = 1024 M (=1073741824) (custom)
2023-07-18 19:30:36,523 [eb412079-c751-4dfd-aec5-5a0bb932822c@group-1D9BD65C894C-LeaderElection8] INFO  server.RaftServerConfigKeys (ConfUtils.java:logGet(46)) - raft.server.watch.timeout = 3000ms (custom)
2023-07-18 19:30:36,524 [eb412079-c751-4dfd-aec5-5a0bb932822c@group-1D9BD65C894C-LeaderElection8] INFO  server.RaftServerConfigKeys (ConfUtils.java:logGet(46)) - raft.server.watch.timeout.denomination = 1s (default)
2023-07-18 19:30:36,524 [eb412079-c751-4dfd-aec5-5a0bb932822c@group-1D9BD65C894C-LeaderElection8] INFO  server.RaftServerConfigKeys (ConfUtils.java:logGet(46)) - raft.server.watch.element-limit = 65536 (default)
2023-07-18 19:30:36,524 [eb412079-c751-4dfd-aec5-5a0bb932822c@group-1D9BD65C894C-LeaderElection8] INFO  server.RaftServerConfigKeys (ConfUtils.java:logGet(46)) - raft.server.write.element-limit = 1024 (custom)
2023-07-18 19:30:36,524 [eb412079-c751-4dfd-aec5-5a0bb932822c@group-1D9BD65C894C-LeaderElection8] INFO  server.RaftServerConfigKeys (ConfUtils.java:logGet(46)) - raft.server.write.follower.gap.ratio.max = -1.0 (default)
2023-07-18 19:30:36,525 [eb412079-c751-4dfd-aec5-5a0bb932822c@group-1D9BD65C894C-LeaderElection8] INFO  server.RaftServerConfigKeys (ConfUtils.java:logGet(46)) - raft.server.log.appender.snapshot.chunk.size.max = 16MB (=16777216) (default)
2023-07-18 19:30:36,525 [eb412079-c751-4dfd-aec5-5a0bb932822c@group-1D9BD65C894C-LeaderElection8] INFO  server.RaftServerConfigKeys (ConfUtils.java:logGet(46)) - raft.server.log.appender.buffer.byte-limit = 33554432 (custom)
2023-07-18 19:30:36,525 [eb412079-c751-4dfd-aec5-5a0bb932822c@group-1D9BD65C894C-LeaderElection8] INFO  server.RaftServerConfigKeys (ConfUtils.java:logGet(46)) - raft.server.log.appender.buffer.element-limit = 1 (custom)
2023-07-18 19:30:36,526 [eb412079-c751-4dfd-aec5-5a0bb932822c@group-1D9BD65C894C-LeaderElection8] INFO  server.RaftServerConfigKeys (ConfUtils.java:logGet(46)) - raft.server.log.appender.wait-time.min = 10ms (default)
2023-07-18 19:30:36,527 [EventQueue-PipelineReportForPipelineReportHandler] INFO  pipeline.PipelineReportHandler (PipelineReportHandler.java:processPipelineReport(136)) - Opened pipeline PipelineID=992b8d43-8bac-488b-866f-1d9bd65c894c
2023-07-18 19:30:36,522 [grpc-default-executor-0] INFO  server.RaftServer$Division (RaftServerImpl.java:requestVote(1335)) - ec94dcc4-e30d-4488-98e5-1700c0a44b75@group-1D9BD65C894C replies to ELECTION vote request: eb412079-c751-4dfd-aec5-5a0bb932822c<-ec94dcc4-e30d-4488-98e5-1700c0a44b75#0:OK-t1. Peer's state: ec94dcc4-e30d-4488-98e5-1700c0a44b75@group-1D9BD65C894C:t1, leader=null, voted=eb412079-c751-4dfd-aec5-5a0bb932822c, raftlog=Memoized:ec94dcc4-e30d-4488-98e5-1700c0a44b75@group-1D9BD65C894C-SegmentedRaftLog:OPENED:c-1, conf=-1: peers:[e7d9066e-05d1-4d78-941d-b2a7fd2da9b5|rpc:10.1.0.42:15014|admin:10.1.0.42:15013|client:10.1.0.42:15012|dataStream:10.1.0.42:15015|priority:0|startupRole:FOLLOWER, eb412079-c751-4dfd-aec5-5a0bb932822c|rpc:10.1.0.42:15032|admin:10.1.0.42:15031|client:10.1.0.42:15030|dataStream:10.1.0.42:15033|priority:1|startupRole:FOLLOWER, ec94dcc4-e30d-4488-98e5-1700c0a44b75|rpc:10.1.0.42:15023|admin:10.1.0.42:15022|client:10.1.0.42:15021|dataStream:10.1.0.42:15024|priority:0|startupRole:FOLLOWER]|listeners:[], old=null
2023-07-18 19:30:36,534 [grpc-default-executor-1] INFO  impl.VoteContext (VoteContext.java:log(49)) - ec94dcc4-e30d-4488-98e5-1700c0a44b75@group-1D9BD65C894C-FOLLOWER: accept PRE_VOTE from eb412079-c751-4dfd-aec5-5a0bb932822c: our priority 0 <= candidate's priority 1
2023-07-18 19:30:36,534 [grpc-default-executor-1] INFO  server.RaftServer$Division (RaftServerImpl.java:requestVote(1335)) - ec94dcc4-e30d-4488-98e5-1700c0a44b75@group-1D9BD65C894C replies to PRE_VOTE vote request: eb412079-c751-4dfd-aec5-5a0bb932822c<-ec94dcc4-e30d-4488-98e5-1700c0a44b75#0:OK-t1. Peer's state: ec94dcc4-e30d-4488-98e5-1700c0a44b75@group-1D9BD65C894C:t1, leader=null, voted=eb412079-c751-4dfd-aec5-5a0bb932822c, raftlog=Memoized:ec94dcc4-e30d-4488-98e5-1700c0a44b75@group-1D9BD65C894C-SegmentedRaftLog:OPENED:c-1, conf=-1: peers:[e7d9066e-05d1-4d78-941d-b2a7fd2da9b5|rpc:10.1.0.42:15014|admin:10.1.0.42:15013|client:10.1.0.42:15012|dataStream:10.1.0.42:15015|priority:0|startupRole:FOLLOWER, eb412079-c751-4dfd-aec5-5a0bb932822c|rpc:10.1.0.42:15032|admin:10.1.0.42:15031|client:10.1.0.42:15030|dataStream:10.1.0.42:15033|priority:1|startupRole:FOLLOWER, ec94dcc4-e30d-4488-98e5-1700c0a44b75|rpc:10.1.0.42:15023|admin:10.1.0.42:15022|client:10.1.0.42:15021|dataStream:10.1.0.42:15024|priority:0|startupRole:FOLLOWER]|listeners:[], old=null
2023-07-18 19:30:36,526 [eb412079-c751-4dfd-aec5-5a0bb932822c@group-1D9BD65C894C-LeaderElection8] INFO  grpc.GrpcConfigKeys (ConfUtils.java:logGet(46)) - raft.grpc.server.leader.outstanding.appends.max = 128 (default)
2023-07-18 19:30:36,551 [eb412079-c751-4dfd-aec5-5a0bb932822c@group-1D9BD65C894C-LeaderElection8] INFO  server.RaftServerConfigKeys (ConfUtils.java:logGet(46)) - raft.server.rpc.request.timeout = 3000ms (default)
2023-07-18 19:30:36,552 [eb412079-c751-4dfd-aec5-5a0bb932822c@group-1D9BD65C894C-LeaderElection8] INFO  grpc.GrpcConfigKeys (ConfUtils.java:logGet(46)) - raft.grpc.server.install_snapshot.request.element-limit = 8 (default)
2023-07-18 19:30:36,552 [eb412079-c751-4dfd-aec5-5a0bb932822c@group-1D9BD65C894C-LeaderElection8] INFO  grpc.GrpcConfigKeys (ConfUtils.java:logGet(46)) - raft.grpc.server.install_snapshot.request.timeout = 3000ms (default)
2023-07-18 19:30:36,552 [eb412079-c751-4dfd-aec5-5a0bb932822c@group-1D9BD65C894C-LeaderElection8] INFO  server.RaftServerConfigKeys (ConfUtils.java:logGet(46)) - raft.server.log.appender.install.snapshot.enabled = false (custom)
2023-07-18 19:30:36,552 [eb412079-c751-4dfd-aec5-5a0bb932822c@group-1D9BD65C894C-LeaderElection8] INFO  grpc.GrpcConfigKeys (ConfUtils.java:logGet(46)) - raft.grpc.server.heartbeat.channel = true (default)
2023-07-18 19:30:36,553 [eb412079-c751-4dfd-aec5-5a0bb932822c@group-1D9BD65C894C-LeaderElection8] INFO  server.RaftServerConfigKeys (ConfUtils.java:logGet(46)) - raft.server.log.appender.snapshot.chunk.size.max = 16MB (=16777216) (default)
2023-07-18 19:30:36,553 [eb412079-c751-4dfd-aec5-5a0bb932822c@group-1D9BD65C894C-LeaderElection8] INFO  server.RaftServerConfigKeys (ConfUtils.java:logGet(46)) - raft.server.log.appender.buffer.byte-limit = 33554432 (custom)
2023-07-18 19:30:36,553 [eb412079-c751-4dfd-aec5-5a0bb932822c@group-1D9BD65C894C-LeaderElection8] INFO  server.RaftServerConfigKeys (ConfUtils.java:logGet(46)) - raft.server.log.appender.buffer.element-limit = 1 (custom)
2023-07-18 19:30:36,553 [eb412079-c751-4dfd-aec5-5a0bb932822c@group-1D9BD65C894C-LeaderElection8] INFO  server.RaftServerConfigKeys (ConfUtils.java:logGet(46)) - raft.server.log.appender.wait-time.min = 10ms (default)
2023-07-18 19:30:36,553 [eb412079-c751-4dfd-aec5-5a0bb932822c@group-1D9BD65C894C-LeaderElection8] INFO  grpc.GrpcConfigKeys (ConfUtils.java:logGet(46)) - raft.grpc.server.leader.outstanding.appends.max = 128 (default)
2023-07-18 19:30:36,553 [eb412079-c751-4dfd-aec5-5a0bb932822c@group-1D9BD65C894C-LeaderElection8] INFO  server.RaftServerConfigKeys (ConfUtils.java:logGet(46)) - raft.server.rpc.request.timeout = 3000ms (default)
2023-07-18 19:30:36,553 [eb412079-c751-4dfd-aec5-5a0bb932822c@group-1D9BD65C894C-LeaderElection8] INFO  grpc.GrpcConfigKeys (ConfUtils.java:logGet(46)) - raft.grpc.server.install_snapshot.request.element-limit = 8 (default)
2023-07-18 19:30:36,554 [eb412079-c751-4dfd-aec5-5a0bb932822c@group-1D9BD65C894C-LeaderElection8] INFO  grpc.GrpcConfigKeys (ConfUtils.java:logGet(46)) - raft.grpc.server.install_snapshot.request.timeout = 3000ms (default)
2023-07-18 19:30:36,554 [eb412079-c751-4dfd-aec5-5a0bb932822c@group-1D9BD65C894C-LeaderElection8] INFO  server.RaftServerConfigKeys (ConfUtils.java:logGet(46)) - raft.server.log.appender.install.snapshot.enabled = false (custom)
2023-07-18 19:30:36,554 [eb412079-c751-4dfd-aec5-5a0bb932822c@group-1D9BD65C894C-LeaderElection8] INFO  grpc.GrpcConfigKeys (ConfUtils.java:logGet(46)) - raft.grpc.server.heartbeat.channel = true (default)
2023-07-18 19:30:36,554 [eb412079-c751-4dfd-aec5-5a0bb932822c@group-1D9BD65C894C-LeaderElection8] INFO  impl.RoleInfo (RoleInfo.java:updateAndGet(139)) - eb412079-c751-4dfd-aec5-5a0bb932822c: start eb412079-c751-4dfd-aec5-5a0bb932822c@group-1D9BD65C894C-LeaderStateImpl
2023-07-18 19:30:36,554 [eb412079-c751-4dfd-aec5-5a0bb932822c@group-1D9BD65C894C-LeaderElection8] INFO  segmented.SegmentedRaftLogWorker (SegmentedRaftLogWorker.java:startLogSegment(447)) - eb412079-c751-4dfd-aec5-5a0bb932822c@group-1D9BD65C894C-SegmentedRaftLogWorker: Starting segment from index:0
2023-07-18 19:30:36,556 [eb412079-c751-4dfd-aec5-5a0bb932822c@group-1D9BD65C894C-SegmentedRaftLogWorker] INFO  segmented.SegmentedRaftLogWorker (SegmentedRaftLogWorker.java:execute(651)) - eb412079-c751-4dfd-aec5-5a0bb932822c@group-1D9BD65C894C-SegmentedRaftLogWorker: created new log segment /home/runner/work/ozone/ozone/hadoop-ozone/integration-test/target/test-dir/MiniOzoneClusterImpl-6b031341-d507-43af-b1f0-ac2f4105ef04/datanode-2/data/ratis/992b8d43-8bac-488b-866f-1d9bd65c894c/current/log_inprogress_0
2023-07-18 19:30:36,585 [eb412079-c751-4dfd-aec5-5a0bb932822c@group-1D9BD65C894C-LeaderElection8] INFO  server.RaftServer$Division (ServerState.java:setRaftConf(434)) - eb412079-c751-4dfd-aec5-5a0bb932822c@group-1D9BD65C894C: set configuration 0: peers:[e7d9066e-05d1-4d78-941d-b2a7fd2da9b5|rpc:10.1.0.42:15014|admin:10.1.0.42:15013|client:10.1.0.42:15012|dataStream:10.1.0.42:15015|priority:0|startupRole:FOLLOWER, eb412079-c751-4dfd-aec5-5a0bb932822c|rpc:10.1.0.42:15032|admin:10.1.0.42:15031|client:10.1.0.42:15030|dataStream:10.1.0.42:15033|priority:1|startupRole:FOLLOWER, ec94dcc4-e30d-4488-98e5-1700c0a44b75|rpc:10.1.0.42:15023|admin:10.1.0.42:15022|client:10.1.0.42:15021|dataStream:10.1.0.42:15024|priority:0|startupRole:FOLLOWER]|listeners:[], old=null
2023-07-18 19:30:36,614 [e7d9066e-05d1-4d78-941d-b2a7fd2da9b5-server-thread2] INFO  ratis.XceiverServerRatis (XceiverServerRatis.java:handleLeaderChangedNotification(902)) - Leader change notification received for group: group-1D9BD65C894C with new leaderId: eb412079-c751-4dfd-aec5-5a0bb932822c
2023-07-18 19:30:36,614 [e7d9066e-05d1-4d78-941d-b2a7fd2da9b5-server-thread2] INFO  server.RaftServer$Division (ServerState.java:setLeader(317)) - e7d9066e-05d1-4d78-941d-b2a7fd2da9b5@group-1D9BD65C894C: change Leader from null to eb412079-c751-4dfd-aec5-5a0bb932822c at term 1 for appendEntries, leader elected after 5820ms
2023-07-18 19:30:36,621 [e7d9066e-05d1-4d78-941d-b2a7fd2da9b5-server-thread2] INFO  server.RaftServer$Division (ServerState.java:setRaftConf(434)) - e7d9066e-05d1-4d78-941d-b2a7fd2da9b5@group-1D9BD65C894C: set configuration 0: peers:[e7d9066e-05d1-4d78-941d-b2a7fd2da9b5|rpc:10.1.0.42:15014|admin:10.1.0.42:15013|client:10.1.0.42:15012|dataStream:10.1.0.42:15015|priority:0|startupRole:FOLLOWER, eb412079-c751-4dfd-aec5-5a0bb932822c|rpc:10.1.0.42:15032|admin:10.1.0.42:15031|client:10.1.0.42:15030|dataStream:10.1.0.42:15033|priority:1|startupRole:FOLLOWER, ec94dcc4-e30d-4488-98e5-1700c0a44b75|rpc:10.1.0.42:15023|admin:10.1.0.42:15022|client:10.1.0.42:15021|dataStream:10.1.0.42:15024|priority:0|startupRole:FOLLOWER]|listeners:[], old=null
2023-07-18 19:30:36,622 [e7d9066e-05d1-4d78-941d-b2a7fd2da9b5-server-thread2] INFO  segmented.SegmentedRaftLogWorker (SegmentedRaftLogWorker.java:startLogSegment(447)) - e7d9066e-05d1-4d78-941d-b2a7fd2da9b5@group-1D9BD65C894C-SegmentedRaftLogWorker: Starting segment from index:0
2023-07-18 19:30:36,622 [ec94dcc4-e30d-4488-98e5-1700c0a44b75-server-thread1] INFO  ratis.XceiverServerRatis (XceiverServerRatis.java:handleLeaderChangedNotification(902)) - Leader change notification received for group: group-1D9BD65C894C with new leaderId: eb412079-c751-4dfd-aec5-5a0bb932822c
2023-07-18 19:30:36,629 [ec94dcc4-e30d-4488-98e5-1700c0a44b75-server-thread1] INFO  server.RaftServer$Division (ServerState.java:setLeader(317)) - ec94dcc4-e30d-4488-98e5-1700c0a44b75@group-1D9BD65C894C: change Leader from null to eb412079-c751-4dfd-aec5-5a0bb932822c at term 1 for appendEntries, leader elected after 5429ms
2023-07-18 19:30:36,624 [e7d9066e-05d1-4d78-941d-b2a7fd2da9b5@group-1D9BD65C894C-SegmentedRaftLogWorker] INFO  segmented.SegmentedRaftLogWorker (SegmentedRaftLogWorker.java:execute(651)) - e7d9066e-05d1-4d78-941d-b2a7fd2da9b5@group-1D9BD65C894C-SegmentedRaftLogWorker: created new log segment /home/runner/work/ozone/ozone/hadoop-ozone/integration-test/target/test-dir/MiniOzoneClusterImpl-6b031341-d507-43af-b1f0-ac2f4105ef04/datanode-0/data/ratis/992b8d43-8bac-488b-866f-1d9bd65c894c/current/log_inprogress_0
2023-07-18 19:30:36,630 [ec94dcc4-e30d-4488-98e5-1700c0a44b75-server-thread1] INFO  server.RaftServer$Division (ServerState.java:setRaftConf(434)) - ec94dcc4-e30d-4488-98e5-1700c0a44b75@group-1D9BD65C894C: set configuration 0: peers:[e7d9066e-05d1-4d78-941d-b2a7fd2da9b5|rpc:10.1.0.42:15014|admin:10.1.0.42:15013|client:10.1.0.42:15012|dataStream:10.1.0.42:15015|priority:0|startupRole:FOLLOWER, eb412079-c751-4dfd-aec5-5a0bb932822c|rpc:10.1.0.42:15032|admin:10.1.0.42:15031|client:10.1.0.42:15030|dataStream:10.1.0.42:15033|priority:1|startupRole:FOLLOWER, ec94dcc4-e30d-4488-98e5-1700c0a44b75|rpc:10.1.0.42:15023|admin:10.1.0.42:15022|client:10.1.0.42:15021|dataStream:10.1.0.42:15024|priority:0|startupRole:FOLLOWER]|listeners:[], old=null
2023-07-18 19:30:36,634 [ec94dcc4-e30d-4488-98e5-1700c0a44b75-server-thread1] INFO  segmented.SegmentedRaftLogWorker (SegmentedRaftLogWorker.java:startLogSegment(447)) - ec94dcc4-e30d-4488-98e5-1700c0a44b75@group-1D9BD65C894C-SegmentedRaftLogWorker: Starting segment from index:0
2023-07-18 19:30:36,635 [ec94dcc4-e30d-4488-98e5-1700c0a44b75@group-1D9BD65C894C-SegmentedRaftLogWorker] INFO  segmented.SegmentedRaftLogWorker (SegmentedRaftLogWorker.java:execute(651)) - ec94dcc4-e30d-4488-98e5-1700c0a44b75@group-1D9BD65C894C-SegmentedRaftLogWorker: created new log segment /home/runner/work/ozone/ozone/hadoop-ozone/integration-test/target/test-dir/MiniOzoneClusterImpl-6b031341-d507-43af-b1f0-ac2f4105ef04/datanode-1/data/ratis/992b8d43-8bac-488b-866f-1d9bd65c894c/current/log_inprogress_0
2023-07-18 19:30:36,716 [main] INFO  freon.RandomKeyGenerator (RandomKeyGenerator.java:call(315)) - Number of Threads: 1
2023-07-18 19:30:36,749 [main] INFO  freon.RandomKeyGenerator (RandomKeyGenerator.java:call(320)) - Number of Volumes: 1.
2023-07-18 19:30:36,750 [main] INFO  freon.RandomKeyGenerator (RandomKeyGenerator.java:call(321)) - Number of Buckets per Volume: 1.
2023-07-18 19:30:36,750 [main] INFO  freon.RandomKeyGenerator (RandomKeyGenerator.java:call(322)) - Number of Keys per Bucket: 1000.
2023-07-18 19:30:36,750 [main] INFO  freon.RandomKeyGenerator (RandomKeyGenerator.java:call(323)) - Key size: 0 bytes
2023-07-18 19:30:36,750 [main] INFO  freon.RandomKeyGenerator (RandomKeyGenerator.java:call(324)) - Buffer size: 4096 bytes
2023-07-18 19:30:36,750 [main] INFO  freon.RandomKeyGenerator (RandomKeyGenerator.java:call(325)) - validateWrites : true
2023-07-18 19:30:36,750 [main] INFO  freon.RandomKeyGenerator (RandomKeyGenerator.java:call(326)) - Number of Validate Threads: 1
2023-07-18 19:30:36,750 [main] INFO  freon.RandomKeyGenerator (RandomKeyGenerator.java:call(327)) - cleanObjects : false
2023-07-18 19:30:36,754 [main] INFO  freon.RandomKeyGenerator (RandomKeyGenerator.java:call(343)) - Data validation is enabled.
2023-07-18 19:30:36,756 [main] INFO  freon.RandomKeyGenerator (RandomKeyGenerator.java:call(349)) - Starting progress bar Thread.
2023-07-18 19:30:36,756 [Thread-342] INFO  freon.ProgressBar (ProgressBar.java:logProgressBar(168)) - Progress: 0.00 % (0 out of 1000)
2023-07-18 19:30:36,759 [pool-160-thread-1] INFO  rpc.RpcClient (RpcClient.java:createVolume(460)) - Creating Volume: vol-0-02099, with runner as owner and space quota set to -1 bytes, counts quota set to -1
2023-07-18 19:30:36,823 [OM StateMachine ApplyTransaction Thread - 0] INFO  volume.OMVolumeCreateRequest (OMVolumeCreateRequest.java:validateAndUpdateCache(196)) - created volume:vol-0-02099 for user:runner
2023-07-18 19:30:36,853 [pool-160-thread-1] INFO  rpc.RpcClient (RpcClient.java:createBucket(687)) - Creating Bucket: vol-0-02099/bucket-0-33758, with server-side default bucket layout, runner as owner, Versioning false, Storage Type set to DISK and Encryption set to false, Replication Type set to server-side default replication type, Namespace Quota set to -1, Space Quota set to -1 
2023-07-18 19:30:36,875 [OM StateMachine ApplyTransaction Thread - 0] INFO  bucket.OMBucketCreateRequest (OMBucketCreateRequest.java:validateAndUpdateCache(270)) - created bucket: bucket-0-33758 of layout FILE_SYSTEM_OPTIMIZED in volume: vol-0-02099
2023-07-18 19:30:36,949 [IPC Server handler 19 on default port 15001] INFO  ha.SequenceIdGenerator (SequenceIdGenerator.java:getNextId(140)) - Allocate a batch for containerId, change lastId from 0 to 1000.
2023-07-18 19:30:36,961 [IPC Server handler 19 on default port 15001] WARN  ha.SequenceIdGenerator (SequenceIdGenerator.java:allocateBatch(249)) - Failed to allocate a batch for localId, expected lastId is 0, actual lastId is 111677748019200000.
2023-07-18 19:30:36,962 [IPC Server handler 19 on default port 15001] INFO  ha.SequenceIdGenerator (SequenceIdGenerator.java:getNextId(140)) - Allocate a batch for localId, change lastId from 111677748019200000 to 111677748019201000.
2023-07-18 19:30:37,758 [Thread-342] INFO  freon.ProgressBar (ProgressBar.java:logProgressBar(168)) - Progress: 2.30 % (23 out of 1000)
2023-07-18 19:30:38,759 [Thread-342] INFO  freon.ProgressBar (ProgressBar.java:logProgressBar(168)) - Progress: 6.60 % (66 out of 1000)
2023-07-18 19:30:39,760 [Thread-342] INFO  freon.ProgressBar (ProgressBar.java:logProgressBar(168)) - Progress: 12.30 % (123 out of 1000)
2023-07-18 19:30:40,760 [Thread-342] INFO  freon.ProgressBar (ProgressBar.java:logProgressBar(168)) - Progress: 18.40 % (184 out of 1000)
2023-07-18 19:30:41,761 [Thread-342] INFO  freon.ProgressBar (ProgressBar.java:logProgressBar(168)) - Progress: 26.10 % (261 out of 1000)
2023-07-18 19:30:42,761 [Thread-342] INFO  freon.ProgressBar (ProgressBar.java:logProgressBar(168)) - Progress: 33.40 % (334 out of 1000)
2023-07-18 19:30:43,763 [Thread-342] INFO  freon.ProgressBar (ProgressBar.java:logProgressBar(168)) - Progress: 41.10 % (411 out of 1000)
2023-07-18 19:30:44,764 [Thread-342] INFO  freon.ProgressBar (ProgressBar.java:logProgressBar(168)) - Progress: 49.10 % (491 out of 1000)
2023-07-18 19:30:45,765 [Thread-342] INFO  freon.ProgressBar (ProgressBar.java:logProgressBar(168)) - Progress: 57.30 % (573 out of 1000)
2023-07-18 19:30:46,765 [Thread-342] INFO  freon.ProgressBar (ProgressBar.java:logProgressBar(168)) - Progress: 67.20 % (672 out of 1000)
2023-07-18 19:30:47,766 [Thread-342] INFO  freon.ProgressBar (ProgressBar.java:logProgressBar(168)) - Progress: 76.20 % (762 out of 1000)
2023-07-18 19:30:48,767 [Thread-342] INFO  freon.ProgressBar (ProgressBar.java:logProgressBar(168)) - Progress: 84.90 % (849 out of 1000)
2023-07-18 19:30:49,768 [Thread-342] INFO  freon.ProgressBar (ProgressBar.java:logProgressBar(168)) - Progress: 94.50 % (945 out of 1000)
2023-07-18 19:30:50,768 [Thread-342] INFO  freon.ProgressBar (ProgressBar.java:logProgressBar(168)) - Progress: 100.00 % (1000 out of 1000)
]]></system-out>
  </testcase>
  <testcase name="testDAGReconstruction" classname="org.apache.hadoop.ozone.freon.TestOMSnapshotDAG" time="27.777">
    <failure type="org.opentest4j.AssertionFailedError"><![CDATA[org.opentest4j.AssertionFailedError: expected: <[000079, 000099, 000092]> but was: <[000099]>
	at org.junit.jupiter.api.AssertionUtils.fail(AssertionUtils.java:55)
	at org.junit.jupiter.api.AssertionUtils.failNotEqual(AssertionUtils.java:62)
	at org.junit.jupiter.api.AssertEquals.assertEquals(AssertEquals.java:182)
	at org.junit.jupiter.api.AssertEquals.assertEquals(AssertEquals.java:177)
	at org.junit.jupiter.api.Assertions.assertEquals(Assertions.java:1141)
	at org.apache.hadoop.ozone.freon.TestOMSnapshotDAG.testDAGReconstruction(TestOMSnapshotDAG.java:312)
	at sun.reflect.NativeMethodAccessorImpl.invoke0(Native Method)
	at sun.reflect.NativeMethodAccessorImpl.invoke(NativeMethodAccessorImpl.java:62)
	at sun.reflect.DelegatingMethodAccessorImpl.invoke(DelegatingMethodAccessorImpl.java:43)
	at java.lang.reflect.Method.invoke(Method.java:498)
	at org.junit.platform.commons.util.ReflectionUtils.invokeMethod(ReflectionUtils.java:725)
	at org.junit.jupiter.engine.execution.MethodInvocation.proceed(MethodInvocation.java:60)
	at org.junit.jupiter.engine.execution.InvocationInterceptorChain$ValidatingInvocation.proceed(InvocationInterceptorChain.java:131)
	at org.junit.jupiter.engine.extension.TimeoutExtension.intercept(TimeoutExtension.java:149)
	at org.junit.jupiter.engine.extension.TimeoutExtension.interceptTestableMethod(TimeoutExtension.java:140)
	at org.junit.jupiter.engine.extension.TimeoutExtension.interceptTestMethod(TimeoutExtension.java:84)
	at org.junit.jupiter.engine.execution.ExecutableInvoker$ReflectiveInterceptorCall.lambda$ofVoidMethod$0(ExecutableInvoker.java:115)
	at org.junit.jupiter.engine.execution.ExecutableInvoker.lambda$invoke$0(ExecutableInvoker.java:105)
	at org.junit.jupiter.engine.execution.InvocationInterceptorChain$InterceptedInvocation.proceed(InvocationInterceptorChain.java:106)
	at org.junit.jupiter.engine.execution.InvocationInterceptorChain.proceed(InvocationInterceptorChain.java:64)
	at org.junit.jupiter.engine.execution.InvocationInterceptorChain.chainAndInvoke(InvocationInterceptorChain.java:45)
	at org.junit.jupiter.engine.execution.InvocationInterceptorChain.invoke(InvocationInterceptorChain.java:37)
	at org.junit.jupiter.engine.execution.ExecutableInvoker.invoke(ExecutableInvoker.java:104)
	at org.junit.jupiter.engine.execution.ExecutableInvoker.invoke(ExecutableInvoker.java:98)
	at org.junit.jupiter.engine.descriptor.TestMethodTestDescriptor.lambda$invokeTestMethod$7(TestMethodTestDescriptor.java:214)
	at org.junit.platform.engine.support.hierarchical.ThrowableCollector.execute(ThrowableCollector.java:73)
	at org.junit.jupiter.engine.descriptor.TestMethodTestDescriptor.invokeTestMethod(TestMethodTestDescriptor.java:210)
	at org.junit.jupiter.engine.descriptor.TestMethodTestDescriptor.execute(TestMethodTestDescriptor.java:135)
	at org.junit.jupiter.engine.descriptor.TestMethodTestDescriptor.execute(TestMethodTestDescriptor.java:66)
	at org.junit.platform.engine.support.hierarchical.NodeTestTask.lambda$executeRecursively$6(NodeTestTask.java:151)
	at org.junit.platform.engine.support.hierarchical.ThrowableCollector.execute(ThrowableCollector.java:73)
	at org.junit.platform.engine.support.hierarchical.NodeTestTask.lambda$executeRecursively$8(NodeTestTask.java:141)
	at org.junit.platform.engine.support.hierarchical.Node.around(Node.java:137)
	at org.junit.platform.engine.support.hierarchical.NodeTestTask.lambda$executeRecursively$9(NodeTestTask.java:139)
	at org.junit.platform.engine.support.hierarchical.ThrowableCollector.execute(ThrowableCollector.java:73)
	at org.junit.platform.engine.support.hierarchical.NodeTestTask.executeRecursively(NodeTestTask.java:138)
	at org.junit.platform.engine.support.hierarchical.NodeTestTask.execute(NodeTestTask.java:95)
	at java.util.ArrayList.forEach(ArrayList.java:1259)
	at org.junit.platform.engine.support.hierarchical.SameThreadHierarchicalTestExecutorService.invokeAll(SameThreadHierarchicalTestExecutorService.java:41)
	at org.junit.platform.engine.support.hierarchical.NodeTestTask.lambda$executeRecursively$6(NodeTestTask.java:155)
	at org.junit.platform.engine.support.hierarchical.ThrowableCollector.execute(ThrowableCollector.java:73)
	at org.junit.platform.engine.support.hierarchical.NodeTestTask.lambda$executeRecursively$8(NodeTestTask.java:141)
	at org.junit.platform.engine.support.hierarchical.Node.around(Node.java:137)
	at org.junit.platform.engine.support.hierarchical.NodeTestTask.lambda$executeRecursively$9(NodeTestTask.java:139)
	at org.junit.platform.engine.support.hierarchical.ThrowableCollector.execute(ThrowableCollector.java:73)
	at org.junit.platform.engine.support.hierarchical.NodeTestTask.executeRecursively(NodeTestTask.java:138)
	at org.junit.platform.engine.support.hierarchical.NodeTestTask.execute(NodeTestTask.java:95)
	at java.util.ArrayList.forEach(ArrayList.java:1259)
	at org.junit.platform.engine.support.hierarchical.SameThreadHierarchicalTestExecutorService.invokeAll(SameThreadHierarchicalTestExecutorService.java:41)
	at org.junit.platform.engine.support.hierarchical.NodeTestTask.lambda$executeRecursively$6(NodeTestTask.java:155)
	at org.junit.platform.engine.support.hierarchical.ThrowableCollector.execute(ThrowableCollector.java:73)
	at org.junit.platform.engine.support.hierarchical.NodeTestTask.lambda$executeRecursively$8(NodeTestTask.java:141)
	at org.junit.platform.engine.support.hierarchical.Node.around(Node.java:137)
	at org.junit.platform.engine.support.hierarchical.NodeTestTask.lambda$executeRecursively$9(NodeTestTask.java:139)
	at org.junit.platform.engine.support.hierarchical.ThrowableCollector.execute(ThrowableCollector.java:73)
	at org.junit.platform.engine.support.hierarchical.NodeTestTask.executeRecursively(NodeTestTask.java:138)
	at org.junit.platform.engine.support.hierarchical.NodeTestTask.execute(NodeTestTask.java:95)
	at org.junit.platform.engine.support.hierarchical.SameThreadHierarchicalTestExecutorService.submit(SameThreadHierarchicalTestExecutorService.java:35)
	at org.junit.platform.engine.support.hierarchical.HierarchicalTestExecutor.execute(HierarchicalTestExecutor.java:57)
	at org.junit.platform.engine.support.hierarchical.HierarchicalTestEngine.execute(HierarchicalTestEngine.java:54)
	at org.junit.platform.launcher.core.EngineExecutionOrchestrator.execute(EngineExecutionOrchestrator.java:107)
	at org.junit.platform.launcher.core.EngineExecutionOrchestrator.execute(EngineExecutionOrchestrator.java:88)
	at org.junit.platform.launcher.core.EngineExecutionOrchestrator.lambda$execute$0(EngineExecutionOrchestrator.java:54)
	at org.junit.platform.launcher.core.EngineExecutionOrchestrator.withInterceptedStreams(EngineExecutionOrchestrator.java:67)
	at org.junit.platform.launcher.core.EngineExecutionOrchestrator.execute(EngineExecutionOrchestrator.java:52)
	at org.junit.platform.launcher.core.DefaultLauncher.execute(DefaultLauncher.java:114)
	at org.junit.platform.launcher.core.DefaultLauncher.execute(DefaultLauncher.java:86)
	at org.junit.platform.launcher.core.DefaultLauncherSession$DelegatingLauncher.execute(DefaultLauncherSession.java:86)
	at org.junit.platform.launcher.core.SessionPerRequestLauncher.execute(SessionPerRequestLauncher.java:53)
	at org.apache.maven.surefire.junitplatform.JUnitPlatformProvider.execute(JUnitPlatformProvider.java:188)
	at org.apache.maven.surefire.junitplatform.JUnitPlatformProvider.invokeAllTests(JUnitPlatformProvider.java:154)
	at org.apache.maven.surefire.junitplatform.JUnitPlatformProvider.invoke(JUnitPlatformProvider.java:124)
	at org.apache.maven.surefire.booter.ForkedBooter.runSuitesInProcess(ForkedBooter.java:428)
	at org.apache.maven.surefire.booter.ForkedBooter.execute(ForkedBooter.java:162)
	at org.apache.maven.surefire.booter.ForkedBooter.run(ForkedBooter.java:562)
	at org.apache.maven.surefire.booter.ForkedBooter.main(ForkedBooter.java:548)
]]></failure>
    <system-out><![CDATA[2023-07-18 19:30:55,323 [main] INFO  freon.RandomKeyGenerator (RandomKeyGenerator.java:call(315)) - Number of Threads: 1
2023-07-18 19:30:55,344 [main] INFO  freon.RandomKeyGenerator (RandomKeyGenerator.java:call(320)) - Number of Volumes: 1.
2023-07-18 19:30:55,344 [main] INFO  freon.RandomKeyGenerator (RandomKeyGenerator.java:call(321)) - Number of Buckets per Volume: 1.
2023-07-18 19:30:55,345 [main] INFO  freon.RandomKeyGenerator (RandomKeyGenerator.java:call(322)) - Number of Keys per Bucket: 500.
2023-07-18 19:30:55,345 [main] INFO  freon.RandomKeyGenerator (RandomKeyGenerator.java:call(323)) - Key size: 0 bytes
2023-07-18 19:30:55,345 [main] INFO  freon.RandomKeyGenerator (RandomKeyGenerator.java:call(324)) - Buffer size: 4096 bytes
2023-07-18 19:30:55,345 [main] INFO  freon.RandomKeyGenerator (RandomKeyGenerator.java:call(325)) - validateWrites : true
2023-07-18 19:30:55,345 [main] INFO  freon.RandomKeyGenerator (RandomKeyGenerator.java:call(326)) - Number of Validate Threads: 1
2023-07-18 19:30:55,345 [main] INFO  freon.RandomKeyGenerator (RandomKeyGenerator.java:call(327)) - cleanObjects : false
2023-07-18 19:30:55,351 [main] INFO  freon.RandomKeyGenerator (RandomKeyGenerator.java:call(343)) - Data validation is enabled.
2023-07-18 19:30:55,351 [main] INFO  freon.RandomKeyGenerator (RandomKeyGenerator.java:call(349)) - Starting progress bar Thread.
2023-07-18 19:30:55,351 [pool-162-thread-1] INFO  rpc.RpcClient (RpcClient.java:createVolume(460)) - Creating Volume: vol-0-58722, with runner as owner and space quota set to -1 bytes, counts quota set to -1
2023-07-18 19:30:55,360 [Thread-394] INFO  freon.ProgressBar (ProgressBar.java:logProgressBar(168)) - Progress: 0.00 % (0 out of 500)
2023-07-18 19:30:55,365 [OM StateMachine ApplyTransaction Thread - 0] INFO  volume.OMVolumeCreateRequest (OMVolumeCreateRequest.java:validateAndUpdateCache(196)) - created volume:vol-0-58722 for user:runner
2023-07-18 19:30:55,368 [pool-162-thread-1] INFO  rpc.RpcClient (RpcClient.java:createBucket(687)) - Creating Bucket: vol-0-58722/bucket-0-99129, with server-side default bucket layout, runner as owner, Versioning false, Storage Type set to DISK and Encryption set to false, Replication Type set to server-side default replication type, Namespace Quota set to -1, Space Quota set to -1 
2023-07-18 19:30:55,370 [OM StateMachine ApplyTransaction Thread - 0] INFO  bucket.OMBucketCreateRequest (OMBucketCreateRequest.java:validateAndUpdateCache(270)) - created bucket: bucket-0-99129 of layout FILE_SYSTEM_OPTIMIZED in volume: vol-0-58722
2023-07-18 19:30:55,374 [IPC Server handler 0 on default port 15001] INFO  ha.SequenceIdGenerator (SequenceIdGenerator.java:getNextId(140)) - Allocate a batch for localId, change lastId from 111677748019201000 to 111677748019202000.
2023-07-18 19:30:56,363 [Thread-394] INFO  freon.ProgressBar (ProgressBar.java:logProgressBar(168)) - Progress: 19.80 % (99 out of 500)
2023-07-18 19:30:57,364 [Thread-394] INFO  freon.ProgressBar (ProgressBar.java:logProgressBar(168)) - Progress: 42.20 % (211 out of 500)
2023-07-18 19:30:58,364 [Thread-394] INFO  freon.ProgressBar (ProgressBar.java:logProgressBar(168)) - Progress: 66.20 % (331 out of 500)
2023-07-18 19:30:59,365 [Thread-394] INFO  freon.ProgressBar (ProgressBar.java:logProgressBar(168)) - Progress: 88.80 % (444 out of 500)
2023-07-18 19:31:00,365 [Thread-394] INFO  freon.ProgressBar (ProgressBar.java:logProgressBar(168)) - Progress: 100.00 % (500 out of 500)
2023-07-18 19:31:04,878 [OM StateMachine ApplyTransaction Thread - 0] INFO  snapshot.OMSnapshotCreateRequest (OMSnapshotCreateRequest.java:validateAndUpdateCache(193)) - Created snapshot: 'snap1' with snapshotId: 'bf36e207-96c5-42c0-bedc-afed874ff748' under path 'vol-0-02099/bucket-0-33758'
2023-07-18 19:31:04,938 [OMDoubleBufferFlushThread] INFO  db.RDBCheckpointManager (RDBCheckpointManager.java:createCheckpoint(89)) - Created checkpoint in rocksDB at /home/runner/work/ozone/ozone/hadoop-ozone/integration-test/target/test-dir/MiniOzoneClusterImpl-6b031341-d507-43af-b1f0-ac2f4105ef04/ozone-meta/db.snapshots/checkpointState/om.db-bf36e207-96c5-42c0-bedc-afed874ff748 in 56 milliseconds
2023-07-18 19:31:05,011 [OMDoubleBufferFlushThread] INFO  db.RDBCheckpointUtils (RDBCheckpointUtils.java:waitForCheckpointDirectoryExist(59)) - Waited for 72 milliseconds for checkpoint directory /home/runner/work/ozone/ozone/hadoop-ozone/integration-test/target/test-dir/MiniOzoneClusterImpl-6b031341-d507-43af-b1f0-ac2f4105ef04/ozone-meta/db.snapshots/checkpointState/om.db-bf36e207-96c5-42c0-bedc-afed874ff748 availability.
2023-07-18 19:31:05,333 [OMDoubleBufferFlushThread] WARN  om.OmSnapshotManager (OmSnapshotManager.java:findEndKeyGivenPrefix(593)) - Took 318289732 ns to find endKey. Caller is deleteKeysFromDelKeyTableInSnapshotScope
2023-07-18 19:31:05,337 [OMDoubleBufferFlushThread] INFO  om.OmSnapshotManager (OmSnapshotManager.java:createOmSnapshotCheckpoint(463)) - Created checkpoint : /home/runner/work/ozone/ozone/hadoop-ozone/integration-test/target/test-dir/MiniOzoneClusterImpl-6b031341-d507-43af-b1f0-ac2f4105ef04/ozone-meta/db.snapshots/checkpointState/om.db-bf36e207-96c5-42c0-bedc-afed874ff748 for snapshot snap1
2023-07-18 19:31:08,502 [IPC Server handler 0 on default port 15001] INFO  ha.SequenceIdGenerator (SequenceIdGenerator.java:getNextId(140)) - Allocate a batch for localId, change lastId from 111677748019202000 to 111677748019203000.
2023-07-18 19:31:13,504 [om1-client-thread1] INFO  segmented.SegmentedRaftLogWorker (SegmentedRaftLogWorker.java:rollLogSegment(452)) - om1@group-C5BA1605619E-SegmentedRaftLogWorker: Rolling segment log-0_11144 to index:11144
2023-07-18 19:31:13,506 [om1@group-C5BA1605619E-SegmentedRaftLogWorker] INFO  segmented.SegmentedRaftLogWorker (SegmentedRaftLogWorker.java:execute(608)) - om1@group-C5BA1605619E-SegmentedRaftLogWorker: Rolled log segment from /home/runner/work/ozone/ozone/hadoop-ozone/integration-test/target/test-dir/MiniOzoneClusterImpl-6b031341-d507-43af-b1f0-ac2f4105ef04/ozone-meta/ratis/bf265839-605b-3f16-9796-c5ba1605619e/current/log_inprogress_0 to /home/runner/work/ozone/ozone/hadoop-ozone/integration-test/target/test-dir/MiniOzoneClusterImpl-6b031341-d507-43af-b1f0-ac2f4105ef04/ozone-meta/ratis/bf265839-605b-3f16-9796-c5ba1605619e/current/log_0-11144
2023-07-18 19:31:13,519 [om1@group-C5BA1605619E-SegmentedRaftLogWorker] INFO  segmented.SegmentedRaftLogWorker (SegmentedRaftLogWorker.java:execute(651)) - om1@group-C5BA1605619E-SegmentedRaftLogWorker: created new log segment /home/runner/work/ozone/ozone/hadoop-ozone/integration-test/target/test-dir/MiniOzoneClusterImpl-6b031341-d507-43af-b1f0-ac2f4105ef04/ozone-meta/ratis/bf265839-605b-3f16-9796-c5ba1605619e/current/log_inprogress_11145
2023-07-18 19:31:14,841 [IPC Server handler 0 on default port 15001] INFO  ha.SequenceIdGenerator (SequenceIdGenerator.java:getNextId(140)) - Allocate a batch for localId, change lastId from 111677748019203000 to 111677748019204000.
2023-07-18 19:31:17,599 [OM StateMachine ApplyTransaction Thread - 0] INFO  snapshot.OMSnapshotCreateRequest (OMSnapshotCreateRequest.java:validateAndUpdateCache(193)) - Created snapshot: 'snap2' with snapshotId: 'aad485a8-bca6-45ce-8ba6-5eef9dd06747' under path 'vol-0-02099/bucket-0-33758'
2023-07-18 19:31:17,600 [main] INFO  snapshot.SnapshotCache (SnapshotCache.java:lambda$1(166)) - Loading snapshot. Table key: /vol-0-02099/bucket-0-33758/snap1
2023-07-18 19:31:17,609 [main] WARN  server.ServerUtils (ServerUtils.java:getDBPath(311)) - ozone.om.db.dirs is not configured. We recommend adding this setting. Falling back to ozone.metadata.dirs instead.
2023-07-18 19:31:17,610 [main] INFO  helpers.OmKeyInfo (OmKeyInfo.java:getCodec(71)) - OmKeyInfo.getCodec ignorePipeline = true
2023-07-18 19:31:17,637 [OMDoubleBufferFlushThread] INFO  db.RDBCheckpointManager (RDBCheckpointManager.java:createCheckpoint(89)) - Created checkpoint in rocksDB at /home/runner/work/ozone/ozone/hadoop-ozone/integration-test/target/test-dir/MiniOzoneClusterImpl-6b031341-d507-43af-b1f0-ac2f4105ef04/ozone-meta/db.snapshots/checkpointState/om.db-aad485a8-bca6-45ce-8ba6-5eef9dd06747 in 33 milliseconds
2023-07-18 19:31:17,637 [OMDoubleBufferFlushThread] INFO  db.RDBCheckpointUtils (RDBCheckpointUtils.java:waitForCheckpointDirectoryExist(59)) - Waited for 0 milliseconds for checkpoint directory /home/runner/work/ozone/ozone/hadoop-ozone/integration-test/target/test-dir/MiniOzoneClusterImpl-6b031341-d507-43af-b1f0-ac2f4105ef04/ozone-meta/db.snapshots/checkpointState/om.db-aad485a8-bca6-45ce-8ba6-5eef9dd06747 availability.
2023-07-18 19:31:17,700 [OMDoubleBufferFlushThread] WARN  om.OmSnapshotManager (OmSnapshotManager.java:findEndKeyGivenPrefix(593)) - Took 61751585 ns to find endKey. Caller is deleteKeysFromDelKeyTableInSnapshotScope
2023-07-18 19:31:17,702 [OMDoubleBufferFlushThread] INFO  om.OmSnapshotManager (OmSnapshotManager.java:createOmSnapshotCheckpoint(463)) - Created checkpoint : /home/runner/work/ozone/ozone/hadoop-ozone/integration-test/target/test-dir/MiniOzoneClusterImpl-6b031341-d507-43af-b1f0-ac2f4105ef04/ozone-meta/db.snapshots/checkpointState/om.db-aad485a8-bca6-45ce-8ba6-5eef9dd06747 for snapshot snap2
2023-07-18 19:31:17,792 [main] INFO  audit.AuditLogger (AuditLogger.java:refreshDebugCmdSet(126)) - Refresh DebugCmdSet for OMAudit to [].
2023-07-18 19:31:17,796 [main] INFO  snapshot.SnapshotCache (SnapshotCache.java:lambda$1(166)) - Loading snapshot. Table key: /vol-0-02099/bucket-0-33758/snap2
2023-07-18 19:31:17,796 [main] WARN  server.ServerUtils (ServerUtils.java:getDBPath(311)) - ozone.om.db.dirs is not configured. We recommend adding this setting. Falling back to ozone.metadata.dirs instead.
2023-07-18 19:31:17,797 [main] INFO  helpers.OmKeyInfo (OmKeyInfo.java:getCodec(71)) - OmKeyInfo.getCodec ignorePipeline = true
2023-07-18 19:31:17,933 [main] WARN  server.ServerUtils (ServerUtils.java:getDBPath(311)) - ozone.om.db.dirs is not configured. We recommend adding this setting. Falling back to ozone.metadata.dirs instead.
2023-07-18 19:31:17,934 [main] WARN  server.ServerUtils (ServerUtils.java:getDBPath(311)) - ozone.om.db.dirs is not configured. We recommend adding this setting. Falling back to ozone.metadata.dirs instead.
2023-07-18 19:31:20,806 [OM StateMachine ApplyTransaction Thread - 0] INFO  snapshot.OMSnapshotCreateRequest (OMSnapshotCreateRequest.java:validateAndUpdateCache(193)) - Created snapshot: 'snap3' with snapshotId: 'bd90a375-4884-48db-bd9c-184ad8c2fdab' under path 'vol-0-02099/bucket-0-33758'
2023-07-18 19:31:20,807 [main] INFO  snapshot.SnapshotCache (SnapshotCache.java:lambda$1(166)) - Loading snapshot. Table key: /vol-0-02099/bucket-0-33758/snap3
2023-07-18 19:31:20,807 [main] WARN  server.ServerUtils (ServerUtils.java:getDBPath(311)) - ozone.om.db.dirs is not configured. We recommend adding this setting. Falling back to ozone.metadata.dirs instead.
2023-07-18 19:31:20,843 [OMDoubleBufferFlushThread] INFO  db.RDBCheckpointManager (RDBCheckpointManager.java:createCheckpoint(89)) - Created checkpoint in rocksDB at /home/runner/work/ozone/ozone/hadoop-ozone/integration-test/target/test-dir/MiniOzoneClusterImpl-6b031341-d507-43af-b1f0-ac2f4105ef04/ozone-meta/db.snapshots/checkpointState/om.db-bd90a375-4884-48db-bd9c-184ad8c2fdab in 35 milliseconds
2023-07-18 19:31:20,843 [OMDoubleBufferFlushThread] INFO  db.RDBCheckpointUtils (RDBCheckpointUtils.java:waitForCheckpointDirectoryExist(59)) - Waited for 0 milliseconds for checkpoint directory /home/runner/work/ozone/ozone/hadoop-ozone/integration-test/target/test-dir/MiniOzoneClusterImpl-6b031341-d507-43af-b1f0-ac2f4105ef04/ozone-meta/db.snapshots/checkpointState/om.db-bd90a375-4884-48db-bd9c-184ad8c2fdab availability.
2023-07-18 19:31:20,852 [OMDoubleBufferFlushThread] WARN  om.OmSnapshotManager (OmSnapshotManager.java:findEndKeyGivenPrefix(593)) - Took 7856561 ns to find endKey. Caller is deleteKeysFromDelKeyTableInSnapshotScope
2023-07-18 19:31:20,853 [OMDoubleBufferFlushThread] INFO  om.OmSnapshotManager (OmSnapshotManager.java:createOmSnapshotCheckpoint(463)) - Created checkpoint : /home/runner/work/ozone/ozone/hadoop-ozone/integration-test/target/test-dir/MiniOzoneClusterImpl-6b031341-d507-43af-b1f0-ac2f4105ef04/ozone-meta/db.snapshots/checkpointState/om.db-bd90a375-4884-48db-bd9c-184ad8c2fdab for snapshot snap3
2023-07-18 19:31:20,916 [main] INFO  db.RDBCheckpointUtils (RDBCheckpointUtils.java:waitForCheckpointDirectoryExist(59)) - Waited for 108 milliseconds for checkpoint directory /home/runner/work/ozone/ozone/hadoop-ozone/integration-test/target/test-dir/MiniOzoneClusterImpl-6b031341-d507-43af-b1f0-ac2f4105ef04/ozone-meta/db.snapshots/checkpointState/om.db-bd90a375-4884-48db-bd9c-184ad8c2fdab availability.
2023-07-18 19:31:20,918 [main] INFO  helpers.OmKeyInfo (OmKeyInfo.java:getCodec(71)) - OmKeyInfo.getCodec ignorePipeline = true
2023-07-18 19:31:20,971 [main] WARN  server.ServerUtils (ServerUtils.java:getDBPath(311)) - ozone.om.db.dirs is not configured. We recommend adding this setting. Falling back to ozone.metadata.dirs instead.
2023-07-18 19:31:20,979 [main] INFO  om.OzoneManager (OzoneManager.java:stop(2196)) - om1[localhost:15004]: Stopping Ozone Manager
2023-07-18 19:31:20,980 [main] INFO  ipc.Server (Server.java:stop(3523)) - Stopping server on 15004
2023-07-18 19:31:20,997 [IPC Server listener on 15004] INFO  ipc.Server (Server.java:run(1434)) - Stopping IPC Server listener on 15004
2023-07-18 19:31:20,998 [IPC Server Responder] INFO  ipc.Server (Server.java:run(1567)) - Stopping IPC Server Responder
2023-07-18 19:31:20,999 [main] INFO  server.RaftServer (RaftServerProxy.java:lambda$close$6(416)) - om1: close
2023-07-18 19:31:21,003 [om1-impl-thread1] INFO  server.RaftServer$Division (RaftServerImpl.java:lambda$close$4(466)) - om1@group-C5BA1605619E: shutdown
2023-07-18 19:31:21,003 [om1-impl-thread1] INFO  util.JmxRegister (JmxRegister.java:unregister(73)) - Successfully un-registered JMX Bean with object name Ratis:service=RaftServer,group=group-C5BA1605619E,id=om1
2023-07-18 19:31:21,003 [om1-impl-thread1] INFO  impl.RoleInfo (RoleInfo.java:shutdownLeaderState(93)) - om1: shutdown om1@group-C5BA1605619E-LeaderStateImpl
2023-07-18 19:31:21,003 [om1-impl-thread1] INFO  impl.PendingRequests (PendingRequests.java:sendNotLeaderResponses(289)) - om1@group-C5BA1605619E-PendingRequests: sendNotLeaderResponses
2023-07-18 19:31:21,004 [main] INFO  server.GrpcService (GrpcService.java:closeImpl(311)) - om1: shutdown server GrpcServerProtocolService now
2023-07-18 19:31:21,014 [om1-impl-thread1] INFO  impl.StateMachineUpdater (StateMachineUpdater.java:stopAndJoin(155)) - om1@group-C5BA1605619E-StateMachineUpdater: set stopIndex = 16014
2023-07-18 19:31:21,014 [om1@group-C5BA1605619E-StateMachineUpdater] INFO  ratis.OzoneManagerStateMachine (OzoneManagerStateMachine.java:takeSnapshot(479)) - Current Snapshot Index (t:1, i:16014)
2023-07-18 19:31:21,018 [main] INFO  server.GrpcService (GrpcService.java:closeImpl(320)) - om1: shutdown server GrpcServerProtocolService successfully
2023-07-18 19:31:21,029 [Thread-892] INFO  rocksdiff.RocksDBCheckpointDiffer (RocksDBCheckpointDiffer.java:onCompactionCompleted(534)) - Skipped the compaction entry. Compaction input files: [/home/runner/work/ozone/ozone/hadoop-ozone/integration-test/target/test-dir/MiniOzoneClusterImpl-6b031341-d507-43af-b1f0-ac2f4105ef04/ozone-meta/om.db/000110.sst, /home/runner/work/ozone/ozone/hadoop-ozone/integration-test/target/test-dir/MiniOzoneClusterImpl-6b031341-d507-43af-b1f0-ac2f4105ef04/ozone-meta/om.db/000105.sst, /home/runner/work/ozone/ozone/hadoop-ozone/integration-test/target/test-dir/MiniOzoneClusterImpl-6b031341-d507-43af-b1f0-ac2f4105ef04/ozone-meta/om.db/000098.sst, /home/runner/work/ozone/ozone/hadoop-ozone/integration-test/target/test-dir/MiniOzoneClusterImpl-6b031341-d507-43af-b1f0-ac2f4105ef04/ozone-meta/om.db/000066.sst] and output files: [/home/runner/work/ozone/ozone/hadoop-ozone/integration-test/target/test-dir/MiniOzoneClusterImpl-6b031341-d507-43af-b1f0-ac2f4105ef04/ozone-meta/om.db/000110.sst, /home/runner/work/ozone/ozone/hadoop-ozone/integration-test/target/test-dir/MiniOzoneClusterImpl-6b031341-d507-43af-b1f0-ac2f4105ef04/ozone-meta/om.db/000105.sst, /home/runner/work/ozone/ozone/hadoop-ozone/integration-test/target/test-dir/MiniOzoneClusterImpl-6b031341-d507-43af-b1f0-ac2f4105ef04/ozone-meta/om.db/000098.sst, /home/runner/work/ozone/ozone/hadoop-ozone/integration-test/target/test-dir/MiniOzoneClusterImpl-6b031341-d507-43af-b1f0-ac2f4105ef04/ozone-meta/om.db/000066.sst] are same.
2023-07-18 19:31:21,033 [om1@group-C5BA1605619E-StateMachineUpdater] INFO  impl.StateMachineUpdater (StateMachineUpdater.java:takeSnapshot(291)) - om1@group-C5BA1605619E-StateMachineUpdater: Took a snapshot at index 16014
2023-07-18 19:31:21,034 [om1@group-C5BA1605619E-StateMachineUpdater] INFO  impl.StateMachineUpdater (StateMachineUpdater.java:lambda$new$0(97)) - om1@group-C5BA1605619E-StateMachineUpdater: snapshotIndex: updateIncreasingly -1 -> 16014
2023-07-18 19:31:21,034 [om1@group-C5BA1605619E-StateMachineUpdater] INFO  ratis.OzoneManagerStateMachine (OzoneManagerStateMachine.java:close(533)) - StateMachine has shutdown. Shutdown OzoneManager if not already shutdown.
2023-07-18 19:31:21,034 [om1@group-C5BA1605619E-StateMachineUpdater] INFO  ratis.OzoneManagerDoubleBuffer (OzoneManagerDoubleBuffer.java:stopDaemon(551)) - Stopping OMDoubleBuffer flush thread
2023-07-18 19:31:21,035 [OMDoubleBufferFlushThread] INFO  ratis.OzoneManagerDoubleBuffer (OzoneManagerDoubleBuffer.java:canFlush(638)) - OMDoubleBuffer flush thread OMDoubleBufferFlushThread is interrupted and will exit.
2023-07-18 19:31:21,037 [om1-impl-thread1] INFO  server.RaftServer$Division (ServerState.java:close(472)) - om1@group-C5BA1605619E: closes. applyIndex: 16014
2023-07-18 19:31:21,615 [SstFilteringService#0] WARN  server.ServerUtils (ServerUtils.java:getDBPath(311)) - ozone.om.db.dirs is not configured. We recommend adding this setting. Falling back to ozone.metadata.dirs instead.
2023-07-18 19:31:21,616 [SstFilteringService#0] INFO  snapshot.SnapshotCache (SnapshotCache.java:lambda$1(166)) - Loading snapshot. Table key: /vol-0-02099/bucket-0-33758/snap1
2023-07-18 19:31:21,622 [SstFilteringService#0] WARN  server.ServerUtils (ServerUtils.java:getDBPath(311)) - ozone.om.db.dirs is not configured. We recommend adding this setting. Falling back to ozone.metadata.dirs instead.
2023-07-18 19:31:21,622 [SstFilteringService#0] INFO  snapshot.SnapshotCache (SnapshotCache.java:lambda$1(166)) - Loading snapshot. Table key: /vol-0-02099/bucket-0-33758/snap2
2023-07-18 19:31:21,623 [SstFilteringService#0] INFO  db.RocksDatabase (RocksDatabase.java:deleteFilesNotMatchingPrefix(986)) - Deleting sst file /000093.sst corresponding to column family fileTable from db: /home/runner/work/ozone/ozone/hadoop-ozone/integration-test/target/test-dir/MiniOzoneClusterImpl-6b031341-d507-43af-b1f0-ac2f4105ef04/ozone-meta/db.snapshots/checkpointState/om.db-aad485a8-bca6-45ce-8ba6-5eef9dd06747
2023-07-18 19:31:21,626 [SstFilteringService#0] INFO  managed.ManagedRocksObjectUtils (ManagedRocksObjectUtils.java:waitForFileDelete(95)) - Waited for 1 milliseconds for file /home/runner/work/ozone/ozone/hadoop-ozone/integration-test/target/test-dir/MiniOzoneClusterImpl-6b031341-d507-43af-b1f0-ac2f4105ef04/ozone-meta/db.snapshots/checkpointState/om.db-aad485a8-bca6-45ce-8ba6-5eef9dd06747/000093.sst deletion.
2023-07-18 19:31:21,808 [om1-impl-thread1] INFO  segmented.SegmentedRaftLogWorker (SegmentedRaftLogWorker.java:close(252)) - om1@group-C5BA1605619E-SegmentedRaftLogWorker close()
2023-07-18 19:31:21,809 [JvmPauseMonitor1] INFO  util.JvmPauseMonitor (JvmPauseMonitor.java:run(109)) - JvmPauseMonitor-om1: Stopped
2023-07-18 19:31:21,809 [main] INFO  ratis.OzoneManagerStateMachine (OzoneManagerStateMachine.java:close(533)) - StateMachine has shutdown. Shutdown OzoneManager if not already shutdown.
2023-07-18 19:31:21,809 [main] INFO  ratis.OzoneManagerDoubleBuffer (OzoneManagerDoubleBuffer.java:stopDaemon(560)) - OMDoubleBuffer flush thread is not running.
2023-07-18 19:31:21,810 [main] INFO  utils.BackgroundService (BackgroundService.java:shutdown(141)) - Shutting down service KeyDeletingService
2023-07-18 19:31:21,811 [main] INFO  utils.BackgroundService (BackgroundService.java:shutdown(141)) - Shutting down service KeyDeletingService
2023-07-18 19:31:21,811 [main] INFO  utils.BackgroundService (BackgroundService.java:shutdown(141)) - Shutting down service OpenKeyCleanupService
2023-07-18 19:31:21,811 [main] INFO  utils.BackgroundService (BackgroundService.java:shutdown(141)) - Shutting down service SstFilteringService
2023-07-18 19:31:21,813 [main] INFO  utils.BackgroundService (BackgroundService.java:shutdown(141)) - Shutting down service SnapshotDeletingService
2023-07-18 19:31:21,816 [main] INFO  handler.ContextHandler (ContextHandler.java:doStop(1159)) - Stopped o.e.j.w.WebAppContext@76e1c593{ozoneManager,/,null,STOPPED}{file:/home/runner/work/ozone/ozone/hadoop-ozone/integration-test/target/test-classes/webapps/ozoneManager}
2023-07-18 19:31:21,820 [main] INFO  server.AbstractConnector (AbstractConnector.java:doStop(383)) - Stopped ServerConnector@6a45af66{HTTP/1.1, (http/1.1)}{0.0.0.0:15005}
2023-07-18 19:31:21,820 [main] INFO  server.session (HouseKeeper.java:stopScavenging(149)) - node0 Stopped scavenging
2023-07-18 19:31:21,820 [main] INFO  handler.ContextHandler (ContextHandler.java:doStop(1159)) - Stopped o.e.j.s.ServletContextHandler@60931e00{static,/static,file:///home/runner/work/ozone/ozone/hadoop-ozone/integration-test/target/test-classes/webapps/static,STOPPED}
2023-07-18 19:31:21,820 [main] INFO  handler.ContextHandler (ContextHandler.java:doStop(1159)) - Stopped o.e.j.s.ServletContextHandler@4f45a09c{logs,/logs,file:///home/runner/work/ozone/ozone/hadoop-ozone/integration-test/target/log,STOPPED}
2023-07-18 19:31:21,829 [main] INFO  snapshot.SnapshotDiffManager (SnapshotDiffManager.java:closeExecutorService(1720)) - Shutting down executorService: 'SnapDiffExecutor'
2023-07-18 19:31:21,830 [main] INFO  snapshot.SnapshotDiffManager (SnapshotDiffManager.java:closeExecutorService(1720)) - Shutting down executorService: 'SstDumpToolExecutor'
2023-07-18 19:31:21,835 [main] INFO  utils.BackgroundService (BackgroundService.java:shutdown(141)) - Shutting down service SnapshotDiffCleanupService
2023-07-18 19:31:21,837 [main] INFO  om.OzoneManager (OzoneManager.java:restart(1704)) - OzoneManager RPC server is listening at localhost/127.0.0.1:15004
2023-07-18 19:31:21,837 [main] INFO  impl.MetricsSystemImpl (MetricsSystemImpl.java:init(158)) - OzoneManager metrics system started (again)
2023-07-18 19:31:21,854 [main] WARN  server.ServerUtils (ServerUtils.java:getDBPath(311)) - ozone.om.db.dirs is not configured. We recommend adding this setting. Falling back to ozone.metadata.dirs instead.
2023-07-18 19:31:21,854 [main] INFO  helpers.OmKeyInfo (OmKeyInfo.java:getCodec(71)) - OmKeyInfo.getCodec ignorePipeline = true
2023-07-18 19:31:21,925 [main] INFO  om.OzoneManager (OzoneManager.java:instantiateServices(791)) - S3 Multi-Tenancy is disabled
2023-07-18 19:31:21,926 [main] INFO  om.OmSnapshotManager (OmSnapshotManager.java:<init>(175)) - Ozone filesystem snapshot feature is enabled.
2023-07-18 19:31:21,930 [main] WARN  server.ServerUtils (ServerUtils.java:getDBPath(311)) - ozone.om.snapshot.diff.db.dir is not configured. We recommend adding this setting. Falling back to ozone.metadata.dirs instead.
2023-07-18 19:31:21,974 [main] INFO  snapshot.SnapshotDiffManager (SnapshotDiffManager.java:closeExecutorService(1720)) - Shutting down executorService: 'SstDumpToolExecutor'
2023-07-18 19:31:21,991 [main] WARN  server.ServerUtils (ServerUtils.java:getDefaultRatisDirectory(323)) - Storage directory for Ratis is not configured. It is a good idea to map this to an SSD disk. Falling back to ozone.metadata.dirs
2023-07-18 19:31:21,995 [main] INFO  ratis.OzoneManagerRatisServer (OzoneManagerRatisServer.java:<init>(163)) - Instantiating OM Ratis server with groupID: omServiceIdDefault and peers: localhost:15007
2023-07-18 19:31:21,996 [main] INFO  ratis.OzoneManagerStateMachine (OzoneManagerStateMachine.java:loadSnapshotInfoFromDB(670)) - LastAppliedIndex is set from TransactionInfo from OM DB as (t:1, i:16014)
2023-07-18 19:31:21,996 [main] INFO  server.RaftServer (ConfUtils.java:logGet(46)) - raft.rpc.type = GRPC (default)
2023-07-18 19:31:21,997 [main] INFO  grpc.GrpcConfigKeys (ConfUtils.java:logFallback(53)) - raft.grpc.admin.host = null (fallback to raft.grpc.server.host)
2023-07-18 19:31:21,997 [main] INFO  grpc.GrpcConfigKeys (ConfUtils.java:logFallback(53)) - raft.grpc.admin.port = 15007 (fallback to raft.grpc.server.port)
2023-07-18 19:31:21,997 [main] INFO  grpc.GrpcConfigKeys (ConfUtils.java:logFallback(53)) - raft.grpc.client.host = null (fallback to raft.grpc.server.host)
2023-07-18 19:31:21,997 [main] INFO  grpc.GrpcConfigKeys (ConfUtils.java:logFallback(53)) - raft.grpc.client.port = 15007 (fallback to raft.grpc.server.port)
2023-07-18 19:31:21,998 [main] INFO  grpc.GrpcConfigKeys (ConfUtils.java:logGet(46)) - raft.grpc.server.host = null (default)
2023-07-18 19:31:21,998 [main] INFO  grpc.GrpcConfigKeys (ConfUtils.java:logGet(46)) - raft.grpc.server.port = 15007 (custom)
2023-07-18 19:31:21,998 [main] INFO  server.GrpcService (ConfUtils.java:logGet(46)) - raft.grpc.message.size.max = 33554432 (custom)
2023-07-18 19:31:21,998 [main] INFO  server.RaftServerConfigKeys (ConfUtils.java:logGet(46)) - raft.server.log.appender.buffer.byte-limit = 33554432 (custom)
2023-07-18 19:31:21,998 [main] INFO  server.GrpcService (ConfUtils.java:logGet(46)) - raft.grpc.flow.control.window = 1MB (=1048576) (default)
2023-07-18 19:31:21,999 [main] INFO  server.RaftServerConfigKeys (ConfUtils.java:logGet(46)) - raft.server.rpc.request.timeout = 3000ms (default)
2023-07-18 19:31:21,999 [main] INFO  grpc.GrpcConfigKeys (ConfUtils.java:logGet(46)) - raft.grpc.server.heartbeat.channel = true (default)
2023-07-18 19:31:21,999 [main] INFO  grpc.GrpcConfigKeys (ConfUtils.java:logGet(46)) - raft.grpc.server.async.request.thread.pool.cached = true (default)
2023-07-18 19:31:21,999 [main] INFO  grpc.GrpcConfigKeys (ConfUtils.java:logGet(46)) - raft.grpc.server.async.request.thread.pool.size = 32 (default)
2023-07-18 19:31:22,001 [main] INFO  impl.DataStreamServerImpl (ConfUtils.java:logGet(46)) - raft.datastream.type = DISABLED (default)
2023-07-18 19:31:22,001 [main] INFO  server.RaftServerConfigKeys (ConfUtils.java:logGet(46)) - raft.server.threadpool.proxy.cached = true (default)
2023-07-18 19:31:22,002 [main] INFO  server.RaftServerConfigKeys (ConfUtils.java:logGet(46)) - raft.server.threadpool.proxy.size = 0 (default)
2023-07-18 19:31:22,002 [main] INFO  server.RaftServerConfigKeys (ConfUtils.java:logGet(46)) - raft.server.rpc.slowness.timeout = 120s (custom)
2023-07-18 19:31:22,002 [main] INFO  server.RaftServerConfigKeys (ConfUtils.java:logGet(46)) - raft.server.leaderelection.leader.step-down.wait-time = 10s (default)
2023-07-18 19:31:22,002 [main] INFO  server.RaftServerConfigKeys (ConfUtils.java:logGet(46)) - raft.server.storage.dir = [/home/runner/work/ozone/ozone/hadoop-ozone/integration-test/target/test-dir/MiniOzoneClusterImpl-6b031341-d507-43af-b1f0-ac2f4105ef04/ozone-meta/ratis] (custom)
2023-07-18 19:31:22,003 [om1-impl-thread1] INFO  server.RaftServer (RaftServerProxy.java:initGroupDir(258)) - om1: found a subdirectory /home/runner/work/ozone/ozone/hadoop-ozone/integration-test/target/test-dir/MiniOzoneClusterImpl-6b031341-d507-43af-b1f0-ac2f4105ef04/ozone-meta/ratis/bf265839-605b-3f16-9796-c5ba1605619e
2023-07-18 19:31:22,004 [main] INFO  server.RaftServer (RaftServerProxy.java:addNew(98)) - om1: addNew group-C5BA1605619E:[om1|rpc:localhost:15007|priority:0|startupRole:FOLLOWER] returns group-C5BA1605619E:java.util.concurrent.CompletableFuture@6d80b629[Not completed]
2023-07-18 19:31:22,004 [om1-groupManagement] INFO  server.RaftServer$Division (RaftServerImpl.java:<init>(198)) - om1: new RaftServerImpl for group-C5BA1605619E:[om1|rpc:localhost:15007|priority:0|startupRole:FOLLOWER] with OzoneManagerStateMachine:uninitialized
2023-07-18 19:31:22,004 [main] INFO  om.OzoneManager (OzoneManager.java:initializeRatisServer(2137)) - OzoneManager Ratis server initialized at port 15007
2023-07-18 19:31:22,004 [om1-groupManagement] INFO  server.RaftServerConfigKeys (ConfUtils.java:logGet(46)) - raft.server.rpc.timeout.min = 1s (custom)
2023-07-18 19:31:22,004 [main] INFO  ratis.OzoneManagerRatisServer (OzoneManagerRatisServer.java:start(558)) - Starting OzoneManagerRatisServer om1 at port 15007
2023-07-18 19:31:22,004 [om1-groupManagement] INFO  server.RaftServerConfigKeys (ConfUtils.java:logGet(46)) - raft.server.rpc.timeout.max = 1200ms (custom)
2023-07-18 19:31:22,005 [om1-groupManagement] INFO  server.RaftServerConfigKeys (ConfUtils.java:logGet(46)) - raft.server.rpc.sleep.time = 25ms (default)
2023-07-18 19:31:22,005 [om1-groupManagement] INFO  server.RaftServerConfigKeys (ConfUtils.java:logGet(46)) - raft.server.rpc.slowness.timeout = 120s (custom)
2023-07-18 19:31:22,005 [om1-groupManagement] INFO  server.RaftServerConfigKeys (ConfUtils.java:logGet(46)) - raft.server.leaderelection.leader.step-down.wait-time = 10s (default)
2023-07-18 19:31:22,005 [om1-groupManagement] INFO  server.RaftServerConfigKeys (ConfUtils.java:logGet(46)) - raft.server.sleep.deviation.threshold = 300ms (default)
2023-07-18 19:31:22,005 [om1-groupManagement] INFO  server.RaftServer$Division (ServerState.java:<init>(120)) - om1@group-C5BA1605619E: ConfigurationManager, init=-1: peers:[om1|rpc:localhost:15007|priority:0|startupRole:FOLLOWER]|listeners:[], old=null, confs=<EMPTY_MAP>
2023-07-18 19:31:22,005 [om1-groupManagement] INFO  server.RaftServerConfigKeys (ConfUtils.java:logGet(46)) - raft.server.storage.dir = [/home/runner/work/ozone/ozone/hadoop-ozone/integration-test/target/test-dir/MiniOzoneClusterImpl-6b031341-d507-43af-b1f0-ac2f4105ef04/ozone-meta/ratis] (custom)
2023-07-18 19:31:22,005 [om1-groupManagement] INFO  server.RaftServerConfigKeys (ConfUtils.java:logGet(46)) - raft.server.log.corruption.policy = EXCEPTION (default)
2023-07-18 19:31:22,006 [om1-groupManagement] INFO  server.RaftServerConfigKeys (ConfUtils.java:logGet(46)) - raft.server.storage.free-space.min = 0MB (=0) (default)
2023-07-18 19:31:22,006 [om1-groupManagement] INFO  server.RaftServerConfigKeys (ConfUtils.java:logGet(46)) - raft.server.notification.no-leader.timeout = 120s (custom)
2023-07-18 19:31:22,006 [om1-groupManagement] INFO  server.RaftServerConfigKeys (ConfUtils.java:logGet(46)) - raft.server.read.timeout = 10s (default)
2023-07-18 19:31:22,006 [om1-groupManagement] INFO  server.RaftServerConfigKeys (ConfUtils.java:logGet(46)) - raft.server.retrycache.expirytime = 300s (custom)
2023-07-18 19:31:22,006 [om1-groupManagement] INFO  server.RaftServerConfigKeys (ConfUtils.java:logGet(46)) - raft.server.retrycache.statistics.expirytime = 100μs (default)
2023-07-18 19:31:22,006 [om1-groupManagement] INFO  server.RaftServerConfigKeys (ConfUtils.java:logGet(46)) - raft.server.read.option = DEFAULT (default)
2023-07-18 19:31:22,007 [om1-groupManagement] INFO  server.RaftServerConfigKeys (ConfUtils.java:logGet(46)) - raft.server.rpc.request.timeout = 3000ms (default)
2023-07-18 19:31:22,007 [om1-groupManagement] INFO  server.RaftServerConfigKeys (ConfUtils.java:logGet(46)) - raft.server.log.appender.install.snapshot.enabled = false (custom)
2023-07-18 19:31:22,007 [om1-groupManagement] INFO  server.RaftServerConfigKeys (ConfUtils.java:logGet(46)) - raft.server.threadpool.server.cached = true (default)
2023-07-18 19:31:22,007 [om1-groupManagement] INFO  server.RaftServerConfigKeys (ConfUtils.java:logGet(46)) - raft.server.threadpool.server.size = 0 (default)
2023-07-18 19:31:22,007 [om1-groupManagement] INFO  server.RaftServerConfigKeys (ConfUtils.java:logGet(46)) - raft.server.threadpool.client.cached = true (default)
2023-07-18 19:31:22,008 [om1-groupManagement] INFO  server.RaftServerConfigKeys (ConfUtils.java:logGet(46)) - raft.server.threadpool.client.size = 0 (default)
2023-07-18 19:31:22,015 [om1-impl-thread1] INFO  storage.RaftStorageDirectory (RaftStorageDirectoryImpl.java:tryLock(231)) - Lock on /home/runner/work/ozone/ozone/hadoop-ozone/integration-test/target/test-dir/MiniOzoneClusterImpl-6b031341-d507-43af-b1f0-ac2f4105ef04/ozone-meta/ratis/bf265839-605b-3f16-9796-c5ba1605619e/in_use.lock acquired by nodename 29621@fv-az613-641
2023-07-18 19:31:22,017 [om1-impl-thread1] INFO  storage.RaftStorage (RaftStorageImpl.java:analyzeAndRecoverStorage(117)) - Read RaftStorageMetadata{term=1, votedFor=om1} from /home/runner/work/ozone/ozone/hadoop-ozone/integration-test/target/test-dir/MiniOzoneClusterImpl-6b031341-d507-43af-b1f0-ac2f4105ef04/ozone-meta/ratis/bf265839-605b-3f16-9796-c5ba1605619e/current/raft-meta
2023-07-18 19:31:22,020 [om1-impl-thread1] INFO  server.RaftServer$Division (ServerState.java:setRaftConf(434)) - om1@group-C5BA1605619E: set configuration 0: peers:[om1|rpc:localhost:15007|admin:|client:|dataStream:|priority:0|startupRole:FOLLOWER]|listeners:[], old=null
2023-07-18 19:31:22,020 [om1-impl-thread1] INFO  server.RaftServerConfigKeys (ConfUtils.java:logGet(46)) - raft.server.log.use.memory = false (default)
2023-07-18 19:31:22,020 [om1-impl-thread1] INFO  server.RaftServerConfigKeys (ConfUtils.java:logGet(46)) - raft.server.log.purge.gap = 1000000 (custom)
2023-07-18 19:31:22,020 [om1-impl-thread1] INFO  server.RaftServerConfigKeys (ConfUtils.java:logGet(46)) - raft.server.log.appender.buffer.byte-limit = 33554432 (custom)
2023-07-18 19:31:22,020 [om1-impl-thread1] INFO  server.RaftServerConfigKeys (ConfUtils.java:logGet(46)) - raft.server.log.statemachine.data.read.timeout = 1000ms (default)
2023-07-18 19:31:22,020 [om1-impl-thread1] INFO  server.RaftServerConfigKeys (ConfUtils.java:logGet(46)) - raft.server.log.purge.preservation.log.num = 0 (default)
2023-07-18 19:31:22,021 [om1-impl-thread1] INFO  server.RaftServerConfigKeys (ConfUtils.java:logGet(46)) - raft.server.log.segment.size.max = 4194304 (custom)
2023-07-18 19:31:22,021 [om1-impl-thread1] INFO  server.RaftServerConfigKeys (ConfUtils.java:logGet(46)) - raft.server.log.segment.cache.num.max = 2 (custom)
2023-07-18 19:31:22,021 [om1-impl-thread1] INFO  server.RaftServerConfigKeys (ConfUtils.java:logGet(46)) - raft.server.log.segment.cache.size.max = 200MB (=209715200) (default)
2023-07-18 19:31:22,022 [om1-impl-thread1] INFO  server.RaftServerConfigKeys (ConfUtils.java:logGet(46)) - raft.server.log.appender.buffer.byte-limit = 33554432 (custom)
2023-07-18 19:31:22,022 [om1-impl-thread1] INFO  segmented.SegmentedRaftLogWorker (SegmentedRaftLogWorker.java:<init>(188)) - new om1@group-C5BA1605619E-SegmentedRaftLogWorker for RaftStorageImpl:Storage Directory /home/runner/work/ozone/ozone/hadoop-ozone/integration-test/target/test-dir/MiniOzoneClusterImpl-6b031341-d507-43af-b1f0-ac2f4105ef04/ozone-meta/ratis/bf265839-605b-3f16-9796-c5ba1605619e
2023-07-18 19:31:22,022 [om1-impl-thread1] INFO  server.RaftServerConfigKeys (ConfUtils.java:logGet(46)) - raft.server.log.queue.byte-limit = 64MB (=67108864) (default)
2023-07-18 19:31:22,022 [om1-impl-thread1] INFO  server.RaftServerConfigKeys (ConfUtils.java:logGet(46)) - raft.server.log.queue.element-limit = 4096 (default)
2023-07-18 19:31:22,022 [om1-impl-thread1] INFO  server.RaftServerConfigKeys (ConfUtils.java:logGet(46)) - raft.server.log.segment.size.max = 4194304 (custom)
2023-07-18 19:31:22,022 [om1-impl-thread1] INFO  server.RaftServerConfigKeys (ConfUtils.java:logGet(46)) - raft.server.log.preallocated.size = 4194304 (custom)
2023-07-18 19:31:22,022 [om1-impl-thread1] INFO  server.RaftServerConfigKeys (ConfUtils.java:logGet(46)) - raft.server.log.force.sync.num = 128 (default)
2023-07-18 19:31:22,022 [om1-impl-thread1] INFO  server.RaftServerConfigKeys (ConfUtils.java:logGet(46)) - raft.server.log.statemachine.data.sync = true (default)
2023-07-18 19:31:22,023 [om1-impl-thread1] INFO  server.RaftServerConfigKeys (ConfUtils.java:logGet(46)) - raft.server.log.statemachine.data.sync.timeout = 10s (default)
2023-07-18 19:31:22,023 [om1-impl-thread1] INFO  server.RaftServerConfigKeys (ConfUtils.java:logGet(46)) - raft.server.log.statemachine.data.sync.timeout.retry = -1 (default)
2023-07-18 19:31:22,024 [om1-impl-thread1] INFO  server.RaftServerConfigKeys (ConfUtils.java:logGet(46)) - raft.server.log.write.buffer.size = 64KB (=65536) (default)
2023-07-18 19:31:22,024 [om1-impl-thread1] INFO  server.RaftServerConfigKeys (ConfUtils.java:logGet(46)) - raft.server.log.appender.buffer.byte-limit = 33554432 (custom)
2023-07-18 19:31:22,030 [om1-impl-thread1] INFO  server.RaftServerConfigKeys (ConfUtils.java:logGet(46)) - raft.server.log.unsafe-flush.enabled = false (default)
2023-07-18 19:31:22,030 [om1-impl-thread1] INFO  server.RaftServerConfigKeys (ConfUtils.java:logGet(46)) - raft.server.log.async-flush.enabled = false (default)
2023-07-18 19:31:22,030 [om1-impl-thread1] INFO  server.RaftServerConfigKeys (ConfUtils.java:logGet(46)) - raft.server.log.statemachine.data.caching.enabled = false (default)
2023-07-18 19:31:22,037 [om1-impl-thread1] INFO  server.RaftServer$Division (ServerState.java:setRaftConf(434)) - om1@group-C5BA1605619E: set configuration 0: peers:[om1|rpc:localhost:15007|admin:|client:|dataStream:|priority:0|startupRole:FOLLOWER]|listeners:[], old=null
2023-07-18 19:31:22,156 [om1-impl-thread1] INFO  segmented.LogSegment (LogSegment.java:loadSegment(170)) - Successfully read 11145 entries from segment file /home/runner/work/ozone/ozone/hadoop-ozone/integration-test/target/test-dir/MiniOzoneClusterImpl-6b031341-d507-43af-b1f0-ac2f4105ef04/ozone-meta/ratis/bf265839-605b-3f16-9796-c5ba1605619e/current/log_0-11144
2023-07-18 19:31:22,183 [om1-impl-thread1] INFO  segmented.LogSegment (LogSegment.java:loadSegment(170)) - Successfully read 4870 entries from segment file /home/runner/work/ozone/ozone/hadoop-ozone/integration-test/target/test-dir/MiniOzoneClusterImpl-6b031341-d507-43af-b1f0-ac2f4105ef04/ozone-meta/ratis/bf265839-605b-3f16-9796-c5ba1605619e/current/log_inprogress_11145
2023-07-18 19:31:22,184 [om1-impl-thread1] INFO  segmented.SegmentedRaftLogWorker (SegmentedRaftLogWorker.java:lambda$new$0(135)) - om1@group-C5BA1605619E-SegmentedRaftLogWorker: flushIndex: setUnconditionally 0 -> 16014
2023-07-18 19:31:22,184 [om1-impl-thread1] INFO  segmented.SegmentedRaftLogWorker (SegmentedRaftLogWorker.java:lambda$new$0(135)) - om1@group-C5BA1605619E-SegmentedRaftLogWorker: safeCacheEvictIndex: setUnconditionally 0 -> 11144
2023-07-18 19:31:22,185 [om1-impl-thread1] INFO  server.RaftServer$Division (RaftServerImpl.java:start(342)) - om1@group-C5BA1605619E: start as a follower, conf=0: peers:[om1|rpc:localhost:15007|admin:|client:|dataStream:|priority:0|startupRole:FOLLOWER]|listeners:[], old=null
2023-07-18 19:31:22,185 [om1-impl-thread1] INFO  server.RaftServer$Division (RaftServerImpl.java:setRole(329)) - om1@group-C5BA1605619E: changes role from      null to FOLLOWER at term 1 for startAsFollower
2023-07-18 19:31:22,185 [om1-impl-thread1] INFO  impl.RoleInfo (RoleInfo.java:updateAndGet(139)) - om1: start om1@group-C5BA1605619E-FollowerState
2023-07-18 19:31:22,187 [om1-impl-thread1] INFO  util.JmxRegister (JmxRegister.java:tryRegister(44)) - Successfully registered JMX Bean with object name Ratis:service=RaftServer,group=group-C5BA1605619E,id=om1
2023-07-18 19:31:22,187 [om1-impl-thread1] INFO  server.RaftServerConfigKeys (ConfUtils.java:logGet(46)) - raft.server.snapshot.auto.trigger.enabled = true (custom)
2023-07-18 19:31:22,187 [om1-impl-thread1] INFO  server.RaftServerConfigKeys (ConfUtils.java:logGet(46)) - raft.server.snapshot.auto.trigger.threshold = 400000 (default)
2023-07-18 19:31:22,187 [om1-impl-thread1] INFO  server.RaftServerConfigKeys (ConfUtils.java:logGet(46)) - raft.server.snapshot.retention.file.num = -1 (default)
2023-07-18 19:31:22,188 [om1-impl-thread1] INFO  server.RaftServerConfigKeys (ConfUtils.java:logGet(46)) - raft.server.log.purge.upto.snapshot.index = true (custom)
2023-07-18 19:31:22,189 [om1@group-C5BA1605619E-FollowerState] INFO  server.RaftServerConfigKeys (ConfUtils.java:logFallback(53)) - raft.server.rpc.first-election.timeout.min = 1s (fallback to raft.server.rpc.timeout.min)
2023-07-18 19:31:22,189 [om1@group-C5BA1605619E-FollowerState] INFO  server.RaftServerConfigKeys (ConfUtils.java:logFallback(53)) - raft.server.rpc.first-election.timeout.max = 1200ms (fallback to raft.server.rpc.timeout.max)
2023-07-18 19:31:22,192 [main] INFO  server.RaftServer (RaftServerProxy.java:startImpl(400)) - om1: start RPC server
2023-07-18 19:31:22,195 [main] INFO  server.GrpcService (GrpcService.java:startImpl(302)) - om1: GrpcService started, listening on 15007
2023-07-18 19:31:22,196 [main] INFO  om.OzoneManager (OzoneManager.java:getRpcServer(1192)) - Creating RPC Server
2023-07-18 19:31:22,198 [JvmPauseMonitor5] INFO  util.JvmPauseMonitor (JvmPauseMonitor.java:run(103)) - JvmPauseMonitor-om1: Started
2023-07-18 19:31:22,805 [main] INFO  reflections.Reflections (Reflections.java:scan(232)) - Reflections took 608 ms to scan 19 urls, producing 70 keys and 5547 values [using 2 cores]
2023-07-18 19:31:22,810 [main] INFO  ipc.CallQueueManager (CallQueueManager.java:<init>(90)) - Using callQueue: class java.util.concurrent.LinkedBlockingQueue, queueCapacity: 2000, scheduler: class org.apache.hadoop.ipc.DefaultRpcScheduler, ipcBackoff: false.
2023-07-18 19:31:22,811 [main] INFO  ipc.Server (Server.java:<init>(1287)) - Listener at localhost:15004
2023-07-18 19:31:22,813 [Socket Reader #1 for port 15004] INFO  ipc.Server (Server.java:run(1323)) - Starting Socket Reader #1 for port 15004
2023-07-18 19:31:22,830 [main] INFO  http.BaseHttpServer (BaseHttpServer.java:newHttpServer2BuilderForOzone(224)) - Starting Web-server for ozoneManager at: http://0.0.0.0:15005
2023-07-18 19:31:22,830 [main] INFO  http.BaseHttpServer (BaseHttpServer.java:<init>(111)) - Hadoop Security Enabled: false Ozone Security Enabled: false Ozone HTTP Security Enabled: false 
2023-07-18 19:31:22,832 [main] WARN  server.AuthenticationFilter (AuthenticationFilter.java:constructSecretProvider(240)) - Unable to initialize FileSignerSecretProvider, falling back to use random secrets. Reason: Could not read signature secret file: /home/runner/hadoop-http-auth-signature-secret
2023-07-18 19:31:22,838 [main] INFO  http.HttpRequestLog (HttpRequestLog.java:getRequestLog(86)) - Http request log for http.requests.ozoneManager is not defined
2023-07-18 19:31:22,845 [main] INFO  http.HttpServer2 (HttpServer2.java:addGlobalFilter(1031)) - Added global filter 'safety' (class=org.apache.hadoop.hdds.server.http.HttpServer2$QuotingInputFilter)
2023-07-18 19:31:22,846 [main] INFO  http.HttpServer2 (HttpServer2.java:addFilter(1007)) - Added filter static_user_filter (class=org.apache.hadoop.http.lib.StaticUserWebFilter$StaticUserFilter) to context ozoneManager
2023-07-18 19:31:22,846 [main] INFO  http.HttpServer2 (HttpServer2.java:addFilter(1015)) - Added filter static_user_filter (class=org.apache.hadoop.http.lib.StaticUserWebFilter$StaticUserFilter) to context logs
2023-07-18 19:31:22,846 [main] INFO  http.HttpServer2 (HttpServer2.java:addFilter(1015)) - Added filter static_user_filter (class=org.apache.hadoop.http.lib.StaticUserWebFilter$StaticUserFilter) to context static
2023-07-18 19:31:22,847 [main] INFO  http.BaseHttpServer (BaseHttpServer.java:<init>(190)) - HTTP server of ozoneManager uses base directory /home/runner/work/ozone/ozone/hadoop-ozone/integration-test/target/test-dir/MiniOzoneClusterImpl-6b031341-d507-43af-b1f0-ac2f4105ef04/ozone-meta/webserver
2023-07-18 19:31:22,848 [main] INFO  http.HttpServer2 (HttpServer2.java:bindListener(1250)) - Jetty bound to port 15005
2023-07-18 19:31:22,848 [main] INFO  server.Server (Server.java:doStart(375)) - jetty-9.4.51.v20230217; built: 2023-02-17T08:19:37.309Z; git: b45c405e4544384de066f814ed42ae3dceacdd49; jvm 1.8.0_372-b07
2023-07-18 19:31:22,854 [main] INFO  server.session (DefaultSessionIdManager.java:doStart(334)) - DefaultSessionIdManager workerName=node0
2023-07-18 19:31:22,854 [main] INFO  server.session (DefaultSessionIdManager.java:doStart(339)) - No SessionScavenger set, using defaults
2023-07-18 19:31:22,855 [main] INFO  server.session (HouseKeeper.java:startScavenging(132)) - node0 Scavenging every 600000ms
2023-07-18 19:31:22,856 [main] INFO  handler.ContextHandler (ContextHandler.java:doStart(921)) - Started o.e.j.s.ServletContextHandler@5e58c684{logs,/logs,file:///home/runner/work/ozone/ozone/hadoop-ozone/integration-test/target/log,AVAILABLE}
2023-07-18 19:31:22,856 [main] INFO  handler.ContextHandler (ContextHandler.java:doStart(921)) - Started o.e.j.s.ServletContextHandler@4b1ba6a6{static,/static,file:///home/runner/work/ozone/ozone/hadoop-ozone/integration-test/target/test-classes/webapps/static,AVAILABLE}
2023-07-18 19:31:22,865 [main] INFO  handler.ContextHandler (ContextHandler.java:doStart(921)) - Started o.e.j.w.WebAppContext@654a3f0b{ozoneManager,/,file:///home/runner/work/ozone/ozone/hadoop-ozone/integration-test/target/test-classes/webapps/ozoneManager/,AVAILABLE}{file:/home/runner/work/ozone/ozone/hadoop-ozone/integration-test/target/test-classes/webapps/ozoneManager}
2023-07-18 19:31:22,867 [main] INFO  server.AbstractConnector (AbstractConnector.java:doStart(333)) - Started ServerConnector@11c40102{HTTP/1.1, (http/1.1)}{0.0.0.0:15005}
2023-07-18 19:31:22,871 [main] INFO  server.Server (Server.java:doStart(415)) - Started @71220ms
2023-07-18 19:31:22,871 [main] WARN  impl.MetricsSystemImpl (MetricsSystemImpl.java:register(279)) - Sink prometheus already exists!
2023-07-18 19:31:22,872 [main] INFO  http.BaseHttpServer (BaseHttpServer.java:updateConnectorAddress(344)) - HTTP server of ozoneManager listening at http://0.0.0.0:15005
2023-07-18 19:31:22,873 [IPC Server Responder] INFO  ipc.Server (Server.java:run(1562)) - IPC Server Responder: starting
2023-07-18 19:31:22,875 [IPC Server listener on 15004] INFO  ipc.Server (Server.java:run(1402)) - IPC Server listener on 15004: starting
2023-07-18 19:31:22,878 [main] INFO  om.OzoneManager (OzoneManager.java:startTrashEmptier(2090)) - Trash Interval set to 0. Files deleted won't move to trash
2023-07-18 19:31:22,879 [main] INFO  snapshot.SnapshotCache (SnapshotCache.java:lambda$1(166)) - Loading snapshot. Table key: /vol-0-02099/bucket-0-33758/snap1
2023-07-18 19:31:22,879 [main] WARN  server.ServerUtils (ServerUtils.java:getDBPath(311)) - ozone.om.db.dirs is not configured. We recommend adding this setting. Falling back to ozone.metadata.dirs instead.
2023-07-18 19:31:22,880 [main] INFO  helpers.OmKeyInfo (OmKeyInfo.java:getCodec(71)) - OmKeyInfo.getCodec ignorePipeline = true
2023-07-18 19:31:22,958 [main] INFO  snapshot.SnapshotCache (SnapshotCache.java:lambda$1(166)) - Loading snapshot. Table key: /vol-0-02099/bucket-0-33758/snap2
2023-07-18 19:31:22,958 [main] WARN  server.ServerUtils (ServerUtils.java:getDBPath(311)) - ozone.om.db.dirs is not configured. We recommend adding this setting. Falling back to ozone.metadata.dirs instead.
2023-07-18 19:31:22,960 [main] INFO  helpers.OmKeyInfo (OmKeyInfo.java:getCodec(71)) - OmKeyInfo.getCodec ignorePipeline = true
2023-07-18 19:31:23,016 [main] WARN  server.ServerUtils (ServerUtils.java:getDBPath(311)) - ozone.om.db.dirs is not configured. We recommend adding this setting. Falling back to ozone.metadata.dirs instead.
2023-07-18 19:31:23,017 [main] WARN  server.ServerUtils (ServerUtils.java:getDBPath(311)) - ozone.om.db.dirs is not configured. We recommend adding this setting. Falling back to ozone.metadata.dirs instead.
2023-07-18 19:31:23,017 [main] INFO  snapshot.SnapshotCache (SnapshotCache.java:lambda$1(166)) - Loading snapshot. Table key: /vol-0-02099/bucket-0-33758/snap3
2023-07-18 19:31:23,018 [main] WARN  server.ServerUtils (ServerUtils.java:getDBPath(311)) - ozone.om.db.dirs is not configured. We recommend adding this setting. Falling back to ozone.metadata.dirs instead.
2023-07-18 19:31:23,019 [main] INFO  helpers.OmKeyInfo (OmKeyInfo.java:getCodec(71)) - OmKeyInfo.getCodec ignorePipeline = true
2023-07-18 19:31:23,079 [main] WARN  server.ServerUtils (ServerUtils.java:getDBPath(311)) - ozone.om.db.dirs is not configured. We recommend adding this setting. Falling back to ozone.metadata.dirs instead.
]]></system-out>
  </testcase>
</testsuite>